<?xml version="1.0" encoding="UTF-8"?>
<testsuite xmlns:xsi="http://www.w3.org/2001/XMLSchema-instance" xsi:noNamespaceSchemaLocation="https://maven.apache.org/surefire/maven-surefire-plugin/xsd/surefire-test-report.xsd" name="org.apache.hadoop.ozone.freon.TestRandomKeyGenerator" time="116.26" tests="5" errors="1" skipped="0" failures="0">
  <properties>
    <property name="awt.toolkit" value="sun.awt.X11.XToolkit"/>
    <property name="file.encoding.pkg" value="sun.io"/>
    <property name="java.specification.version" value="1.8"/>
    <property name="sun.cpu.isalist" value=""/>
    <property name="sun.jnu.encoding" value="UTF-8"/>
    <property name="java.class.path" value="/tmp/workdir/hadoop-ozone/tools/target/test-classes:/tmp/workdir/hadoop-ozone/tools/target/classes:/tmp/workdir/hadoop-ozone/ozone-manager/target/classes:/tmp/workdir/hadoop-hdds/docs/target/classes:/home/user/.m2/repository/org/bouncycastle/bcprov-jdk15on/1.60/bcprov-jdk15on-1.60.jar:/tmp/workdir/hadoop-ozone/common/target/classes:/home/user/.m2/repository/org/apache/commons/commons-compress/1.4.1/commons-compress-1.4.1.jar:/home/user/.m2/repository/org/tukaani/xz/1.0/xz-1.0.jar:/home/user/.m2/repository/org/apache/hadoop/hadoop-hdfs-client/3.2.0/hadoop-hdfs-client-3.2.0.jar:/home/user/.m2/repository/com/fasterxml/jackson/core/jackson-annotations/2.9.5/jackson-annotations-2.9.5.jar:/tmp/workdir/hadoop-hdds/common/target/classes:/tmp/workdir/hadoop-hdds/config/target/classes:/home/user/.m2/repository/javax/annotation/javax.annotation-api/1.2/javax.annotation-api-1.2.jar:/home/user/.m2/repository/org/apache/ratis/ratis-server/0.4.0-2337318-SNAPSHOT/ratis-server-0.4.0-2337318-SNAPSHOT.jar:/home/user/.m2/repository/org/apache/ratis/ratis-thirdparty-misc/0.2.0/ratis-thirdparty-misc-0.2.0.jar:/home/user/.m2/repository/org/apache/ratis/ratis-proto/0.4.0-2337318-SNAPSHOT/ratis-proto-0.4.0-2337318-SNAPSHOT.jar:/home/user/.m2/repository/org/apache/ratis/ratis-common/0.4.0-2337318-SNAPSHOT/ratis-common-0.4.0-2337318-SNAPSHOT.jar:/home/user/.m2/repository/org/apache/ratis/ratis-client/0.4.0-2337318-SNAPSHOT/ratis-client-0.4.0-2337318-SNAPSHOT.jar:/home/user/.m2/repository/org/apache/ratis/ratis-metrics/0.4.0-2337318-SNAPSHOT/ratis-metrics-0.4.0-2337318-SNAPSHOT.jar:/home/user/.m2/repository/org/apache/ratis/ratis-netty/0.4.0-2337318-SNAPSHOT/ratis-netty-0.4.0-2337318-SNAPSHOT.jar:/home/user/.m2/repository/org/apache/ratis/ratis-grpc/0.4.0-2337318-SNAPSHOT/ratis-grpc-0.4.0-2337318-SNAPSHOT.jar:/home/user/.m2/repository/org/rocksdb/rocksdbjni/6.0.1/rocksdbjni-6.0.1.jar:/home/user/.m2/repository/org/apache/logging/log4j/log4j-api/2.11.0/log4j-api-2.11.0.jar:/home/user/.m2/repository/org/apache/logging/log4j/log4j-core/2.11.0/log4j-core-2.11.0.jar:/home/user/.m2/repository/com/lmax/disruptor/3.4.2/disruptor-3.4.2.jar:/home/user/.m2/repository/org/apache/commons/commons-pool2/2.6.0/commons-pool2-2.6.0.jar:/home/user/.m2/repository/org/bouncycastle/bcpkix-jdk15on/1.60/bcpkix-jdk15on-1.60.jar:/home/user/.m2/repository/commons-validator/commons-validator/1.6/commons-validator-1.6.jar:/home/user/.m2/repository/commons-digester/commons-digester/1.8.1/commons-digester-1.8.1.jar:/home/user/.m2/repository/io/jaegertracing/jaeger-client/0.33.1/jaeger-client-0.33.1.jar:/home/user/.m2/repository/io/jaegertracing/jaeger-thrift/0.33.1/jaeger-thrift-0.33.1.jar:/home/user/.m2/repository/org/apache/thrift/libthrift/0.11.0/libthrift-0.11.0.jar:/home/user/.m2/repository/com/squareup/okhttp3/okhttp/3.9.0/okhttp-3.9.0.jar:/home/user/.m2/repository/com/squareup/okio/okio/1.13.0/okio-1.13.0.jar:/home/user/.m2/repository/io/jaegertracing/jaeger-core/0.33.1/jaeger-core-0.33.1.jar:/home/user/.m2/repository/io/jaegertracing/jaeger-tracerresolver/0.33.1/jaeger-tracerresolver-0.33.1.jar:/home/user/.m2/repository/io/opentracing/contrib/opentracing-tracerresolver/0.1.5/opentracing-tracerresolver-0.1.5.jar:/home/user/.m2/repository/io/opentracing/opentracing-util/0.31.0/opentracing-util-0.31.0.jar:/home/user/.m2/repository/io/opentracing/opentracing-api/0.31.0/opentracing-api-0.31.0.jar:/home/user/.m2/repository/io/opentracing/opentracing-noop/0.31.0/opentracing-noop-0.31.0.jar:/home/user/.m2/repository/org/yaml/snakeyaml/1.16/snakeyaml-1.16.jar:/tmp/workdir/hadoop-hdds/container-service/target/classes:/tmp/workdir/hadoop-hdds/client/target/classes:/tmp/workdir/hadoop-hdds/tools/target/classes:/home/user/.m2/repository/org/xerial/sqlite-jdbc/3.25.2/sqlite-jdbc-3.25.2.jar:/tmp/workdir/hadoop-hdds/server-scm/target/classes:/home/user/.m2/repository/org/hamcrest/hamcrest-all/1.3/hamcrest-all-1.3.jar:/home/user/.m2/repository/info/picocli/picocli/3.9.6/picocli-3.9.6.jar:/home/user/.m2/repository/com/google/protobuf/protobuf-java/2.5.0/protobuf-java-2.5.0.jar:/home/user/.m2/repository/com/google/guava/guava/11.0.2/guava-11.0.2.jar:/tmp/workdir/hadoop-ozone/client/target/classes:/home/user/.m2/repository/org/apache/hadoop/hadoop-ozone-filesystem/0.5.0-SNAPSHOT/hadoop-ozone-filesystem-0.5.0-SNAPSHOT.jar:/tmp/workdir/hadoop-hdds/framework/target/classes:/home/user/.m2/repository/org/apache/hadoop/hadoop-common/3.2.0/hadoop-common-3.2.0.jar:/home/user/.m2/repository/org/apache/hadoop/hadoop-annotations/3.2.0/hadoop-annotations-3.2.0.jar:/usr/lib/jvm/java-1.8-openjdk/jre/../lib/tools.jar:/home/user/.m2/repository/commons-cli/commons-cli/1.2/commons-cli-1.2.jar:/home/user/.m2/repository/org/apache/commons/commons-math3/3.1.1/commons-math3-3.1.1.jar:/home/user/.m2/repository/org/apache/httpcomponents/httpclient/4.5.2/httpclient-4.5.2.jar:/home/user/.m2/repository/org/apache/httpcomponents/httpcore/4.4.4/httpcore-4.4.4.jar:/home/user/.m2/repository/commons-codec/commons-codec/1.11/commons-codec-1.11.jar:/home/user/.m2/repository/commons-io/commons-io/2.5/commons-io-2.5.jar:/home/user/.m2/repository/commons-net/commons-net/3.6/commons-net-3.6.jar:/home/user/.m2/repository/commons-collections/commons-collections/3.2.2/commons-collections-3.2.2.jar:/home/user/.m2/repository/javax/servlet/javax.servlet-api/3.1.0/javax.servlet-api-3.1.0.jar:/home/user/.m2/repository/org/eclipse/jetty/jetty-server/9.3.24.v20180605/jetty-server-9.3.24.v20180605.jar:/home/user/.m2/repository/org/eclipse/jetty/jetty-http/9.3.24.v20180605/jetty-http-9.3.24.v20180605.jar:/home/user/.m2/repository/org/eclipse/jetty/jetty-io/9.3.24.v20180605/jetty-io-9.3.24.v20180605.jar:/home/user/.m2/repository/org/eclipse/jetty/jetty-util/9.3.24.v20180605/jetty-util-9.3.24.v20180605.jar:/home/user/.m2/repository/org/eclipse/jetty/jetty-servlet/9.3.24.v20180605/jetty-servlet-9.3.24.v20180605.jar:/home/user/.m2/repository/org/eclipse/jetty/jetty-security/9.3.24.v20180605/jetty-security-9.3.24.v20180605.jar:/home/user/.m2/repository/org/eclipse/jetty/jetty-webapp/9.3.24.v20180605/jetty-webapp-9.3.24.v20180605.jar:/home/user/.m2/repository/org/eclipse/jetty/jetty-xml/9.3.24.v20180605/jetty-xml-9.3.24.v20180605.jar:/home/user/.m2/repository/javax/servlet/jsp/jsp-api/2.1/jsp-api-2.1.jar:/home/user/.m2/repository/com/sun/jersey/jersey-core/1.19/jersey-core-1.19.jar:/home/user/.m2/repository/javax/ws/rs/jsr311-api/1.1.1/jsr311-api-1.1.1.jar:/home/user/.m2/repository/com/sun/jersey/jersey-servlet/1.19/jersey-servlet-1.19.jar:/home/user/.m2/repository/com/sun/jersey/jersey-json/1.19/jersey-json-1.19.jar:/home/user/.m2/repository/org/codehaus/jettison/jettison/1.1/jettison-1.1.jar:/home/user/.m2/repository/com/sun/xml/bind/jaxb-impl/2.3.0.1/jaxb-impl-2.3.0.1.jar:/home/user/.m2/repository/org/codehaus/jackson/jackson-core-asl/1.9.13/jackson-core-asl-1.9.13.jar:/home/user/.m2/repository/org/codehaus/jackson/jackson-mapper-asl/1.9.13/jackson-mapper-asl-1.9.13.jar:/home/user/.m2/repository/org/codehaus/jackson/jackson-jaxrs/1.9.13/jackson-jaxrs-1.9.13.jar:/home/user/.m2/repository/org/codehaus/jackson/jackson-xc/1.9.13/jackson-xc-1.9.13.jar:/home/user/.m2/repository/com/sun/jersey/jersey-server/1.19/jersey-server-1.19.jar:/home/user/.m2/repository/commons-logging/commons-logging/1.1.3/commons-logging-1.1.3.jar:/home/user/.m2/repository/log4j/log4j/1.2.17/log4j-1.2.17.jar:/home/user/.m2/repository/commons-beanutils/commons-beanutils/1.9.3/commons-beanutils-1.9.3.jar:/home/user/.m2/repository/org/apache/commons/commons-configuration2/2.1.1/commons-configuration2-2.1.1.jar:/home/user/.m2/repository/org/apache/commons/commons-lang3/3.7/commons-lang3-3.7.jar:/home/user/.m2/repository/org/apache/commons/commons-text/1.4/commons-text-1.4.jar:/home/user/.m2/repository/org/slf4j/slf4j-api/1.7.25/slf4j-api-1.7.25.jar:/home/user/.m2/repository/org/slf4j/slf4j-log4j12/1.7.25/slf4j-log4j12-1.7.25.jar:/home/user/.m2/repository/org/apache/avro/avro/1.7.7/avro-1.7.7.jar:/home/user/.m2/repository/com/thoughtworks/paranamer/paranamer/2.3/paranamer-2.3.jar:/home/user/.m2/repository/org/xerial/snappy/snappy-java/1.0.5/snappy-java-1.0.5.jar:/home/user/.m2/repository/com/google/re2j/re2j/1.1/re2j-1.1.jar:/home/user/.m2/repository/com/google/code/gson/gson/2.2.4/gson-2.2.4.jar:/home/user/.m2/repository/org/apache/hadoop/hadoop-auth/3.2.0/hadoop-auth-3.2.0.jar:/home/user/.m2/repository/com/nimbusds/nimbus-jose-jwt/4.41.1/nimbus-jose-jwt-4.41.1.jar:/home/user/.m2/repository/com/github/stephenc/jcip/jcip-annotations/1.0-1/jcip-annotations-1.0-1.jar:/home/user/.m2/repository/net/minidev/json-smart/2.3/json-smart-2.3.jar:/home/user/.m2/repository/net/minidev/accessors-smart/1.2/accessors-smart-1.2.jar:/home/user/.m2/repository/org/apache/curator/curator-framework/2.12.0/curator-framework-2.12.0.jar:/home/user/.m2/repository/com/jcraft/jsch/0.1.54/jsch-0.1.54.jar:/home/user/.m2/repository/org/apache/curator/curator-client/2.12.0/curator-client-2.12.0.jar:/home/user/.m2/repository/org/apache/curator/curator-recipes/2.12.0/curator-recipes-2.12.0.jar:/home/user/.m2/repository/com/google/code/findbugs/jsr305/3.0.0/jsr305-3.0.0.jar:/home/user/.m2/repository/org/apache/htrace/htrace-core4/4.1.0-incubating/htrace-core4-4.1.0-incubating.jar:/home/user/.m2/repository/org/apache/zookeeper/zookeeper/3.4.13/zookeeper-3.4.13.jar:/home/user/.m2/repository/org/apache/yetus/audience-annotations/0.5.0/audience-annotations-0.5.0.jar:/home/user/.m2/repository/org/apache/kerby/kerb-simplekdc/1.0.1/kerb-simplekdc-1.0.1.jar:/home/user/.m2/repository/org/apache/kerby/kerb-client/1.0.1/kerb-client-1.0.1.jar:/home/user/.m2/repository/org/apache/kerby/kerby-config/1.0.1/kerby-config-1.0.1.jar:/home/user/.m2/repository/org/apache/kerby/kerb-core/1.0.1/kerb-core-1.0.1.jar:/home/user/.m2/repository/org/apache/kerby/kerby-pkix/1.0.1/kerby-pkix-1.0.1.jar:/home/user/.m2/repository/org/apache/kerby/kerby-asn1/1.0.1/kerby-asn1-1.0.1.jar:/home/user/.m2/repository/org/apache/kerby/kerby-util/1.0.1/kerby-util-1.0.1.jar:/home/user/.m2/repository/org/apache/kerby/kerb-common/1.0.1/kerb-common-1.0.1.jar:/home/user/.m2/repository/org/apache/kerby/kerb-crypto/1.0.1/kerb-crypto-1.0.1.jar:/home/user/.m2/repository/org/apache/kerby/kerb-util/1.0.1/kerb-util-1.0.1.jar:/home/user/.m2/repository/org/apache/kerby/token-provider/1.0.1/token-provider-1.0.1.jar:/home/user/.m2/repository/org/apache/kerby/kerb-admin/1.0.1/kerb-admin-1.0.1.jar:/home/user/.m2/repository/org/apache/kerby/kerb-server/1.0.1/kerb-server-1.0.1.jar:/home/user/.m2/repository/org/apache/kerby/kerb-identity/1.0.1/kerb-identity-1.0.1.jar:/home/user/.m2/repository/org/apache/kerby/kerby-xdr/1.0.1/kerby-xdr-1.0.1.jar:/home/user/.m2/repository/com/fasterxml/jackson/core/jackson-databind/2.9.5/jackson-databind-2.9.5.jar:/home/user/.m2/repository/com/fasterxml/jackson/core/jackson-core/2.9.5/jackson-core-2.9.5.jar:/home/user/.m2/repository/org/codehaus/woodstox/stax2-api/3.1.4/stax2-api-3.1.4.jar:/home/user/.m2/repository/com/fasterxml/woodstox/woodstox-core/5.0.3/woodstox-core-5.0.3.jar:/home/user/.m2/repository/dnsjava/dnsjava/2.1.7/dnsjava-2.1.7.jar:/home/user/.m2/repository/org/apache/hadoop/hadoop-hdfs/3.2.0/hadoop-hdfs-3.2.0.jar:/home/user/.m2/repository/org/eclipse/jetty/jetty-util-ajax/9.3.24.v20180605/jetty-util-ajax-9.3.24.v20180605.jar:/home/user/.m2/repository/commons-daemon/commons-daemon/1.0.13/commons-daemon-1.0.13.jar:/home/user/.m2/repository/io/netty/netty/3.10.5.Final/netty-3.10.5.Final.jar:/home/user/.m2/repository/io/netty/netty-all/4.0.52.Final/netty-all-4.0.52.Final.jar:/home/user/.m2/repository/org/fusesource/leveldbjni/leveldbjni-all/1.8/leveldbjni-all-1.8.jar:/home/user/.m2/repository/com/sun/xml/bind/jaxb-core/2.3.0.1/jaxb-core-2.3.0.1.jar:/home/user/.m2/repository/javax/xml/bind/jaxb-api/2.3.0/jaxb-api-2.3.0.jar:/home/user/.m2/repository/javax/activation/activation/1.1.1/activation-1.1.1.jar:/home/user/.m2/repository/io/dropwizard/metrics/metrics-core/3.2.4/metrics-core-3.2.4.jar:/home/user/.m2/repository/org/openjdk/jmh/jmh-core/1.19/jmh-core-1.19.jar:/home/user/.m2/repository/net/sf/jopt-simple/jopt-simple/4.6/jopt-simple-4.6.jar:/home/user/.m2/repository/org/openjdk/jmh/jmh-generator-annprocess/1.19/jmh-generator-annprocess-1.19.jar:/home/user/.m2/repository/com/google/code/findbugs/findbugs/3.0.1/findbugs-3.0.1.jar:/home/user/.m2/repository/net/jcip/jcip-annotations/1.0/jcip-annotations-1.0.jar:/home/user/.m2/repository/com/google/code/findbugs/bcel-findbugs/6.0/bcel-findbugs-6.0.jar:/home/user/.m2/repository/com/google/code/findbugs/jFormatString/2.0.1/jFormatString-2.0.1.jar:/home/user/.m2/repository/dom4j/dom4j/1.6.1/dom4j-1.6.1.jar:/home/user/.m2/repository/xml-apis/xml-apis/1.0.b2/xml-apis-1.0.b2.jar:/home/user/.m2/repository/org/ow2/asm/asm-debug-all/5.0.2/asm-debug-all-5.0.2.jar:/home/user/.m2/repository/org/ow2/asm/asm-commons/5.0.2/asm-commons-5.0.2.jar:/home/user/.m2/repository/org/ow2/asm/asm-tree/5.0.2/asm-tree-5.0.2.jar:/home/user/.m2/repository/org/ow2/asm/asm/5.0.4/asm-5.0.4.jar:/home/user/.m2/repository/commons-lang/commons-lang/2.6/commons-lang-2.6.jar:/home/user/.m2/repository/com/apple/AppleJavaExtensions/1.4/AppleJavaExtensions-1.4.jar:/home/user/.m2/repository/jaxen/jaxen/1.1.6/jaxen-1.1.6.jar:/home/user/.m2/repository/junit/junit/4.11/junit-4.11.jar:/home/user/.m2/repository/org/hamcrest/hamcrest-core/1.3/hamcrest-core-1.3.jar:/home/user/.m2/repository/org/apache/hadoop/hadoop-common/3.2.0/hadoop-common-3.2.0-tests.jar:/home/user/.m2/repository/org/apache/hadoop/hadoop-ozone-integration-test/0.5.0-SNAPSHOT/hadoop-ozone-integration-test-0.5.0-SNAPSHOT-tests.jar:/tmp/workdir/hadoop-ozone/objectstore-service/target/classes:/tmp/workdir/hadoop-ozone/s3gateway/target/classes:/home/user/.m2/repository/org/jboss/weld/servlet/weld-servlet/2.4.7.Final/weld-servlet-2.4.7.Final.jar:/home/user/.m2/repository/org/glassfish/jersey/containers/jersey-container-servlet-core/2.27/jersey-container-servlet-core-2.27.jar:/home/user/.m2/repository/org/glassfish/hk2/external/javax.inject/2.5.0-b42/javax.inject-2.5.0-b42.jar:/home/user/.m2/repository/org/glassfish/jersey/core/jersey-common/2.27/jersey-common-2.27.jar:/home/user/.m2/repository/org/glassfish/hk2/osgi-resource-locator/1.0.1/osgi-resource-locator-1.0.1.jar:/home/user/.m2/repository/javax/ws/rs/javax.ws.rs-api/2.1/javax.ws.rs-api-2.1.jar:/home/user/.m2/repository/org/glassfish/jersey/ext/cdi/jersey-cdi1x/2.27/jersey-cdi1x-2.27.jar:/home/user/.m2/repository/org/glassfish/jersey/inject/jersey-hk2/2.27/jersey-hk2-2.27.jar:/home/user/.m2/repository/org/glassfish/hk2/hk2-locator/2.5.0-b42/hk2-locator-2.5.0-b42.jar:/home/user/.m2/repository/org/javassist/javassist/3.22.0-CR2/javassist-3.22.0-CR2.jar:/home/user/.m2/repository/org/glassfish/hk2/hk2-api/2.5.0/hk2-api-2.5.0.jar:/home/user/.m2/repository/org/glassfish/hk2/external/jakarta.inject/2.5.0/jakarta.inject-2.5.0.jar:/home/user/.m2/repository/org/glassfish/hk2/hk2-utils/2.5.0/hk2-utils-2.5.0.jar:/home/user/.m2/repository/jakarta/annotation/jakarta.annotation-api/1.3.4/jakarta.annotation-api-1.3.4.jar:/home/user/.m2/repository/org/glassfish/hk2/external/aopalliance-repackaged/2.5.0/aopalliance-repackaged-2.5.0.jar:/home/user/.m2/repository/com/fasterxml/jackson/dataformat/jackson-dataformat-xml/2.9.0/jackson-dataformat-xml-2.9.0.jar:/home/user/.m2/repository/com/fasterxml/jackson/module/jackson-module-jaxb-annotations/2.9.5/jackson-module-jaxb-annotations-2.9.5.jar:/home/user/.m2/repository/javax/enterprise/cdi-api/1.2/cdi-api-1.2.jar:/home/user/.m2/repository/javax/el/javax.el-api/3.0.0/javax.el-api-3.0.0.jar:/home/user/.m2/repository/javax/interceptor/javax.interceptor-api/1.2/javax.interceptor-api-1.2.jar:/home/user/.m2/repository/javax/inject/javax.inject/1/javax.inject-1.jar:/tmp/workdir/hadoop-ozone/csi/target/classes:/home/user/.m2/repository/com/google/protobuf/protobuf-java-util/3.5.1/protobuf-java-util-3.5.1.jar:/home/user/.m2/repository/io/grpc/grpc-netty/1.17.1/grpc-netty-1.17.1.jar:/home/user/.m2/repository/io/grpc/grpc-core/1.17.1/grpc-core-1.17.1.jar:/home/user/.m2/repository/io/grpc/grpc-context/1.17.1/grpc-context-1.17.1.jar:/home/user/.m2/repository/com/google/errorprone/error_prone_annotations/2.2.0/error_prone_annotations-2.2.0.jar:/home/user/.m2/repository/org/codehaus/mojo/animal-sniffer-annotations/1.17/animal-sniffer-annotations-1.17.jar:/home/user/.m2/repository/io/opencensus/opencensus-api/0.17.0/opencensus-api-0.17.0.jar:/home/user/.m2/repository/io/opencensus/opencensus-contrib-grpc-metrics/0.17.0/opencensus-contrib-grpc-metrics-0.17.0.jar:/home/user/.m2/repository/io/netty/netty-codec-http2/4.1.30.Final/netty-codec-http2-4.1.30.Final.jar:/home/user/.m2/repository/io/netty/netty-codec-http/4.1.30.Final/netty-codec-http-4.1.30.Final.jar:/home/user/.m2/repository/io/netty/netty-codec/4.1.30.Final/netty-codec-4.1.30.Final.jar:/home/user/.m2/repository/io/netty/netty-handler/4.1.30.Final/netty-handler-4.1.30.Final.jar:/home/user/.m2/repository/io/netty/netty-handler-proxy/4.1.30.Final/netty-handler-proxy-4.1.30.Final.jar:/home/user/.m2/repository/io/netty/netty-codec-socks/4.1.30.Final/netty-codec-socks-4.1.30.Final.jar:/home/user/.m2/repository/io/netty/netty-transport-native-epoll/4.1.30.Final/netty-transport-native-epoll-4.1.30.Final.jar:/home/user/.m2/repository/io/netty/netty-common/4.1.30.Final/netty-common-4.1.30.Final.jar:/home/user/.m2/repository/io/netty/netty-buffer/4.1.30.Final/netty-buffer-4.1.30.Final.jar:/home/user/.m2/repository/io/netty/netty-transport/4.1.30.Final/netty-transport-4.1.30.Final.jar:/home/user/.m2/repository/io/netty/netty-resolver/4.1.30.Final/netty-resolver-4.1.30.Final.jar:/home/user/.m2/repository/io/netty/netty-transport-native-unix-common/4.1.30.Final/netty-transport-native-unix-common-4.1.30.Final.jar:/home/user/.m2/repository/io/grpc/grpc-protobuf/1.17.1/grpc-protobuf-1.17.1.jar:/home/user/.m2/repository/com/google/api/grpc/proto-google-common-protos/1.0.0/proto-google-common-protos-1.0.0.jar:/home/user/.m2/repository/io/grpc/grpc-protobuf-lite/1.17.1/grpc-protobuf-lite-1.17.1.jar:/home/user/.m2/repository/io/grpc/grpc-stub/1.17.1/grpc-stub-1.17.1.jar:/tmp/workdir/hadoop-ozone/ozone-recon/target/classes:/tmp/workdir/hadoop-ozone/ozone-recon-codegen/target/classes:/home/user/.m2/repository/com/google/inject/extensions/guice-multibindings/4.0/guice-multibindings-4.0.jar:/home/user/.m2/repository/com/google/inject/guice/4.0/guice-4.0.jar:/home/user/.m2/repository/aopalliance/aopalliance/1.0/aopalliance-1.0.jar:/home/user/.m2/repository/com/google/inject/extensions/guice-servlet/4.0/guice-servlet-4.0.jar:/home/user/.m2/repository/org/glassfish/jersey/containers/jersey-container-servlet/2.27/jersey-container-servlet-2.27.jar:/home/user/.m2/repository/org/glassfish/hk2/guice-bridge/2.5.0/guice-bridge-2.5.0.jar:/home/user/.m2/repository/org/glassfish/jersey/core/jersey-server/2.27/jersey-server-2.27.jar:/home/user/.m2/repository/org/glassfish/jersey/core/jersey-client/2.27/jersey-client-2.27.jar:/home/user/.m2/repository/org/glassfish/jersey/media/jersey-media-jaxb/2.27/jersey-media-jaxb-2.27.jar:/home/user/.m2/repository/javax/validation/validation-api/1.1.0.Final/validation-api-1.1.0.Final.jar:/home/user/.m2/repository/org/glassfish/jersey/media/jersey-media-json-jackson/2.27/jersey-media-json-jackson-2.27.jar:/home/user/.m2/repository/org/glassfish/jersey/ext/jersey-entity-filtering/2.27/jersey-entity-filtering-2.27.jar:/home/user/.m2/repository/com/google/inject/extensions/guice-assistedinject/4.0/guice-assistedinject-4.0.jar:/home/user/.m2/repository/org/jooq/jooq/3.11.10/jooq-3.11.10.jar:/home/user/.m2/repository/org/jooq/jooq-meta/3.11.10/jooq-meta-3.11.10.jar:/home/user/.m2/repository/org/jooq/jooq-codegen/3.11.10/jooq-codegen-3.11.10.jar:/home/user/.m2/repository/com/jolbox/bonecp/0.8.0.RELEASE/bonecp-0.8.0.RELEASE.jar:/home/user/.m2/repository/org/springframework/spring-jdbc/5.1.3.RELEASE/spring-jdbc-5.1.3.RELEASE.jar:/home/user/.m2/repository/org/springframework/spring-beans/5.1.3.RELEASE/spring-beans-5.1.3.RELEASE.jar:/home/user/.m2/repository/org/springframework/spring-core/5.1.3.RELEASE/spring-core-5.1.3.RELEASE.jar:/home/user/.m2/repository/org/springframework/spring-jcl/5.1.3.RELEASE/spring-jcl-5.1.3.RELEASE.jar:/home/user/.m2/repository/org/springframework/spring-tx/5.1.3.RELEASE/spring-tx-5.1.3.RELEASE.jar:/home/user/.m2/repository/org/mockito/mockito-core/2.15.0/mockito-core-2.15.0.jar:/home/user/.m2/repository/net/bytebuddy/byte-buddy/1.7.9/byte-buddy-1.7.9.jar:/home/user/.m2/repository/net/bytebuddy/byte-buddy-agent/1.7.9/byte-buddy-agent-1.7.9.jar:/home/user/.m2/repository/org/objenesis/objenesis/1.0/objenesis-1.0.jar:"/>
    <property name="java.vm.vendor" value="IcedTea"/>
    <property name="sun.arch.data.model" value="64"/>
    <property name="test.build.dir" value="/tmp/workdir/hadoop-ozone/tools/target/test-dir"/>
    <property name="test.cache.data" value=""/>
    <property name="java.vendor.url" value="https://icedtea.classpath.org"/>
    <property name="user.timezone" value=""/>
    <property name="java.vm.specification.version" value="1.8"/>
    <property name="os.name" value="Linux"/>
    <property name="test.build.data" value="/tmp/workdir/hadoop-ozone/tools/target/test-dir"/>
    <property name="user.country" value="US"/>
    <property name="sun.java.launcher" value="SUN_STANDARD"/>
    <property name="sun.boot.library.path" value="/usr/lib/jvm/java-1.8-openjdk/jre/lib/amd64"/>
    <property name="sun.java.command" value="/tmp/workdir/hadoop-ozone/tools/target/surefire/surefirebooter4195238826566390651.jar /tmp/workdir/hadoop-ozone/tools/target/surefire 2019-07-10T10-30-17_108-jvmRun1 surefire4777585776699959308tmp surefire_1071863950349676169882tmp"/>
    <property name="surefire.test.class.path" value="/tmp/workdir/hadoop-ozone/tools/target/test-classes:/tmp/workdir/hadoop-ozone/tools/target/classes:/tmp/workdir/hadoop-ozone/ozone-manager/target/classes:/tmp/workdir/hadoop-hdds/docs/target/classes:/home/user/.m2/repository/org/bouncycastle/bcprov-jdk15on/1.60/bcprov-jdk15on-1.60.jar:/tmp/workdir/hadoop-ozone/common/target/classes:/home/user/.m2/repository/org/apache/commons/commons-compress/1.4.1/commons-compress-1.4.1.jar:/home/user/.m2/repository/org/tukaani/xz/1.0/xz-1.0.jar:/home/user/.m2/repository/org/apache/hadoop/hadoop-hdfs-client/3.2.0/hadoop-hdfs-client-3.2.0.jar:/home/user/.m2/repository/com/fasterxml/jackson/core/jackson-annotations/2.9.5/jackson-annotations-2.9.5.jar:/tmp/workdir/hadoop-hdds/common/target/classes:/tmp/workdir/hadoop-hdds/config/target/classes:/home/user/.m2/repository/javax/annotation/javax.annotation-api/1.2/javax.annotation-api-1.2.jar:/home/user/.m2/repository/org/apache/ratis/ratis-server/0.4.0-2337318-SNAPSHOT/ratis-server-0.4.0-2337318-SNAPSHOT.jar:/home/user/.m2/repository/org/apache/ratis/ratis-thirdparty-misc/0.2.0/ratis-thirdparty-misc-0.2.0.jar:/home/user/.m2/repository/org/apache/ratis/ratis-proto/0.4.0-2337318-SNAPSHOT/ratis-proto-0.4.0-2337318-SNAPSHOT.jar:/home/user/.m2/repository/org/apache/ratis/ratis-common/0.4.0-2337318-SNAPSHOT/ratis-common-0.4.0-2337318-SNAPSHOT.jar:/home/user/.m2/repository/org/apache/ratis/ratis-client/0.4.0-2337318-SNAPSHOT/ratis-client-0.4.0-2337318-SNAPSHOT.jar:/home/user/.m2/repository/org/apache/ratis/ratis-metrics/0.4.0-2337318-SNAPSHOT/ratis-metrics-0.4.0-2337318-SNAPSHOT.jar:/home/user/.m2/repository/org/apache/ratis/ratis-netty/0.4.0-2337318-SNAPSHOT/ratis-netty-0.4.0-2337318-SNAPSHOT.jar:/home/user/.m2/repository/org/apache/ratis/ratis-grpc/0.4.0-2337318-SNAPSHOT/ratis-grpc-0.4.0-2337318-SNAPSHOT.jar:/home/user/.m2/repository/org/rocksdb/rocksdbjni/6.0.1/rocksdbjni-6.0.1.jar:/home/user/.m2/repository/org/apache/logging/log4j/log4j-api/2.11.0/log4j-api-2.11.0.jar:/home/user/.m2/repository/org/apache/logging/log4j/log4j-core/2.11.0/log4j-core-2.11.0.jar:/home/user/.m2/repository/com/lmax/disruptor/3.4.2/disruptor-3.4.2.jar:/home/user/.m2/repository/org/apache/commons/commons-pool2/2.6.0/commons-pool2-2.6.0.jar:/home/user/.m2/repository/org/bouncycastle/bcpkix-jdk15on/1.60/bcpkix-jdk15on-1.60.jar:/home/user/.m2/repository/commons-validator/commons-validator/1.6/commons-validator-1.6.jar:/home/user/.m2/repository/commons-digester/commons-digester/1.8.1/commons-digester-1.8.1.jar:/home/user/.m2/repository/io/jaegertracing/jaeger-client/0.33.1/jaeger-client-0.33.1.jar:/home/user/.m2/repository/io/jaegertracing/jaeger-thrift/0.33.1/jaeger-thrift-0.33.1.jar:/home/user/.m2/repository/org/apache/thrift/libthrift/0.11.0/libthrift-0.11.0.jar:/home/user/.m2/repository/com/squareup/okhttp3/okhttp/3.9.0/okhttp-3.9.0.jar:/home/user/.m2/repository/com/squareup/okio/okio/1.13.0/okio-1.13.0.jar:/home/user/.m2/repository/io/jaegertracing/jaeger-core/0.33.1/jaeger-core-0.33.1.jar:/home/user/.m2/repository/io/jaegertracing/jaeger-tracerresolver/0.33.1/jaeger-tracerresolver-0.33.1.jar:/home/user/.m2/repository/io/opentracing/contrib/opentracing-tracerresolver/0.1.5/opentracing-tracerresolver-0.1.5.jar:/home/user/.m2/repository/io/opentracing/opentracing-util/0.31.0/opentracing-util-0.31.0.jar:/home/user/.m2/repository/io/opentracing/opentracing-api/0.31.0/opentracing-api-0.31.0.jar:/home/user/.m2/repository/io/opentracing/opentracing-noop/0.31.0/opentracing-noop-0.31.0.jar:/home/user/.m2/repository/org/yaml/snakeyaml/1.16/snakeyaml-1.16.jar:/tmp/workdir/hadoop-hdds/container-service/target/classes:/tmp/workdir/hadoop-hdds/client/target/classes:/tmp/workdir/hadoop-hdds/tools/target/classes:/home/user/.m2/repository/org/xerial/sqlite-jdbc/3.25.2/sqlite-jdbc-3.25.2.jar:/tmp/workdir/hadoop-hdds/server-scm/target/classes:/home/user/.m2/repository/org/hamcrest/hamcrest-all/1.3/hamcrest-all-1.3.jar:/home/user/.m2/repository/info/picocli/picocli/3.9.6/picocli-3.9.6.jar:/home/user/.m2/repository/com/google/protobuf/protobuf-java/2.5.0/protobuf-java-2.5.0.jar:/home/user/.m2/repository/com/google/guava/guava/11.0.2/guava-11.0.2.jar:/tmp/workdir/hadoop-ozone/client/target/classes:/home/user/.m2/repository/org/apache/hadoop/hadoop-ozone-filesystem/0.5.0-SNAPSHOT/hadoop-ozone-filesystem-0.5.0-SNAPSHOT.jar:/tmp/workdir/hadoop-hdds/framework/target/classes:/home/user/.m2/repository/org/apache/hadoop/hadoop-common/3.2.0/hadoop-common-3.2.0.jar:/home/user/.m2/repository/org/apache/hadoop/hadoop-annotations/3.2.0/hadoop-annotations-3.2.0.jar:/usr/lib/jvm/java-1.8-openjdk/jre/../lib/tools.jar:/home/user/.m2/repository/commons-cli/commons-cli/1.2/commons-cli-1.2.jar:/home/user/.m2/repository/org/apache/commons/commons-math3/3.1.1/commons-math3-3.1.1.jar:/home/user/.m2/repository/org/apache/httpcomponents/httpclient/4.5.2/httpclient-4.5.2.jar:/home/user/.m2/repository/org/apache/httpcomponents/httpcore/4.4.4/httpcore-4.4.4.jar:/home/user/.m2/repository/commons-codec/commons-codec/1.11/commons-codec-1.11.jar:/home/user/.m2/repository/commons-io/commons-io/2.5/commons-io-2.5.jar:/home/user/.m2/repository/commons-net/commons-net/3.6/commons-net-3.6.jar:/home/user/.m2/repository/commons-collections/commons-collections/3.2.2/commons-collections-3.2.2.jar:/home/user/.m2/repository/javax/servlet/javax.servlet-api/3.1.0/javax.servlet-api-3.1.0.jar:/home/user/.m2/repository/org/eclipse/jetty/jetty-server/9.3.24.v20180605/jetty-server-9.3.24.v20180605.jar:/home/user/.m2/repository/org/eclipse/jetty/jetty-http/9.3.24.v20180605/jetty-http-9.3.24.v20180605.jar:/home/user/.m2/repository/org/eclipse/jetty/jetty-io/9.3.24.v20180605/jetty-io-9.3.24.v20180605.jar:/home/user/.m2/repository/org/eclipse/jetty/jetty-util/9.3.24.v20180605/jetty-util-9.3.24.v20180605.jar:/home/user/.m2/repository/org/eclipse/jetty/jetty-servlet/9.3.24.v20180605/jetty-servlet-9.3.24.v20180605.jar:/home/user/.m2/repository/org/eclipse/jetty/jetty-security/9.3.24.v20180605/jetty-security-9.3.24.v20180605.jar:/home/user/.m2/repository/org/eclipse/jetty/jetty-webapp/9.3.24.v20180605/jetty-webapp-9.3.24.v20180605.jar:/home/user/.m2/repository/org/eclipse/jetty/jetty-xml/9.3.24.v20180605/jetty-xml-9.3.24.v20180605.jar:/home/user/.m2/repository/javax/servlet/jsp/jsp-api/2.1/jsp-api-2.1.jar:/home/user/.m2/repository/com/sun/jersey/jersey-core/1.19/jersey-core-1.19.jar:/home/user/.m2/repository/javax/ws/rs/jsr311-api/1.1.1/jsr311-api-1.1.1.jar:/home/user/.m2/repository/com/sun/jersey/jersey-servlet/1.19/jersey-servlet-1.19.jar:/home/user/.m2/repository/com/sun/jersey/jersey-json/1.19/jersey-json-1.19.jar:/home/user/.m2/repository/org/codehaus/jettison/jettison/1.1/jettison-1.1.jar:/home/user/.m2/repository/com/sun/xml/bind/jaxb-impl/2.3.0.1/jaxb-impl-2.3.0.1.jar:/home/user/.m2/repository/org/codehaus/jackson/jackson-core-asl/1.9.13/jackson-core-asl-1.9.13.jar:/home/user/.m2/repository/org/codehaus/jackson/jackson-mapper-asl/1.9.13/jackson-mapper-asl-1.9.13.jar:/home/user/.m2/repository/org/codehaus/jackson/jackson-jaxrs/1.9.13/jackson-jaxrs-1.9.13.jar:/home/user/.m2/repository/org/codehaus/jackson/jackson-xc/1.9.13/jackson-xc-1.9.13.jar:/home/user/.m2/repository/com/sun/jersey/jersey-server/1.19/jersey-server-1.19.jar:/home/user/.m2/repository/commons-logging/commons-logging/1.1.3/commons-logging-1.1.3.jar:/home/user/.m2/repository/log4j/log4j/1.2.17/log4j-1.2.17.jar:/home/user/.m2/repository/commons-beanutils/commons-beanutils/1.9.3/commons-beanutils-1.9.3.jar:/home/user/.m2/repository/org/apache/commons/commons-configuration2/2.1.1/commons-configuration2-2.1.1.jar:/home/user/.m2/repository/org/apache/commons/commons-lang3/3.7/commons-lang3-3.7.jar:/home/user/.m2/repository/org/apache/commons/commons-text/1.4/commons-text-1.4.jar:/home/user/.m2/repository/org/slf4j/slf4j-api/1.7.25/slf4j-api-1.7.25.jar:/home/user/.m2/repository/org/slf4j/slf4j-log4j12/1.7.25/slf4j-log4j12-1.7.25.jar:/home/user/.m2/repository/org/apache/avro/avro/1.7.7/avro-1.7.7.jar:/home/user/.m2/repository/com/thoughtworks/paranamer/paranamer/2.3/paranamer-2.3.jar:/home/user/.m2/repository/org/xerial/snappy/snappy-java/1.0.5/snappy-java-1.0.5.jar:/home/user/.m2/repository/com/google/re2j/re2j/1.1/re2j-1.1.jar:/home/user/.m2/repository/com/google/code/gson/gson/2.2.4/gson-2.2.4.jar:/home/user/.m2/repository/org/apache/hadoop/hadoop-auth/3.2.0/hadoop-auth-3.2.0.jar:/home/user/.m2/repository/com/nimbusds/nimbus-jose-jwt/4.41.1/nimbus-jose-jwt-4.41.1.jar:/home/user/.m2/repository/com/github/stephenc/jcip/jcip-annotations/1.0-1/jcip-annotations-1.0-1.jar:/home/user/.m2/repository/net/minidev/json-smart/2.3/json-smart-2.3.jar:/home/user/.m2/repository/net/minidev/accessors-smart/1.2/accessors-smart-1.2.jar:/home/user/.m2/repository/org/apache/curator/curator-framework/2.12.0/curator-framework-2.12.0.jar:/home/user/.m2/repository/com/jcraft/jsch/0.1.54/jsch-0.1.54.jar:/home/user/.m2/repository/org/apache/curator/curator-client/2.12.0/curator-client-2.12.0.jar:/home/user/.m2/repository/org/apache/curator/curator-recipes/2.12.0/curator-recipes-2.12.0.jar:/home/user/.m2/repository/com/google/code/findbugs/jsr305/3.0.0/jsr305-3.0.0.jar:/home/user/.m2/repository/org/apache/htrace/htrace-core4/4.1.0-incubating/htrace-core4-4.1.0-incubating.jar:/home/user/.m2/repository/org/apache/zookeeper/zookeeper/3.4.13/zookeeper-3.4.13.jar:/home/user/.m2/repository/org/apache/yetus/audience-annotations/0.5.0/audience-annotations-0.5.0.jar:/home/user/.m2/repository/org/apache/kerby/kerb-simplekdc/1.0.1/kerb-simplekdc-1.0.1.jar:/home/user/.m2/repository/org/apache/kerby/kerb-client/1.0.1/kerb-client-1.0.1.jar:/home/user/.m2/repository/org/apache/kerby/kerby-config/1.0.1/kerby-config-1.0.1.jar:/home/user/.m2/repository/org/apache/kerby/kerb-core/1.0.1/kerb-core-1.0.1.jar:/home/user/.m2/repository/org/apache/kerby/kerby-pkix/1.0.1/kerby-pkix-1.0.1.jar:/home/user/.m2/repository/org/apache/kerby/kerby-asn1/1.0.1/kerby-asn1-1.0.1.jar:/home/user/.m2/repository/org/apache/kerby/kerby-util/1.0.1/kerby-util-1.0.1.jar:/home/user/.m2/repository/org/apache/kerby/kerb-common/1.0.1/kerb-common-1.0.1.jar:/home/user/.m2/repository/org/apache/kerby/kerb-crypto/1.0.1/kerb-crypto-1.0.1.jar:/home/user/.m2/repository/org/apache/kerby/kerb-util/1.0.1/kerb-util-1.0.1.jar:/home/user/.m2/repository/org/apache/kerby/token-provider/1.0.1/token-provider-1.0.1.jar:/home/user/.m2/repository/org/apache/kerby/kerb-admin/1.0.1/kerb-admin-1.0.1.jar:/home/user/.m2/repository/org/apache/kerby/kerb-server/1.0.1/kerb-server-1.0.1.jar:/home/user/.m2/repository/org/apache/kerby/kerb-identity/1.0.1/kerb-identity-1.0.1.jar:/home/user/.m2/repository/org/apache/kerby/kerby-xdr/1.0.1/kerby-xdr-1.0.1.jar:/home/user/.m2/repository/com/fasterxml/jackson/core/jackson-databind/2.9.5/jackson-databind-2.9.5.jar:/home/user/.m2/repository/com/fasterxml/jackson/core/jackson-core/2.9.5/jackson-core-2.9.5.jar:/home/user/.m2/repository/org/codehaus/woodstox/stax2-api/3.1.4/stax2-api-3.1.4.jar:/home/user/.m2/repository/com/fasterxml/woodstox/woodstox-core/5.0.3/woodstox-core-5.0.3.jar:/home/user/.m2/repository/dnsjava/dnsjava/2.1.7/dnsjava-2.1.7.jar:/home/user/.m2/repository/org/apache/hadoop/hadoop-hdfs/3.2.0/hadoop-hdfs-3.2.0.jar:/home/user/.m2/repository/org/eclipse/jetty/jetty-util-ajax/9.3.24.v20180605/jetty-util-ajax-9.3.24.v20180605.jar:/home/user/.m2/repository/commons-daemon/commons-daemon/1.0.13/commons-daemon-1.0.13.jar:/home/user/.m2/repository/io/netty/netty/3.10.5.Final/netty-3.10.5.Final.jar:/home/user/.m2/repository/io/netty/netty-all/4.0.52.Final/netty-all-4.0.52.Final.jar:/home/user/.m2/repository/org/fusesource/leveldbjni/leveldbjni-all/1.8/leveldbjni-all-1.8.jar:/home/user/.m2/repository/com/sun/xml/bind/jaxb-core/2.3.0.1/jaxb-core-2.3.0.1.jar:/home/user/.m2/repository/javax/xml/bind/jaxb-api/2.3.0/jaxb-api-2.3.0.jar:/home/user/.m2/repository/javax/activation/activation/1.1.1/activation-1.1.1.jar:/home/user/.m2/repository/io/dropwizard/metrics/metrics-core/3.2.4/metrics-core-3.2.4.jar:/home/user/.m2/repository/org/openjdk/jmh/jmh-core/1.19/jmh-core-1.19.jar:/home/user/.m2/repository/net/sf/jopt-simple/jopt-simple/4.6/jopt-simple-4.6.jar:/home/user/.m2/repository/org/openjdk/jmh/jmh-generator-annprocess/1.19/jmh-generator-annprocess-1.19.jar:/home/user/.m2/repository/com/google/code/findbugs/findbugs/3.0.1/findbugs-3.0.1.jar:/home/user/.m2/repository/net/jcip/jcip-annotations/1.0/jcip-annotations-1.0.jar:/home/user/.m2/repository/com/google/code/findbugs/bcel-findbugs/6.0/bcel-findbugs-6.0.jar:/home/user/.m2/repository/com/google/code/findbugs/jFormatString/2.0.1/jFormatString-2.0.1.jar:/home/user/.m2/repository/dom4j/dom4j/1.6.1/dom4j-1.6.1.jar:/home/user/.m2/repository/xml-apis/xml-apis/1.0.b2/xml-apis-1.0.b2.jar:/home/user/.m2/repository/org/ow2/asm/asm-debug-all/5.0.2/asm-debug-all-5.0.2.jar:/home/user/.m2/repository/org/ow2/asm/asm-commons/5.0.2/asm-commons-5.0.2.jar:/home/user/.m2/repository/org/ow2/asm/asm-tree/5.0.2/asm-tree-5.0.2.jar:/home/user/.m2/repository/org/ow2/asm/asm/5.0.4/asm-5.0.4.jar:/home/user/.m2/repository/commons-lang/commons-lang/2.6/commons-lang-2.6.jar:/home/user/.m2/repository/com/apple/AppleJavaExtensions/1.4/AppleJavaExtensions-1.4.jar:/home/user/.m2/repository/jaxen/jaxen/1.1.6/jaxen-1.1.6.jar:/home/user/.m2/repository/junit/junit/4.11/junit-4.11.jar:/home/user/.m2/repository/org/hamcrest/hamcrest-core/1.3/hamcrest-core-1.3.jar:/home/user/.m2/repository/org/apache/hadoop/hadoop-common/3.2.0/hadoop-common-3.2.0-tests.jar:/home/user/.m2/repository/org/apache/hadoop/hadoop-ozone-integration-test/0.5.0-SNAPSHOT/hadoop-ozone-integration-test-0.5.0-SNAPSHOT-tests.jar:/tmp/workdir/hadoop-ozone/objectstore-service/target/classes:/tmp/workdir/hadoop-ozone/s3gateway/target/classes:/home/user/.m2/repository/org/jboss/weld/servlet/weld-servlet/2.4.7.Final/weld-servlet-2.4.7.Final.jar:/home/user/.m2/repository/org/glassfish/jersey/containers/jersey-container-servlet-core/2.27/jersey-container-servlet-core-2.27.jar:/home/user/.m2/repository/org/glassfish/hk2/external/javax.inject/2.5.0-b42/javax.inject-2.5.0-b42.jar:/home/user/.m2/repository/org/glassfish/jersey/core/jersey-common/2.27/jersey-common-2.27.jar:/home/user/.m2/repository/org/glassfish/hk2/osgi-resource-locator/1.0.1/osgi-resource-locator-1.0.1.jar:/home/user/.m2/repository/javax/ws/rs/javax.ws.rs-api/2.1/javax.ws.rs-api-2.1.jar:/home/user/.m2/repository/org/glassfish/jersey/ext/cdi/jersey-cdi1x/2.27/jersey-cdi1x-2.27.jar:/home/user/.m2/repository/org/glassfish/jersey/inject/jersey-hk2/2.27/jersey-hk2-2.27.jar:/home/user/.m2/repository/org/glassfish/hk2/hk2-locator/2.5.0-b42/hk2-locator-2.5.0-b42.jar:/home/user/.m2/repository/org/javassist/javassist/3.22.0-CR2/javassist-3.22.0-CR2.jar:/home/user/.m2/repository/org/glassfish/hk2/hk2-api/2.5.0/hk2-api-2.5.0.jar:/home/user/.m2/repository/org/glassfish/hk2/external/jakarta.inject/2.5.0/jakarta.inject-2.5.0.jar:/home/user/.m2/repository/org/glassfish/hk2/hk2-utils/2.5.0/hk2-utils-2.5.0.jar:/home/user/.m2/repository/jakarta/annotation/jakarta.annotation-api/1.3.4/jakarta.annotation-api-1.3.4.jar:/home/user/.m2/repository/org/glassfish/hk2/external/aopalliance-repackaged/2.5.0/aopalliance-repackaged-2.5.0.jar:/home/user/.m2/repository/com/fasterxml/jackson/dataformat/jackson-dataformat-xml/2.9.0/jackson-dataformat-xml-2.9.0.jar:/home/user/.m2/repository/com/fasterxml/jackson/module/jackson-module-jaxb-annotations/2.9.5/jackson-module-jaxb-annotations-2.9.5.jar:/home/user/.m2/repository/javax/enterprise/cdi-api/1.2/cdi-api-1.2.jar:/home/user/.m2/repository/javax/el/javax.el-api/3.0.0/javax.el-api-3.0.0.jar:/home/user/.m2/repository/javax/interceptor/javax.interceptor-api/1.2/javax.interceptor-api-1.2.jar:/home/user/.m2/repository/javax/inject/javax.inject/1/javax.inject-1.jar:/tmp/workdir/hadoop-ozone/csi/target/classes:/home/user/.m2/repository/com/google/protobuf/protobuf-java-util/3.5.1/protobuf-java-util-3.5.1.jar:/home/user/.m2/repository/io/grpc/grpc-netty/1.17.1/grpc-netty-1.17.1.jar:/home/user/.m2/repository/io/grpc/grpc-core/1.17.1/grpc-core-1.17.1.jar:/home/user/.m2/repository/io/grpc/grpc-context/1.17.1/grpc-context-1.17.1.jar:/home/user/.m2/repository/com/google/errorprone/error_prone_annotations/2.2.0/error_prone_annotations-2.2.0.jar:/home/user/.m2/repository/org/codehaus/mojo/animal-sniffer-annotations/1.17/animal-sniffer-annotations-1.17.jar:/home/user/.m2/repository/io/opencensus/opencensus-api/0.17.0/opencensus-api-0.17.0.jar:/home/user/.m2/repository/io/opencensus/opencensus-contrib-grpc-metrics/0.17.0/opencensus-contrib-grpc-metrics-0.17.0.jar:/home/user/.m2/repository/io/netty/netty-codec-http2/4.1.30.Final/netty-codec-http2-4.1.30.Final.jar:/home/user/.m2/repository/io/netty/netty-codec-http/4.1.30.Final/netty-codec-http-4.1.30.Final.jar:/home/user/.m2/repository/io/netty/netty-codec/4.1.30.Final/netty-codec-4.1.30.Final.jar:/home/user/.m2/repository/io/netty/netty-handler/4.1.30.Final/netty-handler-4.1.30.Final.jar:/home/user/.m2/repository/io/netty/netty-handler-proxy/4.1.30.Final/netty-handler-proxy-4.1.30.Final.jar:/home/user/.m2/repository/io/netty/netty-codec-socks/4.1.30.Final/netty-codec-socks-4.1.30.Final.jar:/home/user/.m2/repository/io/netty/netty-transport-native-epoll/4.1.30.Final/netty-transport-native-epoll-4.1.30.Final.jar:/home/user/.m2/repository/io/netty/netty-common/4.1.30.Final/netty-common-4.1.30.Final.jar:/home/user/.m2/repository/io/netty/netty-buffer/4.1.30.Final/netty-buffer-4.1.30.Final.jar:/home/user/.m2/repository/io/netty/netty-transport/4.1.30.Final/netty-transport-4.1.30.Final.jar:/home/user/.m2/repository/io/netty/netty-resolver/4.1.30.Final/netty-resolver-4.1.30.Final.jar:/home/user/.m2/repository/io/netty/netty-transport-native-unix-common/4.1.30.Final/netty-transport-native-unix-common-4.1.30.Final.jar:/home/user/.m2/repository/io/grpc/grpc-protobuf/1.17.1/grpc-protobuf-1.17.1.jar:/home/user/.m2/repository/com/google/api/grpc/proto-google-common-protos/1.0.0/proto-google-common-protos-1.0.0.jar:/home/user/.m2/repository/io/grpc/grpc-protobuf-lite/1.17.1/grpc-protobuf-lite-1.17.1.jar:/home/user/.m2/repository/io/grpc/grpc-stub/1.17.1/grpc-stub-1.17.1.jar:/tmp/workdir/hadoop-ozone/ozone-recon/target/classes:/tmp/workdir/hadoop-ozone/ozone-recon-codegen/target/classes:/home/user/.m2/repository/com/google/inject/extensions/guice-multibindings/4.0/guice-multibindings-4.0.jar:/home/user/.m2/repository/com/google/inject/guice/4.0/guice-4.0.jar:/home/user/.m2/repository/aopalliance/aopalliance/1.0/aopalliance-1.0.jar:/home/user/.m2/repository/com/google/inject/extensions/guice-servlet/4.0/guice-servlet-4.0.jar:/home/user/.m2/repository/org/glassfish/jersey/containers/jersey-container-servlet/2.27/jersey-container-servlet-2.27.jar:/home/user/.m2/repository/org/glassfish/hk2/guice-bridge/2.5.0/guice-bridge-2.5.0.jar:/home/user/.m2/repository/org/glassfish/jersey/core/jersey-server/2.27/jersey-server-2.27.jar:/home/user/.m2/repository/org/glassfish/jersey/core/jersey-client/2.27/jersey-client-2.27.jar:/home/user/.m2/repository/org/glassfish/jersey/media/jersey-media-jaxb/2.27/jersey-media-jaxb-2.27.jar:/home/user/.m2/repository/javax/validation/validation-api/1.1.0.Final/validation-api-1.1.0.Final.jar:/home/user/.m2/repository/org/glassfish/jersey/media/jersey-media-json-jackson/2.27/jersey-media-json-jackson-2.27.jar:/home/user/.m2/repository/org/glassfish/jersey/ext/jersey-entity-filtering/2.27/jersey-entity-filtering-2.27.jar:/home/user/.m2/repository/com/google/inject/extensions/guice-assistedinject/4.0/guice-assistedinject-4.0.jar:/home/user/.m2/repository/org/jooq/jooq/3.11.10/jooq-3.11.10.jar:/home/user/.m2/repository/org/jooq/jooq-meta/3.11.10/jooq-meta-3.11.10.jar:/home/user/.m2/repository/org/jooq/jooq-codegen/3.11.10/jooq-codegen-3.11.10.jar:/home/user/.m2/repository/com/jolbox/bonecp/0.8.0.RELEASE/bonecp-0.8.0.RELEASE.jar:/home/user/.m2/repository/org/springframework/spring-jdbc/5.1.3.RELEASE/spring-jdbc-5.1.3.RELEASE.jar:/home/user/.m2/repository/org/springframework/spring-beans/5.1.3.RELEASE/spring-beans-5.1.3.RELEASE.jar:/home/user/.m2/repository/org/springframework/spring-core/5.1.3.RELEASE/spring-core-5.1.3.RELEASE.jar:/home/user/.m2/repository/org/springframework/spring-jcl/5.1.3.RELEASE/spring-jcl-5.1.3.RELEASE.jar:/home/user/.m2/repository/org/springframework/spring-tx/5.1.3.RELEASE/spring-tx-5.1.3.RELEASE.jar:/home/user/.m2/repository/org/mockito/mockito-core/2.15.0/mockito-core-2.15.0.jar:/home/user/.m2/repository/net/bytebuddy/byte-buddy/1.7.9/byte-buddy-1.7.9.jar:/home/user/.m2/repository/net/bytebuddy/byte-buddy-agent/1.7.9/byte-buddy-agent-1.7.9.jar:/home/user/.m2/repository/org/objenesis/objenesis/1.0/objenesis-1.0.jar:"/>
    <property name="sun.cpu.endian" value="little"/>
    <property name="user.home" value="/home/user"/>
    <property name="user.language" value="en"/>
    <property name="java.specification.vendor" value="Oracle Corporation"/>
    <property name="java.home" value="/usr/lib/jvm/java-1.8-openjdk/jre"/>
    <property name="java.security.krb5.conf" value="/tmp/workdir/hadoop-ozone/tools/target/test-classes/krb5.conf"/>
    <property name="basedir" value="/tmp/workdir/hadoop-ozone/tools"/>
    <property name="file.separator" value="/"/>
    <property name="line.separator" value="&#10;"/>
    <property name="java.vm.specification.vendor" value="Oracle Corporation"/>
    <property name="java.specification.name" value="Java Platform API Specification"/>
    <property name="java.awt.graphicsenv" value="sun.awt.X11GraphicsEnvironment"/>
    <property name="surefire.real.class.path" value="/tmp/workdir/hadoop-ozone/tools/target/surefire/surefirebooter4195238826566390651.jar"/>
    <property name="hadoop.log.dir" value="/tmp/workdir/hadoop-ozone/tools/target/log"/>
    <property name="sun.boot.class.path" value="/usr/lib/jvm/java-1.8-openjdk/jre/lib/resources.jar:/usr/lib/jvm/java-1.8-openjdk/jre/lib/rt.jar:/usr/lib/jvm/java-1.8-openjdk/jre/lib/sunrsasign.jar:/usr/lib/jvm/java-1.8-openjdk/jre/lib/jsse.jar:/usr/lib/jvm/java-1.8-openjdk/jre/lib/jce.jar:/usr/lib/jvm/java-1.8-openjdk/jre/lib/charsets.jar:/usr/lib/jvm/java-1.8-openjdk/jre/lib/jfr.jar:/usr/lib/jvm/java-1.8-openjdk/jre/classes"/>
    <property name="sun.management.compiler" value="HotSpot 64-Bit Tiered Compilers"/>
    <property name="java.runtime.version" value="1.8.0_212-b04"/>
    <property name="java.net.preferIPv4Stack" value="true"/>
    <property name="user.name" value="jenkins1000"/>
    <property name="path.separator" value=":"/>
    <property name="java.security.egd" value="file:///dev/urandom"/>
    <property name="os.version" value="3.10.0-957.12.2.el7.x86_64"/>
    <property name="java.endorsed.dirs" value="/usr/lib/jvm/java-1.8-openjdk/jre/lib/endorsed"/>
    <property name="java.runtime.name" value="OpenJDK Runtime Environment"/>
    <property name="file.encoding" value="UTF-8"/>
    <property name="java.vm.name" value="OpenJDK 64-Bit Server VM"/>
    <property name="test.build.webapps" value=""/>
    <property name="localRepository" value="/home/user/.m2/repository"/>
    <property name="java.vendor.url.bug" value="https://icedtea.classpath.org/bugzilla"/>
    <property name="java.io.tmpdir" value="/tmp"/>
    <property name="require.test.libhadoop" value=""/>
    <property name="java.version" value="1.8.0_212"/>
    <property name="user.dir" value="/tmp/workdir/hadoop-ozone/tools"/>
    <property name="os.arch" value="amd64"/>
    <property name="java.vm.specification.name" value="Java Virtual Machine Specification"/>
    <property name="test.build.classes" value="/tmp/workdir/hadoop-ozone/tools/target/test-classes"/>
    <property name="java.awt.printerjob" value="sun.print.PSPrinterJob"/>
    <property name="sun.os.patch.level" value="unknown"/>
    <property name="hadoop.tmp.dir" value="/tmp/workdir/hadoop-ozone/tools/target/tmp"/>
    <property name="java.library.path" value="/usr/lib/jvm/java-1.8-openjdk/jre/lib/amd64/server:/usr/lib/jvm/java-1.8-openjdk/jre/lib/amd64:/usr/lib/jvm/java-1.8-openjdk/jre/../lib/amd64:/tmp/workdir/hadoop-ozone/tools/target/native/target/usr/local/lib:/tmp/workdir/hadoop-ozone/tools/../../hadoop-common-project/hadoop-common/target/native/target/usr/local/lib:/usr/java/packages/lib/amd64:/usr/lib64:/lib64:/lib:/usr/lib"/>
    <property name="java.vm.info" value="mixed mode"/>
    <property name="java.vendor" value="IcedTea"/>
    <property name="java.vm.version" value="25.212-b04"/>
    <property name="java.ext.dirs" value="/usr/lib/jvm/java-1.8-openjdk/jre/lib/ext:/usr/java/packages/lib/ext"/>
    <property name="sun.io.unicode.encoding" value="UnicodeLittle"/>
    <property name="java.class.version" value="52.0"/>
  </properties>
  <testcase name="ratisTest3" classname="org.apache.hadoop.ozone.freon.TestRandomKeyGenerator" time="5.355"/>
  <testcase name="testThreadPoolSize" classname="org.apache.hadoop.ozone.freon.TestRandomKeyGenerator" time="5.048"/>
  <testcase name="defaultTest" classname="org.apache.hadoop.ozone.freon.TestRandomKeyGenerator" time="5.025"/>
  <testcase name="bigFileThan2GB" classname="org.apache.hadoop.ozone.freon.TestRandomKeyGenerator" time="67.268">
    <error message="Allocated 0 blocks. Requested 1 blocks" type="INTERNAL_ERROR org.apache.hadoop.ozone.om.exceptions.OMException">INTERNAL_ERROR org.apache.hadoop.ozone.om.exceptions.OMException: Allocated 0 blocks. Requested 1 blocks
	at org.apache.hadoop.ozone.om.protocolPB.OzoneManagerProtocolClientSideTranslatorPB.handleError(OzoneManagerProtocolClientSideTranslatorPB.java:720)
	at org.apache.hadoop.ozone.om.protocolPB.OzoneManagerProtocolClientSideTranslatorPB.allocateBlock(OzoneManagerProtocolClientSideTranslatorPB.java:752)
	at org.apache.hadoop.ozone.client.io.BlockOutputStreamEntryPool.allocateNewBlock(BlockOutputStreamEntryPool.java:248)
	at org.apache.hadoop.ozone.client.io.BlockOutputStreamEntryPool.allocateBlockIfNeeded(BlockOutputStreamEntryPool.java:296)
	at org.apache.hadoop.ozone.client.io.KeyOutputStream.handleWrite(KeyOutputStream.java:201)
	at org.apache.hadoop.ozone.client.io.KeyOutputStream.write(KeyOutputStream.java:193)
	at org.apache.hadoop.ozone.client.io.OzoneOutputStream.write(OzoneOutputStream.java:49)
	at org.apache.hadoop.ozone.freon.RandomKeyGenerator$KeyProcessor.run(RandomKeyGenerator.java:693)
	at java.util.concurrent.Executors$RunnableAdapter.call(Executors.java:511)
	at java.util.concurrent.FutureTask.run(FutureTask.java:266)
	at java.util.concurrent.ThreadPoolExecutor.runWorker(ThreadPoolExecutor.java:1149)
	at java.util.concurrent.ThreadPoolExecutor$Worker.run(ThreadPoolExecutor.java:624)
	at java.lang.Thread.run(Thread.java:748)
</error>
    <system-out><![CDATA[2019-07-10 10:42:34,061 INFO  freon.RandomKeyGenerator (RandomKeyGenerator.java:call(262)) - Number of Threads: 1
2019-07-10 10:42:34,061 INFO  freon.RandomKeyGenerator (RandomKeyGenerator.java:call(267)) - Number of Volumes: 1.
2019-07-10 10:42:34,062 INFO  freon.RandomKeyGenerator (RandomKeyGenerator.java:call(268)) - Number of Buckets per Volume: 1.
2019-07-10 10:42:34,062 INFO  freon.RandomKeyGenerator (RandomKeyGenerator.java:call(269)) - Number of Keys per Bucket: 1.
2019-07-10 10:42:34,062 INFO  freon.RandomKeyGenerator (RandomKeyGenerator.java:call(270)) - Key size: 2147483657 bytes
2019-07-10 10:42:34,062 INFO  freon.RandomKeyGenerator (RandomKeyGenerator.java:call(271)) - Buffer size: 4096 bytes
2019-07-10 10:42:34,063 INFO  rpc.RpcClient (RpcClient.java:createVolume(289)) - Creating Volume: vol-0-94578, with jenkins1000 as owner.
2019-07-10 10:42:34,063 INFO  freon.RandomKeyGenerator (RandomKeyGenerator.java:call(286)) - Data validation is enabled.
2019-07-10 10:42:34,064 INFO  freon.RandomKeyGenerator (RandomKeyGenerator.java:call(299)) - Starting progress bar Thread.

 0.00% |█                                                                                                    |  0/1 Time: 0:00:002019-07-10 10:42:34,074 INFO  rpc.RpcClient (RpcClient.java:createBucket(426)) - Creating Bucket: vol-0-94578/bucket-0-91437, with Versioning false and Storage Type set to DISK and Encryption set to false 
2019-07-10 10:42:34,196 INFO  client.GrpcClientProtocolClient (GrpcClientProtocolClient.java:onNext(255)) - client-AC1CE418446C->edec9b8f-c318-426f-83f9-f44e945268a2: receive RaftClientReply:client-AC1CE418446C->edec9b8f-c318-426f-83f9-f44e945268a2@group-352661ED3FD5, cid=600, SUCCESS, logIndex=705, commits[edec9b8f-c318-426f-83f9-f44e945268a2:c705, 02a03aee-1dd1-43c9-94ca-c76e2a537489:c704, 9fb73170-bb25-48da-afcf-6f1f9e11598f:c704]
2019-07-10 10:42:34,220 INFO  client.GrpcClientProtocolClient (GrpcClientProtocolClient.java:onNext(255)) - client-AC1CE418446C->edec9b8f-c318-426f-83f9-f44e945268a2: receive RaftClientReply:client-AC1CE418446C->edec9b8f-c318-426f-83f9-f44e945268a2@group-352661ED3FD5, cid=601, SUCCESS, logIndex=707, commits[edec9b8f-c318-426f-83f9-f44e945268a2:c707, 02a03aee-1dd1-43c9-94ca-c76e2a537489:c706, 9fb73170-bb25-48da-afcf-6f1f9e11598f:c706]
2019-07-10 10:42:34,223 INFO  client.GrpcClientProtocolClient (GrpcClientProtocolClient.java:onNext(255)) - client-AC1CE418446C->edec9b8f-c318-426f-83f9-f44e945268a2: receive RaftClientReply:client-AC1CE418446C->edec9b8f-c318-426f-83f9-f44e945268a2@group-352661ED3FD5, cid=602, SUCCESS, logIndex=708, commits[edec9b8f-c318-426f-83f9-f44e945268a2:c710, 02a03aee-1dd1-43c9-94ca-c76e2a537489:c706, 9fb73170-bb25-48da-afcf-6f1f9e11598f:c707]
2019-07-10 10:42:34,223 INFO  client.GrpcClientProtocolClient (GrpcClientProtocolClient.java:onNext(255)) - client-AC1CE418446C->edec9b8f-c318-426f-83f9-f44e945268a2: receive RaftClientReply:client-AC1CE418446C->edec9b8f-c318-426f-83f9-f44e945268a2@group-352661ED3FD5, cid=603, SUCCESS, logIndex=709, commits[edec9b8f-c318-426f-83f9-f44e945268a2:c710, 02a03aee-1dd1-43c9-94ca-c76e2a537489:c706, 9fb73170-bb25-48da-afcf-6f1f9e11598f:c707]
2019-07-10 10:42:34,230 INFO  client.GrpcClientProtocolClient (GrpcClientProtocolClient.java:onNext(255)) - client-AC1CE418446C->edec9b8f-c318-426f-83f9-f44e945268a2: receive RaftClientReply:client-AC1CE418446C->edec9b8f-c318-426f-83f9-f44e945268a2@group-352661ED3FD5, cid=604, SUCCESS, logIndex=0, commits[edec9b8f-c318-426f-83f9-f44e945268a2:c712, 02a03aee-1dd1-43c9-94ca-c76e2a537489:c710, 9fb73170-bb25-48da-afcf-6f1f9e11598f:c710]
2019-07-10 10:42:34,258 INFO  client.GrpcClientProtocolClient (GrpcClientProtocolClient.java:onNext(255)) - client-AC1CE418446C->edec9b8f-c318-426f-83f9-f44e945268a2: receive RaftClientReply:client-AC1CE418446C->edec9b8f-c318-426f-83f9-f44e945268a2@group-352661ED3FD5, cid=605, SUCCESS, logIndex=713, commits[edec9b8f-c318-426f-83f9-f44e945268a2:c714, 02a03aee-1dd1-43c9-94ca-c76e2a537489:c712, 9fb73170-bb25-48da-afcf-6f1f9e11598f:c712]
2019-07-10 10:42:34,258 INFO  client.GrpcClientProtocolClient (GrpcClientProtocolClient.java:onNext(255)) - client-AC1CE418446C->edec9b8f-c318-426f-83f9-f44e945268a2: receive RaftClientReply:client-AC1CE418446C->edec9b8f-c318-426f-83f9-f44e945268a2@group-352661ED3FD5, cid=606, SUCCESS, logIndex=714, commits[edec9b8f-c318-426f-83f9-f44e945268a2:c714, 02a03aee-1dd1-43c9-94ca-c76e2a537489:c712, 9fb73170-bb25-48da-afcf-6f1f9e11598f:c712]
2019-07-10 10:42:34,278 INFO  client.GrpcClientProtocolClient (GrpcClientProtocolClient.java:onNext(255)) - client-AC1CE418446C->edec9b8f-c318-426f-83f9-f44e945268a2: receive RaftClientReply:client-AC1CE418446C->edec9b8f-c318-426f-83f9-f44e945268a2@group-352661ED3FD5, cid=607, SUCCESS, logIndex=717, commits[edec9b8f-c318-426f-83f9-f44e945268a2:c718, 02a03aee-1dd1-43c9-94ca-c76e2a537489:c714, 9fb73170-bb25-48da-afcf-6f1f9e11598f:c714]
2019-07-10 10:42:34,278 INFO  client.GrpcClientProtocolClient (GrpcClientProtocolClient.java:onNext(255)) - client-AC1CE418446C->edec9b8f-c318-426f-83f9-f44e945268a2: receive RaftClientReply:client-AC1CE418446C->edec9b8f-c318-426f-83f9-f44e945268a2@group-352661ED3FD5, cid=608, SUCCESS, logIndex=718, commits[edec9b8f-c318-426f-83f9-f44e945268a2:c718, 02a03aee-1dd1-43c9-94ca-c76e2a537489:c714, 9fb73170-bb25-48da-afcf-6f1f9e11598f:c714]
2019-07-10 10:42:34,280 INFO  client.GrpcClientProtocolClient (GrpcClientProtocolClient.java:onNext(255)) - client-AC1CE418446C->edec9b8f-c318-426f-83f9-f44e945268a2: receive RaftClientReply:client-AC1CE418446C->edec9b8f-c318-426f-83f9-f44e945268a2@group-352661ED3FD5, cid=609, SUCCESS, logIndex=0, commits[edec9b8f-c318-426f-83f9-f44e945268a2:c720, 02a03aee-1dd1-43c9-94ca-c76e2a537489:c718, 9fb73170-bb25-48da-afcf-6f1f9e11598f:c718]
2019-07-10 10:42:34,530 INFO  client.GrpcClientProtocolClient (GrpcClientProtocolClient.java:onNext(255)) - client-AC1CE418446C->edec9b8f-c318-426f-83f9-f44e945268a2: receive RaftClientReply:client-AC1CE418446C->edec9b8f-c318-426f-83f9-f44e945268a2@group-352661ED3FD5, cid=610, SUCCESS, logIndex=721, commits[edec9b8f-c318-426f-83f9-f44e945268a2:c723, 02a03aee-1dd1-43c9-94ca-c76e2a537489:c720, 9fb73170-bb25-48da-afcf-6f1f9e11598f:c720]
2019-07-10 10:42:34,531 INFO  client.GrpcClientProtocolClient (GrpcClientProtocolClient.java:onNext(255)) - client-AC1CE418446C->edec9b8f-c318-426f-83f9-f44e945268a2: receive RaftClientReply:client-AC1CE418446C->edec9b8f-c318-426f-83f9-f44e945268a2@group-352661ED3FD5, cid=611, SUCCESS, logIndex=722, commits[edec9b8f-c318-426f-83f9-f44e945268a2:c724, 02a03aee-1dd1-43c9-94ca-c76e2a537489:c720, 9fb73170-bb25-48da-afcf-6f1f9e11598f:c720]
2019-07-10 10:42:34,531 INFO  client.GrpcClientProtocolClient (GrpcClientProtocolClient.java:onNext(255)) - client-AC1CE418446C->edec9b8f-c318-426f-83f9-f44e945268a2: receive RaftClientReply:client-AC1CE418446C->edec9b8f-c318-426f-83f9-f44e945268a2@group-352661ED3FD5, cid=612, SUCCESS, logIndex=723, commits[edec9b8f-c318-426f-83f9-f44e945268a2:c724, 02a03aee-1dd1-43c9-94ca-c76e2a537489:c720, 9fb73170-bb25-48da-afcf-6f1f9e11598f:c720]
2019-07-10 10:42:34,532 INFO  client.GrpcClientProtocolClient (GrpcClientProtocolClient.java:onNext(255)) - client-AC1CE418446C->edec9b8f-c318-426f-83f9-f44e945268a2: receive RaftClientReply:client-AC1CE418446C->edec9b8f-c318-426f-83f9-f44e945268a2@group-352661ED3FD5, cid=613, SUCCESS, logIndex=724, commits[edec9b8f-c318-426f-83f9-f44e945268a2:c725, 02a03aee-1dd1-43c9-94ca-c76e2a537489:c721, 9fb73170-bb25-48da-afcf-6f1f9e11598f:c722]
2019-07-10 10:42:34,534 INFO  client.GrpcClientProtocolClient (GrpcClientProtocolClient.java:onNext(255)) - client-AC1CE418446C->edec9b8f-c318-426f-83f9-f44e945268a2: receive RaftClientReply:client-AC1CE418446C->edec9b8f-c318-426f-83f9-f44e945268a2@group-352661ED3FD5, cid=614, SUCCESS, logIndex=0, commits[edec9b8f-c318-426f-83f9-f44e945268a2:c726, 02a03aee-1dd1-43c9-94ca-c76e2a537489:c722, 9fb73170-bb25-48da-afcf-6f1f9e11598f:c722]
2019-07-10 10:42:34,558 INFO  client.GrpcClientProtocolClient (GrpcClientProtocolClient.java:onNext(255)) - client-AC1CE418446C->edec9b8f-c318-426f-83f9-f44e945268a2: receive RaftClientReply:client-AC1CE418446C->edec9b8f-c318-426f-83f9-f44e945268a2@group-352661ED3FD5, cid=615, SUCCESS, logIndex=729, commits[edec9b8f-c318-426f-83f9-f44e945268a2:c730, 02a03aee-1dd1-43c9-94ca-c76e2a537489:c728, 9fb73170-bb25-48da-afcf-6f1f9e11598f:c728]
2019-07-10 10:42:34,559 INFO  client.GrpcClientProtocolClient (GrpcClientProtocolClient.java:onNext(255)) - client-AC1CE418446C->edec9b8f-c318-426f-83f9-f44e945268a2: receive RaftClientReply:client-AC1CE418446C->edec9b8f-c318-426f-83f9-f44e945268a2@group-352661ED3FD5, cid=616, SUCCESS, logIndex=730, commits[edec9b8f-c318-426f-83f9-f44e945268a2:c730, 02a03aee-1dd1-43c9-94ca-c76e2a537489:c728, 9fb73170-bb25-48da-afcf-6f1f9e11598f:c728]
2019-07-10 10:42:34,587 INFO  client.GrpcClientProtocolClient (GrpcClientProtocolClient.java:onNext(255)) - client-AC1CE418446C->edec9b8f-c318-426f-83f9-f44e945268a2: receive RaftClientReply:client-AC1CE418446C->edec9b8f-c318-426f-83f9-f44e945268a2@group-352661ED3FD5, cid=617, SUCCESS, logIndex=733, commits[edec9b8f-c318-426f-83f9-f44e945268a2:c734, 02a03aee-1dd1-43c9-94ca-c76e2a537489:c730, 9fb73170-bb25-48da-afcf-6f1f9e11598f:c730]
2019-07-10 10:42:34,588 INFO  client.GrpcClientProtocolClient (GrpcClientProtocolClient.java:onNext(255)) - client-AC1CE418446C->edec9b8f-c318-426f-83f9-f44e945268a2: receive RaftClientReply:client-AC1CE418446C->edec9b8f-c318-426f-83f9-f44e945268a2@group-352661ED3FD5, cid=618, SUCCESS, logIndex=734, commits[edec9b8f-c318-426f-83f9-f44e945268a2:c734, 02a03aee-1dd1-43c9-94ca-c76e2a537489:c730, 9fb73170-bb25-48da-afcf-6f1f9e11598f:c730]
2019-07-10 10:42:34,599 INFO  client.GrpcClientProtocolClient (GrpcClientProtocolClient.java:onNext(255)) - client-AC1CE418446C->edec9b8f-c318-426f-83f9-f44e945268a2: receive RaftClientReply:client-AC1CE418446C->edec9b8f-c318-426f-83f9-f44e945268a2@group-352661ED3FD5, cid=619, SUCCESS, logIndex=0, commits[edec9b8f-c318-426f-83f9-f44e945268a2:c735, 02a03aee-1dd1-43c9-94ca-c76e2a537489:c734, 9fb73170-bb25-48da-afcf-6f1f9e11598f:c734]
2019-07-10 10:42:34,624 INFO  client.GrpcClientProtocolClient (GrpcClientProtocolClient.java:onNext(255)) - client-AC1CE418446C->edec9b8f-c318-426f-83f9-f44e945268a2: receive RaftClientReply:client-AC1CE418446C->edec9b8f-c318-426f-83f9-f44e945268a2@group-352661ED3FD5, cid=620, SUCCESS, logIndex=737, commits[edec9b8f-c318-426f-83f9-f44e945268a2:c738, 02a03aee-1dd1-43c9-94ca-c76e2a537489:c736, 9fb73170-bb25-48da-afcf-6f1f9e11598f:c736]
2019-07-10 10:42:34,625 INFO  client.GrpcClientProtocolClient (GrpcClientProtocolClient.java:onNext(255)) - client-AC1CE418446C->edec9b8f-c318-426f-83f9-f44e945268a2: receive RaftClientReply:client-AC1CE418446C->edec9b8f-c318-426f-83f9-f44e945268a2@group-352661ED3FD5, cid=621, SUCCESS, logIndex=738, commits[edec9b8f-c318-426f-83f9-f44e945268a2:c740, 02a03aee-1dd1-43c9-94ca-c76e2a537489:c736, 9fb73170-bb25-48da-afcf-6f1f9e11598f:c736]
2019-07-10 10:42:34,625 INFO  client.GrpcClientProtocolClient (GrpcClientProtocolClient.java:onNext(255)) - client-AC1CE418446C->edec9b8f-c318-426f-83f9-f44e945268a2: receive RaftClientReply:client-AC1CE418446C->edec9b8f-c318-426f-83f9-f44e945268a2@group-352661ED3FD5, cid=622, SUCCESS, logIndex=739, commits[edec9b8f-c318-426f-83f9-f44e945268a2:c740, 02a03aee-1dd1-43c9-94ca-c76e2a537489:c736, 9fb73170-bb25-48da-afcf-6f1f9e11598f:c736]
2019-07-10 10:42:34,626 INFO  client.GrpcClientProtocolClient (GrpcClientProtocolClient.java:onNext(255)) - client-AC1CE418446C->edec9b8f-c318-426f-83f9-f44e945268a2: receive RaftClientReply:client-AC1CE418446C->edec9b8f-c318-426f-83f9-f44e945268a2@group-352661ED3FD5, cid=623, SUCCESS, logIndex=740, commits[edec9b8f-c318-426f-83f9-f44e945268a2:c740, 02a03aee-1dd1-43c9-94ca-c76e2a537489:c736, 9fb73170-bb25-48da-afcf-6f1f9e11598f:c736]
2019-07-10 10:42:34,627 INFO  client.GrpcClientProtocolClient (GrpcClientProtocolClient.java:onNext(255)) - client-AC1CE418446C->edec9b8f-c318-426f-83f9-f44e945268a2: receive RaftClientReply:client-AC1CE418446C->edec9b8f-c318-426f-83f9-f44e945268a2@group-352661ED3FD5, cid=624, SUCCESS, logIndex=0, commits[edec9b8f-c318-426f-83f9-f44e945268a2:c743, 02a03aee-1dd1-43c9-94ca-c76e2a537489:c738, 9fb73170-bb25-48da-afcf-6f1f9e11598f:c740]
2019-07-10 10:42:34,650 INFO  client.GrpcClientProtocolClient (GrpcClientProtocolClient.java:onNext(255)) - client-AC1CE418446C->edec9b8f-c318-426f-83f9-f44e945268a2: receive RaftClientReply:client-AC1CE418446C->edec9b8f-c318-426f-83f9-f44e945268a2@group-352661ED3FD5, cid=625, SUCCESS, logIndex=744, commits[edec9b8f-c318-426f-83f9-f44e945268a2:c745, 02a03aee-1dd1-43c9-94ca-c76e2a537489:c743, 9fb73170-bb25-48da-afcf-6f1f9e11598f:c743]
2019-07-10 10:42:34,651 INFO  client.GrpcClientProtocolClient (GrpcClientProtocolClient.java:onNext(255)) - client-AC1CE418446C->edec9b8f-c318-426f-83f9-f44e945268a2: receive RaftClientReply:client-AC1CE418446C->edec9b8f-c318-426f-83f9-f44e945268a2@group-352661ED3FD5, cid=626, SUCCESS, logIndex=745, commits[edec9b8f-c318-426f-83f9-f44e945268a2:c745, 02a03aee-1dd1-43c9-94ca-c76e2a537489:c743, 9fb73170-bb25-48da-afcf-6f1f9e11598f:c743]
2019-07-10 10:42:34,680 INFO  client.GrpcClientProtocolClient (GrpcClientProtocolClient.java:onNext(255)) - client-AC1CE418446C->edec9b8f-c318-426f-83f9-f44e945268a2: receive RaftClientReply:client-AC1CE418446C->edec9b8f-c318-426f-83f9-f44e945268a2@group-352661ED3FD5, cid=627, SUCCESS, logIndex=748, commits[edec9b8f-c318-426f-83f9-f44e945268a2:c749, 02a03aee-1dd1-43c9-94ca-c76e2a537489:c745, 9fb73170-bb25-48da-afcf-6f1f9e11598f:c745]
2019-07-10 10:42:34,681 INFO  client.GrpcClientProtocolClient (GrpcClientProtocolClient.java:onNext(255)) - client-AC1CE418446C->edec9b8f-c318-426f-83f9-f44e945268a2: receive RaftClientReply:client-AC1CE418446C->edec9b8f-c318-426f-83f9-f44e945268a2@group-352661ED3FD5, cid=628, SUCCESS, logIndex=749, commits[edec9b8f-c318-426f-83f9-f44e945268a2:c749, 02a03aee-1dd1-43c9-94ca-c76e2a537489:c745, 9fb73170-bb25-48da-afcf-6f1f9e11598f:c745]
2019-07-10 10:42:34,692 INFO  client.GrpcClientProtocolClient (GrpcClientProtocolClient.java:onNext(255)) - client-AC1CE418446C->edec9b8f-c318-426f-83f9-f44e945268a2: receive RaftClientReply:client-AC1CE418446C->edec9b8f-c318-426f-83f9-f44e945268a2@group-352661ED3FD5, cid=629, SUCCESS, logIndex=0, commits[edec9b8f-c318-426f-83f9-f44e945268a2:c750, 02a03aee-1dd1-43c9-94ca-c76e2a537489:c749, 9fb73170-bb25-48da-afcf-6f1f9e11598f:c749]
2019-07-10 10:42:34,716 INFO  client.GrpcClientProtocolClient (GrpcClientProtocolClient.java:onNext(255)) - client-AC1CE418446C->edec9b8f-c318-426f-83f9-f44e945268a2: receive RaftClientReply:client-AC1CE418446C->edec9b8f-c318-426f-83f9-f44e945268a2@group-352661ED3FD5, cid=630, SUCCESS, logIndex=752, commits[edec9b8f-c318-426f-83f9-f44e945268a2:c755, 02a03aee-1dd1-43c9-94ca-c76e2a537489:c751, 9fb73170-bb25-48da-afcf-6f1f9e11598f:c751]
2019-07-10 10:42:34,717 INFO  client.GrpcClientProtocolClient (GrpcClientProtocolClient.java:onNext(255)) - client-AC1CE418446C->edec9b8f-c318-426f-83f9-f44e945268a2: receive RaftClientReply:client-AC1CE418446C->edec9b8f-c318-426f-83f9-f44e945268a2@group-352661ED3FD5, cid=631, SUCCESS, logIndex=753, commits[edec9b8f-c318-426f-83f9-f44e945268a2:c755, 02a03aee-1dd1-43c9-94ca-c76e2a537489:c751, 9fb73170-bb25-48da-afcf-6f1f9e11598f:c751]
2019-07-10 10:42:34,718 INFO  client.GrpcClientProtocolClient (GrpcClientProtocolClient.java:onNext(255)) - client-AC1CE418446C->edec9b8f-c318-426f-83f9-f44e945268a2: receive RaftClientReply:client-AC1CE418446C->edec9b8f-c318-426f-83f9-f44e945268a2@group-352661ED3FD5, cid=632, SUCCESS, logIndex=754, commits[edec9b8f-c318-426f-83f9-f44e945268a2:c755, 02a03aee-1dd1-43c9-94ca-c76e2a537489:c751, 9fb73170-bb25-48da-afcf-6f1f9e11598f:c751]
2019-07-10 10:42:34,718 INFO  client.GrpcClientProtocolClient (GrpcClientProtocolClient.java:onNext(255)) - client-AC1CE418446C->edec9b8f-c318-426f-83f9-f44e945268a2: receive RaftClientReply:client-AC1CE418446C->edec9b8f-c318-426f-83f9-f44e945268a2@group-352661ED3FD5, cid=633, SUCCESS, logIndex=755, commits[edec9b8f-c318-426f-83f9-f44e945268a2:c755, 02a03aee-1dd1-43c9-94ca-c76e2a537489:c751, 9fb73170-bb25-48da-afcf-6f1f9e11598f:c751]
2019-07-10 10:42:34,720 INFO  client.GrpcClientProtocolClient (GrpcClientProtocolClient.java:onNext(255)) - client-AC1CE418446C->edec9b8f-c318-426f-83f9-f44e945268a2: receive RaftClientReply:client-AC1CE418446C->edec9b8f-c318-426f-83f9-f44e945268a2@group-352661ED3FD5, cid=634, SUCCESS, logIndex=0, commits[edec9b8f-c318-426f-83f9-f44e945268a2:c759, 02a03aee-1dd1-43c9-94ca-c76e2a537489:c755, 9fb73170-bb25-48da-afcf-6f1f9e11598f:c755]
2019-07-10 10:42:34,747 INFO  client.GrpcClientProtocolClient (GrpcClientProtocolClient.java:onNext(255)) - client-AC1CE418446C->edec9b8f-c318-426f-83f9-f44e945268a2: receive RaftClientReply:client-AC1CE418446C->edec9b8f-c318-426f-83f9-f44e945268a2@group-352661ED3FD5, cid=635, SUCCESS, logIndex=760, commits[edec9b8f-c318-426f-83f9-f44e945268a2:c761, 02a03aee-1dd1-43c9-94ca-c76e2a537489:c759, 9fb73170-bb25-48da-afcf-6f1f9e11598f:c759]
2019-07-10 10:42:34,747 INFO  client.GrpcClientProtocolClient (GrpcClientProtocolClient.java:onNext(255)) - client-AC1CE418446C->edec9b8f-c318-426f-83f9-f44e945268a2: receive RaftClientReply:client-AC1CE418446C->edec9b8f-c318-426f-83f9-f44e945268a2@group-352661ED3FD5, cid=636, SUCCESS, logIndex=761, commits[edec9b8f-c318-426f-83f9-f44e945268a2:c761, 02a03aee-1dd1-43c9-94ca-c76e2a537489:c759, 9fb73170-bb25-48da-afcf-6f1f9e11598f:c759]
2019-07-10 10:42:34,774 INFO  client.GrpcClientProtocolClient (GrpcClientProtocolClient.java:onNext(255)) - client-AC1CE418446C->edec9b8f-c318-426f-83f9-f44e945268a2: receive RaftClientReply:client-AC1CE418446C->edec9b8f-c318-426f-83f9-f44e945268a2@group-352661ED3FD5, cid=637, SUCCESS, logIndex=764, commits[edec9b8f-c318-426f-83f9-f44e945268a2:c765, 02a03aee-1dd1-43c9-94ca-c76e2a537489:c761, 9fb73170-bb25-48da-afcf-6f1f9e11598f:c761]
2019-07-10 10:42:34,775 INFO  client.GrpcClientProtocolClient (GrpcClientProtocolClient.java:onNext(255)) - client-AC1CE418446C->edec9b8f-c318-426f-83f9-f44e945268a2: receive RaftClientReply:client-AC1CE418446C->edec9b8f-c318-426f-83f9-f44e945268a2@group-352661ED3FD5, cid=638, SUCCESS, logIndex=765, commits[edec9b8f-c318-426f-83f9-f44e945268a2:c765, 02a03aee-1dd1-43c9-94ca-c76e2a537489:c761, 9fb73170-bb25-48da-afcf-6f1f9e11598f:c761]
2019-07-10 10:42:34,786 INFO  client.GrpcClientProtocolClient (GrpcClientProtocolClient.java:onNext(255)) - client-AC1CE418446C->edec9b8f-c318-426f-83f9-f44e945268a2: receive RaftClientReply:client-AC1CE418446C->edec9b8f-c318-426f-83f9-f44e945268a2@group-352661ED3FD5, cid=639, SUCCESS, logIndex=0, commits[edec9b8f-c318-426f-83f9-f44e945268a2:c765, 02a03aee-1dd1-43c9-94ca-c76e2a537489:c765, 9fb73170-bb25-48da-afcf-6f1f9e11598f:c765]
2019-07-10 10:42:34,811 INFO  client.GrpcClientProtocolClient (GrpcClientProtocolClient.java:onNext(255)) - client-AC1CE418446C->edec9b8f-c318-426f-83f9-f44e945268a2: receive RaftClientReply:client-AC1CE418446C->edec9b8f-c318-426f-83f9-f44e945268a2@group-352661ED3FD5, cid=640, SUCCESS, logIndex=768, commits[edec9b8f-c318-426f-83f9-f44e945268a2:c769, 02a03aee-1dd1-43c9-94ca-c76e2a537489:c767, 9fb73170-bb25-48da-afcf-6f1f9e11598f:c767]
2019-07-10 10:42:34,812 INFO  client.GrpcClientProtocolClient (GrpcClientProtocolClient.java:onNext(255)) - client-AC1CE418446C->edec9b8f-c318-426f-83f9-f44e945268a2: receive RaftClientReply:client-AC1CE418446C->edec9b8f-c318-426f-83f9-f44e945268a2@group-352661ED3FD5, cid=641, SUCCESS, logIndex=769, commits[edec9b8f-c318-426f-83f9-f44e945268a2:c771, 02a03aee-1dd1-43c9-94ca-c76e2a537489:c767, 9fb73170-bb25-48da-afcf-6f1f9e11598f:c767]
2019-07-10 10:42:34,812 INFO  client.GrpcClientProtocolClient (GrpcClientProtocolClient.java:onNext(255)) - client-AC1CE418446C->edec9b8f-c318-426f-83f9-f44e945268a2: receive RaftClientReply:client-AC1CE418446C->edec9b8f-c318-426f-83f9-f44e945268a2@group-352661ED3FD5, cid=642, SUCCESS, logIndex=770, commits[edec9b8f-c318-426f-83f9-f44e945268a2:c771, 02a03aee-1dd1-43c9-94ca-c76e2a537489:c767, 9fb73170-bb25-48da-afcf-6f1f9e11598f:c767]
2019-07-10 10:42:34,813 INFO  client.GrpcClientProtocolClient (GrpcClientProtocolClient.java:onNext(255)) - client-AC1CE418446C->edec9b8f-c318-426f-83f9-f44e945268a2: receive RaftClientReply:client-AC1CE418446C->edec9b8f-c318-426f-83f9-f44e945268a2@group-352661ED3FD5, cid=643, SUCCESS, logIndex=771, commits[edec9b8f-c318-426f-83f9-f44e945268a2:c771, 02a03aee-1dd1-43c9-94ca-c76e2a537489:c767, 9fb73170-bb25-48da-afcf-6f1f9e11598f:c767]
2019-07-10 10:42:34,814 INFO  client.GrpcClientProtocolClient (GrpcClientProtocolClient.java:onNext(255)) - client-AC1CE418446C->edec9b8f-c318-426f-83f9-f44e945268a2: receive RaftClientReply:client-AC1CE418446C->edec9b8f-c318-426f-83f9-f44e945268a2@group-352661ED3FD5, cid=644, SUCCESS, logIndex=0, commits[edec9b8f-c318-426f-83f9-f44e945268a2:c775, 02a03aee-1dd1-43c9-94ca-c76e2a537489:c771, 9fb73170-bb25-48da-afcf-6f1f9e11598f:c771]
2019-07-10 10:42:34,835 INFO  client.GrpcClientProtocolClient (GrpcClientProtocolClient.java:onNext(255)) - client-AC1CE418446C->edec9b8f-c318-426f-83f9-f44e945268a2: receive RaftClientReply:client-AC1CE418446C->edec9b8f-c318-426f-83f9-f44e945268a2@group-352661ED3FD5, cid=645, SUCCESS, logIndex=776, commits[edec9b8f-c318-426f-83f9-f44e945268a2:c777, 02a03aee-1dd1-43c9-94ca-c76e2a537489:c775, 9fb73170-bb25-48da-afcf-6f1f9e11598f:c775]
2019-07-10 10:42:34,835 INFO  client.GrpcClientProtocolClient (GrpcClientProtocolClient.java:onNext(255)) - client-AC1CE418446C->edec9b8f-c318-426f-83f9-f44e945268a2: receive RaftClientReply:client-AC1CE418446C->edec9b8f-c318-426f-83f9-f44e945268a2@group-352661ED3FD5, cid=646, SUCCESS, logIndex=777, commits[edec9b8f-c318-426f-83f9-f44e945268a2:c777, 02a03aee-1dd1-43c9-94ca-c76e2a537489:c775, 9fb73170-bb25-48da-afcf-6f1f9e11598f:c775]
2019-07-10 10:42:34,861 INFO  client.GrpcClientProtocolClient (GrpcClientProtocolClient.java:onNext(255)) - client-AC1CE418446C->edec9b8f-c318-426f-83f9-f44e945268a2: receive RaftClientReply:client-AC1CE418446C->edec9b8f-c318-426f-83f9-f44e945268a2@group-352661ED3FD5, cid=647, SUCCESS, logIndex=780, commits[edec9b8f-c318-426f-83f9-f44e945268a2:c781, 02a03aee-1dd1-43c9-94ca-c76e2a537489:c777, 9fb73170-bb25-48da-afcf-6f1f9e11598f:c776]
2019-07-10 10:42:34,862 INFO  client.GrpcClientProtocolClient (GrpcClientProtocolClient.java:onNext(255)) - client-AC1CE418446C->edec9b8f-c318-426f-83f9-f44e945268a2: receive RaftClientReply:client-AC1CE418446C->edec9b8f-c318-426f-83f9-f44e945268a2@group-352661ED3FD5, cid=648, SUCCESS, logIndex=781, commits[edec9b8f-c318-426f-83f9-f44e945268a2:c781, 02a03aee-1dd1-43c9-94ca-c76e2a537489:c777, 9fb73170-bb25-48da-afcf-6f1f9e11598f:c777]
2019-07-10 10:42:34,873 INFO  client.GrpcClientProtocolClient (GrpcClientProtocolClient.java:onNext(255)) - client-AC1CE418446C->edec9b8f-c318-426f-83f9-f44e945268a2: receive RaftClientReply:client-AC1CE418446C->edec9b8f-c318-426f-83f9-f44e945268a2@group-352661ED3FD5, cid=649, SUCCESS, logIndex=0, commits[edec9b8f-c318-426f-83f9-f44e945268a2:c782, 02a03aee-1dd1-43c9-94ca-c76e2a537489:c781, 9fb73170-bb25-48da-afcf-6f1f9e11598f:c781]
2019-07-10 10:42:34,895 INFO  client.GrpcClientProtocolClient (GrpcClientProtocolClient.java:onNext(255)) - client-AC1CE418446C->edec9b8f-c318-426f-83f9-f44e945268a2: receive RaftClientReply:client-AC1CE418446C->edec9b8f-c318-426f-83f9-f44e945268a2@group-352661ED3FD5, cid=650, SUCCESS, logIndex=784, commits[edec9b8f-c318-426f-83f9-f44e945268a2:c785, 02a03aee-1dd1-43c9-94ca-c76e2a537489:c783, 9fb73170-bb25-48da-afcf-6f1f9e11598f:c783]
2019-07-10 10:42:34,896 INFO  client.GrpcClientProtocolClient (GrpcClientProtocolClient.java:onNext(255)) - client-AC1CE418446C->edec9b8f-c318-426f-83f9-f44e945268a2: receive RaftClientReply:client-AC1CE418446C->edec9b8f-c318-426f-83f9-f44e945268a2@group-352661ED3FD5, cid=651, SUCCESS, logIndex=785, commits[edec9b8f-c318-426f-83f9-f44e945268a2:c787, 02a03aee-1dd1-43c9-94ca-c76e2a537489:c783, 9fb73170-bb25-48da-afcf-6f1f9e11598f:c783]
2019-07-10 10:42:34,896 INFO  client.GrpcClientProtocolClient (GrpcClientProtocolClient.java:onNext(255)) - client-AC1CE418446C->edec9b8f-c318-426f-83f9-f44e945268a2: receive RaftClientReply:client-AC1CE418446C->edec9b8f-c318-426f-83f9-f44e945268a2@group-352661ED3FD5, cid=652, SUCCESS, logIndex=786, commits[edec9b8f-c318-426f-83f9-f44e945268a2:c787, 02a03aee-1dd1-43c9-94ca-c76e2a537489:c783, 9fb73170-bb25-48da-afcf-6f1f9e11598f:c783]
2019-07-10 10:42:34,896 INFO  client.GrpcClientProtocolClient (GrpcClientProtocolClient.java:onNext(255)) - client-AC1CE418446C->edec9b8f-c318-426f-83f9-f44e945268a2: receive RaftClientReply:client-AC1CE418446C->edec9b8f-c318-426f-83f9-f44e945268a2@group-352661ED3FD5, cid=653, SUCCESS, logIndex=787, commits[edec9b8f-c318-426f-83f9-f44e945268a2:c787, 02a03aee-1dd1-43c9-94ca-c76e2a537489:c783, 9fb73170-bb25-48da-afcf-6f1f9e11598f:c783]
2019-07-10 10:42:34,898 INFO  client.GrpcClientProtocolClient (GrpcClientProtocolClient.java:onNext(255)) - client-AC1CE418446C->edec9b8f-c318-426f-83f9-f44e945268a2: receive RaftClientReply:client-AC1CE418446C->edec9b8f-c318-426f-83f9-f44e945268a2@group-352661ED3FD5, cid=654, SUCCESS, logIndex=0, commits[edec9b8f-c318-426f-83f9-f44e945268a2:c791, 02a03aee-1dd1-43c9-94ca-c76e2a537489:c787, 9fb73170-bb25-48da-afcf-6f1f9e11598f:c786]
2019-07-10 10:42:34,919 INFO  client.GrpcClientProtocolClient (GrpcClientProtocolClient.java:onNext(255)) - client-AC1CE418446C->edec9b8f-c318-426f-83f9-f44e945268a2: receive RaftClientReply:client-AC1CE418446C->edec9b8f-c318-426f-83f9-f44e945268a2@group-352661ED3FD5, cid=655, SUCCESS, logIndex=792, commits[edec9b8f-c318-426f-83f9-f44e945268a2:c793, 02a03aee-1dd1-43c9-94ca-c76e2a537489:c791, 9fb73170-bb25-48da-afcf-6f1f9e11598f:c791]
2019-07-10 10:42:34,920 INFO  client.GrpcClientProtocolClient (GrpcClientProtocolClient.java:onNext(255)) - client-AC1CE418446C->edec9b8f-c318-426f-83f9-f44e945268a2: receive RaftClientReply:client-AC1CE418446C->edec9b8f-c318-426f-83f9-f44e945268a2@group-352661ED3FD5, cid=656, SUCCESS, logIndex=793, commits[edec9b8f-c318-426f-83f9-f44e945268a2:c793, 02a03aee-1dd1-43c9-94ca-c76e2a537489:c791, 9fb73170-bb25-48da-afcf-6f1f9e11598f:c791]
2019-07-10 10:42:34,939 INFO  client.GrpcClientProtocolClient (GrpcClientProtocolClient.java:onNext(255)) - client-AC1CE418446C->edec9b8f-c318-426f-83f9-f44e945268a2: receive RaftClientReply:client-AC1CE418446C->edec9b8f-c318-426f-83f9-f44e945268a2@group-352661ED3FD5, cid=657, SUCCESS, logIndex=796, commits[edec9b8f-c318-426f-83f9-f44e945268a2:c797, 02a03aee-1dd1-43c9-94ca-c76e2a537489:c795, 9fb73170-bb25-48da-afcf-6f1f9e11598f:c795]
2019-07-10 10:42:34,940 INFO  client.GrpcClientProtocolClient (GrpcClientProtocolClient.java:onNext(255)) - client-AC1CE418446C->edec9b8f-c318-426f-83f9-f44e945268a2: receive RaftClientReply:client-AC1CE418446C->edec9b8f-c318-426f-83f9-f44e945268a2@group-352661ED3FD5, cid=658, SUCCESS, logIndex=797, commits[edec9b8f-c318-426f-83f9-f44e945268a2:c797, 02a03aee-1dd1-43c9-94ca-c76e2a537489:c795, 9fb73170-bb25-48da-afcf-6f1f9e11598f:c795]
2019-07-10 10:42:34,950 INFO  client.GrpcClientProtocolClient (GrpcClientProtocolClient.java:onNext(255)) - client-AC1CE418446C->edec9b8f-c318-426f-83f9-f44e945268a2: receive RaftClientReply:client-AC1CE418446C->edec9b8f-c318-426f-83f9-f44e945268a2@group-352661ED3FD5, cid=659, SUCCESS, logIndex=0, commits[edec9b8f-c318-426f-83f9-f44e945268a2:c799, 02a03aee-1dd1-43c9-94ca-c76e2a537489:c797, 9fb73170-bb25-48da-afcf-6f1f9e11598f:c797]
2019-07-10 10:42:34,970 INFO  client.GrpcClientProtocolClient (GrpcClientProtocolClient.java:onNext(255)) - client-AC1CE418446C->edec9b8f-c318-426f-83f9-f44e945268a2: receive RaftClientReply:client-AC1CE418446C->edec9b8f-c318-426f-83f9-f44e945268a2@group-352661ED3FD5, cid=660, SUCCESS, logIndex=800, commits[edec9b8f-c318-426f-83f9-f44e945268a2:c802, 02a03aee-1dd1-43c9-94ca-c76e2a537489:c799, 9fb73170-bb25-48da-afcf-6f1f9e11598f:c799]
2019-07-10 10:42:34,971 INFO  client.GrpcClientProtocolClient (GrpcClientProtocolClient.java:onNext(255)) - client-AC1CE418446C->edec9b8f-c318-426f-83f9-f44e945268a2: receive RaftClientReply:client-AC1CE418446C->edec9b8f-c318-426f-83f9-f44e945268a2@group-352661ED3FD5, cid=661, SUCCESS, logIndex=801, commits[edec9b8f-c318-426f-83f9-f44e945268a2:c803, 02a03aee-1dd1-43c9-94ca-c76e2a537489:c799, 9fb73170-bb25-48da-afcf-6f1f9e11598f:c799]
2019-07-10 10:42:34,972 INFO  client.GrpcClientProtocolClient (GrpcClientProtocolClient.java:onNext(255)) - client-AC1CE418446C->edec9b8f-c318-426f-83f9-f44e945268a2: receive RaftClientReply:client-AC1CE418446C->edec9b8f-c318-426f-83f9-f44e945268a2@group-352661ED3FD5, cid=662, SUCCESS, logIndex=802, commits[edec9b8f-c318-426f-83f9-f44e945268a2:c803, 02a03aee-1dd1-43c9-94ca-c76e2a537489:c799, 9fb73170-bb25-48da-afcf-6f1f9e11598f:c799]
2019-07-10 10:42:34,973 INFO  client.GrpcClientProtocolClient (GrpcClientProtocolClient.java:onNext(255)) - client-AC1CE418446C->edec9b8f-c318-426f-83f9-f44e945268a2: receive RaftClientReply:client-AC1CE418446C->edec9b8f-c318-426f-83f9-f44e945268a2@group-352661ED3FD5, cid=663, SUCCESS, logIndex=803, commits[edec9b8f-c318-426f-83f9-f44e945268a2:c804, 02a03aee-1dd1-43c9-94ca-c76e2a537489:c800, 9fb73170-bb25-48da-afcf-6f1f9e11598f:c799]
2019-07-10 10:42:34,974 INFO  client.GrpcClientProtocolClient (GrpcClientProtocolClient.java:onNext(255)) - client-AC1CE418446C->edec9b8f-c318-426f-83f9-f44e945268a2: receive RaftClientReply:client-AC1CE418446C->edec9b8f-c318-426f-83f9-f44e945268a2@group-352661ED3FD5, cid=664, SUCCESS, logIndex=0, commits[edec9b8f-c318-426f-83f9-f44e945268a2:c807, 02a03aee-1dd1-43c9-94ca-c76e2a537489:c803, 9fb73170-bb25-48da-afcf-6f1f9e11598f:c803]
2019-07-10 10:42:34,997 INFO  client.GrpcClientProtocolClient (GrpcClientProtocolClient.java:onNext(255)) - client-AC1CE418446C->edec9b8f-c318-426f-83f9-f44e945268a2: receive RaftClientReply:client-AC1CE418446C->edec9b8f-c318-426f-83f9-f44e945268a2@group-352661ED3FD5, cid=665, SUCCESS, logIndex=808, commits[edec9b8f-c318-426f-83f9-f44e945268a2:c809, 02a03aee-1dd1-43c9-94ca-c76e2a537489:c807, 9fb73170-bb25-48da-afcf-6f1f9e11598f:c807]
2019-07-10 10:42:34,998 INFO  client.GrpcClientProtocolClient (GrpcClientProtocolClient.java:onNext(255)) - client-AC1CE418446C->edec9b8f-c318-426f-83f9-f44e945268a2: receive RaftClientReply:client-AC1CE418446C->edec9b8f-c318-426f-83f9-f44e945268a2@group-352661ED3FD5, cid=666, SUCCESS, logIndex=809, commits[edec9b8f-c318-426f-83f9-f44e945268a2:c809, 02a03aee-1dd1-43c9-94ca-c76e2a537489:c807, 9fb73170-bb25-48da-afcf-6f1f9e11598f:c807]
2019-07-10 10:42:35,022 INFO  client.GrpcClientProtocolClient (GrpcClientProtocolClient.java:onNext(255)) - client-AC1CE418446C->edec9b8f-c318-426f-83f9-f44e945268a2: receive RaftClientReply:client-AC1CE418446C->edec9b8f-c318-426f-83f9-f44e945268a2@group-352661ED3FD5, cid=667, SUCCESS, logIndex=812, commits[edec9b8f-c318-426f-83f9-f44e945268a2:c813, 02a03aee-1dd1-43c9-94ca-c76e2a537489:c809, 9fb73170-bb25-48da-afcf-6f1f9e11598f:c809]
2019-07-10 10:42:35,023 INFO  client.GrpcClientProtocolClient (GrpcClientProtocolClient.java:onNext(255)) - client-AC1CE418446C->edec9b8f-c318-426f-83f9-f44e945268a2: receive RaftClientReply:client-AC1CE418446C->edec9b8f-c318-426f-83f9-f44e945268a2@group-352661ED3FD5, cid=668, SUCCESS, logIndex=813, commits[edec9b8f-c318-426f-83f9-f44e945268a2:c813, 02a03aee-1dd1-43c9-94ca-c76e2a537489:c809, 9fb73170-bb25-48da-afcf-6f1f9e11598f:c809]
2019-07-10 10:42:35,025 INFO  client.GrpcClientProtocolClient (GrpcClientProtocolClient.java:onNext(255)) - client-AC1CE418446C->edec9b8f-c318-426f-83f9-f44e945268a2: receive RaftClientReply:client-AC1CE418446C->edec9b8f-c318-426f-83f9-f44e945268a2@group-352661ED3FD5, cid=669, SUCCESS, logIndex=0, commits[edec9b8f-c318-426f-83f9-f44e945268a2:c814, 02a03aee-1dd1-43c9-94ca-c76e2a537489:c813, 9fb73170-bb25-48da-afcf-6f1f9e11598f:c813]
2019-07-10 10:42:35,048 INFO  client.GrpcClientProtocolClient (GrpcClientProtocolClient.java:onNext(255)) - client-AC1CE418446C->edec9b8f-c318-426f-83f9-f44e945268a2: receive RaftClientReply:client-AC1CE418446C->edec9b8f-c318-426f-83f9-f44e945268a2@group-352661ED3FD5, cid=670, SUCCESS, logIndex=816, commits[edec9b8f-c318-426f-83f9-f44e945268a2:c817, 02a03aee-1dd1-43c9-94ca-c76e2a537489:c815, 9fb73170-bb25-48da-afcf-6f1f9e11598f:c815]
2019-07-10 10:42:35,048 INFO  client.GrpcClientProtocolClient (GrpcClientProtocolClient.java:onNext(255)) - client-AC1CE418446C->edec9b8f-c318-426f-83f9-f44e945268a2: receive RaftClientReply:client-AC1CE418446C->edec9b8f-c318-426f-83f9-f44e945268a2@group-352661ED3FD5, cid=671, SUCCESS, logIndex=817, commits[edec9b8f-c318-426f-83f9-f44e945268a2:c819, 02a03aee-1dd1-43c9-94ca-c76e2a537489:c815, 9fb73170-bb25-48da-afcf-6f1f9e11598f:c815]
2019-07-10 10:42:35,049 INFO  client.GrpcClientProtocolClient (GrpcClientProtocolClient.java:onNext(255)) - client-AC1CE418446C->edec9b8f-c318-426f-83f9-f44e945268a2: receive RaftClientReply:client-AC1CE418446C->edec9b8f-c318-426f-83f9-f44e945268a2@group-352661ED3FD5, cid=672, SUCCESS, logIndex=818, commits[edec9b8f-c318-426f-83f9-f44e945268a2:c819, 02a03aee-1dd1-43c9-94ca-c76e2a537489:c815, 9fb73170-bb25-48da-afcf-6f1f9e11598f:c815]
2019-07-10 10:42:35,049 INFO  client.GrpcClientProtocolClient (GrpcClientProtocolClient.java:onNext(255)) - client-AC1CE418446C->edec9b8f-c318-426f-83f9-f44e945268a2: receive RaftClientReply:client-AC1CE418446C->edec9b8f-c318-426f-83f9-f44e945268a2@group-352661ED3FD5, cid=673, SUCCESS, logIndex=819, commits[edec9b8f-c318-426f-83f9-f44e945268a2:c819, 02a03aee-1dd1-43c9-94ca-c76e2a537489:c815, 9fb73170-bb25-48da-afcf-6f1f9e11598f:c815]
2019-07-10 10:42:35,061 INFO  client.GrpcClientProtocolClient (GrpcClientProtocolClient.java:onNext(255)) - client-AC1CE418446C->edec9b8f-c318-426f-83f9-f44e945268a2: receive RaftClientReply:client-AC1CE418446C->edec9b8f-c318-426f-83f9-f44e945268a2@group-352661ED3FD5, cid=674, SUCCESS, logIndex=0, commits[edec9b8f-c318-426f-83f9-f44e945268a2:c821, 02a03aee-1dd1-43c9-94ca-c76e2a537489:c817, 9fb73170-bb25-48da-afcf-6f1f9e11598f:c817]
 0.00% |█                                                                                                    |  0/1 Time: 0:00:012019-07-10 10:42:35,082 INFO  client.GrpcClientProtocolClient (GrpcClientProtocolClient.java:onNext(255)) - client-AC1CE418446C->edec9b8f-c318-426f-83f9-f44e945268a2: receive RaftClientReply:client-AC1CE418446C->edec9b8f-c318-426f-83f9-f44e945268a2@group-352661ED3FD5, cid=675, SUCCESS, logIndex=824, commits[edec9b8f-c318-426f-83f9-f44e945268a2:c825, 02a03aee-1dd1-43c9-94ca-c76e2a537489:c823, 9fb73170-bb25-48da-afcf-6f1f9e11598f:c823]
2019-07-10 10:42:35,083 INFO  client.GrpcClientProtocolClient (GrpcClientProtocolClient.java:onNext(255)) - client-AC1CE418446C->edec9b8f-c318-426f-83f9-f44e945268a2: receive RaftClientReply:client-AC1CE418446C->edec9b8f-c318-426f-83f9-f44e945268a2@group-352661ED3FD5, cid=676, SUCCESS, logIndex=825, commits[edec9b8f-c318-426f-83f9-f44e945268a2:c825, 02a03aee-1dd1-43c9-94ca-c76e2a537489:c823, 9fb73170-bb25-48da-afcf-6f1f9e11598f:c823]
2019-07-10 10:42:35,099 INFO  client.GrpcClientProtocolClient (GrpcClientProtocolClient.java:onNext(255)) - client-AC1CE418446C->edec9b8f-c318-426f-83f9-f44e945268a2: receive RaftClientReply:client-AC1CE418446C->edec9b8f-c318-426f-83f9-f44e945268a2@group-352661ED3FD5, cid=677, SUCCESS, logIndex=828, commits[edec9b8f-c318-426f-83f9-f44e945268a2:c829, 02a03aee-1dd1-43c9-94ca-c76e2a537489:c824, 9fb73170-bb25-48da-afcf-6f1f9e11598f:c825]
2019-07-10 10:42:35,100 INFO  client.GrpcClientProtocolClient (GrpcClientProtocolClient.java:onNext(255)) - client-AC1CE418446C->edec9b8f-c318-426f-83f9-f44e945268a2: receive RaftClientReply:client-AC1CE418446C->edec9b8f-c318-426f-83f9-f44e945268a2@group-352661ED3FD5, cid=678, SUCCESS, logIndex=829, commits[edec9b8f-c318-426f-83f9-f44e945268a2:c829, 02a03aee-1dd1-43c9-94ca-c76e2a537489:c824, 9fb73170-bb25-48da-afcf-6f1f9e11598f:c825]
2019-07-10 10:42:35,101 INFO  client.GrpcClientProtocolClient (GrpcClientProtocolClient.java:onNext(255)) - client-AC1CE418446C->edec9b8f-c318-426f-83f9-f44e945268a2: receive RaftClientReply:client-AC1CE418446C->edec9b8f-c318-426f-83f9-f44e945268a2@group-352661ED3FD5, cid=679, SUCCESS, logIndex=0, commits[edec9b8f-c318-426f-83f9-f44e945268a2:c829, 02a03aee-1dd1-43c9-94ca-c76e2a537489:c825, 9fb73170-bb25-48da-afcf-6f1f9e11598f:c825]
2019-07-10 10:42:35,102 INFO  client.GrpcClientProtocolClient (GrpcClientProtocolClient.java:onNext(255)) - client-AC1CE418446C->edec9b8f-c318-426f-83f9-f44e945268a2: receive RaftClientReply:client-AC1CE418446C->edec9b8f-c318-426f-83f9-f44e945268a2@group-352661ED3FD5, cid=680, SUCCESS, logIndex=0, commits[edec9b8f-c318-426f-83f9-f44e945268a2:c830, 02a03aee-1dd1-43c9-94ca-c76e2a537489:c829, 9fb73170-bb25-48da-afcf-6f1f9e11598f:c829]
2019-07-10 10:42:35,129 INFO  client.GrpcClientProtocolClient (GrpcClientProtocolClient.java:onNext(255)) - client-AC1CE418446C->edec9b8f-c318-426f-83f9-f44e945268a2: receive RaftClientReply:client-AC1CE418446C->edec9b8f-c318-426f-83f9-f44e945268a2@group-352661ED3FD5, cid=681, SUCCESS, logIndex=832, commits[edec9b8f-c318-426f-83f9-f44e945268a2:c834, 02a03aee-1dd1-43c9-94ca-c76e2a537489:c831, 9fb73170-bb25-48da-afcf-6f1f9e11598f:c831]
2019-07-10 10:42:35,130 INFO  client.GrpcClientProtocolClient (GrpcClientProtocolClient.java:onNext(255)) - client-AC1CE418446C->edec9b8f-c318-426f-83f9-f44e945268a2: receive RaftClientReply:client-AC1CE418446C->edec9b8f-c318-426f-83f9-f44e945268a2@group-352661ED3FD5, cid=682, SUCCESS, logIndex=833, commits[edec9b8f-c318-426f-83f9-f44e945268a2:c835, 02a03aee-1dd1-43c9-94ca-c76e2a537489:c831, 9fb73170-bb25-48da-afcf-6f1f9e11598f:c831]
2019-07-10 10:42:35,130 INFO  client.GrpcClientProtocolClient (GrpcClientProtocolClient.java:onNext(255)) - client-AC1CE418446C->edec9b8f-c318-426f-83f9-f44e945268a2: receive RaftClientReply:client-AC1CE418446C->edec9b8f-c318-426f-83f9-f44e945268a2@group-352661ED3FD5, cid=683, SUCCESS, logIndex=834, commits[edec9b8f-c318-426f-83f9-f44e945268a2:c835, 02a03aee-1dd1-43c9-94ca-c76e2a537489:c831, 9fb73170-bb25-48da-afcf-6f1f9e11598f:c831]
2019-07-10 10:42:35,131 INFO  client.GrpcClientProtocolClient (GrpcClientProtocolClient.java:onNext(255)) - client-AC1CE418446C->edec9b8f-c318-426f-83f9-f44e945268a2: receive RaftClientReply:client-AC1CE418446C->edec9b8f-c318-426f-83f9-f44e945268a2@group-352661ED3FD5, cid=684, SUCCESS, logIndex=835, commits[edec9b8f-c318-426f-83f9-f44e945268a2:c835, 02a03aee-1dd1-43c9-94ca-c76e2a537489:c831, 9fb73170-bb25-48da-afcf-6f1f9e11598f:c831]
2019-07-10 10:42:35,142 INFO  client.GrpcClientProtocolClient (GrpcClientProtocolClient.java:onNext(255)) - client-AC1CE418446C->edec9b8f-c318-426f-83f9-f44e945268a2: receive RaftClientReply:client-AC1CE418446C->edec9b8f-c318-426f-83f9-f44e945268a2@group-352661ED3FD5, cid=685, SUCCESS, logIndex=0, commits[edec9b8f-c318-426f-83f9-f44e945268a2:c837, 02a03aee-1dd1-43c9-94ca-c76e2a537489:c833, 9fb73170-bb25-48da-afcf-6f1f9e11598f:c833]
2019-07-10 10:42:35,164 INFO  client.GrpcClientProtocolClient (GrpcClientProtocolClient.java:onNext(255)) - client-AC1CE418446C->edec9b8f-c318-426f-83f9-f44e945268a2: receive RaftClientReply:client-AC1CE418446C->edec9b8f-c318-426f-83f9-f44e945268a2@group-352661ED3FD5, cid=686, SUCCESS, logIndex=840, commits[edec9b8f-c318-426f-83f9-f44e945268a2:c841, 02a03aee-1dd1-43c9-94ca-c76e2a537489:c839, 9fb73170-bb25-48da-afcf-6f1f9e11598f:c839]
2019-07-10 10:42:35,164 INFO  client.GrpcClientProtocolClient (GrpcClientProtocolClient.java:onNext(255)) - client-AC1CE418446C->edec9b8f-c318-426f-83f9-f44e945268a2: receive RaftClientReply:client-AC1CE418446C->edec9b8f-c318-426f-83f9-f44e945268a2@group-352661ED3FD5, cid=687, SUCCESS, logIndex=841, commits[edec9b8f-c318-426f-83f9-f44e945268a2:c841, 02a03aee-1dd1-43c9-94ca-c76e2a537489:c839, 9fb73170-bb25-48da-afcf-6f1f9e11598f:c839]
2019-07-10 10:42:35,189 INFO  client.GrpcClientProtocolClient (GrpcClientProtocolClient.java:onNext(255)) - client-AC1CE418446C->edec9b8f-c318-426f-83f9-f44e945268a2: receive RaftClientReply:client-AC1CE418446C->edec9b8f-c318-426f-83f9-f44e945268a2@group-352661ED3FD5, cid=688, SUCCESS, logIndex=844, commits[edec9b8f-c318-426f-83f9-f44e945268a2:c845, 02a03aee-1dd1-43c9-94ca-c76e2a537489:c841, 9fb73170-bb25-48da-afcf-6f1f9e11598f:c841]
2019-07-10 10:42:35,190 INFO  client.GrpcClientProtocolClient (GrpcClientProtocolClient.java:onNext(255)) - client-AC1CE418446C->edec9b8f-c318-426f-83f9-f44e945268a2: receive RaftClientReply:client-AC1CE418446C->edec9b8f-c318-426f-83f9-f44e945268a2@group-352661ED3FD5, cid=689, SUCCESS, logIndex=845, commits[edec9b8f-c318-426f-83f9-f44e945268a2:c845, 02a03aee-1dd1-43c9-94ca-c76e2a537489:c841, 9fb73170-bb25-48da-afcf-6f1f9e11598f:c841]
2019-07-10 10:42:35,201 INFO  client.GrpcClientProtocolClient (GrpcClientProtocolClient.java:onNext(255)) - client-AC1CE418446C->edec9b8f-c318-426f-83f9-f44e945268a2: receive RaftClientReply:client-AC1CE418446C->edec9b8f-c318-426f-83f9-f44e945268a2@group-352661ED3FD5, cid=690, SUCCESS, logIndex=0, commits[edec9b8f-c318-426f-83f9-f44e945268a2:c846, 02a03aee-1dd1-43c9-94ca-c76e2a537489:c845, 9fb73170-bb25-48da-afcf-6f1f9e11598f:c845]
2019-07-10 10:42:35,221 INFO  client.GrpcClientProtocolClient (GrpcClientProtocolClient.java:onNext(255)) - client-AC1CE418446C->edec9b8f-c318-426f-83f9-f44e945268a2: receive RaftClientReply:client-AC1CE418446C->edec9b8f-c318-426f-83f9-f44e945268a2@group-352661ED3FD5, cid=691, SUCCESS, logIndex=848, commits[edec9b8f-c318-426f-83f9-f44e945268a2:c849, 02a03aee-1dd1-43c9-94ca-c76e2a537489:c847, 9fb73170-bb25-48da-afcf-6f1f9e11598f:c847]
2019-07-10 10:42:35,222 INFO  client.GrpcClientProtocolClient (GrpcClientProtocolClient.java:onNext(255)) - client-AC1CE418446C->edec9b8f-c318-426f-83f9-f44e945268a2: receive RaftClientReply:client-AC1CE418446C->edec9b8f-c318-426f-83f9-f44e945268a2@group-352661ED3FD5, cid=692, SUCCESS, logIndex=849, commits[edec9b8f-c318-426f-83f9-f44e945268a2:c851, 02a03aee-1dd1-43c9-94ca-c76e2a537489:c847, 9fb73170-bb25-48da-afcf-6f1f9e11598f:c847]
2019-07-10 10:42:35,222 INFO  client.GrpcClientProtocolClient (GrpcClientProtocolClient.java:onNext(255)) - client-AC1CE418446C->edec9b8f-c318-426f-83f9-f44e945268a2: receive RaftClientReply:client-AC1CE418446C->edec9b8f-c318-426f-83f9-f44e945268a2@group-352661ED3FD5, cid=693, SUCCESS, logIndex=850, commits[edec9b8f-c318-426f-83f9-f44e945268a2:c851, 02a03aee-1dd1-43c9-94ca-c76e2a537489:c847, 9fb73170-bb25-48da-afcf-6f1f9e11598f:c847]
2019-07-10 10:42:35,223 INFO  client.GrpcClientProtocolClient (GrpcClientProtocolClient.java:onNext(255)) - client-AC1CE418446C->edec9b8f-c318-426f-83f9-f44e945268a2: receive RaftClientReply:client-AC1CE418446C->edec9b8f-c318-426f-83f9-f44e945268a2@group-352661ED3FD5, cid=694, SUCCESS, logIndex=851, commits[edec9b8f-c318-426f-83f9-f44e945268a2:c851, 02a03aee-1dd1-43c9-94ca-c76e2a537489:c847, 9fb73170-bb25-48da-afcf-6f1f9e11598f:c847]
2019-07-10 10:42:35,224 INFO  client.GrpcClientProtocolClient (GrpcClientProtocolClient.java:onNext(255)) - client-AC1CE418446C->edec9b8f-c318-426f-83f9-f44e945268a2: receive RaftClientReply:client-AC1CE418446C->edec9b8f-c318-426f-83f9-f44e945268a2@group-352661ED3FD5, cid=695, SUCCESS, logIndex=0, commits[edec9b8f-c318-426f-83f9-f44e945268a2:c853, 02a03aee-1dd1-43c9-94ca-c76e2a537489:c849, 9fb73170-bb25-48da-afcf-6f1f9e11598f:c849]
2019-07-10 10:42:35,348 INFO  client.GrpcClientProtocolClient (GrpcClientProtocolClient.java:onNext(255)) - client-AC1CE418446C->edec9b8f-c318-426f-83f9-f44e945268a2: receive RaftClientReply:client-AC1CE418446C->edec9b8f-c318-426f-83f9-f44e945268a2@group-352661ED3FD5, cid=696, SUCCESS, logIndex=856, commits[edec9b8f-c318-426f-83f9-f44e945268a2:c857, 02a03aee-1dd1-43c9-94ca-c76e2a537489:c855, 9fb73170-bb25-48da-afcf-6f1f9e11598f:c855]
2019-07-10 10:42:35,348 INFO  client.GrpcClientProtocolClient (GrpcClientProtocolClient.java:onNext(255)) - client-AC1CE418446C->edec9b8f-c318-426f-83f9-f44e945268a2: receive RaftClientReply:client-AC1CE418446C->edec9b8f-c318-426f-83f9-f44e945268a2@group-352661ED3FD5, cid=697, SUCCESS, logIndex=857, commits[edec9b8f-c318-426f-83f9-f44e945268a2:c857, 02a03aee-1dd1-43c9-94ca-c76e2a537489:c855, 9fb73170-bb25-48da-afcf-6f1f9e11598f:c855]
2019-07-10 10:42:35,373 INFO  client.GrpcClientProtocolClient (GrpcClientProtocolClient.java:onNext(255)) - client-AC1CE418446C->edec9b8f-c318-426f-83f9-f44e945268a2: receive RaftClientReply:client-AC1CE418446C->edec9b8f-c318-426f-83f9-f44e945268a2@group-352661ED3FD5, cid=698, SUCCESS, logIndex=860, commits[edec9b8f-c318-426f-83f9-f44e945268a2:c861, 02a03aee-1dd1-43c9-94ca-c76e2a537489:c857, 9fb73170-bb25-48da-afcf-6f1f9e11598f:c857]
2019-07-10 10:42:35,373 INFO  client.GrpcClientProtocolClient (GrpcClientProtocolClient.java:onNext(255)) - client-AC1CE418446C->edec9b8f-c318-426f-83f9-f44e945268a2: receive RaftClientReply:client-AC1CE418446C->edec9b8f-c318-426f-83f9-f44e945268a2@group-352661ED3FD5, cid=699, SUCCESS, logIndex=861, commits[edec9b8f-c318-426f-83f9-f44e945268a2:c861, 02a03aee-1dd1-43c9-94ca-c76e2a537489:c857, 9fb73170-bb25-48da-afcf-6f1f9e11598f:c857]
2019-07-10 10:42:35,406 INFO  client.GrpcClientProtocolClient (GrpcClientProtocolClient.java:onNext(255)) - client-AC1CE418446C->edec9b8f-c318-426f-83f9-f44e945268a2: receive RaftClientReply:client-AC1CE418446C->edec9b8f-c318-426f-83f9-f44e945268a2@group-352661ED3FD5, cid=700, SUCCESS, logIndex=0, commits[edec9b8f-c318-426f-83f9-f44e945268a2:c863, 02a03aee-1dd1-43c9-94ca-c76e2a537489:c861, 9fb73170-bb25-48da-afcf-6f1f9e11598f:c861]
2019-07-10 10:42:36,015 INFO  client.GrpcClientProtocolClient (GrpcClientProtocolClient.java:onNext(255)) - client-AC1CE418446C->edec9b8f-c318-426f-83f9-f44e945268a2: receive RaftClientReply:client-AC1CE418446C->edec9b8f-c318-426f-83f9-f44e945268a2@group-352661ED3FD5, cid=701, SUCCESS, logIndex=864, commits[edec9b8f-c318-426f-83f9-f44e945268a2:c865, 02a03aee-1dd1-43c9-94ca-c76e2a537489:c863, 9fb73170-bb25-48da-afcf-6f1f9e11598f:c863]
2019-07-10 10:42:36,016 INFO  client.GrpcClientProtocolClient (GrpcClientProtocolClient.java:onNext(255)) - client-AC1CE418446C->edec9b8f-c318-426f-83f9-f44e945268a2: receive RaftClientReply:client-AC1CE418446C->edec9b8f-c318-426f-83f9-f44e945268a2@group-352661ED3FD5, cid=702, SUCCESS, logIndex=865, commits[edec9b8f-c318-426f-83f9-f44e945268a2:c866, 02a03aee-1dd1-43c9-94ca-c76e2a537489:c863, 9fb73170-bb25-48da-afcf-6f1f9e11598f:c863]
2019-07-10 10:42:36,017 INFO  client.GrpcClientProtocolClient (GrpcClientProtocolClient.java:onNext(255)) - client-AC1CE418446C->edec9b8f-c318-426f-83f9-f44e945268a2: receive RaftClientReply:client-AC1CE418446C->edec9b8f-c318-426f-83f9-f44e945268a2@group-352661ED3FD5, cid=703, SUCCESS, logIndex=866, commits[edec9b8f-c318-426f-83f9-f44e945268a2:c867, 02a03aee-1dd1-43c9-94ca-c76e2a537489:c863, 9fb73170-bb25-48da-afcf-6f1f9e11598f:c863]
2019-07-10 10:42:36,018 INFO  client.GrpcClientProtocolClient (GrpcClientProtocolClient.java:onNext(255)) - client-AC1CE418446C->edec9b8f-c318-426f-83f9-f44e945268a2: receive RaftClientReply:client-AC1CE418446C->edec9b8f-c318-426f-83f9-f44e945268a2@group-352661ED3FD5, cid=704, SUCCESS, logIndex=867, commits[edec9b8f-c318-426f-83f9-f44e945268a2:c867, 02a03aee-1dd1-43c9-94ca-c76e2a537489:c863, 9fb73170-bb25-48da-afcf-6f1f9e11598f:c863]
2019-07-10 10:42:36,020 INFO  client.GrpcClientProtocolClient (GrpcClientProtocolClient.java:onNext(255)) - client-AC1CE418446C->edec9b8f-c318-426f-83f9-f44e945268a2: receive RaftClientReply:client-AC1CE418446C->edec9b8f-c318-426f-83f9-f44e945268a2@group-352661ED3FD5, cid=705, SUCCESS, logIndex=0, commits[edec9b8f-c318-426f-83f9-f44e945268a2:c869, 02a03aee-1dd1-43c9-94ca-c76e2a537489:c865, 9fb73170-bb25-48da-afcf-6f1f9e11598f:c866]
2019-07-10 10:42:36,041 INFO  client.GrpcClientProtocolClient (GrpcClientProtocolClient.java:onNext(255)) - client-AC1CE418446C->edec9b8f-c318-426f-83f9-f44e945268a2: receive RaftClientReply:client-AC1CE418446C->edec9b8f-c318-426f-83f9-f44e945268a2@group-352661ED3FD5, cid=706, SUCCESS, logIndex=872, commits[edec9b8f-c318-426f-83f9-f44e945268a2:c873, 02a03aee-1dd1-43c9-94ca-c76e2a537489:c871, 9fb73170-bb25-48da-afcf-6f1f9e11598f:c871]
2019-07-10 10:42:36,041 INFO  client.GrpcClientProtocolClient (GrpcClientProtocolClient.java:onNext(255)) - client-AC1CE418446C->edec9b8f-c318-426f-83f9-f44e945268a2: receive RaftClientReply:client-AC1CE418446C->edec9b8f-c318-426f-83f9-f44e945268a2@group-352661ED3FD5, cid=707, SUCCESS, logIndex=873, commits[edec9b8f-c318-426f-83f9-f44e945268a2:c873, 02a03aee-1dd1-43c9-94ca-c76e2a537489:c871, 9fb73170-bb25-48da-afcf-6f1f9e11598f:c871]
 0.00% |█                                                                                                    |  0/1 Time: 0:00:022019-07-10 10:42:36,066 INFO  client.GrpcClientProtocolClient (GrpcClientProtocolClient.java:onNext(255)) - client-AC1CE418446C->edec9b8f-c318-426f-83f9-f44e945268a2: receive RaftClientReply:client-AC1CE418446C->edec9b8f-c318-426f-83f9-f44e945268a2@group-352661ED3FD5, cid=708, SUCCESS, logIndex=876, commits[edec9b8f-c318-426f-83f9-f44e945268a2:c877, 02a03aee-1dd1-43c9-94ca-c76e2a537489:c875, 9fb73170-bb25-48da-afcf-6f1f9e11598f:c875]
2019-07-10 10:42:36,066 INFO  client.GrpcClientProtocolClient (GrpcClientProtocolClient.java:onNext(255)) - client-AC1CE418446C->edec9b8f-c318-426f-83f9-f44e945268a2: receive RaftClientReply:client-AC1CE418446C->edec9b8f-c318-426f-83f9-f44e945268a2@group-352661ED3FD5, cid=709, SUCCESS, logIndex=877, commits[edec9b8f-c318-426f-83f9-f44e945268a2:c877, 02a03aee-1dd1-43c9-94ca-c76e2a537489:c875, 9fb73170-bb25-48da-afcf-6f1f9e11598f:c875]
2019-07-10 10:42:36,073 INFO  client.GrpcClientProtocolClient (GrpcClientProtocolClient.java:onNext(255)) - client-AC1CE418446C->edec9b8f-c318-426f-83f9-f44e945268a2: receive RaftClientReply:client-AC1CE418446C->edec9b8f-c318-426f-83f9-f44e945268a2@group-352661ED3FD5, cid=710, SUCCESS, logIndex=0, commits[edec9b8f-c318-426f-83f9-f44e945268a2:c878, 02a03aee-1dd1-43c9-94ca-c76e2a537489:c877, 9fb73170-bb25-48da-afcf-6f1f9e11598f:c877]
2019-07-10 10:42:36,092 INFO  client.GrpcClientProtocolClient (GrpcClientProtocolClient.java:onNext(255)) - client-AC1CE418446C->edec9b8f-c318-426f-83f9-f44e945268a2: receive RaftClientReply:client-AC1CE418446C->edec9b8f-c318-426f-83f9-f44e945268a2@group-352661ED3FD5, cid=711, SUCCESS, logIndex=880, commits[edec9b8f-c318-426f-83f9-f44e945268a2:c881, 02a03aee-1dd1-43c9-94ca-c76e2a537489:c879, 9fb73170-bb25-48da-afcf-6f1f9e11598f:c877]
2019-07-10 10:42:36,093 INFO  client.GrpcClientProtocolClient (GrpcClientProtocolClient.java:onNext(255)) - client-AC1CE418446C->edec9b8f-c318-426f-83f9-f44e945268a2: receive RaftClientReply:client-AC1CE418446C->edec9b8f-c318-426f-83f9-f44e945268a2@group-352661ED3FD5, cid=712, SUCCESS, logIndex=881, commits[edec9b8f-c318-426f-83f9-f44e945268a2:c881, 02a03aee-1dd1-43c9-94ca-c76e2a537489:c879, 9fb73170-bb25-48da-afcf-6f1f9e11598f:c877]
2019-07-10 10:42:36,094 INFO  client.GrpcClientProtocolClient (GrpcClientProtocolClient.java:onNext(255)) - client-AC1CE418446C->edec9b8f-c318-426f-83f9-f44e945268a2: receive RaftClientReply:client-AC1CE418446C->edec9b8f-c318-426f-83f9-f44e945268a2@group-352661ED3FD5, cid=713, SUCCESS, logIndex=882, commits[edec9b8f-c318-426f-83f9-f44e945268a2:c883, 02a03aee-1dd1-43c9-94ca-c76e2a537489:c879, 9fb73170-bb25-48da-afcf-6f1f9e11598f:c879]
2019-07-10 10:42:36,095 INFO  client.GrpcClientProtocolClient (GrpcClientProtocolClient.java:onNext(255)) - client-AC1CE418446C->edec9b8f-c318-426f-83f9-f44e945268a2: receive RaftClientReply:client-AC1CE418446C->edec9b8f-c318-426f-83f9-f44e945268a2@group-352661ED3FD5, cid=714, SUCCESS, logIndex=883, commits[edec9b8f-c318-426f-83f9-f44e945268a2:c884, 02a03aee-1dd1-43c9-94ca-c76e2a537489:c879, 9fb73170-bb25-48da-afcf-6f1f9e11598f:c881]
2019-07-10 10:42:36,096 INFO  client.GrpcClientProtocolClient (GrpcClientProtocolClient.java:onNext(255)) - client-AC1CE418446C->edec9b8f-c318-426f-83f9-f44e945268a2: receive RaftClientReply:client-AC1CE418446C->edec9b8f-c318-426f-83f9-f44e945268a2@group-352661ED3FD5, cid=715, SUCCESS, logIndex=0, commits[edec9b8f-c318-426f-83f9-f44e945268a2:c886, 02a03aee-1dd1-43c9-94ca-c76e2a537489:c881, 9fb73170-bb25-48da-afcf-6f1f9e11598f:c883]
2019-07-10 10:42:36,117 INFO  client.GrpcClientProtocolClient (GrpcClientProtocolClient.java:onNext(255)) - client-AC1CE418446C->edec9b8f-c318-426f-83f9-f44e945268a2: receive RaftClientReply:client-AC1CE418446C->edec9b8f-c318-426f-83f9-f44e945268a2@group-352661ED3FD5, cid=716, SUCCESS, logIndex=888, commits[edec9b8f-c318-426f-83f9-f44e945268a2:c889, 02a03aee-1dd1-43c9-94ca-c76e2a537489:c887, 9fb73170-bb25-48da-afcf-6f1f9e11598f:c887]
2019-07-10 10:42:36,117 INFO  client.GrpcClientProtocolClient (GrpcClientProtocolClient.java:onNext(255)) - client-AC1CE418446C->edec9b8f-c318-426f-83f9-f44e945268a2: receive RaftClientReply:client-AC1CE418446C->edec9b8f-c318-426f-83f9-f44e945268a2@group-352661ED3FD5, cid=717, SUCCESS, logIndex=889, commits[edec9b8f-c318-426f-83f9-f44e945268a2:c889, 02a03aee-1dd1-43c9-94ca-c76e2a537489:c887, 9fb73170-bb25-48da-afcf-6f1f9e11598f:c887]
2019-07-10 10:42:36,134 INFO  client.GrpcClientProtocolClient (GrpcClientProtocolClient.java:onNext(255)) - client-AC1CE418446C->edec9b8f-c318-426f-83f9-f44e945268a2: receive RaftClientReply:client-AC1CE418446C->edec9b8f-c318-426f-83f9-f44e945268a2@group-352661ED3FD5, cid=718, SUCCESS, logIndex=892, commits[edec9b8f-c318-426f-83f9-f44e945268a2:c893, 02a03aee-1dd1-43c9-94ca-c76e2a537489:c890, 9fb73170-bb25-48da-afcf-6f1f9e11598f:c890]
2019-07-10 10:42:36,134 INFO  client.GrpcClientProtocolClient (GrpcClientProtocolClient.java:onNext(255)) - client-AC1CE418446C->edec9b8f-c318-426f-83f9-f44e945268a2: receive RaftClientReply:client-AC1CE418446C->edec9b8f-c318-426f-83f9-f44e945268a2@group-352661ED3FD5, cid=719, SUCCESS, logIndex=893, commits[edec9b8f-c318-426f-83f9-f44e945268a2:c893, 02a03aee-1dd1-43c9-94ca-c76e2a537489:c890, 9fb73170-bb25-48da-afcf-6f1f9e11598f:c890]
2019-07-10 10:42:36,147 INFO  client.GrpcClientProtocolClient (GrpcClientProtocolClient.java:onNext(255)) - client-AC1CE418446C->edec9b8f-c318-426f-83f9-f44e945268a2: receive RaftClientReply:client-AC1CE418446C->edec9b8f-c318-426f-83f9-f44e945268a2@group-352661ED3FD5, cid=720, SUCCESS, logIndex=0, commits[edec9b8f-c318-426f-83f9-f44e945268a2:c895, 02a03aee-1dd1-43c9-94ca-c76e2a537489:c893, 9fb73170-bb25-48da-afcf-6f1f9e11598f:c893]
2019-07-10 10:42:36,169 INFO  client.GrpcClientProtocolClient (GrpcClientProtocolClient.java:onNext(255)) - client-AC1CE418446C->edec9b8f-c318-426f-83f9-f44e945268a2: receive RaftClientReply:client-AC1CE418446C->edec9b8f-c318-426f-83f9-f44e945268a2@group-352661ED3FD5, cid=721, SUCCESS, logIndex=896, commits[edec9b8f-c318-426f-83f9-f44e945268a2:c899, 02a03aee-1dd1-43c9-94ca-c76e2a537489:c893, 9fb73170-bb25-48da-afcf-6f1f9e11598f:c895]
2019-07-10 10:42:36,170 INFO  client.GrpcClientProtocolClient (GrpcClientProtocolClient.java:onNext(255)) - client-AC1CE418446C->edec9b8f-c318-426f-83f9-f44e945268a2: receive RaftClientReply:client-AC1CE418446C->edec9b8f-c318-426f-83f9-f44e945268a2@group-352661ED3FD5, cid=722, SUCCESS, logIndex=897, commits[edec9b8f-c318-426f-83f9-f44e945268a2:c899, 02a03aee-1dd1-43c9-94ca-c76e2a537489:c895, 9fb73170-bb25-48da-afcf-6f1f9e11598f:c895]
2019-07-10 10:42:36,171 INFO  client.GrpcClientProtocolClient (GrpcClientProtocolClient.java:onNext(255)) - client-AC1CE418446C->edec9b8f-c318-426f-83f9-f44e945268a2: receive RaftClientReply:client-AC1CE418446C->edec9b8f-c318-426f-83f9-f44e945268a2@group-352661ED3FD5, cid=723, SUCCESS, logIndex=898, commits[edec9b8f-c318-426f-83f9-f44e945268a2:c899, 02a03aee-1dd1-43c9-94ca-c76e2a537489:c895, 9fb73170-bb25-48da-afcf-6f1f9e11598f:c895]
2019-07-10 10:42:36,171 INFO  client.GrpcClientProtocolClient (GrpcClientProtocolClient.java:onNext(255)) - client-AC1CE418446C->edec9b8f-c318-426f-83f9-f44e945268a2: receive RaftClientReply:client-AC1CE418446C->edec9b8f-c318-426f-83f9-f44e945268a2@group-352661ED3FD5, cid=724, SUCCESS, logIndex=899, commits[edec9b8f-c318-426f-83f9-f44e945268a2:c899, 02a03aee-1dd1-43c9-94ca-c76e2a537489:c895, 9fb73170-bb25-48da-afcf-6f1f9e11598f:c895]
2019-07-10 10:42:36,181 INFO  client.GrpcClientProtocolClient (GrpcClientProtocolClient.java:onNext(255)) - client-AC1CE418446C->edec9b8f-c318-426f-83f9-f44e945268a2: receive RaftClientReply:client-AC1CE418446C->edec9b8f-c318-426f-83f9-f44e945268a2@group-352661ED3FD5, cid=725, SUCCESS, logIndex=0, commits[edec9b8f-c318-426f-83f9-f44e945268a2:c900, 02a03aee-1dd1-43c9-94ca-c76e2a537489:c897, 9fb73170-bb25-48da-afcf-6f1f9e11598f:c897]
2019-07-10 10:42:36,196 INFO  client.GrpcClientProtocolClient (GrpcClientProtocolClient.java:onNext(255)) - client-AC1CE418446C->edec9b8f-c318-426f-83f9-f44e945268a2: receive RaftClientReply:client-AC1CE418446C->edec9b8f-c318-426f-83f9-f44e945268a2@group-352661ED3FD5, cid=726, SUCCESS, logIndex=904, commits[edec9b8f-c318-426f-83f9-f44e945268a2:c905, 02a03aee-1dd1-43c9-94ca-c76e2a537489:c903, 9fb73170-bb25-48da-afcf-6f1f9e11598f:c903]
2019-07-10 10:42:36,197 INFO  client.GrpcClientProtocolClient (GrpcClientProtocolClient.java:onNext(255)) - client-AC1CE418446C->edec9b8f-c318-426f-83f9-f44e945268a2: receive RaftClientReply:client-AC1CE418446C->edec9b8f-c318-426f-83f9-f44e945268a2@group-352661ED3FD5, cid=727, SUCCESS, logIndex=905, commits[edec9b8f-c318-426f-83f9-f44e945268a2:c905, 02a03aee-1dd1-43c9-94ca-c76e2a537489:c903, 9fb73170-bb25-48da-afcf-6f1f9e11598f:c903]
2019-07-10 10:42:36,210 INFO  client.GrpcClientProtocolClient (GrpcClientProtocolClient.java:onNext(255)) - client-AC1CE418446C->edec9b8f-c318-426f-83f9-f44e945268a2: receive RaftClientReply:client-AC1CE418446C->edec9b8f-c318-426f-83f9-f44e945268a2@group-352661ED3FD5, cid=728, SUCCESS, logIndex=908, commits[edec9b8f-c318-426f-83f9-f44e945268a2:c909, 02a03aee-1dd1-43c9-94ca-c76e2a537489:c905, 9fb73170-bb25-48da-afcf-6f1f9e11598f:c904]
2019-07-10 10:42:36,210 INFO  client.GrpcClientProtocolClient (GrpcClientProtocolClient.java:onNext(255)) - client-AC1CE418446C->edec9b8f-c318-426f-83f9-f44e945268a2: receive RaftClientReply:client-AC1CE418446C->edec9b8f-c318-426f-83f9-f44e945268a2@group-352661ED3FD5, cid=729, SUCCESS, logIndex=909, commits[edec9b8f-c318-426f-83f9-f44e945268a2:c909, 02a03aee-1dd1-43c9-94ca-c76e2a537489:c905, 9fb73170-bb25-48da-afcf-6f1f9e11598f:c905]
2019-07-10 10:42:36,213 INFO  client.GrpcClientProtocolClient (GrpcClientProtocolClient.java:onNext(255)) - client-AC1CE418446C->edec9b8f-c318-426f-83f9-f44e945268a2: receive RaftClientReply:client-AC1CE418446C->edec9b8f-c318-426f-83f9-f44e945268a2@group-352661ED3FD5, cid=730, SUCCESS, logIndex=0, commits[edec9b8f-c318-426f-83f9-f44e945268a2:c911, 02a03aee-1dd1-43c9-94ca-c76e2a537489:c909, 9fb73170-bb25-48da-afcf-6f1f9e11598f:c909]
2019-07-10 10:42:36,249 INFO  client.GrpcClientProtocolClient (GrpcClientProtocolClient.java:onNext(255)) - client-AC1CE418446C->edec9b8f-c318-426f-83f9-f44e945268a2: receive RaftClientReply:client-AC1CE418446C->edec9b8f-c318-426f-83f9-f44e945268a2@group-352661ED3FD5, cid=731, SUCCESS, logIndex=912, commits[edec9b8f-c318-426f-83f9-f44e945268a2:c915, 02a03aee-1dd1-43c9-94ca-c76e2a537489:c911, 9fb73170-bb25-48da-afcf-6f1f9e11598f:c911]
2019-07-10 10:42:36,250 INFO  client.GrpcClientProtocolClient (GrpcClientProtocolClient.java:onNext(255)) - client-AC1CE418446C->edec9b8f-c318-426f-83f9-f44e945268a2: receive RaftClientReply:client-AC1CE418446C->edec9b8f-c318-426f-83f9-f44e945268a2@group-352661ED3FD5, cid=732, SUCCESS, logIndex=913, commits[edec9b8f-c318-426f-83f9-f44e945268a2:c915, 02a03aee-1dd1-43c9-94ca-c76e2a537489:c911, 9fb73170-bb25-48da-afcf-6f1f9e11598f:c911]
2019-07-10 10:42:36,250 INFO  client.GrpcClientProtocolClient (GrpcClientProtocolClient.java:onNext(255)) - client-AC1CE418446C->edec9b8f-c318-426f-83f9-f44e945268a2: receive RaftClientReply:client-AC1CE418446C->edec9b8f-c318-426f-83f9-f44e945268a2@group-352661ED3FD5, cid=733, SUCCESS, logIndex=914, commits[edec9b8f-c318-426f-83f9-f44e945268a2:c915, 02a03aee-1dd1-43c9-94ca-c76e2a537489:c911, 9fb73170-bb25-48da-afcf-6f1f9e11598f:c911]
2019-07-10 10:42:36,251 INFO  client.GrpcClientProtocolClient (GrpcClientProtocolClient.java:onNext(255)) - client-AC1CE418446C->edec9b8f-c318-426f-83f9-f44e945268a2: receive RaftClientReply:client-AC1CE418446C->edec9b8f-c318-426f-83f9-f44e945268a2@group-352661ED3FD5, cid=734, SUCCESS, logIndex=915, commits[edec9b8f-c318-426f-83f9-f44e945268a2:c915, 02a03aee-1dd1-43c9-94ca-c76e2a537489:c911, 9fb73170-bb25-48da-afcf-6f1f9e11598f:c911]
2019-07-10 10:42:36,259 INFO  client.GrpcClientProtocolClient (GrpcClientProtocolClient.java:onNext(255)) - client-AC1CE418446C->edec9b8f-c318-426f-83f9-f44e945268a2: receive RaftClientReply:client-AC1CE418446C->edec9b8f-c318-426f-83f9-f44e945268a2@group-352661ED3FD5, cid=735, SUCCESS, logIndex=0, commits[edec9b8f-c318-426f-83f9-f44e945268a2:c916, 02a03aee-1dd1-43c9-94ca-c76e2a537489:c913, 9fb73170-bb25-48da-afcf-6f1f9e11598f:c913]
2019-07-10 10:42:36,277 INFO  client.GrpcClientProtocolClient (GrpcClientProtocolClient.java:onNext(255)) - client-AC1CE418446C->edec9b8f-c318-426f-83f9-f44e945268a2: receive RaftClientReply:client-AC1CE418446C->edec9b8f-c318-426f-83f9-f44e945268a2@group-352661ED3FD5, cid=736, SUCCESS, logIndex=919, commits[edec9b8f-c318-426f-83f9-f44e945268a2:c920, 02a03aee-1dd1-43c9-94ca-c76e2a537489:c918, 9fb73170-bb25-48da-afcf-6f1f9e11598f:c918]
2019-07-10 10:42:36,278 INFO  client.GrpcClientProtocolClient (GrpcClientProtocolClient.java:onNext(255)) - client-AC1CE418446C->edec9b8f-c318-426f-83f9-f44e945268a2: receive RaftClientReply:client-AC1CE418446C->edec9b8f-c318-426f-83f9-f44e945268a2@group-352661ED3FD5, cid=737, SUCCESS, logIndex=920, commits[edec9b8f-c318-426f-83f9-f44e945268a2:c920, 02a03aee-1dd1-43c9-94ca-c76e2a537489:c918, 9fb73170-bb25-48da-afcf-6f1f9e11598f:c918]
2019-07-10 10:42:36,302 INFO  client.GrpcClientProtocolClient (GrpcClientProtocolClient.java:onNext(255)) - client-AC1CE418446C->edec9b8f-c318-426f-83f9-f44e945268a2: receive RaftClientReply:client-AC1CE418446C->edec9b8f-c318-426f-83f9-f44e945268a2@group-352661ED3FD5, cid=738, SUCCESS, logIndex=923, commits[edec9b8f-c318-426f-83f9-f44e945268a2:c924, 02a03aee-1dd1-43c9-94ca-c76e2a537489:c920, 9fb73170-bb25-48da-afcf-6f1f9e11598f:c920]
2019-07-10 10:42:36,303 INFO  client.GrpcClientProtocolClient (GrpcClientProtocolClient.java:onNext(255)) - client-AC1CE418446C->edec9b8f-c318-426f-83f9-f44e945268a2: receive RaftClientReply:client-AC1CE418446C->edec9b8f-c318-426f-83f9-f44e945268a2@group-352661ED3FD5, cid=739, SUCCESS, logIndex=924, commits[edec9b8f-c318-426f-83f9-f44e945268a2:c924, 02a03aee-1dd1-43c9-94ca-c76e2a537489:c920, 9fb73170-bb25-48da-afcf-6f1f9e11598f:c920]
2019-07-10 10:42:36,312 INFO  client.GrpcClientProtocolClient (GrpcClientProtocolClient.java:onNext(255)) - client-AC1CE418446C->edec9b8f-c318-426f-83f9-f44e945268a2: receive RaftClientReply:client-AC1CE418446C->edec9b8f-c318-426f-83f9-f44e945268a2@group-352661ED3FD5, cid=740, SUCCESS, logIndex=0, commits[edec9b8f-c318-426f-83f9-f44e945268a2:c926, 02a03aee-1dd1-43c9-94ca-c76e2a537489:c924, 9fb73170-bb25-48da-afcf-6f1f9e11598f:c924]
2019-07-10 10:42:36,338 INFO  client.GrpcClientProtocolClient (GrpcClientProtocolClient.java:onNext(255)) - client-AC1CE418446C->edec9b8f-c318-426f-83f9-f44e945268a2: receive RaftClientReply:client-AC1CE418446C->edec9b8f-c318-426f-83f9-f44e945268a2@group-352661ED3FD5, cid=741, SUCCESS, logIndex=927, commits[edec9b8f-c318-426f-83f9-f44e945268a2:c929, 02a03aee-1dd1-43c9-94ca-c76e2a537489:c926, 9fb73170-bb25-48da-afcf-6f1f9e11598f:c926]
2019-07-10 10:42:36,339 INFO  client.GrpcClientProtocolClient (GrpcClientProtocolClient.java:onNext(255)) - client-AC1CE418446C->edec9b8f-c318-426f-83f9-f44e945268a2: receive RaftClientReply:client-AC1CE418446C->edec9b8f-c318-426f-83f9-f44e945268a2@group-352661ED3FD5, cid=742, SUCCESS, logIndex=928, commits[edec9b8f-c318-426f-83f9-f44e945268a2:c930, 02a03aee-1dd1-43c9-94ca-c76e2a537489:c926, 9fb73170-bb25-48da-afcf-6f1f9e11598f:c926]
2019-07-10 10:42:36,339 INFO  client.GrpcClientProtocolClient (GrpcClientProtocolClient.java:onNext(255)) - client-AC1CE418446C->edec9b8f-c318-426f-83f9-f44e945268a2: receive RaftClientReply:client-AC1CE418446C->edec9b8f-c318-426f-83f9-f44e945268a2@group-352661ED3FD5, cid=743, SUCCESS, logIndex=929, commits[edec9b8f-c318-426f-83f9-f44e945268a2:c930, 02a03aee-1dd1-43c9-94ca-c76e2a537489:c926, 9fb73170-bb25-48da-afcf-6f1f9e11598f:c926]
2019-07-10 10:42:36,339 INFO  client.GrpcClientProtocolClient (GrpcClientProtocolClient.java:onNext(255)) - client-AC1CE418446C->edec9b8f-c318-426f-83f9-f44e945268a2: receive RaftClientReply:client-AC1CE418446C->edec9b8f-c318-426f-83f9-f44e945268a2@group-352661ED3FD5, cid=744, SUCCESS, logIndex=930, commits[edec9b8f-c318-426f-83f9-f44e945268a2:c930, 02a03aee-1dd1-43c9-94ca-c76e2a537489:c926, 9fb73170-bb25-48da-afcf-6f1f9e11598f:c926]
2019-07-10 10:42:36,350 INFO  client.GrpcClientProtocolClient (GrpcClientProtocolClient.java:onNext(255)) - client-AC1CE418446C->edec9b8f-c318-426f-83f9-f44e945268a2: receive RaftClientReply:client-AC1CE418446C->edec9b8f-c318-426f-83f9-f44e945268a2@group-352661ED3FD5, cid=745, SUCCESS, logIndex=0, commits[edec9b8f-c318-426f-83f9-f44e945268a2:c931, 02a03aee-1dd1-43c9-94ca-c76e2a537489:c928, 9fb73170-bb25-48da-afcf-6f1f9e11598f:c928]
2019-07-10 10:42:36,372 INFO  client.GrpcClientProtocolClient (GrpcClientProtocolClient.java:onNext(255)) - client-AC1CE418446C->edec9b8f-c318-426f-83f9-f44e945268a2: receive RaftClientReply:client-AC1CE418446C->edec9b8f-c318-426f-83f9-f44e945268a2@group-352661ED3FD5, cid=746, SUCCESS, logIndex=935, commits[edec9b8f-c318-426f-83f9-f44e945268a2:c936, 02a03aee-1dd1-43c9-94ca-c76e2a537489:c934, 9fb73170-bb25-48da-afcf-6f1f9e11598f:c934]
2019-07-10 10:42:36,373 INFO  client.GrpcClientProtocolClient (GrpcClientProtocolClient.java:onNext(255)) - client-AC1CE418446C->edec9b8f-c318-426f-83f9-f44e945268a2: receive RaftClientReply:client-AC1CE418446C->edec9b8f-c318-426f-83f9-f44e945268a2@group-352661ED3FD5, cid=747, SUCCESS, logIndex=936, commits[edec9b8f-c318-426f-83f9-f44e945268a2:c936, 02a03aee-1dd1-43c9-94ca-c76e2a537489:c934, 9fb73170-bb25-48da-afcf-6f1f9e11598f:c934]
2019-07-10 10:42:36,387 INFO  client.GrpcClientProtocolClient (GrpcClientProtocolClient.java:onNext(255)) - client-AC1CE418446C->edec9b8f-c318-426f-83f9-f44e945268a2: receive RaftClientReply:client-AC1CE418446C->edec9b8f-c318-426f-83f9-f44e945268a2@group-352661ED3FD5, cid=748, SUCCESS, logIndex=939, commits[edec9b8f-c318-426f-83f9-f44e945268a2:c940, 02a03aee-1dd1-43c9-94ca-c76e2a537489:c936, 9fb73170-bb25-48da-afcf-6f1f9e11598f:c936]
2019-07-10 10:42:36,388 INFO  client.GrpcClientProtocolClient (GrpcClientProtocolClient.java:onNext(255)) - client-AC1CE418446C->edec9b8f-c318-426f-83f9-f44e945268a2: receive RaftClientReply:client-AC1CE418446C->edec9b8f-c318-426f-83f9-f44e945268a2@group-352661ED3FD5, cid=749, SUCCESS, logIndex=940, commits[edec9b8f-c318-426f-83f9-f44e945268a2:c940, 02a03aee-1dd1-43c9-94ca-c76e2a537489:c936, 9fb73170-bb25-48da-afcf-6f1f9e11598f:c936]
2019-07-10 10:42:36,402 INFO  client.GrpcClientProtocolClient (GrpcClientProtocolClient.java:onNext(255)) - client-AC1CE418446C->edec9b8f-c318-426f-83f9-f44e945268a2: receive RaftClientReply:client-AC1CE418446C->edec9b8f-c318-426f-83f9-f44e945268a2@group-352661ED3FD5, cid=750, SUCCESS, logIndex=0, commits[edec9b8f-c318-426f-83f9-f44e945268a2:c941, 02a03aee-1dd1-43c9-94ca-c76e2a537489:c940, 9fb73170-bb25-48da-afcf-6f1f9e11598f:c940]
2019-07-10 10:42:36,423 INFO  client.GrpcClientProtocolClient (GrpcClientProtocolClient.java:onNext(255)) - client-AC1CE418446C->edec9b8f-c318-426f-83f9-f44e945268a2: receive RaftClientReply:client-AC1CE418446C->edec9b8f-c318-426f-83f9-f44e945268a2@group-352661ED3FD5, cid=751, SUCCESS, logIndex=943, commits[edec9b8f-c318-426f-83f9-f44e945268a2:c944, 02a03aee-1dd1-43c9-94ca-c76e2a537489:c942, 9fb73170-bb25-48da-afcf-6f1f9e11598f:c942]
2019-07-10 10:42:36,423 INFO  client.GrpcClientProtocolClient (GrpcClientProtocolClient.java:onNext(255)) - client-AC1CE418446C->edec9b8f-c318-426f-83f9-f44e945268a2: receive RaftClientReply:client-AC1CE418446C->edec9b8f-c318-426f-83f9-f44e945268a2@group-352661ED3FD5, cid=752, SUCCESS, logIndex=944, commits[edec9b8f-c318-426f-83f9-f44e945268a2:c944, 02a03aee-1dd1-43c9-94ca-c76e2a537489:c942, 9fb73170-bb25-48da-afcf-6f1f9e11598f:c942]
2019-07-10 10:42:36,423 INFO  client.GrpcClientProtocolClient (GrpcClientProtocolClient.java:onNext(255)) - client-AC1CE418446C->edec9b8f-c318-426f-83f9-f44e945268a2: receive RaftClientReply:client-AC1CE418446C->edec9b8f-c318-426f-83f9-f44e945268a2@group-352661ED3FD5, cid=753, SUCCESS, logIndex=945, commits[edec9b8f-c318-426f-83f9-f44e945268a2:c946, 02a03aee-1dd1-43c9-94ca-c76e2a537489:c942, 9fb73170-bb25-48da-afcf-6f1f9e11598f:c942]
2019-07-10 10:42:36,424 INFO  client.GrpcClientProtocolClient (GrpcClientProtocolClient.java:onNext(255)) - client-AC1CE418446C->edec9b8f-c318-426f-83f9-f44e945268a2: receive RaftClientReply:client-AC1CE418446C->edec9b8f-c318-426f-83f9-f44e945268a2@group-352661ED3FD5, cid=754, SUCCESS, logIndex=946, commits[edec9b8f-c318-426f-83f9-f44e945268a2:c946, 02a03aee-1dd1-43c9-94ca-c76e2a537489:c942, 9fb73170-bb25-48da-afcf-6f1f9e11598f:c942]
2019-07-10 10:42:36,437 INFO  client.GrpcClientProtocolClient (GrpcClientProtocolClient.java:onNext(255)) - client-AC1CE418446C->edec9b8f-c318-426f-83f9-f44e945268a2: receive RaftClientReply:client-AC1CE418446C->edec9b8f-c318-426f-83f9-f44e945268a2@group-352661ED3FD5, cid=755, SUCCESS, logIndex=0, commits[edec9b8f-c318-426f-83f9-f44e945268a2:c948, 02a03aee-1dd1-43c9-94ca-c76e2a537489:c944, 9fb73170-bb25-48da-afcf-6f1f9e11598f:c944]
2019-07-10 10:42:36,456 INFO  client.GrpcClientProtocolClient (GrpcClientProtocolClient.java:onNext(255)) - client-AC1CE418446C->edec9b8f-c318-426f-83f9-f44e945268a2: receive RaftClientReply:client-AC1CE418446C->edec9b8f-c318-426f-83f9-f44e945268a2@group-352661ED3FD5, cid=756, SUCCESS, logIndex=951, commits[edec9b8f-c318-426f-83f9-f44e945268a2:c952, 02a03aee-1dd1-43c9-94ca-c76e2a537489:c950, 9fb73170-bb25-48da-afcf-6f1f9e11598f:c950]
2019-07-10 10:42:36,457 INFO  client.GrpcClientProtocolClient (GrpcClientProtocolClient.java:onNext(255)) - client-AC1CE418446C->edec9b8f-c318-426f-83f9-f44e945268a2: receive RaftClientReply:client-AC1CE418446C->edec9b8f-c318-426f-83f9-f44e945268a2@group-352661ED3FD5, cid=757, SUCCESS, logIndex=952, commits[edec9b8f-c318-426f-83f9-f44e945268a2:c952, 02a03aee-1dd1-43c9-94ca-c76e2a537489:c950, 9fb73170-bb25-48da-afcf-6f1f9e11598f:c950]
2019-07-10 10:42:36,470 INFO  client.GrpcClientProtocolClient (GrpcClientProtocolClient.java:onNext(255)) - client-AC1CE418446C->edec9b8f-c318-426f-83f9-f44e945268a2: receive RaftClientReply:client-AC1CE418446C->edec9b8f-c318-426f-83f9-f44e945268a2@group-352661ED3FD5, cid=758, SUCCESS, logIndex=955, commits[edec9b8f-c318-426f-83f9-f44e945268a2:c955, 02a03aee-1dd1-43c9-94ca-c76e2a537489:c952, 9fb73170-bb25-48da-afcf-6f1f9e11598f:c952]
2019-07-10 10:42:36,470 INFO  client.GrpcClientProtocolClient (GrpcClientProtocolClient.java:onNext(255)) - client-AC1CE418446C->edec9b8f-c318-426f-83f9-f44e945268a2: receive RaftClientReply:client-AC1CE418446C->edec9b8f-c318-426f-83f9-f44e945268a2@group-352661ED3FD5, cid=759, SUCCESS, logIndex=956, commits[edec9b8f-c318-426f-83f9-f44e945268a2:c956, 02a03aee-1dd1-43c9-94ca-c76e2a537489:c952, 9fb73170-bb25-48da-afcf-6f1f9e11598f:c952]
2019-07-10 10:42:36,485 INFO  client.GrpcClientProtocolClient (GrpcClientProtocolClient.java:onNext(255)) - client-AC1CE418446C->edec9b8f-c318-426f-83f9-f44e945268a2: receive RaftClientReply:client-AC1CE418446C->edec9b8f-c318-426f-83f9-f44e945268a2@group-352661ED3FD5, cid=760, SUCCESS, logIndex=0, commits[edec9b8f-c318-426f-83f9-f44e945268a2:c958, 02a03aee-1dd1-43c9-94ca-c76e2a537489:c956, 9fb73170-bb25-48da-afcf-6f1f9e11598f:c956]
2019-07-10 10:42:36,508 INFO  client.GrpcClientProtocolClient (GrpcClientProtocolClient.java:onNext(255)) - client-AC1CE418446C->edec9b8f-c318-426f-83f9-f44e945268a2: receive RaftClientReply:client-AC1CE418446C->edec9b8f-c318-426f-83f9-f44e945268a2@group-352661ED3FD5, cid=761, SUCCESS, logIndex=959, commits[edec9b8f-c318-426f-83f9-f44e945268a2:c960, 02a03aee-1dd1-43c9-94ca-c76e2a537489:c958, 9fb73170-bb25-48da-afcf-6f1f9e11598f:c958]
2019-07-10 10:42:36,509 INFO  client.GrpcClientProtocolClient (GrpcClientProtocolClient.java:onNext(255)) - client-AC1CE418446C->edec9b8f-c318-426f-83f9-f44e945268a2: receive RaftClientReply:client-AC1CE418446C->edec9b8f-c318-426f-83f9-f44e945268a2@group-352661ED3FD5, cid=762, SUCCESS, logIndex=960, commits[edec9b8f-c318-426f-83f9-f44e945268a2:c960, 02a03aee-1dd1-43c9-94ca-c76e2a537489:c958, 9fb73170-bb25-48da-afcf-6f1f9e11598f:c958]
2019-07-10 10:42:36,509 INFO  client.GrpcClientProtocolClient (GrpcClientProtocolClient.java:onNext(255)) - client-AC1CE418446C->edec9b8f-c318-426f-83f9-f44e945268a2: receive RaftClientReply:client-AC1CE418446C->edec9b8f-c318-426f-83f9-f44e945268a2@group-352661ED3FD5, cid=763, SUCCESS, logIndex=961, commits[edec9b8f-c318-426f-83f9-f44e945268a2:c962, 02a03aee-1dd1-43c9-94ca-c76e2a537489:c958, 9fb73170-bb25-48da-afcf-6f1f9e11598f:c958]
2019-07-10 10:42:36,510 INFO  client.GrpcClientProtocolClient (GrpcClientProtocolClient.java:onNext(255)) - client-AC1CE418446C->edec9b8f-c318-426f-83f9-f44e945268a2: receive RaftClientReply:client-AC1CE418446C->edec9b8f-c318-426f-83f9-f44e945268a2@group-352661ED3FD5, cid=764, SUCCESS, logIndex=962, commits[edec9b8f-c318-426f-83f9-f44e945268a2:c962, 02a03aee-1dd1-43c9-94ca-c76e2a537489:c958, 9fb73170-bb25-48da-afcf-6f1f9e11598f:c958]
2019-07-10 10:42:36,512 INFO  client.GrpcClientProtocolClient (GrpcClientProtocolClient.java:onNext(255)) - client-AC1CE418446C->edec9b8f-c318-426f-83f9-f44e945268a2: receive RaftClientReply:client-AC1CE418446C->edec9b8f-c318-426f-83f9-f44e945268a2@group-352661ED3FD5, cid=765, SUCCESS, logIndex=0, commits[edec9b8f-c318-426f-83f9-f44e945268a2:c964, 02a03aee-1dd1-43c9-94ca-c76e2a537489:c960, 9fb73170-bb25-48da-afcf-6f1f9e11598f:c960]
2019-07-10 10:42:36,524 INFO  client.GrpcClientProtocolClient (GrpcClientProtocolClient.java:onNext(255)) - client-AC1CE418446C->edec9b8f-c318-426f-83f9-f44e945268a2: receive RaftClientReply:client-AC1CE418446C->edec9b8f-c318-426f-83f9-f44e945268a2@group-352661ED3FD5, cid=766, SUCCESS, logIndex=967, commits[edec9b8f-c318-426f-83f9-f44e945268a2:c968, 02a03aee-1dd1-43c9-94ca-c76e2a537489:c962, 9fb73170-bb25-48da-afcf-6f1f9e11598f:c964]
2019-07-10 10:42:36,527 INFO  client.GrpcClientProtocolClient (GrpcClientProtocolClient.java:onNext(255)) - client-AC1CE418446C->edec9b8f-c318-426f-83f9-f44e945268a2: receive RaftClientReply:client-AC1CE418446C->edec9b8f-c318-426f-83f9-f44e945268a2@group-352661ED3FD5, cid=767, SUCCESS, logIndex=968, commits[edec9b8f-c318-426f-83f9-f44e945268a2:c968, 02a03aee-1dd1-43c9-94ca-c76e2a537489:c964, 9fb73170-bb25-48da-afcf-6f1f9e11598f:c964]
2019-07-10 10:42:36,558 INFO  client.GrpcClientProtocolClient (GrpcClientProtocolClient.java:onNext(255)) - client-AC1CE418446C->edec9b8f-c318-426f-83f9-f44e945268a2: receive RaftClientReply:client-AC1CE418446C->edec9b8f-c318-426f-83f9-f44e945268a2@group-352661ED3FD5, cid=768, SUCCESS, logIndex=971, commits[edec9b8f-c318-426f-83f9-f44e945268a2:c972, 02a03aee-1dd1-43c9-94ca-c76e2a537489:c968, 9fb73170-bb25-48da-afcf-6f1f9e11598f:c969]
2019-07-10 10:42:36,559 INFO  client.GrpcClientProtocolClient (GrpcClientProtocolClient.java:onNext(255)) - client-AC1CE418446C->edec9b8f-c318-426f-83f9-f44e945268a2: receive RaftClientReply:client-AC1CE418446C->edec9b8f-c318-426f-83f9-f44e945268a2@group-352661ED3FD5, cid=769, SUCCESS, logIndex=972, commits[edec9b8f-c318-426f-83f9-f44e945268a2:c972, 02a03aee-1dd1-43c9-94ca-c76e2a537489:c969, 9fb73170-bb25-48da-afcf-6f1f9e11598f:c969]
2019-07-10 10:42:36,561 INFO  client.GrpcClientProtocolClient (GrpcClientProtocolClient.java:onNext(255)) - client-AC1CE418446C->edec9b8f-c318-426f-83f9-f44e945268a2: receive RaftClientReply:client-AC1CE418446C->edec9b8f-c318-426f-83f9-f44e945268a2@group-352661ED3FD5, cid=770, SUCCESS, logIndex=0, commits[edec9b8f-c318-426f-83f9-f44e945268a2:c973, 02a03aee-1dd1-43c9-94ca-c76e2a537489:c972, 9fb73170-bb25-48da-afcf-6f1f9e11598f:c972]
2019-07-10 10:42:36,586 INFO  client.GrpcClientProtocolClient (GrpcClientProtocolClient.java:onNext(255)) - client-AC1CE418446C->edec9b8f-c318-426f-83f9-f44e945268a2: receive RaftClientReply:client-AC1CE418446C->edec9b8f-c318-426f-83f9-f44e945268a2@group-352661ED3FD5, cid=771, SUCCESS, logIndex=975, commits[edec9b8f-c318-426f-83f9-f44e945268a2:c976, 02a03aee-1dd1-43c9-94ca-c76e2a537489:c973, 9fb73170-bb25-48da-afcf-6f1f9e11598f:c973]
2019-07-10 10:42:36,586 INFO  client.GrpcClientProtocolClient (GrpcClientProtocolClient.java:onNext(255)) - client-AC1CE418446C->edec9b8f-c318-426f-83f9-f44e945268a2: receive RaftClientReply:client-AC1CE418446C->edec9b8f-c318-426f-83f9-f44e945268a2@group-352661ED3FD5, cid=772, SUCCESS, logIndex=976, commits[edec9b8f-c318-426f-83f9-f44e945268a2:c977, 02a03aee-1dd1-43c9-94ca-c76e2a537489:c974, 9fb73170-bb25-48da-afcf-6f1f9e11598f:c973]
2019-07-10 10:42:36,587 INFO  client.GrpcClientProtocolClient (GrpcClientProtocolClient.java:onNext(255)) - client-AC1CE418446C->edec9b8f-c318-426f-83f9-f44e945268a2: receive RaftClientReply:client-AC1CE418446C->edec9b8f-c318-426f-83f9-f44e945268a2@group-352661ED3FD5, cid=773, SUCCESS, logIndex=977, commits[edec9b8f-c318-426f-83f9-f44e945268a2:c978, 02a03aee-1dd1-43c9-94ca-c76e2a537489:c974, 9fb73170-bb25-48da-afcf-6f1f9e11598f:c974]
2019-07-10 10:42:36,587 INFO  client.GrpcClientProtocolClient (GrpcClientProtocolClient.java:onNext(255)) - client-AC1CE418446C->edec9b8f-c318-426f-83f9-f44e945268a2: receive RaftClientReply:client-AC1CE418446C->edec9b8f-c318-426f-83f9-f44e945268a2@group-352661ED3FD5, cid=774, SUCCESS, logIndex=978, commits[edec9b8f-c318-426f-83f9-f44e945268a2:c978, 02a03aee-1dd1-43c9-94ca-c76e2a537489:c974, 9fb73170-bb25-48da-afcf-6f1f9e11598f:c974]
2019-07-10 10:42:36,590 INFO  client.GrpcClientProtocolClient (GrpcClientProtocolClient.java:onNext(255)) - client-AC1CE418446C->edec9b8f-c318-426f-83f9-f44e945268a2: receive RaftClientReply:client-AC1CE418446C->edec9b8f-c318-426f-83f9-f44e945268a2@group-352661ED3FD5, cid=775, SUCCESS, logIndex=0, commits[edec9b8f-c318-426f-83f9-f44e945268a2:c979, 02a03aee-1dd1-43c9-94ca-c76e2a537489:c976, 9fb73170-bb25-48da-afcf-6f1f9e11598f:c976]
2019-07-10 10:42:36,613 INFO  client.GrpcClientProtocolClient (GrpcClientProtocolClient.java:onNext(255)) - client-AC1CE418446C->edec9b8f-c318-426f-83f9-f44e945268a2: receive RaftClientReply:client-AC1CE418446C->edec9b8f-c318-426f-83f9-f44e945268a2@group-352661ED3FD5, cid=776, SUCCESS, logIndex=983, commits[edec9b8f-c318-426f-83f9-f44e945268a2:c984, 02a03aee-1dd1-43c9-94ca-c76e2a537489:c979, 9fb73170-bb25-48da-afcf-6f1f9e11598f:c978]
2019-07-10 10:42:36,614 INFO  client.GrpcClientProtocolClient (GrpcClientProtocolClient.java:onNext(255)) - client-AC1CE418446C->edec9b8f-c318-426f-83f9-f44e945268a2: receive RaftClientReply:client-AC1CE418446C->edec9b8f-c318-426f-83f9-f44e945268a2@group-352661ED3FD5, cid=777, SUCCESS, logIndex=984, commits[edec9b8f-c318-426f-83f9-f44e945268a2:c984, 02a03aee-1dd1-43c9-94ca-c76e2a537489:c979, 9fb73170-bb25-48da-afcf-6f1f9e11598f:c979]
2019-07-10 10:42:36,742 INFO  client.GrpcClientProtocolClient (GrpcClientProtocolClient.java:onNext(255)) - client-AC1CE418446C->edec9b8f-c318-426f-83f9-f44e945268a2: receive RaftClientReply:client-AC1CE418446C->edec9b8f-c318-426f-83f9-f44e945268a2@group-352661ED3FD5, cid=778, SUCCESS, logIndex=987, commits[edec9b8f-c318-426f-83f9-f44e945268a2:c988, 02a03aee-1dd1-43c9-94ca-c76e2a537489:c985, 9fb73170-bb25-48da-afcf-6f1f9e11598f:c985]
2019-07-10 10:42:36,742 INFO  client.GrpcClientProtocolClient (GrpcClientProtocolClient.java:onNext(255)) - client-AC1CE418446C->edec9b8f-c318-426f-83f9-f44e945268a2: receive RaftClientReply:client-AC1CE418446C->edec9b8f-c318-426f-83f9-f44e945268a2@group-352661ED3FD5, cid=779, SUCCESS, logIndex=988, commits[edec9b8f-c318-426f-83f9-f44e945268a2:c988, 02a03aee-1dd1-43c9-94ca-c76e2a537489:c985, 9fb73170-bb25-48da-afcf-6f1f9e11598f:c985]
2019-07-10 10:42:36,753 INFO  client.GrpcClientProtocolClient (GrpcClientProtocolClient.java:onNext(255)) - client-AC1CE418446C->edec9b8f-c318-426f-83f9-f44e945268a2: receive RaftClientReply:client-AC1CE418446C->edec9b8f-c318-426f-83f9-f44e945268a2@group-352661ED3FD5, cid=780, SUCCESS, logIndex=0, commits[edec9b8f-c318-426f-83f9-f44e945268a2:c989, 02a03aee-1dd1-43c9-94ca-c76e2a537489:c988, 9fb73170-bb25-48da-afcf-6f1f9e11598f:c988]
2019-07-10 10:42:36,781 INFO  client.GrpcClientProtocolClient (GrpcClientProtocolClient.java:onNext(255)) - client-AC1CE418446C->edec9b8f-c318-426f-83f9-f44e945268a2: receive RaftClientReply:client-AC1CE418446C->edec9b8f-c318-426f-83f9-f44e945268a2@group-352661ED3FD5, cid=781, SUCCESS, logIndex=991, commits[edec9b8f-c318-426f-83f9-f44e945268a2:c992, 02a03aee-1dd1-43c9-94ca-c76e2a537489:c990, 9fb73170-bb25-48da-afcf-6f1f9e11598f:c990]
2019-07-10 10:42:36,783 INFO  client.GrpcClientProtocolClient (GrpcClientProtocolClient.java:onNext(255)) - client-AC1CE418446C->edec9b8f-c318-426f-83f9-f44e945268a2: receive RaftClientReply:client-AC1CE418446C->edec9b8f-c318-426f-83f9-f44e945268a2@group-352661ED3FD5, cid=782, SUCCESS, logIndex=992, commits[edec9b8f-c318-426f-83f9-f44e945268a2:c992, 02a03aee-1dd1-43c9-94ca-c76e2a537489:c990, 9fb73170-bb25-48da-afcf-6f1f9e11598f:c990]
2019-07-10 10:42:36,787 INFO  client.GrpcClientProtocolClient (GrpcClientProtocolClient.java:onNext(255)) - client-AC1CE418446C->edec9b8f-c318-426f-83f9-f44e945268a2: receive RaftClientReply:client-AC1CE418446C->edec9b8f-c318-426f-83f9-f44e945268a2@group-352661ED3FD5, cid=783, SUCCESS, logIndex=993, commits[edec9b8f-c318-426f-83f9-f44e945268a2:c993, 02a03aee-1dd1-43c9-94ca-c76e2a537489:c990, 9fb73170-bb25-48da-afcf-6f1f9e11598f:c990]
2019-07-10 10:42:36,788 INFO  client.GrpcClientProtocolClient (GrpcClientProtocolClient.java:onNext(255)) - client-AC1CE418446C->edec9b8f-c318-426f-83f9-f44e945268a2: receive RaftClientReply:client-AC1CE418446C->edec9b8f-c318-426f-83f9-f44e945268a2@group-352661ED3FD5, cid=784, SUCCESS, logIndex=994, commits[edec9b8f-c318-426f-83f9-f44e945268a2:c994, 02a03aee-1dd1-43c9-94ca-c76e2a537489:c990, 9fb73170-bb25-48da-afcf-6f1f9e11598f:c990]
2019-07-10 10:42:36,789 INFO  client.GrpcClientProtocolClient (GrpcClientProtocolClient.java:onNext(255)) - client-AC1CE418446C->edec9b8f-c318-426f-83f9-f44e945268a2: receive RaftClientReply:client-AC1CE418446C->edec9b8f-c318-426f-83f9-f44e945268a2@group-352661ED3FD5, cid=785, SUCCESS, logIndex=0, commits[edec9b8f-c318-426f-83f9-f44e945268a2:c997, 02a03aee-1dd1-43c9-94ca-c76e2a537489:c993, 9fb73170-bb25-48da-afcf-6f1f9e11598f:c993]
2019-07-10 10:42:36,806 INFO  client.GrpcClientProtocolClient (GrpcClientProtocolClient.java:onNext(255)) - client-AC1CE418446C->edec9b8f-c318-426f-83f9-f44e945268a2: receive RaftClientReply:client-AC1CE418446C->edec9b8f-c318-426f-83f9-f44e945268a2@group-352661ED3FD5, cid=786, SUCCESS, logIndex=999, commits[edec9b8f-c318-426f-83f9-f44e945268a2:c1000, 02a03aee-1dd1-43c9-94ca-c76e2a537489:c998, 9fb73170-bb25-48da-afcf-6f1f9e11598f:c998]
2019-07-10 10:42:36,807 INFO  client.GrpcClientProtocolClient (GrpcClientProtocolClient.java:onNext(255)) - client-AC1CE418446C->edec9b8f-c318-426f-83f9-f44e945268a2: receive RaftClientReply:client-AC1CE418446C->edec9b8f-c318-426f-83f9-f44e945268a2@group-352661ED3FD5, cid=787, SUCCESS, logIndex=1000, commits[edec9b8f-c318-426f-83f9-f44e945268a2:c1000, 02a03aee-1dd1-43c9-94ca-c76e2a537489:c998, 9fb73170-bb25-48da-afcf-6f1f9e11598f:c998]
2019-07-10 10:42:36,831 INFO  client.GrpcClientProtocolClient (GrpcClientProtocolClient.java:onNext(255)) - client-AC1CE418446C->edec9b8f-c318-426f-83f9-f44e945268a2: receive RaftClientReply:client-AC1CE418446C->edec9b8f-c318-426f-83f9-f44e945268a2@group-352661ED3FD5, cid=788, SUCCESS, logIndex=1003, commits[edec9b8f-c318-426f-83f9-f44e945268a2:c1004, 02a03aee-1dd1-43c9-94ca-c76e2a537489:c1000, 9fb73170-bb25-48da-afcf-6f1f9e11598f:c1000]
2019-07-10 10:42:36,832 INFO  client.GrpcClientProtocolClient (GrpcClientProtocolClient.java:onNext(255)) - client-AC1CE418446C->edec9b8f-c318-426f-83f9-f44e945268a2: receive RaftClientReply:client-AC1CE418446C->edec9b8f-c318-426f-83f9-f44e945268a2@group-352661ED3FD5, cid=789, SUCCESS, logIndex=1004, commits[edec9b8f-c318-426f-83f9-f44e945268a2:c1004, 02a03aee-1dd1-43c9-94ca-c76e2a537489:c1000, 9fb73170-bb25-48da-afcf-6f1f9e11598f:c1000]
2019-07-10 10:42:36,843 INFO  client.GrpcClientProtocolClient (GrpcClientProtocolClient.java:onNext(255)) - client-AC1CE418446C->edec9b8f-c318-426f-83f9-f44e945268a2: receive RaftClientReply:client-AC1CE418446C->edec9b8f-c318-426f-83f9-f44e945268a2@group-352661ED3FD5, cid=790, SUCCESS, logIndex=0, commits[edec9b8f-c318-426f-83f9-f44e945268a2:c1005, 02a03aee-1dd1-43c9-94ca-c76e2a537489:c1004, 9fb73170-bb25-48da-afcf-6f1f9e11598f:c1004]
2019-07-10 10:42:36,866 INFO  client.GrpcClientProtocolClient (GrpcClientProtocolClient.java:onNext(255)) - client-AC1CE418446C->edec9b8f-c318-426f-83f9-f44e945268a2: receive RaftClientReply:client-AC1CE418446C->edec9b8f-c318-426f-83f9-f44e945268a2@group-352661ED3FD5, cid=791, SUCCESS, logIndex=1007, commits[edec9b8f-c318-426f-83f9-f44e945268a2:c1008, 02a03aee-1dd1-43c9-94ca-c76e2a537489:c1006, 9fb73170-bb25-48da-afcf-6f1f9e11598f:c1006]
2019-07-10 10:42:36,866 INFO  client.GrpcClientProtocolClient (GrpcClientProtocolClient.java:onNext(255)) - client-AC1CE418446C->edec9b8f-c318-426f-83f9-f44e945268a2: receive RaftClientReply:client-AC1CE418446C->edec9b8f-c318-426f-83f9-f44e945268a2@group-352661ED3FD5, cid=792, SUCCESS, logIndex=1008, commits[edec9b8f-c318-426f-83f9-f44e945268a2:c1010, 02a03aee-1dd1-43c9-94ca-c76e2a537489:c1006, 9fb73170-bb25-48da-afcf-6f1f9e11598f:c1006]
2019-07-10 10:42:36,867 INFO  client.GrpcClientProtocolClient (GrpcClientProtocolClient.java:onNext(255)) - client-AC1CE418446C->edec9b8f-c318-426f-83f9-f44e945268a2: receive RaftClientReply:client-AC1CE418446C->edec9b8f-c318-426f-83f9-f44e945268a2@group-352661ED3FD5, cid=793, SUCCESS, logIndex=1009, commits[edec9b8f-c318-426f-83f9-f44e945268a2:c1010, 02a03aee-1dd1-43c9-94ca-c76e2a537489:c1006, 9fb73170-bb25-48da-afcf-6f1f9e11598f:c1006]
2019-07-10 10:42:36,867 INFO  client.GrpcClientProtocolClient (GrpcClientProtocolClient.java:onNext(255)) - client-AC1CE418446C->edec9b8f-c318-426f-83f9-f44e945268a2: receive RaftClientReply:client-AC1CE418446C->edec9b8f-c318-426f-83f9-f44e945268a2@group-352661ED3FD5, cid=794, SUCCESS, logIndex=1010, commits[edec9b8f-c318-426f-83f9-f44e945268a2:c1010, 02a03aee-1dd1-43c9-94ca-c76e2a537489:c1006, 9fb73170-bb25-48da-afcf-6f1f9e11598f:c1006]
2019-07-10 10:42:36,880 INFO  client.GrpcClientProtocolClient (GrpcClientProtocolClient.java:onNext(255)) - client-AC1CE418446C->edec9b8f-c318-426f-83f9-f44e945268a2: receive RaftClientReply:client-AC1CE418446C->edec9b8f-c318-426f-83f9-f44e945268a2@group-352661ED3FD5, cid=795, SUCCESS, logIndex=0, commits[edec9b8f-c318-426f-83f9-f44e945268a2:c1011, 02a03aee-1dd1-43c9-94ca-c76e2a537489:c1008, 9fb73170-bb25-48da-afcf-6f1f9e11598f:c1008]
2019-07-10 10:42:36,901 INFO  client.GrpcClientProtocolClient (GrpcClientProtocolClient.java:onNext(255)) - client-AC1CE418446C->edec9b8f-c318-426f-83f9-f44e945268a2: receive RaftClientReply:client-AC1CE418446C->edec9b8f-c318-426f-83f9-f44e945268a2@group-352661ED3FD5, cid=796, SUCCESS, logIndex=1015, commits[edec9b8f-c318-426f-83f9-f44e945268a2:c1016, 02a03aee-1dd1-43c9-94ca-c76e2a537489:c1014, 9fb73170-bb25-48da-afcf-6f1f9e11598f:c1014]
2019-07-10 10:42:36,901 INFO  client.GrpcClientProtocolClient (GrpcClientProtocolClient.java:onNext(255)) - client-AC1CE418446C->edec9b8f-c318-426f-83f9-f44e945268a2: receive RaftClientReply:client-AC1CE418446C->edec9b8f-c318-426f-83f9-f44e945268a2@group-352661ED3FD5, cid=797, SUCCESS, logIndex=1016, commits[edec9b8f-c318-426f-83f9-f44e945268a2:c1016, 02a03aee-1dd1-43c9-94ca-c76e2a537489:c1014, 9fb73170-bb25-48da-afcf-6f1f9e11598f:c1014]
2019-07-10 10:42:36,916 INFO  client.GrpcClientProtocolClient (GrpcClientProtocolClient.java:onNext(255)) - client-AC1CE418446C->edec9b8f-c318-426f-83f9-f44e945268a2: receive RaftClientReply:client-AC1CE418446C->edec9b8f-c318-426f-83f9-f44e945268a2@group-352661ED3FD5, cid=798, SUCCESS, logIndex=1019, commits[edec9b8f-c318-426f-83f9-f44e945268a2:c1020, 02a03aee-1dd1-43c9-94ca-c76e2a537489:c1016, 9fb73170-bb25-48da-afcf-6f1f9e11598f:c1016]
2019-07-10 10:42:36,916 INFO  client.GrpcClientProtocolClient (GrpcClientProtocolClient.java:onNext(255)) - client-AC1CE418446C->edec9b8f-c318-426f-83f9-f44e945268a2: receive RaftClientReply:client-AC1CE418446C->edec9b8f-c318-426f-83f9-f44e945268a2@group-352661ED3FD5, cid=799, SUCCESS, logIndex=1020, commits[edec9b8f-c318-426f-83f9-f44e945268a2:c1020, 02a03aee-1dd1-43c9-94ca-c76e2a537489:c1016, 9fb73170-bb25-48da-afcf-6f1f9e11598f:c1016]
2019-07-10 10:42:36,929 INFO  client.GrpcClientProtocolClient (GrpcClientProtocolClient.java:onNext(255)) - client-AC1CE418446C->edec9b8f-c318-426f-83f9-f44e945268a2: receive RaftClientReply:client-AC1CE418446C->edec9b8f-c318-426f-83f9-f44e945268a2@group-352661ED3FD5, cid=800, SUCCESS, logIndex=0, commits[edec9b8f-c318-426f-83f9-f44e945268a2:c1022, 02a03aee-1dd1-43c9-94ca-c76e2a537489:c1020, 9fb73170-bb25-48da-afcf-6f1f9e11598f:c1020]
2019-07-10 10:42:36,950 INFO  client.GrpcClientProtocolClient (GrpcClientProtocolClient.java:onNext(255)) - client-AC1CE418446C->edec9b8f-c318-426f-83f9-f44e945268a2: receive RaftClientReply:client-AC1CE418446C->edec9b8f-c318-426f-83f9-f44e945268a2@group-352661ED3FD5, cid=801, SUCCESS, logIndex=1023, commits[edec9b8f-c318-426f-83f9-f44e945268a2:c1025, 02a03aee-1dd1-43c9-94ca-c76e2a537489:c1022, 9fb73170-bb25-48da-afcf-6f1f9e11598f:c1022]
2019-07-10 10:42:36,951 INFO  client.GrpcClientProtocolClient (GrpcClientProtocolClient.java:onNext(255)) - client-AC1CE418446C->edec9b8f-c318-426f-83f9-f44e945268a2: receive RaftClientReply:client-AC1CE418446C->edec9b8f-c318-426f-83f9-f44e945268a2@group-352661ED3FD5, cid=802, SUCCESS, logIndex=1024, commits[edec9b8f-c318-426f-83f9-f44e945268a2:c1026, 02a03aee-1dd1-43c9-94ca-c76e2a537489:c1022, 9fb73170-bb25-48da-afcf-6f1f9e11598f:c1022]
2019-07-10 10:42:36,951 INFO  client.GrpcClientProtocolClient (GrpcClientProtocolClient.java:onNext(255)) - client-AC1CE418446C->edec9b8f-c318-426f-83f9-f44e945268a2: receive RaftClientReply:client-AC1CE418446C->edec9b8f-c318-426f-83f9-f44e945268a2@group-352661ED3FD5, cid=803, SUCCESS, logIndex=1025, commits[edec9b8f-c318-426f-83f9-f44e945268a2:c1026, 02a03aee-1dd1-43c9-94ca-c76e2a537489:c1022, 9fb73170-bb25-48da-afcf-6f1f9e11598f:c1022]
2019-07-10 10:42:36,951 INFO  client.GrpcClientProtocolClient (GrpcClientProtocolClient.java:onNext(255)) - client-AC1CE418446C->edec9b8f-c318-426f-83f9-f44e945268a2: receive RaftClientReply:client-AC1CE418446C->edec9b8f-c318-426f-83f9-f44e945268a2@group-352661ED3FD5, cid=804, SUCCESS, logIndex=1026, commits[edec9b8f-c318-426f-83f9-f44e945268a2:c1026, 02a03aee-1dd1-43c9-94ca-c76e2a537489:c1022, 9fb73170-bb25-48da-afcf-6f1f9e11598f:c1022]
2019-07-10 10:42:36,953 INFO  client.GrpcClientProtocolClient (GrpcClientProtocolClient.java:onNext(255)) - client-AC1CE418446C->edec9b8f-c318-426f-83f9-f44e945268a2: receive RaftClientReply:client-AC1CE418446C->edec9b8f-c318-426f-83f9-f44e945268a2@group-352661ED3FD5, cid=805, SUCCESS, logIndex=0, commits[edec9b8f-c318-426f-83f9-f44e945268a2:c1027, 02a03aee-1dd1-43c9-94ca-c76e2a537489:c1024, 9fb73170-bb25-48da-afcf-6f1f9e11598f:c1024]
2019-07-10 10:42:36,966 INFO  client.GrpcClientProtocolClient (GrpcClientProtocolClient.java:onNext(255)) - client-AC1CE418446C->edec9b8f-c318-426f-83f9-f44e945268a2: receive RaftClientReply:client-AC1CE418446C->edec9b8f-c318-426f-83f9-f44e945268a2@group-352661ED3FD5, cid=806, SUCCESS, logIndex=1031, commits[edec9b8f-c318-426f-83f9-f44e945268a2:c1032, 02a03aee-1dd1-43c9-94ca-c76e2a537489:c1026, 9fb73170-bb25-48da-afcf-6f1f9e11598f:c1027]
2019-07-10 10:42:36,967 INFO  client.GrpcClientProtocolClient (GrpcClientProtocolClient.java:onNext(255)) - client-AC1CE418446C->edec9b8f-c318-426f-83f9-f44e945268a2: receive RaftClientReply:client-AC1CE418446C->edec9b8f-c318-426f-83f9-f44e945268a2@group-352661ED3FD5, cid=807, SUCCESS, logIndex=1032, commits[edec9b8f-c318-426f-83f9-f44e945268a2:c1032, 02a03aee-1dd1-43c9-94ca-c76e2a537489:c1027, 9fb73170-bb25-48da-afcf-6f1f9e11598f:c1027]
2019-07-10 10:42:36,977 INFO  client.GrpcClientProtocolClient (GrpcClientProtocolClient.java:onNext(255)) - client-AC1CE418446C->edec9b8f-c318-426f-83f9-f44e945268a2: receive RaftClientReply:client-AC1CE418446C->edec9b8f-c318-426f-83f9-f44e945268a2@group-352661ED3FD5, cid=808, SUCCESS, logIndex=1035, commits[edec9b8f-c318-426f-83f9-f44e945268a2:c1036, 02a03aee-1dd1-43c9-94ca-c76e2a537489:c1032, 9fb73170-bb25-48da-afcf-6f1f9e11598f:c1034]
2019-07-10 10:42:36,978 INFO  client.GrpcClientProtocolClient (GrpcClientProtocolClient.java:onNext(255)) - client-AC1CE418446C->edec9b8f-c318-426f-83f9-f44e945268a2: receive RaftClientReply:client-AC1CE418446C->edec9b8f-c318-426f-83f9-f44e945268a2@group-352661ED3FD5, cid=809, SUCCESS, logIndex=1036, commits[edec9b8f-c318-426f-83f9-f44e945268a2:c1036, 02a03aee-1dd1-43c9-94ca-c76e2a537489:c1034, 9fb73170-bb25-48da-afcf-6f1f9e11598f:c1034]
2019-07-10 10:42:36,979 INFO  client.GrpcClientProtocolClient (GrpcClientProtocolClient.java:onNext(255)) - client-AC1CE418446C->edec9b8f-c318-426f-83f9-f44e945268a2: receive RaftClientReply:client-AC1CE418446C->edec9b8f-c318-426f-83f9-f44e945268a2@group-352661ED3FD5, cid=810, SUCCESS, logIndex=0, commits[edec9b8f-c318-426f-83f9-f44e945268a2:c1037, 02a03aee-1dd1-43c9-94ca-c76e2a537489:c1036, 9fb73170-bb25-48da-afcf-6f1f9e11598f:c1036]
2019-07-10 10:42:36,991 INFO  client.GrpcClientProtocolClient (GrpcClientProtocolClient.java:onNext(255)) - client-AC1CE418446C->edec9b8f-c318-426f-83f9-f44e945268a2: receive RaftClientReply:client-AC1CE418446C->edec9b8f-c318-426f-83f9-f44e945268a2@group-352661ED3FD5, cid=811, SUCCESS, logIndex=1039, commits[edec9b8f-c318-426f-83f9-f44e945268a2:c1040, 02a03aee-1dd1-43c9-94ca-c76e2a537489:c1038, 9fb73170-bb25-48da-afcf-6f1f9e11598f:c1036]
2019-07-10 10:42:36,991 INFO  client.GrpcClientProtocolClient (GrpcClientProtocolClient.java:onNext(255)) - client-AC1CE418446C->edec9b8f-c318-426f-83f9-f44e945268a2: receive RaftClientReply:client-AC1CE418446C->edec9b8f-c318-426f-83f9-f44e945268a2@group-352661ED3FD5, cid=812, SUCCESS, logIndex=1040, commits[edec9b8f-c318-426f-83f9-f44e945268a2:c1040, 02a03aee-1dd1-43c9-94ca-c76e2a537489:c1038, 9fb73170-bb25-48da-afcf-6f1f9e11598f:c1038]
2019-07-10 10:42:36,993 INFO  client.GrpcClientProtocolClient (GrpcClientProtocolClient.java:onNext(255)) - client-AC1CE418446C->edec9b8f-c318-426f-83f9-f44e945268a2: receive RaftClientReply:client-AC1CE418446C->edec9b8f-c318-426f-83f9-f44e945268a2@group-352661ED3FD5, cid=813, SUCCESS, logIndex=1041, commits[edec9b8f-c318-426f-83f9-f44e945268a2:c1044, 02a03aee-1dd1-43c9-94ca-c76e2a537489:c1040, 9fb73170-bb25-48da-afcf-6f1f9e11598f:c1038]
2019-07-10 10:42:36,994 INFO  client.GrpcClientProtocolClient (GrpcClientProtocolClient.java:onNext(255)) - client-AC1CE418446C->edec9b8f-c318-426f-83f9-f44e945268a2: receive RaftClientReply:client-AC1CE418446C->edec9b8f-c318-426f-83f9-f44e945268a2@group-352661ED3FD5, cid=814, SUCCESS, logIndex=1042, commits[edec9b8f-c318-426f-83f9-f44e945268a2:c1044, 02a03aee-1dd1-43c9-94ca-c76e2a537489:c1040, 9fb73170-bb25-48da-afcf-6f1f9e11598f:c1038]
2019-07-10 10:42:36,995 INFO  client.GrpcClientProtocolClient (GrpcClientProtocolClient.java:onNext(255)) - client-AC1CE418446C->edec9b8f-c318-426f-83f9-f44e945268a2: receive RaftClientReply:client-AC1CE418446C->edec9b8f-c318-426f-83f9-f44e945268a2@group-352661ED3FD5, cid=815, SUCCESS, logIndex=0, commits[edec9b8f-c318-426f-83f9-f44e945268a2:c1044, 02a03aee-1dd1-43c9-94ca-c76e2a537489:c1040, 9fb73170-bb25-48da-afcf-6f1f9e11598f:c1040]
2019-07-10 10:42:37,025 INFO  client.GrpcClientProtocolClient (GrpcClientProtocolClient.java:onNext(255)) - client-AC1CE418446C->edec9b8f-c318-426f-83f9-f44e945268a2: receive RaftClientReply:client-AC1CE418446C->edec9b8f-c318-426f-83f9-f44e945268a2@group-352661ED3FD5, cid=816, SUCCESS, logIndex=1047, commits[edec9b8f-c318-426f-83f9-f44e945268a2:c1048, 02a03aee-1dd1-43c9-94ca-c76e2a537489:c1046, 9fb73170-bb25-48da-afcf-6f1f9e11598f:c1046]
2019-07-10 10:42:37,026 INFO  client.GrpcClientProtocolClient (GrpcClientProtocolClient.java:onNext(255)) - client-AC1CE418446C->edec9b8f-c318-426f-83f9-f44e945268a2: receive RaftClientReply:client-AC1CE418446C->edec9b8f-c318-426f-83f9-f44e945268a2@group-352661ED3FD5, cid=817, SUCCESS, logIndex=1048, commits[edec9b8f-c318-426f-83f9-f44e945268a2:c1048, 02a03aee-1dd1-43c9-94ca-c76e2a537489:c1046, 9fb73170-bb25-48da-afcf-6f1f9e11598f:c1046]
2019-07-10 10:42:37,047 INFO  client.GrpcClientProtocolClient (GrpcClientProtocolClient.java:onNext(255)) - client-AC1CE418446C->edec9b8f-c318-426f-83f9-f44e945268a2: receive RaftClientReply:client-AC1CE418446C->edec9b8f-c318-426f-83f9-f44e945268a2@group-352661ED3FD5, cid=818, SUCCESS, logIndex=1051, commits[edec9b8f-c318-426f-83f9-f44e945268a2:c1052, 02a03aee-1dd1-43c9-94ca-c76e2a537489:c1048, 9fb73170-bb25-48da-afcf-6f1f9e11598f:c1048]
2019-07-10 10:42:37,048 INFO  client.GrpcClientProtocolClient (GrpcClientProtocolClient.java:onNext(255)) - client-AC1CE418446C->edec9b8f-c318-426f-83f9-f44e945268a2: receive RaftClientReply:client-AC1CE418446C->edec9b8f-c318-426f-83f9-f44e945268a2@group-352661ED3FD5, cid=819, SUCCESS, logIndex=1052, commits[edec9b8f-c318-426f-83f9-f44e945268a2:c1052, 02a03aee-1dd1-43c9-94ca-c76e2a537489:c1048, 9fb73170-bb25-48da-afcf-6f1f9e11598f:c1048]
2019-07-10 10:42:37,049 INFO  client.GrpcClientProtocolClient (GrpcClientProtocolClient.java:onNext(255)) - client-AC1CE418446C->edec9b8f-c318-426f-83f9-f44e945268a2: receive RaftClientReply:client-AC1CE418446C->edec9b8f-c318-426f-83f9-f44e945268a2@group-352661ED3FD5, cid=820, SUCCESS, logIndex=0, commits[edec9b8f-c318-426f-83f9-f44e945268a2:c1053, 02a03aee-1dd1-43c9-94ca-c76e2a537489:c1052, 9fb73170-bb25-48da-afcf-6f1f9e11598f:c1052]
 0.00% |█                                                                                                    |  0/1 Time: 0:00:032019-07-10 10:42:37,072 INFO  client.GrpcClientProtocolClient (GrpcClientProtocolClient.java:onNext(255)) - client-AC1CE418446C->edec9b8f-c318-426f-83f9-f44e945268a2: receive RaftClientReply:client-AC1CE418446C->edec9b8f-c318-426f-83f9-f44e945268a2@group-352661ED3FD5, cid=821, SUCCESS, logIndex=1055, commits[edec9b8f-c318-426f-83f9-f44e945268a2:c1056, 02a03aee-1dd1-43c9-94ca-c76e2a537489:c1054, 9fb73170-bb25-48da-afcf-6f1f9e11598f:c1054]
2019-07-10 10:42:37,073 INFO  client.GrpcClientProtocolClient (GrpcClientProtocolClient.java:onNext(255)) - client-AC1CE418446C->edec9b8f-c318-426f-83f9-f44e945268a2: receive RaftClientReply:client-AC1CE418446C->edec9b8f-c318-426f-83f9-f44e945268a2@group-352661ED3FD5, cid=822, SUCCESS, logIndex=1056, commits[edec9b8f-c318-426f-83f9-f44e945268a2:c1058, 02a03aee-1dd1-43c9-94ca-c76e2a537489:c1054, 9fb73170-bb25-48da-afcf-6f1f9e11598f:c1054]
2019-07-10 10:42:37,073 INFO  client.GrpcClientProtocolClient (GrpcClientProtocolClient.java:onNext(255)) - client-AC1CE418446C->edec9b8f-c318-426f-83f9-f44e945268a2: receive RaftClientReply:client-AC1CE418446C->edec9b8f-c318-426f-83f9-f44e945268a2@group-352661ED3FD5, cid=823, SUCCESS, logIndex=1057, commits[edec9b8f-c318-426f-83f9-f44e945268a2:c1058, 02a03aee-1dd1-43c9-94ca-c76e2a537489:c1054, 9fb73170-bb25-48da-afcf-6f1f9e11598f:c1054]
2019-07-10 10:42:37,073 INFO  client.GrpcClientProtocolClient (GrpcClientProtocolClient.java:onNext(255)) - client-AC1CE418446C->edec9b8f-c318-426f-83f9-f44e945268a2: receive RaftClientReply:client-AC1CE418446C->edec9b8f-c318-426f-83f9-f44e945268a2@group-352661ED3FD5, cid=824, SUCCESS, logIndex=1058, commits[edec9b8f-c318-426f-83f9-f44e945268a2:c1058, 02a03aee-1dd1-43c9-94ca-c76e2a537489:c1054, 9fb73170-bb25-48da-afcf-6f1f9e11598f:c1054]
2019-07-10 10:42:37,075 INFO  client.GrpcClientProtocolClient (GrpcClientProtocolClient.java:onNext(255)) - client-AC1CE418446C->edec9b8f-c318-426f-83f9-f44e945268a2: receive RaftClientReply:client-AC1CE418446C->edec9b8f-c318-426f-83f9-f44e945268a2@group-352661ED3FD5, cid=825, SUCCESS, logIndex=0, commits[edec9b8f-c318-426f-83f9-f44e945268a2:c1060, 02a03aee-1dd1-43c9-94ca-c76e2a537489:c1056, 9fb73170-bb25-48da-afcf-6f1f9e11598f:c1056]
2019-07-10 10:42:37,095 INFO  client.GrpcClientProtocolClient (GrpcClientProtocolClient.java:onNext(255)) - client-AC1CE418446C->edec9b8f-c318-426f-83f9-f44e945268a2: receive RaftClientReply:client-AC1CE418446C->edec9b8f-c318-426f-83f9-f44e945268a2@group-352661ED3FD5, cid=826, SUCCESS, logIndex=1062, commits[edec9b8f-c318-426f-83f9-f44e945268a2:c1063, 02a03aee-1dd1-43c9-94ca-c76e2a537489:c1061, 9fb73170-bb25-48da-afcf-6f1f9e11598f:c1061]
2019-07-10 10:42:37,096 INFO  client.GrpcClientProtocolClient (GrpcClientProtocolClient.java:onNext(255)) - client-AC1CE418446C->edec9b8f-c318-426f-83f9-f44e945268a2: receive RaftClientReply:client-AC1CE418446C->edec9b8f-c318-426f-83f9-f44e945268a2@group-352661ED3FD5, cid=827, SUCCESS, logIndex=1063, commits[edec9b8f-c318-426f-83f9-f44e945268a2:c1063, 02a03aee-1dd1-43c9-94ca-c76e2a537489:c1061, 9fb73170-bb25-48da-afcf-6f1f9e11598f:c1061]
2019-07-10 10:42:37,108 INFO  client.GrpcClientProtocolClient (GrpcClientProtocolClient.java:onNext(255)) - client-AC1CE418446C->edec9b8f-c318-426f-83f9-f44e945268a2: receive RaftClientReply:client-AC1CE418446C->edec9b8f-c318-426f-83f9-f44e945268a2@group-352661ED3FD5, cid=828, SUCCESS, logIndex=1066, commits[edec9b8f-c318-426f-83f9-f44e945268a2:c1067, 02a03aee-1dd1-43c9-94ca-c76e2a537489:c1062, 9fb73170-bb25-48da-afcf-6f1f9e11598f:c1063]
2019-07-10 10:42:37,108 INFO  client.GrpcClientProtocolClient (GrpcClientProtocolClient.java:onNext(255)) - client-AC1CE418446C->edec9b8f-c318-426f-83f9-f44e945268a2: receive RaftClientReply:client-AC1CE418446C->edec9b8f-c318-426f-83f9-f44e945268a2@group-352661ED3FD5, cid=829, SUCCESS, logIndex=1067, commits[edec9b8f-c318-426f-83f9-f44e945268a2:c1067, 02a03aee-1dd1-43c9-94ca-c76e2a537489:c1063, 9fb73170-bb25-48da-afcf-6f1f9e11598f:c1063]
2019-07-10 10:42:37,111 INFO  client.GrpcClientProtocolClient (GrpcClientProtocolClient.java:onNext(255)) - client-AC1CE418446C->edec9b8f-c318-426f-83f9-f44e945268a2: receive RaftClientReply:client-AC1CE418446C->edec9b8f-c318-426f-83f9-f44e945268a2@group-352661ED3FD5, cid=830, SUCCESS, logIndex=0, commits[edec9b8f-c318-426f-83f9-f44e945268a2:c1069, 02a03aee-1dd1-43c9-94ca-c76e2a537489:c1067, 9fb73170-bb25-48da-afcf-6f1f9e11598f:c1067]
2019-07-10 10:42:37,133 INFO  client.GrpcClientProtocolClient (GrpcClientProtocolClient.java:onNext(255)) - client-AC1CE418446C->edec9b8f-c318-426f-83f9-f44e945268a2: receive RaftClientReply:client-AC1CE418446C->edec9b8f-c318-426f-83f9-f44e945268a2@group-352661ED3FD5, cid=831, SUCCESS, logIndex=1070, commits[edec9b8f-c318-426f-83f9-f44e945268a2:c1071, 02a03aee-1dd1-43c9-94ca-c76e2a537489:c1069, 9fb73170-bb25-48da-afcf-6f1f9e11598f:c1069]
2019-07-10 10:42:37,134 INFO  client.GrpcClientProtocolClient (GrpcClientProtocolClient.java:onNext(255)) - client-AC1CE418446C->edec9b8f-c318-426f-83f9-f44e945268a2: receive RaftClientReply:client-AC1CE418446C->edec9b8f-c318-426f-83f9-f44e945268a2@group-352661ED3FD5, cid=832, SUCCESS, logIndex=1071, commits[edec9b8f-c318-426f-83f9-f44e945268a2:c1072, 02a03aee-1dd1-43c9-94ca-c76e2a537489:c1069, 9fb73170-bb25-48da-afcf-6f1f9e11598f:c1069]
2019-07-10 10:42:37,134 INFO  client.GrpcClientProtocolClient (GrpcClientProtocolClient.java:onNext(255)) - client-AC1CE418446C->edec9b8f-c318-426f-83f9-f44e945268a2: receive RaftClientReply:client-AC1CE418446C->edec9b8f-c318-426f-83f9-f44e945268a2@group-352661ED3FD5, cid=833, SUCCESS, logIndex=1072, commits[edec9b8f-c318-426f-83f9-f44e945268a2:c1073, 02a03aee-1dd1-43c9-94ca-c76e2a537489:c1069, 9fb73170-bb25-48da-afcf-6f1f9e11598f:c1069]
2019-07-10 10:42:37,135 INFO  client.GrpcClientProtocolClient (GrpcClientProtocolClient.java:onNext(255)) - client-AC1CE418446C->edec9b8f-c318-426f-83f9-f44e945268a2: receive RaftClientReply:client-AC1CE418446C->edec9b8f-c318-426f-83f9-f44e945268a2@group-352661ED3FD5, cid=834, SUCCESS, logIndex=1073, commits[edec9b8f-c318-426f-83f9-f44e945268a2:c1073, 02a03aee-1dd1-43c9-94ca-c76e2a537489:c1069, 9fb73170-bb25-48da-afcf-6f1f9e11598f:c1069]
2019-07-10 10:42:37,136 INFO  client.GrpcClientProtocolClient (GrpcClientProtocolClient.java:onNext(255)) - client-AC1CE418446C->edec9b8f-c318-426f-83f9-f44e945268a2: receive RaftClientReply:client-AC1CE418446C->edec9b8f-c318-426f-83f9-f44e945268a2@group-352661ED3FD5, cid=835, SUCCESS, logIndex=0, commits[edec9b8f-c318-426f-83f9-f44e945268a2:c1076, 02a03aee-1dd1-43c9-94ca-c76e2a537489:c1072, 9fb73170-bb25-48da-afcf-6f1f9e11598f:c1072]
2019-07-10 10:42:37,159 INFO  client.GrpcClientProtocolClient (GrpcClientProtocolClient.java:onNext(255)) - client-AC1CE418446C->edec9b8f-c318-426f-83f9-f44e945268a2: receive RaftClientReply:client-AC1CE418446C->edec9b8f-c318-426f-83f9-f44e945268a2@group-352661ED3FD5, cid=836, SUCCESS, logIndex=1078, commits[edec9b8f-c318-426f-83f9-f44e945268a2:c1079, 02a03aee-1dd1-43c9-94ca-c76e2a537489:c1077, 9fb73170-bb25-48da-afcf-6f1f9e11598f:c1077]
2019-07-10 10:42:37,159 INFO  client.GrpcClientProtocolClient (GrpcClientProtocolClient.java:onNext(255)) - client-AC1CE418446C->edec9b8f-c318-426f-83f9-f44e945268a2: receive RaftClientReply:client-AC1CE418446C->edec9b8f-c318-426f-83f9-f44e945268a2@group-352661ED3FD5, cid=837, SUCCESS, logIndex=1079, commits[edec9b8f-c318-426f-83f9-f44e945268a2:c1079, 02a03aee-1dd1-43c9-94ca-c76e2a537489:c1077, 9fb73170-bb25-48da-afcf-6f1f9e11598f:c1077]
2019-07-10 10:42:37,183 INFO  client.GrpcClientProtocolClient (GrpcClientProtocolClient.java:onNext(255)) - client-AC1CE418446C->edec9b8f-c318-426f-83f9-f44e945268a2: receive RaftClientReply:client-AC1CE418446C->edec9b8f-c318-426f-83f9-f44e945268a2@group-352661ED3FD5, cid=838, SUCCESS, logIndex=1082, commits[edec9b8f-c318-426f-83f9-f44e945268a2:c1083, 02a03aee-1dd1-43c9-94ca-c76e2a537489:c1079, 9fb73170-bb25-48da-afcf-6f1f9e11598f:c1079]
2019-07-10 10:42:37,183 INFO  client.GrpcClientProtocolClient (GrpcClientProtocolClient.java:onNext(255)) - client-AC1CE418446C->edec9b8f-c318-426f-83f9-f44e945268a2: receive RaftClientReply:client-AC1CE418446C->edec9b8f-c318-426f-83f9-f44e945268a2@group-352661ED3FD5, cid=839, SUCCESS, logIndex=1083, commits[edec9b8f-c318-426f-83f9-f44e945268a2:c1083, 02a03aee-1dd1-43c9-94ca-c76e2a537489:c1079, 9fb73170-bb25-48da-afcf-6f1f9e11598f:c1079]
2019-07-10 10:42:37,195 INFO  client.GrpcClientProtocolClient (GrpcClientProtocolClient.java:onNext(255)) - client-AC1CE418446C->edec9b8f-c318-426f-83f9-f44e945268a2: receive RaftClientReply:client-AC1CE418446C->edec9b8f-c318-426f-83f9-f44e945268a2@group-352661ED3FD5, cid=840, SUCCESS, logIndex=0, commits[edec9b8f-c318-426f-83f9-f44e945268a2:c1084, 02a03aee-1dd1-43c9-94ca-c76e2a537489:c1083, 9fb73170-bb25-48da-afcf-6f1f9e11598f:c1083]
2019-07-10 10:42:37,217 INFO  client.GrpcClientProtocolClient (GrpcClientProtocolClient.java:onNext(255)) - client-AC1CE418446C->edec9b8f-c318-426f-83f9-f44e945268a2: receive RaftClientReply:client-AC1CE418446C->edec9b8f-c318-426f-83f9-f44e945268a2@group-352661ED3FD5, cid=841, SUCCESS, logIndex=1086, commits[edec9b8f-c318-426f-83f9-f44e945268a2:c1087, 02a03aee-1dd1-43c9-94ca-c76e2a537489:c1085, 9fb73170-bb25-48da-afcf-6f1f9e11598f:c1085]
2019-07-10 10:42:37,217 INFO  client.GrpcClientProtocolClient (GrpcClientProtocolClient.java:onNext(255)) - client-AC1CE418446C->edec9b8f-c318-426f-83f9-f44e945268a2: receive RaftClientReply:client-AC1CE418446C->edec9b8f-c318-426f-83f9-f44e945268a2@group-352661ED3FD5, cid=842, SUCCESS, logIndex=1087, commits[edec9b8f-c318-426f-83f9-f44e945268a2:c1089, 02a03aee-1dd1-43c9-94ca-c76e2a537489:c1085, 9fb73170-bb25-48da-afcf-6f1f9e11598f:c1085]
2019-07-10 10:42:37,218 INFO  client.GrpcClientProtocolClient (GrpcClientProtocolClient.java:onNext(255)) - client-AC1CE418446C->edec9b8f-c318-426f-83f9-f44e945268a2: receive RaftClientReply:client-AC1CE418446C->edec9b8f-c318-426f-83f9-f44e945268a2@group-352661ED3FD5, cid=843, SUCCESS, logIndex=1088, commits[edec9b8f-c318-426f-83f9-f44e945268a2:c1089, 02a03aee-1dd1-43c9-94ca-c76e2a537489:c1085, 9fb73170-bb25-48da-afcf-6f1f9e11598f:c1085]
2019-07-10 10:42:37,218 INFO  client.GrpcClientProtocolClient (GrpcClientProtocolClient.java:onNext(255)) - client-AC1CE418446C->edec9b8f-c318-426f-83f9-f44e945268a2: receive RaftClientReply:client-AC1CE418446C->edec9b8f-c318-426f-83f9-f44e945268a2@group-352661ED3FD5, cid=844, SUCCESS, logIndex=1089, commits[edec9b8f-c318-426f-83f9-f44e945268a2:c1089, 02a03aee-1dd1-43c9-94ca-c76e2a537489:c1085, 9fb73170-bb25-48da-afcf-6f1f9e11598f:c1085]
2019-07-10 10:42:37,219 INFO  client.GrpcClientProtocolClient (GrpcClientProtocolClient.java:onNext(255)) - client-AC1CE418446C->edec9b8f-c318-426f-83f9-f44e945268a2: receive RaftClientReply:client-AC1CE418446C->edec9b8f-c318-426f-83f9-f44e945268a2@group-352661ED3FD5, cid=845, SUCCESS, logIndex=0, commits[edec9b8f-c318-426f-83f9-f44e945268a2:c1093, 02a03aee-1dd1-43c9-94ca-c76e2a537489:c1089, 9fb73170-bb25-48da-afcf-6f1f9e11598f:c1087]
2019-07-10 10:42:37,233 INFO  client.GrpcClientProtocolClient (GrpcClientProtocolClient.java:onNext(255)) - client-AC1CE418446C->edec9b8f-c318-426f-83f9-f44e945268a2: receive RaftClientReply:client-AC1CE418446C->edec9b8f-c318-426f-83f9-f44e945268a2@group-352661ED3FD5, cid=846, SUCCESS, logIndex=1094, commits[edec9b8f-c318-426f-83f9-f44e945268a2:c1095, 02a03aee-1dd1-43c9-94ca-c76e2a537489:c1093, 9fb73170-bb25-48da-afcf-6f1f9e11598f:c1093]
2019-07-10 10:42:37,234 INFO  client.GrpcClientProtocolClient (GrpcClientProtocolClient.java:onNext(255)) - client-AC1CE418446C->edec9b8f-c318-426f-83f9-f44e945268a2: receive RaftClientReply:client-AC1CE418446C->edec9b8f-c318-426f-83f9-f44e945268a2@group-352661ED3FD5, cid=847, SUCCESS, logIndex=1095, commits[edec9b8f-c318-426f-83f9-f44e945268a2:c1095, 02a03aee-1dd1-43c9-94ca-c76e2a537489:c1093, 9fb73170-bb25-48da-afcf-6f1f9e11598f:c1093]
2019-07-10 10:42:37,246 INFO  client.GrpcClientProtocolClient (GrpcClientProtocolClient.java:onNext(255)) - client-AC1CE418446C->edec9b8f-c318-426f-83f9-f44e945268a2: receive RaftClientReply:client-AC1CE418446C->edec9b8f-c318-426f-83f9-f44e945268a2@group-352661ED3FD5, cid=848, SUCCESS, logIndex=1098, commits[edec9b8f-c318-426f-83f9-f44e945268a2:c1099, 02a03aee-1dd1-43c9-94ca-c76e2a537489:c1097, 9fb73170-bb25-48da-afcf-6f1f9e11598f:c1097]
2019-07-10 10:42:37,359 INFO  client.GrpcClientProtocolClient (GrpcClientProtocolClient.java:onNext(255)) - client-AC1CE418446C->edec9b8f-c318-426f-83f9-f44e945268a2: receive RaftClientReply:client-AC1CE418446C->edec9b8f-c318-426f-83f9-f44e945268a2@group-352661ED3FD5, cid=849, SUCCESS, logIndex=1099, commits[edec9b8f-c318-426f-83f9-f44e945268a2:c1099, 02a03aee-1dd1-43c9-94ca-c76e2a537489:c1097, 9fb73170-bb25-48da-afcf-6f1f9e11598f:c1097]
2019-07-10 10:42:37,372 INFO  client.GrpcClientProtocolClient (GrpcClientProtocolClient.java:onNext(255)) - client-AC1CE418446C->edec9b8f-c318-426f-83f9-f44e945268a2: receive RaftClientReply:client-AC1CE418446C->edec9b8f-c318-426f-83f9-f44e945268a2@group-352661ED3FD5, cid=850, SUCCESS, logIndex=0, commits[edec9b8f-c318-426f-83f9-f44e945268a2:c1101, 02a03aee-1dd1-43c9-94ca-c76e2a537489:c1099, 9fb73170-bb25-48da-afcf-6f1f9e11598f:c1099]
2019-07-10 10:42:37,396 INFO  client.GrpcClientProtocolClient (GrpcClientProtocolClient.java:onNext(255)) - client-AC1CE418446C->edec9b8f-c318-426f-83f9-f44e945268a2: receive RaftClientReply:client-AC1CE418446C->edec9b8f-c318-426f-83f9-f44e945268a2@group-352661ED3FD5, cid=851, SUCCESS, logIndex=1102, commits[edec9b8f-c318-426f-83f9-f44e945268a2:c1102, 02a03aee-1dd1-43c9-94ca-c76e2a537489:c1101, 9fb73170-bb25-48da-afcf-6f1f9e11598f:c1101]
2019-07-10 10:42:37,397 INFO  client.GrpcClientProtocolClient (GrpcClientProtocolClient.java:onNext(255)) - client-AC1CE418446C->edec9b8f-c318-426f-83f9-f44e945268a2: receive RaftClientReply:client-AC1CE418446C->edec9b8f-c318-426f-83f9-f44e945268a2@group-352661ED3FD5, cid=852, SUCCESS, logIndex=1103, commits[edec9b8f-c318-426f-83f9-f44e945268a2:c1105, 02a03aee-1dd1-43c9-94ca-c76e2a537489:c1101, 9fb73170-bb25-48da-afcf-6f1f9e11598f:c1101]
2019-07-10 10:42:37,397 INFO  client.GrpcClientProtocolClient (GrpcClientProtocolClient.java:onNext(255)) - client-AC1CE418446C->edec9b8f-c318-426f-83f9-f44e945268a2: receive RaftClientReply:client-AC1CE418446C->edec9b8f-c318-426f-83f9-f44e945268a2@group-352661ED3FD5, cid=853, SUCCESS, logIndex=1104, commits[edec9b8f-c318-426f-83f9-f44e945268a2:c1105, 02a03aee-1dd1-43c9-94ca-c76e2a537489:c1101, 9fb73170-bb25-48da-afcf-6f1f9e11598f:c1101]
2019-07-10 10:42:37,398 INFO  client.GrpcClientProtocolClient (GrpcClientProtocolClient.java:onNext(255)) - client-AC1CE418446C->edec9b8f-c318-426f-83f9-f44e945268a2: receive RaftClientReply:client-AC1CE418446C->edec9b8f-c318-426f-83f9-f44e945268a2@group-352661ED3FD5, cid=854, SUCCESS, logIndex=1105, commits[edec9b8f-c318-426f-83f9-f44e945268a2:c1105, 02a03aee-1dd1-43c9-94ca-c76e2a537489:c1101, 9fb73170-bb25-48da-afcf-6f1f9e11598f:c1101]
2019-07-10 10:42:37,409 INFO  client.GrpcClientProtocolClient (GrpcClientProtocolClient.java:onNext(255)) - client-AC1CE418446C->edec9b8f-c318-426f-83f9-f44e945268a2: receive RaftClientReply:client-AC1CE418446C->edec9b8f-c318-426f-83f9-f44e945268a2@group-352661ED3FD5, cid=855, SUCCESS, logIndex=0, commits[edec9b8f-c318-426f-83f9-f44e945268a2:c1107, 02a03aee-1dd1-43c9-94ca-c76e2a537489:c1105, 9fb73170-bb25-48da-afcf-6f1f9e11598f:c1105]
2019-07-10 10:42:37,431 INFO  client.GrpcClientProtocolClient (GrpcClientProtocolClient.java:onNext(255)) - client-AC1CE418446C->edec9b8f-c318-426f-83f9-f44e945268a2: receive RaftClientReply:client-AC1CE418446C->edec9b8f-c318-426f-83f9-f44e945268a2@group-352661ED3FD5, cid=856, SUCCESS, logIndex=1108, commits[edec9b8f-c318-426f-83f9-f44e945268a2:c1109, 02a03aee-1dd1-43c9-94ca-c76e2a537489:c1107, 9fb73170-bb25-48da-afcf-6f1f9e11598f:c1107]
2019-07-10 10:42:37,431 INFO  client.GrpcClientProtocolClient (GrpcClientProtocolClient.java:onNext(255)) - client-AC1CE418446C->edec9b8f-c318-426f-83f9-f44e945268a2: receive RaftClientReply:client-AC1CE418446C->edec9b8f-c318-426f-83f9-f44e945268a2@group-352661ED3FD5, cid=857, SUCCESS, logIndex=1109, commits[edec9b8f-c318-426f-83f9-f44e945268a2:c1109, 02a03aee-1dd1-43c9-94ca-c76e2a537489:c1107, 9fb73170-bb25-48da-afcf-6f1f9e11598f:c1107]
2019-07-10 10:42:37,456 INFO  client.GrpcClientProtocolClient (GrpcClientProtocolClient.java:onNext(255)) - client-AC1CE418446C->edec9b8f-c318-426f-83f9-f44e945268a2: receive RaftClientReply:client-AC1CE418446C->edec9b8f-c318-426f-83f9-f44e945268a2@group-352661ED3FD5, cid=858, SUCCESS, logIndex=1112, commits[edec9b8f-c318-426f-83f9-f44e945268a2:c1113, 02a03aee-1dd1-43c9-94ca-c76e2a537489:c1108, 9fb73170-bb25-48da-afcf-6f1f9e11598f:c1109]
2019-07-10 10:42:37,456 INFO  client.GrpcClientProtocolClient (GrpcClientProtocolClient.java:onNext(255)) - client-AC1CE418446C->edec9b8f-c318-426f-83f9-f44e945268a2: receive RaftClientReply:client-AC1CE418446C->edec9b8f-c318-426f-83f9-f44e945268a2@group-352661ED3FD5, cid=859, SUCCESS, logIndex=1113, commits[edec9b8f-c318-426f-83f9-f44e945268a2:c1113, 02a03aee-1dd1-43c9-94ca-c76e2a537489:c1109, 9fb73170-bb25-48da-afcf-6f1f9e11598f:c1109]
2019-07-10 10:42:37,458 INFO  client.GrpcClientProtocolClient (GrpcClientProtocolClient.java:onNext(255)) - client-AC1CE418446C->edec9b8f-c318-426f-83f9-f44e945268a2: receive RaftClientReply:client-AC1CE418446C->edec9b8f-c318-426f-83f9-f44e945268a2@group-352661ED3FD5, cid=860, SUCCESS, logIndex=0, commits[edec9b8f-c318-426f-83f9-f44e945268a2:c1115, 02a03aee-1dd1-43c9-94ca-c76e2a537489:c1113, 9fb73170-bb25-48da-afcf-6f1f9e11598f:c1113]
2019-07-10 10:42:37,479 INFO  client.GrpcClientProtocolClient (GrpcClientProtocolClient.java:onNext(255)) - client-AC1CE418446C->edec9b8f-c318-426f-83f9-f44e945268a2: receive RaftClientReply:client-AC1CE418446C->edec9b8f-c318-426f-83f9-f44e945268a2@group-352661ED3FD5, cid=861, SUCCESS, logIndex=1116, commits[edec9b8f-c318-426f-83f9-f44e945268a2:c1117, 02a03aee-1dd1-43c9-94ca-c76e2a537489:c1115, 9fb73170-bb25-48da-afcf-6f1f9e11598f:c1115]
2019-07-10 10:42:37,479 INFO  client.GrpcClientProtocolClient (GrpcClientProtocolClient.java:onNext(255)) - client-AC1CE418446C->edec9b8f-c318-426f-83f9-f44e945268a2: receive RaftClientReply:client-AC1CE418446C->edec9b8f-c318-426f-83f9-f44e945268a2@group-352661ED3FD5, cid=862, SUCCESS, logIndex=1117, commits[edec9b8f-c318-426f-83f9-f44e945268a2:c1117, 02a03aee-1dd1-43c9-94ca-c76e2a537489:c1115, 9fb73170-bb25-48da-afcf-6f1f9e11598f:c1115]
2019-07-10 10:42:37,480 INFO  client.GrpcClientProtocolClient (GrpcClientProtocolClient.java:onNext(255)) - client-AC1CE418446C->edec9b8f-c318-426f-83f9-f44e945268a2: receive RaftClientReply:client-AC1CE418446C->edec9b8f-c318-426f-83f9-f44e945268a2@group-352661ED3FD5, cid=863, SUCCESS, logIndex=1118, commits[edec9b8f-c318-426f-83f9-f44e945268a2:c1119, 02a03aee-1dd1-43c9-94ca-c76e2a537489:c1115, 9fb73170-bb25-48da-afcf-6f1f9e11598f:c1115]
2019-07-10 10:42:37,483 INFO  client.GrpcClientProtocolClient (GrpcClientProtocolClient.java:onNext(255)) - client-AC1CE418446C->edec9b8f-c318-426f-83f9-f44e945268a2: receive RaftClientReply:client-AC1CE418446C->edec9b8f-c318-426f-83f9-f44e945268a2@group-352661ED3FD5, cid=864, SUCCESS, logIndex=1119, commits[edec9b8f-c318-426f-83f9-f44e945268a2:c1119, 02a03aee-1dd1-43c9-94ca-c76e2a537489:c1115, 9fb73170-bb25-48da-afcf-6f1f9e11598f:c1115]
2019-07-10 10:42:37,484 INFO  client.GrpcClientProtocolClient (GrpcClientProtocolClient.java:onNext(255)) - client-AC1CE418446C->edec9b8f-c318-426f-83f9-f44e945268a2: receive RaftClientReply:client-AC1CE418446C->edec9b8f-c318-426f-83f9-f44e945268a2@group-352661ED3FD5, cid=865, SUCCESS, logIndex=0, commits[edec9b8f-c318-426f-83f9-f44e945268a2:c1123, 02a03aee-1dd1-43c9-94ca-c76e2a537489:c1117, 9fb73170-bb25-48da-afcf-6f1f9e11598f:c1119]
2019-07-10 10:42:37,508 INFO  client.GrpcClientProtocolClient (GrpcClientProtocolClient.java:onNext(255)) - client-AC1CE418446C->edec9b8f-c318-426f-83f9-f44e945268a2: receive RaftClientReply:client-AC1CE418446C->edec9b8f-c318-426f-83f9-f44e945268a2@group-352661ED3FD5, cid=866, SUCCESS, logIndex=1124, commits[edec9b8f-c318-426f-83f9-f44e945268a2:c1125, 02a03aee-1dd1-43c9-94ca-c76e2a537489:c1119, 9fb73170-bb25-48da-afcf-6f1f9e11598f:c1123]
2019-07-10 10:42:37,508 INFO  client.GrpcClientProtocolClient (GrpcClientProtocolClient.java:onNext(255)) - client-AC1CE418446C->edec9b8f-c318-426f-83f9-f44e945268a2: receive RaftClientReply:client-AC1CE418446C->edec9b8f-c318-426f-83f9-f44e945268a2@group-352661ED3FD5, cid=867, SUCCESS, logIndex=1125, commits[edec9b8f-c318-426f-83f9-f44e945268a2:c1125, 02a03aee-1dd1-43c9-94ca-c76e2a537489:c1123, 9fb73170-bb25-48da-afcf-6f1f9e11598f:c1123]
2019-07-10 10:42:37,524 INFO  client.GrpcClientProtocolClient (GrpcClientProtocolClient.java:onNext(255)) - client-AC1CE418446C->edec9b8f-c318-426f-83f9-f44e945268a2: receive RaftClientReply:client-AC1CE418446C->edec9b8f-c318-426f-83f9-f44e945268a2@group-352661ED3FD5, cid=868, SUCCESS, logIndex=1128, commits[edec9b8f-c318-426f-83f9-f44e945268a2:c1129, 02a03aee-1dd1-43c9-94ca-c76e2a537489:c1125, 9fb73170-bb25-48da-afcf-6f1f9e11598f:c1126]
2019-07-10 10:42:37,524 INFO  client.GrpcClientProtocolClient (GrpcClientProtocolClient.java:onNext(255)) - client-AC1CE418446C->edec9b8f-c318-426f-83f9-f44e945268a2: receive RaftClientReply:client-AC1CE418446C->edec9b8f-c318-426f-83f9-f44e945268a2@group-352661ED3FD5, cid=869, SUCCESS, logIndex=1129, commits[edec9b8f-c318-426f-83f9-f44e945268a2:c1129, 02a03aee-1dd1-43c9-94ca-c76e2a537489:c1126, 9fb73170-bb25-48da-afcf-6f1f9e11598f:c1126]
2019-07-10 10:42:37,527 INFO  client.GrpcClientProtocolClient (GrpcClientProtocolClient.java:onNext(255)) - client-AC1CE418446C->edec9b8f-c318-426f-83f9-f44e945268a2: receive RaftClientReply:client-AC1CE418446C->edec9b8f-c318-426f-83f9-f44e945268a2@group-352661ED3FD5, cid=870, SUCCESS, logIndex=0, commits[edec9b8f-c318-426f-83f9-f44e945268a2:c1131, 02a03aee-1dd1-43c9-94ca-c76e2a537489:c1129, 9fb73170-bb25-48da-afcf-6f1f9e11598f:c1129]
2019-07-10 10:42:37,553 INFO  client.GrpcClientProtocolClient (GrpcClientProtocolClient.java:onNext(255)) - client-AC1CE418446C->edec9b8f-c318-426f-83f9-f44e945268a2: receive RaftClientReply:client-AC1CE418446C->edec9b8f-c318-426f-83f9-f44e945268a2@group-352661ED3FD5, cid=871, SUCCESS, logIndex=1132, commits[edec9b8f-c318-426f-83f9-f44e945268a2:c1133, 02a03aee-1dd1-43c9-94ca-c76e2a537489:c1131, 9fb73170-bb25-48da-afcf-6f1f9e11598f:c1131]
2019-07-10 10:42:37,553 INFO  client.GrpcClientProtocolClient (GrpcClientProtocolClient.java:onNext(255)) - client-AC1CE418446C->edec9b8f-c318-426f-83f9-f44e945268a2: receive RaftClientReply:client-AC1CE418446C->edec9b8f-c318-426f-83f9-f44e945268a2@group-352661ED3FD5, cid=872, SUCCESS, logIndex=1133, commits[edec9b8f-c318-426f-83f9-f44e945268a2:c1133, 02a03aee-1dd1-43c9-94ca-c76e2a537489:c1131, 9fb73170-bb25-48da-afcf-6f1f9e11598f:c1131]
2019-07-10 10:42:37,567 INFO  client.GrpcClientProtocolClient (GrpcClientProtocolClient.java:onNext(255)) - client-AC1CE418446C->edec9b8f-c318-426f-83f9-f44e945268a2: receive RaftClientReply:client-AC1CE418446C->edec9b8f-c318-426f-83f9-f44e945268a2@group-352661ED3FD5, cid=873, SUCCESS, logIndex=1134, commits[edec9b8f-c318-426f-83f9-f44e945268a2:c1135, 02a03aee-1dd1-43c9-94ca-c76e2a537489:c1131, 9fb73170-bb25-48da-afcf-6f1f9e11598f:c1131]
2019-07-10 10:42:37,568 INFO  client.GrpcClientProtocolClient (GrpcClientProtocolClient.java:onNext(255)) - client-AC1CE418446C->edec9b8f-c318-426f-83f9-f44e945268a2: receive RaftClientReply:client-AC1CE418446C->edec9b8f-c318-426f-83f9-f44e945268a2@group-352661ED3FD5, cid=874, SUCCESS, logIndex=1135, commits[edec9b8f-c318-426f-83f9-f44e945268a2:c1135, 02a03aee-1dd1-43c9-94ca-c76e2a537489:c1131, 9fb73170-bb25-48da-afcf-6f1f9e11598f:c1131]
2019-07-10 10:42:37,569 INFO  client.GrpcClientProtocolClient (GrpcClientProtocolClient.java:onNext(255)) - client-AC1CE418446C->edec9b8f-c318-426f-83f9-f44e945268a2: receive RaftClientReply:client-AC1CE418446C->edec9b8f-c318-426f-83f9-f44e945268a2@group-352661ED3FD5, cid=875, SUCCESS, logIndex=0, commits[edec9b8f-c318-426f-83f9-f44e945268a2:c1137, 02a03aee-1dd1-43c9-94ca-c76e2a537489:c1133, 9fb73170-bb25-48da-afcf-6f1f9e11598f:c1133]
2019-07-10 10:42:37,591 INFO  client.GrpcClientProtocolClient (GrpcClientProtocolClient.java:onNext(255)) - client-AC1CE418446C->edec9b8f-c318-426f-83f9-f44e945268a2: receive RaftClientReply:client-AC1CE418446C->edec9b8f-c318-426f-83f9-f44e945268a2@group-352661ED3FD5, cid=876, SUCCESS, logIndex=1140, commits[edec9b8f-c318-426f-83f9-f44e945268a2:c1141, 02a03aee-1dd1-43c9-94ca-c76e2a537489:c1139, 9fb73170-bb25-48da-afcf-6f1f9e11598f:c1139]
2019-07-10 10:42:37,591 INFO  client.GrpcClientProtocolClient (GrpcClientProtocolClient.java:onNext(255)) - client-AC1CE418446C->edec9b8f-c318-426f-83f9-f44e945268a2: receive RaftClientReply:client-AC1CE418446C->edec9b8f-c318-426f-83f9-f44e945268a2@group-352661ED3FD5, cid=877, SUCCESS, logIndex=1141, commits[edec9b8f-c318-426f-83f9-f44e945268a2:c1141, 02a03aee-1dd1-43c9-94ca-c76e2a537489:c1139, 9fb73170-bb25-48da-afcf-6f1f9e11598f:c1139]
2019-07-10 10:42:37,604 INFO  client.GrpcClientProtocolClient (GrpcClientProtocolClient.java:onNext(255)) - client-AC1CE418446C->edec9b8f-c318-426f-83f9-f44e945268a2: receive RaftClientReply:client-AC1CE418446C->edec9b8f-c318-426f-83f9-f44e945268a2@group-352661ED3FD5, cid=878, SUCCESS, logIndex=1144, commits[edec9b8f-c318-426f-83f9-f44e945268a2:c1144, 02a03aee-1dd1-43c9-94ca-c76e2a537489:c1141, 9fb73170-bb25-48da-afcf-6f1f9e11598f:c1141]
2019-07-10 10:42:37,604 INFO  client.GrpcClientProtocolClient (GrpcClientProtocolClient.java:onNext(255)) - client-AC1CE418446C->edec9b8f-c318-426f-83f9-f44e945268a2: receive RaftClientReply:client-AC1CE418446C->edec9b8f-c318-426f-83f9-f44e945268a2@group-352661ED3FD5, cid=879, SUCCESS, logIndex=1145, commits[edec9b8f-c318-426f-83f9-f44e945268a2:c1145, 02a03aee-1dd1-43c9-94ca-c76e2a537489:c1141, 9fb73170-bb25-48da-afcf-6f1f9e11598f:c1141]
2019-07-10 10:42:37,617 INFO  client.GrpcClientProtocolClient (GrpcClientProtocolClient.java:onNext(255)) - client-AC1CE418446C->edec9b8f-c318-426f-83f9-f44e945268a2: receive RaftClientReply:client-AC1CE418446C->edec9b8f-c318-426f-83f9-f44e945268a2@group-352661ED3FD5, cid=880, SUCCESS, logIndex=0, commits[edec9b8f-c318-426f-83f9-f44e945268a2:c1147, 02a03aee-1dd1-43c9-94ca-c76e2a537489:c1145, 9fb73170-bb25-48da-afcf-6f1f9e11598f:c1145]
2019-07-10 10:42:37,638 INFO  client.GrpcClientProtocolClient (GrpcClientProtocolClient.java:onNext(255)) - client-AC1CE418446C->edec9b8f-c318-426f-83f9-f44e945268a2: receive RaftClientReply:client-AC1CE418446C->edec9b8f-c318-426f-83f9-f44e945268a2@group-352661ED3FD5, cid=881, SUCCESS, logIndex=1148, commits[edec9b8f-c318-426f-83f9-f44e945268a2:c1149, 02a03aee-1dd1-43c9-94ca-c76e2a537489:c1147, 9fb73170-bb25-48da-afcf-6f1f9e11598f:c1147]
2019-07-10 10:42:37,639 INFO  client.GrpcClientProtocolClient (GrpcClientProtocolClient.java:onNext(255)) - client-AC1CE418446C->edec9b8f-c318-426f-83f9-f44e945268a2: receive RaftClientReply:client-AC1CE418446C->edec9b8f-c318-426f-83f9-f44e945268a2@group-352661ED3FD5, cid=882, SUCCESS, logIndex=1149, commits[edec9b8f-c318-426f-83f9-f44e945268a2:c1149, 02a03aee-1dd1-43c9-94ca-c76e2a537489:c1147, 9fb73170-bb25-48da-afcf-6f1f9e11598f:c1147]
2019-07-10 10:42:37,640 INFO  client.GrpcClientProtocolClient (GrpcClientProtocolClient.java:onNext(255)) - client-AC1CE418446C->edec9b8f-c318-426f-83f9-f44e945268a2: receive RaftClientReply:client-AC1CE418446C->edec9b8f-c318-426f-83f9-f44e945268a2@group-352661ED3FD5, cid=883, SUCCESS, logIndex=1150, commits[edec9b8f-c318-426f-83f9-f44e945268a2:c1151, 02a03aee-1dd1-43c9-94ca-c76e2a537489:c1147, 9fb73170-bb25-48da-afcf-6f1f9e11598f:c1147]
2019-07-10 10:42:37,640 INFO  client.GrpcClientProtocolClient (GrpcClientProtocolClient.java:onNext(255)) - client-AC1CE418446C->edec9b8f-c318-426f-83f9-f44e945268a2: receive RaftClientReply:client-AC1CE418446C->edec9b8f-c318-426f-83f9-f44e945268a2@group-352661ED3FD5, cid=884, SUCCESS, logIndex=1151, commits[edec9b8f-c318-426f-83f9-f44e945268a2:c1151, 02a03aee-1dd1-43c9-94ca-c76e2a537489:c1147, 9fb73170-bb25-48da-afcf-6f1f9e11598f:c1147]
2019-07-10 10:42:37,642 INFO  client.GrpcClientProtocolClient (GrpcClientProtocolClient.java:onNext(255)) - client-AC1CE418446C->edec9b8f-c318-426f-83f9-f44e945268a2: receive RaftClientReply:client-AC1CE418446C->edec9b8f-c318-426f-83f9-f44e945268a2@group-352661ED3FD5, cid=885, SUCCESS, logIndex=0, commits[edec9b8f-c318-426f-83f9-f44e945268a2:c1153, 02a03aee-1dd1-43c9-94ca-c76e2a537489:c1149, 9fb73170-bb25-48da-afcf-6f1f9e11598f:c1149]
2019-07-10 10:42:37,663 INFO  client.GrpcClientProtocolClient (GrpcClientProtocolClient.java:onNext(255)) - client-AC1CE418446C->edec9b8f-c318-426f-83f9-f44e945268a2: receive RaftClientReply:client-AC1CE418446C->edec9b8f-c318-426f-83f9-f44e945268a2@group-352661ED3FD5, cid=886, SUCCESS, logIndex=1156, commits[edec9b8f-c318-426f-83f9-f44e945268a2:c1157, 02a03aee-1dd1-43c9-94ca-c76e2a537489:c1155, 9fb73170-bb25-48da-afcf-6f1f9e11598f:c1155]
2019-07-10 10:42:37,663 INFO  client.GrpcClientProtocolClient (GrpcClientProtocolClient.java:onNext(255)) - client-AC1CE418446C->edec9b8f-c318-426f-83f9-f44e945268a2: receive RaftClientReply:client-AC1CE418446C->edec9b8f-c318-426f-83f9-f44e945268a2@group-352661ED3FD5, cid=887, SUCCESS, logIndex=1157, commits[edec9b8f-c318-426f-83f9-f44e945268a2:c1157, 02a03aee-1dd1-43c9-94ca-c76e2a537489:c1155, 9fb73170-bb25-48da-afcf-6f1f9e11598f:c1155]
2019-07-10 10:42:37,678 INFO  client.GrpcClientProtocolClient (GrpcClientProtocolClient.java:onNext(255)) - client-AC1CE418446C->edec9b8f-c318-426f-83f9-f44e945268a2: receive RaftClientReply:client-AC1CE418446C->edec9b8f-c318-426f-83f9-f44e945268a2@group-352661ED3FD5, cid=888, SUCCESS, logIndex=1160, commits[edec9b8f-c318-426f-83f9-f44e945268a2:c1161, 02a03aee-1dd1-43c9-94ca-c76e2a537489:c1157, 9fb73170-bb25-48da-afcf-6f1f9e11598f:c1157]
2019-07-10 10:42:37,678 INFO  client.GrpcClientProtocolClient (GrpcClientProtocolClient.java:onNext(255)) - client-AC1CE418446C->edec9b8f-c318-426f-83f9-f44e945268a2: receive RaftClientReply:client-AC1CE418446C->edec9b8f-c318-426f-83f9-f44e945268a2@group-352661ED3FD5, cid=889, SUCCESS, logIndex=1161, commits[edec9b8f-c318-426f-83f9-f44e945268a2:c1161, 02a03aee-1dd1-43c9-94ca-c76e2a537489:c1157, 9fb73170-bb25-48da-afcf-6f1f9e11598f:c1157]
2019-07-10 10:42:37,691 INFO  client.GrpcClientProtocolClient (GrpcClientProtocolClient.java:onNext(255)) - client-AC1CE418446C->edec9b8f-c318-426f-83f9-f44e945268a2: receive RaftClientReply:client-AC1CE418446C->edec9b8f-c318-426f-83f9-f44e945268a2@group-352661ED3FD5, cid=890, SUCCESS, logIndex=0, commits[edec9b8f-c318-426f-83f9-f44e945268a2:c1163, 02a03aee-1dd1-43c9-94ca-c76e2a537489:c1161, 9fb73170-bb25-48da-afcf-6f1f9e11598f:c1161]
2019-07-10 10:42:37,712 INFO  client.GrpcClientProtocolClient (GrpcClientProtocolClient.java:onNext(255)) - client-AC1CE418446C->edec9b8f-c318-426f-83f9-f44e945268a2: receive RaftClientReply:client-AC1CE418446C->edec9b8f-c318-426f-83f9-f44e945268a2@group-352661ED3FD5, cid=891, SUCCESS, logIndex=1164, commits[edec9b8f-c318-426f-83f9-f44e945268a2:c1165, 02a03aee-1dd1-43c9-94ca-c76e2a537489:c1163, 9fb73170-bb25-48da-afcf-6f1f9e11598f:c1163]
2019-07-10 10:42:37,713 INFO  client.GrpcClientProtocolClient (GrpcClientProtocolClient.java:onNext(255)) - client-AC1CE418446C->edec9b8f-c318-426f-83f9-f44e945268a2: receive RaftClientReply:client-AC1CE418446C->edec9b8f-c318-426f-83f9-f44e945268a2@group-352661ED3FD5, cid=892, SUCCESS, logIndex=1165, commits[edec9b8f-c318-426f-83f9-f44e945268a2:c1165, 02a03aee-1dd1-43c9-94ca-c76e2a537489:c1163, 9fb73170-bb25-48da-afcf-6f1f9e11598f:c1163]
2019-07-10 10:42:37,713 INFO  client.GrpcClientProtocolClient (GrpcClientProtocolClient.java:onNext(255)) - client-AC1CE418446C->edec9b8f-c318-426f-83f9-f44e945268a2: receive RaftClientReply:client-AC1CE418446C->edec9b8f-c318-426f-83f9-f44e945268a2@group-352661ED3FD5, cid=893, SUCCESS, logIndex=1166, commits[edec9b8f-c318-426f-83f9-f44e945268a2:c1167, 02a03aee-1dd1-43c9-94ca-c76e2a537489:c1163, 9fb73170-bb25-48da-afcf-6f1f9e11598f:c1163]
2019-07-10 10:42:37,714 INFO  client.GrpcClientProtocolClient (GrpcClientProtocolClient.java:onNext(255)) - client-AC1CE418446C->edec9b8f-c318-426f-83f9-f44e945268a2: receive RaftClientReply:client-AC1CE418446C->edec9b8f-c318-426f-83f9-f44e945268a2@group-352661ED3FD5, cid=894, SUCCESS, logIndex=1167, commits[edec9b8f-c318-426f-83f9-f44e945268a2:c1167, 02a03aee-1dd1-43c9-94ca-c76e2a537489:c1163, 9fb73170-bb25-48da-afcf-6f1f9e11598f:c1163]
2019-07-10 10:42:37,726 INFO  client.GrpcClientProtocolClient (GrpcClientProtocolClient.java:onNext(255)) - client-AC1CE418446C->edec9b8f-c318-426f-83f9-f44e945268a2: receive RaftClientReply:client-AC1CE418446C->edec9b8f-c318-426f-83f9-f44e945268a2@group-352661ED3FD5, cid=895, SUCCESS, logIndex=0, commits[edec9b8f-c318-426f-83f9-f44e945268a2:c1169, 02a03aee-1dd1-43c9-94ca-c76e2a537489:c1165, 9fb73170-bb25-48da-afcf-6f1f9e11598f:c1165]
2019-07-10 10:42:37,747 INFO  client.GrpcClientProtocolClient (GrpcClientProtocolClient.java:onNext(255)) - client-AC1CE418446C->edec9b8f-c318-426f-83f9-f44e945268a2: receive RaftClientReply:client-AC1CE418446C->edec9b8f-c318-426f-83f9-f44e945268a2@group-352661ED3FD5, cid=896, SUCCESS, logIndex=1172, commits[edec9b8f-c318-426f-83f9-f44e945268a2:c1173, 02a03aee-1dd1-43c9-94ca-c76e2a537489:c1171, 9fb73170-bb25-48da-afcf-6f1f9e11598f:c1171]
2019-07-10 10:42:37,747 INFO  client.GrpcClientProtocolClient (GrpcClientProtocolClient.java:onNext(255)) - client-AC1CE418446C->edec9b8f-c318-426f-83f9-f44e945268a2: receive RaftClientReply:client-AC1CE418446C->edec9b8f-c318-426f-83f9-f44e945268a2@group-352661ED3FD5, cid=897, SUCCESS, logIndex=1173, commits[edec9b8f-c318-426f-83f9-f44e945268a2:c1173, 02a03aee-1dd1-43c9-94ca-c76e2a537489:c1171, 9fb73170-bb25-48da-afcf-6f1f9e11598f:c1171]
2019-07-10 10:42:37,760 INFO  client.GrpcClientProtocolClient (GrpcClientProtocolClient.java:onNext(255)) - client-AC1CE418446C->edec9b8f-c318-426f-83f9-f44e945268a2: receive RaftClientReply:client-AC1CE418446C->edec9b8f-c318-426f-83f9-f44e945268a2@group-352661ED3FD5, cid=898, SUCCESS, logIndex=1176, commits[edec9b8f-c318-426f-83f9-f44e945268a2:c1177, 02a03aee-1dd1-43c9-94ca-c76e2a537489:c1175, 9fb73170-bb25-48da-afcf-6f1f9e11598f:c1173]
2019-07-10 10:42:37,761 INFO  client.GrpcClientProtocolClient (GrpcClientProtocolClient.java:onNext(255)) - client-AC1CE418446C->edec9b8f-c318-426f-83f9-f44e945268a2: receive RaftClientReply:client-AC1CE418446C->edec9b8f-c318-426f-83f9-f44e945268a2@group-352661ED3FD5, cid=899, SUCCESS, logIndex=1177, commits[edec9b8f-c318-426f-83f9-f44e945268a2:c1177, 02a03aee-1dd1-43c9-94ca-c76e2a537489:c1175, 9fb73170-bb25-48da-afcf-6f1f9e11598f:c1175]
2019-07-10 10:42:37,763 INFO  client.GrpcClientProtocolClient (GrpcClientProtocolClient.java:onNext(255)) - client-AC1CE418446C->edec9b8f-c318-426f-83f9-f44e945268a2: receive RaftClientReply:client-AC1CE418446C->edec9b8f-c318-426f-83f9-f44e945268a2@group-352661ED3FD5, cid=900, SUCCESS, logIndex=0, commits[edec9b8f-c318-426f-83f9-f44e945268a2:c1178, 02a03aee-1dd1-43c9-94ca-c76e2a537489:c1177, 9fb73170-bb25-48da-afcf-6f1f9e11598f:c1177]
2019-07-10 10:42:37,813 INFO  client.GrpcClientProtocolClient (GrpcClientProtocolClient.java:onNext(255)) - client-AC1CE418446C->edec9b8f-c318-426f-83f9-f44e945268a2: receive RaftClientReply:client-AC1CE418446C->edec9b8f-c318-426f-83f9-f44e945268a2@group-352661ED3FD5, cid=901, SUCCESS, logIndex=1180, commits[edec9b8f-c318-426f-83f9-f44e945268a2:c1180, 02a03aee-1dd1-43c9-94ca-c76e2a537489:c1179, 9fb73170-bb25-48da-afcf-6f1f9e11598f:c1179]
2019-07-10 10:42:37,814 INFO  client.GrpcClientProtocolClient (GrpcClientProtocolClient.java:onNext(255)) - client-AC1CE418446C->edec9b8f-c318-426f-83f9-f44e945268a2: receive RaftClientReply:client-AC1CE418446C->edec9b8f-c318-426f-83f9-f44e945268a2@group-352661ED3FD5, cid=902, SUCCESS, logIndex=1181, commits[edec9b8f-c318-426f-83f9-f44e945268a2:c1181, 02a03aee-1dd1-43c9-94ca-c76e2a537489:c1179, 9fb73170-bb25-48da-afcf-6f1f9e11598f:c1179]
2019-07-10 10:42:37,815 INFO  client.GrpcClientProtocolClient (GrpcClientProtocolClient.java:onNext(255)) - client-AC1CE418446C->edec9b8f-c318-426f-83f9-f44e945268a2: receive RaftClientReply:client-AC1CE418446C->edec9b8f-c318-426f-83f9-f44e945268a2@group-352661ED3FD5, cid=903, SUCCESS, logIndex=1182, commits[edec9b8f-c318-426f-83f9-f44e945268a2:c1183, 02a03aee-1dd1-43c9-94ca-c76e2a537489:c1179, 9fb73170-bb25-48da-afcf-6f1f9e11598f:c1179]
2019-07-10 10:42:37,815 INFO  client.GrpcClientProtocolClient (GrpcClientProtocolClient.java:onNext(255)) - client-AC1CE418446C->edec9b8f-c318-426f-83f9-f44e945268a2: receive RaftClientReply:client-AC1CE418446C->edec9b8f-c318-426f-83f9-f44e945268a2@group-352661ED3FD5, cid=904, SUCCESS, logIndex=1183, commits[edec9b8f-c318-426f-83f9-f44e945268a2:c1183, 02a03aee-1dd1-43c9-94ca-c76e2a537489:c1179, 9fb73170-bb25-48da-afcf-6f1f9e11598f:c1179]
2019-07-10 10:42:37,817 INFO  client.GrpcClientProtocolClient (GrpcClientProtocolClient.java:onNext(255)) - client-AC1CE418446C->edec9b8f-c318-426f-83f9-f44e945268a2: receive RaftClientReply:client-AC1CE418446C->edec9b8f-c318-426f-83f9-f44e945268a2@group-352661ED3FD5, cid=905, SUCCESS, logIndex=0, commits[edec9b8f-c318-426f-83f9-f44e945268a2:c1187, 02a03aee-1dd1-43c9-94ca-c76e2a537489:c1183, 9fb73170-bb25-48da-afcf-6f1f9e11598f:c1181]
2019-07-10 10:42:37,838 INFO  client.GrpcClientProtocolClient (GrpcClientProtocolClient.java:onNext(255)) - client-AC1CE418446C->edec9b8f-c318-426f-83f9-f44e945268a2: receive RaftClientReply:client-AC1CE418446C->edec9b8f-c318-426f-83f9-f44e945268a2@group-352661ED3FD5, cid=906, SUCCESS, logIndex=1188, commits[edec9b8f-c318-426f-83f9-f44e945268a2:c1189, 02a03aee-1dd1-43c9-94ca-c76e2a537489:c1187, 9fb73170-bb25-48da-afcf-6f1f9e11598f:c1187]
2019-07-10 10:42:37,838 INFO  client.GrpcClientProtocolClient (GrpcClientProtocolClient.java:onNext(255)) - client-AC1CE418446C->edec9b8f-c318-426f-83f9-f44e945268a2: receive RaftClientReply:client-AC1CE418446C->edec9b8f-c318-426f-83f9-f44e945268a2@group-352661ED3FD5, cid=907, SUCCESS, logIndex=1189, commits[edec9b8f-c318-426f-83f9-f44e945268a2:c1189, 02a03aee-1dd1-43c9-94ca-c76e2a537489:c1187, 9fb73170-bb25-48da-afcf-6f1f9e11598f:c1187]
2019-07-10 10:42:37,862 INFO  client.GrpcClientProtocolClient (GrpcClientProtocolClient.java:onNext(255)) - client-AC1CE418446C->edec9b8f-c318-426f-83f9-f44e945268a2: receive RaftClientReply:client-AC1CE418446C->edec9b8f-c318-426f-83f9-f44e945268a2@group-352661ED3FD5, cid=908, SUCCESS, logIndex=1192, commits[edec9b8f-c318-426f-83f9-f44e945268a2:c1193, 02a03aee-1dd1-43c9-94ca-c76e2a537489:c1188, 9fb73170-bb25-48da-afcf-6f1f9e11598f:c1189]
2019-07-10 10:42:37,862 INFO  client.GrpcClientProtocolClient (GrpcClientProtocolClient.java:onNext(255)) - client-AC1CE418446C->edec9b8f-c318-426f-83f9-f44e945268a2: receive RaftClientReply:client-AC1CE418446C->edec9b8f-c318-426f-83f9-f44e945268a2@group-352661ED3FD5, cid=909, SUCCESS, logIndex=1193, commits[edec9b8f-c318-426f-83f9-f44e945268a2:c1193, 02a03aee-1dd1-43c9-94ca-c76e2a537489:c1189, 9fb73170-bb25-48da-afcf-6f1f9e11598f:c1189]
2019-07-10 10:42:37,866 INFO  client.GrpcClientProtocolClient (GrpcClientProtocolClient.java:onNext(255)) - client-AC1CE418446C->edec9b8f-c318-426f-83f9-f44e945268a2: receive RaftClientReply:client-AC1CE418446C->edec9b8f-c318-426f-83f9-f44e945268a2@group-352661ED3FD5, cid=910, SUCCESS, logIndex=0, commits[edec9b8f-c318-426f-83f9-f44e945268a2:c1195, 02a03aee-1dd1-43c9-94ca-c76e2a537489:c1193, 9fb73170-bb25-48da-afcf-6f1f9e11598f:c1193]
2019-07-10 10:42:37,888 INFO  client.GrpcClientProtocolClient (GrpcClientProtocolClient.java:onNext(255)) - client-AC1CE418446C->edec9b8f-c318-426f-83f9-f44e945268a2: receive RaftClientReply:client-AC1CE418446C->edec9b8f-c318-426f-83f9-f44e945268a2@group-352661ED3FD5, cid=911, SUCCESS, logIndex=1196, commits[edec9b8f-c318-426f-83f9-f44e945268a2:c1197, 02a03aee-1dd1-43c9-94ca-c76e2a537489:c1195, 9fb73170-bb25-48da-afcf-6f1f9e11598f:c1195]
2019-07-10 10:42:37,889 INFO  client.GrpcClientProtocolClient (GrpcClientProtocolClient.java:onNext(255)) - client-AC1CE418446C->edec9b8f-c318-426f-83f9-f44e945268a2: receive RaftClientReply:client-AC1CE418446C->edec9b8f-c318-426f-83f9-f44e945268a2@group-352661ED3FD5, cid=912, SUCCESS, logIndex=1197, commits[edec9b8f-c318-426f-83f9-f44e945268a2:c1199, 02a03aee-1dd1-43c9-94ca-c76e2a537489:c1195, 9fb73170-bb25-48da-afcf-6f1f9e11598f:c1195]
2019-07-10 10:42:37,889 INFO  client.GrpcClientProtocolClient (GrpcClientProtocolClient.java:onNext(255)) - client-AC1CE418446C->edec9b8f-c318-426f-83f9-f44e945268a2: receive RaftClientReply:client-AC1CE418446C->edec9b8f-c318-426f-83f9-f44e945268a2@group-352661ED3FD5, cid=913, SUCCESS, logIndex=1198, commits[edec9b8f-c318-426f-83f9-f44e945268a2:c1199, 02a03aee-1dd1-43c9-94ca-c76e2a537489:c1195, 9fb73170-bb25-48da-afcf-6f1f9e11598f:c1195]
2019-07-10 10:42:37,890 INFO  client.GrpcClientProtocolClient (GrpcClientProtocolClient.java:onNext(255)) - client-AC1CE418446C->edec9b8f-c318-426f-83f9-f44e945268a2: receive RaftClientReply:client-AC1CE418446C->edec9b8f-c318-426f-83f9-f44e945268a2@group-352661ED3FD5, cid=914, SUCCESS, logIndex=1199, commits[edec9b8f-c318-426f-83f9-f44e945268a2:c1199, 02a03aee-1dd1-43c9-94ca-c76e2a537489:c1195, 9fb73170-bb25-48da-afcf-6f1f9e11598f:c1195]
2019-07-10 10:42:37,891 INFO  client.GrpcClientProtocolClient (GrpcClientProtocolClient.java:onNext(255)) - client-AC1CE418446C->edec9b8f-c318-426f-83f9-f44e945268a2: receive RaftClientReply:client-AC1CE418446C->edec9b8f-c318-426f-83f9-f44e945268a2@group-352661ED3FD5, cid=915, SUCCESS, logIndex=0, commits[edec9b8f-c318-426f-83f9-f44e945268a2:c1202, 02a03aee-1dd1-43c9-94ca-c76e2a537489:c1197, 9fb73170-bb25-48da-afcf-6f1f9e11598f:c1198]
2019-07-10 10:42:37,913 INFO  client.GrpcClientProtocolClient (GrpcClientProtocolClient.java:onNext(255)) - client-AC1CE418446C->edec9b8f-c318-426f-83f9-f44e945268a2: receive RaftClientReply:client-AC1CE418446C->edec9b8f-c318-426f-83f9-f44e945268a2@group-352661ED3FD5, cid=916, SUCCESS, logIndex=1204, commits[edec9b8f-c318-426f-83f9-f44e945268a2:c1205, 02a03aee-1dd1-43c9-94ca-c76e2a537489:c1203, 9fb73170-bb25-48da-afcf-6f1f9e11598f:c1203]
2019-07-10 10:42:37,914 INFO  client.GrpcClientProtocolClient (GrpcClientProtocolClient.java:onNext(255)) - client-AC1CE418446C->edec9b8f-c318-426f-83f9-f44e945268a2: receive RaftClientReply:client-AC1CE418446C->edec9b8f-c318-426f-83f9-f44e945268a2@group-352661ED3FD5, cid=917, SUCCESS, logIndex=1205, commits[edec9b8f-c318-426f-83f9-f44e945268a2:c1205, 02a03aee-1dd1-43c9-94ca-c76e2a537489:c1203, 9fb73170-bb25-48da-afcf-6f1f9e11598f:c1203]
2019-07-10 10:42:37,938 INFO  client.GrpcClientProtocolClient (GrpcClientProtocolClient.java:onNext(255)) - client-AC1CE418446C->edec9b8f-c318-426f-83f9-f44e945268a2: receive RaftClientReply:client-AC1CE418446C->edec9b8f-c318-426f-83f9-f44e945268a2@group-352661ED3FD5, cid=918, SUCCESS, logIndex=1208, commits[edec9b8f-c318-426f-83f9-f44e945268a2:c1209, 02a03aee-1dd1-43c9-94ca-c76e2a537489:c1205, 9fb73170-bb25-48da-afcf-6f1f9e11598f:c1205]
2019-07-10 10:42:37,939 INFO  client.GrpcClientProtocolClient (GrpcClientProtocolClient.java:onNext(255)) - client-AC1CE418446C->edec9b8f-c318-426f-83f9-f44e945268a2: receive RaftClientReply:client-AC1CE418446C->edec9b8f-c318-426f-83f9-f44e945268a2@group-352661ED3FD5, cid=919, SUCCESS, logIndex=1209, commits[edec9b8f-c318-426f-83f9-f44e945268a2:c1209, 02a03aee-1dd1-43c9-94ca-c76e2a537489:c1205, 9fb73170-bb25-48da-afcf-6f1f9e11598f:c1205]
 0.00% |█                                                                                                    |  0/1 Time: 0:00:042019-07-10 10:42:38,076 INFO  client.GrpcClientProtocolClient (GrpcClientProtocolClient.java:onNext(255)) - client-AC1CE418446C->edec9b8f-c318-426f-83f9-f44e945268a2: receive RaftClientReply:client-AC1CE418446C->edec9b8f-c318-426f-83f9-f44e945268a2@group-352661ED3FD5, cid=920, SUCCESS, logIndex=0, commits[edec9b8f-c318-426f-83f9-f44e945268a2:c1210, 02a03aee-1dd1-43c9-94ca-c76e2a537489:c1209, 9fb73170-bb25-48da-afcf-6f1f9e11598f:c1209]
2019-07-10 10:42:38,095 INFO  client.GrpcClientProtocolClient (GrpcClientProtocolClient.java:onNext(255)) - client-AC1CE418446C->edec9b8f-c318-426f-83f9-f44e945268a2: receive RaftClientReply:client-AC1CE418446C->edec9b8f-c318-426f-83f9-f44e945268a2@group-352661ED3FD5, cid=921, SUCCESS, logIndex=1212, commits[edec9b8f-c318-426f-83f9-f44e945268a2:c1213, 02a03aee-1dd1-43c9-94ca-c76e2a537489:c1211, 9fb73170-bb25-48da-afcf-6f1f9e11598f:c1211]
2019-07-10 10:42:38,096 INFO  client.GrpcClientProtocolClient (GrpcClientProtocolClient.java:onNext(255)) - client-AC1CE418446C->edec9b8f-c318-426f-83f9-f44e945268a2: receive RaftClientReply:client-AC1CE418446C->edec9b8f-c318-426f-83f9-f44e945268a2@group-352661ED3FD5, cid=922, SUCCESS, logIndex=1213, commits[edec9b8f-c318-426f-83f9-f44e945268a2:c1213, 02a03aee-1dd1-43c9-94ca-c76e2a537489:c1211, 9fb73170-bb25-48da-afcf-6f1f9e11598f:c1211]
2019-07-10 10:42:38,097 INFO  client.GrpcClientProtocolClient (GrpcClientProtocolClient.java:onNext(255)) - client-AC1CE418446C->edec9b8f-c318-426f-83f9-f44e945268a2: receive RaftClientReply:client-AC1CE418446C->edec9b8f-c318-426f-83f9-f44e945268a2@group-352661ED3FD5, cid=923, SUCCESS, logIndex=1214, commits[edec9b8f-c318-426f-83f9-f44e945268a2:c1215, 02a03aee-1dd1-43c9-94ca-c76e2a537489:c1211, 9fb73170-bb25-48da-afcf-6f1f9e11598f:c1211]
2019-07-10 10:42:38,097 INFO  client.GrpcClientProtocolClient (GrpcClientProtocolClient.java:onNext(255)) - client-AC1CE418446C->edec9b8f-c318-426f-83f9-f44e945268a2: receive RaftClientReply:client-AC1CE418446C->edec9b8f-c318-426f-83f9-f44e945268a2@group-352661ED3FD5, cid=924, SUCCESS, logIndex=1215, commits[edec9b8f-c318-426f-83f9-f44e945268a2:c1215, 02a03aee-1dd1-43c9-94ca-c76e2a537489:c1211, 9fb73170-bb25-48da-afcf-6f1f9e11598f:c1211]
2019-07-10 10:42:38,099 INFO  client.GrpcClientProtocolClient (GrpcClientProtocolClient.java:onNext(255)) - client-AC1CE418446C->edec9b8f-c318-426f-83f9-f44e945268a2: receive RaftClientReply:client-AC1CE418446C->edec9b8f-c318-426f-83f9-f44e945268a2@group-352661ED3FD5, cid=925, SUCCESS, logIndex=0, commits[edec9b8f-c318-426f-83f9-f44e945268a2:c1218, 02a03aee-1dd1-43c9-94ca-c76e2a537489:c1214, 9fb73170-bb25-48da-afcf-6f1f9e11598f:c1213]
2019-07-10 10:42:38,120 INFO  client.GrpcClientProtocolClient (GrpcClientProtocolClient.java:onNext(255)) - client-AC1CE418446C->edec9b8f-c318-426f-83f9-f44e945268a2: receive RaftClientReply:client-AC1CE418446C->edec9b8f-c318-426f-83f9-f44e945268a2@group-352661ED3FD5, cid=926, SUCCESS, logIndex=1220, commits[edec9b8f-c318-426f-83f9-f44e945268a2:c1221, 02a03aee-1dd1-43c9-94ca-c76e2a537489:c1219, 9fb73170-bb25-48da-afcf-6f1f9e11598f:c1219]
2019-07-10 10:42:38,121 INFO  client.GrpcClientProtocolClient (GrpcClientProtocolClient.java:onNext(255)) - client-AC1CE418446C->edec9b8f-c318-426f-83f9-f44e945268a2: receive RaftClientReply:client-AC1CE418446C->edec9b8f-c318-426f-83f9-f44e945268a2@group-352661ED3FD5, cid=927, SUCCESS, logIndex=1221, commits[edec9b8f-c318-426f-83f9-f44e945268a2:c1221, 02a03aee-1dd1-43c9-94ca-c76e2a537489:c1219, 9fb73170-bb25-48da-afcf-6f1f9e11598f:c1219]
2019-07-10 10:42:38,146 INFO  client.GrpcClientProtocolClient (GrpcClientProtocolClient.java:onNext(255)) - client-AC1CE418446C->edec9b8f-c318-426f-83f9-f44e945268a2: receive RaftClientReply:client-AC1CE418446C->edec9b8f-c318-426f-83f9-f44e945268a2@group-352661ED3FD5, cid=928, SUCCESS, logIndex=1224, commits[edec9b8f-c318-426f-83f9-f44e945268a2:c1225, 02a03aee-1dd1-43c9-94ca-c76e2a537489:c1221, 9fb73170-bb25-48da-afcf-6f1f9e11598f:c1221]
2019-07-10 10:42:38,146 INFO  client.GrpcClientProtocolClient (GrpcClientProtocolClient.java:onNext(255)) - client-AC1CE418446C->edec9b8f-c318-426f-83f9-f44e945268a2: receive RaftClientReply:client-AC1CE418446C->edec9b8f-c318-426f-83f9-f44e945268a2@group-352661ED3FD5, cid=929, SUCCESS, logIndex=1225, commits[edec9b8f-c318-426f-83f9-f44e945268a2:c1225, 02a03aee-1dd1-43c9-94ca-c76e2a537489:c1221, 9fb73170-bb25-48da-afcf-6f1f9e11598f:c1221]
2019-07-10 10:42:38,159 INFO  client.GrpcClientProtocolClient (GrpcClientProtocolClient.java:onNext(255)) - client-AC1CE418446C->edec9b8f-c318-426f-83f9-f44e945268a2: receive RaftClientReply:client-AC1CE418446C->edec9b8f-c318-426f-83f9-f44e945268a2@group-352661ED3FD5, cid=930, SUCCESS, logIndex=0, commits[edec9b8f-c318-426f-83f9-f44e945268a2:c1227, 02a03aee-1dd1-43c9-94ca-c76e2a537489:c1225, 9fb73170-bb25-48da-afcf-6f1f9e11598f:c1225]
2019-07-10 10:42:38,181 INFO  client.GrpcClientProtocolClient (GrpcClientProtocolClient.java:onNext(255)) - client-AC1CE418446C->edec9b8f-c318-426f-83f9-f44e945268a2: receive RaftClientReply:client-AC1CE418446C->edec9b8f-c318-426f-83f9-f44e945268a2@group-352661ED3FD5, cid=931, SUCCESS, logIndex=1228, commits[edec9b8f-c318-426f-83f9-f44e945268a2:c1229, 02a03aee-1dd1-43c9-94ca-c76e2a537489:c1227, 9fb73170-bb25-48da-afcf-6f1f9e11598f:c1227]
2019-07-10 10:42:38,182 INFO  client.GrpcClientProtocolClient (GrpcClientProtocolClient.java:onNext(255)) - client-AC1CE418446C->edec9b8f-c318-426f-83f9-f44e945268a2: receive RaftClientReply:client-AC1CE418446C->edec9b8f-c318-426f-83f9-f44e945268a2@group-352661ED3FD5, cid=932, SUCCESS, logIndex=1229, commits[edec9b8f-c318-426f-83f9-f44e945268a2:c1229, 02a03aee-1dd1-43c9-94ca-c76e2a537489:c1227, 9fb73170-bb25-48da-afcf-6f1f9e11598f:c1227]
2019-07-10 10:42:38,182 INFO  client.GrpcClientProtocolClient (GrpcClientProtocolClient.java:onNext(255)) - client-AC1CE418446C->edec9b8f-c318-426f-83f9-f44e945268a2: receive RaftClientReply:client-AC1CE418446C->edec9b8f-c318-426f-83f9-f44e945268a2@group-352661ED3FD5, cid=933, SUCCESS, logIndex=1230, commits[edec9b8f-c318-426f-83f9-f44e945268a2:c1231, 02a03aee-1dd1-43c9-94ca-c76e2a537489:c1227, 9fb73170-bb25-48da-afcf-6f1f9e11598f:c1227]
2019-07-10 10:42:38,183 INFO  client.GrpcClientProtocolClient (GrpcClientProtocolClient.java:onNext(255)) - client-AC1CE418446C->edec9b8f-c318-426f-83f9-f44e945268a2: receive RaftClientReply:client-AC1CE418446C->edec9b8f-c318-426f-83f9-f44e945268a2@group-352661ED3FD5, cid=934, SUCCESS, logIndex=1231, commits[edec9b8f-c318-426f-83f9-f44e945268a2:c1231, 02a03aee-1dd1-43c9-94ca-c76e2a537489:c1227, 9fb73170-bb25-48da-afcf-6f1f9e11598f:c1227]
2019-07-10 10:42:38,184 INFO  client.GrpcClientProtocolClient (GrpcClientProtocolClient.java:onNext(255)) - client-AC1CE418446C->edec9b8f-c318-426f-83f9-f44e945268a2: receive RaftClientReply:client-AC1CE418446C->edec9b8f-c318-426f-83f9-f44e945268a2@group-352661ED3FD5, cid=935, SUCCESS, logIndex=0, commits[edec9b8f-c318-426f-83f9-f44e945268a2:c1233, 02a03aee-1dd1-43c9-94ca-c76e2a537489:c1229, 9fb73170-bb25-48da-afcf-6f1f9e11598f:c1229]
2019-07-10 10:42:38,205 INFO  client.GrpcClientProtocolClient (GrpcClientProtocolClient.java:onNext(255)) - client-AC1CE418446C->edec9b8f-c318-426f-83f9-f44e945268a2: receive RaftClientReply:client-AC1CE418446C->edec9b8f-c318-426f-83f9-f44e945268a2@group-352661ED3FD5, cid=936, SUCCESS, logIndex=1236, commits[edec9b8f-c318-426f-83f9-f44e945268a2:c1236, 02a03aee-1dd1-43c9-94ca-c76e2a537489:c1235, 9fb73170-bb25-48da-afcf-6f1f9e11598f:c1235]
2019-07-10 10:42:38,205 INFO  client.GrpcClientProtocolClient (GrpcClientProtocolClient.java:onNext(255)) - client-AC1CE418446C->edec9b8f-c318-426f-83f9-f44e945268a2: receive RaftClientReply:client-AC1CE418446C->edec9b8f-c318-426f-83f9-f44e945268a2@group-352661ED3FD5, cid=937, SUCCESS, logIndex=1237, commits[edec9b8f-c318-426f-83f9-f44e945268a2:c1237, 02a03aee-1dd1-43c9-94ca-c76e2a537489:c1235, 9fb73170-bb25-48da-afcf-6f1f9e11598f:c1235]
2019-07-10 10:42:38,221 INFO  client.GrpcClientProtocolClient (GrpcClientProtocolClient.java:onNext(255)) - client-AC1CE418446C->edec9b8f-c318-426f-83f9-f44e945268a2: receive RaftClientReply:client-AC1CE418446C->edec9b8f-c318-426f-83f9-f44e945268a2@group-352661ED3FD5, cid=938, SUCCESS, logIndex=1240, commits[edec9b8f-c318-426f-83f9-f44e945268a2:c1241, 02a03aee-1dd1-43c9-94ca-c76e2a537489:c1237, 9fb73170-bb25-48da-afcf-6f1f9e11598f:c1237]
2019-07-10 10:42:38,221 INFO  client.GrpcClientProtocolClient (GrpcClientProtocolClient.java:onNext(255)) - client-AC1CE418446C->edec9b8f-c318-426f-83f9-f44e945268a2: receive RaftClientReply:client-AC1CE418446C->edec9b8f-c318-426f-83f9-f44e945268a2@group-352661ED3FD5, cid=939, SUCCESS, logIndex=1241, commits[edec9b8f-c318-426f-83f9-f44e945268a2:c1241, 02a03aee-1dd1-43c9-94ca-c76e2a537489:c1237, 9fb73170-bb25-48da-afcf-6f1f9e11598f:c1237]
2019-07-10 10:42:38,232 INFO  client.GrpcClientProtocolClient (GrpcClientProtocolClient.java:onNext(255)) - client-AC1CE418446C->edec9b8f-c318-426f-83f9-f44e945268a2: receive RaftClientReply:client-AC1CE418446C->edec9b8f-c318-426f-83f9-f44e945268a2@group-352661ED3FD5, cid=940, SUCCESS, logIndex=0, commits[edec9b8f-c318-426f-83f9-f44e945268a2:c1242, 02a03aee-1dd1-43c9-94ca-c76e2a537489:c1241, 9fb73170-bb25-48da-afcf-6f1f9e11598f:c1241]
2019-07-10 10:42:38,254 INFO  client.GrpcClientProtocolClient (GrpcClientProtocolClient.java:onNext(255)) - client-AC1CE418446C->edec9b8f-c318-426f-83f9-f44e945268a2: receive RaftClientReply:client-AC1CE418446C->edec9b8f-c318-426f-83f9-f44e945268a2@group-352661ED3FD5, cid=941, SUCCESS, logIndex=1244, commits[edec9b8f-c318-426f-83f9-f44e945268a2:c1245, 02a03aee-1dd1-43c9-94ca-c76e2a537489:c1243, 9fb73170-bb25-48da-afcf-6f1f9e11598f:c1243]
2019-07-10 10:42:38,255 INFO  client.GrpcClientProtocolClient (GrpcClientProtocolClient.java:onNext(255)) - client-AC1CE418446C->edec9b8f-c318-426f-83f9-f44e945268a2: receive RaftClientReply:client-AC1CE418446C->edec9b8f-c318-426f-83f9-f44e945268a2@group-352661ED3FD5, cid=942, SUCCESS, logIndex=1245, commits[edec9b8f-c318-426f-83f9-f44e945268a2:c1245, 02a03aee-1dd1-43c9-94ca-c76e2a537489:c1243, 9fb73170-bb25-48da-afcf-6f1f9e11598f:c1243]
2019-07-10 10:42:38,255 INFO  client.GrpcClientProtocolClient (GrpcClientProtocolClient.java:onNext(255)) - client-AC1CE418446C->edec9b8f-c318-426f-83f9-f44e945268a2: receive RaftClientReply:client-AC1CE418446C->edec9b8f-c318-426f-83f9-f44e945268a2@group-352661ED3FD5, cid=943, SUCCESS, logIndex=1246, commits[edec9b8f-c318-426f-83f9-f44e945268a2:c1247, 02a03aee-1dd1-43c9-94ca-c76e2a537489:c1243, 9fb73170-bb25-48da-afcf-6f1f9e11598f:c1243]
2019-07-10 10:42:38,255 INFO  client.GrpcClientProtocolClient (GrpcClientProtocolClient.java:onNext(255)) - client-AC1CE418446C->edec9b8f-c318-426f-83f9-f44e945268a2: receive RaftClientReply:client-AC1CE418446C->edec9b8f-c318-426f-83f9-f44e945268a2@group-352661ED3FD5, cid=944, SUCCESS, logIndex=1247, commits[edec9b8f-c318-426f-83f9-f44e945268a2:c1247, 02a03aee-1dd1-43c9-94ca-c76e2a537489:c1243, 9fb73170-bb25-48da-afcf-6f1f9e11598f:c1243]
2019-07-10 10:42:38,269 INFO  client.GrpcClientProtocolClient (GrpcClientProtocolClient.java:onNext(255)) - client-AC1CE418446C->edec9b8f-c318-426f-83f9-f44e945268a2: receive RaftClientReply:client-AC1CE418446C->edec9b8f-c318-426f-83f9-f44e945268a2@group-352661ED3FD5, cid=945, SUCCESS, logIndex=0, commits[edec9b8f-c318-426f-83f9-f44e945268a2:c1249, 02a03aee-1dd1-43c9-94ca-c76e2a537489:c1245, 9fb73170-bb25-48da-afcf-6f1f9e11598f:c1245]
2019-07-10 10:42:38,283 INFO  client.GrpcClientProtocolClient (GrpcClientProtocolClient.java:onNext(255)) - client-AC1CE418446C->edec9b8f-c318-426f-83f9-f44e945268a2: receive RaftClientReply:client-AC1CE418446C->edec9b8f-c318-426f-83f9-f44e945268a2@group-352661ED3FD5, cid=946, SUCCESS, logIndex=1252, commits[edec9b8f-c318-426f-83f9-f44e945268a2:c1253, 02a03aee-1dd1-43c9-94ca-c76e2a537489:c1251, 9fb73170-bb25-48da-afcf-6f1f9e11598f:c1247]
2019-07-10 10:42:38,284 INFO  client.GrpcClientProtocolClient (GrpcClientProtocolClient.java:onNext(255)) - client-AC1CE418446C->edec9b8f-c318-426f-83f9-f44e945268a2: receive RaftClientReply:client-AC1CE418446C->edec9b8f-c318-426f-83f9-f44e945268a2@group-352661ED3FD5, cid=947, SUCCESS, logIndex=1253, commits[edec9b8f-c318-426f-83f9-f44e945268a2:c1253, 02a03aee-1dd1-43c9-94ca-c76e2a537489:c1251, 9fb73170-bb25-48da-afcf-6f1f9e11598f:c1247]
2019-07-10 10:42:38,297 INFO  client.GrpcClientProtocolClient (GrpcClientProtocolClient.java:onNext(255)) - client-AC1CE418446C->edec9b8f-c318-426f-83f9-f44e945268a2: receive RaftClientReply:client-AC1CE418446C->edec9b8f-c318-426f-83f9-f44e945268a2@group-352661ED3FD5, cid=948, SUCCESS, logIndex=1256, commits[edec9b8f-c318-426f-83f9-f44e945268a2:c1256, 02a03aee-1dd1-43c9-94ca-c76e2a537489:c1255, 9fb73170-bb25-48da-afcf-6f1f9e11598f:c1253]
2019-07-10 10:42:38,298 INFO  client.GrpcClientProtocolClient (GrpcClientProtocolClient.java:onNext(255)) - client-AC1CE418446C->edec9b8f-c318-426f-83f9-f44e945268a2: receive RaftClientReply:client-AC1CE418446C->edec9b8f-c318-426f-83f9-f44e945268a2@group-352661ED3FD5, cid=949, SUCCESS, logIndex=1257, commits[edec9b8f-c318-426f-83f9-f44e945268a2:c1257, 02a03aee-1dd1-43c9-94ca-c76e2a537489:c1255, 9fb73170-bb25-48da-afcf-6f1f9e11598f:c1255]
2019-07-10 10:42:38,301 INFO  client.GrpcClientProtocolClient (GrpcClientProtocolClient.java:onNext(255)) - client-AC1CE418446C->edec9b8f-c318-426f-83f9-f44e945268a2: receive RaftClientReply:client-AC1CE418446C->edec9b8f-c318-426f-83f9-f44e945268a2@group-352661ED3FD5, cid=950, SUCCESS, logIndex=0, commits[edec9b8f-c318-426f-83f9-f44e945268a2:c1258, 02a03aee-1dd1-43c9-94ca-c76e2a537489:c1257, 9fb73170-bb25-48da-afcf-6f1f9e11598f:c1257]
2019-07-10 10:42:38,339 INFO  client.GrpcClientProtocolClient (GrpcClientProtocolClient.java:onNext(255)) - client-AC1CE418446C->edec9b8f-c318-426f-83f9-f44e945268a2: receive RaftClientReply:client-AC1CE418446C->edec9b8f-c318-426f-83f9-f44e945268a2@group-352661ED3FD5, cid=951, SUCCESS, logIndex=1260, commits[edec9b8f-c318-426f-83f9-f44e945268a2:c1261, 02a03aee-1dd1-43c9-94ca-c76e2a537489:c1259, 9fb73170-bb25-48da-afcf-6f1f9e11598f:c1259]
2019-07-10 10:42:38,340 INFO  client.GrpcClientProtocolClient (GrpcClientProtocolClient.java:onNext(255)) - client-AC1CE418446C->edec9b8f-c318-426f-83f9-f44e945268a2: receive RaftClientReply:client-AC1CE418446C->edec9b8f-c318-426f-83f9-f44e945268a2@group-352661ED3FD5, cid=952, SUCCESS, logIndex=1261, commits[edec9b8f-c318-426f-83f9-f44e945268a2:c1262, 02a03aee-1dd1-43c9-94ca-c76e2a537489:c1259, 9fb73170-bb25-48da-afcf-6f1f9e11598f:c1259]
2019-07-10 10:42:38,341 INFO  client.GrpcClientProtocolClient (GrpcClientProtocolClient.java:onNext(255)) - client-AC1CE418446C->edec9b8f-c318-426f-83f9-f44e945268a2: receive RaftClientReply:client-AC1CE418446C->edec9b8f-c318-426f-83f9-f44e945268a2@group-352661ED3FD5, cid=953, SUCCESS, logIndex=1262, commits[edec9b8f-c318-426f-83f9-f44e945268a2:c1263, 02a03aee-1dd1-43c9-94ca-c76e2a537489:c1259, 9fb73170-bb25-48da-afcf-6f1f9e11598f:c1259]
2019-07-10 10:42:38,341 INFO  client.GrpcClientProtocolClient (GrpcClientProtocolClient.java:onNext(255)) - client-AC1CE418446C->edec9b8f-c318-426f-83f9-f44e945268a2: receive RaftClientReply:client-AC1CE418446C->edec9b8f-c318-426f-83f9-f44e945268a2@group-352661ED3FD5, cid=954, SUCCESS, logIndex=1263, commits[edec9b8f-c318-426f-83f9-f44e945268a2:c1263, 02a03aee-1dd1-43c9-94ca-c76e2a537489:c1259, 9fb73170-bb25-48da-afcf-6f1f9e11598f:c1259]
2019-07-10 10:42:38,355 INFO  client.GrpcClientProtocolClient (GrpcClientProtocolClient.java:onNext(255)) - client-AC1CE418446C->edec9b8f-c318-426f-83f9-f44e945268a2: receive RaftClientReply:client-AC1CE418446C->edec9b8f-c318-426f-83f9-f44e945268a2@group-352661ED3FD5, cid=955, SUCCESS, logIndex=0, commits[edec9b8f-c318-426f-83f9-f44e945268a2:c1265, 02a03aee-1dd1-43c9-94ca-c76e2a537489:c1261, 9fb73170-bb25-48da-afcf-6f1f9e11598f:c1261]
2019-07-10 10:42:38,380 INFO  client.GrpcClientProtocolClient (GrpcClientProtocolClient.java:onNext(255)) - client-AC1CE418446C->edec9b8f-c318-426f-83f9-f44e945268a2: receive RaftClientReply:client-AC1CE418446C->edec9b8f-c318-426f-83f9-f44e945268a2@group-352661ED3FD5, cid=956, SUCCESS, logIndex=1268, commits[edec9b8f-c318-426f-83f9-f44e945268a2:c1269, 02a03aee-1dd1-43c9-94ca-c76e2a537489:c1267, 9fb73170-bb25-48da-afcf-6f1f9e11598f:c1267]
2019-07-10 10:42:38,381 INFO  client.GrpcClientProtocolClient (GrpcClientProtocolClient.java:onNext(255)) - client-AC1CE418446C->edec9b8f-c318-426f-83f9-f44e945268a2: receive RaftClientReply:client-AC1CE418446C->edec9b8f-c318-426f-83f9-f44e945268a2@group-352661ED3FD5, cid=957, SUCCESS, logIndex=1269, commits[edec9b8f-c318-426f-83f9-f44e945268a2:c1269, 02a03aee-1dd1-43c9-94ca-c76e2a537489:c1267, 9fb73170-bb25-48da-afcf-6f1f9e11598f:c1267]
2019-07-10 10:42:38,394 INFO  client.GrpcClientProtocolClient (GrpcClientProtocolClient.java:onNext(255)) - client-AC1CE418446C->edec9b8f-c318-426f-83f9-f44e945268a2: receive RaftClientReply:client-AC1CE418446C->edec9b8f-c318-426f-83f9-f44e945268a2@group-352661ED3FD5, cid=958, SUCCESS, logIndex=1272, commits[edec9b8f-c318-426f-83f9-f44e945268a2:c1273, 02a03aee-1dd1-43c9-94ca-c76e2a537489:c1269, 9fb73170-bb25-48da-afcf-6f1f9e11598f:c1269]
2019-07-10 10:42:38,395 INFO  client.GrpcClientProtocolClient (GrpcClientProtocolClient.java:onNext(255)) - client-AC1CE418446C->edec9b8f-c318-426f-83f9-f44e945268a2: receive RaftClientReply:client-AC1CE418446C->edec9b8f-c318-426f-83f9-f44e945268a2@group-352661ED3FD5, cid=959, SUCCESS, logIndex=1273, commits[edec9b8f-c318-426f-83f9-f44e945268a2:c1273, 02a03aee-1dd1-43c9-94ca-c76e2a537489:c1269, 9fb73170-bb25-48da-afcf-6f1f9e11598f:c1269]
2019-07-10 10:42:38,407 INFO  client.GrpcClientProtocolClient (GrpcClientProtocolClient.java:onNext(255)) - client-AC1CE418446C->edec9b8f-c318-426f-83f9-f44e945268a2: receive RaftClientReply:client-AC1CE418446C->edec9b8f-c318-426f-83f9-f44e945268a2@group-352661ED3FD5, cid=960, SUCCESS, logIndex=0, commits[edec9b8f-c318-426f-83f9-f44e945268a2:c1274, 02a03aee-1dd1-43c9-94ca-c76e2a537489:c1273, 9fb73170-bb25-48da-afcf-6f1f9e11598f:c1273]
2019-07-10 10:42:38,426 INFO  client.GrpcClientProtocolClient (GrpcClientProtocolClient.java:onNext(255)) - client-AC1CE418446C->edec9b8f-c318-426f-83f9-f44e945268a2: receive RaftClientReply:client-AC1CE418446C->edec9b8f-c318-426f-83f9-f44e945268a2@group-352661ED3FD5, cid=961, SUCCESS, logIndex=1276, commits[edec9b8f-c318-426f-83f9-f44e945268a2:c1276, 02a03aee-1dd1-43c9-94ca-c76e2a537489:c1275, 9fb73170-bb25-48da-afcf-6f1f9e11598f:c1275]
2019-07-10 10:42:38,427 INFO  client.GrpcClientProtocolClient (GrpcClientProtocolClient.java:onNext(255)) - client-AC1CE418446C->edec9b8f-c318-426f-83f9-f44e945268a2: receive RaftClientReply:client-AC1CE418446C->edec9b8f-c318-426f-83f9-f44e945268a2@group-352661ED3FD5, cid=962, SUCCESS, logIndex=1277, commits[edec9b8f-c318-426f-83f9-f44e945268a2:c1279, 02a03aee-1dd1-43c9-94ca-c76e2a537489:c1275, 9fb73170-bb25-48da-afcf-6f1f9e11598f:c1275]
2019-07-10 10:42:38,427 INFO  client.GrpcClientProtocolClient (GrpcClientProtocolClient.java:onNext(255)) - client-AC1CE418446C->edec9b8f-c318-426f-83f9-f44e945268a2: receive RaftClientReply:client-AC1CE418446C->edec9b8f-c318-426f-83f9-f44e945268a2@group-352661ED3FD5, cid=963, SUCCESS, logIndex=1278, commits[edec9b8f-c318-426f-83f9-f44e945268a2:c1279, 02a03aee-1dd1-43c9-94ca-c76e2a537489:c1275, 9fb73170-bb25-48da-afcf-6f1f9e11598f:c1275]
2019-07-10 10:42:38,428 INFO  client.GrpcClientProtocolClient (GrpcClientProtocolClient.java:onNext(255)) - client-AC1CE418446C->edec9b8f-c318-426f-83f9-f44e945268a2: receive RaftClientReply:client-AC1CE418446C->edec9b8f-c318-426f-83f9-f44e945268a2@group-352661ED3FD5, cid=964, SUCCESS, logIndex=1279, commits[edec9b8f-c318-426f-83f9-f44e945268a2:c1279, 02a03aee-1dd1-43c9-94ca-c76e2a537489:c1275, 9fb73170-bb25-48da-afcf-6f1f9e11598f:c1275]
2019-07-10 10:42:38,441 INFO  client.GrpcClientProtocolClient (GrpcClientProtocolClient.java:onNext(255)) - client-AC1CE418446C->edec9b8f-c318-426f-83f9-f44e945268a2: receive RaftClientReply:client-AC1CE418446C->edec9b8f-c318-426f-83f9-f44e945268a2@group-352661ED3FD5, cid=965, SUCCESS, logIndex=0, commits[edec9b8f-c318-426f-83f9-f44e945268a2:c1281, 02a03aee-1dd1-43c9-94ca-c76e2a537489:c1279, 9fb73170-bb25-48da-afcf-6f1f9e11598f:c1279]
2019-07-10 10:42:38,462 INFO  client.GrpcClientProtocolClient (GrpcClientProtocolClient.java:onNext(255)) - client-AC1CE418446C->edec9b8f-c318-426f-83f9-f44e945268a2: receive RaftClientReply:client-AC1CE418446C->edec9b8f-c318-426f-83f9-f44e945268a2@group-352661ED3FD5, cid=966, SUCCESS, logIndex=1282, commits[edec9b8f-c318-426f-83f9-f44e945268a2:c1283, 02a03aee-1dd1-43c9-94ca-c76e2a537489:c1281, 9fb73170-bb25-48da-afcf-6f1f9e11598f:c1281]
2019-07-10 10:42:38,462 INFO  client.GrpcClientProtocolClient (GrpcClientProtocolClient.java:onNext(255)) - client-AC1CE418446C->edec9b8f-c318-426f-83f9-f44e945268a2: receive RaftClientReply:client-AC1CE418446C->edec9b8f-c318-426f-83f9-f44e945268a2@group-352661ED3FD5, cid=967, SUCCESS, logIndex=1283, commits[edec9b8f-c318-426f-83f9-f44e945268a2:c1283, 02a03aee-1dd1-43c9-94ca-c76e2a537489:c1281, 9fb73170-bb25-48da-afcf-6f1f9e11598f:c1281]
2019-07-10 10:42:38,477 INFO  client.GrpcClientProtocolClient (GrpcClientProtocolClient.java:onNext(255)) - client-AC1CE418446C->edec9b8f-c318-426f-83f9-f44e945268a2: receive RaftClientReply:client-AC1CE418446C->edec9b8f-c318-426f-83f9-f44e945268a2@group-352661ED3FD5, cid=968, SUCCESS, logIndex=1286, commits[edec9b8f-c318-426f-83f9-f44e945268a2:c1286, 02a03aee-1dd1-43c9-94ca-c76e2a537489:c1283, 9fb73170-bb25-48da-afcf-6f1f9e11598f:c1283]
2019-07-10 10:42:38,477 INFO  client.GrpcClientProtocolClient (GrpcClientProtocolClient.java:onNext(255)) - client-AC1CE418446C->edec9b8f-c318-426f-83f9-f44e945268a2: receive RaftClientReply:client-AC1CE418446C->edec9b8f-c318-426f-83f9-f44e945268a2@group-352661ED3FD5, cid=969, SUCCESS, logIndex=1287, commits[edec9b8f-c318-426f-83f9-f44e945268a2:c1287, 02a03aee-1dd1-43c9-94ca-c76e2a537489:c1283, 9fb73170-bb25-48da-afcf-6f1f9e11598f:c1283]
2019-07-10 10:42:38,491 INFO  client.GrpcClientProtocolClient (GrpcClientProtocolClient.java:onNext(255)) - client-AC1CE418446C->edec9b8f-c318-426f-83f9-f44e945268a2: receive RaftClientReply:client-AC1CE418446C->edec9b8f-c318-426f-83f9-f44e945268a2@group-352661ED3FD5, cid=970, SUCCESS, logIndex=0, commits[edec9b8f-c318-426f-83f9-f44e945268a2:c1289, 02a03aee-1dd1-43c9-94ca-c76e2a537489:c1287, 9fb73170-bb25-48da-afcf-6f1f9e11598f:c1287]
2019-07-10 10:42:38,511 INFO  client.GrpcClientProtocolClient (GrpcClientProtocolClient.java:onNext(255)) - client-AC1CE418446C->edec9b8f-c318-426f-83f9-f44e945268a2: receive RaftClientReply:client-AC1CE418446C->edec9b8f-c318-426f-83f9-f44e945268a2@group-352661ED3FD5, cid=971, SUCCESS, logIndex=1290, commits[edec9b8f-c318-426f-83f9-f44e945268a2:c1292, 02a03aee-1dd1-43c9-94ca-c76e2a537489:c1289, 9fb73170-bb25-48da-afcf-6f1f9e11598f:c1289]
2019-07-10 10:42:38,511 INFO  client.GrpcClientProtocolClient (GrpcClientProtocolClient.java:onNext(255)) - client-AC1CE418446C->edec9b8f-c318-426f-83f9-f44e945268a2: receive RaftClientReply:client-AC1CE418446C->edec9b8f-c318-426f-83f9-f44e945268a2@group-352661ED3FD5, cid=972, SUCCESS, logIndex=1291, commits[edec9b8f-c318-426f-83f9-f44e945268a2:c1293, 02a03aee-1dd1-43c9-94ca-c76e2a537489:c1289, 9fb73170-bb25-48da-afcf-6f1f9e11598f:c1289]
2019-07-10 10:42:38,512 INFO  client.GrpcClientProtocolClient (GrpcClientProtocolClient.java:onNext(255)) - client-AC1CE418446C->edec9b8f-c318-426f-83f9-f44e945268a2: receive RaftClientReply:client-AC1CE418446C->edec9b8f-c318-426f-83f9-f44e945268a2@group-352661ED3FD5, cid=973, SUCCESS, logIndex=1292, commits[edec9b8f-c318-426f-83f9-f44e945268a2:c1293, 02a03aee-1dd1-43c9-94ca-c76e2a537489:c1289, 9fb73170-bb25-48da-afcf-6f1f9e11598f:c1289]
2019-07-10 10:42:38,512 INFO  client.GrpcClientProtocolClient (GrpcClientProtocolClient.java:onNext(255)) - client-AC1CE418446C->edec9b8f-c318-426f-83f9-f44e945268a2: receive RaftClientReply:client-AC1CE418446C->edec9b8f-c318-426f-83f9-f44e945268a2@group-352661ED3FD5, cid=974, SUCCESS, logIndex=1293, commits[edec9b8f-c318-426f-83f9-f44e945268a2:c1293, 02a03aee-1dd1-43c9-94ca-c76e2a537489:c1289, 9fb73170-bb25-48da-afcf-6f1f9e11598f:c1289]
2019-07-10 10:42:38,514 INFO  client.GrpcClientProtocolClient (GrpcClientProtocolClient.java:onNext(255)) - client-AC1CE418446C->edec9b8f-c318-426f-83f9-f44e945268a2: receive RaftClientReply:client-AC1CE418446C->edec9b8f-c318-426f-83f9-f44e945268a2@group-352661ED3FD5, cid=975, SUCCESS, logIndex=0, commits[edec9b8f-c318-426f-83f9-f44e945268a2:c1294, 02a03aee-1dd1-43c9-94ca-c76e2a537489:c1291, 9fb73170-bb25-48da-afcf-6f1f9e11598f:c1291]
2019-07-10 10:42:38,527 INFO  client.GrpcClientProtocolClient (GrpcClientProtocolClient.java:onNext(255)) - client-AC1CE418446C->edec9b8f-c318-426f-83f9-f44e945268a2: receive RaftClientReply:client-AC1CE418446C->edec9b8f-c318-426f-83f9-f44e945268a2@group-352661ED3FD5, cid=976, SUCCESS, logIndex=1298, commits[edec9b8f-c318-426f-83f9-f44e945268a2:c1299, 02a03aee-1dd1-43c9-94ca-c76e2a537489:c1293, 9fb73170-bb25-48da-afcf-6f1f9e11598f:c1294]
2019-07-10 10:42:38,527 INFO  client.GrpcClientProtocolClient (GrpcClientProtocolClient.java:onNext(255)) - client-AC1CE418446C->edec9b8f-c318-426f-83f9-f44e945268a2: receive RaftClientReply:client-AC1CE418446C->edec9b8f-c318-426f-83f9-f44e945268a2@group-352661ED3FD5, cid=977, SUCCESS, logIndex=1299, commits[edec9b8f-c318-426f-83f9-f44e945268a2:c1299, 02a03aee-1dd1-43c9-94ca-c76e2a537489:c1294, 9fb73170-bb25-48da-afcf-6f1f9e11598f:c1294]
2019-07-10 10:42:38,543 INFO  client.GrpcClientProtocolClient (GrpcClientProtocolClient.java:onNext(255)) - client-AC1CE418446C->edec9b8f-c318-426f-83f9-f44e945268a2: receive RaftClientReply:client-AC1CE418446C->edec9b8f-c318-426f-83f9-f44e945268a2@group-352661ED3FD5, cid=978, SUCCESS, logIndex=1302, commits[edec9b8f-c318-426f-83f9-f44e945268a2:c1303, 02a03aee-1dd1-43c9-94ca-c76e2a537489:c1299, 9fb73170-bb25-48da-afcf-6f1f9e11598f:c1300]
2019-07-10 10:42:38,543 INFO  client.GrpcClientProtocolClient (GrpcClientProtocolClient.java:onNext(255)) - client-AC1CE418446C->edec9b8f-c318-426f-83f9-f44e945268a2: receive RaftClientReply:client-AC1CE418446C->edec9b8f-c318-426f-83f9-f44e945268a2@group-352661ED3FD5, cid=979, SUCCESS, logIndex=1303, commits[edec9b8f-c318-426f-83f9-f44e945268a2:c1303, 02a03aee-1dd1-43c9-94ca-c76e2a537489:c1299, 9fb73170-bb25-48da-afcf-6f1f9e11598f:c1300]
2019-07-10 10:42:38,546 INFO  client.GrpcClientProtocolClient (GrpcClientProtocolClient.java:onNext(255)) - client-AC1CE418446C->edec9b8f-c318-426f-83f9-f44e945268a2: receive RaftClientReply:client-AC1CE418446C->edec9b8f-c318-426f-83f9-f44e945268a2@group-352661ED3FD5, cid=980, SUCCESS, logIndex=0, commits[edec9b8f-c318-426f-83f9-f44e945268a2:c1305, 02a03aee-1dd1-43c9-94ca-c76e2a537489:c1303, 9fb73170-bb25-48da-afcf-6f1f9e11598f:c1303]
2019-07-10 10:42:38,583 INFO  client.GrpcClientProtocolClient (GrpcClientProtocolClient.java:onNext(255)) - client-AC1CE418446C->edec9b8f-c318-426f-83f9-f44e945268a2: receive RaftClientReply:client-AC1CE418446C->edec9b8f-c318-426f-83f9-f44e945268a2@group-352661ED3FD5, cid=981, SUCCESS, logIndex=1306, commits[edec9b8f-c318-426f-83f9-f44e945268a2:c1307, 02a03aee-1dd1-43c9-94ca-c76e2a537489:c1305, 9fb73170-bb25-48da-afcf-6f1f9e11598f:c1305]
2019-07-10 10:42:38,584 INFO  client.GrpcClientProtocolClient (GrpcClientProtocolClient.java:onNext(255)) - client-AC1CE418446C->edec9b8f-c318-426f-83f9-f44e945268a2: receive RaftClientReply:client-AC1CE418446C->edec9b8f-c318-426f-83f9-f44e945268a2@group-352661ED3FD5, cid=982, SUCCESS, logIndex=1307, commits[edec9b8f-c318-426f-83f9-f44e945268a2:c1309, 02a03aee-1dd1-43c9-94ca-c76e2a537489:c1305, 9fb73170-bb25-48da-afcf-6f1f9e11598f:c1305]
2019-07-10 10:42:38,584 INFO  client.GrpcClientProtocolClient (GrpcClientProtocolClient.java:onNext(255)) - client-AC1CE418446C->edec9b8f-c318-426f-83f9-f44e945268a2: receive RaftClientReply:client-AC1CE418446C->edec9b8f-c318-426f-83f9-f44e945268a2@group-352661ED3FD5, cid=983, SUCCESS, logIndex=1308, commits[edec9b8f-c318-426f-83f9-f44e945268a2:c1309, 02a03aee-1dd1-43c9-94ca-c76e2a537489:c1305, 9fb73170-bb25-48da-afcf-6f1f9e11598f:c1305]
2019-07-10 10:42:38,584 INFO  client.GrpcClientProtocolClient (GrpcClientProtocolClient.java:onNext(255)) - client-AC1CE418446C->edec9b8f-c318-426f-83f9-f44e945268a2: receive RaftClientReply:client-AC1CE418446C->edec9b8f-c318-426f-83f9-f44e945268a2@group-352661ED3FD5, cid=984, SUCCESS, logIndex=1309, commits[edec9b8f-c318-426f-83f9-f44e945268a2:c1309, 02a03aee-1dd1-43c9-94ca-c76e2a537489:c1307, 9fb73170-bb25-48da-afcf-6f1f9e11598f:c1305]
2019-07-10 10:42:38,586 INFO  client.GrpcClientProtocolClient (GrpcClientProtocolClient.java:onNext(255)) - client-AC1CE418446C->edec9b8f-c318-426f-83f9-f44e945268a2: receive RaftClientReply:client-AC1CE418446C->edec9b8f-c318-426f-83f9-f44e945268a2@group-352661ED3FD5, cid=985, SUCCESS, logIndex=0, commits[edec9b8f-c318-426f-83f9-f44e945268a2:c1313, 02a03aee-1dd1-43c9-94ca-c76e2a537489:c1309, 9fb73170-bb25-48da-afcf-6f1f9e11598f:c1307]
2019-07-10 10:42:38,602 INFO  client.GrpcClientProtocolClient (GrpcClientProtocolClient.java:onNext(255)) - client-AC1CE418446C->edec9b8f-c318-426f-83f9-f44e945268a2: receive RaftClientReply:client-AC1CE418446C->edec9b8f-c318-426f-83f9-f44e945268a2@group-352661ED3FD5, cid=986, SUCCESS, logIndex=1314, commits[edec9b8f-c318-426f-83f9-f44e945268a2:c1315, 02a03aee-1dd1-43c9-94ca-c76e2a537489:c1313, 9fb73170-bb25-48da-afcf-6f1f9e11598f:c1313]
2019-07-10 10:42:38,603 INFO  client.GrpcClientProtocolClient (GrpcClientProtocolClient.java:onNext(255)) - client-AC1CE418446C->edec9b8f-c318-426f-83f9-f44e945268a2: receive RaftClientReply:client-AC1CE418446C->edec9b8f-c318-426f-83f9-f44e945268a2@group-352661ED3FD5, cid=987, SUCCESS, logIndex=1315, commits[edec9b8f-c318-426f-83f9-f44e945268a2:c1315, 02a03aee-1dd1-43c9-94ca-c76e2a537489:c1313, 9fb73170-bb25-48da-afcf-6f1f9e11598f:c1313]
2019-07-10 10:42:38,626 INFO  client.GrpcClientProtocolClient (GrpcClientProtocolClient.java:onNext(255)) - client-AC1CE418446C->edec9b8f-c318-426f-83f9-f44e945268a2: receive RaftClientReply:client-AC1CE418446C->edec9b8f-c318-426f-83f9-f44e945268a2@group-352661ED3FD5, cid=988, SUCCESS, logIndex=1318, commits[edec9b8f-c318-426f-83f9-f44e945268a2:c1319, 02a03aee-1dd1-43c9-94ca-c76e2a537489:c1315, 9fb73170-bb25-48da-afcf-6f1f9e11598f:c1315]
2019-07-10 10:42:38,627 INFO  client.GrpcClientProtocolClient (GrpcClientProtocolClient.java:onNext(255)) - client-AC1CE418446C->edec9b8f-c318-426f-83f9-f44e945268a2: receive RaftClientReply:client-AC1CE418446C->edec9b8f-c318-426f-83f9-f44e945268a2@group-352661ED3FD5, cid=989, SUCCESS, logIndex=1319, commits[edec9b8f-c318-426f-83f9-f44e945268a2:c1319, 02a03aee-1dd1-43c9-94ca-c76e2a537489:c1315, 9fb73170-bb25-48da-afcf-6f1f9e11598f:c1315]
2019-07-10 10:42:38,641 INFO  client.GrpcClientProtocolClient (GrpcClientProtocolClient.java:onNext(255)) - client-AC1CE418446C->edec9b8f-c318-426f-83f9-f44e945268a2: receive RaftClientReply:client-AC1CE418446C->edec9b8f-c318-426f-83f9-f44e945268a2@group-352661ED3FD5, cid=990, SUCCESS, logIndex=0, commits[edec9b8f-c318-426f-83f9-f44e945268a2:c1321, 02a03aee-1dd1-43c9-94ca-c76e2a537489:c1319, 9fb73170-bb25-48da-afcf-6f1f9e11598f:c1319]
2019-07-10 10:42:38,790 INFO  client.GrpcClientProtocolClient (GrpcClientProtocolClient.java:onNext(255)) - client-AC1CE418446C->edec9b8f-c318-426f-83f9-f44e945268a2: receive RaftClientReply:client-AC1CE418446C->edec9b8f-c318-426f-83f9-f44e945268a2@group-352661ED3FD5, cid=991, SUCCESS, logIndex=1322, commits[edec9b8f-c318-426f-83f9-f44e945268a2:c1323, 02a03aee-1dd1-43c9-94ca-c76e2a537489:c1321, 9fb73170-bb25-48da-afcf-6f1f9e11598f:c1321]
2019-07-10 10:42:38,792 INFO  client.GrpcClientProtocolClient (GrpcClientProtocolClient.java:onNext(255)) - client-AC1CE418446C->edec9b8f-c318-426f-83f9-f44e945268a2: receive RaftClientReply:client-AC1CE418446C->edec9b8f-c318-426f-83f9-f44e945268a2@group-352661ED3FD5, cid=992, SUCCESS, logIndex=1323, commits[edec9b8f-c318-426f-83f9-f44e945268a2:c1325, 02a03aee-1dd1-43c9-94ca-c76e2a537489:c1321, 9fb73170-bb25-48da-afcf-6f1f9e11598f:c1321]
2019-07-10 10:42:38,792 INFO  client.GrpcClientProtocolClient (GrpcClientProtocolClient.java:onNext(255)) - client-AC1CE418446C->edec9b8f-c318-426f-83f9-f44e945268a2: receive RaftClientReply:client-AC1CE418446C->edec9b8f-c318-426f-83f9-f44e945268a2@group-352661ED3FD5, cid=993, SUCCESS, logIndex=1324, commits[edec9b8f-c318-426f-83f9-f44e945268a2:c1325, 02a03aee-1dd1-43c9-94ca-c76e2a537489:c1321, 9fb73170-bb25-48da-afcf-6f1f9e11598f:c1321]
2019-07-10 10:42:38,793 INFO  client.GrpcClientProtocolClient (GrpcClientProtocolClient.java:onNext(255)) - client-AC1CE418446C->edec9b8f-c318-426f-83f9-f44e945268a2: receive RaftClientReply:client-AC1CE418446C->edec9b8f-c318-426f-83f9-f44e945268a2@group-352661ED3FD5, cid=994, SUCCESS, logIndex=1325, commits[edec9b8f-c318-426f-83f9-f44e945268a2:c1325, 02a03aee-1dd1-43c9-94ca-c76e2a537489:c1321, 9fb73170-bb25-48da-afcf-6f1f9e11598f:c1321]
2019-07-10 10:42:38,805 INFO  client.GrpcClientProtocolClient (GrpcClientProtocolClient.java:onNext(255)) - client-AC1CE418446C->edec9b8f-c318-426f-83f9-f44e945268a2: receive RaftClientReply:client-AC1CE418446C->edec9b8f-c318-426f-83f9-f44e945268a2@group-352661ED3FD5, cid=995, SUCCESS, logIndex=0, commits[edec9b8f-c318-426f-83f9-f44e945268a2:c1329, 02a03aee-1dd1-43c9-94ca-c76e2a537489:c1325, 9fb73170-bb25-48da-afcf-6f1f9e11598f:c1323]
2019-07-10 10:42:38,827 INFO  client.GrpcClientProtocolClient (GrpcClientProtocolClient.java:onNext(255)) - client-AC1CE418446C->edec9b8f-c318-426f-83f9-f44e945268a2: receive RaftClientReply:client-AC1CE418446C->edec9b8f-c318-426f-83f9-f44e945268a2@group-352661ED3FD5, cid=996, SUCCESS, logIndex=1330, commits[edec9b8f-c318-426f-83f9-f44e945268a2:c1331, 02a03aee-1dd1-43c9-94ca-c76e2a537489:c1329, 9fb73170-bb25-48da-afcf-6f1f9e11598f:c1329]
2019-07-10 10:42:38,827 INFO  client.GrpcClientProtocolClient (GrpcClientProtocolClient.java:onNext(255)) - client-AC1CE418446C->edec9b8f-c318-426f-83f9-f44e945268a2: receive RaftClientReply:client-AC1CE418446C->edec9b8f-c318-426f-83f9-f44e945268a2@group-352661ED3FD5, cid=997, SUCCESS, logIndex=1331, commits[edec9b8f-c318-426f-83f9-f44e945268a2:c1331, 02a03aee-1dd1-43c9-94ca-c76e2a537489:c1329, 9fb73170-bb25-48da-afcf-6f1f9e11598f:c1329]
2019-07-10 10:42:38,846 INFO  client.GrpcClientProtocolClient (GrpcClientProtocolClient.java:onNext(255)) - client-AC1CE418446C->edec9b8f-c318-426f-83f9-f44e945268a2: receive RaftClientReply:client-AC1CE418446C->edec9b8f-c318-426f-83f9-f44e945268a2@group-352661ED3FD5, cid=998, SUCCESS, logIndex=1334, commits[edec9b8f-c318-426f-83f9-f44e945268a2:c1335, 02a03aee-1dd1-43c9-94ca-c76e2a537489:c1331, 9fb73170-bb25-48da-afcf-6f1f9e11598f:c1331]
2019-07-10 10:42:38,846 INFO  client.GrpcClientProtocolClient (GrpcClientProtocolClient.java:onNext(255)) - client-AC1CE418446C->edec9b8f-c318-426f-83f9-f44e945268a2: receive RaftClientReply:client-AC1CE418446C->edec9b8f-c318-426f-83f9-f44e945268a2@group-352661ED3FD5, cid=999, SUCCESS, logIndex=1335, commits[edec9b8f-c318-426f-83f9-f44e945268a2:c1335, 02a03aee-1dd1-43c9-94ca-c76e2a537489:c1331, 9fb73170-bb25-48da-afcf-6f1f9e11598f:c1331]
2019-07-10 10:42:38,859 INFO  client.GrpcClientProtocolClient (GrpcClientProtocolClient.java:onNext(255)) - client-AC1CE418446C->edec9b8f-c318-426f-83f9-f44e945268a2: receive RaftClientReply:client-AC1CE418446C->edec9b8f-c318-426f-83f9-f44e945268a2@group-352661ED3FD5, cid=1000, SUCCESS, logIndex=0, commits[edec9b8f-c318-426f-83f9-f44e945268a2:c1337, 02a03aee-1dd1-43c9-94ca-c76e2a537489:c1335, 9fb73170-bb25-48da-afcf-6f1f9e11598f:c1335]
2019-07-10 10:42:38,882 INFO  client.GrpcClientProtocolClient (GrpcClientProtocolClient.java:onNext(255)) - client-AC1CE418446C->edec9b8f-c318-426f-83f9-f44e945268a2: receive RaftClientReply:client-AC1CE418446C->edec9b8f-c318-426f-83f9-f44e945268a2@group-352661ED3FD5, cid=1001, SUCCESS, logIndex=1338, commits[edec9b8f-c318-426f-83f9-f44e945268a2:c1339, 02a03aee-1dd1-43c9-94ca-c76e2a537489:c1337, 9fb73170-bb25-48da-afcf-6f1f9e11598f:c1337]
2019-07-10 10:42:38,883 INFO  client.GrpcClientProtocolClient (GrpcClientProtocolClient.java:onNext(255)) - client-AC1CE418446C->edec9b8f-c318-426f-83f9-f44e945268a2: receive RaftClientReply:client-AC1CE418446C->edec9b8f-c318-426f-83f9-f44e945268a2@group-352661ED3FD5, cid=1002, SUCCESS, logIndex=1339, commits[edec9b8f-c318-426f-83f9-f44e945268a2:c1340, 02a03aee-1dd1-43c9-94ca-c76e2a537489:c1337, 9fb73170-bb25-48da-afcf-6f1f9e11598f:c1337]
2019-07-10 10:42:38,883 INFO  client.GrpcClientProtocolClient (GrpcClientProtocolClient.java:onNext(255)) - client-AC1CE418446C->edec9b8f-c318-426f-83f9-f44e945268a2: receive RaftClientReply:client-AC1CE418446C->edec9b8f-c318-426f-83f9-f44e945268a2@group-352661ED3FD5, cid=1003, SUCCESS, logIndex=1340, commits[edec9b8f-c318-426f-83f9-f44e945268a2:c1341, 02a03aee-1dd1-43c9-94ca-c76e2a537489:c1337, 9fb73170-bb25-48da-afcf-6f1f9e11598f:c1337]
2019-07-10 10:42:38,884 INFO  client.GrpcClientProtocolClient (GrpcClientProtocolClient.java:onNext(255)) - client-AC1CE418446C->edec9b8f-c318-426f-83f9-f44e945268a2: receive RaftClientReply:client-AC1CE418446C->edec9b8f-c318-426f-83f9-f44e945268a2@group-352661ED3FD5, cid=1004, SUCCESS, logIndex=1341, commits[edec9b8f-c318-426f-83f9-f44e945268a2:c1341, 02a03aee-1dd1-43c9-94ca-c76e2a537489:c1337, 9fb73170-bb25-48da-afcf-6f1f9e11598f:c1337]
2019-07-10 10:42:38,885 INFO  client.GrpcClientProtocolClient (GrpcClientProtocolClient.java:onNext(255)) - client-AC1CE418446C->edec9b8f-c318-426f-83f9-f44e945268a2: receive RaftClientReply:client-AC1CE418446C->edec9b8f-c318-426f-83f9-f44e945268a2@group-352661ED3FD5, cid=1005, SUCCESS, logIndex=0, commits[edec9b8f-c318-426f-83f9-f44e945268a2:c1345, 02a03aee-1dd1-43c9-94ca-c76e2a537489:c1339, 9fb73170-bb25-48da-afcf-6f1f9e11598f:c1341]
2019-07-10 10:42:38,907 INFO  client.GrpcClientProtocolClient (GrpcClientProtocolClient.java:onNext(255)) - client-AC1CE418446C->edec9b8f-c318-426f-83f9-f44e945268a2: receive RaftClientReply:client-AC1CE418446C->edec9b8f-c318-426f-83f9-f44e945268a2@group-352661ED3FD5, cid=1006, SUCCESS, logIndex=1346, commits[edec9b8f-c318-426f-83f9-f44e945268a2:c1347, 02a03aee-1dd1-43c9-94ca-c76e2a537489:c1345, 9fb73170-bb25-48da-afcf-6f1f9e11598f:c1345]
2019-07-10 10:42:38,907 INFO  client.GrpcClientProtocolClient (GrpcClientProtocolClient.java:onNext(255)) - client-AC1CE418446C->edec9b8f-c318-426f-83f9-f44e945268a2: receive RaftClientReply:client-AC1CE418446C->edec9b8f-c318-426f-83f9-f44e945268a2@group-352661ED3FD5, cid=1007, SUCCESS, logIndex=1347, commits[edec9b8f-c318-426f-83f9-f44e945268a2:c1347, 02a03aee-1dd1-43c9-94ca-c76e2a537489:c1345, 9fb73170-bb25-48da-afcf-6f1f9e11598f:c1345]
2019-07-10 10:42:38,931 INFO  client.GrpcClientProtocolClient (GrpcClientProtocolClient.java:onNext(255)) - client-AC1CE418446C->edec9b8f-c318-426f-83f9-f44e945268a2: receive RaftClientReply:client-AC1CE418446C->edec9b8f-c318-426f-83f9-f44e945268a2@group-352661ED3FD5, cid=1008, SUCCESS, logIndex=1350, commits[edec9b8f-c318-426f-83f9-f44e945268a2:c1351, 02a03aee-1dd1-43c9-94ca-c76e2a537489:c1347, 9fb73170-bb25-48da-afcf-6f1f9e11598f:c1347]
2019-07-10 10:42:38,932 INFO  client.GrpcClientProtocolClient (GrpcClientProtocolClient.java:onNext(255)) - client-AC1CE418446C->edec9b8f-c318-426f-83f9-f44e945268a2: receive RaftClientReply:client-AC1CE418446C->edec9b8f-c318-426f-83f9-f44e945268a2@group-352661ED3FD5, cid=1009, SUCCESS, logIndex=1351, commits[edec9b8f-c318-426f-83f9-f44e945268a2:c1351, 02a03aee-1dd1-43c9-94ca-c76e2a537489:c1347, 9fb73170-bb25-48da-afcf-6f1f9e11598f:c1347]
2019-07-10 10:42:38,946 INFO  client.GrpcClientProtocolClient (GrpcClientProtocolClient.java:onNext(255)) - client-AC1CE418446C->edec9b8f-c318-426f-83f9-f44e945268a2: receive RaftClientReply:client-AC1CE418446C->edec9b8f-c318-426f-83f9-f44e945268a2@group-352661ED3FD5, cid=1010, SUCCESS, logIndex=0, commits[edec9b8f-c318-426f-83f9-f44e945268a2:c1353, 02a03aee-1dd1-43c9-94ca-c76e2a537489:c1351, 9fb73170-bb25-48da-afcf-6f1f9e11598f:c1351]
2019-07-10 10:42:38,967 INFO  client.GrpcClientProtocolClient (GrpcClientProtocolClient.java:onNext(255)) - client-AC1CE418446C->edec9b8f-c318-426f-83f9-f44e945268a2: receive RaftClientReply:client-AC1CE418446C->edec9b8f-c318-426f-83f9-f44e945268a2@group-352661ED3FD5, cid=1011, SUCCESS, logIndex=1354, commits[edec9b8f-c318-426f-83f9-f44e945268a2:c1355, 02a03aee-1dd1-43c9-94ca-c76e2a537489:c1353, 9fb73170-bb25-48da-afcf-6f1f9e11598f:c1353]
2019-07-10 10:42:38,968 INFO  client.GrpcClientProtocolClient (GrpcClientProtocolClient.java:onNext(255)) - client-AC1CE418446C->edec9b8f-c318-426f-83f9-f44e945268a2: receive RaftClientReply:client-AC1CE418446C->edec9b8f-c318-426f-83f9-f44e945268a2@group-352661ED3FD5, cid=1012, SUCCESS, logIndex=1355, commits[edec9b8f-c318-426f-83f9-f44e945268a2:c1355, 02a03aee-1dd1-43c9-94ca-c76e2a537489:c1353, 9fb73170-bb25-48da-afcf-6f1f9e11598f:c1353]
2019-07-10 10:42:38,968 INFO  client.GrpcClientProtocolClient (GrpcClientProtocolClient.java:onNext(255)) - client-AC1CE418446C->edec9b8f-c318-426f-83f9-f44e945268a2: receive RaftClientReply:client-AC1CE418446C->edec9b8f-c318-426f-83f9-f44e945268a2@group-352661ED3FD5, cid=1013, SUCCESS, logIndex=1356, commits[edec9b8f-c318-426f-83f9-f44e945268a2:c1357, 02a03aee-1dd1-43c9-94ca-c76e2a537489:c1353, 9fb73170-bb25-48da-afcf-6f1f9e11598f:c1353]
2019-07-10 10:42:38,968 INFO  client.GrpcClientProtocolClient (GrpcClientProtocolClient.java:onNext(255)) - client-AC1CE418446C->edec9b8f-c318-426f-83f9-f44e945268a2: receive RaftClientReply:client-AC1CE418446C->edec9b8f-c318-426f-83f9-f44e945268a2@group-352661ED3FD5, cid=1014, SUCCESS, logIndex=1357, commits[edec9b8f-c318-426f-83f9-f44e945268a2:c1357, 02a03aee-1dd1-43c9-94ca-c76e2a537489:c1353, 9fb73170-bb25-48da-afcf-6f1f9e11598f:c1353]
2019-07-10 10:42:38,981 INFO  client.GrpcClientProtocolClient (GrpcClientProtocolClient.java:onNext(255)) - client-AC1CE418446C->edec9b8f-c318-426f-83f9-f44e945268a2: receive RaftClientReply:client-AC1CE418446C->edec9b8f-c318-426f-83f9-f44e945268a2@group-352661ED3FD5, cid=1015, SUCCESS, logIndex=0, commits[edec9b8f-c318-426f-83f9-f44e945268a2:c1359, 02a03aee-1dd1-43c9-94ca-c76e2a537489:c1355, 9fb73170-bb25-48da-afcf-6f1f9e11598f:c1355]
2019-07-10 10:42:39,001 INFO  client.GrpcClientProtocolClient (GrpcClientProtocolClient.java:onNext(255)) - client-AC1CE418446C->edec9b8f-c318-426f-83f9-f44e945268a2: receive RaftClientReply:client-AC1CE418446C->edec9b8f-c318-426f-83f9-f44e945268a2@group-352661ED3FD5, cid=1016, SUCCESS, logIndex=1362, commits[edec9b8f-c318-426f-83f9-f44e945268a2:c1363, 02a03aee-1dd1-43c9-94ca-c76e2a537489:c1361, 9fb73170-bb25-48da-afcf-6f1f9e11598f:c1361]
2019-07-10 10:42:39,001 INFO  client.GrpcClientProtocolClient (GrpcClientProtocolClient.java:onNext(255)) - client-AC1CE418446C->edec9b8f-c318-426f-83f9-f44e945268a2: receive RaftClientReply:client-AC1CE418446C->edec9b8f-c318-426f-83f9-f44e945268a2@group-352661ED3FD5, cid=1017, SUCCESS, logIndex=1363, commits[edec9b8f-c318-426f-83f9-f44e945268a2:c1363, 02a03aee-1dd1-43c9-94ca-c76e2a537489:c1361, 9fb73170-bb25-48da-afcf-6f1f9e11598f:c1361]
2019-07-10 10:42:39,014 INFO  client.GrpcClientProtocolClient (GrpcClientProtocolClient.java:onNext(255)) - client-AC1CE418446C->edec9b8f-c318-426f-83f9-f44e945268a2: receive RaftClientReply:client-AC1CE418446C->edec9b8f-c318-426f-83f9-f44e945268a2@group-352661ED3FD5, cid=1018, SUCCESS, logIndex=1366, commits[edec9b8f-c318-426f-83f9-f44e945268a2:c1367, 02a03aee-1dd1-43c9-94ca-c76e2a537489:c1363, 9fb73170-bb25-48da-afcf-6f1f9e11598f:c1363]
2019-07-10 10:42:39,015 INFO  client.GrpcClientProtocolClient (GrpcClientProtocolClient.java:onNext(255)) - client-AC1CE418446C->edec9b8f-c318-426f-83f9-f44e945268a2: receive RaftClientReply:client-AC1CE418446C->edec9b8f-c318-426f-83f9-f44e945268a2@group-352661ED3FD5, cid=1019, SUCCESS, logIndex=1367, commits[edec9b8f-c318-426f-83f9-f44e945268a2:c1367, 02a03aee-1dd1-43c9-94ca-c76e2a537489:c1363, 9fb73170-bb25-48da-afcf-6f1f9e11598f:c1363]
2019-07-10 10:42:39,026 INFO  client.GrpcClientProtocolClient (GrpcClientProtocolClient.java:onNext(255)) - client-AC1CE418446C->edec9b8f-c318-426f-83f9-f44e945268a2: receive RaftClientReply:client-AC1CE418446C->edec9b8f-c318-426f-83f9-f44e945268a2@group-352661ED3FD5, cid=1020, SUCCESS, logIndex=0, commits[edec9b8f-c318-426f-83f9-f44e945268a2:c1368, 02a03aee-1dd1-43c9-94ca-c76e2a537489:c1367, 9fb73170-bb25-48da-afcf-6f1f9e11598f:c1367]
2019-07-10 10:42:39,046 INFO  client.GrpcClientProtocolClient (GrpcClientProtocolClient.java:onNext(255)) - client-AC1CE418446C->edec9b8f-c318-426f-83f9-f44e945268a2: receive RaftClientReply:client-AC1CE418446C->edec9b8f-c318-426f-83f9-f44e945268a2@group-352661ED3FD5, cid=1021, SUCCESS, logIndex=1370, commits[edec9b8f-c318-426f-83f9-f44e945268a2:c1371, 02a03aee-1dd1-43c9-94ca-c76e2a537489:c1369, 9fb73170-bb25-48da-afcf-6f1f9e11598f:c1369]
2019-07-10 10:42:39,047 INFO  client.GrpcClientProtocolClient (GrpcClientProtocolClient.java:onNext(255)) - client-AC1CE418446C->edec9b8f-c318-426f-83f9-f44e945268a2: receive RaftClientReply:client-AC1CE418446C->edec9b8f-c318-426f-83f9-f44e945268a2@group-352661ED3FD5, cid=1022, SUCCESS, logIndex=1371, commits[edec9b8f-c318-426f-83f9-f44e945268a2:c1371, 02a03aee-1dd1-43c9-94ca-c76e2a537489:c1369, 9fb73170-bb25-48da-afcf-6f1f9e11598f:c1369]
2019-07-10 10:42:39,047 INFO  client.GrpcClientProtocolClient (GrpcClientProtocolClient.java:onNext(255)) - client-AC1CE418446C->edec9b8f-c318-426f-83f9-f44e945268a2: receive RaftClientReply:client-AC1CE418446C->edec9b8f-c318-426f-83f9-f44e945268a2@group-352661ED3FD5, cid=1023, SUCCESS, logIndex=1372, commits[edec9b8f-c318-426f-83f9-f44e945268a2:c1373, 02a03aee-1dd1-43c9-94ca-c76e2a537489:c1369, 9fb73170-bb25-48da-afcf-6f1f9e11598f:c1369]
2019-07-10 10:42:39,047 INFO  client.GrpcClientProtocolClient (GrpcClientProtocolClient.java:onNext(255)) - client-AC1CE418446C->edec9b8f-c318-426f-83f9-f44e945268a2: receive RaftClientReply:client-AC1CE418446C->edec9b8f-c318-426f-83f9-f44e945268a2@group-352661ED3FD5, cid=1024, SUCCESS, logIndex=1373, commits[edec9b8f-c318-426f-83f9-f44e945268a2:c1373, 02a03aee-1dd1-43c9-94ca-c76e2a537489:c1369, 9fb73170-bb25-48da-afcf-6f1f9e11598f:c1369]
2019-07-10 10:42:39,051 INFO  client.GrpcClientProtocolClient (GrpcClientProtocolClient.java:onNext(255)) - client-AC1CE418446C->edec9b8f-c318-426f-83f9-f44e945268a2: receive RaftClientReply:client-AC1CE418446C->edec9b8f-c318-426f-83f9-f44e945268a2@group-352661ED3FD5, cid=1025, SUCCESS, logIndex=0, commits[edec9b8f-c318-426f-83f9-f44e945268a2:c1375, 02a03aee-1dd1-43c9-94ca-c76e2a537489:c1371, 9fb73170-bb25-48da-afcf-6f1f9e11598f:c1371]
2019-07-10 10:42:39,064 INFO  client.GrpcClientProtocolClient (GrpcClientProtocolClient.java:onNext(255)) - client-AC1CE418446C->edec9b8f-c318-426f-83f9-f44e945268a2: receive RaftClientReply:client-AC1CE418446C->edec9b8f-c318-426f-83f9-f44e945268a2@group-352661ED3FD5, cid=1026, SUCCESS, logIndex=1378, commits[edec9b8f-c318-426f-83f9-f44e945268a2:c1379, 02a03aee-1dd1-43c9-94ca-c76e2a537489:c1377, 9fb73170-bb25-48da-afcf-6f1f9e11598f:c1377]
2019-07-10 10:42:39,065 INFO  client.GrpcClientProtocolClient (GrpcClientProtocolClient.java:onNext(255)) - client-AC1CE418446C->edec9b8f-c318-426f-83f9-f44e945268a2: receive RaftClientReply:client-AC1CE418446C->edec9b8f-c318-426f-83f9-f44e945268a2@group-352661ED3FD5, cid=1027, SUCCESS, logIndex=1379, commits[edec9b8f-c318-426f-83f9-f44e945268a2:c1379, 02a03aee-1dd1-43c9-94ca-c76e2a537489:c1377, 9fb73170-bb25-48da-afcf-6f1f9e11598f:c1377]
 0.00% |█                                                                                                    |  0/1 Time: 0:00:052019-07-10 10:42:39,091 INFO  client.GrpcClientProtocolClient (GrpcClientProtocolClient.java:onNext(255)) - client-AC1CE418446C->edec9b8f-c318-426f-83f9-f44e945268a2: receive RaftClientReply:client-AC1CE418446C->edec9b8f-c318-426f-83f9-f44e945268a2@group-352661ED3FD5, cid=1028, SUCCESS, logIndex=1382, commits[edec9b8f-c318-426f-83f9-f44e945268a2:c1382, 02a03aee-1dd1-43c9-94ca-c76e2a537489:c1381, 9fb73170-bb25-48da-afcf-6f1f9e11598f:c1381]
2019-07-10 10:42:39,091 INFO  client.GrpcClientProtocolClient (GrpcClientProtocolClient.java:onNext(255)) - client-AC1CE418446C->edec9b8f-c318-426f-83f9-f44e945268a2: receive RaftClientReply:client-AC1CE418446C->edec9b8f-c318-426f-83f9-f44e945268a2@group-352661ED3FD5, cid=1029, SUCCESS, logIndex=1383, commits[edec9b8f-c318-426f-83f9-f44e945268a2:c1383, 02a03aee-1dd1-43c9-94ca-c76e2a537489:c1381, 9fb73170-bb25-48da-afcf-6f1f9e11598f:c1381]
2019-07-10 10:42:39,102 INFO  client.GrpcClientProtocolClient (GrpcClientProtocolClient.java:onNext(255)) - client-AC1CE418446C->edec9b8f-c318-426f-83f9-f44e945268a2: receive RaftClientReply:client-AC1CE418446C->edec9b8f-c318-426f-83f9-f44e945268a2@group-352661ED3FD5, cid=1030, SUCCESS, logIndex=0, commits[edec9b8f-c318-426f-83f9-f44e945268a2:c1383, 02a03aee-1dd1-43c9-94ca-c76e2a537489:c1383, 9fb73170-bb25-48da-afcf-6f1f9e11598f:c1383]
2019-07-10 10:42:39,120 INFO  client.GrpcClientProtocolClient (GrpcClientProtocolClient.java:onNext(255)) - client-AC1CE418446C->edec9b8f-c318-426f-83f9-f44e945268a2: receive RaftClientReply:client-AC1CE418446C->edec9b8f-c318-426f-83f9-f44e945268a2@group-352661ED3FD5, cid=1031, SUCCESS, logIndex=1386, commits[edec9b8f-c318-426f-83f9-f44e945268a2:c1387, 02a03aee-1dd1-43c9-94ca-c76e2a537489:c1385, 9fb73170-bb25-48da-afcf-6f1f9e11598f:c1385]
2019-07-10 10:42:39,121 INFO  client.GrpcClientProtocolClient (GrpcClientProtocolClient.java:onNext(255)) - client-AC1CE418446C->edec9b8f-c318-426f-83f9-f44e945268a2: receive RaftClientReply:client-AC1CE418446C->edec9b8f-c318-426f-83f9-f44e945268a2@group-352661ED3FD5, cid=1032, SUCCESS, logIndex=1387, commits[edec9b8f-c318-426f-83f9-f44e945268a2:c1387, 02a03aee-1dd1-43c9-94ca-c76e2a537489:c1385, 9fb73170-bb25-48da-afcf-6f1f9e11598f:c1385]
2019-07-10 10:42:39,121 INFO  client.GrpcClientProtocolClient (GrpcClientProtocolClient.java:onNext(255)) - client-AC1CE418446C->edec9b8f-c318-426f-83f9-f44e945268a2: receive RaftClientReply:client-AC1CE418446C->edec9b8f-c318-426f-83f9-f44e945268a2@group-352661ED3FD5, cid=1033, SUCCESS, logIndex=1388, commits[edec9b8f-c318-426f-83f9-f44e945268a2:c1389, 02a03aee-1dd1-43c9-94ca-c76e2a537489:c1385, 9fb73170-bb25-48da-afcf-6f1f9e11598f:c1385]
2019-07-10 10:42:39,122 INFO  client.GrpcClientProtocolClient (GrpcClientProtocolClient.java:onNext(255)) - client-AC1CE418446C->edec9b8f-c318-426f-83f9-f44e945268a2: receive RaftClientReply:client-AC1CE418446C->edec9b8f-c318-426f-83f9-f44e945268a2@group-352661ED3FD5, cid=1034, SUCCESS, logIndex=1389, commits[edec9b8f-c318-426f-83f9-f44e945268a2:c1389, 02a03aee-1dd1-43c9-94ca-c76e2a537489:c1385, 9fb73170-bb25-48da-afcf-6f1f9e11598f:c1385]
2019-07-10 10:42:39,123 INFO  client.GrpcClientProtocolClient (GrpcClientProtocolClient.java:onNext(255)) - client-AC1CE418446C->edec9b8f-c318-426f-83f9-f44e945268a2: receive RaftClientReply:client-AC1CE418446C->edec9b8f-c318-426f-83f9-f44e945268a2@group-352661ED3FD5, cid=1035, SUCCESS, logIndex=0, commits[edec9b8f-c318-426f-83f9-f44e945268a2:c1391, 02a03aee-1dd1-43c9-94ca-c76e2a537489:c1387, 9fb73170-bb25-48da-afcf-6f1f9e11598f:c1387]
2019-07-10 10:42:39,143 INFO  client.GrpcClientProtocolClient (GrpcClientProtocolClient.java:onNext(255)) - client-AC1CE418446C->edec9b8f-c318-426f-83f9-f44e945268a2: receive RaftClientReply:client-AC1CE418446C->edec9b8f-c318-426f-83f9-f44e945268a2@group-352661ED3FD5, cid=1036, SUCCESS, logIndex=1394, commits[edec9b8f-c318-426f-83f9-f44e945268a2:c1395, 02a03aee-1dd1-43c9-94ca-c76e2a537489:c1393, 9fb73170-bb25-48da-afcf-6f1f9e11598f:c1393]
2019-07-10 10:42:39,143 INFO  client.GrpcClientProtocolClient (GrpcClientProtocolClient.java:onNext(255)) - client-AC1CE418446C->edec9b8f-c318-426f-83f9-f44e945268a2: receive RaftClientReply:client-AC1CE418446C->edec9b8f-c318-426f-83f9-f44e945268a2@group-352661ED3FD5, cid=1037, SUCCESS, logIndex=1395, commits[edec9b8f-c318-426f-83f9-f44e945268a2:c1395, 02a03aee-1dd1-43c9-94ca-c76e2a537489:c1393, 9fb73170-bb25-48da-afcf-6f1f9e11598f:c1393]
2019-07-10 10:42:39,156 INFO  client.GrpcClientProtocolClient (GrpcClientProtocolClient.java:onNext(255)) - client-AC1CE418446C->edec9b8f-c318-426f-83f9-f44e945268a2: receive RaftClientReply:client-AC1CE418446C->edec9b8f-c318-426f-83f9-f44e945268a2@group-352661ED3FD5, cid=1038, SUCCESS, logIndex=1397, commits[edec9b8f-c318-426f-83f9-f44e945268a2:c1398, 02a03aee-1dd1-43c9-94ca-c76e2a537489:c1395, 9fb73170-bb25-48da-afcf-6f1f9e11598f:c1395]
2019-07-10 10:42:39,157 INFO  client.GrpcClientProtocolClient (GrpcClientProtocolClient.java:onNext(255)) - client-AC1CE418446C->edec9b8f-c318-426f-83f9-f44e945268a2: receive RaftClientReply:client-AC1CE418446C->edec9b8f-c318-426f-83f9-f44e945268a2@group-352661ED3FD5, cid=1039, SUCCESS, logIndex=1398, commits[edec9b8f-c318-426f-83f9-f44e945268a2:c1398, 02a03aee-1dd1-43c9-94ca-c76e2a537489:c1395, 9fb73170-bb25-48da-afcf-6f1f9e11598f:c1395]
2019-07-10 10:42:39,171 INFO  client.GrpcClientProtocolClient (GrpcClientProtocolClient.java:onNext(255)) - client-AC1CE418446C->edec9b8f-c318-426f-83f9-f44e945268a2: receive RaftClientReply:client-AC1CE418446C->edec9b8f-c318-426f-83f9-f44e945268a2@group-352661ED3FD5, cid=1040, SUCCESS, logIndex=0, commits[edec9b8f-c318-426f-83f9-f44e945268a2:c1400, 02a03aee-1dd1-43c9-94ca-c76e2a537489:c1398, 9fb73170-bb25-48da-afcf-6f1f9e11598f:c1398]
2019-07-10 10:42:39,193 INFO  client.GrpcClientProtocolClient (GrpcClientProtocolClient.java:onNext(255)) - client-AC1CE418446C->edec9b8f-c318-426f-83f9-f44e945268a2: receive RaftClientReply:client-AC1CE418446C->edec9b8f-c318-426f-83f9-f44e945268a2@group-352661ED3FD5, cid=1041, SUCCESS, logIndex=1401, commits[edec9b8f-c318-426f-83f9-f44e945268a2:c1402, 02a03aee-1dd1-43c9-94ca-c76e2a537489:c1400, 9fb73170-bb25-48da-afcf-6f1f9e11598f:c1400]
2019-07-10 10:42:39,194 INFO  client.GrpcClientProtocolClient (GrpcClientProtocolClient.java:onNext(255)) - client-AC1CE418446C->edec9b8f-c318-426f-83f9-f44e945268a2: receive RaftClientReply:client-AC1CE418446C->edec9b8f-c318-426f-83f9-f44e945268a2@group-352661ED3FD5, cid=1042, SUCCESS, logIndex=1402, commits[edec9b8f-c318-426f-83f9-f44e945268a2:c1402, 02a03aee-1dd1-43c9-94ca-c76e2a537489:c1400, 9fb73170-bb25-48da-afcf-6f1f9e11598f:c1400]
2019-07-10 10:42:39,195 INFO  client.GrpcClientProtocolClient (GrpcClientProtocolClient.java:onNext(255)) - client-AC1CE418446C->edec9b8f-c318-426f-83f9-f44e945268a2: receive RaftClientReply:client-AC1CE418446C->edec9b8f-c318-426f-83f9-f44e945268a2@group-352661ED3FD5, cid=1043, SUCCESS, logIndex=1403, commits[edec9b8f-c318-426f-83f9-f44e945268a2:c1404, 02a03aee-1dd1-43c9-94ca-c76e2a537489:c1400, 9fb73170-bb25-48da-afcf-6f1f9e11598f:c1400]
2019-07-10 10:42:39,195 INFO  client.GrpcClientProtocolClient (GrpcClientProtocolClient.java:onNext(255)) - client-AC1CE418446C->edec9b8f-c318-426f-83f9-f44e945268a2: receive RaftClientReply:client-AC1CE418446C->edec9b8f-c318-426f-83f9-f44e945268a2@group-352661ED3FD5, cid=1044, SUCCESS, logIndex=1404, commits[edec9b8f-c318-426f-83f9-f44e945268a2:c1404, 02a03aee-1dd1-43c9-94ca-c76e2a537489:c1400, 9fb73170-bb25-48da-afcf-6f1f9e11598f:c1400]
2019-07-10 10:42:39,197 INFO  client.GrpcClientProtocolClient (GrpcClientProtocolClient.java:onNext(255)) - client-AC1CE418446C->edec9b8f-c318-426f-83f9-f44e945268a2: receive RaftClientReply:client-AC1CE418446C->edec9b8f-c318-426f-83f9-f44e945268a2@group-352661ED3FD5, cid=1045, SUCCESS, logIndex=0, commits[edec9b8f-c318-426f-83f9-f44e945268a2:c1406, 02a03aee-1dd1-43c9-94ca-c76e2a537489:c1402, 9fb73170-bb25-48da-afcf-6f1f9e11598f:c1402]
2019-07-10 10:42:39,209 INFO  client.GrpcClientProtocolClient (GrpcClientProtocolClient.java:onNext(255)) - client-AC1CE418446C->edec9b8f-c318-426f-83f9-f44e945268a2: receive RaftClientReply:client-AC1CE418446C->edec9b8f-c318-426f-83f9-f44e945268a2@group-352661ED3FD5, cid=1046, SUCCESS, logIndex=1409, commits[edec9b8f-c318-426f-83f9-f44e945268a2:c1410, 02a03aee-1dd1-43c9-94ca-c76e2a537489:c1404, 9fb73170-bb25-48da-afcf-6f1f9e11598f:c1406]
2019-07-10 10:42:39,210 INFO  client.GrpcClientProtocolClient (GrpcClientProtocolClient.java:onNext(255)) - client-AC1CE418446C->edec9b8f-c318-426f-83f9-f44e945268a2: receive RaftClientReply:client-AC1CE418446C->edec9b8f-c318-426f-83f9-f44e945268a2@group-352661ED3FD5, cid=1047, SUCCESS, logIndex=1410, commits[edec9b8f-c318-426f-83f9-f44e945268a2:c1410, 02a03aee-1dd1-43c9-94ca-c76e2a537489:c1406, 9fb73170-bb25-48da-afcf-6f1f9e11598f:c1406]
2019-07-10 10:42:39,228 INFO  client.GrpcClientProtocolClient (GrpcClientProtocolClient.java:onNext(255)) - client-AC1CE418446C->edec9b8f-c318-426f-83f9-f44e945268a2: receive RaftClientReply:client-AC1CE418446C->edec9b8f-c318-426f-83f9-f44e945268a2@group-352661ED3FD5, cid=1048, SUCCESS, logIndex=1413, commits[edec9b8f-c318-426f-83f9-f44e945268a2:c1414, 02a03aee-1dd1-43c9-94ca-c76e2a537489:c1411, 9fb73170-bb25-48da-afcf-6f1f9e11598f:c1411]
2019-07-10 10:42:39,229 INFO  client.GrpcClientProtocolClient (GrpcClientProtocolClient.java:onNext(255)) - client-AC1CE418446C->edec9b8f-c318-426f-83f9-f44e945268a2: receive RaftClientReply:client-AC1CE418446C->edec9b8f-c318-426f-83f9-f44e945268a2@group-352661ED3FD5, cid=1049, SUCCESS, logIndex=1414, commits[edec9b8f-c318-426f-83f9-f44e945268a2:c1414, 02a03aee-1dd1-43c9-94ca-c76e2a537489:c1411, 9fb73170-bb25-48da-afcf-6f1f9e11598f:c1411]
2019-07-10 10:42:39,243 INFO  client.GrpcClientProtocolClient (GrpcClientProtocolClient.java:onNext(255)) - client-AC1CE418446C->edec9b8f-c318-426f-83f9-f44e945268a2: receive RaftClientReply:client-AC1CE418446C->edec9b8f-c318-426f-83f9-f44e945268a2@group-352661ED3FD5, cid=1050, SUCCESS, logIndex=0, commits[edec9b8f-c318-426f-83f9-f44e945268a2:c1415, 02a03aee-1dd1-43c9-94ca-c76e2a537489:c1414, 9fb73170-bb25-48da-afcf-6f1f9e11598f:c1414]
2019-07-10 10:42:39,263 INFO  client.GrpcClientProtocolClient (GrpcClientProtocolClient.java:onNext(255)) - client-AC1CE418446C->edec9b8f-c318-426f-83f9-f44e945268a2: receive RaftClientReply:client-AC1CE418446C->edec9b8f-c318-426f-83f9-f44e945268a2@group-352661ED3FD5, cid=1051, SUCCESS, logIndex=1417, commits[edec9b8f-c318-426f-83f9-f44e945268a2:c1418, 02a03aee-1dd1-43c9-94ca-c76e2a537489:c1416, 9fb73170-bb25-48da-afcf-6f1f9e11598f:c1416]
2019-07-10 10:42:39,264 INFO  client.GrpcClientProtocolClient (GrpcClientProtocolClient.java:onNext(255)) - client-AC1CE418446C->edec9b8f-c318-426f-83f9-f44e945268a2: receive RaftClientReply:client-AC1CE418446C->edec9b8f-c318-426f-83f9-f44e945268a2@group-352661ED3FD5, cid=1052, SUCCESS, logIndex=1418, commits[edec9b8f-c318-426f-83f9-f44e945268a2:c1420, 02a03aee-1dd1-43c9-94ca-c76e2a537489:c1416, 9fb73170-bb25-48da-afcf-6f1f9e11598f:c1416]
2019-07-10 10:42:39,264 INFO  client.GrpcClientProtocolClient (GrpcClientProtocolClient.java:onNext(255)) - client-AC1CE418446C->edec9b8f-c318-426f-83f9-f44e945268a2: receive RaftClientReply:client-AC1CE418446C->edec9b8f-c318-426f-83f9-f44e945268a2@group-352661ED3FD5, cid=1053, SUCCESS, logIndex=1419, commits[edec9b8f-c318-426f-83f9-f44e945268a2:c1420, 02a03aee-1dd1-43c9-94ca-c76e2a537489:c1416, 9fb73170-bb25-48da-afcf-6f1f9e11598f:c1416]
2019-07-10 10:42:39,264 INFO  client.GrpcClientProtocolClient (GrpcClientProtocolClient.java:onNext(255)) - client-AC1CE418446C->edec9b8f-c318-426f-83f9-f44e945268a2: receive RaftClientReply:client-AC1CE418446C->edec9b8f-c318-426f-83f9-f44e945268a2@group-352661ED3FD5, cid=1054, SUCCESS, logIndex=1420, commits[edec9b8f-c318-426f-83f9-f44e945268a2:c1420, 02a03aee-1dd1-43c9-94ca-c76e2a537489:c1416, 9fb73170-bb25-48da-afcf-6f1f9e11598f:c1416]
2019-07-10 10:42:39,278 INFO  client.GrpcClientProtocolClient (GrpcClientProtocolClient.java:onNext(255)) - client-AC1CE418446C->edec9b8f-c318-426f-83f9-f44e945268a2: receive RaftClientReply:client-AC1CE418446C->edec9b8f-c318-426f-83f9-f44e945268a2@group-352661ED3FD5, cid=1055, SUCCESS, logIndex=0, commits[edec9b8f-c318-426f-83f9-f44e945268a2:c1422, 02a03aee-1dd1-43c9-94ca-c76e2a537489:c1418, 9fb73170-bb25-48da-afcf-6f1f9e11598f:c1418]
2019-07-10 10:42:39,297 INFO  client.GrpcClientProtocolClient (GrpcClientProtocolClient.java:onNext(255)) - client-AC1CE418446C->edec9b8f-c318-426f-83f9-f44e945268a2: receive RaftClientReply:client-AC1CE418446C->edec9b8f-c318-426f-83f9-f44e945268a2@group-352661ED3FD5, cid=1056, SUCCESS, logIndex=1425, commits[edec9b8f-c318-426f-83f9-f44e945268a2:c1426, 02a03aee-1dd1-43c9-94ca-c76e2a537489:c1424, 9fb73170-bb25-48da-afcf-6f1f9e11598f:c1424]
2019-07-10 10:42:39,298 INFO  client.GrpcClientProtocolClient (GrpcClientProtocolClient.java:onNext(255)) - client-AC1CE418446C->edec9b8f-c318-426f-83f9-f44e945268a2: receive RaftClientReply:client-AC1CE418446C->edec9b8f-c318-426f-83f9-f44e945268a2@group-352661ED3FD5, cid=1057, SUCCESS, logIndex=1426, commits[edec9b8f-c318-426f-83f9-f44e945268a2:c1426, 02a03aee-1dd1-43c9-94ca-c76e2a537489:c1424, 9fb73170-bb25-48da-afcf-6f1f9e11598f:c1424]
2019-07-10 10:42:39,311 INFO  client.GrpcClientProtocolClient (GrpcClientProtocolClient.java:onNext(255)) - client-AC1CE418446C->edec9b8f-c318-426f-83f9-f44e945268a2: receive RaftClientReply:client-AC1CE418446C->edec9b8f-c318-426f-83f9-f44e945268a2@group-352661ED3FD5, cid=1058, SUCCESS, logIndex=1429, commits[edec9b8f-c318-426f-83f9-f44e945268a2:c1430, 02a03aee-1dd1-43c9-94ca-c76e2a537489:c1428, 9fb73170-bb25-48da-afcf-6f1f9e11598f:c1426]
2019-07-10 10:42:39,311 INFO  client.GrpcClientProtocolClient (GrpcClientProtocolClient.java:onNext(255)) - client-AC1CE418446C->edec9b8f-c318-426f-83f9-f44e945268a2: receive RaftClientReply:client-AC1CE418446C->edec9b8f-c318-426f-83f9-f44e945268a2@group-352661ED3FD5, cid=1059, SUCCESS, logIndex=1430, commits[edec9b8f-c318-426f-83f9-f44e945268a2:c1430, 02a03aee-1dd1-43c9-94ca-c76e2a537489:c1428, 9fb73170-bb25-48da-afcf-6f1f9e11598f:c1428]
2019-07-10 10:42:39,314 INFO  client.GrpcClientProtocolClient (GrpcClientProtocolClient.java:onNext(255)) - client-AC1CE418446C->edec9b8f-c318-426f-83f9-f44e945268a2: receive RaftClientReply:client-AC1CE418446C->edec9b8f-c318-426f-83f9-f44e945268a2@group-352661ED3FD5, cid=1060, SUCCESS, logIndex=0, commits[edec9b8f-c318-426f-83f9-f44e945268a2:c1431, 02a03aee-1dd1-43c9-94ca-c76e2a537489:c1430, 9fb73170-bb25-48da-afcf-6f1f9e11598f:c1430]
2019-07-10 10:42:39,451 INFO  client.GrpcClientProtocolClient (GrpcClientProtocolClient.java:onNext(255)) - client-AC1CE418446C->edec9b8f-c318-426f-83f9-f44e945268a2: receive RaftClientReply:client-AC1CE418446C->edec9b8f-c318-426f-83f9-f44e945268a2@group-352661ED3FD5, cid=1061, SUCCESS, logIndex=1433, commits[edec9b8f-c318-426f-83f9-f44e945268a2:c1434, 02a03aee-1dd1-43c9-94ca-c76e2a537489:c1432, 9fb73170-bb25-48da-afcf-6f1f9e11598f:c1432]
2019-07-10 10:42:39,452 INFO  client.GrpcClientProtocolClient (GrpcClientProtocolClient.java:onNext(255)) - client-AC1CE418446C->edec9b8f-c318-426f-83f9-f44e945268a2: receive RaftClientReply:client-AC1CE418446C->edec9b8f-c318-426f-83f9-f44e945268a2@group-352661ED3FD5, cid=1062, SUCCESS, logIndex=1434, commits[edec9b8f-c318-426f-83f9-f44e945268a2:c1435, 02a03aee-1dd1-43c9-94ca-c76e2a537489:c1432, 9fb73170-bb25-48da-afcf-6f1f9e11598f:c1432]
2019-07-10 10:42:39,452 INFO  client.GrpcClientProtocolClient (GrpcClientProtocolClient.java:onNext(255)) - client-AC1CE418446C->edec9b8f-c318-426f-83f9-f44e945268a2: receive RaftClientReply:client-AC1CE418446C->edec9b8f-c318-426f-83f9-f44e945268a2@group-352661ED3FD5, cid=1063, SUCCESS, logIndex=1435, commits[edec9b8f-c318-426f-83f9-f44e945268a2:c1436, 02a03aee-1dd1-43c9-94ca-c76e2a537489:c1432, 9fb73170-bb25-48da-afcf-6f1f9e11598f:c1432]
2019-07-10 10:42:39,453 INFO  client.GrpcClientProtocolClient (GrpcClientProtocolClient.java:onNext(255)) - client-AC1CE418446C->edec9b8f-c318-426f-83f9-f44e945268a2: receive RaftClientReply:client-AC1CE418446C->edec9b8f-c318-426f-83f9-f44e945268a2@group-352661ED3FD5, cid=1064, SUCCESS, logIndex=1436, commits[edec9b8f-c318-426f-83f9-f44e945268a2:c1436, 02a03aee-1dd1-43c9-94ca-c76e2a537489:c1432, 9fb73170-bb25-48da-afcf-6f1f9e11598f:c1432]
2019-07-10 10:42:39,466 INFO  client.GrpcClientProtocolClient (GrpcClientProtocolClient.java:onNext(255)) - client-AC1CE418446C->edec9b8f-c318-426f-83f9-f44e945268a2: receive RaftClientReply:client-AC1CE418446C->edec9b8f-c318-426f-83f9-f44e945268a2@group-352661ED3FD5, cid=1065, SUCCESS, logIndex=0, commits[edec9b8f-c318-426f-83f9-f44e945268a2:c1438, 02a03aee-1dd1-43c9-94ca-c76e2a537489:c1434, 9fb73170-bb25-48da-afcf-6f1f9e11598f:c1434]
2019-07-10 10:42:39,488 INFO  client.GrpcClientProtocolClient (GrpcClientProtocolClient.java:onNext(255)) - client-AC1CE418446C->edec9b8f-c318-426f-83f9-f44e945268a2: receive RaftClientReply:client-AC1CE418446C->edec9b8f-c318-426f-83f9-f44e945268a2@group-352661ED3FD5, cid=1066, SUCCESS, logIndex=1441, commits[edec9b8f-c318-426f-83f9-f44e945268a2:c1442, 02a03aee-1dd1-43c9-94ca-c76e2a537489:c1440, 9fb73170-bb25-48da-afcf-6f1f9e11598f:c1440]
2019-07-10 10:42:39,489 INFO  client.GrpcClientProtocolClient (GrpcClientProtocolClient.java:onNext(255)) - client-AC1CE418446C->edec9b8f-c318-426f-83f9-f44e945268a2: receive RaftClientReply:client-AC1CE418446C->edec9b8f-c318-426f-83f9-f44e945268a2@group-352661ED3FD5, cid=1067, SUCCESS, logIndex=1442, commits[edec9b8f-c318-426f-83f9-f44e945268a2:c1442, 02a03aee-1dd1-43c9-94ca-c76e2a537489:c1440, 9fb73170-bb25-48da-afcf-6f1f9e11598f:c1440]
2019-07-10 10:42:39,517 INFO  client.GrpcClientProtocolClient (GrpcClientProtocolClient.java:onNext(255)) - client-AC1CE418446C->edec9b8f-c318-426f-83f9-f44e945268a2: receive RaftClientReply:client-AC1CE418446C->edec9b8f-c318-426f-83f9-f44e945268a2@group-352661ED3FD5, cid=1068, SUCCESS, logIndex=1445, commits[edec9b8f-c318-426f-83f9-f44e945268a2:c1446, 02a03aee-1dd1-43c9-94ca-c76e2a537489:c1444, 9fb73170-bb25-48da-afcf-6f1f9e11598f:c1444]
2019-07-10 10:42:39,518 INFO  client.GrpcClientProtocolClient (GrpcClientProtocolClient.java:onNext(255)) - client-AC1CE418446C->edec9b8f-c318-426f-83f9-f44e945268a2: receive RaftClientReply:client-AC1CE418446C->edec9b8f-c318-426f-83f9-f44e945268a2@group-352661ED3FD5, cid=1069, SUCCESS, logIndex=1446, commits[edec9b8f-c318-426f-83f9-f44e945268a2:c1446, 02a03aee-1dd1-43c9-94ca-c76e2a537489:c1444, 9fb73170-bb25-48da-afcf-6f1f9e11598f:c1444]
2019-07-10 10:42:39,529 INFO  client.GrpcClientProtocolClient (GrpcClientProtocolClient.java:onNext(255)) - client-AC1CE418446C->edec9b8f-c318-426f-83f9-f44e945268a2: receive RaftClientReply:client-AC1CE418446C->edec9b8f-c318-426f-83f9-f44e945268a2@group-352661ED3FD5, cid=1070, SUCCESS, logIndex=0, commits[edec9b8f-c318-426f-83f9-f44e945268a2:c1447, 02a03aee-1dd1-43c9-94ca-c76e2a537489:c1446, 9fb73170-bb25-48da-afcf-6f1f9e11598f:c1446]
2019-07-10 10:42:39,550 INFO  client.GrpcClientProtocolClient (GrpcClientProtocolClient.java:onNext(255)) - client-AC1CE418446C->edec9b8f-c318-426f-83f9-f44e945268a2: receive RaftClientReply:client-AC1CE418446C->edec9b8f-c318-426f-83f9-f44e945268a2@group-352661ED3FD5, cid=1071, SUCCESS, logIndex=1449, commits[edec9b8f-c318-426f-83f9-f44e945268a2:c1450, 02a03aee-1dd1-43c9-94ca-c76e2a537489:c1448, 9fb73170-bb25-48da-afcf-6f1f9e11598f:c1448]
2019-07-10 10:42:39,550 INFO  client.GrpcClientProtocolClient (GrpcClientProtocolClient.java:onNext(255)) - client-AC1CE418446C->edec9b8f-c318-426f-83f9-f44e945268a2: receive RaftClientReply:client-AC1CE418446C->edec9b8f-c318-426f-83f9-f44e945268a2@group-352661ED3FD5, cid=1072, SUCCESS, logIndex=1450, commits[edec9b8f-c318-426f-83f9-f44e945268a2:c1452, 02a03aee-1dd1-43c9-94ca-c76e2a537489:c1448, 9fb73170-bb25-48da-afcf-6f1f9e11598f:c1448]
2019-07-10 10:42:39,551 INFO  client.GrpcClientProtocolClient (GrpcClientProtocolClient.java:onNext(255)) - client-AC1CE418446C->edec9b8f-c318-426f-83f9-f44e945268a2: receive RaftClientReply:client-AC1CE418446C->edec9b8f-c318-426f-83f9-f44e945268a2@group-352661ED3FD5, cid=1073, SUCCESS, logIndex=1451, commits[edec9b8f-c318-426f-83f9-f44e945268a2:c1452, 02a03aee-1dd1-43c9-94ca-c76e2a537489:c1448, 9fb73170-bb25-48da-afcf-6f1f9e11598f:c1448]
2019-07-10 10:42:39,551 INFO  client.GrpcClientProtocolClient (GrpcClientProtocolClient.java:onNext(255)) - client-AC1CE418446C->edec9b8f-c318-426f-83f9-f44e945268a2: receive RaftClientReply:client-AC1CE418446C->edec9b8f-c318-426f-83f9-f44e945268a2@group-352661ED3FD5, cid=1074, SUCCESS, logIndex=1452, commits[edec9b8f-c318-426f-83f9-f44e945268a2:c1452, 02a03aee-1dd1-43c9-94ca-c76e2a537489:c1448, 9fb73170-bb25-48da-afcf-6f1f9e11598f:c1448]
2019-07-10 10:42:39,566 INFO  client.GrpcClientProtocolClient (GrpcClientProtocolClient.java:onNext(255)) - client-AC1CE418446C->edec9b8f-c318-426f-83f9-f44e945268a2: receive RaftClientReply:client-AC1CE418446C->edec9b8f-c318-426f-83f9-f44e945268a2@group-352661ED3FD5, cid=1075, SUCCESS, logIndex=0, commits[edec9b8f-c318-426f-83f9-f44e945268a2:c1455, 02a03aee-1dd1-43c9-94ca-c76e2a537489:c1450, 9fb73170-bb25-48da-afcf-6f1f9e11598f:c1451]
2019-07-10 10:42:39,586 INFO  client.GrpcClientProtocolClient (GrpcClientProtocolClient.java:onNext(255)) - client-AC1CE418446C->edec9b8f-c318-426f-83f9-f44e945268a2: receive RaftClientReply:client-AC1CE418446C->edec9b8f-c318-426f-83f9-f44e945268a2@group-352661ED3FD5, cid=1076, SUCCESS, logIndex=1457, commits[edec9b8f-c318-426f-83f9-f44e945268a2:c1458, 02a03aee-1dd1-43c9-94ca-c76e2a537489:c1456, 9fb73170-bb25-48da-afcf-6f1f9e11598f:c1456]
2019-07-10 10:42:39,587 INFO  client.GrpcClientProtocolClient (GrpcClientProtocolClient.java:onNext(255)) - client-AC1CE418446C->edec9b8f-c318-426f-83f9-f44e945268a2: receive RaftClientReply:client-AC1CE418446C->edec9b8f-c318-426f-83f9-f44e945268a2@group-352661ED3FD5, cid=1077, SUCCESS, logIndex=1458, commits[edec9b8f-c318-426f-83f9-f44e945268a2:c1458, 02a03aee-1dd1-43c9-94ca-c76e2a537489:c1456, 9fb73170-bb25-48da-afcf-6f1f9e11598f:c1456]
2019-07-10 10:42:39,602 INFO  client.GrpcClientProtocolClient (GrpcClientProtocolClient.java:onNext(255)) - client-AC1CE418446C->edec9b8f-c318-426f-83f9-f44e945268a2: receive RaftClientReply:client-AC1CE418446C->edec9b8f-c318-426f-83f9-f44e945268a2@group-352661ED3FD5, cid=1078, SUCCESS, logIndex=1461, commits[edec9b8f-c318-426f-83f9-f44e945268a2:c1462, 02a03aee-1dd1-43c9-94ca-c76e2a537489:c1458, 9fb73170-bb25-48da-afcf-6f1f9e11598f:c1458]
2019-07-10 10:42:39,605 INFO  client.GrpcClientProtocolClient (GrpcClientProtocolClient.java:onNext(255)) - client-AC1CE418446C->edec9b8f-c318-426f-83f9-f44e945268a2: receive RaftClientReply:client-AC1CE418446C->edec9b8f-c318-426f-83f9-f44e945268a2@group-352661ED3FD5, cid=1079, SUCCESS, logIndex=1462, commits[edec9b8f-c318-426f-83f9-f44e945268a2:c1462, 02a03aee-1dd1-43c9-94ca-c76e2a537489:c1458, 9fb73170-bb25-48da-afcf-6f1f9e11598f:c1458]
2019-07-10 10:42:39,606 INFO  client.GrpcClientProtocolClient (GrpcClientProtocolClient.java:onNext(255)) - client-AC1CE418446C->edec9b8f-c318-426f-83f9-f44e945268a2: receive RaftClientReply:client-AC1CE418446C->edec9b8f-c318-426f-83f9-f44e945268a2@group-352661ED3FD5, cid=1080, SUCCESS, logIndex=0, commits[edec9b8f-c318-426f-83f9-f44e945268a2:c1463, 02a03aee-1dd1-43c9-94ca-c76e2a537489:c1462, 9fb73170-bb25-48da-afcf-6f1f9e11598f:c1462]
2019-07-10 10:42:39,627 INFO  client.GrpcClientProtocolClient (GrpcClientProtocolClient.java:onNext(255)) - client-AC1CE418446C->edec9b8f-c318-426f-83f9-f44e945268a2: receive RaftClientReply:client-AC1CE418446C->edec9b8f-c318-426f-83f9-f44e945268a2@group-352661ED3FD5, cid=1081, SUCCESS, logIndex=1465, commits[edec9b8f-c318-426f-83f9-f44e945268a2:c1467, 02a03aee-1dd1-43c9-94ca-c76e2a537489:c1464, 9fb73170-bb25-48da-afcf-6f1f9e11598f:c1464]
2019-07-10 10:42:39,628 INFO  client.GrpcClientProtocolClient (GrpcClientProtocolClient.java:onNext(255)) - client-AC1CE418446C->edec9b8f-c318-426f-83f9-f44e945268a2: receive RaftClientReply:client-AC1CE418446C->edec9b8f-c318-426f-83f9-f44e945268a2@group-352661ED3FD5, cid=1082, SUCCESS, logIndex=1466, commits[edec9b8f-c318-426f-83f9-f44e945268a2:c1468, 02a03aee-1dd1-43c9-94ca-c76e2a537489:c1464, 9fb73170-bb25-48da-afcf-6f1f9e11598f:c1464]
2019-07-10 10:42:39,629 INFO  client.GrpcClientProtocolClient (GrpcClientProtocolClient.java:onNext(255)) - client-AC1CE418446C->edec9b8f-c318-426f-83f9-f44e945268a2: receive RaftClientReply:client-AC1CE418446C->edec9b8f-c318-426f-83f9-f44e945268a2@group-352661ED3FD5, cid=1083, SUCCESS, logIndex=1467, commits[edec9b8f-c318-426f-83f9-f44e945268a2:c1468, 02a03aee-1dd1-43c9-94ca-c76e2a537489:c1464, 9fb73170-bb25-48da-afcf-6f1f9e11598f:c1464]
2019-07-10 10:42:39,629 INFO  client.GrpcClientProtocolClient (GrpcClientProtocolClient.java:onNext(255)) - client-AC1CE418446C->edec9b8f-c318-426f-83f9-f44e945268a2: receive RaftClientReply:client-AC1CE418446C->edec9b8f-c318-426f-83f9-f44e945268a2@group-352661ED3FD5, cid=1084, SUCCESS, logIndex=1468, commits[edec9b8f-c318-426f-83f9-f44e945268a2:c1468, 02a03aee-1dd1-43c9-94ca-c76e2a537489:c1464, 9fb73170-bb25-48da-afcf-6f1f9e11598f:c1464]
2019-07-10 10:42:39,642 INFO  client.GrpcClientProtocolClient (GrpcClientProtocolClient.java:onNext(255)) - client-AC1CE418446C->edec9b8f-c318-426f-83f9-f44e945268a2: receive RaftClientReply:client-AC1CE418446C->edec9b8f-c318-426f-83f9-f44e945268a2@group-352661ED3FD5, cid=1085, SUCCESS, logIndex=0, commits[edec9b8f-c318-426f-83f9-f44e945268a2:c1472, 02a03aee-1dd1-43c9-94ca-c76e2a537489:c1466, 9fb73170-bb25-48da-afcf-6f1f9e11598f:c1468]
2019-07-10 10:42:39,657 INFO  client.GrpcClientProtocolClient (GrpcClientProtocolClient.java:onNext(255)) - client-AC1CE418446C->edec9b8f-c318-426f-83f9-f44e945268a2: receive RaftClientReply:client-AC1CE418446C->edec9b8f-c318-426f-83f9-f44e945268a2@group-352661ED3FD5, cid=1086, SUCCESS, logIndex=1473, commits[edec9b8f-c318-426f-83f9-f44e945268a2:c1474, 02a03aee-1dd1-43c9-94ca-c76e2a537489:c1472, 9fb73170-bb25-48da-afcf-6f1f9e11598f:c1472]
2019-07-10 10:42:39,658 INFO  client.GrpcClientProtocolClient (GrpcClientProtocolClient.java:onNext(255)) - client-AC1CE418446C->edec9b8f-c318-426f-83f9-f44e945268a2: receive RaftClientReply:client-AC1CE418446C->edec9b8f-c318-426f-83f9-f44e945268a2@group-352661ED3FD5, cid=1087, SUCCESS, logIndex=1474, commits[edec9b8f-c318-426f-83f9-f44e945268a2:c1474, 02a03aee-1dd1-43c9-94ca-c76e2a537489:c1472, 9fb73170-bb25-48da-afcf-6f1f9e11598f:c1472]
2019-07-10 10:42:39,672 INFO  client.GrpcClientProtocolClient (GrpcClientProtocolClient.java:onNext(255)) - client-AC1CE418446C->edec9b8f-c318-426f-83f9-f44e945268a2: receive RaftClientReply:client-AC1CE418446C->edec9b8f-c318-426f-83f9-f44e945268a2@group-352661ED3FD5, cid=1088, SUCCESS, logIndex=1477, commits[edec9b8f-c318-426f-83f9-f44e945268a2:c1478, 02a03aee-1dd1-43c9-94ca-c76e2a537489:c1474, 9fb73170-bb25-48da-afcf-6f1f9e11598f:c1474]
2019-07-10 10:42:39,673 INFO  client.GrpcClientProtocolClient (GrpcClientProtocolClient.java:onNext(255)) - client-AC1CE418446C->edec9b8f-c318-426f-83f9-f44e945268a2: receive RaftClientReply:client-AC1CE418446C->edec9b8f-c318-426f-83f9-f44e945268a2@group-352661ED3FD5, cid=1089, SUCCESS, logIndex=1478, commits[edec9b8f-c318-426f-83f9-f44e945268a2:c1478, 02a03aee-1dd1-43c9-94ca-c76e2a537489:c1474, 9fb73170-bb25-48da-afcf-6f1f9e11598f:c1474]
2019-07-10 10:42:39,685 INFO  client.GrpcClientProtocolClient (GrpcClientProtocolClient.java:onNext(255)) - client-AC1CE418446C->edec9b8f-c318-426f-83f9-f44e945268a2: receive RaftClientReply:client-AC1CE418446C->edec9b8f-c318-426f-83f9-f44e945268a2@group-352661ED3FD5, cid=1090, SUCCESS, logIndex=0, commits[edec9b8f-c318-426f-83f9-f44e945268a2:c1480, 02a03aee-1dd1-43c9-94ca-c76e2a537489:c1478, 9fb73170-bb25-48da-afcf-6f1f9e11598f:c1478]
2019-07-10 10:42:39,704 INFO  client.GrpcClientProtocolClient (GrpcClientProtocolClient.java:onNext(255)) - client-AC1CE418446C->edec9b8f-c318-426f-83f9-f44e945268a2: receive RaftClientReply:client-AC1CE418446C->edec9b8f-c318-426f-83f9-f44e945268a2@group-352661ED3FD5, cid=1091, SUCCESS, logIndex=1481, commits[edec9b8f-c318-426f-83f9-f44e945268a2:c1482, 02a03aee-1dd1-43c9-94ca-c76e2a537489:c1478, 9fb73170-bb25-48da-afcf-6f1f9e11598f:c1480]
2019-07-10 10:42:39,705 INFO  client.GrpcClientProtocolClient (GrpcClientProtocolClient.java:onNext(255)) - client-AC1CE418446C->edec9b8f-c318-426f-83f9-f44e945268a2: receive RaftClientReply:client-AC1CE418446C->edec9b8f-c318-426f-83f9-f44e945268a2@group-352661ED3FD5, cid=1092, SUCCESS, logIndex=1482, commits[edec9b8f-c318-426f-83f9-f44e945268a2:c1484, 02a03aee-1dd1-43c9-94ca-c76e2a537489:c1480, 9fb73170-bb25-48da-afcf-6f1f9e11598f:c1480]
2019-07-10 10:42:39,706 INFO  client.GrpcClientProtocolClient (GrpcClientProtocolClient.java:onNext(255)) - client-AC1CE418446C->edec9b8f-c318-426f-83f9-f44e945268a2: receive RaftClientReply:client-AC1CE418446C->edec9b8f-c318-426f-83f9-f44e945268a2@group-352661ED3FD5, cid=1093, SUCCESS, logIndex=1483, commits[edec9b8f-c318-426f-83f9-f44e945268a2:c1484, 02a03aee-1dd1-43c9-94ca-c76e2a537489:c1480, 9fb73170-bb25-48da-afcf-6f1f9e11598f:c1480]
2019-07-10 10:42:39,706 INFO  client.GrpcClientProtocolClient (GrpcClientProtocolClient.java:onNext(255)) - client-AC1CE418446C->edec9b8f-c318-426f-83f9-f44e945268a2: receive RaftClientReply:client-AC1CE418446C->edec9b8f-c318-426f-83f9-f44e945268a2@group-352661ED3FD5, cid=1094, SUCCESS, logIndex=1484, commits[edec9b8f-c318-426f-83f9-f44e945268a2:c1484, 02a03aee-1dd1-43c9-94ca-c76e2a537489:c1480, 9fb73170-bb25-48da-afcf-6f1f9e11598f:c1480]
2019-07-10 10:42:39,709 INFO  client.GrpcClientProtocolClient (GrpcClientProtocolClient.java:onNext(255)) - client-AC1CE418446C->edec9b8f-c318-426f-83f9-f44e945268a2: receive RaftClientReply:client-AC1CE418446C->edec9b8f-c318-426f-83f9-f44e945268a2@group-352661ED3FD5, cid=1095, SUCCESS, logIndex=0, commits[edec9b8f-c318-426f-83f9-f44e945268a2:c1487, 02a03aee-1dd1-43c9-94ca-c76e2a537489:c1483, 9fb73170-bb25-48da-afcf-6f1f9e11598f:c1482]
2019-07-10 10:42:39,733 INFO  client.GrpcClientProtocolClient (GrpcClientProtocolClient.java:onNext(255)) - client-AC1CE418446C->edec9b8f-c318-426f-83f9-f44e945268a2: receive RaftClientReply:client-AC1CE418446C->edec9b8f-c318-426f-83f9-f44e945268a2@group-352661ED3FD5, cid=1096, SUCCESS, logIndex=1489, commits[edec9b8f-c318-426f-83f9-f44e945268a2:c1490, 02a03aee-1dd1-43c9-94ca-c76e2a537489:c1488, 9fb73170-bb25-48da-afcf-6f1f9e11598f:c1488]
2019-07-10 10:42:39,733 INFO  client.GrpcClientProtocolClient (GrpcClientProtocolClient.java:onNext(255)) - client-AC1CE418446C->edec9b8f-c318-426f-83f9-f44e945268a2: receive RaftClientReply:client-AC1CE418446C->edec9b8f-c318-426f-83f9-f44e945268a2@group-352661ED3FD5, cid=1097, SUCCESS, logIndex=1490, commits[edec9b8f-c318-426f-83f9-f44e945268a2:c1490, 02a03aee-1dd1-43c9-94ca-c76e2a537489:c1488, 9fb73170-bb25-48da-afcf-6f1f9e11598f:c1488]
2019-07-10 10:42:39,747 INFO  client.GrpcClientProtocolClient (GrpcClientProtocolClient.java:onNext(255)) - client-AC1CE418446C->edec9b8f-c318-426f-83f9-f44e945268a2: receive RaftClientReply:client-AC1CE418446C->edec9b8f-c318-426f-83f9-f44e945268a2@group-352661ED3FD5, cid=1098, SUCCESS, logIndex=1493, commits[edec9b8f-c318-426f-83f9-f44e945268a2:c1494, 02a03aee-1dd1-43c9-94ca-c76e2a537489:c1490, 9fb73170-bb25-48da-afcf-6f1f9e11598f:c1490]
2019-07-10 10:42:39,748 INFO  client.GrpcClientProtocolClient (GrpcClientProtocolClient.java:onNext(255)) - client-AC1CE418446C->edec9b8f-c318-426f-83f9-f44e945268a2: receive RaftClientReply:client-AC1CE418446C->edec9b8f-c318-426f-83f9-f44e945268a2@group-352661ED3FD5, cid=1099, SUCCESS, logIndex=1494, commits[edec9b8f-c318-426f-83f9-f44e945268a2:c1494, 02a03aee-1dd1-43c9-94ca-c76e2a537489:c1490, 9fb73170-bb25-48da-afcf-6f1f9e11598f:c1490]
2019-07-10 10:42:39,772 INFO  client.GrpcClientProtocolClient (GrpcClientProtocolClient.java:onNext(255)) - client-AC1CE418446C->edec9b8f-c318-426f-83f9-f44e945268a2: receive RaftClientReply:client-AC1CE418446C->edec9b8f-c318-426f-83f9-f44e945268a2@group-352661ED3FD5, cid=1100, SUCCESS, logIndex=0, commits[edec9b8f-c318-426f-83f9-f44e945268a2:c1496, 02a03aee-1dd1-43c9-94ca-c76e2a537489:c1494, 9fb73170-bb25-48da-afcf-6f1f9e11598f:c1494]
2019-07-10 10:42:39,793 INFO  client.GrpcClientProtocolClient (GrpcClientProtocolClient.java:onNext(255)) - client-AC1CE418446C->edec9b8f-c318-426f-83f9-f44e945268a2: receive RaftClientReply:client-AC1CE418446C->edec9b8f-c318-426f-83f9-f44e945268a2@group-352661ED3FD5, cid=1101, SUCCESS, logIndex=1497, commits[edec9b8f-c318-426f-83f9-f44e945268a2:c1498, 02a03aee-1dd1-43c9-94ca-c76e2a537489:c1496, 9fb73170-bb25-48da-afcf-6f1f9e11598f:c1496]
2019-07-10 10:42:39,794 INFO  client.GrpcClientProtocolClient (GrpcClientProtocolClient.java:onNext(255)) - client-AC1CE418446C->edec9b8f-c318-426f-83f9-f44e945268a2: receive RaftClientReply:client-AC1CE418446C->edec9b8f-c318-426f-83f9-f44e945268a2@group-352661ED3FD5, cid=1102, SUCCESS, logIndex=1498, commits[edec9b8f-c318-426f-83f9-f44e945268a2:c1498, 02a03aee-1dd1-43c9-94ca-c76e2a537489:c1496, 9fb73170-bb25-48da-afcf-6f1f9e11598f:c1496]
2019-07-10 10:42:39,803 INFO  client.GrpcClientProtocolClient (GrpcClientProtocolClient.java:onNext(255)) - client-AC1CE418446C->edec9b8f-c318-426f-83f9-f44e945268a2: receive RaftClientReply:client-AC1CE418446C->edec9b8f-c318-426f-83f9-f44e945268a2@group-352661ED3FD5, cid=1103, SUCCESS, logIndex=1499, commits[edec9b8f-c318-426f-83f9-f44e945268a2:c1500, 02a03aee-1dd1-43c9-94ca-c76e2a537489:c1496, 9fb73170-bb25-48da-afcf-6f1f9e11598f:c1496]
2019-07-10 10:42:39,803 INFO  client.GrpcClientProtocolClient (GrpcClientProtocolClient.java:onNext(255)) - client-AC1CE418446C->edec9b8f-c318-426f-83f9-f44e945268a2: receive RaftClientReply:client-AC1CE418446C->edec9b8f-c318-426f-83f9-f44e945268a2@group-352661ED3FD5, cid=1104, SUCCESS, logIndex=1500, commits[edec9b8f-c318-426f-83f9-f44e945268a2:c1500, 02a03aee-1dd1-43c9-94ca-c76e2a537489:c1496, 9fb73170-bb25-48da-afcf-6f1f9e11598f:c1496]
2019-07-10 10:42:39,807 INFO  client.GrpcClientProtocolClient (GrpcClientProtocolClient.java:onNext(255)) - client-AC1CE418446C->edec9b8f-c318-426f-83f9-f44e945268a2: receive RaftClientReply:client-AC1CE418446C->edec9b8f-c318-426f-83f9-f44e945268a2@group-352661ED3FD5, cid=1105, SUCCESS, logIndex=0, commits[edec9b8f-c318-426f-83f9-f44e945268a2:c1502, 02a03aee-1dd1-43c9-94ca-c76e2a537489:c1498, 9fb73170-bb25-48da-afcf-6f1f9e11598f:c1498]
2019-07-10 10:42:39,818 INFO  client.GrpcClientProtocolClient (GrpcClientProtocolClient.java:onNext(255)) - client-AC1CE418446C->edec9b8f-c318-426f-83f9-f44e945268a2: receive RaftClientReply:client-AC1CE418446C->edec9b8f-c318-426f-83f9-f44e945268a2@group-352661ED3FD5, cid=1106, SUCCESS, logIndex=1505, commits[edec9b8f-c318-426f-83f9-f44e945268a2:c1506, 02a03aee-1dd1-43c9-94ca-c76e2a537489:c1498, 9fb73170-bb25-48da-afcf-6f1f9e11598f:c1504]
2019-07-10 10:42:39,819 INFO  client.GrpcClientProtocolClient (GrpcClientProtocolClient.java:onNext(255)) - client-AC1CE418446C->edec9b8f-c318-426f-83f9-f44e945268a2: receive RaftClientReply:client-AC1CE418446C->edec9b8f-c318-426f-83f9-f44e945268a2@group-352661ED3FD5, cid=1107, SUCCESS, logIndex=1506, commits[edec9b8f-c318-426f-83f9-f44e945268a2:c1506, 02a03aee-1dd1-43c9-94ca-c76e2a537489:c1504, 9fb73170-bb25-48da-afcf-6f1f9e11598f:c1504]
2019-07-10 10:42:39,828 INFO  client.GrpcClientProtocolClient (GrpcClientProtocolClient.java:onNext(255)) - client-AC1CE418446C->edec9b8f-c318-426f-83f9-f44e945268a2: receive RaftClientReply:client-AC1CE418446C->edec9b8f-c318-426f-83f9-f44e945268a2@group-352661ED3FD5, cid=1108, SUCCESS, logIndex=1509, commits[edec9b8f-c318-426f-83f9-f44e945268a2:c1510, 02a03aee-1dd1-43c9-94ca-c76e2a537489:c1506, 9fb73170-bb25-48da-afcf-6f1f9e11598f:c1508]
2019-07-10 10:42:39,828 INFO  client.GrpcClientProtocolClient (GrpcClientProtocolClient.java:onNext(255)) - client-AC1CE418446C->edec9b8f-c318-426f-83f9-f44e945268a2: receive RaftClientReply:client-AC1CE418446C->edec9b8f-c318-426f-83f9-f44e945268a2@group-352661ED3FD5, cid=1109, SUCCESS, logIndex=1510, commits[edec9b8f-c318-426f-83f9-f44e945268a2:c1510, 02a03aee-1dd1-43c9-94ca-c76e2a537489:c1506, 9fb73170-bb25-48da-afcf-6f1f9e11598f:c1508]
2019-07-10 10:42:39,831 INFO  client.GrpcClientProtocolClient (GrpcClientProtocolClient.java:onNext(255)) - client-AC1CE418446C->edec9b8f-c318-426f-83f9-f44e945268a2: receive RaftClientReply:client-AC1CE418446C->edec9b8f-c318-426f-83f9-f44e945268a2@group-352661ED3FD5, cid=1110, SUCCESS, logIndex=0, commits[edec9b8f-c318-426f-83f9-f44e945268a2:c1511, 02a03aee-1dd1-43c9-94ca-c76e2a537489:c1510, 9fb73170-bb25-48da-afcf-6f1f9e11598f:c1510]
2019-07-10 10:42:39,843 INFO  client.GrpcClientProtocolClient (GrpcClientProtocolClient.java:onNext(255)) - client-AC1CE418446C->edec9b8f-c318-426f-83f9-f44e945268a2: receive RaftClientReply:client-AC1CE418446C->edec9b8f-c318-426f-83f9-f44e945268a2@group-352661ED3FD5, cid=1111, SUCCESS, logIndex=1513, commits[edec9b8f-c318-426f-83f9-f44e945268a2:c1514, 02a03aee-1dd1-43c9-94ca-c76e2a537489:c1510, 9fb73170-bb25-48da-afcf-6f1f9e11598f:c1512]
2019-07-10 10:42:39,843 INFO  client.GrpcClientProtocolClient (GrpcClientProtocolClient.java:onNext(255)) - client-AC1CE418446C->edec9b8f-c318-426f-83f9-f44e945268a2: receive RaftClientReply:client-AC1CE418446C->edec9b8f-c318-426f-83f9-f44e945268a2@group-352661ED3FD5, cid=1112, SUCCESS, logIndex=1514, commits[edec9b8f-c318-426f-83f9-f44e945268a2:c1514, 02a03aee-1dd1-43c9-94ca-c76e2a537489:c1510, 9fb73170-bb25-48da-afcf-6f1f9e11598f:c1512]
2019-07-10 10:42:39,844 INFO  client.GrpcClientProtocolClient (GrpcClientProtocolClient.java:onNext(255)) - client-AC1CE418446C->edec9b8f-c318-426f-83f9-f44e945268a2: receive RaftClientReply:client-AC1CE418446C->edec9b8f-c318-426f-83f9-f44e945268a2@group-352661ED3FD5, cid=1113, SUCCESS, logIndex=1515, commits[edec9b8f-c318-426f-83f9-f44e945268a2:c1516, 02a03aee-1dd1-43c9-94ca-c76e2a537489:c1510, 9fb73170-bb25-48da-afcf-6f1f9e11598f:c1512]
2019-07-10 10:42:39,845 INFO  client.GrpcClientProtocolClient (GrpcClientProtocolClient.java:onNext(255)) - client-AC1CE418446C->edec9b8f-c318-426f-83f9-f44e945268a2: receive RaftClientReply:client-AC1CE418446C->edec9b8f-c318-426f-83f9-f44e945268a2@group-352661ED3FD5, cid=1114, SUCCESS, logIndex=1516, commits[edec9b8f-c318-426f-83f9-f44e945268a2:c1516, 02a03aee-1dd1-43c9-94ca-c76e2a537489:c1512, 9fb73170-bb25-48da-afcf-6f1f9e11598f:c1512]
2019-07-10 10:42:39,847 INFO  client.GrpcClientProtocolClient (GrpcClientProtocolClient.java:onNext(255)) - client-AC1CE418446C->edec9b8f-c318-426f-83f9-f44e945268a2: receive RaftClientReply:client-AC1CE418446C->edec9b8f-c318-426f-83f9-f44e945268a2@group-352661ED3FD5, cid=1115, SUCCESS, logIndex=0, commits[edec9b8f-c318-426f-83f9-f44e945268a2:c1518, 02a03aee-1dd1-43c9-94ca-c76e2a537489:c1514, 9fb73170-bb25-48da-afcf-6f1f9e11598f:c1514]
2019-07-10 10:42:39,860 INFO  client.GrpcClientProtocolClient (GrpcClientProtocolClient.java:onNext(255)) - client-AC1CE418446C->edec9b8f-c318-426f-83f9-f44e945268a2: receive RaftClientReply:client-AC1CE418446C->edec9b8f-c318-426f-83f9-f44e945268a2@group-352661ED3FD5, cid=1116, SUCCESS, logIndex=1521, commits[edec9b8f-c318-426f-83f9-f44e945268a2:c1522, 02a03aee-1dd1-43c9-94ca-c76e2a537489:c1516, 9fb73170-bb25-48da-afcf-6f1f9e11598f:c1520]
2019-07-10 10:42:39,861 INFO  client.GrpcClientProtocolClient (GrpcClientProtocolClient.java:onNext(255)) - client-AC1CE418446C->edec9b8f-c318-426f-83f9-f44e945268a2: receive RaftClientReply:client-AC1CE418446C->edec9b8f-c318-426f-83f9-f44e945268a2@group-352661ED3FD5, cid=1117, SUCCESS, logIndex=1522, commits[edec9b8f-c318-426f-83f9-f44e945268a2:c1522, 02a03aee-1dd1-43c9-94ca-c76e2a537489:c1520, 9fb73170-bb25-48da-afcf-6f1f9e11598f:c1520]
2019-07-10 10:42:39,886 INFO  client.GrpcClientProtocolClient (GrpcClientProtocolClient.java:onNext(255)) - client-AC1CE418446C->edec9b8f-c318-426f-83f9-f44e945268a2: receive RaftClientReply:client-AC1CE418446C->edec9b8f-c318-426f-83f9-f44e945268a2@group-352661ED3FD5, cid=1118, SUCCESS, logIndex=1525, commits[edec9b8f-c318-426f-83f9-f44e945268a2:c1526, 02a03aee-1dd1-43c9-94ca-c76e2a537489:c1524, 9fb73170-bb25-48da-afcf-6f1f9e11598f:c1524]
2019-07-10 10:42:39,887 INFO  client.GrpcClientProtocolClient (GrpcClientProtocolClient.java:onNext(255)) - client-AC1CE418446C->edec9b8f-c318-426f-83f9-f44e945268a2: receive RaftClientReply:client-AC1CE418446C->edec9b8f-c318-426f-83f9-f44e945268a2@group-352661ED3FD5, cid=1119, SUCCESS, logIndex=1526, commits[edec9b8f-c318-426f-83f9-f44e945268a2:c1526, 02a03aee-1dd1-43c9-94ca-c76e2a537489:c1524, 9fb73170-bb25-48da-afcf-6f1f9e11598f:c1524]
2019-07-10 10:42:39,900 INFO  client.GrpcClientProtocolClient (GrpcClientProtocolClient.java:onNext(255)) - client-AC1CE418446C->edec9b8f-c318-426f-83f9-f44e945268a2: receive RaftClientReply:client-AC1CE418446C->edec9b8f-c318-426f-83f9-f44e945268a2@group-352661ED3FD5, cid=1120, SUCCESS, logIndex=0, commits[edec9b8f-c318-426f-83f9-f44e945268a2:c1528, 02a03aee-1dd1-43c9-94ca-c76e2a537489:c1526, 9fb73170-bb25-48da-afcf-6f1f9e11598f:c1526]
2019-07-10 10:42:39,921 INFO  client.GrpcClientProtocolClient (GrpcClientProtocolClient.java:onNext(255)) - client-AC1CE418446C->edec9b8f-c318-426f-83f9-f44e945268a2: receive RaftClientReply:client-AC1CE418446C->edec9b8f-c318-426f-83f9-f44e945268a2@group-352661ED3FD5, cid=1121, SUCCESS, logIndex=1529, commits[edec9b8f-c318-426f-83f9-f44e945268a2:c1531, 02a03aee-1dd1-43c9-94ca-c76e2a537489:c1528, 9fb73170-bb25-48da-afcf-6f1f9e11598f:c1528]
2019-07-10 10:42:39,922 INFO  client.GrpcClientProtocolClient (GrpcClientProtocolClient.java:onNext(255)) - client-AC1CE418446C->edec9b8f-c318-426f-83f9-f44e945268a2: receive RaftClientReply:client-AC1CE418446C->edec9b8f-c318-426f-83f9-f44e945268a2@group-352661ED3FD5, cid=1122, SUCCESS, logIndex=1530, commits[edec9b8f-c318-426f-83f9-f44e945268a2:c1532, 02a03aee-1dd1-43c9-94ca-c76e2a537489:c1528, 9fb73170-bb25-48da-afcf-6f1f9e11598f:c1528]
2019-07-10 10:42:39,922 INFO  client.GrpcClientProtocolClient (GrpcClientProtocolClient.java:onNext(255)) - client-AC1CE418446C->edec9b8f-c318-426f-83f9-f44e945268a2: receive RaftClientReply:client-AC1CE418446C->edec9b8f-c318-426f-83f9-f44e945268a2@group-352661ED3FD5, cid=1123, SUCCESS, logIndex=1531, commits[edec9b8f-c318-426f-83f9-f44e945268a2:c1532, 02a03aee-1dd1-43c9-94ca-c76e2a537489:c1528, 9fb73170-bb25-48da-afcf-6f1f9e11598f:c1528]
2019-07-10 10:42:39,922 INFO  client.GrpcClientProtocolClient (GrpcClientProtocolClient.java:onNext(255)) - client-AC1CE418446C->edec9b8f-c318-426f-83f9-f44e945268a2: receive RaftClientReply:client-AC1CE418446C->edec9b8f-c318-426f-83f9-f44e945268a2@group-352661ED3FD5, cid=1124, SUCCESS, logIndex=1532, commits[edec9b8f-c318-426f-83f9-f44e945268a2:c1532, 02a03aee-1dd1-43c9-94ca-c76e2a537489:c1528, 9fb73170-bb25-48da-afcf-6f1f9e11598f:c1528]
2019-07-10 10:42:39,924 INFO  client.GrpcClientProtocolClient (GrpcClientProtocolClient.java:onNext(255)) - client-AC1CE418446C->edec9b8f-c318-426f-83f9-f44e945268a2: receive RaftClientReply:client-AC1CE418446C->edec9b8f-c318-426f-83f9-f44e945268a2@group-352661ED3FD5, cid=1125, SUCCESS, logIndex=0, commits[edec9b8f-c318-426f-83f9-f44e945268a2:c1533, 02a03aee-1dd1-43c9-94ca-c76e2a537489:c1530, 9fb73170-bb25-48da-afcf-6f1f9e11598f:c1530]
2019-07-10 10:42:39,937 INFO  client.GrpcClientProtocolClient (GrpcClientProtocolClient.java:onNext(255)) - client-AC1CE418446C->edec9b8f-c318-426f-83f9-f44e945268a2: receive RaftClientReply:client-AC1CE418446C->edec9b8f-c318-426f-83f9-f44e945268a2@group-352661ED3FD5, cid=1126, SUCCESS, logIndex=1537, commits[edec9b8f-c318-426f-83f9-f44e945268a2:c1538, 02a03aee-1dd1-43c9-94ca-c76e2a537489:c1533, 9fb73170-bb25-48da-afcf-6f1f9e11598f:c1532]
2019-07-10 10:42:39,937 INFO  client.GrpcClientProtocolClient (GrpcClientProtocolClient.java:onNext(255)) - client-AC1CE418446C->edec9b8f-c318-426f-83f9-f44e945268a2: receive RaftClientReply:client-AC1CE418446C->edec9b8f-c318-426f-83f9-f44e945268a2@group-352661ED3FD5, cid=1127, SUCCESS, logIndex=1538, commits[edec9b8f-c318-426f-83f9-f44e945268a2:c1538, 02a03aee-1dd1-43c9-94ca-c76e2a537489:c1533, 9fb73170-bb25-48da-afcf-6f1f9e11598f:c1533]
2019-07-10 10:42:39,953 INFO  client.GrpcClientProtocolClient (GrpcClientProtocolClient.java:onNext(255)) - client-AC1CE418446C->edec9b8f-c318-426f-83f9-f44e945268a2: receive RaftClientReply:client-AC1CE418446C->edec9b8f-c318-426f-83f9-f44e945268a2@group-352661ED3FD5, cid=1128, SUCCESS, logIndex=1541, commits[edec9b8f-c318-426f-83f9-f44e945268a2:c1542, 02a03aee-1dd1-43c9-94ca-c76e2a537489:c1538, 9fb73170-bb25-48da-afcf-6f1f9e11598f:c1539]
2019-07-10 10:42:39,953 INFO  client.GrpcClientProtocolClient (GrpcClientProtocolClient.java:onNext(255)) - client-AC1CE418446C->edec9b8f-c318-426f-83f9-f44e945268a2: receive RaftClientReply:client-AC1CE418446C->edec9b8f-c318-426f-83f9-f44e945268a2@group-352661ED3FD5, cid=1129, SUCCESS, logIndex=1542, commits[edec9b8f-c318-426f-83f9-f44e945268a2:c1542, 02a03aee-1dd1-43c9-94ca-c76e2a537489:c1539, 9fb73170-bb25-48da-afcf-6f1f9e11598f:c1539]
2019-07-10 10:42:39,967 INFO  client.GrpcClientProtocolClient (GrpcClientProtocolClient.java:onNext(255)) - client-AC1CE418446C->edec9b8f-c318-426f-83f9-f44e945268a2: receive RaftClientReply:client-AC1CE418446C->edec9b8f-c318-426f-83f9-f44e945268a2@group-352661ED3FD5, cid=1130, SUCCESS, logIndex=0, commits[edec9b8f-c318-426f-83f9-f44e945268a2:c1543, 02a03aee-1dd1-43c9-94ca-c76e2a537489:c1542, 9fb73170-bb25-48da-afcf-6f1f9e11598f:c1542]
 0.00% |█                                                                                                    |  0/1 Time: 0:00:062019-07-10 10:42:40,095 INFO  client.GrpcClientProtocolClient (GrpcClientProtocolClient.java:onNext(255)) - client-AC1CE418446C->edec9b8f-c318-426f-83f9-f44e945268a2: receive RaftClientReply:client-AC1CE418446C->edec9b8f-c318-426f-83f9-f44e945268a2@group-352661ED3FD5, cid=1131, SUCCESS, logIndex=1545, commits[edec9b8f-c318-426f-83f9-f44e945268a2:c1546, 02a03aee-1dd1-43c9-94ca-c76e2a537489:c1544, 9fb73170-bb25-48da-afcf-6f1f9e11598f:c1544]
2019-07-10 10:42:40,095 INFO  client.GrpcClientProtocolClient (GrpcClientProtocolClient.java:onNext(255)) - client-AC1CE418446C->edec9b8f-c318-426f-83f9-f44e945268a2: receive RaftClientReply:client-AC1CE418446C->edec9b8f-c318-426f-83f9-f44e945268a2@group-352661ED3FD5, cid=1132, SUCCESS, logIndex=1546, commits[edec9b8f-c318-426f-83f9-f44e945268a2:c1548, 02a03aee-1dd1-43c9-94ca-c76e2a537489:c1544, 9fb73170-bb25-48da-afcf-6f1f9e11598f:c1544]
2019-07-10 10:42:40,096 INFO  client.GrpcClientProtocolClient (GrpcClientProtocolClient.java:onNext(255)) - client-AC1CE418446C->edec9b8f-c318-426f-83f9-f44e945268a2: receive RaftClientReply:client-AC1CE418446C->edec9b8f-c318-426f-83f9-f44e945268a2@group-352661ED3FD5, cid=1133, SUCCESS, logIndex=1547, commits[edec9b8f-c318-426f-83f9-f44e945268a2:c1548, 02a03aee-1dd1-43c9-94ca-c76e2a537489:c1544, 9fb73170-bb25-48da-afcf-6f1f9e11598f:c1544]
2019-07-10 10:42:40,096 INFO  client.GrpcClientProtocolClient (GrpcClientProtocolClient.java:onNext(255)) - client-AC1CE418446C->edec9b8f-c318-426f-83f9-f44e945268a2: receive RaftClientReply:client-AC1CE418446C->edec9b8f-c318-426f-83f9-f44e945268a2@group-352661ED3FD5, cid=1134, SUCCESS, logIndex=1548, commits[edec9b8f-c318-426f-83f9-f44e945268a2:c1548, 02a03aee-1dd1-43c9-94ca-c76e2a537489:c1544, 9fb73170-bb25-48da-afcf-6f1f9e11598f:c1544]
2019-07-10 10:42:40,109 INFO  client.GrpcClientProtocolClient (GrpcClientProtocolClient.java:onNext(255)) - client-AC1CE418446C->edec9b8f-c318-426f-83f9-f44e945268a2: receive RaftClientReply:client-AC1CE418446C->edec9b8f-c318-426f-83f9-f44e945268a2@group-352661ED3FD5, cid=1135, SUCCESS, logIndex=0, commits[edec9b8f-c318-426f-83f9-f44e945268a2:c1550, 02a03aee-1dd1-43c9-94ca-c76e2a537489:c1546, 9fb73170-bb25-48da-afcf-6f1f9e11598f:c1546]
2019-07-10 10:42:40,146 INFO  client.GrpcClientProtocolClient (GrpcClientProtocolClient.java:onNext(255)) - client-AC1CE418446C->edec9b8f-c318-426f-83f9-f44e945268a2: receive RaftClientReply:client-AC1CE418446C->edec9b8f-c318-426f-83f9-f44e945268a2@group-352661ED3FD5, cid=1136, SUCCESS, logIndex=1553, commits[edec9b8f-c318-426f-83f9-f44e945268a2:c1554, 02a03aee-1dd1-43c9-94ca-c76e2a537489:c1552, 9fb73170-bb25-48da-afcf-6f1f9e11598f:c1552]
2019-07-10 10:42:40,146 INFO  client.GrpcClientProtocolClient (GrpcClientProtocolClient.java:onNext(255)) - client-AC1CE418446C->edec9b8f-c318-426f-83f9-f44e945268a2: receive RaftClientReply:client-AC1CE418446C->edec9b8f-c318-426f-83f9-f44e945268a2@group-352661ED3FD5, cid=1137, SUCCESS, logIndex=1554, commits[edec9b8f-c318-426f-83f9-f44e945268a2:c1554, 02a03aee-1dd1-43c9-94ca-c76e2a537489:c1552, 9fb73170-bb25-48da-afcf-6f1f9e11598f:c1552]
2019-07-10 10:42:40,169 INFO  client.GrpcClientProtocolClient (GrpcClientProtocolClient.java:onNext(255)) - client-AC1CE418446C->edec9b8f-c318-426f-83f9-f44e945268a2: receive RaftClientReply:client-AC1CE418446C->edec9b8f-c318-426f-83f9-f44e945268a2@group-352661ED3FD5, cid=1138, SUCCESS, logIndex=1557, commits[edec9b8f-c318-426f-83f9-f44e945268a2:c1558, 02a03aee-1dd1-43c9-94ca-c76e2a537489:c1553, 9fb73170-bb25-48da-afcf-6f1f9e11598f:c1554]
2019-07-10 10:42:40,170 INFO  client.GrpcClientProtocolClient (GrpcClientProtocolClient.java:onNext(255)) - client-AC1CE418446C->edec9b8f-c318-426f-83f9-f44e945268a2: receive RaftClientReply:client-AC1CE418446C->edec9b8f-c318-426f-83f9-f44e945268a2@group-352661ED3FD5, cid=1139, SUCCESS, logIndex=1558, commits[edec9b8f-c318-426f-83f9-f44e945268a2:c1558, 02a03aee-1dd1-43c9-94ca-c76e2a537489:c1554, 9fb73170-bb25-48da-afcf-6f1f9e11598f:c1554]
2019-07-10 10:42:40,172 INFO  client.GrpcClientProtocolClient (GrpcClientProtocolClient.java:onNext(255)) - client-AC1CE418446C->edec9b8f-c318-426f-83f9-f44e945268a2: receive RaftClientReply:client-AC1CE418446C->edec9b8f-c318-426f-83f9-f44e945268a2@group-352661ED3FD5, cid=1140, SUCCESS, logIndex=0, commits[edec9b8f-c318-426f-83f9-f44e945268a2:c1560, 02a03aee-1dd1-43c9-94ca-c76e2a537489:c1558, 9fb73170-bb25-48da-afcf-6f1f9e11598f:c1558]
2019-07-10 10:42:40,193 INFO  client.GrpcClientProtocolClient (GrpcClientProtocolClient.java:onNext(255)) - client-AC1CE418446C->edec9b8f-c318-426f-83f9-f44e945268a2: receive RaftClientReply:client-AC1CE418446C->edec9b8f-c318-426f-83f9-f44e945268a2@group-352661ED3FD5, cid=1141, SUCCESS, logIndex=1561, commits[edec9b8f-c318-426f-83f9-f44e945268a2:c1562, 02a03aee-1dd1-43c9-94ca-c76e2a537489:c1560, 9fb73170-bb25-48da-afcf-6f1f9e11598f:c1560]
2019-07-10 10:42:40,194 INFO  client.GrpcClientProtocolClient (GrpcClientProtocolClient.java:onNext(255)) - client-AC1CE418446C->edec9b8f-c318-426f-83f9-f44e945268a2: receive RaftClientReply:client-AC1CE418446C->edec9b8f-c318-426f-83f9-f44e945268a2@group-352661ED3FD5, cid=1142, SUCCESS, logIndex=1562, commits[edec9b8f-c318-426f-83f9-f44e945268a2:c1562, 02a03aee-1dd1-43c9-94ca-c76e2a537489:c1560, 9fb73170-bb25-48da-afcf-6f1f9e11598f:c1560]
2019-07-10 10:42:40,194 INFO  client.GrpcClientProtocolClient (GrpcClientProtocolClient.java:onNext(255)) - client-AC1CE418446C->edec9b8f-c318-426f-83f9-f44e945268a2: receive RaftClientReply:client-AC1CE418446C->edec9b8f-c318-426f-83f9-f44e945268a2@group-352661ED3FD5, cid=1143, SUCCESS, logIndex=1563, commits[edec9b8f-c318-426f-83f9-f44e945268a2:c1563, 02a03aee-1dd1-43c9-94ca-c76e2a537489:c1560, 9fb73170-bb25-48da-afcf-6f1f9e11598f:c1560]
2019-07-10 10:42:40,195 INFO  client.GrpcClientProtocolClient (GrpcClientProtocolClient.java:onNext(255)) - client-AC1CE418446C->edec9b8f-c318-426f-83f9-f44e945268a2: receive RaftClientReply:client-AC1CE418446C->edec9b8f-c318-426f-83f9-f44e945268a2@group-352661ED3FD5, cid=1144, SUCCESS, logIndex=1564, commits[edec9b8f-c318-426f-83f9-f44e945268a2:c1564, 02a03aee-1dd1-43c9-94ca-c76e2a537489:c1560, 9fb73170-bb25-48da-afcf-6f1f9e11598f:c1560]
2019-07-10 10:42:40,207 INFO  client.GrpcClientProtocolClient (GrpcClientProtocolClient.java:onNext(255)) - client-AC1CE418446C->edec9b8f-c318-426f-83f9-f44e945268a2: receive RaftClientReply:client-AC1CE418446C->edec9b8f-c318-426f-83f9-f44e945268a2@group-352661ED3FD5, cid=1145, SUCCESS, logIndex=0, commits[edec9b8f-c318-426f-83f9-f44e945268a2:c1566, 02a03aee-1dd1-43c9-94ca-c76e2a537489:c1562, 9fb73170-bb25-48da-afcf-6f1f9e11598f:c1562]
2019-07-10 10:42:40,234 INFO  client.GrpcClientProtocolClient (GrpcClientProtocolClient.java:onNext(255)) - client-AC1CE418446C->edec9b8f-c318-426f-83f9-f44e945268a2: receive RaftClientReply:client-AC1CE418446C->edec9b8f-c318-426f-83f9-f44e945268a2@group-352661ED3FD5, cid=1146, SUCCESS, logIndex=1569, commits[edec9b8f-c318-426f-83f9-f44e945268a2:c1570, 02a03aee-1dd1-43c9-94ca-c76e2a537489:c1568, 9fb73170-bb25-48da-afcf-6f1f9e11598f:c1568]
2019-07-10 10:42:40,234 INFO  client.GrpcClientProtocolClient (GrpcClientProtocolClient.java:onNext(255)) - client-AC1CE418446C->edec9b8f-c318-426f-83f9-f44e945268a2: receive RaftClientReply:client-AC1CE418446C->edec9b8f-c318-426f-83f9-f44e945268a2@group-352661ED3FD5, cid=1147, SUCCESS, logIndex=1570, commits[edec9b8f-c318-426f-83f9-f44e945268a2:c1570, 02a03aee-1dd1-43c9-94ca-c76e2a537489:c1568, 9fb73170-bb25-48da-afcf-6f1f9e11598f:c1568]
2019-07-10 10:42:40,261 INFO  client.GrpcClientProtocolClient (GrpcClientProtocolClient.java:onNext(255)) - client-AC1CE418446C->edec9b8f-c318-426f-83f9-f44e945268a2: receive RaftClientReply:client-AC1CE418446C->edec9b8f-c318-426f-83f9-f44e945268a2@group-352661ED3FD5, cid=1148, SUCCESS, logIndex=1573, commits[edec9b8f-c318-426f-83f9-f44e945268a2:c1574, 02a03aee-1dd1-43c9-94ca-c76e2a537489:c1570, 9fb73170-bb25-48da-afcf-6f1f9e11598f:c1570]
2019-07-10 10:42:40,261 INFO  client.GrpcClientProtocolClient (GrpcClientProtocolClient.java:onNext(255)) - client-AC1CE418446C->edec9b8f-c318-426f-83f9-f44e945268a2: receive RaftClientReply:client-AC1CE418446C->edec9b8f-c318-426f-83f9-f44e945268a2@group-352661ED3FD5, cid=1149, SUCCESS, logIndex=1574, commits[edec9b8f-c318-426f-83f9-f44e945268a2:c1574, 02a03aee-1dd1-43c9-94ca-c76e2a537489:c1570, 9fb73170-bb25-48da-afcf-6f1f9e11598f:c1570]
2019-07-10 10:42:40,275 INFO  client.GrpcClientProtocolClient (GrpcClientProtocolClient.java:onNext(255)) - client-AC1CE418446C->edec9b8f-c318-426f-83f9-f44e945268a2: receive RaftClientReply:client-AC1CE418446C->edec9b8f-c318-426f-83f9-f44e945268a2@group-352661ED3FD5, cid=1150, SUCCESS, logIndex=0, commits[edec9b8f-c318-426f-83f9-f44e945268a2:c1575, 02a03aee-1dd1-43c9-94ca-c76e2a537489:c1574, 9fb73170-bb25-48da-afcf-6f1f9e11598f:c1574]
2019-07-10 10:42:40,297 INFO  client.GrpcClientProtocolClient (GrpcClientProtocolClient.java:onNext(255)) - client-AC1CE418446C->edec9b8f-c318-426f-83f9-f44e945268a2: receive RaftClientReply:client-AC1CE418446C->edec9b8f-c318-426f-83f9-f44e945268a2@group-352661ED3FD5, cid=1151, SUCCESS, logIndex=1577, commits[edec9b8f-c318-426f-83f9-f44e945268a2:c1580, 02a03aee-1dd1-43c9-94ca-c76e2a537489:c1576, 9fb73170-bb25-48da-afcf-6f1f9e11598f:c1576]
2019-07-10 10:42:40,297 INFO  client.GrpcClientProtocolClient (GrpcClientProtocolClient.java:onNext(255)) - client-AC1CE418446C->edec9b8f-c318-426f-83f9-f44e945268a2: receive RaftClientReply:client-AC1CE418446C->edec9b8f-c318-426f-83f9-f44e945268a2@group-352661ED3FD5, cid=1152, SUCCESS, logIndex=1578, commits[edec9b8f-c318-426f-83f9-f44e945268a2:c1580, 02a03aee-1dd1-43c9-94ca-c76e2a537489:c1576, 9fb73170-bb25-48da-afcf-6f1f9e11598f:c1576]
2019-07-10 10:42:40,298 INFO  client.GrpcClientProtocolClient (GrpcClientProtocolClient.java:onNext(255)) - client-AC1CE418446C->edec9b8f-c318-426f-83f9-f44e945268a2: receive RaftClientReply:client-AC1CE418446C->edec9b8f-c318-426f-83f9-f44e945268a2@group-352661ED3FD5, cid=1153, SUCCESS, logIndex=1579, commits[edec9b8f-c318-426f-83f9-f44e945268a2:c1580, 02a03aee-1dd1-43c9-94ca-c76e2a537489:c1576, 9fb73170-bb25-48da-afcf-6f1f9e11598f:c1576]
2019-07-10 10:42:40,298 INFO  client.GrpcClientProtocolClient (GrpcClientProtocolClient.java:onNext(255)) - client-AC1CE418446C->edec9b8f-c318-426f-83f9-f44e945268a2: receive RaftClientReply:client-AC1CE418446C->edec9b8f-c318-426f-83f9-f44e945268a2@group-352661ED3FD5, cid=1154, SUCCESS, logIndex=1580, commits[edec9b8f-c318-426f-83f9-f44e945268a2:c1580, 02a03aee-1dd1-43c9-94ca-c76e2a537489:c1576, 9fb73170-bb25-48da-afcf-6f1f9e11598f:c1576]
2019-07-10 10:42:40,313 INFO  client.GrpcClientProtocolClient (GrpcClientProtocolClient.java:onNext(255)) - client-AC1CE418446C->edec9b8f-c318-426f-83f9-f44e945268a2: receive RaftClientReply:client-AC1CE418446C->edec9b8f-c318-426f-83f9-f44e945268a2@group-352661ED3FD5, cid=1155, SUCCESS, logIndex=0, commits[edec9b8f-c318-426f-83f9-f44e945268a2:c1582, 02a03aee-1dd1-43c9-94ca-c76e2a537489:c1578, 9fb73170-bb25-48da-afcf-6f1f9e11598f:c1578]
2019-07-10 10:42:40,335 INFO  client.GrpcClientProtocolClient (GrpcClientProtocolClient.java:onNext(255)) - client-AC1CE418446C->edec9b8f-c318-426f-83f9-f44e945268a2: receive RaftClientReply:client-AC1CE418446C->edec9b8f-c318-426f-83f9-f44e945268a2@group-352661ED3FD5, cid=1156, SUCCESS, logIndex=1585, commits[edec9b8f-c318-426f-83f9-f44e945268a2:c1586, 02a03aee-1dd1-43c9-94ca-c76e2a537489:c1584, 9fb73170-bb25-48da-afcf-6f1f9e11598f:c1584]
2019-07-10 10:42:40,335 INFO  client.GrpcClientProtocolClient (GrpcClientProtocolClient.java:onNext(255)) - client-AC1CE418446C->edec9b8f-c318-426f-83f9-f44e945268a2: receive RaftClientReply:client-AC1CE418446C->edec9b8f-c318-426f-83f9-f44e945268a2@group-352661ED3FD5, cid=1157, SUCCESS, logIndex=1586, commits[edec9b8f-c318-426f-83f9-f44e945268a2:c1586, 02a03aee-1dd1-43c9-94ca-c76e2a537489:c1584, 9fb73170-bb25-48da-afcf-6f1f9e11598f:c1584]
2019-07-10 10:42:40,350 INFO  client.GrpcClientProtocolClient (GrpcClientProtocolClient.java:onNext(255)) - client-AC1CE418446C->edec9b8f-c318-426f-83f9-f44e945268a2: receive RaftClientReply:client-AC1CE418446C->edec9b8f-c318-426f-83f9-f44e945268a2@group-352661ED3FD5, cid=1158, SUCCESS, logIndex=1589, commits[edec9b8f-c318-426f-83f9-f44e945268a2:c1590, 02a03aee-1dd1-43c9-94ca-c76e2a537489:c1586, 9fb73170-bb25-48da-afcf-6f1f9e11598f:c1586]
2019-07-10 10:42:40,351 INFO  client.GrpcClientProtocolClient (GrpcClientProtocolClient.java:onNext(255)) - client-AC1CE418446C->edec9b8f-c318-426f-83f9-f44e945268a2: receive RaftClientReply:client-AC1CE418446C->edec9b8f-c318-426f-83f9-f44e945268a2@group-352661ED3FD5, cid=1159, SUCCESS, logIndex=1590, commits[edec9b8f-c318-426f-83f9-f44e945268a2:c1590, 02a03aee-1dd1-43c9-94ca-c76e2a537489:c1586, 9fb73170-bb25-48da-afcf-6f1f9e11598f:c1586]
2019-07-10 10:42:40,358 INFO  client.GrpcClientProtocolClient (GrpcClientProtocolClient.java:onNext(255)) - client-AC1CE418446C->edec9b8f-c318-426f-83f9-f44e945268a2: receive RaftClientReply:client-AC1CE418446C->edec9b8f-c318-426f-83f9-f44e945268a2@group-352661ED3FD5, cid=1160, SUCCESS, logIndex=0, commits[edec9b8f-c318-426f-83f9-f44e945268a2:c1592, 02a03aee-1dd1-43c9-94ca-c76e2a537489:c1590, 9fb73170-bb25-48da-afcf-6f1f9e11598f:c1590]
2019-07-10 10:42:40,370 INFO  client.GrpcClientProtocolClient (GrpcClientProtocolClient.java:onNext(255)) - client-AC1CE418446C->edec9b8f-c318-426f-83f9-f44e945268a2: receive RaftClientReply:client-AC1CE418446C->edec9b8f-c318-426f-83f9-f44e945268a2@group-352661ED3FD5, cid=1161, SUCCESS, logIndex=1593, commits[edec9b8f-c318-426f-83f9-f44e945268a2:c1594, 02a03aee-1dd1-43c9-94ca-c76e2a537489:c1590, 9fb73170-bb25-48da-afcf-6f1f9e11598f:c1592]
2019-07-10 10:42:40,370 INFO  client.GrpcClientProtocolClient (GrpcClientProtocolClient.java:onNext(255)) - client-AC1CE418446C->edec9b8f-c318-426f-83f9-f44e945268a2: receive RaftClientReply:client-AC1CE418446C->edec9b8f-c318-426f-83f9-f44e945268a2@group-352661ED3FD5, cid=1162, SUCCESS, logIndex=1594, commits[edec9b8f-c318-426f-83f9-f44e945268a2:c1594, 02a03aee-1dd1-43c9-94ca-c76e2a537489:c1590, 9fb73170-bb25-48da-afcf-6f1f9e11598f:c1592]
2019-07-10 10:42:40,373 INFO  client.GrpcClientProtocolClient (GrpcClientProtocolClient.java:onNext(255)) - client-AC1CE418446C->edec9b8f-c318-426f-83f9-f44e945268a2: receive RaftClientReply:client-AC1CE418446C->edec9b8f-c318-426f-83f9-f44e945268a2@group-352661ED3FD5, cid=1163, SUCCESS, logIndex=1595, commits[edec9b8f-c318-426f-83f9-f44e945268a2:c1595, 02a03aee-1dd1-43c9-94ca-c76e2a537489:c1592, 9fb73170-bb25-48da-afcf-6f1f9e11598f:c1592]
2019-07-10 10:42:40,373 INFO  client.GrpcClientProtocolClient (GrpcClientProtocolClient.java:onNext(255)) - client-AC1CE418446C->edec9b8f-c318-426f-83f9-f44e945268a2: receive RaftClientReply:client-AC1CE418446C->edec9b8f-c318-426f-83f9-f44e945268a2@group-352661ED3FD5, cid=1164, SUCCESS, logIndex=1596, commits[edec9b8f-c318-426f-83f9-f44e945268a2:c1597, 02a03aee-1dd1-43c9-94ca-c76e2a537489:c1594, 9fb73170-bb25-48da-afcf-6f1f9e11598f:c1594]
2019-07-10 10:42:40,406 INFO  client.GrpcClientProtocolClient (GrpcClientProtocolClient.java:onNext(255)) - client-AC1CE418446C->edec9b8f-c318-426f-83f9-f44e945268a2: receive RaftClientReply:client-AC1CE418446C->edec9b8f-c318-426f-83f9-f44e945268a2@group-352661ED3FD5, cid=1165, SUCCESS, logIndex=1601, commits[edec9b8f-c318-426f-83f9-f44e945268a2:c1602, 02a03aee-1dd1-43c9-94ca-c76e2a537489:c1600, 9fb73170-bb25-48da-afcf-6f1f9e11598f:c1600]
2019-07-10 10:42:40,406 INFO  client.GrpcClientProtocolClient (GrpcClientProtocolClient.java:onNext(255)) - client-AC1CE418446C->edec9b8f-c318-426f-83f9-f44e945268a2: receive RaftClientReply:client-AC1CE418446C->edec9b8f-c318-426f-83f9-f44e945268a2@group-352661ED3FD5, cid=1166, SUCCESS, logIndex=1602, commits[edec9b8f-c318-426f-83f9-f44e945268a2:c1602, 02a03aee-1dd1-43c9-94ca-c76e2a537489:c1600, 9fb73170-bb25-48da-afcf-6f1f9e11598f:c1600]
2019-07-10 10:42:40,435 INFO  client.GrpcClientProtocolClient (GrpcClientProtocolClient.java:onNext(255)) - client-AC1CE418446C->edec9b8f-c318-426f-83f9-f44e945268a2: receive RaftClientReply:client-AC1CE418446C->edec9b8f-c318-426f-83f9-f44e945268a2@group-352661ED3FD5, cid=1167, SUCCESS, logIndex=1605, commits[edec9b8f-c318-426f-83f9-f44e945268a2:c1606, 02a03aee-1dd1-43c9-94ca-c76e2a537489:c1602, 9fb73170-bb25-48da-afcf-6f1f9e11598f:c1602]
2019-07-10 10:42:40,436 INFO  client.GrpcClientProtocolClient (GrpcClientProtocolClient.java:onNext(255)) - client-AC1CE418446C->edec9b8f-c318-426f-83f9-f44e945268a2: receive RaftClientReply:client-AC1CE418446C->edec9b8f-c318-426f-83f9-f44e945268a2@group-352661ED3FD5, cid=1168, SUCCESS, logIndex=1606, commits[edec9b8f-c318-426f-83f9-f44e945268a2:c1606, 02a03aee-1dd1-43c9-94ca-c76e2a537489:c1602, 9fb73170-bb25-48da-afcf-6f1f9e11598f:c1602]
2019-07-10 10:42:40,447 INFO  client.GrpcClientProtocolClient (GrpcClientProtocolClient.java:onNext(255)) - client-AC1CE418446C->edec9b8f-c318-426f-83f9-f44e945268a2: receive RaftClientReply:client-AC1CE418446C->edec9b8f-c318-426f-83f9-f44e945268a2@group-352661ED3FD5, cid=1169, SUCCESS, logIndex=0, commits[edec9b8f-c318-426f-83f9-f44e945268a2:c1607, 02a03aee-1dd1-43c9-94ca-c76e2a537489:c1606, 9fb73170-bb25-48da-afcf-6f1f9e11598f:c1606]
2019-07-10 10:42:40,469 INFO  client.GrpcClientProtocolClient (GrpcClientProtocolClient.java:onNext(255)) - client-AC1CE418446C->edec9b8f-c318-426f-83f9-f44e945268a2: receive RaftClientReply:client-AC1CE418446C->edec9b8f-c318-426f-83f9-f44e945268a2@group-352661ED3FD5, cid=1170, SUCCESS, logIndex=1609, commits[edec9b8f-c318-426f-83f9-f44e945268a2:c1610, 02a03aee-1dd1-43c9-94ca-c76e2a537489:c1608, 9fb73170-bb25-48da-afcf-6f1f9e11598f:c1608]
2019-07-10 10:42:40,470 INFO  client.GrpcClientProtocolClient (GrpcClientProtocolClient.java:onNext(255)) - client-AC1CE418446C->edec9b8f-c318-426f-83f9-f44e945268a2: receive RaftClientReply:client-AC1CE418446C->edec9b8f-c318-426f-83f9-f44e945268a2@group-352661ED3FD5, cid=1171, SUCCESS, logIndex=1610, commits[edec9b8f-c318-426f-83f9-f44e945268a2:c1610, 02a03aee-1dd1-43c9-94ca-c76e2a537489:c1608, 9fb73170-bb25-48da-afcf-6f1f9e11598f:c1608]
2019-07-10 10:42:40,470 INFO  client.GrpcClientProtocolClient (GrpcClientProtocolClient.java:onNext(255)) - client-AC1CE418446C->edec9b8f-c318-426f-83f9-f44e945268a2: receive RaftClientReply:client-AC1CE418446C->edec9b8f-c318-426f-83f9-f44e945268a2@group-352661ED3FD5, cid=1172, SUCCESS, logIndex=1611, commits[edec9b8f-c318-426f-83f9-f44e945268a2:c1612, 02a03aee-1dd1-43c9-94ca-c76e2a537489:c1608, 9fb73170-bb25-48da-afcf-6f1f9e11598f:c1608]
2019-07-10 10:42:40,470 INFO  client.GrpcClientProtocolClient (GrpcClientProtocolClient.java:onNext(255)) - client-AC1CE418446C->edec9b8f-c318-426f-83f9-f44e945268a2: receive RaftClientReply:client-AC1CE418446C->edec9b8f-c318-426f-83f9-f44e945268a2@group-352661ED3FD5, cid=1173, SUCCESS, logIndex=1612, commits[edec9b8f-c318-426f-83f9-f44e945268a2:c1612, 02a03aee-1dd1-43c9-94ca-c76e2a537489:c1608, 9fb73170-bb25-48da-afcf-6f1f9e11598f:c1608]
2019-07-10 10:42:40,484 INFO  client.GrpcClientProtocolClient (GrpcClientProtocolClient.java:onNext(255)) - client-AC1CE418446C->edec9b8f-c318-426f-83f9-f44e945268a2: receive RaftClientReply:client-AC1CE418446C->edec9b8f-c318-426f-83f9-f44e945268a2@group-352661ED3FD5, cid=1174, SUCCESS, logIndex=0, commits[edec9b8f-c318-426f-83f9-f44e945268a2:c1614, 02a03aee-1dd1-43c9-94ca-c76e2a537489:c1610, 9fb73170-bb25-48da-afcf-6f1f9e11598f:c1610]
2019-07-10 10:42:40,506 INFO  client.GrpcClientProtocolClient (GrpcClientProtocolClient.java:onNext(255)) - client-AC1CE418446C->edec9b8f-c318-426f-83f9-f44e945268a2: receive RaftClientReply:client-AC1CE418446C->edec9b8f-c318-426f-83f9-f44e945268a2@group-352661ED3FD5, cid=1175, SUCCESS, logIndex=1617, commits[edec9b8f-c318-426f-83f9-f44e945268a2:c1618, 02a03aee-1dd1-43c9-94ca-c76e2a537489:c1616, 9fb73170-bb25-48da-afcf-6f1f9e11598f:c1616]
2019-07-10 10:42:40,506 INFO  client.GrpcClientProtocolClient (GrpcClientProtocolClient.java:onNext(255)) - client-AC1CE418446C->edec9b8f-c318-426f-83f9-f44e945268a2: receive RaftClientReply:client-AC1CE418446C->edec9b8f-c318-426f-83f9-f44e945268a2@group-352661ED3FD5, cid=1176, SUCCESS, logIndex=1618, commits[edec9b8f-c318-426f-83f9-f44e945268a2:c1618, 02a03aee-1dd1-43c9-94ca-c76e2a537489:c1616, 9fb73170-bb25-48da-afcf-6f1f9e11598f:c1616]
2019-07-10 10:42:40,519 INFO  client.GrpcClientProtocolClient (GrpcClientProtocolClient.java:onNext(255)) - client-AC1CE418446C->edec9b8f-c318-426f-83f9-f44e945268a2: receive RaftClientReply:client-AC1CE418446C->edec9b8f-c318-426f-83f9-f44e945268a2@group-352661ED3FD5, cid=1177, SUCCESS, logIndex=1621, commits[edec9b8f-c318-426f-83f9-f44e945268a2:c1622, 02a03aee-1dd1-43c9-94ca-c76e2a537489:c1618, 9fb73170-bb25-48da-afcf-6f1f9e11598f:c1617]
2019-07-10 10:42:40,519 INFO  client.GrpcClientProtocolClient (GrpcClientProtocolClient.java:onNext(255)) - client-AC1CE418446C->edec9b8f-c318-426f-83f9-f44e945268a2: receive RaftClientReply:client-AC1CE418446C->edec9b8f-c318-426f-83f9-f44e945268a2@group-352661ED3FD5, cid=1178, SUCCESS, logIndex=1622, commits[edec9b8f-c318-426f-83f9-f44e945268a2:c1622, 02a03aee-1dd1-43c9-94ca-c76e2a537489:c1618, 9fb73170-bb25-48da-afcf-6f1f9e11598f:c1617]
2019-07-10 10:42:40,520 INFO  client.GrpcClientProtocolClient (GrpcClientProtocolClient.java:onNext(255)) - client-AC1CE418446C->edec9b8f-c318-426f-83f9-f44e945268a2: receive RaftClientReply:client-AC1CE418446C->edec9b8f-c318-426f-83f9-f44e945268a2@group-352661ED3FD5, cid=1179, SUCCESS, logIndex=0, commits[edec9b8f-c318-426f-83f9-f44e945268a2:c1623, 02a03aee-1dd1-43c9-94ca-c76e2a537489:c1621, 9fb73170-bb25-48da-afcf-6f1f9e11598f:c1618]
2019-07-10 10:42:40,533 INFO  client.GrpcClientProtocolClient (GrpcClientProtocolClient.java:onNext(255)) - client-AC1CE418446C->edec9b8f-c318-426f-83f9-f44e945268a2: receive RaftClientReply:client-AC1CE418446C->edec9b8f-c318-426f-83f9-f44e945268a2@group-352661ED3FD5, cid=1180, SUCCESS, logIndex=0, commits[edec9b8f-c318-426f-83f9-f44e945268a2:c1624, 02a03aee-1dd1-43c9-94ca-c76e2a537489:c1622, 9fb73170-bb25-48da-afcf-6f1f9e11598f:c1622]
2019-07-10 10:42:40,555 INFO  client.GrpcClientProtocolClient (GrpcClientProtocolClient.java:onNext(255)) - client-AC1CE418446C->edec9b8f-c318-426f-83f9-f44e945268a2: receive RaftClientReply:client-AC1CE418446C->edec9b8f-c318-426f-83f9-f44e945268a2@group-352661ED3FD5, cid=1181, SUCCESS, logIndex=1625, commits[edec9b8f-c318-426f-83f9-f44e945268a2:c1626, 02a03aee-1dd1-43c9-94ca-c76e2a537489:c1624, 9fb73170-bb25-48da-afcf-6f1f9e11598f:c1624]
2019-07-10 10:42:40,556 INFO  client.GrpcClientProtocolClient (GrpcClientProtocolClient.java:onNext(255)) - client-AC1CE418446C->edec9b8f-c318-426f-83f9-f44e945268a2: receive RaftClientReply:client-AC1CE418446C->edec9b8f-c318-426f-83f9-f44e945268a2@group-352661ED3FD5, cid=1182, SUCCESS, logIndex=1626, commits[edec9b8f-c318-426f-83f9-f44e945268a2:c1627, 02a03aee-1dd1-43c9-94ca-c76e2a537489:c1624, 9fb73170-bb25-48da-afcf-6f1f9e11598f:c1624]
2019-07-10 10:42:40,556 INFO  client.GrpcClientProtocolClient (GrpcClientProtocolClient.java:onNext(255)) - client-AC1CE418446C->edec9b8f-c318-426f-83f9-f44e945268a2: receive RaftClientReply:client-AC1CE418446C->edec9b8f-c318-426f-83f9-f44e945268a2@group-352661ED3FD5, cid=1183, SUCCESS, logIndex=1627, commits[edec9b8f-c318-426f-83f9-f44e945268a2:c1628, 02a03aee-1dd1-43c9-94ca-c76e2a537489:c1624, 9fb73170-bb25-48da-afcf-6f1f9e11598f:c1624]
2019-07-10 10:42:40,557 INFO  client.GrpcClientProtocolClient (GrpcClientProtocolClient.java:onNext(255)) - client-AC1CE418446C->edec9b8f-c318-426f-83f9-f44e945268a2: receive RaftClientReply:client-AC1CE418446C->edec9b8f-c318-426f-83f9-f44e945268a2@group-352661ED3FD5, cid=1184, SUCCESS, logIndex=1628, commits[edec9b8f-c318-426f-83f9-f44e945268a2:c1628, 02a03aee-1dd1-43c9-94ca-c76e2a537489:c1624, 9fb73170-bb25-48da-afcf-6f1f9e11598f:c1624]
2019-07-10 10:42:40,568 INFO  client.GrpcClientProtocolClient (GrpcClientProtocolClient.java:onNext(255)) - client-AC1CE418446C->edec9b8f-c318-426f-83f9-f44e945268a2: receive RaftClientReply:client-AC1CE418446C->edec9b8f-c318-426f-83f9-f44e945268a2@group-352661ED3FD5, cid=1185, SUCCESS, logIndex=0, commits[edec9b8f-c318-426f-83f9-f44e945268a2:c1630, 02a03aee-1dd1-43c9-94ca-c76e2a537489:c1626, 9fb73170-bb25-48da-afcf-6f1f9e11598f:c1626]
2019-07-10 10:42:40,589 INFO  client.GrpcClientProtocolClient (GrpcClientProtocolClient.java:onNext(255)) - client-AC1CE418446C->edec9b8f-c318-426f-83f9-f44e945268a2: receive RaftClientReply:client-AC1CE418446C->edec9b8f-c318-426f-83f9-f44e945268a2@group-352661ED3FD5, cid=1186, SUCCESS, logIndex=1633, commits[edec9b8f-c318-426f-83f9-f44e945268a2:c1634, 02a03aee-1dd1-43c9-94ca-c76e2a537489:c1632, 9fb73170-bb25-48da-afcf-6f1f9e11598f:c1632]
2019-07-10 10:42:40,592 INFO  client.GrpcClientProtocolClient (GrpcClientProtocolClient.java:onNext(255)) - client-AC1CE418446C->edec9b8f-c318-426f-83f9-f44e945268a2: receive RaftClientReply:client-AC1CE418446C->edec9b8f-c318-426f-83f9-f44e945268a2@group-352661ED3FD5, cid=1187, SUCCESS, logIndex=1634, commits[edec9b8f-c318-426f-83f9-f44e945268a2:c1634, 02a03aee-1dd1-43c9-94ca-c76e2a537489:c1632, 9fb73170-bb25-48da-afcf-6f1f9e11598f:c1632]
 0.00% |█                                                                                                    |  0/1 Time: 0:00:072019-07-10 10:42:41,432 INFO  client.GrpcClientProtocolClient (GrpcClientProtocolClient.java:onNext(255)) - client-AC1CE418446C->edec9b8f-c318-426f-83f9-f44e945268a2: receive RaftClientReply:client-AC1CE418446C->edec9b8f-c318-426f-83f9-f44e945268a2@group-352661ED3FD5, cid=1188, SUCCESS, logIndex=1637, commits[edec9b8f-c318-426f-83f9-f44e945268a2:c1638, 02a03aee-1dd1-43c9-94ca-c76e2a537489:c1634, 9fb73170-bb25-48da-afcf-6f1f9e11598f:c1634]
2019-07-10 10:42:41,434 INFO  client.GrpcClientProtocolClient (GrpcClientProtocolClient.java:onNext(255)) - client-AC1CE418446C->edec9b8f-c318-426f-83f9-f44e945268a2: receive RaftClientReply:client-AC1CE418446C->edec9b8f-c318-426f-83f9-f44e945268a2@group-352661ED3FD5, cid=1189, SUCCESS, logIndex=1638, commits[edec9b8f-c318-426f-83f9-f44e945268a2:c1638, 02a03aee-1dd1-43c9-94ca-c76e2a537489:c1634, 9fb73170-bb25-48da-afcf-6f1f9e11598f:c1634]
2019-07-10 10:42:41,466 INFO  client.GrpcClientProtocolClient (GrpcClientProtocolClient.java:onNext(255)) - client-AC1CE418446C->edec9b8f-c318-426f-83f9-f44e945268a2: receive RaftClientReply:client-AC1CE418446C->edec9b8f-c318-426f-83f9-f44e945268a2@group-352661ED3FD5, cid=1190, SUCCESS, logIndex=0, commits[edec9b8f-c318-426f-83f9-f44e945268a2:c1639, 02a03aee-1dd1-43c9-94ca-c76e2a537489:c1638, 9fb73170-bb25-48da-afcf-6f1f9e11598f:c1638]
2019-07-10 10:42:41,592 INFO  client.GrpcClientProtocolClient (GrpcClientProtocolClient.java:onNext(255)) - client-AC1CE418446C->edec9b8f-c318-426f-83f9-f44e945268a2: receive RaftClientReply:client-AC1CE418446C->edec9b8f-c318-426f-83f9-f44e945268a2@group-352661ED3FD5, cid=1191, SUCCESS, logIndex=1641, commits[edec9b8f-c318-426f-83f9-f44e945268a2:c1643, 02a03aee-1dd1-43c9-94ca-c76e2a537489:c1639, 9fb73170-bb25-48da-afcf-6f1f9e11598f:c1639]
2019-07-10 10:42:41,593 INFO  client.GrpcClientProtocolClient (GrpcClientProtocolClient.java:onNext(255)) - client-AC1CE418446C->edec9b8f-c318-426f-83f9-f44e945268a2: receive RaftClientReply:client-AC1CE418446C->edec9b8f-c318-426f-83f9-f44e945268a2@group-352661ED3FD5, cid=1192, SUCCESS, logIndex=1642, commits[edec9b8f-c318-426f-83f9-f44e945268a2:c1644, 02a03aee-1dd1-43c9-94ca-c76e2a537489:c1639, 9fb73170-bb25-48da-afcf-6f1f9e11598f:c1639]
2019-07-10 10:42:41,593 INFO  client.GrpcClientProtocolClient (GrpcClientProtocolClient.java:onNext(255)) - client-AC1CE418446C->edec9b8f-c318-426f-83f9-f44e945268a2: receive RaftClientReply:client-AC1CE418446C->edec9b8f-c318-426f-83f9-f44e945268a2@group-352661ED3FD5, cid=1193, SUCCESS, logIndex=1643, commits[edec9b8f-c318-426f-83f9-f44e945268a2:c1644, 02a03aee-1dd1-43c9-94ca-c76e2a537489:c1639, 9fb73170-bb25-48da-afcf-6f1f9e11598f:c1639]
2019-07-10 10:42:41,594 INFO  client.GrpcClientProtocolClient (GrpcClientProtocolClient.java:onNext(255)) - client-AC1CE418446C->edec9b8f-c318-426f-83f9-f44e945268a2: receive RaftClientReply:client-AC1CE418446C->edec9b8f-c318-426f-83f9-f44e945268a2@group-352661ED3FD5, cid=1194, SUCCESS, logIndex=1644, commits[edec9b8f-c318-426f-83f9-f44e945268a2:c1644, 02a03aee-1dd1-43c9-94ca-c76e2a537489:c1639, 9fb73170-bb25-48da-afcf-6f1f9e11598f:c1639]
2019-07-10 10:42:41,602 INFO  client.GrpcClientProtocolClient (GrpcClientProtocolClient.java:onNext(255)) - client-AC1CE418446C->edec9b8f-c318-426f-83f9-f44e945268a2: receive RaftClientReply:client-AC1CE418446C->edec9b8f-c318-426f-83f9-f44e945268a2@group-352661ED3FD5, cid=1195, SUCCESS, logIndex=0, commits[edec9b8f-c318-426f-83f9-f44e945268a2:c1645, 02a03aee-1dd1-43c9-94ca-c76e2a537489:c1643, 9fb73170-bb25-48da-afcf-6f1f9e11598f:c1643]
2019-07-10 10:42:41,631 INFO  client.GrpcClientProtocolClient (GrpcClientProtocolClient.java:onNext(255)) - client-AC1CE418446C->edec9b8f-c318-426f-83f9-f44e945268a2: receive RaftClientReply:client-AC1CE418446C->edec9b8f-c318-426f-83f9-f44e945268a2@group-352661ED3FD5, cid=1196, SUCCESS, logIndex=1648, commits[edec9b8f-c318-426f-83f9-f44e945268a2:c1649, 02a03aee-1dd1-43c9-94ca-c76e2a537489:c1647, 9fb73170-bb25-48da-afcf-6f1f9e11598f:c1647]
2019-07-10 10:42:41,631 INFO  client.GrpcClientProtocolClient (GrpcClientProtocolClient.java:onNext(255)) - client-AC1CE418446C->edec9b8f-c318-426f-83f9-f44e945268a2: receive RaftClientReply:client-AC1CE418446C->edec9b8f-c318-426f-83f9-f44e945268a2@group-352661ED3FD5, cid=1197, SUCCESS, logIndex=1649, commits[edec9b8f-c318-426f-83f9-f44e945268a2:c1649, 02a03aee-1dd1-43c9-94ca-c76e2a537489:c1647, 9fb73170-bb25-48da-afcf-6f1f9e11598f:c1647]
2019-07-10 10:42:41,653 INFO  client.GrpcClientProtocolClient (GrpcClientProtocolClient.java:onNext(255)) - client-AC1CE418446C->edec9b8f-c318-426f-83f9-f44e945268a2: receive RaftClientReply:client-AC1CE418446C->edec9b8f-c318-426f-83f9-f44e945268a2@group-352661ED3FD5, cid=1198, SUCCESS, logIndex=1652, commits[edec9b8f-c318-426f-83f9-f44e945268a2:c1653, 02a03aee-1dd1-43c9-94ca-c76e2a537489:c1649, 9fb73170-bb25-48da-afcf-6f1f9e11598f:c1649]
2019-07-10 10:42:41,654 INFO  client.GrpcClientProtocolClient (GrpcClientProtocolClient.java:onNext(255)) - client-AC1CE418446C->edec9b8f-c318-426f-83f9-f44e945268a2: receive RaftClientReply:client-AC1CE418446C->edec9b8f-c318-426f-83f9-f44e945268a2@group-352661ED3FD5, cid=1199, SUCCESS, logIndex=1653, commits[edec9b8f-c318-426f-83f9-f44e945268a2:c1653, 02a03aee-1dd1-43c9-94ca-c76e2a537489:c1649, 9fb73170-bb25-48da-afcf-6f1f9e11598f:c1649]
2019-07-10 10:42:41,667 INFO  client.GrpcClientProtocolClient (GrpcClientProtocolClient.java:onNext(255)) - client-AC1CE418446C->edec9b8f-c318-426f-83f9-f44e945268a2: receive RaftClientReply:client-AC1CE418446C->edec9b8f-c318-426f-83f9-f44e945268a2@group-352661ED3FD5, cid=1200, SUCCESS, logIndex=0, commits[edec9b8f-c318-426f-83f9-f44e945268a2:c1655, 02a03aee-1dd1-43c9-94ca-c76e2a537489:c1653, 9fb73170-bb25-48da-afcf-6f1f9e11598f:c1653]
2019-07-10 10:42:41,694 INFO  client.GrpcClientProtocolClient (GrpcClientProtocolClient.java:onNext(255)) - client-AC1CE418446C->edec9b8f-c318-426f-83f9-f44e945268a2: receive RaftClientReply:client-AC1CE418446C->edec9b8f-c318-426f-83f9-f44e945268a2@group-352661ED3FD5, cid=1201, SUCCESS, logIndex=1656, commits[edec9b8f-c318-426f-83f9-f44e945268a2:c1658, 02a03aee-1dd1-43c9-94ca-c76e2a537489:c1655, 9fb73170-bb25-48da-afcf-6f1f9e11598f:c1655]
2019-07-10 10:42:41,694 INFO  client.GrpcClientProtocolClient (GrpcClientProtocolClient.java:onNext(255)) - client-AC1CE418446C->edec9b8f-c318-426f-83f9-f44e945268a2: receive RaftClientReply:client-AC1CE418446C->edec9b8f-c318-426f-83f9-f44e945268a2@group-352661ED3FD5, cid=1202, SUCCESS, logIndex=1657, commits[edec9b8f-c318-426f-83f9-f44e945268a2:c1659, 02a03aee-1dd1-43c9-94ca-c76e2a537489:c1655, 9fb73170-bb25-48da-afcf-6f1f9e11598f:c1655]
2019-07-10 10:42:41,695 INFO  client.GrpcClientProtocolClient (GrpcClientProtocolClient.java:onNext(255)) - client-AC1CE418446C->edec9b8f-c318-426f-83f9-f44e945268a2: receive RaftClientReply:client-AC1CE418446C->edec9b8f-c318-426f-83f9-f44e945268a2@group-352661ED3FD5, cid=1203, SUCCESS, logIndex=1658, commits[edec9b8f-c318-426f-83f9-f44e945268a2:c1659, 02a03aee-1dd1-43c9-94ca-c76e2a537489:c1655, 9fb73170-bb25-48da-afcf-6f1f9e11598f:c1655]
2019-07-10 10:42:41,695 INFO  client.GrpcClientProtocolClient (GrpcClientProtocolClient.java:onNext(255)) - client-AC1CE418446C->edec9b8f-c318-426f-83f9-f44e945268a2: receive RaftClientReply:client-AC1CE418446C->edec9b8f-c318-426f-83f9-f44e945268a2@group-352661ED3FD5, cid=1204, SUCCESS, logIndex=1659, commits[edec9b8f-c318-426f-83f9-f44e945268a2:c1659, 02a03aee-1dd1-43c9-94ca-c76e2a537489:c1655, 9fb73170-bb25-48da-afcf-6f1f9e11598f:c1655]
2019-07-10 10:42:41,706 INFO  client.GrpcClientProtocolClient (GrpcClientProtocolClient.java:onNext(255)) - client-AC1CE418446C->edec9b8f-c318-426f-83f9-f44e945268a2: receive RaftClientReply:client-AC1CE418446C->edec9b8f-c318-426f-83f9-f44e945268a2@group-352661ED3FD5, cid=1205, SUCCESS, logIndex=0, commits[edec9b8f-c318-426f-83f9-f44e945268a2:c1660, 02a03aee-1dd1-43c9-94ca-c76e2a537489:c1658, 9fb73170-bb25-48da-afcf-6f1f9e11598f:c1658]
2019-07-10 10:42:41,836 INFO  client.GrpcClientProtocolClient (GrpcClientProtocolClient.java:onNext(255)) - client-AC1CE418446C->edec9b8f-c318-426f-83f9-f44e945268a2: receive RaftClientReply:client-AC1CE418446C->edec9b8f-c318-426f-83f9-f44e945268a2@group-352661ED3FD5, cid=1206, SUCCESS, logIndex=1663, commits[edec9b8f-c318-426f-83f9-f44e945268a2:c1664, 02a03aee-1dd1-43c9-94ca-c76e2a537489:c1662, 9fb73170-bb25-48da-afcf-6f1f9e11598f:c1662]
2019-07-10 10:42:41,836 INFO  client.GrpcClientProtocolClient (GrpcClientProtocolClient.java:onNext(255)) - client-AC1CE418446C->edec9b8f-c318-426f-83f9-f44e945268a2: receive RaftClientReply:client-AC1CE418446C->edec9b8f-c318-426f-83f9-f44e945268a2@group-352661ED3FD5, cid=1207, SUCCESS, logIndex=1664, commits[edec9b8f-c318-426f-83f9-f44e945268a2:c1664, 02a03aee-1dd1-43c9-94ca-c76e2a537489:c1662, 9fb73170-bb25-48da-afcf-6f1f9e11598f:c1662]
2019-07-10 10:42:41,863 INFO  client.GrpcClientProtocolClient (GrpcClientProtocolClient.java:onNext(255)) - client-AC1CE418446C->edec9b8f-c318-426f-83f9-f44e945268a2: receive RaftClientReply:client-AC1CE418446C->edec9b8f-c318-426f-83f9-f44e945268a2@group-352661ED3FD5, cid=1208, SUCCESS, logIndex=1667, commits[edec9b8f-c318-426f-83f9-f44e945268a2:c1668, 02a03aee-1dd1-43c9-94ca-c76e2a537489:c1664, 9fb73170-bb25-48da-afcf-6f1f9e11598f:c1664]
2019-07-10 10:42:41,864 INFO  client.GrpcClientProtocolClient (GrpcClientProtocolClient.java:onNext(255)) - client-AC1CE418446C->edec9b8f-c318-426f-83f9-f44e945268a2: receive RaftClientReply:client-AC1CE418446C->edec9b8f-c318-426f-83f9-f44e945268a2@group-352661ED3FD5, cid=1209, SUCCESS, logIndex=1668, commits[edec9b8f-c318-426f-83f9-f44e945268a2:c1668, 02a03aee-1dd1-43c9-94ca-c76e2a537489:c1664, 9fb73170-bb25-48da-afcf-6f1f9e11598f:c1664]
2019-07-10 10:42:41,878 INFO  client.GrpcClientProtocolClient (GrpcClientProtocolClient.java:onNext(255)) - client-AC1CE418446C->edec9b8f-c318-426f-83f9-f44e945268a2: receive RaftClientReply:client-AC1CE418446C->edec9b8f-c318-426f-83f9-f44e945268a2@group-352661ED3FD5, cid=1210, SUCCESS, logIndex=0, commits[edec9b8f-c318-426f-83f9-f44e945268a2:c1670, 02a03aee-1dd1-43c9-94ca-c76e2a537489:c1668, 9fb73170-bb25-48da-afcf-6f1f9e11598f:c1668]
2019-07-10 10:42:41,901 INFO  client.GrpcClientProtocolClient (GrpcClientProtocolClient.java:onNext(255)) - client-AC1CE418446C->edec9b8f-c318-426f-83f9-f44e945268a2: receive RaftClientReply:client-AC1CE418446C->edec9b8f-c318-426f-83f9-f44e945268a2@group-352661ED3FD5, cid=1211, SUCCESS, logIndex=1671, commits[edec9b8f-c318-426f-83f9-f44e945268a2:c1673, 02a03aee-1dd1-43c9-94ca-c76e2a537489:c1670, 9fb73170-bb25-48da-afcf-6f1f9e11598f:c1670]
2019-07-10 10:42:41,902 INFO  client.GrpcClientProtocolClient (GrpcClientProtocolClient.java:onNext(255)) - client-AC1CE418446C->edec9b8f-c318-426f-83f9-f44e945268a2: receive RaftClientReply:client-AC1CE418446C->edec9b8f-c318-426f-83f9-f44e945268a2@group-352661ED3FD5, cid=1212, SUCCESS, logIndex=1672, commits[edec9b8f-c318-426f-83f9-f44e945268a2:c1674, 02a03aee-1dd1-43c9-94ca-c76e2a537489:c1670, 9fb73170-bb25-48da-afcf-6f1f9e11598f:c1670]
2019-07-10 10:42:41,903 INFO  client.GrpcClientProtocolClient (GrpcClientProtocolClient.java:onNext(255)) - client-AC1CE418446C->edec9b8f-c318-426f-83f9-f44e945268a2: receive RaftClientReply:client-AC1CE418446C->edec9b8f-c318-426f-83f9-f44e945268a2@group-352661ED3FD5, cid=1213, SUCCESS, logIndex=1673, commits[edec9b8f-c318-426f-83f9-f44e945268a2:c1674, 02a03aee-1dd1-43c9-94ca-c76e2a537489:c1670, 9fb73170-bb25-48da-afcf-6f1f9e11598f:c1670]
2019-07-10 10:42:41,903 INFO  client.GrpcClientProtocolClient (GrpcClientProtocolClient.java:onNext(255)) - client-AC1CE418446C->edec9b8f-c318-426f-83f9-f44e945268a2: receive RaftClientReply:client-AC1CE418446C->edec9b8f-c318-426f-83f9-f44e945268a2@group-352661ED3FD5, cid=1214, SUCCESS, logIndex=1674, commits[edec9b8f-c318-426f-83f9-f44e945268a2:c1674, 02a03aee-1dd1-43c9-94ca-c76e2a537489:c1670, 9fb73170-bb25-48da-afcf-6f1f9e11598f:c1670]
2019-07-10 10:42:41,916 INFO  client.GrpcClientProtocolClient (GrpcClientProtocolClient.java:onNext(255)) - client-AC1CE418446C->edec9b8f-c318-426f-83f9-f44e945268a2: receive RaftClientReply:client-AC1CE418446C->edec9b8f-c318-426f-83f9-f44e945268a2@group-352661ED3FD5, cid=1215, SUCCESS, logIndex=0, commits[edec9b8f-c318-426f-83f9-f44e945268a2:c1676, 02a03aee-1dd1-43c9-94ca-c76e2a537489:c1673, 9fb73170-bb25-48da-afcf-6f1f9e11598f:c1673]
2019-07-10 10:42:41,937 INFO  client.GrpcClientProtocolClient (GrpcClientProtocolClient.java:onNext(255)) - client-AC1CE418446C->edec9b8f-c318-426f-83f9-f44e945268a2: receive RaftClientReply:client-AC1CE418446C->edec9b8f-c318-426f-83f9-f44e945268a2@group-352661ED3FD5, cid=1216, SUCCESS, logIndex=1679, commits[edec9b8f-c318-426f-83f9-f44e945268a2:c1680, 02a03aee-1dd1-43c9-94ca-c76e2a537489:c1678, 9fb73170-bb25-48da-afcf-6f1f9e11598f:c1678]
2019-07-10 10:42:41,937 INFO  client.GrpcClientProtocolClient (GrpcClientProtocolClient.java:onNext(255)) - client-AC1CE418446C->edec9b8f-c318-426f-83f9-f44e945268a2: receive RaftClientReply:client-AC1CE418446C->edec9b8f-c318-426f-83f9-f44e945268a2@group-352661ED3FD5, cid=1217, SUCCESS, logIndex=1680, commits[edec9b8f-c318-426f-83f9-f44e945268a2:c1680, 02a03aee-1dd1-43c9-94ca-c76e2a537489:c1678, 9fb73170-bb25-48da-afcf-6f1f9e11598f:c1678]
2019-07-10 10:42:41,949 INFO  client.GrpcClientProtocolClient (GrpcClientProtocolClient.java:onNext(255)) - client-AC1CE418446C->edec9b8f-c318-426f-83f9-f44e945268a2: receive RaftClientReply:client-AC1CE418446C->edec9b8f-c318-426f-83f9-f44e945268a2@group-352661ED3FD5, cid=1218, SUCCESS, logIndex=1683, commits[edec9b8f-c318-426f-83f9-f44e945268a2:c1684, 02a03aee-1dd1-43c9-94ca-c76e2a537489:c1680, 9fb73170-bb25-48da-afcf-6f1f9e11598f:c1680]
2019-07-10 10:42:41,950 INFO  client.GrpcClientProtocolClient (GrpcClientProtocolClient.java:onNext(255)) - client-AC1CE418446C->edec9b8f-c318-426f-83f9-f44e945268a2: receive RaftClientReply:client-AC1CE418446C->edec9b8f-c318-426f-83f9-f44e945268a2@group-352661ED3FD5, cid=1219, SUCCESS, logIndex=1684, commits[edec9b8f-c318-426f-83f9-f44e945268a2:c1684, 02a03aee-1dd1-43c9-94ca-c76e2a537489:c1680, 9fb73170-bb25-48da-afcf-6f1f9e11598f:c1680]
2019-07-10 10:42:41,952 INFO  client.GrpcClientProtocolClient (GrpcClientProtocolClient.java:onNext(255)) - client-AC1CE418446C->edec9b8f-c318-426f-83f9-f44e945268a2: receive RaftClientReply:client-AC1CE418446C->edec9b8f-c318-426f-83f9-f44e945268a2@group-352661ED3FD5, cid=1220, SUCCESS, logIndex=0, commits[edec9b8f-c318-426f-83f9-f44e945268a2:c1686, 02a03aee-1dd1-43c9-94ca-c76e2a537489:c1684, 9fb73170-bb25-48da-afcf-6f1f9e11598f:c1684]
2019-07-10 10:42:41,986 INFO  client.GrpcClientProtocolClient (GrpcClientProtocolClient.java:onNext(255)) - client-AC1CE418446C->edec9b8f-c318-426f-83f9-f44e945268a2: receive RaftClientReply:client-AC1CE418446C->edec9b8f-c318-426f-83f9-f44e945268a2@group-352661ED3FD5, cid=1221, SUCCESS, logIndex=1687, commits[edec9b8f-c318-426f-83f9-f44e945268a2:c1688, 02a03aee-1dd1-43c9-94ca-c76e2a537489:c1686, 9fb73170-bb25-48da-afcf-6f1f9e11598f:c1686]
2019-07-10 10:42:41,987 INFO  client.GrpcClientProtocolClient (GrpcClientProtocolClient.java:onNext(255)) - client-AC1CE418446C->edec9b8f-c318-426f-83f9-f44e945268a2: receive RaftClientReply:client-AC1CE418446C->edec9b8f-c318-426f-83f9-f44e945268a2@group-352661ED3FD5, cid=1222, SUCCESS, logIndex=1688, commits[edec9b8f-c318-426f-83f9-f44e945268a2:c1690, 02a03aee-1dd1-43c9-94ca-c76e2a537489:c1686, 9fb73170-bb25-48da-afcf-6f1f9e11598f:c1686]
2019-07-10 10:42:41,988 INFO  client.GrpcClientProtocolClient (GrpcClientProtocolClient.java:onNext(255)) - client-AC1CE418446C->edec9b8f-c318-426f-83f9-f44e945268a2: receive RaftClientReply:client-AC1CE418446C->edec9b8f-c318-426f-83f9-f44e945268a2@group-352661ED3FD5, cid=1223, SUCCESS, logIndex=1689, commits[edec9b8f-c318-426f-83f9-f44e945268a2:c1690, 02a03aee-1dd1-43c9-94ca-c76e2a537489:c1686, 9fb73170-bb25-48da-afcf-6f1f9e11598f:c1686]
2019-07-10 10:42:41,988 INFO  client.GrpcClientProtocolClient (GrpcClientProtocolClient.java:onNext(255)) - client-AC1CE418446C->edec9b8f-c318-426f-83f9-f44e945268a2: receive RaftClientReply:client-AC1CE418446C->edec9b8f-c318-426f-83f9-f44e945268a2@group-352661ED3FD5, cid=1224, SUCCESS, logIndex=1690, commits[edec9b8f-c318-426f-83f9-f44e945268a2:c1691, 02a03aee-1dd1-43c9-94ca-c76e2a537489:c1686, 9fb73170-bb25-48da-afcf-6f1f9e11598f:c1687]
2019-07-10 10:42:41,990 INFO  client.GrpcClientProtocolClient (GrpcClientProtocolClient.java:onNext(255)) - client-AC1CE418446C->edec9b8f-c318-426f-83f9-f44e945268a2: receive RaftClientReply:client-AC1CE418446C->edec9b8f-c318-426f-83f9-f44e945268a2@group-352661ED3FD5, cid=1225, SUCCESS, logIndex=0, commits[edec9b8f-c318-426f-83f9-f44e945268a2:c1694, 02a03aee-1dd1-43c9-94ca-c76e2a537489:c1690, 9fb73170-bb25-48da-afcf-6f1f9e11598f:c1690]
2019-07-10 10:42:42,005 INFO  client.GrpcClientProtocolClient (GrpcClientProtocolClient.java:onNext(255)) - client-AC1CE418446C->edec9b8f-c318-426f-83f9-f44e945268a2: receive RaftClientReply:client-AC1CE418446C->edec9b8f-c318-426f-83f9-f44e945268a2@group-352661ED3FD5, cid=1226, SUCCESS, logIndex=1695, commits[edec9b8f-c318-426f-83f9-f44e945268a2:c1696, 02a03aee-1dd1-43c9-94ca-c76e2a537489:c1694, 9fb73170-bb25-48da-afcf-6f1f9e11598f:c1694]
2019-07-10 10:42:42,005 INFO  client.GrpcClientProtocolClient (GrpcClientProtocolClient.java:onNext(255)) - client-AC1CE418446C->edec9b8f-c318-426f-83f9-f44e945268a2: receive RaftClientReply:client-AC1CE418446C->edec9b8f-c318-426f-83f9-f44e945268a2@group-352661ED3FD5, cid=1227, SUCCESS, logIndex=1696, commits[edec9b8f-c318-426f-83f9-f44e945268a2:c1696, 02a03aee-1dd1-43c9-94ca-c76e2a537489:c1694, 9fb73170-bb25-48da-afcf-6f1f9e11598f:c1694]
2019-07-10 10:42:42,020 INFO  client.GrpcClientProtocolClient (GrpcClientProtocolClient.java:onNext(255)) - client-AC1CE418446C->edec9b8f-c318-426f-83f9-f44e945268a2: receive RaftClientReply:client-AC1CE418446C->edec9b8f-c318-426f-83f9-f44e945268a2@group-352661ED3FD5, cid=1228, SUCCESS, logIndex=1699, commits[edec9b8f-c318-426f-83f9-f44e945268a2:c1700, 02a03aee-1dd1-43c9-94ca-c76e2a537489:c1696, 9fb73170-bb25-48da-afcf-6f1f9e11598f:c1696]
2019-07-10 10:42:42,020 INFO  client.GrpcClientProtocolClient (GrpcClientProtocolClient.java:onNext(255)) - client-AC1CE418446C->edec9b8f-c318-426f-83f9-f44e945268a2: receive RaftClientReply:client-AC1CE418446C->edec9b8f-c318-426f-83f9-f44e945268a2@group-352661ED3FD5, cid=1229, SUCCESS, logIndex=1700, commits[edec9b8f-c318-426f-83f9-f44e945268a2:c1700, 02a03aee-1dd1-43c9-94ca-c76e2a537489:c1696, 9fb73170-bb25-48da-afcf-6f1f9e11598f:c1696]
2019-07-10 10:42:42,035 INFO  client.GrpcClientProtocolClient (GrpcClientProtocolClient.java:onNext(255)) - client-AC1CE418446C->edec9b8f-c318-426f-83f9-f44e945268a2: receive RaftClientReply:client-AC1CE418446C->edec9b8f-c318-426f-83f9-f44e945268a2@group-352661ED3FD5, cid=1230, SUCCESS, logIndex=0, commits[edec9b8f-c318-426f-83f9-f44e945268a2:c1702, 02a03aee-1dd1-43c9-94ca-c76e2a537489:c1700, 9fb73170-bb25-48da-afcf-6f1f9e11598f:c1700]
2019-07-10 10:42:42,055 INFO  client.GrpcClientProtocolClient (GrpcClientProtocolClient.java:onNext(255)) - client-AC1CE418446C->edec9b8f-c318-426f-83f9-f44e945268a2: receive RaftClientReply:client-AC1CE418446C->edec9b8f-c318-426f-83f9-f44e945268a2@group-352661ED3FD5, cid=1231, SUCCESS, logIndex=1703, commits[edec9b8f-c318-426f-83f9-f44e945268a2:c1704, 02a03aee-1dd1-43c9-94ca-c76e2a537489:c1702, 9fb73170-bb25-48da-afcf-6f1f9e11598f:c1702]
2019-07-10 10:42:42,055 INFO  client.GrpcClientProtocolClient (GrpcClientProtocolClient.java:onNext(255)) - client-AC1CE418446C->edec9b8f-c318-426f-83f9-f44e945268a2: receive RaftClientReply:client-AC1CE418446C->edec9b8f-c318-426f-83f9-f44e945268a2@group-352661ED3FD5, cid=1232, SUCCESS, logIndex=1704, commits[edec9b8f-c318-426f-83f9-f44e945268a2:c1705, 02a03aee-1dd1-43c9-94ca-c76e2a537489:c1702, 9fb73170-bb25-48da-afcf-6f1f9e11598f:c1702]
2019-07-10 10:42:42,056 INFO  client.GrpcClientProtocolClient (GrpcClientProtocolClient.java:onNext(255)) - client-AC1CE418446C->edec9b8f-c318-426f-83f9-f44e945268a2: receive RaftClientReply:client-AC1CE418446C->edec9b8f-c318-426f-83f9-f44e945268a2@group-352661ED3FD5, cid=1233, SUCCESS, logIndex=1705, commits[edec9b8f-c318-426f-83f9-f44e945268a2:c1706, 02a03aee-1dd1-43c9-94ca-c76e2a537489:c1702, 9fb73170-bb25-48da-afcf-6f1f9e11598f:c1702]
2019-07-10 10:42:42,056 INFO  client.GrpcClientProtocolClient (GrpcClientProtocolClient.java:onNext(255)) - client-AC1CE418446C->edec9b8f-c318-426f-83f9-f44e945268a2: receive RaftClientReply:client-AC1CE418446C->edec9b8f-c318-426f-83f9-f44e945268a2@group-352661ED3FD5, cid=1234, SUCCESS, logIndex=1706, commits[edec9b8f-c318-426f-83f9-f44e945268a2:c1706, 02a03aee-1dd1-43c9-94ca-c76e2a537489:c1702, 9fb73170-bb25-48da-afcf-6f1f9e11598f:c1702]
2019-07-10 10:42:42,069 INFO  client.GrpcClientProtocolClient (GrpcClientProtocolClient.java:onNext(255)) - client-AC1CE418446C->edec9b8f-c318-426f-83f9-f44e945268a2: receive RaftClientReply:client-AC1CE418446C->edec9b8f-c318-426f-83f9-f44e945268a2@group-352661ED3FD5, cid=1235, SUCCESS, logIndex=0, commits[edec9b8f-c318-426f-83f9-f44e945268a2:c1708, 02a03aee-1dd1-43c9-94ca-c76e2a537489:c1704, 9fb73170-bb25-48da-afcf-6f1f9e11598f:c1704]
 0.00% |█                                                                                                    |  0/1 Time: 0:00:082019-07-10 10:42:42,089 INFO  client.GrpcClientProtocolClient (GrpcClientProtocolClient.java:onNext(255)) - client-AC1CE418446C->edec9b8f-c318-426f-83f9-f44e945268a2: receive RaftClientReply:client-AC1CE418446C->edec9b8f-c318-426f-83f9-f44e945268a2@group-352661ED3FD5, cid=1236, SUCCESS, logIndex=1711, commits[edec9b8f-c318-426f-83f9-f44e945268a2:c1712, 02a03aee-1dd1-43c9-94ca-c76e2a537489:c1710, 9fb73170-bb25-48da-afcf-6f1f9e11598f:c1710]
2019-07-10 10:42:42,090 INFO  client.GrpcClientProtocolClient (GrpcClientProtocolClient.java:onNext(255)) - client-AC1CE418446C->edec9b8f-c318-426f-83f9-f44e945268a2: receive RaftClientReply:client-AC1CE418446C->edec9b8f-c318-426f-83f9-f44e945268a2@group-352661ED3FD5, cid=1237, SUCCESS, logIndex=1712, commits[edec9b8f-c318-426f-83f9-f44e945268a2:c1712, 02a03aee-1dd1-43c9-94ca-c76e2a537489:c1710, 9fb73170-bb25-48da-afcf-6f1f9e11598f:c1710]
2019-07-10 10:42:42,103 INFO  client.GrpcClientProtocolClient (GrpcClientProtocolClient.java:onNext(255)) - client-AC1CE418446C->edec9b8f-c318-426f-83f9-f44e945268a2: receive RaftClientReply:client-AC1CE418446C->edec9b8f-c318-426f-83f9-f44e945268a2@group-352661ED3FD5, cid=1238, SUCCESS, logIndex=1715, commits[edec9b8f-c318-426f-83f9-f44e945268a2:c1716, 02a03aee-1dd1-43c9-94ca-c76e2a537489:c1712, 9fb73170-bb25-48da-afcf-6f1f9e11598f:c1712]
2019-07-10 10:42:42,103 INFO  client.GrpcClientProtocolClient (GrpcClientProtocolClient.java:onNext(255)) - client-AC1CE418446C->edec9b8f-c318-426f-83f9-f44e945268a2: receive RaftClientReply:client-AC1CE418446C->edec9b8f-c318-426f-83f9-f44e945268a2@group-352661ED3FD5, cid=1239, SUCCESS, logIndex=1716, commits[edec9b8f-c318-426f-83f9-f44e945268a2:c1716, 02a03aee-1dd1-43c9-94ca-c76e2a537489:c1712, 9fb73170-bb25-48da-afcf-6f1f9e11598f:c1712]
2019-07-10 10:42:42,117 INFO  client.GrpcClientProtocolClient (GrpcClientProtocolClient.java:onNext(255)) - client-AC1CE418446C->edec9b8f-c318-426f-83f9-f44e945268a2: receive RaftClientReply:client-AC1CE418446C->edec9b8f-c318-426f-83f9-f44e945268a2@group-352661ED3FD5, cid=1240, SUCCESS, logIndex=0, commits[edec9b8f-c318-426f-83f9-f44e945268a2:c1718, 02a03aee-1dd1-43c9-94ca-c76e2a537489:c1716, 9fb73170-bb25-48da-afcf-6f1f9e11598f:c1716]
2019-07-10 10:42:42,156 INFO  client.GrpcClientProtocolClient (GrpcClientProtocolClient.java:onNext(255)) - client-AC1CE418446C->edec9b8f-c318-426f-83f9-f44e945268a2: receive RaftClientReply:client-AC1CE418446C->edec9b8f-c318-426f-83f9-f44e945268a2@group-352661ED3FD5, cid=1241, SUCCESS, logIndex=1719, commits[edec9b8f-c318-426f-83f9-f44e945268a2:c1721, 02a03aee-1dd1-43c9-94ca-c76e2a537489:c1718, 9fb73170-bb25-48da-afcf-6f1f9e11598f:c1718]
2019-07-10 10:42:42,157 INFO  client.GrpcClientProtocolClient (GrpcClientProtocolClient.java:onNext(255)) - client-AC1CE418446C->edec9b8f-c318-426f-83f9-f44e945268a2: receive RaftClientReply:client-AC1CE418446C->edec9b8f-c318-426f-83f9-f44e945268a2@group-352661ED3FD5, cid=1242, SUCCESS, logIndex=1720, commits[edec9b8f-c318-426f-83f9-f44e945268a2:c1722, 02a03aee-1dd1-43c9-94ca-c76e2a537489:c1718, 9fb73170-bb25-48da-afcf-6f1f9e11598f:c1718]
2019-07-10 10:42:42,157 INFO  client.GrpcClientProtocolClient (GrpcClientProtocolClient.java:onNext(255)) - client-AC1CE418446C->edec9b8f-c318-426f-83f9-f44e945268a2: receive RaftClientReply:client-AC1CE418446C->edec9b8f-c318-426f-83f9-f44e945268a2@group-352661ED3FD5, cid=1243, SUCCESS, logIndex=1721, commits[edec9b8f-c318-426f-83f9-f44e945268a2:c1722, 02a03aee-1dd1-43c9-94ca-c76e2a537489:c1718, 9fb73170-bb25-48da-afcf-6f1f9e11598f:c1718]
2019-07-10 10:42:42,157 INFO  client.GrpcClientProtocolClient (GrpcClientProtocolClient.java:onNext(255)) - client-AC1CE418446C->edec9b8f-c318-426f-83f9-f44e945268a2: receive RaftClientReply:client-AC1CE418446C->edec9b8f-c318-426f-83f9-f44e945268a2@group-352661ED3FD5, cid=1244, SUCCESS, logIndex=1722, commits[edec9b8f-c318-426f-83f9-f44e945268a2:c1722, 02a03aee-1dd1-43c9-94ca-c76e2a537489:c1718, 9fb73170-bb25-48da-afcf-6f1f9e11598f:c1718]
2019-07-10 10:42:42,161 INFO  client.GrpcClientProtocolClient (GrpcClientProtocolClient.java:onNext(255)) - client-AC1CE418446C->edec9b8f-c318-426f-83f9-f44e945268a2: receive RaftClientReply:client-AC1CE418446C->edec9b8f-c318-426f-83f9-f44e945268a2@group-352661ED3FD5, cid=1245, SUCCESS, logIndex=0, commits[edec9b8f-c318-426f-83f9-f44e945268a2:c1724, 02a03aee-1dd1-43c9-94ca-c76e2a537489:c1720, 9fb73170-bb25-48da-afcf-6f1f9e11598f:c1720]
2019-07-10 10:42:42,180 INFO  client.GrpcClientProtocolClient (GrpcClientProtocolClient.java:onNext(255)) - client-AC1CE418446C->edec9b8f-c318-426f-83f9-f44e945268a2: receive RaftClientReply:client-AC1CE418446C->edec9b8f-c318-426f-83f9-f44e945268a2@group-352661ED3FD5, cid=1246, SUCCESS, logIndex=1727, commits[edec9b8f-c318-426f-83f9-f44e945268a2:c1728, 02a03aee-1dd1-43c9-94ca-c76e2a537489:c1726, 9fb73170-bb25-48da-afcf-6f1f9e11598f:c1726]
2019-07-10 10:42:42,181 INFO  client.GrpcClientProtocolClient (GrpcClientProtocolClient.java:onNext(255)) - client-AC1CE418446C->edec9b8f-c318-426f-83f9-f44e945268a2: receive RaftClientReply:client-AC1CE418446C->edec9b8f-c318-426f-83f9-f44e945268a2@group-352661ED3FD5, cid=1247, SUCCESS, logIndex=1728, commits[edec9b8f-c318-426f-83f9-f44e945268a2:c1728, 02a03aee-1dd1-43c9-94ca-c76e2a537489:c1726, 9fb73170-bb25-48da-afcf-6f1f9e11598f:c1726]
2019-07-10 10:42:42,219 INFO  client.GrpcClientProtocolClient (GrpcClientProtocolClient.java:onNext(255)) - client-AC1CE418446C->edec9b8f-c318-426f-83f9-f44e945268a2: receive RaftClientReply:client-AC1CE418446C->edec9b8f-c318-426f-83f9-f44e945268a2@group-352661ED3FD5, cid=1248, SUCCESS, logIndex=1731, commits[edec9b8f-c318-426f-83f9-f44e945268a2:c1732, 02a03aee-1dd1-43c9-94ca-c76e2a537489:c1730, 9fb73170-bb25-48da-afcf-6f1f9e11598f:c1730]
2019-07-10 10:42:42,220 INFO  client.GrpcClientProtocolClient (GrpcClientProtocolClient.java:onNext(255)) - client-AC1CE418446C->edec9b8f-c318-426f-83f9-f44e945268a2: receive RaftClientReply:client-AC1CE418446C->edec9b8f-c318-426f-83f9-f44e945268a2@group-352661ED3FD5, cid=1249, SUCCESS, logIndex=1732, commits[edec9b8f-c318-426f-83f9-f44e945268a2:c1732, 02a03aee-1dd1-43c9-94ca-c76e2a537489:c1730, 9fb73170-bb25-48da-afcf-6f1f9e11598f:c1730]
2019-07-10 10:42:42,235 INFO  client.GrpcClientProtocolClient (GrpcClientProtocolClient.java:onNext(255)) - client-AC1CE418446C->edec9b8f-c318-426f-83f9-f44e945268a2: receive RaftClientReply:client-AC1CE418446C->edec9b8f-c318-426f-83f9-f44e945268a2@group-352661ED3FD5, cid=1250, SUCCESS, logIndex=0, commits[edec9b8f-c318-426f-83f9-f44e945268a2:c1733, 02a03aee-1dd1-43c9-94ca-c76e2a537489:c1732, 9fb73170-bb25-48da-afcf-6f1f9e11598f:c1732]
2019-07-10 10:42:42,282 INFO  client.GrpcClientProtocolClient (GrpcClientProtocolClient.java:onNext(255)) - client-AC1CE418446C->edec9b8f-c318-426f-83f9-f44e945268a2: receive RaftClientReply:client-AC1CE418446C->edec9b8f-c318-426f-83f9-f44e945268a2@group-352661ED3FD5, cid=1251, SUCCESS, logIndex=1735, commits[edec9b8f-c318-426f-83f9-f44e945268a2:c1736, 02a03aee-1dd1-43c9-94ca-c76e2a537489:c1734, 9fb73170-bb25-48da-afcf-6f1f9e11598f:c1734]
2019-07-10 10:42:42,283 INFO  client.GrpcClientProtocolClient (GrpcClientProtocolClient.java:onNext(255)) - client-AC1CE418446C->edec9b8f-c318-426f-83f9-f44e945268a2: receive RaftClientReply:client-AC1CE418446C->edec9b8f-c318-426f-83f9-f44e945268a2@group-352661ED3FD5, cid=1252, SUCCESS, logIndex=1736, commits[edec9b8f-c318-426f-83f9-f44e945268a2:c1736, 02a03aee-1dd1-43c9-94ca-c76e2a537489:c1734, 9fb73170-bb25-48da-afcf-6f1f9e11598f:c1734]
2019-07-10 10:42:42,284 INFO  client.GrpcClientProtocolClient (GrpcClientProtocolClient.java:onNext(255)) - client-AC1CE418446C->edec9b8f-c318-426f-83f9-f44e945268a2: receive RaftClientReply:client-AC1CE418446C->edec9b8f-c318-426f-83f9-f44e945268a2@group-352661ED3FD5, cid=1253, SUCCESS, logIndex=1737, commits[edec9b8f-c318-426f-83f9-f44e945268a2:c1738, 02a03aee-1dd1-43c9-94ca-c76e2a537489:c1734, 9fb73170-bb25-48da-afcf-6f1f9e11598f:c1734]
2019-07-10 10:42:42,284 INFO  client.GrpcClientProtocolClient (GrpcClientProtocolClient.java:onNext(255)) - client-AC1CE418446C->edec9b8f-c318-426f-83f9-f44e945268a2: receive RaftClientReply:client-AC1CE418446C->edec9b8f-c318-426f-83f9-f44e945268a2@group-352661ED3FD5, cid=1254, SUCCESS, logIndex=1738, commits[edec9b8f-c318-426f-83f9-f44e945268a2:c1738, 02a03aee-1dd1-43c9-94ca-c76e2a537489:c1734, 9fb73170-bb25-48da-afcf-6f1f9e11598f:c1734]
2019-07-10 10:42:42,285 INFO  client.GrpcClientProtocolClient (GrpcClientProtocolClient.java:onNext(255)) - client-AC1CE418446C->edec9b8f-c318-426f-83f9-f44e945268a2: receive RaftClientReply:client-AC1CE418446C->edec9b8f-c318-426f-83f9-f44e945268a2@group-352661ED3FD5, cid=1255, SUCCESS, logIndex=0, commits[edec9b8f-c318-426f-83f9-f44e945268a2:c1740, 02a03aee-1dd1-43c9-94ca-c76e2a537489:c1736, 9fb73170-bb25-48da-afcf-6f1f9e11598f:c1738]
2019-07-10 10:42:42,307 INFO  client.GrpcClientProtocolClient (GrpcClientProtocolClient.java:onNext(255)) - client-AC1CE418446C->edec9b8f-c318-426f-83f9-f44e945268a2: receive RaftClientReply:client-AC1CE418446C->edec9b8f-c318-426f-83f9-f44e945268a2@group-352661ED3FD5, cid=1256, SUCCESS, logIndex=1743, commits[edec9b8f-c318-426f-83f9-f44e945268a2:c1744, 02a03aee-1dd1-43c9-94ca-c76e2a537489:c1742, 9fb73170-bb25-48da-afcf-6f1f9e11598f:c1742]
2019-07-10 10:42:42,309 INFO  client.GrpcClientProtocolClient (GrpcClientProtocolClient.java:onNext(255)) - client-AC1CE418446C->edec9b8f-c318-426f-83f9-f44e945268a2: receive RaftClientReply:client-AC1CE418446C->edec9b8f-c318-426f-83f9-f44e945268a2@group-352661ED3FD5, cid=1257, SUCCESS, logIndex=1744, commits[edec9b8f-c318-426f-83f9-f44e945268a2:c1744, 02a03aee-1dd1-43c9-94ca-c76e2a537489:c1742, 9fb73170-bb25-48da-afcf-6f1f9e11598f:c1742]
2019-07-10 10:42:42,333 INFO  client.GrpcClientProtocolClient (GrpcClientProtocolClient.java:onNext(255)) - client-AC1CE418446C->edec9b8f-c318-426f-83f9-f44e945268a2: receive RaftClientReply:client-AC1CE418446C->edec9b8f-c318-426f-83f9-f44e945268a2@group-352661ED3FD5, cid=1258, SUCCESS, logIndex=1747, commits[edec9b8f-c318-426f-83f9-f44e945268a2:c1748, 02a03aee-1dd1-43c9-94ca-c76e2a537489:c1744, 9fb73170-bb25-48da-afcf-6f1f9e11598f:c1744]
2019-07-10 10:42:42,334 INFO  client.GrpcClientProtocolClient (GrpcClientProtocolClient.java:onNext(255)) - client-AC1CE418446C->edec9b8f-c318-426f-83f9-f44e945268a2: receive RaftClientReply:client-AC1CE418446C->edec9b8f-c318-426f-83f9-f44e945268a2@group-352661ED3FD5, cid=1259, SUCCESS, logIndex=1748, commits[edec9b8f-c318-426f-83f9-f44e945268a2:c1748, 02a03aee-1dd1-43c9-94ca-c76e2a537489:c1744, 9fb73170-bb25-48da-afcf-6f1f9e11598f:c1744]
2019-07-10 10:42:42,345 INFO  client.GrpcClientProtocolClient (GrpcClientProtocolClient.java:onNext(255)) - client-AC1CE418446C->edec9b8f-c318-426f-83f9-f44e945268a2: receive RaftClientReply:client-AC1CE418446C->edec9b8f-c318-426f-83f9-f44e945268a2@group-352661ED3FD5, cid=1260, SUCCESS, logIndex=0, commits[edec9b8f-c318-426f-83f9-f44e945268a2:c1749, 02a03aee-1dd1-43c9-94ca-c76e2a537489:c1748, 9fb73170-bb25-48da-afcf-6f1f9e11598f:c1748]
2019-07-10 10:42:42,377 INFO  client.GrpcClientProtocolClient (GrpcClientProtocolClient.java:onNext(255)) - client-AC1CE418446C->edec9b8f-c318-426f-83f9-f44e945268a2: receive RaftClientReply:client-AC1CE418446C->edec9b8f-c318-426f-83f9-f44e945268a2@group-352661ED3FD5, cid=1261, SUCCESS, logIndex=1751, commits[edec9b8f-c318-426f-83f9-f44e945268a2:c1752, 02a03aee-1dd1-43c9-94ca-c76e2a537489:c1750, 9fb73170-bb25-48da-afcf-6f1f9e11598f:c1750]
2019-07-10 10:42:42,377 INFO  client.GrpcClientProtocolClient (GrpcClientProtocolClient.java:onNext(255)) - client-AC1CE418446C->edec9b8f-c318-426f-83f9-f44e945268a2: receive RaftClientReply:client-AC1CE418446C->edec9b8f-c318-426f-83f9-f44e945268a2@group-352661ED3FD5, cid=1262, SUCCESS, logIndex=1752, commits[edec9b8f-c318-426f-83f9-f44e945268a2:c1754, 02a03aee-1dd1-43c9-94ca-c76e2a537489:c1750, 9fb73170-bb25-48da-afcf-6f1f9e11598f:c1750]
2019-07-10 10:42:42,378 INFO  client.GrpcClientProtocolClient (GrpcClientProtocolClient.java:onNext(255)) - client-AC1CE418446C->edec9b8f-c318-426f-83f9-f44e945268a2: receive RaftClientReply:client-AC1CE418446C->edec9b8f-c318-426f-83f9-f44e945268a2@group-352661ED3FD5, cid=1263, SUCCESS, logIndex=1753, commits[edec9b8f-c318-426f-83f9-f44e945268a2:c1754, 02a03aee-1dd1-43c9-94ca-c76e2a537489:c1750, 9fb73170-bb25-48da-afcf-6f1f9e11598f:c1750]
2019-07-10 10:42:42,378 INFO  client.GrpcClientProtocolClient (GrpcClientProtocolClient.java:onNext(255)) - client-AC1CE418446C->edec9b8f-c318-426f-83f9-f44e945268a2: receive RaftClientReply:client-AC1CE418446C->edec9b8f-c318-426f-83f9-f44e945268a2@group-352661ED3FD5, cid=1264, SUCCESS, logIndex=1754, commits[edec9b8f-c318-426f-83f9-f44e945268a2:c1754, 02a03aee-1dd1-43c9-94ca-c76e2a537489:c1750, 9fb73170-bb25-48da-afcf-6f1f9e11598f:c1750]
2019-07-10 10:42:42,380 INFO  client.GrpcClientProtocolClient (GrpcClientProtocolClient.java:onNext(255)) - client-AC1CE418446C->edec9b8f-c318-426f-83f9-f44e945268a2: receive RaftClientReply:client-AC1CE418446C->edec9b8f-c318-426f-83f9-f44e945268a2@group-352661ED3FD5, cid=1265, SUCCESS, logIndex=0, commits[edec9b8f-c318-426f-83f9-f44e945268a2:c1755, 02a03aee-1dd1-43c9-94ca-c76e2a537489:c1752, 9fb73170-bb25-48da-afcf-6f1f9e11598f:c1752]
2019-07-10 10:42:42,394 INFO  client.GrpcClientProtocolClient (GrpcClientProtocolClient.java:onNext(255)) - client-AC1CE418446C->edec9b8f-c318-426f-83f9-f44e945268a2: receive RaftClientReply:client-AC1CE418446C->edec9b8f-c318-426f-83f9-f44e945268a2@group-352661ED3FD5, cid=1266, SUCCESS, logIndex=1759, commits[edec9b8f-c318-426f-83f9-f44e945268a2:c1760, 02a03aee-1dd1-43c9-94ca-c76e2a537489:c1756, 9fb73170-bb25-48da-afcf-6f1f9e11598f:c1754]
2019-07-10 10:42:42,394 INFO  client.GrpcClientProtocolClient (GrpcClientProtocolClient.java:onNext(255)) - client-AC1CE418446C->edec9b8f-c318-426f-83f9-f44e945268a2: receive RaftClientReply:client-AC1CE418446C->edec9b8f-c318-426f-83f9-f44e945268a2@group-352661ED3FD5, cid=1267, SUCCESS, logIndex=1760, commits[edec9b8f-c318-426f-83f9-f44e945268a2:c1760, 02a03aee-1dd1-43c9-94ca-c76e2a537489:c1756, 9fb73170-bb25-48da-afcf-6f1f9e11598f:c1754]
2019-07-10 10:42:42,408 INFO  client.GrpcClientProtocolClient (GrpcClientProtocolClient.java:onNext(255)) - client-AC1CE418446C->edec9b8f-c318-426f-83f9-f44e945268a2: receive RaftClientReply:client-AC1CE418446C->edec9b8f-c318-426f-83f9-f44e945268a2@group-352661ED3FD5, cid=1268, SUCCESS, logIndex=1762, commits[edec9b8f-c318-426f-83f9-f44e945268a2:c1763, 02a03aee-1dd1-43c9-94ca-c76e2a537489:c1760, 9fb73170-bb25-48da-afcf-6f1f9e11598f:c1760]
2019-07-10 10:42:42,409 INFO  client.GrpcClientProtocolClient (GrpcClientProtocolClient.java:onNext(255)) - client-AC1CE418446C->edec9b8f-c318-426f-83f9-f44e945268a2: receive RaftClientReply:client-AC1CE418446C->edec9b8f-c318-426f-83f9-f44e945268a2@group-352661ED3FD5, cid=1269, SUCCESS, logIndex=1763, commits[edec9b8f-c318-426f-83f9-f44e945268a2:c1763, 02a03aee-1dd1-43c9-94ca-c76e2a537489:c1760, 9fb73170-bb25-48da-afcf-6f1f9e11598f:c1760]
2019-07-10 10:42:42,423 INFO  client.GrpcClientProtocolClient (GrpcClientProtocolClient.java:onNext(255)) - client-AC1CE418446C->edec9b8f-c318-426f-83f9-f44e945268a2: receive RaftClientReply:client-AC1CE418446C->edec9b8f-c318-426f-83f9-f44e945268a2@group-352661ED3FD5, cid=1270, SUCCESS, logIndex=0, commits[edec9b8f-c318-426f-83f9-f44e945268a2:c1764, 02a03aee-1dd1-43c9-94ca-c76e2a537489:c1763, 9fb73170-bb25-48da-afcf-6f1f9e11598f:c1763]
2019-07-10 10:42:42,469 INFO  client.GrpcClientProtocolClient (GrpcClientProtocolClient.java:onNext(255)) - client-AC1CE418446C->edec9b8f-c318-426f-83f9-f44e945268a2: receive RaftClientReply:client-AC1CE418446C->edec9b8f-c318-426f-83f9-f44e945268a2@group-352661ED3FD5, cid=1271, SUCCESS, logIndex=1766, commits[edec9b8f-c318-426f-83f9-f44e945268a2:c1768, 02a03aee-1dd1-43c9-94ca-c76e2a537489:c1765, 9fb73170-bb25-48da-afcf-6f1f9e11598f:c1763]
2019-07-10 10:42:42,470 INFO  client.GrpcClientProtocolClient (GrpcClientProtocolClient.java:onNext(255)) - client-AC1CE418446C->edec9b8f-c318-426f-83f9-f44e945268a2: receive RaftClientReply:client-AC1CE418446C->edec9b8f-c318-426f-83f9-f44e945268a2@group-352661ED3FD5, cid=1272, SUCCESS, logIndex=1767, commits[edec9b8f-c318-426f-83f9-f44e945268a2:c1769, 02a03aee-1dd1-43c9-94ca-c76e2a537489:c1765, 9fb73170-bb25-48da-afcf-6f1f9e11598f:c1765]
2019-07-10 10:42:42,470 INFO  client.GrpcClientProtocolClient (GrpcClientProtocolClient.java:onNext(255)) - client-AC1CE418446C->edec9b8f-c318-426f-83f9-f44e945268a2: receive RaftClientReply:client-AC1CE418446C->edec9b8f-c318-426f-83f9-f44e945268a2@group-352661ED3FD5, cid=1273, SUCCESS, logIndex=1768, commits[edec9b8f-c318-426f-83f9-f44e945268a2:c1769, 02a03aee-1dd1-43c9-94ca-c76e2a537489:c1765, 9fb73170-bb25-48da-afcf-6f1f9e11598f:c1765]
2019-07-10 10:42:42,471 INFO  client.GrpcClientProtocolClient (GrpcClientProtocolClient.java:onNext(255)) - client-AC1CE418446C->edec9b8f-c318-426f-83f9-f44e945268a2: receive RaftClientReply:client-AC1CE418446C->edec9b8f-c318-426f-83f9-f44e945268a2@group-352661ED3FD5, cid=1274, SUCCESS, logIndex=1769, commits[edec9b8f-c318-426f-83f9-f44e945268a2:c1769, 02a03aee-1dd1-43c9-94ca-c76e2a537489:c1765, 9fb73170-bb25-48da-afcf-6f1f9e11598f:c1765]
2019-07-10 10:42:42,484 INFO  client.GrpcClientProtocolClient (GrpcClientProtocolClient.java:onNext(255)) - client-AC1CE418446C->edec9b8f-c318-426f-83f9-f44e945268a2: receive RaftClientReply:client-AC1CE418446C->edec9b8f-c318-426f-83f9-f44e945268a2@group-352661ED3FD5, cid=1275, SUCCESS, logIndex=0, commits[edec9b8f-c318-426f-83f9-f44e945268a2:c1771, 02a03aee-1dd1-43c9-94ca-c76e2a537489:c1767, 9fb73170-bb25-48da-afcf-6f1f9e11598f:c1769]
2019-07-10 10:42:42,616 INFO  client.GrpcClientProtocolClient (GrpcClientProtocolClient.java:onNext(255)) - client-AC1CE418446C->edec9b8f-c318-426f-83f9-f44e945268a2: receive RaftClientReply:client-AC1CE418446C->edec9b8f-c318-426f-83f9-f44e945268a2@group-352661ED3FD5, cid=1276, SUCCESS, logIndex=1774, commits[edec9b8f-c318-426f-83f9-f44e945268a2:c1775, 02a03aee-1dd1-43c9-94ca-c76e2a537489:c1773, 9fb73170-bb25-48da-afcf-6f1f9e11598f:c1773]
2019-07-10 10:42:42,616 INFO  client.GrpcClientProtocolClient (GrpcClientProtocolClient.java:onNext(255)) - client-AC1CE418446C->edec9b8f-c318-426f-83f9-f44e945268a2: receive RaftClientReply:client-AC1CE418446C->edec9b8f-c318-426f-83f9-f44e945268a2@group-352661ED3FD5, cid=1277, SUCCESS, logIndex=1775, commits[edec9b8f-c318-426f-83f9-f44e945268a2:c1775, 02a03aee-1dd1-43c9-94ca-c76e2a537489:c1773, 9fb73170-bb25-48da-afcf-6f1f9e11598f:c1773]
2019-07-10 10:42:42,629 INFO  client.GrpcClientProtocolClient (GrpcClientProtocolClient.java:onNext(255)) - client-AC1CE418446C->edec9b8f-c318-426f-83f9-f44e945268a2: receive RaftClientReply:client-AC1CE418446C->edec9b8f-c318-426f-83f9-f44e945268a2@group-352661ED3FD5, cid=1278, SUCCESS, logIndex=1778, commits[edec9b8f-c318-426f-83f9-f44e945268a2:c1779, 02a03aee-1dd1-43c9-94ca-c76e2a537489:c1774, 9fb73170-bb25-48da-afcf-6f1f9e11598f:c1775]
2019-07-10 10:42:42,630 INFO  client.GrpcClientProtocolClient (GrpcClientProtocolClient.java:onNext(255)) - client-AC1CE418446C->edec9b8f-c318-426f-83f9-f44e945268a2: receive RaftClientReply:client-AC1CE418446C->edec9b8f-c318-426f-83f9-f44e945268a2@group-352661ED3FD5, cid=1279, SUCCESS, logIndex=1779, commits[edec9b8f-c318-426f-83f9-f44e945268a2:c1779, 02a03aee-1dd1-43c9-94ca-c76e2a537489:c1775, 9fb73170-bb25-48da-afcf-6f1f9e11598f:c1775]
2019-07-10 10:42:42,633 INFO  client.GrpcClientProtocolClient (GrpcClientProtocolClient.java:onNext(255)) - client-AC1CE418446C->edec9b8f-c318-426f-83f9-f44e945268a2: receive RaftClientReply:client-AC1CE418446C->edec9b8f-c318-426f-83f9-f44e945268a2@group-352661ED3FD5, cid=1280, SUCCESS, logIndex=0, commits[edec9b8f-c318-426f-83f9-f44e945268a2:c1781, 02a03aee-1dd1-43c9-94ca-c76e2a537489:c1779, 9fb73170-bb25-48da-afcf-6f1f9e11598f:c1779]
2019-07-10 10:42:42,665 INFO  client.GrpcClientProtocolClient (GrpcClientProtocolClient.java:onNext(255)) - client-AC1CE418446C->edec9b8f-c318-426f-83f9-f44e945268a2: receive RaftClientReply:client-AC1CE418446C->edec9b8f-c318-426f-83f9-f44e945268a2@group-352661ED3FD5, cid=1281, SUCCESS, logIndex=1782, commits[edec9b8f-c318-426f-83f9-f44e945268a2:c1783, 02a03aee-1dd1-43c9-94ca-c76e2a537489:c1781, 9fb73170-bb25-48da-afcf-6f1f9e11598f:c1781]
2019-07-10 10:42:42,666 INFO  client.GrpcClientProtocolClient (GrpcClientProtocolClient.java:onNext(255)) - client-AC1CE418446C->edec9b8f-c318-426f-83f9-f44e945268a2: receive RaftClientReply:client-AC1CE418446C->edec9b8f-c318-426f-83f9-f44e945268a2@group-352661ED3FD5, cid=1282, SUCCESS, logIndex=1783, commits[edec9b8f-c318-426f-83f9-f44e945268a2:c1785, 02a03aee-1dd1-43c9-94ca-c76e2a537489:c1781, 9fb73170-bb25-48da-afcf-6f1f9e11598f:c1781]
2019-07-10 10:42:42,666 INFO  client.GrpcClientProtocolClient (GrpcClientProtocolClient.java:onNext(255)) - client-AC1CE418446C->edec9b8f-c318-426f-83f9-f44e945268a2: receive RaftClientReply:client-AC1CE418446C->edec9b8f-c318-426f-83f9-f44e945268a2@group-352661ED3FD5, cid=1283, SUCCESS, logIndex=1784, commits[edec9b8f-c318-426f-83f9-f44e945268a2:c1785, 02a03aee-1dd1-43c9-94ca-c76e2a537489:c1781, 9fb73170-bb25-48da-afcf-6f1f9e11598f:c1781]
2019-07-10 10:42:42,666 INFO  client.GrpcClientProtocolClient (GrpcClientProtocolClient.java:onNext(255)) - client-AC1CE418446C->edec9b8f-c318-426f-83f9-f44e945268a2: receive RaftClientReply:client-AC1CE418446C->edec9b8f-c318-426f-83f9-f44e945268a2@group-352661ED3FD5, cid=1284, SUCCESS, logIndex=1785, commits[edec9b8f-c318-426f-83f9-f44e945268a2:c1785, 02a03aee-1dd1-43c9-94ca-c76e2a537489:c1781, 9fb73170-bb25-48da-afcf-6f1f9e11598f:c1781]
2019-07-10 10:42:42,668 INFO  client.GrpcClientProtocolClient (GrpcClientProtocolClient.java:onNext(255)) - client-AC1CE418446C->edec9b8f-c318-426f-83f9-f44e945268a2: receive RaftClientReply:client-AC1CE418446C->edec9b8f-c318-426f-83f9-f44e945268a2@group-352661ED3FD5, cid=1285, SUCCESS, logIndex=0, commits[edec9b8f-c318-426f-83f9-f44e945268a2:c1788, 02a03aee-1dd1-43c9-94ca-c76e2a537489:c1785, 9fb73170-bb25-48da-afcf-6f1f9e11598f:c1783]
2019-07-10 10:42:42,688 INFO  client.GrpcClientProtocolClient (GrpcClientProtocolClient.java:onNext(255)) - client-AC1CE418446C->edec9b8f-c318-426f-83f9-f44e945268a2: receive RaftClientReply:client-AC1CE418446C->edec9b8f-c318-426f-83f9-f44e945268a2@group-352661ED3FD5, cid=1286, SUCCESS, logIndex=1790, commits[edec9b8f-c318-426f-83f9-f44e945268a2:c1791, 02a03aee-1dd1-43c9-94ca-c76e2a537489:c1789, 9fb73170-bb25-48da-afcf-6f1f9e11598f:c1789]
2019-07-10 10:42:42,689 INFO  client.GrpcClientProtocolClient (GrpcClientProtocolClient.java:onNext(255)) - client-AC1CE418446C->edec9b8f-c318-426f-83f9-f44e945268a2: receive RaftClientReply:client-AC1CE418446C->edec9b8f-c318-426f-83f9-f44e945268a2@group-352661ED3FD5, cid=1287, SUCCESS, logIndex=1791, commits[edec9b8f-c318-426f-83f9-f44e945268a2:c1791, 02a03aee-1dd1-43c9-94ca-c76e2a537489:c1789, 9fb73170-bb25-48da-afcf-6f1f9e11598f:c1789]
2019-07-10 10:42:42,713 INFO  client.GrpcClientProtocolClient (GrpcClientProtocolClient.java:onNext(255)) - client-AC1CE418446C->edec9b8f-c318-426f-83f9-f44e945268a2: receive RaftClientReply:client-AC1CE418446C->edec9b8f-c318-426f-83f9-f44e945268a2@group-352661ED3FD5, cid=1288, SUCCESS, logIndex=1794, commits[edec9b8f-c318-426f-83f9-f44e945268a2:c1795, 02a03aee-1dd1-43c9-94ca-c76e2a537489:c1791, 9fb73170-bb25-48da-afcf-6f1f9e11598f:c1791]
2019-07-10 10:42:42,713 INFO  client.GrpcClientProtocolClient (GrpcClientProtocolClient.java:onNext(255)) - client-AC1CE418446C->edec9b8f-c318-426f-83f9-f44e945268a2: receive RaftClientReply:client-AC1CE418446C->edec9b8f-c318-426f-83f9-f44e945268a2@group-352661ED3FD5, cid=1289, SUCCESS, logIndex=1795, commits[edec9b8f-c318-426f-83f9-f44e945268a2:c1795, 02a03aee-1dd1-43c9-94ca-c76e2a537489:c1791, 9fb73170-bb25-48da-afcf-6f1f9e11598f:c1791]
2019-07-10 10:42:42,729 INFO  client.GrpcClientProtocolClient (GrpcClientProtocolClient.java:onNext(255)) - client-AC1CE418446C->edec9b8f-c318-426f-83f9-f44e945268a2: receive RaftClientReply:client-AC1CE418446C->edec9b8f-c318-426f-83f9-f44e945268a2@group-352661ED3FD5, cid=1290, SUCCESS, logIndex=0, commits[edec9b8f-c318-426f-83f9-f44e945268a2:c1796, 02a03aee-1dd1-43c9-94ca-c76e2a537489:c1795, 9fb73170-bb25-48da-afcf-6f1f9e11598f:c1795]
2019-07-10 10:42:42,758 INFO  client.GrpcClientProtocolClient (GrpcClientProtocolClient.java:onNext(255)) - client-AC1CE418446C->edec9b8f-c318-426f-83f9-f44e945268a2: receive RaftClientReply:client-AC1CE418446C->edec9b8f-c318-426f-83f9-f44e945268a2@group-352661ED3FD5, cid=1291, SUCCESS, logIndex=1798, commits[edec9b8f-c318-426f-83f9-f44e945268a2:c1799, 02a03aee-1dd1-43c9-94ca-c76e2a537489:c1797, 9fb73170-bb25-48da-afcf-6f1f9e11598f:c1797]
2019-07-10 10:42:42,759 INFO  client.GrpcClientProtocolClient (GrpcClientProtocolClient.java:onNext(255)) - client-AC1CE418446C->edec9b8f-c318-426f-83f9-f44e945268a2: receive RaftClientReply:client-AC1CE418446C->edec9b8f-c318-426f-83f9-f44e945268a2@group-352661ED3FD5, cid=1292, SUCCESS, logIndex=1799, commits[edec9b8f-c318-426f-83f9-f44e945268a2:c1799, 02a03aee-1dd1-43c9-94ca-c76e2a537489:c1797, 9fb73170-bb25-48da-afcf-6f1f9e11598f:c1797]
2019-07-10 10:42:42,759 INFO  client.GrpcClientProtocolClient (GrpcClientProtocolClient.java:onNext(255)) - client-AC1CE418446C->edec9b8f-c318-426f-83f9-f44e945268a2: receive RaftClientReply:client-AC1CE418446C->edec9b8f-c318-426f-83f9-f44e945268a2@group-352661ED3FD5, cid=1293, SUCCESS, logIndex=1800, commits[edec9b8f-c318-426f-83f9-f44e945268a2:c1801, 02a03aee-1dd1-43c9-94ca-c76e2a537489:c1797, 9fb73170-bb25-48da-afcf-6f1f9e11598f:c1797]
2019-07-10 10:42:42,760 INFO  client.GrpcClientProtocolClient (GrpcClientProtocolClient.java:onNext(255)) - client-AC1CE418446C->edec9b8f-c318-426f-83f9-f44e945268a2: receive RaftClientReply:client-AC1CE418446C->edec9b8f-c318-426f-83f9-f44e945268a2@group-352661ED3FD5, cid=1294, SUCCESS, logIndex=1801, commits[edec9b8f-c318-426f-83f9-f44e945268a2:c1801, 02a03aee-1dd1-43c9-94ca-c76e2a537489:c1797, 9fb73170-bb25-48da-afcf-6f1f9e11598f:c1797]
2019-07-10 10:42:42,773 INFO  client.GrpcClientProtocolClient (GrpcClientProtocolClient.java:onNext(255)) - client-AC1CE418446C->edec9b8f-c318-426f-83f9-f44e945268a2: receive RaftClientReply:client-AC1CE418446C->edec9b8f-c318-426f-83f9-f44e945268a2@group-352661ED3FD5, cid=1295, SUCCESS, logIndex=0, commits[edec9b8f-c318-426f-83f9-f44e945268a2:c1803, 02a03aee-1dd1-43c9-94ca-c76e2a537489:c1799, 9fb73170-bb25-48da-afcf-6f1f9e11598f:c1799]
2019-07-10 10:42:42,793 INFO  client.GrpcClientProtocolClient (GrpcClientProtocolClient.java:onNext(255)) - client-AC1CE418446C->edec9b8f-c318-426f-83f9-f44e945268a2: receive RaftClientReply:client-AC1CE418446C->edec9b8f-c318-426f-83f9-f44e945268a2@group-352661ED3FD5, cid=1296, SUCCESS, logIndex=1806, commits[edec9b8f-c318-426f-83f9-f44e945268a2:c1807, 02a03aee-1dd1-43c9-94ca-c76e2a537489:c1805, 9fb73170-bb25-48da-afcf-6f1f9e11598f:c1805]
2019-07-10 10:42:42,793 INFO  client.GrpcClientProtocolClient (GrpcClientProtocolClient.java:onNext(255)) - client-AC1CE418446C->edec9b8f-c318-426f-83f9-f44e945268a2: receive RaftClientReply:client-AC1CE418446C->edec9b8f-c318-426f-83f9-f44e945268a2@group-352661ED3FD5, cid=1297, SUCCESS, logIndex=1807, commits[edec9b8f-c318-426f-83f9-f44e945268a2:c1807, 02a03aee-1dd1-43c9-94ca-c76e2a537489:c1805, 9fb73170-bb25-48da-afcf-6f1f9e11598f:c1805]
2019-07-10 10:42:42,808 INFO  client.GrpcClientProtocolClient (GrpcClientProtocolClient.java:onNext(255)) - client-AC1CE418446C->edec9b8f-c318-426f-83f9-f44e945268a2: receive RaftClientReply:client-AC1CE418446C->edec9b8f-c318-426f-83f9-f44e945268a2@group-352661ED3FD5, cid=1298, SUCCESS, logIndex=1810, commits[edec9b8f-c318-426f-83f9-f44e945268a2:c1810, 02a03aee-1dd1-43c9-94ca-c76e2a537489:c1807, 9fb73170-bb25-48da-afcf-6f1f9e11598f:c1807]
2019-07-10 10:42:42,808 INFO  client.GrpcClientProtocolClient (GrpcClientProtocolClient.java:onNext(255)) - client-AC1CE418446C->edec9b8f-c318-426f-83f9-f44e945268a2: receive RaftClientReply:client-AC1CE418446C->edec9b8f-c318-426f-83f9-f44e945268a2@group-352661ED3FD5, cid=1299, SUCCESS, logIndex=1811, commits[edec9b8f-c318-426f-83f9-f44e945268a2:c1811, 02a03aee-1dd1-43c9-94ca-c76e2a537489:c1807, 9fb73170-bb25-48da-afcf-6f1f9e11598f:c1807]
2019-07-10 10:42:42,822 INFO  client.GrpcClientProtocolClient (GrpcClientProtocolClient.java:onNext(255)) - client-AC1CE418446C->edec9b8f-c318-426f-83f9-f44e945268a2: receive RaftClientReply:client-AC1CE418446C->edec9b8f-c318-426f-83f9-f44e945268a2@group-352661ED3FD5, cid=1300, SUCCESS, logIndex=0, commits[edec9b8f-c318-426f-83f9-f44e945268a2:c1813, 02a03aee-1dd1-43c9-94ca-c76e2a537489:c1811, 9fb73170-bb25-48da-afcf-6f1f9e11598f:c1811]
2019-07-10 10:42:42,852 INFO  client.GrpcClientProtocolClient (GrpcClientProtocolClient.java:onNext(255)) - client-AC1CE418446C->edec9b8f-c318-426f-83f9-f44e945268a2: receive RaftClientReply:client-AC1CE418446C->edec9b8f-c318-426f-83f9-f44e945268a2@group-352661ED3FD5, cid=1301, SUCCESS, logIndex=1814, commits[edec9b8f-c318-426f-83f9-f44e945268a2:c1817, 02a03aee-1dd1-43c9-94ca-c76e2a537489:c1813, 9fb73170-bb25-48da-afcf-6f1f9e11598f:c1811]
2019-07-10 10:42:42,853 INFO  client.GrpcClientProtocolClient (GrpcClientProtocolClient.java:onNext(255)) - client-AC1CE418446C->edec9b8f-c318-426f-83f9-f44e945268a2: receive RaftClientReply:client-AC1CE418446C->edec9b8f-c318-426f-83f9-f44e945268a2@group-352661ED3FD5, cid=1302, SUCCESS, logIndex=1815, commits[edec9b8f-c318-426f-83f9-f44e945268a2:c1817, 02a03aee-1dd1-43c9-94ca-c76e2a537489:c1813, 9fb73170-bb25-48da-afcf-6f1f9e11598f:c1813]
2019-07-10 10:42:42,853 INFO  client.GrpcClientProtocolClient (GrpcClientProtocolClient.java:onNext(255)) - client-AC1CE418446C->edec9b8f-c318-426f-83f9-f44e945268a2: receive RaftClientReply:client-AC1CE418446C->edec9b8f-c318-426f-83f9-f44e945268a2@group-352661ED3FD5, cid=1303, SUCCESS, logIndex=1816, commits[edec9b8f-c318-426f-83f9-f44e945268a2:c1817, 02a03aee-1dd1-43c9-94ca-c76e2a537489:c1813, 9fb73170-bb25-48da-afcf-6f1f9e11598f:c1813]
2019-07-10 10:42:42,853 INFO  client.GrpcClientProtocolClient (GrpcClientProtocolClient.java:onNext(255)) - client-AC1CE418446C->edec9b8f-c318-426f-83f9-f44e945268a2: receive RaftClientReply:client-AC1CE418446C->edec9b8f-c318-426f-83f9-f44e945268a2@group-352661ED3FD5, cid=1304, SUCCESS, logIndex=1817, commits[edec9b8f-c318-426f-83f9-f44e945268a2:c1817, 02a03aee-1dd1-43c9-94ca-c76e2a537489:c1813, 9fb73170-bb25-48da-afcf-6f1f9e11598f:c1813]
2019-07-10 10:42:42,864 INFO  client.GrpcClientProtocolClient (GrpcClientProtocolClient.java:onNext(255)) - client-AC1CE418446C->edec9b8f-c318-426f-83f9-f44e945268a2: receive RaftClientReply:client-AC1CE418446C->edec9b8f-c318-426f-83f9-f44e945268a2@group-352661ED3FD5, cid=1305, SUCCESS, logIndex=0, commits[edec9b8f-c318-426f-83f9-f44e945268a2:c1821, 02a03aee-1dd1-43c9-94ca-c76e2a537489:c1816, 9fb73170-bb25-48da-afcf-6f1f9e11598f:c1817]
2019-07-10 10:42:42,893 INFO  client.GrpcClientProtocolClient (GrpcClientProtocolClient.java:onNext(255)) - client-AC1CE418446C->edec9b8f-c318-426f-83f9-f44e945268a2: receive RaftClientReply:client-AC1CE418446C->edec9b8f-c318-426f-83f9-f44e945268a2@group-352661ED3FD5, cid=1306, SUCCESS, logIndex=1822, commits[edec9b8f-c318-426f-83f9-f44e945268a2:c1823, 02a03aee-1dd1-43c9-94ca-c76e2a537489:c1821, 9fb73170-bb25-48da-afcf-6f1f9e11598f:c1821]
2019-07-10 10:42:42,893 INFO  client.GrpcClientProtocolClient (GrpcClientProtocolClient.java:onNext(255)) - client-AC1CE418446C->edec9b8f-c318-426f-83f9-f44e945268a2: receive RaftClientReply:client-AC1CE418446C->edec9b8f-c318-426f-83f9-f44e945268a2@group-352661ED3FD5, cid=1307, SUCCESS, logIndex=1823, commits[edec9b8f-c318-426f-83f9-f44e945268a2:c1823, 02a03aee-1dd1-43c9-94ca-c76e2a537489:c1821, 9fb73170-bb25-48da-afcf-6f1f9e11598f:c1821]
2019-07-10 10:42:42,908 INFO  client.GrpcClientProtocolClient (GrpcClientProtocolClient.java:onNext(255)) - client-AC1CE418446C->edec9b8f-c318-426f-83f9-f44e945268a2: receive RaftClientReply:client-AC1CE418446C->edec9b8f-c318-426f-83f9-f44e945268a2@group-352661ED3FD5, cid=1308, SUCCESS, logIndex=1826, commits[edec9b8f-c318-426f-83f9-f44e945268a2:c1827, 02a03aee-1dd1-43c9-94ca-c76e2a537489:c1823, 9fb73170-bb25-48da-afcf-6f1f9e11598f:c1823]
2019-07-10 10:42:42,909 INFO  client.GrpcClientProtocolClient (GrpcClientProtocolClient.java:onNext(255)) - client-AC1CE418446C->edec9b8f-c318-426f-83f9-f44e945268a2: receive RaftClientReply:client-AC1CE418446C->edec9b8f-c318-426f-83f9-f44e945268a2@group-352661ED3FD5, cid=1309, SUCCESS, logIndex=1827, commits[edec9b8f-c318-426f-83f9-f44e945268a2:c1827, 02a03aee-1dd1-43c9-94ca-c76e2a537489:c1823, 9fb73170-bb25-48da-afcf-6f1f9e11598f:c1823]
2019-07-10 10:42:42,923 INFO  client.GrpcClientProtocolClient (GrpcClientProtocolClient.java:onNext(255)) - client-AC1CE418446C->edec9b8f-c318-426f-83f9-f44e945268a2: receive RaftClientReply:client-AC1CE418446C->edec9b8f-c318-426f-83f9-f44e945268a2@group-352661ED3FD5, cid=1310, SUCCESS, logIndex=0, commits[edec9b8f-c318-426f-83f9-f44e945268a2:c1828, 02a03aee-1dd1-43c9-94ca-c76e2a537489:c1827, 9fb73170-bb25-48da-afcf-6f1f9e11598f:c1827]
2019-07-10 10:42:42,953 INFO  client.GrpcClientProtocolClient (GrpcClientProtocolClient.java:onNext(255)) - client-AC1CE418446C->edec9b8f-c318-426f-83f9-f44e945268a2: receive RaftClientReply:client-AC1CE418446C->edec9b8f-c318-426f-83f9-f44e945268a2@group-352661ED3FD5, cid=1311, SUCCESS, logIndex=1830, commits[edec9b8f-c318-426f-83f9-f44e945268a2:c1831, 02a03aee-1dd1-43c9-94ca-c76e2a537489:c1829, 9fb73170-bb25-48da-afcf-6f1f9e11598f:c1829]
2019-07-10 10:42:42,953 INFO  client.GrpcClientProtocolClient (GrpcClientProtocolClient.java:onNext(255)) - client-AC1CE418446C->edec9b8f-c318-426f-83f9-f44e945268a2: receive RaftClientReply:client-AC1CE418446C->edec9b8f-c318-426f-83f9-f44e945268a2@group-352661ED3FD5, cid=1312, SUCCESS, logIndex=1831, commits[edec9b8f-c318-426f-83f9-f44e945268a2:c1833, 02a03aee-1dd1-43c9-94ca-c76e2a537489:c1829, 9fb73170-bb25-48da-afcf-6f1f9e11598f:c1829]
2019-07-10 10:42:42,954 INFO  client.GrpcClientProtocolClient (GrpcClientProtocolClient.java:onNext(255)) - client-AC1CE418446C->edec9b8f-c318-426f-83f9-f44e945268a2: receive RaftClientReply:client-AC1CE418446C->edec9b8f-c318-426f-83f9-f44e945268a2@group-352661ED3FD5, cid=1313, SUCCESS, logIndex=1832, commits[edec9b8f-c318-426f-83f9-f44e945268a2:c1833, 02a03aee-1dd1-43c9-94ca-c76e2a537489:c1829, 9fb73170-bb25-48da-afcf-6f1f9e11598f:c1829]
2019-07-10 10:42:42,954 INFO  client.GrpcClientProtocolClient (GrpcClientProtocolClient.java:onNext(255)) - client-AC1CE418446C->edec9b8f-c318-426f-83f9-f44e945268a2: receive RaftClientReply:client-AC1CE418446C->edec9b8f-c318-426f-83f9-f44e945268a2@group-352661ED3FD5, cid=1314, SUCCESS, logIndex=1833, commits[edec9b8f-c318-426f-83f9-f44e945268a2:c1833, 02a03aee-1dd1-43c9-94ca-c76e2a537489:c1829, 9fb73170-bb25-48da-afcf-6f1f9e11598f:c1829]
2019-07-10 10:42:42,965 INFO  client.GrpcClientProtocolClient (GrpcClientProtocolClient.java:onNext(255)) - client-AC1CE418446C->edec9b8f-c318-426f-83f9-f44e945268a2: receive RaftClientReply:client-AC1CE418446C->edec9b8f-c318-426f-83f9-f44e945268a2@group-352661ED3FD5, cid=1315, SUCCESS, logIndex=0, commits[edec9b8f-c318-426f-83f9-f44e945268a2:c1834, 02a03aee-1dd1-43c9-94ca-c76e2a537489:c1831, 9fb73170-bb25-48da-afcf-6f1f9e11598f:c1831]
2019-07-10 10:42:42,995 INFO  client.GrpcClientProtocolClient (GrpcClientProtocolClient.java:onNext(255)) - client-AC1CE418446C->edec9b8f-c318-426f-83f9-f44e945268a2: receive RaftClientReply:client-AC1CE418446C->edec9b8f-c318-426f-83f9-f44e945268a2@group-352661ED3FD5, cid=1316, SUCCESS, logIndex=1838, commits[edec9b8f-c318-426f-83f9-f44e945268a2:c1839, 02a03aee-1dd1-43c9-94ca-c76e2a537489:c1837, 9fb73170-bb25-48da-afcf-6f1f9e11598f:c1837]
2019-07-10 10:42:42,995 INFO  client.GrpcClientProtocolClient (GrpcClientProtocolClient.java:onNext(255)) - client-AC1CE418446C->edec9b8f-c318-426f-83f9-f44e945268a2: receive RaftClientReply:client-AC1CE418446C->edec9b8f-c318-426f-83f9-f44e945268a2@group-352661ED3FD5, cid=1317, SUCCESS, logIndex=1839, commits[edec9b8f-c318-426f-83f9-f44e945268a2:c1839, 02a03aee-1dd1-43c9-94ca-c76e2a537489:c1837, 9fb73170-bb25-48da-afcf-6f1f9e11598f:c1837]
2019-07-10 10:42:43,009 INFO  client.GrpcClientProtocolClient (GrpcClientProtocolClient.java:onNext(255)) - client-AC1CE418446C->edec9b8f-c318-426f-83f9-f44e945268a2: receive RaftClientReply:client-AC1CE418446C->edec9b8f-c318-426f-83f9-f44e945268a2@group-352661ED3FD5, cid=1318, SUCCESS, logIndex=1842, commits[edec9b8f-c318-426f-83f9-f44e945268a2:c1843, 02a03aee-1dd1-43c9-94ca-c76e2a537489:c1839, 9fb73170-bb25-48da-afcf-6f1f9e11598f:c1839]
2019-07-10 10:42:43,010 INFO  client.GrpcClientProtocolClient (GrpcClientProtocolClient.java:onNext(255)) - client-AC1CE418446C->edec9b8f-c318-426f-83f9-f44e945268a2: receive RaftClientReply:client-AC1CE418446C->edec9b8f-c318-426f-83f9-f44e945268a2@group-352661ED3FD5, cid=1319, SUCCESS, logIndex=1843, commits[edec9b8f-c318-426f-83f9-f44e945268a2:c1843, 02a03aee-1dd1-43c9-94ca-c76e2a537489:c1839, 9fb73170-bb25-48da-afcf-6f1f9e11598f:c1839]
2019-07-10 10:42:43,032 INFO  client.GrpcClientProtocolClient (GrpcClientProtocolClient.java:onNext(255)) - client-AC1CE418446C->edec9b8f-c318-426f-83f9-f44e945268a2: receive RaftClientReply:client-AC1CE418446C->edec9b8f-c318-426f-83f9-f44e945268a2@group-352661ED3FD5, cid=1320, SUCCESS, logIndex=0, commits[edec9b8f-c318-426f-83f9-f44e945268a2:c1845, 02a03aee-1dd1-43c9-94ca-c76e2a537489:c1843, 9fb73170-bb25-48da-afcf-6f1f9e11598f:c1843]
2019-07-10 10:42:43,061 INFO  client.GrpcClientProtocolClient (GrpcClientProtocolClient.java:onNext(255)) - client-AC1CE418446C->edec9b8f-c318-426f-83f9-f44e945268a2: receive RaftClientReply:client-AC1CE418446C->edec9b8f-c318-426f-83f9-f44e945268a2@group-352661ED3FD5, cid=1321, SUCCESS, logIndex=1846, commits[edec9b8f-c318-426f-83f9-f44e945268a2:c1847, 02a03aee-1dd1-43c9-94ca-c76e2a537489:c1845, 9fb73170-bb25-48da-afcf-6f1f9e11598f:c1845]
2019-07-10 10:42:43,062 INFO  client.GrpcClientProtocolClient (GrpcClientProtocolClient.java:onNext(255)) - client-AC1CE418446C->edec9b8f-c318-426f-83f9-f44e945268a2: receive RaftClientReply:client-AC1CE418446C->edec9b8f-c318-426f-83f9-f44e945268a2@group-352661ED3FD5, cid=1322, SUCCESS, logIndex=1847, commits[edec9b8f-c318-426f-83f9-f44e945268a2:c1847, 02a03aee-1dd1-43c9-94ca-c76e2a537489:c1845, 9fb73170-bb25-48da-afcf-6f1f9e11598f:c1845]
2019-07-10 10:42:43,062 INFO  client.GrpcClientProtocolClient (GrpcClientProtocolClient.java:onNext(255)) - client-AC1CE418446C->edec9b8f-c318-426f-83f9-f44e945268a2: receive RaftClientReply:client-AC1CE418446C->edec9b8f-c318-426f-83f9-f44e945268a2@group-352661ED3FD5, cid=1323, SUCCESS, logIndex=1848, commits[edec9b8f-c318-426f-83f9-f44e945268a2:c1849, 02a03aee-1dd1-43c9-94ca-c76e2a537489:c1845, 9fb73170-bb25-48da-afcf-6f1f9e11598f:c1845]
2019-07-10 10:42:43,062 INFO  client.GrpcClientProtocolClient (GrpcClientProtocolClient.java:onNext(255)) - client-AC1CE418446C->edec9b8f-c318-426f-83f9-f44e945268a2: receive RaftClientReply:client-AC1CE418446C->edec9b8f-c318-426f-83f9-f44e945268a2@group-352661ED3FD5, cid=1324, SUCCESS, logIndex=1849, commits[edec9b8f-c318-426f-83f9-f44e945268a2:c1849, 02a03aee-1dd1-43c9-94ca-c76e2a537489:c1845, 9fb73170-bb25-48da-afcf-6f1f9e11598f:c1845]
 0.00% |█                                                                                                    |  0/1 Time: 0:00:092019-07-10 10:42:43,100 INFO  client.GrpcClientProtocolClient (GrpcClientProtocolClient.java:onNext(255)) - client-AC1CE418446C->edec9b8f-c318-426f-83f9-f44e945268a2: receive RaftClientReply:client-AC1CE418446C->edec9b8f-c318-426f-83f9-f44e945268a2@group-352661ED3FD5, cid=1325, SUCCESS, logIndex=0, commits[edec9b8f-c318-426f-83f9-f44e945268a2:c1851, 02a03aee-1dd1-43c9-94ca-c76e2a537489:c1847, 9fb73170-bb25-48da-afcf-6f1f9e11598f:c1847]
2019-07-10 10:42:43,130 INFO  client.GrpcClientProtocolClient (GrpcClientProtocolClient.java:onNext(255)) - client-AC1CE418446C->edec9b8f-c318-426f-83f9-f44e945268a2: receive RaftClientReply:client-AC1CE418446C->edec9b8f-c318-426f-83f9-f44e945268a2@group-352661ED3FD5, cid=1326, SUCCESS, logIndex=1854, commits[edec9b8f-c318-426f-83f9-f44e945268a2:c1855, 02a03aee-1dd1-43c9-94ca-c76e2a537489:c1853, 9fb73170-bb25-48da-afcf-6f1f9e11598f:c1853]
2019-07-10 10:42:43,130 INFO  client.GrpcClientProtocolClient (GrpcClientProtocolClient.java:onNext(255)) - client-AC1CE418446C->edec9b8f-c318-426f-83f9-f44e945268a2: receive RaftClientReply:client-AC1CE418446C->edec9b8f-c318-426f-83f9-f44e945268a2@group-352661ED3FD5, cid=1327, SUCCESS, logIndex=1855, commits[edec9b8f-c318-426f-83f9-f44e945268a2:c1855, 02a03aee-1dd1-43c9-94ca-c76e2a537489:c1853, 9fb73170-bb25-48da-afcf-6f1f9e11598f:c1853]
2019-07-10 10:42:43,144 INFO  client.GrpcClientProtocolClient (GrpcClientProtocolClient.java:onNext(255)) - client-AC1CE418446C->edec9b8f-c318-426f-83f9-f44e945268a2: receive RaftClientReply:client-AC1CE418446C->edec9b8f-c318-426f-83f9-f44e945268a2@group-352661ED3FD5, cid=1328, SUCCESS, logIndex=1858, commits[edec9b8f-c318-426f-83f9-f44e945268a2:c1859, 02a03aee-1dd1-43c9-94ca-c76e2a537489:c1857, 9fb73170-bb25-48da-afcf-6f1f9e11598f:c1855]
2019-07-10 10:42:43,144 INFO  client.GrpcClientProtocolClient (GrpcClientProtocolClient.java:onNext(255)) - client-AC1CE418446C->edec9b8f-c318-426f-83f9-f44e945268a2: receive RaftClientReply:client-AC1CE418446C->edec9b8f-c318-426f-83f9-f44e945268a2@group-352661ED3FD5, cid=1329, SUCCESS, logIndex=1859, commits[edec9b8f-c318-426f-83f9-f44e945268a2:c1859, 02a03aee-1dd1-43c9-94ca-c76e2a537489:c1857, 9fb73170-bb25-48da-afcf-6f1f9e11598f:c1857]
2019-07-10 10:42:43,146 INFO  client.GrpcClientProtocolClient (GrpcClientProtocolClient.java:onNext(255)) - client-AC1CE418446C->edec9b8f-c318-426f-83f9-f44e945268a2: receive RaftClientReply:client-AC1CE418446C->edec9b8f-c318-426f-83f9-f44e945268a2@group-352661ED3FD5, cid=1330, SUCCESS, logIndex=0, commits[edec9b8f-c318-426f-83f9-f44e945268a2:c1860, 02a03aee-1dd1-43c9-94ca-c76e2a537489:c1859, 9fb73170-bb25-48da-afcf-6f1f9e11598f:c1859]
2019-07-10 10:42:43,170 INFO  client.GrpcClientProtocolClient (GrpcClientProtocolClient.java:onNext(255)) - client-AC1CE418446C->edec9b8f-c318-426f-83f9-f44e945268a2: receive RaftClientReply:client-AC1CE418446C->edec9b8f-c318-426f-83f9-f44e945268a2@group-352661ED3FD5, cid=1331, SUCCESS, logIndex=1862, commits[edec9b8f-c318-426f-83f9-f44e945268a2:c1863, 02a03aee-1dd1-43c9-94ca-c76e2a537489:c1861, 9fb73170-bb25-48da-afcf-6f1f9e11598f:c1861]
2019-07-10 10:42:43,171 INFO  client.GrpcClientProtocolClient (GrpcClientProtocolClient.java:onNext(255)) - client-AC1CE418446C->edec9b8f-c318-426f-83f9-f44e945268a2: receive RaftClientReply:client-AC1CE418446C->edec9b8f-c318-426f-83f9-f44e945268a2@group-352661ED3FD5, cid=1332, SUCCESS, logIndex=1863, commits[edec9b8f-c318-426f-83f9-f44e945268a2:c1863, 02a03aee-1dd1-43c9-94ca-c76e2a537489:c1861, 9fb73170-bb25-48da-afcf-6f1f9e11598f:c1861]
2019-07-10 10:42:43,172 INFO  client.GrpcClientProtocolClient (GrpcClientProtocolClient.java:onNext(255)) - client-AC1CE418446C->edec9b8f-c318-426f-83f9-f44e945268a2: receive RaftClientReply:client-AC1CE418446C->edec9b8f-c318-426f-83f9-f44e945268a2@group-352661ED3FD5, cid=1333, SUCCESS, logIndex=1864, commits[edec9b8f-c318-426f-83f9-f44e945268a2:c1865, 02a03aee-1dd1-43c9-94ca-c76e2a537489:c1861, 9fb73170-bb25-48da-afcf-6f1f9e11598f:c1861]
2019-07-10 10:42:43,173 INFO  client.GrpcClientProtocolClient (GrpcClientProtocolClient.java:onNext(255)) - client-AC1CE418446C->edec9b8f-c318-426f-83f9-f44e945268a2: receive RaftClientReply:client-AC1CE418446C->edec9b8f-c318-426f-83f9-f44e945268a2@group-352661ED3FD5, cid=1334, SUCCESS, logIndex=1865, commits[edec9b8f-c318-426f-83f9-f44e945268a2:c1865, 02a03aee-1dd1-43c9-94ca-c76e2a537489:c1861, 9fb73170-bb25-48da-afcf-6f1f9e11598f:c1861]
2019-07-10 10:42:43,175 INFO  client.GrpcClientProtocolClient (GrpcClientProtocolClient.java:onNext(255)) - client-AC1CE418446C->edec9b8f-c318-426f-83f9-f44e945268a2: receive RaftClientReply:client-AC1CE418446C->edec9b8f-c318-426f-83f9-f44e945268a2@group-352661ED3FD5, cid=1335, SUCCESS, logIndex=0, commits[edec9b8f-c318-426f-83f9-f44e945268a2:c1867, 02a03aee-1dd1-43c9-94ca-c76e2a537489:c1863, 9fb73170-bb25-48da-afcf-6f1f9e11598f:c1863]
2019-07-10 10:42:43,188 INFO  client.GrpcClientProtocolClient (GrpcClientProtocolClient.java:onNext(255)) - client-AC1CE418446C->edec9b8f-c318-426f-83f9-f44e945268a2: receive RaftClientReply:client-AC1CE418446C->edec9b8f-c318-426f-83f9-f44e945268a2@group-352661ED3FD5, cid=1336, SUCCESS, logIndex=1870, commits[edec9b8f-c318-426f-83f9-f44e945268a2:c1871, 02a03aee-1dd1-43c9-94ca-c76e2a537489:c1869, 9fb73170-bb25-48da-afcf-6f1f9e11598f:c1865]
2019-07-10 10:42:43,189 INFO  client.GrpcClientProtocolClient (GrpcClientProtocolClient.java:onNext(255)) - client-AC1CE418446C->edec9b8f-c318-426f-83f9-f44e945268a2: receive RaftClientReply:client-AC1CE418446C->edec9b8f-c318-426f-83f9-f44e945268a2@group-352661ED3FD5, cid=1337, SUCCESS, logIndex=1871, commits[edec9b8f-c318-426f-83f9-f44e945268a2:c1871, 02a03aee-1dd1-43c9-94ca-c76e2a537489:c1869, 9fb73170-bb25-48da-afcf-6f1f9e11598f:c1869]
2019-07-10 10:42:43,222 INFO  client.GrpcClientProtocolClient (GrpcClientProtocolClient.java:onNext(255)) - client-AC1CE418446C->edec9b8f-c318-426f-83f9-f44e945268a2: receive RaftClientReply:client-AC1CE418446C->edec9b8f-c318-426f-83f9-f44e945268a2@group-352661ED3FD5, cid=1338, SUCCESS, logIndex=1874, commits[edec9b8f-c318-426f-83f9-f44e945268a2:c1875, 02a03aee-1dd1-43c9-94ca-c76e2a537489:c1873, 9fb73170-bb25-48da-afcf-6f1f9e11598f:c1873]
2019-07-10 10:42:43,223 INFO  client.GrpcClientProtocolClient (GrpcClientProtocolClient.java:onNext(255)) - client-AC1CE418446C->edec9b8f-c318-426f-83f9-f44e945268a2: receive RaftClientReply:client-AC1CE418446C->edec9b8f-c318-426f-83f9-f44e945268a2@group-352661ED3FD5, cid=1339, SUCCESS, logIndex=1875, commits[edec9b8f-c318-426f-83f9-f44e945268a2:c1875, 02a03aee-1dd1-43c9-94ca-c76e2a537489:c1873, 9fb73170-bb25-48da-afcf-6f1f9e11598f:c1873]
2019-07-10 10:42:43,237 INFO  client.GrpcClientProtocolClient (GrpcClientProtocolClient.java:onNext(255)) - client-AC1CE418446C->edec9b8f-c318-426f-83f9-f44e945268a2: receive RaftClientReply:client-AC1CE418446C->edec9b8f-c318-426f-83f9-f44e945268a2@group-352661ED3FD5, cid=1340, SUCCESS, logIndex=0, commits[edec9b8f-c318-426f-83f9-f44e945268a2:c1877, 02a03aee-1dd1-43c9-94ca-c76e2a537489:c1875, 9fb73170-bb25-48da-afcf-6f1f9e11598f:c1875]
2019-07-10 10:42:43,266 INFO  client.GrpcClientProtocolClient (GrpcClientProtocolClient.java:onNext(255)) - client-AC1CE418446C->edec9b8f-c318-426f-83f9-f44e945268a2: receive RaftClientReply:client-AC1CE418446C->edec9b8f-c318-426f-83f9-f44e945268a2@group-352661ED3FD5, cid=1341, SUCCESS, logIndex=1878, commits[edec9b8f-c318-426f-83f9-f44e945268a2:c1879, 02a03aee-1dd1-43c9-94ca-c76e2a537489:c1877, 9fb73170-bb25-48da-afcf-6f1f9e11598f:c1877]
2019-07-10 10:42:43,267 INFO  client.GrpcClientProtocolClient (GrpcClientProtocolClient.java:onNext(255)) - client-AC1CE418446C->edec9b8f-c318-426f-83f9-f44e945268a2: receive RaftClientReply:client-AC1CE418446C->edec9b8f-c318-426f-83f9-f44e945268a2@group-352661ED3FD5, cid=1342, SUCCESS, logIndex=1879, commits[edec9b8f-c318-426f-83f9-f44e945268a2:c1880, 02a03aee-1dd1-43c9-94ca-c76e2a537489:c1877, 9fb73170-bb25-48da-afcf-6f1f9e11598f:c1877]
2019-07-10 10:42:43,267 INFO  client.GrpcClientProtocolClient (GrpcClientProtocolClient.java:onNext(255)) - client-AC1CE418446C->edec9b8f-c318-426f-83f9-f44e945268a2: receive RaftClientReply:client-AC1CE418446C->edec9b8f-c318-426f-83f9-f44e945268a2@group-352661ED3FD5, cid=1343, SUCCESS, logIndex=1880, commits[edec9b8f-c318-426f-83f9-f44e945268a2:c1881, 02a03aee-1dd1-43c9-94ca-c76e2a537489:c1877, 9fb73170-bb25-48da-afcf-6f1f9e11598f:c1877]
2019-07-10 10:42:43,267 INFO  client.GrpcClientProtocolClient (GrpcClientProtocolClient.java:onNext(255)) - client-AC1CE418446C->edec9b8f-c318-426f-83f9-f44e945268a2: receive RaftClientReply:client-AC1CE418446C->edec9b8f-c318-426f-83f9-f44e945268a2@group-352661ED3FD5, cid=1344, SUCCESS, logIndex=1881, commits[edec9b8f-c318-426f-83f9-f44e945268a2:c1881, 02a03aee-1dd1-43c9-94ca-c76e2a537489:c1877, 9fb73170-bb25-48da-afcf-6f1f9e11598f:c1877]
2019-07-10 10:42:43,377 INFO  client.GrpcClientProtocolClient (GrpcClientProtocolClient.java:onNext(255)) - client-AC1CE418446C->edec9b8f-c318-426f-83f9-f44e945268a2: receive RaftClientReply:client-AC1CE418446C->edec9b8f-c318-426f-83f9-f44e945268a2@group-352661ED3FD5, cid=1345, SUCCESS, logIndex=0, commits[edec9b8f-c318-426f-83f9-f44e945268a2:c1882, 02a03aee-1dd1-43c9-94ca-c76e2a537489:c1879, 9fb73170-bb25-48da-afcf-6f1f9e11598f:c1879]
2019-07-10 10:42:43,399 INFO  client.GrpcClientProtocolClient (GrpcClientProtocolClient.java:onNext(255)) - client-AC1CE418446C->edec9b8f-c318-426f-83f9-f44e945268a2: receive RaftClientReply:client-AC1CE418446C->edec9b8f-c318-426f-83f9-f44e945268a2@group-352661ED3FD5, cid=1346, SUCCESS, logIndex=1886, commits[edec9b8f-c318-426f-83f9-f44e945268a2:c1887, 02a03aee-1dd1-43c9-94ca-c76e2a537489:c1885, 9fb73170-bb25-48da-afcf-6f1f9e11598f:c1885]
2019-07-10 10:42:43,399 INFO  client.GrpcClientProtocolClient (GrpcClientProtocolClient.java:onNext(255)) - client-AC1CE418446C->edec9b8f-c318-426f-83f9-f44e945268a2: receive RaftClientReply:client-AC1CE418446C->edec9b8f-c318-426f-83f9-f44e945268a2@group-352661ED3FD5, cid=1347, SUCCESS, logIndex=1887, commits[edec9b8f-c318-426f-83f9-f44e945268a2:c1887, 02a03aee-1dd1-43c9-94ca-c76e2a537489:c1885, 9fb73170-bb25-48da-afcf-6f1f9e11598f:c1885]
2019-07-10 10:42:43,412 INFO  client.GrpcClientProtocolClient (GrpcClientProtocolClient.java:onNext(255)) - client-AC1CE418446C->edec9b8f-c318-426f-83f9-f44e945268a2: receive RaftClientReply:client-AC1CE418446C->edec9b8f-c318-426f-83f9-f44e945268a2@group-352661ED3FD5, cid=1348, SUCCESS, logIndex=1890, commits[edec9b8f-c318-426f-83f9-f44e945268a2:c1891, 02a03aee-1dd1-43c9-94ca-c76e2a537489:c1887, 9fb73170-bb25-48da-afcf-6f1f9e11598f:c1886]
2019-07-10 10:42:43,412 INFO  client.GrpcClientProtocolClient (GrpcClientProtocolClient.java:onNext(255)) - client-AC1CE418446C->edec9b8f-c318-426f-83f9-f44e945268a2: receive RaftClientReply:client-AC1CE418446C->edec9b8f-c318-426f-83f9-f44e945268a2@group-352661ED3FD5, cid=1349, SUCCESS, logIndex=1891, commits[edec9b8f-c318-426f-83f9-f44e945268a2:c1891, 02a03aee-1dd1-43c9-94ca-c76e2a537489:c1887, 9fb73170-bb25-48da-afcf-6f1f9e11598f:c1887]
2019-07-10 10:42:43,416 INFO  client.GrpcClientProtocolClient (GrpcClientProtocolClient.java:onNext(255)) - client-AC1CE418446C->edec9b8f-c318-426f-83f9-f44e945268a2: receive RaftClientReply:client-AC1CE418446C->edec9b8f-c318-426f-83f9-f44e945268a2@group-352661ED3FD5, cid=1350, SUCCESS, logIndex=0, commits[edec9b8f-c318-426f-83f9-f44e945268a2:c1892, 02a03aee-1dd1-43c9-94ca-c76e2a537489:c1891, 9fb73170-bb25-48da-afcf-6f1f9e11598f:c1891]
2019-07-10 10:42:43,449 INFO  client.GrpcClientProtocolClient (GrpcClientProtocolClient.java:onNext(255)) - client-AC1CE418446C->edec9b8f-c318-426f-83f9-f44e945268a2: receive RaftClientReply:client-AC1CE418446C->edec9b8f-c318-426f-83f9-f44e945268a2@group-352661ED3FD5, cid=1351, SUCCESS, logIndex=1894, commits[edec9b8f-c318-426f-83f9-f44e945268a2:c1897, 02a03aee-1dd1-43c9-94ca-c76e2a537489:c1893, 9fb73170-bb25-48da-afcf-6f1f9e11598f:c1893]
2019-07-10 10:42:43,450 INFO  client.GrpcClientProtocolClient (GrpcClientProtocolClient.java:onNext(255)) - client-AC1CE418446C->edec9b8f-c318-426f-83f9-f44e945268a2: receive RaftClientReply:client-AC1CE418446C->edec9b8f-c318-426f-83f9-f44e945268a2@group-352661ED3FD5, cid=1352, SUCCESS, logIndex=1895, commits[edec9b8f-c318-426f-83f9-f44e945268a2:c1897, 02a03aee-1dd1-43c9-94ca-c76e2a537489:c1893, 9fb73170-bb25-48da-afcf-6f1f9e11598f:c1893]
2019-07-10 10:42:43,450 INFO  client.GrpcClientProtocolClient (GrpcClientProtocolClient.java:onNext(255)) - client-AC1CE418446C->edec9b8f-c318-426f-83f9-f44e945268a2: receive RaftClientReply:client-AC1CE418446C->edec9b8f-c318-426f-83f9-f44e945268a2@group-352661ED3FD5, cid=1353, SUCCESS, logIndex=1896, commits[edec9b8f-c318-426f-83f9-f44e945268a2:c1897, 02a03aee-1dd1-43c9-94ca-c76e2a537489:c1893, 9fb73170-bb25-48da-afcf-6f1f9e11598f:c1893]
2019-07-10 10:42:43,450 INFO  client.GrpcClientProtocolClient (GrpcClientProtocolClient.java:onNext(255)) - client-AC1CE418446C->edec9b8f-c318-426f-83f9-f44e945268a2: receive RaftClientReply:client-AC1CE418446C->edec9b8f-c318-426f-83f9-f44e945268a2@group-352661ED3FD5, cid=1354, SUCCESS, logIndex=1897, commits[edec9b8f-c318-426f-83f9-f44e945268a2:c1897, 02a03aee-1dd1-43c9-94ca-c76e2a537489:c1893, 9fb73170-bb25-48da-afcf-6f1f9e11598f:c1893]
2019-07-10 10:42:43,474 INFO  client.GrpcClientProtocolClient (GrpcClientProtocolClient.java:onNext(255)) - client-AC1CE418446C->edec9b8f-c318-426f-83f9-f44e945268a2: receive RaftClientReply:client-AC1CE418446C->edec9b8f-c318-426f-83f9-f44e945268a2@group-352661ED3FD5, cid=1355, SUCCESS, logIndex=0, commits[edec9b8f-c318-426f-83f9-f44e945268a2:c1898, 02a03aee-1dd1-43c9-94ca-c76e2a537489:c1895, 9fb73170-bb25-48da-afcf-6f1f9e11598f:c1895]
2019-07-10 10:42:43,498 INFO  client.GrpcClientProtocolClient (GrpcClientProtocolClient.java:onNext(255)) - client-AC1CE418446C->edec9b8f-c318-426f-83f9-f44e945268a2: receive RaftClientReply:client-AC1CE418446C->edec9b8f-c318-426f-83f9-f44e945268a2@group-352661ED3FD5, cid=1356, SUCCESS, logIndex=1902, commits[edec9b8f-c318-426f-83f9-f44e945268a2:c1903, 02a03aee-1dd1-43c9-94ca-c76e2a537489:c1901, 9fb73170-bb25-48da-afcf-6f1f9e11598f:c1901]
2019-07-10 10:42:43,498 INFO  client.GrpcClientProtocolClient (GrpcClientProtocolClient.java:onNext(255)) - client-AC1CE418446C->edec9b8f-c318-426f-83f9-f44e945268a2: receive RaftClientReply:client-AC1CE418446C->edec9b8f-c318-426f-83f9-f44e945268a2@group-352661ED3FD5, cid=1357, SUCCESS, logIndex=1903, commits[edec9b8f-c318-426f-83f9-f44e945268a2:c1903, 02a03aee-1dd1-43c9-94ca-c76e2a537489:c1901, 9fb73170-bb25-48da-afcf-6f1f9e11598f:c1901]
2019-07-10 10:42:43,513 INFO  client.GrpcClientProtocolClient (GrpcClientProtocolClient.java:onNext(255)) - client-AC1CE418446C->edec9b8f-c318-426f-83f9-f44e945268a2: receive RaftClientReply:client-AC1CE418446C->edec9b8f-c318-426f-83f9-f44e945268a2@group-352661ED3FD5, cid=1358, SUCCESS, logIndex=1906, commits[edec9b8f-c318-426f-83f9-f44e945268a2:c1907, 02a03aee-1dd1-43c9-94ca-c76e2a537489:c1903, 9fb73170-bb25-48da-afcf-6f1f9e11598f:c1903]
2019-07-10 10:42:43,514 INFO  client.GrpcClientProtocolClient (GrpcClientProtocolClient.java:onNext(255)) - client-AC1CE418446C->edec9b8f-c318-426f-83f9-f44e945268a2: receive RaftClientReply:client-AC1CE418446C->edec9b8f-c318-426f-83f9-f44e945268a2@group-352661ED3FD5, cid=1359, SUCCESS, logIndex=1907, commits[edec9b8f-c318-426f-83f9-f44e945268a2:c1907, 02a03aee-1dd1-43c9-94ca-c76e2a537489:c1903, 9fb73170-bb25-48da-afcf-6f1f9e11598f:c1903]
2019-07-10 10:42:43,527 INFO  client.GrpcClientProtocolClient (GrpcClientProtocolClient.java:onNext(255)) - client-AC1CE418446C->edec9b8f-c318-426f-83f9-f44e945268a2: receive RaftClientReply:client-AC1CE418446C->edec9b8f-c318-426f-83f9-f44e945268a2@group-352661ED3FD5, cid=1360, SUCCESS, logIndex=0, commits[edec9b8f-c318-426f-83f9-f44e945268a2:c1909, 02a03aee-1dd1-43c9-94ca-c76e2a537489:c1907, 9fb73170-bb25-48da-afcf-6f1f9e11598f:c1907]
2019-07-10 10:42:43,554 INFO  client.GrpcClientProtocolClient (GrpcClientProtocolClient.java:onNext(255)) - client-AC1CE418446C->edec9b8f-c318-426f-83f9-f44e945268a2: receive RaftClientReply:client-AC1CE418446C->edec9b8f-c318-426f-83f9-f44e945268a2@group-352661ED3FD5, cid=1361, SUCCESS, logIndex=1910, commits[edec9b8f-c318-426f-83f9-f44e945268a2:c1911, 02a03aee-1dd1-43c9-94ca-c76e2a537489:c1909, 9fb73170-bb25-48da-afcf-6f1f9e11598f:c1909]
2019-07-10 10:42:43,555 INFO  client.GrpcClientProtocolClient (GrpcClientProtocolClient.java:onNext(255)) - client-AC1CE418446C->edec9b8f-c318-426f-83f9-f44e945268a2: receive RaftClientReply:client-AC1CE418446C->edec9b8f-c318-426f-83f9-f44e945268a2@group-352661ED3FD5, cid=1362, SUCCESS, logIndex=1911, commits[edec9b8f-c318-426f-83f9-f44e945268a2:c1913, 02a03aee-1dd1-43c9-94ca-c76e2a537489:c1909, 9fb73170-bb25-48da-afcf-6f1f9e11598f:c1909]
2019-07-10 10:42:43,555 INFO  client.GrpcClientProtocolClient (GrpcClientProtocolClient.java:onNext(255)) - client-AC1CE418446C->edec9b8f-c318-426f-83f9-f44e945268a2: receive RaftClientReply:client-AC1CE418446C->edec9b8f-c318-426f-83f9-f44e945268a2@group-352661ED3FD5, cid=1363, SUCCESS, logIndex=1912, commits[edec9b8f-c318-426f-83f9-f44e945268a2:c1913, 02a03aee-1dd1-43c9-94ca-c76e2a537489:c1909, 9fb73170-bb25-48da-afcf-6f1f9e11598f:c1909]
2019-07-10 10:42:43,556 INFO  client.GrpcClientProtocolClient (GrpcClientProtocolClient.java:onNext(255)) - client-AC1CE418446C->edec9b8f-c318-426f-83f9-f44e945268a2: receive RaftClientReply:client-AC1CE418446C->edec9b8f-c318-426f-83f9-f44e945268a2@group-352661ED3FD5, cid=1364, SUCCESS, logIndex=1913, commits[edec9b8f-c318-426f-83f9-f44e945268a2:c1914, 02a03aee-1dd1-43c9-94ca-c76e2a537489:c1909, 9fb73170-bb25-48da-afcf-6f1f9e11598f:c1910]
2019-07-10 10:42:43,569 INFO  client.GrpcClientProtocolClient (GrpcClientProtocolClient.java:onNext(255)) - client-AC1CE418446C->edec9b8f-c318-426f-83f9-f44e945268a2: receive RaftClientReply:client-AC1CE418446C->edec9b8f-c318-426f-83f9-f44e945268a2@group-352661ED3FD5, cid=1365, SUCCESS, logIndex=0, commits[edec9b8f-c318-426f-83f9-f44e945268a2:c1915, 02a03aee-1dd1-43c9-94ca-c76e2a537489:c1911, 9fb73170-bb25-48da-afcf-6f1f9e11598f:c1911]
2019-07-10 10:42:43,589 INFO  client.GrpcClientProtocolClient (GrpcClientProtocolClient.java:onNext(255)) - client-AC1CE418446C->edec9b8f-c318-426f-83f9-f44e945268a2: receive RaftClientReply:client-AC1CE418446C->edec9b8f-c318-426f-83f9-f44e945268a2@group-352661ED3FD5, cid=1366, SUCCESS, logIndex=1918, commits[edec9b8f-c318-426f-83f9-f44e945268a2:c1919, 02a03aee-1dd1-43c9-94ca-c76e2a537489:c1917, 9fb73170-bb25-48da-afcf-6f1f9e11598f:c1917]
2019-07-10 10:42:43,590 INFO  client.GrpcClientProtocolClient (GrpcClientProtocolClient.java:onNext(255)) - client-AC1CE418446C->edec9b8f-c318-426f-83f9-f44e945268a2: receive RaftClientReply:client-AC1CE418446C->edec9b8f-c318-426f-83f9-f44e945268a2@group-352661ED3FD5, cid=1367, SUCCESS, logIndex=1919, commits[edec9b8f-c318-426f-83f9-f44e945268a2:c1919, 02a03aee-1dd1-43c9-94ca-c76e2a537489:c1917, 9fb73170-bb25-48da-afcf-6f1f9e11598f:c1917]
2019-07-10 10:42:43,602 INFO  client.GrpcClientProtocolClient (GrpcClientProtocolClient.java:onNext(255)) - client-AC1CE418446C->edec9b8f-c318-426f-83f9-f44e945268a2: receive RaftClientReply:client-AC1CE418446C->edec9b8f-c318-426f-83f9-f44e945268a2@group-352661ED3FD5, cid=1368, SUCCESS, logIndex=1922, commits[edec9b8f-c318-426f-83f9-f44e945268a2:c1922, 02a03aee-1dd1-43c9-94ca-c76e2a537489:c1919, 9fb73170-bb25-48da-afcf-6f1f9e11598f:c1919]
2019-07-10 10:42:43,603 INFO  client.GrpcClientProtocolClient (GrpcClientProtocolClient.java:onNext(255)) - client-AC1CE418446C->edec9b8f-c318-426f-83f9-f44e945268a2: receive RaftClientReply:client-AC1CE418446C->edec9b8f-c318-426f-83f9-f44e945268a2@group-352661ED3FD5, cid=1369, SUCCESS, logIndex=1923, commits[edec9b8f-c318-426f-83f9-f44e945268a2:c1923, 02a03aee-1dd1-43c9-94ca-c76e2a537489:c1919, 9fb73170-bb25-48da-afcf-6f1f9e11598f:c1919]
2019-07-10 10:42:43,616 INFO  client.GrpcClientProtocolClient (GrpcClientProtocolClient.java:onNext(255)) - client-AC1CE418446C->edec9b8f-c318-426f-83f9-f44e945268a2: receive RaftClientReply:client-AC1CE418446C->edec9b8f-c318-426f-83f9-f44e945268a2@group-352661ED3FD5, cid=1370, SUCCESS, logIndex=0, commits[edec9b8f-c318-426f-83f9-f44e945268a2:c1925, 02a03aee-1dd1-43c9-94ca-c76e2a537489:c1923, 9fb73170-bb25-48da-afcf-6f1f9e11598f:c1923]
2019-07-10 10:42:43,644 INFO  client.GrpcClientProtocolClient (GrpcClientProtocolClient.java:onNext(255)) - client-AC1CE418446C->edec9b8f-c318-426f-83f9-f44e945268a2: receive RaftClientReply:client-AC1CE418446C->edec9b8f-c318-426f-83f9-f44e945268a2@group-352661ED3FD5, cid=1371, SUCCESS, logIndex=1926, commits[edec9b8f-c318-426f-83f9-f44e945268a2:c1927, 02a03aee-1dd1-43c9-94ca-c76e2a537489:c1925, 9fb73170-bb25-48da-afcf-6f1f9e11598f:c1925]
2019-07-10 10:42:43,644 INFO  client.GrpcClientProtocolClient (GrpcClientProtocolClient.java:onNext(255)) - client-AC1CE418446C->edec9b8f-c318-426f-83f9-f44e945268a2: receive RaftClientReply:client-AC1CE418446C->edec9b8f-c318-426f-83f9-f44e945268a2@group-352661ED3FD5, cid=1372, SUCCESS, logIndex=1927, commits[edec9b8f-c318-426f-83f9-f44e945268a2:c1929, 02a03aee-1dd1-43c9-94ca-c76e2a537489:c1925, 9fb73170-bb25-48da-afcf-6f1f9e11598f:c1925]
2019-07-10 10:42:43,645 INFO  client.GrpcClientProtocolClient (GrpcClientProtocolClient.java:onNext(255)) - client-AC1CE418446C->edec9b8f-c318-426f-83f9-f44e945268a2: receive RaftClientReply:client-AC1CE418446C->edec9b8f-c318-426f-83f9-f44e945268a2@group-352661ED3FD5, cid=1373, SUCCESS, logIndex=1928, commits[edec9b8f-c318-426f-83f9-f44e945268a2:c1929, 02a03aee-1dd1-43c9-94ca-c76e2a537489:c1925, 9fb73170-bb25-48da-afcf-6f1f9e11598f:c1925]
2019-07-10 10:42:43,645 INFO  client.GrpcClientProtocolClient (GrpcClientProtocolClient.java:onNext(255)) - client-AC1CE418446C->edec9b8f-c318-426f-83f9-f44e945268a2: receive RaftClientReply:client-AC1CE418446C->edec9b8f-c318-426f-83f9-f44e945268a2@group-352661ED3FD5, cid=1374, SUCCESS, logIndex=1929, commits[edec9b8f-c318-426f-83f9-f44e945268a2:c1929, 02a03aee-1dd1-43c9-94ca-c76e2a537489:c1925, 9fb73170-bb25-48da-afcf-6f1f9e11598f:c1925]
2019-07-10 10:42:43,658 INFO  client.GrpcClientProtocolClient (GrpcClientProtocolClient.java:onNext(255)) - client-AC1CE418446C->edec9b8f-c318-426f-83f9-f44e945268a2: receive RaftClientReply:client-AC1CE418446C->edec9b8f-c318-426f-83f9-f44e945268a2@group-352661ED3FD5, cid=1375, SUCCESS, logIndex=0, commits[edec9b8f-c318-426f-83f9-f44e945268a2:c1931, 02a03aee-1dd1-43c9-94ca-c76e2a537489:c1927, 9fb73170-bb25-48da-afcf-6f1f9e11598f:c1927]
2019-07-10 10:42:43,676 INFO  client.GrpcClientProtocolClient (GrpcClientProtocolClient.java:onNext(255)) - client-AC1CE418446C->edec9b8f-c318-426f-83f9-f44e945268a2: receive RaftClientReply:client-AC1CE418446C->edec9b8f-c318-426f-83f9-f44e945268a2@group-352661ED3FD5, cid=1376, SUCCESS, logIndex=1934, commits[edec9b8f-c318-426f-83f9-f44e945268a2:c1935, 02a03aee-1dd1-43c9-94ca-c76e2a537489:c1933, 9fb73170-bb25-48da-afcf-6f1f9e11598f:c1933]
2019-07-10 10:42:43,677 INFO  client.GrpcClientProtocolClient (GrpcClientProtocolClient.java:onNext(255)) - client-AC1CE418446C->edec9b8f-c318-426f-83f9-f44e945268a2: receive RaftClientReply:client-AC1CE418446C->edec9b8f-c318-426f-83f9-f44e945268a2@group-352661ED3FD5, cid=1377, SUCCESS, logIndex=1935, commits[edec9b8f-c318-426f-83f9-f44e945268a2:c1935, 02a03aee-1dd1-43c9-94ca-c76e2a537489:c1933, 9fb73170-bb25-48da-afcf-6f1f9e11598f:c1933]
2019-07-10 10:42:43,688 INFO  client.GrpcClientProtocolClient (GrpcClientProtocolClient.java:onNext(255)) - client-AC1CE418446C->edec9b8f-c318-426f-83f9-f44e945268a2: receive RaftClientReply:client-AC1CE418446C->edec9b8f-c318-426f-83f9-f44e945268a2@group-352661ED3FD5, cid=1378, SUCCESS, logIndex=1938, commits[edec9b8f-c318-426f-83f9-f44e945268a2:c1939, 02a03aee-1dd1-43c9-94ca-c76e2a537489:c1936, 9fb73170-bb25-48da-afcf-6f1f9e11598f:c1937]
2019-07-10 10:42:43,689 INFO  client.GrpcClientProtocolClient (GrpcClientProtocolClient.java:onNext(255)) - client-AC1CE418446C->edec9b8f-c318-426f-83f9-f44e945268a2: receive RaftClientReply:client-AC1CE418446C->edec9b8f-c318-426f-83f9-f44e945268a2@group-352661ED3FD5, cid=1379, SUCCESS, logIndex=1939, commits[edec9b8f-c318-426f-83f9-f44e945268a2:c1939, 02a03aee-1dd1-43c9-94ca-c76e2a537489:c1937, 9fb73170-bb25-48da-afcf-6f1f9e11598f:c1937]
2019-07-10 10:42:43,692 INFO  client.GrpcClientProtocolClient (GrpcClientProtocolClient.java:onNext(255)) - client-AC1CE418446C->edec9b8f-c318-426f-83f9-f44e945268a2: receive RaftClientReply:client-AC1CE418446C->edec9b8f-c318-426f-83f9-f44e945268a2@group-352661ED3FD5, cid=1380, SUCCESS, logIndex=0, commits[edec9b8f-c318-426f-83f9-f44e945268a2:c1940, 02a03aee-1dd1-43c9-94ca-c76e2a537489:c1939, 9fb73170-bb25-48da-afcf-6f1f9e11598f:c1939]
2019-07-10 10:42:43,729 INFO  client.GrpcClientProtocolClient (GrpcClientProtocolClient.java:onNext(255)) - client-AC1CE418446C->edec9b8f-c318-426f-83f9-f44e945268a2: receive RaftClientReply:client-AC1CE418446C->edec9b8f-c318-426f-83f9-f44e945268a2@group-352661ED3FD5, cid=1381, SUCCESS, logIndex=1942, commits[edec9b8f-c318-426f-83f9-f44e945268a2:c1943, 02a03aee-1dd1-43c9-94ca-c76e2a537489:c1941, 9fb73170-bb25-48da-afcf-6f1f9e11598f:c1941]
2019-07-10 10:42:43,730 INFO  client.GrpcClientProtocolClient (GrpcClientProtocolClient.java:onNext(255)) - client-AC1CE418446C->edec9b8f-c318-426f-83f9-f44e945268a2: receive RaftClientReply:client-AC1CE418446C->edec9b8f-c318-426f-83f9-f44e945268a2@group-352661ED3FD5, cid=1382, SUCCESS, logIndex=1943, commits[edec9b8f-c318-426f-83f9-f44e945268a2:c1944, 02a03aee-1dd1-43c9-94ca-c76e2a537489:c1941, 9fb73170-bb25-48da-afcf-6f1f9e11598f:c1941]
2019-07-10 10:42:43,730 INFO  client.GrpcClientProtocolClient (GrpcClientProtocolClient.java:onNext(255)) - client-AC1CE418446C->edec9b8f-c318-426f-83f9-f44e945268a2: receive RaftClientReply:client-AC1CE418446C->edec9b8f-c318-426f-83f9-f44e945268a2@group-352661ED3FD5, cid=1383, SUCCESS, logIndex=1944, commits[edec9b8f-c318-426f-83f9-f44e945268a2:c1945, 02a03aee-1dd1-43c9-94ca-c76e2a537489:c1941, 9fb73170-bb25-48da-afcf-6f1f9e11598f:c1941]
2019-07-10 10:42:43,731 INFO  client.GrpcClientProtocolClient (GrpcClientProtocolClient.java:onNext(255)) - client-AC1CE418446C->edec9b8f-c318-426f-83f9-f44e945268a2: receive RaftClientReply:client-AC1CE418446C->edec9b8f-c318-426f-83f9-f44e945268a2@group-352661ED3FD5, cid=1384, SUCCESS, logIndex=1945, commits[edec9b8f-c318-426f-83f9-f44e945268a2:c1945, 02a03aee-1dd1-43c9-94ca-c76e2a537489:c1941, 9fb73170-bb25-48da-afcf-6f1f9e11598f:c1941]
2019-07-10 10:42:43,733 INFO  client.GrpcClientProtocolClient (GrpcClientProtocolClient.java:onNext(255)) - client-AC1CE418446C->edec9b8f-c318-426f-83f9-f44e945268a2: receive RaftClientReply:client-AC1CE418446C->edec9b8f-c318-426f-83f9-f44e945268a2@group-352661ED3FD5, cid=1385, SUCCESS, logIndex=0, commits[edec9b8f-c318-426f-83f9-f44e945268a2:c1947, 02a03aee-1dd1-43c9-94ca-c76e2a537489:c1943, 9fb73170-bb25-48da-afcf-6f1f9e11598f:c1943]
2019-07-10 10:42:43,748 INFO  client.GrpcClientProtocolClient (GrpcClientProtocolClient.java:onNext(255)) - client-AC1CE418446C->edec9b8f-c318-426f-83f9-f44e945268a2: receive RaftClientReply:client-AC1CE418446C->edec9b8f-c318-426f-83f9-f44e945268a2@group-352661ED3FD5, cid=1386, SUCCESS, logIndex=1950, commits[edec9b8f-c318-426f-83f9-f44e945268a2:c1951, 02a03aee-1dd1-43c9-94ca-c76e2a537489:c1948, 9fb73170-bb25-48da-afcf-6f1f9e11598f:c1948]
2019-07-10 10:42:43,748 INFO  client.GrpcClientProtocolClient (GrpcClientProtocolClient.java:onNext(255)) - client-AC1CE418446C->edec9b8f-c318-426f-83f9-f44e945268a2: receive RaftClientReply:client-AC1CE418446C->edec9b8f-c318-426f-83f9-f44e945268a2@group-352661ED3FD5, cid=1387, SUCCESS, logIndex=1951, commits[edec9b8f-c318-426f-83f9-f44e945268a2:c1951, 02a03aee-1dd1-43c9-94ca-c76e2a537489:c1948, 9fb73170-bb25-48da-afcf-6f1f9e11598f:c1948]
2019-07-10 10:42:43,762 INFO  client.GrpcClientProtocolClient (GrpcClientProtocolClient.java:onNext(255)) - client-AC1CE418446C->edec9b8f-c318-426f-83f9-f44e945268a2: receive RaftClientReply:client-AC1CE418446C->edec9b8f-c318-426f-83f9-f44e945268a2@group-352661ED3FD5, cid=1388, SUCCESS, logIndex=1953, commits[edec9b8f-c318-426f-83f9-f44e945268a2:c1954, 02a03aee-1dd1-43c9-94ca-c76e2a537489:c1951, 9fb73170-bb25-48da-afcf-6f1f9e11598f:c1951]
2019-07-10 10:42:43,763 INFO  client.GrpcClientProtocolClient (GrpcClientProtocolClient.java:onNext(255)) - client-AC1CE418446C->edec9b8f-c318-426f-83f9-f44e945268a2: receive RaftClientReply:client-AC1CE418446C->edec9b8f-c318-426f-83f9-f44e945268a2@group-352661ED3FD5, cid=1389, SUCCESS, logIndex=1954, commits[edec9b8f-c318-426f-83f9-f44e945268a2:c1954, 02a03aee-1dd1-43c9-94ca-c76e2a537489:c1951, 9fb73170-bb25-48da-afcf-6f1f9e11598f:c1951]
2019-07-10 10:42:43,781 INFO  client.GrpcClientProtocolClient (GrpcClientProtocolClient.java:onNext(255)) - client-AC1CE418446C->edec9b8f-c318-426f-83f9-f44e945268a2: receive RaftClientReply:client-AC1CE418446C->edec9b8f-c318-426f-83f9-f44e945268a2@group-352661ED3FD5, cid=1390, SUCCESS, logIndex=0, commits[edec9b8f-c318-426f-83f9-f44e945268a2:c1956, 02a03aee-1dd1-43c9-94ca-c76e2a537489:c1954, 9fb73170-bb25-48da-afcf-6f1f9e11598f:c1954]
2019-07-10 10:42:43,808 INFO  client.GrpcClientProtocolClient (GrpcClientProtocolClient.java:onNext(255)) - client-AC1CE418446C->edec9b8f-c318-426f-83f9-f44e945268a2: receive RaftClientReply:client-AC1CE418446C->edec9b8f-c318-426f-83f9-f44e945268a2@group-352661ED3FD5, cid=1391, SUCCESS, logIndex=1957, commits[edec9b8f-c318-426f-83f9-f44e945268a2:c1958, 02a03aee-1dd1-43c9-94ca-c76e2a537489:c1956, 9fb73170-bb25-48da-afcf-6f1f9e11598f:c1956]
2019-07-10 10:42:43,809 INFO  client.GrpcClientProtocolClient (GrpcClientProtocolClient.java:onNext(255)) - client-AC1CE418446C->edec9b8f-c318-426f-83f9-f44e945268a2: receive RaftClientReply:client-AC1CE418446C->edec9b8f-c318-426f-83f9-f44e945268a2@group-352661ED3FD5, cid=1392, SUCCESS, logIndex=1958, commits[edec9b8f-c318-426f-83f9-f44e945268a2:c1958, 02a03aee-1dd1-43c9-94ca-c76e2a537489:c1956, 9fb73170-bb25-48da-afcf-6f1f9e11598f:c1956]
2019-07-10 10:42:43,809 INFO  client.GrpcClientProtocolClient (GrpcClientProtocolClient.java:onNext(255)) - client-AC1CE418446C->edec9b8f-c318-426f-83f9-f44e945268a2: receive RaftClientReply:client-AC1CE418446C->edec9b8f-c318-426f-83f9-f44e945268a2@group-352661ED3FD5, cid=1393, SUCCESS, logIndex=1959, commits[edec9b8f-c318-426f-83f9-f44e945268a2:c1960, 02a03aee-1dd1-43c9-94ca-c76e2a537489:c1956, 9fb73170-bb25-48da-afcf-6f1f9e11598f:c1956]
2019-07-10 10:42:43,809 INFO  client.GrpcClientProtocolClient (GrpcClientProtocolClient.java:onNext(255)) - client-AC1CE418446C->edec9b8f-c318-426f-83f9-f44e945268a2: receive RaftClientReply:client-AC1CE418446C->edec9b8f-c318-426f-83f9-f44e945268a2@group-352661ED3FD5, cid=1394, SUCCESS, logIndex=1960, commits[edec9b8f-c318-426f-83f9-f44e945268a2:c1960, 02a03aee-1dd1-43c9-94ca-c76e2a537489:c1956, 9fb73170-bb25-48da-afcf-6f1f9e11598f:c1956]
2019-07-10 10:42:43,812 INFO  client.GrpcClientProtocolClient (GrpcClientProtocolClient.java:onNext(255)) - client-AC1CE418446C->edec9b8f-c318-426f-83f9-f44e945268a2: receive RaftClientReply:client-AC1CE418446C->edec9b8f-c318-426f-83f9-f44e945268a2@group-352661ED3FD5, cid=1395, SUCCESS, logIndex=0, commits[edec9b8f-c318-426f-83f9-f44e945268a2:c1962, 02a03aee-1dd1-43c9-94ca-c76e2a537489:c1958, 9fb73170-bb25-48da-afcf-6f1f9e11598f:c1958]
2019-07-10 10:42:43,834 INFO  client.GrpcClientProtocolClient (GrpcClientProtocolClient.java:onNext(255)) - client-AC1CE418446C->edec9b8f-c318-426f-83f9-f44e945268a2: receive RaftClientReply:client-AC1CE418446C->edec9b8f-c318-426f-83f9-f44e945268a2@group-352661ED3FD5, cid=1396, SUCCESS, logIndex=1965, commits[edec9b8f-c318-426f-83f9-f44e945268a2:c1966, 02a03aee-1dd1-43c9-94ca-c76e2a537489:c1960, 9fb73170-bb25-48da-afcf-6f1f9e11598f:c1962]
2019-07-10 10:42:43,834 INFO  client.GrpcClientProtocolClient (GrpcClientProtocolClient.java:onNext(255)) - client-AC1CE418446C->edec9b8f-c318-426f-83f9-f44e945268a2: receive RaftClientReply:client-AC1CE418446C->edec9b8f-c318-426f-83f9-f44e945268a2@group-352661ED3FD5, cid=1397, SUCCESS, logIndex=1966, commits[edec9b8f-c318-426f-83f9-f44e945268a2:c1966, 02a03aee-1dd1-43c9-94ca-c76e2a537489:c1962, 9fb73170-bb25-48da-afcf-6f1f9e11598f:c1962]
2019-07-10 10:42:43,850 INFO  client.GrpcClientProtocolClient (GrpcClientProtocolClient.java:onNext(255)) - client-AC1CE418446C->edec9b8f-c318-426f-83f9-f44e945268a2: receive RaftClientReply:client-AC1CE418446C->edec9b8f-c318-426f-83f9-f44e945268a2@group-352661ED3FD5, cid=1398, SUCCESS, logIndex=1969, commits[edec9b8f-c318-426f-83f9-f44e945268a2:c1970, 02a03aee-1dd1-43c9-94ca-c76e2a537489:c1966, 9fb73170-bb25-48da-afcf-6f1f9e11598f:c1967]
2019-07-10 10:42:43,850 INFO  client.GrpcClientProtocolClient (GrpcClientProtocolClient.java:onNext(255)) - client-AC1CE418446C->edec9b8f-c318-426f-83f9-f44e945268a2: receive RaftClientReply:client-AC1CE418446C->edec9b8f-c318-426f-83f9-f44e945268a2@group-352661ED3FD5, cid=1399, SUCCESS, logIndex=1970, commits[edec9b8f-c318-426f-83f9-f44e945268a2:c1970, 02a03aee-1dd1-43c9-94ca-c76e2a537489:c1967, 9fb73170-bb25-48da-afcf-6f1f9e11598f:c1967]
2019-07-10 10:42:43,853 INFO  client.GrpcClientProtocolClient (GrpcClientProtocolClient.java:onNext(255)) - client-AC1CE418446C->edec9b8f-c318-426f-83f9-f44e945268a2: receive RaftClientReply:client-AC1CE418446C->edec9b8f-c318-426f-83f9-f44e945268a2@group-352661ED3FD5, cid=1400, SUCCESS, logIndex=0, commits[edec9b8f-c318-426f-83f9-f44e945268a2:c1971, 02a03aee-1dd1-43c9-94ca-c76e2a537489:c1970, 9fb73170-bb25-48da-afcf-6f1f9e11598f:c1970]
2019-07-10 10:42:43,880 INFO  client.GrpcClientProtocolClient (GrpcClientProtocolClient.java:onNext(255)) - client-AC1CE418446C->edec9b8f-c318-426f-83f9-f44e945268a2: receive RaftClientReply:client-AC1CE418446C->edec9b8f-c318-426f-83f9-f44e945268a2@group-352661ED3FD5, cid=1401, SUCCESS, logIndex=1973, commits[edec9b8f-c318-426f-83f9-f44e945268a2:c1973, 02a03aee-1dd1-43c9-94ca-c76e2a537489:c1972, 9fb73170-bb25-48da-afcf-6f1f9e11598f:c1972]
2019-07-10 10:42:43,880 INFO  client.GrpcClientProtocolClient (GrpcClientProtocolClient.java:onNext(255)) - client-AC1CE418446C->edec9b8f-c318-426f-83f9-f44e945268a2: receive RaftClientReply:client-AC1CE418446C->edec9b8f-c318-426f-83f9-f44e945268a2@group-352661ED3FD5, cid=1402, SUCCESS, logIndex=1974, commits[edec9b8f-c318-426f-83f9-f44e945268a2:c1976, 02a03aee-1dd1-43c9-94ca-c76e2a537489:c1972, 9fb73170-bb25-48da-afcf-6f1f9e11598f:c1972]
2019-07-10 10:42:43,881 INFO  client.GrpcClientProtocolClient (GrpcClientProtocolClient.java:onNext(255)) - client-AC1CE418446C->edec9b8f-c318-426f-83f9-f44e945268a2: receive RaftClientReply:client-AC1CE418446C->edec9b8f-c318-426f-83f9-f44e945268a2@group-352661ED3FD5, cid=1403, SUCCESS, logIndex=1975, commits[edec9b8f-c318-426f-83f9-f44e945268a2:c1976, 02a03aee-1dd1-43c9-94ca-c76e2a537489:c1972, 9fb73170-bb25-48da-afcf-6f1f9e11598f:c1972]
2019-07-10 10:42:43,881 INFO  client.GrpcClientProtocolClient (GrpcClientProtocolClient.java:onNext(255)) - client-AC1CE418446C->edec9b8f-c318-426f-83f9-f44e945268a2: receive RaftClientReply:client-AC1CE418446C->edec9b8f-c318-426f-83f9-f44e945268a2@group-352661ED3FD5, cid=1404, SUCCESS, logIndex=1976, commits[edec9b8f-c318-426f-83f9-f44e945268a2:c1976, 02a03aee-1dd1-43c9-94ca-c76e2a537489:c1972, 9fb73170-bb25-48da-afcf-6f1f9e11598f:c1972]
2019-07-10 10:42:43,895 INFO  client.GrpcClientProtocolClient (GrpcClientProtocolClient.java:onNext(255)) - client-AC1CE418446C->edec9b8f-c318-426f-83f9-f44e945268a2: receive RaftClientReply:client-AC1CE418446C->edec9b8f-c318-426f-83f9-f44e945268a2@group-352661ED3FD5, cid=1405, SUCCESS, logIndex=0, commits[edec9b8f-c318-426f-83f9-f44e945268a2:c1979, 02a03aee-1dd1-43c9-94ca-c76e2a537489:c1975, 9fb73170-bb25-48da-afcf-6f1f9e11598f:c1976]
2019-07-10 10:42:43,916 INFO  client.GrpcClientProtocolClient (GrpcClientProtocolClient.java:onNext(255)) - client-AC1CE418446C->edec9b8f-c318-426f-83f9-f44e945268a2: receive RaftClientReply:client-AC1CE418446C->edec9b8f-c318-426f-83f9-f44e945268a2@group-352661ED3FD5, cid=1406, SUCCESS, logIndex=1980, commits[edec9b8f-c318-426f-83f9-f44e945268a2:c1981, 02a03aee-1dd1-43c9-94ca-c76e2a537489:c1979, 9fb73170-bb25-48da-afcf-6f1f9e11598f:c1979]
2019-07-10 10:42:43,917 INFO  client.GrpcClientProtocolClient (GrpcClientProtocolClient.java:onNext(255)) - client-AC1CE418446C->edec9b8f-c318-426f-83f9-f44e945268a2: receive RaftClientReply:client-AC1CE418446C->edec9b8f-c318-426f-83f9-f44e945268a2@group-352661ED3FD5, cid=1407, SUCCESS, logIndex=1981, commits[edec9b8f-c318-426f-83f9-f44e945268a2:c1981, 02a03aee-1dd1-43c9-94ca-c76e2a537489:c1979, 9fb73170-bb25-48da-afcf-6f1f9e11598f:c1979]
2019-07-10 10:42:43,931 INFO  client.GrpcClientProtocolClient (GrpcClientProtocolClient.java:onNext(255)) - client-AC1CE418446C->edec9b8f-c318-426f-83f9-f44e945268a2: receive RaftClientReply:client-AC1CE418446C->edec9b8f-c318-426f-83f9-f44e945268a2@group-352661ED3FD5, cid=1408, SUCCESS, logIndex=1984, commits[edec9b8f-c318-426f-83f9-f44e945268a2:c1984, 02a03aee-1dd1-43c9-94ca-c76e2a537489:c1981, 9fb73170-bb25-48da-afcf-6f1f9e11598f:c1981]
2019-07-10 10:42:43,931 INFO  client.GrpcClientProtocolClient (GrpcClientProtocolClient.java:onNext(255)) - client-AC1CE418446C->edec9b8f-c318-426f-83f9-f44e945268a2: receive RaftClientReply:client-AC1CE418446C->edec9b8f-c318-426f-83f9-f44e945268a2@group-352661ED3FD5, cid=1409, SUCCESS, logIndex=1985, commits[edec9b8f-c318-426f-83f9-f44e945268a2:c1985, 02a03aee-1dd1-43c9-94ca-c76e2a537489:c1981, 9fb73170-bb25-48da-afcf-6f1f9e11598f:c1981]
2019-07-10 10:42:43,944 INFO  client.GrpcClientProtocolClient (GrpcClientProtocolClient.java:onNext(255)) - client-AC1CE418446C->edec9b8f-c318-426f-83f9-f44e945268a2: receive RaftClientReply:client-AC1CE418446C->edec9b8f-c318-426f-83f9-f44e945268a2@group-352661ED3FD5, cid=1410, SUCCESS, logIndex=0, commits[edec9b8f-c318-426f-83f9-f44e945268a2:c1987, 02a03aee-1dd1-43c9-94ca-c76e2a537489:c1985, 9fb73170-bb25-48da-afcf-6f1f9e11598f:c1985]
2019-07-10 10:42:44,066 INFO  client.GrpcClientProtocolClient (GrpcClientProtocolClient.java:onNext(255)) - client-AC1CE418446C->edec9b8f-c318-426f-83f9-f44e945268a2: receive RaftClientReply:client-AC1CE418446C->edec9b8f-c318-426f-83f9-f44e945268a2@group-352661ED3FD5, cid=1411, SUCCESS, logIndex=1988, commits[edec9b8f-c318-426f-83f9-f44e945268a2:c1990, 02a03aee-1dd1-43c9-94ca-c76e2a537489:c1985, 9fb73170-bb25-48da-afcf-6f1f9e11598f:c1987]
2019-07-10 10:42:44,067 INFO  client.GrpcClientProtocolClient (GrpcClientProtocolClient.java:onNext(255)) - client-AC1CE418446C->edec9b8f-c318-426f-83f9-f44e945268a2: receive RaftClientReply:client-AC1CE418446C->edec9b8f-c318-426f-83f9-f44e945268a2@group-352661ED3FD5, cid=1412, SUCCESS, logIndex=1989, commits[edec9b8f-c318-426f-83f9-f44e945268a2:c1991, 02a03aee-1dd1-43c9-94ca-c76e2a537489:c1987, 9fb73170-bb25-48da-afcf-6f1f9e11598f:c1987]
2019-07-10 10:42:44,067 INFO  client.GrpcClientProtocolClient (GrpcClientProtocolClient.java:onNext(255)) - client-AC1CE418446C->edec9b8f-c318-426f-83f9-f44e945268a2: receive RaftClientReply:client-AC1CE418446C->edec9b8f-c318-426f-83f9-f44e945268a2@group-352661ED3FD5, cid=1413, SUCCESS, logIndex=1990, commits[edec9b8f-c318-426f-83f9-f44e945268a2:c1991, 02a03aee-1dd1-43c9-94ca-c76e2a537489:c1987, 9fb73170-bb25-48da-afcf-6f1f9e11598f:c1987]
2019-07-10 10:42:44,068 INFO  client.GrpcClientProtocolClient (GrpcClientProtocolClient.java:onNext(255)) - client-AC1CE418446C->edec9b8f-c318-426f-83f9-f44e945268a2: receive RaftClientReply:client-AC1CE418446C->edec9b8f-c318-426f-83f9-f44e945268a2@group-352661ED3FD5, cid=1414, SUCCESS, logIndex=1991, commits[edec9b8f-c318-426f-83f9-f44e945268a2:c1991, 02a03aee-1dd1-43c9-94ca-c76e2a537489:c1987, 9fb73170-bb25-48da-afcf-6f1f9e11598f:c1987]
2019-07-10 10:42:44,080 INFO  client.GrpcClientProtocolClient (GrpcClientProtocolClient.java:onNext(255)) - client-AC1CE418446C->edec9b8f-c318-426f-83f9-f44e945268a2: receive RaftClientReply:client-AC1CE418446C->edec9b8f-c318-426f-83f9-f44e945268a2@group-352661ED3FD5, cid=1415, SUCCESS, logIndex=0, commits[edec9b8f-c318-426f-83f9-f44e945268a2:c1993, 02a03aee-1dd1-43c9-94ca-c76e2a537489:c1989, 9fb73170-bb25-48da-afcf-6f1f9e11598f:c1989]
 0.00% |█                                                                                                    |  0/1 Time: 0:00:102019-07-10 10:42:44,102 INFO  client.GrpcClientProtocolClient (GrpcClientProtocolClient.java:onNext(255)) - client-AC1CE418446C->edec9b8f-c318-426f-83f9-f44e945268a2: receive RaftClientReply:client-AC1CE418446C->edec9b8f-c318-426f-83f9-f44e945268a2@group-352661ED3FD5, cid=1416, SUCCESS, logIndex=1996, commits[edec9b8f-c318-426f-83f9-f44e945268a2:c1997, 02a03aee-1dd1-43c9-94ca-c76e2a537489:c1995, 9fb73170-bb25-48da-afcf-6f1f9e11598f:c1995]
2019-07-10 10:42:44,102 INFO  client.GrpcClientProtocolClient (GrpcClientProtocolClient.java:onNext(255)) - client-AC1CE418446C->edec9b8f-c318-426f-83f9-f44e945268a2: receive RaftClientReply:client-AC1CE418446C->edec9b8f-c318-426f-83f9-f44e945268a2@group-352661ED3FD5, cid=1417, SUCCESS, logIndex=1997, commits[edec9b8f-c318-426f-83f9-f44e945268a2:c1997, 02a03aee-1dd1-43c9-94ca-c76e2a537489:c1995, 9fb73170-bb25-48da-afcf-6f1f9e11598f:c1995]
2019-07-10 10:42:44,115 INFO  client.GrpcClientProtocolClient (GrpcClientProtocolClient.java:onNext(255)) - client-AC1CE418446C->edec9b8f-c318-426f-83f9-f44e945268a2: receive RaftClientReply:client-AC1CE418446C->edec9b8f-c318-426f-83f9-f44e945268a2@group-352661ED3FD5, cid=1418, SUCCESS, logIndex=2000, commits[edec9b8f-c318-426f-83f9-f44e945268a2:c2000, 02a03aee-1dd1-43c9-94ca-c76e2a537489:c1997, 9fb73170-bb25-48da-afcf-6f1f9e11598f:c1997]
2019-07-10 10:42:44,116 INFO  client.GrpcClientProtocolClient (GrpcClientProtocolClient.java:onNext(255)) - client-AC1CE418446C->edec9b8f-c318-426f-83f9-f44e945268a2: receive RaftClientReply:client-AC1CE418446C->edec9b8f-c318-426f-83f9-f44e945268a2@group-352661ED3FD5, cid=1419, SUCCESS, logIndex=2001, commits[edec9b8f-c318-426f-83f9-f44e945268a2:c2001, 02a03aee-1dd1-43c9-94ca-c76e2a537489:c1997, 9fb73170-bb25-48da-afcf-6f1f9e11598f:c1997]
2019-07-10 10:42:44,130 INFO  client.GrpcClientProtocolClient (GrpcClientProtocolClient.java:onNext(255)) - client-AC1CE418446C->edec9b8f-c318-426f-83f9-f44e945268a2: receive RaftClientReply:client-AC1CE418446C->edec9b8f-c318-426f-83f9-f44e945268a2@group-352661ED3FD5, cid=1420, SUCCESS, logIndex=0, commits[edec9b8f-c318-426f-83f9-f44e945268a2:c2002, 02a03aee-1dd1-43c9-94ca-c76e2a537489:c2001, 9fb73170-bb25-48da-afcf-6f1f9e11598f:c2001]
2019-07-10 10:42:44,159 INFO  client.GrpcClientProtocolClient (GrpcClientProtocolClient.java:onNext(255)) - client-AC1CE418446C->edec9b8f-c318-426f-83f9-f44e945268a2: receive RaftClientReply:client-AC1CE418446C->edec9b8f-c318-426f-83f9-f44e945268a2@group-352661ED3FD5, cid=1421, SUCCESS, logIndex=2004, commits[edec9b8f-c318-426f-83f9-f44e945268a2:c2005, 02a03aee-1dd1-43c9-94ca-c76e2a537489:c2001, 9fb73170-bb25-48da-afcf-6f1f9e11598f:c2003]
2019-07-10 10:42:44,160 INFO  client.GrpcClientProtocolClient (GrpcClientProtocolClient.java:onNext(255)) - client-AC1CE418446C->edec9b8f-c318-426f-83f9-f44e945268a2: receive RaftClientReply:client-AC1CE418446C->edec9b8f-c318-426f-83f9-f44e945268a2@group-352661ED3FD5, cid=1422, SUCCESS, logIndex=2005, commits[edec9b8f-c318-426f-83f9-f44e945268a2:c2005, 02a03aee-1dd1-43c9-94ca-c76e2a537489:c2003, 9fb73170-bb25-48da-afcf-6f1f9e11598f:c2003]
2019-07-10 10:42:44,161 INFO  client.GrpcClientProtocolClient (GrpcClientProtocolClient.java:onNext(255)) - client-AC1CE418446C->edec9b8f-c318-426f-83f9-f44e945268a2: receive RaftClientReply:client-AC1CE418446C->edec9b8f-c318-426f-83f9-f44e945268a2@group-352661ED3FD5, cid=1423, SUCCESS, logIndex=2006, commits[edec9b8f-c318-426f-83f9-f44e945268a2:c2007, 02a03aee-1dd1-43c9-94ca-c76e2a537489:c2003, 9fb73170-bb25-48da-afcf-6f1f9e11598f:c2003]
2019-07-10 10:42:44,161 INFO  client.GrpcClientProtocolClient (GrpcClientProtocolClient.java:onNext(255)) - client-AC1CE418446C->edec9b8f-c318-426f-83f9-f44e945268a2: receive RaftClientReply:client-AC1CE418446C->edec9b8f-c318-426f-83f9-f44e945268a2@group-352661ED3FD5, cid=1424, SUCCESS, logIndex=2007, commits[edec9b8f-c318-426f-83f9-f44e945268a2:c2007, 02a03aee-1dd1-43c9-94ca-c76e2a537489:c2003, 9fb73170-bb25-48da-afcf-6f1f9e11598f:c2003]
2019-07-10 10:42:44,163 INFO  client.GrpcClientProtocolClient (GrpcClientProtocolClient.java:onNext(255)) - client-AC1CE418446C->edec9b8f-c318-426f-83f9-f44e945268a2: receive RaftClientReply:client-AC1CE418446C->edec9b8f-c318-426f-83f9-f44e945268a2@group-352661ED3FD5, cid=1425, SUCCESS, logIndex=0, commits[edec9b8f-c318-426f-83f9-f44e945268a2:c2009, 02a03aee-1dd1-43c9-94ca-c76e2a537489:c2005, 9fb73170-bb25-48da-afcf-6f1f9e11598f:c2005]
2019-07-10 10:42:44,175 INFO  client.GrpcClientProtocolClient (GrpcClientProtocolClient.java:onNext(255)) - client-AC1CE418446C->edec9b8f-c318-426f-83f9-f44e945268a2: receive RaftClientReply:client-AC1CE418446C->edec9b8f-c318-426f-83f9-f44e945268a2@group-352661ED3FD5, cid=1426, SUCCESS, logIndex=2012, commits[edec9b8f-c318-426f-83f9-f44e945268a2:c2013, 02a03aee-1dd1-43c9-94ca-c76e2a537489:c2007, 9fb73170-bb25-48da-afcf-6f1f9e11598f:c2009]
2019-07-10 10:42:44,176 INFO  client.GrpcClientProtocolClient (GrpcClientProtocolClient.java:onNext(255)) - client-AC1CE418446C->edec9b8f-c318-426f-83f9-f44e945268a2: receive RaftClientReply:client-AC1CE418446C->edec9b8f-c318-426f-83f9-f44e945268a2@group-352661ED3FD5, cid=1427, SUCCESS, logIndex=2013, commits[edec9b8f-c318-426f-83f9-f44e945268a2:c2013, 02a03aee-1dd1-43c9-94ca-c76e2a537489:c2007, 9fb73170-bb25-48da-afcf-6f1f9e11598f:c2009]
2019-07-10 10:42:44,195 INFO  client.GrpcClientProtocolClient (GrpcClientProtocolClient.java:onNext(255)) - client-AC1CE418446C->edec9b8f-c318-426f-83f9-f44e945268a2: receive RaftClientReply:client-AC1CE418446C->edec9b8f-c318-426f-83f9-f44e945268a2@group-352661ED3FD5, cid=1428, SUCCESS, logIndex=2016, commits[edec9b8f-c318-426f-83f9-f44e945268a2:c2017, 02a03aee-1dd1-43c9-94ca-c76e2a537489:c2015, 9fb73170-bb25-48da-afcf-6f1f9e11598f:c2015]
2019-07-10 10:42:44,195 INFO  client.GrpcClientProtocolClient (GrpcClientProtocolClient.java:onNext(255)) - client-AC1CE418446C->edec9b8f-c318-426f-83f9-f44e945268a2: receive RaftClientReply:client-AC1CE418446C->edec9b8f-c318-426f-83f9-f44e945268a2@group-352661ED3FD5, cid=1429, SUCCESS, logIndex=2017, commits[edec9b8f-c318-426f-83f9-f44e945268a2:c2017, 02a03aee-1dd1-43c9-94ca-c76e2a537489:c2015, 9fb73170-bb25-48da-afcf-6f1f9e11598f:c2015]
2019-07-10 10:42:44,207 INFO  client.GrpcClientProtocolClient (GrpcClientProtocolClient.java:onNext(255)) - client-AC1CE418446C->edec9b8f-c318-426f-83f9-f44e945268a2: receive RaftClientReply:client-AC1CE418446C->edec9b8f-c318-426f-83f9-f44e945268a2@group-352661ED3FD5, cid=1430, SUCCESS, logIndex=0, commits[edec9b8f-c318-426f-83f9-f44e945268a2:c2018, 02a03aee-1dd1-43c9-94ca-c76e2a537489:c2017, 9fb73170-bb25-48da-afcf-6f1f9e11598f:c2017]
2019-07-10 10:42:44,243 INFO  client.GrpcClientProtocolClient (GrpcClientProtocolClient.java:onNext(255)) - client-AC1CE418446C->edec9b8f-c318-426f-83f9-f44e945268a2: receive RaftClientReply:client-AC1CE418446C->edec9b8f-c318-426f-83f9-f44e945268a2@group-352661ED3FD5, cid=1431, SUCCESS, logIndex=2020, commits[edec9b8f-c318-426f-83f9-f44e945268a2:c2021, 02a03aee-1dd1-43c9-94ca-c76e2a537489:c2019, 9fb73170-bb25-48da-afcf-6f1f9e11598f:c2019]
2019-07-10 10:42:44,244 INFO  client.GrpcClientProtocolClient (GrpcClientProtocolClient.java:onNext(255)) - client-AC1CE418446C->edec9b8f-c318-426f-83f9-f44e945268a2: receive RaftClientReply:client-AC1CE418446C->edec9b8f-c318-426f-83f9-f44e945268a2@group-352661ED3FD5, cid=1432, SUCCESS, logIndex=2021, commits[edec9b8f-c318-426f-83f9-f44e945268a2:c2023, 02a03aee-1dd1-43c9-94ca-c76e2a537489:c2019, 9fb73170-bb25-48da-afcf-6f1f9e11598f:c2019]
2019-07-10 10:42:44,245 INFO  client.GrpcClientProtocolClient (GrpcClientProtocolClient.java:onNext(255)) - client-AC1CE418446C->edec9b8f-c318-426f-83f9-f44e945268a2: receive RaftClientReply:client-AC1CE418446C->edec9b8f-c318-426f-83f9-f44e945268a2@group-352661ED3FD5, cid=1433, SUCCESS, logIndex=2022, commits[edec9b8f-c318-426f-83f9-f44e945268a2:c2023, 02a03aee-1dd1-43c9-94ca-c76e2a537489:c2019, 9fb73170-bb25-48da-afcf-6f1f9e11598f:c2019]
2019-07-10 10:42:44,245 INFO  client.GrpcClientProtocolClient (GrpcClientProtocolClient.java:onNext(255)) - client-AC1CE418446C->edec9b8f-c318-426f-83f9-f44e945268a2: receive RaftClientReply:client-AC1CE418446C->edec9b8f-c318-426f-83f9-f44e945268a2@group-352661ED3FD5, cid=1434, SUCCESS, logIndex=2023, commits[edec9b8f-c318-426f-83f9-f44e945268a2:c2023, 02a03aee-1dd1-43c9-94ca-c76e2a537489:c2019, 9fb73170-bb25-48da-afcf-6f1f9e11598f:c2019]
2019-07-10 10:42:44,246 INFO  client.GrpcClientProtocolClient (GrpcClientProtocolClient.java:onNext(255)) - client-AC1CE418446C->edec9b8f-c318-426f-83f9-f44e945268a2: receive RaftClientReply:client-AC1CE418446C->edec9b8f-c318-426f-83f9-f44e945268a2@group-352661ED3FD5, cid=1435, SUCCESS, logIndex=0, commits[edec9b8f-c318-426f-83f9-f44e945268a2:c2026, 02a03aee-1dd1-43c9-94ca-c76e2a537489:c2023, 9fb73170-bb25-48da-afcf-6f1f9e11598f:c2021]
2019-07-10 10:42:44,266 INFO  client.GrpcClientProtocolClient (GrpcClientProtocolClient.java:onNext(255)) - client-AC1CE418446C->edec9b8f-c318-426f-83f9-f44e945268a2: receive RaftClientReply:client-AC1CE418446C->edec9b8f-c318-426f-83f9-f44e945268a2@group-352661ED3FD5, cid=1436, SUCCESS, logIndex=2027, commits[edec9b8f-c318-426f-83f9-f44e945268a2:c2028, 02a03aee-1dd1-43c9-94ca-c76e2a537489:c2026, 9fb73170-bb25-48da-afcf-6f1f9e11598f:c2026]
2019-07-10 10:42:44,266 INFO  client.GrpcClientProtocolClient (GrpcClientProtocolClient.java:onNext(255)) - client-AC1CE418446C->edec9b8f-c318-426f-83f9-f44e945268a2: receive RaftClientReply:client-AC1CE418446C->edec9b8f-c318-426f-83f9-f44e945268a2@group-352661ED3FD5, cid=1437, SUCCESS, logIndex=2028, commits[edec9b8f-c318-426f-83f9-f44e945268a2:c2028, 02a03aee-1dd1-43c9-94ca-c76e2a537489:c2026, 9fb73170-bb25-48da-afcf-6f1f9e11598f:c2026]
2019-07-10 10:42:44,281 INFO  client.GrpcClientProtocolClient (GrpcClientProtocolClient.java:onNext(255)) - client-AC1CE418446C->edec9b8f-c318-426f-83f9-f44e945268a2: receive RaftClientReply:client-AC1CE418446C->edec9b8f-c318-426f-83f9-f44e945268a2@group-352661ED3FD5, cid=1438, SUCCESS, logIndex=2031, commits[edec9b8f-c318-426f-83f9-f44e945268a2:c2032, 02a03aee-1dd1-43c9-94ca-c76e2a537489:c2028, 9fb73170-bb25-48da-afcf-6f1f9e11598f:c2028]
2019-07-10 10:42:44,281 INFO  client.GrpcClientProtocolClient (GrpcClientProtocolClient.java:onNext(255)) - client-AC1CE418446C->edec9b8f-c318-426f-83f9-f44e945268a2: receive RaftClientReply:client-AC1CE418446C->edec9b8f-c318-426f-83f9-f44e945268a2@group-352661ED3FD5, cid=1439, SUCCESS, logIndex=2032, commits[edec9b8f-c318-426f-83f9-f44e945268a2:c2032, 02a03aee-1dd1-43c9-94ca-c76e2a537489:c2028, 9fb73170-bb25-48da-afcf-6f1f9e11598f:c2028]
2019-07-10 10:42:44,292 INFO  client.GrpcClientProtocolClient (GrpcClientProtocolClient.java:onNext(255)) - client-AC1CE418446C->edec9b8f-c318-426f-83f9-f44e945268a2: receive RaftClientReply:client-AC1CE418446C->edec9b8f-c318-426f-83f9-f44e945268a2@group-352661ED3FD5, cid=1440, SUCCESS, logIndex=0, commits[edec9b8f-c318-426f-83f9-f44e945268a2:c2033, 02a03aee-1dd1-43c9-94ca-c76e2a537489:c2032, 9fb73170-bb25-48da-afcf-6f1f9e11598f:c2032]
2019-07-10 10:42:44,322 INFO  client.GrpcClientProtocolClient (GrpcClientProtocolClient.java:onNext(255)) - client-AC1CE418446C->edec9b8f-c318-426f-83f9-f44e945268a2: receive RaftClientReply:client-AC1CE418446C->edec9b8f-c318-426f-83f9-f44e945268a2@group-352661ED3FD5, cid=1441, SUCCESS, logIndex=2035, commits[edec9b8f-c318-426f-83f9-f44e945268a2:c2036, 02a03aee-1dd1-43c9-94ca-c76e2a537489:c2034, 9fb73170-bb25-48da-afcf-6f1f9e11598f:c2034]
2019-07-10 10:42:44,323 INFO  client.GrpcClientProtocolClient (GrpcClientProtocolClient.java:onNext(255)) - client-AC1CE418446C->edec9b8f-c318-426f-83f9-f44e945268a2: receive RaftClientReply:client-AC1CE418446C->edec9b8f-c318-426f-83f9-f44e945268a2@group-352661ED3FD5, cid=1442, SUCCESS, logIndex=2036, commits[edec9b8f-c318-426f-83f9-f44e945268a2:c2038, 02a03aee-1dd1-43c9-94ca-c76e2a537489:c2034, 9fb73170-bb25-48da-afcf-6f1f9e11598f:c2034]
2019-07-10 10:42:44,323 INFO  client.GrpcClientProtocolClient (GrpcClientProtocolClient.java:onNext(255)) - client-AC1CE418446C->edec9b8f-c318-426f-83f9-f44e945268a2: receive RaftClientReply:client-AC1CE418446C->edec9b8f-c318-426f-83f9-f44e945268a2@group-352661ED3FD5, cid=1443, SUCCESS, logIndex=2037, commits[edec9b8f-c318-426f-83f9-f44e945268a2:c2038, 02a03aee-1dd1-43c9-94ca-c76e2a537489:c2034, 9fb73170-bb25-48da-afcf-6f1f9e11598f:c2034]
2019-07-10 10:42:44,323 INFO  client.GrpcClientProtocolClient (GrpcClientProtocolClient.java:onNext(255)) - client-AC1CE418446C->edec9b8f-c318-426f-83f9-f44e945268a2: receive RaftClientReply:client-AC1CE418446C->edec9b8f-c318-426f-83f9-f44e945268a2@group-352661ED3FD5, cid=1444, SUCCESS, logIndex=2038, commits[edec9b8f-c318-426f-83f9-f44e945268a2:c2038, 02a03aee-1dd1-43c9-94ca-c76e2a537489:c2034, 9fb73170-bb25-48da-afcf-6f1f9e11598f:c2034]
2019-07-10 10:42:44,325 INFO  client.GrpcClientProtocolClient (GrpcClientProtocolClient.java:onNext(255)) - client-AC1CE418446C->edec9b8f-c318-426f-83f9-f44e945268a2: receive RaftClientReply:client-AC1CE418446C->edec9b8f-c318-426f-83f9-f44e945268a2@group-352661ED3FD5, cid=1445, SUCCESS, logIndex=0, commits[edec9b8f-c318-426f-83f9-f44e945268a2:c2039, 02a03aee-1dd1-43c9-94ca-c76e2a537489:c2036, 9fb73170-bb25-48da-afcf-6f1f9e11598f:c2036]
2019-07-10 10:42:44,337 INFO  client.GrpcClientProtocolClient (GrpcClientProtocolClient.java:onNext(255)) - client-AC1CE418446C->edec9b8f-c318-426f-83f9-f44e945268a2: receive RaftClientReply:client-AC1CE418446C->edec9b8f-c318-426f-83f9-f44e945268a2@group-352661ED3FD5, cid=1446, SUCCESS, logIndex=2042, commits[edec9b8f-c318-426f-83f9-f44e945268a2:c2043, 02a03aee-1dd1-43c9-94ca-c76e2a537489:c2038, 9fb73170-bb25-48da-afcf-6f1f9e11598f:c2039]
2019-07-10 10:42:44,337 INFO  client.GrpcClientProtocolClient (GrpcClientProtocolClient.java:onNext(255)) - client-AC1CE418446C->edec9b8f-c318-426f-83f9-f44e945268a2: receive RaftClientReply:client-AC1CE418446C->edec9b8f-c318-426f-83f9-f44e945268a2@group-352661ED3FD5, cid=1447, SUCCESS, logIndex=2043, commits[edec9b8f-c318-426f-83f9-f44e945268a2:c2043, 02a03aee-1dd1-43c9-94ca-c76e2a537489:c2038, 9fb73170-bb25-48da-afcf-6f1f9e11598f:c2039]
2019-07-10 10:42:44,355 INFO  client.GrpcClientProtocolClient (GrpcClientProtocolClient.java:onNext(255)) - client-AC1CE418446C->edec9b8f-c318-426f-83f9-f44e945268a2: receive RaftClientReply:client-AC1CE418446C->edec9b8f-c318-426f-83f9-f44e945268a2@group-352661ED3FD5, cid=1448, SUCCESS, logIndex=2045, commits[edec9b8f-c318-426f-83f9-f44e945268a2:c2046, 02a03aee-1dd1-43c9-94ca-c76e2a537489:c2044, 9fb73170-bb25-48da-afcf-6f1f9e11598f:c2044]
2019-07-10 10:42:44,356 INFO  client.GrpcClientProtocolClient (GrpcClientProtocolClient.java:onNext(255)) - client-AC1CE418446C->edec9b8f-c318-426f-83f9-f44e945268a2: receive RaftClientReply:client-AC1CE418446C->edec9b8f-c318-426f-83f9-f44e945268a2@group-352661ED3FD5, cid=1449, SUCCESS, logIndex=2046, commits[edec9b8f-c318-426f-83f9-f44e945268a2:c2046, 02a03aee-1dd1-43c9-94ca-c76e2a537489:c2044, 9fb73170-bb25-48da-afcf-6f1f9e11598f:c2044]
2019-07-10 10:42:44,370 INFO  client.GrpcClientProtocolClient (GrpcClientProtocolClient.java:onNext(255)) - client-AC1CE418446C->edec9b8f-c318-426f-83f9-f44e945268a2: receive RaftClientReply:client-AC1CE418446C->edec9b8f-c318-426f-83f9-f44e945268a2@group-352661ED3FD5, cid=1450, SUCCESS, logIndex=0, commits[edec9b8f-c318-426f-83f9-f44e945268a2:c2048, 02a03aee-1dd1-43c9-94ca-c76e2a537489:c2046, 9fb73170-bb25-48da-afcf-6f1f9e11598f:c2046]
2019-07-10 10:42:44,395 INFO  client.GrpcClientProtocolClient (GrpcClientProtocolClient.java:onNext(255)) - client-AC1CE418446C->edec9b8f-c318-426f-83f9-f44e945268a2: receive RaftClientReply:client-AC1CE418446C->edec9b8f-c318-426f-83f9-f44e945268a2@group-352661ED3FD5, cid=1451, SUCCESS, logIndex=2049, commits[edec9b8f-c318-426f-83f9-f44e945268a2:c2049, 02a03aee-1dd1-43c9-94ca-c76e2a537489:c2048, 9fb73170-bb25-48da-afcf-6f1f9e11598f:c2048]
2019-07-10 10:42:44,396 INFO  client.GrpcClientProtocolClient (GrpcClientProtocolClient.java:onNext(255)) - client-AC1CE418446C->edec9b8f-c318-426f-83f9-f44e945268a2: receive RaftClientReply:client-AC1CE418446C->edec9b8f-c318-426f-83f9-f44e945268a2@group-352661ED3FD5, cid=1452, SUCCESS, logIndex=2050, commits[edec9b8f-c318-426f-83f9-f44e945268a2:c2052, 02a03aee-1dd1-43c9-94ca-c76e2a537489:c2048, 9fb73170-bb25-48da-afcf-6f1f9e11598f:c2048]
2019-07-10 10:42:44,396 INFO  client.GrpcClientProtocolClient (GrpcClientProtocolClient.java:onNext(255)) - client-AC1CE418446C->edec9b8f-c318-426f-83f9-f44e945268a2: receive RaftClientReply:client-AC1CE418446C->edec9b8f-c318-426f-83f9-f44e945268a2@group-352661ED3FD5, cid=1453, SUCCESS, logIndex=2051, commits[edec9b8f-c318-426f-83f9-f44e945268a2:c2052, 02a03aee-1dd1-43c9-94ca-c76e2a537489:c2048, 9fb73170-bb25-48da-afcf-6f1f9e11598f:c2048]
2019-07-10 10:42:44,396 INFO  client.GrpcClientProtocolClient (GrpcClientProtocolClient.java:onNext(255)) - client-AC1CE418446C->edec9b8f-c318-426f-83f9-f44e945268a2: receive RaftClientReply:client-AC1CE418446C->edec9b8f-c318-426f-83f9-f44e945268a2@group-352661ED3FD5, cid=1454, SUCCESS, logIndex=2052, commits[edec9b8f-c318-426f-83f9-f44e945268a2:c2053, 02a03aee-1dd1-43c9-94ca-c76e2a537489:c2049, 9fb73170-bb25-48da-afcf-6f1f9e11598f:c2049]
2019-07-10 10:42:44,398 INFO  client.GrpcClientProtocolClient (GrpcClientProtocolClient.java:onNext(255)) - client-AC1CE418446C->edec9b8f-c318-426f-83f9-f44e945268a2: receive RaftClientReply:client-AC1CE418446C->edec9b8f-c318-426f-83f9-f44e945268a2@group-352661ED3FD5, cid=1455, SUCCESS, logIndex=0, commits[edec9b8f-c318-426f-83f9-f44e945268a2:c2054, 02a03aee-1dd1-43c9-94ca-c76e2a537489:c2051, 9fb73170-bb25-48da-afcf-6f1f9e11598f:c2052]
2019-07-10 10:42:44,417 INFO  client.GrpcClientProtocolClient (GrpcClientProtocolClient.java:onNext(255)) - client-AC1CE418446C->edec9b8f-c318-426f-83f9-f44e945268a2: receive RaftClientReply:client-AC1CE418446C->edec9b8f-c318-426f-83f9-f44e945268a2@group-352661ED3FD5, cid=1456, SUCCESS, logIndex=2056, commits[edec9b8f-c318-426f-83f9-f44e945268a2:c2057, 02a03aee-1dd1-43c9-94ca-c76e2a537489:c2055, 9fb73170-bb25-48da-afcf-6f1f9e11598f:c2055]
2019-07-10 10:42:44,417 INFO  client.GrpcClientProtocolClient (GrpcClientProtocolClient.java:onNext(255)) - client-AC1CE418446C->edec9b8f-c318-426f-83f9-f44e945268a2: receive RaftClientReply:client-AC1CE418446C->edec9b8f-c318-426f-83f9-f44e945268a2@group-352661ED3FD5, cid=1457, SUCCESS, logIndex=2057, commits[edec9b8f-c318-426f-83f9-f44e945268a2:c2057, 02a03aee-1dd1-43c9-94ca-c76e2a537489:c2055, 9fb73170-bb25-48da-afcf-6f1f9e11598f:c2055]
2019-07-10 10:42:44,437 INFO  client.GrpcClientProtocolClient (GrpcClientProtocolClient.java:onNext(255)) - client-AC1CE418446C->edec9b8f-c318-426f-83f9-f44e945268a2: receive RaftClientReply:client-AC1CE418446C->edec9b8f-c318-426f-83f9-f44e945268a2@group-352661ED3FD5, cid=1458, SUCCESS, logIndex=2060, commits[edec9b8f-c318-426f-83f9-f44e945268a2:c2061, 02a03aee-1dd1-43c9-94ca-c76e2a537489:c2057, 9fb73170-bb25-48da-afcf-6f1f9e11598f:c2057]
2019-07-10 10:42:44,437 INFO  client.GrpcClientProtocolClient (GrpcClientProtocolClient.java:onNext(255)) - client-AC1CE418446C->edec9b8f-c318-426f-83f9-f44e945268a2: receive RaftClientReply:client-AC1CE418446C->edec9b8f-c318-426f-83f9-f44e945268a2@group-352661ED3FD5, cid=1459, SUCCESS, logIndex=2061, commits[edec9b8f-c318-426f-83f9-f44e945268a2:c2061, 02a03aee-1dd1-43c9-94ca-c76e2a537489:c2057, 9fb73170-bb25-48da-afcf-6f1f9e11598f:c2057]
2019-07-10 10:42:44,442 INFO  client.GrpcClientProtocolClient (GrpcClientProtocolClient.java:onNext(255)) - client-AC1CE418446C->edec9b8f-c318-426f-83f9-f44e945268a2: receive RaftClientReply:client-AC1CE418446C->edec9b8f-c318-426f-83f9-f44e945268a2@group-352661ED3FD5, cid=1460, SUCCESS, logIndex=0, commits[edec9b8f-c318-426f-83f9-f44e945268a2:c2063, 02a03aee-1dd1-43c9-94ca-c76e2a537489:c2061, 9fb73170-bb25-48da-afcf-6f1f9e11598f:c2061]
2019-07-10 10:42:44,462 INFO  client.GrpcClientProtocolClient (GrpcClientProtocolClient.java:onNext(255)) - client-AC1CE418446C->edec9b8f-c318-426f-83f9-f44e945268a2: receive RaftClientReply:client-AC1CE418446C->edec9b8f-c318-426f-83f9-f44e945268a2@group-352661ED3FD5, cid=1461, SUCCESS, logIndex=2064, commits[edec9b8f-c318-426f-83f9-f44e945268a2:c2067, 02a03aee-1dd1-43c9-94ca-c76e2a537489:c2063, 9fb73170-bb25-48da-afcf-6f1f9e11598f:c2061]
2019-07-10 10:42:44,462 INFO  client.GrpcClientProtocolClient (GrpcClientProtocolClient.java:onNext(255)) - client-AC1CE418446C->edec9b8f-c318-426f-83f9-f44e945268a2: receive RaftClientReply:client-AC1CE418446C->edec9b8f-c318-426f-83f9-f44e945268a2@group-352661ED3FD5, cid=1462, SUCCESS, logIndex=2065, commits[edec9b8f-c318-426f-83f9-f44e945268a2:c2067, 02a03aee-1dd1-43c9-94ca-c76e2a537489:c2063, 9fb73170-bb25-48da-afcf-6f1f9e11598f:c2063]
2019-07-10 10:42:44,464 INFO  client.GrpcClientProtocolClient (GrpcClientProtocolClient.java:onNext(255)) - client-AC1CE418446C->edec9b8f-c318-426f-83f9-f44e945268a2: receive RaftClientReply:client-AC1CE418446C->edec9b8f-c318-426f-83f9-f44e945268a2@group-352661ED3FD5, cid=1463, SUCCESS, logIndex=2066, commits[edec9b8f-c318-426f-83f9-f44e945268a2:c2067, 02a03aee-1dd1-43c9-94ca-c76e2a537489:c2063, 9fb73170-bb25-48da-afcf-6f1f9e11598f:c2063]
2019-07-10 10:42:44,465 INFO  client.GrpcClientProtocolClient (GrpcClientProtocolClient.java:onNext(255)) - client-AC1CE418446C->edec9b8f-c318-426f-83f9-f44e945268a2: receive RaftClientReply:client-AC1CE418446C->edec9b8f-c318-426f-83f9-f44e945268a2@group-352661ED3FD5, cid=1464, SUCCESS, logIndex=2067, commits[edec9b8f-c318-426f-83f9-f44e945268a2:c2068, 02a03aee-1dd1-43c9-94ca-c76e2a537489:c2065, 9fb73170-bb25-48da-afcf-6f1f9e11598f:c2063]
2019-07-10 10:42:44,466 INFO  client.GrpcClientProtocolClient (GrpcClientProtocolClient.java:onNext(255)) - client-AC1CE418446C->edec9b8f-c318-426f-83f9-f44e945268a2: receive RaftClientReply:client-AC1CE418446C->edec9b8f-c318-426f-83f9-f44e945268a2@group-352661ED3FD5, cid=1465, SUCCESS, logIndex=0, commits[edec9b8f-c318-426f-83f9-f44e945268a2:c2071, 02a03aee-1dd1-43c9-94ca-c76e2a537489:c2067, 9fb73170-bb25-48da-afcf-6f1f9e11598f:c2065]
2019-07-10 10:42:44,499 INFO  client.GrpcClientProtocolClient (GrpcClientProtocolClient.java:onNext(255)) - client-AC1CE418446C->edec9b8f-c318-426f-83f9-f44e945268a2: receive RaftClientReply:client-AC1CE418446C->edec9b8f-c318-426f-83f9-f44e945268a2@group-352661ED3FD5, cid=1466, SUCCESS, logIndex=2072, commits[edec9b8f-c318-426f-83f9-f44e945268a2:c2073, 02a03aee-1dd1-43c9-94ca-c76e2a537489:c2071, 9fb73170-bb25-48da-afcf-6f1f9e11598f:c2067]
2019-07-10 10:42:44,499 INFO  client.GrpcClientProtocolClient (GrpcClientProtocolClient.java:onNext(255)) - client-AC1CE418446C->edec9b8f-c318-426f-83f9-f44e945268a2: receive RaftClientReply:client-AC1CE418446C->edec9b8f-c318-426f-83f9-f44e945268a2@group-352661ED3FD5, cid=1467, SUCCESS, logIndex=2073, commits[edec9b8f-c318-426f-83f9-f44e945268a2:c2073, 02a03aee-1dd1-43c9-94ca-c76e2a537489:c2071, 9fb73170-bb25-48da-afcf-6f1f9e11598f:c2071]
2019-07-10 10:42:44,522 INFO  client.GrpcClientProtocolClient (GrpcClientProtocolClient.java:onNext(255)) - client-AC1CE418446C->edec9b8f-c318-426f-83f9-f44e945268a2: receive RaftClientReply:client-AC1CE418446C->edec9b8f-c318-426f-83f9-f44e945268a2@group-352661ED3FD5, cid=1468, SUCCESS, logIndex=2076, commits[edec9b8f-c318-426f-83f9-f44e945268a2:c2077, 02a03aee-1dd1-43c9-94ca-c76e2a537489:c2075, 9fb73170-bb25-48da-afcf-6f1f9e11598f:c2075]
2019-07-10 10:42:44,522 INFO  client.GrpcClientProtocolClient (GrpcClientProtocolClient.java:onNext(255)) - client-AC1CE418446C->edec9b8f-c318-426f-83f9-f44e945268a2: receive RaftClientReply:client-AC1CE418446C->edec9b8f-c318-426f-83f9-f44e945268a2@group-352661ED3FD5, cid=1469, SUCCESS, logIndex=2077, commits[edec9b8f-c318-426f-83f9-f44e945268a2:c2077, 02a03aee-1dd1-43c9-94ca-c76e2a537489:c2075, 9fb73170-bb25-48da-afcf-6f1f9e11598f:c2075]
2019-07-10 10:42:44,539 INFO  client.GrpcClientProtocolClient (GrpcClientProtocolClient.java:onNext(255)) - client-AC1CE418446C->edec9b8f-c318-426f-83f9-f44e945268a2: receive RaftClientReply:client-AC1CE418446C->edec9b8f-c318-426f-83f9-f44e945268a2@group-352661ED3FD5, cid=1470, SUCCESS, logIndex=0, commits[edec9b8f-c318-426f-83f9-f44e945268a2:c2079, 02a03aee-1dd1-43c9-94ca-c76e2a537489:c2077, 9fb73170-bb25-48da-afcf-6f1f9e11598f:c2077]
2019-07-10 10:42:44,570 INFO  client.GrpcClientProtocolClient (GrpcClientProtocolClient.java:onNext(255)) - client-AC1CE418446C->edec9b8f-c318-426f-83f9-f44e945268a2: receive RaftClientReply:client-AC1CE418446C->edec9b8f-c318-426f-83f9-f44e945268a2@group-352661ED3FD5, cid=1471, SUCCESS, logIndex=2080, commits[edec9b8f-c318-426f-83f9-f44e945268a2:c2081, 02a03aee-1dd1-43c9-94ca-c76e2a537489:c2079, 9fb73170-bb25-48da-afcf-6f1f9e11598f:c2079]
2019-07-10 10:42:44,570 INFO  client.GrpcClientProtocolClient (GrpcClientProtocolClient.java:onNext(255)) - client-AC1CE418446C->edec9b8f-c318-426f-83f9-f44e945268a2: receive RaftClientReply:client-AC1CE418446C->edec9b8f-c318-426f-83f9-f44e945268a2@group-352661ED3FD5, cid=1472, SUCCESS, logIndex=2081, commits[edec9b8f-c318-426f-83f9-f44e945268a2:c2081, 02a03aee-1dd1-43c9-94ca-c76e2a537489:c2079, 9fb73170-bb25-48da-afcf-6f1f9e11598f:c2079]
2019-07-10 10:42:44,573 INFO  client.GrpcClientProtocolClient (GrpcClientProtocolClient.java:onNext(255)) - client-AC1CE418446C->edec9b8f-c318-426f-83f9-f44e945268a2: receive RaftClientReply:client-AC1CE418446C->edec9b8f-c318-426f-83f9-f44e945268a2@group-352661ED3FD5, cid=1473, SUCCESS, logIndex=2082, commits[edec9b8f-c318-426f-83f9-f44e945268a2:c2083, 02a03aee-1dd1-43c9-94ca-c76e2a537489:c2079, 9fb73170-bb25-48da-afcf-6f1f9e11598f:c2079]
2019-07-10 10:42:44,573 INFO  client.GrpcClientProtocolClient (GrpcClientProtocolClient.java:onNext(255)) - client-AC1CE418446C->edec9b8f-c318-426f-83f9-f44e945268a2: receive RaftClientReply:client-AC1CE418446C->edec9b8f-c318-426f-83f9-f44e945268a2@group-352661ED3FD5, cid=1474, SUCCESS, logIndex=2083, commits[edec9b8f-c318-426f-83f9-f44e945268a2:c2084, 02a03aee-1dd1-43c9-94ca-c76e2a537489:c2080, 9fb73170-bb25-48da-afcf-6f1f9e11598f:c2080]
2019-07-10 10:42:44,575 INFO  client.GrpcClientProtocolClient (GrpcClientProtocolClient.java:onNext(255)) - client-AC1CE418446C->edec9b8f-c318-426f-83f9-f44e945268a2: receive RaftClientReply:client-AC1CE418446C->edec9b8f-c318-426f-83f9-f44e945268a2@group-352661ED3FD5, cid=1475, SUCCESS, logIndex=0, commits[edec9b8f-c318-426f-83f9-f44e945268a2:c2086, 02a03aee-1dd1-43c9-94ca-c76e2a537489:c2081, 9fb73170-bb25-48da-afcf-6f1f9e11598f:c2082]
2019-07-10 10:42:44,597 INFO  client.GrpcClientProtocolClient (GrpcClientProtocolClient.java:onNext(255)) - client-AC1CE418446C->edec9b8f-c318-426f-83f9-f44e945268a2: receive RaftClientReply:client-AC1CE418446C->edec9b8f-c318-426f-83f9-f44e945268a2@group-352661ED3FD5, cid=1476, SUCCESS, logIndex=2088, commits[edec9b8f-c318-426f-83f9-f44e945268a2:c2089, 02a03aee-1dd1-43c9-94ca-c76e2a537489:c2087, 9fb73170-bb25-48da-afcf-6f1f9e11598f:c2087]
2019-07-10 10:42:44,598 INFO  client.GrpcClientProtocolClient (GrpcClientProtocolClient.java:onNext(255)) - client-AC1CE418446C->edec9b8f-c318-426f-83f9-f44e945268a2: receive RaftClientReply:client-AC1CE418446C->edec9b8f-c318-426f-83f9-f44e945268a2@group-352661ED3FD5, cid=1477, SUCCESS, logIndex=2089, commits[edec9b8f-c318-426f-83f9-f44e945268a2:c2089, 02a03aee-1dd1-43c9-94ca-c76e2a537489:c2087, 9fb73170-bb25-48da-afcf-6f1f9e11598f:c2087]
2019-07-10 10:42:44,619 INFO  client.GrpcClientProtocolClient (GrpcClientProtocolClient.java:onNext(255)) - client-AC1CE418446C->edec9b8f-c318-426f-83f9-f44e945268a2: receive RaftClientReply:client-AC1CE418446C->edec9b8f-c318-426f-83f9-f44e945268a2@group-352661ED3FD5, cid=1478, SUCCESS, logIndex=2092, commits[edec9b8f-c318-426f-83f9-f44e945268a2:c2093, 02a03aee-1dd1-43c9-94ca-c76e2a537489:c2091, 9fb73170-bb25-48da-afcf-6f1f9e11598f:c2091]
2019-07-10 10:42:44,619 INFO  client.GrpcClientProtocolClient (GrpcClientProtocolClient.java:onNext(255)) - client-AC1CE418446C->edec9b8f-c318-426f-83f9-f44e945268a2: receive RaftClientReply:client-AC1CE418446C->edec9b8f-c318-426f-83f9-f44e945268a2@group-352661ED3FD5, cid=1479, SUCCESS, logIndex=2093, commits[edec9b8f-c318-426f-83f9-f44e945268a2:c2093, 02a03aee-1dd1-43c9-94ca-c76e2a537489:c2091, 9fb73170-bb25-48da-afcf-6f1f9e11598f:c2091]
2019-07-10 10:42:44,630 INFO  client.GrpcClientProtocolClient (GrpcClientProtocolClient.java:onNext(255)) - client-AC1CE418446C->edec9b8f-c318-426f-83f9-f44e945268a2: receive RaftClientReply:client-AC1CE418446C->edec9b8f-c318-426f-83f9-f44e945268a2@group-352661ED3FD5, cid=1480, SUCCESS, logIndex=0, commits[edec9b8f-c318-426f-83f9-f44e945268a2:c2094, 02a03aee-1dd1-43c9-94ca-c76e2a537489:c2093, 9fb73170-bb25-48da-afcf-6f1f9e11598f:c2093]
2019-07-10 10:42:44,758 INFO  client.GrpcClientProtocolClient (GrpcClientProtocolClient.java:onNext(255)) - client-AC1CE418446C->edec9b8f-c318-426f-83f9-f44e945268a2: receive RaftClientReply:client-AC1CE418446C->edec9b8f-c318-426f-83f9-f44e945268a2@group-352661ED3FD5, cid=1481, SUCCESS, logIndex=2096, commits[edec9b8f-c318-426f-83f9-f44e945268a2:c2097, 02a03aee-1dd1-43c9-94ca-c76e2a537489:c2095, 9fb73170-bb25-48da-afcf-6f1f9e11598f:c2095]
2019-07-10 10:42:44,758 INFO  client.GrpcClientProtocolClient (GrpcClientProtocolClient.java:onNext(255)) - client-AC1CE418446C->edec9b8f-c318-426f-83f9-f44e945268a2: receive RaftClientReply:client-AC1CE418446C->edec9b8f-c318-426f-83f9-f44e945268a2@group-352661ED3FD5, cid=1482, SUCCESS, logIndex=2097, commits[edec9b8f-c318-426f-83f9-f44e945268a2:c2097, 02a03aee-1dd1-43c9-94ca-c76e2a537489:c2095, 9fb73170-bb25-48da-afcf-6f1f9e11598f:c2095]
2019-07-10 10:42:44,759 INFO  client.GrpcClientProtocolClient (GrpcClientProtocolClient.java:onNext(255)) - client-AC1CE418446C->edec9b8f-c318-426f-83f9-f44e945268a2: receive RaftClientReply:client-AC1CE418446C->edec9b8f-c318-426f-83f9-f44e945268a2@group-352661ED3FD5, cid=1483, SUCCESS, logIndex=2098, commits[edec9b8f-c318-426f-83f9-f44e945268a2:c2099, 02a03aee-1dd1-43c9-94ca-c76e2a537489:c2095, 9fb73170-bb25-48da-afcf-6f1f9e11598f:c2095]
2019-07-10 10:42:44,759 INFO  client.GrpcClientProtocolClient (GrpcClientProtocolClient.java:onNext(255)) - client-AC1CE418446C->edec9b8f-c318-426f-83f9-f44e945268a2: receive RaftClientReply:client-AC1CE418446C->edec9b8f-c318-426f-83f9-f44e945268a2@group-352661ED3FD5, cid=1484, SUCCESS, logIndex=2099, commits[edec9b8f-c318-426f-83f9-f44e945268a2:c2099, 02a03aee-1dd1-43c9-94ca-c76e2a537489:c2095, 9fb73170-bb25-48da-afcf-6f1f9e11598f:c2095]
2019-07-10 10:42:44,773 INFO  client.GrpcClientProtocolClient (GrpcClientProtocolClient.java:onNext(255)) - client-AC1CE418446C->edec9b8f-c318-426f-83f9-f44e945268a2: receive RaftClientReply:client-AC1CE418446C->edec9b8f-c318-426f-83f9-f44e945268a2@group-352661ED3FD5, cid=1485, SUCCESS, logIndex=0, commits[edec9b8f-c318-426f-83f9-f44e945268a2:c2101, 02a03aee-1dd1-43c9-94ca-c76e2a537489:c2097, 9fb73170-bb25-48da-afcf-6f1f9e11598f:c2097]
2019-07-10 10:42:44,801 INFO  client.GrpcClientProtocolClient (GrpcClientProtocolClient.java:onNext(255)) - client-AC1CE418446C->edec9b8f-c318-426f-83f9-f44e945268a2: receive RaftClientReply:client-AC1CE418446C->edec9b8f-c318-426f-83f9-f44e945268a2@group-352661ED3FD5, cid=1486, SUCCESS, logIndex=2104, commits[edec9b8f-c318-426f-83f9-f44e945268a2:c2105, 02a03aee-1dd1-43c9-94ca-c76e2a537489:c2103, 9fb73170-bb25-48da-afcf-6f1f9e11598f:c2103]
2019-07-10 10:42:44,801 INFO  client.GrpcClientProtocolClient (GrpcClientProtocolClient.java:onNext(255)) - client-AC1CE418446C->edec9b8f-c318-426f-83f9-f44e945268a2: receive RaftClientReply:client-AC1CE418446C->edec9b8f-c318-426f-83f9-f44e945268a2@group-352661ED3FD5, cid=1487, SUCCESS, logIndex=2105, commits[edec9b8f-c318-426f-83f9-f44e945268a2:c2105, 02a03aee-1dd1-43c9-94ca-c76e2a537489:c2103, 9fb73170-bb25-48da-afcf-6f1f9e11598f:c2103]
2019-07-10 10:42:44,825 INFO  client.GrpcClientProtocolClient (GrpcClientProtocolClient.java:onNext(255)) - client-AC1CE418446C->edec9b8f-c318-426f-83f9-f44e945268a2: receive RaftClientReply:client-AC1CE418446C->edec9b8f-c318-426f-83f9-f44e945268a2@group-352661ED3FD5, cid=1488, SUCCESS, logIndex=2108, commits[edec9b8f-c318-426f-83f9-f44e945268a2:c2109, 02a03aee-1dd1-43c9-94ca-c76e2a537489:c2105, 9fb73170-bb25-48da-afcf-6f1f9e11598f:c2105]
2019-07-10 10:42:44,826 INFO  client.GrpcClientProtocolClient (GrpcClientProtocolClient.java:onNext(255)) - client-AC1CE418446C->edec9b8f-c318-426f-83f9-f44e945268a2: receive RaftClientReply:client-AC1CE418446C->edec9b8f-c318-426f-83f9-f44e945268a2@group-352661ED3FD5, cid=1489, SUCCESS, logIndex=2109, commits[edec9b8f-c318-426f-83f9-f44e945268a2:c2109, 02a03aee-1dd1-43c9-94ca-c76e2a537489:c2105, 9fb73170-bb25-48da-afcf-6f1f9e11598f:c2105]
2019-07-10 10:42:44,841 INFO  client.GrpcClientProtocolClient (GrpcClientProtocolClient.java:onNext(255)) - client-AC1CE418446C->edec9b8f-c318-426f-83f9-f44e945268a2: receive RaftClientReply:client-AC1CE418446C->edec9b8f-c318-426f-83f9-f44e945268a2@group-352661ED3FD5, cid=1490, SUCCESS, logIndex=0, commits[edec9b8f-c318-426f-83f9-f44e945268a2:c2111, 02a03aee-1dd1-43c9-94ca-c76e2a537489:c2109, 9fb73170-bb25-48da-afcf-6f1f9e11598f:c2109]
2019-07-10 10:42:44,871 INFO  client.GrpcClientProtocolClient (GrpcClientProtocolClient.java:onNext(255)) - client-AC1CE418446C->edec9b8f-c318-426f-83f9-f44e945268a2: receive RaftClientReply:client-AC1CE418446C->edec9b8f-c318-426f-83f9-f44e945268a2@group-352661ED3FD5, cid=1491, SUCCESS, logIndex=2112, commits[edec9b8f-c318-426f-83f9-f44e945268a2:c2113, 02a03aee-1dd1-43c9-94ca-c76e2a537489:c2111, 9fb73170-bb25-48da-afcf-6f1f9e11598f:c2111]
2019-07-10 10:42:44,871 INFO  client.GrpcClientProtocolClient (GrpcClientProtocolClient.java:onNext(255)) - client-AC1CE418446C->edec9b8f-c318-426f-83f9-f44e945268a2: receive RaftClientReply:client-AC1CE418446C->edec9b8f-c318-426f-83f9-f44e945268a2@group-352661ED3FD5, cid=1492, SUCCESS, logIndex=2113, commits[edec9b8f-c318-426f-83f9-f44e945268a2:c2114, 02a03aee-1dd1-43c9-94ca-c76e2a537489:c2111, 9fb73170-bb25-48da-afcf-6f1f9e11598f:c2111]
2019-07-10 10:42:44,872 INFO  client.GrpcClientProtocolClient (GrpcClientProtocolClient.java:onNext(255)) - client-AC1CE418446C->edec9b8f-c318-426f-83f9-f44e945268a2: receive RaftClientReply:client-AC1CE418446C->edec9b8f-c318-426f-83f9-f44e945268a2@group-352661ED3FD5, cid=1493, SUCCESS, logIndex=2114, commits[edec9b8f-c318-426f-83f9-f44e945268a2:c2115, 02a03aee-1dd1-43c9-94ca-c76e2a537489:c2111, 9fb73170-bb25-48da-afcf-6f1f9e11598f:c2111]
2019-07-10 10:42:44,872 INFO  client.GrpcClientProtocolClient (GrpcClientProtocolClient.java:onNext(255)) - client-AC1CE418446C->edec9b8f-c318-426f-83f9-f44e945268a2: receive RaftClientReply:client-AC1CE418446C->edec9b8f-c318-426f-83f9-f44e945268a2@group-352661ED3FD5, cid=1494, SUCCESS, logIndex=2115, commits[edec9b8f-c318-426f-83f9-f44e945268a2:c2116, 02a03aee-1dd1-43c9-94ca-c76e2a537489:c2111, 9fb73170-bb25-48da-afcf-6f1f9e11598f:c2112]
2019-07-10 10:42:44,874 INFO  client.GrpcClientProtocolClient (GrpcClientProtocolClient.java:onNext(255)) - client-AC1CE418446C->edec9b8f-c318-426f-83f9-f44e945268a2: receive RaftClientReply:client-AC1CE418446C->edec9b8f-c318-426f-83f9-f44e945268a2@group-352661ED3FD5, cid=1495, SUCCESS, logIndex=0, commits[edec9b8f-c318-426f-83f9-f44e945268a2:c2117, 02a03aee-1dd1-43c9-94ca-c76e2a537489:c2113, 9fb73170-bb25-48da-afcf-6f1f9e11598f:c2113]
2019-07-10 10:42:44,894 INFO  client.GrpcClientProtocolClient (GrpcClientProtocolClient.java:onNext(255)) - client-AC1CE418446C->edec9b8f-c318-426f-83f9-f44e945268a2: receive RaftClientReply:client-AC1CE418446C->edec9b8f-c318-426f-83f9-f44e945268a2@group-352661ED3FD5, cid=1496, SUCCESS, logIndex=2120, commits[edec9b8f-c318-426f-83f9-f44e945268a2:c2121, 02a03aee-1dd1-43c9-94ca-c76e2a537489:c2119, 9fb73170-bb25-48da-afcf-6f1f9e11598f:c2119]
2019-07-10 10:42:44,894 INFO  client.GrpcClientProtocolClient (GrpcClientProtocolClient.java:onNext(255)) - client-AC1CE418446C->edec9b8f-c318-426f-83f9-f44e945268a2: receive RaftClientReply:client-AC1CE418446C->edec9b8f-c318-426f-83f9-f44e945268a2@group-352661ED3FD5, cid=1497, SUCCESS, logIndex=2121, commits[edec9b8f-c318-426f-83f9-f44e945268a2:c2121, 02a03aee-1dd1-43c9-94ca-c76e2a537489:c2119, 9fb73170-bb25-48da-afcf-6f1f9e11598f:c2119]
2019-07-10 10:42:44,907 INFO  client.GrpcClientProtocolClient (GrpcClientProtocolClient.java:onNext(255)) - client-AC1CE418446C->edec9b8f-c318-426f-83f9-f44e945268a2: receive RaftClientReply:client-AC1CE418446C->edec9b8f-c318-426f-83f9-f44e945268a2@group-352661ED3FD5, cid=1498, SUCCESS, logIndex=2124, commits[edec9b8f-c318-426f-83f9-f44e945268a2:c2125, 02a03aee-1dd1-43c9-94ca-c76e2a537489:c2121, 9fb73170-bb25-48da-afcf-6f1f9e11598f:c2121]
2019-07-10 10:42:44,908 INFO  client.GrpcClientProtocolClient (GrpcClientProtocolClient.java:onNext(255)) - client-AC1CE418446C->edec9b8f-c318-426f-83f9-f44e945268a2: receive RaftClientReply:client-AC1CE418446C->edec9b8f-c318-426f-83f9-f44e945268a2@group-352661ED3FD5, cid=1499, SUCCESS, logIndex=2125, commits[edec9b8f-c318-426f-83f9-f44e945268a2:c2125, 02a03aee-1dd1-43c9-94ca-c76e2a537489:c2121, 9fb73170-bb25-48da-afcf-6f1f9e11598f:c2121]
2019-07-10 10:42:44,922 INFO  client.GrpcClientProtocolClient (GrpcClientProtocolClient.java:onNext(255)) - client-AC1CE418446C->edec9b8f-c318-426f-83f9-f44e945268a2: receive RaftClientReply:client-AC1CE418446C->edec9b8f-c318-426f-83f9-f44e945268a2@group-352661ED3FD5, cid=1500, SUCCESS, logIndex=0, commits[edec9b8f-c318-426f-83f9-f44e945268a2:c2126, 02a03aee-1dd1-43c9-94ca-c76e2a537489:c2125, 9fb73170-bb25-48da-afcf-6f1f9e11598f:c2125]
2019-07-10 10:42:44,951 INFO  client.GrpcClientProtocolClient (GrpcClientProtocolClient.java:onNext(255)) - client-AC1CE418446C->edec9b8f-c318-426f-83f9-f44e945268a2: receive RaftClientReply:client-AC1CE418446C->edec9b8f-c318-426f-83f9-f44e945268a2@group-352661ED3FD5, cid=1501, SUCCESS, logIndex=2128, commits[edec9b8f-c318-426f-83f9-f44e945268a2:c2129, 02a03aee-1dd1-43c9-94ca-c76e2a537489:c2127, 9fb73170-bb25-48da-afcf-6f1f9e11598f:c2127]
2019-07-10 10:42:44,951 INFO  client.GrpcClientProtocolClient (GrpcClientProtocolClient.java:onNext(255)) - client-AC1CE418446C->edec9b8f-c318-426f-83f9-f44e945268a2: receive RaftClientReply:client-AC1CE418446C->edec9b8f-c318-426f-83f9-f44e945268a2@group-352661ED3FD5, cid=1502, SUCCESS, logIndex=2129, commits[edec9b8f-c318-426f-83f9-f44e945268a2:c2131, 02a03aee-1dd1-43c9-94ca-c76e2a537489:c2127, 9fb73170-bb25-48da-afcf-6f1f9e11598f:c2127]
2019-07-10 10:42:44,951 INFO  client.GrpcClientProtocolClient (GrpcClientProtocolClient.java:onNext(255)) - client-AC1CE418446C->edec9b8f-c318-426f-83f9-f44e945268a2: receive RaftClientReply:client-AC1CE418446C->edec9b8f-c318-426f-83f9-f44e945268a2@group-352661ED3FD5, cid=1503, SUCCESS, logIndex=2130, commits[edec9b8f-c318-426f-83f9-f44e945268a2:c2131, 02a03aee-1dd1-43c9-94ca-c76e2a537489:c2127, 9fb73170-bb25-48da-afcf-6f1f9e11598f:c2127]
2019-07-10 10:42:44,952 INFO  client.GrpcClientProtocolClient (GrpcClientProtocolClient.java:onNext(255)) - client-AC1CE418446C->edec9b8f-c318-426f-83f9-f44e945268a2: receive RaftClientReply:client-AC1CE418446C->edec9b8f-c318-426f-83f9-f44e945268a2@group-352661ED3FD5, cid=1504, SUCCESS, logIndex=2131, commits[edec9b8f-c318-426f-83f9-f44e945268a2:c2131, 02a03aee-1dd1-43c9-94ca-c76e2a537489:c2127, 9fb73170-bb25-48da-afcf-6f1f9e11598f:c2127]
2019-07-10 10:42:44,965 INFO  client.GrpcClientProtocolClient (GrpcClientProtocolClient.java:onNext(255)) - client-AC1CE418446C->edec9b8f-c318-426f-83f9-f44e945268a2: receive RaftClientReply:client-AC1CE418446C->edec9b8f-c318-426f-83f9-f44e945268a2@group-352661ED3FD5, cid=1505, SUCCESS, logIndex=0, commits[edec9b8f-c318-426f-83f9-f44e945268a2:c2134, 02a03aee-1dd1-43c9-94ca-c76e2a537489:c2129, 9fb73170-bb25-48da-afcf-6f1f9e11598f:c2130]
2019-07-10 10:42:44,984 INFO  client.GrpcClientProtocolClient (GrpcClientProtocolClient.java:onNext(255)) - client-AC1CE418446C->edec9b8f-c318-426f-83f9-f44e945268a2: receive RaftClientReply:client-AC1CE418446C->edec9b8f-c318-426f-83f9-f44e945268a2@group-352661ED3FD5, cid=1506, SUCCESS, logIndex=2136, commits[edec9b8f-c318-426f-83f9-f44e945268a2:c2137, 02a03aee-1dd1-43c9-94ca-c76e2a537489:c2135, 9fb73170-bb25-48da-afcf-6f1f9e11598f:c2135]
2019-07-10 10:42:44,984 INFO  client.GrpcClientProtocolClient (GrpcClientProtocolClient.java:onNext(255)) - client-AC1CE418446C->edec9b8f-c318-426f-83f9-f44e945268a2: receive RaftClientReply:client-AC1CE418446C->edec9b8f-c318-426f-83f9-f44e945268a2@group-352661ED3FD5, cid=1507, SUCCESS, logIndex=2137, commits[edec9b8f-c318-426f-83f9-f44e945268a2:c2137, 02a03aee-1dd1-43c9-94ca-c76e2a537489:c2135, 9fb73170-bb25-48da-afcf-6f1f9e11598f:c2135]
2019-07-10 10:42:44,999 INFO  client.GrpcClientProtocolClient (GrpcClientProtocolClient.java:onNext(255)) - client-AC1CE418446C->edec9b8f-c318-426f-83f9-f44e945268a2: receive RaftClientReply:client-AC1CE418446C->edec9b8f-c318-426f-83f9-f44e945268a2@group-352661ED3FD5, cid=1508, SUCCESS, logIndex=2140, commits[edec9b8f-c318-426f-83f9-f44e945268a2:c2141, 02a03aee-1dd1-43c9-94ca-c76e2a537489:c2137, 9fb73170-bb25-48da-afcf-6f1f9e11598f:c2137]
2019-07-10 10:42:44,999 INFO  client.GrpcClientProtocolClient (GrpcClientProtocolClient.java:onNext(255)) - client-AC1CE418446C->edec9b8f-c318-426f-83f9-f44e945268a2: receive RaftClientReply:client-AC1CE418446C->edec9b8f-c318-426f-83f9-f44e945268a2@group-352661ED3FD5, cid=1509, SUCCESS, logIndex=2141, commits[edec9b8f-c318-426f-83f9-f44e945268a2:c2141, 02a03aee-1dd1-43c9-94ca-c76e2a537489:c2137, 9fb73170-bb25-48da-afcf-6f1f9e11598f:c2137]
2019-07-10 10:42:45,026 INFO  client.GrpcClientProtocolClient (GrpcClientProtocolClient.java:onNext(255)) - client-AC1CE418446C->edec9b8f-c318-426f-83f9-f44e945268a2: receive RaftClientReply:client-AC1CE418446C->edec9b8f-c318-426f-83f9-f44e945268a2@group-352661ED3FD5, cid=1510, SUCCESS, logIndex=0, commits[edec9b8f-c318-426f-83f9-f44e945268a2:c2143, 02a03aee-1dd1-43c9-94ca-c76e2a537489:c2141, 9fb73170-bb25-48da-afcf-6f1f9e11598f:c2141]
2019-07-10 10:42:45,063 INFO  client.GrpcClientProtocolClient (GrpcClientProtocolClient.java:onNext(255)) - client-AC1CE418446C->edec9b8f-c318-426f-83f9-f44e945268a2: receive RaftClientReply:client-AC1CE418446C->edec9b8f-c318-426f-83f9-f44e945268a2@group-352661ED3FD5, cid=1511, SUCCESS, logIndex=2144, commits[edec9b8f-c318-426f-83f9-f44e945268a2:c2145, 02a03aee-1dd1-43c9-94ca-c76e2a537489:c2143, 9fb73170-bb25-48da-afcf-6f1f9e11598f:c2143]
2019-07-10 10:42:45,064 INFO  client.GrpcClientProtocolClient (GrpcClientProtocolClient.java:onNext(255)) - client-AC1CE418446C->edec9b8f-c318-426f-83f9-f44e945268a2: receive RaftClientReply:client-AC1CE418446C->edec9b8f-c318-426f-83f9-f44e945268a2@group-352661ED3FD5, cid=1512, SUCCESS, logIndex=2145, commits[edec9b8f-c318-426f-83f9-f44e945268a2:c2147, 02a03aee-1dd1-43c9-94ca-c76e2a537489:c2143, 9fb73170-bb25-48da-afcf-6f1f9e11598f:c2143]
2019-07-10 10:42:45,064 INFO  client.GrpcClientProtocolClient (GrpcClientProtocolClient.java:onNext(255)) - client-AC1CE418446C->edec9b8f-c318-426f-83f9-f44e945268a2: receive RaftClientReply:client-AC1CE418446C->edec9b8f-c318-426f-83f9-f44e945268a2@group-352661ED3FD5, cid=1513, SUCCESS, logIndex=2146, commits[edec9b8f-c318-426f-83f9-f44e945268a2:c2147, 02a03aee-1dd1-43c9-94ca-c76e2a537489:c2143, 9fb73170-bb25-48da-afcf-6f1f9e11598f:c2143]
2019-07-10 10:42:45,065 INFO  client.GrpcClientProtocolClient (GrpcClientProtocolClient.java:onNext(255)) - client-AC1CE418446C->edec9b8f-c318-426f-83f9-f44e945268a2: receive RaftClientReply:client-AC1CE418446C->edec9b8f-c318-426f-83f9-f44e945268a2@group-352661ED3FD5, cid=1514, SUCCESS, logIndex=2147, commits[edec9b8f-c318-426f-83f9-f44e945268a2:c2147, 02a03aee-1dd1-43c9-94ca-c76e2a537489:c2143, 9fb73170-bb25-48da-afcf-6f1f9e11598f:c2143]
2019-07-10 10:42:45,068 INFO  client.GrpcClientProtocolClient (GrpcClientProtocolClient.java:onNext(255)) - client-AC1CE418446C->edec9b8f-c318-426f-83f9-f44e945268a2: receive RaftClientReply:client-AC1CE418446C->edec9b8f-c318-426f-83f9-f44e945268a2@group-352661ED3FD5, cid=1515, SUCCESS, logIndex=0, commits[edec9b8f-c318-426f-83f9-f44e945268a2:c2149, 02a03aee-1dd1-43c9-94ca-c76e2a537489:c2145, 9fb73170-bb25-48da-afcf-6f1f9e11598f:c2145]
2019-07-10 10:42:45,087 INFO  client.GrpcClientProtocolClient (GrpcClientProtocolClient.java:onNext(255)) - client-AC1CE418446C->edec9b8f-c318-426f-83f9-f44e945268a2: receive RaftClientReply:client-AC1CE418446C->edec9b8f-c318-426f-83f9-f44e945268a2@group-352661ED3FD5, cid=1516, SUCCESS, logIndex=2152, commits[edec9b8f-c318-426f-83f9-f44e945268a2:c2152, 02a03aee-1dd1-43c9-94ca-c76e2a537489:c2151, 9fb73170-bb25-48da-afcf-6f1f9e11598f:c2151]
2019-07-10 10:42:45,087 INFO  client.GrpcClientProtocolClient (GrpcClientProtocolClient.java:onNext(255)) - client-AC1CE418446C->edec9b8f-c318-426f-83f9-f44e945268a2: receive RaftClientReply:client-AC1CE418446C->edec9b8f-c318-426f-83f9-f44e945268a2@group-352661ED3FD5, cid=1517, SUCCESS, logIndex=2153, commits[edec9b8f-c318-426f-83f9-f44e945268a2:c2153, 02a03aee-1dd1-43c9-94ca-c76e2a537489:c2151, 9fb73170-bb25-48da-afcf-6f1f9e11598f:c2151]
 0.00% |█                                                                                                    |  0/1 Time: 0:00:112019-07-10 10:42:45,100 INFO  client.GrpcClientProtocolClient (GrpcClientProtocolClient.java:onNext(255)) - client-AC1CE418446C->edec9b8f-c318-426f-83f9-f44e945268a2: receive RaftClientReply:client-AC1CE418446C->edec9b8f-c318-426f-83f9-f44e945268a2@group-352661ED3FD5, cid=1518, SUCCESS, logIndex=2156, commits[edec9b8f-c318-426f-83f9-f44e945268a2:c2157, 02a03aee-1dd1-43c9-94ca-c76e2a537489:c2153, 9fb73170-bb25-48da-afcf-6f1f9e11598f:c2153]
2019-07-10 10:42:45,101 INFO  client.GrpcClientProtocolClient (GrpcClientProtocolClient.java:onNext(255)) - client-AC1CE418446C->edec9b8f-c318-426f-83f9-f44e945268a2: receive RaftClientReply:client-AC1CE418446C->edec9b8f-c318-426f-83f9-f44e945268a2@group-352661ED3FD5, cid=1519, SUCCESS, logIndex=2157, commits[edec9b8f-c318-426f-83f9-f44e945268a2:c2157, 02a03aee-1dd1-43c9-94ca-c76e2a537489:c2153, 9fb73170-bb25-48da-afcf-6f1f9e11598f:c2153]
2019-07-10 10:42:45,115 INFO  client.GrpcClientProtocolClient (GrpcClientProtocolClient.java:onNext(255)) - client-AC1CE418446C->edec9b8f-c318-426f-83f9-f44e945268a2: receive RaftClientReply:client-AC1CE418446C->edec9b8f-c318-426f-83f9-f44e945268a2@group-352661ED3FD5, cid=1520, SUCCESS, logIndex=0, commits[edec9b8f-c318-426f-83f9-f44e945268a2:c2159, 02a03aee-1dd1-43c9-94ca-c76e2a537489:c2157, 9fb73170-bb25-48da-afcf-6f1f9e11598f:c2157]
2019-07-10 10:42:45,140 INFO  client.GrpcClientProtocolClient (GrpcClientProtocolClient.java:onNext(255)) - client-AC1CE418446C->edec9b8f-c318-426f-83f9-f44e945268a2: receive RaftClientReply:client-AC1CE418446C->edec9b8f-c318-426f-83f9-f44e945268a2@group-352661ED3FD5, cid=1521, SUCCESS, logIndex=2160, commits[edec9b8f-c318-426f-83f9-f44e945268a2:c2161, 02a03aee-1dd1-43c9-94ca-c76e2a537489:c2159, 9fb73170-bb25-48da-afcf-6f1f9e11598f:c2159]
2019-07-10 10:42:45,141 INFO  client.GrpcClientProtocolClient (GrpcClientProtocolClient.java:onNext(255)) - client-AC1CE418446C->edec9b8f-c318-426f-83f9-f44e945268a2: receive RaftClientReply:client-AC1CE418446C->edec9b8f-c318-426f-83f9-f44e945268a2@group-352661ED3FD5, cid=1522, SUCCESS, logIndex=2161, commits[edec9b8f-c318-426f-83f9-f44e945268a2:c2163, 02a03aee-1dd1-43c9-94ca-c76e2a537489:c2159, 9fb73170-bb25-48da-afcf-6f1f9e11598f:c2159]
2019-07-10 10:42:45,141 INFO  client.GrpcClientProtocolClient (GrpcClientProtocolClient.java:onNext(255)) - client-AC1CE418446C->edec9b8f-c318-426f-83f9-f44e945268a2: receive RaftClientReply:client-AC1CE418446C->edec9b8f-c318-426f-83f9-f44e945268a2@group-352661ED3FD5, cid=1523, SUCCESS, logIndex=2162, commits[edec9b8f-c318-426f-83f9-f44e945268a2:c2163, 02a03aee-1dd1-43c9-94ca-c76e2a537489:c2159, 9fb73170-bb25-48da-afcf-6f1f9e11598f:c2159]
2019-07-10 10:42:45,141 INFO  client.GrpcClientProtocolClient (GrpcClientProtocolClient.java:onNext(255)) - client-AC1CE418446C->edec9b8f-c318-426f-83f9-f44e945268a2: receive RaftClientReply:client-AC1CE418446C->edec9b8f-c318-426f-83f9-f44e945268a2@group-352661ED3FD5, cid=1524, SUCCESS, logIndex=2163, commits[edec9b8f-c318-426f-83f9-f44e945268a2:c2163, 02a03aee-1dd1-43c9-94ca-c76e2a537489:c2159, 9fb73170-bb25-48da-afcf-6f1f9e11598f:c2159]
2019-07-10 10:42:45,155 INFO  client.GrpcClientProtocolClient (GrpcClientProtocolClient.java:onNext(255)) - client-AC1CE418446C->edec9b8f-c318-426f-83f9-f44e945268a2: receive RaftClientReply:client-AC1CE418446C->edec9b8f-c318-426f-83f9-f44e945268a2@group-352661ED3FD5, cid=1525, SUCCESS, logIndex=0, commits[edec9b8f-c318-426f-83f9-f44e945268a2:c2166, 02a03aee-1dd1-43c9-94ca-c76e2a537489:c2162, 9fb73170-bb25-48da-afcf-6f1f9e11598f:c2161]
2019-07-10 10:42:45,174 INFO  client.GrpcClientProtocolClient (GrpcClientProtocolClient.java:onNext(255)) - client-AC1CE418446C->edec9b8f-c318-426f-83f9-f44e945268a2: receive RaftClientReply:client-AC1CE418446C->edec9b8f-c318-426f-83f9-f44e945268a2@group-352661ED3FD5, cid=1526, SUCCESS, logIndex=2168, commits[edec9b8f-c318-426f-83f9-f44e945268a2:c2169, 02a03aee-1dd1-43c9-94ca-c76e2a537489:c2167, 9fb73170-bb25-48da-afcf-6f1f9e11598f:c2167]
2019-07-10 10:42:45,174 INFO  client.GrpcClientProtocolClient (GrpcClientProtocolClient.java:onNext(255)) - client-AC1CE418446C->edec9b8f-c318-426f-83f9-f44e945268a2: receive RaftClientReply:client-AC1CE418446C->edec9b8f-c318-426f-83f9-f44e945268a2@group-352661ED3FD5, cid=1527, SUCCESS, logIndex=2169, commits[edec9b8f-c318-426f-83f9-f44e945268a2:c2169, 02a03aee-1dd1-43c9-94ca-c76e2a537489:c2167, 9fb73170-bb25-48da-afcf-6f1f9e11598f:c2167]
2019-07-10 10:42:45,188 INFO  client.GrpcClientProtocolClient (GrpcClientProtocolClient.java:onNext(255)) - client-AC1CE418446C->edec9b8f-c318-426f-83f9-f44e945268a2: receive RaftClientReply:client-AC1CE418446C->edec9b8f-c318-426f-83f9-f44e945268a2@group-352661ED3FD5, cid=1528, SUCCESS, logIndex=2172, commits[edec9b8f-c318-426f-83f9-f44e945268a2:c2173, 02a03aee-1dd1-43c9-94ca-c76e2a537489:c2169, 9fb73170-bb25-48da-afcf-6f1f9e11598f:c2169]
2019-07-10 10:42:45,189 INFO  client.GrpcClientProtocolClient (GrpcClientProtocolClient.java:onNext(255)) - client-AC1CE418446C->edec9b8f-c318-426f-83f9-f44e945268a2: receive RaftClientReply:client-AC1CE418446C->edec9b8f-c318-426f-83f9-f44e945268a2@group-352661ED3FD5, cid=1529, SUCCESS, logIndex=2173, commits[edec9b8f-c318-426f-83f9-f44e945268a2:c2173, 02a03aee-1dd1-43c9-94ca-c76e2a537489:c2169, 9fb73170-bb25-48da-afcf-6f1f9e11598f:c2169]
2019-07-10 10:42:45,203 INFO  client.GrpcClientProtocolClient (GrpcClientProtocolClient.java:onNext(255)) - client-AC1CE418446C->edec9b8f-c318-426f-83f9-f44e945268a2: receive RaftClientReply:client-AC1CE418446C->edec9b8f-c318-426f-83f9-f44e945268a2@group-352661ED3FD5, cid=1530, SUCCESS, logIndex=0, commits[edec9b8f-c318-426f-83f9-f44e945268a2:c2175, 02a03aee-1dd1-43c9-94ca-c76e2a537489:c2173, 9fb73170-bb25-48da-afcf-6f1f9e11598f:c2173]
2019-07-10 10:42:45,229 INFO  client.GrpcClientProtocolClient (GrpcClientProtocolClient.java:onNext(255)) - client-AC1CE418446C->edec9b8f-c318-426f-83f9-f44e945268a2: receive RaftClientReply:client-AC1CE418446C->edec9b8f-c318-426f-83f9-f44e945268a2@group-352661ED3FD5, cid=1531, SUCCESS, logIndex=2176, commits[edec9b8f-c318-426f-83f9-f44e945268a2:c2178, 02a03aee-1dd1-43c9-94ca-c76e2a537489:c2175, 9fb73170-bb25-48da-afcf-6f1f9e11598f:c2175]
2019-07-10 10:42:45,230 INFO  client.GrpcClientProtocolClient (GrpcClientProtocolClient.java:onNext(255)) - client-AC1CE418446C->edec9b8f-c318-426f-83f9-f44e945268a2: receive RaftClientReply:client-AC1CE418446C->edec9b8f-c318-426f-83f9-f44e945268a2@group-352661ED3FD5, cid=1532, SUCCESS, logIndex=2177, commits[edec9b8f-c318-426f-83f9-f44e945268a2:c2179, 02a03aee-1dd1-43c9-94ca-c76e2a537489:c2175, 9fb73170-bb25-48da-afcf-6f1f9e11598f:c2175]
2019-07-10 10:42:45,230 INFO  client.GrpcClientProtocolClient (GrpcClientProtocolClient.java:onNext(255)) - client-AC1CE418446C->edec9b8f-c318-426f-83f9-f44e945268a2: receive RaftClientReply:client-AC1CE418446C->edec9b8f-c318-426f-83f9-f44e945268a2@group-352661ED3FD5, cid=1533, SUCCESS, logIndex=2178, commits[edec9b8f-c318-426f-83f9-f44e945268a2:c2180, 02a03aee-1dd1-43c9-94ca-c76e2a537489:c2176, 9fb73170-bb25-48da-afcf-6f1f9e11598f:c2175]
2019-07-10 10:42:45,231 INFO  client.GrpcClientProtocolClient (GrpcClientProtocolClient.java:onNext(255)) - client-AC1CE418446C->edec9b8f-c318-426f-83f9-f44e945268a2: receive RaftClientReply:client-AC1CE418446C->edec9b8f-c318-426f-83f9-f44e945268a2@group-352661ED3FD5, cid=1534, SUCCESS, logIndex=2179, commits[edec9b8f-c318-426f-83f9-f44e945268a2:c2181, 02a03aee-1dd1-43c9-94ca-c76e2a537489:c2176, 9fb73170-bb25-48da-afcf-6f1f9e11598f:c2177]
2019-07-10 10:42:45,232 INFO  client.GrpcClientProtocolClient (GrpcClientProtocolClient.java:onNext(255)) - client-AC1CE418446C->edec9b8f-c318-426f-83f9-f44e945268a2: receive RaftClientReply:client-AC1CE418446C->edec9b8f-c318-426f-83f9-f44e945268a2@group-352661ED3FD5, cid=1535, SUCCESS, logIndex=0, commits[edec9b8f-c318-426f-83f9-f44e945268a2:c2183, 02a03aee-1dd1-43c9-94ca-c76e2a537489:c2179, 9fb73170-bb25-48da-afcf-6f1f9e11598f:c2179]
2019-07-10 10:42:45,250 INFO  client.GrpcClientProtocolClient (GrpcClientProtocolClient.java:onNext(255)) - client-AC1CE418446C->edec9b8f-c318-426f-83f9-f44e945268a2: receive RaftClientReply:client-AC1CE418446C->edec9b8f-c318-426f-83f9-f44e945268a2@group-352661ED3FD5, cid=1536, SUCCESS, logIndex=2184, commits[edec9b8f-c318-426f-83f9-f44e945268a2:c2185, 02a03aee-1dd1-43c9-94ca-c76e2a537489:c2183, 9fb73170-bb25-48da-afcf-6f1f9e11598f:c2183]
2019-07-10 10:42:45,250 INFO  client.GrpcClientProtocolClient (GrpcClientProtocolClient.java:onNext(255)) - client-AC1CE418446C->edec9b8f-c318-426f-83f9-f44e945268a2: receive RaftClientReply:client-AC1CE418446C->edec9b8f-c318-426f-83f9-f44e945268a2@group-352661ED3FD5, cid=1537, SUCCESS, logIndex=2185, commits[edec9b8f-c318-426f-83f9-f44e945268a2:c2185, 02a03aee-1dd1-43c9-94ca-c76e2a537489:c2183, 9fb73170-bb25-48da-afcf-6f1f9e11598f:c2183]
2019-07-10 10:42:45,277 INFO  client.GrpcClientProtocolClient (GrpcClientProtocolClient.java:onNext(255)) - client-AC1CE418446C->edec9b8f-c318-426f-83f9-f44e945268a2: receive RaftClientReply:client-AC1CE418446C->edec9b8f-c318-426f-83f9-f44e945268a2@group-352661ED3FD5, cid=1538, SUCCESS, logIndex=2188, commits[edec9b8f-c318-426f-83f9-f44e945268a2:c2189, 02a03aee-1dd1-43c9-94ca-c76e2a537489:c2185, 9fb73170-bb25-48da-afcf-6f1f9e11598f:c2185]
2019-07-10 10:42:45,278 INFO  client.GrpcClientProtocolClient (GrpcClientProtocolClient.java:onNext(255)) - client-AC1CE418446C->edec9b8f-c318-426f-83f9-f44e945268a2: receive RaftClientReply:client-AC1CE418446C->edec9b8f-c318-426f-83f9-f44e945268a2@group-352661ED3FD5, cid=1539, SUCCESS, logIndex=2189, commits[edec9b8f-c318-426f-83f9-f44e945268a2:c2189, 02a03aee-1dd1-43c9-94ca-c76e2a537489:c2185, 9fb73170-bb25-48da-afcf-6f1f9e11598f:c2185]
2019-07-10 10:42:45,293 INFO  client.GrpcClientProtocolClient (GrpcClientProtocolClient.java:onNext(255)) - client-AC1CE418446C->edec9b8f-c318-426f-83f9-f44e945268a2: receive RaftClientReply:client-AC1CE418446C->edec9b8f-c318-426f-83f9-f44e945268a2@group-352661ED3FD5, cid=1540, SUCCESS, logIndex=0, commits[edec9b8f-c318-426f-83f9-f44e945268a2:c2191, 02a03aee-1dd1-43c9-94ca-c76e2a537489:c2189, 9fb73170-bb25-48da-afcf-6f1f9e11598f:c2189]
2019-07-10 10:42:45,320 INFO  client.GrpcClientProtocolClient (GrpcClientProtocolClient.java:onNext(255)) - client-AC1CE418446C->edec9b8f-c318-426f-83f9-f44e945268a2: receive RaftClientReply:client-AC1CE418446C->edec9b8f-c318-426f-83f9-f44e945268a2@group-352661ED3FD5, cid=1541, SUCCESS, logIndex=2192, commits[edec9b8f-c318-426f-83f9-f44e945268a2:c2192, 02a03aee-1dd1-43c9-94ca-c76e2a537489:c2189, 9fb73170-bb25-48da-afcf-6f1f9e11598f:c2191]
2019-07-10 10:42:45,321 INFO  client.GrpcClientProtocolClient (GrpcClientProtocolClient.java:onNext(255)) - client-AC1CE418446C->edec9b8f-c318-426f-83f9-f44e945268a2: receive RaftClientReply:client-AC1CE418446C->edec9b8f-c318-426f-83f9-f44e945268a2@group-352661ED3FD5, cid=1542, SUCCESS, logIndex=2193, commits[edec9b8f-c318-426f-83f9-f44e945268a2:c2195, 02a03aee-1dd1-43c9-94ca-c76e2a537489:c2191, 9fb73170-bb25-48da-afcf-6f1f9e11598f:c2191]
2019-07-10 10:42:45,321 INFO  client.GrpcClientProtocolClient (GrpcClientProtocolClient.java:onNext(255)) - client-AC1CE418446C->edec9b8f-c318-426f-83f9-f44e945268a2: receive RaftClientReply:client-AC1CE418446C->edec9b8f-c318-426f-83f9-f44e945268a2@group-352661ED3FD5, cid=1543, SUCCESS, logIndex=2194, commits[edec9b8f-c318-426f-83f9-f44e945268a2:c2195, 02a03aee-1dd1-43c9-94ca-c76e2a537489:c2191, 9fb73170-bb25-48da-afcf-6f1f9e11598f:c2191]
2019-07-10 10:42:45,321 INFO  client.GrpcClientProtocolClient (GrpcClientProtocolClient.java:onNext(255)) - client-AC1CE418446C->edec9b8f-c318-426f-83f9-f44e945268a2: receive RaftClientReply:client-AC1CE418446C->edec9b8f-c318-426f-83f9-f44e945268a2@group-352661ED3FD5, cid=1544, SUCCESS, logIndex=2195, commits[edec9b8f-c318-426f-83f9-f44e945268a2:c2195, 02a03aee-1dd1-43c9-94ca-c76e2a537489:c2191, 9fb73170-bb25-48da-afcf-6f1f9e11598f:c2191]
2019-07-10 10:42:45,333 INFO  client.GrpcClientProtocolClient (GrpcClientProtocolClient.java:onNext(255)) - client-AC1CE418446C->edec9b8f-c318-426f-83f9-f44e945268a2: receive RaftClientReply:client-AC1CE418446C->edec9b8f-c318-426f-83f9-f44e945268a2@group-352661ED3FD5, cid=1545, SUCCESS, logIndex=0, commits[edec9b8f-c318-426f-83f9-f44e945268a2:c2199, 02a03aee-1dd1-43c9-94ca-c76e2a537489:c2193, 9fb73170-bb25-48da-afcf-6f1f9e11598f:c2195]
2019-07-10 10:42:45,428 INFO  client.GrpcClientProtocolClient (GrpcClientProtocolClient.java:onNext(255)) - client-AC1CE418446C->edec9b8f-c318-426f-83f9-f44e945268a2: receive RaftClientReply:client-AC1CE418446C->edec9b8f-c318-426f-83f9-f44e945268a2@group-352661ED3FD5, cid=1546, SUCCESS, logIndex=2200, commits[edec9b8f-c318-426f-83f9-f44e945268a2:c2201, 02a03aee-1dd1-43c9-94ca-c76e2a537489:c2199, 9fb73170-bb25-48da-afcf-6f1f9e11598f:c2199]
2019-07-10 10:42:45,430 INFO  client.GrpcClientProtocolClient (GrpcClientProtocolClient.java:onNext(255)) - client-AC1CE418446C->edec9b8f-c318-426f-83f9-f44e945268a2: receive RaftClientReply:client-AC1CE418446C->edec9b8f-c318-426f-83f9-f44e945268a2@group-352661ED3FD5, cid=1547, SUCCESS, logIndex=2201, commits[edec9b8f-c318-426f-83f9-f44e945268a2:c2201, 02a03aee-1dd1-43c9-94ca-c76e2a537489:c2199, 9fb73170-bb25-48da-afcf-6f1f9e11598f:c2199]
2019-07-10 10:42:45,443 INFO  client.GrpcClientProtocolClient (GrpcClientProtocolClient.java:onNext(255)) - client-AC1CE418446C->edec9b8f-c318-426f-83f9-f44e945268a2: receive RaftClientReply:client-AC1CE418446C->edec9b8f-c318-426f-83f9-f44e945268a2@group-352661ED3FD5, cid=1548, SUCCESS, logIndex=2204, commits[edec9b8f-c318-426f-83f9-f44e945268a2:c2205, 02a03aee-1dd1-43c9-94ca-c76e2a537489:c2201, 9fb73170-bb25-48da-afcf-6f1f9e11598f:c2201]
2019-07-10 10:42:45,443 INFO  client.GrpcClientProtocolClient (GrpcClientProtocolClient.java:onNext(255)) - client-AC1CE418446C->edec9b8f-c318-426f-83f9-f44e945268a2: receive RaftClientReply:client-AC1CE418446C->edec9b8f-c318-426f-83f9-f44e945268a2@group-352661ED3FD5, cid=1549, SUCCESS, logIndex=2205, commits[edec9b8f-c318-426f-83f9-f44e945268a2:c2205, 02a03aee-1dd1-43c9-94ca-c76e2a537489:c2201, 9fb73170-bb25-48da-afcf-6f1f9e11598f:c2201]
2019-07-10 10:42:45,447 INFO  client.GrpcClientProtocolClient (GrpcClientProtocolClient.java:onNext(255)) - client-AC1CE418446C->edec9b8f-c318-426f-83f9-f44e945268a2: receive RaftClientReply:client-AC1CE418446C->edec9b8f-c318-426f-83f9-f44e945268a2@group-352661ED3FD5, cid=1550, SUCCESS, logIndex=0, commits[edec9b8f-c318-426f-83f9-f44e945268a2:c2206, 02a03aee-1dd1-43c9-94ca-c76e2a537489:c2205, 9fb73170-bb25-48da-afcf-6f1f9e11598f:c2205]
2019-07-10 10:42:45,475 INFO  client.GrpcClientProtocolClient (GrpcClientProtocolClient.java:onNext(255)) - client-AC1CE418446C->edec9b8f-c318-426f-83f9-f44e945268a2: receive RaftClientReply:client-AC1CE418446C->edec9b8f-c318-426f-83f9-f44e945268a2@group-352661ED3FD5, cid=1551, SUCCESS, logIndex=2208, commits[edec9b8f-c318-426f-83f9-f44e945268a2:c2209, 02a03aee-1dd1-43c9-94ca-c76e2a537489:c2207, 9fb73170-bb25-48da-afcf-6f1f9e11598f:c2207]
2019-07-10 10:42:45,475 INFO  client.GrpcClientProtocolClient (GrpcClientProtocolClient.java:onNext(255)) - client-AC1CE418446C->edec9b8f-c318-426f-83f9-f44e945268a2: receive RaftClientReply:client-AC1CE418446C->edec9b8f-c318-426f-83f9-f44e945268a2@group-352661ED3FD5, cid=1552, SUCCESS, logIndex=2209, commits[edec9b8f-c318-426f-83f9-f44e945268a2:c2209, 02a03aee-1dd1-43c9-94ca-c76e2a537489:c2207, 9fb73170-bb25-48da-afcf-6f1f9e11598f:c2207]
2019-07-10 10:42:45,476 INFO  client.GrpcClientProtocolClient (GrpcClientProtocolClient.java:onNext(255)) - client-AC1CE418446C->edec9b8f-c318-426f-83f9-f44e945268a2: receive RaftClientReply:client-AC1CE418446C->edec9b8f-c318-426f-83f9-f44e945268a2@group-352661ED3FD5, cid=1553, SUCCESS, logIndex=2210, commits[edec9b8f-c318-426f-83f9-f44e945268a2:c2210, 02a03aee-1dd1-43c9-94ca-c76e2a537489:c2207, 9fb73170-bb25-48da-afcf-6f1f9e11598f:c2207]
2019-07-10 10:42:45,476 INFO  client.GrpcClientProtocolClient (GrpcClientProtocolClient.java:onNext(255)) - client-AC1CE418446C->edec9b8f-c318-426f-83f9-f44e945268a2: receive RaftClientReply:client-AC1CE418446C->edec9b8f-c318-426f-83f9-f44e945268a2@group-352661ED3FD5, cid=1554, SUCCESS, logIndex=2211, commits[edec9b8f-c318-426f-83f9-f44e945268a2:c2211, 02a03aee-1dd1-43c9-94ca-c76e2a537489:c2207, 9fb73170-bb25-48da-afcf-6f1f9e11598f:c2207]
2019-07-10 10:42:45,478 INFO  client.GrpcClientProtocolClient (GrpcClientProtocolClient.java:onNext(255)) - client-AC1CE418446C->edec9b8f-c318-426f-83f9-f44e945268a2: receive RaftClientReply:client-AC1CE418446C->edec9b8f-c318-426f-83f9-f44e945268a2@group-352661ED3FD5, cid=1555, SUCCESS, logIndex=0, commits[edec9b8f-c318-426f-83f9-f44e945268a2:c2213, 02a03aee-1dd1-43c9-94ca-c76e2a537489:c2209, 9fb73170-bb25-48da-afcf-6f1f9e11598f:c2209]
2019-07-10 10:42:45,492 INFO  client.GrpcClientProtocolClient (GrpcClientProtocolClient.java:onNext(255)) - client-AC1CE418446C->edec9b8f-c318-426f-83f9-f44e945268a2: receive RaftClientReply:client-AC1CE418446C->edec9b8f-c318-426f-83f9-f44e945268a2@group-352661ED3FD5, cid=1556, SUCCESS, logIndex=2216, commits[edec9b8f-c318-426f-83f9-f44e945268a2:c2217, 02a03aee-1dd1-43c9-94ca-c76e2a537489:c2213, 9fb73170-bb25-48da-afcf-6f1f9e11598f:c2213]
2019-07-10 10:42:45,493 INFO  client.GrpcClientProtocolClient (GrpcClientProtocolClient.java:onNext(255)) - client-AC1CE418446C->edec9b8f-c318-426f-83f9-f44e945268a2: receive RaftClientReply:client-AC1CE418446C->edec9b8f-c318-426f-83f9-f44e945268a2@group-352661ED3FD5, cid=1557, SUCCESS, logIndex=2217, commits[edec9b8f-c318-426f-83f9-f44e945268a2:c2217, 02a03aee-1dd1-43c9-94ca-c76e2a537489:c2213, 9fb73170-bb25-48da-afcf-6f1f9e11598f:c2213]
2019-07-10 10:42:45,505 INFO  client.GrpcClientProtocolClient (GrpcClientProtocolClient.java:onNext(255)) - client-AC1CE418446C->edec9b8f-c318-426f-83f9-f44e945268a2: receive RaftClientReply:client-AC1CE418446C->edec9b8f-c318-426f-83f9-f44e945268a2@group-352661ED3FD5, cid=1558, SUCCESS, logIndex=2219, commits[edec9b8f-c318-426f-83f9-f44e945268a2:c2220, 02a03aee-1dd1-43c9-94ca-c76e2a537489:c2217, 9fb73170-bb25-48da-afcf-6f1f9e11598f:c2217]
2019-07-10 10:42:45,506 INFO  client.GrpcClientProtocolClient (GrpcClientProtocolClient.java:onNext(255)) - client-AC1CE418446C->edec9b8f-c318-426f-83f9-f44e945268a2: receive RaftClientReply:client-AC1CE418446C->edec9b8f-c318-426f-83f9-f44e945268a2@group-352661ED3FD5, cid=1559, SUCCESS, logIndex=2220, commits[edec9b8f-c318-426f-83f9-f44e945268a2:c2220, 02a03aee-1dd1-43c9-94ca-c76e2a537489:c2217, 9fb73170-bb25-48da-afcf-6f1f9e11598f:c2217]
2019-07-10 10:42:45,520 INFO  client.GrpcClientProtocolClient (GrpcClientProtocolClient.java:onNext(255)) - client-AC1CE418446C->edec9b8f-c318-426f-83f9-f44e945268a2: receive RaftClientReply:client-AC1CE418446C->edec9b8f-c318-426f-83f9-f44e945268a2@group-352661ED3FD5, cid=1560, SUCCESS, logIndex=0, commits[edec9b8f-c318-426f-83f9-f44e945268a2:c2221, 02a03aee-1dd1-43c9-94ca-c76e2a537489:c2220, 9fb73170-bb25-48da-afcf-6f1f9e11598f:c2220]
2019-07-10 10:42:45,559 INFO  client.GrpcClientProtocolClient (GrpcClientProtocolClient.java:onNext(255)) - client-AC1CE418446C->edec9b8f-c318-426f-83f9-f44e945268a2: receive RaftClientReply:client-AC1CE418446C->edec9b8f-c318-426f-83f9-f44e945268a2@group-352661ED3FD5, cid=1561, SUCCESS, logIndex=2223, commits[edec9b8f-c318-426f-83f9-f44e945268a2:c2225, 02a03aee-1dd1-43c9-94ca-c76e2a537489:c2222, 9fb73170-bb25-48da-afcf-6f1f9e11598f:c2222]
2019-07-10 10:42:45,559 INFO  client.GrpcClientProtocolClient (GrpcClientProtocolClient.java:onNext(255)) - client-AC1CE418446C->edec9b8f-c318-426f-83f9-f44e945268a2: receive RaftClientReply:client-AC1CE418446C->edec9b8f-c318-426f-83f9-f44e945268a2@group-352661ED3FD5, cid=1562, SUCCESS, logIndex=2224, commits[edec9b8f-c318-426f-83f9-f44e945268a2:c2226, 02a03aee-1dd1-43c9-94ca-c76e2a537489:c2222, 9fb73170-bb25-48da-afcf-6f1f9e11598f:c2222]
2019-07-10 10:42:45,560 INFO  client.GrpcClientProtocolClient (GrpcClientProtocolClient.java:onNext(255)) - client-AC1CE418446C->edec9b8f-c318-426f-83f9-f44e945268a2: receive RaftClientReply:client-AC1CE418446C->edec9b8f-c318-426f-83f9-f44e945268a2@group-352661ED3FD5, cid=1563, SUCCESS, logIndex=2225, commits[edec9b8f-c318-426f-83f9-f44e945268a2:c2226, 02a03aee-1dd1-43c9-94ca-c76e2a537489:c2222, 9fb73170-bb25-48da-afcf-6f1f9e11598f:c2222]
2019-07-10 10:42:45,560 INFO  client.GrpcClientProtocolClient (GrpcClientProtocolClient.java:onNext(255)) - client-AC1CE418446C->edec9b8f-c318-426f-83f9-f44e945268a2: receive RaftClientReply:client-AC1CE418446C->edec9b8f-c318-426f-83f9-f44e945268a2@group-352661ED3FD5, cid=1564, SUCCESS, logIndex=2226, commits[edec9b8f-c318-426f-83f9-f44e945268a2:c2226, 02a03aee-1dd1-43c9-94ca-c76e2a537489:c2222, 9fb73170-bb25-48da-afcf-6f1f9e11598f:c2222]
2019-07-10 10:42:45,571 INFO  client.GrpcClientProtocolClient (GrpcClientProtocolClient.java:onNext(255)) - client-AC1CE418446C->edec9b8f-c318-426f-83f9-f44e945268a2: receive RaftClientReply:client-AC1CE418446C->edec9b8f-c318-426f-83f9-f44e945268a2@group-352661ED3FD5, cid=1565, SUCCESS, logIndex=0, commits[edec9b8f-c318-426f-83f9-f44e945268a2:c2228, 02a03aee-1dd1-43c9-94ca-c76e2a537489:c2224, 9fb73170-bb25-48da-afcf-6f1f9e11598f:c2224]
2019-07-10 10:42:45,590 INFO  client.GrpcClientProtocolClient (GrpcClientProtocolClient.java:onNext(255)) - client-AC1CE418446C->edec9b8f-c318-426f-83f9-f44e945268a2: receive RaftClientReply:client-AC1CE418446C->edec9b8f-c318-426f-83f9-f44e945268a2@group-352661ED3FD5, cid=1566, SUCCESS, logIndex=2231, commits[edec9b8f-c318-426f-83f9-f44e945268a2:c2232, 02a03aee-1dd1-43c9-94ca-c76e2a537489:c2230, 9fb73170-bb25-48da-afcf-6f1f9e11598f:c2230]
2019-07-10 10:42:45,591 INFO  client.GrpcClientProtocolClient (GrpcClientProtocolClient.java:onNext(255)) - client-AC1CE418446C->edec9b8f-c318-426f-83f9-f44e945268a2: receive RaftClientReply:client-AC1CE418446C->edec9b8f-c318-426f-83f9-f44e945268a2@group-352661ED3FD5, cid=1567, SUCCESS, logIndex=2232, commits[edec9b8f-c318-426f-83f9-f44e945268a2:c2232, 02a03aee-1dd1-43c9-94ca-c76e2a537489:c2230, 9fb73170-bb25-48da-afcf-6f1f9e11598f:c2230]
2019-07-10 10:42:45,605 INFO  client.GrpcClientProtocolClient (GrpcClientProtocolClient.java:onNext(255)) - client-AC1CE418446C->edec9b8f-c318-426f-83f9-f44e945268a2: receive RaftClientReply:client-AC1CE418446C->edec9b8f-c318-426f-83f9-f44e945268a2@group-352661ED3FD5, cid=1568, SUCCESS, logIndex=2235, commits[edec9b8f-c318-426f-83f9-f44e945268a2:c2236, 02a03aee-1dd1-43c9-94ca-c76e2a537489:c2232, 9fb73170-bb25-48da-afcf-6f1f9e11598f:c2232]
2019-07-10 10:42:45,606 INFO  client.GrpcClientProtocolClient (GrpcClientProtocolClient.java:onNext(255)) - client-AC1CE418446C->edec9b8f-c318-426f-83f9-f44e945268a2: receive RaftClientReply:client-AC1CE418446C->edec9b8f-c318-426f-83f9-f44e945268a2@group-352661ED3FD5, cid=1569, SUCCESS, logIndex=2236, commits[edec9b8f-c318-426f-83f9-f44e945268a2:c2236, 02a03aee-1dd1-43c9-94ca-c76e2a537489:c2232, 9fb73170-bb25-48da-afcf-6f1f9e11598f:c2232]
2019-07-10 10:42:45,618 INFO  client.GrpcClientProtocolClient (GrpcClientProtocolClient.java:onNext(255)) - client-AC1CE418446C->edec9b8f-c318-426f-83f9-f44e945268a2: receive RaftClientReply:client-AC1CE418446C->edec9b8f-c318-426f-83f9-f44e945268a2@group-352661ED3FD5, cid=1570, SUCCESS, logIndex=0, commits[edec9b8f-c318-426f-83f9-f44e945268a2:c2238, 02a03aee-1dd1-43c9-94ca-c76e2a537489:c2236, 9fb73170-bb25-48da-afcf-6f1f9e11598f:c2236]
2019-07-10 10:42:45,645 INFO  client.GrpcClientProtocolClient (GrpcClientProtocolClient.java:onNext(255)) - client-AC1CE418446C->edec9b8f-c318-426f-83f9-f44e945268a2: receive RaftClientReply:client-AC1CE418446C->edec9b8f-c318-426f-83f9-f44e945268a2@group-352661ED3FD5, cid=1571, SUCCESS, logIndex=2239, commits[edec9b8f-c318-426f-83f9-f44e945268a2:c2241, 02a03aee-1dd1-43c9-94ca-c76e2a537489:c2238, 9fb73170-bb25-48da-afcf-6f1f9e11598f:c2238]
2019-07-10 10:42:45,646 INFO  client.GrpcClientProtocolClient (GrpcClientProtocolClient.java:onNext(255)) - client-AC1CE418446C->edec9b8f-c318-426f-83f9-f44e945268a2: receive RaftClientReply:client-AC1CE418446C->edec9b8f-c318-426f-83f9-f44e945268a2@group-352661ED3FD5, cid=1572, SUCCESS, logIndex=2240, commits[edec9b8f-c318-426f-83f9-f44e945268a2:c2242, 02a03aee-1dd1-43c9-94ca-c76e2a537489:c2238, 9fb73170-bb25-48da-afcf-6f1f9e11598f:c2238]
2019-07-10 10:42:45,646 INFO  client.GrpcClientProtocolClient (GrpcClientProtocolClient.java:onNext(255)) - client-AC1CE418446C->edec9b8f-c318-426f-83f9-f44e945268a2: receive RaftClientReply:client-AC1CE418446C->edec9b8f-c318-426f-83f9-f44e945268a2@group-352661ED3FD5, cid=1573, SUCCESS, logIndex=2241, commits[edec9b8f-c318-426f-83f9-f44e945268a2:c2242, 02a03aee-1dd1-43c9-94ca-c76e2a537489:c2238, 9fb73170-bb25-48da-afcf-6f1f9e11598f:c2238]
2019-07-10 10:42:45,646 INFO  client.GrpcClientProtocolClient (GrpcClientProtocolClient.java:onNext(255)) - client-AC1CE418446C->edec9b8f-c318-426f-83f9-f44e945268a2: receive RaftClientReply:client-AC1CE418446C->edec9b8f-c318-426f-83f9-f44e945268a2@group-352661ED3FD5, cid=1574, SUCCESS, logIndex=2242, commits[edec9b8f-c318-426f-83f9-f44e945268a2:c2242, 02a03aee-1dd1-43c9-94ca-c76e2a537489:c2238, 9fb73170-bb25-48da-afcf-6f1f9e11598f:c2238]
2019-07-10 10:42:45,659 INFO  client.GrpcClientProtocolClient (GrpcClientProtocolClient.java:onNext(255)) - client-AC1CE418446C->edec9b8f-c318-426f-83f9-f44e945268a2: receive RaftClientReply:client-AC1CE418446C->edec9b8f-c318-426f-83f9-f44e945268a2@group-352661ED3FD5, cid=1575, SUCCESS, logIndex=0, commits[edec9b8f-c318-426f-83f9-f44e945268a2:c2245, 02a03aee-1dd1-43c9-94ca-c76e2a537489:c2241, 9fb73170-bb25-48da-afcf-6f1f9e11598f:c2240]
2019-07-10 10:42:45,678 INFO  client.GrpcClientProtocolClient (GrpcClientProtocolClient.java:onNext(255)) - client-AC1CE418446C->edec9b8f-c318-426f-83f9-f44e945268a2: receive RaftClientReply:client-AC1CE418446C->edec9b8f-c318-426f-83f9-f44e945268a2@group-352661ED3FD5, cid=1576, SUCCESS, logIndex=2247, commits[edec9b8f-c318-426f-83f9-f44e945268a2:c2248, 02a03aee-1dd1-43c9-94ca-c76e2a537489:c2246, 9fb73170-bb25-48da-afcf-6f1f9e11598f:c2246]
2019-07-10 10:42:45,678 INFO  client.GrpcClientProtocolClient (GrpcClientProtocolClient.java:onNext(255)) - client-AC1CE418446C->edec9b8f-c318-426f-83f9-f44e945268a2: receive RaftClientReply:client-AC1CE418446C->edec9b8f-c318-426f-83f9-f44e945268a2@group-352661ED3FD5, cid=1577, SUCCESS, logIndex=2248, commits[edec9b8f-c318-426f-83f9-f44e945268a2:c2248, 02a03aee-1dd1-43c9-94ca-c76e2a537489:c2246, 9fb73170-bb25-48da-afcf-6f1f9e11598f:c2246]
2019-07-10 10:42:45,692 INFO  client.GrpcClientProtocolClient (GrpcClientProtocolClient.java:onNext(255)) - client-AC1CE418446C->edec9b8f-c318-426f-83f9-f44e945268a2: receive RaftClientReply:client-AC1CE418446C->edec9b8f-c318-426f-83f9-f44e945268a2@group-352661ED3FD5, cid=1578, SUCCESS, logIndex=2251, commits[edec9b8f-c318-426f-83f9-f44e945268a2:c2252, 02a03aee-1dd1-43c9-94ca-c76e2a537489:c2248, 9fb73170-bb25-48da-afcf-6f1f9e11598f:c2248]
2019-07-10 10:42:45,692 INFO  client.GrpcClientProtocolClient (GrpcClientProtocolClient.java:onNext(255)) - client-AC1CE418446C->edec9b8f-c318-426f-83f9-f44e945268a2: receive RaftClientReply:client-AC1CE418446C->edec9b8f-c318-426f-83f9-f44e945268a2@group-352661ED3FD5, cid=1579, SUCCESS, logIndex=2252, commits[edec9b8f-c318-426f-83f9-f44e945268a2:c2252, 02a03aee-1dd1-43c9-94ca-c76e2a537489:c2248, 9fb73170-bb25-48da-afcf-6f1f9e11598f:c2248]
2019-07-10 10:42:45,707 INFO  client.GrpcClientProtocolClient (GrpcClientProtocolClient.java:onNext(255)) - client-AC1CE418446C->edec9b8f-c318-426f-83f9-f44e945268a2: receive RaftClientReply:client-AC1CE418446C->edec9b8f-c318-426f-83f9-f44e945268a2@group-352661ED3FD5, cid=1580, SUCCESS, logIndex=0, commits[edec9b8f-c318-426f-83f9-f44e945268a2:c2253, 02a03aee-1dd1-43c9-94ca-c76e2a537489:c2252, 9fb73170-bb25-48da-afcf-6f1f9e11598f:c2252]
2019-07-10 10:42:45,732 INFO  client.GrpcClientProtocolClient (GrpcClientProtocolClient.java:onNext(255)) - client-AC1CE418446C->edec9b8f-c318-426f-83f9-f44e945268a2: receive RaftClientReply:client-AC1CE418446C->edec9b8f-c318-426f-83f9-f44e945268a2@group-352661ED3FD5, cid=1581, SUCCESS, logIndex=2255, commits[edec9b8f-c318-426f-83f9-f44e945268a2:c2257, 02a03aee-1dd1-43c9-94ca-c76e2a537489:c2254, 9fb73170-bb25-48da-afcf-6f1f9e11598f:c2254]
2019-07-10 10:42:45,732 INFO  client.GrpcClientProtocolClient (GrpcClientProtocolClient.java:onNext(255)) - client-AC1CE418446C->edec9b8f-c318-426f-83f9-f44e945268a2: receive RaftClientReply:client-AC1CE418446C->edec9b8f-c318-426f-83f9-f44e945268a2@group-352661ED3FD5, cid=1582, SUCCESS, logIndex=2256, commits[edec9b8f-c318-426f-83f9-f44e945268a2:c2258, 02a03aee-1dd1-43c9-94ca-c76e2a537489:c2254, 9fb73170-bb25-48da-afcf-6f1f9e11598f:c2254]
2019-07-10 10:42:45,733 INFO  client.GrpcClientProtocolClient (GrpcClientProtocolClient.java:onNext(255)) - client-AC1CE418446C->edec9b8f-c318-426f-83f9-f44e945268a2: receive RaftClientReply:client-AC1CE418446C->edec9b8f-c318-426f-83f9-f44e945268a2@group-352661ED3FD5, cid=1583, SUCCESS, logIndex=2257, commits[edec9b8f-c318-426f-83f9-f44e945268a2:c2258, 02a03aee-1dd1-43c9-94ca-c76e2a537489:c2254, 9fb73170-bb25-48da-afcf-6f1f9e11598f:c2254]
2019-07-10 10:42:45,733 INFO  client.GrpcClientProtocolClient (GrpcClientProtocolClient.java:onNext(255)) - client-AC1CE418446C->edec9b8f-c318-426f-83f9-f44e945268a2: receive RaftClientReply:client-AC1CE418446C->edec9b8f-c318-426f-83f9-f44e945268a2@group-352661ED3FD5, cid=1584, SUCCESS, logIndex=2258, commits[edec9b8f-c318-426f-83f9-f44e945268a2:c2258, 02a03aee-1dd1-43c9-94ca-c76e2a537489:c2254, 9fb73170-bb25-48da-afcf-6f1f9e11598f:c2254]
2019-07-10 10:42:45,747 INFO  client.GrpcClientProtocolClient (GrpcClientProtocolClient.java:onNext(255)) - client-AC1CE418446C->edec9b8f-c318-426f-83f9-f44e945268a2: receive RaftClientReply:client-AC1CE418446C->edec9b8f-c318-426f-83f9-f44e945268a2@group-352661ED3FD5, cid=1585, SUCCESS, logIndex=0, commits[edec9b8f-c318-426f-83f9-f44e945268a2:c2259, 02a03aee-1dd1-43c9-94ca-c76e2a537489:c2256, 9fb73170-bb25-48da-afcf-6f1f9e11598f:c2256]
2019-07-10 10:42:45,794 INFO  client.GrpcClientProtocolClient (GrpcClientProtocolClient.java:onNext(255)) - client-AC1CE418446C->edec9b8f-c318-426f-83f9-f44e945268a2: receive RaftClientReply:client-AC1CE418446C->edec9b8f-c318-426f-83f9-f44e945268a2@group-352661ED3FD5, cid=1586, SUCCESS, logIndex=2263, commits[edec9b8f-c318-426f-83f9-f44e945268a2:c2264, 02a03aee-1dd1-43c9-94ca-c76e2a537489:c2262, 9fb73170-bb25-48da-afcf-6f1f9e11598f:c2262]
2019-07-10 10:42:45,794 INFO  client.GrpcClientProtocolClient (GrpcClientProtocolClient.java:onNext(255)) - client-AC1CE418446C->edec9b8f-c318-426f-83f9-f44e945268a2: receive RaftClientReply:client-AC1CE418446C->edec9b8f-c318-426f-83f9-f44e945268a2@group-352661ED3FD5, cid=1587, SUCCESS, logIndex=2264, commits[edec9b8f-c318-426f-83f9-f44e945268a2:c2264, 02a03aee-1dd1-43c9-94ca-c76e2a537489:c2262, 9fb73170-bb25-48da-afcf-6f1f9e11598f:c2262]
2019-07-10 10:42:45,809 INFO  client.GrpcClientProtocolClient (GrpcClientProtocolClient.java:onNext(255)) - client-AC1CE418446C->edec9b8f-c318-426f-83f9-f44e945268a2: receive RaftClientReply:client-AC1CE418446C->edec9b8f-c318-426f-83f9-f44e945268a2@group-352661ED3FD5, cid=1588, SUCCESS, logIndex=2267, commits[edec9b8f-c318-426f-83f9-f44e945268a2:c2268, 02a03aee-1dd1-43c9-94ca-c76e2a537489:c2264, 9fb73170-bb25-48da-afcf-6f1f9e11598f:c2265]
2019-07-10 10:42:45,810 INFO  client.GrpcClientProtocolClient (GrpcClientProtocolClient.java:onNext(255)) - client-AC1CE418446C->edec9b8f-c318-426f-83f9-f44e945268a2: receive RaftClientReply:client-AC1CE418446C->edec9b8f-c318-426f-83f9-f44e945268a2@group-352661ED3FD5, cid=1589, SUCCESS, logIndex=2268, commits[edec9b8f-c318-426f-83f9-f44e945268a2:c2268, 02a03aee-1dd1-43c9-94ca-c76e2a537489:c2265, 9fb73170-bb25-48da-afcf-6f1f9e11598f:c2265]
2019-07-10 10:42:45,824 INFO  client.GrpcClientProtocolClient (GrpcClientProtocolClient.java:onNext(255)) - client-AC1CE418446C->edec9b8f-c318-426f-83f9-f44e945268a2: receive RaftClientReply:client-AC1CE418446C->edec9b8f-c318-426f-83f9-f44e945268a2@group-352661ED3FD5, cid=1590, SUCCESS, logIndex=0, commits[edec9b8f-c318-426f-83f9-f44e945268a2:c2270, 02a03aee-1dd1-43c9-94ca-c76e2a537489:c2268, 9fb73170-bb25-48da-afcf-6f1f9e11598f:c2268]
2019-07-10 10:42:45,855 INFO  client.GrpcClientProtocolClient (GrpcClientProtocolClient.java:onNext(255)) - client-AC1CE418446C->edec9b8f-c318-426f-83f9-f44e945268a2: receive RaftClientReply:client-AC1CE418446C->edec9b8f-c318-426f-83f9-f44e945268a2@group-352661ED3FD5, cid=1591, SUCCESS, logIndex=2271, commits[edec9b8f-c318-426f-83f9-f44e945268a2:c2272, 02a03aee-1dd1-43c9-94ca-c76e2a537489:c2270, 9fb73170-bb25-48da-afcf-6f1f9e11598f:c2270]
2019-07-10 10:42:45,855 INFO  client.GrpcClientProtocolClient (GrpcClientProtocolClient.java:onNext(255)) - client-AC1CE418446C->edec9b8f-c318-426f-83f9-f44e945268a2: receive RaftClientReply:client-AC1CE418446C->edec9b8f-c318-426f-83f9-f44e945268a2@group-352661ED3FD5, cid=1592, SUCCESS, logIndex=2272, commits[edec9b8f-c318-426f-83f9-f44e945268a2:c2274, 02a03aee-1dd1-43c9-94ca-c76e2a537489:c2270, 9fb73170-bb25-48da-afcf-6f1f9e11598f:c2270]
2019-07-10 10:42:45,856 INFO  client.GrpcClientProtocolClient (GrpcClientProtocolClient.java:onNext(255)) - client-AC1CE418446C->edec9b8f-c318-426f-83f9-f44e945268a2: receive RaftClientReply:client-AC1CE418446C->edec9b8f-c318-426f-83f9-f44e945268a2@group-352661ED3FD5, cid=1593, SUCCESS, logIndex=2273, commits[edec9b8f-c318-426f-83f9-f44e945268a2:c2274, 02a03aee-1dd1-43c9-94ca-c76e2a537489:c2270, 9fb73170-bb25-48da-afcf-6f1f9e11598f:c2270]
2019-07-10 10:42:45,856 INFO  client.GrpcClientProtocolClient (GrpcClientProtocolClient.java:onNext(255)) - client-AC1CE418446C->edec9b8f-c318-426f-83f9-f44e945268a2: receive RaftClientReply:client-AC1CE418446C->edec9b8f-c318-426f-83f9-f44e945268a2@group-352661ED3FD5, cid=1594, SUCCESS, logIndex=2274, commits[edec9b8f-c318-426f-83f9-f44e945268a2:c2274, 02a03aee-1dd1-43c9-94ca-c76e2a537489:c2270, 9fb73170-bb25-48da-afcf-6f1f9e11598f:c2270]
2019-07-10 10:42:45,868 INFO  client.GrpcClientProtocolClient (GrpcClientProtocolClient.java:onNext(255)) - client-AC1CE418446C->edec9b8f-c318-426f-83f9-f44e945268a2: receive RaftClientReply:client-AC1CE418446C->edec9b8f-c318-426f-83f9-f44e945268a2@group-352661ED3FD5, cid=1595, SUCCESS, logIndex=0, commits[edec9b8f-c318-426f-83f9-f44e945268a2:c2278, 02a03aee-1dd1-43c9-94ca-c76e2a537489:c2274, 9fb73170-bb25-48da-afcf-6f1f9e11598f:c2272]
2019-07-10 10:42:45,889 INFO  client.GrpcClientProtocolClient (GrpcClientProtocolClient.java:onNext(255)) - client-AC1CE418446C->edec9b8f-c318-426f-83f9-f44e945268a2: receive RaftClientReply:client-AC1CE418446C->edec9b8f-c318-426f-83f9-f44e945268a2@group-352661ED3FD5, cid=1596, SUCCESS, logIndex=2279, commits[edec9b8f-c318-426f-83f9-f44e945268a2:c2280, 02a03aee-1dd1-43c9-94ca-c76e2a537489:c2278, 9fb73170-bb25-48da-afcf-6f1f9e11598f:c2278]
2019-07-10 10:42:45,890 INFO  client.GrpcClientProtocolClient (GrpcClientProtocolClient.java:onNext(255)) - client-AC1CE418446C->edec9b8f-c318-426f-83f9-f44e945268a2: receive RaftClientReply:client-AC1CE418446C->edec9b8f-c318-426f-83f9-f44e945268a2@group-352661ED3FD5, cid=1597, SUCCESS, logIndex=2280, commits[edec9b8f-c318-426f-83f9-f44e945268a2:c2280, 02a03aee-1dd1-43c9-94ca-c76e2a537489:c2278, 9fb73170-bb25-48da-afcf-6f1f9e11598f:c2278]
2019-07-10 10:42:45,903 INFO  client.GrpcClientProtocolClient (GrpcClientProtocolClient.java:onNext(255)) - client-AC1CE418446C->edec9b8f-c318-426f-83f9-f44e945268a2: receive RaftClientReply:client-AC1CE418446C->edec9b8f-c318-426f-83f9-f44e945268a2@group-352661ED3FD5, cid=1598, SUCCESS, logIndex=2283, commits[edec9b8f-c318-426f-83f9-f44e945268a2:c2284, 02a03aee-1dd1-43c9-94ca-c76e2a537489:c2280, 9fb73170-bb25-48da-afcf-6f1f9e11598f:c2280]
2019-07-10 10:42:45,905 INFO  client.GrpcClientProtocolClient (GrpcClientProtocolClient.java:onNext(255)) - client-AC1CE418446C->edec9b8f-c318-426f-83f9-f44e945268a2: receive RaftClientReply:client-AC1CE418446C->edec9b8f-c318-426f-83f9-f44e945268a2@group-352661ED3FD5, cid=1599, SUCCESS, logIndex=2284, commits[edec9b8f-c318-426f-83f9-f44e945268a2:c2284, 02a03aee-1dd1-43c9-94ca-c76e2a537489:c2280, 9fb73170-bb25-48da-afcf-6f1f9e11598f:c2280]
2019-07-10 10:42:45,918 INFO  client.GrpcClientProtocolClient (GrpcClientProtocolClient.java:onNext(255)) - client-AC1CE418446C->edec9b8f-c318-426f-83f9-f44e945268a2: receive RaftClientReply:client-AC1CE418446C->edec9b8f-c318-426f-83f9-f44e945268a2@group-352661ED3FD5, cid=1600, SUCCESS, logIndex=0, commits[edec9b8f-c318-426f-83f9-f44e945268a2:c2286, 02a03aee-1dd1-43c9-94ca-c76e2a537489:c2284, 9fb73170-bb25-48da-afcf-6f1f9e11598f:c2284]
2019-07-10 10:42:45,946 INFO  client.GrpcClientProtocolClient (GrpcClientProtocolClient.java:onNext(255)) - client-AC1CE418446C->edec9b8f-c318-426f-83f9-f44e945268a2: receive RaftClientReply:client-AC1CE418446C->edec9b8f-c318-426f-83f9-f44e945268a2@group-352661ED3FD5, cid=1601, SUCCESS, logIndex=2287, commits[edec9b8f-c318-426f-83f9-f44e945268a2:c2288, 02a03aee-1dd1-43c9-94ca-c76e2a537489:c2286, 9fb73170-bb25-48da-afcf-6f1f9e11598f:c2286]
2019-07-10 10:42:45,947 INFO  client.GrpcClientProtocolClient (GrpcClientProtocolClient.java:onNext(255)) - client-AC1CE418446C->edec9b8f-c318-426f-83f9-f44e945268a2: receive RaftClientReply:client-AC1CE418446C->edec9b8f-c318-426f-83f9-f44e945268a2@group-352661ED3FD5, cid=1602, SUCCESS, logIndex=2288, commits[edec9b8f-c318-426f-83f9-f44e945268a2:c2288, 02a03aee-1dd1-43c9-94ca-c76e2a537489:c2286, 9fb73170-bb25-48da-afcf-6f1f9e11598f:c2286]
2019-07-10 10:42:45,947 INFO  client.GrpcClientProtocolClient (GrpcClientProtocolClient.java:onNext(255)) - client-AC1CE418446C->edec9b8f-c318-426f-83f9-f44e945268a2: receive RaftClientReply:client-AC1CE418446C->edec9b8f-c318-426f-83f9-f44e945268a2@group-352661ED3FD5, cid=1603, SUCCESS, logIndex=2289, commits[edec9b8f-c318-426f-83f9-f44e945268a2:c2290, 02a03aee-1dd1-43c9-94ca-c76e2a537489:c2286, 9fb73170-bb25-48da-afcf-6f1f9e11598f:c2286]
2019-07-10 10:42:45,947 INFO  client.GrpcClientProtocolClient (GrpcClientProtocolClient.java:onNext(255)) - client-AC1CE418446C->edec9b8f-c318-426f-83f9-f44e945268a2: receive RaftClientReply:client-AC1CE418446C->edec9b8f-c318-426f-83f9-f44e945268a2@group-352661ED3FD5, cid=1604, SUCCESS, logIndex=2290, commits[edec9b8f-c318-426f-83f9-f44e945268a2:c2290, 02a03aee-1dd1-43c9-94ca-c76e2a537489:c2286, 9fb73170-bb25-48da-afcf-6f1f9e11598f:c2286]
2019-07-10 10:42:45,960 INFO  client.GrpcClientProtocolClient (GrpcClientProtocolClient.java:onNext(255)) - client-AC1CE418446C->edec9b8f-c318-426f-83f9-f44e945268a2: receive RaftClientReply:client-AC1CE418446C->edec9b8f-c318-426f-83f9-f44e945268a2@group-352661ED3FD5, cid=1605, SUCCESS, logIndex=0, commits[edec9b8f-c318-426f-83f9-f44e945268a2:c2292, 02a03aee-1dd1-43c9-94ca-c76e2a537489:c2288, 9fb73170-bb25-48da-afcf-6f1f9e11598f:c2288]
2019-07-10 10:42:45,972 INFO  client.GrpcClientProtocolClient (GrpcClientProtocolClient.java:onNext(255)) - client-AC1CE418446C->edec9b8f-c318-426f-83f9-f44e945268a2: receive RaftClientReply:client-AC1CE418446C->edec9b8f-c318-426f-83f9-f44e945268a2@group-352661ED3FD5, cid=1606, SUCCESS, logIndex=2295, commits[edec9b8f-c318-426f-83f9-f44e945268a2:c2296, 02a03aee-1dd1-43c9-94ca-c76e2a537489:c2290, 9fb73170-bb25-48da-afcf-6f1f9e11598f:c2294]
2019-07-10 10:42:45,972 INFO  client.GrpcClientProtocolClient (GrpcClientProtocolClient.java:onNext(255)) - client-AC1CE418446C->edec9b8f-c318-426f-83f9-f44e945268a2: receive RaftClientReply:client-AC1CE418446C->edec9b8f-c318-426f-83f9-f44e945268a2@group-352661ED3FD5, cid=1607, SUCCESS, logIndex=2296, commits[edec9b8f-c318-426f-83f9-f44e945268a2:c2296, 02a03aee-1dd1-43c9-94ca-c76e2a537489:c2294, 9fb73170-bb25-48da-afcf-6f1f9e11598f:c2294]
2019-07-10 10:42:45,988 INFO  client.GrpcClientProtocolClient (GrpcClientProtocolClient.java:onNext(255)) - client-AC1CE418446C->edec9b8f-c318-426f-83f9-f44e945268a2: receive RaftClientReply:client-AC1CE418446C->edec9b8f-c318-426f-83f9-f44e945268a2@group-352661ED3FD5, cid=1608, SUCCESS, logIndex=2299, commits[edec9b8f-c318-426f-83f9-f44e945268a2:c2300, 02a03aee-1dd1-43c9-94ca-c76e2a537489:c2298, 9fb73170-bb25-48da-afcf-6f1f9e11598f:c2298]
2019-07-10 10:42:45,989 INFO  client.GrpcClientProtocolClient (GrpcClientProtocolClient.java:onNext(255)) - client-AC1CE418446C->edec9b8f-c318-426f-83f9-f44e945268a2: receive RaftClientReply:client-AC1CE418446C->edec9b8f-c318-426f-83f9-f44e945268a2@group-352661ED3FD5, cid=1609, SUCCESS, logIndex=2300, commits[edec9b8f-c318-426f-83f9-f44e945268a2:c2300, 02a03aee-1dd1-43c9-94ca-c76e2a537489:c2298, 9fb73170-bb25-48da-afcf-6f1f9e11598f:c2298]
2019-07-10 10:42:45,990 INFO  client.GrpcClientProtocolClient (GrpcClientProtocolClient.java:onNext(255)) - client-AC1CE418446C->edec9b8f-c318-426f-83f9-f44e945268a2: receive RaftClientReply:client-AC1CE418446C->edec9b8f-c318-426f-83f9-f44e945268a2@group-352661ED3FD5, cid=1610, SUCCESS, logIndex=0, commits[edec9b8f-c318-426f-83f9-f44e945268a2:c2301, 02a03aee-1dd1-43c9-94ca-c76e2a537489:c2300, 9fb73170-bb25-48da-afcf-6f1f9e11598f:c2300]
2019-07-10 10:42:46,013 INFO  client.GrpcClientProtocolClient (GrpcClientProtocolClient.java:onNext(255)) - client-AC1CE418446C->edec9b8f-c318-426f-83f9-f44e945268a2: receive RaftClientReply:client-AC1CE418446C->edec9b8f-c318-426f-83f9-f44e945268a2@group-352661ED3FD5, cid=1611, SUCCESS, logIndex=2303, commits[edec9b8f-c318-426f-83f9-f44e945268a2:c2304, 02a03aee-1dd1-43c9-94ca-c76e2a537489:c2302, 9fb73170-bb25-48da-afcf-6f1f9e11598f:c2302]
2019-07-10 10:42:46,013 INFO  client.GrpcClientProtocolClient (GrpcClientProtocolClient.java:onNext(255)) - client-AC1CE418446C->edec9b8f-c318-426f-83f9-f44e945268a2: receive RaftClientReply:client-AC1CE418446C->edec9b8f-c318-426f-83f9-f44e945268a2@group-352661ED3FD5, cid=1612, SUCCESS, logIndex=2304, commits[edec9b8f-c318-426f-83f9-f44e945268a2:c2304, 02a03aee-1dd1-43c9-94ca-c76e2a537489:c2302, 9fb73170-bb25-48da-afcf-6f1f9e11598f:c2302]
2019-07-10 10:42:46,034 INFO  client.GrpcClientProtocolClient (GrpcClientProtocolClient.java:onNext(255)) - client-AC1CE418446C->edec9b8f-c318-426f-83f9-f44e945268a2: receive RaftClientReply:client-AC1CE418446C->edec9b8f-c318-426f-83f9-f44e945268a2@group-352661ED3FD5, cid=1613, SUCCESS, logIndex=2305, commits[edec9b8f-c318-426f-83f9-f44e945268a2:c2306, 02a03aee-1dd1-43c9-94ca-c76e2a537489:c2302, 9fb73170-bb25-48da-afcf-6f1f9e11598f:c2304]
2019-07-10 10:42:46,034 INFO  client.GrpcClientProtocolClient (GrpcClientProtocolClient.java:onNext(255)) - client-AC1CE418446C->edec9b8f-c318-426f-83f9-f44e945268a2: receive RaftClientReply:client-AC1CE418446C->edec9b8f-c318-426f-83f9-f44e945268a2@group-352661ED3FD5, cid=1614, SUCCESS, logIndex=2306, commits[edec9b8f-c318-426f-83f9-f44e945268a2:c2308, 02a03aee-1dd1-43c9-94ca-c76e2a537489:c2302, 9fb73170-bb25-48da-afcf-6f1f9e11598f:c2304]
2019-07-10 10:42:46,036 INFO  client.GrpcClientProtocolClient (GrpcClientProtocolClient.java:onNext(255)) - client-AC1CE418446C->edec9b8f-c318-426f-83f9-f44e945268a2: receive RaftClientReply:client-AC1CE418446C->edec9b8f-c318-426f-83f9-f44e945268a2@group-352661ED3FD5, cid=1615, SUCCESS, logIndex=0, commits[edec9b8f-c318-426f-83f9-f44e945268a2:c2309, 02a03aee-1dd1-43c9-94ca-c76e2a537489:c2304, 9fb73170-bb25-48da-afcf-6f1f9e11598f:c2305]
 0.00% |█                                                                                                    |  0/1 Time: 0:00:122019-07-10 10:42:46,145 INFO  client.GrpcClientProtocolClient (GrpcClientProtocolClient.java:onNext(255)) - client-AC1CE418446C->edec9b8f-c318-426f-83f9-f44e945268a2: receive RaftClientReply:client-AC1CE418446C->edec9b8f-c318-426f-83f9-f44e945268a2@group-352661ED3FD5, cid=1616, SUCCESS, logIndex=2311, commits[edec9b8f-c318-426f-83f9-f44e945268a2:c2312, 02a03aee-1dd1-43c9-94ca-c76e2a537489:c2310, 9fb73170-bb25-48da-afcf-6f1f9e11598f:c2310]
2019-07-10 10:42:46,145 INFO  client.GrpcClientProtocolClient (GrpcClientProtocolClient.java:onNext(255)) - client-AC1CE418446C->edec9b8f-c318-426f-83f9-f44e945268a2: receive RaftClientReply:client-AC1CE418446C->edec9b8f-c318-426f-83f9-f44e945268a2@group-352661ED3FD5, cid=1617, SUCCESS, logIndex=2312, commits[edec9b8f-c318-426f-83f9-f44e945268a2:c2312, 02a03aee-1dd1-43c9-94ca-c76e2a537489:c2310, 9fb73170-bb25-48da-afcf-6f1f9e11598f:c2310]
2019-07-10 10:42:46,165 INFO  client.GrpcClientProtocolClient (GrpcClientProtocolClient.java:onNext(255)) - client-AC1CE418446C->edec9b8f-c318-426f-83f9-f44e945268a2: receive RaftClientReply:client-AC1CE418446C->edec9b8f-c318-426f-83f9-f44e945268a2@group-352661ED3FD5, cid=1618, SUCCESS, logIndex=2315, commits[edec9b8f-c318-426f-83f9-f44e945268a2:c2316, 02a03aee-1dd1-43c9-94ca-c76e2a537489:c2314, 9fb73170-bb25-48da-afcf-6f1f9e11598f:c2314]
2019-07-10 10:42:46,166 INFO  client.GrpcClientProtocolClient (GrpcClientProtocolClient.java:onNext(255)) - client-AC1CE418446C->edec9b8f-c318-426f-83f9-f44e945268a2: receive RaftClientReply:client-AC1CE418446C->edec9b8f-c318-426f-83f9-f44e945268a2@group-352661ED3FD5, cid=1619, SUCCESS, logIndex=2316, commits[edec9b8f-c318-426f-83f9-f44e945268a2:c2316, 02a03aee-1dd1-43c9-94ca-c76e2a537489:c2314, 9fb73170-bb25-48da-afcf-6f1f9e11598f:c2314]
2019-07-10 10:42:46,179 INFO  client.GrpcClientProtocolClient (GrpcClientProtocolClient.java:onNext(255)) - client-AC1CE418446C->edec9b8f-c318-426f-83f9-f44e945268a2: receive RaftClientReply:client-AC1CE418446C->edec9b8f-c318-426f-83f9-f44e945268a2@group-352661ED3FD5, cid=1620, SUCCESS, logIndex=0, commits[edec9b8f-c318-426f-83f9-f44e945268a2:c2318, 02a03aee-1dd1-43c9-94ca-c76e2a537489:c2316, 9fb73170-bb25-48da-afcf-6f1f9e11598f:c2316]
2019-07-10 10:42:46,210 INFO  client.GrpcClientProtocolClient (GrpcClientProtocolClient.java:onNext(255)) - client-AC1CE418446C->edec9b8f-c318-426f-83f9-f44e945268a2: receive RaftClientReply:client-AC1CE418446C->edec9b8f-c318-426f-83f9-f44e945268a2@group-352661ED3FD5, cid=1621, SUCCESS, logIndex=2319, commits[edec9b8f-c318-426f-83f9-f44e945268a2:c2320, 02a03aee-1dd1-43c9-94ca-c76e2a537489:c2318, 9fb73170-bb25-48da-afcf-6f1f9e11598f:c2318]
2019-07-10 10:42:46,211 INFO  client.GrpcClientProtocolClient (GrpcClientProtocolClient.java:onNext(255)) - client-AC1CE418446C->edec9b8f-c318-426f-83f9-f44e945268a2: receive RaftClientReply:client-AC1CE418446C->edec9b8f-c318-426f-83f9-f44e945268a2@group-352661ED3FD5, cid=1622, SUCCESS, logIndex=2320, commits[edec9b8f-c318-426f-83f9-f44e945268a2:c2322, 02a03aee-1dd1-43c9-94ca-c76e2a537489:c2318, 9fb73170-bb25-48da-afcf-6f1f9e11598f:c2318]
2019-07-10 10:42:46,211 INFO  client.GrpcClientProtocolClient (GrpcClientProtocolClient.java:onNext(255)) - client-AC1CE418446C->edec9b8f-c318-426f-83f9-f44e945268a2: receive RaftClientReply:client-AC1CE418446C->edec9b8f-c318-426f-83f9-f44e945268a2@group-352661ED3FD5, cid=1623, SUCCESS, logIndex=2321, commits[edec9b8f-c318-426f-83f9-f44e945268a2:c2322, 02a03aee-1dd1-43c9-94ca-c76e2a537489:c2318, 9fb73170-bb25-48da-afcf-6f1f9e11598f:c2318]
2019-07-10 10:42:46,211 INFO  client.GrpcClientProtocolClient (GrpcClientProtocolClient.java:onNext(255)) - client-AC1CE418446C->edec9b8f-c318-426f-83f9-f44e945268a2: receive RaftClientReply:client-AC1CE418446C->edec9b8f-c318-426f-83f9-f44e945268a2@group-352661ED3FD5, cid=1624, SUCCESS, logIndex=2322, commits[edec9b8f-c318-426f-83f9-f44e945268a2:c2322, 02a03aee-1dd1-43c9-94ca-c76e2a537489:c2318, 9fb73170-bb25-48da-afcf-6f1f9e11598f:c2318]
2019-07-10 10:42:46,225 INFO  client.GrpcClientProtocolClient (GrpcClientProtocolClient.java:onNext(255)) - client-AC1CE418446C->edec9b8f-c318-426f-83f9-f44e945268a2: receive RaftClientReply:client-AC1CE418446C->edec9b8f-c318-426f-83f9-f44e945268a2@group-352661ED3FD5, cid=1625, SUCCESS, logIndex=0, commits[edec9b8f-c318-426f-83f9-f44e945268a2:c2325, 02a03aee-1dd1-43c9-94ca-c76e2a537489:c2320, 9fb73170-bb25-48da-afcf-6f1f9e11598f:c2321]
2019-07-10 10:42:46,246 INFO  client.GrpcClientProtocolClient (GrpcClientProtocolClient.java:onNext(255)) - client-AC1CE418446C->edec9b8f-c318-426f-83f9-f44e945268a2: receive RaftClientReply:client-AC1CE418446C->edec9b8f-c318-426f-83f9-f44e945268a2@group-352661ED3FD5, cid=1626, SUCCESS, logIndex=2327, commits[edec9b8f-c318-426f-83f9-f44e945268a2:c2328, 02a03aee-1dd1-43c9-94ca-c76e2a537489:c2326, 9fb73170-bb25-48da-afcf-6f1f9e11598f:c2326]
2019-07-10 10:42:46,247 INFO  client.GrpcClientProtocolClient (GrpcClientProtocolClient.java:onNext(255)) - client-AC1CE418446C->edec9b8f-c318-426f-83f9-f44e945268a2: receive RaftClientReply:client-AC1CE418446C->edec9b8f-c318-426f-83f9-f44e945268a2@group-352661ED3FD5, cid=1627, SUCCESS, logIndex=2328, commits[edec9b8f-c318-426f-83f9-f44e945268a2:c2328, 02a03aee-1dd1-43c9-94ca-c76e2a537489:c2326, 9fb73170-bb25-48da-afcf-6f1f9e11598f:c2326]
2019-07-10 10:42:46,260 INFO  client.GrpcClientProtocolClient (GrpcClientProtocolClient.java:onNext(255)) - client-AC1CE418446C->edec9b8f-c318-426f-83f9-f44e945268a2: receive RaftClientReply:client-AC1CE418446C->edec9b8f-c318-426f-83f9-f44e945268a2@group-352661ED3FD5, cid=1628, SUCCESS, logIndex=2331, commits[edec9b8f-c318-426f-83f9-f44e945268a2:c2332, 02a03aee-1dd1-43c9-94ca-c76e2a537489:c2328, 9fb73170-bb25-48da-afcf-6f1f9e11598f:c2327]
2019-07-10 10:42:46,260 INFO  client.GrpcClientProtocolClient (GrpcClientProtocolClient.java:onNext(255)) - client-AC1CE418446C->edec9b8f-c318-426f-83f9-f44e945268a2: receive RaftClientReply:client-AC1CE418446C->edec9b8f-c318-426f-83f9-f44e945268a2@group-352661ED3FD5, cid=1629, SUCCESS, logIndex=2332, commits[edec9b8f-c318-426f-83f9-f44e945268a2:c2332, 02a03aee-1dd1-43c9-94ca-c76e2a537489:c2328, 9fb73170-bb25-48da-afcf-6f1f9e11598f:c2328]
2019-07-10 10:42:46,274 INFO  client.GrpcClientProtocolClient (GrpcClientProtocolClient.java:onNext(255)) - client-AC1CE418446C->edec9b8f-c318-426f-83f9-f44e945268a2: receive RaftClientReply:client-AC1CE418446C->edec9b8f-c318-426f-83f9-f44e945268a2@group-352661ED3FD5, cid=1630, SUCCESS, logIndex=0, commits[edec9b8f-c318-426f-83f9-f44e945268a2:c2334, 02a03aee-1dd1-43c9-94ca-c76e2a537489:c2332, 9fb73170-bb25-48da-afcf-6f1f9e11598f:c2332]
2019-07-10 10:42:46,307 INFO  client.GrpcClientProtocolClient (GrpcClientProtocolClient.java:onNext(255)) - client-AC1CE418446C->edec9b8f-c318-426f-83f9-f44e945268a2: receive RaftClientReply:client-AC1CE418446C->edec9b8f-c318-426f-83f9-f44e945268a2@group-352661ED3FD5, cid=1631, SUCCESS, logIndex=2335, commits[edec9b8f-c318-426f-83f9-f44e945268a2:c2338, 02a03aee-1dd1-43c9-94ca-c76e2a537489:c2334, 9fb73170-bb25-48da-afcf-6f1f9e11598f:c2334]
2019-07-10 10:42:46,308 INFO  client.GrpcClientProtocolClient (GrpcClientProtocolClient.java:onNext(255)) - client-AC1CE418446C->edec9b8f-c318-426f-83f9-f44e945268a2: receive RaftClientReply:client-AC1CE418446C->edec9b8f-c318-426f-83f9-f44e945268a2@group-352661ED3FD5, cid=1632, SUCCESS, logIndex=2336, commits[edec9b8f-c318-426f-83f9-f44e945268a2:c2338, 02a03aee-1dd1-43c9-94ca-c76e2a537489:c2334, 9fb73170-bb25-48da-afcf-6f1f9e11598f:c2334]
2019-07-10 10:42:46,308 INFO  client.GrpcClientProtocolClient (GrpcClientProtocolClient.java:onNext(255)) - client-AC1CE418446C->edec9b8f-c318-426f-83f9-f44e945268a2: receive RaftClientReply:client-AC1CE418446C->edec9b8f-c318-426f-83f9-f44e945268a2@group-352661ED3FD5, cid=1633, SUCCESS, logIndex=2337, commits[edec9b8f-c318-426f-83f9-f44e945268a2:c2338, 02a03aee-1dd1-43c9-94ca-c76e2a537489:c2335, 9fb73170-bb25-48da-afcf-6f1f9e11598f:c2334]
2019-07-10 10:42:46,308 INFO  client.GrpcClientProtocolClient (GrpcClientProtocolClient.java:onNext(255)) - client-AC1CE418446C->edec9b8f-c318-426f-83f9-f44e945268a2: receive RaftClientReply:client-AC1CE418446C->edec9b8f-c318-426f-83f9-f44e945268a2@group-352661ED3FD5, cid=1634, SUCCESS, logIndex=2338, commits[edec9b8f-c318-426f-83f9-f44e945268a2:c2339, 02a03aee-1dd1-43c9-94ca-c76e2a537489:c2335, 9fb73170-bb25-48da-afcf-6f1f9e11598f:c2334]
2019-07-10 10:42:46,310 INFO  client.GrpcClientProtocolClient (GrpcClientProtocolClient.java:onNext(255)) - client-AC1CE418446C->edec9b8f-c318-426f-83f9-f44e945268a2: receive RaftClientReply:client-AC1CE418446C->edec9b8f-c318-426f-83f9-f44e945268a2@group-352661ED3FD5, cid=1635, SUCCESS, logIndex=0, commits[edec9b8f-c318-426f-83f9-f44e945268a2:c2340, 02a03aee-1dd1-43c9-94ca-c76e2a537489:c2338, 9fb73170-bb25-48da-afcf-6f1f9e11598f:c2336]
2019-07-10 10:42:46,322 INFO  client.GrpcClientProtocolClient (GrpcClientProtocolClient.java:onNext(255)) - client-AC1CE418446C->edec9b8f-c318-426f-83f9-f44e945268a2: receive RaftClientReply:client-AC1CE418446C->edec9b8f-c318-426f-83f9-f44e945268a2@group-352661ED3FD5, cid=1636, SUCCESS, logIndex=2342, commits[edec9b8f-c318-426f-83f9-f44e945268a2:c2343, 02a03aee-1dd1-43c9-94ca-c76e2a537489:c2340, 9fb73170-bb25-48da-afcf-6f1f9e11598f:c2340]
2019-07-10 10:42:46,323 INFO  client.GrpcClientProtocolClient (GrpcClientProtocolClient.java:onNext(255)) - client-AC1CE418446C->edec9b8f-c318-426f-83f9-f44e945268a2: receive RaftClientReply:client-AC1CE418446C->edec9b8f-c318-426f-83f9-f44e945268a2@group-352661ED3FD5, cid=1637, SUCCESS, logIndex=2343, commits[edec9b8f-c318-426f-83f9-f44e945268a2:c2343, 02a03aee-1dd1-43c9-94ca-c76e2a537489:c2340, 9fb73170-bb25-48da-afcf-6f1f9e11598f:c2340]
2019-07-10 10:42:46,343 INFO  client.GrpcClientProtocolClient (GrpcClientProtocolClient.java:onNext(255)) - client-AC1CE418446C->edec9b8f-c318-426f-83f9-f44e945268a2: receive RaftClientReply:client-AC1CE418446C->edec9b8f-c318-426f-83f9-f44e945268a2@group-352661ED3FD5, cid=1638, SUCCESS, logIndex=2346, commits[edec9b8f-c318-426f-83f9-f44e945268a2:c2347, 02a03aee-1dd1-43c9-94ca-c76e2a537489:c2345, 9fb73170-bb25-48da-afcf-6f1f9e11598f:c2345]
2019-07-10 10:42:46,343 INFO  client.GrpcClientProtocolClient (GrpcClientProtocolClient.java:onNext(255)) - client-AC1CE418446C->edec9b8f-c318-426f-83f9-f44e945268a2: receive RaftClientReply:client-AC1CE418446C->edec9b8f-c318-426f-83f9-f44e945268a2@group-352661ED3FD5, cid=1639, SUCCESS, logIndex=2347, commits[edec9b8f-c318-426f-83f9-f44e945268a2:c2347, 02a03aee-1dd1-43c9-94ca-c76e2a537489:c2345, 9fb73170-bb25-48da-afcf-6f1f9e11598f:c2345]
2019-07-10 10:42:46,357 INFO  client.GrpcClientProtocolClient (GrpcClientProtocolClient.java:onNext(255)) - client-AC1CE418446C->edec9b8f-c318-426f-83f9-f44e945268a2: receive RaftClientReply:client-AC1CE418446C->edec9b8f-c318-426f-83f9-f44e945268a2@group-352661ED3FD5, cid=1640, SUCCESS, logIndex=0, commits[edec9b8f-c318-426f-83f9-f44e945268a2:c2349, 02a03aee-1dd1-43c9-94ca-c76e2a537489:c2347, 9fb73170-bb25-48da-afcf-6f1f9e11598f:c2347]
2019-07-10 10:42:46,385 INFO  client.GrpcClientProtocolClient (GrpcClientProtocolClient.java:onNext(255)) - client-AC1CE418446C->edec9b8f-c318-426f-83f9-f44e945268a2: receive RaftClientReply:client-AC1CE418446C->edec9b8f-c318-426f-83f9-f44e945268a2@group-352661ED3FD5, cid=1641, SUCCESS, logIndex=2350, commits[edec9b8f-c318-426f-83f9-f44e945268a2:c2351, 02a03aee-1dd1-43c9-94ca-c76e2a537489:c2349, 9fb73170-bb25-48da-afcf-6f1f9e11598f:c2349]
2019-07-10 10:42:46,386 INFO  client.GrpcClientProtocolClient (GrpcClientProtocolClient.java:onNext(255)) - client-AC1CE418446C->edec9b8f-c318-426f-83f9-f44e945268a2: receive RaftClientReply:client-AC1CE418446C->edec9b8f-c318-426f-83f9-f44e945268a2@group-352661ED3FD5, cid=1642, SUCCESS, logIndex=2351, commits[edec9b8f-c318-426f-83f9-f44e945268a2:c2351, 02a03aee-1dd1-43c9-94ca-c76e2a537489:c2349, 9fb73170-bb25-48da-afcf-6f1f9e11598f:c2349]
2019-07-10 10:42:46,386 INFO  client.GrpcClientProtocolClient (GrpcClientProtocolClient.java:onNext(255)) - client-AC1CE418446C->edec9b8f-c318-426f-83f9-f44e945268a2: receive RaftClientReply:client-AC1CE418446C->edec9b8f-c318-426f-83f9-f44e945268a2@group-352661ED3FD5, cid=1643, SUCCESS, logIndex=2352, commits[edec9b8f-c318-426f-83f9-f44e945268a2:c2353, 02a03aee-1dd1-43c9-94ca-c76e2a537489:c2349, 9fb73170-bb25-48da-afcf-6f1f9e11598f:c2349]
2019-07-10 10:42:46,387 INFO  client.GrpcClientProtocolClient (GrpcClientProtocolClient.java:onNext(255)) - client-AC1CE418446C->edec9b8f-c318-426f-83f9-f44e945268a2: receive RaftClientReply:client-AC1CE418446C->edec9b8f-c318-426f-83f9-f44e945268a2@group-352661ED3FD5, cid=1644, SUCCESS, logIndex=2353, commits[edec9b8f-c318-426f-83f9-f44e945268a2:c2353, 02a03aee-1dd1-43c9-94ca-c76e2a537489:c2349, 9fb73170-bb25-48da-afcf-6f1f9e11598f:c2349]
2019-07-10 10:42:46,400 INFO  client.GrpcClientProtocolClient (GrpcClientProtocolClient.java:onNext(255)) - client-AC1CE418446C->edec9b8f-c318-426f-83f9-f44e945268a2: receive RaftClientReply:client-AC1CE418446C->edec9b8f-c318-426f-83f9-f44e945268a2@group-352661ED3FD5, cid=1645, SUCCESS, logIndex=0, commits[edec9b8f-c318-426f-83f9-f44e945268a2:c2355, 02a03aee-1dd1-43c9-94ca-c76e2a537489:c2351, 9fb73170-bb25-48da-afcf-6f1f9e11598f:c2351]
2019-07-10 10:42:46,419 INFO  client.GrpcClientProtocolClient (GrpcClientProtocolClient.java:onNext(255)) - client-AC1CE418446C->edec9b8f-c318-426f-83f9-f44e945268a2: receive RaftClientReply:client-AC1CE418446C->edec9b8f-c318-426f-83f9-f44e945268a2@group-352661ED3FD5, cid=1646, SUCCESS, logIndex=2358, commits[edec9b8f-c318-426f-83f9-f44e945268a2:c2359, 02a03aee-1dd1-43c9-94ca-c76e2a537489:c2357, 9fb73170-bb25-48da-afcf-6f1f9e11598f:c2357]
2019-07-10 10:42:46,419 INFO  client.GrpcClientProtocolClient (GrpcClientProtocolClient.java:onNext(255)) - client-AC1CE418446C->edec9b8f-c318-426f-83f9-f44e945268a2: receive RaftClientReply:client-AC1CE418446C->edec9b8f-c318-426f-83f9-f44e945268a2@group-352661ED3FD5, cid=1647, SUCCESS, logIndex=2359, commits[edec9b8f-c318-426f-83f9-f44e945268a2:c2359, 02a03aee-1dd1-43c9-94ca-c76e2a537489:c2357, 9fb73170-bb25-48da-afcf-6f1f9e11598f:c2357]
2019-07-10 10:42:46,445 INFO  client.GrpcClientProtocolClient (GrpcClientProtocolClient.java:onNext(255)) - client-AC1CE418446C->edec9b8f-c318-426f-83f9-f44e945268a2: receive RaftClientReply:client-AC1CE418446C->edec9b8f-c318-426f-83f9-f44e945268a2@group-352661ED3FD5, cid=1648, SUCCESS, logIndex=2362, commits[edec9b8f-c318-426f-83f9-f44e945268a2:c2363, 02a03aee-1dd1-43c9-94ca-c76e2a537489:c2359, 9fb73170-bb25-48da-afcf-6f1f9e11598f:c2359]
2019-07-10 10:42:46,446 INFO  client.GrpcClientProtocolClient (GrpcClientProtocolClient.java:onNext(255)) - client-AC1CE418446C->edec9b8f-c318-426f-83f9-f44e945268a2: receive RaftClientReply:client-AC1CE418446C->edec9b8f-c318-426f-83f9-f44e945268a2@group-352661ED3FD5, cid=1649, SUCCESS, logIndex=2363, commits[edec9b8f-c318-426f-83f9-f44e945268a2:c2363, 02a03aee-1dd1-43c9-94ca-c76e2a537489:c2359, 9fb73170-bb25-48da-afcf-6f1f9e11598f:c2359]
2019-07-10 10:42:46,460 INFO  client.GrpcClientProtocolClient (GrpcClientProtocolClient.java:onNext(255)) - client-AC1CE418446C->edec9b8f-c318-426f-83f9-f44e945268a2: receive RaftClientReply:client-AC1CE418446C->edec9b8f-c318-426f-83f9-f44e945268a2@group-352661ED3FD5, cid=1650, SUCCESS, logIndex=0, commits[edec9b8f-c318-426f-83f9-f44e945268a2:c2365, 02a03aee-1dd1-43c9-94ca-c76e2a537489:c2363, 9fb73170-bb25-48da-afcf-6f1f9e11598f:c2363]
2019-07-10 10:42:46,481 INFO  client.GrpcClientProtocolClient (GrpcClientProtocolClient.java:onNext(255)) - client-AC1CE418446C->edec9b8f-c318-426f-83f9-f44e945268a2: receive RaftClientReply:client-AC1CE418446C->edec9b8f-c318-426f-83f9-f44e945268a2@group-352661ED3FD5, cid=1651, SUCCESS, logIndex=2366, commits[edec9b8f-c318-426f-83f9-f44e945268a2:c2367, 02a03aee-1dd1-43c9-94ca-c76e2a537489:c2365, 9fb73170-bb25-48da-afcf-6f1f9e11598f:c2365]
2019-07-10 10:42:46,482 INFO  client.GrpcClientProtocolClient (GrpcClientProtocolClient.java:onNext(255)) - client-AC1CE418446C->edec9b8f-c318-426f-83f9-f44e945268a2: receive RaftClientReply:client-AC1CE418446C->edec9b8f-c318-426f-83f9-f44e945268a2@group-352661ED3FD5, cid=1652, SUCCESS, logIndex=2367, commits[edec9b8f-c318-426f-83f9-f44e945268a2:c2367, 02a03aee-1dd1-43c9-94ca-c76e2a537489:c2365, 9fb73170-bb25-48da-afcf-6f1f9e11598f:c2365]
2019-07-10 10:42:46,484 INFO  client.GrpcClientProtocolClient (GrpcClientProtocolClient.java:onNext(255)) - client-AC1CE418446C->edec9b8f-c318-426f-83f9-f44e945268a2: receive RaftClientReply:client-AC1CE418446C->edec9b8f-c318-426f-83f9-f44e945268a2@group-352661ED3FD5, cid=1653, SUCCESS, logIndex=2368, commits[edec9b8f-c318-426f-83f9-f44e945268a2:c2369, 02a03aee-1dd1-43c9-94ca-c76e2a537489:c2365, 9fb73170-bb25-48da-afcf-6f1f9e11598f:c2365]
2019-07-10 10:42:46,485 INFO  client.GrpcClientProtocolClient (GrpcClientProtocolClient.java:onNext(255)) - client-AC1CE418446C->edec9b8f-c318-426f-83f9-f44e945268a2: receive RaftClientReply:client-AC1CE418446C->edec9b8f-c318-426f-83f9-f44e945268a2@group-352661ED3FD5, cid=1654, SUCCESS, logIndex=2369, commits[edec9b8f-c318-426f-83f9-f44e945268a2:c2371, 02a03aee-1dd1-43c9-94ca-c76e2a537489:c2367, 9fb73170-bb25-48da-afcf-6f1f9e11598f:c2367]
2019-07-10 10:42:46,496 INFO  client.GrpcClientProtocolClient (GrpcClientProtocolClient.java:onNext(255)) - client-AC1CE418446C->edec9b8f-c318-426f-83f9-f44e945268a2: receive RaftClientReply:client-AC1CE418446C->edec9b8f-c318-426f-83f9-f44e945268a2@group-352661ED3FD5, cid=1655, SUCCESS, logIndex=2374, commits[edec9b8f-c318-426f-83f9-f44e945268a2:c2375, 02a03aee-1dd1-43c9-94ca-c76e2a537489:c2369, 9fb73170-bb25-48da-afcf-6f1f9e11598f:c2373]
2019-07-10 10:42:46,497 INFO  client.GrpcClientProtocolClient (GrpcClientProtocolClient.java:onNext(255)) - client-AC1CE418446C->edec9b8f-c318-426f-83f9-f44e945268a2: receive RaftClientReply:client-AC1CE418446C->edec9b8f-c318-426f-83f9-f44e945268a2@group-352661ED3FD5, cid=1656, SUCCESS, logIndex=2375, commits[edec9b8f-c318-426f-83f9-f44e945268a2:c2375, 02a03aee-1dd1-43c9-94ca-c76e2a537489:c2373, 9fb73170-bb25-48da-afcf-6f1f9e11598f:c2373]
2019-07-10 10:42:46,508 INFO  client.GrpcClientProtocolClient (GrpcClientProtocolClient.java:onNext(255)) - client-AC1CE418446C->edec9b8f-c318-426f-83f9-f44e945268a2: receive RaftClientReply:client-AC1CE418446C->edec9b8f-c318-426f-83f9-f44e945268a2@group-352661ED3FD5, cid=1657, SUCCESS, logIndex=2378, commits[edec9b8f-c318-426f-83f9-f44e945268a2:c2379, 02a03aee-1dd1-43c9-94ca-c76e2a537489:c2377, 9fb73170-bb25-48da-afcf-6f1f9e11598f:c2375]
2019-07-10 10:42:46,508 INFO  client.GrpcClientProtocolClient (GrpcClientProtocolClient.java:onNext(255)) - client-AC1CE418446C->edec9b8f-c318-426f-83f9-f44e945268a2: receive RaftClientReply:client-AC1CE418446C->edec9b8f-c318-426f-83f9-f44e945268a2@group-352661ED3FD5, cid=1658, SUCCESS, logIndex=2379, commits[edec9b8f-c318-426f-83f9-f44e945268a2:c2379, 02a03aee-1dd1-43c9-94ca-c76e2a537489:c2377, 9fb73170-bb25-48da-afcf-6f1f9e11598f:c2377]
2019-07-10 10:42:46,509 INFO  client.GrpcClientProtocolClient (GrpcClientProtocolClient.java:onNext(255)) - client-AC1CE418446C->edec9b8f-c318-426f-83f9-f44e945268a2: receive RaftClientReply:client-AC1CE418446C->edec9b8f-c318-426f-83f9-f44e945268a2@group-352661ED3FD5, cid=1659, SUCCESS, logIndex=0, commits[edec9b8f-c318-426f-83f9-f44e945268a2:c2380, 02a03aee-1dd1-43c9-94ca-c76e2a537489:c2379, 9fb73170-bb25-48da-afcf-6f1f9e11598f:c2379]
2019-07-10 10:42:46,548 INFO  client.GrpcClientProtocolClient (GrpcClientProtocolClient.java:onNext(255)) - client-AC1CE418446C->edec9b8f-c318-426f-83f9-f44e945268a2: receive RaftClientReply:client-AC1CE418446C->edec9b8f-c318-426f-83f9-f44e945268a2@group-352661ED3FD5, cid=1660, SUCCESS, logIndex=2382, commits[edec9b8f-c318-426f-83f9-f44e945268a2:c2383, 02a03aee-1dd1-43c9-94ca-c76e2a537489:c2381, 9fb73170-bb25-48da-afcf-6f1f9e11598f:c2379]
2019-07-10 10:42:46,549 INFO  client.GrpcClientProtocolClient (GrpcClientProtocolClient.java:onNext(255)) - client-AC1CE418446C->edec9b8f-c318-426f-83f9-f44e945268a2: receive RaftClientReply:client-AC1CE418446C->edec9b8f-c318-426f-83f9-f44e945268a2@group-352661ED3FD5, cid=1661, SUCCESS, logIndex=2383, commits[edec9b8f-c318-426f-83f9-f44e945268a2:c2384, 02a03aee-1dd1-43c9-94ca-c76e2a537489:c2381, 9fb73170-bb25-48da-afcf-6f1f9e11598f:c2381]
2019-07-10 10:42:46,549 INFO  client.GrpcClientProtocolClient (GrpcClientProtocolClient.java:onNext(255)) - client-AC1CE418446C->edec9b8f-c318-426f-83f9-f44e945268a2: receive RaftClientReply:client-AC1CE418446C->edec9b8f-c318-426f-83f9-f44e945268a2@group-352661ED3FD5, cid=1662, SUCCESS, logIndex=2384, commits[edec9b8f-c318-426f-83f9-f44e945268a2:c2385, 02a03aee-1dd1-43c9-94ca-c76e2a537489:c2381, 9fb73170-bb25-48da-afcf-6f1f9e11598f:c2381]
2019-07-10 10:42:46,549 INFO  client.GrpcClientProtocolClient (GrpcClientProtocolClient.java:onNext(255)) - client-AC1CE418446C->edec9b8f-c318-426f-83f9-f44e945268a2: receive RaftClientReply:client-AC1CE418446C->edec9b8f-c318-426f-83f9-f44e945268a2@group-352661ED3FD5, cid=1663, SUCCESS, logIndex=2385, commits[edec9b8f-c318-426f-83f9-f44e945268a2:c2385, 02a03aee-1dd1-43c9-94ca-c76e2a537489:c2381, 9fb73170-bb25-48da-afcf-6f1f9e11598f:c2381]
2019-07-10 10:42:46,562 INFO  client.GrpcClientProtocolClient (GrpcClientProtocolClient.java:onNext(255)) - client-AC1CE418446C->edec9b8f-c318-426f-83f9-f44e945268a2: receive RaftClientReply:client-AC1CE418446C->edec9b8f-c318-426f-83f9-f44e945268a2@group-352661ED3FD5, cid=1664, SUCCESS, logIndex=0, commits[edec9b8f-c318-426f-83f9-f44e945268a2:c2387, 02a03aee-1dd1-43c9-94ca-c76e2a537489:c2383, 9fb73170-bb25-48da-afcf-6f1f9e11598f:c2383]
2019-07-10 10:42:46,592 INFO  client.GrpcClientProtocolClient (GrpcClientProtocolClient.java:onNext(255)) - client-AC1CE418446C->edec9b8f-c318-426f-83f9-f44e945268a2: receive RaftClientReply:client-AC1CE418446C->edec9b8f-c318-426f-83f9-f44e945268a2@group-352661ED3FD5, cid=1665, SUCCESS, logIndex=2390, commits[edec9b8f-c318-426f-83f9-f44e945268a2:c2391, 02a03aee-1dd1-43c9-94ca-c76e2a537489:c2389, 9fb73170-bb25-48da-afcf-6f1f9e11598f:c2389]
2019-07-10 10:42:46,592 INFO  client.GrpcClientProtocolClient (GrpcClientProtocolClient.java:onNext(255)) - client-AC1CE418446C->edec9b8f-c318-426f-83f9-f44e945268a2: receive RaftClientReply:client-AC1CE418446C->edec9b8f-c318-426f-83f9-f44e945268a2@group-352661ED3FD5, cid=1666, SUCCESS, logIndex=2391, commits[edec9b8f-c318-426f-83f9-f44e945268a2:c2391, 02a03aee-1dd1-43c9-94ca-c76e2a537489:c2389, 9fb73170-bb25-48da-afcf-6f1f9e11598f:c2389]
2019-07-10 10:42:46,605 INFO  client.GrpcClientProtocolClient (GrpcClientProtocolClient.java:onNext(255)) - client-AC1CE418446C->edec9b8f-c318-426f-83f9-f44e945268a2: receive RaftClientReply:client-AC1CE418446C->edec9b8f-c318-426f-83f9-f44e945268a2@group-352661ED3FD5, cid=1667, SUCCESS, logIndex=2394, commits[edec9b8f-c318-426f-83f9-f44e945268a2:c2395, 02a03aee-1dd1-43c9-94ca-c76e2a537489:c2391, 9fb73170-bb25-48da-afcf-6f1f9e11598f:c2391]
2019-07-10 10:42:46,606 INFO  client.GrpcClientProtocolClient (GrpcClientProtocolClient.java:onNext(255)) - client-AC1CE418446C->edec9b8f-c318-426f-83f9-f44e945268a2: receive RaftClientReply:client-AC1CE418446C->edec9b8f-c318-426f-83f9-f44e945268a2@group-352661ED3FD5, cid=1668, SUCCESS, logIndex=2395, commits[edec9b8f-c318-426f-83f9-f44e945268a2:c2395, 02a03aee-1dd1-43c9-94ca-c76e2a537489:c2391, 9fb73170-bb25-48da-afcf-6f1f9e11598f:c2391]
2019-07-10 10:42:46,617 INFO  client.GrpcClientProtocolClient (GrpcClientProtocolClient.java:onNext(255)) - client-AC1CE418446C->edec9b8f-c318-426f-83f9-f44e945268a2: receive RaftClientReply:client-AC1CE418446C->edec9b8f-c318-426f-83f9-f44e945268a2@group-352661ED3FD5, cid=1669, SUCCESS, logIndex=0, commits[edec9b8f-c318-426f-83f9-f44e945268a2:c2396, 02a03aee-1dd1-43c9-94ca-c76e2a537489:c2395, 9fb73170-bb25-48da-afcf-6f1f9e11598f:c2395]
2019-07-10 10:42:46,648 INFO  client.GrpcClientProtocolClient (GrpcClientProtocolClient.java:onNext(255)) - client-AC1CE418446C->edec9b8f-c318-426f-83f9-f44e945268a2: receive RaftClientReply:client-AC1CE418446C->edec9b8f-c318-426f-83f9-f44e945268a2@group-352661ED3FD5, cid=1670, SUCCESS, logIndex=2398, commits[edec9b8f-c318-426f-83f9-f44e945268a2:c2399, 02a03aee-1dd1-43c9-94ca-c76e2a537489:c2397, 9fb73170-bb25-48da-afcf-6f1f9e11598f:c2397]
2019-07-10 10:42:46,649 INFO  client.GrpcClientProtocolClient (GrpcClientProtocolClient.java:onNext(255)) - client-AC1CE418446C->edec9b8f-c318-426f-83f9-f44e945268a2: receive RaftClientReply:client-AC1CE418446C->edec9b8f-c318-426f-83f9-f44e945268a2@group-352661ED3FD5, cid=1671, SUCCESS, logIndex=2399, commits[edec9b8f-c318-426f-83f9-f44e945268a2:c2401, 02a03aee-1dd1-43c9-94ca-c76e2a537489:c2397, 9fb73170-bb25-48da-afcf-6f1f9e11598f:c2397]
2019-07-10 10:42:46,649 INFO  client.GrpcClientProtocolClient (GrpcClientProtocolClient.java:onNext(255)) - client-AC1CE418446C->edec9b8f-c318-426f-83f9-f44e945268a2: receive RaftClientReply:client-AC1CE418446C->edec9b8f-c318-426f-83f9-f44e945268a2@group-352661ED3FD5, cid=1672, SUCCESS, logIndex=2400, commits[edec9b8f-c318-426f-83f9-f44e945268a2:c2401, 02a03aee-1dd1-43c9-94ca-c76e2a537489:c2397, 9fb73170-bb25-48da-afcf-6f1f9e11598f:c2397]
2019-07-10 10:42:46,649 INFO  client.GrpcClientProtocolClient (GrpcClientProtocolClient.java:onNext(255)) - client-AC1CE418446C->edec9b8f-c318-426f-83f9-f44e945268a2: receive RaftClientReply:client-AC1CE418446C->edec9b8f-c318-426f-83f9-f44e945268a2@group-352661ED3FD5, cid=1673, SUCCESS, logIndex=2401, commits[edec9b8f-c318-426f-83f9-f44e945268a2:c2401, 02a03aee-1dd1-43c9-94ca-c76e2a537489:c2397, 9fb73170-bb25-48da-afcf-6f1f9e11598f:c2397]
2019-07-10 10:42:46,651 INFO  client.GrpcClientProtocolClient (GrpcClientProtocolClient.java:onNext(255)) - client-AC1CE418446C->edec9b8f-c318-426f-83f9-f44e945268a2: receive RaftClientReply:client-AC1CE418446C->edec9b8f-c318-426f-83f9-f44e945268a2@group-352661ED3FD5, cid=1674, SUCCESS, logIndex=0, commits[edec9b8f-c318-426f-83f9-f44e945268a2:c2402, 02a03aee-1dd1-43c9-94ca-c76e2a537489:c2399, 9fb73170-bb25-48da-afcf-6f1f9e11598f:c2399]
2019-07-10 10:42:46,664 INFO  client.GrpcClientProtocolClient (GrpcClientProtocolClient.java:onNext(255)) - client-AC1CE418446C->edec9b8f-c318-426f-83f9-f44e945268a2: receive RaftClientReply:client-AC1CE418446C->edec9b8f-c318-426f-83f9-f44e945268a2@group-352661ED3FD5, cid=1675, SUCCESS, logIndex=2406, commits[edec9b8f-c318-426f-83f9-f44e945268a2:c2407, 02a03aee-1dd1-43c9-94ca-c76e2a537489:c2401, 9fb73170-bb25-48da-afcf-6f1f9e11598f:c2402]
2019-07-10 10:42:46,664 INFO  client.GrpcClientProtocolClient (GrpcClientProtocolClient.java:onNext(255)) - client-AC1CE418446C->edec9b8f-c318-426f-83f9-f44e945268a2: receive RaftClientReply:client-AC1CE418446C->edec9b8f-c318-426f-83f9-f44e945268a2@group-352661ED3FD5, cid=1676, SUCCESS, logIndex=2407, commits[edec9b8f-c318-426f-83f9-f44e945268a2:c2407, 02a03aee-1dd1-43c9-94ca-c76e2a537489:c2402, 9fb73170-bb25-48da-afcf-6f1f9e11598f:c2402]
2019-07-10 10:42:46,684 INFO  client.GrpcClientProtocolClient (GrpcClientProtocolClient.java:onNext(255)) - client-AC1CE418446C->edec9b8f-c318-426f-83f9-f44e945268a2: receive RaftClientReply:client-AC1CE418446C->edec9b8f-c318-426f-83f9-f44e945268a2@group-352661ED3FD5, cid=1677, SUCCESS, logIndex=2410, commits[edec9b8f-c318-426f-83f9-f44e945268a2:c2411, 02a03aee-1dd1-43c9-94ca-c76e2a537489:c2409, 9fb73170-bb25-48da-afcf-6f1f9e11598f:c2409]
2019-07-10 10:42:46,685 INFO  client.GrpcClientProtocolClient (GrpcClientProtocolClient.java:onNext(255)) - client-AC1CE418446C->edec9b8f-c318-426f-83f9-f44e945268a2: receive RaftClientReply:client-AC1CE418446C->edec9b8f-c318-426f-83f9-f44e945268a2@group-352661ED3FD5, cid=1678, SUCCESS, logIndex=2411, commits[edec9b8f-c318-426f-83f9-f44e945268a2:c2411, 02a03aee-1dd1-43c9-94ca-c76e2a537489:c2409, 9fb73170-bb25-48da-afcf-6f1f9e11598f:c2409]
2019-07-10 10:42:46,699 INFO  client.GrpcClientProtocolClient (GrpcClientProtocolClient.java:onNext(255)) - client-AC1CE418446C->edec9b8f-c318-426f-83f9-f44e945268a2: receive RaftClientReply:client-AC1CE418446C->edec9b8f-c318-426f-83f9-f44e945268a2@group-352661ED3FD5, cid=1679, SUCCESS, logIndex=0, commits[edec9b8f-c318-426f-83f9-f44e945268a2:c2413, 02a03aee-1dd1-43c9-94ca-c76e2a537489:c2411, 9fb73170-bb25-48da-afcf-6f1f9e11598f:c2411]
2019-07-10 10:42:46,805 INFO  client.GrpcClientProtocolClient (GrpcClientProtocolClient.java:onNext(255)) - client-AC1CE418446C->edec9b8f-c318-426f-83f9-f44e945268a2: receive RaftClientReply:client-AC1CE418446C->edec9b8f-c318-426f-83f9-f44e945268a2@group-352661ED3FD5, cid=1680, SUCCESS, logIndex=2414, commits[edec9b8f-c318-426f-83f9-f44e945268a2:c2415, 02a03aee-1dd1-43c9-94ca-c76e2a537489:c2413, 9fb73170-bb25-48da-afcf-6f1f9e11598f:c2413]
2019-07-10 10:42:46,805 INFO  client.GrpcClientProtocolClient (GrpcClientProtocolClient.java:onNext(255)) - client-AC1CE418446C->edec9b8f-c318-426f-83f9-f44e945268a2: receive RaftClientReply:client-AC1CE418446C->edec9b8f-c318-426f-83f9-f44e945268a2@group-352661ED3FD5, cid=1681, SUCCESS, logIndex=2415, commits[edec9b8f-c318-426f-83f9-f44e945268a2:c2415, 02a03aee-1dd1-43c9-94ca-c76e2a537489:c2413, 9fb73170-bb25-48da-afcf-6f1f9e11598f:c2413]
2019-07-10 10:42:46,815 INFO  client.GrpcClientProtocolClient (GrpcClientProtocolClient.java:onNext(255)) - client-AC1CE418446C->edec9b8f-c318-426f-83f9-f44e945268a2: receive RaftClientReply:client-AC1CE418446C->edec9b8f-c318-426f-83f9-f44e945268a2@group-352661ED3FD5, cid=1682, SUCCESS, logIndex=2416, commits[edec9b8f-c318-426f-83f9-f44e945268a2:c2417, 02a03aee-1dd1-43c9-94ca-c76e2a537489:c2413, 9fb73170-bb25-48da-afcf-6f1f9e11598f:c2413]
2019-07-10 10:42:46,816 INFO  client.GrpcClientProtocolClient (GrpcClientProtocolClient.java:onNext(255)) - client-AC1CE418446C->edec9b8f-c318-426f-83f9-f44e945268a2: receive RaftClientReply:client-AC1CE418446C->edec9b8f-c318-426f-83f9-f44e945268a2@group-352661ED3FD5, cid=1683, SUCCESS, logIndex=2417, commits[edec9b8f-c318-426f-83f9-f44e945268a2:c2417, 02a03aee-1dd1-43c9-94ca-c76e2a537489:c2413, 9fb73170-bb25-48da-afcf-6f1f9e11598f:c2413]
2019-07-10 10:42:46,817 INFO  client.GrpcClientProtocolClient (GrpcClientProtocolClient.java:onNext(255)) - client-AC1CE418446C->edec9b8f-c318-426f-83f9-f44e945268a2: receive RaftClientReply:client-AC1CE418446C->edec9b8f-c318-426f-83f9-f44e945268a2@group-352661ED3FD5, cid=1684, SUCCESS, logIndex=0, commits[edec9b8f-c318-426f-83f9-f44e945268a2:c2420, 02a03aee-1dd1-43c9-94ca-c76e2a537489:c2415, 9fb73170-bb25-48da-afcf-6f1f9e11598f:c2417]
2019-07-10 10:42:46,842 INFO  client.GrpcClientProtocolClient (GrpcClientProtocolClient.java:onNext(255)) - client-AC1CE418446C->edec9b8f-c318-426f-83f9-f44e945268a2: receive RaftClientReply:client-AC1CE418446C->edec9b8f-c318-426f-83f9-f44e945268a2@group-352661ED3FD5, cid=1685, SUCCESS, logIndex=2422, commits[edec9b8f-c318-426f-83f9-f44e945268a2:c2423, 02a03aee-1dd1-43c9-94ca-c76e2a537489:c2421, 9fb73170-bb25-48da-afcf-6f1f9e11598f:c2421]
2019-07-10 10:42:46,842 INFO  client.GrpcClientProtocolClient (GrpcClientProtocolClient.java:onNext(255)) - client-AC1CE418446C->edec9b8f-c318-426f-83f9-f44e945268a2: receive RaftClientReply:client-AC1CE418446C->edec9b8f-c318-426f-83f9-f44e945268a2@group-352661ED3FD5, cid=1686, SUCCESS, logIndex=2423, commits[edec9b8f-c318-426f-83f9-f44e945268a2:c2423, 02a03aee-1dd1-43c9-94ca-c76e2a537489:c2421, 9fb73170-bb25-48da-afcf-6f1f9e11598f:c2421]
2019-07-10 10:42:46,855 INFO  client.GrpcClientProtocolClient (GrpcClientProtocolClient.java:onNext(255)) - client-AC1CE418446C->edec9b8f-c318-426f-83f9-f44e945268a2: receive RaftClientReply:client-AC1CE418446C->edec9b8f-c318-426f-83f9-f44e945268a2@group-352661ED3FD5, cid=1687, SUCCESS, logIndex=2426, commits[edec9b8f-c318-426f-83f9-f44e945268a2:c2427, 02a03aee-1dd1-43c9-94ca-c76e2a537489:c2423, 9fb73170-bb25-48da-afcf-6f1f9e11598f:c2423]
2019-07-10 10:42:46,856 INFO  client.GrpcClientProtocolClient (GrpcClientProtocolClient.java:onNext(255)) - client-AC1CE418446C->edec9b8f-c318-426f-83f9-f44e945268a2: receive RaftClientReply:client-AC1CE418446C->edec9b8f-c318-426f-83f9-f44e945268a2@group-352661ED3FD5, cid=1688, SUCCESS, logIndex=2427, commits[edec9b8f-c318-426f-83f9-f44e945268a2:c2427, 02a03aee-1dd1-43c9-94ca-c76e2a537489:c2423, 9fb73170-bb25-48da-afcf-6f1f9e11598f:c2423]
2019-07-10 10:42:46,866 INFO  client.GrpcClientProtocolClient (GrpcClientProtocolClient.java:onNext(255)) - client-AC1CE418446C->edec9b8f-c318-426f-83f9-f44e945268a2: receive RaftClientReply:client-AC1CE418446C->edec9b8f-c318-426f-83f9-f44e945268a2@group-352661ED3FD5, cid=1689, SUCCESS, logIndex=0, commits[edec9b8f-c318-426f-83f9-f44e945268a2:c2429, 02a03aee-1dd1-43c9-94ca-c76e2a537489:c2427, 9fb73170-bb25-48da-afcf-6f1f9e11598f:c2427]
2019-07-10 10:42:46,895 INFO  client.GrpcClientProtocolClient (GrpcClientProtocolClient.java:onNext(255)) - client-AC1CE418446C->edec9b8f-c318-426f-83f9-f44e945268a2: receive RaftClientReply:client-AC1CE418446C->edec9b8f-c318-426f-83f9-f44e945268a2@group-352661ED3FD5, cid=1690, SUCCESS, logIndex=2430, commits[edec9b8f-c318-426f-83f9-f44e945268a2:c2431, 02a03aee-1dd1-43c9-94ca-c76e2a537489:c2429, 9fb73170-bb25-48da-afcf-6f1f9e11598f:c2429]
2019-07-10 10:42:46,897 INFO  client.GrpcClientProtocolClient (GrpcClientProtocolClient.java:onNext(255)) - client-AC1CE418446C->edec9b8f-c318-426f-83f9-f44e945268a2: receive RaftClientReply:client-AC1CE418446C->edec9b8f-c318-426f-83f9-f44e945268a2@group-352661ED3FD5, cid=1691, SUCCESS, logIndex=2431, commits[edec9b8f-c318-426f-83f9-f44e945268a2:c2432, 02a03aee-1dd1-43c9-94ca-c76e2a537489:c2429, 9fb73170-bb25-48da-afcf-6f1f9e11598f:c2429]
2019-07-10 10:42:46,897 INFO  client.GrpcClientProtocolClient (GrpcClientProtocolClient.java:onNext(255)) - client-AC1CE418446C->edec9b8f-c318-426f-83f9-f44e945268a2: receive RaftClientReply:client-AC1CE418446C->edec9b8f-c318-426f-83f9-f44e945268a2@group-352661ED3FD5, cid=1692, SUCCESS, logIndex=2432, commits[edec9b8f-c318-426f-83f9-f44e945268a2:c2433, 02a03aee-1dd1-43c9-94ca-c76e2a537489:c2429, 9fb73170-bb25-48da-afcf-6f1f9e11598f:c2429]
2019-07-10 10:42:46,897 INFO  client.GrpcClientProtocolClient (GrpcClientProtocolClient.java:onNext(255)) - client-AC1CE418446C->edec9b8f-c318-426f-83f9-f44e945268a2: receive RaftClientReply:client-AC1CE418446C->edec9b8f-c318-426f-83f9-f44e945268a2@group-352661ED3FD5, cid=1693, SUCCESS, logIndex=2433, commits[edec9b8f-c318-426f-83f9-f44e945268a2:c2433, 02a03aee-1dd1-43c9-94ca-c76e2a537489:c2429, 9fb73170-bb25-48da-afcf-6f1f9e11598f:c2429]
2019-07-10 10:42:46,900 INFO  client.GrpcClientProtocolClient (GrpcClientProtocolClient.java:onNext(255)) - client-AC1CE418446C->edec9b8f-c318-426f-83f9-f44e945268a2: receive RaftClientReply:client-AC1CE418446C->edec9b8f-c318-426f-83f9-f44e945268a2@group-352661ED3FD5, cid=1694, SUCCESS, logIndex=0, commits[edec9b8f-c318-426f-83f9-f44e945268a2:c2436, 02a03aee-1dd1-43c9-94ca-c76e2a537489:c2431, 9fb73170-bb25-48da-afcf-6f1f9e11598f:c2433]
2019-07-10 10:42:46,913 INFO  client.GrpcClientProtocolClient (GrpcClientProtocolClient.java:onNext(255)) - client-AC1CE418446C->edec9b8f-c318-426f-83f9-f44e945268a2: receive RaftClientReply:client-AC1CE418446C->edec9b8f-c318-426f-83f9-f44e945268a2@group-352661ED3FD5, cid=1695, SUCCESS, logIndex=2438, commits[edec9b8f-c318-426f-83f9-f44e945268a2:c2439, 02a03aee-1dd1-43c9-94ca-c76e2a537489:c2436, 9fb73170-bb25-48da-afcf-6f1f9e11598f:c2433]
2019-07-10 10:42:46,913 INFO  client.GrpcClientProtocolClient (GrpcClientProtocolClient.java:onNext(255)) - client-AC1CE418446C->edec9b8f-c318-426f-83f9-f44e945268a2: receive RaftClientReply:client-AC1CE418446C->edec9b8f-c318-426f-83f9-f44e945268a2@group-352661ED3FD5, cid=1696, SUCCESS, logIndex=2439, commits[edec9b8f-c318-426f-83f9-f44e945268a2:c2439, 02a03aee-1dd1-43c9-94ca-c76e2a537489:c2436, 9fb73170-bb25-48da-afcf-6f1f9e11598f:c2436]
2019-07-10 10:42:46,933 INFO  client.GrpcClientProtocolClient (GrpcClientProtocolClient.java:onNext(255)) - client-AC1CE418446C->edec9b8f-c318-426f-83f9-f44e945268a2: receive RaftClientReply:client-AC1CE418446C->edec9b8f-c318-426f-83f9-f44e945268a2@group-352661ED3FD5, cid=1697, SUCCESS, logIndex=2442, commits[edec9b8f-c318-426f-83f9-f44e945268a2:c2443, 02a03aee-1dd1-43c9-94ca-c76e2a537489:c2441, 9fb73170-bb25-48da-afcf-6f1f9e11598f:c2441]
2019-07-10 10:42:46,933 INFO  client.GrpcClientProtocolClient (GrpcClientProtocolClient.java:onNext(255)) - client-AC1CE418446C->edec9b8f-c318-426f-83f9-f44e945268a2: receive RaftClientReply:client-AC1CE418446C->edec9b8f-c318-426f-83f9-f44e945268a2@group-352661ED3FD5, cid=1698, SUCCESS, logIndex=2443, commits[edec9b8f-c318-426f-83f9-f44e945268a2:c2443, 02a03aee-1dd1-43c9-94ca-c76e2a537489:c2441, 9fb73170-bb25-48da-afcf-6f1f9e11598f:c2441]
2019-07-10 10:42:46,947 INFO  client.GrpcClientProtocolClient (GrpcClientProtocolClient.java:onNext(255)) - client-AC1CE418446C->edec9b8f-c318-426f-83f9-f44e945268a2: receive RaftClientReply:client-AC1CE418446C->edec9b8f-c318-426f-83f9-f44e945268a2@group-352661ED3FD5, cid=1699, SUCCESS, logIndex=0, commits[edec9b8f-c318-426f-83f9-f44e945268a2:c2445, 02a03aee-1dd1-43c9-94ca-c76e2a537489:c2443, 9fb73170-bb25-48da-afcf-6f1f9e11598f:c2443]
2019-07-10 10:42:46,977 INFO  client.GrpcClientProtocolClient (GrpcClientProtocolClient.java:onNext(255)) - client-AC1CE418446C->edec9b8f-c318-426f-83f9-f44e945268a2: receive RaftClientReply:client-AC1CE418446C->edec9b8f-c318-426f-83f9-f44e945268a2@group-352661ED3FD5, cid=1700, SUCCESS, logIndex=2446, commits[edec9b8f-c318-426f-83f9-f44e945268a2:c2447, 02a03aee-1dd1-43c9-94ca-c76e2a537489:c2445, 9fb73170-bb25-48da-afcf-6f1f9e11598f:c2445]
2019-07-10 10:42:46,977 INFO  client.GrpcClientProtocolClient (GrpcClientProtocolClient.java:onNext(255)) - client-AC1CE418446C->edec9b8f-c318-426f-83f9-f44e945268a2: receive RaftClientReply:client-AC1CE418446C->edec9b8f-c318-426f-83f9-f44e945268a2@group-352661ED3FD5, cid=1701, SUCCESS, logIndex=2447, commits[edec9b8f-c318-426f-83f9-f44e945268a2:c2449, 02a03aee-1dd1-43c9-94ca-c76e2a537489:c2445, 9fb73170-bb25-48da-afcf-6f1f9e11598f:c2445]
2019-07-10 10:42:46,978 INFO  client.GrpcClientProtocolClient (GrpcClientProtocolClient.java:onNext(255)) - client-AC1CE418446C->edec9b8f-c318-426f-83f9-f44e945268a2: receive RaftClientReply:client-AC1CE418446C->edec9b8f-c318-426f-83f9-f44e945268a2@group-352661ED3FD5, cid=1702, SUCCESS, logIndex=2448, commits[edec9b8f-c318-426f-83f9-f44e945268a2:c2449, 02a03aee-1dd1-43c9-94ca-c76e2a537489:c2445, 9fb73170-bb25-48da-afcf-6f1f9e11598f:c2445]
2019-07-10 10:42:46,978 INFO  client.GrpcClientProtocolClient (GrpcClientProtocolClient.java:onNext(255)) - client-AC1CE418446C->edec9b8f-c318-426f-83f9-f44e945268a2: receive RaftClientReply:client-AC1CE418446C->edec9b8f-c318-426f-83f9-f44e945268a2@group-352661ED3FD5, cid=1703, SUCCESS, logIndex=2449, commits[edec9b8f-c318-426f-83f9-f44e945268a2:c2449, 02a03aee-1dd1-43c9-94ca-c76e2a537489:c2445, 9fb73170-bb25-48da-afcf-6f1f9e11598f:c2445]
2019-07-10 10:42:46,981 INFO  client.GrpcClientProtocolClient (GrpcClientProtocolClient.java:onNext(255)) - client-AC1CE418446C->edec9b8f-c318-426f-83f9-f44e945268a2: receive RaftClientReply:client-AC1CE418446C->edec9b8f-c318-426f-83f9-f44e945268a2@group-352661ED3FD5, cid=1704, SUCCESS, logIndex=0, commits[edec9b8f-c318-426f-83f9-f44e945268a2:c2451, 02a03aee-1dd1-43c9-94ca-c76e2a537489:c2447, 9fb73170-bb25-48da-afcf-6f1f9e11598f:c2449]
2019-07-10 10:42:46,993 INFO  client.GrpcClientProtocolClient (GrpcClientProtocolClient.java:onNext(255)) - client-AC1CE418446C->edec9b8f-c318-426f-83f9-f44e945268a2: receive RaftClientReply:client-AC1CE418446C->edec9b8f-c318-426f-83f9-f44e945268a2@group-352661ED3FD5, cid=1705, SUCCESS, logIndex=2454, commits[edec9b8f-c318-426f-83f9-f44e945268a2:c2455, 02a03aee-1dd1-43c9-94ca-c76e2a537489:c2451, 9fb73170-bb25-48da-afcf-6f1f9e11598f:c2451]
2019-07-10 10:42:46,993 INFO  client.GrpcClientProtocolClient (GrpcClientProtocolClient.java:onNext(255)) - client-AC1CE418446C->edec9b8f-c318-426f-83f9-f44e945268a2: receive RaftClientReply:client-AC1CE418446C->edec9b8f-c318-426f-83f9-f44e945268a2@group-352661ED3FD5, cid=1706, SUCCESS, logIndex=2455, commits[edec9b8f-c318-426f-83f9-f44e945268a2:c2455, 02a03aee-1dd1-43c9-94ca-c76e2a537489:c2451, 9fb73170-bb25-48da-afcf-6f1f9e11598f:c2451]
2019-07-10 10:42:47,012 INFO  client.GrpcClientProtocolClient (GrpcClientProtocolClient.java:onNext(255)) - client-AC1CE418446C->edec9b8f-c318-426f-83f9-f44e945268a2: receive RaftClientReply:client-AC1CE418446C->edec9b8f-c318-426f-83f9-f44e945268a2@group-352661ED3FD5, cid=1707, SUCCESS, logIndex=2458, commits[edec9b8f-c318-426f-83f9-f44e945268a2:c2459, 02a03aee-1dd1-43c9-94ca-c76e2a537489:c2457, 9fb73170-bb25-48da-afcf-6f1f9e11598f:c2457]
2019-07-10 10:42:47,013 INFO  client.GrpcClientProtocolClient (GrpcClientProtocolClient.java:onNext(255)) - client-AC1CE418446C->edec9b8f-c318-426f-83f9-f44e945268a2: receive RaftClientReply:client-AC1CE418446C->edec9b8f-c318-426f-83f9-f44e945268a2@group-352661ED3FD5, cid=1708, SUCCESS, logIndex=2459, commits[edec9b8f-c318-426f-83f9-f44e945268a2:c2459, 02a03aee-1dd1-43c9-94ca-c76e2a537489:c2457, 9fb73170-bb25-48da-afcf-6f1f9e11598f:c2457]
2019-07-10 10:42:47,026 INFO  client.GrpcClientProtocolClient (GrpcClientProtocolClient.java:onNext(255)) - client-AC1CE418446C->edec9b8f-c318-426f-83f9-f44e945268a2: receive RaftClientReply:client-AC1CE418446C->edec9b8f-c318-426f-83f9-f44e945268a2@group-352661ED3FD5, cid=1709, SUCCESS, logIndex=0, commits[edec9b8f-c318-426f-83f9-f44e945268a2:c2461, 02a03aee-1dd1-43c9-94ca-c76e2a537489:c2459, 9fb73170-bb25-48da-afcf-6f1f9e11598f:c2459]
2019-07-10 10:42:47,054 INFO  client.GrpcClientProtocolClient (GrpcClientProtocolClient.java:onNext(255)) - client-AC1CE418446C->edec9b8f-c318-426f-83f9-f44e945268a2: receive RaftClientReply:client-AC1CE418446C->edec9b8f-c318-426f-83f9-f44e945268a2@group-352661ED3FD5, cid=1710, SUCCESS, logIndex=2462, commits[edec9b8f-c318-426f-83f9-f44e945268a2:c2465, 02a03aee-1dd1-43c9-94ca-c76e2a537489:c2461, 9fb73170-bb25-48da-afcf-6f1f9e11598f:c2461]
2019-07-10 10:42:47,054 INFO  client.GrpcClientProtocolClient (GrpcClientProtocolClient.java:onNext(255)) - client-AC1CE418446C->edec9b8f-c318-426f-83f9-f44e945268a2: receive RaftClientReply:client-AC1CE418446C->edec9b8f-c318-426f-83f9-f44e945268a2@group-352661ED3FD5, cid=1711, SUCCESS, logIndex=2463, commits[edec9b8f-c318-426f-83f9-f44e945268a2:c2465, 02a03aee-1dd1-43c9-94ca-c76e2a537489:c2461, 9fb73170-bb25-48da-afcf-6f1f9e11598f:c2461]
2019-07-10 10:42:47,055 INFO  client.GrpcClientProtocolClient (GrpcClientProtocolClient.java:onNext(255)) - client-AC1CE418446C->edec9b8f-c318-426f-83f9-f44e945268a2: receive RaftClientReply:client-AC1CE418446C->edec9b8f-c318-426f-83f9-f44e945268a2@group-352661ED3FD5, cid=1712, SUCCESS, logIndex=2464, commits[edec9b8f-c318-426f-83f9-f44e945268a2:c2465, 02a03aee-1dd1-43c9-94ca-c76e2a537489:c2461, 9fb73170-bb25-48da-afcf-6f1f9e11598f:c2461]
2019-07-10 10:42:47,055 INFO  client.GrpcClientProtocolClient (GrpcClientProtocolClient.java:onNext(255)) - client-AC1CE418446C->edec9b8f-c318-426f-83f9-f44e945268a2: receive RaftClientReply:client-AC1CE418446C->edec9b8f-c318-426f-83f9-f44e945268a2@group-352661ED3FD5, cid=1713, SUCCESS, logIndex=2465, commits[edec9b8f-c318-426f-83f9-f44e945268a2:c2465, 02a03aee-1dd1-43c9-94ca-c76e2a537489:c2461, 9fb73170-bb25-48da-afcf-6f1f9e11598f:c2461]
2019-07-10 10:42:47,075 INFO  client.GrpcClientProtocolClient (GrpcClientProtocolClient.java:onNext(255)) - client-AC1CE418446C->edec9b8f-c318-426f-83f9-f44e945268a2: receive RaftClientReply:client-AC1CE418446C->edec9b8f-c318-426f-83f9-f44e945268a2@group-352661ED3FD5, cid=1714, SUCCESS, logIndex=0, commits[edec9b8f-c318-426f-83f9-f44e945268a2:c2468, 02a03aee-1dd1-43c9-94ca-c76e2a537489:c2463, 9fb73170-bb25-48da-afcf-6f1f9e11598f:c2464]
2019-07-10 10:42:47,097 INFO  client.GrpcClientProtocolClient (GrpcClientProtocolClient.java:onNext(255)) - client-AC1CE418446C->edec9b8f-c318-426f-83f9-f44e945268a2: receive RaftClientReply:client-AC1CE418446C->edec9b8f-c318-426f-83f9-f44e945268a2@group-352661ED3FD5, cid=1715, SUCCESS, logIndex=2470, commits[edec9b8f-c318-426f-83f9-f44e945268a2:c2471, 02a03aee-1dd1-43c9-94ca-c76e2a537489:c2469, 9fb73170-bb25-48da-afcf-6f1f9e11598f:c2469]
2019-07-10 10:42:47,097 INFO  client.GrpcClientProtocolClient (GrpcClientProtocolClient.java:onNext(255)) - client-AC1CE418446C->edec9b8f-c318-426f-83f9-f44e945268a2: receive RaftClientReply:client-AC1CE418446C->edec9b8f-c318-426f-83f9-f44e945268a2@group-352661ED3FD5, cid=1716, SUCCESS, logIndex=2471, commits[edec9b8f-c318-426f-83f9-f44e945268a2:c2471, 02a03aee-1dd1-43c9-94ca-c76e2a537489:c2469, 9fb73170-bb25-48da-afcf-6f1f9e11598f:c2469]
2019-07-10 10:42:47,115 INFO  client.GrpcClientProtocolClient (GrpcClientProtocolClient.java:onNext(255)) - client-AC1CE418446C->edec9b8f-c318-426f-83f9-f44e945268a2: receive RaftClientReply:client-AC1CE418446C->edec9b8f-c318-426f-83f9-f44e945268a2@group-352661ED3FD5, cid=1717, SUCCESS, logIndex=2473, commits[edec9b8f-c318-426f-83f9-f44e945268a2:c2474, 02a03aee-1dd1-43c9-94ca-c76e2a537489:c2471, 9fb73170-bb25-48da-afcf-6f1f9e11598f:c2471]
2019-07-10 10:42:47,115 INFO  client.GrpcClientProtocolClient (GrpcClientProtocolClient.java:onNext(255)) - client-AC1CE418446C->edec9b8f-c318-426f-83f9-f44e945268a2: receive RaftClientReply:client-AC1CE418446C->edec9b8f-c318-426f-83f9-f44e945268a2@group-352661ED3FD5, cid=1718, SUCCESS, logIndex=2474, commits[edec9b8f-c318-426f-83f9-f44e945268a2:c2474, 02a03aee-1dd1-43c9-94ca-c76e2a537489:c2471, 9fb73170-bb25-48da-afcf-6f1f9e11598f:c2471]
 0.00% |█                                                                                                    |  0/1 Time: 0:00:132019-07-10 10:42:47,138 INFO  client.GrpcClientProtocolClient (GrpcClientProtocolClient.java:onNext(255)) - client-AC1CE418446C->edec9b8f-c318-426f-83f9-f44e945268a2: receive RaftClientReply:client-AC1CE418446C->edec9b8f-c318-426f-83f9-f44e945268a2@group-352661ED3FD5, cid=1719, SUCCESS, logIndex=0, commits[edec9b8f-c318-426f-83f9-f44e945268a2:c2475, 02a03aee-1dd1-43c9-94ca-c76e2a537489:c2474, 9fb73170-bb25-48da-afcf-6f1f9e11598f:c2474]
2019-07-10 10:42:47,166 INFO  client.GrpcClientProtocolClient (GrpcClientProtocolClient.java:onNext(255)) - client-AC1CE418446C->edec9b8f-c318-426f-83f9-f44e945268a2: receive RaftClientReply:client-AC1CE418446C->edec9b8f-c318-426f-83f9-f44e945268a2@group-352661ED3FD5, cid=1720, SUCCESS, logIndex=2477, commits[edec9b8f-c318-426f-83f9-f44e945268a2:c2478, 02a03aee-1dd1-43c9-94ca-c76e2a537489:c2476, 9fb73170-bb25-48da-afcf-6f1f9e11598f:c2476]
2019-07-10 10:42:47,167 INFO  client.GrpcClientProtocolClient (GrpcClientProtocolClient.java:onNext(255)) - client-AC1CE418446C->edec9b8f-c318-426f-83f9-f44e945268a2: receive RaftClientReply:client-AC1CE418446C->edec9b8f-c318-426f-83f9-f44e945268a2@group-352661ED3FD5, cid=1721, SUCCESS, logIndex=2478, commits[edec9b8f-c318-426f-83f9-f44e945268a2:c2478, 02a03aee-1dd1-43c9-94ca-c76e2a537489:c2476, 9fb73170-bb25-48da-afcf-6f1f9e11598f:c2476]
2019-07-10 10:42:47,176 INFO  client.GrpcClientProtocolClient (GrpcClientProtocolClient.java:onNext(255)) - client-AC1CE418446C->edec9b8f-c318-426f-83f9-f44e945268a2: receive RaftClientReply:client-AC1CE418446C->edec9b8f-c318-426f-83f9-f44e945268a2@group-352661ED3FD5, cid=1722, SUCCESS, logIndex=2479, commits[edec9b8f-c318-426f-83f9-f44e945268a2:c2479, 02a03aee-1dd1-43c9-94ca-c76e2a537489:c2476, 9fb73170-bb25-48da-afcf-6f1f9e11598f:c2476]
2019-07-10 10:42:47,176 INFO  client.GrpcClientProtocolClient (GrpcClientProtocolClient.java:onNext(255)) - client-AC1CE418446C->edec9b8f-c318-426f-83f9-f44e945268a2: receive RaftClientReply:client-AC1CE418446C->edec9b8f-c318-426f-83f9-f44e945268a2@group-352661ED3FD5, cid=1723, SUCCESS, logIndex=2480, commits[edec9b8f-c318-426f-83f9-f44e945268a2:c2480, 02a03aee-1dd1-43c9-94ca-c76e2a537489:c2476, 9fb73170-bb25-48da-afcf-6f1f9e11598f:c2476]
2019-07-10 10:42:47,177 INFO  client.GrpcClientProtocolClient (GrpcClientProtocolClient.java:onNext(255)) - client-AC1CE418446C->edec9b8f-c318-426f-83f9-f44e945268a2: receive RaftClientReply:client-AC1CE418446C->edec9b8f-c318-426f-83f9-f44e945268a2@group-352661ED3FD5, cid=1724, SUCCESS, logIndex=0, commits[edec9b8f-c318-426f-83f9-f44e945268a2:c2482, 02a03aee-1dd1-43c9-94ca-c76e2a537489:c2478, 9fb73170-bb25-48da-afcf-6f1f9e11598f:c2478]
2019-07-10 10:42:47,196 INFO  client.GrpcClientProtocolClient (GrpcClientProtocolClient.java:onNext(255)) - client-AC1CE418446C->edec9b8f-c318-426f-83f9-f44e945268a2: receive RaftClientReply:client-AC1CE418446C->edec9b8f-c318-426f-83f9-f44e945268a2@group-352661ED3FD5, cid=1725, SUCCESS, logIndex=2485, commits[edec9b8f-c318-426f-83f9-f44e945268a2:c2486, 02a03aee-1dd1-43c9-94ca-c76e2a537489:c2484, 9fb73170-bb25-48da-afcf-6f1f9e11598f:c2484]
2019-07-10 10:42:47,197 INFO  client.GrpcClientProtocolClient (GrpcClientProtocolClient.java:onNext(255)) - client-AC1CE418446C->edec9b8f-c318-426f-83f9-f44e945268a2: receive RaftClientReply:client-AC1CE418446C->edec9b8f-c318-426f-83f9-f44e945268a2@group-352661ED3FD5, cid=1726, SUCCESS, logIndex=2486, commits[edec9b8f-c318-426f-83f9-f44e945268a2:c2486, 02a03aee-1dd1-43c9-94ca-c76e2a537489:c2484, 9fb73170-bb25-48da-afcf-6f1f9e11598f:c2484]
2019-07-10 10:42:47,211 INFO  client.GrpcClientProtocolClient (GrpcClientProtocolClient.java:onNext(255)) - client-AC1CE418446C->edec9b8f-c318-426f-83f9-f44e945268a2: receive RaftClientReply:client-AC1CE418446C->edec9b8f-c318-426f-83f9-f44e945268a2@group-352661ED3FD5, cid=1727, SUCCESS, logIndex=2489, commits[edec9b8f-c318-426f-83f9-f44e945268a2:c2490, 02a03aee-1dd1-43c9-94ca-c76e2a537489:c2486, 9fb73170-bb25-48da-afcf-6f1f9e11598f:c2486]
2019-07-10 10:42:47,211 INFO  client.GrpcClientProtocolClient (GrpcClientProtocolClient.java:onNext(255)) - client-AC1CE418446C->edec9b8f-c318-426f-83f9-f44e945268a2: receive RaftClientReply:client-AC1CE418446C->edec9b8f-c318-426f-83f9-f44e945268a2@group-352661ED3FD5, cid=1728, SUCCESS, logIndex=2490, commits[edec9b8f-c318-426f-83f9-f44e945268a2:c2490, 02a03aee-1dd1-43c9-94ca-c76e2a537489:c2486, 9fb73170-bb25-48da-afcf-6f1f9e11598f:c2486]
2019-07-10 10:42:47,224 INFO  client.GrpcClientProtocolClient (GrpcClientProtocolClient.java:onNext(255)) - client-AC1CE418446C->edec9b8f-c318-426f-83f9-f44e945268a2: receive RaftClientReply:client-AC1CE418446C->edec9b8f-c318-426f-83f9-f44e945268a2@group-352661ED3FD5, cid=1729, SUCCESS, logIndex=0, commits[edec9b8f-c318-426f-83f9-f44e945268a2:c2492, 02a03aee-1dd1-43c9-94ca-c76e2a537489:c2490, 9fb73170-bb25-48da-afcf-6f1f9e11598f:c2490]
2019-07-10 10:42:47,248 INFO  client.GrpcClientProtocolClient (GrpcClientProtocolClient.java:onNext(255)) - client-AC1CE418446C->edec9b8f-c318-426f-83f9-f44e945268a2: receive RaftClientReply:client-AC1CE418446C->edec9b8f-c318-426f-83f9-f44e945268a2@group-352661ED3FD5, cid=1730, SUCCESS, logIndex=2493, commits[edec9b8f-c318-426f-83f9-f44e945268a2:c2495, 02a03aee-1dd1-43c9-94ca-c76e2a537489:c2492, 9fb73170-bb25-48da-afcf-6f1f9e11598f:c2492]
2019-07-10 10:42:47,249 INFO  client.GrpcClientProtocolClient (GrpcClientProtocolClient.java:onNext(255)) - client-AC1CE418446C->edec9b8f-c318-426f-83f9-f44e945268a2: receive RaftClientReply:client-AC1CE418446C->edec9b8f-c318-426f-83f9-f44e945268a2@group-352661ED3FD5, cid=1731, SUCCESS, logIndex=2494, commits[edec9b8f-c318-426f-83f9-f44e945268a2:c2496, 02a03aee-1dd1-43c9-94ca-c76e2a537489:c2492, 9fb73170-bb25-48da-afcf-6f1f9e11598f:c2492]
2019-07-10 10:42:47,249 INFO  client.GrpcClientProtocolClient (GrpcClientProtocolClient.java:onNext(255)) - client-AC1CE418446C->edec9b8f-c318-426f-83f9-f44e945268a2: receive RaftClientReply:client-AC1CE418446C->edec9b8f-c318-426f-83f9-f44e945268a2@group-352661ED3FD5, cid=1732, SUCCESS, logIndex=2495, commits[edec9b8f-c318-426f-83f9-f44e945268a2:c2496, 02a03aee-1dd1-43c9-94ca-c76e2a537489:c2492, 9fb73170-bb25-48da-afcf-6f1f9e11598f:c2492]
2019-07-10 10:42:47,249 INFO  client.GrpcClientProtocolClient (GrpcClientProtocolClient.java:onNext(255)) - client-AC1CE418446C->edec9b8f-c318-426f-83f9-f44e945268a2: receive RaftClientReply:client-AC1CE418446C->edec9b8f-c318-426f-83f9-f44e945268a2@group-352661ED3FD5, cid=1733, SUCCESS, logIndex=2496, commits[edec9b8f-c318-426f-83f9-f44e945268a2:c2496, 02a03aee-1dd1-43c9-94ca-c76e2a537489:c2492, 9fb73170-bb25-48da-afcf-6f1f9e11598f:c2492]
2019-07-10 10:42:47,263 INFO  client.GrpcClientProtocolClient (GrpcClientProtocolClient.java:onNext(255)) - client-AC1CE418446C->edec9b8f-c318-426f-83f9-f44e945268a2: receive RaftClientReply:client-AC1CE418446C->edec9b8f-c318-426f-83f9-f44e945268a2@group-352661ED3FD5, cid=1734, SUCCESS, logIndex=0, commits[edec9b8f-c318-426f-83f9-f44e945268a2:c2498, 02a03aee-1dd1-43c9-94ca-c76e2a537489:c2494, 9fb73170-bb25-48da-afcf-6f1f9e11598f:c2494]
2019-07-10 10:42:47,281 INFO  client.GrpcClientProtocolClient (GrpcClientProtocolClient.java:onNext(255)) - client-AC1CE418446C->edec9b8f-c318-426f-83f9-f44e945268a2: receive RaftClientReply:client-AC1CE418446C->edec9b8f-c318-426f-83f9-f44e945268a2@group-352661ED3FD5, cid=1735, SUCCESS, logIndex=2501, commits[edec9b8f-c318-426f-83f9-f44e945268a2:c2502, 02a03aee-1dd1-43c9-94ca-c76e2a537489:c2500, 9fb73170-bb25-48da-afcf-6f1f9e11598f:c2500]
2019-07-10 10:42:47,282 INFO  client.GrpcClientProtocolClient (GrpcClientProtocolClient.java:onNext(255)) - client-AC1CE418446C->edec9b8f-c318-426f-83f9-f44e945268a2: receive RaftClientReply:client-AC1CE418446C->edec9b8f-c318-426f-83f9-f44e945268a2@group-352661ED3FD5, cid=1736, SUCCESS, logIndex=2502, commits[edec9b8f-c318-426f-83f9-f44e945268a2:c2502, 02a03aee-1dd1-43c9-94ca-c76e2a537489:c2500, 9fb73170-bb25-48da-afcf-6f1f9e11598f:c2500]
2019-07-10 10:42:47,294 INFO  client.GrpcClientProtocolClient (GrpcClientProtocolClient.java:onNext(255)) - client-AC1CE418446C->edec9b8f-c318-426f-83f9-f44e945268a2: receive RaftClientReply:client-AC1CE418446C->edec9b8f-c318-426f-83f9-f44e945268a2@group-352661ED3FD5, cid=1737, SUCCESS, logIndex=2505, commits[edec9b8f-c318-426f-83f9-f44e945268a2:c2505, 02a03aee-1dd1-43c9-94ca-c76e2a537489:c2502, 9fb73170-bb25-48da-afcf-6f1f9e11598f:c2502]
2019-07-10 10:42:47,295 INFO  client.GrpcClientProtocolClient (GrpcClientProtocolClient.java:onNext(255)) - client-AC1CE418446C->edec9b8f-c318-426f-83f9-f44e945268a2: receive RaftClientReply:client-AC1CE418446C->edec9b8f-c318-426f-83f9-f44e945268a2@group-352661ED3FD5, cid=1738, SUCCESS, logIndex=2506, commits[edec9b8f-c318-426f-83f9-f44e945268a2:c2506, 02a03aee-1dd1-43c9-94ca-c76e2a537489:c2502, 9fb73170-bb25-48da-afcf-6f1f9e11598f:c2502]
2019-07-10 10:42:47,302 INFO  client.GrpcClientProtocolClient (GrpcClientProtocolClient.java:onNext(255)) - client-AC1CE418446C->edec9b8f-c318-426f-83f9-f44e945268a2: receive RaftClientReply:client-AC1CE418446C->edec9b8f-c318-426f-83f9-f44e945268a2@group-352661ED3FD5, cid=1739, SUCCESS, logIndex=0, commits[edec9b8f-c318-426f-83f9-f44e945268a2:c2508, 02a03aee-1dd1-43c9-94ca-c76e2a537489:c2506, 9fb73170-bb25-48da-afcf-6f1f9e11598f:c2506]
2019-07-10 10:42:47,320 INFO  client.GrpcClientProtocolClient (GrpcClientProtocolClient.java:onNext(255)) - client-AC1CE418446C->edec9b8f-c318-426f-83f9-f44e945268a2: receive RaftClientReply:client-AC1CE418446C->edec9b8f-c318-426f-83f9-f44e945268a2@group-352661ED3FD5, cid=1740, SUCCESS, logIndex=2509, commits[edec9b8f-c318-426f-83f9-f44e945268a2:c2512, 02a03aee-1dd1-43c9-94ca-c76e2a537489:c2508, 9fb73170-bb25-48da-afcf-6f1f9e11598f:c2508]
2019-07-10 10:42:47,321 INFO  client.GrpcClientProtocolClient (GrpcClientProtocolClient.java:onNext(255)) - client-AC1CE418446C->edec9b8f-c318-426f-83f9-f44e945268a2: receive RaftClientReply:client-AC1CE418446C->edec9b8f-c318-426f-83f9-f44e945268a2@group-352661ED3FD5, cid=1741, SUCCESS, logIndex=2510, commits[edec9b8f-c318-426f-83f9-f44e945268a2:c2512, 02a03aee-1dd1-43c9-94ca-c76e2a537489:c2508, 9fb73170-bb25-48da-afcf-6f1f9e11598f:c2508]
2019-07-10 10:42:47,321 INFO  client.GrpcClientProtocolClient (GrpcClientProtocolClient.java:onNext(255)) - client-AC1CE418446C->edec9b8f-c318-426f-83f9-f44e945268a2: receive RaftClientReply:client-AC1CE418446C->edec9b8f-c318-426f-83f9-f44e945268a2@group-352661ED3FD5, cid=1742, SUCCESS, logIndex=2511, commits[edec9b8f-c318-426f-83f9-f44e945268a2:c2513, 02a03aee-1dd1-43c9-94ca-c76e2a537489:c2508, 9fb73170-bb25-48da-afcf-6f1f9e11598f:c2510]
2019-07-10 10:42:47,321 INFO  client.GrpcClientProtocolClient (GrpcClientProtocolClient.java:onNext(255)) - client-AC1CE418446C->edec9b8f-c318-426f-83f9-f44e945268a2: receive RaftClientReply:client-AC1CE418446C->edec9b8f-c318-426f-83f9-f44e945268a2@group-352661ED3FD5, cid=1743, SUCCESS, logIndex=2512, commits[edec9b8f-c318-426f-83f9-f44e945268a2:c2513, 02a03aee-1dd1-43c9-94ca-c76e2a537489:c2508, 9fb73170-bb25-48da-afcf-6f1f9e11598f:c2510]
2019-07-10 10:42:47,322 INFO  client.GrpcClientProtocolClient (GrpcClientProtocolClient.java:onNext(255)) - client-AC1CE418446C->edec9b8f-c318-426f-83f9-f44e945268a2: receive RaftClientReply:client-AC1CE418446C->edec9b8f-c318-426f-83f9-f44e945268a2@group-352661ED3FD5, cid=1744, SUCCESS, logIndex=0, commits[edec9b8f-c318-426f-83f9-f44e945268a2:c2513, 02a03aee-1dd1-43c9-94ca-c76e2a537489:c2510, 9fb73170-bb25-48da-afcf-6f1f9e11598f:c2512]
2019-07-10 10:42:47,345 INFO  client.GrpcClientProtocolClient (GrpcClientProtocolClient.java:onNext(255)) - client-AC1CE418446C->edec9b8f-c318-426f-83f9-f44e945268a2: receive RaftClientReply:client-AC1CE418446C->edec9b8f-c318-426f-83f9-f44e945268a2@group-352661ED3FD5, cid=1745, SUCCESS, logIndex=2517, commits[edec9b8f-c318-426f-83f9-f44e945268a2:c2518, 02a03aee-1dd1-43c9-94ca-c76e2a537489:c2516, 9fb73170-bb25-48da-afcf-6f1f9e11598f:c2516]
2019-07-10 10:42:47,346 INFO  client.GrpcClientProtocolClient (GrpcClientProtocolClient.java:onNext(255)) - client-AC1CE418446C->edec9b8f-c318-426f-83f9-f44e945268a2: receive RaftClientReply:client-AC1CE418446C->edec9b8f-c318-426f-83f9-f44e945268a2@group-352661ED3FD5, cid=1746, SUCCESS, logIndex=2518, commits[edec9b8f-c318-426f-83f9-f44e945268a2:c2518, 02a03aee-1dd1-43c9-94ca-c76e2a537489:c2516, 9fb73170-bb25-48da-afcf-6f1f9e11598f:c2516]
2019-07-10 10:42:47,360 INFO  client.GrpcClientProtocolClient (GrpcClientProtocolClient.java:onNext(255)) - client-AC1CE418446C->edec9b8f-c318-426f-83f9-f44e945268a2: receive RaftClientReply:client-AC1CE418446C->edec9b8f-c318-426f-83f9-f44e945268a2@group-352661ED3FD5, cid=1747, SUCCESS, logIndex=2521, commits[edec9b8f-c318-426f-83f9-f44e945268a2:c2522, 02a03aee-1dd1-43c9-94ca-c76e2a537489:c2518, 9fb73170-bb25-48da-afcf-6f1f9e11598f:c2518]
2019-07-10 10:42:47,361 INFO  client.GrpcClientProtocolClient (GrpcClientProtocolClient.java:onNext(255)) - client-AC1CE418446C->edec9b8f-c318-426f-83f9-f44e945268a2: receive RaftClientReply:client-AC1CE418446C->edec9b8f-c318-426f-83f9-f44e945268a2@group-352661ED3FD5, cid=1748, SUCCESS, logIndex=2522, commits[edec9b8f-c318-426f-83f9-f44e945268a2:c2522, 02a03aee-1dd1-43c9-94ca-c76e2a537489:c2518, 9fb73170-bb25-48da-afcf-6f1f9e11598f:c2518]
2019-07-10 10:42:47,375 INFO  client.GrpcClientProtocolClient (GrpcClientProtocolClient.java:onNext(255)) - client-AC1CE418446C->edec9b8f-c318-426f-83f9-f44e945268a2: receive RaftClientReply:client-AC1CE418446C->edec9b8f-c318-426f-83f9-f44e945268a2@group-352661ED3FD5, cid=1749, SUCCESS, logIndex=0, commits[edec9b8f-c318-426f-83f9-f44e945268a2:c2524, 02a03aee-1dd1-43c9-94ca-c76e2a537489:c2522, 9fb73170-bb25-48da-afcf-6f1f9e11598f:c2522]
2019-07-10 10:42:47,492 INFO  client.GrpcClientProtocolClient (GrpcClientProtocolClient.java:onNext(255)) - client-AC1CE418446C->edec9b8f-c318-426f-83f9-f44e945268a2: receive RaftClientReply:client-AC1CE418446C->edec9b8f-c318-426f-83f9-f44e945268a2@group-352661ED3FD5, cid=1750, SUCCESS, logIndex=2525, commits[edec9b8f-c318-426f-83f9-f44e945268a2:c2526, 02a03aee-1dd1-43c9-94ca-c76e2a537489:c2524, 9fb73170-bb25-48da-afcf-6f1f9e11598f:c2524]
2019-07-10 10:42:47,493 INFO  client.GrpcClientProtocolClient (GrpcClientProtocolClient.java:onNext(255)) - client-AC1CE418446C->edec9b8f-c318-426f-83f9-f44e945268a2: receive RaftClientReply:client-AC1CE418446C->edec9b8f-c318-426f-83f9-f44e945268a2@group-352661ED3FD5, cid=1751, SUCCESS, logIndex=2526, commits[edec9b8f-c318-426f-83f9-f44e945268a2:c2527, 02a03aee-1dd1-43c9-94ca-c76e2a537489:c2524, 9fb73170-bb25-48da-afcf-6f1f9e11598f:c2524]
2019-07-10 10:42:47,493 INFO  client.GrpcClientProtocolClient (GrpcClientProtocolClient.java:onNext(255)) - client-AC1CE418446C->edec9b8f-c318-426f-83f9-f44e945268a2: receive RaftClientReply:client-AC1CE418446C->edec9b8f-c318-426f-83f9-f44e945268a2@group-352661ED3FD5, cid=1752, SUCCESS, logIndex=2527, commits[edec9b8f-c318-426f-83f9-f44e945268a2:c2528, 02a03aee-1dd1-43c9-94ca-c76e2a537489:c2524, 9fb73170-bb25-48da-afcf-6f1f9e11598f:c2524]
2019-07-10 10:42:47,493 INFO  client.GrpcClientProtocolClient (GrpcClientProtocolClient.java:onNext(255)) - client-AC1CE418446C->edec9b8f-c318-426f-83f9-f44e945268a2: receive RaftClientReply:client-AC1CE418446C->edec9b8f-c318-426f-83f9-f44e945268a2@group-352661ED3FD5, cid=1753, SUCCESS, logIndex=2528, commits[edec9b8f-c318-426f-83f9-f44e945268a2:c2528, 02a03aee-1dd1-43c9-94ca-c76e2a537489:c2524, 9fb73170-bb25-48da-afcf-6f1f9e11598f:c2524]
2019-07-10 10:42:47,506 INFO  client.GrpcClientProtocolClient (GrpcClientProtocolClient.java:onNext(255)) - client-AC1CE418446C->edec9b8f-c318-426f-83f9-f44e945268a2: receive RaftClientReply:client-AC1CE418446C->edec9b8f-c318-426f-83f9-f44e945268a2@group-352661ED3FD5, cid=1754, SUCCESS, logIndex=0, commits[edec9b8f-c318-426f-83f9-f44e945268a2:c2530, 02a03aee-1dd1-43c9-94ca-c76e2a537489:c2526, 9fb73170-bb25-48da-afcf-6f1f9e11598f:c2526]
2019-07-10 10:42:47,528 INFO  client.GrpcClientProtocolClient (GrpcClientProtocolClient.java:onNext(255)) - client-AC1CE418446C->edec9b8f-c318-426f-83f9-f44e945268a2: receive RaftClientReply:client-AC1CE418446C->edec9b8f-c318-426f-83f9-f44e945268a2@group-352661ED3FD5, cid=1755, SUCCESS, logIndex=2533, commits[edec9b8f-c318-426f-83f9-f44e945268a2:c2534, 02a03aee-1dd1-43c9-94ca-c76e2a537489:c2532, 9fb73170-bb25-48da-afcf-6f1f9e11598f:c2532]
2019-07-10 10:42:47,529 INFO  client.GrpcClientProtocolClient (GrpcClientProtocolClient.java:onNext(255)) - client-AC1CE418446C->edec9b8f-c318-426f-83f9-f44e945268a2: receive RaftClientReply:client-AC1CE418446C->edec9b8f-c318-426f-83f9-f44e945268a2@group-352661ED3FD5, cid=1756, SUCCESS, logIndex=2534, commits[edec9b8f-c318-426f-83f9-f44e945268a2:c2534, 02a03aee-1dd1-43c9-94ca-c76e2a537489:c2532, 9fb73170-bb25-48da-afcf-6f1f9e11598f:c2532]
2019-07-10 10:42:47,542 INFO  client.GrpcClientProtocolClient (GrpcClientProtocolClient.java:onNext(255)) - client-AC1CE418446C->edec9b8f-c318-426f-83f9-f44e945268a2: receive RaftClientReply:client-AC1CE418446C->edec9b8f-c318-426f-83f9-f44e945268a2@group-352661ED3FD5, cid=1757, SUCCESS, logIndex=2537, commits[edec9b8f-c318-426f-83f9-f44e945268a2:c2538, 02a03aee-1dd1-43c9-94ca-c76e2a537489:c2534, 9fb73170-bb25-48da-afcf-6f1f9e11598f:c2534]
2019-07-10 10:42:47,542 INFO  client.GrpcClientProtocolClient (GrpcClientProtocolClient.java:onNext(255)) - client-AC1CE418446C->edec9b8f-c318-426f-83f9-f44e945268a2: receive RaftClientReply:client-AC1CE418446C->edec9b8f-c318-426f-83f9-f44e945268a2@group-352661ED3FD5, cid=1758, SUCCESS, logIndex=2538, commits[edec9b8f-c318-426f-83f9-f44e945268a2:c2538, 02a03aee-1dd1-43c9-94ca-c76e2a537489:c2534, 9fb73170-bb25-48da-afcf-6f1f9e11598f:c2534]
2019-07-10 10:42:47,545 INFO  client.GrpcClientProtocolClient (GrpcClientProtocolClient.java:onNext(255)) - client-AC1CE418446C->edec9b8f-c318-426f-83f9-f44e945268a2: receive RaftClientReply:client-AC1CE418446C->edec9b8f-c318-426f-83f9-f44e945268a2@group-352661ED3FD5, cid=1759, SUCCESS, logIndex=0, commits[edec9b8f-c318-426f-83f9-f44e945268a2:c2539, 02a03aee-1dd1-43c9-94ca-c76e2a537489:c2538, 9fb73170-bb25-48da-afcf-6f1f9e11598f:c2538]
2019-07-10 10:42:47,574 INFO  client.GrpcClientProtocolClient (GrpcClientProtocolClient.java:onNext(255)) - client-AC1CE418446C->edec9b8f-c318-426f-83f9-f44e945268a2: receive RaftClientReply:client-AC1CE418446C->edec9b8f-c318-426f-83f9-f44e945268a2@group-352661ED3FD5, cid=1760, SUCCESS, logIndex=2541, commits[edec9b8f-c318-426f-83f9-f44e945268a2:c2542, 02a03aee-1dd1-43c9-94ca-c76e2a537489:c2540, 9fb73170-bb25-48da-afcf-6f1f9e11598f:c2540]
2019-07-10 10:42:47,574 INFO  client.GrpcClientProtocolClient (GrpcClientProtocolClient.java:onNext(255)) - client-AC1CE418446C->edec9b8f-c318-426f-83f9-f44e945268a2: receive RaftClientReply:client-AC1CE418446C->edec9b8f-c318-426f-83f9-f44e945268a2@group-352661ED3FD5, cid=1761, SUCCESS, logIndex=2542, commits[edec9b8f-c318-426f-83f9-f44e945268a2:c2542, 02a03aee-1dd1-43c9-94ca-c76e2a537489:c2540, 9fb73170-bb25-48da-afcf-6f1f9e11598f:c2540]
2019-07-10 10:42:47,576 INFO  client.GrpcClientProtocolClient (GrpcClientProtocolClient.java:onNext(255)) - client-AC1CE418446C->edec9b8f-c318-426f-83f9-f44e945268a2: receive RaftClientReply:client-AC1CE418446C->edec9b8f-c318-426f-83f9-f44e945268a2@group-352661ED3FD5, cid=1762, SUCCESS, logIndex=2543, commits[edec9b8f-c318-426f-83f9-f44e945268a2:c2544, 02a03aee-1dd1-43c9-94ca-c76e2a537489:c2540, 9fb73170-bb25-48da-afcf-6f1f9e11598f:c2540]
2019-07-10 10:42:47,577 INFO  client.GrpcClientProtocolClient (GrpcClientProtocolClient.java:onNext(255)) - client-AC1CE418446C->edec9b8f-c318-426f-83f9-f44e945268a2: receive RaftClientReply:client-AC1CE418446C->edec9b8f-c318-426f-83f9-f44e945268a2@group-352661ED3FD5, cid=1763, SUCCESS, logIndex=2544, commits[edec9b8f-c318-426f-83f9-f44e945268a2:c2544, 02a03aee-1dd1-43c9-94ca-c76e2a537489:c2540, 9fb73170-bb25-48da-afcf-6f1f9e11598f:c2540]
2019-07-10 10:42:47,590 INFO  client.GrpcClientProtocolClient (GrpcClientProtocolClient.java:onNext(255)) - client-AC1CE418446C->edec9b8f-c318-426f-83f9-f44e945268a2: receive RaftClientReply:client-AC1CE418446C->edec9b8f-c318-426f-83f9-f44e945268a2@group-352661ED3FD5, cid=1764, SUCCESS, logIndex=0, commits[edec9b8f-c318-426f-83f9-f44e945268a2:c2546, 02a03aee-1dd1-43c9-94ca-c76e2a537489:c2542, 9fb73170-bb25-48da-afcf-6f1f9e11598f:c2542]
2019-07-10 10:42:47,626 INFO  client.GrpcClientProtocolClient (GrpcClientProtocolClient.java:onNext(255)) - client-AC1CE418446C->edec9b8f-c318-426f-83f9-f44e945268a2: receive RaftClientReply:client-AC1CE418446C->edec9b8f-c318-426f-83f9-f44e945268a2@group-352661ED3FD5, cid=1765, SUCCESS, logIndex=2549, commits[edec9b8f-c318-426f-83f9-f44e945268a2:c2550, 02a03aee-1dd1-43c9-94ca-c76e2a537489:c2546, 9fb73170-bb25-48da-afcf-6f1f9e11598f:c2546]
2019-07-10 10:42:47,626 INFO  client.GrpcClientProtocolClient (GrpcClientProtocolClient.java:onNext(255)) - client-AC1CE418446C->edec9b8f-c318-426f-83f9-f44e945268a2: receive RaftClientReply:client-AC1CE418446C->edec9b8f-c318-426f-83f9-f44e945268a2@group-352661ED3FD5, cid=1766, SUCCESS, logIndex=2550, commits[edec9b8f-c318-426f-83f9-f44e945268a2:c2550, 02a03aee-1dd1-43c9-94ca-c76e2a537489:c2546, 9fb73170-bb25-48da-afcf-6f1f9e11598f:c2546]
2019-07-10 10:42:47,639 INFO  client.GrpcClientProtocolClient (GrpcClientProtocolClient.java:onNext(255)) - client-AC1CE418446C->edec9b8f-c318-426f-83f9-f44e945268a2: receive RaftClientReply:client-AC1CE418446C->edec9b8f-c318-426f-83f9-f44e945268a2@group-352661ED3FD5, cid=1767, SUCCESS, logIndex=2553, commits[edec9b8f-c318-426f-83f9-f44e945268a2:c2554, 02a03aee-1dd1-43c9-94ca-c76e2a537489:c2550, 9fb73170-bb25-48da-afcf-6f1f9e11598f:c2550]
2019-07-10 10:42:47,639 INFO  client.GrpcClientProtocolClient (GrpcClientProtocolClient.java:onNext(255)) - client-AC1CE418446C->edec9b8f-c318-426f-83f9-f44e945268a2: receive RaftClientReply:client-AC1CE418446C->edec9b8f-c318-426f-83f9-f44e945268a2@group-352661ED3FD5, cid=1768, SUCCESS, logIndex=2554, commits[edec9b8f-c318-426f-83f9-f44e945268a2:c2554, 02a03aee-1dd1-43c9-94ca-c76e2a537489:c2550, 9fb73170-bb25-48da-afcf-6f1f9e11598f:c2550]
2019-07-10 10:42:47,653 INFO  client.GrpcClientProtocolClient (GrpcClientProtocolClient.java:onNext(255)) - client-AC1CE418446C->edec9b8f-c318-426f-83f9-f44e945268a2: receive RaftClientReply:client-AC1CE418446C->edec9b8f-c318-426f-83f9-f44e945268a2@group-352661ED3FD5, cid=1769, SUCCESS, logIndex=0, commits[edec9b8f-c318-426f-83f9-f44e945268a2:c2556, 02a03aee-1dd1-43c9-94ca-c76e2a537489:c2554, 9fb73170-bb25-48da-afcf-6f1f9e11598f:c2554]
2019-07-10 10:42:47,695 INFO  client.GrpcClientProtocolClient (GrpcClientProtocolClient.java:onNext(255)) - client-AC1CE418446C->edec9b8f-c318-426f-83f9-f44e945268a2: receive RaftClientReply:client-AC1CE418446C->edec9b8f-c318-426f-83f9-f44e945268a2@group-352661ED3FD5, cid=1770, SUCCESS, logIndex=2557, commits[edec9b8f-c318-426f-83f9-f44e945268a2:c2558, 02a03aee-1dd1-43c9-94ca-c76e2a537489:c2556, 9fb73170-bb25-48da-afcf-6f1f9e11598f:c2556]
2019-07-10 10:42:47,696 INFO  client.GrpcClientProtocolClient (GrpcClientProtocolClient.java:onNext(255)) - client-AC1CE418446C->edec9b8f-c318-426f-83f9-f44e945268a2: receive RaftClientReply:client-AC1CE418446C->edec9b8f-c318-426f-83f9-f44e945268a2@group-352661ED3FD5, cid=1771, SUCCESS, logIndex=2558, commits[edec9b8f-c318-426f-83f9-f44e945268a2:c2560, 02a03aee-1dd1-43c9-94ca-c76e2a537489:c2556, 9fb73170-bb25-48da-afcf-6f1f9e11598f:c2556]
2019-07-10 10:42:47,696 INFO  client.GrpcClientProtocolClient (GrpcClientProtocolClient.java:onNext(255)) - client-AC1CE418446C->edec9b8f-c318-426f-83f9-f44e945268a2: receive RaftClientReply:client-AC1CE418446C->edec9b8f-c318-426f-83f9-f44e945268a2@group-352661ED3FD5, cid=1772, SUCCESS, logIndex=2559, commits[edec9b8f-c318-426f-83f9-f44e945268a2:c2560, 02a03aee-1dd1-43c9-94ca-c76e2a537489:c2556, 9fb73170-bb25-48da-afcf-6f1f9e11598f:c2556]
2019-07-10 10:42:47,697 INFO  client.GrpcClientProtocolClient (GrpcClientProtocolClient.java:onNext(255)) - client-AC1CE418446C->edec9b8f-c318-426f-83f9-f44e945268a2: receive RaftClientReply:client-AC1CE418446C->edec9b8f-c318-426f-83f9-f44e945268a2@group-352661ED3FD5, cid=1773, SUCCESS, logIndex=2560, commits[edec9b8f-c318-426f-83f9-f44e945268a2:c2560, 02a03aee-1dd1-43c9-94ca-c76e2a537489:c2556, 9fb73170-bb25-48da-afcf-6f1f9e11598f:c2556]
2019-07-10 10:42:47,698 INFO  client.GrpcClientProtocolClient (GrpcClientProtocolClient.java:onNext(255)) - client-AC1CE418446C->edec9b8f-c318-426f-83f9-f44e945268a2: receive RaftClientReply:client-AC1CE418446C->edec9b8f-c318-426f-83f9-f44e945268a2@group-352661ED3FD5, cid=1774, SUCCESS, logIndex=0, commits[edec9b8f-c318-426f-83f9-f44e945268a2:c2563, 02a03aee-1dd1-43c9-94ca-c76e2a537489:c2559, 9fb73170-bb25-48da-afcf-6f1f9e11598f:c2558]
2019-07-10 10:42:47,719 INFO  client.GrpcClientProtocolClient (GrpcClientProtocolClient.java:onNext(255)) - client-AC1CE418446C->edec9b8f-c318-426f-83f9-f44e945268a2: receive RaftClientReply:client-AC1CE418446C->edec9b8f-c318-426f-83f9-f44e945268a2@group-352661ED3FD5, cid=1775, SUCCESS, logIndex=2565, commits[edec9b8f-c318-426f-83f9-f44e945268a2:c2566, 02a03aee-1dd1-43c9-94ca-c76e2a537489:c2564, 9fb73170-bb25-48da-afcf-6f1f9e11598f:c2564]
2019-07-10 10:42:47,720 INFO  client.GrpcClientProtocolClient (GrpcClientProtocolClient.java:onNext(255)) - client-AC1CE418446C->edec9b8f-c318-426f-83f9-f44e945268a2: receive RaftClientReply:client-AC1CE418446C->edec9b8f-c318-426f-83f9-f44e945268a2@group-352661ED3FD5, cid=1776, SUCCESS, logIndex=2566, commits[edec9b8f-c318-426f-83f9-f44e945268a2:c2566, 02a03aee-1dd1-43c9-94ca-c76e2a537489:c2564, 9fb73170-bb25-48da-afcf-6f1f9e11598f:c2564]
2019-07-10 10:42:47,734 INFO  client.GrpcClientProtocolClient (GrpcClientProtocolClient.java:onNext(255)) - client-AC1CE418446C->edec9b8f-c318-426f-83f9-f44e945268a2: receive RaftClientReply:client-AC1CE418446C->edec9b8f-c318-426f-83f9-f44e945268a2@group-352661ED3FD5, cid=1777, SUCCESS, logIndex=2569, commits[edec9b8f-c318-426f-83f9-f44e945268a2:c2570, 02a03aee-1dd1-43c9-94ca-c76e2a537489:c2566, 9fb73170-bb25-48da-afcf-6f1f9e11598f:c2566]
2019-07-10 10:42:47,735 INFO  client.GrpcClientProtocolClient (GrpcClientProtocolClient.java:onNext(255)) - client-AC1CE418446C->edec9b8f-c318-426f-83f9-f44e945268a2: receive RaftClientReply:client-AC1CE418446C->edec9b8f-c318-426f-83f9-f44e945268a2@group-352661ED3FD5, cid=1778, SUCCESS, logIndex=2570, commits[edec9b8f-c318-426f-83f9-f44e945268a2:c2570, 02a03aee-1dd1-43c9-94ca-c76e2a537489:c2566, 9fb73170-bb25-48da-afcf-6f1f9e11598f:c2566]
2019-07-10 10:42:47,749 INFO  client.GrpcClientProtocolClient (GrpcClientProtocolClient.java:onNext(255)) - client-AC1CE418446C->edec9b8f-c318-426f-83f9-f44e945268a2: receive RaftClientReply:client-AC1CE418446C->edec9b8f-c318-426f-83f9-f44e945268a2@group-352661ED3FD5, cid=1779, SUCCESS, logIndex=0, commits[edec9b8f-c318-426f-83f9-f44e945268a2:c2571, 02a03aee-1dd1-43c9-94ca-c76e2a537489:c2570, 9fb73170-bb25-48da-afcf-6f1f9e11598f:c2570]
2019-07-10 10:42:47,778 INFO  client.GrpcClientProtocolClient (GrpcClientProtocolClient.java:onNext(255)) - client-AC1CE418446C->edec9b8f-c318-426f-83f9-f44e945268a2: receive RaftClientReply:client-AC1CE418446C->edec9b8f-c318-426f-83f9-f44e945268a2@group-352661ED3FD5, cid=1780, SUCCESS, logIndex=2573, commits[edec9b8f-c318-426f-83f9-f44e945268a2:c2574, 02a03aee-1dd1-43c9-94ca-c76e2a537489:c2572, 9fb73170-bb25-48da-afcf-6f1f9e11598f:c2572]
2019-07-10 10:42:47,779 INFO  client.GrpcClientProtocolClient (GrpcClientProtocolClient.java:onNext(255)) - client-AC1CE418446C->edec9b8f-c318-426f-83f9-f44e945268a2: receive RaftClientReply:client-AC1CE418446C->edec9b8f-c318-426f-83f9-f44e945268a2@group-352661ED3FD5, cid=1781, SUCCESS, logIndex=2574, commits[edec9b8f-c318-426f-83f9-f44e945268a2:c2576, 02a03aee-1dd1-43c9-94ca-c76e2a537489:c2572, 9fb73170-bb25-48da-afcf-6f1f9e11598f:c2572]
2019-07-10 10:42:47,779 INFO  client.GrpcClientProtocolClient (GrpcClientProtocolClient.java:onNext(255)) - client-AC1CE418446C->edec9b8f-c318-426f-83f9-f44e945268a2: receive RaftClientReply:client-AC1CE418446C->edec9b8f-c318-426f-83f9-f44e945268a2@group-352661ED3FD5, cid=1782, SUCCESS, logIndex=2575, commits[edec9b8f-c318-426f-83f9-f44e945268a2:c2576, 02a03aee-1dd1-43c9-94ca-c76e2a537489:c2572, 9fb73170-bb25-48da-afcf-6f1f9e11598f:c2572]
2019-07-10 10:42:47,779 INFO  client.GrpcClientProtocolClient (GrpcClientProtocolClient.java:onNext(255)) - client-AC1CE418446C->edec9b8f-c318-426f-83f9-f44e945268a2: receive RaftClientReply:client-AC1CE418446C->edec9b8f-c318-426f-83f9-f44e945268a2@group-352661ED3FD5, cid=1783, SUCCESS, logIndex=2576, commits[edec9b8f-c318-426f-83f9-f44e945268a2:c2576, 02a03aee-1dd1-43c9-94ca-c76e2a537489:c2572, 9fb73170-bb25-48da-afcf-6f1f9e11598f:c2572]
2019-07-10 10:42:47,795 INFO  client.GrpcClientProtocolClient (GrpcClientProtocolClient.java:onNext(255)) - client-AC1CE418446C->edec9b8f-c318-426f-83f9-f44e945268a2: receive RaftClientReply:client-AC1CE418446C->edec9b8f-c318-426f-83f9-f44e945268a2@group-352661ED3FD5, cid=1784, SUCCESS, logIndex=0, commits[edec9b8f-c318-426f-83f9-f44e945268a2:c2579, 02a03aee-1dd1-43c9-94ca-c76e2a537489:c2574, 9fb73170-bb25-48da-afcf-6f1f9e11598f:c2575]
2019-07-10 10:42:47,815 INFO  client.GrpcClientProtocolClient (GrpcClientProtocolClient.java:onNext(255)) - client-AC1CE418446C->edec9b8f-c318-426f-83f9-f44e945268a2: receive RaftClientReply:client-AC1CE418446C->edec9b8f-c318-426f-83f9-f44e945268a2@group-352661ED3FD5, cid=1785, SUCCESS, logIndex=2581, commits[edec9b8f-c318-426f-83f9-f44e945268a2:c2582, 02a03aee-1dd1-43c9-94ca-c76e2a537489:c2580, 9fb73170-bb25-48da-afcf-6f1f9e11598f:c2580]
2019-07-10 10:42:47,816 INFO  client.GrpcClientProtocolClient (GrpcClientProtocolClient.java:onNext(255)) - client-AC1CE418446C->edec9b8f-c318-426f-83f9-f44e945268a2: receive RaftClientReply:client-AC1CE418446C->edec9b8f-c318-426f-83f9-f44e945268a2@group-352661ED3FD5, cid=1786, SUCCESS, logIndex=2582, commits[edec9b8f-c318-426f-83f9-f44e945268a2:c2582, 02a03aee-1dd1-43c9-94ca-c76e2a537489:c2580, 9fb73170-bb25-48da-afcf-6f1f9e11598f:c2580]
2019-07-10 10:42:47,833 INFO  client.GrpcClientProtocolClient (GrpcClientProtocolClient.java:onNext(255)) - client-AC1CE418446C->edec9b8f-c318-426f-83f9-f44e945268a2: receive RaftClientReply:client-AC1CE418446C->edec9b8f-c318-426f-83f9-f44e945268a2@group-352661ED3FD5, cid=1787, SUCCESS, logIndex=2585, commits[edec9b8f-c318-426f-83f9-f44e945268a2:c2586, 02a03aee-1dd1-43c9-94ca-c76e2a537489:c2582, 9fb73170-bb25-48da-afcf-6f1f9e11598f:c2582]
2019-07-10 10:42:47,833 INFO  client.GrpcClientProtocolClient (GrpcClientProtocolClient.java:onNext(255)) - client-AC1CE418446C->edec9b8f-c318-426f-83f9-f44e945268a2: receive RaftClientReply:client-AC1CE418446C->edec9b8f-c318-426f-83f9-f44e945268a2@group-352661ED3FD5, cid=1788, SUCCESS, logIndex=2586, commits[edec9b8f-c318-426f-83f9-f44e945268a2:c2586, 02a03aee-1dd1-43c9-94ca-c76e2a537489:c2582, 9fb73170-bb25-48da-afcf-6f1f9e11598f:c2582]
2019-07-10 10:42:47,878 INFO  client.GrpcClientProtocolClient (GrpcClientProtocolClient.java:onNext(255)) - client-AC1CE418446C->edec9b8f-c318-426f-83f9-f44e945268a2: receive RaftClientReply:client-AC1CE418446C->edec9b8f-c318-426f-83f9-f44e945268a2@group-352661ED3FD5, cid=1789, SUCCESS, logIndex=0, commits[edec9b8f-c318-426f-83f9-f44e945268a2:c2588, 02a03aee-1dd1-43c9-94ca-c76e2a537489:c2586, 9fb73170-bb25-48da-afcf-6f1f9e11598f:c2586]
2019-07-10 10:42:47,909 INFO  client.GrpcClientProtocolClient (GrpcClientProtocolClient.java:onNext(255)) - client-AC1CE418446C->edec9b8f-c318-426f-83f9-f44e945268a2: receive RaftClientReply:client-AC1CE418446C->edec9b8f-c318-426f-83f9-f44e945268a2@group-352661ED3FD5, cid=1790, SUCCESS, logIndex=2589, commits[edec9b8f-c318-426f-83f9-f44e945268a2:c2590, 02a03aee-1dd1-43c9-94ca-c76e2a537489:c2588, 9fb73170-bb25-48da-afcf-6f1f9e11598f:c2588]
2019-07-10 10:42:47,910 INFO  client.GrpcClientProtocolClient (GrpcClientProtocolClient.java:onNext(255)) - client-AC1CE418446C->edec9b8f-c318-426f-83f9-f44e945268a2: receive RaftClientReply:client-AC1CE418446C->edec9b8f-c318-426f-83f9-f44e945268a2@group-352661ED3FD5, cid=1791, SUCCESS, logIndex=2590, commits[edec9b8f-c318-426f-83f9-f44e945268a2:c2591, 02a03aee-1dd1-43c9-94ca-c76e2a537489:c2588, 9fb73170-bb25-48da-afcf-6f1f9e11598f:c2588]
2019-07-10 10:42:47,910 INFO  client.GrpcClientProtocolClient (GrpcClientProtocolClient.java:onNext(255)) - client-AC1CE418446C->edec9b8f-c318-426f-83f9-f44e945268a2: receive RaftClientReply:client-AC1CE418446C->edec9b8f-c318-426f-83f9-f44e945268a2@group-352661ED3FD5, cid=1792, SUCCESS, logIndex=2591, commits[edec9b8f-c318-426f-83f9-f44e945268a2:c2592, 02a03aee-1dd1-43c9-94ca-c76e2a537489:c2588, 9fb73170-bb25-48da-afcf-6f1f9e11598f:c2588]
2019-07-10 10:42:47,910 INFO  client.GrpcClientProtocolClient (GrpcClientProtocolClient.java:onNext(255)) - client-AC1CE418446C->edec9b8f-c318-426f-83f9-f44e945268a2: receive RaftClientReply:client-AC1CE418446C->edec9b8f-c318-426f-83f9-f44e945268a2@group-352661ED3FD5, cid=1793, SUCCESS, logIndex=2592, commits[edec9b8f-c318-426f-83f9-f44e945268a2:c2592, 02a03aee-1dd1-43c9-94ca-c76e2a537489:c2588, 9fb73170-bb25-48da-afcf-6f1f9e11598f:c2588]
2019-07-10 10:42:47,913 INFO  client.GrpcClientProtocolClient (GrpcClientProtocolClient.java:onNext(255)) - client-AC1CE418446C->edec9b8f-c318-426f-83f9-f44e945268a2: receive RaftClientReply:client-AC1CE418446C->edec9b8f-c318-426f-83f9-f44e945268a2@group-352661ED3FD5, cid=1794, SUCCESS, logIndex=0, commits[edec9b8f-c318-426f-83f9-f44e945268a2:c2594, 02a03aee-1dd1-43c9-94ca-c76e2a537489:c2590, 9fb73170-bb25-48da-afcf-6f1f9e11598f:c2590]
2019-07-10 10:42:47,925 INFO  client.GrpcClientProtocolClient (GrpcClientProtocolClient.java:onNext(255)) - client-AC1CE418446C->edec9b8f-c318-426f-83f9-f44e945268a2: receive RaftClientReply:client-AC1CE418446C->edec9b8f-c318-426f-83f9-f44e945268a2@group-352661ED3FD5, cid=1795, SUCCESS, logIndex=2597, commits[edec9b8f-c318-426f-83f9-f44e945268a2:c2598, 02a03aee-1dd1-43c9-94ca-c76e2a537489:c2595, 9fb73170-bb25-48da-afcf-6f1f9e11598f:c2595]
2019-07-10 10:42:47,925 INFO  client.GrpcClientProtocolClient (GrpcClientProtocolClient.java:onNext(255)) - client-AC1CE418446C->edec9b8f-c318-426f-83f9-f44e945268a2: receive RaftClientReply:client-AC1CE418446C->edec9b8f-c318-426f-83f9-f44e945268a2@group-352661ED3FD5, cid=1796, SUCCESS, logIndex=2598, commits[edec9b8f-c318-426f-83f9-f44e945268a2:c2598, 02a03aee-1dd1-43c9-94ca-c76e2a537489:c2595, 9fb73170-bb25-48da-afcf-6f1f9e11598f:c2595]
2019-07-10 10:42:47,945 INFO  client.GrpcClientProtocolClient (GrpcClientProtocolClient.java:onNext(255)) - client-AC1CE418446C->edec9b8f-c318-426f-83f9-f44e945268a2: receive RaftClientReply:client-AC1CE418446C->edec9b8f-c318-426f-83f9-f44e945268a2@group-352661ED3FD5, cid=1797, SUCCESS, logIndex=2600, commits[edec9b8f-c318-426f-83f9-f44e945268a2:c2601, 02a03aee-1dd1-43c9-94ca-c76e2a537489:c2599, 9fb73170-bb25-48da-afcf-6f1f9e11598f:c2599]
2019-07-10 10:42:47,945 INFO  client.GrpcClientProtocolClient (GrpcClientProtocolClient.java:onNext(255)) - client-AC1CE418446C->edec9b8f-c318-426f-83f9-f44e945268a2: receive RaftClientReply:client-AC1CE418446C->edec9b8f-c318-426f-83f9-f44e945268a2@group-352661ED3FD5, cid=1798, SUCCESS, logIndex=2601, commits[edec9b8f-c318-426f-83f9-f44e945268a2:c2601, 02a03aee-1dd1-43c9-94ca-c76e2a537489:c2599, 9fb73170-bb25-48da-afcf-6f1f9e11598f:c2599]
2019-07-10 10:42:47,973 INFO  client.GrpcClientProtocolClient (GrpcClientProtocolClient.java:onNext(255)) - client-AC1CE418446C->edec9b8f-c318-426f-83f9-f44e945268a2: receive RaftClientReply:client-AC1CE418446C->edec9b8f-c318-426f-83f9-f44e945268a2@group-352661ED3FD5, cid=1799, SUCCESS, logIndex=0, commits[edec9b8f-c318-426f-83f9-f44e945268a2:c2603, 02a03aee-1dd1-43c9-94ca-c76e2a537489:c2601, 9fb73170-bb25-48da-afcf-6f1f9e11598f:c2601]
2019-07-10 10:42:48,005 INFO  client.GrpcClientProtocolClient (GrpcClientProtocolClient.java:onNext(255)) - client-AC1CE418446C->edec9b8f-c318-426f-83f9-f44e945268a2: receive RaftClientReply:client-AC1CE418446C->edec9b8f-c318-426f-83f9-f44e945268a2@group-352661ED3FD5, cid=1800, SUCCESS, logIndex=2604, commits[edec9b8f-c318-426f-83f9-f44e945268a2:c2605, 02a03aee-1dd1-43c9-94ca-c76e2a537489:c2603, 9fb73170-bb25-48da-afcf-6f1f9e11598f:c2603]
2019-07-10 10:42:48,005 INFO  client.GrpcClientProtocolClient (GrpcClientProtocolClient.java:onNext(255)) - client-AC1CE418446C->edec9b8f-c318-426f-83f9-f44e945268a2: receive RaftClientReply:client-AC1CE418446C->edec9b8f-c318-426f-83f9-f44e945268a2@group-352661ED3FD5, cid=1801, SUCCESS, logIndex=2605, commits[edec9b8f-c318-426f-83f9-f44e945268a2:c2605, 02a03aee-1dd1-43c9-94ca-c76e2a537489:c2603, 9fb73170-bb25-48da-afcf-6f1f9e11598f:c2603]
2019-07-10 10:42:48,014 INFO  client.GrpcClientProtocolClient (GrpcClientProtocolClient.java:onNext(255)) - client-AC1CE418446C->edec9b8f-c318-426f-83f9-f44e945268a2: receive RaftClientReply:client-AC1CE418446C->edec9b8f-c318-426f-83f9-f44e945268a2@group-352661ED3FD5, cid=1802, SUCCESS, logIndex=2606, commits[edec9b8f-c318-426f-83f9-f44e945268a2:c2607, 02a03aee-1dd1-43c9-94ca-c76e2a537489:c2603, 9fb73170-bb25-48da-afcf-6f1f9e11598f:c2603]
2019-07-10 10:42:48,015 INFO  client.GrpcClientProtocolClient (GrpcClientProtocolClient.java:onNext(255)) - client-AC1CE418446C->edec9b8f-c318-426f-83f9-f44e945268a2: receive RaftClientReply:client-AC1CE418446C->edec9b8f-c318-426f-83f9-f44e945268a2@group-352661ED3FD5, cid=1803, SUCCESS, logIndex=2607, commits[edec9b8f-c318-426f-83f9-f44e945268a2:c2607, 02a03aee-1dd1-43c9-94ca-c76e2a537489:c2603, 9fb73170-bb25-48da-afcf-6f1f9e11598f:c2603]
2019-07-10 10:42:48,030 INFO  client.GrpcClientProtocolClient (GrpcClientProtocolClient.java:onNext(255)) - client-AC1CE418446C->edec9b8f-c318-426f-83f9-f44e945268a2: receive RaftClientReply:client-AC1CE418446C->edec9b8f-c318-426f-83f9-f44e945268a2@group-352661ED3FD5, cid=1804, SUCCESS, logIndex=0, commits[edec9b8f-c318-426f-83f9-f44e945268a2:c2609, 02a03aee-1dd1-43c9-94ca-c76e2a537489:c2605, 9fb73170-bb25-48da-afcf-6f1f9e11598f:c2607]
2019-07-10 10:42:48,053 INFO  client.GrpcClientProtocolClient (GrpcClientProtocolClient.java:onNext(255)) - client-AC1CE418446C->edec9b8f-c318-426f-83f9-f44e945268a2: receive RaftClientReply:client-AC1CE418446C->edec9b8f-c318-426f-83f9-f44e945268a2@group-352661ED3FD5, cid=1805, SUCCESS, logIndex=2611, commits[edec9b8f-c318-426f-83f9-f44e945268a2:c2612, 02a03aee-1dd1-43c9-94ca-c76e2a537489:c2609, 9fb73170-bb25-48da-afcf-6f1f9e11598f:c2609]
2019-07-10 10:42:48,054 INFO  client.GrpcClientProtocolClient (GrpcClientProtocolClient.java:onNext(255)) - client-AC1CE418446C->edec9b8f-c318-426f-83f9-f44e945268a2: receive RaftClientReply:client-AC1CE418446C->edec9b8f-c318-426f-83f9-f44e945268a2@group-352661ED3FD5, cid=1806, SUCCESS, logIndex=2612, commits[edec9b8f-c318-426f-83f9-f44e945268a2:c2612, 02a03aee-1dd1-43c9-94ca-c76e2a537489:c2609, 9fb73170-bb25-48da-afcf-6f1f9e11598f:c2609]
2019-07-10 10:42:48,073 INFO  client.GrpcClientProtocolClient (GrpcClientProtocolClient.java:onNext(255)) - client-AC1CE418446C->edec9b8f-c318-426f-83f9-f44e945268a2: receive RaftClientReply:client-AC1CE418446C->edec9b8f-c318-426f-83f9-f44e945268a2@group-352661ED3FD5, cid=1807, SUCCESS, logIndex=2615, commits[edec9b8f-c318-426f-83f9-f44e945268a2:c2616, 02a03aee-1dd1-43c9-94ca-c76e2a537489:c2614, 9fb73170-bb25-48da-afcf-6f1f9e11598f:c2614]
2019-07-10 10:42:48,073 INFO  client.GrpcClientProtocolClient (GrpcClientProtocolClient.java:onNext(255)) - client-AC1CE418446C->edec9b8f-c318-426f-83f9-f44e945268a2: receive RaftClientReply:client-AC1CE418446C->edec9b8f-c318-426f-83f9-f44e945268a2@group-352661ED3FD5, cid=1808, SUCCESS, logIndex=2616, commits[edec9b8f-c318-426f-83f9-f44e945268a2:c2616, 02a03aee-1dd1-43c9-94ca-c76e2a537489:c2614, 9fb73170-bb25-48da-afcf-6f1f9e11598f:c2614]
2019-07-10 10:42:48,081 INFO  client.GrpcClientProtocolClient (GrpcClientProtocolClient.java:onNext(255)) - client-AC1CE418446C->edec9b8f-c318-426f-83f9-f44e945268a2: receive RaftClientReply:client-AC1CE418446C->edec9b8f-c318-426f-83f9-f44e945268a2@group-352661ED3FD5, cid=1809, SUCCESS, logIndex=0, commits[edec9b8f-c318-426f-83f9-f44e945268a2:c2618, 02a03aee-1dd1-43c9-94ca-c76e2a537489:c2616, 9fb73170-bb25-48da-afcf-6f1f9e11598f:c2616]
2019-07-10 10:42:48,111 INFO  client.GrpcClientProtocolClient (GrpcClientProtocolClient.java:onNext(255)) - client-AC1CE418446C->edec9b8f-c318-426f-83f9-f44e945268a2: receive RaftClientReply:client-AC1CE418446C->edec9b8f-c318-426f-83f9-f44e945268a2@group-352661ED3FD5, cid=1810, SUCCESS, logIndex=2619, commits[edec9b8f-c318-426f-83f9-f44e945268a2:c2620, 02a03aee-1dd1-43c9-94ca-c76e2a537489:c2618, 9fb73170-bb25-48da-afcf-6f1f9e11598f:c2618]
2019-07-10 10:42:48,112 INFO  client.GrpcClientProtocolClient (GrpcClientProtocolClient.java:onNext(255)) - client-AC1CE418446C->edec9b8f-c318-426f-83f9-f44e945268a2: receive RaftClientReply:client-AC1CE418446C->edec9b8f-c318-426f-83f9-f44e945268a2@group-352661ED3FD5, cid=1811, SUCCESS, logIndex=2620, commits[edec9b8f-c318-426f-83f9-f44e945268a2:c2622, 02a03aee-1dd1-43c9-94ca-c76e2a537489:c2618, 9fb73170-bb25-48da-afcf-6f1f9e11598f:c2618]
2019-07-10 10:42:48,112 INFO  client.GrpcClientProtocolClient (GrpcClientProtocolClient.java:onNext(255)) - client-AC1CE418446C->edec9b8f-c318-426f-83f9-f44e945268a2: receive RaftClientReply:client-AC1CE418446C->edec9b8f-c318-426f-83f9-f44e945268a2@group-352661ED3FD5, cid=1812, SUCCESS, logIndex=2621, commits[edec9b8f-c318-426f-83f9-f44e945268a2:c2622, 02a03aee-1dd1-43c9-94ca-c76e2a537489:c2618, 9fb73170-bb25-48da-afcf-6f1f9e11598f:c2618]
2019-07-10 10:42:48,112 INFO  client.GrpcClientProtocolClient (GrpcClientProtocolClient.java:onNext(255)) - client-AC1CE418446C->edec9b8f-c318-426f-83f9-f44e945268a2: receive RaftClientReply:client-AC1CE418446C->edec9b8f-c318-426f-83f9-f44e945268a2@group-352661ED3FD5, cid=1813, SUCCESS, logIndex=2622, commits[edec9b8f-c318-426f-83f9-f44e945268a2:c2622, 02a03aee-1dd1-43c9-94ca-c76e2a537489:c2618, 9fb73170-bb25-48da-afcf-6f1f9e11598f:c2618]
2019-07-10 10:42:48,123 INFO  client.GrpcClientProtocolClient (GrpcClientProtocolClient.java:onNext(255)) - client-AC1CE418446C->edec9b8f-c318-426f-83f9-f44e945268a2: receive RaftClientReply:client-AC1CE418446C->edec9b8f-c318-426f-83f9-f44e945268a2@group-352661ED3FD5, cid=1814, SUCCESS, logIndex=0, commits[edec9b8f-c318-426f-83f9-f44e945268a2:c2623, 02a03aee-1dd1-43c9-94ca-c76e2a537489:c2620, 9fb73170-bb25-48da-afcf-6f1f9e11598f:c2620]
 0.00% |█                                                                                                    |  0/1 Time: 0:00:142019-07-10 10:42:48,142 INFO  client.GrpcClientProtocolClient (GrpcClientProtocolClient.java:onNext(255)) - client-AC1CE418446C->edec9b8f-c318-426f-83f9-f44e945268a2: receive RaftClientReply:client-AC1CE418446C->edec9b8f-c318-426f-83f9-f44e945268a2@group-352661ED3FD5, cid=1815, SUCCESS, logIndex=2627, commits[edec9b8f-c318-426f-83f9-f44e945268a2:c2628, 02a03aee-1dd1-43c9-94ca-c76e2a537489:c2626, 9fb73170-bb25-48da-afcf-6f1f9e11598f:c2626]
2019-07-10 10:42:48,142 INFO  client.GrpcClientProtocolClient (GrpcClientProtocolClient.java:onNext(255)) - client-AC1CE418446C->edec9b8f-c318-426f-83f9-f44e945268a2: receive RaftClientReply:client-AC1CE418446C->edec9b8f-c318-426f-83f9-f44e945268a2@group-352661ED3FD5, cid=1816, SUCCESS, logIndex=2628, commits[edec9b8f-c318-426f-83f9-f44e945268a2:c2628, 02a03aee-1dd1-43c9-94ca-c76e2a537489:c2626, 9fb73170-bb25-48da-afcf-6f1f9e11598f:c2626]
2019-07-10 10:42:48,277 INFO  client.GrpcClientProtocolClient (GrpcClientProtocolClient.java:onNext(255)) - client-AC1CE418446C->edec9b8f-c318-426f-83f9-f44e945268a2: receive RaftClientReply:client-AC1CE418446C->edec9b8f-c318-426f-83f9-f44e945268a2@group-352661ED3FD5, cid=1817, SUCCESS, logIndex=2631, commits[edec9b8f-c318-426f-83f9-f44e945268a2:c2632, 02a03aee-1dd1-43c9-94ca-c76e2a537489:c2628, 9fb73170-bb25-48da-afcf-6f1f9e11598f:c2628]
2019-07-10 10:42:48,278 INFO  client.GrpcClientProtocolClient (GrpcClientProtocolClient.java:onNext(255)) - client-AC1CE418446C->edec9b8f-c318-426f-83f9-f44e945268a2: receive RaftClientReply:client-AC1CE418446C->edec9b8f-c318-426f-83f9-f44e945268a2@group-352661ED3FD5, cid=1818, SUCCESS, logIndex=2632, commits[edec9b8f-c318-426f-83f9-f44e945268a2:c2632, 02a03aee-1dd1-43c9-94ca-c76e2a537489:c2628, 9fb73170-bb25-48da-afcf-6f1f9e11598f:c2628]
2019-07-10 10:42:48,290 INFO  client.GrpcClientProtocolClient (GrpcClientProtocolClient.java:onNext(255)) - client-AC1CE418446C->edec9b8f-c318-426f-83f9-f44e945268a2: receive RaftClientReply:client-AC1CE418446C->edec9b8f-c318-426f-83f9-f44e945268a2@group-352661ED3FD5, cid=1819, SUCCESS, logIndex=0, commits[edec9b8f-c318-426f-83f9-f44e945268a2:c2633, 02a03aee-1dd1-43c9-94ca-c76e2a537489:c2632, 9fb73170-bb25-48da-afcf-6f1f9e11598f:c2632]
2019-07-10 10:42:48,324 INFO  client.GrpcClientProtocolClient (GrpcClientProtocolClient.java:onNext(255)) - client-AC1CE418446C->edec9b8f-c318-426f-83f9-f44e945268a2: receive RaftClientReply:client-AC1CE418446C->edec9b8f-c318-426f-83f9-f44e945268a2@group-352661ED3FD5, cid=1820, SUCCESS, logIndex=2635, commits[edec9b8f-c318-426f-83f9-f44e945268a2:c2636, 02a03aee-1dd1-43c9-94ca-c76e2a537489:c2634, 9fb73170-bb25-48da-afcf-6f1f9e11598f:c2634]
2019-07-10 10:42:48,324 INFO  client.GrpcClientProtocolClient (GrpcClientProtocolClient.java:onNext(255)) - client-AC1CE418446C->edec9b8f-c318-426f-83f9-f44e945268a2: receive RaftClientReply:client-AC1CE418446C->edec9b8f-c318-426f-83f9-f44e945268a2@group-352661ED3FD5, cid=1821, SUCCESS, logIndex=2636, commits[edec9b8f-c318-426f-83f9-f44e945268a2:c2636, 02a03aee-1dd1-43c9-94ca-c76e2a537489:c2634, 9fb73170-bb25-48da-afcf-6f1f9e11598f:c2634]
2019-07-10 10:42:48,337 INFO  client.GrpcClientProtocolClient (GrpcClientProtocolClient.java:onNext(255)) - client-AC1CE418446C->edec9b8f-c318-426f-83f9-f44e945268a2: receive RaftClientReply:client-AC1CE418446C->edec9b8f-c318-426f-83f9-f44e945268a2@group-352661ED3FD5, cid=1822, SUCCESS, logIndex=2637, commits[edec9b8f-c318-426f-83f9-f44e945268a2:c2638, 02a03aee-1dd1-43c9-94ca-c76e2a537489:c2634, 9fb73170-bb25-48da-afcf-6f1f9e11598f:c2634]
2019-07-10 10:42:48,338 INFO  client.GrpcClientProtocolClient (GrpcClientProtocolClient.java:onNext(255)) - client-AC1CE418446C->edec9b8f-c318-426f-83f9-f44e945268a2: receive RaftClientReply:client-AC1CE418446C->edec9b8f-c318-426f-83f9-f44e945268a2@group-352661ED3FD5, cid=1823, SUCCESS, logIndex=2638, commits[edec9b8f-c318-426f-83f9-f44e945268a2:c2638, 02a03aee-1dd1-43c9-94ca-c76e2a537489:c2634, 9fb73170-bb25-48da-afcf-6f1f9e11598f:c2634]
2019-07-10 10:42:48,352 INFO  client.GrpcClientProtocolClient (GrpcClientProtocolClient.java:onNext(255)) - client-AC1CE418446C->edec9b8f-c318-426f-83f9-f44e945268a2: receive RaftClientReply:client-AC1CE418446C->edec9b8f-c318-426f-83f9-f44e945268a2@group-352661ED3FD5, cid=1824, SUCCESS, logIndex=0, commits[edec9b8f-c318-426f-83f9-f44e945268a2:c2641, 02a03aee-1dd1-43c9-94ca-c76e2a537489:c2636, 9fb73170-bb25-48da-afcf-6f1f9e11598f:c2638]
2019-07-10 10:42:48,365 INFO  client.GrpcClientProtocolClient (GrpcClientProtocolClient.java:onNext(255)) - client-AC1CE418446C->edec9b8f-c318-426f-83f9-f44e945268a2: receive RaftClientReply:client-AC1CE418446C->edec9b8f-c318-426f-83f9-f44e945268a2@group-352661ED3FD5, cid=1825, SUCCESS, logIndex=2643, commits[edec9b8f-c318-426f-83f9-f44e945268a2:c2644, 02a03aee-1dd1-43c9-94ca-c76e2a537489:c2638, 9fb73170-bb25-48da-afcf-6f1f9e11598f:c2641]
2019-07-10 10:42:48,366 INFO  client.GrpcClientProtocolClient (GrpcClientProtocolClient.java:onNext(255)) - client-AC1CE418446C->edec9b8f-c318-426f-83f9-f44e945268a2: receive RaftClientReply:client-AC1CE418446C->edec9b8f-c318-426f-83f9-f44e945268a2@group-352661ED3FD5, cid=1826, SUCCESS, logIndex=2644, commits[edec9b8f-c318-426f-83f9-f44e945268a2:c2644, 02a03aee-1dd1-43c9-94ca-c76e2a537489:c2638, 9fb73170-bb25-48da-afcf-6f1f9e11598f:c2641]
2019-07-10 10:42:48,393 INFO  client.GrpcClientProtocolClient (GrpcClientProtocolClient.java:onNext(255)) - client-AC1CE418446C->edec9b8f-c318-426f-83f9-f44e945268a2: receive RaftClientReply:client-AC1CE418446C->edec9b8f-c318-426f-83f9-f44e945268a2@group-352661ED3FD5, cid=1827, SUCCESS, logIndex=2647, commits[edec9b8f-c318-426f-83f9-f44e945268a2:c2648, 02a03aee-1dd1-43c9-94ca-c76e2a537489:c2645, 9fb73170-bb25-48da-afcf-6f1f9e11598f:c2645]
2019-07-10 10:42:48,394 INFO  client.GrpcClientProtocolClient (GrpcClientProtocolClient.java:onNext(255)) - client-AC1CE418446C->edec9b8f-c318-426f-83f9-f44e945268a2: receive RaftClientReply:client-AC1CE418446C->edec9b8f-c318-426f-83f9-f44e945268a2@group-352661ED3FD5, cid=1828, SUCCESS, logIndex=2648, commits[edec9b8f-c318-426f-83f9-f44e945268a2:c2648, 02a03aee-1dd1-43c9-94ca-c76e2a537489:c2646, 9fb73170-bb25-48da-afcf-6f1f9e11598f:c2645]
2019-07-10 10:42:48,408 INFO  client.GrpcClientProtocolClient (GrpcClientProtocolClient.java:onNext(255)) - client-AC1CE418446C->edec9b8f-c318-426f-83f9-f44e945268a2: receive RaftClientReply:client-AC1CE418446C->edec9b8f-c318-426f-83f9-f44e945268a2@group-352661ED3FD5, cid=1829, SUCCESS, logIndex=0, commits[edec9b8f-c318-426f-83f9-f44e945268a2:c2650, 02a03aee-1dd1-43c9-94ca-c76e2a537489:c2648, 9fb73170-bb25-48da-afcf-6f1f9e11598f:c2648]
2019-07-10 10:42:48,435 INFO  client.GrpcClientProtocolClient (GrpcClientProtocolClient.java:onNext(255)) - client-AC1CE418446C->edec9b8f-c318-426f-83f9-f44e945268a2: receive RaftClientReply:client-AC1CE418446C->edec9b8f-c318-426f-83f9-f44e945268a2@group-352661ED3FD5, cid=1830, SUCCESS, logIndex=2651, commits[edec9b8f-c318-426f-83f9-f44e945268a2:c2652, 02a03aee-1dd1-43c9-94ca-c76e2a537489:c2650, 9fb73170-bb25-48da-afcf-6f1f9e11598f:c2650]
2019-07-10 10:42:48,435 INFO  client.GrpcClientProtocolClient (GrpcClientProtocolClient.java:onNext(255)) - client-AC1CE418446C->edec9b8f-c318-426f-83f9-f44e945268a2: receive RaftClientReply:client-AC1CE418446C->edec9b8f-c318-426f-83f9-f44e945268a2@group-352661ED3FD5, cid=1831, SUCCESS, logIndex=2652, commits[edec9b8f-c318-426f-83f9-f44e945268a2:c2652, 02a03aee-1dd1-43c9-94ca-c76e2a537489:c2650, 9fb73170-bb25-48da-afcf-6f1f9e11598f:c2650]
2019-07-10 10:42:48,435 INFO  client.GrpcClientProtocolClient (GrpcClientProtocolClient.java:onNext(255)) - client-AC1CE418446C->edec9b8f-c318-426f-83f9-f44e945268a2: receive RaftClientReply:client-AC1CE418446C->edec9b8f-c318-426f-83f9-f44e945268a2@group-352661ED3FD5, cid=1832, SUCCESS, logIndex=2653, commits[edec9b8f-c318-426f-83f9-f44e945268a2:c2654, 02a03aee-1dd1-43c9-94ca-c76e2a537489:c2650, 9fb73170-bb25-48da-afcf-6f1f9e11598f:c2650]
2019-07-10 10:42:48,436 INFO  client.GrpcClientProtocolClient (GrpcClientProtocolClient.java:onNext(255)) - client-AC1CE418446C->edec9b8f-c318-426f-83f9-f44e945268a2: receive RaftClientReply:client-AC1CE418446C->edec9b8f-c318-426f-83f9-f44e945268a2@group-352661ED3FD5, cid=1833, SUCCESS, logIndex=2654, commits[edec9b8f-c318-426f-83f9-f44e945268a2:c2654, 02a03aee-1dd1-43c9-94ca-c76e2a537489:c2650, 9fb73170-bb25-48da-afcf-6f1f9e11598f:c2650]
2019-07-10 10:42:48,448 INFO  client.GrpcClientProtocolClient (GrpcClientProtocolClient.java:onNext(255)) - client-AC1CE418446C->edec9b8f-c318-426f-83f9-f44e945268a2: receive RaftClientReply:client-AC1CE418446C->edec9b8f-c318-426f-83f9-f44e945268a2@group-352661ED3FD5, cid=1834, SUCCESS, logIndex=0, commits[edec9b8f-c318-426f-83f9-f44e945268a2:c2656, 02a03aee-1dd1-43c9-94ca-c76e2a537489:c2652, 9fb73170-bb25-48da-afcf-6f1f9e11598f:c2652]
2019-07-10 10:42:48,467 INFO  client.GrpcClientProtocolClient (GrpcClientProtocolClient.java:onNext(255)) - client-AC1CE418446C->edec9b8f-c318-426f-83f9-f44e945268a2: receive RaftClientReply:client-AC1CE418446C->edec9b8f-c318-426f-83f9-f44e945268a2@group-352661ED3FD5, cid=1835, SUCCESS, logIndex=2659, commits[edec9b8f-c318-426f-83f9-f44e945268a2:c2660, 02a03aee-1dd1-43c9-94ca-c76e2a537489:c2658, 9fb73170-bb25-48da-afcf-6f1f9e11598f:c2658]
2019-07-10 10:42:48,468 INFO  client.GrpcClientProtocolClient (GrpcClientProtocolClient.java:onNext(255)) - client-AC1CE418446C->edec9b8f-c318-426f-83f9-f44e945268a2: receive RaftClientReply:client-AC1CE418446C->edec9b8f-c318-426f-83f9-f44e945268a2@group-352661ED3FD5, cid=1836, SUCCESS, logIndex=2660, commits[edec9b8f-c318-426f-83f9-f44e945268a2:c2660, 02a03aee-1dd1-43c9-94ca-c76e2a537489:c2658, 9fb73170-bb25-48da-afcf-6f1f9e11598f:c2658]
2019-07-10 10:42:48,495 INFO  client.GrpcClientProtocolClient (GrpcClientProtocolClient.java:onNext(255)) - client-AC1CE418446C->edec9b8f-c318-426f-83f9-f44e945268a2: receive RaftClientReply:client-AC1CE418446C->edec9b8f-c318-426f-83f9-f44e945268a2@group-352661ED3FD5, cid=1837, SUCCESS, logIndex=2663, commits[edec9b8f-c318-426f-83f9-f44e945268a2:c2664, 02a03aee-1dd1-43c9-94ca-c76e2a537489:c2660, 9fb73170-bb25-48da-afcf-6f1f9e11598f:c2660]
2019-07-10 10:42:48,495 INFO  client.GrpcClientProtocolClient (GrpcClientProtocolClient.java:onNext(255)) - client-AC1CE418446C->edec9b8f-c318-426f-83f9-f44e945268a2: receive RaftClientReply:client-AC1CE418446C->edec9b8f-c318-426f-83f9-f44e945268a2@group-352661ED3FD5, cid=1838, SUCCESS, logIndex=2664, commits[edec9b8f-c318-426f-83f9-f44e945268a2:c2664, 02a03aee-1dd1-43c9-94ca-c76e2a537489:c2660, 9fb73170-bb25-48da-afcf-6f1f9e11598f:c2660]
2019-07-10 10:42:48,519 INFO  client.GrpcClientProtocolClient (GrpcClientProtocolClient.java:onNext(255)) - client-AC1CE418446C->edec9b8f-c318-426f-83f9-f44e945268a2: receive RaftClientReply:client-AC1CE418446C->edec9b8f-c318-426f-83f9-f44e945268a2@group-352661ED3FD5, cid=1839, SUCCESS, logIndex=0, commits[edec9b8f-c318-426f-83f9-f44e945268a2:c2666, 02a03aee-1dd1-43c9-94ca-c76e2a537489:c2664, 9fb73170-bb25-48da-afcf-6f1f9e11598f:c2664]
2019-07-10 10:42:48,549 INFO  client.GrpcClientProtocolClient (GrpcClientProtocolClient.java:onNext(255)) - client-AC1CE418446C->edec9b8f-c318-426f-83f9-f44e945268a2: receive RaftClientReply:client-AC1CE418446C->edec9b8f-c318-426f-83f9-f44e945268a2@group-352661ED3FD5, cid=1840, SUCCESS, logIndex=2667, commits[edec9b8f-c318-426f-83f9-f44e945268a2:c2668, 02a03aee-1dd1-43c9-94ca-c76e2a537489:c2666, 9fb73170-bb25-48da-afcf-6f1f9e11598f:c2666]
2019-07-10 10:42:48,550 INFO  client.GrpcClientProtocolClient (GrpcClientProtocolClient.java:onNext(255)) - client-AC1CE418446C->edec9b8f-c318-426f-83f9-f44e945268a2: receive RaftClientReply:client-AC1CE418446C->edec9b8f-c318-426f-83f9-f44e945268a2@group-352661ED3FD5, cid=1841, SUCCESS, logIndex=2668, commits[edec9b8f-c318-426f-83f9-f44e945268a2:c2668, 02a03aee-1dd1-43c9-94ca-c76e2a537489:c2666, 9fb73170-bb25-48da-afcf-6f1f9e11598f:c2666]
2019-07-10 10:42:48,561 INFO  client.GrpcClientProtocolClient (GrpcClientProtocolClient.java:onNext(255)) - client-AC1CE418446C->edec9b8f-c318-426f-83f9-f44e945268a2: receive RaftClientReply:client-AC1CE418446C->edec9b8f-c318-426f-83f9-f44e945268a2@group-352661ED3FD5, cid=1842, SUCCESS, logIndex=2669, commits[edec9b8f-c318-426f-83f9-f44e945268a2:c2670, 02a03aee-1dd1-43c9-94ca-c76e2a537489:c2666, 9fb73170-bb25-48da-afcf-6f1f9e11598f:c2666]
2019-07-10 10:42:48,562 INFO  client.GrpcClientProtocolClient (GrpcClientProtocolClient.java:onNext(255)) - client-AC1CE418446C->edec9b8f-c318-426f-83f9-f44e945268a2: receive RaftClientReply:client-AC1CE418446C->edec9b8f-c318-426f-83f9-f44e945268a2@group-352661ED3FD5, cid=1843, SUCCESS, logIndex=2670, commits[edec9b8f-c318-426f-83f9-f44e945268a2:c2670, 02a03aee-1dd1-43c9-94ca-c76e2a537489:c2666, 9fb73170-bb25-48da-afcf-6f1f9e11598f:c2666]
2019-07-10 10:42:48,575 INFO  client.GrpcClientProtocolClient (GrpcClientProtocolClient.java:onNext(255)) - client-AC1CE418446C->edec9b8f-c318-426f-83f9-f44e945268a2: receive RaftClientReply:client-AC1CE418446C->edec9b8f-c318-426f-83f9-f44e945268a2@group-352661ED3FD5, cid=1844, SUCCESS, logIndex=0, commits[edec9b8f-c318-426f-83f9-f44e945268a2:c2672, 02a03aee-1dd1-43c9-94ca-c76e2a537489:c2668, 9fb73170-bb25-48da-afcf-6f1f9e11598f:c2668]
2019-07-10 10:42:48,591 INFO  client.GrpcClientProtocolClient (GrpcClientProtocolClient.java:onNext(255)) - client-AC1CE418446C->edec9b8f-c318-426f-83f9-f44e945268a2: receive RaftClientReply:client-AC1CE418446C->edec9b8f-c318-426f-83f9-f44e945268a2@group-352661ED3FD5, cid=1845, SUCCESS, logIndex=2675, commits[edec9b8f-c318-426f-83f9-f44e945268a2:c2676, 02a03aee-1dd1-43c9-94ca-c76e2a537489:c2672, 9fb73170-bb25-48da-afcf-6f1f9e11598f:c2672]
2019-07-10 10:42:48,592 INFO  client.GrpcClientProtocolClient (GrpcClientProtocolClient.java:onNext(255)) - client-AC1CE418446C->edec9b8f-c318-426f-83f9-f44e945268a2: receive RaftClientReply:client-AC1CE418446C->edec9b8f-c318-426f-83f9-f44e945268a2@group-352661ED3FD5, cid=1846, SUCCESS, logIndex=2676, commits[edec9b8f-c318-426f-83f9-f44e945268a2:c2676, 02a03aee-1dd1-43c9-94ca-c76e2a537489:c2672, 9fb73170-bb25-48da-afcf-6f1f9e11598f:c2672]
2019-07-10 10:42:48,621 INFO  client.GrpcClientProtocolClient (GrpcClientProtocolClient.java:onNext(255)) - client-AC1CE418446C->edec9b8f-c318-426f-83f9-f44e945268a2: receive RaftClientReply:client-AC1CE418446C->edec9b8f-c318-426f-83f9-f44e945268a2@group-352661ED3FD5, cid=1847, SUCCESS, logIndex=2679, commits[edec9b8f-c318-426f-83f9-f44e945268a2:c2680, 02a03aee-1dd1-43c9-94ca-c76e2a537489:c2676, 9fb73170-bb25-48da-afcf-6f1f9e11598f:c2676]
2019-07-10 10:42:48,621 INFO  client.GrpcClientProtocolClient (GrpcClientProtocolClient.java:onNext(255)) - client-AC1CE418446C->edec9b8f-c318-426f-83f9-f44e945268a2: receive RaftClientReply:client-AC1CE418446C->edec9b8f-c318-426f-83f9-f44e945268a2@group-352661ED3FD5, cid=1848, SUCCESS, logIndex=2680, commits[edec9b8f-c318-426f-83f9-f44e945268a2:c2680, 02a03aee-1dd1-43c9-94ca-c76e2a537489:c2676, 9fb73170-bb25-48da-afcf-6f1f9e11598f:c2676]
2019-07-10 10:42:48,633 INFO  client.GrpcClientProtocolClient (GrpcClientProtocolClient.java:onNext(255)) - client-AC1CE418446C->edec9b8f-c318-426f-83f9-f44e945268a2: receive RaftClientReply:client-AC1CE418446C->edec9b8f-c318-426f-83f9-f44e945268a2@group-352661ED3FD5, cid=1849, SUCCESS, logIndex=0, commits[edec9b8f-c318-426f-83f9-f44e945268a2:c2682, 02a03aee-1dd1-43c9-94ca-c76e2a537489:c2680, 9fb73170-bb25-48da-afcf-6f1f9e11598f:c2680]
2019-07-10 10:42:48,661 INFO  client.GrpcClientProtocolClient (GrpcClientProtocolClient.java:onNext(255)) - client-AC1CE418446C->edec9b8f-c318-426f-83f9-f44e945268a2: receive RaftClientReply:client-AC1CE418446C->edec9b8f-c318-426f-83f9-f44e945268a2@group-352661ED3FD5, cid=1850, SUCCESS, logIndex=2683, commits[edec9b8f-c318-426f-83f9-f44e945268a2:c2684, 02a03aee-1dd1-43c9-94ca-c76e2a537489:c2682, 9fb73170-bb25-48da-afcf-6f1f9e11598f:c2682]
2019-07-10 10:42:48,662 INFO  client.GrpcClientProtocolClient (GrpcClientProtocolClient.java:onNext(255)) - client-AC1CE418446C->edec9b8f-c318-426f-83f9-f44e945268a2: receive RaftClientReply:client-AC1CE418446C->edec9b8f-c318-426f-83f9-f44e945268a2@group-352661ED3FD5, cid=1851, SUCCESS, logIndex=2684, commits[edec9b8f-c318-426f-83f9-f44e945268a2:c2684, 02a03aee-1dd1-43c9-94ca-c76e2a537489:c2682, 9fb73170-bb25-48da-afcf-6f1f9e11598f:c2682]
2019-07-10 10:42:48,662 INFO  client.GrpcClientProtocolClient (GrpcClientProtocolClient.java:onNext(255)) - client-AC1CE418446C->edec9b8f-c318-426f-83f9-f44e945268a2: receive RaftClientReply:client-AC1CE418446C->edec9b8f-c318-426f-83f9-f44e945268a2@group-352661ED3FD5, cid=1852, SUCCESS, logIndex=2685, commits[edec9b8f-c318-426f-83f9-f44e945268a2:c2686, 02a03aee-1dd1-43c9-94ca-c76e2a537489:c2682, 9fb73170-bb25-48da-afcf-6f1f9e11598f:c2682]
2019-07-10 10:42:48,662 INFO  client.GrpcClientProtocolClient (GrpcClientProtocolClient.java:onNext(255)) - client-AC1CE418446C->edec9b8f-c318-426f-83f9-f44e945268a2: receive RaftClientReply:client-AC1CE418446C->edec9b8f-c318-426f-83f9-f44e945268a2@group-352661ED3FD5, cid=1853, SUCCESS, logIndex=2686, commits[edec9b8f-c318-426f-83f9-f44e945268a2:c2686, 02a03aee-1dd1-43c9-94ca-c76e2a537489:c2682, 9fb73170-bb25-48da-afcf-6f1f9e11598f:c2682]
2019-07-10 10:42:48,675 INFO  client.GrpcClientProtocolClient (GrpcClientProtocolClient.java:onNext(255)) - client-AC1CE418446C->edec9b8f-c318-426f-83f9-f44e945268a2: receive RaftClientReply:client-AC1CE418446C->edec9b8f-c318-426f-83f9-f44e945268a2@group-352661ED3FD5, cid=1854, SUCCESS, logIndex=0, commits[edec9b8f-c318-426f-83f9-f44e945268a2:c2688, 02a03aee-1dd1-43c9-94ca-c76e2a537489:c2684, 9fb73170-bb25-48da-afcf-6f1f9e11598f:c2684]
2019-07-10 10:42:48,695 INFO  client.GrpcClientProtocolClient (GrpcClientProtocolClient.java:onNext(255)) - client-AC1CE418446C->edec9b8f-c318-426f-83f9-f44e945268a2: receive RaftClientReply:client-AC1CE418446C->edec9b8f-c318-426f-83f9-f44e945268a2@group-352661ED3FD5, cid=1855, SUCCESS, logIndex=2691, commits[edec9b8f-c318-426f-83f9-f44e945268a2:c2692, 02a03aee-1dd1-43c9-94ca-c76e2a537489:c2690, 9fb73170-bb25-48da-afcf-6f1f9e11598f:c2690]
2019-07-10 10:42:48,696 INFO  client.GrpcClientProtocolClient (GrpcClientProtocolClient.java:onNext(255)) - client-AC1CE418446C->edec9b8f-c318-426f-83f9-f44e945268a2: receive RaftClientReply:client-AC1CE418446C->edec9b8f-c318-426f-83f9-f44e945268a2@group-352661ED3FD5, cid=1856, SUCCESS, logIndex=2692, commits[edec9b8f-c318-426f-83f9-f44e945268a2:c2692, 02a03aee-1dd1-43c9-94ca-c76e2a537489:c2690, 9fb73170-bb25-48da-afcf-6f1f9e11598f:c2690]
2019-07-10 10:42:48,722 INFO  client.GrpcClientProtocolClient (GrpcClientProtocolClient.java:onNext(255)) - client-AC1CE418446C->edec9b8f-c318-426f-83f9-f44e945268a2: receive RaftClientReply:client-AC1CE418446C->edec9b8f-c318-426f-83f9-f44e945268a2@group-352661ED3FD5, cid=1857, SUCCESS, logIndex=2695, commits[edec9b8f-c318-426f-83f9-f44e945268a2:c2696, 02a03aee-1dd1-43c9-94ca-c76e2a537489:c2692, 9fb73170-bb25-48da-afcf-6f1f9e11598f:c2692]
2019-07-10 10:42:48,723 INFO  client.GrpcClientProtocolClient (GrpcClientProtocolClient.java:onNext(255)) - client-AC1CE418446C->edec9b8f-c318-426f-83f9-f44e945268a2: receive RaftClientReply:client-AC1CE418446C->edec9b8f-c318-426f-83f9-f44e945268a2@group-352661ED3FD5, cid=1858, SUCCESS, logIndex=2696, commits[edec9b8f-c318-426f-83f9-f44e945268a2:c2696, 02a03aee-1dd1-43c9-94ca-c76e2a537489:c2692, 9fb73170-bb25-48da-afcf-6f1f9e11598f:c2692]
2019-07-10 10:42:48,749 INFO  client.GrpcClientProtocolClient (GrpcClientProtocolClient.java:onNext(255)) - client-AC1CE418446C->edec9b8f-c318-426f-83f9-f44e945268a2: receive RaftClientReply:client-AC1CE418446C->edec9b8f-c318-426f-83f9-f44e945268a2@group-352661ED3FD5, cid=1859, SUCCESS, logIndex=0, commits[edec9b8f-c318-426f-83f9-f44e945268a2:c2698, 02a03aee-1dd1-43c9-94ca-c76e2a537489:c2696, 9fb73170-bb25-48da-afcf-6f1f9e11598f:c2696]
2019-07-10 10:42:48,775 INFO  client.GrpcClientProtocolClient (GrpcClientProtocolClient.java:onNext(255)) - client-AC1CE418446C->edec9b8f-c318-426f-83f9-f44e945268a2: receive RaftClientReply:client-AC1CE418446C->edec9b8f-c318-426f-83f9-f44e945268a2@group-352661ED3FD5, cid=1860, SUCCESS, logIndex=2699, commits[edec9b8f-c318-426f-83f9-f44e945268a2:c2702, 02a03aee-1dd1-43c9-94ca-c76e2a537489:c2698, 9fb73170-bb25-48da-afcf-6f1f9e11598f:c2698]
2019-07-10 10:42:48,775 INFO  client.GrpcClientProtocolClient (GrpcClientProtocolClient.java:onNext(255)) - client-AC1CE418446C->edec9b8f-c318-426f-83f9-f44e945268a2: receive RaftClientReply:client-AC1CE418446C->edec9b8f-c318-426f-83f9-f44e945268a2@group-352661ED3FD5, cid=1861, SUCCESS, logIndex=2700, commits[edec9b8f-c318-426f-83f9-f44e945268a2:c2702, 02a03aee-1dd1-43c9-94ca-c76e2a537489:c2698, 9fb73170-bb25-48da-afcf-6f1f9e11598f:c2698]
2019-07-10 10:42:48,776 INFO  client.GrpcClientProtocolClient (GrpcClientProtocolClient.java:onNext(255)) - client-AC1CE418446C->edec9b8f-c318-426f-83f9-f44e945268a2: receive RaftClientReply:client-AC1CE418446C->edec9b8f-c318-426f-83f9-f44e945268a2@group-352661ED3FD5, cid=1862, SUCCESS, logIndex=2701, commits[edec9b8f-c318-426f-83f9-f44e945268a2:c2702, 02a03aee-1dd1-43c9-94ca-c76e2a537489:c2698, 9fb73170-bb25-48da-afcf-6f1f9e11598f:c2698]
2019-07-10 10:42:48,776 INFO  client.GrpcClientProtocolClient (GrpcClientProtocolClient.java:onNext(255)) - client-AC1CE418446C->edec9b8f-c318-426f-83f9-f44e945268a2: receive RaftClientReply:client-AC1CE418446C->edec9b8f-c318-426f-83f9-f44e945268a2@group-352661ED3FD5, cid=1863, SUCCESS, logIndex=2702, commits[edec9b8f-c318-426f-83f9-f44e945268a2:c2702, 02a03aee-1dd1-43c9-94ca-c76e2a537489:c2698, 9fb73170-bb25-48da-afcf-6f1f9e11598f:c2698]
2019-07-10 10:42:48,791 INFO  client.GrpcClientProtocolClient (GrpcClientProtocolClient.java:onNext(255)) - client-AC1CE418446C->edec9b8f-c318-426f-83f9-f44e945268a2: receive RaftClientReply:client-AC1CE418446C->edec9b8f-c318-426f-83f9-f44e945268a2@group-352661ED3FD5, cid=1864, SUCCESS, logIndex=0, commits[edec9b8f-c318-426f-83f9-f44e945268a2:c2704, 02a03aee-1dd1-43c9-94ca-c76e2a537489:c2700, 9fb73170-bb25-48da-afcf-6f1f9e11598f:c2701]
2019-07-10 10:42:48,812 INFO  client.GrpcClientProtocolClient (GrpcClientProtocolClient.java:onNext(255)) - client-AC1CE418446C->edec9b8f-c318-426f-83f9-f44e945268a2: receive RaftClientReply:client-AC1CE418446C->edec9b8f-c318-426f-83f9-f44e945268a2@group-352661ED3FD5, cid=1865, SUCCESS, logIndex=2707, commits[edec9b8f-c318-426f-83f9-f44e945268a2:c2708, 02a03aee-1dd1-43c9-94ca-c76e2a537489:c2706, 9fb73170-bb25-48da-afcf-6f1f9e11598f:c2706]
2019-07-10 10:42:48,812 INFO  client.GrpcClientProtocolClient (GrpcClientProtocolClient.java:onNext(255)) - client-AC1CE418446C->edec9b8f-c318-426f-83f9-f44e945268a2: receive RaftClientReply:client-AC1CE418446C->edec9b8f-c318-426f-83f9-f44e945268a2@group-352661ED3FD5, cid=1866, SUCCESS, logIndex=2708, commits[edec9b8f-c318-426f-83f9-f44e945268a2:c2708, 02a03aee-1dd1-43c9-94ca-c76e2a537489:c2706, 9fb73170-bb25-48da-afcf-6f1f9e11598f:c2706]
2019-07-10 10:42:48,829 INFO  client.GrpcClientProtocolClient (GrpcClientProtocolClient.java:onNext(255)) - client-AC1CE418446C->edec9b8f-c318-426f-83f9-f44e945268a2: receive RaftClientReply:client-AC1CE418446C->edec9b8f-c318-426f-83f9-f44e945268a2@group-352661ED3FD5, cid=1867, SUCCESS, logIndex=2711, commits[edec9b8f-c318-426f-83f9-f44e945268a2:c2712, 02a03aee-1dd1-43c9-94ca-c76e2a537489:c2708, 9fb73170-bb25-48da-afcf-6f1f9e11598f:c2708]
2019-07-10 10:42:48,829 INFO  client.GrpcClientProtocolClient (GrpcClientProtocolClient.java:onNext(255)) - client-AC1CE418446C->edec9b8f-c318-426f-83f9-f44e945268a2: receive RaftClientReply:client-AC1CE418446C->edec9b8f-c318-426f-83f9-f44e945268a2@group-352661ED3FD5, cid=1868, SUCCESS, logIndex=2712, commits[edec9b8f-c318-426f-83f9-f44e945268a2:c2712, 02a03aee-1dd1-43c9-94ca-c76e2a537489:c2708, 9fb73170-bb25-48da-afcf-6f1f9e11598f:c2708]
2019-07-10 10:42:48,833 INFO  client.GrpcClientProtocolClient (GrpcClientProtocolClient.java:onNext(255)) - client-AC1CE418446C->edec9b8f-c318-426f-83f9-f44e945268a2: receive RaftClientReply:client-AC1CE418446C->edec9b8f-c318-426f-83f9-f44e945268a2@group-352661ED3FD5, cid=1869, SUCCESS, logIndex=0, commits[edec9b8f-c318-426f-83f9-f44e945268a2:c2713, 02a03aee-1dd1-43c9-94ca-c76e2a537489:c2712, 9fb73170-bb25-48da-afcf-6f1f9e11598f:c2712]
2019-07-10 10:42:48,883 INFO  client.GrpcClientProtocolClient (GrpcClientProtocolClient.java:onNext(255)) - client-AC1CE418446C->edec9b8f-c318-426f-83f9-f44e945268a2: receive RaftClientReply:client-AC1CE418446C->edec9b8f-c318-426f-83f9-f44e945268a2@group-352661ED3FD5, cid=1870, SUCCESS, logIndex=2715, commits[edec9b8f-c318-426f-83f9-f44e945268a2:c2716, 02a03aee-1dd1-43c9-94ca-c76e2a537489:c2712, 9fb73170-bb25-48da-afcf-6f1f9e11598f:c2714]
2019-07-10 10:42:48,884 INFO  client.GrpcClientProtocolClient (GrpcClientProtocolClient.java:onNext(255)) - client-AC1CE418446C->edec9b8f-c318-426f-83f9-f44e945268a2: receive RaftClientReply:client-AC1CE418446C->edec9b8f-c318-426f-83f9-f44e945268a2@group-352661ED3FD5, cid=1871, SUCCESS, logIndex=2716, commits[edec9b8f-c318-426f-83f9-f44e945268a2:c2716, 02a03aee-1dd1-43c9-94ca-c76e2a537489:c2712, 9fb73170-bb25-48da-afcf-6f1f9e11598f:c2714]
2019-07-10 10:42:48,886 INFO  client.GrpcClientProtocolClient (GrpcClientProtocolClient.java:onNext(255)) - client-AC1CE418446C->edec9b8f-c318-426f-83f9-f44e945268a2: receive RaftClientReply:client-AC1CE418446C->edec9b8f-c318-426f-83f9-f44e945268a2@group-352661ED3FD5, cid=1872, SUCCESS, logIndex=2717, commits[edec9b8f-c318-426f-83f9-f44e945268a2:c2718, 02a03aee-1dd1-43c9-94ca-c76e2a537489:c2714, 9fb73170-bb25-48da-afcf-6f1f9e11598f:c2714]
2019-07-10 10:42:48,887 INFO  client.GrpcClientProtocolClient (GrpcClientProtocolClient.java:onNext(255)) - client-AC1CE418446C->edec9b8f-c318-426f-83f9-f44e945268a2: receive RaftClientReply:client-AC1CE418446C->edec9b8f-c318-426f-83f9-f44e945268a2@group-352661ED3FD5, cid=1873, SUCCESS, logIndex=2718, commits[edec9b8f-c318-426f-83f9-f44e945268a2:c2718, 02a03aee-1dd1-43c9-94ca-c76e2a537489:c2714, 9fb73170-bb25-48da-afcf-6f1f9e11598f:c2714]
2019-07-10 10:42:48,888 INFO  client.GrpcClientProtocolClient (GrpcClientProtocolClient.java:onNext(255)) - client-AC1CE418446C->edec9b8f-c318-426f-83f9-f44e945268a2: receive RaftClientReply:client-AC1CE418446C->edec9b8f-c318-426f-83f9-f44e945268a2@group-352661ED3FD5, cid=1874, SUCCESS, logIndex=0, commits[edec9b8f-c318-426f-83f9-f44e945268a2:c2720, 02a03aee-1dd1-43c9-94ca-c76e2a537489:c2716, 9fb73170-bb25-48da-afcf-6f1f9e11598f:c2716]
2019-07-10 10:42:48,899 INFO  client.GrpcClientProtocolClient (GrpcClientProtocolClient.java:onNext(255)) - client-AC1CE418446C->edec9b8f-c318-426f-83f9-f44e945268a2: receive RaftClientReply:client-AC1CE418446C->edec9b8f-c318-426f-83f9-f44e945268a2@group-352661ED3FD5, cid=1875, SUCCESS, logIndex=2723, commits[edec9b8f-c318-426f-83f9-f44e945268a2:c2724, 02a03aee-1dd1-43c9-94ca-c76e2a537489:c2722, 9fb73170-bb25-48da-afcf-6f1f9e11598f:c2718]
2019-07-10 10:42:48,900 INFO  client.GrpcClientProtocolClient (GrpcClientProtocolClient.java:onNext(255)) - client-AC1CE418446C->edec9b8f-c318-426f-83f9-f44e945268a2: receive RaftClientReply:client-AC1CE418446C->edec9b8f-c318-426f-83f9-f44e945268a2@group-352661ED3FD5, cid=1876, SUCCESS, logIndex=2724, commits[edec9b8f-c318-426f-83f9-f44e945268a2:c2724, 02a03aee-1dd1-43c9-94ca-c76e2a537489:c2722, 9fb73170-bb25-48da-afcf-6f1f9e11598f:c2722]
2019-07-10 10:42:48,915 INFO  client.GrpcClientProtocolClient (GrpcClientProtocolClient.java:onNext(255)) - client-AC1CE418446C->edec9b8f-c318-426f-83f9-f44e945268a2: receive RaftClientReply:client-AC1CE418446C->edec9b8f-c318-426f-83f9-f44e945268a2@group-352661ED3FD5, cid=1877, SUCCESS, logIndex=2727, commits[edec9b8f-c318-426f-83f9-f44e945268a2:c2728, 02a03aee-1dd1-43c9-94ca-c76e2a537489:c2725, 9fb73170-bb25-48da-afcf-6f1f9e11598f:c2725]
2019-07-10 10:42:48,915 INFO  client.GrpcClientProtocolClient (GrpcClientProtocolClient.java:onNext(255)) - client-AC1CE418446C->edec9b8f-c318-426f-83f9-f44e945268a2: receive RaftClientReply:client-AC1CE418446C->edec9b8f-c318-426f-83f9-f44e945268a2@group-352661ED3FD5, cid=1878, SUCCESS, logIndex=2728, commits[edec9b8f-c318-426f-83f9-f44e945268a2:c2728, 02a03aee-1dd1-43c9-94ca-c76e2a537489:c2725, 9fb73170-bb25-48da-afcf-6f1f9e11598f:c2725]
2019-07-10 10:42:48,927 INFO  client.GrpcClientProtocolClient (GrpcClientProtocolClient.java:onNext(255)) - client-AC1CE418446C->edec9b8f-c318-426f-83f9-f44e945268a2: receive RaftClientReply:client-AC1CE418446C->edec9b8f-c318-426f-83f9-f44e945268a2@group-352661ED3FD5, cid=1879, SUCCESS, logIndex=0, commits[edec9b8f-c318-426f-83f9-f44e945268a2:c2728, 02a03aee-1dd1-43c9-94ca-c76e2a537489:c2728, 9fb73170-bb25-48da-afcf-6f1f9e11598f:c2728]
2019-07-10 10:42:48,951 INFO  client.GrpcClientProtocolClient (GrpcClientProtocolClient.java:onNext(255)) - client-AC1CE418446C->edec9b8f-c318-426f-83f9-f44e945268a2: receive RaftClientReply:client-AC1CE418446C->edec9b8f-c318-426f-83f9-f44e945268a2@group-352661ED3FD5, cid=1880, SUCCESS, logIndex=2730, commits[edec9b8f-c318-426f-83f9-f44e945268a2:c2731, 02a03aee-1dd1-43c9-94ca-c76e2a537489:c2729, 9fb73170-bb25-48da-afcf-6f1f9e11598f:c2729]
2019-07-10 10:42:48,952 INFO  client.GrpcClientProtocolClient (GrpcClientProtocolClient.java:onNext(255)) - client-AC1CE418446C->edec9b8f-c318-426f-83f9-f44e945268a2: receive RaftClientReply:client-AC1CE418446C->edec9b8f-c318-426f-83f9-f44e945268a2@group-352661ED3FD5, cid=1881, SUCCESS, logIndex=2731, commits[edec9b8f-c318-426f-83f9-f44e945268a2:c2733, 02a03aee-1dd1-43c9-94ca-c76e2a537489:c2729, 9fb73170-bb25-48da-afcf-6f1f9e11598f:c2729]
2019-07-10 10:42:48,952 INFO  client.GrpcClientProtocolClient (GrpcClientProtocolClient.java:onNext(255)) - client-AC1CE418446C->edec9b8f-c318-426f-83f9-f44e945268a2: receive RaftClientReply:client-AC1CE418446C->edec9b8f-c318-426f-83f9-f44e945268a2@group-352661ED3FD5, cid=1882, SUCCESS, logIndex=2732, commits[edec9b8f-c318-426f-83f9-f44e945268a2:c2733, 02a03aee-1dd1-43c9-94ca-c76e2a537489:c2729, 9fb73170-bb25-48da-afcf-6f1f9e11598f:c2729]
2019-07-10 10:42:48,953 INFO  client.GrpcClientProtocolClient (GrpcClientProtocolClient.java:onNext(255)) - client-AC1CE418446C->edec9b8f-c318-426f-83f9-f44e945268a2: receive RaftClientReply:client-AC1CE418446C->edec9b8f-c318-426f-83f9-f44e945268a2@group-352661ED3FD5, cid=1883, SUCCESS, logIndex=2733, commits[edec9b8f-c318-426f-83f9-f44e945268a2:c2734, 02a03aee-1dd1-43c9-94ca-c76e2a537489:c2730, 9fb73170-bb25-48da-afcf-6f1f9e11598f:c2729]
2019-07-10 10:42:48,954 INFO  client.GrpcClientProtocolClient (GrpcClientProtocolClient.java:onNext(255)) - client-AC1CE418446C->edec9b8f-c318-426f-83f9-f44e945268a2: receive RaftClientReply:client-AC1CE418446C->edec9b8f-c318-426f-83f9-f44e945268a2@group-352661ED3FD5, cid=1884, SUCCESS, logIndex=0, commits[edec9b8f-c318-426f-83f9-f44e945268a2:c2735, 02a03aee-1dd1-43c9-94ca-c76e2a537489:c2731, 9fb73170-bb25-48da-afcf-6f1f9e11598f:c2731]
2019-07-10 10:42:48,967 INFO  client.GrpcClientProtocolClient (GrpcClientProtocolClient.java:onNext(255)) - client-AC1CE418446C->edec9b8f-c318-426f-83f9-f44e945268a2: receive RaftClientReply:client-AC1CE418446C->edec9b8f-c318-426f-83f9-f44e945268a2@group-352661ED3FD5, cid=1885, SUCCESS, logIndex=2738, commits[edec9b8f-c318-426f-83f9-f44e945268a2:c2739, 02a03aee-1dd1-43c9-94ca-c76e2a537489:c2737, 9fb73170-bb25-48da-afcf-6f1f9e11598f:c2733]
2019-07-10 10:42:48,967 INFO  client.GrpcClientProtocolClient (GrpcClientProtocolClient.java:onNext(255)) - client-AC1CE418446C->edec9b8f-c318-426f-83f9-f44e945268a2: receive RaftClientReply:client-AC1CE418446C->edec9b8f-c318-426f-83f9-f44e945268a2@group-352661ED3FD5, cid=1886, SUCCESS, logIndex=2739, commits[edec9b8f-c318-426f-83f9-f44e945268a2:c2739, 02a03aee-1dd1-43c9-94ca-c76e2a537489:c2737, 9fb73170-bb25-48da-afcf-6f1f9e11598f:c2737]
2019-07-10 10:42:49,083 INFO  client.GrpcClientProtocolClient (GrpcClientProtocolClient.java:onNext(255)) - client-AC1CE418446C->edec9b8f-c318-426f-83f9-f44e945268a2: receive RaftClientReply:client-AC1CE418446C->edec9b8f-c318-426f-83f9-f44e945268a2@group-352661ED3FD5, cid=1887, SUCCESS, logIndex=2742, commits[edec9b8f-c318-426f-83f9-f44e945268a2:c2743, 02a03aee-1dd1-43c9-94ca-c76e2a537489:c2740, 9fb73170-bb25-48da-afcf-6f1f9e11598f:c2739]
2019-07-10 10:42:49,084 INFO  client.GrpcClientProtocolClient (GrpcClientProtocolClient.java:onNext(255)) - client-AC1CE418446C->edec9b8f-c318-426f-83f9-f44e945268a2: receive RaftClientReply:client-AC1CE418446C->edec9b8f-c318-426f-83f9-f44e945268a2@group-352661ED3FD5, cid=1888, SUCCESS, logIndex=2743, commits[edec9b8f-c318-426f-83f9-f44e945268a2:c2743, 02a03aee-1dd1-43c9-94ca-c76e2a537489:c2740, 9fb73170-bb25-48da-afcf-6f1f9e11598f:c2740]
2019-07-10 10:42:49,085 INFO  client.GrpcClientProtocolClient (GrpcClientProtocolClient.java:onNext(255)) - client-AC1CE418446C->edec9b8f-c318-426f-83f9-f44e945268a2: receive RaftClientReply:client-AC1CE418446C->edec9b8f-c318-426f-83f9-f44e945268a2@group-352661ED3FD5, cid=1889, SUCCESS, logIndex=0, commits[edec9b8f-c318-426f-83f9-f44e945268a2:c2744, 02a03aee-1dd1-43c9-94ca-c76e2a537489:c2743, 9fb73170-bb25-48da-afcf-6f1f9e11598f:c2743]
2019-07-10 10:42:49,116 INFO  client.GrpcClientProtocolClient (GrpcClientProtocolClient.java:onNext(255)) - client-AC1CE418446C->edec9b8f-c318-426f-83f9-f44e945268a2: receive RaftClientReply:client-AC1CE418446C->edec9b8f-c318-426f-83f9-f44e945268a2@group-352661ED3FD5, cid=1890, SUCCESS, logIndex=2746, commits[edec9b8f-c318-426f-83f9-f44e945268a2:c2747, 02a03aee-1dd1-43c9-94ca-c76e2a537489:c2745, 9fb73170-bb25-48da-afcf-6f1f9e11598f:c2745]
2019-07-10 10:42:49,117 INFO  client.GrpcClientProtocolClient (GrpcClientProtocolClient.java:onNext(255)) - client-AC1CE418446C->edec9b8f-c318-426f-83f9-f44e945268a2: receive RaftClientReply:client-AC1CE418446C->edec9b8f-c318-426f-83f9-f44e945268a2@group-352661ED3FD5, cid=1891, SUCCESS, logIndex=2747, commits[edec9b8f-c318-426f-83f9-f44e945268a2:c2747, 02a03aee-1dd1-43c9-94ca-c76e2a537489:c2745, 9fb73170-bb25-48da-afcf-6f1f9e11598f:c2745]
2019-07-10 10:42:49,128 INFO  client.GrpcClientProtocolClient (GrpcClientProtocolClient.java:onNext(255)) - client-AC1CE418446C->edec9b8f-c318-426f-83f9-f44e945268a2: receive RaftClientReply:client-AC1CE418446C->edec9b8f-c318-426f-83f9-f44e945268a2@group-352661ED3FD5, cid=1892, SUCCESS, logIndex=2748, commits[edec9b8f-c318-426f-83f9-f44e945268a2:c2749, 02a03aee-1dd1-43c9-94ca-c76e2a537489:c2745, 9fb73170-bb25-48da-afcf-6f1f9e11598f:c2745]
 0.00% |█                                                                                                    |  0/1 Time: 0:00:152019-07-10 10:42:49,129 INFO  client.GrpcClientProtocolClient (GrpcClientProtocolClient.java:onNext(255)) - client-AC1CE418446C->edec9b8f-c318-426f-83f9-f44e945268a2: receive RaftClientReply:client-AC1CE418446C->edec9b8f-c318-426f-83f9-f44e945268a2@group-352661ED3FD5, cid=1893, SUCCESS, logIndex=2749, commits[edec9b8f-c318-426f-83f9-f44e945268a2:c2749, 02a03aee-1dd1-43c9-94ca-c76e2a537489:c2745, 9fb73170-bb25-48da-afcf-6f1f9e11598f:c2745]
2019-07-10 10:42:49,141 INFO  client.GrpcClientProtocolClient (GrpcClientProtocolClient.java:onNext(255)) - client-AC1CE418446C->edec9b8f-c318-426f-83f9-f44e945268a2: receive RaftClientReply:client-AC1CE418446C->edec9b8f-c318-426f-83f9-f44e945268a2@group-352661ED3FD5, cid=1894, SUCCESS, logIndex=0, commits[edec9b8f-c318-426f-83f9-f44e945268a2:c2751, 02a03aee-1dd1-43c9-94ca-c76e2a537489:c2747, 9fb73170-bb25-48da-afcf-6f1f9e11598f:c2747]
2019-07-10 10:42:49,168 INFO  client.GrpcClientProtocolClient (GrpcClientProtocolClient.java:onNext(255)) - client-AC1CE418446C->edec9b8f-c318-426f-83f9-f44e945268a2: receive RaftClientReply:client-AC1CE418446C->edec9b8f-c318-426f-83f9-f44e945268a2@group-352661ED3FD5, cid=1895, SUCCESS, logIndex=2754, commits[edec9b8f-c318-426f-83f9-f44e945268a2:c2755, 02a03aee-1dd1-43c9-94ca-c76e2a537489:c2751, 9fb73170-bb25-48da-afcf-6f1f9e11598f:c2751]
2019-07-10 10:42:49,168 INFO  client.GrpcClientProtocolClient (GrpcClientProtocolClient.java:onNext(255)) - client-AC1CE418446C->edec9b8f-c318-426f-83f9-f44e945268a2: receive RaftClientReply:client-AC1CE418446C->edec9b8f-c318-426f-83f9-f44e945268a2@group-352661ED3FD5, cid=1896, SUCCESS, logIndex=2755, commits[edec9b8f-c318-426f-83f9-f44e945268a2:c2755, 02a03aee-1dd1-43c9-94ca-c76e2a537489:c2751, 9fb73170-bb25-48da-afcf-6f1f9e11598f:c2751]
2019-07-10 10:42:49,187 INFO  client.GrpcClientProtocolClient (GrpcClientProtocolClient.java:onNext(255)) - client-AC1CE418446C->edec9b8f-c318-426f-83f9-f44e945268a2: receive RaftClientReply:client-AC1CE418446C->edec9b8f-c318-426f-83f9-f44e945268a2@group-352661ED3FD5, cid=1897, SUCCESS, logIndex=2758, commits[edec9b8f-c318-426f-83f9-f44e945268a2:c2759, 02a03aee-1dd1-43c9-94ca-c76e2a537489:c2755, 9fb73170-bb25-48da-afcf-6f1f9e11598f:c2755]
2019-07-10 10:42:49,188 INFO  client.GrpcClientProtocolClient (GrpcClientProtocolClient.java:onNext(255)) - client-AC1CE418446C->edec9b8f-c318-426f-83f9-f44e945268a2: receive RaftClientReply:client-AC1CE418446C->edec9b8f-c318-426f-83f9-f44e945268a2@group-352661ED3FD5, cid=1898, SUCCESS, logIndex=2759, commits[edec9b8f-c318-426f-83f9-f44e945268a2:c2759, 02a03aee-1dd1-43c9-94ca-c76e2a537489:c2755, 9fb73170-bb25-48da-afcf-6f1f9e11598f:c2755]
2019-07-10 10:42:49,199 INFO  client.GrpcClientProtocolClient (GrpcClientProtocolClient.java:onNext(255)) - client-AC1CE418446C->edec9b8f-c318-426f-83f9-f44e945268a2: receive RaftClientReply:client-AC1CE418446C->edec9b8f-c318-426f-83f9-f44e945268a2@group-352661ED3FD5, cid=1899, SUCCESS, logIndex=0, commits[edec9b8f-c318-426f-83f9-f44e945268a2:c2761, 02a03aee-1dd1-43c9-94ca-c76e2a537489:c2759, 9fb73170-bb25-48da-afcf-6f1f9e11598f:c2759]
2019-07-10 10:42:49,229 INFO  client.GrpcClientProtocolClient (GrpcClientProtocolClient.java:onNext(255)) - client-AC1CE418446C->edec9b8f-c318-426f-83f9-f44e945268a2: receive RaftClientReply:client-AC1CE418446C->edec9b8f-c318-426f-83f9-f44e945268a2@group-352661ED3FD5, cid=1900, SUCCESS, logIndex=2762, commits[edec9b8f-c318-426f-83f9-f44e945268a2:c2763, 02a03aee-1dd1-43c9-94ca-c76e2a537489:c2759, 9fb73170-bb25-48da-afcf-6f1f9e11598f:c2761]
2019-07-10 10:42:49,230 INFO  client.GrpcClientProtocolClient (GrpcClientProtocolClient.java:onNext(255)) - client-AC1CE418446C->edec9b8f-c318-426f-83f9-f44e945268a2: receive RaftClientReply:client-AC1CE418446C->edec9b8f-c318-426f-83f9-f44e945268a2@group-352661ED3FD5, cid=1901, SUCCESS, logIndex=2763, commits[edec9b8f-c318-426f-83f9-f44e945268a2:c2765, 02a03aee-1dd1-43c9-94ca-c76e2a537489:c2759, 9fb73170-bb25-48da-afcf-6f1f9e11598f:c2761]
2019-07-10 10:42:49,231 INFO  client.GrpcClientProtocolClient (GrpcClientProtocolClient.java:onNext(255)) - client-AC1CE418446C->edec9b8f-c318-426f-83f9-f44e945268a2: receive RaftClientReply:client-AC1CE418446C->edec9b8f-c318-426f-83f9-f44e945268a2@group-352661ED3FD5, cid=1902, SUCCESS, logIndex=2764, commits[edec9b8f-c318-426f-83f9-f44e945268a2:c2765, 02a03aee-1dd1-43c9-94ca-c76e2a537489:c2761, 9fb73170-bb25-48da-afcf-6f1f9e11598f:c2761]
2019-07-10 10:42:49,231 INFO  client.GrpcClientProtocolClient (GrpcClientProtocolClient.java:onNext(255)) - client-AC1CE418446C->edec9b8f-c318-426f-83f9-f44e945268a2: receive RaftClientReply:client-AC1CE418446C->edec9b8f-c318-426f-83f9-f44e945268a2@group-352661ED3FD5, cid=1903, SUCCESS, logIndex=2765, commits[edec9b8f-c318-426f-83f9-f44e945268a2:c2765, 02a03aee-1dd1-43c9-94ca-c76e2a537489:c2761, 9fb73170-bb25-48da-afcf-6f1f9e11598f:c2761]
2019-07-10 10:42:49,244 INFO  client.GrpcClientProtocolClient (GrpcClientProtocolClient.java:onNext(255)) - client-AC1CE418446C->edec9b8f-c318-426f-83f9-f44e945268a2: receive RaftClientReply:client-AC1CE418446C->edec9b8f-c318-426f-83f9-f44e945268a2@group-352661ED3FD5, cid=1904, SUCCESS, logIndex=0, commits[edec9b8f-c318-426f-83f9-f44e945268a2:c2767, 02a03aee-1dd1-43c9-94ca-c76e2a537489:c2763, 9fb73170-bb25-48da-afcf-6f1f9e11598f:c2763]
2019-07-10 10:42:49,268 INFO  client.GrpcClientProtocolClient (GrpcClientProtocolClient.java:onNext(255)) - client-AC1CE418446C->edec9b8f-c318-426f-83f9-f44e945268a2: receive RaftClientReply:client-AC1CE418446C->edec9b8f-c318-426f-83f9-f44e945268a2@group-352661ED3FD5, cid=1905, SUCCESS, logIndex=2769, commits[edec9b8f-c318-426f-83f9-f44e945268a2:c2769, 02a03aee-1dd1-43c9-94ca-c76e2a537489:c2768, 9fb73170-bb25-48da-afcf-6f1f9e11598f:c2768]
2019-07-10 10:42:49,269 INFO  client.GrpcClientProtocolClient (GrpcClientProtocolClient.java:onNext(255)) - client-AC1CE418446C->edec9b8f-c318-426f-83f9-f44e945268a2: receive RaftClientReply:client-AC1CE418446C->edec9b8f-c318-426f-83f9-f44e945268a2@group-352661ED3FD5, cid=1906, SUCCESS, logIndex=2770, commits[edec9b8f-c318-426f-83f9-f44e945268a2:c2770, 02a03aee-1dd1-43c9-94ca-c76e2a537489:c2768, 9fb73170-bb25-48da-afcf-6f1f9e11598f:c2768]
2019-07-10 10:42:49,292 INFO  client.GrpcClientProtocolClient (GrpcClientProtocolClient.java:onNext(255)) - client-AC1CE418446C->edec9b8f-c318-426f-83f9-f44e945268a2: receive RaftClientReply:client-AC1CE418446C->edec9b8f-c318-426f-83f9-f44e945268a2@group-352661ED3FD5, cid=1907, SUCCESS, logIndex=2773, commits[edec9b8f-c318-426f-83f9-f44e945268a2:c2774, 02a03aee-1dd1-43c9-94ca-c76e2a537489:c2769, 9fb73170-bb25-48da-afcf-6f1f9e11598f:c2770]
2019-07-10 10:42:49,292 INFO  client.GrpcClientProtocolClient (GrpcClientProtocolClient.java:onNext(255)) - client-AC1CE418446C->edec9b8f-c318-426f-83f9-f44e945268a2: receive RaftClientReply:client-AC1CE418446C->edec9b8f-c318-426f-83f9-f44e945268a2@group-352661ED3FD5, cid=1908, SUCCESS, logIndex=2774, commits[edec9b8f-c318-426f-83f9-f44e945268a2:c2774, 02a03aee-1dd1-43c9-94ca-c76e2a537489:c2770, 9fb73170-bb25-48da-afcf-6f1f9e11598f:c2770]
2019-07-10 10:42:49,296 INFO  client.GrpcClientProtocolClient (GrpcClientProtocolClient.java:onNext(255)) - client-AC1CE418446C->edec9b8f-c318-426f-83f9-f44e945268a2: receive RaftClientReply:client-AC1CE418446C->edec9b8f-c318-426f-83f9-f44e945268a2@group-352661ED3FD5, cid=1909, SUCCESS, logIndex=0, commits[edec9b8f-c318-426f-83f9-f44e945268a2:c2776, 02a03aee-1dd1-43c9-94ca-c76e2a537489:c2774, 9fb73170-bb25-48da-afcf-6f1f9e11598f:c2774]
2019-07-10 10:42:49,328 INFO  client.GrpcClientProtocolClient (GrpcClientProtocolClient.java:onNext(255)) - client-AC1CE418446C->edec9b8f-c318-426f-83f9-f44e945268a2: receive RaftClientReply:client-AC1CE418446C->edec9b8f-c318-426f-83f9-f44e945268a2@group-352661ED3FD5, cid=1910, SUCCESS, logIndex=2777, commits[edec9b8f-c318-426f-83f9-f44e945268a2:c2778, 02a03aee-1dd1-43c9-94ca-c76e2a537489:c2776, 9fb73170-bb25-48da-afcf-6f1f9e11598f:c2776]
2019-07-10 10:42:49,328 INFO  client.GrpcClientProtocolClient (GrpcClientProtocolClient.java:onNext(255)) - client-AC1CE418446C->edec9b8f-c318-426f-83f9-f44e945268a2: receive RaftClientReply:client-AC1CE418446C->edec9b8f-c318-426f-83f9-f44e945268a2@group-352661ED3FD5, cid=1911, SUCCESS, logIndex=2778, commits[edec9b8f-c318-426f-83f9-f44e945268a2:c2778, 02a03aee-1dd1-43c9-94ca-c76e2a537489:c2776, 9fb73170-bb25-48da-afcf-6f1f9e11598f:c2776]
2019-07-10 10:42:49,338 INFO  client.GrpcClientProtocolClient (GrpcClientProtocolClient.java:onNext(255)) - client-AC1CE418446C->edec9b8f-c318-426f-83f9-f44e945268a2: receive RaftClientReply:client-AC1CE418446C->edec9b8f-c318-426f-83f9-f44e945268a2@group-352661ED3FD5, cid=1912, SUCCESS, logIndex=2779, commits[edec9b8f-c318-426f-83f9-f44e945268a2:c2780, 02a03aee-1dd1-43c9-94ca-c76e2a537489:c2776, 9fb73170-bb25-48da-afcf-6f1f9e11598f:c2776]
2019-07-10 10:42:49,338 INFO  client.GrpcClientProtocolClient (GrpcClientProtocolClient.java:onNext(255)) - client-AC1CE418446C->edec9b8f-c318-426f-83f9-f44e945268a2: receive RaftClientReply:client-AC1CE418446C->edec9b8f-c318-426f-83f9-f44e945268a2@group-352661ED3FD5, cid=1913, SUCCESS, logIndex=2780, commits[edec9b8f-c318-426f-83f9-f44e945268a2:c2780, 02a03aee-1dd1-43c9-94ca-c76e2a537489:c2777, 9fb73170-bb25-48da-afcf-6f1f9e11598f:c2776]
2019-07-10 10:42:49,341 INFO  client.GrpcClientProtocolClient (GrpcClientProtocolClient.java:onNext(255)) - client-AC1CE418446C->edec9b8f-c318-426f-83f9-f44e945268a2: receive RaftClientReply:client-AC1CE418446C->edec9b8f-c318-426f-83f9-f44e945268a2@group-352661ED3FD5, cid=1914, SUCCESS, logIndex=0, commits[edec9b8f-c318-426f-83f9-f44e945268a2:c2783, 02a03aee-1dd1-43c9-94ca-c76e2a537489:c2778, 9fb73170-bb25-48da-afcf-6f1f9e11598f:c2778]
2019-07-10 10:42:49,361 INFO  client.GrpcClientProtocolClient (GrpcClientProtocolClient.java:onNext(255)) - client-AC1CE418446C->edec9b8f-c318-426f-83f9-f44e945268a2: receive RaftClientReply:client-AC1CE418446C->edec9b8f-c318-426f-83f9-f44e945268a2@group-352661ED3FD5, cid=1915, SUCCESS, logIndex=2785, commits[edec9b8f-c318-426f-83f9-f44e945268a2:c2786, 02a03aee-1dd1-43c9-94ca-c76e2a537489:c2784, 9fb73170-bb25-48da-afcf-6f1f9e11598f:c2784]
2019-07-10 10:42:49,361 INFO  client.GrpcClientProtocolClient (GrpcClientProtocolClient.java:onNext(255)) - client-AC1CE418446C->edec9b8f-c318-426f-83f9-f44e945268a2: receive RaftClientReply:client-AC1CE418446C->edec9b8f-c318-426f-83f9-f44e945268a2@group-352661ED3FD5, cid=1916, SUCCESS, logIndex=2786, commits[edec9b8f-c318-426f-83f9-f44e945268a2:c2786, 02a03aee-1dd1-43c9-94ca-c76e2a537489:c2784, 9fb73170-bb25-48da-afcf-6f1f9e11598f:c2784]
2019-07-10 10:42:49,378 INFO  client.GrpcClientProtocolClient (GrpcClientProtocolClient.java:onNext(255)) - client-AC1CE418446C->edec9b8f-c318-426f-83f9-f44e945268a2: receive RaftClientReply:client-AC1CE418446C->edec9b8f-c318-426f-83f9-f44e945268a2@group-352661ED3FD5, cid=1917, SUCCESS, logIndex=2789, commits[edec9b8f-c318-426f-83f9-f44e945268a2:c2789, 02a03aee-1dd1-43c9-94ca-c76e2a537489:c2786, 9fb73170-bb25-48da-afcf-6f1f9e11598f:c2786]
2019-07-10 10:42:49,379 INFO  client.GrpcClientProtocolClient (GrpcClientProtocolClient.java:onNext(255)) - client-AC1CE418446C->edec9b8f-c318-426f-83f9-f44e945268a2: receive RaftClientReply:client-AC1CE418446C->edec9b8f-c318-426f-83f9-f44e945268a2@group-352661ED3FD5, cid=1918, SUCCESS, logIndex=2790, commits[edec9b8f-c318-426f-83f9-f44e945268a2:c2790, 02a03aee-1dd1-43c9-94ca-c76e2a537489:c2786, 9fb73170-bb25-48da-afcf-6f1f9e11598f:c2786]
2019-07-10 10:42:49,401 INFO  client.GrpcClientProtocolClient (GrpcClientProtocolClient.java:onNext(255)) - client-AC1CE418446C->edec9b8f-c318-426f-83f9-f44e945268a2: receive RaftClientReply:client-AC1CE418446C->edec9b8f-c318-426f-83f9-f44e945268a2@group-352661ED3FD5, cid=1919, SUCCESS, logIndex=0, commits[edec9b8f-c318-426f-83f9-f44e945268a2:c2792, 02a03aee-1dd1-43c9-94ca-c76e2a537489:c2790, 9fb73170-bb25-48da-afcf-6f1f9e11598f:c2790]
2019-07-10 10:42:49,429 INFO  client.GrpcClientProtocolClient (GrpcClientProtocolClient.java:onNext(255)) - client-AC1CE418446C->edec9b8f-c318-426f-83f9-f44e945268a2: receive RaftClientReply:client-AC1CE418446C->edec9b8f-c318-426f-83f9-f44e945268a2@group-352661ED3FD5, cid=1920, SUCCESS, logIndex=2793, commits[edec9b8f-c318-426f-83f9-f44e945268a2:c2795, 02a03aee-1dd1-43c9-94ca-c76e2a537489:c2792, 9fb73170-bb25-48da-afcf-6f1f9e11598f:c2792]
2019-07-10 10:42:49,429 INFO  client.GrpcClientProtocolClient (GrpcClientProtocolClient.java:onNext(255)) - client-AC1CE418446C->edec9b8f-c318-426f-83f9-f44e945268a2: receive RaftClientReply:client-AC1CE418446C->edec9b8f-c318-426f-83f9-f44e945268a2@group-352661ED3FD5, cid=1921, SUCCESS, logIndex=2794, commits[edec9b8f-c318-426f-83f9-f44e945268a2:c2796, 02a03aee-1dd1-43c9-94ca-c76e2a537489:c2792, 9fb73170-bb25-48da-afcf-6f1f9e11598f:c2792]
2019-07-10 10:42:49,430 INFO  client.GrpcClientProtocolClient (GrpcClientProtocolClient.java:onNext(255)) - client-AC1CE418446C->edec9b8f-c318-426f-83f9-f44e945268a2: receive RaftClientReply:client-AC1CE418446C->edec9b8f-c318-426f-83f9-f44e945268a2@group-352661ED3FD5, cid=1922, SUCCESS, logIndex=2795, commits[edec9b8f-c318-426f-83f9-f44e945268a2:c2796, 02a03aee-1dd1-43c9-94ca-c76e2a537489:c2792, 9fb73170-bb25-48da-afcf-6f1f9e11598f:c2792]
2019-07-10 10:42:49,430 INFO  client.GrpcClientProtocolClient (GrpcClientProtocolClient.java:onNext(255)) - client-AC1CE418446C->edec9b8f-c318-426f-83f9-f44e945268a2: receive RaftClientReply:client-AC1CE418446C->edec9b8f-c318-426f-83f9-f44e945268a2@group-352661ED3FD5, cid=1923, SUCCESS, logIndex=2796, commits[edec9b8f-c318-426f-83f9-f44e945268a2:c2796, 02a03aee-1dd1-43c9-94ca-c76e2a537489:c2792, 9fb73170-bb25-48da-afcf-6f1f9e11598f:c2792]
2019-07-10 10:42:49,440 INFO  client.GrpcClientProtocolClient (GrpcClientProtocolClient.java:onNext(255)) - client-AC1CE418446C->edec9b8f-c318-426f-83f9-f44e945268a2: receive RaftClientReply:client-AC1CE418446C->edec9b8f-c318-426f-83f9-f44e945268a2@group-352661ED3FD5, cid=1924, SUCCESS, logIndex=0, commits[edec9b8f-c318-426f-83f9-f44e945268a2:c2797, 02a03aee-1dd1-43c9-94ca-c76e2a537489:c2794, 9fb73170-bb25-48da-afcf-6f1f9e11598f:c2794]
2019-07-10 10:42:49,476 INFO  client.GrpcClientProtocolClient (GrpcClientProtocolClient.java:onNext(255)) - client-AC1CE418446C->edec9b8f-c318-426f-83f9-f44e945268a2: receive RaftClientReply:client-AC1CE418446C->edec9b8f-c318-426f-83f9-f44e945268a2@group-352661ED3FD5, cid=1925, SUCCESS, logIndex=2801, commits[edec9b8f-c318-426f-83f9-f44e945268a2:c2802, 02a03aee-1dd1-43c9-94ca-c76e2a537489:c2800, 9fb73170-bb25-48da-afcf-6f1f9e11598f:c2800]
2019-07-10 10:42:49,477 INFO  client.GrpcClientProtocolClient (GrpcClientProtocolClient.java:onNext(255)) - client-AC1CE418446C->edec9b8f-c318-426f-83f9-f44e945268a2: receive RaftClientReply:client-AC1CE418446C->edec9b8f-c318-426f-83f9-f44e945268a2@group-352661ED3FD5, cid=1926, SUCCESS, logIndex=2802, commits[edec9b8f-c318-426f-83f9-f44e945268a2:c2802, 02a03aee-1dd1-43c9-94ca-c76e2a537489:c2800, 9fb73170-bb25-48da-afcf-6f1f9e11598f:c2800]
2019-07-10 10:42:49,504 INFO  client.GrpcClientProtocolClient (GrpcClientProtocolClient.java:onNext(255)) - client-AC1CE418446C->edec9b8f-c318-426f-83f9-f44e945268a2: receive RaftClientReply:client-AC1CE418446C->edec9b8f-c318-426f-83f9-f44e945268a2@group-352661ED3FD5, cid=1927, SUCCESS, logIndex=2805, commits[edec9b8f-c318-426f-83f9-f44e945268a2:c2806, 02a03aee-1dd1-43c9-94ca-c76e2a537489:c2802, 9fb73170-bb25-48da-afcf-6f1f9e11598f:c2802]
2019-07-10 10:42:49,505 INFO  client.GrpcClientProtocolClient (GrpcClientProtocolClient.java:onNext(255)) - client-AC1CE418446C->edec9b8f-c318-426f-83f9-f44e945268a2: receive RaftClientReply:client-AC1CE418446C->edec9b8f-c318-426f-83f9-f44e945268a2@group-352661ED3FD5, cid=1928, SUCCESS, logIndex=2806, commits[edec9b8f-c318-426f-83f9-f44e945268a2:c2806, 02a03aee-1dd1-43c9-94ca-c76e2a537489:c2802, 9fb73170-bb25-48da-afcf-6f1f9e11598f:c2802]
2019-07-10 10:42:49,534 INFO  client.GrpcClientProtocolClient (GrpcClientProtocolClient.java:onNext(255)) - client-AC1CE418446C->edec9b8f-c318-426f-83f9-f44e945268a2: receive RaftClientReply:client-AC1CE418446C->edec9b8f-c318-426f-83f9-f44e945268a2@group-352661ED3FD5, cid=1929, SUCCESS, logIndex=0, commits[edec9b8f-c318-426f-83f9-f44e945268a2:c2808, 02a03aee-1dd1-43c9-94ca-c76e2a537489:c2806, 9fb73170-bb25-48da-afcf-6f1f9e11598f:c2806]
2019-07-10 10:42:49,565 INFO  client.GrpcClientProtocolClient (GrpcClientProtocolClient.java:onNext(255)) - client-AC1CE418446C->edec9b8f-c318-426f-83f9-f44e945268a2: receive RaftClientReply:client-AC1CE418446C->edec9b8f-c318-426f-83f9-f44e945268a2@group-352661ED3FD5, cid=1930, SUCCESS, logIndex=2809, commits[edec9b8f-c318-426f-83f9-f44e945268a2:c2810, 02a03aee-1dd1-43c9-94ca-c76e2a537489:c2808, 9fb73170-bb25-48da-afcf-6f1f9e11598f:c2808]
2019-07-10 10:42:49,566 INFO  client.GrpcClientProtocolClient (GrpcClientProtocolClient.java:onNext(255)) - client-AC1CE418446C->edec9b8f-c318-426f-83f9-f44e945268a2: receive RaftClientReply:client-AC1CE418446C->edec9b8f-c318-426f-83f9-f44e945268a2@group-352661ED3FD5, cid=1931, SUCCESS, logIndex=2810, commits[edec9b8f-c318-426f-83f9-f44e945268a2:c2810, 02a03aee-1dd1-43c9-94ca-c76e2a537489:c2808, 9fb73170-bb25-48da-afcf-6f1f9e11598f:c2808]
2019-07-10 10:42:49,574 INFO  client.GrpcClientProtocolClient (GrpcClientProtocolClient.java:onNext(255)) - client-AC1CE418446C->edec9b8f-c318-426f-83f9-f44e945268a2: receive RaftClientReply:client-AC1CE418446C->edec9b8f-c318-426f-83f9-f44e945268a2@group-352661ED3FD5, cid=1932, SUCCESS, logIndex=2811, commits[edec9b8f-c318-426f-83f9-f44e945268a2:c2812, 02a03aee-1dd1-43c9-94ca-c76e2a537489:c2808, 9fb73170-bb25-48da-afcf-6f1f9e11598f:c2808]
2019-07-10 10:42:49,574 INFO  client.GrpcClientProtocolClient (GrpcClientProtocolClient.java:onNext(255)) - client-AC1CE418446C->edec9b8f-c318-426f-83f9-f44e945268a2: receive RaftClientReply:client-AC1CE418446C->edec9b8f-c318-426f-83f9-f44e945268a2@group-352661ED3FD5, cid=1933, SUCCESS, logIndex=2812, commits[edec9b8f-c318-426f-83f9-f44e945268a2:c2812, 02a03aee-1dd1-43c9-94ca-c76e2a537489:c2808, 9fb73170-bb25-48da-afcf-6f1f9e11598f:c2808]
2019-07-10 10:42:49,589 INFO  client.GrpcClientProtocolClient (GrpcClientProtocolClient.java:onNext(255)) - client-AC1CE418446C->edec9b8f-c318-426f-83f9-f44e945268a2: receive RaftClientReply:client-AC1CE418446C->edec9b8f-c318-426f-83f9-f44e945268a2@group-352661ED3FD5, cid=1934, SUCCESS, logIndex=0, commits[edec9b8f-c318-426f-83f9-f44e945268a2:c2815, 02a03aee-1dd1-43c9-94ca-c76e2a537489:c2810, 9fb73170-bb25-48da-afcf-6f1f9e11598f:c2810]
2019-07-10 10:42:49,599 INFO  client.GrpcClientProtocolClient (GrpcClientProtocolClient.java:onNext(255)) - client-AC1CE418446C->edec9b8f-c318-426f-83f9-f44e945268a2: receive RaftClientReply:client-AC1CE418446C->edec9b8f-c318-426f-83f9-f44e945268a2@group-352661ED3FD5, cid=1935, SUCCESS, logIndex=2817, commits[edec9b8f-c318-426f-83f9-f44e945268a2:c2818, 02a03aee-1dd1-43c9-94ca-c76e2a537489:c2810, 9fb73170-bb25-48da-afcf-6f1f9e11598f:c2816]
2019-07-10 10:42:49,600 INFO  client.GrpcClientProtocolClient (GrpcClientProtocolClient.java:onNext(255)) - client-AC1CE418446C->edec9b8f-c318-426f-83f9-f44e945268a2: receive RaftClientReply:client-AC1CE418446C->edec9b8f-c318-426f-83f9-f44e945268a2@group-352661ED3FD5, cid=1936, SUCCESS, logIndex=2818, commits[edec9b8f-c318-426f-83f9-f44e945268a2:c2818, 02a03aee-1dd1-43c9-94ca-c76e2a537489:c2810, 9fb73170-bb25-48da-afcf-6f1f9e11598f:c2816]
2019-07-10 10:42:49,601 INFO  client.GrpcClientProtocolClient (GrpcClientProtocolClient.java:onNext(255)) - client-AC1CE418446C->edec9b8f-c318-426f-83f9-f44e945268a2: receive RaftClientReply:client-AC1CE418446C->edec9b8f-c318-426f-83f9-f44e945268a2@group-352661ED3FD5, cid=1937, SUCCESS, logIndex=0, commits[edec9b8f-c318-426f-83f9-f44e945268a2:c2818, 02a03aee-1dd1-43c9-94ca-c76e2a537489:c2816, 9fb73170-bb25-48da-afcf-6f1f9e11598f:c2816]
2019-07-10 10:42:49,681 INFO  client.GrpcClientProtocolClient (GrpcClientProtocolClient.java:onNext(255)) - client-AC1CE418446C->edec9b8f-c318-426f-83f9-f44e945268a2: receive RaftClientReply:client-AC1CE418446C->edec9b8f-c318-426f-83f9-f44e945268a2@group-352661ED3FD5, cid=1938, SUCCESS, logIndex=2821, commits[edec9b8f-c318-426f-83f9-f44e945268a2:c2822, 02a03aee-1dd1-43c9-94ca-c76e2a537489:c2820, 9fb73170-bb25-48da-afcf-6f1f9e11598f:c2820]
2019-07-10 10:42:49,682 INFO  client.GrpcClientProtocolClient (GrpcClientProtocolClient.java:onNext(255)) - client-AC1CE418446C->edec9b8f-c318-426f-83f9-f44e945268a2: receive RaftClientReply:client-AC1CE418446C->edec9b8f-c318-426f-83f9-f44e945268a2@group-352661ED3FD5, cid=1939, SUCCESS, logIndex=2822, commits[edec9b8f-c318-426f-83f9-f44e945268a2:c2822, 02a03aee-1dd1-43c9-94ca-c76e2a537489:c2820, 9fb73170-bb25-48da-afcf-6f1f9e11598f:c2820]
2019-07-10 10:42:49,693 INFO  client.GrpcClientProtocolClient (GrpcClientProtocolClient.java:onNext(255)) - client-AC1CE418446C->edec9b8f-c318-426f-83f9-f44e945268a2: receive RaftClientReply:client-AC1CE418446C->edec9b8f-c318-426f-83f9-f44e945268a2@group-352661ED3FD5, cid=1940, SUCCESS, logIndex=0, commits[edec9b8f-c318-426f-83f9-f44e945268a2:c2823, 02a03aee-1dd1-43c9-94ca-c76e2a537489:c2822, 9fb73170-bb25-48da-afcf-6f1f9e11598f:c2822]
2019-07-10 10:42:49,722 INFO  client.GrpcClientProtocolClient (GrpcClientProtocolClient.java:onNext(255)) - client-AC1CE418446C->edec9b8f-c318-426f-83f9-f44e945268a2: receive RaftClientReply:client-AC1CE418446C->edec9b8f-c318-426f-83f9-f44e945268a2@group-352661ED3FD5, cid=1941, SUCCESS, logIndex=2825, commits[edec9b8f-c318-426f-83f9-f44e945268a2:c2826, 02a03aee-1dd1-43c9-94ca-c76e2a537489:c2824, 9fb73170-bb25-48da-afcf-6f1f9e11598f:c2824]
2019-07-10 10:42:49,722 INFO  client.GrpcClientProtocolClient (GrpcClientProtocolClient.java:onNext(255)) - client-AC1CE418446C->edec9b8f-c318-426f-83f9-f44e945268a2: receive RaftClientReply:client-AC1CE418446C->edec9b8f-c318-426f-83f9-f44e945268a2@group-352661ED3FD5, cid=1942, SUCCESS, logIndex=2826, commits[edec9b8f-c318-426f-83f9-f44e945268a2:c2826, 02a03aee-1dd1-43c9-94ca-c76e2a537489:c2824, 9fb73170-bb25-48da-afcf-6f1f9e11598f:c2824]
2019-07-10 10:42:49,723 INFO  client.GrpcClientProtocolClient (GrpcClientProtocolClient.java:onNext(255)) - client-AC1CE418446C->edec9b8f-c318-426f-83f9-f44e945268a2: receive RaftClientReply:client-AC1CE418446C->edec9b8f-c318-426f-83f9-f44e945268a2@group-352661ED3FD5, cid=1943, SUCCESS, logIndex=2827, commits[edec9b8f-c318-426f-83f9-f44e945268a2:c2828, 02a03aee-1dd1-43c9-94ca-c76e2a537489:c2824, 9fb73170-bb25-48da-afcf-6f1f9e11598f:c2824]
2019-07-10 10:42:49,723 INFO  client.GrpcClientProtocolClient (GrpcClientProtocolClient.java:onNext(255)) - client-AC1CE418446C->edec9b8f-c318-426f-83f9-f44e945268a2: receive RaftClientReply:client-AC1CE418446C->edec9b8f-c318-426f-83f9-f44e945268a2@group-352661ED3FD5, cid=1944, SUCCESS, logIndex=2828, commits[edec9b8f-c318-426f-83f9-f44e945268a2:c2828, 02a03aee-1dd1-43c9-94ca-c76e2a537489:c2824, 9fb73170-bb25-48da-afcf-6f1f9e11598f:c2824]
2019-07-10 10:42:49,736 INFO  client.GrpcClientProtocolClient (GrpcClientProtocolClient.java:onNext(255)) - client-AC1CE418446C->edec9b8f-c318-426f-83f9-f44e945268a2: receive RaftClientReply:client-AC1CE418446C->edec9b8f-c318-426f-83f9-f44e945268a2@group-352661ED3FD5, cid=1945, SUCCESS, logIndex=0, commits[edec9b8f-c318-426f-83f9-f44e945268a2:c2830, 02a03aee-1dd1-43c9-94ca-c76e2a537489:c2826, 9fb73170-bb25-48da-afcf-6f1f9e11598f:c2826]
2019-07-10 10:42:49,757 INFO  client.GrpcClientProtocolClient (GrpcClientProtocolClient.java:onNext(255)) - client-AC1CE418446C->edec9b8f-c318-426f-83f9-f44e945268a2: receive RaftClientReply:client-AC1CE418446C->edec9b8f-c318-426f-83f9-f44e945268a2@group-352661ED3FD5, cid=1946, SUCCESS, logIndex=2833, commits[edec9b8f-c318-426f-83f9-f44e945268a2:c2834, 02a03aee-1dd1-43c9-94ca-c76e2a537489:c2832, 9fb73170-bb25-48da-afcf-6f1f9e11598f:c2832]
2019-07-10 10:42:49,758 INFO  client.GrpcClientProtocolClient (GrpcClientProtocolClient.java:onNext(255)) - client-AC1CE418446C->edec9b8f-c318-426f-83f9-f44e945268a2: receive RaftClientReply:client-AC1CE418446C->edec9b8f-c318-426f-83f9-f44e945268a2@group-352661ED3FD5, cid=1947, SUCCESS, logIndex=2834, commits[edec9b8f-c318-426f-83f9-f44e945268a2:c2834, 02a03aee-1dd1-43c9-94ca-c76e2a537489:c2832, 9fb73170-bb25-48da-afcf-6f1f9e11598f:c2832]
2019-07-10 10:42:49,784 INFO  client.GrpcClientProtocolClient (GrpcClientProtocolClient.java:onNext(255)) - client-AC1CE418446C->edec9b8f-c318-426f-83f9-f44e945268a2: receive RaftClientReply:client-AC1CE418446C->edec9b8f-c318-426f-83f9-f44e945268a2@group-352661ED3FD5, cid=1948, SUCCESS, logIndex=2837, commits[edec9b8f-c318-426f-83f9-f44e945268a2:c2838, 02a03aee-1dd1-43c9-94ca-c76e2a537489:c2834, 9fb73170-bb25-48da-afcf-6f1f9e11598f:c2834]
2019-07-10 10:42:49,784 INFO  client.GrpcClientProtocolClient (GrpcClientProtocolClient.java:onNext(255)) - client-AC1CE418446C->edec9b8f-c318-426f-83f9-f44e945268a2: receive RaftClientReply:client-AC1CE418446C->edec9b8f-c318-426f-83f9-f44e945268a2@group-352661ED3FD5, cid=1949, SUCCESS, logIndex=2838, commits[edec9b8f-c318-426f-83f9-f44e945268a2:c2838, 02a03aee-1dd1-43c9-94ca-c76e2a537489:c2834, 9fb73170-bb25-48da-afcf-6f1f9e11598f:c2834]
2019-07-10 10:42:49,797 INFO  client.GrpcClientProtocolClient (GrpcClientProtocolClient.java:onNext(255)) - client-AC1CE418446C->edec9b8f-c318-426f-83f9-f44e945268a2: receive RaftClientReply:client-AC1CE418446C->edec9b8f-c318-426f-83f9-f44e945268a2@group-352661ED3FD5, cid=1950, SUCCESS, logIndex=0, commits[edec9b8f-c318-426f-83f9-f44e945268a2:c2839, 02a03aee-1dd1-43c9-94ca-c76e2a537489:c2838, 9fb73170-bb25-48da-afcf-6f1f9e11598f:c2838]
2019-07-10 10:42:49,822 INFO  client.GrpcClientProtocolClient (GrpcClientProtocolClient.java:onNext(255)) - client-AC1CE418446C->edec9b8f-c318-426f-83f9-f44e945268a2: receive RaftClientReply:client-AC1CE418446C->edec9b8f-c318-426f-83f9-f44e945268a2@group-352661ED3FD5, cid=1951, SUCCESS, logIndex=2841, commits[edec9b8f-c318-426f-83f9-f44e945268a2:c2842, 02a03aee-1dd1-43c9-94ca-c76e2a537489:c2840, 9fb73170-bb25-48da-afcf-6f1f9e11598f:c2840]
2019-07-10 10:42:49,822 INFO  client.GrpcClientProtocolClient (GrpcClientProtocolClient.java:onNext(255)) - client-AC1CE418446C->edec9b8f-c318-426f-83f9-f44e945268a2: receive RaftClientReply:client-AC1CE418446C->edec9b8f-c318-426f-83f9-f44e945268a2@group-352661ED3FD5, cid=1952, SUCCESS, logIndex=2842, commits[edec9b8f-c318-426f-83f9-f44e945268a2:c2842, 02a03aee-1dd1-43c9-94ca-c76e2a537489:c2840, 9fb73170-bb25-48da-afcf-6f1f9e11598f:c2840]
2019-07-10 10:42:49,823 INFO  client.GrpcClientProtocolClient (GrpcClientProtocolClient.java:onNext(255)) - client-AC1CE418446C->edec9b8f-c318-426f-83f9-f44e945268a2: receive RaftClientReply:client-AC1CE418446C->edec9b8f-c318-426f-83f9-f44e945268a2@group-352661ED3FD5, cid=1953, SUCCESS, logIndex=2843, commits[edec9b8f-c318-426f-83f9-f44e945268a2:c2844, 02a03aee-1dd1-43c9-94ca-c76e2a537489:c2840, 9fb73170-bb25-48da-afcf-6f1f9e11598f:c2840]
2019-07-10 10:42:49,823 INFO  client.GrpcClientProtocolClient (GrpcClientProtocolClient.java:onNext(255)) - client-AC1CE418446C->edec9b8f-c318-426f-83f9-f44e945268a2: receive RaftClientReply:client-AC1CE418446C->edec9b8f-c318-426f-83f9-f44e945268a2@group-352661ED3FD5, cid=1954, SUCCESS, logIndex=2844, commits[edec9b8f-c318-426f-83f9-f44e945268a2:c2844, 02a03aee-1dd1-43c9-94ca-c76e2a537489:c2840, 9fb73170-bb25-48da-afcf-6f1f9e11598f:c2840]
2019-07-10 10:42:49,838 INFO  client.GrpcClientProtocolClient (GrpcClientProtocolClient.java:onNext(255)) - client-AC1CE418446C->edec9b8f-c318-426f-83f9-f44e945268a2: receive RaftClientReply:client-AC1CE418446C->edec9b8f-c318-426f-83f9-f44e945268a2@group-352661ED3FD5, cid=1955, SUCCESS, logIndex=0, commits[edec9b8f-c318-426f-83f9-f44e945268a2:c2846, 02a03aee-1dd1-43c9-94ca-c76e2a537489:c2842, 9fb73170-bb25-48da-afcf-6f1f9e11598f:c2842]
 0.00% |█                                                                                                    |  0/1 Time: 0:00:162019-07-10 10:42:50,347 INFO  client.GrpcClientProtocolClient (GrpcClientProtocolClient.java:onNext(255)) - client-AC1CE418446C->edec9b8f-c318-426f-83f9-f44e945268a2: receive RaftClientReply:client-AC1CE418446C->edec9b8f-c318-426f-83f9-f44e945268a2@group-352661ED3FD5, cid=1956, SUCCESS, logIndex=2849, commits[edec9b8f-c318-426f-83f9-f44e945268a2:c2850, 02a03aee-1dd1-43c9-94ca-c76e2a537489:c2848, 9fb73170-bb25-48da-afcf-6f1f9e11598f:c2848]
2019-07-10 10:42:50,348 INFO  client.GrpcClientProtocolClient (GrpcClientProtocolClient.java:onNext(255)) - client-AC1CE418446C->edec9b8f-c318-426f-83f9-f44e945268a2: receive RaftClientReply:client-AC1CE418446C->edec9b8f-c318-426f-83f9-f44e945268a2@group-352661ED3FD5, cid=1957, SUCCESS, logIndex=2850, commits[edec9b8f-c318-426f-83f9-f44e945268a2:c2850, 02a03aee-1dd1-43c9-94ca-c76e2a537489:c2848, 9fb73170-bb25-48da-afcf-6f1f9e11598f:c2848]
2019-07-10 10:42:50,372 INFO  client.GrpcClientProtocolClient (GrpcClientProtocolClient.java:onNext(255)) - client-AC1CE418446C->edec9b8f-c318-426f-83f9-f44e945268a2: receive RaftClientReply:client-AC1CE418446C->edec9b8f-c318-426f-83f9-f44e945268a2@group-352661ED3FD5, cid=1958, SUCCESS, logIndex=2853, commits[edec9b8f-c318-426f-83f9-f44e945268a2:c2854, 02a03aee-1dd1-43c9-94ca-c76e2a537489:c2850, 9fb73170-bb25-48da-afcf-6f1f9e11598f:c2850]
2019-07-10 10:42:50,372 INFO  client.GrpcClientProtocolClient (GrpcClientProtocolClient.java:onNext(255)) - client-AC1CE418446C->edec9b8f-c318-426f-83f9-f44e945268a2: receive RaftClientReply:client-AC1CE418446C->edec9b8f-c318-426f-83f9-f44e945268a2@group-352661ED3FD5, cid=1959, SUCCESS, logIndex=2854, commits[edec9b8f-c318-426f-83f9-f44e945268a2:c2854, 02a03aee-1dd1-43c9-94ca-c76e2a537489:c2850, 9fb73170-bb25-48da-afcf-6f1f9e11598f:c2850]
2019-07-10 10:42:50,375 INFO  client.GrpcClientProtocolClient (GrpcClientProtocolClient.java:onNext(255)) - client-AC1CE418446C->edec9b8f-c318-426f-83f9-f44e945268a2: receive RaftClientReply:client-AC1CE418446C->edec9b8f-c318-426f-83f9-f44e945268a2@group-352661ED3FD5, cid=1960, SUCCESS, logIndex=0, commits[edec9b8f-c318-426f-83f9-f44e945268a2:c2855, 02a03aee-1dd1-43c9-94ca-c76e2a537489:c2854, 9fb73170-bb25-48da-afcf-6f1f9e11598f:c2854]
2019-07-10 10:42:50,405 INFO  client.GrpcClientProtocolClient (GrpcClientProtocolClient.java:onNext(255)) - client-AC1CE418446C->edec9b8f-c318-426f-83f9-f44e945268a2: receive RaftClientReply:client-AC1CE418446C->edec9b8f-c318-426f-83f9-f44e945268a2@group-352661ED3FD5, cid=1961, SUCCESS, logIndex=2857, commits[edec9b8f-c318-426f-83f9-f44e945268a2:c2858, 02a03aee-1dd1-43c9-94ca-c76e2a537489:c2856, 9fb73170-bb25-48da-afcf-6f1f9e11598f:c2856]
2019-07-10 10:42:50,405 INFO  client.GrpcClientProtocolClient (GrpcClientProtocolClient.java:onNext(255)) - client-AC1CE418446C->edec9b8f-c318-426f-83f9-f44e945268a2: receive RaftClientReply:client-AC1CE418446C->edec9b8f-c318-426f-83f9-f44e945268a2@group-352661ED3FD5, cid=1962, SUCCESS, logIndex=2858, commits[edec9b8f-c318-426f-83f9-f44e945268a2:c2860, 02a03aee-1dd1-43c9-94ca-c76e2a537489:c2856, 9fb73170-bb25-48da-afcf-6f1f9e11598f:c2856]
2019-07-10 10:42:50,406 INFO  client.GrpcClientProtocolClient (GrpcClientProtocolClient.java:onNext(255)) - client-AC1CE418446C->edec9b8f-c318-426f-83f9-f44e945268a2: receive RaftClientReply:client-AC1CE418446C->edec9b8f-c318-426f-83f9-f44e945268a2@group-352661ED3FD5, cid=1963, SUCCESS, logIndex=2859, commits[edec9b8f-c318-426f-83f9-f44e945268a2:c2860, 02a03aee-1dd1-43c9-94ca-c76e2a537489:c2856, 9fb73170-bb25-48da-afcf-6f1f9e11598f:c2856]
2019-07-10 10:42:50,406 INFO  client.GrpcClientProtocolClient (GrpcClientProtocolClient.java:onNext(255)) - client-AC1CE418446C->edec9b8f-c318-426f-83f9-f44e945268a2: receive RaftClientReply:client-AC1CE418446C->edec9b8f-c318-426f-83f9-f44e945268a2@group-352661ED3FD5, cid=1964, SUCCESS, logIndex=2860, commits[edec9b8f-c318-426f-83f9-f44e945268a2:c2860, 02a03aee-1dd1-43c9-94ca-c76e2a537489:c2856, 9fb73170-bb25-48da-afcf-6f1f9e11598f:c2856]
2019-07-10 10:42:50,419 INFO  client.GrpcClientProtocolClient (GrpcClientProtocolClient.java:onNext(255)) - client-AC1CE418446C->edec9b8f-c318-426f-83f9-f44e945268a2: receive RaftClientReply:client-AC1CE418446C->edec9b8f-c318-426f-83f9-f44e945268a2@group-352661ED3FD5, cid=1965, SUCCESS, logIndex=0, commits[edec9b8f-c318-426f-83f9-f44e945268a2:c2862, 02a03aee-1dd1-43c9-94ca-c76e2a537489:c2858, 9fb73170-bb25-48da-afcf-6f1f9e11598f:c2858]
2019-07-10 10:42:50,440 INFO  client.GrpcClientProtocolClient (GrpcClientProtocolClient.java:onNext(255)) - client-AC1CE418446C->edec9b8f-c318-426f-83f9-f44e945268a2: receive RaftClientReply:client-AC1CE418446C->edec9b8f-c318-426f-83f9-f44e945268a2@group-352661ED3FD5, cid=1966, SUCCESS, logIndex=2865, commits[edec9b8f-c318-426f-83f9-f44e945268a2:c2866, 02a03aee-1dd1-43c9-94ca-c76e2a537489:c2864, 9fb73170-bb25-48da-afcf-6f1f9e11598f:c2864]
2019-07-10 10:42:50,440 INFO  client.GrpcClientProtocolClient (GrpcClientProtocolClient.java:onNext(255)) - client-AC1CE418446C->edec9b8f-c318-426f-83f9-f44e945268a2: receive RaftClientReply:client-AC1CE418446C->edec9b8f-c318-426f-83f9-f44e945268a2@group-352661ED3FD5, cid=1967, SUCCESS, logIndex=2866, commits[edec9b8f-c318-426f-83f9-f44e945268a2:c2866, 02a03aee-1dd1-43c9-94ca-c76e2a537489:c2864, 9fb73170-bb25-48da-afcf-6f1f9e11598f:c2864]
2019-07-10 10:42:50,453 INFO  client.GrpcClientProtocolClient (GrpcClientProtocolClient.java:onNext(255)) - client-AC1CE418446C->edec9b8f-c318-426f-83f9-f44e945268a2: receive RaftClientReply:client-AC1CE418446C->edec9b8f-c318-426f-83f9-f44e945268a2@group-352661ED3FD5, cid=1968, SUCCESS, logIndex=2869, commits[edec9b8f-c318-426f-83f9-f44e945268a2:c2870, 02a03aee-1dd1-43c9-94ca-c76e2a537489:c2866, 9fb73170-bb25-48da-afcf-6f1f9e11598f:c2866]
2019-07-10 10:42:50,453 INFO  client.GrpcClientProtocolClient (GrpcClientProtocolClient.java:onNext(255)) - client-AC1CE418446C->edec9b8f-c318-426f-83f9-f44e945268a2: receive RaftClientReply:client-AC1CE418446C->edec9b8f-c318-426f-83f9-f44e945268a2@group-352661ED3FD5, cid=1969, SUCCESS, logIndex=2870, commits[edec9b8f-c318-426f-83f9-f44e945268a2:c2870, 02a03aee-1dd1-43c9-94ca-c76e2a537489:c2866, 9fb73170-bb25-48da-afcf-6f1f9e11598f:c2866]
2019-07-10 10:42:50,456 INFO  client.GrpcClientProtocolClient (GrpcClientProtocolClient.java:onNext(255)) - client-AC1CE418446C->edec9b8f-c318-426f-83f9-f44e945268a2: receive RaftClientReply:client-AC1CE418446C->edec9b8f-c318-426f-83f9-f44e945268a2@group-352661ED3FD5, cid=1970, SUCCESS, logIndex=0, commits[edec9b8f-c318-426f-83f9-f44e945268a2:c2872, 02a03aee-1dd1-43c9-94ca-c76e2a537489:c2870, 9fb73170-bb25-48da-afcf-6f1f9e11598f:c2870]
2019-07-10 10:42:50,479 INFO  client.GrpcClientProtocolClient (GrpcClientProtocolClient.java:onNext(255)) - client-AC1CE418446C->edec9b8f-c318-426f-83f9-f44e945268a2: receive RaftClientReply:client-AC1CE418446C->edec9b8f-c318-426f-83f9-f44e945268a2@group-352661ED3FD5, cid=1971, SUCCESS, logIndex=2873, commits[edec9b8f-c318-426f-83f9-f44e945268a2:c2874, 02a03aee-1dd1-43c9-94ca-c76e2a537489:c2872, 9fb73170-bb25-48da-afcf-6f1f9e11598f:c2872]
2019-07-10 10:42:50,480 INFO  client.GrpcClientProtocolClient (GrpcClientProtocolClient.java:onNext(255)) - client-AC1CE418446C->edec9b8f-c318-426f-83f9-f44e945268a2: receive RaftClientReply:client-AC1CE418446C->edec9b8f-c318-426f-83f9-f44e945268a2@group-352661ED3FD5, cid=1972, SUCCESS, logIndex=2874, commits[edec9b8f-c318-426f-83f9-f44e945268a2:c2874, 02a03aee-1dd1-43c9-94ca-c76e2a537489:c2872, 9fb73170-bb25-48da-afcf-6f1f9e11598f:c2872]
2019-07-10 10:42:50,480 INFO  client.GrpcClientProtocolClient (GrpcClientProtocolClient.java:onNext(255)) - client-AC1CE418446C->edec9b8f-c318-426f-83f9-f44e945268a2: receive RaftClientReply:client-AC1CE418446C->edec9b8f-c318-426f-83f9-f44e945268a2@group-352661ED3FD5, cid=1973, SUCCESS, logIndex=2875, commits[edec9b8f-c318-426f-83f9-f44e945268a2:c2876, 02a03aee-1dd1-43c9-94ca-c76e2a537489:c2872, 9fb73170-bb25-48da-afcf-6f1f9e11598f:c2872]
2019-07-10 10:42:50,481 INFO  client.GrpcClientProtocolClient (GrpcClientProtocolClient.java:onNext(255)) - client-AC1CE418446C->edec9b8f-c318-426f-83f9-f44e945268a2: receive RaftClientReply:client-AC1CE418446C->edec9b8f-c318-426f-83f9-f44e945268a2@group-352661ED3FD5, cid=1974, SUCCESS, logIndex=2876, commits[edec9b8f-c318-426f-83f9-f44e945268a2:c2876, 02a03aee-1dd1-43c9-94ca-c76e2a537489:c2872, 9fb73170-bb25-48da-afcf-6f1f9e11598f:c2872]
2019-07-10 10:42:50,493 INFO  client.GrpcClientProtocolClient (GrpcClientProtocolClient.java:onNext(255)) - client-AC1CE418446C->edec9b8f-c318-426f-83f9-f44e945268a2: receive RaftClientReply:client-AC1CE418446C->edec9b8f-c318-426f-83f9-f44e945268a2@group-352661ED3FD5, cid=1975, SUCCESS, logIndex=0, commits[edec9b8f-c318-426f-83f9-f44e945268a2:c2878, 02a03aee-1dd1-43c9-94ca-c76e2a537489:c2874, 9fb73170-bb25-48da-afcf-6f1f9e11598f:c2874]
2019-07-10 10:42:50,507 INFO  client.GrpcClientProtocolClient (GrpcClientProtocolClient.java:onNext(255)) - client-AC1CE418446C->edec9b8f-c318-426f-83f9-f44e945268a2: receive RaftClientReply:client-AC1CE418446C->edec9b8f-c318-426f-83f9-f44e945268a2@group-352661ED3FD5, cid=1976, SUCCESS, logIndex=2881, commits[edec9b8f-c318-426f-83f9-f44e945268a2:c2882, 02a03aee-1dd1-43c9-94ca-c76e2a537489:c2880, 9fb73170-bb25-48da-afcf-6f1f9e11598f:c2880]
2019-07-10 10:42:50,508 INFO  client.GrpcClientProtocolClient (GrpcClientProtocolClient.java:onNext(255)) - client-AC1CE418446C->edec9b8f-c318-426f-83f9-f44e945268a2: receive RaftClientReply:client-AC1CE418446C->edec9b8f-c318-426f-83f9-f44e945268a2@group-352661ED3FD5, cid=1977, SUCCESS, logIndex=2882, commits[edec9b8f-c318-426f-83f9-f44e945268a2:c2882, 02a03aee-1dd1-43c9-94ca-c76e2a537489:c2880, 9fb73170-bb25-48da-afcf-6f1f9e11598f:c2880]
2019-07-10 10:42:50,538 INFO  client.GrpcClientProtocolClient (GrpcClientProtocolClient.java:onNext(255)) - client-AC1CE418446C->edec9b8f-c318-426f-83f9-f44e945268a2: receive RaftClientReply:client-AC1CE418446C->edec9b8f-c318-426f-83f9-f44e945268a2@group-352661ED3FD5, cid=1978, SUCCESS, logIndex=2885, commits[edec9b8f-c318-426f-83f9-f44e945268a2:c2886, 02a03aee-1dd1-43c9-94ca-c76e2a537489:c2882, 9fb73170-bb25-48da-afcf-6f1f9e11598f:c2882]
2019-07-10 10:42:50,538 INFO  client.GrpcClientProtocolClient (GrpcClientProtocolClient.java:onNext(255)) - client-AC1CE418446C->edec9b8f-c318-426f-83f9-f44e945268a2: receive RaftClientReply:client-AC1CE418446C->edec9b8f-c318-426f-83f9-f44e945268a2@group-352661ED3FD5, cid=1979, SUCCESS, logIndex=2886, commits[edec9b8f-c318-426f-83f9-f44e945268a2:c2886, 02a03aee-1dd1-43c9-94ca-c76e2a537489:c2882, 9fb73170-bb25-48da-afcf-6f1f9e11598f:c2882]
2019-07-10 10:42:50,549 INFO  client.GrpcClientProtocolClient (GrpcClientProtocolClient.java:onNext(255)) - client-AC1CE418446C->edec9b8f-c318-426f-83f9-f44e945268a2: receive RaftClientReply:client-AC1CE418446C->edec9b8f-c318-426f-83f9-f44e945268a2@group-352661ED3FD5, cid=1980, SUCCESS, logIndex=0, commits[edec9b8f-c318-426f-83f9-f44e945268a2:c2887, 02a03aee-1dd1-43c9-94ca-c76e2a537489:c2886, 9fb73170-bb25-48da-afcf-6f1f9e11598f:c2886]
2019-07-10 10:42:50,576 INFO  client.GrpcClientProtocolClient (GrpcClientProtocolClient.java:onNext(255)) - client-AC1CE418446C->edec9b8f-c318-426f-83f9-f44e945268a2: receive RaftClientReply:client-AC1CE418446C->edec9b8f-c318-426f-83f9-f44e945268a2@group-352661ED3FD5, cid=1981, SUCCESS, logIndex=2889, commits[edec9b8f-c318-426f-83f9-f44e945268a2:c2891, 02a03aee-1dd1-43c9-94ca-c76e2a537489:c2888, 9fb73170-bb25-48da-afcf-6f1f9e11598f:c2888]
2019-07-10 10:42:50,577 INFO  client.GrpcClientProtocolClient (GrpcClientProtocolClient.java:onNext(255)) - client-AC1CE418446C->edec9b8f-c318-426f-83f9-f44e945268a2: receive RaftClientReply:client-AC1CE418446C->edec9b8f-c318-426f-83f9-f44e945268a2@group-352661ED3FD5, cid=1982, SUCCESS, logIndex=2890, commits[edec9b8f-c318-426f-83f9-f44e945268a2:c2892, 02a03aee-1dd1-43c9-94ca-c76e2a537489:c2888, 9fb73170-bb25-48da-afcf-6f1f9e11598f:c2888]
2019-07-10 10:42:50,577 INFO  client.GrpcClientProtocolClient (GrpcClientProtocolClient.java:onNext(255)) - client-AC1CE418446C->edec9b8f-c318-426f-83f9-f44e945268a2: receive RaftClientReply:client-AC1CE418446C->edec9b8f-c318-426f-83f9-f44e945268a2@group-352661ED3FD5, cid=1983, SUCCESS, logIndex=2891, commits[edec9b8f-c318-426f-83f9-f44e945268a2:c2892, 02a03aee-1dd1-43c9-94ca-c76e2a537489:c2888, 9fb73170-bb25-48da-afcf-6f1f9e11598f:c2888]
2019-07-10 10:42:50,577 INFO  client.GrpcClientProtocolClient (GrpcClientProtocolClient.java:onNext(255)) - client-AC1CE418446C->edec9b8f-c318-426f-83f9-f44e945268a2: receive RaftClientReply:client-AC1CE418446C->edec9b8f-c318-426f-83f9-f44e945268a2@group-352661ED3FD5, cid=1984, SUCCESS, logIndex=2892, commits[edec9b8f-c318-426f-83f9-f44e945268a2:c2892, 02a03aee-1dd1-43c9-94ca-c76e2a537489:c2888, 9fb73170-bb25-48da-afcf-6f1f9e11598f:c2888]
2019-07-10 10:42:50,591 INFO  client.GrpcClientProtocolClient (GrpcClientProtocolClient.java:onNext(255)) - client-AC1CE418446C->edec9b8f-c318-426f-83f9-f44e945268a2: receive RaftClientReply:client-AC1CE418446C->edec9b8f-c318-426f-83f9-f44e945268a2@group-352661ED3FD5, cid=1985, SUCCESS, logIndex=0, commits[edec9b8f-c318-426f-83f9-f44e945268a2:c2895, 02a03aee-1dd1-43c9-94ca-c76e2a537489:c2891, 9fb73170-bb25-48da-afcf-6f1f9e11598f:c2890]
2019-07-10 10:42:50,611 INFO  client.GrpcClientProtocolClient (GrpcClientProtocolClient.java:onNext(255)) - client-AC1CE418446C->edec9b8f-c318-426f-83f9-f44e945268a2: receive RaftClientReply:client-AC1CE418446C->edec9b8f-c318-426f-83f9-f44e945268a2@group-352661ED3FD5, cid=1986, SUCCESS, logIndex=2897, commits[edec9b8f-c318-426f-83f9-f44e945268a2:c2898, 02a03aee-1dd1-43c9-94ca-c76e2a537489:c2896, 9fb73170-bb25-48da-afcf-6f1f9e11598f:c2896]
2019-07-10 10:42:50,611 INFO  client.GrpcClientProtocolClient (GrpcClientProtocolClient.java:onNext(255)) - client-AC1CE418446C->edec9b8f-c318-426f-83f9-f44e945268a2: receive RaftClientReply:client-AC1CE418446C->edec9b8f-c318-426f-83f9-f44e945268a2@group-352661ED3FD5, cid=1987, SUCCESS, logIndex=2898, commits[edec9b8f-c318-426f-83f9-f44e945268a2:c2898, 02a03aee-1dd1-43c9-94ca-c76e2a537489:c2896, 9fb73170-bb25-48da-afcf-6f1f9e11598f:c2896]
2019-07-10 10:42:50,636 INFO  client.GrpcClientProtocolClient (GrpcClientProtocolClient.java:onNext(255)) - client-AC1CE418446C->edec9b8f-c318-426f-83f9-f44e945268a2: receive RaftClientReply:client-AC1CE418446C->edec9b8f-c318-426f-83f9-f44e945268a2@group-352661ED3FD5, cid=1988, SUCCESS, logIndex=2901, commits[edec9b8f-c318-426f-83f9-f44e945268a2:c2902, 02a03aee-1dd1-43c9-94ca-c76e2a537489:c2898, 9fb73170-bb25-48da-afcf-6f1f9e11598f:c2898]
2019-07-10 10:42:50,637 INFO  client.GrpcClientProtocolClient (GrpcClientProtocolClient.java:onNext(255)) - client-AC1CE418446C->edec9b8f-c318-426f-83f9-f44e945268a2: receive RaftClientReply:client-AC1CE418446C->edec9b8f-c318-426f-83f9-f44e945268a2@group-352661ED3FD5, cid=1989, SUCCESS, logIndex=2902, commits[edec9b8f-c318-426f-83f9-f44e945268a2:c2902, 02a03aee-1dd1-43c9-94ca-c76e2a537489:c2898, 9fb73170-bb25-48da-afcf-6f1f9e11598f:c2898]
2019-07-10 10:42:50,651 INFO  client.GrpcClientProtocolClient (GrpcClientProtocolClient.java:onNext(255)) - client-AC1CE418446C->edec9b8f-c318-426f-83f9-f44e945268a2: receive RaftClientReply:client-AC1CE418446C->edec9b8f-c318-426f-83f9-f44e945268a2@group-352661ED3FD5, cid=1990, SUCCESS, logIndex=0, commits[edec9b8f-c318-426f-83f9-f44e945268a2:c2903, 02a03aee-1dd1-43c9-94ca-c76e2a537489:c2902, 9fb73170-bb25-48da-afcf-6f1f9e11598f:c2902]
2019-07-10 10:42:50,682 INFO  client.GrpcClientProtocolClient (GrpcClientProtocolClient.java:onNext(255)) - client-AC1CE418446C->edec9b8f-c318-426f-83f9-f44e945268a2: receive RaftClientReply:client-AC1CE418446C->edec9b8f-c318-426f-83f9-f44e945268a2@group-352661ED3FD5, cid=1991, SUCCESS, logIndex=2905, commits[edec9b8f-c318-426f-83f9-f44e945268a2:c2906, 02a03aee-1dd1-43c9-94ca-c76e2a537489:c2904, 9fb73170-bb25-48da-afcf-6f1f9e11598f:c2904]
2019-07-10 10:42:50,683 INFO  client.GrpcClientProtocolClient (GrpcClientProtocolClient.java:onNext(255)) - client-AC1CE418446C->edec9b8f-c318-426f-83f9-f44e945268a2: receive RaftClientReply:client-AC1CE418446C->edec9b8f-c318-426f-83f9-f44e945268a2@group-352661ED3FD5, cid=1992, SUCCESS, logIndex=2906, commits[edec9b8f-c318-426f-83f9-f44e945268a2:c2908, 02a03aee-1dd1-43c9-94ca-c76e2a537489:c2904, 9fb73170-bb25-48da-afcf-6f1f9e11598f:c2904]
2019-07-10 10:42:50,683 INFO  client.GrpcClientProtocolClient (GrpcClientProtocolClient.java:onNext(255)) - client-AC1CE418446C->edec9b8f-c318-426f-83f9-f44e945268a2: receive RaftClientReply:client-AC1CE418446C->edec9b8f-c318-426f-83f9-f44e945268a2@group-352661ED3FD5, cid=1993, SUCCESS, logIndex=2907, commits[edec9b8f-c318-426f-83f9-f44e945268a2:c2908, 02a03aee-1dd1-43c9-94ca-c76e2a537489:c2904, 9fb73170-bb25-48da-afcf-6f1f9e11598f:c2904]
2019-07-10 10:42:50,683 INFO  client.GrpcClientProtocolClient (GrpcClientProtocolClient.java:onNext(255)) - client-AC1CE418446C->edec9b8f-c318-426f-83f9-f44e945268a2: receive RaftClientReply:client-AC1CE418446C->edec9b8f-c318-426f-83f9-f44e945268a2@group-352661ED3FD5, cid=1994, SUCCESS, logIndex=2908, commits[edec9b8f-c318-426f-83f9-f44e945268a2:c2908, 02a03aee-1dd1-43c9-94ca-c76e2a537489:c2904, 9fb73170-bb25-48da-afcf-6f1f9e11598f:c2904]
2019-07-10 10:42:50,699 INFO  client.GrpcClientProtocolClient (GrpcClientProtocolClient.java:onNext(255)) - client-AC1CE418446C->edec9b8f-c318-426f-83f9-f44e945268a2: receive RaftClientReply:client-AC1CE418446C->edec9b8f-c318-426f-83f9-f44e945268a2@group-352661ED3FD5, cid=1995, SUCCESS, logIndex=0, commits[edec9b8f-c318-426f-83f9-f44e945268a2:c2911, 02a03aee-1dd1-43c9-94ca-c76e2a537489:c2906, 9fb73170-bb25-48da-afcf-6f1f9e11598f:c2907]
2019-07-10 10:42:50,732 INFO  client.GrpcClientProtocolClient (GrpcClientProtocolClient.java:onNext(255)) - client-AC1CE418446C->edec9b8f-c318-426f-83f9-f44e945268a2: receive RaftClientReply:client-AC1CE418446C->edec9b8f-c318-426f-83f9-f44e945268a2@group-352661ED3FD5, cid=1996, SUCCESS, logIndex=2913, commits[edec9b8f-c318-426f-83f9-f44e945268a2:c2914, 02a03aee-1dd1-43c9-94ca-c76e2a537489:c2908, 9fb73170-bb25-48da-afcf-6f1f9e11598f:c2912]
2019-07-10 10:42:50,733 INFO  client.GrpcClientProtocolClient (GrpcClientProtocolClient.java:onNext(255)) - client-AC1CE418446C->edec9b8f-c318-426f-83f9-f44e945268a2: receive RaftClientReply:client-AC1CE418446C->edec9b8f-c318-426f-83f9-f44e945268a2@group-352661ED3FD5, cid=1997, SUCCESS, logIndex=2914, commits[edec9b8f-c318-426f-83f9-f44e945268a2:c2914, 02a03aee-1dd1-43c9-94ca-c76e2a537489:c2912, 9fb73170-bb25-48da-afcf-6f1f9e11598f:c2912]
2019-07-10 10:42:50,745 INFO  client.GrpcClientProtocolClient (GrpcClientProtocolClient.java:onNext(255)) - client-AC1CE418446C->edec9b8f-c318-426f-83f9-f44e945268a2: receive RaftClientReply:client-AC1CE418446C->edec9b8f-c318-426f-83f9-f44e945268a2@group-352661ED3FD5, cid=1998, SUCCESS, logIndex=2917, commits[edec9b8f-c318-426f-83f9-f44e945268a2:c2918, 02a03aee-1dd1-43c9-94ca-c76e2a537489:c2914, 9fb73170-bb25-48da-afcf-6f1f9e11598f:c2914]
2019-07-10 10:42:50,745 INFO  client.GrpcClientProtocolClient (GrpcClientProtocolClient.java:onNext(255)) - client-AC1CE418446C->edec9b8f-c318-426f-83f9-f44e945268a2: receive RaftClientReply:client-AC1CE418446C->edec9b8f-c318-426f-83f9-f44e945268a2@group-352661ED3FD5, cid=1999, SUCCESS, logIndex=2918, commits[edec9b8f-c318-426f-83f9-f44e945268a2:c2918, 02a03aee-1dd1-43c9-94ca-c76e2a537489:c2914, 9fb73170-bb25-48da-afcf-6f1f9e11598f:c2914]
2019-07-10 10:42:50,760 INFO  client.GrpcClientProtocolClient (GrpcClientProtocolClient.java:onNext(255)) - client-AC1CE418446C->edec9b8f-c318-426f-83f9-f44e945268a2: receive RaftClientReply:client-AC1CE418446C->edec9b8f-c318-426f-83f9-f44e945268a2@group-352661ED3FD5, cid=2000, SUCCESS, logIndex=0, commits[edec9b8f-c318-426f-83f9-f44e945268a2:c2920, 02a03aee-1dd1-43c9-94ca-c76e2a537489:c2918, 9fb73170-bb25-48da-afcf-6f1f9e11598f:c2918]
2019-07-10 10:42:50,795 INFO  client.GrpcClientProtocolClient (GrpcClientProtocolClient.java:onNext(255)) - client-AC1CE418446C->edec9b8f-c318-426f-83f9-f44e945268a2: receive RaftClientReply:client-AC1CE418446C->edec9b8f-c318-426f-83f9-f44e945268a2@group-352661ED3FD5, cid=2001, SUCCESS, logIndex=2921, commits[edec9b8f-c318-426f-83f9-f44e945268a2:c2922, 02a03aee-1dd1-43c9-94ca-c76e2a537489:c2920, 9fb73170-bb25-48da-afcf-6f1f9e11598f:c2920]
2019-07-10 10:42:50,795 INFO  client.GrpcClientProtocolClient (GrpcClientProtocolClient.java:onNext(255)) - client-AC1CE418446C->edec9b8f-c318-426f-83f9-f44e945268a2: receive RaftClientReply:client-AC1CE418446C->edec9b8f-c318-426f-83f9-f44e945268a2@group-352661ED3FD5, cid=2002, SUCCESS, logIndex=2922, commits[edec9b8f-c318-426f-83f9-f44e945268a2:c2924, 02a03aee-1dd1-43c9-94ca-c76e2a537489:c2920, 9fb73170-bb25-48da-afcf-6f1f9e11598f:c2920]
2019-07-10 10:42:50,796 INFO  client.GrpcClientProtocolClient (GrpcClientProtocolClient.java:onNext(255)) - client-AC1CE418446C->edec9b8f-c318-426f-83f9-f44e945268a2: receive RaftClientReply:client-AC1CE418446C->edec9b8f-c318-426f-83f9-f44e945268a2@group-352661ED3FD5, cid=2003, SUCCESS, logIndex=2923, commits[edec9b8f-c318-426f-83f9-f44e945268a2:c2924, 02a03aee-1dd1-43c9-94ca-c76e2a537489:c2920, 9fb73170-bb25-48da-afcf-6f1f9e11598f:c2920]
2019-07-10 10:42:50,796 INFO  client.GrpcClientProtocolClient (GrpcClientProtocolClient.java:onNext(255)) - client-AC1CE418446C->edec9b8f-c318-426f-83f9-f44e945268a2: receive RaftClientReply:client-AC1CE418446C->edec9b8f-c318-426f-83f9-f44e945268a2@group-352661ED3FD5, cid=2004, SUCCESS, logIndex=2924, commits[edec9b8f-c318-426f-83f9-f44e945268a2:c2924, 02a03aee-1dd1-43c9-94ca-c76e2a537489:c2920, 9fb73170-bb25-48da-afcf-6f1f9e11598f:c2920]
2019-07-10 10:42:50,807 INFO  client.GrpcClientProtocolClient (GrpcClientProtocolClient.java:onNext(255)) - client-AC1CE418446C->edec9b8f-c318-426f-83f9-f44e945268a2: receive RaftClientReply:client-AC1CE418446C->edec9b8f-c318-426f-83f9-f44e945268a2@group-352661ED3FD5, cid=2005, SUCCESS, logIndex=0, commits[edec9b8f-c318-426f-83f9-f44e945268a2:c2926, 02a03aee-1dd1-43c9-94ca-c76e2a537489:c2922, 9fb73170-bb25-48da-afcf-6f1f9e11598f:c2922]
2019-07-10 10:42:50,830 INFO  client.GrpcClientProtocolClient (GrpcClientProtocolClient.java:onNext(255)) - client-AC1CE418446C->edec9b8f-c318-426f-83f9-f44e945268a2: receive RaftClientReply:client-AC1CE418446C->edec9b8f-c318-426f-83f9-f44e945268a2@group-352661ED3FD5, cid=2006, SUCCESS, logIndex=2928, commits[edec9b8f-c318-426f-83f9-f44e945268a2:c2929, 02a03aee-1dd1-43c9-94ca-c76e2a537489:c2927, 9fb73170-bb25-48da-afcf-6f1f9e11598f:c2927]
2019-07-10 10:42:50,830 INFO  client.GrpcClientProtocolClient (GrpcClientProtocolClient.java:onNext(255)) - client-AC1CE418446C->edec9b8f-c318-426f-83f9-f44e945268a2: receive RaftClientReply:client-AC1CE418446C->edec9b8f-c318-426f-83f9-f44e945268a2@group-352661ED3FD5, cid=2007, SUCCESS, logIndex=2929, commits[edec9b8f-c318-426f-83f9-f44e945268a2:c2929, 02a03aee-1dd1-43c9-94ca-c76e2a537489:c2927, 9fb73170-bb25-48da-afcf-6f1f9e11598f:c2927]
2019-07-10 10:42:50,843 INFO  client.GrpcClientProtocolClient (GrpcClientProtocolClient.java:onNext(255)) - client-AC1CE418446C->edec9b8f-c318-426f-83f9-f44e945268a2: receive RaftClientReply:client-AC1CE418446C->edec9b8f-c318-426f-83f9-f44e945268a2@group-352661ED3FD5, cid=2008, SUCCESS, logIndex=2932, commits[edec9b8f-c318-426f-83f9-f44e945268a2:c2933, 02a03aee-1dd1-43c9-94ca-c76e2a537489:c2929, 9fb73170-bb25-48da-afcf-6f1f9e11598f:c2929]
2019-07-10 10:42:50,844 INFO  client.GrpcClientProtocolClient (GrpcClientProtocolClient.java:onNext(255)) - client-AC1CE418446C->edec9b8f-c318-426f-83f9-f44e945268a2: receive RaftClientReply:client-AC1CE418446C->edec9b8f-c318-426f-83f9-f44e945268a2@group-352661ED3FD5, cid=2009, SUCCESS, logIndex=2933, commits[edec9b8f-c318-426f-83f9-f44e945268a2:c2933, 02a03aee-1dd1-43c9-94ca-c76e2a537489:c2929, 9fb73170-bb25-48da-afcf-6f1f9e11598f:c2929]
2019-07-10 10:42:50,847 INFO  client.GrpcClientProtocolClient (GrpcClientProtocolClient.java:onNext(255)) - client-AC1CE418446C->edec9b8f-c318-426f-83f9-f44e945268a2: receive RaftClientReply:client-AC1CE418446C->edec9b8f-c318-426f-83f9-f44e945268a2@group-352661ED3FD5, cid=2010, SUCCESS, logIndex=0, commits[edec9b8f-c318-426f-83f9-f44e945268a2:c2934, 02a03aee-1dd1-43c9-94ca-c76e2a537489:c2933, 9fb73170-bb25-48da-afcf-6f1f9e11598f:c2933]
2019-07-10 10:42:50,878 INFO  client.GrpcClientProtocolClient (GrpcClientProtocolClient.java:onNext(255)) - client-AC1CE418446C->edec9b8f-c318-426f-83f9-f44e945268a2: receive RaftClientReply:client-AC1CE418446C->edec9b8f-c318-426f-83f9-f44e945268a2@group-352661ED3FD5, cid=2011, SUCCESS, logIndex=2936, commits[edec9b8f-c318-426f-83f9-f44e945268a2:c2939, 02a03aee-1dd1-43c9-94ca-c76e2a537489:c2935, 9fb73170-bb25-48da-afcf-6f1f9e11598f:c2935]
2019-07-10 10:42:50,879 INFO  client.GrpcClientProtocolClient (GrpcClientProtocolClient.java:onNext(255)) - client-AC1CE418446C->edec9b8f-c318-426f-83f9-f44e945268a2: receive RaftClientReply:client-AC1CE418446C->edec9b8f-c318-426f-83f9-f44e945268a2@group-352661ED3FD5, cid=2012, SUCCESS, logIndex=2937, commits[edec9b8f-c318-426f-83f9-f44e945268a2:c2939, 02a03aee-1dd1-43c9-94ca-c76e2a537489:c2935, 9fb73170-bb25-48da-afcf-6f1f9e11598f:c2935]
2019-07-10 10:42:50,879 INFO  client.GrpcClientProtocolClient (GrpcClientProtocolClient.java:onNext(255)) - client-AC1CE418446C->edec9b8f-c318-426f-83f9-f44e945268a2: receive RaftClientReply:client-AC1CE418446C->edec9b8f-c318-426f-83f9-f44e945268a2@group-352661ED3FD5, cid=2013, SUCCESS, logIndex=2938, commits[edec9b8f-c318-426f-83f9-f44e945268a2:c2939, 02a03aee-1dd1-43c9-94ca-c76e2a537489:c2935, 9fb73170-bb25-48da-afcf-6f1f9e11598f:c2935]
2019-07-10 10:42:50,880 INFO  client.GrpcClientProtocolClient (GrpcClientProtocolClient.java:onNext(255)) - client-AC1CE418446C->edec9b8f-c318-426f-83f9-f44e945268a2: receive RaftClientReply:client-AC1CE418446C->edec9b8f-c318-426f-83f9-f44e945268a2@group-352661ED3FD5, cid=2014, SUCCESS, logIndex=2939, commits[edec9b8f-c318-426f-83f9-f44e945268a2:c2940, 02a03aee-1dd1-43c9-94ca-c76e2a537489:c2936, 9fb73170-bb25-48da-afcf-6f1f9e11598f:c2935]
2019-07-10 10:42:50,892 INFO  client.GrpcClientProtocolClient (GrpcClientProtocolClient.java:onNext(255)) - client-AC1CE418446C->edec9b8f-c318-426f-83f9-f44e945268a2: receive RaftClientReply:client-AC1CE418446C->edec9b8f-c318-426f-83f9-f44e945268a2@group-352661ED3FD5, cid=2015, SUCCESS, logIndex=0, commits[edec9b8f-c318-426f-83f9-f44e945268a2:c2940, 02a03aee-1dd1-43c9-94ca-c76e2a537489:c2939, 9fb73170-bb25-48da-afcf-6f1f9e11598f:c2939]
2019-07-10 10:42:50,912 INFO  client.GrpcClientProtocolClient (GrpcClientProtocolClient.java:onNext(255)) - client-AC1CE418446C->edec9b8f-c318-426f-83f9-f44e945268a2: receive RaftClientReply:client-AC1CE418446C->edec9b8f-c318-426f-83f9-f44e945268a2@group-352661ED3FD5, cid=2016, SUCCESS, logIndex=2944, commits[edec9b8f-c318-426f-83f9-f44e945268a2:c2945, 02a03aee-1dd1-43c9-94ca-c76e2a537489:c2943, 9fb73170-bb25-48da-afcf-6f1f9e11598f:c2943]
2019-07-10 10:42:50,913 INFO  client.GrpcClientProtocolClient (GrpcClientProtocolClient.java:onNext(255)) - client-AC1CE418446C->edec9b8f-c318-426f-83f9-f44e945268a2: receive RaftClientReply:client-AC1CE418446C->edec9b8f-c318-426f-83f9-f44e945268a2@group-352661ED3FD5, cid=2017, SUCCESS, logIndex=2945, commits[edec9b8f-c318-426f-83f9-f44e945268a2:c2945, 02a03aee-1dd1-43c9-94ca-c76e2a537489:c2943, 9fb73170-bb25-48da-afcf-6f1f9e11598f:c2943]
2019-07-10 10:42:50,927 INFO  client.GrpcClientProtocolClient (GrpcClientProtocolClient.java:onNext(255)) - client-AC1CE418446C->edec9b8f-c318-426f-83f9-f44e945268a2: receive RaftClientReply:client-AC1CE418446C->edec9b8f-c318-426f-83f9-f44e945268a2@group-352661ED3FD5, cid=2018, SUCCESS, logIndex=2948, commits[edec9b8f-c318-426f-83f9-f44e945268a2:c2949, 02a03aee-1dd1-43c9-94ca-c76e2a537489:c2945, 9fb73170-bb25-48da-afcf-6f1f9e11598f:c2945]
2019-07-10 10:42:50,928 INFO  client.GrpcClientProtocolClient (GrpcClientProtocolClient.java:onNext(255)) - client-AC1CE418446C->edec9b8f-c318-426f-83f9-f44e945268a2: receive RaftClientReply:client-AC1CE418446C->edec9b8f-c318-426f-83f9-f44e945268a2@group-352661ED3FD5, cid=2019, SUCCESS, logIndex=2949, commits[edec9b8f-c318-426f-83f9-f44e945268a2:c2949, 02a03aee-1dd1-43c9-94ca-c76e2a537489:c2945, 9fb73170-bb25-48da-afcf-6f1f9e11598f:c2945]
2019-07-10 10:42:50,945 INFO  client.GrpcClientProtocolClient (GrpcClientProtocolClient.java:onNext(255)) - client-AC1CE418446C->edec9b8f-c318-426f-83f9-f44e945268a2: receive RaftClientReply:client-AC1CE418446C->edec9b8f-c318-426f-83f9-f44e945268a2@group-352661ED3FD5, cid=2020, SUCCESS, logIndex=0, commits[edec9b8f-c318-426f-83f9-f44e945268a2:c2951, 02a03aee-1dd1-43c9-94ca-c76e2a537489:c2949, 9fb73170-bb25-48da-afcf-6f1f9e11598f:c2949]
2019-07-10 10:42:51,039 INFO  client.GrpcClientProtocolClient (GrpcClientProtocolClient.java:onNext(255)) - client-AC1CE418446C->edec9b8f-c318-426f-83f9-f44e945268a2: receive RaftClientReply:client-AC1CE418446C->edec9b8f-c318-426f-83f9-f44e945268a2@group-352661ED3FD5, cid=2021, SUCCESS, logIndex=2952, commits[edec9b8f-c318-426f-83f9-f44e945268a2:c2953, 02a03aee-1dd1-43c9-94ca-c76e2a537489:c2951, 9fb73170-bb25-48da-afcf-6f1f9e11598f:c2949]
2019-07-10 10:42:51,039 INFO  client.GrpcClientProtocolClient (GrpcClientProtocolClient.java:onNext(255)) - client-AC1CE418446C->edec9b8f-c318-426f-83f9-f44e945268a2: receive RaftClientReply:client-AC1CE418446C->edec9b8f-c318-426f-83f9-f44e945268a2@group-352661ED3FD5, cid=2022, SUCCESS, logIndex=2953, commits[edec9b8f-c318-426f-83f9-f44e945268a2:c2953, 02a03aee-1dd1-43c9-94ca-c76e2a537489:c2951, 9fb73170-bb25-48da-afcf-6f1f9e11598f:c2949]
2019-07-10 10:42:51,051 INFO  client.GrpcClientProtocolClient (GrpcClientProtocolClient.java:onNext(255)) - client-AC1CE418446C->edec9b8f-c318-426f-83f9-f44e945268a2: receive RaftClientReply:client-AC1CE418446C->edec9b8f-c318-426f-83f9-f44e945268a2@group-352661ED3FD5, cid=2023, SUCCESS, logIndex=2954, commits[edec9b8f-c318-426f-83f9-f44e945268a2:c2957, 02a03aee-1dd1-43c9-94ca-c76e2a537489:c2953, 9fb73170-bb25-48da-afcf-6f1f9e11598f:c2951]
2019-07-10 10:42:51,051 INFO  client.GrpcClientProtocolClient (GrpcClientProtocolClient.java:onNext(255)) - client-AC1CE418446C->edec9b8f-c318-426f-83f9-f44e945268a2: receive RaftClientReply:client-AC1CE418446C->edec9b8f-c318-426f-83f9-f44e945268a2@group-352661ED3FD5, cid=2024, SUCCESS, logIndex=2955, commits[edec9b8f-c318-426f-83f9-f44e945268a2:c2957, 02a03aee-1dd1-43c9-94ca-c76e2a537489:c2953, 9fb73170-bb25-48da-afcf-6f1f9e11598f:c2951]
2019-07-10 10:42:51,052 INFO  client.GrpcClientProtocolClient (GrpcClientProtocolClient.java:onNext(255)) - client-AC1CE418446C->edec9b8f-c318-426f-83f9-f44e945268a2: receive RaftClientReply:client-AC1CE418446C->edec9b8f-c318-426f-83f9-f44e945268a2@group-352661ED3FD5, cid=2025, SUCCESS, logIndex=0, commits[edec9b8f-c318-426f-83f9-f44e945268a2:c2957, 02a03aee-1dd1-43c9-94ca-c76e2a537489:c2955, 9fb73170-bb25-48da-afcf-6f1f9e11598f:c2953]
2019-07-10 10:42:51,077 INFO  client.GrpcClientProtocolClient (GrpcClientProtocolClient.java:onNext(255)) - client-AC1CE418446C->edec9b8f-c318-426f-83f9-f44e945268a2: receive RaftClientReply:client-AC1CE418446C->edec9b8f-c318-426f-83f9-f44e945268a2@group-352661ED3FD5, cid=2026, SUCCESS, logIndex=2960, commits[edec9b8f-c318-426f-83f9-f44e945268a2:c2961, 02a03aee-1dd1-43c9-94ca-c76e2a537489:c2959, 9fb73170-bb25-48da-afcf-6f1f9e11598f:c2959]
2019-07-10 10:42:51,077 INFO  client.GrpcClientProtocolClient (GrpcClientProtocolClient.java:onNext(255)) - client-AC1CE418446C->edec9b8f-c318-426f-83f9-f44e945268a2: receive RaftClientReply:client-AC1CE418446C->edec9b8f-c318-426f-83f9-f44e945268a2@group-352661ED3FD5, cid=2027, SUCCESS, logIndex=2961, commits[edec9b8f-c318-426f-83f9-f44e945268a2:c2961, 02a03aee-1dd1-43c9-94ca-c76e2a537489:c2959, 9fb73170-bb25-48da-afcf-6f1f9e11598f:c2959]
2019-07-10 10:42:51,109 INFO  client.GrpcClientProtocolClient (GrpcClientProtocolClient.java:onNext(255)) - client-AC1CE418446C->edec9b8f-c318-426f-83f9-f44e945268a2: receive RaftClientReply:client-AC1CE418446C->edec9b8f-c318-426f-83f9-f44e945268a2@group-352661ED3FD5, cid=2028, SUCCESS, logIndex=2964, commits[edec9b8f-c318-426f-83f9-f44e945268a2:c2965, 02a03aee-1dd1-43c9-94ca-c76e2a537489:c2961, 9fb73170-bb25-48da-afcf-6f1f9e11598f:c2963]
2019-07-10 10:42:51,109 INFO  client.GrpcClientProtocolClient (GrpcClientProtocolClient.java:onNext(255)) - client-AC1CE418446C->edec9b8f-c318-426f-83f9-f44e945268a2: receive RaftClientReply:client-AC1CE418446C->edec9b8f-c318-426f-83f9-f44e945268a2@group-352661ED3FD5, cid=2029, SUCCESS, logIndex=2965, commits[edec9b8f-c318-426f-83f9-f44e945268a2:c2965, 02a03aee-1dd1-43c9-94ca-c76e2a537489:c2963, 9fb73170-bb25-48da-afcf-6f1f9e11598f:c2963]
2019-07-10 10:42:51,125 INFO  client.GrpcClientProtocolClient (GrpcClientProtocolClient.java:onNext(255)) - client-AC1CE418446C->edec9b8f-c318-426f-83f9-f44e945268a2: receive RaftClientReply:client-AC1CE418446C->edec9b8f-c318-426f-83f9-f44e945268a2@group-352661ED3FD5, cid=2030, SUCCESS, logIndex=0, commits[edec9b8f-c318-426f-83f9-f44e945268a2:c2966, 02a03aee-1dd1-43c9-94ca-c76e2a537489:c2965, 9fb73170-bb25-48da-afcf-6f1f9e11598f:c2965]
2019-07-10 10:42:51,160 INFO  client.GrpcClientProtocolClient (GrpcClientProtocolClient.java:onNext(255)) - client-AC1CE418446C->edec9b8f-c318-426f-83f9-f44e945268a2: receive RaftClientReply:client-AC1CE418446C->edec9b8f-c318-426f-83f9-f44e945268a2@group-352661ED3FD5, cid=2031, SUCCESS, logIndex=2968, commits[edec9b8f-c318-426f-83f9-f44e945268a2:c2969, 02a03aee-1dd1-43c9-94ca-c76e2a537489:c2967, 9fb73170-bb25-48da-afcf-6f1f9e11598f:c2967]
2019-07-10 10:42:51,161 INFO  client.GrpcClientProtocolClient (GrpcClientProtocolClient.java:onNext(255)) - client-AC1CE418446C->edec9b8f-c318-426f-83f9-f44e945268a2: receive RaftClientReply:client-AC1CE418446C->edec9b8f-c318-426f-83f9-f44e945268a2@group-352661ED3FD5, cid=2032, SUCCESS, logIndex=2969, commits[edec9b8f-c318-426f-83f9-f44e945268a2:c2969, 02a03aee-1dd1-43c9-94ca-c76e2a537489:c2967, 9fb73170-bb25-48da-afcf-6f1f9e11598f:c2967]
2019-07-10 10:42:51,169 INFO  client.GrpcClientProtocolClient (GrpcClientProtocolClient.java:onNext(255)) - client-AC1CE418446C->edec9b8f-c318-426f-83f9-f44e945268a2: receive RaftClientReply:client-AC1CE418446C->edec9b8f-c318-426f-83f9-f44e945268a2@group-352661ED3FD5, cid=2033, SUCCESS, logIndex=2970, commits[edec9b8f-c318-426f-83f9-f44e945268a2:c2971, 02a03aee-1dd1-43c9-94ca-c76e2a537489:c2967, 9fb73170-bb25-48da-afcf-6f1f9e11598f:c2967]
2019-07-10 10:42:51,169 INFO  client.GrpcClientProtocolClient (GrpcClientProtocolClient.java:onNext(255)) - client-AC1CE418446C->edec9b8f-c318-426f-83f9-f44e945268a2: receive RaftClientReply:client-AC1CE418446C->edec9b8f-c318-426f-83f9-f44e945268a2@group-352661ED3FD5, cid=2034, SUCCESS, logIndex=2971, commits[edec9b8f-c318-426f-83f9-f44e945268a2:c2971, 02a03aee-1dd1-43c9-94ca-c76e2a537489:c2967, 9fb73170-bb25-48da-afcf-6f1f9e11598f:c2967]
2019-07-10 10:42:51,185 INFO  client.GrpcClientProtocolClient (GrpcClientProtocolClient.java:onNext(255)) - client-AC1CE418446C->edec9b8f-c318-426f-83f9-f44e945268a2: receive RaftClientReply:client-AC1CE418446C->edec9b8f-c318-426f-83f9-f44e945268a2@group-352661ED3FD5, cid=2035, SUCCESS, logIndex=0, commits[edec9b8f-c318-426f-83f9-f44e945268a2:c2973, 02a03aee-1dd1-43c9-94ca-c76e2a537489:c2969, 9fb73170-bb25-48da-afcf-6f1f9e11598f:c2969]
2019-07-10 10:42:51,206 INFO  client.GrpcClientProtocolClient (GrpcClientProtocolClient.java:onNext(255)) - client-AC1CE418446C->edec9b8f-c318-426f-83f9-f44e945268a2: receive RaftClientReply:client-AC1CE418446C->edec9b8f-c318-426f-83f9-f44e945268a2@group-352661ED3FD5, cid=2036, SUCCESS, logIndex=2976, commits[edec9b8f-c318-426f-83f9-f44e945268a2:c2976, 02a03aee-1dd1-43c9-94ca-c76e2a537489:c2975, 9fb73170-bb25-48da-afcf-6f1f9e11598f:c2975]
2019-07-10 10:42:51,206 INFO  client.GrpcClientProtocolClient (GrpcClientProtocolClient.java:onNext(255)) - client-AC1CE418446C->edec9b8f-c318-426f-83f9-f44e945268a2: receive RaftClientReply:client-AC1CE418446C->edec9b8f-c318-426f-83f9-f44e945268a2@group-352661ED3FD5, cid=2037, SUCCESS, logIndex=2977, commits[edec9b8f-c318-426f-83f9-f44e945268a2:c2977, 02a03aee-1dd1-43c9-94ca-c76e2a537489:c2975, 9fb73170-bb25-48da-afcf-6f1f9e11598f:c2975]
2019-07-10 10:42:51,240 INFO  client.GrpcClientProtocolClient (GrpcClientProtocolClient.java:onNext(255)) - client-AC1CE418446C->edec9b8f-c318-426f-83f9-f44e945268a2: receive RaftClientReply:client-AC1CE418446C->edec9b8f-c318-426f-83f9-f44e945268a2@group-352661ED3FD5, cid=2038, SUCCESS, logIndex=2980, commits[edec9b8f-c318-426f-83f9-f44e945268a2:c2981, 02a03aee-1dd1-43c9-94ca-c76e2a537489:c2978, 9fb73170-bb25-48da-afcf-6f1f9e11598f:c2978]
2019-07-10 10:42:51,241 INFO  client.GrpcClientProtocolClient (GrpcClientProtocolClient.java:onNext(255)) - client-AC1CE418446C->edec9b8f-c318-426f-83f9-f44e945268a2: receive RaftClientReply:client-AC1CE418446C->edec9b8f-c318-426f-83f9-f44e945268a2@group-352661ED3FD5, cid=2039, SUCCESS, logIndex=2981, commits[edec9b8f-c318-426f-83f9-f44e945268a2:c2981, 02a03aee-1dd1-43c9-94ca-c76e2a537489:c2978, 9fb73170-bb25-48da-afcf-6f1f9e11598f:c2978]
2019-07-10 10:42:51,252 INFO  client.GrpcClientProtocolClient (GrpcClientProtocolClient.java:onNext(255)) - client-AC1CE418446C->edec9b8f-c318-426f-83f9-f44e945268a2: receive RaftClientReply:client-AC1CE418446C->edec9b8f-c318-426f-83f9-f44e945268a2@group-352661ED3FD5, cid=2040, SUCCESS, logIndex=0, commits[edec9b8f-c318-426f-83f9-f44e945268a2:c2982, 02a03aee-1dd1-43c9-94ca-c76e2a537489:c2981, 9fb73170-bb25-48da-afcf-6f1f9e11598f:c2981]
2019-07-10 10:42:51,286 INFO  client.GrpcClientProtocolClient (GrpcClientProtocolClient.java:onNext(255)) - client-AC1CE418446C->edec9b8f-c318-426f-83f9-f44e945268a2: receive RaftClientReply:client-AC1CE418446C->edec9b8f-c318-426f-83f9-f44e945268a2@group-352661ED3FD5, cid=2041, SUCCESS, logIndex=2984, commits[edec9b8f-c318-426f-83f9-f44e945268a2:c2985, 02a03aee-1dd1-43c9-94ca-c76e2a537489:c2983, 9fb73170-bb25-48da-afcf-6f1f9e11598f:c2983]
2019-07-10 10:42:51,288 INFO  client.GrpcClientProtocolClient (GrpcClientProtocolClient.java:onNext(255)) - client-AC1CE418446C->edec9b8f-c318-426f-83f9-f44e945268a2: receive RaftClientReply:client-AC1CE418446C->edec9b8f-c318-426f-83f9-f44e945268a2@group-352661ED3FD5, cid=2042, SUCCESS, logIndex=2985, commits[edec9b8f-c318-426f-83f9-f44e945268a2:c2985, 02a03aee-1dd1-43c9-94ca-c76e2a537489:c2983, 9fb73170-bb25-48da-afcf-6f1f9e11598f:c2983]
2019-07-10 10:42:51,288 INFO  client.GrpcClientProtocolClient (GrpcClientProtocolClient.java:onNext(255)) - client-AC1CE418446C->edec9b8f-c318-426f-83f9-f44e945268a2: receive RaftClientReply:client-AC1CE418446C->edec9b8f-c318-426f-83f9-f44e945268a2@group-352661ED3FD5, cid=2043, SUCCESS, logIndex=2986, commits[edec9b8f-c318-426f-83f9-f44e945268a2:c2987, 02a03aee-1dd1-43c9-94ca-c76e2a537489:c2983, 9fb73170-bb25-48da-afcf-6f1f9e11598f:c2983]
2019-07-10 10:42:51,288 INFO  client.GrpcClientProtocolClient (GrpcClientProtocolClient.java:onNext(255)) - client-AC1CE418446C->edec9b8f-c318-426f-83f9-f44e945268a2: receive RaftClientReply:client-AC1CE418446C->edec9b8f-c318-426f-83f9-f44e945268a2@group-352661ED3FD5, cid=2044, SUCCESS, logIndex=2987, commits[edec9b8f-c318-426f-83f9-f44e945268a2:c2987, 02a03aee-1dd1-43c9-94ca-c76e2a537489:c2983, 9fb73170-bb25-48da-afcf-6f1f9e11598f:c2983]
2019-07-10 10:42:51,290 INFO  client.GrpcClientProtocolClient (GrpcClientProtocolClient.java:onNext(255)) - client-AC1CE418446C->edec9b8f-c318-426f-83f9-f44e945268a2: receive RaftClientReply:client-AC1CE418446C->edec9b8f-c318-426f-83f9-f44e945268a2@group-352661ED3FD5, cid=2045, SUCCESS, logIndex=0, commits[edec9b8f-c318-426f-83f9-f44e945268a2:c2989, 02a03aee-1dd1-43c9-94ca-c76e2a537489:c2985, 9fb73170-bb25-48da-afcf-6f1f9e11598f:c2986]
2019-07-10 10:42:51,314 INFO  client.GrpcClientProtocolClient (GrpcClientProtocolClient.java:onNext(255)) - client-AC1CE418446C->edec9b8f-c318-426f-83f9-f44e945268a2: receive RaftClientReply:client-AC1CE418446C->edec9b8f-c318-426f-83f9-f44e945268a2@group-352661ED3FD5, cid=2046, SUCCESS, logIndex=2992, commits[edec9b8f-c318-426f-83f9-f44e945268a2:c2993, 02a03aee-1dd1-43c9-94ca-c76e2a537489:c2991, 9fb73170-bb25-48da-afcf-6f1f9e11598f:c2991]
2019-07-10 10:42:51,314 INFO  client.GrpcClientProtocolClient (GrpcClientProtocolClient.java:onNext(255)) - client-AC1CE418446C->edec9b8f-c318-426f-83f9-f44e945268a2: receive RaftClientReply:client-AC1CE418446C->edec9b8f-c318-426f-83f9-f44e945268a2@group-352661ED3FD5, cid=2047, SUCCESS, logIndex=2993, commits[edec9b8f-c318-426f-83f9-f44e945268a2:c2993, 02a03aee-1dd1-43c9-94ca-c76e2a537489:c2991, 9fb73170-bb25-48da-afcf-6f1f9e11598f:c2991]
 0.00% |█                                                                                                    |  0/1 Time: 0:00:172019-07-10 10:42:51,336 INFO  client.GrpcClientProtocolClient (GrpcClientProtocolClient.java:onNext(255)) - client-AC1CE418446C->edec9b8f-c318-426f-83f9-f44e945268a2: receive RaftClientReply:client-AC1CE418446C->edec9b8f-c318-426f-83f9-f44e945268a2@group-352661ED3FD5, cid=2048, SUCCESS, logIndex=2996, commits[edec9b8f-c318-426f-83f9-f44e945268a2:c2997, 02a03aee-1dd1-43c9-94ca-c76e2a537489:c2995, 9fb73170-bb25-48da-afcf-6f1f9e11598f:c2995]
2019-07-10 10:42:51,336 INFO  client.GrpcClientProtocolClient (GrpcClientProtocolClient.java:onNext(255)) - client-AC1CE418446C->edec9b8f-c318-426f-83f9-f44e945268a2: receive RaftClientReply:client-AC1CE418446C->edec9b8f-c318-426f-83f9-f44e945268a2@group-352661ED3FD5, cid=2049, SUCCESS, logIndex=2997, commits[edec9b8f-c318-426f-83f9-f44e945268a2:c2997, 02a03aee-1dd1-43c9-94ca-c76e2a537489:c2995, 9fb73170-bb25-48da-afcf-6f1f9e11598f:c2995]
2019-07-10 10:42:51,360 INFO  client.GrpcClientProtocolClient (GrpcClientProtocolClient.java:onNext(255)) - client-AC1CE418446C->edec9b8f-c318-426f-83f9-f44e945268a2: receive RaftClientReply:client-AC1CE418446C->edec9b8f-c318-426f-83f9-f44e945268a2@group-352661ED3FD5, cid=2050, SUCCESS, logIndex=0, commits[edec9b8f-c318-426f-83f9-f44e945268a2:c2999, 02a03aee-1dd1-43c9-94ca-c76e2a537489:c2997, 9fb73170-bb25-48da-afcf-6f1f9e11598f:c2997]
2019-07-10 10:42:51,396 INFO  client.GrpcClientProtocolClient (GrpcClientProtocolClient.java:onNext(255)) - client-AC1CE418446C->edec9b8f-c318-426f-83f9-f44e945268a2: receive RaftClientReply:client-AC1CE418446C->edec9b8f-c318-426f-83f9-f44e945268a2@group-352661ED3FD5, cid=2051, SUCCESS, logIndex=3000, commits[edec9b8f-c318-426f-83f9-f44e945268a2:c3002, 02a03aee-1dd1-43c9-94ca-c76e2a537489:c2999, 9fb73170-bb25-48da-afcf-6f1f9e11598f:c2999]
2019-07-10 10:42:51,397 INFO  client.GrpcClientProtocolClient (GrpcClientProtocolClient.java:onNext(255)) - client-AC1CE418446C->edec9b8f-c318-426f-83f9-f44e945268a2: receive RaftClientReply:client-AC1CE418446C->edec9b8f-c318-426f-83f9-f44e945268a2@group-352661ED3FD5, cid=2052, SUCCESS, logIndex=3001, commits[edec9b8f-c318-426f-83f9-f44e945268a2:c3003, 02a03aee-1dd1-43c9-94ca-c76e2a537489:c2999, 9fb73170-bb25-48da-afcf-6f1f9e11598f:c2999]
2019-07-10 10:42:51,397 INFO  client.GrpcClientProtocolClient (GrpcClientProtocolClient.java:onNext(255)) - client-AC1CE418446C->edec9b8f-c318-426f-83f9-f44e945268a2: receive RaftClientReply:client-AC1CE418446C->edec9b8f-c318-426f-83f9-f44e945268a2@group-352661ED3FD5, cid=2053, SUCCESS, logIndex=3002, commits[edec9b8f-c318-426f-83f9-f44e945268a2:c3003, 02a03aee-1dd1-43c9-94ca-c76e2a537489:c2999, 9fb73170-bb25-48da-afcf-6f1f9e11598f:c2999]
2019-07-10 10:42:51,398 INFO  client.GrpcClientProtocolClient (GrpcClientProtocolClient.java:onNext(255)) - client-AC1CE418446C->edec9b8f-c318-426f-83f9-f44e945268a2: receive RaftClientReply:client-AC1CE418446C->edec9b8f-c318-426f-83f9-f44e945268a2@group-352661ED3FD5, cid=2054, SUCCESS, logIndex=3003, commits[edec9b8f-c318-426f-83f9-f44e945268a2:c3003, 02a03aee-1dd1-43c9-94ca-c76e2a537489:c2999, 9fb73170-bb25-48da-afcf-6f1f9e11598f:c2999]
2019-07-10 10:42:51,422 INFO  client.GrpcClientProtocolClient (GrpcClientProtocolClient.java:onNext(255)) - client-AC1CE418446C->edec9b8f-c318-426f-83f9-f44e945268a2: receive RaftClientReply:client-AC1CE418446C->edec9b8f-c318-426f-83f9-f44e945268a2@group-352661ED3FD5, cid=2055, SUCCESS, logIndex=0, commits[edec9b8f-c318-426f-83f9-f44e945268a2:c3005, 02a03aee-1dd1-43c9-94ca-c76e2a537489:c3002, 9fb73170-bb25-48da-afcf-6f1f9e11598f:c3002]
2019-07-10 10:42:51,445 INFO  client.GrpcClientProtocolClient (GrpcClientProtocolClient.java:onNext(255)) - client-AC1CE418446C->edec9b8f-c318-426f-83f9-f44e945268a2: receive RaftClientReply:client-AC1CE418446C->edec9b8f-c318-426f-83f9-f44e945268a2@group-352661ED3FD5, cid=2056, SUCCESS, logIndex=3008, commits[edec9b8f-c318-426f-83f9-f44e945268a2:c3009, 02a03aee-1dd1-43c9-94ca-c76e2a537489:c3007, 9fb73170-bb25-48da-afcf-6f1f9e11598f:c3007]
2019-07-10 10:42:51,445 INFO  client.GrpcClientProtocolClient (GrpcClientProtocolClient.java:onNext(255)) - client-AC1CE418446C->edec9b8f-c318-426f-83f9-f44e945268a2: receive RaftClientReply:client-AC1CE418446C->edec9b8f-c318-426f-83f9-f44e945268a2@group-352661ED3FD5, cid=2057, SUCCESS, logIndex=3009, commits[edec9b8f-c318-426f-83f9-f44e945268a2:c3009, 02a03aee-1dd1-43c9-94ca-c76e2a537489:c3007, 9fb73170-bb25-48da-afcf-6f1f9e11598f:c3007]
2019-07-10 10:42:51,462 INFO  client.GrpcClientProtocolClient (GrpcClientProtocolClient.java:onNext(255)) - client-AC1CE418446C->edec9b8f-c318-426f-83f9-f44e945268a2: receive RaftClientReply:client-AC1CE418446C->edec9b8f-c318-426f-83f9-f44e945268a2@group-352661ED3FD5, cid=2058, SUCCESS, logIndex=3012, commits[edec9b8f-c318-426f-83f9-f44e945268a2:c3013, 02a03aee-1dd1-43c9-94ca-c76e2a537489:c3009, 9fb73170-bb25-48da-afcf-6f1f9e11598f:c3009]
2019-07-10 10:42:51,463 INFO  client.GrpcClientProtocolClient (GrpcClientProtocolClient.java:onNext(255)) - client-AC1CE418446C->edec9b8f-c318-426f-83f9-f44e945268a2: receive RaftClientReply:client-AC1CE418446C->edec9b8f-c318-426f-83f9-f44e945268a2@group-352661ED3FD5, cid=2059, SUCCESS, logIndex=3013, commits[edec9b8f-c318-426f-83f9-f44e945268a2:c3013, 02a03aee-1dd1-43c9-94ca-c76e2a537489:c3009, 9fb73170-bb25-48da-afcf-6f1f9e11598f:c3009]
2019-07-10 10:42:51,475 INFO  client.GrpcClientProtocolClient (GrpcClientProtocolClient.java:onNext(255)) - client-AC1CE418446C->edec9b8f-c318-426f-83f9-f44e945268a2: receive RaftClientReply:client-AC1CE418446C->edec9b8f-c318-426f-83f9-f44e945268a2@group-352661ED3FD5, cid=2060, SUCCESS, logIndex=0, commits[edec9b8f-c318-426f-83f9-f44e945268a2:c3015, 02a03aee-1dd1-43c9-94ca-c76e2a537489:c3013, 9fb73170-bb25-48da-afcf-6f1f9e11598f:c3013]
2019-07-10 10:42:51,505 INFO  client.GrpcClientProtocolClient (GrpcClientProtocolClient.java:onNext(255)) - client-AC1CE418446C->edec9b8f-c318-426f-83f9-f44e945268a2: receive RaftClientReply:client-AC1CE418446C->edec9b8f-c318-426f-83f9-f44e945268a2@group-352661ED3FD5, cid=2061, SUCCESS, logIndex=3016, commits[edec9b8f-c318-426f-83f9-f44e945268a2:c3018, 02a03aee-1dd1-43c9-94ca-c76e2a537489:c3015, 9fb73170-bb25-48da-afcf-6f1f9e11598f:c3015]
2019-07-10 10:42:51,505 INFO  client.GrpcClientProtocolClient (GrpcClientProtocolClient.java:onNext(255)) - client-AC1CE418446C->edec9b8f-c318-426f-83f9-f44e945268a2: receive RaftClientReply:client-AC1CE418446C->edec9b8f-c318-426f-83f9-f44e945268a2@group-352661ED3FD5, cid=2062, SUCCESS, logIndex=3017, commits[edec9b8f-c318-426f-83f9-f44e945268a2:c3019, 02a03aee-1dd1-43c9-94ca-c76e2a537489:c3015, 9fb73170-bb25-48da-afcf-6f1f9e11598f:c3015]
2019-07-10 10:42:51,506 INFO  client.GrpcClientProtocolClient (GrpcClientProtocolClient.java:onNext(255)) - client-AC1CE418446C->edec9b8f-c318-426f-83f9-f44e945268a2: receive RaftClientReply:client-AC1CE418446C->edec9b8f-c318-426f-83f9-f44e945268a2@group-352661ED3FD5, cid=2063, SUCCESS, logIndex=3018, commits[edec9b8f-c318-426f-83f9-f44e945268a2:c3019, 02a03aee-1dd1-43c9-94ca-c76e2a537489:c3015, 9fb73170-bb25-48da-afcf-6f1f9e11598f:c3015]
2019-07-10 10:42:51,506 INFO  client.GrpcClientProtocolClient (GrpcClientProtocolClient.java:onNext(255)) - client-AC1CE418446C->edec9b8f-c318-426f-83f9-f44e945268a2: receive RaftClientReply:client-AC1CE418446C->edec9b8f-c318-426f-83f9-f44e945268a2@group-352661ED3FD5, cid=2064, SUCCESS, logIndex=3019, commits[edec9b8f-c318-426f-83f9-f44e945268a2:c3019, 02a03aee-1dd1-43c9-94ca-c76e2a537489:c3015, 9fb73170-bb25-48da-afcf-6f1f9e11598f:c3015]
2019-07-10 10:42:51,516 INFO  client.GrpcClientProtocolClient (GrpcClientProtocolClient.java:onNext(255)) - client-AC1CE418446C->edec9b8f-c318-426f-83f9-f44e945268a2: receive RaftClientReply:client-AC1CE418446C->edec9b8f-c318-426f-83f9-f44e945268a2@group-352661ED3FD5, cid=2065, SUCCESS, logIndex=0, commits[edec9b8f-c318-426f-83f9-f44e945268a2:c3020, 02a03aee-1dd1-43c9-94ca-c76e2a537489:c3017, 9fb73170-bb25-48da-afcf-6f1f9e11598f:c3017]
2019-07-10 10:42:51,539 INFO  client.GrpcClientProtocolClient (GrpcClientProtocolClient.java:onNext(255)) - client-AC1CE418446C->edec9b8f-c318-426f-83f9-f44e945268a2: receive RaftClientReply:client-AC1CE418446C->edec9b8f-c318-426f-83f9-f44e945268a2@group-352661ED3FD5, cid=2066, SUCCESS, logIndex=3024, commits[edec9b8f-c318-426f-83f9-f44e945268a2:c3025, 02a03aee-1dd1-43c9-94ca-c76e2a537489:c3023, 9fb73170-bb25-48da-afcf-6f1f9e11598f:c3023]
2019-07-10 10:42:51,540 INFO  client.GrpcClientProtocolClient (GrpcClientProtocolClient.java:onNext(255)) - client-AC1CE418446C->edec9b8f-c318-426f-83f9-f44e945268a2: receive RaftClientReply:client-AC1CE418446C->edec9b8f-c318-426f-83f9-f44e945268a2@group-352661ED3FD5, cid=2067, SUCCESS, logIndex=3025, commits[edec9b8f-c318-426f-83f9-f44e945268a2:c3025, 02a03aee-1dd1-43c9-94ca-c76e2a537489:c3023, 9fb73170-bb25-48da-afcf-6f1f9e11598f:c3023]
2019-07-10 10:42:51,567 INFO  client.GrpcClientProtocolClient (GrpcClientProtocolClient.java:onNext(255)) - client-AC1CE418446C->edec9b8f-c318-426f-83f9-f44e945268a2: receive RaftClientReply:client-AC1CE418446C->edec9b8f-c318-426f-83f9-f44e945268a2@group-352661ED3FD5, cid=2068, SUCCESS, logIndex=3028, commits[edec9b8f-c318-426f-83f9-f44e945268a2:c3029, 02a03aee-1dd1-43c9-94ca-c76e2a537489:c3025, 9fb73170-bb25-48da-afcf-6f1f9e11598f:c3025]
2019-07-10 10:42:51,567 INFO  client.GrpcClientProtocolClient (GrpcClientProtocolClient.java:onNext(255)) - client-AC1CE418446C->edec9b8f-c318-426f-83f9-f44e945268a2: receive RaftClientReply:client-AC1CE418446C->edec9b8f-c318-426f-83f9-f44e945268a2@group-352661ED3FD5, cid=2069, SUCCESS, logIndex=3029, commits[edec9b8f-c318-426f-83f9-f44e945268a2:c3029, 02a03aee-1dd1-43c9-94ca-c76e2a537489:c3025, 9fb73170-bb25-48da-afcf-6f1f9e11598f:c3025]
2019-07-10 10:42:51,593 INFO  client.GrpcClientProtocolClient (GrpcClientProtocolClient.java:onNext(255)) - client-AC1CE418446C->edec9b8f-c318-426f-83f9-f44e945268a2: receive RaftClientReply:client-AC1CE418446C->edec9b8f-c318-426f-83f9-f44e945268a2@group-352661ED3FD5, cid=2070, SUCCESS, logIndex=0, commits[edec9b8f-c318-426f-83f9-f44e945268a2:c3030, 02a03aee-1dd1-43c9-94ca-c76e2a537489:c3029, 9fb73170-bb25-48da-afcf-6f1f9e11598f:c3029]
2019-07-10 10:42:51,630 INFO  client.GrpcClientProtocolClient (GrpcClientProtocolClient.java:onNext(255)) - client-AC1CE418446C->edec9b8f-c318-426f-83f9-f44e945268a2: receive RaftClientReply:client-AC1CE418446C->edec9b8f-c318-426f-83f9-f44e945268a2@group-352661ED3FD5, cid=2071, SUCCESS, logIndex=3032, commits[edec9b8f-c318-426f-83f9-f44e945268a2:c3033, 02a03aee-1dd1-43c9-94ca-c76e2a537489:c3031, 9fb73170-bb25-48da-afcf-6f1f9e11598f:c3031]
2019-07-10 10:42:51,631 INFO  client.GrpcClientProtocolClient (GrpcClientProtocolClient.java:onNext(255)) - client-AC1CE418446C->edec9b8f-c318-426f-83f9-f44e945268a2: receive RaftClientReply:client-AC1CE418446C->edec9b8f-c318-426f-83f9-f44e945268a2@group-352661ED3FD5, cid=2072, SUCCESS, logIndex=3033, commits[edec9b8f-c318-426f-83f9-f44e945268a2:c3035, 02a03aee-1dd1-43c9-94ca-c76e2a537489:c3031, 9fb73170-bb25-48da-afcf-6f1f9e11598f:c3031]
2019-07-10 10:42:51,631 INFO  client.GrpcClientProtocolClient (GrpcClientProtocolClient.java:onNext(255)) - client-AC1CE418446C->edec9b8f-c318-426f-83f9-f44e945268a2: receive RaftClientReply:client-AC1CE418446C->edec9b8f-c318-426f-83f9-f44e945268a2@group-352661ED3FD5, cid=2073, SUCCESS, logIndex=3034, commits[edec9b8f-c318-426f-83f9-f44e945268a2:c3035, 02a03aee-1dd1-43c9-94ca-c76e2a537489:c3031, 9fb73170-bb25-48da-afcf-6f1f9e11598f:c3031]
2019-07-10 10:42:51,631 INFO  client.GrpcClientProtocolClient (GrpcClientProtocolClient.java:onNext(255)) - client-AC1CE418446C->edec9b8f-c318-426f-83f9-f44e945268a2: receive RaftClientReply:client-AC1CE418446C->edec9b8f-c318-426f-83f9-f44e945268a2@group-352661ED3FD5, cid=2074, SUCCESS, logIndex=3035, commits[edec9b8f-c318-426f-83f9-f44e945268a2:c3035, 02a03aee-1dd1-43c9-94ca-c76e2a537489:c3031, 9fb73170-bb25-48da-afcf-6f1f9e11598f:c3031]
2019-07-10 10:42:51,643 INFO  client.GrpcClientProtocolClient (GrpcClientProtocolClient.java:onNext(255)) - client-AC1CE418446C->edec9b8f-c318-426f-83f9-f44e945268a2: receive RaftClientReply:client-AC1CE418446C->edec9b8f-c318-426f-83f9-f44e945268a2@group-352661ED3FD5, cid=2075, SUCCESS, logIndex=0, commits[edec9b8f-c318-426f-83f9-f44e945268a2:c3036, 02a03aee-1dd1-43c9-94ca-c76e2a537489:c3033, 9fb73170-bb25-48da-afcf-6f1f9e11598f:c3033]
2019-07-10 10:42:51,667 INFO  client.GrpcClientProtocolClient (GrpcClientProtocolClient.java:onNext(255)) - client-AC1CE418446C->edec9b8f-c318-426f-83f9-f44e945268a2: receive RaftClientReply:client-AC1CE418446C->edec9b8f-c318-426f-83f9-f44e945268a2@group-352661ED3FD5, cid=2076, SUCCESS, logIndex=3040, commits[edec9b8f-c318-426f-83f9-f44e945268a2:c3041, 02a03aee-1dd1-43c9-94ca-c76e2a537489:c3035, 9fb73170-bb25-48da-afcf-6f1f9e11598f:c3036]
2019-07-10 10:42:51,667 INFO  client.GrpcClientProtocolClient (GrpcClientProtocolClient.java:onNext(255)) - client-AC1CE418446C->edec9b8f-c318-426f-83f9-f44e945268a2: receive RaftClientReply:client-AC1CE418446C->edec9b8f-c318-426f-83f9-f44e945268a2@group-352661ED3FD5, cid=2077, SUCCESS, logIndex=3041, commits[edec9b8f-c318-426f-83f9-f44e945268a2:c3041, 02a03aee-1dd1-43c9-94ca-c76e2a537489:c3036, 9fb73170-bb25-48da-afcf-6f1f9e11598f:c3036]
2019-07-10 10:42:51,679 INFO  client.GrpcClientProtocolClient (GrpcClientProtocolClient.java:onNext(255)) - client-AC1CE418446C->edec9b8f-c318-426f-83f9-f44e945268a2: receive RaftClientReply:client-AC1CE418446C->edec9b8f-c318-426f-83f9-f44e945268a2@group-352661ED3FD5, cid=2078, SUCCESS, logIndex=3044, commits[edec9b8f-c318-426f-83f9-f44e945268a2:c3045, 02a03aee-1dd1-43c9-94ca-c76e2a537489:c3041, 9fb73170-bb25-48da-afcf-6f1f9e11598f:c3043]
2019-07-10 10:42:51,680 INFO  client.GrpcClientProtocolClient (GrpcClientProtocolClient.java:onNext(255)) - client-AC1CE418446C->edec9b8f-c318-426f-83f9-f44e945268a2: receive RaftClientReply:client-AC1CE418446C->edec9b8f-c318-426f-83f9-f44e945268a2@group-352661ED3FD5, cid=2079, SUCCESS, logIndex=3045, commits[edec9b8f-c318-426f-83f9-f44e945268a2:c3045, 02a03aee-1dd1-43c9-94ca-c76e2a537489:c3043, 9fb73170-bb25-48da-afcf-6f1f9e11598f:c3043]
2019-07-10 10:42:51,682 INFO  client.GrpcClientProtocolClient (GrpcClientProtocolClient.java:onNext(255)) - client-AC1CE418446C->edec9b8f-c318-426f-83f9-f44e945268a2: receive RaftClientReply:client-AC1CE418446C->edec9b8f-c318-426f-83f9-f44e945268a2@group-352661ED3FD5, cid=2080, SUCCESS, logIndex=0, commits[edec9b8f-c318-426f-83f9-f44e945268a2:c3046, 02a03aee-1dd1-43c9-94ca-c76e2a537489:c3045, 9fb73170-bb25-48da-afcf-6f1f9e11598f:c3045]
2019-07-10 10:42:51,711 INFO  client.GrpcClientProtocolClient (GrpcClientProtocolClient.java:onNext(255)) - client-AC1CE418446C->edec9b8f-c318-426f-83f9-f44e945268a2: receive RaftClientReply:client-AC1CE418446C->edec9b8f-c318-426f-83f9-f44e945268a2@group-352661ED3FD5, cid=2081, SUCCESS, logIndex=3048, commits[edec9b8f-c318-426f-83f9-f44e945268a2:c3050, 02a03aee-1dd1-43c9-94ca-c76e2a537489:c3047, 9fb73170-bb25-48da-afcf-6f1f9e11598f:c3047]
2019-07-10 10:42:51,712 INFO  client.GrpcClientProtocolClient (GrpcClientProtocolClient.java:onNext(255)) - client-AC1CE418446C->edec9b8f-c318-426f-83f9-f44e945268a2: receive RaftClientReply:client-AC1CE418446C->edec9b8f-c318-426f-83f9-f44e945268a2@group-352661ED3FD5, cid=2082, SUCCESS, logIndex=3049, commits[edec9b8f-c318-426f-83f9-f44e945268a2:c3051, 02a03aee-1dd1-43c9-94ca-c76e2a537489:c3047, 9fb73170-bb25-48da-afcf-6f1f9e11598f:c3047]
2019-07-10 10:42:51,712 INFO  client.GrpcClientProtocolClient (GrpcClientProtocolClient.java:onNext(255)) - client-AC1CE418446C->edec9b8f-c318-426f-83f9-f44e945268a2: receive RaftClientReply:client-AC1CE418446C->edec9b8f-c318-426f-83f9-f44e945268a2@group-352661ED3FD5, cid=2083, SUCCESS, logIndex=3050, commits[edec9b8f-c318-426f-83f9-f44e945268a2:c3051, 02a03aee-1dd1-43c9-94ca-c76e2a537489:c3047, 9fb73170-bb25-48da-afcf-6f1f9e11598f:c3047]
2019-07-10 10:42:51,712 INFO  client.GrpcClientProtocolClient (GrpcClientProtocolClient.java:onNext(255)) - client-AC1CE418446C->edec9b8f-c318-426f-83f9-f44e945268a2: receive RaftClientReply:client-AC1CE418446C->edec9b8f-c318-426f-83f9-f44e945268a2@group-352661ED3FD5, cid=2084, SUCCESS, logIndex=3051, commits[edec9b8f-c318-426f-83f9-f44e945268a2:c3051, 02a03aee-1dd1-43c9-94ca-c76e2a537489:c3047, 9fb73170-bb25-48da-afcf-6f1f9e11598f:c3047]
2019-07-10 10:42:51,718 INFO  client.GrpcClientProtocolClient (GrpcClientProtocolClient.java:onNext(255)) - client-AC1CE418446C->edec9b8f-c318-426f-83f9-f44e945268a2: receive RaftClientReply:client-AC1CE418446C->edec9b8f-c318-426f-83f9-f44e945268a2@group-352661ED3FD5, cid=2085, SUCCESS, logIndex=0, commits[edec9b8f-c318-426f-83f9-f44e945268a2:c3052, 02a03aee-1dd1-43c9-94ca-c76e2a537489:c3049, 9fb73170-bb25-48da-afcf-6f1f9e11598f:c3050]
2019-07-10 10:42:51,743 INFO  client.GrpcClientProtocolClient (GrpcClientProtocolClient.java:onNext(255)) - client-AC1CE418446C->edec9b8f-c318-426f-83f9-f44e945268a2: receive RaftClientReply:client-AC1CE418446C->edec9b8f-c318-426f-83f9-f44e945268a2@group-352661ED3FD5, cid=2086, SUCCESS, logIndex=3056, commits[edec9b8f-c318-426f-83f9-f44e945268a2:c3056, 02a03aee-1dd1-43c9-94ca-c76e2a537489:c3055, 9fb73170-bb25-48da-afcf-6f1f9e11598f:c3055]
2019-07-10 10:42:51,743 INFO  client.GrpcClientProtocolClient (GrpcClientProtocolClient.java:onNext(255)) - client-AC1CE418446C->edec9b8f-c318-426f-83f9-f44e945268a2: receive RaftClientReply:client-AC1CE418446C->edec9b8f-c318-426f-83f9-f44e945268a2@group-352661ED3FD5, cid=2087, SUCCESS, logIndex=3057, commits[edec9b8f-c318-426f-83f9-f44e945268a2:c3057, 02a03aee-1dd1-43c9-94ca-c76e2a537489:c3055, 9fb73170-bb25-48da-afcf-6f1f9e11598f:c3055]
2019-07-10 10:42:51,758 INFO  client.GrpcClientProtocolClient (GrpcClientProtocolClient.java:onNext(255)) - client-AC1CE418446C->edec9b8f-c318-426f-83f9-f44e945268a2: receive RaftClientReply:client-AC1CE418446C->edec9b8f-c318-426f-83f9-f44e945268a2@group-352661ED3FD5, cid=2088, SUCCESS, logIndex=3060, commits[edec9b8f-c318-426f-83f9-f44e945268a2:c3060, 02a03aee-1dd1-43c9-94ca-c76e2a537489:c3057, 9fb73170-bb25-48da-afcf-6f1f9e11598f:c3057]
2019-07-10 10:42:51,758 INFO  client.GrpcClientProtocolClient (GrpcClientProtocolClient.java:onNext(255)) - client-AC1CE418446C->edec9b8f-c318-426f-83f9-f44e945268a2: receive RaftClientReply:client-AC1CE418446C->edec9b8f-c318-426f-83f9-f44e945268a2@group-352661ED3FD5, cid=2089, SUCCESS, logIndex=3061, commits[edec9b8f-c318-426f-83f9-f44e945268a2:c3061, 02a03aee-1dd1-43c9-94ca-c76e2a537489:c3057, 9fb73170-bb25-48da-afcf-6f1f9e11598f:c3057]
2019-07-10 10:42:51,776 INFO  client.GrpcClientProtocolClient (GrpcClientProtocolClient.java:onNext(255)) - client-AC1CE418446C->edec9b8f-c318-426f-83f9-f44e945268a2: receive RaftClientReply:client-AC1CE418446C->edec9b8f-c318-426f-83f9-f44e945268a2@group-352661ED3FD5, cid=2090, SUCCESS, logIndex=0, commits[edec9b8f-c318-426f-83f9-f44e945268a2:c3063, 02a03aee-1dd1-43c9-94ca-c76e2a537489:c3061, 9fb73170-bb25-48da-afcf-6f1f9e11598f:c3061]
2019-07-10 10:42:51,806 INFO  client.GrpcClientProtocolClient (GrpcClientProtocolClient.java:onNext(255)) - client-AC1CE418446C->edec9b8f-c318-426f-83f9-f44e945268a2: receive RaftClientReply:client-AC1CE418446C->edec9b8f-c318-426f-83f9-f44e945268a2@group-352661ED3FD5, cid=2091, SUCCESS, logIndex=3064, commits[edec9b8f-c318-426f-83f9-f44e945268a2:c3066, 02a03aee-1dd1-43c9-94ca-c76e2a537489:c3063, 9fb73170-bb25-48da-afcf-6f1f9e11598f:c3063]
2019-07-10 10:42:51,806 INFO  client.GrpcClientProtocolClient (GrpcClientProtocolClient.java:onNext(255)) - client-AC1CE418446C->edec9b8f-c318-426f-83f9-f44e945268a2: receive RaftClientReply:client-AC1CE418446C->edec9b8f-c318-426f-83f9-f44e945268a2@group-352661ED3FD5, cid=2092, SUCCESS, logIndex=3065, commits[edec9b8f-c318-426f-83f9-f44e945268a2:c3067, 02a03aee-1dd1-43c9-94ca-c76e2a537489:c3063, 9fb73170-bb25-48da-afcf-6f1f9e11598f:c3063]
2019-07-10 10:42:51,807 INFO  client.GrpcClientProtocolClient (GrpcClientProtocolClient.java:onNext(255)) - client-AC1CE418446C->edec9b8f-c318-426f-83f9-f44e945268a2: receive RaftClientReply:client-AC1CE418446C->edec9b8f-c318-426f-83f9-f44e945268a2@group-352661ED3FD5, cid=2093, SUCCESS, logIndex=3066, commits[edec9b8f-c318-426f-83f9-f44e945268a2:c3067, 02a03aee-1dd1-43c9-94ca-c76e2a537489:c3063, 9fb73170-bb25-48da-afcf-6f1f9e11598f:c3063]
2019-07-10 10:42:51,807 INFO  client.GrpcClientProtocolClient (GrpcClientProtocolClient.java:onNext(255)) - client-AC1CE418446C->edec9b8f-c318-426f-83f9-f44e945268a2: receive RaftClientReply:client-AC1CE418446C->edec9b8f-c318-426f-83f9-f44e945268a2@group-352661ED3FD5, cid=2094, SUCCESS, logIndex=3067, commits[edec9b8f-c318-426f-83f9-f44e945268a2:c3067, 02a03aee-1dd1-43c9-94ca-c76e2a537489:c3063, 9fb73170-bb25-48da-afcf-6f1f9e11598f:c3063]
2019-07-10 10:42:51,817 INFO  client.GrpcClientProtocolClient (GrpcClientProtocolClient.java:onNext(255)) - client-AC1CE418446C->edec9b8f-c318-426f-83f9-f44e945268a2: receive RaftClientReply:client-AC1CE418446C->edec9b8f-c318-426f-83f9-f44e945268a2@group-352661ED3FD5, cid=2095, SUCCESS, logIndex=0, commits[edec9b8f-c318-426f-83f9-f44e945268a2:c3068, 02a03aee-1dd1-43c9-94ca-c76e2a537489:c3065, 9fb73170-bb25-48da-afcf-6f1f9e11598f:c3065]
2019-07-10 10:42:51,837 INFO  client.GrpcClientProtocolClient (GrpcClientProtocolClient.java:onNext(255)) - client-AC1CE418446C->edec9b8f-c318-426f-83f9-f44e945268a2: receive RaftClientReply:client-AC1CE418446C->edec9b8f-c318-426f-83f9-f44e945268a2@group-352661ED3FD5, cid=2096, SUCCESS, logIndex=3072, commits[edec9b8f-c318-426f-83f9-f44e945268a2:c3072, 02a03aee-1dd1-43c9-94ca-c76e2a537489:c3071, 9fb73170-bb25-48da-afcf-6f1f9e11598f:c3071]
2019-07-10 10:42:51,837 INFO  client.GrpcClientProtocolClient (GrpcClientProtocolClient.java:onNext(255)) - client-AC1CE418446C->edec9b8f-c318-426f-83f9-f44e945268a2: receive RaftClientReply:client-AC1CE418446C->edec9b8f-c318-426f-83f9-f44e945268a2@group-352661ED3FD5, cid=2097, SUCCESS, logIndex=3073, commits[edec9b8f-c318-426f-83f9-f44e945268a2:c3073, 02a03aee-1dd1-43c9-94ca-c76e2a537489:c3071, 9fb73170-bb25-48da-afcf-6f1f9e11598f:c3071]
2019-07-10 10:42:51,943 INFO  client.GrpcClientProtocolClient (GrpcClientProtocolClient.java:onNext(255)) - client-AC1CE418446C->edec9b8f-c318-426f-83f9-f44e945268a2: receive RaftClientReply:client-AC1CE418446C->edec9b8f-c318-426f-83f9-f44e945268a2@group-352661ED3FD5, cid=2098, SUCCESS, logIndex=3076, commits[edec9b8f-c318-426f-83f9-f44e945268a2:c3077, 02a03aee-1dd1-43c9-94ca-c76e2a537489:c3074, 9fb73170-bb25-48da-afcf-6f1f9e11598f:c3074]
2019-07-10 10:42:51,943 INFO  client.GrpcClientProtocolClient (GrpcClientProtocolClient.java:onNext(255)) - client-AC1CE418446C->edec9b8f-c318-426f-83f9-f44e945268a2: receive RaftClientReply:client-AC1CE418446C->edec9b8f-c318-426f-83f9-f44e945268a2@group-352661ED3FD5, cid=2099, SUCCESS, logIndex=3077, commits[edec9b8f-c318-426f-83f9-f44e945268a2:c3077, 02a03aee-1dd1-43c9-94ca-c76e2a537489:c3074, 9fb73170-bb25-48da-afcf-6f1f9e11598f:c3074]
2019-07-10 10:42:51,957 INFO  client.GrpcClientProtocolClient (GrpcClientProtocolClient.java:onNext(255)) - client-AC1CE418446C->edec9b8f-c318-426f-83f9-f44e945268a2: receive RaftClientReply:client-AC1CE418446C->edec9b8f-c318-426f-83f9-f44e945268a2@group-352661ED3FD5, cid=2100, SUCCESS, logIndex=0, commits[edec9b8f-c318-426f-83f9-f44e945268a2:c3079, 02a03aee-1dd1-43c9-94ca-c76e2a537489:c3077, 9fb73170-bb25-48da-afcf-6f1f9e11598f:c3077]
2019-07-10 10:42:51,990 INFO  client.GrpcClientProtocolClient (GrpcClientProtocolClient.java:onNext(255)) - client-AC1CE418446C->edec9b8f-c318-426f-83f9-f44e945268a2: receive RaftClientReply:client-AC1CE418446C->edec9b8f-c318-426f-83f9-f44e945268a2@group-352661ED3FD5, cid=2101, SUCCESS, logIndex=3080, commits[edec9b8f-c318-426f-83f9-f44e945268a2:c3082, 02a03aee-1dd1-43c9-94ca-c76e2a537489:c3079, 9fb73170-bb25-48da-afcf-6f1f9e11598f:c3079]
2019-07-10 10:42:51,990 INFO  client.GrpcClientProtocolClient (GrpcClientProtocolClient.java:onNext(255)) - client-AC1CE418446C->edec9b8f-c318-426f-83f9-f44e945268a2: receive RaftClientReply:client-AC1CE418446C->edec9b8f-c318-426f-83f9-f44e945268a2@group-352661ED3FD5, cid=2102, SUCCESS, logIndex=3081, commits[edec9b8f-c318-426f-83f9-f44e945268a2:c3083, 02a03aee-1dd1-43c9-94ca-c76e2a537489:c3079, 9fb73170-bb25-48da-afcf-6f1f9e11598f:c3079]
2019-07-10 10:42:51,991 INFO  client.GrpcClientProtocolClient (GrpcClientProtocolClient.java:onNext(255)) - client-AC1CE418446C->edec9b8f-c318-426f-83f9-f44e945268a2: receive RaftClientReply:client-AC1CE418446C->edec9b8f-c318-426f-83f9-f44e945268a2@group-352661ED3FD5, cid=2103, SUCCESS, logIndex=3082, commits[edec9b8f-c318-426f-83f9-f44e945268a2:c3083, 02a03aee-1dd1-43c9-94ca-c76e2a537489:c3079, 9fb73170-bb25-48da-afcf-6f1f9e11598f:c3079]
2019-07-10 10:42:51,991 INFO  client.GrpcClientProtocolClient (GrpcClientProtocolClient.java:onNext(255)) - client-AC1CE418446C->edec9b8f-c318-426f-83f9-f44e945268a2: receive RaftClientReply:client-AC1CE418446C->edec9b8f-c318-426f-83f9-f44e945268a2@group-352661ED3FD5, cid=2104, SUCCESS, logIndex=3083, commits[edec9b8f-c318-426f-83f9-f44e945268a2:c3083, 02a03aee-1dd1-43c9-94ca-c76e2a537489:c3079, 9fb73170-bb25-48da-afcf-6f1f9e11598f:c3079]
2019-07-10 10:42:52,009 INFO  client.GrpcClientProtocolClient (GrpcClientProtocolClient.java:onNext(255)) - client-AC1CE418446C->edec9b8f-c318-426f-83f9-f44e945268a2: receive RaftClientReply:client-AC1CE418446C->edec9b8f-c318-426f-83f9-f44e945268a2@group-352661ED3FD5, cid=2105, SUCCESS, logIndex=0, commits[edec9b8f-c318-426f-83f9-f44e945268a2:c3085, 02a03aee-1dd1-43c9-94ca-c76e2a537489:c3081, 9fb73170-bb25-48da-afcf-6f1f9e11598f:c3081]
2019-07-10 10:42:52,029 INFO  client.GrpcClientProtocolClient (GrpcClientProtocolClient.java:onNext(255)) - client-AC1CE418446C->edec9b8f-c318-426f-83f9-f44e945268a2: receive RaftClientReply:client-AC1CE418446C->edec9b8f-c318-426f-83f9-f44e945268a2@group-352661ED3FD5, cid=2106, SUCCESS, logIndex=3088, commits[edec9b8f-c318-426f-83f9-f44e945268a2:c3089, 02a03aee-1dd1-43c9-94ca-c76e2a537489:c3087, 9fb73170-bb25-48da-afcf-6f1f9e11598f:c3087]
2019-07-10 10:42:52,030 INFO  client.GrpcClientProtocolClient (GrpcClientProtocolClient.java:onNext(255)) - client-AC1CE418446C->edec9b8f-c318-426f-83f9-f44e945268a2: receive RaftClientReply:client-AC1CE418446C->edec9b8f-c318-426f-83f9-f44e945268a2@group-352661ED3FD5, cid=2107, SUCCESS, logIndex=3089, commits[edec9b8f-c318-426f-83f9-f44e945268a2:c3089, 02a03aee-1dd1-43c9-94ca-c76e2a537489:c3087, 9fb73170-bb25-48da-afcf-6f1f9e11598f:c3087]
2019-07-10 10:42:52,044 INFO  client.GrpcClientProtocolClient (GrpcClientProtocolClient.java:onNext(255)) - client-AC1CE418446C->edec9b8f-c318-426f-83f9-f44e945268a2: receive RaftClientReply:client-AC1CE418446C->edec9b8f-c318-426f-83f9-f44e945268a2@group-352661ED3FD5, cid=2108, SUCCESS, logIndex=3092, commits[edec9b8f-c318-426f-83f9-f44e945268a2:c3093, 02a03aee-1dd1-43c9-94ca-c76e2a537489:c3089, 9fb73170-bb25-48da-afcf-6f1f9e11598f:c3089]
2019-07-10 10:42:52,044 INFO  client.GrpcClientProtocolClient (GrpcClientProtocolClient.java:onNext(255)) - client-AC1CE418446C->edec9b8f-c318-426f-83f9-f44e945268a2: receive RaftClientReply:client-AC1CE418446C->edec9b8f-c318-426f-83f9-f44e945268a2@group-352661ED3FD5, cid=2109, SUCCESS, logIndex=3093, commits[edec9b8f-c318-426f-83f9-f44e945268a2:c3093, 02a03aee-1dd1-43c9-94ca-c76e2a537489:c3089, 9fb73170-bb25-48da-afcf-6f1f9e11598f:c3089]
2019-07-10 10:42:52,059 INFO  client.GrpcClientProtocolClient (GrpcClientProtocolClient.java:onNext(255)) - client-AC1CE418446C->edec9b8f-c318-426f-83f9-f44e945268a2: receive RaftClientReply:client-AC1CE418446C->edec9b8f-c318-426f-83f9-f44e945268a2@group-352661ED3FD5, cid=2110, SUCCESS, logIndex=0, commits[edec9b8f-c318-426f-83f9-f44e945268a2:c3095, 02a03aee-1dd1-43c9-94ca-c76e2a537489:c3093, 9fb73170-bb25-48da-afcf-6f1f9e11598f:c3093]
2019-07-10 10:42:52,089 INFO  client.GrpcClientProtocolClient (GrpcClientProtocolClient.java:onNext(255)) - client-AC1CE418446C->edec9b8f-c318-426f-83f9-f44e945268a2: receive RaftClientReply:client-AC1CE418446C->edec9b8f-c318-426f-83f9-f44e945268a2@group-352661ED3FD5, cid=2111, SUCCESS, logIndex=3096, commits[edec9b8f-c318-426f-83f9-f44e945268a2:c3097, 02a03aee-1dd1-43c9-94ca-c76e2a537489:c3095, 9fb73170-bb25-48da-afcf-6f1f9e11598f:c3095]
2019-07-10 10:42:52,089 INFO  client.GrpcClientProtocolClient (GrpcClientProtocolClient.java:onNext(255)) - client-AC1CE418446C->edec9b8f-c318-426f-83f9-f44e945268a2: receive RaftClientReply:client-AC1CE418446C->edec9b8f-c318-426f-83f9-f44e945268a2@group-352661ED3FD5, cid=2112, SUCCESS, logIndex=3097, commits[edec9b8f-c318-426f-83f9-f44e945268a2:c3098, 02a03aee-1dd1-43c9-94ca-c76e2a537489:c3095, 9fb73170-bb25-48da-afcf-6f1f9e11598f:c3095]
2019-07-10 10:42:52,090 INFO  client.GrpcClientProtocolClient (GrpcClientProtocolClient.java:onNext(255)) - client-AC1CE418446C->edec9b8f-c318-426f-83f9-f44e945268a2: receive RaftClientReply:client-AC1CE418446C->edec9b8f-c318-426f-83f9-f44e945268a2@group-352661ED3FD5, cid=2113, SUCCESS, logIndex=3098, commits[edec9b8f-c318-426f-83f9-f44e945268a2:c3099, 02a03aee-1dd1-43c9-94ca-c76e2a537489:c3095, 9fb73170-bb25-48da-afcf-6f1f9e11598f:c3095]
2019-07-10 10:42:52,090 INFO  client.GrpcClientProtocolClient (GrpcClientProtocolClient.java:onNext(255)) - client-AC1CE418446C->edec9b8f-c318-426f-83f9-f44e945268a2: receive RaftClientReply:client-AC1CE418446C->edec9b8f-c318-426f-83f9-f44e945268a2@group-352661ED3FD5, cid=2114, SUCCESS, logIndex=3099, commits[edec9b8f-c318-426f-83f9-f44e945268a2:c3099, 02a03aee-1dd1-43c9-94ca-c76e2a537489:c3095, 9fb73170-bb25-48da-afcf-6f1f9e11598f:c3095]
2019-07-10 10:42:52,102 INFO  client.GrpcClientProtocolClient (GrpcClientProtocolClient.java:onNext(255)) - client-AC1CE418446C->edec9b8f-c318-426f-83f9-f44e945268a2: receive RaftClientReply:client-AC1CE418446C->edec9b8f-c318-426f-83f9-f44e945268a2@group-352661ED3FD5, cid=2115, SUCCESS, logIndex=0, commits[edec9b8f-c318-426f-83f9-f44e945268a2:c3100, 02a03aee-1dd1-43c9-94ca-c76e2a537489:c3097, 9fb73170-bb25-48da-afcf-6f1f9e11598f:c3097]
2019-07-10 10:42:52,128 INFO  client.GrpcClientProtocolClient (GrpcClientProtocolClient.java:onNext(255)) - client-AC1CE418446C->edec9b8f-c318-426f-83f9-f44e945268a2: receive RaftClientReply:client-AC1CE418446C->edec9b8f-c318-426f-83f9-f44e945268a2@group-352661ED3FD5, cid=2116, SUCCESS, logIndex=3104, commits[edec9b8f-c318-426f-83f9-f44e945268a2:c3105, 02a03aee-1dd1-43c9-94ca-c76e2a537489:c3100, 9fb73170-bb25-48da-afcf-6f1f9e11598f:c3100]
2019-07-10 10:42:52,129 INFO  client.GrpcClientProtocolClient (GrpcClientProtocolClient.java:onNext(255)) - client-AC1CE418446C->edec9b8f-c318-426f-83f9-f44e945268a2: receive RaftClientReply:client-AC1CE418446C->edec9b8f-c318-426f-83f9-f44e945268a2@group-352661ED3FD5, cid=2117, SUCCESS, logIndex=3105, commits[edec9b8f-c318-426f-83f9-f44e945268a2:c3105, 02a03aee-1dd1-43c9-94ca-c76e2a537489:c3100, 9fb73170-bb25-48da-afcf-6f1f9e11598f:c3100]
2019-07-10 10:42:52,155 INFO  client.GrpcClientProtocolClient (GrpcClientProtocolClient.java:onNext(255)) - client-AC1CE418446C->edec9b8f-c318-426f-83f9-f44e945268a2: receive RaftClientReply:client-AC1CE418446C->edec9b8f-c318-426f-83f9-f44e945268a2@group-352661ED3FD5, cid=2118, SUCCESS, logIndex=3108, commits[edec9b8f-c318-426f-83f9-f44e945268a2:c3109, 02a03aee-1dd1-43c9-94ca-c76e2a537489:c3105, 9fb73170-bb25-48da-afcf-6f1f9e11598f:c3105]
2019-07-10 10:42:52,155 INFO  client.GrpcClientProtocolClient (GrpcClientProtocolClient.java:onNext(255)) - client-AC1CE418446C->edec9b8f-c318-426f-83f9-f44e945268a2: receive RaftClientReply:client-AC1CE418446C->edec9b8f-c318-426f-83f9-f44e945268a2@group-352661ED3FD5, cid=2119, SUCCESS, logIndex=3109, commits[edec9b8f-c318-426f-83f9-f44e945268a2:c3109, 02a03aee-1dd1-43c9-94ca-c76e2a537489:c3105, 9fb73170-bb25-48da-afcf-6f1f9e11598f:c3105]
2019-07-10 10:42:52,177 INFO  client.GrpcClientProtocolClient (GrpcClientProtocolClient.java:onNext(255)) - client-AC1CE418446C->edec9b8f-c318-426f-83f9-f44e945268a2: receive RaftClientReply:client-AC1CE418446C->edec9b8f-c318-426f-83f9-f44e945268a2@group-352661ED3FD5, cid=2120, SUCCESS, logIndex=0, commits[edec9b8f-c318-426f-83f9-f44e945268a2:c3111, 02a03aee-1dd1-43c9-94ca-c76e2a537489:c3109, 9fb73170-bb25-48da-afcf-6f1f9e11598f:c3109]
2019-07-10 10:42:52,210 INFO  client.GrpcClientProtocolClient (GrpcClientProtocolClient.java:onNext(255)) - client-AC1CE418446C->edec9b8f-c318-426f-83f9-f44e945268a2: receive RaftClientReply:client-AC1CE418446C->edec9b8f-c318-426f-83f9-f44e945268a2@group-352661ED3FD5, cid=2121, SUCCESS, logIndex=3112, commits[edec9b8f-c318-426f-83f9-f44e945268a2:c3115, 02a03aee-1dd1-43c9-94ca-c76e2a537489:c3111, 9fb73170-bb25-48da-afcf-6f1f9e11598f:c3109]
2019-07-10 10:42:52,211 INFO  client.GrpcClientProtocolClient (GrpcClientProtocolClient.java:onNext(255)) - client-AC1CE418446C->edec9b8f-c318-426f-83f9-f44e945268a2: receive RaftClientReply:client-AC1CE418446C->edec9b8f-c318-426f-83f9-f44e945268a2@group-352661ED3FD5, cid=2122, SUCCESS, logIndex=3113, commits[edec9b8f-c318-426f-83f9-f44e945268a2:c3115, 02a03aee-1dd1-43c9-94ca-c76e2a537489:c3111, 9fb73170-bb25-48da-afcf-6f1f9e11598f:c3111]
2019-07-10 10:42:52,211 INFO  client.GrpcClientProtocolClient (GrpcClientProtocolClient.java:onNext(255)) - client-AC1CE418446C->edec9b8f-c318-426f-83f9-f44e945268a2: receive RaftClientReply:client-AC1CE418446C->edec9b8f-c318-426f-83f9-f44e945268a2@group-352661ED3FD5, cid=2123, SUCCESS, logIndex=3114, commits[edec9b8f-c318-426f-83f9-f44e945268a2:c3115, 02a03aee-1dd1-43c9-94ca-c76e2a537489:c3111, 9fb73170-bb25-48da-afcf-6f1f9e11598f:c3111]
2019-07-10 10:42:52,212 INFO  client.GrpcClientProtocolClient (GrpcClientProtocolClient.java:onNext(255)) - client-AC1CE418446C->edec9b8f-c318-426f-83f9-f44e945268a2: receive RaftClientReply:client-AC1CE418446C->edec9b8f-c318-426f-83f9-f44e945268a2@group-352661ED3FD5, cid=2124, SUCCESS, logIndex=3115, commits[edec9b8f-c318-426f-83f9-f44e945268a2:c3115, 02a03aee-1dd1-43c9-94ca-c76e2a537489:c3111, 9fb73170-bb25-48da-afcf-6f1f9e11598f:c3111]
2019-07-10 10:42:52,214 INFO  client.GrpcClientProtocolClient (GrpcClientProtocolClient.java:onNext(255)) - client-AC1CE418446C->edec9b8f-c318-426f-83f9-f44e945268a2: receive RaftClientReply:client-AC1CE418446C->edec9b8f-c318-426f-83f9-f44e945268a2@group-352661ED3FD5, cid=2125, SUCCESS, logIndex=0, commits[edec9b8f-c318-426f-83f9-f44e945268a2:c3116, 02a03aee-1dd1-43c9-94ca-c76e2a537489:c3113, 9fb73170-bb25-48da-afcf-6f1f9e11598f:c3113]
2019-07-10 10:42:52,225 INFO  client.GrpcClientProtocolClient (GrpcClientProtocolClient.java:onNext(255)) - client-AC1CE418446C->edec9b8f-c318-426f-83f9-f44e945268a2: receive RaftClientReply:client-AC1CE418446C->edec9b8f-c318-426f-83f9-f44e945268a2@group-352661ED3FD5, cid=2126, SUCCESS, logIndex=3120, commits[edec9b8f-c318-426f-83f9-f44e945268a2:c3121, 02a03aee-1dd1-43c9-94ca-c76e2a537489:c3119, 9fb73170-bb25-48da-afcf-6f1f9e11598f:c3115]
2019-07-10 10:42:52,225 INFO  client.GrpcClientProtocolClient (GrpcClientProtocolClient.java:onNext(255)) - client-AC1CE418446C->edec9b8f-c318-426f-83f9-f44e945268a2: receive RaftClientReply:client-AC1CE418446C->edec9b8f-c318-426f-83f9-f44e945268a2@group-352661ED3FD5, cid=2127, SUCCESS, logIndex=3121, commits[edec9b8f-c318-426f-83f9-f44e945268a2:c3121, 02a03aee-1dd1-43c9-94ca-c76e2a537489:c3119, 9fb73170-bb25-48da-afcf-6f1f9e11598f:c3119]
2019-07-10 10:42:52,237 INFO  client.GrpcClientProtocolClient (GrpcClientProtocolClient.java:onNext(255)) - client-AC1CE418446C->edec9b8f-c318-426f-83f9-f44e945268a2: receive RaftClientReply:client-AC1CE418446C->edec9b8f-c318-426f-83f9-f44e945268a2@group-352661ED3FD5, cid=2128, SUCCESS, logIndex=3124, commits[edec9b8f-c318-426f-83f9-f44e945268a2:c3125, 02a03aee-1dd1-43c9-94ca-c76e2a537489:c3122, 9fb73170-bb25-48da-afcf-6f1f9e11598f:c3121]
2019-07-10 10:42:52,237 INFO  client.GrpcClientProtocolClient (GrpcClientProtocolClient.java:onNext(255)) - client-AC1CE418446C->edec9b8f-c318-426f-83f9-f44e945268a2: receive RaftClientReply:client-AC1CE418446C->edec9b8f-c318-426f-83f9-f44e945268a2@group-352661ED3FD5, cid=2129, SUCCESS, logIndex=3125, commits[edec9b8f-c318-426f-83f9-f44e945268a2:c3125, 02a03aee-1dd1-43c9-94ca-c76e2a537489:c3122, 9fb73170-bb25-48da-afcf-6f1f9e11598f:c3121]
2019-07-10 10:42:52,239 INFO  client.GrpcClientProtocolClient (GrpcClientProtocolClient.java:onNext(255)) - client-AC1CE418446C->edec9b8f-c318-426f-83f9-f44e945268a2: receive RaftClientReply:client-AC1CE418446C->edec9b8f-c318-426f-83f9-f44e945268a2@group-352661ED3FD5, cid=2130, SUCCESS, logIndex=0, commits[edec9b8f-c318-426f-83f9-f44e945268a2:c3126, 02a03aee-1dd1-43c9-94ca-c76e2a537489:c3125, 9fb73170-bb25-48da-afcf-6f1f9e11598f:c3125]
2019-07-10 10:42:52,282 INFO  client.GrpcClientProtocolClient (GrpcClientProtocolClient.java:onNext(255)) - client-AC1CE418446C->edec9b8f-c318-426f-83f9-f44e945268a2: receive RaftClientReply:client-AC1CE418446C->edec9b8f-c318-426f-83f9-f44e945268a2@group-352661ED3FD5, cid=2131, SUCCESS, logIndex=3128, commits[edec9b8f-c318-426f-83f9-f44e945268a2:c3129, 02a03aee-1dd1-43c9-94ca-c76e2a537489:c3127, 9fb73170-bb25-48da-afcf-6f1f9e11598f:c3127]
2019-07-10 10:42:52,283 INFO  client.GrpcClientProtocolClient (GrpcClientProtocolClient.java:onNext(255)) - client-AC1CE418446C->edec9b8f-c318-426f-83f9-f44e945268a2: receive RaftClientReply:client-AC1CE418446C->edec9b8f-c318-426f-83f9-f44e945268a2@group-352661ED3FD5, cid=2132, SUCCESS, logIndex=3129, commits[edec9b8f-c318-426f-83f9-f44e945268a2:c3129, 02a03aee-1dd1-43c9-94ca-c76e2a537489:c3127, 9fb73170-bb25-48da-afcf-6f1f9e11598f:c3127]
2019-07-10 10:42:52,285 INFO  client.GrpcClientProtocolClient (GrpcClientProtocolClient.java:onNext(255)) - client-AC1CE418446C->edec9b8f-c318-426f-83f9-f44e945268a2: receive RaftClientReply:client-AC1CE418446C->edec9b8f-c318-426f-83f9-f44e945268a2@group-352661ED3FD5, cid=2133, SUCCESS, logIndex=3130, commits[edec9b8f-c318-426f-83f9-f44e945268a2:c3131, 02a03aee-1dd1-43c9-94ca-c76e2a537489:c3127, 9fb73170-bb25-48da-afcf-6f1f9e11598f:c3127]
2019-07-10 10:42:52,285 INFO  client.GrpcClientProtocolClient (GrpcClientProtocolClient.java:onNext(255)) - client-AC1CE418446C->edec9b8f-c318-426f-83f9-f44e945268a2: receive RaftClientReply:client-AC1CE418446C->edec9b8f-c318-426f-83f9-f44e945268a2@group-352661ED3FD5, cid=2134, SUCCESS, logIndex=3131, commits[edec9b8f-c318-426f-83f9-f44e945268a2:c3131, 02a03aee-1dd1-43c9-94ca-c76e2a537489:c3127, 9fb73170-bb25-48da-afcf-6f1f9e11598f:c3127]
2019-07-10 10:42:52,303 INFO  client.GrpcClientProtocolClient (GrpcClientProtocolClient.java:onNext(255)) - client-AC1CE418446C->edec9b8f-c318-426f-83f9-f44e945268a2: receive RaftClientReply:client-AC1CE418446C->edec9b8f-c318-426f-83f9-f44e945268a2@group-352661ED3FD5, cid=2135, SUCCESS, logIndex=0, commits[edec9b8f-c318-426f-83f9-f44e945268a2:c3135, 02a03aee-1dd1-43c9-94ca-c76e2a537489:c3131, 9fb73170-bb25-48da-afcf-6f1f9e11598f:c3129]
2019-07-10 10:42:52,315 INFO  client.GrpcClientProtocolClient (GrpcClientProtocolClient.java:onNext(255)) - client-AC1CE418446C->edec9b8f-c318-426f-83f9-f44e945268a2: receive RaftClientReply:client-AC1CE418446C->edec9b8f-c318-426f-83f9-f44e945268a2@group-352661ED3FD5, cid=2136, SUCCESS, logIndex=3136, commits[edec9b8f-c318-426f-83f9-f44e945268a2:c3137, 02a03aee-1dd1-43c9-94ca-c76e2a537489:c3135, 9fb73170-bb25-48da-afcf-6f1f9e11598f:c3135]
2019-07-10 10:42:52,316 INFO  client.GrpcClientProtocolClient (GrpcClientProtocolClient.java:onNext(255)) - client-AC1CE418446C->edec9b8f-c318-426f-83f9-f44e945268a2: receive RaftClientReply:client-AC1CE418446C->edec9b8f-c318-426f-83f9-f44e945268a2@group-352661ED3FD5, cid=2137, SUCCESS, logIndex=3137, commits[edec9b8f-c318-426f-83f9-f44e945268a2:c3137, 02a03aee-1dd1-43c9-94ca-c76e2a537489:c3135, 9fb73170-bb25-48da-afcf-6f1f9e11598f:c3135]
 0.00% |█                                                                                                    |  0/1 Time: 0:00:182019-07-10 10:42:52,328 INFO  client.GrpcClientProtocolClient (GrpcClientProtocolClient.java:onNext(255)) - client-AC1CE418446C->edec9b8f-c318-426f-83f9-f44e945268a2: receive RaftClientReply:client-AC1CE418446C->edec9b8f-c318-426f-83f9-f44e945268a2@group-352661ED3FD5, cid=2138, SUCCESS, logIndex=3140, commits[edec9b8f-c318-426f-83f9-f44e945268a2:c3141, 02a03aee-1dd1-43c9-94ca-c76e2a537489:c3137, 9fb73170-bb25-48da-afcf-6f1f9e11598f:c3137]
2019-07-10 10:42:52,329 INFO  client.GrpcClientProtocolClient (GrpcClientProtocolClient.java:onNext(255)) - client-AC1CE418446C->edec9b8f-c318-426f-83f9-f44e945268a2: receive RaftClientReply:client-AC1CE418446C->edec9b8f-c318-426f-83f9-f44e945268a2@group-352661ED3FD5, cid=2139, SUCCESS, logIndex=3141, commits[edec9b8f-c318-426f-83f9-f44e945268a2:c3141, 02a03aee-1dd1-43c9-94ca-c76e2a537489:c3137, 9fb73170-bb25-48da-afcf-6f1f9e11598f:c3137]
2019-07-10 10:42:52,342 INFO  client.GrpcClientProtocolClient (GrpcClientProtocolClient.java:onNext(255)) - client-AC1CE418446C->edec9b8f-c318-426f-83f9-f44e945268a2: receive RaftClientReply:client-AC1CE418446C->edec9b8f-c318-426f-83f9-f44e945268a2@group-352661ED3FD5, cid=2140, SUCCESS, logIndex=0, commits[edec9b8f-c318-426f-83f9-f44e945268a2:c3143, 02a03aee-1dd1-43c9-94ca-c76e2a537489:c3141, 9fb73170-bb25-48da-afcf-6f1f9e11598f:c3141]
2019-07-10 10:42:52,369 INFO  client.GrpcClientProtocolClient (GrpcClientProtocolClient.java:onNext(255)) - client-AC1CE418446C->edec9b8f-c318-426f-83f9-f44e945268a2: receive RaftClientReply:client-AC1CE418446C->edec9b8f-c318-426f-83f9-f44e945268a2@group-352661ED3FD5, cid=2141, SUCCESS, logIndex=3144, commits[edec9b8f-c318-426f-83f9-f44e945268a2:c3145, 02a03aee-1dd1-43c9-94ca-c76e2a537489:c3143, 9fb73170-bb25-48da-afcf-6f1f9e11598f:c3143]
2019-07-10 10:42:52,370 INFO  client.GrpcClientProtocolClient (GrpcClientProtocolClient.java:onNext(255)) - client-AC1CE418446C->edec9b8f-c318-426f-83f9-f44e945268a2: receive RaftClientReply:client-AC1CE418446C->edec9b8f-c318-426f-83f9-f44e945268a2@group-352661ED3FD5, cid=2142, SUCCESS, logIndex=3145, commits[edec9b8f-c318-426f-83f9-f44e945268a2:c3147, 02a03aee-1dd1-43c9-94ca-c76e2a537489:c3143, 9fb73170-bb25-48da-afcf-6f1f9e11598f:c3143]
2019-07-10 10:42:52,370 INFO  client.GrpcClientProtocolClient (GrpcClientProtocolClient.java:onNext(255)) - client-AC1CE418446C->edec9b8f-c318-426f-83f9-f44e945268a2: receive RaftClientReply:client-AC1CE418446C->edec9b8f-c318-426f-83f9-f44e945268a2@group-352661ED3FD5, cid=2143, SUCCESS, logIndex=3146, commits[edec9b8f-c318-426f-83f9-f44e945268a2:c3147, 02a03aee-1dd1-43c9-94ca-c76e2a537489:c3143, 9fb73170-bb25-48da-afcf-6f1f9e11598f:c3143]
2019-07-10 10:42:52,370 INFO  client.GrpcClientProtocolClient (GrpcClientProtocolClient.java:onNext(255)) - client-AC1CE418446C->edec9b8f-c318-426f-83f9-f44e945268a2: receive RaftClientReply:client-AC1CE418446C->edec9b8f-c318-426f-83f9-f44e945268a2@group-352661ED3FD5, cid=2144, SUCCESS, logIndex=3147, commits[edec9b8f-c318-426f-83f9-f44e945268a2:c3147, 02a03aee-1dd1-43c9-94ca-c76e2a537489:c3143, 9fb73170-bb25-48da-afcf-6f1f9e11598f:c3143]
2019-07-10 10:42:52,382 INFO  client.GrpcClientProtocolClient (GrpcClientProtocolClient.java:onNext(255)) - client-AC1CE418446C->edec9b8f-c318-426f-83f9-f44e945268a2: receive RaftClientReply:client-AC1CE418446C->edec9b8f-c318-426f-83f9-f44e945268a2@group-352661ED3FD5, cid=2145, SUCCESS, logIndex=0, commits[edec9b8f-c318-426f-83f9-f44e945268a2:c3148, 02a03aee-1dd1-43c9-94ca-c76e2a537489:c3145, 9fb73170-bb25-48da-afcf-6f1f9e11598f:c3145]
2019-07-10 10:42:52,401 INFO  client.GrpcClientProtocolClient (GrpcClientProtocolClient.java:onNext(255)) - client-AC1CE418446C->edec9b8f-c318-426f-83f9-f44e945268a2: receive RaftClientReply:client-AC1CE418446C->edec9b8f-c318-426f-83f9-f44e945268a2@group-352661ED3FD5, cid=2146, SUCCESS, logIndex=3151, commits[edec9b8f-c318-426f-83f9-f44e945268a2:c3152, 02a03aee-1dd1-43c9-94ca-c76e2a537489:c3150, 9fb73170-bb25-48da-afcf-6f1f9e11598f:c3150]
2019-07-10 10:42:52,401 INFO  client.GrpcClientProtocolClient (GrpcClientProtocolClient.java:onNext(255)) - client-AC1CE418446C->edec9b8f-c318-426f-83f9-f44e945268a2: receive RaftClientReply:client-AC1CE418446C->edec9b8f-c318-426f-83f9-f44e945268a2@group-352661ED3FD5, cid=2147, SUCCESS, logIndex=3152, commits[edec9b8f-c318-426f-83f9-f44e945268a2:c3152, 02a03aee-1dd1-43c9-94ca-c76e2a537489:c3150, 9fb73170-bb25-48da-afcf-6f1f9e11598f:c3150]
2019-07-10 10:42:52,416 INFO  client.GrpcClientProtocolClient (GrpcClientProtocolClient.java:onNext(255)) - client-AC1CE418446C->edec9b8f-c318-426f-83f9-f44e945268a2: receive RaftClientReply:client-AC1CE418446C->edec9b8f-c318-426f-83f9-f44e945268a2@group-352661ED3FD5, cid=2148, SUCCESS, logIndex=3155, commits[edec9b8f-c318-426f-83f9-f44e945268a2:c3156, 02a03aee-1dd1-43c9-94ca-c76e2a537489:c3152, 9fb73170-bb25-48da-afcf-6f1f9e11598f:c3152]
2019-07-10 10:42:52,416 INFO  client.GrpcClientProtocolClient (GrpcClientProtocolClient.java:onNext(255)) - client-AC1CE418446C->edec9b8f-c318-426f-83f9-f44e945268a2: receive RaftClientReply:client-AC1CE418446C->edec9b8f-c318-426f-83f9-f44e945268a2@group-352661ED3FD5, cid=2149, SUCCESS, logIndex=3156, commits[edec9b8f-c318-426f-83f9-f44e945268a2:c3156, 02a03aee-1dd1-43c9-94ca-c76e2a537489:c3152, 9fb73170-bb25-48da-afcf-6f1f9e11598f:c3152]
2019-07-10 10:42:52,430 INFO  client.GrpcClientProtocolClient (GrpcClientProtocolClient.java:onNext(255)) - client-AC1CE418446C->edec9b8f-c318-426f-83f9-f44e945268a2: receive RaftClientReply:client-AC1CE418446C->edec9b8f-c318-426f-83f9-f44e945268a2@group-352661ED3FD5, cid=2150, SUCCESS, logIndex=0, commits[edec9b8f-c318-426f-83f9-f44e945268a2:c3158, 02a03aee-1dd1-43c9-94ca-c76e2a537489:c3156, 9fb73170-bb25-48da-afcf-6f1f9e11598f:c3156]
2019-07-10 10:42:52,457 INFO  client.GrpcClientProtocolClient (GrpcClientProtocolClient.java:onNext(255)) - client-AC1CE418446C->edec9b8f-c318-426f-83f9-f44e945268a2: receive RaftClientReply:client-AC1CE418446C->edec9b8f-c318-426f-83f9-f44e945268a2@group-352661ED3FD5, cid=2151, SUCCESS, logIndex=3159, commits[edec9b8f-c318-426f-83f9-f44e945268a2:c3160, 02a03aee-1dd1-43c9-94ca-c76e2a537489:c3158, 9fb73170-bb25-48da-afcf-6f1f9e11598f:c3158]
2019-07-10 10:42:52,458 INFO  client.GrpcClientProtocolClient (GrpcClientProtocolClient.java:onNext(255)) - client-AC1CE418446C->edec9b8f-c318-426f-83f9-f44e945268a2: receive RaftClientReply:client-AC1CE418446C->edec9b8f-c318-426f-83f9-f44e945268a2@group-352661ED3FD5, cid=2152, SUCCESS, logIndex=3160, commits[edec9b8f-c318-426f-83f9-f44e945268a2:c3160, 02a03aee-1dd1-43c9-94ca-c76e2a537489:c3158, 9fb73170-bb25-48da-afcf-6f1f9e11598f:c3158]
2019-07-10 10:42:52,458 INFO  client.GrpcClientProtocolClient (GrpcClientProtocolClient.java:onNext(255)) - client-AC1CE418446C->edec9b8f-c318-426f-83f9-f44e945268a2: receive RaftClientReply:client-AC1CE418446C->edec9b8f-c318-426f-83f9-f44e945268a2@group-352661ED3FD5, cid=2153, SUCCESS, logIndex=3161, commits[edec9b8f-c318-426f-83f9-f44e945268a2:c3162, 02a03aee-1dd1-43c9-94ca-c76e2a537489:c3158, 9fb73170-bb25-48da-afcf-6f1f9e11598f:c3158]
2019-07-10 10:42:52,458 INFO  client.GrpcClientProtocolClient (GrpcClientProtocolClient.java:onNext(255)) - client-AC1CE418446C->edec9b8f-c318-426f-83f9-f44e945268a2: receive RaftClientReply:client-AC1CE418446C->edec9b8f-c318-426f-83f9-f44e945268a2@group-352661ED3FD5, cid=2154, SUCCESS, logIndex=3162, commits[edec9b8f-c318-426f-83f9-f44e945268a2:c3162, 02a03aee-1dd1-43c9-94ca-c76e2a537489:c3158, 9fb73170-bb25-48da-afcf-6f1f9e11598f:c3158]
2019-07-10 10:42:52,472 INFO  client.GrpcClientProtocolClient (GrpcClientProtocolClient.java:onNext(255)) - client-AC1CE418446C->edec9b8f-c318-426f-83f9-f44e945268a2: receive RaftClientReply:client-AC1CE418446C->edec9b8f-c318-426f-83f9-f44e945268a2@group-352661ED3FD5, cid=2155, SUCCESS, logIndex=0, commits[edec9b8f-c318-426f-83f9-f44e945268a2:c3164, 02a03aee-1dd1-43c9-94ca-c76e2a537489:c3160, 9fb73170-bb25-48da-afcf-6f1f9e11598f:c3160]
2019-07-10 10:42:52,492 INFO  client.GrpcClientProtocolClient (GrpcClientProtocolClient.java:onNext(255)) - client-AC1CE418446C->edec9b8f-c318-426f-83f9-f44e945268a2: receive RaftClientReply:client-AC1CE418446C->edec9b8f-c318-426f-83f9-f44e945268a2@group-352661ED3FD5, cid=2156, SUCCESS, logIndex=3167, commits[edec9b8f-c318-426f-83f9-f44e945268a2:c3168, 02a03aee-1dd1-43c9-94ca-c76e2a537489:c3166, 9fb73170-bb25-48da-afcf-6f1f9e11598f:c3166]
2019-07-10 10:42:52,492 INFO  client.GrpcClientProtocolClient (GrpcClientProtocolClient.java:onNext(255)) - client-AC1CE418446C->edec9b8f-c318-426f-83f9-f44e945268a2: receive RaftClientReply:client-AC1CE418446C->edec9b8f-c318-426f-83f9-f44e945268a2@group-352661ED3FD5, cid=2157, SUCCESS, logIndex=3168, commits[edec9b8f-c318-426f-83f9-f44e945268a2:c3168, 02a03aee-1dd1-43c9-94ca-c76e2a537489:c3166, 9fb73170-bb25-48da-afcf-6f1f9e11598f:c3166]
2019-07-10 10:42:52,514 INFO  client.GrpcClientProtocolClient (GrpcClientProtocolClient.java:onNext(255)) - client-AC1CE418446C->edec9b8f-c318-426f-83f9-f44e945268a2: receive RaftClientReply:client-AC1CE418446C->edec9b8f-c318-426f-83f9-f44e945268a2@group-352661ED3FD5, cid=2158, SUCCESS, logIndex=3171, commits[edec9b8f-c318-426f-83f9-f44e945268a2:c3171, 02a03aee-1dd1-43c9-94ca-c76e2a537489:c3168, 9fb73170-bb25-48da-afcf-6f1f9e11598f:c3168]
2019-07-10 10:42:52,514 INFO  client.GrpcClientProtocolClient (GrpcClientProtocolClient.java:onNext(255)) - client-AC1CE418446C->edec9b8f-c318-426f-83f9-f44e945268a2: receive RaftClientReply:client-AC1CE418446C->edec9b8f-c318-426f-83f9-f44e945268a2@group-352661ED3FD5, cid=2159, SUCCESS, logIndex=3172, commits[edec9b8f-c318-426f-83f9-f44e945268a2:c3172, 02a03aee-1dd1-43c9-94ca-c76e2a537489:c3168, 9fb73170-bb25-48da-afcf-6f1f9e11598f:c3168]
2019-07-10 10:42:52,528 INFO  client.GrpcClientProtocolClient (GrpcClientProtocolClient.java:onNext(255)) - client-AC1CE418446C->edec9b8f-c318-426f-83f9-f44e945268a2: receive RaftClientReply:client-AC1CE418446C->edec9b8f-c318-426f-83f9-f44e945268a2@group-352661ED3FD5, cid=2160, SUCCESS, logIndex=0, commits[edec9b8f-c318-426f-83f9-f44e945268a2:c3174, 02a03aee-1dd1-43c9-94ca-c76e2a537489:c3172, 9fb73170-bb25-48da-afcf-6f1f9e11598f:c3172]
2019-07-10 10:42:52,549 INFO  client.GrpcClientProtocolClient (GrpcClientProtocolClient.java:onNext(255)) - client-AC1CE418446C->edec9b8f-c318-426f-83f9-f44e945268a2: receive RaftClientReply:client-AC1CE418446C->edec9b8f-c318-426f-83f9-f44e945268a2@group-352661ED3FD5, cid=2161, SUCCESS, logIndex=3175, commits[edec9b8f-c318-426f-83f9-f44e945268a2:c3176, 02a03aee-1dd1-43c9-94ca-c76e2a537489:c3174, 9fb73170-bb25-48da-afcf-6f1f9e11598f:c3172]
2019-07-10 10:42:52,550 INFO  client.GrpcClientProtocolClient (GrpcClientProtocolClient.java:onNext(255)) - client-AC1CE418446C->edec9b8f-c318-426f-83f9-f44e945268a2: receive RaftClientReply:client-AC1CE418446C->edec9b8f-c318-426f-83f9-f44e945268a2@group-352661ED3FD5, cid=2162, SUCCESS, logIndex=3176, commits[edec9b8f-c318-426f-83f9-f44e945268a2:c3176, 02a03aee-1dd1-43c9-94ca-c76e2a537489:c3174, 9fb73170-bb25-48da-afcf-6f1f9e11598f:c3172]
2019-07-10 10:42:52,551 INFO  client.GrpcClientProtocolClient (GrpcClientProtocolClient.java:onNext(255)) - client-AC1CE418446C->edec9b8f-c318-426f-83f9-f44e945268a2: receive RaftClientReply:client-AC1CE418446C->edec9b8f-c318-426f-83f9-f44e945268a2@group-352661ED3FD5, cid=2163, SUCCESS, logIndex=3177, commits[edec9b8f-c318-426f-83f9-f44e945268a2:c3178, 02a03aee-1dd1-43c9-94ca-c76e2a537489:c3174, 9fb73170-bb25-48da-afcf-6f1f9e11598f:c3174]
2019-07-10 10:42:52,551 INFO  client.GrpcClientProtocolClient (GrpcClientProtocolClient.java:onNext(255)) - client-AC1CE418446C->edec9b8f-c318-426f-83f9-f44e945268a2: receive RaftClientReply:client-AC1CE418446C->edec9b8f-c318-426f-83f9-f44e945268a2@group-352661ED3FD5, cid=2164, SUCCESS, logIndex=3178, commits[edec9b8f-c318-426f-83f9-f44e945268a2:c3178, 02a03aee-1dd1-43c9-94ca-c76e2a537489:c3174, 9fb73170-bb25-48da-afcf-6f1f9e11598f:c3174]
2019-07-10 10:42:52,563 INFO  client.GrpcClientProtocolClient (GrpcClientProtocolClient.java:onNext(255)) - client-AC1CE418446C->edec9b8f-c318-426f-83f9-f44e945268a2: receive RaftClientReply:client-AC1CE418446C->edec9b8f-c318-426f-83f9-f44e945268a2@group-352661ED3FD5, cid=2165, SUCCESS, logIndex=0, commits[edec9b8f-c318-426f-83f9-f44e945268a2:c3180, 02a03aee-1dd1-43c9-94ca-c76e2a537489:c3176, 9fb73170-bb25-48da-afcf-6f1f9e11598f:c3178]
2019-07-10 10:42:52,582 INFO  client.GrpcClientProtocolClient (GrpcClientProtocolClient.java:onNext(255)) - client-AC1CE418446C->edec9b8f-c318-426f-83f9-f44e945268a2: receive RaftClientReply:client-AC1CE418446C->edec9b8f-c318-426f-83f9-f44e945268a2@group-352661ED3FD5, cid=2166, SUCCESS, logIndex=3182, commits[edec9b8f-c318-426f-83f9-f44e945268a2:c3183, 02a03aee-1dd1-43c9-94ca-c76e2a537489:c3181, 9fb73170-bb25-48da-afcf-6f1f9e11598f:c3181]
2019-07-10 10:42:52,583 INFO  client.GrpcClientProtocolClient (GrpcClientProtocolClient.java:onNext(255)) - client-AC1CE418446C->edec9b8f-c318-426f-83f9-f44e945268a2: receive RaftClientReply:client-AC1CE418446C->edec9b8f-c318-426f-83f9-f44e945268a2@group-352661ED3FD5, cid=2167, SUCCESS, logIndex=3183, commits[edec9b8f-c318-426f-83f9-f44e945268a2:c3183, 02a03aee-1dd1-43c9-94ca-c76e2a537489:c3181, 9fb73170-bb25-48da-afcf-6f1f9e11598f:c3181]
2019-07-10 10:42:52,597 INFO  client.GrpcClientProtocolClient (GrpcClientProtocolClient.java:onNext(255)) - client-AC1CE418446C->edec9b8f-c318-426f-83f9-f44e945268a2: receive RaftClientReply:client-AC1CE418446C->edec9b8f-c318-426f-83f9-f44e945268a2@group-352661ED3FD5, cid=2168, SUCCESS, logIndex=3186, commits[edec9b8f-c318-426f-83f9-f44e945268a2:c3187, 02a03aee-1dd1-43c9-94ca-c76e2a537489:c3183, 9fb73170-bb25-48da-afcf-6f1f9e11598f:c3183]
2019-07-10 10:42:52,598 INFO  client.GrpcClientProtocolClient (GrpcClientProtocolClient.java:onNext(255)) - client-AC1CE418446C->edec9b8f-c318-426f-83f9-f44e945268a2: receive RaftClientReply:client-AC1CE418446C->edec9b8f-c318-426f-83f9-f44e945268a2@group-352661ED3FD5, cid=2169, SUCCESS, logIndex=3187, commits[edec9b8f-c318-426f-83f9-f44e945268a2:c3187, 02a03aee-1dd1-43c9-94ca-c76e2a537489:c3183, 9fb73170-bb25-48da-afcf-6f1f9e11598f:c3183]
2019-07-10 10:42:52,611 INFO  client.GrpcClientProtocolClient (GrpcClientProtocolClient.java:onNext(255)) - client-AC1CE418446C->edec9b8f-c318-426f-83f9-f44e945268a2: receive RaftClientReply:client-AC1CE418446C->edec9b8f-c318-426f-83f9-f44e945268a2@group-352661ED3FD5, cid=2170, SUCCESS, logIndex=0, commits[edec9b8f-c318-426f-83f9-f44e945268a2:c3189, 02a03aee-1dd1-43c9-94ca-c76e2a537489:c3187, 9fb73170-bb25-48da-afcf-6f1f9e11598f:c3187]
2019-07-10 10:42:52,715 INFO  client.GrpcClientProtocolClient (GrpcClientProtocolClient.java:onNext(255)) - client-AC1CE418446C->edec9b8f-c318-426f-83f9-f44e945268a2: receive RaftClientReply:client-AC1CE418446C->edec9b8f-c318-426f-83f9-f44e945268a2@group-352661ED3FD5, cid=2171, SUCCESS, logIndex=3190, commits[edec9b8f-c318-426f-83f9-f44e945268a2:c3193, 02a03aee-1dd1-43c9-94ca-c76e2a537489:c3189, 9fb73170-bb25-48da-afcf-6f1f9e11598f:c3189]
2019-07-10 10:42:52,716 INFO  client.GrpcClientProtocolClient (GrpcClientProtocolClient.java:onNext(255)) - client-AC1CE418446C->edec9b8f-c318-426f-83f9-f44e945268a2: receive RaftClientReply:client-AC1CE418446C->edec9b8f-c318-426f-83f9-f44e945268a2@group-352661ED3FD5, cid=2172, SUCCESS, logIndex=3191, commits[edec9b8f-c318-426f-83f9-f44e945268a2:c3193, 02a03aee-1dd1-43c9-94ca-c76e2a537489:c3189, 9fb73170-bb25-48da-afcf-6f1f9e11598f:c3189]
2019-07-10 10:42:52,716 INFO  client.GrpcClientProtocolClient (GrpcClientProtocolClient.java:onNext(255)) - client-AC1CE418446C->edec9b8f-c318-426f-83f9-f44e945268a2: receive RaftClientReply:client-AC1CE418446C->edec9b8f-c318-426f-83f9-f44e945268a2@group-352661ED3FD5, cid=2173, SUCCESS, logIndex=3192, commits[edec9b8f-c318-426f-83f9-f44e945268a2:c3193, 02a03aee-1dd1-43c9-94ca-c76e2a537489:c3189, 9fb73170-bb25-48da-afcf-6f1f9e11598f:c3189]
2019-07-10 10:42:52,716 INFO  client.GrpcClientProtocolClient (GrpcClientProtocolClient.java:onNext(255)) - client-AC1CE418446C->edec9b8f-c318-426f-83f9-f44e945268a2: receive RaftClientReply:client-AC1CE418446C->edec9b8f-c318-426f-83f9-f44e945268a2@group-352661ED3FD5, cid=2174, SUCCESS, logIndex=3193, commits[edec9b8f-c318-426f-83f9-f44e945268a2:c3193, 02a03aee-1dd1-43c9-94ca-c76e2a537489:c3189, 9fb73170-bb25-48da-afcf-6f1f9e11598f:c3189]
2019-07-10 10:42:52,727 INFO  client.GrpcClientProtocolClient (GrpcClientProtocolClient.java:onNext(255)) - client-AC1CE418446C->edec9b8f-c318-426f-83f9-f44e945268a2: receive RaftClientReply:client-AC1CE418446C->edec9b8f-c318-426f-83f9-f44e945268a2@group-352661ED3FD5, cid=2175, SUCCESS, logIndex=0, commits[edec9b8f-c318-426f-83f9-f44e945268a2:c3195, 02a03aee-1dd1-43c9-94ca-c76e2a537489:c3191, 9fb73170-bb25-48da-afcf-6f1f9e11598f:c3191]
2019-07-10 10:42:52,747 INFO  client.GrpcClientProtocolClient (GrpcClientProtocolClient.java:onNext(255)) - client-AC1CE418446C->edec9b8f-c318-426f-83f9-f44e945268a2: receive RaftClientReply:client-AC1CE418446C->edec9b8f-c318-426f-83f9-f44e945268a2@group-352661ED3FD5, cid=2176, SUCCESS, logIndex=3198, commits[edec9b8f-c318-426f-83f9-f44e945268a2:c3199, 02a03aee-1dd1-43c9-94ca-c76e2a537489:c3197, 9fb73170-bb25-48da-afcf-6f1f9e11598f:c3193]
2019-07-10 10:42:52,747 INFO  client.GrpcClientProtocolClient (GrpcClientProtocolClient.java:onNext(255)) - client-AC1CE418446C->edec9b8f-c318-426f-83f9-f44e945268a2: receive RaftClientReply:client-AC1CE418446C->edec9b8f-c318-426f-83f9-f44e945268a2@group-352661ED3FD5, cid=2177, SUCCESS, logIndex=3199, commits[edec9b8f-c318-426f-83f9-f44e945268a2:c3199, 02a03aee-1dd1-43c9-94ca-c76e2a537489:c3197, 9fb73170-bb25-48da-afcf-6f1f9e11598f:c3197]
2019-07-10 10:42:52,761 INFO  client.GrpcClientProtocolClient (GrpcClientProtocolClient.java:onNext(255)) - client-AC1CE418446C->edec9b8f-c318-426f-83f9-f44e945268a2: receive RaftClientReply:client-AC1CE418446C->edec9b8f-c318-426f-83f9-f44e945268a2@group-352661ED3FD5, cid=2178, SUCCESS, logIndex=3202, commits[edec9b8f-c318-426f-83f9-f44e945268a2:c3203, 02a03aee-1dd1-43c9-94ca-c76e2a537489:c3199, 9fb73170-bb25-48da-afcf-6f1f9e11598f:c3198]
2019-07-10 10:42:52,761 INFO  client.GrpcClientProtocolClient (GrpcClientProtocolClient.java:onNext(255)) - client-AC1CE418446C->edec9b8f-c318-426f-83f9-f44e945268a2: receive RaftClientReply:client-AC1CE418446C->edec9b8f-c318-426f-83f9-f44e945268a2@group-352661ED3FD5, cid=2179, SUCCESS, logIndex=3203, commits[edec9b8f-c318-426f-83f9-f44e945268a2:c3203, 02a03aee-1dd1-43c9-94ca-c76e2a537489:c3199, 9fb73170-bb25-48da-afcf-6f1f9e11598f:c3199]
2019-07-10 10:42:52,775 INFO  client.GrpcClientProtocolClient (GrpcClientProtocolClient.java:onNext(255)) - client-AC1CE418446C->edec9b8f-c318-426f-83f9-f44e945268a2: receive RaftClientReply:client-AC1CE418446C->edec9b8f-c318-426f-83f9-f44e945268a2@group-352661ED3FD5, cid=2180, SUCCESS, logIndex=0, commits[edec9b8f-c318-426f-83f9-f44e945268a2:c3205, 02a03aee-1dd1-43c9-94ca-c76e2a537489:c3203, 9fb73170-bb25-48da-afcf-6f1f9e11598f:c3203]
2019-07-10 10:42:52,800 INFO  client.GrpcClientProtocolClient (GrpcClientProtocolClient.java:onNext(255)) - client-AC1CE418446C->edec9b8f-c318-426f-83f9-f44e945268a2: receive RaftClientReply:client-AC1CE418446C->edec9b8f-c318-426f-83f9-f44e945268a2@group-352661ED3FD5, cid=2181, SUCCESS, logIndex=3206, commits[edec9b8f-c318-426f-83f9-f44e945268a2:c3208, 02a03aee-1dd1-43c9-94ca-c76e2a537489:c3205, 9fb73170-bb25-48da-afcf-6f1f9e11598f:c3205]
2019-07-10 10:42:52,801 INFO  client.GrpcClientProtocolClient (GrpcClientProtocolClient.java:onNext(255)) - client-AC1CE418446C->edec9b8f-c318-426f-83f9-f44e945268a2: receive RaftClientReply:client-AC1CE418446C->edec9b8f-c318-426f-83f9-f44e945268a2@group-352661ED3FD5, cid=2182, SUCCESS, logIndex=3207, commits[edec9b8f-c318-426f-83f9-f44e945268a2:c3209, 02a03aee-1dd1-43c9-94ca-c76e2a537489:c3205, 9fb73170-bb25-48da-afcf-6f1f9e11598f:c3205]
2019-07-10 10:42:52,801 INFO  client.GrpcClientProtocolClient (GrpcClientProtocolClient.java:onNext(255)) - client-AC1CE418446C->edec9b8f-c318-426f-83f9-f44e945268a2: receive RaftClientReply:client-AC1CE418446C->edec9b8f-c318-426f-83f9-f44e945268a2@group-352661ED3FD5, cid=2183, SUCCESS, logIndex=3208, commits[edec9b8f-c318-426f-83f9-f44e945268a2:c3209, 02a03aee-1dd1-43c9-94ca-c76e2a537489:c3205, 9fb73170-bb25-48da-afcf-6f1f9e11598f:c3205]
2019-07-10 10:42:52,801 INFO  client.GrpcClientProtocolClient (GrpcClientProtocolClient.java:onNext(255)) - client-AC1CE418446C->edec9b8f-c318-426f-83f9-f44e945268a2: receive RaftClientReply:client-AC1CE418446C->edec9b8f-c318-426f-83f9-f44e945268a2@group-352661ED3FD5, cid=2184, SUCCESS, logIndex=3209, commits[edec9b8f-c318-426f-83f9-f44e945268a2:c3210, 02a03aee-1dd1-43c9-94ca-c76e2a537489:c3206, 9fb73170-bb25-48da-afcf-6f1f9e11598f:c3205]
2019-07-10 10:42:52,803 INFO  client.GrpcClientProtocolClient (GrpcClientProtocolClient.java:onNext(255)) - client-AC1CE418446C->edec9b8f-c318-426f-83f9-f44e945268a2: receive RaftClientReply:client-AC1CE418446C->edec9b8f-c318-426f-83f9-f44e945268a2@group-352661ED3FD5, cid=2185, SUCCESS, logIndex=0, commits[edec9b8f-c318-426f-83f9-f44e945268a2:c3211, 02a03aee-1dd1-43c9-94ca-c76e2a537489:c3207, 9fb73170-bb25-48da-afcf-6f1f9e11598f:c3207]
2019-07-10 10:42:52,831 INFO  client.GrpcClientProtocolClient (GrpcClientProtocolClient.java:onNext(255)) - client-AC1CE418446C->edec9b8f-c318-426f-83f9-f44e945268a2: receive RaftClientReply:client-AC1CE418446C->edec9b8f-c318-426f-83f9-f44e945268a2@group-352661ED3FD5, cid=2186, SUCCESS, logIndex=3214, commits[edec9b8f-c318-426f-83f9-f44e945268a2:c3214, 02a03aee-1dd1-43c9-94ca-c76e2a537489:c3213, 9fb73170-bb25-48da-afcf-6f1f9e11598f:c3213]
2019-07-10 10:42:52,831 INFO  client.GrpcClientProtocolClient (GrpcClientProtocolClient.java:onNext(255)) - client-AC1CE418446C->edec9b8f-c318-426f-83f9-f44e945268a2: receive RaftClientReply:client-AC1CE418446C->edec9b8f-c318-426f-83f9-f44e945268a2@group-352661ED3FD5, cid=2187, SUCCESS, logIndex=3215, commits[edec9b8f-c318-426f-83f9-f44e945268a2:c3215, 02a03aee-1dd1-43c9-94ca-c76e2a537489:c3213, 9fb73170-bb25-48da-afcf-6f1f9e11598f:c3213]
2019-07-10 10:42:52,845 INFO  client.GrpcClientProtocolClient (GrpcClientProtocolClient.java:onNext(255)) - client-AC1CE418446C->edec9b8f-c318-426f-83f9-f44e945268a2: receive RaftClientReply:client-AC1CE418446C->edec9b8f-c318-426f-83f9-f44e945268a2@group-352661ED3FD5, cid=2188, SUCCESS, logIndex=3218, commits[edec9b8f-c318-426f-83f9-f44e945268a2:c3219, 02a03aee-1dd1-43c9-94ca-c76e2a537489:c3215, 9fb73170-bb25-48da-afcf-6f1f9e11598f:c3215]
2019-07-10 10:42:52,846 INFO  client.GrpcClientProtocolClient (GrpcClientProtocolClient.java:onNext(255)) - client-AC1CE418446C->edec9b8f-c318-426f-83f9-f44e945268a2: receive RaftClientReply:client-AC1CE418446C->edec9b8f-c318-426f-83f9-f44e945268a2@group-352661ED3FD5, cid=2189, SUCCESS, logIndex=3219, commits[edec9b8f-c318-426f-83f9-f44e945268a2:c3219, 02a03aee-1dd1-43c9-94ca-c76e2a537489:c3215, 9fb73170-bb25-48da-afcf-6f1f9e11598f:c3215]
2019-07-10 10:42:52,860 INFO  client.GrpcClientProtocolClient (GrpcClientProtocolClient.java:onNext(255)) - client-AC1CE418446C->edec9b8f-c318-426f-83f9-f44e945268a2: receive RaftClientReply:client-AC1CE418446C->edec9b8f-c318-426f-83f9-f44e945268a2@group-352661ED3FD5, cid=2190, SUCCESS, logIndex=0, commits[edec9b8f-c318-426f-83f9-f44e945268a2:c3221, 02a03aee-1dd1-43c9-94ca-c76e2a537489:c3219, 9fb73170-bb25-48da-afcf-6f1f9e11598f:c3219]
2019-07-10 10:42:52,885 INFO  client.GrpcClientProtocolClient (GrpcClientProtocolClient.java:onNext(255)) - client-AC1CE418446C->edec9b8f-c318-426f-83f9-f44e945268a2: receive RaftClientReply:client-AC1CE418446C->edec9b8f-c318-426f-83f9-f44e945268a2@group-352661ED3FD5, cid=2191, SUCCESS, logIndex=3222, commits[edec9b8f-c318-426f-83f9-f44e945268a2:c3223, 02a03aee-1dd1-43c9-94ca-c76e2a537489:c3221, 9fb73170-bb25-48da-afcf-6f1f9e11598f:c3221]
2019-07-10 10:42:52,886 INFO  client.GrpcClientProtocolClient (GrpcClientProtocolClient.java:onNext(255)) - client-AC1CE418446C->edec9b8f-c318-426f-83f9-f44e945268a2: receive RaftClientReply:client-AC1CE418446C->edec9b8f-c318-426f-83f9-f44e945268a2@group-352661ED3FD5, cid=2192, SUCCESS, logIndex=3223, commits[edec9b8f-c318-426f-83f9-f44e945268a2:c3223, 02a03aee-1dd1-43c9-94ca-c76e2a537489:c3221, 9fb73170-bb25-48da-afcf-6f1f9e11598f:c3221]
2019-07-10 10:42:52,886 INFO  client.GrpcClientProtocolClient (GrpcClientProtocolClient.java:onNext(255)) - client-AC1CE418446C->edec9b8f-c318-426f-83f9-f44e945268a2: receive RaftClientReply:client-AC1CE418446C->edec9b8f-c318-426f-83f9-f44e945268a2@group-352661ED3FD5, cid=2193, SUCCESS, logIndex=3224, commits[edec9b8f-c318-426f-83f9-f44e945268a2:c3225, 02a03aee-1dd1-43c9-94ca-c76e2a537489:c3221, 9fb73170-bb25-48da-afcf-6f1f9e11598f:c3221]
2019-07-10 10:42:52,886 INFO  client.GrpcClientProtocolClient (GrpcClientProtocolClient.java:onNext(255)) - client-AC1CE418446C->edec9b8f-c318-426f-83f9-f44e945268a2: receive RaftClientReply:client-AC1CE418446C->edec9b8f-c318-426f-83f9-f44e945268a2@group-352661ED3FD5, cid=2194, SUCCESS, logIndex=3225, commits[edec9b8f-c318-426f-83f9-f44e945268a2:c3225, 02a03aee-1dd1-43c9-94ca-c76e2a537489:c3221, 9fb73170-bb25-48da-afcf-6f1f9e11598f:c3221]
2019-07-10 10:42:52,900 INFO  client.GrpcClientProtocolClient (GrpcClientProtocolClient.java:onNext(255)) - client-AC1CE418446C->edec9b8f-c318-426f-83f9-f44e945268a2: receive RaftClientReply:client-AC1CE418446C->edec9b8f-c318-426f-83f9-f44e945268a2@group-352661ED3FD5, cid=2195, SUCCESS, logIndex=0, commits[edec9b8f-c318-426f-83f9-f44e945268a2:c3227, 02a03aee-1dd1-43c9-94ca-c76e2a537489:c3223, 9fb73170-bb25-48da-afcf-6f1f9e11598f:c3223]
2019-07-10 10:42:52,919 INFO  client.GrpcClientProtocolClient (GrpcClientProtocolClient.java:onNext(255)) - client-AC1CE418446C->edec9b8f-c318-426f-83f9-f44e945268a2: receive RaftClientReply:client-AC1CE418446C->edec9b8f-c318-426f-83f9-f44e945268a2@group-352661ED3FD5, cid=2196, SUCCESS, logIndex=3230, commits[edec9b8f-c318-426f-83f9-f44e945268a2:c3231, 02a03aee-1dd1-43c9-94ca-c76e2a537489:c3229, 9fb73170-bb25-48da-afcf-6f1f9e11598f:c3229]
2019-07-10 10:42:52,919 INFO  client.GrpcClientProtocolClient (GrpcClientProtocolClient.java:onNext(255)) - client-AC1CE418446C->edec9b8f-c318-426f-83f9-f44e945268a2: receive RaftClientReply:client-AC1CE418446C->edec9b8f-c318-426f-83f9-f44e945268a2@group-352661ED3FD5, cid=2197, SUCCESS, logIndex=3231, commits[edec9b8f-c318-426f-83f9-f44e945268a2:c3231, 02a03aee-1dd1-43c9-94ca-c76e2a537489:c3229, 9fb73170-bb25-48da-afcf-6f1f9e11598f:c3229]
2019-07-10 10:42:52,934 INFO  client.GrpcClientProtocolClient (GrpcClientProtocolClient.java:onNext(255)) - client-AC1CE418446C->edec9b8f-c318-426f-83f9-f44e945268a2: receive RaftClientReply:client-AC1CE418446C->edec9b8f-c318-426f-83f9-f44e945268a2@group-352661ED3FD5, cid=2198, SUCCESS, logIndex=3234, commits[edec9b8f-c318-426f-83f9-f44e945268a2:c3235, 02a03aee-1dd1-43c9-94ca-c76e2a537489:c3231, 9fb73170-bb25-48da-afcf-6f1f9e11598f:c3231]
2019-07-10 10:42:52,934 INFO  client.GrpcClientProtocolClient (GrpcClientProtocolClient.java:onNext(255)) - client-AC1CE418446C->edec9b8f-c318-426f-83f9-f44e945268a2: receive RaftClientReply:client-AC1CE418446C->edec9b8f-c318-426f-83f9-f44e945268a2@group-352661ED3FD5, cid=2199, SUCCESS, logIndex=3235, commits[edec9b8f-c318-426f-83f9-f44e945268a2:c3235, 02a03aee-1dd1-43c9-94ca-c76e2a537489:c3231, 9fb73170-bb25-48da-afcf-6f1f9e11598f:c3231]
2019-07-10 10:42:52,948 INFO  client.GrpcClientProtocolClient (GrpcClientProtocolClient.java:onNext(255)) - client-AC1CE418446C->edec9b8f-c318-426f-83f9-f44e945268a2: receive RaftClientReply:client-AC1CE418446C->edec9b8f-c318-426f-83f9-f44e945268a2@group-352661ED3FD5, cid=2200, SUCCESS, logIndex=0, commits[edec9b8f-c318-426f-83f9-f44e945268a2:c3237, 02a03aee-1dd1-43c9-94ca-c76e2a537489:c3235, 9fb73170-bb25-48da-afcf-6f1f9e11598f:c3235]
2019-07-10 10:42:52,979 INFO  client.GrpcClientProtocolClient (GrpcClientProtocolClient.java:onNext(255)) - client-AC1CE418446C->edec9b8f-c318-426f-83f9-f44e945268a2: receive RaftClientReply:client-AC1CE418446C->edec9b8f-c318-426f-83f9-f44e945268a2@group-352661ED3FD5, cid=2201, SUCCESS, logIndex=3238, commits[edec9b8f-c318-426f-83f9-f44e945268a2:c3239, 02a03aee-1dd1-43c9-94ca-c76e2a537489:c3237, 9fb73170-bb25-48da-afcf-6f1f9e11598f:c3237]
2019-07-10 10:42:52,980 INFO  client.GrpcClientProtocolClient (GrpcClientProtocolClient.java:onNext(255)) - client-AC1CE418446C->edec9b8f-c318-426f-83f9-f44e945268a2: receive RaftClientReply:client-AC1CE418446C->edec9b8f-c318-426f-83f9-f44e945268a2@group-352661ED3FD5, cid=2202, SUCCESS, logIndex=3239, commits[edec9b8f-c318-426f-83f9-f44e945268a2:c3241, 02a03aee-1dd1-43c9-94ca-c76e2a537489:c3237, 9fb73170-bb25-48da-afcf-6f1f9e11598f:c3237]
2019-07-10 10:42:52,980 INFO  client.GrpcClientProtocolClient (GrpcClientProtocolClient.java:onNext(255)) - client-AC1CE418446C->edec9b8f-c318-426f-83f9-f44e945268a2: receive RaftClientReply:client-AC1CE418446C->edec9b8f-c318-426f-83f9-f44e945268a2@group-352661ED3FD5, cid=2203, SUCCESS, logIndex=3240, commits[edec9b8f-c318-426f-83f9-f44e945268a2:c3241, 02a03aee-1dd1-43c9-94ca-c76e2a537489:c3237, 9fb73170-bb25-48da-afcf-6f1f9e11598f:c3237]
2019-07-10 10:42:52,980 INFO  client.GrpcClientProtocolClient (GrpcClientProtocolClient.java:onNext(255)) - client-AC1CE418446C->edec9b8f-c318-426f-83f9-f44e945268a2: receive RaftClientReply:client-AC1CE418446C->edec9b8f-c318-426f-83f9-f44e945268a2@group-352661ED3FD5, cid=2204, SUCCESS, logIndex=3241, commits[edec9b8f-c318-426f-83f9-f44e945268a2:c3241, 02a03aee-1dd1-43c9-94ca-c76e2a537489:c3237, 9fb73170-bb25-48da-afcf-6f1f9e11598f:c3237]
2019-07-10 10:42:52,994 INFO  client.GrpcClientProtocolClient (GrpcClientProtocolClient.java:onNext(255)) - client-AC1CE418446C->edec9b8f-c318-426f-83f9-f44e945268a2: receive RaftClientReply:client-AC1CE418446C->edec9b8f-c318-426f-83f9-f44e945268a2@group-352661ED3FD5, cid=2205, SUCCESS, logIndex=0, commits[edec9b8f-c318-426f-83f9-f44e945268a2:c3243, 02a03aee-1dd1-43c9-94ca-c76e2a537489:c3239, 9fb73170-bb25-48da-afcf-6f1f9e11598f:c3239]
2019-07-10 10:42:53,017 INFO  client.GrpcClientProtocolClient (GrpcClientProtocolClient.java:onNext(255)) - client-AC1CE418446C->edec9b8f-c318-426f-83f9-f44e945268a2: receive RaftClientReply:client-AC1CE418446C->edec9b8f-c318-426f-83f9-f44e945268a2@group-352661ED3FD5, cid=2206, SUCCESS, logIndex=3245, commits[edec9b8f-c318-426f-83f9-f44e945268a2:c3246, 02a03aee-1dd1-43c9-94ca-c76e2a537489:c3244, 9fb73170-bb25-48da-afcf-6f1f9e11598f:c3244]
2019-07-10 10:42:53,017 INFO  client.GrpcClientProtocolClient (GrpcClientProtocolClient.java:onNext(255)) - client-AC1CE418446C->edec9b8f-c318-426f-83f9-f44e945268a2: receive RaftClientReply:client-AC1CE418446C->edec9b8f-c318-426f-83f9-f44e945268a2@group-352661ED3FD5, cid=2207, SUCCESS, logIndex=3246, commits[edec9b8f-c318-426f-83f9-f44e945268a2:c3246, 02a03aee-1dd1-43c9-94ca-c76e2a537489:c3244, 9fb73170-bb25-48da-afcf-6f1f9e11598f:c3244]
2019-07-10 10:42:53,037 INFO  client.GrpcClientProtocolClient (GrpcClientProtocolClient.java:onNext(255)) - client-AC1CE418446C->edec9b8f-c318-426f-83f9-f44e945268a2: receive RaftClientReply:client-AC1CE418446C->edec9b8f-c318-426f-83f9-f44e945268a2@group-352661ED3FD5, cid=2208, SUCCESS, logIndex=3249, commits[edec9b8f-c318-426f-83f9-f44e945268a2:c3250, 02a03aee-1dd1-43c9-94ca-c76e2a537489:c3246, 9fb73170-bb25-48da-afcf-6f1f9e11598f:c3246]
2019-07-10 10:42:53,038 INFO  client.GrpcClientProtocolClient (GrpcClientProtocolClient.java:onNext(255)) - client-AC1CE418446C->edec9b8f-c318-426f-83f9-f44e945268a2: receive RaftClientReply:client-AC1CE418446C->edec9b8f-c318-426f-83f9-f44e945268a2@group-352661ED3FD5, cid=2209, SUCCESS, logIndex=3250, commits[edec9b8f-c318-426f-83f9-f44e945268a2:c3250, 02a03aee-1dd1-43c9-94ca-c76e2a537489:c3246, 9fb73170-bb25-48da-afcf-6f1f9e11598f:c3246]
2019-07-10 10:42:53,084 INFO  client.GrpcClientProtocolClient (GrpcClientProtocolClient.java:onNext(255)) - client-AC1CE418446C->edec9b8f-c318-426f-83f9-f44e945268a2: receive RaftClientReply:client-AC1CE418446C->edec9b8f-c318-426f-83f9-f44e945268a2@group-352661ED3FD5, cid=2210, SUCCESS, logIndex=0, commits[edec9b8f-c318-426f-83f9-f44e945268a2:c3252, 02a03aee-1dd1-43c9-94ca-c76e2a537489:c3250, 9fb73170-bb25-48da-afcf-6f1f9e11598f:c3250]
2019-07-10 10:42:53,118 INFO  client.GrpcClientProtocolClient (GrpcClientProtocolClient.java:onNext(255)) - client-AC1CE418446C->edec9b8f-c318-426f-83f9-f44e945268a2: receive RaftClientReply:client-AC1CE418446C->edec9b8f-c318-426f-83f9-f44e945268a2@group-352661ED3FD5, cid=2211, SUCCESS, logIndex=3253, commits[edec9b8f-c318-426f-83f9-f44e945268a2:c3254, 02a03aee-1dd1-43c9-94ca-c76e2a537489:c3252, 9fb73170-bb25-48da-afcf-6f1f9e11598f:c3252]
2019-07-10 10:42:53,119 INFO  client.GrpcClientProtocolClient (GrpcClientProtocolClient.java:onNext(255)) - client-AC1CE418446C->edec9b8f-c318-426f-83f9-f44e945268a2: receive RaftClientReply:client-AC1CE418446C->edec9b8f-c318-426f-83f9-f44e945268a2@group-352661ED3FD5, cid=2212, SUCCESS, logIndex=3254, commits[edec9b8f-c318-426f-83f9-f44e945268a2:c3256, 02a03aee-1dd1-43c9-94ca-c76e2a537489:c3252, 9fb73170-bb25-48da-afcf-6f1f9e11598f:c3252]
2019-07-10 10:42:53,119 INFO  client.GrpcClientProtocolClient (GrpcClientProtocolClient.java:onNext(255)) - client-AC1CE418446C->edec9b8f-c318-426f-83f9-f44e945268a2: receive RaftClientReply:client-AC1CE418446C->edec9b8f-c318-426f-83f9-f44e945268a2@group-352661ED3FD5, cid=2213, SUCCESS, logIndex=3255, commits[edec9b8f-c318-426f-83f9-f44e945268a2:c3256, 02a03aee-1dd1-43c9-94ca-c76e2a537489:c3252, 9fb73170-bb25-48da-afcf-6f1f9e11598f:c3252]
2019-07-10 10:42:53,119 INFO  client.GrpcClientProtocolClient (GrpcClientProtocolClient.java:onNext(255)) - client-AC1CE418446C->edec9b8f-c318-426f-83f9-f44e945268a2: receive RaftClientReply:client-AC1CE418446C->edec9b8f-c318-426f-83f9-f44e945268a2@group-352661ED3FD5, cid=2214, SUCCESS, logIndex=3256, commits[edec9b8f-c318-426f-83f9-f44e945268a2:c3256, 02a03aee-1dd1-43c9-94ca-c76e2a537489:c3252, 9fb73170-bb25-48da-afcf-6f1f9e11598f:c3252]
2019-07-10 10:42:53,132 INFO  client.GrpcClientProtocolClient (GrpcClientProtocolClient.java:onNext(255)) - client-AC1CE418446C->edec9b8f-c318-426f-83f9-f44e945268a2: receive RaftClientReply:client-AC1CE418446C->edec9b8f-c318-426f-83f9-f44e945268a2@group-352661ED3FD5, cid=2215, SUCCESS, logIndex=0, commits[edec9b8f-c318-426f-83f9-f44e945268a2:c3259, 02a03aee-1dd1-43c9-94ca-c76e2a537489:c3255, 9fb73170-bb25-48da-afcf-6f1f9e11598f:c3255]
2019-07-10 10:42:53,153 INFO  client.GrpcClientProtocolClient (GrpcClientProtocolClient.java:onNext(255)) - client-AC1CE418446C->edec9b8f-c318-426f-83f9-f44e945268a2: receive RaftClientReply:client-AC1CE418446C->edec9b8f-c318-426f-83f9-f44e945268a2@group-352661ED3FD5, cid=2216, SUCCESS, logIndex=3261, commits[edec9b8f-c318-426f-83f9-f44e945268a2:c3262, 02a03aee-1dd1-43c9-94ca-c76e2a537489:c3260, 9fb73170-bb25-48da-afcf-6f1f9e11598f:c3260]
2019-07-10 10:42:53,153 INFO  client.GrpcClientProtocolClient (GrpcClientProtocolClient.java:onNext(255)) - client-AC1CE418446C->edec9b8f-c318-426f-83f9-f44e945268a2: receive RaftClientReply:client-AC1CE418446C->edec9b8f-c318-426f-83f9-f44e945268a2@group-352661ED3FD5, cid=2217, SUCCESS, logIndex=3262, commits[edec9b8f-c318-426f-83f9-f44e945268a2:c3262, 02a03aee-1dd1-43c9-94ca-c76e2a537489:c3260, 9fb73170-bb25-48da-afcf-6f1f9e11598f:c3260]
2019-07-10 10:42:53,177 INFO  client.GrpcClientProtocolClient (GrpcClientProtocolClient.java:onNext(255)) - client-AC1CE418446C->edec9b8f-c318-426f-83f9-f44e945268a2: receive RaftClientReply:client-AC1CE418446C->edec9b8f-c318-426f-83f9-f44e945268a2@group-352661ED3FD5, cid=2218, SUCCESS, logIndex=3265, commits[edec9b8f-c318-426f-83f9-f44e945268a2:c3266, 02a03aee-1dd1-43c9-94ca-c76e2a537489:c3261, 9fb73170-bb25-48da-afcf-6f1f9e11598f:c3262]
2019-07-10 10:42:53,178 INFO  client.GrpcClientProtocolClient (GrpcClientProtocolClient.java:onNext(255)) - client-AC1CE418446C->edec9b8f-c318-426f-83f9-f44e945268a2: receive RaftClientReply:client-AC1CE418446C->edec9b8f-c318-426f-83f9-f44e945268a2@group-352661ED3FD5, cid=2219, SUCCESS, logIndex=3266, commits[edec9b8f-c318-426f-83f9-f44e945268a2:c3266, 02a03aee-1dd1-43c9-94ca-c76e2a537489:c3262, 9fb73170-bb25-48da-afcf-6f1f9e11598f:c3262]
2019-07-10 10:42:53,191 INFO  client.GrpcClientProtocolClient (GrpcClientProtocolClient.java:onNext(255)) - client-AC1CE418446C->edec9b8f-c318-426f-83f9-f44e945268a2: receive RaftClientReply:client-AC1CE418446C->edec9b8f-c318-426f-83f9-f44e945268a2@group-352661ED3FD5, cid=2220, SUCCESS, logIndex=0, commits[edec9b8f-c318-426f-83f9-f44e945268a2:c3268, 02a03aee-1dd1-43c9-94ca-c76e2a537489:c3266, 9fb73170-bb25-48da-afcf-6f1f9e11598f:c3266]
2019-07-10 10:42:53,225 INFO  client.GrpcClientProtocolClient (GrpcClientProtocolClient.java:onNext(255)) - client-AC1CE418446C->edec9b8f-c318-426f-83f9-f44e945268a2: receive RaftClientReply:client-AC1CE418446C->edec9b8f-c318-426f-83f9-f44e945268a2@group-352661ED3FD5, cid=2221, SUCCESS, logIndex=3269, commits[edec9b8f-c318-426f-83f9-f44e945268a2:c3270, 02a03aee-1dd1-43c9-94ca-c76e2a537489:c3268, 9fb73170-bb25-48da-afcf-6f1f9e11598f:c3268]
2019-07-10 10:42:53,225 INFO  client.GrpcClientProtocolClient (GrpcClientProtocolClient.java:onNext(255)) - client-AC1CE418446C->edec9b8f-c318-426f-83f9-f44e945268a2: receive RaftClientReply:client-AC1CE418446C->edec9b8f-c318-426f-83f9-f44e945268a2@group-352661ED3FD5, cid=2222, SUCCESS, logIndex=3270, commits[edec9b8f-c318-426f-83f9-f44e945268a2:c3270, 02a03aee-1dd1-43c9-94ca-c76e2a537489:c3268, 9fb73170-bb25-48da-afcf-6f1f9e11598f:c3268]
2019-07-10 10:42:53,235 INFO  client.GrpcClientProtocolClient (GrpcClientProtocolClient.java:onNext(255)) - client-AC1CE418446C->edec9b8f-c318-426f-83f9-f44e945268a2: receive RaftClientReply:client-AC1CE418446C->edec9b8f-c318-426f-83f9-f44e945268a2@group-352661ED3FD5, cid=2223, SUCCESS, logIndex=3271, commits[edec9b8f-c318-426f-83f9-f44e945268a2:c3272, 02a03aee-1dd1-43c9-94ca-c76e2a537489:c3268, 9fb73170-bb25-48da-afcf-6f1f9e11598f:c3268]
2019-07-10 10:42:53,236 INFO  client.GrpcClientProtocolClient (GrpcClientProtocolClient.java:onNext(255)) - client-AC1CE418446C->edec9b8f-c318-426f-83f9-f44e945268a2: receive RaftClientReply:client-AC1CE418446C->edec9b8f-c318-426f-83f9-f44e945268a2@group-352661ED3FD5, cid=2224, SUCCESS, logIndex=3272, commits[edec9b8f-c318-426f-83f9-f44e945268a2:c3274, 02a03aee-1dd1-43c9-94ca-c76e2a537489:c3269, 9fb73170-bb25-48da-afcf-6f1f9e11598f:c3270]
2019-07-10 10:42:53,237 INFO  client.GrpcClientProtocolClient (GrpcClientProtocolClient.java:onNext(255)) - client-AC1CE418446C->edec9b8f-c318-426f-83f9-f44e945268a2: receive RaftClientReply:client-AC1CE418446C->edec9b8f-c318-426f-83f9-f44e945268a2@group-352661ED3FD5, cid=2225, SUCCESS, logIndex=0, commits[edec9b8f-c318-426f-83f9-f44e945268a2:c3276, 02a03aee-1dd1-43c9-94ca-c76e2a537489:c3270, 9fb73170-bb25-48da-afcf-6f1f9e11598f:c3270]
2019-07-10 10:42:53,259 INFO  client.GrpcClientProtocolClient (GrpcClientProtocolClient.java:onNext(255)) - client-AC1CE418446C->edec9b8f-c318-426f-83f9-f44e945268a2: receive RaftClientReply:client-AC1CE418446C->edec9b8f-c318-426f-83f9-f44e945268a2@group-352661ED3FD5, cid=2226, SUCCESS, logIndex=3277, commits[edec9b8f-c318-426f-83f9-f44e945268a2:c3277, 02a03aee-1dd1-43c9-94ca-c76e2a537489:c3276, 9fb73170-bb25-48da-afcf-6f1f9e11598f:c3276]
2019-07-10 10:42:53,259 INFO  client.GrpcClientProtocolClient (GrpcClientProtocolClient.java:onNext(255)) - client-AC1CE418446C->edec9b8f-c318-426f-83f9-f44e945268a2: receive RaftClientReply:client-AC1CE418446C->edec9b8f-c318-426f-83f9-f44e945268a2@group-352661ED3FD5, cid=2227, SUCCESS, logIndex=3278, commits[edec9b8f-c318-426f-83f9-f44e945268a2:c3278, 02a03aee-1dd1-43c9-94ca-c76e2a537489:c3276, 9fb73170-bb25-48da-afcf-6f1f9e11598f:c3276]
2019-07-10 10:42:53,288 INFO  client.GrpcClientProtocolClient (GrpcClientProtocolClient.java:onNext(255)) - client-AC1CE418446C->edec9b8f-c318-426f-83f9-f44e945268a2: receive RaftClientReply:client-AC1CE418446C->edec9b8f-c318-426f-83f9-f44e945268a2@group-352661ED3FD5, cid=2228, SUCCESS, logIndex=3281, commits[edec9b8f-c318-426f-83f9-f44e945268a2:c3282, 02a03aee-1dd1-43c9-94ca-c76e2a537489:c3280, 9fb73170-bb25-48da-afcf-6f1f9e11598f:c3280]
2019-07-10 10:42:53,288 INFO  client.GrpcClientProtocolClient (GrpcClientProtocolClient.java:onNext(255)) - client-AC1CE418446C->edec9b8f-c318-426f-83f9-f44e945268a2: receive RaftClientReply:client-AC1CE418446C->edec9b8f-c318-426f-83f9-f44e945268a2@group-352661ED3FD5, cid=2229, SUCCESS, logIndex=3282, commits[edec9b8f-c318-426f-83f9-f44e945268a2:c3282, 02a03aee-1dd1-43c9-94ca-c76e2a537489:c3280, 9fb73170-bb25-48da-afcf-6f1f9e11598f:c3280]
2019-07-10 10:42:53,302 INFO  client.GrpcClientProtocolClient (GrpcClientProtocolClient.java:onNext(255)) - client-AC1CE418446C->edec9b8f-c318-426f-83f9-f44e945268a2: receive RaftClientReply:client-AC1CE418446C->edec9b8f-c318-426f-83f9-f44e945268a2@group-352661ED3FD5, cid=2230, SUCCESS, logIndex=0, commits[edec9b8f-c318-426f-83f9-f44e945268a2:c3284, 02a03aee-1dd1-43c9-94ca-c76e2a537489:c3282, 9fb73170-bb25-48da-afcf-6f1f9e11598f:c3282]
 0.00% |█                                                                                                    |  0/1 Time: 0:00:192019-07-10 10:42:53,332 INFO  client.GrpcClientProtocolClient (GrpcClientProtocolClient.java:onNext(255)) - client-AC1CE418446C->edec9b8f-c318-426f-83f9-f44e945268a2: receive RaftClientReply:client-AC1CE418446C->edec9b8f-c318-426f-83f9-f44e945268a2@group-352661ED3FD5, cid=2231, SUCCESS, logIndex=3285, commits[edec9b8f-c318-426f-83f9-f44e945268a2:c3286, 02a03aee-1dd1-43c9-94ca-c76e2a537489:c3284, 9fb73170-bb25-48da-afcf-6f1f9e11598f:c3284]
2019-07-10 10:42:53,332 INFO  client.GrpcClientProtocolClient (GrpcClientProtocolClient.java:onNext(255)) - client-AC1CE418446C->edec9b8f-c318-426f-83f9-f44e945268a2: receive RaftClientReply:client-AC1CE418446C->edec9b8f-c318-426f-83f9-f44e945268a2@group-352661ED3FD5, cid=2232, SUCCESS, logIndex=3286, commits[edec9b8f-c318-426f-83f9-f44e945268a2:c3286, 02a03aee-1dd1-43c9-94ca-c76e2a537489:c3284, 9fb73170-bb25-48da-afcf-6f1f9e11598f:c3284]
2019-07-10 10:42:53,333 INFO  client.GrpcClientProtocolClient (GrpcClientProtocolClient.java:onNext(255)) - client-AC1CE418446C->edec9b8f-c318-426f-83f9-f44e945268a2: receive RaftClientReply:client-AC1CE418446C->edec9b8f-c318-426f-83f9-f44e945268a2@group-352661ED3FD5, cid=2233, SUCCESS, logIndex=3287, commits[edec9b8f-c318-426f-83f9-f44e945268a2:c3288, 02a03aee-1dd1-43c9-94ca-c76e2a537489:c3284, 9fb73170-bb25-48da-afcf-6f1f9e11598f:c3284]
2019-07-10 10:42:53,333 INFO  client.GrpcClientProtocolClient (GrpcClientProtocolClient.java:onNext(255)) - client-AC1CE418446C->edec9b8f-c318-426f-83f9-f44e945268a2: receive RaftClientReply:client-AC1CE418446C->edec9b8f-c318-426f-83f9-f44e945268a2@group-352661ED3FD5, cid=2234, SUCCESS, logIndex=3288, commits[edec9b8f-c318-426f-83f9-f44e945268a2:c3288, 02a03aee-1dd1-43c9-94ca-c76e2a537489:c3284, 9fb73170-bb25-48da-afcf-6f1f9e11598f:c3284]
2019-07-10 10:42:53,346 INFO  client.GrpcClientProtocolClient (GrpcClientProtocolClient.java:onNext(255)) - client-AC1CE418446C->edec9b8f-c318-426f-83f9-f44e945268a2: receive RaftClientReply:client-AC1CE418446C->edec9b8f-c318-426f-83f9-f44e945268a2@group-352661ED3FD5, cid=2235, SUCCESS, logIndex=0, commits[edec9b8f-c318-426f-83f9-f44e945268a2:c3290, 02a03aee-1dd1-43c9-94ca-c76e2a537489:c3286, 9fb73170-bb25-48da-afcf-6f1f9e11598f:c3286]
2019-07-10 10:42:53,365 INFO  client.GrpcClientProtocolClient (GrpcClientProtocolClient.java:onNext(255)) - client-AC1CE418446C->edec9b8f-c318-426f-83f9-f44e945268a2: receive RaftClientReply:client-AC1CE418446C->edec9b8f-c318-426f-83f9-f44e945268a2@group-352661ED3FD5, cid=2236, SUCCESS, logIndex=3293, commits[edec9b8f-c318-426f-83f9-f44e945268a2:c3294, 02a03aee-1dd1-43c9-94ca-c76e2a537489:c3292, 9fb73170-bb25-48da-afcf-6f1f9e11598f:c3292]
2019-07-10 10:42:53,366 INFO  client.GrpcClientProtocolClient (GrpcClientProtocolClient.java:onNext(255)) - client-AC1CE418446C->edec9b8f-c318-426f-83f9-f44e945268a2: receive RaftClientReply:client-AC1CE418446C->edec9b8f-c318-426f-83f9-f44e945268a2@group-352661ED3FD5, cid=2237, SUCCESS, logIndex=3294, commits[edec9b8f-c318-426f-83f9-f44e945268a2:c3294, 02a03aee-1dd1-43c9-94ca-c76e2a537489:c3292, 9fb73170-bb25-48da-afcf-6f1f9e11598f:c3292]
2019-07-10 10:42:53,394 INFO  client.GrpcClientProtocolClient (GrpcClientProtocolClient.java:onNext(255)) - client-AC1CE418446C->edec9b8f-c318-426f-83f9-f44e945268a2: receive RaftClientReply:client-AC1CE418446C->edec9b8f-c318-426f-83f9-f44e945268a2@group-352661ED3FD5, cid=2238, SUCCESS, logIndex=3297, commits[edec9b8f-c318-426f-83f9-f44e945268a2:c3297, 02a03aee-1dd1-43c9-94ca-c76e2a537489:c3294, 9fb73170-bb25-48da-afcf-6f1f9e11598f:c3293]
2019-07-10 10:42:53,395 INFO  client.GrpcClientProtocolClient (GrpcClientProtocolClient.java:onNext(255)) - client-AC1CE418446C->edec9b8f-c318-426f-83f9-f44e945268a2: receive RaftClientReply:client-AC1CE418446C->edec9b8f-c318-426f-83f9-f44e945268a2@group-352661ED3FD5, cid=2239, SUCCESS, logIndex=3298, commits[edec9b8f-c318-426f-83f9-f44e945268a2:c3298, 02a03aee-1dd1-43c9-94ca-c76e2a537489:c3294, 9fb73170-bb25-48da-afcf-6f1f9e11598f:c3294]
2019-07-10 10:42:53,409 INFO  client.GrpcClientProtocolClient (GrpcClientProtocolClient.java:onNext(255)) - client-AC1CE418446C->edec9b8f-c318-426f-83f9-f44e945268a2: receive RaftClientReply:client-AC1CE418446C->edec9b8f-c318-426f-83f9-f44e945268a2@group-352661ED3FD5, cid=2240, SUCCESS, logIndex=0, commits[edec9b8f-c318-426f-83f9-f44e945268a2:c3300, 02a03aee-1dd1-43c9-94ca-c76e2a537489:c3298, 9fb73170-bb25-48da-afcf-6f1f9e11598f:c3298]
2019-07-10 10:42:53,439 INFO  client.GrpcClientProtocolClient (GrpcClientProtocolClient.java:onNext(255)) - client-AC1CE418446C->edec9b8f-c318-426f-83f9-f44e945268a2: receive RaftClientReply:client-AC1CE418446C->edec9b8f-c318-426f-83f9-f44e945268a2@group-352661ED3FD5, cid=2241, SUCCESS, logIndex=3301, commits[edec9b8f-c318-426f-83f9-f44e945268a2:c3302, 02a03aee-1dd1-43c9-94ca-c76e2a537489:c3300, 9fb73170-bb25-48da-afcf-6f1f9e11598f:c3300]
2019-07-10 10:42:53,440 INFO  client.GrpcClientProtocolClient (GrpcClientProtocolClient.java:onNext(255)) - client-AC1CE418446C->edec9b8f-c318-426f-83f9-f44e945268a2: receive RaftClientReply:client-AC1CE418446C->edec9b8f-c318-426f-83f9-f44e945268a2@group-352661ED3FD5, cid=2242, SUCCESS, logIndex=3302, commits[edec9b8f-c318-426f-83f9-f44e945268a2:c3302, 02a03aee-1dd1-43c9-94ca-c76e2a537489:c3300, 9fb73170-bb25-48da-afcf-6f1f9e11598f:c3300]
2019-07-10 10:42:53,450 INFO  client.GrpcClientProtocolClient (GrpcClientProtocolClient.java:onNext(255)) - client-AC1CE418446C->edec9b8f-c318-426f-83f9-f44e945268a2: receive RaftClientReply:client-AC1CE418446C->edec9b8f-c318-426f-83f9-f44e945268a2@group-352661ED3FD5, cid=2243, SUCCESS, logIndex=3303, commits[edec9b8f-c318-426f-83f9-f44e945268a2:c3304, 02a03aee-1dd1-43c9-94ca-c76e2a537489:c3300, 9fb73170-bb25-48da-afcf-6f1f9e11598f:c3300]
2019-07-10 10:42:53,450 INFO  client.GrpcClientProtocolClient (GrpcClientProtocolClient.java:onNext(255)) - client-AC1CE418446C->edec9b8f-c318-426f-83f9-f44e945268a2: receive RaftClientReply:client-AC1CE418446C->edec9b8f-c318-426f-83f9-f44e945268a2@group-352661ED3FD5, cid=2244, SUCCESS, logIndex=3304, commits[edec9b8f-c318-426f-83f9-f44e945268a2:c3304, 02a03aee-1dd1-43c9-94ca-c76e2a537489:c3300, 9fb73170-bb25-48da-afcf-6f1f9e11598f:c3300]
2019-07-10 10:42:53,465 INFO  client.GrpcClientProtocolClient (GrpcClientProtocolClient.java:onNext(255)) - client-AC1CE418446C->edec9b8f-c318-426f-83f9-f44e945268a2: receive RaftClientReply:client-AC1CE418446C->edec9b8f-c318-426f-83f9-f44e945268a2@group-352661ED3FD5, cid=2245, SUCCESS, logIndex=0, commits[edec9b8f-c318-426f-83f9-f44e945268a2:c3306, 02a03aee-1dd1-43c9-94ca-c76e2a537489:c3302, 9fb73170-bb25-48da-afcf-6f1f9e11598f:c3302]
2019-07-10 10:42:53,477 INFO  client.GrpcClientProtocolClient (GrpcClientProtocolClient.java:onNext(255)) - client-AC1CE418446C->edec9b8f-c318-426f-83f9-f44e945268a2: receive RaftClientReply:client-AC1CE418446C->edec9b8f-c318-426f-83f9-f44e945268a2@group-352661ED3FD5, cid=2246, SUCCESS, logIndex=3309, commits[edec9b8f-c318-426f-83f9-f44e945268a2:c3310, 02a03aee-1dd1-43c9-94ca-c76e2a537489:c3304, 9fb73170-bb25-48da-afcf-6f1f9e11598f:c3308]
2019-07-10 10:42:53,477 INFO  client.GrpcClientProtocolClient (GrpcClientProtocolClient.java:onNext(255)) - client-AC1CE418446C->edec9b8f-c318-426f-83f9-f44e945268a2: receive RaftClientReply:client-AC1CE418446C->edec9b8f-c318-426f-83f9-f44e945268a2@group-352661ED3FD5, cid=2247, SUCCESS, logIndex=3310, commits[edec9b8f-c318-426f-83f9-f44e945268a2:c3310, 02a03aee-1dd1-43c9-94ca-c76e2a537489:c3304, 9fb73170-bb25-48da-afcf-6f1f9e11598f:c3308]
2019-07-10 10:42:53,492 INFO  client.GrpcClientProtocolClient (GrpcClientProtocolClient.java:onNext(255)) - client-AC1CE418446C->edec9b8f-c318-426f-83f9-f44e945268a2: receive RaftClientReply:client-AC1CE418446C->edec9b8f-c318-426f-83f9-f44e945268a2@group-352661ED3FD5, cid=2248, SUCCESS, logIndex=3313, commits[edec9b8f-c318-426f-83f9-f44e945268a2:c3314, 02a03aee-1dd1-43c9-94ca-c76e2a537489:c3311, 9fb73170-bb25-48da-afcf-6f1f9e11598f:c3310]
2019-07-10 10:42:53,493 INFO  client.GrpcClientProtocolClient (GrpcClientProtocolClient.java:onNext(255)) - client-AC1CE418446C->edec9b8f-c318-426f-83f9-f44e945268a2: receive RaftClientReply:client-AC1CE418446C->edec9b8f-c318-426f-83f9-f44e945268a2@group-352661ED3FD5, cid=2249, SUCCESS, logIndex=3314, commits[edec9b8f-c318-426f-83f9-f44e945268a2:c3314, 02a03aee-1dd1-43c9-94ca-c76e2a537489:c3311, 9fb73170-bb25-48da-afcf-6f1f9e11598f:c3311]
2019-07-10 10:42:53,495 INFO  client.GrpcClientProtocolClient (GrpcClientProtocolClient.java:onNext(255)) - client-AC1CE418446C->edec9b8f-c318-426f-83f9-f44e945268a2: receive RaftClientReply:client-AC1CE418446C->edec9b8f-c318-426f-83f9-f44e945268a2@group-352661ED3FD5, cid=2250, SUCCESS, logIndex=0, commits[edec9b8f-c318-426f-83f9-f44e945268a2:c3315, 02a03aee-1dd1-43c9-94ca-c76e2a537489:c3314, 9fb73170-bb25-48da-afcf-6f1f9e11598f:c3314]
2019-07-10 10:42:53,605 INFO  client.GrpcClientProtocolClient (GrpcClientProtocolClient.java:onNext(255)) - client-AC1CE418446C->edec9b8f-c318-426f-83f9-f44e945268a2: receive RaftClientReply:client-AC1CE418446C->edec9b8f-c318-426f-83f9-f44e945268a2@group-352661ED3FD5, cid=2251, SUCCESS, logIndex=3317, commits[edec9b8f-c318-426f-83f9-f44e945268a2:c3318, 02a03aee-1dd1-43c9-94ca-c76e2a537489:c3316, 9fb73170-bb25-48da-afcf-6f1f9e11598f:c3316]
2019-07-10 10:42:53,606 INFO  client.GrpcClientProtocolClient (GrpcClientProtocolClient.java:onNext(255)) - client-AC1CE418446C->edec9b8f-c318-426f-83f9-f44e945268a2: receive RaftClientReply:client-AC1CE418446C->edec9b8f-c318-426f-83f9-f44e945268a2@group-352661ED3FD5, cid=2252, SUCCESS, logIndex=3318, commits[edec9b8f-c318-426f-83f9-f44e945268a2:c3318, 02a03aee-1dd1-43c9-94ca-c76e2a537489:c3316, 9fb73170-bb25-48da-afcf-6f1f9e11598f:c3316]
2019-07-10 10:42:53,616 INFO  client.GrpcClientProtocolClient (GrpcClientProtocolClient.java:onNext(255)) - client-AC1CE418446C->edec9b8f-c318-426f-83f9-f44e945268a2: receive RaftClientReply:client-AC1CE418446C->edec9b8f-c318-426f-83f9-f44e945268a2@group-352661ED3FD5, cid=2253, SUCCESS, logIndex=3319, commits[edec9b8f-c318-426f-83f9-f44e945268a2:c3320, 02a03aee-1dd1-43c9-94ca-c76e2a537489:c3316, 9fb73170-bb25-48da-afcf-6f1f9e11598f:c3316]
2019-07-10 10:42:53,617 INFO  client.GrpcClientProtocolClient (GrpcClientProtocolClient.java:onNext(255)) - client-AC1CE418446C->edec9b8f-c318-426f-83f9-f44e945268a2: receive RaftClientReply:client-AC1CE418446C->edec9b8f-c318-426f-83f9-f44e945268a2@group-352661ED3FD5, cid=2254, SUCCESS, logIndex=3320, commits[edec9b8f-c318-426f-83f9-f44e945268a2:c3320, 02a03aee-1dd1-43c9-94ca-c76e2a537489:c3316, 9fb73170-bb25-48da-afcf-6f1f9e11598f:c3316]
2019-07-10 10:42:53,619 INFO  client.GrpcClientProtocolClient (GrpcClientProtocolClient.java:onNext(255)) - client-AC1CE418446C->edec9b8f-c318-426f-83f9-f44e945268a2: receive RaftClientReply:client-AC1CE418446C->edec9b8f-c318-426f-83f9-f44e945268a2@group-352661ED3FD5, cid=2255, SUCCESS, logIndex=0, commits[edec9b8f-c318-426f-83f9-f44e945268a2:c3322, 02a03aee-1dd1-43c9-94ca-c76e2a537489:c3318, 9fb73170-bb25-48da-afcf-6f1f9e11598f:c3318]
2019-07-10 10:42:53,633 INFO  client.GrpcClientProtocolClient (GrpcClientProtocolClient.java:onNext(255)) - client-AC1CE418446C->edec9b8f-c318-426f-83f9-f44e945268a2: receive RaftClientReply:client-AC1CE418446C->edec9b8f-c318-426f-83f9-f44e945268a2@group-352661ED3FD5, cid=2256, SUCCESS, logIndex=3325, commits[edec9b8f-c318-426f-83f9-f44e945268a2:c3326, 02a03aee-1dd1-43c9-94ca-c76e2a537489:c3320, 9fb73170-bb25-48da-afcf-6f1f9e11598f:c3322]
2019-07-10 10:42:53,634 INFO  client.GrpcClientProtocolClient (GrpcClientProtocolClient.java:onNext(255)) - client-AC1CE418446C->edec9b8f-c318-426f-83f9-f44e945268a2: receive RaftClientReply:client-AC1CE418446C->edec9b8f-c318-426f-83f9-f44e945268a2@group-352661ED3FD5, cid=2257, SUCCESS, logIndex=3326, commits[edec9b8f-c318-426f-83f9-f44e945268a2:c3326, 02a03aee-1dd1-43c9-94ca-c76e2a537489:c3322, 9fb73170-bb25-48da-afcf-6f1f9e11598f:c3322]
2019-07-10 10:42:53,661 INFO  client.GrpcClientProtocolClient (GrpcClientProtocolClient.java:onNext(255)) - client-AC1CE418446C->edec9b8f-c318-426f-83f9-f44e945268a2: receive RaftClientReply:client-AC1CE418446C->edec9b8f-c318-426f-83f9-f44e945268a2@group-352661ED3FD5, cid=2258, SUCCESS, logIndex=3328, commits[edec9b8f-c318-426f-83f9-f44e945268a2:c3329, 02a03aee-1dd1-43c9-94ca-c76e2a537489:c3326, 9fb73170-bb25-48da-afcf-6f1f9e11598f:c3326]
2019-07-10 10:42:53,661 INFO  client.GrpcClientProtocolClient (GrpcClientProtocolClient.java:onNext(255)) - client-AC1CE418446C->edec9b8f-c318-426f-83f9-f44e945268a2: receive RaftClientReply:client-AC1CE418446C->edec9b8f-c318-426f-83f9-f44e945268a2@group-352661ED3FD5, cid=2259, SUCCESS, logIndex=3329, commits[edec9b8f-c318-426f-83f9-f44e945268a2:c3329, 02a03aee-1dd1-43c9-94ca-c76e2a537489:c3326, 9fb73170-bb25-48da-afcf-6f1f9e11598f:c3326]
2019-07-10 10:42:53,675 INFO  client.GrpcClientProtocolClient (GrpcClientProtocolClient.java:onNext(255)) - client-AC1CE418446C->edec9b8f-c318-426f-83f9-f44e945268a2: receive RaftClientReply:client-AC1CE418446C->edec9b8f-c318-426f-83f9-f44e945268a2@group-352661ED3FD5, cid=2260, SUCCESS, logIndex=0, commits[edec9b8f-c318-426f-83f9-f44e945268a2:c3331, 02a03aee-1dd1-43c9-94ca-c76e2a537489:c3329, 9fb73170-bb25-48da-afcf-6f1f9e11598f:c3329]
2019-07-10 10:42:53,707 INFO  client.GrpcClientProtocolClient (GrpcClientProtocolClient.java:onNext(255)) - client-AC1CE418446C->edec9b8f-c318-426f-83f9-f44e945268a2: receive RaftClientReply:client-AC1CE418446C->edec9b8f-c318-426f-83f9-f44e945268a2@group-352661ED3FD5, cid=2261, SUCCESS, logIndex=3332, commits[edec9b8f-c318-426f-83f9-f44e945268a2:c3333, 02a03aee-1dd1-43c9-94ca-c76e2a537489:c3331, 9fb73170-bb25-48da-afcf-6f1f9e11598f:c3331]
2019-07-10 10:42:53,707 INFO  client.GrpcClientProtocolClient (GrpcClientProtocolClient.java:onNext(255)) - client-AC1CE418446C->edec9b8f-c318-426f-83f9-f44e945268a2: receive RaftClientReply:client-AC1CE418446C->edec9b8f-c318-426f-83f9-f44e945268a2@group-352661ED3FD5, cid=2262, SUCCESS, logIndex=3333, commits[edec9b8f-c318-426f-83f9-f44e945268a2:c3335, 02a03aee-1dd1-43c9-94ca-c76e2a537489:c3331, 9fb73170-bb25-48da-afcf-6f1f9e11598f:c3331]
2019-07-10 10:42:53,708 INFO  client.GrpcClientProtocolClient (GrpcClientProtocolClient.java:onNext(255)) - client-AC1CE418446C->edec9b8f-c318-426f-83f9-f44e945268a2: receive RaftClientReply:client-AC1CE418446C->edec9b8f-c318-426f-83f9-f44e945268a2@group-352661ED3FD5, cid=2263, SUCCESS, logIndex=3334, commits[edec9b8f-c318-426f-83f9-f44e945268a2:c3335, 02a03aee-1dd1-43c9-94ca-c76e2a537489:c3331, 9fb73170-bb25-48da-afcf-6f1f9e11598f:c3331]
2019-07-10 10:42:53,708 INFO  client.GrpcClientProtocolClient (GrpcClientProtocolClient.java:onNext(255)) - client-AC1CE418446C->edec9b8f-c318-426f-83f9-f44e945268a2: receive RaftClientReply:client-AC1CE418446C->edec9b8f-c318-426f-83f9-f44e945268a2@group-352661ED3FD5, cid=2264, SUCCESS, logIndex=3335, commits[edec9b8f-c318-426f-83f9-f44e945268a2:c3335, 02a03aee-1dd1-43c9-94ca-c76e2a537489:c3331, 9fb73170-bb25-48da-afcf-6f1f9e11598f:c3331]
2019-07-10 10:42:53,723 INFO  client.GrpcClientProtocolClient (GrpcClientProtocolClient.java:onNext(255)) - client-AC1CE418446C->edec9b8f-c318-426f-83f9-f44e945268a2: receive RaftClientReply:client-AC1CE418446C->edec9b8f-c318-426f-83f9-f44e945268a2@group-352661ED3FD5, cid=2265, SUCCESS, logIndex=0, commits[edec9b8f-c318-426f-83f9-f44e945268a2:c3337, 02a03aee-1dd1-43c9-94ca-c76e2a537489:c3333, 9fb73170-bb25-48da-afcf-6f1f9e11598f:c3333]
2019-07-10 10:42:53,735 INFO  client.GrpcClientProtocolClient (GrpcClientProtocolClient.java:onNext(255)) - client-AC1CE418446C->edec9b8f-c318-426f-83f9-f44e945268a2: receive RaftClientReply:client-AC1CE418446C->edec9b8f-c318-426f-83f9-f44e945268a2@group-352661ED3FD5, cid=2266, SUCCESS, logIndex=3340, commits[edec9b8f-c318-426f-83f9-f44e945268a2:c3341, 02a03aee-1dd1-43c9-94ca-c76e2a537489:c3339, 9fb73170-bb25-48da-afcf-6f1f9e11598f:c3335]
2019-07-10 10:42:53,735 INFO  client.GrpcClientProtocolClient (GrpcClientProtocolClient.java:onNext(255)) - client-AC1CE418446C->edec9b8f-c318-426f-83f9-f44e945268a2: receive RaftClientReply:client-AC1CE418446C->edec9b8f-c318-426f-83f9-f44e945268a2@group-352661ED3FD5, cid=2267, SUCCESS, logIndex=3341, commits[edec9b8f-c318-426f-83f9-f44e945268a2:c3341, 02a03aee-1dd1-43c9-94ca-c76e2a537489:c3339, 9fb73170-bb25-48da-afcf-6f1f9e11598f:c3335]
2019-07-10 10:42:53,751 INFO  client.GrpcClientProtocolClient (GrpcClientProtocolClient.java:onNext(255)) - client-AC1CE418446C->edec9b8f-c318-426f-83f9-f44e945268a2: receive RaftClientReply:client-AC1CE418446C->edec9b8f-c318-426f-83f9-f44e945268a2@group-352661ED3FD5, cid=2268, SUCCESS, logIndex=3344, commits[edec9b8f-c318-426f-83f9-f44e945268a2:c3345, 02a03aee-1dd1-43c9-94ca-c76e2a537489:c3341, 9fb73170-bb25-48da-afcf-6f1f9e11598f:c3341]
2019-07-10 10:42:53,751 INFO  client.GrpcClientProtocolClient (GrpcClientProtocolClient.java:onNext(255)) - client-AC1CE418446C->edec9b8f-c318-426f-83f9-f44e945268a2: receive RaftClientReply:client-AC1CE418446C->edec9b8f-c318-426f-83f9-f44e945268a2@group-352661ED3FD5, cid=2269, SUCCESS, logIndex=3345, commits[edec9b8f-c318-426f-83f9-f44e945268a2:c3345, 02a03aee-1dd1-43c9-94ca-c76e2a537489:c3341, 9fb73170-bb25-48da-afcf-6f1f9e11598f:c3341]
2019-07-10 10:42:53,764 INFO  client.GrpcClientProtocolClient (GrpcClientProtocolClient.java:onNext(255)) - client-AC1CE418446C->edec9b8f-c318-426f-83f9-f44e945268a2: receive RaftClientReply:client-AC1CE418446C->edec9b8f-c318-426f-83f9-f44e945268a2@group-352661ED3FD5, cid=2270, SUCCESS, logIndex=0, commits[edec9b8f-c318-426f-83f9-f44e945268a2:c3346, 02a03aee-1dd1-43c9-94ca-c76e2a537489:c3345, 9fb73170-bb25-48da-afcf-6f1f9e11598f:c3345]
2019-07-10 10:42:53,788 INFO  client.GrpcClientProtocolClient (GrpcClientProtocolClient.java:onNext(255)) - client-AC1CE418446C->edec9b8f-c318-426f-83f9-f44e945268a2: receive RaftClientReply:client-AC1CE418446C->edec9b8f-c318-426f-83f9-f44e945268a2@group-352661ED3FD5, cid=2271, SUCCESS, logIndex=3347, commits[edec9b8f-c318-426f-83f9-f44e945268a2:c3348, 02a03aee-1dd1-43c9-94ca-c76e2a537489:c3346, 9fb73170-bb25-48da-afcf-6f1f9e11598f:c3345]
2019-07-10 10:42:53,788 INFO  client.GrpcClientProtocolClient (GrpcClientProtocolClient.java:onNext(255)) - client-AC1CE418446C->edec9b8f-c318-426f-83f9-f44e945268a2: receive RaftClientReply:client-AC1CE418446C->edec9b8f-c318-426f-83f9-f44e945268a2@group-352661ED3FD5, cid=2272, SUCCESS, logIndex=3348, commits[edec9b8f-c318-426f-83f9-f44e945268a2:c3348, 02a03aee-1dd1-43c9-94ca-c76e2a537489:c3346, 9fb73170-bb25-48da-afcf-6f1f9e11598f:c3345]
2019-07-10 10:42:53,790 INFO  client.GrpcClientProtocolClient (GrpcClientProtocolClient.java:onNext(255)) - client-AC1CE418446C->edec9b8f-c318-426f-83f9-f44e945268a2: receive RaftClientReply:client-AC1CE418446C->edec9b8f-c318-426f-83f9-f44e945268a2@group-352661ED3FD5, cid=2273, SUCCESS, logIndex=3349, commits[edec9b8f-c318-426f-83f9-f44e945268a2:c3350, 02a03aee-1dd1-43c9-94ca-c76e2a537489:c3346, 9fb73170-bb25-48da-afcf-6f1f9e11598f:c3346]
2019-07-10 10:42:53,791 INFO  client.GrpcClientProtocolClient (GrpcClientProtocolClient.java:onNext(255)) - client-AC1CE418446C->edec9b8f-c318-426f-83f9-f44e945268a2: receive RaftClientReply:client-AC1CE418446C->edec9b8f-c318-426f-83f9-f44e945268a2@group-352661ED3FD5, cid=2274, SUCCESS, logIndex=3350, commits[edec9b8f-c318-426f-83f9-f44e945268a2:c3350, 02a03aee-1dd1-43c9-94ca-c76e2a537489:c3346, 9fb73170-bb25-48da-afcf-6f1f9e11598f:c3346]
2019-07-10 10:42:53,801 INFO  client.GrpcClientProtocolClient (GrpcClientProtocolClient.java:onNext(255)) - client-AC1CE418446C->edec9b8f-c318-426f-83f9-f44e945268a2: receive RaftClientReply:client-AC1CE418446C->edec9b8f-c318-426f-83f9-f44e945268a2@group-352661ED3FD5, cid=2275, SUCCESS, logIndex=0, commits[edec9b8f-c318-426f-83f9-f44e945268a2:c3352, 02a03aee-1dd1-43c9-94ca-c76e2a537489:c3348, 9fb73170-bb25-48da-afcf-6f1f9e11598f:c3348]
2019-07-10 10:42:53,821 INFO  client.GrpcClientProtocolClient (GrpcClientProtocolClient.java:onNext(255)) - client-AC1CE418446C->edec9b8f-c318-426f-83f9-f44e945268a2: receive RaftClientReply:client-AC1CE418446C->edec9b8f-c318-426f-83f9-f44e945268a2@group-352661ED3FD5, cid=2276, SUCCESS, logIndex=3355, commits[edec9b8f-c318-426f-83f9-f44e945268a2:c3356, 02a03aee-1dd1-43c9-94ca-c76e2a537489:c3354, 9fb73170-bb25-48da-afcf-6f1f9e11598f:c3354]
2019-07-10 10:42:53,821 INFO  client.GrpcClientProtocolClient (GrpcClientProtocolClient.java:onNext(255)) - client-AC1CE418446C->edec9b8f-c318-426f-83f9-f44e945268a2: receive RaftClientReply:client-AC1CE418446C->edec9b8f-c318-426f-83f9-f44e945268a2@group-352661ED3FD5, cid=2277, SUCCESS, logIndex=3356, commits[edec9b8f-c318-426f-83f9-f44e945268a2:c3356, 02a03aee-1dd1-43c9-94ca-c76e2a537489:c3354, 9fb73170-bb25-48da-afcf-6f1f9e11598f:c3354]
2019-07-10 10:42:53,836 INFO  client.GrpcClientProtocolClient (GrpcClientProtocolClient.java:onNext(255)) - client-AC1CE418446C->edec9b8f-c318-426f-83f9-f44e945268a2: receive RaftClientReply:client-AC1CE418446C->edec9b8f-c318-426f-83f9-f44e945268a2@group-352661ED3FD5, cid=2278, SUCCESS, logIndex=3359, commits[edec9b8f-c318-426f-83f9-f44e945268a2:c3360, 02a03aee-1dd1-43c9-94ca-c76e2a537489:c3356, 9fb73170-bb25-48da-afcf-6f1f9e11598f:c3356]
2019-07-10 10:42:53,836 INFO  client.GrpcClientProtocolClient (GrpcClientProtocolClient.java:onNext(255)) - client-AC1CE418446C->edec9b8f-c318-426f-83f9-f44e945268a2: receive RaftClientReply:client-AC1CE418446C->edec9b8f-c318-426f-83f9-f44e945268a2@group-352661ED3FD5, cid=2279, SUCCESS, logIndex=3360, commits[edec9b8f-c318-426f-83f9-f44e945268a2:c3360, 02a03aee-1dd1-43c9-94ca-c76e2a537489:c3356, 9fb73170-bb25-48da-afcf-6f1f9e11598f:c3356]
2019-07-10 10:42:53,850 INFO  client.GrpcClientProtocolClient (GrpcClientProtocolClient.java:onNext(255)) - client-AC1CE418446C->edec9b8f-c318-426f-83f9-f44e945268a2: receive RaftClientReply:client-AC1CE418446C->edec9b8f-c318-426f-83f9-f44e945268a2@group-352661ED3FD5, cid=2280, SUCCESS, logIndex=0, commits[edec9b8f-c318-426f-83f9-f44e945268a2:c3361, 02a03aee-1dd1-43c9-94ca-c76e2a537489:c3360, 9fb73170-bb25-48da-afcf-6f1f9e11598f:c3360]
2019-07-10 10:42:53,878 INFO  client.GrpcClientProtocolClient (GrpcClientProtocolClient.java:onNext(255)) - client-AC1CE418446C->edec9b8f-c318-426f-83f9-f44e945268a2: receive RaftClientReply:client-AC1CE418446C->edec9b8f-c318-426f-83f9-f44e945268a2@group-352661ED3FD5, cid=2281, SUCCESS, logIndex=3363, commits[edec9b8f-c318-426f-83f9-f44e945268a2:c3364, 02a03aee-1dd1-43c9-94ca-c76e2a537489:c3362, 9fb73170-bb25-48da-afcf-6f1f9e11598f:c3362]
2019-07-10 10:42:53,879 INFO  client.GrpcClientProtocolClient (GrpcClientProtocolClient.java:onNext(255)) - client-AC1CE418446C->edec9b8f-c318-426f-83f9-f44e945268a2: receive RaftClientReply:client-AC1CE418446C->edec9b8f-c318-426f-83f9-f44e945268a2@group-352661ED3FD5, cid=2282, SUCCESS, logIndex=3364, commits[edec9b8f-c318-426f-83f9-f44e945268a2:c3364, 02a03aee-1dd1-43c9-94ca-c76e2a537489:c3362, 9fb73170-bb25-48da-afcf-6f1f9e11598f:c3362]
2019-07-10 10:42:53,879 INFO  client.GrpcClientProtocolClient (GrpcClientProtocolClient.java:onNext(255)) - client-AC1CE418446C->edec9b8f-c318-426f-83f9-f44e945268a2: receive RaftClientReply:client-AC1CE418446C->edec9b8f-c318-426f-83f9-f44e945268a2@group-352661ED3FD5, cid=2283, SUCCESS, logIndex=3365, commits[edec9b8f-c318-426f-83f9-f44e945268a2:c3366, 02a03aee-1dd1-43c9-94ca-c76e2a537489:c3362, 9fb73170-bb25-48da-afcf-6f1f9e11598f:c3362]
2019-07-10 10:42:53,879 INFO  client.GrpcClientProtocolClient (GrpcClientProtocolClient.java:onNext(255)) - client-AC1CE418446C->edec9b8f-c318-426f-83f9-f44e945268a2: receive RaftClientReply:client-AC1CE418446C->edec9b8f-c318-426f-83f9-f44e945268a2@group-352661ED3FD5, cid=2284, SUCCESS, logIndex=3366, commits[edec9b8f-c318-426f-83f9-f44e945268a2:c3366, 02a03aee-1dd1-43c9-94ca-c76e2a537489:c3362, 9fb73170-bb25-48da-afcf-6f1f9e11598f:c3362]
2019-07-10 10:42:53,893 INFO  client.GrpcClientProtocolClient (GrpcClientProtocolClient.java:onNext(255)) - client-AC1CE418446C->edec9b8f-c318-426f-83f9-f44e945268a2: receive RaftClientReply:client-AC1CE418446C->edec9b8f-c318-426f-83f9-f44e945268a2@group-352661ED3FD5, cid=2285, SUCCESS, logIndex=0, commits[edec9b8f-c318-426f-83f9-f44e945268a2:c3368, 02a03aee-1dd1-43c9-94ca-c76e2a537489:c3364, 9fb73170-bb25-48da-afcf-6f1f9e11598f:c3364]
2019-07-10 10:42:53,912 INFO  client.GrpcClientProtocolClient (GrpcClientProtocolClient.java:onNext(255)) - client-AC1CE418446C->edec9b8f-c318-426f-83f9-f44e945268a2: receive RaftClientReply:client-AC1CE418446C->edec9b8f-c318-426f-83f9-f44e945268a2@group-352661ED3FD5, cid=2286, SUCCESS, logIndex=3371, commits[edec9b8f-c318-426f-83f9-f44e945268a2:c3372, 02a03aee-1dd1-43c9-94ca-c76e2a537489:c3370, 9fb73170-bb25-48da-afcf-6f1f9e11598f:c3370]
2019-07-10 10:42:53,912 INFO  client.GrpcClientProtocolClient (GrpcClientProtocolClient.java:onNext(255)) - client-AC1CE418446C->edec9b8f-c318-426f-83f9-f44e945268a2: receive RaftClientReply:client-AC1CE418446C->edec9b8f-c318-426f-83f9-f44e945268a2@group-352661ED3FD5, cid=2287, SUCCESS, logIndex=3372, commits[edec9b8f-c318-426f-83f9-f44e945268a2:c3372, 02a03aee-1dd1-43c9-94ca-c76e2a537489:c3370, 9fb73170-bb25-48da-afcf-6f1f9e11598f:c3370]
2019-07-10 10:42:53,928 INFO  client.GrpcClientProtocolClient (GrpcClientProtocolClient.java:onNext(255)) - client-AC1CE418446C->edec9b8f-c318-426f-83f9-f44e945268a2: receive RaftClientReply:client-AC1CE418446C->edec9b8f-c318-426f-83f9-f44e945268a2@group-352661ED3FD5, cid=2288, SUCCESS, logIndex=3375, commits[edec9b8f-c318-426f-83f9-f44e945268a2:c3376, 02a03aee-1dd1-43c9-94ca-c76e2a537489:c3372, 9fb73170-bb25-48da-afcf-6f1f9e11598f:c3372]
2019-07-10 10:42:53,928 INFO  client.GrpcClientProtocolClient (GrpcClientProtocolClient.java:onNext(255)) - client-AC1CE418446C->edec9b8f-c318-426f-83f9-f44e945268a2: receive RaftClientReply:client-AC1CE418446C->edec9b8f-c318-426f-83f9-f44e945268a2@group-352661ED3FD5, cid=2289, SUCCESS, logIndex=3376, commits[edec9b8f-c318-426f-83f9-f44e945268a2:c3376, 02a03aee-1dd1-43c9-94ca-c76e2a537489:c3372, 9fb73170-bb25-48da-afcf-6f1f9e11598f:c3372]
2019-07-10 10:42:53,939 INFO  client.GrpcClientProtocolClient (GrpcClientProtocolClient.java:onNext(255)) - client-AC1CE418446C->edec9b8f-c318-426f-83f9-f44e945268a2: receive RaftClientReply:client-AC1CE418446C->edec9b8f-c318-426f-83f9-f44e945268a2@group-352661ED3FD5, cid=2290, SUCCESS, logIndex=0, commits[edec9b8f-c318-426f-83f9-f44e945268a2:c3376, 02a03aee-1dd1-43c9-94ca-c76e2a537489:c3376, 9fb73170-bb25-48da-afcf-6f1f9e11598f:c3376]
2019-07-10 10:42:53,967 INFO  client.GrpcClientProtocolClient (GrpcClientProtocolClient.java:onNext(255)) - client-AC1CE418446C->edec9b8f-c318-426f-83f9-f44e945268a2: receive RaftClientReply:client-AC1CE418446C->edec9b8f-c318-426f-83f9-f44e945268a2@group-352661ED3FD5, cid=2291, SUCCESS, logIndex=3379, commits[edec9b8f-c318-426f-83f9-f44e945268a2:c3380, 02a03aee-1dd1-43c9-94ca-c76e2a537489:c3378, 9fb73170-bb25-48da-afcf-6f1f9e11598f:c3378]
2019-07-10 10:42:53,967 INFO  client.GrpcClientProtocolClient (GrpcClientProtocolClient.java:onNext(255)) - client-AC1CE418446C->edec9b8f-c318-426f-83f9-f44e945268a2: receive RaftClientReply:client-AC1CE418446C->edec9b8f-c318-426f-83f9-f44e945268a2@group-352661ED3FD5, cid=2292, SUCCESS, logIndex=3380, commits[edec9b8f-c318-426f-83f9-f44e945268a2:c3382, 02a03aee-1dd1-43c9-94ca-c76e2a537489:c3378, 9fb73170-bb25-48da-afcf-6f1f9e11598f:c3378]
2019-07-10 10:42:53,968 INFO  client.GrpcClientProtocolClient (GrpcClientProtocolClient.java:onNext(255)) - client-AC1CE418446C->edec9b8f-c318-426f-83f9-f44e945268a2: receive RaftClientReply:client-AC1CE418446C->edec9b8f-c318-426f-83f9-f44e945268a2@group-352661ED3FD5, cid=2293, SUCCESS, logIndex=3381, commits[edec9b8f-c318-426f-83f9-f44e945268a2:c3382, 02a03aee-1dd1-43c9-94ca-c76e2a537489:c3378, 9fb73170-bb25-48da-afcf-6f1f9e11598f:c3378]
2019-07-10 10:42:53,968 INFO  client.GrpcClientProtocolClient (GrpcClientProtocolClient.java:onNext(255)) - client-AC1CE418446C->edec9b8f-c318-426f-83f9-f44e945268a2: receive RaftClientReply:client-AC1CE418446C->edec9b8f-c318-426f-83f9-f44e945268a2@group-352661ED3FD5, cid=2294, SUCCESS, logIndex=3382, commits[edec9b8f-c318-426f-83f9-f44e945268a2:c3382, 02a03aee-1dd1-43c9-94ca-c76e2a537489:c3378, 9fb73170-bb25-48da-afcf-6f1f9e11598f:c3380]
2019-07-10 10:42:53,969 INFO  client.GrpcClientProtocolClient (GrpcClientProtocolClient.java:onNext(255)) - client-AC1CE418446C->edec9b8f-c318-426f-83f9-f44e945268a2: receive RaftClientReply:client-AC1CE418446C->edec9b8f-c318-426f-83f9-f44e945268a2@group-352661ED3FD5, cid=2295, SUCCESS, logIndex=0, commits[edec9b8f-c318-426f-83f9-f44e945268a2:c3383, 02a03aee-1dd1-43c9-94ca-c76e2a537489:c3380, 9fb73170-bb25-48da-afcf-6f1f9e11598f:c3380]
2019-07-10 10:42:53,985 INFO  client.GrpcClientProtocolClient (GrpcClientProtocolClient.java:onNext(255)) - client-AC1CE418446C->edec9b8f-c318-426f-83f9-f44e945268a2: receive RaftClientReply:client-AC1CE418446C->edec9b8f-c318-426f-83f9-f44e945268a2@group-352661ED3FD5, cid=2296, SUCCESS, logIndex=3386, commits[edec9b8f-c318-426f-83f9-f44e945268a2:c3387, 02a03aee-1dd1-43c9-94ca-c76e2a537489:c3382, 9fb73170-bb25-48da-afcf-6f1f9e11598f:c3385]
2019-07-10 10:42:53,985 INFO  client.GrpcClientProtocolClient (GrpcClientProtocolClient.java:onNext(255)) - client-AC1CE418446C->edec9b8f-c318-426f-83f9-f44e945268a2: receive RaftClientReply:client-AC1CE418446C->edec9b8f-c318-426f-83f9-f44e945268a2@group-352661ED3FD5, cid=2297, SUCCESS, logIndex=3387, commits[edec9b8f-c318-426f-83f9-f44e945268a2:c3387, 02a03aee-1dd1-43c9-94ca-c76e2a537489:c3382, 9fb73170-bb25-48da-afcf-6f1f9e11598f:c3385]
2019-07-10 10:42:53,997 INFO  client.GrpcClientProtocolClient (GrpcClientProtocolClient.java:onNext(255)) - client-AC1CE418446C->edec9b8f-c318-426f-83f9-f44e945268a2: receive RaftClientReply:client-AC1CE418446C->edec9b8f-c318-426f-83f9-f44e945268a2@group-352661ED3FD5, cid=2298, SUCCESS, logIndex=3390, commits[edec9b8f-c318-426f-83f9-f44e945268a2:c3391, 02a03aee-1dd1-43c9-94ca-c76e2a537489:c3387, 9fb73170-bb25-48da-afcf-6f1f9e11598f:c3389]
2019-07-10 10:42:53,998 INFO  client.GrpcClientProtocolClient (GrpcClientProtocolClient.java:onNext(255)) - client-AC1CE418446C->edec9b8f-c318-426f-83f9-f44e945268a2: receive RaftClientReply:client-AC1CE418446C->edec9b8f-c318-426f-83f9-f44e945268a2@group-352661ED3FD5, cid=2299, SUCCESS, logIndex=3391, commits[edec9b8f-c318-426f-83f9-f44e945268a2:c3391, 02a03aee-1dd1-43c9-94ca-c76e2a537489:c3389, 9fb73170-bb25-48da-afcf-6f1f9e11598f:c3389]
2019-07-10 10:42:53,999 INFO  client.GrpcClientProtocolClient (GrpcClientProtocolClient.java:onNext(255)) - client-AC1CE418446C->edec9b8f-c318-426f-83f9-f44e945268a2: receive RaftClientReply:client-AC1CE418446C->edec9b8f-c318-426f-83f9-f44e945268a2@group-352661ED3FD5, cid=2300, SUCCESS, logIndex=0, commits[edec9b8f-c318-426f-83f9-f44e945268a2:c3392, 02a03aee-1dd1-43c9-94ca-c76e2a537489:c3391, 9fb73170-bb25-48da-afcf-6f1f9e11598f:c3391]
2019-07-10 10:42:54,040 INFO  client.GrpcClientProtocolClient (GrpcClientProtocolClient.java:onNext(255)) - client-AC1CE418446C->edec9b8f-c318-426f-83f9-f44e945268a2: receive RaftClientReply:client-AC1CE418446C->edec9b8f-c318-426f-83f9-f44e945268a2@group-352661ED3FD5, cid=2301, SUCCESS, logIndex=3394, commits[edec9b8f-c318-426f-83f9-f44e945268a2:c3395, 02a03aee-1dd1-43c9-94ca-c76e2a537489:c3393, 9fb73170-bb25-48da-afcf-6f1f9e11598f:c3393]
2019-07-10 10:42:54,041 INFO  client.GrpcClientProtocolClient (GrpcClientProtocolClient.java:onNext(255)) - client-AC1CE418446C->edec9b8f-c318-426f-83f9-f44e945268a2: receive RaftClientReply:client-AC1CE418446C->edec9b8f-c318-426f-83f9-f44e945268a2@group-352661ED3FD5, cid=2302, SUCCESS, logIndex=3395, commits[edec9b8f-c318-426f-83f9-f44e945268a2:c3395, 02a03aee-1dd1-43c9-94ca-c76e2a537489:c3393, 9fb73170-bb25-48da-afcf-6f1f9e11598f:c3393]
2019-07-10 10:42:54,051 INFO  client.GrpcClientProtocolClient (GrpcClientProtocolClient.java:onNext(255)) - client-AC1CE418446C->edec9b8f-c318-426f-83f9-f44e945268a2: receive RaftClientReply:client-AC1CE418446C->edec9b8f-c318-426f-83f9-f44e945268a2@group-352661ED3FD5, cid=2303, SUCCESS, logIndex=3396, commits[edec9b8f-c318-426f-83f9-f44e945268a2:c3397, 02a03aee-1dd1-43c9-94ca-c76e2a537489:c3393, 9fb73170-bb25-48da-afcf-6f1f9e11598f:c3393]
2019-07-10 10:42:54,052 INFO  client.GrpcClientProtocolClient (GrpcClientProtocolClient.java:onNext(255)) - client-AC1CE418446C->edec9b8f-c318-426f-83f9-f44e945268a2: receive RaftClientReply:client-AC1CE418446C->edec9b8f-c318-426f-83f9-f44e945268a2@group-352661ED3FD5, cid=2304, SUCCESS, logIndex=3397, commits[edec9b8f-c318-426f-83f9-f44e945268a2:c3397, 02a03aee-1dd1-43c9-94ca-c76e2a537489:c3393, 9fb73170-bb25-48da-afcf-6f1f9e11598f:c3393]
2019-07-10 10:42:54,054 INFO  client.GrpcClientProtocolClient (GrpcClientProtocolClient.java:onNext(255)) - client-AC1CE418446C->edec9b8f-c318-426f-83f9-f44e945268a2: receive RaftClientReply:client-AC1CE418446C->edec9b8f-c318-426f-83f9-f44e945268a2@group-352661ED3FD5, cid=2305, SUCCESS, logIndex=0, commits[edec9b8f-c318-426f-83f9-f44e945268a2:c3399, 02a03aee-1dd1-43c9-94ca-c76e2a537489:c3395, 9fb73170-bb25-48da-afcf-6f1f9e11598f:c3395]
2019-07-10 10:42:54,069 INFO  client.GrpcClientProtocolClient (GrpcClientProtocolClient.java:onNext(255)) - client-AC1CE418446C->edec9b8f-c318-426f-83f9-f44e945268a2: receive RaftClientReply:client-AC1CE418446C->edec9b8f-c318-426f-83f9-f44e945268a2@group-352661ED3FD5, cid=2306, SUCCESS, logIndex=3402, commits[edec9b8f-c318-426f-83f9-f44e945268a2:c3403, 02a03aee-1dd1-43c9-94ca-c76e2a537489:c3397, 9fb73170-bb25-48da-afcf-6f1f9e11598f:c3399]
2019-07-10 10:42:54,069 INFO  client.GrpcClientProtocolClient (GrpcClientProtocolClient.java:onNext(255)) - client-AC1CE418446C->edec9b8f-c318-426f-83f9-f44e945268a2: receive RaftClientReply:client-AC1CE418446C->edec9b8f-c318-426f-83f9-f44e945268a2@group-352661ED3FD5, cid=2307, SUCCESS, logIndex=3403, commits[edec9b8f-c318-426f-83f9-f44e945268a2:c3403, 02a03aee-1dd1-43c9-94ca-c76e2a537489:c3399, 9fb73170-bb25-48da-afcf-6f1f9e11598f:c3399]
2019-07-10 10:42:54,095 INFO  client.GrpcClientProtocolClient (GrpcClientProtocolClient.java:onNext(255)) - client-AC1CE418446C->edec9b8f-c318-426f-83f9-f44e945268a2: receive RaftClientReply:client-AC1CE418446C->edec9b8f-c318-426f-83f9-f44e945268a2@group-352661ED3FD5, cid=2308, SUCCESS, logIndex=3405, commits[edec9b8f-c318-426f-83f9-f44e945268a2:c3406, 02a03aee-1dd1-43c9-94ca-c76e2a537489:c3403, 9fb73170-bb25-48da-afcf-6f1f9e11598f:c3403]
2019-07-10 10:42:54,095 INFO  client.GrpcClientProtocolClient (GrpcClientProtocolClient.java:onNext(255)) - client-AC1CE418446C->edec9b8f-c318-426f-83f9-f44e945268a2: receive RaftClientReply:client-AC1CE418446C->edec9b8f-c318-426f-83f9-f44e945268a2@group-352661ED3FD5, cid=2309, SUCCESS, logIndex=3406, commits[edec9b8f-c318-426f-83f9-f44e945268a2:c3406, 02a03aee-1dd1-43c9-94ca-c76e2a537489:c3403, 9fb73170-bb25-48da-afcf-6f1f9e11598f:c3403]
2019-07-10 10:42:54,118 INFO  client.GrpcClientProtocolClient (GrpcClientProtocolClient.java:onNext(255)) - client-AC1CE418446C->edec9b8f-c318-426f-83f9-f44e945268a2: receive RaftClientReply:client-AC1CE418446C->edec9b8f-c318-426f-83f9-f44e945268a2@group-352661ED3FD5, cid=2310, SUCCESS, logIndex=0, commits[edec9b8f-c318-426f-83f9-f44e945268a2:c3408, 02a03aee-1dd1-43c9-94ca-c76e2a537489:c3406, 9fb73170-bb25-48da-afcf-6f1f9e11598f:c3406]
2019-07-10 10:42:54,147 INFO  client.GrpcClientProtocolClient (GrpcClientProtocolClient.java:onNext(255)) - client-AC1CE418446C->edec9b8f-c318-426f-83f9-f44e945268a2: receive RaftClientReply:client-AC1CE418446C->edec9b8f-c318-426f-83f9-f44e945268a2@group-352661ED3FD5, cid=2311, SUCCESS, logIndex=3409, commits[edec9b8f-c318-426f-83f9-f44e945268a2:c3410, 02a03aee-1dd1-43c9-94ca-c76e2a537489:c3408, 9fb73170-bb25-48da-afcf-6f1f9e11598f:c3408]
2019-07-10 10:42:54,148 INFO  client.GrpcClientProtocolClient (GrpcClientProtocolClient.java:onNext(255)) - client-AC1CE418446C->edec9b8f-c318-426f-83f9-f44e945268a2: receive RaftClientReply:client-AC1CE418446C->edec9b8f-c318-426f-83f9-f44e945268a2@group-352661ED3FD5, cid=2312, SUCCESS, logIndex=3410, commits[edec9b8f-c318-426f-83f9-f44e945268a2:c3410, 02a03aee-1dd1-43c9-94ca-c76e2a537489:c3408, 9fb73170-bb25-48da-afcf-6f1f9e11598f:c3408]
2019-07-10 10:42:54,159 INFO  client.GrpcClientProtocolClient (GrpcClientProtocolClient.java:onNext(255)) - client-AC1CE418446C->edec9b8f-c318-426f-83f9-f44e945268a2: receive RaftClientReply:client-AC1CE418446C->edec9b8f-c318-426f-83f9-f44e945268a2@group-352661ED3FD5, cid=2313, SUCCESS, logIndex=3411, commits[edec9b8f-c318-426f-83f9-f44e945268a2:c3412, 02a03aee-1dd1-43c9-94ca-c76e2a537489:c3408, 9fb73170-bb25-48da-afcf-6f1f9e11598f:c3408]
2019-07-10 10:42:54,159 INFO  client.GrpcClientProtocolClient (GrpcClientProtocolClient.java:onNext(255)) - client-AC1CE418446C->edec9b8f-c318-426f-83f9-f44e945268a2: receive RaftClientReply:client-AC1CE418446C->edec9b8f-c318-426f-83f9-f44e945268a2@group-352661ED3FD5, cid=2314, SUCCESS, logIndex=3412, commits[edec9b8f-c318-426f-83f9-f44e945268a2:c3412, 02a03aee-1dd1-43c9-94ca-c76e2a537489:c3408, 9fb73170-bb25-48da-afcf-6f1f9e11598f:c3408]
2019-07-10 10:42:54,172 INFO  client.GrpcClientProtocolClient (GrpcClientProtocolClient.java:onNext(255)) - client-AC1CE418446C->edec9b8f-c318-426f-83f9-f44e945268a2: receive RaftClientReply:client-AC1CE418446C->edec9b8f-c318-426f-83f9-f44e945268a2@group-352661ED3FD5, cid=2315, SUCCESS, logIndex=0, commits[edec9b8f-c318-426f-83f9-f44e945268a2:c3414, 02a03aee-1dd1-43c9-94ca-c76e2a537489:c3410, 9fb73170-bb25-48da-afcf-6f1f9e11598f:c3410]
2019-07-10 10:42:54,192 INFO  client.GrpcClientProtocolClient (GrpcClientProtocolClient.java:onNext(255)) - client-AC1CE418446C->edec9b8f-c318-426f-83f9-f44e945268a2: receive RaftClientReply:client-AC1CE418446C->edec9b8f-c318-426f-83f9-f44e945268a2@group-352661ED3FD5, cid=2316, SUCCESS, logIndex=3417, commits[edec9b8f-c318-426f-83f9-f44e945268a2:c3418, 02a03aee-1dd1-43c9-94ca-c76e2a537489:c3416, 9fb73170-bb25-48da-afcf-6f1f9e11598f:c3416]
2019-07-10 10:42:54,192 INFO  client.GrpcClientProtocolClient (GrpcClientProtocolClient.java:onNext(255)) - client-AC1CE418446C->edec9b8f-c318-426f-83f9-f44e945268a2: receive RaftClientReply:client-AC1CE418446C->edec9b8f-c318-426f-83f9-f44e945268a2@group-352661ED3FD5, cid=2317, SUCCESS, logIndex=3418, commits[edec9b8f-c318-426f-83f9-f44e945268a2:c3418, 02a03aee-1dd1-43c9-94ca-c76e2a537489:c3416, 9fb73170-bb25-48da-afcf-6f1f9e11598f:c3416]
2019-07-10 10:42:54,218 INFO  client.GrpcClientProtocolClient (GrpcClientProtocolClient.java:onNext(255)) - client-AC1CE418446C->edec9b8f-c318-426f-83f9-f44e945268a2: receive RaftClientReply:client-AC1CE418446C->edec9b8f-c318-426f-83f9-f44e945268a2@group-352661ED3FD5, cid=2318, SUCCESS, logIndex=3421, commits[edec9b8f-c318-426f-83f9-f44e945268a2:c3422, 02a03aee-1dd1-43c9-94ca-c76e2a537489:c3418, 9fb73170-bb25-48da-afcf-6f1f9e11598f:c3418]
2019-07-10 10:42:54,218 INFO  client.GrpcClientProtocolClient (GrpcClientProtocolClient.java:onNext(255)) - client-AC1CE418446C->edec9b8f-c318-426f-83f9-f44e945268a2: receive RaftClientReply:client-AC1CE418446C->edec9b8f-c318-426f-83f9-f44e945268a2@group-352661ED3FD5, cid=2319, SUCCESS, logIndex=3422, commits[edec9b8f-c318-426f-83f9-f44e945268a2:c3422, 02a03aee-1dd1-43c9-94ca-c76e2a537489:c3418, 9fb73170-bb25-48da-afcf-6f1f9e11598f:c3418]
2019-07-10 10:42:54,232 INFO  client.GrpcClientProtocolClient (GrpcClientProtocolClient.java:onNext(255)) - client-AC1CE418446C->edec9b8f-c318-426f-83f9-f44e945268a2: receive RaftClientReply:client-AC1CE418446C->edec9b8f-c318-426f-83f9-f44e945268a2@group-352661ED3FD5, cid=2320, SUCCESS, logIndex=0, commits[edec9b8f-c318-426f-83f9-f44e945268a2:c3423, 02a03aee-1dd1-43c9-94ca-c76e2a537489:c3422, 9fb73170-bb25-48da-afcf-6f1f9e11598f:c3422]
2019-07-10 10:42:54,263 INFO  client.GrpcClientProtocolClient (GrpcClientProtocolClient.java:onNext(255)) - client-AC1CE418446C->edec9b8f-c318-426f-83f9-f44e945268a2: receive RaftClientReply:client-AC1CE418446C->edec9b8f-c318-426f-83f9-f44e945268a2@group-352661ED3FD5, cid=2321, SUCCESS, logIndex=3425, commits[edec9b8f-c318-426f-83f9-f44e945268a2:c3426, 02a03aee-1dd1-43c9-94ca-c76e2a537489:c3424, 9fb73170-bb25-48da-afcf-6f1f9e11598f:c3424]
2019-07-10 10:42:54,264 INFO  client.GrpcClientProtocolClient (GrpcClientProtocolClient.java:onNext(255)) - client-AC1CE418446C->edec9b8f-c318-426f-83f9-f44e945268a2: receive RaftClientReply:client-AC1CE418446C->edec9b8f-c318-426f-83f9-f44e945268a2@group-352661ED3FD5, cid=2322, SUCCESS, logIndex=3426, commits[edec9b8f-c318-426f-83f9-f44e945268a2:c3426, 02a03aee-1dd1-43c9-94ca-c76e2a537489:c3424, 9fb73170-bb25-48da-afcf-6f1f9e11598f:c3424]
2019-07-10 10:42:54,276 INFO  client.GrpcClientProtocolClient (GrpcClientProtocolClient.java:onNext(255)) - client-AC1CE418446C->edec9b8f-c318-426f-83f9-f44e945268a2: receive RaftClientReply:client-AC1CE418446C->edec9b8f-c318-426f-83f9-f44e945268a2@group-352661ED3FD5, cid=2323, SUCCESS, logIndex=3427, commits[edec9b8f-c318-426f-83f9-f44e945268a2:c3428, 02a03aee-1dd1-43c9-94ca-c76e2a537489:c3424, 9fb73170-bb25-48da-afcf-6f1f9e11598f:c3424]
2019-07-10 10:42:54,276 INFO  client.GrpcClientProtocolClient (GrpcClientProtocolClient.java:onNext(255)) - client-AC1CE418446C->edec9b8f-c318-426f-83f9-f44e945268a2: receive RaftClientReply:client-AC1CE418446C->edec9b8f-c318-426f-83f9-f44e945268a2@group-352661ED3FD5, cid=2324, SUCCESS, logIndex=3428, commits[edec9b8f-c318-426f-83f9-f44e945268a2:c3428, 02a03aee-1dd1-43c9-94ca-c76e2a537489:c3424, 9fb73170-bb25-48da-afcf-6f1f9e11598f:c3424]
2019-07-10 10:42:54,289 INFO  client.GrpcClientProtocolClient (GrpcClientProtocolClient.java:onNext(255)) - client-AC1CE418446C->edec9b8f-c318-426f-83f9-f44e945268a2: receive RaftClientReply:client-AC1CE418446C->edec9b8f-c318-426f-83f9-f44e945268a2@group-352661ED3FD5, cid=2325, SUCCESS, logIndex=0, commits[edec9b8f-c318-426f-83f9-f44e945268a2:c3430, 02a03aee-1dd1-43c9-94ca-c76e2a537489:c3426, 9fb73170-bb25-48da-afcf-6f1f9e11598f:c3426]
2019-07-10 10:42:54,306 INFO  client.GrpcClientProtocolClient (GrpcClientProtocolClient.java:onNext(255)) - client-AC1CE418446C->edec9b8f-c318-426f-83f9-f44e945268a2: receive RaftClientReply:client-AC1CE418446C->edec9b8f-c318-426f-83f9-f44e945268a2@group-352661ED3FD5, cid=2326, SUCCESS, logIndex=3433, commits[edec9b8f-c318-426f-83f9-f44e945268a2:c3434, 02a03aee-1dd1-43c9-94ca-c76e2a537489:c3430, 9fb73170-bb25-48da-afcf-6f1f9e11598f:c3430]
2019-07-10 10:42:54,307 INFO  client.GrpcClientProtocolClient (GrpcClientProtocolClient.java:onNext(255)) - client-AC1CE418446C->edec9b8f-c318-426f-83f9-f44e945268a2: receive RaftClientReply:client-AC1CE418446C->edec9b8f-c318-426f-83f9-f44e945268a2@group-352661ED3FD5, cid=2327, SUCCESS, logIndex=3434, commits[edec9b8f-c318-426f-83f9-f44e945268a2:c3434, 02a03aee-1dd1-43c9-94ca-c76e2a537489:c3430, 9fb73170-bb25-48da-afcf-6f1f9e11598f:c3430]
 0.00% |█                                                                                                    |  0/1 Time: 0:00:202019-07-10 10:42:54,333 INFO  client.GrpcClientProtocolClient (GrpcClientProtocolClient.java:onNext(255)) - client-AC1CE418446C->edec9b8f-c318-426f-83f9-f44e945268a2: receive RaftClientReply:client-AC1CE418446C->edec9b8f-c318-426f-83f9-f44e945268a2@group-352661ED3FD5, cid=2328, SUCCESS, logIndex=3437, commits[edec9b8f-c318-426f-83f9-f44e945268a2:c3438, 02a03aee-1dd1-43c9-94ca-c76e2a537489:c3434, 9fb73170-bb25-48da-afcf-6f1f9e11598f:c3434]
2019-07-10 10:42:54,333 INFO  client.GrpcClientProtocolClient (GrpcClientProtocolClient.java:onNext(255)) - client-AC1CE418446C->edec9b8f-c318-426f-83f9-f44e945268a2: receive RaftClientReply:client-AC1CE418446C->edec9b8f-c318-426f-83f9-f44e945268a2@group-352661ED3FD5, cid=2329, SUCCESS, logIndex=3438, commits[edec9b8f-c318-426f-83f9-f44e945268a2:c3438, 02a03aee-1dd1-43c9-94ca-c76e2a537489:c3434, 9fb73170-bb25-48da-afcf-6f1f9e11598f:c3434]
2019-07-10 10:42:54,343 INFO  client.GrpcClientProtocolClient (GrpcClientProtocolClient.java:onNext(255)) - client-AC1CE418446C->edec9b8f-c318-426f-83f9-f44e945268a2: receive RaftClientReply:client-AC1CE418446C->edec9b8f-c318-426f-83f9-f44e945268a2@group-352661ED3FD5, cid=2330, SUCCESS, logIndex=0, commits[edec9b8f-c318-426f-83f9-f44e945268a2:c3440, 02a03aee-1dd1-43c9-94ca-c76e2a537489:c3438, 9fb73170-bb25-48da-afcf-6f1f9e11598f:c3438]
2019-07-10 10:42:54,372 INFO  client.GrpcClientProtocolClient (GrpcClientProtocolClient.java:onNext(255)) - client-AC1CE418446C->edec9b8f-c318-426f-83f9-f44e945268a2: receive RaftClientReply:client-AC1CE418446C->edec9b8f-c318-426f-83f9-f44e945268a2@group-352661ED3FD5, cid=2331, SUCCESS, logIndex=3441, commits[edec9b8f-c318-426f-83f9-f44e945268a2:c3443, 02a03aee-1dd1-43c9-94ca-c76e2a537489:c3440, 9fb73170-bb25-48da-afcf-6f1f9e11598f:c3440]
2019-07-10 10:42:54,372 INFO  client.GrpcClientProtocolClient (GrpcClientProtocolClient.java:onNext(255)) - client-AC1CE418446C->edec9b8f-c318-426f-83f9-f44e945268a2: receive RaftClientReply:client-AC1CE418446C->edec9b8f-c318-426f-83f9-f44e945268a2@group-352661ED3FD5, cid=2332, SUCCESS, logIndex=3442, commits[edec9b8f-c318-426f-83f9-f44e945268a2:c3444, 02a03aee-1dd1-43c9-94ca-c76e2a537489:c3440, 9fb73170-bb25-48da-afcf-6f1f9e11598f:c3440]
2019-07-10 10:42:54,373 INFO  client.GrpcClientProtocolClient (GrpcClientProtocolClient.java:onNext(255)) - client-AC1CE418446C->edec9b8f-c318-426f-83f9-f44e945268a2: receive RaftClientReply:client-AC1CE418446C->edec9b8f-c318-426f-83f9-f44e945268a2@group-352661ED3FD5, cid=2333, SUCCESS, logIndex=3443, commits[edec9b8f-c318-426f-83f9-f44e945268a2:c3444, 02a03aee-1dd1-43c9-94ca-c76e2a537489:c3440, 9fb73170-bb25-48da-afcf-6f1f9e11598f:c3440]
2019-07-10 10:42:54,373 INFO  client.GrpcClientProtocolClient (GrpcClientProtocolClient.java:onNext(255)) - client-AC1CE418446C->edec9b8f-c318-426f-83f9-f44e945268a2: receive RaftClientReply:client-AC1CE418446C->edec9b8f-c318-426f-83f9-f44e945268a2@group-352661ED3FD5, cid=2334, SUCCESS, logIndex=3444, commits[edec9b8f-c318-426f-83f9-f44e945268a2:c3444, 02a03aee-1dd1-43c9-94ca-c76e2a537489:c3440, 9fb73170-bb25-48da-afcf-6f1f9e11598f:c3440]
2019-07-10 10:42:54,385 INFO  client.GrpcClientProtocolClient (GrpcClientProtocolClient.java:onNext(255)) - client-AC1CE418446C->edec9b8f-c318-426f-83f9-f44e945268a2: receive RaftClientReply:client-AC1CE418446C->edec9b8f-c318-426f-83f9-f44e945268a2@group-352661ED3FD5, cid=2335, SUCCESS, logIndex=0, commits[edec9b8f-c318-426f-83f9-f44e945268a2:c3445, 02a03aee-1dd1-43c9-94ca-c76e2a537489:c3442, 9fb73170-bb25-48da-afcf-6f1f9e11598f:c3442]
2019-07-10 10:42:54,404 INFO  client.GrpcClientProtocolClient (GrpcClientProtocolClient.java:onNext(255)) - client-AC1CE418446C->edec9b8f-c318-426f-83f9-f44e945268a2: receive RaftClientReply:client-AC1CE418446C->edec9b8f-c318-426f-83f9-f44e945268a2@group-352661ED3FD5, cid=2336, SUCCESS, logIndex=3449, commits[edec9b8f-c318-426f-83f9-f44e945268a2:c3450, 02a03aee-1dd1-43c9-94ca-c76e2a537489:c3448, 9fb73170-bb25-48da-afcf-6f1f9e11598f:c3448]
2019-07-10 10:42:54,404 INFO  client.GrpcClientProtocolClient (GrpcClientProtocolClient.java:onNext(255)) - client-AC1CE418446C->edec9b8f-c318-426f-83f9-f44e945268a2: receive RaftClientReply:client-AC1CE418446C->edec9b8f-c318-426f-83f9-f44e945268a2@group-352661ED3FD5, cid=2337, SUCCESS, logIndex=3450, commits[edec9b8f-c318-426f-83f9-f44e945268a2:c3450, 02a03aee-1dd1-43c9-94ca-c76e2a537489:c3448, 9fb73170-bb25-48da-afcf-6f1f9e11598f:c3448]
2019-07-10 10:42:54,517 INFO  client.GrpcClientProtocolClient (GrpcClientProtocolClient.java:onNext(255)) - client-AC1CE418446C->edec9b8f-c318-426f-83f9-f44e945268a2: receive RaftClientReply:client-AC1CE418446C->edec9b8f-c318-426f-83f9-f44e945268a2@group-352661ED3FD5, cid=2338, SUCCESS, logIndex=3453, commits[edec9b8f-c318-426f-83f9-f44e945268a2:c3454, 02a03aee-1dd1-43c9-94ca-c76e2a537489:c3450, 9fb73170-bb25-48da-afcf-6f1f9e11598f:c3450]
2019-07-10 10:42:54,518 INFO  client.GrpcClientProtocolClient (GrpcClientProtocolClient.java:onNext(255)) - client-AC1CE418446C->edec9b8f-c318-426f-83f9-f44e945268a2: receive RaftClientReply:client-AC1CE418446C->edec9b8f-c318-426f-83f9-f44e945268a2@group-352661ED3FD5, cid=2339, SUCCESS, logIndex=3454, commits[edec9b8f-c318-426f-83f9-f44e945268a2:c3454, 02a03aee-1dd1-43c9-94ca-c76e2a537489:c3450, 9fb73170-bb25-48da-afcf-6f1f9e11598f:c3450]
2019-07-10 10:42:54,530 INFO  client.GrpcClientProtocolClient (GrpcClientProtocolClient.java:onNext(255)) - client-AC1CE418446C->edec9b8f-c318-426f-83f9-f44e945268a2: receive RaftClientReply:client-AC1CE418446C->edec9b8f-c318-426f-83f9-f44e945268a2@group-352661ED3FD5, cid=2340, SUCCESS, logIndex=0, commits[edec9b8f-c318-426f-83f9-f44e945268a2:c3455, 02a03aee-1dd1-43c9-94ca-c76e2a537489:c3454, 9fb73170-bb25-48da-afcf-6f1f9e11598f:c3454]
2019-07-10 10:42:54,580 INFO  client.GrpcClientProtocolClient (GrpcClientProtocolClient.java:onNext(255)) - client-AC1CE418446C->edec9b8f-c318-426f-83f9-f44e945268a2: receive RaftClientReply:client-AC1CE418446C->edec9b8f-c318-426f-83f9-f44e945268a2@group-352661ED3FD5, cid=2341, SUCCESS, logIndex=3457, commits[edec9b8f-c318-426f-83f9-f44e945268a2:c3458, 02a03aee-1dd1-43c9-94ca-c76e2a537489:c3456, 9fb73170-bb25-48da-afcf-6f1f9e11598f:c3456]
2019-07-10 10:42:54,580 INFO  client.GrpcClientProtocolClient (GrpcClientProtocolClient.java:onNext(255)) - client-AC1CE418446C->edec9b8f-c318-426f-83f9-f44e945268a2: receive RaftClientReply:client-AC1CE418446C->edec9b8f-c318-426f-83f9-f44e945268a2@group-352661ED3FD5, cid=2342, SUCCESS, logIndex=3458, commits[edec9b8f-c318-426f-83f9-f44e945268a2:c3458, 02a03aee-1dd1-43c9-94ca-c76e2a537489:c3456, 9fb73170-bb25-48da-afcf-6f1f9e11598f:c3456]
2019-07-10 10:42:54,592 INFO  client.GrpcClientProtocolClient (GrpcClientProtocolClient.java:onNext(255)) - client-AC1CE418446C->edec9b8f-c318-426f-83f9-f44e945268a2: receive RaftClientReply:client-AC1CE418446C->edec9b8f-c318-426f-83f9-f44e945268a2@group-352661ED3FD5, cid=2343, SUCCESS, logIndex=3459, commits[edec9b8f-c318-426f-83f9-f44e945268a2:c3460, 02a03aee-1dd1-43c9-94ca-c76e2a537489:c3456, 9fb73170-bb25-48da-afcf-6f1f9e11598f:c3456]
2019-07-10 10:42:54,593 INFO  client.GrpcClientProtocolClient (GrpcClientProtocolClient.java:onNext(255)) - client-AC1CE418446C->edec9b8f-c318-426f-83f9-f44e945268a2: receive RaftClientReply:client-AC1CE418446C->edec9b8f-c318-426f-83f9-f44e945268a2@group-352661ED3FD5, cid=2344, SUCCESS, logIndex=3460, commits[edec9b8f-c318-426f-83f9-f44e945268a2:c3460, 02a03aee-1dd1-43c9-94ca-c76e2a537489:c3456, 9fb73170-bb25-48da-afcf-6f1f9e11598f:c3456]
2019-07-10 10:42:54,594 INFO  client.GrpcClientProtocolClient (GrpcClientProtocolClient.java:onNext(255)) - client-AC1CE418446C->edec9b8f-c318-426f-83f9-f44e945268a2: receive RaftClientReply:client-AC1CE418446C->edec9b8f-c318-426f-83f9-f44e945268a2@group-352661ED3FD5, cid=2345, SUCCESS, logIndex=0, commits[edec9b8f-c318-426f-83f9-f44e945268a2:c3462, 02a03aee-1dd1-43c9-94ca-c76e2a537489:c3458, 9fb73170-bb25-48da-afcf-6f1f9e11598f:c3458]
2019-07-10 10:42:54,616 INFO  client.GrpcClientProtocolClient (GrpcClientProtocolClient.java:onNext(255)) - client-AC1CE418446C->edec9b8f-c318-426f-83f9-f44e945268a2: receive RaftClientReply:client-AC1CE418446C->edec9b8f-c318-426f-83f9-f44e945268a2@group-352661ED3FD5, cid=2346, SUCCESS, logIndex=3465, commits[edec9b8f-c318-426f-83f9-f44e945268a2:c3466, 02a03aee-1dd1-43c9-94ca-c76e2a537489:c3464, 9fb73170-bb25-48da-afcf-6f1f9e11598f:c3464]
2019-07-10 10:42:54,616 INFO  client.GrpcClientProtocolClient (GrpcClientProtocolClient.java:onNext(255)) - client-AC1CE418446C->edec9b8f-c318-426f-83f9-f44e945268a2: receive RaftClientReply:client-AC1CE418446C->edec9b8f-c318-426f-83f9-f44e945268a2@group-352661ED3FD5, cid=2347, SUCCESS, logIndex=3466, commits[edec9b8f-c318-426f-83f9-f44e945268a2:c3466, 02a03aee-1dd1-43c9-94ca-c76e2a537489:c3464, 9fb73170-bb25-48da-afcf-6f1f9e11598f:c3464]
2019-07-10 10:42:54,637 INFO  client.GrpcClientProtocolClient (GrpcClientProtocolClient.java:onNext(255)) - client-AC1CE418446C->edec9b8f-c318-426f-83f9-f44e945268a2: receive RaftClientReply:client-AC1CE418446C->edec9b8f-c318-426f-83f9-f44e945268a2@group-352661ED3FD5, cid=2348, SUCCESS, logIndex=3469, commits[edec9b8f-c318-426f-83f9-f44e945268a2:c3470, 02a03aee-1dd1-43c9-94ca-c76e2a537489:c3466, 9fb73170-bb25-48da-afcf-6f1f9e11598f:c3466]
2019-07-10 10:42:54,638 INFO  client.GrpcClientProtocolClient (GrpcClientProtocolClient.java:onNext(255)) - client-AC1CE418446C->edec9b8f-c318-426f-83f9-f44e945268a2: receive RaftClientReply:client-AC1CE418446C->edec9b8f-c318-426f-83f9-f44e945268a2@group-352661ED3FD5, cid=2349, SUCCESS, logIndex=3470, commits[edec9b8f-c318-426f-83f9-f44e945268a2:c3470, 02a03aee-1dd1-43c9-94ca-c76e2a537489:c3466, 9fb73170-bb25-48da-afcf-6f1f9e11598f:c3466]
2019-07-10 10:42:54,651 INFO  client.GrpcClientProtocolClient (GrpcClientProtocolClient.java:onNext(255)) - client-AC1CE418446C->edec9b8f-c318-426f-83f9-f44e945268a2: receive RaftClientReply:client-AC1CE418446C->edec9b8f-c318-426f-83f9-f44e945268a2@group-352661ED3FD5, cid=2350, SUCCESS, logIndex=0, commits[edec9b8f-c318-426f-83f9-f44e945268a2:c3471, 02a03aee-1dd1-43c9-94ca-c76e2a537489:c3470, 9fb73170-bb25-48da-afcf-6f1f9e11598f:c3470]
2019-07-10 10:42:54,681 INFO  client.GrpcClientProtocolClient (GrpcClientProtocolClient.java:onNext(255)) - client-AC1CE418446C->edec9b8f-c318-426f-83f9-f44e945268a2: receive RaftClientReply:client-AC1CE418446C->edec9b8f-c318-426f-83f9-f44e945268a2@group-352661ED3FD5, cid=2351, SUCCESS, logIndex=3473, commits[edec9b8f-c318-426f-83f9-f44e945268a2:c3473, 02a03aee-1dd1-43c9-94ca-c76e2a537489:c3472, 9fb73170-bb25-48da-afcf-6f1f9e11598f:c3472]
2019-07-10 10:42:54,681 INFO  client.GrpcClientProtocolClient (GrpcClientProtocolClient.java:onNext(255)) - client-AC1CE418446C->edec9b8f-c318-426f-83f9-f44e945268a2: receive RaftClientReply:client-AC1CE418446C->edec9b8f-c318-426f-83f9-f44e945268a2@group-352661ED3FD5, cid=2352, SUCCESS, logIndex=3474, commits[edec9b8f-c318-426f-83f9-f44e945268a2:c3476, 02a03aee-1dd1-43c9-94ca-c76e2a537489:c3472, 9fb73170-bb25-48da-afcf-6f1f9e11598f:c3472]
2019-07-10 10:42:54,681 INFO  client.GrpcClientProtocolClient (GrpcClientProtocolClient.java:onNext(255)) - client-AC1CE418446C->edec9b8f-c318-426f-83f9-f44e945268a2: receive RaftClientReply:client-AC1CE418446C->edec9b8f-c318-426f-83f9-f44e945268a2@group-352661ED3FD5, cid=2353, SUCCESS, logIndex=3475, commits[edec9b8f-c318-426f-83f9-f44e945268a2:c3476, 02a03aee-1dd1-43c9-94ca-c76e2a537489:c3472, 9fb73170-bb25-48da-afcf-6f1f9e11598f:c3472]
2019-07-10 10:42:54,681 INFO  client.GrpcClientProtocolClient (GrpcClientProtocolClient.java:onNext(255)) - client-AC1CE418446C->edec9b8f-c318-426f-83f9-f44e945268a2: receive RaftClientReply:client-AC1CE418446C->edec9b8f-c318-426f-83f9-f44e945268a2@group-352661ED3FD5, cid=2354, SUCCESS, logIndex=3476, commits[edec9b8f-c318-426f-83f9-f44e945268a2:c3476, 02a03aee-1dd1-43c9-94ca-c76e2a537489:c3472, 9fb73170-bb25-48da-afcf-6f1f9e11598f:c3472]
2019-07-10 10:42:54,694 INFO  client.GrpcClientProtocolClient (GrpcClientProtocolClient.java:onNext(255)) - client-AC1CE418446C->edec9b8f-c318-426f-83f9-f44e945268a2: receive RaftClientReply:client-AC1CE418446C->edec9b8f-c318-426f-83f9-f44e945268a2@group-352661ED3FD5, cid=2355, SUCCESS, logIndex=0, commits[edec9b8f-c318-426f-83f9-f44e945268a2:c3477, 02a03aee-1dd1-43c9-94ca-c76e2a537489:c3474, 9fb73170-bb25-48da-afcf-6f1f9e11598f:c3474]
2019-07-10 10:42:54,714 INFO  client.GrpcClientProtocolClient (GrpcClientProtocolClient.java:onNext(255)) - client-AC1CE418446C->edec9b8f-c318-426f-83f9-f44e945268a2: receive RaftClientReply:client-AC1CE418446C->edec9b8f-c318-426f-83f9-f44e945268a2@group-352661ED3FD5, cid=2356, SUCCESS, logIndex=3480, commits[edec9b8f-c318-426f-83f9-f44e945268a2:c3481, 02a03aee-1dd1-43c9-94ca-c76e2a537489:c3479, 9fb73170-bb25-48da-afcf-6f1f9e11598f:c3479]
2019-07-10 10:42:54,714 INFO  client.GrpcClientProtocolClient (GrpcClientProtocolClient.java:onNext(255)) - client-AC1CE418446C->edec9b8f-c318-426f-83f9-f44e945268a2: receive RaftClientReply:client-AC1CE418446C->edec9b8f-c318-426f-83f9-f44e945268a2@group-352661ED3FD5, cid=2357, SUCCESS, logIndex=3481, commits[edec9b8f-c318-426f-83f9-f44e945268a2:c3481, 02a03aee-1dd1-43c9-94ca-c76e2a537489:c3479, 9fb73170-bb25-48da-afcf-6f1f9e11598f:c3479]
2019-07-10 10:42:54,727 INFO  client.GrpcClientProtocolClient (GrpcClientProtocolClient.java:onNext(255)) - client-AC1CE418446C->edec9b8f-c318-426f-83f9-f44e945268a2: receive RaftClientReply:client-AC1CE418446C->edec9b8f-c318-426f-83f9-f44e945268a2@group-352661ED3FD5, cid=2358, SUCCESS, logIndex=3484, commits[edec9b8f-c318-426f-83f9-f44e945268a2:c3485, 02a03aee-1dd1-43c9-94ca-c76e2a537489:c3481, 9fb73170-bb25-48da-afcf-6f1f9e11598f:c3481]
2019-07-10 10:42:54,728 INFO  client.GrpcClientProtocolClient (GrpcClientProtocolClient.java:onNext(255)) - client-AC1CE418446C->edec9b8f-c318-426f-83f9-f44e945268a2: receive RaftClientReply:client-AC1CE418446C->edec9b8f-c318-426f-83f9-f44e945268a2@group-352661ED3FD5, cid=2359, SUCCESS, logIndex=3485, commits[edec9b8f-c318-426f-83f9-f44e945268a2:c3485, 02a03aee-1dd1-43c9-94ca-c76e2a537489:c3481, 9fb73170-bb25-48da-afcf-6f1f9e11598f:c3481]
2019-07-10 10:42:54,731 INFO  client.GrpcClientProtocolClient (GrpcClientProtocolClient.java:onNext(255)) - client-AC1CE418446C->edec9b8f-c318-426f-83f9-f44e945268a2: receive RaftClientReply:client-AC1CE418446C->edec9b8f-c318-426f-83f9-f44e945268a2@group-352661ED3FD5, cid=2360, SUCCESS, logIndex=0, commits[edec9b8f-c318-426f-83f9-f44e945268a2:c3486, 02a03aee-1dd1-43c9-94ca-c76e2a537489:c3485, 9fb73170-bb25-48da-afcf-6f1f9e11598f:c3485]
2019-07-10 10:42:54,757 INFO  client.GrpcClientProtocolClient (GrpcClientProtocolClient.java:onNext(255)) - client-AC1CE418446C->edec9b8f-c318-426f-83f9-f44e945268a2: receive RaftClientReply:client-AC1CE418446C->edec9b8f-c318-426f-83f9-f44e945268a2@group-352661ED3FD5, cid=2361, SUCCESS, logIndex=3488, commits[edec9b8f-c318-426f-83f9-f44e945268a2:c3489, 02a03aee-1dd1-43c9-94ca-c76e2a537489:c3487, 9fb73170-bb25-48da-afcf-6f1f9e11598f:c3487]
2019-07-10 10:42:54,758 INFO  client.GrpcClientProtocolClient (GrpcClientProtocolClient.java:onNext(255)) - client-AC1CE418446C->edec9b8f-c318-426f-83f9-f44e945268a2: receive RaftClientReply:client-AC1CE418446C->edec9b8f-c318-426f-83f9-f44e945268a2@group-352661ED3FD5, cid=2362, SUCCESS, logIndex=3489, commits[edec9b8f-c318-426f-83f9-f44e945268a2:c3489, 02a03aee-1dd1-43c9-94ca-c76e2a537489:c3487, 9fb73170-bb25-48da-afcf-6f1f9e11598f:c3487]
2019-07-10 10:42:54,760 INFO  client.GrpcClientProtocolClient (GrpcClientProtocolClient.java:onNext(255)) - client-AC1CE418446C->edec9b8f-c318-426f-83f9-f44e945268a2: receive RaftClientReply:client-AC1CE418446C->edec9b8f-c318-426f-83f9-f44e945268a2@group-352661ED3FD5, cid=2363, SUCCESS, logIndex=3490, commits[edec9b8f-c318-426f-83f9-f44e945268a2:c3491, 02a03aee-1dd1-43c9-94ca-c76e2a537489:c3487, 9fb73170-bb25-48da-afcf-6f1f9e11598f:c3487]
2019-07-10 10:42:54,760 INFO  client.GrpcClientProtocolClient (GrpcClientProtocolClient.java:onNext(255)) - client-AC1CE418446C->edec9b8f-c318-426f-83f9-f44e945268a2: receive RaftClientReply:client-AC1CE418446C->edec9b8f-c318-426f-83f9-f44e945268a2@group-352661ED3FD5, cid=2364, SUCCESS, logIndex=3491, commits[edec9b8f-c318-426f-83f9-f44e945268a2:c3491, 02a03aee-1dd1-43c9-94ca-c76e2a537489:c3487, 9fb73170-bb25-48da-afcf-6f1f9e11598f:c3487]
2019-07-10 10:42:54,771 INFO  client.GrpcClientProtocolClient (GrpcClientProtocolClient.java:onNext(255)) - client-AC1CE418446C->edec9b8f-c318-426f-83f9-f44e945268a2: receive RaftClientReply:client-AC1CE418446C->edec9b8f-c318-426f-83f9-f44e945268a2@group-352661ED3FD5, cid=2365, SUCCESS, logIndex=0, commits[edec9b8f-c318-426f-83f9-f44e945268a2:c3493, 02a03aee-1dd1-43c9-94ca-c76e2a537489:c3489, 9fb73170-bb25-48da-afcf-6f1f9e11598f:c3489]
2019-07-10 10:42:54,793 INFO  client.GrpcClientProtocolClient (GrpcClientProtocolClient.java:onNext(255)) - client-AC1CE418446C->edec9b8f-c318-426f-83f9-f44e945268a2: receive RaftClientReply:client-AC1CE418446C->edec9b8f-c318-426f-83f9-f44e945268a2@group-352661ED3FD5, cid=2366, SUCCESS, logIndex=3496, commits[edec9b8f-c318-426f-83f9-f44e945268a2:c3497, 02a03aee-1dd1-43c9-94ca-c76e2a537489:c3493, 9fb73170-bb25-48da-afcf-6f1f9e11598f:c3491]
2019-07-10 10:42:54,794 INFO  client.GrpcClientProtocolClient (GrpcClientProtocolClient.java:onNext(255)) - client-AC1CE418446C->edec9b8f-c318-426f-83f9-f44e945268a2: receive RaftClientReply:client-AC1CE418446C->edec9b8f-c318-426f-83f9-f44e945268a2@group-352661ED3FD5, cid=2367, SUCCESS, logIndex=3497, commits[edec9b8f-c318-426f-83f9-f44e945268a2:c3497, 02a03aee-1dd1-43c9-94ca-c76e2a537489:c3493, 9fb73170-bb25-48da-afcf-6f1f9e11598f:c3493]
2019-07-10 10:42:54,809 INFO  client.GrpcClientProtocolClient (GrpcClientProtocolClient.java:onNext(255)) - client-AC1CE418446C->edec9b8f-c318-426f-83f9-f44e945268a2: receive RaftClientReply:client-AC1CE418446C->edec9b8f-c318-426f-83f9-f44e945268a2@group-352661ED3FD5, cid=2368, SUCCESS, logIndex=3500, commits[edec9b8f-c318-426f-83f9-f44e945268a2:c3500, 02a03aee-1dd1-43c9-94ca-c76e2a537489:c3498, 9fb73170-bb25-48da-afcf-6f1f9e11598f:c3498]
2019-07-10 10:42:54,810 INFO  client.GrpcClientProtocolClient (GrpcClientProtocolClient.java:onNext(255)) - client-AC1CE418446C->edec9b8f-c318-426f-83f9-f44e945268a2: receive RaftClientReply:client-AC1CE418446C->edec9b8f-c318-426f-83f9-f44e945268a2@group-352661ED3FD5, cid=2369, SUCCESS, logIndex=3501, commits[edec9b8f-c318-426f-83f9-f44e945268a2:c3501, 02a03aee-1dd1-43c9-94ca-c76e2a537489:c3498, 9fb73170-bb25-48da-afcf-6f1f9e11598f:c3498]
2019-07-10 10:42:54,824 INFO  client.GrpcClientProtocolClient (GrpcClientProtocolClient.java:onNext(255)) - client-AC1CE418446C->edec9b8f-c318-426f-83f9-f44e945268a2: receive RaftClientReply:client-AC1CE418446C->edec9b8f-c318-426f-83f9-f44e945268a2@group-352661ED3FD5, cid=2370, SUCCESS, logIndex=0, commits[edec9b8f-c318-426f-83f9-f44e945268a2:c3503, 02a03aee-1dd1-43c9-94ca-c76e2a537489:c3501, 9fb73170-bb25-48da-afcf-6f1f9e11598f:c3501]
2019-07-10 10:42:54,845 INFO  client.GrpcClientProtocolClient (GrpcClientProtocolClient.java:onNext(255)) - client-AC1CE418446C->edec9b8f-c318-426f-83f9-f44e945268a2: receive RaftClientReply:client-AC1CE418446C->edec9b8f-c318-426f-83f9-f44e945268a2@group-352661ED3FD5, cid=2371, SUCCESS, logIndex=3504, commits[edec9b8f-c318-426f-83f9-f44e945268a2:c3507, 02a03aee-1dd1-43c9-94ca-c76e2a537489:c3503, 9fb73170-bb25-48da-afcf-6f1f9e11598f:c3501]
2019-07-10 10:42:54,846 INFO  client.GrpcClientProtocolClient (GrpcClientProtocolClient.java:onNext(255)) - client-AC1CE418446C->edec9b8f-c318-426f-83f9-f44e945268a2: receive RaftClientReply:client-AC1CE418446C->edec9b8f-c318-426f-83f9-f44e945268a2@group-352661ED3FD5, cid=2372, SUCCESS, logIndex=3505, commits[edec9b8f-c318-426f-83f9-f44e945268a2:c3507, 02a03aee-1dd1-43c9-94ca-c76e2a537489:c3503, 9fb73170-bb25-48da-afcf-6f1f9e11598f:c3503]
2019-07-10 10:42:54,846 INFO  client.GrpcClientProtocolClient (GrpcClientProtocolClient.java:onNext(255)) - client-AC1CE418446C->edec9b8f-c318-426f-83f9-f44e945268a2: receive RaftClientReply:client-AC1CE418446C->edec9b8f-c318-426f-83f9-f44e945268a2@group-352661ED3FD5, cid=2373, SUCCESS, logIndex=3506, commits[edec9b8f-c318-426f-83f9-f44e945268a2:c3507, 02a03aee-1dd1-43c9-94ca-c76e2a537489:c3503, 9fb73170-bb25-48da-afcf-6f1f9e11598f:c3503]
2019-07-10 10:42:54,846 INFO  client.GrpcClientProtocolClient (GrpcClientProtocolClient.java:onNext(255)) - client-AC1CE418446C->edec9b8f-c318-426f-83f9-f44e945268a2: receive RaftClientReply:client-AC1CE418446C->edec9b8f-c318-426f-83f9-f44e945268a2@group-352661ED3FD5, cid=2374, SUCCESS, logIndex=3507, commits[edec9b8f-c318-426f-83f9-f44e945268a2:c3508, 02a03aee-1dd1-43c9-94ca-c76e2a537489:c3507, 9fb73170-bb25-48da-afcf-6f1f9e11598f:c3507]
2019-07-10 10:42:54,859 INFO  client.GrpcClientProtocolClient (GrpcClientProtocolClient.java:onNext(255)) - client-AC1CE418446C->edec9b8f-c318-426f-83f9-f44e945268a2: receive RaftClientReply:client-AC1CE418446C->edec9b8f-c318-426f-83f9-f44e945268a2@group-352661ED3FD5, cid=2375, SUCCESS, logIndex=3510, commits[edec9b8f-c318-426f-83f9-f44e945268a2:c3511, 02a03aee-1dd1-43c9-94ca-c76e2a537489:c3509, 9fb73170-bb25-48da-afcf-6f1f9e11598f:c3509]
2019-07-10 10:42:54,860 INFO  client.GrpcClientProtocolClient (GrpcClientProtocolClient.java:onNext(255)) - client-AC1CE418446C->edec9b8f-c318-426f-83f9-f44e945268a2: receive RaftClientReply:client-AC1CE418446C->edec9b8f-c318-426f-83f9-f44e945268a2@group-352661ED3FD5, cid=2376, SUCCESS, logIndex=3511, commits[edec9b8f-c318-426f-83f9-f44e945268a2:c3511, 02a03aee-1dd1-43c9-94ca-c76e2a537489:c3509, 9fb73170-bb25-48da-afcf-6f1f9e11598f:c3509]
2019-07-10 10:42:54,860 INFO  client.GrpcClientProtocolClient (GrpcClientProtocolClient.java:onNext(255)) - client-AC1CE418446C->edec9b8f-c318-426f-83f9-f44e945268a2: receive RaftClientReply:client-AC1CE418446C->edec9b8f-c318-426f-83f9-f44e945268a2@group-352661ED3FD5, cid=2377, SUCCESS, logIndex=3512, commits[edec9b8f-c318-426f-83f9-f44e945268a2:c3513, 02a03aee-1dd1-43c9-94ca-c76e2a537489:c3509, 9fb73170-bb25-48da-afcf-6f1f9e11598f:c3509]
2019-07-10 10:42:54,861 INFO  client.GrpcClientProtocolClient (GrpcClientProtocolClient.java:onNext(255)) - client-AC1CE418446C->edec9b8f-c318-426f-83f9-f44e945268a2: receive RaftClientReply:client-AC1CE418446C->edec9b8f-c318-426f-83f9-f44e945268a2@group-352661ED3FD5, cid=2378, SUCCESS, logIndex=3513, commits[edec9b8f-c318-426f-83f9-f44e945268a2:c3513, 02a03aee-1dd1-43c9-94ca-c76e2a537489:c3509, 9fb73170-bb25-48da-afcf-6f1f9e11598f:c3509]
2019-07-10 10:42:54,863 INFO  client.GrpcClientProtocolClient (GrpcClientProtocolClient.java:onNext(255)) - client-AC1CE418446C->edec9b8f-c318-426f-83f9-f44e945268a2: receive RaftClientReply:client-AC1CE418446C->edec9b8f-c318-426f-83f9-f44e945268a2@group-352661ED3FD5, cid=2379, SUCCESS, logIndex=0, commits[edec9b8f-c318-426f-83f9-f44e945268a2:c3515, 02a03aee-1dd1-43c9-94ca-c76e2a537489:c3511, 9fb73170-bb25-48da-afcf-6f1f9e11598f:c3511]
2019-07-10 10:42:54,865 INFO  client.GrpcClientProtocolClient (GrpcClientProtocolClient.java:onNext(255)) - client-AC1CE418446C->edec9b8f-c318-426f-83f9-f44e945268a2: receive RaftClientReply:client-AC1CE418446C->edec9b8f-c318-426f-83f9-f44e945268a2@group-352661ED3FD5, cid=2380, SUCCESS, logIndex=0, commits[edec9b8f-c318-426f-83f9-f44e945268a2:c3517, 02a03aee-1dd1-43c9-94ca-c76e2a537489:c3513, 9fb73170-bb25-48da-afcf-6f1f9e11598f:c3513]
2019-07-10 10:42:54,888 INFO  client.GrpcClientProtocolClient (GrpcClientProtocolClient.java:onNext(255)) - client-AC1CE418446C->edec9b8f-c318-426f-83f9-f44e945268a2: receive RaftClientReply:client-AC1CE418446C->edec9b8f-c318-426f-83f9-f44e945268a2@group-352661ED3FD5, cid=2381, SUCCESS, logIndex=3518, commits[edec9b8f-c318-426f-83f9-f44e945268a2:c3519, 02a03aee-1dd1-43c9-94ca-c76e2a537489:c3517, 9fb73170-bb25-48da-afcf-6f1f9e11598f:c3513]
2019-07-10 10:42:54,888 INFO  client.GrpcClientProtocolClient (GrpcClientProtocolClient.java:onNext(255)) - client-AC1CE418446C->edec9b8f-c318-426f-83f9-f44e945268a2: receive RaftClientReply:client-AC1CE418446C->edec9b8f-c318-426f-83f9-f44e945268a2@group-352661ED3FD5, cid=2382, SUCCESS, logIndex=3519, commits[edec9b8f-c318-426f-83f9-f44e945268a2:c3521, 02a03aee-1dd1-43c9-94ca-c76e2a537489:c3517, 9fb73170-bb25-48da-afcf-6f1f9e11598f:c3517]
2019-07-10 10:42:54,889 INFO  client.GrpcClientProtocolClient (GrpcClientProtocolClient.java:onNext(255)) - client-AC1CE418446C->edec9b8f-c318-426f-83f9-f44e945268a2: receive RaftClientReply:client-AC1CE418446C->edec9b8f-c318-426f-83f9-f44e945268a2@group-352661ED3FD5, cid=2383, SUCCESS, logIndex=3520, commits[edec9b8f-c318-426f-83f9-f44e945268a2:c3521, 02a03aee-1dd1-43c9-94ca-c76e2a537489:c3517, 9fb73170-bb25-48da-afcf-6f1f9e11598f:c3517]
2019-07-10 10:42:54,889 INFO  client.GrpcClientProtocolClient (GrpcClientProtocolClient.java:onNext(255)) - client-AC1CE418446C->edec9b8f-c318-426f-83f9-f44e945268a2: receive RaftClientReply:client-AC1CE418446C->edec9b8f-c318-426f-83f9-f44e945268a2@group-352661ED3FD5, cid=2384, SUCCESS, logIndex=3521, commits[edec9b8f-c318-426f-83f9-f44e945268a2:c3521, 02a03aee-1dd1-43c9-94ca-c76e2a537489:c3517, 9fb73170-bb25-48da-afcf-6f1f9e11598f:c3517]
2019-07-10 10:42:54,890 INFO  client.GrpcClientProtocolClient (GrpcClientProtocolClient.java:onNext(255)) - client-AC1CE418446C->edec9b8f-c318-426f-83f9-f44e945268a2: receive RaftClientReply:client-AC1CE418446C->edec9b8f-c318-426f-83f9-f44e945268a2@group-352661ED3FD5, cid=2385, SUCCESS, logIndex=0, commits[edec9b8f-c318-426f-83f9-f44e945268a2:c3523, 02a03aee-1dd1-43c9-94ca-c76e2a537489:c3519, 9fb73170-bb25-48da-afcf-6f1f9e11598f:c3519]
2019-07-10 10:42:54,913 INFO  client.GrpcClientProtocolClient (GrpcClientProtocolClient.java:onNext(255)) - client-AC1CE418446C->edec9b8f-c318-426f-83f9-f44e945268a2: receive RaftClientReply:client-AC1CE418446C->edec9b8f-c318-426f-83f9-f44e945268a2@group-352661ED3FD5, cid=2386, SUCCESS, logIndex=3526, commits[edec9b8f-c318-426f-83f9-f44e945268a2:c3527, 02a03aee-1dd1-43c9-94ca-c76e2a537489:c3525, 9fb73170-bb25-48da-afcf-6f1f9e11598f:c3525]
2019-07-10 10:42:54,913 INFO  client.GrpcClientProtocolClient (GrpcClientProtocolClient.java:onNext(255)) - client-AC1CE418446C->edec9b8f-c318-426f-83f9-f44e945268a2: receive RaftClientReply:client-AC1CE418446C->edec9b8f-c318-426f-83f9-f44e945268a2@group-352661ED3FD5, cid=2387, SUCCESS, logIndex=3527, commits[edec9b8f-c318-426f-83f9-f44e945268a2:c3527, 02a03aee-1dd1-43c9-94ca-c76e2a537489:c3525, 9fb73170-bb25-48da-afcf-6f1f9e11598f:c3525]
2019-07-10 10:42:54,925 INFO  client.GrpcClientProtocolClient (GrpcClientProtocolClient.java:onNext(255)) - client-AC1CE418446C->edec9b8f-c318-426f-83f9-f44e945268a2: receive RaftClientReply:client-AC1CE418446C->edec9b8f-c318-426f-83f9-f44e945268a2@group-352661ED3FD5, cid=2388, SUCCESS, logIndex=3529, commits[edec9b8f-c318-426f-83f9-f44e945268a2:c3530, 02a03aee-1dd1-43c9-94ca-c76e2a537489:c3527, 9fb73170-bb25-48da-afcf-6f1f9e11598f:c3527]
2019-07-10 10:42:54,926 INFO  client.GrpcClientProtocolClient (GrpcClientProtocolClient.java:onNext(255)) - client-AC1CE418446C->edec9b8f-c318-426f-83f9-f44e945268a2: receive RaftClientReply:client-AC1CE418446C->edec9b8f-c318-426f-83f9-f44e945268a2@group-352661ED3FD5, cid=2389, SUCCESS, logIndex=3530, commits[edec9b8f-c318-426f-83f9-f44e945268a2:c3530, 02a03aee-1dd1-43c9-94ca-c76e2a537489:c3527, 9fb73170-bb25-48da-afcf-6f1f9e11598f:c3527]
2019-07-10 10:42:54,939 INFO  client.GrpcClientProtocolClient (GrpcClientProtocolClient.java:onNext(255)) - client-AC1CE418446C->edec9b8f-c318-426f-83f9-f44e945268a2: receive RaftClientReply:client-AC1CE418446C->edec9b8f-c318-426f-83f9-f44e945268a2@group-352661ED3FD5, cid=2390, SUCCESS, logIndex=0, commits[edec9b8f-c318-426f-83f9-f44e945268a2:c3531, 02a03aee-1dd1-43c9-94ca-c76e2a537489:c3530, 9fb73170-bb25-48da-afcf-6f1f9e11598f:c3530]
2019-07-10 10:42:54,974 INFO  client.GrpcClientProtocolClient (GrpcClientProtocolClient.java:onNext(255)) - client-AC1CE418446C->edec9b8f-c318-426f-83f9-f44e945268a2: receive RaftClientReply:client-AC1CE418446C->edec9b8f-c318-426f-83f9-f44e945268a2@group-352661ED3FD5, cid=2391, SUCCESS, logIndex=3533, commits[edec9b8f-c318-426f-83f9-f44e945268a2:c3534, 02a03aee-1dd1-43c9-94ca-c76e2a537489:c3532, 9fb73170-bb25-48da-afcf-6f1f9e11598f:c3532]
2019-07-10 10:42:54,975 INFO  client.GrpcClientProtocolClient (GrpcClientProtocolClient.java:onNext(255)) - client-AC1CE418446C->edec9b8f-c318-426f-83f9-f44e945268a2: receive RaftClientReply:client-AC1CE418446C->edec9b8f-c318-426f-83f9-f44e945268a2@group-352661ED3FD5, cid=2392, SUCCESS, logIndex=3534, commits[edec9b8f-c318-426f-83f9-f44e945268a2:c3536, 02a03aee-1dd1-43c9-94ca-c76e2a537489:c3532, 9fb73170-bb25-48da-afcf-6f1f9e11598f:c3532]
2019-07-10 10:42:54,976 INFO  client.GrpcClientProtocolClient (GrpcClientProtocolClient.java:onNext(255)) - client-AC1CE418446C->edec9b8f-c318-426f-83f9-f44e945268a2: receive RaftClientReply:client-AC1CE418446C->edec9b8f-c318-426f-83f9-f44e945268a2@group-352661ED3FD5, cid=2393, SUCCESS, logIndex=3535, commits[edec9b8f-c318-426f-83f9-f44e945268a2:c3536, 02a03aee-1dd1-43c9-94ca-c76e2a537489:c3532, 9fb73170-bb25-48da-afcf-6f1f9e11598f:c3532]
2019-07-10 10:42:54,976 INFO  client.GrpcClientProtocolClient (GrpcClientProtocolClient.java:onNext(255)) - client-AC1CE418446C->edec9b8f-c318-426f-83f9-f44e945268a2: receive RaftClientReply:client-AC1CE418446C->edec9b8f-c318-426f-83f9-f44e945268a2@group-352661ED3FD5, cid=2394, SUCCESS, logIndex=3536, commits[edec9b8f-c318-426f-83f9-f44e945268a2:c3536, 02a03aee-1dd1-43c9-94ca-c76e2a537489:c3532, 9fb73170-bb25-48da-afcf-6f1f9e11598f:c3532]
2019-07-10 10:42:54,986 INFO  client.GrpcClientProtocolClient (GrpcClientProtocolClient.java:onNext(255)) - client-AC1CE418446C->edec9b8f-c318-426f-83f9-f44e945268a2: receive RaftClientReply:client-AC1CE418446C->edec9b8f-c318-426f-83f9-f44e945268a2@group-352661ED3FD5, cid=2395, SUCCESS, logIndex=0, commits[edec9b8f-c318-426f-83f9-f44e945268a2:c3537, 02a03aee-1dd1-43c9-94ca-c76e2a537489:c3534, 9fb73170-bb25-48da-afcf-6f1f9e11598f:c3534]
2019-07-10 10:42:55,007 INFO  client.GrpcClientProtocolClient (GrpcClientProtocolClient.java:onNext(255)) - client-AC1CE418446C->edec9b8f-c318-426f-83f9-f44e945268a2: receive RaftClientReply:client-AC1CE418446C->edec9b8f-c318-426f-83f9-f44e945268a2@group-352661ED3FD5, cid=2396, SUCCESS, logIndex=3540, commits[edec9b8f-c318-426f-83f9-f44e945268a2:c3541, 02a03aee-1dd1-43c9-94ca-c76e2a537489:c3539, 9fb73170-bb25-48da-afcf-6f1f9e11598f:c3539]
2019-07-10 10:42:55,007 INFO  client.GrpcClientProtocolClient (GrpcClientProtocolClient.java:onNext(255)) - client-AC1CE418446C->edec9b8f-c318-426f-83f9-f44e945268a2: receive RaftClientReply:client-AC1CE418446C->edec9b8f-c318-426f-83f9-f44e945268a2@group-352661ED3FD5, cid=2397, SUCCESS, logIndex=3541, commits[edec9b8f-c318-426f-83f9-f44e945268a2:c3541, 02a03aee-1dd1-43c9-94ca-c76e2a537489:c3539, 9fb73170-bb25-48da-afcf-6f1f9e11598f:c3539]
2019-07-10 10:42:55,021 INFO  client.GrpcClientProtocolClient (GrpcClientProtocolClient.java:onNext(255)) - client-AC1CE418446C->edec9b8f-c318-426f-83f9-f44e945268a2: receive RaftClientReply:client-AC1CE418446C->edec9b8f-c318-426f-83f9-f44e945268a2@group-352661ED3FD5, cid=2398, SUCCESS, logIndex=3544, commits[edec9b8f-c318-426f-83f9-f44e945268a2:c3545, 02a03aee-1dd1-43c9-94ca-c76e2a537489:c3541, 9fb73170-bb25-48da-afcf-6f1f9e11598f:c3541]
2019-07-10 10:42:55,021 INFO  client.GrpcClientProtocolClient (GrpcClientProtocolClient.java:onNext(255)) - client-AC1CE418446C->edec9b8f-c318-426f-83f9-f44e945268a2: receive RaftClientReply:client-AC1CE418446C->edec9b8f-c318-426f-83f9-f44e945268a2@group-352661ED3FD5, cid=2399, SUCCESS, logIndex=3545, commits[edec9b8f-c318-426f-83f9-f44e945268a2:c3545, 02a03aee-1dd1-43c9-94ca-c76e2a537489:c3541, 9fb73170-bb25-48da-afcf-6f1f9e11598f:c3541]
2019-07-10 10:42:55,033 INFO  client.GrpcClientProtocolClient (GrpcClientProtocolClient.java:onNext(255)) - client-AC1CE418446C->edec9b8f-c318-426f-83f9-f44e945268a2: receive RaftClientReply:client-AC1CE418446C->edec9b8f-c318-426f-83f9-f44e945268a2@group-352661ED3FD5, cid=2400, SUCCESS, logIndex=0, commits[edec9b8f-c318-426f-83f9-f44e945268a2:c3546, 02a03aee-1dd1-43c9-94ca-c76e2a537489:c3545, 9fb73170-bb25-48da-afcf-6f1f9e11598f:c3545]
2019-07-10 10:42:55,066 INFO  client.GrpcClientProtocolClient (GrpcClientProtocolClient.java:onNext(255)) - client-AC1CE418446C->edec9b8f-c318-426f-83f9-f44e945268a2: receive RaftClientReply:client-AC1CE418446C->edec9b8f-c318-426f-83f9-f44e945268a2@group-352661ED3FD5, cid=2401, SUCCESS, logIndex=3548, commits[edec9b8f-c318-426f-83f9-f44e945268a2:c3550, 02a03aee-1dd1-43c9-94ca-c76e2a537489:c3547, 9fb73170-bb25-48da-afcf-6f1f9e11598f:c3547]
2019-07-10 10:42:55,067 INFO  client.GrpcClientProtocolClient (GrpcClientProtocolClient.java:onNext(255)) - client-AC1CE418446C->edec9b8f-c318-426f-83f9-f44e945268a2: receive RaftClientReply:client-AC1CE418446C->edec9b8f-c318-426f-83f9-f44e945268a2@group-352661ED3FD5, cid=2402, SUCCESS, logIndex=3549, commits[edec9b8f-c318-426f-83f9-f44e945268a2:c3551, 02a03aee-1dd1-43c9-94ca-c76e2a537489:c3547, 9fb73170-bb25-48da-afcf-6f1f9e11598f:c3547]
2019-07-10 10:42:55,067 INFO  client.GrpcClientProtocolClient (GrpcClientProtocolClient.java:onNext(255)) - client-AC1CE418446C->edec9b8f-c318-426f-83f9-f44e945268a2: receive RaftClientReply:client-AC1CE418446C->edec9b8f-c318-426f-83f9-f44e945268a2@group-352661ED3FD5, cid=2403, SUCCESS, logIndex=3550, commits[edec9b8f-c318-426f-83f9-f44e945268a2:c3551, 02a03aee-1dd1-43c9-94ca-c76e2a537489:c3547, 9fb73170-bb25-48da-afcf-6f1f9e11598f:c3547]
2019-07-10 10:42:55,068 INFO  client.GrpcClientProtocolClient (GrpcClientProtocolClient.java:onNext(255)) - client-AC1CE418446C->edec9b8f-c318-426f-83f9-f44e945268a2: receive RaftClientReply:client-AC1CE418446C->edec9b8f-c318-426f-83f9-f44e945268a2@group-352661ED3FD5, cid=2404, SUCCESS, logIndex=3551, commits[edec9b8f-c318-426f-83f9-f44e945268a2:c3551, 02a03aee-1dd1-43c9-94ca-c76e2a537489:c3547, 9fb73170-bb25-48da-afcf-6f1f9e11598f:c3547]
2019-07-10 10:42:55,069 INFO  client.GrpcClientProtocolClient (GrpcClientProtocolClient.java:onNext(255)) - client-AC1CE418446C->edec9b8f-c318-426f-83f9-f44e945268a2: receive RaftClientReply:client-AC1CE418446C->edec9b8f-c318-426f-83f9-f44e945268a2@group-352661ED3FD5, cid=2405, SUCCESS, logIndex=0, commits[edec9b8f-c318-426f-83f9-f44e945268a2:c3555, 02a03aee-1dd1-43c9-94ca-c76e2a537489:c3551, 9fb73170-bb25-48da-afcf-6f1f9e11598f:c3550]
2019-07-10 10:42:55,091 INFO  client.GrpcClientProtocolClient (GrpcClientProtocolClient.java:onNext(255)) - client-AC1CE418446C->edec9b8f-c318-426f-83f9-f44e945268a2: receive RaftClientReply:client-AC1CE418446C->edec9b8f-c318-426f-83f9-f44e945268a2@group-352661ED3FD5, cid=2406, SUCCESS, logIndex=3556, commits[edec9b8f-c318-426f-83f9-f44e945268a2:c3557, 02a03aee-1dd1-43c9-94ca-c76e2a537489:c3555, 9fb73170-bb25-48da-afcf-6f1f9e11598f:c3555]
2019-07-10 10:42:55,092 INFO  client.GrpcClientProtocolClient (GrpcClientProtocolClient.java:onNext(255)) - client-AC1CE418446C->edec9b8f-c318-426f-83f9-f44e945268a2: receive RaftClientReply:client-AC1CE418446C->edec9b8f-c318-426f-83f9-f44e945268a2@group-352661ED3FD5, cid=2407, SUCCESS, logIndex=3557, commits[edec9b8f-c318-426f-83f9-f44e945268a2:c3557, 02a03aee-1dd1-43c9-94ca-c76e2a537489:c3555, 9fb73170-bb25-48da-afcf-6f1f9e11598f:c3555]
2019-07-10 10:42:55,116 INFO  client.GrpcClientProtocolClient (GrpcClientProtocolClient.java:onNext(255)) - client-AC1CE418446C->edec9b8f-c318-426f-83f9-f44e945268a2: receive RaftClientReply:client-AC1CE418446C->edec9b8f-c318-426f-83f9-f44e945268a2@group-352661ED3FD5, cid=2408, SUCCESS, logIndex=3560, commits[edec9b8f-c318-426f-83f9-f44e945268a2:c3561, 02a03aee-1dd1-43c9-94ca-c76e2a537489:c3557, 9fb73170-bb25-48da-afcf-6f1f9e11598f:c3557]
2019-07-10 10:42:55,116 INFO  client.GrpcClientProtocolClient (GrpcClientProtocolClient.java:onNext(255)) - client-AC1CE418446C->edec9b8f-c318-426f-83f9-f44e945268a2: receive RaftClientReply:client-AC1CE418446C->edec9b8f-c318-426f-83f9-f44e945268a2@group-352661ED3FD5, cid=2409, SUCCESS, logIndex=3561, commits[edec9b8f-c318-426f-83f9-f44e945268a2:c3561, 02a03aee-1dd1-43c9-94ca-c76e2a537489:c3557, 9fb73170-bb25-48da-afcf-6f1f9e11598f:c3557]
2019-07-10 10:42:55,131 INFO  client.GrpcClientProtocolClient (GrpcClientProtocolClient.java:onNext(255)) - client-AC1CE418446C->edec9b8f-c318-426f-83f9-f44e945268a2: receive RaftClientReply:client-AC1CE418446C->edec9b8f-c318-426f-83f9-f44e945268a2@group-352661ED3FD5, cid=2410, SUCCESS, logIndex=0, commits[edec9b8f-c318-426f-83f9-f44e945268a2:c3563, 02a03aee-1dd1-43c9-94ca-c76e2a537489:c3561, 9fb73170-bb25-48da-afcf-6f1f9e11598f:c3561]
2019-07-10 10:42:55,164 INFO  client.GrpcClientProtocolClient (GrpcClientProtocolClient.java:onNext(255)) - client-AC1CE418446C->edec9b8f-c318-426f-83f9-f44e945268a2: receive RaftClientReply:client-AC1CE418446C->edec9b8f-c318-426f-83f9-f44e945268a2@group-352661ED3FD5, cid=2411, SUCCESS, logIndex=3564, commits[edec9b8f-c318-426f-83f9-f44e945268a2:c3565, 02a03aee-1dd1-43c9-94ca-c76e2a537489:c3563, 9fb73170-bb25-48da-afcf-6f1f9e11598f:c3563]
2019-07-10 10:42:55,165 INFO  client.GrpcClientProtocolClient (GrpcClientProtocolClient.java:onNext(255)) - client-AC1CE418446C->edec9b8f-c318-426f-83f9-f44e945268a2: receive RaftClientReply:client-AC1CE418446C->edec9b8f-c318-426f-83f9-f44e945268a2@group-352661ED3FD5, cid=2412, SUCCESS, logIndex=3565, commits[edec9b8f-c318-426f-83f9-f44e945268a2:c3567, 02a03aee-1dd1-43c9-94ca-c76e2a537489:c3563, 9fb73170-bb25-48da-afcf-6f1f9e11598f:c3563]
2019-07-10 10:42:55,166 INFO  client.GrpcClientProtocolClient (GrpcClientProtocolClient.java:onNext(255)) - client-AC1CE418446C->edec9b8f-c318-426f-83f9-f44e945268a2: receive RaftClientReply:client-AC1CE418446C->edec9b8f-c318-426f-83f9-f44e945268a2@group-352661ED3FD5, cid=2413, SUCCESS, logIndex=3566, commits[edec9b8f-c318-426f-83f9-f44e945268a2:c3567, 02a03aee-1dd1-43c9-94ca-c76e2a537489:c3563, 9fb73170-bb25-48da-afcf-6f1f9e11598f:c3563]
2019-07-10 10:42:55,166 INFO  client.GrpcClientProtocolClient (GrpcClientProtocolClient.java:onNext(255)) - client-AC1CE418446C->edec9b8f-c318-426f-83f9-f44e945268a2: receive RaftClientReply:client-AC1CE418446C->edec9b8f-c318-426f-83f9-f44e945268a2@group-352661ED3FD5, cid=2414, SUCCESS, logIndex=3567, commits[edec9b8f-c318-426f-83f9-f44e945268a2:c3567, 02a03aee-1dd1-43c9-94ca-c76e2a537489:c3563, 9fb73170-bb25-48da-afcf-6f1f9e11598f:c3563]
2019-07-10 10:42:55,167 INFO  client.GrpcClientProtocolClient (GrpcClientProtocolClient.java:onNext(255)) - client-AC1CE418446C->edec9b8f-c318-426f-83f9-f44e945268a2: receive RaftClientReply:client-AC1CE418446C->edec9b8f-c318-426f-83f9-f44e945268a2@group-352661ED3FD5, cid=2415, SUCCESS, logIndex=0, commits[edec9b8f-c318-426f-83f9-f44e945268a2:c3568, 02a03aee-1dd1-43c9-94ca-c76e2a537489:c3565, 9fb73170-bb25-48da-afcf-6f1f9e11598f:c3565]
2019-07-10 10:42:55,196 INFO  client.GrpcClientProtocolClient (GrpcClientProtocolClient.java:onNext(255)) - client-AC1CE418446C->edec9b8f-c318-426f-83f9-f44e945268a2: receive RaftClientReply:client-AC1CE418446C->edec9b8f-c318-426f-83f9-f44e945268a2@group-352661ED3FD5, cid=2416, SUCCESS, logIndex=3571, commits[edec9b8f-c318-426f-83f9-f44e945268a2:c3572, 02a03aee-1dd1-43c9-94ca-c76e2a537489:c3570, 9fb73170-bb25-48da-afcf-6f1f9e11598f:c3567]
2019-07-10 10:42:55,197 INFO  client.GrpcClientProtocolClient (GrpcClientProtocolClient.java:onNext(255)) - client-AC1CE418446C->edec9b8f-c318-426f-83f9-f44e945268a2: receive RaftClientReply:client-AC1CE418446C->edec9b8f-c318-426f-83f9-f44e945268a2@group-352661ED3FD5, cid=2417, SUCCESS, logIndex=3572, commits[edec9b8f-c318-426f-83f9-f44e945268a2:c3572, 02a03aee-1dd1-43c9-94ca-c76e2a537489:c3570, 9fb73170-bb25-48da-afcf-6f1f9e11598f:c3570]
2019-07-10 10:42:55,219 INFO  client.GrpcClientProtocolClient (GrpcClientProtocolClient.java:onNext(255)) - client-AC1CE418446C->edec9b8f-c318-426f-83f9-f44e945268a2: receive RaftClientReply:client-AC1CE418446C->edec9b8f-c318-426f-83f9-f44e945268a2@group-352661ED3FD5, cid=2418, SUCCESS, logIndex=3575, commits[edec9b8f-c318-426f-83f9-f44e945268a2:c3576, 02a03aee-1dd1-43c9-94ca-c76e2a537489:c3574, 9fb73170-bb25-48da-afcf-6f1f9e11598f:c3574]
2019-07-10 10:42:55,219 INFO  client.GrpcClientProtocolClient (GrpcClientProtocolClient.java:onNext(255)) - client-AC1CE418446C->edec9b8f-c318-426f-83f9-f44e945268a2: receive RaftClientReply:client-AC1CE418446C->edec9b8f-c318-426f-83f9-f44e945268a2@group-352661ED3FD5, cid=2419, SUCCESS, logIndex=3576, commits[edec9b8f-c318-426f-83f9-f44e945268a2:c3576, 02a03aee-1dd1-43c9-94ca-c76e2a537489:c3574, 9fb73170-bb25-48da-afcf-6f1f9e11598f:c3574]
2019-07-10 10:42:55,230 INFO  client.GrpcClientProtocolClient (GrpcClientProtocolClient.java:onNext(255)) - client-AC1CE418446C->edec9b8f-c318-426f-83f9-f44e945268a2: receive RaftClientReply:client-AC1CE418446C->edec9b8f-c318-426f-83f9-f44e945268a2@group-352661ED3FD5, cid=2420, SUCCESS, logIndex=0, commits[edec9b8f-c318-426f-83f9-f44e945268a2:c3576, 02a03aee-1dd1-43c9-94ca-c76e2a537489:c3576, 9fb73170-bb25-48da-afcf-6f1f9e11598f:c3576]
2019-07-10 10:42:55,263 INFO  client.GrpcClientProtocolClient (GrpcClientProtocolClient.java:onNext(255)) - client-AC1CE418446C->edec9b8f-c318-426f-83f9-f44e945268a2: receive RaftClientReply:client-AC1CE418446C->edec9b8f-c318-426f-83f9-f44e945268a2@group-352661ED3FD5, cid=2421, SUCCESS, logIndex=3579, commits[edec9b8f-c318-426f-83f9-f44e945268a2:c3581, 02a03aee-1dd1-43c9-94ca-c76e2a537489:c3578, 9fb73170-bb25-48da-afcf-6f1f9e11598f:c3578]
2019-07-10 10:42:55,264 INFO  client.GrpcClientProtocolClient (GrpcClientProtocolClient.java:onNext(255)) - client-AC1CE418446C->edec9b8f-c318-426f-83f9-f44e945268a2: receive RaftClientReply:client-AC1CE418446C->edec9b8f-c318-426f-83f9-f44e945268a2@group-352661ED3FD5, cid=2422, SUCCESS, logIndex=3580, commits[edec9b8f-c318-426f-83f9-f44e945268a2:c3582, 02a03aee-1dd1-43c9-94ca-c76e2a537489:c3578, 9fb73170-bb25-48da-afcf-6f1f9e11598f:c3578]
2019-07-10 10:42:55,265 INFO  client.GrpcClientProtocolClient (GrpcClientProtocolClient.java:onNext(255)) - client-AC1CE418446C->edec9b8f-c318-426f-83f9-f44e945268a2: receive RaftClientReply:client-AC1CE418446C->edec9b8f-c318-426f-83f9-f44e945268a2@group-352661ED3FD5, cid=2423, SUCCESS, logIndex=3581, commits[edec9b8f-c318-426f-83f9-f44e945268a2:c3582, 02a03aee-1dd1-43c9-94ca-c76e2a537489:c3578, 9fb73170-bb25-48da-afcf-6f1f9e11598f:c3578]
2019-07-10 10:42:55,265 INFO  client.GrpcClientProtocolClient (GrpcClientProtocolClient.java:onNext(255)) - client-AC1CE418446C->edec9b8f-c318-426f-83f9-f44e945268a2: receive RaftClientReply:client-AC1CE418446C->edec9b8f-c318-426f-83f9-f44e945268a2@group-352661ED3FD5, cid=2424, SUCCESS, logIndex=3582, commits[edec9b8f-c318-426f-83f9-f44e945268a2:c3582, 02a03aee-1dd1-43c9-94ca-c76e2a537489:c3578, 9fb73170-bb25-48da-afcf-6f1f9e11598f:c3578]
2019-07-10 10:42:55,278 INFO  client.GrpcClientProtocolClient (GrpcClientProtocolClient.java:onNext(255)) - client-AC1CE418446C->edec9b8f-c318-426f-83f9-f44e945268a2: receive RaftClientReply:client-AC1CE418446C->edec9b8f-c318-426f-83f9-f44e945268a2@group-352661ED3FD5, cid=2425, SUCCESS, logIndex=0, commits[edec9b8f-c318-426f-83f9-f44e945268a2:c3584, 02a03aee-1dd1-43c9-94ca-c76e2a537489:c3580, 9fb73170-bb25-48da-afcf-6f1f9e11598f:c3580]
2019-07-10 10:42:55,302 INFO  client.GrpcClientProtocolClient (GrpcClientProtocolClient.java:onNext(255)) - client-AC1CE418446C->edec9b8f-c318-426f-83f9-f44e945268a2: receive RaftClientReply:client-AC1CE418446C->edec9b8f-c318-426f-83f9-f44e945268a2@group-352661ED3FD5, cid=2426, SUCCESS, logIndex=3587, commits[edec9b8f-c318-426f-83f9-f44e945268a2:c3588, 02a03aee-1dd1-43c9-94ca-c76e2a537489:c3586, 9fb73170-bb25-48da-afcf-6f1f9e11598f:c3586]
2019-07-10 10:42:55,303 INFO  client.GrpcClientProtocolClient (GrpcClientProtocolClient.java:onNext(255)) - client-AC1CE418446C->edec9b8f-c318-426f-83f9-f44e945268a2: receive RaftClientReply:client-AC1CE418446C->edec9b8f-c318-426f-83f9-f44e945268a2@group-352661ED3FD5, cid=2427, SUCCESS, logIndex=3588, commits[edec9b8f-c318-426f-83f9-f44e945268a2:c3588, 02a03aee-1dd1-43c9-94ca-c76e2a537489:c3586, 9fb73170-bb25-48da-afcf-6f1f9e11598f:c3586]
 0.00% |█                                                                                                    |  0/1 Time: 0:00:212019-07-10 10:42:55,430 INFO  client.GrpcClientProtocolClient (GrpcClientProtocolClient.java:onNext(255)) - client-AC1CE418446C->edec9b8f-c318-426f-83f9-f44e945268a2: receive RaftClientReply:client-AC1CE418446C->edec9b8f-c318-426f-83f9-f44e945268a2@group-352661ED3FD5, cid=2428, SUCCESS, logIndex=3591, commits[edec9b8f-c318-426f-83f9-f44e945268a2:c3592, 02a03aee-1dd1-43c9-94ca-c76e2a537489:c3588, 9fb73170-bb25-48da-afcf-6f1f9e11598f:c3588]
2019-07-10 10:42:55,431 INFO  client.GrpcClientProtocolClient (GrpcClientProtocolClient.java:onNext(255)) - client-AC1CE418446C->edec9b8f-c318-426f-83f9-f44e945268a2: receive RaftClientReply:client-AC1CE418446C->edec9b8f-c318-426f-83f9-f44e945268a2@group-352661ED3FD5, cid=2429, SUCCESS, logIndex=3592, commits[edec9b8f-c318-426f-83f9-f44e945268a2:c3592, 02a03aee-1dd1-43c9-94ca-c76e2a537489:c3588, 9fb73170-bb25-48da-afcf-6f1f9e11598f:c3588]
2019-07-10 10:42:55,434 INFO  client.GrpcClientProtocolClient (GrpcClientProtocolClient.java:onNext(255)) - client-AC1CE418446C->edec9b8f-c318-426f-83f9-f44e945268a2: receive RaftClientReply:client-AC1CE418446C->edec9b8f-c318-426f-83f9-f44e945268a2@group-352661ED3FD5, cid=2430, SUCCESS, logIndex=0, commits[edec9b8f-c318-426f-83f9-f44e945268a2:c3593, 02a03aee-1dd1-43c9-94ca-c76e2a537489:c3592, 9fb73170-bb25-48da-afcf-6f1f9e11598f:c3592]
2019-07-10 10:42:55,465 INFO  client.GrpcClientProtocolClient (GrpcClientProtocolClient.java:onNext(255)) - client-AC1CE418446C->edec9b8f-c318-426f-83f9-f44e945268a2: receive RaftClientReply:client-AC1CE418446C->edec9b8f-c318-426f-83f9-f44e945268a2@group-352661ED3FD5, cid=2431, SUCCESS, logIndex=3595, commits[edec9b8f-c318-426f-83f9-f44e945268a2:c3597, 02a03aee-1dd1-43c9-94ca-c76e2a537489:c3594, 9fb73170-bb25-48da-afcf-6f1f9e11598f:c3594]
2019-07-10 10:42:55,466 INFO  client.GrpcClientProtocolClient (GrpcClientProtocolClient.java:onNext(255)) - client-AC1CE418446C->edec9b8f-c318-426f-83f9-f44e945268a2: receive RaftClientReply:client-AC1CE418446C->edec9b8f-c318-426f-83f9-f44e945268a2@group-352661ED3FD5, cid=2432, SUCCESS, logIndex=3596, commits[edec9b8f-c318-426f-83f9-f44e945268a2:c3598, 02a03aee-1dd1-43c9-94ca-c76e2a537489:c3594, 9fb73170-bb25-48da-afcf-6f1f9e11598f:c3594]
2019-07-10 10:42:55,467 INFO  client.GrpcClientProtocolClient (GrpcClientProtocolClient.java:onNext(255)) - client-AC1CE418446C->edec9b8f-c318-426f-83f9-f44e945268a2: receive RaftClientReply:client-AC1CE418446C->edec9b8f-c318-426f-83f9-f44e945268a2@group-352661ED3FD5, cid=2433, SUCCESS, logIndex=3597, commits[edec9b8f-c318-426f-83f9-f44e945268a2:c3599, 02a03aee-1dd1-43c9-94ca-c76e2a537489:c3596, 9fb73170-bb25-48da-afcf-6f1f9e11598f:c3594]
2019-07-10 10:42:55,467 INFO  client.GrpcClientProtocolClient (GrpcClientProtocolClient.java:onNext(255)) - client-AC1CE418446C->edec9b8f-c318-426f-83f9-f44e945268a2: receive RaftClientReply:client-AC1CE418446C->edec9b8f-c318-426f-83f9-f44e945268a2@group-352661ED3FD5, cid=2434, SUCCESS, logIndex=3598, commits[edec9b8f-c318-426f-83f9-f44e945268a2:c3599, 02a03aee-1dd1-43c9-94ca-c76e2a537489:c3596, 9fb73170-bb25-48da-afcf-6f1f9e11598f:c3594]
2019-07-10 10:42:55,468 INFO  client.GrpcClientProtocolClient (GrpcClientProtocolClient.java:onNext(255)) - client-AC1CE418446C->edec9b8f-c318-426f-83f9-f44e945268a2: receive RaftClientReply:client-AC1CE418446C->edec9b8f-c318-426f-83f9-f44e945268a2@group-352661ED3FD5, cid=2435, SUCCESS, logIndex=0, commits[edec9b8f-c318-426f-83f9-f44e945268a2:c3600, 02a03aee-1dd1-43c9-94ca-c76e2a537489:c3596, 9fb73170-bb25-48da-afcf-6f1f9e11598f:c3596]
2019-07-10 10:42:55,482 INFO  client.GrpcClientProtocolClient (GrpcClientProtocolClient.java:onNext(255)) - client-AC1CE418446C->edec9b8f-c318-426f-83f9-f44e945268a2: receive RaftClientReply:client-AC1CE418446C->edec9b8f-c318-426f-83f9-f44e945268a2@group-352661ED3FD5, cid=2436, SUCCESS, logIndex=3603, commits[edec9b8f-c318-426f-83f9-f44e945268a2:c3604, 02a03aee-1dd1-43c9-94ca-c76e2a537489:c3600, 9fb73170-bb25-48da-afcf-6f1f9e11598f:c3600]
2019-07-10 10:42:55,482 INFO  client.GrpcClientProtocolClient (GrpcClientProtocolClient.java:onNext(255)) - client-AC1CE418446C->edec9b8f-c318-426f-83f9-f44e945268a2: receive RaftClientReply:client-AC1CE418446C->edec9b8f-c318-426f-83f9-f44e945268a2@group-352661ED3FD5, cid=2437, SUCCESS, logIndex=3604, commits[edec9b8f-c318-426f-83f9-f44e945268a2:c3604, 02a03aee-1dd1-43c9-94ca-c76e2a537489:c3600, 9fb73170-bb25-48da-afcf-6f1f9e11598f:c3600]
2019-07-10 10:42:55,495 INFO  client.GrpcClientProtocolClient (GrpcClientProtocolClient.java:onNext(255)) - client-AC1CE418446C->edec9b8f-c318-426f-83f9-f44e945268a2: receive RaftClientReply:client-AC1CE418446C->edec9b8f-c318-426f-83f9-f44e945268a2@group-352661ED3FD5, cid=2438, SUCCESS, logIndex=3606, commits[edec9b8f-c318-426f-83f9-f44e945268a2:c3607, 02a03aee-1dd1-43c9-94ca-c76e2a537489:c3604, 9fb73170-bb25-48da-afcf-6f1f9e11598f:c3604]
2019-07-10 10:42:55,496 INFO  client.GrpcClientProtocolClient (GrpcClientProtocolClient.java:onNext(255)) - client-AC1CE418446C->edec9b8f-c318-426f-83f9-f44e945268a2: receive RaftClientReply:client-AC1CE418446C->edec9b8f-c318-426f-83f9-f44e945268a2@group-352661ED3FD5, cid=2439, SUCCESS, logIndex=3607, commits[edec9b8f-c318-426f-83f9-f44e945268a2:c3607, 02a03aee-1dd1-43c9-94ca-c76e2a537489:c3604, 9fb73170-bb25-48da-afcf-6f1f9e11598f:c3604]
2019-07-10 10:42:55,498 INFO  client.GrpcClientProtocolClient (GrpcClientProtocolClient.java:onNext(255)) - client-AC1CE418446C->edec9b8f-c318-426f-83f9-f44e945268a2: receive RaftClientReply:client-AC1CE418446C->edec9b8f-c318-426f-83f9-f44e945268a2@group-352661ED3FD5, cid=2440, SUCCESS, logIndex=0, commits[edec9b8f-c318-426f-83f9-f44e945268a2:c3608, 02a03aee-1dd1-43c9-94ca-c76e2a537489:c3607, 9fb73170-bb25-48da-afcf-6f1f9e11598f:c3607]
2019-07-10 10:42:55,530 INFO  client.GrpcClientProtocolClient (GrpcClientProtocolClient.java:onNext(255)) - client-AC1CE418446C->edec9b8f-c318-426f-83f9-f44e945268a2: receive RaftClientReply:client-AC1CE418446C->edec9b8f-c318-426f-83f9-f44e945268a2@group-352661ED3FD5, cid=2441, SUCCESS, logIndex=3610, commits[edec9b8f-c318-426f-83f9-f44e945268a2:c3612, 02a03aee-1dd1-43c9-94ca-c76e2a537489:c3609, 9fb73170-bb25-48da-afcf-6f1f9e11598f:c3609]
2019-07-10 10:42:55,530 INFO  client.GrpcClientProtocolClient (GrpcClientProtocolClient.java:onNext(255)) - client-AC1CE418446C->edec9b8f-c318-426f-83f9-f44e945268a2: receive RaftClientReply:client-AC1CE418446C->edec9b8f-c318-426f-83f9-f44e945268a2@group-352661ED3FD5, cid=2442, SUCCESS, logIndex=3611, commits[edec9b8f-c318-426f-83f9-f44e945268a2:c3613, 02a03aee-1dd1-43c9-94ca-c76e2a537489:c3609, 9fb73170-bb25-48da-afcf-6f1f9e11598f:c3609]
2019-07-10 10:42:55,531 INFO  client.GrpcClientProtocolClient (GrpcClientProtocolClient.java:onNext(255)) - client-AC1CE418446C->edec9b8f-c318-426f-83f9-f44e945268a2: receive RaftClientReply:client-AC1CE418446C->edec9b8f-c318-426f-83f9-f44e945268a2@group-352661ED3FD5, cid=2443, SUCCESS, logIndex=3612, commits[edec9b8f-c318-426f-83f9-f44e945268a2:c3613, 02a03aee-1dd1-43c9-94ca-c76e2a537489:c3609, 9fb73170-bb25-48da-afcf-6f1f9e11598f:c3609]
2019-07-10 10:42:55,531 INFO  client.GrpcClientProtocolClient (GrpcClientProtocolClient.java:onNext(255)) - client-AC1CE418446C->edec9b8f-c318-426f-83f9-f44e945268a2: receive RaftClientReply:client-AC1CE418446C->edec9b8f-c318-426f-83f9-f44e945268a2@group-352661ED3FD5, cid=2444, SUCCESS, logIndex=3613, commits[edec9b8f-c318-426f-83f9-f44e945268a2:c3613, 02a03aee-1dd1-43c9-94ca-c76e2a537489:c3609, 9fb73170-bb25-48da-afcf-6f1f9e11598f:c3609]
2019-07-10 10:42:55,533 INFO  client.GrpcClientProtocolClient (GrpcClientProtocolClient.java:onNext(255)) - client-AC1CE418446C->edec9b8f-c318-426f-83f9-f44e945268a2: receive RaftClientReply:client-AC1CE418446C->edec9b8f-c318-426f-83f9-f44e945268a2@group-352661ED3FD5, cid=2445, SUCCESS, logIndex=0, commits[edec9b8f-c318-426f-83f9-f44e945268a2:c3614, 02a03aee-1dd1-43c9-94ca-c76e2a537489:c3611, 9fb73170-bb25-48da-afcf-6f1f9e11598f:c3611]
2019-07-10 10:42:55,548 INFO  client.GrpcClientProtocolClient (GrpcClientProtocolClient.java:onNext(255)) - client-AC1CE418446C->edec9b8f-c318-426f-83f9-f44e945268a2: receive RaftClientReply:client-AC1CE418446C->edec9b8f-c318-426f-83f9-f44e945268a2@group-352661ED3FD5, cid=2446, SUCCESS, logIndex=3618, commits[edec9b8f-c318-426f-83f9-f44e945268a2:c3618, 02a03aee-1dd1-43c9-94ca-c76e2a537489:c3614, 9fb73170-bb25-48da-afcf-6f1f9e11598f:c3614]
2019-07-10 10:42:55,548 INFO  client.GrpcClientProtocolClient (GrpcClientProtocolClient.java:onNext(255)) - client-AC1CE418446C->edec9b8f-c318-426f-83f9-f44e945268a2: receive RaftClientReply:client-AC1CE418446C->edec9b8f-c318-426f-83f9-f44e945268a2@group-352661ED3FD5, cid=2447, SUCCESS, logIndex=3619, commits[edec9b8f-c318-426f-83f9-f44e945268a2:c3619, 02a03aee-1dd1-43c9-94ca-c76e2a537489:c3614, 9fb73170-bb25-48da-afcf-6f1f9e11598f:c3614]
2019-07-10 10:42:55,563 INFO  client.GrpcClientProtocolClient (GrpcClientProtocolClient.java:onNext(255)) - client-AC1CE418446C->edec9b8f-c318-426f-83f9-f44e945268a2: receive RaftClientReply:client-AC1CE418446C->edec9b8f-c318-426f-83f9-f44e945268a2@group-352661ED3FD5, cid=2448, SUCCESS, logIndex=3622, commits[edec9b8f-c318-426f-83f9-f44e945268a2:c3623, 02a03aee-1dd1-43c9-94ca-c76e2a537489:c3619, 9fb73170-bb25-48da-afcf-6f1f9e11598f:c3619]
2019-07-10 10:42:55,563 INFO  client.GrpcClientProtocolClient (GrpcClientProtocolClient.java:onNext(255)) - client-AC1CE418446C->edec9b8f-c318-426f-83f9-f44e945268a2: receive RaftClientReply:client-AC1CE418446C->edec9b8f-c318-426f-83f9-f44e945268a2@group-352661ED3FD5, cid=2449, SUCCESS, logIndex=3623, commits[edec9b8f-c318-426f-83f9-f44e945268a2:c3623, 02a03aee-1dd1-43c9-94ca-c76e2a537489:c3619, 9fb73170-bb25-48da-afcf-6f1f9e11598f:c3619]
2019-07-10 10:42:55,577 INFO  client.GrpcClientProtocolClient (GrpcClientProtocolClient.java:onNext(255)) - client-AC1CE418446C->edec9b8f-c318-426f-83f9-f44e945268a2: receive RaftClientReply:client-AC1CE418446C->edec9b8f-c318-426f-83f9-f44e945268a2@group-352661ED3FD5, cid=2450, SUCCESS, logIndex=0, commits[edec9b8f-c318-426f-83f9-f44e945268a2:c3625, 02a03aee-1dd1-43c9-94ca-c76e2a537489:c3623, 9fb73170-bb25-48da-afcf-6f1f9e11598f:c3623]
2019-07-10 10:42:55,608 INFO  client.GrpcClientProtocolClient (GrpcClientProtocolClient.java:onNext(255)) - client-AC1CE418446C->edec9b8f-c318-426f-83f9-f44e945268a2: receive RaftClientReply:client-AC1CE418446C->edec9b8f-c318-426f-83f9-f44e945268a2@group-352661ED3FD5, cid=2451, SUCCESS, logIndex=3626, commits[edec9b8f-c318-426f-83f9-f44e945268a2:c3628, 02a03aee-1dd1-43c9-94ca-c76e2a537489:c3625, 9fb73170-bb25-48da-afcf-6f1f9e11598f:c3625]
2019-07-10 10:42:55,609 INFO  client.GrpcClientProtocolClient (GrpcClientProtocolClient.java:onNext(255)) - client-AC1CE418446C->edec9b8f-c318-426f-83f9-f44e945268a2: receive RaftClientReply:client-AC1CE418446C->edec9b8f-c318-426f-83f9-f44e945268a2@group-352661ED3FD5, cid=2452, SUCCESS, logIndex=3627, commits[edec9b8f-c318-426f-83f9-f44e945268a2:c3629, 02a03aee-1dd1-43c9-94ca-c76e2a537489:c3625, 9fb73170-bb25-48da-afcf-6f1f9e11598f:c3625]
2019-07-10 10:42:55,609 INFO  client.GrpcClientProtocolClient (GrpcClientProtocolClient.java:onNext(255)) - client-AC1CE418446C->edec9b8f-c318-426f-83f9-f44e945268a2: receive RaftClientReply:client-AC1CE418446C->edec9b8f-c318-426f-83f9-f44e945268a2@group-352661ED3FD5, cid=2453, SUCCESS, logIndex=3628, commits[edec9b8f-c318-426f-83f9-f44e945268a2:c3629, 02a03aee-1dd1-43c9-94ca-c76e2a537489:c3625, 9fb73170-bb25-48da-afcf-6f1f9e11598f:c3625]
2019-07-10 10:42:55,609 INFO  client.GrpcClientProtocolClient (GrpcClientProtocolClient.java:onNext(255)) - client-AC1CE418446C->edec9b8f-c318-426f-83f9-f44e945268a2: receive RaftClientReply:client-AC1CE418446C->edec9b8f-c318-426f-83f9-f44e945268a2@group-352661ED3FD5, cid=2454, SUCCESS, logIndex=3629, commits[edec9b8f-c318-426f-83f9-f44e945268a2:c3629, 02a03aee-1dd1-43c9-94ca-c76e2a537489:c3625, 9fb73170-bb25-48da-afcf-6f1f9e11598f:c3625]
2019-07-10 10:42:55,623 INFO  client.GrpcClientProtocolClient (GrpcClientProtocolClient.java:onNext(255)) - client-AC1CE418446C->edec9b8f-c318-426f-83f9-f44e945268a2: receive RaftClientReply:client-AC1CE418446C->edec9b8f-c318-426f-83f9-f44e945268a2@group-352661ED3FD5, cid=2455, SUCCESS, logIndex=0, commits[edec9b8f-c318-426f-83f9-f44e945268a2:c3631, 02a03aee-1dd1-43c9-94ca-c76e2a537489:c3627, 9fb73170-bb25-48da-afcf-6f1f9e11598f:c3627]
2019-07-10 10:42:55,635 INFO  client.GrpcClientProtocolClient (GrpcClientProtocolClient.java:onNext(255)) - client-AC1CE418446C->edec9b8f-c318-426f-83f9-f44e945268a2: receive RaftClientReply:client-AC1CE418446C->edec9b8f-c318-426f-83f9-f44e945268a2@group-352661ED3FD5, cid=2456, SUCCESS, logIndex=3634, commits[edec9b8f-c318-426f-83f9-f44e945268a2:c3635, 02a03aee-1dd1-43c9-94ca-c76e2a537489:c3633, 9fb73170-bb25-48da-afcf-6f1f9e11598f:c3629]
2019-07-10 10:42:55,635 INFO  client.GrpcClientProtocolClient (GrpcClientProtocolClient.java:onNext(255)) - client-AC1CE418446C->edec9b8f-c318-426f-83f9-f44e945268a2: receive RaftClientReply:client-AC1CE418446C->edec9b8f-c318-426f-83f9-f44e945268a2@group-352661ED3FD5, cid=2457, SUCCESS, logIndex=3635, commits[edec9b8f-c318-426f-83f9-f44e945268a2:c3635, 02a03aee-1dd1-43c9-94ca-c76e2a537489:c3633, 9fb73170-bb25-48da-afcf-6f1f9e11598f:c3633]
2019-07-10 10:42:55,647 INFO  client.GrpcClientProtocolClient (GrpcClientProtocolClient.java:onNext(255)) - client-AC1CE418446C->edec9b8f-c318-426f-83f9-f44e945268a2: receive RaftClientReply:client-AC1CE418446C->edec9b8f-c318-426f-83f9-f44e945268a2@group-352661ED3FD5, cid=2458, SUCCESS, logIndex=3638, commits[edec9b8f-c318-426f-83f9-f44e945268a2:c3639, 02a03aee-1dd1-43c9-94ca-c76e2a537489:c3635, 9fb73170-bb25-48da-afcf-6f1f9e11598f:c3637]
2019-07-10 10:42:55,648 INFO  client.GrpcClientProtocolClient (GrpcClientProtocolClient.java:onNext(255)) - client-AC1CE418446C->edec9b8f-c318-426f-83f9-f44e945268a2: receive RaftClientReply:client-AC1CE418446C->edec9b8f-c318-426f-83f9-f44e945268a2@group-352661ED3FD5, cid=2459, SUCCESS, logIndex=3639, commits[edec9b8f-c318-426f-83f9-f44e945268a2:c3639, 02a03aee-1dd1-43c9-94ca-c76e2a537489:c3637, 9fb73170-bb25-48da-afcf-6f1f9e11598f:c3637]
2019-07-10 10:42:55,652 INFO  client.GrpcClientProtocolClient (GrpcClientProtocolClient.java:onNext(255)) - client-AC1CE418446C->edec9b8f-c318-426f-83f9-f44e945268a2: receive RaftClientReply:client-AC1CE418446C->edec9b8f-c318-426f-83f9-f44e945268a2@group-352661ED3FD5, cid=2460, SUCCESS, logIndex=0, commits[edec9b8f-c318-426f-83f9-f44e945268a2:c3641, 02a03aee-1dd1-43c9-94ca-c76e2a537489:c3639, 9fb73170-bb25-48da-afcf-6f1f9e11598f:c3639]
2019-07-10 10:42:55,671 INFO  client.GrpcClientProtocolClient (GrpcClientProtocolClient.java:onNext(255)) - client-AC1CE418446C->edec9b8f-c318-426f-83f9-f44e945268a2: receive RaftClientReply:client-AC1CE418446C->edec9b8f-c318-426f-83f9-f44e945268a2@group-352661ED3FD5, cid=2461, SUCCESS, logIndex=3642, commits[edec9b8f-c318-426f-83f9-f44e945268a2:c3645, 02a03aee-1dd1-43c9-94ca-c76e2a537489:c3641, 9fb73170-bb25-48da-afcf-6f1f9e11598f:c3639]
2019-07-10 10:42:55,672 INFO  client.GrpcClientProtocolClient (GrpcClientProtocolClient.java:onNext(255)) - client-AC1CE418446C->edec9b8f-c318-426f-83f9-f44e945268a2: receive RaftClientReply:client-AC1CE418446C->edec9b8f-c318-426f-83f9-f44e945268a2@group-352661ED3FD5, cid=2462, SUCCESS, logIndex=3643, commits[edec9b8f-c318-426f-83f9-f44e945268a2:c3645, 02a03aee-1dd1-43c9-94ca-c76e2a537489:c3641, 9fb73170-bb25-48da-afcf-6f1f9e11598f:c3641]
2019-07-10 10:42:55,672 INFO  client.GrpcClientProtocolClient (GrpcClientProtocolClient.java:onNext(255)) - client-AC1CE418446C->edec9b8f-c318-426f-83f9-f44e945268a2: receive RaftClientReply:client-AC1CE418446C->edec9b8f-c318-426f-83f9-f44e945268a2@group-352661ED3FD5, cid=2463, SUCCESS, logIndex=3644, commits[edec9b8f-c318-426f-83f9-f44e945268a2:c3645, 02a03aee-1dd1-43c9-94ca-c76e2a537489:c3641, 9fb73170-bb25-48da-afcf-6f1f9e11598f:c3641]
2019-07-10 10:42:55,673 INFO  client.GrpcClientProtocolClient (GrpcClientProtocolClient.java:onNext(255)) - client-AC1CE418446C->edec9b8f-c318-426f-83f9-f44e945268a2: receive RaftClientReply:client-AC1CE418446C->edec9b8f-c318-426f-83f9-f44e945268a2@group-352661ED3FD5, cid=2464, SUCCESS, logIndex=3645, commits[edec9b8f-c318-426f-83f9-f44e945268a2:c3645, 02a03aee-1dd1-43c9-94ca-c76e2a537489:c3641, 9fb73170-bb25-48da-afcf-6f1f9e11598f:c3641]
2019-07-10 10:42:55,674 INFO  client.GrpcClientProtocolClient (GrpcClientProtocolClient.java:onNext(255)) - client-AC1CE418446C->edec9b8f-c318-426f-83f9-f44e945268a2: receive RaftClientReply:client-AC1CE418446C->edec9b8f-c318-426f-83f9-f44e945268a2@group-352661ED3FD5, cid=2465, SUCCESS, logIndex=0, commits[edec9b8f-c318-426f-83f9-f44e945268a2:c3647, 02a03aee-1dd1-43c9-94ca-c76e2a537489:c3645, 9fb73170-bb25-48da-afcf-6f1f9e11598f:c3645]
2019-07-10 10:42:55,700 INFO  client.GrpcClientProtocolClient (GrpcClientProtocolClient.java:onNext(255)) - client-AC1CE418446C->edec9b8f-c318-426f-83f9-f44e945268a2: receive RaftClientReply:client-AC1CE418446C->edec9b8f-c318-426f-83f9-f44e945268a2@group-352661ED3FD5, cid=2466, SUCCESS, logIndex=3648, commits[edec9b8f-c318-426f-83f9-f44e945268a2:c3649, 02a03aee-1dd1-43c9-94ca-c76e2a537489:c3647, 9fb73170-bb25-48da-afcf-6f1f9e11598f:c3647]
2019-07-10 10:42:55,700 INFO  client.GrpcClientProtocolClient (GrpcClientProtocolClient.java:onNext(255)) - client-AC1CE418446C->edec9b8f-c318-426f-83f9-f44e945268a2: receive RaftClientReply:client-AC1CE418446C->edec9b8f-c318-426f-83f9-f44e945268a2@group-352661ED3FD5, cid=2467, SUCCESS, logIndex=3649, commits[edec9b8f-c318-426f-83f9-f44e945268a2:c3649, 02a03aee-1dd1-43c9-94ca-c76e2a537489:c3647, 9fb73170-bb25-48da-afcf-6f1f9e11598f:c3647]
2019-07-10 10:42:55,715 INFO  client.GrpcClientProtocolClient (GrpcClientProtocolClient.java:onNext(255)) - client-AC1CE418446C->edec9b8f-c318-426f-83f9-f44e945268a2: receive RaftClientReply:client-AC1CE418446C->edec9b8f-c318-426f-83f9-f44e945268a2@group-352661ED3FD5, cid=2468, SUCCESS, logIndex=3652, commits[edec9b8f-c318-426f-83f9-f44e945268a2:c3653, 02a03aee-1dd1-43c9-94ca-c76e2a537489:c3649, 9fb73170-bb25-48da-afcf-6f1f9e11598f:c3649]
2019-07-10 10:42:55,715 INFO  client.GrpcClientProtocolClient (GrpcClientProtocolClient.java:onNext(255)) - client-AC1CE418446C->edec9b8f-c318-426f-83f9-f44e945268a2: receive RaftClientReply:client-AC1CE418446C->edec9b8f-c318-426f-83f9-f44e945268a2@group-352661ED3FD5, cid=2469, SUCCESS, logIndex=3653, commits[edec9b8f-c318-426f-83f9-f44e945268a2:c3653, 02a03aee-1dd1-43c9-94ca-c76e2a537489:c3649, 9fb73170-bb25-48da-afcf-6f1f9e11598f:c3649]
2019-07-10 10:42:55,727 INFO  client.GrpcClientProtocolClient (GrpcClientProtocolClient.java:onNext(255)) - client-AC1CE418446C->edec9b8f-c318-426f-83f9-f44e945268a2: receive RaftClientReply:client-AC1CE418446C->edec9b8f-c318-426f-83f9-f44e945268a2@group-352661ED3FD5, cid=2470, SUCCESS, logIndex=0, commits[edec9b8f-c318-426f-83f9-f44e945268a2:c3655, 02a03aee-1dd1-43c9-94ca-c76e2a537489:c3653, 9fb73170-bb25-48da-afcf-6f1f9e11598f:c3653]
2019-07-10 10:42:55,756 INFO  client.GrpcClientProtocolClient (GrpcClientProtocolClient.java:onNext(255)) - client-AC1CE418446C->edec9b8f-c318-426f-83f9-f44e945268a2: receive RaftClientReply:client-AC1CE418446C->edec9b8f-c318-426f-83f9-f44e945268a2@group-352661ED3FD5, cid=2471, SUCCESS, logIndex=3656, commits[edec9b8f-c318-426f-83f9-f44e945268a2:c3657, 02a03aee-1dd1-43c9-94ca-c76e2a537489:c3655, 9fb73170-bb25-48da-afcf-6f1f9e11598f:c3655]
2019-07-10 10:42:55,757 INFO  client.GrpcClientProtocolClient (GrpcClientProtocolClient.java:onNext(255)) - client-AC1CE418446C->edec9b8f-c318-426f-83f9-f44e945268a2: receive RaftClientReply:client-AC1CE418446C->edec9b8f-c318-426f-83f9-f44e945268a2@group-352661ED3FD5, cid=2472, SUCCESS, logIndex=3657, commits[edec9b8f-c318-426f-83f9-f44e945268a2:c3659, 02a03aee-1dd1-43c9-94ca-c76e2a537489:c3655, 9fb73170-bb25-48da-afcf-6f1f9e11598f:c3655]
2019-07-10 10:42:55,757 INFO  client.GrpcClientProtocolClient (GrpcClientProtocolClient.java:onNext(255)) - client-AC1CE418446C->edec9b8f-c318-426f-83f9-f44e945268a2: receive RaftClientReply:client-AC1CE418446C->edec9b8f-c318-426f-83f9-f44e945268a2@group-352661ED3FD5, cid=2473, SUCCESS, logIndex=3658, commits[edec9b8f-c318-426f-83f9-f44e945268a2:c3659, 02a03aee-1dd1-43c9-94ca-c76e2a537489:c3655, 9fb73170-bb25-48da-afcf-6f1f9e11598f:c3655]
2019-07-10 10:42:55,757 INFO  client.GrpcClientProtocolClient (GrpcClientProtocolClient.java:onNext(255)) - client-AC1CE418446C->edec9b8f-c318-426f-83f9-f44e945268a2: receive RaftClientReply:client-AC1CE418446C->edec9b8f-c318-426f-83f9-f44e945268a2@group-352661ED3FD5, cid=2474, SUCCESS, logIndex=3659, commits[edec9b8f-c318-426f-83f9-f44e945268a2:c3659, 02a03aee-1dd1-43c9-94ca-c76e2a537489:c3655, 9fb73170-bb25-48da-afcf-6f1f9e11598f:c3655]
2019-07-10 10:42:55,768 INFO  client.GrpcClientProtocolClient (GrpcClientProtocolClient.java:onNext(255)) - client-AC1CE418446C->edec9b8f-c318-426f-83f9-f44e945268a2: receive RaftClientReply:client-AC1CE418446C->edec9b8f-c318-426f-83f9-f44e945268a2@group-352661ED3FD5, cid=2475, SUCCESS, logIndex=0, commits[edec9b8f-c318-426f-83f9-f44e945268a2:c3660, 02a03aee-1dd1-43c9-94ca-c76e2a537489:c3657, 9fb73170-bb25-48da-afcf-6f1f9e11598f:c3657]
2019-07-10 10:42:55,787 INFO  client.GrpcClientProtocolClient (GrpcClientProtocolClient.java:onNext(255)) - client-AC1CE418446C->edec9b8f-c318-426f-83f9-f44e945268a2: receive RaftClientReply:client-AC1CE418446C->edec9b8f-c318-426f-83f9-f44e945268a2@group-352661ED3FD5, cid=2476, SUCCESS, logIndex=3664, commits[edec9b8f-c318-426f-83f9-f44e945268a2:c3665, 02a03aee-1dd1-43c9-94ca-c76e2a537489:c3663, 9fb73170-bb25-48da-afcf-6f1f9e11598f:c3663]
2019-07-10 10:42:55,787 INFO  client.GrpcClientProtocolClient (GrpcClientProtocolClient.java:onNext(255)) - client-AC1CE418446C->edec9b8f-c318-426f-83f9-f44e945268a2: receive RaftClientReply:client-AC1CE418446C->edec9b8f-c318-426f-83f9-f44e945268a2@group-352661ED3FD5, cid=2477, SUCCESS, logIndex=3665, commits[edec9b8f-c318-426f-83f9-f44e945268a2:c3665, 02a03aee-1dd1-43c9-94ca-c76e2a537489:c3663, 9fb73170-bb25-48da-afcf-6f1f9e11598f:c3663]
2019-07-10 10:42:55,802 INFO  client.GrpcClientProtocolClient (GrpcClientProtocolClient.java:onNext(255)) - client-AC1CE418446C->edec9b8f-c318-426f-83f9-f44e945268a2: receive RaftClientReply:client-AC1CE418446C->edec9b8f-c318-426f-83f9-f44e945268a2@group-352661ED3FD5, cid=2478, SUCCESS, logIndex=3668, commits[edec9b8f-c318-426f-83f9-f44e945268a2:c3669, 02a03aee-1dd1-43c9-94ca-c76e2a537489:c3665, 9fb73170-bb25-48da-afcf-6f1f9e11598f:c3665]
2019-07-10 10:42:55,802 INFO  client.GrpcClientProtocolClient (GrpcClientProtocolClient.java:onNext(255)) - client-AC1CE418446C->edec9b8f-c318-426f-83f9-f44e945268a2: receive RaftClientReply:client-AC1CE418446C->edec9b8f-c318-426f-83f9-f44e945268a2@group-352661ED3FD5, cid=2479, SUCCESS, logIndex=3669, commits[edec9b8f-c318-426f-83f9-f44e945268a2:c3669, 02a03aee-1dd1-43c9-94ca-c76e2a537489:c3665, 9fb73170-bb25-48da-afcf-6f1f9e11598f:c3665]
2019-07-10 10:42:55,816 INFO  client.GrpcClientProtocolClient (GrpcClientProtocolClient.java:onNext(255)) - client-AC1CE418446C->edec9b8f-c318-426f-83f9-f44e945268a2: receive RaftClientReply:client-AC1CE418446C->edec9b8f-c318-426f-83f9-f44e945268a2@group-352661ED3FD5, cid=2480, SUCCESS, logIndex=0, commits[edec9b8f-c318-426f-83f9-f44e945268a2:c3671, 02a03aee-1dd1-43c9-94ca-c76e2a537489:c3669, 9fb73170-bb25-48da-afcf-6f1f9e11598f:c3669]
2019-07-10 10:42:55,848 INFO  client.GrpcClientProtocolClient (GrpcClientProtocolClient.java:onNext(255)) - client-AC1CE418446C->edec9b8f-c318-426f-83f9-f44e945268a2: receive RaftClientReply:client-AC1CE418446C->edec9b8f-c318-426f-83f9-f44e945268a2@group-352661ED3FD5, cid=2481, SUCCESS, logIndex=3672, commits[edec9b8f-c318-426f-83f9-f44e945268a2:c3675, 02a03aee-1dd1-43c9-94ca-c76e2a537489:c3671, 9fb73170-bb25-48da-afcf-6f1f9e11598f:c3671]
2019-07-10 10:42:55,849 INFO  client.GrpcClientProtocolClient (GrpcClientProtocolClient.java:onNext(255)) - client-AC1CE418446C->edec9b8f-c318-426f-83f9-f44e945268a2: receive RaftClientReply:client-AC1CE418446C->edec9b8f-c318-426f-83f9-f44e945268a2@group-352661ED3FD5, cid=2482, SUCCESS, logIndex=3673, commits[edec9b8f-c318-426f-83f9-f44e945268a2:c3675, 02a03aee-1dd1-43c9-94ca-c76e2a537489:c3671, 9fb73170-bb25-48da-afcf-6f1f9e11598f:c3671]
2019-07-10 10:42:55,849 INFO  client.GrpcClientProtocolClient (GrpcClientProtocolClient.java:onNext(255)) - client-AC1CE418446C->edec9b8f-c318-426f-83f9-f44e945268a2: receive RaftClientReply:client-AC1CE418446C->edec9b8f-c318-426f-83f9-f44e945268a2@group-352661ED3FD5, cid=2483, SUCCESS, logIndex=3674, commits[edec9b8f-c318-426f-83f9-f44e945268a2:c3675, 02a03aee-1dd1-43c9-94ca-c76e2a537489:c3671, 9fb73170-bb25-48da-afcf-6f1f9e11598f:c3671]
2019-07-10 10:42:55,849 INFO  client.GrpcClientProtocolClient (GrpcClientProtocolClient.java:onNext(255)) - client-AC1CE418446C->edec9b8f-c318-426f-83f9-f44e945268a2: receive RaftClientReply:client-AC1CE418446C->edec9b8f-c318-426f-83f9-f44e945268a2@group-352661ED3FD5, cid=2484, SUCCESS, logIndex=3675, commits[edec9b8f-c318-426f-83f9-f44e945268a2:c3675, 02a03aee-1dd1-43c9-94ca-c76e2a537489:c3671, 9fb73170-bb25-48da-afcf-6f1f9e11598f:c3671]
2019-07-10 10:42:55,872 INFO  client.GrpcClientProtocolClient (GrpcClientProtocolClient.java:onNext(255)) - client-AC1CE418446C->edec9b8f-c318-426f-83f9-f44e945268a2: receive RaftClientReply:client-AC1CE418446C->edec9b8f-c318-426f-83f9-f44e945268a2@group-352661ED3FD5, cid=2485, SUCCESS, logIndex=0, commits[edec9b8f-c318-426f-83f9-f44e945268a2:c3677, 02a03aee-1dd1-43c9-94ca-c76e2a537489:c3673, 9fb73170-bb25-48da-afcf-6f1f9e11598f:c3673]
2019-07-10 10:42:55,894 INFO  client.GrpcClientProtocolClient (GrpcClientProtocolClient.java:onNext(255)) - client-AC1CE418446C->edec9b8f-c318-426f-83f9-f44e945268a2: receive RaftClientReply:client-AC1CE418446C->edec9b8f-c318-426f-83f9-f44e945268a2@group-352661ED3FD5, cid=2486, SUCCESS, logIndex=3680, commits[edec9b8f-c318-426f-83f9-f44e945268a2:c3681, 02a03aee-1dd1-43c9-94ca-c76e2a537489:c3679, 9fb73170-bb25-48da-afcf-6f1f9e11598f:c3679]
2019-07-10 10:42:55,894 INFO  client.GrpcClientProtocolClient (GrpcClientProtocolClient.java:onNext(255)) - client-AC1CE418446C->edec9b8f-c318-426f-83f9-f44e945268a2: receive RaftClientReply:client-AC1CE418446C->edec9b8f-c318-426f-83f9-f44e945268a2@group-352661ED3FD5, cid=2487, SUCCESS, logIndex=3681, commits[edec9b8f-c318-426f-83f9-f44e945268a2:c3681, 02a03aee-1dd1-43c9-94ca-c76e2a537489:c3679, 9fb73170-bb25-48da-afcf-6f1f9e11598f:c3679]
2019-07-10 10:42:55,918 INFO  client.GrpcClientProtocolClient (GrpcClientProtocolClient.java:onNext(255)) - client-AC1CE418446C->edec9b8f-c318-426f-83f9-f44e945268a2: receive RaftClientReply:client-AC1CE418446C->edec9b8f-c318-426f-83f9-f44e945268a2@group-352661ED3FD5, cid=2488, SUCCESS, logIndex=3684, commits[edec9b8f-c318-426f-83f9-f44e945268a2:c3685, 02a03aee-1dd1-43c9-94ca-c76e2a537489:c3681, 9fb73170-bb25-48da-afcf-6f1f9e11598f:c3680]
2019-07-10 10:42:55,918 INFO  client.GrpcClientProtocolClient (GrpcClientProtocolClient.java:onNext(255)) - client-AC1CE418446C->edec9b8f-c318-426f-83f9-f44e945268a2: receive RaftClientReply:client-AC1CE418446C->edec9b8f-c318-426f-83f9-f44e945268a2@group-352661ED3FD5, cid=2489, SUCCESS, logIndex=3685, commits[edec9b8f-c318-426f-83f9-f44e945268a2:c3685, 02a03aee-1dd1-43c9-94ca-c76e2a537489:c3681, 9fb73170-bb25-48da-afcf-6f1f9e11598f:c3681]
2019-07-10 10:42:55,925 INFO  client.GrpcClientProtocolClient (GrpcClientProtocolClient.java:onNext(255)) - client-AC1CE418446C->edec9b8f-c318-426f-83f9-f44e945268a2: receive RaftClientReply:client-AC1CE418446C->edec9b8f-c318-426f-83f9-f44e945268a2@group-352661ED3FD5, cid=2490, SUCCESS, logIndex=0, commits[edec9b8f-c318-426f-83f9-f44e945268a2:c3687, 02a03aee-1dd1-43c9-94ca-c76e2a537489:c3685, 9fb73170-bb25-48da-afcf-6f1f9e11598f:c3685]
2019-07-10 10:42:55,963 INFO  client.GrpcClientProtocolClient (GrpcClientProtocolClient.java:onNext(255)) - client-AC1CE418446C->edec9b8f-c318-426f-83f9-f44e945268a2: receive RaftClientReply:client-AC1CE418446C->edec9b8f-c318-426f-83f9-f44e945268a2@group-352661ED3FD5, cid=2491, SUCCESS, logIndex=3688, commits[edec9b8f-c318-426f-83f9-f44e945268a2:c3690, 02a03aee-1dd1-43c9-94ca-c76e2a537489:c3687, 9fb73170-bb25-48da-afcf-6f1f9e11598f:c3687]
2019-07-10 10:42:55,963 INFO  client.GrpcClientProtocolClient (GrpcClientProtocolClient.java:onNext(255)) - client-AC1CE418446C->edec9b8f-c318-426f-83f9-f44e945268a2: receive RaftClientReply:client-AC1CE418446C->edec9b8f-c318-426f-83f9-f44e945268a2@group-352661ED3FD5, cid=2492, SUCCESS, logIndex=3689, commits[edec9b8f-c318-426f-83f9-f44e945268a2:c3691, 02a03aee-1dd1-43c9-94ca-c76e2a537489:c3687, 9fb73170-bb25-48da-afcf-6f1f9e11598f:c3687]
2019-07-10 10:42:55,964 INFO  client.GrpcClientProtocolClient (GrpcClientProtocolClient.java:onNext(255)) - client-AC1CE418446C->edec9b8f-c318-426f-83f9-f44e945268a2: receive RaftClientReply:client-AC1CE418446C->edec9b8f-c318-426f-83f9-f44e945268a2@group-352661ED3FD5, cid=2493, SUCCESS, logIndex=3690, commits[edec9b8f-c318-426f-83f9-f44e945268a2:c3691, 02a03aee-1dd1-43c9-94ca-c76e2a537489:c3687, 9fb73170-bb25-48da-afcf-6f1f9e11598f:c3687]
2019-07-10 10:42:55,964 INFO  client.GrpcClientProtocolClient (GrpcClientProtocolClient.java:onNext(255)) - client-AC1CE418446C->edec9b8f-c318-426f-83f9-f44e945268a2: receive RaftClientReply:client-AC1CE418446C->edec9b8f-c318-426f-83f9-f44e945268a2@group-352661ED3FD5, cid=2494, SUCCESS, logIndex=3691, commits[edec9b8f-c318-426f-83f9-f44e945268a2:c3691, 02a03aee-1dd1-43c9-94ca-c76e2a537489:c3687, 9fb73170-bb25-48da-afcf-6f1f9e11598f:c3687]
2019-07-10 10:42:55,976 INFO  client.GrpcClientProtocolClient (GrpcClientProtocolClient.java:onNext(255)) - client-AC1CE418446C->edec9b8f-c318-426f-83f9-f44e945268a2: receive RaftClientReply:client-AC1CE418446C->edec9b8f-c318-426f-83f9-f44e945268a2@group-352661ED3FD5, cid=2495, SUCCESS, logIndex=0, commits[edec9b8f-c318-426f-83f9-f44e945268a2:c3692, 02a03aee-1dd1-43c9-94ca-c76e2a537489:c3689, 9fb73170-bb25-48da-afcf-6f1f9e11598f:c3689]
2019-07-10 10:42:55,997 INFO  client.GrpcClientProtocolClient (GrpcClientProtocolClient.java:onNext(255)) - client-AC1CE418446C->edec9b8f-c318-426f-83f9-f44e945268a2: receive RaftClientReply:client-AC1CE418446C->edec9b8f-c318-426f-83f9-f44e945268a2@group-352661ED3FD5, cid=2496, SUCCESS, logIndex=3696, commits[edec9b8f-c318-426f-83f9-f44e945268a2:c3697, 02a03aee-1dd1-43c9-94ca-c76e2a537489:c3695, 9fb73170-bb25-48da-afcf-6f1f9e11598f:c3695]
2019-07-10 10:42:56,000 INFO  client.GrpcClientProtocolClient (GrpcClientProtocolClient.java:onNext(255)) - client-AC1CE418446C->edec9b8f-c318-426f-83f9-f44e945268a2: receive RaftClientReply:client-AC1CE418446C->edec9b8f-c318-426f-83f9-f44e945268a2@group-352661ED3FD5, cid=2497, SUCCESS, logIndex=3697, commits[edec9b8f-c318-426f-83f9-f44e945268a2:c3697, 02a03aee-1dd1-43c9-94ca-c76e2a537489:c3695, 9fb73170-bb25-48da-afcf-6f1f9e11598f:c3695]
2019-07-10 10:42:56,026 INFO  client.GrpcClientProtocolClient (GrpcClientProtocolClient.java:onNext(255)) - client-AC1CE418446C->edec9b8f-c318-426f-83f9-f44e945268a2: receive RaftClientReply:client-AC1CE418446C->edec9b8f-c318-426f-83f9-f44e945268a2@group-352661ED3FD5, cid=2498, SUCCESS, logIndex=3700, commits[edec9b8f-c318-426f-83f9-f44e945268a2:c3701, 02a03aee-1dd1-43c9-94ca-c76e2a537489:c3697, 9fb73170-bb25-48da-afcf-6f1f9e11598f:c3697]
2019-07-10 10:42:56,027 INFO  client.GrpcClientProtocolClient (GrpcClientProtocolClient.java:onNext(255)) - client-AC1CE418446C->edec9b8f-c318-426f-83f9-f44e945268a2: receive RaftClientReply:client-AC1CE418446C->edec9b8f-c318-426f-83f9-f44e945268a2@group-352661ED3FD5, cid=2499, SUCCESS, logIndex=3701, commits[edec9b8f-c318-426f-83f9-f44e945268a2:c3701, 02a03aee-1dd1-43c9-94ca-c76e2a537489:c3697, 9fb73170-bb25-48da-afcf-6f1f9e11598f:c3697]
2019-07-10 10:42:56,041 INFO  client.GrpcClientProtocolClient (GrpcClientProtocolClient.java:onNext(255)) - client-AC1CE418446C->edec9b8f-c318-426f-83f9-f44e945268a2: receive RaftClientReply:client-AC1CE418446C->edec9b8f-c318-426f-83f9-f44e945268a2@group-352661ED3FD5, cid=2500, SUCCESS, logIndex=0, commits[edec9b8f-c318-426f-83f9-f44e945268a2:c3703, 02a03aee-1dd1-43c9-94ca-c76e2a537489:c3701, 9fb73170-bb25-48da-afcf-6f1f9e11598f:c3701]
2019-07-10 10:42:56,074 INFO  client.GrpcClientProtocolClient (GrpcClientProtocolClient.java:onNext(255)) - client-AC1CE418446C->edec9b8f-c318-426f-83f9-f44e945268a2: receive RaftClientReply:client-AC1CE418446C->edec9b8f-c318-426f-83f9-f44e945268a2@group-352661ED3FD5, cid=2501, SUCCESS, logIndex=3704, commits[edec9b8f-c318-426f-83f9-f44e945268a2:c3706, 02a03aee-1dd1-43c9-94ca-c76e2a537489:c3703, 9fb73170-bb25-48da-afcf-6f1f9e11598f:c3703]
2019-07-10 10:42:56,075 INFO  client.GrpcClientProtocolClient (GrpcClientProtocolClient.java:onNext(255)) - client-AC1CE418446C->edec9b8f-c318-426f-83f9-f44e945268a2: receive RaftClientReply:client-AC1CE418446C->edec9b8f-c318-426f-83f9-f44e945268a2@group-352661ED3FD5, cid=2502, SUCCESS, logIndex=3705, commits[edec9b8f-c318-426f-83f9-f44e945268a2:c3707, 02a03aee-1dd1-43c9-94ca-c76e2a537489:c3703, 9fb73170-bb25-48da-afcf-6f1f9e11598f:c3703]
2019-07-10 10:42:56,075 INFO  client.GrpcClientProtocolClient (GrpcClientProtocolClient.java:onNext(255)) - client-AC1CE418446C->edec9b8f-c318-426f-83f9-f44e945268a2: receive RaftClientReply:client-AC1CE418446C->edec9b8f-c318-426f-83f9-f44e945268a2@group-352661ED3FD5, cid=2503, SUCCESS, logIndex=3706, commits[edec9b8f-c318-426f-83f9-f44e945268a2:c3707, 02a03aee-1dd1-43c9-94ca-c76e2a537489:c3703, 9fb73170-bb25-48da-afcf-6f1f9e11598f:c3703]
2019-07-10 10:42:56,075 INFO  client.GrpcClientProtocolClient (GrpcClientProtocolClient.java:onNext(255)) - client-AC1CE418446C->edec9b8f-c318-426f-83f9-f44e945268a2: receive RaftClientReply:client-AC1CE418446C->edec9b8f-c318-426f-83f9-f44e945268a2@group-352661ED3FD5, cid=2504, SUCCESS, logIndex=3707, commits[edec9b8f-c318-426f-83f9-f44e945268a2:c3707, 02a03aee-1dd1-43c9-94ca-c76e2a537489:c3703, 9fb73170-bb25-48da-afcf-6f1f9e11598f:c3703]
2019-07-10 10:42:56,086 INFO  client.GrpcClientProtocolClient (GrpcClientProtocolClient.java:onNext(255)) - client-AC1CE418446C->edec9b8f-c318-426f-83f9-f44e945268a2: receive RaftClientReply:client-AC1CE418446C->edec9b8f-c318-426f-83f9-f44e945268a2@group-352661ED3FD5, cid=2505, SUCCESS, logIndex=0, commits[edec9b8f-c318-426f-83f9-f44e945268a2:c3710, 02a03aee-1dd1-43c9-94ca-c76e2a537489:c3706, 9fb73170-bb25-48da-afcf-6f1f9e11598f:c3705]
2019-07-10 10:42:56,109 INFO  client.GrpcClientProtocolClient (GrpcClientProtocolClient.java:onNext(255)) - client-AC1CE418446C->edec9b8f-c318-426f-83f9-f44e945268a2: receive RaftClientReply:client-AC1CE418446C->edec9b8f-c318-426f-83f9-f44e945268a2@group-352661ED3FD5, cid=2506, SUCCESS, logIndex=3712, commits[edec9b8f-c318-426f-83f9-f44e945268a2:c3713, 02a03aee-1dd1-43c9-94ca-c76e2a537489:c3711, 9fb73170-bb25-48da-afcf-6f1f9e11598f:c3707]
2019-07-10 10:42:56,109 INFO  client.GrpcClientProtocolClient (GrpcClientProtocolClient.java:onNext(255)) - client-AC1CE418446C->edec9b8f-c318-426f-83f9-f44e945268a2: receive RaftClientReply:client-AC1CE418446C->edec9b8f-c318-426f-83f9-f44e945268a2@group-352661ED3FD5, cid=2507, SUCCESS, logIndex=3713, commits[edec9b8f-c318-426f-83f9-f44e945268a2:c3713, 02a03aee-1dd1-43c9-94ca-c76e2a537489:c3711, 9fb73170-bb25-48da-afcf-6f1f9e11598f:c3711]
2019-07-10 10:42:56,124 INFO  client.GrpcClientProtocolClient (GrpcClientProtocolClient.java:onNext(255)) - client-AC1CE418446C->edec9b8f-c318-426f-83f9-f44e945268a2: receive RaftClientReply:client-AC1CE418446C->edec9b8f-c318-426f-83f9-f44e945268a2@group-352661ED3FD5, cid=2508, SUCCESS, logIndex=3716, commits[edec9b8f-c318-426f-83f9-f44e945268a2:c3716, 02a03aee-1dd1-43c9-94ca-c76e2a537489:c3713, 9fb73170-bb25-48da-afcf-6f1f9e11598f:c3713]
2019-07-10 10:42:56,124 INFO  client.GrpcClientProtocolClient (GrpcClientProtocolClient.java:onNext(255)) - client-AC1CE418446C->edec9b8f-c318-426f-83f9-f44e945268a2: receive RaftClientReply:client-AC1CE418446C->edec9b8f-c318-426f-83f9-f44e945268a2@group-352661ED3FD5, cid=2509, SUCCESS, logIndex=3717, commits[edec9b8f-c318-426f-83f9-f44e945268a2:c3717, 02a03aee-1dd1-43c9-94ca-c76e2a537489:c3713, 9fb73170-bb25-48da-afcf-6f1f9e11598f:c3713]
2019-07-10 10:42:56,141 INFO  client.GrpcClientProtocolClient (GrpcClientProtocolClient.java:onNext(255)) - client-AC1CE418446C->edec9b8f-c318-426f-83f9-f44e945268a2: receive RaftClientReply:client-AC1CE418446C->edec9b8f-c318-426f-83f9-f44e945268a2@group-352661ED3FD5, cid=2510, SUCCESS, logIndex=0, commits[edec9b8f-c318-426f-83f9-f44e945268a2:c3719, 02a03aee-1dd1-43c9-94ca-c76e2a537489:c3717, 9fb73170-bb25-48da-afcf-6f1f9e11598f:c3717]
2019-07-10 10:42:56,166 INFO  client.GrpcClientProtocolClient (GrpcClientProtocolClient.java:onNext(255)) - client-AC1CE418446C->edec9b8f-c318-426f-83f9-f44e945268a2: receive RaftClientReply:client-AC1CE418446C->edec9b8f-c318-426f-83f9-f44e945268a2@group-352661ED3FD5, cid=2511, SUCCESS, logIndex=3720, commits[edec9b8f-c318-426f-83f9-f44e945268a2:c3722, 02a03aee-1dd1-43c9-94ca-c76e2a537489:c3717, 9fb73170-bb25-48da-afcf-6f1f9e11598f:c3719]
2019-07-10 10:42:56,167 INFO  client.GrpcClientProtocolClient (GrpcClientProtocolClient.java:onNext(255)) - client-AC1CE418446C->edec9b8f-c318-426f-83f9-f44e945268a2: receive RaftClientReply:client-AC1CE418446C->edec9b8f-c318-426f-83f9-f44e945268a2@group-352661ED3FD5, cid=2512, SUCCESS, logIndex=3721, commits[edec9b8f-c318-426f-83f9-f44e945268a2:c3723, 02a03aee-1dd1-43c9-94ca-c76e2a537489:c3719, 9fb73170-bb25-48da-afcf-6f1f9e11598f:c3719]
2019-07-10 10:42:56,167 INFO  client.GrpcClientProtocolClient (GrpcClientProtocolClient.java:onNext(255)) - client-AC1CE418446C->edec9b8f-c318-426f-83f9-f44e945268a2: receive RaftClientReply:client-AC1CE418446C->edec9b8f-c318-426f-83f9-f44e945268a2@group-352661ED3FD5, cid=2513, SUCCESS, logIndex=3722, commits[edec9b8f-c318-426f-83f9-f44e945268a2:c3723, 02a03aee-1dd1-43c9-94ca-c76e2a537489:c3719, 9fb73170-bb25-48da-afcf-6f1f9e11598f:c3719]
2019-07-10 10:42:56,167 INFO  client.GrpcClientProtocolClient (GrpcClientProtocolClient.java:onNext(255)) - client-AC1CE418446C->edec9b8f-c318-426f-83f9-f44e945268a2: receive RaftClientReply:client-AC1CE418446C->edec9b8f-c318-426f-83f9-f44e945268a2@group-352661ED3FD5, cid=2514, SUCCESS, logIndex=3723, commits[edec9b8f-c318-426f-83f9-f44e945268a2:c3723, 02a03aee-1dd1-43c9-94ca-c76e2a537489:c3719, 9fb73170-bb25-48da-afcf-6f1f9e11598f:c3719]
2019-07-10 10:42:56,169 INFO  client.GrpcClientProtocolClient (GrpcClientProtocolClient.java:onNext(255)) - client-AC1CE418446C->edec9b8f-c318-426f-83f9-f44e945268a2: receive RaftClientReply:client-AC1CE418446C->edec9b8f-c318-426f-83f9-f44e945268a2@group-352661ED3FD5, cid=2515, SUCCESS, logIndex=0, commits[edec9b8f-c318-426f-83f9-f44e945268a2:c3724, 02a03aee-1dd1-43c9-94ca-c76e2a537489:c3721, 9fb73170-bb25-48da-afcf-6f1f9e11598f:c3721]
2019-07-10 10:42:56,212 INFO  client.GrpcClientProtocolClient (GrpcClientProtocolClient.java:onNext(255)) - client-AC1CE418446C->edec9b8f-c318-426f-83f9-f44e945268a2: receive RaftClientReply:client-AC1CE418446C->edec9b8f-c318-426f-83f9-f44e945268a2@group-352661ED3FD5, cid=2516, SUCCESS, logIndex=3728, commits[edec9b8f-c318-426f-83f9-f44e945268a2:c3729, 02a03aee-1dd1-43c9-94ca-c76e2a537489:c3727, 9fb73170-bb25-48da-afcf-6f1f9e11598f:c3727]
2019-07-10 10:42:56,213 INFO  client.GrpcClientProtocolClient (GrpcClientProtocolClient.java:onNext(255)) - client-AC1CE418446C->edec9b8f-c318-426f-83f9-f44e945268a2: receive RaftClientReply:client-AC1CE418446C->edec9b8f-c318-426f-83f9-f44e945268a2@group-352661ED3FD5, cid=2517, SUCCESS, logIndex=3729, commits[edec9b8f-c318-426f-83f9-f44e945268a2:c3729, 02a03aee-1dd1-43c9-94ca-c76e2a537489:c3727, 9fb73170-bb25-48da-afcf-6f1f9e11598f:c3727]
2019-07-10 10:42:56,339 INFO  client.GrpcClientProtocolClient (GrpcClientProtocolClient.java:onNext(255)) - client-AC1CE418446C->edec9b8f-c318-426f-83f9-f44e945268a2: receive RaftClientReply:client-AC1CE418446C->edec9b8f-c318-426f-83f9-f44e945268a2@group-352661ED3FD5, cid=2518, SUCCESS, logIndex=3732, commits[edec9b8f-c318-426f-83f9-f44e945268a2:c3733, 02a03aee-1dd1-43c9-94ca-c76e2a537489:c3730, 9fb73170-bb25-48da-afcf-6f1f9e11598f:c3730]
2019-07-10 10:42:56,339 INFO  client.GrpcClientProtocolClient (GrpcClientProtocolClient.java:onNext(255)) - client-AC1CE418446C->edec9b8f-c318-426f-83f9-f44e945268a2: receive RaftClientReply:client-AC1CE418446C->edec9b8f-c318-426f-83f9-f44e945268a2@group-352661ED3FD5, cid=2519, SUCCESS, logIndex=3733, commits[edec9b8f-c318-426f-83f9-f44e945268a2:c3733, 02a03aee-1dd1-43c9-94ca-c76e2a537489:c3730, 9fb73170-bb25-48da-afcf-6f1f9e11598f:c3730]
2019-07-10 10:42:56,363 INFO  client.GrpcClientProtocolClient (GrpcClientProtocolClient.java:onNext(255)) - client-AC1CE418446C->edec9b8f-c318-426f-83f9-f44e945268a2: receive RaftClientReply:client-AC1CE418446C->edec9b8f-c318-426f-83f9-f44e945268a2@group-352661ED3FD5, cid=2520, SUCCESS, logIndex=0, commits[edec9b8f-c318-426f-83f9-f44e945268a2:c3735, 02a03aee-1dd1-43c9-94ca-c76e2a537489:c3733, 9fb73170-bb25-48da-afcf-6f1f9e11598f:c3733]
2019-07-10 10:42:56,394 INFO  client.GrpcClientProtocolClient (GrpcClientProtocolClient.java:onNext(255)) - client-AC1CE418446C->edec9b8f-c318-426f-83f9-f44e945268a2: receive RaftClientReply:client-AC1CE418446C->edec9b8f-c318-426f-83f9-f44e945268a2@group-352661ED3FD5, cid=2521, SUCCESS, logIndex=3736, commits[edec9b8f-c318-426f-83f9-f44e945268a2:c3737, 02a03aee-1dd1-43c9-94ca-c76e2a537489:c3735, 9fb73170-bb25-48da-afcf-6f1f9e11598f:c3735]
2019-07-10 10:42:56,395 INFO  client.GrpcClientProtocolClient (GrpcClientProtocolClient.java:onNext(255)) - client-AC1CE418446C->edec9b8f-c318-426f-83f9-f44e945268a2: receive RaftClientReply:client-AC1CE418446C->edec9b8f-c318-426f-83f9-f44e945268a2@group-352661ED3FD5, cid=2522, SUCCESS, logIndex=3737, commits[edec9b8f-c318-426f-83f9-f44e945268a2:c3737, 02a03aee-1dd1-43c9-94ca-c76e2a537489:c3735, 9fb73170-bb25-48da-afcf-6f1f9e11598f:c3735]
2019-07-10 10:42:56,405 INFO  client.GrpcClientProtocolClient (GrpcClientProtocolClient.java:onNext(255)) - client-AC1CE418446C->edec9b8f-c318-426f-83f9-f44e945268a2: receive RaftClientReply:client-AC1CE418446C->edec9b8f-c318-426f-83f9-f44e945268a2@group-352661ED3FD5, cid=2523, SUCCESS, logIndex=3738, commits[edec9b8f-c318-426f-83f9-f44e945268a2:c3739, 02a03aee-1dd1-43c9-94ca-c76e2a537489:c3735, 9fb73170-bb25-48da-afcf-6f1f9e11598f:c3735]
2019-07-10 10:42:56,405 INFO  client.GrpcClientProtocolClient (GrpcClientProtocolClient.java:onNext(255)) - client-AC1CE418446C->edec9b8f-c318-426f-83f9-f44e945268a2: receive RaftClientReply:client-AC1CE418446C->edec9b8f-c318-426f-83f9-f44e945268a2@group-352661ED3FD5, cid=2524, SUCCESS, logIndex=3739, commits[edec9b8f-c318-426f-83f9-f44e945268a2:c3739, 02a03aee-1dd1-43c9-94ca-c76e2a537489:c3735, 9fb73170-bb25-48da-afcf-6f1f9e11598f:c3735]
2019-07-10 10:42:56,408 INFO  client.GrpcClientProtocolClient (GrpcClientProtocolClient.java:onNext(255)) - client-AC1CE418446C->edec9b8f-c318-426f-83f9-f44e945268a2: receive RaftClientReply:client-AC1CE418446C->edec9b8f-c318-426f-83f9-f44e945268a2@group-352661ED3FD5, cid=2525, SUCCESS, logIndex=0, commits[edec9b8f-c318-426f-83f9-f44e945268a2:c3742, 02a03aee-1dd1-43c9-94ca-c76e2a537489:c3737, 9fb73170-bb25-48da-afcf-6f1f9e11598f:c3739]
 0.00% |█                                                                                                    |  0/1 Time: 0:00:222019-07-10 10:42:56,430 INFO  client.GrpcClientProtocolClient (GrpcClientProtocolClient.java:onNext(255)) - client-AC1CE418446C->edec9b8f-c318-426f-83f9-f44e945268a2: receive RaftClientReply:client-AC1CE418446C->edec9b8f-c318-426f-83f9-f44e945268a2@group-352661ED3FD5, cid=2526, SUCCESS, logIndex=3743, commits[edec9b8f-c318-426f-83f9-f44e945268a2:c3744, 02a03aee-1dd1-43c9-94ca-c76e2a537489:c3742, 9fb73170-bb25-48da-afcf-6f1f9e11598f:c3742]
2019-07-10 10:42:56,430 INFO  client.GrpcClientProtocolClient (GrpcClientProtocolClient.java:onNext(255)) - client-AC1CE418446C->edec9b8f-c318-426f-83f9-f44e945268a2: receive RaftClientReply:client-AC1CE418446C->edec9b8f-c318-426f-83f9-f44e945268a2@group-352661ED3FD5, cid=2527, SUCCESS, logIndex=3744, commits[edec9b8f-c318-426f-83f9-f44e945268a2:c3744, 02a03aee-1dd1-43c9-94ca-c76e2a537489:c3742, 9fb73170-bb25-48da-afcf-6f1f9e11598f:c3742]
2019-07-10 10:42:56,455 INFO  client.GrpcClientProtocolClient (GrpcClientProtocolClient.java:onNext(255)) - client-AC1CE418446C->edec9b8f-c318-426f-83f9-f44e945268a2: receive RaftClientReply:client-AC1CE418446C->edec9b8f-c318-426f-83f9-f44e945268a2@group-352661ED3FD5, cid=2528, SUCCESS, logIndex=3747, commits[edec9b8f-c318-426f-83f9-f44e945268a2:c3747, 02a03aee-1dd1-43c9-94ca-c76e2a537489:c3744, 9fb73170-bb25-48da-afcf-6f1f9e11598f:c3744]
2019-07-10 10:42:56,456 INFO  client.GrpcClientProtocolClient (GrpcClientProtocolClient.java:onNext(255)) - client-AC1CE418446C->edec9b8f-c318-426f-83f9-f44e945268a2: receive RaftClientReply:client-AC1CE418446C->edec9b8f-c318-426f-83f9-f44e945268a2@group-352661ED3FD5, cid=2529, SUCCESS, logIndex=3748, commits[edec9b8f-c318-426f-83f9-f44e945268a2:c3748, 02a03aee-1dd1-43c9-94ca-c76e2a537489:c3744, 9fb73170-bb25-48da-afcf-6f1f9e11598f:c3744]
2019-07-10 10:42:56,466 INFO  client.GrpcClientProtocolClient (GrpcClientProtocolClient.java:onNext(255)) - client-AC1CE418446C->edec9b8f-c318-426f-83f9-f44e945268a2: receive RaftClientReply:client-AC1CE418446C->edec9b8f-c318-426f-83f9-f44e945268a2@group-352661ED3FD5, cid=2530, SUCCESS, logIndex=0, commits[edec9b8f-c318-426f-83f9-f44e945268a2:c3750, 02a03aee-1dd1-43c9-94ca-c76e2a537489:c3748, 9fb73170-bb25-48da-afcf-6f1f9e11598f:c3748]
2019-07-10 10:42:56,499 INFO  client.GrpcClientProtocolClient (GrpcClientProtocolClient.java:onNext(255)) - client-AC1CE418446C->edec9b8f-c318-426f-83f9-f44e945268a2: receive RaftClientReply:client-AC1CE418446C->edec9b8f-c318-426f-83f9-f44e945268a2@group-352661ED3FD5, cid=2531, SUCCESS, logIndex=3751, commits[edec9b8f-c318-426f-83f9-f44e945268a2:c3753, 02a03aee-1dd1-43c9-94ca-c76e2a537489:c3750, 9fb73170-bb25-48da-afcf-6f1f9e11598f:c3750]
2019-07-10 10:42:56,500 INFO  client.GrpcClientProtocolClient (GrpcClientProtocolClient.java:onNext(255)) - client-AC1CE418446C->edec9b8f-c318-426f-83f9-f44e945268a2: receive RaftClientReply:client-AC1CE418446C->edec9b8f-c318-426f-83f9-f44e945268a2@group-352661ED3FD5, cid=2532, SUCCESS, logIndex=3752, commits[edec9b8f-c318-426f-83f9-f44e945268a2:c3754, 02a03aee-1dd1-43c9-94ca-c76e2a537489:c3750, 9fb73170-bb25-48da-afcf-6f1f9e11598f:c3750]
2019-07-10 10:42:56,500 INFO  client.GrpcClientProtocolClient (GrpcClientProtocolClient.java:onNext(255)) - client-AC1CE418446C->edec9b8f-c318-426f-83f9-f44e945268a2: receive RaftClientReply:client-AC1CE418446C->edec9b8f-c318-426f-83f9-f44e945268a2@group-352661ED3FD5, cid=2533, SUCCESS, logIndex=3753, commits[edec9b8f-c318-426f-83f9-f44e945268a2:c3754, 02a03aee-1dd1-43c9-94ca-c76e2a537489:c3750, 9fb73170-bb25-48da-afcf-6f1f9e11598f:c3750]
2019-07-10 10:42:56,500 INFO  client.GrpcClientProtocolClient (GrpcClientProtocolClient.java:onNext(255)) - client-AC1CE418446C->edec9b8f-c318-426f-83f9-f44e945268a2: receive RaftClientReply:client-AC1CE418446C->edec9b8f-c318-426f-83f9-f44e945268a2@group-352661ED3FD5, cid=2534, SUCCESS, logIndex=3754, commits[edec9b8f-c318-426f-83f9-f44e945268a2:c3754, 02a03aee-1dd1-43c9-94ca-c76e2a537489:c3750, 9fb73170-bb25-48da-afcf-6f1f9e11598f:c3750]
2019-07-10 10:42:56,512 INFO  client.GrpcClientProtocolClient (GrpcClientProtocolClient.java:onNext(255)) - client-AC1CE418446C->edec9b8f-c318-426f-83f9-f44e945268a2: receive RaftClientReply:client-AC1CE418446C->edec9b8f-c318-426f-83f9-f44e945268a2@group-352661ED3FD5, cid=2535, SUCCESS, logIndex=0, commits[edec9b8f-c318-426f-83f9-f44e945268a2:c3756, 02a03aee-1dd1-43c9-94ca-c76e2a537489:c3752, 9fb73170-bb25-48da-afcf-6f1f9e11598f:c3752]
2019-07-10 10:42:56,533 INFO  client.GrpcClientProtocolClient (GrpcClientProtocolClient.java:onNext(255)) - client-AC1CE418446C->edec9b8f-c318-426f-83f9-f44e945268a2: receive RaftClientReply:client-AC1CE418446C->edec9b8f-c318-426f-83f9-f44e945268a2@group-352661ED3FD5, cid=2536, SUCCESS, logIndex=3759, commits[edec9b8f-c318-426f-83f9-f44e945268a2:c3760, 02a03aee-1dd1-43c9-94ca-c76e2a537489:c3758, 9fb73170-bb25-48da-afcf-6f1f9e11598f:c3758]
2019-07-10 10:42:56,534 INFO  client.GrpcClientProtocolClient (GrpcClientProtocolClient.java:onNext(255)) - client-AC1CE418446C->edec9b8f-c318-426f-83f9-f44e945268a2: receive RaftClientReply:client-AC1CE418446C->edec9b8f-c318-426f-83f9-f44e945268a2@group-352661ED3FD5, cid=2537, SUCCESS, logIndex=3760, commits[edec9b8f-c318-426f-83f9-f44e945268a2:c3760, 02a03aee-1dd1-43c9-94ca-c76e2a537489:c3758, 9fb73170-bb25-48da-afcf-6f1f9e11598f:c3758]
2019-07-10 10:42:56,548 INFO  client.GrpcClientProtocolClient (GrpcClientProtocolClient.java:onNext(255)) - client-AC1CE418446C->edec9b8f-c318-426f-83f9-f44e945268a2: receive RaftClientReply:client-AC1CE418446C->edec9b8f-c318-426f-83f9-f44e945268a2@group-352661ED3FD5, cid=2538, SUCCESS, logIndex=3763, commits[edec9b8f-c318-426f-83f9-f44e945268a2:c3764, 02a03aee-1dd1-43c9-94ca-c76e2a537489:c3760, 9fb73170-bb25-48da-afcf-6f1f9e11598f:c3760]
2019-07-10 10:42:56,549 INFO  client.GrpcClientProtocolClient (GrpcClientProtocolClient.java:onNext(255)) - client-AC1CE418446C->edec9b8f-c318-426f-83f9-f44e945268a2: receive RaftClientReply:client-AC1CE418446C->edec9b8f-c318-426f-83f9-f44e945268a2@group-352661ED3FD5, cid=2539, SUCCESS, logIndex=3764, commits[edec9b8f-c318-426f-83f9-f44e945268a2:c3764, 02a03aee-1dd1-43c9-94ca-c76e2a537489:c3760, 9fb73170-bb25-48da-afcf-6f1f9e11598f:c3760]
2019-07-10 10:42:56,563 INFO  client.GrpcClientProtocolClient (GrpcClientProtocolClient.java:onNext(255)) - client-AC1CE418446C->edec9b8f-c318-426f-83f9-f44e945268a2: receive RaftClientReply:client-AC1CE418446C->edec9b8f-c318-426f-83f9-f44e945268a2@group-352661ED3FD5, cid=2540, SUCCESS, logIndex=0, commits[edec9b8f-c318-426f-83f9-f44e945268a2:c3766, 02a03aee-1dd1-43c9-94ca-c76e2a537489:c3764, 9fb73170-bb25-48da-afcf-6f1f9e11598f:c3764]
2019-07-10 10:42:56,593 INFO  client.GrpcClientProtocolClient (GrpcClientProtocolClient.java:onNext(255)) - client-AC1CE418446C->edec9b8f-c318-426f-83f9-f44e945268a2: receive RaftClientReply:client-AC1CE418446C->edec9b8f-c318-426f-83f9-f44e945268a2@group-352661ED3FD5, cid=2541, SUCCESS, logIndex=3767, commits[edec9b8f-c318-426f-83f9-f44e945268a2:c3768, 02a03aee-1dd1-43c9-94ca-c76e2a537489:c3766, 9fb73170-bb25-48da-afcf-6f1f9e11598f:c3766]
2019-07-10 10:42:56,594 INFO  client.GrpcClientProtocolClient (GrpcClientProtocolClient.java:onNext(255)) - client-AC1CE418446C->edec9b8f-c318-426f-83f9-f44e945268a2: receive RaftClientReply:client-AC1CE418446C->edec9b8f-c318-426f-83f9-f44e945268a2@group-352661ED3FD5, cid=2542, SUCCESS, logIndex=3768, commits[edec9b8f-c318-426f-83f9-f44e945268a2:c3768, 02a03aee-1dd1-43c9-94ca-c76e2a537489:c3766, 9fb73170-bb25-48da-afcf-6f1f9e11598f:c3766]
2019-07-10 10:42:56,594 INFO  client.GrpcClientProtocolClient (GrpcClientProtocolClient.java:onNext(255)) - client-AC1CE418446C->edec9b8f-c318-426f-83f9-f44e945268a2: receive RaftClientReply:client-AC1CE418446C->edec9b8f-c318-426f-83f9-f44e945268a2@group-352661ED3FD5, cid=2543, SUCCESS, logIndex=3769, commits[edec9b8f-c318-426f-83f9-f44e945268a2:c3770, 02a03aee-1dd1-43c9-94ca-c76e2a537489:c3766, 9fb73170-bb25-48da-afcf-6f1f9e11598f:c3766]
2019-07-10 10:42:56,595 INFO  client.GrpcClientProtocolClient (GrpcClientProtocolClient.java:onNext(255)) - client-AC1CE418446C->edec9b8f-c318-426f-83f9-f44e945268a2: receive RaftClientReply:client-AC1CE418446C->edec9b8f-c318-426f-83f9-f44e945268a2@group-352661ED3FD5, cid=2544, SUCCESS, logIndex=3770, commits[edec9b8f-c318-426f-83f9-f44e945268a2:c3770, 02a03aee-1dd1-43c9-94ca-c76e2a537489:c3766, 9fb73170-bb25-48da-afcf-6f1f9e11598f:c3766]
2019-07-10 10:42:56,607 INFO  client.GrpcClientProtocolClient (GrpcClientProtocolClient.java:onNext(255)) - client-AC1CE418446C->edec9b8f-c318-426f-83f9-f44e945268a2: receive RaftClientReply:client-AC1CE418446C->edec9b8f-c318-426f-83f9-f44e945268a2@group-352661ED3FD5, cid=2545, SUCCESS, logIndex=0, commits[edec9b8f-c318-426f-83f9-f44e945268a2:c3772, 02a03aee-1dd1-43c9-94ca-c76e2a537489:c3768, 9fb73170-bb25-48da-afcf-6f1f9e11598f:c3768]
2019-07-10 10:42:56,628 INFO  client.GrpcClientProtocolClient (GrpcClientProtocolClient.java:onNext(255)) - client-AC1CE418446C->edec9b8f-c318-426f-83f9-f44e945268a2: receive RaftClientReply:client-AC1CE418446C->edec9b8f-c318-426f-83f9-f44e945268a2@group-352661ED3FD5, cid=2546, SUCCESS, logIndex=3775, commits[edec9b8f-c318-426f-83f9-f44e945268a2:c3776, 02a03aee-1dd1-43c9-94ca-c76e2a537489:c3774, 9fb73170-bb25-48da-afcf-6f1f9e11598f:c3774]
2019-07-10 10:42:56,628 INFO  client.GrpcClientProtocolClient (GrpcClientProtocolClient.java:onNext(255)) - client-AC1CE418446C->edec9b8f-c318-426f-83f9-f44e945268a2: receive RaftClientReply:client-AC1CE418446C->edec9b8f-c318-426f-83f9-f44e945268a2@group-352661ED3FD5, cid=2547, SUCCESS, logIndex=3776, commits[edec9b8f-c318-426f-83f9-f44e945268a2:c3776, 02a03aee-1dd1-43c9-94ca-c76e2a537489:c3774, 9fb73170-bb25-48da-afcf-6f1f9e11598f:c3774]
2019-07-10 10:42:56,644 INFO  client.GrpcClientProtocolClient (GrpcClientProtocolClient.java:onNext(255)) - client-AC1CE418446C->edec9b8f-c318-426f-83f9-f44e945268a2: receive RaftClientReply:client-AC1CE418446C->edec9b8f-c318-426f-83f9-f44e945268a2@group-352661ED3FD5, cid=2548, SUCCESS, logIndex=3779, commits[edec9b8f-c318-426f-83f9-f44e945268a2:c3780, 02a03aee-1dd1-43c9-94ca-c76e2a537489:c3776, 9fb73170-bb25-48da-afcf-6f1f9e11598f:c3776]
2019-07-10 10:42:56,645 INFO  client.GrpcClientProtocolClient (GrpcClientProtocolClient.java:onNext(255)) - client-AC1CE418446C->edec9b8f-c318-426f-83f9-f44e945268a2: receive RaftClientReply:client-AC1CE418446C->edec9b8f-c318-426f-83f9-f44e945268a2@group-352661ED3FD5, cid=2549, SUCCESS, logIndex=3780, commits[edec9b8f-c318-426f-83f9-f44e945268a2:c3780, 02a03aee-1dd1-43c9-94ca-c76e2a537489:c3776, 9fb73170-bb25-48da-afcf-6f1f9e11598f:c3776]
2019-07-10 10:42:56,659 INFO  client.GrpcClientProtocolClient (GrpcClientProtocolClient.java:onNext(255)) - client-AC1CE418446C->edec9b8f-c318-426f-83f9-f44e945268a2: receive RaftClientReply:client-AC1CE418446C->edec9b8f-c318-426f-83f9-f44e945268a2@group-352661ED3FD5, cid=2550, SUCCESS, logIndex=0, commits[edec9b8f-c318-426f-83f9-f44e945268a2:c3782, 02a03aee-1dd1-43c9-94ca-c76e2a537489:c3780, 9fb73170-bb25-48da-afcf-6f1f9e11598f:c3780]
2019-07-10 10:42:56,699 INFO  client.GrpcClientProtocolClient (GrpcClientProtocolClient.java:onNext(255)) - client-AC1CE418446C->edec9b8f-c318-426f-83f9-f44e945268a2: receive RaftClientReply:client-AC1CE418446C->edec9b8f-c318-426f-83f9-f44e945268a2@group-352661ED3FD5, cid=2551, SUCCESS, logIndex=3783, commits[edec9b8f-c318-426f-83f9-f44e945268a2:c3784, 02a03aee-1dd1-43c9-94ca-c76e2a537489:c3782, 9fb73170-bb25-48da-afcf-6f1f9e11598f:c3782]
2019-07-10 10:42:56,700 INFO  client.GrpcClientProtocolClient (GrpcClientProtocolClient.java:onNext(255)) - client-AC1CE418446C->edec9b8f-c318-426f-83f9-f44e945268a2: receive RaftClientReply:client-AC1CE418446C->edec9b8f-c318-426f-83f9-f44e945268a2@group-352661ED3FD5, cid=2552, SUCCESS, logIndex=3784, commits[edec9b8f-c318-426f-83f9-f44e945268a2:c3785, 02a03aee-1dd1-43c9-94ca-c76e2a537489:c3782, 9fb73170-bb25-48da-afcf-6f1f9e11598f:c3782]
2019-07-10 10:42:56,700 INFO  client.GrpcClientProtocolClient (GrpcClientProtocolClient.java:onNext(255)) - client-AC1CE418446C->edec9b8f-c318-426f-83f9-f44e945268a2: receive RaftClientReply:client-AC1CE418446C->edec9b8f-c318-426f-83f9-f44e945268a2@group-352661ED3FD5, cid=2553, SUCCESS, logIndex=3785, commits[edec9b8f-c318-426f-83f9-f44e945268a2:c3786, 02a03aee-1dd1-43c9-94ca-c76e2a537489:c3782, 9fb73170-bb25-48da-afcf-6f1f9e11598f:c3782]
2019-07-10 10:42:56,700 INFO  client.GrpcClientProtocolClient (GrpcClientProtocolClient.java:onNext(255)) - client-AC1CE418446C->edec9b8f-c318-426f-83f9-f44e945268a2: receive RaftClientReply:client-AC1CE418446C->edec9b8f-c318-426f-83f9-f44e945268a2@group-352661ED3FD5, cid=2554, SUCCESS, logIndex=3786, commits[edec9b8f-c318-426f-83f9-f44e945268a2:c3786, 02a03aee-1dd1-43c9-94ca-c76e2a537489:c3782, 9fb73170-bb25-48da-afcf-6f1f9e11598f:c3782]
2019-07-10 10:42:56,719 INFO  client.GrpcClientProtocolClient (GrpcClientProtocolClient.java:onNext(255)) - client-AC1CE418446C->edec9b8f-c318-426f-83f9-f44e945268a2: receive RaftClientReply:client-AC1CE418446C->edec9b8f-c318-426f-83f9-f44e945268a2@group-352661ED3FD5, cid=2555, SUCCESS, logIndex=0, commits[edec9b8f-c318-426f-83f9-f44e945268a2:c3788, 02a03aee-1dd1-43c9-94ca-c76e2a537489:c3785, 9fb73170-bb25-48da-afcf-6f1f9e11598f:c3785]
2019-07-10 10:42:56,732 INFO  client.GrpcClientProtocolClient (GrpcClientProtocolClient.java:onNext(255)) - client-AC1CE418446C->edec9b8f-c318-426f-83f9-f44e945268a2: receive RaftClientReply:client-AC1CE418446C->edec9b8f-c318-426f-83f9-f44e945268a2@group-352661ED3FD5, cid=2556, SUCCESS, logIndex=3791, commits[edec9b8f-c318-426f-83f9-f44e945268a2:c3792, 02a03aee-1dd1-43c9-94ca-c76e2a537489:c3790, 9fb73170-bb25-48da-afcf-6f1f9e11598f:c3790]
2019-07-10 10:42:56,733 INFO  client.GrpcClientProtocolClient (GrpcClientProtocolClient.java:onNext(255)) - client-AC1CE418446C->edec9b8f-c318-426f-83f9-f44e945268a2: receive RaftClientReply:client-AC1CE418446C->edec9b8f-c318-426f-83f9-f44e945268a2@group-352661ED3FD5, cid=2557, SUCCESS, logIndex=3792, commits[edec9b8f-c318-426f-83f9-f44e945268a2:c3792, 02a03aee-1dd1-43c9-94ca-c76e2a537489:c3790, 9fb73170-bb25-48da-afcf-6f1f9e11598f:c3790]
2019-07-10 10:42:56,748 INFO  client.GrpcClientProtocolClient (GrpcClientProtocolClient.java:onNext(255)) - client-AC1CE418446C->edec9b8f-c318-426f-83f9-f44e945268a2: receive RaftClientReply:client-AC1CE418446C->edec9b8f-c318-426f-83f9-f44e945268a2@group-352661ED3FD5, cid=2558, SUCCESS, logIndex=3795, commits[edec9b8f-c318-426f-83f9-f44e945268a2:c3796, 02a03aee-1dd1-43c9-94ca-c76e2a537489:c3792, 9fb73170-bb25-48da-afcf-6f1f9e11598f:c3792]
2019-07-10 10:42:56,748 INFO  client.GrpcClientProtocolClient (GrpcClientProtocolClient.java:onNext(255)) - client-AC1CE418446C->edec9b8f-c318-426f-83f9-f44e945268a2: receive RaftClientReply:client-AC1CE418446C->edec9b8f-c318-426f-83f9-f44e945268a2@group-352661ED3FD5, cid=2559, SUCCESS, logIndex=3796, commits[edec9b8f-c318-426f-83f9-f44e945268a2:c3796, 02a03aee-1dd1-43c9-94ca-c76e2a537489:c3792, 9fb73170-bb25-48da-afcf-6f1f9e11598f:c3792]
2019-07-10 10:42:56,762 INFO  client.GrpcClientProtocolClient (GrpcClientProtocolClient.java:onNext(255)) - client-AC1CE418446C->edec9b8f-c318-426f-83f9-f44e945268a2: receive RaftClientReply:client-AC1CE418446C->edec9b8f-c318-426f-83f9-f44e945268a2@group-352661ED3FD5, cid=2560, SUCCESS, logIndex=0, commits[edec9b8f-c318-426f-83f9-f44e945268a2:c3798, 02a03aee-1dd1-43c9-94ca-c76e2a537489:c3796, 9fb73170-bb25-48da-afcf-6f1f9e11598f:c3796]
2019-07-10 10:42:56,792 INFO  client.GrpcClientProtocolClient (GrpcClientProtocolClient.java:onNext(255)) - client-AC1CE418446C->edec9b8f-c318-426f-83f9-f44e945268a2: receive RaftClientReply:client-AC1CE418446C->edec9b8f-c318-426f-83f9-f44e945268a2@group-352661ED3FD5, cid=2561, SUCCESS, logIndex=3799, commits[edec9b8f-c318-426f-83f9-f44e945268a2:c3801, 02a03aee-1dd1-43c9-94ca-c76e2a537489:c3798, 9fb73170-bb25-48da-afcf-6f1f9e11598f:c3798]
2019-07-10 10:42:56,793 INFO  client.GrpcClientProtocolClient (GrpcClientProtocolClient.java:onNext(255)) - client-AC1CE418446C->edec9b8f-c318-426f-83f9-f44e945268a2: receive RaftClientReply:client-AC1CE418446C->edec9b8f-c318-426f-83f9-f44e945268a2@group-352661ED3FD5, cid=2562, SUCCESS, logIndex=3800, commits[edec9b8f-c318-426f-83f9-f44e945268a2:c3802, 02a03aee-1dd1-43c9-94ca-c76e2a537489:c3798, 9fb73170-bb25-48da-afcf-6f1f9e11598f:c3798]
2019-07-10 10:42:56,793 INFO  client.GrpcClientProtocolClient (GrpcClientProtocolClient.java:onNext(255)) - client-AC1CE418446C->edec9b8f-c318-426f-83f9-f44e945268a2: receive RaftClientReply:client-AC1CE418446C->edec9b8f-c318-426f-83f9-f44e945268a2@group-352661ED3FD5, cid=2563, SUCCESS, logIndex=3801, commits[edec9b8f-c318-426f-83f9-f44e945268a2:c3802, 02a03aee-1dd1-43c9-94ca-c76e2a537489:c3798, 9fb73170-bb25-48da-afcf-6f1f9e11598f:c3798]
2019-07-10 10:42:56,793 INFO  client.GrpcClientProtocolClient (GrpcClientProtocolClient.java:onNext(255)) - client-AC1CE418446C->edec9b8f-c318-426f-83f9-f44e945268a2: receive RaftClientReply:client-AC1CE418446C->edec9b8f-c318-426f-83f9-f44e945268a2@group-352661ED3FD5, cid=2564, SUCCESS, logIndex=3802, commits[edec9b8f-c318-426f-83f9-f44e945268a2:c3802, 02a03aee-1dd1-43c9-94ca-c76e2a537489:c3798, 9fb73170-bb25-48da-afcf-6f1f9e11598f:c3798]
2019-07-10 10:42:56,806 INFO  client.GrpcClientProtocolClient (GrpcClientProtocolClient.java:onNext(255)) - client-AC1CE418446C->edec9b8f-c318-426f-83f9-f44e945268a2: receive RaftClientReply:client-AC1CE418446C->edec9b8f-c318-426f-83f9-f44e945268a2@group-352661ED3FD5, cid=2565, SUCCESS, logIndex=0, commits[edec9b8f-c318-426f-83f9-f44e945268a2:c3805, 02a03aee-1dd1-43c9-94ca-c76e2a537489:c3800, 9fb73170-bb25-48da-afcf-6f1f9e11598f:c3801]
2019-07-10 10:42:56,827 INFO  client.GrpcClientProtocolClient (GrpcClientProtocolClient.java:onNext(255)) - client-AC1CE418446C->edec9b8f-c318-426f-83f9-f44e945268a2: receive RaftClientReply:client-AC1CE418446C->edec9b8f-c318-426f-83f9-f44e945268a2@group-352661ED3FD5, cid=2566, SUCCESS, logIndex=3807, commits[edec9b8f-c318-426f-83f9-f44e945268a2:c3808, 02a03aee-1dd1-43c9-94ca-c76e2a537489:c3806, 9fb73170-bb25-48da-afcf-6f1f9e11598f:c3806]
2019-07-10 10:42:56,827 INFO  client.GrpcClientProtocolClient (GrpcClientProtocolClient.java:onNext(255)) - client-AC1CE418446C->edec9b8f-c318-426f-83f9-f44e945268a2: receive RaftClientReply:client-AC1CE418446C->edec9b8f-c318-426f-83f9-f44e945268a2@group-352661ED3FD5, cid=2567, SUCCESS, logIndex=3808, commits[edec9b8f-c318-426f-83f9-f44e945268a2:c3808, 02a03aee-1dd1-43c9-94ca-c76e2a537489:c3806, 9fb73170-bb25-48da-afcf-6f1f9e11598f:c3806]
2019-07-10 10:42:56,852 INFO  client.GrpcClientProtocolClient (GrpcClientProtocolClient.java:onNext(255)) - client-AC1CE418446C->edec9b8f-c318-426f-83f9-f44e945268a2: receive RaftClientReply:client-AC1CE418446C->edec9b8f-c318-426f-83f9-f44e945268a2@group-352661ED3FD5, cid=2568, SUCCESS, logIndex=3811, commits[edec9b8f-c318-426f-83f9-f44e945268a2:c3812, 02a03aee-1dd1-43c9-94ca-c76e2a537489:c3808, 9fb73170-bb25-48da-afcf-6f1f9e11598f:c3808]
2019-07-10 10:42:56,853 INFO  client.GrpcClientProtocolClient (GrpcClientProtocolClient.java:onNext(255)) - client-AC1CE418446C->edec9b8f-c318-426f-83f9-f44e945268a2: receive RaftClientReply:client-AC1CE418446C->edec9b8f-c318-426f-83f9-f44e945268a2@group-352661ED3FD5, cid=2569, SUCCESS, logIndex=3812, commits[edec9b8f-c318-426f-83f9-f44e945268a2:c3812, 02a03aee-1dd1-43c9-94ca-c76e2a537489:c3808, 9fb73170-bb25-48da-afcf-6f1f9e11598f:c3808]
2019-07-10 10:42:56,877 INFO  client.GrpcClientProtocolClient (GrpcClientProtocolClient.java:onNext(255)) - client-AC1CE418446C->edec9b8f-c318-426f-83f9-f44e945268a2: receive RaftClientReply:client-AC1CE418446C->edec9b8f-c318-426f-83f9-f44e945268a2@group-352661ED3FD5, cid=2570, SUCCESS, logIndex=0, commits[edec9b8f-c318-426f-83f9-f44e945268a2:c3814, 02a03aee-1dd1-43c9-94ca-c76e2a537489:c3812, 9fb73170-bb25-48da-afcf-6f1f9e11598f:c3812]
2019-07-10 10:42:56,896 INFO  client.GrpcClientProtocolClient (GrpcClientProtocolClient.java:onNext(255)) - client-AC1CE418446C->edec9b8f-c318-426f-83f9-f44e945268a2: receive RaftClientReply:client-AC1CE418446C->edec9b8f-c318-426f-83f9-f44e945268a2@group-352661ED3FD5, cid=2571, SUCCESS, logIndex=3815, commits[edec9b8f-c318-426f-83f9-f44e945268a2:c3816, 02a03aee-1dd1-43c9-94ca-c76e2a537489:c3814, 9fb73170-bb25-48da-afcf-6f1f9e11598f:c3812]
2019-07-10 10:42:56,897 INFO  client.GrpcClientProtocolClient (GrpcClientProtocolClient.java:onNext(255)) - client-AC1CE418446C->edec9b8f-c318-426f-83f9-f44e945268a2: receive RaftClientReply:client-AC1CE418446C->edec9b8f-c318-426f-83f9-f44e945268a2@group-352661ED3FD5, cid=2572, SUCCESS, logIndex=3816, commits[edec9b8f-c318-426f-83f9-f44e945268a2:c3816, 02a03aee-1dd1-43c9-94ca-c76e2a537489:c3814, 9fb73170-bb25-48da-afcf-6f1f9e11598f:c3812]
2019-07-10 10:42:56,898 INFO  client.GrpcClientProtocolClient (GrpcClientProtocolClient.java:onNext(255)) - client-AC1CE418446C->edec9b8f-c318-426f-83f9-f44e945268a2: receive RaftClientReply:client-AC1CE418446C->edec9b8f-c318-426f-83f9-f44e945268a2@group-352661ED3FD5, cid=2573, SUCCESS, logIndex=3817, commits[edec9b8f-c318-426f-83f9-f44e945268a2:c3818, 02a03aee-1dd1-43c9-94ca-c76e2a537489:c3814, 9fb73170-bb25-48da-afcf-6f1f9e11598f:c3814]
2019-07-10 10:42:56,898 INFO  client.GrpcClientProtocolClient (GrpcClientProtocolClient.java:onNext(255)) - client-AC1CE418446C->edec9b8f-c318-426f-83f9-f44e945268a2: receive RaftClientReply:client-AC1CE418446C->edec9b8f-c318-426f-83f9-f44e945268a2@group-352661ED3FD5, cid=2574, SUCCESS, logIndex=3818, commits[edec9b8f-c318-426f-83f9-f44e945268a2:c3818, 02a03aee-1dd1-43c9-94ca-c76e2a537489:c3814, 9fb73170-bb25-48da-afcf-6f1f9e11598f:c3814]
2019-07-10 10:42:56,902 INFO  client.GrpcClientProtocolClient (GrpcClientProtocolClient.java:onNext(255)) - client-AC1CE418446C->edec9b8f-c318-426f-83f9-f44e945268a2: receive RaftClientReply:client-AC1CE418446C->edec9b8f-c318-426f-83f9-f44e945268a2@group-352661ED3FD5, cid=2575, SUCCESS, logIndex=0, commits[edec9b8f-c318-426f-83f9-f44e945268a2:c3820, 02a03aee-1dd1-43c9-94ca-c76e2a537489:c3816, 9fb73170-bb25-48da-afcf-6f1f9e11598f:c3816]
2019-07-10 10:42:56,913 INFO  client.GrpcClientProtocolClient (GrpcClientProtocolClient.java:onNext(255)) - client-AC1CE418446C->edec9b8f-c318-426f-83f9-f44e945268a2: receive RaftClientReply:client-AC1CE418446C->edec9b8f-c318-426f-83f9-f44e945268a2@group-352661ED3FD5, cid=2576, SUCCESS, logIndex=3823, commits[edec9b8f-c318-426f-83f9-f44e945268a2:c3824, 02a03aee-1dd1-43c9-94ca-c76e2a537489:c3818, 9fb73170-bb25-48da-afcf-6f1f9e11598f:c3822]
2019-07-10 10:42:56,914 INFO  client.GrpcClientProtocolClient (GrpcClientProtocolClient.java:onNext(255)) - client-AC1CE418446C->edec9b8f-c318-426f-83f9-f44e945268a2: receive RaftClientReply:client-AC1CE418446C->edec9b8f-c318-426f-83f9-f44e945268a2@group-352661ED3FD5, cid=2577, SUCCESS, logIndex=3824, commits[edec9b8f-c318-426f-83f9-f44e945268a2:c3824, 02a03aee-1dd1-43c9-94ca-c76e2a537489:c3822, 9fb73170-bb25-48da-afcf-6f1f9e11598f:c3822]
2019-07-10 10:42:56,925 INFO  client.GrpcClientProtocolClient (GrpcClientProtocolClient.java:onNext(255)) - client-AC1CE418446C->edec9b8f-c318-426f-83f9-f44e945268a2: receive RaftClientReply:client-AC1CE418446C->edec9b8f-c318-426f-83f9-f44e945268a2@group-352661ED3FD5, cid=2578, SUCCESS, logIndex=3827, commits[edec9b8f-c318-426f-83f9-f44e945268a2:c3828, 02a03aee-1dd1-43c9-94ca-c76e2a537489:c3826, 9fb73170-bb25-48da-afcf-6f1f9e11598f:c3826]
2019-07-10 10:42:56,925 INFO  client.GrpcClientProtocolClient (GrpcClientProtocolClient.java:onNext(255)) - client-AC1CE418446C->edec9b8f-c318-426f-83f9-f44e945268a2: receive RaftClientReply:client-AC1CE418446C->edec9b8f-c318-426f-83f9-f44e945268a2@group-352661ED3FD5, cid=2579, SUCCESS, logIndex=3828, commits[edec9b8f-c318-426f-83f9-f44e945268a2:c3828, 02a03aee-1dd1-43c9-94ca-c76e2a537489:c3826, 9fb73170-bb25-48da-afcf-6f1f9e11598f:c3826]
2019-07-10 10:42:56,927 INFO  client.GrpcClientProtocolClient (GrpcClientProtocolClient.java:onNext(255)) - client-AC1CE418446C->edec9b8f-c318-426f-83f9-f44e945268a2: receive RaftClientReply:client-AC1CE418446C->edec9b8f-c318-426f-83f9-f44e945268a2@group-352661ED3FD5, cid=2580, SUCCESS, logIndex=0, commits[edec9b8f-c318-426f-83f9-f44e945268a2:c3829, 02a03aee-1dd1-43c9-94ca-c76e2a537489:c3828, 9fb73170-bb25-48da-afcf-6f1f9e11598f:c3828]
2019-07-10 10:42:56,944 INFO  client.GrpcClientProtocolClient (GrpcClientProtocolClient.java:onNext(255)) - client-AC1CE418446C->edec9b8f-c318-426f-83f9-f44e945268a2: receive RaftClientReply:client-AC1CE418446C->edec9b8f-c318-426f-83f9-f44e945268a2@group-352661ED3FD5, cid=2581, SUCCESS, logIndex=3831, commits[edec9b8f-c318-426f-83f9-f44e945268a2:c3832, 02a03aee-1dd1-43c9-94ca-c76e2a537489:c3830, 9fb73170-bb25-48da-afcf-6f1f9e11598f:c3830]
2019-07-10 10:42:56,945 INFO  client.GrpcClientProtocolClient (GrpcClientProtocolClient.java:onNext(255)) - client-AC1CE418446C->edec9b8f-c318-426f-83f9-f44e945268a2: receive RaftClientReply:client-AC1CE418446C->edec9b8f-c318-426f-83f9-f44e945268a2@group-352661ED3FD5, cid=2582, SUCCESS, logIndex=3832, commits[edec9b8f-c318-426f-83f9-f44e945268a2:c3832, 02a03aee-1dd1-43c9-94ca-c76e2a537489:c3830, 9fb73170-bb25-48da-afcf-6f1f9e11598f:c3830]
2019-07-10 10:42:56,946 INFO  client.GrpcClientProtocolClient (GrpcClientProtocolClient.java:onNext(255)) - client-AC1CE418446C->edec9b8f-c318-426f-83f9-f44e945268a2: receive RaftClientReply:client-AC1CE418446C->edec9b8f-c318-426f-83f9-f44e945268a2@group-352661ED3FD5, cid=2583, SUCCESS, logIndex=3833, commits[edec9b8f-c318-426f-83f9-f44e945268a2:c3834, 02a03aee-1dd1-43c9-94ca-c76e2a537489:c3830, 9fb73170-bb25-48da-afcf-6f1f9e11598f:c3830]
2019-07-10 10:42:56,946 INFO  client.GrpcClientProtocolClient (GrpcClientProtocolClient.java:onNext(255)) - client-AC1CE418446C->edec9b8f-c318-426f-83f9-f44e945268a2: receive RaftClientReply:client-AC1CE418446C->edec9b8f-c318-426f-83f9-f44e945268a2@group-352661ED3FD5, cid=2584, SUCCESS, logIndex=3834, commits[edec9b8f-c318-426f-83f9-f44e945268a2:c3834, 02a03aee-1dd1-43c9-94ca-c76e2a537489:c3830, 9fb73170-bb25-48da-afcf-6f1f9e11598f:c3830]
2019-07-10 10:42:56,948 INFO  client.GrpcClientProtocolClient (GrpcClientProtocolClient.java:onNext(255)) - client-AC1CE418446C->edec9b8f-c318-426f-83f9-f44e945268a2: receive RaftClientReply:client-AC1CE418446C->edec9b8f-c318-426f-83f9-f44e945268a2@group-352661ED3FD5, cid=2585, SUCCESS, logIndex=0, commits[edec9b8f-c318-426f-83f9-f44e945268a2:c3835, 02a03aee-1dd1-43c9-94ca-c76e2a537489:c3832, 9fb73170-bb25-48da-afcf-6f1f9e11598f:c3832]
2019-07-10 10:42:56,972 INFO  client.GrpcClientProtocolClient (GrpcClientProtocolClient.java:onNext(255)) - client-AC1CE418446C->edec9b8f-c318-426f-83f9-f44e945268a2: receive RaftClientReply:client-AC1CE418446C->edec9b8f-c318-426f-83f9-f44e945268a2@group-352661ED3FD5, cid=2586, SUCCESS, logIndex=3838, commits[edec9b8f-c318-426f-83f9-f44e945268a2:c3839, 02a03aee-1dd1-43c9-94ca-c76e2a537489:c3837, 9fb73170-bb25-48da-afcf-6f1f9e11598f:c3837]
2019-07-10 10:42:56,972 INFO  client.GrpcClientProtocolClient (GrpcClientProtocolClient.java:onNext(255)) - client-AC1CE418446C->edec9b8f-c318-426f-83f9-f44e945268a2: receive RaftClientReply:client-AC1CE418446C->edec9b8f-c318-426f-83f9-f44e945268a2@group-352661ED3FD5, cid=2587, SUCCESS, logIndex=3839, commits[edec9b8f-c318-426f-83f9-f44e945268a2:c3839, 02a03aee-1dd1-43c9-94ca-c76e2a537489:c3837, 9fb73170-bb25-48da-afcf-6f1f9e11598f:c3837]
2019-07-10 10:42:56,985 INFO  client.GrpcClientProtocolClient (GrpcClientProtocolClient.java:onNext(255)) - client-AC1CE418446C->edec9b8f-c318-426f-83f9-f44e945268a2: receive RaftClientReply:client-AC1CE418446C->edec9b8f-c318-426f-83f9-f44e945268a2@group-352661ED3FD5, cid=2588, SUCCESS, logIndex=3842, commits[edec9b8f-c318-426f-83f9-f44e945268a2:c3842, 02a03aee-1dd1-43c9-94ca-c76e2a537489:c3839, 9fb73170-bb25-48da-afcf-6f1f9e11598f:c3839]
2019-07-10 10:42:56,985 INFO  client.GrpcClientProtocolClient (GrpcClientProtocolClient.java:onNext(255)) - client-AC1CE418446C->edec9b8f-c318-426f-83f9-f44e945268a2: receive RaftClientReply:client-AC1CE418446C->edec9b8f-c318-426f-83f9-f44e945268a2@group-352661ED3FD5, cid=2589, SUCCESS, logIndex=3843, commits[edec9b8f-c318-426f-83f9-f44e945268a2:c3843, 02a03aee-1dd1-43c9-94ca-c76e2a537489:c3839, 9fb73170-bb25-48da-afcf-6f1f9e11598f:c3839]
2019-07-10 10:42:56,999 INFO  client.GrpcClientProtocolClient (GrpcClientProtocolClient.java:onNext(255)) - client-AC1CE418446C->edec9b8f-c318-426f-83f9-f44e945268a2: receive RaftClientReply:client-AC1CE418446C->edec9b8f-c318-426f-83f9-f44e945268a2@group-352661ED3FD5, cid=2590, SUCCESS, logIndex=0, commits[edec9b8f-c318-426f-83f9-f44e945268a2:c3845, 02a03aee-1dd1-43c9-94ca-c76e2a537489:c3843, 9fb73170-bb25-48da-afcf-6f1f9e11598f:c3843]
2019-07-10 10:42:57,027 INFO  client.GrpcClientProtocolClient (GrpcClientProtocolClient.java:onNext(255)) - client-AC1CE418446C->edec9b8f-c318-426f-83f9-f44e945268a2: receive RaftClientReply:client-AC1CE418446C->edec9b8f-c318-426f-83f9-f44e945268a2@group-352661ED3FD5, cid=2591, SUCCESS, logIndex=3846, commits[edec9b8f-c318-426f-83f9-f44e945268a2:c3847, 02a03aee-1dd1-43c9-94ca-c76e2a537489:c3845, 9fb73170-bb25-48da-afcf-6f1f9e11598f:c3845]
2019-07-10 10:42:57,028 INFO  client.GrpcClientProtocolClient (GrpcClientProtocolClient.java:onNext(255)) - client-AC1CE418446C->edec9b8f-c318-426f-83f9-f44e945268a2: receive RaftClientReply:client-AC1CE418446C->edec9b8f-c318-426f-83f9-f44e945268a2@group-352661ED3FD5, cid=2592, SUCCESS, logIndex=3847, commits[edec9b8f-c318-426f-83f9-f44e945268a2:c3849, 02a03aee-1dd1-43c9-94ca-c76e2a537489:c3845, 9fb73170-bb25-48da-afcf-6f1f9e11598f:c3845]
2019-07-10 10:42:57,028 INFO  client.GrpcClientProtocolClient (GrpcClientProtocolClient.java:onNext(255)) - client-AC1CE418446C->edec9b8f-c318-426f-83f9-f44e945268a2: receive RaftClientReply:client-AC1CE418446C->edec9b8f-c318-426f-83f9-f44e945268a2@group-352661ED3FD5, cid=2593, SUCCESS, logIndex=3848, commits[edec9b8f-c318-426f-83f9-f44e945268a2:c3849, 02a03aee-1dd1-43c9-94ca-c76e2a537489:c3845, 9fb73170-bb25-48da-afcf-6f1f9e11598f:c3845]
2019-07-10 10:42:57,029 INFO  client.GrpcClientProtocolClient (GrpcClientProtocolClient.java:onNext(255)) - client-AC1CE418446C->edec9b8f-c318-426f-83f9-f44e945268a2: receive RaftClientReply:client-AC1CE418446C->edec9b8f-c318-426f-83f9-f44e945268a2@group-352661ED3FD5, cid=2594, SUCCESS, logIndex=3849, commits[edec9b8f-c318-426f-83f9-f44e945268a2:c3849, 02a03aee-1dd1-43c9-94ca-c76e2a537489:c3845, 9fb73170-bb25-48da-afcf-6f1f9e11598f:c3845]
2019-07-10 10:42:57,042 INFO  client.GrpcClientProtocolClient (GrpcClientProtocolClient.java:onNext(255)) - client-AC1CE418446C->edec9b8f-c318-426f-83f9-f44e945268a2: receive RaftClientReply:client-AC1CE418446C->edec9b8f-c318-426f-83f9-f44e945268a2@group-352661ED3FD5, cid=2595, SUCCESS, logIndex=0, commits[edec9b8f-c318-426f-83f9-f44e945268a2:c3853, 02a03aee-1dd1-43c9-94ca-c76e2a537489:c3849, 9fb73170-bb25-48da-afcf-6f1f9e11598f:c3847]
2019-07-10 10:42:57,061 INFO  client.GrpcClientProtocolClient (GrpcClientProtocolClient.java:onNext(255)) - client-AC1CE418446C->edec9b8f-c318-426f-83f9-f44e945268a2: receive RaftClientReply:client-AC1CE418446C->edec9b8f-c318-426f-83f9-f44e945268a2@group-352661ED3FD5, cid=2596, SUCCESS, logIndex=3854, commits[edec9b8f-c318-426f-83f9-f44e945268a2:c3855, 02a03aee-1dd1-43c9-94ca-c76e2a537489:c3853, 9fb73170-bb25-48da-afcf-6f1f9e11598f:c3853]
2019-07-10 10:42:57,062 INFO  client.GrpcClientProtocolClient (GrpcClientProtocolClient.java:onNext(255)) - client-AC1CE418446C->edec9b8f-c318-426f-83f9-f44e945268a2: receive RaftClientReply:client-AC1CE418446C->edec9b8f-c318-426f-83f9-f44e945268a2@group-352661ED3FD5, cid=2597, SUCCESS, logIndex=3855, commits[edec9b8f-c318-426f-83f9-f44e945268a2:c3855, 02a03aee-1dd1-43c9-94ca-c76e2a537489:c3853, 9fb73170-bb25-48da-afcf-6f1f9e11598f:c3853]
2019-07-10 10:42:57,087 INFO  client.GrpcClientProtocolClient (GrpcClientProtocolClient.java:onNext(255)) - client-AC1CE418446C->edec9b8f-c318-426f-83f9-f44e945268a2: receive RaftClientReply:client-AC1CE418446C->edec9b8f-c318-426f-83f9-f44e945268a2@group-352661ED3FD5, cid=2598, SUCCESS, logIndex=3858, commits[edec9b8f-c318-426f-83f9-f44e945268a2:c3859, 02a03aee-1dd1-43c9-94ca-c76e2a537489:c3855, 9fb73170-bb25-48da-afcf-6f1f9e11598f:c3855]
2019-07-10 10:42:57,087 INFO  client.GrpcClientProtocolClient (GrpcClientProtocolClient.java:onNext(255)) - client-AC1CE418446C->edec9b8f-c318-426f-83f9-f44e945268a2: receive RaftClientReply:client-AC1CE418446C->edec9b8f-c318-426f-83f9-f44e945268a2@group-352661ED3FD5, cid=2599, SUCCESS, logIndex=3859, commits[edec9b8f-c318-426f-83f9-f44e945268a2:c3859, 02a03aee-1dd1-43c9-94ca-c76e2a537489:c3855, 9fb73170-bb25-48da-afcf-6f1f9e11598f:c3855]
2019-07-10 10:42:57,098 INFO  client.GrpcClientProtocolClient (GrpcClientProtocolClient.java:onNext(255)) - client-AC1CE418446C->edec9b8f-c318-426f-83f9-f44e945268a2: receive RaftClientReply:client-AC1CE418446C->edec9b8f-c318-426f-83f9-f44e945268a2@group-352661ED3FD5, cid=2600, SUCCESS, logIndex=0, commits[edec9b8f-c318-426f-83f9-f44e945268a2:c3860, 02a03aee-1dd1-43c9-94ca-c76e2a537489:c3859, 9fb73170-bb25-48da-afcf-6f1f9e11598f:c3859]
2019-07-10 10:42:57,131 INFO  client.GrpcClientProtocolClient (GrpcClientProtocolClient.java:onNext(255)) - client-AC1CE418446C->edec9b8f-c318-426f-83f9-f44e945268a2: receive RaftClientReply:client-AC1CE418446C->edec9b8f-c318-426f-83f9-f44e945268a2@group-352661ED3FD5, cid=2601, SUCCESS, logIndex=3862, commits[edec9b8f-c318-426f-83f9-f44e945268a2:c3863, 02a03aee-1dd1-43c9-94ca-c76e2a537489:c3861, 9fb73170-bb25-48da-afcf-6f1f9e11598f:c3861]
2019-07-10 10:42:57,131 INFO  client.GrpcClientProtocolClient (GrpcClientProtocolClient.java:onNext(255)) - client-AC1CE418446C->edec9b8f-c318-426f-83f9-f44e945268a2: receive RaftClientReply:client-AC1CE418446C->edec9b8f-c318-426f-83f9-f44e945268a2@group-352661ED3FD5, cid=2602, SUCCESS, logIndex=3863, commits[edec9b8f-c318-426f-83f9-f44e945268a2:c3863, 02a03aee-1dd1-43c9-94ca-c76e2a537489:c3861, 9fb73170-bb25-48da-afcf-6f1f9e11598f:c3861]
2019-07-10 10:42:57,133 INFO  client.GrpcClientProtocolClient (GrpcClientProtocolClient.java:onNext(255)) - client-AC1CE418446C->edec9b8f-c318-426f-83f9-f44e945268a2: receive RaftClientReply:client-AC1CE418446C->edec9b8f-c318-426f-83f9-f44e945268a2@group-352661ED3FD5, cid=2603, SUCCESS, logIndex=3864, commits[edec9b8f-c318-426f-83f9-f44e945268a2:c3865, 02a03aee-1dd1-43c9-94ca-c76e2a537489:c3861, 9fb73170-bb25-48da-afcf-6f1f9e11598f:c3861]
2019-07-10 10:42:57,133 INFO  client.GrpcClientProtocolClient (GrpcClientProtocolClient.java:onNext(255)) - client-AC1CE418446C->edec9b8f-c318-426f-83f9-f44e945268a2: receive RaftClientReply:client-AC1CE418446C->edec9b8f-c318-426f-83f9-f44e945268a2@group-352661ED3FD5, cid=2604, SUCCESS, logIndex=3865, commits[edec9b8f-c318-426f-83f9-f44e945268a2:c3865, 02a03aee-1dd1-43c9-94ca-c76e2a537489:c3861, 9fb73170-bb25-48da-afcf-6f1f9e11598f:c3861]
2019-07-10 10:42:57,144 INFO  client.GrpcClientProtocolClient (GrpcClientProtocolClient.java:onNext(255)) - client-AC1CE418446C->edec9b8f-c318-426f-83f9-f44e945268a2: receive RaftClientReply:client-AC1CE418446C->edec9b8f-c318-426f-83f9-f44e945268a2@group-352661ED3FD5, cid=2605, SUCCESS, logIndex=0, commits[edec9b8f-c318-426f-83f9-f44e945268a2:c3867, 02a03aee-1dd1-43c9-94ca-c76e2a537489:c3863, 9fb73170-bb25-48da-afcf-6f1f9e11598f:c3863]
2019-07-10 10:42:57,165 INFO  client.GrpcClientProtocolClient (GrpcClientProtocolClient.java:onNext(255)) - client-AC1CE418446C->edec9b8f-c318-426f-83f9-f44e945268a2: receive RaftClientReply:client-AC1CE418446C->edec9b8f-c318-426f-83f9-f44e945268a2@group-352661ED3FD5, cid=2606, SUCCESS, logIndex=3870, commits[edec9b8f-c318-426f-83f9-f44e945268a2:c3870, 02a03aee-1dd1-43c9-94ca-c76e2a537489:c3869, 9fb73170-bb25-48da-afcf-6f1f9e11598f:c3869]
2019-07-10 10:42:57,165 INFO  client.GrpcClientProtocolClient (GrpcClientProtocolClient.java:onNext(255)) - client-AC1CE418446C->edec9b8f-c318-426f-83f9-f44e945268a2: receive RaftClientReply:client-AC1CE418446C->edec9b8f-c318-426f-83f9-f44e945268a2@group-352661ED3FD5, cid=2607, SUCCESS, logIndex=3871, commits[edec9b8f-c318-426f-83f9-f44e945268a2:c3871, 02a03aee-1dd1-43c9-94ca-c76e2a537489:c3869, 9fb73170-bb25-48da-afcf-6f1f9e11598f:c3869]
2019-07-10 10:42:57,276 INFO  client.GrpcClientProtocolClient (GrpcClientProtocolClient.java:onNext(255)) - client-AC1CE418446C->edec9b8f-c318-426f-83f9-f44e945268a2: receive RaftClientReply:client-AC1CE418446C->edec9b8f-c318-426f-83f9-f44e945268a2@group-352661ED3FD5, cid=2608, SUCCESS, logIndex=3874, commits[edec9b8f-c318-426f-83f9-f44e945268a2:c3875, 02a03aee-1dd1-43c9-94ca-c76e2a537489:c3871, 9fb73170-bb25-48da-afcf-6f1f9e11598f:c3871]
2019-07-10 10:42:57,276 INFO  client.GrpcClientProtocolClient (GrpcClientProtocolClient.java:onNext(255)) - client-AC1CE418446C->edec9b8f-c318-426f-83f9-f44e945268a2: receive RaftClientReply:client-AC1CE418446C->edec9b8f-c318-426f-83f9-f44e945268a2@group-352661ED3FD5, cid=2609, SUCCESS, logIndex=3875, commits[edec9b8f-c318-426f-83f9-f44e945268a2:c3875, 02a03aee-1dd1-43c9-94ca-c76e2a537489:c3871, 9fb73170-bb25-48da-afcf-6f1f9e11598f:c3871]
2019-07-10 10:42:57,277 INFO  client.GrpcClientProtocolClient (GrpcClientProtocolClient.java:onNext(255)) - client-AC1CE418446C->edec9b8f-c318-426f-83f9-f44e945268a2: receive RaftClientReply:client-AC1CE418446C->edec9b8f-c318-426f-83f9-f44e945268a2@group-352661ED3FD5, cid=2610, SUCCESS, logIndex=0, commits[edec9b8f-c318-426f-83f9-f44e945268a2:c3876, 02a03aee-1dd1-43c9-94ca-c76e2a537489:c3875, 9fb73170-bb25-48da-afcf-6f1f9e11598f:c3875]
2019-07-10 10:42:57,309 INFO  client.GrpcClientProtocolClient (GrpcClientProtocolClient.java:onNext(255)) - client-AC1CE418446C->edec9b8f-c318-426f-83f9-f44e945268a2: receive RaftClientReply:client-AC1CE418446C->edec9b8f-c318-426f-83f9-f44e945268a2@group-352661ED3FD5, cid=2611, SUCCESS, logIndex=3878, commits[edec9b8f-c318-426f-83f9-f44e945268a2:c3879, 02a03aee-1dd1-43c9-94ca-c76e2a537489:c3877, 9fb73170-bb25-48da-afcf-6f1f9e11598f:c3877]
2019-07-10 10:42:57,309 INFO  client.GrpcClientProtocolClient (GrpcClientProtocolClient.java:onNext(255)) - client-AC1CE418446C->edec9b8f-c318-426f-83f9-f44e945268a2: receive RaftClientReply:client-AC1CE418446C->edec9b8f-c318-426f-83f9-f44e945268a2@group-352661ED3FD5, cid=2612, SUCCESS, logIndex=3879, commits[edec9b8f-c318-426f-83f9-f44e945268a2:c3879, 02a03aee-1dd1-43c9-94ca-c76e2a537489:c3877, 9fb73170-bb25-48da-afcf-6f1f9e11598f:c3877]
2019-07-10 10:42:57,310 INFO  client.GrpcClientProtocolClient (GrpcClientProtocolClient.java:onNext(255)) - client-AC1CE418446C->edec9b8f-c318-426f-83f9-f44e945268a2: receive RaftClientReply:client-AC1CE418446C->edec9b8f-c318-426f-83f9-f44e945268a2@group-352661ED3FD5, cid=2613, SUCCESS, logIndex=3880, commits[edec9b8f-c318-426f-83f9-f44e945268a2:c3881, 02a03aee-1dd1-43c9-94ca-c76e2a537489:c3877, 9fb73170-bb25-48da-afcf-6f1f9e11598f:c3877]
2019-07-10 10:42:57,310 INFO  client.GrpcClientProtocolClient (GrpcClientProtocolClient.java:onNext(255)) - client-AC1CE418446C->edec9b8f-c318-426f-83f9-f44e945268a2: receive RaftClientReply:client-AC1CE418446C->edec9b8f-c318-426f-83f9-f44e945268a2@group-352661ED3FD5, cid=2614, SUCCESS, logIndex=3881, commits[edec9b8f-c318-426f-83f9-f44e945268a2:c3881, 02a03aee-1dd1-43c9-94ca-c76e2a537489:c3877, 9fb73170-bb25-48da-afcf-6f1f9e11598f:c3877]
2019-07-10 10:42:57,323 INFO  client.GrpcClientProtocolClient (GrpcClientProtocolClient.java:onNext(255)) - client-AC1CE418446C->edec9b8f-c318-426f-83f9-f44e945268a2: receive RaftClientReply:client-AC1CE418446C->edec9b8f-c318-426f-83f9-f44e945268a2@group-352661ED3FD5, cid=2615, SUCCESS, logIndex=0, commits[edec9b8f-c318-426f-83f9-f44e945268a2:c3883, 02a03aee-1dd1-43c9-94ca-c76e2a537489:c3879, 9fb73170-bb25-48da-afcf-6f1f9e11598f:c3879]
2019-07-10 10:42:57,344 INFO  client.GrpcClientProtocolClient (GrpcClientProtocolClient.java:onNext(255)) - client-AC1CE418446C->edec9b8f-c318-426f-83f9-f44e945268a2: receive RaftClientReply:client-AC1CE418446C->edec9b8f-c318-426f-83f9-f44e945268a2@group-352661ED3FD5, cid=2616, SUCCESS, logIndex=3886, commits[edec9b8f-c318-426f-83f9-f44e945268a2:c3887, 02a03aee-1dd1-43c9-94ca-c76e2a537489:c3885, 9fb73170-bb25-48da-afcf-6f1f9e11598f:c3885]
2019-07-10 10:42:57,344 INFO  client.GrpcClientProtocolClient (GrpcClientProtocolClient.java:onNext(255)) - client-AC1CE418446C->edec9b8f-c318-426f-83f9-f44e945268a2: receive RaftClientReply:client-AC1CE418446C->edec9b8f-c318-426f-83f9-f44e945268a2@group-352661ED3FD5, cid=2617, SUCCESS, logIndex=3887, commits[edec9b8f-c318-426f-83f9-f44e945268a2:c3887, 02a03aee-1dd1-43c9-94ca-c76e2a537489:c3885, 9fb73170-bb25-48da-afcf-6f1f9e11598f:c3885]
2019-07-10 10:42:57,359 INFO  client.GrpcClientProtocolClient (GrpcClientProtocolClient.java:onNext(255)) - client-AC1CE418446C->edec9b8f-c318-426f-83f9-f44e945268a2: receive RaftClientReply:client-AC1CE418446C->edec9b8f-c318-426f-83f9-f44e945268a2@group-352661ED3FD5, cid=2618, SUCCESS, logIndex=3890, commits[edec9b8f-c318-426f-83f9-f44e945268a2:c3890, 02a03aee-1dd1-43c9-94ca-c76e2a537489:c3887, 9fb73170-bb25-48da-afcf-6f1f9e11598f:c3887]
2019-07-10 10:42:57,359 INFO  client.GrpcClientProtocolClient (GrpcClientProtocolClient.java:onNext(255)) - client-AC1CE418446C->edec9b8f-c318-426f-83f9-f44e945268a2: receive RaftClientReply:client-AC1CE418446C->edec9b8f-c318-426f-83f9-f44e945268a2@group-352661ED3FD5, cid=2619, SUCCESS, logIndex=3891, commits[edec9b8f-c318-426f-83f9-f44e945268a2:c3891, 02a03aee-1dd1-43c9-94ca-c76e2a537489:c3887, 9fb73170-bb25-48da-afcf-6f1f9e11598f:c3887]
2019-07-10 10:42:57,373 INFO  client.GrpcClientProtocolClient (GrpcClientProtocolClient.java:onNext(255)) - client-AC1CE418446C->edec9b8f-c318-426f-83f9-f44e945268a2: receive RaftClientReply:client-AC1CE418446C->edec9b8f-c318-426f-83f9-f44e945268a2@group-352661ED3FD5, cid=2620, SUCCESS, logIndex=0, commits[edec9b8f-c318-426f-83f9-f44e945268a2:c3893, 02a03aee-1dd1-43c9-94ca-c76e2a537489:c3891, 9fb73170-bb25-48da-afcf-6f1f9e11598f:c3891]
2019-07-10 10:42:57,403 INFO  client.GrpcClientProtocolClient (GrpcClientProtocolClient.java:onNext(255)) - client-AC1CE418446C->edec9b8f-c318-426f-83f9-f44e945268a2: receive RaftClientReply:client-AC1CE418446C->edec9b8f-c318-426f-83f9-f44e945268a2@group-352661ED3FD5, cid=2621, SUCCESS, logIndex=3894, commits[edec9b8f-c318-426f-83f9-f44e945268a2:c3895, 02a03aee-1dd1-43c9-94ca-c76e2a537489:c3893, 9fb73170-bb25-48da-afcf-6f1f9e11598f:c3893]
2019-07-10 10:42:57,403 INFO  client.GrpcClientProtocolClient (GrpcClientProtocolClient.java:onNext(255)) - client-AC1CE418446C->edec9b8f-c318-426f-83f9-f44e945268a2: receive RaftClientReply:client-AC1CE418446C->edec9b8f-c318-426f-83f9-f44e945268a2@group-352661ED3FD5, cid=2622, SUCCESS, logIndex=3895, commits[edec9b8f-c318-426f-83f9-f44e945268a2:c3895, 02a03aee-1dd1-43c9-94ca-c76e2a537489:c3893, 9fb73170-bb25-48da-afcf-6f1f9e11598f:c3893]
2019-07-10 10:42:57,412 INFO  client.GrpcClientProtocolClient (GrpcClientProtocolClient.java:onNext(255)) - client-AC1CE418446C->edec9b8f-c318-426f-83f9-f44e945268a2: receive RaftClientReply:client-AC1CE418446C->edec9b8f-c318-426f-83f9-f44e945268a2@group-352661ED3FD5, cid=2623, SUCCESS, logIndex=3896, commits[edec9b8f-c318-426f-83f9-f44e945268a2:c3897, 02a03aee-1dd1-43c9-94ca-c76e2a537489:c3893, 9fb73170-bb25-48da-afcf-6f1f9e11598f:c3893]
2019-07-10 10:42:57,413 INFO  client.GrpcClientProtocolClient (GrpcClientProtocolClient.java:onNext(255)) - client-AC1CE418446C->edec9b8f-c318-426f-83f9-f44e945268a2: receive RaftClientReply:client-AC1CE418446C->edec9b8f-c318-426f-83f9-f44e945268a2@group-352661ED3FD5, cid=2624, SUCCESS, logIndex=3897, commits[edec9b8f-c318-426f-83f9-f44e945268a2:c3897, 02a03aee-1dd1-43c9-94ca-c76e2a537489:c3893, 9fb73170-bb25-48da-afcf-6f1f9e11598f:c3893]
 0.00% |█                                                                                                    |  0/1 Time: 0:00:232019-07-10 10:42:57,427 INFO  client.GrpcClientProtocolClient (GrpcClientProtocolClient.java:onNext(255)) - client-AC1CE418446C->edec9b8f-c318-426f-83f9-f44e945268a2: receive RaftClientReply:client-AC1CE418446C->edec9b8f-c318-426f-83f9-f44e945268a2@group-352661ED3FD5, cid=2625, SUCCESS, logIndex=0, commits[edec9b8f-c318-426f-83f9-f44e945268a2:c3900, 02a03aee-1dd1-43c9-94ca-c76e2a537489:c3897, 9fb73170-bb25-48da-afcf-6f1f9e11598f:c3895]
2019-07-10 10:42:57,448 INFO  client.GrpcClientProtocolClient (GrpcClientProtocolClient.java:onNext(255)) - client-AC1CE418446C->edec9b8f-c318-426f-83f9-f44e945268a2: receive RaftClientReply:client-AC1CE418446C->edec9b8f-c318-426f-83f9-f44e945268a2@group-352661ED3FD5, cid=2626, SUCCESS, logIndex=3901, commits[edec9b8f-c318-426f-83f9-f44e945268a2:c3902, 02a03aee-1dd1-43c9-94ca-c76e2a537489:c3900, 9fb73170-bb25-48da-afcf-6f1f9e11598f:c3900]
2019-07-10 10:42:57,448 INFO  client.GrpcClientProtocolClient (GrpcClientProtocolClient.java:onNext(255)) - client-AC1CE418446C->edec9b8f-c318-426f-83f9-f44e945268a2: receive RaftClientReply:client-AC1CE418446C->edec9b8f-c318-426f-83f9-f44e945268a2@group-352661ED3FD5, cid=2627, SUCCESS, logIndex=3902, commits[edec9b8f-c318-426f-83f9-f44e945268a2:c3902, 02a03aee-1dd1-43c9-94ca-c76e2a537489:c3900, 9fb73170-bb25-48da-afcf-6f1f9e11598f:c3900]
2019-07-10 10:42:57,483 INFO  client.GrpcClientProtocolClient (GrpcClientProtocolClient.java:onNext(255)) - client-AC1CE418446C->edec9b8f-c318-426f-83f9-f44e945268a2: receive RaftClientReply:client-AC1CE418446C->edec9b8f-c318-426f-83f9-f44e945268a2@group-352661ED3FD5, cid=2628, SUCCESS, logIndex=3905, commits[edec9b8f-c318-426f-83f9-f44e945268a2:c3906, 02a03aee-1dd1-43c9-94ca-c76e2a537489:c3902, 9fb73170-bb25-48da-afcf-6f1f9e11598f:c3904]
2019-07-10 10:42:57,483 INFO  client.GrpcClientProtocolClient (GrpcClientProtocolClient.java:onNext(255)) - client-AC1CE418446C->edec9b8f-c318-426f-83f9-f44e945268a2: receive RaftClientReply:client-AC1CE418446C->edec9b8f-c318-426f-83f9-f44e945268a2@group-352661ED3FD5, cid=2629, SUCCESS, logIndex=3906, commits[edec9b8f-c318-426f-83f9-f44e945268a2:c3906, 02a03aee-1dd1-43c9-94ca-c76e2a537489:c3904, 9fb73170-bb25-48da-afcf-6f1f9e11598f:c3904]
2019-07-10 10:42:57,486 INFO  client.GrpcClientProtocolClient (GrpcClientProtocolClient.java:onNext(255)) - client-AC1CE418446C->edec9b8f-c318-426f-83f9-f44e945268a2: receive RaftClientReply:client-AC1CE418446C->edec9b8f-c318-426f-83f9-f44e945268a2@group-352661ED3FD5, cid=2630, SUCCESS, logIndex=0, commits[edec9b8f-c318-426f-83f9-f44e945268a2:c3907, 02a03aee-1dd1-43c9-94ca-c76e2a537489:c3906, 9fb73170-bb25-48da-afcf-6f1f9e11598f:c3906]
2019-07-10 10:42:57,510 INFO  client.GrpcClientProtocolClient (GrpcClientProtocolClient.java:onNext(255)) - client-AC1CE418446C->edec9b8f-c318-426f-83f9-f44e945268a2: receive RaftClientReply:client-AC1CE418446C->edec9b8f-c318-426f-83f9-f44e945268a2@group-352661ED3FD5, cid=2631, SUCCESS, logIndex=3909, commits[edec9b8f-c318-426f-83f9-f44e945268a2:c3910, 02a03aee-1dd1-43c9-94ca-c76e2a537489:c3908, 9fb73170-bb25-48da-afcf-6f1f9e11598f:c3906]
2019-07-10 10:42:57,510 INFO  client.GrpcClientProtocolClient (GrpcClientProtocolClient.java:onNext(255)) - client-AC1CE418446C->edec9b8f-c318-426f-83f9-f44e945268a2: receive RaftClientReply:client-AC1CE418446C->edec9b8f-c318-426f-83f9-f44e945268a2@group-352661ED3FD5, cid=2632, SUCCESS, logIndex=3910, commits[edec9b8f-c318-426f-83f9-f44e945268a2:c3910, 02a03aee-1dd1-43c9-94ca-c76e2a537489:c3908, 9fb73170-bb25-48da-afcf-6f1f9e11598f:c3906]
2019-07-10 10:42:57,522 INFO  client.GrpcClientProtocolClient (GrpcClientProtocolClient.java:onNext(255)) - client-AC1CE418446C->edec9b8f-c318-426f-83f9-f44e945268a2: receive RaftClientReply:client-AC1CE418446C->edec9b8f-c318-426f-83f9-f44e945268a2@group-352661ED3FD5, cid=2633, SUCCESS, logIndex=3911, commits[edec9b8f-c318-426f-83f9-f44e945268a2:c3911, 02a03aee-1dd1-43c9-94ca-c76e2a537489:c3908, 9fb73170-bb25-48da-afcf-6f1f9e11598f:c3908]
2019-07-10 10:42:57,523 INFO  client.GrpcClientProtocolClient (GrpcClientProtocolClient.java:onNext(255)) - client-AC1CE418446C->edec9b8f-c318-426f-83f9-f44e945268a2: receive RaftClientReply:client-AC1CE418446C->edec9b8f-c318-426f-83f9-f44e945268a2@group-352661ED3FD5, cid=2634, SUCCESS, logIndex=3912, commits[edec9b8f-c318-426f-83f9-f44e945268a2:c3912, 02a03aee-1dd1-43c9-94ca-c76e2a537489:c3908, 9fb73170-bb25-48da-afcf-6f1f9e11598f:c3908]
2019-07-10 10:42:57,524 INFO  client.GrpcClientProtocolClient (GrpcClientProtocolClient.java:onNext(255)) - client-AC1CE418446C->edec9b8f-c318-426f-83f9-f44e945268a2: receive RaftClientReply:client-AC1CE418446C->edec9b8f-c318-426f-83f9-f44e945268a2@group-352661ED3FD5, cid=2635, SUCCESS, logIndex=0, commits[edec9b8f-c318-426f-83f9-f44e945268a2:c3914, 02a03aee-1dd1-43c9-94ca-c76e2a537489:c3910, 9fb73170-bb25-48da-afcf-6f1f9e11598f:c3910]
2019-07-10 10:42:57,537 INFO  client.GrpcClientProtocolClient (GrpcClientProtocolClient.java:onNext(255)) - client-AC1CE418446C->edec9b8f-c318-426f-83f9-f44e945268a2: receive RaftClientReply:client-AC1CE418446C->edec9b8f-c318-426f-83f9-f44e945268a2@group-352661ED3FD5, cid=2636, SUCCESS, logIndex=3917, commits[edec9b8f-c318-426f-83f9-f44e945268a2:c3918, 02a03aee-1dd1-43c9-94ca-c76e2a537489:c3914, 9fb73170-bb25-48da-afcf-6f1f9e11598f:c3912]
2019-07-10 10:42:57,538 INFO  client.GrpcClientProtocolClient (GrpcClientProtocolClient.java:onNext(255)) - client-AC1CE418446C->edec9b8f-c318-426f-83f9-f44e945268a2: receive RaftClientReply:client-AC1CE418446C->edec9b8f-c318-426f-83f9-f44e945268a2@group-352661ED3FD5, cid=2637, SUCCESS, logIndex=3918, commits[edec9b8f-c318-426f-83f9-f44e945268a2:c3918, 02a03aee-1dd1-43c9-94ca-c76e2a537489:c3914, 9fb73170-bb25-48da-afcf-6f1f9e11598f:c3914]
2019-07-10 10:42:57,552 INFO  client.GrpcClientProtocolClient (GrpcClientProtocolClient.java:onNext(255)) - client-AC1CE418446C->edec9b8f-c318-426f-83f9-f44e945268a2: receive RaftClientReply:client-AC1CE418446C->edec9b8f-c318-426f-83f9-f44e945268a2@group-352661ED3FD5, cid=2638, SUCCESS, logIndex=3921, commits[edec9b8f-c318-426f-83f9-f44e945268a2:c3921, 02a03aee-1dd1-43c9-94ca-c76e2a537489:c3918, 9fb73170-bb25-48da-afcf-6f1f9e11598f:c3918]
2019-07-10 10:42:57,553 INFO  client.GrpcClientProtocolClient (GrpcClientProtocolClient.java:onNext(255)) - client-AC1CE418446C->edec9b8f-c318-426f-83f9-f44e945268a2: receive RaftClientReply:client-AC1CE418446C->edec9b8f-c318-426f-83f9-f44e945268a2@group-352661ED3FD5, cid=2639, SUCCESS, logIndex=3922, commits[edec9b8f-c318-426f-83f9-f44e945268a2:c3922, 02a03aee-1dd1-43c9-94ca-c76e2a537489:c3918, 9fb73170-bb25-48da-afcf-6f1f9e11598f:c3918]
2019-07-10 10:42:57,567 INFO  client.GrpcClientProtocolClient (GrpcClientProtocolClient.java:onNext(255)) - client-AC1CE418446C->edec9b8f-c318-426f-83f9-f44e945268a2: receive RaftClientReply:client-AC1CE418446C->edec9b8f-c318-426f-83f9-f44e945268a2@group-352661ED3FD5, cid=2640, SUCCESS, logIndex=0, commits[edec9b8f-c318-426f-83f9-f44e945268a2:c3923, 02a03aee-1dd1-43c9-94ca-c76e2a537489:c3922, 9fb73170-bb25-48da-afcf-6f1f9e11598f:c3922]
2019-07-10 10:42:57,598 INFO  client.GrpcClientProtocolClient (GrpcClientProtocolClient.java:onNext(255)) - client-AC1CE418446C->edec9b8f-c318-426f-83f9-f44e945268a2: receive RaftClientReply:client-AC1CE418446C->edec9b8f-c318-426f-83f9-f44e945268a2@group-352661ED3FD5, cid=2641, SUCCESS, logIndex=3925, commits[edec9b8f-c318-426f-83f9-f44e945268a2:c3926, 02a03aee-1dd1-43c9-94ca-c76e2a537489:c3924, 9fb73170-bb25-48da-afcf-6f1f9e11598f:c3924]
2019-07-10 10:42:57,598 INFO  client.GrpcClientProtocolClient (GrpcClientProtocolClient.java:onNext(255)) - client-AC1CE418446C->edec9b8f-c318-426f-83f9-f44e945268a2: receive RaftClientReply:client-AC1CE418446C->edec9b8f-c318-426f-83f9-f44e945268a2@group-352661ED3FD5, cid=2642, SUCCESS, logIndex=3926, commits[edec9b8f-c318-426f-83f9-f44e945268a2:c3928, 02a03aee-1dd1-43c9-94ca-c76e2a537489:c3924, 9fb73170-bb25-48da-afcf-6f1f9e11598f:c3924]
2019-07-10 10:42:57,599 INFO  client.GrpcClientProtocolClient (GrpcClientProtocolClient.java:onNext(255)) - client-AC1CE418446C->edec9b8f-c318-426f-83f9-f44e945268a2: receive RaftClientReply:client-AC1CE418446C->edec9b8f-c318-426f-83f9-f44e945268a2@group-352661ED3FD5, cid=2643, SUCCESS, logIndex=3927, commits[edec9b8f-c318-426f-83f9-f44e945268a2:c3928, 02a03aee-1dd1-43c9-94ca-c76e2a537489:c3924, 9fb73170-bb25-48da-afcf-6f1f9e11598f:c3924]
2019-07-10 10:42:57,599 INFO  client.GrpcClientProtocolClient (GrpcClientProtocolClient.java:onNext(255)) - client-AC1CE418446C->edec9b8f-c318-426f-83f9-f44e945268a2: receive RaftClientReply:client-AC1CE418446C->edec9b8f-c318-426f-83f9-f44e945268a2@group-352661ED3FD5, cid=2644, SUCCESS, logIndex=3928, commits[edec9b8f-c318-426f-83f9-f44e945268a2:c3928, 02a03aee-1dd1-43c9-94ca-c76e2a537489:c3924, 9fb73170-bb25-48da-afcf-6f1f9e11598f:c3924]
2019-07-10 10:42:57,601 INFO  client.GrpcClientProtocolClient (GrpcClientProtocolClient.java:onNext(255)) - client-AC1CE418446C->edec9b8f-c318-426f-83f9-f44e945268a2: receive RaftClientReply:client-AC1CE418446C->edec9b8f-c318-426f-83f9-f44e945268a2@group-352661ED3FD5, cid=2645, SUCCESS, logIndex=0, commits[edec9b8f-c318-426f-83f9-f44e945268a2:c3929, 02a03aee-1dd1-43c9-94ca-c76e2a537489:c3926, 9fb73170-bb25-48da-afcf-6f1f9e11598f:c3926]
2019-07-10 10:42:57,625 INFO  client.GrpcClientProtocolClient (GrpcClientProtocolClient.java:onNext(255)) - client-AC1CE418446C->edec9b8f-c318-426f-83f9-f44e945268a2: receive RaftClientReply:client-AC1CE418446C->edec9b8f-c318-426f-83f9-f44e945268a2@group-352661ED3FD5, cid=2646, SUCCESS, logIndex=3933, commits[edec9b8f-c318-426f-83f9-f44e945268a2:c3934, 02a03aee-1dd1-43c9-94ca-c76e2a537489:c3929, 9fb73170-bb25-48da-afcf-6f1f9e11598f:c3929]
2019-07-10 10:42:57,626 INFO  client.GrpcClientProtocolClient (GrpcClientProtocolClient.java:onNext(255)) - client-AC1CE418446C->edec9b8f-c318-426f-83f9-f44e945268a2: receive RaftClientReply:client-AC1CE418446C->edec9b8f-c318-426f-83f9-f44e945268a2@group-352661ED3FD5, cid=2647, SUCCESS, logIndex=3934, commits[edec9b8f-c318-426f-83f9-f44e945268a2:c3934, 02a03aee-1dd1-43c9-94ca-c76e2a537489:c3929, 9fb73170-bb25-48da-afcf-6f1f9e11598f:c3929]
2019-07-10 10:42:57,639 INFO  client.GrpcClientProtocolClient (GrpcClientProtocolClient.java:onNext(255)) - client-AC1CE418446C->edec9b8f-c318-426f-83f9-f44e945268a2: receive RaftClientReply:client-AC1CE418446C->edec9b8f-c318-426f-83f9-f44e945268a2@group-352661ED3FD5, cid=2648, SUCCESS, logIndex=3937, commits[edec9b8f-c318-426f-83f9-f44e945268a2:c3938, 02a03aee-1dd1-43c9-94ca-c76e2a537489:c3933, 9fb73170-bb25-48da-afcf-6f1f9e11598f:c3934]
2019-07-10 10:42:57,640 INFO  client.GrpcClientProtocolClient (GrpcClientProtocolClient.java:onNext(255)) - client-AC1CE418446C->edec9b8f-c318-426f-83f9-f44e945268a2: receive RaftClientReply:client-AC1CE418446C->edec9b8f-c318-426f-83f9-f44e945268a2@group-352661ED3FD5, cid=2649, SUCCESS, logIndex=3938, commits[edec9b8f-c318-426f-83f9-f44e945268a2:c3938, 02a03aee-1dd1-43c9-94ca-c76e2a537489:c3934, 9fb73170-bb25-48da-afcf-6f1f9e11598f:c3934]
2019-07-10 10:42:57,654 INFO  client.GrpcClientProtocolClient (GrpcClientProtocolClient.java:onNext(255)) - client-AC1CE418446C->edec9b8f-c318-426f-83f9-f44e945268a2: receive RaftClientReply:client-AC1CE418446C->edec9b8f-c318-426f-83f9-f44e945268a2@group-352661ED3FD5, cid=2650, SUCCESS, logIndex=0, commits[edec9b8f-c318-426f-83f9-f44e945268a2:c3940, 02a03aee-1dd1-43c9-94ca-c76e2a537489:c3938, 9fb73170-bb25-48da-afcf-6f1f9e11598f:c3938]
2019-07-10 10:42:57,688 INFO  client.GrpcClientProtocolClient (GrpcClientProtocolClient.java:onNext(255)) - client-AC1CE418446C->edec9b8f-c318-426f-83f9-f44e945268a2: receive RaftClientReply:client-AC1CE418446C->edec9b8f-c318-426f-83f9-f44e945268a2@group-352661ED3FD5, cid=2651, SUCCESS, logIndex=3941, commits[edec9b8f-c318-426f-83f9-f44e945268a2:c3942, 02a03aee-1dd1-43c9-94ca-c76e2a537489:c3940, 9fb73170-bb25-48da-afcf-6f1f9e11598f:c3940]
2019-07-10 10:42:57,689 INFO  client.GrpcClientProtocolClient (GrpcClientProtocolClient.java:onNext(255)) - client-AC1CE418446C->edec9b8f-c318-426f-83f9-f44e945268a2: receive RaftClientReply:client-AC1CE418446C->edec9b8f-c318-426f-83f9-f44e945268a2@group-352661ED3FD5, cid=2652, SUCCESS, logIndex=3942, commits[edec9b8f-c318-426f-83f9-f44e945268a2:c3942, 02a03aee-1dd1-43c9-94ca-c76e2a537489:c3940, 9fb73170-bb25-48da-afcf-6f1f9e11598f:c3940]
2019-07-10 10:42:57,691 INFO  client.GrpcClientProtocolClient (GrpcClientProtocolClient.java:onNext(255)) - client-AC1CE418446C->edec9b8f-c318-426f-83f9-f44e945268a2: receive RaftClientReply:client-AC1CE418446C->edec9b8f-c318-426f-83f9-f44e945268a2@group-352661ED3FD5, cid=2653, SUCCESS, logIndex=3943, commits[edec9b8f-c318-426f-83f9-f44e945268a2:c3944, 02a03aee-1dd1-43c9-94ca-c76e2a537489:c3940, 9fb73170-bb25-48da-afcf-6f1f9e11598f:c3940]
2019-07-10 10:42:57,691 INFO  client.GrpcClientProtocolClient (GrpcClientProtocolClient.java:onNext(255)) - client-AC1CE418446C->edec9b8f-c318-426f-83f9-f44e945268a2: receive RaftClientReply:client-AC1CE418446C->edec9b8f-c318-426f-83f9-f44e945268a2@group-352661ED3FD5, cid=2654, SUCCESS, logIndex=3944, commits[edec9b8f-c318-426f-83f9-f44e945268a2:c3944, 02a03aee-1dd1-43c9-94ca-c76e2a537489:c3940, 9fb73170-bb25-48da-afcf-6f1f9e11598f:c3940]
2019-07-10 10:42:57,694 INFO  client.GrpcClientProtocolClient (GrpcClientProtocolClient.java:onNext(255)) - client-AC1CE418446C->edec9b8f-c318-426f-83f9-f44e945268a2: receive RaftClientReply:client-AC1CE418446C->edec9b8f-c318-426f-83f9-f44e945268a2@group-352661ED3FD5, cid=2655, SUCCESS, logIndex=0, commits[edec9b8f-c318-426f-83f9-f44e945268a2:c3946, 02a03aee-1dd1-43c9-94ca-c76e2a537489:c3942, 9fb73170-bb25-48da-afcf-6f1f9e11598f:c3942]
2019-07-10 10:42:57,707 INFO  client.GrpcClientProtocolClient (GrpcClientProtocolClient.java:onNext(255)) - client-AC1CE418446C->edec9b8f-c318-426f-83f9-f44e945268a2: receive RaftClientReply:client-AC1CE418446C->edec9b8f-c318-426f-83f9-f44e945268a2@group-352661ED3FD5, cid=2656, SUCCESS, logIndex=3949, commits[edec9b8f-c318-426f-83f9-f44e945268a2:c3950, 02a03aee-1dd1-43c9-94ca-c76e2a537489:c3948, 9fb73170-bb25-48da-afcf-6f1f9e11598f:c3948]
2019-07-10 10:42:57,708 INFO  client.GrpcClientProtocolClient (GrpcClientProtocolClient.java:onNext(255)) - client-AC1CE418446C->edec9b8f-c318-426f-83f9-f44e945268a2: receive RaftClientReply:client-AC1CE418446C->edec9b8f-c318-426f-83f9-f44e945268a2@group-352661ED3FD5, cid=2657, SUCCESS, logIndex=3950, commits[edec9b8f-c318-426f-83f9-f44e945268a2:c3950, 02a03aee-1dd1-43c9-94ca-c76e2a537489:c3948, 9fb73170-bb25-48da-afcf-6f1f9e11598f:c3948]
2019-07-10 10:42:57,741 INFO  client.GrpcClientProtocolClient (GrpcClientProtocolClient.java:onNext(255)) - client-AC1CE418446C->edec9b8f-c318-426f-83f9-f44e945268a2: receive RaftClientReply:client-AC1CE418446C->edec9b8f-c318-426f-83f9-f44e945268a2@group-352661ED3FD5, cid=2658, SUCCESS, logIndex=3953, commits[edec9b8f-c318-426f-83f9-f44e945268a2:c3954, 02a03aee-1dd1-43c9-94ca-c76e2a537489:c3952, 9fb73170-bb25-48da-afcf-6f1f9e11598f:c3952]
2019-07-10 10:42:57,741 INFO  client.GrpcClientProtocolClient (GrpcClientProtocolClient.java:onNext(255)) - client-AC1CE418446C->edec9b8f-c318-426f-83f9-f44e945268a2: receive RaftClientReply:client-AC1CE418446C->edec9b8f-c318-426f-83f9-f44e945268a2@group-352661ED3FD5, cid=2659, SUCCESS, logIndex=3954, commits[edec9b8f-c318-426f-83f9-f44e945268a2:c3954, 02a03aee-1dd1-43c9-94ca-c76e2a537489:c3952, 9fb73170-bb25-48da-afcf-6f1f9e11598f:c3952]
2019-07-10 10:42:57,759 INFO  client.GrpcClientProtocolClient (GrpcClientProtocolClient.java:onNext(255)) - client-AC1CE418446C->edec9b8f-c318-426f-83f9-f44e945268a2: receive RaftClientReply:client-AC1CE418446C->edec9b8f-c318-426f-83f9-f44e945268a2@group-352661ED3FD5, cid=2660, SUCCESS, logIndex=0, commits[edec9b8f-c318-426f-83f9-f44e945268a2:c3956, 02a03aee-1dd1-43c9-94ca-c76e2a537489:c3954, 9fb73170-bb25-48da-afcf-6f1f9e11598f:c3954]
2019-07-10 10:42:57,791 INFO  client.GrpcClientProtocolClient (GrpcClientProtocolClient.java:onNext(255)) - client-AC1CE418446C->edec9b8f-c318-426f-83f9-f44e945268a2: receive RaftClientReply:client-AC1CE418446C->edec9b8f-c318-426f-83f9-f44e945268a2@group-352661ED3FD5, cid=2661, SUCCESS, logIndex=3957, commits[edec9b8f-c318-426f-83f9-f44e945268a2:c3959, 02a03aee-1dd1-43c9-94ca-c76e2a537489:c3956, 9fb73170-bb25-48da-afcf-6f1f9e11598f:c3956]
2019-07-10 10:42:57,792 INFO  client.GrpcClientProtocolClient (GrpcClientProtocolClient.java:onNext(255)) - client-AC1CE418446C->edec9b8f-c318-426f-83f9-f44e945268a2: receive RaftClientReply:client-AC1CE418446C->edec9b8f-c318-426f-83f9-f44e945268a2@group-352661ED3FD5, cid=2662, SUCCESS, logIndex=3958, commits[edec9b8f-c318-426f-83f9-f44e945268a2:c3960, 02a03aee-1dd1-43c9-94ca-c76e2a537489:c3956, 9fb73170-bb25-48da-afcf-6f1f9e11598f:c3956]
2019-07-10 10:42:57,792 INFO  client.GrpcClientProtocolClient (GrpcClientProtocolClient.java:onNext(255)) - client-AC1CE418446C->edec9b8f-c318-426f-83f9-f44e945268a2: receive RaftClientReply:client-AC1CE418446C->edec9b8f-c318-426f-83f9-f44e945268a2@group-352661ED3FD5, cid=2663, SUCCESS, logIndex=3959, commits[edec9b8f-c318-426f-83f9-f44e945268a2:c3960, 02a03aee-1dd1-43c9-94ca-c76e2a537489:c3956, 9fb73170-bb25-48da-afcf-6f1f9e11598f:c3956]
2019-07-10 10:42:57,792 INFO  client.GrpcClientProtocolClient (GrpcClientProtocolClient.java:onNext(255)) - client-AC1CE418446C->edec9b8f-c318-426f-83f9-f44e945268a2: receive RaftClientReply:client-AC1CE418446C->edec9b8f-c318-426f-83f9-f44e945268a2@group-352661ED3FD5, cid=2664, SUCCESS, logIndex=3960, commits[edec9b8f-c318-426f-83f9-f44e945268a2:c3960, 02a03aee-1dd1-43c9-94ca-c76e2a537489:c3956, 9fb73170-bb25-48da-afcf-6f1f9e11598f:c3956]
2019-07-10 10:42:57,805 INFO  client.GrpcClientProtocolClient (GrpcClientProtocolClient.java:onNext(255)) - client-AC1CE418446C->edec9b8f-c318-426f-83f9-f44e945268a2: receive RaftClientReply:client-AC1CE418446C->edec9b8f-c318-426f-83f9-f44e945268a2@group-352661ED3FD5, cid=2665, SUCCESS, logIndex=0, commits[edec9b8f-c318-426f-83f9-f44e945268a2:c3963, 02a03aee-1dd1-43c9-94ca-c76e2a537489:c3959, 9fb73170-bb25-48da-afcf-6f1f9e11598f:c3958]
2019-07-10 10:42:57,827 INFO  client.GrpcClientProtocolClient (GrpcClientProtocolClient.java:onNext(255)) - client-AC1CE418446C->edec9b8f-c318-426f-83f9-f44e945268a2: receive RaftClientReply:client-AC1CE418446C->edec9b8f-c318-426f-83f9-f44e945268a2@group-352661ED3FD5, cid=2666, SUCCESS, logIndex=3965, commits[edec9b8f-c318-426f-83f9-f44e945268a2:c3966, 02a03aee-1dd1-43c9-94ca-c76e2a537489:c3964, 9fb73170-bb25-48da-afcf-6f1f9e11598f:c3964]
2019-07-10 10:42:57,829 INFO  client.GrpcClientProtocolClient (GrpcClientProtocolClient.java:onNext(255)) - client-AC1CE418446C->edec9b8f-c318-426f-83f9-f44e945268a2: receive RaftClientReply:client-AC1CE418446C->edec9b8f-c318-426f-83f9-f44e945268a2@group-352661ED3FD5, cid=2667, SUCCESS, logIndex=3966, commits[edec9b8f-c318-426f-83f9-f44e945268a2:c3966, 02a03aee-1dd1-43c9-94ca-c76e2a537489:c3964, 9fb73170-bb25-48da-afcf-6f1f9e11598f:c3964]
2019-07-10 10:42:57,852 INFO  client.GrpcClientProtocolClient (GrpcClientProtocolClient.java:onNext(255)) - client-AC1CE418446C->edec9b8f-c318-426f-83f9-f44e945268a2: receive RaftClientReply:client-AC1CE418446C->edec9b8f-c318-426f-83f9-f44e945268a2@group-352661ED3FD5, cid=2668, SUCCESS, logIndex=3969, commits[edec9b8f-c318-426f-83f9-f44e945268a2:c3970, 02a03aee-1dd1-43c9-94ca-c76e2a537489:c3966, 9fb73170-bb25-48da-afcf-6f1f9e11598f:c3965]
2019-07-10 10:42:57,853 INFO  client.GrpcClientProtocolClient (GrpcClientProtocolClient.java:onNext(255)) - client-AC1CE418446C->edec9b8f-c318-426f-83f9-f44e945268a2: receive RaftClientReply:client-AC1CE418446C->edec9b8f-c318-426f-83f9-f44e945268a2@group-352661ED3FD5, cid=2669, SUCCESS, logIndex=3970, commits[edec9b8f-c318-426f-83f9-f44e945268a2:c3970, 02a03aee-1dd1-43c9-94ca-c76e2a537489:c3966, 9fb73170-bb25-48da-afcf-6f1f9e11598f:c3966]
2019-07-10 10:42:57,867 INFO  client.GrpcClientProtocolClient (GrpcClientProtocolClient.java:onNext(255)) - client-AC1CE418446C->edec9b8f-c318-426f-83f9-f44e945268a2: receive RaftClientReply:client-AC1CE418446C->edec9b8f-c318-426f-83f9-f44e945268a2@group-352661ED3FD5, cid=2670, SUCCESS, logIndex=0, commits[edec9b8f-c318-426f-83f9-f44e945268a2:c3972, 02a03aee-1dd1-43c9-94ca-c76e2a537489:c3970, 9fb73170-bb25-48da-afcf-6f1f9e11598f:c3970]
2019-07-10 10:42:57,899 INFO  client.GrpcClientProtocolClient (GrpcClientProtocolClient.java:onNext(255)) - client-AC1CE418446C->edec9b8f-c318-426f-83f9-f44e945268a2: receive RaftClientReply:client-AC1CE418446C->edec9b8f-c318-426f-83f9-f44e945268a2@group-352661ED3FD5, cid=2671, SUCCESS, logIndex=3973, commits[edec9b8f-c318-426f-83f9-f44e945268a2:c3974, 02a03aee-1dd1-43c9-94ca-c76e2a537489:c3972, 9fb73170-bb25-48da-afcf-6f1f9e11598f:c3972]
2019-07-10 10:42:57,899 INFO  client.GrpcClientProtocolClient (GrpcClientProtocolClient.java:onNext(255)) - client-AC1CE418446C->edec9b8f-c318-426f-83f9-f44e945268a2: receive RaftClientReply:client-AC1CE418446C->edec9b8f-c318-426f-83f9-f44e945268a2@group-352661ED3FD5, cid=2672, SUCCESS, logIndex=3974, commits[edec9b8f-c318-426f-83f9-f44e945268a2:c3976, 02a03aee-1dd1-43c9-94ca-c76e2a537489:c3972, 9fb73170-bb25-48da-afcf-6f1f9e11598f:c3972]
2019-07-10 10:42:57,900 INFO  client.GrpcClientProtocolClient (GrpcClientProtocolClient.java:onNext(255)) - client-AC1CE418446C->edec9b8f-c318-426f-83f9-f44e945268a2: receive RaftClientReply:client-AC1CE418446C->edec9b8f-c318-426f-83f9-f44e945268a2@group-352661ED3FD5, cid=2673, SUCCESS, logIndex=3975, commits[edec9b8f-c318-426f-83f9-f44e945268a2:c3976, 02a03aee-1dd1-43c9-94ca-c76e2a537489:c3972, 9fb73170-bb25-48da-afcf-6f1f9e11598f:c3972]
2019-07-10 10:42:57,900 INFO  client.GrpcClientProtocolClient (GrpcClientProtocolClient.java:onNext(255)) - client-AC1CE418446C->edec9b8f-c318-426f-83f9-f44e945268a2: receive RaftClientReply:client-AC1CE418446C->edec9b8f-c318-426f-83f9-f44e945268a2@group-352661ED3FD5, cid=2674, SUCCESS, logIndex=3976, commits[edec9b8f-c318-426f-83f9-f44e945268a2:c3976, 02a03aee-1dd1-43c9-94ca-c76e2a537489:c3972, 9fb73170-bb25-48da-afcf-6f1f9e11598f:c3972]
2019-07-10 10:42:57,904 INFO  client.GrpcClientProtocolClient (GrpcClientProtocolClient.java:onNext(255)) - client-AC1CE418446C->edec9b8f-c318-426f-83f9-f44e945268a2: receive RaftClientReply:client-AC1CE418446C->edec9b8f-c318-426f-83f9-f44e945268a2@group-352661ED3FD5, cid=2675, SUCCESS, logIndex=0, commits[edec9b8f-c318-426f-83f9-f44e945268a2:c3977, 02a03aee-1dd1-43c9-94ca-c76e2a537489:c3974, 9fb73170-bb25-48da-afcf-6f1f9e11598f:c3974]
2019-07-10 10:42:57,917 INFO  client.GrpcClientProtocolClient (GrpcClientProtocolClient.java:onNext(255)) - client-AC1CE418446C->edec9b8f-c318-426f-83f9-f44e945268a2: receive RaftClientReply:client-AC1CE418446C->edec9b8f-c318-426f-83f9-f44e945268a2@group-352661ED3FD5, cid=2676, SUCCESS, logIndex=3980, commits[edec9b8f-c318-426f-83f9-f44e945268a2:c3981, 02a03aee-1dd1-43c9-94ca-c76e2a537489:c3979, 9fb73170-bb25-48da-afcf-6f1f9e11598f:c3979]
2019-07-10 10:42:57,917 INFO  client.GrpcClientProtocolClient (GrpcClientProtocolClient.java:onNext(255)) - client-AC1CE418446C->edec9b8f-c318-426f-83f9-f44e945268a2: receive RaftClientReply:client-AC1CE418446C->edec9b8f-c318-426f-83f9-f44e945268a2@group-352661ED3FD5, cid=2677, SUCCESS, logIndex=3981, commits[edec9b8f-c318-426f-83f9-f44e945268a2:c3981, 02a03aee-1dd1-43c9-94ca-c76e2a537489:c3979, 9fb73170-bb25-48da-afcf-6f1f9e11598f:c3979]
2019-07-10 10:42:57,931 INFO  client.GrpcClientProtocolClient (GrpcClientProtocolClient.java:onNext(255)) - client-AC1CE418446C->edec9b8f-c318-426f-83f9-f44e945268a2: receive RaftClientReply:client-AC1CE418446C->edec9b8f-c318-426f-83f9-f44e945268a2@group-352661ED3FD5, cid=2678, SUCCESS, logIndex=3984, commits[edec9b8f-c318-426f-83f9-f44e945268a2:c3985, 02a03aee-1dd1-43c9-94ca-c76e2a537489:c3981, 9fb73170-bb25-48da-afcf-6f1f9e11598f:c3983]
2019-07-10 10:42:57,931 INFO  client.GrpcClientProtocolClient (GrpcClientProtocolClient.java:onNext(255)) - client-AC1CE418446C->edec9b8f-c318-426f-83f9-f44e945268a2: receive RaftClientReply:client-AC1CE418446C->edec9b8f-c318-426f-83f9-f44e945268a2@group-352661ED3FD5, cid=2679, SUCCESS, logIndex=3985, commits[edec9b8f-c318-426f-83f9-f44e945268a2:c3985, 02a03aee-1dd1-43c9-94ca-c76e2a537489:c3983, 9fb73170-bb25-48da-afcf-6f1f9e11598f:c3983]
2019-07-10 10:42:57,937 INFO  client.GrpcClientProtocolClient (GrpcClientProtocolClient.java:onNext(255)) - client-AC1CE418446C->edec9b8f-c318-426f-83f9-f44e945268a2: receive RaftClientReply:client-AC1CE418446C->edec9b8f-c318-426f-83f9-f44e945268a2@group-352661ED3FD5, cid=2680, SUCCESS, logIndex=0, commits[edec9b8f-c318-426f-83f9-f44e945268a2:c3987, 02a03aee-1dd1-43c9-94ca-c76e2a537489:c3985, 9fb73170-bb25-48da-afcf-6f1f9e11598f:c3985]
2019-07-10 10:42:57,984 INFO  client.GrpcClientProtocolClient (GrpcClientProtocolClient.java:onNext(255)) - client-AC1CE418446C->edec9b8f-c318-426f-83f9-f44e945268a2: receive RaftClientReply:client-AC1CE418446C->edec9b8f-c318-426f-83f9-f44e945268a2@group-352661ED3FD5, cid=2681, SUCCESS, logIndex=3988, commits[edec9b8f-c318-426f-83f9-f44e945268a2:c3990, 02a03aee-1dd1-43c9-94ca-c76e2a537489:c3987, 9fb73170-bb25-48da-afcf-6f1f9e11598f:c3987]
2019-07-10 10:42:57,985 INFO  client.GrpcClientProtocolClient (GrpcClientProtocolClient.java:onNext(255)) - client-AC1CE418446C->edec9b8f-c318-426f-83f9-f44e945268a2: receive RaftClientReply:client-AC1CE418446C->edec9b8f-c318-426f-83f9-f44e945268a2@group-352661ED3FD5, cid=2682, SUCCESS, logIndex=3989, commits[edec9b8f-c318-426f-83f9-f44e945268a2:c3991, 02a03aee-1dd1-43c9-94ca-c76e2a537489:c3987, 9fb73170-bb25-48da-afcf-6f1f9e11598f:c3987]
2019-07-10 10:42:57,985 INFO  client.GrpcClientProtocolClient (GrpcClientProtocolClient.java:onNext(255)) - client-AC1CE418446C->edec9b8f-c318-426f-83f9-f44e945268a2: receive RaftClientReply:client-AC1CE418446C->edec9b8f-c318-426f-83f9-f44e945268a2@group-352661ED3FD5, cid=2683, SUCCESS, logIndex=3990, commits[edec9b8f-c318-426f-83f9-f44e945268a2:c3991, 02a03aee-1dd1-43c9-94ca-c76e2a537489:c3987, 9fb73170-bb25-48da-afcf-6f1f9e11598f:c3987]
2019-07-10 10:42:57,985 INFO  client.GrpcClientProtocolClient (GrpcClientProtocolClient.java:onNext(255)) - client-AC1CE418446C->edec9b8f-c318-426f-83f9-f44e945268a2: receive RaftClientReply:client-AC1CE418446C->edec9b8f-c318-426f-83f9-f44e945268a2@group-352661ED3FD5, cid=2684, SUCCESS, logIndex=3991, commits[edec9b8f-c318-426f-83f9-f44e945268a2:c3991, 02a03aee-1dd1-43c9-94ca-c76e2a537489:c3987, 9fb73170-bb25-48da-afcf-6f1f9e11598f:c3987]
2019-07-10 10:42:58,000 INFO  client.GrpcClientProtocolClient (GrpcClientProtocolClient.java:onNext(255)) - client-AC1CE418446C->edec9b8f-c318-426f-83f9-f44e945268a2: receive RaftClientReply:client-AC1CE418446C->edec9b8f-c318-426f-83f9-f44e945268a2@group-352661ED3FD5, cid=2685, SUCCESS, logIndex=0, commits[edec9b8f-c318-426f-83f9-f44e945268a2:c3994, 02a03aee-1dd1-43c9-94ca-c76e2a537489:c3990, 9fb73170-bb25-48da-afcf-6f1f9e11598f:c3989]
2019-07-10 10:42:58,019 INFO  client.GrpcClientProtocolClient (GrpcClientProtocolClient.java:onNext(255)) - client-AC1CE418446C->edec9b8f-c318-426f-83f9-f44e945268a2: receive RaftClientReply:client-AC1CE418446C->edec9b8f-c318-426f-83f9-f44e945268a2@group-352661ED3FD5, cid=2686, SUCCESS, logIndex=3996, commits[edec9b8f-c318-426f-83f9-f44e945268a2:c3997, 02a03aee-1dd1-43c9-94ca-c76e2a537489:c3995, 9fb73170-bb25-48da-afcf-6f1f9e11598f:c3995]
2019-07-10 10:42:58,019 INFO  client.GrpcClientProtocolClient (GrpcClientProtocolClient.java:onNext(255)) - client-AC1CE418446C->edec9b8f-c318-426f-83f9-f44e945268a2: receive RaftClientReply:client-AC1CE418446C->edec9b8f-c318-426f-83f9-f44e945268a2@group-352661ED3FD5, cid=2687, SUCCESS, logIndex=3997, commits[edec9b8f-c318-426f-83f9-f44e945268a2:c3997, 02a03aee-1dd1-43c9-94ca-c76e2a537489:c3995, 9fb73170-bb25-48da-afcf-6f1f9e11598f:c3995]
2019-07-10 10:42:58,034 INFO  client.GrpcClientProtocolClient (GrpcClientProtocolClient.java:onNext(255)) - client-AC1CE418446C->edec9b8f-c318-426f-83f9-f44e945268a2: receive RaftClientReply:client-AC1CE418446C->edec9b8f-c318-426f-83f9-f44e945268a2@group-352661ED3FD5, cid=2688, SUCCESS, logIndex=4000, commits[edec9b8f-c318-426f-83f9-f44e945268a2:c4001, 02a03aee-1dd1-43c9-94ca-c76e2a537489:c3997, 9fb73170-bb25-48da-afcf-6f1f9e11598f:c3997]
2019-07-10 10:42:58,034 INFO  client.GrpcClientProtocolClient (GrpcClientProtocolClient.java:onNext(255)) - client-AC1CE418446C->edec9b8f-c318-426f-83f9-f44e945268a2: receive RaftClientReply:client-AC1CE418446C->edec9b8f-c318-426f-83f9-f44e945268a2@group-352661ED3FD5, cid=2689, SUCCESS, logIndex=4001, commits[edec9b8f-c318-426f-83f9-f44e945268a2:c4001, 02a03aee-1dd1-43c9-94ca-c76e2a537489:c3997, 9fb73170-bb25-48da-afcf-6f1f9e11598f:c3997]
2019-07-10 10:42:58,048 INFO  client.GrpcClientProtocolClient (GrpcClientProtocolClient.java:onNext(255)) - client-AC1CE418446C->edec9b8f-c318-426f-83f9-f44e945268a2: receive RaftClientReply:client-AC1CE418446C->edec9b8f-c318-426f-83f9-f44e945268a2@group-352661ED3FD5, cid=2690, SUCCESS, logIndex=0, commits[edec9b8f-c318-426f-83f9-f44e945268a2:c4003, 02a03aee-1dd1-43c9-94ca-c76e2a537489:c4001, 9fb73170-bb25-48da-afcf-6f1f9e11598f:c4001]
2019-07-10 10:42:58,078 INFO  client.GrpcClientProtocolClient (GrpcClientProtocolClient.java:onNext(255)) - client-AC1CE418446C->edec9b8f-c318-426f-83f9-f44e945268a2: receive RaftClientReply:client-AC1CE418446C->edec9b8f-c318-426f-83f9-f44e945268a2@group-352661ED3FD5, cid=2691, SUCCESS, logIndex=4004, commits[edec9b8f-c318-426f-83f9-f44e945268a2:c4006, 02a03aee-1dd1-43c9-94ca-c76e2a537489:c4003, 9fb73170-bb25-48da-afcf-6f1f9e11598f:c4003]
2019-07-10 10:42:58,079 INFO  client.GrpcClientProtocolClient (GrpcClientProtocolClient.java:onNext(255)) - client-AC1CE418446C->edec9b8f-c318-426f-83f9-f44e945268a2: receive RaftClientReply:client-AC1CE418446C->edec9b8f-c318-426f-83f9-f44e945268a2@group-352661ED3FD5, cid=2692, SUCCESS, logIndex=4005, commits[edec9b8f-c318-426f-83f9-f44e945268a2:c4007, 02a03aee-1dd1-43c9-94ca-c76e2a537489:c4003, 9fb73170-bb25-48da-afcf-6f1f9e11598f:c4003]
2019-07-10 10:42:58,079 INFO  client.GrpcClientProtocolClient (GrpcClientProtocolClient.java:onNext(255)) - client-AC1CE418446C->edec9b8f-c318-426f-83f9-f44e945268a2: receive RaftClientReply:client-AC1CE418446C->edec9b8f-c318-426f-83f9-f44e945268a2@group-352661ED3FD5, cid=2693, SUCCESS, logIndex=4006, commits[edec9b8f-c318-426f-83f9-f44e945268a2:c4007, 02a03aee-1dd1-43c9-94ca-c76e2a537489:c4003, 9fb73170-bb25-48da-afcf-6f1f9e11598f:c4003]
2019-07-10 10:42:58,080 INFO  client.GrpcClientProtocolClient (GrpcClientProtocolClient.java:onNext(255)) - client-AC1CE418446C->edec9b8f-c318-426f-83f9-f44e945268a2: receive RaftClientReply:client-AC1CE418446C->edec9b8f-c318-426f-83f9-f44e945268a2@group-352661ED3FD5, cid=2694, SUCCESS, logIndex=4007, commits[edec9b8f-c318-426f-83f9-f44e945268a2:c4007, 02a03aee-1dd1-43c9-94ca-c76e2a537489:c4003, 9fb73170-bb25-48da-afcf-6f1f9e11598f:c4003]
2019-07-10 10:42:58,082 INFO  client.GrpcClientProtocolClient (GrpcClientProtocolClient.java:onNext(255)) - client-AC1CE418446C->edec9b8f-c318-426f-83f9-f44e945268a2: receive RaftClientReply:client-AC1CE418446C->edec9b8f-c318-426f-83f9-f44e945268a2@group-352661ED3FD5, cid=2695, SUCCESS, logIndex=0, commits[edec9b8f-c318-426f-83f9-f44e945268a2:c4008, 02a03aee-1dd1-43c9-94ca-c76e2a537489:c4005, 9fb73170-bb25-48da-afcf-6f1f9e11598f:c4005]
2019-07-10 10:42:58,094 INFO  client.GrpcClientProtocolClient (GrpcClientProtocolClient.java:onNext(255)) - client-AC1CE418446C->edec9b8f-c318-426f-83f9-f44e945268a2: receive RaftClientReply:client-AC1CE418446C->edec9b8f-c318-426f-83f9-f44e945268a2@group-352661ED3FD5, cid=2696, SUCCESS, logIndex=4012, commits[edec9b8f-c318-426f-83f9-f44e945268a2:c4013, 02a03aee-1dd1-43c9-94ca-c76e2a537489:c4007, 9fb73170-bb25-48da-afcf-6f1f9e11598f:c4009]
2019-07-10 10:42:58,095 INFO  client.GrpcClientProtocolClient (GrpcClientProtocolClient.java:onNext(255)) - client-AC1CE418446C->edec9b8f-c318-426f-83f9-f44e945268a2: receive RaftClientReply:client-AC1CE418446C->edec9b8f-c318-426f-83f9-f44e945268a2@group-352661ED3FD5, cid=2697, SUCCESS, logIndex=4013, commits[edec9b8f-c318-426f-83f9-f44e945268a2:c4013, 02a03aee-1dd1-43c9-94ca-c76e2a537489:c4009, 9fb73170-bb25-48da-afcf-6f1f9e11598f:c4009]
2019-07-10 10:42:58,206 INFO  client.GrpcClientProtocolClient (GrpcClientProtocolClient.java:onNext(255)) - client-AC1CE418446C->edec9b8f-c318-426f-83f9-f44e945268a2: receive RaftClientReply:client-AC1CE418446C->edec9b8f-c318-426f-83f9-f44e945268a2@group-352661ED3FD5, cid=2698, SUCCESS, logIndex=4016, commits[edec9b8f-c318-426f-83f9-f44e945268a2:c4017, 02a03aee-1dd1-43c9-94ca-c76e2a537489:c4015, 9fb73170-bb25-48da-afcf-6f1f9e11598f:c4015]
2019-07-10 10:42:58,206 INFO  client.GrpcClientProtocolClient (GrpcClientProtocolClient.java:onNext(255)) - client-AC1CE418446C->edec9b8f-c318-426f-83f9-f44e945268a2: receive RaftClientReply:client-AC1CE418446C->edec9b8f-c318-426f-83f9-f44e945268a2@group-352661ED3FD5, cid=2699, SUCCESS, logIndex=4017, commits[edec9b8f-c318-426f-83f9-f44e945268a2:c4017, 02a03aee-1dd1-43c9-94ca-c76e2a537489:c4015, 9fb73170-bb25-48da-afcf-6f1f9e11598f:c4015]
2019-07-10 10:42:58,219 INFO  client.GrpcClientProtocolClient (GrpcClientProtocolClient.java:onNext(255)) - client-AC1CE418446C->edec9b8f-c318-426f-83f9-f44e945268a2: receive RaftClientReply:client-AC1CE418446C->edec9b8f-c318-426f-83f9-f44e945268a2@group-352661ED3FD5, cid=2700, SUCCESS, logIndex=0, commits[edec9b8f-c318-426f-83f9-f44e945268a2:c4019, 02a03aee-1dd1-43c9-94ca-c76e2a537489:c4017, 9fb73170-bb25-48da-afcf-6f1f9e11598f:c4017]
2019-07-10 10:42:58,243 INFO  client.GrpcClientProtocolClient (GrpcClientProtocolClient.java:onNext(255)) - client-AC1CE418446C->edec9b8f-c318-426f-83f9-f44e945268a2: receive RaftClientReply:client-AC1CE418446C->edec9b8f-c318-426f-83f9-f44e945268a2@group-352661ED3FD5, cid=2701, SUCCESS, logIndex=4020, commits[edec9b8f-c318-426f-83f9-f44e945268a2:c4023, 02a03aee-1dd1-43c9-94ca-c76e2a537489:c4017, 9fb73170-bb25-48da-afcf-6f1f9e11598f:c4019]
2019-07-10 10:42:58,244 INFO  client.GrpcClientProtocolClient (GrpcClientProtocolClient.java:onNext(255)) - client-AC1CE418446C->edec9b8f-c318-426f-83f9-f44e945268a2: receive RaftClientReply:client-AC1CE418446C->edec9b8f-c318-426f-83f9-f44e945268a2@group-352661ED3FD5, cid=2702, SUCCESS, logIndex=4021, commits[edec9b8f-c318-426f-83f9-f44e945268a2:c4023, 02a03aee-1dd1-43c9-94ca-c76e2a537489:c4019, 9fb73170-bb25-48da-afcf-6f1f9e11598f:c4019]
2019-07-10 10:42:58,244 INFO  client.GrpcClientProtocolClient (GrpcClientProtocolClient.java:onNext(255)) - client-AC1CE418446C->edec9b8f-c318-426f-83f9-f44e945268a2: receive RaftClientReply:client-AC1CE418446C->edec9b8f-c318-426f-83f9-f44e945268a2@group-352661ED3FD5, cid=2703, SUCCESS, logIndex=4022, commits[edec9b8f-c318-426f-83f9-f44e945268a2:c4023, 02a03aee-1dd1-43c9-94ca-c76e2a537489:c4019, 9fb73170-bb25-48da-afcf-6f1f9e11598f:c4019]
2019-07-10 10:42:58,245 INFO  client.GrpcClientProtocolClient (GrpcClientProtocolClient.java:onNext(255)) - client-AC1CE418446C->edec9b8f-c318-426f-83f9-f44e945268a2: receive RaftClientReply:client-AC1CE418446C->edec9b8f-c318-426f-83f9-f44e945268a2@group-352661ED3FD5, cid=2704, SUCCESS, logIndex=4023, commits[edec9b8f-c318-426f-83f9-f44e945268a2:c4024, 02a03aee-1dd1-43c9-94ca-c76e2a537489:c4019, 9fb73170-bb25-48da-afcf-6f1f9e11598f:c4021]
2019-07-10 10:42:58,246 INFO  client.GrpcClientProtocolClient (GrpcClientProtocolClient.java:onNext(255)) - client-AC1CE418446C->edec9b8f-c318-426f-83f9-f44e945268a2: receive RaftClientReply:client-AC1CE418446C->edec9b8f-c318-426f-83f9-f44e945268a2@group-352661ED3FD5, cid=2705, SUCCESS, logIndex=0, commits[edec9b8f-c318-426f-83f9-f44e945268a2:c4024, 02a03aee-1dd1-43c9-94ca-c76e2a537489:c4021, 9fb73170-bb25-48da-afcf-6f1f9e11598f:c4021]
2019-07-10 10:42:58,276 INFO  client.GrpcClientProtocolClient (GrpcClientProtocolClient.java:onNext(255)) - client-AC1CE418446C->edec9b8f-c318-426f-83f9-f44e945268a2: receive RaftClientReply:client-AC1CE418446C->edec9b8f-c318-426f-83f9-f44e945268a2@group-352661ED3FD5, cid=2706, SUCCESS, logIndex=4028, commits[edec9b8f-c318-426f-83f9-f44e945268a2:c4029, 02a03aee-1dd1-43c9-94ca-c76e2a537489:c4023, 9fb73170-bb25-48da-afcf-6f1f9e11598f:c4025]
2019-07-10 10:42:58,277 INFO  client.GrpcClientProtocolClient (GrpcClientProtocolClient.java:onNext(255)) - client-AC1CE418446C->edec9b8f-c318-426f-83f9-f44e945268a2: receive RaftClientReply:client-AC1CE418446C->edec9b8f-c318-426f-83f9-f44e945268a2@group-352661ED3FD5, cid=2707, SUCCESS, logIndex=4029, commits[edec9b8f-c318-426f-83f9-f44e945268a2:c4029, 02a03aee-1dd1-43c9-94ca-c76e2a537489:c4023, 9fb73170-bb25-48da-afcf-6f1f9e11598f:c4025]
2019-07-10 10:42:58,291 INFO  client.GrpcClientProtocolClient (GrpcClientProtocolClient.java:onNext(255)) - client-AC1CE418446C->edec9b8f-c318-426f-83f9-f44e945268a2: receive RaftClientReply:client-AC1CE418446C->edec9b8f-c318-426f-83f9-f44e945268a2@group-352661ED3FD5, cid=2708, SUCCESS, logIndex=4032, commits[edec9b8f-c318-426f-83f9-f44e945268a2:c4033, 02a03aee-1dd1-43c9-94ca-c76e2a537489:c4025, 9fb73170-bb25-48da-afcf-6f1f9e11598f:c4029]
2019-07-10 10:42:58,291 INFO  client.GrpcClientProtocolClient (GrpcClientProtocolClient.java:onNext(255)) - client-AC1CE418446C->edec9b8f-c318-426f-83f9-f44e945268a2: receive RaftClientReply:client-AC1CE418446C->edec9b8f-c318-426f-83f9-f44e945268a2@group-352661ED3FD5, cid=2709, SUCCESS, logIndex=4033, commits[edec9b8f-c318-426f-83f9-f44e945268a2:c4033, 02a03aee-1dd1-43c9-94ca-c76e2a537489:c4025, 9fb73170-bb25-48da-afcf-6f1f9e11598f:c4029]
2019-07-10 10:42:58,293 INFO  client.GrpcClientProtocolClient (GrpcClientProtocolClient.java:onNext(255)) - client-AC1CE418446C->edec9b8f-c318-426f-83f9-f44e945268a2: receive RaftClientReply:client-AC1CE418446C->edec9b8f-c318-426f-83f9-f44e945268a2@group-352661ED3FD5, cid=2710, SUCCESS, logIndex=0, commits[edec9b8f-c318-426f-83f9-f44e945268a2:c4033, 02a03aee-1dd1-43c9-94ca-c76e2a537489:c4029, 9fb73170-bb25-48da-afcf-6f1f9e11598f:c4029]
2019-07-10 10:42:58,303 INFO  client.GrpcClientProtocolClient (GrpcClientProtocolClient.java:onNext(255)) - client-AC1CE418446C->edec9b8f-c318-426f-83f9-f44e945268a2: receive RaftClientReply:client-AC1CE418446C->edec9b8f-c318-426f-83f9-f44e945268a2@group-352661ED3FD5, cid=2711, SUCCESS, logIndex=0, commits[edec9b8f-c318-426f-83f9-f44e945268a2:c4034, 02a03aee-1dd1-43c9-94ca-c76e2a537489:c4033, 9fb73170-bb25-48da-afcf-6f1f9e11598f:c4033]
2019-07-10 10:42:58,333 INFO  client.GrpcClientProtocolClient (GrpcClientProtocolClient.java:onNext(255)) - client-AC1CE418446C->edec9b8f-c318-426f-83f9-f44e945268a2: receive RaftClientReply:client-AC1CE418446C->edec9b8f-c318-426f-83f9-f44e945268a2@group-352661ED3FD5, cid=2712, SUCCESS, logIndex=4035, commits[edec9b8f-c318-426f-83f9-f44e945268a2:c4036, 02a03aee-1dd1-43c9-94ca-c76e2a537489:c4034, 9fb73170-bb25-48da-afcf-6f1f9e11598f:c4034]
2019-07-10 10:42:58,334 INFO  client.GrpcClientProtocolClient (GrpcClientProtocolClient.java:onNext(255)) - client-AC1CE418446C->edec9b8f-c318-426f-83f9-f44e945268a2: receive RaftClientReply:client-AC1CE418446C->edec9b8f-c318-426f-83f9-f44e945268a2@group-352661ED3FD5, cid=2713, SUCCESS, logIndex=4036, commits[edec9b8f-c318-426f-83f9-f44e945268a2:c4036, 02a03aee-1dd1-43c9-94ca-c76e2a537489:c4034, 9fb73170-bb25-48da-afcf-6f1f9e11598f:c4034]
2019-07-10 10:42:58,334 INFO  client.GrpcClientProtocolClient (GrpcClientProtocolClient.java:onNext(255)) - client-AC1CE418446C->edec9b8f-c318-426f-83f9-f44e945268a2: receive RaftClientReply:client-AC1CE418446C->edec9b8f-c318-426f-83f9-f44e945268a2@group-352661ED3FD5, cid=2714, SUCCESS, logIndex=4037, commits[edec9b8f-c318-426f-83f9-f44e945268a2:c4038, 02a03aee-1dd1-43c9-94ca-c76e2a537489:c4034, 9fb73170-bb25-48da-afcf-6f1f9e11598f:c4034]
2019-07-10 10:42:58,334 INFO  client.GrpcClientProtocolClient (GrpcClientProtocolClient.java:onNext(255)) - client-AC1CE418446C->edec9b8f-c318-426f-83f9-f44e945268a2: receive RaftClientReply:client-AC1CE418446C->edec9b8f-c318-426f-83f9-f44e945268a2@group-352661ED3FD5, cid=2715, SUCCESS, logIndex=4038, commits[edec9b8f-c318-426f-83f9-f44e945268a2:c4038, 02a03aee-1dd1-43c9-94ca-c76e2a537489:c4034, 9fb73170-bb25-48da-afcf-6f1f9e11598f:c4034]
2019-07-10 10:42:58,347 INFO  client.GrpcClientProtocolClient (GrpcClientProtocolClient.java:onNext(255)) - client-AC1CE418446C->edec9b8f-c318-426f-83f9-f44e945268a2: receive RaftClientReply:client-AC1CE418446C->edec9b8f-c318-426f-83f9-f44e945268a2@group-352661ED3FD5, cid=2716, SUCCESS, logIndex=0, commits[edec9b8f-c318-426f-83f9-f44e945268a2:c4041, 02a03aee-1dd1-43c9-94ca-c76e2a537489:c4038, 9fb73170-bb25-48da-afcf-6f1f9e11598f:c4036]
2019-07-10 10:42:58,366 INFO  client.GrpcClientProtocolClient (GrpcClientProtocolClient.java:onNext(255)) - client-AC1CE418446C->edec9b8f-c318-426f-83f9-f44e945268a2: receive RaftClientReply:client-AC1CE418446C->edec9b8f-c318-426f-83f9-f44e945268a2@group-352661ED3FD5, cid=2717, SUCCESS, logIndex=4042, commits[edec9b8f-c318-426f-83f9-f44e945268a2:c4043, 02a03aee-1dd1-43c9-94ca-c76e2a537489:c4041, 9fb73170-bb25-48da-afcf-6f1f9e11598f:c4041]
2019-07-10 10:42:58,366 INFO  client.GrpcClientProtocolClient (GrpcClientProtocolClient.java:onNext(255)) - client-AC1CE418446C->edec9b8f-c318-426f-83f9-f44e945268a2: receive RaftClientReply:client-AC1CE418446C->edec9b8f-c318-426f-83f9-f44e945268a2@group-352661ED3FD5, cid=2718, SUCCESS, logIndex=4043, commits[edec9b8f-c318-426f-83f9-f44e945268a2:c4043, 02a03aee-1dd1-43c9-94ca-c76e2a537489:c4041, 9fb73170-bb25-48da-afcf-6f1f9e11598f:c4041]
2019-07-10 10:42:58,392 INFO  client.GrpcClientProtocolClient (GrpcClientProtocolClient.java:onNext(255)) - client-AC1CE418446C->edec9b8f-c318-426f-83f9-f44e945268a2: receive RaftClientReply:client-AC1CE418446C->edec9b8f-c318-426f-83f9-f44e945268a2@group-352661ED3FD5, cid=2719, SUCCESS, logIndex=4046, commits[edec9b8f-c318-426f-83f9-f44e945268a2:c4047, 02a03aee-1dd1-43c9-94ca-c76e2a537489:c4043, 9fb73170-bb25-48da-afcf-6f1f9e11598f:c4043]
2019-07-10 10:42:58,392 INFO  client.GrpcClientProtocolClient (GrpcClientProtocolClient.java:onNext(255)) - client-AC1CE418446C->edec9b8f-c318-426f-83f9-f44e945268a2: receive RaftClientReply:client-AC1CE418446C->edec9b8f-c318-426f-83f9-f44e945268a2@group-352661ED3FD5, cid=2720, SUCCESS, logIndex=4047, commits[edec9b8f-c318-426f-83f9-f44e945268a2:c4047, 02a03aee-1dd1-43c9-94ca-c76e2a537489:c4043, 9fb73170-bb25-48da-afcf-6f1f9e11598f:c4043]
2019-07-10 10:42:58,406 INFO  client.GrpcClientProtocolClient (GrpcClientProtocolClient.java:onNext(255)) - client-AC1CE418446C->edec9b8f-c318-426f-83f9-f44e945268a2: receive RaftClientReply:client-AC1CE418446C->edec9b8f-c318-426f-83f9-f44e945268a2@group-352661ED3FD5, cid=2721, SUCCESS, logIndex=0, commits[edec9b8f-c318-426f-83f9-f44e945268a2:c4049, 02a03aee-1dd1-43c9-94ca-c76e2a537489:c4047, 9fb73170-bb25-48da-afcf-6f1f9e11598f:c4047]
 0.00% |█                                                                                                    |  0/1 Time: 0:00:242019-07-10 10:42:58,436 INFO  client.GrpcClientProtocolClient (GrpcClientProtocolClient.java:onNext(255)) - client-AC1CE418446C->edec9b8f-c318-426f-83f9-f44e945268a2: receive RaftClientReply:client-AC1CE418446C->edec9b8f-c318-426f-83f9-f44e945268a2@group-352661ED3FD5, cid=2722, SUCCESS, logIndex=4050, commits[edec9b8f-c318-426f-83f9-f44e945268a2:c4051, 02a03aee-1dd1-43c9-94ca-c76e2a537489:c4049, 9fb73170-bb25-48da-afcf-6f1f9e11598f:c4049]
2019-07-10 10:42:58,437 INFO  client.GrpcClientProtocolClient (GrpcClientProtocolClient.java:onNext(255)) - client-AC1CE418446C->edec9b8f-c318-426f-83f9-f44e945268a2: receive RaftClientReply:client-AC1CE418446C->edec9b8f-c318-426f-83f9-f44e945268a2@group-352661ED3FD5, cid=2723, SUCCESS, logIndex=4051, commits[edec9b8f-c318-426f-83f9-f44e945268a2:c4053, 02a03aee-1dd1-43c9-94ca-c76e2a537489:c4049, 9fb73170-bb25-48da-afcf-6f1f9e11598f:c4049]
2019-07-10 10:42:58,437 INFO  client.GrpcClientProtocolClient (GrpcClientProtocolClient.java:onNext(255)) - client-AC1CE418446C->edec9b8f-c318-426f-83f9-f44e945268a2: receive RaftClientReply:client-AC1CE418446C->edec9b8f-c318-426f-83f9-f44e945268a2@group-352661ED3FD5, cid=2724, SUCCESS, logIndex=4052, commits[edec9b8f-c318-426f-83f9-f44e945268a2:c4053, 02a03aee-1dd1-43c9-94ca-c76e2a537489:c4049, 9fb73170-bb25-48da-afcf-6f1f9e11598f:c4049]
2019-07-10 10:42:58,437 INFO  client.GrpcClientProtocolClient (GrpcClientProtocolClient.java:onNext(255)) - client-AC1CE418446C->edec9b8f-c318-426f-83f9-f44e945268a2: receive RaftClientReply:client-AC1CE418446C->edec9b8f-c318-426f-83f9-f44e945268a2@group-352661ED3FD5, cid=2725, SUCCESS, logIndex=4053, commits[edec9b8f-c318-426f-83f9-f44e945268a2:c4053, 02a03aee-1dd1-43c9-94ca-c76e2a537489:c4049, 9fb73170-bb25-48da-afcf-6f1f9e11598f:c4049]
2019-07-10 10:42:58,440 INFO  client.GrpcClientProtocolClient (GrpcClientProtocolClient.java:onNext(255)) - client-AC1CE418446C->edec9b8f-c318-426f-83f9-f44e945268a2: receive RaftClientReply:client-AC1CE418446C->edec9b8f-c318-426f-83f9-f44e945268a2@group-352661ED3FD5, cid=2726, SUCCESS, logIndex=0, commits[edec9b8f-c318-426f-83f9-f44e945268a2:c4055, 02a03aee-1dd1-43c9-94ca-c76e2a537489:c4051, 9fb73170-bb25-48da-afcf-6f1f9e11598f:c4051]
2019-07-10 10:42:58,452 INFO  client.GrpcClientProtocolClient (GrpcClientProtocolClient.java:onNext(255)) - client-AC1CE418446C->edec9b8f-c318-426f-83f9-f44e945268a2: receive RaftClientReply:client-AC1CE418446C->edec9b8f-c318-426f-83f9-f44e945268a2@group-352661ED3FD5, cid=2727, SUCCESS, logIndex=4057, commits[edec9b8f-c318-426f-83f9-f44e945268a2:c4058, 02a03aee-1dd1-43c9-94ca-c76e2a537489:c4056, 9fb73170-bb25-48da-afcf-6f1f9e11598f:c4053]
2019-07-10 10:42:58,452 INFO  client.GrpcClientProtocolClient (GrpcClientProtocolClient.java:onNext(255)) - client-AC1CE418446C->edec9b8f-c318-426f-83f9-f44e945268a2: receive RaftClientReply:client-AC1CE418446C->edec9b8f-c318-426f-83f9-f44e945268a2@group-352661ED3FD5, cid=2728, SUCCESS, logIndex=4058, commits[edec9b8f-c318-426f-83f9-f44e945268a2:c4058, 02a03aee-1dd1-43c9-94ca-c76e2a537489:c4056, 9fb73170-bb25-48da-afcf-6f1f9e11598f:c4056]
2019-07-10 10:42:58,479 INFO  client.GrpcClientProtocolClient (GrpcClientProtocolClient.java:onNext(255)) - client-AC1CE418446C->edec9b8f-c318-426f-83f9-f44e945268a2: receive RaftClientReply:client-AC1CE418446C->edec9b8f-c318-426f-83f9-f44e945268a2@group-352661ED3FD5, cid=2729, SUCCESS, logIndex=4061, commits[edec9b8f-c318-426f-83f9-f44e945268a2:c4062, 02a03aee-1dd1-43c9-94ca-c76e2a537489:c4059, 9fb73170-bb25-48da-afcf-6f1f9e11598f:c4059]
2019-07-10 10:42:58,480 INFO  client.GrpcClientProtocolClient (GrpcClientProtocolClient.java:onNext(255)) - client-AC1CE418446C->edec9b8f-c318-426f-83f9-f44e945268a2: receive RaftClientReply:client-AC1CE418446C->edec9b8f-c318-426f-83f9-f44e945268a2@group-352661ED3FD5, cid=2730, SUCCESS, logIndex=4062, commits[edec9b8f-c318-426f-83f9-f44e945268a2:c4062, 02a03aee-1dd1-43c9-94ca-c76e2a537489:c4059, 9fb73170-bb25-48da-afcf-6f1f9e11598f:c4059]
2019-07-10 10:42:58,493 INFO  client.GrpcClientProtocolClient (GrpcClientProtocolClient.java:onNext(255)) - client-AC1CE418446C->edec9b8f-c318-426f-83f9-f44e945268a2: receive RaftClientReply:client-AC1CE418446C->edec9b8f-c318-426f-83f9-f44e945268a2@group-352661ED3FD5, cid=2731, SUCCESS, logIndex=0, commits[edec9b8f-c318-426f-83f9-f44e945268a2:c4063, 02a03aee-1dd1-43c9-94ca-c76e2a537489:c4062, 9fb73170-bb25-48da-afcf-6f1f9e11598f:c4062]
2019-07-10 10:42:58,519 INFO  client.GrpcClientProtocolClient (GrpcClientProtocolClient.java:onNext(255)) - client-AC1CE418446C->edec9b8f-c318-426f-83f9-f44e945268a2: receive RaftClientReply:client-AC1CE418446C->edec9b8f-c318-426f-83f9-f44e945268a2@group-352661ED3FD5, cid=2732, SUCCESS, logIndex=4065, commits[edec9b8f-c318-426f-83f9-f44e945268a2:c4066, 02a03aee-1dd1-43c9-94ca-c76e2a537489:c4064, 9fb73170-bb25-48da-afcf-6f1f9e11598f:c4064]
2019-07-10 10:42:58,519 INFO  client.GrpcClientProtocolClient (GrpcClientProtocolClient.java:onNext(255)) - client-AC1CE418446C->edec9b8f-c318-426f-83f9-f44e945268a2: receive RaftClientReply:client-AC1CE418446C->edec9b8f-c318-426f-83f9-f44e945268a2@group-352661ED3FD5, cid=2733, SUCCESS, logIndex=4066, commits[edec9b8f-c318-426f-83f9-f44e945268a2:c4068, 02a03aee-1dd1-43c9-94ca-c76e2a537489:c4064, 9fb73170-bb25-48da-afcf-6f1f9e11598f:c4064]
2019-07-10 10:42:58,519 INFO  client.GrpcClientProtocolClient (GrpcClientProtocolClient.java:onNext(255)) - client-AC1CE418446C->edec9b8f-c318-426f-83f9-f44e945268a2: receive RaftClientReply:client-AC1CE418446C->edec9b8f-c318-426f-83f9-f44e945268a2@group-352661ED3FD5, cid=2734, SUCCESS, logIndex=4067, commits[edec9b8f-c318-426f-83f9-f44e945268a2:c4068, 02a03aee-1dd1-43c9-94ca-c76e2a537489:c4064, 9fb73170-bb25-48da-afcf-6f1f9e11598f:c4064]
2019-07-10 10:42:58,520 INFO  client.GrpcClientProtocolClient (GrpcClientProtocolClient.java:onNext(255)) - client-AC1CE418446C->edec9b8f-c318-426f-83f9-f44e945268a2: receive RaftClientReply:client-AC1CE418446C->edec9b8f-c318-426f-83f9-f44e945268a2@group-352661ED3FD5, cid=2735, SUCCESS, logIndex=4068, commits[edec9b8f-c318-426f-83f9-f44e945268a2:c4069, 02a03aee-1dd1-43c9-94ca-c76e2a537489:c4065, 9fb73170-bb25-48da-afcf-6f1f9e11598f:c4064]
2019-07-10 10:42:58,522 INFO  client.GrpcClientProtocolClient (GrpcClientProtocolClient.java:onNext(255)) - client-AC1CE418446C->edec9b8f-c318-426f-83f9-f44e945268a2: receive RaftClientReply:client-AC1CE418446C->edec9b8f-c318-426f-83f9-f44e945268a2@group-352661ED3FD5, cid=2736, SUCCESS, logIndex=0, commits[edec9b8f-c318-426f-83f9-f44e945268a2:c4070, 02a03aee-1dd1-43c9-94ca-c76e2a537489:c4066, 9fb73170-bb25-48da-afcf-6f1f9e11598f:c4066]
2019-07-10 10:42:58,535 INFO  client.GrpcClientProtocolClient (GrpcClientProtocolClient.java:onNext(255)) - client-AC1CE418446C->edec9b8f-c318-426f-83f9-f44e945268a2: receive RaftClientReply:client-AC1CE418446C->edec9b8f-c318-426f-83f9-f44e945268a2@group-352661ED3FD5, cid=2737, SUCCESS, logIndex=4073, commits[edec9b8f-c318-426f-83f9-f44e945268a2:c4074, 02a03aee-1dd1-43c9-94ca-c76e2a537489:c4072, 9fb73170-bb25-48da-afcf-6f1f9e11598f:c4068]
2019-07-10 10:42:58,535 INFO  client.GrpcClientProtocolClient (GrpcClientProtocolClient.java:onNext(255)) - client-AC1CE418446C->edec9b8f-c318-426f-83f9-f44e945268a2: receive RaftClientReply:client-AC1CE418446C->edec9b8f-c318-426f-83f9-f44e945268a2@group-352661ED3FD5, cid=2738, SUCCESS, logIndex=4074, commits[edec9b8f-c318-426f-83f9-f44e945268a2:c4074, 02a03aee-1dd1-43c9-94ca-c76e2a537489:c4072, 9fb73170-bb25-48da-afcf-6f1f9e11598f:c4072]
2019-07-10 10:42:58,552 INFO  client.GrpcClientProtocolClient (GrpcClientProtocolClient.java:onNext(255)) - client-AC1CE418446C->edec9b8f-c318-426f-83f9-f44e945268a2: receive RaftClientReply:client-AC1CE418446C->edec9b8f-c318-426f-83f9-f44e945268a2@group-352661ED3FD5, cid=2739, SUCCESS, logIndex=4077, commits[edec9b8f-c318-426f-83f9-f44e945268a2:c4078, 02a03aee-1dd1-43c9-94ca-c76e2a537489:c4075, 9fb73170-bb25-48da-afcf-6f1f9e11598f:c4075]
2019-07-10 10:42:58,553 INFO  client.GrpcClientProtocolClient (GrpcClientProtocolClient.java:onNext(255)) - client-AC1CE418446C->edec9b8f-c318-426f-83f9-f44e945268a2: receive RaftClientReply:client-AC1CE418446C->edec9b8f-c318-426f-83f9-f44e945268a2@group-352661ED3FD5, cid=2740, SUCCESS, logIndex=4078, commits[edec9b8f-c318-426f-83f9-f44e945268a2:c4078, 02a03aee-1dd1-43c9-94ca-c76e2a537489:c4075, 9fb73170-bb25-48da-afcf-6f1f9e11598f:c4075]
2019-07-10 10:42:58,577 INFO  client.GrpcClientProtocolClient (GrpcClientProtocolClient.java:onNext(255)) - client-AC1CE418446C->edec9b8f-c318-426f-83f9-f44e945268a2: receive RaftClientReply:client-AC1CE418446C->edec9b8f-c318-426f-83f9-f44e945268a2@group-352661ED3FD5, cid=2741, SUCCESS, logIndex=0, commits[edec9b8f-c318-426f-83f9-f44e945268a2:c4080, 02a03aee-1dd1-43c9-94ca-c76e2a537489:c4078, 9fb73170-bb25-48da-afcf-6f1f9e11598f:c4078]
2019-07-10 10:42:58,605 INFO  client.GrpcClientProtocolClient (GrpcClientProtocolClient.java:onNext(255)) - client-AC1CE418446C->edec9b8f-c318-426f-83f9-f44e945268a2: receive RaftClientReply:client-AC1CE418446C->edec9b8f-c318-426f-83f9-f44e945268a2@group-352661ED3FD5, cid=2742, SUCCESS, logIndex=4081, commits[edec9b8f-c318-426f-83f9-f44e945268a2:c4081, 02a03aee-1dd1-43c9-94ca-c76e2a537489:c4080, 9fb73170-bb25-48da-afcf-6f1f9e11598f:c4080]
2019-07-10 10:42:58,605 INFO  client.GrpcClientProtocolClient (GrpcClientProtocolClient.java:onNext(255)) - client-AC1CE418446C->edec9b8f-c318-426f-83f9-f44e945268a2: receive RaftClientReply:client-AC1CE418446C->edec9b8f-c318-426f-83f9-f44e945268a2@group-352661ED3FD5, cid=2743, SUCCESS, logIndex=4082, commits[edec9b8f-c318-426f-83f9-f44e945268a2:c4082, 02a03aee-1dd1-43c9-94ca-c76e2a537489:c4080, 9fb73170-bb25-48da-afcf-6f1f9e11598f:c4080]
2019-07-10 10:42:58,606 INFO  client.GrpcClientProtocolClient (GrpcClientProtocolClient.java:onNext(255)) - client-AC1CE418446C->edec9b8f-c318-426f-83f9-f44e945268a2: receive RaftClientReply:client-AC1CE418446C->edec9b8f-c318-426f-83f9-f44e945268a2@group-352661ED3FD5, cid=2744, SUCCESS, logIndex=4083, commits[edec9b8f-c318-426f-83f9-f44e945268a2:c4083, 02a03aee-1dd1-43c9-94ca-c76e2a537489:c4080, 9fb73170-bb25-48da-afcf-6f1f9e11598f:c4080]
2019-07-10 10:42:58,606 INFO  client.GrpcClientProtocolClient (GrpcClientProtocolClient.java:onNext(255)) - client-AC1CE418446C->edec9b8f-c318-426f-83f9-f44e945268a2: receive RaftClientReply:client-AC1CE418446C->edec9b8f-c318-426f-83f9-f44e945268a2@group-352661ED3FD5, cid=2745, SUCCESS, logIndex=4084, commits[edec9b8f-c318-426f-83f9-f44e945268a2:c4084, 02a03aee-1dd1-43c9-94ca-c76e2a537489:c4080, 9fb73170-bb25-48da-afcf-6f1f9e11598f:c4080]
2019-07-10 10:42:58,607 INFO  client.GrpcClientProtocolClient (GrpcClientProtocolClient.java:onNext(255)) - client-AC1CE418446C->edec9b8f-c318-426f-83f9-f44e945268a2: receive RaftClientReply:client-AC1CE418446C->edec9b8f-c318-426f-83f9-f44e945268a2@group-352661ED3FD5, cid=2746, SUCCESS, logIndex=0, commits[edec9b8f-c318-426f-83f9-f44e945268a2:c4086, 02a03aee-1dd1-43c9-94ca-c76e2a537489:c4082, 9fb73170-bb25-48da-afcf-6f1f9e11598f:c4082]
2019-07-10 10:42:58,626 INFO  client.GrpcClientProtocolClient (GrpcClientProtocolClient.java:onNext(255)) - client-AC1CE418446C->edec9b8f-c318-426f-83f9-f44e945268a2: receive RaftClientReply:client-AC1CE418446C->edec9b8f-c318-426f-83f9-f44e945268a2@group-352661ED3FD5, cid=2747, SUCCESS, logIndex=4089, commits[edec9b8f-c318-426f-83f9-f44e945268a2:c4090, 02a03aee-1dd1-43c9-94ca-c76e2a537489:c4088, 9fb73170-bb25-48da-afcf-6f1f9e11598f:c4088]
2019-07-10 10:42:58,627 INFO  client.GrpcClientProtocolClient (GrpcClientProtocolClient.java:onNext(255)) - client-AC1CE418446C->edec9b8f-c318-426f-83f9-f44e945268a2: receive RaftClientReply:client-AC1CE418446C->edec9b8f-c318-426f-83f9-f44e945268a2@group-352661ED3FD5, cid=2748, SUCCESS, logIndex=4090, commits[edec9b8f-c318-426f-83f9-f44e945268a2:c4090, 02a03aee-1dd1-43c9-94ca-c76e2a537489:c4088, 9fb73170-bb25-48da-afcf-6f1f9e11598f:c4088]
2019-07-10 10:42:58,641 INFO  client.GrpcClientProtocolClient (GrpcClientProtocolClient.java:onNext(255)) - client-AC1CE418446C->edec9b8f-c318-426f-83f9-f44e945268a2: receive RaftClientReply:client-AC1CE418446C->edec9b8f-c318-426f-83f9-f44e945268a2@group-352661ED3FD5, cid=2749, SUCCESS, logIndex=4093, commits[edec9b8f-c318-426f-83f9-f44e945268a2:c4094, 02a03aee-1dd1-43c9-94ca-c76e2a537489:c4090, 9fb73170-bb25-48da-afcf-6f1f9e11598f:c4090]
2019-07-10 10:42:58,642 INFO  client.GrpcClientProtocolClient (GrpcClientProtocolClient.java:onNext(255)) - client-AC1CE418446C->edec9b8f-c318-426f-83f9-f44e945268a2: receive RaftClientReply:client-AC1CE418446C->edec9b8f-c318-426f-83f9-f44e945268a2@group-352661ED3FD5, cid=2750, SUCCESS, logIndex=4094, commits[edec9b8f-c318-426f-83f9-f44e945268a2:c4094, 02a03aee-1dd1-43c9-94ca-c76e2a537489:c4090, 9fb73170-bb25-48da-afcf-6f1f9e11598f:c4090]
2019-07-10 10:42:58,656 INFO  client.GrpcClientProtocolClient (GrpcClientProtocolClient.java:onNext(255)) - client-AC1CE418446C->edec9b8f-c318-426f-83f9-f44e945268a2: receive RaftClientReply:client-AC1CE418446C->edec9b8f-c318-426f-83f9-f44e945268a2@group-352661ED3FD5, cid=2751, SUCCESS, logIndex=0, commits[edec9b8f-c318-426f-83f9-f44e945268a2:c4096, 02a03aee-1dd1-43c9-94ca-c76e2a537489:c4094, 9fb73170-bb25-48da-afcf-6f1f9e11598f:c4094]
2019-07-10 10:42:58,684 INFO  client.GrpcClientProtocolClient (GrpcClientProtocolClient.java:onNext(255)) - client-AC1CE418446C->edec9b8f-c318-426f-83f9-f44e945268a2: receive RaftClientReply:client-AC1CE418446C->edec9b8f-c318-426f-83f9-f44e945268a2@group-352661ED3FD5, cid=2752, SUCCESS, logIndex=4097, commits[edec9b8f-c318-426f-83f9-f44e945268a2:c4098, 02a03aee-1dd1-43c9-94ca-c76e2a537489:c4096, 9fb73170-bb25-48da-afcf-6f1f9e11598f:c4096]
2019-07-10 10:42:58,685 INFO  client.GrpcClientProtocolClient (GrpcClientProtocolClient.java:onNext(255)) - client-AC1CE418446C->edec9b8f-c318-426f-83f9-f44e945268a2: receive RaftClientReply:client-AC1CE418446C->edec9b8f-c318-426f-83f9-f44e945268a2@group-352661ED3FD5, cid=2753, SUCCESS, logIndex=4098, commits[edec9b8f-c318-426f-83f9-f44e945268a2:c4098, 02a03aee-1dd1-43c9-94ca-c76e2a537489:c4096, 9fb73170-bb25-48da-afcf-6f1f9e11598f:c4096]
2019-07-10 10:42:58,685 INFO  client.GrpcClientProtocolClient (GrpcClientProtocolClient.java:onNext(255)) - client-AC1CE418446C->edec9b8f-c318-426f-83f9-f44e945268a2: receive RaftClientReply:client-AC1CE418446C->edec9b8f-c318-426f-83f9-f44e945268a2@group-352661ED3FD5, cid=2754, SUCCESS, logIndex=4099, commits[edec9b8f-c318-426f-83f9-f44e945268a2:c4099, 02a03aee-1dd1-43c9-94ca-c76e2a537489:c4096, 9fb73170-bb25-48da-afcf-6f1f9e11598f:c4096]
2019-07-10 10:42:58,686 INFO  client.GrpcClientProtocolClient (GrpcClientProtocolClient.java:onNext(255)) - client-AC1CE418446C->edec9b8f-c318-426f-83f9-f44e945268a2: receive RaftClientReply:client-AC1CE418446C->edec9b8f-c318-426f-83f9-f44e945268a2@group-352661ED3FD5, cid=2755, SUCCESS, logIndex=4100, commits[edec9b8f-c318-426f-83f9-f44e945268a2:c4100, 02a03aee-1dd1-43c9-94ca-c76e2a537489:c4096, 9fb73170-bb25-48da-afcf-6f1f9e11598f:c4096]
2019-07-10 10:42:58,699 INFO  client.GrpcClientProtocolClient (GrpcClientProtocolClient.java:onNext(255)) - client-AC1CE418446C->edec9b8f-c318-426f-83f9-f44e945268a2: receive RaftClientReply:client-AC1CE418446C->edec9b8f-c318-426f-83f9-f44e945268a2@group-352661ED3FD5, cid=2756, SUCCESS, logIndex=0, commits[edec9b8f-c318-426f-83f9-f44e945268a2:c4102, 02a03aee-1dd1-43c9-94ca-c76e2a537489:c4098, 9fb73170-bb25-48da-afcf-6f1f9e11598f:c4098]
2019-07-10 10:42:58,718 INFO  client.GrpcClientProtocolClient (GrpcClientProtocolClient.java:onNext(255)) - client-AC1CE418446C->edec9b8f-c318-426f-83f9-f44e945268a2: receive RaftClientReply:client-AC1CE418446C->edec9b8f-c318-426f-83f9-f44e945268a2@group-352661ED3FD5, cid=2757, SUCCESS, logIndex=4105, commits[edec9b8f-c318-426f-83f9-f44e945268a2:c4105, 02a03aee-1dd1-43c9-94ca-c76e2a537489:c4104, 9fb73170-bb25-48da-afcf-6f1f9e11598f:c4104]
2019-07-10 10:42:58,719 INFO  client.GrpcClientProtocolClient (GrpcClientProtocolClient.java:onNext(255)) - client-AC1CE418446C->edec9b8f-c318-426f-83f9-f44e945268a2: receive RaftClientReply:client-AC1CE418446C->edec9b8f-c318-426f-83f9-f44e945268a2@group-352661ED3FD5, cid=2758, SUCCESS, logIndex=4106, commits[edec9b8f-c318-426f-83f9-f44e945268a2:c4106, 02a03aee-1dd1-43c9-94ca-c76e2a537489:c4104, 9fb73170-bb25-48da-afcf-6f1f9e11598f:c4104]
2019-07-10 10:42:58,751 INFO  client.GrpcClientProtocolClient (GrpcClientProtocolClient.java:onNext(255)) - client-AC1CE418446C->edec9b8f-c318-426f-83f9-f44e945268a2: receive RaftClientReply:client-AC1CE418446C->edec9b8f-c318-426f-83f9-f44e945268a2@group-352661ED3FD5, cid=2759, SUCCESS, logIndex=4109, commits[edec9b8f-c318-426f-83f9-f44e945268a2:c4110, 02a03aee-1dd1-43c9-94ca-c76e2a537489:c4106, 9fb73170-bb25-48da-afcf-6f1f9e11598f:c4106]
2019-07-10 10:42:58,751 INFO  client.GrpcClientProtocolClient (GrpcClientProtocolClient.java:onNext(255)) - client-AC1CE418446C->edec9b8f-c318-426f-83f9-f44e945268a2: receive RaftClientReply:client-AC1CE418446C->edec9b8f-c318-426f-83f9-f44e945268a2@group-352661ED3FD5, cid=2760, SUCCESS, logIndex=4110, commits[edec9b8f-c318-426f-83f9-f44e945268a2:c4110, 02a03aee-1dd1-43c9-94ca-c76e2a537489:c4106, 9fb73170-bb25-48da-afcf-6f1f9e11598f:c4106]
2019-07-10 10:42:58,764 INFO  client.GrpcClientProtocolClient (GrpcClientProtocolClient.java:onNext(255)) - client-AC1CE418446C->edec9b8f-c318-426f-83f9-f44e945268a2: receive RaftClientReply:client-AC1CE418446C->edec9b8f-c318-426f-83f9-f44e945268a2@group-352661ED3FD5, cid=2761, SUCCESS, logIndex=0, commits[edec9b8f-c318-426f-83f9-f44e945268a2:c4111, 02a03aee-1dd1-43c9-94ca-c76e2a537489:c4110, 9fb73170-bb25-48da-afcf-6f1f9e11598f:c4110]
2019-07-10 10:42:58,791 INFO  client.GrpcClientProtocolClient (GrpcClientProtocolClient.java:onNext(255)) - client-AC1CE418446C->edec9b8f-c318-426f-83f9-f44e945268a2: receive RaftClientReply:client-AC1CE418446C->edec9b8f-c318-426f-83f9-f44e945268a2@group-352661ED3FD5, cid=2762, SUCCESS, logIndex=4113, commits[edec9b8f-c318-426f-83f9-f44e945268a2:c4114, 02a03aee-1dd1-43c9-94ca-c76e2a537489:c4112, 9fb73170-bb25-48da-afcf-6f1f9e11598f:c4112]
2019-07-10 10:42:58,792 INFO  client.GrpcClientProtocolClient (GrpcClientProtocolClient.java:onNext(255)) - client-AC1CE418446C->edec9b8f-c318-426f-83f9-f44e945268a2: receive RaftClientReply:client-AC1CE418446C->edec9b8f-c318-426f-83f9-f44e945268a2@group-352661ED3FD5, cid=2763, SUCCESS, logIndex=4114, commits[edec9b8f-c318-426f-83f9-f44e945268a2:c4114, 02a03aee-1dd1-43c9-94ca-c76e2a537489:c4112, 9fb73170-bb25-48da-afcf-6f1f9e11598f:c4112]
2019-07-10 10:42:58,792 INFO  client.GrpcClientProtocolClient (GrpcClientProtocolClient.java:onNext(255)) - client-AC1CE418446C->edec9b8f-c318-426f-83f9-f44e945268a2: receive RaftClientReply:client-AC1CE418446C->edec9b8f-c318-426f-83f9-f44e945268a2@group-352661ED3FD5, cid=2764, SUCCESS, logIndex=4115, commits[edec9b8f-c318-426f-83f9-f44e945268a2:c4115, 02a03aee-1dd1-43c9-94ca-c76e2a537489:c4112, 9fb73170-bb25-48da-afcf-6f1f9e11598f:c4112]
2019-07-10 10:42:58,793 INFO  client.GrpcClientProtocolClient (GrpcClientProtocolClient.java:onNext(255)) - client-AC1CE418446C->edec9b8f-c318-426f-83f9-f44e945268a2: receive RaftClientReply:client-AC1CE418446C->edec9b8f-c318-426f-83f9-f44e945268a2@group-352661ED3FD5, cid=2765, SUCCESS, logIndex=4116, commits[edec9b8f-c318-426f-83f9-f44e945268a2:c4116, 02a03aee-1dd1-43c9-94ca-c76e2a537489:c4112, 9fb73170-bb25-48da-afcf-6f1f9e11598f:c4112]
2019-07-10 10:42:58,796 INFO  client.GrpcClientProtocolClient (GrpcClientProtocolClient.java:onNext(255)) - client-AC1CE418446C->edec9b8f-c318-426f-83f9-f44e945268a2: receive RaftClientReply:client-AC1CE418446C->edec9b8f-c318-426f-83f9-f44e945268a2@group-352661ED3FD5, cid=2766, SUCCESS, logIndex=0, commits[edec9b8f-c318-426f-83f9-f44e945268a2:c4118, 02a03aee-1dd1-43c9-94ca-c76e2a537489:c4114, 9fb73170-bb25-48da-afcf-6f1f9e11598f:c4114]
2019-07-10 10:42:58,809 INFO  client.GrpcClientProtocolClient (GrpcClientProtocolClient.java:onNext(255)) - client-AC1CE418446C->edec9b8f-c318-426f-83f9-f44e945268a2: receive RaftClientReply:client-AC1CE418446C->edec9b8f-c318-426f-83f9-f44e945268a2@group-352661ED3FD5, cid=2767, SUCCESS, logIndex=4121, commits[edec9b8f-c318-426f-83f9-f44e945268a2:c4122, 02a03aee-1dd1-43c9-94ca-c76e2a537489:c4120, 9fb73170-bb25-48da-afcf-6f1f9e11598f:c4120]
2019-07-10 10:42:58,810 INFO  client.GrpcClientProtocolClient (GrpcClientProtocolClient.java:onNext(255)) - client-AC1CE418446C->edec9b8f-c318-426f-83f9-f44e945268a2: receive RaftClientReply:client-AC1CE418446C->edec9b8f-c318-426f-83f9-f44e945268a2@group-352661ED3FD5, cid=2768, SUCCESS, logIndex=4122, commits[edec9b8f-c318-426f-83f9-f44e945268a2:c4122, 02a03aee-1dd1-43c9-94ca-c76e2a537489:c4120, 9fb73170-bb25-48da-afcf-6f1f9e11598f:c4120]
2019-07-10 10:42:58,825 INFO  client.GrpcClientProtocolClient (GrpcClientProtocolClient.java:onNext(255)) - client-AC1CE418446C->edec9b8f-c318-426f-83f9-f44e945268a2: receive RaftClientReply:client-AC1CE418446C->edec9b8f-c318-426f-83f9-f44e945268a2@group-352661ED3FD5, cid=2769, SUCCESS, logIndex=4125, commits[edec9b8f-c318-426f-83f9-f44e945268a2:c4125, 02a03aee-1dd1-43c9-94ca-c76e2a537489:c4122, 9fb73170-bb25-48da-afcf-6f1f9e11598f:c4122]
2019-07-10 10:42:58,825 INFO  client.GrpcClientProtocolClient (GrpcClientProtocolClient.java:onNext(255)) - client-AC1CE418446C->edec9b8f-c318-426f-83f9-f44e945268a2: receive RaftClientReply:client-AC1CE418446C->edec9b8f-c318-426f-83f9-f44e945268a2@group-352661ED3FD5, cid=2770, SUCCESS, logIndex=4126, commits[edec9b8f-c318-426f-83f9-f44e945268a2:c4126, 02a03aee-1dd1-43c9-94ca-c76e2a537489:c4122, 9fb73170-bb25-48da-afcf-6f1f9e11598f:c4122]
2019-07-10 10:42:58,839 INFO  client.GrpcClientProtocolClient (GrpcClientProtocolClient.java:onNext(255)) - client-AC1CE418446C->edec9b8f-c318-426f-83f9-f44e945268a2: receive RaftClientReply:client-AC1CE418446C->edec9b8f-c318-426f-83f9-f44e945268a2@group-352661ED3FD5, cid=2771, SUCCESS, logIndex=0, commits[edec9b8f-c318-426f-83f9-f44e945268a2:c4128, 02a03aee-1dd1-43c9-94ca-c76e2a537489:c4126, 9fb73170-bb25-48da-afcf-6f1f9e11598f:c4126]
2019-07-10 10:42:58,869 INFO  client.GrpcClientProtocolClient (GrpcClientProtocolClient.java:onNext(255)) - client-AC1CE418446C->edec9b8f-c318-426f-83f9-f44e945268a2: receive RaftClientReply:client-AC1CE418446C->edec9b8f-c318-426f-83f9-f44e945268a2@group-352661ED3FD5, cid=2772, SUCCESS, logIndex=4129, commits[edec9b8f-c318-426f-83f9-f44e945268a2:c4130, 02a03aee-1dd1-43c9-94ca-c76e2a537489:c4128, 9fb73170-bb25-48da-afcf-6f1f9e11598f:c4128]
2019-07-10 10:42:58,870 INFO  client.GrpcClientProtocolClient (GrpcClientProtocolClient.java:onNext(255)) - client-AC1CE418446C->edec9b8f-c318-426f-83f9-f44e945268a2: receive RaftClientReply:client-AC1CE418446C->edec9b8f-c318-426f-83f9-f44e945268a2@group-352661ED3FD5, cid=2773, SUCCESS, logIndex=4130, commits[edec9b8f-c318-426f-83f9-f44e945268a2:c4132, 02a03aee-1dd1-43c9-94ca-c76e2a537489:c4128, 9fb73170-bb25-48da-afcf-6f1f9e11598f:c4128]
2019-07-10 10:42:58,870 INFO  client.GrpcClientProtocolClient (GrpcClientProtocolClient.java:onNext(255)) - client-AC1CE418446C->edec9b8f-c318-426f-83f9-f44e945268a2: receive RaftClientReply:client-AC1CE418446C->edec9b8f-c318-426f-83f9-f44e945268a2@group-352661ED3FD5, cid=2774, SUCCESS, logIndex=4131, commits[edec9b8f-c318-426f-83f9-f44e945268a2:c4133, 02a03aee-1dd1-43c9-94ca-c76e2a537489:c4128, 9fb73170-bb25-48da-afcf-6f1f9e11598f:c4129]
2019-07-10 10:42:58,870 INFO  client.GrpcClientProtocolClient (GrpcClientProtocolClient.java:onNext(255)) - client-AC1CE418446C->edec9b8f-c318-426f-83f9-f44e945268a2: receive RaftClientReply:client-AC1CE418446C->edec9b8f-c318-426f-83f9-f44e945268a2@group-352661ED3FD5, cid=2775, SUCCESS, logIndex=4132, commits[edec9b8f-c318-426f-83f9-f44e945268a2:c4134, 02a03aee-1dd1-43c9-94ca-c76e2a537489:c4129, 9fb73170-bb25-48da-afcf-6f1f9e11598f:c4130]
2019-07-10 10:42:58,871 INFO  client.GrpcClientProtocolClient (GrpcClientProtocolClient.java:onNext(255)) - client-AC1CE418446C->edec9b8f-c318-426f-83f9-f44e945268a2: receive RaftClientReply:client-AC1CE418446C->edec9b8f-c318-426f-83f9-f44e945268a2@group-352661ED3FD5, cid=2776, SUCCESS, logIndex=0, commits[edec9b8f-c318-426f-83f9-f44e945268a2:c4136, 02a03aee-1dd1-43c9-94ca-c76e2a537489:c4130, 9fb73170-bb25-48da-afcf-6f1f9e11598f:c4132]
2019-07-10 10:42:58,889 INFO  client.GrpcClientProtocolClient (GrpcClientProtocolClient.java:onNext(255)) - client-AC1CE418446C->edec9b8f-c318-426f-83f9-f44e945268a2: receive RaftClientReply:client-AC1CE418446C->edec9b8f-c318-426f-83f9-f44e945268a2@group-352661ED3FD5, cid=2777, SUCCESS, logIndex=4137, commits[edec9b8f-c318-426f-83f9-f44e945268a2:c4137, 02a03aee-1dd1-43c9-94ca-c76e2a537489:c4136, 9fb73170-bb25-48da-afcf-6f1f9e11598f:c4136]
2019-07-10 10:42:58,889 INFO  client.GrpcClientProtocolClient (GrpcClientProtocolClient.java:onNext(255)) - client-AC1CE418446C->edec9b8f-c318-426f-83f9-f44e945268a2: receive RaftClientReply:client-AC1CE418446C->edec9b8f-c318-426f-83f9-f44e945268a2@group-352661ED3FD5, cid=2778, SUCCESS, logIndex=4138, commits[edec9b8f-c318-426f-83f9-f44e945268a2:c4138, 02a03aee-1dd1-43c9-94ca-c76e2a537489:c4136, 9fb73170-bb25-48da-afcf-6f1f9e11598f:c4136]
2019-07-10 10:42:58,915 INFO  client.GrpcClientProtocolClient (GrpcClientProtocolClient.java:onNext(255)) - client-AC1CE418446C->edec9b8f-c318-426f-83f9-f44e945268a2: receive RaftClientReply:client-AC1CE418446C->edec9b8f-c318-426f-83f9-f44e945268a2@group-352661ED3FD5, cid=2779, SUCCESS, logIndex=4141, commits[edec9b8f-c318-426f-83f9-f44e945268a2:c4141, 02a03aee-1dd1-43c9-94ca-c76e2a537489:c4138, 9fb73170-bb25-48da-afcf-6f1f9e11598f:c4138]
2019-07-10 10:42:58,915 INFO  client.GrpcClientProtocolClient (GrpcClientProtocolClient.java:onNext(255)) - client-AC1CE418446C->edec9b8f-c318-426f-83f9-f44e945268a2: receive RaftClientReply:client-AC1CE418446C->edec9b8f-c318-426f-83f9-f44e945268a2@group-352661ED3FD5, cid=2780, SUCCESS, logIndex=4142, commits[edec9b8f-c318-426f-83f9-f44e945268a2:c4142, 02a03aee-1dd1-43c9-94ca-c76e2a537489:c4138, 9fb73170-bb25-48da-afcf-6f1f9e11598f:c4138]
2019-07-10 10:42:58,929 INFO  client.GrpcClientProtocolClient (GrpcClientProtocolClient.java:onNext(255)) - client-AC1CE418446C->edec9b8f-c318-426f-83f9-f44e945268a2: receive RaftClientReply:client-AC1CE418446C->edec9b8f-c318-426f-83f9-f44e945268a2@group-352661ED3FD5, cid=2781, SUCCESS, logIndex=0, commits[edec9b8f-c318-426f-83f9-f44e945268a2:c4143, 02a03aee-1dd1-43c9-94ca-c76e2a537489:c4142, 9fb73170-bb25-48da-afcf-6f1f9e11598f:c4142]
2019-07-10 10:42:58,957 INFO  client.GrpcClientProtocolClient (GrpcClientProtocolClient.java:onNext(255)) - client-AC1CE418446C->edec9b8f-c318-426f-83f9-f44e945268a2: receive RaftClientReply:client-AC1CE418446C->edec9b8f-c318-426f-83f9-f44e945268a2@group-352661ED3FD5, cid=2782, SUCCESS, logIndex=4145, commits[edec9b8f-c318-426f-83f9-f44e945268a2:c4146, 02a03aee-1dd1-43c9-94ca-c76e2a537489:c4144, 9fb73170-bb25-48da-afcf-6f1f9e11598f:c4144]
2019-07-10 10:42:58,957 INFO  client.GrpcClientProtocolClient (GrpcClientProtocolClient.java:onNext(255)) - client-AC1CE418446C->edec9b8f-c318-426f-83f9-f44e945268a2: receive RaftClientReply:client-AC1CE418446C->edec9b8f-c318-426f-83f9-f44e945268a2@group-352661ED3FD5, cid=2783, SUCCESS, logIndex=4146, commits[edec9b8f-c318-426f-83f9-f44e945268a2:c4148, 02a03aee-1dd1-43c9-94ca-c76e2a537489:c4144, 9fb73170-bb25-48da-afcf-6f1f9e11598f:c4144]
2019-07-10 10:42:58,957 INFO  client.GrpcClientProtocolClient (GrpcClientProtocolClient.java:onNext(255)) - client-AC1CE418446C->edec9b8f-c318-426f-83f9-f44e945268a2: receive RaftClientReply:client-AC1CE418446C->edec9b8f-c318-426f-83f9-f44e945268a2@group-352661ED3FD5, cid=2784, SUCCESS, logIndex=4147, commits[edec9b8f-c318-426f-83f9-f44e945268a2:c4148, 02a03aee-1dd1-43c9-94ca-c76e2a537489:c4144, 9fb73170-bb25-48da-afcf-6f1f9e11598f:c4144]
2019-07-10 10:42:58,958 INFO  client.GrpcClientProtocolClient (GrpcClientProtocolClient.java:onNext(255)) - client-AC1CE418446C->edec9b8f-c318-426f-83f9-f44e945268a2: receive RaftClientReply:client-AC1CE418446C->edec9b8f-c318-426f-83f9-f44e945268a2@group-352661ED3FD5, cid=2785, SUCCESS, logIndex=4148, commits[edec9b8f-c318-426f-83f9-f44e945268a2:c4148, 02a03aee-1dd1-43c9-94ca-c76e2a537489:c4144, 9fb73170-bb25-48da-afcf-6f1f9e11598f:c4144]
2019-07-10 10:42:58,973 INFO  client.GrpcClientProtocolClient (GrpcClientProtocolClient.java:onNext(255)) - client-AC1CE418446C->edec9b8f-c318-426f-83f9-f44e945268a2: receive RaftClientReply:client-AC1CE418446C->edec9b8f-c318-426f-83f9-f44e945268a2@group-352661ED3FD5, cid=2786, SUCCESS, logIndex=0, commits[edec9b8f-c318-426f-83f9-f44e945268a2:c4151, 02a03aee-1dd1-43c9-94ca-c76e2a537489:c4146, 9fb73170-bb25-48da-afcf-6f1f9e11598f:c4148]
2019-07-10 10:42:59,006 INFO  client.GrpcClientProtocolClient (GrpcClientProtocolClient.java:onNext(255)) - client-AC1CE418446C->edec9b8f-c318-426f-83f9-f44e945268a2: receive RaftClientReply:client-AC1CE418446C->edec9b8f-c318-426f-83f9-f44e945268a2@group-352661ED3FD5, cid=2787, SUCCESS, logIndex=4152, commits[edec9b8f-c318-426f-83f9-f44e945268a2:c4153, 02a03aee-1dd1-43c9-94ca-c76e2a537489:c4151, 9fb73170-bb25-48da-afcf-6f1f9e11598f:c4151]
2019-07-10 10:42:59,006 INFO  client.GrpcClientProtocolClient (GrpcClientProtocolClient.java:onNext(255)) - client-AC1CE418446C->edec9b8f-c318-426f-83f9-f44e945268a2: receive RaftClientReply:client-AC1CE418446C->edec9b8f-c318-426f-83f9-f44e945268a2@group-352661ED3FD5, cid=2788, SUCCESS, logIndex=4153, commits[edec9b8f-c318-426f-83f9-f44e945268a2:c4153, 02a03aee-1dd1-43c9-94ca-c76e2a537489:c4151, 9fb73170-bb25-48da-afcf-6f1f9e11598f:c4151]
2019-07-10 10:42:59,129 INFO  client.GrpcClientProtocolClient (GrpcClientProtocolClient.java:onNext(255)) - client-AC1CE418446C->edec9b8f-c318-426f-83f9-f44e945268a2: receive RaftClientReply:client-AC1CE418446C->edec9b8f-c318-426f-83f9-f44e945268a2@group-352661ED3FD5, cid=2789, SUCCESS, logIndex=4156, commits[edec9b8f-c318-426f-83f9-f44e945268a2:c4157, 02a03aee-1dd1-43c9-94ca-c76e2a537489:c4154, 9fb73170-bb25-48da-afcf-6f1f9e11598f:c4154]
2019-07-10 10:42:59,129 INFO  client.GrpcClientProtocolClient (GrpcClientProtocolClient.java:onNext(255)) - client-AC1CE418446C->edec9b8f-c318-426f-83f9-f44e945268a2: receive RaftClientReply:client-AC1CE418446C->edec9b8f-c318-426f-83f9-f44e945268a2@group-352661ED3FD5, cid=2790, SUCCESS, logIndex=4157, commits[edec9b8f-c318-426f-83f9-f44e945268a2:c4157, 02a03aee-1dd1-43c9-94ca-c76e2a537489:c4154, 9fb73170-bb25-48da-afcf-6f1f9e11598f:c4154]
2019-07-10 10:42:59,143 INFO  client.GrpcClientProtocolClient (GrpcClientProtocolClient.java:onNext(255)) - client-AC1CE418446C->edec9b8f-c318-426f-83f9-f44e945268a2: receive RaftClientReply:client-AC1CE418446C->edec9b8f-c318-426f-83f9-f44e945268a2@group-352661ED3FD5, cid=2791, SUCCESS, logIndex=0, commits[edec9b8f-c318-426f-83f9-f44e945268a2:c4158, 02a03aee-1dd1-43c9-94ca-c76e2a537489:c4157, 9fb73170-bb25-48da-afcf-6f1f9e11598f:c4157]
2019-07-10 10:42:59,176 INFO  client.GrpcClientProtocolClient (GrpcClientProtocolClient.java:onNext(255)) - client-AC1CE418446C->edec9b8f-c318-426f-83f9-f44e945268a2: receive RaftClientReply:client-AC1CE418446C->edec9b8f-c318-426f-83f9-f44e945268a2@group-352661ED3FD5, cid=2792, SUCCESS, logIndex=4160, commits[edec9b8f-c318-426f-83f9-f44e945268a2:c4162, 02a03aee-1dd1-43c9-94ca-c76e2a537489:c4159, 9fb73170-bb25-48da-afcf-6f1f9e11598f:c4159]
2019-07-10 10:42:59,176 INFO  client.GrpcClientProtocolClient (GrpcClientProtocolClient.java:onNext(255)) - client-AC1CE418446C->edec9b8f-c318-426f-83f9-f44e945268a2: receive RaftClientReply:client-AC1CE418446C->edec9b8f-c318-426f-83f9-f44e945268a2@group-352661ED3FD5, cid=2793, SUCCESS, logIndex=4161, commits[edec9b8f-c318-426f-83f9-f44e945268a2:c4163, 02a03aee-1dd1-43c9-94ca-c76e2a537489:c4159, 9fb73170-bb25-48da-afcf-6f1f9e11598f:c4159]
2019-07-10 10:42:59,177 INFO  client.GrpcClientProtocolClient (GrpcClientProtocolClient.java:onNext(255)) - client-AC1CE418446C->edec9b8f-c318-426f-83f9-f44e945268a2: receive RaftClientReply:client-AC1CE418446C->edec9b8f-c318-426f-83f9-f44e945268a2@group-352661ED3FD5, cid=2794, SUCCESS, logIndex=4162, commits[edec9b8f-c318-426f-83f9-f44e945268a2:c4163, 02a03aee-1dd1-43c9-94ca-c76e2a537489:c4159, 9fb73170-bb25-48da-afcf-6f1f9e11598f:c4159]
2019-07-10 10:42:59,177 INFO  client.GrpcClientProtocolClient (GrpcClientProtocolClient.java:onNext(255)) - client-AC1CE418446C->edec9b8f-c318-426f-83f9-f44e945268a2: receive RaftClientReply:client-AC1CE418446C->edec9b8f-c318-426f-83f9-f44e945268a2@group-352661ED3FD5, cid=2795, SUCCESS, logIndex=4163, commits[edec9b8f-c318-426f-83f9-f44e945268a2:c4163, 02a03aee-1dd1-43c9-94ca-c76e2a537489:c4159, 9fb73170-bb25-48da-afcf-6f1f9e11598f:c4159]
2019-07-10 10:42:59,191 INFO  client.GrpcClientProtocolClient (GrpcClientProtocolClient.java:onNext(255)) - client-AC1CE418446C->edec9b8f-c318-426f-83f9-f44e945268a2: receive RaftClientReply:client-AC1CE418446C->edec9b8f-c318-426f-83f9-f44e945268a2@group-352661ED3FD5, cid=2796, SUCCESS, logIndex=0, commits[edec9b8f-c318-426f-83f9-f44e945268a2:c4166, 02a03aee-1dd1-43c9-94ca-c76e2a537489:c4162, 9fb73170-bb25-48da-afcf-6f1f9e11598f:c4161]
2019-07-10 10:42:59,212 INFO  client.GrpcClientProtocolClient (GrpcClientProtocolClient.java:onNext(255)) - client-AC1CE418446C->edec9b8f-c318-426f-83f9-f44e945268a2: receive RaftClientReply:client-AC1CE418446C->edec9b8f-c318-426f-83f9-f44e945268a2@group-352661ED3FD5, cid=2797, SUCCESS, logIndex=4168, commits[edec9b8f-c318-426f-83f9-f44e945268a2:c4169, 02a03aee-1dd1-43c9-94ca-c76e2a537489:c4167, 9fb73170-bb25-48da-afcf-6f1f9e11598f:c4167]
2019-07-10 10:42:59,212 INFO  client.GrpcClientProtocolClient (GrpcClientProtocolClient.java:onNext(255)) - client-AC1CE418446C->edec9b8f-c318-426f-83f9-f44e945268a2: receive RaftClientReply:client-AC1CE418446C->edec9b8f-c318-426f-83f9-f44e945268a2@group-352661ED3FD5, cid=2798, SUCCESS, logIndex=4169, commits[edec9b8f-c318-426f-83f9-f44e945268a2:c4169, 02a03aee-1dd1-43c9-94ca-c76e2a537489:c4167, 9fb73170-bb25-48da-afcf-6f1f9e11598f:c4167]
2019-07-10 10:42:59,226 INFO  client.GrpcClientProtocolClient (GrpcClientProtocolClient.java:onNext(255)) - client-AC1CE418446C->edec9b8f-c318-426f-83f9-f44e945268a2: receive RaftClientReply:client-AC1CE418446C->edec9b8f-c318-426f-83f9-f44e945268a2@group-352661ED3FD5, cid=2799, SUCCESS, logIndex=4172, commits[edec9b8f-c318-426f-83f9-f44e945268a2:c4173, 02a03aee-1dd1-43c9-94ca-c76e2a537489:c4168, 9fb73170-bb25-48da-afcf-6f1f9e11598f:c4169]
2019-07-10 10:42:59,226 INFO  client.GrpcClientProtocolClient (GrpcClientProtocolClient.java:onNext(255)) - client-AC1CE418446C->edec9b8f-c318-426f-83f9-f44e945268a2: receive RaftClientReply:client-AC1CE418446C->edec9b8f-c318-426f-83f9-f44e945268a2@group-352661ED3FD5, cid=2800, SUCCESS, logIndex=4173, commits[edec9b8f-c318-426f-83f9-f44e945268a2:c4173, 02a03aee-1dd1-43c9-94ca-c76e2a537489:c4169, 9fb73170-bb25-48da-afcf-6f1f9e11598f:c4169]
2019-07-10 10:42:59,228 INFO  client.GrpcClientProtocolClient (GrpcClientProtocolClient.java:onNext(255)) - client-AC1CE418446C->edec9b8f-c318-426f-83f9-f44e945268a2: receive RaftClientReply:client-AC1CE418446C->edec9b8f-c318-426f-83f9-f44e945268a2@group-352661ED3FD5, cid=2801, SUCCESS, logIndex=0, commits[edec9b8f-c318-426f-83f9-f44e945268a2:c4175, 02a03aee-1dd1-43c9-94ca-c76e2a537489:c4173, 9fb73170-bb25-48da-afcf-6f1f9e11598f:c4173]
2019-07-10 10:42:59,257 INFO  client.GrpcClientProtocolClient (GrpcClientProtocolClient.java:onNext(255)) - client-AC1CE418446C->edec9b8f-c318-426f-83f9-f44e945268a2: receive RaftClientReply:client-AC1CE418446C->edec9b8f-c318-426f-83f9-f44e945268a2@group-352661ED3FD5, cid=2802, SUCCESS, logIndex=4176, commits[edec9b8f-c318-426f-83f9-f44e945268a2:c4176, 02a03aee-1dd1-43c9-94ca-c76e2a537489:c4175, 9fb73170-bb25-48da-afcf-6f1f9e11598f:c4175]
2019-07-10 10:42:59,258 INFO  client.GrpcClientProtocolClient (GrpcClientProtocolClient.java:onNext(255)) - client-AC1CE418446C->edec9b8f-c318-426f-83f9-f44e945268a2: receive RaftClientReply:client-AC1CE418446C->edec9b8f-c318-426f-83f9-f44e945268a2@group-352661ED3FD5, cid=2803, SUCCESS, logIndex=4177, commits[edec9b8f-c318-426f-83f9-f44e945268a2:c4179, 02a03aee-1dd1-43c9-94ca-c76e2a537489:c4175, 9fb73170-bb25-48da-afcf-6f1f9e11598f:c4175]
2019-07-10 10:42:59,258 INFO  client.GrpcClientProtocolClient (GrpcClientProtocolClient.java:onNext(255)) - client-AC1CE418446C->edec9b8f-c318-426f-83f9-f44e945268a2: receive RaftClientReply:client-AC1CE418446C->edec9b8f-c318-426f-83f9-f44e945268a2@group-352661ED3FD5, cid=2804, SUCCESS, logIndex=4178, commits[edec9b8f-c318-426f-83f9-f44e945268a2:c4179, 02a03aee-1dd1-43c9-94ca-c76e2a537489:c4175, 9fb73170-bb25-48da-afcf-6f1f9e11598f:c4175]
2019-07-10 10:42:59,258 INFO  client.GrpcClientProtocolClient (GrpcClientProtocolClient.java:onNext(255)) - client-AC1CE418446C->edec9b8f-c318-426f-83f9-f44e945268a2: receive RaftClientReply:client-AC1CE418446C->edec9b8f-c318-426f-83f9-f44e945268a2@group-352661ED3FD5, cid=2805, SUCCESS, logIndex=4179, commits[edec9b8f-c318-426f-83f9-f44e945268a2:c4179, 02a03aee-1dd1-43c9-94ca-c76e2a537489:c4175, 9fb73170-bb25-48da-afcf-6f1f9e11598f:c4175]
2019-07-10 10:42:59,271 INFO  client.GrpcClientProtocolClient (GrpcClientProtocolClient.java:onNext(255)) - client-AC1CE418446C->edec9b8f-c318-426f-83f9-f44e945268a2: receive RaftClientReply:client-AC1CE418446C->edec9b8f-c318-426f-83f9-f44e945268a2@group-352661ED3FD5, cid=2806, SUCCESS, logIndex=0, commits[edec9b8f-c318-426f-83f9-f44e945268a2:c4181, 02a03aee-1dd1-43c9-94ca-c76e2a537489:c4179, 9fb73170-bb25-48da-afcf-6f1f9e11598f:c4179]
2019-07-10 10:42:59,290 INFO  client.GrpcClientProtocolClient (GrpcClientProtocolClient.java:onNext(255)) - client-AC1CE418446C->edec9b8f-c318-426f-83f9-f44e945268a2: receive RaftClientReply:client-AC1CE418446C->edec9b8f-c318-426f-83f9-f44e945268a2@group-352661ED3FD5, cid=2807, SUCCESS, logIndex=4182, commits[edec9b8f-c318-426f-83f9-f44e945268a2:c4183, 02a03aee-1dd1-43c9-94ca-c76e2a537489:c4181, 9fb73170-bb25-48da-afcf-6f1f9e11598f:c4179]
2019-07-10 10:42:59,291 INFO  client.GrpcClientProtocolClient (GrpcClientProtocolClient.java:onNext(255)) - client-AC1CE418446C->edec9b8f-c318-426f-83f9-f44e945268a2: receive RaftClientReply:client-AC1CE418446C->edec9b8f-c318-426f-83f9-f44e945268a2@group-352661ED3FD5, cid=2808, SUCCESS, logIndex=4183, commits[edec9b8f-c318-426f-83f9-f44e945268a2:c4183, 02a03aee-1dd1-43c9-94ca-c76e2a537489:c4181, 9fb73170-bb25-48da-afcf-6f1f9e11598f:c4179]
2019-07-10 10:42:59,320 INFO  client.GrpcClientProtocolClient (GrpcClientProtocolClient.java:onNext(255)) - client-AC1CE418446C->edec9b8f-c318-426f-83f9-f44e945268a2: receive RaftClientReply:client-AC1CE418446C->edec9b8f-c318-426f-83f9-f44e945268a2@group-352661ED3FD5, cid=2809, SUCCESS, logIndex=4186, commits[edec9b8f-c318-426f-83f9-f44e945268a2:c4186, 02a03aee-1dd1-43c9-94ca-c76e2a537489:c4183, 9fb73170-bb25-48da-afcf-6f1f9e11598f:c4182]
2019-07-10 10:42:59,321 INFO  client.GrpcClientProtocolClient (GrpcClientProtocolClient.java:onNext(255)) - client-AC1CE418446C->edec9b8f-c318-426f-83f9-f44e945268a2: receive RaftClientReply:client-AC1CE418446C->edec9b8f-c318-426f-83f9-f44e945268a2@group-352661ED3FD5, cid=2810, SUCCESS, logIndex=4187, commits[edec9b8f-c318-426f-83f9-f44e945268a2:c4187, 02a03aee-1dd1-43c9-94ca-c76e2a537489:c4183, 9fb73170-bb25-48da-afcf-6f1f9e11598f:c4183]
2019-07-10 10:42:59,332 INFO  client.GrpcClientProtocolClient (GrpcClientProtocolClient.java:onNext(255)) - client-AC1CE418446C->edec9b8f-c318-426f-83f9-f44e945268a2: receive RaftClientReply:client-AC1CE418446C->edec9b8f-c318-426f-83f9-f44e945268a2@group-352661ED3FD5, cid=2811, SUCCESS, logIndex=0, commits[edec9b8f-c318-426f-83f9-f44e945268a2:c4189, 02a03aee-1dd1-43c9-94ca-c76e2a537489:c4187, 9fb73170-bb25-48da-afcf-6f1f9e11598f:c4187]
2019-07-10 10:42:59,365 INFO  client.GrpcClientProtocolClient (GrpcClientProtocolClient.java:onNext(255)) - client-AC1CE418446C->edec9b8f-c318-426f-83f9-f44e945268a2: receive RaftClientReply:client-AC1CE418446C->edec9b8f-c318-426f-83f9-f44e945268a2@group-352661ED3FD5, cid=2812, SUCCESS, logIndex=4190, commits[edec9b8f-c318-426f-83f9-f44e945268a2:c4191, 02a03aee-1dd1-43c9-94ca-c76e2a537489:c4189, 9fb73170-bb25-48da-afcf-6f1f9e11598f:c4189]
2019-07-10 10:42:59,365 INFO  client.GrpcClientProtocolClient (GrpcClientProtocolClient.java:onNext(255)) - client-AC1CE418446C->edec9b8f-c318-426f-83f9-f44e945268a2: receive RaftClientReply:client-AC1CE418446C->edec9b8f-c318-426f-83f9-f44e945268a2@group-352661ED3FD5, cid=2813, SUCCESS, logIndex=4191, commits[edec9b8f-c318-426f-83f9-f44e945268a2:c4193, 02a03aee-1dd1-43c9-94ca-c76e2a537489:c4189, 9fb73170-bb25-48da-afcf-6f1f9e11598f:c4189]
2019-07-10 10:42:59,366 INFO  client.GrpcClientProtocolClient (GrpcClientProtocolClient.java:onNext(255)) - client-AC1CE418446C->edec9b8f-c318-426f-83f9-f44e945268a2: receive RaftClientReply:client-AC1CE418446C->edec9b8f-c318-426f-83f9-f44e945268a2@group-352661ED3FD5, cid=2814, SUCCESS, logIndex=4192, commits[edec9b8f-c318-426f-83f9-f44e945268a2:c4193, 02a03aee-1dd1-43c9-94ca-c76e2a537489:c4189, 9fb73170-bb25-48da-afcf-6f1f9e11598f:c4189]
2019-07-10 10:42:59,366 INFO  client.GrpcClientProtocolClient (GrpcClientProtocolClient.java:onNext(255)) - client-AC1CE418446C->edec9b8f-c318-426f-83f9-f44e945268a2: receive RaftClientReply:client-AC1CE418446C->edec9b8f-c318-426f-83f9-f44e945268a2@group-352661ED3FD5, cid=2815, SUCCESS, logIndex=4193, commits[edec9b8f-c318-426f-83f9-f44e945268a2:c4193, 02a03aee-1dd1-43c9-94ca-c76e2a537489:c4189, 9fb73170-bb25-48da-afcf-6f1f9e11598f:c4189]
2019-07-10 10:42:59,378 INFO  client.GrpcClientProtocolClient (GrpcClientProtocolClient.java:onNext(255)) - client-AC1CE418446C->edec9b8f-c318-426f-83f9-f44e945268a2: receive RaftClientReply:client-AC1CE418446C->edec9b8f-c318-426f-83f9-f44e945268a2@group-352661ED3FD5, cid=2816, SUCCESS, logIndex=0, commits[edec9b8f-c318-426f-83f9-f44e945268a2:c4195, 02a03aee-1dd1-43c9-94ca-c76e2a537489:c4191, 9fb73170-bb25-48da-afcf-6f1f9e11598f:c4191]
2019-07-10 10:42:59,397 INFO  client.GrpcClientProtocolClient (GrpcClientProtocolClient.java:onNext(255)) - client-AC1CE418446C->edec9b8f-c318-426f-83f9-f44e945268a2: receive RaftClientReply:client-AC1CE418446C->edec9b8f-c318-426f-83f9-f44e945268a2@group-352661ED3FD5, cid=2817, SUCCESS, logIndex=4198, commits[edec9b8f-c318-426f-83f9-f44e945268a2:c4199, 02a03aee-1dd1-43c9-94ca-c76e2a537489:c4197, 9fb73170-bb25-48da-afcf-6f1f9e11598f:c4197]
2019-07-10 10:42:59,398 INFO  client.GrpcClientProtocolClient (GrpcClientProtocolClient.java:onNext(255)) - client-AC1CE418446C->edec9b8f-c318-426f-83f9-f44e945268a2: receive RaftClientReply:client-AC1CE418446C->edec9b8f-c318-426f-83f9-f44e945268a2@group-352661ED3FD5, cid=2818, SUCCESS, logIndex=4199, commits[edec9b8f-c318-426f-83f9-f44e945268a2:c4199, 02a03aee-1dd1-43c9-94ca-c76e2a537489:c4197, 9fb73170-bb25-48da-afcf-6f1f9e11598f:c4197]
2019-07-10 10:42:59,412 INFO  client.GrpcClientProtocolClient (GrpcClientProtocolClient.java:onNext(255)) - client-AC1CE418446C->edec9b8f-c318-426f-83f9-f44e945268a2: receive RaftClientReply:client-AC1CE418446C->edec9b8f-c318-426f-83f9-f44e945268a2@group-352661ED3FD5, cid=2819, SUCCESS, logIndex=4202, commits[edec9b8f-c318-426f-83f9-f44e945268a2:c4202, 02a03aee-1dd1-43c9-94ca-c76e2a537489:c4199, 9fb73170-bb25-48da-afcf-6f1f9e11598f:c4199]
2019-07-10 10:42:59,412 INFO  client.GrpcClientProtocolClient (GrpcClientProtocolClient.java:onNext(255)) - client-AC1CE418446C->edec9b8f-c318-426f-83f9-f44e945268a2: receive RaftClientReply:client-AC1CE418446C->edec9b8f-c318-426f-83f9-f44e945268a2@group-352661ED3FD5, cid=2820, SUCCESS, logIndex=4203, commits[edec9b8f-c318-426f-83f9-f44e945268a2:c4203, 02a03aee-1dd1-43c9-94ca-c76e2a537489:c4199, 9fb73170-bb25-48da-afcf-6f1f9e11598f:c4199]
 0.00% |█                                                                                                    |  0/1 Time: 0:00:252019-07-10 10:42:59,425 INFO  client.GrpcClientProtocolClient (GrpcClientProtocolClient.java:onNext(255)) - client-AC1CE418446C->edec9b8f-c318-426f-83f9-f44e945268a2: receive RaftClientReply:client-AC1CE418446C->edec9b8f-c318-426f-83f9-f44e945268a2@group-352661ED3FD5, cid=2821, SUCCESS, logIndex=0, commits[edec9b8f-c318-426f-83f9-f44e945268a2:c4205, 02a03aee-1dd1-43c9-94ca-c76e2a537489:c4203, 9fb73170-bb25-48da-afcf-6f1f9e11598f:c4203]
2019-07-10 10:42:59,456 INFO  client.GrpcClientProtocolClient (GrpcClientProtocolClient.java:onNext(255)) - client-AC1CE418446C->edec9b8f-c318-426f-83f9-f44e945268a2: receive RaftClientReply:client-AC1CE418446C->edec9b8f-c318-426f-83f9-f44e945268a2@group-352661ED3FD5, cid=2822, SUCCESS, logIndex=4206, commits[edec9b8f-c318-426f-83f9-f44e945268a2:c4208, 02a03aee-1dd1-43c9-94ca-c76e2a537489:c4205, 9fb73170-bb25-48da-afcf-6f1f9e11598f:c4205]
2019-07-10 10:42:59,457 INFO  client.GrpcClientProtocolClient (GrpcClientProtocolClient.java:onNext(255)) - client-AC1CE418446C->edec9b8f-c318-426f-83f9-f44e945268a2: receive RaftClientReply:client-AC1CE418446C->edec9b8f-c318-426f-83f9-f44e945268a2@group-352661ED3FD5, cid=2823, SUCCESS, logIndex=4207, commits[edec9b8f-c318-426f-83f9-f44e945268a2:c4209, 02a03aee-1dd1-43c9-94ca-c76e2a537489:c4205, 9fb73170-bb25-48da-afcf-6f1f9e11598f:c4205]
2019-07-10 10:42:59,457 INFO  client.GrpcClientProtocolClient (GrpcClientProtocolClient.java:onNext(255)) - client-AC1CE418446C->edec9b8f-c318-426f-83f9-f44e945268a2: receive RaftClientReply:client-AC1CE418446C->edec9b8f-c318-426f-83f9-f44e945268a2@group-352661ED3FD5, cid=2824, SUCCESS, logIndex=4208, commits[edec9b8f-c318-426f-83f9-f44e945268a2:c4209, 02a03aee-1dd1-43c9-94ca-c76e2a537489:c4205, 9fb73170-bb25-48da-afcf-6f1f9e11598f:c4205]
2019-07-10 10:42:59,457 INFO  client.GrpcClientProtocolClient (GrpcClientProtocolClient.java:onNext(255)) - client-AC1CE418446C->edec9b8f-c318-426f-83f9-f44e945268a2: receive RaftClientReply:client-AC1CE418446C->edec9b8f-c318-426f-83f9-f44e945268a2@group-352661ED3FD5, cid=2825, SUCCESS, logIndex=4209, commits[edec9b8f-c318-426f-83f9-f44e945268a2:c4209, 02a03aee-1dd1-43c9-94ca-c76e2a537489:c4205, 9fb73170-bb25-48da-afcf-6f1f9e11598f:c4205]
2019-07-10 10:42:59,470 INFO  client.GrpcClientProtocolClient (GrpcClientProtocolClient.java:onNext(255)) - client-AC1CE418446C->edec9b8f-c318-426f-83f9-f44e945268a2: receive RaftClientReply:client-AC1CE418446C->edec9b8f-c318-426f-83f9-f44e945268a2@group-352661ED3FD5, cid=2826, SUCCESS, logIndex=0, commits[edec9b8f-c318-426f-83f9-f44e945268a2:c4211, 02a03aee-1dd1-43c9-94ca-c76e2a537489:c4208, 9fb73170-bb25-48da-afcf-6f1f9e11598f:c4208]
2019-07-10 10:42:59,490 INFO  client.GrpcClientProtocolClient (GrpcClientProtocolClient.java:onNext(255)) - client-AC1CE418446C->edec9b8f-c318-426f-83f9-f44e945268a2: receive RaftClientReply:client-AC1CE418446C->edec9b8f-c318-426f-83f9-f44e945268a2@group-352661ED3FD5, cid=2827, SUCCESS, logIndex=4214, commits[edec9b8f-c318-426f-83f9-f44e945268a2:c4215, 02a03aee-1dd1-43c9-94ca-c76e2a537489:c4213, 9fb73170-bb25-48da-afcf-6f1f9e11598f:c4213]
2019-07-10 10:42:59,490 INFO  client.GrpcClientProtocolClient (GrpcClientProtocolClient.java:onNext(255)) - client-AC1CE418446C->edec9b8f-c318-426f-83f9-f44e945268a2: receive RaftClientReply:client-AC1CE418446C->edec9b8f-c318-426f-83f9-f44e945268a2@group-352661ED3FD5, cid=2828, SUCCESS, logIndex=4215, commits[edec9b8f-c318-426f-83f9-f44e945268a2:c4215, 02a03aee-1dd1-43c9-94ca-c76e2a537489:c4213, 9fb73170-bb25-48da-afcf-6f1f9e11598f:c4213]
2019-07-10 10:42:59,504 INFO  client.GrpcClientProtocolClient (GrpcClientProtocolClient.java:onNext(255)) - client-AC1CE418446C->edec9b8f-c318-426f-83f9-f44e945268a2: receive RaftClientReply:client-AC1CE418446C->edec9b8f-c318-426f-83f9-f44e945268a2@group-352661ED3FD5, cid=2829, SUCCESS, logIndex=4218, commits[edec9b8f-c318-426f-83f9-f44e945268a2:c4219, 02a03aee-1dd1-43c9-94ca-c76e2a537489:c4215, 9fb73170-bb25-48da-afcf-6f1f9e11598f:c4215]
2019-07-10 10:42:59,504 INFO  client.GrpcClientProtocolClient (GrpcClientProtocolClient.java:onNext(255)) - client-AC1CE418446C->edec9b8f-c318-426f-83f9-f44e945268a2: receive RaftClientReply:client-AC1CE418446C->edec9b8f-c318-426f-83f9-f44e945268a2@group-352661ED3FD5, cid=2830, SUCCESS, logIndex=4219, commits[edec9b8f-c318-426f-83f9-f44e945268a2:c4219, 02a03aee-1dd1-43c9-94ca-c76e2a537489:c4215, 9fb73170-bb25-48da-afcf-6f1f9e11598f:c4215]
2019-07-10 10:42:59,528 INFO  client.GrpcClientProtocolClient (GrpcClientProtocolClient.java:onNext(255)) - client-AC1CE418446C->edec9b8f-c318-426f-83f9-f44e945268a2: receive RaftClientReply:client-AC1CE418446C->edec9b8f-c318-426f-83f9-f44e945268a2@group-352661ED3FD5, cid=2831, SUCCESS, logIndex=0, commits[edec9b8f-c318-426f-83f9-f44e945268a2:c4221, 02a03aee-1dd1-43c9-94ca-c76e2a537489:c4219, 9fb73170-bb25-48da-afcf-6f1f9e11598f:c4219]
2019-07-10 10:42:59,556 INFO  client.GrpcClientProtocolClient (GrpcClientProtocolClient.java:onNext(255)) - client-AC1CE418446C->edec9b8f-c318-426f-83f9-f44e945268a2: receive RaftClientReply:client-AC1CE418446C->edec9b8f-c318-426f-83f9-f44e945268a2@group-352661ED3FD5, cid=2832, SUCCESS, logIndex=4222, commits[edec9b8f-c318-426f-83f9-f44e945268a2:c4223, 02a03aee-1dd1-43c9-94ca-c76e2a537489:c4221, 9fb73170-bb25-48da-afcf-6f1f9e11598f:c4221]
2019-07-10 10:42:59,556 INFO  client.GrpcClientProtocolClient (GrpcClientProtocolClient.java:onNext(255)) - client-AC1CE418446C->edec9b8f-c318-426f-83f9-f44e945268a2: receive RaftClientReply:client-AC1CE418446C->edec9b8f-c318-426f-83f9-f44e945268a2@group-352661ED3FD5, cid=2833, SUCCESS, logIndex=4223, commits[edec9b8f-c318-426f-83f9-f44e945268a2:c4225, 02a03aee-1dd1-43c9-94ca-c76e2a537489:c4221, 9fb73170-bb25-48da-afcf-6f1f9e11598f:c4221]
2019-07-10 10:42:59,556 INFO  client.GrpcClientProtocolClient (GrpcClientProtocolClient.java:onNext(255)) - client-AC1CE418446C->edec9b8f-c318-426f-83f9-f44e945268a2: receive RaftClientReply:client-AC1CE418446C->edec9b8f-c318-426f-83f9-f44e945268a2@group-352661ED3FD5, cid=2834, SUCCESS, logIndex=4224, commits[edec9b8f-c318-426f-83f9-f44e945268a2:c4225, 02a03aee-1dd1-43c9-94ca-c76e2a537489:c4221, 9fb73170-bb25-48da-afcf-6f1f9e11598f:c4221]
2019-07-10 10:42:59,557 INFO  client.GrpcClientProtocolClient (GrpcClientProtocolClient.java:onNext(255)) - client-AC1CE418446C->edec9b8f-c318-426f-83f9-f44e945268a2: receive RaftClientReply:client-AC1CE418446C->edec9b8f-c318-426f-83f9-f44e945268a2@group-352661ED3FD5, cid=2835, SUCCESS, logIndex=4225, commits[edec9b8f-c318-426f-83f9-f44e945268a2:c4225, 02a03aee-1dd1-43c9-94ca-c76e2a537489:c4221, 9fb73170-bb25-48da-afcf-6f1f9e11598f:c4221]
2019-07-10 10:42:59,570 INFO  client.GrpcClientProtocolClient (GrpcClientProtocolClient.java:onNext(255)) - client-AC1CE418446C->edec9b8f-c318-426f-83f9-f44e945268a2: receive RaftClientReply:client-AC1CE418446C->edec9b8f-c318-426f-83f9-f44e945268a2@group-352661ED3FD5, cid=2836, SUCCESS, logIndex=0, commits[edec9b8f-c318-426f-83f9-f44e945268a2:c4229, 02a03aee-1dd1-43c9-94ca-c76e2a537489:c4225, 9fb73170-bb25-48da-afcf-6f1f9e11598f:c4223]
2019-07-10 10:42:59,589 INFO  client.GrpcClientProtocolClient (GrpcClientProtocolClient.java:onNext(255)) - client-AC1CE418446C->edec9b8f-c318-426f-83f9-f44e945268a2: receive RaftClientReply:client-AC1CE418446C->edec9b8f-c318-426f-83f9-f44e945268a2@group-352661ED3FD5, cid=2837, SUCCESS, logIndex=4230, commits[edec9b8f-c318-426f-83f9-f44e945268a2:c4231, 02a03aee-1dd1-43c9-94ca-c76e2a537489:c4229, 9fb73170-bb25-48da-afcf-6f1f9e11598f:c4229]
2019-07-10 10:42:59,590 INFO  client.GrpcClientProtocolClient (GrpcClientProtocolClient.java:onNext(255)) - client-AC1CE418446C->edec9b8f-c318-426f-83f9-f44e945268a2: receive RaftClientReply:client-AC1CE418446C->edec9b8f-c318-426f-83f9-f44e945268a2@group-352661ED3FD5, cid=2838, SUCCESS, logIndex=4231, commits[edec9b8f-c318-426f-83f9-f44e945268a2:c4231, 02a03aee-1dd1-43c9-94ca-c76e2a537489:c4229, 9fb73170-bb25-48da-afcf-6f1f9e11598f:c4229]
2019-07-10 10:42:59,617 INFO  client.GrpcClientProtocolClient (GrpcClientProtocolClient.java:onNext(255)) - client-AC1CE418446C->edec9b8f-c318-426f-83f9-f44e945268a2: receive RaftClientReply:client-AC1CE418446C->edec9b8f-c318-426f-83f9-f44e945268a2@group-352661ED3FD5, cid=2839, SUCCESS, logIndex=4234, commits[edec9b8f-c318-426f-83f9-f44e945268a2:c4235, 02a03aee-1dd1-43c9-94ca-c76e2a537489:c4231, 9fb73170-bb25-48da-afcf-6f1f9e11598f:c4231]
2019-07-10 10:42:59,617 INFO  client.GrpcClientProtocolClient (GrpcClientProtocolClient.java:onNext(255)) - client-AC1CE418446C->edec9b8f-c318-426f-83f9-f44e945268a2: receive RaftClientReply:client-AC1CE418446C->edec9b8f-c318-426f-83f9-f44e945268a2@group-352661ED3FD5, cid=2840, SUCCESS, logIndex=4235, commits[edec9b8f-c318-426f-83f9-f44e945268a2:c4235, 02a03aee-1dd1-43c9-94ca-c76e2a537489:c4231, 9fb73170-bb25-48da-afcf-6f1f9e11598f:c4231]
2019-07-10 10:42:59,631 INFO  client.GrpcClientProtocolClient (GrpcClientProtocolClient.java:onNext(255)) - client-AC1CE418446C->edec9b8f-c318-426f-83f9-f44e945268a2: receive RaftClientReply:client-AC1CE418446C->edec9b8f-c318-426f-83f9-f44e945268a2@group-352661ED3FD5, cid=2841, SUCCESS, logIndex=0, commits[edec9b8f-c318-426f-83f9-f44e945268a2:c4237, 02a03aee-1dd1-43c9-94ca-c76e2a537489:c4235, 9fb73170-bb25-48da-afcf-6f1f9e11598f:c4235]
2019-07-10 10:42:59,663 INFO  client.GrpcClientProtocolClient (GrpcClientProtocolClient.java:onNext(255)) - client-AC1CE418446C->edec9b8f-c318-426f-83f9-f44e945268a2: receive RaftClientReply:client-AC1CE418446C->edec9b8f-c318-426f-83f9-f44e945268a2@group-352661ED3FD5, cid=2842, SUCCESS, logIndex=4238, commits[edec9b8f-c318-426f-83f9-f44e945268a2:c4239, 02a03aee-1dd1-43c9-94ca-c76e2a537489:c4237, 9fb73170-bb25-48da-afcf-6f1f9e11598f:c4237]
2019-07-10 10:42:59,664 INFO  client.GrpcClientProtocolClient (GrpcClientProtocolClient.java:onNext(255)) - client-AC1CE418446C->edec9b8f-c318-426f-83f9-f44e945268a2: receive RaftClientReply:client-AC1CE418446C->edec9b8f-c318-426f-83f9-f44e945268a2@group-352661ED3FD5, cid=2843, SUCCESS, logIndex=4239, commits[edec9b8f-c318-426f-83f9-f44e945268a2:c4241, 02a03aee-1dd1-43c9-94ca-c76e2a537489:c4237, 9fb73170-bb25-48da-afcf-6f1f9e11598f:c4237]
2019-07-10 10:42:59,664 INFO  client.GrpcClientProtocolClient (GrpcClientProtocolClient.java:onNext(255)) - client-AC1CE418446C->edec9b8f-c318-426f-83f9-f44e945268a2: receive RaftClientReply:client-AC1CE418446C->edec9b8f-c318-426f-83f9-f44e945268a2@group-352661ED3FD5, cid=2844, SUCCESS, logIndex=4240, commits[edec9b8f-c318-426f-83f9-f44e945268a2:c4241, 02a03aee-1dd1-43c9-94ca-c76e2a537489:c4237, 9fb73170-bb25-48da-afcf-6f1f9e11598f:c4237]
2019-07-10 10:42:59,664 INFO  client.GrpcClientProtocolClient (GrpcClientProtocolClient.java:onNext(255)) - client-AC1CE418446C->edec9b8f-c318-426f-83f9-f44e945268a2: receive RaftClientReply:client-AC1CE418446C->edec9b8f-c318-426f-83f9-f44e945268a2@group-352661ED3FD5, cid=2845, SUCCESS, logIndex=4241, commits[edec9b8f-c318-426f-83f9-f44e945268a2:c4241, 02a03aee-1dd1-43c9-94ca-c76e2a537489:c4237, 9fb73170-bb25-48da-afcf-6f1f9e11598f:c4237]
2019-07-10 10:42:59,667 INFO  client.GrpcClientProtocolClient (GrpcClientProtocolClient.java:onNext(255)) - client-AC1CE418446C->edec9b8f-c318-426f-83f9-f44e945268a2: receive RaftClientReply:client-AC1CE418446C->edec9b8f-c318-426f-83f9-f44e945268a2@group-352661ED3FD5, cid=2846, SUCCESS, logIndex=0, commits[edec9b8f-c318-426f-83f9-f44e945268a2:c4242, 02a03aee-1dd1-43c9-94ca-c76e2a537489:c4239, 9fb73170-bb25-48da-afcf-6f1f9e11598f:c4239]
2019-07-10 10:42:59,681 INFO  client.GrpcClientProtocolClient (GrpcClientProtocolClient.java:onNext(255)) - client-AC1CE418446C->edec9b8f-c318-426f-83f9-f44e945268a2: receive RaftClientReply:client-AC1CE418446C->edec9b8f-c318-426f-83f9-f44e945268a2@group-352661ED3FD5, cid=2847, SUCCESS, logIndex=4245, commits[edec9b8f-c318-426f-83f9-f44e945268a2:c4246, 02a03aee-1dd1-43c9-94ca-c76e2a537489:c4242, 9fb73170-bb25-48da-afcf-6f1f9e11598f:c4242]
2019-07-10 10:42:59,681 INFO  client.GrpcClientProtocolClient (GrpcClientProtocolClient.java:onNext(255)) - client-AC1CE418446C->edec9b8f-c318-426f-83f9-f44e945268a2: receive RaftClientReply:client-AC1CE418446C->edec9b8f-c318-426f-83f9-f44e945268a2@group-352661ED3FD5, cid=2848, SUCCESS, logIndex=4246, commits[edec9b8f-c318-426f-83f9-f44e945268a2:c4246, 02a03aee-1dd1-43c9-94ca-c76e2a537489:c4242, 9fb73170-bb25-48da-afcf-6f1f9e11598f:c4242]
2019-07-10 10:42:59,706 INFO  client.GrpcClientProtocolClient (GrpcClientProtocolClient.java:onNext(255)) - client-AC1CE418446C->edec9b8f-c318-426f-83f9-f44e945268a2: receive RaftClientReply:client-AC1CE418446C->edec9b8f-c318-426f-83f9-f44e945268a2@group-352661ED3FD5, cid=2849, SUCCESS, logIndex=4249, commits[edec9b8f-c318-426f-83f9-f44e945268a2:c4250, 02a03aee-1dd1-43c9-94ca-c76e2a537489:c4246, 9fb73170-bb25-48da-afcf-6f1f9e11598f:c4246]
2019-07-10 10:42:59,707 INFO  client.GrpcClientProtocolClient (GrpcClientProtocolClient.java:onNext(255)) - client-AC1CE418446C->edec9b8f-c318-426f-83f9-f44e945268a2: receive RaftClientReply:client-AC1CE418446C->edec9b8f-c318-426f-83f9-f44e945268a2@group-352661ED3FD5, cid=2850, SUCCESS, logIndex=4250, commits[edec9b8f-c318-426f-83f9-f44e945268a2:c4250, 02a03aee-1dd1-43c9-94ca-c76e2a537489:c4246, 9fb73170-bb25-48da-afcf-6f1f9e11598f:c4246]
2019-07-10 10:42:59,720 INFO  client.GrpcClientProtocolClient (GrpcClientProtocolClient.java:onNext(255)) - client-AC1CE418446C->edec9b8f-c318-426f-83f9-f44e945268a2: receive RaftClientReply:client-AC1CE418446C->edec9b8f-c318-426f-83f9-f44e945268a2@group-352661ED3FD5, cid=2851, SUCCESS, logIndex=0, commits[edec9b8f-c318-426f-83f9-f44e945268a2:c4252, 02a03aee-1dd1-43c9-94ca-c76e2a537489:c4250, 9fb73170-bb25-48da-afcf-6f1f9e11598f:c4250]
2019-07-10 10:42:59,740 INFO  client.GrpcClientProtocolClient (GrpcClientProtocolClient.java:onNext(255)) - client-AC1CE418446C->edec9b8f-c318-426f-83f9-f44e945268a2: receive RaftClientReply:client-AC1CE418446C->edec9b8f-c318-426f-83f9-f44e945268a2@group-352661ED3FD5, cid=2852, SUCCESS, logIndex=4253, commits[edec9b8f-c318-426f-83f9-f44e945268a2:c4254, 02a03aee-1dd1-43c9-94ca-c76e2a537489:c4252, 9fb73170-bb25-48da-afcf-6f1f9e11598f:c4250]
2019-07-10 10:42:59,740 INFO  client.GrpcClientProtocolClient (GrpcClientProtocolClient.java:onNext(255)) - client-AC1CE418446C->edec9b8f-c318-426f-83f9-f44e945268a2: receive RaftClientReply:client-AC1CE418446C->edec9b8f-c318-426f-83f9-f44e945268a2@group-352661ED3FD5, cid=2853, SUCCESS, logIndex=4254, commits[edec9b8f-c318-426f-83f9-f44e945268a2:c4254, 02a03aee-1dd1-43c9-94ca-c76e2a537489:c4252, 9fb73170-bb25-48da-afcf-6f1f9e11598f:c4250]
2019-07-10 10:42:59,745 INFO  client.GrpcClientProtocolClient (GrpcClientProtocolClient.java:onNext(255)) - client-AC1CE418446C->edec9b8f-c318-426f-83f9-f44e945268a2: receive RaftClientReply:client-AC1CE418446C->edec9b8f-c318-426f-83f9-f44e945268a2@group-352661ED3FD5, cid=2854, SUCCESS, logIndex=4255, commits[edec9b8f-c318-426f-83f9-f44e945268a2:c4255, 02a03aee-1dd1-43c9-94ca-c76e2a537489:c4252, 9fb73170-bb25-48da-afcf-6f1f9e11598f:c4252]
2019-07-10 10:42:59,745 INFO  client.GrpcClientProtocolClient (GrpcClientProtocolClient.java:onNext(255)) - client-AC1CE418446C->edec9b8f-c318-426f-83f9-f44e945268a2: receive RaftClientReply:client-AC1CE418446C->edec9b8f-c318-426f-83f9-f44e945268a2@group-352661ED3FD5, cid=2855, SUCCESS, logIndex=4256, commits[edec9b8f-c318-426f-83f9-f44e945268a2:c4256, 02a03aee-1dd1-43c9-94ca-c76e2a537489:c4253, 9fb73170-bb25-48da-afcf-6f1f9e11598f:c4254]
2019-07-10 10:42:59,746 INFO  client.GrpcClientProtocolClient (GrpcClientProtocolClient.java:onNext(255)) - client-AC1CE418446C->edec9b8f-c318-426f-83f9-f44e945268a2: receive RaftClientReply:client-AC1CE418446C->edec9b8f-c318-426f-83f9-f44e945268a2@group-352661ED3FD5, cid=2856, SUCCESS, logIndex=0, commits[edec9b8f-c318-426f-83f9-f44e945268a2:c4258, 02a03aee-1dd1-43c9-94ca-c76e2a537489:c4254, 9fb73170-bb25-48da-afcf-6f1f9e11598f:c4254]
2019-07-10 10:42:59,776 INFO  client.GrpcClientProtocolClient (GrpcClientProtocolClient.java:onNext(255)) - client-AC1CE418446C->edec9b8f-c318-426f-83f9-f44e945268a2: receive RaftClientReply:client-AC1CE418446C->edec9b8f-c318-426f-83f9-f44e945268a2@group-352661ED3FD5, cid=2857, SUCCESS, logIndex=4261, commits[edec9b8f-c318-426f-83f9-f44e945268a2:c4262, 02a03aee-1dd1-43c9-94ca-c76e2a537489:c4260, 9fb73170-bb25-48da-afcf-6f1f9e11598f:c4260]
2019-07-10 10:42:59,777 INFO  client.GrpcClientProtocolClient (GrpcClientProtocolClient.java:onNext(255)) - client-AC1CE418446C->edec9b8f-c318-426f-83f9-f44e945268a2: receive RaftClientReply:client-AC1CE418446C->edec9b8f-c318-426f-83f9-f44e945268a2@group-352661ED3FD5, cid=2858, SUCCESS, logIndex=4262, commits[edec9b8f-c318-426f-83f9-f44e945268a2:c4262, 02a03aee-1dd1-43c9-94ca-c76e2a537489:c4260, 9fb73170-bb25-48da-afcf-6f1f9e11598f:c4260]
2019-07-10 10:42:59,791 INFO  client.GrpcClientProtocolClient (GrpcClientProtocolClient.java:onNext(255)) - client-AC1CE418446C->edec9b8f-c318-426f-83f9-f44e945268a2: receive RaftClientReply:client-AC1CE418446C->edec9b8f-c318-426f-83f9-f44e945268a2@group-352661ED3FD5, cid=2859, SUCCESS, logIndex=4265, commits[edec9b8f-c318-426f-83f9-f44e945268a2:c4265, 02a03aee-1dd1-43c9-94ca-c76e2a537489:c4262, 9fb73170-bb25-48da-afcf-6f1f9e11598f:c4262]
2019-07-10 10:42:59,791 INFO  client.GrpcClientProtocolClient (GrpcClientProtocolClient.java:onNext(255)) - client-AC1CE418446C->edec9b8f-c318-426f-83f9-f44e945268a2: receive RaftClientReply:client-AC1CE418446C->edec9b8f-c318-426f-83f9-f44e945268a2@group-352661ED3FD5, cid=2860, SUCCESS, logIndex=4266, commits[edec9b8f-c318-426f-83f9-f44e945268a2:c4266, 02a03aee-1dd1-43c9-94ca-c76e2a537489:c4262, 9fb73170-bb25-48da-afcf-6f1f9e11598f:c4262]
2019-07-10 10:42:59,811 INFO  client.GrpcClientProtocolClient (GrpcClientProtocolClient.java:onNext(255)) - client-AC1CE418446C->edec9b8f-c318-426f-83f9-f44e945268a2: receive RaftClientReply:client-AC1CE418446C->edec9b8f-c318-426f-83f9-f44e945268a2@group-352661ED3FD5, cid=2861, SUCCESS, logIndex=0, commits[edec9b8f-c318-426f-83f9-f44e945268a2:c4268, 02a03aee-1dd1-43c9-94ca-c76e2a537489:c4266, 9fb73170-bb25-48da-afcf-6f1f9e11598f:c4266]
2019-07-10 10:42:59,854 INFO  client.GrpcClientProtocolClient (GrpcClientProtocolClient.java:onNext(255)) - client-AC1CE418446C->edec9b8f-c318-426f-83f9-f44e945268a2: receive RaftClientReply:client-AC1CE418446C->edec9b8f-c318-426f-83f9-f44e945268a2@group-352661ED3FD5, cid=2862, SUCCESS, logIndex=4269, commits[edec9b8f-c318-426f-83f9-f44e945268a2:c4271, 02a03aee-1dd1-43c9-94ca-c76e2a537489:c4268, 9fb73170-bb25-48da-afcf-6f1f9e11598f:c4268]
2019-07-10 10:42:59,854 INFO  client.GrpcClientProtocolClient (GrpcClientProtocolClient.java:onNext(255)) - client-AC1CE418446C->edec9b8f-c318-426f-83f9-f44e945268a2: receive RaftClientReply:client-AC1CE418446C->edec9b8f-c318-426f-83f9-f44e945268a2@group-352661ED3FD5, cid=2863, SUCCESS, logIndex=4270, commits[edec9b8f-c318-426f-83f9-f44e945268a2:c4272, 02a03aee-1dd1-43c9-94ca-c76e2a537489:c4268, 9fb73170-bb25-48da-afcf-6f1f9e11598f:c4268]
2019-07-10 10:42:59,854 INFO  client.GrpcClientProtocolClient (GrpcClientProtocolClient.java:onNext(255)) - client-AC1CE418446C->edec9b8f-c318-426f-83f9-f44e945268a2: receive RaftClientReply:client-AC1CE418446C->edec9b8f-c318-426f-83f9-f44e945268a2@group-352661ED3FD5, cid=2864, SUCCESS, logIndex=4271, commits[edec9b8f-c318-426f-83f9-f44e945268a2:c4272, 02a03aee-1dd1-43c9-94ca-c76e2a537489:c4268, 9fb73170-bb25-48da-afcf-6f1f9e11598f:c4268]
2019-07-10 10:42:59,855 INFO  client.GrpcClientProtocolClient (GrpcClientProtocolClient.java:onNext(255)) - client-AC1CE418446C->edec9b8f-c318-426f-83f9-f44e945268a2: receive RaftClientReply:client-AC1CE418446C->edec9b8f-c318-426f-83f9-f44e945268a2@group-352661ED3FD5, cid=2865, SUCCESS, logIndex=4272, commits[edec9b8f-c318-426f-83f9-f44e945268a2:c4272, 02a03aee-1dd1-43c9-94ca-c76e2a537489:c4268, 9fb73170-bb25-48da-afcf-6f1f9e11598f:c4268]
2019-07-10 10:42:59,868 INFO  client.GrpcClientProtocolClient (GrpcClientProtocolClient.java:onNext(255)) - client-AC1CE418446C->edec9b8f-c318-426f-83f9-f44e945268a2: receive RaftClientReply:client-AC1CE418446C->edec9b8f-c318-426f-83f9-f44e945268a2@group-352661ED3FD5, cid=2866, SUCCESS, logIndex=0, commits[edec9b8f-c318-426f-83f9-f44e945268a2:c4274, 02a03aee-1dd1-43c9-94ca-c76e2a537489:c4270, 9fb73170-bb25-48da-afcf-6f1f9e11598f:c4270]
2019-07-10 10:42:59,887 INFO  client.GrpcClientProtocolClient (GrpcClientProtocolClient.java:onNext(255)) - client-AC1CE418446C->edec9b8f-c318-426f-83f9-f44e945268a2: receive RaftClientReply:client-AC1CE418446C->edec9b8f-c318-426f-83f9-f44e945268a2@group-352661ED3FD5, cid=2867, SUCCESS, logIndex=4277, commits[edec9b8f-c318-426f-83f9-f44e945268a2:c4278, 02a03aee-1dd1-43c9-94ca-c76e2a537489:c4276, 9fb73170-bb25-48da-afcf-6f1f9e11598f:c4276]
2019-07-10 10:42:59,887 INFO  client.GrpcClientProtocolClient (GrpcClientProtocolClient.java:onNext(255)) - client-AC1CE418446C->edec9b8f-c318-426f-83f9-f44e945268a2: receive RaftClientReply:client-AC1CE418446C->edec9b8f-c318-426f-83f9-f44e945268a2@group-352661ED3FD5, cid=2868, SUCCESS, logIndex=4278, commits[edec9b8f-c318-426f-83f9-f44e945268a2:c4278, 02a03aee-1dd1-43c9-94ca-c76e2a537489:c4276, 9fb73170-bb25-48da-afcf-6f1f9e11598f:c4276]
2019-07-10 10:42:59,900 INFO  client.GrpcClientProtocolClient (GrpcClientProtocolClient.java:onNext(255)) - client-AC1CE418446C->edec9b8f-c318-426f-83f9-f44e945268a2: receive RaftClientReply:client-AC1CE418446C->edec9b8f-c318-426f-83f9-f44e945268a2@group-352661ED3FD5, cid=2869, SUCCESS, logIndex=4281, commits[edec9b8f-c318-426f-83f9-f44e945268a2:c4282, 02a03aee-1dd1-43c9-94ca-c76e2a537489:c4278, 9fb73170-bb25-48da-afcf-6f1f9e11598f:c4278]
2019-07-10 10:42:59,901 INFO  client.GrpcClientProtocolClient (GrpcClientProtocolClient.java:onNext(255)) - client-AC1CE418446C->edec9b8f-c318-426f-83f9-f44e945268a2: receive RaftClientReply:client-AC1CE418446C->edec9b8f-c318-426f-83f9-f44e945268a2@group-352661ED3FD5, cid=2870, SUCCESS, logIndex=4282, commits[edec9b8f-c318-426f-83f9-f44e945268a2:c4282, 02a03aee-1dd1-43c9-94ca-c76e2a537489:c4278, 9fb73170-bb25-48da-afcf-6f1f9e11598f:c4278]
2019-07-10 10:42:59,914 INFO  client.GrpcClientProtocolClient (GrpcClientProtocolClient.java:onNext(255)) - client-AC1CE418446C->edec9b8f-c318-426f-83f9-f44e945268a2: receive RaftClientReply:client-AC1CE418446C->edec9b8f-c318-426f-83f9-f44e945268a2@group-352661ED3FD5, cid=2871, SUCCESS, logIndex=0, commits[edec9b8f-c318-426f-83f9-f44e945268a2:c4284, 02a03aee-1dd1-43c9-94ca-c76e2a537489:c4282, 9fb73170-bb25-48da-afcf-6f1f9e11598f:c4282]
2019-07-10 10:42:59,945 INFO  client.GrpcClientProtocolClient (GrpcClientProtocolClient.java:onNext(255)) - client-AC1CE418446C->edec9b8f-c318-426f-83f9-f44e945268a2: receive RaftClientReply:client-AC1CE418446C->edec9b8f-c318-426f-83f9-f44e945268a2@group-352661ED3FD5, cid=2872, SUCCESS, logIndex=4285, commits[edec9b8f-c318-426f-83f9-f44e945268a2:c4286, 02a03aee-1dd1-43c9-94ca-c76e2a537489:c4284, 9fb73170-bb25-48da-afcf-6f1f9e11598f:c4284]
2019-07-10 10:42:59,946 INFO  client.GrpcClientProtocolClient (GrpcClientProtocolClient.java:onNext(255)) - client-AC1CE418446C->edec9b8f-c318-426f-83f9-f44e945268a2: receive RaftClientReply:client-AC1CE418446C->edec9b8f-c318-426f-83f9-f44e945268a2@group-352661ED3FD5, cid=2873, SUCCESS, logIndex=4286, commits[edec9b8f-c318-426f-83f9-f44e945268a2:c4288, 02a03aee-1dd1-43c9-94ca-c76e2a537489:c4284, 9fb73170-bb25-48da-afcf-6f1f9e11598f:c4284]
2019-07-10 10:42:59,946 INFO  client.GrpcClientProtocolClient (GrpcClientProtocolClient.java:onNext(255)) - client-AC1CE418446C->edec9b8f-c318-426f-83f9-f44e945268a2: receive RaftClientReply:client-AC1CE418446C->edec9b8f-c318-426f-83f9-f44e945268a2@group-352661ED3FD5, cid=2874, SUCCESS, logIndex=4287, commits[edec9b8f-c318-426f-83f9-f44e945268a2:c4288, 02a03aee-1dd1-43c9-94ca-c76e2a537489:c4284, 9fb73170-bb25-48da-afcf-6f1f9e11598f:c4284]
2019-07-10 10:42:59,946 INFO  client.GrpcClientProtocolClient (GrpcClientProtocolClient.java:onNext(255)) - client-AC1CE418446C->edec9b8f-c318-426f-83f9-f44e945268a2: receive RaftClientReply:client-AC1CE418446C->edec9b8f-c318-426f-83f9-f44e945268a2@group-352661ED3FD5, cid=2875, SUCCESS, logIndex=4288, commits[edec9b8f-c318-426f-83f9-f44e945268a2:c4288, 02a03aee-1dd1-43c9-94ca-c76e2a537489:c4284, 9fb73170-bb25-48da-afcf-6f1f9e11598f:c4284]
2019-07-10 10:42:59,956 INFO  client.GrpcClientProtocolClient (GrpcClientProtocolClient.java:onNext(255)) - client-AC1CE418446C->edec9b8f-c318-426f-83f9-f44e945268a2: receive RaftClientReply:client-AC1CE418446C->edec9b8f-c318-426f-83f9-f44e945268a2@group-352661ED3FD5, cid=2876, SUCCESS, logIndex=0, commits[edec9b8f-c318-426f-83f9-f44e945268a2:c4289, 02a03aee-1dd1-43c9-94ca-c76e2a537489:c4286, 9fb73170-bb25-48da-afcf-6f1f9e11598f:c4286]
2019-07-10 10:43:00,082 INFO  client.GrpcClientProtocolClient (GrpcClientProtocolClient.java:onNext(255)) - client-AC1CE418446C->edec9b8f-c318-426f-83f9-f44e945268a2: receive RaftClientReply:client-AC1CE418446C->edec9b8f-c318-426f-83f9-f44e945268a2@group-352661ED3FD5, cid=2877, SUCCESS, logIndex=4293, commits[edec9b8f-c318-426f-83f9-f44e945268a2:c4294, 02a03aee-1dd1-43c9-94ca-c76e2a537489:c4292, 9fb73170-bb25-48da-afcf-6f1f9e11598f:c4292]
2019-07-10 10:43:00,083 INFO  client.GrpcClientProtocolClient (GrpcClientProtocolClient.java:onNext(255)) - client-AC1CE418446C->edec9b8f-c318-426f-83f9-f44e945268a2: receive RaftClientReply:client-AC1CE418446C->edec9b8f-c318-426f-83f9-f44e945268a2@group-352661ED3FD5, cid=2878, SUCCESS, logIndex=4294, commits[edec9b8f-c318-426f-83f9-f44e945268a2:c4294, 02a03aee-1dd1-43c9-94ca-c76e2a537489:c4292, 9fb73170-bb25-48da-afcf-6f1f9e11598f:c4292]
2019-07-10 10:43:00,108 INFO  client.GrpcClientProtocolClient (GrpcClientProtocolClient.java:onNext(255)) - client-AC1CE418446C->edec9b8f-c318-426f-83f9-f44e945268a2: receive RaftClientReply:client-AC1CE418446C->edec9b8f-c318-426f-83f9-f44e945268a2@group-352661ED3FD5, cid=2879, SUCCESS, logIndex=4297, commits[edec9b8f-c318-426f-83f9-f44e945268a2:c4298, 02a03aee-1dd1-43c9-94ca-c76e2a537489:c4294, 9fb73170-bb25-48da-afcf-6f1f9e11598f:c4294]
2019-07-10 10:43:00,108 INFO  client.GrpcClientProtocolClient (GrpcClientProtocolClient.java:onNext(255)) - client-AC1CE418446C->edec9b8f-c318-426f-83f9-f44e945268a2: receive RaftClientReply:client-AC1CE418446C->edec9b8f-c318-426f-83f9-f44e945268a2@group-352661ED3FD5, cid=2880, SUCCESS, logIndex=4298, commits[edec9b8f-c318-426f-83f9-f44e945268a2:c4298, 02a03aee-1dd1-43c9-94ca-c76e2a537489:c4294, 9fb73170-bb25-48da-afcf-6f1f9e11598f:c4294]
2019-07-10 10:43:00,111 INFO  client.GrpcClientProtocolClient (GrpcClientProtocolClient.java:onNext(255)) - client-AC1CE418446C->edec9b8f-c318-426f-83f9-f44e945268a2: receive RaftClientReply:client-AC1CE418446C->edec9b8f-c318-426f-83f9-f44e945268a2@group-352661ED3FD5, cid=2881, SUCCESS, logIndex=0, commits[edec9b8f-c318-426f-83f9-f44e945268a2:c4299, 02a03aee-1dd1-43c9-94ca-c76e2a537489:c4298, 9fb73170-bb25-48da-afcf-6f1f9e11598f:c4298]
2019-07-10 10:43:00,144 INFO  client.GrpcClientProtocolClient (GrpcClientProtocolClient.java:onNext(255)) - client-AC1CE418446C->edec9b8f-c318-426f-83f9-f44e945268a2: receive RaftClientReply:client-AC1CE418446C->edec9b8f-c318-426f-83f9-f44e945268a2@group-352661ED3FD5, cid=2882, SUCCESS, logIndex=4301, commits[edec9b8f-c318-426f-83f9-f44e945268a2:c4302, 02a03aee-1dd1-43c9-94ca-c76e2a537489:c4300, 9fb73170-bb25-48da-afcf-6f1f9e11598f:c4300]
2019-07-10 10:43:00,145 INFO  client.GrpcClientProtocolClient (GrpcClientProtocolClient.java:onNext(255)) - client-AC1CE418446C->edec9b8f-c318-426f-83f9-f44e945268a2: receive RaftClientReply:client-AC1CE418446C->edec9b8f-c318-426f-83f9-f44e945268a2@group-352661ED3FD5, cid=2883, SUCCESS, logIndex=4302, commits[edec9b8f-c318-426f-83f9-f44e945268a2:c4302, 02a03aee-1dd1-43c9-94ca-c76e2a537489:c4300, 9fb73170-bb25-48da-afcf-6f1f9e11598f:c4300]
2019-07-10 10:43:00,155 INFO  client.GrpcClientProtocolClient (GrpcClientProtocolClient.java:onNext(255)) - client-AC1CE418446C->edec9b8f-c318-426f-83f9-f44e945268a2: receive RaftClientReply:client-AC1CE418446C->edec9b8f-c318-426f-83f9-f44e945268a2@group-352661ED3FD5, cid=2884, SUCCESS, logIndex=4303, commits[edec9b8f-c318-426f-83f9-f44e945268a2:c4304, 02a03aee-1dd1-43c9-94ca-c76e2a537489:c4300, 9fb73170-bb25-48da-afcf-6f1f9e11598f:c4300]
2019-07-10 10:43:00,155 INFO  client.GrpcClientProtocolClient (GrpcClientProtocolClient.java:onNext(255)) - client-AC1CE418446C->edec9b8f-c318-426f-83f9-f44e945268a2: receive RaftClientReply:client-AC1CE418446C->edec9b8f-c318-426f-83f9-f44e945268a2@group-352661ED3FD5, cid=2885, SUCCESS, logIndex=4304, commits[edec9b8f-c318-426f-83f9-f44e945268a2:c4304, 02a03aee-1dd1-43c9-94ca-c76e2a537489:c4301, 9fb73170-bb25-48da-afcf-6f1f9e11598f:c4301]
2019-07-10 10:43:00,156 INFO  client.GrpcClientProtocolClient (GrpcClientProtocolClient.java:onNext(255)) - client-AC1CE418446C->edec9b8f-c318-426f-83f9-f44e945268a2: receive RaftClientReply:client-AC1CE418446C->edec9b8f-c318-426f-83f9-f44e945268a2@group-352661ED3FD5, cid=2886, SUCCESS, logIndex=0, commits[edec9b8f-c318-426f-83f9-f44e945268a2:c4306, 02a03aee-1dd1-43c9-94ca-c76e2a537489:c4302, 9fb73170-bb25-48da-afcf-6f1f9e11598f:c4302]
2019-07-10 10:43:00,178 INFO  client.GrpcClientProtocolClient (GrpcClientProtocolClient.java:onNext(255)) - client-AC1CE418446C->edec9b8f-c318-426f-83f9-f44e945268a2: receive RaftClientReply:client-AC1CE418446C->edec9b8f-c318-426f-83f9-f44e945268a2@group-352661ED3FD5, cid=2887, SUCCESS, logIndex=4309, commits[edec9b8f-c318-426f-83f9-f44e945268a2:c4310, 02a03aee-1dd1-43c9-94ca-c76e2a537489:c4308, 9fb73170-bb25-48da-afcf-6f1f9e11598f:c4308]
2019-07-10 10:43:00,178 INFO  client.GrpcClientProtocolClient (GrpcClientProtocolClient.java:onNext(255)) - client-AC1CE418446C->edec9b8f-c318-426f-83f9-f44e945268a2: receive RaftClientReply:client-AC1CE418446C->edec9b8f-c318-426f-83f9-f44e945268a2@group-352661ED3FD5, cid=2888, SUCCESS, logIndex=4310, commits[edec9b8f-c318-426f-83f9-f44e945268a2:c4310, 02a03aee-1dd1-43c9-94ca-c76e2a537489:c4308, 9fb73170-bb25-48da-afcf-6f1f9e11598f:c4308]
2019-07-10 10:43:00,204 INFO  client.GrpcClientProtocolClient (GrpcClientProtocolClient.java:onNext(255)) - client-AC1CE418446C->edec9b8f-c318-426f-83f9-f44e945268a2: receive RaftClientReply:client-AC1CE418446C->edec9b8f-c318-426f-83f9-f44e945268a2@group-352661ED3FD5, cid=2889, SUCCESS, logIndex=4313, commits[edec9b8f-c318-426f-83f9-f44e945268a2:c4314, 02a03aee-1dd1-43c9-94ca-c76e2a537489:c4310, 9fb73170-bb25-48da-afcf-6f1f9e11598f:c4310]
2019-07-10 10:43:00,204 INFO  client.GrpcClientProtocolClient (GrpcClientProtocolClient.java:onNext(255)) - client-AC1CE418446C->edec9b8f-c318-426f-83f9-f44e945268a2: receive RaftClientReply:client-AC1CE418446C->edec9b8f-c318-426f-83f9-f44e945268a2@group-352661ED3FD5, cid=2890, SUCCESS, logIndex=4314, commits[edec9b8f-c318-426f-83f9-f44e945268a2:c4314, 02a03aee-1dd1-43c9-94ca-c76e2a537489:c4310, 9fb73170-bb25-48da-afcf-6f1f9e11598f:c4310]
2019-07-10 10:43:00,217 INFO  client.GrpcClientProtocolClient (GrpcClientProtocolClient.java:onNext(255)) - client-AC1CE418446C->edec9b8f-c318-426f-83f9-f44e945268a2: receive RaftClientReply:client-AC1CE418446C->edec9b8f-c318-426f-83f9-f44e945268a2@group-352661ED3FD5, cid=2891, SUCCESS, logIndex=0, commits[edec9b8f-c318-426f-83f9-f44e945268a2:c4315, 02a03aee-1dd1-43c9-94ca-c76e2a537489:c4314, 9fb73170-bb25-48da-afcf-6f1f9e11598f:c4314]
2019-07-10 10:43:00,238 INFO  client.GrpcClientProtocolClient (GrpcClientProtocolClient.java:onNext(255)) - client-AC1CE418446C->edec9b8f-c318-426f-83f9-f44e945268a2: receive RaftClientReply:client-AC1CE418446C->edec9b8f-c318-426f-83f9-f44e945268a2@group-352661ED3FD5, cid=2892, SUCCESS, logIndex=4316, commits[edec9b8f-c318-426f-83f9-f44e945268a2:c4318, 02a03aee-1dd1-43c9-94ca-c76e2a537489:c4314, 9fb73170-bb25-48da-afcf-6f1f9e11598f:c4315]
2019-07-10 10:43:00,239 INFO  client.GrpcClientProtocolClient (GrpcClientProtocolClient.java:onNext(255)) - client-AC1CE418446C->edec9b8f-c318-426f-83f9-f44e945268a2: receive RaftClientReply:client-AC1CE418446C->edec9b8f-c318-426f-83f9-f44e945268a2@group-352661ED3FD5, cid=2893, SUCCESS, logIndex=4317, commits[edec9b8f-c318-426f-83f9-f44e945268a2:c4319, 02a03aee-1dd1-43c9-94ca-c76e2a537489:c4315, 9fb73170-bb25-48da-afcf-6f1f9e11598f:c4315]
2019-07-10 10:43:00,239 INFO  client.GrpcClientProtocolClient (GrpcClientProtocolClient.java:onNext(255)) - client-AC1CE418446C->edec9b8f-c318-426f-83f9-f44e945268a2: receive RaftClientReply:client-AC1CE418446C->edec9b8f-c318-426f-83f9-f44e945268a2@group-352661ED3FD5, cid=2894, SUCCESS, logIndex=4318, commits[edec9b8f-c318-426f-83f9-f44e945268a2:c4319, 02a03aee-1dd1-43c9-94ca-c76e2a537489:c4315, 9fb73170-bb25-48da-afcf-6f1f9e11598f:c4315]
2019-07-10 10:43:00,239 INFO  client.GrpcClientProtocolClient (GrpcClientProtocolClient.java:onNext(255)) - client-AC1CE418446C->edec9b8f-c318-426f-83f9-f44e945268a2: receive RaftClientReply:client-AC1CE418446C->edec9b8f-c318-426f-83f9-f44e945268a2@group-352661ED3FD5, cid=2895, SUCCESS, logIndex=4319, commits[edec9b8f-c318-426f-83f9-f44e945268a2:c4319, 02a03aee-1dd1-43c9-94ca-c76e2a537489:c4315, 9fb73170-bb25-48da-afcf-6f1f9e11598f:c4315]
2019-07-10 10:43:00,242 INFO  client.GrpcClientProtocolClient (GrpcClientProtocolClient.java:onNext(255)) - client-AC1CE418446C->edec9b8f-c318-426f-83f9-f44e945268a2: receive RaftClientReply:client-AC1CE418446C->edec9b8f-c318-426f-83f9-f44e945268a2@group-352661ED3FD5, cid=2896, SUCCESS, logIndex=0, commits[edec9b8f-c318-426f-83f9-f44e945268a2:c4322, 02a03aee-1dd1-43c9-94ca-c76e2a537489:c4318, 9fb73170-bb25-48da-afcf-6f1f9e11598f:c4317]
2019-07-10 10:43:00,253 INFO  client.GrpcClientProtocolClient (GrpcClientProtocolClient.java:onNext(255)) - client-AC1CE418446C->edec9b8f-c318-426f-83f9-f44e945268a2: receive RaftClientReply:client-AC1CE418446C->edec9b8f-c318-426f-83f9-f44e945268a2@group-352661ED3FD5, cid=2897, SUCCESS, logIndex=4324, commits[edec9b8f-c318-426f-83f9-f44e945268a2:c4325, 02a03aee-1dd1-43c9-94ca-c76e2a537489:c4319, 9fb73170-bb25-48da-afcf-6f1f9e11598f:c4323]
2019-07-10 10:43:00,253 INFO  client.GrpcClientProtocolClient (GrpcClientProtocolClient.java:onNext(255)) - client-AC1CE418446C->edec9b8f-c318-426f-83f9-f44e945268a2: receive RaftClientReply:client-AC1CE418446C->edec9b8f-c318-426f-83f9-f44e945268a2@group-352661ED3FD5, cid=2898, SUCCESS, logIndex=4325, commits[edec9b8f-c318-426f-83f9-f44e945268a2:c4325, 02a03aee-1dd1-43c9-94ca-c76e2a537489:c4323, 9fb73170-bb25-48da-afcf-6f1f9e11598f:c4323]
2019-07-10 10:43:00,264 INFO  client.GrpcClientProtocolClient (GrpcClientProtocolClient.java:onNext(255)) - client-AC1CE418446C->edec9b8f-c318-426f-83f9-f44e945268a2: receive RaftClientReply:client-AC1CE418446C->edec9b8f-c318-426f-83f9-f44e945268a2@group-352661ED3FD5, cid=2899, SUCCESS, logIndex=4328, commits[edec9b8f-c318-426f-83f9-f44e945268a2:c4329, 02a03aee-1dd1-43c9-94ca-c76e2a537489:c4325, 9fb73170-bb25-48da-afcf-6f1f9e11598f:c4327]
2019-07-10 10:43:00,264 INFO  client.GrpcClientProtocolClient (GrpcClientProtocolClient.java:onNext(255)) - client-AC1CE418446C->edec9b8f-c318-426f-83f9-f44e945268a2: receive RaftClientReply:client-AC1CE418446C->edec9b8f-c318-426f-83f9-f44e945268a2@group-352661ED3FD5, cid=2900, SUCCESS, logIndex=4329, commits[edec9b8f-c318-426f-83f9-f44e945268a2:c4329, 02a03aee-1dd1-43c9-94ca-c76e2a537489:c4327, 9fb73170-bb25-48da-afcf-6f1f9e11598f:c4327]
2019-07-10 10:43:00,269 INFO  client.GrpcClientProtocolClient (GrpcClientProtocolClient.java:onNext(255)) - client-AC1CE418446C->edec9b8f-c318-426f-83f9-f44e945268a2: receive RaftClientReply:client-AC1CE418446C->edec9b8f-c318-426f-83f9-f44e945268a2@group-352661ED3FD5, cid=2901, SUCCESS, logIndex=0, commits[edec9b8f-c318-426f-83f9-f44e945268a2:c4331, 02a03aee-1dd1-43c9-94ca-c76e2a537489:c4329, 9fb73170-bb25-48da-afcf-6f1f9e11598f:c4329]
2019-07-10 10:43:00,289 INFO  client.GrpcClientProtocolClient (GrpcClientProtocolClient.java:onNext(255)) - client-AC1CE418446C->edec9b8f-c318-426f-83f9-f44e945268a2: receive RaftClientReply:client-AC1CE418446C->edec9b8f-c318-426f-83f9-f44e945268a2@group-352661ED3FD5, cid=2902, SUCCESS, logIndex=4332, commits[edec9b8f-c318-426f-83f9-f44e945268a2:c4333, 02a03aee-1dd1-43c9-94ca-c76e2a537489:c4331, 9fb73170-bb25-48da-afcf-6f1f9e11598f:c4331]
2019-07-10 10:43:00,290 INFO  client.GrpcClientProtocolClient (GrpcClientProtocolClient.java:onNext(255)) - client-AC1CE418446C->edec9b8f-c318-426f-83f9-f44e945268a2: receive RaftClientReply:client-AC1CE418446C->edec9b8f-c318-426f-83f9-f44e945268a2@group-352661ED3FD5, cid=2903, SUCCESS, logIndex=4333, commits[edec9b8f-c318-426f-83f9-f44e945268a2:c4333, 02a03aee-1dd1-43c9-94ca-c76e2a537489:c4331, 9fb73170-bb25-48da-afcf-6f1f9e11598f:c4331]
2019-07-10 10:43:00,300 INFO  client.GrpcClientProtocolClient (GrpcClientProtocolClient.java:onNext(255)) - client-AC1CE418446C->edec9b8f-c318-426f-83f9-f44e945268a2: receive RaftClientReply:client-AC1CE418446C->edec9b8f-c318-426f-83f9-f44e945268a2@group-352661ED3FD5, cid=2904, SUCCESS, logIndex=4334, commits[edec9b8f-c318-426f-83f9-f44e945268a2:c4335, 02a03aee-1dd1-43c9-94ca-c76e2a537489:c4331, 9fb73170-bb25-48da-afcf-6f1f9e11598f:c4331]
2019-07-10 10:43:00,300 INFO  client.GrpcClientProtocolClient (GrpcClientProtocolClient.java:onNext(255)) - client-AC1CE418446C->edec9b8f-c318-426f-83f9-f44e945268a2: receive RaftClientReply:client-AC1CE418446C->edec9b8f-c318-426f-83f9-f44e945268a2@group-352661ED3FD5, cid=2905, SUCCESS, logIndex=4335, commits[edec9b8f-c318-426f-83f9-f44e945268a2:c4335, 02a03aee-1dd1-43c9-94ca-c76e2a537489:c4331, 9fb73170-bb25-48da-afcf-6f1f9e11598f:c4331]
2019-07-10 10:43:00,308 INFO  client.GrpcClientProtocolClient (GrpcClientProtocolClient.java:onNext(255)) - client-AC1CE418446C->edec9b8f-c318-426f-83f9-f44e945268a2: receive RaftClientReply:client-AC1CE418446C->edec9b8f-c318-426f-83f9-f44e945268a2@group-352661ED3FD5, cid=2906, SUCCESS, logIndex=0, commits[edec9b8f-c318-426f-83f9-f44e945268a2:c4337, 02a03aee-1dd1-43c9-94ca-c76e2a537489:c4333, 9fb73170-bb25-48da-afcf-6f1f9e11598f:c4333]
2019-07-10 10:43:00,332 INFO  client.GrpcClientProtocolClient (GrpcClientProtocolClient.java:onNext(255)) - client-AC1CE418446C->edec9b8f-c318-426f-83f9-f44e945268a2: receive RaftClientReply:client-AC1CE418446C->edec9b8f-c318-426f-83f9-f44e945268a2@group-352661ED3FD5, cid=2907, SUCCESS, logIndex=4340, commits[edec9b8f-c318-426f-83f9-f44e945268a2:c4341, 02a03aee-1dd1-43c9-94ca-c76e2a537489:c4339, 9fb73170-bb25-48da-afcf-6f1f9e11598f:c4339]
2019-07-10 10:43:00,332 INFO  client.GrpcClientProtocolClient (GrpcClientProtocolClient.java:onNext(255)) - client-AC1CE418446C->edec9b8f-c318-426f-83f9-f44e945268a2: receive RaftClientReply:client-AC1CE418446C->edec9b8f-c318-426f-83f9-f44e945268a2@group-352661ED3FD5, cid=2908, SUCCESS, logIndex=4341, commits[edec9b8f-c318-426f-83f9-f44e945268a2:c4341, 02a03aee-1dd1-43c9-94ca-c76e2a537489:c4339, 9fb73170-bb25-48da-afcf-6f1f9e11598f:c4339]
2019-07-10 10:43:00,343 INFO  client.GrpcClientProtocolClient (GrpcClientProtocolClient.java:onNext(255)) - client-AC1CE418446C->edec9b8f-c318-426f-83f9-f44e945268a2: receive RaftClientReply:client-AC1CE418446C->edec9b8f-c318-426f-83f9-f44e945268a2@group-352661ED3FD5, cid=2909, SUCCESS, logIndex=4344, commits[edec9b8f-c318-426f-83f9-f44e945268a2:c4345, 02a03aee-1dd1-43c9-94ca-c76e2a537489:c4341, 9fb73170-bb25-48da-afcf-6f1f9e11598f:c4341]
2019-07-10 10:43:00,343 INFO  client.GrpcClientProtocolClient (GrpcClientProtocolClient.java:onNext(255)) - client-AC1CE418446C->edec9b8f-c318-426f-83f9-f44e945268a2: receive RaftClientReply:client-AC1CE418446C->edec9b8f-c318-426f-83f9-f44e945268a2@group-352661ED3FD5, cid=2910, SUCCESS, logIndex=4345, commits[edec9b8f-c318-426f-83f9-f44e945268a2:c4345, 02a03aee-1dd1-43c9-94ca-c76e2a537489:c4341, 9fb73170-bb25-48da-afcf-6f1f9e11598f:c4341]
2019-07-10 10:43:00,355 INFO  client.GrpcClientProtocolClient (GrpcClientProtocolClient.java:onNext(255)) - client-AC1CE418446C->edec9b8f-c318-426f-83f9-f44e945268a2: receive RaftClientReply:client-AC1CE418446C->edec9b8f-c318-426f-83f9-f44e945268a2@group-352661ED3FD5, cid=2911, SUCCESS, logIndex=0, commits[edec9b8f-c318-426f-83f9-f44e945268a2:c4346, 02a03aee-1dd1-43c9-94ca-c76e2a537489:c4345, 9fb73170-bb25-48da-afcf-6f1f9e11598f:c4345]
2019-07-10 10:43:00,400 INFO  client.GrpcClientProtocolClient (GrpcClientProtocolClient.java:onNext(255)) - client-AC1CE418446C->edec9b8f-c318-426f-83f9-f44e945268a2: receive RaftClientReply:client-AC1CE418446C->edec9b8f-c318-426f-83f9-f44e945268a2@group-352661ED3FD5, cid=2912, SUCCESS, logIndex=4348, commits[edec9b8f-c318-426f-83f9-f44e945268a2:c4349, 02a03aee-1dd1-43c9-94ca-c76e2a537489:c4347, 9fb73170-bb25-48da-afcf-6f1f9e11598f:c4347]
2019-07-10 10:43:00,401 INFO  client.GrpcClientProtocolClient (GrpcClientProtocolClient.java:onNext(255)) - client-AC1CE418446C->edec9b8f-c318-426f-83f9-f44e945268a2: receive RaftClientReply:client-AC1CE418446C->edec9b8f-c318-426f-83f9-f44e945268a2@group-352661ED3FD5, cid=2913, SUCCESS, logIndex=4349, commits[edec9b8f-c318-426f-83f9-f44e945268a2:c4351, 02a03aee-1dd1-43c9-94ca-c76e2a537489:c4347, 9fb73170-bb25-48da-afcf-6f1f9e11598f:c4347]
2019-07-10 10:43:00,401 INFO  client.GrpcClientProtocolClient (GrpcClientProtocolClient.java:onNext(255)) - client-AC1CE418446C->edec9b8f-c318-426f-83f9-f44e945268a2: receive RaftClientReply:client-AC1CE418446C->edec9b8f-c318-426f-83f9-f44e945268a2@group-352661ED3FD5, cid=2914, SUCCESS, logIndex=4350, commits[edec9b8f-c318-426f-83f9-f44e945268a2:c4351, 02a03aee-1dd1-43c9-94ca-c76e2a537489:c4347, 9fb73170-bb25-48da-afcf-6f1f9e11598f:c4347]
2019-07-10 10:43:00,401 INFO  client.GrpcClientProtocolClient (GrpcClientProtocolClient.java:onNext(255)) - client-AC1CE418446C->edec9b8f-c318-426f-83f9-f44e945268a2: receive RaftClientReply:client-AC1CE418446C->edec9b8f-c318-426f-83f9-f44e945268a2@group-352661ED3FD5, cid=2915, SUCCESS, logIndex=4351, commits[edec9b8f-c318-426f-83f9-f44e945268a2:c4351, 02a03aee-1dd1-43c9-94ca-c76e2a537489:c4347, 9fb73170-bb25-48da-afcf-6f1f9e11598f:c4347]
2019-07-10 10:43:00,412 INFO  client.GrpcClientProtocolClient (GrpcClientProtocolClient.java:onNext(255)) - client-AC1CE418446C->edec9b8f-c318-426f-83f9-f44e945268a2: receive RaftClientReply:client-AC1CE418446C->edec9b8f-c318-426f-83f9-f44e945268a2@group-352661ED3FD5, cid=2916, SUCCESS, logIndex=0, commits[edec9b8f-c318-426f-83f9-f44e945268a2:c4352, 02a03aee-1dd1-43c9-94ca-c76e2a537489:c4349, 9fb73170-bb25-48da-afcf-6f1f9e11598f:c4349]
 0.00% |█                                                                                                    |  0/1 Time: 0:00:262019-07-10 10:43:00,430 INFO  client.GrpcClientProtocolClient (GrpcClientProtocolClient.java:onNext(255)) - client-AC1CE418446C->edec9b8f-c318-426f-83f9-f44e945268a2: receive RaftClientReply:client-AC1CE418446C->edec9b8f-c318-426f-83f9-f44e945268a2@group-352661ED3FD5, cid=2917, SUCCESS, logIndex=4355, commits[edec9b8f-c318-426f-83f9-f44e945268a2:c4356, 02a03aee-1dd1-43c9-94ca-c76e2a537489:c4354, 9fb73170-bb25-48da-afcf-6f1f9e11598f:c4354]
2019-07-10 10:43:00,431 INFO  client.GrpcClientProtocolClient (GrpcClientProtocolClient.java:onNext(255)) - client-AC1CE418446C->edec9b8f-c318-426f-83f9-f44e945268a2: receive RaftClientReply:client-AC1CE418446C->edec9b8f-c318-426f-83f9-f44e945268a2@group-352661ED3FD5, cid=2918, SUCCESS, logIndex=4356, commits[edec9b8f-c318-426f-83f9-f44e945268a2:c4356, 02a03aee-1dd1-43c9-94ca-c76e2a537489:c4354, 9fb73170-bb25-48da-afcf-6f1f9e11598f:c4354]
2019-07-10 10:43:00,457 INFO  client.GrpcClientProtocolClient (GrpcClientProtocolClient.java:onNext(255)) - client-AC1CE418446C->edec9b8f-c318-426f-83f9-f44e945268a2: receive RaftClientReply:client-AC1CE418446C->edec9b8f-c318-426f-83f9-f44e945268a2@group-352661ED3FD5, cid=2919, SUCCESS, logIndex=4359, commits[edec9b8f-c318-426f-83f9-f44e945268a2:c4359, 02a03aee-1dd1-43c9-94ca-c76e2a537489:c4356, 9fb73170-bb25-48da-afcf-6f1f9e11598f:c4356]
2019-07-10 10:43:00,457 INFO  client.GrpcClientProtocolClient (GrpcClientProtocolClient.java:onNext(255)) - client-AC1CE418446C->edec9b8f-c318-426f-83f9-f44e945268a2: receive RaftClientReply:client-AC1CE418446C->edec9b8f-c318-426f-83f9-f44e945268a2@group-352661ED3FD5, cid=2920, SUCCESS, logIndex=4360, commits[edec9b8f-c318-426f-83f9-f44e945268a2:c4360, 02a03aee-1dd1-43c9-94ca-c76e2a537489:c4356, 9fb73170-bb25-48da-afcf-6f1f9e11598f:c4356]
2019-07-10 10:43:00,483 INFO  client.GrpcClientProtocolClient (GrpcClientProtocolClient.java:onNext(255)) - client-AC1CE418446C->edec9b8f-c318-426f-83f9-f44e945268a2: receive RaftClientReply:client-AC1CE418446C->edec9b8f-c318-426f-83f9-f44e945268a2@group-352661ED3FD5, cid=2921, SUCCESS, logIndex=0, commits[edec9b8f-c318-426f-83f9-f44e945268a2:c4362, 02a03aee-1dd1-43c9-94ca-c76e2a537489:c4360, 9fb73170-bb25-48da-afcf-6f1f9e11598f:c4360]
2019-07-10 10:43:00,515 INFO  client.GrpcClientProtocolClient (GrpcClientProtocolClient.java:onNext(255)) - client-AC1CE418446C->edec9b8f-c318-426f-83f9-f44e945268a2: receive RaftClientReply:client-AC1CE418446C->edec9b8f-c318-426f-83f9-f44e945268a2@group-352661ED3FD5, cid=2922, SUCCESS, logIndex=4363, commits[edec9b8f-c318-426f-83f9-f44e945268a2:c4364, 02a03aee-1dd1-43c9-94ca-c76e2a537489:c4362, 9fb73170-bb25-48da-afcf-6f1f9e11598f:c4362]
2019-07-10 10:43:00,516 INFO  client.GrpcClientProtocolClient (GrpcClientProtocolClient.java:onNext(255)) - client-AC1CE418446C->edec9b8f-c318-426f-83f9-f44e945268a2: receive RaftClientReply:client-AC1CE418446C->edec9b8f-c318-426f-83f9-f44e945268a2@group-352661ED3FD5, cid=2923, SUCCESS, logIndex=4364, commits[edec9b8f-c318-426f-83f9-f44e945268a2:c4364, 02a03aee-1dd1-43c9-94ca-c76e2a537489:c4362, 9fb73170-bb25-48da-afcf-6f1f9e11598f:c4362]
2019-07-10 10:43:00,525 INFO  client.GrpcClientProtocolClient (GrpcClientProtocolClient.java:onNext(255)) - client-AC1CE418446C->edec9b8f-c318-426f-83f9-f44e945268a2: receive RaftClientReply:client-AC1CE418446C->edec9b8f-c318-426f-83f9-f44e945268a2@group-352661ED3FD5, cid=2924, SUCCESS, logIndex=4365, commits[edec9b8f-c318-426f-83f9-f44e945268a2:c4366, 02a03aee-1dd1-43c9-94ca-c76e2a537489:c4362, 9fb73170-bb25-48da-afcf-6f1f9e11598f:c4362]
2019-07-10 10:43:00,525 INFO  client.GrpcClientProtocolClient (GrpcClientProtocolClient.java:onNext(255)) - client-AC1CE418446C->edec9b8f-c318-426f-83f9-f44e945268a2: receive RaftClientReply:client-AC1CE418446C->edec9b8f-c318-426f-83f9-f44e945268a2@group-352661ED3FD5, cid=2925, SUCCESS, logIndex=4366, commits[edec9b8f-c318-426f-83f9-f44e945268a2:c4366, 02a03aee-1dd1-43c9-94ca-c76e2a537489:c4362, 9fb73170-bb25-48da-afcf-6f1f9e11598f:c4362]
2019-07-10 10:43:00,531 INFO  client.GrpcClientProtocolClient (GrpcClientProtocolClient.java:onNext(255)) - client-AC1CE418446C->edec9b8f-c318-426f-83f9-f44e945268a2: receive RaftClientReply:client-AC1CE418446C->edec9b8f-c318-426f-83f9-f44e945268a2@group-352661ED3FD5, cid=2926, SUCCESS, logIndex=0, commits[edec9b8f-c318-426f-83f9-f44e945268a2:c4368, 02a03aee-1dd1-43c9-94ca-c76e2a537489:c4366, 9fb73170-bb25-48da-afcf-6f1f9e11598f:c4364]
2019-07-10 10:43:00,541 INFO  client.GrpcClientProtocolClient (GrpcClientProtocolClient.java:onNext(255)) - client-AC1CE418446C->edec9b8f-c318-426f-83f9-f44e945268a2: receive RaftClientReply:client-AC1CE418446C->edec9b8f-c318-426f-83f9-f44e945268a2@group-352661ED3FD5, cid=2927, SUCCESS, logIndex=4370, commits[edec9b8f-c318-426f-83f9-f44e945268a2:c4371, 02a03aee-1dd1-43c9-94ca-c76e2a537489:c4369, 9fb73170-bb25-48da-afcf-6f1f9e11598f:c4366]
2019-07-10 10:43:00,542 INFO  client.GrpcClientProtocolClient (GrpcClientProtocolClient.java:onNext(255)) - client-AC1CE418446C->edec9b8f-c318-426f-83f9-f44e945268a2: receive RaftClientReply:client-AC1CE418446C->edec9b8f-c318-426f-83f9-f44e945268a2@group-352661ED3FD5, cid=2928, SUCCESS, logIndex=4371, commits[edec9b8f-c318-426f-83f9-f44e945268a2:c4371, 02a03aee-1dd1-43c9-94ca-c76e2a537489:c4369, 9fb73170-bb25-48da-afcf-6f1f9e11598f:c4366]
2019-07-10 10:43:00,553 INFO  client.GrpcClientProtocolClient (GrpcClientProtocolClient.java:onNext(255)) - client-AC1CE418446C->edec9b8f-c318-426f-83f9-f44e945268a2: receive RaftClientReply:client-AC1CE418446C->edec9b8f-c318-426f-83f9-f44e945268a2@group-352661ED3FD5, cid=2929, SUCCESS, logIndex=4374, commits[edec9b8f-c318-426f-83f9-f44e945268a2:c4375, 02a03aee-1dd1-43c9-94ca-c76e2a537489:c4371, 9fb73170-bb25-48da-afcf-6f1f9e11598f:c4373]
2019-07-10 10:43:00,554 INFO  client.GrpcClientProtocolClient (GrpcClientProtocolClient.java:onNext(255)) - client-AC1CE418446C->edec9b8f-c318-426f-83f9-f44e945268a2: receive RaftClientReply:client-AC1CE418446C->edec9b8f-c318-426f-83f9-f44e945268a2@group-352661ED3FD5, cid=2930, SUCCESS, logIndex=4375, commits[edec9b8f-c318-426f-83f9-f44e945268a2:c4375, 02a03aee-1dd1-43c9-94ca-c76e2a537489:c4373, 9fb73170-bb25-48da-afcf-6f1f9e11598f:c4373]
2019-07-10 10:43:00,560 INFO  client.GrpcClientProtocolClient (GrpcClientProtocolClient.java:onNext(255)) - client-AC1CE418446C->edec9b8f-c318-426f-83f9-f44e945268a2: receive RaftClientReply:client-AC1CE418446C->edec9b8f-c318-426f-83f9-f44e945268a2@group-352661ED3FD5, cid=2931, SUCCESS, logIndex=0, commits[edec9b8f-c318-426f-83f9-f44e945268a2:c4377, 02a03aee-1dd1-43c9-94ca-c76e2a537489:c4375, 9fb73170-bb25-48da-afcf-6f1f9e11598f:c4375]
2019-07-10 10:43:00,584 INFO  client.GrpcClientProtocolClient (GrpcClientProtocolClient.java:onNext(255)) - client-AC1CE418446C->edec9b8f-c318-426f-83f9-f44e945268a2: receive RaftClientReply:client-AC1CE418446C->edec9b8f-c318-426f-83f9-f44e945268a2@group-352661ED3FD5, cid=2932, SUCCESS, logIndex=4378, commits[edec9b8f-c318-426f-83f9-f44e945268a2:c4379, 02a03aee-1dd1-43c9-94ca-c76e2a537489:c4377, 9fb73170-bb25-48da-afcf-6f1f9e11598f:c4377]
2019-07-10 10:43:00,584 INFO  client.GrpcClientProtocolClient (GrpcClientProtocolClient.java:onNext(255)) - client-AC1CE418446C->edec9b8f-c318-426f-83f9-f44e945268a2: receive RaftClientReply:client-AC1CE418446C->edec9b8f-c318-426f-83f9-f44e945268a2@group-352661ED3FD5, cid=2933, SUCCESS, logIndex=4379, commits[edec9b8f-c318-426f-83f9-f44e945268a2:c4381, 02a03aee-1dd1-43c9-94ca-c76e2a537489:c4377, 9fb73170-bb25-48da-afcf-6f1f9e11598f:c4377]
2019-07-10 10:43:00,584 INFO  client.GrpcClientProtocolClient (GrpcClientProtocolClient.java:onNext(255)) - client-AC1CE418446C->edec9b8f-c318-426f-83f9-f44e945268a2: receive RaftClientReply:client-AC1CE418446C->edec9b8f-c318-426f-83f9-f44e945268a2@group-352661ED3FD5, cid=2934, SUCCESS, logIndex=4380, commits[edec9b8f-c318-426f-83f9-f44e945268a2:c4381, 02a03aee-1dd1-43c9-94ca-c76e2a537489:c4377, 9fb73170-bb25-48da-afcf-6f1f9e11598f:c4377]
2019-07-10 10:43:00,585 INFO  client.GrpcClientProtocolClient (GrpcClientProtocolClient.java:onNext(255)) - client-AC1CE418446C->edec9b8f-c318-426f-83f9-f44e945268a2: receive RaftClientReply:client-AC1CE418446C->edec9b8f-c318-426f-83f9-f44e945268a2@group-352661ED3FD5, cid=2935, SUCCESS, logIndex=4381, commits[edec9b8f-c318-426f-83f9-f44e945268a2:c4381, 02a03aee-1dd1-43c9-94ca-c76e2a537489:c4377, 9fb73170-bb25-48da-afcf-6f1f9e11598f:c4377]
2019-07-10 10:43:00,587 INFO  client.GrpcClientProtocolClient (GrpcClientProtocolClient.java:onNext(255)) - client-AC1CE418446C->edec9b8f-c318-426f-83f9-f44e945268a2: receive RaftClientReply:client-AC1CE418446C->edec9b8f-c318-426f-83f9-f44e945268a2@group-352661ED3FD5, cid=2936, SUCCESS, logIndex=0, commits[edec9b8f-c318-426f-83f9-f44e945268a2:c4384, 02a03aee-1dd1-43c9-94ca-c76e2a537489:c4381, 9fb73170-bb25-48da-afcf-6f1f9e11598f:c4379]
2019-07-10 10:43:00,600 INFO  client.GrpcClientProtocolClient (GrpcClientProtocolClient.java:onNext(255)) - client-AC1CE418446C->edec9b8f-c318-426f-83f9-f44e945268a2: receive RaftClientReply:client-AC1CE418446C->edec9b8f-c318-426f-83f9-f44e945268a2@group-352661ED3FD5, cid=2937, SUCCESS, logIndex=4385, commits[edec9b8f-c318-426f-83f9-f44e945268a2:c4385, 02a03aee-1dd1-43c9-94ca-c76e2a537489:c4384, 9fb73170-bb25-48da-afcf-6f1f9e11598f:c4381]
2019-07-10 10:43:00,601 INFO  client.GrpcClientProtocolClient (GrpcClientProtocolClient.java:onNext(255)) - client-AC1CE418446C->edec9b8f-c318-426f-83f9-f44e945268a2: receive RaftClientReply:client-AC1CE418446C->edec9b8f-c318-426f-83f9-f44e945268a2@group-352661ED3FD5, cid=2938, SUCCESS, logIndex=4386, commits[edec9b8f-c318-426f-83f9-f44e945268a2:c4386, 02a03aee-1dd1-43c9-94ca-c76e2a537489:c4384, 9fb73170-bb25-48da-afcf-6f1f9e11598f:c4384]
2019-07-10 10:43:00,614 INFO  client.GrpcClientProtocolClient (GrpcClientProtocolClient.java:onNext(255)) - client-AC1CE418446C->edec9b8f-c318-426f-83f9-f44e945268a2: receive RaftClientReply:client-AC1CE418446C->edec9b8f-c318-426f-83f9-f44e945268a2@group-352661ED3FD5, cid=2939, SUCCESS, logIndex=4389, commits[edec9b8f-c318-426f-83f9-f44e945268a2:c4390, 02a03aee-1dd1-43c9-94ca-c76e2a537489:c4386, 9fb73170-bb25-48da-afcf-6f1f9e11598f:c4386]
2019-07-10 10:43:00,614 INFO  client.GrpcClientProtocolClient (GrpcClientProtocolClient.java:onNext(255)) - client-AC1CE418446C->edec9b8f-c318-426f-83f9-f44e945268a2: receive RaftClientReply:client-AC1CE418446C->edec9b8f-c318-426f-83f9-f44e945268a2@group-352661ED3FD5, cid=2940, SUCCESS, logIndex=4390, commits[edec9b8f-c318-426f-83f9-f44e945268a2:c4390, 02a03aee-1dd1-43c9-94ca-c76e2a537489:c4386, 9fb73170-bb25-48da-afcf-6f1f9e11598f:c4386]
2019-07-10 10:43:00,629 INFO  client.GrpcClientProtocolClient (GrpcClientProtocolClient.java:onNext(255)) - client-AC1CE418446C->edec9b8f-c318-426f-83f9-f44e945268a2: receive RaftClientReply:client-AC1CE418446C->edec9b8f-c318-426f-83f9-f44e945268a2@group-352661ED3FD5, cid=2941, SUCCESS, logIndex=0, commits[edec9b8f-c318-426f-83f9-f44e945268a2:c4392, 02a03aee-1dd1-43c9-94ca-c76e2a537489:c4390, 9fb73170-bb25-48da-afcf-6f1f9e11598f:c4390]
2019-07-10 10:43:00,663 INFO  client.GrpcClientProtocolClient (GrpcClientProtocolClient.java:onNext(255)) - client-AC1CE418446C->edec9b8f-c318-426f-83f9-f44e945268a2: receive RaftClientReply:client-AC1CE418446C->edec9b8f-c318-426f-83f9-f44e945268a2@group-352661ED3FD5, cid=2942, SUCCESS, logIndex=4393, commits[edec9b8f-c318-426f-83f9-f44e945268a2:c4394, 02a03aee-1dd1-43c9-94ca-c76e2a537489:c4392, 9fb73170-bb25-48da-afcf-6f1f9e11598f:c4392]
2019-07-10 10:43:00,664 INFO  client.GrpcClientProtocolClient (GrpcClientProtocolClient.java:onNext(255)) - client-AC1CE418446C->edec9b8f-c318-426f-83f9-f44e945268a2: receive RaftClientReply:client-AC1CE418446C->edec9b8f-c318-426f-83f9-f44e945268a2@group-352661ED3FD5, cid=2943, SUCCESS, logIndex=4394, commits[edec9b8f-c318-426f-83f9-f44e945268a2:c4396, 02a03aee-1dd1-43c9-94ca-c76e2a537489:c4392, 9fb73170-bb25-48da-afcf-6f1f9e11598f:c4392]
2019-07-10 10:43:00,664 INFO  client.GrpcClientProtocolClient (GrpcClientProtocolClient.java:onNext(255)) - client-AC1CE418446C->edec9b8f-c318-426f-83f9-f44e945268a2: receive RaftClientReply:client-AC1CE418446C->edec9b8f-c318-426f-83f9-f44e945268a2@group-352661ED3FD5, cid=2944, SUCCESS, logIndex=4395, commits[edec9b8f-c318-426f-83f9-f44e945268a2:c4396, 02a03aee-1dd1-43c9-94ca-c76e2a537489:c4392, 9fb73170-bb25-48da-afcf-6f1f9e11598f:c4392]
2019-07-10 10:43:00,664 INFO  client.GrpcClientProtocolClient (GrpcClientProtocolClient.java:onNext(255)) - client-AC1CE418446C->edec9b8f-c318-426f-83f9-f44e945268a2: receive RaftClientReply:client-AC1CE418446C->edec9b8f-c318-426f-83f9-f44e945268a2@group-352661ED3FD5, cid=2945, SUCCESS, logIndex=4396, commits[edec9b8f-c318-426f-83f9-f44e945268a2:c4396, 02a03aee-1dd1-43c9-94ca-c76e2a537489:c4392, 9fb73170-bb25-48da-afcf-6f1f9e11598f:c4392]
2019-07-10 10:43:00,675 INFO  client.GrpcClientProtocolClient (GrpcClientProtocolClient.java:onNext(255)) - client-AC1CE418446C->edec9b8f-c318-426f-83f9-f44e945268a2: receive RaftClientReply:client-AC1CE418446C->edec9b8f-c318-426f-83f9-f44e945268a2@group-352661ED3FD5, cid=2946, SUCCESS, logIndex=0, commits[edec9b8f-c318-426f-83f9-f44e945268a2:c4398, 02a03aee-1dd1-43c9-94ca-c76e2a537489:c4394, 9fb73170-bb25-48da-afcf-6f1f9e11598f:c4394]
2019-07-10 10:43:00,688 INFO  client.GrpcClientProtocolClient (GrpcClientProtocolClient.java:onNext(255)) - client-AC1CE418446C->edec9b8f-c318-426f-83f9-f44e945268a2: receive RaftClientReply:client-AC1CE418446C->edec9b8f-c318-426f-83f9-f44e945268a2@group-352661ED3FD5, cid=2947, SUCCESS, logIndex=4401, commits[edec9b8f-c318-426f-83f9-f44e945268a2:c4402, 02a03aee-1dd1-43c9-94ca-c76e2a537489:c4396, 9fb73170-bb25-48da-afcf-6f1f9e11598f:c4400]
2019-07-10 10:43:00,689 INFO  client.GrpcClientProtocolClient (GrpcClientProtocolClient.java:onNext(255)) - client-AC1CE418446C->edec9b8f-c318-426f-83f9-f44e945268a2: receive RaftClientReply:client-AC1CE418446C->edec9b8f-c318-426f-83f9-f44e945268a2@group-352661ED3FD5, cid=2948, SUCCESS, logIndex=4402, commits[edec9b8f-c318-426f-83f9-f44e945268a2:c4402, 02a03aee-1dd1-43c9-94ca-c76e2a537489:c4396, 9fb73170-bb25-48da-afcf-6f1f9e11598f:c4400]
2019-07-10 10:43:00,716 INFO  client.GrpcClientProtocolClient (GrpcClientProtocolClient.java:onNext(255)) - client-AC1CE418446C->edec9b8f-c318-426f-83f9-f44e945268a2: receive RaftClientReply:client-AC1CE418446C->edec9b8f-c318-426f-83f9-f44e945268a2@group-352661ED3FD5, cid=2949, SUCCESS, logIndex=4405, commits[edec9b8f-c318-426f-83f9-f44e945268a2:c4406, 02a03aee-1dd1-43c9-94ca-c76e2a537489:c4403, 9fb73170-bb25-48da-afcf-6f1f9e11598f:c4402]
2019-07-10 10:43:00,716 INFO  client.GrpcClientProtocolClient (GrpcClientProtocolClient.java:onNext(255)) - client-AC1CE418446C->edec9b8f-c318-426f-83f9-f44e945268a2: receive RaftClientReply:client-AC1CE418446C->edec9b8f-c318-426f-83f9-f44e945268a2@group-352661ED3FD5, cid=2950, SUCCESS, logIndex=4406, commits[edec9b8f-c318-426f-83f9-f44e945268a2:c4406, 02a03aee-1dd1-43c9-94ca-c76e2a537489:c4403, 9fb73170-bb25-48da-afcf-6f1f9e11598f:c4402]
2019-07-10 10:43:00,718 INFO  client.GrpcClientProtocolClient (GrpcClientProtocolClient.java:onNext(255)) - client-AC1CE418446C->edec9b8f-c318-426f-83f9-f44e945268a2: receive RaftClientReply:client-AC1CE418446C->edec9b8f-c318-426f-83f9-f44e945268a2@group-352661ED3FD5, cid=2951, SUCCESS, logIndex=0, commits[edec9b8f-c318-426f-83f9-f44e945268a2:c4407, 02a03aee-1dd1-43c9-94ca-c76e2a537489:c4406, 9fb73170-bb25-48da-afcf-6f1f9e11598f:c4406]
2019-07-10 10:43:00,751 INFO  client.GrpcClientProtocolClient (GrpcClientProtocolClient.java:onNext(255)) - client-AC1CE418446C->edec9b8f-c318-426f-83f9-f44e945268a2: receive RaftClientReply:client-AC1CE418446C->edec9b8f-c318-426f-83f9-f44e945268a2@group-352661ED3FD5, cid=2952, SUCCESS, logIndex=4408, commits[edec9b8f-c318-426f-83f9-f44e945268a2:c4409, 02a03aee-1dd1-43c9-94ca-c76e2a537489:c4407, 9fb73170-bb25-48da-afcf-6f1f9e11598f:c4407]
2019-07-10 10:43:00,751 INFO  client.GrpcClientProtocolClient (GrpcClientProtocolClient.java:onNext(255)) - client-AC1CE418446C->edec9b8f-c318-426f-83f9-f44e945268a2: receive RaftClientReply:client-AC1CE418446C->edec9b8f-c318-426f-83f9-f44e945268a2@group-352661ED3FD5, cid=2953, SUCCESS, logIndex=4409, commits[edec9b8f-c318-426f-83f9-f44e945268a2:c4409, 02a03aee-1dd1-43c9-94ca-c76e2a537489:c4407, 9fb73170-bb25-48da-afcf-6f1f9e11598f:c4407]
2019-07-10 10:43:00,760 INFO  client.GrpcClientProtocolClient (GrpcClientProtocolClient.java:onNext(255)) - client-AC1CE418446C->edec9b8f-c318-426f-83f9-f44e945268a2: receive RaftClientReply:client-AC1CE418446C->edec9b8f-c318-426f-83f9-f44e945268a2@group-352661ED3FD5, cid=2954, SUCCESS, logIndex=4410, commits[edec9b8f-c318-426f-83f9-f44e945268a2:c4411, 02a03aee-1dd1-43c9-94ca-c76e2a537489:c4407, 9fb73170-bb25-48da-afcf-6f1f9e11598f:c4407]
2019-07-10 10:43:00,761 INFO  client.GrpcClientProtocolClient (GrpcClientProtocolClient.java:onNext(255)) - client-AC1CE418446C->edec9b8f-c318-426f-83f9-f44e945268a2: receive RaftClientReply:client-AC1CE418446C->edec9b8f-c318-426f-83f9-f44e945268a2@group-352661ED3FD5, cid=2955, SUCCESS, logIndex=4411, commits[edec9b8f-c318-426f-83f9-f44e945268a2:c4411, 02a03aee-1dd1-43c9-94ca-c76e2a537489:c4407, 9fb73170-bb25-48da-afcf-6f1f9e11598f:c4407]
2019-07-10 10:43:00,764 INFO  client.GrpcClientProtocolClient (GrpcClientProtocolClient.java:onNext(255)) - client-AC1CE418446C->edec9b8f-c318-426f-83f9-f44e945268a2: receive RaftClientReply:client-AC1CE418446C->edec9b8f-c318-426f-83f9-f44e945268a2@group-352661ED3FD5, cid=2956, SUCCESS, logIndex=0, commits[edec9b8f-c318-426f-83f9-f44e945268a2:c4413, 02a03aee-1dd1-43c9-94ca-c76e2a537489:c4409, 9fb73170-bb25-48da-afcf-6f1f9e11598f:c4409]
2019-07-10 10:43:00,788 INFO  client.GrpcClientProtocolClient (GrpcClientProtocolClient.java:onNext(255)) - client-AC1CE418446C->edec9b8f-c318-426f-83f9-f44e945268a2: receive RaftClientReply:client-AC1CE418446C->edec9b8f-c318-426f-83f9-f44e945268a2@group-352661ED3FD5, cid=2957, SUCCESS, logIndex=4415, commits[edec9b8f-c318-426f-83f9-f44e945268a2:c4416, 02a03aee-1dd1-43c9-94ca-c76e2a537489:c4413, 9fb73170-bb25-48da-afcf-6f1f9e11598f:c4413]
2019-07-10 10:43:00,788 INFO  client.GrpcClientProtocolClient (GrpcClientProtocolClient.java:onNext(255)) - client-AC1CE418446C->edec9b8f-c318-426f-83f9-f44e945268a2: receive RaftClientReply:client-AC1CE418446C->edec9b8f-c318-426f-83f9-f44e945268a2@group-352661ED3FD5, cid=2958, SUCCESS, logIndex=4416, commits[edec9b8f-c318-426f-83f9-f44e945268a2:c4416, 02a03aee-1dd1-43c9-94ca-c76e2a537489:c4413, 9fb73170-bb25-48da-afcf-6f1f9e11598f:c4413]
2019-07-10 10:43:00,798 INFO  client.GrpcClientProtocolClient (GrpcClientProtocolClient.java:onNext(255)) - client-AC1CE418446C->edec9b8f-c318-426f-83f9-f44e945268a2: receive RaftClientReply:client-AC1CE418446C->edec9b8f-c318-426f-83f9-f44e945268a2@group-352661ED3FD5, cid=2959, SUCCESS, logIndex=4419, commits[edec9b8f-c318-426f-83f9-f44e945268a2:c4420, 02a03aee-1dd1-43c9-94ca-c76e2a537489:c4417, 9fb73170-bb25-48da-afcf-6f1f9e11598f:c4414]
2019-07-10 10:43:00,798 INFO  client.GrpcClientProtocolClient (GrpcClientProtocolClient.java:onNext(255)) - client-AC1CE418446C->edec9b8f-c318-426f-83f9-f44e945268a2: receive RaftClientReply:client-AC1CE418446C->edec9b8f-c318-426f-83f9-f44e945268a2@group-352661ED3FD5, cid=2960, SUCCESS, logIndex=4420, commits[edec9b8f-c318-426f-83f9-f44e945268a2:c4420, 02a03aee-1dd1-43c9-94ca-c76e2a537489:c4417, 9fb73170-bb25-48da-afcf-6f1f9e11598f:c4417]
2019-07-10 10:43:00,802 INFO  client.GrpcClientProtocolClient (GrpcClientProtocolClient.java:onNext(255)) - client-AC1CE418446C->edec9b8f-c318-426f-83f9-f44e945268a2: receive RaftClientReply:client-AC1CE418446C->edec9b8f-c318-426f-83f9-f44e945268a2@group-352661ED3FD5, cid=2961, SUCCESS, logIndex=0, commits[edec9b8f-c318-426f-83f9-f44e945268a2:c4421, 02a03aee-1dd1-43c9-94ca-c76e2a537489:c4420, 9fb73170-bb25-48da-afcf-6f1f9e11598f:c4420]
2019-07-10 10:43:00,820 INFO  client.GrpcClientProtocolClient (GrpcClientProtocolClient.java:onNext(255)) - client-AC1CE418446C->edec9b8f-c318-426f-83f9-f44e945268a2: receive RaftClientReply:client-AC1CE418446C->edec9b8f-c318-426f-83f9-f44e945268a2@group-352661ED3FD5, cid=2962, SUCCESS, logIndex=4423, commits[edec9b8f-c318-426f-83f9-f44e945268a2:c4424, 02a03aee-1dd1-43c9-94ca-c76e2a537489:c4422, 9fb73170-bb25-48da-afcf-6f1f9e11598f:c4420]
2019-07-10 10:43:00,821 INFO  client.GrpcClientProtocolClient (GrpcClientProtocolClient.java:onNext(255)) - client-AC1CE418446C->edec9b8f-c318-426f-83f9-f44e945268a2: receive RaftClientReply:client-AC1CE418446C->edec9b8f-c318-426f-83f9-f44e945268a2@group-352661ED3FD5, cid=2963, SUCCESS, logIndex=4424, commits[edec9b8f-c318-426f-83f9-f44e945268a2:c4424, 02a03aee-1dd1-43c9-94ca-c76e2a537489:c4422, 9fb73170-bb25-48da-afcf-6f1f9e11598f:c4420]
2019-07-10 10:43:00,824 INFO  client.GrpcClientProtocolClient (GrpcClientProtocolClient.java:onNext(255)) - client-AC1CE418446C->edec9b8f-c318-426f-83f9-f44e945268a2: receive RaftClientReply:client-AC1CE418446C->edec9b8f-c318-426f-83f9-f44e945268a2@group-352661ED3FD5, cid=2964, SUCCESS, logIndex=4425, commits[edec9b8f-c318-426f-83f9-f44e945268a2:c4426, 02a03aee-1dd1-43c9-94ca-c76e2a537489:c4422, 9fb73170-bb25-48da-afcf-6f1f9e11598f:c4420]
2019-07-10 10:43:00,824 INFO  client.GrpcClientProtocolClient (GrpcClientProtocolClient.java:onNext(255)) - client-AC1CE418446C->edec9b8f-c318-426f-83f9-f44e945268a2: receive RaftClientReply:client-AC1CE418446C->edec9b8f-c318-426f-83f9-f44e945268a2@group-352661ED3FD5, cid=2965, SUCCESS, logIndex=4426, commits[edec9b8f-c318-426f-83f9-f44e945268a2:c4426, 02a03aee-1dd1-43c9-94ca-c76e2a537489:c4424, 9fb73170-bb25-48da-afcf-6f1f9e11598f:c4420]
2019-07-10 10:43:00,826 INFO  client.GrpcClientProtocolClient (GrpcClientProtocolClient.java:onNext(255)) - client-AC1CE418446C->edec9b8f-c318-426f-83f9-f44e945268a2: receive RaftClientReply:client-AC1CE418446C->edec9b8f-c318-426f-83f9-f44e945268a2@group-352661ED3FD5, cid=2966, SUCCESS, logIndex=0, commits[edec9b8f-c318-426f-83f9-f44e945268a2:c4428, 02a03aee-1dd1-43c9-94ca-c76e2a537489:c4424, 9fb73170-bb25-48da-afcf-6f1f9e11598f:c4424]
2019-07-10 10:43:00,961 INFO  client.GrpcClientProtocolClient (GrpcClientProtocolClient.java:onNext(255)) - client-AC1CE418446C->edec9b8f-c318-426f-83f9-f44e945268a2: receive RaftClientReply:client-AC1CE418446C->edec9b8f-c318-426f-83f9-f44e945268a2@group-352661ED3FD5, cid=2967, SUCCESS, logIndex=4431, commits[edec9b8f-c318-426f-83f9-f44e945268a2:c4432, 02a03aee-1dd1-43c9-94ca-c76e2a537489:c4430, 9fb73170-bb25-48da-afcf-6f1f9e11598f:c4430]
2019-07-10 10:43:00,962 INFO  client.GrpcClientProtocolClient (GrpcClientProtocolClient.java:onNext(255)) - client-AC1CE418446C->edec9b8f-c318-426f-83f9-f44e945268a2: receive RaftClientReply:client-AC1CE418446C->edec9b8f-c318-426f-83f9-f44e945268a2@group-352661ED3FD5, cid=2968, SUCCESS, logIndex=4432, commits[edec9b8f-c318-426f-83f9-f44e945268a2:c4432, 02a03aee-1dd1-43c9-94ca-c76e2a537489:c4430, 9fb73170-bb25-48da-afcf-6f1f9e11598f:c4430]
2019-07-10 10:43:00,986 INFO  client.GrpcClientProtocolClient (GrpcClientProtocolClient.java:onNext(255)) - client-AC1CE418446C->edec9b8f-c318-426f-83f9-f44e945268a2: receive RaftClientReply:client-AC1CE418446C->edec9b8f-c318-426f-83f9-f44e945268a2@group-352661ED3FD5, cid=2969, SUCCESS, logIndex=4435, commits[edec9b8f-c318-426f-83f9-f44e945268a2:c4436, 02a03aee-1dd1-43c9-94ca-c76e2a537489:c4432, 9fb73170-bb25-48da-afcf-6f1f9e11598f:c4432]
2019-07-10 10:43:00,987 INFO  client.GrpcClientProtocolClient (GrpcClientProtocolClient.java:onNext(255)) - client-AC1CE418446C->edec9b8f-c318-426f-83f9-f44e945268a2: receive RaftClientReply:client-AC1CE418446C->edec9b8f-c318-426f-83f9-f44e945268a2@group-352661ED3FD5, cid=2970, SUCCESS, logIndex=4436, commits[edec9b8f-c318-426f-83f9-f44e945268a2:c4436, 02a03aee-1dd1-43c9-94ca-c76e2a537489:c4432, 9fb73170-bb25-48da-afcf-6f1f9e11598f:c4432]
2019-07-10 10:43:01,000 INFO  client.GrpcClientProtocolClient (GrpcClientProtocolClient.java:onNext(255)) - client-AC1CE418446C->edec9b8f-c318-426f-83f9-f44e945268a2: receive RaftClientReply:client-AC1CE418446C->edec9b8f-c318-426f-83f9-f44e945268a2@group-352661ED3FD5, cid=2971, SUCCESS, logIndex=0, commits[edec9b8f-c318-426f-83f9-f44e945268a2:c4437, 02a03aee-1dd1-43c9-94ca-c76e2a537489:c4436, 9fb73170-bb25-48da-afcf-6f1f9e11598f:c4436]
2019-07-10 10:43:01,036 INFO  client.GrpcClientProtocolClient (GrpcClientProtocolClient.java:onNext(255)) - client-AC1CE418446C->edec9b8f-c318-426f-83f9-f44e945268a2: receive RaftClientReply:client-AC1CE418446C->edec9b8f-c318-426f-83f9-f44e945268a2@group-352661ED3FD5, cid=2972, SUCCESS, logIndex=4439, commits[edec9b8f-c318-426f-83f9-f44e945268a2:c4441, 02a03aee-1dd1-43c9-94ca-c76e2a537489:c4438, 9fb73170-bb25-48da-afcf-6f1f9e11598f:c4438]
2019-07-10 10:43:01,037 INFO  client.GrpcClientProtocolClient (GrpcClientProtocolClient.java:onNext(255)) - client-AC1CE418446C->edec9b8f-c318-426f-83f9-f44e945268a2: receive RaftClientReply:client-AC1CE418446C->edec9b8f-c318-426f-83f9-f44e945268a2@group-352661ED3FD5, cid=2973, SUCCESS, logIndex=4440, commits[edec9b8f-c318-426f-83f9-f44e945268a2:c4442, 02a03aee-1dd1-43c9-94ca-c76e2a537489:c4438, 9fb73170-bb25-48da-afcf-6f1f9e11598f:c4438]
2019-07-10 10:43:01,037 INFO  client.GrpcClientProtocolClient (GrpcClientProtocolClient.java:onNext(255)) - client-AC1CE418446C->edec9b8f-c318-426f-83f9-f44e945268a2: receive RaftClientReply:client-AC1CE418446C->edec9b8f-c318-426f-83f9-f44e945268a2@group-352661ED3FD5, cid=2974, SUCCESS, logIndex=4441, commits[edec9b8f-c318-426f-83f9-f44e945268a2:c4442, 02a03aee-1dd1-43c9-94ca-c76e2a537489:c4438, 9fb73170-bb25-48da-afcf-6f1f9e11598f:c4438]
2019-07-10 10:43:01,037 INFO  client.GrpcClientProtocolClient (GrpcClientProtocolClient.java:onNext(255)) - client-AC1CE418446C->edec9b8f-c318-426f-83f9-f44e945268a2: receive RaftClientReply:client-AC1CE418446C->edec9b8f-c318-426f-83f9-f44e945268a2@group-352661ED3FD5, cid=2975, SUCCESS, logIndex=4442, commits[edec9b8f-c318-426f-83f9-f44e945268a2:c4442, 02a03aee-1dd1-43c9-94ca-c76e2a537489:c4438, 9fb73170-bb25-48da-afcf-6f1f9e11598f:c4438]
2019-07-10 10:43:01,062 INFO  client.GrpcClientProtocolClient (GrpcClientProtocolClient.java:onNext(255)) - client-AC1CE418446C->edec9b8f-c318-426f-83f9-f44e945268a2: receive RaftClientReply:client-AC1CE418446C->edec9b8f-c318-426f-83f9-f44e945268a2@group-352661ED3FD5, cid=2976, SUCCESS, logIndex=0, commits[edec9b8f-c318-426f-83f9-f44e945268a2:c4444, 02a03aee-1dd1-43c9-94ca-c76e2a537489:c4441, 9fb73170-bb25-48da-afcf-6f1f9e11598f:c4441]
2019-07-10 10:43:01,082 INFO  client.GrpcClientProtocolClient (GrpcClientProtocolClient.java:onNext(255)) - client-AC1CE418446C->edec9b8f-c318-426f-83f9-f44e945268a2: receive RaftClientReply:client-AC1CE418446C->edec9b8f-c318-426f-83f9-f44e945268a2@group-352661ED3FD5, cid=2977, SUCCESS, logIndex=4447, commits[edec9b8f-c318-426f-83f9-f44e945268a2:c4448, 02a03aee-1dd1-43c9-94ca-c76e2a537489:c4446, 9fb73170-bb25-48da-afcf-6f1f9e11598f:c4446]
2019-07-10 10:43:01,082 INFO  client.GrpcClientProtocolClient (GrpcClientProtocolClient.java:onNext(255)) - client-AC1CE418446C->edec9b8f-c318-426f-83f9-f44e945268a2: receive RaftClientReply:client-AC1CE418446C->edec9b8f-c318-426f-83f9-f44e945268a2@group-352661ED3FD5, cid=2978, SUCCESS, logIndex=4448, commits[edec9b8f-c318-426f-83f9-f44e945268a2:c4448, 02a03aee-1dd1-43c9-94ca-c76e2a537489:c4446, 9fb73170-bb25-48da-afcf-6f1f9e11598f:c4446]
2019-07-10 10:43:01,099 INFO  client.GrpcClientProtocolClient (GrpcClientProtocolClient.java:onNext(255)) - client-AC1CE418446C->edec9b8f-c318-426f-83f9-f44e945268a2: receive RaftClientReply:client-AC1CE418446C->edec9b8f-c318-426f-83f9-f44e945268a2@group-352661ED3FD5, cid=2979, SUCCESS, logIndex=4451, commits[edec9b8f-c318-426f-83f9-f44e945268a2:c4452, 02a03aee-1dd1-43c9-94ca-c76e2a537489:c4448, 9fb73170-bb25-48da-afcf-6f1f9e11598f:c4448]
2019-07-10 10:43:01,099 INFO  client.GrpcClientProtocolClient (GrpcClientProtocolClient.java:onNext(255)) - client-AC1CE418446C->edec9b8f-c318-426f-83f9-f44e945268a2: receive RaftClientReply:client-AC1CE418446C->edec9b8f-c318-426f-83f9-f44e945268a2@group-352661ED3FD5, cid=2980, SUCCESS, logIndex=4452, commits[edec9b8f-c318-426f-83f9-f44e945268a2:c4452, 02a03aee-1dd1-43c9-94ca-c76e2a537489:c4448, 9fb73170-bb25-48da-afcf-6f1f9e11598f:c4448]
2019-07-10 10:43:01,123 INFO  client.GrpcClientProtocolClient (GrpcClientProtocolClient.java:onNext(255)) - client-AC1CE418446C->edec9b8f-c318-426f-83f9-f44e945268a2: receive RaftClientReply:client-AC1CE418446C->edec9b8f-c318-426f-83f9-f44e945268a2@group-352661ED3FD5, cid=2981, SUCCESS, logIndex=0, commits[edec9b8f-c318-426f-83f9-f44e945268a2:c4453, 02a03aee-1dd1-43c9-94ca-c76e2a537489:c4452, 9fb73170-bb25-48da-afcf-6f1f9e11598f:c4452]
2019-07-10 10:43:01,151 INFO  client.GrpcClientProtocolClient (GrpcClientProtocolClient.java:onNext(255)) - client-AC1CE418446C->edec9b8f-c318-426f-83f9-f44e945268a2: receive RaftClientReply:client-AC1CE418446C->edec9b8f-c318-426f-83f9-f44e945268a2@group-352661ED3FD5, cid=2982, SUCCESS, logIndex=4455, commits[edec9b8f-c318-426f-83f9-f44e945268a2:c4457, 02a03aee-1dd1-43c9-94ca-c76e2a537489:c4454, 9fb73170-bb25-48da-afcf-6f1f9e11598f:c4454]
2019-07-10 10:43:01,152 INFO  client.GrpcClientProtocolClient (GrpcClientProtocolClient.java:onNext(255)) - client-AC1CE418446C->edec9b8f-c318-426f-83f9-f44e945268a2: receive RaftClientReply:client-AC1CE418446C->edec9b8f-c318-426f-83f9-f44e945268a2@group-352661ED3FD5, cid=2983, SUCCESS, logIndex=4456, commits[edec9b8f-c318-426f-83f9-f44e945268a2:c4458, 02a03aee-1dd1-43c9-94ca-c76e2a537489:c4454, 9fb73170-bb25-48da-afcf-6f1f9e11598f:c4454]
2019-07-10 10:43:01,152 INFO  client.GrpcClientProtocolClient (GrpcClientProtocolClient.java:onNext(255)) - client-AC1CE418446C->edec9b8f-c318-426f-83f9-f44e945268a2: receive RaftClientReply:client-AC1CE418446C->edec9b8f-c318-426f-83f9-f44e945268a2@group-352661ED3FD5, cid=2984, SUCCESS, logIndex=4457, commits[edec9b8f-c318-426f-83f9-f44e945268a2:c4458, 02a03aee-1dd1-43c9-94ca-c76e2a537489:c4454, 9fb73170-bb25-48da-afcf-6f1f9e11598f:c4454]
2019-07-10 10:43:01,153 INFO  client.GrpcClientProtocolClient (GrpcClientProtocolClient.java:onNext(255)) - client-AC1CE418446C->edec9b8f-c318-426f-83f9-f44e945268a2: receive RaftClientReply:client-AC1CE418446C->edec9b8f-c318-426f-83f9-f44e945268a2@group-352661ED3FD5, cid=2985, SUCCESS, logIndex=4458, commits[edec9b8f-c318-426f-83f9-f44e945268a2:c4458, 02a03aee-1dd1-43c9-94ca-c76e2a537489:c4454, 9fb73170-bb25-48da-afcf-6f1f9e11598f:c4454]
2019-07-10 10:43:01,166 INFO  client.GrpcClientProtocolClient (GrpcClientProtocolClient.java:onNext(255)) - client-AC1CE418446C->edec9b8f-c318-426f-83f9-f44e945268a2: receive RaftClientReply:client-AC1CE418446C->edec9b8f-c318-426f-83f9-f44e945268a2@group-352661ED3FD5, cid=2986, SUCCESS, logIndex=0, commits[edec9b8f-c318-426f-83f9-f44e945268a2:c4462, 02a03aee-1dd1-43c9-94ca-c76e2a537489:c4458, 9fb73170-bb25-48da-afcf-6f1f9e11598f:c4456]
2019-07-10 10:43:01,186 INFO  client.GrpcClientProtocolClient (GrpcClientProtocolClient.java:onNext(255)) - client-AC1CE418446C->edec9b8f-c318-426f-83f9-f44e945268a2: receive RaftClientReply:client-AC1CE418446C->edec9b8f-c318-426f-83f9-f44e945268a2@group-352661ED3FD5, cid=2987, SUCCESS, logIndex=4463, commits[edec9b8f-c318-426f-83f9-f44e945268a2:c4464, 02a03aee-1dd1-43c9-94ca-c76e2a537489:c4462, 9fb73170-bb25-48da-afcf-6f1f9e11598f:c4462]
2019-07-10 10:43:01,186 INFO  client.GrpcClientProtocolClient (GrpcClientProtocolClient.java:onNext(255)) - client-AC1CE418446C->edec9b8f-c318-426f-83f9-f44e945268a2: receive RaftClientReply:client-AC1CE418446C->edec9b8f-c318-426f-83f9-f44e945268a2@group-352661ED3FD5, cid=2988, SUCCESS, logIndex=4464, commits[edec9b8f-c318-426f-83f9-f44e945268a2:c4464, 02a03aee-1dd1-43c9-94ca-c76e2a537489:c4462, 9fb73170-bb25-48da-afcf-6f1f9e11598f:c4462]
2019-07-10 10:43:01,213 INFO  client.GrpcClientProtocolClient (GrpcClientProtocolClient.java:onNext(255)) - client-AC1CE418446C->edec9b8f-c318-426f-83f9-f44e945268a2: receive RaftClientReply:client-AC1CE418446C->edec9b8f-c318-426f-83f9-f44e945268a2@group-352661ED3FD5, cid=2989, SUCCESS, logIndex=4467, commits[edec9b8f-c318-426f-83f9-f44e945268a2:c4468, 02a03aee-1dd1-43c9-94ca-c76e2a537489:c4464, 9fb73170-bb25-48da-afcf-6f1f9e11598f:c4464]
2019-07-10 10:43:01,214 INFO  client.GrpcClientProtocolClient (GrpcClientProtocolClient.java:onNext(255)) - client-AC1CE418446C->edec9b8f-c318-426f-83f9-f44e945268a2: receive RaftClientReply:client-AC1CE418446C->edec9b8f-c318-426f-83f9-f44e945268a2@group-352661ED3FD5, cid=2990, SUCCESS, logIndex=4468, commits[edec9b8f-c318-426f-83f9-f44e945268a2:c4468, 02a03aee-1dd1-43c9-94ca-c76e2a537489:c4464, 9fb73170-bb25-48da-afcf-6f1f9e11598f:c4464]
2019-07-10 10:43:01,239 INFO  client.GrpcClientProtocolClient (GrpcClientProtocolClient.java:onNext(255)) - client-AC1CE418446C->edec9b8f-c318-426f-83f9-f44e945268a2: receive RaftClientReply:client-AC1CE418446C->edec9b8f-c318-426f-83f9-f44e945268a2@group-352661ED3FD5, cid=2991, SUCCESS, logIndex=0, commits[edec9b8f-c318-426f-83f9-f44e945268a2:c4470, 02a03aee-1dd1-43c9-94ca-c76e2a537489:c4468, 9fb73170-bb25-48da-afcf-6f1f9e11598f:c4468]
2019-07-10 10:43:01,273 INFO  client.GrpcClientProtocolClient (GrpcClientProtocolClient.java:onNext(255)) - client-AC1CE418446C->edec9b8f-c318-426f-83f9-f44e945268a2: receive RaftClientReply:client-AC1CE418446C->edec9b8f-c318-426f-83f9-f44e945268a2@group-352661ED3FD5, cid=2992, SUCCESS, logIndex=4471, commits[edec9b8f-c318-426f-83f9-f44e945268a2:c4472, 02a03aee-1dd1-43c9-94ca-c76e2a537489:c4470, 9fb73170-bb25-48da-afcf-6f1f9e11598f:c4470]
2019-07-10 10:43:01,274 INFO  client.GrpcClientProtocolClient (GrpcClientProtocolClient.java:onNext(255)) - client-AC1CE418446C->edec9b8f-c318-426f-83f9-f44e945268a2: receive RaftClientReply:client-AC1CE418446C->edec9b8f-c318-426f-83f9-f44e945268a2@group-352661ED3FD5, cid=2993, SUCCESS, logIndex=4472, commits[edec9b8f-c318-426f-83f9-f44e945268a2:c4474, 02a03aee-1dd1-43c9-94ca-c76e2a537489:c4470, 9fb73170-bb25-48da-afcf-6f1f9e11598f:c4470]
2019-07-10 10:43:01,274 INFO  client.GrpcClientProtocolClient (GrpcClientProtocolClient.java:onNext(255)) - client-AC1CE418446C->edec9b8f-c318-426f-83f9-f44e945268a2: receive RaftClientReply:client-AC1CE418446C->edec9b8f-c318-426f-83f9-f44e945268a2@group-352661ED3FD5, cid=2994, SUCCESS, logIndex=4473, commits[edec9b8f-c318-426f-83f9-f44e945268a2:c4474, 02a03aee-1dd1-43c9-94ca-c76e2a537489:c4470, 9fb73170-bb25-48da-afcf-6f1f9e11598f:c4470]
2019-07-10 10:43:01,274 INFO  client.GrpcClientProtocolClient (GrpcClientProtocolClient.java:onNext(255)) - client-AC1CE418446C->edec9b8f-c318-426f-83f9-f44e945268a2: receive RaftClientReply:client-AC1CE418446C->edec9b8f-c318-426f-83f9-f44e945268a2@group-352661ED3FD5, cid=2995, SUCCESS, logIndex=4474, commits[edec9b8f-c318-426f-83f9-f44e945268a2:c4474, 02a03aee-1dd1-43c9-94ca-c76e2a537489:c4470, 9fb73170-bb25-48da-afcf-6f1f9e11598f:c4470]
2019-07-10 10:43:01,285 INFO  client.GrpcClientProtocolClient (GrpcClientProtocolClient.java:onNext(255)) - client-AC1CE418446C->edec9b8f-c318-426f-83f9-f44e945268a2: receive RaftClientReply:client-AC1CE418446C->edec9b8f-c318-426f-83f9-f44e945268a2@group-352661ED3FD5, cid=2996, SUCCESS, logIndex=0, commits[edec9b8f-c318-426f-83f9-f44e945268a2:c4476, 02a03aee-1dd1-43c9-94ca-c76e2a537489:c4472, 9fb73170-bb25-48da-afcf-6f1f9e11598f:c4472]
2019-07-10 10:43:01,307 INFO  client.GrpcClientProtocolClient (GrpcClientProtocolClient.java:onNext(255)) - client-AC1CE418446C->edec9b8f-c318-426f-83f9-f44e945268a2: receive RaftClientReply:client-AC1CE418446C->edec9b8f-c318-426f-83f9-f44e945268a2@group-352661ED3FD5, cid=2997, SUCCESS, logIndex=4478, commits[edec9b8f-c318-426f-83f9-f44e945268a2:c4479, 02a03aee-1dd1-43c9-94ca-c76e2a537489:c4477, 9fb73170-bb25-48da-afcf-6f1f9e11598f:c4477]
2019-07-10 10:43:01,307 INFO  client.GrpcClientProtocolClient (GrpcClientProtocolClient.java:onNext(255)) - client-AC1CE418446C->edec9b8f-c318-426f-83f9-f44e945268a2: receive RaftClientReply:client-AC1CE418446C->edec9b8f-c318-426f-83f9-f44e945268a2@group-352661ED3FD5, cid=2998, SUCCESS, logIndex=4479, commits[edec9b8f-c318-426f-83f9-f44e945268a2:c4479, 02a03aee-1dd1-43c9-94ca-c76e2a537489:c4477, 9fb73170-bb25-48da-afcf-6f1f9e11598f:c4477]
2019-07-10 10:43:01,324 INFO  client.GrpcClientProtocolClient (GrpcClientProtocolClient.java:onNext(255)) - client-AC1CE418446C->edec9b8f-c318-426f-83f9-f44e945268a2: receive RaftClientReply:client-AC1CE418446C->edec9b8f-c318-426f-83f9-f44e945268a2@group-352661ED3FD5, cid=2999, SUCCESS, logIndex=4482, commits[edec9b8f-c318-426f-83f9-f44e945268a2:c4483, 02a03aee-1dd1-43c9-94ca-c76e2a537489:c4479, 9fb73170-bb25-48da-afcf-6f1f9e11598f:c4479]
2019-07-10 10:43:01,325 INFO  client.GrpcClientProtocolClient (GrpcClientProtocolClient.java:onNext(255)) - client-AC1CE418446C->edec9b8f-c318-426f-83f9-f44e945268a2: receive RaftClientReply:client-AC1CE418446C->edec9b8f-c318-426f-83f9-f44e945268a2@group-352661ED3FD5, cid=3000, SUCCESS, logIndex=4483, commits[edec9b8f-c318-426f-83f9-f44e945268a2:c4483, 02a03aee-1dd1-43c9-94ca-c76e2a537489:c4479, 9fb73170-bb25-48da-afcf-6f1f9e11598f:c4479]
2019-07-10 10:43:01,345 INFO  client.GrpcClientProtocolClient (GrpcClientProtocolClient.java:onNext(255)) - client-AC1CE418446C->edec9b8f-c318-426f-83f9-f44e945268a2: receive RaftClientReply:client-AC1CE418446C->edec9b8f-c318-426f-83f9-f44e945268a2@group-352661ED3FD5, cid=3001, SUCCESS, logIndex=0, commits[edec9b8f-c318-426f-83f9-f44e945268a2:c4485, 02a03aee-1dd1-43c9-94ca-c76e2a537489:c4483, 9fb73170-bb25-48da-afcf-6f1f9e11598f:c4483]
2019-07-10 10:43:01,377 INFO  client.GrpcClientProtocolClient (GrpcClientProtocolClient.java:onNext(255)) - client-AC1CE418446C->edec9b8f-c318-426f-83f9-f44e945268a2: receive RaftClientReply:client-AC1CE418446C->edec9b8f-c318-426f-83f9-f44e945268a2@group-352661ED3FD5, cid=3002, SUCCESS, logIndex=4486, commits[edec9b8f-c318-426f-83f9-f44e945268a2:c4489, 02a03aee-1dd1-43c9-94ca-c76e2a537489:c4485, 9fb73170-bb25-48da-afcf-6f1f9e11598f:c4485]
2019-07-10 10:43:01,378 INFO  client.GrpcClientProtocolClient (GrpcClientProtocolClient.java:onNext(255)) - client-AC1CE418446C->edec9b8f-c318-426f-83f9-f44e945268a2: receive RaftClientReply:client-AC1CE418446C->edec9b8f-c318-426f-83f9-f44e945268a2@group-352661ED3FD5, cid=3003, SUCCESS, logIndex=4487, commits[edec9b8f-c318-426f-83f9-f44e945268a2:c4489, 02a03aee-1dd1-43c9-94ca-c76e2a537489:c4485, 9fb73170-bb25-48da-afcf-6f1f9e11598f:c4485]
2019-07-10 10:43:01,378 INFO  client.GrpcClientProtocolClient (GrpcClientProtocolClient.java:onNext(255)) - client-AC1CE418446C->edec9b8f-c318-426f-83f9-f44e945268a2: receive RaftClientReply:client-AC1CE418446C->edec9b8f-c318-426f-83f9-f44e945268a2@group-352661ED3FD5, cid=3004, SUCCESS, logIndex=4488, commits[edec9b8f-c318-426f-83f9-f44e945268a2:c4489, 02a03aee-1dd1-43c9-94ca-c76e2a537489:c4485, 9fb73170-bb25-48da-afcf-6f1f9e11598f:c4485]
2019-07-10 10:43:01,379 INFO  client.GrpcClientProtocolClient (GrpcClientProtocolClient.java:onNext(255)) - client-AC1CE418446C->edec9b8f-c318-426f-83f9-f44e945268a2: receive RaftClientReply:client-AC1CE418446C->edec9b8f-c318-426f-83f9-f44e945268a2@group-352661ED3FD5, cid=3005, SUCCESS, logIndex=4489, commits[edec9b8f-c318-426f-83f9-f44e945268a2:c4489, 02a03aee-1dd1-43c9-94ca-c76e2a537489:c4485, 9fb73170-bb25-48da-afcf-6f1f9e11598f:c4485]
2019-07-10 10:43:01,390 INFO  client.GrpcClientProtocolClient (GrpcClientProtocolClient.java:onNext(255)) - client-AC1CE418446C->edec9b8f-c318-426f-83f9-f44e945268a2: receive RaftClientReply:client-AC1CE418446C->edec9b8f-c318-426f-83f9-f44e945268a2@group-352661ED3FD5, cid=3006, SUCCESS, logIndex=0, commits[edec9b8f-c318-426f-83f9-f44e945268a2:c4491, 02a03aee-1dd1-43c9-94ca-c76e2a537489:c4488, 9fb73170-bb25-48da-afcf-6f1f9e11598f:c4488]
2019-07-10 10:43:01,410 INFO  client.GrpcClientProtocolClient (GrpcClientProtocolClient.java:onNext(255)) - client-AC1CE418446C->edec9b8f-c318-426f-83f9-f44e945268a2: receive RaftClientReply:client-AC1CE418446C->edec9b8f-c318-426f-83f9-f44e945268a2@group-352661ED3FD5, cid=3007, SUCCESS, logIndex=4494, commits[edec9b8f-c318-426f-83f9-f44e945268a2:c4495, 02a03aee-1dd1-43c9-94ca-c76e2a537489:c4493, 9fb73170-bb25-48da-afcf-6f1f9e11598f:c4493]
2019-07-10 10:43:01,410 INFO  client.GrpcClientProtocolClient (GrpcClientProtocolClient.java:onNext(255)) - client-AC1CE418446C->edec9b8f-c318-426f-83f9-f44e945268a2: receive RaftClientReply:client-AC1CE418446C->edec9b8f-c318-426f-83f9-f44e945268a2@group-352661ED3FD5, cid=3008, SUCCESS, logIndex=4495, commits[edec9b8f-c318-426f-83f9-f44e945268a2:c4495, 02a03aee-1dd1-43c9-94ca-c76e2a537489:c4493, 9fb73170-bb25-48da-afcf-6f1f9e11598f:c4493]
 0.00% |█                                                                                                    |  0/1 Time: 0:00:272019-07-10 10:43:01,437 INFO  client.GrpcClientProtocolClient (GrpcClientProtocolClient.java:onNext(255)) - client-AC1CE418446C->edec9b8f-c318-426f-83f9-f44e945268a2: receive RaftClientReply:client-AC1CE418446C->edec9b8f-c318-426f-83f9-f44e945268a2@group-352661ED3FD5, cid=3009, SUCCESS, logIndex=4498, commits[edec9b8f-c318-426f-83f9-f44e945268a2:c4499, 02a03aee-1dd1-43c9-94ca-c76e2a537489:c4495, 9fb73170-bb25-48da-afcf-6f1f9e11598f:c4495]
2019-07-10 10:43:01,437 INFO  client.GrpcClientProtocolClient (GrpcClientProtocolClient.java:onNext(255)) - client-AC1CE418446C->edec9b8f-c318-426f-83f9-f44e945268a2: receive RaftClientReply:client-AC1CE418446C->edec9b8f-c318-426f-83f9-f44e945268a2@group-352661ED3FD5, cid=3010, SUCCESS, logIndex=4499, commits[edec9b8f-c318-426f-83f9-f44e945268a2:c4499, 02a03aee-1dd1-43c9-94ca-c76e2a537489:c4495, 9fb73170-bb25-48da-afcf-6f1f9e11598f:c4495]
2019-07-10 10:43:01,462 INFO  client.GrpcClientProtocolClient (GrpcClientProtocolClient.java:onNext(255)) - client-AC1CE418446C->edec9b8f-c318-426f-83f9-f44e945268a2: receive RaftClientReply:client-AC1CE418446C->edec9b8f-c318-426f-83f9-f44e945268a2@group-352661ED3FD5, cid=3011, SUCCESS, logIndex=0, commits[edec9b8f-c318-426f-83f9-f44e945268a2:c4500, 02a03aee-1dd1-43c9-94ca-c76e2a537489:c4499, 9fb73170-bb25-48da-afcf-6f1f9e11598f:c4499]
2019-07-10 10:43:01,493 INFO  client.GrpcClientProtocolClient (GrpcClientProtocolClient.java:onNext(255)) - client-AC1CE418446C->edec9b8f-c318-426f-83f9-f44e945268a2: receive RaftClientReply:client-AC1CE418446C->edec9b8f-c318-426f-83f9-f44e945268a2@group-352661ED3FD5, cid=3012, SUCCESS, logIndex=4502, commits[edec9b8f-c318-426f-83f9-f44e945268a2:c4502, 02a03aee-1dd1-43c9-94ca-c76e2a537489:c4501, 9fb73170-bb25-48da-afcf-6f1f9e11598f:c4501]
2019-07-10 10:43:01,493 INFO  client.GrpcClientProtocolClient (GrpcClientProtocolClient.java:onNext(255)) - client-AC1CE418446C->edec9b8f-c318-426f-83f9-f44e945268a2: receive RaftClientReply:client-AC1CE418446C->edec9b8f-c318-426f-83f9-f44e945268a2@group-352661ED3FD5, cid=3013, SUCCESS, logIndex=4503, commits[edec9b8f-c318-426f-83f9-f44e945268a2:c4505, 02a03aee-1dd1-43c9-94ca-c76e2a537489:c4501, 9fb73170-bb25-48da-afcf-6f1f9e11598f:c4501]
2019-07-10 10:43:01,494 INFO  client.GrpcClientProtocolClient (GrpcClientProtocolClient.java:onNext(255)) - client-AC1CE418446C->edec9b8f-c318-426f-83f9-f44e945268a2: receive RaftClientReply:client-AC1CE418446C->edec9b8f-c318-426f-83f9-f44e945268a2@group-352661ED3FD5, cid=3014, SUCCESS, logIndex=4504, commits[edec9b8f-c318-426f-83f9-f44e945268a2:c4505, 02a03aee-1dd1-43c9-94ca-c76e2a537489:c4501, 9fb73170-bb25-48da-afcf-6f1f9e11598f:c4501]
2019-07-10 10:43:01,494 INFO  client.GrpcClientProtocolClient (GrpcClientProtocolClient.java:onNext(255)) - client-AC1CE418446C->edec9b8f-c318-426f-83f9-f44e945268a2: receive RaftClientReply:client-AC1CE418446C->edec9b8f-c318-426f-83f9-f44e945268a2@group-352661ED3FD5, cid=3015, SUCCESS, logIndex=4505, commits[edec9b8f-c318-426f-83f9-f44e945268a2:c4505, 02a03aee-1dd1-43c9-94ca-c76e2a537489:c4501, 9fb73170-bb25-48da-afcf-6f1f9e11598f:c4501]
2019-07-10 10:43:01,519 INFO  client.GrpcClientProtocolClient (GrpcClientProtocolClient.java:onNext(255)) - client-AC1CE418446C->edec9b8f-c318-426f-83f9-f44e945268a2: receive RaftClientReply:client-AC1CE418446C->edec9b8f-c318-426f-83f9-f44e945268a2@group-352661ED3FD5, cid=3016, SUCCESS, logIndex=0, commits[edec9b8f-c318-426f-83f9-f44e945268a2:c4506, 02a03aee-1dd1-43c9-94ca-c76e2a537489:c4504, 9fb73170-bb25-48da-afcf-6f1f9e11598f:c4504]
2019-07-10 10:43:01,542 INFO  client.GrpcClientProtocolClient (GrpcClientProtocolClient.java:onNext(255)) - client-AC1CE418446C->edec9b8f-c318-426f-83f9-f44e945268a2: receive RaftClientReply:client-AC1CE418446C->edec9b8f-c318-426f-83f9-f44e945268a2@group-352661ED3FD5, cid=3017, SUCCESS, logIndex=4509, commits[edec9b8f-c318-426f-83f9-f44e945268a2:c4510, 02a03aee-1dd1-43c9-94ca-c76e2a537489:c4508, 9fb73170-bb25-48da-afcf-6f1f9e11598f:c4508]
2019-07-10 10:43:01,542 INFO  client.GrpcClientProtocolClient (GrpcClientProtocolClient.java:onNext(255)) - client-AC1CE418446C->edec9b8f-c318-426f-83f9-f44e945268a2: receive RaftClientReply:client-AC1CE418446C->edec9b8f-c318-426f-83f9-f44e945268a2@group-352661ED3FD5, cid=3018, SUCCESS, logIndex=4510, commits[edec9b8f-c318-426f-83f9-f44e945268a2:c4510, 02a03aee-1dd1-43c9-94ca-c76e2a537489:c4508, 9fb73170-bb25-48da-afcf-6f1f9e11598f:c4508]
2019-07-10 10:43:01,564 INFO  client.GrpcClientProtocolClient (GrpcClientProtocolClient.java:onNext(255)) - client-AC1CE418446C->edec9b8f-c318-426f-83f9-f44e945268a2: receive RaftClientReply:client-AC1CE418446C->edec9b8f-c318-426f-83f9-f44e945268a2@group-352661ED3FD5, cid=3019, SUCCESS, logIndex=4513, commits[edec9b8f-c318-426f-83f9-f44e945268a2:c4514, 02a03aee-1dd1-43c9-94ca-c76e2a537489:c4510, 9fb73170-bb25-48da-afcf-6f1f9e11598f:c4510]
2019-07-10 10:43:01,565 INFO  client.GrpcClientProtocolClient (GrpcClientProtocolClient.java:onNext(255)) - client-AC1CE418446C->edec9b8f-c318-426f-83f9-f44e945268a2: receive RaftClientReply:client-AC1CE418446C->edec9b8f-c318-426f-83f9-f44e945268a2@group-352661ED3FD5, cid=3020, SUCCESS, logIndex=4514, commits[edec9b8f-c318-426f-83f9-f44e945268a2:c4514, 02a03aee-1dd1-43c9-94ca-c76e2a537489:c4510, 9fb73170-bb25-48da-afcf-6f1f9e11598f:c4510]
2019-07-10 10:43:01,572 INFO  client.GrpcClientProtocolClient (GrpcClientProtocolClient.java:onNext(255)) - client-AC1CE418446C->edec9b8f-c318-426f-83f9-f44e945268a2: receive RaftClientReply:client-AC1CE418446C->edec9b8f-c318-426f-83f9-f44e945268a2@group-352661ED3FD5, cid=3021, SUCCESS, logIndex=0, commits[edec9b8f-c318-426f-83f9-f44e945268a2:c4516, 02a03aee-1dd1-43c9-94ca-c76e2a537489:c4514, 9fb73170-bb25-48da-afcf-6f1f9e11598f:c4514]
2019-07-10 10:43:01,601 INFO  client.GrpcClientProtocolClient (GrpcClientProtocolClient.java:onNext(255)) - client-AC1CE418446C->edec9b8f-c318-426f-83f9-f44e945268a2: receive RaftClientReply:client-AC1CE418446C->edec9b8f-c318-426f-83f9-f44e945268a2@group-352661ED3FD5, cid=3022, SUCCESS, logIndex=4517, commits[edec9b8f-c318-426f-83f9-f44e945268a2:c4518, 02a03aee-1dd1-43c9-94ca-c76e2a537489:c4516, 9fb73170-bb25-48da-afcf-6f1f9e11598f:c4516]
2019-07-10 10:43:01,602 INFO  client.GrpcClientProtocolClient (GrpcClientProtocolClient.java:onNext(255)) - client-AC1CE418446C->edec9b8f-c318-426f-83f9-f44e945268a2: receive RaftClientReply:client-AC1CE418446C->edec9b8f-c318-426f-83f9-f44e945268a2@group-352661ED3FD5, cid=3023, SUCCESS, logIndex=4518, commits[edec9b8f-c318-426f-83f9-f44e945268a2:c4519, 02a03aee-1dd1-43c9-94ca-c76e2a537489:c4516, 9fb73170-bb25-48da-afcf-6f1f9e11598f:c4516]
2019-07-10 10:43:01,602 INFO  client.GrpcClientProtocolClient (GrpcClientProtocolClient.java:onNext(255)) - client-AC1CE418446C->edec9b8f-c318-426f-83f9-f44e945268a2: receive RaftClientReply:client-AC1CE418446C->edec9b8f-c318-426f-83f9-f44e945268a2@group-352661ED3FD5, cid=3024, SUCCESS, logIndex=4519, commits[edec9b8f-c318-426f-83f9-f44e945268a2:c4520, 02a03aee-1dd1-43c9-94ca-c76e2a537489:c4516, 9fb73170-bb25-48da-afcf-6f1f9e11598f:c4516]
2019-07-10 10:43:01,603 INFO  client.GrpcClientProtocolClient (GrpcClientProtocolClient.java:onNext(255)) - client-AC1CE418446C->edec9b8f-c318-426f-83f9-f44e945268a2: receive RaftClientReply:client-AC1CE418446C->edec9b8f-c318-426f-83f9-f44e945268a2@group-352661ED3FD5, cid=3025, SUCCESS, logIndex=4520, commits[edec9b8f-c318-426f-83f9-f44e945268a2:c4520, 02a03aee-1dd1-43c9-94ca-c76e2a537489:c4516, 9fb73170-bb25-48da-afcf-6f1f9e11598f:c4516]
2019-07-10 10:43:01,615 INFO  client.GrpcClientProtocolClient (GrpcClientProtocolClient.java:onNext(255)) - client-AC1CE418446C->edec9b8f-c318-426f-83f9-f44e945268a2: receive RaftClientReply:client-AC1CE418446C->edec9b8f-c318-426f-83f9-f44e945268a2@group-352661ED3FD5, cid=3026, SUCCESS, logIndex=0, commits[edec9b8f-c318-426f-83f9-f44e945268a2:c4522, 02a03aee-1dd1-43c9-94ca-c76e2a537489:c4518, 9fb73170-bb25-48da-afcf-6f1f9e11598f:c4518]
2019-07-10 10:43:01,636 INFO  client.GrpcClientProtocolClient (GrpcClientProtocolClient.java:onNext(255)) - client-AC1CE418446C->edec9b8f-c318-426f-83f9-f44e945268a2: receive RaftClientReply:client-AC1CE418446C->edec9b8f-c318-426f-83f9-f44e945268a2@group-352661ED3FD5, cid=3027, SUCCESS, logIndex=4525, commits[edec9b8f-c318-426f-83f9-f44e945268a2:c4526, 02a03aee-1dd1-43c9-94ca-c76e2a537489:c4524, 9fb73170-bb25-48da-afcf-6f1f9e11598f:c4524]
2019-07-10 10:43:01,637 INFO  client.GrpcClientProtocolClient (GrpcClientProtocolClient.java:onNext(255)) - client-AC1CE418446C->edec9b8f-c318-426f-83f9-f44e945268a2: receive RaftClientReply:client-AC1CE418446C->edec9b8f-c318-426f-83f9-f44e945268a2@group-352661ED3FD5, cid=3028, SUCCESS, logIndex=4526, commits[edec9b8f-c318-426f-83f9-f44e945268a2:c4526, 02a03aee-1dd1-43c9-94ca-c76e2a537489:c4524, 9fb73170-bb25-48da-afcf-6f1f9e11598f:c4524]
2019-07-10 10:43:01,649 INFO  client.GrpcClientProtocolClient (GrpcClientProtocolClient.java:onNext(255)) - client-AC1CE418446C->edec9b8f-c318-426f-83f9-f44e945268a2: receive RaftClientReply:client-AC1CE418446C->edec9b8f-c318-426f-83f9-f44e945268a2@group-352661ED3FD5, cid=3029, SUCCESS, logIndex=4529, commits[edec9b8f-c318-426f-83f9-f44e945268a2:c4530, 02a03aee-1dd1-43c9-94ca-c76e2a537489:c4526, 9fb73170-bb25-48da-afcf-6f1f9e11598f:c4525]
2019-07-10 10:43:01,650 INFO  client.GrpcClientProtocolClient (GrpcClientProtocolClient.java:onNext(255)) - client-AC1CE418446C->edec9b8f-c318-426f-83f9-f44e945268a2: receive RaftClientReply:client-AC1CE418446C->edec9b8f-c318-426f-83f9-f44e945268a2@group-352661ED3FD5, cid=3030, SUCCESS, logIndex=4530, commits[edec9b8f-c318-426f-83f9-f44e945268a2:c4530, 02a03aee-1dd1-43c9-94ca-c76e2a537489:c4526, 9fb73170-bb25-48da-afcf-6f1f9e11598f:c4525]
2019-07-10 10:43:01,651 INFO  client.GrpcClientProtocolClient (GrpcClientProtocolClient.java:onNext(255)) - client-AC1CE418446C->edec9b8f-c318-426f-83f9-f44e945268a2: receive RaftClientReply:client-AC1CE418446C->edec9b8f-c318-426f-83f9-f44e945268a2@group-352661ED3FD5, cid=3031, SUCCESS, logIndex=0, commits[edec9b8f-c318-426f-83f9-f44e945268a2:c4530, 02a03aee-1dd1-43c9-94ca-c76e2a537489:c4526, 9fb73170-bb25-48da-afcf-6f1f9e11598f:c4526]
2019-07-10 10:43:01,663 INFO  client.GrpcClientProtocolClient (GrpcClientProtocolClient.java:onNext(255)) - client-AC1CE418446C->edec9b8f-c318-426f-83f9-f44e945268a2: receive RaftClientReply:client-AC1CE418446C->edec9b8f-c318-426f-83f9-f44e945268a2@group-352661ED3FD5, cid=3032, SUCCESS, logIndex=0, commits[edec9b8f-c318-426f-83f9-f44e945268a2:c4532, 02a03aee-1dd1-43c9-94ca-c76e2a537489:c4530, 9fb73170-bb25-48da-afcf-6f1f9e11598f:c4530]
2019-07-10 10:43:01,695 INFO  client.GrpcClientProtocolClient (GrpcClientProtocolClient.java:onNext(255)) - client-AC1CE418446C->edec9b8f-c318-426f-83f9-f44e945268a2: receive RaftClientReply:client-AC1CE418446C->edec9b8f-c318-426f-83f9-f44e945268a2@group-352661ED3FD5, cid=3033, SUCCESS, logIndex=4533, commits[edec9b8f-c318-426f-83f9-f44e945268a2:c4534, 02a03aee-1dd1-43c9-94ca-c76e2a537489:c4532, 9fb73170-bb25-48da-afcf-6f1f9e11598f:c4532]
2019-07-10 10:43:01,695 INFO  client.GrpcClientProtocolClient (GrpcClientProtocolClient.java:onNext(255)) - client-AC1CE418446C->edec9b8f-c318-426f-83f9-f44e945268a2: receive RaftClientReply:client-AC1CE418446C->edec9b8f-c318-426f-83f9-f44e945268a2@group-352661ED3FD5, cid=3034, SUCCESS, logIndex=4534, commits[edec9b8f-c318-426f-83f9-f44e945268a2:c4534, 02a03aee-1dd1-43c9-94ca-c76e2a537489:c4532, 9fb73170-bb25-48da-afcf-6f1f9e11598f:c4532]
2019-07-10 10:43:01,695 INFO  client.GrpcClientProtocolClient (GrpcClientProtocolClient.java:onNext(255)) - client-AC1CE418446C->edec9b8f-c318-426f-83f9-f44e945268a2: receive RaftClientReply:client-AC1CE418446C->edec9b8f-c318-426f-83f9-f44e945268a2@group-352661ED3FD5, cid=3035, SUCCESS, logIndex=4535, commits[edec9b8f-c318-426f-83f9-f44e945268a2:c4536, 02a03aee-1dd1-43c9-94ca-c76e2a537489:c4532, 9fb73170-bb25-48da-afcf-6f1f9e11598f:c4532]
2019-07-10 10:43:01,696 INFO  client.GrpcClientProtocolClient (GrpcClientProtocolClient.java:onNext(255)) - client-AC1CE418446C->edec9b8f-c318-426f-83f9-f44e945268a2: receive RaftClientReply:client-AC1CE418446C->edec9b8f-c318-426f-83f9-f44e945268a2@group-352661ED3FD5, cid=3036, SUCCESS, logIndex=4536, commits[edec9b8f-c318-426f-83f9-f44e945268a2:c4536, 02a03aee-1dd1-43c9-94ca-c76e2a537489:c4532, 9fb73170-bb25-48da-afcf-6f1f9e11598f:c4532]
2019-07-10 10:43:01,721 INFO  client.GrpcClientProtocolClient (GrpcClientProtocolClient.java:onNext(255)) - client-AC1CE418446C->edec9b8f-c318-426f-83f9-f44e945268a2: receive RaftClientReply:client-AC1CE418446C->edec9b8f-c318-426f-83f9-f44e945268a2@group-352661ED3FD5, cid=3037, SUCCESS, logIndex=0, commits[edec9b8f-c318-426f-83f9-f44e945268a2:c4540, 02a03aee-1dd1-43c9-94ca-c76e2a537489:c4534, 9fb73170-bb25-48da-afcf-6f1f9e11598f:c4536]
2019-07-10 10:43:01,743 INFO  client.GrpcClientProtocolClient (GrpcClientProtocolClient.java:onNext(255)) - client-AC1CE418446C->edec9b8f-c318-426f-83f9-f44e945268a2: receive RaftClientReply:client-AC1CE418446C->edec9b8f-c318-426f-83f9-f44e945268a2@group-352661ED3FD5, cid=3038, SUCCESS, logIndex=4541, commits[edec9b8f-c318-426f-83f9-f44e945268a2:c4542, 02a03aee-1dd1-43c9-94ca-c76e2a537489:c4540, 9fb73170-bb25-48da-afcf-6f1f9e11598f:c4540]
2019-07-10 10:43:01,743 INFO  client.GrpcClientProtocolClient (GrpcClientProtocolClient.java:onNext(255)) - client-AC1CE418446C->edec9b8f-c318-426f-83f9-f44e945268a2: receive RaftClientReply:client-AC1CE418446C->edec9b8f-c318-426f-83f9-f44e945268a2@group-352661ED3FD5, cid=3039, SUCCESS, logIndex=4542, commits[edec9b8f-c318-426f-83f9-f44e945268a2:c4542, 02a03aee-1dd1-43c9-94ca-c76e2a537489:c4540, 9fb73170-bb25-48da-afcf-6f1f9e11598f:c4540]
2019-07-10 10:43:01,757 INFO  client.GrpcClientProtocolClient (GrpcClientProtocolClient.java:onNext(255)) - client-AC1CE418446C->edec9b8f-c318-426f-83f9-f44e945268a2: receive RaftClientReply:client-AC1CE418446C->edec9b8f-c318-426f-83f9-f44e945268a2@group-352661ED3FD5, cid=3040, SUCCESS, logIndex=4545, commits[edec9b8f-c318-426f-83f9-f44e945268a2:c4545, 02a03aee-1dd1-43c9-94ca-c76e2a537489:c4542, 9fb73170-bb25-48da-afcf-6f1f9e11598f:c4542]
2019-07-10 10:43:01,758 INFO  client.GrpcClientProtocolClient (GrpcClientProtocolClient.java:onNext(255)) - client-AC1CE418446C->edec9b8f-c318-426f-83f9-f44e945268a2: receive RaftClientReply:client-AC1CE418446C->edec9b8f-c318-426f-83f9-f44e945268a2@group-352661ED3FD5, cid=3041, SUCCESS, logIndex=4546, commits[edec9b8f-c318-426f-83f9-f44e945268a2:c4546, 02a03aee-1dd1-43c9-94ca-c76e2a537489:c4542, 9fb73170-bb25-48da-afcf-6f1f9e11598f:c4542]
2019-07-10 10:43:01,783 INFO  client.GrpcClientProtocolClient (GrpcClientProtocolClient.java:onNext(255)) - client-AC1CE418446C->edec9b8f-c318-426f-83f9-f44e945268a2: receive RaftClientReply:client-AC1CE418446C->edec9b8f-c318-426f-83f9-f44e945268a2@group-352661ED3FD5, cid=3042, SUCCESS, logIndex=0, commits[edec9b8f-c318-426f-83f9-f44e945268a2:c4548, 02a03aee-1dd1-43c9-94ca-c76e2a537489:c4546, 9fb73170-bb25-48da-afcf-6f1f9e11598f:c4546]
2019-07-10 10:43:01,815 INFO  client.GrpcClientProtocolClient (GrpcClientProtocolClient.java:onNext(255)) - client-AC1CE418446C->edec9b8f-c318-426f-83f9-f44e945268a2: receive RaftClientReply:client-AC1CE418446C->edec9b8f-c318-426f-83f9-f44e945268a2@group-352661ED3FD5, cid=3043, SUCCESS, logIndex=4549, commits[edec9b8f-c318-426f-83f9-f44e945268a2:c4550, 02a03aee-1dd1-43c9-94ca-c76e2a537489:c4548, 9fb73170-bb25-48da-afcf-6f1f9e11598f:c4548]
2019-07-10 10:43:01,815 INFO  client.GrpcClientProtocolClient (GrpcClientProtocolClient.java:onNext(255)) - client-AC1CE418446C->edec9b8f-c318-426f-83f9-f44e945268a2: receive RaftClientReply:client-AC1CE418446C->edec9b8f-c318-426f-83f9-f44e945268a2@group-352661ED3FD5, cid=3044, SUCCESS, logIndex=4550, commits[edec9b8f-c318-426f-83f9-f44e945268a2:c4550, 02a03aee-1dd1-43c9-94ca-c76e2a537489:c4548, 9fb73170-bb25-48da-afcf-6f1f9e11598f:c4548]
2019-07-10 10:43:01,817 INFO  client.GrpcClientProtocolClient (GrpcClientProtocolClient.java:onNext(255)) - client-AC1CE418446C->edec9b8f-c318-426f-83f9-f44e945268a2: receive RaftClientReply:client-AC1CE418446C->edec9b8f-c318-426f-83f9-f44e945268a2@group-352661ED3FD5, cid=3045, SUCCESS, logIndex=4551, commits[edec9b8f-c318-426f-83f9-f44e945268a2:c4552, 02a03aee-1dd1-43c9-94ca-c76e2a537489:c4548, 9fb73170-bb25-48da-afcf-6f1f9e11598f:c4548]
2019-07-10 10:43:01,817 INFO  client.GrpcClientProtocolClient (GrpcClientProtocolClient.java:onNext(255)) - client-AC1CE418446C->edec9b8f-c318-426f-83f9-f44e945268a2: receive RaftClientReply:client-AC1CE418446C->edec9b8f-c318-426f-83f9-f44e945268a2@group-352661ED3FD5, cid=3046, SUCCESS, logIndex=4552, commits[edec9b8f-c318-426f-83f9-f44e945268a2:c4552, 02a03aee-1dd1-43c9-94ca-c76e2a537489:c4548, 9fb73170-bb25-48da-afcf-6f1f9e11598f:c4548]
2019-07-10 10:43:01,818 INFO  client.GrpcClientProtocolClient (GrpcClientProtocolClient.java:onNext(255)) - client-AC1CE418446C->edec9b8f-c318-426f-83f9-f44e945268a2: receive RaftClientReply:client-AC1CE418446C->edec9b8f-c318-426f-83f9-f44e945268a2@group-352661ED3FD5, cid=3047, SUCCESS, logIndex=0, commits[edec9b8f-c318-426f-83f9-f44e945268a2:c4554, 02a03aee-1dd1-43c9-94ca-c76e2a537489:c4550, 9fb73170-bb25-48da-afcf-6f1f9e11598f:c4550]
2019-07-10 10:43:01,830 INFO  client.GrpcClientProtocolClient (GrpcClientProtocolClient.java:onNext(255)) - client-AC1CE418446C->edec9b8f-c318-426f-83f9-f44e945268a2: receive RaftClientReply:client-AC1CE418446C->edec9b8f-c318-426f-83f9-f44e945268a2@group-352661ED3FD5, cid=3048, SUCCESS, logIndex=4557, commits[edec9b8f-c318-426f-83f9-f44e945268a2:c4558, 02a03aee-1dd1-43c9-94ca-c76e2a537489:c4556, 9fb73170-bb25-48da-afcf-6f1f9e11598f:c4552]
2019-07-10 10:43:01,830 INFO  client.GrpcClientProtocolClient (GrpcClientProtocolClient.java:onNext(255)) - client-AC1CE418446C->edec9b8f-c318-426f-83f9-f44e945268a2: receive RaftClientReply:client-AC1CE418446C->edec9b8f-c318-426f-83f9-f44e945268a2@group-352661ED3FD5, cid=3049, SUCCESS, logIndex=4558, commits[edec9b8f-c318-426f-83f9-f44e945268a2:c4558, 02a03aee-1dd1-43c9-94ca-c76e2a537489:c4556, 9fb73170-bb25-48da-afcf-6f1f9e11598f:c4556]
2019-07-10 10:43:01,856 INFO  client.GrpcClientProtocolClient (GrpcClientProtocolClient.java:onNext(255)) - client-AC1CE418446C->edec9b8f-c318-426f-83f9-f44e945268a2: receive RaftClientReply:client-AC1CE418446C->edec9b8f-c318-426f-83f9-f44e945268a2@group-352661ED3FD5, cid=3050, SUCCESS, logIndex=4561, commits[edec9b8f-c318-426f-83f9-f44e945268a2:c4562, 02a03aee-1dd1-43c9-94ca-c76e2a537489:c4560, 9fb73170-bb25-48da-afcf-6f1f9e11598f:c4560]
2019-07-10 10:43:01,856 INFO  client.GrpcClientProtocolClient (GrpcClientProtocolClient.java:onNext(255)) - client-AC1CE418446C->edec9b8f-c318-426f-83f9-f44e945268a2: receive RaftClientReply:client-AC1CE418446C->edec9b8f-c318-426f-83f9-f44e945268a2@group-352661ED3FD5, cid=3051, SUCCESS, logIndex=4562, commits[edec9b8f-c318-426f-83f9-f44e945268a2:c4562, 02a03aee-1dd1-43c9-94ca-c76e2a537489:c4560, 9fb73170-bb25-48da-afcf-6f1f9e11598f:c4560]
2019-07-10 10:43:01,870 INFO  client.GrpcClientProtocolClient (GrpcClientProtocolClient.java:onNext(255)) - client-AC1CE418446C->edec9b8f-c318-426f-83f9-f44e945268a2: receive RaftClientReply:client-AC1CE418446C->edec9b8f-c318-426f-83f9-f44e945268a2@group-352661ED3FD5, cid=3052, SUCCESS, logIndex=0, commits[edec9b8f-c318-426f-83f9-f44e945268a2:c4563, 02a03aee-1dd1-43c9-94ca-c76e2a537489:c4562, 9fb73170-bb25-48da-afcf-6f1f9e11598f:c4562]
2019-07-10 10:43:01,901 INFO  client.GrpcClientProtocolClient (GrpcClientProtocolClient.java:onNext(255)) - client-AC1CE418446C->edec9b8f-c318-426f-83f9-f44e945268a2: receive RaftClientReply:client-AC1CE418446C->edec9b8f-c318-426f-83f9-f44e945268a2@group-352661ED3FD5, cid=3053, SUCCESS, logIndex=4565, commits[edec9b8f-c318-426f-83f9-f44e945268a2:c4566, 02a03aee-1dd1-43c9-94ca-c76e2a537489:c4564, 9fb73170-bb25-48da-afcf-6f1f9e11598f:c4564]
2019-07-10 10:43:01,902 INFO  client.GrpcClientProtocolClient (GrpcClientProtocolClient.java:onNext(255)) - client-AC1CE418446C->edec9b8f-c318-426f-83f9-f44e945268a2: receive RaftClientReply:client-AC1CE418446C->edec9b8f-c318-426f-83f9-f44e945268a2@group-352661ED3FD5, cid=3054, SUCCESS, logIndex=4566, commits[edec9b8f-c318-426f-83f9-f44e945268a2:c4566, 02a03aee-1dd1-43c9-94ca-c76e2a537489:c4564, 9fb73170-bb25-48da-afcf-6f1f9e11598f:c4564]
2019-07-10 10:43:01,902 INFO  client.GrpcClientProtocolClient (GrpcClientProtocolClient.java:onNext(255)) - client-AC1CE418446C->edec9b8f-c318-426f-83f9-f44e945268a2: receive RaftClientReply:client-AC1CE418446C->edec9b8f-c318-426f-83f9-f44e945268a2@group-352661ED3FD5, cid=3055, SUCCESS, logIndex=4567, commits[edec9b8f-c318-426f-83f9-f44e945268a2:c4568, 02a03aee-1dd1-43c9-94ca-c76e2a537489:c4564, 9fb73170-bb25-48da-afcf-6f1f9e11598f:c4564]
2019-07-10 10:43:01,902 INFO  client.GrpcClientProtocolClient (GrpcClientProtocolClient.java:onNext(255)) - client-AC1CE418446C->edec9b8f-c318-426f-83f9-f44e945268a2: receive RaftClientReply:client-AC1CE418446C->edec9b8f-c318-426f-83f9-f44e945268a2@group-352661ED3FD5, cid=3056, SUCCESS, logIndex=4568, commits[edec9b8f-c318-426f-83f9-f44e945268a2:c4568, 02a03aee-1dd1-43c9-94ca-c76e2a537489:c4564, 9fb73170-bb25-48da-afcf-6f1f9e11598f:c4564]
2019-07-10 10:43:01,915 INFO  client.GrpcClientProtocolClient (GrpcClientProtocolClient.java:onNext(255)) - client-AC1CE418446C->edec9b8f-c318-426f-83f9-f44e945268a2: receive RaftClientReply:client-AC1CE418446C->edec9b8f-c318-426f-83f9-f44e945268a2@group-352661ED3FD5, cid=3057, SUCCESS, logIndex=0, commits[edec9b8f-c318-426f-83f9-f44e945268a2:c4570, 02a03aee-1dd1-43c9-94ca-c76e2a537489:c4566, 9fb73170-bb25-48da-afcf-6f1f9e11598f:c4566]
2019-07-10 10:43:02,033 INFO  client.GrpcClientProtocolClient (GrpcClientProtocolClient.java:onNext(255)) - client-AC1CE418446C->edec9b8f-c318-426f-83f9-f44e945268a2: receive RaftClientReply:client-AC1CE418446C->edec9b8f-c318-426f-83f9-f44e945268a2@group-352661ED3FD5, cid=3058, SUCCESS, logIndex=4573, commits[edec9b8f-c318-426f-83f9-f44e945268a2:c4574, 02a03aee-1dd1-43c9-94ca-c76e2a537489:c4572, 9fb73170-bb25-48da-afcf-6f1f9e11598f:c4572]
2019-07-10 10:43:02,033 INFO  client.GrpcClientProtocolClient (GrpcClientProtocolClient.java:onNext(255)) - client-AC1CE418446C->edec9b8f-c318-426f-83f9-f44e945268a2: receive RaftClientReply:client-AC1CE418446C->edec9b8f-c318-426f-83f9-f44e945268a2@group-352661ED3FD5, cid=3059, SUCCESS, logIndex=4574, commits[edec9b8f-c318-426f-83f9-f44e945268a2:c4574, 02a03aee-1dd1-43c9-94ca-c76e2a537489:c4572, 9fb73170-bb25-48da-afcf-6f1f9e11598f:c4572]
2019-07-10 10:43:02,058 INFO  client.GrpcClientProtocolClient (GrpcClientProtocolClient.java:onNext(255)) - client-AC1CE418446C->edec9b8f-c318-426f-83f9-f44e945268a2: receive RaftClientReply:client-AC1CE418446C->edec9b8f-c318-426f-83f9-f44e945268a2@group-352661ED3FD5, cid=3060, SUCCESS, logIndex=4577, commits[edec9b8f-c318-426f-83f9-f44e945268a2:c4577, 02a03aee-1dd1-43c9-94ca-c76e2a537489:c4574, 9fb73170-bb25-48da-afcf-6f1f9e11598f:c4574]
2019-07-10 10:43:02,058 INFO  client.GrpcClientProtocolClient (GrpcClientProtocolClient.java:onNext(255)) - client-AC1CE418446C->edec9b8f-c318-426f-83f9-f44e945268a2: receive RaftClientReply:client-AC1CE418446C->edec9b8f-c318-426f-83f9-f44e945268a2@group-352661ED3FD5, cid=3061, SUCCESS, logIndex=4578, commits[edec9b8f-c318-426f-83f9-f44e945268a2:c4578, 02a03aee-1dd1-43c9-94ca-c76e2a537489:c4574, 9fb73170-bb25-48da-afcf-6f1f9e11598f:c4574]
2019-07-10 10:43:02,085 INFO  client.GrpcClientProtocolClient (GrpcClientProtocolClient.java:onNext(255)) - client-AC1CE418446C->edec9b8f-c318-426f-83f9-f44e945268a2: receive RaftClientReply:client-AC1CE418446C->edec9b8f-c318-426f-83f9-f44e945268a2@group-352661ED3FD5, cid=3062, SUCCESS, logIndex=0, commits[edec9b8f-c318-426f-83f9-f44e945268a2:c4580, 02a03aee-1dd1-43c9-94ca-c76e2a537489:c4578, 9fb73170-bb25-48da-afcf-6f1f9e11598f:c4578]
2019-07-10 10:43:02,117 INFO  client.GrpcClientProtocolClient (GrpcClientProtocolClient.java:onNext(255)) - client-AC1CE418446C->edec9b8f-c318-426f-83f9-f44e945268a2: receive RaftClientReply:client-AC1CE418446C->edec9b8f-c318-426f-83f9-f44e945268a2@group-352661ED3FD5, cid=3063, SUCCESS, logIndex=4581, commits[edec9b8f-c318-426f-83f9-f44e945268a2:c4582, 02a03aee-1dd1-43c9-94ca-c76e2a537489:c4580, 9fb73170-bb25-48da-afcf-6f1f9e11598f:c4580]
2019-07-10 10:43:02,118 INFO  client.GrpcClientProtocolClient (GrpcClientProtocolClient.java:onNext(255)) - client-AC1CE418446C->edec9b8f-c318-426f-83f9-f44e945268a2: receive RaftClientReply:client-AC1CE418446C->edec9b8f-c318-426f-83f9-f44e945268a2@group-352661ED3FD5, cid=3064, SUCCESS, logIndex=4582, commits[edec9b8f-c318-426f-83f9-f44e945268a2:c4583, 02a03aee-1dd1-43c9-94ca-c76e2a537489:c4580, 9fb73170-bb25-48da-afcf-6f1f9e11598f:c4580]
2019-07-10 10:43:02,118 INFO  client.GrpcClientProtocolClient (GrpcClientProtocolClient.java:onNext(255)) - client-AC1CE418446C->edec9b8f-c318-426f-83f9-f44e945268a2: receive RaftClientReply:client-AC1CE418446C->edec9b8f-c318-426f-83f9-f44e945268a2@group-352661ED3FD5, cid=3065, SUCCESS, logIndex=4583, commits[edec9b8f-c318-426f-83f9-f44e945268a2:c4584, 02a03aee-1dd1-43c9-94ca-c76e2a537489:c4580, 9fb73170-bb25-48da-afcf-6f1f9e11598f:c4580]
2019-07-10 10:43:02,118 INFO  client.GrpcClientProtocolClient (GrpcClientProtocolClient.java:onNext(255)) - client-AC1CE418446C->edec9b8f-c318-426f-83f9-f44e945268a2: receive RaftClientReply:client-AC1CE418446C->edec9b8f-c318-426f-83f9-f44e945268a2@group-352661ED3FD5, cid=3066, SUCCESS, logIndex=4584, commits[edec9b8f-c318-426f-83f9-f44e945268a2:c4584, 02a03aee-1dd1-43c9-94ca-c76e2a537489:c4580, 9fb73170-bb25-48da-afcf-6f1f9e11598f:c4580]
2019-07-10 10:43:02,131 INFO  client.GrpcClientProtocolClient (GrpcClientProtocolClient.java:onNext(255)) - client-AC1CE418446C->edec9b8f-c318-426f-83f9-f44e945268a2: receive RaftClientReply:client-AC1CE418446C->edec9b8f-c318-426f-83f9-f44e945268a2@group-352661ED3FD5, cid=3067, SUCCESS, logIndex=0, commits[edec9b8f-c318-426f-83f9-f44e945268a2:c4586, 02a03aee-1dd1-43c9-94ca-c76e2a537489:c4582, 9fb73170-bb25-48da-afcf-6f1f9e11598f:c4582]
2019-07-10 10:43:02,154 INFO  client.GrpcClientProtocolClient (GrpcClientProtocolClient.java:onNext(255)) - client-AC1CE418446C->edec9b8f-c318-426f-83f9-f44e945268a2: receive RaftClientReply:client-AC1CE418446C->edec9b8f-c318-426f-83f9-f44e945268a2@group-352661ED3FD5, cid=3068, SUCCESS, logIndex=4589, commits[edec9b8f-c318-426f-83f9-f44e945268a2:c4589, 02a03aee-1dd1-43c9-94ca-c76e2a537489:c4588, 9fb73170-bb25-48da-afcf-6f1f9e11598f:c4584]
2019-07-10 10:43:02,155 INFO  client.GrpcClientProtocolClient (GrpcClientProtocolClient.java:onNext(255)) - client-AC1CE418446C->edec9b8f-c318-426f-83f9-f44e945268a2: receive RaftClientReply:client-AC1CE418446C->edec9b8f-c318-426f-83f9-f44e945268a2@group-352661ED3FD5, cid=3069, SUCCESS, logIndex=4590, commits[edec9b8f-c318-426f-83f9-f44e945268a2:c4590, 02a03aee-1dd1-43c9-94ca-c76e2a537489:c4588, 9fb73170-bb25-48da-afcf-6f1f9e11598f:c4588]
2019-07-10 10:43:02,181 INFO  client.GrpcClientProtocolClient (GrpcClientProtocolClient.java:onNext(255)) - client-AC1CE418446C->edec9b8f-c318-426f-83f9-f44e945268a2: receive RaftClientReply:client-AC1CE418446C->edec9b8f-c318-426f-83f9-f44e945268a2@group-352661ED3FD5, cid=3070, SUCCESS, logIndex=4593, commits[edec9b8f-c318-426f-83f9-f44e945268a2:c4594, 02a03aee-1dd1-43c9-94ca-c76e2a537489:c4590, 9fb73170-bb25-48da-afcf-6f1f9e11598f:c4590]
2019-07-10 10:43:02,182 INFO  client.GrpcClientProtocolClient (GrpcClientProtocolClient.java:onNext(255)) - client-AC1CE418446C->edec9b8f-c318-426f-83f9-f44e945268a2: receive RaftClientReply:client-AC1CE418446C->edec9b8f-c318-426f-83f9-f44e945268a2@group-352661ED3FD5, cid=3071, SUCCESS, logIndex=4594, commits[edec9b8f-c318-426f-83f9-f44e945268a2:c4594, 02a03aee-1dd1-43c9-94ca-c76e2a537489:c4590, 9fb73170-bb25-48da-afcf-6f1f9e11598f:c4590]
2019-07-10 10:43:02,207 INFO  client.GrpcClientProtocolClient (GrpcClientProtocolClient.java:onNext(255)) - client-AC1CE418446C->edec9b8f-c318-426f-83f9-f44e945268a2: receive RaftClientReply:client-AC1CE418446C->edec9b8f-c318-426f-83f9-f44e945268a2@group-352661ED3FD5, cid=3072, SUCCESS, logIndex=0, commits[edec9b8f-c318-426f-83f9-f44e945268a2:c4596, 02a03aee-1dd1-43c9-94ca-c76e2a537489:c4594, 9fb73170-bb25-48da-afcf-6f1f9e11598f:c4594]
2019-07-10 10:43:02,242 INFO  client.GrpcClientProtocolClient (GrpcClientProtocolClient.java:onNext(255)) - client-AC1CE418446C->edec9b8f-c318-426f-83f9-f44e945268a2: receive RaftClientReply:client-AC1CE418446C->edec9b8f-c318-426f-83f9-f44e945268a2@group-352661ED3FD5, cid=3073, SUCCESS, logIndex=4597, commits[edec9b8f-c318-426f-83f9-f44e945268a2:c4598, 02a03aee-1dd1-43c9-94ca-c76e2a537489:c4596, 9fb73170-bb25-48da-afcf-6f1f9e11598f:c4596]
2019-07-10 10:43:02,243 INFO  client.GrpcClientProtocolClient (GrpcClientProtocolClient.java:onNext(255)) - client-AC1CE418446C->edec9b8f-c318-426f-83f9-f44e945268a2: receive RaftClientReply:client-AC1CE418446C->edec9b8f-c318-426f-83f9-f44e945268a2@group-352661ED3FD5, cid=3074, SUCCESS, logIndex=4598, commits[edec9b8f-c318-426f-83f9-f44e945268a2:c4598, 02a03aee-1dd1-43c9-94ca-c76e2a537489:c4596, 9fb73170-bb25-48da-afcf-6f1f9e11598f:c4596]
2019-07-10 10:43:02,252 INFO  client.GrpcClientProtocolClient (GrpcClientProtocolClient.java:onNext(255)) - client-AC1CE418446C->edec9b8f-c318-426f-83f9-f44e945268a2: receive RaftClientReply:client-AC1CE418446C->edec9b8f-c318-426f-83f9-f44e945268a2@group-352661ED3FD5, cid=3075, SUCCESS, logIndex=4599, commits[edec9b8f-c318-426f-83f9-f44e945268a2:c4600, 02a03aee-1dd1-43c9-94ca-c76e2a537489:c4596, 9fb73170-bb25-48da-afcf-6f1f9e11598f:c4596]
2019-07-10 10:43:02,253 INFO  client.GrpcClientProtocolClient (GrpcClientProtocolClient.java:onNext(255)) - client-AC1CE418446C->edec9b8f-c318-426f-83f9-f44e945268a2: receive RaftClientReply:client-AC1CE418446C->edec9b8f-c318-426f-83f9-f44e945268a2@group-352661ED3FD5, cid=3076, SUCCESS, logIndex=4600, commits[edec9b8f-c318-426f-83f9-f44e945268a2:c4600, 02a03aee-1dd1-43c9-94ca-c76e2a537489:c4596, 9fb73170-bb25-48da-afcf-6f1f9e11598f:c4596]
2019-07-10 10:43:02,268 INFO  client.GrpcClientProtocolClient (GrpcClientProtocolClient.java:onNext(255)) - client-AC1CE418446C->edec9b8f-c318-426f-83f9-f44e945268a2: receive RaftClientReply:client-AC1CE418446C->edec9b8f-c318-426f-83f9-f44e945268a2@group-352661ED3FD5, cid=3077, SUCCESS, logIndex=0, commits[edec9b8f-c318-426f-83f9-f44e945268a2:c4601, 02a03aee-1dd1-43c9-94ca-c76e2a537489:c4598, 9fb73170-bb25-48da-afcf-6f1f9e11598f:c4598]
2019-07-10 10:43:02,282 INFO  client.GrpcClientProtocolClient (GrpcClientProtocolClient.java:onNext(255)) - client-AC1CE418446C->edec9b8f-c318-426f-83f9-f44e945268a2: receive RaftClientReply:client-AC1CE418446C->edec9b8f-c318-426f-83f9-f44e945268a2@group-352661ED3FD5, cid=3078, SUCCESS, logIndex=4604, commits[edec9b8f-c318-426f-83f9-f44e945268a2:c4605, 02a03aee-1dd1-43c9-94ca-c76e2a537489:c4602, 9fb73170-bb25-48da-afcf-6f1f9e11598f:c4602]
2019-07-10 10:43:02,282 INFO  client.GrpcClientProtocolClient (GrpcClientProtocolClient.java:onNext(255)) - client-AC1CE418446C->edec9b8f-c318-426f-83f9-f44e945268a2: receive RaftClientReply:client-AC1CE418446C->edec9b8f-c318-426f-83f9-f44e945268a2@group-352661ED3FD5, cid=3079, SUCCESS, logIndex=4605, commits[edec9b8f-c318-426f-83f9-f44e945268a2:c4605, 02a03aee-1dd1-43c9-94ca-c76e2a537489:c4602, 9fb73170-bb25-48da-afcf-6f1f9e11598f:c4602]
2019-07-10 10:43:02,296 INFO  client.GrpcClientProtocolClient (GrpcClientProtocolClient.java:onNext(255)) - client-AC1CE418446C->edec9b8f-c318-426f-83f9-f44e945268a2: receive RaftClientReply:client-AC1CE418446C->edec9b8f-c318-426f-83f9-f44e945268a2@group-352661ED3FD5, cid=3080, SUCCESS, logIndex=4608, commits[edec9b8f-c318-426f-83f9-f44e945268a2:c4609, 02a03aee-1dd1-43c9-94ca-c76e2a537489:c4605, 9fb73170-bb25-48da-afcf-6f1f9e11598f:c4607]
2019-07-10 10:43:02,296 INFO  client.GrpcClientProtocolClient (GrpcClientProtocolClient.java:onNext(255)) - client-AC1CE418446C->edec9b8f-c318-426f-83f9-f44e945268a2: receive RaftClientReply:client-AC1CE418446C->edec9b8f-c318-426f-83f9-f44e945268a2@group-352661ED3FD5, cid=3081, SUCCESS, logIndex=4609, commits[edec9b8f-c318-426f-83f9-f44e945268a2:c4609, 02a03aee-1dd1-43c9-94ca-c76e2a537489:c4605, 9fb73170-bb25-48da-afcf-6f1f9e11598f:c4607]
2019-07-10 10:43:02,301 INFO  client.GrpcClientProtocolClient (GrpcClientProtocolClient.java:onNext(255)) - client-AC1CE418446C->edec9b8f-c318-426f-83f9-f44e945268a2: receive RaftClientReply:client-AC1CE418446C->edec9b8f-c318-426f-83f9-f44e945268a2@group-352661ED3FD5, cid=3082, SUCCESS, logIndex=0, commits[edec9b8f-c318-426f-83f9-f44e945268a2:c4610, 02a03aee-1dd1-43c9-94ca-c76e2a537489:c4609, 9fb73170-bb25-48da-afcf-6f1f9e11598f:c4609]
2019-07-10 10:43:02,326 INFO  client.GrpcClientProtocolClient (GrpcClientProtocolClient.java:onNext(255)) - client-AC1CE418446C->edec9b8f-c318-426f-83f9-f44e945268a2: receive RaftClientReply:client-AC1CE418446C->edec9b8f-c318-426f-83f9-f44e945268a2@group-352661ED3FD5, cid=3083, SUCCESS, logIndex=4612, commits[edec9b8f-c318-426f-83f9-f44e945268a2:c4615, 02a03aee-1dd1-43c9-94ca-c76e2a537489:c4611, 9fb73170-bb25-48da-afcf-6f1f9e11598f:c4611]
2019-07-10 10:43:02,327 INFO  client.GrpcClientProtocolClient (GrpcClientProtocolClient.java:onNext(255)) - client-AC1CE418446C->edec9b8f-c318-426f-83f9-f44e945268a2: receive RaftClientReply:client-AC1CE418446C->edec9b8f-c318-426f-83f9-f44e945268a2@group-352661ED3FD5, cid=3084, SUCCESS, logIndex=4613, commits[edec9b8f-c318-426f-83f9-f44e945268a2:c4615, 02a03aee-1dd1-43c9-94ca-c76e2a537489:c4611, 9fb73170-bb25-48da-afcf-6f1f9e11598f:c4611]
2019-07-10 10:43:02,327 INFO  client.GrpcClientProtocolClient (GrpcClientProtocolClient.java:onNext(255)) - client-AC1CE418446C->edec9b8f-c318-426f-83f9-f44e945268a2: receive RaftClientReply:client-AC1CE418446C->edec9b8f-c318-426f-83f9-f44e945268a2@group-352661ED3FD5, cid=3085, SUCCESS, logIndex=4614, commits[edec9b8f-c318-426f-83f9-f44e945268a2:c4615, 02a03aee-1dd1-43c9-94ca-c76e2a537489:c4611, 9fb73170-bb25-48da-afcf-6f1f9e11598f:c4611]
2019-07-10 10:43:02,327 INFO  client.GrpcClientProtocolClient (GrpcClientProtocolClient.java:onNext(255)) - client-AC1CE418446C->edec9b8f-c318-426f-83f9-f44e945268a2: receive RaftClientReply:client-AC1CE418446C->edec9b8f-c318-426f-83f9-f44e945268a2@group-352661ED3FD5, cid=3086, SUCCESS, logIndex=4615, commits[edec9b8f-c318-426f-83f9-f44e945268a2:c4615, 02a03aee-1dd1-43c9-94ca-c76e2a537489:c4611, 9fb73170-bb25-48da-afcf-6f1f9e11598f:c4611]
2019-07-10 10:43:02,328 INFO  client.GrpcClientProtocolClient (GrpcClientProtocolClient.java:onNext(255)) - client-AC1CE418446C->edec9b8f-c318-426f-83f9-f44e945268a2: receive RaftClientReply:client-AC1CE418446C->edec9b8f-c318-426f-83f9-f44e945268a2@group-352661ED3FD5, cid=3087, SUCCESS, logIndex=0, commits[edec9b8f-c318-426f-83f9-f44e945268a2:c4616, 02a03aee-1dd1-43c9-94ca-c76e2a537489:c4613, 9fb73170-bb25-48da-afcf-6f1f9e11598f:c4613]
2019-07-10 10:43:02,340 INFO  client.GrpcClientProtocolClient (GrpcClientProtocolClient.java:onNext(255)) - client-AC1CE418446C->edec9b8f-c318-426f-83f9-f44e945268a2: receive RaftClientReply:client-AC1CE418446C->edec9b8f-c318-426f-83f9-f44e945268a2@group-352661ED3FD5, cid=3088, SUCCESS, logIndex=4620, commits[edec9b8f-c318-426f-83f9-f44e945268a2:c4621, 02a03aee-1dd1-43c9-94ca-c76e2a537489:c4619, 9fb73170-bb25-48da-afcf-6f1f9e11598f:c4619]
2019-07-10 10:43:02,340 INFO  client.GrpcClientProtocolClient (GrpcClientProtocolClient.java:onNext(255)) - client-AC1CE418446C->edec9b8f-c318-426f-83f9-f44e945268a2: receive RaftClientReply:client-AC1CE418446C->edec9b8f-c318-426f-83f9-f44e945268a2@group-352661ED3FD5, cid=3089, SUCCESS, logIndex=4621, commits[edec9b8f-c318-426f-83f9-f44e945268a2:c4621, 02a03aee-1dd1-43c9-94ca-c76e2a537489:c4619, 9fb73170-bb25-48da-afcf-6f1f9e11598f:c4619]
2019-07-10 10:43:02,370 INFO  client.GrpcClientProtocolClient (GrpcClientProtocolClient.java:onNext(255)) - client-AC1CE418446C->edec9b8f-c318-426f-83f9-f44e945268a2: receive RaftClientReply:client-AC1CE418446C->edec9b8f-c318-426f-83f9-f44e945268a2@group-352661ED3FD5, cid=3090, SUCCESS, logIndex=4624, commits[edec9b8f-c318-426f-83f9-f44e945268a2:c4625, 02a03aee-1dd1-43c9-94ca-c76e2a537489:c4623, 9fb73170-bb25-48da-afcf-6f1f9e11598f:c4623]
2019-07-10 10:43:02,370 INFO  client.GrpcClientProtocolClient (GrpcClientProtocolClient.java:onNext(255)) - client-AC1CE418446C->edec9b8f-c318-426f-83f9-f44e945268a2: receive RaftClientReply:client-AC1CE418446C->edec9b8f-c318-426f-83f9-f44e945268a2@group-352661ED3FD5, cid=3091, SUCCESS, logIndex=4625, commits[edec9b8f-c318-426f-83f9-f44e945268a2:c4625, 02a03aee-1dd1-43c9-94ca-c76e2a537489:c4623, 9fb73170-bb25-48da-afcf-6f1f9e11598f:c4623]
2019-07-10 10:43:02,378 INFO  client.GrpcClientProtocolClient (GrpcClientProtocolClient.java:onNext(255)) - client-AC1CE418446C->edec9b8f-c318-426f-83f9-f44e945268a2: receive RaftClientReply:client-AC1CE418446C->edec9b8f-c318-426f-83f9-f44e945268a2@group-352661ED3FD5, cid=3092, SUCCESS, logIndex=0, commits[edec9b8f-c318-426f-83f9-f44e945268a2:c4627, 02a03aee-1dd1-43c9-94ca-c76e2a537489:c4625, 9fb73170-bb25-48da-afcf-6f1f9e11598f:c4625]
2019-07-10 10:43:02,407 INFO  client.GrpcClientProtocolClient (GrpcClientProtocolClient.java:onNext(255)) - client-AC1CE418446C->edec9b8f-c318-426f-83f9-f44e945268a2: receive RaftClientReply:client-AC1CE418446C->edec9b8f-c318-426f-83f9-f44e945268a2@group-352661ED3FD5, cid=3093, SUCCESS, logIndex=4628, commits[edec9b8f-c318-426f-83f9-f44e945268a2:c4630, 02a03aee-1dd1-43c9-94ca-c76e2a537489:c4627, 9fb73170-bb25-48da-afcf-6f1f9e11598f:c4627]
2019-07-10 10:43:02,407 INFO  client.GrpcClientProtocolClient (GrpcClientProtocolClient.java:onNext(255)) - client-AC1CE418446C->edec9b8f-c318-426f-83f9-f44e945268a2: receive RaftClientReply:client-AC1CE418446C->edec9b8f-c318-426f-83f9-f44e945268a2@group-352661ED3FD5, cid=3094, SUCCESS, logIndex=4629, commits[edec9b8f-c318-426f-83f9-f44e945268a2:c4631, 02a03aee-1dd1-43c9-94ca-c76e2a537489:c4627, 9fb73170-bb25-48da-afcf-6f1f9e11598f:c4627]
2019-07-10 10:43:02,408 INFO  client.GrpcClientProtocolClient (GrpcClientProtocolClient.java:onNext(255)) - client-AC1CE418446C->edec9b8f-c318-426f-83f9-f44e945268a2: receive RaftClientReply:client-AC1CE418446C->edec9b8f-c318-426f-83f9-f44e945268a2@group-352661ED3FD5, cid=3095, SUCCESS, logIndex=4630, commits[edec9b8f-c318-426f-83f9-f44e945268a2:c4631, 02a03aee-1dd1-43c9-94ca-c76e2a537489:c4627, 9fb73170-bb25-48da-afcf-6f1f9e11598f:c4627]
2019-07-10 10:43:02,408 INFO  client.GrpcClientProtocolClient (GrpcClientProtocolClient.java:onNext(255)) - client-AC1CE418446C->edec9b8f-c318-426f-83f9-f44e945268a2: receive RaftClientReply:client-AC1CE418446C->edec9b8f-c318-426f-83f9-f44e945268a2@group-352661ED3FD5, cid=3096, SUCCESS, logIndex=4631, commits[edec9b8f-c318-426f-83f9-f44e945268a2:c4632, 02a03aee-1dd1-43c9-94ca-c76e2a537489:c4628, 9fb73170-bb25-48da-afcf-6f1f9e11598f:c4628]
2019-07-10 10:43:02,409 INFO  client.GrpcClientProtocolClient (GrpcClientProtocolClient.java:onNext(255)) - client-AC1CE418446C->edec9b8f-c318-426f-83f9-f44e945268a2: receive RaftClientReply:client-AC1CE418446C->edec9b8f-c318-426f-83f9-f44e945268a2@group-352661ED3FD5, cid=3097, SUCCESS, logIndex=0, commits[edec9b8f-c318-426f-83f9-f44e945268a2:c4634, 02a03aee-1dd1-43c9-94ca-c76e2a537489:c4630, 9fb73170-bb25-48da-afcf-6f1f9e11598f:c4630]
 0.00% |█                                                                                                    |  0/1 Time: 0:00:282019-07-10 10:43:02,429 INFO  client.GrpcClientProtocolClient (GrpcClientProtocolClient.java:onNext(255)) - client-AC1CE418446C->edec9b8f-c318-426f-83f9-f44e945268a2: receive RaftClientReply:client-AC1CE418446C->edec9b8f-c318-426f-83f9-f44e945268a2@group-352661ED3FD5, cid=3098, SUCCESS, logIndex=4636, commits[edec9b8f-c318-426f-83f9-f44e945268a2:c4637, 02a03aee-1dd1-43c9-94ca-c76e2a537489:c4635, 9fb73170-bb25-48da-afcf-6f1f9e11598f:c4635]
2019-07-10 10:43:02,429 INFO  client.GrpcClientProtocolClient (GrpcClientProtocolClient.java:onNext(255)) - client-AC1CE418446C->edec9b8f-c318-426f-83f9-f44e945268a2: receive RaftClientReply:client-AC1CE418446C->edec9b8f-c318-426f-83f9-f44e945268a2@group-352661ED3FD5, cid=3099, SUCCESS, logIndex=4637, commits[edec9b8f-c318-426f-83f9-f44e945268a2:c4637, 02a03aee-1dd1-43c9-94ca-c76e2a537489:c4635, 9fb73170-bb25-48da-afcf-6f1f9e11598f:c4635]
2019-07-10 10:43:02,444 INFO  client.GrpcClientProtocolClient (GrpcClientProtocolClient.java:onNext(255)) - client-AC1CE418446C->edec9b8f-c318-426f-83f9-f44e945268a2: receive RaftClientReply:client-AC1CE418446C->edec9b8f-c318-426f-83f9-f44e945268a2@group-352661ED3FD5, cid=3100, SUCCESS, logIndex=4640, commits[edec9b8f-c318-426f-83f9-f44e945268a2:c4640, 02a03aee-1dd1-43c9-94ca-c76e2a537489:c4637, 9fb73170-bb25-48da-afcf-6f1f9e11598f:c4637]
2019-07-10 10:43:02,444 INFO  client.GrpcClientProtocolClient (GrpcClientProtocolClient.java:onNext(255)) - client-AC1CE418446C->edec9b8f-c318-426f-83f9-f44e945268a2: receive RaftClientReply:client-AC1CE418446C->edec9b8f-c318-426f-83f9-f44e945268a2@group-352661ED3FD5, cid=3101, SUCCESS, logIndex=4641, commits[edec9b8f-c318-426f-83f9-f44e945268a2:c4641, 02a03aee-1dd1-43c9-94ca-c76e2a537489:c4637, 9fb73170-bb25-48da-afcf-6f1f9e11598f:c4637]
2019-07-10 10:43:02,458 INFO  client.GrpcClientProtocolClient (GrpcClientProtocolClient.java:onNext(255)) - client-AC1CE418446C->edec9b8f-c318-426f-83f9-f44e945268a2: receive RaftClientReply:client-AC1CE418446C->edec9b8f-c318-426f-83f9-f44e945268a2@group-352661ED3FD5, cid=3102, SUCCESS, logIndex=0, commits[edec9b8f-c318-426f-83f9-f44e945268a2:c4643, 02a03aee-1dd1-43c9-94ca-c76e2a537489:c4641, 9fb73170-bb25-48da-afcf-6f1f9e11598f:c4641]
2019-07-10 10:43:02,487 INFO  client.GrpcClientProtocolClient (GrpcClientProtocolClient.java:onNext(255)) - client-AC1CE418446C->edec9b8f-c318-426f-83f9-f44e945268a2: receive RaftClientReply:client-AC1CE418446C->edec9b8f-c318-426f-83f9-f44e945268a2@group-352661ED3FD5, cid=3103, SUCCESS, logIndex=4644, commits[edec9b8f-c318-426f-83f9-f44e945268a2:c4645, 02a03aee-1dd1-43c9-94ca-c76e2a537489:c4643, 9fb73170-bb25-48da-afcf-6f1f9e11598f:c4643]
2019-07-10 10:43:02,488 INFO  client.GrpcClientProtocolClient (GrpcClientProtocolClient.java:onNext(255)) - client-AC1CE418446C->edec9b8f-c318-426f-83f9-f44e945268a2: receive RaftClientReply:client-AC1CE418446C->edec9b8f-c318-426f-83f9-f44e945268a2@group-352661ED3FD5, cid=3104, SUCCESS, logIndex=4645, commits[edec9b8f-c318-426f-83f9-f44e945268a2:c4645, 02a03aee-1dd1-43c9-94ca-c76e2a537489:c4643, 9fb73170-bb25-48da-afcf-6f1f9e11598f:c4643]
2019-07-10 10:43:02,498 INFO  client.GrpcClientProtocolClient (GrpcClientProtocolClient.java:onNext(255)) - client-AC1CE418446C->edec9b8f-c318-426f-83f9-f44e945268a2: receive RaftClientReply:client-AC1CE418446C->edec9b8f-c318-426f-83f9-f44e945268a2@group-352661ED3FD5, cid=3105, SUCCESS, logIndex=4646, commits[edec9b8f-c318-426f-83f9-f44e945268a2:c4647, 02a03aee-1dd1-43c9-94ca-c76e2a537489:c4643, 9fb73170-bb25-48da-afcf-6f1f9e11598f:c4643]
2019-07-10 10:43:02,499 INFO  client.GrpcClientProtocolClient (GrpcClientProtocolClient.java:onNext(255)) - client-AC1CE418446C->edec9b8f-c318-426f-83f9-f44e945268a2: receive RaftClientReply:client-AC1CE418446C->edec9b8f-c318-426f-83f9-f44e945268a2@group-352661ED3FD5, cid=3106, SUCCESS, logIndex=4647, commits[edec9b8f-c318-426f-83f9-f44e945268a2:c4647, 02a03aee-1dd1-43c9-94ca-c76e2a537489:c4643, 9fb73170-bb25-48da-afcf-6f1f9e11598f:c4643]
2019-07-10 10:43:02,501 INFO  client.GrpcClientProtocolClient (GrpcClientProtocolClient.java:onNext(255)) - client-AC1CE418446C->edec9b8f-c318-426f-83f9-f44e945268a2: receive RaftClientReply:client-AC1CE418446C->edec9b8f-c318-426f-83f9-f44e945268a2@group-352661ED3FD5, cid=3107, SUCCESS, logIndex=0, commits[edec9b8f-c318-426f-83f9-f44e945268a2:c4649, 02a03aee-1dd1-43c9-94ca-c76e2a537489:c4645, 9fb73170-bb25-48da-afcf-6f1f9e11598f:c4645]
2019-07-10 10:43:02,526 INFO  client.GrpcClientProtocolClient (GrpcClientProtocolClient.java:onNext(255)) - client-AC1CE418446C->edec9b8f-c318-426f-83f9-f44e945268a2: receive RaftClientReply:client-AC1CE418446C->edec9b8f-c318-426f-83f9-f44e945268a2@group-352661ED3FD5, cid=3108, SUCCESS, logIndex=4652, commits[edec9b8f-c318-426f-83f9-f44e945268a2:c4653, 02a03aee-1dd1-43c9-94ca-c76e2a537489:c4649, 9fb73170-bb25-48da-afcf-6f1f9e11598f:c4647]
2019-07-10 10:43:02,527 INFO  client.GrpcClientProtocolClient (GrpcClientProtocolClient.java:onNext(255)) - client-AC1CE418446C->edec9b8f-c318-426f-83f9-f44e945268a2: receive RaftClientReply:client-AC1CE418446C->edec9b8f-c318-426f-83f9-f44e945268a2@group-352661ED3FD5, cid=3109, SUCCESS, logIndex=4653, commits[edec9b8f-c318-426f-83f9-f44e945268a2:c4653, 02a03aee-1dd1-43c9-94ca-c76e2a537489:c4649, 9fb73170-bb25-48da-afcf-6f1f9e11598f:c4649]
2019-07-10 10:43:02,551 INFO  client.GrpcClientProtocolClient (GrpcClientProtocolClient.java:onNext(255)) - client-AC1CE418446C->edec9b8f-c318-426f-83f9-f44e945268a2: receive RaftClientReply:client-AC1CE418446C->edec9b8f-c318-426f-83f9-f44e945268a2@group-352661ED3FD5, cid=3110, SUCCESS, logIndex=4655, commits[edec9b8f-c318-426f-83f9-f44e945268a2:c4656, 02a03aee-1dd1-43c9-94ca-c76e2a537489:c4653, 9fb73170-bb25-48da-afcf-6f1f9e11598f:c4653]
2019-07-10 10:43:02,552 INFO  client.GrpcClientProtocolClient (GrpcClientProtocolClient.java:onNext(255)) - client-AC1CE418446C->edec9b8f-c318-426f-83f9-f44e945268a2: receive RaftClientReply:client-AC1CE418446C->edec9b8f-c318-426f-83f9-f44e945268a2@group-352661ED3FD5, cid=3111, SUCCESS, logIndex=4656, commits[edec9b8f-c318-426f-83f9-f44e945268a2:c4656, 02a03aee-1dd1-43c9-94ca-c76e2a537489:c4653, 9fb73170-bb25-48da-afcf-6f1f9e11598f:c4653]
2019-07-10 10:43:02,569 INFO  client.GrpcClientProtocolClient (GrpcClientProtocolClient.java:onNext(255)) - client-AC1CE418446C->edec9b8f-c318-426f-83f9-f44e945268a2: receive RaftClientReply:client-AC1CE418446C->edec9b8f-c318-426f-83f9-f44e945268a2@group-352661ED3FD5, cid=3112, SUCCESS, logIndex=0, commits[edec9b8f-c318-426f-83f9-f44e945268a2:c4658, 02a03aee-1dd1-43c9-94ca-c76e2a537489:c4656, 9fb73170-bb25-48da-afcf-6f1f9e11598f:c4656]
2019-07-10 10:43:02,597 INFO  client.GrpcClientProtocolClient (GrpcClientProtocolClient.java:onNext(255)) - client-AC1CE418446C->edec9b8f-c318-426f-83f9-f44e945268a2: receive RaftClientReply:client-AC1CE418446C->edec9b8f-c318-426f-83f9-f44e945268a2@group-352661ED3FD5, cid=3113, SUCCESS, logIndex=4659, commits[edec9b8f-c318-426f-83f9-f44e945268a2:c4660, 02a03aee-1dd1-43c9-94ca-c76e2a537489:c4658, 9fb73170-bb25-48da-afcf-6f1f9e11598f:c4656]
2019-07-10 10:43:02,598 INFO  client.GrpcClientProtocolClient (GrpcClientProtocolClient.java:onNext(255)) - client-AC1CE418446C->edec9b8f-c318-426f-83f9-f44e945268a2: receive RaftClientReply:client-AC1CE418446C->edec9b8f-c318-426f-83f9-f44e945268a2@group-352661ED3FD5, cid=3114, SUCCESS, logIndex=4660, commits[edec9b8f-c318-426f-83f9-f44e945268a2:c4660, 02a03aee-1dd1-43c9-94ca-c76e2a537489:c4658, 9fb73170-bb25-48da-afcf-6f1f9e11598f:c4656]
2019-07-10 10:43:02,619 INFO  client.GrpcClientProtocolClient (GrpcClientProtocolClient.java:onNext(255)) - client-AC1CE418446C->edec9b8f-c318-426f-83f9-f44e945268a2: receive RaftClientReply:client-AC1CE418446C->edec9b8f-c318-426f-83f9-f44e945268a2@group-352661ED3FD5, cid=3115, SUCCESS, logIndex=4661, commits[edec9b8f-c318-426f-83f9-f44e945268a2:c4662, 02a03aee-1dd1-43c9-94ca-c76e2a537489:c4658, 9fb73170-bb25-48da-afcf-6f1f9e11598f:c4658]
2019-07-10 10:43:02,619 INFO  client.GrpcClientProtocolClient (GrpcClientProtocolClient.java:onNext(255)) - client-AC1CE418446C->edec9b8f-c318-426f-83f9-f44e945268a2: receive RaftClientReply:client-AC1CE418446C->edec9b8f-c318-426f-83f9-f44e945268a2@group-352661ED3FD5, cid=3116, SUCCESS, logIndex=4662, commits[edec9b8f-c318-426f-83f9-f44e945268a2:c4664, 02a03aee-1dd1-43c9-94ca-c76e2a537489:c4660, 9fb73170-bb25-48da-afcf-6f1f9e11598f:c4658]
2019-07-10 10:43:02,620 INFO  client.GrpcClientProtocolClient (GrpcClientProtocolClient.java:onNext(255)) - client-AC1CE418446C->edec9b8f-c318-426f-83f9-f44e945268a2: receive RaftClientReply:client-AC1CE418446C->edec9b8f-c318-426f-83f9-f44e945268a2@group-352661ED3FD5, cid=3117, SUCCESS, logIndex=0, commits[edec9b8f-c318-426f-83f9-f44e945268a2:c4664, 02a03aee-1dd1-43c9-94ca-c76e2a537489:c4661, 9fb73170-bb25-48da-afcf-6f1f9e11598f:c4660]
2019-07-10 10:43:02,635 INFO  client.GrpcClientProtocolClient (GrpcClientProtocolClient.java:onNext(255)) - client-AC1CE418446C->edec9b8f-c318-426f-83f9-f44e945268a2: receive RaftClientReply:client-AC1CE418446C->edec9b8f-c318-426f-83f9-f44e945268a2@group-352661ED3FD5, cid=3118, SUCCESS, logIndex=4667, commits[edec9b8f-c318-426f-83f9-f44e945268a2:c4668, 02a03aee-1dd1-43c9-94ca-c76e2a537489:c4662, 9fb73170-bb25-48da-afcf-6f1f9e11598f:c4666]
2019-07-10 10:43:02,636 INFO  client.GrpcClientProtocolClient (GrpcClientProtocolClient.java:onNext(255)) - client-AC1CE418446C->edec9b8f-c318-426f-83f9-f44e945268a2: receive RaftClientReply:client-AC1CE418446C->edec9b8f-c318-426f-83f9-f44e945268a2@group-352661ED3FD5, cid=3119, SUCCESS, logIndex=4668, commits[edec9b8f-c318-426f-83f9-f44e945268a2:c4668, 02a03aee-1dd1-43c9-94ca-c76e2a537489:c4662, 9fb73170-bb25-48da-afcf-6f1f9e11598f:c4666]
2019-07-10 10:43:02,659 INFO  client.GrpcClientProtocolClient (GrpcClientProtocolClient.java:onNext(255)) - client-AC1CE418446C->edec9b8f-c318-426f-83f9-f44e945268a2: receive RaftClientReply:client-AC1CE418446C->edec9b8f-c318-426f-83f9-f44e945268a2@group-352661ED3FD5, cid=3120, SUCCESS, logIndex=4671, commits[edec9b8f-c318-426f-83f9-f44e945268a2:c4671, 02a03aee-1dd1-43c9-94ca-c76e2a537489:c4668, 9fb73170-bb25-48da-afcf-6f1f9e11598f:c4668]
2019-07-10 10:43:02,660 INFO  client.GrpcClientProtocolClient (GrpcClientProtocolClient.java:onNext(255)) - client-AC1CE418446C->edec9b8f-c318-426f-83f9-f44e945268a2: receive RaftClientReply:client-AC1CE418446C->edec9b8f-c318-426f-83f9-f44e945268a2@group-352661ED3FD5, cid=3121, SUCCESS, logIndex=4672, commits[edec9b8f-c318-426f-83f9-f44e945268a2:c4672, 02a03aee-1dd1-43c9-94ca-c76e2a537489:c4668, 9fb73170-bb25-48da-afcf-6f1f9e11598f:c4668]
2019-07-10 10:43:02,674 INFO  client.GrpcClientProtocolClient (GrpcClientProtocolClient.java:onNext(255)) - client-AC1CE418446C->edec9b8f-c318-426f-83f9-f44e945268a2: receive RaftClientReply:client-AC1CE418446C->edec9b8f-c318-426f-83f9-f44e945268a2@group-352661ED3FD5, cid=3122, SUCCESS, logIndex=0, commits[edec9b8f-c318-426f-83f9-f44e945268a2:c4674, 02a03aee-1dd1-43c9-94ca-c76e2a537489:c4672, 9fb73170-bb25-48da-afcf-6f1f9e11598f:c4672]
2019-07-10 10:43:02,725 INFO  client.GrpcClientProtocolClient (GrpcClientProtocolClient.java:onNext(255)) - client-AC1CE418446C->edec9b8f-c318-426f-83f9-f44e945268a2: receive RaftClientReply:client-AC1CE418446C->edec9b8f-c318-426f-83f9-f44e945268a2@group-352661ED3FD5, cid=3123, SUCCESS, logIndex=4675, commits[edec9b8f-c318-426f-83f9-f44e945268a2:c4677, 02a03aee-1dd1-43c9-94ca-c76e2a537489:c4674, 9fb73170-bb25-48da-afcf-6f1f9e11598f:c4674]
2019-07-10 10:43:02,725 INFO  client.GrpcClientProtocolClient (GrpcClientProtocolClient.java:onNext(255)) - client-AC1CE418446C->edec9b8f-c318-426f-83f9-f44e945268a2: receive RaftClientReply:client-AC1CE418446C->edec9b8f-c318-426f-83f9-f44e945268a2@group-352661ED3FD5, cid=3124, SUCCESS, logIndex=4676, commits[edec9b8f-c318-426f-83f9-f44e945268a2:c4678, 02a03aee-1dd1-43c9-94ca-c76e2a537489:c4674, 9fb73170-bb25-48da-afcf-6f1f9e11598f:c4674]
2019-07-10 10:43:02,726 INFO  client.GrpcClientProtocolClient (GrpcClientProtocolClient.java:onNext(255)) - client-AC1CE418446C->edec9b8f-c318-426f-83f9-f44e945268a2: receive RaftClientReply:client-AC1CE418446C->edec9b8f-c318-426f-83f9-f44e945268a2@group-352661ED3FD5, cid=3125, SUCCESS, logIndex=4677, commits[edec9b8f-c318-426f-83f9-f44e945268a2:c4678, 02a03aee-1dd1-43c9-94ca-c76e2a537489:c4674, 9fb73170-bb25-48da-afcf-6f1f9e11598f:c4674]
2019-07-10 10:43:02,726 INFO  client.GrpcClientProtocolClient (GrpcClientProtocolClient.java:onNext(255)) - client-AC1CE418446C->edec9b8f-c318-426f-83f9-f44e945268a2: receive RaftClientReply:client-AC1CE418446C->edec9b8f-c318-426f-83f9-f44e945268a2@group-352661ED3FD5, cid=3126, SUCCESS, logIndex=4678, commits[edec9b8f-c318-426f-83f9-f44e945268a2:c4678, 02a03aee-1dd1-43c9-94ca-c76e2a537489:c4674, 9fb73170-bb25-48da-afcf-6f1f9e11598f:c4674]
2019-07-10 10:43:02,739 INFO  client.GrpcClientProtocolClient (GrpcClientProtocolClient.java:onNext(255)) - client-AC1CE418446C->edec9b8f-c318-426f-83f9-f44e945268a2: receive RaftClientReply:client-AC1CE418446C->edec9b8f-c318-426f-83f9-f44e945268a2@group-352661ED3FD5, cid=3127, SUCCESS, logIndex=0, commits[edec9b8f-c318-426f-83f9-f44e945268a2:c4681, 02a03aee-1dd1-43c9-94ca-c76e2a537489:c4677, 9fb73170-bb25-48da-afcf-6f1f9e11598f:c4676]
2019-07-10 10:43:02,761 INFO  client.GrpcClientProtocolClient (GrpcClientProtocolClient.java:onNext(255)) - client-AC1CE418446C->edec9b8f-c318-426f-83f9-f44e945268a2: receive RaftClientReply:client-AC1CE418446C->edec9b8f-c318-426f-83f9-f44e945268a2@group-352661ED3FD5, cid=3128, SUCCESS, logIndex=4683, commits[edec9b8f-c318-426f-83f9-f44e945268a2:c4684, 02a03aee-1dd1-43c9-94ca-c76e2a537489:c4682, 9fb73170-bb25-48da-afcf-6f1f9e11598f:c4682]
2019-07-10 10:43:02,762 INFO  client.GrpcClientProtocolClient (GrpcClientProtocolClient.java:onNext(255)) - client-AC1CE418446C->edec9b8f-c318-426f-83f9-f44e945268a2: receive RaftClientReply:client-AC1CE418446C->edec9b8f-c318-426f-83f9-f44e945268a2@group-352661ED3FD5, cid=3129, SUCCESS, logIndex=4684, commits[edec9b8f-c318-426f-83f9-f44e945268a2:c4684, 02a03aee-1dd1-43c9-94ca-c76e2a537489:c4682, 9fb73170-bb25-48da-afcf-6f1f9e11598f:c4682]
2019-07-10 10:43:02,788 INFO  client.GrpcClientProtocolClient (GrpcClientProtocolClient.java:onNext(255)) - client-AC1CE418446C->edec9b8f-c318-426f-83f9-f44e945268a2: receive RaftClientReply:client-AC1CE418446C->edec9b8f-c318-426f-83f9-f44e945268a2@group-352661ED3FD5, cid=3130, SUCCESS, logIndex=4687, commits[edec9b8f-c318-426f-83f9-f44e945268a2:c4688, 02a03aee-1dd1-43c9-94ca-c76e2a537489:c4684, 9fb73170-bb25-48da-afcf-6f1f9e11598f:c4684]
2019-07-10 10:43:02,788 INFO  client.GrpcClientProtocolClient (GrpcClientProtocolClient.java:onNext(255)) - client-AC1CE418446C->edec9b8f-c318-426f-83f9-f44e945268a2: receive RaftClientReply:client-AC1CE418446C->edec9b8f-c318-426f-83f9-f44e945268a2@group-352661ED3FD5, cid=3131, SUCCESS, logIndex=4688, commits[edec9b8f-c318-426f-83f9-f44e945268a2:c4688, 02a03aee-1dd1-43c9-94ca-c76e2a537489:c4684, 9fb73170-bb25-48da-afcf-6f1f9e11598f:c4684]
2019-07-10 10:43:02,814 INFO  client.GrpcClientProtocolClient (GrpcClientProtocolClient.java:onNext(255)) - client-AC1CE418446C->edec9b8f-c318-426f-83f9-f44e945268a2: receive RaftClientReply:client-AC1CE418446C->edec9b8f-c318-426f-83f9-f44e945268a2@group-352661ED3FD5, cid=3132, SUCCESS, logIndex=0, commits[edec9b8f-c318-426f-83f9-f44e945268a2:c4690, 02a03aee-1dd1-43c9-94ca-c76e2a537489:c4688, 9fb73170-bb25-48da-afcf-6f1f9e11598f:c4688]
2019-07-10 10:43:02,850 INFO  client.GrpcClientProtocolClient (GrpcClientProtocolClient.java:onNext(255)) - client-AC1CE418446C->edec9b8f-c318-426f-83f9-f44e945268a2: receive RaftClientReply:client-AC1CE418446C->edec9b8f-c318-426f-83f9-f44e945268a2@group-352661ED3FD5, cid=3133, SUCCESS, logIndex=4691, commits[edec9b8f-c318-426f-83f9-f44e945268a2:c4692, 02a03aee-1dd1-43c9-94ca-c76e2a537489:c4690, 9fb73170-bb25-48da-afcf-6f1f9e11598f:c4690]
2019-07-10 10:43:02,851 INFO  client.GrpcClientProtocolClient (GrpcClientProtocolClient.java:onNext(255)) - client-AC1CE418446C->edec9b8f-c318-426f-83f9-f44e945268a2: receive RaftClientReply:client-AC1CE418446C->edec9b8f-c318-426f-83f9-f44e945268a2@group-352661ED3FD5, cid=3134, SUCCESS, logIndex=4692, commits[edec9b8f-c318-426f-83f9-f44e945268a2:c4692, 02a03aee-1dd1-43c9-94ca-c76e2a537489:c4690, 9fb73170-bb25-48da-afcf-6f1f9e11598f:c4690]
2019-07-10 10:43:02,860 INFO  client.GrpcClientProtocolClient (GrpcClientProtocolClient.java:onNext(255)) - client-AC1CE418446C->edec9b8f-c318-426f-83f9-f44e945268a2: receive RaftClientReply:client-AC1CE418446C->edec9b8f-c318-426f-83f9-f44e945268a2@group-352661ED3FD5, cid=3135, SUCCESS, logIndex=4693, commits[edec9b8f-c318-426f-83f9-f44e945268a2:c4694, 02a03aee-1dd1-43c9-94ca-c76e2a537489:c4690, 9fb73170-bb25-48da-afcf-6f1f9e11598f:c4690]
2019-07-10 10:43:02,860 INFO  client.GrpcClientProtocolClient (GrpcClientProtocolClient.java:onNext(255)) - client-AC1CE418446C->edec9b8f-c318-426f-83f9-f44e945268a2: receive RaftClientReply:client-AC1CE418446C->edec9b8f-c318-426f-83f9-f44e945268a2@group-352661ED3FD5, cid=3136, SUCCESS, logIndex=4694, commits[edec9b8f-c318-426f-83f9-f44e945268a2:c4694, 02a03aee-1dd1-43c9-94ca-c76e2a537489:c4690, 9fb73170-bb25-48da-afcf-6f1f9e11598f:c4690]
2019-07-10 10:43:02,862 INFO  client.GrpcClientProtocolClient (GrpcClientProtocolClient.java:onNext(255)) - client-AC1CE418446C->edec9b8f-c318-426f-83f9-f44e945268a2: receive RaftClientReply:client-AC1CE418446C->edec9b8f-c318-426f-83f9-f44e945268a2@group-352661ED3FD5, cid=3137, SUCCESS, logIndex=0, commits[edec9b8f-c318-426f-83f9-f44e945268a2:c4696, 02a03aee-1dd1-43c9-94ca-c76e2a537489:c4692, 9fb73170-bb25-48da-afcf-6f1f9e11598f:c4692]
2019-07-10 10:43:02,894 INFO  client.GrpcClientProtocolClient (GrpcClientProtocolClient.java:onNext(255)) - client-AC1CE418446C->edec9b8f-c318-426f-83f9-f44e945268a2: receive RaftClientReply:client-AC1CE418446C->edec9b8f-c318-426f-83f9-f44e945268a2@group-352661ED3FD5, cid=3138, SUCCESS, logIndex=4699, commits[edec9b8f-c318-426f-83f9-f44e945268a2:c4700, 02a03aee-1dd1-43c9-94ca-c76e2a537489:c4698, 9fb73170-bb25-48da-afcf-6f1f9e11598f:c4698]
2019-07-10 10:43:02,894 INFO  client.GrpcClientProtocolClient (GrpcClientProtocolClient.java:onNext(255)) - client-AC1CE418446C->edec9b8f-c318-426f-83f9-f44e945268a2: receive RaftClientReply:client-AC1CE418446C->edec9b8f-c318-426f-83f9-f44e945268a2@group-352661ED3FD5, cid=3139, SUCCESS, logIndex=4700, commits[edec9b8f-c318-426f-83f9-f44e945268a2:c4700, 02a03aee-1dd1-43c9-94ca-c76e2a537489:c4698, 9fb73170-bb25-48da-afcf-6f1f9e11598f:c4698]
2019-07-10 10:43:02,910 INFO  client.GrpcClientProtocolClient (GrpcClientProtocolClient.java:onNext(255)) - client-AC1CE418446C->edec9b8f-c318-426f-83f9-f44e945268a2: receive RaftClientReply:client-AC1CE418446C->edec9b8f-c318-426f-83f9-f44e945268a2@group-352661ED3FD5, cid=3140, SUCCESS, logIndex=4703, commits[edec9b8f-c318-426f-83f9-f44e945268a2:c4704, 02a03aee-1dd1-43c9-94ca-c76e2a537489:c4700, 9fb73170-bb25-48da-afcf-6f1f9e11598f:c4700]
2019-07-10 10:43:02,911 INFO  client.GrpcClientProtocolClient (GrpcClientProtocolClient.java:onNext(255)) - client-AC1CE418446C->edec9b8f-c318-426f-83f9-f44e945268a2: receive RaftClientReply:client-AC1CE418446C->edec9b8f-c318-426f-83f9-f44e945268a2@group-352661ED3FD5, cid=3141, SUCCESS, logIndex=4704, commits[edec9b8f-c318-426f-83f9-f44e945268a2:c4704, 02a03aee-1dd1-43c9-94ca-c76e2a537489:c4700, 9fb73170-bb25-48da-afcf-6f1f9e11598f:c4700]
2019-07-10 10:43:02,922 INFO  client.GrpcClientProtocolClient (GrpcClientProtocolClient.java:onNext(255)) - client-AC1CE418446C->edec9b8f-c318-426f-83f9-f44e945268a2: receive RaftClientReply:client-AC1CE418446C->edec9b8f-c318-426f-83f9-f44e945268a2@group-352661ED3FD5, cid=3142, SUCCESS, logIndex=0, commits[edec9b8f-c318-426f-83f9-f44e945268a2:c4705, 02a03aee-1dd1-43c9-94ca-c76e2a537489:c4704, 9fb73170-bb25-48da-afcf-6f1f9e11598f:c4704]
2019-07-10 10:43:03,075 INFO  client.GrpcClientProtocolClient (GrpcClientProtocolClient.java:onNext(255)) - client-AC1CE418446C->edec9b8f-c318-426f-83f9-f44e945268a2: receive RaftClientReply:client-AC1CE418446C->edec9b8f-c318-426f-83f9-f44e945268a2@group-352661ED3FD5, cid=3143, SUCCESS, logIndex=4707, commits[edec9b8f-c318-426f-83f9-f44e945268a2:c4708, 02a03aee-1dd1-43c9-94ca-c76e2a537489:c4706, 9fb73170-bb25-48da-afcf-6f1f9e11598f:c4706]
2019-07-10 10:43:03,075 INFO  client.GrpcClientProtocolClient (GrpcClientProtocolClient.java:onNext(255)) - client-AC1CE418446C->edec9b8f-c318-426f-83f9-f44e945268a2: receive RaftClientReply:client-AC1CE418446C->edec9b8f-c318-426f-83f9-f44e945268a2@group-352661ED3FD5, cid=3144, SUCCESS, logIndex=4708, commits[edec9b8f-c318-426f-83f9-f44e945268a2:c4708, 02a03aee-1dd1-43c9-94ca-c76e2a537489:c4706, 9fb73170-bb25-48da-afcf-6f1f9e11598f:c4706]
2019-07-10 10:43:03,076 INFO  client.GrpcClientProtocolClient (GrpcClientProtocolClient.java:onNext(255)) - client-AC1CE418446C->edec9b8f-c318-426f-83f9-f44e945268a2: receive RaftClientReply:client-AC1CE418446C->edec9b8f-c318-426f-83f9-f44e945268a2@group-352661ED3FD5, cid=3145, SUCCESS, logIndex=4709, commits[edec9b8f-c318-426f-83f9-f44e945268a2:c4710, 02a03aee-1dd1-43c9-94ca-c76e2a537489:c4706, 9fb73170-bb25-48da-afcf-6f1f9e11598f:c4706]
2019-07-10 10:43:03,076 INFO  client.GrpcClientProtocolClient (GrpcClientProtocolClient.java:onNext(255)) - client-AC1CE418446C->edec9b8f-c318-426f-83f9-f44e945268a2: receive RaftClientReply:client-AC1CE418446C->edec9b8f-c318-426f-83f9-f44e945268a2@group-352661ED3FD5, cid=3146, SUCCESS, logIndex=4710, commits[edec9b8f-c318-426f-83f9-f44e945268a2:c4710, 02a03aee-1dd1-43c9-94ca-c76e2a537489:c4706, 9fb73170-bb25-48da-afcf-6f1f9e11598f:c4706]
2019-07-10 10:43:03,091 INFO  client.GrpcClientProtocolClient (GrpcClientProtocolClient.java:onNext(255)) - client-AC1CE418446C->edec9b8f-c318-426f-83f9-f44e945268a2: receive RaftClientReply:client-AC1CE418446C->edec9b8f-c318-426f-83f9-f44e945268a2@group-352661ED3FD5, cid=3147, SUCCESS, logIndex=0, commits[edec9b8f-c318-426f-83f9-f44e945268a2:c4712, 02a03aee-1dd1-43c9-94ca-c76e2a537489:c4708, 9fb73170-bb25-48da-afcf-6f1f9e11598f:c4708]
2019-07-10 10:43:03,123 INFO  client.GrpcClientProtocolClient (GrpcClientProtocolClient.java:onNext(255)) - client-AC1CE418446C->edec9b8f-c318-426f-83f9-f44e945268a2: receive RaftClientReply:client-AC1CE418446C->edec9b8f-c318-426f-83f9-f44e945268a2@group-352661ED3FD5, cid=3148, SUCCESS, logIndex=4715, commits[edec9b8f-c318-426f-83f9-f44e945268a2:c4716, 02a03aee-1dd1-43c9-94ca-c76e2a537489:c4714, 9fb73170-bb25-48da-afcf-6f1f9e11598f:c4714]
2019-07-10 10:43:03,123 INFO  client.GrpcClientProtocolClient (GrpcClientProtocolClient.java:onNext(255)) - client-AC1CE418446C->edec9b8f-c318-426f-83f9-f44e945268a2: receive RaftClientReply:client-AC1CE418446C->edec9b8f-c318-426f-83f9-f44e945268a2@group-352661ED3FD5, cid=3149, SUCCESS, logIndex=4716, commits[edec9b8f-c318-426f-83f9-f44e945268a2:c4716, 02a03aee-1dd1-43c9-94ca-c76e2a537489:c4714, 9fb73170-bb25-48da-afcf-6f1f9e11598f:c4714]
2019-07-10 10:43:03,138 INFO  client.GrpcClientProtocolClient (GrpcClientProtocolClient.java:onNext(255)) - client-AC1CE418446C->edec9b8f-c318-426f-83f9-f44e945268a2: receive RaftClientReply:client-AC1CE418446C->edec9b8f-c318-426f-83f9-f44e945268a2@group-352661ED3FD5, cid=3150, SUCCESS, logIndex=4719, commits[edec9b8f-c318-426f-83f9-f44e945268a2:c4720, 02a03aee-1dd1-43c9-94ca-c76e2a537489:c4717, 9fb73170-bb25-48da-afcf-6f1f9e11598f:c4717]
2019-07-10 10:43:03,138 INFO  client.GrpcClientProtocolClient (GrpcClientProtocolClient.java:onNext(255)) - client-AC1CE418446C->edec9b8f-c318-426f-83f9-f44e945268a2: receive RaftClientReply:client-AC1CE418446C->edec9b8f-c318-426f-83f9-f44e945268a2@group-352661ED3FD5, cid=3151, SUCCESS, logIndex=4720, commits[edec9b8f-c318-426f-83f9-f44e945268a2:c4720, 02a03aee-1dd1-43c9-94ca-c76e2a537489:c4717, 9fb73170-bb25-48da-afcf-6f1f9e11598f:c4717]
2019-07-10 10:43:03,142 INFO  client.GrpcClientProtocolClient (GrpcClientProtocolClient.java:onNext(255)) - client-AC1CE418446C->edec9b8f-c318-426f-83f9-f44e945268a2: receive RaftClientReply:client-AC1CE418446C->edec9b8f-c318-426f-83f9-f44e945268a2@group-352661ED3FD5, cid=3152, SUCCESS, logIndex=0, commits[edec9b8f-c318-426f-83f9-f44e945268a2:c4721, 02a03aee-1dd1-43c9-94ca-c76e2a537489:c4720, 9fb73170-bb25-48da-afcf-6f1f9e11598f:c4720]
2019-07-10 10:43:03,180 INFO  client.GrpcClientProtocolClient (GrpcClientProtocolClient.java:onNext(255)) - client-AC1CE418446C->edec9b8f-c318-426f-83f9-f44e945268a2: receive RaftClientReply:client-AC1CE418446C->edec9b8f-c318-426f-83f9-f44e945268a2@group-352661ED3FD5, cid=3153, SUCCESS, logIndex=4723, commits[edec9b8f-c318-426f-83f9-f44e945268a2:c4724, 02a03aee-1dd1-43c9-94ca-c76e2a537489:c4722, 9fb73170-bb25-48da-afcf-6f1f9e11598f:c4722]
2019-07-10 10:43:03,180 INFO  client.GrpcClientProtocolClient (GrpcClientProtocolClient.java:onNext(255)) - client-AC1CE418446C->edec9b8f-c318-426f-83f9-f44e945268a2: receive RaftClientReply:client-AC1CE418446C->edec9b8f-c318-426f-83f9-f44e945268a2@group-352661ED3FD5, cid=3154, SUCCESS, logIndex=4724, commits[edec9b8f-c318-426f-83f9-f44e945268a2:c4726, 02a03aee-1dd1-43c9-94ca-c76e2a537489:c4722, 9fb73170-bb25-48da-afcf-6f1f9e11598f:c4722]
2019-07-10 10:43:03,180 INFO  client.GrpcClientProtocolClient (GrpcClientProtocolClient.java:onNext(255)) - client-AC1CE418446C->edec9b8f-c318-426f-83f9-f44e945268a2: receive RaftClientReply:client-AC1CE418446C->edec9b8f-c318-426f-83f9-f44e945268a2@group-352661ED3FD5, cid=3155, SUCCESS, logIndex=4725, commits[edec9b8f-c318-426f-83f9-f44e945268a2:c4726, 02a03aee-1dd1-43c9-94ca-c76e2a537489:c4722, 9fb73170-bb25-48da-afcf-6f1f9e11598f:c4722]
2019-07-10 10:43:03,181 INFO  client.GrpcClientProtocolClient (GrpcClientProtocolClient.java:onNext(255)) - client-AC1CE418446C->edec9b8f-c318-426f-83f9-f44e945268a2: receive RaftClientReply:client-AC1CE418446C->edec9b8f-c318-426f-83f9-f44e945268a2@group-352661ED3FD5, cid=3156, SUCCESS, logIndex=4726, commits[edec9b8f-c318-426f-83f9-f44e945268a2:c4726, 02a03aee-1dd1-43c9-94ca-c76e2a537489:c4722, 9fb73170-bb25-48da-afcf-6f1f9e11598f:c4722]
2019-07-10 10:43:03,193 INFO  client.GrpcClientProtocolClient (GrpcClientProtocolClient.java:onNext(255)) - client-AC1CE418446C->edec9b8f-c318-426f-83f9-f44e945268a2: receive RaftClientReply:client-AC1CE418446C->edec9b8f-c318-426f-83f9-f44e945268a2@group-352661ED3FD5, cid=3157, SUCCESS, logIndex=0, commits[edec9b8f-c318-426f-83f9-f44e945268a2:c4728, 02a03aee-1dd1-43c9-94ca-c76e2a537489:c4724, 9fb73170-bb25-48da-afcf-6f1f9e11598f:c4724]
2019-07-10 10:43:03,216 INFO  client.GrpcClientProtocolClient (GrpcClientProtocolClient.java:onNext(255)) - client-AC1CE418446C->edec9b8f-c318-426f-83f9-f44e945268a2: receive RaftClientReply:client-AC1CE418446C->edec9b8f-c318-426f-83f9-f44e945268a2@group-352661ED3FD5, cid=3158, SUCCESS, logIndex=4730, commits[edec9b8f-c318-426f-83f9-f44e945268a2:c4731, 02a03aee-1dd1-43c9-94ca-c76e2a537489:c4729, 9fb73170-bb25-48da-afcf-6f1f9e11598f:c4729]
2019-07-10 10:43:03,217 INFO  client.GrpcClientProtocolClient (GrpcClientProtocolClient.java:onNext(255)) - client-AC1CE418446C->edec9b8f-c318-426f-83f9-f44e945268a2: receive RaftClientReply:client-AC1CE418446C->edec9b8f-c318-426f-83f9-f44e945268a2@group-352661ED3FD5, cid=3159, SUCCESS, logIndex=4731, commits[edec9b8f-c318-426f-83f9-f44e945268a2:c4731, 02a03aee-1dd1-43c9-94ca-c76e2a537489:c4729, 9fb73170-bb25-48da-afcf-6f1f9e11598f:c4729]
2019-07-10 10:43:03,232 INFO  client.GrpcClientProtocolClient (GrpcClientProtocolClient.java:onNext(255)) - client-AC1CE418446C->edec9b8f-c318-426f-83f9-f44e945268a2: receive RaftClientReply:client-AC1CE418446C->edec9b8f-c318-426f-83f9-f44e945268a2@group-352661ED3FD5, cid=3160, SUCCESS, logIndex=4734, commits[edec9b8f-c318-426f-83f9-f44e945268a2:c4735, 02a03aee-1dd1-43c9-94ca-c76e2a537489:c4731, 9fb73170-bb25-48da-afcf-6f1f9e11598f:c4730]
2019-07-10 10:43:03,232 INFO  client.GrpcClientProtocolClient (GrpcClientProtocolClient.java:onNext(255)) - client-AC1CE418446C->edec9b8f-c318-426f-83f9-f44e945268a2: receive RaftClientReply:client-AC1CE418446C->edec9b8f-c318-426f-83f9-f44e945268a2@group-352661ED3FD5, cid=3161, SUCCESS, logIndex=4735, commits[edec9b8f-c318-426f-83f9-f44e945268a2:c4735, 02a03aee-1dd1-43c9-94ca-c76e2a537489:c4731, 9fb73170-bb25-48da-afcf-6f1f9e11598f:c4730]
2019-07-10 10:43:03,242 INFO  client.GrpcClientProtocolClient (GrpcClientProtocolClient.java:onNext(255)) - client-AC1CE418446C->edec9b8f-c318-426f-83f9-f44e945268a2: receive RaftClientReply:client-AC1CE418446C->edec9b8f-c318-426f-83f9-f44e945268a2@group-352661ED3FD5, cid=3162, SUCCESS, logIndex=0, commits[edec9b8f-c318-426f-83f9-f44e945268a2:c4735, 02a03aee-1dd1-43c9-94ca-c76e2a537489:c4731, 9fb73170-bb25-48da-afcf-6f1f9e11598f:c4731]
2019-07-10 10:43:03,256 INFO  client.GrpcClientProtocolClient (GrpcClientProtocolClient.java:onNext(255)) - client-AC1CE418446C->edec9b8f-c318-426f-83f9-f44e945268a2: receive RaftClientReply:client-AC1CE418446C->edec9b8f-c318-426f-83f9-f44e945268a2@group-352661ED3FD5, cid=3163, SUCCESS, logIndex=0, commits[edec9b8f-c318-426f-83f9-f44e945268a2:c4737, 02a03aee-1dd1-43c9-94ca-c76e2a537489:c4735, 9fb73170-bb25-48da-afcf-6f1f9e11598f:c4735]
2019-07-10 10:43:03,289 INFO  client.GrpcClientProtocolClient (GrpcClientProtocolClient.java:onNext(255)) - client-AC1CE418446C->edec9b8f-c318-426f-83f9-f44e945268a2: receive RaftClientReply:client-AC1CE418446C->edec9b8f-c318-426f-83f9-f44e945268a2@group-352661ED3FD5, cid=3164, SUCCESS, logIndex=4738, commits[edec9b8f-c318-426f-83f9-f44e945268a2:c4739, 02a03aee-1dd1-43c9-94ca-c76e2a537489:c4737, 9fb73170-bb25-48da-afcf-6f1f9e11598f:c4737]
2019-07-10 10:43:03,290 INFO  client.GrpcClientProtocolClient (GrpcClientProtocolClient.java:onNext(255)) - client-AC1CE418446C->edec9b8f-c318-426f-83f9-f44e945268a2: receive RaftClientReply:client-AC1CE418446C->edec9b8f-c318-426f-83f9-f44e945268a2@group-352661ED3FD5, cid=3165, SUCCESS, logIndex=4739, commits[edec9b8f-c318-426f-83f9-f44e945268a2:c4739, 02a03aee-1dd1-43c9-94ca-c76e2a537489:c4737, 9fb73170-bb25-48da-afcf-6f1f9e11598f:c4737]
2019-07-10 10:43:03,291 INFO  client.GrpcClientProtocolClient (GrpcClientProtocolClient.java:onNext(255)) - client-AC1CE418446C->edec9b8f-c318-426f-83f9-f44e945268a2: receive RaftClientReply:client-AC1CE418446C->edec9b8f-c318-426f-83f9-f44e945268a2@group-352661ED3FD5, cid=3166, SUCCESS, logIndex=4740, commits[edec9b8f-c318-426f-83f9-f44e945268a2:c4741, 02a03aee-1dd1-43c9-94ca-c76e2a537489:c4737, 9fb73170-bb25-48da-afcf-6f1f9e11598f:c4737]
2019-07-10 10:43:03,292 INFO  client.GrpcClientProtocolClient (GrpcClientProtocolClient.java:onNext(255)) - client-AC1CE418446C->edec9b8f-c318-426f-83f9-f44e945268a2: receive RaftClientReply:client-AC1CE418446C->edec9b8f-c318-426f-83f9-f44e945268a2@group-352661ED3FD5, cid=3167, SUCCESS, logIndex=4741, commits[edec9b8f-c318-426f-83f9-f44e945268a2:c4741, 02a03aee-1dd1-43c9-94ca-c76e2a537489:c4737, 9fb73170-bb25-48da-afcf-6f1f9e11598f:c4737]
2019-07-10 10:43:03,303 INFO  client.GrpcClientProtocolClient (GrpcClientProtocolClient.java:onNext(255)) - client-AC1CE418446C->edec9b8f-c318-426f-83f9-f44e945268a2: receive RaftClientReply:client-AC1CE418446C->edec9b8f-c318-426f-83f9-f44e945268a2@group-352661ED3FD5, cid=3168, SUCCESS, logIndex=0, commits[edec9b8f-c318-426f-83f9-f44e945268a2:c4742, 02a03aee-1dd1-43c9-94ca-c76e2a537489:c4739, 9fb73170-bb25-48da-afcf-6f1f9e11598f:c4739]
2019-07-10 10:43:03,324 INFO  client.GrpcClientProtocolClient (GrpcClientProtocolClient.java:onNext(255)) - client-AC1CE418446C->edec9b8f-c318-426f-83f9-f44e945268a2: receive RaftClientReply:client-AC1CE418446C->edec9b8f-c318-426f-83f9-f44e945268a2@group-352661ED3FD5, cid=3169, SUCCESS, logIndex=4746, commits[edec9b8f-c318-426f-83f9-f44e945268a2:c4747, 02a03aee-1dd1-43c9-94ca-c76e2a537489:c4745, 9fb73170-bb25-48da-afcf-6f1f9e11598f:c4745]
2019-07-10 10:43:03,325 INFO  client.GrpcClientProtocolClient (GrpcClientProtocolClient.java:onNext(255)) - client-AC1CE418446C->edec9b8f-c318-426f-83f9-f44e945268a2: receive RaftClientReply:client-AC1CE418446C->edec9b8f-c318-426f-83f9-f44e945268a2@group-352661ED3FD5, cid=3170, SUCCESS, logIndex=4747, commits[edec9b8f-c318-426f-83f9-f44e945268a2:c4747, 02a03aee-1dd1-43c9-94ca-c76e2a537489:c4745, 9fb73170-bb25-48da-afcf-6f1f9e11598f:c4745]
2019-07-10 10:43:03,351 INFO  client.GrpcClientProtocolClient (GrpcClientProtocolClient.java:onNext(255)) - client-AC1CE418446C->edec9b8f-c318-426f-83f9-f44e945268a2: receive RaftClientReply:client-AC1CE418446C->edec9b8f-c318-426f-83f9-f44e945268a2@group-352661ED3FD5, cid=3171, SUCCESS, logIndex=4750, commits[edec9b8f-c318-426f-83f9-f44e945268a2:c4750, 02a03aee-1dd1-43c9-94ca-c76e2a537489:c4747, 9fb73170-bb25-48da-afcf-6f1f9e11598f:c4747]
2019-07-10 10:43:03,352 INFO  client.GrpcClientProtocolClient (GrpcClientProtocolClient.java:onNext(255)) - client-AC1CE418446C->edec9b8f-c318-426f-83f9-f44e945268a2: receive RaftClientReply:client-AC1CE418446C->edec9b8f-c318-426f-83f9-f44e945268a2@group-352661ED3FD5, cid=3172, SUCCESS, logIndex=4751, commits[edec9b8f-c318-426f-83f9-f44e945268a2:c4751, 02a03aee-1dd1-43c9-94ca-c76e2a537489:c4747, 9fb73170-bb25-48da-afcf-6f1f9e11598f:c4747]
2019-07-10 10:43:03,356 INFO  client.GrpcClientProtocolClient (GrpcClientProtocolClient.java:onNext(255)) - client-AC1CE418446C->edec9b8f-c318-426f-83f9-f44e945268a2: receive RaftClientReply:client-AC1CE418446C->edec9b8f-c318-426f-83f9-f44e945268a2@group-352661ED3FD5, cid=3173, SUCCESS, logIndex=0, commits[edec9b8f-c318-426f-83f9-f44e945268a2:c4753, 02a03aee-1dd1-43c9-94ca-c76e2a537489:c4751, 9fb73170-bb25-48da-afcf-6f1f9e11598f:c4751]
2019-07-10 10:43:03,381 INFO  client.GrpcClientProtocolClient (GrpcClientProtocolClient.java:onNext(255)) - client-AC1CE418446C->edec9b8f-c318-426f-83f9-f44e945268a2: receive RaftClientReply:client-AC1CE418446C->edec9b8f-c318-426f-83f9-f44e945268a2@group-352661ED3FD5, cid=3174, SUCCESS, logIndex=4754, commits[edec9b8f-c318-426f-83f9-f44e945268a2:c4755, 02a03aee-1dd1-43c9-94ca-c76e2a537489:c4751, 9fb73170-bb25-48da-afcf-6f1f9e11598f:c4753]
2019-07-10 10:43:03,382 INFO  client.GrpcClientProtocolClient (GrpcClientProtocolClient.java:onNext(255)) - client-AC1CE418446C->edec9b8f-c318-426f-83f9-f44e945268a2: receive RaftClientReply:client-AC1CE418446C->edec9b8f-c318-426f-83f9-f44e945268a2@group-352661ED3FD5, cid=3175, SUCCESS, logIndex=4755, commits[edec9b8f-c318-426f-83f9-f44e945268a2:c4755, 02a03aee-1dd1-43c9-94ca-c76e2a537489:c4751, 9fb73170-bb25-48da-afcf-6f1f9e11598f:c4753]
2019-07-10 10:43:03,412 INFO  client.GrpcClientProtocolClient (GrpcClientProtocolClient.java:onNext(255)) - client-AC1CE418446C->edec9b8f-c318-426f-83f9-f44e945268a2: receive RaftClientReply:client-AC1CE418446C->edec9b8f-c318-426f-83f9-f44e945268a2@group-352661ED3FD5, cid=3176, SUCCESS, logIndex=4756, commits[edec9b8f-c318-426f-83f9-f44e945268a2:c4757, 02a03aee-1dd1-43c9-94ca-c76e2a537489:c4753, 9fb73170-bb25-48da-afcf-6f1f9e11598f:c4753]
2019-07-10 10:43:03,412 INFO  client.GrpcClientProtocolClient (GrpcClientProtocolClient.java:onNext(255)) - client-AC1CE418446C->edec9b8f-c318-426f-83f9-f44e945268a2: receive RaftClientReply:client-AC1CE418446C->edec9b8f-c318-426f-83f9-f44e945268a2@group-352661ED3FD5, cid=3177, SUCCESS, logIndex=4757, commits[edec9b8f-c318-426f-83f9-f44e945268a2:c4757, 02a03aee-1dd1-43c9-94ca-c76e2a537489:c4753, 9fb73170-bb25-48da-afcf-6f1f9e11598f:c4753]
2019-07-10 10:43:03,415 INFO  client.GrpcClientProtocolClient (GrpcClientProtocolClient.java:onNext(255)) - client-AC1CE418446C->edec9b8f-c318-426f-83f9-f44e945268a2: receive RaftClientReply:client-AC1CE418446C->edec9b8f-c318-426f-83f9-f44e945268a2@group-352661ED3FD5, cid=3178, SUCCESS, logIndex=0, commits[edec9b8f-c318-426f-83f9-f44e945268a2:c4759, 02a03aee-1dd1-43c9-94ca-c76e2a537489:c4755, 9fb73170-bb25-48da-afcf-6f1f9e11598f:c4755]
 0.00% |█                                                                                                    |  0/1 Time: 0:00:292019-07-10 10:43:03,441 INFO  client.GrpcClientProtocolClient (GrpcClientProtocolClient.java:onNext(255)) - client-AC1CE418446C->edec9b8f-c318-426f-83f9-f44e945268a2: receive RaftClientReply:client-AC1CE418446C->edec9b8f-c318-426f-83f9-f44e945268a2@group-352661ED3FD5, cid=3179, SUCCESS, logIndex=4762, commits[edec9b8f-c318-426f-83f9-f44e945268a2:c4763, 02a03aee-1dd1-43c9-94ca-c76e2a537489:c4759, 9fb73170-bb25-48da-afcf-6f1f9e11598f:c4759]
2019-07-10 10:43:03,442 INFO  client.GrpcClientProtocolClient (GrpcClientProtocolClient.java:onNext(255)) - client-AC1CE418446C->edec9b8f-c318-426f-83f9-f44e945268a2: receive RaftClientReply:client-AC1CE418446C->edec9b8f-c318-426f-83f9-f44e945268a2@group-352661ED3FD5, cid=3180, SUCCESS, logIndex=4763, commits[edec9b8f-c318-426f-83f9-f44e945268a2:c4763, 02a03aee-1dd1-43c9-94ca-c76e2a537489:c4759, 9fb73170-bb25-48da-afcf-6f1f9e11598f:c4759]
2019-07-10 10:43:03,467 INFO  client.GrpcClientProtocolClient (GrpcClientProtocolClient.java:onNext(255)) - client-AC1CE418446C->edec9b8f-c318-426f-83f9-f44e945268a2: receive RaftClientReply:client-AC1CE418446C->edec9b8f-c318-426f-83f9-f44e945268a2@group-352661ED3FD5, cid=3181, SUCCESS, logIndex=4765, commits[edec9b8f-c318-426f-83f9-f44e945268a2:c4766, 02a03aee-1dd1-43c9-94ca-c76e2a537489:c4763, 9fb73170-bb25-48da-afcf-6f1f9e11598f:c4763]
2019-07-10 10:43:03,468 INFO  client.GrpcClientProtocolClient (GrpcClientProtocolClient.java:onNext(255)) - client-AC1CE418446C->edec9b8f-c318-426f-83f9-f44e945268a2: receive RaftClientReply:client-AC1CE418446C->edec9b8f-c318-426f-83f9-f44e945268a2@group-352661ED3FD5, cid=3182, SUCCESS, logIndex=4766, commits[edec9b8f-c318-426f-83f9-f44e945268a2:c4766, 02a03aee-1dd1-43c9-94ca-c76e2a537489:c4763, 9fb73170-bb25-48da-afcf-6f1f9e11598f:c4763]
2019-07-10 10:43:03,480 INFO  client.GrpcClientProtocolClient (GrpcClientProtocolClient.java:onNext(255)) - client-AC1CE418446C->edec9b8f-c318-426f-83f9-f44e945268a2: receive RaftClientReply:client-AC1CE418446C->edec9b8f-c318-426f-83f9-f44e945268a2@group-352661ED3FD5, cid=3183, SUCCESS, logIndex=0, commits[edec9b8f-c318-426f-83f9-f44e945268a2:c4767, 02a03aee-1dd1-43c9-94ca-c76e2a537489:c4766, 9fb73170-bb25-48da-afcf-6f1f9e11598f:c4766]
2019-07-10 10:43:03,520 INFO  client.GrpcClientProtocolClient (GrpcClientProtocolClient.java:onNext(255)) - client-AC1CE418446C->edec9b8f-c318-426f-83f9-f44e945268a2: receive RaftClientReply:client-AC1CE418446C->edec9b8f-c318-426f-83f9-f44e945268a2@group-352661ED3FD5, cid=3184, SUCCESS, logIndex=4769, commits[edec9b8f-c318-426f-83f9-f44e945268a2:c4770, 02a03aee-1dd1-43c9-94ca-c76e2a537489:c4768, 9fb73170-bb25-48da-afcf-6f1f9e11598f:c4768]
2019-07-10 10:43:03,521 INFO  client.GrpcClientProtocolClient (GrpcClientProtocolClient.java:onNext(255)) - client-AC1CE418446C->edec9b8f-c318-426f-83f9-f44e945268a2: receive RaftClientReply:client-AC1CE418446C->edec9b8f-c318-426f-83f9-f44e945268a2@group-352661ED3FD5, cid=3185, SUCCESS, logIndex=4770, commits[edec9b8f-c318-426f-83f9-f44e945268a2:c4772, 02a03aee-1dd1-43c9-94ca-c76e2a537489:c4768, 9fb73170-bb25-48da-afcf-6f1f9e11598f:c4768]
2019-07-10 10:43:03,521 INFO  client.GrpcClientProtocolClient (GrpcClientProtocolClient.java:onNext(255)) - client-AC1CE418446C->edec9b8f-c318-426f-83f9-f44e945268a2: receive RaftClientReply:client-AC1CE418446C->edec9b8f-c318-426f-83f9-f44e945268a2@group-352661ED3FD5, cid=3186, SUCCESS, logIndex=4771, commits[edec9b8f-c318-426f-83f9-f44e945268a2:c4772, 02a03aee-1dd1-43c9-94ca-c76e2a537489:c4768, 9fb73170-bb25-48da-afcf-6f1f9e11598f:c4768]
2019-07-10 10:43:03,522 INFO  client.GrpcClientProtocolClient (GrpcClientProtocolClient.java:onNext(255)) - client-AC1CE418446C->edec9b8f-c318-426f-83f9-f44e945268a2: receive RaftClientReply:client-AC1CE418446C->edec9b8f-c318-426f-83f9-f44e945268a2@group-352661ED3FD5, cid=3187, SUCCESS, logIndex=4772, commits[edec9b8f-c318-426f-83f9-f44e945268a2:c4772, 02a03aee-1dd1-43c9-94ca-c76e2a537489:c4768, 9fb73170-bb25-48da-afcf-6f1f9e11598f:c4768]
2019-07-10 10:43:03,534 INFO  client.GrpcClientProtocolClient (GrpcClientProtocolClient.java:onNext(255)) - client-AC1CE418446C->edec9b8f-c318-426f-83f9-f44e945268a2: receive RaftClientReply:client-AC1CE418446C->edec9b8f-c318-426f-83f9-f44e945268a2@group-352661ED3FD5, cid=3188, SUCCESS, logIndex=0, commits[edec9b8f-c318-426f-83f9-f44e945268a2:c4774, 02a03aee-1dd1-43c9-94ca-c76e2a537489:c4770, 9fb73170-bb25-48da-afcf-6f1f9e11598f:c4770]
2019-07-10 10:43:03,554 INFO  client.GrpcClientProtocolClient (GrpcClientProtocolClient.java:onNext(255)) - client-AC1CE418446C->edec9b8f-c318-426f-83f9-f44e945268a2: receive RaftClientReply:client-AC1CE418446C->edec9b8f-c318-426f-83f9-f44e945268a2@group-352661ED3FD5, cid=3189, SUCCESS, logIndex=4776, commits[edec9b8f-c318-426f-83f9-f44e945268a2:c4777, 02a03aee-1dd1-43c9-94ca-c76e2a537489:c4775, 9fb73170-bb25-48da-afcf-6f1f9e11598f:c4775]
2019-07-10 10:43:03,554 INFO  client.GrpcClientProtocolClient (GrpcClientProtocolClient.java:onNext(255)) - client-AC1CE418446C->edec9b8f-c318-426f-83f9-f44e945268a2: receive RaftClientReply:client-AC1CE418446C->edec9b8f-c318-426f-83f9-f44e945268a2@group-352661ED3FD5, cid=3190, SUCCESS, logIndex=4777, commits[edec9b8f-c318-426f-83f9-f44e945268a2:c4777, 02a03aee-1dd1-43c9-94ca-c76e2a537489:c4775, 9fb73170-bb25-48da-afcf-6f1f9e11598f:c4775]
2019-07-10 10:43:03,567 INFO  client.GrpcClientProtocolClient (GrpcClientProtocolClient.java:onNext(255)) - client-AC1CE418446C->edec9b8f-c318-426f-83f9-f44e945268a2: receive RaftClientReply:client-AC1CE418446C->edec9b8f-c318-426f-83f9-f44e945268a2@group-352661ED3FD5, cid=3191, SUCCESS, logIndex=4780, commits[edec9b8f-c318-426f-83f9-f44e945268a2:c4781, 02a03aee-1dd1-43c9-94ca-c76e2a537489:c4778, 9fb73170-bb25-48da-afcf-6f1f9e11598f:c4778]
2019-07-10 10:43:03,567 INFO  client.GrpcClientProtocolClient (GrpcClientProtocolClient.java:onNext(255)) - client-AC1CE418446C->edec9b8f-c318-426f-83f9-f44e945268a2: receive RaftClientReply:client-AC1CE418446C->edec9b8f-c318-426f-83f9-f44e945268a2@group-352661ED3FD5, cid=3192, SUCCESS, logIndex=4781, commits[edec9b8f-c318-426f-83f9-f44e945268a2:c4781, 02a03aee-1dd1-43c9-94ca-c76e2a537489:c4778, 9fb73170-bb25-48da-afcf-6f1f9e11598f:c4778]
2019-07-10 10:43:03,569 INFO  client.GrpcClientProtocolClient (GrpcClientProtocolClient.java:onNext(255)) - client-AC1CE418446C->edec9b8f-c318-426f-83f9-f44e945268a2: receive RaftClientReply:client-AC1CE418446C->edec9b8f-c318-426f-83f9-f44e945268a2@group-352661ED3FD5, cid=3193, SUCCESS, logIndex=0, commits[edec9b8f-c318-426f-83f9-f44e945268a2:c4782, 02a03aee-1dd1-43c9-94ca-c76e2a537489:c4781, 9fb73170-bb25-48da-afcf-6f1f9e11598f:c4781]
2019-07-10 10:43:03,590 INFO  client.GrpcClientProtocolClient (GrpcClientProtocolClient.java:onNext(255)) - client-AC1CE418446C->edec9b8f-c318-426f-83f9-f44e945268a2: receive RaftClientReply:client-AC1CE418446C->edec9b8f-c318-426f-83f9-f44e945268a2@group-352661ED3FD5, cid=3194, SUCCESS, logIndex=4784, commits[edec9b8f-c318-426f-83f9-f44e945268a2:c4785, 02a03aee-1dd1-43c9-94ca-c76e2a537489:c4781, 9fb73170-bb25-48da-afcf-6f1f9e11598f:c4783]
2019-07-10 10:43:03,591 INFO  client.GrpcClientProtocolClient (GrpcClientProtocolClient.java:onNext(255)) - client-AC1CE418446C->edec9b8f-c318-426f-83f9-f44e945268a2: receive RaftClientReply:client-AC1CE418446C->edec9b8f-c318-426f-83f9-f44e945268a2@group-352661ED3FD5, cid=3195, SUCCESS, logIndex=4785, commits[edec9b8f-c318-426f-83f9-f44e945268a2:c4785, 02a03aee-1dd1-43c9-94ca-c76e2a537489:c4781, 9fb73170-bb25-48da-afcf-6f1f9e11598f:c4783]
2019-07-10 10:43:03,591 INFO  client.GrpcClientProtocolClient (GrpcClientProtocolClient.java:onNext(255)) - client-AC1CE418446C->edec9b8f-c318-426f-83f9-f44e945268a2: receive RaftClientReply:client-AC1CE418446C->edec9b8f-c318-426f-83f9-f44e945268a2@group-352661ED3FD5, cid=3196, SUCCESS, logIndex=4786, commits[edec9b8f-c318-426f-83f9-f44e945268a2:c4787, 02a03aee-1dd1-43c9-94ca-c76e2a537489:c4781, 9fb73170-bb25-48da-afcf-6f1f9e11598f:c4783]
2019-07-10 10:43:03,592 INFO  client.GrpcClientProtocolClient (GrpcClientProtocolClient.java:onNext(255)) - client-AC1CE418446C->edec9b8f-c318-426f-83f9-f44e945268a2: receive RaftClientReply:client-AC1CE418446C->edec9b8f-c318-426f-83f9-f44e945268a2@group-352661ED3FD5, cid=3197, SUCCESS, logIndex=4787, commits[edec9b8f-c318-426f-83f9-f44e945268a2:c4787, 02a03aee-1dd1-43c9-94ca-c76e2a537489:c4783, 9fb73170-bb25-48da-afcf-6f1f9e11598f:c4783]
2019-07-10 10:43:03,595 INFO  client.GrpcClientProtocolClient (GrpcClientProtocolClient.java:onNext(255)) - client-AC1CE418446C->edec9b8f-c318-426f-83f9-f44e945268a2: receive RaftClientReply:client-AC1CE418446C->edec9b8f-c318-426f-83f9-f44e945268a2@group-352661ED3FD5, cid=3198, SUCCESS, logIndex=0, commits[edec9b8f-c318-426f-83f9-f44e945268a2:c4789, 02a03aee-1dd1-43c9-94ca-c76e2a537489:c4785, 9fb73170-bb25-48da-afcf-6f1f9e11598f:c4785]
2019-07-10 10:43:03,606 INFO  client.GrpcClientProtocolClient (GrpcClientProtocolClient.java:onNext(255)) - client-AC1CE418446C->edec9b8f-c318-426f-83f9-f44e945268a2: receive RaftClientReply:client-AC1CE418446C->edec9b8f-c318-426f-83f9-f44e945268a2@group-352661ED3FD5, cid=3199, SUCCESS, logIndex=4792, commits[edec9b8f-c318-426f-83f9-f44e945268a2:c4793, 02a03aee-1dd1-43c9-94ca-c76e2a537489:c4787, 9fb73170-bb25-48da-afcf-6f1f9e11598f:c4791]
2019-07-10 10:43:03,606 INFO  client.GrpcClientProtocolClient (GrpcClientProtocolClient.java:onNext(255)) - client-AC1CE418446C->edec9b8f-c318-426f-83f9-f44e945268a2: receive RaftClientReply:client-AC1CE418446C->edec9b8f-c318-426f-83f9-f44e945268a2@group-352661ED3FD5, cid=3200, SUCCESS, logIndex=4793, commits[edec9b8f-c318-426f-83f9-f44e945268a2:c4793, 02a03aee-1dd1-43c9-94ca-c76e2a537489:c4787, 9fb73170-bb25-48da-afcf-6f1f9e11598f:c4791]
2019-07-10 10:43:03,636 INFO  client.GrpcClientProtocolClient (GrpcClientProtocolClient.java:onNext(255)) - client-AC1CE418446C->edec9b8f-c318-426f-83f9-f44e945268a2: receive RaftClientReply:client-AC1CE418446C->edec9b8f-c318-426f-83f9-f44e945268a2@group-352661ED3FD5, cid=3201, SUCCESS, logIndex=4796, commits[edec9b8f-c318-426f-83f9-f44e945268a2:c4797, 02a03aee-1dd1-43c9-94ca-c76e2a537489:c4794, 9fb73170-bb25-48da-afcf-6f1f9e11598f:c4794]
2019-07-10 10:43:03,637 INFO  client.GrpcClientProtocolClient (GrpcClientProtocolClient.java:onNext(255)) - client-AC1CE418446C->edec9b8f-c318-426f-83f9-f44e945268a2: receive RaftClientReply:client-AC1CE418446C->edec9b8f-c318-426f-83f9-f44e945268a2@group-352661ED3FD5, cid=3202, SUCCESS, logIndex=4797, commits[edec9b8f-c318-426f-83f9-f44e945268a2:c4797, 02a03aee-1dd1-43c9-94ca-c76e2a537489:c4794, 9fb73170-bb25-48da-afcf-6f1f9e11598f:c4794]
2019-07-10 10:43:03,663 INFO  client.GrpcClientProtocolClient (GrpcClientProtocolClient.java:onNext(255)) - client-AC1CE418446C->edec9b8f-c318-426f-83f9-f44e945268a2: receive RaftClientReply:client-AC1CE418446C->edec9b8f-c318-426f-83f9-f44e945268a2@group-352661ED3FD5, cid=3203, SUCCESS, logIndex=0, commits[edec9b8f-c318-426f-83f9-f44e945268a2:c4799, 02a03aee-1dd1-43c9-94ca-c76e2a537489:c4797, 9fb73170-bb25-48da-afcf-6f1f9e11598f:c4797]
2019-07-10 10:43:03,697 INFO  client.GrpcClientProtocolClient (GrpcClientProtocolClient.java:onNext(255)) - client-AC1CE418446C->edec9b8f-c318-426f-83f9-f44e945268a2: receive RaftClientReply:client-AC1CE418446C->edec9b8f-c318-426f-83f9-f44e945268a2@group-352661ED3FD5, cid=3204, SUCCESS, logIndex=4800, commits[edec9b8f-c318-426f-83f9-f44e945268a2:c4801, 02a03aee-1dd1-43c9-94ca-c76e2a537489:c4799, 9fb73170-bb25-48da-afcf-6f1f9e11598f:c4799]
2019-07-10 10:43:03,698 INFO  client.GrpcClientProtocolClient (GrpcClientProtocolClient.java:onNext(255)) - client-AC1CE418446C->edec9b8f-c318-426f-83f9-f44e945268a2: receive RaftClientReply:client-AC1CE418446C->edec9b8f-c318-426f-83f9-f44e945268a2@group-352661ED3FD5, cid=3205, SUCCESS, logIndex=4801, commits[edec9b8f-c318-426f-83f9-f44e945268a2:c4802, 02a03aee-1dd1-43c9-94ca-c76e2a537489:c4799, 9fb73170-bb25-48da-afcf-6f1f9e11598f:c4799]
2019-07-10 10:43:03,698 INFO  client.GrpcClientProtocolClient (GrpcClientProtocolClient.java:onNext(255)) - client-AC1CE418446C->edec9b8f-c318-426f-83f9-f44e945268a2: receive RaftClientReply:client-AC1CE418446C->edec9b8f-c318-426f-83f9-f44e945268a2@group-352661ED3FD5, cid=3206, SUCCESS, logIndex=4802, commits[edec9b8f-c318-426f-83f9-f44e945268a2:c4803, 02a03aee-1dd1-43c9-94ca-c76e2a537489:c4799, 9fb73170-bb25-48da-afcf-6f1f9e11598f:c4799]
2019-07-10 10:43:03,698 INFO  client.GrpcClientProtocolClient (GrpcClientProtocolClient.java:onNext(255)) - client-AC1CE418446C->edec9b8f-c318-426f-83f9-f44e945268a2: receive RaftClientReply:client-AC1CE418446C->edec9b8f-c318-426f-83f9-f44e945268a2@group-352661ED3FD5, cid=3207, SUCCESS, logIndex=4803, commits[edec9b8f-c318-426f-83f9-f44e945268a2:c4803, 02a03aee-1dd1-43c9-94ca-c76e2a537489:c4799, 9fb73170-bb25-48da-afcf-6f1f9e11598f:c4799]
2019-07-10 10:43:03,711 INFO  client.GrpcClientProtocolClient (GrpcClientProtocolClient.java:onNext(255)) - client-AC1CE418446C->edec9b8f-c318-426f-83f9-f44e945268a2: receive RaftClientReply:client-AC1CE418446C->edec9b8f-c318-426f-83f9-f44e945268a2@group-352661ED3FD5, cid=3208, SUCCESS, logIndex=0, commits[edec9b8f-c318-426f-83f9-f44e945268a2:c4806, 02a03aee-1dd1-43c9-94ca-c76e2a537489:c4802, 9fb73170-bb25-48da-afcf-6f1f9e11598f:c4801]
2019-07-10 10:43:03,733 INFO  client.GrpcClientProtocolClient (GrpcClientProtocolClient.java:onNext(255)) - client-AC1CE418446C->edec9b8f-c318-426f-83f9-f44e945268a2: receive RaftClientReply:client-AC1CE418446C->edec9b8f-c318-426f-83f9-f44e945268a2@group-352661ED3FD5, cid=3209, SUCCESS, logIndex=4808, commits[edec9b8f-c318-426f-83f9-f44e945268a2:c4808, 02a03aee-1dd1-43c9-94ca-c76e2a537489:c4807, 9fb73170-bb25-48da-afcf-6f1f9e11598f:c4807]
2019-07-10 10:43:03,733 INFO  client.GrpcClientProtocolClient (GrpcClientProtocolClient.java:onNext(255)) - client-AC1CE418446C->edec9b8f-c318-426f-83f9-f44e945268a2: receive RaftClientReply:client-AC1CE418446C->edec9b8f-c318-426f-83f9-f44e945268a2@group-352661ED3FD5, cid=3210, SUCCESS, logIndex=4809, commits[edec9b8f-c318-426f-83f9-f44e945268a2:c4809, 02a03aee-1dd1-43c9-94ca-c76e2a537489:c4807, 9fb73170-bb25-48da-afcf-6f1f9e11598f:c4807]
2019-07-10 10:43:03,760 INFO  client.GrpcClientProtocolClient (GrpcClientProtocolClient.java:onNext(255)) - client-AC1CE418446C->edec9b8f-c318-426f-83f9-f44e945268a2: receive RaftClientReply:client-AC1CE418446C->edec9b8f-c318-426f-83f9-f44e945268a2@group-352661ED3FD5, cid=3211, SUCCESS, logIndex=4812, commits[edec9b8f-c318-426f-83f9-f44e945268a2:c4813, 02a03aee-1dd1-43c9-94ca-c76e2a537489:c4809, 9fb73170-bb25-48da-afcf-6f1f9e11598f:c4809]
2019-07-10 10:43:03,761 INFO  client.GrpcClientProtocolClient (GrpcClientProtocolClient.java:onNext(255)) - client-AC1CE418446C->edec9b8f-c318-426f-83f9-f44e945268a2: receive RaftClientReply:client-AC1CE418446C->edec9b8f-c318-426f-83f9-f44e945268a2@group-352661ED3FD5, cid=3212, SUCCESS, logIndex=4813, commits[edec9b8f-c318-426f-83f9-f44e945268a2:c4813, 02a03aee-1dd1-43c9-94ca-c76e2a537489:c4809, 9fb73170-bb25-48da-afcf-6f1f9e11598f:c4809]
2019-07-10 10:43:03,775 INFO  client.GrpcClientProtocolClient (GrpcClientProtocolClient.java:onNext(255)) - client-AC1CE418446C->edec9b8f-c318-426f-83f9-f44e945268a2: receive RaftClientReply:client-AC1CE418446C->edec9b8f-c318-426f-83f9-f44e945268a2@group-352661ED3FD5, cid=3213, SUCCESS, logIndex=0, commits[edec9b8f-c318-426f-83f9-f44e945268a2:c4815, 02a03aee-1dd1-43c9-94ca-c76e2a537489:c4813, 9fb73170-bb25-48da-afcf-6f1f9e11598f:c4813]
2019-07-10 10:43:03,811 INFO  client.GrpcClientProtocolClient (GrpcClientProtocolClient.java:onNext(255)) - client-AC1CE418446C->edec9b8f-c318-426f-83f9-f44e945268a2: receive RaftClientReply:client-AC1CE418446C->edec9b8f-c318-426f-83f9-f44e945268a2@group-352661ED3FD5, cid=3214, SUCCESS, logIndex=4816, commits[edec9b8f-c318-426f-83f9-f44e945268a2:c4817, 02a03aee-1dd1-43c9-94ca-c76e2a537489:c4815, 9fb73170-bb25-48da-afcf-6f1f9e11598f:c4815]
2019-07-10 10:43:03,812 INFO  client.GrpcClientProtocolClient (GrpcClientProtocolClient.java:onNext(255)) - client-AC1CE418446C->edec9b8f-c318-426f-83f9-f44e945268a2: receive RaftClientReply:client-AC1CE418446C->edec9b8f-c318-426f-83f9-f44e945268a2@group-352661ED3FD5, cid=3215, SUCCESS, logIndex=4817, commits[edec9b8f-c318-426f-83f9-f44e945268a2:c4817, 02a03aee-1dd1-43c9-94ca-c76e2a537489:c4815, 9fb73170-bb25-48da-afcf-6f1f9e11598f:c4815]
2019-07-10 10:43:03,821 INFO  client.GrpcClientProtocolClient (GrpcClientProtocolClient.java:onNext(255)) - client-AC1CE418446C->edec9b8f-c318-426f-83f9-f44e945268a2: receive RaftClientReply:client-AC1CE418446C->edec9b8f-c318-426f-83f9-f44e945268a2@group-352661ED3FD5, cid=3216, SUCCESS, logIndex=4818, commits[edec9b8f-c318-426f-83f9-f44e945268a2:c4819, 02a03aee-1dd1-43c9-94ca-c76e2a537489:c4815, 9fb73170-bb25-48da-afcf-6f1f9e11598f:c4815]
2019-07-10 10:43:03,822 INFO  client.GrpcClientProtocolClient (GrpcClientProtocolClient.java:onNext(255)) - client-AC1CE418446C->edec9b8f-c318-426f-83f9-f44e945268a2: receive RaftClientReply:client-AC1CE418446C->edec9b8f-c318-426f-83f9-f44e945268a2@group-352661ED3FD5, cid=3217, SUCCESS, logIndex=4819, commits[edec9b8f-c318-426f-83f9-f44e945268a2:c4819, 02a03aee-1dd1-43c9-94ca-c76e2a537489:c4815, 9fb73170-bb25-48da-afcf-6f1f9e11598f:c4815]
2019-07-10 10:43:03,826 INFO  client.GrpcClientProtocolClient (GrpcClientProtocolClient.java:onNext(255)) - client-AC1CE418446C->edec9b8f-c318-426f-83f9-f44e945268a2: receive RaftClientReply:client-AC1CE418446C->edec9b8f-c318-426f-83f9-f44e945268a2@group-352661ED3FD5, cid=3218, SUCCESS, logIndex=0, commits[edec9b8f-c318-426f-83f9-f44e945268a2:c4822, 02a03aee-1dd1-43c9-94ca-c76e2a537489:c4819, 9fb73170-bb25-48da-afcf-6f1f9e11598f:c4817]
2019-07-10 10:43:03,848 INFO  client.GrpcClientProtocolClient (GrpcClientProtocolClient.java:onNext(255)) - client-AC1CE418446C->edec9b8f-c318-426f-83f9-f44e945268a2: receive RaftClientReply:client-AC1CE418446C->edec9b8f-c318-426f-83f9-f44e945268a2@group-352661ED3FD5, cid=3219, SUCCESS, logIndex=4823, commits[edec9b8f-c318-426f-83f9-f44e945268a2:c4824, 02a03aee-1dd1-43c9-94ca-c76e2a537489:c4822, 9fb73170-bb25-48da-afcf-6f1f9e11598f:c4822]
2019-07-10 10:43:03,848 INFO  client.GrpcClientProtocolClient (GrpcClientProtocolClient.java:onNext(255)) - client-AC1CE418446C->edec9b8f-c318-426f-83f9-f44e945268a2: receive RaftClientReply:client-AC1CE418446C->edec9b8f-c318-426f-83f9-f44e945268a2@group-352661ED3FD5, cid=3220, SUCCESS, logIndex=4824, commits[edec9b8f-c318-426f-83f9-f44e945268a2:c4824, 02a03aee-1dd1-43c9-94ca-c76e2a537489:c4822, 9fb73170-bb25-48da-afcf-6f1f9e11598f:c4822]
2019-07-10 10:43:03,875 INFO  client.GrpcClientProtocolClient (GrpcClientProtocolClient.java:onNext(255)) - client-AC1CE418446C->edec9b8f-c318-426f-83f9-f44e945268a2: receive RaftClientReply:client-AC1CE418446C->edec9b8f-c318-426f-83f9-f44e945268a2@group-352661ED3FD5, cid=3221, SUCCESS, logIndex=4827, commits[edec9b8f-c318-426f-83f9-f44e945268a2:c4828, 02a03aee-1dd1-43c9-94ca-c76e2a537489:c4824, 9fb73170-bb25-48da-afcf-6f1f9e11598f:c4824]
2019-07-10 10:43:03,876 INFO  client.GrpcClientProtocolClient (GrpcClientProtocolClient.java:onNext(255)) - client-AC1CE418446C->edec9b8f-c318-426f-83f9-f44e945268a2: receive RaftClientReply:client-AC1CE418446C->edec9b8f-c318-426f-83f9-f44e945268a2@group-352661ED3FD5, cid=3222, SUCCESS, logIndex=4828, commits[edec9b8f-c318-426f-83f9-f44e945268a2:c4828, 02a03aee-1dd1-43c9-94ca-c76e2a537489:c4824, 9fb73170-bb25-48da-afcf-6f1f9e11598f:c4824]
2019-07-10 10:43:03,895 INFO  client.GrpcClientProtocolClient (GrpcClientProtocolClient.java:onNext(255)) - client-AC1CE418446C->edec9b8f-c318-426f-83f9-f44e945268a2: receive RaftClientReply:client-AC1CE418446C->edec9b8f-c318-426f-83f9-f44e945268a2@group-352661ED3FD5, cid=3223, SUCCESS, logIndex=0, commits[edec9b8f-c318-426f-83f9-f44e945268a2:c4830, 02a03aee-1dd1-43c9-94ca-c76e2a537489:c4828, 9fb73170-bb25-48da-afcf-6f1f9e11598f:c4828]
2019-07-10 10:43:03,928 INFO  client.GrpcClientProtocolClient (GrpcClientProtocolClient.java:onNext(255)) - client-AC1CE418446C->edec9b8f-c318-426f-83f9-f44e945268a2: receive RaftClientReply:client-AC1CE418446C->edec9b8f-c318-426f-83f9-f44e945268a2@group-352661ED3FD5, cid=3224, SUCCESS, logIndex=4831, commits[edec9b8f-c318-426f-83f9-f44e945268a2:c4832, 02a03aee-1dd1-43c9-94ca-c76e2a537489:c4830, 9fb73170-bb25-48da-afcf-6f1f9e11598f:c4830]
2019-07-10 10:43:03,929 INFO  client.GrpcClientProtocolClient (GrpcClientProtocolClient.java:onNext(255)) - client-AC1CE418446C->edec9b8f-c318-426f-83f9-f44e945268a2: receive RaftClientReply:client-AC1CE418446C->edec9b8f-c318-426f-83f9-f44e945268a2@group-352661ED3FD5, cid=3225, SUCCESS, logIndex=4832, commits[edec9b8f-c318-426f-83f9-f44e945268a2:c4833, 02a03aee-1dd1-43c9-94ca-c76e2a537489:c4830, 9fb73170-bb25-48da-afcf-6f1f9e11598f:c4830]
2019-07-10 10:43:03,929 INFO  client.GrpcClientProtocolClient (GrpcClientProtocolClient.java:onNext(255)) - client-AC1CE418446C->edec9b8f-c318-426f-83f9-f44e945268a2: receive RaftClientReply:client-AC1CE418446C->edec9b8f-c318-426f-83f9-f44e945268a2@group-352661ED3FD5, cid=3226, SUCCESS, logIndex=4833, commits[edec9b8f-c318-426f-83f9-f44e945268a2:c4834, 02a03aee-1dd1-43c9-94ca-c76e2a537489:c4830, 9fb73170-bb25-48da-afcf-6f1f9e11598f:c4830]
2019-07-10 10:43:03,930 INFO  client.GrpcClientProtocolClient (GrpcClientProtocolClient.java:onNext(255)) - client-AC1CE418446C->edec9b8f-c318-426f-83f9-f44e945268a2: receive RaftClientReply:client-AC1CE418446C->edec9b8f-c318-426f-83f9-f44e945268a2@group-352661ED3FD5, cid=3227, SUCCESS, logIndex=4834, commits[edec9b8f-c318-426f-83f9-f44e945268a2:c4834, 02a03aee-1dd1-43c9-94ca-c76e2a537489:c4830, 9fb73170-bb25-48da-afcf-6f1f9e11598f:c4830]
2019-07-10 10:43:03,940 INFO  client.GrpcClientProtocolClient (GrpcClientProtocolClient.java:onNext(255)) - client-AC1CE418446C->edec9b8f-c318-426f-83f9-f44e945268a2: receive RaftClientReply:client-AC1CE418446C->edec9b8f-c318-426f-83f9-f44e945268a2@group-352661ED3FD5, cid=3228, SUCCESS, logIndex=0, commits[edec9b8f-c318-426f-83f9-f44e945268a2:c4836, 02a03aee-1dd1-43c9-94ca-c76e2a537489:c4832, 9fb73170-bb25-48da-afcf-6f1f9e11598f:c4832]
2019-07-10 10:43:03,977 INFO  client.GrpcClientProtocolClient (GrpcClientProtocolClient.java:onNext(255)) - client-AC1CE418446C->edec9b8f-c318-426f-83f9-f44e945268a2: receive RaftClientReply:client-AC1CE418446C->edec9b8f-c318-426f-83f9-f44e945268a2@group-352661ED3FD5, cid=3229, SUCCESS, logIndex=4839, commits[edec9b8f-c318-426f-83f9-f44e945268a2:c4840, 02a03aee-1dd1-43c9-94ca-c76e2a537489:c4838, 9fb73170-bb25-48da-afcf-6f1f9e11598f:c4838]
2019-07-10 10:43:03,978 INFO  client.GrpcClientProtocolClient (GrpcClientProtocolClient.java:onNext(255)) - client-AC1CE418446C->edec9b8f-c318-426f-83f9-f44e945268a2: receive RaftClientReply:client-AC1CE418446C->edec9b8f-c318-426f-83f9-f44e945268a2@group-352661ED3FD5, cid=3230, SUCCESS, logIndex=4840, commits[edec9b8f-c318-426f-83f9-f44e945268a2:c4840, 02a03aee-1dd1-43c9-94ca-c76e2a537489:c4838, 9fb73170-bb25-48da-afcf-6f1f9e11598f:c4838]
 0.00% |█                                                                                                    |  0/1 Time: 0:00:302019-07-10 10:43:04,520 INFO  client.GrpcClientProtocolClient (GrpcClientProtocolClient.java:onNext(255)) - client-AC1CE418446C->edec9b8f-c318-426f-83f9-f44e945268a2: receive RaftClientReply:client-AC1CE418446C->edec9b8f-c318-426f-83f9-f44e945268a2@group-352661ED3FD5, cid=3231, SUCCESS, logIndex=4843, commits[edec9b8f-c318-426f-83f9-f44e945268a2:c4844, 02a03aee-1dd1-43c9-94ca-c76e2a537489:c4841, 9fb73170-bb25-48da-afcf-6f1f9e11598f:c4841]
2019-07-10 10:43:04,520 INFO  client.GrpcClientProtocolClient (GrpcClientProtocolClient.java:onNext(255)) - client-AC1CE418446C->edec9b8f-c318-426f-83f9-f44e945268a2: receive RaftClientReply:client-AC1CE418446C->edec9b8f-c318-426f-83f9-f44e945268a2@group-352661ED3FD5, cid=3232, SUCCESS, logIndex=4844, commits[edec9b8f-c318-426f-83f9-f44e945268a2:c4844, 02a03aee-1dd1-43c9-94ca-c76e2a537489:c4841, 9fb73170-bb25-48da-afcf-6f1f9e11598f:c4841]
2019-07-10 10:43:04,534 INFO  client.GrpcClientProtocolClient (GrpcClientProtocolClient.java:onNext(255)) - client-AC1CE418446C->edec9b8f-c318-426f-83f9-f44e945268a2: receive RaftClientReply:client-AC1CE418446C->edec9b8f-c318-426f-83f9-f44e945268a2@group-352661ED3FD5, cid=3233, SUCCESS, logIndex=0, commits[edec9b8f-c318-426f-83f9-f44e945268a2:c4846, 02a03aee-1dd1-43c9-94ca-c76e2a537489:c4844, 9fb73170-bb25-48da-afcf-6f1f9e11598f:c4844]
2019-07-10 10:43:04,570 INFO  client.GrpcClientProtocolClient (GrpcClientProtocolClient.java:onNext(255)) - client-AC1CE418446C->edec9b8f-c318-426f-83f9-f44e945268a2: receive RaftClientReply:client-AC1CE418446C->edec9b8f-c318-426f-83f9-f44e945268a2@group-352661ED3FD5, cid=3234, SUCCESS, logIndex=4847, commits[edec9b8f-c318-426f-83f9-f44e945268a2:c4848, 02a03aee-1dd1-43c9-94ca-c76e2a537489:c4846, 9fb73170-bb25-48da-afcf-6f1f9e11598f:c4846]
2019-07-10 10:43:04,571 INFO  client.GrpcClientProtocolClient (GrpcClientProtocolClient.java:onNext(255)) - client-AC1CE418446C->edec9b8f-c318-426f-83f9-f44e945268a2: receive RaftClientReply:client-AC1CE418446C->edec9b8f-c318-426f-83f9-f44e945268a2@group-352661ED3FD5, cid=3235, SUCCESS, logIndex=4848, commits[edec9b8f-c318-426f-83f9-f44e945268a2:c4848, 02a03aee-1dd1-43c9-94ca-c76e2a537489:c4846, 9fb73170-bb25-48da-afcf-6f1f9e11598f:c4846]
2019-07-10 10:43:04,571 INFO  client.GrpcClientProtocolClient (GrpcClientProtocolClient.java:onNext(255)) - client-AC1CE418446C->edec9b8f-c318-426f-83f9-f44e945268a2: receive RaftClientReply:client-AC1CE418446C->edec9b8f-c318-426f-83f9-f44e945268a2@group-352661ED3FD5, cid=3236, SUCCESS, logIndex=4849, commits[edec9b8f-c318-426f-83f9-f44e945268a2:c4850, 02a03aee-1dd1-43c9-94ca-c76e2a537489:c4846, 9fb73170-bb25-48da-afcf-6f1f9e11598f:c4846]
2019-07-10 10:43:04,571 INFO  client.GrpcClientProtocolClient (GrpcClientProtocolClient.java:onNext(255)) - client-AC1CE418446C->edec9b8f-c318-426f-83f9-f44e945268a2: receive RaftClientReply:client-AC1CE418446C->edec9b8f-c318-426f-83f9-f44e945268a2@group-352661ED3FD5, cid=3237, SUCCESS, logIndex=4850, commits[edec9b8f-c318-426f-83f9-f44e945268a2:c4850, 02a03aee-1dd1-43c9-94ca-c76e2a537489:c4846, 9fb73170-bb25-48da-afcf-6f1f9e11598f:c4846]
2019-07-10 10:43:04,584 INFO  client.GrpcClientProtocolClient (GrpcClientProtocolClient.java:onNext(255)) - client-AC1CE418446C->edec9b8f-c318-426f-83f9-f44e945268a2: receive RaftClientReply:client-AC1CE418446C->edec9b8f-c318-426f-83f9-f44e945268a2@group-352661ED3FD5, cid=3238, SUCCESS, logIndex=0, commits[edec9b8f-c318-426f-83f9-f44e945268a2:c4852, 02a03aee-1dd1-43c9-94ca-c76e2a537489:c4848, 9fb73170-bb25-48da-afcf-6f1f9e11598f:c4848]
2019-07-10 10:43:04,605 INFO  client.GrpcClientProtocolClient (GrpcClientProtocolClient.java:onNext(255)) - client-AC1CE418446C->edec9b8f-c318-426f-83f9-f44e945268a2: receive RaftClientReply:client-AC1CE418446C->edec9b8f-c318-426f-83f9-f44e945268a2@group-352661ED3FD5, cid=3239, SUCCESS, logIndex=4855, commits[edec9b8f-c318-426f-83f9-f44e945268a2:c4856, 02a03aee-1dd1-43c9-94ca-c76e2a537489:c4854, 9fb73170-bb25-48da-afcf-6f1f9e11598f:c4854]
2019-07-10 10:43:04,605 INFO  client.GrpcClientProtocolClient (GrpcClientProtocolClient.java:onNext(255)) - client-AC1CE418446C->edec9b8f-c318-426f-83f9-f44e945268a2: receive RaftClientReply:client-AC1CE418446C->edec9b8f-c318-426f-83f9-f44e945268a2@group-352661ED3FD5, cid=3240, SUCCESS, logIndex=4856, commits[edec9b8f-c318-426f-83f9-f44e945268a2:c4856, 02a03aee-1dd1-43c9-94ca-c76e2a537489:c4854, 9fb73170-bb25-48da-afcf-6f1f9e11598f:c4854]
2019-07-10 10:43:04,620 INFO  client.GrpcClientProtocolClient (GrpcClientProtocolClient.java:onNext(255)) - client-AC1CE418446C->edec9b8f-c318-426f-83f9-f44e945268a2: receive RaftClientReply:client-AC1CE418446C->edec9b8f-c318-426f-83f9-f44e945268a2@group-352661ED3FD5, cid=3241, SUCCESS, logIndex=4859, commits[edec9b8f-c318-426f-83f9-f44e945268a2:c4860, 02a03aee-1dd1-43c9-94ca-c76e2a537489:c4856, 9fb73170-bb25-48da-afcf-6f1f9e11598f:c4856]
2019-07-10 10:43:04,620 INFO  client.GrpcClientProtocolClient (GrpcClientProtocolClient.java:onNext(255)) - client-AC1CE418446C->edec9b8f-c318-426f-83f9-f44e945268a2: receive RaftClientReply:client-AC1CE418446C->edec9b8f-c318-426f-83f9-f44e945268a2@group-352661ED3FD5, cid=3242, SUCCESS, logIndex=4860, commits[edec9b8f-c318-426f-83f9-f44e945268a2:c4860, 02a03aee-1dd1-43c9-94ca-c76e2a537489:c4856, 9fb73170-bb25-48da-afcf-6f1f9e11598f:c4856]
2019-07-10 10:43:04,634 INFO  client.GrpcClientProtocolClient (GrpcClientProtocolClient.java:onNext(255)) - client-AC1CE418446C->edec9b8f-c318-426f-83f9-f44e945268a2: receive RaftClientReply:client-AC1CE418446C->edec9b8f-c318-426f-83f9-f44e945268a2@group-352661ED3FD5, cid=3243, SUCCESS, logIndex=0, commits[edec9b8f-c318-426f-83f9-f44e945268a2:c4861, 02a03aee-1dd1-43c9-94ca-c76e2a537489:c4860, 9fb73170-bb25-48da-afcf-6f1f9e11598f:c4860]
2019-07-10 10:43:04,666 INFO  client.GrpcClientProtocolClient (GrpcClientProtocolClient.java:onNext(255)) - client-AC1CE418446C->edec9b8f-c318-426f-83f9-f44e945268a2: receive RaftClientReply:client-AC1CE418446C->edec9b8f-c318-426f-83f9-f44e945268a2@group-352661ED3FD5, cid=3244, SUCCESS, logIndex=4863, commits[edec9b8f-c318-426f-83f9-f44e945268a2:c4864, 02a03aee-1dd1-43c9-94ca-c76e2a537489:c4862, 9fb73170-bb25-48da-afcf-6f1f9e11598f:c4862]
2019-07-10 10:43:04,667 INFO  client.GrpcClientProtocolClient (GrpcClientProtocolClient.java:onNext(255)) - client-AC1CE418446C->edec9b8f-c318-426f-83f9-f44e945268a2: receive RaftClientReply:client-AC1CE418446C->edec9b8f-c318-426f-83f9-f44e945268a2@group-352661ED3FD5, cid=3245, SUCCESS, logIndex=4864, commits[edec9b8f-c318-426f-83f9-f44e945268a2:c4864, 02a03aee-1dd1-43c9-94ca-c76e2a537489:c4862, 9fb73170-bb25-48da-afcf-6f1f9e11598f:c4862]
2019-07-10 10:43:04,676 INFO  client.GrpcClientProtocolClient (GrpcClientProtocolClient.java:onNext(255)) - client-AC1CE418446C->edec9b8f-c318-426f-83f9-f44e945268a2: receive RaftClientReply:client-AC1CE418446C->edec9b8f-c318-426f-83f9-f44e945268a2@group-352661ED3FD5, cid=3246, SUCCESS, logIndex=4865, commits[edec9b8f-c318-426f-83f9-f44e945268a2:c4866, 02a03aee-1dd1-43c9-94ca-c76e2a537489:c4862, 9fb73170-bb25-48da-afcf-6f1f9e11598f:c4862]
2019-07-10 10:43:04,677 INFO  client.GrpcClientProtocolClient (GrpcClientProtocolClient.java:onNext(255)) - client-AC1CE418446C->edec9b8f-c318-426f-83f9-f44e945268a2: receive RaftClientReply:client-AC1CE418446C->edec9b8f-c318-426f-83f9-f44e945268a2@group-352661ED3FD5, cid=3247, SUCCESS, logIndex=4866, commits[edec9b8f-c318-426f-83f9-f44e945268a2:c4866, 02a03aee-1dd1-43c9-94ca-c76e2a537489:c4862, 9fb73170-bb25-48da-afcf-6f1f9e11598f:c4862]
2019-07-10 10:43:04,678 INFO  client.GrpcClientProtocolClient (GrpcClientProtocolClient.java:onNext(255)) - client-AC1CE418446C->edec9b8f-c318-426f-83f9-f44e945268a2: receive RaftClientReply:client-AC1CE418446C->edec9b8f-c318-426f-83f9-f44e945268a2@group-352661ED3FD5, cid=3248, SUCCESS, logIndex=0, commits[edec9b8f-c318-426f-83f9-f44e945268a2:c4868, 02a03aee-1dd1-43c9-94ca-c76e2a537489:c4864, 9fb73170-bb25-48da-afcf-6f1f9e11598f:c4864]
2019-07-10 10:43:04,697 INFO  client.GrpcClientProtocolClient (GrpcClientProtocolClient.java:onNext(255)) - client-AC1CE418446C->edec9b8f-c318-426f-83f9-f44e945268a2: receive RaftClientReply:client-AC1CE418446C->edec9b8f-c318-426f-83f9-f44e945268a2@group-352661ED3FD5, cid=3249, SUCCESS, logIndex=4871, commits[edec9b8f-c318-426f-83f9-f44e945268a2:c4872, 02a03aee-1dd1-43c9-94ca-c76e2a537489:c4870, 9fb73170-bb25-48da-afcf-6f1f9e11598f:c4870]
2019-07-10 10:43:04,698 INFO  client.GrpcClientProtocolClient (GrpcClientProtocolClient.java:onNext(255)) - client-AC1CE418446C->edec9b8f-c318-426f-83f9-f44e945268a2: receive RaftClientReply:client-AC1CE418446C->edec9b8f-c318-426f-83f9-f44e945268a2@group-352661ED3FD5, cid=3250, SUCCESS, logIndex=4872, commits[edec9b8f-c318-426f-83f9-f44e945268a2:c4872, 02a03aee-1dd1-43c9-94ca-c76e2a537489:c4870, 9fb73170-bb25-48da-afcf-6f1f9e11598f:c4870]
2019-07-10 10:43:04,709 INFO  client.GrpcClientProtocolClient (GrpcClientProtocolClient.java:onNext(255)) - client-AC1CE418446C->edec9b8f-c318-426f-83f9-f44e945268a2: receive RaftClientReply:client-AC1CE418446C->edec9b8f-c318-426f-83f9-f44e945268a2@group-352661ED3FD5, cid=3251, SUCCESS, logIndex=4875, commits[edec9b8f-c318-426f-83f9-f44e945268a2:c4876, 02a03aee-1dd1-43c9-94ca-c76e2a537489:c4874, 9fb73170-bb25-48da-afcf-6f1f9e11598f:c4873]
2019-07-10 10:43:04,709 INFO  client.GrpcClientProtocolClient (GrpcClientProtocolClient.java:onNext(255)) - client-AC1CE418446C->edec9b8f-c318-426f-83f9-f44e945268a2: receive RaftClientReply:client-AC1CE418446C->edec9b8f-c318-426f-83f9-f44e945268a2@group-352661ED3FD5, cid=3252, SUCCESS, logIndex=4876, commits[edec9b8f-c318-426f-83f9-f44e945268a2:c4876, 02a03aee-1dd1-43c9-94ca-c76e2a537489:c4874, 9fb73170-bb25-48da-afcf-6f1f9e11598f:c4874]
2019-07-10 10:43:04,713 INFO  client.GrpcClientProtocolClient (GrpcClientProtocolClient.java:onNext(255)) - client-AC1CE418446C->edec9b8f-c318-426f-83f9-f44e945268a2: receive RaftClientReply:client-AC1CE418446C->edec9b8f-c318-426f-83f9-f44e945268a2@group-352661ED3FD5, cid=3253, SUCCESS, logIndex=0, commits[edec9b8f-c318-426f-83f9-f44e945268a2:c4878, 02a03aee-1dd1-43c9-94ca-c76e2a537489:c4876, 9fb73170-bb25-48da-afcf-6f1f9e11598f:c4876]
2019-07-10 10:43:04,736 INFO  client.GrpcClientProtocolClient (GrpcClientProtocolClient.java:onNext(255)) - client-AC1CE418446C->edec9b8f-c318-426f-83f9-f44e945268a2: receive RaftClientReply:client-AC1CE418446C->edec9b8f-c318-426f-83f9-f44e945268a2@group-352661ED3FD5, cid=3254, SUCCESS, logIndex=4879, commits[edec9b8f-c318-426f-83f9-f44e945268a2:c4880, 02a03aee-1dd1-43c9-94ca-c76e2a537489:c4878, 9fb73170-bb25-48da-afcf-6f1f9e11598f:c4876]
2019-07-10 10:43:04,737 INFO  client.GrpcClientProtocolClient (GrpcClientProtocolClient.java:onNext(255)) - client-AC1CE418446C->edec9b8f-c318-426f-83f9-f44e945268a2: receive RaftClientReply:client-AC1CE418446C->edec9b8f-c318-426f-83f9-f44e945268a2@group-352661ED3FD5, cid=3255, SUCCESS, logIndex=4880, commits[edec9b8f-c318-426f-83f9-f44e945268a2:c4880, 02a03aee-1dd1-43c9-94ca-c76e2a537489:c4878, 9fb73170-bb25-48da-afcf-6f1f9e11598f:c4878]
2019-07-10 10:43:04,738 INFO  client.GrpcClientProtocolClient (GrpcClientProtocolClient.java:onNext(255)) - client-AC1CE418446C->edec9b8f-c318-426f-83f9-f44e945268a2: receive RaftClientReply:client-AC1CE418446C->edec9b8f-c318-426f-83f9-f44e945268a2@group-352661ED3FD5, cid=3256, SUCCESS, logIndex=4881, commits[edec9b8f-c318-426f-83f9-f44e945268a2:c4881, 02a03aee-1dd1-43c9-94ca-c76e2a537489:c4878, 9fb73170-bb25-48da-afcf-6f1f9e11598f:c4878]
2019-07-10 10:43:04,738 INFO  client.GrpcClientProtocolClient (GrpcClientProtocolClient.java:onNext(255)) - client-AC1CE418446C->edec9b8f-c318-426f-83f9-f44e945268a2: receive RaftClientReply:client-AC1CE418446C->edec9b8f-c318-426f-83f9-f44e945268a2@group-352661ED3FD5, cid=3257, SUCCESS, logIndex=4882, commits[edec9b8f-c318-426f-83f9-f44e945268a2:c4882, 02a03aee-1dd1-43c9-94ca-c76e2a537489:c4878, 9fb73170-bb25-48da-afcf-6f1f9e11598f:c4878]
2019-07-10 10:43:04,741 INFO  client.GrpcClientProtocolClient (GrpcClientProtocolClient.java:onNext(255)) - client-AC1CE418446C->edec9b8f-c318-426f-83f9-f44e945268a2: receive RaftClientReply:client-AC1CE418446C->edec9b8f-c318-426f-83f9-f44e945268a2@group-352661ED3FD5, cid=3258, SUCCESS, logIndex=0, commits[edec9b8f-c318-426f-83f9-f44e945268a2:c4884, 02a03aee-1dd1-43c9-94ca-c76e2a537489:c4880, 9fb73170-bb25-48da-afcf-6f1f9e11598f:c4880]
2019-07-10 10:43:04,751 INFO  client.GrpcClientProtocolClient (GrpcClientProtocolClient.java:onNext(255)) - client-AC1CE418446C->edec9b8f-c318-426f-83f9-f44e945268a2: receive RaftClientReply:client-AC1CE418446C->edec9b8f-c318-426f-83f9-f44e945268a2@group-352661ED3FD5, cid=3259, SUCCESS, logIndex=4887, commits[edec9b8f-c318-426f-83f9-f44e945268a2:c4888, 02a03aee-1dd1-43c9-94ca-c76e2a537489:c4886, 9fb73170-bb25-48da-afcf-6f1f9e11598f:c4886]
2019-07-10 10:43:04,751 INFO  client.GrpcClientProtocolClient (GrpcClientProtocolClient.java:onNext(255)) - client-AC1CE418446C->edec9b8f-c318-426f-83f9-f44e945268a2: receive RaftClientReply:client-AC1CE418446C->edec9b8f-c318-426f-83f9-f44e945268a2@group-352661ED3FD5, cid=3260, SUCCESS, logIndex=4888, commits[edec9b8f-c318-426f-83f9-f44e945268a2:c4888, 02a03aee-1dd1-43c9-94ca-c76e2a537489:c4886, 9fb73170-bb25-48da-afcf-6f1f9e11598f:c4886]
2019-07-10 10:43:04,762 INFO  client.GrpcClientProtocolClient (GrpcClientProtocolClient.java:onNext(255)) - client-AC1CE418446C->edec9b8f-c318-426f-83f9-f44e945268a2: receive RaftClientReply:client-AC1CE418446C->edec9b8f-c318-426f-83f9-f44e945268a2@group-352661ED3FD5, cid=3261, SUCCESS, logIndex=4891, commits[edec9b8f-c318-426f-83f9-f44e945268a2:c4892, 02a03aee-1dd1-43c9-94ca-c76e2a537489:c4888, 9fb73170-bb25-48da-afcf-6f1f9e11598f:c4890]
2019-07-10 10:43:04,763 INFO  client.GrpcClientProtocolClient (GrpcClientProtocolClient.java:onNext(255)) - client-AC1CE418446C->edec9b8f-c318-426f-83f9-f44e945268a2: receive RaftClientReply:client-AC1CE418446C->edec9b8f-c318-426f-83f9-f44e945268a2@group-352661ED3FD5, cid=3262, SUCCESS, logIndex=4892, commits[edec9b8f-c318-426f-83f9-f44e945268a2:c4892, 02a03aee-1dd1-43c9-94ca-c76e2a537489:c4890, 9fb73170-bb25-48da-afcf-6f1f9e11598f:c4890]
2019-07-10 10:43:04,765 INFO  client.GrpcClientProtocolClient (GrpcClientProtocolClient.java:onNext(255)) - client-AC1CE418446C->edec9b8f-c318-426f-83f9-f44e945268a2: receive RaftClientReply:client-AC1CE418446C->edec9b8f-c318-426f-83f9-f44e945268a2@group-352661ED3FD5, cid=3263, SUCCESS, logIndex=0, commits[edec9b8f-c318-426f-83f9-f44e945268a2:c4893, 02a03aee-1dd1-43c9-94ca-c76e2a537489:c4892, 9fb73170-bb25-48da-afcf-6f1f9e11598f:c4892]
2019-07-10 10:43:04,790 INFO  client.GrpcClientProtocolClient (GrpcClientProtocolClient.java:onNext(255)) - client-AC1CE418446C->edec9b8f-c318-426f-83f9-f44e945268a2: receive RaftClientReply:client-AC1CE418446C->edec9b8f-c318-426f-83f9-f44e945268a2@group-352661ED3FD5, cid=3264, SUCCESS, logIndex=4894, commits[edec9b8f-c318-426f-83f9-f44e945268a2:c4895, 02a03aee-1dd1-43c9-94ca-c76e2a537489:c4893, 9fb73170-bb25-48da-afcf-6f1f9e11598f:c4893]
2019-07-10 10:43:04,790 INFO  client.GrpcClientProtocolClient (GrpcClientProtocolClient.java:onNext(255)) - client-AC1CE418446C->edec9b8f-c318-426f-83f9-f44e945268a2: receive RaftClientReply:client-AC1CE418446C->edec9b8f-c318-426f-83f9-f44e945268a2@group-352661ED3FD5, cid=3265, SUCCESS, logIndex=4895, commits[edec9b8f-c318-426f-83f9-f44e945268a2:c4895, 02a03aee-1dd1-43c9-94ca-c76e2a537489:c4893, 9fb73170-bb25-48da-afcf-6f1f9e11598f:c4893]
2019-07-10 10:43:04,791 INFO  client.GrpcClientProtocolClient (GrpcClientProtocolClient.java:onNext(255)) - client-AC1CE418446C->edec9b8f-c318-426f-83f9-f44e945268a2: receive RaftClientReply:client-AC1CE418446C->edec9b8f-c318-426f-83f9-f44e945268a2@group-352661ED3FD5, cid=3266, SUCCESS, logIndex=4896, commits[edec9b8f-c318-426f-83f9-f44e945268a2:c4897, 02a03aee-1dd1-43c9-94ca-c76e2a537489:c4893, 9fb73170-bb25-48da-afcf-6f1f9e11598f:c4893]
2019-07-10 10:43:04,791 INFO  client.GrpcClientProtocolClient (GrpcClientProtocolClient.java:onNext(255)) - client-AC1CE418446C->edec9b8f-c318-426f-83f9-f44e945268a2: receive RaftClientReply:client-AC1CE418446C->edec9b8f-c318-426f-83f9-f44e945268a2@group-352661ED3FD5, cid=3267, SUCCESS, logIndex=4897, commits[edec9b8f-c318-426f-83f9-f44e945268a2:c4897, 02a03aee-1dd1-43c9-94ca-c76e2a537489:c4893, 9fb73170-bb25-48da-afcf-6f1f9e11598f:c4893]
2019-07-10 10:43:04,792 INFO  client.GrpcClientProtocolClient (GrpcClientProtocolClient.java:onNext(255)) - client-AC1CE418446C->edec9b8f-c318-426f-83f9-f44e945268a2: receive RaftClientReply:client-AC1CE418446C->edec9b8f-c318-426f-83f9-f44e945268a2@group-352661ED3FD5, cid=3268, SUCCESS, logIndex=0, commits[edec9b8f-c318-426f-83f9-f44e945268a2:c4899, 02a03aee-1dd1-43c9-94ca-c76e2a537489:c4895, 9fb73170-bb25-48da-afcf-6f1f9e11598f:c4895]
2019-07-10 10:43:04,811 INFO  client.GrpcClientProtocolClient (GrpcClientProtocolClient.java:onNext(255)) - client-AC1CE418446C->edec9b8f-c318-426f-83f9-f44e945268a2: receive RaftClientReply:client-AC1CE418446C->edec9b8f-c318-426f-83f9-f44e945268a2@group-352661ED3FD5, cid=3269, SUCCESS, logIndex=4901, commits[edec9b8f-c318-426f-83f9-f44e945268a2:c4902, 02a03aee-1dd1-43c9-94ca-c76e2a537489:c4900, 9fb73170-bb25-48da-afcf-6f1f9e11598f:c4900]
2019-07-10 10:43:04,812 INFO  client.GrpcClientProtocolClient (GrpcClientProtocolClient.java:onNext(255)) - client-AC1CE418446C->edec9b8f-c318-426f-83f9-f44e945268a2: receive RaftClientReply:client-AC1CE418446C->edec9b8f-c318-426f-83f9-f44e945268a2@group-352661ED3FD5, cid=3270, SUCCESS, logIndex=4902, commits[edec9b8f-c318-426f-83f9-f44e945268a2:c4902, 02a03aee-1dd1-43c9-94ca-c76e2a537489:c4900, 9fb73170-bb25-48da-afcf-6f1f9e11598f:c4900]
2019-07-10 10:43:04,826 INFO  client.GrpcClientProtocolClient (GrpcClientProtocolClient.java:onNext(255)) - client-AC1CE418446C->edec9b8f-c318-426f-83f9-f44e945268a2: receive RaftClientReply:client-AC1CE418446C->edec9b8f-c318-426f-83f9-f44e945268a2@group-352661ED3FD5, cid=3271, SUCCESS, logIndex=4905, commits[edec9b8f-c318-426f-83f9-f44e945268a2:c4906, 02a03aee-1dd1-43c9-94ca-c76e2a537489:c4902, 9fb73170-bb25-48da-afcf-6f1f9e11598f:c4902]
2019-07-10 10:43:04,826 INFO  client.GrpcClientProtocolClient (GrpcClientProtocolClient.java:onNext(255)) - client-AC1CE418446C->edec9b8f-c318-426f-83f9-f44e945268a2: receive RaftClientReply:client-AC1CE418446C->edec9b8f-c318-426f-83f9-f44e945268a2@group-352661ED3FD5, cid=3272, SUCCESS, logIndex=4906, commits[edec9b8f-c318-426f-83f9-f44e945268a2:c4906, 02a03aee-1dd1-43c9-94ca-c76e2a537489:c4902, 9fb73170-bb25-48da-afcf-6f1f9e11598f:c4902]
2019-07-10 10:43:04,838 INFO  client.GrpcClientProtocolClient (GrpcClientProtocolClient.java:onNext(255)) - client-AC1CE418446C->edec9b8f-c318-426f-83f9-f44e945268a2: receive RaftClientReply:client-AC1CE418446C->edec9b8f-c318-426f-83f9-f44e945268a2@group-352661ED3FD5, cid=3273, SUCCESS, logIndex=0, commits[edec9b8f-c318-426f-83f9-f44e945268a2:c4907, 02a03aee-1dd1-43c9-94ca-c76e2a537489:c4906, 9fb73170-bb25-48da-afcf-6f1f9e11598f:c4906]
2019-07-10 10:43:04,865 INFO  client.GrpcClientProtocolClient (GrpcClientProtocolClient.java:onNext(255)) - client-AC1CE418446C->edec9b8f-c318-426f-83f9-f44e945268a2: receive RaftClientReply:client-AC1CE418446C->edec9b8f-c318-426f-83f9-f44e945268a2@group-352661ED3FD5, cid=3274, SUCCESS, logIndex=4909, commits[edec9b8f-c318-426f-83f9-f44e945268a2:c4910, 02a03aee-1dd1-43c9-94ca-c76e2a537489:c4908, 9fb73170-bb25-48da-afcf-6f1f9e11598f:c4908]
2019-07-10 10:43:04,865 INFO  client.GrpcClientProtocolClient (GrpcClientProtocolClient.java:onNext(255)) - client-AC1CE418446C->edec9b8f-c318-426f-83f9-f44e945268a2: receive RaftClientReply:client-AC1CE418446C->edec9b8f-c318-426f-83f9-f44e945268a2@group-352661ED3FD5, cid=3275, SUCCESS, logIndex=4910, commits[edec9b8f-c318-426f-83f9-f44e945268a2:c4912, 02a03aee-1dd1-43c9-94ca-c76e2a537489:c4908, 9fb73170-bb25-48da-afcf-6f1f9e11598f:c4908]
2019-07-10 10:43:04,866 INFO  client.GrpcClientProtocolClient (GrpcClientProtocolClient.java:onNext(255)) - client-AC1CE418446C->edec9b8f-c318-426f-83f9-f44e945268a2: receive RaftClientReply:client-AC1CE418446C->edec9b8f-c318-426f-83f9-f44e945268a2@group-352661ED3FD5, cid=3276, SUCCESS, logIndex=4911, commits[edec9b8f-c318-426f-83f9-f44e945268a2:c4912, 02a03aee-1dd1-43c9-94ca-c76e2a537489:c4908, 9fb73170-bb25-48da-afcf-6f1f9e11598f:c4908]
2019-07-10 10:43:04,866 INFO  client.GrpcClientProtocolClient (GrpcClientProtocolClient.java:onNext(255)) - client-AC1CE418446C->edec9b8f-c318-426f-83f9-f44e945268a2: receive RaftClientReply:client-AC1CE418446C->edec9b8f-c318-426f-83f9-f44e945268a2@group-352661ED3FD5, cid=3277, SUCCESS, logIndex=4912, commits[edec9b8f-c318-426f-83f9-f44e945268a2:c4912, 02a03aee-1dd1-43c9-94ca-c76e2a537489:c4909, 9fb73170-bb25-48da-afcf-6f1f9e11598f:c4908]
2019-07-10 10:43:04,879 INFO  client.GrpcClientProtocolClient (GrpcClientProtocolClient.java:onNext(255)) - client-AC1CE418446C->edec9b8f-c318-426f-83f9-f44e945268a2: receive RaftClientReply:client-AC1CE418446C->edec9b8f-c318-426f-83f9-f44e945268a2@group-352661ED3FD5, cid=3278, SUCCESS, logIndex=0, commits[edec9b8f-c318-426f-83f9-f44e945268a2:c4914, 02a03aee-1dd1-43c9-94ca-c76e2a537489:c4910, 9fb73170-bb25-48da-afcf-6f1f9e11598f:c4910]
2019-07-10 10:43:04,897 INFO  client.GrpcClientProtocolClient (GrpcClientProtocolClient.java:onNext(255)) - client-AC1CE418446C->edec9b8f-c318-426f-83f9-f44e945268a2: receive RaftClientReply:client-AC1CE418446C->edec9b8f-c318-426f-83f9-f44e945268a2@group-352661ED3FD5, cid=3279, SUCCESS, logIndex=4916, commits[edec9b8f-c318-426f-83f9-f44e945268a2:c4917, 02a03aee-1dd1-43c9-94ca-c76e2a537489:c4915, 9fb73170-bb25-48da-afcf-6f1f9e11598f:c4915]
2019-07-10 10:43:04,897 INFO  client.GrpcClientProtocolClient (GrpcClientProtocolClient.java:onNext(255)) - client-AC1CE418446C->edec9b8f-c318-426f-83f9-f44e945268a2: receive RaftClientReply:client-AC1CE418446C->edec9b8f-c318-426f-83f9-f44e945268a2@group-352661ED3FD5, cid=3280, SUCCESS, logIndex=4917, commits[edec9b8f-c318-426f-83f9-f44e945268a2:c4917, 02a03aee-1dd1-43c9-94ca-c76e2a537489:c4915, 9fb73170-bb25-48da-afcf-6f1f9e11598f:c4915]
2019-07-10 10:43:04,924 INFO  client.GrpcClientProtocolClient (GrpcClientProtocolClient.java:onNext(255)) - client-AC1CE418446C->edec9b8f-c318-426f-83f9-f44e945268a2: receive RaftClientReply:client-AC1CE418446C->edec9b8f-c318-426f-83f9-f44e945268a2@group-352661ED3FD5, cid=3281, SUCCESS, logIndex=4920, commits[edec9b8f-c318-426f-83f9-f44e945268a2:c4920, 02a03aee-1dd1-43c9-94ca-c76e2a537489:c4917, 9fb73170-bb25-48da-afcf-6f1f9e11598f:c4917]
2019-07-10 10:43:04,924 INFO  client.GrpcClientProtocolClient (GrpcClientProtocolClient.java:onNext(255)) - client-AC1CE418446C->edec9b8f-c318-426f-83f9-f44e945268a2: receive RaftClientReply:client-AC1CE418446C->edec9b8f-c318-426f-83f9-f44e945268a2@group-352661ED3FD5, cid=3282, SUCCESS, logIndex=4921, commits[edec9b8f-c318-426f-83f9-f44e945268a2:c4921, 02a03aee-1dd1-43c9-94ca-c76e2a537489:c4917, 9fb73170-bb25-48da-afcf-6f1f9e11598f:c4917]
2019-07-10 10:43:04,938 INFO  client.GrpcClientProtocolClient (GrpcClientProtocolClient.java:onNext(255)) - client-AC1CE418446C->edec9b8f-c318-426f-83f9-f44e945268a2: receive RaftClientReply:client-AC1CE418446C->edec9b8f-c318-426f-83f9-f44e945268a2@group-352661ED3FD5, cid=3283, SUCCESS, logIndex=0, commits[edec9b8f-c318-426f-83f9-f44e945268a2:c4923, 02a03aee-1dd1-43c9-94ca-c76e2a537489:c4921, 9fb73170-bb25-48da-afcf-6f1f9e11598f:c4921]
2019-07-10 10:43:04,965 INFO  client.GrpcClientProtocolClient (GrpcClientProtocolClient.java:onNext(255)) - client-AC1CE418446C->edec9b8f-c318-426f-83f9-f44e945268a2: receive RaftClientReply:client-AC1CE418446C->edec9b8f-c318-426f-83f9-f44e945268a2@group-352661ED3FD5, cid=3284, SUCCESS, logIndex=4924, commits[edec9b8f-c318-426f-83f9-f44e945268a2:c4925, 02a03aee-1dd1-43c9-94ca-c76e2a537489:c4923, 9fb73170-bb25-48da-afcf-6f1f9e11598f:c4923]
2019-07-10 10:43:04,965 INFO  client.GrpcClientProtocolClient (GrpcClientProtocolClient.java:onNext(255)) - client-AC1CE418446C->edec9b8f-c318-426f-83f9-f44e945268a2: receive RaftClientReply:client-AC1CE418446C->edec9b8f-c318-426f-83f9-f44e945268a2@group-352661ED3FD5, cid=3285, SUCCESS, logIndex=4925, commits[edec9b8f-c318-426f-83f9-f44e945268a2:c4927, 02a03aee-1dd1-43c9-94ca-c76e2a537489:c4923, 9fb73170-bb25-48da-afcf-6f1f9e11598f:c4923]
2019-07-10 10:43:04,966 INFO  client.GrpcClientProtocolClient (GrpcClientProtocolClient.java:onNext(255)) - client-AC1CE418446C->edec9b8f-c318-426f-83f9-f44e945268a2: receive RaftClientReply:client-AC1CE418446C->edec9b8f-c318-426f-83f9-f44e945268a2@group-352661ED3FD5, cid=3286, SUCCESS, logIndex=4926, commits[edec9b8f-c318-426f-83f9-f44e945268a2:c4927, 02a03aee-1dd1-43c9-94ca-c76e2a537489:c4923, 9fb73170-bb25-48da-afcf-6f1f9e11598f:c4923]
2019-07-10 10:43:04,966 INFO  client.GrpcClientProtocolClient (GrpcClientProtocolClient.java:onNext(255)) - client-AC1CE418446C->edec9b8f-c318-426f-83f9-f44e945268a2: receive RaftClientReply:client-AC1CE418446C->edec9b8f-c318-426f-83f9-f44e945268a2@group-352661ED3FD5, cid=3287, SUCCESS, logIndex=4927, commits[edec9b8f-c318-426f-83f9-f44e945268a2:c4927, 02a03aee-1dd1-43c9-94ca-c76e2a537489:c4923, 9fb73170-bb25-48da-afcf-6f1f9e11598f:c4923]
2019-07-10 10:43:04,967 INFO  client.GrpcClientProtocolClient (GrpcClientProtocolClient.java:onNext(255)) - client-AC1CE418446C->edec9b8f-c318-426f-83f9-f44e945268a2: receive RaftClientReply:client-AC1CE418446C->edec9b8f-c318-426f-83f9-f44e945268a2@group-352661ED3FD5, cid=3288, SUCCESS, logIndex=0, commits[edec9b8f-c318-426f-83f9-f44e945268a2:c4929, 02a03aee-1dd1-43c9-94ca-c76e2a537489:c4927, 9fb73170-bb25-48da-afcf-6f1f9e11598f:c4925]
2019-07-10 10:43:04,987 INFO  client.GrpcClientProtocolClient (GrpcClientProtocolClient.java:onNext(255)) - client-AC1CE418446C->edec9b8f-c318-426f-83f9-f44e945268a2: receive RaftClientReply:client-AC1CE418446C->edec9b8f-c318-426f-83f9-f44e945268a2@group-352661ED3FD5, cid=3289, SUCCESS, logIndex=4931, commits[edec9b8f-c318-426f-83f9-f44e945268a2:c4932, 02a03aee-1dd1-43c9-94ca-c76e2a537489:c4930, 9fb73170-bb25-48da-afcf-6f1f9e11598f:c4930]
2019-07-10 10:43:04,988 INFO  client.GrpcClientProtocolClient (GrpcClientProtocolClient.java:onNext(255)) - client-AC1CE418446C->edec9b8f-c318-426f-83f9-f44e945268a2: receive RaftClientReply:client-AC1CE418446C->edec9b8f-c318-426f-83f9-f44e945268a2@group-352661ED3FD5, cid=3290, SUCCESS, logIndex=4932, commits[edec9b8f-c318-426f-83f9-f44e945268a2:c4932, 02a03aee-1dd1-43c9-94ca-c76e2a537489:c4930, 9fb73170-bb25-48da-afcf-6f1f9e11598f:c4930]
2019-07-10 10:43:04,998 INFO  client.GrpcClientProtocolClient (GrpcClientProtocolClient.java:onNext(255)) - client-AC1CE418446C->edec9b8f-c318-426f-83f9-f44e945268a2: receive RaftClientReply:client-AC1CE418446C->edec9b8f-c318-426f-83f9-f44e945268a2@group-352661ED3FD5, cid=3291, SUCCESS, logIndex=4935, commits[edec9b8f-c318-426f-83f9-f44e945268a2:c4936, 02a03aee-1dd1-43c9-94ca-c76e2a537489:c4934, 9fb73170-bb25-48da-afcf-6f1f9e11598f:c4934]
2019-07-10 10:43:04,998 INFO  client.GrpcClientProtocolClient (GrpcClientProtocolClient.java:onNext(255)) - client-AC1CE418446C->edec9b8f-c318-426f-83f9-f44e945268a2: receive RaftClientReply:client-AC1CE418446C->edec9b8f-c318-426f-83f9-f44e945268a2@group-352661ED3FD5, cid=3292, SUCCESS, logIndex=4936, commits[edec9b8f-c318-426f-83f9-f44e945268a2:c4936, 02a03aee-1dd1-43c9-94ca-c76e2a537489:c4934, 9fb73170-bb25-48da-afcf-6f1f9e11598f:c4934]
2019-07-10 10:43:05,002 INFO  client.GrpcClientProtocolClient (GrpcClientProtocolClient.java:onNext(255)) - client-AC1CE418446C->edec9b8f-c318-426f-83f9-f44e945268a2: receive RaftClientReply:client-AC1CE418446C->edec9b8f-c318-426f-83f9-f44e945268a2@group-352661ED3FD5, cid=3293, SUCCESS, logIndex=0, commits[edec9b8f-c318-426f-83f9-f44e945268a2:c4938, 02a03aee-1dd1-43c9-94ca-c76e2a537489:c4936, 9fb73170-bb25-48da-afcf-6f1f9e11598f:c4936]
2019-07-10 10:43:05,025 INFO  client.GrpcClientProtocolClient (GrpcClientProtocolClient.java:onNext(255)) - client-AC1CE418446C->edec9b8f-c318-426f-83f9-f44e945268a2: receive RaftClientReply:client-AC1CE418446C->edec9b8f-c318-426f-83f9-f44e945268a2@group-352661ED3FD5, cid=3294, SUCCESS, logIndex=4939, commits[edec9b8f-c318-426f-83f9-f44e945268a2:c4940, 02a03aee-1dd1-43c9-94ca-c76e2a537489:c4938, 9fb73170-bb25-48da-afcf-6f1f9e11598f:c4936]
2019-07-10 10:43:05,025 INFO  client.GrpcClientProtocolClient (GrpcClientProtocolClient.java:onNext(255)) - client-AC1CE418446C->edec9b8f-c318-426f-83f9-f44e945268a2: receive RaftClientReply:client-AC1CE418446C->edec9b8f-c318-426f-83f9-f44e945268a2@group-352661ED3FD5, cid=3295, SUCCESS, logIndex=4940, commits[edec9b8f-c318-426f-83f9-f44e945268a2:c4940, 02a03aee-1dd1-43c9-94ca-c76e2a537489:c4938, 9fb73170-bb25-48da-afcf-6f1f9e11598f:c4938]
2019-07-10 10:43:05,027 INFO  client.GrpcClientProtocolClient (GrpcClientProtocolClient.java:onNext(255)) - client-AC1CE418446C->edec9b8f-c318-426f-83f9-f44e945268a2: receive RaftClientReply:client-AC1CE418446C->edec9b8f-c318-426f-83f9-f44e945268a2@group-352661ED3FD5, cid=3296, SUCCESS, logIndex=4941, commits[edec9b8f-c318-426f-83f9-f44e945268a2:c4942, 02a03aee-1dd1-43c9-94ca-c76e2a537489:c4938, 9fb73170-bb25-48da-afcf-6f1f9e11598f:c4938]
2019-07-10 10:43:05,027 INFO  client.GrpcClientProtocolClient (GrpcClientProtocolClient.java:onNext(255)) - client-AC1CE418446C->edec9b8f-c318-426f-83f9-f44e945268a2: receive RaftClientReply:client-AC1CE418446C->edec9b8f-c318-426f-83f9-f44e945268a2@group-352661ED3FD5, cid=3297, SUCCESS, logIndex=4942, commits[edec9b8f-c318-426f-83f9-f44e945268a2:c4944, 02a03aee-1dd1-43c9-94ca-c76e2a537489:c4940, 9fb73170-bb25-48da-afcf-6f1f9e11598f:c4938]
2019-07-10 10:43:05,028 INFO  client.GrpcClientProtocolClient (GrpcClientProtocolClient.java:onNext(255)) - client-AC1CE418446C->edec9b8f-c318-426f-83f9-f44e945268a2: receive RaftClientReply:client-AC1CE418446C->edec9b8f-c318-426f-83f9-f44e945268a2@group-352661ED3FD5, cid=3298, SUCCESS, logIndex=0, commits[edec9b8f-c318-426f-83f9-f44e945268a2:c4944, 02a03aee-1dd1-43c9-94ca-c76e2a537489:c4940, 9fb73170-bb25-48da-afcf-6f1f9e11598f:c4940]
2019-07-10 10:43:05,052 INFO  client.GrpcClientProtocolClient (GrpcClientProtocolClient.java:onNext(255)) - client-AC1CE418446C->edec9b8f-c318-426f-83f9-f44e945268a2: receive RaftClientReply:client-AC1CE418446C->edec9b8f-c318-426f-83f9-f44e945268a2@group-352661ED3FD5, cid=3299, SUCCESS, logIndex=4947, commits[edec9b8f-c318-426f-83f9-f44e945268a2:c4948, 02a03aee-1dd1-43c9-94ca-c76e2a537489:c4946, 9fb73170-bb25-48da-afcf-6f1f9e11598f:c4942]
2019-07-10 10:43:05,052 INFO  client.GrpcClientProtocolClient (GrpcClientProtocolClient.java:onNext(255)) - client-AC1CE418446C->edec9b8f-c318-426f-83f9-f44e945268a2: receive RaftClientReply:client-AC1CE418446C->edec9b8f-c318-426f-83f9-f44e945268a2@group-352661ED3FD5, cid=3300, SUCCESS, logIndex=4948, commits[edec9b8f-c318-426f-83f9-f44e945268a2:c4948, 02a03aee-1dd1-43c9-94ca-c76e2a537489:c4946, 9fb73170-bb25-48da-afcf-6f1f9e11598f:c4946]
2019-07-10 10:43:05,067 INFO  client.GrpcClientProtocolClient (GrpcClientProtocolClient.java:onNext(255)) - client-AC1CE418446C->edec9b8f-c318-426f-83f9-f44e945268a2: receive RaftClientReply:client-AC1CE418446C->edec9b8f-c318-426f-83f9-f44e945268a2@group-352661ED3FD5, cid=3301, SUCCESS, logIndex=4951, commits[edec9b8f-c318-426f-83f9-f44e945268a2:c4952, 02a03aee-1dd1-43c9-94ca-c76e2a537489:c4948, 9fb73170-bb25-48da-afcf-6f1f9e11598f:c4948]
2019-07-10 10:43:05,067 INFO  client.GrpcClientProtocolClient (GrpcClientProtocolClient.java:onNext(255)) - client-AC1CE418446C->edec9b8f-c318-426f-83f9-f44e945268a2: receive RaftClientReply:client-AC1CE418446C->edec9b8f-c318-426f-83f9-f44e945268a2@group-352661ED3FD5, cid=3302, SUCCESS, logIndex=4952, commits[edec9b8f-c318-426f-83f9-f44e945268a2:c4952, 02a03aee-1dd1-43c9-94ca-c76e2a537489:c4948, 9fb73170-bb25-48da-afcf-6f1f9e11598f:c4948]
2019-07-10 10:43:05,086 INFO  client.GrpcClientProtocolClient (GrpcClientProtocolClient.java:onNext(255)) - client-AC1CE418446C->edec9b8f-c318-426f-83f9-f44e945268a2: receive RaftClientReply:client-AC1CE418446C->edec9b8f-c318-426f-83f9-f44e945268a2@group-352661ED3FD5, cid=3303, SUCCESS, logIndex=0, commits[edec9b8f-c318-426f-83f9-f44e945268a2:c4953, 02a03aee-1dd1-43c9-94ca-c76e2a537489:c4952, 9fb73170-bb25-48da-afcf-6f1f9e11598f:c4952]
2019-07-10 10:43:05,116 INFO  client.GrpcClientProtocolClient (GrpcClientProtocolClient.java:onNext(255)) - client-AC1CE418446C->edec9b8f-c318-426f-83f9-f44e945268a2: receive RaftClientReply:client-AC1CE418446C->edec9b8f-c318-426f-83f9-f44e945268a2@group-352661ED3FD5, cid=3304, SUCCESS, logIndex=4955, commits[edec9b8f-c318-426f-83f9-f44e945268a2:c4957, 02a03aee-1dd1-43c9-94ca-c76e2a537489:c4954, 9fb73170-bb25-48da-afcf-6f1f9e11598f:c4954]
2019-07-10 10:43:05,116 INFO  client.GrpcClientProtocolClient (GrpcClientProtocolClient.java:onNext(255)) - client-AC1CE418446C->edec9b8f-c318-426f-83f9-f44e945268a2: receive RaftClientReply:client-AC1CE418446C->edec9b8f-c318-426f-83f9-f44e945268a2@group-352661ED3FD5, cid=3305, SUCCESS, logIndex=4956, commits[edec9b8f-c318-426f-83f9-f44e945268a2:c4958, 02a03aee-1dd1-43c9-94ca-c76e2a537489:c4954, 9fb73170-bb25-48da-afcf-6f1f9e11598f:c4954]
2019-07-10 10:43:05,117 INFO  client.GrpcClientProtocolClient (GrpcClientProtocolClient.java:onNext(255)) - client-AC1CE418446C->edec9b8f-c318-426f-83f9-f44e945268a2: receive RaftClientReply:client-AC1CE418446C->edec9b8f-c318-426f-83f9-f44e945268a2@group-352661ED3FD5, cid=3306, SUCCESS, logIndex=4957, commits[edec9b8f-c318-426f-83f9-f44e945268a2:c4958, 02a03aee-1dd1-43c9-94ca-c76e2a537489:c4954, 9fb73170-bb25-48da-afcf-6f1f9e11598f:c4954]
2019-07-10 10:43:05,117 INFO  client.GrpcClientProtocolClient (GrpcClientProtocolClient.java:onNext(255)) - client-AC1CE418446C->edec9b8f-c318-426f-83f9-f44e945268a2: receive RaftClientReply:client-AC1CE418446C->edec9b8f-c318-426f-83f9-f44e945268a2@group-352661ED3FD5, cid=3307, SUCCESS, logIndex=4958, commits[edec9b8f-c318-426f-83f9-f44e945268a2:c4958, 02a03aee-1dd1-43c9-94ca-c76e2a537489:c4954, 9fb73170-bb25-48da-afcf-6f1f9e11598f:c4955]
2019-07-10 10:43:05,118 INFO  client.GrpcClientProtocolClient (GrpcClientProtocolClient.java:onNext(255)) - client-AC1CE418446C->edec9b8f-c318-426f-83f9-f44e945268a2: receive RaftClientReply:client-AC1CE418446C->edec9b8f-c318-426f-83f9-f44e945268a2@group-352661ED3FD5, cid=3308, SUCCESS, logIndex=0, commits[edec9b8f-c318-426f-83f9-f44e945268a2:c4962, 02a03aee-1dd1-43c9-94ca-c76e2a537489:c4957, 9fb73170-bb25-48da-afcf-6f1f9e11598f:c4958]
2019-07-10 10:43:05,138 INFO  client.GrpcClientProtocolClient (GrpcClientProtocolClient.java:onNext(255)) - client-AC1CE418446C->edec9b8f-c318-426f-83f9-f44e945268a2: receive RaftClientReply:client-AC1CE418446C->edec9b8f-c318-426f-83f9-f44e945268a2@group-352661ED3FD5, cid=3309, SUCCESS, logIndex=4963, commits[edec9b8f-c318-426f-83f9-f44e945268a2:c4964, 02a03aee-1dd1-43c9-94ca-c76e2a537489:c4962, 9fb73170-bb25-48da-afcf-6f1f9e11598f:c4962]
2019-07-10 10:43:05,138 INFO  client.GrpcClientProtocolClient (GrpcClientProtocolClient.java:onNext(255)) - client-AC1CE418446C->edec9b8f-c318-426f-83f9-f44e945268a2: receive RaftClientReply:client-AC1CE418446C->edec9b8f-c318-426f-83f9-f44e945268a2@group-352661ED3FD5, cid=3310, SUCCESS, logIndex=4964, commits[edec9b8f-c318-426f-83f9-f44e945268a2:c4964, 02a03aee-1dd1-43c9-94ca-c76e2a537489:c4962, 9fb73170-bb25-48da-afcf-6f1f9e11598f:c4962]
2019-07-10 10:43:05,152 INFO  client.GrpcClientProtocolClient (GrpcClientProtocolClient.java:onNext(255)) - client-AC1CE418446C->edec9b8f-c318-426f-83f9-f44e945268a2: receive RaftClientReply:client-AC1CE418446C->edec9b8f-c318-426f-83f9-f44e945268a2@group-352661ED3FD5, cid=3311, SUCCESS, logIndex=4967, commits[edec9b8f-c318-426f-83f9-f44e945268a2:c4967, 02a03aee-1dd1-43c9-94ca-c76e2a537489:c4964, 9fb73170-bb25-48da-afcf-6f1f9e11598f:c4964]
2019-07-10 10:43:05,153 INFO  client.GrpcClientProtocolClient (GrpcClientProtocolClient.java:onNext(255)) - client-AC1CE418446C->edec9b8f-c318-426f-83f9-f44e945268a2: receive RaftClientReply:client-AC1CE418446C->edec9b8f-c318-426f-83f9-f44e945268a2@group-352661ED3FD5, cid=3312, SUCCESS, logIndex=4968, commits[edec9b8f-c318-426f-83f9-f44e945268a2:c4968, 02a03aee-1dd1-43c9-94ca-c76e2a537489:c4964, 9fb73170-bb25-48da-afcf-6f1f9e11598f:c4964]
2019-07-10 10:43:05,165 INFO  client.GrpcClientProtocolClient (GrpcClientProtocolClient.java:onNext(255)) - client-AC1CE418446C->edec9b8f-c318-426f-83f9-f44e945268a2: receive RaftClientReply:client-AC1CE418446C->edec9b8f-c318-426f-83f9-f44e945268a2@group-352661ED3FD5, cid=3313, SUCCESS, logIndex=0, commits[edec9b8f-c318-426f-83f9-f44e945268a2:c4970, 02a03aee-1dd1-43c9-94ca-c76e2a537489:c4968, 9fb73170-bb25-48da-afcf-6f1f9e11598f:c4968]
2019-07-10 10:43:05,194 INFO  client.GrpcClientProtocolClient (GrpcClientProtocolClient.java:onNext(255)) - client-AC1CE418446C->edec9b8f-c318-426f-83f9-f44e945268a2: receive RaftClientReply:client-AC1CE418446C->edec9b8f-c318-426f-83f9-f44e945268a2@group-352661ED3FD5, cid=3314, SUCCESS, logIndex=4971, commits[edec9b8f-c318-426f-83f9-f44e945268a2:c4972, 02a03aee-1dd1-43c9-94ca-c76e2a537489:c4970, 9fb73170-bb25-48da-afcf-6f1f9e11598f:c4970]
2019-07-10 10:43:05,194 INFO  client.GrpcClientProtocolClient (GrpcClientProtocolClient.java:onNext(255)) - client-AC1CE418446C->edec9b8f-c318-426f-83f9-f44e945268a2: receive RaftClientReply:client-AC1CE418446C->edec9b8f-c318-426f-83f9-f44e945268a2@group-352661ED3FD5, cid=3315, SUCCESS, logIndex=4972, commits[edec9b8f-c318-426f-83f9-f44e945268a2:c4972, 02a03aee-1dd1-43c9-94ca-c76e2a537489:c4970, 9fb73170-bb25-48da-afcf-6f1f9e11598f:c4970]
2019-07-10 10:43:05,281 INFO  client.GrpcClientProtocolClient (GrpcClientProtocolClient.java:onNext(255)) - client-AC1CE418446C->edec9b8f-c318-426f-83f9-f44e945268a2: receive RaftClientReply:client-AC1CE418446C->edec9b8f-c318-426f-83f9-f44e945268a2@group-352661ED3FD5, cid=3316, SUCCESS, logIndex=4973, commits[edec9b8f-c318-426f-83f9-f44e945268a2:c4974, 02a03aee-1dd1-43c9-94ca-c76e2a537489:c4970, 9fb73170-bb25-48da-afcf-6f1f9e11598f:c4970]
2019-07-10 10:43:05,282 INFO  client.GrpcClientProtocolClient (GrpcClientProtocolClient.java:onNext(255)) - client-AC1CE418446C->edec9b8f-c318-426f-83f9-f44e945268a2: receive RaftClientReply:client-AC1CE418446C->edec9b8f-c318-426f-83f9-f44e945268a2@group-352661ED3FD5, cid=3317, SUCCESS, logIndex=4974, commits[edec9b8f-c318-426f-83f9-f44e945268a2:c4974, 02a03aee-1dd1-43c9-94ca-c76e2a537489:c4970, 9fb73170-bb25-48da-afcf-6f1f9e11598f:c4970]
2019-07-10 10:43:05,293 INFO  client.GrpcClientProtocolClient (GrpcClientProtocolClient.java:onNext(255)) - client-AC1CE418446C->edec9b8f-c318-426f-83f9-f44e945268a2: receive RaftClientReply:client-AC1CE418446C->edec9b8f-c318-426f-83f9-f44e945268a2@group-352661ED3FD5, cid=3318, SUCCESS, logIndex=0, commits[edec9b8f-c318-426f-83f9-f44e945268a2:c4976, 02a03aee-1dd1-43c9-94ca-c76e2a537489:c4972, 9fb73170-bb25-48da-afcf-6f1f9e11598f:c4972]
2019-07-10 10:43:05,323 INFO  client.GrpcClientProtocolClient (GrpcClientProtocolClient.java:onNext(255)) - client-AC1CE418446C->edec9b8f-c318-426f-83f9-f44e945268a2: receive RaftClientReply:client-AC1CE418446C->edec9b8f-c318-426f-83f9-f44e945268a2@group-352661ED3FD5, cid=3319, SUCCESS, logIndex=4979, commits[edec9b8f-c318-426f-83f9-f44e945268a2:c4980, 02a03aee-1dd1-43c9-94ca-c76e2a537489:c4978, 9fb73170-bb25-48da-afcf-6f1f9e11598f:c4978]
2019-07-10 10:43:05,324 INFO  client.GrpcClientProtocolClient (GrpcClientProtocolClient.java:onNext(255)) - client-AC1CE418446C->edec9b8f-c318-426f-83f9-f44e945268a2: receive RaftClientReply:client-AC1CE418446C->edec9b8f-c318-426f-83f9-f44e945268a2@group-352661ED3FD5, cid=3320, SUCCESS, logIndex=4980, commits[edec9b8f-c318-426f-83f9-f44e945268a2:c4980, 02a03aee-1dd1-43c9-94ca-c76e2a537489:c4978, 9fb73170-bb25-48da-afcf-6f1f9e11598f:c4978]
2019-07-10 10:43:05,337 INFO  client.GrpcClientProtocolClient (GrpcClientProtocolClient.java:onNext(255)) - client-AC1CE418446C->edec9b8f-c318-426f-83f9-f44e945268a2: receive RaftClientReply:client-AC1CE418446C->edec9b8f-c318-426f-83f9-f44e945268a2@group-352661ED3FD5, cid=3321, SUCCESS, logIndex=4983, commits[edec9b8f-c318-426f-83f9-f44e945268a2:c4983, 02a03aee-1dd1-43c9-94ca-c76e2a537489:c4980, 9fb73170-bb25-48da-afcf-6f1f9e11598f:c4980]
2019-07-10 10:43:05,338 INFO  client.GrpcClientProtocolClient (GrpcClientProtocolClient.java:onNext(255)) - client-AC1CE418446C->edec9b8f-c318-426f-83f9-f44e945268a2: receive RaftClientReply:client-AC1CE418446C->edec9b8f-c318-426f-83f9-f44e945268a2@group-352661ED3FD5, cid=3322, SUCCESS, logIndex=4984, commits[edec9b8f-c318-426f-83f9-f44e945268a2:c4984, 02a03aee-1dd1-43c9-94ca-c76e2a537489:c4980, 9fb73170-bb25-48da-afcf-6f1f9e11598f:c4980]
2019-07-10 10:43:05,362 INFO  client.GrpcClientProtocolClient (GrpcClientProtocolClient.java:onNext(255)) - client-AC1CE418446C->edec9b8f-c318-426f-83f9-f44e945268a2: receive RaftClientReply:client-AC1CE418446C->edec9b8f-c318-426f-83f9-f44e945268a2@group-352661ED3FD5, cid=3323, SUCCESS, logIndex=0, commits[edec9b8f-c318-426f-83f9-f44e945268a2:c4986, 02a03aee-1dd1-43c9-94ca-c76e2a537489:c4984, 9fb73170-bb25-48da-afcf-6f1f9e11598f:c4984]
2019-07-10 10:43:05,396 INFO  client.GrpcClientProtocolClient (GrpcClientProtocolClient.java:onNext(255)) - client-AC1CE418446C->edec9b8f-c318-426f-83f9-f44e945268a2: receive RaftClientReply:client-AC1CE418446C->edec9b8f-c318-426f-83f9-f44e945268a2@group-352661ED3FD5, cid=3324, SUCCESS, logIndex=4987, commits[edec9b8f-c318-426f-83f9-f44e945268a2:c4989, 02a03aee-1dd1-43c9-94ca-c76e2a537489:c4986, 9fb73170-bb25-48da-afcf-6f1f9e11598f:c4986]
2019-07-10 10:43:05,397 INFO  client.GrpcClientProtocolClient (GrpcClientProtocolClient.java:onNext(255)) - client-AC1CE418446C->edec9b8f-c318-426f-83f9-f44e945268a2: receive RaftClientReply:client-AC1CE418446C->edec9b8f-c318-426f-83f9-f44e945268a2@group-352661ED3FD5, cid=3325, SUCCESS, logIndex=4988, commits[edec9b8f-c318-426f-83f9-f44e945268a2:c4990, 02a03aee-1dd1-43c9-94ca-c76e2a537489:c4986, 9fb73170-bb25-48da-afcf-6f1f9e11598f:c4986]
2019-07-10 10:43:05,398 INFO  client.GrpcClientProtocolClient (GrpcClientProtocolClient.java:onNext(255)) - client-AC1CE418446C->edec9b8f-c318-426f-83f9-f44e945268a2: receive RaftClientReply:client-AC1CE418446C->edec9b8f-c318-426f-83f9-f44e945268a2@group-352661ED3FD5, cid=3326, SUCCESS, logIndex=4989, commits[edec9b8f-c318-426f-83f9-f44e945268a2:c4990, 02a03aee-1dd1-43c9-94ca-c76e2a537489:c4986, 9fb73170-bb25-48da-afcf-6f1f9e11598f:c4986]
2019-07-10 10:43:05,398 INFO  client.GrpcClientProtocolClient (GrpcClientProtocolClient.java:onNext(255)) - client-AC1CE418446C->edec9b8f-c318-426f-83f9-f44e945268a2: receive RaftClientReply:client-AC1CE418446C->edec9b8f-c318-426f-83f9-f44e945268a2@group-352661ED3FD5, cid=3327, SUCCESS, logIndex=4990, commits[edec9b8f-c318-426f-83f9-f44e945268a2:c4991, 02a03aee-1dd1-43c9-94ca-c76e2a537489:c4987, 9fb73170-bb25-48da-afcf-6f1f9e11598f:c4986]
2019-07-10 10:43:05,410 INFO  client.GrpcClientProtocolClient (GrpcClientProtocolClient.java:onNext(255)) - client-AC1CE418446C->edec9b8f-c318-426f-83f9-f44e945268a2: receive RaftClientReply:client-AC1CE418446C->edec9b8f-c318-426f-83f9-f44e945268a2@group-352661ED3FD5, cid=3328, SUCCESS, logIndex=0, commits[edec9b8f-c318-426f-83f9-f44e945268a2:c4993, 02a03aee-1dd1-43c9-94ca-c76e2a537489:c4988, 9fb73170-bb25-48da-afcf-6f1f9e11598f:c4989]
2019-07-10 10:43:05,431 INFO  client.GrpcClientProtocolClient (GrpcClientProtocolClient.java:onNext(255)) - client-AC1CE418446C->edec9b8f-c318-426f-83f9-f44e945268a2: receive RaftClientReply:client-AC1CE418446C->edec9b8f-c318-426f-83f9-f44e945268a2@group-352661ED3FD5, cid=3329, SUCCESS, logIndex=4995, commits[edec9b8f-c318-426f-83f9-f44e945268a2:c4996, 02a03aee-1dd1-43c9-94ca-c76e2a537489:c4994, 9fb73170-bb25-48da-afcf-6f1f9e11598f:c4994]
2019-07-10 10:43:05,431 INFO  client.GrpcClientProtocolClient (GrpcClientProtocolClient.java:onNext(255)) - client-AC1CE418446C->edec9b8f-c318-426f-83f9-f44e945268a2: receive RaftClientReply:client-AC1CE418446C->edec9b8f-c318-426f-83f9-f44e945268a2@group-352661ED3FD5, cid=3330, SUCCESS, logIndex=4996, commits[edec9b8f-c318-426f-83f9-f44e945268a2:c4996, 02a03aee-1dd1-43c9-94ca-c76e2a537489:c4994, 9fb73170-bb25-48da-afcf-6f1f9e11598f:c4994]
2019-07-10 10:43:05,460 INFO  client.GrpcClientProtocolClient (GrpcClientProtocolClient.java:onNext(255)) - client-AC1CE418446C->edec9b8f-c318-426f-83f9-f44e945268a2: receive RaftClientReply:client-AC1CE418446C->edec9b8f-c318-426f-83f9-f44e945268a2@group-352661ED3FD5, cid=3331, SUCCESS, logIndex=4999, commits[edec9b8f-c318-426f-83f9-f44e945268a2:c5000, 02a03aee-1dd1-43c9-94ca-c76e2a537489:c4996, 9fb73170-bb25-48da-afcf-6f1f9e11598f:c4996]
2019-07-10 10:43:05,460 INFO  client.GrpcClientProtocolClient (GrpcClientProtocolClient.java:onNext(255)) - client-AC1CE418446C->edec9b8f-c318-426f-83f9-f44e945268a2: receive RaftClientReply:client-AC1CE418446C->edec9b8f-c318-426f-83f9-f44e945268a2@group-352661ED3FD5, cid=3332, SUCCESS, logIndex=5000, commits[edec9b8f-c318-426f-83f9-f44e945268a2:c5000, 02a03aee-1dd1-43c9-94ca-c76e2a537489:c4996, 9fb73170-bb25-48da-afcf-6f1f9e11598f:c4996]
2019-07-10 10:43:05,471 INFO  client.GrpcClientProtocolClient (GrpcClientProtocolClient.java:onNext(255)) - client-AC1CE418446C->edec9b8f-c318-426f-83f9-f44e945268a2: receive RaftClientReply:client-AC1CE418446C->edec9b8f-c318-426f-83f9-f44e945268a2@group-352661ED3FD5, cid=3333, SUCCESS, logIndex=0, commits[edec9b8f-c318-426f-83f9-f44e945268a2:c5001, 02a03aee-1dd1-43c9-94ca-c76e2a537489:c5000, 9fb73170-bb25-48da-afcf-6f1f9e11598f:c5000]
 0.00% |█                                                                                                    |  0/1 Time: 0:00:312019-07-10 10:43:05,506 INFO  client.GrpcClientProtocolClient (GrpcClientProtocolClient.java:onNext(255)) - client-AC1CE418446C->edec9b8f-c318-426f-83f9-f44e945268a2: receive RaftClientReply:client-AC1CE418446C->edec9b8f-c318-426f-83f9-f44e945268a2@group-352661ED3FD5, cid=3334, SUCCESS, logIndex=5003, commits[edec9b8f-c318-426f-83f9-f44e945268a2:c5005, 02a03aee-1dd1-43c9-94ca-c76e2a537489:c5002, 9fb73170-bb25-48da-afcf-6f1f9e11598f:c5002]
2019-07-10 10:43:05,507 INFO  client.GrpcClientProtocolClient (GrpcClientProtocolClient.java:onNext(255)) - client-AC1CE418446C->edec9b8f-c318-426f-83f9-f44e945268a2: receive RaftClientReply:client-AC1CE418446C->edec9b8f-c318-426f-83f9-f44e945268a2@group-352661ED3FD5, cid=3335, SUCCESS, logIndex=5004, commits[edec9b8f-c318-426f-83f9-f44e945268a2:c5006, 02a03aee-1dd1-43c9-94ca-c76e2a537489:c5002, 9fb73170-bb25-48da-afcf-6f1f9e11598f:c5002]
2019-07-10 10:43:05,507 INFO  client.GrpcClientProtocolClient (GrpcClientProtocolClient.java:onNext(255)) - client-AC1CE418446C->edec9b8f-c318-426f-83f9-f44e945268a2: receive RaftClientReply:client-AC1CE418446C->edec9b8f-c318-426f-83f9-f44e945268a2@group-352661ED3FD5, cid=3336, SUCCESS, logIndex=5005, commits[edec9b8f-c318-426f-83f9-f44e945268a2:c5006, 02a03aee-1dd1-43c9-94ca-c76e2a537489:c5002, 9fb73170-bb25-48da-afcf-6f1f9e11598f:c5002]
2019-07-10 10:43:05,508 INFO  client.GrpcClientProtocolClient (GrpcClientProtocolClient.java:onNext(255)) - client-AC1CE418446C->edec9b8f-c318-426f-83f9-f44e945268a2: receive RaftClientReply:client-AC1CE418446C->edec9b8f-c318-426f-83f9-f44e945268a2@group-352661ED3FD5, cid=3337, SUCCESS, logIndex=5006, commits[edec9b8f-c318-426f-83f9-f44e945268a2:c5006, 02a03aee-1dd1-43c9-94ca-c76e2a537489:c5002, 9fb73170-bb25-48da-afcf-6f1f9e11598f:c5002]
2019-07-10 10:43:05,518 INFO  client.GrpcClientProtocolClient (GrpcClientProtocolClient.java:onNext(255)) - client-AC1CE418446C->edec9b8f-c318-426f-83f9-f44e945268a2: receive RaftClientReply:client-AC1CE418446C->edec9b8f-c318-426f-83f9-f44e945268a2@group-352661ED3FD5, cid=3338, SUCCESS, logIndex=0, commits[edec9b8f-c318-426f-83f9-f44e945268a2:c5008, 02a03aee-1dd1-43c9-94ca-c76e2a537489:c5004, 9fb73170-bb25-48da-afcf-6f1f9e11598f:c5004]
2019-07-10 10:43:05,540 INFO  client.GrpcClientProtocolClient (GrpcClientProtocolClient.java:onNext(255)) - client-AC1CE418446C->edec9b8f-c318-426f-83f9-f44e945268a2: receive RaftClientReply:client-AC1CE418446C->edec9b8f-c318-426f-83f9-f44e945268a2@group-352661ED3FD5, cid=3339, SUCCESS, logIndex=5011, commits[edec9b8f-c318-426f-83f9-f44e945268a2:c5012, 02a03aee-1dd1-43c9-94ca-c76e2a537489:c5010, 9fb73170-bb25-48da-afcf-6f1f9e11598f:c5010]
2019-07-10 10:43:05,540 INFO  client.GrpcClientProtocolClient (GrpcClientProtocolClient.java:onNext(255)) - client-AC1CE418446C->edec9b8f-c318-426f-83f9-f44e945268a2: receive RaftClientReply:client-AC1CE418446C->edec9b8f-c318-426f-83f9-f44e945268a2@group-352661ED3FD5, cid=3340, SUCCESS, logIndex=5012, commits[edec9b8f-c318-426f-83f9-f44e945268a2:c5012, 02a03aee-1dd1-43c9-94ca-c76e2a537489:c5010, 9fb73170-bb25-48da-afcf-6f1f9e11598f:c5010]
2019-07-10 10:43:05,566 INFO  client.GrpcClientProtocolClient (GrpcClientProtocolClient.java:onNext(255)) - client-AC1CE418446C->edec9b8f-c318-426f-83f9-f44e945268a2: receive RaftClientReply:client-AC1CE418446C->edec9b8f-c318-426f-83f9-f44e945268a2@group-352661ED3FD5, cid=3341, SUCCESS, logIndex=5015, commits[edec9b8f-c318-426f-83f9-f44e945268a2:c5016, 02a03aee-1dd1-43c9-94ca-c76e2a537489:c5012, 9fb73170-bb25-48da-afcf-6f1f9e11598f:c5012]
2019-07-10 10:43:05,566 INFO  client.GrpcClientProtocolClient (GrpcClientProtocolClient.java:onNext(255)) - client-AC1CE418446C->edec9b8f-c318-426f-83f9-f44e945268a2: receive RaftClientReply:client-AC1CE418446C->edec9b8f-c318-426f-83f9-f44e945268a2@group-352661ED3FD5, cid=3342, SUCCESS, logIndex=5016, commits[edec9b8f-c318-426f-83f9-f44e945268a2:c5016, 02a03aee-1dd1-43c9-94ca-c76e2a537489:c5012, 9fb73170-bb25-48da-afcf-6f1f9e11598f:c5012]
2019-07-10 10:43:05,579 INFO  client.GrpcClientProtocolClient (GrpcClientProtocolClient.java:onNext(255)) - client-AC1CE418446C->edec9b8f-c318-426f-83f9-f44e945268a2: receive RaftClientReply:client-AC1CE418446C->edec9b8f-c318-426f-83f9-f44e945268a2@group-352661ED3FD5, cid=3343, SUCCESS, logIndex=0, commits[edec9b8f-c318-426f-83f9-f44e945268a2:c5017, 02a03aee-1dd1-43c9-94ca-c76e2a537489:c5016, 9fb73170-bb25-48da-afcf-6f1f9e11598f:c5016]
2019-07-10 10:43:05,614 INFO  client.GrpcClientProtocolClient (GrpcClientProtocolClient.java:onNext(255)) - client-AC1CE418446C->edec9b8f-c318-426f-83f9-f44e945268a2: receive RaftClientReply:client-AC1CE418446C->edec9b8f-c318-426f-83f9-f44e945268a2@group-352661ED3FD5, cid=3344, SUCCESS, logIndex=5019, commits[edec9b8f-c318-426f-83f9-f44e945268a2:c5021, 02a03aee-1dd1-43c9-94ca-c76e2a537489:c5018, 9fb73170-bb25-48da-afcf-6f1f9e11598f:c5018]
2019-07-10 10:43:05,615 INFO  client.GrpcClientProtocolClient (GrpcClientProtocolClient.java:onNext(255)) - client-AC1CE418446C->edec9b8f-c318-426f-83f9-f44e945268a2: receive RaftClientReply:client-AC1CE418446C->edec9b8f-c318-426f-83f9-f44e945268a2@group-352661ED3FD5, cid=3345, SUCCESS, logIndex=5020, commits[edec9b8f-c318-426f-83f9-f44e945268a2:c5022, 02a03aee-1dd1-43c9-94ca-c76e2a537489:c5018, 9fb73170-bb25-48da-afcf-6f1f9e11598f:c5018]
2019-07-10 10:43:05,615 INFO  client.GrpcClientProtocolClient (GrpcClientProtocolClient.java:onNext(255)) - client-AC1CE418446C->edec9b8f-c318-426f-83f9-f44e945268a2: receive RaftClientReply:client-AC1CE418446C->edec9b8f-c318-426f-83f9-f44e945268a2@group-352661ED3FD5, cid=3346, SUCCESS, logIndex=5021, commits[edec9b8f-c318-426f-83f9-f44e945268a2:c5022, 02a03aee-1dd1-43c9-94ca-c76e2a537489:c5018, 9fb73170-bb25-48da-afcf-6f1f9e11598f:c5018]
2019-07-10 10:43:05,615 INFO  client.GrpcClientProtocolClient (GrpcClientProtocolClient.java:onNext(255)) - client-AC1CE418446C->edec9b8f-c318-426f-83f9-f44e945268a2: receive RaftClientReply:client-AC1CE418446C->edec9b8f-c318-426f-83f9-f44e945268a2@group-352661ED3FD5, cid=3347, SUCCESS, logIndex=5022, commits[edec9b8f-c318-426f-83f9-f44e945268a2:c5022, 02a03aee-1dd1-43c9-94ca-c76e2a537489:c5018, 9fb73170-bb25-48da-afcf-6f1f9e11598f:c5018]
2019-07-10 10:43:05,627 INFO  client.GrpcClientProtocolClient (GrpcClientProtocolClient.java:onNext(255)) - client-AC1CE418446C->edec9b8f-c318-426f-83f9-f44e945268a2: receive RaftClientReply:client-AC1CE418446C->edec9b8f-c318-426f-83f9-f44e945268a2@group-352661ED3FD5, cid=3348, SUCCESS, logIndex=0, commits[edec9b8f-c318-426f-83f9-f44e945268a2:c5025, 02a03aee-1dd1-43c9-94ca-c76e2a537489:c5020, 9fb73170-bb25-48da-afcf-6f1f9e11598f:c5021]
2019-07-10 10:43:05,650 INFO  client.GrpcClientProtocolClient (GrpcClientProtocolClient.java:onNext(255)) - client-AC1CE418446C->edec9b8f-c318-426f-83f9-f44e945268a2: receive RaftClientReply:client-AC1CE418446C->edec9b8f-c318-426f-83f9-f44e945268a2@group-352661ED3FD5, cid=3349, SUCCESS, logIndex=5027, commits[edec9b8f-c318-426f-83f9-f44e945268a2:c5028, 02a03aee-1dd1-43c9-94ca-c76e2a537489:c5026, 9fb73170-bb25-48da-afcf-6f1f9e11598f:c5026]
2019-07-10 10:43:05,650 INFO  client.GrpcClientProtocolClient (GrpcClientProtocolClient.java:onNext(255)) - client-AC1CE418446C->edec9b8f-c318-426f-83f9-f44e945268a2: receive RaftClientReply:client-AC1CE418446C->edec9b8f-c318-426f-83f9-f44e945268a2@group-352661ED3FD5, cid=3350, SUCCESS, logIndex=5028, commits[edec9b8f-c318-426f-83f9-f44e945268a2:c5028, 02a03aee-1dd1-43c9-94ca-c76e2a537489:c5026, 9fb73170-bb25-48da-afcf-6f1f9e11598f:c5026]
2019-07-10 10:43:05,674 INFO  client.GrpcClientProtocolClient (GrpcClientProtocolClient.java:onNext(255)) - client-AC1CE418446C->edec9b8f-c318-426f-83f9-f44e945268a2: receive RaftClientReply:client-AC1CE418446C->edec9b8f-c318-426f-83f9-f44e945268a2@group-352661ED3FD5, cid=3351, SUCCESS, logIndex=5031, commits[edec9b8f-c318-426f-83f9-f44e945268a2:c5032, 02a03aee-1dd1-43c9-94ca-c76e2a537489:c5027, 9fb73170-bb25-48da-afcf-6f1f9e11598f:c5028]
2019-07-10 10:43:05,674 INFO  client.GrpcClientProtocolClient (GrpcClientProtocolClient.java:onNext(255)) - client-AC1CE418446C->edec9b8f-c318-426f-83f9-f44e945268a2: receive RaftClientReply:client-AC1CE418446C->edec9b8f-c318-426f-83f9-f44e945268a2@group-352661ED3FD5, cid=3352, SUCCESS, logIndex=5032, commits[edec9b8f-c318-426f-83f9-f44e945268a2:c5032, 02a03aee-1dd1-43c9-94ca-c76e2a537489:c5028, 9fb73170-bb25-48da-afcf-6f1f9e11598f:c5028]
2019-07-10 10:43:05,688 INFO  client.GrpcClientProtocolClient (GrpcClientProtocolClient.java:onNext(255)) - client-AC1CE418446C->edec9b8f-c318-426f-83f9-f44e945268a2: receive RaftClientReply:client-AC1CE418446C->edec9b8f-c318-426f-83f9-f44e945268a2@group-352661ED3FD5, cid=3353, SUCCESS, logIndex=0, commits[edec9b8f-c318-426f-83f9-f44e945268a2:c5033, 02a03aee-1dd1-43c9-94ca-c76e2a537489:c5032, 9fb73170-bb25-48da-afcf-6f1f9e11598f:c5032]
2019-07-10 10:43:05,723 INFO  client.GrpcClientProtocolClient (GrpcClientProtocolClient.java:onNext(255)) - client-AC1CE418446C->edec9b8f-c318-426f-83f9-f44e945268a2: receive RaftClientReply:client-AC1CE418446C->edec9b8f-c318-426f-83f9-f44e945268a2@group-352661ED3FD5, cid=3354, SUCCESS, logIndex=5035, commits[edec9b8f-c318-426f-83f9-f44e945268a2:c5036, 02a03aee-1dd1-43c9-94ca-c76e2a537489:c5034, 9fb73170-bb25-48da-afcf-6f1f9e11598f:c5034]
2019-07-10 10:43:05,723 INFO  client.GrpcClientProtocolClient (GrpcClientProtocolClient.java:onNext(255)) - client-AC1CE418446C->edec9b8f-c318-426f-83f9-f44e945268a2: receive RaftClientReply:client-AC1CE418446C->edec9b8f-c318-426f-83f9-f44e945268a2@group-352661ED3FD5, cid=3355, SUCCESS, logIndex=5036, commits[edec9b8f-c318-426f-83f9-f44e945268a2:c5036, 02a03aee-1dd1-43c9-94ca-c76e2a537489:c5034, 9fb73170-bb25-48da-afcf-6f1f9e11598f:c5034]
2019-07-10 10:43:05,734 INFO  client.GrpcClientProtocolClient (GrpcClientProtocolClient.java:onNext(255)) - client-AC1CE418446C->edec9b8f-c318-426f-83f9-f44e945268a2: receive RaftClientReply:client-AC1CE418446C->edec9b8f-c318-426f-83f9-f44e945268a2@group-352661ED3FD5, cid=3356, SUCCESS, logIndex=5037, commits[edec9b8f-c318-426f-83f9-f44e945268a2:c5038, 02a03aee-1dd1-43c9-94ca-c76e2a537489:c5034, 9fb73170-bb25-48da-afcf-6f1f9e11598f:c5034]
2019-07-10 10:43:05,734 INFO  client.GrpcClientProtocolClient (GrpcClientProtocolClient.java:onNext(255)) - client-AC1CE418446C->edec9b8f-c318-426f-83f9-f44e945268a2: receive RaftClientReply:client-AC1CE418446C->edec9b8f-c318-426f-83f9-f44e945268a2@group-352661ED3FD5, cid=3357, SUCCESS, logIndex=5038, commits[edec9b8f-c318-426f-83f9-f44e945268a2:c5038, 02a03aee-1dd1-43c9-94ca-c76e2a537489:c5034, 9fb73170-bb25-48da-afcf-6f1f9e11598f:c5034]
2019-07-10 10:43:05,737 INFO  client.GrpcClientProtocolClient (GrpcClientProtocolClient.java:onNext(255)) - client-AC1CE418446C->edec9b8f-c318-426f-83f9-f44e945268a2: receive RaftClientReply:client-AC1CE418446C->edec9b8f-c318-426f-83f9-f44e945268a2@group-352661ED3FD5, cid=3358, SUCCESS, logIndex=0, commits[edec9b8f-c318-426f-83f9-f44e945268a2:c5040, 02a03aee-1dd1-43c9-94ca-c76e2a537489:c5036, 9fb73170-bb25-48da-afcf-6f1f9e11598f:c5036]
2019-07-10 10:43:05,761 INFO  client.GrpcClientProtocolClient (GrpcClientProtocolClient.java:onNext(255)) - client-AC1CE418446C->edec9b8f-c318-426f-83f9-f44e945268a2: receive RaftClientReply:client-AC1CE418446C->edec9b8f-c318-426f-83f9-f44e945268a2@group-352661ED3FD5, cid=3359, SUCCESS, logIndex=5043, commits[edec9b8f-c318-426f-83f9-f44e945268a2:c5044, 02a03aee-1dd1-43c9-94ca-c76e2a537489:c5040, 9fb73170-bb25-48da-afcf-6f1f9e11598f:c5040]
2019-07-10 10:43:05,761 INFO  client.GrpcClientProtocolClient (GrpcClientProtocolClient.java:onNext(255)) - client-AC1CE418446C->edec9b8f-c318-426f-83f9-f44e945268a2: receive RaftClientReply:client-AC1CE418446C->edec9b8f-c318-426f-83f9-f44e945268a2@group-352661ED3FD5, cid=3360, SUCCESS, logIndex=5044, commits[edec9b8f-c318-426f-83f9-f44e945268a2:c5044, 02a03aee-1dd1-43c9-94ca-c76e2a537489:c5040, 9fb73170-bb25-48da-afcf-6f1f9e11598f:c5040]
2019-07-10 10:43:05,782 INFO  client.GrpcClientProtocolClient (GrpcClientProtocolClient.java:onNext(255)) - client-AC1CE418446C->edec9b8f-c318-426f-83f9-f44e945268a2: receive RaftClientReply:client-AC1CE418446C->edec9b8f-c318-426f-83f9-f44e945268a2@group-352661ED3FD5, cid=3361, SUCCESS, logIndex=5047, commits[edec9b8f-c318-426f-83f9-f44e945268a2:c5048, 02a03aee-1dd1-43c9-94ca-c76e2a537489:c5045, 9fb73170-bb25-48da-afcf-6f1f9e11598f:c5045]
2019-07-10 10:43:05,782 INFO  client.GrpcClientProtocolClient (GrpcClientProtocolClient.java:onNext(255)) - client-AC1CE418446C->edec9b8f-c318-426f-83f9-f44e945268a2: receive RaftClientReply:client-AC1CE418446C->edec9b8f-c318-426f-83f9-f44e945268a2@group-352661ED3FD5, cid=3362, SUCCESS, logIndex=5048, commits[edec9b8f-c318-426f-83f9-f44e945268a2:c5048, 02a03aee-1dd1-43c9-94ca-c76e2a537489:c5045, 9fb73170-bb25-48da-afcf-6f1f9e11598f:c5045]
2019-07-10 10:43:05,786 INFO  client.GrpcClientProtocolClient (GrpcClientProtocolClient.java:onNext(255)) - client-AC1CE418446C->edec9b8f-c318-426f-83f9-f44e945268a2: receive RaftClientReply:client-AC1CE418446C->edec9b8f-c318-426f-83f9-f44e945268a2@group-352661ED3FD5, cid=3363, SUCCESS, logIndex=0, commits[edec9b8f-c318-426f-83f9-f44e945268a2:c5049, 02a03aee-1dd1-43c9-94ca-c76e2a537489:c5048, 9fb73170-bb25-48da-afcf-6f1f9e11598f:c5048]
2019-07-10 10:43:05,841 INFO  client.GrpcClientProtocolClient (GrpcClientProtocolClient.java:onNext(255)) - client-AC1CE418446C->edec9b8f-c318-426f-83f9-f44e945268a2: receive RaftClientReply:client-AC1CE418446C->edec9b8f-c318-426f-83f9-f44e945268a2@group-352661ED3FD5, cid=3364, SUCCESS, logIndex=5051, commits[edec9b8f-c318-426f-83f9-f44e945268a2:c5052, 02a03aee-1dd1-43c9-94ca-c76e2a537489:c5050, 9fb73170-bb25-48da-afcf-6f1f9e11598f:c5050]
2019-07-10 10:43:05,842 INFO  client.GrpcClientProtocolClient (GrpcClientProtocolClient.java:onNext(255)) - client-AC1CE418446C->edec9b8f-c318-426f-83f9-f44e945268a2: receive RaftClientReply:client-AC1CE418446C->edec9b8f-c318-426f-83f9-f44e945268a2@group-352661ED3FD5, cid=3365, SUCCESS, logIndex=5052, commits[edec9b8f-c318-426f-83f9-f44e945268a2:c5054, 02a03aee-1dd1-43c9-94ca-c76e2a537489:c5050, 9fb73170-bb25-48da-afcf-6f1f9e11598f:c5050]
2019-07-10 10:43:05,842 INFO  client.GrpcClientProtocolClient (GrpcClientProtocolClient.java:onNext(255)) - client-AC1CE418446C->edec9b8f-c318-426f-83f9-f44e945268a2: receive RaftClientReply:client-AC1CE418446C->edec9b8f-c318-426f-83f9-f44e945268a2@group-352661ED3FD5, cid=3366, SUCCESS, logIndex=5053, commits[edec9b8f-c318-426f-83f9-f44e945268a2:c5054, 02a03aee-1dd1-43c9-94ca-c76e2a537489:c5050, 9fb73170-bb25-48da-afcf-6f1f9e11598f:c5050]
2019-07-10 10:43:05,843 INFO  client.GrpcClientProtocolClient (GrpcClientProtocolClient.java:onNext(255)) - client-AC1CE418446C->edec9b8f-c318-426f-83f9-f44e945268a2: receive RaftClientReply:client-AC1CE418446C->edec9b8f-c318-426f-83f9-f44e945268a2@group-352661ED3FD5, cid=3367, SUCCESS, logIndex=5054, commits[edec9b8f-c318-426f-83f9-f44e945268a2:c5054, 02a03aee-1dd1-43c9-94ca-c76e2a537489:c5050, 9fb73170-bb25-48da-afcf-6f1f9e11598f:c5050]
2019-07-10 10:43:05,844 INFO  client.GrpcClientProtocolClient (GrpcClientProtocolClient.java:onNext(255)) - client-AC1CE418446C->edec9b8f-c318-426f-83f9-f44e945268a2: receive RaftClientReply:client-AC1CE418446C->edec9b8f-c318-426f-83f9-f44e945268a2@group-352661ED3FD5, cid=3368, SUCCESS, logIndex=0, commits[edec9b8f-c318-426f-83f9-f44e945268a2:c5056, 02a03aee-1dd1-43c9-94ca-c76e2a537489:c5052, 9fb73170-bb25-48da-afcf-6f1f9e11598f:c5052]
2019-07-10 10:43:05,866 INFO  client.GrpcClientProtocolClient (GrpcClientProtocolClient.java:onNext(255)) - client-AC1CE418446C->edec9b8f-c318-426f-83f9-f44e945268a2: receive RaftClientReply:client-AC1CE418446C->edec9b8f-c318-426f-83f9-f44e945268a2@group-352661ED3FD5, cid=3369, SUCCESS, logIndex=5058, commits[edec9b8f-c318-426f-83f9-f44e945268a2:c5059, 02a03aee-1dd1-43c9-94ca-c76e2a537489:c5057, 9fb73170-bb25-48da-afcf-6f1f9e11598f:c5057]
2019-07-10 10:43:05,866 INFO  client.GrpcClientProtocolClient (GrpcClientProtocolClient.java:onNext(255)) - client-AC1CE418446C->edec9b8f-c318-426f-83f9-f44e945268a2: receive RaftClientReply:client-AC1CE418446C->edec9b8f-c318-426f-83f9-f44e945268a2@group-352661ED3FD5, cid=3370, SUCCESS, logIndex=5059, commits[edec9b8f-c318-426f-83f9-f44e945268a2:c5059, 02a03aee-1dd1-43c9-94ca-c76e2a537489:c5057, 9fb73170-bb25-48da-afcf-6f1f9e11598f:c5057]
2019-07-10 10:43:05,880 INFO  client.GrpcClientProtocolClient (GrpcClientProtocolClient.java:onNext(255)) - client-AC1CE418446C->edec9b8f-c318-426f-83f9-f44e945268a2: receive RaftClientReply:client-AC1CE418446C->edec9b8f-c318-426f-83f9-f44e945268a2@group-352661ED3FD5, cid=3371, SUCCESS, logIndex=5062, commits[edec9b8f-c318-426f-83f9-f44e945268a2:c5063, 02a03aee-1dd1-43c9-94ca-c76e2a537489:c5059, 9fb73170-bb25-48da-afcf-6f1f9e11598f:c5058]
2019-07-10 10:43:05,880 INFO  client.GrpcClientProtocolClient (GrpcClientProtocolClient.java:onNext(255)) - client-AC1CE418446C->edec9b8f-c318-426f-83f9-f44e945268a2: receive RaftClientReply:client-AC1CE418446C->edec9b8f-c318-426f-83f9-f44e945268a2@group-352661ED3FD5, cid=3372, SUCCESS, logIndex=5063, commits[edec9b8f-c318-426f-83f9-f44e945268a2:c5063, 02a03aee-1dd1-43c9-94ca-c76e2a537489:c5059, 9fb73170-bb25-48da-afcf-6f1f9e11598f:c5059]
2019-07-10 10:43:05,893 INFO  client.GrpcClientProtocolClient (GrpcClientProtocolClient.java:onNext(255)) - client-AC1CE418446C->edec9b8f-c318-426f-83f9-f44e945268a2: receive RaftClientReply:client-AC1CE418446C->edec9b8f-c318-426f-83f9-f44e945268a2@group-352661ED3FD5, cid=3373, SUCCESS, logIndex=0, commits[edec9b8f-c318-426f-83f9-f44e945268a2:c5065, 02a03aee-1dd1-43c9-94ca-c76e2a537489:c5063, 9fb73170-bb25-48da-afcf-6f1f9e11598f:c5063]
2019-07-10 10:43:05,924 INFO  client.GrpcClientProtocolClient (GrpcClientProtocolClient.java:onNext(255)) - client-AC1CE418446C->edec9b8f-c318-426f-83f9-f44e945268a2: receive RaftClientReply:client-AC1CE418446C->edec9b8f-c318-426f-83f9-f44e945268a2@group-352661ED3FD5, cid=3374, SUCCESS, logIndex=5066, commits[edec9b8f-c318-426f-83f9-f44e945268a2:c5067, 02a03aee-1dd1-43c9-94ca-c76e2a537489:c5065, 9fb73170-bb25-48da-afcf-6f1f9e11598f:c5065]
2019-07-10 10:43:05,924 INFO  client.GrpcClientProtocolClient (GrpcClientProtocolClient.java:onNext(255)) - client-AC1CE418446C->edec9b8f-c318-426f-83f9-f44e945268a2: receive RaftClientReply:client-AC1CE418446C->edec9b8f-c318-426f-83f9-f44e945268a2@group-352661ED3FD5, cid=3375, SUCCESS, logIndex=5067, commits[edec9b8f-c318-426f-83f9-f44e945268a2:c5069, 02a03aee-1dd1-43c9-94ca-c76e2a537489:c5065, 9fb73170-bb25-48da-afcf-6f1f9e11598f:c5065]
2019-07-10 10:43:05,925 INFO  client.GrpcClientProtocolClient (GrpcClientProtocolClient.java:onNext(255)) - client-AC1CE418446C->edec9b8f-c318-426f-83f9-f44e945268a2: receive RaftClientReply:client-AC1CE418446C->edec9b8f-c318-426f-83f9-f44e945268a2@group-352661ED3FD5, cid=3376, SUCCESS, logIndex=5068, commits[edec9b8f-c318-426f-83f9-f44e945268a2:c5069, 02a03aee-1dd1-43c9-94ca-c76e2a537489:c5065, 9fb73170-bb25-48da-afcf-6f1f9e11598f:c5065]
2019-07-10 10:43:05,925 INFO  client.GrpcClientProtocolClient (GrpcClientProtocolClient.java:onNext(255)) - client-AC1CE418446C->edec9b8f-c318-426f-83f9-f44e945268a2: receive RaftClientReply:client-AC1CE418446C->edec9b8f-c318-426f-83f9-f44e945268a2@group-352661ED3FD5, cid=3377, SUCCESS, logIndex=5069, commits[edec9b8f-c318-426f-83f9-f44e945268a2:c5069, 02a03aee-1dd1-43c9-94ca-c76e2a537489:c5065, 9fb73170-bb25-48da-afcf-6f1f9e11598f:c5065]
2019-07-10 10:43:05,937 INFO  client.GrpcClientProtocolClient (GrpcClientProtocolClient.java:onNext(255)) - client-AC1CE418446C->edec9b8f-c318-426f-83f9-f44e945268a2: receive RaftClientReply:client-AC1CE418446C->edec9b8f-c318-426f-83f9-f44e945268a2@group-352661ED3FD5, cid=3378, SUCCESS, logIndex=0, commits[edec9b8f-c318-426f-83f9-f44e945268a2:c5071, 02a03aee-1dd1-43c9-94ca-c76e2a537489:c5067, 9fb73170-bb25-48da-afcf-6f1f9e11598f:c5067]
2019-07-10 10:43:05,957 INFO  client.GrpcClientProtocolClient (GrpcClientProtocolClient.java:onNext(255)) - client-AC1CE418446C->edec9b8f-c318-426f-83f9-f44e945268a2: receive RaftClientReply:client-AC1CE418446C->edec9b8f-c318-426f-83f9-f44e945268a2@group-352661ED3FD5, cid=3379, SUCCESS, logIndex=5073, commits[edec9b8f-c318-426f-83f9-f44e945268a2:c5074, 02a03aee-1dd1-43c9-94ca-c76e2a537489:c5072, 9fb73170-bb25-48da-afcf-6f1f9e11598f:c5072]
2019-07-10 10:43:05,958 INFO  client.GrpcClientProtocolClient (GrpcClientProtocolClient.java:onNext(255)) - client-AC1CE418446C->edec9b8f-c318-426f-83f9-f44e945268a2: receive RaftClientReply:client-AC1CE418446C->edec9b8f-c318-426f-83f9-f44e945268a2@group-352661ED3FD5, cid=3380, SUCCESS, logIndex=5074, commits[edec9b8f-c318-426f-83f9-f44e945268a2:c5074, 02a03aee-1dd1-43c9-94ca-c76e2a537489:c5072, 9fb73170-bb25-48da-afcf-6f1f9e11598f:c5072]
2019-07-10 10:43:05,971 INFO  client.GrpcClientProtocolClient (GrpcClientProtocolClient.java:onNext(255)) - client-AC1CE418446C->edec9b8f-c318-426f-83f9-f44e945268a2: receive RaftClientReply:client-AC1CE418446C->edec9b8f-c318-426f-83f9-f44e945268a2@group-352661ED3FD5, cid=3381, SUCCESS, logIndex=5077, commits[edec9b8f-c318-426f-83f9-f44e945268a2:c5078, 02a03aee-1dd1-43c9-94ca-c76e2a537489:c5073, 9fb73170-bb25-48da-afcf-6f1f9e11598f:c5074]
2019-07-10 10:43:05,971 INFO  client.GrpcClientProtocolClient (GrpcClientProtocolClient.java:onNext(255)) - client-AC1CE418446C->edec9b8f-c318-426f-83f9-f44e945268a2: receive RaftClientReply:client-AC1CE418446C->edec9b8f-c318-426f-83f9-f44e945268a2@group-352661ED3FD5, cid=3382, SUCCESS, logIndex=5078, commits[edec9b8f-c318-426f-83f9-f44e945268a2:c5078, 02a03aee-1dd1-43c9-94ca-c76e2a537489:c5074, 9fb73170-bb25-48da-afcf-6f1f9e11598f:c5074]
2019-07-10 10:43:05,974 INFO  client.GrpcClientProtocolClient (GrpcClientProtocolClient.java:onNext(255)) - client-AC1CE418446C->edec9b8f-c318-426f-83f9-f44e945268a2: receive RaftClientReply:client-AC1CE418446C->edec9b8f-c318-426f-83f9-f44e945268a2@group-352661ED3FD5, cid=3383, SUCCESS, logIndex=0, commits[edec9b8f-c318-426f-83f9-f44e945268a2:c5079, 02a03aee-1dd1-43c9-94ca-c76e2a537489:c5078, 9fb73170-bb25-48da-afcf-6f1f9e11598f:c5078]
2019-07-10 10:43:06,010 INFO  client.GrpcClientProtocolClient (GrpcClientProtocolClient.java:onNext(255)) - client-AC1CE418446C->edec9b8f-c318-426f-83f9-f44e945268a2: receive RaftClientReply:client-AC1CE418446C->edec9b8f-c318-426f-83f9-f44e945268a2@group-352661ED3FD5, cid=3384, SUCCESS, logIndex=5081, commits[edec9b8f-c318-426f-83f9-f44e945268a2:c5082, 02a03aee-1dd1-43c9-94ca-c76e2a537489:c5080, 9fb73170-bb25-48da-afcf-6f1f9e11598f:c5080]
2019-07-10 10:43:06,011 INFO  client.GrpcClientProtocolClient (GrpcClientProtocolClient.java:onNext(255)) - client-AC1CE418446C->edec9b8f-c318-426f-83f9-f44e945268a2: receive RaftClientReply:client-AC1CE418446C->edec9b8f-c318-426f-83f9-f44e945268a2@group-352661ED3FD5, cid=3385, SUCCESS, logIndex=5082, commits[edec9b8f-c318-426f-83f9-f44e945268a2:c5082, 02a03aee-1dd1-43c9-94ca-c76e2a537489:c5080, 9fb73170-bb25-48da-afcf-6f1f9e11598f:c5080]
2019-07-10 10:43:06,020 INFO  client.GrpcClientProtocolClient (GrpcClientProtocolClient.java:onNext(255)) - client-AC1CE418446C->edec9b8f-c318-426f-83f9-f44e945268a2: receive RaftClientReply:client-AC1CE418446C->edec9b8f-c318-426f-83f9-f44e945268a2@group-352661ED3FD5, cid=3386, SUCCESS, logIndex=5083, commits[edec9b8f-c318-426f-83f9-f44e945268a2:c5084, 02a03aee-1dd1-43c9-94ca-c76e2a537489:c5080, 9fb73170-bb25-48da-afcf-6f1f9e11598f:c5080]
2019-07-10 10:43:06,021 INFO  client.GrpcClientProtocolClient (GrpcClientProtocolClient.java:onNext(255)) - client-AC1CE418446C->edec9b8f-c318-426f-83f9-f44e945268a2: receive RaftClientReply:client-AC1CE418446C->edec9b8f-c318-426f-83f9-f44e945268a2@group-352661ED3FD5, cid=3387, SUCCESS, logIndex=5084, commits[edec9b8f-c318-426f-83f9-f44e945268a2:c5084, 02a03aee-1dd1-43c9-94ca-c76e2a537489:c5080, 9fb73170-bb25-48da-afcf-6f1f9e11598f:c5080]
2019-07-10 10:43:06,023 INFO  client.GrpcClientProtocolClient (GrpcClientProtocolClient.java:onNext(255)) - client-AC1CE418446C->edec9b8f-c318-426f-83f9-f44e945268a2: receive RaftClientReply:client-AC1CE418446C->edec9b8f-c318-426f-83f9-f44e945268a2@group-352661ED3FD5, cid=3388, SUCCESS, logIndex=0, commits[edec9b8f-c318-426f-83f9-f44e945268a2:c5086, 02a03aee-1dd1-43c9-94ca-c76e2a537489:c5082, 9fb73170-bb25-48da-afcf-6f1f9e11598f:c5082]
2019-07-10 10:43:06,045 INFO  client.GrpcClientProtocolClient (GrpcClientProtocolClient.java:onNext(255)) - client-AC1CE418446C->edec9b8f-c318-426f-83f9-f44e945268a2: receive RaftClientReply:client-AC1CE418446C->edec9b8f-c318-426f-83f9-f44e945268a2@group-352661ED3FD5, cid=3389, SUCCESS, logIndex=5088, commits[edec9b8f-c318-426f-83f9-f44e945268a2:c5088, 02a03aee-1dd1-43c9-94ca-c76e2a537489:c5087, 9fb73170-bb25-48da-afcf-6f1f9e11598f:c5087]
2019-07-10 10:43:06,045 INFO  client.GrpcClientProtocolClient (GrpcClientProtocolClient.java:onNext(255)) - client-AC1CE418446C->edec9b8f-c318-426f-83f9-f44e945268a2: receive RaftClientReply:client-AC1CE418446C->edec9b8f-c318-426f-83f9-f44e945268a2@group-352661ED3FD5, cid=3390, SUCCESS, logIndex=5089, commits[edec9b8f-c318-426f-83f9-f44e945268a2:c5089, 02a03aee-1dd1-43c9-94ca-c76e2a537489:c5087, 9fb73170-bb25-48da-afcf-6f1f9e11598f:c5087]
2019-07-10 10:43:06,057 INFO  client.GrpcClientProtocolClient (GrpcClientProtocolClient.java:onNext(255)) - client-AC1CE418446C->edec9b8f-c318-426f-83f9-f44e945268a2: receive RaftClientReply:client-AC1CE418446C->edec9b8f-c318-426f-83f9-f44e945268a2@group-352661ED3FD5, cid=3391, SUCCESS, logIndex=5092, commits[edec9b8f-c318-426f-83f9-f44e945268a2:c5093, 02a03aee-1dd1-43c9-94ca-c76e2a537489:c5090, 9fb73170-bb25-48da-afcf-6f1f9e11598f:c5089]
2019-07-10 10:43:06,057 INFO  client.GrpcClientProtocolClient (GrpcClientProtocolClient.java:onNext(255)) - client-AC1CE418446C->edec9b8f-c318-426f-83f9-f44e945268a2: receive RaftClientReply:client-AC1CE418446C->edec9b8f-c318-426f-83f9-f44e945268a2@group-352661ED3FD5, cid=3392, SUCCESS, logIndex=5093, commits[edec9b8f-c318-426f-83f9-f44e945268a2:c5093, 02a03aee-1dd1-43c9-94ca-c76e2a537489:c5090, 9fb73170-bb25-48da-afcf-6f1f9e11598f:c5090]
2019-07-10 10:43:06,062 INFO  client.GrpcClientProtocolClient (GrpcClientProtocolClient.java:onNext(255)) - client-AC1CE418446C->edec9b8f-c318-426f-83f9-f44e945268a2: receive RaftClientReply:client-AC1CE418446C->edec9b8f-c318-426f-83f9-f44e945268a2@group-352661ED3FD5, cid=3393, SUCCESS, logIndex=0, commits[edec9b8f-c318-426f-83f9-f44e945268a2:c5094, 02a03aee-1dd1-43c9-94ca-c76e2a537489:c5093, 9fb73170-bb25-48da-afcf-6f1f9e11598f:c5093]
2019-07-10 10:43:06,086 INFO  client.GrpcClientProtocolClient (GrpcClientProtocolClient.java:onNext(255)) - client-AC1CE418446C->edec9b8f-c318-426f-83f9-f44e945268a2: receive RaftClientReply:client-AC1CE418446C->edec9b8f-c318-426f-83f9-f44e945268a2@group-352661ED3FD5, cid=3394, SUCCESS, logIndex=5096, commits[edec9b8f-c318-426f-83f9-f44e945268a2:c5097, 02a03aee-1dd1-43c9-94ca-c76e2a537489:c5095, 9fb73170-bb25-48da-afcf-6f1f9e11598f:c5095]
2019-07-10 10:43:06,086 INFO  client.GrpcClientProtocolClient (GrpcClientProtocolClient.java:onNext(255)) - client-AC1CE418446C->edec9b8f-c318-426f-83f9-f44e945268a2: receive RaftClientReply:client-AC1CE418446C->edec9b8f-c318-426f-83f9-f44e945268a2@group-352661ED3FD5, cid=3395, SUCCESS, logIndex=5097, commits[edec9b8f-c318-426f-83f9-f44e945268a2:c5097, 02a03aee-1dd1-43c9-94ca-c76e2a537489:c5095, 9fb73170-bb25-48da-afcf-6f1f9e11598f:c5095]
2019-07-10 10:43:06,086 INFO  client.GrpcClientProtocolClient (GrpcClientProtocolClient.java:onNext(255)) - client-AC1CE418446C->edec9b8f-c318-426f-83f9-f44e945268a2: receive RaftClientReply:client-AC1CE418446C->edec9b8f-c318-426f-83f9-f44e945268a2@group-352661ED3FD5, cid=3396, SUCCESS, logIndex=5098, commits[edec9b8f-c318-426f-83f9-f44e945268a2:c5099, 02a03aee-1dd1-43c9-94ca-c76e2a537489:c5095, 9fb73170-bb25-48da-afcf-6f1f9e11598f:c5095]
2019-07-10 10:43:06,087 INFO  client.GrpcClientProtocolClient (GrpcClientProtocolClient.java:onNext(255)) - client-AC1CE418446C->edec9b8f-c318-426f-83f9-f44e945268a2: receive RaftClientReply:client-AC1CE418446C->edec9b8f-c318-426f-83f9-f44e945268a2@group-352661ED3FD5, cid=3397, SUCCESS, logIndex=5099, commits[edec9b8f-c318-426f-83f9-f44e945268a2:c5099, 02a03aee-1dd1-43c9-94ca-c76e2a537489:c5095, 9fb73170-bb25-48da-afcf-6f1f9e11598f:c5095]
2019-07-10 10:43:06,099 INFO  client.GrpcClientProtocolClient (GrpcClientProtocolClient.java:onNext(255)) - client-AC1CE418446C->edec9b8f-c318-426f-83f9-f44e945268a2: receive RaftClientReply:client-AC1CE418446C->edec9b8f-c318-426f-83f9-f44e945268a2@group-352661ED3FD5, cid=3398, SUCCESS, logIndex=0, commits[edec9b8f-c318-426f-83f9-f44e945268a2:c5101, 02a03aee-1dd1-43c9-94ca-c76e2a537489:c5097, 9fb73170-bb25-48da-afcf-6f1f9e11598f:c5097]
2019-07-10 10:43:06,117 INFO  client.GrpcClientProtocolClient (GrpcClientProtocolClient.java:onNext(255)) - client-AC1CE418446C->edec9b8f-c318-426f-83f9-f44e945268a2: receive RaftClientReply:client-AC1CE418446C->edec9b8f-c318-426f-83f9-f44e945268a2@group-352661ED3FD5, cid=3399, SUCCESS, logIndex=5104, commits[edec9b8f-c318-426f-83f9-f44e945268a2:c5105, 02a03aee-1dd1-43c9-94ca-c76e2a537489:c5103, 9fb73170-bb25-48da-afcf-6f1f9e11598f:c5103]
2019-07-10 10:43:06,118 INFO  client.GrpcClientProtocolClient (GrpcClientProtocolClient.java:onNext(255)) - client-AC1CE418446C->edec9b8f-c318-426f-83f9-f44e945268a2: receive RaftClientReply:client-AC1CE418446C->edec9b8f-c318-426f-83f9-f44e945268a2@group-352661ED3FD5, cid=3400, SUCCESS, logIndex=5105, commits[edec9b8f-c318-426f-83f9-f44e945268a2:c5105, 02a03aee-1dd1-43c9-94ca-c76e2a537489:c5103, 9fb73170-bb25-48da-afcf-6f1f9e11598f:c5103]
2019-07-10 10:43:06,132 INFO  client.GrpcClientProtocolClient (GrpcClientProtocolClient.java:onNext(255)) - client-AC1CE418446C->edec9b8f-c318-426f-83f9-f44e945268a2: receive RaftClientReply:client-AC1CE418446C->edec9b8f-c318-426f-83f9-f44e945268a2@group-352661ED3FD5, cid=3401, SUCCESS, logIndex=5108, commits[edec9b8f-c318-426f-83f9-f44e945268a2:c5108, 02a03aee-1dd1-43c9-94ca-c76e2a537489:c5105, 9fb73170-bb25-48da-afcf-6f1f9e11598f:c5105]
2019-07-10 10:43:06,133 INFO  client.GrpcClientProtocolClient (GrpcClientProtocolClient.java:onNext(255)) - client-AC1CE418446C->edec9b8f-c318-426f-83f9-f44e945268a2: receive RaftClientReply:client-AC1CE418446C->edec9b8f-c318-426f-83f9-f44e945268a2@group-352661ED3FD5, cid=3402, SUCCESS, logIndex=5109, commits[edec9b8f-c318-426f-83f9-f44e945268a2:c5109, 02a03aee-1dd1-43c9-94ca-c76e2a537489:c5105, 9fb73170-bb25-48da-afcf-6f1f9e11598f:c5105]
2019-07-10 10:43:06,147 INFO  client.GrpcClientProtocolClient (GrpcClientProtocolClient.java:onNext(255)) - client-AC1CE418446C->edec9b8f-c318-426f-83f9-f44e945268a2: receive RaftClientReply:client-AC1CE418446C->edec9b8f-c318-426f-83f9-f44e945268a2@group-352661ED3FD5, cid=3403, SUCCESS, logIndex=0, commits[edec9b8f-c318-426f-83f9-f44e945268a2:c5111, 02a03aee-1dd1-43c9-94ca-c76e2a537489:c5109, 9fb73170-bb25-48da-afcf-6f1f9e11598f:c5109]
 0.00% |█                                                                                                    |  0/1 Time: 0:00:322019-07-10 10:43:06,547 INFO  client.GrpcClientProtocolClient (GrpcClientProtocolClient.java:onNext(255)) - client-AC1CE418446C->edec9b8f-c318-426f-83f9-f44e945268a2: receive RaftClientReply:client-AC1CE418446C->edec9b8f-c318-426f-83f9-f44e945268a2@group-352661ED3FD5, cid=3404, SUCCESS, logIndex=5112, commits[edec9b8f-c318-426f-83f9-f44e945268a2:c5113, 02a03aee-1dd1-43c9-94ca-c76e2a537489:c5111, 9fb73170-bb25-48da-afcf-6f1f9e11598f:c5111]
2019-07-10 10:43:06,548 INFO  client.GrpcClientProtocolClient (GrpcClientProtocolClient.java:onNext(255)) - client-AC1CE418446C->edec9b8f-c318-426f-83f9-f44e945268a2: receive RaftClientReply:client-AC1CE418446C->edec9b8f-c318-426f-83f9-f44e945268a2@group-352661ED3FD5, cid=3405, SUCCESS, logIndex=5113, commits[edec9b8f-c318-426f-83f9-f44e945268a2:c5115, 02a03aee-1dd1-43c9-94ca-c76e2a537489:c5111, 9fb73170-bb25-48da-afcf-6f1f9e11598f:c5111]
2019-07-10 10:43:06,549 INFO  client.GrpcClientProtocolClient (GrpcClientProtocolClient.java:onNext(255)) - client-AC1CE418446C->edec9b8f-c318-426f-83f9-f44e945268a2: receive RaftClientReply:client-AC1CE418446C->edec9b8f-c318-426f-83f9-f44e945268a2@group-352661ED3FD5, cid=3406, SUCCESS, logIndex=5114, commits[edec9b8f-c318-426f-83f9-f44e945268a2:c5115, 02a03aee-1dd1-43c9-94ca-c76e2a537489:c5111, 9fb73170-bb25-48da-afcf-6f1f9e11598f:c5111]
2019-07-10 10:43:06,549 INFO  client.GrpcClientProtocolClient (GrpcClientProtocolClient.java:onNext(255)) - client-AC1CE418446C->edec9b8f-c318-426f-83f9-f44e945268a2: receive RaftClientReply:client-AC1CE418446C->edec9b8f-c318-426f-83f9-f44e945268a2@group-352661ED3FD5, cid=3407, SUCCESS, logIndex=5115, commits[edec9b8f-c318-426f-83f9-f44e945268a2:c5115, 02a03aee-1dd1-43c9-94ca-c76e2a537489:c5111, 9fb73170-bb25-48da-afcf-6f1f9e11598f:c5111]
2019-07-10 10:43:06,582 INFO  client.GrpcClientProtocolClient (GrpcClientProtocolClient.java:onNext(255)) - client-AC1CE418446C->edec9b8f-c318-426f-83f9-f44e945268a2: receive RaftClientReply:client-AC1CE418446C->edec9b8f-c318-426f-83f9-f44e945268a2@group-352661ED3FD5, cid=3408, SUCCESS, logIndex=0, commits[edec9b8f-c318-426f-83f9-f44e945268a2:c5116, 02a03aee-1dd1-43c9-94ca-c76e2a537489:c5113, 9fb73170-bb25-48da-afcf-6f1f9e11598f:c5113]
2019-07-10 10:43:06,611 INFO  client.GrpcClientProtocolClient (GrpcClientProtocolClient.java:onNext(255)) - client-AC1CE418446C->edec9b8f-c318-426f-83f9-f44e945268a2: receive RaftClientReply:client-AC1CE418446C->edec9b8f-c318-426f-83f9-f44e945268a2@group-352661ED3FD5, cid=3409, SUCCESS, logIndex=5119, commits[edec9b8f-c318-426f-83f9-f44e945268a2:c5120, 02a03aee-1dd1-43c9-94ca-c76e2a537489:c5116, 9fb73170-bb25-48da-afcf-6f1f9e11598f:c5116]
2019-07-10 10:43:06,611 INFO  client.GrpcClientProtocolClient (GrpcClientProtocolClient.java:onNext(255)) - client-AC1CE418446C->edec9b8f-c318-426f-83f9-f44e945268a2: receive RaftClientReply:client-AC1CE418446C->edec9b8f-c318-426f-83f9-f44e945268a2@group-352661ED3FD5, cid=3410, SUCCESS, logIndex=5120, commits[edec9b8f-c318-426f-83f9-f44e945268a2:c5120, 02a03aee-1dd1-43c9-94ca-c76e2a537489:c5116, 9fb73170-bb25-48da-afcf-6f1f9e11598f:c5116]
2019-07-10 10:43:06,639 INFO  client.GrpcClientProtocolClient (GrpcClientProtocolClient.java:onNext(255)) - client-AC1CE418446C->edec9b8f-c318-426f-83f9-f44e945268a2: receive RaftClientReply:client-AC1CE418446C->edec9b8f-c318-426f-83f9-f44e945268a2@group-352661ED3FD5, cid=3411, SUCCESS, logIndex=5123, commits[edec9b8f-c318-426f-83f9-f44e945268a2:c5124, 02a03aee-1dd1-43c9-94ca-c76e2a537489:c5120, 9fb73170-bb25-48da-afcf-6f1f9e11598f:c5120]
2019-07-10 10:43:06,639 INFO  client.GrpcClientProtocolClient (GrpcClientProtocolClient.java:onNext(255)) - client-AC1CE418446C->edec9b8f-c318-426f-83f9-f44e945268a2: receive RaftClientReply:client-AC1CE418446C->edec9b8f-c318-426f-83f9-f44e945268a2@group-352661ED3FD5, cid=3412, SUCCESS, logIndex=5124, commits[edec9b8f-c318-426f-83f9-f44e945268a2:c5124, 02a03aee-1dd1-43c9-94ca-c76e2a537489:c5120, 9fb73170-bb25-48da-afcf-6f1f9e11598f:c5120]
2019-07-10 10:43:06,653 INFO  client.GrpcClientProtocolClient (GrpcClientProtocolClient.java:onNext(255)) - client-AC1CE418446C->edec9b8f-c318-426f-83f9-f44e945268a2: receive RaftClientReply:client-AC1CE418446C->edec9b8f-c318-426f-83f9-f44e945268a2@group-352661ED3FD5, cid=3413, SUCCESS, logIndex=0, commits[edec9b8f-c318-426f-83f9-f44e945268a2:c5125, 02a03aee-1dd1-43c9-94ca-c76e2a537489:c5124, 9fb73170-bb25-48da-afcf-6f1f9e11598f:c5124]
2019-07-10 10:43:06,688 INFO  client.GrpcClientProtocolClient (GrpcClientProtocolClient.java:onNext(255)) - client-AC1CE418446C->edec9b8f-c318-426f-83f9-f44e945268a2: receive RaftClientReply:client-AC1CE418446C->edec9b8f-c318-426f-83f9-f44e945268a2@group-352661ED3FD5, cid=3414, SUCCESS, logIndex=5127, commits[edec9b8f-c318-426f-83f9-f44e945268a2:c5128, 02a03aee-1dd1-43c9-94ca-c76e2a537489:c5126, 9fb73170-bb25-48da-afcf-6f1f9e11598f:c5126]
2019-07-10 10:43:06,689 INFO  client.GrpcClientProtocolClient (GrpcClientProtocolClient.java:onNext(255)) - client-AC1CE418446C->edec9b8f-c318-426f-83f9-f44e945268a2: receive RaftClientReply:client-AC1CE418446C->edec9b8f-c318-426f-83f9-f44e945268a2@group-352661ED3FD5, cid=3415, SUCCESS, logIndex=5128, commits[edec9b8f-c318-426f-83f9-f44e945268a2:c5129, 02a03aee-1dd1-43c9-94ca-c76e2a537489:c5126, 9fb73170-bb25-48da-afcf-6f1f9e11598f:c5126]
2019-07-10 10:43:06,689 INFO  client.GrpcClientProtocolClient (GrpcClientProtocolClient.java:onNext(255)) - client-AC1CE418446C->edec9b8f-c318-426f-83f9-f44e945268a2: receive RaftClientReply:client-AC1CE418446C->edec9b8f-c318-426f-83f9-f44e945268a2@group-352661ED3FD5, cid=3416, SUCCESS, logIndex=5129, commits[edec9b8f-c318-426f-83f9-f44e945268a2:c5130, 02a03aee-1dd1-43c9-94ca-c76e2a537489:c5126, 9fb73170-bb25-48da-afcf-6f1f9e11598f:c5126]
2019-07-10 10:43:06,689 INFO  client.GrpcClientProtocolClient (GrpcClientProtocolClient.java:onNext(255)) - client-AC1CE418446C->edec9b8f-c318-426f-83f9-f44e945268a2: receive RaftClientReply:client-AC1CE418446C->edec9b8f-c318-426f-83f9-f44e945268a2@group-352661ED3FD5, cid=3417, SUCCESS, logIndex=5130, commits[edec9b8f-c318-426f-83f9-f44e945268a2:c5130, 02a03aee-1dd1-43c9-94ca-c76e2a537489:c5126, 9fb73170-bb25-48da-afcf-6f1f9e11598f:c5126]
2019-07-10 10:43:06,700 INFO  client.GrpcClientProtocolClient (GrpcClientProtocolClient.java:onNext(255)) - client-AC1CE418446C->edec9b8f-c318-426f-83f9-f44e945268a2: receive RaftClientReply:client-AC1CE418446C->edec9b8f-c318-426f-83f9-f44e945268a2@group-352661ED3FD5, cid=3418, SUCCESS, logIndex=0, commits[edec9b8f-c318-426f-83f9-f44e945268a2:c5132, 02a03aee-1dd1-43c9-94ca-c76e2a537489:c5128, 9fb73170-bb25-48da-afcf-6f1f9e11598f:c5128]
2019-07-10 10:43:06,721 INFO  client.GrpcClientProtocolClient (GrpcClientProtocolClient.java:onNext(255)) - client-AC1CE418446C->edec9b8f-c318-426f-83f9-f44e945268a2: receive RaftClientReply:client-AC1CE418446C->edec9b8f-c318-426f-83f9-f44e945268a2@group-352661ED3FD5, cid=3419, SUCCESS, logIndex=5135, commits[edec9b8f-c318-426f-83f9-f44e945268a2:c5136, 02a03aee-1dd1-43c9-94ca-c76e2a537489:c5134, 9fb73170-bb25-48da-afcf-6f1f9e11598f:c5134]
2019-07-10 10:43:06,721 INFO  client.GrpcClientProtocolClient (GrpcClientProtocolClient.java:onNext(255)) - client-AC1CE418446C->edec9b8f-c318-426f-83f9-f44e945268a2: receive RaftClientReply:client-AC1CE418446C->edec9b8f-c318-426f-83f9-f44e945268a2@group-352661ED3FD5, cid=3420, SUCCESS, logIndex=5136, commits[edec9b8f-c318-426f-83f9-f44e945268a2:c5136, 02a03aee-1dd1-43c9-94ca-c76e2a537489:c5134, 9fb73170-bb25-48da-afcf-6f1f9e11598f:c5134]
2019-07-10 10:43:06,735 INFO  client.GrpcClientProtocolClient (GrpcClientProtocolClient.java:onNext(255)) - client-AC1CE418446C->edec9b8f-c318-426f-83f9-f44e945268a2: receive RaftClientReply:client-AC1CE418446C->edec9b8f-c318-426f-83f9-f44e945268a2@group-352661ED3FD5, cid=3421, SUCCESS, logIndex=5139, commits[edec9b8f-c318-426f-83f9-f44e945268a2:c5140, 02a03aee-1dd1-43c9-94ca-c76e2a537489:c5136, 9fb73170-bb25-48da-afcf-6f1f9e11598f:c5135]
2019-07-10 10:43:06,736 INFO  client.GrpcClientProtocolClient (GrpcClientProtocolClient.java:onNext(255)) - client-AC1CE418446C->edec9b8f-c318-426f-83f9-f44e945268a2: receive RaftClientReply:client-AC1CE418446C->edec9b8f-c318-426f-83f9-f44e945268a2@group-352661ED3FD5, cid=3422, SUCCESS, logIndex=5140, commits[edec9b8f-c318-426f-83f9-f44e945268a2:c5140, 02a03aee-1dd1-43c9-94ca-c76e2a537489:c5136, 9fb73170-bb25-48da-afcf-6f1f9e11598f:c5136]
2019-07-10 10:43:06,747 INFO  client.GrpcClientProtocolClient (GrpcClientProtocolClient.java:onNext(255)) - client-AC1CE418446C->edec9b8f-c318-426f-83f9-f44e945268a2: receive RaftClientReply:client-AC1CE418446C->edec9b8f-c318-426f-83f9-f44e945268a2@group-352661ED3FD5, cid=3423, SUCCESS, logIndex=0, commits[edec9b8f-c318-426f-83f9-f44e945268a2:c5141, 02a03aee-1dd1-43c9-94ca-c76e2a537489:c5140, 9fb73170-bb25-48da-afcf-6f1f9e11598f:c5140]
2019-07-10 10:43:06,779 INFO  client.GrpcClientProtocolClient (GrpcClientProtocolClient.java:onNext(255)) - client-AC1CE418446C->edec9b8f-c318-426f-83f9-f44e945268a2: receive RaftClientReply:client-AC1CE418446C->edec9b8f-c318-426f-83f9-f44e945268a2@group-352661ED3FD5, cid=3424, SUCCESS, logIndex=5142, commits[edec9b8f-c318-426f-83f9-f44e945268a2:c5144, 02a03aee-1dd1-43c9-94ca-c76e2a537489:c5141, 9fb73170-bb25-48da-afcf-6f1f9e11598f:c5141]
2019-07-10 10:43:06,779 INFO  client.GrpcClientProtocolClient (GrpcClientProtocolClient.java:onNext(255)) - client-AC1CE418446C->edec9b8f-c318-426f-83f9-f44e945268a2: receive RaftClientReply:client-AC1CE418446C->edec9b8f-c318-426f-83f9-f44e945268a2@group-352661ED3FD5, cid=3425, SUCCESS, logIndex=5143, commits[edec9b8f-c318-426f-83f9-f44e945268a2:c5145, 02a03aee-1dd1-43c9-94ca-c76e2a537489:c5141, 9fb73170-bb25-48da-afcf-6f1f9e11598f:c5141]
2019-07-10 10:43:06,780 INFO  client.GrpcClientProtocolClient (GrpcClientProtocolClient.java:onNext(255)) - client-AC1CE418446C->edec9b8f-c318-426f-83f9-f44e945268a2: receive RaftClientReply:client-AC1CE418446C->edec9b8f-c318-426f-83f9-f44e945268a2@group-352661ED3FD5, cid=3426, SUCCESS, logIndex=5144, commits[edec9b8f-c318-426f-83f9-f44e945268a2:c5145, 02a03aee-1dd1-43c9-94ca-c76e2a537489:c5141, 9fb73170-bb25-48da-afcf-6f1f9e11598f:c5141]
2019-07-10 10:43:06,780 INFO  client.GrpcClientProtocolClient (GrpcClientProtocolClient.java:onNext(255)) - client-AC1CE418446C->edec9b8f-c318-426f-83f9-f44e945268a2: receive RaftClientReply:client-AC1CE418446C->edec9b8f-c318-426f-83f9-f44e945268a2@group-352661ED3FD5, cid=3427, SUCCESS, logIndex=5145, commits[edec9b8f-c318-426f-83f9-f44e945268a2:c5145, 02a03aee-1dd1-43c9-94ca-c76e2a537489:c5141, 9fb73170-bb25-48da-afcf-6f1f9e11598f:c5142]
2019-07-10 10:43:06,794 INFO  client.GrpcClientProtocolClient (GrpcClientProtocolClient.java:onNext(255)) - client-AC1CE418446C->edec9b8f-c318-426f-83f9-f44e945268a2: receive RaftClientReply:client-AC1CE418446C->edec9b8f-c318-426f-83f9-f44e945268a2@group-352661ED3FD5, cid=3428, SUCCESS, logIndex=0, commits[edec9b8f-c318-426f-83f9-f44e945268a2:c5147, 02a03aee-1dd1-43c9-94ca-c76e2a537489:c5143, 9fb73170-bb25-48da-afcf-6f1f9e11598f:c5143]
2019-07-10 10:43:06,814 INFO  client.GrpcClientProtocolClient (GrpcClientProtocolClient.java:onNext(255)) - client-AC1CE418446C->edec9b8f-c318-426f-83f9-f44e945268a2: receive RaftClientReply:client-AC1CE418446C->edec9b8f-c318-426f-83f9-f44e945268a2@group-352661ED3FD5, cid=3429, SUCCESS, logIndex=5150, commits[edec9b8f-c318-426f-83f9-f44e945268a2:c5151, 02a03aee-1dd1-43c9-94ca-c76e2a537489:c5149, 9fb73170-bb25-48da-afcf-6f1f9e11598f:c5149]
2019-07-10 10:43:06,814 INFO  client.GrpcClientProtocolClient (GrpcClientProtocolClient.java:onNext(255)) - client-AC1CE418446C->edec9b8f-c318-426f-83f9-f44e945268a2: receive RaftClientReply:client-AC1CE418446C->edec9b8f-c318-426f-83f9-f44e945268a2@group-352661ED3FD5, cid=3430, SUCCESS, logIndex=5151, commits[edec9b8f-c318-426f-83f9-f44e945268a2:c5151, 02a03aee-1dd1-43c9-94ca-c76e2a537489:c5149, 9fb73170-bb25-48da-afcf-6f1f9e11598f:c5149]
2019-07-10 10:43:06,828 INFO  client.GrpcClientProtocolClient (GrpcClientProtocolClient.java:onNext(255)) - client-AC1CE418446C->edec9b8f-c318-426f-83f9-f44e945268a2: receive RaftClientReply:client-AC1CE418446C->edec9b8f-c318-426f-83f9-f44e945268a2@group-352661ED3FD5, cid=3431, SUCCESS, logIndex=5154, commits[edec9b8f-c318-426f-83f9-f44e945268a2:c5155, 02a03aee-1dd1-43c9-94ca-c76e2a537489:c5151, 9fb73170-bb25-48da-afcf-6f1f9e11598f:c5151]
2019-07-10 10:43:06,829 INFO  client.GrpcClientProtocolClient (GrpcClientProtocolClient.java:onNext(255)) - client-AC1CE418446C->edec9b8f-c318-426f-83f9-f44e945268a2: receive RaftClientReply:client-AC1CE418446C->edec9b8f-c318-426f-83f9-f44e945268a2@group-352661ED3FD5, cid=3432, SUCCESS, logIndex=5155, commits[edec9b8f-c318-426f-83f9-f44e945268a2:c5155, 02a03aee-1dd1-43c9-94ca-c76e2a537489:c5151, 9fb73170-bb25-48da-afcf-6f1f9e11598f:c5151]
2019-07-10 10:43:06,834 INFO  client.GrpcClientProtocolClient (GrpcClientProtocolClient.java:onNext(255)) - client-AC1CE418446C->edec9b8f-c318-426f-83f9-f44e945268a2: receive RaftClientReply:client-AC1CE418446C->edec9b8f-c318-426f-83f9-f44e945268a2@group-352661ED3FD5, cid=3433, SUCCESS, logIndex=0, commits[edec9b8f-c318-426f-83f9-f44e945268a2:c5157, 02a03aee-1dd1-43c9-94ca-c76e2a537489:c5155, 9fb73170-bb25-48da-afcf-6f1f9e11598f:c5155]
2019-07-10 10:43:06,884 INFO  client.GrpcClientProtocolClient (GrpcClientProtocolClient.java:onNext(255)) - client-AC1CE418446C->edec9b8f-c318-426f-83f9-f44e945268a2: receive RaftClientReply:client-AC1CE418446C->edec9b8f-c318-426f-83f9-f44e945268a2@group-352661ED3FD5, cid=3434, SUCCESS, logIndex=5158, commits[edec9b8f-c318-426f-83f9-f44e945268a2:c5159, 02a03aee-1dd1-43c9-94ca-c76e2a537489:c5157, 9fb73170-bb25-48da-afcf-6f1f9e11598f:c5157]
2019-07-10 10:43:06,884 INFO  client.GrpcClientProtocolClient (GrpcClientProtocolClient.java:onNext(255)) - client-AC1CE418446C->edec9b8f-c318-426f-83f9-f44e945268a2: receive RaftClientReply:client-AC1CE418446C->edec9b8f-c318-426f-83f9-f44e945268a2@group-352661ED3FD5, cid=3435, SUCCESS, logIndex=5159, commits[edec9b8f-c318-426f-83f9-f44e945268a2:c5159, 02a03aee-1dd1-43c9-94ca-c76e2a537489:c5157, 9fb73170-bb25-48da-afcf-6f1f9e11598f:c5157]
2019-07-10 10:43:06,886 INFO  client.GrpcClientProtocolClient (GrpcClientProtocolClient.java:onNext(255)) - client-AC1CE418446C->edec9b8f-c318-426f-83f9-f44e945268a2: receive RaftClientReply:client-AC1CE418446C->edec9b8f-c318-426f-83f9-f44e945268a2@group-352661ED3FD5, cid=3436, SUCCESS, logIndex=5160, commits[edec9b8f-c318-426f-83f9-f44e945268a2:c5161, 02a03aee-1dd1-43c9-94ca-c76e2a537489:c5157, 9fb73170-bb25-48da-afcf-6f1f9e11598f:c5157]
2019-07-10 10:43:06,887 INFO  client.GrpcClientProtocolClient (GrpcClientProtocolClient.java:onNext(255)) - client-AC1CE418446C->edec9b8f-c318-426f-83f9-f44e945268a2: receive RaftClientReply:client-AC1CE418446C->edec9b8f-c318-426f-83f9-f44e945268a2@group-352661ED3FD5, cid=3437, SUCCESS, logIndex=5161, commits[edec9b8f-c318-426f-83f9-f44e945268a2:c5161, 02a03aee-1dd1-43c9-94ca-c76e2a537489:c5157, 9fb73170-bb25-48da-afcf-6f1f9e11598f:c5157]
2019-07-10 10:43:06,888 INFO  client.GrpcClientProtocolClient (GrpcClientProtocolClient.java:onNext(255)) - client-AC1CE418446C->edec9b8f-c318-426f-83f9-f44e945268a2: receive RaftClientReply:client-AC1CE418446C->edec9b8f-c318-426f-83f9-f44e945268a2@group-352661ED3FD5, cid=3438, SUCCESS, logIndex=0, commits[edec9b8f-c318-426f-83f9-f44e945268a2:c5163, 02a03aee-1dd1-43c9-94ca-c76e2a537489:c5159, 9fb73170-bb25-48da-afcf-6f1f9e11598f:c5159]
2019-07-10 10:43:06,908 INFO  client.GrpcClientProtocolClient (GrpcClientProtocolClient.java:onNext(255)) - client-AC1CE418446C->edec9b8f-c318-426f-83f9-f44e945268a2: receive RaftClientReply:client-AC1CE418446C->edec9b8f-c318-426f-83f9-f44e945268a2@group-352661ED3FD5, cid=3439, SUCCESS, logIndex=5166, commits[edec9b8f-c318-426f-83f9-f44e945268a2:c5167, 02a03aee-1dd1-43c9-94ca-c76e2a537489:c5165, 9fb73170-bb25-48da-afcf-6f1f9e11598f:c5165]
2019-07-10 10:43:06,909 INFO  client.GrpcClientProtocolClient (GrpcClientProtocolClient.java:onNext(255)) - client-AC1CE418446C->edec9b8f-c318-426f-83f9-f44e945268a2: receive RaftClientReply:client-AC1CE418446C->edec9b8f-c318-426f-83f9-f44e945268a2@group-352661ED3FD5, cid=3440, SUCCESS, logIndex=5167, commits[edec9b8f-c318-426f-83f9-f44e945268a2:c5167, 02a03aee-1dd1-43c9-94ca-c76e2a537489:c5165, 9fb73170-bb25-48da-afcf-6f1f9e11598f:c5165]
2019-07-10 10:43:06,923 INFO  client.GrpcClientProtocolClient (GrpcClientProtocolClient.java:onNext(255)) - client-AC1CE418446C->edec9b8f-c318-426f-83f9-f44e945268a2: receive RaftClientReply:client-AC1CE418446C->edec9b8f-c318-426f-83f9-f44e945268a2@group-352661ED3FD5, cid=3441, SUCCESS, logIndex=5170, commits[edec9b8f-c318-426f-83f9-f44e945268a2:c5171, 02a03aee-1dd1-43c9-94ca-c76e2a537489:c5167, 9fb73170-bb25-48da-afcf-6f1f9e11598f:c5167]
2019-07-10 10:43:06,923 INFO  client.GrpcClientProtocolClient (GrpcClientProtocolClient.java:onNext(255)) - client-AC1CE418446C->edec9b8f-c318-426f-83f9-f44e945268a2: receive RaftClientReply:client-AC1CE418446C->edec9b8f-c318-426f-83f9-f44e945268a2@group-352661ED3FD5, cid=3442, SUCCESS, logIndex=5171, commits[edec9b8f-c318-426f-83f9-f44e945268a2:c5171, 02a03aee-1dd1-43c9-94ca-c76e2a537489:c5167, 9fb73170-bb25-48da-afcf-6f1f9e11598f:c5167]
2019-07-10 10:43:06,935 INFO  client.GrpcClientProtocolClient (GrpcClientProtocolClient.java:onNext(255)) - client-AC1CE418446C->edec9b8f-c318-426f-83f9-f44e945268a2: receive RaftClientReply:client-AC1CE418446C->edec9b8f-c318-426f-83f9-f44e945268a2@group-352661ED3FD5, cid=3443, SUCCESS, logIndex=0, commits[edec9b8f-c318-426f-83f9-f44e945268a2:c5172, 02a03aee-1dd1-43c9-94ca-c76e2a537489:c5171, 9fb73170-bb25-48da-afcf-6f1f9e11598f:c5171]
2019-07-10 10:43:06,966 INFO  client.GrpcClientProtocolClient (GrpcClientProtocolClient.java:onNext(255)) - client-AC1CE418446C->edec9b8f-c318-426f-83f9-f44e945268a2: receive RaftClientReply:client-AC1CE418446C->edec9b8f-c318-426f-83f9-f44e945268a2@group-352661ED3FD5, cid=3444, SUCCESS, logIndex=5174, commits[edec9b8f-c318-426f-83f9-f44e945268a2:c5175, 02a03aee-1dd1-43c9-94ca-c76e2a537489:c5173, 9fb73170-bb25-48da-afcf-6f1f9e11598f:c5173]
2019-07-10 10:43:06,967 INFO  client.GrpcClientProtocolClient (GrpcClientProtocolClient.java:onNext(255)) - client-AC1CE418446C->edec9b8f-c318-426f-83f9-f44e945268a2: receive RaftClientReply:client-AC1CE418446C->edec9b8f-c318-426f-83f9-f44e945268a2@group-352661ED3FD5, cid=3445, SUCCESS, logIndex=5175, commits[edec9b8f-c318-426f-83f9-f44e945268a2:c5177, 02a03aee-1dd1-43c9-94ca-c76e2a537489:c5173, 9fb73170-bb25-48da-afcf-6f1f9e11598f:c5173]
2019-07-10 10:43:06,967 INFO  client.GrpcClientProtocolClient (GrpcClientProtocolClient.java:onNext(255)) - client-AC1CE418446C->edec9b8f-c318-426f-83f9-f44e945268a2: receive RaftClientReply:client-AC1CE418446C->edec9b8f-c318-426f-83f9-f44e945268a2@group-352661ED3FD5, cid=3446, SUCCESS, logIndex=5176, commits[edec9b8f-c318-426f-83f9-f44e945268a2:c5177, 02a03aee-1dd1-43c9-94ca-c76e2a537489:c5173, 9fb73170-bb25-48da-afcf-6f1f9e11598f:c5173]
2019-07-10 10:43:06,967 INFO  client.GrpcClientProtocolClient (GrpcClientProtocolClient.java:onNext(255)) - client-AC1CE418446C->edec9b8f-c318-426f-83f9-f44e945268a2: receive RaftClientReply:client-AC1CE418446C->edec9b8f-c318-426f-83f9-f44e945268a2@group-352661ED3FD5, cid=3447, SUCCESS, logIndex=5177, commits[edec9b8f-c318-426f-83f9-f44e945268a2:c5177, 02a03aee-1dd1-43c9-94ca-c76e2a537489:c5173, 9fb73170-bb25-48da-afcf-6f1f9e11598f:c5173]
2019-07-10 10:43:06,981 INFO  client.GrpcClientProtocolClient (GrpcClientProtocolClient.java:onNext(255)) - client-AC1CE418446C->edec9b8f-c318-426f-83f9-f44e945268a2: receive RaftClientReply:client-AC1CE418446C->edec9b8f-c318-426f-83f9-f44e945268a2@group-352661ED3FD5, cid=3448, SUCCESS, logIndex=0, commits[edec9b8f-c318-426f-83f9-f44e945268a2:c5178, 02a03aee-1dd1-43c9-94ca-c76e2a537489:c5176, 9fb73170-bb25-48da-afcf-6f1f9e11598f:c5175]
2019-07-10 10:43:07,001 INFO  client.GrpcClientProtocolClient (GrpcClientProtocolClient.java:onNext(255)) - client-AC1CE418446C->edec9b8f-c318-426f-83f9-f44e945268a2: receive RaftClientReply:client-AC1CE418446C->edec9b8f-c318-426f-83f9-f44e945268a2@group-352661ED3FD5, cid=3449, SUCCESS, logIndex=5182, commits[edec9b8f-c318-426f-83f9-f44e945268a2:c5183, 02a03aee-1dd1-43c9-94ca-c76e2a537489:c5181, 9fb73170-bb25-48da-afcf-6f1f9e11598f:c5181]
2019-07-10 10:43:07,002 INFO  client.GrpcClientProtocolClient (GrpcClientProtocolClient.java:onNext(255)) - client-AC1CE418446C->edec9b8f-c318-426f-83f9-f44e945268a2: receive RaftClientReply:client-AC1CE418446C->edec9b8f-c318-426f-83f9-f44e945268a2@group-352661ED3FD5, cid=3450, SUCCESS, logIndex=5183, commits[edec9b8f-c318-426f-83f9-f44e945268a2:c5183, 02a03aee-1dd1-43c9-94ca-c76e2a537489:c5181, 9fb73170-bb25-48da-afcf-6f1f9e11598f:c5181]
2019-07-10 10:43:07,016 INFO  client.GrpcClientProtocolClient (GrpcClientProtocolClient.java:onNext(255)) - client-AC1CE418446C->edec9b8f-c318-426f-83f9-f44e945268a2: receive RaftClientReply:client-AC1CE418446C->edec9b8f-c318-426f-83f9-f44e945268a2@group-352661ED3FD5, cid=3451, SUCCESS, logIndex=5186, commits[edec9b8f-c318-426f-83f9-f44e945268a2:c5187, 02a03aee-1dd1-43c9-94ca-c76e2a537489:c5183, 9fb73170-bb25-48da-afcf-6f1f9e11598f:c5183]
2019-07-10 10:43:07,016 INFO  client.GrpcClientProtocolClient (GrpcClientProtocolClient.java:onNext(255)) - client-AC1CE418446C->edec9b8f-c318-426f-83f9-f44e945268a2: receive RaftClientReply:client-AC1CE418446C->edec9b8f-c318-426f-83f9-f44e945268a2@group-352661ED3FD5, cid=3452, SUCCESS, logIndex=5187, commits[edec9b8f-c318-426f-83f9-f44e945268a2:c5187, 02a03aee-1dd1-43c9-94ca-c76e2a537489:c5183, 9fb73170-bb25-48da-afcf-6f1f9e11598f:c5183]
2019-07-10 10:43:07,030 INFO  client.GrpcClientProtocolClient (GrpcClientProtocolClient.java:onNext(255)) - client-AC1CE418446C->edec9b8f-c318-426f-83f9-f44e945268a2: receive RaftClientReply:client-AC1CE418446C->edec9b8f-c318-426f-83f9-f44e945268a2@group-352661ED3FD5, cid=3453, SUCCESS, logIndex=0, commits[edec9b8f-c318-426f-83f9-f44e945268a2:c5189, 02a03aee-1dd1-43c9-94ca-c76e2a537489:c5187, 9fb73170-bb25-48da-afcf-6f1f9e11598f:c5187]
2019-07-10 10:43:07,064 INFO  client.GrpcClientProtocolClient (GrpcClientProtocolClient.java:onNext(255)) - client-AC1CE418446C->edec9b8f-c318-426f-83f9-f44e945268a2: receive RaftClientReply:client-AC1CE418446C->edec9b8f-c318-426f-83f9-f44e945268a2@group-352661ED3FD5, cid=3454, SUCCESS, logIndex=5190, commits[edec9b8f-c318-426f-83f9-f44e945268a2:c5191, 02a03aee-1dd1-43c9-94ca-c76e2a537489:c5189, 9fb73170-bb25-48da-afcf-6f1f9e11598f:c5189]
2019-07-10 10:43:07,065 INFO  client.GrpcClientProtocolClient (GrpcClientProtocolClient.java:onNext(255)) - client-AC1CE418446C->edec9b8f-c318-426f-83f9-f44e945268a2: receive RaftClientReply:client-AC1CE418446C->edec9b8f-c318-426f-83f9-f44e945268a2@group-352661ED3FD5, cid=3455, SUCCESS, logIndex=5191, commits[edec9b8f-c318-426f-83f9-f44e945268a2:c5191, 02a03aee-1dd1-43c9-94ca-c76e2a537489:c5189, 9fb73170-bb25-48da-afcf-6f1f9e11598f:c5189]
2019-07-10 10:43:07,065 INFO  client.GrpcClientProtocolClient (GrpcClientProtocolClient.java:onNext(255)) - client-AC1CE418446C->edec9b8f-c318-426f-83f9-f44e945268a2: receive RaftClientReply:client-AC1CE418446C->edec9b8f-c318-426f-83f9-f44e945268a2@group-352661ED3FD5, cid=3456, SUCCESS, logIndex=5192, commits[edec9b8f-c318-426f-83f9-f44e945268a2:c5193, 02a03aee-1dd1-43c9-94ca-c76e2a537489:c5189, 9fb73170-bb25-48da-afcf-6f1f9e11598f:c5189]
2019-07-10 10:43:07,065 INFO  client.GrpcClientProtocolClient (GrpcClientProtocolClient.java:onNext(255)) - client-AC1CE418446C->edec9b8f-c318-426f-83f9-f44e945268a2: receive RaftClientReply:client-AC1CE418446C->edec9b8f-c318-426f-83f9-f44e945268a2@group-352661ED3FD5, cid=3457, SUCCESS, logIndex=5193, commits[edec9b8f-c318-426f-83f9-f44e945268a2:c5193, 02a03aee-1dd1-43c9-94ca-c76e2a537489:c5189, 9fb73170-bb25-48da-afcf-6f1f9e11598f:c5189]
2019-07-10 10:43:07,078 INFO  client.GrpcClientProtocolClient (GrpcClientProtocolClient.java:onNext(255)) - client-AC1CE418446C->edec9b8f-c318-426f-83f9-f44e945268a2: receive RaftClientReply:client-AC1CE418446C->edec9b8f-c318-426f-83f9-f44e945268a2@group-352661ED3FD5, cid=3458, SUCCESS, logIndex=0, commits[edec9b8f-c318-426f-83f9-f44e945268a2:c5195, 02a03aee-1dd1-43c9-94ca-c76e2a537489:c5191, 9fb73170-bb25-48da-afcf-6f1f9e11598f:c5191]
2019-07-10 10:43:07,098 INFO  client.GrpcClientProtocolClient (GrpcClientProtocolClient.java:onNext(255)) - client-AC1CE418446C->edec9b8f-c318-426f-83f9-f44e945268a2: receive RaftClientReply:client-AC1CE418446C->edec9b8f-c318-426f-83f9-f44e945268a2@group-352661ED3FD5, cid=3459, SUCCESS, logIndex=5198, commits[edec9b8f-c318-426f-83f9-f44e945268a2:c5199, 02a03aee-1dd1-43c9-94ca-c76e2a537489:c5197, 9fb73170-bb25-48da-afcf-6f1f9e11598f:c5197]
2019-07-10 10:43:07,098 INFO  client.GrpcClientProtocolClient (GrpcClientProtocolClient.java:onNext(255)) - client-AC1CE418446C->edec9b8f-c318-426f-83f9-f44e945268a2: receive RaftClientReply:client-AC1CE418446C->edec9b8f-c318-426f-83f9-f44e945268a2@group-352661ED3FD5, cid=3460, SUCCESS, logIndex=5199, commits[edec9b8f-c318-426f-83f9-f44e945268a2:c5199, 02a03aee-1dd1-43c9-94ca-c76e2a537489:c5197, 9fb73170-bb25-48da-afcf-6f1f9e11598f:c5197]
2019-07-10 10:43:07,109 INFO  client.GrpcClientProtocolClient (GrpcClientProtocolClient.java:onNext(255)) - client-AC1CE418446C->edec9b8f-c318-426f-83f9-f44e945268a2: receive RaftClientReply:client-AC1CE418446C->edec9b8f-c318-426f-83f9-f44e945268a2@group-352661ED3FD5, cid=3461, SUCCESS, logIndex=5202, commits[edec9b8f-c318-426f-83f9-f44e945268a2:c5203, 02a03aee-1dd1-43c9-94ca-c76e2a537489:c5199, 9fb73170-bb25-48da-afcf-6f1f9e11598f:c5201]
2019-07-10 10:43:07,109 INFO  client.GrpcClientProtocolClient (GrpcClientProtocolClient.java:onNext(255)) - client-AC1CE418446C->edec9b8f-c318-426f-83f9-f44e945268a2: receive RaftClientReply:client-AC1CE418446C->edec9b8f-c318-426f-83f9-f44e945268a2@group-352661ED3FD5, cid=3462, SUCCESS, logIndex=5203, commits[edec9b8f-c318-426f-83f9-f44e945268a2:c5203, 02a03aee-1dd1-43c9-94ca-c76e2a537489:c5201, 9fb73170-bb25-48da-afcf-6f1f9e11598f:c5201]
2019-07-10 10:43:07,110 INFO  client.GrpcClientProtocolClient (GrpcClientProtocolClient.java:onNext(255)) - client-AC1CE418446C->edec9b8f-c318-426f-83f9-f44e945268a2: receive RaftClientReply:client-AC1CE418446C->edec9b8f-c318-426f-83f9-f44e945268a2@group-352661ED3FD5, cid=3463, SUCCESS, logIndex=0, commits[edec9b8f-c318-426f-83f9-f44e945268a2:c5204, 02a03aee-1dd1-43c9-94ca-c76e2a537489:c5203, 9fb73170-bb25-48da-afcf-6f1f9e11598f:c5203]
2019-07-10 10:43:07,142 INFO  client.GrpcClientProtocolClient (GrpcClientProtocolClient.java:onNext(255)) - client-AC1CE418446C->edec9b8f-c318-426f-83f9-f44e945268a2: receive RaftClientReply:client-AC1CE418446C->edec9b8f-c318-426f-83f9-f44e945268a2@group-352661ED3FD5, cid=3464, SUCCESS, logIndex=5206, commits[edec9b8f-c318-426f-83f9-f44e945268a2:c5207, 02a03aee-1dd1-43c9-94ca-c76e2a537489:c5205, 9fb73170-bb25-48da-afcf-6f1f9e11598f:c5205]
2019-07-10 10:43:07,143 INFO  client.GrpcClientProtocolClient (GrpcClientProtocolClient.java:onNext(255)) - client-AC1CE418446C->edec9b8f-c318-426f-83f9-f44e945268a2: receive RaftClientReply:client-AC1CE418446C->edec9b8f-c318-426f-83f9-f44e945268a2@group-352661ED3FD5, cid=3465, SUCCESS, logIndex=5207, commits[edec9b8f-c318-426f-83f9-f44e945268a2:c5209, 02a03aee-1dd1-43c9-94ca-c76e2a537489:c5205, 9fb73170-bb25-48da-afcf-6f1f9e11598f:c5205]
2019-07-10 10:43:07,143 INFO  client.GrpcClientProtocolClient (GrpcClientProtocolClient.java:onNext(255)) - client-AC1CE418446C->edec9b8f-c318-426f-83f9-f44e945268a2: receive RaftClientReply:client-AC1CE418446C->edec9b8f-c318-426f-83f9-f44e945268a2@group-352661ED3FD5, cid=3466, SUCCESS, logIndex=5208, commits[edec9b8f-c318-426f-83f9-f44e945268a2:c5209, 02a03aee-1dd1-43c9-94ca-c76e2a537489:c5205, 9fb73170-bb25-48da-afcf-6f1f9e11598f:c5205]
2019-07-10 10:43:07,143 INFO  client.GrpcClientProtocolClient (GrpcClientProtocolClient.java:onNext(255)) - client-AC1CE418446C->edec9b8f-c318-426f-83f9-f44e945268a2: receive RaftClientReply:client-AC1CE418446C->edec9b8f-c318-426f-83f9-f44e945268a2@group-352661ED3FD5, cid=3467, SUCCESS, logIndex=5209, commits[edec9b8f-c318-426f-83f9-f44e945268a2:c5209, 02a03aee-1dd1-43c9-94ca-c76e2a537489:c5205, 9fb73170-bb25-48da-afcf-6f1f9e11598f:c5205]
2019-07-10 10:43:07,156 INFO  client.GrpcClientProtocolClient (GrpcClientProtocolClient.java:onNext(255)) - client-AC1CE418446C->edec9b8f-c318-426f-83f9-f44e945268a2: receive RaftClientReply:client-AC1CE418446C->edec9b8f-c318-426f-83f9-f44e945268a2@group-352661ED3FD5, cid=3468, SUCCESS, logIndex=0, commits[edec9b8f-c318-426f-83f9-f44e945268a2:c5212, 02a03aee-1dd1-43c9-94ca-c76e2a537489:c5208, 9fb73170-bb25-48da-afcf-6f1f9e11598f:c5207]
2019-07-10 10:43:07,169 INFO  client.GrpcClientProtocolClient (GrpcClientProtocolClient.java:onNext(255)) - client-AC1CE418446C->edec9b8f-c318-426f-83f9-f44e945268a2: receive RaftClientReply:client-AC1CE418446C->edec9b8f-c318-426f-83f9-f44e945268a2@group-352661ED3FD5, cid=3469, SUCCESS, logIndex=5214, commits[edec9b8f-c318-426f-83f9-f44e945268a2:c5215, 02a03aee-1dd1-43c9-94ca-c76e2a537489:c5209, 9fb73170-bb25-48da-afcf-6f1f9e11598f:c5213]
2019-07-10 10:43:07,169 INFO  client.GrpcClientProtocolClient (GrpcClientProtocolClient.java:onNext(255)) - client-AC1CE418446C->edec9b8f-c318-426f-83f9-f44e945268a2: receive RaftClientReply:client-AC1CE418446C->edec9b8f-c318-426f-83f9-f44e945268a2@group-352661ED3FD5, cid=3470, SUCCESS, logIndex=5215, commits[edec9b8f-c318-426f-83f9-f44e945268a2:c5215, 02a03aee-1dd1-43c9-94ca-c76e2a537489:c5209, 9fb73170-bb25-48da-afcf-6f1f9e11598f:c5213]
2019-07-10 10:43:07,189 INFO  client.GrpcClientProtocolClient (GrpcClientProtocolClient.java:onNext(255)) - client-AC1CE418446C->edec9b8f-c318-426f-83f9-f44e945268a2: receive RaftClientReply:client-AC1CE418446C->edec9b8f-c318-426f-83f9-f44e945268a2@group-352661ED3FD5, cid=3471, SUCCESS, logIndex=5218, commits[edec9b8f-c318-426f-83f9-f44e945268a2:c5218, 02a03aee-1dd1-43c9-94ca-c76e2a537489:c5217, 9fb73170-bb25-48da-afcf-6f1f9e11598f:c5217]
2019-07-10 10:43:07,189 INFO  client.GrpcClientProtocolClient (GrpcClientProtocolClient.java:onNext(255)) - client-AC1CE418446C->edec9b8f-c318-426f-83f9-f44e945268a2: receive RaftClientReply:client-AC1CE418446C->edec9b8f-c318-426f-83f9-f44e945268a2@group-352661ED3FD5, cid=3472, SUCCESS, logIndex=5219, commits[edec9b8f-c318-426f-83f9-f44e945268a2:c5219, 02a03aee-1dd1-43c9-94ca-c76e2a537489:c5217, 9fb73170-bb25-48da-afcf-6f1f9e11598f:c5217]
2019-07-10 10:43:07,204 INFO  client.GrpcClientProtocolClient (GrpcClientProtocolClient.java:onNext(255)) - client-AC1CE418446C->edec9b8f-c318-426f-83f9-f44e945268a2: receive RaftClientReply:client-AC1CE418446C->edec9b8f-c318-426f-83f9-f44e945268a2@group-352661ED3FD5, cid=3473, SUCCESS, logIndex=0, commits[edec9b8f-c318-426f-83f9-f44e945268a2:c5221, 02a03aee-1dd1-43c9-94ca-c76e2a537489:c5219, 9fb73170-bb25-48da-afcf-6f1f9e11598f:c5219]
2019-07-10 10:43:07,234 INFO  client.GrpcClientProtocolClient (GrpcClientProtocolClient.java:onNext(255)) - client-AC1CE418446C->edec9b8f-c318-426f-83f9-f44e945268a2: receive RaftClientReply:client-AC1CE418446C->edec9b8f-c318-426f-83f9-f44e945268a2@group-352661ED3FD5, cid=3474, SUCCESS, logIndex=5222, commits[edec9b8f-c318-426f-83f9-f44e945268a2:c5223, 02a03aee-1dd1-43c9-94ca-c76e2a537489:c5221, 9fb73170-bb25-48da-afcf-6f1f9e11598f:c5221]
2019-07-10 10:43:07,235 INFO  client.GrpcClientProtocolClient (GrpcClientProtocolClient.java:onNext(255)) - client-AC1CE418446C->edec9b8f-c318-426f-83f9-f44e945268a2: receive RaftClientReply:client-AC1CE418446C->edec9b8f-c318-426f-83f9-f44e945268a2@group-352661ED3FD5, cid=3475, SUCCESS, logIndex=5223, commits[edec9b8f-c318-426f-83f9-f44e945268a2:c5223, 02a03aee-1dd1-43c9-94ca-c76e2a537489:c5221, 9fb73170-bb25-48da-afcf-6f1f9e11598f:c5221]
2019-07-10 10:43:07,235 INFO  client.GrpcClientProtocolClient (GrpcClientProtocolClient.java:onNext(255)) - client-AC1CE418446C->edec9b8f-c318-426f-83f9-f44e945268a2: receive RaftClientReply:client-AC1CE418446C->edec9b8f-c318-426f-83f9-f44e945268a2@group-352661ED3FD5, cid=3476, SUCCESS, logIndex=5224, commits[edec9b8f-c318-426f-83f9-f44e945268a2:c5225, 02a03aee-1dd1-43c9-94ca-c76e2a537489:c5221, 9fb73170-bb25-48da-afcf-6f1f9e11598f:c5221]
2019-07-10 10:43:07,236 INFO  client.GrpcClientProtocolClient (GrpcClientProtocolClient.java:onNext(255)) - client-AC1CE418446C->edec9b8f-c318-426f-83f9-f44e945268a2: receive RaftClientReply:client-AC1CE418446C->edec9b8f-c318-426f-83f9-f44e945268a2@group-352661ED3FD5, cid=3477, SUCCESS, logIndex=5225, commits[edec9b8f-c318-426f-83f9-f44e945268a2:c5225, 02a03aee-1dd1-43c9-94ca-c76e2a537489:c5221, 9fb73170-bb25-48da-afcf-6f1f9e11598f:c5221]
2019-07-10 10:43:07,238 INFO  client.GrpcClientProtocolClient (GrpcClientProtocolClient.java:onNext(255)) - client-AC1CE418446C->edec9b8f-c318-426f-83f9-f44e945268a2: receive RaftClientReply:client-AC1CE418446C->edec9b8f-c318-426f-83f9-f44e945268a2@group-352661ED3FD5, cid=3478, SUCCESS, logIndex=0, commits[edec9b8f-c318-426f-83f9-f44e945268a2:c5227, 02a03aee-1dd1-43c9-94ca-c76e2a537489:c5223, 9fb73170-bb25-48da-afcf-6f1f9e11598f:c5223]
2019-07-10 10:43:07,251 INFO  client.GrpcClientProtocolClient (GrpcClientProtocolClient.java:onNext(255)) - client-AC1CE418446C->edec9b8f-c318-426f-83f9-f44e945268a2: receive RaftClientReply:client-AC1CE418446C->edec9b8f-c318-426f-83f9-f44e945268a2@group-352661ED3FD5, cid=3479, SUCCESS, logIndex=5230, commits[edec9b8f-c318-426f-83f9-f44e945268a2:c5231, 02a03aee-1dd1-43c9-94ca-c76e2a537489:c5228, 9fb73170-bb25-48da-afcf-6f1f9e11598f:c5228]
2019-07-10 10:43:07,251 INFO  client.GrpcClientProtocolClient (GrpcClientProtocolClient.java:onNext(255)) - client-AC1CE418446C->edec9b8f-c318-426f-83f9-f44e945268a2: receive RaftClientReply:client-AC1CE418446C->edec9b8f-c318-426f-83f9-f44e945268a2@group-352661ED3FD5, cid=3480, SUCCESS, logIndex=5231, commits[edec9b8f-c318-426f-83f9-f44e945268a2:c5231, 02a03aee-1dd1-43c9-94ca-c76e2a537489:c5228, 9fb73170-bb25-48da-afcf-6f1f9e11598f:c5228]
2019-07-10 10:43:07,266 INFO  client.GrpcClientProtocolClient (GrpcClientProtocolClient.java:onNext(255)) - client-AC1CE418446C->edec9b8f-c318-426f-83f9-f44e945268a2: receive RaftClientReply:client-AC1CE418446C->edec9b8f-c318-426f-83f9-f44e945268a2@group-352661ED3FD5, cid=3481, SUCCESS, logIndex=5234, commits[edec9b8f-c318-426f-83f9-f44e945268a2:c5235, 02a03aee-1dd1-43c9-94ca-c76e2a537489:c5232, 9fb73170-bb25-48da-afcf-6f1f9e11598f:c5229]
2019-07-10 10:43:07,267 INFO  client.GrpcClientProtocolClient (GrpcClientProtocolClient.java:onNext(255)) - client-AC1CE418446C->edec9b8f-c318-426f-83f9-f44e945268a2: receive RaftClientReply:client-AC1CE418446C->edec9b8f-c318-426f-83f9-f44e945268a2@group-352661ED3FD5, cid=3482, SUCCESS, logIndex=5235, commits[edec9b8f-c318-426f-83f9-f44e945268a2:c5235, 02a03aee-1dd1-43c9-94ca-c76e2a537489:c5232, 9fb73170-bb25-48da-afcf-6f1f9e11598f:c5232]
2019-07-10 10:43:07,268 INFO  client.GrpcClientProtocolClient (GrpcClientProtocolClient.java:onNext(255)) - client-AC1CE418446C->edec9b8f-c318-426f-83f9-f44e945268a2: receive RaftClientReply:client-AC1CE418446C->edec9b8f-c318-426f-83f9-f44e945268a2@group-352661ED3FD5, cid=3483, SUCCESS, logIndex=0, commits[edec9b8f-c318-426f-83f9-f44e945268a2:c5236, 02a03aee-1dd1-43c9-94ca-c76e2a537489:c5235, 9fb73170-bb25-48da-afcf-6f1f9e11598f:c5235]
2019-07-10 10:43:07,300 INFO  client.GrpcClientProtocolClient (GrpcClientProtocolClient.java:onNext(255)) - client-AC1CE418446C->edec9b8f-c318-426f-83f9-f44e945268a2: receive RaftClientReply:client-AC1CE418446C->edec9b8f-c318-426f-83f9-f44e945268a2@group-352661ED3FD5, cid=3484, SUCCESS, logIndex=5238, commits[edec9b8f-c318-426f-83f9-f44e945268a2:c5239, 02a03aee-1dd1-43c9-94ca-c76e2a537489:c5237, 9fb73170-bb25-48da-afcf-6f1f9e11598f:c5237]
2019-07-10 10:43:07,301 INFO  client.GrpcClientProtocolClient (GrpcClientProtocolClient.java:onNext(255)) - client-AC1CE418446C->edec9b8f-c318-426f-83f9-f44e945268a2: receive RaftClientReply:client-AC1CE418446C->edec9b8f-c318-426f-83f9-f44e945268a2@group-352661ED3FD5, cid=3485, SUCCESS, logIndex=5239, commits[edec9b8f-c318-426f-83f9-f44e945268a2:c5239, 02a03aee-1dd1-43c9-94ca-c76e2a537489:c5237, 9fb73170-bb25-48da-afcf-6f1f9e11598f:c5237]
2019-07-10 10:43:07,301 INFO  client.GrpcClientProtocolClient (GrpcClientProtocolClient.java:onNext(255)) - client-AC1CE418446C->edec9b8f-c318-426f-83f9-f44e945268a2: receive RaftClientReply:client-AC1CE418446C->edec9b8f-c318-426f-83f9-f44e945268a2@group-352661ED3FD5, cid=3486, SUCCESS, logIndex=5240, commits[edec9b8f-c318-426f-83f9-f44e945268a2:c5241, 02a03aee-1dd1-43c9-94ca-c76e2a537489:c5237, 9fb73170-bb25-48da-afcf-6f1f9e11598f:c5237]
2019-07-10 10:43:07,301 INFO  client.GrpcClientProtocolClient (GrpcClientProtocolClient.java:onNext(255)) - client-AC1CE418446C->edec9b8f-c318-426f-83f9-f44e945268a2: receive RaftClientReply:client-AC1CE418446C->edec9b8f-c318-426f-83f9-f44e945268a2@group-352661ED3FD5, cid=3487, SUCCESS, logIndex=5241, commits[edec9b8f-c318-426f-83f9-f44e945268a2:c5241, 02a03aee-1dd1-43c9-94ca-c76e2a537489:c5237, 9fb73170-bb25-48da-afcf-6f1f9e11598f:c5237]
2019-07-10 10:43:07,314 INFO  client.GrpcClientProtocolClient (GrpcClientProtocolClient.java:onNext(255)) - client-AC1CE418446C->edec9b8f-c318-426f-83f9-f44e945268a2: receive RaftClientReply:client-AC1CE418446C->edec9b8f-c318-426f-83f9-f44e945268a2@group-352661ED3FD5, cid=3488, SUCCESS, logIndex=0, commits[edec9b8f-c318-426f-83f9-f44e945268a2:c5243, 02a03aee-1dd1-43c9-94ca-c76e2a537489:c5239, 9fb73170-bb25-48da-afcf-6f1f9e11598f:c5239]
2019-07-10 10:43:07,348 INFO  client.GrpcClientProtocolClient (GrpcClientProtocolClient.java:onNext(255)) - client-AC1CE418446C->edec9b8f-c318-426f-83f9-f44e945268a2: receive RaftClientReply:client-AC1CE418446C->edec9b8f-c318-426f-83f9-f44e945268a2@group-352661ED3FD5, cid=3489, SUCCESS, logIndex=5246, commits[edec9b8f-c318-426f-83f9-f44e945268a2:c5247, 02a03aee-1dd1-43c9-94ca-c76e2a537489:c5245, 9fb73170-bb25-48da-afcf-6f1f9e11598f:c5245]
2019-07-10 10:43:07,348 INFO  client.GrpcClientProtocolClient (GrpcClientProtocolClient.java:onNext(255)) - client-AC1CE418446C->edec9b8f-c318-426f-83f9-f44e945268a2: receive RaftClientReply:client-AC1CE418446C->edec9b8f-c318-426f-83f9-f44e945268a2@group-352661ED3FD5, cid=3490, SUCCESS, logIndex=5247, commits[edec9b8f-c318-426f-83f9-f44e945268a2:c5247, 02a03aee-1dd1-43c9-94ca-c76e2a537489:c5245, 9fb73170-bb25-48da-afcf-6f1f9e11598f:c5245]
2019-07-10 10:43:07,363 INFO  client.GrpcClientProtocolClient (GrpcClientProtocolClient.java:onNext(255)) - client-AC1CE418446C->edec9b8f-c318-426f-83f9-f44e945268a2: receive RaftClientReply:client-AC1CE418446C->edec9b8f-c318-426f-83f9-f44e945268a2@group-352661ED3FD5, cid=3491, SUCCESS, logIndex=5250, commits[edec9b8f-c318-426f-83f9-f44e945268a2:c5250, 02a03aee-1dd1-43c9-94ca-c76e2a537489:c5247, 9fb73170-bb25-48da-afcf-6f1f9e11598f:c5247]
2019-07-10 10:43:07,364 INFO  client.GrpcClientProtocolClient (GrpcClientProtocolClient.java:onNext(255)) - client-AC1CE418446C->edec9b8f-c318-426f-83f9-f44e945268a2: receive RaftClientReply:client-AC1CE418446C->edec9b8f-c318-426f-83f9-f44e945268a2@group-352661ED3FD5, cid=3492, SUCCESS, logIndex=5251, commits[edec9b8f-c318-426f-83f9-f44e945268a2:c5251, 02a03aee-1dd1-43c9-94ca-c76e2a537489:c5247, 9fb73170-bb25-48da-afcf-6f1f9e11598f:c5247]
2019-07-10 10:43:07,389 INFO  client.GrpcClientProtocolClient (GrpcClientProtocolClient.java:onNext(255)) - client-AC1CE418446C->edec9b8f-c318-426f-83f9-f44e945268a2: receive RaftClientReply:client-AC1CE418446C->edec9b8f-c318-426f-83f9-f44e945268a2@group-352661ED3FD5, cid=3493, SUCCESS, logIndex=0, commits[edec9b8f-c318-426f-83f9-f44e945268a2:c5253, 02a03aee-1dd1-43c9-94ca-c76e2a537489:c5251, 9fb73170-bb25-48da-afcf-6f1f9e11598f:c5251]
 0.00% |█                                                                                                    |  0/1 Time: 0:00:332019-07-10 10:43:07,542 INFO  client.GrpcClientProtocolClient (GrpcClientProtocolClient.java:onNext(255)) - client-AC1CE418446C->edec9b8f-c318-426f-83f9-f44e945268a2: receive RaftClientReply:client-AC1CE418446C->edec9b8f-c318-426f-83f9-f44e945268a2@group-352661ED3FD5, cid=3494, SUCCESS, logIndex=5254, commits[edec9b8f-c318-426f-83f9-f44e945268a2:c5255, 02a03aee-1dd1-43c9-94ca-c76e2a537489:c5253, 9fb73170-bb25-48da-afcf-6f1f9e11598f:c5253]
2019-07-10 10:43:07,543 INFO  client.GrpcClientProtocolClient (GrpcClientProtocolClient.java:onNext(255)) - client-AC1CE418446C->edec9b8f-c318-426f-83f9-f44e945268a2: receive RaftClientReply:client-AC1CE418446C->edec9b8f-c318-426f-83f9-f44e945268a2@group-352661ED3FD5, cid=3495, SUCCESS, logIndex=5255, commits[edec9b8f-c318-426f-83f9-f44e945268a2:c5256, 02a03aee-1dd1-43c9-94ca-c76e2a537489:c5253, 9fb73170-bb25-48da-afcf-6f1f9e11598f:c5253]
2019-07-10 10:43:07,543 INFO  client.GrpcClientProtocolClient (GrpcClientProtocolClient.java:onNext(255)) - client-AC1CE418446C->edec9b8f-c318-426f-83f9-f44e945268a2: receive RaftClientReply:client-AC1CE418446C->edec9b8f-c318-426f-83f9-f44e945268a2@group-352661ED3FD5, cid=3496, SUCCESS, logIndex=5256, commits[edec9b8f-c318-426f-83f9-f44e945268a2:c5257, 02a03aee-1dd1-43c9-94ca-c76e2a537489:c5253, 9fb73170-bb25-48da-afcf-6f1f9e11598f:c5253]
2019-07-10 10:43:07,543 INFO  client.GrpcClientProtocolClient (GrpcClientProtocolClient.java:onNext(255)) - client-AC1CE418446C->edec9b8f-c318-426f-83f9-f44e945268a2: receive RaftClientReply:client-AC1CE418446C->edec9b8f-c318-426f-83f9-f44e945268a2@group-352661ED3FD5, cid=3497, SUCCESS, logIndex=5257, commits[edec9b8f-c318-426f-83f9-f44e945268a2:c5257, 02a03aee-1dd1-43c9-94ca-c76e2a537489:c5253, 9fb73170-bb25-48da-afcf-6f1f9e11598f:c5253]
2019-07-10 10:43:07,557 INFO  client.GrpcClientProtocolClient (GrpcClientProtocolClient.java:onNext(255)) - client-AC1CE418446C->edec9b8f-c318-426f-83f9-f44e945268a2: receive RaftClientReply:client-AC1CE418446C->edec9b8f-c318-426f-83f9-f44e945268a2@group-352661ED3FD5, cid=3498, SUCCESS, logIndex=0, commits[edec9b8f-c318-426f-83f9-f44e945268a2:c5259, 02a03aee-1dd1-43c9-94ca-c76e2a537489:c5255, 9fb73170-bb25-48da-afcf-6f1f9e11598f:c5255]
2019-07-10 10:43:07,578 INFO  client.GrpcClientProtocolClient (GrpcClientProtocolClient.java:onNext(255)) - client-AC1CE418446C->edec9b8f-c318-426f-83f9-f44e945268a2: receive RaftClientReply:client-AC1CE418446C->edec9b8f-c318-426f-83f9-f44e945268a2@group-352661ED3FD5, cid=3499, SUCCESS, logIndex=5262, commits[edec9b8f-c318-426f-83f9-f44e945268a2:c5263, 02a03aee-1dd1-43c9-94ca-c76e2a537489:c5261, 9fb73170-bb25-48da-afcf-6f1f9e11598f:c5261]
2019-07-10 10:43:07,579 INFO  client.GrpcClientProtocolClient (GrpcClientProtocolClient.java:onNext(255)) - client-AC1CE418446C->edec9b8f-c318-426f-83f9-f44e945268a2: receive RaftClientReply:client-AC1CE418446C->edec9b8f-c318-426f-83f9-f44e945268a2@group-352661ED3FD5, cid=3500, SUCCESS, logIndex=5263, commits[edec9b8f-c318-426f-83f9-f44e945268a2:c5263, 02a03aee-1dd1-43c9-94ca-c76e2a537489:c5261, 9fb73170-bb25-48da-afcf-6f1f9e11598f:c5261]
2019-07-10 10:43:07,592 INFO  client.GrpcClientProtocolClient (GrpcClientProtocolClient.java:onNext(255)) - client-AC1CE418446C->edec9b8f-c318-426f-83f9-f44e945268a2: receive RaftClientReply:client-AC1CE418446C->edec9b8f-c318-426f-83f9-f44e945268a2@group-352661ED3FD5, cid=3501, SUCCESS, logIndex=5266, commits[edec9b8f-c318-426f-83f9-f44e945268a2:c5267, 02a03aee-1dd1-43c9-94ca-c76e2a537489:c5263, 9fb73170-bb25-48da-afcf-6f1f9e11598f:c5262]
2019-07-10 10:43:07,593 INFO  client.GrpcClientProtocolClient (GrpcClientProtocolClient.java:onNext(255)) - client-AC1CE418446C->edec9b8f-c318-426f-83f9-f44e945268a2: receive RaftClientReply:client-AC1CE418446C->edec9b8f-c318-426f-83f9-f44e945268a2@group-352661ED3FD5, cid=3502, SUCCESS, logIndex=5267, commits[edec9b8f-c318-426f-83f9-f44e945268a2:c5267, 02a03aee-1dd1-43c9-94ca-c76e2a537489:c5263, 9fb73170-bb25-48da-afcf-6f1f9e11598f:c5263]
2019-07-10 10:43:07,595 INFO  client.GrpcClientProtocolClient (GrpcClientProtocolClient.java:onNext(255)) - client-AC1CE418446C->edec9b8f-c318-426f-83f9-f44e945268a2: receive RaftClientReply:client-AC1CE418446C->edec9b8f-c318-426f-83f9-f44e945268a2@group-352661ED3FD5, cid=3503, SUCCESS, logIndex=0, commits[edec9b8f-c318-426f-83f9-f44e945268a2:c5269, 02a03aee-1dd1-43c9-94ca-c76e2a537489:c5267, 9fb73170-bb25-48da-afcf-6f1f9e11598f:c5267]
2019-07-10 10:43:07,630 INFO  client.GrpcClientProtocolClient (GrpcClientProtocolClient.java:onNext(255)) - client-AC1CE418446C->edec9b8f-c318-426f-83f9-f44e945268a2: receive RaftClientReply:client-AC1CE418446C->edec9b8f-c318-426f-83f9-f44e945268a2@group-352661ED3FD5, cid=3504, SUCCESS, logIndex=5270, commits[edec9b8f-c318-426f-83f9-f44e945268a2:c5271, 02a03aee-1dd1-43c9-94ca-c76e2a537489:c5269, 9fb73170-bb25-48da-afcf-6f1f9e11598f:c5269]
2019-07-10 10:43:07,631 INFO  client.GrpcClientProtocolClient (GrpcClientProtocolClient.java:onNext(255)) - client-AC1CE418446C->edec9b8f-c318-426f-83f9-f44e945268a2: receive RaftClientReply:client-AC1CE418446C->edec9b8f-c318-426f-83f9-f44e945268a2@group-352661ED3FD5, cid=3505, SUCCESS, logIndex=5271, commits[edec9b8f-c318-426f-83f9-f44e945268a2:c5271, 02a03aee-1dd1-43c9-94ca-c76e2a537489:c5269, 9fb73170-bb25-48da-afcf-6f1f9e11598f:c5269]
2019-07-10 10:43:07,632 INFO  client.GrpcClientProtocolClient (GrpcClientProtocolClient.java:onNext(255)) - client-AC1CE418446C->edec9b8f-c318-426f-83f9-f44e945268a2: receive RaftClientReply:client-AC1CE418446C->edec9b8f-c318-426f-83f9-f44e945268a2@group-352661ED3FD5, cid=3506, SUCCESS, logIndex=5272, commits[edec9b8f-c318-426f-83f9-f44e945268a2:c5273, 02a03aee-1dd1-43c9-94ca-c76e2a537489:c5269, 9fb73170-bb25-48da-afcf-6f1f9e11598f:c5269]
2019-07-10 10:43:07,632 INFO  client.GrpcClientProtocolClient (GrpcClientProtocolClient.java:onNext(255)) - client-AC1CE418446C->edec9b8f-c318-426f-83f9-f44e945268a2: receive RaftClientReply:client-AC1CE418446C->edec9b8f-c318-426f-83f9-f44e945268a2@group-352661ED3FD5, cid=3507, SUCCESS, logIndex=5273, commits[edec9b8f-c318-426f-83f9-f44e945268a2:c5273, 02a03aee-1dd1-43c9-94ca-c76e2a537489:c5269, 9fb73170-bb25-48da-afcf-6f1f9e11598f:c5269]
2019-07-10 10:43:07,645 INFO  client.GrpcClientProtocolClient (GrpcClientProtocolClient.java:onNext(255)) - client-AC1CE418446C->edec9b8f-c318-426f-83f9-f44e945268a2: receive RaftClientReply:client-AC1CE418446C->edec9b8f-c318-426f-83f9-f44e945268a2@group-352661ED3FD5, cid=3508, SUCCESS, logIndex=0, commits[edec9b8f-c318-426f-83f9-f44e945268a2:c5275, 02a03aee-1dd1-43c9-94ca-c76e2a537489:c5271, 9fb73170-bb25-48da-afcf-6f1f9e11598f:c5271]
2019-07-10 10:43:07,667 INFO  client.GrpcClientProtocolClient (GrpcClientProtocolClient.java:onNext(255)) - client-AC1CE418446C->edec9b8f-c318-426f-83f9-f44e945268a2: receive RaftClientReply:client-AC1CE418446C->edec9b8f-c318-426f-83f9-f44e945268a2@group-352661ED3FD5, cid=3509, SUCCESS, logIndex=5278, commits[edec9b8f-c318-426f-83f9-f44e945268a2:c5278, 02a03aee-1dd1-43c9-94ca-c76e2a537489:c5277, 9fb73170-bb25-48da-afcf-6f1f9e11598f:c5277]
2019-07-10 10:43:07,667 INFO  client.GrpcClientProtocolClient (GrpcClientProtocolClient.java:onNext(255)) - client-AC1CE418446C->edec9b8f-c318-426f-83f9-f44e945268a2: receive RaftClientReply:client-AC1CE418446C->edec9b8f-c318-426f-83f9-f44e945268a2@group-352661ED3FD5, cid=3510, SUCCESS, logIndex=5279, commits[edec9b8f-c318-426f-83f9-f44e945268a2:c5279, 02a03aee-1dd1-43c9-94ca-c76e2a537489:c5277, 9fb73170-bb25-48da-afcf-6f1f9e11598f:c5277]
2019-07-10 10:43:07,691 INFO  client.GrpcClientProtocolClient (GrpcClientProtocolClient.java:onNext(255)) - client-AC1CE418446C->edec9b8f-c318-426f-83f9-f44e945268a2: receive RaftClientReply:client-AC1CE418446C->edec9b8f-c318-426f-83f9-f44e945268a2@group-352661ED3FD5, cid=3511, SUCCESS, logIndex=5282, commits[edec9b8f-c318-426f-83f9-f44e945268a2:c5283, 02a03aee-1dd1-43c9-94ca-c76e2a537489:c5279, 9fb73170-bb25-48da-afcf-6f1f9e11598f:c5279]
2019-07-10 10:43:07,692 INFO  client.GrpcClientProtocolClient (GrpcClientProtocolClient.java:onNext(255)) - client-AC1CE418446C->edec9b8f-c318-426f-83f9-f44e945268a2: receive RaftClientReply:client-AC1CE418446C->edec9b8f-c318-426f-83f9-f44e945268a2@group-352661ED3FD5, cid=3512, SUCCESS, logIndex=5283, commits[edec9b8f-c318-426f-83f9-f44e945268a2:c5283, 02a03aee-1dd1-43c9-94ca-c76e2a537489:c5279, 9fb73170-bb25-48da-afcf-6f1f9e11598f:c5279]
2019-07-10 10:43:07,706 INFO  client.GrpcClientProtocolClient (GrpcClientProtocolClient.java:onNext(255)) - client-AC1CE418446C->edec9b8f-c318-426f-83f9-f44e945268a2: receive RaftClientReply:client-AC1CE418446C->edec9b8f-c318-426f-83f9-f44e945268a2@group-352661ED3FD5, cid=3513, SUCCESS, logIndex=0, commits[edec9b8f-c318-426f-83f9-f44e945268a2:c5285, 02a03aee-1dd1-43c9-94ca-c76e2a537489:c5283, 9fb73170-bb25-48da-afcf-6f1f9e11598f:c5283]
2019-07-10 10:43:07,741 INFO  client.GrpcClientProtocolClient (GrpcClientProtocolClient.java:onNext(255)) - client-AC1CE418446C->edec9b8f-c318-426f-83f9-f44e945268a2: receive RaftClientReply:client-AC1CE418446C->edec9b8f-c318-426f-83f9-f44e945268a2@group-352661ED3FD5, cid=3514, SUCCESS, logIndex=5286, commits[edec9b8f-c318-426f-83f9-f44e945268a2:c5287, 02a03aee-1dd1-43c9-94ca-c76e2a537489:c5285, 9fb73170-bb25-48da-afcf-6f1f9e11598f:c5285]
2019-07-10 10:43:07,742 INFO  client.GrpcClientProtocolClient (GrpcClientProtocolClient.java:onNext(255)) - client-AC1CE418446C->edec9b8f-c318-426f-83f9-f44e945268a2: receive RaftClientReply:client-AC1CE418446C->edec9b8f-c318-426f-83f9-f44e945268a2@group-352661ED3FD5, cid=3515, SUCCESS, logIndex=5287, commits[edec9b8f-c318-426f-83f9-f44e945268a2:c5289, 02a03aee-1dd1-43c9-94ca-c76e2a537489:c5285, 9fb73170-bb25-48da-afcf-6f1f9e11598f:c5285]
2019-07-10 10:43:07,743 INFO  client.GrpcClientProtocolClient (GrpcClientProtocolClient.java:onNext(255)) - client-AC1CE418446C->edec9b8f-c318-426f-83f9-f44e945268a2: receive RaftClientReply:client-AC1CE418446C->edec9b8f-c318-426f-83f9-f44e945268a2@group-352661ED3FD5, cid=3516, SUCCESS, logIndex=5288, commits[edec9b8f-c318-426f-83f9-f44e945268a2:c5289, 02a03aee-1dd1-43c9-94ca-c76e2a537489:c5285, 9fb73170-bb25-48da-afcf-6f1f9e11598f:c5285]
2019-07-10 10:43:07,744 INFO  client.GrpcClientProtocolClient (GrpcClientProtocolClient.java:onNext(255)) - client-AC1CE418446C->edec9b8f-c318-426f-83f9-f44e945268a2: receive RaftClientReply:client-AC1CE418446C->edec9b8f-c318-426f-83f9-f44e945268a2@group-352661ED3FD5, cid=3517, SUCCESS, logIndex=5289, commits[edec9b8f-c318-426f-83f9-f44e945268a2:c5289, 02a03aee-1dd1-43c9-94ca-c76e2a537489:c5285, 9fb73170-bb25-48da-afcf-6f1f9e11598f:c5285]
2019-07-10 10:43:07,758 INFO  client.GrpcClientProtocolClient (GrpcClientProtocolClient.java:onNext(255)) - client-AC1CE418446C->edec9b8f-c318-426f-83f9-f44e945268a2: receive RaftClientReply:client-AC1CE418446C->edec9b8f-c318-426f-83f9-f44e945268a2@group-352661ED3FD5, cid=3518, SUCCESS, logIndex=0, commits[edec9b8f-c318-426f-83f9-f44e945268a2:c5293, 02a03aee-1dd1-43c9-94ca-c76e2a537489:c5289, 9fb73170-bb25-48da-afcf-6f1f9e11598f:c5287]
2019-07-10 10:43:07,779 INFO  client.GrpcClientProtocolClient (GrpcClientProtocolClient.java:onNext(255)) - client-AC1CE418446C->edec9b8f-c318-426f-83f9-f44e945268a2: receive RaftClientReply:client-AC1CE418446C->edec9b8f-c318-426f-83f9-f44e945268a2@group-352661ED3FD5, cid=3519, SUCCESS, logIndex=5294, commits[edec9b8f-c318-426f-83f9-f44e945268a2:c5295, 02a03aee-1dd1-43c9-94ca-c76e2a537489:c5293, 9fb73170-bb25-48da-afcf-6f1f9e11598f:c5293]
2019-07-10 10:43:07,779 INFO  client.GrpcClientProtocolClient (GrpcClientProtocolClient.java:onNext(255)) - client-AC1CE418446C->edec9b8f-c318-426f-83f9-f44e945268a2: receive RaftClientReply:client-AC1CE418446C->edec9b8f-c318-426f-83f9-f44e945268a2@group-352661ED3FD5, cid=3520, SUCCESS, logIndex=5295, commits[edec9b8f-c318-426f-83f9-f44e945268a2:c5295, 02a03aee-1dd1-43c9-94ca-c76e2a537489:c5293, 9fb73170-bb25-48da-afcf-6f1f9e11598f:c5293]
2019-07-10 10:43:07,793 INFO  client.GrpcClientProtocolClient (GrpcClientProtocolClient.java:onNext(255)) - client-AC1CE418446C->edec9b8f-c318-426f-83f9-f44e945268a2: receive RaftClientReply:client-AC1CE418446C->edec9b8f-c318-426f-83f9-f44e945268a2@group-352661ED3FD5, cid=3521, SUCCESS, logIndex=5298, commits[edec9b8f-c318-426f-83f9-f44e945268a2:c5299, 02a03aee-1dd1-43c9-94ca-c76e2a537489:c5295, 9fb73170-bb25-48da-afcf-6f1f9e11598f:c5295]
2019-07-10 10:43:07,794 INFO  client.GrpcClientProtocolClient (GrpcClientProtocolClient.java:onNext(255)) - client-AC1CE418446C->edec9b8f-c318-426f-83f9-f44e945268a2: receive RaftClientReply:client-AC1CE418446C->edec9b8f-c318-426f-83f9-f44e945268a2@group-352661ED3FD5, cid=3522, SUCCESS, logIndex=5299, commits[edec9b8f-c318-426f-83f9-f44e945268a2:c5299, 02a03aee-1dd1-43c9-94ca-c76e2a537489:c5295, 9fb73170-bb25-48da-afcf-6f1f9e11598f:c5295]
2019-07-10 10:43:07,808 INFO  client.GrpcClientProtocolClient (GrpcClientProtocolClient.java:onNext(255)) - client-AC1CE418446C->edec9b8f-c318-426f-83f9-f44e945268a2: receive RaftClientReply:client-AC1CE418446C->edec9b8f-c318-426f-83f9-f44e945268a2@group-352661ED3FD5, cid=3523, SUCCESS, logIndex=0, commits[edec9b8f-c318-426f-83f9-f44e945268a2:c5301, 02a03aee-1dd1-43c9-94ca-c76e2a537489:c5299, 9fb73170-bb25-48da-afcf-6f1f9e11598f:c5299]
2019-07-10 10:43:07,842 INFO  client.GrpcClientProtocolClient (GrpcClientProtocolClient.java:onNext(255)) - client-AC1CE418446C->edec9b8f-c318-426f-83f9-f44e945268a2: receive RaftClientReply:client-AC1CE418446C->edec9b8f-c318-426f-83f9-f44e945268a2@group-352661ED3FD5, cid=3524, SUCCESS, logIndex=5302, commits[edec9b8f-c318-426f-83f9-f44e945268a2:c5304, 02a03aee-1dd1-43c9-94ca-c76e2a537489:c5301, 9fb73170-bb25-48da-afcf-6f1f9e11598f:c5301]
2019-07-10 10:43:07,842 INFO  client.GrpcClientProtocolClient (GrpcClientProtocolClient.java:onNext(255)) - client-AC1CE418446C->edec9b8f-c318-426f-83f9-f44e945268a2: receive RaftClientReply:client-AC1CE418446C->edec9b8f-c318-426f-83f9-f44e945268a2@group-352661ED3FD5, cid=3525, SUCCESS, logIndex=5303, commits[edec9b8f-c318-426f-83f9-f44e945268a2:c5305, 02a03aee-1dd1-43c9-94ca-c76e2a537489:c5301, 9fb73170-bb25-48da-afcf-6f1f9e11598f:c5301]
2019-07-10 10:43:07,843 INFO  client.GrpcClientProtocolClient (GrpcClientProtocolClient.java:onNext(255)) - client-AC1CE418446C->edec9b8f-c318-426f-83f9-f44e945268a2: receive RaftClientReply:client-AC1CE418446C->edec9b8f-c318-426f-83f9-f44e945268a2@group-352661ED3FD5, cid=3526, SUCCESS, logIndex=5304, commits[edec9b8f-c318-426f-83f9-f44e945268a2:c5305, 02a03aee-1dd1-43c9-94ca-c76e2a537489:c5301, 9fb73170-bb25-48da-afcf-6f1f9e11598f:c5301]
2019-07-10 10:43:07,843 INFO  client.GrpcClientProtocolClient (GrpcClientProtocolClient.java:onNext(255)) - client-AC1CE418446C->edec9b8f-c318-426f-83f9-f44e945268a2: receive RaftClientReply:client-AC1CE418446C->edec9b8f-c318-426f-83f9-f44e945268a2@group-352661ED3FD5, cid=3527, SUCCESS, logIndex=5305, commits[edec9b8f-c318-426f-83f9-f44e945268a2:c5305, 02a03aee-1dd1-43c9-94ca-c76e2a537489:c5301, 9fb73170-bb25-48da-afcf-6f1f9e11598f:c5301]
2019-07-10 10:43:07,856 INFO  client.GrpcClientProtocolClient (GrpcClientProtocolClient.java:onNext(255)) - client-AC1CE418446C->edec9b8f-c318-426f-83f9-f44e945268a2: receive RaftClientReply:client-AC1CE418446C->edec9b8f-c318-426f-83f9-f44e945268a2@group-352661ED3FD5, cid=3528, SUCCESS, logIndex=0, commits[edec9b8f-c318-426f-83f9-f44e945268a2:c5306, 02a03aee-1dd1-43c9-94ca-c76e2a537489:c5303, 9fb73170-bb25-48da-afcf-6f1f9e11598f:c5303]
2019-07-10 10:43:07,876 INFO  client.GrpcClientProtocolClient (GrpcClientProtocolClient.java:onNext(255)) - client-AC1CE418446C->edec9b8f-c318-426f-83f9-f44e945268a2: receive RaftClientReply:client-AC1CE418446C->edec9b8f-c318-426f-83f9-f44e945268a2@group-352661ED3FD5, cid=3529, SUCCESS, logIndex=5310, commits[edec9b8f-c318-426f-83f9-f44e945268a2:c5311, 02a03aee-1dd1-43c9-94ca-c76e2a537489:c5309, 9fb73170-bb25-48da-afcf-6f1f9e11598f:c5309]
2019-07-10 10:43:07,877 INFO  client.GrpcClientProtocolClient (GrpcClientProtocolClient.java:onNext(255)) - client-AC1CE418446C->edec9b8f-c318-426f-83f9-f44e945268a2: receive RaftClientReply:client-AC1CE418446C->edec9b8f-c318-426f-83f9-f44e945268a2@group-352661ED3FD5, cid=3530, SUCCESS, logIndex=5311, commits[edec9b8f-c318-426f-83f9-f44e945268a2:c5311, 02a03aee-1dd1-43c9-94ca-c76e2a537489:c5309, 9fb73170-bb25-48da-afcf-6f1f9e11598f:c5309]
2019-07-10 10:43:07,901 INFO  client.GrpcClientProtocolClient (GrpcClientProtocolClient.java:onNext(255)) - client-AC1CE418446C->edec9b8f-c318-426f-83f9-f44e945268a2: receive RaftClientReply:client-AC1CE418446C->edec9b8f-c318-426f-83f9-f44e945268a2@group-352661ED3FD5, cid=3531, SUCCESS, logIndex=5314, commits[edec9b8f-c318-426f-83f9-f44e945268a2:c5315, 02a03aee-1dd1-43c9-94ca-c76e2a537489:c5311, 9fb73170-bb25-48da-afcf-6f1f9e11598f:c5310]
2019-07-10 10:43:07,902 INFO  client.GrpcClientProtocolClient (GrpcClientProtocolClient.java:onNext(255)) - client-AC1CE418446C->edec9b8f-c318-426f-83f9-f44e945268a2: receive RaftClientReply:client-AC1CE418446C->edec9b8f-c318-426f-83f9-f44e945268a2@group-352661ED3FD5, cid=3532, SUCCESS, logIndex=5315, commits[edec9b8f-c318-426f-83f9-f44e945268a2:c5315, 02a03aee-1dd1-43c9-94ca-c76e2a537489:c5311, 9fb73170-bb25-48da-afcf-6f1f9e11598f:c5311]
2019-07-10 10:43:07,904 INFO  client.GrpcClientProtocolClient (GrpcClientProtocolClient.java:onNext(255)) - client-AC1CE418446C->edec9b8f-c318-426f-83f9-f44e945268a2: receive RaftClientReply:client-AC1CE418446C->edec9b8f-c318-426f-83f9-f44e945268a2@group-352661ED3FD5, cid=3533, SUCCESS, logIndex=0, commits[edec9b8f-c318-426f-83f9-f44e945268a2:c5317, 02a03aee-1dd1-43c9-94ca-c76e2a537489:c5315, 9fb73170-bb25-48da-afcf-6f1f9e11598f:c5315]
2019-07-10 10:43:07,937 INFO  client.GrpcClientProtocolClient (GrpcClientProtocolClient.java:onNext(255)) - client-AC1CE418446C->edec9b8f-c318-426f-83f9-f44e945268a2: receive RaftClientReply:client-AC1CE418446C->edec9b8f-c318-426f-83f9-f44e945268a2@group-352661ED3FD5, cid=3534, SUCCESS, logIndex=5318, commits[edec9b8f-c318-426f-83f9-f44e945268a2:c5319, 02a03aee-1dd1-43c9-94ca-c76e2a537489:c5317, 9fb73170-bb25-48da-afcf-6f1f9e11598f:c5317]
2019-07-10 10:43:07,938 INFO  client.GrpcClientProtocolClient (GrpcClientProtocolClient.java:onNext(255)) - client-AC1CE418446C->edec9b8f-c318-426f-83f9-f44e945268a2: receive RaftClientReply:client-AC1CE418446C->edec9b8f-c318-426f-83f9-f44e945268a2@group-352661ED3FD5, cid=3535, SUCCESS, logIndex=5319, commits[edec9b8f-c318-426f-83f9-f44e945268a2:c5320, 02a03aee-1dd1-43c9-94ca-c76e2a537489:c5317, 9fb73170-bb25-48da-afcf-6f1f9e11598f:c5317]
2019-07-10 10:43:07,938 INFO  client.GrpcClientProtocolClient (GrpcClientProtocolClient.java:onNext(255)) - client-AC1CE418446C->edec9b8f-c318-426f-83f9-f44e945268a2: receive RaftClientReply:client-AC1CE418446C->edec9b8f-c318-426f-83f9-f44e945268a2@group-352661ED3FD5, cid=3536, SUCCESS, logIndex=5320, commits[edec9b8f-c318-426f-83f9-f44e945268a2:c5321, 02a03aee-1dd1-43c9-94ca-c76e2a537489:c5317, 9fb73170-bb25-48da-afcf-6f1f9e11598f:c5317]
2019-07-10 10:43:07,939 INFO  client.GrpcClientProtocolClient (GrpcClientProtocolClient.java:onNext(255)) - client-AC1CE418446C->edec9b8f-c318-426f-83f9-f44e945268a2: receive RaftClientReply:client-AC1CE418446C->edec9b8f-c318-426f-83f9-f44e945268a2@group-352661ED3FD5, cid=3537, SUCCESS, logIndex=5321, commits[edec9b8f-c318-426f-83f9-f44e945268a2:c5322, 02a03aee-1dd1-43c9-94ca-c76e2a537489:c5317, 9fb73170-bb25-48da-afcf-6f1f9e11598f:c5318]
2019-07-10 10:43:07,939 INFO  client.GrpcClientProtocolClient (GrpcClientProtocolClient.java:onNext(255)) - client-AC1CE418446C->edec9b8f-c318-426f-83f9-f44e945268a2: receive RaftClientReply:client-AC1CE418446C->edec9b8f-c318-426f-83f9-f44e945268a2@group-352661ED3FD5, cid=3538, SUCCESS, logIndex=0, commits[edec9b8f-c318-426f-83f9-f44e945268a2:c5324, 02a03aee-1dd1-43c9-94ca-c76e2a537489:c5319, 9fb73170-bb25-48da-afcf-6f1f9e11598f:c5320]
2019-07-10 10:43:07,960 INFO  segmented.SegmentedRaftLogWorker (SegmentedRaftLogWorker.java:rollLogSegment(385)) - edec9b8f-c318-426f-83f9-f44e945268a2-SegmentedRaftLogWorker:Storage Directory /tmp/workdir/hadoop-ozone/tools/target/test-dir/MiniOzoneClusterImpl-17ea7f8f-93f7-4dfb-92f7-fb56f8fc99bb/datanode-2/data/ratis/7e010811-d80f-45da-8531-352661ed3fd5: Rolling segment log-0_5327 to index:5327
2019-07-10 10:43:07,963 INFO  segmented.SegmentedRaftLogWorker (SegmentedRaftLogWorker.java:rollLogSegment(385)) - 9fb73170-bb25-48da-afcf-6f1f9e11598f-SegmentedRaftLogWorker:Storage Directory /tmp/workdir/hadoop-ozone/tools/target/test-dir/MiniOzoneClusterImpl-17ea7f8f-93f7-4dfb-92f7-fb56f8fc99bb/datanode-3/data/ratis/7e010811-d80f-45da-8531-352661ed3fd5: Rolling segment log-0_5327 to index:5327
2019-07-10 10:43:07,963 INFO  segmented.SegmentedRaftLogWorker (SegmentedRaftLogWorker.java:rollLogSegment(385)) - 02a03aee-1dd1-43c9-94ca-c76e2a537489-SegmentedRaftLogWorker:Storage Directory /tmp/workdir/hadoop-ozone/tools/target/test-dir/MiniOzoneClusterImpl-17ea7f8f-93f7-4dfb-92f7-fb56f8fc99bb/datanode-0/data/ratis/7e010811-d80f-45da-8531-352661ed3fd5: Rolling segment log-0_5327 to index:5327
2019-07-10 10:43:07,963 INFO  segmented.SegmentedRaftLogWorker (SegmentedRaftLogWorker.java:execute(526)) - edec9b8f-c318-426f-83f9-f44e945268a2-SegmentedRaftLogWorker:Storage Directory /tmp/workdir/hadoop-ozone/tools/target/test-dir/MiniOzoneClusterImpl-17ea7f8f-93f7-4dfb-92f7-fb56f8fc99bb/datanode-2/data/ratis/7e010811-d80f-45da-8531-352661ed3fd5: Rolled log segment from /tmp/workdir/hadoop-ozone/tools/target/test-dir/MiniOzoneClusterImpl-17ea7f8f-93f7-4dfb-92f7-fb56f8fc99bb/datanode-2/data/ratis/7e010811-d80f-45da-8531-352661ed3fd5/current/log_inprogress_0 to /tmp/workdir/hadoop-ozone/tools/target/test-dir/MiniOzoneClusterImpl-17ea7f8f-93f7-4dfb-92f7-fb56f8fc99bb/datanode-2/data/ratis/7e010811-d80f-45da-8531-352661ed3fd5/current/log_0-5327
2019-07-10 10:43:07,963 INFO  client.GrpcClientProtocolClient (GrpcClientProtocolClient.java:onNext(255)) - client-AC1CE418446C->edec9b8f-c318-426f-83f9-f44e945268a2: receive RaftClientReply:client-AC1CE418446C->edec9b8f-c318-426f-83f9-f44e945268a2@group-352661ED3FD5, cid=3539, SUCCESS, logIndex=5326, commits[edec9b8f-c318-426f-83f9-f44e945268a2:c5327, 02a03aee-1dd1-43c9-94ca-c76e2a537489:c5325, 9fb73170-bb25-48da-afcf-6f1f9e11598f:c5325]
2019-07-10 10:43:07,964 INFO  segmented.SegmentedRaftLogWorker (SegmentedRaftLogWorker.java:execute(526)) - 9fb73170-bb25-48da-afcf-6f1f9e11598f-SegmentedRaftLogWorker:Storage Directory /tmp/workdir/hadoop-ozone/tools/target/test-dir/MiniOzoneClusterImpl-17ea7f8f-93f7-4dfb-92f7-fb56f8fc99bb/datanode-3/data/ratis/7e010811-d80f-45da-8531-352661ed3fd5: Rolled log segment from /tmp/workdir/hadoop-ozone/tools/target/test-dir/MiniOzoneClusterImpl-17ea7f8f-93f7-4dfb-92f7-fb56f8fc99bb/datanode-3/data/ratis/7e010811-d80f-45da-8531-352661ed3fd5/current/log_inprogress_0 to /tmp/workdir/hadoop-ozone/tools/target/test-dir/MiniOzoneClusterImpl-17ea7f8f-93f7-4dfb-92f7-fb56f8fc99bb/datanode-3/data/ratis/7e010811-d80f-45da-8531-352661ed3fd5/current/log_0-5327
2019-07-10 10:43:07,967 INFO  client.GrpcClientProtocolClient (GrpcClientProtocolClient.java:onNext(255)) - client-AC1CE418446C->edec9b8f-c318-426f-83f9-f44e945268a2: receive RaftClientReply:client-AC1CE418446C->edec9b8f-c318-426f-83f9-f44e945268a2@group-352661ED3FD5, cid=3540, SUCCESS, logIndex=5327, commits[edec9b8f-c318-426f-83f9-f44e945268a2:c5327, 02a03aee-1dd1-43c9-94ca-c76e2a537489:c5325, 9fb73170-bb25-48da-afcf-6f1f9e11598f:c5325]
2019-07-10 10:43:07,967 INFO  segmented.SegmentedRaftLogWorker (SegmentedRaftLogWorker.java:execute(526)) - 02a03aee-1dd1-43c9-94ca-c76e2a537489-SegmentedRaftLogWorker:Storage Directory /tmp/workdir/hadoop-ozone/tools/target/test-dir/MiniOzoneClusterImpl-17ea7f8f-93f7-4dfb-92f7-fb56f8fc99bb/datanode-0/data/ratis/7e010811-d80f-45da-8531-352661ed3fd5: Rolled log segment from /tmp/workdir/hadoop-ozone/tools/target/test-dir/MiniOzoneClusterImpl-17ea7f8f-93f7-4dfb-92f7-fb56f8fc99bb/datanode-0/data/ratis/7e010811-d80f-45da-8531-352661ed3fd5/current/log_inprogress_0 to /tmp/workdir/hadoop-ozone/tools/target/test-dir/MiniOzoneClusterImpl-17ea7f8f-93f7-4dfb-92f7-fb56f8fc99bb/datanode-0/data/ratis/7e010811-d80f-45da-8531-352661ed3fd5/current/log_0-5327
2019-07-10 10:43:08,004 INFO  segmented.SegmentedRaftLogWorker (SegmentedRaftLogWorker.java:execute(569)) - 9fb73170-bb25-48da-afcf-6f1f9e11598f-SegmentedRaftLogWorker:Storage Directory /tmp/workdir/hadoop-ozone/tools/target/test-dir/MiniOzoneClusterImpl-17ea7f8f-93f7-4dfb-92f7-fb56f8fc99bb/datanode-3/data/ratis/7e010811-d80f-45da-8531-352661ed3fd5: created new log segment /tmp/workdir/hadoop-ozone/tools/target/test-dir/MiniOzoneClusterImpl-17ea7f8f-93f7-4dfb-92f7-fb56f8fc99bb/datanode-3/data/ratis/7e010811-d80f-45da-8531-352661ed3fd5/current/log_inprogress_5328
2019-07-10 10:43:08,004 INFO  segmented.SegmentedRaftLogWorker (SegmentedRaftLogWorker.java:execute(569)) - edec9b8f-c318-426f-83f9-f44e945268a2-SegmentedRaftLogWorker:Storage Directory /tmp/workdir/hadoop-ozone/tools/target/test-dir/MiniOzoneClusterImpl-17ea7f8f-93f7-4dfb-92f7-fb56f8fc99bb/datanode-2/data/ratis/7e010811-d80f-45da-8531-352661ed3fd5: created new log segment /tmp/workdir/hadoop-ozone/tools/target/test-dir/MiniOzoneClusterImpl-17ea7f8f-93f7-4dfb-92f7-fb56f8fc99bb/datanode-2/data/ratis/7e010811-d80f-45da-8531-352661ed3fd5/current/log_inprogress_5328
2019-07-10 10:43:08,025 INFO  segmented.SegmentedRaftLogWorker (SegmentedRaftLogWorker.java:execute(569)) - 02a03aee-1dd1-43c9-94ca-c76e2a537489-SegmentedRaftLogWorker:Storage Directory /tmp/workdir/hadoop-ozone/tools/target/test-dir/MiniOzoneClusterImpl-17ea7f8f-93f7-4dfb-92f7-fb56f8fc99bb/datanode-0/data/ratis/7e010811-d80f-45da-8531-352661ed3fd5: created new log segment /tmp/workdir/hadoop-ozone/tools/target/test-dir/MiniOzoneClusterImpl-17ea7f8f-93f7-4dfb-92f7-fb56f8fc99bb/datanode-0/data/ratis/7e010811-d80f-45da-8531-352661ed3fd5/current/log_inprogress_5328
2019-07-10 10:43:08,029 INFO  client.GrpcClientProtocolClient (GrpcClientProtocolClient.java:onNext(255)) - client-AC1CE418446C->edec9b8f-c318-426f-83f9-f44e945268a2: receive RaftClientReply:client-AC1CE418446C->edec9b8f-c318-426f-83f9-f44e945268a2@group-352661ED3FD5, cid=3541, SUCCESS, logIndex=5330, commits[edec9b8f-c318-426f-83f9-f44e945268a2:c5331, 02a03aee-1dd1-43c9-94ca-c76e2a537489:c5325, 9fb73170-bb25-48da-afcf-6f1f9e11598f:c5327]
2019-07-10 10:43:08,031 INFO  client.GrpcClientProtocolClient (GrpcClientProtocolClient.java:onNext(255)) - client-AC1CE418446C->edec9b8f-c318-426f-83f9-f44e945268a2: receive RaftClientReply:client-AC1CE418446C->edec9b8f-c318-426f-83f9-f44e945268a2@group-352661ED3FD5, cid=3542, SUCCESS, logIndex=5331, commits[edec9b8f-c318-426f-83f9-f44e945268a2:c5331, 02a03aee-1dd1-43c9-94ca-c76e2a537489:c5325, 9fb73170-bb25-48da-afcf-6f1f9e11598f:c5327]
2019-07-10 10:43:08,040 INFO  client.GrpcClientProtocolClient (GrpcClientProtocolClient.java:onNext(255)) - client-AC1CE418446C->edec9b8f-c318-426f-83f9-f44e945268a2: receive RaftClientReply:client-AC1CE418446C->edec9b8f-c318-426f-83f9-f44e945268a2@group-352661ED3FD5, cid=3543, SUCCESS, logIndex=0, commits[edec9b8f-c318-426f-83f9-f44e945268a2:c5331, 02a03aee-1dd1-43c9-94ca-c76e2a537489:c5327, 9fb73170-bb25-48da-afcf-6f1f9e11598f:c5327]
2019-07-10 10:43:08,041 INFO  client.GrpcClientProtocolClient (GrpcClientProtocolClient.java:onNext(255)) - client-AC1CE418446C->edec9b8f-c318-426f-83f9-f44e945268a2: receive RaftClientReply:client-AC1CE418446C->edec9b8f-c318-426f-83f9-f44e945268a2@group-352661ED3FD5, cid=3544, SUCCESS, logIndex=0, commits[edec9b8f-c318-426f-83f9-f44e945268a2:c5332, 02a03aee-1dd1-43c9-94ca-c76e2a537489:c5331, 9fb73170-bb25-48da-afcf-6f1f9e11598f:c5331]
2019-07-10 10:43:08,080 INFO  client.GrpcClientProtocolClient (GrpcClientProtocolClient.java:onNext(255)) - client-AC1CE418446C->edec9b8f-c318-426f-83f9-f44e945268a2: receive RaftClientReply:client-AC1CE418446C->edec9b8f-c318-426f-83f9-f44e945268a2@group-352661ED3FD5, cid=3545, SUCCESS, logIndex=5334, commits[edec9b8f-c318-426f-83f9-f44e945268a2:c5335, 02a03aee-1dd1-43c9-94ca-c76e2a537489:c5333, 9fb73170-bb25-48da-afcf-6f1f9e11598f:c5333]
2019-07-10 10:43:08,081 INFO  client.GrpcClientProtocolClient (GrpcClientProtocolClient.java:onNext(255)) - client-AC1CE418446C->edec9b8f-c318-426f-83f9-f44e945268a2: receive RaftClientReply:client-AC1CE418446C->edec9b8f-c318-426f-83f9-f44e945268a2@group-352661ED3FD5, cid=3546, SUCCESS, logIndex=5335, commits[edec9b8f-c318-426f-83f9-f44e945268a2:c5336, 02a03aee-1dd1-43c9-94ca-c76e2a537489:c5333, 9fb73170-bb25-48da-afcf-6f1f9e11598f:c5333]
2019-07-10 10:43:08,081 INFO  client.GrpcClientProtocolClient (GrpcClientProtocolClient.java:onNext(255)) - client-AC1CE418446C->edec9b8f-c318-426f-83f9-f44e945268a2: receive RaftClientReply:client-AC1CE418446C->edec9b8f-c318-426f-83f9-f44e945268a2@group-352661ED3FD5, cid=3547, SUCCESS, logIndex=5336, commits[edec9b8f-c318-426f-83f9-f44e945268a2:c5337, 02a03aee-1dd1-43c9-94ca-c76e2a537489:c5333, 9fb73170-bb25-48da-afcf-6f1f9e11598f:c5333]
2019-07-10 10:43:08,081 INFO  client.GrpcClientProtocolClient (GrpcClientProtocolClient.java:onNext(255)) - client-AC1CE418446C->edec9b8f-c318-426f-83f9-f44e945268a2: receive RaftClientReply:client-AC1CE418446C->edec9b8f-c318-426f-83f9-f44e945268a2@group-352661ED3FD5, cid=3548, SUCCESS, logIndex=5337, commits[edec9b8f-c318-426f-83f9-f44e945268a2:c5337, 02a03aee-1dd1-43c9-94ca-c76e2a537489:c5333, 9fb73170-bb25-48da-afcf-6f1f9e11598f:c5333]
2019-07-10 10:43:08,094 INFO  client.GrpcClientProtocolClient (GrpcClientProtocolClient.java:onNext(255)) - client-AC1CE418446C->edec9b8f-c318-426f-83f9-f44e945268a2: receive RaftClientReply:client-AC1CE418446C->edec9b8f-c318-426f-83f9-f44e945268a2@group-352661ED3FD5, cid=3549, SUCCESS, logIndex=0, commits[edec9b8f-c318-426f-83f9-f44e945268a2:c5339, 02a03aee-1dd1-43c9-94ca-c76e2a537489:c5335, 9fb73170-bb25-48da-afcf-6f1f9e11598f:c5335]
2019-07-10 10:43:08,114 INFO  client.GrpcClientProtocolClient (GrpcClientProtocolClient.java:onNext(255)) - client-AC1CE418446C->edec9b8f-c318-426f-83f9-f44e945268a2: receive RaftClientReply:client-AC1CE418446C->edec9b8f-c318-426f-83f9-f44e945268a2@group-352661ED3FD5, cid=3550, SUCCESS, logIndex=5342, commits[edec9b8f-c318-426f-83f9-f44e945268a2:c5343, 02a03aee-1dd1-43c9-94ca-c76e2a537489:c5341, 9fb73170-bb25-48da-afcf-6f1f9e11598f:c5341]
2019-07-10 10:43:08,115 INFO  client.GrpcClientProtocolClient (GrpcClientProtocolClient.java:onNext(255)) - client-AC1CE418446C->edec9b8f-c318-426f-83f9-f44e945268a2: receive RaftClientReply:client-AC1CE418446C->edec9b8f-c318-426f-83f9-f44e945268a2@group-352661ED3FD5, cid=3551, SUCCESS, logIndex=5343, commits[edec9b8f-c318-426f-83f9-f44e945268a2:c5343, 02a03aee-1dd1-43c9-94ca-c76e2a537489:c5341, 9fb73170-bb25-48da-afcf-6f1f9e11598f:c5341]
2019-07-10 10:43:08,128 INFO  client.GrpcClientProtocolClient (GrpcClientProtocolClient.java:onNext(255)) - client-AC1CE418446C->edec9b8f-c318-426f-83f9-f44e945268a2: receive RaftClientReply:client-AC1CE418446C->edec9b8f-c318-426f-83f9-f44e945268a2@group-352661ED3FD5, cid=3552, SUCCESS, logIndex=5346, commits[edec9b8f-c318-426f-83f9-f44e945268a2:c5346, 02a03aee-1dd1-43c9-94ca-c76e2a537489:c5343, 9fb73170-bb25-48da-afcf-6f1f9e11598f:c5343]
2019-07-10 10:43:08,128 INFO  client.GrpcClientProtocolClient (GrpcClientProtocolClient.java:onNext(255)) - client-AC1CE418446C->edec9b8f-c318-426f-83f9-f44e945268a2: receive RaftClientReply:client-AC1CE418446C->edec9b8f-c318-426f-83f9-f44e945268a2@group-352661ED3FD5, cid=3553, SUCCESS, logIndex=5347, commits[edec9b8f-c318-426f-83f9-f44e945268a2:c5347, 02a03aee-1dd1-43c9-94ca-c76e2a537489:c5343, 9fb73170-bb25-48da-afcf-6f1f9e11598f:c5343]
2019-07-10 10:43:08,148 INFO  client.GrpcClientProtocolClient (GrpcClientProtocolClient.java:onNext(255)) - client-AC1CE418446C->edec9b8f-c318-426f-83f9-f44e945268a2: receive RaftClientReply:client-AC1CE418446C->edec9b8f-c318-426f-83f9-f44e945268a2@group-352661ED3FD5, cid=3554, SUCCESS, logIndex=0, commits[edec9b8f-c318-426f-83f9-f44e945268a2:c5349, 02a03aee-1dd1-43c9-94ca-c76e2a537489:c5347, 9fb73170-bb25-48da-afcf-6f1f9e11598f:c5347]
2019-07-10 10:43:08,179 INFO  client.GrpcClientProtocolClient (GrpcClientProtocolClient.java:onNext(255)) - client-AC1CE418446C->edec9b8f-c318-426f-83f9-f44e945268a2: receive RaftClientReply:client-AC1CE418446C->edec9b8f-c318-426f-83f9-f44e945268a2@group-352661ED3FD5, cid=3555, SUCCESS, logIndex=5350, commits[edec9b8f-c318-426f-83f9-f44e945268a2:c5350, 02a03aee-1dd1-43c9-94ca-c76e2a537489:c5349, 9fb73170-bb25-48da-afcf-6f1f9e11598f:c5349]
2019-07-10 10:43:08,180 INFO  client.GrpcClientProtocolClient (GrpcClientProtocolClient.java:onNext(255)) - client-AC1CE418446C->edec9b8f-c318-426f-83f9-f44e945268a2: receive RaftClientReply:client-AC1CE418446C->edec9b8f-c318-426f-83f9-f44e945268a2@group-352661ED3FD5, cid=3556, SUCCESS, logIndex=5351, commits[edec9b8f-c318-426f-83f9-f44e945268a2:c5351, 02a03aee-1dd1-43c9-94ca-c76e2a537489:c5349, 9fb73170-bb25-48da-afcf-6f1f9e11598f:c5349]
2019-07-10 10:43:08,180 INFO  client.GrpcClientProtocolClient (GrpcClientProtocolClient.java:onNext(255)) - client-AC1CE418446C->edec9b8f-c318-426f-83f9-f44e945268a2: receive RaftClientReply:client-AC1CE418446C->edec9b8f-c318-426f-83f9-f44e945268a2@group-352661ED3FD5, cid=3557, SUCCESS, logIndex=5352, commits[edec9b8f-c318-426f-83f9-f44e945268a2:c5353, 02a03aee-1dd1-43c9-94ca-c76e2a537489:c5349, 9fb73170-bb25-48da-afcf-6f1f9e11598f:c5349]
2019-07-10 10:43:08,181 INFO  client.GrpcClientProtocolClient (GrpcClientProtocolClient.java:onNext(255)) - client-AC1CE418446C->edec9b8f-c318-426f-83f9-f44e945268a2: receive RaftClientReply:client-AC1CE418446C->edec9b8f-c318-426f-83f9-f44e945268a2@group-352661ED3FD5, cid=3558, SUCCESS, logIndex=5353, commits[edec9b8f-c318-426f-83f9-f44e945268a2:c5353, 02a03aee-1dd1-43c9-94ca-c76e2a537489:c5349, 9fb73170-bb25-48da-afcf-6f1f9e11598f:c5349]
2019-07-10 10:43:08,194 INFO  client.GrpcClientProtocolClient (GrpcClientProtocolClient.java:onNext(255)) - client-AC1CE418446C->edec9b8f-c318-426f-83f9-f44e945268a2: receive RaftClientReply:client-AC1CE418446C->edec9b8f-c318-426f-83f9-f44e945268a2@group-352661ED3FD5, cid=3559, SUCCESS, logIndex=0, commits[edec9b8f-c318-426f-83f9-f44e945268a2:c5355, 02a03aee-1dd1-43c9-94ca-c76e2a537489:c5351, 9fb73170-bb25-48da-afcf-6f1f9e11598f:c5351]
2019-07-10 10:43:08,214 INFO  client.GrpcClientProtocolClient (GrpcClientProtocolClient.java:onNext(255)) - client-AC1CE418446C->edec9b8f-c318-426f-83f9-f44e945268a2: receive RaftClientReply:client-AC1CE418446C->edec9b8f-c318-426f-83f9-f44e945268a2@group-352661ED3FD5, cid=3560, SUCCESS, logIndex=5358, commits[edec9b8f-c318-426f-83f9-f44e945268a2:c5359, 02a03aee-1dd1-43c9-94ca-c76e2a537489:c5357, 9fb73170-bb25-48da-afcf-6f1f9e11598f:c5357]
2019-07-10 10:43:08,215 INFO  client.GrpcClientProtocolClient (GrpcClientProtocolClient.java:onNext(255)) - client-AC1CE418446C->edec9b8f-c318-426f-83f9-f44e945268a2: receive RaftClientReply:client-AC1CE418446C->edec9b8f-c318-426f-83f9-f44e945268a2@group-352661ED3FD5, cid=3561, SUCCESS, logIndex=5359, commits[edec9b8f-c318-426f-83f9-f44e945268a2:c5359, 02a03aee-1dd1-43c9-94ca-c76e2a537489:c5357, 9fb73170-bb25-48da-afcf-6f1f9e11598f:c5357]
2019-07-10 10:43:08,228 INFO  client.GrpcClientProtocolClient (GrpcClientProtocolClient.java:onNext(255)) - client-AC1CE418446C->edec9b8f-c318-426f-83f9-f44e945268a2: receive RaftClientReply:client-AC1CE418446C->edec9b8f-c318-426f-83f9-f44e945268a2@group-352661ED3FD5, cid=3562, SUCCESS, logIndex=5362, commits[edec9b8f-c318-426f-83f9-f44e945268a2:c5363, 02a03aee-1dd1-43c9-94ca-c76e2a537489:c5359, 9fb73170-bb25-48da-afcf-6f1f9e11598f:c5359]
2019-07-10 10:43:08,229 INFO  client.GrpcClientProtocolClient (GrpcClientProtocolClient.java:onNext(255)) - client-AC1CE418446C->edec9b8f-c318-426f-83f9-f44e945268a2: receive RaftClientReply:client-AC1CE418446C->edec9b8f-c318-426f-83f9-f44e945268a2@group-352661ED3FD5, cid=3563, SUCCESS, logIndex=5363, commits[edec9b8f-c318-426f-83f9-f44e945268a2:c5363, 02a03aee-1dd1-43c9-94ca-c76e2a537489:c5359, 9fb73170-bb25-48da-afcf-6f1f9e11598f:c5359]
2019-07-10 10:43:08,240 INFO  client.GrpcClientProtocolClient (GrpcClientProtocolClient.java:onNext(255)) - client-AC1CE418446C->edec9b8f-c318-426f-83f9-f44e945268a2: receive RaftClientReply:client-AC1CE418446C->edec9b8f-c318-426f-83f9-f44e945268a2@group-352661ED3FD5, cid=3564, SUCCESS, logIndex=0, commits[edec9b8f-c318-426f-83f9-f44e945268a2:c5364, 02a03aee-1dd1-43c9-94ca-c76e2a537489:c5363, 9fb73170-bb25-48da-afcf-6f1f9e11598f:c5363]
2019-07-10 10:43:08,268 INFO  client.GrpcClientProtocolClient (GrpcClientProtocolClient.java:onNext(255)) - client-AC1CE418446C->edec9b8f-c318-426f-83f9-f44e945268a2: receive RaftClientReply:client-AC1CE418446C->edec9b8f-c318-426f-83f9-f44e945268a2@group-352661ED3FD5, cid=3565, SUCCESS, logIndex=5366, commits[edec9b8f-c318-426f-83f9-f44e945268a2:c5367, 02a03aee-1dd1-43c9-94ca-c76e2a537489:c5365, 9fb73170-bb25-48da-afcf-6f1f9e11598f:c5365]
2019-07-10 10:43:08,268 INFO  client.GrpcClientProtocolClient (GrpcClientProtocolClient.java:onNext(255)) - client-AC1CE418446C->edec9b8f-c318-426f-83f9-f44e945268a2: receive RaftClientReply:client-AC1CE418446C->edec9b8f-c318-426f-83f9-f44e945268a2@group-352661ED3FD5, cid=3566, SUCCESS, logIndex=5367, commits[edec9b8f-c318-426f-83f9-f44e945268a2:c5369, 02a03aee-1dd1-43c9-94ca-c76e2a537489:c5365, 9fb73170-bb25-48da-afcf-6f1f9e11598f:c5365]
2019-07-10 10:43:08,269 INFO  client.GrpcClientProtocolClient (GrpcClientProtocolClient.java:onNext(255)) - client-AC1CE418446C->edec9b8f-c318-426f-83f9-f44e945268a2: receive RaftClientReply:client-AC1CE418446C->edec9b8f-c318-426f-83f9-f44e945268a2@group-352661ED3FD5, cid=3567, SUCCESS, logIndex=5368, commits[edec9b8f-c318-426f-83f9-f44e945268a2:c5369, 02a03aee-1dd1-43c9-94ca-c76e2a537489:c5365, 9fb73170-bb25-48da-afcf-6f1f9e11598f:c5365]
2019-07-10 10:43:08,269 INFO  client.GrpcClientProtocolClient (GrpcClientProtocolClient.java:onNext(255)) - client-AC1CE418446C->edec9b8f-c318-426f-83f9-f44e945268a2: receive RaftClientReply:client-AC1CE418446C->edec9b8f-c318-426f-83f9-f44e945268a2@group-352661ED3FD5, cid=3568, SUCCESS, logIndex=5369, commits[edec9b8f-c318-426f-83f9-f44e945268a2:c5370, 02a03aee-1dd1-43c9-94ca-c76e2a537489:c5366, 9fb73170-bb25-48da-afcf-6f1f9e11598f:c5365]
2019-07-10 10:43:08,270 INFO  client.GrpcClientProtocolClient (GrpcClientProtocolClient.java:onNext(255)) - client-AC1CE418446C->edec9b8f-c318-426f-83f9-f44e945268a2: receive RaftClientReply:client-AC1CE418446C->edec9b8f-c318-426f-83f9-f44e945268a2@group-352661ED3FD5, cid=3569, SUCCESS, logIndex=0, commits[edec9b8f-c318-426f-83f9-f44e945268a2:c5371, 02a03aee-1dd1-43c9-94ca-c76e2a537489:c5367, 9fb73170-bb25-48da-afcf-6f1f9e11598f:c5367]
2019-07-10 10:43:08,289 INFO  client.GrpcClientProtocolClient (GrpcClientProtocolClient.java:onNext(255)) - client-AC1CE418446C->edec9b8f-c318-426f-83f9-f44e945268a2: receive RaftClientReply:client-AC1CE418446C->edec9b8f-c318-426f-83f9-f44e945268a2@group-352661ED3FD5, cid=3570, SUCCESS, logIndex=5374, commits[edec9b8f-c318-426f-83f9-f44e945268a2:c5375, 02a03aee-1dd1-43c9-94ca-c76e2a537489:c5373, 9fb73170-bb25-48da-afcf-6f1f9e11598f:c5373]
2019-07-10 10:43:08,289 INFO  client.GrpcClientProtocolClient (GrpcClientProtocolClient.java:onNext(255)) - client-AC1CE418446C->edec9b8f-c318-426f-83f9-f44e945268a2: receive RaftClientReply:client-AC1CE418446C->edec9b8f-c318-426f-83f9-f44e945268a2@group-352661ED3FD5, cid=3571, SUCCESS, logIndex=5375, commits[edec9b8f-c318-426f-83f9-f44e945268a2:c5375, 02a03aee-1dd1-43c9-94ca-c76e2a537489:c5373, 9fb73170-bb25-48da-afcf-6f1f9e11598f:c5373]
2019-07-10 10:43:08,304 INFO  client.GrpcClientProtocolClient (GrpcClientProtocolClient.java:onNext(255)) - client-AC1CE418446C->edec9b8f-c318-426f-83f9-f44e945268a2: receive RaftClientReply:client-AC1CE418446C->edec9b8f-c318-426f-83f9-f44e945268a2@group-352661ED3FD5, cid=3572, SUCCESS, logIndex=5378, commits[edec9b8f-c318-426f-83f9-f44e945268a2:c5379, 02a03aee-1dd1-43c9-94ca-c76e2a537489:c5375, 9fb73170-bb25-48da-afcf-6f1f9e11598f:c5375]
2019-07-10 10:43:08,304 INFO  client.GrpcClientProtocolClient (GrpcClientProtocolClient.java:onNext(255)) - client-AC1CE418446C->edec9b8f-c318-426f-83f9-f44e945268a2: receive RaftClientReply:client-AC1CE418446C->edec9b8f-c318-426f-83f9-f44e945268a2@group-352661ED3FD5, cid=3573, SUCCESS, logIndex=5379, commits[edec9b8f-c318-426f-83f9-f44e945268a2:c5379, 02a03aee-1dd1-43c9-94ca-c76e2a537489:c5375, 9fb73170-bb25-48da-afcf-6f1f9e11598f:c5375]
2019-07-10 10:43:08,317 INFO  client.GrpcClientProtocolClient (GrpcClientProtocolClient.java:onNext(255)) - client-AC1CE418446C->edec9b8f-c318-426f-83f9-f44e945268a2: receive RaftClientReply:client-AC1CE418446C->edec9b8f-c318-426f-83f9-f44e945268a2@group-352661ED3FD5, cid=3574, SUCCESS, logIndex=0, commits[edec9b8f-c318-426f-83f9-f44e945268a2:c5381, 02a03aee-1dd1-43c9-94ca-c76e2a537489:c5379, 9fb73170-bb25-48da-afcf-6f1f9e11598f:c5379]
2019-07-10 10:43:08,338 INFO  client.GrpcClientProtocolClient (GrpcClientProtocolClient.java:onNext(255)) - client-AC1CE418446C->edec9b8f-c318-426f-83f9-f44e945268a2: receive RaftClientReply:client-AC1CE418446C->edec9b8f-c318-426f-83f9-f44e945268a2@group-352661ED3FD5, cid=3575, SUCCESS, logIndex=5382, commits[edec9b8f-c318-426f-83f9-f44e945268a2:c5383, 02a03aee-1dd1-43c9-94ca-c76e2a537489:c5379, 9fb73170-bb25-48da-afcf-6f1f9e11598f:c5381]
2019-07-10 10:43:08,338 INFO  client.GrpcClientProtocolClient (GrpcClientProtocolClient.java:onNext(255)) - client-AC1CE418446C->edec9b8f-c318-426f-83f9-f44e945268a2: receive RaftClientReply:client-AC1CE418446C->edec9b8f-c318-426f-83f9-f44e945268a2@group-352661ED3FD5, cid=3576, SUCCESS, logIndex=5383, commits[edec9b8f-c318-426f-83f9-f44e945268a2:c5383, 02a03aee-1dd1-43c9-94ca-c76e2a537489:c5379, 9fb73170-bb25-48da-afcf-6f1f9e11598f:c5381]
2019-07-10 10:43:08,340 INFO  client.GrpcClientProtocolClient (GrpcClientProtocolClient.java:onNext(255)) - client-AC1CE418446C->edec9b8f-c318-426f-83f9-f44e945268a2: receive RaftClientReply:client-AC1CE418446C->edec9b8f-c318-426f-83f9-f44e945268a2@group-352661ED3FD5, cid=3577, SUCCESS, logIndex=5384, commits[edec9b8f-c318-426f-83f9-f44e945268a2:c5385, 02a03aee-1dd1-43c9-94ca-c76e2a537489:c5381, 9fb73170-bb25-48da-afcf-6f1f9e11598f:c5383]
2019-07-10 10:43:08,340 INFO  client.GrpcClientProtocolClient (GrpcClientProtocolClient.java:onNext(255)) - client-AC1CE418446C->edec9b8f-c318-426f-83f9-f44e945268a2: receive RaftClientReply:client-AC1CE418446C->edec9b8f-c318-426f-83f9-f44e945268a2@group-352661ED3FD5, cid=3578, SUCCESS, logIndex=5385, commits[edec9b8f-c318-426f-83f9-f44e945268a2:c5387, 02a03aee-1dd1-43c9-94ca-c76e2a537489:c5381, 9fb73170-bb25-48da-afcf-6f1f9e11598f:c5383]
2019-07-10 10:43:08,341 INFO  client.GrpcClientProtocolClient (GrpcClientProtocolClient.java:onNext(255)) - client-AC1CE418446C->edec9b8f-c318-426f-83f9-f44e945268a2: receive RaftClientReply:client-AC1CE418446C->edec9b8f-c318-426f-83f9-f44e945268a2@group-352661ED3FD5, cid=3579, SUCCESS, logIndex=0, commits[edec9b8f-c318-426f-83f9-f44e945268a2:c5387, 02a03aee-1dd1-43c9-94ca-c76e2a537489:c5383, 9fb73170-bb25-48da-afcf-6f1f9e11598f:c5383]
2019-07-10 10:43:08,351 INFO  client.GrpcClientProtocolClient (GrpcClientProtocolClient.java:onNext(255)) - client-AC1CE418446C->edec9b8f-c318-426f-83f9-f44e945268a2: receive RaftClientReply:client-AC1CE418446C->edec9b8f-c318-426f-83f9-f44e945268a2@group-352661ED3FD5, cid=3580, SUCCESS, logIndex=5390, commits[edec9b8f-c318-426f-83f9-f44e945268a2:c5391, 02a03aee-1dd1-43c9-94ca-c76e2a537489:c5389, 9fb73170-bb25-48da-afcf-6f1f9e11598f:c5387]
2019-07-10 10:43:08,351 INFO  client.GrpcClientProtocolClient (GrpcClientProtocolClient.java:onNext(255)) - client-AC1CE418446C->edec9b8f-c318-426f-83f9-f44e945268a2: receive RaftClientReply:client-AC1CE418446C->edec9b8f-c318-426f-83f9-f44e945268a2@group-352661ED3FD5, cid=3581, SUCCESS, logIndex=5391, commits[edec9b8f-c318-426f-83f9-f44e945268a2:c5391, 02a03aee-1dd1-43c9-94ca-c76e2a537489:c5389, 9fb73170-bb25-48da-afcf-6f1f9e11598f:c5387]
2019-07-10 10:43:08,361 INFO  client.GrpcClientProtocolClient (GrpcClientProtocolClient.java:onNext(255)) - client-AC1CE418446C->edec9b8f-c318-426f-83f9-f44e945268a2: receive RaftClientReply:client-AC1CE418446C->edec9b8f-c318-426f-83f9-f44e945268a2@group-352661ED3FD5, cid=3582, SUCCESS, logIndex=5394, commits[edec9b8f-c318-426f-83f9-f44e945268a2:c5395, 02a03aee-1dd1-43c9-94ca-c76e2a537489:c5393, 9fb73170-bb25-48da-afcf-6f1f9e11598f:c5393]
2019-07-10 10:43:08,361 INFO  client.GrpcClientProtocolClient (GrpcClientProtocolClient.java:onNext(255)) - client-AC1CE418446C->edec9b8f-c318-426f-83f9-f44e945268a2: receive RaftClientReply:client-AC1CE418446C->edec9b8f-c318-426f-83f9-f44e945268a2@group-352661ED3FD5, cid=3583, SUCCESS, logIndex=5395, commits[edec9b8f-c318-426f-83f9-f44e945268a2:c5395, 02a03aee-1dd1-43c9-94ca-c76e2a537489:c5393, 9fb73170-bb25-48da-afcf-6f1f9e11598f:c5393]
2019-07-10 10:43:08,365 INFO  client.GrpcClientProtocolClient (GrpcClientProtocolClient.java:onNext(255)) - client-AC1CE418446C->edec9b8f-c318-426f-83f9-f44e945268a2: receive RaftClientReply:client-AC1CE418446C->edec9b8f-c318-426f-83f9-f44e945268a2@group-352661ED3FD5, cid=3584, SUCCESS, logIndex=0, commits[edec9b8f-c318-426f-83f9-f44e945268a2:c5396, 02a03aee-1dd1-43c9-94ca-c76e2a537489:c5395, 9fb73170-bb25-48da-afcf-6f1f9e11598f:c5395]
2019-07-10 10:43:08,504 INFO  client.GrpcClientProtocolClient (GrpcClientProtocolClient.java:onNext(255)) - client-AC1CE418446C->edec9b8f-c318-426f-83f9-f44e945268a2: receive RaftClientReply:client-AC1CE418446C->edec9b8f-c318-426f-83f9-f44e945268a2@group-352661ED3FD5, cid=3585, SUCCESS, logIndex=5398, commits[edec9b8f-c318-426f-83f9-f44e945268a2:c5399, 02a03aee-1dd1-43c9-94ca-c76e2a537489:c5397, 9fb73170-bb25-48da-afcf-6f1f9e11598f:c5397]
2019-07-10 10:43:08,504 INFO  client.GrpcClientProtocolClient (GrpcClientProtocolClient.java:onNext(255)) - client-AC1CE418446C->edec9b8f-c318-426f-83f9-f44e945268a2: receive RaftClientReply:client-AC1CE418446C->edec9b8f-c318-426f-83f9-f44e945268a2@group-352661ED3FD5, cid=3586, SUCCESS, logIndex=5399, commits[edec9b8f-c318-426f-83f9-f44e945268a2:c5401, 02a03aee-1dd1-43c9-94ca-c76e2a537489:c5397, 9fb73170-bb25-48da-afcf-6f1f9e11598f:c5397]
2019-07-10 10:43:08,505 INFO  client.GrpcClientProtocolClient (GrpcClientProtocolClient.java:onNext(255)) - client-AC1CE418446C->edec9b8f-c318-426f-83f9-f44e945268a2: receive RaftClientReply:client-AC1CE418446C->edec9b8f-c318-426f-83f9-f44e945268a2@group-352661ED3FD5, cid=3587, SUCCESS, logIndex=5400, commits[edec9b8f-c318-426f-83f9-f44e945268a2:c5401, 02a03aee-1dd1-43c9-94ca-c76e2a537489:c5397, 9fb73170-bb25-48da-afcf-6f1f9e11598f:c5397]
2019-07-10 10:43:08,505 INFO  client.GrpcClientProtocolClient (GrpcClientProtocolClient.java:onNext(255)) - client-AC1CE418446C->edec9b8f-c318-426f-83f9-f44e945268a2: receive RaftClientReply:client-AC1CE418446C->edec9b8f-c318-426f-83f9-f44e945268a2@group-352661ED3FD5, cid=3588, SUCCESS, logIndex=5401, commits[edec9b8f-c318-426f-83f9-f44e945268a2:c5401, 02a03aee-1dd1-43c9-94ca-c76e2a537489:c5397, 9fb73170-bb25-48da-afcf-6f1f9e11598f:c5397]
2019-07-10 10:43:08,507 INFO  client.GrpcClientProtocolClient (GrpcClientProtocolClient.java:onNext(255)) - client-AC1CE418446C->edec9b8f-c318-426f-83f9-f44e945268a2: receive RaftClientReply:client-AC1CE418446C->edec9b8f-c318-426f-83f9-f44e945268a2@group-352661ED3FD5, cid=3589, SUCCESS, logIndex=0, commits[edec9b8f-c318-426f-83f9-f44e945268a2:c5405, 02a03aee-1dd1-43c9-94ca-c76e2a537489:c5401, 9fb73170-bb25-48da-afcf-6f1f9e11598f:c5399]
 0.00% |█                                                                                                    |  0/1 Time: 0:00:342019-07-10 10:43:08,526 INFO  client.GrpcClientProtocolClient (GrpcClientProtocolClient.java:onNext(255)) - client-AC1CE418446C->edec9b8f-c318-426f-83f9-f44e945268a2: receive RaftClientReply:client-AC1CE418446C->edec9b8f-c318-426f-83f9-f44e945268a2@group-352661ED3FD5, cid=3590, SUCCESS, logIndex=5406, commits[edec9b8f-c318-426f-83f9-f44e945268a2:c5407, 02a03aee-1dd1-43c9-94ca-c76e2a537489:c5405, 9fb73170-bb25-48da-afcf-6f1f9e11598f:c5405]
2019-07-10 10:43:08,526 INFO  client.GrpcClientProtocolClient (GrpcClientProtocolClient.java:onNext(255)) - client-AC1CE418446C->edec9b8f-c318-426f-83f9-f44e945268a2: receive RaftClientReply:client-AC1CE418446C->edec9b8f-c318-426f-83f9-f44e945268a2@group-352661ED3FD5, cid=3591, SUCCESS, logIndex=5407, commits[edec9b8f-c318-426f-83f9-f44e945268a2:c5407, 02a03aee-1dd1-43c9-94ca-c76e2a537489:c5405, 9fb73170-bb25-48da-afcf-6f1f9e11598f:c5405]
2019-07-10 10:43:08,555 INFO  client.GrpcClientProtocolClient (GrpcClientProtocolClient.java:onNext(255)) - client-AC1CE418446C->edec9b8f-c318-426f-83f9-f44e945268a2: receive RaftClientReply:client-AC1CE418446C->edec9b8f-c318-426f-83f9-f44e945268a2@group-352661ED3FD5, cid=3592, SUCCESS, logIndex=5410, commits[edec9b8f-c318-426f-83f9-f44e945268a2:c5411, 02a03aee-1dd1-43c9-94ca-c76e2a537489:c5407, 9fb73170-bb25-48da-afcf-6f1f9e11598f:c5407]
2019-07-10 10:43:08,556 INFO  client.GrpcClientProtocolClient (GrpcClientProtocolClient.java:onNext(255)) - client-AC1CE418446C->edec9b8f-c318-426f-83f9-f44e945268a2: receive RaftClientReply:client-AC1CE418446C->edec9b8f-c318-426f-83f9-f44e945268a2@group-352661ED3FD5, cid=3593, SUCCESS, logIndex=5411, commits[edec9b8f-c318-426f-83f9-f44e945268a2:c5411, 02a03aee-1dd1-43c9-94ca-c76e2a537489:c5407, 9fb73170-bb25-48da-afcf-6f1f9e11598f:c5407]
2019-07-10 10:43:08,567 INFO  client.GrpcClientProtocolClient (GrpcClientProtocolClient.java:onNext(255)) - client-AC1CE418446C->edec9b8f-c318-426f-83f9-f44e945268a2: receive RaftClientReply:client-AC1CE418446C->edec9b8f-c318-426f-83f9-f44e945268a2@group-352661ED3FD5, cid=3594, SUCCESS, logIndex=0, commits[edec9b8f-c318-426f-83f9-f44e945268a2:c5412, 02a03aee-1dd1-43c9-94ca-c76e2a537489:c5411, 9fb73170-bb25-48da-afcf-6f1f9e11598f:c5411]
2019-07-10 10:43:08,600 INFO  client.GrpcClientProtocolClient (GrpcClientProtocolClient.java:onNext(255)) - client-AC1CE418446C->edec9b8f-c318-426f-83f9-f44e945268a2: receive RaftClientReply:client-AC1CE418446C->edec9b8f-c318-426f-83f9-f44e945268a2@group-352661ED3FD5, cid=3595, SUCCESS, logIndex=5414, commits[edec9b8f-c318-426f-83f9-f44e945268a2:c5415, 02a03aee-1dd1-43c9-94ca-c76e2a537489:c5413, 9fb73170-bb25-48da-afcf-6f1f9e11598f:c5413]
2019-07-10 10:43:08,600 INFO  client.GrpcClientProtocolClient (GrpcClientProtocolClient.java:onNext(255)) - client-AC1CE418446C->edec9b8f-c318-426f-83f9-f44e945268a2: receive RaftClientReply:client-AC1CE418446C->edec9b8f-c318-426f-83f9-f44e945268a2@group-352661ED3FD5, cid=3596, SUCCESS, logIndex=5415, commits[edec9b8f-c318-426f-83f9-f44e945268a2:c5415, 02a03aee-1dd1-43c9-94ca-c76e2a537489:c5413, 9fb73170-bb25-48da-afcf-6f1f9e11598f:c5413]
2019-07-10 10:43:08,601 INFO  client.GrpcClientProtocolClient (GrpcClientProtocolClient.java:onNext(255)) - client-AC1CE418446C->edec9b8f-c318-426f-83f9-f44e945268a2: receive RaftClientReply:client-AC1CE418446C->edec9b8f-c318-426f-83f9-f44e945268a2@group-352661ED3FD5, cid=3597, SUCCESS, logIndex=5416, commits[edec9b8f-c318-426f-83f9-f44e945268a2:c5417, 02a03aee-1dd1-43c9-94ca-c76e2a537489:c5413, 9fb73170-bb25-48da-afcf-6f1f9e11598f:c5413]
2019-07-10 10:43:08,601 INFO  client.GrpcClientProtocolClient (GrpcClientProtocolClient.java:onNext(255)) - client-AC1CE418446C->edec9b8f-c318-426f-83f9-f44e945268a2: receive RaftClientReply:client-AC1CE418446C->edec9b8f-c318-426f-83f9-f44e945268a2@group-352661ED3FD5, cid=3598, SUCCESS, logIndex=5417, commits[edec9b8f-c318-426f-83f9-f44e945268a2:c5417, 02a03aee-1dd1-43c9-94ca-c76e2a537489:c5413, 9fb73170-bb25-48da-afcf-6f1f9e11598f:c5413]
2019-07-10 10:43:08,614 INFO  client.GrpcClientProtocolClient (GrpcClientProtocolClient.java:onNext(255)) - client-AC1CE418446C->edec9b8f-c318-426f-83f9-f44e945268a2: receive RaftClientReply:client-AC1CE418446C->edec9b8f-c318-426f-83f9-f44e945268a2@group-352661ED3FD5, cid=3599, SUCCESS, logIndex=0, commits[edec9b8f-c318-426f-83f9-f44e945268a2:c5419, 02a03aee-1dd1-43c9-94ca-c76e2a537489:c5415, 9fb73170-bb25-48da-afcf-6f1f9e11598f:c5415]
2019-07-10 10:43:08,632 INFO  client.GrpcClientProtocolClient (GrpcClientProtocolClient.java:onNext(255)) - client-AC1CE418446C->edec9b8f-c318-426f-83f9-f44e945268a2: receive RaftClientReply:client-AC1CE418446C->edec9b8f-c318-426f-83f9-f44e945268a2@group-352661ED3FD5, cid=3600, SUCCESS, logIndex=5422, commits[edec9b8f-c318-426f-83f9-f44e945268a2:c5423, 02a03aee-1dd1-43c9-94ca-c76e2a537489:c5421, 9fb73170-bb25-48da-afcf-6f1f9e11598f:c5421]
2019-07-10 10:43:08,632 INFO  client.GrpcClientProtocolClient (GrpcClientProtocolClient.java:onNext(255)) - client-AC1CE418446C->edec9b8f-c318-426f-83f9-f44e945268a2: receive RaftClientReply:client-AC1CE418446C->edec9b8f-c318-426f-83f9-f44e945268a2@group-352661ED3FD5, cid=3601, SUCCESS, logIndex=5423, commits[edec9b8f-c318-426f-83f9-f44e945268a2:c5423, 02a03aee-1dd1-43c9-94ca-c76e2a537489:c5421, 9fb73170-bb25-48da-afcf-6f1f9e11598f:c5421]
2019-07-10 10:43:08,646 INFO  client.GrpcClientProtocolClient (GrpcClientProtocolClient.java:onNext(255)) - client-AC1CE418446C->edec9b8f-c318-426f-83f9-f44e945268a2: receive RaftClientReply:client-AC1CE418446C->edec9b8f-c318-426f-83f9-f44e945268a2@group-352661ED3FD5, cid=3602, SUCCESS, logIndex=5426, commits[edec9b8f-c318-426f-83f9-f44e945268a2:c5427, 02a03aee-1dd1-43c9-94ca-c76e2a537489:c5423, 9fb73170-bb25-48da-afcf-6f1f9e11598f:c5423]
2019-07-10 10:43:08,646 INFO  client.GrpcClientProtocolClient (GrpcClientProtocolClient.java:onNext(255)) - client-AC1CE418446C->edec9b8f-c318-426f-83f9-f44e945268a2: receive RaftClientReply:client-AC1CE418446C->edec9b8f-c318-426f-83f9-f44e945268a2@group-352661ED3FD5, cid=3603, SUCCESS, logIndex=5427, commits[edec9b8f-c318-426f-83f9-f44e945268a2:c5427, 02a03aee-1dd1-43c9-94ca-c76e2a537489:c5423, 9fb73170-bb25-48da-afcf-6f1f9e11598f:c5423]
2019-07-10 10:43:08,657 INFO  client.GrpcClientProtocolClient (GrpcClientProtocolClient.java:onNext(255)) - client-AC1CE418446C->edec9b8f-c318-426f-83f9-f44e945268a2: receive RaftClientReply:client-AC1CE418446C->edec9b8f-c318-426f-83f9-f44e945268a2@group-352661ED3FD5, cid=3604, SUCCESS, logIndex=0, commits[edec9b8f-c318-426f-83f9-f44e945268a2:c5428, 02a03aee-1dd1-43c9-94ca-c76e2a537489:c5427, 9fb73170-bb25-48da-afcf-6f1f9e11598f:c5427]
2019-07-10 10:43:08,692 INFO  client.GrpcClientProtocolClient (GrpcClientProtocolClient.java:onNext(255)) - client-AC1CE418446C->edec9b8f-c318-426f-83f9-f44e945268a2: receive RaftClientReply:client-AC1CE418446C->edec9b8f-c318-426f-83f9-f44e945268a2@group-352661ED3FD5, cid=3605, SUCCESS, logIndex=5430, commits[edec9b8f-c318-426f-83f9-f44e945268a2:c5431, 02a03aee-1dd1-43c9-94ca-c76e2a537489:c5429, 9fb73170-bb25-48da-afcf-6f1f9e11598f:c5429]
2019-07-10 10:43:08,693 INFO  client.GrpcClientProtocolClient (GrpcClientProtocolClient.java:onNext(255)) - client-AC1CE418446C->edec9b8f-c318-426f-83f9-f44e945268a2: receive RaftClientReply:client-AC1CE418446C->edec9b8f-c318-426f-83f9-f44e945268a2@group-352661ED3FD5, cid=3606, SUCCESS, logIndex=5431, commits[edec9b8f-c318-426f-83f9-f44e945268a2:c5431, 02a03aee-1dd1-43c9-94ca-c76e2a537489:c5429, 9fb73170-bb25-48da-afcf-6f1f9e11598f:c5429]
2019-07-10 10:43:08,703 INFO  client.GrpcClientProtocolClient (GrpcClientProtocolClient.java:onNext(255)) - client-AC1CE418446C->edec9b8f-c318-426f-83f9-f44e945268a2: receive RaftClientReply:client-AC1CE418446C->edec9b8f-c318-426f-83f9-f44e945268a2@group-352661ED3FD5, cid=3607, SUCCESS, logIndex=5432, commits[edec9b8f-c318-426f-83f9-f44e945268a2:c5433, 02a03aee-1dd1-43c9-94ca-c76e2a537489:c5429, 9fb73170-bb25-48da-afcf-6f1f9e11598f:c5429]
2019-07-10 10:43:08,704 INFO  client.GrpcClientProtocolClient (GrpcClientProtocolClient.java:onNext(255)) - client-AC1CE418446C->edec9b8f-c318-426f-83f9-f44e945268a2: receive RaftClientReply:client-AC1CE418446C->edec9b8f-c318-426f-83f9-f44e945268a2@group-352661ED3FD5, cid=3608, SUCCESS, logIndex=5433, commits[edec9b8f-c318-426f-83f9-f44e945268a2:c5433, 02a03aee-1dd1-43c9-94ca-c76e2a537489:c5429, 9fb73170-bb25-48da-afcf-6f1f9e11598f:c5429]
2019-07-10 10:43:08,708 INFO  client.GrpcClientProtocolClient (GrpcClientProtocolClient.java:onNext(255)) - client-AC1CE418446C->edec9b8f-c318-426f-83f9-f44e945268a2: receive RaftClientReply:client-AC1CE418446C->edec9b8f-c318-426f-83f9-f44e945268a2@group-352661ED3FD5, cid=3609, SUCCESS, logIndex=0, commits[edec9b8f-c318-426f-83f9-f44e945268a2:c5435, 02a03aee-1dd1-43c9-94ca-c76e2a537489:c5431, 9fb73170-bb25-48da-afcf-6f1f9e11598f:c5431]
2019-07-10 10:43:08,718 INFO  client.GrpcClientProtocolClient (GrpcClientProtocolClient.java:onNext(255)) - client-AC1CE418446C->edec9b8f-c318-426f-83f9-f44e945268a2: receive RaftClientReply:client-AC1CE418446C->edec9b8f-c318-426f-83f9-f44e945268a2@group-352661ED3FD5, cid=3610, SUCCESS, logIndex=5438, commits[edec9b8f-c318-426f-83f9-f44e945268a2:c5439, 02a03aee-1dd1-43c9-94ca-c76e2a537489:c5435, 9fb73170-bb25-48da-afcf-6f1f9e11598f:c5433]
2019-07-10 10:43:08,719 INFO  client.GrpcClientProtocolClient (GrpcClientProtocolClient.java:onNext(255)) - client-AC1CE418446C->edec9b8f-c318-426f-83f9-f44e945268a2: receive RaftClientReply:client-AC1CE418446C->edec9b8f-c318-426f-83f9-f44e945268a2@group-352661ED3FD5, cid=3611, SUCCESS, logIndex=5439, commits[edec9b8f-c318-426f-83f9-f44e945268a2:c5439, 02a03aee-1dd1-43c9-94ca-c76e2a537489:c5435, 9fb73170-bb25-48da-afcf-6f1f9e11598f:c5435]
2019-07-10 10:43:08,747 INFO  client.GrpcClientProtocolClient (GrpcClientProtocolClient.java:onNext(255)) - client-AC1CE418446C->edec9b8f-c318-426f-83f9-f44e945268a2: receive RaftClientReply:client-AC1CE418446C->edec9b8f-c318-426f-83f9-f44e945268a2@group-352661ED3FD5, cid=3612, SUCCESS, logIndex=5441, commits[edec9b8f-c318-426f-83f9-f44e945268a2:c5442, 02a03aee-1dd1-43c9-94ca-c76e2a537489:c5440, 9fb73170-bb25-48da-afcf-6f1f9e11598f:c5440]
2019-07-10 10:43:08,747 INFO  client.GrpcClientProtocolClient (GrpcClientProtocolClient.java:onNext(255)) - client-AC1CE418446C->edec9b8f-c318-426f-83f9-f44e945268a2: receive RaftClientReply:client-AC1CE418446C->edec9b8f-c318-426f-83f9-f44e945268a2@group-352661ED3FD5, cid=3613, SUCCESS, logIndex=5442, commits[edec9b8f-c318-426f-83f9-f44e945268a2:c5442, 02a03aee-1dd1-43c9-94ca-c76e2a537489:c5440, 9fb73170-bb25-48da-afcf-6f1f9e11598f:c5440]
2019-07-10 10:43:08,759 INFO  client.GrpcClientProtocolClient (GrpcClientProtocolClient.java:onNext(255)) - client-AC1CE418446C->edec9b8f-c318-426f-83f9-f44e945268a2: receive RaftClientReply:client-AC1CE418446C->edec9b8f-c318-426f-83f9-f44e945268a2@group-352661ED3FD5, cid=3614, SUCCESS, logIndex=0, commits[edec9b8f-c318-426f-83f9-f44e945268a2:c5444, 02a03aee-1dd1-43c9-94ca-c76e2a537489:c5442, 9fb73170-bb25-48da-afcf-6f1f9e11598f:c5442]
2019-07-10 10:43:08,789 INFO  client.GrpcClientProtocolClient (GrpcClientProtocolClient.java:onNext(255)) - client-AC1CE418446C->edec9b8f-c318-426f-83f9-f44e945268a2: receive RaftClientReply:client-AC1CE418446C->edec9b8f-c318-426f-83f9-f44e945268a2@group-352661ED3FD5, cid=3615, SUCCESS, logIndex=5445, commits[edec9b8f-c318-426f-83f9-f44e945268a2:c5447, 02a03aee-1dd1-43c9-94ca-c76e2a537489:c5444, 9fb73170-bb25-48da-afcf-6f1f9e11598f:c5444]
2019-07-10 10:43:08,790 INFO  client.GrpcClientProtocolClient (GrpcClientProtocolClient.java:onNext(255)) - client-AC1CE418446C->edec9b8f-c318-426f-83f9-f44e945268a2: receive RaftClientReply:client-AC1CE418446C->edec9b8f-c318-426f-83f9-f44e945268a2@group-352661ED3FD5, cid=3616, SUCCESS, logIndex=5446, commits[edec9b8f-c318-426f-83f9-f44e945268a2:c5448, 02a03aee-1dd1-43c9-94ca-c76e2a537489:c5444, 9fb73170-bb25-48da-afcf-6f1f9e11598f:c5444]
2019-07-10 10:43:08,790 INFO  client.GrpcClientProtocolClient (GrpcClientProtocolClient.java:onNext(255)) - client-AC1CE418446C->edec9b8f-c318-426f-83f9-f44e945268a2: receive RaftClientReply:client-AC1CE418446C->edec9b8f-c318-426f-83f9-f44e945268a2@group-352661ED3FD5, cid=3617, SUCCESS, logIndex=5447, commits[edec9b8f-c318-426f-83f9-f44e945268a2:c5448, 02a03aee-1dd1-43c9-94ca-c76e2a537489:c5444, 9fb73170-bb25-48da-afcf-6f1f9e11598f:c5444]
2019-07-10 10:43:08,790 INFO  client.GrpcClientProtocolClient (GrpcClientProtocolClient.java:onNext(255)) - client-AC1CE418446C->edec9b8f-c318-426f-83f9-f44e945268a2: receive RaftClientReply:client-AC1CE418446C->edec9b8f-c318-426f-83f9-f44e945268a2@group-352661ED3FD5, cid=3618, SUCCESS, logIndex=5448, commits[edec9b8f-c318-426f-83f9-f44e945268a2:c5448, 02a03aee-1dd1-43c9-94ca-c76e2a537489:c5444, 9fb73170-bb25-48da-afcf-6f1f9e11598f:c5444]
2019-07-10 10:43:08,791 INFO  client.GrpcClientProtocolClient (GrpcClientProtocolClient.java:onNext(255)) - client-AC1CE418446C->edec9b8f-c318-426f-83f9-f44e945268a2: receive RaftClientReply:client-AC1CE418446C->edec9b8f-c318-426f-83f9-f44e945268a2@group-352661ED3FD5, cid=3619, SUCCESS, logIndex=0, commits[edec9b8f-c318-426f-83f9-f44e945268a2:c5452, 02a03aee-1dd1-43c9-94ca-c76e2a537489:c5448, 9fb73170-bb25-48da-afcf-6f1f9e11598f:c5448]
2019-07-10 10:43:08,811 INFO  client.GrpcClientProtocolClient (GrpcClientProtocolClient.java:onNext(255)) - client-AC1CE418446C->edec9b8f-c318-426f-83f9-f44e945268a2: receive RaftClientReply:client-AC1CE418446C->edec9b8f-c318-426f-83f9-f44e945268a2@group-352661ED3FD5, cid=3620, SUCCESS, logIndex=5453, commits[edec9b8f-c318-426f-83f9-f44e945268a2:c5454, 02a03aee-1dd1-43c9-94ca-c76e2a537489:c5452, 9fb73170-bb25-48da-afcf-6f1f9e11598f:c5452]
2019-07-10 10:43:08,811 INFO  client.GrpcClientProtocolClient (GrpcClientProtocolClient.java:onNext(255)) - client-AC1CE418446C->edec9b8f-c318-426f-83f9-f44e945268a2: receive RaftClientReply:client-AC1CE418446C->edec9b8f-c318-426f-83f9-f44e945268a2@group-352661ED3FD5, cid=3621, SUCCESS, logIndex=5454, commits[edec9b8f-c318-426f-83f9-f44e945268a2:c5454, 02a03aee-1dd1-43c9-94ca-c76e2a537489:c5452, 9fb73170-bb25-48da-afcf-6f1f9e11598f:c5452]
2019-07-10 10:43:08,824 INFO  client.GrpcClientProtocolClient (GrpcClientProtocolClient.java:onNext(255)) - client-AC1CE418446C->edec9b8f-c318-426f-83f9-f44e945268a2: receive RaftClientReply:client-AC1CE418446C->edec9b8f-c318-426f-83f9-f44e945268a2@group-352661ED3FD5, cid=3622, SUCCESS, logIndex=5457, commits[edec9b8f-c318-426f-83f9-f44e945268a2:c5457, 02a03aee-1dd1-43c9-94ca-c76e2a537489:c5454, 9fb73170-bb25-48da-afcf-6f1f9e11598f:c5454]
2019-07-10 10:43:08,824 INFO  client.GrpcClientProtocolClient (GrpcClientProtocolClient.java:onNext(255)) - client-AC1CE418446C->edec9b8f-c318-426f-83f9-f44e945268a2: receive RaftClientReply:client-AC1CE418446C->edec9b8f-c318-426f-83f9-f44e945268a2@group-352661ED3FD5, cid=3623, SUCCESS, logIndex=5458, commits[edec9b8f-c318-426f-83f9-f44e945268a2:c5458, 02a03aee-1dd1-43c9-94ca-c76e2a537489:c5454, 9fb73170-bb25-48da-afcf-6f1f9e11598f:c5454]
2019-07-10 10:43:08,838 INFO  client.GrpcClientProtocolClient (GrpcClientProtocolClient.java:onNext(255)) - client-AC1CE418446C->edec9b8f-c318-426f-83f9-f44e945268a2: receive RaftClientReply:client-AC1CE418446C->edec9b8f-c318-426f-83f9-f44e945268a2@group-352661ED3FD5, cid=3624, SUCCESS, logIndex=0, commits[edec9b8f-c318-426f-83f9-f44e945268a2:c5460, 02a03aee-1dd1-43c9-94ca-c76e2a537489:c5458, 9fb73170-bb25-48da-afcf-6f1f9e11598f:c5458]
2019-07-10 10:43:08,871 INFO  client.GrpcClientProtocolClient (GrpcClientProtocolClient.java:onNext(255)) - client-AC1CE418446C->edec9b8f-c318-426f-83f9-f44e945268a2: receive RaftClientReply:client-AC1CE418446C->edec9b8f-c318-426f-83f9-f44e945268a2@group-352661ED3FD5, cid=3625, SUCCESS, logIndex=5461, commits[edec9b8f-c318-426f-83f9-f44e945268a2:c5462, 02a03aee-1dd1-43c9-94ca-c76e2a537489:c5460, 9fb73170-bb25-48da-afcf-6f1f9e11598f:c5460]
2019-07-10 10:43:08,871 INFO  client.GrpcClientProtocolClient (GrpcClientProtocolClient.java:onNext(255)) - client-AC1CE418446C->edec9b8f-c318-426f-83f9-f44e945268a2: receive RaftClientReply:client-AC1CE418446C->edec9b8f-c318-426f-83f9-f44e945268a2@group-352661ED3FD5, cid=3626, SUCCESS, logIndex=5462, commits[edec9b8f-c318-426f-83f9-f44e945268a2:c5462, 02a03aee-1dd1-43c9-94ca-c76e2a537489:c5460, 9fb73170-bb25-48da-afcf-6f1f9e11598f:c5460]
2019-07-10 10:43:08,871 INFO  client.GrpcClientProtocolClient (GrpcClientProtocolClient.java:onNext(255)) - client-AC1CE418446C->edec9b8f-c318-426f-83f9-f44e945268a2: receive RaftClientReply:client-AC1CE418446C->edec9b8f-c318-426f-83f9-f44e945268a2@group-352661ED3FD5, cid=3627, SUCCESS, logIndex=5463, commits[edec9b8f-c318-426f-83f9-f44e945268a2:c5464, 02a03aee-1dd1-43c9-94ca-c76e2a537489:c5460, 9fb73170-bb25-48da-afcf-6f1f9e11598f:c5460]
2019-07-10 10:43:08,872 INFO  client.GrpcClientProtocolClient (GrpcClientProtocolClient.java:onNext(255)) - client-AC1CE418446C->edec9b8f-c318-426f-83f9-f44e945268a2: receive RaftClientReply:client-AC1CE418446C->edec9b8f-c318-426f-83f9-f44e945268a2@group-352661ED3FD5, cid=3628, SUCCESS, logIndex=5464, commits[edec9b8f-c318-426f-83f9-f44e945268a2:c5464, 02a03aee-1dd1-43c9-94ca-c76e2a537489:c5460, 9fb73170-bb25-48da-afcf-6f1f9e11598f:c5460]
2019-07-10 10:43:08,885 INFO  client.GrpcClientProtocolClient (GrpcClientProtocolClient.java:onNext(255)) - client-AC1CE418446C->edec9b8f-c318-426f-83f9-f44e945268a2: receive RaftClientReply:client-AC1CE418446C->edec9b8f-c318-426f-83f9-f44e945268a2@group-352661ED3FD5, cid=3629, SUCCESS, logIndex=0, commits[edec9b8f-c318-426f-83f9-f44e945268a2:c5466, 02a03aee-1dd1-43c9-94ca-c76e2a537489:c5462, 9fb73170-bb25-48da-afcf-6f1f9e11598f:c5462]
2019-07-10 10:43:08,905 INFO  client.GrpcClientProtocolClient (GrpcClientProtocolClient.java:onNext(255)) - client-AC1CE418446C->edec9b8f-c318-426f-83f9-f44e945268a2: receive RaftClientReply:client-AC1CE418446C->edec9b8f-c318-426f-83f9-f44e945268a2@group-352661ED3FD5, cid=3630, SUCCESS, logIndex=5469, commits[edec9b8f-c318-426f-83f9-f44e945268a2:c5470, 02a03aee-1dd1-43c9-94ca-c76e2a537489:c5468, 9fb73170-bb25-48da-afcf-6f1f9e11598f:c5468]
2019-07-10 10:43:08,905 INFO  client.GrpcClientProtocolClient (GrpcClientProtocolClient.java:onNext(255)) - client-AC1CE418446C->edec9b8f-c318-426f-83f9-f44e945268a2: receive RaftClientReply:client-AC1CE418446C->edec9b8f-c318-426f-83f9-f44e945268a2@group-352661ED3FD5, cid=3631, SUCCESS, logIndex=5470, commits[edec9b8f-c318-426f-83f9-f44e945268a2:c5470, 02a03aee-1dd1-43c9-94ca-c76e2a537489:c5468, 9fb73170-bb25-48da-afcf-6f1f9e11598f:c5468]
2019-07-10 10:43:08,919 INFO  client.GrpcClientProtocolClient (GrpcClientProtocolClient.java:onNext(255)) - client-AC1CE418446C->edec9b8f-c318-426f-83f9-f44e945268a2: receive RaftClientReply:client-AC1CE418446C->edec9b8f-c318-426f-83f9-f44e945268a2@group-352661ED3FD5, cid=3632, SUCCESS, logIndex=5473, commits[edec9b8f-c318-426f-83f9-f44e945268a2:c5474, 02a03aee-1dd1-43c9-94ca-c76e2a537489:c5470, 9fb73170-bb25-48da-afcf-6f1f9e11598f:c5470]
2019-07-10 10:43:08,919 INFO  client.GrpcClientProtocolClient (GrpcClientProtocolClient.java:onNext(255)) - client-AC1CE418446C->edec9b8f-c318-426f-83f9-f44e945268a2: receive RaftClientReply:client-AC1CE418446C->edec9b8f-c318-426f-83f9-f44e945268a2@group-352661ED3FD5, cid=3633, SUCCESS, logIndex=5474, commits[edec9b8f-c318-426f-83f9-f44e945268a2:c5474, 02a03aee-1dd1-43c9-94ca-c76e2a537489:c5470, 9fb73170-bb25-48da-afcf-6f1f9e11598f:c5470]
2019-07-10 10:43:08,941 INFO  client.GrpcClientProtocolClient (GrpcClientProtocolClient.java:onNext(255)) - client-AC1CE418446C->edec9b8f-c318-426f-83f9-f44e945268a2: receive RaftClientReply:client-AC1CE418446C->edec9b8f-c318-426f-83f9-f44e945268a2@group-352661ED3FD5, cid=3634, SUCCESS, logIndex=0, commits[edec9b8f-c318-426f-83f9-f44e945268a2:c5476, 02a03aee-1dd1-43c9-94ca-c76e2a537489:c5474, 9fb73170-bb25-48da-afcf-6f1f9e11598f:c5474]
2019-07-10 10:43:08,976 INFO  client.GrpcClientProtocolClient (GrpcClientProtocolClient.java:onNext(255)) - client-AC1CE418446C->edec9b8f-c318-426f-83f9-f44e945268a2: receive RaftClientReply:client-AC1CE418446C->edec9b8f-c318-426f-83f9-f44e945268a2@group-352661ED3FD5, cid=3635, SUCCESS, logIndex=5477, commits[edec9b8f-c318-426f-83f9-f44e945268a2:c5478, 02a03aee-1dd1-43c9-94ca-c76e2a537489:c5476, 9fb73170-bb25-48da-afcf-6f1f9e11598f:c5476]
2019-07-10 10:43:08,977 INFO  client.GrpcClientProtocolClient (GrpcClientProtocolClient.java:onNext(255)) - client-AC1CE418446C->edec9b8f-c318-426f-83f9-f44e945268a2: receive RaftClientReply:client-AC1CE418446C->edec9b8f-c318-426f-83f9-f44e945268a2@group-352661ED3FD5, cid=3636, SUCCESS, logIndex=5478, commits[edec9b8f-c318-426f-83f9-f44e945268a2:c5480, 02a03aee-1dd1-43c9-94ca-c76e2a537489:c5476, 9fb73170-bb25-48da-afcf-6f1f9e11598f:c5476]
2019-07-10 10:43:08,977 INFO  client.GrpcClientProtocolClient (GrpcClientProtocolClient.java:onNext(255)) - client-AC1CE418446C->edec9b8f-c318-426f-83f9-f44e945268a2: receive RaftClientReply:client-AC1CE418446C->edec9b8f-c318-426f-83f9-f44e945268a2@group-352661ED3FD5, cid=3637, SUCCESS, logIndex=5479, commits[edec9b8f-c318-426f-83f9-f44e945268a2:c5480, 02a03aee-1dd1-43c9-94ca-c76e2a537489:c5476, 9fb73170-bb25-48da-afcf-6f1f9e11598f:c5476]
2019-07-10 10:43:08,977 INFO  client.GrpcClientProtocolClient (GrpcClientProtocolClient.java:onNext(255)) - client-AC1CE418446C->edec9b8f-c318-426f-83f9-f44e945268a2: receive RaftClientReply:client-AC1CE418446C->edec9b8f-c318-426f-83f9-f44e945268a2@group-352661ED3FD5, cid=3638, SUCCESS, logIndex=5480, commits[edec9b8f-c318-426f-83f9-f44e945268a2:c5480, 02a03aee-1dd1-43c9-94ca-c76e2a537489:c5476, 9fb73170-bb25-48da-afcf-6f1f9e11598f:c5476]
2019-07-10 10:43:08,989 INFO  client.GrpcClientProtocolClient (GrpcClientProtocolClient.java:onNext(255)) - client-AC1CE418446C->edec9b8f-c318-426f-83f9-f44e945268a2: receive RaftClientReply:client-AC1CE418446C->edec9b8f-c318-426f-83f9-f44e945268a2@group-352661ED3FD5, cid=3639, SUCCESS, logIndex=0, commits[edec9b8f-c318-426f-83f9-f44e945268a2:c5484, 02a03aee-1dd1-43c9-94ca-c76e2a537489:c5480, 9fb73170-bb25-48da-afcf-6f1f9e11598f:c5478]
2019-07-10 10:43:09,009 INFO  client.GrpcClientProtocolClient (GrpcClientProtocolClient.java:onNext(255)) - client-AC1CE418446C->edec9b8f-c318-426f-83f9-f44e945268a2: receive RaftClientReply:client-AC1CE418446C->edec9b8f-c318-426f-83f9-f44e945268a2@group-352661ED3FD5, cid=3640, SUCCESS, logIndex=5485, commits[edec9b8f-c318-426f-83f9-f44e945268a2:c5486, 02a03aee-1dd1-43c9-94ca-c76e2a537489:c5484, 9fb73170-bb25-48da-afcf-6f1f9e11598f:c5484]
2019-07-10 10:43:09,010 INFO  client.GrpcClientProtocolClient (GrpcClientProtocolClient.java:onNext(255)) - client-AC1CE418446C->edec9b8f-c318-426f-83f9-f44e945268a2: receive RaftClientReply:client-AC1CE418446C->edec9b8f-c318-426f-83f9-f44e945268a2@group-352661ED3FD5, cid=3641, SUCCESS, logIndex=5486, commits[edec9b8f-c318-426f-83f9-f44e945268a2:c5486, 02a03aee-1dd1-43c9-94ca-c76e2a537489:c5484, 9fb73170-bb25-48da-afcf-6f1f9e11598f:c5484]
2019-07-10 10:43:09,024 INFO  client.GrpcClientProtocolClient (GrpcClientProtocolClient.java:onNext(255)) - client-AC1CE418446C->edec9b8f-c318-426f-83f9-f44e945268a2: receive RaftClientReply:client-AC1CE418446C->edec9b8f-c318-426f-83f9-f44e945268a2@group-352661ED3FD5, cid=3642, SUCCESS, logIndex=5489, commits[edec9b8f-c318-426f-83f9-f44e945268a2:c5489, 02a03aee-1dd1-43c9-94ca-c76e2a537489:c5486, 9fb73170-bb25-48da-afcf-6f1f9e11598f:c5486]
2019-07-10 10:43:09,025 INFO  client.GrpcClientProtocolClient (GrpcClientProtocolClient.java:onNext(255)) - client-AC1CE418446C->edec9b8f-c318-426f-83f9-f44e945268a2: receive RaftClientReply:client-AC1CE418446C->edec9b8f-c318-426f-83f9-f44e945268a2@group-352661ED3FD5, cid=3643, SUCCESS, logIndex=5490, commits[edec9b8f-c318-426f-83f9-f44e945268a2:c5490, 02a03aee-1dd1-43c9-94ca-c76e2a537489:c5486, 9fb73170-bb25-48da-afcf-6f1f9e11598f:c5486]
2019-07-10 10:43:09,039 INFO  client.GrpcClientProtocolClient (GrpcClientProtocolClient.java:onNext(255)) - client-AC1CE418446C->edec9b8f-c318-426f-83f9-f44e945268a2: receive RaftClientReply:client-AC1CE418446C->edec9b8f-c318-426f-83f9-f44e945268a2@group-352661ED3FD5, cid=3644, SUCCESS, logIndex=0, commits[edec9b8f-c318-426f-83f9-f44e945268a2:c5492, 02a03aee-1dd1-43c9-94ca-c76e2a537489:c5490, 9fb73170-bb25-48da-afcf-6f1f9e11598f:c5490]
2019-07-10 10:43:09,088 INFO  client.GrpcClientProtocolClient (GrpcClientProtocolClient.java:onNext(255)) - client-AC1CE418446C->edec9b8f-c318-426f-83f9-f44e945268a2: receive RaftClientReply:client-AC1CE418446C->edec9b8f-c318-426f-83f9-f44e945268a2@group-352661ED3FD5, cid=3645, SUCCESS, logIndex=5493, commits[edec9b8f-c318-426f-83f9-f44e945268a2:c5495, 02a03aee-1dd1-43c9-94ca-c76e2a537489:c5490, 9fb73170-bb25-48da-afcf-6f1f9e11598f:c5492]
2019-07-10 10:43:09,089 INFO  client.GrpcClientProtocolClient (GrpcClientProtocolClient.java:onNext(255)) - client-AC1CE418446C->edec9b8f-c318-426f-83f9-f44e945268a2: receive RaftClientReply:client-AC1CE418446C->edec9b8f-c318-426f-83f9-f44e945268a2@group-352661ED3FD5, cid=3646, SUCCESS, logIndex=5494, commits[edec9b8f-c318-426f-83f9-f44e945268a2:c5496, 02a03aee-1dd1-43c9-94ca-c76e2a537489:c5492, 9fb73170-bb25-48da-afcf-6f1f9e11598f:c5492]
2019-07-10 10:43:09,089 INFO  client.GrpcClientProtocolClient (GrpcClientProtocolClient.java:onNext(255)) - client-AC1CE418446C->edec9b8f-c318-426f-83f9-f44e945268a2: receive RaftClientReply:client-AC1CE418446C->edec9b8f-c318-426f-83f9-f44e945268a2@group-352661ED3FD5, cid=3647, SUCCESS, logIndex=5495, commits[edec9b8f-c318-426f-83f9-f44e945268a2:c5496, 02a03aee-1dd1-43c9-94ca-c76e2a537489:c5492, 9fb73170-bb25-48da-afcf-6f1f9e11598f:c5492]
2019-07-10 10:43:09,090 INFO  client.GrpcClientProtocolClient (GrpcClientProtocolClient.java:onNext(255)) - client-AC1CE418446C->edec9b8f-c318-426f-83f9-f44e945268a2: receive RaftClientReply:client-AC1CE418446C->edec9b8f-c318-426f-83f9-f44e945268a2@group-352661ED3FD5, cid=3648, SUCCESS, logIndex=5496, commits[edec9b8f-c318-426f-83f9-f44e945268a2:c5497, 02a03aee-1dd1-43c9-94ca-c76e2a537489:c5492, 9fb73170-bb25-48da-afcf-6f1f9e11598f:c5493]
2019-07-10 10:43:09,091 INFO  client.GrpcClientProtocolClient (GrpcClientProtocolClient.java:onNext(255)) - client-AC1CE418446C->edec9b8f-c318-426f-83f9-f44e945268a2: receive RaftClientReply:client-AC1CE418446C->edec9b8f-c318-426f-83f9-f44e945268a2@group-352661ED3FD5, cid=3649, SUCCESS, logIndex=0, commits[edec9b8f-c318-426f-83f9-f44e945268a2:c5498, 02a03aee-1dd1-43c9-94ca-c76e2a537489:c5495, 9fb73170-bb25-48da-afcf-6f1f9e11598f:c5495]
2019-07-10 10:43:09,113 INFO  client.GrpcClientProtocolClient (GrpcClientProtocolClient.java:onNext(255)) - client-AC1CE418446C->edec9b8f-c318-426f-83f9-f44e945268a2: receive RaftClientReply:client-AC1CE418446C->edec9b8f-c318-426f-83f9-f44e945268a2@group-352661ED3FD5, cid=3650, SUCCESS, logIndex=5501, commits[edec9b8f-c318-426f-83f9-f44e945268a2:c5502, 02a03aee-1dd1-43c9-94ca-c76e2a537489:c5500, 9fb73170-bb25-48da-afcf-6f1f9e11598f:c5500]
2019-07-10 10:43:09,113 INFO  client.GrpcClientProtocolClient (GrpcClientProtocolClient.java:onNext(255)) - client-AC1CE418446C->edec9b8f-c318-426f-83f9-f44e945268a2: receive RaftClientReply:client-AC1CE418446C->edec9b8f-c318-426f-83f9-f44e945268a2@group-352661ED3FD5, cid=3651, SUCCESS, logIndex=5502, commits[edec9b8f-c318-426f-83f9-f44e945268a2:c5502, 02a03aee-1dd1-43c9-94ca-c76e2a537489:c5500, 9fb73170-bb25-48da-afcf-6f1f9e11598f:c5500]
2019-07-10 10:43:09,128 INFO  client.GrpcClientProtocolClient (GrpcClientProtocolClient.java:onNext(255)) - client-AC1CE418446C->edec9b8f-c318-426f-83f9-f44e945268a2: receive RaftClientReply:client-AC1CE418446C->edec9b8f-c318-426f-83f9-f44e945268a2@group-352661ED3FD5, cid=3652, SUCCESS, logIndex=5505, commits[edec9b8f-c318-426f-83f9-f44e945268a2:c5506, 02a03aee-1dd1-43c9-94ca-c76e2a537489:c5502, 9fb73170-bb25-48da-afcf-6f1f9e11598f:c5502]
2019-07-10 10:43:09,128 INFO  client.GrpcClientProtocolClient (GrpcClientProtocolClient.java:onNext(255)) - client-AC1CE418446C->edec9b8f-c318-426f-83f9-f44e945268a2: receive RaftClientReply:client-AC1CE418446C->edec9b8f-c318-426f-83f9-f44e945268a2@group-352661ED3FD5, cid=3653, SUCCESS, logIndex=5506, commits[edec9b8f-c318-426f-83f9-f44e945268a2:c5506, 02a03aee-1dd1-43c9-94ca-c76e2a537489:c5502, 9fb73170-bb25-48da-afcf-6f1f9e11598f:c5502]
2019-07-10 10:43:09,143 INFO  client.GrpcClientProtocolClient (GrpcClientProtocolClient.java:onNext(255)) - client-AC1CE418446C->edec9b8f-c318-426f-83f9-f44e945268a2: receive RaftClientReply:client-AC1CE418446C->edec9b8f-c318-426f-83f9-f44e945268a2@group-352661ED3FD5, cid=3654, SUCCESS, logIndex=0, commits[edec9b8f-c318-426f-83f9-f44e945268a2:c5508, 02a03aee-1dd1-43c9-94ca-c76e2a537489:c5506, 9fb73170-bb25-48da-afcf-6f1f9e11598f:c5506]
2019-07-10 10:43:09,170 INFO  client.GrpcClientProtocolClient (GrpcClientProtocolClient.java:onNext(255)) - client-AC1CE418446C->edec9b8f-c318-426f-83f9-f44e945268a2: receive RaftClientReply:client-AC1CE418446C->edec9b8f-c318-426f-83f9-f44e945268a2@group-352661ED3FD5, cid=3655, SUCCESS, logIndex=5509, commits[edec9b8f-c318-426f-83f9-f44e945268a2:c5509, 02a03aee-1dd1-43c9-94ca-c76e2a537489:c5506, 9fb73170-bb25-48da-afcf-6f1f9e11598f:c5508]
2019-07-10 10:43:09,170 INFO  client.GrpcClientProtocolClient (GrpcClientProtocolClient.java:onNext(255)) - client-AC1CE418446C->edec9b8f-c318-426f-83f9-f44e945268a2: receive RaftClientReply:client-AC1CE418446C->edec9b8f-c318-426f-83f9-f44e945268a2@group-352661ED3FD5, cid=3656, SUCCESS, logIndex=5510, commits[edec9b8f-c318-426f-83f9-f44e945268a2:c5510, 02a03aee-1dd1-43c9-94ca-c76e2a537489:c5508, 9fb73170-bb25-48da-afcf-6f1f9e11598f:c5508]
2019-07-10 10:43:09,173 INFO  client.GrpcClientProtocolClient (GrpcClientProtocolClient.java:onNext(255)) - client-AC1CE418446C->edec9b8f-c318-426f-83f9-f44e945268a2: receive RaftClientReply:client-AC1CE418446C->edec9b8f-c318-426f-83f9-f44e945268a2@group-352661ED3FD5, cid=3657, SUCCESS, logIndex=5511, commits[edec9b8f-c318-426f-83f9-f44e945268a2:c5513, 02a03aee-1dd1-43c9-94ca-c76e2a537489:c5510, 9fb73170-bb25-48da-afcf-6f1f9e11598f:c5508]
2019-07-10 10:43:09,174 INFO  client.GrpcClientProtocolClient (GrpcClientProtocolClient.java:onNext(255)) - client-AC1CE418446C->edec9b8f-c318-426f-83f9-f44e945268a2: receive RaftClientReply:client-AC1CE418446C->edec9b8f-c318-426f-83f9-f44e945268a2@group-352661ED3FD5, cid=3658, SUCCESS, logIndex=5512, commits[edec9b8f-c318-426f-83f9-f44e945268a2:c5514, 02a03aee-1dd1-43c9-94ca-c76e2a537489:c5510, 9fb73170-bb25-48da-afcf-6f1f9e11598f:c5509]
2019-07-10 10:43:09,175 INFO  client.GrpcClientProtocolClient (GrpcClientProtocolClient.java:onNext(255)) - client-AC1CE418446C->edec9b8f-c318-426f-83f9-f44e945268a2: receive RaftClientReply:client-AC1CE418446C->edec9b8f-c318-426f-83f9-f44e945268a2@group-352661ED3FD5, cid=3659, SUCCESS, logIndex=0, commits[edec9b8f-c318-426f-83f9-f44e945268a2:c5515, 02a03aee-1dd1-43c9-94ca-c76e2a537489:c5511, 9fb73170-bb25-48da-afcf-6f1f9e11598f:c5510]
2019-07-10 10:43:09,196 INFO  client.GrpcClientProtocolClient (GrpcClientProtocolClient.java:onNext(255)) - client-AC1CE418446C->edec9b8f-c318-426f-83f9-f44e945268a2: receive RaftClientReply:client-AC1CE418446C->edec9b8f-c318-426f-83f9-f44e945268a2@group-352661ED3FD5, cid=3660, SUCCESS, logIndex=5517, commits[edec9b8f-c318-426f-83f9-f44e945268a2:c5518, 02a03aee-1dd1-43c9-94ca-c76e2a537489:c5516, 9fb73170-bb25-48da-afcf-6f1f9e11598f:c5516]
2019-07-10 10:43:09,196 INFO  client.GrpcClientProtocolClient (GrpcClientProtocolClient.java:onNext(255)) - client-AC1CE418446C->edec9b8f-c318-426f-83f9-f44e945268a2: receive RaftClientReply:client-AC1CE418446C->edec9b8f-c318-426f-83f9-f44e945268a2@group-352661ED3FD5, cid=3661, SUCCESS, logIndex=5518, commits[edec9b8f-c318-426f-83f9-f44e945268a2:c5518, 02a03aee-1dd1-43c9-94ca-c76e2a537489:c5516, 9fb73170-bb25-48da-afcf-6f1f9e11598f:c5516]
2019-07-10 10:43:09,218 INFO  client.GrpcClientProtocolClient (GrpcClientProtocolClient.java:onNext(255)) - client-AC1CE418446C->edec9b8f-c318-426f-83f9-f44e945268a2: receive RaftClientReply:client-AC1CE418446C->edec9b8f-c318-426f-83f9-f44e945268a2@group-352661ED3FD5, cid=3662, SUCCESS, logIndex=5521, commits[edec9b8f-c318-426f-83f9-f44e945268a2:c5522, 02a03aee-1dd1-43c9-94ca-c76e2a537489:c5518, 9fb73170-bb25-48da-afcf-6f1f9e11598f:c5519]
2019-07-10 10:43:09,218 INFO  client.GrpcClientProtocolClient (GrpcClientProtocolClient.java:onNext(255)) - client-AC1CE418446C->edec9b8f-c318-426f-83f9-f44e945268a2: receive RaftClientReply:client-AC1CE418446C->edec9b8f-c318-426f-83f9-f44e945268a2@group-352661ED3FD5, cid=3663, SUCCESS, logIndex=5522, commits[edec9b8f-c318-426f-83f9-f44e945268a2:c5522, 02a03aee-1dd1-43c9-94ca-c76e2a537489:c5518, 9fb73170-bb25-48da-afcf-6f1f9e11598f:c5519]
2019-07-10 10:43:09,231 INFO  client.GrpcClientProtocolClient (GrpcClientProtocolClient.java:onNext(255)) - client-AC1CE418446C->edec9b8f-c318-426f-83f9-f44e945268a2: receive RaftClientReply:client-AC1CE418446C->edec9b8f-c318-426f-83f9-f44e945268a2@group-352661ED3FD5, cid=3664, SUCCESS, logIndex=0, commits[edec9b8f-c318-426f-83f9-f44e945268a2:c5524, 02a03aee-1dd1-43c9-94ca-c76e2a537489:c5522, 9fb73170-bb25-48da-afcf-6f1f9e11598f:c5522]
2019-07-10 10:43:09,267 INFO  client.GrpcClientProtocolClient (GrpcClientProtocolClient.java:onNext(255)) - client-AC1CE418446C->edec9b8f-c318-426f-83f9-f44e945268a2: receive RaftClientReply:client-AC1CE418446C->edec9b8f-c318-426f-83f9-f44e945268a2@group-352661ED3FD5, cid=3665, SUCCESS, logIndex=5525, commits[edec9b8f-c318-426f-83f9-f44e945268a2:c5526, 02a03aee-1dd1-43c9-94ca-c76e2a537489:c5524, 9fb73170-bb25-48da-afcf-6f1f9e11598f:c5524]
2019-07-10 10:43:09,267 INFO  client.GrpcClientProtocolClient (GrpcClientProtocolClient.java:onNext(255)) - client-AC1CE418446C->edec9b8f-c318-426f-83f9-f44e945268a2: receive RaftClientReply:client-AC1CE418446C->edec9b8f-c318-426f-83f9-f44e945268a2@group-352661ED3FD5, cid=3666, SUCCESS, logIndex=5526, commits[edec9b8f-c318-426f-83f9-f44e945268a2:c5527, 02a03aee-1dd1-43c9-94ca-c76e2a537489:c5524, 9fb73170-bb25-48da-afcf-6f1f9e11598f:c5524]
2019-07-10 10:43:09,268 INFO  client.GrpcClientProtocolClient (GrpcClientProtocolClient.java:onNext(255)) - client-AC1CE418446C->edec9b8f-c318-426f-83f9-f44e945268a2: receive RaftClientReply:client-AC1CE418446C->edec9b8f-c318-426f-83f9-f44e945268a2@group-352661ED3FD5, cid=3667, SUCCESS, logIndex=5527, commits[edec9b8f-c318-426f-83f9-f44e945268a2:c5528, 02a03aee-1dd1-43c9-94ca-c76e2a537489:c5524, 9fb73170-bb25-48da-afcf-6f1f9e11598f:c5524]
2019-07-10 10:43:09,268 INFO  client.GrpcClientProtocolClient (GrpcClientProtocolClient.java:onNext(255)) - client-AC1CE418446C->edec9b8f-c318-426f-83f9-f44e945268a2: receive RaftClientReply:client-AC1CE418446C->edec9b8f-c318-426f-83f9-f44e945268a2@group-352661ED3FD5, cid=3668, SUCCESS, logIndex=5528, commits[edec9b8f-c318-426f-83f9-f44e945268a2:c5528, 02a03aee-1dd1-43c9-94ca-c76e2a537489:c5524, 9fb73170-bb25-48da-afcf-6f1f9e11598f:c5524]
2019-07-10 10:43:09,281 INFO  client.GrpcClientProtocolClient (GrpcClientProtocolClient.java:onNext(255)) - client-AC1CE418446C->edec9b8f-c318-426f-83f9-f44e945268a2: receive RaftClientReply:client-AC1CE418446C->edec9b8f-c318-426f-83f9-f44e945268a2@group-352661ED3FD5, cid=3669, SUCCESS, logIndex=0, commits[edec9b8f-c318-426f-83f9-f44e945268a2:c5530, 02a03aee-1dd1-43c9-94ca-c76e2a537489:c5526, 9fb73170-bb25-48da-afcf-6f1f9e11598f:c5526]
2019-07-10 10:43:09,302 INFO  client.GrpcClientProtocolClient (GrpcClientProtocolClient.java:onNext(255)) - client-AC1CE418446C->edec9b8f-c318-426f-83f9-f44e945268a2: receive RaftClientReply:client-AC1CE418446C->edec9b8f-c318-426f-83f9-f44e945268a2@group-352661ED3FD5, cid=3670, SUCCESS, logIndex=5533, commits[edec9b8f-c318-426f-83f9-f44e945268a2:c5534, 02a03aee-1dd1-43c9-94ca-c76e2a537489:c5532, 9fb73170-bb25-48da-afcf-6f1f9e11598f:c5532]
2019-07-10 10:43:09,302 INFO  client.GrpcClientProtocolClient (GrpcClientProtocolClient.java:onNext(255)) - client-AC1CE418446C->edec9b8f-c318-426f-83f9-f44e945268a2: receive RaftClientReply:client-AC1CE418446C->edec9b8f-c318-426f-83f9-f44e945268a2@group-352661ED3FD5, cid=3671, SUCCESS, logIndex=5534, commits[edec9b8f-c318-426f-83f9-f44e945268a2:c5534, 02a03aee-1dd1-43c9-94ca-c76e2a537489:c5532, 9fb73170-bb25-48da-afcf-6f1f9e11598f:c5532]
2019-07-10 10:43:09,315 INFO  client.GrpcClientProtocolClient (GrpcClientProtocolClient.java:onNext(255)) - client-AC1CE418446C->edec9b8f-c318-426f-83f9-f44e945268a2: receive RaftClientReply:client-AC1CE418446C->edec9b8f-c318-426f-83f9-f44e945268a2@group-352661ED3FD5, cid=3672, SUCCESS, logIndex=5537, commits[edec9b8f-c318-426f-83f9-f44e945268a2:c5538, 02a03aee-1dd1-43c9-94ca-c76e2a537489:c5533, 9fb73170-bb25-48da-afcf-6f1f9e11598f:c5534]
2019-07-10 10:43:09,315 INFO  client.GrpcClientProtocolClient (GrpcClientProtocolClient.java:onNext(255)) - client-AC1CE418446C->edec9b8f-c318-426f-83f9-f44e945268a2: receive RaftClientReply:client-AC1CE418446C->edec9b8f-c318-426f-83f9-f44e945268a2@group-352661ED3FD5, cid=3673, SUCCESS, logIndex=5538, commits[edec9b8f-c318-426f-83f9-f44e945268a2:c5538, 02a03aee-1dd1-43c9-94ca-c76e2a537489:c5534, 9fb73170-bb25-48da-afcf-6f1f9e11598f:c5534]
2019-07-10 10:43:09,317 INFO  client.GrpcClientProtocolClient (GrpcClientProtocolClient.java:onNext(255)) - client-AC1CE418446C->edec9b8f-c318-426f-83f9-f44e945268a2: receive RaftClientReply:client-AC1CE418446C->edec9b8f-c318-426f-83f9-f44e945268a2@group-352661ED3FD5, cid=3674, SUCCESS, logIndex=0, commits[edec9b8f-c318-426f-83f9-f44e945268a2:c5539, 02a03aee-1dd1-43c9-94ca-c76e2a537489:c5538, 9fb73170-bb25-48da-afcf-6f1f9e11598f:c5538]
2019-07-10 10:43:09,485 INFO  client.GrpcClientProtocolClient (GrpcClientProtocolClient.java:onNext(255)) - client-AC1CE418446C->edec9b8f-c318-426f-83f9-f44e945268a2: receive RaftClientReply:client-AC1CE418446C->edec9b8f-c318-426f-83f9-f44e945268a2@group-352661ED3FD5, cid=3675, SUCCESS, logIndex=5541, commits[edec9b8f-c318-426f-83f9-f44e945268a2:c5542, 02a03aee-1dd1-43c9-94ca-c76e2a537489:c5540, 9fb73170-bb25-48da-afcf-6f1f9e11598f:c5540]
2019-07-10 10:43:09,486 INFO  client.GrpcClientProtocolClient (GrpcClientProtocolClient.java:onNext(255)) - client-AC1CE418446C->edec9b8f-c318-426f-83f9-f44e945268a2: receive RaftClientReply:client-AC1CE418446C->edec9b8f-c318-426f-83f9-f44e945268a2@group-352661ED3FD5, cid=3676, SUCCESS, logIndex=5542, commits[edec9b8f-c318-426f-83f9-f44e945268a2:c5544, 02a03aee-1dd1-43c9-94ca-c76e2a537489:c5540, 9fb73170-bb25-48da-afcf-6f1f9e11598f:c5540]
2019-07-10 10:43:09,486 INFO  client.GrpcClientProtocolClient (GrpcClientProtocolClient.java:onNext(255)) - client-AC1CE418446C->edec9b8f-c318-426f-83f9-f44e945268a2: receive RaftClientReply:client-AC1CE418446C->edec9b8f-c318-426f-83f9-f44e945268a2@group-352661ED3FD5, cid=3677, SUCCESS, logIndex=5543, commits[edec9b8f-c318-426f-83f9-f44e945268a2:c5545, 02a03aee-1dd1-43c9-94ca-c76e2a537489:c5541, 9fb73170-bb25-48da-afcf-6f1f9e11598f:c5540]
2019-07-10 10:43:09,487 INFO  client.GrpcClientProtocolClient (GrpcClientProtocolClient.java:onNext(255)) - client-AC1CE418446C->edec9b8f-c318-426f-83f9-f44e945268a2: receive RaftClientReply:client-AC1CE418446C->edec9b8f-c318-426f-83f9-f44e945268a2@group-352661ED3FD5, cid=3678, SUCCESS, logIndex=5544, commits[edec9b8f-c318-426f-83f9-f44e945268a2:c5545, 02a03aee-1dd1-43c9-94ca-c76e2a537489:c5541, 9fb73170-bb25-48da-afcf-6f1f9e11598f:c5540]
2019-07-10 10:43:09,488 INFO  client.GrpcClientProtocolClient (GrpcClientProtocolClient.java:onNext(255)) - client-AC1CE418446C->edec9b8f-c318-426f-83f9-f44e945268a2: receive RaftClientReply:client-AC1CE418446C->edec9b8f-c318-426f-83f9-f44e945268a2@group-352661ED3FD5, cid=3679, SUCCESS, logIndex=0, commits[edec9b8f-c318-426f-83f9-f44e945268a2:c5547, 02a03aee-1dd1-43c9-94ca-c76e2a537489:c5544, 9fb73170-bb25-48da-afcf-6f1f9e11598f:c5542]
2019-07-10 10:43:09,509 INFO  client.GrpcClientProtocolClient (GrpcClientProtocolClient.java:onNext(255)) - client-AC1CE418446C->edec9b8f-c318-426f-83f9-f44e945268a2: receive RaftClientReply:client-AC1CE418446C->edec9b8f-c318-426f-83f9-f44e945268a2@group-352661ED3FD5, cid=3680, SUCCESS, logIndex=5548, commits[edec9b8f-c318-426f-83f9-f44e945268a2:c5549, 02a03aee-1dd1-43c9-94ca-c76e2a537489:c5547, 9fb73170-bb25-48da-afcf-6f1f9e11598f:c5547]
2019-07-10 10:43:09,509 INFO  client.GrpcClientProtocolClient (GrpcClientProtocolClient.java:onNext(255)) - client-AC1CE418446C->edec9b8f-c318-426f-83f9-f44e945268a2: receive RaftClientReply:client-AC1CE418446C->edec9b8f-c318-426f-83f9-f44e945268a2@group-352661ED3FD5, cid=3681, SUCCESS, logIndex=5549, commits[edec9b8f-c318-426f-83f9-f44e945268a2:c5549, 02a03aee-1dd1-43c9-94ca-c76e2a537489:c5547, 9fb73170-bb25-48da-afcf-6f1f9e11598f:c5547]
 0.00% |█                                                                                                    |  0/1 Time: 0:00:352019-07-10 10:43:09,532 INFO  client.GrpcClientProtocolClient (GrpcClientProtocolClient.java:onNext(255)) - client-AC1CE418446C->edec9b8f-c318-426f-83f9-f44e945268a2: receive RaftClientReply:client-AC1CE418446C->edec9b8f-c318-426f-83f9-f44e945268a2@group-352661ED3FD5, cid=3682, SUCCESS, logIndex=5552, commits[edec9b8f-c318-426f-83f9-f44e945268a2:c5553, 02a03aee-1dd1-43c9-94ca-c76e2a537489:c5548, 9fb73170-bb25-48da-afcf-6f1f9e11598f:c5549]
2019-07-10 10:43:09,532 INFO  client.GrpcClientProtocolClient (GrpcClientProtocolClient.java:onNext(255)) - client-AC1CE418446C->edec9b8f-c318-426f-83f9-f44e945268a2: receive RaftClientReply:client-AC1CE418446C->edec9b8f-c318-426f-83f9-f44e945268a2@group-352661ED3FD5, cid=3683, SUCCESS, logIndex=5553, commits[edec9b8f-c318-426f-83f9-f44e945268a2:c5553, 02a03aee-1dd1-43c9-94ca-c76e2a537489:c5549, 9fb73170-bb25-48da-afcf-6f1f9e11598f:c5549]
2019-07-10 10:43:09,533 INFO  client.GrpcClientProtocolClient (GrpcClientProtocolClient.java:onNext(255)) - client-AC1CE418446C->edec9b8f-c318-426f-83f9-f44e945268a2: receive RaftClientReply:client-AC1CE418446C->edec9b8f-c318-426f-83f9-f44e945268a2@group-352661ED3FD5, cid=3684, SUCCESS, logIndex=0, commits[edec9b8f-c318-426f-83f9-f44e945268a2:c5554, 02a03aee-1dd1-43c9-94ca-c76e2a537489:c5553, 9fb73170-bb25-48da-afcf-6f1f9e11598f:c5553]
2019-07-10 10:43:09,567 INFO  client.GrpcClientProtocolClient (GrpcClientProtocolClient.java:onNext(255)) - client-AC1CE418446C->edec9b8f-c318-426f-83f9-f44e945268a2: receive RaftClientReply:client-AC1CE418446C->edec9b8f-c318-426f-83f9-f44e945268a2@group-352661ED3FD5, cid=3685, SUCCESS, logIndex=5556, commits[edec9b8f-c318-426f-83f9-f44e945268a2:c5557, 02a03aee-1dd1-43c9-94ca-c76e2a537489:c5555, 9fb73170-bb25-48da-afcf-6f1f9e11598f:c5555]
2019-07-10 10:43:09,568 INFO  client.GrpcClientProtocolClient (GrpcClientProtocolClient.java:onNext(255)) - client-AC1CE418446C->edec9b8f-c318-426f-83f9-f44e945268a2: receive RaftClientReply:client-AC1CE418446C->edec9b8f-c318-426f-83f9-f44e945268a2@group-352661ED3FD5, cid=3686, SUCCESS, logIndex=5557, commits[edec9b8f-c318-426f-83f9-f44e945268a2:c5559, 02a03aee-1dd1-43c9-94ca-c76e2a537489:c5555, 9fb73170-bb25-48da-afcf-6f1f9e11598f:c5555]
2019-07-10 10:43:09,568 INFO  client.GrpcClientProtocolClient (GrpcClientProtocolClient.java:onNext(255)) - client-AC1CE418446C->edec9b8f-c318-426f-83f9-f44e945268a2: receive RaftClientReply:client-AC1CE418446C->edec9b8f-c318-426f-83f9-f44e945268a2@group-352661ED3FD5, cid=3687, SUCCESS, logIndex=5558, commits[edec9b8f-c318-426f-83f9-f44e945268a2:c5559, 02a03aee-1dd1-43c9-94ca-c76e2a537489:c5555, 9fb73170-bb25-48da-afcf-6f1f9e11598f:c5555]
2019-07-10 10:43:09,569 INFO  client.GrpcClientProtocolClient (GrpcClientProtocolClient.java:onNext(255)) - client-AC1CE418446C->edec9b8f-c318-426f-83f9-f44e945268a2: receive RaftClientReply:client-AC1CE418446C->edec9b8f-c318-426f-83f9-f44e945268a2@group-352661ED3FD5, cid=3688, SUCCESS, logIndex=5559, commits[edec9b8f-c318-426f-83f9-f44e945268a2:c5560, 02a03aee-1dd1-43c9-94ca-c76e2a537489:c5556, 9fb73170-bb25-48da-afcf-6f1f9e11598f:c5555]
2019-07-10 10:43:09,570 INFO  client.GrpcClientProtocolClient (GrpcClientProtocolClient.java:onNext(255)) - client-AC1CE418446C->edec9b8f-c318-426f-83f9-f44e945268a2: receive RaftClientReply:client-AC1CE418446C->edec9b8f-c318-426f-83f9-f44e945268a2@group-352661ED3FD5, cid=3689, SUCCESS, logIndex=0, commits[edec9b8f-c318-426f-83f9-f44e945268a2:c5561, 02a03aee-1dd1-43c9-94ca-c76e2a537489:c5557, 9fb73170-bb25-48da-afcf-6f1f9e11598f:c5557]
2019-07-10 10:43:09,583 INFO  client.GrpcClientProtocolClient (GrpcClientProtocolClient.java:onNext(255)) - client-AC1CE418446C->edec9b8f-c318-426f-83f9-f44e945268a2: receive RaftClientReply:client-AC1CE418446C->edec9b8f-c318-426f-83f9-f44e945268a2@group-352661ED3FD5, cid=3690, SUCCESS, logIndex=5564, commits[edec9b8f-c318-426f-83f9-f44e945268a2:c5565, 02a03aee-1dd1-43c9-94ca-c76e2a537489:c5563, 9fb73170-bb25-48da-afcf-6f1f9e11598f:c5559]
2019-07-10 10:43:09,583 INFO  client.GrpcClientProtocolClient (GrpcClientProtocolClient.java:onNext(255)) - client-AC1CE418446C->edec9b8f-c318-426f-83f9-f44e945268a2: receive RaftClientReply:client-AC1CE418446C->edec9b8f-c318-426f-83f9-f44e945268a2@group-352661ED3FD5, cid=3691, SUCCESS, logIndex=5565, commits[edec9b8f-c318-426f-83f9-f44e945268a2:c5565, 02a03aee-1dd1-43c9-94ca-c76e2a537489:c5563, 9fb73170-bb25-48da-afcf-6f1f9e11598f:c5563]
2019-07-10 10:43:09,603 INFO  client.GrpcClientProtocolClient (GrpcClientProtocolClient.java:onNext(255)) - client-AC1CE418446C->edec9b8f-c318-426f-83f9-f44e945268a2: receive RaftClientReply:client-AC1CE418446C->edec9b8f-c318-426f-83f9-f44e945268a2@group-352661ED3FD5, cid=3692, SUCCESS, logIndex=5568, commits[edec9b8f-c318-426f-83f9-f44e945268a2:c5569, 02a03aee-1dd1-43c9-94ca-c76e2a537489:c5567, 9fb73170-bb25-48da-afcf-6f1f9e11598f:c5567]
2019-07-10 10:43:09,603 INFO  client.GrpcClientProtocolClient (GrpcClientProtocolClient.java:onNext(255)) - client-AC1CE418446C->edec9b8f-c318-426f-83f9-f44e945268a2: receive RaftClientReply:client-AC1CE418446C->edec9b8f-c318-426f-83f9-f44e945268a2@group-352661ED3FD5, cid=3693, SUCCESS, logIndex=5569, commits[edec9b8f-c318-426f-83f9-f44e945268a2:c5569, 02a03aee-1dd1-43c9-94ca-c76e2a537489:c5567, 9fb73170-bb25-48da-afcf-6f1f9e11598f:c5567]
2019-07-10 10:43:09,617 INFO  client.GrpcClientProtocolClient (GrpcClientProtocolClient.java:onNext(255)) - client-AC1CE418446C->edec9b8f-c318-426f-83f9-f44e945268a2: receive RaftClientReply:client-AC1CE418446C->edec9b8f-c318-426f-83f9-f44e945268a2@group-352661ED3FD5, cid=3694, SUCCESS, logIndex=0, commits[edec9b8f-c318-426f-83f9-f44e945268a2:c5571, 02a03aee-1dd1-43c9-94ca-c76e2a537489:c5569, 9fb73170-bb25-48da-afcf-6f1f9e11598f:c5569]
2019-07-10 10:43:09,668 INFO  client.GrpcClientProtocolClient (GrpcClientProtocolClient.java:onNext(255)) - client-AC1CE418446C->edec9b8f-c318-426f-83f9-f44e945268a2: receive RaftClientReply:client-AC1CE418446C->edec9b8f-c318-426f-83f9-f44e945268a2@group-352661ED3FD5, cid=3695, SUCCESS, logIndex=5572, commits[edec9b8f-c318-426f-83f9-f44e945268a2:c5573, 02a03aee-1dd1-43c9-94ca-c76e2a537489:c5571, 9fb73170-bb25-48da-afcf-6f1f9e11598f:c5571]
2019-07-10 10:43:09,669 INFO  client.GrpcClientProtocolClient (GrpcClientProtocolClient.java:onNext(255)) - client-AC1CE418446C->edec9b8f-c318-426f-83f9-f44e945268a2: receive RaftClientReply:client-AC1CE418446C->edec9b8f-c318-426f-83f9-f44e945268a2@group-352661ED3FD5, cid=3696, SUCCESS, logIndex=5573, commits[edec9b8f-c318-426f-83f9-f44e945268a2:c5575, 02a03aee-1dd1-43c9-94ca-c76e2a537489:c5571, 9fb73170-bb25-48da-afcf-6f1f9e11598f:c5571]
2019-07-10 10:43:09,669 INFO  client.GrpcClientProtocolClient (GrpcClientProtocolClient.java:onNext(255)) - client-AC1CE418446C->edec9b8f-c318-426f-83f9-f44e945268a2: receive RaftClientReply:client-AC1CE418446C->edec9b8f-c318-426f-83f9-f44e945268a2@group-352661ED3FD5, cid=3697, SUCCESS, logIndex=5574, commits[edec9b8f-c318-426f-83f9-f44e945268a2:c5575, 02a03aee-1dd1-43c9-94ca-c76e2a537489:c5571, 9fb73170-bb25-48da-afcf-6f1f9e11598f:c5571]
2019-07-10 10:43:09,670 INFO  client.GrpcClientProtocolClient (GrpcClientProtocolClient.java:onNext(255)) - client-AC1CE418446C->edec9b8f-c318-426f-83f9-f44e945268a2: receive RaftClientReply:client-AC1CE418446C->edec9b8f-c318-426f-83f9-f44e945268a2@group-352661ED3FD5, cid=3698, SUCCESS, logIndex=5575, commits[edec9b8f-c318-426f-83f9-f44e945268a2:c5575, 02a03aee-1dd1-43c9-94ca-c76e2a537489:c5571, 9fb73170-bb25-48da-afcf-6f1f9e11598f:c5571]
2019-07-10 10:43:09,676 INFO  client.GrpcClientProtocolClient (GrpcClientProtocolClient.java:onNext(255)) - client-AC1CE418446C->edec9b8f-c318-426f-83f9-f44e945268a2: receive RaftClientReply:client-AC1CE418446C->edec9b8f-c318-426f-83f9-f44e945268a2@group-352661ED3FD5, cid=3699, SUCCESS, logIndex=0, commits[edec9b8f-c318-426f-83f9-f44e945268a2:c5578, 02a03aee-1dd1-43c9-94ca-c76e2a537489:c5573, 9fb73170-bb25-48da-afcf-6f1f9e11598f:c5575]
2019-07-10 10:43:09,690 INFO  client.GrpcClientProtocolClient (GrpcClientProtocolClient.java:onNext(255)) - client-AC1CE418446C->edec9b8f-c318-426f-83f9-f44e945268a2: receive RaftClientReply:client-AC1CE418446C->edec9b8f-c318-426f-83f9-f44e945268a2@group-352661ED3FD5, cid=3700, SUCCESS, logIndex=5579, commits[edec9b8f-c318-426f-83f9-f44e945268a2:c5580, 02a03aee-1dd1-43c9-94ca-c76e2a537489:c5578, 9fb73170-bb25-48da-afcf-6f1f9e11598f:c5578]
2019-07-10 10:43:09,691 INFO  client.GrpcClientProtocolClient (GrpcClientProtocolClient.java:onNext(255)) - client-AC1CE418446C->edec9b8f-c318-426f-83f9-f44e945268a2: receive RaftClientReply:client-AC1CE418446C->edec9b8f-c318-426f-83f9-f44e945268a2@group-352661ED3FD5, cid=3701, SUCCESS, logIndex=5580, commits[edec9b8f-c318-426f-83f9-f44e945268a2:c5580, 02a03aee-1dd1-43c9-94ca-c76e2a537489:c5578, 9fb73170-bb25-48da-afcf-6f1f9e11598f:c5578]
2019-07-10 10:43:09,705 INFO  client.GrpcClientProtocolClient (GrpcClientProtocolClient.java:onNext(255)) - client-AC1CE418446C->edec9b8f-c318-426f-83f9-f44e945268a2: receive RaftClientReply:client-AC1CE418446C->edec9b8f-c318-426f-83f9-f44e945268a2@group-352661ED3FD5, cid=3702, SUCCESS, logIndex=5583, commits[edec9b8f-c318-426f-83f9-f44e945268a2:c5584, 02a03aee-1dd1-43c9-94ca-c76e2a537489:c5580, 9fb73170-bb25-48da-afcf-6f1f9e11598f:c5582]
2019-07-10 10:43:09,705 INFO  client.GrpcClientProtocolClient (GrpcClientProtocolClient.java:onNext(255)) - client-AC1CE418446C->edec9b8f-c318-426f-83f9-f44e945268a2: receive RaftClientReply:client-AC1CE418446C->edec9b8f-c318-426f-83f9-f44e945268a2@group-352661ED3FD5, cid=3703, SUCCESS, logIndex=5584, commits[edec9b8f-c318-426f-83f9-f44e945268a2:c5584, 02a03aee-1dd1-43c9-94ca-c76e2a537489:c5582, 9fb73170-bb25-48da-afcf-6f1f9e11598f:c5582]
2019-07-10 10:43:09,711 INFO  client.GrpcClientProtocolClient (GrpcClientProtocolClient.java:onNext(255)) - client-AC1CE418446C->edec9b8f-c318-426f-83f9-f44e945268a2: receive RaftClientReply:client-AC1CE418446C->edec9b8f-c318-426f-83f9-f44e945268a2@group-352661ED3FD5, cid=3704, SUCCESS, logIndex=0, commits[edec9b8f-c318-426f-83f9-f44e945268a2:c5586, 02a03aee-1dd1-43c9-94ca-c76e2a537489:c5584, 9fb73170-bb25-48da-afcf-6f1f9e11598f:c5584]
2019-07-10 10:43:09,746 INFO  client.GrpcClientProtocolClient (GrpcClientProtocolClient.java:onNext(255)) - client-AC1CE418446C->edec9b8f-c318-426f-83f9-f44e945268a2: receive RaftClientReply:client-AC1CE418446C->edec9b8f-c318-426f-83f9-f44e945268a2@group-352661ED3FD5, cid=3705, SUCCESS, logIndex=5587, commits[edec9b8f-c318-426f-83f9-f44e945268a2:c5587, 02a03aee-1dd1-43c9-94ca-c76e2a537489:c5586, 9fb73170-bb25-48da-afcf-6f1f9e11598f:c5586]
2019-07-10 10:43:09,747 INFO  client.GrpcClientProtocolClient (GrpcClientProtocolClient.java:onNext(255)) - client-AC1CE418446C->edec9b8f-c318-426f-83f9-f44e945268a2: receive RaftClientReply:client-AC1CE418446C->edec9b8f-c318-426f-83f9-f44e945268a2@group-352661ED3FD5, cid=3706, SUCCESS, logIndex=5588, commits[edec9b8f-c318-426f-83f9-f44e945268a2:c5588, 02a03aee-1dd1-43c9-94ca-c76e2a537489:c5586, 9fb73170-bb25-48da-afcf-6f1f9e11598f:c5586]
2019-07-10 10:43:09,747 INFO  client.GrpcClientProtocolClient (GrpcClientProtocolClient.java:onNext(255)) - client-AC1CE418446C->edec9b8f-c318-426f-83f9-f44e945268a2: receive RaftClientReply:client-AC1CE418446C->edec9b8f-c318-426f-83f9-f44e945268a2@group-352661ED3FD5, cid=3707, SUCCESS, logIndex=5589, commits[edec9b8f-c318-426f-83f9-f44e945268a2:c5590, 02a03aee-1dd1-43c9-94ca-c76e2a537489:c5586, 9fb73170-bb25-48da-afcf-6f1f9e11598f:c5586]
2019-07-10 10:43:09,747 INFO  client.GrpcClientProtocolClient (GrpcClientProtocolClient.java:onNext(255)) - client-AC1CE418446C->edec9b8f-c318-426f-83f9-f44e945268a2: receive RaftClientReply:client-AC1CE418446C->edec9b8f-c318-426f-83f9-f44e945268a2@group-352661ED3FD5, cid=3708, SUCCESS, logIndex=5590, commits[edec9b8f-c318-426f-83f9-f44e945268a2:c5590, 02a03aee-1dd1-43c9-94ca-c76e2a537489:c5586, 9fb73170-bb25-48da-afcf-6f1f9e11598f:c5586]
2019-07-10 10:43:09,761 INFO  client.GrpcClientProtocolClient (GrpcClientProtocolClient.java:onNext(255)) - client-AC1CE418446C->edec9b8f-c318-426f-83f9-f44e945268a2: receive RaftClientReply:client-AC1CE418446C->edec9b8f-c318-426f-83f9-f44e945268a2@group-352661ED3FD5, cid=3709, SUCCESS, logIndex=0, commits[edec9b8f-c318-426f-83f9-f44e945268a2:c5592, 02a03aee-1dd1-43c9-94ca-c76e2a537489:c5588, 9fb73170-bb25-48da-afcf-6f1f9e11598f:c5588]
2019-07-10 10:43:09,783 INFO  client.GrpcClientProtocolClient (GrpcClientProtocolClient.java:onNext(255)) - client-AC1CE418446C->edec9b8f-c318-426f-83f9-f44e945268a2: receive RaftClientReply:client-AC1CE418446C->edec9b8f-c318-426f-83f9-f44e945268a2@group-352661ED3FD5, cid=3710, SUCCESS, logIndex=5595, commits[edec9b8f-c318-426f-83f9-f44e945268a2:c5595, 02a03aee-1dd1-43c9-94ca-c76e2a537489:c5594, 9fb73170-bb25-48da-afcf-6f1f9e11598f:c5594]
2019-07-10 10:43:09,783 INFO  client.GrpcClientProtocolClient (GrpcClientProtocolClient.java:onNext(255)) - client-AC1CE418446C->edec9b8f-c318-426f-83f9-f44e945268a2: receive RaftClientReply:client-AC1CE418446C->edec9b8f-c318-426f-83f9-f44e945268a2@group-352661ED3FD5, cid=3711, SUCCESS, logIndex=5596, commits[edec9b8f-c318-426f-83f9-f44e945268a2:c5596, 02a03aee-1dd1-43c9-94ca-c76e2a537489:c5594, 9fb73170-bb25-48da-afcf-6f1f9e11598f:c5594]
2019-07-10 10:43:09,809 INFO  client.GrpcClientProtocolClient (GrpcClientProtocolClient.java:onNext(255)) - client-AC1CE418446C->edec9b8f-c318-426f-83f9-f44e945268a2: receive RaftClientReply:client-AC1CE418446C->edec9b8f-c318-426f-83f9-f44e945268a2@group-352661ED3FD5, cid=3712, SUCCESS, logIndex=5599, commits[edec9b8f-c318-426f-83f9-f44e945268a2:c5600, 02a03aee-1dd1-43c9-94ca-c76e2a537489:c5595, 9fb73170-bb25-48da-afcf-6f1f9e11598f:c5596]
2019-07-10 10:43:09,809 INFO  client.GrpcClientProtocolClient (GrpcClientProtocolClient.java:onNext(255)) - client-AC1CE418446C->edec9b8f-c318-426f-83f9-f44e945268a2: receive RaftClientReply:client-AC1CE418446C->edec9b8f-c318-426f-83f9-f44e945268a2@group-352661ED3FD5, cid=3713, SUCCESS, logIndex=5600, commits[edec9b8f-c318-426f-83f9-f44e945268a2:c5600, 02a03aee-1dd1-43c9-94ca-c76e2a537489:c5596, 9fb73170-bb25-48da-afcf-6f1f9e11598f:c5596]
2019-07-10 10:43:09,822 INFO  client.GrpcClientProtocolClient (GrpcClientProtocolClient.java:onNext(255)) - client-AC1CE418446C->edec9b8f-c318-426f-83f9-f44e945268a2: receive RaftClientReply:client-AC1CE418446C->edec9b8f-c318-426f-83f9-f44e945268a2@group-352661ED3FD5, cid=3714, SUCCESS, logIndex=0, commits[edec9b8f-c318-426f-83f9-f44e945268a2:c5601, 02a03aee-1dd1-43c9-94ca-c76e2a537489:c5600, 9fb73170-bb25-48da-afcf-6f1f9e11598f:c5600]
2019-07-10 10:43:09,852 INFO  client.GrpcClientProtocolClient (GrpcClientProtocolClient.java:onNext(255)) - client-AC1CE418446C->edec9b8f-c318-426f-83f9-f44e945268a2: receive RaftClientReply:client-AC1CE418446C->edec9b8f-c318-426f-83f9-f44e945268a2@group-352661ED3FD5, cid=3715, SUCCESS, logIndex=5602, commits[edec9b8f-c318-426f-83f9-f44e945268a2:c5603, 02a03aee-1dd1-43c9-94ca-c76e2a537489:c5601, 9fb73170-bb25-48da-afcf-6f1f9e11598f:c5601]
2019-07-10 10:43:09,853 INFO  client.GrpcClientProtocolClient (GrpcClientProtocolClient.java:onNext(255)) - client-AC1CE418446C->edec9b8f-c318-426f-83f9-f44e945268a2: receive RaftClientReply:client-AC1CE418446C->edec9b8f-c318-426f-83f9-f44e945268a2@group-352661ED3FD5, cid=3716, SUCCESS, logIndex=5603, commits[edec9b8f-c318-426f-83f9-f44e945268a2:c5603, 02a03aee-1dd1-43c9-94ca-c76e2a537489:c5601, 9fb73170-bb25-48da-afcf-6f1f9e11598f:c5601]
2019-07-10 10:43:09,866 INFO  client.GrpcClientProtocolClient (GrpcClientProtocolClient.java:onNext(255)) - client-AC1CE418446C->edec9b8f-c318-426f-83f9-f44e945268a2: receive RaftClientReply:client-AC1CE418446C->edec9b8f-c318-426f-83f9-f44e945268a2@group-352661ED3FD5, cid=3717, SUCCESS, logIndex=5604, commits[edec9b8f-c318-426f-83f9-f44e945268a2:c5605, 02a03aee-1dd1-43c9-94ca-c76e2a537489:c5601, 9fb73170-bb25-48da-afcf-6f1f9e11598f:c5601]
2019-07-10 10:43:09,867 INFO  client.GrpcClientProtocolClient (GrpcClientProtocolClient.java:onNext(255)) - client-AC1CE418446C->edec9b8f-c318-426f-83f9-f44e945268a2: receive RaftClientReply:client-AC1CE418446C->edec9b8f-c318-426f-83f9-f44e945268a2@group-352661ED3FD5, cid=3718, SUCCESS, logIndex=5605, commits[edec9b8f-c318-426f-83f9-f44e945268a2:c5605, 02a03aee-1dd1-43c9-94ca-c76e2a537489:c5601, 9fb73170-bb25-48da-afcf-6f1f9e11598f:c5601]
2019-07-10 10:43:09,878 INFO  client.GrpcClientProtocolClient (GrpcClientProtocolClient.java:onNext(255)) - client-AC1CE418446C->edec9b8f-c318-426f-83f9-f44e945268a2: receive RaftClientReply:client-AC1CE418446C->edec9b8f-c318-426f-83f9-f44e945268a2@group-352661ED3FD5, cid=3719, SUCCESS, logIndex=0, commits[edec9b8f-c318-426f-83f9-f44e945268a2:c5607, 02a03aee-1dd1-43c9-94ca-c76e2a537489:c5603, 9fb73170-bb25-48da-afcf-6f1f9e11598f:c5603]
2019-07-10 10:43:09,898 INFO  client.GrpcClientProtocolClient (GrpcClientProtocolClient.java:onNext(255)) - client-AC1CE418446C->edec9b8f-c318-426f-83f9-f44e945268a2: receive RaftClientReply:client-AC1CE418446C->edec9b8f-c318-426f-83f9-f44e945268a2@group-352661ED3FD5, cid=3720, SUCCESS, logIndex=5610, commits[edec9b8f-c318-426f-83f9-f44e945268a2:c5611, 02a03aee-1dd1-43c9-94ca-c76e2a537489:c5605, 9fb73170-bb25-48da-afcf-6f1f9e11598f:c5607]
2019-07-10 10:43:09,899 INFO  client.GrpcClientProtocolClient (GrpcClientProtocolClient.java:onNext(255)) - client-AC1CE418446C->edec9b8f-c318-426f-83f9-f44e945268a2: receive RaftClientReply:client-AC1CE418446C->edec9b8f-c318-426f-83f9-f44e945268a2@group-352661ED3FD5, cid=3721, SUCCESS, logIndex=5611, commits[edec9b8f-c318-426f-83f9-f44e945268a2:c5611, 02a03aee-1dd1-43c9-94ca-c76e2a537489:c5605, 9fb73170-bb25-48da-afcf-6f1f9e11598f:c5607]
2019-07-10 10:43:09,910 INFO  client.GrpcClientProtocolClient (GrpcClientProtocolClient.java:onNext(255)) - client-AC1CE418446C->edec9b8f-c318-426f-83f9-f44e945268a2: receive RaftClientReply:client-AC1CE418446C->edec9b8f-c318-426f-83f9-f44e945268a2@group-352661ED3FD5, cid=3722, SUCCESS, logIndex=5613, commits[edec9b8f-c318-426f-83f9-f44e945268a2:c5614, 02a03aee-1dd1-43c9-94ca-c76e2a537489:c5611, 9fb73170-bb25-48da-afcf-6f1f9e11598f:c5611]
2019-07-10 10:43:09,910 INFO  client.GrpcClientProtocolClient (GrpcClientProtocolClient.java:onNext(255)) - client-AC1CE418446C->edec9b8f-c318-426f-83f9-f44e945268a2: receive RaftClientReply:client-AC1CE418446C->edec9b8f-c318-426f-83f9-f44e945268a2@group-352661ED3FD5, cid=3723, SUCCESS, logIndex=5614, commits[edec9b8f-c318-426f-83f9-f44e945268a2:c5614, 02a03aee-1dd1-43c9-94ca-c76e2a537489:c5611, 9fb73170-bb25-48da-afcf-6f1f9e11598f:c5611]
2019-07-10 10:43:09,912 INFO  client.GrpcClientProtocolClient (GrpcClientProtocolClient.java:onNext(255)) - client-AC1CE418446C->edec9b8f-c318-426f-83f9-f44e945268a2: receive RaftClientReply:client-AC1CE418446C->edec9b8f-c318-426f-83f9-f44e945268a2@group-352661ED3FD5, cid=3724, SUCCESS, logIndex=0, commits[edec9b8f-c318-426f-83f9-f44e945268a2:c5615, 02a03aee-1dd1-43c9-94ca-c76e2a537489:c5614, 9fb73170-bb25-48da-afcf-6f1f9e11598f:c5614]
2019-07-10 10:43:09,934 INFO  client.GrpcClientProtocolClient (GrpcClientProtocolClient.java:onNext(255)) - client-AC1CE418446C->edec9b8f-c318-426f-83f9-f44e945268a2: receive RaftClientReply:client-AC1CE418446C->edec9b8f-c318-426f-83f9-f44e945268a2@group-352661ED3FD5, cid=3725, SUCCESS, logIndex=5617, commits[edec9b8f-c318-426f-83f9-f44e945268a2:c5618, 02a03aee-1dd1-43c9-94ca-c76e2a537489:c5616, 9fb73170-bb25-48da-afcf-6f1f9e11598f:c5614]
2019-07-10 10:43:09,936 INFO  client.GrpcClientProtocolClient (GrpcClientProtocolClient.java:onNext(255)) - client-AC1CE418446C->edec9b8f-c318-426f-83f9-f44e945268a2: receive RaftClientReply:client-AC1CE418446C->edec9b8f-c318-426f-83f9-f44e945268a2@group-352661ED3FD5, cid=3726, SUCCESS, logIndex=5618, commits[edec9b8f-c318-426f-83f9-f44e945268a2:c5618, 02a03aee-1dd1-43c9-94ca-c76e2a537489:c5616, 9fb73170-bb25-48da-afcf-6f1f9e11598f:c5614]
2019-07-10 10:43:09,937 INFO  client.GrpcClientProtocolClient (GrpcClientProtocolClient.java:onNext(255)) - client-AC1CE418446C->edec9b8f-c318-426f-83f9-f44e945268a2: receive RaftClientReply:client-AC1CE418446C->edec9b8f-c318-426f-83f9-f44e945268a2@group-352661ED3FD5, cid=3727, SUCCESS, logIndex=5619, commits[edec9b8f-c318-426f-83f9-f44e945268a2:c5620, 02a03aee-1dd1-43c9-94ca-c76e2a537489:c5616, 9fb73170-bb25-48da-afcf-6f1f9e11598f:c5616]
2019-07-10 10:43:09,937 INFO  client.GrpcClientProtocolClient (GrpcClientProtocolClient.java:onNext(255)) - client-AC1CE418446C->edec9b8f-c318-426f-83f9-f44e945268a2: receive RaftClientReply:client-AC1CE418446C->edec9b8f-c318-426f-83f9-f44e945268a2@group-352661ED3FD5, cid=3728, SUCCESS, logIndex=5620, commits[edec9b8f-c318-426f-83f9-f44e945268a2:c5620, 02a03aee-1dd1-43c9-94ca-c76e2a537489:c5616, 9fb73170-bb25-48da-afcf-6f1f9e11598f:c5616]
2019-07-10 10:43:09,942 INFO  client.GrpcClientProtocolClient (GrpcClientProtocolClient.java:onNext(255)) - client-AC1CE418446C->edec9b8f-c318-426f-83f9-f44e945268a2: receive RaftClientReply:client-AC1CE418446C->edec9b8f-c318-426f-83f9-f44e945268a2@group-352661ED3FD5, cid=3729, SUCCESS, logIndex=0, commits[edec9b8f-c318-426f-83f9-f44e945268a2:c5622, 02a03aee-1dd1-43c9-94ca-c76e2a537489:c5618, 9fb73170-bb25-48da-afcf-6f1f9e11598f:c5620]
2019-07-10 10:43:09,952 INFO  client.GrpcClientProtocolClient (GrpcClientProtocolClient.java:onNext(255)) - client-AC1CE418446C->edec9b8f-c318-426f-83f9-f44e945268a2: receive RaftClientReply:client-AC1CE418446C->edec9b8f-c318-426f-83f9-f44e945268a2@group-352661ED3FD5, cid=3730, SUCCESS, logIndex=5625, commits[edec9b8f-c318-426f-83f9-f44e945268a2:c5626, 02a03aee-1dd1-43c9-94ca-c76e2a537489:c5620, 9fb73170-bb25-48da-afcf-6f1f9e11598f:c5624]
2019-07-10 10:43:09,952 INFO  client.GrpcClientProtocolClient (GrpcClientProtocolClient.java:onNext(255)) - client-AC1CE418446C->edec9b8f-c318-426f-83f9-f44e945268a2: receive RaftClientReply:client-AC1CE418446C->edec9b8f-c318-426f-83f9-f44e945268a2@group-352661ED3FD5, cid=3731, SUCCESS, logIndex=5626, commits[edec9b8f-c318-426f-83f9-f44e945268a2:c5626, 02a03aee-1dd1-43c9-94ca-c76e2a537489:c5624, 9fb73170-bb25-48da-afcf-6f1f9e11598f:c5624]
2019-07-10 10:43:09,963 INFO  client.GrpcClientProtocolClient (GrpcClientProtocolClient.java:onNext(255)) - client-AC1CE418446C->edec9b8f-c318-426f-83f9-f44e945268a2: receive RaftClientReply:client-AC1CE418446C->edec9b8f-c318-426f-83f9-f44e945268a2@group-352661ED3FD5, cid=3732, SUCCESS, logIndex=5629, commits[edec9b8f-c318-426f-83f9-f44e945268a2:c5630, 02a03aee-1dd1-43c9-94ca-c76e2a537489:c5627, 9fb73170-bb25-48da-afcf-6f1f9e11598f:c5627]
2019-07-10 10:43:09,963 INFO  client.GrpcClientProtocolClient (GrpcClientProtocolClient.java:onNext(255)) - client-AC1CE418446C->edec9b8f-c318-426f-83f9-f44e945268a2: receive RaftClientReply:client-AC1CE418446C->edec9b8f-c318-426f-83f9-f44e945268a2@group-352661ED3FD5, cid=3733, SUCCESS, logIndex=5630, commits[edec9b8f-c318-426f-83f9-f44e945268a2:c5630, 02a03aee-1dd1-43c9-94ca-c76e2a537489:c5627, 9fb73170-bb25-48da-afcf-6f1f9e11598f:c5627]
2019-07-10 10:43:10,003 INFO  client.GrpcClientProtocolClient (GrpcClientProtocolClient.java:onNext(255)) - client-AC1CE418446C->edec9b8f-c318-426f-83f9-f44e945268a2: receive RaftClientReply:client-AC1CE418446C->edec9b8f-c318-426f-83f9-f44e945268a2@group-352661ED3FD5, cid=3734, SUCCESS, logIndex=0, commits[edec9b8f-c318-426f-83f9-f44e945268a2:c5631, 02a03aee-1dd1-43c9-94ca-c76e2a537489:c5630, 9fb73170-bb25-48da-afcf-6f1f9e11598f:c5630]
2019-07-10 10:43:10,039 INFO  client.GrpcClientProtocolClient (GrpcClientProtocolClient.java:onNext(255)) - client-AC1CE418446C->edec9b8f-c318-426f-83f9-f44e945268a2: receive RaftClientReply:client-AC1CE418446C->edec9b8f-c318-426f-83f9-f44e945268a2@group-352661ED3FD5, cid=3735, SUCCESS, logIndex=5633, commits[edec9b8f-c318-426f-83f9-f44e945268a2:c5634, 02a03aee-1dd1-43c9-94ca-c76e2a537489:c5632, 9fb73170-bb25-48da-afcf-6f1f9e11598f:c5632]
2019-07-10 10:43:10,040 INFO  client.GrpcClientProtocolClient (GrpcClientProtocolClient.java:onNext(255)) - client-AC1CE418446C->edec9b8f-c318-426f-83f9-f44e945268a2: receive RaftClientReply:client-AC1CE418446C->edec9b8f-c318-426f-83f9-f44e945268a2@group-352661ED3FD5, cid=3736, SUCCESS, logIndex=5634, commits[edec9b8f-c318-426f-83f9-f44e945268a2:c5636, 02a03aee-1dd1-43c9-94ca-c76e2a537489:c5632, 9fb73170-bb25-48da-afcf-6f1f9e11598f:c5632]
2019-07-10 10:43:10,040 INFO  client.GrpcClientProtocolClient (GrpcClientProtocolClient.java:onNext(255)) - client-AC1CE418446C->edec9b8f-c318-426f-83f9-f44e945268a2: receive RaftClientReply:client-AC1CE418446C->edec9b8f-c318-426f-83f9-f44e945268a2@group-352661ED3FD5, cid=3737, SUCCESS, logIndex=5635, commits[edec9b8f-c318-426f-83f9-f44e945268a2:c5636, 02a03aee-1dd1-43c9-94ca-c76e2a537489:c5632, 9fb73170-bb25-48da-afcf-6f1f9e11598f:c5632]
2019-07-10 10:43:10,040 INFO  client.GrpcClientProtocolClient (GrpcClientProtocolClient.java:onNext(255)) - client-AC1CE418446C->edec9b8f-c318-426f-83f9-f44e945268a2: receive RaftClientReply:client-AC1CE418446C->edec9b8f-c318-426f-83f9-f44e945268a2@group-352661ED3FD5, cid=3738, SUCCESS, logIndex=5636, commits[edec9b8f-c318-426f-83f9-f44e945268a2:c5636, 02a03aee-1dd1-43c9-94ca-c76e2a537489:c5632, 9fb73170-bb25-48da-afcf-6f1f9e11598f:c5632]
2019-07-10 10:43:10,053 INFO  client.GrpcClientProtocolClient (GrpcClientProtocolClient.java:onNext(255)) - client-AC1CE418446C->edec9b8f-c318-426f-83f9-f44e945268a2: receive RaftClientReply:client-AC1CE418446C->edec9b8f-c318-426f-83f9-f44e945268a2@group-352661ED3FD5, cid=3739, SUCCESS, logIndex=0, commits[edec9b8f-c318-426f-83f9-f44e945268a2:c5639, 02a03aee-1dd1-43c9-94ca-c76e2a537489:c5636, 9fb73170-bb25-48da-afcf-6f1f9e11598f:c5634]
2019-07-10 10:43:10,074 INFO  client.GrpcClientProtocolClient (GrpcClientProtocolClient.java:onNext(255)) - client-AC1CE418446C->edec9b8f-c318-426f-83f9-f44e945268a2: receive RaftClientReply:client-AC1CE418446C->edec9b8f-c318-426f-83f9-f44e945268a2@group-352661ED3FD5, cid=3740, SUCCESS, logIndex=5640, commits[edec9b8f-c318-426f-83f9-f44e945268a2:c5641, 02a03aee-1dd1-43c9-94ca-c76e2a537489:c5639, 9fb73170-bb25-48da-afcf-6f1f9e11598f:c5639]
2019-07-10 10:43:10,074 INFO  client.GrpcClientProtocolClient (GrpcClientProtocolClient.java:onNext(255)) - client-AC1CE418446C->edec9b8f-c318-426f-83f9-f44e945268a2: receive RaftClientReply:client-AC1CE418446C->edec9b8f-c318-426f-83f9-f44e945268a2@group-352661ED3FD5, cid=3741, SUCCESS, logIndex=5641, commits[edec9b8f-c318-426f-83f9-f44e945268a2:c5641, 02a03aee-1dd1-43c9-94ca-c76e2a537489:c5639, 9fb73170-bb25-48da-afcf-6f1f9e11598f:c5639]
2019-07-10 10:43:10,101 INFO  client.GrpcClientProtocolClient (GrpcClientProtocolClient.java:onNext(255)) - client-AC1CE418446C->edec9b8f-c318-426f-83f9-f44e945268a2: receive RaftClientReply:client-AC1CE418446C->edec9b8f-c318-426f-83f9-f44e945268a2@group-352661ED3FD5, cid=3742, SUCCESS, logIndex=5644, commits[edec9b8f-c318-426f-83f9-f44e945268a2:c5645, 02a03aee-1dd1-43c9-94ca-c76e2a537489:c5641, 9fb73170-bb25-48da-afcf-6f1f9e11598f:c5641]
2019-07-10 10:43:10,101 INFO  client.GrpcClientProtocolClient (GrpcClientProtocolClient.java:onNext(255)) - client-AC1CE418446C->edec9b8f-c318-426f-83f9-f44e945268a2: receive RaftClientReply:client-AC1CE418446C->edec9b8f-c318-426f-83f9-f44e945268a2@group-352661ED3FD5, cid=3743, SUCCESS, logIndex=5645, commits[edec9b8f-c318-426f-83f9-f44e945268a2:c5645, 02a03aee-1dd1-43c9-94ca-c76e2a537489:c5641, 9fb73170-bb25-48da-afcf-6f1f9e11598f:c5641]
2019-07-10 10:43:10,115 INFO  client.GrpcClientProtocolClient (GrpcClientProtocolClient.java:onNext(255)) - client-AC1CE418446C->edec9b8f-c318-426f-83f9-f44e945268a2: receive RaftClientReply:client-AC1CE418446C->edec9b8f-c318-426f-83f9-f44e945268a2@group-352661ED3FD5, cid=3744, SUCCESS, logIndex=0, commits[edec9b8f-c318-426f-83f9-f44e945268a2:c5646, 02a03aee-1dd1-43c9-94ca-c76e2a537489:c5645, 9fb73170-bb25-48da-afcf-6f1f9e11598f:c5645]
2019-07-10 10:43:10,147 INFO  client.GrpcClientProtocolClient (GrpcClientProtocolClient.java:onNext(255)) - client-AC1CE418446C->edec9b8f-c318-426f-83f9-f44e945268a2: receive RaftClientReply:client-AC1CE418446C->edec9b8f-c318-426f-83f9-f44e945268a2@group-352661ED3FD5, cid=3745, SUCCESS, logIndex=5648, commits[edec9b8f-c318-426f-83f9-f44e945268a2:c5649, 02a03aee-1dd1-43c9-94ca-c76e2a537489:c5647, 9fb73170-bb25-48da-afcf-6f1f9e11598f:c5647]
2019-07-10 10:43:10,148 INFO  client.GrpcClientProtocolClient (GrpcClientProtocolClient.java:onNext(255)) - client-AC1CE418446C->edec9b8f-c318-426f-83f9-f44e945268a2: receive RaftClientReply:client-AC1CE418446C->edec9b8f-c318-426f-83f9-f44e945268a2@group-352661ED3FD5, cid=3746, SUCCESS, logIndex=5649, commits[edec9b8f-c318-426f-83f9-f44e945268a2:c5649, 02a03aee-1dd1-43c9-94ca-c76e2a537489:c5647, 9fb73170-bb25-48da-afcf-6f1f9e11598f:c5647]
2019-07-10 10:43:10,158 INFO  client.GrpcClientProtocolClient (GrpcClientProtocolClient.java:onNext(255)) - client-AC1CE418446C->edec9b8f-c318-426f-83f9-f44e945268a2: receive RaftClientReply:client-AC1CE418446C->edec9b8f-c318-426f-83f9-f44e945268a2@group-352661ED3FD5, cid=3747, SUCCESS, logIndex=5650, commits[edec9b8f-c318-426f-83f9-f44e945268a2:c5651, 02a03aee-1dd1-43c9-94ca-c76e2a537489:c5647, 9fb73170-bb25-48da-afcf-6f1f9e11598f:c5647]
2019-07-10 10:43:10,158 INFO  client.GrpcClientProtocolClient (GrpcClientProtocolClient.java:onNext(255)) - client-AC1CE418446C->edec9b8f-c318-426f-83f9-f44e945268a2: receive RaftClientReply:client-AC1CE418446C->edec9b8f-c318-426f-83f9-f44e945268a2@group-352661ED3FD5, cid=3748, SUCCESS, logIndex=5651, commits[edec9b8f-c318-426f-83f9-f44e945268a2:c5651, 02a03aee-1dd1-43c9-94ca-c76e2a537489:c5647, 9fb73170-bb25-48da-afcf-6f1f9e11598f:c5647]
2019-07-10 10:43:10,180 INFO  client.GrpcClientProtocolClient (GrpcClientProtocolClient.java:onNext(255)) - client-AC1CE418446C->edec9b8f-c318-426f-83f9-f44e945268a2: receive RaftClientReply:client-AC1CE418446C->edec9b8f-c318-426f-83f9-f44e945268a2@group-352661ED3FD5, cid=3749, SUCCESS, logIndex=0, commits[edec9b8f-c318-426f-83f9-f44e945268a2:c5654, 02a03aee-1dd1-43c9-94ca-c76e2a537489:c5649, 9fb73170-bb25-48da-afcf-6f1f9e11598f:c5651]
2019-07-10 10:43:10,200 INFO  client.GrpcClientProtocolClient (GrpcClientProtocolClient.java:onNext(255)) - client-AC1CE418446C->edec9b8f-c318-426f-83f9-f44e945268a2: receive RaftClientReply:client-AC1CE418446C->edec9b8f-c318-426f-83f9-f44e945268a2@group-352661ED3FD5, cid=3750, SUCCESS, logIndex=5655, commits[edec9b8f-c318-426f-83f9-f44e945268a2:c5656, 02a03aee-1dd1-43c9-94ca-c76e2a537489:c5654, 9fb73170-bb25-48da-afcf-6f1f9e11598f:c5654]
2019-07-10 10:43:10,200 INFO  client.GrpcClientProtocolClient (GrpcClientProtocolClient.java:onNext(255)) - client-AC1CE418446C->edec9b8f-c318-426f-83f9-f44e945268a2: receive RaftClientReply:client-AC1CE418446C->edec9b8f-c318-426f-83f9-f44e945268a2@group-352661ED3FD5, cid=3751, SUCCESS, logIndex=5656, commits[edec9b8f-c318-426f-83f9-f44e945268a2:c5656, 02a03aee-1dd1-43c9-94ca-c76e2a537489:c5654, 9fb73170-bb25-48da-afcf-6f1f9e11598f:c5654]
2019-07-10 10:43:10,227 INFO  client.GrpcClientProtocolClient (GrpcClientProtocolClient.java:onNext(255)) - client-AC1CE418446C->edec9b8f-c318-426f-83f9-f44e945268a2: receive RaftClientReply:client-AC1CE418446C->edec9b8f-c318-426f-83f9-f44e945268a2@group-352661ED3FD5, cid=3752, SUCCESS, logIndex=5659, commits[edec9b8f-c318-426f-83f9-f44e945268a2:c5660, 02a03aee-1dd1-43c9-94ca-c76e2a537489:c5658, 9fb73170-bb25-48da-afcf-6f1f9e11598f:c5658]
2019-07-10 10:43:10,227 INFO  client.GrpcClientProtocolClient (GrpcClientProtocolClient.java:onNext(255)) - client-AC1CE418446C->edec9b8f-c318-426f-83f9-f44e945268a2: receive RaftClientReply:client-AC1CE418446C->edec9b8f-c318-426f-83f9-f44e945268a2@group-352661ED3FD5, cid=3753, SUCCESS, logIndex=5660, commits[edec9b8f-c318-426f-83f9-f44e945268a2:c5660, 02a03aee-1dd1-43c9-94ca-c76e2a537489:c5658, 9fb73170-bb25-48da-afcf-6f1f9e11598f:c5658]
2019-07-10 10:43:10,241 INFO  client.GrpcClientProtocolClient (GrpcClientProtocolClient.java:onNext(255)) - client-AC1CE418446C->edec9b8f-c318-426f-83f9-f44e945268a2: receive RaftClientReply:client-AC1CE418446C->edec9b8f-c318-426f-83f9-f44e945268a2@group-352661ED3FD5, cid=3754, SUCCESS, logIndex=0, commits[edec9b8f-c318-426f-83f9-f44e945268a2:c5661, 02a03aee-1dd1-43c9-94ca-c76e2a537489:c5660, 9fb73170-bb25-48da-afcf-6f1f9e11598f:c5660]
2019-07-10 10:43:10,280 INFO  client.GrpcClientProtocolClient (GrpcClientProtocolClient.java:onNext(255)) - client-AC1CE418446C->edec9b8f-c318-426f-83f9-f44e945268a2: receive RaftClientReply:client-AC1CE418446C->edec9b8f-c318-426f-83f9-f44e945268a2@group-352661ED3FD5, cid=3755, SUCCESS, logIndex=5663, commits[edec9b8f-c318-426f-83f9-f44e945268a2:c5663, 02a03aee-1dd1-43c9-94ca-c76e2a537489:c5660, 9fb73170-bb25-48da-afcf-6f1f9e11598f:c5662]
2019-07-10 10:43:10,280 INFO  client.GrpcClientProtocolClient (GrpcClientProtocolClient.java:onNext(255)) - client-AC1CE418446C->edec9b8f-c318-426f-83f9-f44e945268a2: receive RaftClientReply:client-AC1CE418446C->edec9b8f-c318-426f-83f9-f44e945268a2@group-352661ED3FD5, cid=3756, SUCCESS, logIndex=5664, commits[edec9b8f-c318-426f-83f9-f44e945268a2:c5664, 02a03aee-1dd1-43c9-94ca-c76e2a537489:c5662, 9fb73170-bb25-48da-afcf-6f1f9e11598f:c5662]
2019-07-10 10:43:10,293 INFO  client.GrpcClientProtocolClient (GrpcClientProtocolClient.java:onNext(255)) - client-AC1CE418446C->edec9b8f-c318-426f-83f9-f44e945268a2: receive RaftClientReply:client-AC1CE418446C->edec9b8f-c318-426f-83f9-f44e945268a2@group-352661ED3FD5, cid=3757, SUCCESS, logIndex=5665, commits[edec9b8f-c318-426f-83f9-f44e945268a2:c5665, 02a03aee-1dd1-43c9-94ca-c76e2a537489:c5662, 9fb73170-bb25-48da-afcf-6f1f9e11598f:c5662]
2019-07-10 10:43:10,293 INFO  client.GrpcClientProtocolClient (GrpcClientProtocolClient.java:onNext(255)) - client-AC1CE418446C->edec9b8f-c318-426f-83f9-f44e945268a2: receive RaftClientReply:client-AC1CE418446C->edec9b8f-c318-426f-83f9-f44e945268a2@group-352661ED3FD5, cid=3758, SUCCESS, logIndex=5666, commits[edec9b8f-c318-426f-83f9-f44e945268a2:c5667, 02a03aee-1dd1-43c9-94ca-c76e2a537489:c5662, 9fb73170-bb25-48da-afcf-6f1f9e11598f:c5663]
2019-07-10 10:43:10,305 INFO  client.GrpcClientProtocolClient (GrpcClientProtocolClient.java:onNext(255)) - client-AC1CE418446C->edec9b8f-c318-426f-83f9-f44e945268a2: receive RaftClientReply:client-AC1CE418446C->edec9b8f-c318-426f-83f9-f44e945268a2@group-352661ED3FD5, cid=3759, SUCCESS, logIndex=0, commits[edec9b8f-c318-426f-83f9-f44e945268a2:c5668, 02a03aee-1dd1-43c9-94ca-c76e2a537489:c5664, 9fb73170-bb25-48da-afcf-6f1f9e11598f:c5664]
2019-07-10 10:43:10,332 INFO  client.GrpcClientProtocolClient (GrpcClientProtocolClient.java:onNext(255)) - client-AC1CE418446C->edec9b8f-c318-426f-83f9-f44e945268a2: receive RaftClientReply:client-AC1CE418446C->edec9b8f-c318-426f-83f9-f44e945268a2@group-352661ED3FD5, cid=3760, SUCCESS, logIndex=5671, commits[edec9b8f-c318-426f-83f9-f44e945268a2:c5672, 02a03aee-1dd1-43c9-94ca-c76e2a537489:c5668, 9fb73170-bb25-48da-afcf-6f1f9e11598f:c5668]
2019-07-10 10:43:10,332 INFO  client.GrpcClientProtocolClient (GrpcClientProtocolClient.java:onNext(255)) - client-AC1CE418446C->edec9b8f-c318-426f-83f9-f44e945268a2: receive RaftClientReply:client-AC1CE418446C->edec9b8f-c318-426f-83f9-f44e945268a2@group-352661ED3FD5, cid=3761, SUCCESS, logIndex=5672, commits[edec9b8f-c318-426f-83f9-f44e945268a2:c5672, 02a03aee-1dd1-43c9-94ca-c76e2a537489:c5668, 9fb73170-bb25-48da-afcf-6f1f9e11598f:c5668]
2019-07-10 10:43:10,358 INFO  client.GrpcClientProtocolClient (GrpcClientProtocolClient.java:onNext(255)) - client-AC1CE418446C->edec9b8f-c318-426f-83f9-f44e945268a2: receive RaftClientReply:client-AC1CE418446C->edec9b8f-c318-426f-83f9-f44e945268a2@group-352661ED3FD5, cid=3762, SUCCESS, logIndex=5675, commits[edec9b8f-c318-426f-83f9-f44e945268a2:c5676, 02a03aee-1dd1-43c9-94ca-c76e2a537489:c5672, 9fb73170-bb25-48da-afcf-6f1f9e11598f:c5672]
2019-07-10 10:43:10,359 INFO  client.GrpcClientProtocolClient (GrpcClientProtocolClient.java:onNext(255)) - client-AC1CE418446C->edec9b8f-c318-426f-83f9-f44e945268a2: receive RaftClientReply:client-AC1CE418446C->edec9b8f-c318-426f-83f9-f44e945268a2@group-352661ED3FD5, cid=3763, SUCCESS, logIndex=5676, commits[edec9b8f-c318-426f-83f9-f44e945268a2:c5676, 02a03aee-1dd1-43c9-94ca-c76e2a537489:c5672, 9fb73170-bb25-48da-afcf-6f1f9e11598f:c5672]
2019-07-10 10:43:10,372 INFO  client.GrpcClientProtocolClient (GrpcClientProtocolClient.java:onNext(255)) - client-AC1CE418446C->edec9b8f-c318-426f-83f9-f44e945268a2: receive RaftClientReply:client-AC1CE418446C->edec9b8f-c318-426f-83f9-f44e945268a2@group-352661ED3FD5, cid=3764, SUCCESS, logIndex=0, commits[edec9b8f-c318-426f-83f9-f44e945268a2:c5678, 02a03aee-1dd1-43c9-94ca-c76e2a537489:c5676, 9fb73170-bb25-48da-afcf-6f1f9e11598f:c5676]
 0.00% |█                                                                                                    |  0/1 Time: 0:00:362019-07-10 10:43:10,537 INFO  client.GrpcClientProtocolClient (GrpcClientProtocolClient.java:onNext(255)) - client-AC1CE418446C->edec9b8f-c318-426f-83f9-f44e945268a2: receive RaftClientReply:client-AC1CE418446C->edec9b8f-c318-426f-83f9-f44e945268a2@group-352661ED3FD5, cid=3765, SUCCESS, logIndex=5679, commits[edec9b8f-c318-426f-83f9-f44e945268a2:c5679, 02a03aee-1dd1-43c9-94ca-c76e2a537489:c5678, 9fb73170-bb25-48da-afcf-6f1f9e11598f:c5678]
2019-07-10 10:43:10,537 INFO  client.GrpcClientProtocolClient (GrpcClientProtocolClient.java:onNext(255)) - client-AC1CE418446C->edec9b8f-c318-426f-83f9-f44e945268a2: receive RaftClientReply:client-AC1CE418446C->edec9b8f-c318-426f-83f9-f44e945268a2@group-352661ED3FD5, cid=3766, SUCCESS, logIndex=5680, commits[edec9b8f-c318-426f-83f9-f44e945268a2:c5681, 02a03aee-1dd1-43c9-94ca-c76e2a537489:c5678, 9fb73170-bb25-48da-afcf-6f1f9e11598f:c5678]
2019-07-10 10:43:10,538 INFO  client.GrpcClientProtocolClient (GrpcClientProtocolClient.java:onNext(255)) - client-AC1CE418446C->edec9b8f-c318-426f-83f9-f44e945268a2: receive RaftClientReply:client-AC1CE418446C->edec9b8f-c318-426f-83f9-f44e945268a2@group-352661ED3FD5, cid=3767, SUCCESS, logIndex=5681, commits[edec9b8f-c318-426f-83f9-f44e945268a2:c5681, 02a03aee-1dd1-43c9-94ca-c76e2a537489:c5678, 9fb73170-bb25-48da-afcf-6f1f9e11598f:c5678]
2019-07-10 10:43:10,538 INFO  client.GrpcClientProtocolClient (GrpcClientProtocolClient.java:onNext(255)) - client-AC1CE418446C->edec9b8f-c318-426f-83f9-f44e945268a2: receive RaftClientReply:client-AC1CE418446C->edec9b8f-c318-426f-83f9-f44e945268a2@group-352661ED3FD5, cid=3768, SUCCESS, logIndex=5682, commits[edec9b8f-c318-426f-83f9-f44e945268a2:c5682, 02a03aee-1dd1-43c9-94ca-c76e2a537489:c5678, 9fb73170-bb25-48da-afcf-6f1f9e11598f:c5678]
2019-07-10 10:43:10,554 INFO  client.GrpcClientProtocolClient (GrpcClientProtocolClient.java:onNext(255)) - client-AC1CE418446C->edec9b8f-c318-426f-83f9-f44e945268a2: receive RaftClientReply:client-AC1CE418446C->edec9b8f-c318-426f-83f9-f44e945268a2@group-352661ED3FD5, cid=3769, SUCCESS, logIndex=0, commits[edec9b8f-c318-426f-83f9-f44e945268a2:c5686, 02a03aee-1dd1-43c9-94ca-c76e2a537489:c5682, 9fb73170-bb25-48da-afcf-6f1f9e11598f:c5680]
2019-07-10 10:43:10,575 INFO  client.GrpcClientProtocolClient (GrpcClientProtocolClient.java:onNext(255)) - client-AC1CE418446C->edec9b8f-c318-426f-83f9-f44e945268a2: receive RaftClientReply:client-AC1CE418446C->edec9b8f-c318-426f-83f9-f44e945268a2@group-352661ED3FD5, cid=3770, SUCCESS, logIndex=5687, commits[edec9b8f-c318-426f-83f9-f44e945268a2:c5688, 02a03aee-1dd1-43c9-94ca-c76e2a537489:c5686, 9fb73170-bb25-48da-afcf-6f1f9e11598f:c5686]
2019-07-10 10:43:10,575 INFO  client.GrpcClientProtocolClient (GrpcClientProtocolClient.java:onNext(255)) - client-AC1CE418446C->edec9b8f-c318-426f-83f9-f44e945268a2: receive RaftClientReply:client-AC1CE418446C->edec9b8f-c318-426f-83f9-f44e945268a2@group-352661ED3FD5, cid=3771, SUCCESS, logIndex=5688, commits[edec9b8f-c318-426f-83f9-f44e945268a2:c5688, 02a03aee-1dd1-43c9-94ca-c76e2a537489:c5686, 9fb73170-bb25-48da-afcf-6f1f9e11598f:c5686]
2019-07-10 10:43:10,602 INFO  client.GrpcClientProtocolClient (GrpcClientProtocolClient.java:onNext(255)) - client-AC1CE418446C->edec9b8f-c318-426f-83f9-f44e945268a2: receive RaftClientReply:client-AC1CE418446C->edec9b8f-c318-426f-83f9-f44e945268a2@group-352661ED3FD5, cid=3772, SUCCESS, logIndex=5691, commits[edec9b8f-c318-426f-83f9-f44e945268a2:c5692, 02a03aee-1dd1-43c9-94ca-c76e2a537489:c5688, 9fb73170-bb25-48da-afcf-6f1f9e11598f:c5688]
2019-07-10 10:43:10,602 INFO  client.GrpcClientProtocolClient (GrpcClientProtocolClient.java:onNext(255)) - client-AC1CE418446C->edec9b8f-c318-426f-83f9-f44e945268a2: receive RaftClientReply:client-AC1CE418446C->edec9b8f-c318-426f-83f9-f44e945268a2@group-352661ED3FD5, cid=3773, SUCCESS, logIndex=5692, commits[edec9b8f-c318-426f-83f9-f44e945268a2:c5692, 02a03aee-1dd1-43c9-94ca-c76e2a537489:c5688, 9fb73170-bb25-48da-afcf-6f1f9e11598f:c5688]
2019-07-10 10:43:10,615 INFO  client.GrpcClientProtocolClient (GrpcClientProtocolClient.java:onNext(255)) - client-AC1CE418446C->edec9b8f-c318-426f-83f9-f44e945268a2: receive RaftClientReply:client-AC1CE418446C->edec9b8f-c318-426f-83f9-f44e945268a2@group-352661ED3FD5, cid=3774, SUCCESS, logIndex=0, commits[edec9b8f-c318-426f-83f9-f44e945268a2:c5693, 02a03aee-1dd1-43c9-94ca-c76e2a537489:c5692, 9fb73170-bb25-48da-afcf-6f1f9e11598f:c5692]
2019-07-10 10:43:10,654 INFO  client.GrpcClientProtocolClient (GrpcClientProtocolClient.java:onNext(255)) - client-AC1CE418446C->edec9b8f-c318-426f-83f9-f44e945268a2: receive RaftClientReply:client-AC1CE418446C->edec9b8f-c318-426f-83f9-f44e945268a2@group-352661ED3FD5, cid=3775, SUCCESS, logIndex=5695, commits[edec9b8f-c318-426f-83f9-f44e945268a2:c5697, 02a03aee-1dd1-43c9-94ca-c76e2a537489:c5694, 9fb73170-bb25-48da-afcf-6f1f9e11598f:c5694]
2019-07-10 10:43:10,655 INFO  client.GrpcClientProtocolClient (GrpcClientProtocolClient.java:onNext(255)) - client-AC1CE418446C->edec9b8f-c318-426f-83f9-f44e945268a2: receive RaftClientReply:client-AC1CE418446C->edec9b8f-c318-426f-83f9-f44e945268a2@group-352661ED3FD5, cid=3776, SUCCESS, logIndex=5696, commits[edec9b8f-c318-426f-83f9-f44e945268a2:c5698, 02a03aee-1dd1-43c9-94ca-c76e2a537489:c5694, 9fb73170-bb25-48da-afcf-6f1f9e11598f:c5694]
2019-07-10 10:43:10,655 INFO  client.GrpcClientProtocolClient (GrpcClientProtocolClient.java:onNext(255)) - client-AC1CE418446C->edec9b8f-c318-426f-83f9-f44e945268a2: receive RaftClientReply:client-AC1CE418446C->edec9b8f-c318-426f-83f9-f44e945268a2@group-352661ED3FD5, cid=3777, SUCCESS, logIndex=5697, commits[edec9b8f-c318-426f-83f9-f44e945268a2:c5698, 02a03aee-1dd1-43c9-94ca-c76e2a537489:c5694, 9fb73170-bb25-48da-afcf-6f1f9e11598f:c5694]
2019-07-10 10:43:10,655 INFO  client.GrpcClientProtocolClient (GrpcClientProtocolClient.java:onNext(255)) - client-AC1CE418446C->edec9b8f-c318-426f-83f9-f44e945268a2: receive RaftClientReply:client-AC1CE418446C->edec9b8f-c318-426f-83f9-f44e945268a2@group-352661ED3FD5, cid=3778, SUCCESS, logIndex=5698, commits[edec9b8f-c318-426f-83f9-f44e945268a2:c5698, 02a03aee-1dd1-43c9-94ca-c76e2a537489:c5694, 9fb73170-bb25-48da-afcf-6f1f9e11598f:c5694]
2019-07-10 10:43:10,679 INFO  client.GrpcClientProtocolClient (GrpcClientProtocolClient.java:onNext(255)) - client-AC1CE418446C->edec9b8f-c318-426f-83f9-f44e945268a2: receive RaftClientReply:client-AC1CE418446C->edec9b8f-c318-426f-83f9-f44e945268a2@group-352661ED3FD5, cid=3779, SUCCESS, logIndex=0, commits[edec9b8f-c318-426f-83f9-f44e945268a2:c5699, 02a03aee-1dd1-43c9-94ca-c76e2a537489:c5696, 9fb73170-bb25-48da-afcf-6f1f9e11598f:c5696]
2019-07-10 10:43:10,695 INFO  client.GrpcClientProtocolClient (GrpcClientProtocolClient.java:onNext(255)) - client-AC1CE418446C->edec9b8f-c318-426f-83f9-f44e945268a2: receive RaftClientReply:client-AC1CE418446C->edec9b8f-c318-426f-83f9-f44e945268a2@group-352661ED3FD5, cid=3780, SUCCESS, logIndex=5703, commits[edec9b8f-c318-426f-83f9-f44e945268a2:c5704, 02a03aee-1dd1-43c9-94ca-c76e2a537489:c5702, 9fb73170-bb25-48da-afcf-6f1f9e11598f:c5702]
2019-07-10 10:43:10,696 INFO  client.GrpcClientProtocolClient (GrpcClientProtocolClient.java:onNext(255)) - client-AC1CE418446C->edec9b8f-c318-426f-83f9-f44e945268a2: receive RaftClientReply:client-AC1CE418446C->edec9b8f-c318-426f-83f9-f44e945268a2@group-352661ED3FD5, cid=3781, SUCCESS, logIndex=5704, commits[edec9b8f-c318-426f-83f9-f44e945268a2:c5704, 02a03aee-1dd1-43c9-94ca-c76e2a537489:c5702, 9fb73170-bb25-48da-afcf-6f1f9e11598f:c5702]
2019-07-10 10:43:10,711 INFO  client.GrpcClientProtocolClient (GrpcClientProtocolClient.java:onNext(255)) - client-AC1CE418446C->edec9b8f-c318-426f-83f9-f44e945268a2: receive RaftClientReply:client-AC1CE418446C->edec9b8f-c318-426f-83f9-f44e945268a2@group-352661ED3FD5, cid=3782, SUCCESS, logIndex=5707, commits[edec9b8f-c318-426f-83f9-f44e945268a2:c5708, 02a03aee-1dd1-43c9-94ca-c76e2a537489:c5706, 9fb73170-bb25-48da-afcf-6f1f9e11598f:c5706]
2019-07-10 10:43:10,711 INFO  client.GrpcClientProtocolClient (GrpcClientProtocolClient.java:onNext(255)) - client-AC1CE418446C->edec9b8f-c318-426f-83f9-f44e945268a2: receive RaftClientReply:client-AC1CE418446C->edec9b8f-c318-426f-83f9-f44e945268a2@group-352661ED3FD5, cid=3783, SUCCESS, logIndex=5708, commits[edec9b8f-c318-426f-83f9-f44e945268a2:c5708, 02a03aee-1dd1-43c9-94ca-c76e2a537489:c5706, 9fb73170-bb25-48da-afcf-6f1f9e11598f:c5706]
2019-07-10 10:43:10,712 INFO  client.GrpcClientProtocolClient (GrpcClientProtocolClient.java:onNext(255)) - client-AC1CE418446C->edec9b8f-c318-426f-83f9-f44e945268a2: receive RaftClientReply:client-AC1CE418446C->edec9b8f-c318-426f-83f9-f44e945268a2@group-352661ED3FD5, cid=3784, SUCCESS, logIndex=0, commits[edec9b8f-c318-426f-83f9-f44e945268a2:c5709, 02a03aee-1dd1-43c9-94ca-c76e2a537489:c5708, 9fb73170-bb25-48da-afcf-6f1f9e11598f:c5708]
2019-07-10 10:43:10,745 INFO  client.GrpcClientProtocolClient (GrpcClientProtocolClient.java:onNext(255)) - client-AC1CE418446C->edec9b8f-c318-426f-83f9-f44e945268a2: receive RaftClientReply:client-AC1CE418446C->edec9b8f-c318-426f-83f9-f44e945268a2@group-352661ED3FD5, cid=3785, SUCCESS, logIndex=5711, commits[edec9b8f-c318-426f-83f9-f44e945268a2:c5714, 02a03aee-1dd1-43c9-94ca-c76e2a537489:c5710, 9fb73170-bb25-48da-afcf-6f1f9e11598f:c5710]
2019-07-10 10:43:10,745 INFO  client.GrpcClientProtocolClient (GrpcClientProtocolClient.java:onNext(255)) - client-AC1CE418446C->edec9b8f-c318-426f-83f9-f44e945268a2: receive RaftClientReply:client-AC1CE418446C->edec9b8f-c318-426f-83f9-f44e945268a2@group-352661ED3FD5, cid=3786, SUCCESS, logIndex=5712, commits[edec9b8f-c318-426f-83f9-f44e945268a2:c5714, 02a03aee-1dd1-43c9-94ca-c76e2a537489:c5710, 9fb73170-bb25-48da-afcf-6f1f9e11598f:c5710]
2019-07-10 10:43:10,746 INFO  client.GrpcClientProtocolClient (GrpcClientProtocolClient.java:onNext(255)) - client-AC1CE418446C->edec9b8f-c318-426f-83f9-f44e945268a2: receive RaftClientReply:client-AC1CE418446C->edec9b8f-c318-426f-83f9-f44e945268a2@group-352661ED3FD5, cid=3787, SUCCESS, logIndex=5713, commits[edec9b8f-c318-426f-83f9-f44e945268a2:c5714, 02a03aee-1dd1-43c9-94ca-c76e2a537489:c5710, 9fb73170-bb25-48da-afcf-6f1f9e11598f:c5710]
2019-07-10 10:43:10,746 INFO  client.GrpcClientProtocolClient (GrpcClientProtocolClient.java:onNext(255)) - client-AC1CE418446C->edec9b8f-c318-426f-83f9-f44e945268a2: receive RaftClientReply:client-AC1CE418446C->edec9b8f-c318-426f-83f9-f44e945268a2@group-352661ED3FD5, cid=3788, SUCCESS, logIndex=5714, commits[edec9b8f-c318-426f-83f9-f44e945268a2:c5715, 02a03aee-1dd1-43c9-94ca-c76e2a537489:c5713, 9fb73170-bb25-48da-afcf-6f1f9e11598f:c5710]
2019-07-10 10:43:10,748 INFO  client.GrpcClientProtocolClient (GrpcClientProtocolClient.java:onNext(255)) - client-AC1CE418446C->edec9b8f-c318-426f-83f9-f44e945268a2: receive RaftClientReply:client-AC1CE418446C->edec9b8f-c318-426f-83f9-f44e945268a2@group-352661ED3FD5, cid=3789, SUCCESS, logIndex=0, commits[edec9b8f-c318-426f-83f9-f44e945268a2:c5715, 02a03aee-1dd1-43c9-94ca-c76e2a537489:c5713, 9fb73170-bb25-48da-afcf-6f1f9e11598f:c5714]
2019-07-10 10:43:10,781 INFO  client.GrpcClientProtocolClient (GrpcClientProtocolClient.java:onNext(255)) - client-AC1CE418446C->edec9b8f-c318-426f-83f9-f44e945268a2: receive RaftClientReply:client-AC1CE418446C->edec9b8f-c318-426f-83f9-f44e945268a2@group-352661ED3FD5, cid=3790, SUCCESS, logIndex=5718, commits[edec9b8f-c318-426f-83f9-f44e945268a2:c5719, 02a03aee-1dd1-43c9-94ca-c76e2a537489:c5717, 9fb73170-bb25-48da-afcf-6f1f9e11598f:c5717]
2019-07-10 10:43:10,781 INFO  client.GrpcClientProtocolClient (GrpcClientProtocolClient.java:onNext(255)) - client-AC1CE418446C->edec9b8f-c318-426f-83f9-f44e945268a2: receive RaftClientReply:client-AC1CE418446C->edec9b8f-c318-426f-83f9-f44e945268a2@group-352661ED3FD5, cid=3791, SUCCESS, logIndex=5719, commits[edec9b8f-c318-426f-83f9-f44e945268a2:c5719, 02a03aee-1dd1-43c9-94ca-c76e2a537489:c5717, 9fb73170-bb25-48da-afcf-6f1f9e11598f:c5717]
2019-07-10 10:43:10,809 INFO  client.GrpcClientProtocolClient (GrpcClientProtocolClient.java:onNext(255)) - client-AC1CE418446C->edec9b8f-c318-426f-83f9-f44e945268a2: receive RaftClientReply:client-AC1CE418446C->edec9b8f-c318-426f-83f9-f44e945268a2@group-352661ED3FD5, cid=3792, SUCCESS, logIndex=5722, commits[edec9b8f-c318-426f-83f9-f44e945268a2:c5723, 02a03aee-1dd1-43c9-94ca-c76e2a537489:c5719, 9fb73170-bb25-48da-afcf-6f1f9e11598f:c5719]
2019-07-10 10:43:10,810 INFO  client.GrpcClientProtocolClient (GrpcClientProtocolClient.java:onNext(255)) - client-AC1CE418446C->edec9b8f-c318-426f-83f9-f44e945268a2: receive RaftClientReply:client-AC1CE418446C->edec9b8f-c318-426f-83f9-f44e945268a2@group-352661ED3FD5, cid=3793, SUCCESS, logIndex=5723, commits[edec9b8f-c318-426f-83f9-f44e945268a2:c5723, 02a03aee-1dd1-43c9-94ca-c76e2a537489:c5719, 9fb73170-bb25-48da-afcf-6f1f9e11598f:c5719]
2019-07-10 10:43:10,824 INFO  client.GrpcClientProtocolClient (GrpcClientProtocolClient.java:onNext(255)) - client-AC1CE418446C->edec9b8f-c318-426f-83f9-f44e945268a2: receive RaftClientReply:client-AC1CE418446C->edec9b8f-c318-426f-83f9-f44e945268a2@group-352661ED3FD5, cid=3794, SUCCESS, logIndex=0, commits[edec9b8f-c318-426f-83f9-f44e945268a2:c5724, 02a03aee-1dd1-43c9-94ca-c76e2a537489:c5723, 9fb73170-bb25-48da-afcf-6f1f9e11598f:c5723]
2019-07-10 10:43:10,861 INFO  client.GrpcClientProtocolClient (GrpcClientProtocolClient.java:onNext(255)) - client-AC1CE418446C->edec9b8f-c318-426f-83f9-f44e945268a2: receive RaftClientReply:client-AC1CE418446C->edec9b8f-c318-426f-83f9-f44e945268a2@group-352661ED3FD5, cid=3795, SUCCESS, logIndex=5726, commits[edec9b8f-c318-426f-83f9-f44e945268a2:c5727, 02a03aee-1dd1-43c9-94ca-c76e2a537489:c5725, 9fb73170-bb25-48da-afcf-6f1f9e11598f:c5725]
2019-07-10 10:43:10,861 INFO  client.GrpcClientProtocolClient (GrpcClientProtocolClient.java:onNext(255)) - client-AC1CE418446C->edec9b8f-c318-426f-83f9-f44e945268a2: receive RaftClientReply:client-AC1CE418446C->edec9b8f-c318-426f-83f9-f44e945268a2@group-352661ED3FD5, cid=3796, SUCCESS, logIndex=5727, commits[edec9b8f-c318-426f-83f9-f44e945268a2:c5729, 02a03aee-1dd1-43c9-94ca-c76e2a537489:c5725, 9fb73170-bb25-48da-afcf-6f1f9e11598f:c5725]
2019-07-10 10:43:10,862 INFO  client.GrpcClientProtocolClient (GrpcClientProtocolClient.java:onNext(255)) - client-AC1CE418446C->edec9b8f-c318-426f-83f9-f44e945268a2: receive RaftClientReply:client-AC1CE418446C->edec9b8f-c318-426f-83f9-f44e945268a2@group-352661ED3FD5, cid=3797, SUCCESS, logIndex=5728, commits[edec9b8f-c318-426f-83f9-f44e945268a2:c5729, 02a03aee-1dd1-43c9-94ca-c76e2a537489:c5725, 9fb73170-bb25-48da-afcf-6f1f9e11598f:c5725]
2019-07-10 10:43:10,862 INFO  client.GrpcClientProtocolClient (GrpcClientProtocolClient.java:onNext(255)) - client-AC1CE418446C->edec9b8f-c318-426f-83f9-f44e945268a2: receive RaftClientReply:client-AC1CE418446C->edec9b8f-c318-426f-83f9-f44e945268a2@group-352661ED3FD5, cid=3798, SUCCESS, logIndex=5729, commits[edec9b8f-c318-426f-83f9-f44e945268a2:c5729, 02a03aee-1dd1-43c9-94ca-c76e2a537489:c5725, 9fb73170-bb25-48da-afcf-6f1f9e11598f:c5726]
2019-07-10 10:43:10,875 INFO  client.GrpcClientProtocolClient (GrpcClientProtocolClient.java:onNext(255)) - client-AC1CE418446C->edec9b8f-c318-426f-83f9-f44e945268a2: receive RaftClientReply:client-AC1CE418446C->edec9b8f-c318-426f-83f9-f44e945268a2@group-352661ED3FD5, cid=3799, SUCCESS, logIndex=0, commits[edec9b8f-c318-426f-83f9-f44e945268a2:c5731, 02a03aee-1dd1-43c9-94ca-c76e2a537489:c5727, 9fb73170-bb25-48da-afcf-6f1f9e11598f:c5727]
2019-07-10 10:43:10,901 INFO  client.GrpcClientProtocolClient (GrpcClientProtocolClient.java:onNext(255)) - client-AC1CE418446C->edec9b8f-c318-426f-83f9-f44e945268a2: receive RaftClientReply:client-AC1CE418446C->edec9b8f-c318-426f-83f9-f44e945268a2@group-352661ED3FD5, cid=3800, SUCCESS, logIndex=5733, commits[edec9b8f-c318-426f-83f9-f44e945268a2:c5734, 02a03aee-1dd1-43c9-94ca-c76e2a537489:c5732, 9fb73170-bb25-48da-afcf-6f1f9e11598f:c5732]
2019-07-10 10:43:10,901 INFO  client.GrpcClientProtocolClient (GrpcClientProtocolClient.java:onNext(255)) - client-AC1CE418446C->edec9b8f-c318-426f-83f9-f44e945268a2: receive RaftClientReply:client-AC1CE418446C->edec9b8f-c318-426f-83f9-f44e945268a2@group-352661ED3FD5, cid=3801, SUCCESS, logIndex=5734, commits[edec9b8f-c318-426f-83f9-f44e945268a2:c5734, 02a03aee-1dd1-43c9-94ca-c76e2a537489:c5732, 9fb73170-bb25-48da-afcf-6f1f9e11598f:c5732]
2019-07-10 10:43:10,928 INFO  client.GrpcClientProtocolClient (GrpcClientProtocolClient.java:onNext(255)) - client-AC1CE418446C->edec9b8f-c318-426f-83f9-f44e945268a2: receive RaftClientReply:client-AC1CE418446C->edec9b8f-c318-426f-83f9-f44e945268a2@group-352661ED3FD5, cid=3802, SUCCESS, logIndex=5737, commits[edec9b8f-c318-426f-83f9-f44e945268a2:c5737, 02a03aee-1dd1-43c9-94ca-c76e2a537489:c5734, 9fb73170-bb25-48da-afcf-6f1f9e11598f:c5734]
2019-07-10 10:43:10,928 INFO  client.GrpcClientProtocolClient (GrpcClientProtocolClient.java:onNext(255)) - client-AC1CE418446C->edec9b8f-c318-426f-83f9-f44e945268a2: receive RaftClientReply:client-AC1CE418446C->edec9b8f-c318-426f-83f9-f44e945268a2@group-352661ED3FD5, cid=3803, SUCCESS, logIndex=5738, commits[edec9b8f-c318-426f-83f9-f44e945268a2:c5738, 02a03aee-1dd1-43c9-94ca-c76e2a537489:c5734, 9fb73170-bb25-48da-afcf-6f1f9e11598f:c5734]
2019-07-10 10:43:10,942 INFO  client.GrpcClientProtocolClient (GrpcClientProtocolClient.java:onNext(255)) - client-AC1CE418446C->edec9b8f-c318-426f-83f9-f44e945268a2: receive RaftClientReply:client-AC1CE418446C->edec9b8f-c318-426f-83f9-f44e945268a2@group-352661ED3FD5, cid=3804, SUCCESS, logIndex=0, commits[edec9b8f-c318-426f-83f9-f44e945268a2:c5739, 02a03aee-1dd1-43c9-94ca-c76e2a537489:c5738, 9fb73170-bb25-48da-afcf-6f1f9e11598f:c5738]
2019-07-10 10:43:10,978 INFO  client.GrpcClientProtocolClient (GrpcClientProtocolClient.java:onNext(255)) - client-AC1CE418446C->edec9b8f-c318-426f-83f9-f44e945268a2: receive RaftClientReply:client-AC1CE418446C->edec9b8f-c318-426f-83f9-f44e945268a2@group-352661ED3FD5, cid=3805, SUCCESS, logIndex=5741, commits[edec9b8f-c318-426f-83f9-f44e945268a2:c5742, 02a03aee-1dd1-43c9-94ca-c76e2a537489:c5740, 9fb73170-bb25-48da-afcf-6f1f9e11598f:c5740]
2019-07-10 10:43:10,979 INFO  client.GrpcClientProtocolClient (GrpcClientProtocolClient.java:onNext(255)) - client-AC1CE418446C->edec9b8f-c318-426f-83f9-f44e945268a2: receive RaftClientReply:client-AC1CE418446C->edec9b8f-c318-426f-83f9-f44e945268a2@group-352661ED3FD5, cid=3806, SUCCESS, logIndex=5742, commits[edec9b8f-c318-426f-83f9-f44e945268a2:c5743, 02a03aee-1dd1-43c9-94ca-c76e2a537489:c5740, 9fb73170-bb25-48da-afcf-6f1f9e11598f:c5740]
2019-07-10 10:43:10,979 INFO  client.GrpcClientProtocolClient (GrpcClientProtocolClient.java:onNext(255)) - client-AC1CE418446C->edec9b8f-c318-426f-83f9-f44e945268a2: receive RaftClientReply:client-AC1CE418446C->edec9b8f-c318-426f-83f9-f44e945268a2@group-352661ED3FD5, cid=3807, SUCCESS, logIndex=5743, commits[edec9b8f-c318-426f-83f9-f44e945268a2:c5744, 02a03aee-1dd1-43c9-94ca-c76e2a537489:c5740, 9fb73170-bb25-48da-afcf-6f1f9e11598f:c5740]
2019-07-10 10:43:10,979 INFO  client.GrpcClientProtocolClient (GrpcClientProtocolClient.java:onNext(255)) - client-AC1CE418446C->edec9b8f-c318-426f-83f9-f44e945268a2: receive RaftClientReply:client-AC1CE418446C->edec9b8f-c318-426f-83f9-f44e945268a2@group-352661ED3FD5, cid=3808, SUCCESS, logIndex=5744, commits[edec9b8f-c318-426f-83f9-f44e945268a2:c5744, 02a03aee-1dd1-43c9-94ca-c76e2a537489:c5740, 9fb73170-bb25-48da-afcf-6f1f9e11598f:c5740]
2019-07-10 10:43:10,980 INFO  client.GrpcClientProtocolClient (GrpcClientProtocolClient.java:onNext(255)) - client-AC1CE418446C->edec9b8f-c318-426f-83f9-f44e945268a2: receive RaftClientReply:client-AC1CE418446C->edec9b8f-c318-426f-83f9-f44e945268a2@group-352661ED3FD5, cid=3809, SUCCESS, logIndex=0, commits[edec9b8f-c318-426f-83f9-f44e945268a2:c5746, 02a03aee-1dd1-43c9-94ca-c76e2a537489:c5742, 9fb73170-bb25-48da-afcf-6f1f9e11598f:c5742]
2019-07-10 10:43:10,993 INFO  client.GrpcClientProtocolClient (GrpcClientProtocolClient.java:onNext(255)) - client-AC1CE418446C->edec9b8f-c318-426f-83f9-f44e945268a2: receive RaftClientReply:client-AC1CE418446C->edec9b8f-c318-426f-83f9-f44e945268a2@group-352661ED3FD5, cid=3810, SUCCESS, logIndex=5749, commits[edec9b8f-c318-426f-83f9-f44e945268a2:c5750, 02a03aee-1dd1-43c9-94ca-c76e2a537489:c5744, 9fb73170-bb25-48da-afcf-6f1f9e11598f:c5748]
2019-07-10 10:43:10,994 INFO  client.GrpcClientProtocolClient (GrpcClientProtocolClient.java:onNext(255)) - client-AC1CE418446C->edec9b8f-c318-426f-83f9-f44e945268a2: receive RaftClientReply:client-AC1CE418446C->edec9b8f-c318-426f-83f9-f44e945268a2@group-352661ED3FD5, cid=3811, SUCCESS, logIndex=5750, commits[edec9b8f-c318-426f-83f9-f44e945268a2:c5750, 02a03aee-1dd1-43c9-94ca-c76e2a537489:c5744, 9fb73170-bb25-48da-afcf-6f1f9e11598f:c5748]
2019-07-10 10:43:11,008 INFO  client.GrpcClientProtocolClient (GrpcClientProtocolClient.java:onNext(255)) - client-AC1CE418446C->edec9b8f-c318-426f-83f9-f44e945268a2: receive RaftClientReply:client-AC1CE418446C->edec9b8f-c318-426f-83f9-f44e945268a2@group-352661ED3FD5, cid=3812, SUCCESS, logIndex=5753, commits[edec9b8f-c318-426f-83f9-f44e945268a2:c5754, 02a03aee-1dd1-43c9-94ca-c76e2a537489:c5750, 9fb73170-bb25-48da-afcf-6f1f9e11598f:c5752]
2019-07-10 10:43:11,008 INFO  client.GrpcClientProtocolClient (GrpcClientProtocolClient.java:onNext(255)) - client-AC1CE418446C->edec9b8f-c318-426f-83f9-f44e945268a2: receive RaftClientReply:client-AC1CE418446C->edec9b8f-c318-426f-83f9-f44e945268a2@group-352661ED3FD5, cid=3813, SUCCESS, logIndex=5754, commits[edec9b8f-c318-426f-83f9-f44e945268a2:c5754, 02a03aee-1dd1-43c9-94ca-c76e2a537489:c5752, 9fb73170-bb25-48da-afcf-6f1f9e11598f:c5752]
2019-07-10 10:43:11,014 INFO  client.GrpcClientProtocolClient (GrpcClientProtocolClient.java:onNext(255)) - client-AC1CE418446C->edec9b8f-c318-426f-83f9-f44e945268a2: receive RaftClientReply:client-AC1CE418446C->edec9b8f-c318-426f-83f9-f44e945268a2@group-352661ED3FD5, cid=3814, SUCCESS, logIndex=0, commits[edec9b8f-c318-426f-83f9-f44e945268a2:c5755, 02a03aee-1dd1-43c9-94ca-c76e2a537489:c5754, 9fb73170-bb25-48da-afcf-6f1f9e11598f:c5754]
2019-07-10 10:43:11,044 INFO  client.GrpcClientProtocolClient (GrpcClientProtocolClient.java:onNext(255)) - client-AC1CE418446C->edec9b8f-c318-426f-83f9-f44e945268a2: receive RaftClientReply:client-AC1CE418446C->edec9b8f-c318-426f-83f9-f44e945268a2@group-352661ED3FD5, cid=3815, SUCCESS, logIndex=5757, commits[edec9b8f-c318-426f-83f9-f44e945268a2:c5758, 02a03aee-1dd1-43c9-94ca-c76e2a537489:c5756, 9fb73170-bb25-48da-afcf-6f1f9e11598f:c5756]
2019-07-10 10:43:11,044 INFO  client.GrpcClientProtocolClient (GrpcClientProtocolClient.java:onNext(255)) - client-AC1CE418446C->edec9b8f-c318-426f-83f9-f44e945268a2: receive RaftClientReply:client-AC1CE418446C->edec9b8f-c318-426f-83f9-f44e945268a2@group-352661ED3FD5, cid=3816, SUCCESS, logIndex=5758, commits[edec9b8f-c318-426f-83f9-f44e945268a2:c5760, 02a03aee-1dd1-43c9-94ca-c76e2a537489:c5756, 9fb73170-bb25-48da-afcf-6f1f9e11598f:c5756]
2019-07-10 10:43:11,045 INFO  client.GrpcClientProtocolClient (GrpcClientProtocolClient.java:onNext(255)) - client-AC1CE418446C->edec9b8f-c318-426f-83f9-f44e945268a2: receive RaftClientReply:client-AC1CE418446C->edec9b8f-c318-426f-83f9-f44e945268a2@group-352661ED3FD5, cid=3817, SUCCESS, logIndex=5759, commits[edec9b8f-c318-426f-83f9-f44e945268a2:c5760, 02a03aee-1dd1-43c9-94ca-c76e2a537489:c5756, 9fb73170-bb25-48da-afcf-6f1f9e11598f:c5756]
2019-07-10 10:43:11,045 INFO  client.GrpcClientProtocolClient (GrpcClientProtocolClient.java:onNext(255)) - client-AC1CE418446C->edec9b8f-c318-426f-83f9-f44e945268a2: receive RaftClientReply:client-AC1CE418446C->edec9b8f-c318-426f-83f9-f44e945268a2@group-352661ED3FD5, cid=3818, SUCCESS, logIndex=5760, commits[edec9b8f-c318-426f-83f9-f44e945268a2:c5761, 02a03aee-1dd1-43c9-94ca-c76e2a537489:c5758, 9fb73170-bb25-48da-afcf-6f1f9e11598f:c5756]
2019-07-10 10:43:11,047 INFO  client.GrpcClientProtocolClient (GrpcClientProtocolClient.java:onNext(255)) - client-AC1CE418446C->edec9b8f-c318-426f-83f9-f44e945268a2: receive RaftClientReply:client-AC1CE418446C->edec9b8f-c318-426f-83f9-f44e945268a2@group-352661ED3FD5, cid=3819, SUCCESS, logIndex=0, commits[edec9b8f-c318-426f-83f9-f44e945268a2:c5762, 02a03aee-1dd1-43c9-94ca-c76e2a537489:c5758, 9fb73170-bb25-48da-afcf-6f1f9e11598f:c5758]
2019-07-10 10:43:11,061 INFO  client.GrpcClientProtocolClient (GrpcClientProtocolClient.java:onNext(255)) - client-AC1CE418446C->edec9b8f-c318-426f-83f9-f44e945268a2: receive RaftClientReply:client-AC1CE418446C->edec9b8f-c318-426f-83f9-f44e945268a2@group-352661ED3FD5, cid=3820, SUCCESS, logIndex=5765, commits[edec9b8f-c318-426f-83f9-f44e945268a2:c5766, 02a03aee-1dd1-43c9-94ca-c76e2a537489:c5762, 9fb73170-bb25-48da-afcf-6f1f9e11598f:c5760]
2019-07-10 10:43:11,062 INFO  client.GrpcClientProtocolClient (GrpcClientProtocolClient.java:onNext(255)) - client-AC1CE418446C->edec9b8f-c318-426f-83f9-f44e945268a2: receive RaftClientReply:client-AC1CE418446C->edec9b8f-c318-426f-83f9-f44e945268a2@group-352661ED3FD5, cid=3821, SUCCESS, logIndex=5766, commits[edec9b8f-c318-426f-83f9-f44e945268a2:c5766, 02a03aee-1dd1-43c9-94ca-c76e2a537489:c5762, 9fb73170-bb25-48da-afcf-6f1f9e11598f:c5762]
2019-07-10 10:43:11,076 INFO  client.GrpcClientProtocolClient (GrpcClientProtocolClient.java:onNext(255)) - client-AC1CE418446C->edec9b8f-c318-426f-83f9-f44e945268a2: receive RaftClientReply:client-AC1CE418446C->edec9b8f-c318-426f-83f9-f44e945268a2@group-352661ED3FD5, cid=3822, SUCCESS, logIndex=5768, commits[edec9b8f-c318-426f-83f9-f44e945268a2:c5769, 02a03aee-1dd1-43c9-94ca-c76e2a537489:c5766, 9fb73170-bb25-48da-afcf-6f1f9e11598f:c5766]
2019-07-10 10:43:11,077 INFO  client.GrpcClientProtocolClient (GrpcClientProtocolClient.java:onNext(255)) - client-AC1CE418446C->edec9b8f-c318-426f-83f9-f44e945268a2: receive RaftClientReply:client-AC1CE418446C->edec9b8f-c318-426f-83f9-f44e945268a2@group-352661ED3FD5, cid=3823, SUCCESS, logIndex=5769, commits[edec9b8f-c318-426f-83f9-f44e945268a2:c5769, 02a03aee-1dd1-43c9-94ca-c76e2a537489:c5766, 9fb73170-bb25-48da-afcf-6f1f9e11598f:c5766]
2019-07-10 10:43:11,103 INFO  client.GrpcClientProtocolClient (GrpcClientProtocolClient.java:onNext(255)) - client-AC1CE418446C->edec9b8f-c318-426f-83f9-f44e945268a2: receive RaftClientReply:client-AC1CE418446C->edec9b8f-c318-426f-83f9-f44e945268a2@group-352661ED3FD5, cid=3824, SUCCESS, logIndex=0, commits[edec9b8f-c318-426f-83f9-f44e945268a2:c5771, 02a03aee-1dd1-43c9-94ca-c76e2a537489:c5769, 9fb73170-bb25-48da-afcf-6f1f9e11598f:c5769]
2019-07-10 10:43:11,136 INFO  client.GrpcClientProtocolClient (GrpcClientProtocolClient.java:onNext(255)) - client-AC1CE418446C->edec9b8f-c318-426f-83f9-f44e945268a2: receive RaftClientReply:client-AC1CE418446C->edec9b8f-c318-426f-83f9-f44e945268a2@group-352661ED3FD5, cid=3825, SUCCESS, logIndex=5772, commits[edec9b8f-c318-426f-83f9-f44e945268a2:c5773, 02a03aee-1dd1-43c9-94ca-c76e2a537489:c5771, 9fb73170-bb25-48da-afcf-6f1f9e11598f:c5771]
2019-07-10 10:43:11,137 INFO  client.GrpcClientProtocolClient (GrpcClientProtocolClient.java:onNext(255)) - client-AC1CE418446C->edec9b8f-c318-426f-83f9-f44e945268a2: receive RaftClientReply:client-AC1CE418446C->edec9b8f-c318-426f-83f9-f44e945268a2@group-352661ED3FD5, cid=3826, SUCCESS, logIndex=5773, commits[edec9b8f-c318-426f-83f9-f44e945268a2:c5773, 02a03aee-1dd1-43c9-94ca-c76e2a537489:c5771, 9fb73170-bb25-48da-afcf-6f1f9e11598f:c5771]
2019-07-10 10:43:11,146 INFO  client.GrpcClientProtocolClient (GrpcClientProtocolClient.java:onNext(255)) - client-AC1CE418446C->edec9b8f-c318-426f-83f9-f44e945268a2: receive RaftClientReply:client-AC1CE418446C->edec9b8f-c318-426f-83f9-f44e945268a2@group-352661ED3FD5, cid=3827, SUCCESS, logIndex=5774, commits[edec9b8f-c318-426f-83f9-f44e945268a2:c5775, 02a03aee-1dd1-43c9-94ca-c76e2a537489:c5771, 9fb73170-bb25-48da-afcf-6f1f9e11598f:c5771]
2019-07-10 10:43:11,146 INFO  client.GrpcClientProtocolClient (GrpcClientProtocolClient.java:onNext(255)) - client-AC1CE418446C->edec9b8f-c318-426f-83f9-f44e945268a2: receive RaftClientReply:client-AC1CE418446C->edec9b8f-c318-426f-83f9-f44e945268a2@group-352661ED3FD5, cid=3828, SUCCESS, logIndex=5775, commits[edec9b8f-c318-426f-83f9-f44e945268a2:c5775, 02a03aee-1dd1-43c9-94ca-c76e2a537489:c5771, 9fb73170-bb25-48da-afcf-6f1f9e11598f:c5771]
2019-07-10 10:43:11,148 INFO  client.GrpcClientProtocolClient (GrpcClientProtocolClient.java:onNext(255)) - client-AC1CE418446C->edec9b8f-c318-426f-83f9-f44e945268a2: receive RaftClientReply:client-AC1CE418446C->edec9b8f-c318-426f-83f9-f44e945268a2@group-352661ED3FD5, cid=3829, SUCCESS, logIndex=0, commits[edec9b8f-c318-426f-83f9-f44e945268a2:c5778, 02a03aee-1dd1-43c9-94ca-c76e2a537489:c5773, 9fb73170-bb25-48da-afcf-6f1f9e11598f:c5775]
2019-07-10 10:43:11,169 INFO  client.GrpcClientProtocolClient (GrpcClientProtocolClient.java:onNext(255)) - client-AC1CE418446C->edec9b8f-c318-426f-83f9-f44e945268a2: receive RaftClientReply:client-AC1CE418446C->edec9b8f-c318-426f-83f9-f44e945268a2@group-352661ED3FD5, cid=3830, SUCCESS, logIndex=5779, commits[edec9b8f-c318-426f-83f9-f44e945268a2:c5780, 02a03aee-1dd1-43c9-94ca-c76e2a537489:c5778, 9fb73170-bb25-48da-afcf-6f1f9e11598f:c5778]
2019-07-10 10:43:11,169 INFO  client.GrpcClientProtocolClient (GrpcClientProtocolClient.java:onNext(255)) - client-AC1CE418446C->edec9b8f-c318-426f-83f9-f44e945268a2: receive RaftClientReply:client-AC1CE418446C->edec9b8f-c318-426f-83f9-f44e945268a2@group-352661ED3FD5, cid=3831, SUCCESS, logIndex=5780, commits[edec9b8f-c318-426f-83f9-f44e945268a2:c5780, 02a03aee-1dd1-43c9-94ca-c76e2a537489:c5778, 9fb73170-bb25-48da-afcf-6f1f9e11598f:c5778]
2019-07-10 10:43:11,197 INFO  client.GrpcClientProtocolClient (GrpcClientProtocolClient.java:onNext(255)) - client-AC1CE418446C->edec9b8f-c318-426f-83f9-f44e945268a2: receive RaftClientReply:client-AC1CE418446C->edec9b8f-c318-426f-83f9-f44e945268a2@group-352661ED3FD5, cid=3832, SUCCESS, logIndex=5783, commits[edec9b8f-c318-426f-83f9-f44e945268a2:c5784, 02a03aee-1dd1-43c9-94ca-c76e2a537489:c5780, 9fb73170-bb25-48da-afcf-6f1f9e11598f:c5780]
2019-07-10 10:43:11,197 INFO  client.GrpcClientProtocolClient (GrpcClientProtocolClient.java:onNext(255)) - client-AC1CE418446C->edec9b8f-c318-426f-83f9-f44e945268a2: receive RaftClientReply:client-AC1CE418446C->edec9b8f-c318-426f-83f9-f44e945268a2@group-352661ED3FD5, cid=3833, SUCCESS, logIndex=5784, commits[edec9b8f-c318-426f-83f9-f44e945268a2:c5784, 02a03aee-1dd1-43c9-94ca-c76e2a537489:c5780, 9fb73170-bb25-48da-afcf-6f1f9e11598f:c5780]
2019-07-10 10:43:11,205 INFO  client.GrpcClientProtocolClient (GrpcClientProtocolClient.java:onNext(255)) - client-AC1CE418446C->edec9b8f-c318-426f-83f9-f44e945268a2: receive RaftClientReply:client-AC1CE418446C->edec9b8f-c318-426f-83f9-f44e945268a2@group-352661ED3FD5, cid=3834, SUCCESS, logIndex=0, commits[edec9b8f-c318-426f-83f9-f44e945268a2:c5786, 02a03aee-1dd1-43c9-94ca-c76e2a537489:c5784, 9fb73170-bb25-48da-afcf-6f1f9e11598f:c5784]
 0.00% |█                                                                                                    |  0/1 Time: 0:00:372019-07-10 10:43:11,716 INFO  client.GrpcClientProtocolClient (GrpcClientProtocolClient.java:onNext(255)) - client-AC1CE418446C->edec9b8f-c318-426f-83f9-f44e945268a2: receive RaftClientReply:client-AC1CE418446C->edec9b8f-c318-426f-83f9-f44e945268a2@group-352661ED3FD5, cid=3835, SUCCESS, logIndex=5787, commits[edec9b8f-c318-426f-83f9-f44e945268a2:c5790, 02a03aee-1dd1-43c9-94ca-c76e2a537489:c5786, 9fb73170-bb25-48da-afcf-6f1f9e11598f:c5786]
2019-07-10 10:43:11,717 INFO  client.GrpcClientProtocolClient (GrpcClientProtocolClient.java:onNext(255)) - client-AC1CE418446C->edec9b8f-c318-426f-83f9-f44e945268a2: receive RaftClientReply:client-AC1CE418446C->edec9b8f-c318-426f-83f9-f44e945268a2@group-352661ED3FD5, cid=3836, SUCCESS, logIndex=5788, commits[edec9b8f-c318-426f-83f9-f44e945268a2:c5790, 02a03aee-1dd1-43c9-94ca-c76e2a537489:c5786, 9fb73170-bb25-48da-afcf-6f1f9e11598f:c5786]
2019-07-10 10:43:11,717 INFO  client.GrpcClientProtocolClient (GrpcClientProtocolClient.java:onNext(255)) - client-AC1CE418446C->edec9b8f-c318-426f-83f9-f44e945268a2: receive RaftClientReply:client-AC1CE418446C->edec9b8f-c318-426f-83f9-f44e945268a2@group-352661ED3FD5, cid=3837, SUCCESS, logIndex=5789, commits[edec9b8f-c318-426f-83f9-f44e945268a2:c5790, 02a03aee-1dd1-43c9-94ca-c76e2a537489:c5786, 9fb73170-bb25-48da-afcf-6f1f9e11598f:c5786]
2019-07-10 10:43:11,717 INFO  client.GrpcClientProtocolClient (GrpcClientProtocolClient.java:onNext(255)) - client-AC1CE418446C->edec9b8f-c318-426f-83f9-f44e945268a2: receive RaftClientReply:client-AC1CE418446C->edec9b8f-c318-426f-83f9-f44e945268a2@group-352661ED3FD5, cid=3838, SUCCESS, logIndex=5790, commits[edec9b8f-c318-426f-83f9-f44e945268a2:c5790, 02a03aee-1dd1-43c9-94ca-c76e2a537489:c5786, 9fb73170-bb25-48da-afcf-6f1f9e11598f:c5786]
 0.00% |█                                                                                                    |  0/1 Time: 0:00:38 0.00% |█                                                                                                    |  0/1 Time: 0:00:39 0.00% |█                                                                                                    |  0/1 Time: 0:00:402019-07-10 10:43:14,715 WARN  server.GrpcLogAppender (GrpcLogAppender.java:timeoutAppendRequest(200)) - GrpcLogAppender(edec9b8f-c318-426f-83f9-f44e945268a2->9fb73170-bb25-48da-afcf-6f1f9e11598f): appendEntries Timeout, request=edec9b8f-c318-426f-83f9-f44e945268a2->9fb73170-bb25-48da-afcf-6f1f9e11598f#5831-t1, previous=(t:1, i:5790), leaderCommit=5787, initializing? false, entries: size=1, first=(t:1, i:5791), METADATAENTRY(c5787)
2019-07-10 10:43:14,715 WARN  server.GrpcLogAppender (GrpcLogAppender.java:timeoutAppendRequest(200)) - GrpcLogAppender(edec9b8f-c318-426f-83f9-f44e945268a2->02a03aee-1dd1-43c9-94ca-c76e2a537489): appendEntries Timeout, request=edec9b8f-c318-426f-83f9-f44e945268a2->02a03aee-1dd1-43c9-94ca-c76e2a537489#5831-t1, previous=(t:1, i:5790), leaderCommit=5788, initializing? false, entries: size=1, first=(t:1, i:5791), METADATAENTRY(c5787)
2019-07-10 10:43:14,718 WARN  server.GrpcLogAppender (GrpcLogAppender.java:timeoutAppendRequest(200)) - GrpcLogAppender(edec9b8f-c318-426f-83f9-f44e945268a2->9fb73170-bb25-48da-afcf-6f1f9e11598f): appendEntries Timeout, request=edec9b8f-c318-426f-83f9-f44e945268a2->9fb73170-bb25-48da-afcf-6f1f9e11598f#5832-t1, previous=(t:1, i:5791), leaderCommit=5788, initializing? false, entries: size=1, first=(t:1, i:5792), METADATAENTRY(c5788)
2019-07-10 10:43:14,719 WARN  server.GrpcLogAppender (GrpcLogAppender.java:timeoutAppendRequest(200)) - GrpcLogAppender(edec9b8f-c318-426f-83f9-f44e945268a2->02a03aee-1dd1-43c9-94ca-c76e2a537489): appendEntries Timeout, request=edec9b8f-c318-426f-83f9-f44e945268a2->02a03aee-1dd1-43c9-94ca-c76e2a537489#5832-t1, previous=(t:1, i:5791), leaderCommit=5788, initializing? false, entries: size=1, first=(t:1, i:5792), METADATAENTRY(c5788)
2019-07-10 10:43:14,719 WARN  server.GrpcLogAppender (GrpcLogAppender.java:timeoutAppendRequest(200)) - GrpcLogAppender(edec9b8f-c318-426f-83f9-f44e945268a2->9fb73170-bb25-48da-afcf-6f1f9e11598f): appendEntries Timeout, request=edec9b8f-c318-426f-83f9-f44e945268a2->9fb73170-bb25-48da-afcf-6f1f9e11598f#5833-t1, previous=(t:1, i:5792), leaderCommit=5789, initializing? false, entries: size=1, first=(t:1, i:5793), METADATAENTRY(c5789)
2019-07-10 10:43:14,719 WARN  server.GrpcLogAppender (GrpcLogAppender.java:timeoutAppendRequest(200)) - GrpcLogAppender(edec9b8f-c318-426f-83f9-f44e945268a2->02a03aee-1dd1-43c9-94ca-c76e2a537489): appendEntries Timeout, request=edec9b8f-c318-426f-83f9-f44e945268a2->02a03aee-1dd1-43c9-94ca-c76e2a537489#5833-t1, previous=(t:1, i:5792), leaderCommit=5789, initializing? false, entries: size=1, first=(t:1, i:5793), METADATAENTRY(c5789)
2019-07-10 10:43:14,719 WARN  server.GrpcLogAppender (GrpcLogAppender.java:timeoutAppendRequest(200)) - GrpcLogAppender(edec9b8f-c318-426f-83f9-f44e945268a2->9fb73170-bb25-48da-afcf-6f1f9e11598f): appendEntries Timeout, request=edec9b8f-c318-426f-83f9-f44e945268a2->9fb73170-bb25-48da-afcf-6f1f9e11598f#5834-t1, previous=(t:1, i:5793), leaderCommit=5790, initializing? false, entries: size=1, first=(t:1, i:5794), METADATAENTRY(c5790)
2019-07-10 10:43:14,720 WARN  server.GrpcLogAppender (GrpcLogAppender.java:timeoutAppendRequest(200)) - GrpcLogAppender(edec9b8f-c318-426f-83f9-f44e945268a2->02a03aee-1dd1-43c9-94ca-c76e2a537489): appendEntries Timeout, request=edec9b8f-c318-426f-83f9-f44e945268a2->02a03aee-1dd1-43c9-94ca-c76e2a537489#5834-t1, previous=(t:1, i:5793), leaderCommit=5790, initializing? false, entries: size=1, first=(t:1, i:5794), METADATAENTRY(c5790)
2019-07-10 10:43:15,215 WARN  server.GrpcLogAppender (GrpcLogAppender.java:timeoutAppendRequest(200)) - GrpcLogAppender(edec9b8f-c318-426f-83f9-f44e945268a2->9fb73170-bb25-48da-afcf-6f1f9e11598f): appendEntries Timeout, request=edec9b8f-c318-426f-83f9-f44e945268a2->9fb73170-bb25-48da-afcf-6f1f9e11598f#5835-t1, previous=(t:1, i:5794), leaderCommit=5790, initializing? false, entries: <empty>
2019-07-10 10:43:15,216 WARN  server.GrpcLogAppender (GrpcLogAppender.java:timeoutAppendRequest(200)) - GrpcLogAppender(edec9b8f-c318-426f-83f9-f44e945268a2->02a03aee-1dd1-43c9-94ca-c76e2a537489): appendEntries Timeout, request=edec9b8f-c318-426f-83f9-f44e945268a2->02a03aee-1dd1-43c9-94ca-c76e2a537489#5835-t1, previous=(t:1, i:5794), leaderCommit=5790, initializing? false, entries: <empty>
 0.00% |█                                                                                                    |  0/1 Time: 0:00:412019-07-10 10:43:15,715 WARN  server.GrpcLogAppender (GrpcLogAppender.java:timeoutAppendRequest(200)) - GrpcLogAppender(edec9b8f-c318-426f-83f9-f44e945268a2->9fb73170-bb25-48da-afcf-6f1f9e11598f): appendEntries Timeout, request=edec9b8f-c318-426f-83f9-f44e945268a2->9fb73170-bb25-48da-afcf-6f1f9e11598f#5836-t1, previous=(t:1, i:5794), leaderCommit=5790, initializing? false, entries: <empty>
2019-07-10 10:43:15,716 WARN  server.GrpcLogAppender (GrpcLogAppender.java:timeoutAppendRequest(200)) - GrpcLogAppender(edec9b8f-c318-426f-83f9-f44e945268a2->02a03aee-1dd1-43c9-94ca-c76e2a537489): appendEntries Timeout, request=edec9b8f-c318-426f-83f9-f44e945268a2->02a03aee-1dd1-43c9-94ca-c76e2a537489#5836-t1, previous=(t:1, i:5794), leaderCommit=5790, initializing? false, entries: <empty>
2019-07-10 10:43:16,215 WARN  server.GrpcLogAppender (GrpcLogAppender.java:timeoutAppendRequest(200)) - GrpcLogAppender(edec9b8f-c318-426f-83f9-f44e945268a2->9fb73170-bb25-48da-afcf-6f1f9e11598f): appendEntries Timeout, request=edec9b8f-c318-426f-83f9-f44e945268a2->9fb73170-bb25-48da-afcf-6f1f9e11598f#5837-t1, previous=(t:1, i:5794), leaderCommit=5790, initializing? false, entries: <empty>
2019-07-10 10:43:16,216 WARN  server.GrpcLogAppender (GrpcLogAppender.java:timeoutAppendRequest(200)) - GrpcLogAppender(edec9b8f-c318-426f-83f9-f44e945268a2->02a03aee-1dd1-43c9-94ca-c76e2a537489): appendEntries Timeout, request=edec9b8f-c318-426f-83f9-f44e945268a2->02a03aee-1dd1-43c9-94ca-c76e2a537489#5837-t1, previous=(t:1, i:5794), leaderCommit=5790, initializing? false, entries: <empty>
 0.00% |█                                                                                                    |  0/1 Time: 0:00:422019-07-10 10:43:16,716 WARN  server.GrpcLogAppender (GrpcLogAppender.java:timeoutAppendRequest(200)) - GrpcLogAppender(edec9b8f-c318-426f-83f9-f44e945268a2->9fb73170-bb25-48da-afcf-6f1f9e11598f): appendEntries Timeout, request=edec9b8f-c318-426f-83f9-f44e945268a2->9fb73170-bb25-48da-afcf-6f1f9e11598f#5838-t1, previous=(t:1, i:5794), leaderCommit=5790, initializing? false, entries: <empty>
2019-07-10 10:43:16,717 WARN  server.GrpcLogAppender (GrpcLogAppender.java:timeoutAppendRequest(200)) - GrpcLogAppender(edec9b8f-c318-426f-83f9-f44e945268a2->02a03aee-1dd1-43c9-94ca-c76e2a537489): appendEntries Timeout, request=edec9b8f-c318-426f-83f9-f44e945268a2->02a03aee-1dd1-43c9-94ca-c76e2a537489#5838-t1, previous=(t:1, i:5794), leaderCommit=5790, initializing? false, entries: <empty>
2019-07-10 10:43:16,720 WARN  scm.XceiverClientRatis (XceiverClientRatis.java:watchForCommit(262)) - 3 way commit failed 
java.util.concurrent.TimeoutException
	at java.util.concurrent.CompletableFuture.timedGet(CompletableFuture.java:1771)
	at java.util.concurrent.CompletableFuture.get(CompletableFuture.java:1915)
	at org.apache.hadoop.hdds.scm.XceiverClientRatis.watchForCommit(XceiverClientRatis.java:259)
	at org.apache.hadoop.hdds.scm.storage.CommitWatcher.watchForCommit(CommitWatcher.java:194)
	at org.apache.hadoop.hdds.scm.storage.CommitWatcher.watchOnFirstIndex(CommitWatcher.java:135)
	at org.apache.hadoop.hdds.scm.storage.BlockOutputStream.watchForCommit(BlockOutputStream.java:355)
	at org.apache.hadoop.hdds.scm.storage.BlockOutputStream.handleFullBuffer(BlockOutputStream.java:332)
	at org.apache.hadoop.hdds.scm.storage.BlockOutputStream.write(BlockOutputStream.java:259)
	at org.apache.hadoop.ozone.client.io.BlockOutputStreamEntry.write(BlockOutputStreamEntry.java:129)
	at org.apache.hadoop.ozone.client.io.KeyOutputStream.handleWrite(KeyOutputStream.java:211)
	at org.apache.hadoop.ozone.client.io.KeyOutputStream.write(KeyOutputStream.java:193)
	at org.apache.hadoop.ozone.client.io.OzoneOutputStream.write(OzoneOutputStream.java:49)
	at org.apache.hadoop.ozone.freon.RandomKeyGenerator$KeyProcessor.run(RandomKeyGenerator.java:693)
	at java.util.concurrent.Executors$RunnableAdapter.call(Executors.java:511)
	at java.util.concurrent.FutureTask.run(FutureTask.java:266)
	at java.util.concurrent.ThreadPoolExecutor.runWorker(ThreadPoolExecutor.java:1149)
	at java.util.concurrent.ThreadPoolExecutor$Worker.run(ThreadPoolExecutor.java:624)
	at java.lang.Thread.run(Thread.java:748)
2019-07-10 10:43:16,900 WARN  server.GrpcLogAppender (GrpcLogAppender.java:onNextImpl(250)) - org.apache.ratis.grpc.server.GrpcLogAppender$AppendLogResponseHandler@6f99ed74: Request not found, ignoring reply: edec9b8f-c318-426f-83f9-f44e945268a2<-9fb73170-bb25-48da-afcf-6f1f9e11598f#5831:OK,SUCCESS,nextIndex:5792,term:1,followerCommit:5790
2019-07-10 10:43:16,900 WARN  server.GrpcLogAppender (GrpcLogAppender.java:onNextImpl(250)) - org.apache.ratis.grpc.server.GrpcLogAppender$AppendLogResponseHandler@682d89e6: Request not found, ignoring reply: edec9b8f-c318-426f-83f9-f44e945268a2<-02a03aee-1dd1-43c9-94ca-c76e2a537489#5831:OK,SUCCESS,nextIndex:5792,term:1,followerCommit:5790
2019-07-10 10:43:16,901 WARN  server.GrpcLogAppender (GrpcLogAppender.java:onNextImpl(250)) - org.apache.ratis.grpc.server.GrpcLogAppender$AppendLogResponseHandler@682d89e6: Request not found, ignoring reply: edec9b8f-c318-426f-83f9-f44e945268a2<-02a03aee-1dd1-43c9-94ca-c76e2a537489#5832:OK,SUCCESS,nextIndex:5793,term:1,followerCommit:5790
2019-07-10 10:43:16,902 WARN  server.GrpcLogAppender (GrpcLogAppender.java:onNextImpl(250)) - org.apache.ratis.grpc.server.GrpcLogAppender$AppendLogResponseHandler@682d89e6: Request not found, ignoring reply: edec9b8f-c318-426f-83f9-f44e945268a2<-02a03aee-1dd1-43c9-94ca-c76e2a537489#5833:OK,SUCCESS,nextIndex:5794,term:1,followerCommit:5790
2019-07-10 10:43:16,902 WARN  server.GrpcLogAppender (GrpcLogAppender.java:onNextImpl(250)) - org.apache.ratis.grpc.server.GrpcLogAppender$AppendLogResponseHandler@682d89e6: Request not found, ignoring reply: edec9b8f-c318-426f-83f9-f44e945268a2<-02a03aee-1dd1-43c9-94ca-c76e2a537489#5834:OK,SUCCESS,nextIndex:5795,term:1,followerCommit:5790
2019-07-10 10:43:16,902 WARN  server.GrpcLogAppender (GrpcLogAppender.java:onNextImpl(250)) - org.apache.ratis.grpc.server.GrpcLogAppender$AppendLogResponseHandler@682d89e6: Request not found, ignoring reply: edec9b8f-c318-426f-83f9-f44e945268a2<-02a03aee-1dd1-43c9-94ca-c76e2a537489#5835:OK,SUCCESS,nextIndex:5795,term:1,followerCommit:5790
2019-07-10 10:43:16,902 WARN  server.GrpcLogAppender (GrpcLogAppender.java:onNextImpl(250)) - org.apache.ratis.grpc.server.GrpcLogAppender$AppendLogResponseHandler@682d89e6: Request not found, ignoring reply: edec9b8f-c318-426f-83f9-f44e945268a2<-02a03aee-1dd1-43c9-94ca-c76e2a537489#5836:OK,SUCCESS,nextIndex:5795,term:1,followerCommit:5790
2019-07-10 10:43:16,903 WARN  server.GrpcLogAppender (GrpcLogAppender.java:onNextImpl(250)) - org.apache.ratis.grpc.server.GrpcLogAppender$AppendLogResponseHandler@682d89e6: Request not found, ignoring reply: edec9b8f-c318-426f-83f9-f44e945268a2<-02a03aee-1dd1-43c9-94ca-c76e2a537489#5837:OK,SUCCESS,nextIndex:5795,term:1,followerCommit:5790
2019-07-10 10:43:16,903 WARN  server.GrpcLogAppender (GrpcLogAppender.java:onNextImpl(250)) - org.apache.ratis.grpc.server.GrpcLogAppender$AppendLogResponseHandler@682d89e6: Request not found, ignoring reply: edec9b8f-c318-426f-83f9-f44e945268a2<-02a03aee-1dd1-43c9-94ca-c76e2a537489#5838:OK,SUCCESS,nextIndex:5795,term:1,followerCommit:5790
2019-07-10 10:43:16,904 INFO  client.GrpcClientProtocolClient (GrpcClientProtocolClient.java:onNext(255)) - client-AC1CE418446C->edec9b8f-c318-426f-83f9-f44e945268a2: receive RaftClientReply:client-AC1CE418446C->edec9b8f-c318-426f-83f9-f44e945268a2@group-352661ED3FD5, cid=3840, SUCCESS, logIndex=0, commits[edec9b8f-c318-426f-83f9-f44e945268a2:c5790, 02a03aee-1dd1-43c9-94ca-c76e2a537489:c5790, 9fb73170-bb25-48da-afcf-6f1f9e11598f:c5786]
2019-07-10 10:43:16,907 INFO  scm.XceiverClientRatis (XceiverClientRatis.java:lambda$watchForCommit$7(280)) - Could not commit 5788 to all the nodes. Server 9fb73170-bb25-48da-afcf-6f1f9e11598f has failed. Committed by majority.
2019-07-10 10:43:17,105 WARN  server.GrpcLogAppender (GrpcLogAppender.java:onNextImpl(250)) - org.apache.ratis.grpc.server.GrpcLogAppender$AppendLogResponseHandler@6f99ed74: Request not found, ignoring reply: edec9b8f-c318-426f-83f9-f44e945268a2<-9fb73170-bb25-48da-afcf-6f1f9e11598f#5832:OK,SUCCESS,nextIndex:5793,term:1,followerCommit:5790
2019-07-10 10:43:17,105 WARN  server.GrpcLogAppender (GrpcLogAppender.java:onNextImpl(250)) - org.apache.ratis.grpc.server.GrpcLogAppender$AppendLogResponseHandler@6f99ed74: Request not found, ignoring reply: edec9b8f-c318-426f-83f9-f44e945268a2<-9fb73170-bb25-48da-afcf-6f1f9e11598f#5833:OK,SUCCESS,nextIndex:5794,term:1,followerCommit:5790
2019-07-10 10:43:17,106 WARN  server.GrpcLogAppender (GrpcLogAppender.java:onNextImpl(250)) - org.apache.ratis.grpc.server.GrpcLogAppender$AppendLogResponseHandler@6f99ed74: Request not found, ignoring reply: edec9b8f-c318-426f-83f9-f44e945268a2<-9fb73170-bb25-48da-afcf-6f1f9e11598f#5834:OK,SUCCESS,nextIndex:5795,term:1,followerCommit:5790
2019-07-10 10:43:17,106 WARN  server.GrpcLogAppender (GrpcLogAppender.java:onNextImpl(250)) - org.apache.ratis.grpc.server.GrpcLogAppender$AppendLogResponseHandler@6f99ed74: Request not found, ignoring reply: edec9b8f-c318-426f-83f9-f44e945268a2<-9fb73170-bb25-48da-afcf-6f1f9e11598f#5835:OK,SUCCESS,nextIndex:5795,term:1,followerCommit:5790
2019-07-10 10:43:17,106 WARN  server.GrpcLogAppender (GrpcLogAppender.java:onNextImpl(250)) - org.apache.ratis.grpc.server.GrpcLogAppender$AppendLogResponseHandler@6f99ed74: Request not found, ignoring reply: edec9b8f-c318-426f-83f9-f44e945268a2<-9fb73170-bb25-48da-afcf-6f1f9e11598f#5836:OK,SUCCESS,nextIndex:5795,term:1,followerCommit:5790
2019-07-10 10:43:17,107 WARN  server.GrpcLogAppender (GrpcLogAppender.java:onNextImpl(250)) - org.apache.ratis.grpc.server.GrpcLogAppender$AppendLogResponseHandler@6f99ed74: Request not found, ignoring reply: edec9b8f-c318-426f-83f9-f44e945268a2<-9fb73170-bb25-48da-afcf-6f1f9e11598f#5837:OK,SUCCESS,nextIndex:5795,term:1,followerCommit:5790
2019-07-10 10:43:17,107 WARN  server.GrpcLogAppender (GrpcLogAppender.java:onNextImpl(250)) - org.apache.ratis.grpc.server.GrpcLogAppender$AppendLogResponseHandler@6f99ed74: Request not found, ignoring reply: edec9b8f-c318-426f-83f9-f44e945268a2<-9fb73170-bb25-48da-afcf-6f1f9e11598f#5838:OK,SUCCESS,nextIndex:5795,term:1,followerCommit:5790
2019-07-10 10:43:17,108 INFO  client.GrpcClientProtocolClient (GrpcClientProtocolClient.java:onNext(255)) - client-AC1CE418446C->edec9b8f-c318-426f-83f9-f44e945268a2: receive RaftClientReply:client-AC1CE418446C->edec9b8f-c318-426f-83f9-f44e945268a2@group-352661ED3FD5, cid=3839, SUCCESS, logIndex=0, commits[edec9b8f-c318-426f-83f9-f44e945268a2:c5794, 02a03aee-1dd1-43c9-94ca-c76e2a537489:c5792, 9fb73170-bb25-48da-afcf-6f1f9e11598f:c5790]
2019-07-10 10:43:17,108 INFO  client.GrpcClientProtocolClient (GrpcClientProtocolClient.java:onNext(255)) - client-AC1CE418446C->edec9b8f-c318-426f-83f9-f44e945268a2: receive RaftClientReply:client-AC1CE418446C->edec9b8f-c318-426f-83f9-f44e945268a2@group-352661ED3FD5, cid=3839, SUCCESS, logIndex=0, commits[edec9b8f-c318-426f-83f9-f44e945268a2:c5794, 02a03aee-1dd1-43c9-94ca-c76e2a537489:c5792, 9fb73170-bb25-48da-afcf-6f1f9e11598f:c5790]
 0.00% |█                                                                                                    |  0/1 Time: 0:00:43 0.00% |█                                                                                                    |  0/1 Time: 0:00:44 0.00% |█                                                                                                    |  0/1 Time: 0:00:452019-07-10 10:43:19,915 WARN  server.GrpcLogAppender (GrpcLogAppender.java:timeoutAppendRequest(200)) - GrpcLogAppender(edec9b8f-c318-426f-83f9-f44e945268a2->9fb73170-bb25-48da-afcf-6f1f9e11598f): appendEntries Timeout, request=edec9b8f-c318-426f-83f9-f44e945268a2->9fb73170-bb25-48da-afcf-6f1f9e11598f#5845-t1, previous=(t:1, i:5794), leaderCommit=5792, initializing? false, entries: size=1, first=(t:1, i:5795), STATEMACHINELOGENTRY, client-AC1CE418446C, cid=3841
2019-07-10 10:43:19,915 WARN  server.GrpcLogAppender (GrpcLogAppender.java:timeoutAppendRequest(200)) - GrpcLogAppender(edec9b8f-c318-426f-83f9-f44e945268a2->9fb73170-bb25-48da-afcf-6f1f9e11598f): appendEntries Timeout, request=edec9b8f-c318-426f-83f9-f44e945268a2->9fb73170-bb25-48da-afcf-6f1f9e11598f#5846-t1, previous=(t:1, i:5795), leaderCommit=5792, initializing? false, entries: size=1, first=(t:1, i:5796), STATEMACHINELOGENTRY, client-AC1CE418446C, cid=3842
 0.00% |█                                                                                                    |  0/1 Time: 0:00:462019-07-10 10:43:20,608 WARN  server.GrpcLogAppender (GrpcLogAppender.java:timeoutAppendRequest(200)) - GrpcLogAppender(edec9b8f-c318-426f-83f9-f44e945268a2->9fb73170-bb25-48da-afcf-6f1f9e11598f): appendEntries Timeout, request=edec9b8f-c318-426f-83f9-f44e945268a2->9fb73170-bb25-48da-afcf-6f1f9e11598f#5847-t1, previous=(t:1, i:5796), leaderCommit=5794, initializing? false, entries: <empty>
2019-07-10 10:43:21,108 WARN  server.GrpcLogAppender (GrpcLogAppender.java:timeoutAppendRequest(200)) - GrpcLogAppender(edec9b8f-c318-426f-83f9-f44e945268a2->9fb73170-bb25-48da-afcf-6f1f9e11598f): appendEntries Timeout, request=edec9b8f-c318-426f-83f9-f44e945268a2->9fb73170-bb25-48da-afcf-6f1f9e11598f#5848-t1, previous=(t:1, i:5796), leaderCommit=5794, initializing? false, entries: <empty>
 0.00% |█                                                                                                    |  0/1 Time: 0:00:472019-07-10 10:43:21,609 WARN  server.GrpcLogAppender (GrpcLogAppender.java:timeoutAppendRequest(200)) - GrpcLogAppender(edec9b8f-c318-426f-83f9-f44e945268a2->9fb73170-bb25-48da-afcf-6f1f9e11598f): appendEntries Timeout, request=edec9b8f-c318-426f-83f9-f44e945268a2->9fb73170-bb25-48da-afcf-6f1f9e11598f#5849-t1, previous=(t:1, i:5796), leaderCommit=5794, initializing? false, entries: <empty>
2019-07-10 10:43:22,018 INFO  client.GrpcClientProtocolClient (GrpcClientProtocolClient.java:onNext(255)) - client-AC1CE418446C->02a03aee-1dd1-43c9-94ca-c76e2a537489: receive RaftClientReply:client-AC1CE418446C->02a03aee-1dd1-43c9-94ca-c76e2a537489@group-352661ED3FD5, cid=3841, FAILED org.apache.ratis.protocol.NotLeaderException: Server 02a03aee-1dd1-43c9-94ca-c76e2a537489 is not the leader (edec9b8f-c318-426f-83f9-f44e945268a2:192.168.157.244:34394). Request must be sent to leader., logIndex=0, commits[02a03aee-1dd1-43c9-94ca-c76e2a537489:c5794, edec9b8f-c318-426f-83f9-f44e945268a2:c5794, 9fb73170-bb25-48da-afcf-6f1f9e11598f:c5790]
2019-07-10 10:43:22,109 WARN  server.GrpcLogAppender (GrpcLogAppender.java:timeoutAppendRequest(200)) - GrpcLogAppender(edec9b8f-c318-426f-83f9-f44e945268a2->9fb73170-bb25-48da-afcf-6f1f9e11598f): appendEntries Timeout, request=edec9b8f-c318-426f-83f9-f44e945268a2->9fb73170-bb25-48da-afcf-6f1f9e11598f#5850-t1, previous=(t:1, i:5796), leaderCommit=5794, initializing? false, entries: <empty>
2019-07-10 10:43:22,161 WARN  server.GrpcLogAppender (GrpcLogAppender.java:onNextImpl(250)) - org.apache.ratis.grpc.server.GrpcLogAppender$AppendLogResponseHandler@6f99ed74: Request not found, ignoring reply: edec9b8f-c318-426f-83f9-f44e945268a2<-9fb73170-bb25-48da-afcf-6f1f9e11598f#5845:OK,SUCCESS,nextIndex:5796,term:1,followerCommit:5794
2019-07-10 10:43:22,164 WARN  server.GrpcLogAppender (GrpcLogAppender.java:onNextImpl(250)) - org.apache.ratis.grpc.server.GrpcLogAppender$AppendLogResponseHandler@6f99ed74: Request not found, ignoring reply: edec9b8f-c318-426f-83f9-f44e945268a2<-9fb73170-bb25-48da-afcf-6f1f9e11598f#5846:OK,SUCCESS,nextIndex:5797,term:1,followerCommit:5794
2019-07-10 10:43:22,166 WARN  server.GrpcLogAppender (GrpcLogAppender.java:onNextImpl(250)) - org.apache.ratis.grpc.server.GrpcLogAppender$AppendLogResponseHandler@6f99ed74: Request not found, ignoring reply: edec9b8f-c318-426f-83f9-f44e945268a2<-9fb73170-bb25-48da-afcf-6f1f9e11598f#5847:OK,SUCCESS,nextIndex:5797,term:1,followerCommit:5794
2019-07-10 10:43:22,167 WARN  server.GrpcLogAppender (GrpcLogAppender.java:onNextImpl(250)) - org.apache.ratis.grpc.server.GrpcLogAppender$AppendLogResponseHandler@6f99ed74: Request not found, ignoring reply: edec9b8f-c318-426f-83f9-f44e945268a2<-9fb73170-bb25-48da-afcf-6f1f9e11598f#5848:OK,SUCCESS,nextIndex:5797,term:1,followerCommit:5794
2019-07-10 10:43:22,167 WARN  server.GrpcLogAppender (GrpcLogAppender.java:onNextImpl(250)) - org.apache.ratis.grpc.server.GrpcLogAppender$AppendLogResponseHandler@6f99ed74: Request not found, ignoring reply: edec9b8f-c318-426f-83f9-f44e945268a2<-9fb73170-bb25-48da-afcf-6f1f9e11598f#5849:OK,SUCCESS,nextIndex:5797,term:1,followerCommit:5794
2019-07-10 10:43:22,169 WARN  server.GrpcLogAppender (GrpcLogAppender.java:onNextImpl(250)) - org.apache.ratis.grpc.server.GrpcLogAppender$AppendLogResponseHandler@6f99ed74: Request not found, ignoring reply: edec9b8f-c318-426f-83f9-f44e945268a2<-9fb73170-bb25-48da-afcf-6f1f9e11598f#5850:OK,SUCCESS,nextIndex:5797,term:1,followerCommit:5794
2019-07-10 10:43:22,169 INFO  client.GrpcClientProtocolClient (GrpcClientProtocolClient.java:onNext(255)) - client-AC1CE418446C->edec9b8f-c318-426f-83f9-f44e945268a2: receive RaftClientReply:client-AC1CE418446C->edec9b8f-c318-426f-83f9-f44e945268a2@group-352661ED3FD5, cid=3841, SUCCESS, logIndex=5795, commits[edec9b8f-c318-426f-83f9-f44e945268a2:c5796, 02a03aee-1dd1-43c9-94ca-c76e2a537489:c5794, 9fb73170-bb25-48da-afcf-6f1f9e11598f:c5790]
2019-07-10 10:43:22,177 INFO  client.GrpcClientProtocolClient (GrpcClientProtocolClient.java:onNext(255)) - client-AC1CE418446C->edec9b8f-c318-426f-83f9-f44e945268a2: receive RaftClientReply:client-AC1CE418446C->edec9b8f-c318-426f-83f9-f44e945268a2@group-352661ED3FD5, cid=3842, SUCCESS, logIndex=5796, commits[edec9b8f-c318-426f-83f9-f44e945268a2:c5796, 02a03aee-1dd1-43c9-94ca-c76e2a537489:c5794, 9fb73170-bb25-48da-afcf-6f1f9e11598f:c5790]
 0.00% |█                                                                                                    |  0/1 Time: 0:00:48 0.00% |█                                                                                                    |  0/1 Time: 0:00:49 0.00% |█                                                                                                    |  0/1 Time: 0:00:502019-07-10 10:43:25,185 WARN  server.GrpcLogAppender (GrpcLogAppender.java:timeoutAppendRequest(200)) - GrpcLogAppender(edec9b8f-c318-426f-83f9-f44e945268a2->02a03aee-1dd1-43c9-94ca-c76e2a537489): appendEntries Timeout, request=edec9b8f-c318-426f-83f9-f44e945268a2->02a03aee-1dd1-43c9-94ca-c76e2a537489#5858-t1, previous=(t:1, i:5797), leaderCommit=5796, initializing? false, entries: size=1, first=(t:1, i:5798), STATEMACHINELOGENTRY, client-AC1CE418446C, cid=3843
2019-07-10 10:43:25,185 WARN  server.GrpcLogAppender (GrpcLogAppender.java:timeoutAppendRequest(200)) - GrpcLogAppender(edec9b8f-c318-426f-83f9-f44e945268a2->9fb73170-bb25-48da-afcf-6f1f9e11598f): appendEntries Timeout, request=edec9b8f-c318-426f-83f9-f44e945268a2->9fb73170-bb25-48da-afcf-6f1f9e11598f#5858-t1, previous=(t:1, i:5797), leaderCommit=5796, initializing? false, entries: size=1, first=(t:1, i:5798), STATEMACHINELOGENTRY, client-AC1CE418446C, cid=3843
2019-07-10 10:43:25,185 WARN  server.GrpcLogAppender (GrpcLogAppender.java:timeoutAppendRequest(200)) - GrpcLogAppender(edec9b8f-c318-426f-83f9-f44e945268a2->02a03aee-1dd1-43c9-94ca-c76e2a537489): appendEntries Timeout, request=edec9b8f-c318-426f-83f9-f44e945268a2->02a03aee-1dd1-43c9-94ca-c76e2a537489#5859-t1, previous=(t:1, i:5798), leaderCommit=5796, initializing? false, entries: size=1, first=(t:1, i:5799), STATEMACHINELOGENTRY, client-AC1CE418446C, cid=3844
2019-07-10 10:43:25,186 WARN  server.GrpcLogAppender (GrpcLogAppender.java:timeoutAppendRequest(200)) - GrpcLogAppender(edec9b8f-c318-426f-83f9-f44e945268a2->9fb73170-bb25-48da-afcf-6f1f9e11598f): appendEntries Timeout, request=edec9b8f-c318-426f-83f9-f44e945268a2->9fb73170-bb25-48da-afcf-6f1f9e11598f#5859-t1, previous=(t:1, i:5798), leaderCommit=5796, initializing? false, entries: size=1, first=(t:1, i:5799), STATEMACHINELOGENTRY, client-AC1CE418446C, cid=3844
 0.00% |█                                                                                                    |  0/1 Time: 0:00:512019-07-10 10:43:25,930 WARN  server.GrpcLogAppender (GrpcLogAppender.java:timeoutAppendRequest(200)) - GrpcLogAppender(edec9b8f-c318-426f-83f9-f44e945268a2->9fb73170-bb25-48da-afcf-6f1f9e11598f): appendEntries Timeout, request=edec9b8f-c318-426f-83f9-f44e945268a2->9fb73170-bb25-48da-afcf-6f1f9e11598f#5860-t1, previous=(t:1, i:5799), leaderCommit=5797, initializing? false, entries: <empty>
2019-07-10 10:43:25,930 WARN  server.GrpcLogAppender (GrpcLogAppender.java:timeoutAppendRequest(200)) - GrpcLogAppender(edec9b8f-c318-426f-83f9-f44e945268a2->02a03aee-1dd1-43c9-94ca-c76e2a537489): appendEntries Timeout, request=edec9b8f-c318-426f-83f9-f44e945268a2->02a03aee-1dd1-43c9-94ca-c76e2a537489#5860-t1, previous=(t:1, i:5799), leaderCommit=5797, initializing? false, entries: <empty>
2019-07-10 10:43:26,430 WARN  server.GrpcLogAppender (GrpcLogAppender.java:timeoutAppendRequest(200)) - GrpcLogAppender(edec9b8f-c318-426f-83f9-f44e945268a2->9fb73170-bb25-48da-afcf-6f1f9e11598f): appendEntries Timeout, request=edec9b8f-c318-426f-83f9-f44e945268a2->9fb73170-bb25-48da-afcf-6f1f9e11598f#5861-t1, previous=(t:1, i:5799), leaderCommit=5797, initializing? false, entries: <empty>
2019-07-10 10:43:26,430 WARN  server.GrpcLogAppender (GrpcLogAppender.java:timeoutAppendRequest(200)) - GrpcLogAppender(edec9b8f-c318-426f-83f9-f44e945268a2->02a03aee-1dd1-43c9-94ca-c76e2a537489): appendEntries Timeout, request=edec9b8f-c318-426f-83f9-f44e945268a2->02a03aee-1dd1-43c9-94ca-c76e2a537489#5861-t1, previous=(t:1, i:5799), leaderCommit=5797, initializing? false, entries: <empty>
 0.00% |█                                                                                                    |  0/1 Time: 0:00:522019-07-10 10:43:26,930 WARN  server.GrpcLogAppender (GrpcLogAppender.java:timeoutAppendRequest(200)) - GrpcLogAppender(edec9b8f-c318-426f-83f9-f44e945268a2->9fb73170-bb25-48da-afcf-6f1f9e11598f): appendEntries Timeout, request=edec9b8f-c318-426f-83f9-f44e945268a2->9fb73170-bb25-48da-afcf-6f1f9e11598f#5862-t1, previous=(t:1, i:5799), leaderCommit=5797, initializing? false, entries: <empty>
2019-07-10 10:43:26,930 WARN  server.GrpcLogAppender (GrpcLogAppender.java:timeoutAppendRequest(200)) - GrpcLogAppender(edec9b8f-c318-426f-83f9-f44e945268a2->02a03aee-1dd1-43c9-94ca-c76e2a537489): appendEntries Timeout, request=edec9b8f-c318-426f-83f9-f44e945268a2->02a03aee-1dd1-43c9-94ca-c76e2a537489#5862-t1, previous=(t:1, i:5799), leaderCommit=5797, initializing? false, entries: <empty>
2019-07-10 10:43:27,220 INFO  client.GrpcClientProtocolClient (GrpcClientProtocolClient.java:onNext(255)) - client-AC1CE418446C->02a03aee-1dd1-43c9-94ca-c76e2a537489: receive RaftClientReply:client-AC1CE418446C->02a03aee-1dd1-43c9-94ca-c76e2a537489@group-352661ED3FD5, cid=3843, FAILED org.apache.ratis.protocol.NotLeaderException: Server 02a03aee-1dd1-43c9-94ca-c76e2a537489 is not the leader (edec9b8f-c318-426f-83f9-f44e945268a2:192.168.157.244:34394). Request must be sent to leader., logIndex=0, commits[02a03aee-1dd1-43c9-94ca-c76e2a537489:c5797, edec9b8f-c318-426f-83f9-f44e945268a2:c5797, 9fb73170-bb25-48da-afcf-6f1f9e11598f:c5796]
2019-07-10 10:43:27,433 WARN  server.GrpcLogAppender (GrpcLogAppender.java:timeoutAppendRequest(200)) - GrpcLogAppender(edec9b8f-c318-426f-83f9-f44e945268a2->02a03aee-1dd1-43c9-94ca-c76e2a537489): appendEntries Timeout, request=edec9b8f-c318-426f-83f9-f44e945268a2->02a03aee-1dd1-43c9-94ca-c76e2a537489#5863-t1, previous=(t:1, i:5799), leaderCommit=5797, initializing? false, entries: <empty>
2019-07-10 10:43:27,433 WARN  server.GrpcLogAppender (GrpcLogAppender.java:timeoutAppendRequest(200)) - GrpcLogAppender(edec9b8f-c318-426f-83f9-f44e945268a2->9fb73170-bb25-48da-afcf-6f1f9e11598f): appendEntries Timeout, request=edec9b8f-c318-426f-83f9-f44e945268a2->9fb73170-bb25-48da-afcf-6f1f9e11598f#5863-t1, previous=(t:1, i:5799), leaderCommit=5797, initializing? false, entries: <empty>
2019-07-10 10:43:27,466 WARN  server.GrpcLogAppender (GrpcLogAppender.java:onNextImpl(250)) - org.apache.ratis.grpc.server.GrpcLogAppender$AppendLogResponseHandler@6f99ed74: Request not found, ignoring reply: edec9b8f-c318-426f-83f9-f44e945268a2<-9fb73170-bb25-48da-afcf-6f1f9e11598f#5858:OK,SUCCESS,nextIndex:5799,term:1,followerCommit:5797
2019-07-10 10:43:27,466 WARN  server.GrpcLogAppender (GrpcLogAppender.java:onNextImpl(250)) - org.apache.ratis.grpc.server.GrpcLogAppender$AppendLogResponseHandler@6f99ed74: Request not found, ignoring reply: edec9b8f-c318-426f-83f9-f44e945268a2<-9fb73170-bb25-48da-afcf-6f1f9e11598f#5859:OK,SUCCESS,nextIndex:5800,term:1,followerCommit:5797
2019-07-10 10:43:27,466 WARN  server.GrpcLogAppender (GrpcLogAppender.java:onNextImpl(250)) - org.apache.ratis.grpc.server.GrpcLogAppender$AppendLogResponseHandler@6f99ed74: Request not found, ignoring reply: edec9b8f-c318-426f-83f9-f44e945268a2<-9fb73170-bb25-48da-afcf-6f1f9e11598f#5860:OK,SUCCESS,nextIndex:5800,term:1,followerCommit:5797
2019-07-10 10:43:27,467 WARN  server.GrpcLogAppender (GrpcLogAppender.java:onNextImpl(250)) - org.apache.ratis.grpc.server.GrpcLogAppender$AppendLogResponseHandler@6f99ed74: Request not found, ignoring reply: edec9b8f-c318-426f-83f9-f44e945268a2<-9fb73170-bb25-48da-afcf-6f1f9e11598f#5861:OK,SUCCESS,nextIndex:5800,term:1,followerCommit:5797
2019-07-10 10:43:27,467 WARN  server.GrpcLogAppender (GrpcLogAppender.java:onNextImpl(250)) - org.apache.ratis.grpc.server.GrpcLogAppender$AppendLogResponseHandler@6f99ed74: Request not found, ignoring reply: edec9b8f-c318-426f-83f9-f44e945268a2<-9fb73170-bb25-48da-afcf-6f1f9e11598f#5862:OK,SUCCESS,nextIndex:5800,term:1,followerCommit:5797
2019-07-10 10:43:27,467 WARN  server.GrpcLogAppender (GrpcLogAppender.java:onNextImpl(250)) - org.apache.ratis.grpc.server.GrpcLogAppender$AppendLogResponseHandler@6f99ed74: Request not found, ignoring reply: edec9b8f-c318-426f-83f9-f44e945268a2<-9fb73170-bb25-48da-afcf-6f1f9e11598f#5863:OK,SUCCESS,nextIndex:5800,term:1,followerCommit:5797
2019-07-10 10:43:27,512 INFO  client.GrpcClientProtocolClient (GrpcClientProtocolClient.java:onNext(255)) - client-AC1CE418446C->edec9b8f-c318-426f-83f9-f44e945268a2: receive RaftClientReply:client-AC1CE418446C->edec9b8f-c318-426f-83f9-f44e945268a2@group-352661ED3FD5, cid=3843, SUCCESS, logIndex=5798, commits[edec9b8f-c318-426f-83f9-f44e945268a2:c5799, 02a03aee-1dd1-43c9-94ca-c76e2a537489:c5796, 9fb73170-bb25-48da-afcf-6f1f9e11598f:c5797]
2019-07-10 10:43:27,520 INFO  client.GrpcClientProtocolClient (GrpcClientProtocolClient.java:onNext(255)) - client-AC1CE418446C->edec9b8f-c318-426f-83f9-f44e945268a2: receive RaftClientReply:client-AC1CE418446C->edec9b8f-c318-426f-83f9-f44e945268a2@group-352661ED3FD5, cid=3844, SUCCESS, logIndex=5799, commits[edec9b8f-c318-426f-83f9-f44e945268a2:c5799, 02a03aee-1dd1-43c9-94ca-c76e2a537489:c5796, 9fb73170-bb25-48da-afcf-6f1f9e11598f:c5797]
 0.00% |█                                                                                                    |  0/1 Time: 0:00:532019-07-10 10:43:27,933 WARN  server.GrpcLogAppender (GrpcLogAppender.java:timeoutAppendRequest(200)) - GrpcLogAppender(edec9b8f-c318-426f-83f9-f44e945268a2->02a03aee-1dd1-43c9-94ca-c76e2a537489): appendEntries Timeout, request=edec9b8f-c318-426f-83f9-f44e945268a2->02a03aee-1dd1-43c9-94ca-c76e2a537489#5864-t1, previous=(t:1, i:5799), leaderCommit=5797, initializing? false, entries: <empty>
2019-07-10 10:43:28,114 WARN  server.GrpcLogAppender (GrpcLogAppender.java:onNextImpl(250)) - org.apache.ratis.grpc.server.GrpcLogAppender$AppendLogResponseHandler@682d89e6: Request not found, ignoring reply: edec9b8f-c318-426f-83f9-f44e945268a2<-02a03aee-1dd1-43c9-94ca-c76e2a537489#5858:OK,SUCCESS,nextIndex:5799,term:1,followerCommit:5797
2019-07-10 10:43:28,114 WARN  server.GrpcLogAppender (GrpcLogAppender.java:onNextImpl(250)) - org.apache.ratis.grpc.server.GrpcLogAppender$AppendLogResponseHandler@682d89e6: Request not found, ignoring reply: edec9b8f-c318-426f-83f9-f44e945268a2<-02a03aee-1dd1-43c9-94ca-c76e2a537489#5859:OK,SUCCESS,nextIndex:5800,term:1,followerCommit:5797
2019-07-10 10:43:28,114 WARN  server.GrpcLogAppender (GrpcLogAppender.java:onNextImpl(250)) - org.apache.ratis.grpc.server.GrpcLogAppender$AppendLogResponseHandler@682d89e6: Request not found, ignoring reply: edec9b8f-c318-426f-83f9-f44e945268a2<-02a03aee-1dd1-43c9-94ca-c76e2a537489#5860:OK,SUCCESS,nextIndex:5800,term:1,followerCommit:5797
2019-07-10 10:43:28,115 WARN  server.GrpcLogAppender (GrpcLogAppender.java:onNextImpl(250)) - org.apache.ratis.grpc.server.GrpcLogAppender$AppendLogResponseHandler@682d89e6: Request not found, ignoring reply: edec9b8f-c318-426f-83f9-f44e945268a2<-02a03aee-1dd1-43c9-94ca-c76e2a537489#5861:OK,SUCCESS,nextIndex:5800,term:1,followerCommit:5797
2019-07-10 10:43:28,115 WARN  server.GrpcLogAppender (GrpcLogAppender.java:onNextImpl(250)) - org.apache.ratis.grpc.server.GrpcLogAppender$AppendLogResponseHandler@682d89e6: Request not found, ignoring reply: edec9b8f-c318-426f-83f9-f44e945268a2<-02a03aee-1dd1-43c9-94ca-c76e2a537489#5862:OK,SUCCESS,nextIndex:5800,term:1,followerCommit:5797
2019-07-10 10:43:28,115 WARN  server.GrpcLogAppender (GrpcLogAppender.java:onNextImpl(250)) - org.apache.ratis.grpc.server.GrpcLogAppender$AppendLogResponseHandler@682d89e6: Request not found, ignoring reply: edec9b8f-c318-426f-83f9-f44e945268a2<-02a03aee-1dd1-43c9-94ca-c76e2a537489#5863:OK,SUCCESS,nextIndex:5800,term:1,followerCommit:5797
2019-07-10 10:43:28,115 WARN  server.GrpcLogAppender (GrpcLogAppender.java:onNextImpl(250)) - org.apache.ratis.grpc.server.GrpcLogAppender$AppendLogResponseHandler@682d89e6: Request not found, ignoring reply: edec9b8f-c318-426f-83f9-f44e945268a2<-02a03aee-1dd1-43c9-94ca-c76e2a537489#5864:OK,SUCCESS,nextIndex:5800,term:1,followerCommit:5797
 0.00% |█                                                                                                    |  0/1 Time: 0:00:54 0.00% |█                                                                                                    |  0/1 Time: 0:00:552019-07-10 10:43:30,039 INFO  client.GrpcClientProtocolClient (GrpcClientProtocolClient.java:onNext(255)) - client-AC1CE418446C->edec9b8f-c318-426f-83f9-f44e945268a2: receive RaftClientReply:client-AC1CE418446C->edec9b8f-c318-426f-83f9-f44e945268a2@group-352661ED3FD5, cid=3845, SUCCESS, logIndex=0, commits[edec9b8f-c318-426f-83f9-f44e945268a2:c5799, 02a03aee-1dd1-43c9-94ca-c76e2a537489:c5799, 9fb73170-bb25-48da-afcf-6f1f9e11598f:c5799]
2019-07-10 10:43:30,080 WARN  block.BlockManagerImpl (BlockManagerImpl.java:allocateBlock(192)) - Pipeline creation failed for type:RATIS factor:THREE. Retrying get pipelines call once.
org.apache.hadoop.hdds.scm.pipeline.InsufficientDatanodesException: Cannot create pipeline of factor 3 using 2 nodes.
	at org.apache.hadoop.hdds.scm.pipeline.RatisPipelineProvider.create(RatisPipelineProvider.java:151)
	at org.apache.hadoop.hdds.scm.pipeline.PipelineFactory.create(PipelineFactory.java:57)
	at org.apache.hadoop.hdds.scm.pipeline.SCMPipelineManager.createPipeline(SCMPipelineManager.java:149)
	at org.apache.hadoop.hdds.scm.block.BlockManagerImpl.allocateBlock(BlockManagerImpl.java:190)
	at org.apache.hadoop.hdds.scm.server.SCMBlockProtocolServer.allocateBlock(SCMBlockProtocolServer.java:172)
	at org.apache.hadoop.ozone.protocolPB.ScmBlockLocationProtocolServerSideTranslatorPB.allocateScmBlock(ScmBlockLocationProtocolServerSideTranslatorPB.java:144)
	at org.apache.hadoop.ozone.protocolPB.ScmBlockLocationProtocolServerSideTranslatorPB.send(ScmBlockLocationProtocolServerSideTranslatorPB.java:107)
	at org.apache.hadoop.hdds.protocol.proto.ScmBlockLocationProtocolProtos$ScmBlockLocationProtocolService$2.callBlockingMethod(ScmBlockLocationProtocolProtos.java:11281)
	at org.apache.hadoop.ipc.ProtobufRpcEngine$Server$ProtoBufRpcInvoker.call(ProtobufRpcEngine.java:524)
	at org.apache.hadoop.ipc.RPC$Server.call(RPC.java:1025)
	at org.apache.hadoop.ipc.Server$RpcCall.run(Server.java:876)
	at org.apache.hadoop.ipc.Server$RpcCall.run(Server.java:822)
	at java.security.AccessController.doPrivileged(Native Method)
	at javax.security.auth.Subject.doAs(Subject.java:422)
	at org.apache.hadoop.security.UserGroupInformation.doAs(UserGroupInformation.java:1730)
	at org.apache.hadoop.ipc.Server$Handler.run(Server.java:2682)
2019-07-10 10:43:30,081 INFO  block.BlockManagerImpl (BlockManagerImpl.java:allocateBlock(198)) - Could not find available pipeline of type:RATIS and factor:THREE even after retrying
2019-07-10 10:43:30,082 ERROR block.BlockManagerImpl (BlockManagerImpl.java:allocateBlock(222)) - Unable to allocate a block for the size: 4194304, type: RATIS, factor: THREE
10:43:30.089 [IPC Server handler 19 on 44092] ERROR OMAudit - user=jenkins1000 | ip=127.0.0.1 | op=ALLOCATE_BLOCK {volume=vol-0-94578, bucket=bucket-0-91437, key=key-0-43949, dataSize=0, replicationType=null, replicationFactor=null, keyLocationInfo=null, clientID=102416734884987282} | ret=FAILURE
org.apache.hadoop.hdds.scm.exceptions.SCMException: Allocated 0 blocks. Requested 1 blocks
	at org.apache.hadoop.hdds.scm.protocolPB.ScmBlockLocationProtocolClientSideTranslatorPB.handleError(ScmBlockLocationProtocolClientSideTranslatorPB.java:113) ~[classes/:?]
	at org.apache.hadoop.hdds.scm.protocolPB.ScmBlockLocationProtocolClientSideTranslatorPB.allocateBlock(ScmBlockLocationProtocolClientSideTranslatorPB.java:151) ~[classes/:?]
	at sun.reflect.GeneratedMethodAccessor55.invoke(Unknown Source) ~[?:?]
	at sun.reflect.DelegatingMethodAccessorImpl.invoke(DelegatingMethodAccessorImpl.java:43) ~[?:1.8.0_212]
	at java.lang.reflect.Method.invoke(Method.java:498) ~[?:1.8.0_212]
	at org.apache.hadoop.hdds.tracing.TraceAllMethod.invoke(TraceAllMethod.java:66) ~[classes/:?]
	at com.sun.proxy.$Proxy27.allocateBlock(Unknown Source) ~[?:?]
	at org.apache.hadoop.ozone.om.KeyManagerImpl.allocateBlock(KeyManagerImpl.java:348) ~[classes/:?]
	at org.apache.hadoop.ozone.om.KeyManagerImpl.allocateBlock(KeyManagerImpl.java:316) ~[classes/:?]
	at org.apache.hadoop.ozone.om.OzoneManager.allocateBlock(OzoneManager.java:2291) [classes/:?]
	at org.apache.hadoop.ozone.protocolPB.OzoneManagerRequestHandler.allocateBlock(OzoneManagerRequestHandler.java:756) [classes/:?]
	at org.apache.hadoop.ozone.protocolPB.OzoneManagerRequestHandler.handle(OzoneManagerRequestHandler.java:249) [classes/:?]
	at org.apache.hadoop.ozone.protocolPB.OzoneManagerProtocolServerSideTranslatorPB.submitRequestDirectlyToOM(OzoneManagerProtocolServerSideTranslatorPB.java:192) [classes/:?]
	at org.apache.hadoop.ozone.protocolPB.OzoneManagerProtocolServerSideTranslatorPB.submitRequest(OzoneManagerProtocolServerSideTranslatorPB.java:110) [classes/:?]
	at org.apache.hadoop.ozone.protocol.proto.OzoneManagerProtocolProtos$OzoneManagerService$2.callBlockingMethod(OzoneManagerProtocolProtos.java) [classes/:?]
	at org.apache.hadoop.ipc.ProtobufRpcEngine$Server$ProtoBufRpcInvoker.call(ProtobufRpcEngine.java:524) [hadoop-common-3.2.0.jar:?]
	at org.apache.hadoop.ipc.RPC$Server.call(RPC.java:1025) [hadoop-common-3.2.0.jar:?]
	at org.apache.hadoop.ipc.Server$RpcCall.run(Server.java:876) [hadoop-common-3.2.0.jar:?]
	at org.apache.hadoop.ipc.Server$RpcCall.run(Server.java:822) [hadoop-common-3.2.0.jar:?]
	at java.security.AccessController.doPrivileged(Native Method) [?:1.8.0_212]
	at javax.security.auth.Subject.doAs(Subject.java:422) [?:1.8.0_212]
	at org.apache.hadoop.security.UserGroupInformation.doAs(UserGroupInformation.java:1730) [hadoop-common-3.2.0.jar:?]
	at org.apache.hadoop.ipc.Server$Handler.run(Server.java:2682) [hadoop-common-3.2.0.jar:?]
2019-07-10 10:43:30,114 ERROR io.BlockOutputStreamEntryPool (BlockOutputStreamEntryPool.java:allocateBlockIfNeeded(299)) - Try to allocate more blocks for write failed, already allocated 0 blocks for this write.
INTERNAL_ERROR org.apache.hadoop.ozone.om.exceptions.OMException: Allocated 0 blocks. Requested 1 blocks
	at org.apache.hadoop.ozone.om.protocolPB.OzoneManagerProtocolClientSideTranslatorPB.handleError(OzoneManagerProtocolClientSideTranslatorPB.java:720)
	at org.apache.hadoop.ozone.om.protocolPB.OzoneManagerProtocolClientSideTranslatorPB.allocateBlock(OzoneManagerProtocolClientSideTranslatorPB.java:752)
	at org.apache.hadoop.ozone.client.io.BlockOutputStreamEntryPool.allocateNewBlock(BlockOutputStreamEntryPool.java:248)
	at org.apache.hadoop.ozone.client.io.BlockOutputStreamEntryPool.allocateBlockIfNeeded(BlockOutputStreamEntryPool.java:296)
	at org.apache.hadoop.ozone.client.io.KeyOutputStream.handleWrite(KeyOutputStream.java:201)
	at org.apache.hadoop.ozone.client.io.KeyOutputStream.write(KeyOutputStream.java:193)
	at org.apache.hadoop.ozone.client.io.OzoneOutputStream.write(OzoneOutputStream.java:49)
	at org.apache.hadoop.ozone.freon.RandomKeyGenerator$KeyProcessor.run(RandomKeyGenerator.java:693)
	at java.util.concurrent.Executors$RunnableAdapter.call(Executors.java:511)
	at java.util.concurrent.FutureTask.run(FutureTask.java:266)
	at java.util.concurrent.ThreadPoolExecutor.runWorker(ThreadPoolExecutor.java:1149)
	at java.util.concurrent.ThreadPoolExecutor$Worker.run(ThreadPoolExecutor.java:624)
	at java.lang.Thread.run(Thread.java:748)
2019-07-10 10:43:30,115 ERROR freon.RandomKeyGenerator (RandomKeyGenerator.java:run(718)) - Exception while adding key: key-0-43949 in bucket: bucket-0-91437 of volume: vol-0-94578.
INTERNAL_ERROR org.apache.hadoop.ozone.om.exceptions.OMException: Allocated 0 blocks. Requested 1 blocks
	at org.apache.hadoop.ozone.om.protocolPB.OzoneManagerProtocolClientSideTranslatorPB.handleError(OzoneManagerProtocolClientSideTranslatorPB.java:720)
	at org.apache.hadoop.ozone.om.protocolPB.OzoneManagerProtocolClientSideTranslatorPB.allocateBlock(OzoneManagerProtocolClientSideTranslatorPB.java:752)
	at org.apache.hadoop.ozone.client.io.BlockOutputStreamEntryPool.allocateNewBlock(BlockOutputStreamEntryPool.java:248)
	at org.apache.hadoop.ozone.client.io.BlockOutputStreamEntryPool.allocateBlockIfNeeded(BlockOutputStreamEntryPool.java:296)
	at org.apache.hadoop.ozone.client.io.KeyOutputStream.handleWrite(KeyOutputStream.java:201)
	at org.apache.hadoop.ozone.client.io.KeyOutputStream.write(KeyOutputStream.java:193)
	at org.apache.hadoop.ozone.client.io.OzoneOutputStream.write(OzoneOutputStream.java:49)
	at org.apache.hadoop.ozone.freon.RandomKeyGenerator$KeyProcessor.run(RandomKeyGenerator.java:693)
	at java.util.concurrent.Executors$RunnableAdapter.call(Executors.java:511)
	at java.util.concurrent.FutureTask.run(FutureTask.java:266)
	at java.util.concurrent.ThreadPoolExecutor.runWorker(ThreadPoolExecutor.java:1149)
	at java.util.concurrent.ThreadPoolExecutor$Worker.run(ThreadPoolExecutor.java:624)
	at java.lang.Thread.run(Thread.java:748)
 0.00% |█                                                                                                    |  0/1 Time: 0:00:56 0.00% |█                                                                                                    |  0/1 Time: 0:00:57 0.00% |█                                                                                                    |  0/1 Time: 0:00:58 0.00% |█                                                                                                    |  0/1 Time: 0:00:59 100.00% |█████████████████████████████████████████████████████████████████████████████████████████████████████|  1/1 Time: 0:01:00
]]></system-out>
  </testcase>
  <testcase name="multiThread" classname="org.apache.hadoop.ozone.freon.TestRandomKeyGenerator" time="20.035"/>
</testsuite>