<?xml version="1.0" encoding="UTF-8"?>
<testsuite xmlns:xsi="http://www.w3.org/2001/XMLSchema-instance" xsi:noNamespaceSchemaLocation="https://maven.apache.org/surefire/maven-surefire-plugin/xsd/surefire-test-report.xsd" name="org.apache.hadoop.ozone.freon.TestRandomKeyGenerator" time="252.424" tests="6" errors="1" skipped="0" failures="0">
  <properties>
    <property name="awt.toolkit" value="sun.awt.X11.XToolkit"/>
    <property name="file.encoding.pkg" value="sun.io"/>
    <property name="java.specification.version" value="1.8"/>
    <property name="sun.cpu.isalist" value=""/>
    <property name="sun.jnu.encoding" value="UTF-8"/>
    <property name="java.class.path" value="/workdir/hadoop-ozone/tools/target/test-classes:/workdir/hadoop-ozone/tools/target/classes:/home/user/.m2/repository/org/apache/hadoop/hadoop-ozone-ozone-manager/0.5.0-SNAPSHOT/hadoop-ozone-ozone-manager-0.5.0-SNAPSHOT.jar:/home/user/.m2/repository/org/apache/hadoop/hadoop-hdds-docs/0.5.0-SNAPSHOT/hadoop-hdds-docs-0.5.0-SNAPSHOT.jar:/home/user/.m2/repository/org/bouncycastle/bcprov-jdk15on/1.60/bcprov-jdk15on-1.60.jar:/home/user/.m2/repository/org/apache/hadoop/hadoop-ozone-common/0.5.0-SNAPSHOT/hadoop-ozone-common-0.5.0-SNAPSHOT.jar:/home/user/.m2/repository/org/apache/commons/commons-compress/1.4.1/commons-compress-1.4.1.jar:/home/user/.m2/repository/org/tukaani/xz/1.0/xz-1.0.jar:/home/user/.m2/repository/org/apache/hadoop/hadoop-hdfs-client/3.2.0/hadoop-hdfs-client-3.2.0.jar:/home/user/.m2/repository/com/fasterxml/jackson/core/jackson-annotations/2.9.9/jackson-annotations-2.9.9.jar:/home/user/.m2/repository/org/apache/hadoop/hadoop-hdds-common/0.5.0-SNAPSHOT/hadoop-hdds-common-0.5.0-SNAPSHOT.jar:/home/user/.m2/repository/org/apache/hadoop/hadoop-hdds-config/0.5.0-SNAPSHOT/hadoop-hdds-config-0.5.0-SNAPSHOT.jar:/home/user/.m2/repository/javax/annotation/javax.annotation-api/1.2/javax.annotation-api-1.2.jar:/home/user/.m2/repository/org/apache/ratis/ratis-server/0.4.0/ratis-server-0.4.0.jar:/home/user/.m2/repository/org/apache/ratis/ratis-thirdparty-misc/0.2.0/ratis-thirdparty-misc-0.2.0.jar:/home/user/.m2/repository/org/apache/ratis/ratis-proto/0.4.0/ratis-proto-0.4.0.jar:/home/user/.m2/repository/org/apache/ratis/ratis-common/0.4.0/ratis-common-0.4.0.jar:/home/user/.m2/repository/org/apache/ratis/ratis-client/0.4.0/ratis-client-0.4.0.jar:/home/user/.m2/repository/org/apache/ratis/ratis-metrics/0.4.0/ratis-metrics-0.4.0.jar:/home/user/.m2/repository/com/github/joshelser/dropwizard-metrics-hadoop-metrics2-reporter/0.1.2/dropwizard-metrics-hadoop-metrics2-reporter-0.1.2.jar:/home/user/.m2/repository/io/dropwizard/metrics/metrics-jvm/3.2.5/metrics-jvm-3.2.5.jar:/home/user/.m2/repository/io/dropwizard/metrics/metrics-ganglia/3.2.5/metrics-ganglia-3.2.5.jar:/home/user/.m2/repository/info/ganglia/gmetric4j/gmetric4j/1.0.7/gmetric4j-1.0.7.jar:/home/user/.m2/repository/org/apache/ratis/ratis-netty/0.4.0/ratis-netty-0.4.0.jar:/home/user/.m2/repository/org/apache/ratis/ratis-grpc/0.4.0/ratis-grpc-0.4.0.jar:/home/user/.m2/repository/org/rocksdb/rocksdbjni/6.0.1/rocksdbjni-6.0.1.jar:/home/user/.m2/repository/org/apache/logging/log4j/log4j-api/2.11.0/log4j-api-2.11.0.jar:/home/user/.m2/repository/org/apache/logging/log4j/log4j-core/2.11.0/log4j-core-2.11.0.jar:/home/user/.m2/repository/com/lmax/disruptor/3.4.2/disruptor-3.4.2.jar:/home/user/.m2/repository/org/apache/commons/commons-pool2/2.6.0/commons-pool2-2.6.0.jar:/home/user/.m2/repository/org/bouncycastle/bcpkix-jdk15on/1.60/bcpkix-jdk15on-1.60.jar:/home/user/.m2/repository/commons-validator/commons-validator/1.6/commons-validator-1.6.jar:/home/user/.m2/repository/commons-digester/commons-digester/1.8.1/commons-digester-1.8.1.jar:/home/user/.m2/repository/io/jaegertracing/jaeger-client/0.34.0/jaeger-client-0.34.0.jar:/home/user/.m2/repository/io/jaegertracing/jaeger-thrift/0.34.0/jaeger-thrift-0.34.0.jar:/home/user/.m2/repository/org/apache/thrift/libthrift/0.12.0/libthrift-0.12.0.jar:/home/user/.m2/repository/com/squareup/okhttp3/okhttp/3.9.0/okhttp-3.9.0.jar:/home/user/.m2/repository/com/squareup/okio/okio/1.13.0/okio-1.13.0.jar:/home/user/.m2/repository/io/jaegertracing/jaeger-core/0.34.0/jaeger-core-0.34.0.jar:/home/user/.m2/repository/io/jaegertracing/jaeger-tracerresolver/0.34.0/jaeger-tracerresolver-0.34.0.jar:/home/user/.m2/repository/io/opentracing/contrib/opentracing-tracerresolver/0.1.5/opentracing-tracerresolver-0.1.5.jar:/home/user/.m2/repository/io/opentracing/opentracing-util/0.31.0/opentracing-util-0.31.0.jar:/home/user/.m2/repository/io/opentracing/opentracing-api/0.31.0/opentracing-api-0.31.0.jar:/home/user/.m2/repository/io/opentracing/opentracing-noop/0.31.0/opentracing-noop-0.31.0.jar:/home/user/.m2/repository/org/yaml/snakeyaml/1.16/snakeyaml-1.16.jar:/home/user/.m2/repository/org/apache/hadoop/hadoop-hdds-container-service/0.5.0-SNAPSHOT/hadoop-hdds-container-service-0.5.0-SNAPSHOT.jar:/home/user/.m2/repository/org/apache/hadoop/hadoop-hdds-client/0.5.0-SNAPSHOT/hadoop-hdds-client-0.5.0-SNAPSHOT.jar:/home/user/.m2/repository/org/apache/hadoop/hadoop-hdds-tools/0.5.0-SNAPSHOT/hadoop-hdds-tools-0.5.0-SNAPSHOT.jar:/home/user/.m2/repository/org/xerial/sqlite-jdbc/3.25.2/sqlite-jdbc-3.25.2.jar:/home/user/.m2/repository/org/apache/hadoop/hadoop-hdds-server-scm/0.5.0-SNAPSHOT/hadoop-hdds-server-scm-0.5.0-SNAPSHOT.jar:/home/user/.m2/repository/org/hamcrest/hamcrest-all/1.3/hamcrest-all-1.3.jar:/home/user/.m2/repository/info/picocli/picocli/3.9.6/picocli-3.9.6.jar:/home/user/.m2/repository/com/google/protobuf/protobuf-java/2.5.0/protobuf-java-2.5.0.jar:/home/user/.m2/repository/com/google/guava/guava/11.0.2/guava-11.0.2.jar:/home/user/.m2/repository/org/apache/hadoop/hadoop-ozone-client/0.5.0-SNAPSHOT/hadoop-ozone-client-0.5.0-SNAPSHOT.jar:/workdir/hadoop-ozone/ozonefs/target/classes:/home/user/.m2/repository/org/apache/httpcomponents/httpclient/4.5.2/httpclient-4.5.2.jar:/home/user/.m2/repository/org/apache/httpcomponents/httpcore/4.4.4/httpcore-4.4.4.jar:/home/user/.m2/repository/org/apache/hadoop/hadoop-hdds-server-framework/0.5.0-SNAPSHOT/hadoop-hdds-server-framework-0.5.0-SNAPSHOT.jar:/home/user/.m2/repository/org/apache/hadoop/hadoop-common/3.2.0/hadoop-common-3.2.0.jar:/home/user/.m2/repository/org/apache/hadoop/hadoop-annotations/3.2.0/hadoop-annotations-3.2.0.jar:/usr/lib/jvm/java-1.8-openjdk/jre/../lib/tools.jar:/home/user/.m2/repository/commons-cli/commons-cli/1.2/commons-cli-1.2.jar:/home/user/.m2/repository/org/apache/commons/commons-math3/3.1.1/commons-math3-3.1.1.jar:/home/user/.m2/repository/commons-codec/commons-codec/1.11/commons-codec-1.11.jar:/home/user/.m2/repository/commons-io/commons-io/2.5/commons-io-2.5.jar:/home/user/.m2/repository/commons-net/commons-net/3.6/commons-net-3.6.jar:/home/user/.m2/repository/commons-collections/commons-collections/3.2.2/commons-collections-3.2.2.jar:/home/user/.m2/repository/javax/servlet/javax.servlet-api/3.1.0/javax.servlet-api-3.1.0.jar:/home/user/.m2/repository/org/eclipse/jetty/jetty-server/9.3.25.v20180904/jetty-server-9.3.25.v20180904.jar:/home/user/.m2/repository/org/eclipse/jetty/jetty-http/9.3.25.v20180904/jetty-http-9.3.25.v20180904.jar:/home/user/.m2/repository/org/eclipse/jetty/jetty-io/9.3.25.v20180904/jetty-io-9.3.25.v20180904.jar:/home/user/.m2/repository/org/eclipse/jetty/jetty-util/9.3.25.v20180904/jetty-util-9.3.25.v20180904.jar:/home/user/.m2/repository/org/eclipse/jetty/jetty-servlet/9.3.25.v20180904/jetty-servlet-9.3.25.v20180904.jar:/home/user/.m2/repository/org/eclipse/jetty/jetty-security/9.3.25.v20180904/jetty-security-9.3.25.v20180904.jar:/home/user/.m2/repository/org/eclipse/jetty/jetty-webapp/9.3.25.v20180904/jetty-webapp-9.3.25.v20180904.jar:/home/user/.m2/repository/org/eclipse/jetty/jetty-xml/9.3.25.v20180904/jetty-xml-9.3.25.v20180904.jar:/home/user/.m2/repository/javax/servlet/jsp/jsp-api/2.1/jsp-api-2.1.jar:/home/user/.m2/repository/com/sun/jersey/jersey-core/1.19/jersey-core-1.19.jar:/home/user/.m2/repository/javax/ws/rs/jsr311-api/1.1.1/jsr311-api-1.1.1.jar:/home/user/.m2/repository/com/sun/jersey/jersey-servlet/1.19/jersey-servlet-1.19.jar:/home/user/.m2/repository/com/sun/jersey/jersey-json/1.19/jersey-json-1.19.jar:/home/user/.m2/repository/org/codehaus/jettison/jettison/1.1/jettison-1.1.jar:/home/user/.m2/repository/com/sun/xml/bind/jaxb-impl/2.3.0.1/jaxb-impl-2.3.0.1.jar:/home/user/.m2/repository/org/codehaus/jackson/jackson-core-asl/1.9.13/jackson-core-asl-1.9.13.jar:/home/user/.m2/repository/org/codehaus/jackson/jackson-mapper-asl/1.9.13/jackson-mapper-asl-1.9.13.jar:/home/user/.m2/repository/org/codehaus/jackson/jackson-jaxrs/1.9.13/jackson-jaxrs-1.9.13.jar:/home/user/.m2/repository/org/codehaus/jackson/jackson-xc/1.9.13/jackson-xc-1.9.13.jar:/home/user/.m2/repository/com/sun/jersey/jersey-server/1.19/jersey-server-1.19.jar:/home/user/.m2/repository/commons-logging/commons-logging/1.1.3/commons-logging-1.1.3.jar:/home/user/.m2/repository/log4j/log4j/1.2.17/log4j-1.2.17.jar:/home/user/.m2/repository/commons-beanutils/commons-beanutils/1.9.4/commons-beanutils-1.9.4.jar:/home/user/.m2/repository/org/apache/commons/commons-configuration2/2.1.1/commons-configuration2-2.1.1.jar:/home/user/.m2/repository/org/apache/commons/commons-lang3/3.7/commons-lang3-3.7.jar:/home/user/.m2/repository/org/apache/commons/commons-text/1.4/commons-text-1.4.jar:/home/user/.m2/repository/org/slf4j/slf4j-api/1.7.25/slf4j-api-1.7.25.jar:/home/user/.m2/repository/org/slf4j/slf4j-log4j12/1.7.25/slf4j-log4j12-1.7.25.jar:/home/user/.m2/repository/org/apache/avro/avro/1.7.7/avro-1.7.7.jar:/home/user/.m2/repository/com/thoughtworks/paranamer/paranamer/2.3/paranamer-2.3.jar:/home/user/.m2/repository/org/xerial/snappy/snappy-java/1.0.5/snappy-java-1.0.5.jar:/home/user/.m2/repository/com/google/re2j/re2j/1.1/re2j-1.1.jar:/home/user/.m2/repository/com/google/code/gson/gson/2.2.4/gson-2.2.4.jar:/home/user/.m2/repository/org/apache/hadoop/hadoop-auth/3.2.0/hadoop-auth-3.2.0.jar:/home/user/.m2/repository/com/nimbusds/nimbus-jose-jwt/4.41.1/nimbus-jose-jwt-4.41.1.jar:/home/user/.m2/repository/com/github/stephenc/jcip/jcip-annotations/1.0-1/jcip-annotations-1.0-1.jar:/home/user/.m2/repository/net/minidev/json-smart/2.3/json-smart-2.3.jar:/home/user/.m2/repository/net/minidev/accessors-smart/1.2/accessors-smart-1.2.jar:/home/user/.m2/repository/org/apache/curator/curator-framework/2.12.0/curator-framework-2.12.0.jar:/home/user/.m2/repository/com/jcraft/jsch/0.1.54/jsch-0.1.54.jar:/home/user/.m2/repository/org/apache/curator/curator-client/2.12.0/curator-client-2.12.0.jar:/home/user/.m2/repository/org/apache/curator/curator-recipes/2.12.0/curator-recipes-2.12.0.jar:/home/user/.m2/repository/com/google/code/findbugs/jsr305/3.0.0/jsr305-3.0.0.jar:/home/user/.m2/repository/org/apache/htrace/htrace-core4/4.1.0-incubating/htrace-core4-4.1.0-incubating.jar:/home/user/.m2/repository/org/apache/zookeeper/zookeeper/3.4.13/zookeeper-3.4.13.jar:/home/user/.m2/repository/jline/jline/0.9.94/jline-0.9.94.jar:/home/user/.m2/repository/org/apache/yetus/audience-annotations/0.5.0/audience-annotations-0.5.0.jar:/home/user/.m2/repository/org/apache/kerby/kerb-simplekdc/1.0.1/kerb-simplekdc-1.0.1.jar:/home/user/.m2/repository/org/apache/kerby/kerb-client/1.0.1/kerb-client-1.0.1.jar:/home/user/.m2/repository/org/apache/kerby/kerby-config/1.0.1/kerby-config-1.0.1.jar:/home/user/.m2/repository/org/apache/kerby/kerb-core/1.0.1/kerb-core-1.0.1.jar:/home/user/.m2/repository/org/apache/kerby/kerby-pkix/1.0.1/kerby-pkix-1.0.1.jar:/home/user/.m2/repository/org/apache/kerby/kerby-asn1/1.0.1/kerby-asn1-1.0.1.jar:/home/user/.m2/repository/org/apache/kerby/kerby-util/1.0.1/kerby-util-1.0.1.jar:/home/user/.m2/repository/org/apache/kerby/kerb-common/1.0.1/kerb-common-1.0.1.jar:/home/user/.m2/repository/org/apache/kerby/kerb-crypto/1.0.1/kerb-crypto-1.0.1.jar:/home/user/.m2/repository/org/apache/kerby/kerb-util/1.0.1/kerb-util-1.0.1.jar:/home/user/.m2/repository/org/apache/kerby/token-provider/1.0.1/token-provider-1.0.1.jar:/home/user/.m2/repository/org/apache/kerby/kerb-admin/1.0.1/kerb-admin-1.0.1.jar:/home/user/.m2/repository/org/apache/kerby/kerb-server/1.0.1/kerb-server-1.0.1.jar:/home/user/.m2/repository/org/apache/kerby/kerb-identity/1.0.1/kerb-identity-1.0.1.jar:/home/user/.m2/repository/org/apache/kerby/kerby-xdr/1.0.1/kerby-xdr-1.0.1.jar:/home/user/.m2/repository/com/fasterxml/jackson/core/jackson-databind/2.9.9/jackson-databind-2.9.9.jar:/home/user/.m2/repository/com/fasterxml/jackson/core/jackson-core/2.9.9/jackson-core-2.9.9.jar:/home/user/.m2/repository/org/codehaus/woodstox/stax2-api/3.1.4/stax2-api-3.1.4.jar:/home/user/.m2/repository/com/fasterxml/woodstox/woodstox-core/5.0.3/woodstox-core-5.0.3.jar:/home/user/.m2/repository/dnsjava/dnsjava/2.1.7/dnsjava-2.1.7.jar:/home/user/.m2/repository/org/apache/hadoop/hadoop-hdfs/3.2.0/hadoop-hdfs-3.2.0.jar:/home/user/.m2/repository/org/eclipse/jetty/jetty-util-ajax/9.3.25.v20180904/jetty-util-ajax-9.3.25.v20180904.jar:/home/user/.m2/repository/commons-daemon/commons-daemon/1.0.13/commons-daemon-1.0.13.jar:/home/user/.m2/repository/io/netty/netty/3.10.5.Final/netty-3.10.5.Final.jar:/home/user/.m2/repository/io/netty/netty-all/4.0.52.Final/netty-all-4.0.52.Final.jar:/home/user/.m2/repository/org/fusesource/leveldbjni/leveldbjni-all/1.8/leveldbjni-all-1.8.jar:/home/user/.m2/repository/com/sun/xml/bind/jaxb-core/2.3.0.1/jaxb-core-2.3.0.1.jar:/home/user/.m2/repository/javax/xml/bind/jaxb-api/2.3.0/jaxb-api-2.3.0.jar:/home/user/.m2/repository/javax/activation/activation/1.1.1/activation-1.1.1.jar:/home/user/.m2/repository/io/dropwizard/metrics/metrics-core/3.2.4/metrics-core-3.2.4.jar:/home/user/.m2/repository/org/openjdk/jmh/jmh-core/1.19/jmh-core-1.19.jar:/home/user/.m2/repository/net/sf/jopt-simple/jopt-simple/4.6/jopt-simple-4.6.jar:/home/user/.m2/repository/org/openjdk/jmh/jmh-generator-annprocess/1.19/jmh-generator-annprocess-1.19.jar:/home/user/.m2/repository/com/amazonaws/aws-java-sdk-s3/1.11.615/aws-java-sdk-s3-1.11.615.jar:/home/user/.m2/repository/com/amazonaws/aws-java-sdk-kms/1.11.615/aws-java-sdk-kms-1.11.615.jar:/home/user/.m2/repository/com/amazonaws/aws-java-sdk-core/1.11.615/aws-java-sdk-core-1.11.615.jar:/home/user/.m2/repository/software/amazon/ion/ion-java/1.0.2/ion-java-1.0.2.jar:/home/user/.m2/repository/com/fasterxml/jackson/dataformat/jackson-dataformat-cbor/2.9.9/jackson-dataformat-cbor-2.9.9.jar:/home/user/.m2/repository/joda-time/joda-time/2.9.9/joda-time-2.9.9.jar:/home/user/.m2/repository/com/amazonaws/jmespath-java/1.11.615/jmespath-java-1.11.615.jar:/home/user/.m2/repository/com/google/code/findbugs/findbugs/3.0.1/findbugs-3.0.1.jar:/home/user/.m2/repository/net/jcip/jcip-annotations/1.0/jcip-annotations-1.0.jar:/home/user/.m2/repository/com/google/code/findbugs/bcel-findbugs/6.0/bcel-findbugs-6.0.jar:/home/user/.m2/repository/com/google/code/findbugs/jFormatString/2.0.1/jFormatString-2.0.1.jar:/home/user/.m2/repository/dom4j/dom4j/1.6.1/dom4j-1.6.1.jar:/home/user/.m2/repository/xml-apis/xml-apis/1.0.b2/xml-apis-1.0.b2.jar:/home/user/.m2/repository/org/ow2/asm/asm-debug-all/5.0.2/asm-debug-all-5.0.2.jar:/home/user/.m2/repository/org/ow2/asm/asm-commons/5.0.2/asm-commons-5.0.2.jar:/home/user/.m2/repository/org/ow2/asm/asm-tree/5.0.2/asm-tree-5.0.2.jar:/home/user/.m2/repository/org/ow2/asm/asm/5.0.4/asm-5.0.4.jar:/home/user/.m2/repository/commons-lang/commons-lang/2.6/commons-lang-2.6.jar:/home/user/.m2/repository/com/apple/AppleJavaExtensions/1.4/AppleJavaExtensions-1.4.jar:/home/user/.m2/repository/jaxen/jaxen/1.1.6/jaxen-1.1.6.jar:/home/user/.m2/repository/junit/junit/4.11/junit-4.11.jar:/home/user/.m2/repository/org/hamcrest/hamcrest-core/1.3/hamcrest-core-1.3.jar:/home/user/.m2/repository/org/apache/hadoop/hadoop-common/3.2.0/hadoop-common-3.2.0-tests.jar:/workdir/hadoop-ozone/integration-test/target/test-classes:/home/user/.m2/repository/org/apache/hadoop/hadoop-ozone-s3gateway/0.5.0-SNAPSHOT/hadoop-ozone-s3gateway-0.5.0-SNAPSHOT.jar:/home/user/.m2/repository/org/jboss/weld/servlet/weld-servlet/2.4.7.Final/weld-servlet-2.4.7.Final.jar:/home/user/.m2/repository/org/glassfish/jersey/containers/jersey-container-servlet-core/2.27/jersey-container-servlet-core-2.27.jar:/home/user/.m2/repository/org/glassfish/hk2/external/javax.inject/2.5.0-b42/javax.inject-2.5.0-b42.jar:/home/user/.m2/repository/org/glassfish/jersey/core/jersey-common/2.27/jersey-common-2.27.jar:/home/user/.m2/repository/org/glassfish/hk2/osgi-resource-locator/1.0.1/osgi-resource-locator-1.0.1.jar:/home/user/.m2/repository/javax/ws/rs/javax.ws.rs-api/2.1/javax.ws.rs-api-2.1.jar:/home/user/.m2/repository/org/glassfish/jersey/ext/cdi/jersey-cdi1x/2.27/jersey-cdi1x-2.27.jar:/home/user/.m2/repository/org/glassfish/jersey/inject/jersey-hk2/2.27/jersey-hk2-2.27.jar:/home/user/.m2/repository/org/glassfish/hk2/hk2-locator/2.5.0-b42/hk2-locator-2.5.0-b42.jar:/home/user/.m2/repository/org/javassist/javassist/3.22.0-CR2/javassist-3.22.0-CR2.jar:/home/user/.m2/repository/org/glassfish/hk2/hk2-api/2.5.0/hk2-api-2.5.0.jar:/home/user/.m2/repository/org/glassfish/hk2/external/jakarta.inject/2.5.0/jakarta.inject-2.5.0.jar:/home/user/.m2/repository/org/glassfish/hk2/hk2-utils/2.5.0/hk2-utils-2.5.0.jar:/home/user/.m2/repository/jakarta/annotation/jakarta.annotation-api/1.3.4/jakarta.annotation-api-1.3.4.jar:/home/user/.m2/repository/org/glassfish/hk2/external/aopalliance-repackaged/2.5.0/aopalliance-repackaged-2.5.0.jar:/home/user/.m2/repository/com/fasterxml/jackson/dataformat/jackson-dataformat-xml/2.9.0/jackson-dataformat-xml-2.9.0.jar:/home/user/.m2/repository/com/fasterxml/jackson/module/jackson-module-jaxb-annotations/2.9.9/jackson-module-jaxb-annotations-2.9.9.jar:/home/user/.m2/repository/javax/enterprise/cdi-api/1.2/cdi-api-1.2.jar:/home/user/.m2/repository/javax/el/javax.el-api/3.0.0/javax.el-api-3.0.0.jar:/home/user/.m2/repository/javax/interceptor/javax.interceptor-api/1.2/javax.interceptor-api-1.2.jar:/home/user/.m2/repository/javax/inject/javax.inject/1/javax.inject-1.jar:/home/user/.m2/repository/org/apache/hadoop/hadoop-ozone-csi/0.5.0-SNAPSHOT/hadoop-ozone-csi-0.5.0-SNAPSHOT.jar:/home/user/.m2/repository/com/google/protobuf/protobuf-java-util/3.5.1/protobuf-java-util-3.5.1.jar:/home/user/.m2/repository/io/grpc/grpc-netty/1.17.1/grpc-netty-1.17.1.jar:/home/user/.m2/repository/io/grpc/grpc-core/1.17.1/grpc-core-1.17.1.jar:/home/user/.m2/repository/io/grpc/grpc-context/1.17.1/grpc-context-1.17.1.jar:/home/user/.m2/repository/com/google/errorprone/error_prone_annotations/2.2.0/error_prone_annotations-2.2.0.jar:/home/user/.m2/repository/org/codehaus/mojo/animal-sniffer-annotations/1.17/animal-sniffer-annotations-1.17.jar:/home/user/.m2/repository/io/opencensus/opencensus-api/0.17.0/opencensus-api-0.17.0.jar:/home/user/.m2/repository/io/opencensus/opencensus-contrib-grpc-metrics/0.17.0/opencensus-contrib-grpc-metrics-0.17.0.jar:/home/user/.m2/repository/io/netty/netty-codec-http2/4.1.30.Final/netty-codec-http2-4.1.30.Final.jar:/home/user/.m2/repository/io/netty/netty-codec-http/4.1.30.Final/netty-codec-http-4.1.30.Final.jar:/home/user/.m2/repository/io/netty/netty-codec/4.1.30.Final/netty-codec-4.1.30.Final.jar:/home/user/.m2/repository/io/netty/netty-handler/4.1.30.Final/netty-handler-4.1.30.Final.jar:/home/user/.m2/repository/io/netty/netty-handler-proxy/4.1.30.Final/netty-handler-proxy-4.1.30.Final.jar:/home/user/.m2/repository/io/netty/netty-codec-socks/4.1.30.Final/netty-codec-socks-4.1.30.Final.jar:/home/user/.m2/repository/io/netty/netty-transport-native-epoll/4.1.30.Final/netty-transport-native-epoll-4.1.30.Final.jar:/home/user/.m2/repository/io/netty/netty-common/4.1.30.Final/netty-common-4.1.30.Final.jar:/home/user/.m2/repository/io/netty/netty-buffer/4.1.30.Final/netty-buffer-4.1.30.Final.jar:/home/user/.m2/repository/io/netty/netty-transport/4.1.30.Final/netty-transport-4.1.30.Final.jar:/home/user/.m2/repository/io/netty/netty-resolver/4.1.30.Final/netty-resolver-4.1.30.Final.jar:/home/user/.m2/repository/io/netty/netty-transport-native-unix-common/4.1.30.Final/netty-transport-native-unix-common-4.1.30.Final.jar:/home/user/.m2/repository/io/grpc/grpc-protobuf/1.17.1/grpc-protobuf-1.17.1.jar:/home/user/.m2/repository/com/google/api/grpc/proto-google-common-protos/1.0.0/proto-google-common-protos-1.0.0.jar:/home/user/.m2/repository/io/grpc/grpc-protobuf-lite/1.17.1/grpc-protobuf-lite-1.17.1.jar:/home/user/.m2/repository/io/grpc/grpc-stub/1.17.1/grpc-stub-1.17.1.jar:/home/user/.m2/repository/org/apache/hadoop/hadoop-ozone-recon/0.5.0-SNAPSHOT/hadoop-ozone-recon-0.5.0-SNAPSHOT.jar:/home/user/.m2/repository/org/apache/hadoop/hadoop-ozone-reconcodegen/0.5.0-SNAPSHOT/hadoop-ozone-reconcodegen-0.5.0-SNAPSHOT.jar:/home/user/.m2/repository/com/google/inject/extensions/guice-multibindings/4.0/guice-multibindings-4.0.jar:/home/user/.m2/repository/com/google/inject/guice/4.0/guice-4.0.jar:/home/user/.m2/repository/aopalliance/aopalliance/1.0/aopalliance-1.0.jar:/home/user/.m2/repository/com/google/inject/extensions/guice-servlet/4.0/guice-servlet-4.0.jar:/home/user/.m2/repository/org/glassfish/jersey/containers/jersey-container-servlet/2.27/jersey-container-servlet-2.27.jar:/home/user/.m2/repository/org/glassfish/hk2/guice-bridge/2.5.0/guice-bridge-2.5.0.jar:/home/user/.m2/repository/org/glassfish/jersey/core/jersey-server/2.27/jersey-server-2.27.jar:/home/user/.m2/repository/org/glassfish/jersey/core/jersey-client/2.27/jersey-client-2.27.jar:/home/user/.m2/repository/org/glassfish/jersey/media/jersey-media-jaxb/2.27/jersey-media-jaxb-2.27.jar:/home/user/.m2/repository/javax/validation/validation-api/1.1.0.Final/validation-api-1.1.0.Final.jar:/home/user/.m2/repository/org/glassfish/jersey/media/jersey-media-json-jackson/2.27/jersey-media-json-jackson-2.27.jar:/home/user/.m2/repository/org/glassfish/jersey/ext/jersey-entity-filtering/2.27/jersey-entity-filtering-2.27.jar:/home/user/.m2/repository/com/google/inject/extensions/guice-assistedinject/4.0/guice-assistedinject-4.0.jar:/home/user/.m2/repository/org/jooq/jooq/3.11.10/jooq-3.11.10.jar:/home/user/.m2/repository/org/jooq/jooq-meta/3.11.10/jooq-meta-3.11.10.jar:/home/user/.m2/repository/org/jooq/jooq-codegen/3.11.10/jooq-codegen-3.11.10.jar:/home/user/.m2/repository/com/jolbox/bonecp/0.8.0.RELEASE/bonecp-0.8.0.RELEASE.jar:/home/user/.m2/repository/org/springframework/spring-jdbc/5.1.3.RELEASE/spring-jdbc-5.1.3.RELEASE.jar:/home/user/.m2/repository/org/springframework/spring-beans/5.1.3.RELEASE/spring-beans-5.1.3.RELEASE.jar:/home/user/.m2/repository/org/springframework/spring-core/5.1.3.RELEASE/spring-core-5.1.3.RELEASE.jar:/home/user/.m2/repository/org/springframework/spring-jcl/5.1.3.RELEASE/spring-jcl-5.1.3.RELEASE.jar:/home/user/.m2/repository/org/springframework/spring-tx/5.1.3.RELEASE/spring-tx-5.1.3.RELEASE.jar:/home/user/.m2/repository/org/mockito/mockito-core/2.15.0/mockito-core-2.15.0.jar:/home/user/.m2/repository/net/bytebuddy/byte-buddy/1.7.9/byte-buddy-1.7.9.jar:/home/user/.m2/repository/net/bytebuddy/byte-buddy-agent/1.7.9/byte-buddy-agent-1.7.9.jar:/home/user/.m2/repository/org/objenesis/objenesis/1.0/objenesis-1.0.jar:"/>
    <property name="java.vm.vendor" value="IcedTea"/>
    <property name="sun.arch.data.model" value="64"/>
    <property name="test.build.dir" value="/workdir/hadoop-ozone/tools/target/test-dir"/>
    <property name="test.cache.data" value=""/>
    <property name="java.vendor.url" value="https://icedtea.classpath.org"/>
    <property name="user.timezone" value=""/>
    <property name="java.vm.specification.version" value="1.8"/>
    <property name="os.name" value="Linux"/>
    <property name="test.build.data" value="/workdir/hadoop-ozone/tools/target/test-dir"/>
    <property name="user.country" value="US"/>
    <property name="sun.java.launcher" value="SUN_STANDARD"/>
    <property name="sun.boot.library.path" value="/usr/lib/jvm/java-1.8-openjdk/jre/lib/amd64"/>
    <property name="sun.java.command" value="/workdir/hadoop-ozone/tools/target/surefire/surefirebooter4510813867083605536.jar /workdir/hadoop-ozone/tools/target/surefire 2019-09-25T04-24-54_173-jvmRun1 surefire2685856179152235774tmp surefire_1084002991097466486024tmp"/>
    <property name="test" value="!TestMiniChaosOzoneCluster"/>
    <property name="surefire.test.class.path" value="/workdir/hadoop-ozone/tools/target/test-classes:/workdir/hadoop-ozone/tools/target/classes:/home/user/.m2/repository/org/apache/hadoop/hadoop-ozone-ozone-manager/0.5.0-SNAPSHOT/hadoop-ozone-ozone-manager-0.5.0-SNAPSHOT.jar:/home/user/.m2/repository/org/apache/hadoop/hadoop-hdds-docs/0.5.0-SNAPSHOT/hadoop-hdds-docs-0.5.0-SNAPSHOT.jar:/home/user/.m2/repository/org/bouncycastle/bcprov-jdk15on/1.60/bcprov-jdk15on-1.60.jar:/home/user/.m2/repository/org/apache/hadoop/hadoop-ozone-common/0.5.0-SNAPSHOT/hadoop-ozone-common-0.5.0-SNAPSHOT.jar:/home/user/.m2/repository/org/apache/commons/commons-compress/1.4.1/commons-compress-1.4.1.jar:/home/user/.m2/repository/org/tukaani/xz/1.0/xz-1.0.jar:/home/user/.m2/repository/org/apache/hadoop/hadoop-hdfs-client/3.2.0/hadoop-hdfs-client-3.2.0.jar:/home/user/.m2/repository/com/fasterxml/jackson/core/jackson-annotations/2.9.9/jackson-annotations-2.9.9.jar:/home/user/.m2/repository/org/apache/hadoop/hadoop-hdds-common/0.5.0-SNAPSHOT/hadoop-hdds-common-0.5.0-SNAPSHOT.jar:/home/user/.m2/repository/org/apache/hadoop/hadoop-hdds-config/0.5.0-SNAPSHOT/hadoop-hdds-config-0.5.0-SNAPSHOT.jar:/home/user/.m2/repository/javax/annotation/javax.annotation-api/1.2/javax.annotation-api-1.2.jar:/home/user/.m2/repository/org/apache/ratis/ratis-server/0.4.0/ratis-server-0.4.0.jar:/home/user/.m2/repository/org/apache/ratis/ratis-thirdparty-misc/0.2.0/ratis-thirdparty-misc-0.2.0.jar:/home/user/.m2/repository/org/apache/ratis/ratis-proto/0.4.0/ratis-proto-0.4.0.jar:/home/user/.m2/repository/org/apache/ratis/ratis-common/0.4.0/ratis-common-0.4.0.jar:/home/user/.m2/repository/org/apache/ratis/ratis-client/0.4.0/ratis-client-0.4.0.jar:/home/user/.m2/repository/org/apache/ratis/ratis-metrics/0.4.0/ratis-metrics-0.4.0.jar:/home/user/.m2/repository/com/github/joshelser/dropwizard-metrics-hadoop-metrics2-reporter/0.1.2/dropwizard-metrics-hadoop-metrics2-reporter-0.1.2.jar:/home/user/.m2/repository/io/dropwizard/metrics/metrics-jvm/3.2.5/metrics-jvm-3.2.5.jar:/home/user/.m2/repository/io/dropwizard/metrics/metrics-ganglia/3.2.5/metrics-ganglia-3.2.5.jar:/home/user/.m2/repository/info/ganglia/gmetric4j/gmetric4j/1.0.7/gmetric4j-1.0.7.jar:/home/user/.m2/repository/org/apache/ratis/ratis-netty/0.4.0/ratis-netty-0.4.0.jar:/home/user/.m2/repository/org/apache/ratis/ratis-grpc/0.4.0/ratis-grpc-0.4.0.jar:/home/user/.m2/repository/org/rocksdb/rocksdbjni/6.0.1/rocksdbjni-6.0.1.jar:/home/user/.m2/repository/org/apache/logging/log4j/log4j-api/2.11.0/log4j-api-2.11.0.jar:/home/user/.m2/repository/org/apache/logging/log4j/log4j-core/2.11.0/log4j-core-2.11.0.jar:/home/user/.m2/repository/com/lmax/disruptor/3.4.2/disruptor-3.4.2.jar:/home/user/.m2/repository/org/apache/commons/commons-pool2/2.6.0/commons-pool2-2.6.0.jar:/home/user/.m2/repository/org/bouncycastle/bcpkix-jdk15on/1.60/bcpkix-jdk15on-1.60.jar:/home/user/.m2/repository/commons-validator/commons-validator/1.6/commons-validator-1.6.jar:/home/user/.m2/repository/commons-digester/commons-digester/1.8.1/commons-digester-1.8.1.jar:/home/user/.m2/repository/io/jaegertracing/jaeger-client/0.34.0/jaeger-client-0.34.0.jar:/home/user/.m2/repository/io/jaegertracing/jaeger-thrift/0.34.0/jaeger-thrift-0.34.0.jar:/home/user/.m2/repository/org/apache/thrift/libthrift/0.12.0/libthrift-0.12.0.jar:/home/user/.m2/repository/com/squareup/okhttp3/okhttp/3.9.0/okhttp-3.9.0.jar:/home/user/.m2/repository/com/squareup/okio/okio/1.13.0/okio-1.13.0.jar:/home/user/.m2/repository/io/jaegertracing/jaeger-core/0.34.0/jaeger-core-0.34.0.jar:/home/user/.m2/repository/io/jaegertracing/jaeger-tracerresolver/0.34.0/jaeger-tracerresolver-0.34.0.jar:/home/user/.m2/repository/io/opentracing/contrib/opentracing-tracerresolver/0.1.5/opentracing-tracerresolver-0.1.5.jar:/home/user/.m2/repository/io/opentracing/opentracing-util/0.31.0/opentracing-util-0.31.0.jar:/home/user/.m2/repository/io/opentracing/opentracing-api/0.31.0/opentracing-api-0.31.0.jar:/home/user/.m2/repository/io/opentracing/opentracing-noop/0.31.0/opentracing-noop-0.31.0.jar:/home/user/.m2/repository/org/yaml/snakeyaml/1.16/snakeyaml-1.16.jar:/home/user/.m2/repository/org/apache/hadoop/hadoop-hdds-container-service/0.5.0-SNAPSHOT/hadoop-hdds-container-service-0.5.0-SNAPSHOT.jar:/home/user/.m2/repository/org/apache/hadoop/hadoop-hdds-client/0.5.0-SNAPSHOT/hadoop-hdds-client-0.5.0-SNAPSHOT.jar:/home/user/.m2/repository/org/apache/hadoop/hadoop-hdds-tools/0.5.0-SNAPSHOT/hadoop-hdds-tools-0.5.0-SNAPSHOT.jar:/home/user/.m2/repository/org/xerial/sqlite-jdbc/3.25.2/sqlite-jdbc-3.25.2.jar:/home/user/.m2/repository/org/apache/hadoop/hadoop-hdds-server-scm/0.5.0-SNAPSHOT/hadoop-hdds-server-scm-0.5.0-SNAPSHOT.jar:/home/user/.m2/repository/org/hamcrest/hamcrest-all/1.3/hamcrest-all-1.3.jar:/home/user/.m2/repository/info/picocli/picocli/3.9.6/picocli-3.9.6.jar:/home/user/.m2/repository/com/google/protobuf/protobuf-java/2.5.0/protobuf-java-2.5.0.jar:/home/user/.m2/repository/com/google/guava/guava/11.0.2/guava-11.0.2.jar:/home/user/.m2/repository/org/apache/hadoop/hadoop-ozone-client/0.5.0-SNAPSHOT/hadoop-ozone-client-0.5.0-SNAPSHOT.jar:/workdir/hadoop-ozone/ozonefs/target/classes:/home/user/.m2/repository/org/apache/httpcomponents/httpclient/4.5.2/httpclient-4.5.2.jar:/home/user/.m2/repository/org/apache/httpcomponents/httpcore/4.4.4/httpcore-4.4.4.jar:/home/user/.m2/repository/org/apache/hadoop/hadoop-hdds-server-framework/0.5.0-SNAPSHOT/hadoop-hdds-server-framework-0.5.0-SNAPSHOT.jar:/home/user/.m2/repository/org/apache/hadoop/hadoop-common/3.2.0/hadoop-common-3.2.0.jar:/home/user/.m2/repository/org/apache/hadoop/hadoop-annotations/3.2.0/hadoop-annotations-3.2.0.jar:/usr/lib/jvm/java-1.8-openjdk/jre/../lib/tools.jar:/home/user/.m2/repository/commons-cli/commons-cli/1.2/commons-cli-1.2.jar:/home/user/.m2/repository/org/apache/commons/commons-math3/3.1.1/commons-math3-3.1.1.jar:/home/user/.m2/repository/commons-codec/commons-codec/1.11/commons-codec-1.11.jar:/home/user/.m2/repository/commons-io/commons-io/2.5/commons-io-2.5.jar:/home/user/.m2/repository/commons-net/commons-net/3.6/commons-net-3.6.jar:/home/user/.m2/repository/commons-collections/commons-collections/3.2.2/commons-collections-3.2.2.jar:/home/user/.m2/repository/javax/servlet/javax.servlet-api/3.1.0/javax.servlet-api-3.1.0.jar:/home/user/.m2/repository/org/eclipse/jetty/jetty-server/9.3.25.v20180904/jetty-server-9.3.25.v20180904.jar:/home/user/.m2/repository/org/eclipse/jetty/jetty-http/9.3.25.v20180904/jetty-http-9.3.25.v20180904.jar:/home/user/.m2/repository/org/eclipse/jetty/jetty-io/9.3.25.v20180904/jetty-io-9.3.25.v20180904.jar:/home/user/.m2/repository/org/eclipse/jetty/jetty-util/9.3.25.v20180904/jetty-util-9.3.25.v20180904.jar:/home/user/.m2/repository/org/eclipse/jetty/jetty-servlet/9.3.25.v20180904/jetty-servlet-9.3.25.v20180904.jar:/home/user/.m2/repository/org/eclipse/jetty/jetty-security/9.3.25.v20180904/jetty-security-9.3.25.v20180904.jar:/home/user/.m2/repository/org/eclipse/jetty/jetty-webapp/9.3.25.v20180904/jetty-webapp-9.3.25.v20180904.jar:/home/user/.m2/repository/org/eclipse/jetty/jetty-xml/9.3.25.v20180904/jetty-xml-9.3.25.v20180904.jar:/home/user/.m2/repository/javax/servlet/jsp/jsp-api/2.1/jsp-api-2.1.jar:/home/user/.m2/repository/com/sun/jersey/jersey-core/1.19/jersey-core-1.19.jar:/home/user/.m2/repository/javax/ws/rs/jsr311-api/1.1.1/jsr311-api-1.1.1.jar:/home/user/.m2/repository/com/sun/jersey/jersey-servlet/1.19/jersey-servlet-1.19.jar:/home/user/.m2/repository/com/sun/jersey/jersey-json/1.19/jersey-json-1.19.jar:/home/user/.m2/repository/org/codehaus/jettison/jettison/1.1/jettison-1.1.jar:/home/user/.m2/repository/com/sun/xml/bind/jaxb-impl/2.3.0.1/jaxb-impl-2.3.0.1.jar:/home/user/.m2/repository/org/codehaus/jackson/jackson-core-asl/1.9.13/jackson-core-asl-1.9.13.jar:/home/user/.m2/repository/org/codehaus/jackson/jackson-mapper-asl/1.9.13/jackson-mapper-asl-1.9.13.jar:/home/user/.m2/repository/org/codehaus/jackson/jackson-jaxrs/1.9.13/jackson-jaxrs-1.9.13.jar:/home/user/.m2/repository/org/codehaus/jackson/jackson-xc/1.9.13/jackson-xc-1.9.13.jar:/home/user/.m2/repository/com/sun/jersey/jersey-server/1.19/jersey-server-1.19.jar:/home/user/.m2/repository/commons-logging/commons-logging/1.1.3/commons-logging-1.1.3.jar:/home/user/.m2/repository/log4j/log4j/1.2.17/log4j-1.2.17.jar:/home/user/.m2/repository/commons-beanutils/commons-beanutils/1.9.4/commons-beanutils-1.9.4.jar:/home/user/.m2/repository/org/apache/commons/commons-configuration2/2.1.1/commons-configuration2-2.1.1.jar:/home/user/.m2/repository/org/apache/commons/commons-lang3/3.7/commons-lang3-3.7.jar:/home/user/.m2/repository/org/apache/commons/commons-text/1.4/commons-text-1.4.jar:/home/user/.m2/repository/org/slf4j/slf4j-api/1.7.25/slf4j-api-1.7.25.jar:/home/user/.m2/repository/org/slf4j/slf4j-log4j12/1.7.25/slf4j-log4j12-1.7.25.jar:/home/user/.m2/repository/org/apache/avro/avro/1.7.7/avro-1.7.7.jar:/home/user/.m2/repository/com/thoughtworks/paranamer/paranamer/2.3/paranamer-2.3.jar:/home/user/.m2/repository/org/xerial/snappy/snappy-java/1.0.5/snappy-java-1.0.5.jar:/home/user/.m2/repository/com/google/re2j/re2j/1.1/re2j-1.1.jar:/home/user/.m2/repository/com/google/code/gson/gson/2.2.4/gson-2.2.4.jar:/home/user/.m2/repository/org/apache/hadoop/hadoop-auth/3.2.0/hadoop-auth-3.2.0.jar:/home/user/.m2/repository/com/nimbusds/nimbus-jose-jwt/4.41.1/nimbus-jose-jwt-4.41.1.jar:/home/user/.m2/repository/com/github/stephenc/jcip/jcip-annotations/1.0-1/jcip-annotations-1.0-1.jar:/home/user/.m2/repository/net/minidev/json-smart/2.3/json-smart-2.3.jar:/home/user/.m2/repository/net/minidev/accessors-smart/1.2/accessors-smart-1.2.jar:/home/user/.m2/repository/org/apache/curator/curator-framework/2.12.0/curator-framework-2.12.0.jar:/home/user/.m2/repository/com/jcraft/jsch/0.1.54/jsch-0.1.54.jar:/home/user/.m2/repository/org/apache/curator/curator-client/2.12.0/curator-client-2.12.0.jar:/home/user/.m2/repository/org/apache/curator/curator-recipes/2.12.0/curator-recipes-2.12.0.jar:/home/user/.m2/repository/com/google/code/findbugs/jsr305/3.0.0/jsr305-3.0.0.jar:/home/user/.m2/repository/org/apache/htrace/htrace-core4/4.1.0-incubating/htrace-core4-4.1.0-incubating.jar:/home/user/.m2/repository/org/apache/zookeeper/zookeeper/3.4.13/zookeeper-3.4.13.jar:/home/user/.m2/repository/jline/jline/0.9.94/jline-0.9.94.jar:/home/user/.m2/repository/org/apache/yetus/audience-annotations/0.5.0/audience-annotations-0.5.0.jar:/home/user/.m2/repository/org/apache/kerby/kerb-simplekdc/1.0.1/kerb-simplekdc-1.0.1.jar:/home/user/.m2/repository/org/apache/kerby/kerb-client/1.0.1/kerb-client-1.0.1.jar:/home/user/.m2/repository/org/apache/kerby/kerby-config/1.0.1/kerby-config-1.0.1.jar:/home/user/.m2/repository/org/apache/kerby/kerb-core/1.0.1/kerb-core-1.0.1.jar:/home/user/.m2/repository/org/apache/kerby/kerby-pkix/1.0.1/kerby-pkix-1.0.1.jar:/home/user/.m2/repository/org/apache/kerby/kerby-asn1/1.0.1/kerby-asn1-1.0.1.jar:/home/user/.m2/repository/org/apache/kerby/kerby-util/1.0.1/kerby-util-1.0.1.jar:/home/user/.m2/repository/org/apache/kerby/kerb-common/1.0.1/kerb-common-1.0.1.jar:/home/user/.m2/repository/org/apache/kerby/kerb-crypto/1.0.1/kerb-crypto-1.0.1.jar:/home/user/.m2/repository/org/apache/kerby/kerb-util/1.0.1/kerb-util-1.0.1.jar:/home/user/.m2/repository/org/apache/kerby/token-provider/1.0.1/token-provider-1.0.1.jar:/home/user/.m2/repository/org/apache/kerby/kerb-admin/1.0.1/kerb-admin-1.0.1.jar:/home/user/.m2/repository/org/apache/kerby/kerb-server/1.0.1/kerb-server-1.0.1.jar:/home/user/.m2/repository/org/apache/kerby/kerb-identity/1.0.1/kerb-identity-1.0.1.jar:/home/user/.m2/repository/org/apache/kerby/kerby-xdr/1.0.1/kerby-xdr-1.0.1.jar:/home/user/.m2/repository/com/fasterxml/jackson/core/jackson-databind/2.9.9/jackson-databind-2.9.9.jar:/home/user/.m2/repository/com/fasterxml/jackson/core/jackson-core/2.9.9/jackson-core-2.9.9.jar:/home/user/.m2/repository/org/codehaus/woodstox/stax2-api/3.1.4/stax2-api-3.1.4.jar:/home/user/.m2/repository/com/fasterxml/woodstox/woodstox-core/5.0.3/woodstox-core-5.0.3.jar:/home/user/.m2/repository/dnsjava/dnsjava/2.1.7/dnsjava-2.1.7.jar:/home/user/.m2/repository/org/apache/hadoop/hadoop-hdfs/3.2.0/hadoop-hdfs-3.2.0.jar:/home/user/.m2/repository/org/eclipse/jetty/jetty-util-ajax/9.3.25.v20180904/jetty-util-ajax-9.3.25.v20180904.jar:/home/user/.m2/repository/commons-daemon/commons-daemon/1.0.13/commons-daemon-1.0.13.jar:/home/user/.m2/repository/io/netty/netty/3.10.5.Final/netty-3.10.5.Final.jar:/home/user/.m2/repository/io/netty/netty-all/4.0.52.Final/netty-all-4.0.52.Final.jar:/home/user/.m2/repository/org/fusesource/leveldbjni/leveldbjni-all/1.8/leveldbjni-all-1.8.jar:/home/user/.m2/repository/com/sun/xml/bind/jaxb-core/2.3.0.1/jaxb-core-2.3.0.1.jar:/home/user/.m2/repository/javax/xml/bind/jaxb-api/2.3.0/jaxb-api-2.3.0.jar:/home/user/.m2/repository/javax/activation/activation/1.1.1/activation-1.1.1.jar:/home/user/.m2/repository/io/dropwizard/metrics/metrics-core/3.2.4/metrics-core-3.2.4.jar:/home/user/.m2/repository/org/openjdk/jmh/jmh-core/1.19/jmh-core-1.19.jar:/home/user/.m2/repository/net/sf/jopt-simple/jopt-simple/4.6/jopt-simple-4.6.jar:/home/user/.m2/repository/org/openjdk/jmh/jmh-generator-annprocess/1.19/jmh-generator-annprocess-1.19.jar:/home/user/.m2/repository/com/amazonaws/aws-java-sdk-s3/1.11.615/aws-java-sdk-s3-1.11.615.jar:/home/user/.m2/repository/com/amazonaws/aws-java-sdk-kms/1.11.615/aws-java-sdk-kms-1.11.615.jar:/home/user/.m2/repository/com/amazonaws/aws-java-sdk-core/1.11.615/aws-java-sdk-core-1.11.615.jar:/home/user/.m2/repository/software/amazon/ion/ion-java/1.0.2/ion-java-1.0.2.jar:/home/user/.m2/repository/com/fasterxml/jackson/dataformat/jackson-dataformat-cbor/2.9.9/jackson-dataformat-cbor-2.9.9.jar:/home/user/.m2/repository/joda-time/joda-time/2.9.9/joda-time-2.9.9.jar:/home/user/.m2/repository/com/amazonaws/jmespath-java/1.11.615/jmespath-java-1.11.615.jar:/home/user/.m2/repository/com/google/code/findbugs/findbugs/3.0.1/findbugs-3.0.1.jar:/home/user/.m2/repository/net/jcip/jcip-annotations/1.0/jcip-annotations-1.0.jar:/home/user/.m2/repository/com/google/code/findbugs/bcel-findbugs/6.0/bcel-findbugs-6.0.jar:/home/user/.m2/repository/com/google/code/findbugs/jFormatString/2.0.1/jFormatString-2.0.1.jar:/home/user/.m2/repository/dom4j/dom4j/1.6.1/dom4j-1.6.1.jar:/home/user/.m2/repository/xml-apis/xml-apis/1.0.b2/xml-apis-1.0.b2.jar:/home/user/.m2/repository/org/ow2/asm/asm-debug-all/5.0.2/asm-debug-all-5.0.2.jar:/home/user/.m2/repository/org/ow2/asm/asm-commons/5.0.2/asm-commons-5.0.2.jar:/home/user/.m2/repository/org/ow2/asm/asm-tree/5.0.2/asm-tree-5.0.2.jar:/home/user/.m2/repository/org/ow2/asm/asm/5.0.4/asm-5.0.4.jar:/home/user/.m2/repository/commons-lang/commons-lang/2.6/commons-lang-2.6.jar:/home/user/.m2/repository/com/apple/AppleJavaExtensions/1.4/AppleJavaExtensions-1.4.jar:/home/user/.m2/repository/jaxen/jaxen/1.1.6/jaxen-1.1.6.jar:/home/user/.m2/repository/junit/junit/4.11/junit-4.11.jar:/home/user/.m2/repository/org/hamcrest/hamcrest-core/1.3/hamcrest-core-1.3.jar:/home/user/.m2/repository/org/apache/hadoop/hadoop-common/3.2.0/hadoop-common-3.2.0-tests.jar:/workdir/hadoop-ozone/integration-test/target/test-classes:/home/user/.m2/repository/org/apache/hadoop/hadoop-ozone-s3gateway/0.5.0-SNAPSHOT/hadoop-ozone-s3gateway-0.5.0-SNAPSHOT.jar:/home/user/.m2/repository/org/jboss/weld/servlet/weld-servlet/2.4.7.Final/weld-servlet-2.4.7.Final.jar:/home/user/.m2/repository/org/glassfish/jersey/containers/jersey-container-servlet-core/2.27/jersey-container-servlet-core-2.27.jar:/home/user/.m2/repository/org/glassfish/hk2/external/javax.inject/2.5.0-b42/javax.inject-2.5.0-b42.jar:/home/user/.m2/repository/org/glassfish/jersey/core/jersey-common/2.27/jersey-common-2.27.jar:/home/user/.m2/repository/org/glassfish/hk2/osgi-resource-locator/1.0.1/osgi-resource-locator-1.0.1.jar:/home/user/.m2/repository/javax/ws/rs/javax.ws.rs-api/2.1/javax.ws.rs-api-2.1.jar:/home/user/.m2/repository/org/glassfish/jersey/ext/cdi/jersey-cdi1x/2.27/jersey-cdi1x-2.27.jar:/home/user/.m2/repository/org/glassfish/jersey/inject/jersey-hk2/2.27/jersey-hk2-2.27.jar:/home/user/.m2/repository/org/glassfish/hk2/hk2-locator/2.5.0-b42/hk2-locator-2.5.0-b42.jar:/home/user/.m2/repository/org/javassist/javassist/3.22.0-CR2/javassist-3.22.0-CR2.jar:/home/user/.m2/repository/org/glassfish/hk2/hk2-api/2.5.0/hk2-api-2.5.0.jar:/home/user/.m2/repository/org/glassfish/hk2/external/jakarta.inject/2.5.0/jakarta.inject-2.5.0.jar:/home/user/.m2/repository/org/glassfish/hk2/hk2-utils/2.5.0/hk2-utils-2.5.0.jar:/home/user/.m2/repository/jakarta/annotation/jakarta.annotation-api/1.3.4/jakarta.annotation-api-1.3.4.jar:/home/user/.m2/repository/org/glassfish/hk2/external/aopalliance-repackaged/2.5.0/aopalliance-repackaged-2.5.0.jar:/home/user/.m2/repository/com/fasterxml/jackson/dataformat/jackson-dataformat-xml/2.9.0/jackson-dataformat-xml-2.9.0.jar:/home/user/.m2/repository/com/fasterxml/jackson/module/jackson-module-jaxb-annotations/2.9.9/jackson-module-jaxb-annotations-2.9.9.jar:/home/user/.m2/repository/javax/enterprise/cdi-api/1.2/cdi-api-1.2.jar:/home/user/.m2/repository/javax/el/javax.el-api/3.0.0/javax.el-api-3.0.0.jar:/home/user/.m2/repository/javax/interceptor/javax.interceptor-api/1.2/javax.interceptor-api-1.2.jar:/home/user/.m2/repository/javax/inject/javax.inject/1/javax.inject-1.jar:/home/user/.m2/repository/org/apache/hadoop/hadoop-ozone-csi/0.5.0-SNAPSHOT/hadoop-ozone-csi-0.5.0-SNAPSHOT.jar:/home/user/.m2/repository/com/google/protobuf/protobuf-java-util/3.5.1/protobuf-java-util-3.5.1.jar:/home/user/.m2/repository/io/grpc/grpc-netty/1.17.1/grpc-netty-1.17.1.jar:/home/user/.m2/repository/io/grpc/grpc-core/1.17.1/grpc-core-1.17.1.jar:/home/user/.m2/repository/io/grpc/grpc-context/1.17.1/grpc-context-1.17.1.jar:/home/user/.m2/repository/com/google/errorprone/error_prone_annotations/2.2.0/error_prone_annotations-2.2.0.jar:/home/user/.m2/repository/org/codehaus/mojo/animal-sniffer-annotations/1.17/animal-sniffer-annotations-1.17.jar:/home/user/.m2/repository/io/opencensus/opencensus-api/0.17.0/opencensus-api-0.17.0.jar:/home/user/.m2/repository/io/opencensus/opencensus-contrib-grpc-metrics/0.17.0/opencensus-contrib-grpc-metrics-0.17.0.jar:/home/user/.m2/repository/io/netty/netty-codec-http2/4.1.30.Final/netty-codec-http2-4.1.30.Final.jar:/home/user/.m2/repository/io/netty/netty-codec-http/4.1.30.Final/netty-codec-http-4.1.30.Final.jar:/home/user/.m2/repository/io/netty/netty-codec/4.1.30.Final/netty-codec-4.1.30.Final.jar:/home/user/.m2/repository/io/netty/netty-handler/4.1.30.Final/netty-handler-4.1.30.Final.jar:/home/user/.m2/repository/io/netty/netty-handler-proxy/4.1.30.Final/netty-handler-proxy-4.1.30.Final.jar:/home/user/.m2/repository/io/netty/netty-codec-socks/4.1.30.Final/netty-codec-socks-4.1.30.Final.jar:/home/user/.m2/repository/io/netty/netty-transport-native-epoll/4.1.30.Final/netty-transport-native-epoll-4.1.30.Final.jar:/home/user/.m2/repository/io/netty/netty-common/4.1.30.Final/netty-common-4.1.30.Final.jar:/home/user/.m2/repository/io/netty/netty-buffer/4.1.30.Final/netty-buffer-4.1.30.Final.jar:/home/user/.m2/repository/io/netty/netty-transport/4.1.30.Final/netty-transport-4.1.30.Final.jar:/home/user/.m2/repository/io/netty/netty-resolver/4.1.30.Final/netty-resolver-4.1.30.Final.jar:/home/user/.m2/repository/io/netty/netty-transport-native-unix-common/4.1.30.Final/netty-transport-native-unix-common-4.1.30.Final.jar:/home/user/.m2/repository/io/grpc/grpc-protobuf/1.17.1/grpc-protobuf-1.17.1.jar:/home/user/.m2/repository/com/google/api/grpc/proto-google-common-protos/1.0.0/proto-google-common-protos-1.0.0.jar:/home/user/.m2/repository/io/grpc/grpc-protobuf-lite/1.17.1/grpc-protobuf-lite-1.17.1.jar:/home/user/.m2/repository/io/grpc/grpc-stub/1.17.1/grpc-stub-1.17.1.jar:/home/user/.m2/repository/org/apache/hadoop/hadoop-ozone-recon/0.5.0-SNAPSHOT/hadoop-ozone-recon-0.5.0-SNAPSHOT.jar:/home/user/.m2/repository/org/apache/hadoop/hadoop-ozone-reconcodegen/0.5.0-SNAPSHOT/hadoop-ozone-reconcodegen-0.5.0-SNAPSHOT.jar:/home/user/.m2/repository/com/google/inject/extensions/guice-multibindings/4.0/guice-multibindings-4.0.jar:/home/user/.m2/repository/com/google/inject/guice/4.0/guice-4.0.jar:/home/user/.m2/repository/aopalliance/aopalliance/1.0/aopalliance-1.0.jar:/home/user/.m2/repository/com/google/inject/extensions/guice-servlet/4.0/guice-servlet-4.0.jar:/home/user/.m2/repository/org/glassfish/jersey/containers/jersey-container-servlet/2.27/jersey-container-servlet-2.27.jar:/home/user/.m2/repository/org/glassfish/hk2/guice-bridge/2.5.0/guice-bridge-2.5.0.jar:/home/user/.m2/repository/org/glassfish/jersey/core/jersey-server/2.27/jersey-server-2.27.jar:/home/user/.m2/repository/org/glassfish/jersey/core/jersey-client/2.27/jersey-client-2.27.jar:/home/user/.m2/repository/org/glassfish/jersey/media/jersey-media-jaxb/2.27/jersey-media-jaxb-2.27.jar:/home/user/.m2/repository/javax/validation/validation-api/1.1.0.Final/validation-api-1.1.0.Final.jar:/home/user/.m2/repository/org/glassfish/jersey/media/jersey-media-json-jackson/2.27/jersey-media-json-jackson-2.27.jar:/home/user/.m2/repository/org/glassfish/jersey/ext/jersey-entity-filtering/2.27/jersey-entity-filtering-2.27.jar:/home/user/.m2/repository/com/google/inject/extensions/guice-assistedinject/4.0/guice-assistedinject-4.0.jar:/home/user/.m2/repository/org/jooq/jooq/3.11.10/jooq-3.11.10.jar:/home/user/.m2/repository/org/jooq/jooq-meta/3.11.10/jooq-meta-3.11.10.jar:/home/user/.m2/repository/org/jooq/jooq-codegen/3.11.10/jooq-codegen-3.11.10.jar:/home/user/.m2/repository/com/jolbox/bonecp/0.8.0.RELEASE/bonecp-0.8.0.RELEASE.jar:/home/user/.m2/repository/org/springframework/spring-jdbc/5.1.3.RELEASE/spring-jdbc-5.1.3.RELEASE.jar:/home/user/.m2/repository/org/springframework/spring-beans/5.1.3.RELEASE/spring-beans-5.1.3.RELEASE.jar:/home/user/.m2/repository/org/springframework/spring-core/5.1.3.RELEASE/spring-core-5.1.3.RELEASE.jar:/home/user/.m2/repository/org/springframework/spring-jcl/5.1.3.RELEASE/spring-jcl-5.1.3.RELEASE.jar:/home/user/.m2/repository/org/springframework/spring-tx/5.1.3.RELEASE/spring-tx-5.1.3.RELEASE.jar:/home/user/.m2/repository/org/mockito/mockito-core/2.15.0/mockito-core-2.15.0.jar:/home/user/.m2/repository/net/bytebuddy/byte-buddy/1.7.9/byte-buddy-1.7.9.jar:/home/user/.m2/repository/net/bytebuddy/byte-buddy-agent/1.7.9/byte-buddy-agent-1.7.9.jar:/home/user/.m2/repository/org/objenesis/objenesis/1.0/objenesis-1.0.jar:"/>
    <property name="sun.cpu.endian" value="little"/>
    <property name="user.home" value="/home/user"/>
    <property name="user.language" value="en"/>
    <property name="java.specification.vendor" value="Oracle Corporation"/>
    <property name="java.home" value="/usr/lib/jvm/java-1.8-openjdk/jre"/>
    <property name="java.security.krb5.conf" value="/workdir/hadoop-ozone/tools/target/test-classes/krb5.conf"/>
    <property name="basedir" value="/workdir/hadoop-ozone/tools"/>
    <property name="file.separator" value="/"/>
    <property name="line.separator" value="&#10;"/>
    <property name="java.vm.specification.vendor" value="Oracle Corporation"/>
    <property name="java.specification.name" value="Java Platform API Specification"/>
    <property name="java.awt.graphicsenv" value="sun.awt.X11GraphicsEnvironment"/>
    <property name="surefire.real.class.path" value="/workdir/hadoop-ozone/tools/target/surefire/surefirebooter4510813867083605536.jar"/>
    <property name="hadoop.log.dir" value="/workdir/hadoop-ozone/tools/target/log"/>
    <property name="sun.boot.class.path" value="/usr/lib/jvm/java-1.8-openjdk/jre/lib/resources.jar:/usr/lib/jvm/java-1.8-openjdk/jre/lib/rt.jar:/usr/lib/jvm/java-1.8-openjdk/jre/lib/sunrsasign.jar:/usr/lib/jvm/java-1.8-openjdk/jre/lib/jsse.jar:/usr/lib/jvm/java-1.8-openjdk/jre/lib/jce.jar:/usr/lib/jvm/java-1.8-openjdk/jre/lib/charsets.jar:/usr/lib/jvm/java-1.8-openjdk/jre/lib/jfr.jar:/usr/lib/jvm/java-1.8-openjdk/jre/classes"/>
    <property name="sun.management.compiler" value="HotSpot 64-Bit Tiered Compilers"/>
    <property name="java.runtime.version" value="1.8.0_212-b04"/>
    <property name="java.net.preferIPv4Stack" value="true"/>
    <property name="user.name" value="jenkins1000"/>
    <property name="path.separator" value=":"/>
    <property name="java.security.egd" value="file:///dev/urandom"/>
    <property name="os.version" value="3.10.0-957.12.2.el7.x86_64"/>
    <property name="java.endorsed.dirs" value="/usr/lib/jvm/java-1.8-openjdk/jre/lib/endorsed"/>
    <property name="java.runtime.name" value="OpenJDK Runtime Environment"/>
    <property name="file.encoding" value="UTF-8"/>
    <property name="java.vm.name" value="OpenJDK 64-Bit Server VM"/>
    <property name="test.build.webapps" value=""/>
    <property name="localRepository" value="/home/user/.m2/repository"/>
    <property name="java.vendor.url.bug" value="https://icedtea.classpath.org/bugzilla"/>
    <property name="java.io.tmpdir" value="/tmp"/>
    <property name="require.test.libhadoop" value=""/>
    <property name="java.version" value="1.8.0_212"/>
    <property name="user.dir" value="/workdir/hadoop-ozone/tools"/>
    <property name="os.arch" value="amd64"/>
    <property name="java.vm.specification.name" value="Java Virtual Machine Specification"/>
    <property name="test.build.classes" value="/workdir/hadoop-ozone/tools/target/test-classes"/>
    <property name="java.awt.printerjob" value="sun.print.PSPrinterJob"/>
    <property name="sun.os.patch.level" value="unknown"/>
    <property name="hadoop.tmp.dir" value="/workdir/hadoop-ozone/tools/target/tmp"/>
    <property name="java.library.path" value="/usr/lib/jvm/java-1.8-openjdk/jre/lib/amd64/server:/usr/lib/jvm/java-1.8-openjdk/jre/lib/amd64:/usr/lib/jvm/java-1.8-openjdk/jre/../lib/amd64:/workdir/hadoop-ozone/tools/target/native/target/usr/local/lib:/workdir/hadoop-ozone/tools/../../hadoop-common-project/hadoop-common/target/native/target/usr/local/lib:/usr/java/packages/lib/amd64:/usr/lib64:/lib64:/lib:/usr/lib"/>
    <property name="java.vm.info" value="mixed mode"/>
    <property name="java.vendor" value="IcedTea"/>
    <property name="java.vm.version" value="25.212-b04"/>
    <property name="java.ext.dirs" value="/usr/lib/jvm/java-1.8-openjdk/jre/lib/ext:/usr/java/packages/lib/ext"/>
    <property name="sun.io.unicode.encoding" value="UnicodeLittle"/>
    <property name="java.class.version" value="52.0"/>
  </properties>
  <testcase name="ratisTest3" classname="org.apache.hadoop.ozone.freon.TestRandomKeyGenerator" time="40.595"/>
  <testcase name="testThreadPoolSize" classname="org.apache.hadoop.ozone.freon.TestRandomKeyGenerator" time="5.048"/>
  <testcase name="defaultTest" classname="org.apache.hadoop.ozone.freon.TestRandomKeyGenerator" time="5.055"/>
  <testcase name="bigFileThan2GB" classname="org.apache.hadoop.ozone.freon.TestRandomKeyGenerator" time="64.229">
    <error message="Allocated 0 blocks. Requested 1 blocks" type="INTERNAL_ERROR org.apache.hadoop.ozone.om.exceptions.OMException">INTERNAL_ERROR org.apache.hadoop.ozone.om.exceptions.OMException: Allocated 0 blocks. Requested 1 blocks
	at org.apache.hadoop.ozone.om.protocolPB.OzoneManagerProtocolClientSideTranslatorPB.handleError(OzoneManagerProtocolClientSideTranslatorPB.java:732)
	at org.apache.hadoop.ozone.om.protocolPB.OzoneManagerProtocolClientSideTranslatorPB.allocateBlock(OzoneManagerProtocolClientSideTranslatorPB.java:764)
	at sun.reflect.GeneratedMethodAccessor381.invoke(Unknown Source)
	at sun.reflect.DelegatingMethodAccessorImpl.invoke(DelegatingMethodAccessorImpl.java:43)
	at java.lang.reflect.Method.invoke(Method.java:498)
	at org.apache.hadoop.hdds.tracing.TraceAllMethod.invoke(TraceAllMethod.java:66)
	at com.sun.proxy.$Proxy37.allocateBlock(Unknown Source)
	at org.apache.hadoop.ozone.client.io.BlockOutputStreamEntryPool.allocateNewBlock(BlockOutputStreamEntryPool.java:248)
	at org.apache.hadoop.ozone.client.io.BlockOutputStreamEntryPool.allocateBlockIfNeeded(BlockOutputStreamEntryPool.java:296)
	at org.apache.hadoop.ozone.client.io.KeyOutputStream.handleWrite(KeyOutputStream.java:198)
	at org.apache.hadoop.ozone.client.io.KeyOutputStream.write(KeyOutputStream.java:190)
	at org.apache.hadoop.ozone.client.io.OzoneOutputStream.write(OzoneOutputStream.java:49)
	at org.apache.hadoop.ozone.freon.RandomKeyGenerator.createKey(RandomKeyGenerator.java:708)
	at org.apache.hadoop.ozone.freon.RandomKeyGenerator.access$1100(RandomKeyGenerator.java:88)
	at org.apache.hadoop.ozone.freon.RandomKeyGenerator$ObjectCreator.run(RandomKeyGenerator.java:615)
	at java.util.concurrent.Executors$RunnableAdapter.call(Executors.java:511)
	at java.util.concurrent.FutureTask.run(FutureTask.java:266)
	at java.util.concurrent.ThreadPoolExecutor.runWorker(ThreadPoolExecutor.java:1149)
	at java.util.concurrent.ThreadPoolExecutor$Worker.run(ThreadPoolExecutor.java:624)
	at java.lang.Thread.run(Thread.java:748)
</error>
    <system-out><![CDATA[2019-09-25 09:10:11,089 [grpc-default-executor-5] WARN  client.GrpcClientProtocolService (LogUtils.java:warn(134)) - 9-UnorderedRequestStreamObserver9: onError: org.apache.ratis.thirdparty.io.grpc.StatusRuntimeException: CANCELLED: cancelled before receiving half close
2019-09-25 09:10:19,437 [main] INFO  freon.RandomKeyGenerator (RandomKeyGenerator.java:call(283)) - Number of Threads: 1
2019-09-25 09:10:19,438 [main] INFO  freon.RandomKeyGenerator (RandomKeyGenerator.java:call(288)) - Number of Volumes: 1.
2019-09-25 09:10:19,438 [main] INFO  freon.RandomKeyGenerator (RandomKeyGenerator.java:call(289)) - Number of Buckets per Volume: 1.
2019-09-25 09:10:19,438 [main] INFO  freon.RandomKeyGenerator (RandomKeyGenerator.java:call(290)) - Number of Keys per Bucket: 1.
2019-09-25 09:10:19,439 [main] INFO  freon.RandomKeyGenerator (RandomKeyGenerator.java:call(291)) - Key size: 2147483657 bytes
2019-09-25 09:10:19,439 [main] INFO  freon.RandomKeyGenerator (RandomKeyGenerator.java:call(292)) - Buffer size: 4096 bytes
2019-09-25 09:10:19,439 [main] INFO  freon.RandomKeyGenerator (RandomKeyGenerator.java:call(293)) - validateWrites : true
2019-09-25 09:10:19,442 [pool-277-thread-1] INFO  rpc.RpcClient (RpcClient.java:createVolume(276)) - Creating Volume: vol-0-82370, with jenkins1000 as owner.
2019-09-25 09:10:19,443 [main] INFO  freon.RandomKeyGenerator (RandomKeyGenerator.java:call(307)) - Data validation is enabled.
2019-09-25 09:10:19,443 [main] INFO  freon.RandomKeyGenerator (RandomKeyGenerator.java:call(313)) - Starting progress bar Thread.

 0.00% |█                                                                                                    |  0/1 Time: 0:00:002019-09-25 09:10:19,453 [IPC Server handler 13 on 33011] INFO  volume.OMVolumeCreateRequest (OMVolumeCreateRequest.java:validateAndUpdateCache(194)) - created volume:vol-0-82370 for user:jenkins1000
2019-09-25 09:10:19,459 [pool-277-thread-1] INFO  rpc.RpcClient (RpcClient.java:createBucket(415)) - Creating Bucket: vol-0-82370/bucket-0-87601, with Versioning false and Storage Type set to DISK and Encryption set to false 
 0.00% |█                                                                                                    |  0/1 Time: 0:00:01 0.00% |█                                                                                                    |  0/1 Time: 0:00:02 0.00% |█                                                                                                    |  0/1 Time: 0:00:03 0.00% |█                                                                                                    |  0/1 Time: 0:00:04 0.00% |█                                                                                                    |  0/1 Time: 0:00:05 0.00% |█                                                                                                    |  0/1 Time: 0:00:06 0.00% |█                                                                                                    |  0/1 Time: 0:00:07 0.00% |█                                                                                                    |  0/1 Time: 0:00:08 0.00% |█                                                                                                    |  0/1 Time: 0:00:092019-09-25 09:10:28,858 [grpc-default-executor-1] INFO  impl.RaftServerProxy (RaftServerProxy.java:remove(95)) - cca063d0-dd65-425f-a14c-9274ca3b9f8f: remove  FOLLOWER cca063d0-dd65-425f-a14c-9274ca3b9f8f@group-AF5D63BE1634:t1, leader=77062f9c-7437-4940-9df0-4d8792e0a457, voted=77062f9c-7437-4940-9df0-4d8792e0a457, raftlog=cca063d0-dd65-425f-a14c-9274ca3b9f8f@group-AF5D63BE1634-SegmentedRaftLog:OPENED:c0,f0,i0, conf=0: [77062f9c-7437-4940-9df0-4d8792e0a457:192.168.36.126:40349, cca063d0-dd65-425f-a14c-9274ca3b9f8f:192.168.36.126:36552, a38be40f-b493-4dab-adf5-e821264ef68d:192.168.36.126:38784], old=null RUNNING
2019-09-25 09:10:28,861 [grpc-default-executor-1] INFO  impl.RaftServerImpl (RaftServerImpl.java:lambda$shutdown$3(251)) - cca063d0-dd65-425f-a14c-9274ca3b9f8f@group-AF5D63BE1634: shutdown
2019-09-25 09:10:28,861 [grpc-default-executor-1] INFO  util.JmxRegister (JmxRegister.java:unregister(73)) - Successfully un-registered JMX Bean with object name Ratis:service=RaftServer,group=group-AF5D63BE1634,id=cca063d0-dd65-425f-a14c-9274ca3b9f8f
2019-09-25 09:10:28,861 [grpc-default-executor-1] INFO  impl.RoleInfo (RoleInfo.java:shutdownFollowerState(121)) - cca063d0-dd65-425f-a14c-9274ca3b9f8f: shutdown FollowerState
2019-09-25 09:10:28,861 [Thread-266] INFO  impl.FollowerState (FollowerState.java:run(115)) - cca063d0-dd65-425f-a14c-9274ca3b9f8f: FollowerState was interrupted: java.lang.InterruptedException: sleep interrupted
2019-09-25 09:10:28,862 [grpc-default-executor-1] INFO  impl.StateMachineUpdater (StateMachineUpdater.java:stopAndJoin(125)) - cca063d0-dd65-425f-a14c-9274ca3b9f8f@group-AF5D63BE1634-StateMachineUpdater: set stopIndex = 0
2019-09-25 09:10:28,863 [grpc-default-executor-1] INFO  impl.RaftServerImpl (ServerState.java:close(385)) - cca063d0-dd65-425f-a14c-9274ca3b9f8f@group-AF5D63BE1634: closes. applyIndex: 0
2019-09-25 09:10:28,865 [cca063d0-dd65-425f-a14c-9274ca3b9f8f@group-AF5D63BE1634-SegmentedRaftLogWorker] INFO  segmented.SegmentedRaftLogWorker (SegmentedRaftLogWorker.java:run(313)) - cca063d0-dd65-425f-a14c-9274ca3b9f8f@group-AF5D63BE1634-SegmentedRaftLogWorker was interrupted, exiting. There are 0 tasks remaining in the queue.
2019-09-25 09:10:28,867 [grpc-default-executor-1] INFO  segmented.SegmentedRaftLogWorker (SegmentedRaftLogWorker.java:close(228)) - cca063d0-dd65-425f-a14c-9274ca3b9f8f@group-AF5D63BE1634-SegmentedRaftLogWorker close()
2019-09-25 09:10:28,884 [grpc-default-executor-4] INFO  impl.RaftServerProxy (RaftServerProxy.java:remove(95)) - cca063d0-dd65-425f-a14c-9274ca3b9f8f: remove    LEADER cca063d0-dd65-425f-a14c-9274ca3b9f8f@group-D7E9074EE5C0:t1, leader=cca063d0-dd65-425f-a14c-9274ca3b9f8f, voted=cca063d0-dd65-425f-a14c-9274ca3b9f8f, raftlog=cca063d0-dd65-425f-a14c-9274ca3b9f8f@group-D7E9074EE5C0-SegmentedRaftLog:OPENED:c0,f0,i0, conf=0: [cca063d0-dd65-425f-a14c-9274ca3b9f8f:192.168.36.126:36552], old=null RUNNING
2019-09-25 09:10:28,884 [grpc-default-executor-4] INFO  impl.RaftServerImpl (RaftServerImpl.java:lambda$shutdown$3(251)) - cca063d0-dd65-425f-a14c-9274ca3b9f8f@group-D7E9074EE5C0: shutdown
2019-09-25 09:10:28,884 [grpc-default-executor-4] INFO  util.JmxRegister (JmxRegister.java:unregister(73)) - Successfully un-registered JMX Bean with object name Ratis:service=RaftServer,group=group-D7E9074EE5C0,id=cca063d0-dd65-425f-a14c-9274ca3b9f8f
2019-09-25 09:10:28,884 [grpc-default-executor-4] INFO  impl.RoleInfo (RoleInfo.java:shutdownLeaderState(104)) - cca063d0-dd65-425f-a14c-9274ca3b9f8f: shutdown LeaderState
2019-09-25 09:10:28,885 [grpc-default-executor-4] INFO  impl.PendingRequests (PendingRequests.java:sendNotLeaderResponses(202)) - cca063d0-dd65-425f-a14c-9274ca3b9f8f-PendingRequests: sendNotLeaderResponses
2019-09-25 09:10:28,886 [grpc-default-executor-4] INFO  impl.StateMachineUpdater (StateMachineUpdater.java:stopAndJoin(125)) - cca063d0-dd65-425f-a14c-9274ca3b9f8f@group-D7E9074EE5C0-StateMachineUpdater: set stopIndex = 0
2019-09-25 09:10:28,886 [grpc-default-executor-4] INFO  impl.RaftServerImpl (ServerState.java:close(385)) - cca063d0-dd65-425f-a14c-9274ca3b9f8f@group-D7E9074EE5C0: closes. applyIndex: 0
2019-09-25 09:10:28,887 [cca063d0-dd65-425f-a14c-9274ca3b9f8f@group-D7E9074EE5C0-SegmentedRaftLogWorker] INFO  segmented.SegmentedRaftLogWorker (SegmentedRaftLogWorker.java:run(313)) - cca063d0-dd65-425f-a14c-9274ca3b9f8f@group-D7E9074EE5C0-SegmentedRaftLogWorker was interrupted, exiting. There are 0 tasks remaining in the queue.
2019-09-25 09:10:28,888 [grpc-default-executor-4] INFO  segmented.SegmentedRaftLogWorker (SegmentedRaftLogWorker.java:close(228)) - cca063d0-dd65-425f-a14c-9274ca3b9f8f@group-D7E9074EE5C0-SegmentedRaftLogWorker close()
 0.00% |█                                                                                                    |  0/1 Time: 0:00:10 0.00% |█                                                                                                    |  0/1 Time: 0:00:11 0.00% |█                                                                                                    |  0/1 Time: 0:00:122019-09-25 09:10:32,291 [Thread-267] WARN  util.JavaUtils (JavaUtils.java:sleep(250)) - Unexpected long sleep: sleep(5006ms) actually took 5474ms which is over the threshold 300ms
2019-09-25 09:10:32,291 [java.util.concurrent.ThreadPoolExecutor$Worker@601ea3e4[State = -1, empty queue]] WARN  server.GrpcLogAppender (GrpcLogAppender.java:timeoutAppendRequest(200)) - 77062f9c-7437-4940-9df0-4d8792e0a457@group-AF5D63BE1634->cca063d0-dd65-425f-a14c-9274ca3b9f8f-GrpcLogAppender: appendEntries Timeout, request=77062f9c-7437-4940-9df0-4d8792e0a457->cca063d0-dd65-425f-a14c-9274ca3b9f8f#22-t1, previous=(t:1, i:0), leaderCommit=0, initializing? false, entries: <empty>
 0.00% |█                                                                                                    |  0/1 Time: 0:00:13 0.00% |█                                                                                                    |  0/1 Time: 0:00:152019-09-25 09:10:35,351 [java.util.concurrent.ThreadPoolExecutor$Worker@601ea3e4[State = -1, empty queue]] WARN  server.GrpcLogAppender (GrpcLogAppender.java:timeoutAppendRequest(200)) - 77062f9c-7437-4940-9df0-4d8792e0a457@group-AF5D63BE1634->cca063d0-dd65-425f-a14c-9274ca3b9f8f-GrpcLogAppender: appendEntries Timeout, request=77062f9c-7437-4940-9df0-4d8792e0a457->cca063d0-dd65-425f-a14c-9274ca3b9f8f#23-t1, previous=(t:1, i:0), leaderCommit=0, initializing? false, entries: <empty>
 0.00% |█                                                                                                    |  0/1 Time: 0:00:16 0.00% |█                                                                                                    |  0/1 Time: 0:00:17 0.00% |█                                                                                                    |  0/1 Time: 0:00:182019-09-25 09:10:37,570 [grpc-default-executor-3] INFO  impl.RaftServerProxy (RaftServerProxy.java:remove(95)) - a38be40f-b493-4dab-adf5-e821264ef68d: remove  FOLLOWER a38be40f-b493-4dab-adf5-e821264ef68d@group-AF5D63BE1634:t1, leader=77062f9c-7437-4940-9df0-4d8792e0a457, voted=a38be40f-b493-4dab-adf5-e821264ef68d, raftlog=a38be40f-b493-4dab-adf5-e821264ef68d@group-AF5D63BE1634-SegmentedRaftLog:OPENED:c0,f0,i0, conf=0: [77062f9c-7437-4940-9df0-4d8792e0a457:192.168.36.126:40349, cca063d0-dd65-425f-a14c-9274ca3b9f8f:192.168.36.126:36552, a38be40f-b493-4dab-adf5-e821264ef68d:192.168.36.126:38784], old=null RUNNING
2019-09-25 09:10:37,570 [grpc-default-executor-3] INFO  impl.RaftServerImpl (RaftServerImpl.java:lambda$shutdown$3(251)) - a38be40f-b493-4dab-adf5-e821264ef68d@group-AF5D63BE1634: shutdown
2019-09-25 09:10:37,571 [grpc-default-executor-3] INFO  util.JmxRegister (JmxRegister.java:unregister(73)) - Successfully un-registered JMX Bean with object name Ratis:service=RaftServer,group=group-AF5D63BE1634,id=a38be40f-b493-4dab-adf5-e821264ef68d
2019-09-25 09:10:37,571 [grpc-default-executor-3] INFO  impl.RoleInfo (RoleInfo.java:shutdownFollowerState(121)) - a38be40f-b493-4dab-adf5-e821264ef68d: shutdown FollowerState
2019-09-25 09:10:37,571 [grpc-default-executor-3] INFO  impl.StateMachineUpdater (StateMachineUpdater.java:stopAndJoin(125)) - a38be40f-b493-4dab-adf5-e821264ef68d@group-AF5D63BE1634-StateMachineUpdater: set stopIndex = 0
2019-09-25 09:10:37,571 [Thread-267] INFO  impl.FollowerState (FollowerState.java:run(115)) - a38be40f-b493-4dab-adf5-e821264ef68d: FollowerState was interrupted: java.lang.InterruptedException: sleep interrupted
2019-09-25 09:10:37,573 [grpc-default-executor-3] INFO  impl.RaftServerImpl (ServerState.java:close(385)) - a38be40f-b493-4dab-adf5-e821264ef68d@group-AF5D63BE1634: closes. applyIndex: 0
2019-09-25 09:10:37,573 [a38be40f-b493-4dab-adf5-e821264ef68d@group-AF5D63BE1634-SegmentedRaftLogWorker] INFO  segmented.SegmentedRaftLogWorker (SegmentedRaftLogWorker.java:run(313)) - a38be40f-b493-4dab-adf5-e821264ef68d@group-AF5D63BE1634-SegmentedRaftLogWorker was interrupted, exiting. There are 0 tasks remaining in the queue.
2019-09-25 09:10:37,792 [java.util.concurrent.ThreadPoolExecutor$Worker@601ea3e4[State = -1, empty queue]] WARN  server.GrpcLogAppender (GrpcLogAppender.java:timeoutAppendRequest(200)) - 77062f9c-7437-4940-9df0-4d8792e0a457@group-AF5D63BE1634->cca063d0-dd65-425f-a14c-9274ca3b9f8f-GrpcLogAppender: appendEntries Timeout, request=77062f9c-7437-4940-9df0-4d8792e0a457->cca063d0-dd65-425f-a14c-9274ca3b9f8f#24-t1, previous=(t:1, i:0), leaderCommit=0, initializing? false, entries: <empty>
 0.00% |█                                                                                                    |  0/1 Time: 0:00:192019-09-25 09:10:38,562 [java.util.concurrent.ThreadPoolExecutor$Worker@70dd6c9c[State = -1, empty queue]] WARN  server.GrpcLogAppender (GrpcLogAppender.java:timeoutAppendRequest(200)) - 77062f9c-7437-4940-9df0-4d8792e0a457@group-98AF33E75A79->a38be40f-b493-4dab-adf5-e821264ef68d-GrpcLogAppender: appendEntries Timeout, request=77062f9c-7437-4940-9df0-4d8792e0a457->a38be40f-b493-4dab-adf5-e821264ef68d#3138-t1, previous=(t:1, i:3126), leaderCommit=3125, initializing? false, entries: size=1, first=(t:1, i:3127), METADATAENTRY(c3125)
2019-09-25 09:10:38,562 [java.util.concurrent.ThreadPoolExecutor$Worker@75f4e881[State = -1, empty queue]] WARN  server.GrpcLogAppender (GrpcLogAppender.java:timeoutAppendRequest(200)) - 77062f9c-7437-4940-9df0-4d8792e0a457@group-98AF33E75A79->cca063d0-dd65-425f-a14c-9274ca3b9f8f-GrpcLogAppender: appendEntries Timeout, request=77062f9c-7437-4940-9df0-4d8792e0a457->cca063d0-dd65-425f-a14c-9274ca3b9f8f#3138-t1, previous=(t:1, i:3126), leaderCommit=3125, initializing? false, entries: size=1, first=(t:1, i:3127), METADATAENTRY(c3125)
2019-09-25 09:10:38,568 [java.util.concurrent.ThreadPoolExecutor$Worker@70dd6c9c[State = -1, empty queue]] WARN  server.GrpcLogAppender (GrpcLogAppender.java:timeoutAppendRequest(200)) - 77062f9c-7437-4940-9df0-4d8792e0a457@group-98AF33E75A79->a38be40f-b493-4dab-adf5-e821264ef68d-GrpcLogAppender: appendEntries Timeout, request=77062f9c-7437-4940-9df0-4d8792e0a457->a38be40f-b493-4dab-adf5-e821264ef68d#3139-t1, previous=(t:1, i:3127), leaderCommit=3125, initializing? false, entries: size=1, first=(t:1, i:3128), STATEMACHINELOGENTRY, client-9D705DD0E889, cid=2147
2019-09-25 09:10:38,568 [java.util.concurrent.ThreadPoolExecutor$Worker@70dd6c9c[State = -1, empty queue]] WARN  server.GrpcLogAppender (GrpcLogAppender.java:timeoutAppendRequest(200)) - 77062f9c-7437-4940-9df0-4d8792e0a457@group-98AF33E75A79->a38be40f-b493-4dab-adf5-e821264ef68d-GrpcLogAppender: appendEntries Timeout, request=77062f9c-7437-4940-9df0-4d8792e0a457->a38be40f-b493-4dab-adf5-e821264ef68d#3140-t1, previous=(t:1, i:3128), leaderCommit=3125, initializing? false, entries: size=1, first=(t:1, i:3129), STATEMACHINELOGENTRY, client-9D705DD0E889, cid=2148
2019-09-25 09:10:38,568 [java.util.concurrent.ThreadPoolExecutor$Worker@75f4e881[State = -1, empty queue]] WARN  server.GrpcLogAppender (GrpcLogAppender.java:timeoutAppendRequest(200)) - 77062f9c-7437-4940-9df0-4d8792e0a457@group-98AF33E75A79->cca063d0-dd65-425f-a14c-9274ca3b9f8f-GrpcLogAppender: appendEntries Timeout, request=77062f9c-7437-4940-9df0-4d8792e0a457->cca063d0-dd65-425f-a14c-9274ca3b9f8f#3139-t1, previous=(t:1, i:3127), leaderCommit=3125, initializing? false, entries: size=1, first=(t:1, i:3128), STATEMACHINELOGENTRY, client-9D705DD0E889, cid=2147
2019-09-25 09:10:38,568 [java.util.concurrent.ThreadPoolExecutor$Worker@75f4e881[State = -1, empty queue]] WARN  server.GrpcLogAppender (GrpcLogAppender.java:timeoutAppendRequest(200)) - 77062f9c-7437-4940-9df0-4d8792e0a457@group-98AF33E75A79->cca063d0-dd65-425f-a14c-9274ca3b9f8f-GrpcLogAppender: appendEntries Timeout, request=77062f9c-7437-4940-9df0-4d8792e0a457->cca063d0-dd65-425f-a14c-9274ca3b9f8f#3140-t1, previous=(t:1, i:3128), leaderCommit=3125, initializing? false, entries: size=1, first=(t:1, i:3129), STATEMACHINELOGENTRY, client-9D705DD0E889, cid=2148
 0.00% |█                                                                                                    |  0/1 Time: 0:00:202019-09-25 09:10:39,920 [grpc-default-executor-3] INFO  segmented.SegmentedRaftLogWorker (SegmentedRaftLogWorker.java:close(228)) - a38be40f-b493-4dab-adf5-e821264ef68d@group-AF5D63BE1634-SegmentedRaftLogWorker close()
2019-09-25 09:10:40,292 [java.util.concurrent.ThreadPoolExecutor$Worker@601ea3e4[State = -1, empty queue]] WARN  server.GrpcLogAppender (GrpcLogAppender.java:timeoutAppendRequest(200)) - 77062f9c-7437-4940-9df0-4d8792e0a457@group-AF5D63BE1634->cca063d0-dd65-425f-a14c-9274ca3b9f8f-GrpcLogAppender: appendEntries Timeout, request=77062f9c-7437-4940-9df0-4d8792e0a457->cca063d0-dd65-425f-a14c-9274ca3b9f8f#25-t1, previous=(t:1, i:0), leaderCommit=0, initializing? false, entries: <empty>
 0.00% |█                                                                                                    |  0/1 Time: 0:00:212019-09-25 09:10:41,084 [java.util.concurrent.ThreadPoolExecutor$Worker@75f4e881[State = -1, empty queue]] WARN  server.GrpcLogAppender (GrpcLogAppender.java:timeoutAppendRequest(200)) - 77062f9c-7437-4940-9df0-4d8792e0a457@group-98AF33E75A79->cca063d0-dd65-425f-a14c-9274ca3b9f8f-GrpcLogAppender: appendEntries Timeout, request=77062f9c-7437-4940-9df0-4d8792e0a457->cca063d0-dd65-425f-a14c-9274ca3b9f8f#3141-t1, previous=(t:1, i:3129), leaderCommit=3126, initializing? false, entries: <empty>
2019-09-25 09:10:41,084 [java.util.concurrent.ThreadPoolExecutor$Worker@70dd6c9c[State = -1, empty queue]] WARN  server.GrpcLogAppender (GrpcLogAppender.java:timeoutAppendRequest(200)) - 77062f9c-7437-4940-9df0-4d8792e0a457@group-98AF33E75A79->a38be40f-b493-4dab-adf5-e821264ef68d-GrpcLogAppender: appendEntries Timeout, request=77062f9c-7437-4940-9df0-4d8792e0a457->a38be40f-b493-4dab-adf5-e821264ef68d#3141-t1, previous=(t:1, i:3129), leaderCommit=3126, initializing? false, entries: <empty>
 0.00% |█                                                                                                    |  0/1 Time: 0:00:22 0.00% |█                                                                                                    |  0/1 Time: 0:00:232019-09-25 09:10:42,793 [java.util.concurrent.ThreadPoolExecutor$Worker@601ea3e4[State = -1, empty queue]] WARN  server.GrpcLogAppender (GrpcLogAppender.java:timeoutAppendRequest(200)) - 77062f9c-7437-4940-9df0-4d8792e0a457@group-AF5D63BE1634->cca063d0-dd65-425f-a14c-9274ca3b9f8f-GrpcLogAppender: appendEntries Timeout, request=77062f9c-7437-4940-9df0-4d8792e0a457->cca063d0-dd65-425f-a14c-9274ca3b9f8f#26-t1, previous=(t:1, i:0), leaderCommit=0, initializing? false, entries: <empty>
2019-09-25 09:10:42,795 [java.util.concurrent.ThreadPoolExecutor$Worker@3dfa4156[State = -1, empty queue]] WARN  server.GrpcLogAppender (GrpcLogAppender.java:timeoutAppendRequest(200)) - 77062f9c-7437-4940-9df0-4d8792e0a457@group-AF5D63BE1634->a38be40f-b493-4dab-adf5-e821264ef68d-GrpcLogAppender: appendEntries Timeout, request=77062f9c-7437-4940-9df0-4d8792e0a457->a38be40f-b493-4dab-adf5-e821264ef68d#26-t1, previous=(t:1, i:0), leaderCommit=0, initializing? false, entries: <empty>
2019-09-25 09:10:42,920 [grpc-default-executor-4] WARN  server.GrpcLogAppender (GrpcLogAppender.java:onNextImpl(251)) - 77062f9c-7437-4940-9df0-4d8792e0a457@group-98AF33E75A79->a38be40f-b493-4dab-adf5-e821264ef68d-AppendLogResponseHandler: Request not found, ignoring reply: 77062f9c-7437-4940-9df0-4d8792e0a457<-a38be40f-b493-4dab-adf5-e821264ef68d#3138:OK,SUCCESS,nextIndex:3128,term:1,followerCommit:3126
2019-09-25 09:10:42,920 [grpc-default-executor-3] WARN  server.GrpcLogAppender (GrpcLogAppender.java:onNextImpl(251)) - 77062f9c-7437-4940-9df0-4d8792e0a457@group-98AF33E75A79->cca063d0-dd65-425f-a14c-9274ca3b9f8f-AppendLogResponseHandler: Request not found, ignoring reply: 77062f9c-7437-4940-9df0-4d8792e0a457<-cca063d0-dd65-425f-a14c-9274ca3b9f8f#3138:OK,SUCCESS,nextIndex:3128,term:1,followerCommit:3126
2019-09-25 09:10:42,920 [grpc-default-executor-4] WARN  server.GrpcLogAppender (GrpcLogAppender.java:onNextImpl(251)) - 77062f9c-7437-4940-9df0-4d8792e0a457@group-98AF33E75A79->a38be40f-b493-4dab-adf5-e821264ef68d-AppendLogResponseHandler: Request not found, ignoring reply: 77062f9c-7437-4940-9df0-4d8792e0a457<-a38be40f-b493-4dab-adf5-e821264ef68d#3139:OK,SUCCESS,nextIndex:3129,term:1,followerCommit:3126
2019-09-25 09:10:42,921 [grpc-default-executor-3] WARN  server.GrpcLogAppender (GrpcLogAppender.java:onNextImpl(251)) - 77062f9c-7437-4940-9df0-4d8792e0a457@group-98AF33E75A79->cca063d0-dd65-425f-a14c-9274ca3b9f8f-AppendLogResponseHandler: Request not found, ignoring reply: 77062f9c-7437-4940-9df0-4d8792e0a457<-cca063d0-dd65-425f-a14c-9274ca3b9f8f#3139:OK,SUCCESS,nextIndex:3129,term:1,followerCommit:3126
2019-09-25 09:10:42,921 [grpc-default-executor-4] WARN  server.GrpcLogAppender (GrpcLogAppender.java:onNextImpl(251)) - 77062f9c-7437-4940-9df0-4d8792e0a457@group-98AF33E75A79->a38be40f-b493-4dab-adf5-e821264ef68d-AppendLogResponseHandler: Request not found, ignoring reply: 77062f9c-7437-4940-9df0-4d8792e0a457<-a38be40f-b493-4dab-adf5-e821264ef68d#3140:OK,SUCCESS,nextIndex:3130,term:1,followerCommit:3126
2019-09-25 09:10:42,921 [grpc-default-executor-3] WARN  server.GrpcLogAppender (GrpcLogAppender.java:onNextImpl(251)) - 77062f9c-7437-4940-9df0-4d8792e0a457@group-98AF33E75A79->cca063d0-dd65-425f-a14c-9274ca3b9f8f-AppendLogResponseHandler: Request not found, ignoring reply: 77062f9c-7437-4940-9df0-4d8792e0a457<-cca063d0-dd65-425f-a14c-9274ca3b9f8f#3140:OK,SUCCESS,nextIndex:3130,term:1,followerCommit:3126
2019-09-25 09:10:42,921 [grpc-default-executor-4] WARN  server.GrpcLogAppender (GrpcLogAppender.java:onNextImpl(251)) - 77062f9c-7437-4940-9df0-4d8792e0a457@group-98AF33E75A79->a38be40f-b493-4dab-adf5-e821264ef68d-AppendLogResponseHandler: Request not found, ignoring reply: 77062f9c-7437-4940-9df0-4d8792e0a457<-a38be40f-b493-4dab-adf5-e821264ef68d#3141:OK,SUCCESS,nextIndex:3130,term:1,followerCommit:3126
2019-09-25 09:10:42,921 [grpc-default-executor-3] WARN  server.GrpcLogAppender (GrpcLogAppender.java:onNextImpl(251)) - 77062f9c-7437-4940-9df0-4d8792e0a457@group-98AF33E75A79->cca063d0-dd65-425f-a14c-9274ca3b9f8f-AppendLogResponseHandler: Request not found, ignoring reply: 77062f9c-7437-4940-9df0-4d8792e0a457<-cca063d0-dd65-425f-a14c-9274ca3b9f8f#3141:OK,SUCCESS,nextIndex:3130,term:1,followerCommit:3126
 0.00% |█                                                                                                    |  0/1 Time: 0:00:24 0.00% |█                                                                                                    |  0/1 Time: 0:00:252019-09-25 09:10:45,293 [java.util.concurrent.ThreadPoolExecutor$Worker@601ea3e4[State = -1, empty queue]] WARN  server.GrpcLogAppender (GrpcLogAppender.java:timeoutAppendRequest(200)) - 77062f9c-7437-4940-9df0-4d8792e0a457@group-AF5D63BE1634->cca063d0-dd65-425f-a14c-9274ca3b9f8f-GrpcLogAppender: appendEntries Timeout, request=77062f9c-7437-4940-9df0-4d8792e0a457->cca063d0-dd65-425f-a14c-9274ca3b9f8f#27-t1, previous=(t:1, i:0), leaderCommit=0, initializing? false, entries: <empty>
2019-09-25 09:10:45,296 [java.util.concurrent.ThreadPoolExecutor$Worker@3dfa4156[State = -1, empty queue]] WARN  server.GrpcLogAppender (GrpcLogAppender.java:timeoutAppendRequest(200)) - 77062f9c-7437-4940-9df0-4d8792e0a457@group-AF5D63BE1634->a38be40f-b493-4dab-adf5-e821264ef68d-GrpcLogAppender: appendEntries Timeout, request=77062f9c-7437-4940-9df0-4d8792e0a457->a38be40f-b493-4dab-adf5-e821264ef68d#27-t1, previous=(t:1, i:0), leaderCommit=0, initializing? false, entries: <empty>
 0.00% |█                                                                                                    |  0/1 Time: 0:00:26 0.00% |█                                                                                                    |  0/1 Time: 0:00:272019-09-25 09:10:46,830 [java.util.concurrent.ThreadPoolExecutor$Worker@70dd6c9c[State = -1, empty queue]] WARN  server.GrpcLogAppender (GrpcLogAppender.java:timeoutAppendRequest(200)) - 77062f9c-7437-4940-9df0-4d8792e0a457@group-98AF33E75A79->a38be40f-b493-4dab-adf5-e821264ef68d-GrpcLogAppender: appendEntries Timeout, request=77062f9c-7437-4940-9df0-4d8792e0a457->a38be40f-b493-4dab-adf5-e821264ef68d#3249-t1, previous=(t:1, i:3235), leaderCommit=3233, initializing? false, entries: size=1, first=(t:1, i:3236), STATEMACHINELOGENTRY, client-9D705DD0E889, cid=2217
2019-09-25 09:10:46,830 [java.util.concurrent.ThreadPoolExecutor$Worker@75f4e881[State = -1, empty queue]] WARN  server.GrpcLogAppender (GrpcLogAppender.java:timeoutAppendRequest(200)) - 77062f9c-7437-4940-9df0-4d8792e0a457@group-98AF33E75A79->cca063d0-dd65-425f-a14c-9274ca3b9f8f-GrpcLogAppender: appendEntries Timeout, request=77062f9c-7437-4940-9df0-4d8792e0a457->cca063d0-dd65-425f-a14c-9274ca3b9f8f#3249-t1, previous=(t:1, i:3235), leaderCommit=3233, initializing? false, entries: size=1, first=(t:1, i:3236), STATEMACHINELOGENTRY, client-9D705DD0E889, cid=2217
2019-09-25 09:10:46,830 [java.util.concurrent.ThreadPoolExecutor$Worker@70dd6c9c[State = -1, empty queue]] WARN  server.GrpcLogAppender (GrpcLogAppender.java:timeoutAppendRequest(200)) - 77062f9c-7437-4940-9df0-4d8792e0a457@group-98AF33E75A79->a38be40f-b493-4dab-adf5-e821264ef68d-GrpcLogAppender: appendEntries Timeout, request=77062f9c-7437-4940-9df0-4d8792e0a457->a38be40f-b493-4dab-adf5-e821264ef68d#3250-t1, previous=(t:1, i:3236), leaderCommit=3233, initializing? false, entries: size=1, first=(t:1, i:3237), STATEMACHINELOGENTRY, client-9D705DD0E889, cid=2218
2019-09-25 09:10:46,831 [java.util.concurrent.ThreadPoolExecutor$Worker@75f4e881[State = -1, empty queue]] WARN  server.GrpcLogAppender (GrpcLogAppender.java:timeoutAppendRequest(200)) - 77062f9c-7437-4940-9df0-4d8792e0a457@group-98AF33E75A79->cca063d0-dd65-425f-a14c-9274ca3b9f8f-GrpcLogAppender: appendEntries Timeout, request=77062f9c-7437-4940-9df0-4d8792e0a457->cca063d0-dd65-425f-a14c-9274ca3b9f8f#3250-t1, previous=(t:1, i:3236), leaderCommit=3233, initializing? false, entries: size=1, first=(t:1, i:3237), STATEMACHINELOGENTRY, client-9D705DD0E889, cid=2218
 0.00% |█                                                                                                    |  0/1 Time: 0:00:282019-09-25 09:10:47,793 [java.util.concurrent.ThreadPoolExecutor$Worker@601ea3e4[State = -1, empty queue]] WARN  server.GrpcLogAppender (GrpcLogAppender.java:timeoutAppendRequest(200)) - 77062f9c-7437-4940-9df0-4d8792e0a457@group-AF5D63BE1634->cca063d0-dd65-425f-a14c-9274ca3b9f8f-GrpcLogAppender: appendEntries Timeout, request=77062f9c-7437-4940-9df0-4d8792e0a457->cca063d0-dd65-425f-a14c-9274ca3b9f8f#28-t1, previous=(t:1, i:0), leaderCommit=0, initializing? false, entries: <empty>
2019-09-25 09:10:47,796 [java.util.concurrent.ThreadPoolExecutor$Worker@3dfa4156[State = -1, empty queue]] WARN  server.GrpcLogAppender (GrpcLogAppender.java:timeoutAppendRequest(200)) - 77062f9c-7437-4940-9df0-4d8792e0a457@group-AF5D63BE1634->a38be40f-b493-4dab-adf5-e821264ef68d-GrpcLogAppender: appendEntries Timeout, request=77062f9c-7437-4940-9df0-4d8792e0a457->a38be40f-b493-4dab-adf5-e821264ef68d#28-t1, previous=(t:1, i:0), leaderCommit=0, initializing? false, entries: <empty>
2019-09-25 09:10:48,179 [grpc-default-executor-4] WARN  server.GrpcLogAppender (GrpcLogAppender.java:onNextImpl(251)) - 77062f9c-7437-4940-9df0-4d8792e0a457@group-98AF33E75A79->a38be40f-b493-4dab-adf5-e821264ef68d-AppendLogResponseHandler: Request not found, ignoring reply: 77062f9c-7437-4940-9df0-4d8792e0a457<-a38be40f-b493-4dab-adf5-e821264ef68d#3249:OK,SUCCESS,nextIndex:3237,term:1,followerCommit:3235
2019-09-25 09:10:48,179 [grpc-default-executor-4] WARN  server.GrpcLogAppender (GrpcLogAppender.java:onNextImpl(251)) - 77062f9c-7437-4940-9df0-4d8792e0a457@group-98AF33E75A79->cca063d0-dd65-425f-a14c-9274ca3b9f8f-AppendLogResponseHandler: Request not found, ignoring reply: 77062f9c-7437-4940-9df0-4d8792e0a457<-cca063d0-dd65-425f-a14c-9274ca3b9f8f#3249:OK,SUCCESS,nextIndex:3237,term:1,followerCommit:3235
2019-09-25 09:10:48,179 [grpc-default-executor-1] WARN  server.GrpcLogAppender (GrpcLogAppender.java:onNextImpl(251)) - 77062f9c-7437-4940-9df0-4d8792e0a457@group-98AF33E75A79->a38be40f-b493-4dab-adf5-e821264ef68d-AppendLogResponseHandler: Request not found, ignoring reply: 77062f9c-7437-4940-9df0-4d8792e0a457<-a38be40f-b493-4dab-adf5-e821264ef68d#3250:OK,SUCCESS,nextIndex:3238,term:1,followerCommit:3235
2019-09-25 09:10:48,179 [grpc-default-executor-4] WARN  server.GrpcLogAppender (GrpcLogAppender.java:onNextImpl(251)) - 77062f9c-7437-4940-9df0-4d8792e0a457@group-98AF33E75A79->cca063d0-dd65-425f-a14c-9274ca3b9f8f-AppendLogResponseHandler: Request not found, ignoring reply: 77062f9c-7437-4940-9df0-4d8792e0a457<-cca063d0-dd65-425f-a14c-9274ca3b9f8f#3250:OK,SUCCESS,nextIndex:3238,term:1,followerCommit:3235
 0.00% |█                                                                                                    |  0/1 Time: 0:00:29 0.00% |█                                                                                                    |  0/1 Time: 0:00:302019-09-25 09:10:50,294 [java.util.concurrent.ThreadPoolExecutor$Worker@601ea3e4[State = -1, empty queue]] WARN  server.GrpcLogAppender (GrpcLogAppender.java:timeoutAppendRequest(200)) - 77062f9c-7437-4940-9df0-4d8792e0a457@group-AF5D63BE1634->cca063d0-dd65-425f-a14c-9274ca3b9f8f-GrpcLogAppender: appendEntries Timeout, request=77062f9c-7437-4940-9df0-4d8792e0a457->cca063d0-dd65-425f-a14c-9274ca3b9f8f#29-t1, previous=(t:1, i:0), leaderCommit=0, initializing? false, entries: <empty>
2019-09-25 09:10:50,296 [java.util.concurrent.ThreadPoolExecutor$Worker@3dfa4156[State = -1, empty queue]] WARN  server.GrpcLogAppender (GrpcLogAppender.java:timeoutAppendRequest(200)) - 77062f9c-7437-4940-9df0-4d8792e0a457@group-AF5D63BE1634->a38be40f-b493-4dab-adf5-e821264ef68d-GrpcLogAppender: appendEntries Timeout, request=77062f9c-7437-4940-9df0-4d8792e0a457->a38be40f-b493-4dab-adf5-e821264ef68d#29-t1, previous=(t:1, i:0), leaderCommit=0, initializing? false, entries: <empty>
 0.00% |█                                                                                                    |  0/1 Time: 0:00:31 0.00% |█                                                                                                    |  0/1 Time: 0:00:322019-09-25 09:10:51,896 [grpc-default-executor-4] INFO  impl.RaftServerProxy (RaftServerProxy.java:remove(95)) - 77062f9c-7437-4940-9df0-4d8792e0a457: remove    LEADER 77062f9c-7437-4940-9df0-4d8792e0a457@group-AF5D63BE1634:t1, leader=77062f9c-7437-4940-9df0-4d8792e0a457, voted=77062f9c-7437-4940-9df0-4d8792e0a457, raftlog=77062f9c-7437-4940-9df0-4d8792e0a457@group-AF5D63BE1634-SegmentedRaftLog:OPENED:c0,f0,i0, conf=0: [77062f9c-7437-4940-9df0-4d8792e0a457:192.168.36.126:40349, cca063d0-dd65-425f-a14c-9274ca3b9f8f:192.168.36.126:36552, a38be40f-b493-4dab-adf5-e821264ef68d:192.168.36.126:38784], old=null RUNNING
2019-09-25 09:10:51,896 [grpc-default-executor-4] INFO  impl.RaftServerImpl (RaftServerImpl.java:lambda$shutdown$3(251)) - 77062f9c-7437-4940-9df0-4d8792e0a457@group-AF5D63BE1634: shutdown
2019-09-25 09:10:51,897 [grpc-default-executor-4] INFO  util.JmxRegister (JmxRegister.java:unregister(73)) - Successfully un-registered JMX Bean with object name Ratis:service=RaftServer,group=group-AF5D63BE1634,id=77062f9c-7437-4940-9df0-4d8792e0a457
2019-09-25 09:10:51,897 [grpc-default-executor-4] INFO  impl.RoleInfo (RoleInfo.java:shutdownLeaderState(104)) - 77062f9c-7437-4940-9df0-4d8792e0a457: shutdown LeaderState
2019-09-25 09:10:51,901 [grpc-default-executor-4] INFO  impl.PendingRequests (PendingRequests.java:sendNotLeaderResponses(202)) - 77062f9c-7437-4940-9df0-4d8792e0a457-PendingRequests: sendNotLeaderResponses
2019-09-25 09:10:51,901 [org.apache.ratis.server.impl.LogAppender$AppenderDaemon$$Lambda$796/504359277@7e6c75ac] WARN  server.GrpcLogAppender (GrpcLogAppender.java:mayWait(143)) - 77062f9c-7437-4940-9df0-4d8792e0a457@group-AF5D63BE1634->a38be40f-b493-4dab-adf5-e821264ef68d-GrpcLogAppender: Wait interrupted by java.lang.InterruptedException
2019-09-25 09:10:51,901 [org.apache.ratis.server.impl.LogAppender$AppenderDaemon$$Lambda$796/504359277@6b840d67] WARN  server.GrpcLogAppender (GrpcLogAppender.java:mayWait(143)) - 77062f9c-7437-4940-9df0-4d8792e0a457@group-AF5D63BE1634->cca063d0-dd65-425f-a14c-9274ca3b9f8f-GrpcLogAppender: Wait interrupted by java.lang.InterruptedException
2019-09-25 09:10:51,901 [grpc-default-executor-4] INFO  impl.StateMachineUpdater (StateMachineUpdater.java:stopAndJoin(125)) - 77062f9c-7437-4940-9df0-4d8792e0a457@group-AF5D63BE1634-StateMachineUpdater: set stopIndex = 0
2019-09-25 09:10:51,902 [grpc-default-executor-4] INFO  impl.RaftServerImpl (ServerState.java:close(385)) - 77062f9c-7437-4940-9df0-4d8792e0a457@group-AF5D63BE1634: closes. applyIndex: 0
2019-09-25 09:10:51,902 [77062f9c-7437-4940-9df0-4d8792e0a457@group-AF5D63BE1634-SegmentedRaftLogWorker] INFO  segmented.SegmentedRaftLogWorker (SegmentedRaftLogWorker.java:run(313)) - 77062f9c-7437-4940-9df0-4d8792e0a457@group-AF5D63BE1634-SegmentedRaftLogWorker was interrupted, exiting. There are 0 tasks remaining in the queue.
2019-09-25 09:10:51,904 [grpc-default-executor-4] INFO  segmented.SegmentedRaftLogWorker (SegmentedRaftLogWorker.java:close(228)) - 77062f9c-7437-4940-9df0-4d8792e0a457@group-AF5D63BE1634-SegmentedRaftLogWorker close()
2019-09-25 09:10:51,909 [grpc-default-executor-3] INFO  server.GrpcServerProtocolService (GrpcServerProtocolService.java:onCompleted(113)) - a38be40f-b493-4dab-adf5-e821264ef68d: Completed APPEND_ENTRIES, lastRequest: 77062f9c-7437-4940-9df0-4d8792e0a457->a38be40f-b493-4dab-adf5-e821264ef68d#30-t1, previous=(t:1, i:0), leaderCommit=0, initializing? false, entries: <empty>
2019-09-25 09:10:51,909 [grpc-default-executor-5] INFO  server.GrpcServerProtocolService (GrpcServerProtocolService.java:onCompleted(113)) - cca063d0-dd65-425f-a14c-9274ca3b9f8f: Completed APPEND_ENTRIES, lastRequest: 77062f9c-7437-4940-9df0-4d8792e0a457->cca063d0-dd65-425f-a14c-9274ca3b9f8f#30-t1, previous=(t:1, i:0), leaderCommit=0, initializing? false, entries: <empty>
2019-09-25 09:10:51,909 [grpc-default-executor-3] INFO  server.GrpcLogAppender (GrpcLogAppender.java:onCompleted(293)) - 77062f9c-7437-4940-9df0-4d8792e0a457@group-AF5D63BE1634->a38be40f-b493-4dab-adf5-e821264ef68d-AppendLogResponseHandler: follower responses appendEntries COMPLETED
2019-09-25 09:10:51,910 [grpc-default-executor-5] INFO  server.GrpcLogAppender (GrpcLogAppender.java:onCompleted(293)) - 77062f9c-7437-4940-9df0-4d8792e0a457@group-AF5D63BE1634->cca063d0-dd65-425f-a14c-9274ca3b9f8f-AppendLogResponseHandler: follower responses appendEntries COMPLETED
2019-09-25 09:10:51,911 [grpc-default-executor-1] WARN  server.GrpcLogAppender (LogUtils.java:warn(134)) - 77062f9c-7437-4940-9df0-4d8792e0a457@group-98AF33E75A79->cca063d0-dd65-425f-a14c-9274ca3b9f8f-AppendLogResponseHandler: Failed appendEntries: org.apache.ratis.thirdparty.io.grpc.StatusRuntimeException: UNAVAILABLE: Channel shutdownNow invoked
2019-09-25 09:10:51,913 [grpc-default-executor-5] INFO  impl.FollowerInfo (FollowerInfo.java:lambda$new$0(51)) - 77062f9c-7437-4940-9df0-4d8792e0a457@group-AF5D63BE1634->cca063d0-dd65-425f-a14c-9274ca3b9f8f: nextIndex: updateUnconditionally 1 -> 0
2019-09-25 09:10:51,913 [grpc-default-executor-0] WARN  server.GrpcServerProtocolService (LogUtils.java:warn(134)) - a38be40f-b493-4dab-adf5-e821264ef68d: installSnapshot onError, lastRequest: 77062f9c-7437-4940-9df0-4d8792e0a457->a38be40f-b493-4dab-adf5-e821264ef68d#3470-t1, previous=(t:1, i:3455), leaderCommit=3452, initializing? false, entries: size=1, first=(t:1, i:3456), STATEMACHINELOGENTRY, client-9D705DD0E889, cid=2359: org.apache.ratis.thirdparty.io.grpc.StatusRuntimeException: CANCELLED: cancelled before receiving half close
2019-09-25 09:10:51,911 [grpc-default-executor-4] WARN  server.GrpcLogAppender (LogUtils.java:warn(134)) - 77062f9c-7437-4940-9df0-4d8792e0a457@group-98AF33E75A79->a38be40f-b493-4dab-adf5-e821264ef68d-AppendLogResponseHandler: Failed appendEntries: org.apache.ratis.thirdparty.io.grpc.StatusRuntimeException: UNAVAILABLE: Channel shutdownNow invoked
2019-09-25 09:10:51,913 [grpc-default-executor-2] WARN  server.GrpcServerProtocolService (LogUtils.java:warn(134)) - cca063d0-dd65-425f-a14c-9274ca3b9f8f: installSnapshot onError, lastRequest: 77062f9c-7437-4940-9df0-4d8792e0a457->cca063d0-dd65-425f-a14c-9274ca3b9f8f#3470-t1, previous=(t:1, i:3455), leaderCommit=3452, initializing? false, entries: size=1, first=(t:1, i:3456), STATEMACHINELOGENTRY, client-9D705DD0E889, cid=2359: org.apache.ratis.thirdparty.io.grpc.StatusRuntimeException: CANCELLED: cancelled before receiving half close
2019-09-25 09:10:51,913 [grpc-default-executor-1] INFO  impl.FollowerInfo (FollowerInfo.java:lambda$new$0(51)) - 77062f9c-7437-4940-9df0-4d8792e0a457@group-98AF33E75A79->cca063d0-dd65-425f-a14c-9274ca3b9f8f: nextIndex: updateUnconditionally 3457 -> 3454
2019-09-25 09:10:51,913 [grpc-default-executor-3] INFO  impl.FollowerInfo (FollowerInfo.java:lambda$new$0(51)) - 77062f9c-7437-4940-9df0-4d8792e0a457@group-AF5D63BE1634->a38be40f-b493-4dab-adf5-e821264ef68d: nextIndex: updateUnconditionally 1 -> 0
2019-09-25 09:10:51,916 [grpc-default-executor-4] INFO  impl.FollowerInfo (FollowerInfo.java:lambda$new$0(51)) - 77062f9c-7437-4940-9df0-4d8792e0a457@group-98AF33E75A79->a38be40f-b493-4dab-adf5-e821264ef68d: nextIndex: updateUnconditionally 3457 -> 3454
 0.00% |█                                                                                                    |  0/1 Time: 0:00:33 0.00% |█                                                                                                    |  0/1 Time: 0:00:34 0.00% |█                                                                                                    |  0/1 Time: 0:00:35 0.00% |█                                                                                                    |  0/1 Time: 0:00:36 0.00% |█                                                                                                    |  0/1 Time: 0:00:37 0.00% |█                                                                                                    |  0/1 Time: 0:00:38 0.00% |█                                                                                                    |  0/1 Time: 0:00:39 0.00% |█                                                                                                    |  0/1 Time: 0:00:40 0.00% |█                                                                                                    |  0/1 Time: 0:00:41 0.00% |█                                                                                                    |  0/1 Time: 0:00:422019-09-25 09:11:02,170 [grpc-default-executor-4] INFO  impl.RaftServerProxy (RaftServerProxy.java:remove(95)) - 4070027f-5774-4be6-9b9f-c891de58ea64: remove    LEADER 4070027f-5774-4be6-9b9f-c891de58ea64@group-001A27A814E0:t1, leader=4070027f-5774-4be6-9b9f-c891de58ea64, voted=4070027f-5774-4be6-9b9f-c891de58ea64, raftlog=4070027f-5774-4be6-9b9f-c891de58ea64@group-001A27A814E0-SegmentedRaftLog:OPENED:c0,f0,i0, conf=0: [4070027f-5774-4be6-9b9f-c891de58ea64:192.168.36.126:36808], old=null RUNNING
2019-09-25 09:11:02,171 [grpc-default-executor-4] INFO  impl.RaftServerImpl (RaftServerImpl.java:lambda$shutdown$3(251)) - 4070027f-5774-4be6-9b9f-c891de58ea64@group-001A27A814E0: shutdown
2019-09-25 09:11:02,171 [grpc-default-executor-4] INFO  util.JmxRegister (JmxRegister.java:unregister(73)) - Successfully un-registered JMX Bean with object name Ratis:service=RaftServer,group=group-001A27A814E0,id=4070027f-5774-4be6-9b9f-c891de58ea64
2019-09-25 09:11:02,171 [grpc-default-executor-4] INFO  impl.RoleInfo (RoleInfo.java:shutdownLeaderState(104)) - 4070027f-5774-4be6-9b9f-c891de58ea64: shutdown LeaderState
2019-09-25 09:11:02,172 [grpc-default-executor-4] INFO  impl.PendingRequests (PendingRequests.java:sendNotLeaderResponses(202)) - 4070027f-5774-4be6-9b9f-c891de58ea64-PendingRequests: sendNotLeaderResponses
2019-09-25 09:11:02,172 [grpc-default-executor-4] INFO  impl.StateMachineUpdater (StateMachineUpdater.java:stopAndJoin(125)) - 4070027f-5774-4be6-9b9f-c891de58ea64@group-001A27A814E0-StateMachineUpdater: set stopIndex = 0
2019-09-25 09:11:02,172 [grpc-default-executor-4] INFO  impl.RaftServerImpl (ServerState.java:close(385)) - 4070027f-5774-4be6-9b9f-c891de58ea64@group-001A27A814E0: closes. applyIndex: 0
2019-09-25 09:11:02,173 [4070027f-5774-4be6-9b9f-c891de58ea64@group-001A27A814E0-SegmentedRaftLogWorker] INFO  segmented.SegmentedRaftLogWorker (SegmentedRaftLogWorker.java:run(313)) - 4070027f-5774-4be6-9b9f-c891de58ea64@group-001A27A814E0-SegmentedRaftLogWorker was interrupted, exiting. There are 0 tasks remaining in the queue.
2019-09-25 09:11:02,174 [grpc-default-executor-4] INFO  segmented.SegmentedRaftLogWorker (SegmentedRaftLogWorker.java:close(228)) - 4070027f-5774-4be6-9b9f-c891de58ea64@group-001A27A814E0-SegmentedRaftLogWorker close()
 0.00% |█                                                                                                    |  0/1 Time: 0:00:43 0.00% |█                                                                                                    |  0/1 Time: 0:00:44 0.00% |█                                                                                                    |  0/1 Time: 0:00:45 0.00% |█                                                                                                    |  0/1 Time: 0:00:462019-09-25 09:11:06,220 [java.util.concurrent.ThreadPoolExecutor$Worker@75f4e881[State = -1, empty queue]] WARN  server.GrpcLogAppender (GrpcLogAppender.java:timeoutAppendRequest(200)) - 77062f9c-7437-4940-9df0-4d8792e0a457@group-98AF33E75A79->cca063d0-dd65-425f-a14c-9274ca3b9f8f-GrpcLogAppender: appendEntries Timeout, request=77062f9c-7437-4940-9df0-4d8792e0a457->cca063d0-dd65-425f-a14c-9274ca3b9f8f#4573-t1, previous=(t:1, i:4554), leaderCommit=4552, initializing? false, entries: size=1, first=(t:1, i:4555), STATEMACHINELOGENTRY, client-9D705DD0E889, cid=3065
2019-09-25 09:11:06,220 [java.util.concurrent.ThreadPoolExecutor$Worker@70dd6c9c[State = -1, empty queue]] WARN  server.GrpcLogAppender (GrpcLogAppender.java:timeoutAppendRequest(200)) - 77062f9c-7437-4940-9df0-4d8792e0a457@group-98AF33E75A79->a38be40f-b493-4dab-adf5-e821264ef68d-GrpcLogAppender: appendEntries Timeout, request=77062f9c-7437-4940-9df0-4d8792e0a457->a38be40f-b493-4dab-adf5-e821264ef68d#4573-t1, previous=(t:1, i:4554), leaderCommit=4552, initializing? false, entries: size=1, first=(t:1, i:4555), STATEMACHINELOGENTRY, client-9D705DD0E889, cid=3065
2019-09-25 09:11:06,221 [java.util.concurrent.ThreadPoolExecutor$Worker@75f4e881[State = -1, empty queue]] WARN  server.GrpcLogAppender (GrpcLogAppender.java:timeoutAppendRequest(200)) - 77062f9c-7437-4940-9df0-4d8792e0a457@group-98AF33E75A79->cca063d0-dd65-425f-a14c-9274ca3b9f8f-GrpcLogAppender: appendEntries Timeout, request=77062f9c-7437-4940-9df0-4d8792e0a457->cca063d0-dd65-425f-a14c-9274ca3b9f8f#4574-t1, previous=(t:1, i:4555), leaderCommit=4552, initializing? false, entries: size=1, first=(t:1, i:4556), STATEMACHINELOGENTRY, client-9D705DD0E889, cid=3066
2019-09-25 09:11:06,228 [java.util.concurrent.ThreadPoolExecutor$Worker@70dd6c9c[State = -1, empty queue]] WARN  server.GrpcLogAppender (GrpcLogAppender.java:timeoutAppendRequest(200)) - 77062f9c-7437-4940-9df0-4d8792e0a457@group-98AF33E75A79->a38be40f-b493-4dab-adf5-e821264ef68d-GrpcLogAppender: appendEntries Timeout, request=77062f9c-7437-4940-9df0-4d8792e0a457->a38be40f-b493-4dab-adf5-e821264ef68d#4574-t1, previous=(t:1, i:4555), leaderCommit=4552, initializing? false, entries: size=1, first=(t:1, i:4556), STATEMACHINELOGENTRY, client-9D705DD0E889, cid=3066
2019-09-25 09:11:06,364 [java.util.concurrent.ThreadPoolExecutor$Worker@75f4e881[State = -1, empty queue]] WARN  server.GrpcLogAppender (GrpcLogAppender.java:timeoutAppendRequest(200)) - 77062f9c-7437-4940-9df0-4d8792e0a457@group-98AF33E75A79->cca063d0-dd65-425f-a14c-9274ca3b9f8f-GrpcLogAppender: appendEntries Timeout, request=77062f9c-7437-4940-9df0-4d8792e0a457->cca063d0-dd65-425f-a14c-9274ca3b9f8f#4575-t1, previous=(t:1, i:4556), leaderCommit=4554, initializing? false, entries: size=1, first=(t:1, i:4557), METADATAENTRY(c4553)
2019-09-25 09:11:06,364 [java.util.concurrent.ThreadPoolExecutor$Worker@70dd6c9c[State = -1, empty queue]] WARN  server.GrpcLogAppender (GrpcLogAppender.java:timeoutAppendRequest(200)) - 77062f9c-7437-4940-9df0-4d8792e0a457@group-98AF33E75A79->a38be40f-b493-4dab-adf5-e821264ef68d-GrpcLogAppender: appendEntries Timeout, request=77062f9c-7437-4940-9df0-4d8792e0a457->a38be40f-b493-4dab-adf5-e821264ef68d#4575-t1, previous=(t:1, i:4556), leaderCommit=4554, initializing? false, entries: size=1, first=(t:1, i:4557), METADATAENTRY(c4553)
2019-09-25 09:11:06,364 [java.util.concurrent.ThreadPoolExecutor$Worker@75f4e881[State = -1, empty queue]] WARN  server.GrpcLogAppender (GrpcLogAppender.java:timeoutAppendRequest(200)) - 77062f9c-7437-4940-9df0-4d8792e0a457@group-98AF33E75A79->cca063d0-dd65-425f-a14c-9274ca3b9f8f-GrpcLogAppender: appendEntries Timeout, request=77062f9c-7437-4940-9df0-4d8792e0a457->cca063d0-dd65-425f-a14c-9274ca3b9f8f#4576-t1, previous=(t:1, i:4557), leaderCommit=4554, initializing? false, entries: size=1, first=(t:1, i:4558), METADATAENTRY(c4554)
2019-09-25 09:11:06,364 [java.util.concurrent.ThreadPoolExecutor$Worker@70dd6c9c[State = -1, empty queue]] WARN  server.GrpcLogAppender (GrpcLogAppender.java:timeoutAppendRequest(200)) - 77062f9c-7437-4940-9df0-4d8792e0a457@group-98AF33E75A79->a38be40f-b493-4dab-adf5-e821264ef68d-GrpcLogAppender: appendEntries Timeout, request=77062f9c-7437-4940-9df0-4d8792e0a457->a38be40f-b493-4dab-adf5-e821264ef68d#4576-t1, previous=(t:1, i:4557), leaderCommit=4554, initializing? false, entries: size=1, first=(t:1, i:4558), METADATAENTRY(c4554)
 0.00% |█                                                                                                    |  0/1 Time: 0:00:47 0.00% |█                                                                                                    |  0/1 Time: 0:00:482019-09-25 09:11:08,719 [grpc-default-executor-4] WARN  server.GrpcLogAppender (GrpcLogAppender.java:onNextImpl(251)) - 77062f9c-7437-4940-9df0-4d8792e0a457@group-98AF33E75A79->a38be40f-b493-4dab-adf5-e821264ef68d-AppendLogResponseHandler: Request not found, ignoring reply: 77062f9c-7437-4940-9df0-4d8792e0a457<-a38be40f-b493-4dab-adf5-e821264ef68d#4573:OK,SUCCESS,nextIndex:4556,term:1,followerCommit:4554
2019-09-25 09:11:08,719 [grpc-default-executor-2] WARN  server.GrpcLogAppender (GrpcLogAppender.java:onNextImpl(251)) - 77062f9c-7437-4940-9df0-4d8792e0a457@group-98AF33E75A79->cca063d0-dd65-425f-a14c-9274ca3b9f8f-AppendLogResponseHandler: Request not found, ignoring reply: 77062f9c-7437-4940-9df0-4d8792e0a457<-cca063d0-dd65-425f-a14c-9274ca3b9f8f#4573:OK,SUCCESS,nextIndex:4556,term:1,followerCommit:4554
2019-09-25 09:11:08,720 [grpc-default-executor-2] WARN  server.GrpcLogAppender (GrpcLogAppender.java:onNextImpl(251)) - 77062f9c-7437-4940-9df0-4d8792e0a457@group-98AF33E75A79->cca063d0-dd65-425f-a14c-9274ca3b9f8f-AppendLogResponseHandler: Request not found, ignoring reply: 77062f9c-7437-4940-9df0-4d8792e0a457<-cca063d0-dd65-425f-a14c-9274ca3b9f8f#4574:OK,SUCCESS,nextIndex:4557,term:1,followerCommit:4554
2019-09-25 09:11:08,722 [grpc-default-executor-2] WARN  server.GrpcLogAppender (GrpcLogAppender.java:onNextImpl(251)) - 77062f9c-7437-4940-9df0-4d8792e0a457@group-98AF33E75A79->a38be40f-b493-4dab-adf5-e821264ef68d-AppendLogResponseHandler: Request not found, ignoring reply: 77062f9c-7437-4940-9df0-4d8792e0a457<-a38be40f-b493-4dab-adf5-e821264ef68d#4574:OK,SUCCESS,nextIndex:4557,term:1,followerCommit:4554
2019-09-25 09:11:08,729 [grpc-default-executor-2] WARN  server.GrpcLogAppender (GrpcLogAppender.java:onNextImpl(251)) - 77062f9c-7437-4940-9df0-4d8792e0a457@group-98AF33E75A79->cca063d0-dd65-425f-a14c-9274ca3b9f8f-AppendLogResponseHandler: Request not found, ignoring reply: 77062f9c-7437-4940-9df0-4d8792e0a457<-cca063d0-dd65-425f-a14c-9274ca3b9f8f#4575:OK,SUCCESS,nextIndex:4558,term:1,followerCommit:4554
2019-09-25 09:11:08,729 [grpc-default-executor-2] WARN  server.GrpcLogAppender (GrpcLogAppender.java:onNextImpl(251)) - 77062f9c-7437-4940-9df0-4d8792e0a457@group-98AF33E75A79->cca063d0-dd65-425f-a14c-9274ca3b9f8f-AppendLogResponseHandler: Request not found, ignoring reply: 77062f9c-7437-4940-9df0-4d8792e0a457<-cca063d0-dd65-425f-a14c-9274ca3b9f8f#4576:OK,SUCCESS,nextIndex:4559,term:1,followerCommit:4554
2019-09-25 09:11:08,729 [grpc-default-executor-4] WARN  server.GrpcLogAppender (GrpcLogAppender.java:onNextImpl(251)) - 77062f9c-7437-4940-9df0-4d8792e0a457@group-98AF33E75A79->a38be40f-b493-4dab-adf5-e821264ef68d-AppendLogResponseHandler: Request not found, ignoring reply: 77062f9c-7437-4940-9df0-4d8792e0a457<-a38be40f-b493-4dab-adf5-e821264ef68d#4575:OK,SUCCESS,nextIndex:4558,term:1,followerCommit:4554
2019-09-25 09:11:08,730 [grpc-default-executor-4] WARN  server.GrpcLogAppender (GrpcLogAppender.java:onNextImpl(251)) - 77062f9c-7437-4940-9df0-4d8792e0a457@group-98AF33E75A79->a38be40f-b493-4dab-adf5-e821264ef68d-AppendLogResponseHandler: Request not found, ignoring reply: 77062f9c-7437-4940-9df0-4d8792e0a457<-a38be40f-b493-4dab-adf5-e821264ef68d#4576:OK,SUCCESS,nextIndex:4559,term:1,followerCommit:4554
 0.00% |█                                                                                                    |  0/1 Time: 0:00:49 0.00% |█                                                                                                    |  0/1 Time: 0:00:50 0.00% |█                                                                                                    |  0/1 Time: 0:00:512019-09-25 09:11:12,067 [java.util.concurrent.ThreadPoolExecutor$Worker@70dd6c9c[State = -1, empty queue]] WARN  server.GrpcLogAppender (GrpcLogAppender.java:timeoutAppendRequest(200)) - 77062f9c-7437-4940-9df0-4d8792e0a457@group-98AF33E75A79->a38be40f-b493-4dab-adf5-e821264ef68d-GrpcLogAppender: appendEntries Timeout, request=77062f9c-7437-4940-9df0-4d8792e0a457->a38be40f-b493-4dab-adf5-e821264ef68d#4635-t1, previous=(t:1, i:4614), leaderCommit=4614, initializing? false, entries: size=1, first=(t:1, i:4615), STATEMACHINELOGENTRY, client-9D705DD0E889, cid=3102
2019-09-25 09:11:12,068 [java.util.concurrent.ThreadPoolExecutor$Worker@70dd6c9c[State = -1, empty queue]] WARN  server.GrpcLogAppender (GrpcLogAppender.java:timeoutAppendRequest(200)) - 77062f9c-7437-4940-9df0-4d8792e0a457@group-98AF33E75A79->a38be40f-b493-4dab-adf5-e821264ef68d-GrpcLogAppender: appendEntries Timeout, request=77062f9c-7437-4940-9df0-4d8792e0a457->a38be40f-b493-4dab-adf5-e821264ef68d#4636-t1, previous=(t:1, i:4615), leaderCommit=4614, initializing? false, entries: size=1, first=(t:1, i:4616), STATEMACHINELOGENTRY, client-9D705DD0E889, cid=3103
2019-09-25 09:11:12,254 [java.util.concurrent.ThreadPoolExecutor$Worker@70dd6c9c[State = -1, empty queue]] WARN  server.GrpcLogAppender (GrpcLogAppender.java:timeoutAppendRequest(200)) - 77062f9c-7437-4940-9df0-4d8792e0a457@group-98AF33E75A79->a38be40f-b493-4dab-adf5-e821264ef68d-GrpcLogAppender: appendEntries Timeout, request=77062f9c-7437-4940-9df0-4d8792e0a457->a38be40f-b493-4dab-adf5-e821264ef68d#4637-t1, previous=(t:1, i:4616), leaderCommit=4614, initializing? false, entries: size=1, first=(t:1, i:4617), STATEMACHINELOGENTRY, client-9D705DD0E889, cid=3104
2019-09-25 09:11:12,255 [java.util.concurrent.ThreadPoolExecutor$Worker@70dd6c9c[State = -1, empty queue]] WARN  server.GrpcLogAppender (GrpcLogAppender.java:timeoutAppendRequest(200)) - 77062f9c-7437-4940-9df0-4d8792e0a457@group-98AF33E75A79->a38be40f-b493-4dab-adf5-e821264ef68d-GrpcLogAppender: appendEntries Timeout, request=77062f9c-7437-4940-9df0-4d8792e0a457->a38be40f-b493-4dab-adf5-e821264ef68d#4638-t1, previous=(t:1, i:4617), leaderCommit=4614, initializing? false, entries: size=1, first=(t:1, i:4618), STATEMACHINELOGENTRY, client-9D705DD0E889, cid=3105
 0.00% |█                                                                                                    |  0/1 Time: 0:00:522019-09-25 09:11:12,267 [java.util.concurrent.ThreadPoolExecutor$Worker@70dd6c9c[State = -1, empty queue]] WARN  server.GrpcLogAppender (GrpcLogAppender.java:timeoutAppendRequest(200)) - 77062f9c-7437-4940-9df0-4d8792e0a457@group-98AF33E75A79->a38be40f-b493-4dab-adf5-e821264ef68d-GrpcLogAppender: appendEntries Timeout, request=77062f9c-7437-4940-9df0-4d8792e0a457->a38be40f-b493-4dab-adf5-e821264ef68d#4639-t1, previous=(t:1, i:4618), leaderCommit=4616, initializing? false, entries: size=1, first=(t:1, i:4619), METADATAENTRY(c4615)
2019-09-25 09:11:12,268 [java.util.concurrent.ThreadPoolExecutor$Worker@70dd6c9c[State = -1, empty queue]] WARN  server.GrpcLogAppender (GrpcLogAppender.java:timeoutAppendRequest(200)) - 77062f9c-7437-4940-9df0-4d8792e0a457@group-98AF33E75A79->a38be40f-b493-4dab-adf5-e821264ef68d-GrpcLogAppender: appendEntries Timeout, request=77062f9c-7437-4940-9df0-4d8792e0a457->a38be40f-b493-4dab-adf5-e821264ef68d#4640-t1, previous=(t:1, i:4619), leaderCommit=4616, initializing? false, entries: size=1, first=(t:1, i:4620), METADATAENTRY(c4616)
2019-09-25 09:11:12,269 [java.util.concurrent.ThreadPoolExecutor$Worker@70dd6c9c[State = -1, empty queue]] WARN  server.GrpcLogAppender (GrpcLogAppender.java:timeoutAppendRequest(200)) - 77062f9c-7437-4940-9df0-4d8792e0a457@group-98AF33E75A79->a38be40f-b493-4dab-adf5-e821264ef68d-GrpcLogAppender: appendEntries Timeout, request=77062f9c-7437-4940-9df0-4d8792e0a457->a38be40f-b493-4dab-adf5-e821264ef68d#4641-t1, previous=(t:1, i:4620), leaderCommit=4618, initializing? false, entries: size=1, first=(t:1, i:4621), METADATAENTRY(c4618)
2019-09-25 09:11:12,879 [grpc-default-executor-4] WARN  server.GrpcLogAppender (GrpcLogAppender.java:onNextImpl(251)) - 77062f9c-7437-4940-9df0-4d8792e0a457@group-98AF33E75A79->a38be40f-b493-4dab-adf5-e821264ef68d-AppendLogResponseHandler: Request not found, ignoring reply: 77062f9c-7437-4940-9df0-4d8792e0a457<-a38be40f-b493-4dab-adf5-e821264ef68d#4635:OK,SUCCESS,nextIndex:4616,term:1,followerCommit:4614
2019-09-25 09:11:12,879 [grpc-default-executor-4] WARN  server.GrpcLogAppender (GrpcLogAppender.java:onNextImpl(251)) - 77062f9c-7437-4940-9df0-4d8792e0a457@group-98AF33E75A79->a38be40f-b493-4dab-adf5-e821264ef68d-AppendLogResponseHandler: Request not found, ignoring reply: 77062f9c-7437-4940-9df0-4d8792e0a457<-a38be40f-b493-4dab-adf5-e821264ef68d#4636:OK,SUCCESS,nextIndex:4617,term:1,followerCommit:4614
2019-09-25 09:11:12,880 [grpc-default-executor-4] WARN  server.GrpcLogAppender (GrpcLogAppender.java:onNextImpl(251)) - 77062f9c-7437-4940-9df0-4d8792e0a457@group-98AF33E75A79->a38be40f-b493-4dab-adf5-e821264ef68d-AppendLogResponseHandler: Request not found, ignoring reply: 77062f9c-7437-4940-9df0-4d8792e0a457<-a38be40f-b493-4dab-adf5-e821264ef68d#4637:OK,SUCCESS,nextIndex:4618,term:1,followerCommit:4614
2019-09-25 09:11:12,880 [grpc-default-executor-4] WARN  server.GrpcLogAppender (GrpcLogAppender.java:onNextImpl(251)) - 77062f9c-7437-4940-9df0-4d8792e0a457@group-98AF33E75A79->a38be40f-b493-4dab-adf5-e821264ef68d-AppendLogResponseHandler: Request not found, ignoring reply: 77062f9c-7437-4940-9df0-4d8792e0a457<-a38be40f-b493-4dab-adf5-e821264ef68d#4638:OK,SUCCESS,nextIndex:4619,term:1,followerCommit:4614
2019-09-25 09:11:12,880 [grpc-default-executor-4] WARN  server.GrpcLogAppender (GrpcLogAppender.java:onNextImpl(251)) - 77062f9c-7437-4940-9df0-4d8792e0a457@group-98AF33E75A79->a38be40f-b493-4dab-adf5-e821264ef68d-AppendLogResponseHandler: Request not found, ignoring reply: 77062f9c-7437-4940-9df0-4d8792e0a457<-a38be40f-b493-4dab-adf5-e821264ef68d#4639:OK,SUCCESS,nextIndex:4620,term:1,followerCommit:4616
2019-09-25 09:11:12,880 [grpc-default-executor-4] WARN  server.GrpcLogAppender (GrpcLogAppender.java:onNextImpl(251)) - 77062f9c-7437-4940-9df0-4d8792e0a457@group-98AF33E75A79->a38be40f-b493-4dab-adf5-e821264ef68d-AppendLogResponseHandler: Request not found, ignoring reply: 77062f9c-7437-4940-9df0-4d8792e0a457<-a38be40f-b493-4dab-adf5-e821264ef68d#4640:OK,SUCCESS,nextIndex:4621,term:1,followerCommit:4616
2019-09-25 09:11:12,880 [grpc-default-executor-4] WARN  server.GrpcLogAppender (GrpcLogAppender.java:onNextImpl(251)) - 77062f9c-7437-4940-9df0-4d8792e0a457@group-98AF33E75A79->a38be40f-b493-4dab-adf5-e821264ef68d-AppendLogResponseHandler: Request not found, ignoring reply: 77062f9c-7437-4940-9df0-4d8792e0a457<-a38be40f-b493-4dab-adf5-e821264ef68d#4641:OK,SUCCESS,nextIndex:4622,term:1,followerCommit:4618
 0.00% |█                                                                                                    |  0/1 Time: 0:00:53 0.00% |█                                                                                                    |  0/1 Time: 0:00:542019-09-25 09:11:14,271 [pool-277-thread-1] WARN  scm.XceiverClientRatis (XceiverClientRatis.java:watchForCommit(292)) - 3 way commit failed on pipeline Pipeline[ Id: ad2bab98-5584-430d-b6be-98af33e75a79, Nodes: cca063d0-dd65-425f-a14c-9274ca3b9f8f{ip: 192.168.36.126, host: pr-hdds-2174-pqx5g-486351168, networkLocation: /default-rack, certSerialId: null}a38be40f-b493-4dab-adf5-e821264ef68d{ip: 192.168.36.126, host: pr-hdds-2174-pqx5g-486351168, networkLocation: /default-rack, certSerialId: null}77062f9c-7437-4940-9df0-4d8792e0a457{ip: 192.168.36.126, host: pr-hdds-2174-pqx5g-486351168, networkLocation: /default-rack, certSerialId: null}, Type:RATIS, Factor:THREE, State:OPEN]
java.util.concurrent.TimeoutException
	at java.util.concurrent.CompletableFuture.timedGet(CompletableFuture.java:1771)
	at java.util.concurrent.CompletableFuture.get(CompletableFuture.java:1915)
	at org.apache.hadoop.hdds.scm.XceiverClientRatis.watchForCommit(XceiverClientRatis.java:289)
	at org.apache.hadoop.hdds.scm.storage.CommitWatcher.watchForCommit(CommitWatcher.java:194)
	at org.apache.hadoop.hdds.scm.storage.CommitWatcher.watchOnFirstIndex(CommitWatcher.java:135)
	at org.apache.hadoop.hdds.scm.storage.BlockOutputStream.watchForCommit(BlockOutputStream.java:347)
	at org.apache.hadoop.hdds.scm.storage.BlockOutputStream.handleFullBuffer(BlockOutputStream.java:324)
	at org.apache.hadoop.hdds.scm.storage.BlockOutputStream.write(BlockOutputStream.java:251)
	at org.apache.hadoop.ozone.client.io.BlockOutputStreamEntry.write(BlockOutputStreamEntry.java:129)
	at org.apache.hadoop.ozone.client.io.KeyOutputStream.handleWrite(KeyOutputStream.java:208)
	at org.apache.hadoop.ozone.client.io.KeyOutputStream.write(KeyOutputStream.java:190)
	at org.apache.hadoop.ozone.client.io.OzoneOutputStream.write(OzoneOutputStream.java:49)
	at org.apache.hadoop.ozone.freon.RandomKeyGenerator.createKey(RandomKeyGenerator.java:708)
	at org.apache.hadoop.ozone.freon.RandomKeyGenerator.access$1100(RandomKeyGenerator.java:88)
	at org.apache.hadoop.ozone.freon.RandomKeyGenerator$ObjectCreator.run(RandomKeyGenerator.java:615)
	at java.util.concurrent.Executors$RunnableAdapter.call(Executors.java:511)
	at java.util.concurrent.FutureTask.run(FutureTask.java:266)
	at java.util.concurrent.ThreadPoolExecutor.runWorker(ThreadPoolExecutor.java:1149)
	at java.util.concurrent.ThreadPoolExecutor$Worker.run(ThreadPoolExecutor.java:624)
	at java.lang.Thread.run(Thread.java:748)
2019-09-25 09:11:14,285 [pool-277-thread-1] INFO  scm.XceiverClientRatis (XceiverClientRatis.java:lambda$watchForCommit$7(310)) - Could not commit index 4616 on pipeline Pipeline[ Id: ad2bab98-5584-430d-b6be-98af33e75a79, Nodes: cca063d0-dd65-425f-a14c-9274ca3b9f8f{ip: 192.168.36.126, host: pr-hdds-2174-pqx5g-486351168, networkLocation: /default-rack, certSerialId: null}a38be40f-b493-4dab-adf5-e821264ef68d{ip: 192.168.36.126, host: pr-hdds-2174-pqx5g-486351168, networkLocation: /default-rack, certSerialId: null}77062f9c-7437-4940-9df0-4d8792e0a457{ip: 192.168.36.126, host: pr-hdds-2174-pqx5g-486351168, networkLocation: /default-rack, certSerialId: null}, Type:RATIS, Factor:THREE, State:OPEN] to all the nodes. Server a38be40f-b493-4dab-adf5-e821264ef68d has failed. Committed by majority.
2019-09-25 09:11:14,286 [pool-277-thread-1] WARN  storage.BlockOutputStream (BlockOutputStream.java:watchForCommit(353)) - Failed to commit BlockId conID: 3 locID: 102852373318992525 bcsId: 4618 on Pipeline[ Id: ad2bab98-5584-430d-b6be-98af33e75a79, Nodes: cca063d0-dd65-425f-a14c-9274ca3b9f8f{ip: 192.168.36.126, host: pr-hdds-2174-pqx5g-486351168, networkLocation: /default-rack, certSerialId: null}a38be40f-b493-4dab-adf5-e821264ef68d{ip: 192.168.36.126, host: pr-hdds-2174-pqx5g-486351168, networkLocation: /default-rack, certSerialId: null}77062f9c-7437-4940-9df0-4d8792e0a457{ip: 192.168.36.126, host: pr-hdds-2174-pqx5g-486351168, networkLocation: /default-rack, certSerialId: null}, Type:RATIS, Factor:THREE, State:OPEN]. Failed nodes: [a38be40f-b493-4dab-adf5-e821264ef68d{ip: null, host: null, networkLocation: /default-rack, certSerialId: null}]
2019-09-25 09:11:14,380 [IPC Server handler 15 on 41670] WARN  block.BlockManagerImpl (BlockManagerImpl.java:allocateBlock(192)) - Pipeline creation failed for type:RATIS factor:THREE. Retrying get pipelines call once.
org.apache.hadoop.hdds.scm.pipeline.InsufficientDatanodesException: Cannot create pipeline of factor 3 using 2 nodes.
	at org.apache.hadoop.hdds.scm.pipeline.RatisPipelineProvider.create(RatisPipelineProvider.java:153)
	at org.apache.hadoop.hdds.scm.pipeline.PipelineFactory.create(PipelineFactory.java:58)
	at org.apache.hadoop.hdds.scm.pipeline.SCMPipelineManager.createPipeline(SCMPipelineManager.java:155)
	at org.apache.hadoop.hdds.scm.block.BlockManagerImpl.allocateBlock(BlockManagerImpl.java:190)
	at org.apache.hadoop.hdds.scm.server.SCMBlockProtocolServer.allocateBlock(SCMBlockProtocolServer.java:182)
	at org.apache.hadoop.ozone.protocolPB.ScmBlockLocationProtocolServerSideTranslatorPB.allocateScmBlock(ScmBlockLocationProtocolServerSideTranslatorPB.java:183)
	at org.apache.hadoop.ozone.protocolPB.ScmBlockLocationProtocolServerSideTranslatorPB.processMessage(ScmBlockLocationProtocolServerSideTranslatorPB.java:141)
	at org.apache.hadoop.ozone.protocolPB.ScmBlockLocationProtocolServerSideTranslatorPB.send(ScmBlockLocationProtocolServerSideTranslatorPB.java:116)
	at org.apache.hadoop.hdds.protocol.proto.ScmBlockLocationProtocolProtos$ScmBlockLocationProtocolService$2.callBlockingMethod(ScmBlockLocationProtocolProtos.java:13157)
	at org.apache.hadoop.ipc.ProtobufRpcEngine$Server$ProtoBufRpcInvoker.call(ProtobufRpcEngine.java:524)
	at org.apache.hadoop.ipc.RPC$Server.call(RPC.java:1025)
	at org.apache.hadoop.ipc.Server$RpcCall.run(Server.java:876)
	at org.apache.hadoop.ipc.Server$RpcCall.run(Server.java:822)
	at java.security.AccessController.doPrivileged(Native Method)
	at javax.security.auth.Subject.doAs(Subject.java:422)
	at org.apache.hadoop.security.UserGroupInformation.doAs(UserGroupInformation.java:1730)
	at org.apache.hadoop.ipc.Server$Handler.run(Server.java:2682)
2019-09-25 09:11:14,381 [IPC Server handler 15 on 41670] INFO  block.BlockManagerImpl (BlockManagerImpl.java:allocateBlock(198)) - Could not find available pipeline of type:RATIS and factor:THREE even after retrying
2019-09-25 09:11:14,381 [IPC Server handler 15 on 41670] ERROR block.BlockManagerImpl (BlockManagerImpl.java:allocateBlock(222)) - Unable to allocate a block for the size: 4194304, type: RATIS, factor: THREE
2019-09-25 09:11:14,386 [pool-277-thread-1] ERROR io.BlockOutputStreamEntryPool (BlockOutputStreamEntryPool.java:allocateBlockIfNeeded(299)) - Try to allocate more blocks for write failed, already allocated 0 blocks for this write.
INTERNAL_ERROR org.apache.hadoop.ozone.om.exceptions.OMException: Allocated 0 blocks. Requested 1 blocks
	at org.apache.hadoop.ozone.om.protocolPB.OzoneManagerProtocolClientSideTranslatorPB.handleError(OzoneManagerProtocolClientSideTranslatorPB.java:732)
	at org.apache.hadoop.ozone.om.protocolPB.OzoneManagerProtocolClientSideTranslatorPB.allocateBlock(OzoneManagerProtocolClientSideTranslatorPB.java:764)
	at sun.reflect.GeneratedMethodAccessor381.invoke(Unknown Source)
	at sun.reflect.DelegatingMethodAccessorImpl.invoke(DelegatingMethodAccessorImpl.java:43)
	at java.lang.reflect.Method.invoke(Method.java:498)
	at org.apache.hadoop.hdds.tracing.TraceAllMethod.invoke(TraceAllMethod.java:66)
	at com.sun.proxy.$Proxy37.allocateBlock(Unknown Source)
	at org.apache.hadoop.ozone.client.io.BlockOutputStreamEntryPool.allocateNewBlock(BlockOutputStreamEntryPool.java:248)
	at org.apache.hadoop.ozone.client.io.BlockOutputStreamEntryPool.allocateBlockIfNeeded(BlockOutputStreamEntryPool.java:296)
	at org.apache.hadoop.ozone.client.io.KeyOutputStream.handleWrite(KeyOutputStream.java:198)
	at org.apache.hadoop.ozone.client.io.KeyOutputStream.write(KeyOutputStream.java:190)
	at org.apache.hadoop.ozone.client.io.OzoneOutputStream.write(OzoneOutputStream.java:49)
	at org.apache.hadoop.ozone.freon.RandomKeyGenerator.createKey(RandomKeyGenerator.java:708)
	at org.apache.hadoop.ozone.freon.RandomKeyGenerator.access$1100(RandomKeyGenerator.java:88)
	at org.apache.hadoop.ozone.freon.RandomKeyGenerator$ObjectCreator.run(RandomKeyGenerator.java:615)
	at java.util.concurrent.Executors$RunnableAdapter.call(Executors.java:511)
	at java.util.concurrent.FutureTask.run(FutureTask.java:266)
	at java.util.concurrent.ThreadPoolExecutor.runWorker(ThreadPoolExecutor.java:1149)
	at java.util.concurrent.ThreadPoolExecutor$Worker.run(ThreadPoolExecutor.java:624)
	at java.lang.Thread.run(Thread.java:748)
2019-09-25 09:11:14,387 [pool-277-thread-1] ERROR freon.RandomKeyGenerator (RandomKeyGenerator.java:createKey(733)) - Exception while adding key: key-0-57341 in bucket: bucket-0-87601 of volume: vol-0-82370.
INTERNAL_ERROR org.apache.hadoop.ozone.om.exceptions.OMException: Allocated 0 blocks. Requested 1 blocks
	at org.apache.hadoop.ozone.om.protocolPB.OzoneManagerProtocolClientSideTranslatorPB.handleError(OzoneManagerProtocolClientSideTranslatorPB.java:732)
	at org.apache.hadoop.ozone.om.protocolPB.OzoneManagerProtocolClientSideTranslatorPB.allocateBlock(OzoneManagerProtocolClientSideTranslatorPB.java:764)
	at sun.reflect.GeneratedMethodAccessor381.invoke(Unknown Source)
	at sun.reflect.DelegatingMethodAccessorImpl.invoke(DelegatingMethodAccessorImpl.java:43)
	at java.lang.reflect.Method.invoke(Method.java:498)
	at org.apache.hadoop.hdds.tracing.TraceAllMethod.invoke(TraceAllMethod.java:66)
	at com.sun.proxy.$Proxy37.allocateBlock(Unknown Source)
	at org.apache.hadoop.ozone.client.io.BlockOutputStreamEntryPool.allocateNewBlock(BlockOutputStreamEntryPool.java:248)
	at org.apache.hadoop.ozone.client.io.BlockOutputStreamEntryPool.allocateBlockIfNeeded(BlockOutputStreamEntryPool.java:296)
	at org.apache.hadoop.ozone.client.io.KeyOutputStream.handleWrite(KeyOutputStream.java:198)
	at org.apache.hadoop.ozone.client.io.KeyOutputStream.write(KeyOutputStream.java:190)
	at org.apache.hadoop.ozone.client.io.OzoneOutputStream.write(OzoneOutputStream.java:49)
	at org.apache.hadoop.ozone.freon.RandomKeyGenerator.createKey(RandomKeyGenerator.java:708)
	at org.apache.hadoop.ozone.freon.RandomKeyGenerator.access$1100(RandomKeyGenerator.java:88)
	at org.apache.hadoop.ozone.freon.RandomKeyGenerator$ObjectCreator.run(RandomKeyGenerator.java:615)
	at java.util.concurrent.Executors$RunnableAdapter.call(Executors.java:511)
	at java.util.concurrent.FutureTask.run(FutureTask.java:266)
	at java.util.concurrent.ThreadPoolExecutor.runWorker(ThreadPoolExecutor.java:1149)
	at java.util.concurrent.ThreadPoolExecutor$Worker.run(ThreadPoolExecutor.java:624)
	at java.lang.Thread.run(Thread.java:748)
 100.00% |█████████████████████████████████████████████████████████████████████████████████████████████████████|  1/1 Time: 0:00:55
]]></system-out>
    <system-err><![CDATA[Sep 25, 2019 9:10:51 AM org.apache.ratis.thirdparty.io.grpc.internal.SerializingExecutor run
SEVERE: Exception while executing runnable org.apache.ratis.thirdparty.io.grpc.internal.ServerImpl$JumpToApplicationThreadServerStreamListener$1Closed@62805f50
org.apache.ratis.thirdparty.io.grpc.StatusRuntimeException: CANCELLED: call already cancelled
	at org.apache.ratis.thirdparty.io.grpc.Status.asRuntimeException(Status.java:517)
	at org.apache.ratis.thirdparty.io.grpc.stub.ServerCalls$ServerCallStreamObserverImpl.onCompleted(ServerCalls.java:356)
	at org.apache.ratis.grpc.server.GrpcServerProtocolService$ServerRequestStreamObserver.onError(GrpcServerProtocolService.java:121)
	at org.apache.ratis.thirdparty.io.grpc.stub.ServerCalls$StreamingServerCallHandler$StreamingServerCallListener.onCancel(ServerCalls.java:269)
	at org.apache.ratis.thirdparty.io.grpc.internal.ServerCallImpl$ServerStreamListenerImpl.closed(ServerCallImpl.java:293)
	at org.apache.ratis.thirdparty.io.grpc.internal.ServerImpl$JumpToApplicationThreadServerStreamListener$1Closed.runInContext(ServerImpl.java:741)
	at org.apache.ratis.thirdparty.io.grpc.internal.ContextRunnable.run(ContextRunnable.java:37)
	at org.apache.ratis.thirdparty.io.grpc.internal.SerializingExecutor.run(SerializingExecutor.java:123)
	at java.util.concurrent.ThreadPoolExecutor.runWorker(ThreadPoolExecutor.java:1149)
	at java.util.concurrent.ThreadPoolExecutor$Worker.run(ThreadPoolExecutor.java:624)
	at java.lang.Thread.run(Thread.java:748)

Sep 25, 2019 9:10:51 AM org.apache.ratis.thirdparty.io.grpc.internal.SerializingExecutor run
SEVERE: Exception while executing runnable org.apache.ratis.thirdparty.io.grpc.internal.ServerImpl$JumpToApplicationThreadServerStreamListener$1Closed@51aa6625
org.apache.ratis.thirdparty.io.grpc.StatusRuntimeException: CANCELLED: call already cancelled
	at org.apache.ratis.thirdparty.io.grpc.Status.asRuntimeException(Status.java:517)
	at org.apache.ratis.thirdparty.io.grpc.stub.ServerCalls$ServerCallStreamObserverImpl.onCompleted(ServerCalls.java:356)
	at org.apache.ratis.grpc.server.GrpcServerProtocolService$ServerRequestStreamObserver.onError(GrpcServerProtocolService.java:121)
	at org.apache.ratis.thirdparty.io.grpc.stub.ServerCalls$StreamingServerCallHandler$StreamingServerCallListener.onCancel(ServerCalls.java:269)
	at org.apache.ratis.thirdparty.io.grpc.internal.ServerCallImpl$ServerStreamListenerImpl.closed(ServerCallImpl.java:293)
	at org.apache.ratis.thirdparty.io.grpc.internal.ServerImpl$JumpToApplicationThreadServerStreamListener$1Closed.runInContext(ServerImpl.java:741)
	at org.apache.ratis.thirdparty.io.grpc.internal.ContextRunnable.run(ContextRunnable.java:37)
	at org.apache.ratis.thirdparty.io.grpc.internal.SerializingExecutor.run(SerializingExecutor.java:123)
	at java.util.concurrent.ThreadPoolExecutor.runWorker(ThreadPoolExecutor.java:1149)
	at java.util.concurrent.ThreadPoolExecutor$Worker.run(ThreadPoolExecutor.java:624)
	at java.lang.Thread.run(Thread.java:748)

]]></system-err>
  </testcase>
  <testcase name="fileWithSizeZero" classname="org.apache.hadoop.ozone.freon.TestRandomKeyGenerator" time="5.061"/>
  <testcase name="multiThread" classname="org.apache.hadoop.ozone.freon.TestRandomKeyGenerator" time="5.032"/>
</testsuite>