<?xml version="1.0" encoding="UTF-8"?>
<testsuite xmlns:xsi="http://www.w3.org/2001/XMLSchema-instance" xsi:noNamespaceSchemaLocation="https://maven.apache.org/surefire/maven-surefire-plugin/xsd/surefire-test-report.xsd" name="org.apache.hadoop.ozone.client.rpc.TestWatchForCommit" time="205.929" tests="6" errors="2" skipped="0" failures="0">
  <properties>
    <property name="awt.toolkit" value="sun.awt.X11.XToolkit"/>
    <property name="file.encoding.pkg" value="sun.io"/>
    <property name="java.specification.version" value="1.8"/>
    <property name="sun.cpu.isalist" value=""/>
    <property name="sun.jnu.encoding" value="UTF-8"/>
    <property name="java.class.path" value="/tmp/workdir/hadoop-ozone/integration-test/target/test-classes:/tmp/workdir/hadoop-ozone/integration-test/target/classes:/home/user/.m2/repository/org/apache/hadoop/hadoop-ozone-common/0.5.0-SNAPSHOT/hadoop-ozone-common-0.5.0-SNAPSHOT.jar:/home/user/.m2/repository/org/apache/commons/commons-compress/1.4.1/commons-compress-1.4.1.jar:/home/user/.m2/repository/org/tukaani/xz/1.0/xz-1.0.jar:/home/user/.m2/repository/org/apache/hadoop/hadoop-common/3.2.0/hadoop-common-3.2.0.jar:/home/user/.m2/repository/org/apache/hadoop/hadoop-hdfs/3.2.0/hadoop-hdfs-3.2.0.jar:/home/user/.m2/repository/org/apache/hadoop/hadoop-hdfs-client/3.2.0/hadoop-hdfs-client-3.2.0.jar:/home/user/.m2/repository/com/fasterxml/jackson/core/jackson-annotations/2.9.5/jackson-annotations-2.9.5.jar:/home/user/.m2/repository/org/apache/hadoop/hadoop-hdds-common/0.5.0-SNAPSHOT/hadoop-hdds-common-0.5.0-SNAPSHOT.jar:/home/user/.m2/repository/javax/annotation/javax.annotation-api/1.2/javax.annotation-api-1.2.jar:/home/user/.m2/repository/org/apache/ratis/ratis-server/0.4.0-2337318-SNAPSHOT/ratis-server-0.4.0-2337318-SNAPSHOT.jar:/home/user/.m2/repository/org/apache/ratis/ratis-thirdparty-misc/0.2.0/ratis-thirdparty-misc-0.2.0.jar:/home/user/.m2/repository/org/apache/ratis/ratis-proto/0.4.0-2337318-SNAPSHOT/ratis-proto-0.4.0-2337318-SNAPSHOT.jar:/home/user/.m2/repository/org/apache/ratis/ratis-common/0.4.0-2337318-SNAPSHOT/ratis-common-0.4.0-2337318-SNAPSHOT.jar:/home/user/.m2/repository/org/apache/ratis/ratis-client/0.4.0-2337318-SNAPSHOT/ratis-client-0.4.0-2337318-SNAPSHOT.jar:/home/user/.m2/repository/org/apache/ratis/ratis-metrics/0.4.0-2337318-SNAPSHOT/ratis-metrics-0.4.0-2337318-SNAPSHOT.jar:/home/user/.m2/repository/org/apache/ratis/ratis-netty/0.4.0-2337318-SNAPSHOT/ratis-netty-0.4.0-2337318-SNAPSHOT.jar:/home/user/.m2/repository/org/apache/ratis/ratis-grpc/0.4.0-2337318-SNAPSHOT/ratis-grpc-0.4.0-2337318-SNAPSHOT.jar:/home/user/.m2/repository/org/rocksdb/rocksdbjni/6.0.1/rocksdbjni-6.0.1.jar:/home/user/.m2/repository/org/apache/logging/log4j/log4j-api/2.11.0/log4j-api-2.11.0.jar:/home/user/.m2/repository/org/apache/logging/log4j/log4j-core/2.11.0/log4j-core-2.11.0.jar:/home/user/.m2/repository/com/lmax/disruptor/3.4.2/disruptor-3.4.2.jar:/home/user/.m2/repository/org/apache/commons/commons-pool2/2.6.0/commons-pool2-2.6.0.jar:/home/user/.m2/repository/org/bouncycastle/bcpkix-jdk15on/1.60/bcpkix-jdk15on-1.60.jar:/home/user/.m2/repository/commons-validator/commons-validator/1.6/commons-validator-1.6.jar:/home/user/.m2/repository/commons-digester/commons-digester/1.8.1/commons-digester-1.8.1.jar:/home/user/.m2/repository/io/jaegertracing/jaeger-client/0.33.1/jaeger-client-0.33.1.jar:/home/user/.m2/repository/io/jaegertracing/jaeger-thrift/0.33.1/jaeger-thrift-0.33.1.jar:/home/user/.m2/repository/org/apache/thrift/libthrift/0.11.0/libthrift-0.11.0.jar:/home/user/.m2/repository/com/squareup/okhttp3/okhttp/3.9.0/okhttp-3.9.0.jar:/home/user/.m2/repository/com/squareup/okio/okio/1.13.0/okio-1.13.0.jar:/home/user/.m2/repository/io/jaegertracing/jaeger-core/0.33.1/jaeger-core-0.33.1.jar:/home/user/.m2/repository/io/jaegertracing/jaeger-tracerresolver/0.33.1/jaeger-tracerresolver-0.33.1.jar:/home/user/.m2/repository/io/opentracing/contrib/opentracing-tracerresolver/0.1.5/opentracing-tracerresolver-0.1.5.jar:/home/user/.m2/repository/io/opentracing/opentracing-util/0.31.0/opentracing-util-0.31.0.jar:/home/user/.m2/repository/io/opentracing/opentracing-api/0.31.0/opentracing-api-0.31.0.jar:/home/user/.m2/repository/io/opentracing/opentracing-noop/0.31.0/opentracing-noop-0.31.0.jar:/home/user/.m2/repository/org/apache/hadoop/hadoop-hdds-server-framework/0.5.0-SNAPSHOT/hadoop-hdds-server-framework-0.5.0-SNAPSHOT.jar:/home/user/.m2/repository/org/apache/hadoop/hadoop-hdds-container-service/0.5.0-SNAPSHOT/hadoop-hdds-container-service-0.5.0-SNAPSHOT.jar:/home/user/.m2/repository/org/apache/hadoop/hadoop-hdds-client/0.5.0-SNAPSHOT/hadoop-hdds-client-0.5.0-SNAPSHOT.jar:/home/user/.m2/repository/org/apache/hadoop/hadoop-hdds-tools/0.5.0-SNAPSHOT/hadoop-hdds-tools-0.5.0-SNAPSHOT.jar:/home/user/.m2/repository/org/apache/hadoop/hadoop-hdds-server-scm/0.5.0-SNAPSHOT/hadoop-hdds-server-scm-0.5.0-SNAPSHOT.jar:/home/user/.m2/repository/org/apache/hadoop/hadoop-hdds-docs/0.5.0-SNAPSHOT/hadoop-hdds-docs-0.5.0-SNAPSHOT.jar:/home/user/.m2/repository/io/dropwizard/metrics/metrics-core/3.2.4/metrics-core-3.2.4.jar:/home/user/.m2/repository/org/hamcrest/hamcrest-all/1.3/hamcrest-all-1.3.jar:/home/user/.m2/repository/org/bouncycastle/bcprov-jdk15on/1.60/bcprov-jdk15on-1.60.jar:/home/user/.m2/repository/info/picocli/picocli/3.9.6/picocli-3.9.6.jar:/home/user/.m2/repository/com/google/protobuf/protobuf-java/2.5.0/protobuf-java-2.5.0.jar:/home/user/.m2/repository/com/google/guava/guava/11.0.2/guava-11.0.2.jar:/home/user/.m2/repository/org/apache/hadoop/hadoop-ozone-ozone-manager/0.5.0-SNAPSHOT/hadoop-ozone-ozone-manager-0.5.0-SNAPSHOT.jar:/home/user/.m2/repository/org/apache/hadoop/hadoop-minikdc/3.2.0/hadoop-minikdc-3.2.0.jar:/home/user/.m2/repository/commons-io/commons-io/2.5/commons-io-2.5.jar:/home/user/.m2/repository/org/apache/kerby/kerb-simplekdc/1.0.1/kerb-simplekdc-1.0.1.jar:/home/user/.m2/repository/org/apache/kerby/kerb-client/1.0.1/kerb-client-1.0.1.jar:/home/user/.m2/repository/org/apache/kerby/kerby-config/1.0.1/kerby-config-1.0.1.jar:/home/user/.m2/repository/org/apache/kerby/kerb-core/1.0.1/kerb-core-1.0.1.jar:/home/user/.m2/repository/org/apache/kerby/kerby-pkix/1.0.1/kerby-pkix-1.0.1.jar:/home/user/.m2/repository/org/apache/kerby/kerby-asn1/1.0.1/kerby-asn1-1.0.1.jar:/home/user/.m2/repository/org/apache/kerby/kerby-util/1.0.1/kerby-util-1.0.1.jar:/home/user/.m2/repository/org/apache/kerby/kerb-common/1.0.1/kerb-common-1.0.1.jar:/home/user/.m2/repository/org/apache/kerby/kerb-crypto/1.0.1/kerb-crypto-1.0.1.jar:/home/user/.m2/repository/org/apache/kerby/kerb-util/1.0.1/kerb-util-1.0.1.jar:/home/user/.m2/repository/org/apache/kerby/token-provider/1.0.1/token-provider-1.0.1.jar:/home/user/.m2/repository/org/apache/kerby/kerb-admin/1.0.1/kerb-admin-1.0.1.jar:/home/user/.m2/repository/org/apache/kerby/kerb-server/1.0.1/kerb-server-1.0.1.jar:/home/user/.m2/repository/org/apache/kerby/kerb-identity/1.0.1/kerb-identity-1.0.1.jar:/home/user/.m2/repository/org/apache/kerby/kerby-xdr/1.0.1/kerby-xdr-1.0.1.jar:/home/user/.m2/repository/org/slf4j/slf4j-log4j12/1.7.25/slf4j-log4j12-1.7.25.jar:/home/user/.m2/repository/org/apache/hadoop/hadoop-ozone-objectstore-service/0.5.0-SNAPSHOT/hadoop-ozone-objectstore-service-0.5.0-SNAPSHOT.jar:/home/user/.m2/repository/org/apache/hadoop/hadoop-ozone-s3gateway/0.5.0-SNAPSHOT/hadoop-ozone-s3gateway-0.5.0-SNAPSHOT.jar:/home/user/.m2/repository/org/jboss/weld/servlet/weld-servlet/2.4.7.Final/weld-servlet-2.4.7.Final.jar:/home/user/.m2/repository/org/glassfish/jersey/containers/jersey-container-servlet-core/2.27/jersey-container-servlet-core-2.27.jar:/home/user/.m2/repository/org/glassfish/hk2/external/javax.inject/2.5.0-b42/javax.inject-2.5.0-b42.jar:/home/user/.m2/repository/org/glassfish/jersey/core/jersey-common/2.27/jersey-common-2.27.jar:/home/user/.m2/repository/org/glassfish/hk2/osgi-resource-locator/1.0.1/osgi-resource-locator-1.0.1.jar:/home/user/.m2/repository/javax/ws/rs/javax.ws.rs-api/2.1/javax.ws.rs-api-2.1.jar:/home/user/.m2/repository/org/glassfish/jersey/ext/cdi/jersey-cdi1x/2.27/jersey-cdi1x-2.27.jar:/home/user/.m2/repository/org/glassfish/jersey/inject/jersey-hk2/2.27/jersey-hk2-2.27.jar:/home/user/.m2/repository/org/glassfish/hk2/hk2-locator/2.5.0-b42/hk2-locator-2.5.0-b42.jar:/home/user/.m2/repository/org/javassist/javassist/3.22.0-CR2/javassist-3.22.0-CR2.jar:/home/user/.m2/repository/org/glassfish/hk2/hk2-api/2.5.0/hk2-api-2.5.0.jar:/home/user/.m2/repository/org/glassfish/hk2/external/jakarta.inject/2.5.0/jakarta.inject-2.5.0.jar:/home/user/.m2/repository/org/glassfish/hk2/hk2-utils/2.5.0/hk2-utils-2.5.0.jar:/home/user/.m2/repository/jakarta/annotation/jakarta.annotation-api/1.3.4/jakarta.annotation-api-1.3.4.jar:/home/user/.m2/repository/org/glassfish/hk2/external/aopalliance-repackaged/2.5.0/aopalliance-repackaged-2.5.0.jar:/home/user/.m2/repository/com/fasterxml/jackson/dataformat/jackson-dataformat-xml/2.9.0/jackson-dataformat-xml-2.9.0.jar:/home/user/.m2/repository/com/fasterxml/jackson/core/jackson-core/2.9.5/jackson-core-2.9.5.jar:/home/user/.m2/repository/com/fasterxml/jackson/module/jackson-module-jaxb-annotations/2.9.5/jackson-module-jaxb-annotations-2.9.5.jar:/home/user/.m2/repository/javax/enterprise/cdi-api/1.2/cdi-api-1.2.jar:/home/user/.m2/repository/javax/el/javax.el-api/3.0.0/javax.el-api-3.0.0.jar:/home/user/.m2/repository/javax/interceptor/javax.interceptor-api/1.2/javax.interceptor-api-1.2.jar:/home/user/.m2/repository/javax/inject/javax.inject/1/javax.inject-1.jar:/home/user/.m2/repository/com/sun/xml/bind/jaxb-impl/2.3.0.1/jaxb-impl-2.3.0.1.jar:/home/user/.m2/repository/com/sun/xml/bind/jaxb-core/2.3.0.1/jaxb-core-2.3.0.1.jar:/home/user/.m2/repository/javax/xml/bind/jaxb-api/2.3.0/jaxb-api-2.3.0.jar:/home/user/.m2/repository/javax/activation/activation/1.1.1/activation-1.1.1.jar:/home/user/.m2/repository/org/apache/hadoop/hadoop-ozone-csi/0.5.0-SNAPSHOT/hadoop-ozone-csi-0.5.0-SNAPSHOT.jar:/home/user/.m2/repository/com/google/protobuf/protobuf-java-util/3.5.1/protobuf-java-util-3.5.1.jar:/home/user/.m2/repository/org/apache/hadoop/hadoop-hdds-config/0.5.0-SNAPSHOT/hadoop-hdds-config-0.5.0-SNAPSHOT.jar:/home/user/.m2/repository/io/grpc/grpc-netty/1.17.1/grpc-netty-1.17.1.jar:/home/user/.m2/repository/io/grpc/grpc-core/1.17.1/grpc-core-1.17.1.jar:/home/user/.m2/repository/io/grpc/grpc-context/1.17.1/grpc-context-1.17.1.jar:/home/user/.m2/repository/com/google/errorprone/error_prone_annotations/2.2.0/error_prone_annotations-2.2.0.jar:/home/user/.m2/repository/org/codehaus/mojo/animal-sniffer-annotations/1.17/animal-sniffer-annotations-1.17.jar:/home/user/.m2/repository/io/opencensus/opencensus-api/0.17.0/opencensus-api-0.17.0.jar:/home/user/.m2/repository/io/opencensus/opencensus-contrib-grpc-metrics/0.17.0/opencensus-contrib-grpc-metrics-0.17.0.jar:/home/user/.m2/repository/io/netty/netty-codec-http2/4.1.30.Final/netty-codec-http2-4.1.30.Final.jar:/home/user/.m2/repository/io/netty/netty-codec-http/4.1.30.Final/netty-codec-http-4.1.30.Final.jar:/home/user/.m2/repository/io/netty/netty-codec/4.1.30.Final/netty-codec-4.1.30.Final.jar:/home/user/.m2/repository/io/netty/netty-handler/4.1.30.Final/netty-handler-4.1.30.Final.jar:/home/user/.m2/repository/io/netty/netty-handler-proxy/4.1.30.Final/netty-handler-proxy-4.1.30.Final.jar:/home/user/.m2/repository/io/netty/netty-codec-socks/4.1.30.Final/netty-codec-socks-4.1.30.Final.jar:/home/user/.m2/repository/io/netty/netty-transport-native-epoll/4.1.30.Final/netty-transport-native-epoll-4.1.30.Final.jar:/home/user/.m2/repository/io/netty/netty-common/4.1.30.Final/netty-common-4.1.30.Final.jar:/home/user/.m2/repository/io/netty/netty-buffer/4.1.30.Final/netty-buffer-4.1.30.Final.jar:/home/user/.m2/repository/io/netty/netty-transport/4.1.30.Final/netty-transport-4.1.30.Final.jar:/home/user/.m2/repository/io/netty/netty-resolver/4.1.30.Final/netty-resolver-4.1.30.Final.jar:/home/user/.m2/repository/io/netty/netty-transport-native-unix-common/4.1.30.Final/netty-transport-native-unix-common-4.1.30.Final.jar:/home/user/.m2/repository/io/grpc/grpc-protobuf/1.17.1/grpc-protobuf-1.17.1.jar:/home/user/.m2/repository/com/google/api/grpc/proto-google-common-protos/1.0.0/proto-google-common-protos-1.0.0.jar:/home/user/.m2/repository/io/grpc/grpc-protobuf-lite/1.17.1/grpc-protobuf-lite-1.17.1.jar:/home/user/.m2/repository/io/grpc/grpc-stub/1.17.1/grpc-stub-1.17.1.jar:/home/user/.m2/repository/org/apache/hadoop/hadoop-ozone-recon/0.5.0-SNAPSHOT/hadoop-ozone-recon-0.5.0-SNAPSHOT.jar:/home/user/.m2/repository/org/apache/hadoop/hadoop-ozone-reconcodegen/0.5.0-SNAPSHOT/hadoop-ozone-reconcodegen-0.5.0-SNAPSHOT.jar:/home/user/.m2/repository/com/google/inject/extensions/guice-multibindings/4.0/guice-multibindings-4.0.jar:/home/user/.m2/repository/com/google/inject/guice/4.0/guice-4.0.jar:/home/user/.m2/repository/aopalliance/aopalliance/1.0/aopalliance-1.0.jar:/home/user/.m2/repository/com/google/inject/extensions/guice-servlet/4.0/guice-servlet-4.0.jar:/home/user/.m2/repository/org/glassfish/jersey/containers/jersey-container-servlet/2.27/jersey-container-servlet-2.27.jar:/home/user/.m2/repository/org/glassfish/hk2/guice-bridge/2.5.0/guice-bridge-2.5.0.jar:/home/user/.m2/repository/org/glassfish/jersey/core/jersey-server/2.27/jersey-server-2.27.jar:/home/user/.m2/repository/org/glassfish/jersey/core/jersey-client/2.27/jersey-client-2.27.jar:/home/user/.m2/repository/org/glassfish/jersey/media/jersey-media-jaxb/2.27/jersey-media-jaxb-2.27.jar:/home/user/.m2/repository/javax/validation/validation-api/1.1.0.Final/validation-api-1.1.0.Final.jar:/home/user/.m2/repository/org/glassfish/jersey/media/jersey-media-json-jackson/2.27/jersey-media-json-jackson-2.27.jar:/home/user/.m2/repository/org/glassfish/jersey/ext/jersey-entity-filtering/2.27/jersey-entity-filtering-2.27.jar:/home/user/.m2/repository/com/google/inject/extensions/guice-assistedinject/4.0/guice-assistedinject-4.0.jar:/home/user/.m2/repository/org/jooq/jooq/3.11.10/jooq-3.11.10.jar:/home/user/.m2/repository/org/jooq/jooq-meta/3.11.10/jooq-meta-3.11.10.jar:/home/user/.m2/repository/org/jooq/jooq-codegen/3.11.10/jooq-codegen-3.11.10.jar:/home/user/.m2/repository/com/jolbox/bonecp/0.8.0.RELEASE/bonecp-0.8.0.RELEASE.jar:/home/user/.m2/repository/org/xerial/sqlite-jdbc/3.25.2/sqlite-jdbc-3.25.2.jar:/home/user/.m2/repository/org/springframework/spring-jdbc/5.1.3.RELEASE/spring-jdbc-5.1.3.RELEASE.jar:/home/user/.m2/repository/org/springframework/spring-beans/5.1.3.RELEASE/spring-beans-5.1.3.RELEASE.jar:/home/user/.m2/repository/org/springframework/spring-core/5.1.3.RELEASE/spring-core-5.1.3.RELEASE.jar:/home/user/.m2/repository/org/springframework/spring-jcl/5.1.3.RELEASE/spring-jcl-5.1.3.RELEASE.jar:/home/user/.m2/repository/org/springframework/spring-tx/5.1.3.RELEASE/spring-tx-5.1.3.RELEASE.jar:/home/user/.m2/repository/org/apache/hadoop/hadoop-ozone-client/0.5.0-SNAPSHOT/hadoop-ozone-client-0.5.0-SNAPSHOT.jar:/home/user/.m2/repository/commons-lang/commons-lang/2.6/commons-lang-2.6.jar:/home/user/.m2/repository/org/apache/hadoop/hadoop-ozone-ozone-manager/0.5.0-SNAPSHOT/hadoop-ozone-ozone-manager-0.5.0-SNAPSHOT-tests.jar:/home/user/.m2/repository/junit/junit/4.11/junit-4.11.jar:/home/user/.m2/repository/org/hamcrest/hamcrest-core/1.3/hamcrest-core-1.3.jar:/home/user/.m2/repository/org/openjdk/jmh/jmh-core/1.19/jmh-core-1.19.jar:/home/user/.m2/repository/net/sf/jopt-simple/jopt-simple/4.6/jopt-simple-4.6.jar:/home/user/.m2/repository/org/apache/commons/commons-math3/3.1.1/commons-math3-3.1.1.jar:/home/user/.m2/repository/org/openjdk/jmh/jmh-generator-annprocess/1.19/jmh-generator-annprocess-1.19.jar:/home/user/.m2/repository/org/mockito/mockito-all/1.8.5/mockito-all-1.8.5.jar:/home/user/.m2/repository/org/apache/hadoop/hadoop-kms/3.2.0/hadoop-kms-3.2.0.jar:/home/user/.m2/repository/org/apache/hadoop/hadoop-auth/3.2.0/hadoop-auth-3.2.0.jar:/home/user/.m2/repository/com/nimbusds/nimbus-jose-jwt/4.41.1/nimbus-jose-jwt-4.41.1.jar:/home/user/.m2/repository/com/github/stephenc/jcip/jcip-annotations/1.0-1/jcip-annotations-1.0-1.jar:/home/user/.m2/repository/net/minidev/json-smart/2.3/json-smart-2.3.jar:/home/user/.m2/repository/net/minidev/accessors-smart/1.2/accessors-smart-1.2.jar:/home/user/.m2/repository/org/ow2/asm/asm/5.0.4/asm-5.0.4.jar:/home/user/.m2/repository/org/apache/curator/curator-framework/2.12.0/curator-framework-2.12.0.jar:/home/user/.m2/repository/com/sun/jersey/jersey-core/1.19/jersey-core-1.19.jar:/home/user/.m2/repository/javax/ws/rs/jsr311-api/1.1.1/jsr311-api-1.1.1.jar:/home/user/.m2/repository/com/sun/jersey/jersey-server/1.19/jersey-server-1.19.jar:/home/user/.m2/repository/javax/servlet/javax.servlet-api/3.1.0/javax.servlet-api-3.1.0.jar:/home/user/.m2/repository/org/eclipse/jetty/jetty-server/9.3.24.v20180605/jetty-server-9.3.24.v20180605.jar:/home/user/.m2/repository/org/eclipse/jetty/jetty-http/9.3.24.v20180605/jetty-http-9.3.24.v20180605.jar:/home/user/.m2/repository/org/eclipse/jetty/jetty-io/9.3.24.v20180605/jetty-io-9.3.24.v20180605.jar:/home/user/.m2/repository/org/eclipse/jetty/jetty-webapp/9.3.24.v20180605/jetty-webapp-9.3.24.v20180605.jar:/home/user/.m2/repository/org/eclipse/jetty/jetty-xml/9.3.24.v20180605/jetty-xml-9.3.24.v20180605.jar:/home/user/.m2/repository/log4j/log4j/1.2.17/log4j-1.2.17.jar:/home/user/.m2/repository/org/slf4j/slf4j-api/1.7.25/slf4j-api-1.7.25.jar:/home/user/.m2/repository/org/slf4j/jul-to-slf4j/1.7.25/jul-to-slf4j-1.7.25.jar:/home/user/.m2/repository/org/eclipse/jetty/jetty-util/9.3.24.v20180605/jetty-util-9.3.24.v20180605.jar:/home/user/.m2/repository/com/fasterxml/jackson/core/jackson-databind/2.9.5/jackson-databind-2.9.5.jar:/home/user/.m2/repository/org/apache/hadoop/hadoop-kms/3.2.0/hadoop-kms-3.2.0-tests.jar:/home/user/.m2/repository/org/apache/hadoop/hadoop-hdds-server-scm/0.5.0-SNAPSHOT/hadoop-hdds-server-scm-0.5.0-SNAPSHOT-tests.jar:/home/user/.m2/repository/org/apache/hadoop/hadoop-hdds-container-service/0.5.0-SNAPSHOT/hadoop-hdds-container-service-0.5.0-SNAPSHOT-tests.jar:/home/user/.m2/repository/org/yaml/snakeyaml/1.16/snakeyaml-1.16.jar:/home/user/.m2/repository/org/apache/hadoop/hadoop-common/3.2.0/hadoop-common-3.2.0-tests.jar:/home/user/.m2/repository/org/apache/hadoop/hadoop-annotations/3.2.0/hadoop-annotations-3.2.0.jar:/usr/lib/jvm/java-1.8-openjdk/jre/../lib/tools.jar:/home/user/.m2/repository/commons-cli/commons-cli/1.2/commons-cli-1.2.jar:/home/user/.m2/repository/org/apache/httpcomponents/httpclient/4.5.2/httpclient-4.5.2.jar:/home/user/.m2/repository/org/apache/httpcomponents/httpcore/4.4.4/httpcore-4.4.4.jar:/home/user/.m2/repository/commons-codec/commons-codec/1.11/commons-codec-1.11.jar:/home/user/.m2/repository/commons-net/commons-net/3.6/commons-net-3.6.jar:/home/user/.m2/repository/commons-collections/commons-collections/3.2.2/commons-collections-3.2.2.jar:/home/user/.m2/repository/org/eclipse/jetty/jetty-servlet/9.3.24.v20180605/jetty-servlet-9.3.24.v20180605.jar:/home/user/.m2/repository/org/eclipse/jetty/jetty-security/9.3.24.v20180605/jetty-security-9.3.24.v20180605.jar:/home/user/.m2/repository/javax/servlet/jsp/jsp-api/2.1/jsp-api-2.1.jar:/home/user/.m2/repository/com/sun/jersey/jersey-servlet/1.19/jersey-servlet-1.19.jar:/home/user/.m2/repository/com/sun/jersey/jersey-json/1.19/jersey-json-1.19.jar:/home/user/.m2/repository/org/codehaus/jettison/jettison/1.1/jettison-1.1.jar:/home/user/.m2/repository/org/codehaus/jackson/jackson-core-asl/1.9.13/jackson-core-asl-1.9.13.jar:/home/user/.m2/repository/org/codehaus/jackson/jackson-mapper-asl/1.9.13/jackson-mapper-asl-1.9.13.jar:/home/user/.m2/repository/org/codehaus/jackson/jackson-jaxrs/1.9.13/jackson-jaxrs-1.9.13.jar:/home/user/.m2/repository/org/codehaus/jackson/jackson-xc/1.9.13/jackson-xc-1.9.13.jar:/home/user/.m2/repository/commons-logging/commons-logging/1.1.3/commons-logging-1.1.3.jar:/home/user/.m2/repository/commons-beanutils/commons-beanutils/1.9.3/commons-beanutils-1.9.3.jar:/home/user/.m2/repository/org/apache/commons/commons-configuration2/2.1.1/commons-configuration2-2.1.1.jar:/home/user/.m2/repository/org/apache/commons/commons-lang3/3.7/commons-lang3-3.7.jar:/home/user/.m2/repository/org/apache/commons/commons-text/1.4/commons-text-1.4.jar:/home/user/.m2/repository/org/apache/avro/avro/1.7.7/avro-1.7.7.jar:/home/user/.m2/repository/com/thoughtworks/paranamer/paranamer/2.3/paranamer-2.3.jar:/home/user/.m2/repository/org/xerial/snappy/snappy-java/1.0.5/snappy-java-1.0.5.jar:/home/user/.m2/repository/com/google/re2j/re2j/1.1/re2j-1.1.jar:/home/user/.m2/repository/com/google/code/gson/gson/2.2.4/gson-2.2.4.jar:/home/user/.m2/repository/com/jcraft/jsch/0.1.54/jsch-0.1.54.jar:/home/user/.m2/repository/org/apache/curator/curator-client/2.12.0/curator-client-2.12.0.jar:/home/user/.m2/repository/org/apache/curator/curator-recipes/2.12.0/curator-recipes-2.12.0.jar:/home/user/.m2/repository/com/google/code/findbugs/jsr305/3.0.0/jsr305-3.0.0.jar:/home/user/.m2/repository/org/apache/htrace/htrace-core4/4.1.0-incubating/htrace-core4-4.1.0-incubating.jar:/home/user/.m2/repository/org/apache/zookeeper/zookeeper/3.4.13/zookeeper-3.4.13.jar:/home/user/.m2/repository/org/apache/yetus/audience-annotations/0.5.0/audience-annotations-0.5.0.jar:/home/user/.m2/repository/org/codehaus/woodstox/stax2-api/3.1.4/stax2-api-3.1.4.jar:/home/user/.m2/repository/com/fasterxml/woodstox/woodstox-core/5.0.3/woodstox-core-5.0.3.jar:/home/user/.m2/repository/dnsjava/dnsjava/2.1.7/dnsjava-2.1.7.jar:/home/user/.m2/repository/org/apache/hadoop/hadoop-hdfs/3.2.0/hadoop-hdfs-3.2.0-tests.jar:/home/user/.m2/repository/org/eclipse/jetty/jetty-util-ajax/9.3.24.v20180605/jetty-util-ajax-9.3.24.v20180605.jar:/home/user/.m2/repository/commons-daemon/commons-daemon/1.0.13/commons-daemon-1.0.13.jar:/home/user/.m2/repository/io/netty/netty/3.10.5.Final/netty-3.10.5.Final.jar:/home/user/.m2/repository/io/netty/netty-all/4.0.52.Final/netty-all-4.0.52.Final.jar:/home/user/.m2/repository/org/fusesource/leveldbjni/leveldbjni-all/1.8/leveldbjni-all-1.8.jar:"/>
    <property name="java.vm.vendor" value="IcedTea"/>
    <property name="sun.arch.data.model" value="64"/>
    <property name="test.build.dir" value="/tmp/workdir/hadoop-ozone/integration-test/target/test-dir"/>
    <property name="test.cache.data" value=""/>
    <property name="java.vendor.url" value="https://icedtea.classpath.org"/>
    <property name="user.timezone" value=""/>
    <property name="java.vm.specification.version" value="1.8"/>
    <property name="os.name" value="Linux"/>
    <property name="test.build.data" value="/tmp/workdir/hadoop-ozone/integration-test/target/test-dir"/>
    <property name="user.country" value="US"/>
    <property name="sun.java.launcher" value="SUN_STANDARD"/>
    <property name="sun.boot.library.path" value="/usr/lib/jvm/java-1.8-openjdk/jre/lib/amd64"/>
    <property name="sun.java.command" value="/tmp/workdir/hadoop-ozone/integration-test/target/surefire/surefirebooter5495774524410399934.jar /tmp/workdir/hadoop-ozone/integration-test/target/surefire 2019-07-13T08-10-58_825-jvmRun1 surefire2510624898527488054tmp surefire_798773996908719652011tmp"/>
    <property name="surefire.test.class.path" value="/tmp/workdir/hadoop-ozone/integration-test/target/test-classes:/tmp/workdir/hadoop-ozone/integration-test/target/classes:/home/user/.m2/repository/org/apache/hadoop/hadoop-ozone-common/0.5.0-SNAPSHOT/hadoop-ozone-common-0.5.0-SNAPSHOT.jar:/home/user/.m2/repository/org/apache/commons/commons-compress/1.4.1/commons-compress-1.4.1.jar:/home/user/.m2/repository/org/tukaani/xz/1.0/xz-1.0.jar:/home/user/.m2/repository/org/apache/hadoop/hadoop-common/3.2.0/hadoop-common-3.2.0.jar:/home/user/.m2/repository/org/apache/hadoop/hadoop-hdfs/3.2.0/hadoop-hdfs-3.2.0.jar:/home/user/.m2/repository/org/apache/hadoop/hadoop-hdfs-client/3.2.0/hadoop-hdfs-client-3.2.0.jar:/home/user/.m2/repository/com/fasterxml/jackson/core/jackson-annotations/2.9.5/jackson-annotations-2.9.5.jar:/home/user/.m2/repository/org/apache/hadoop/hadoop-hdds-common/0.5.0-SNAPSHOT/hadoop-hdds-common-0.5.0-SNAPSHOT.jar:/home/user/.m2/repository/javax/annotation/javax.annotation-api/1.2/javax.annotation-api-1.2.jar:/home/user/.m2/repository/org/apache/ratis/ratis-server/0.4.0-2337318-SNAPSHOT/ratis-server-0.4.0-2337318-SNAPSHOT.jar:/home/user/.m2/repository/org/apache/ratis/ratis-thirdparty-misc/0.2.0/ratis-thirdparty-misc-0.2.0.jar:/home/user/.m2/repository/org/apache/ratis/ratis-proto/0.4.0-2337318-SNAPSHOT/ratis-proto-0.4.0-2337318-SNAPSHOT.jar:/home/user/.m2/repository/org/apache/ratis/ratis-common/0.4.0-2337318-SNAPSHOT/ratis-common-0.4.0-2337318-SNAPSHOT.jar:/home/user/.m2/repository/org/apache/ratis/ratis-client/0.4.0-2337318-SNAPSHOT/ratis-client-0.4.0-2337318-SNAPSHOT.jar:/home/user/.m2/repository/org/apache/ratis/ratis-metrics/0.4.0-2337318-SNAPSHOT/ratis-metrics-0.4.0-2337318-SNAPSHOT.jar:/home/user/.m2/repository/org/apache/ratis/ratis-netty/0.4.0-2337318-SNAPSHOT/ratis-netty-0.4.0-2337318-SNAPSHOT.jar:/home/user/.m2/repository/org/apache/ratis/ratis-grpc/0.4.0-2337318-SNAPSHOT/ratis-grpc-0.4.0-2337318-SNAPSHOT.jar:/home/user/.m2/repository/org/rocksdb/rocksdbjni/6.0.1/rocksdbjni-6.0.1.jar:/home/user/.m2/repository/org/apache/logging/log4j/log4j-api/2.11.0/log4j-api-2.11.0.jar:/home/user/.m2/repository/org/apache/logging/log4j/log4j-core/2.11.0/log4j-core-2.11.0.jar:/home/user/.m2/repository/com/lmax/disruptor/3.4.2/disruptor-3.4.2.jar:/home/user/.m2/repository/org/apache/commons/commons-pool2/2.6.0/commons-pool2-2.6.0.jar:/home/user/.m2/repository/org/bouncycastle/bcpkix-jdk15on/1.60/bcpkix-jdk15on-1.60.jar:/home/user/.m2/repository/commons-validator/commons-validator/1.6/commons-validator-1.6.jar:/home/user/.m2/repository/commons-digester/commons-digester/1.8.1/commons-digester-1.8.1.jar:/home/user/.m2/repository/io/jaegertracing/jaeger-client/0.33.1/jaeger-client-0.33.1.jar:/home/user/.m2/repository/io/jaegertracing/jaeger-thrift/0.33.1/jaeger-thrift-0.33.1.jar:/home/user/.m2/repository/org/apache/thrift/libthrift/0.11.0/libthrift-0.11.0.jar:/home/user/.m2/repository/com/squareup/okhttp3/okhttp/3.9.0/okhttp-3.9.0.jar:/home/user/.m2/repository/com/squareup/okio/okio/1.13.0/okio-1.13.0.jar:/home/user/.m2/repository/io/jaegertracing/jaeger-core/0.33.1/jaeger-core-0.33.1.jar:/home/user/.m2/repository/io/jaegertracing/jaeger-tracerresolver/0.33.1/jaeger-tracerresolver-0.33.1.jar:/home/user/.m2/repository/io/opentracing/contrib/opentracing-tracerresolver/0.1.5/opentracing-tracerresolver-0.1.5.jar:/home/user/.m2/repository/io/opentracing/opentracing-util/0.31.0/opentracing-util-0.31.0.jar:/home/user/.m2/repository/io/opentracing/opentracing-api/0.31.0/opentracing-api-0.31.0.jar:/home/user/.m2/repository/io/opentracing/opentracing-noop/0.31.0/opentracing-noop-0.31.0.jar:/home/user/.m2/repository/org/apache/hadoop/hadoop-hdds-server-framework/0.5.0-SNAPSHOT/hadoop-hdds-server-framework-0.5.0-SNAPSHOT.jar:/home/user/.m2/repository/org/apache/hadoop/hadoop-hdds-container-service/0.5.0-SNAPSHOT/hadoop-hdds-container-service-0.5.0-SNAPSHOT.jar:/home/user/.m2/repository/org/apache/hadoop/hadoop-hdds-client/0.5.0-SNAPSHOT/hadoop-hdds-client-0.5.0-SNAPSHOT.jar:/home/user/.m2/repository/org/apache/hadoop/hadoop-hdds-tools/0.5.0-SNAPSHOT/hadoop-hdds-tools-0.5.0-SNAPSHOT.jar:/home/user/.m2/repository/org/apache/hadoop/hadoop-hdds-server-scm/0.5.0-SNAPSHOT/hadoop-hdds-server-scm-0.5.0-SNAPSHOT.jar:/home/user/.m2/repository/org/apache/hadoop/hadoop-hdds-docs/0.5.0-SNAPSHOT/hadoop-hdds-docs-0.5.0-SNAPSHOT.jar:/home/user/.m2/repository/io/dropwizard/metrics/metrics-core/3.2.4/metrics-core-3.2.4.jar:/home/user/.m2/repository/org/hamcrest/hamcrest-all/1.3/hamcrest-all-1.3.jar:/home/user/.m2/repository/org/bouncycastle/bcprov-jdk15on/1.60/bcprov-jdk15on-1.60.jar:/home/user/.m2/repository/info/picocli/picocli/3.9.6/picocli-3.9.6.jar:/home/user/.m2/repository/com/google/protobuf/protobuf-java/2.5.0/protobuf-java-2.5.0.jar:/home/user/.m2/repository/com/google/guava/guava/11.0.2/guava-11.0.2.jar:/home/user/.m2/repository/org/apache/hadoop/hadoop-ozone-ozone-manager/0.5.0-SNAPSHOT/hadoop-ozone-ozone-manager-0.5.0-SNAPSHOT.jar:/home/user/.m2/repository/org/apache/hadoop/hadoop-minikdc/3.2.0/hadoop-minikdc-3.2.0.jar:/home/user/.m2/repository/commons-io/commons-io/2.5/commons-io-2.5.jar:/home/user/.m2/repository/org/apache/kerby/kerb-simplekdc/1.0.1/kerb-simplekdc-1.0.1.jar:/home/user/.m2/repository/org/apache/kerby/kerb-client/1.0.1/kerb-client-1.0.1.jar:/home/user/.m2/repository/org/apache/kerby/kerby-config/1.0.1/kerby-config-1.0.1.jar:/home/user/.m2/repository/org/apache/kerby/kerb-core/1.0.1/kerb-core-1.0.1.jar:/home/user/.m2/repository/org/apache/kerby/kerby-pkix/1.0.1/kerby-pkix-1.0.1.jar:/home/user/.m2/repository/org/apache/kerby/kerby-asn1/1.0.1/kerby-asn1-1.0.1.jar:/home/user/.m2/repository/org/apache/kerby/kerby-util/1.0.1/kerby-util-1.0.1.jar:/home/user/.m2/repository/org/apache/kerby/kerb-common/1.0.1/kerb-common-1.0.1.jar:/home/user/.m2/repository/org/apache/kerby/kerb-crypto/1.0.1/kerb-crypto-1.0.1.jar:/home/user/.m2/repository/org/apache/kerby/kerb-util/1.0.1/kerb-util-1.0.1.jar:/home/user/.m2/repository/org/apache/kerby/token-provider/1.0.1/token-provider-1.0.1.jar:/home/user/.m2/repository/org/apache/kerby/kerb-admin/1.0.1/kerb-admin-1.0.1.jar:/home/user/.m2/repository/org/apache/kerby/kerb-server/1.0.1/kerb-server-1.0.1.jar:/home/user/.m2/repository/org/apache/kerby/kerb-identity/1.0.1/kerb-identity-1.0.1.jar:/home/user/.m2/repository/org/apache/kerby/kerby-xdr/1.0.1/kerby-xdr-1.0.1.jar:/home/user/.m2/repository/org/slf4j/slf4j-log4j12/1.7.25/slf4j-log4j12-1.7.25.jar:/home/user/.m2/repository/org/apache/hadoop/hadoop-ozone-objectstore-service/0.5.0-SNAPSHOT/hadoop-ozone-objectstore-service-0.5.0-SNAPSHOT.jar:/home/user/.m2/repository/org/apache/hadoop/hadoop-ozone-s3gateway/0.5.0-SNAPSHOT/hadoop-ozone-s3gateway-0.5.0-SNAPSHOT.jar:/home/user/.m2/repository/org/jboss/weld/servlet/weld-servlet/2.4.7.Final/weld-servlet-2.4.7.Final.jar:/home/user/.m2/repository/org/glassfish/jersey/containers/jersey-container-servlet-core/2.27/jersey-container-servlet-core-2.27.jar:/home/user/.m2/repository/org/glassfish/hk2/external/javax.inject/2.5.0-b42/javax.inject-2.5.0-b42.jar:/home/user/.m2/repository/org/glassfish/jersey/core/jersey-common/2.27/jersey-common-2.27.jar:/home/user/.m2/repository/org/glassfish/hk2/osgi-resource-locator/1.0.1/osgi-resource-locator-1.0.1.jar:/home/user/.m2/repository/javax/ws/rs/javax.ws.rs-api/2.1/javax.ws.rs-api-2.1.jar:/home/user/.m2/repository/org/glassfish/jersey/ext/cdi/jersey-cdi1x/2.27/jersey-cdi1x-2.27.jar:/home/user/.m2/repository/org/glassfish/jersey/inject/jersey-hk2/2.27/jersey-hk2-2.27.jar:/home/user/.m2/repository/org/glassfish/hk2/hk2-locator/2.5.0-b42/hk2-locator-2.5.0-b42.jar:/home/user/.m2/repository/org/javassist/javassist/3.22.0-CR2/javassist-3.22.0-CR2.jar:/home/user/.m2/repository/org/glassfish/hk2/hk2-api/2.5.0/hk2-api-2.5.0.jar:/home/user/.m2/repository/org/glassfish/hk2/external/jakarta.inject/2.5.0/jakarta.inject-2.5.0.jar:/home/user/.m2/repository/org/glassfish/hk2/hk2-utils/2.5.0/hk2-utils-2.5.0.jar:/home/user/.m2/repository/jakarta/annotation/jakarta.annotation-api/1.3.4/jakarta.annotation-api-1.3.4.jar:/home/user/.m2/repository/org/glassfish/hk2/external/aopalliance-repackaged/2.5.0/aopalliance-repackaged-2.5.0.jar:/home/user/.m2/repository/com/fasterxml/jackson/dataformat/jackson-dataformat-xml/2.9.0/jackson-dataformat-xml-2.9.0.jar:/home/user/.m2/repository/com/fasterxml/jackson/core/jackson-core/2.9.5/jackson-core-2.9.5.jar:/home/user/.m2/repository/com/fasterxml/jackson/module/jackson-module-jaxb-annotations/2.9.5/jackson-module-jaxb-annotations-2.9.5.jar:/home/user/.m2/repository/javax/enterprise/cdi-api/1.2/cdi-api-1.2.jar:/home/user/.m2/repository/javax/el/javax.el-api/3.0.0/javax.el-api-3.0.0.jar:/home/user/.m2/repository/javax/interceptor/javax.interceptor-api/1.2/javax.interceptor-api-1.2.jar:/home/user/.m2/repository/javax/inject/javax.inject/1/javax.inject-1.jar:/home/user/.m2/repository/com/sun/xml/bind/jaxb-impl/2.3.0.1/jaxb-impl-2.3.0.1.jar:/home/user/.m2/repository/com/sun/xml/bind/jaxb-core/2.3.0.1/jaxb-core-2.3.0.1.jar:/home/user/.m2/repository/javax/xml/bind/jaxb-api/2.3.0/jaxb-api-2.3.0.jar:/home/user/.m2/repository/javax/activation/activation/1.1.1/activation-1.1.1.jar:/home/user/.m2/repository/org/apache/hadoop/hadoop-ozone-csi/0.5.0-SNAPSHOT/hadoop-ozone-csi-0.5.0-SNAPSHOT.jar:/home/user/.m2/repository/com/google/protobuf/protobuf-java-util/3.5.1/protobuf-java-util-3.5.1.jar:/home/user/.m2/repository/org/apache/hadoop/hadoop-hdds-config/0.5.0-SNAPSHOT/hadoop-hdds-config-0.5.0-SNAPSHOT.jar:/home/user/.m2/repository/io/grpc/grpc-netty/1.17.1/grpc-netty-1.17.1.jar:/home/user/.m2/repository/io/grpc/grpc-core/1.17.1/grpc-core-1.17.1.jar:/home/user/.m2/repository/io/grpc/grpc-context/1.17.1/grpc-context-1.17.1.jar:/home/user/.m2/repository/com/google/errorprone/error_prone_annotations/2.2.0/error_prone_annotations-2.2.0.jar:/home/user/.m2/repository/org/codehaus/mojo/animal-sniffer-annotations/1.17/animal-sniffer-annotations-1.17.jar:/home/user/.m2/repository/io/opencensus/opencensus-api/0.17.0/opencensus-api-0.17.0.jar:/home/user/.m2/repository/io/opencensus/opencensus-contrib-grpc-metrics/0.17.0/opencensus-contrib-grpc-metrics-0.17.0.jar:/home/user/.m2/repository/io/netty/netty-codec-http2/4.1.30.Final/netty-codec-http2-4.1.30.Final.jar:/home/user/.m2/repository/io/netty/netty-codec-http/4.1.30.Final/netty-codec-http-4.1.30.Final.jar:/home/user/.m2/repository/io/netty/netty-codec/4.1.30.Final/netty-codec-4.1.30.Final.jar:/home/user/.m2/repository/io/netty/netty-handler/4.1.30.Final/netty-handler-4.1.30.Final.jar:/home/user/.m2/repository/io/netty/netty-handler-proxy/4.1.30.Final/netty-handler-proxy-4.1.30.Final.jar:/home/user/.m2/repository/io/netty/netty-codec-socks/4.1.30.Final/netty-codec-socks-4.1.30.Final.jar:/home/user/.m2/repository/io/netty/netty-transport-native-epoll/4.1.30.Final/netty-transport-native-epoll-4.1.30.Final.jar:/home/user/.m2/repository/io/netty/netty-common/4.1.30.Final/netty-common-4.1.30.Final.jar:/home/user/.m2/repository/io/netty/netty-buffer/4.1.30.Final/netty-buffer-4.1.30.Final.jar:/home/user/.m2/repository/io/netty/netty-transport/4.1.30.Final/netty-transport-4.1.30.Final.jar:/home/user/.m2/repository/io/netty/netty-resolver/4.1.30.Final/netty-resolver-4.1.30.Final.jar:/home/user/.m2/repository/io/netty/netty-transport-native-unix-common/4.1.30.Final/netty-transport-native-unix-common-4.1.30.Final.jar:/home/user/.m2/repository/io/grpc/grpc-protobuf/1.17.1/grpc-protobuf-1.17.1.jar:/home/user/.m2/repository/com/google/api/grpc/proto-google-common-protos/1.0.0/proto-google-common-protos-1.0.0.jar:/home/user/.m2/repository/io/grpc/grpc-protobuf-lite/1.17.1/grpc-protobuf-lite-1.17.1.jar:/home/user/.m2/repository/io/grpc/grpc-stub/1.17.1/grpc-stub-1.17.1.jar:/home/user/.m2/repository/org/apache/hadoop/hadoop-ozone-recon/0.5.0-SNAPSHOT/hadoop-ozone-recon-0.5.0-SNAPSHOT.jar:/home/user/.m2/repository/org/apache/hadoop/hadoop-ozone-reconcodegen/0.5.0-SNAPSHOT/hadoop-ozone-reconcodegen-0.5.0-SNAPSHOT.jar:/home/user/.m2/repository/com/google/inject/extensions/guice-multibindings/4.0/guice-multibindings-4.0.jar:/home/user/.m2/repository/com/google/inject/guice/4.0/guice-4.0.jar:/home/user/.m2/repository/aopalliance/aopalliance/1.0/aopalliance-1.0.jar:/home/user/.m2/repository/com/google/inject/extensions/guice-servlet/4.0/guice-servlet-4.0.jar:/home/user/.m2/repository/org/glassfish/jersey/containers/jersey-container-servlet/2.27/jersey-container-servlet-2.27.jar:/home/user/.m2/repository/org/glassfish/hk2/guice-bridge/2.5.0/guice-bridge-2.5.0.jar:/home/user/.m2/repository/org/glassfish/jersey/core/jersey-server/2.27/jersey-server-2.27.jar:/home/user/.m2/repository/org/glassfish/jersey/core/jersey-client/2.27/jersey-client-2.27.jar:/home/user/.m2/repository/org/glassfish/jersey/media/jersey-media-jaxb/2.27/jersey-media-jaxb-2.27.jar:/home/user/.m2/repository/javax/validation/validation-api/1.1.0.Final/validation-api-1.1.0.Final.jar:/home/user/.m2/repository/org/glassfish/jersey/media/jersey-media-json-jackson/2.27/jersey-media-json-jackson-2.27.jar:/home/user/.m2/repository/org/glassfish/jersey/ext/jersey-entity-filtering/2.27/jersey-entity-filtering-2.27.jar:/home/user/.m2/repository/com/google/inject/extensions/guice-assistedinject/4.0/guice-assistedinject-4.0.jar:/home/user/.m2/repository/org/jooq/jooq/3.11.10/jooq-3.11.10.jar:/home/user/.m2/repository/org/jooq/jooq-meta/3.11.10/jooq-meta-3.11.10.jar:/home/user/.m2/repository/org/jooq/jooq-codegen/3.11.10/jooq-codegen-3.11.10.jar:/home/user/.m2/repository/com/jolbox/bonecp/0.8.0.RELEASE/bonecp-0.8.0.RELEASE.jar:/home/user/.m2/repository/org/xerial/sqlite-jdbc/3.25.2/sqlite-jdbc-3.25.2.jar:/home/user/.m2/repository/org/springframework/spring-jdbc/5.1.3.RELEASE/spring-jdbc-5.1.3.RELEASE.jar:/home/user/.m2/repository/org/springframework/spring-beans/5.1.3.RELEASE/spring-beans-5.1.3.RELEASE.jar:/home/user/.m2/repository/org/springframework/spring-core/5.1.3.RELEASE/spring-core-5.1.3.RELEASE.jar:/home/user/.m2/repository/org/springframework/spring-jcl/5.1.3.RELEASE/spring-jcl-5.1.3.RELEASE.jar:/home/user/.m2/repository/org/springframework/spring-tx/5.1.3.RELEASE/spring-tx-5.1.3.RELEASE.jar:/home/user/.m2/repository/org/apache/hadoop/hadoop-ozone-client/0.5.0-SNAPSHOT/hadoop-ozone-client-0.5.0-SNAPSHOT.jar:/home/user/.m2/repository/commons-lang/commons-lang/2.6/commons-lang-2.6.jar:/home/user/.m2/repository/org/apache/hadoop/hadoop-ozone-ozone-manager/0.5.0-SNAPSHOT/hadoop-ozone-ozone-manager-0.5.0-SNAPSHOT-tests.jar:/home/user/.m2/repository/junit/junit/4.11/junit-4.11.jar:/home/user/.m2/repository/org/hamcrest/hamcrest-core/1.3/hamcrest-core-1.3.jar:/home/user/.m2/repository/org/openjdk/jmh/jmh-core/1.19/jmh-core-1.19.jar:/home/user/.m2/repository/net/sf/jopt-simple/jopt-simple/4.6/jopt-simple-4.6.jar:/home/user/.m2/repository/org/apache/commons/commons-math3/3.1.1/commons-math3-3.1.1.jar:/home/user/.m2/repository/org/openjdk/jmh/jmh-generator-annprocess/1.19/jmh-generator-annprocess-1.19.jar:/home/user/.m2/repository/org/mockito/mockito-all/1.8.5/mockito-all-1.8.5.jar:/home/user/.m2/repository/org/apache/hadoop/hadoop-kms/3.2.0/hadoop-kms-3.2.0.jar:/home/user/.m2/repository/org/apache/hadoop/hadoop-auth/3.2.0/hadoop-auth-3.2.0.jar:/home/user/.m2/repository/com/nimbusds/nimbus-jose-jwt/4.41.1/nimbus-jose-jwt-4.41.1.jar:/home/user/.m2/repository/com/github/stephenc/jcip/jcip-annotations/1.0-1/jcip-annotations-1.0-1.jar:/home/user/.m2/repository/net/minidev/json-smart/2.3/json-smart-2.3.jar:/home/user/.m2/repository/net/minidev/accessors-smart/1.2/accessors-smart-1.2.jar:/home/user/.m2/repository/org/ow2/asm/asm/5.0.4/asm-5.0.4.jar:/home/user/.m2/repository/org/apache/curator/curator-framework/2.12.0/curator-framework-2.12.0.jar:/home/user/.m2/repository/com/sun/jersey/jersey-core/1.19/jersey-core-1.19.jar:/home/user/.m2/repository/javax/ws/rs/jsr311-api/1.1.1/jsr311-api-1.1.1.jar:/home/user/.m2/repository/com/sun/jersey/jersey-server/1.19/jersey-server-1.19.jar:/home/user/.m2/repository/javax/servlet/javax.servlet-api/3.1.0/javax.servlet-api-3.1.0.jar:/home/user/.m2/repository/org/eclipse/jetty/jetty-server/9.3.24.v20180605/jetty-server-9.3.24.v20180605.jar:/home/user/.m2/repository/org/eclipse/jetty/jetty-http/9.3.24.v20180605/jetty-http-9.3.24.v20180605.jar:/home/user/.m2/repository/org/eclipse/jetty/jetty-io/9.3.24.v20180605/jetty-io-9.3.24.v20180605.jar:/home/user/.m2/repository/org/eclipse/jetty/jetty-webapp/9.3.24.v20180605/jetty-webapp-9.3.24.v20180605.jar:/home/user/.m2/repository/org/eclipse/jetty/jetty-xml/9.3.24.v20180605/jetty-xml-9.3.24.v20180605.jar:/home/user/.m2/repository/log4j/log4j/1.2.17/log4j-1.2.17.jar:/home/user/.m2/repository/org/slf4j/slf4j-api/1.7.25/slf4j-api-1.7.25.jar:/home/user/.m2/repository/org/slf4j/jul-to-slf4j/1.7.25/jul-to-slf4j-1.7.25.jar:/home/user/.m2/repository/org/eclipse/jetty/jetty-util/9.3.24.v20180605/jetty-util-9.3.24.v20180605.jar:/home/user/.m2/repository/com/fasterxml/jackson/core/jackson-databind/2.9.5/jackson-databind-2.9.5.jar:/home/user/.m2/repository/org/apache/hadoop/hadoop-kms/3.2.0/hadoop-kms-3.2.0-tests.jar:/home/user/.m2/repository/org/apache/hadoop/hadoop-hdds-server-scm/0.5.0-SNAPSHOT/hadoop-hdds-server-scm-0.5.0-SNAPSHOT-tests.jar:/home/user/.m2/repository/org/apache/hadoop/hadoop-hdds-container-service/0.5.0-SNAPSHOT/hadoop-hdds-container-service-0.5.0-SNAPSHOT-tests.jar:/home/user/.m2/repository/org/yaml/snakeyaml/1.16/snakeyaml-1.16.jar:/home/user/.m2/repository/org/apache/hadoop/hadoop-common/3.2.0/hadoop-common-3.2.0-tests.jar:/home/user/.m2/repository/org/apache/hadoop/hadoop-annotations/3.2.0/hadoop-annotations-3.2.0.jar:/usr/lib/jvm/java-1.8-openjdk/jre/../lib/tools.jar:/home/user/.m2/repository/commons-cli/commons-cli/1.2/commons-cli-1.2.jar:/home/user/.m2/repository/org/apache/httpcomponents/httpclient/4.5.2/httpclient-4.5.2.jar:/home/user/.m2/repository/org/apache/httpcomponents/httpcore/4.4.4/httpcore-4.4.4.jar:/home/user/.m2/repository/commons-codec/commons-codec/1.11/commons-codec-1.11.jar:/home/user/.m2/repository/commons-net/commons-net/3.6/commons-net-3.6.jar:/home/user/.m2/repository/commons-collections/commons-collections/3.2.2/commons-collections-3.2.2.jar:/home/user/.m2/repository/org/eclipse/jetty/jetty-servlet/9.3.24.v20180605/jetty-servlet-9.3.24.v20180605.jar:/home/user/.m2/repository/org/eclipse/jetty/jetty-security/9.3.24.v20180605/jetty-security-9.3.24.v20180605.jar:/home/user/.m2/repository/javax/servlet/jsp/jsp-api/2.1/jsp-api-2.1.jar:/home/user/.m2/repository/com/sun/jersey/jersey-servlet/1.19/jersey-servlet-1.19.jar:/home/user/.m2/repository/com/sun/jersey/jersey-json/1.19/jersey-json-1.19.jar:/home/user/.m2/repository/org/codehaus/jettison/jettison/1.1/jettison-1.1.jar:/home/user/.m2/repository/org/codehaus/jackson/jackson-core-asl/1.9.13/jackson-core-asl-1.9.13.jar:/home/user/.m2/repository/org/codehaus/jackson/jackson-mapper-asl/1.9.13/jackson-mapper-asl-1.9.13.jar:/home/user/.m2/repository/org/codehaus/jackson/jackson-jaxrs/1.9.13/jackson-jaxrs-1.9.13.jar:/home/user/.m2/repository/org/codehaus/jackson/jackson-xc/1.9.13/jackson-xc-1.9.13.jar:/home/user/.m2/repository/commons-logging/commons-logging/1.1.3/commons-logging-1.1.3.jar:/home/user/.m2/repository/commons-beanutils/commons-beanutils/1.9.3/commons-beanutils-1.9.3.jar:/home/user/.m2/repository/org/apache/commons/commons-configuration2/2.1.1/commons-configuration2-2.1.1.jar:/home/user/.m2/repository/org/apache/commons/commons-lang3/3.7/commons-lang3-3.7.jar:/home/user/.m2/repository/org/apache/commons/commons-text/1.4/commons-text-1.4.jar:/home/user/.m2/repository/org/apache/avro/avro/1.7.7/avro-1.7.7.jar:/home/user/.m2/repository/com/thoughtworks/paranamer/paranamer/2.3/paranamer-2.3.jar:/home/user/.m2/repository/org/xerial/snappy/snappy-java/1.0.5/snappy-java-1.0.5.jar:/home/user/.m2/repository/com/google/re2j/re2j/1.1/re2j-1.1.jar:/home/user/.m2/repository/com/google/code/gson/gson/2.2.4/gson-2.2.4.jar:/home/user/.m2/repository/com/jcraft/jsch/0.1.54/jsch-0.1.54.jar:/home/user/.m2/repository/org/apache/curator/curator-client/2.12.0/curator-client-2.12.0.jar:/home/user/.m2/repository/org/apache/curator/curator-recipes/2.12.0/curator-recipes-2.12.0.jar:/home/user/.m2/repository/com/google/code/findbugs/jsr305/3.0.0/jsr305-3.0.0.jar:/home/user/.m2/repository/org/apache/htrace/htrace-core4/4.1.0-incubating/htrace-core4-4.1.0-incubating.jar:/home/user/.m2/repository/org/apache/zookeeper/zookeeper/3.4.13/zookeeper-3.4.13.jar:/home/user/.m2/repository/org/apache/yetus/audience-annotations/0.5.0/audience-annotations-0.5.0.jar:/home/user/.m2/repository/org/codehaus/woodstox/stax2-api/3.1.4/stax2-api-3.1.4.jar:/home/user/.m2/repository/com/fasterxml/woodstox/woodstox-core/5.0.3/woodstox-core-5.0.3.jar:/home/user/.m2/repository/dnsjava/dnsjava/2.1.7/dnsjava-2.1.7.jar:/home/user/.m2/repository/org/apache/hadoop/hadoop-hdfs/3.2.0/hadoop-hdfs-3.2.0-tests.jar:/home/user/.m2/repository/org/eclipse/jetty/jetty-util-ajax/9.3.24.v20180605/jetty-util-ajax-9.3.24.v20180605.jar:/home/user/.m2/repository/commons-daemon/commons-daemon/1.0.13/commons-daemon-1.0.13.jar:/home/user/.m2/repository/io/netty/netty/3.10.5.Final/netty-3.10.5.Final.jar:/home/user/.m2/repository/io/netty/netty-all/4.0.52.Final/netty-all-4.0.52.Final.jar:/home/user/.m2/repository/org/fusesource/leveldbjni/leveldbjni-all/1.8/leveldbjni-all-1.8.jar:"/>
    <property name="sun.cpu.endian" value="little"/>
    <property name="user.home" value="/home/user"/>
    <property name="user.language" value="en"/>
    <property name="java.specification.vendor" value="Oracle Corporation"/>
    <property name="java.home" value="/usr/lib/jvm/java-1.8-openjdk/jre"/>
    <property name="java.security.krb5.conf" value="/tmp/workdir/hadoop-ozone/integration-test/target/test-classes/krb5.conf"/>
    <property name="basedir" value="/tmp/workdir/hadoop-ozone/integration-test"/>
    <property name="file.separator" value="/"/>
    <property name="line.separator" value="&#10;"/>
    <property name="java.vm.specification.vendor" value="Oracle Corporation"/>
    <property name="java.specification.name" value="Java Platform API Specification"/>
    <property name="java.awt.graphicsenv" value="sun.awt.X11GraphicsEnvironment"/>
    <property name="surefire.real.class.path" value="/tmp/workdir/hadoop-ozone/integration-test/target/surefire/surefirebooter5495774524410399934.jar"/>
    <property name="hadoop.log.dir" value="/tmp/workdir/hadoop-ozone/integration-test/target/log"/>
    <property name="sun.boot.class.path" value="/usr/lib/jvm/java-1.8-openjdk/jre/lib/resources.jar:/usr/lib/jvm/java-1.8-openjdk/jre/lib/rt.jar:/usr/lib/jvm/java-1.8-openjdk/jre/lib/sunrsasign.jar:/usr/lib/jvm/java-1.8-openjdk/jre/lib/jsse.jar:/usr/lib/jvm/java-1.8-openjdk/jre/lib/jce.jar:/usr/lib/jvm/java-1.8-openjdk/jre/lib/charsets.jar:/usr/lib/jvm/java-1.8-openjdk/jre/lib/jfr.jar:/usr/lib/jvm/java-1.8-openjdk/jre/classes"/>
    <property name="sun.management.compiler" value="HotSpot 64-Bit Tiered Compilers"/>
    <property name="java.runtime.version" value="1.8.0_212-b04"/>
    <property name="java.net.preferIPv4Stack" value="true"/>
    <property name="user.name" value="jenkins1000"/>
    <property name="path.separator" value=":"/>
    <property name="java.security.egd" value="file:///dev/urandom"/>
    <property name="os.version" value="3.10.0-957.12.2.el7.x86_64"/>
    <property name="java.endorsed.dirs" value="/usr/lib/jvm/java-1.8-openjdk/jre/lib/endorsed"/>
    <property name="java.runtime.name" value="OpenJDK Runtime Environment"/>
    <property name="file.encoding" value="UTF-8"/>
    <property name="java.vm.name" value="OpenJDK 64-Bit Server VM"/>
    <property name="test.build.webapps" value=""/>
    <property name="localRepository" value="/home/user/.m2/repository"/>
    <property name="java.vendor.url.bug" value="https://icedtea.classpath.org/bugzilla"/>
    <property name="java.io.tmpdir" value="/tmp"/>
    <property name="require.test.libhadoop" value=""/>
    <property name="java.version" value="1.8.0_212"/>
    <property name="user.dir" value="/tmp/workdir/hadoop-ozone/integration-test"/>
    <property name="os.arch" value="amd64"/>
    <property name="java.vm.specification.name" value="Java Virtual Machine Specification"/>
    <property name="test.build.classes" value="/tmp/workdir/hadoop-ozone/integration-test/target/test-classes"/>
    <property name="java.awt.printerjob" value="sun.print.PSPrinterJob"/>
    <property name="sun.os.patch.level" value="unknown"/>
    <property name="hadoop.tmp.dir" value="/tmp/workdir/hadoop-ozone/integration-test/target/tmp"/>
    <property name="java.library.path" value="/usr/lib/jvm/java-1.8-openjdk/jre/lib/amd64/server:/usr/lib/jvm/java-1.8-openjdk/jre/lib/amd64:/usr/lib/jvm/java-1.8-openjdk/jre/../lib/amd64:/tmp/workdir/hadoop-ozone/integration-test/target/native/target/usr/local/lib:/tmp/workdir/hadoop-ozone/integration-test/../../hadoop-common-project/hadoop-common/target/native/target/usr/local/lib:/usr/java/packages/lib/amd64:/usr/lib64:/lib64:/lib:/usr/lib"/>
    <property name="java.vm.info" value="mixed mode"/>
    <property name="java.vendor" value="IcedTea"/>
    <property name="java.vm.version" value="25.212-b04"/>
    <property name="java.ext.dirs" value="/usr/lib/jvm/java-1.8-openjdk/jre/lib/ext:/usr/java/packages/lib/ext"/>
    <property name="sun.io.unicode.encoding" value="UnicodeLittle"/>
    <property name="java.class.version" value="52.0"/>
  </properties>
  <testcase name="testWatchForCommitWithKeyWrite" classname="org.apache.hadoop.ozone.client.rpc.TestWatchForCommit" time="21.3">
    <error message="Allocated 0 blocks. Requested 1 blocks" type="INTERNAL_ERROR org.apache.hadoop.ozone.om.exceptions.OMException">INTERNAL_ERROR org.apache.hadoop.ozone.om.exceptions.OMException: Allocated 0 blocks. Requested 1 blocks
	at org.apache.hadoop.ozone.om.protocolPB.OzoneManagerProtocolClientSideTranslatorPB.handleError(OzoneManagerProtocolClientSideTranslatorPB.java:720)
	at org.apache.hadoop.ozone.om.protocolPB.OzoneManagerProtocolClientSideTranslatorPB.allocateBlock(OzoneManagerProtocolClientSideTranslatorPB.java:752)
	at org.apache.hadoop.ozone.client.io.BlockOutputStreamEntryPool.allocateNewBlock(BlockOutputStreamEntryPool.java:248)
	at org.apache.hadoop.ozone.client.io.BlockOutputStreamEntryPool.allocateBlockIfNeeded(BlockOutputStreamEntryPool.java:296)
	at org.apache.hadoop.ozone.client.io.KeyOutputStream.handleWrite(KeyOutputStream.java:201)
	at org.apache.hadoop.ozone.client.io.KeyOutputStream.handleRetry(KeyOutputStream.java:376)
	at org.apache.hadoop.ozone.client.io.KeyOutputStream.handleException(KeyOutputStream.java:325)
	at org.apache.hadoop.ozone.client.io.KeyOutputStream.handleWrite(KeyOutputStream.java:231)
	at org.apache.hadoop.ozone.client.io.KeyOutputStream.handleRetry(KeyOutputStream.java:376)
	at org.apache.hadoop.ozone.client.io.KeyOutputStream.handleException(KeyOutputStream.java:325)
	at org.apache.hadoop.ozone.client.io.KeyOutputStream.handleWrite(KeyOutputStream.java:231)
	at org.apache.hadoop.ozone.client.io.KeyOutputStream.write(KeyOutputStream.java:193)
	at org.apache.hadoop.ozone.client.io.OzoneOutputStream.write(OzoneOutputStream.java:49)
	at java.io.OutputStream.write(OutputStream.java:75)
	at org.apache.hadoop.ozone.client.rpc.TestWatchForCommit.testWatchForCommitWithKeyWrite(TestWatchForCommit.java:158)
	at sun.reflect.NativeMethodAccessorImpl.invoke0(Native Method)
	at sun.reflect.NativeMethodAccessorImpl.invoke(NativeMethodAccessorImpl.java:62)
	at sun.reflect.DelegatingMethodAccessorImpl.invoke(DelegatingMethodAccessorImpl.java:43)
	at java.lang.reflect.Method.invoke(Method.java:498)
	at org.junit.runners.model.FrameworkMethod$1.runReflectiveCall(FrameworkMethod.java:47)
	at org.junit.internal.runners.model.ReflectiveCallable.run(ReflectiveCallable.java:12)
	at org.junit.runners.model.FrameworkMethod.invokeExplosively(FrameworkMethod.java:44)
	at org.junit.internal.runners.statements.InvokeMethod.evaluate(InvokeMethod.java:17)
	at org.junit.runners.ParentRunner.runLeaf(ParentRunner.java:271)
	at org.junit.runners.BlockJUnit4ClassRunner.runChild(BlockJUnit4ClassRunner.java:70)
	at org.junit.runners.BlockJUnit4ClassRunner.runChild(BlockJUnit4ClassRunner.java:50)
	at org.junit.runners.ParentRunner$3.run(ParentRunner.java:238)
	at org.junit.runners.ParentRunner$1.schedule(ParentRunner.java:63)
	at org.junit.runners.ParentRunner.runChildren(ParentRunner.java:236)
	at org.junit.runners.ParentRunner.access$000(ParentRunner.java:53)
	at org.junit.runners.ParentRunner$2.evaluate(ParentRunner.java:229)
	at org.junit.runners.ParentRunner.run(ParentRunner.java:309)
	at org.apache.maven.surefire.junit4.JUnit4Provider.execute(JUnit4Provider.java:365)
	at org.apache.maven.surefire.junit4.JUnit4Provider.executeWithRerun(JUnit4Provider.java:273)
	at org.apache.maven.surefire.junit4.JUnit4Provider.executeTestSet(JUnit4Provider.java:238)
	at org.apache.maven.surefire.junit4.JUnit4Provider.invoke(JUnit4Provider.java:159)
	at org.apache.maven.surefire.booter.ForkedBooter.invokeProviderInSameClassLoader(ForkedBooter.java:384)
	at org.apache.maven.surefire.booter.ForkedBooter.runSuitesInProcess(ForkedBooter.java:345)
	at org.apache.maven.surefire.booter.ForkedBooter.execute(ForkedBooter.java:126)
	at org.apache.maven.surefire.booter.ForkedBooter.main(ForkedBooter.java:418)
</error>
    <system-out><![CDATA[2019-07-13 09:26:03,112 WARN  server.ServerUtils (ServerUtils.java:getScmDbDir(145)) - ozone.scm.db.dirs is not configured. We recommend adding this setting. Falling back to ozone.metadata.dirs instead.
2019-07-13 09:26:03,231 WARN  server.ServerUtils (ServerUtils.java:getScmDbDir(145)) - ozone.scm.db.dirs is not configured. We recommend adding this setting. Falling back to ozone.metadata.dirs instead.
2019-07-13 09:26:03,234 WARN  server.ServerUtils (ServerUtils.java:getScmDbDir(145)) - ozone.scm.db.dirs is not configured. We recommend adding this setting. Falling back to ozone.metadata.dirs instead.
2019-07-13 09:26:03,252 INFO  util.log (Log.java:initialized(192)) - Logging initialized @846ms
2019-07-13 09:26:03,336 INFO  db.DBStoreBuilder (DBStoreBuilder.java:addTable(110)) - using custom profile for table: deletedBlocks
2019-07-13 09:26:03,336 INFO  db.DBStoreBuilder (DBStoreBuilder.java:processTables(161)) - Using default column profile:DBProfile.DISK for Table:deletedBlocks
2019-07-13 09:26:03,337 INFO  db.DBStoreBuilder (DBStoreBuilder.java:addTable(110)) - using custom profile for table: validCerts
2019-07-13 09:26:03,337 INFO  db.DBStoreBuilder (DBStoreBuilder.java:processTables(161)) - Using default column profile:DBProfile.DISK for Table:validCerts
2019-07-13 09:26:03,337 INFO  db.DBStoreBuilder (DBStoreBuilder.java:addTable(110)) - using custom profile for table: revokedCerts
2019-07-13 09:26:03,337 INFO  db.DBStoreBuilder (DBStoreBuilder.java:processTables(161)) - Using default column profile:DBProfile.DISK for Table:revokedCerts
2019-07-13 09:26:03,347 INFO  db.DBStoreBuilder (DBStoreBuilder.java:addTable(110)) - using custom profile for table: default
2019-07-13 09:26:03,347 INFO  db.DBStoreBuilder (DBStoreBuilder.java:processTables(167)) - Using default column profile:DBProfile.DISK for Table:default
2019-07-13 09:26:03,348 INFO  db.DBStoreBuilder (DBStoreBuilder.java:getDbProfile(198)) - Using default options. DBProfile.DISK
2019-07-13 09:26:03,544 INFO  net.NodeSchemaLoader (NodeSchemaLoader.java:loadSchemaFromFile(125)) - Loading file from sun.misc.CompoundEnumeration@7714e963
2019-07-13 09:26:03,545 INFO  net.NodeSchemaLoader (NodeSchemaLoader.java:loadSchema(171)) - Loading network topology layer schema file
2019-07-13 09:26:03,602 WARN  server.ServerUtils (ServerUtils.java:sanitizeUserArgs(70)) - ozone.scm.stale.node.interval value = 300000 is larger than max = 100000 based on the key value of ozone.scm.heartbeat.thread.interval, reset to the max value 100000.
2019-07-13 09:26:03,603 WARN  server.ServerUtils (ServerUtils.java:sanitizeUserArgs(70)) - ozone.scm.stale.node.interval value = 300000 is larger than max = 100000 based on the key value of ozone.scm.heartbeat.thread.interval, reset to the max value 100000.
2019-07-13 09:26:03,606 INFO  node.SCMNodeManager (SCMNodeManager.java:<init>(119)) - Entering startup safe mode.
2019-07-13 09:26:03,671 WARN  server.ServerUtils (ServerUtils.java:getScmDbDir(145)) - ozone.scm.db.dirs is not configured. We recommend adding this setting. Falling back to ozone.metadata.dirs instead.
2019-07-13 09:26:03,772 INFO  pipeline.SCMPipelineManager (SCMPipelineManager.java:initializePipelineState(126)) - No pipeline exists in current db
2019-07-13 09:26:03,775 WARN  server.ServerUtils (ServerUtils.java:getScmDbDir(145)) - ozone.scm.db.dirs is not configured. We recommend adding this setting. Falling back to ozone.metadata.dirs instead.
2019-07-13 09:26:03,910 WARN  events.EventQueue (EventQueue.java:fireEvent(175)) - No event handler registered for event TypedEvent{payloadType=SafeModeStatus, name='SafeModeStatus'}
2019-07-13 09:26:04,257 INFO  ipc.CallQueueManager (CallQueueManager.java:<init>(84)) - Using callQueue: class java.util.concurrent.LinkedBlockingQueue, queueCapacity: 2000, scheduler: class org.apache.hadoop.ipc.DefaultRpcScheduler, ipcBackoff: false.
2019-07-13 09:26:04,285 INFO  ipc.Server (Server.java:run(1074)) - Starting Socket Reader #1 for port 36138
2019-07-13 09:26:04,309 INFO  ipc.CallQueueManager (CallQueueManager.java:<init>(84)) - Using callQueue: class java.util.concurrent.LinkedBlockingQueue, queueCapacity: 2000, scheduler: class org.apache.hadoop.ipc.DefaultRpcScheduler, ipcBackoff: false.
2019-07-13 09:26:04,310 INFO  ipc.Server (Server.java:run(1074)) - Starting Socket Reader #1 for port 38483
2019-07-13 09:26:04,316 INFO  ipc.CallQueueManager (CallQueueManager.java:<init>(84)) - Using callQueue: class java.util.concurrent.LinkedBlockingQueue, queueCapacity: 2000, scheduler: class org.apache.hadoop.ipc.DefaultRpcScheduler, ipcBackoff: false.
2019-07-13 09:26:04,317 INFO  ipc.Server (Server.java:run(1074)) - Starting Socket Reader #1 for port 35223
2019-07-13 09:26:04,463 INFO  hdfs.DFSUtil (DFSUtil.java:httpServerTemplateForNNAndJN(1641)) - Starting Web-server for scm at: http://0.0.0.0:0
2019-07-13 09:26:04,624 INFO  server.AuthenticationFilter (AuthenticationFilter.java:constructSecretProvider(240)) - Unable to initialize FileSignerSecretProvider, falling back to use random secrets.
2019-07-13 09:26:04,631 WARN  http.HttpRequestLog (HttpRequestLog.java:getRequestLog(97)) - Jetty request log can only be enabled using Log4j
2019-07-13 09:26:04,640 INFO  http.HttpServer2 (HttpServer2.java:addGlobalFilter(975)) - Added global filter 'safety' (class=org.apache.hadoop.http.HttpServer2$QuotingInputFilter)
2019-07-13 09:26:04,643 INFO  http.HttpServer2 (HttpServer2.java:addFilter(948)) - Added filter static_user_filter (class=org.apache.hadoop.http.lib.StaticUserWebFilter$StaticUserFilter) to context scm
2019-07-13 09:26:04,643 INFO  http.HttpServer2 (HttpServer2.java:addFilter(958)) - Added filter static_user_filter (class=org.apache.hadoop.http.lib.StaticUserWebFilter$StaticUserFilter) to context static
2019-07-13 09:26:04,643 INFO  http.HttpServer2 (HttpServer2.java:addFilter(958)) - Added filter static_user_filter (class=org.apache.hadoop.http.lib.StaticUserWebFilter$StaticUserFilter) to context logs
2019-07-13 09:26:04,682 INFO  server.StorageContainerManager (StorageContainerManager.java:start(759)) - StorageContainerLocationProtocol RPC server is listening at /0.0.0.0:35223
2019-07-13 09:26:04,757 WARN  impl.MetricsConfig (MetricsConfig.java:loadFirst(134)) - Cannot locate configuration: tried hadoop-metrics2-storagecontainermanager.properties,hadoop-metrics2.properties
2019-07-13 09:26:04,771 INFO  impl.MetricsSystemImpl (MetricsSystemImpl.java:startTimer(374)) - Scheduled Metric snapshot period at 10 second(s).
2019-07-13 09:26:04,771 INFO  impl.MetricsSystemImpl (MetricsSystemImpl.java:start(191)) - StorageContainerManager metrics system started
2019-07-13 09:26:04,984 INFO  server.SCMClientProtocolServer (SCMClientProtocolServer.java:start(149)) - RPC server for Client  is listening at /0.0.0.0:35223
2019-07-13 09:26:04,986 INFO  ipc.Server (Server.java:run(1314)) - IPC Server Responder: starting
2019-07-13 09:26:04,986 INFO  ipc.Server (Server.java:run(1153)) - IPC Server listener on 35223: starting
2019-07-13 09:26:04,990 INFO  server.StorageContainerManager (StorageContainerManager.java:start(768)) - ScmBlockLocationProtocol RPC server is listening at /0.0.0.0:38483
2019-07-13 09:26:04,990 INFO  server.SCMBlockProtocolServer (SCMBlockProtocolServer.java:start(140)) - RPC server for Block Protocol is listening at /0.0.0.0:38483
2019-07-13 09:26:04,990 INFO  ipc.Server (Server.java:run(1314)) - IPC Server Responder: starting
2019-07-13 09:26:04,991 INFO  ipc.Server (Server.java:run(1153)) - IPC Server listener on 38483: starting
2019-07-13 09:26:04,999 INFO  server.StorageContainerManager (StorageContainerManager.java:start(772)) - ScmDatanodeProtocl RPC server is listening at /0.0.0.0:36138
2019-07-13 09:26:04,999 INFO  server.SCMDatanodeProtocolServer (SCMDatanodeProtocolServer.java:start(191)) - RPC server for DataNodes is listening at /0.0.0.0:36138
2019-07-13 09:26:05,000 INFO  ipc.Server (Server.java:run(1314)) - IPC Server Responder: starting
2019-07-13 09:26:05,001 INFO  ipc.Server (Server.java:run(1153)) - IPC Server listener on 36138: starting
2019-07-13 09:26:05,013 INFO  http.HttpServer2 (HttpServer2.java:bindListener(1191)) - Jetty bound to port 36869
2019-07-13 09:26:05,015 INFO  server.Server (Server.java:doStart(351)) - jetty-9.3.24.v20180605, build timestamp: 2018-06-05T17:11:56Z, git hash: 84205aa28f11a4f31f2a3b86d1bba2cc8ab69827
2019-07-13 09:26:05,054 INFO  handler.ContextHandler (ContextHandler.java:doStart(781)) - Started o.e.j.s.ServletContextHandler@6bbe2511{/logs,file:///tmp/workdir/hadoop-ozone/integration-test/target/log,AVAILABLE}
2019-07-13 09:26:05,055 INFO  handler.ContextHandler (ContextHandler.java:doStart(781)) - Started o.e.j.s.ServletContextHandler@76012793{/static,file:///tmp/workdir/hadoop-ozone/integration-test/target/test-classes/webapps/static,AVAILABLE}
2019-07-13 09:26:05,087 INFO  handler.ContextHandler (ContextHandler.java:doStart(781)) - Started o.e.j.w.WebAppContext@6a1d204a{/,file:///tmp/workdir/hadoop-ozone/integration-test/target/test-classes/webapps/scm/,AVAILABLE}{/scm}
2019-07-13 09:26:05,092 INFO  server.AbstractConnector (AbstractConnector.java:doStart(278)) - Started ServerConnector@9d157ff{HTTP/1.1,[http/1.1]}{0.0.0.0:36869}
2019-07-13 09:26:05,092 INFO  server.Server (Server.java:doStart(419)) - Started @2686ms
2019-07-13 09:26:05,095 INFO  server.BaseHttpServer (BaseHttpServer.java:updateConnectorAddress(207)) - HTTP server of SCM is listening at http://0.0.0.0:36869
2019-07-13 09:26:05,106 INFO  util.JvmPauseMonitor (JvmPauseMonitor.java:run(188)) - Starting JVM pause monitor
2019-07-13 09:26:05,111 WARN  server.ServerUtils (ServerUtils.java:getDBPath(222)) - ozone.om.db.dirs is not configured. We recommend adding this setting. Falling back to ozone.metadata.dirs instead.
2019-07-13 09:26:05,234 WARN  server.ServerUtils (ServerUtils.java:getDBPath(222)) - ozone.om.db.dirs is not configured. We recommend adding this setting. Falling back to ozone.metadata.dirs instead.
2019-07-13 09:26:05,235 INFO  om.OzoneManager (OzoneManager.java:setOMNodeDetails(630)) - OM Service ID is not set. Setting it to the default ID: omServiceIdDefault
2019-07-13 09:26:05,236 INFO  om.OzoneManager (OzoneManager.java:setOMNodeDetails(636)) - OM Node ID is not set. Setting it to the OmStorage's OmID: c4546ef5-3a7b-418e-bea4-341719b58e3e
2019-07-13 09:26:05,237 INFO  om.OzoneManager (OzoneManager.java:loadOMHAConfigs(587)) - Found matching OM address with OMServiceId: null, OMNodeId: null, RPC Address: localhost:0 and Ratis port: 9872
2019-07-13 09:26:05,509 WARN  server.ServerUtils (ServerUtils.java:getDBPath(222)) - ozone.om.db.dirs is not configured. We recommend adding this setting. Falling back to ozone.metadata.dirs instead.
2019-07-13 09:26:05,521 INFO  db.DBStoreBuilder (DBStoreBuilder.java:addTable(110)) - using custom profile for table: userTable
2019-07-13 09:26:05,521 INFO  db.DBStoreBuilder (DBStoreBuilder.java:processTables(161)) - Using default column profile:DBProfile.DISK for Table:userTable
2019-07-13 09:26:05,521 INFO  db.DBStoreBuilder (DBStoreBuilder.java:addTable(110)) - using custom profile for table: volumeTable
2019-07-13 09:26:05,522 INFO  db.DBStoreBuilder (DBStoreBuilder.java:processTables(161)) - Using default column profile:DBProfile.DISK for Table:volumeTable
2019-07-13 09:26:05,522 INFO  db.DBStoreBuilder (DBStoreBuilder.java:addTable(110)) - using custom profile for table: bucketTable
2019-07-13 09:26:05,523 INFO  db.DBStoreBuilder (DBStoreBuilder.java:processTables(161)) - Using default column profile:DBProfile.DISK for Table:bucketTable
2019-07-13 09:26:05,523 INFO  db.DBStoreBuilder (DBStoreBuilder.java:addTable(110)) - using custom profile for table: keyTable
2019-07-13 09:26:05,523 INFO  db.DBStoreBuilder (DBStoreBuilder.java:processTables(161)) - Using default column profile:DBProfile.DISK for Table:keyTable
2019-07-13 09:26:05,524 INFO  db.DBStoreBuilder (DBStoreBuilder.java:addTable(110)) - using custom profile for table: deletedTable
2019-07-13 09:26:05,524 INFO  db.DBStoreBuilder (DBStoreBuilder.java:processTables(161)) - Using default column profile:DBProfile.DISK for Table:deletedTable
2019-07-13 09:26:05,525 INFO  db.DBStoreBuilder (DBStoreBuilder.java:addTable(110)) - using custom profile for table: openKeyTable
2019-07-13 09:26:05,525 INFO  db.DBStoreBuilder (DBStoreBuilder.java:processTables(161)) - Using default column profile:DBProfile.DISK for Table:openKeyTable
2019-07-13 09:26:05,525 INFO  db.DBStoreBuilder (DBStoreBuilder.java:addTable(110)) - using custom profile for table: s3Table
2019-07-13 09:26:05,526 INFO  db.DBStoreBuilder (DBStoreBuilder.java:processTables(161)) - Using default column profile:DBProfile.DISK for Table:s3Table
2019-07-13 09:26:05,526 INFO  db.DBStoreBuilder (DBStoreBuilder.java:addTable(110)) - using custom profile for table: multipartInfoTable
2019-07-13 09:26:05,526 INFO  db.DBStoreBuilder (DBStoreBuilder.java:processTables(161)) - Using default column profile:DBProfile.DISK for Table:multipartInfoTable
2019-07-13 09:26:05,527 INFO  db.DBStoreBuilder (DBStoreBuilder.java:addTable(110)) - using custom profile for table: dTokenTable
2019-07-13 09:26:05,527 INFO  db.DBStoreBuilder (DBStoreBuilder.java:processTables(161)) - Using default column profile:DBProfile.DISK for Table:dTokenTable
2019-07-13 09:26:05,528 INFO  db.DBStoreBuilder (DBStoreBuilder.java:addTable(110)) - using custom profile for table: s3SecretTable
2019-07-13 09:26:05,528 INFO  db.DBStoreBuilder (DBStoreBuilder.java:processTables(161)) - Using default column profile:DBProfile.DISK for Table:s3SecretTable
2019-07-13 09:26:05,528 INFO  db.DBStoreBuilder (DBStoreBuilder.java:addTable(110)) - using custom profile for table: prefixTable
2019-07-13 09:26:05,529 INFO  db.DBStoreBuilder (DBStoreBuilder.java:processTables(161)) - Using default column profile:DBProfile.DISK for Table:prefixTable
2019-07-13 09:26:05,529 INFO  db.DBStoreBuilder (DBStoreBuilder.java:addTable(110)) - using custom profile for table: default
2019-07-13 09:26:05,529 INFO  db.DBStoreBuilder (DBStoreBuilder.java:processTables(167)) - Using default column profile:DBProfile.DISK for Table:default
2019-07-13 09:26:05,530 INFO  db.DBStoreBuilder (DBStoreBuilder.java:getDbProfile(198)) - Using default options. DBProfile.DISK
2019-07-13 09:26:06,503 INFO  ipc.CallQueueManager (CallQueueManager.java:<init>(84)) - Using callQueue: class java.util.concurrent.LinkedBlockingQueue, queueCapacity: 2000, scheduler: class org.apache.hadoop.ipc.DefaultRpcScheduler, ipcBackoff: false.
2019-07-13 09:26:06,505 INFO  ipc.Server (Server.java:run(1074)) - Starting Socket Reader #1 for port 45837
2019-07-13 09:26:06,533 WARN  server.ServerUtils (ServerUtils.java:getDBPath(222)) - ozone.om.db.dirs is not configured. We recommend adding this setting. Falling back to ozone.metadata.dirs instead.
2019-07-13 09:26:06,533 INFO  om.OzoneManager (OzoneManager.java:start(1228)) - OzoneManager RPC server is listening at localhost/127.0.0.1:45837
2019-07-13 09:26:06,534 INFO  impl.MetricsSystemImpl (MetricsSystemImpl.java:init(158)) - OzoneManager metrics system started (again)
2019-07-13 09:26:06,536 INFO  ipc.Server (Server.java:run(1314)) - IPC Server Responder: starting
2019-07-13 09:26:06,536 INFO  ipc.Server (Server.java:run(1153)) - IPC Server listener on 45837: starting
2019-07-13 09:26:06,549 INFO  hdfs.DFSUtil (DFSUtil.java:httpServerTemplateForNNAndJN(1641)) - Starting Web-server for ozoneManager at: http://0.0.0.0:0
2019-07-13 09:26:06,551 INFO  server.AuthenticationFilter (AuthenticationFilter.java:constructSecretProvider(240)) - Unable to initialize FileSignerSecretProvider, falling back to use random secrets.
2019-07-13 09:26:06,552 WARN  http.HttpRequestLog (HttpRequestLog.java:getRequestLog(97)) - Jetty request log can only be enabled using Log4j
2019-07-13 09:26:06,555 INFO  http.HttpServer2 (HttpServer2.java:addGlobalFilter(975)) - Added global filter 'safety' (class=org.apache.hadoop.http.HttpServer2$QuotingInputFilter)
2019-07-13 09:26:06,557 INFO  http.HttpServer2 (HttpServer2.java:addFilter(948)) - Added filter static_user_filter (class=org.apache.hadoop.http.lib.StaticUserWebFilter$StaticUserFilter) to context ozoneManager
2019-07-13 09:26:06,557 INFO  http.HttpServer2 (HttpServer2.java:addFilter(958)) - Added filter static_user_filter (class=org.apache.hadoop.http.lib.StaticUserWebFilter$StaticUserFilter) to context logs
2019-07-13 09:26:06,557 INFO  http.HttpServer2 (HttpServer2.java:addFilter(958)) - Added filter static_user_filter (class=org.apache.hadoop.http.lib.StaticUserWebFilter$StaticUserFilter) to context static
2019-07-13 09:26:06,561 INFO  http.HttpServer2 (HttpServer2.java:bindListener(1191)) - Jetty bound to port 37370
2019-07-13 09:26:06,561 INFO  server.Server (Server.java:doStart(351)) - jetty-9.3.24.v20180605, build timestamp: 2018-06-05T17:11:56Z, git hash: 84205aa28f11a4f31f2a3b86d1bba2cc8ab69827
2019-07-13 09:26:06,564 INFO  handler.ContextHandler (ContextHandler.java:doStart(781)) - Started o.e.j.s.ServletContextHandler@3e134896{/logs,file:///tmp/workdir/hadoop-ozone/integration-test/target/log,AVAILABLE}
2019-07-13 09:26:06,565 INFO  handler.ContextHandler (ContextHandler.java:doStart(781)) - Started o.e.j.s.ServletContextHandler@2e3a5237{/static,file:///tmp/workdir/hadoop-ozone/integration-test/target/test-classes/webapps/static,AVAILABLE}
2019-07-13 09:26:06,572 INFO  handler.ContextHandler (ContextHandler.java:doStart(781)) - Started o.e.j.w.WebAppContext@5b78fdb1{/,file:///tmp/workdir/hadoop-ozone/integration-test/target/test-classes/webapps/ozoneManager/,AVAILABLE}{/ozoneManager}
2019-07-13 09:26:06,574 INFO  server.AbstractConnector (AbstractConnector.java:doStart(278)) - Started ServerConnector@48bfb884{HTTP/1.1,[http/1.1]}{0.0.0.0:37370}
2019-07-13 09:26:06,575 INFO  server.Server (Server.java:doStart(419)) - Started @4169ms
2019-07-13 09:26:06,576 INFO  server.BaseHttpServer (BaseHttpServer.java:updateConnectorAddress(207)) - HTTP server of OZONEMANAGER is listening at http://0.0.0.0:37370
2019-07-13 09:26:06,932 INFO  impl.MetricsSystemImpl (MetricsSystemImpl.java:init(158)) - HddsDatanode metrics system started (again)
2019-07-13 09:26:07,019 INFO  ozone.HddsDatanodeService (HddsDatanodeService.java:start(185)) - HddsDatanodeService host:trunk-nightly-hmp62-43275749 ip:192.168.69.96
2019-07-13 09:26:07,050 INFO  volume.HddsVolume (HddsVolume.java:<init>(176)) - Creating Volume: /tmp/workdir/hadoop-ozone/integration-test/target/test-dir/MiniOzoneClusterImpl-2dcec543-5fd7-4a84-bbd3-b374c7b8b407/datanode-0/data/containers/hdds of  storage type : DISK and capacity : 52710309888
2019-07-13 09:26:07,052 INFO  volume.VolumeSet (VolumeSet.java:initializeVolumeSet(170)) - Added Volume : /tmp/workdir/hadoop-ozone/integration-test/target/test-dir/MiniOzoneClusterImpl-2dcec543-5fd7-4a84-bbd3-b374c7b8b407/datanode-0/data/containers/hdds to VolumeSet
2019-07-13 09:26:07,054 INFO  volume.ThrottledAsyncChecker (ThrottledAsyncChecker.java:schedule(140)) - Scheduling a check for org.apache.hadoop.ozone.container.common.volume.HddsVolume@1f52eb6f
2019-07-13 09:26:07,071 INFO  volume.HddsVolumeChecker (HddsVolumeChecker.java:checkAllVolumes(203)) - Scheduled health check for volume org.apache.hadoop.ozone.container.common.volume.HddsVolume@1f52eb6f
2019-07-13 09:26:07,181 INFO  impl.RaftServerProxy (ConfUtils.java:logGet(43)) - raft.rpc.type = GRPC (default)
2019-07-13 09:26:07,245 INFO  grpc.GrpcFactory (GrpcFactory.java:checkPooledByteBufAllocatorUseCacheForAllThreads(45)) - PERFORMANCE WARNING: useCacheForAllThreads is true that may cause Netty to create a lot garbage objects and, as a result, trigger GC.
	It is recommended to disable useCacheForAllThreads by setting -Dorg.apache.ratis.thirdparty.io.netty.allocator.useCacheForAllThreads=false in command line.
2019-07-13 09:26:07,250 INFO  grpc.GrpcConfigKeys$Server (ConfUtils.java:logGet(43)) - raft.grpc.server.port = 0 (default)
2019-07-13 09:26:07,251 INFO  server.GrpcService (ConfUtils.java:logGet(43)) - raft.grpc.message.size.max = 33570816 (custom)
2019-07-13 09:26:07,252 INFO  server.RaftServerConfigKeys (ConfUtils.java:logGet(43)) - raft.server.log.appender.buffer.byte-limit = 33554432 (custom)
2019-07-13 09:26:07,253 INFO  server.GrpcService (ConfUtils.java:logGet(43)) - raft.grpc.flow.control.window = 1MB (=1048576) (default)
2019-07-13 09:26:07,254 INFO  server.RaftServerConfigKeys (ConfUtils.java:logGet(43)) - raft.server.rpc.request.timeout = 3000ms (default)
2019-07-13 09:26:07,408 INFO  server.RaftServerConfigKeys (ConfUtils.java:logGet(43)) - raft.server.storage.dir = [/tmp/workdir/hadoop-ozone/integration-test/target/test-dir/MiniOzoneClusterImpl-2dcec543-5fd7-4a84-bbd3-b374c7b8b407/datanode-0/data/ratis] (custom)
2019-07-13 09:26:07,443 INFO  replication.SimpleContainerDownloader (SimpleContainerDownloader.java:<init>(72)) - Starting container downloader service to copy containers to replicate.
2019-07-13 09:26:07,456 INFO  hdfs.DFSUtil (DFSUtil.java:httpServerTemplateForNNAndJN(1641)) - Starting Web-server for hddsDatanode at: http://0.0.0.0:0
2019-07-13 09:26:07,459 INFO  server.AuthenticationFilter (AuthenticationFilter.java:constructSecretProvider(240)) - Unable to initialize FileSignerSecretProvider, falling back to use random secrets.
2019-07-13 09:26:07,460 WARN  http.HttpRequestLog (HttpRequestLog.java:getRequestLog(97)) - Jetty request log can only be enabled using Log4j
2019-07-13 09:26:07,463 INFO  http.HttpServer2 (HttpServer2.java:addGlobalFilter(975)) - Added global filter 'safety' (class=org.apache.hadoop.http.HttpServer2$QuotingInputFilter)
2019-07-13 09:26:07,464 INFO  http.HttpServer2 (HttpServer2.java:addFilter(948)) - Added filter static_user_filter (class=org.apache.hadoop.http.lib.StaticUserWebFilter$StaticUserFilter) to context hddsDatanode
2019-07-13 09:26:07,464 INFO  http.HttpServer2 (HttpServer2.java:addFilter(958)) - Added filter static_user_filter (class=org.apache.hadoop.http.lib.StaticUserWebFilter$StaticUserFilter) to context static
2019-07-13 09:26:07,465 INFO  http.HttpServer2 (HttpServer2.java:addFilter(958)) - Added filter static_user_filter (class=org.apache.hadoop.http.lib.StaticUserWebFilter$StaticUserFilter) to context logs
2019-07-13 09:26:07,466 INFO  http.HttpServer2 (HttpServer2.java:bindListener(1191)) - Jetty bound to port 46343
2019-07-13 09:26:07,467 INFO  server.Server (Server.java:doStart(351)) - jetty-9.3.24.v20180605, build timestamp: 2018-06-05T17:11:56Z, git hash: 84205aa28f11a4f31f2a3b86d1bba2cc8ab69827
2019-07-13 09:26:07,470 INFO  handler.ContextHandler (ContextHandler.java:doStart(781)) - Started o.e.j.s.ServletContextHandler@761956ac{/logs,file:///tmp/workdir/hadoop-ozone/integration-test/target/log,AVAILABLE}
2019-07-13 09:26:07,471 INFO  handler.ContextHandler (ContextHandler.java:doStart(781)) - Started o.e.j.s.ServletContextHandler@304d0259{/static,jar:file:/home/user/.m2/repository/org/apache/hadoop/hadoop-hdds-container-service/0.5.0-SNAPSHOT/hadoop-hdds-container-service-0.5.0-SNAPSHOT.jar!/webapps/static,AVAILABLE}
2019-07-13 09:26:07,528 INFO  handler.ContextHandler (ContextHandler.java:doStart(781)) - Started o.e.j.w.WebAppContext@124ac145{/,file:///tmp/jetty-0.0.0.0-46343-hddsDatanode-_-any-414868895014340060.dir/webapp/,AVAILABLE}{/hddsDatanode}
2019-07-13 09:26:07,530 INFO  server.AbstractConnector (AbstractConnector.java:doStart(278)) - Started ServerConnector@2def7a7a{HTTP/1.1,[http/1.1]}{0.0.0.0:46343}
2019-07-13 09:26:07,531 INFO  server.Server (Server.java:doStart(419)) - Started @5125ms
2019-07-13 09:26:07,532 INFO  server.BaseHttpServer (BaseHttpServer.java:updateConnectorAddress(207)) - HTTP server of HDDSDATANODE is listening at http://0.0.0.0:46343
2019-07-13 09:26:08,659 INFO  ozone.HddsDatanodeService (HddsDatanodeService.java:startPlugins(396)) - Started plug-in org.apache.hadoop.ozone.web.OzoneHddsDatanodeService@69f2cb04
2019-07-13 09:26:08,661 INFO  impl.MetricsSystemImpl (MetricsSystemImpl.java:init(158)) - HddsDatanode metrics system started (again)
2019-07-13 09:26:08,662 INFO  ozone.HddsDatanodeService (HddsDatanodeService.java:start(185)) - HddsDatanodeService host:trunk-nightly-hmp62-43275749 ip:192.168.69.96
2019-07-13 09:26:08,668 INFO  util.JvmPauseMonitor (JvmPauseMonitor.java:run(188)) - Starting JVM pause monitor
2019-07-13 09:26:08,672 INFO  volume.HddsVolume (HddsVolume.java:<init>(176)) - Creating Volume: /tmp/workdir/hadoop-ozone/integration-test/target/test-dir/MiniOzoneClusterImpl-2dcec543-5fd7-4a84-bbd3-b374c7b8b407/datanode-1/data/containers/hdds of  storage type : DISK and capacity : 52710309888
2019-07-13 09:26:08,672 INFO  volume.VolumeSet (VolumeSet.java:initializeVolumeSet(170)) - Added Volume : /tmp/workdir/hadoop-ozone/integration-test/target/test-dir/MiniOzoneClusterImpl-2dcec543-5fd7-4a84-bbd3-b374c7b8b407/datanode-1/data/containers/hdds to VolumeSet
2019-07-13 09:26:08,672 INFO  volume.ThrottledAsyncChecker (ThrottledAsyncChecker.java:schedule(140)) - Scheduling a check for org.apache.hadoop.ozone.container.common.volume.HddsVolume@656a3d6b
2019-07-13 09:26:08,674 INFO  volume.HddsVolumeChecker (HddsVolumeChecker.java:checkAllVolumes(203)) - Scheduled health check for volume org.apache.hadoop.ozone.container.common.volume.HddsVolume@656a3d6b
2019-07-13 09:26:08,694 INFO  impl.RaftServerProxy (ConfUtils.java:logGet(43)) - raft.rpc.type = GRPC (default)
2019-07-13 09:26:08,694 INFO  grpc.GrpcFactory (GrpcFactory.java:checkPooledByteBufAllocatorUseCacheForAllThreads(45)) - PERFORMANCE WARNING: useCacheForAllThreads is true that may cause Netty to create a lot garbage objects and, as a result, trigger GC.
	It is recommended to disable useCacheForAllThreads by setting -Dorg.apache.ratis.thirdparty.io.netty.allocator.useCacheForAllThreads=false in command line.
2019-07-13 09:26:08,695 INFO  grpc.GrpcConfigKeys$Server (ConfUtils.java:logGet(43)) - raft.grpc.server.port = 0 (default)
2019-07-13 09:26:08,695 INFO  server.GrpcService (ConfUtils.java:logGet(43)) - raft.grpc.message.size.max = 33570816 (custom)
2019-07-13 09:26:08,695 INFO  server.RaftServerConfigKeys (ConfUtils.java:logGet(43)) - raft.server.log.appender.buffer.byte-limit = 33554432 (custom)
2019-07-13 09:26:08,696 INFO  server.GrpcService (ConfUtils.java:logGet(43)) - raft.grpc.flow.control.window = 1MB (=1048576) (default)
2019-07-13 09:26:08,696 INFO  server.RaftServerConfigKeys (ConfUtils.java:logGet(43)) - raft.server.rpc.request.timeout = 3000ms (default)
2019-07-13 09:26:08,698 INFO  server.RaftServerConfigKeys (ConfUtils.java:logGet(43)) - raft.server.storage.dir = [/tmp/workdir/hadoop-ozone/integration-test/target/test-dir/MiniOzoneClusterImpl-2dcec543-5fd7-4a84-bbd3-b374c7b8b407/datanode-1/data/ratis] (custom)
2019-07-13 09:26:08,699 INFO  replication.SimpleContainerDownloader (SimpleContainerDownloader.java:<init>(72)) - Starting container downloader service to copy containers to replicate.
2019-07-13 09:26:08,701 INFO  hdfs.DFSUtil (DFSUtil.java:httpServerTemplateForNNAndJN(1641)) - Starting Web-server for hddsDatanode at: http://0.0.0.0:0
2019-07-13 09:26:08,704 INFO  server.AuthenticationFilter (AuthenticationFilter.java:constructSecretProvider(240)) - Unable to initialize FileSignerSecretProvider, falling back to use random secrets.
2019-07-13 09:26:08,705 WARN  http.HttpRequestLog (HttpRequestLog.java:getRequestLog(97)) - Jetty request log can only be enabled using Log4j
2019-07-13 09:26:08,710 INFO  http.HttpServer2 (HttpServer2.java:addGlobalFilter(975)) - Added global filter 'safety' (class=org.apache.hadoop.http.HttpServer2$QuotingInputFilter)
2019-07-13 09:26:08,711 INFO  http.HttpServer2 (HttpServer2.java:addFilter(948)) - Added filter static_user_filter (class=org.apache.hadoop.http.lib.StaticUserWebFilter$StaticUserFilter) to context hddsDatanode
2019-07-13 09:26:08,711 INFO  http.HttpServer2 (HttpServer2.java:addFilter(958)) - Added filter static_user_filter (class=org.apache.hadoop.http.lib.StaticUserWebFilter$StaticUserFilter) to context static
2019-07-13 09:26:08,711 INFO  http.HttpServer2 (HttpServer2.java:addFilter(958)) - Added filter static_user_filter (class=org.apache.hadoop.http.lib.StaticUserWebFilter$StaticUserFilter) to context logs
2019-07-13 09:26:08,713 INFO  http.HttpServer2 (HttpServer2.java:bindListener(1191)) - Jetty bound to port 34718
2019-07-13 09:26:08,713 INFO  server.Server (Server.java:doStart(351)) - jetty-9.3.24.v20180605, build timestamp: 2018-06-05T17:11:56Z, git hash: 84205aa28f11a4f31f2a3b86d1bba2cc8ab69827
2019-07-13 09:26:08,717 INFO  handler.ContextHandler (ContextHandler.java:doStart(781)) - Started o.e.j.s.ServletContextHandler@733fb462{/logs,file:///tmp/workdir/hadoop-ozone/integration-test/target/log,AVAILABLE}
2019-07-13 09:26:08,718 INFO  handler.ContextHandler (ContextHandler.java:doStart(781)) - Started o.e.j.s.ServletContextHandler@359066bc{/static,jar:file:/home/user/.m2/repository/org/apache/hadoop/hadoop-hdds-container-service/0.5.0-SNAPSHOT/hadoop-hdds-container-service-0.5.0-SNAPSHOT.jar!/webapps/static,AVAILABLE}
2019-07-13 09:26:08,760 INFO  handler.ContextHandler (ContextHandler.java:doStart(781)) - Started o.e.j.w.WebAppContext@2a8b33ba{/,file:///tmp/jetty-0.0.0.0-34718-hddsDatanode-_-any-1413690744162920235.dir/webapp/,AVAILABLE}{/hddsDatanode}
2019-07-13 09:26:08,761 INFO  server.AbstractConnector (AbstractConnector.java:doStart(278)) - Started ServerConnector@4e8b357d{HTTP/1.1,[http/1.1]}{0.0.0.0:34718}
2019-07-13 09:26:08,762 INFO  server.Server (Server.java:doStart(419)) - Started @6356ms
2019-07-13 09:26:08,763 INFO  server.BaseHttpServer (BaseHttpServer.java:updateConnectorAddress(207)) - HTTP server of HDDSDATANODE is listening at http://0.0.0.0:34718
2019-07-13 09:26:08,787 INFO  datanode.InitDatanodeState (InitDatanodeState.java:persistContainerDatanodeDetails(140)) - DatanodeDetails is persisted to /tmp/workdir/hadoop-ozone/integration-test/target/test-dir/MiniOzoneClusterImpl-2dcec543-5fd7-4a84-bbd3-b374c7b8b407/datanode-0/meta/datanode.id
2019-07-13 09:26:08,903 INFO  ozone.HddsDatanodeService (HddsDatanodeService.java:startPlugins(396)) - Started plug-in org.apache.hadoop.ozone.web.OzoneHddsDatanodeService@6097fca9
2019-07-13 09:26:08,903 INFO  impl.MetricsSystemImpl (MetricsSystemImpl.java:init(158)) - HddsDatanode metrics system started (again)
2019-07-13 09:26:08,904 INFO  ozone.HddsDatanodeService (HddsDatanodeService.java:start(185)) - HddsDatanodeService host:trunk-nightly-hmp62-43275749 ip:192.168.69.96
2019-07-13 09:26:08,906 INFO  util.JvmPauseMonitor (JvmPauseMonitor.java:run(188)) - Starting JVM pause monitor
2019-07-13 09:26:08,914 INFO  volume.HddsVolume (HddsVolume.java:<init>(176)) - Creating Volume: /tmp/workdir/hadoop-ozone/integration-test/target/test-dir/MiniOzoneClusterImpl-2dcec543-5fd7-4a84-bbd3-b374c7b8b407/datanode-2/data/containers/hdds of  storage type : DISK and capacity : 52710309888
2019-07-13 09:26:08,914 INFO  volume.VolumeSet (VolumeSet.java:initializeVolumeSet(170)) - Added Volume : /tmp/workdir/hadoop-ozone/integration-test/target/test-dir/MiniOzoneClusterImpl-2dcec543-5fd7-4a84-bbd3-b374c7b8b407/datanode-2/data/containers/hdds to VolumeSet
2019-07-13 09:26:08,915 INFO  volume.ThrottledAsyncChecker (ThrottledAsyncChecker.java:schedule(140)) - Scheduling a check for org.apache.hadoop.ozone.container.common.volume.HddsVolume@6371cf2f
2019-07-13 09:26:08,915 INFO  volume.HddsVolumeChecker (HddsVolumeChecker.java:checkAllVolumes(203)) - Scheduled health check for volume org.apache.hadoop.ozone.container.common.volume.HddsVolume@6371cf2f
2019-07-13 09:26:08,916 INFO  datanode.InitDatanodeState (InitDatanodeState.java:persistContainerDatanodeDetails(140)) - DatanodeDetails is persisted to /tmp/workdir/hadoop-ozone/integration-test/target/test-dir/MiniOzoneClusterImpl-2dcec543-5fd7-4a84-bbd3-b374c7b8b407/datanode-1/meta/datanode.id
2019-07-13 09:26:08,929 INFO  impl.RaftServerProxy (ConfUtils.java:logGet(43)) - raft.rpc.type = GRPC (default)
2019-07-13 09:26:08,929 INFO  grpc.GrpcFactory (GrpcFactory.java:checkPooledByteBufAllocatorUseCacheForAllThreads(45)) - PERFORMANCE WARNING: useCacheForAllThreads is true that may cause Netty to create a lot garbage objects and, as a result, trigger GC.
	It is recommended to disable useCacheForAllThreads by setting -Dorg.apache.ratis.thirdparty.io.netty.allocator.useCacheForAllThreads=false in command line.
2019-07-13 09:26:08,929 INFO  grpc.GrpcConfigKeys$Server (ConfUtils.java:logGet(43)) - raft.grpc.server.port = 0 (default)
2019-07-13 09:26:08,929 INFO  server.GrpcService (ConfUtils.java:logGet(43)) - raft.grpc.message.size.max = 33570816 (custom)
2019-07-13 09:26:08,929 INFO  server.RaftServerConfigKeys (ConfUtils.java:logGet(43)) - raft.server.log.appender.buffer.byte-limit = 33554432 (custom)
2019-07-13 09:26:08,930 INFO  server.GrpcService (ConfUtils.java:logGet(43)) - raft.grpc.flow.control.window = 1MB (=1048576) (default)
2019-07-13 09:26:08,930 INFO  server.RaftServerConfigKeys (ConfUtils.java:logGet(43)) - raft.server.rpc.request.timeout = 3000ms (default)
2019-07-13 09:26:08,930 INFO  server.RaftServerConfigKeys (ConfUtils.java:logGet(43)) - raft.server.storage.dir = [/tmp/workdir/hadoop-ozone/integration-test/target/test-dir/MiniOzoneClusterImpl-2dcec543-5fd7-4a84-bbd3-b374c7b8b407/datanode-2/data/ratis] (custom)
2019-07-13 09:26:08,931 INFO  replication.SimpleContainerDownloader (SimpleContainerDownloader.java:<init>(72)) - Starting container downloader service to copy containers to replicate.
2019-07-13 09:26:08,932 INFO  hdfs.DFSUtil (DFSUtil.java:httpServerTemplateForNNAndJN(1641)) - Starting Web-server for hddsDatanode at: http://0.0.0.0:0
2019-07-13 09:26:08,933 INFO  server.AuthenticationFilter (AuthenticationFilter.java:constructSecretProvider(240)) - Unable to initialize FileSignerSecretProvider, falling back to use random secrets.
2019-07-13 09:26:08,934 WARN  http.HttpRequestLog (HttpRequestLog.java:getRequestLog(97)) - Jetty request log can only be enabled using Log4j
2019-07-13 09:26:08,935 INFO  http.HttpServer2 (HttpServer2.java:addGlobalFilter(975)) - Added global filter 'safety' (class=org.apache.hadoop.http.HttpServer2$QuotingInputFilter)
2019-07-13 09:26:08,936 INFO  http.HttpServer2 (HttpServer2.java:addFilter(948)) - Added filter static_user_filter (class=org.apache.hadoop.http.lib.StaticUserWebFilter$StaticUserFilter) to context hddsDatanode
2019-07-13 09:26:08,936 INFO  http.HttpServer2 (HttpServer2.java:addFilter(958)) - Added filter static_user_filter (class=org.apache.hadoop.http.lib.StaticUserWebFilter$StaticUserFilter) to context logs
2019-07-13 09:26:08,936 INFO  http.HttpServer2 (HttpServer2.java:addFilter(958)) - Added filter static_user_filter (class=org.apache.hadoop.http.lib.StaticUserWebFilter$StaticUserFilter) to context static
2019-07-13 09:26:08,937 INFO  http.HttpServer2 (HttpServer2.java:bindListener(1191)) - Jetty bound to port 41655
2019-07-13 09:26:08,937 INFO  server.Server (Server.java:doStart(351)) - jetty-9.3.24.v20180605, build timestamp: 2018-06-05T17:11:56Z, git hash: 84205aa28f11a4f31f2a3b86d1bba2cc8ab69827
2019-07-13 09:26:08,939 INFO  handler.ContextHandler (ContextHandler.java:doStart(781)) - Started o.e.j.s.ServletContextHandler@3b97907c{/logs,file:///tmp/workdir/hadoop-ozone/integration-test/target/log,AVAILABLE}
2019-07-13 09:26:08,939 INFO  handler.ContextHandler (ContextHandler.java:doStart(781)) - Started o.e.j.s.ServletContextHandler@631c6d11{/static,jar:file:/home/user/.m2/repository/org/apache/hadoop/hadoop-hdds-container-service/0.5.0-SNAPSHOT/hadoop-hdds-container-service-0.5.0-SNAPSHOT.jar!/webapps/static,AVAILABLE}
2019-07-13 09:26:08,967 INFO  handler.ContextHandler (ContextHandler.java:doStart(781)) - Started o.e.j.w.WebAppContext@61608e1a{/,file:///tmp/jetty-0.0.0.0-41655-hddsDatanode-_-any-7424401591033198702.dir/webapp/,AVAILABLE}{/hddsDatanode}
2019-07-13 09:26:08,967 INFO  server.AbstractConnector (AbstractConnector.java:doStart(278)) - Started ServerConnector@7c46c9c3{HTTP/1.1,[http/1.1]}{0.0.0.0:41655}
2019-07-13 09:26:08,968 INFO  server.Server (Server.java:doStart(419)) - Started @6562ms
2019-07-13 09:26:08,969 INFO  server.BaseHttpServer (BaseHttpServer.java:updateConnectorAddress(207)) - HTTP server of HDDSDATANODE is listening at http://0.0.0.0:41655
2019-07-13 09:26:09,095 INFO  ozone.HddsDatanodeService (HddsDatanodeService.java:startPlugins(396)) - Started plug-in org.apache.hadoop.ozone.web.OzoneHddsDatanodeService@4026461d
2019-07-13 09:26:09,095 INFO  impl.MetricsSystemImpl (MetricsSystemImpl.java:init(158)) - HddsDatanode metrics system started (again)
2019-07-13 09:26:09,096 INFO  ozone.HddsDatanodeService (HddsDatanodeService.java:start(185)) - HddsDatanodeService host:trunk-nightly-hmp62-43275749 ip:192.168.69.96
2019-07-13 09:26:09,099 INFO  util.JvmPauseMonitor (JvmPauseMonitor.java:run(188)) - Starting JVM pause monitor
2019-07-13 09:26:09,106 INFO  volume.HddsVolume (HddsVolume.java:<init>(176)) - Creating Volume: /tmp/workdir/hadoop-ozone/integration-test/target/test-dir/MiniOzoneClusterImpl-2dcec543-5fd7-4a84-bbd3-b374c7b8b407/datanode-3/data/containers/hdds of  storage type : DISK and capacity : 52710309888
2019-07-13 09:26:09,107 INFO  datanode.InitDatanodeState (InitDatanodeState.java:persistContainerDatanodeDetails(140)) - DatanodeDetails is persisted to /tmp/workdir/hadoop-ozone/integration-test/target/test-dir/MiniOzoneClusterImpl-2dcec543-5fd7-4a84-bbd3-b374c7b8b407/datanode-2/meta/datanode.id
2019-07-13 09:26:09,107 INFO  volume.VolumeSet (VolumeSet.java:initializeVolumeSet(170)) - Added Volume : /tmp/workdir/hadoop-ozone/integration-test/target/test-dir/MiniOzoneClusterImpl-2dcec543-5fd7-4a84-bbd3-b374c7b8b407/datanode-3/data/containers/hdds to VolumeSet
2019-07-13 09:26:09,107 INFO  volume.ThrottledAsyncChecker (ThrottledAsyncChecker.java:schedule(140)) - Scheduling a check for org.apache.hadoop.ozone.container.common.volume.HddsVolume@57bd6a8f
2019-07-13 09:26:09,108 INFO  volume.HddsVolumeChecker (HddsVolumeChecker.java:checkAllVolumes(203)) - Scheduled health check for volume org.apache.hadoop.ozone.container.common.volume.HddsVolume@57bd6a8f
2019-07-13 09:26:09,122 INFO  impl.RaftServerProxy (ConfUtils.java:logGet(43)) - raft.rpc.type = GRPC (default)
2019-07-13 09:26:09,122 INFO  grpc.GrpcFactory (GrpcFactory.java:checkPooledByteBufAllocatorUseCacheForAllThreads(45)) - PERFORMANCE WARNING: useCacheForAllThreads is true that may cause Netty to create a lot garbage objects and, as a result, trigger GC.
	It is recommended to disable useCacheForAllThreads by setting -Dorg.apache.ratis.thirdparty.io.netty.allocator.useCacheForAllThreads=false in command line.
2019-07-13 09:26:09,122 INFO  grpc.GrpcConfigKeys$Server (ConfUtils.java:logGet(43)) - raft.grpc.server.port = 0 (default)
2019-07-13 09:26:09,123 INFO  server.GrpcService (ConfUtils.java:logGet(43)) - raft.grpc.message.size.max = 33570816 (custom)
2019-07-13 09:26:09,123 INFO  server.RaftServerConfigKeys (ConfUtils.java:logGet(43)) - raft.server.log.appender.buffer.byte-limit = 33554432 (custom)
2019-07-13 09:26:09,123 INFO  server.GrpcService (ConfUtils.java:logGet(43)) - raft.grpc.flow.control.window = 1MB (=1048576) (default)
2019-07-13 09:26:09,123 INFO  server.RaftServerConfigKeys (ConfUtils.java:logGet(43)) - raft.server.rpc.request.timeout = 3000ms (default)
2019-07-13 09:26:09,124 INFO  server.RaftServerConfigKeys (ConfUtils.java:logGet(43)) - raft.server.storage.dir = [/tmp/workdir/hadoop-ozone/integration-test/target/test-dir/MiniOzoneClusterImpl-2dcec543-5fd7-4a84-bbd3-b374c7b8b407/datanode-3/data/ratis] (custom)
2019-07-13 09:26:09,124 INFO  replication.SimpleContainerDownloader (SimpleContainerDownloader.java:<init>(72)) - Starting container downloader service to copy containers to replicate.
2019-07-13 09:26:09,125 INFO  hdfs.DFSUtil (DFSUtil.java:httpServerTemplateForNNAndJN(1641)) - Starting Web-server for hddsDatanode at: http://0.0.0.0:0
2019-07-13 09:26:09,127 INFO  server.AuthenticationFilter (AuthenticationFilter.java:constructSecretProvider(240)) - Unable to initialize FileSignerSecretProvider, falling back to use random secrets.
2019-07-13 09:26:09,127 WARN  http.HttpRequestLog (HttpRequestLog.java:getRequestLog(97)) - Jetty request log can only be enabled using Log4j
2019-07-13 09:26:09,128 INFO  http.HttpServer2 (HttpServer2.java:addGlobalFilter(975)) - Added global filter 'safety' (class=org.apache.hadoop.http.HttpServer2$QuotingInputFilter)
2019-07-13 09:26:09,129 INFO  http.HttpServer2 (HttpServer2.java:addFilter(948)) - Added filter static_user_filter (class=org.apache.hadoop.http.lib.StaticUserWebFilter$StaticUserFilter) to context hddsDatanode
2019-07-13 09:26:09,129 INFO  http.HttpServer2 (HttpServer2.java:addFilter(958)) - Added filter static_user_filter (class=org.apache.hadoop.http.lib.StaticUserWebFilter$StaticUserFilter) to context static
2019-07-13 09:26:09,129 INFO  http.HttpServer2 (HttpServer2.java:addFilter(958)) - Added filter static_user_filter (class=org.apache.hadoop.http.lib.StaticUserWebFilter$StaticUserFilter) to context logs
2019-07-13 09:26:09,130 INFO  http.HttpServer2 (HttpServer2.java:bindListener(1191)) - Jetty bound to port 33059
2019-07-13 09:26:09,130 INFO  server.Server (Server.java:doStart(351)) - jetty-9.3.24.v20180605, build timestamp: 2018-06-05T17:11:56Z, git hash: 84205aa28f11a4f31f2a3b86d1bba2cc8ab69827
2019-07-13 09:26:09,133 INFO  handler.ContextHandler (ContextHandler.java:doStart(781)) - Started o.e.j.s.ServletContextHandler@5f395ce1{/logs,file:///tmp/workdir/hadoop-ozone/integration-test/target/log,AVAILABLE}
2019-07-13 09:26:09,134 INFO  handler.ContextHandler (ContextHandler.java:doStart(781)) - Started o.e.j.s.ServletContextHandler@1e30db85{/static,jar:file:/home/user/.m2/repository/org/apache/hadoop/hadoop-hdds-container-service/0.5.0-SNAPSHOT/hadoop-hdds-container-service-0.5.0-SNAPSHOT.jar!/webapps/static,AVAILABLE}
2019-07-13 09:26:09,161 INFO  handler.ContextHandler (ContextHandler.java:doStart(781)) - Started o.e.j.w.WebAppContext@1e00bfe2{/,file:///tmp/jetty-0.0.0.0-33059-hddsDatanode-_-any-515735185361033333.dir/webapp/,AVAILABLE}{/hddsDatanode}
2019-07-13 09:26:09,162 INFO  server.AbstractConnector (AbstractConnector.java:doStart(278)) - Started ServerConnector@4702e7a5{HTTP/1.1,[http/1.1]}{0.0.0.0:33059}
2019-07-13 09:26:09,163 INFO  server.Server (Server.java:doStart(419)) - Started @6756ms
2019-07-13 09:26:09,163 INFO  server.BaseHttpServer (BaseHttpServer.java:updateConnectorAddress(207)) - HTTP server of HDDSDATANODE is listening at http://0.0.0.0:33059
2019-07-13 09:26:09,285 INFO  ozone.HddsDatanodeService (HddsDatanodeService.java:startPlugins(396)) - Started plug-in org.apache.hadoop.ozone.web.OzoneHddsDatanodeService@1bd8afc8
2019-07-13 09:26:09,285 INFO  impl.MetricsSystemImpl (MetricsSystemImpl.java:init(158)) - HddsDatanode metrics system started (again)
2019-07-13 09:26:09,287 INFO  ozone.HddsDatanodeService (HddsDatanodeService.java:start(185)) - HddsDatanodeService host:trunk-nightly-hmp62-43275749 ip:192.168.69.96
2019-07-13 09:26:09,289 INFO  util.JvmPauseMonitor (JvmPauseMonitor.java:run(188)) - Starting JVM pause monitor
2019-07-13 09:26:09,292 INFO  datanode.InitDatanodeState (InitDatanodeState.java:persistContainerDatanodeDetails(140)) - DatanodeDetails is persisted to /tmp/workdir/hadoop-ozone/integration-test/target/test-dir/MiniOzoneClusterImpl-2dcec543-5fd7-4a84-bbd3-b374c7b8b407/datanode-3/meta/datanode.id
2019-07-13 09:26:09,294 INFO  volume.HddsVolume (HddsVolume.java:<init>(176)) - Creating Volume: /tmp/workdir/hadoop-ozone/integration-test/target/test-dir/MiniOzoneClusterImpl-2dcec543-5fd7-4a84-bbd3-b374c7b8b407/datanode-4/data/containers/hdds of  storage type : DISK and capacity : 52710309888
2019-07-13 09:26:09,295 INFO  volume.VolumeSet (VolumeSet.java:initializeVolumeSet(170)) - Added Volume : /tmp/workdir/hadoop-ozone/integration-test/target/test-dir/MiniOzoneClusterImpl-2dcec543-5fd7-4a84-bbd3-b374c7b8b407/datanode-4/data/containers/hdds to VolumeSet
2019-07-13 09:26:09,295 INFO  volume.ThrottledAsyncChecker (ThrottledAsyncChecker.java:schedule(140)) - Scheduling a check for org.apache.hadoop.ozone.container.common.volume.HddsVolume@77a0dd63
2019-07-13 09:26:09,295 INFO  volume.HddsVolumeChecker (HddsVolumeChecker.java:checkAllVolumes(203)) - Scheduled health check for volume org.apache.hadoop.ozone.container.common.volume.HddsVolume@77a0dd63
2019-07-13 09:26:09,309 INFO  impl.RaftServerProxy (ConfUtils.java:logGet(43)) - raft.rpc.type = GRPC (default)
2019-07-13 09:26:09,309 INFO  grpc.GrpcFactory (GrpcFactory.java:checkPooledByteBufAllocatorUseCacheForAllThreads(45)) - PERFORMANCE WARNING: useCacheForAllThreads is true that may cause Netty to create a lot garbage objects and, as a result, trigger GC.
	It is recommended to disable useCacheForAllThreads by setting -Dorg.apache.ratis.thirdparty.io.netty.allocator.useCacheForAllThreads=false in command line.
2019-07-13 09:26:09,309 INFO  grpc.GrpcConfigKeys$Server (ConfUtils.java:logGet(43)) - raft.grpc.server.port = 0 (default)
2019-07-13 09:26:09,310 INFO  server.GrpcService (ConfUtils.java:logGet(43)) - raft.grpc.message.size.max = 33570816 (custom)
2019-07-13 09:26:09,310 INFO  server.RaftServerConfigKeys (ConfUtils.java:logGet(43)) - raft.server.log.appender.buffer.byte-limit = 33554432 (custom)
2019-07-13 09:26:09,310 INFO  server.GrpcService (ConfUtils.java:logGet(43)) - raft.grpc.flow.control.window = 1MB (=1048576) (default)
2019-07-13 09:26:09,310 INFO  server.RaftServerConfigKeys (ConfUtils.java:logGet(43)) - raft.server.rpc.request.timeout = 3000ms (default)
2019-07-13 09:26:09,311 INFO  server.RaftServerConfigKeys (ConfUtils.java:logGet(43)) - raft.server.storage.dir = [/tmp/workdir/hadoop-ozone/integration-test/target/test-dir/MiniOzoneClusterImpl-2dcec543-5fd7-4a84-bbd3-b374c7b8b407/datanode-4/data/ratis] (custom)
2019-07-13 09:26:09,311 INFO  replication.SimpleContainerDownloader (SimpleContainerDownloader.java:<init>(72)) - Starting container downloader service to copy containers to replicate.
2019-07-13 09:26:09,312 INFO  hdfs.DFSUtil (DFSUtil.java:httpServerTemplateForNNAndJN(1641)) - Starting Web-server for hddsDatanode at: http://0.0.0.0:0
2019-07-13 09:26:09,314 INFO  server.AuthenticationFilter (AuthenticationFilter.java:constructSecretProvider(240)) - Unable to initialize FileSignerSecretProvider, falling back to use random secrets.
2019-07-13 09:26:09,314 WARN  http.HttpRequestLog (HttpRequestLog.java:getRequestLog(97)) - Jetty request log can only be enabled using Log4j
2019-07-13 09:26:09,315 INFO  http.HttpServer2 (HttpServer2.java:addGlobalFilter(975)) - Added global filter 'safety' (class=org.apache.hadoop.http.HttpServer2$QuotingInputFilter)
2019-07-13 09:26:09,316 INFO  http.HttpServer2 (HttpServer2.java:addFilter(948)) - Added filter static_user_filter (class=org.apache.hadoop.http.lib.StaticUserWebFilter$StaticUserFilter) to context hddsDatanode
2019-07-13 09:26:09,316 INFO  http.HttpServer2 (HttpServer2.java:addFilter(958)) - Added filter static_user_filter (class=org.apache.hadoop.http.lib.StaticUserWebFilter$StaticUserFilter) to context static
2019-07-13 09:26:09,316 INFO  http.HttpServer2 (HttpServer2.java:addFilter(958)) - Added filter static_user_filter (class=org.apache.hadoop.http.lib.StaticUserWebFilter$StaticUserFilter) to context logs
2019-07-13 09:26:09,317 INFO  http.HttpServer2 (HttpServer2.java:bindListener(1191)) - Jetty bound to port 40804
2019-07-13 09:26:09,317 INFO  server.Server (Server.java:doStart(351)) - jetty-9.3.24.v20180605, build timestamp: 2018-06-05T17:11:56Z, git hash: 84205aa28f11a4f31f2a3b86d1bba2cc8ab69827
2019-07-13 09:26:09,319 INFO  handler.ContextHandler (ContextHandler.java:doStart(781)) - Started o.e.j.s.ServletContextHandler@7aa01bd9{/logs,file:///tmp/workdir/hadoop-ozone/integration-test/target/log,AVAILABLE}
2019-07-13 09:26:09,320 INFO  handler.ContextHandler (ContextHandler.java:doStart(781)) - Started o.e.j.s.ServletContextHandler@615db358{/static,jar:file:/home/user/.m2/repository/org/apache/hadoop/hadoop-hdds-container-service/0.5.0-SNAPSHOT/hadoop-hdds-container-service-0.5.0-SNAPSHOT.jar!/webapps/static,AVAILABLE}
2019-07-13 09:26:09,348 INFO  handler.ContextHandler (ContextHandler.java:doStart(781)) - Started o.e.j.w.WebAppContext@34136bd1{/,file:///tmp/jetty-0.0.0.0-40804-hddsDatanode-_-any-5478934411958952908.dir/webapp/,AVAILABLE}{/hddsDatanode}
2019-07-13 09:26:09,348 INFO  server.AbstractConnector (AbstractConnector.java:doStart(278)) - Started ServerConnector@6de7778f{HTTP/1.1,[http/1.1]}{0.0.0.0:40804}
2019-07-13 09:26:09,349 INFO  server.Server (Server.java:doStart(419)) - Started @6943ms
2019-07-13 09:26:09,350 INFO  server.BaseHttpServer (BaseHttpServer.java:updateConnectorAddress(207)) - HTTP server of HDDSDATANODE is listening at http://0.0.0.0:40804
2019-07-13 09:26:09,469 INFO  ozone.HddsDatanodeService (HddsDatanodeService.java:startPlugins(396)) - Started plug-in org.apache.hadoop.ozone.web.OzoneHddsDatanodeService@5fdd97c1
2019-07-13 09:26:09,469 INFO  impl.MetricsSystemImpl (MetricsSystemImpl.java:init(158)) - HddsDatanode metrics system started (again)
2019-07-13 09:26:09,471 INFO  ozone.HddsDatanodeService (HddsDatanodeService.java:start(185)) - HddsDatanodeService host:trunk-nightly-hmp62-43275749 ip:192.168.69.96
2019-07-13 09:26:09,473 INFO  util.JvmPauseMonitor (JvmPauseMonitor.java:run(188)) - Starting JVM pause monitor
2019-07-13 09:26:09,478 INFO  volume.HddsVolume (HddsVolume.java:<init>(176)) - Creating Volume: /tmp/workdir/hadoop-ozone/integration-test/target/test-dir/MiniOzoneClusterImpl-2dcec543-5fd7-4a84-bbd3-b374c7b8b407/datanode-5/data/containers/hdds of  storage type : DISK and capacity : 52710309888
2019-07-13 09:26:09,478 INFO  datanode.InitDatanodeState (InitDatanodeState.java:persistContainerDatanodeDetails(140)) - DatanodeDetails is persisted to /tmp/workdir/hadoop-ozone/integration-test/target/test-dir/MiniOzoneClusterImpl-2dcec543-5fd7-4a84-bbd3-b374c7b8b407/datanode-4/meta/datanode.id
2019-07-13 09:26:09,478 INFO  volume.VolumeSet (VolumeSet.java:initializeVolumeSet(170)) - Added Volume : /tmp/workdir/hadoop-ozone/integration-test/target/test-dir/MiniOzoneClusterImpl-2dcec543-5fd7-4a84-bbd3-b374c7b8b407/datanode-5/data/containers/hdds to VolumeSet
2019-07-13 09:26:09,479 INFO  volume.ThrottledAsyncChecker (ThrottledAsyncChecker.java:schedule(140)) - Scheduling a check for org.apache.hadoop.ozone.container.common.volume.HddsVolume@37d3e140
2019-07-13 09:26:09,479 INFO  volume.HddsVolumeChecker (HddsVolumeChecker.java:checkAllVolumes(203)) - Scheduled health check for volume org.apache.hadoop.ozone.container.common.volume.HddsVolume@37d3e140
2019-07-13 09:26:09,493 INFO  impl.RaftServerProxy (ConfUtils.java:logGet(43)) - raft.rpc.type = GRPC (default)
2019-07-13 09:26:09,493 INFO  grpc.GrpcFactory (GrpcFactory.java:checkPooledByteBufAllocatorUseCacheForAllThreads(45)) - PERFORMANCE WARNING: useCacheForAllThreads is true that may cause Netty to create a lot garbage objects and, as a result, trigger GC.
	It is recommended to disable useCacheForAllThreads by setting -Dorg.apache.ratis.thirdparty.io.netty.allocator.useCacheForAllThreads=false in command line.
2019-07-13 09:26:09,494 INFO  grpc.GrpcConfigKeys$Server (ConfUtils.java:logGet(43)) - raft.grpc.server.port = 0 (default)
2019-07-13 09:26:09,494 INFO  server.GrpcService (ConfUtils.java:logGet(43)) - raft.grpc.message.size.max = 33570816 (custom)
2019-07-13 09:26:09,494 INFO  server.RaftServerConfigKeys (ConfUtils.java:logGet(43)) - raft.server.log.appender.buffer.byte-limit = 33554432 (custom)
2019-07-13 09:26:09,494 INFO  server.GrpcService (ConfUtils.java:logGet(43)) - raft.grpc.flow.control.window = 1MB (=1048576) (default)
2019-07-13 09:26:09,495 INFO  server.RaftServerConfigKeys (ConfUtils.java:logGet(43)) - raft.server.rpc.request.timeout = 3000ms (default)
2019-07-13 09:26:09,495 INFO  server.RaftServerConfigKeys (ConfUtils.java:logGet(43)) - raft.server.storage.dir = [/tmp/workdir/hadoop-ozone/integration-test/target/test-dir/MiniOzoneClusterImpl-2dcec543-5fd7-4a84-bbd3-b374c7b8b407/datanode-5/data/ratis] (custom)
2019-07-13 09:26:09,496 INFO  replication.SimpleContainerDownloader (SimpleContainerDownloader.java:<init>(72)) - Starting container downloader service to copy containers to replicate.
2019-07-13 09:26:09,497 INFO  hdfs.DFSUtil (DFSUtil.java:httpServerTemplateForNNAndJN(1641)) - Starting Web-server for hddsDatanode at: http://0.0.0.0:0
2019-07-13 09:26:09,498 INFO  server.AuthenticationFilter (AuthenticationFilter.java:constructSecretProvider(240)) - Unable to initialize FileSignerSecretProvider, falling back to use random secrets.
2019-07-13 09:26:09,498 WARN  http.HttpRequestLog (HttpRequestLog.java:getRequestLog(97)) - Jetty request log can only be enabled using Log4j
2019-07-13 09:26:09,499 INFO  http.HttpServer2 (HttpServer2.java:addGlobalFilter(975)) - Added global filter 'safety' (class=org.apache.hadoop.http.HttpServer2$QuotingInputFilter)
2019-07-13 09:26:09,500 INFO  http.HttpServer2 (HttpServer2.java:addFilter(948)) - Added filter static_user_filter (class=org.apache.hadoop.http.lib.StaticUserWebFilter$StaticUserFilter) to context hddsDatanode
2019-07-13 09:26:09,500 INFO  http.HttpServer2 (HttpServer2.java:addFilter(958)) - Added filter static_user_filter (class=org.apache.hadoop.http.lib.StaticUserWebFilter$StaticUserFilter) to context static
2019-07-13 09:26:09,500 INFO  http.HttpServer2 (HttpServer2.java:addFilter(958)) - Added filter static_user_filter (class=org.apache.hadoop.http.lib.StaticUserWebFilter$StaticUserFilter) to context logs
2019-07-13 09:26:09,501 INFO  http.HttpServer2 (HttpServer2.java:bindListener(1191)) - Jetty bound to port 42808
2019-07-13 09:26:09,501 INFO  server.Server (Server.java:doStart(351)) - jetty-9.3.24.v20180605, build timestamp: 2018-06-05T17:11:56Z, git hash: 84205aa28f11a4f31f2a3b86d1bba2cc8ab69827
2019-07-13 09:26:09,503 INFO  handler.ContextHandler (ContextHandler.java:doStart(781)) - Started o.e.j.s.ServletContextHandler@545d2560{/logs,file:///tmp/workdir/hadoop-ozone/integration-test/target/log,AVAILABLE}
2019-07-13 09:26:09,504 INFO  handler.ContextHandler (ContextHandler.java:doStart(781)) - Started o.e.j.s.ServletContextHandler@6885ed19{/static,jar:file:/home/user/.m2/repository/org/apache/hadoop/hadoop-hdds-container-service/0.5.0-SNAPSHOT/hadoop-hdds-container-service-0.5.0-SNAPSHOT.jar!/webapps/static,AVAILABLE}
2019-07-13 09:26:09,531 INFO  handler.ContextHandler (ContextHandler.java:doStart(781)) - Started o.e.j.w.WebAppContext@40c8067{/,file:///tmp/jetty-0.0.0.0-42808-hddsDatanode-_-any-1704110113351475430.dir/webapp/,AVAILABLE}{/hddsDatanode}
2019-07-13 09:26:09,532 INFO  server.AbstractConnector (AbstractConnector.java:doStart(278)) - Started ServerConnector@46bb0bdf{HTTP/1.1,[http/1.1]}{0.0.0.0:42808}
2019-07-13 09:26:09,533 INFO  server.Server (Server.java:doStart(419)) - Started @7126ms
2019-07-13 09:26:09,533 INFO  server.BaseHttpServer (BaseHttpServer.java:updateConnectorAddress(207)) - HTTP server of HDDSDATANODE is listening at http://0.0.0.0:42808
2019-07-13 09:26:09,656 INFO  ozone.HddsDatanodeService (HddsDatanodeService.java:startPlugins(396)) - Started plug-in org.apache.hadoop.ozone.web.OzoneHddsDatanodeService@7d25913
2019-07-13 09:26:09,656 INFO  impl.MetricsSystemImpl (MetricsSystemImpl.java:init(158)) - HddsDatanode metrics system started (again)
2019-07-13 09:26:09,658 INFO  ozone.HddsDatanodeService (HddsDatanodeService.java:start(185)) - HddsDatanodeService host:trunk-nightly-hmp62-43275749 ip:192.168.69.96
2019-07-13 09:26:09,660 INFO  util.JvmPauseMonitor (JvmPauseMonitor.java:run(188)) - Starting JVM pause monitor
2019-07-13 09:26:09,662 INFO  datanode.InitDatanodeState (InitDatanodeState.java:persistContainerDatanodeDetails(140)) - DatanodeDetails is persisted to /tmp/workdir/hadoop-ozone/integration-test/target/test-dir/MiniOzoneClusterImpl-2dcec543-5fd7-4a84-bbd3-b374c7b8b407/datanode-5/meta/datanode.id
2019-07-13 09:26:09,666 INFO  volume.HddsVolume (HddsVolume.java:<init>(176)) - Creating Volume: /tmp/workdir/hadoop-ozone/integration-test/target/test-dir/MiniOzoneClusterImpl-2dcec543-5fd7-4a84-bbd3-b374c7b8b407/datanode-6/data/containers/hdds of  storage type : DISK and capacity : 52710309888
2019-07-13 09:26:09,667 INFO  volume.VolumeSet (VolumeSet.java:initializeVolumeSet(170)) - Added Volume : /tmp/workdir/hadoop-ozone/integration-test/target/test-dir/MiniOzoneClusterImpl-2dcec543-5fd7-4a84-bbd3-b374c7b8b407/datanode-6/data/containers/hdds to VolumeSet
2019-07-13 09:26:09,667 INFO  volume.ThrottledAsyncChecker (ThrottledAsyncChecker.java:schedule(140)) - Scheduling a check for org.apache.hadoop.ozone.container.common.volume.HddsVolume@40a1b6d4
2019-07-13 09:26:09,667 INFO  volume.HddsVolumeChecker (HddsVolumeChecker.java:checkAllVolumes(203)) - Scheduled health check for volume org.apache.hadoop.ozone.container.common.volume.HddsVolume@40a1b6d4
2019-07-13 09:26:09,681 INFO  impl.RaftServerProxy (ConfUtils.java:logGet(43)) - raft.rpc.type = GRPC (default)
2019-07-13 09:26:09,681 INFO  grpc.GrpcFactory (GrpcFactory.java:checkPooledByteBufAllocatorUseCacheForAllThreads(45)) - PERFORMANCE WARNING: useCacheForAllThreads is true that may cause Netty to create a lot garbage objects and, as a result, trigger GC.
	It is recommended to disable useCacheForAllThreads by setting -Dorg.apache.ratis.thirdparty.io.netty.allocator.useCacheForAllThreads=false in command line.
2019-07-13 09:26:09,682 INFO  grpc.GrpcConfigKeys$Server (ConfUtils.java:logGet(43)) - raft.grpc.server.port = 0 (default)
2019-07-13 09:26:09,682 INFO  server.GrpcService (ConfUtils.java:logGet(43)) - raft.grpc.message.size.max = 33570816 (custom)
2019-07-13 09:26:09,682 INFO  server.RaftServerConfigKeys (ConfUtils.java:logGet(43)) - raft.server.log.appender.buffer.byte-limit = 33554432 (custom)
2019-07-13 09:26:09,682 INFO  server.GrpcService (ConfUtils.java:logGet(43)) - raft.grpc.flow.control.window = 1MB (=1048576) (default)
2019-07-13 09:26:09,683 INFO  server.RaftServerConfigKeys (ConfUtils.java:logGet(43)) - raft.server.rpc.request.timeout = 3000ms (default)
2019-07-13 09:26:09,683 INFO  server.RaftServerConfigKeys (ConfUtils.java:logGet(43)) - raft.server.storage.dir = [/tmp/workdir/hadoop-ozone/integration-test/target/test-dir/MiniOzoneClusterImpl-2dcec543-5fd7-4a84-bbd3-b374c7b8b407/datanode-6/data/ratis] (custom)
2019-07-13 09:26:09,684 INFO  replication.SimpleContainerDownloader (SimpleContainerDownloader.java:<init>(72)) - Starting container downloader service to copy containers to replicate.
2019-07-13 09:26:09,685 INFO  hdfs.DFSUtil (DFSUtil.java:httpServerTemplateForNNAndJN(1641)) - Starting Web-server for hddsDatanode at: http://0.0.0.0:0
2019-07-13 09:26:09,686 INFO  server.AuthenticationFilter (AuthenticationFilter.java:constructSecretProvider(240)) - Unable to initialize FileSignerSecretProvider, falling back to use random secrets.
2019-07-13 09:26:09,686 WARN  http.HttpRequestLog (HttpRequestLog.java:getRequestLog(97)) - Jetty request log can only be enabled using Log4j
2019-07-13 09:26:09,687 INFO  http.HttpServer2 (HttpServer2.java:addGlobalFilter(975)) - Added global filter 'safety' (class=org.apache.hadoop.http.HttpServer2$QuotingInputFilter)
2019-07-13 09:26:09,688 INFO  http.HttpServer2 (HttpServer2.java:addFilter(948)) - Added filter static_user_filter (class=org.apache.hadoop.http.lib.StaticUserWebFilter$StaticUserFilter) to context hddsDatanode
2019-07-13 09:26:09,688 INFO  http.HttpServer2 (HttpServer2.java:addFilter(958)) - Added filter static_user_filter (class=org.apache.hadoop.http.lib.StaticUserWebFilter$StaticUserFilter) to context static
2019-07-13 09:26:09,688 INFO  http.HttpServer2 (HttpServer2.java:addFilter(958)) - Added filter static_user_filter (class=org.apache.hadoop.http.lib.StaticUserWebFilter$StaticUserFilter) to context logs
2019-07-13 09:26:09,689 INFO  http.HttpServer2 (HttpServer2.java:bindListener(1191)) - Jetty bound to port 36069
2019-07-13 09:26:09,689 INFO  server.Server (Server.java:doStart(351)) - jetty-9.3.24.v20180605, build timestamp: 2018-06-05T17:11:56Z, git hash: 84205aa28f11a4f31f2a3b86d1bba2cc8ab69827
2019-07-13 09:26:09,691 INFO  handler.ContextHandler (ContextHandler.java:doStart(781)) - Started o.e.j.s.ServletContextHandler@718989fa{/logs,file:///tmp/workdir/hadoop-ozone/integration-test/target/log,AVAILABLE}
2019-07-13 09:26:09,692 INFO  handler.ContextHandler (ContextHandler.java:doStart(781)) - Started o.e.j.s.ServletContextHandler@6568f998{/static,jar:file:/home/user/.m2/repository/org/apache/hadoop/hadoop-hdds-container-service/0.5.0-SNAPSHOT/hadoop-hdds-container-service-0.5.0-SNAPSHOT.jar!/webapps/static,AVAILABLE}
2019-07-13 09:26:09,719 INFO  handler.ContextHandler (ContextHandler.java:doStart(781)) - Started o.e.j.w.WebAppContext@448ade1{/,file:///tmp/jetty-0.0.0.0-36069-hddsDatanode-_-any-5722475294643848859.dir/webapp/,AVAILABLE}{/hddsDatanode}
2019-07-13 09:26:09,719 INFO  server.AbstractConnector (AbstractConnector.java:doStart(278)) - Started ServerConnector@21f9c6ea{HTTP/1.1,[http/1.1]}{0.0.0.0:36069}
2019-07-13 09:26:09,720 INFO  server.Server (Server.java:doStart(419)) - Started @7314ms
2019-07-13 09:26:09,721 INFO  server.BaseHttpServer (BaseHttpServer.java:updateConnectorAddress(207)) - HTTP server of HDDSDATANODE is listening at http://0.0.0.0:36069
2019-07-13 09:26:09,942 INFO  ozone.HddsDatanodeService (HddsDatanodeService.java:startPlugins(396)) - Started plug-in org.apache.hadoop.ozone.web.OzoneHddsDatanodeService@112c2930
2019-07-13 09:26:09,944 INFO  ozone.MiniOzoneClusterImpl (MiniOzoneClusterImpl.java:lambda$waitForClusterToBeReady$0(142)) - Waiting for cluster to be ready. Got 0 of 7 DN Heartbeats.
2019-07-13 09:26:09,945 INFO  util.JvmPauseMonitor (JvmPauseMonitor.java:run(188)) - Starting JVM pause monitor
2019-07-13 09:26:09,948 INFO  datanode.InitDatanodeState (InitDatanodeState.java:persistContainerDatanodeDetails(140)) - DatanodeDetails is persisted to /tmp/workdir/hadoop-ozone/integration-test/target/test-dir/MiniOzoneClusterImpl-2dcec543-5fd7-4a84-bbd3-b374c7b8b407/datanode-6/meta/datanode.id
2019-07-13 09:26:10,726 INFO  ozoneimpl.OzoneContainer (OzoneContainer.java:start(186)) - Attempting to start container services.
2019-07-13 09:26:10,728 INFO  ozoneimpl.OzoneContainer (OzoneContainer.java:startContainerScrub(160)) - Background container scrubber has been disabled by hdds.containerscrub.enabled
2019-07-13 09:26:10,728 INFO  ratis.XceiverServerRatis (XceiverServerRatis.java:start(418)) - Starting XceiverServerRatis e43469d1-feeb-4337-b3a6-c41c4697ae96 at port 0
2019-07-13 09:26:10,749 INFO  impl.RaftServerProxy (RaftServerProxy.java:lambda$start$3(299)) - e43469d1-feeb-4337-b3a6-c41c4697ae96: start RPC server
2019-07-13 09:26:10,867 INFO  server.GrpcService (GrpcService.java:startImpl(149)) - e43469d1-feeb-4337-b3a6-c41c4697ae96: GrpcService started, listening on 0.0.0.0/0.0.0.0:37743
2019-07-13 09:26:10,868 INFO  ratis.XceiverServerRatis (XceiverServerRatis.java:start(428)) - XceiverServerRatis e43469d1-feeb-4337-b3a6-c41c4697ae96 is started using port 37743
2019-07-13 09:26:10,870 INFO  server.XceiverServerGrpc (XceiverServerGrpc.java:start(161)) - XceiverServerGrpc e43469d1-feeb-4337-b3a6-c41c4697ae96 is started using port 43029
2019-07-13 09:26:10,922 INFO  ozoneimpl.OzoneContainer (OzoneContainer.java:start(186)) - Attempting to start container services.
2019-07-13 09:26:10,925 INFO  ozoneimpl.OzoneContainer (OzoneContainer.java:startContainerScrub(160)) - Background container scrubber has been disabled by hdds.containerscrub.enabled
2019-07-13 09:26:10,925 INFO  ratis.XceiverServerRatis (XceiverServerRatis.java:start(418)) - Starting XceiverServerRatis 83f43fcf-a984-4281-8ae3-f43af691a8ba at port 0
2019-07-13 09:26:10,934 INFO  impl.RaftServerProxy (RaftServerProxy.java:lambda$start$3(299)) - 83f43fcf-a984-4281-8ae3-f43af691a8ba: start RPC server
2019-07-13 09:26:10,937 INFO  server.GrpcService (GrpcService.java:startImpl(149)) - 83f43fcf-a984-4281-8ae3-f43af691a8ba: GrpcService started, listening on 0.0.0.0/0.0.0.0:38609
2019-07-13 09:26:10,937 INFO  ratis.XceiverServerRatis (XceiverServerRatis.java:start(428)) - XceiverServerRatis 83f43fcf-a984-4281-8ae3-f43af691a8ba is started using port 38609
2019-07-13 09:26:10,940 INFO  server.XceiverServerGrpc (XceiverServerGrpc.java:start(161)) - XceiverServerGrpc 83f43fcf-a984-4281-8ae3-f43af691a8ba is started using port 43894
2019-07-13 09:26:10,944 INFO  ozone.MiniOzoneClusterImpl (MiniOzoneClusterImpl.java:lambda$waitForClusterToBeReady$0(142)) - Waiting for cluster to be ready. Got 0 of 7 DN Heartbeats.
2019-07-13 09:26:11,128 INFO  ozoneimpl.OzoneContainer (OzoneContainer.java:start(186)) - Attempting to start container services.
2019-07-13 09:26:11,133 INFO  ozoneimpl.OzoneContainer (OzoneContainer.java:startContainerScrub(160)) - Background container scrubber has been disabled by hdds.containerscrub.enabled
2019-07-13 09:26:11,134 INFO  ratis.XceiverServerRatis (XceiverServerRatis.java:start(418)) - Starting XceiverServerRatis 9b4cff66-0aab-4af9-b8b1-38945e030732 at port 0
2019-07-13 09:26:11,143 INFO  impl.RaftServerProxy (RaftServerProxy.java:lambda$start$3(299)) - 9b4cff66-0aab-4af9-b8b1-38945e030732: start RPC server
2019-07-13 09:26:11,146 INFO  server.GrpcService (GrpcService.java:startImpl(149)) - 9b4cff66-0aab-4af9-b8b1-38945e030732: GrpcService started, listening on 0.0.0.0/0.0.0.0:36369
2019-07-13 09:26:11,146 INFO  ratis.XceiverServerRatis (XceiverServerRatis.java:start(428)) - XceiverServerRatis 9b4cff66-0aab-4af9-b8b1-38945e030732 is started using port 36369
2019-07-13 09:26:11,149 INFO  server.XceiverServerGrpc (XceiverServerGrpc.java:start(161)) - XceiverServerGrpc 9b4cff66-0aab-4af9-b8b1-38945e030732 is started using port 41684
2019-07-13 09:26:11,314 INFO  ozoneimpl.OzoneContainer (OzoneContainer.java:start(186)) - Attempting to start container services.
2019-07-13 09:26:11,314 INFO  ozoneimpl.OzoneContainer (OzoneContainer.java:startContainerScrub(160)) - Background container scrubber has been disabled by hdds.containerscrub.enabled
2019-07-13 09:26:11,314 INFO  ratis.XceiverServerRatis (XceiverServerRatis.java:start(418)) - Starting XceiverServerRatis d3b1e4ec-938b-429a-9ecf-2df7d003078e at port 0
2019-07-13 09:26:11,325 INFO  impl.RaftServerProxy (RaftServerProxy.java:lambda$start$3(299)) - d3b1e4ec-938b-429a-9ecf-2df7d003078e: start RPC server
2019-07-13 09:26:11,328 INFO  server.GrpcService (GrpcService.java:startImpl(149)) - d3b1e4ec-938b-429a-9ecf-2df7d003078e: GrpcService started, listening on 0.0.0.0/0.0.0.0:37802
2019-07-13 09:26:11,329 INFO  ratis.XceiverServerRatis (XceiverServerRatis.java:start(428)) - XceiverServerRatis d3b1e4ec-938b-429a-9ecf-2df7d003078e is started using port 37802
2019-07-13 09:26:11,332 INFO  server.XceiverServerGrpc (XceiverServerGrpc.java:start(161)) - XceiverServerGrpc d3b1e4ec-938b-429a-9ecf-2df7d003078e is started using port 41532
2019-07-13 09:26:11,491 INFO  ozoneimpl.OzoneContainer (OzoneContainer.java:start(186)) - Attempting to start container services.
2019-07-13 09:26:11,492 INFO  ozoneimpl.OzoneContainer (OzoneContainer.java:startContainerScrub(160)) - Background container scrubber has been disabled by hdds.containerscrub.enabled
2019-07-13 09:26:11,492 INFO  ratis.XceiverServerRatis (XceiverServerRatis.java:start(418)) - Starting XceiverServerRatis 8e98056f-57f0-47b6-8eb5-fd3e17e41c5b at port 0
2019-07-13 09:26:11,502 INFO  impl.RaftServerProxy (RaftServerProxy.java:lambda$start$3(299)) - 8e98056f-57f0-47b6-8eb5-fd3e17e41c5b: start RPC server
2019-07-13 09:26:11,508 INFO  server.GrpcService (GrpcService.java:startImpl(149)) - 8e98056f-57f0-47b6-8eb5-fd3e17e41c5b: GrpcService started, listening on 0.0.0.0/0.0.0.0:38732
2019-07-13 09:26:11,508 INFO  ratis.XceiverServerRatis (XceiverServerRatis.java:start(428)) - XceiverServerRatis 8e98056f-57f0-47b6-8eb5-fd3e17e41c5b is started using port 38732
2019-07-13 09:26:11,513 INFO  server.XceiverServerGrpc (XceiverServerGrpc.java:start(161)) - XceiverServerGrpc 8e98056f-57f0-47b6-8eb5-fd3e17e41c5b is started using port 36838
2019-07-13 09:26:11,688 INFO  ozoneimpl.OzoneContainer (OzoneContainer.java:start(186)) - Attempting to start container services.
2019-07-13 09:26:11,689 INFO  ozoneimpl.OzoneContainer (OzoneContainer.java:startContainerScrub(160)) - Background container scrubber has been disabled by hdds.containerscrub.enabled
2019-07-13 09:26:11,689 INFO  ratis.XceiverServerRatis (XceiverServerRatis.java:start(418)) - Starting XceiverServerRatis 7dbc828f-eae1-4c39-8e5e-67ab191d64a2 at port 0
2019-07-13 09:26:11,696 INFO  impl.RaftServerProxy (RaftServerProxy.java:lambda$start$3(299)) - 7dbc828f-eae1-4c39-8e5e-67ab191d64a2: start RPC server
2019-07-13 09:26:11,701 INFO  server.GrpcService (GrpcService.java:startImpl(149)) - 7dbc828f-eae1-4c39-8e5e-67ab191d64a2: GrpcService started, listening on 0.0.0.0/0.0.0.0:44397
2019-07-13 09:26:11,701 INFO  ratis.XceiverServerRatis (XceiverServerRatis.java:start(428)) - XceiverServerRatis 7dbc828f-eae1-4c39-8e5e-67ab191d64a2 is started using port 44397
2019-07-13 09:26:11,705 INFO  server.XceiverServerGrpc (XceiverServerGrpc.java:start(161)) - XceiverServerGrpc 7dbc828f-eae1-4c39-8e5e-67ab191d64a2 is started using port 45492
2019-07-13 09:26:11,945 INFO  ozone.MiniOzoneClusterImpl (MiniOzoneClusterImpl.java:lambda$waitForClusterToBeReady$0(142)) - Waiting for cluster to be ready. Got 0 of 7 DN Heartbeats.
2019-07-13 09:26:11,971 INFO  ozoneimpl.OzoneContainer (OzoneContainer.java:start(186)) - Attempting to start container services.
2019-07-13 09:26:11,971 INFO  ozoneimpl.OzoneContainer (OzoneContainer.java:startContainerScrub(160)) - Background container scrubber has been disabled by hdds.containerscrub.enabled
2019-07-13 09:26:11,972 INFO  ratis.XceiverServerRatis (XceiverServerRatis.java:start(418)) - Starting XceiverServerRatis 219dd85b-679e-417a-b78d-9527d8cee6a1 at port 0
2019-07-13 09:26:11,980 INFO  impl.RaftServerProxy (RaftServerProxy.java:lambda$start$3(299)) - 219dd85b-679e-417a-b78d-9527d8cee6a1: start RPC server
2019-07-13 09:26:11,985 INFO  server.GrpcService (GrpcService.java:startImpl(149)) - 219dd85b-679e-417a-b78d-9527d8cee6a1: GrpcService started, listening on 0.0.0.0/0.0.0.0:39899
2019-07-13 09:26:11,985 INFO  ratis.XceiverServerRatis (XceiverServerRatis.java:start(428)) - XceiverServerRatis 219dd85b-679e-417a-b78d-9527d8cee6a1 is started using port 39899
2019-07-13 09:26:11,990 INFO  server.XceiverServerGrpc (XceiverServerGrpc.java:start(161)) - XceiverServerGrpc 219dd85b-679e-417a-b78d-9527d8cee6a1 is started using port 43419
2019-07-13 09:26:12,713 INFO  net.NetworkTopology (NetworkTopologyImpl.java:add(110)) - Added a new node: /default-rack/192.168.69.96
2019-07-13 09:26:12,715 INFO  node.SCMNodeManager (SCMNodeManager.java:register(269)) - Registered Data node : e43469d1-feeb-4337-b3a6-c41c4697ae96{ip: 192.168.69.96, host: trunk-nightly-hmp62-43275749, networkLocation: /default-rack, certSerialId: null}
2019-07-13 09:26:12,722 INFO  safemode.SCMSafeModeManager (DataNodeSafeModeRule.java:process(71)) - SCM in safe mode. 1 DataNodes registered, 1 required.
2019-07-13 09:26:12,723 INFO  safemode.SCMSafeModeManager (SCMSafeModeManager.java:validateSafeModeExitRules(177)) - ScmSafeModeManager, all rules are successfully validated
2019-07-13 09:26:12,723 INFO  safemode.SCMSafeModeManager (SCMSafeModeManager.java:exitSafeMode(193)) - SCM exiting safe mode.
2019-07-13 09:26:12,910 INFO  node.SCMNodeManager (SCMNodeManager.java:register(269)) - Registered Data node : 83f43fcf-a984-4281-8ae3-f43af691a8ba{ip: 192.168.69.96, host: trunk-nightly-hmp62-43275749, networkLocation: /default-rack, certSerialId: null}
2019-07-13 09:26:12,947 INFO  ozone.MiniOzoneClusterImpl (MiniOzoneClusterImpl.java:lambda$waitForClusterToBeReady$0(142)) - Waiting for cluster to be ready. Got 2 of 7 DN Heartbeats.
2019-07-13 09:26:13,103 INFO  node.SCMNodeManager (SCMNodeManager.java:register(269)) - Registered Data node : 9b4cff66-0aab-4af9-b8b1-38945e030732{ip: 192.168.69.96, host: trunk-nightly-hmp62-43275749, networkLocation: /default-rack, certSerialId: null}
2019-07-13 09:26:13,292 INFO  node.SCMNodeManager (SCMNodeManager.java:register(269)) - Registered Data node : d3b1e4ec-938b-429a-9ecf-2df7d003078e{ip: 192.168.69.96, host: trunk-nightly-hmp62-43275749, networkLocation: /default-rack, certSerialId: null}
2019-07-13 09:26:13,656 INFO  node.SCMNodeManager (SCMNodeManager.java:register(269)) - Registered Data node : 8e98056f-57f0-47b6-8eb5-fd3e17e41c5b{ip: 192.168.69.96, host: trunk-nightly-hmp62-43275749, networkLocation: /default-rack, certSerialId: null}
2019-07-13 09:26:13,664 INFO  node.SCMNodeManager (SCMNodeManager.java:register(269)) - Registered Data node : 7dbc828f-eae1-4c39-8e5e-67ab191d64a2{ip: 192.168.69.96, host: trunk-nightly-hmp62-43275749, networkLocation: /default-rack, certSerialId: null}
2019-07-13 09:26:13,685 INFO  impl.RaftServerProxy (RaftServerProxy.java:addNew(89)) - e43469d1-feeb-4337-b3a6-c41c4697ae96: addNew group-FBF9BA0C5673:[e43469d1-feeb-4337-b3a6-c41c4697ae96:192.168.69.96:37743] returns group-FBF9BA0C5673:java.util.concurrent.CompletableFuture@209e2f54[Not completed]
2019-07-13 09:26:13,703 INFO  impl.RaftServerImpl (RaftServerImpl.java:<init>(93)) - e43469d1-feeb-4337-b3a6-c41c4697ae96: new RaftServerImpl for group-FBF9BA0C5673:[e43469d1-feeb-4337-b3a6-c41c4697ae96:192.168.69.96:37743] with ContainerStateMachine:uninitialized
2019-07-13 09:26:13,705 INFO  server.RaftServerConfigKeys (ConfUtils.java:logGet(43)) - raft.server.rpc.timeout.min = 5s (custom)
2019-07-13 09:26:13,707 INFO  server.RaftServerConfigKeys (ConfUtils.java:logGet(43)) - raft.server.rpc.timeout.max = 5200ms (custom)
2019-07-13 09:26:13,707 INFO  server.RaftServerConfigKeys (ConfUtils.java:logGet(43)) - raft.server.rpcslowness.timeout = 120s (custom)
2019-07-13 09:26:13,708 INFO  server.RaftServerConfigKeys (ConfUtils.java:logGet(43)) - raft.server.sleep.deviation.threshold = 300 (default)
2019-07-13 09:26:13,709 INFO  server.RaftServerConfigKeys (ConfUtils.java:logGet(43)) - raft.server.log.appender.install.snapshot.enabled = false (custom)
2019-07-13 09:26:13,717 INFO  impl.RaftServerImpl (ServerState.java:<init>(105)) - e43469d1-feeb-4337-b3a6-c41c4697ae96:group-FBF9BA0C5673 ConfigurationManager, init=-1: [e43469d1-feeb-4337-b3a6-c41c4697ae96:192.168.69.96:37743], old=null, confs=<EMPTY_MAP>
2019-07-13 09:26:13,717 INFO  server.RaftServerConfigKeys (ConfUtils.java:logGet(43)) - raft.server.storage.dir = [/tmp/workdir/hadoop-ozone/integration-test/target/test-dir/MiniOzoneClusterImpl-2dcec543-5fd7-4a84-bbd3-b374c7b8b407/datanode-0/data/ratis] (custom)
2019-07-13 09:26:13,725 INFO  storage.RaftStorageDirectory (RaftStorageDirectory.java:analyzeStorage(246)) - The storage directory /tmp/workdir/hadoop-ozone/integration-test/target/test-dir/MiniOzoneClusterImpl-2dcec543-5fd7-4a84-bbd3-b374c7b8b407/datanode-0/data/ratis/17e5a10d-0eaa-40ad-acac-fbf9ba0c5673 does not exist. Creating ...
2019-07-13 09:26:13,755 INFO  storage.RaftStorageDirectory (RaftStorageDirectory.java:tryLock(328)) - Lock on /tmp/workdir/hadoop-ozone/integration-test/target/test-dir/MiniOzoneClusterImpl-2dcec543-5fd7-4a84-bbd3-b374c7b8b407/datanode-0/data/ratis/17e5a10d-0eaa-40ad-acac-fbf9ba0c5673/in_use.lock acquired by nodename 3678@trunk-nightly-hmp62-43275749
2019-07-13 09:26:13,769 INFO  storage.RaftStorage (RaftStorage.java:format(72)) - Storage directory /tmp/workdir/hadoop-ozone/integration-test/target/test-dir/MiniOzoneClusterImpl-2dcec543-5fd7-4a84-bbd3-b374c7b8b407/datanode-0/data/ratis/17e5a10d-0eaa-40ad-acac-fbf9ba0c5673 has been successfully formatted.
2019-07-13 09:26:13,772 INFO  ratis.ContainerStateMachine (ContainerStateMachine.java:loadSnapshot(200)) - The snapshot info is null.Setting the last applied index to:(t:0, i:~)
2019-07-13 09:26:13,772 INFO  server.RaftServerConfigKeys (ConfUtils.java:logGet(43)) - raft.server.leader.election.timeout = 120s (custom)
2019-07-13 09:26:13,774 INFO  server.RaftServerConfigKeys (ConfUtils.java:logGet(43)) - raft.server.log.use.memory = false (default)
2019-07-13 09:26:13,780 INFO  server.RaftServerConfigKeys (ConfUtils.java:logGet(43)) - raft.server.log.purge.gap = 1000000000 (custom)
2019-07-13 09:26:13,780 INFO  server.RaftServerConfigKeys (ConfUtils.java:logGet(43)) - raft.server.log.appender.buffer.byte-limit = 33554432 (custom)
2019-07-13 09:26:13,782 INFO  server.RaftServerConfigKeys (ConfUtils.java:logGet(43)) - raft.server.log.segment.size.max = 1048576 (custom)
2019-07-13 09:26:13,787 INFO  server.RaftServerConfigKeys (ConfUtils.java:logGet(43)) - raft.server.log.segment.cache.num.max = 2 (custom)
2019-07-13 09:26:13,793 INFO  segmented.SegmentedRaftLogWorker (SegmentedRaftLogWorker.java:<init>(172)) - new e43469d1-feeb-4337-b3a6-c41c4697ae96-SegmentedRaftLogWorker:Storage Directory /tmp/workdir/hadoop-ozone/integration-test/target/test-dir/MiniOzoneClusterImpl-2dcec543-5fd7-4a84-bbd3-b374c7b8b407/datanode-0/data/ratis/17e5a10d-0eaa-40ad-acac-fbf9ba0c5673 for RaftStorage:Storage Directory /tmp/workdir/hadoop-ozone/integration-test/target/test-dir/MiniOzoneClusterImpl-2dcec543-5fd7-4a84-bbd3-b374c7b8b407/datanode-0/data/ratis/17e5a10d-0eaa-40ad-acac-fbf9ba0c5673
2019-07-13 09:26:13,805 INFO  server.RaftServerConfigKeys (ConfUtils.java:logGet(43)) - raft.server.log.queue.byte-limit = 2147483647 (custom)
2019-07-13 09:26:13,806 INFO  server.RaftServerConfigKeys (ConfUtils.java:logGet(43)) - raft.server.log.queue.element-limit = 1024 (custom)
2019-07-13 09:26:13,810 INFO  server.RaftServerConfigKeys (ConfUtils.java:logGet(43)) - raft.server.log.segment.size.max = 1048576 (custom)
2019-07-13 09:26:13,811 INFO  server.RaftServerConfigKeys (ConfUtils.java:logGet(43)) - raft.server.log.preallocated.size = 16384 (custom)
2019-07-13 09:26:13,811 INFO  server.RaftServerConfigKeys (ConfUtils.java:logGet(43)) - raft.server.log.write.buffer.size = 33554432 (custom)
2019-07-13 09:26:13,812 INFO  server.RaftServerConfigKeys (ConfUtils.java:logGet(43)) - raft.server.log.force.sync.num = 128 (default)
2019-07-13 09:26:13,813 INFO  server.RaftServerConfigKeys (ConfUtils.java:logGet(43)) - raft.server.log.statemachine.data.sync = true (default)
2019-07-13 09:26:13,813 INFO  server.RaftServerConfigKeys (ConfUtils.java:logGet(43)) - raft.server.log.statemachine.data.sync.timeout = 10s (default)
2019-07-13 09:26:13,813 INFO  server.RaftServerConfigKeys (ConfUtils.java:logGet(43)) - raft.server.log.statemachine.data.sync.timeout.retry = -1 (default)
2019-07-13 09:26:13,822 INFO  server.RaftServerConfigKeys (ConfUtils.java:logGet(43)) - raft.server.log.statemachine.data.caching.enabled = true (custom)
2019-07-13 09:26:13,826 INFO  segmented.SegmentedRaftLogWorker (SegmentedRaftLogWorker.java:lambda$new$0(132)) - e43469d1-feeb-4337-b3a6-c41c4697ae96-SegmentedRaftLogWorker:Storage Directory /tmp/workdir/hadoop-ozone/integration-test/target/test-dir/MiniOzoneClusterImpl-2dcec543-5fd7-4a84-bbd3-b374c7b8b407/datanode-0/data/ratis/17e5a10d-0eaa-40ad-acac-fbf9ba0c5673: flushIndex: setUnconditionally 0 -> -1
2019-07-13 09:26:13,830 INFO  server.RaftServerConfigKeys (ConfUtils.java:logGet(43)) - raft.server.snapshot.auto.trigger.enabled = true (custom)
2019-07-13 09:26:13,831 INFO  server.RaftServerConfigKeys (ConfUtils.java:logGet(43)) - raft.server.snapshot.auto.trigger.threshold = 10000 (custom)
2019-07-13 09:26:13,831 INFO  server.RaftServerConfigKeys (ConfUtils.java:logGet(43)) - raft.server.retrycache.expirytime = 600000ms (custom)
2019-07-13 09:26:13,854 INFO  impl.RaftServerImpl (RaftServerImpl.java:start(180)) - e43469d1-feeb-4337-b3a6-c41c4697ae96: start group-FBF9BA0C5673
2019-07-13 09:26:13,856 INFO  impl.RaftServerImpl (RaftServerImpl.java:setRole(171)) - e43469d1-feeb-4337-b3a6-c41c4697ae96:group-FBF9BA0C5673 changes role from null to FOLLOWER at term 0 for startAsFollower
2019-07-13 09:26:13,857 INFO  impl.RoleInfo (RoleInfo.java:updateAndGet(143)) - e43469d1-feeb-4337-b3a6-c41c4697ae96: start FollowerState
2019-07-13 09:26:13,859 INFO  util.JmxRegister (JmxRegister.java:tryRegister(44)) - Successfully registered JMX Bean with object name Ratis:service=RaftServer,group=group-FBF9BA0C5673,id=e43469d1-feeb-4337-b3a6-c41c4697ae96
2019-07-13 09:26:13,928 INFO  pipeline.PipelineStateManager (PipelineStateManager.java:addPipeline(56)) - Created pipeline Pipeline[ Id: 17e5a10d-0eaa-40ad-acac-fbf9ba0c5673, Nodes: e43469d1-feeb-4337-b3a6-c41c4697ae96{ip: 192.168.69.96, host: trunk-nightly-hmp62-43275749, networkLocation: /default-rack, certSerialId: null}, Type:RATIS, Factor:ONE, State:OPEN]
2019-07-13 09:26:13,949 INFO  ozone.MiniOzoneClusterImpl (MiniOzoneClusterImpl.java:lambda$waitForClusterToBeReady$0(142)) - Waiting for cluster to be ready. Got 6 of 7 DN Heartbeats.
2019-07-13 09:26:13,952 INFO  node.SCMNodeManager (SCMNodeManager.java:register(269)) - Registered Data node : 219dd85b-679e-417a-b78d-9527d8cee6a1{ip: 192.168.69.96, host: trunk-nightly-hmp62-43275749, networkLocation: /default-rack, certSerialId: null}
2019-07-13 09:26:13,959 INFO  impl.RaftServerProxy (RaftServerProxy.java:addNew(89)) - 7dbc828f-eae1-4c39-8e5e-67ab191d64a2: addNew group-843503845BA9:[7dbc828f-eae1-4c39-8e5e-67ab191d64a2:192.168.69.96:44397] returns group-843503845BA9:java.util.concurrent.CompletableFuture@2764671d[Not completed]
2019-07-13 09:26:13,990 INFO  impl.RaftServerImpl (RaftServerImpl.java:<init>(93)) - 7dbc828f-eae1-4c39-8e5e-67ab191d64a2: new RaftServerImpl for group-843503845BA9:[7dbc828f-eae1-4c39-8e5e-67ab191d64a2:192.168.69.96:44397] with ContainerStateMachine:uninitialized
2019-07-13 09:26:13,991 INFO  server.RaftServerConfigKeys (ConfUtils.java:logGet(43)) - raft.server.rpc.timeout.min = 5s (custom)
2019-07-13 09:26:13,992 INFO  server.RaftServerConfigKeys (ConfUtils.java:logGet(43)) - raft.server.rpc.timeout.max = 5200ms (custom)
2019-07-13 09:26:13,992 INFO  server.RaftServerConfigKeys (ConfUtils.java:logGet(43)) - raft.server.rpcslowness.timeout = 120s (custom)
2019-07-13 09:26:13,992 INFO  server.RaftServerConfigKeys (ConfUtils.java:logGet(43)) - raft.server.sleep.deviation.threshold = 300 (default)
2019-07-13 09:26:13,993 INFO  server.RaftServerConfigKeys (ConfUtils.java:logGet(43)) - raft.server.log.appender.install.snapshot.enabled = false (custom)
2019-07-13 09:26:13,993 INFO  impl.RaftServerImpl (ServerState.java:<init>(105)) - 7dbc828f-eae1-4c39-8e5e-67ab191d64a2:group-843503845BA9 ConfigurationManager, init=-1: [7dbc828f-eae1-4c39-8e5e-67ab191d64a2:192.168.69.96:44397], old=null, confs=<EMPTY_MAP>
2019-07-13 09:26:13,993 INFO  server.RaftServerConfigKeys (ConfUtils.java:logGet(43)) - raft.server.storage.dir = [/tmp/workdir/hadoop-ozone/integration-test/target/test-dir/MiniOzoneClusterImpl-2dcec543-5fd7-4a84-bbd3-b374c7b8b407/datanode-5/data/ratis] (custom)
2019-07-13 09:26:13,994 INFO  storage.RaftStorageDirectory (RaftStorageDirectory.java:analyzeStorage(246)) - The storage directory /tmp/workdir/hadoop-ozone/integration-test/target/test-dir/MiniOzoneClusterImpl-2dcec543-5fd7-4a84-bbd3-b374c7b8b407/datanode-5/data/ratis/36acf9e8-ee7b-48f5-befb-843503845ba9 does not exist. Creating ...
2019-07-13 09:26:14,020 INFO  storage.RaftStorageDirectory (RaftStorageDirectory.java:tryLock(328)) - Lock on /tmp/workdir/hadoop-ozone/integration-test/target/test-dir/MiniOzoneClusterImpl-2dcec543-5fd7-4a84-bbd3-b374c7b8b407/datanode-5/data/ratis/36acf9e8-ee7b-48f5-befb-843503845ba9/in_use.lock acquired by nodename 3678@trunk-nightly-hmp62-43275749
2019-07-13 09:26:14,042 INFO  storage.RaftStorage (RaftStorage.java:format(72)) - Storage directory /tmp/workdir/hadoop-ozone/integration-test/target/test-dir/MiniOzoneClusterImpl-2dcec543-5fd7-4a84-bbd3-b374c7b8b407/datanode-5/data/ratis/36acf9e8-ee7b-48f5-befb-843503845ba9 has been successfully formatted.
2019-07-13 09:26:14,043 INFO  ratis.ContainerStateMachine (ContainerStateMachine.java:loadSnapshot(200)) - The snapshot info is null.Setting the last applied index to:(t:0, i:~)
2019-07-13 09:26:14,045 INFO  server.RaftServerConfigKeys (ConfUtils.java:logGet(43)) - raft.server.leader.election.timeout = 120s (custom)
2019-07-13 09:26:14,045 INFO  server.RaftServerConfigKeys (ConfUtils.java:logGet(43)) - raft.server.log.use.memory = false (default)
2019-07-13 09:26:14,045 INFO  server.RaftServerConfigKeys (ConfUtils.java:logGet(43)) - raft.server.log.purge.gap = 1000000000 (custom)
2019-07-13 09:26:14,046 INFO  server.RaftServerConfigKeys (ConfUtils.java:logGet(43)) - raft.server.log.appender.buffer.byte-limit = 33554432 (custom)
2019-07-13 09:26:14,046 INFO  server.RaftServerConfigKeys (ConfUtils.java:logGet(43)) - raft.server.log.segment.size.max = 1048576 (custom)
2019-07-13 09:26:14,046 INFO  server.RaftServerConfigKeys (ConfUtils.java:logGet(43)) - raft.server.log.segment.cache.num.max = 2 (custom)
2019-07-13 09:26:14,046 INFO  segmented.SegmentedRaftLogWorker (SegmentedRaftLogWorker.java:<init>(172)) - new 7dbc828f-eae1-4c39-8e5e-67ab191d64a2-SegmentedRaftLogWorker:Storage Directory /tmp/workdir/hadoop-ozone/integration-test/target/test-dir/MiniOzoneClusterImpl-2dcec543-5fd7-4a84-bbd3-b374c7b8b407/datanode-5/data/ratis/36acf9e8-ee7b-48f5-befb-843503845ba9 for RaftStorage:Storage Directory /tmp/workdir/hadoop-ozone/integration-test/target/test-dir/MiniOzoneClusterImpl-2dcec543-5fd7-4a84-bbd3-b374c7b8b407/datanode-5/data/ratis/36acf9e8-ee7b-48f5-befb-843503845ba9
2019-07-13 09:26:14,048 INFO  server.RaftServerConfigKeys (ConfUtils.java:logGet(43)) - raft.server.log.queue.byte-limit = 2147483647 (custom)
2019-07-13 09:26:14,048 INFO  server.RaftServerConfigKeys (ConfUtils.java:logGet(43)) - raft.server.log.queue.element-limit = 1024 (custom)
2019-07-13 09:26:14,048 INFO  server.RaftServerConfigKeys (ConfUtils.java:logGet(43)) - raft.server.log.segment.size.max = 1048576 (custom)
2019-07-13 09:26:14,048 INFO  server.RaftServerConfigKeys (ConfUtils.java:logGet(43)) - raft.server.log.preallocated.size = 16384 (custom)
2019-07-13 09:26:14,049 INFO  server.RaftServerConfigKeys (ConfUtils.java:logGet(43)) - raft.server.log.write.buffer.size = 33554432 (custom)
2019-07-13 09:26:14,049 INFO  server.RaftServerConfigKeys (ConfUtils.java:logGet(43)) - raft.server.log.force.sync.num = 128 (default)
2019-07-13 09:26:14,049 INFO  server.RaftServerConfigKeys (ConfUtils.java:logGet(43)) - raft.server.log.statemachine.data.sync = true (default)
2019-07-13 09:26:14,049 INFO  server.RaftServerConfigKeys (ConfUtils.java:logGet(43)) - raft.server.log.statemachine.data.sync.timeout = 10s (default)
2019-07-13 09:26:14,049 INFO  server.RaftServerConfigKeys (ConfUtils.java:logGet(43)) - raft.server.log.statemachine.data.sync.timeout.retry = -1 (default)
2019-07-13 09:26:14,050 INFO  server.RaftServerConfigKeys (ConfUtils.java:logGet(43)) - raft.server.log.statemachine.data.caching.enabled = true (custom)
2019-07-13 09:26:14,050 INFO  segmented.SegmentedRaftLogWorker (SegmentedRaftLogWorker.java:lambda$new$0(132)) - 7dbc828f-eae1-4c39-8e5e-67ab191d64a2-SegmentedRaftLogWorker:Storage Directory /tmp/workdir/hadoop-ozone/integration-test/target/test-dir/MiniOzoneClusterImpl-2dcec543-5fd7-4a84-bbd3-b374c7b8b407/datanode-5/data/ratis/36acf9e8-ee7b-48f5-befb-843503845ba9: flushIndex: setUnconditionally 0 -> -1
2019-07-13 09:26:14,051 INFO  server.RaftServerConfigKeys (ConfUtils.java:logGet(43)) - raft.server.snapshot.auto.trigger.enabled = true (custom)
2019-07-13 09:26:14,051 INFO  server.RaftServerConfigKeys (ConfUtils.java:logGet(43)) - raft.server.snapshot.auto.trigger.threshold = 10000 (custom)
2019-07-13 09:26:14,051 INFO  server.RaftServerConfigKeys (ConfUtils.java:logGet(43)) - raft.server.retrycache.expirytime = 600000ms (custom)
2019-07-13 09:26:14,051 INFO  impl.RaftServerImpl (RaftServerImpl.java:start(180)) - 7dbc828f-eae1-4c39-8e5e-67ab191d64a2: start group-843503845BA9
2019-07-13 09:26:14,052 INFO  impl.RaftServerImpl (RaftServerImpl.java:setRole(171)) - 7dbc828f-eae1-4c39-8e5e-67ab191d64a2:group-843503845BA9 changes role from null to FOLLOWER at term 0 for startAsFollower
2019-07-13 09:26:14,052 INFO  impl.RoleInfo (RoleInfo.java:updateAndGet(143)) - 7dbc828f-eae1-4c39-8e5e-67ab191d64a2: start FollowerState
2019-07-13 09:26:14,054 INFO  util.JmxRegister (JmxRegister.java:tryRegister(44)) - Successfully registered JMX Bean with object name Ratis:service=RaftServer,group=group-843503845BA9,id=7dbc828f-eae1-4c39-8e5e-67ab191d64a2
2019-07-13 09:26:14,073 INFO  pipeline.PipelineStateManager (PipelineStateManager.java:addPipeline(56)) - Created pipeline Pipeline[ Id: 36acf9e8-ee7b-48f5-befb-843503845ba9, Nodes: 7dbc828f-eae1-4c39-8e5e-67ab191d64a2{ip: 192.168.69.96, host: trunk-nightly-hmp62-43275749, networkLocation: /default-rack, certSerialId: null}, Type:RATIS, Factor:ONE, State:OPEN]
2019-07-13 09:26:14,097 INFO  impl.RaftServerProxy (RaftServerProxy.java:addNew(89)) - 8e98056f-57f0-47b6-8eb5-fd3e17e41c5b: addNew group-9E30514A5EA5:[8e98056f-57f0-47b6-8eb5-fd3e17e41c5b:192.168.69.96:38732] returns group-9E30514A5EA5:java.util.concurrent.CompletableFuture@1ed6463b[Not completed]
2019-07-13 09:26:14,107 INFO  impl.RaftServerImpl (RaftServerImpl.java:<init>(93)) - 8e98056f-57f0-47b6-8eb5-fd3e17e41c5b: new RaftServerImpl for group-9E30514A5EA5:[8e98056f-57f0-47b6-8eb5-fd3e17e41c5b:192.168.69.96:38732] with ContainerStateMachine:uninitialized
2019-07-13 09:26:14,107 INFO  server.RaftServerConfigKeys (ConfUtils.java:logGet(43)) - raft.server.rpc.timeout.min = 5s (custom)
2019-07-13 09:26:14,107 INFO  server.RaftServerConfigKeys (ConfUtils.java:logGet(43)) - raft.server.rpc.timeout.max = 5200ms (custom)
2019-07-13 09:26:14,107 INFO  server.RaftServerConfigKeys (ConfUtils.java:logGet(43)) - raft.server.rpcslowness.timeout = 120s (custom)
2019-07-13 09:26:14,107 INFO  server.RaftServerConfigKeys (ConfUtils.java:logGet(43)) - raft.server.sleep.deviation.threshold = 300 (default)
2019-07-13 09:26:14,108 INFO  server.RaftServerConfigKeys (ConfUtils.java:logGet(43)) - raft.server.log.appender.install.snapshot.enabled = false (custom)
2019-07-13 09:26:14,108 INFO  impl.RaftServerImpl (ServerState.java:<init>(105)) - 8e98056f-57f0-47b6-8eb5-fd3e17e41c5b:group-9E30514A5EA5 ConfigurationManager, init=-1: [8e98056f-57f0-47b6-8eb5-fd3e17e41c5b:192.168.69.96:38732], old=null, confs=<EMPTY_MAP>
2019-07-13 09:26:14,108 INFO  server.RaftServerConfigKeys (ConfUtils.java:logGet(43)) - raft.server.storage.dir = [/tmp/workdir/hadoop-ozone/integration-test/target/test-dir/MiniOzoneClusterImpl-2dcec543-5fd7-4a84-bbd3-b374c7b8b407/datanode-4/data/ratis] (custom)
2019-07-13 09:26:14,109 INFO  storage.RaftStorageDirectory (RaftStorageDirectory.java:analyzeStorage(246)) - The storage directory /tmp/workdir/hadoop-ozone/integration-test/target/test-dir/MiniOzoneClusterImpl-2dcec543-5fd7-4a84-bbd3-b374c7b8b407/datanode-4/data/ratis/98141db8-53d8-418b-a252-9e30514a5ea5 does not exist. Creating ...
2019-07-13 09:26:14,129 INFO  storage.RaftStorageDirectory (RaftStorageDirectory.java:tryLock(328)) - Lock on /tmp/workdir/hadoop-ozone/integration-test/target/test-dir/MiniOzoneClusterImpl-2dcec543-5fd7-4a84-bbd3-b374c7b8b407/datanode-4/data/ratis/98141db8-53d8-418b-a252-9e30514a5ea5/in_use.lock acquired by nodename 3678@trunk-nightly-hmp62-43275749
2019-07-13 09:26:14,142 INFO  storage.RaftStorage (RaftStorage.java:format(72)) - Storage directory /tmp/workdir/hadoop-ozone/integration-test/target/test-dir/MiniOzoneClusterImpl-2dcec543-5fd7-4a84-bbd3-b374c7b8b407/datanode-4/data/ratis/98141db8-53d8-418b-a252-9e30514a5ea5 has been successfully formatted.
2019-07-13 09:26:14,143 INFO  ratis.ContainerStateMachine (ContainerStateMachine.java:loadSnapshot(200)) - The snapshot info is null.Setting the last applied index to:(t:0, i:~)
2019-07-13 09:26:14,143 INFO  server.RaftServerConfigKeys (ConfUtils.java:logGet(43)) - raft.server.leader.election.timeout = 120s (custom)
2019-07-13 09:26:14,143 INFO  server.RaftServerConfigKeys (ConfUtils.java:logGet(43)) - raft.server.log.use.memory = false (default)
2019-07-13 09:26:14,143 INFO  server.RaftServerConfigKeys (ConfUtils.java:logGet(43)) - raft.server.log.purge.gap = 1000000000 (custom)
2019-07-13 09:26:14,144 INFO  server.RaftServerConfigKeys (ConfUtils.java:logGet(43)) - raft.server.log.appender.buffer.byte-limit = 33554432 (custom)
2019-07-13 09:26:14,144 INFO  server.RaftServerConfigKeys (ConfUtils.java:logGet(43)) - raft.server.log.segment.size.max = 1048576 (custom)
2019-07-13 09:26:14,144 INFO  server.RaftServerConfigKeys (ConfUtils.java:logGet(43)) - raft.server.log.segment.cache.num.max = 2 (custom)
2019-07-13 09:26:14,144 INFO  segmented.SegmentedRaftLogWorker (SegmentedRaftLogWorker.java:<init>(172)) - new 8e98056f-57f0-47b6-8eb5-fd3e17e41c5b-SegmentedRaftLogWorker:Storage Directory /tmp/workdir/hadoop-ozone/integration-test/target/test-dir/MiniOzoneClusterImpl-2dcec543-5fd7-4a84-bbd3-b374c7b8b407/datanode-4/data/ratis/98141db8-53d8-418b-a252-9e30514a5ea5 for RaftStorage:Storage Directory /tmp/workdir/hadoop-ozone/integration-test/target/test-dir/MiniOzoneClusterImpl-2dcec543-5fd7-4a84-bbd3-b374c7b8b407/datanode-4/data/ratis/98141db8-53d8-418b-a252-9e30514a5ea5
2019-07-13 09:26:14,145 INFO  server.RaftServerConfigKeys (ConfUtils.java:logGet(43)) - raft.server.log.queue.byte-limit = 2147483647 (custom)
2019-07-13 09:26:14,145 INFO  server.RaftServerConfigKeys (ConfUtils.java:logGet(43)) - raft.server.log.queue.element-limit = 1024 (custom)
2019-07-13 09:26:14,145 INFO  server.RaftServerConfigKeys (ConfUtils.java:logGet(43)) - raft.server.log.segment.size.max = 1048576 (custom)
2019-07-13 09:26:14,145 INFO  server.RaftServerConfigKeys (ConfUtils.java:logGet(43)) - raft.server.log.preallocated.size = 16384 (custom)
2019-07-13 09:26:14,146 INFO  server.RaftServerConfigKeys (ConfUtils.java:logGet(43)) - raft.server.log.write.buffer.size = 33554432 (custom)
2019-07-13 09:26:14,146 INFO  server.RaftServerConfigKeys (ConfUtils.java:logGet(43)) - raft.server.log.force.sync.num = 128 (default)
2019-07-13 09:26:14,146 INFO  server.RaftServerConfigKeys (ConfUtils.java:logGet(43)) - raft.server.log.statemachine.data.sync = true (default)
2019-07-13 09:26:14,146 INFO  server.RaftServerConfigKeys (ConfUtils.java:logGet(43)) - raft.server.log.statemachine.data.sync.timeout = 10s (default)
2019-07-13 09:26:14,147 INFO  server.RaftServerConfigKeys (ConfUtils.java:logGet(43)) - raft.server.log.statemachine.data.sync.timeout.retry = -1 (default)
2019-07-13 09:26:14,147 INFO  server.RaftServerConfigKeys (ConfUtils.java:logGet(43)) - raft.server.log.statemachine.data.caching.enabled = true (custom)
2019-07-13 09:26:14,148 INFO  segmented.SegmentedRaftLogWorker (SegmentedRaftLogWorker.java:lambda$new$0(132)) - 8e98056f-57f0-47b6-8eb5-fd3e17e41c5b-SegmentedRaftLogWorker:Storage Directory /tmp/workdir/hadoop-ozone/integration-test/target/test-dir/MiniOzoneClusterImpl-2dcec543-5fd7-4a84-bbd3-b374c7b8b407/datanode-4/data/ratis/98141db8-53d8-418b-a252-9e30514a5ea5: flushIndex: setUnconditionally 0 -> -1
2019-07-13 09:26:14,148 INFO  server.RaftServerConfigKeys (ConfUtils.java:logGet(43)) - raft.server.snapshot.auto.trigger.enabled = true (custom)
2019-07-13 09:26:14,148 INFO  server.RaftServerConfigKeys (ConfUtils.java:logGet(43)) - raft.server.snapshot.auto.trigger.threshold = 10000 (custom)
2019-07-13 09:26:14,149 INFO  server.RaftServerConfigKeys (ConfUtils.java:logGet(43)) - raft.server.retrycache.expirytime = 600000ms (custom)
2019-07-13 09:26:14,149 INFO  impl.RaftServerImpl (RaftServerImpl.java:start(180)) - 8e98056f-57f0-47b6-8eb5-fd3e17e41c5b: start group-9E30514A5EA5
2019-07-13 09:26:14,149 INFO  impl.RaftServerImpl (RaftServerImpl.java:setRole(171)) - 8e98056f-57f0-47b6-8eb5-fd3e17e41c5b:group-9E30514A5EA5 changes role from null to FOLLOWER at term 0 for startAsFollower
2019-07-13 09:26:14,149 INFO  impl.RoleInfo (RoleInfo.java:updateAndGet(143)) - 8e98056f-57f0-47b6-8eb5-fd3e17e41c5b: start FollowerState
2019-07-13 09:26:14,150 INFO  util.JmxRegister (JmxRegister.java:tryRegister(44)) - Successfully registered JMX Bean with object name Ratis:service=RaftServer,group=group-9E30514A5EA5,id=8e98056f-57f0-47b6-8eb5-fd3e17e41c5b
2019-07-13 09:26:14,165 INFO  pipeline.PipelineStateManager (PipelineStateManager.java:addPipeline(56)) - Created pipeline Pipeline[ Id: 98141db8-53d8-418b-a252-9e30514a5ea5, Nodes: 8e98056f-57f0-47b6-8eb5-fd3e17e41c5b{ip: 192.168.69.96, host: trunk-nightly-hmp62-43275749, networkLocation: /default-rack, certSerialId: null}, Type:RATIS, Factor:ONE, State:OPEN]
2019-07-13 09:26:14,197 INFO  impl.RaftServerProxy (RaftServerProxy.java:addNew(89)) - 219dd85b-679e-417a-b78d-9527d8cee6a1: addNew group-1D499817FC2A:[219dd85b-679e-417a-b78d-9527d8cee6a1:192.168.69.96:39899] returns group-1D499817FC2A:java.util.concurrent.CompletableFuture@898c949[Not completed]
2019-07-13 09:26:14,199 INFO  impl.RaftServerImpl (RaftServerImpl.java:<init>(93)) - 219dd85b-679e-417a-b78d-9527d8cee6a1: new RaftServerImpl for group-1D499817FC2A:[219dd85b-679e-417a-b78d-9527d8cee6a1:192.168.69.96:39899] with ContainerStateMachine:uninitialized
2019-07-13 09:26:14,199 INFO  server.RaftServerConfigKeys (ConfUtils.java:logGet(43)) - raft.server.rpc.timeout.min = 5s (custom)
2019-07-13 09:26:14,200 INFO  server.RaftServerConfigKeys (ConfUtils.java:logGet(43)) - raft.server.rpc.timeout.max = 5200ms (custom)
2019-07-13 09:26:14,200 INFO  server.RaftServerConfigKeys (ConfUtils.java:logGet(43)) - raft.server.rpcslowness.timeout = 120s (custom)
2019-07-13 09:26:14,200 INFO  server.RaftServerConfigKeys (ConfUtils.java:logGet(43)) - raft.server.sleep.deviation.threshold = 300 (default)
2019-07-13 09:26:14,200 INFO  server.RaftServerConfigKeys (ConfUtils.java:logGet(43)) - raft.server.log.appender.install.snapshot.enabled = false (custom)
2019-07-13 09:26:14,200 INFO  impl.RaftServerImpl (ServerState.java:<init>(105)) - 219dd85b-679e-417a-b78d-9527d8cee6a1:group-1D499817FC2A ConfigurationManager, init=-1: [219dd85b-679e-417a-b78d-9527d8cee6a1:192.168.69.96:39899], old=null, confs=<EMPTY_MAP>
2019-07-13 09:26:14,201 INFO  server.RaftServerConfigKeys (ConfUtils.java:logGet(43)) - raft.server.storage.dir = [/tmp/workdir/hadoop-ozone/integration-test/target/test-dir/MiniOzoneClusterImpl-2dcec543-5fd7-4a84-bbd3-b374c7b8b407/datanode-6/data/ratis] (custom)
2019-07-13 09:26:14,201 INFO  storage.RaftStorageDirectory (RaftStorageDirectory.java:analyzeStorage(246)) - The storage directory /tmp/workdir/hadoop-ozone/integration-test/target/test-dir/MiniOzoneClusterImpl-2dcec543-5fd7-4a84-bbd3-b374c7b8b407/datanode-6/data/ratis/b33ceb0a-6058-4b66-9040-1d499817fc2a does not exist. Creating ...
2019-07-13 09:26:14,222 INFO  storage.RaftStorageDirectory (RaftStorageDirectory.java:tryLock(328)) - Lock on /tmp/workdir/hadoop-ozone/integration-test/target/test-dir/MiniOzoneClusterImpl-2dcec543-5fd7-4a84-bbd3-b374c7b8b407/datanode-6/data/ratis/b33ceb0a-6058-4b66-9040-1d499817fc2a/in_use.lock acquired by nodename 3678@trunk-nightly-hmp62-43275749
2019-07-13 09:26:14,255 INFO  storage.RaftStorage (RaftStorage.java:format(72)) - Storage directory /tmp/workdir/hadoop-ozone/integration-test/target/test-dir/MiniOzoneClusterImpl-2dcec543-5fd7-4a84-bbd3-b374c7b8b407/datanode-6/data/ratis/b33ceb0a-6058-4b66-9040-1d499817fc2a has been successfully formatted.
2019-07-13 09:26:14,256 INFO  ratis.ContainerStateMachine (ContainerStateMachine.java:loadSnapshot(200)) - The snapshot info is null.Setting the last applied index to:(t:0, i:~)
2019-07-13 09:26:14,256 INFO  server.RaftServerConfigKeys (ConfUtils.java:logGet(43)) - raft.server.leader.election.timeout = 120s (custom)
2019-07-13 09:26:14,256 INFO  server.RaftServerConfigKeys (ConfUtils.java:logGet(43)) - raft.server.log.use.memory = false (default)
2019-07-13 09:26:14,256 INFO  server.RaftServerConfigKeys (ConfUtils.java:logGet(43)) - raft.server.log.purge.gap = 1000000000 (custom)
2019-07-13 09:26:14,256 INFO  server.RaftServerConfigKeys (ConfUtils.java:logGet(43)) - raft.server.log.appender.buffer.byte-limit = 33554432 (custom)
2019-07-13 09:26:14,257 INFO  server.RaftServerConfigKeys (ConfUtils.java:logGet(43)) - raft.server.log.segment.size.max = 1048576 (custom)
2019-07-13 09:26:14,257 INFO  server.RaftServerConfigKeys (ConfUtils.java:logGet(43)) - raft.server.log.segment.cache.num.max = 2 (custom)
2019-07-13 09:26:14,257 INFO  segmented.SegmentedRaftLogWorker (SegmentedRaftLogWorker.java:<init>(172)) - new 219dd85b-679e-417a-b78d-9527d8cee6a1-SegmentedRaftLogWorker:Storage Directory /tmp/workdir/hadoop-ozone/integration-test/target/test-dir/MiniOzoneClusterImpl-2dcec543-5fd7-4a84-bbd3-b374c7b8b407/datanode-6/data/ratis/b33ceb0a-6058-4b66-9040-1d499817fc2a for RaftStorage:Storage Directory /tmp/workdir/hadoop-ozone/integration-test/target/test-dir/MiniOzoneClusterImpl-2dcec543-5fd7-4a84-bbd3-b374c7b8b407/datanode-6/data/ratis/b33ceb0a-6058-4b66-9040-1d499817fc2a
2019-07-13 09:26:14,257 INFO  server.RaftServerConfigKeys (ConfUtils.java:logGet(43)) - raft.server.log.queue.byte-limit = 2147483647 (custom)
2019-07-13 09:26:14,257 INFO  server.RaftServerConfigKeys (ConfUtils.java:logGet(43)) - raft.server.log.queue.element-limit = 1024 (custom)
2019-07-13 09:26:14,258 INFO  server.RaftServerConfigKeys (ConfUtils.java:logGet(43)) - raft.server.log.segment.size.max = 1048576 (custom)
2019-07-13 09:26:14,258 INFO  server.RaftServerConfigKeys (ConfUtils.java:logGet(43)) - raft.server.log.preallocated.size = 16384 (custom)
2019-07-13 09:26:14,258 INFO  server.RaftServerConfigKeys (ConfUtils.java:logGet(43)) - raft.server.log.write.buffer.size = 33554432 (custom)
2019-07-13 09:26:14,258 INFO  server.RaftServerConfigKeys (ConfUtils.java:logGet(43)) - raft.server.log.force.sync.num = 128 (default)
2019-07-13 09:26:14,259 INFO  server.RaftServerConfigKeys (ConfUtils.java:logGet(43)) - raft.server.log.statemachine.data.sync = true (default)
2019-07-13 09:26:14,259 INFO  server.RaftServerConfigKeys (ConfUtils.java:logGet(43)) - raft.server.log.statemachine.data.sync.timeout = 10s (default)
2019-07-13 09:26:14,259 INFO  server.RaftServerConfigKeys (ConfUtils.java:logGet(43)) - raft.server.log.statemachine.data.sync.timeout.retry = -1 (default)
2019-07-13 09:26:14,259 INFO  server.RaftServerConfigKeys (ConfUtils.java:logGet(43)) - raft.server.log.statemachine.data.caching.enabled = true (custom)
2019-07-13 09:26:14,260 INFO  segmented.SegmentedRaftLogWorker (SegmentedRaftLogWorker.java:lambda$new$0(132)) - 219dd85b-679e-417a-b78d-9527d8cee6a1-SegmentedRaftLogWorker:Storage Directory /tmp/workdir/hadoop-ozone/integration-test/target/test-dir/MiniOzoneClusterImpl-2dcec543-5fd7-4a84-bbd3-b374c7b8b407/datanode-6/data/ratis/b33ceb0a-6058-4b66-9040-1d499817fc2a: flushIndex: setUnconditionally 0 -> -1
2019-07-13 09:26:14,260 INFO  server.RaftServerConfigKeys (ConfUtils.java:logGet(43)) - raft.server.snapshot.auto.trigger.enabled = true (custom)
2019-07-13 09:26:14,260 INFO  server.RaftServerConfigKeys (ConfUtils.java:logGet(43)) - raft.server.snapshot.auto.trigger.threshold = 10000 (custom)
2019-07-13 09:26:14,261 INFO  server.RaftServerConfigKeys (ConfUtils.java:logGet(43)) - raft.server.retrycache.expirytime = 600000ms (custom)
2019-07-13 09:26:14,261 INFO  impl.RaftServerImpl (RaftServerImpl.java:start(180)) - 219dd85b-679e-417a-b78d-9527d8cee6a1: start group-1D499817FC2A
2019-07-13 09:26:14,261 INFO  impl.RaftServerImpl (RaftServerImpl.java:setRole(171)) - 219dd85b-679e-417a-b78d-9527d8cee6a1:group-1D499817FC2A changes role from null to FOLLOWER at term 0 for startAsFollower
2019-07-13 09:26:14,261 INFO  impl.RoleInfo (RoleInfo.java:updateAndGet(143)) - 219dd85b-679e-417a-b78d-9527d8cee6a1: start FollowerState
2019-07-13 09:26:14,262 INFO  util.JmxRegister (JmxRegister.java:tryRegister(44)) - Successfully registered JMX Bean with object name Ratis:service=RaftServer,group=group-1D499817FC2A,id=219dd85b-679e-417a-b78d-9527d8cee6a1
2019-07-13 09:26:14,280 INFO  pipeline.PipelineStateManager (PipelineStateManager.java:addPipeline(56)) - Created pipeline Pipeline[ Id: b33ceb0a-6058-4b66-9040-1d499817fc2a, Nodes: 219dd85b-679e-417a-b78d-9527d8cee6a1{ip: 192.168.69.96, host: trunk-nightly-hmp62-43275749, networkLocation: /default-rack, certSerialId: null}, Type:RATIS, Factor:ONE, State:OPEN]
2019-07-13 09:26:14,306 INFO  impl.RaftServerProxy (RaftServerProxy.java:addNew(89)) - d3b1e4ec-938b-429a-9ecf-2df7d003078e: addNew group-6F9E7C9867BD:[d3b1e4ec-938b-429a-9ecf-2df7d003078e:192.168.69.96:37802] returns group-6F9E7C9867BD:java.util.concurrent.CompletableFuture@12168c8f[Not completed]
2019-07-13 09:26:14,308 INFO  impl.RaftServerImpl (RaftServerImpl.java:<init>(93)) - d3b1e4ec-938b-429a-9ecf-2df7d003078e: new RaftServerImpl for group-6F9E7C9867BD:[d3b1e4ec-938b-429a-9ecf-2df7d003078e:192.168.69.96:37802] with ContainerStateMachine:uninitialized
2019-07-13 09:26:14,308 INFO  server.RaftServerConfigKeys (ConfUtils.java:logGet(43)) - raft.server.rpc.timeout.min = 5s (custom)
2019-07-13 09:26:14,308 INFO  server.RaftServerConfigKeys (ConfUtils.java:logGet(43)) - raft.server.rpc.timeout.max = 5200ms (custom)
2019-07-13 09:26:14,308 INFO  server.RaftServerConfigKeys (ConfUtils.java:logGet(43)) - raft.server.rpcslowness.timeout = 120s (custom)
2019-07-13 09:26:14,308 INFO  server.RaftServerConfigKeys (ConfUtils.java:logGet(43)) - raft.server.sleep.deviation.threshold = 300 (default)
2019-07-13 09:26:14,309 INFO  server.RaftServerConfigKeys (ConfUtils.java:logGet(43)) - raft.server.log.appender.install.snapshot.enabled = false (custom)
2019-07-13 09:26:14,309 INFO  impl.RaftServerImpl (ServerState.java:<init>(105)) - d3b1e4ec-938b-429a-9ecf-2df7d003078e:group-6F9E7C9867BD ConfigurationManager, init=-1: [d3b1e4ec-938b-429a-9ecf-2df7d003078e:192.168.69.96:37802], old=null, confs=<EMPTY_MAP>
2019-07-13 09:26:14,309 INFO  server.RaftServerConfigKeys (ConfUtils.java:logGet(43)) - raft.server.storage.dir = [/tmp/workdir/hadoop-ozone/integration-test/target/test-dir/MiniOzoneClusterImpl-2dcec543-5fd7-4a84-bbd3-b374c7b8b407/datanode-3/data/ratis] (custom)
2019-07-13 09:26:14,310 INFO  storage.RaftStorageDirectory (RaftStorageDirectory.java:analyzeStorage(246)) - The storage directory /tmp/workdir/hadoop-ozone/integration-test/target/test-dir/MiniOzoneClusterImpl-2dcec543-5fd7-4a84-bbd3-b374c7b8b407/datanode-3/data/ratis/062da27d-8966-4d70-8e8c-6f9e7c9867bd does not exist. Creating ...
2019-07-13 09:26:14,331 INFO  storage.RaftStorageDirectory (RaftStorageDirectory.java:tryLock(328)) - Lock on /tmp/workdir/hadoop-ozone/integration-test/target/test-dir/MiniOzoneClusterImpl-2dcec543-5fd7-4a84-bbd3-b374c7b8b407/datanode-3/data/ratis/062da27d-8966-4d70-8e8c-6f9e7c9867bd/in_use.lock acquired by nodename 3678@trunk-nightly-hmp62-43275749
2019-07-13 09:26:14,354 INFO  storage.RaftStorage (RaftStorage.java:format(72)) - Storage directory /tmp/workdir/hadoop-ozone/integration-test/target/test-dir/MiniOzoneClusterImpl-2dcec543-5fd7-4a84-bbd3-b374c7b8b407/datanode-3/data/ratis/062da27d-8966-4d70-8e8c-6f9e7c9867bd has been successfully formatted.
2019-07-13 09:26:14,355 INFO  ratis.ContainerStateMachine (ContainerStateMachine.java:loadSnapshot(200)) - The snapshot info is null.Setting the last applied index to:(t:0, i:~)
2019-07-13 09:26:14,355 INFO  server.RaftServerConfigKeys (ConfUtils.java:logGet(43)) - raft.server.leader.election.timeout = 120s (custom)
2019-07-13 09:26:14,355 INFO  server.RaftServerConfigKeys (ConfUtils.java:logGet(43)) - raft.server.log.use.memory = false (default)
2019-07-13 09:26:14,355 INFO  server.RaftServerConfigKeys (ConfUtils.java:logGet(43)) - raft.server.log.purge.gap = 1000000000 (custom)
2019-07-13 09:26:14,355 INFO  server.RaftServerConfigKeys (ConfUtils.java:logGet(43)) - raft.server.log.appender.buffer.byte-limit = 33554432 (custom)
2019-07-13 09:26:14,355 INFO  server.RaftServerConfigKeys (ConfUtils.java:logGet(43)) - raft.server.log.segment.size.max = 1048576 (custom)
2019-07-13 09:26:14,356 INFO  server.RaftServerConfigKeys (ConfUtils.java:logGet(43)) - raft.server.log.segment.cache.num.max = 2 (custom)
2019-07-13 09:26:14,356 INFO  segmented.SegmentedRaftLogWorker (SegmentedRaftLogWorker.java:<init>(172)) - new d3b1e4ec-938b-429a-9ecf-2df7d003078e-SegmentedRaftLogWorker:Storage Directory /tmp/workdir/hadoop-ozone/integration-test/target/test-dir/MiniOzoneClusterImpl-2dcec543-5fd7-4a84-bbd3-b374c7b8b407/datanode-3/data/ratis/062da27d-8966-4d70-8e8c-6f9e7c9867bd for RaftStorage:Storage Directory /tmp/workdir/hadoop-ozone/integration-test/target/test-dir/MiniOzoneClusterImpl-2dcec543-5fd7-4a84-bbd3-b374c7b8b407/datanode-3/data/ratis/062da27d-8966-4d70-8e8c-6f9e7c9867bd
2019-07-13 09:26:14,356 INFO  server.RaftServerConfigKeys (ConfUtils.java:logGet(43)) - raft.server.log.queue.byte-limit = 2147483647 (custom)
2019-07-13 09:26:14,356 INFO  server.RaftServerConfigKeys (ConfUtils.java:logGet(43)) - raft.server.log.queue.element-limit = 1024 (custom)
2019-07-13 09:26:14,357 INFO  server.RaftServerConfigKeys (ConfUtils.java:logGet(43)) - raft.server.log.segment.size.max = 1048576 (custom)
2019-07-13 09:26:14,357 INFO  server.RaftServerConfigKeys (ConfUtils.java:logGet(43)) - raft.server.log.preallocated.size = 16384 (custom)
2019-07-13 09:26:14,357 INFO  server.RaftServerConfigKeys (ConfUtils.java:logGet(43)) - raft.server.log.write.buffer.size = 33554432 (custom)
2019-07-13 09:26:14,357 INFO  server.RaftServerConfigKeys (ConfUtils.java:logGet(43)) - raft.server.log.force.sync.num = 128 (default)
2019-07-13 09:26:14,357 INFO  server.RaftServerConfigKeys (ConfUtils.java:logGet(43)) - raft.server.log.statemachine.data.sync = true (default)
2019-07-13 09:26:14,358 INFO  server.RaftServerConfigKeys (ConfUtils.java:logGet(43)) - raft.server.log.statemachine.data.sync.timeout = 10s (default)
2019-07-13 09:26:14,358 INFO  server.RaftServerConfigKeys (ConfUtils.java:logGet(43)) - raft.server.log.statemachine.data.sync.timeout.retry = -1 (default)
2019-07-13 09:26:14,358 INFO  server.RaftServerConfigKeys (ConfUtils.java:logGet(43)) - raft.server.log.statemachine.data.caching.enabled = true (custom)
2019-07-13 09:26:14,358 INFO  segmented.SegmentedRaftLogWorker (SegmentedRaftLogWorker.java:lambda$new$0(132)) - d3b1e4ec-938b-429a-9ecf-2df7d003078e-SegmentedRaftLogWorker:Storage Directory /tmp/workdir/hadoop-ozone/integration-test/target/test-dir/MiniOzoneClusterImpl-2dcec543-5fd7-4a84-bbd3-b374c7b8b407/datanode-3/data/ratis/062da27d-8966-4d70-8e8c-6f9e7c9867bd: flushIndex: setUnconditionally 0 -> -1
2019-07-13 09:26:14,359 INFO  server.RaftServerConfigKeys (ConfUtils.java:logGet(43)) - raft.server.snapshot.auto.trigger.enabled = true (custom)
2019-07-13 09:26:14,359 INFO  server.RaftServerConfigKeys (ConfUtils.java:logGet(43)) - raft.server.snapshot.auto.trigger.threshold = 10000 (custom)
2019-07-13 09:26:14,359 INFO  server.RaftServerConfigKeys (ConfUtils.java:logGet(43)) - raft.server.retrycache.expirytime = 600000ms (custom)
2019-07-13 09:26:14,360 INFO  impl.RaftServerImpl (RaftServerImpl.java:start(180)) - d3b1e4ec-938b-429a-9ecf-2df7d003078e: start group-6F9E7C9867BD
2019-07-13 09:26:14,360 INFO  impl.RaftServerImpl (RaftServerImpl.java:setRole(171)) - d3b1e4ec-938b-429a-9ecf-2df7d003078e:group-6F9E7C9867BD changes role from null to FOLLOWER at term 0 for startAsFollower
2019-07-13 09:26:14,360 INFO  impl.RoleInfo (RoleInfo.java:updateAndGet(143)) - d3b1e4ec-938b-429a-9ecf-2df7d003078e: start FollowerState
2019-07-13 09:26:14,361 INFO  util.JmxRegister (JmxRegister.java:tryRegister(44)) - Successfully registered JMX Bean with object name Ratis:service=RaftServer,group=group-6F9E7C9867BD,id=d3b1e4ec-938b-429a-9ecf-2df7d003078e
2019-07-13 09:26:14,376 INFO  pipeline.PipelineStateManager (PipelineStateManager.java:addPipeline(56)) - Created pipeline Pipeline[ Id: 062da27d-8966-4d70-8e8c-6f9e7c9867bd, Nodes: d3b1e4ec-938b-429a-9ecf-2df7d003078e{ip: 192.168.69.96, host: trunk-nightly-hmp62-43275749, networkLocation: /default-rack, certSerialId: null}, Type:RATIS, Factor:ONE, State:OPEN]
2019-07-13 09:26:14,404 INFO  impl.RaftServerProxy (RaftServerProxy.java:addNew(89)) - 83f43fcf-a984-4281-8ae3-f43af691a8ba: addNew group-278D535BF00A:[83f43fcf-a984-4281-8ae3-f43af691a8ba:192.168.69.96:38609] returns group-278D535BF00A:java.util.concurrent.CompletableFuture@2b9139c1[Not completed]
2019-07-13 09:26:14,406 INFO  impl.RaftServerImpl (RaftServerImpl.java:<init>(93)) - 83f43fcf-a984-4281-8ae3-f43af691a8ba: new RaftServerImpl for group-278D535BF00A:[83f43fcf-a984-4281-8ae3-f43af691a8ba:192.168.69.96:38609] with ContainerStateMachine:uninitialized
2019-07-13 09:26:14,406 INFO  server.RaftServerConfigKeys (ConfUtils.java:logGet(43)) - raft.server.rpc.timeout.min = 5s (custom)
2019-07-13 09:26:14,407 INFO  server.RaftServerConfigKeys (ConfUtils.java:logGet(43)) - raft.server.rpc.timeout.max = 5200ms (custom)
2019-07-13 09:26:14,407 INFO  server.RaftServerConfigKeys (ConfUtils.java:logGet(43)) - raft.server.rpcslowness.timeout = 120s (custom)
2019-07-13 09:26:14,407 INFO  server.RaftServerConfigKeys (ConfUtils.java:logGet(43)) - raft.server.sleep.deviation.threshold = 300 (default)
2019-07-13 09:26:14,407 INFO  server.RaftServerConfigKeys (ConfUtils.java:logGet(43)) - raft.server.log.appender.install.snapshot.enabled = false (custom)
2019-07-13 09:26:14,407 INFO  impl.RaftServerImpl (ServerState.java:<init>(105)) - 83f43fcf-a984-4281-8ae3-f43af691a8ba:group-278D535BF00A ConfigurationManager, init=-1: [83f43fcf-a984-4281-8ae3-f43af691a8ba:192.168.69.96:38609], old=null, confs=<EMPTY_MAP>
2019-07-13 09:26:14,408 INFO  server.RaftServerConfigKeys (ConfUtils.java:logGet(43)) - raft.server.storage.dir = [/tmp/workdir/hadoop-ozone/integration-test/target/test-dir/MiniOzoneClusterImpl-2dcec543-5fd7-4a84-bbd3-b374c7b8b407/datanode-1/data/ratis] (custom)
2019-07-13 09:26:14,408 INFO  storage.RaftStorageDirectory (RaftStorageDirectory.java:analyzeStorage(246)) - The storage directory /tmp/workdir/hadoop-ozone/integration-test/target/test-dir/MiniOzoneClusterImpl-2dcec543-5fd7-4a84-bbd3-b374c7b8b407/datanode-1/data/ratis/467892a3-7ecf-4311-90fd-278d535bf00a does not exist. Creating ...
2019-07-13 09:26:14,433 INFO  storage.RaftStorageDirectory (RaftStorageDirectory.java:tryLock(328)) - Lock on /tmp/workdir/hadoop-ozone/integration-test/target/test-dir/MiniOzoneClusterImpl-2dcec543-5fd7-4a84-bbd3-b374c7b8b407/datanode-1/data/ratis/467892a3-7ecf-4311-90fd-278d535bf00a/in_use.lock acquired by nodename 3678@trunk-nightly-hmp62-43275749
2019-07-13 09:26:14,446 INFO  storage.RaftStorage (RaftStorage.java:format(72)) - Storage directory /tmp/workdir/hadoop-ozone/integration-test/target/test-dir/MiniOzoneClusterImpl-2dcec543-5fd7-4a84-bbd3-b374c7b8b407/datanode-1/data/ratis/467892a3-7ecf-4311-90fd-278d535bf00a has been successfully formatted.
2019-07-13 09:26:14,447 INFO  ratis.ContainerStateMachine (ContainerStateMachine.java:loadSnapshot(200)) - The snapshot info is null.Setting the last applied index to:(t:0, i:~)
2019-07-13 09:26:14,447 INFO  server.RaftServerConfigKeys (ConfUtils.java:logGet(43)) - raft.server.leader.election.timeout = 120s (custom)
2019-07-13 09:26:14,447 INFO  server.RaftServerConfigKeys (ConfUtils.java:logGet(43)) - raft.server.log.use.memory = false (default)
2019-07-13 09:26:14,447 INFO  server.RaftServerConfigKeys (ConfUtils.java:logGet(43)) - raft.server.log.purge.gap = 1000000000 (custom)
2019-07-13 09:26:14,448 INFO  server.RaftServerConfigKeys (ConfUtils.java:logGet(43)) - raft.server.log.appender.buffer.byte-limit = 33554432 (custom)
2019-07-13 09:26:14,448 INFO  server.RaftServerConfigKeys (ConfUtils.java:logGet(43)) - raft.server.log.segment.size.max = 1048576 (custom)
2019-07-13 09:26:14,448 INFO  server.RaftServerConfigKeys (ConfUtils.java:logGet(43)) - raft.server.log.segment.cache.num.max = 2 (custom)
2019-07-13 09:26:14,448 INFO  segmented.SegmentedRaftLogWorker (SegmentedRaftLogWorker.java:<init>(172)) - new 83f43fcf-a984-4281-8ae3-f43af691a8ba-SegmentedRaftLogWorker:Storage Directory /tmp/workdir/hadoop-ozone/integration-test/target/test-dir/MiniOzoneClusterImpl-2dcec543-5fd7-4a84-bbd3-b374c7b8b407/datanode-1/data/ratis/467892a3-7ecf-4311-90fd-278d535bf00a for RaftStorage:Storage Directory /tmp/workdir/hadoop-ozone/integration-test/target/test-dir/MiniOzoneClusterImpl-2dcec543-5fd7-4a84-bbd3-b374c7b8b407/datanode-1/data/ratis/467892a3-7ecf-4311-90fd-278d535bf00a
2019-07-13 09:26:14,449 INFO  server.RaftServerConfigKeys (ConfUtils.java:logGet(43)) - raft.server.log.queue.byte-limit = 2147483647 (custom)
2019-07-13 09:26:14,449 INFO  server.RaftServerConfigKeys (ConfUtils.java:logGet(43)) - raft.server.log.queue.element-limit = 1024 (custom)
2019-07-13 09:26:14,449 INFO  server.RaftServerConfigKeys (ConfUtils.java:logGet(43)) - raft.server.log.segment.size.max = 1048576 (custom)
2019-07-13 09:26:14,449 INFO  server.RaftServerConfigKeys (ConfUtils.java:logGet(43)) - raft.server.log.preallocated.size = 16384 (custom)
2019-07-13 09:26:14,449 INFO  server.RaftServerConfigKeys (ConfUtils.java:logGet(43)) - raft.server.log.write.buffer.size = 33554432 (custom)
2019-07-13 09:26:14,450 INFO  server.RaftServerConfigKeys (ConfUtils.java:logGet(43)) - raft.server.log.force.sync.num = 128 (default)
2019-07-13 09:26:14,450 INFO  server.RaftServerConfigKeys (ConfUtils.java:logGet(43)) - raft.server.log.statemachine.data.sync = true (default)
2019-07-13 09:26:14,450 INFO  server.RaftServerConfigKeys (ConfUtils.java:logGet(43)) - raft.server.log.statemachine.data.sync.timeout = 10s (default)
2019-07-13 09:26:14,450 INFO  server.RaftServerConfigKeys (ConfUtils.java:logGet(43)) - raft.server.log.statemachine.data.sync.timeout.retry = -1 (default)
2019-07-13 09:26:14,451 INFO  server.RaftServerConfigKeys (ConfUtils.java:logGet(43)) - raft.server.log.statemachine.data.caching.enabled = true (custom)
2019-07-13 09:26:14,451 INFO  segmented.SegmentedRaftLogWorker (SegmentedRaftLogWorker.java:lambda$new$0(132)) - 83f43fcf-a984-4281-8ae3-f43af691a8ba-SegmentedRaftLogWorker:Storage Directory /tmp/workdir/hadoop-ozone/integration-test/target/test-dir/MiniOzoneClusterImpl-2dcec543-5fd7-4a84-bbd3-b374c7b8b407/datanode-1/data/ratis/467892a3-7ecf-4311-90fd-278d535bf00a: flushIndex: setUnconditionally 0 -> -1
2019-07-13 09:26:14,451 INFO  server.RaftServerConfigKeys (ConfUtils.java:logGet(43)) - raft.server.snapshot.auto.trigger.enabled = true (custom)
2019-07-13 09:26:14,452 INFO  server.RaftServerConfigKeys (ConfUtils.java:logGet(43)) - raft.server.snapshot.auto.trigger.threshold = 10000 (custom)
2019-07-13 09:26:14,452 INFO  server.RaftServerConfigKeys (ConfUtils.java:logGet(43)) - raft.server.retrycache.expirytime = 600000ms (custom)
2019-07-13 09:26:14,452 INFO  impl.RaftServerImpl (RaftServerImpl.java:start(180)) - 83f43fcf-a984-4281-8ae3-f43af691a8ba: start group-278D535BF00A
2019-07-13 09:26:14,452 INFO  impl.RaftServerImpl (RaftServerImpl.java:setRole(171)) - 83f43fcf-a984-4281-8ae3-f43af691a8ba:group-278D535BF00A changes role from null to FOLLOWER at term 0 for startAsFollower
2019-07-13 09:26:14,452 INFO  impl.RoleInfo (RoleInfo.java:updateAndGet(143)) - 83f43fcf-a984-4281-8ae3-f43af691a8ba: start FollowerState
2019-07-13 09:26:14,453 INFO  util.JmxRegister (JmxRegister.java:tryRegister(44)) - Successfully registered JMX Bean with object name Ratis:service=RaftServer,group=group-278D535BF00A,id=83f43fcf-a984-4281-8ae3-f43af691a8ba
2019-07-13 09:26:14,468 INFO  pipeline.PipelineStateManager (PipelineStateManager.java:addPipeline(56)) - Created pipeline Pipeline[ Id: 467892a3-7ecf-4311-90fd-278d535bf00a, Nodes: 83f43fcf-a984-4281-8ae3-f43af691a8ba{ip: 192.168.69.96, host: trunk-nightly-hmp62-43275749, networkLocation: /default-rack, certSerialId: null}, Type:RATIS, Factor:ONE, State:OPEN]
2019-07-13 09:26:14,488 INFO  impl.RaftServerProxy (RaftServerProxy.java:addNew(89)) - 9b4cff66-0aab-4af9-b8b1-38945e030732: addNew group-9009A398CC1D:[9b4cff66-0aab-4af9-b8b1-38945e030732:192.168.69.96:36369] returns group-9009A398CC1D:java.util.concurrent.CompletableFuture@18c41994[Not completed]
2019-07-13 09:26:14,490 INFO  impl.RaftServerImpl (RaftServerImpl.java:<init>(93)) - 9b4cff66-0aab-4af9-b8b1-38945e030732: new RaftServerImpl for group-9009A398CC1D:[9b4cff66-0aab-4af9-b8b1-38945e030732:192.168.69.96:36369] with ContainerStateMachine:uninitialized
2019-07-13 09:26:14,490 INFO  server.RaftServerConfigKeys (ConfUtils.java:logGet(43)) - raft.server.rpc.timeout.min = 5s (custom)
2019-07-13 09:26:14,490 INFO  server.RaftServerConfigKeys (ConfUtils.java:logGet(43)) - raft.server.rpc.timeout.max = 5200ms (custom)
2019-07-13 09:26:14,490 INFO  server.RaftServerConfigKeys (ConfUtils.java:logGet(43)) - raft.server.rpcslowness.timeout = 120s (custom)
2019-07-13 09:26:14,490 INFO  server.RaftServerConfigKeys (ConfUtils.java:logGet(43)) - raft.server.sleep.deviation.threshold = 300 (default)
2019-07-13 09:26:14,491 INFO  server.RaftServerConfigKeys (ConfUtils.java:logGet(43)) - raft.server.log.appender.install.snapshot.enabled = false (custom)
2019-07-13 09:26:14,491 INFO  impl.RaftServerImpl (ServerState.java:<init>(105)) - 9b4cff66-0aab-4af9-b8b1-38945e030732:group-9009A398CC1D ConfigurationManager, init=-1: [9b4cff66-0aab-4af9-b8b1-38945e030732:192.168.69.96:36369], old=null, confs=<EMPTY_MAP>
2019-07-13 09:26:14,491 INFO  server.RaftServerConfigKeys (ConfUtils.java:logGet(43)) - raft.server.storage.dir = [/tmp/workdir/hadoop-ozone/integration-test/target/test-dir/MiniOzoneClusterImpl-2dcec543-5fd7-4a84-bbd3-b374c7b8b407/datanode-2/data/ratis] (custom)
2019-07-13 09:26:14,492 INFO  storage.RaftStorageDirectory (RaftStorageDirectory.java:analyzeStorage(246)) - The storage directory /tmp/workdir/hadoop-ozone/integration-test/target/test-dir/MiniOzoneClusterImpl-2dcec543-5fd7-4a84-bbd3-b374c7b8b407/datanode-2/data/ratis/f5e03488-b210-42f2-a2b3-9009a398cc1d does not exist. Creating ...
2019-07-13 09:26:14,524 INFO  storage.RaftStorageDirectory (RaftStorageDirectory.java:tryLock(328)) - Lock on /tmp/workdir/hadoop-ozone/integration-test/target/test-dir/MiniOzoneClusterImpl-2dcec543-5fd7-4a84-bbd3-b374c7b8b407/datanode-2/data/ratis/f5e03488-b210-42f2-a2b3-9009a398cc1d/in_use.lock acquired by nodename 3678@trunk-nightly-hmp62-43275749
2019-07-13 09:26:14,546 INFO  storage.RaftStorage (RaftStorage.java:format(72)) - Storage directory /tmp/workdir/hadoop-ozone/integration-test/target/test-dir/MiniOzoneClusterImpl-2dcec543-5fd7-4a84-bbd3-b374c7b8b407/datanode-2/data/ratis/f5e03488-b210-42f2-a2b3-9009a398cc1d has been successfully formatted.
2019-07-13 09:26:14,546 INFO  ratis.ContainerStateMachine (ContainerStateMachine.java:loadSnapshot(200)) - The snapshot info is null.Setting the last applied index to:(t:0, i:~)
2019-07-13 09:26:14,546 INFO  server.RaftServerConfigKeys (ConfUtils.java:logGet(43)) - raft.server.leader.election.timeout = 120s (custom)
2019-07-13 09:26:14,547 INFO  server.RaftServerConfigKeys (ConfUtils.java:logGet(43)) - raft.server.log.use.memory = false (default)
2019-07-13 09:26:14,547 INFO  server.RaftServerConfigKeys (ConfUtils.java:logGet(43)) - raft.server.log.purge.gap = 1000000000 (custom)
2019-07-13 09:26:14,547 INFO  server.RaftServerConfigKeys (ConfUtils.java:logGet(43)) - raft.server.log.appender.buffer.byte-limit = 33554432 (custom)
2019-07-13 09:26:14,547 INFO  server.RaftServerConfigKeys (ConfUtils.java:logGet(43)) - raft.server.log.segment.size.max = 1048576 (custom)
2019-07-13 09:26:14,547 INFO  server.RaftServerConfigKeys (ConfUtils.java:logGet(43)) - raft.server.log.segment.cache.num.max = 2 (custom)
2019-07-13 09:26:14,548 INFO  segmented.SegmentedRaftLogWorker (SegmentedRaftLogWorker.java:<init>(172)) - new 9b4cff66-0aab-4af9-b8b1-38945e030732-SegmentedRaftLogWorker:Storage Directory /tmp/workdir/hadoop-ozone/integration-test/target/test-dir/MiniOzoneClusterImpl-2dcec543-5fd7-4a84-bbd3-b374c7b8b407/datanode-2/data/ratis/f5e03488-b210-42f2-a2b3-9009a398cc1d for RaftStorage:Storage Directory /tmp/workdir/hadoop-ozone/integration-test/target/test-dir/MiniOzoneClusterImpl-2dcec543-5fd7-4a84-bbd3-b374c7b8b407/datanode-2/data/ratis/f5e03488-b210-42f2-a2b3-9009a398cc1d
2019-07-13 09:26:14,548 INFO  server.RaftServerConfigKeys (ConfUtils.java:logGet(43)) - raft.server.log.queue.byte-limit = 2147483647 (custom)
2019-07-13 09:26:14,548 INFO  server.RaftServerConfigKeys (ConfUtils.java:logGet(43)) - raft.server.log.queue.element-limit = 1024 (custom)
2019-07-13 09:26:14,548 INFO  server.RaftServerConfigKeys (ConfUtils.java:logGet(43)) - raft.server.log.segment.size.max = 1048576 (custom)
2019-07-13 09:26:14,549 INFO  server.RaftServerConfigKeys (ConfUtils.java:logGet(43)) - raft.server.log.preallocated.size = 16384 (custom)
2019-07-13 09:26:14,549 INFO  server.RaftServerConfigKeys (ConfUtils.java:logGet(43)) - raft.server.log.write.buffer.size = 33554432 (custom)
2019-07-13 09:26:14,549 INFO  server.RaftServerConfigKeys (ConfUtils.java:logGet(43)) - raft.server.log.force.sync.num = 128 (default)
2019-07-13 09:26:14,549 INFO  server.RaftServerConfigKeys (ConfUtils.java:logGet(43)) - raft.server.log.statemachine.data.sync = true (default)
2019-07-13 09:26:14,549 INFO  server.RaftServerConfigKeys (ConfUtils.java:logGet(43)) - raft.server.log.statemachine.data.sync.timeout = 10s (default)
2019-07-13 09:26:14,550 INFO  server.RaftServerConfigKeys (ConfUtils.java:logGet(43)) - raft.server.log.statemachine.data.sync.timeout.retry = -1 (default)
2019-07-13 09:26:14,550 INFO  server.RaftServerConfigKeys (ConfUtils.java:logGet(43)) - raft.server.log.statemachine.data.caching.enabled = true (custom)
2019-07-13 09:26:14,550 INFO  segmented.SegmentedRaftLogWorker (SegmentedRaftLogWorker.java:lambda$new$0(132)) - 9b4cff66-0aab-4af9-b8b1-38945e030732-SegmentedRaftLogWorker:Storage Directory /tmp/workdir/hadoop-ozone/integration-test/target/test-dir/MiniOzoneClusterImpl-2dcec543-5fd7-4a84-bbd3-b374c7b8b407/datanode-2/data/ratis/f5e03488-b210-42f2-a2b3-9009a398cc1d: flushIndex: setUnconditionally 0 -> -1
2019-07-13 09:26:14,551 INFO  server.RaftServerConfigKeys (ConfUtils.java:logGet(43)) - raft.server.snapshot.auto.trigger.enabled = true (custom)
2019-07-13 09:26:14,551 INFO  server.RaftServerConfigKeys (ConfUtils.java:logGet(43)) - raft.server.snapshot.auto.trigger.threshold = 10000 (custom)
2019-07-13 09:26:14,552 INFO  server.RaftServerConfigKeys (ConfUtils.java:logGet(43)) - raft.server.retrycache.expirytime = 600000ms (custom)
2019-07-13 09:26:14,552 INFO  impl.RaftServerImpl (RaftServerImpl.java:start(180)) - 9b4cff66-0aab-4af9-b8b1-38945e030732: start group-9009A398CC1D
2019-07-13 09:26:14,552 INFO  impl.RaftServerImpl (RaftServerImpl.java:setRole(171)) - 9b4cff66-0aab-4af9-b8b1-38945e030732:group-9009A398CC1D changes role from null to FOLLOWER at term 0 for startAsFollower
2019-07-13 09:26:14,552 INFO  impl.RoleInfo (RoleInfo.java:updateAndGet(143)) - 9b4cff66-0aab-4af9-b8b1-38945e030732: start FollowerState
2019-07-13 09:26:14,553 INFO  util.JmxRegister (JmxRegister.java:tryRegister(44)) - Successfully registered JMX Bean with object name Ratis:service=RaftServer,group=group-9009A398CC1D,id=9b4cff66-0aab-4af9-b8b1-38945e030732
2019-07-13 09:26:14,574 INFO  pipeline.PipelineStateManager (PipelineStateManager.java:addPipeline(56)) - Created pipeline Pipeline[ Id: f5e03488-b210-42f2-a2b3-9009a398cc1d, Nodes: 9b4cff66-0aab-4af9-b8b1-38945e030732{ip: 192.168.69.96, host: trunk-nightly-hmp62-43275749, networkLocation: /default-rack, certSerialId: null}, Type:RATIS, Factor:ONE, State:OPEN]
2019-07-13 09:26:14,615 INFO  impl.RaftServerProxy (RaftServerProxy.java:addNew(89)) - 8e98056f-57f0-47b6-8eb5-fd3e17e41c5b: addNew group-D6172F60DFF0:[e43469d1-feeb-4337-b3a6-c41c4697ae96:192.168.69.96:37743, 8e98056f-57f0-47b6-8eb5-fd3e17e41c5b:192.168.69.96:38732, 7dbc828f-eae1-4c39-8e5e-67ab191d64a2:192.168.69.96:44397] returns group-D6172F60DFF0:java.util.concurrent.CompletableFuture@26831c3b[Not completed]
2019-07-13 09:26:14,616 INFO  impl.RaftServerProxy (RaftServerProxy.java:addNew(89)) - 7dbc828f-eae1-4c39-8e5e-67ab191d64a2: addNew group-D6172F60DFF0:[e43469d1-feeb-4337-b3a6-c41c4697ae96:192.168.69.96:37743, 8e98056f-57f0-47b6-8eb5-fd3e17e41c5b:192.168.69.96:38732, 7dbc828f-eae1-4c39-8e5e-67ab191d64a2:192.168.69.96:44397] returns group-D6172F60DFF0:java.util.concurrent.CompletableFuture@7f2d0c96[Not completed]
2019-07-13 09:26:14,617 INFO  impl.RaftServerImpl (RaftServerImpl.java:<init>(93)) - 8e98056f-57f0-47b6-8eb5-fd3e17e41c5b: new RaftServerImpl for group-D6172F60DFF0:[e43469d1-feeb-4337-b3a6-c41c4697ae96:192.168.69.96:37743, 8e98056f-57f0-47b6-8eb5-fd3e17e41c5b:192.168.69.96:38732, 7dbc828f-eae1-4c39-8e5e-67ab191d64a2:192.168.69.96:44397] with ContainerStateMachine:uninitialized
2019-07-13 09:26:14,617 INFO  server.RaftServerConfigKeys (ConfUtils.java:logGet(43)) - raft.server.rpc.timeout.min = 5s (custom)
2019-07-13 09:26:14,617 INFO  server.RaftServerConfigKeys (ConfUtils.java:logGet(43)) - raft.server.rpc.timeout.max = 5200ms (custom)
2019-07-13 09:26:14,618 INFO  server.RaftServerConfigKeys (ConfUtils.java:logGet(43)) - raft.server.rpcslowness.timeout = 120s (custom)
2019-07-13 09:26:14,618 INFO  server.RaftServerConfigKeys (ConfUtils.java:logGet(43)) - raft.server.sleep.deviation.threshold = 300 (default)
2019-07-13 09:26:14,618 INFO  server.RaftServerConfigKeys (ConfUtils.java:logGet(43)) - raft.server.log.appender.install.snapshot.enabled = false (custom)
2019-07-13 09:26:14,618 INFO  impl.RaftServerImpl (ServerState.java:<init>(105)) - 8e98056f-57f0-47b6-8eb5-fd3e17e41c5b:group-D6172F60DFF0 ConfigurationManager, init=-1: [e43469d1-feeb-4337-b3a6-c41c4697ae96:192.168.69.96:37743, 8e98056f-57f0-47b6-8eb5-fd3e17e41c5b:192.168.69.96:38732, 7dbc828f-eae1-4c39-8e5e-67ab191d64a2:192.168.69.96:44397], old=null, confs=<EMPTY_MAP>
2019-07-13 09:26:14,618 INFO  impl.RaftServerImpl (RaftServerImpl.java:<init>(93)) - 7dbc828f-eae1-4c39-8e5e-67ab191d64a2: new RaftServerImpl for group-D6172F60DFF0:[e43469d1-feeb-4337-b3a6-c41c4697ae96:192.168.69.96:37743, 8e98056f-57f0-47b6-8eb5-fd3e17e41c5b:192.168.69.96:38732, 7dbc828f-eae1-4c39-8e5e-67ab191d64a2:192.168.69.96:44397] with ContainerStateMachine:uninitialized
2019-07-13 09:26:14,618 INFO  server.RaftServerConfigKeys (ConfUtils.java:logGet(43)) - raft.server.storage.dir = [/tmp/workdir/hadoop-ozone/integration-test/target/test-dir/MiniOzoneClusterImpl-2dcec543-5fd7-4a84-bbd3-b374c7b8b407/datanode-4/data/ratis] (custom)
2019-07-13 09:26:14,620 INFO  server.RaftServerConfigKeys (ConfUtils.java:logGet(43)) - raft.server.rpc.timeout.min = 5s (custom)
2019-07-13 09:26:14,620 INFO  server.RaftServerConfigKeys (ConfUtils.java:logGet(43)) - raft.server.rpc.timeout.max = 5200ms (custom)
2019-07-13 09:26:14,620 INFO  storage.RaftStorageDirectory (RaftStorageDirectory.java:analyzeStorage(246)) - The storage directory /tmp/workdir/hadoop-ozone/integration-test/target/test-dir/MiniOzoneClusterImpl-2dcec543-5fd7-4a84-bbd3-b374c7b8b407/datanode-4/data/ratis/08836f28-13a9-4a61-a393-d6172f60dff0 does not exist. Creating ...
2019-07-13 09:26:14,621 INFO  server.RaftServerConfigKeys (ConfUtils.java:logGet(43)) - raft.server.rpcslowness.timeout = 120s (custom)
2019-07-13 09:26:14,621 INFO  impl.RaftServerProxy (RaftServerProxy.java:addNew(89)) - e43469d1-feeb-4337-b3a6-c41c4697ae96: addNew group-D6172F60DFF0:[e43469d1-feeb-4337-b3a6-c41c4697ae96:192.168.69.96:37743, 8e98056f-57f0-47b6-8eb5-fd3e17e41c5b:192.168.69.96:38732, 7dbc828f-eae1-4c39-8e5e-67ab191d64a2:192.168.69.96:44397] returns group-D6172F60DFF0:java.util.concurrent.CompletableFuture@3a2f9d17[Not completed]
2019-07-13 09:26:14,621 INFO  server.RaftServerConfigKeys (ConfUtils.java:logGet(43)) - raft.server.sleep.deviation.threshold = 300 (default)
2019-07-13 09:26:14,621 INFO  server.RaftServerConfigKeys (ConfUtils.java:logGet(43)) - raft.server.log.appender.install.snapshot.enabled = false (custom)
2019-07-13 09:26:14,621 INFO  impl.RaftServerImpl (ServerState.java:<init>(105)) - 7dbc828f-eae1-4c39-8e5e-67ab191d64a2:group-D6172F60DFF0 ConfigurationManager, init=-1: [e43469d1-feeb-4337-b3a6-c41c4697ae96:192.168.69.96:37743, 8e98056f-57f0-47b6-8eb5-fd3e17e41c5b:192.168.69.96:38732, 7dbc828f-eae1-4c39-8e5e-67ab191d64a2:192.168.69.96:44397], old=null, confs=<EMPTY_MAP>
2019-07-13 09:26:14,622 INFO  server.RaftServerConfigKeys (ConfUtils.java:logGet(43)) - raft.server.storage.dir = [/tmp/workdir/hadoop-ozone/integration-test/target/test-dir/MiniOzoneClusterImpl-2dcec543-5fd7-4a84-bbd3-b374c7b8b407/datanode-5/data/ratis] (custom)
2019-07-13 09:26:14,622 INFO  impl.RaftServerImpl (RaftServerImpl.java:<init>(93)) - e43469d1-feeb-4337-b3a6-c41c4697ae96: new RaftServerImpl for group-D6172F60DFF0:[e43469d1-feeb-4337-b3a6-c41c4697ae96:192.168.69.96:37743, 8e98056f-57f0-47b6-8eb5-fd3e17e41c5b:192.168.69.96:38732, 7dbc828f-eae1-4c39-8e5e-67ab191d64a2:192.168.69.96:44397] with ContainerStateMachine:uninitialized
2019-07-13 09:26:14,622 INFO  storage.RaftStorageDirectory (RaftStorageDirectory.java:analyzeStorage(246)) - The storage directory /tmp/workdir/hadoop-ozone/integration-test/target/test-dir/MiniOzoneClusterImpl-2dcec543-5fd7-4a84-bbd3-b374c7b8b407/datanode-5/data/ratis/08836f28-13a9-4a61-a393-d6172f60dff0 does not exist. Creating ...
2019-07-13 09:26:14,622 INFO  server.RaftServerConfigKeys (ConfUtils.java:logGet(43)) - raft.server.rpc.timeout.min = 5s (custom)
2019-07-13 09:26:14,623 INFO  server.RaftServerConfigKeys (ConfUtils.java:logGet(43)) - raft.server.rpc.timeout.max = 5200ms (custom)
2019-07-13 09:26:14,623 INFO  server.RaftServerConfigKeys (ConfUtils.java:logGet(43)) - raft.server.rpcslowness.timeout = 120s (custom)
2019-07-13 09:26:14,623 INFO  server.RaftServerConfigKeys (ConfUtils.java:logGet(43)) - raft.server.sleep.deviation.threshold = 300 (default)
2019-07-13 09:26:14,623 INFO  server.RaftServerConfigKeys (ConfUtils.java:logGet(43)) - raft.server.log.appender.install.snapshot.enabled = false (custom)
2019-07-13 09:26:14,623 INFO  impl.RaftServerImpl (ServerState.java:<init>(105)) - e43469d1-feeb-4337-b3a6-c41c4697ae96:group-D6172F60DFF0 ConfigurationManager, init=-1: [e43469d1-feeb-4337-b3a6-c41c4697ae96:192.168.69.96:37743, 8e98056f-57f0-47b6-8eb5-fd3e17e41c5b:192.168.69.96:38732, 7dbc828f-eae1-4c39-8e5e-67ab191d64a2:192.168.69.96:44397], old=null, confs=<EMPTY_MAP>
2019-07-13 09:26:14,623 INFO  server.RaftServerConfigKeys (ConfUtils.java:logGet(43)) - raft.server.storage.dir = [/tmp/workdir/hadoop-ozone/integration-test/target/test-dir/MiniOzoneClusterImpl-2dcec543-5fd7-4a84-bbd3-b374c7b8b407/datanode-0/data/ratis] (custom)
2019-07-13 09:26:14,624 INFO  storage.RaftStorageDirectory (RaftStorageDirectory.java:analyzeStorage(246)) - The storage directory /tmp/workdir/hadoop-ozone/integration-test/target/test-dir/MiniOzoneClusterImpl-2dcec543-5fd7-4a84-bbd3-b374c7b8b407/datanode-0/data/ratis/08836f28-13a9-4a61-a393-d6172f60dff0 does not exist. Creating ...
2019-07-13 09:26:14,648 INFO  storage.RaftStorageDirectory (RaftStorageDirectory.java:tryLock(328)) - Lock on /tmp/workdir/hadoop-ozone/integration-test/target/test-dir/MiniOzoneClusterImpl-2dcec543-5fd7-4a84-bbd3-b374c7b8b407/datanode-4/data/ratis/08836f28-13a9-4a61-a393-d6172f60dff0/in_use.lock acquired by nodename 3678@trunk-nightly-hmp62-43275749
2019-07-13 09:26:14,648 INFO  storage.RaftStorageDirectory (RaftStorageDirectory.java:tryLock(328)) - Lock on /tmp/workdir/hadoop-ozone/integration-test/target/test-dir/MiniOzoneClusterImpl-2dcec543-5fd7-4a84-bbd3-b374c7b8b407/datanode-0/data/ratis/08836f28-13a9-4a61-a393-d6172f60dff0/in_use.lock acquired by nodename 3678@trunk-nightly-hmp62-43275749
2019-07-13 09:26:14,648 INFO  storage.RaftStorageDirectory (RaftStorageDirectory.java:tryLock(328)) - Lock on /tmp/workdir/hadoop-ozone/integration-test/target/test-dir/MiniOzoneClusterImpl-2dcec543-5fd7-4a84-bbd3-b374c7b8b407/datanode-5/data/ratis/08836f28-13a9-4a61-a393-d6172f60dff0/in_use.lock acquired by nodename 3678@trunk-nightly-hmp62-43275749
2019-07-13 09:26:14,662 INFO  storage.RaftStorage (RaftStorage.java:format(72)) - Storage directory /tmp/workdir/hadoop-ozone/integration-test/target/test-dir/MiniOzoneClusterImpl-2dcec543-5fd7-4a84-bbd3-b374c7b8b407/datanode-4/data/ratis/08836f28-13a9-4a61-a393-d6172f60dff0 has been successfully formatted.
2019-07-13 09:26:14,662 INFO  storage.RaftStorage (RaftStorage.java:format(72)) - Storage directory /tmp/workdir/hadoop-ozone/integration-test/target/test-dir/MiniOzoneClusterImpl-2dcec543-5fd7-4a84-bbd3-b374c7b8b407/datanode-0/data/ratis/08836f28-13a9-4a61-a393-d6172f60dff0 has been successfully formatted.
2019-07-13 09:26:14,662 INFO  storage.RaftStorage (RaftStorage.java:format(72)) - Storage directory /tmp/workdir/hadoop-ozone/integration-test/target/test-dir/MiniOzoneClusterImpl-2dcec543-5fd7-4a84-bbd3-b374c7b8b407/datanode-5/data/ratis/08836f28-13a9-4a61-a393-d6172f60dff0 has been successfully formatted.
2019-07-13 09:26:14,662 INFO  ratis.ContainerStateMachine (ContainerStateMachine.java:loadSnapshot(200)) - The snapshot info is null.Setting the last applied index to:(t:0, i:~)
2019-07-13 09:26:14,662 INFO  ratis.ContainerStateMachine (ContainerStateMachine.java:loadSnapshot(200)) - The snapshot info is null.Setting the last applied index to:(t:0, i:~)
2019-07-13 09:26:14,663 INFO  server.RaftServerConfigKeys (ConfUtils.java:logGet(43)) - raft.server.leader.election.timeout = 120s (custom)
2019-07-13 09:26:14,663 INFO  ratis.ContainerStateMachine (ContainerStateMachine.java:loadSnapshot(200)) - The snapshot info is null.Setting the last applied index to:(t:0, i:~)
2019-07-13 09:26:14,663 INFO  server.RaftServerConfigKeys (ConfUtils.java:logGet(43)) - raft.server.log.use.memory = false (default)
2019-07-13 09:26:14,663 INFO  server.RaftServerConfigKeys (ConfUtils.java:logGet(43)) - raft.server.leader.election.timeout = 120s (custom)
2019-07-13 09:26:14,663 INFO  server.RaftServerConfigKeys (ConfUtils.java:logGet(43)) - raft.server.log.purge.gap = 1000000000 (custom)
2019-07-13 09:26:14,663 INFO  server.RaftServerConfigKeys (ConfUtils.java:logGet(43)) - raft.server.leader.election.timeout = 120s (custom)
2019-07-13 09:26:14,664 INFO  server.RaftServerConfigKeys (ConfUtils.java:logGet(43)) - raft.server.log.appender.buffer.byte-limit = 33554432 (custom)
2019-07-13 09:26:14,663 INFO  server.RaftServerConfigKeys (ConfUtils.java:logGet(43)) - raft.server.log.use.memory = false (default)
2019-07-13 09:26:14,664 INFO  server.RaftServerConfigKeys (ConfUtils.java:logGet(43)) - raft.server.log.segment.size.max = 1048576 (custom)
2019-07-13 09:26:14,664 INFO  server.RaftServerConfigKeys (ConfUtils.java:logGet(43)) - raft.server.log.use.memory = false (default)
2019-07-13 09:26:14,664 INFO  server.RaftServerConfigKeys (ConfUtils.java:logGet(43)) - raft.server.log.segment.cache.num.max = 2 (custom)
2019-07-13 09:26:14,664 INFO  server.RaftServerConfigKeys (ConfUtils.java:logGet(43)) - raft.server.log.purge.gap = 1000000000 (custom)
2019-07-13 09:26:14,665 INFO  segmented.SegmentedRaftLogWorker (SegmentedRaftLogWorker.java:<init>(172)) - new e43469d1-feeb-4337-b3a6-c41c4697ae96-SegmentedRaftLogWorker:Storage Directory /tmp/workdir/hadoop-ozone/integration-test/target/test-dir/MiniOzoneClusterImpl-2dcec543-5fd7-4a84-bbd3-b374c7b8b407/datanode-0/data/ratis/08836f28-13a9-4a61-a393-d6172f60dff0 for RaftStorage:Storage Directory /tmp/workdir/hadoop-ozone/integration-test/target/test-dir/MiniOzoneClusterImpl-2dcec543-5fd7-4a84-bbd3-b374c7b8b407/datanode-0/data/ratis/08836f28-13a9-4a61-a393-d6172f60dff0
2019-07-13 09:26:14,664 INFO  server.RaftServerConfigKeys (ConfUtils.java:logGet(43)) - raft.server.log.purge.gap = 1000000000 (custom)
2019-07-13 09:26:14,665 INFO  server.RaftServerConfigKeys (ConfUtils.java:logGet(43)) - raft.server.log.queue.byte-limit = 2147483647 (custom)
2019-07-13 09:26:14,665 INFO  server.RaftServerConfigKeys (ConfUtils.java:logGet(43)) - raft.server.log.appender.buffer.byte-limit = 33554432 (custom)
2019-07-13 09:26:14,667 INFO  server.RaftServerConfigKeys (ConfUtils.java:logGet(43)) - raft.server.log.queue.element-limit = 1024 (custom)
2019-07-13 09:26:14,665 INFO  server.RaftServerConfigKeys (ConfUtils.java:logGet(43)) - raft.server.log.appender.buffer.byte-limit = 33554432 (custom)
2019-07-13 09:26:14,667 INFO  server.RaftServerConfigKeys (ConfUtils.java:logGet(43)) - raft.server.log.segment.size.max = 1048576 (custom)
2019-07-13 09:26:14,667 INFO  server.RaftServerConfigKeys (ConfUtils.java:logGet(43)) - raft.server.log.segment.size.max = 1048576 (custom)
2019-07-13 09:26:14,668 INFO  server.RaftServerConfigKeys (ConfUtils.java:logGet(43)) - raft.server.log.preallocated.size = 16384 (custom)
2019-07-13 09:26:14,668 INFO  server.RaftServerConfigKeys (ConfUtils.java:logGet(43)) - raft.server.log.segment.size.max = 1048576 (custom)
2019-07-13 09:26:14,668 INFO  server.RaftServerConfigKeys (ConfUtils.java:logGet(43)) - raft.server.log.write.buffer.size = 33554432 (custom)
2019-07-13 09:26:14,668 INFO  server.RaftServerConfigKeys (ConfUtils.java:logGet(43)) - raft.server.log.segment.cache.num.max = 2 (custom)
2019-07-13 09:26:14,669 INFO  server.RaftServerConfigKeys (ConfUtils.java:logGet(43)) - raft.server.log.force.sync.num = 128 (default)
2019-07-13 09:26:14,668 INFO  server.RaftServerConfigKeys (ConfUtils.java:logGet(43)) - raft.server.log.segment.cache.num.max = 2 (custom)
2019-07-13 09:26:14,669 INFO  server.RaftServerConfigKeys (ConfUtils.java:logGet(43)) - raft.server.log.statemachine.data.sync = true (default)
2019-07-13 09:26:14,669 INFO  segmented.SegmentedRaftLogWorker (SegmentedRaftLogWorker.java:<init>(172)) - new 8e98056f-57f0-47b6-8eb5-fd3e17e41c5b-SegmentedRaftLogWorker:Storage Directory /tmp/workdir/hadoop-ozone/integration-test/target/test-dir/MiniOzoneClusterImpl-2dcec543-5fd7-4a84-bbd3-b374c7b8b407/datanode-4/data/ratis/08836f28-13a9-4a61-a393-d6172f60dff0 for RaftStorage:Storage Directory /tmp/workdir/hadoop-ozone/integration-test/target/test-dir/MiniOzoneClusterImpl-2dcec543-5fd7-4a84-bbd3-b374c7b8b407/datanode-4/data/ratis/08836f28-13a9-4a61-a393-d6172f60dff0
2019-07-13 09:26:14,669 INFO  server.RaftServerConfigKeys (ConfUtils.java:logGet(43)) - raft.server.log.statemachine.data.sync.timeout = 10s (default)
2019-07-13 09:26:14,669 INFO  segmented.SegmentedRaftLogWorker (SegmentedRaftLogWorker.java:<init>(172)) - new 7dbc828f-eae1-4c39-8e5e-67ab191d64a2-SegmentedRaftLogWorker:Storage Directory /tmp/workdir/hadoop-ozone/integration-test/target/test-dir/MiniOzoneClusterImpl-2dcec543-5fd7-4a84-bbd3-b374c7b8b407/datanode-5/data/ratis/08836f28-13a9-4a61-a393-d6172f60dff0 for RaftStorage:Storage Directory /tmp/workdir/hadoop-ozone/integration-test/target/test-dir/MiniOzoneClusterImpl-2dcec543-5fd7-4a84-bbd3-b374c7b8b407/datanode-5/data/ratis/08836f28-13a9-4a61-a393-d6172f60dff0
2019-07-13 09:26:14,670 INFO  server.RaftServerConfigKeys (ConfUtils.java:logGet(43)) - raft.server.log.statemachine.data.sync.timeout.retry = -1 (default)
2019-07-13 09:26:14,669 INFO  server.RaftServerConfigKeys (ConfUtils.java:logGet(43)) - raft.server.log.queue.byte-limit = 2147483647 (custom)
2019-07-13 09:26:14,674 INFO  server.RaftServerConfigKeys (ConfUtils.java:logGet(43)) - raft.server.log.statemachine.data.caching.enabled = true (custom)
2019-07-13 09:26:14,672 INFO  server.RaftServerConfigKeys (ConfUtils.java:logGet(43)) - raft.server.log.queue.byte-limit = 2147483647 (custom)
2019-07-13 09:26:14,674 INFO  server.RaftServerConfigKeys (ConfUtils.java:logGet(43)) - raft.server.log.queue.element-limit = 1024 (custom)
2019-07-13 09:26:14,674 INFO  segmented.SegmentedRaftLogWorker (SegmentedRaftLogWorker.java:lambda$new$0(132)) - e43469d1-feeb-4337-b3a6-c41c4697ae96-SegmentedRaftLogWorker:Storage Directory /tmp/workdir/hadoop-ozone/integration-test/target/test-dir/MiniOzoneClusterImpl-2dcec543-5fd7-4a84-bbd3-b374c7b8b407/datanode-0/data/ratis/08836f28-13a9-4a61-a393-d6172f60dff0: flushIndex: setUnconditionally 0 -> -1
2019-07-13 09:26:14,674 INFO  server.RaftServerConfigKeys (ConfUtils.java:logGet(43)) - raft.server.log.queue.element-limit = 1024 (custom)
2019-07-13 09:26:14,675 INFO  server.RaftServerConfigKeys (ConfUtils.java:logGet(43)) - raft.server.snapshot.auto.trigger.enabled = true (custom)
2019-07-13 09:26:14,674 INFO  server.RaftServerConfigKeys (ConfUtils.java:logGet(43)) - raft.server.log.segment.size.max = 1048576 (custom)
2019-07-13 09:26:14,675 INFO  server.RaftServerConfigKeys (ConfUtils.java:logGet(43)) - raft.server.snapshot.auto.trigger.threshold = 10000 (custom)
2019-07-13 09:26:14,675 INFO  server.RaftServerConfigKeys (ConfUtils.java:logGet(43)) - raft.server.log.segment.size.max = 1048576 (custom)
2019-07-13 09:26:14,675 INFO  server.RaftServerConfigKeys (ConfUtils.java:logGet(43)) - raft.server.retrycache.expirytime = 600000ms (custom)
2019-07-13 09:26:14,675 INFO  server.RaftServerConfigKeys (ConfUtils.java:logGet(43)) - raft.server.log.preallocated.size = 16384 (custom)
2019-07-13 09:26:14,676 INFO  impl.RaftServerImpl (RaftServerImpl.java:start(180)) - e43469d1-feeb-4337-b3a6-c41c4697ae96: start group-D6172F60DFF0
2019-07-13 09:26:14,676 INFO  impl.RaftServerImpl (RaftServerImpl.java:setRole(171)) - e43469d1-feeb-4337-b3a6-c41c4697ae96:group-D6172F60DFF0 changes role from null to FOLLOWER at term 0 for startAsFollower
2019-07-13 09:26:14,676 INFO  server.RaftServerConfigKeys (ConfUtils.java:logGet(43)) - raft.server.log.preallocated.size = 16384 (custom)
2019-07-13 09:26:14,676 INFO  impl.RoleInfo (RoleInfo.java:updateAndGet(143)) - e43469d1-feeb-4337-b3a6-c41c4697ae96: start FollowerState
2019-07-13 09:26:14,676 INFO  server.RaftServerConfigKeys (ConfUtils.java:logGet(43)) - raft.server.log.write.buffer.size = 33554432 (custom)
2019-07-13 09:26:14,676 INFO  server.RaftServerConfigKeys (ConfUtils.java:logGet(43)) - raft.server.log.write.buffer.size = 33554432 (custom)
2019-07-13 09:26:14,677 INFO  util.JmxRegister (JmxRegister.java:tryRegister(44)) - Successfully registered JMX Bean with object name Ratis:service=RaftServer,group=group-D6172F60DFF0,id=e43469d1-feeb-4337-b3a6-c41c4697ae96
2019-07-13 09:26:14,677 INFO  server.RaftServerConfigKeys (ConfUtils.java:logGet(43)) - raft.server.log.force.sync.num = 128 (default)
2019-07-13 09:26:14,677 INFO  server.RaftServerConfigKeys (ConfUtils.java:logGet(43)) - raft.server.log.statemachine.data.sync = true (default)
2019-07-13 09:26:14,677 INFO  server.RaftServerConfigKeys (ConfUtils.java:logGet(43)) - raft.server.log.force.sync.num = 128 (default)
2019-07-13 09:26:14,678 INFO  server.RaftServerConfigKeys (ConfUtils.java:logGet(43)) - raft.server.log.statemachine.data.sync.timeout = 10s (default)
2019-07-13 09:26:14,678 INFO  server.RaftServerConfigKeys (ConfUtils.java:logGet(43)) - raft.server.log.statemachine.data.sync = true (default)
2019-07-13 09:26:14,678 INFO  server.RaftServerConfigKeys (ConfUtils.java:logGet(43)) - raft.server.log.statemachine.data.sync.timeout.retry = -1 (default)
2019-07-13 09:26:14,678 INFO  server.RaftServerConfigKeys (ConfUtils.java:logGet(43)) - raft.server.log.statemachine.data.sync.timeout = 10s (default)
2019-07-13 09:26:14,678 INFO  server.RaftServerConfigKeys (ConfUtils.java:logGet(43)) - raft.server.log.statemachine.data.caching.enabled = true (custom)
2019-07-13 09:26:14,678 INFO  server.RaftServerConfigKeys (ConfUtils.java:logGet(43)) - raft.server.log.statemachine.data.sync.timeout.retry = -1 (default)
2019-07-13 09:26:14,679 INFO  segmented.SegmentedRaftLogWorker (SegmentedRaftLogWorker.java:lambda$new$0(132)) - 8e98056f-57f0-47b6-8eb5-fd3e17e41c5b-SegmentedRaftLogWorker:Storage Directory /tmp/workdir/hadoop-ozone/integration-test/target/test-dir/MiniOzoneClusterImpl-2dcec543-5fd7-4a84-bbd3-b374c7b8b407/datanode-4/data/ratis/08836f28-13a9-4a61-a393-d6172f60dff0: flushIndex: setUnconditionally 0 -> -1
2019-07-13 09:26:14,679 INFO  server.RaftServerConfigKeys (ConfUtils.java:logGet(43)) - raft.server.log.statemachine.data.caching.enabled = true (custom)
2019-07-13 09:26:14,679 INFO  server.RaftServerConfigKeys (ConfUtils.java:logGet(43)) - raft.server.snapshot.auto.trigger.enabled = true (custom)
2019-07-13 09:26:14,679 INFO  server.RaftServerConfigKeys (ConfUtils.java:logGet(43)) - raft.server.snapshot.auto.trigger.threshold = 10000 (custom)
2019-07-13 09:26:14,679 INFO  segmented.SegmentedRaftLogWorker (SegmentedRaftLogWorker.java:lambda$new$0(132)) - 7dbc828f-eae1-4c39-8e5e-67ab191d64a2-SegmentedRaftLogWorker:Storage Directory /tmp/workdir/hadoop-ozone/integration-test/target/test-dir/MiniOzoneClusterImpl-2dcec543-5fd7-4a84-bbd3-b374c7b8b407/datanode-5/data/ratis/08836f28-13a9-4a61-a393-d6172f60dff0: flushIndex: setUnconditionally 0 -> -1
2019-07-13 09:26:14,679 INFO  server.RaftServerConfigKeys (ConfUtils.java:logGet(43)) - raft.server.retrycache.expirytime = 600000ms (custom)
2019-07-13 09:26:14,680 INFO  impl.RaftServerImpl (RaftServerImpl.java:start(180)) - 8e98056f-57f0-47b6-8eb5-fd3e17e41c5b: start group-D6172F60DFF0
2019-07-13 09:26:14,680 INFO  server.RaftServerConfigKeys (ConfUtils.java:logGet(43)) - raft.server.snapshot.auto.trigger.enabled = true (custom)
2019-07-13 09:26:14,680 INFO  impl.RaftServerImpl (RaftServerImpl.java:setRole(171)) - 8e98056f-57f0-47b6-8eb5-fd3e17e41c5b:group-D6172F60DFF0 changes role from null to FOLLOWER at term 0 for startAsFollower
2019-07-13 09:26:14,680 INFO  server.RaftServerConfigKeys (ConfUtils.java:logGet(43)) - raft.server.snapshot.auto.trigger.threshold = 10000 (custom)
2019-07-13 09:26:14,683 INFO  impl.RoleInfo (RoleInfo.java:updateAndGet(143)) - 8e98056f-57f0-47b6-8eb5-fd3e17e41c5b: start FollowerState
2019-07-13 09:26:14,683 INFO  server.RaftServerConfigKeys (ConfUtils.java:logGet(43)) - raft.server.retrycache.expirytime = 600000ms (custom)
2019-07-13 09:26:14,683 INFO  util.JmxRegister (JmxRegister.java:tryRegister(44)) - Successfully registered JMX Bean with object name Ratis:service=RaftServer,group=group-D6172F60DFF0,id=8e98056f-57f0-47b6-8eb5-fd3e17e41c5b
2019-07-13 09:26:14,683 INFO  impl.RaftServerImpl (RaftServerImpl.java:start(180)) - 7dbc828f-eae1-4c39-8e5e-67ab191d64a2: start group-D6172F60DFF0
2019-07-13 09:26:14,685 INFO  impl.RaftServerImpl (RaftServerImpl.java:setRole(171)) - 7dbc828f-eae1-4c39-8e5e-67ab191d64a2:group-D6172F60DFF0 changes role from null to FOLLOWER at term 0 for startAsFollower
2019-07-13 09:26:14,688 INFO  impl.RoleInfo (RoleInfo.java:updateAndGet(143)) - 7dbc828f-eae1-4c39-8e5e-67ab191d64a2: start FollowerState
2019-07-13 09:26:14,690 INFO  util.JmxRegister (JmxRegister.java:tryRegister(44)) - Successfully registered JMX Bean with object name Ratis:service=RaftServer,group=group-D6172F60DFF0,id=7dbc828f-eae1-4c39-8e5e-67ab191d64a2
2019-07-13 09:26:14,710 INFO  pipeline.PipelineStateManager (PipelineStateManager.java:addPipeline(56)) - Created pipeline Pipeline[ Id: 08836f28-13a9-4a61-a393-d6172f60dff0, Nodes: 7dbc828f-eae1-4c39-8e5e-67ab191d64a2{ip: 192.168.69.96, host: trunk-nightly-hmp62-43275749, networkLocation: /default-rack, certSerialId: null}e43469d1-feeb-4337-b3a6-c41c4697ae96{ip: 192.168.69.96, host: trunk-nightly-hmp62-43275749, networkLocation: /default-rack, certSerialId: null}8e98056f-57f0-47b6-8eb5-fd3e17e41c5b{ip: 192.168.69.96, host: trunk-nightly-hmp62-43275749, networkLocation: /default-rack, certSerialId: null}, Type:RATIS, Factor:THREE, State:OPEN]
2019-07-13 09:26:14,750 INFO  impl.RaftServerProxy (RaftServerProxy.java:addNew(89)) - 219dd85b-679e-417a-b78d-9527d8cee6a1: addNew group-7BBEC99ED4F7:[d3b1e4ec-938b-429a-9ecf-2df7d003078e:192.168.69.96:37802, 83f43fcf-a984-4281-8ae3-f43af691a8ba:192.168.69.96:38609, 219dd85b-679e-417a-b78d-9527d8cee6a1:192.168.69.96:39899] returns group-7BBEC99ED4F7:java.util.concurrent.CompletableFuture@70a9fce4[Not completed]
2019-07-13 09:26:14,753 INFO  impl.RaftServerProxy (RaftServerProxy.java:addNew(89)) - d3b1e4ec-938b-429a-9ecf-2df7d003078e: addNew group-7BBEC99ED4F7:[d3b1e4ec-938b-429a-9ecf-2df7d003078e:192.168.69.96:37802, 83f43fcf-a984-4281-8ae3-f43af691a8ba:192.168.69.96:38609, 219dd85b-679e-417a-b78d-9527d8cee6a1:192.168.69.96:39899] returns group-7BBEC99ED4F7:java.util.concurrent.CompletableFuture@bdf67bb[Not completed]
2019-07-13 09:26:14,753 INFO  impl.RaftServerProxy (RaftServerProxy.java:addNew(89)) - 83f43fcf-a984-4281-8ae3-f43af691a8ba: addNew group-7BBEC99ED4F7:[d3b1e4ec-938b-429a-9ecf-2df7d003078e:192.168.69.96:37802, 83f43fcf-a984-4281-8ae3-f43af691a8ba:192.168.69.96:38609, 219dd85b-679e-417a-b78d-9527d8cee6a1:192.168.69.96:39899] returns group-7BBEC99ED4F7:java.util.concurrent.CompletableFuture@176f5eb1[Not completed]
2019-07-13 09:26:14,756 INFO  impl.RaftServerImpl (RaftServerImpl.java:<init>(93)) - 219dd85b-679e-417a-b78d-9527d8cee6a1: new RaftServerImpl for group-7BBEC99ED4F7:[d3b1e4ec-938b-429a-9ecf-2df7d003078e:192.168.69.96:37802, 83f43fcf-a984-4281-8ae3-f43af691a8ba:192.168.69.96:38609, 219dd85b-679e-417a-b78d-9527d8cee6a1:192.168.69.96:39899] with ContainerStateMachine:uninitialized
2019-07-13 09:26:14,756 INFO  server.RaftServerConfigKeys (ConfUtils.java:logGet(43)) - raft.server.rpc.timeout.min = 5s (custom)
2019-07-13 09:26:14,756 INFO  server.RaftServerConfigKeys (ConfUtils.java:logGet(43)) - raft.server.rpc.timeout.max = 5200ms (custom)
2019-07-13 09:26:14,757 INFO  server.RaftServerConfigKeys (ConfUtils.java:logGet(43)) - raft.server.rpcslowness.timeout = 120s (custom)
2019-07-13 09:26:14,757 INFO  impl.RaftServerImpl (RaftServerImpl.java:<init>(93)) - 83f43fcf-a984-4281-8ae3-f43af691a8ba: new RaftServerImpl for group-7BBEC99ED4F7:[d3b1e4ec-938b-429a-9ecf-2df7d003078e:192.168.69.96:37802, 83f43fcf-a984-4281-8ae3-f43af691a8ba:192.168.69.96:38609, 219dd85b-679e-417a-b78d-9527d8cee6a1:192.168.69.96:39899] with ContainerStateMachine:uninitialized
2019-07-13 09:26:14,757 INFO  server.RaftServerConfigKeys (ConfUtils.java:logGet(43)) - raft.server.sleep.deviation.threshold = 300 (default)
2019-07-13 09:26:14,757 INFO  server.RaftServerConfigKeys (ConfUtils.java:logGet(43)) - raft.server.rpc.timeout.min = 5s (custom)
2019-07-13 09:26:14,757 INFO  server.RaftServerConfigKeys (ConfUtils.java:logGet(43)) - raft.server.log.appender.install.snapshot.enabled = false (custom)
2019-07-13 09:26:14,757 INFO  server.RaftServerConfigKeys (ConfUtils.java:logGet(43)) - raft.server.rpc.timeout.max = 5200ms (custom)
2019-07-13 09:26:14,757 INFO  impl.RaftServerImpl (ServerState.java:<init>(105)) - 219dd85b-679e-417a-b78d-9527d8cee6a1:group-7BBEC99ED4F7 ConfigurationManager, init=-1: [d3b1e4ec-938b-429a-9ecf-2df7d003078e:192.168.69.96:37802, 83f43fcf-a984-4281-8ae3-f43af691a8ba:192.168.69.96:38609, 219dd85b-679e-417a-b78d-9527d8cee6a1:192.168.69.96:39899], old=null, confs=<EMPTY_MAP>
2019-07-13 09:26:14,757 INFO  server.RaftServerConfigKeys (ConfUtils.java:logGet(43)) - raft.server.rpcslowness.timeout = 120s (custom)
2019-07-13 09:26:14,758 INFO  server.RaftServerConfigKeys (ConfUtils.java:logGet(43)) - raft.server.storage.dir = [/tmp/workdir/hadoop-ozone/integration-test/target/test-dir/MiniOzoneClusterImpl-2dcec543-5fd7-4a84-bbd3-b374c7b8b407/datanode-6/data/ratis] (custom)
2019-07-13 09:26:14,758 INFO  impl.RaftServerImpl (RaftServerImpl.java:<init>(93)) - d3b1e4ec-938b-429a-9ecf-2df7d003078e: new RaftServerImpl for group-7BBEC99ED4F7:[d3b1e4ec-938b-429a-9ecf-2df7d003078e:192.168.69.96:37802, 83f43fcf-a984-4281-8ae3-f43af691a8ba:192.168.69.96:38609, 219dd85b-679e-417a-b78d-9527d8cee6a1:192.168.69.96:39899] with ContainerStateMachine:uninitialized
2019-07-13 09:26:14,758 INFO  server.RaftServerConfigKeys (ConfUtils.java:logGet(43)) - raft.server.sleep.deviation.threshold = 300 (default)
2019-07-13 09:26:14,758 INFO  server.RaftServerConfigKeys (ConfUtils.java:logGet(43)) - raft.server.rpc.timeout.min = 5s (custom)
2019-07-13 09:26:14,758 INFO  server.RaftServerConfigKeys (ConfUtils.java:logGet(43)) - raft.server.log.appender.install.snapshot.enabled = false (custom)
2019-07-13 09:26:14,758 INFO  server.RaftServerConfigKeys (ConfUtils.java:logGet(43)) - raft.server.rpc.timeout.max = 5200ms (custom)
2019-07-13 09:26:14,758 INFO  storage.RaftStorageDirectory (RaftStorageDirectory.java:analyzeStorage(246)) - The storage directory /tmp/workdir/hadoop-ozone/integration-test/target/test-dir/MiniOzoneClusterImpl-2dcec543-5fd7-4a84-bbd3-b374c7b8b407/datanode-6/data/ratis/6561c6cf-f249-42bc-8d87-7bbec99ed4f7 does not exist. Creating ...
2019-07-13 09:26:14,759 INFO  server.RaftServerConfigKeys (ConfUtils.java:logGet(43)) - raft.server.rpcslowness.timeout = 120s (custom)
2019-07-13 09:26:14,758 INFO  impl.RaftServerImpl (ServerState.java:<init>(105)) - 83f43fcf-a984-4281-8ae3-f43af691a8ba:group-7BBEC99ED4F7 ConfigurationManager, init=-1: [d3b1e4ec-938b-429a-9ecf-2df7d003078e:192.168.69.96:37802, 83f43fcf-a984-4281-8ae3-f43af691a8ba:192.168.69.96:38609, 219dd85b-679e-417a-b78d-9527d8cee6a1:192.168.69.96:39899], old=null, confs=<EMPTY_MAP>
2019-07-13 09:26:14,759 INFO  server.RaftServerConfigKeys (ConfUtils.java:logGet(43)) - raft.server.sleep.deviation.threshold = 300 (default)
2019-07-13 09:26:14,759 INFO  server.RaftServerConfigKeys (ConfUtils.java:logGet(43)) - raft.server.storage.dir = [/tmp/workdir/hadoop-ozone/integration-test/target/test-dir/MiniOzoneClusterImpl-2dcec543-5fd7-4a84-bbd3-b374c7b8b407/datanode-1/data/ratis] (custom)
2019-07-13 09:26:14,759 INFO  server.RaftServerConfigKeys (ConfUtils.java:logGet(43)) - raft.server.log.appender.install.snapshot.enabled = false (custom)
2019-07-13 09:26:14,759 INFO  impl.RaftServerImpl (ServerState.java:<init>(105)) - d3b1e4ec-938b-429a-9ecf-2df7d003078e:group-7BBEC99ED4F7 ConfigurationManager, init=-1: [d3b1e4ec-938b-429a-9ecf-2df7d003078e:192.168.69.96:37802, 83f43fcf-a984-4281-8ae3-f43af691a8ba:192.168.69.96:38609, 219dd85b-679e-417a-b78d-9527d8cee6a1:192.168.69.96:39899], old=null, confs=<EMPTY_MAP>
2019-07-13 09:26:14,760 INFO  storage.RaftStorageDirectory (RaftStorageDirectory.java:analyzeStorage(246)) - The storage directory /tmp/workdir/hadoop-ozone/integration-test/target/test-dir/MiniOzoneClusterImpl-2dcec543-5fd7-4a84-bbd3-b374c7b8b407/datanode-1/data/ratis/6561c6cf-f249-42bc-8d87-7bbec99ed4f7 does not exist. Creating ...
2019-07-13 09:26:14,760 INFO  server.RaftServerConfigKeys (ConfUtils.java:logGet(43)) - raft.server.storage.dir = [/tmp/workdir/hadoop-ozone/integration-test/target/test-dir/MiniOzoneClusterImpl-2dcec543-5fd7-4a84-bbd3-b374c7b8b407/datanode-3/data/ratis] (custom)
2019-07-13 09:26:14,760 INFO  storage.RaftStorageDirectory (RaftStorageDirectory.java:analyzeStorage(246)) - The storage directory /tmp/workdir/hadoop-ozone/integration-test/target/test-dir/MiniOzoneClusterImpl-2dcec543-5fd7-4a84-bbd3-b374c7b8b407/datanode-3/data/ratis/6561c6cf-f249-42bc-8d87-7bbec99ed4f7 does not exist. Creating ...
2019-07-13 09:26:14,784 INFO  storage.RaftStorageDirectory (RaftStorageDirectory.java:tryLock(328)) - Lock on /tmp/workdir/hadoop-ozone/integration-test/target/test-dir/MiniOzoneClusterImpl-2dcec543-5fd7-4a84-bbd3-b374c7b8b407/datanode-3/data/ratis/6561c6cf-f249-42bc-8d87-7bbec99ed4f7/in_use.lock acquired by nodename 3678@trunk-nightly-hmp62-43275749
2019-07-13 09:26:14,784 INFO  storage.RaftStorageDirectory (RaftStorageDirectory.java:tryLock(328)) - Lock on /tmp/workdir/hadoop-ozone/integration-test/target/test-dir/MiniOzoneClusterImpl-2dcec543-5fd7-4a84-bbd3-b374c7b8b407/datanode-6/data/ratis/6561c6cf-f249-42bc-8d87-7bbec99ed4f7/in_use.lock acquired by nodename 3678@trunk-nightly-hmp62-43275749
2019-07-13 09:26:14,784 INFO  storage.RaftStorageDirectory (RaftStorageDirectory.java:tryLock(328)) - Lock on /tmp/workdir/hadoop-ozone/integration-test/target/test-dir/MiniOzoneClusterImpl-2dcec543-5fd7-4a84-bbd3-b374c7b8b407/datanode-1/data/ratis/6561c6cf-f249-42bc-8d87-7bbec99ed4f7/in_use.lock acquired by nodename 3678@trunk-nightly-hmp62-43275749
2019-07-13 09:26:14,803 INFO  storage.RaftStorage (RaftStorage.java:format(72)) - Storage directory /tmp/workdir/hadoop-ozone/integration-test/target/test-dir/MiniOzoneClusterImpl-2dcec543-5fd7-4a84-bbd3-b374c7b8b407/datanode-1/data/ratis/6561c6cf-f249-42bc-8d87-7bbec99ed4f7 has been successfully formatted.
2019-07-13 09:26:14,803 INFO  storage.RaftStorage (RaftStorage.java:format(72)) - Storage directory /tmp/workdir/hadoop-ozone/integration-test/target/test-dir/MiniOzoneClusterImpl-2dcec543-5fd7-4a84-bbd3-b374c7b8b407/datanode-6/data/ratis/6561c6cf-f249-42bc-8d87-7bbec99ed4f7 has been successfully formatted.
2019-07-13 09:26:14,803 INFO  ratis.ContainerStateMachine (ContainerStateMachine.java:loadSnapshot(200)) - The snapshot info is null.Setting the last applied index to:(t:0, i:~)
2019-07-13 09:26:14,803 INFO  storage.RaftStorage (RaftStorage.java:format(72)) - Storage directory /tmp/workdir/hadoop-ozone/integration-test/target/test-dir/MiniOzoneClusterImpl-2dcec543-5fd7-4a84-bbd3-b374c7b8b407/datanode-3/data/ratis/6561c6cf-f249-42bc-8d87-7bbec99ed4f7 has been successfully formatted.
2019-07-13 09:26:14,804 INFO  server.RaftServerConfigKeys (ConfUtils.java:logGet(43)) - raft.server.leader.election.timeout = 120s (custom)
2019-07-13 09:26:14,804 INFO  ratis.ContainerStateMachine (ContainerStateMachine.java:loadSnapshot(200)) - The snapshot info is null.Setting the last applied index to:(t:0, i:~)
2019-07-13 09:26:14,804 INFO  server.RaftServerConfigKeys (ConfUtils.java:logGet(43)) - raft.server.log.use.memory = false (default)
2019-07-13 09:26:14,804 INFO  ratis.ContainerStateMachine (ContainerStateMachine.java:loadSnapshot(200)) - The snapshot info is null.Setting the last applied index to:(t:0, i:~)
2019-07-13 09:26:14,804 INFO  server.RaftServerConfigKeys (ConfUtils.java:logGet(43)) - raft.server.log.purge.gap = 1000000000 (custom)
2019-07-13 09:26:14,804 INFO  server.RaftServerConfigKeys (ConfUtils.java:logGet(43)) - raft.server.leader.election.timeout = 120s (custom)
2019-07-13 09:26:14,805 INFO  server.RaftServerConfigKeys (ConfUtils.java:logGet(43)) - raft.server.log.appender.buffer.byte-limit = 33554432 (custom)
2019-07-13 09:26:14,804 INFO  server.RaftServerConfigKeys (ConfUtils.java:logGet(43)) - raft.server.leader.election.timeout = 120s (custom)
2019-07-13 09:26:14,805 INFO  server.RaftServerConfigKeys (ConfUtils.java:logGet(43)) - raft.server.log.segment.size.max = 1048576 (custom)
2019-07-13 09:26:14,805 INFO  server.RaftServerConfigKeys (ConfUtils.java:logGet(43)) - raft.server.log.use.memory = false (default)
2019-07-13 09:26:14,805 INFO  server.RaftServerConfigKeys (ConfUtils.java:logGet(43)) - raft.server.log.segment.cache.num.max = 2 (custom)
2019-07-13 09:26:14,805 INFO  server.RaftServerConfigKeys (ConfUtils.java:logGet(43)) - raft.server.log.use.memory = false (default)
2019-07-13 09:26:14,806 INFO  segmented.SegmentedRaftLogWorker (SegmentedRaftLogWorker.java:<init>(172)) - new 83f43fcf-a984-4281-8ae3-f43af691a8ba-SegmentedRaftLogWorker:Storage Directory /tmp/workdir/hadoop-ozone/integration-test/target/test-dir/MiniOzoneClusterImpl-2dcec543-5fd7-4a84-bbd3-b374c7b8b407/datanode-1/data/ratis/6561c6cf-f249-42bc-8d87-7bbec99ed4f7 for RaftStorage:Storage Directory /tmp/workdir/hadoop-ozone/integration-test/target/test-dir/MiniOzoneClusterImpl-2dcec543-5fd7-4a84-bbd3-b374c7b8b407/datanode-1/data/ratis/6561c6cf-f249-42bc-8d87-7bbec99ed4f7
2019-07-13 09:26:14,805 INFO  server.RaftServerConfigKeys (ConfUtils.java:logGet(43)) - raft.server.log.purge.gap = 1000000000 (custom)
2019-07-13 09:26:14,806 INFO  server.RaftServerConfigKeys (ConfUtils.java:logGet(43)) - raft.server.log.queue.byte-limit = 2147483647 (custom)
2019-07-13 09:26:14,806 INFO  server.RaftServerConfigKeys (ConfUtils.java:logGet(43)) - raft.server.log.purge.gap = 1000000000 (custom)
2019-07-13 09:26:14,808 INFO  server.RaftServerConfigKeys (ConfUtils.java:logGet(43)) - raft.server.log.queue.element-limit = 1024 (custom)
2019-07-13 09:26:14,806 INFO  server.RaftServerConfigKeys (ConfUtils.java:logGet(43)) - raft.server.log.appender.buffer.byte-limit = 33554432 (custom)
2019-07-13 09:26:14,808 INFO  server.RaftServerConfigKeys (ConfUtils.java:logGet(43)) - raft.server.log.segment.size.max = 1048576 (custom)
2019-07-13 09:26:14,808 INFO  server.RaftServerConfigKeys (ConfUtils.java:logGet(43)) - raft.server.log.appender.buffer.byte-limit = 33554432 (custom)
2019-07-13 09:26:14,809 INFO  server.RaftServerConfigKeys (ConfUtils.java:logGet(43)) - raft.server.log.preallocated.size = 16384 (custom)
2019-07-13 09:26:14,809 INFO  server.RaftServerConfigKeys (ConfUtils.java:logGet(43)) - raft.server.log.segment.size.max = 1048576 (custom)
2019-07-13 09:26:14,809 INFO  server.RaftServerConfigKeys (ConfUtils.java:logGet(43)) - raft.server.log.write.buffer.size = 33554432 (custom)
2019-07-13 09:26:14,809 INFO  server.RaftServerConfigKeys (ConfUtils.java:logGet(43)) - raft.server.log.segment.size.max = 1048576 (custom)
2019-07-13 09:26:14,809 INFO  server.RaftServerConfigKeys (ConfUtils.java:logGet(43)) - raft.server.log.force.sync.num = 128 (default)
2019-07-13 09:26:14,809 INFO  server.RaftServerConfigKeys (ConfUtils.java:logGet(43)) - raft.server.log.segment.cache.num.max = 2 (custom)
2019-07-13 09:26:14,810 INFO  server.RaftServerConfigKeys (ConfUtils.java:logGet(43)) - raft.server.log.statemachine.data.sync = true (default)
2019-07-13 09:26:14,810 INFO  server.RaftServerConfigKeys (ConfUtils.java:logGet(43)) - raft.server.log.segment.cache.num.max = 2 (custom)
2019-07-13 09:26:14,810 INFO  server.RaftServerConfigKeys (ConfUtils.java:logGet(43)) - raft.server.log.statemachine.data.sync.timeout = 10s (default)
2019-07-13 09:26:14,810 INFO  segmented.SegmentedRaftLogWorker (SegmentedRaftLogWorker.java:<init>(172)) - new 219dd85b-679e-417a-b78d-9527d8cee6a1-SegmentedRaftLogWorker:Storage Directory /tmp/workdir/hadoop-ozone/integration-test/target/test-dir/MiniOzoneClusterImpl-2dcec543-5fd7-4a84-bbd3-b374c7b8b407/datanode-6/data/ratis/6561c6cf-f249-42bc-8d87-7bbec99ed4f7 for RaftStorage:Storage Directory /tmp/workdir/hadoop-ozone/integration-test/target/test-dir/MiniOzoneClusterImpl-2dcec543-5fd7-4a84-bbd3-b374c7b8b407/datanode-6/data/ratis/6561c6cf-f249-42bc-8d87-7bbec99ed4f7
2019-07-13 09:26:14,810 INFO  server.RaftServerConfigKeys (ConfUtils.java:logGet(43)) - raft.server.log.statemachine.data.sync.timeout.retry = -1 (default)
2019-07-13 09:26:14,810 INFO  segmented.SegmentedRaftLogWorker (SegmentedRaftLogWorker.java:<init>(172)) - new d3b1e4ec-938b-429a-9ecf-2df7d003078e-SegmentedRaftLogWorker:Storage Directory /tmp/workdir/hadoop-ozone/integration-test/target/test-dir/MiniOzoneClusterImpl-2dcec543-5fd7-4a84-bbd3-b374c7b8b407/datanode-3/data/ratis/6561c6cf-f249-42bc-8d87-7bbec99ed4f7 for RaftStorage:Storage Directory /tmp/workdir/hadoop-ozone/integration-test/target/test-dir/MiniOzoneClusterImpl-2dcec543-5fd7-4a84-bbd3-b374c7b8b407/datanode-3/data/ratis/6561c6cf-f249-42bc-8d87-7bbec99ed4f7
2019-07-13 09:26:14,812 INFO  server.RaftServerConfigKeys (ConfUtils.java:logGet(43)) - raft.server.log.statemachine.data.caching.enabled = true (custom)
2019-07-13 09:26:14,811 INFO  server.RaftServerConfigKeys (ConfUtils.java:logGet(43)) - raft.server.log.queue.byte-limit = 2147483647 (custom)
2019-07-13 09:26:14,815 INFO  segmented.SegmentedRaftLogWorker (SegmentedRaftLogWorker.java:lambda$new$0(132)) - 83f43fcf-a984-4281-8ae3-f43af691a8ba-SegmentedRaftLogWorker:Storage Directory /tmp/workdir/hadoop-ozone/integration-test/target/test-dir/MiniOzoneClusterImpl-2dcec543-5fd7-4a84-bbd3-b374c7b8b407/datanode-1/data/ratis/6561c6cf-f249-42bc-8d87-7bbec99ed4f7: flushIndex: setUnconditionally 0 -> -1
2019-07-13 09:26:14,812 INFO  server.RaftServerConfigKeys (ConfUtils.java:logGet(43)) - raft.server.log.queue.byte-limit = 2147483647 (custom)
2019-07-13 09:26:14,815 INFO  server.RaftServerConfigKeys (ConfUtils.java:logGet(43)) - raft.server.log.queue.element-limit = 1024 (custom)
2019-07-13 09:26:14,815 INFO  server.RaftServerConfigKeys (ConfUtils.java:logGet(43)) - raft.server.log.queue.element-limit = 1024 (custom)
2019-07-13 09:26:14,815 INFO  server.RaftServerConfigKeys (ConfUtils.java:logGet(43)) - raft.server.snapshot.auto.trigger.enabled = true (custom)
2019-07-13 09:26:14,816 INFO  server.RaftServerConfigKeys (ConfUtils.java:logGet(43)) - raft.server.log.segment.size.max = 1048576 (custom)
2019-07-13 09:26:14,816 INFO  server.RaftServerConfigKeys (ConfUtils.java:logGet(43)) - raft.server.log.segment.size.max = 1048576 (custom)
2019-07-13 09:26:14,816 INFO  server.RaftServerConfigKeys (ConfUtils.java:logGet(43)) - raft.server.log.preallocated.size = 16384 (custom)
2019-07-13 09:26:14,816 INFO  server.RaftServerConfigKeys (ConfUtils.java:logGet(43)) - raft.server.snapshot.auto.trigger.threshold = 10000 (custom)
2019-07-13 09:26:14,816 INFO  server.RaftServerConfigKeys (ConfUtils.java:logGet(43)) - raft.server.log.write.buffer.size = 33554432 (custom)
2019-07-13 09:26:14,817 INFO  server.RaftServerConfigKeys (ConfUtils.java:logGet(43)) - raft.server.log.force.sync.num = 128 (default)
2019-07-13 09:26:14,816 INFO  server.RaftServerConfigKeys (ConfUtils.java:logGet(43)) - raft.server.log.preallocated.size = 16384 (custom)
2019-07-13 09:26:14,817 INFO  server.RaftServerConfigKeys (ConfUtils.java:logGet(43)) - raft.server.log.statemachine.data.sync = true (default)
2019-07-13 09:26:14,817 INFO  server.RaftServerConfigKeys (ConfUtils.java:logGet(43)) - raft.server.retrycache.expirytime = 600000ms (custom)
2019-07-13 09:26:14,817 INFO  server.RaftServerConfigKeys (ConfUtils.java:logGet(43)) - raft.server.log.statemachine.data.sync.timeout = 10s (default)
2019-07-13 09:26:14,817 INFO  server.RaftServerConfigKeys (ConfUtils.java:logGet(43)) - raft.server.log.write.buffer.size = 33554432 (custom)
2019-07-13 09:26:14,818 INFO  server.RaftServerConfigKeys (ConfUtils.java:logGet(43)) - raft.server.log.statemachine.data.sync.timeout.retry = -1 (default)
2019-07-13 09:26:14,818 INFO  impl.RaftServerImpl (RaftServerImpl.java:start(180)) - 83f43fcf-a984-4281-8ae3-f43af691a8ba: start group-7BBEC99ED4F7
2019-07-13 09:26:14,818 INFO  server.RaftServerConfigKeys (ConfUtils.java:logGet(43)) - raft.server.log.statemachine.data.caching.enabled = true (custom)
2019-07-13 09:26:14,818 INFO  server.RaftServerConfigKeys (ConfUtils.java:logGet(43)) - raft.server.log.force.sync.num = 128 (default)
2019-07-13 09:26:14,818 INFO  impl.RaftServerImpl (RaftServerImpl.java:setRole(171)) - 83f43fcf-a984-4281-8ae3-f43af691a8ba:group-7BBEC99ED4F7 changes role from null to FOLLOWER at term 0 for startAsFollower
2019-07-13 09:26:14,819 INFO  segmented.SegmentedRaftLogWorker (SegmentedRaftLogWorker.java:lambda$new$0(132)) - d3b1e4ec-938b-429a-9ecf-2df7d003078e-SegmentedRaftLogWorker:Storage Directory /tmp/workdir/hadoop-ozone/integration-test/target/test-dir/MiniOzoneClusterImpl-2dcec543-5fd7-4a84-bbd3-b374c7b8b407/datanode-3/data/ratis/6561c6cf-f249-42bc-8d87-7bbec99ed4f7: flushIndex: setUnconditionally 0 -> -1
2019-07-13 09:26:14,818 INFO  server.RaftServerConfigKeys (ConfUtils.java:logGet(43)) - raft.server.log.statemachine.data.sync = true (default)
2019-07-13 09:26:14,819 INFO  impl.RoleInfo (RoleInfo.java:updateAndGet(143)) - 83f43fcf-a984-4281-8ae3-f43af691a8ba: start FollowerState
2019-07-13 09:26:14,819 INFO  server.RaftServerConfigKeys (ConfUtils.java:logGet(43)) - raft.server.log.statemachine.data.sync.timeout = 10s (default)
2019-07-13 09:26:14,819 INFO  server.RaftServerConfigKeys (ConfUtils.java:logGet(43)) - raft.server.snapshot.auto.trigger.enabled = true (custom)
2019-07-13 09:26:14,819 INFO  server.RaftServerConfigKeys (ConfUtils.java:logGet(43)) - raft.server.log.statemachine.data.sync.timeout.retry = -1 (default)
2019-07-13 09:26:14,820 INFO  util.JmxRegister (JmxRegister.java:tryRegister(44)) - Successfully registered JMX Bean with object name Ratis:service=RaftServer,group=group-7BBEC99ED4F7,id=83f43fcf-a984-4281-8ae3-f43af691a8ba
2019-07-13 09:26:14,819 INFO  server.RaftServerConfigKeys (ConfUtils.java:logGet(43)) - raft.server.snapshot.auto.trigger.threshold = 10000 (custom)
2019-07-13 09:26:14,820 INFO  server.RaftServerConfigKeys (ConfUtils.java:logGet(43)) - raft.server.log.statemachine.data.caching.enabled = true (custom)
2019-07-13 09:26:14,820 INFO  server.RaftServerConfigKeys (ConfUtils.java:logGet(43)) - raft.server.retrycache.expirytime = 600000ms (custom)
2019-07-13 09:26:14,820 INFO  impl.RaftServerImpl (RaftServerImpl.java:start(180)) - d3b1e4ec-938b-429a-9ecf-2df7d003078e: start group-7BBEC99ED4F7
2019-07-13 09:26:14,820 INFO  segmented.SegmentedRaftLogWorker (SegmentedRaftLogWorker.java:lambda$new$0(132)) - 219dd85b-679e-417a-b78d-9527d8cee6a1-SegmentedRaftLogWorker:Storage Directory /tmp/workdir/hadoop-ozone/integration-test/target/test-dir/MiniOzoneClusterImpl-2dcec543-5fd7-4a84-bbd3-b374c7b8b407/datanode-6/data/ratis/6561c6cf-f249-42bc-8d87-7bbec99ed4f7: flushIndex: setUnconditionally 0 -> -1
2019-07-13 09:26:14,820 INFO  impl.RaftServerImpl (RaftServerImpl.java:setRole(171)) - d3b1e4ec-938b-429a-9ecf-2df7d003078e:group-7BBEC99ED4F7 changes role from null to FOLLOWER at term 0 for startAsFollower
2019-07-13 09:26:14,821 INFO  impl.RoleInfo (RoleInfo.java:updateAndGet(143)) - d3b1e4ec-938b-429a-9ecf-2df7d003078e: start FollowerState
2019-07-13 09:26:14,821 INFO  server.RaftServerConfigKeys (ConfUtils.java:logGet(43)) - raft.server.snapshot.auto.trigger.enabled = true (custom)
2019-07-13 09:26:14,821 INFO  server.RaftServerConfigKeys (ConfUtils.java:logGet(43)) - raft.server.snapshot.auto.trigger.threshold = 10000 (custom)
2019-07-13 09:26:14,821 INFO  util.JmxRegister (JmxRegister.java:tryRegister(44)) - Successfully registered JMX Bean with object name Ratis:service=RaftServer,group=group-7BBEC99ED4F7,id=d3b1e4ec-938b-429a-9ecf-2df7d003078e
2019-07-13 09:26:14,821 INFO  server.RaftServerConfigKeys (ConfUtils.java:logGet(43)) - raft.server.retrycache.expirytime = 600000ms (custom)
2019-07-13 09:26:14,822 INFO  impl.RaftServerImpl (RaftServerImpl.java:start(180)) - 219dd85b-679e-417a-b78d-9527d8cee6a1: start group-7BBEC99ED4F7
2019-07-13 09:26:14,822 INFO  impl.RaftServerImpl (RaftServerImpl.java:setRole(171)) - 219dd85b-679e-417a-b78d-9527d8cee6a1:group-7BBEC99ED4F7 changes role from null to FOLLOWER at term 0 for startAsFollower
2019-07-13 09:26:14,824 INFO  impl.RoleInfo (RoleInfo.java:updateAndGet(143)) - 219dd85b-679e-417a-b78d-9527d8cee6a1: start FollowerState
2019-07-13 09:26:14,827 INFO  util.JmxRegister (JmxRegister.java:tryRegister(44)) - Successfully registered JMX Bean with object name Ratis:service=RaftServer,group=group-7BBEC99ED4F7,id=219dd85b-679e-417a-b78d-9527d8cee6a1
2019-07-13 09:26:14,850 INFO  pipeline.PipelineStateManager (PipelineStateManager.java:addPipeline(56)) - Created pipeline Pipeline[ Id: 6561c6cf-f249-42bc-8d87-7bbec99ed4f7, Nodes: 219dd85b-679e-417a-b78d-9527d8cee6a1{ip: 192.168.69.96, host: trunk-nightly-hmp62-43275749, networkLocation: /default-rack, certSerialId: null}d3b1e4ec-938b-429a-9ecf-2df7d003078e{ip: 192.168.69.96, host: trunk-nightly-hmp62-43275749, networkLocation: /default-rack, certSerialId: null}83f43fcf-a984-4281-8ae3-f43af691a8ba{ip: 192.168.69.96, host: trunk-nightly-hmp62-43275749, networkLocation: /default-rack, certSerialId: null}, Type:RATIS, Factor:THREE, State:OPEN]
2019-07-13 09:26:14,951 INFO  ozone.MiniOzoneClusterImpl (MiniOzoneClusterImpl.java:lambda$waitForClusterToBeReady$0(142)) - Cluster is ready. Got 7 of 7 DN Heartbeats.
2019-07-13 09:26:15,327 INFO  rpc.RpcClient (RpcClient.java:createVolume(287)) - Creating Volume: watchforcommithandlingtest, with jenkins1000 as owner.
2019-07-13 09:26:15,374 INFO  rpc.RpcClient (RpcClient.java:createBucket(424)) - Creating Bucket: watchforcommithandlingtest/watchforcommithandlingtest, with Versioning false and Storage Type set to DISK and Encryption set to false 
2019-07-13 09:26:15,396 INFO  ozone.MiniOzoneClusterImpl (MiniOzoneClusterImpl.java:getStorageContainerLocationClient(241)) - Creating StorageContainerLocationProtocol RPC client with address /0.0.0.0:35223
2019-07-13 09:26:15,660 INFO  client.GrpcClientProtocolClient (GrpcClientProtocolClient.java:onNext(255)) - client-3109230B139B->219dd85b-679e-417a-b78d-9527d8cee6a1: receive RaftClientReply:client-3109230B139B->219dd85b-679e-417a-b78d-9527d8cee6a1@group-7BBEC99ED4F7, cid=13, FAILED org.apache.ratis.protocol.NotLeaderException: Server 219dd85b-679e-417a-b78d-9527d8cee6a1 is not the leader (null). Request must be sent to leader., logIndex=0, commits[219dd85b-679e-417a-b78d-9527d8cee6a1:c-1]
2019-07-13 09:26:15,726 INFO  container.ReplicationManager (ReplicationManager.java:start(155)) - Starting Replication Monitor Thread.
2019-07-13 09:26:15,730 INFO  container.ReplicationManager (ReplicationManager.java:run(207)) - Replication Monitor Thread took 3 milliseconds for processing 1 containers.
2019-07-13 09:26:16,714 INFO  client.GrpcClientProtocolClient (GrpcClientProtocolClient.java:onNext(255)) - client-3109230B139B->d3b1e4ec-938b-429a-9ecf-2df7d003078e: receive RaftClientReply:client-3109230B139B->d3b1e4ec-938b-429a-9ecf-2df7d003078e@group-7BBEC99ED4F7, cid=13, FAILED org.apache.ratis.protocol.NotLeaderException: Server d3b1e4ec-938b-429a-9ecf-2df7d003078e is not the leader (null). Request must be sent to leader., logIndex=0, commits[d3b1e4ec-938b-429a-9ecf-2df7d003078e:c-1]
2019-07-13 09:26:17,746 INFO  client.GrpcClientProtocolClient (GrpcClientProtocolClient.java:onNext(255)) - client-3109230B139B->83f43fcf-a984-4281-8ae3-f43af691a8ba: receive RaftClientReply:client-3109230B139B->83f43fcf-a984-4281-8ae3-f43af691a8ba@group-7BBEC99ED4F7, cid=13, FAILED org.apache.ratis.protocol.NotLeaderException: Server 83f43fcf-a984-4281-8ae3-f43af691a8ba is not the leader (null). Request must be sent to leader., logIndex=0, commits[83f43fcf-a984-4281-8ae3-f43af691a8ba:c-1]
2019-07-13 09:26:18,771 INFO  client.GrpcClientProtocolClient (GrpcClientProtocolClient.java:onNext(255)) - client-3109230B139B->219dd85b-679e-417a-b78d-9527d8cee6a1: receive RaftClientReply:client-3109230B139B->219dd85b-679e-417a-b78d-9527d8cee6a1@group-7BBEC99ED4F7, cid=13, FAILED org.apache.ratis.protocol.NotLeaderException: Server 219dd85b-679e-417a-b78d-9527d8cee6a1 is not the leader (null). Request must be sent to leader., logIndex=0, commits[219dd85b-679e-417a-b78d-9527d8cee6a1:c-1]
2019-07-13 09:26:18,960 INFO  impl.FollowerState (FollowerState.java:run(106)) - e43469d1-feeb-4337-b3a6-c41c4697ae96:group-FBF9BA0C5673 changes to CANDIDATE, lastRpcTime:5103, electionTimeout:5102ms
2019-07-13 09:26:18,960 INFO  impl.RoleInfo (RoleInfo.java:shutdownFollowerState(121)) - e43469d1-feeb-4337-b3a6-c41c4697ae96: shutdown FollowerState
2019-07-13 09:26:18,960 INFO  impl.RaftServerImpl (RaftServerImpl.java:setRole(171)) - e43469d1-feeb-4337-b3a6-c41c4697ae96:group-FBF9BA0C5673 changes role from FOLLOWER to CANDIDATE at term 0 for changeToCandidate
2019-07-13 09:26:18,968 INFO  impl.RoleInfo (RoleInfo.java:updateAndGet(143)) - e43469d1-feeb-4337-b3a6-c41c4697ae96: start LeaderElection
2019-07-13 09:26:19,002 INFO  impl.LeaderElection (LeaderElection.java:askForVotes(181)) - e43469d1-feeb-4337-b3a6-c41c4697ae96:group-FBF9BA0C5673:LeaderElection1: begin an election at term 1 for -1: [e43469d1-feeb-4337-b3a6-c41c4697ae96:192.168.69.96:37743], old=null
2019-07-13 09:26:19,004 INFO  impl.RoleInfo (RoleInfo.java:shutdownLeaderElection(134)) - e43469d1-feeb-4337-b3a6-c41c4697ae96: shutdown LeaderElection
2019-07-13 09:26:19,005 INFO  impl.RaftServerImpl (RaftServerImpl.java:setRole(171)) - e43469d1-feeb-4337-b3a6-c41c4697ae96:group-FBF9BA0C5673 changes role from CANDIDATE to LEADER at term 1 for changeToLeader
2019-07-13 09:26:19,005 INFO  impl.RaftServerImpl (ServerState.java:setLeader(263)) - e43469d1-feeb-4337-b3a6-c41c4697ae96:group-FBF9BA0C5673 change Leader from null to e43469d1-feeb-4337-b3a6-c41c4697ae96 at term 1 for becomeLeader, leader elected after 5233ms
2019-07-13 09:26:19,015 INFO  server.RaftServerConfigKeys (ConfUtils.java:logGet(43)) - raft.server.staging.catchup.gap = 1000 (default)
2019-07-13 09:26:19,015 INFO  server.RaftServerConfigKeys (ConfUtils.java:logGet(43)) - raft.server.rpc.sleep.time = 25ms (default)
2019-07-13 09:26:19,019 INFO  server.RaftServerConfigKeys (ConfUtils.java:logGet(43)) - raft.server.write.element-limit = 4096 (default)
2019-07-13 09:26:19,023 INFO  server.RaftServerConfigKeys (ConfUtils.java:logGet(43)) - raft.server.watch.timeout = 10s (default)
2019-07-13 09:26:19,023 INFO  server.RaftServerConfigKeys (ConfUtils.java:logGet(43)) - raft.server.watch.timeout.denomination = 1s (default)
2019-07-13 09:26:19,024 INFO  server.RaftServerConfigKeys (ConfUtils.java:logGet(43)) - raft.server.watch.element-limit = 65536 (default)
2019-07-13 09:26:19,039 INFO  impl.RoleInfo (RoleInfo.java:updateAndGet(143)) - e43469d1-feeb-4337-b3a6-c41c4697ae96: start LeaderState
2019-07-13 09:26:19,070 INFO  segmented.SegmentedRaftLogWorker (SegmentedRaftLogWorker.java:startLogSegment(380)) - e43469d1-feeb-4337-b3a6-c41c4697ae96-SegmentedRaftLogWorker:Storage Directory /tmp/workdir/hadoop-ozone/integration-test/target/test-dir/MiniOzoneClusterImpl-2dcec543-5fd7-4a84-bbd3-b374c7b8b407/datanode-0/data/ratis/17e5a10d-0eaa-40ad-acac-fbf9ba0c5673: Starting segment from index:0
2019-07-13 09:26:19,081 INFO  impl.RaftServerImpl (ServerState.java:setRaftConf(361)) - e43469d1-feeb-4337-b3a6-c41c4697ae96:group-FBF9BA0C5673 set configuration 0: [e43469d1-feeb-4337-b3a6-c41c4697ae96:192.168.69.96:37743], old=null at 0
2019-07-13 09:26:19,172 INFO  impl.FollowerState (FollowerState.java:run(106)) - 8e98056f-57f0-47b6-8eb5-fd3e17e41c5b:group-9E30514A5EA5 changes to CANDIDATE, lastRpcTime:5022, electionTimeout:5022ms
2019-07-13 09:26:19,174 INFO  impl.RoleInfo (RoleInfo.java:shutdownFollowerState(121)) - 8e98056f-57f0-47b6-8eb5-fd3e17e41c5b: shutdown FollowerState
2019-07-13 09:26:19,174 INFO  impl.RaftServerImpl (RaftServerImpl.java:setRole(171)) - 8e98056f-57f0-47b6-8eb5-fd3e17e41c5b:group-9E30514A5EA5 changes role from FOLLOWER to CANDIDATE at term 0 for changeToCandidate
2019-07-13 09:26:19,174 INFO  impl.RoleInfo (RoleInfo.java:updateAndGet(143)) - 8e98056f-57f0-47b6-8eb5-fd3e17e41c5b: start LeaderElection
2019-07-13 09:26:19,190 INFO  impl.FollowerState (FollowerState.java:run(106)) - 7dbc828f-eae1-4c39-8e5e-67ab191d64a2:group-843503845BA9 changes to CANDIDATE, lastRpcTime:5138, electionTimeout:5136ms
2019-07-13 09:26:19,190 INFO  impl.RoleInfo (RoleInfo.java:shutdownFollowerState(121)) - 7dbc828f-eae1-4c39-8e5e-67ab191d64a2: shutdown FollowerState
2019-07-13 09:26:19,190 INFO  impl.RaftServerImpl (RaftServerImpl.java:setRole(171)) - 7dbc828f-eae1-4c39-8e5e-67ab191d64a2:group-843503845BA9 changes role from FOLLOWER to CANDIDATE at term 0 for changeToCandidate
2019-07-13 09:26:19,191 INFO  impl.RoleInfo (RoleInfo.java:updateAndGet(143)) - 7dbc828f-eae1-4c39-8e5e-67ab191d64a2: start LeaderElection
2019-07-13 09:26:19,197 INFO  impl.LeaderElection (LeaderElection.java:askForVotes(181)) - 8e98056f-57f0-47b6-8eb5-fd3e17e41c5b:group-9E30514A5EA5:LeaderElection2: begin an election at term 1 for -1: [8e98056f-57f0-47b6-8eb5-fd3e17e41c5b:192.168.69.96:38732], old=null
2019-07-13 09:26:19,197 INFO  impl.RoleInfo (RoleInfo.java:shutdownLeaderElection(134)) - 8e98056f-57f0-47b6-8eb5-fd3e17e41c5b: shutdown LeaderElection
2019-07-13 09:26:19,197 INFO  impl.RaftServerImpl (RaftServerImpl.java:setRole(171)) - 8e98056f-57f0-47b6-8eb5-fd3e17e41c5b:group-9E30514A5EA5 changes role from CANDIDATE to LEADER at term 1 for changeToLeader
2019-07-13 09:26:19,197 INFO  impl.RaftServerImpl (ServerState.java:setLeader(263)) - 8e98056f-57f0-47b6-8eb5-fd3e17e41c5b:group-9E30514A5EA5 change Leader from null to 8e98056f-57f0-47b6-8eb5-fd3e17e41c5b at term 1 for becomeLeader, leader elected after 5054ms
2019-07-13 09:26:19,199 INFO  server.RaftServerConfigKeys (ConfUtils.java:logGet(43)) - raft.server.staging.catchup.gap = 1000 (default)
2019-07-13 09:26:19,201 INFO  server.RaftServerConfigKeys (ConfUtils.java:logGet(43)) - raft.server.rpc.sleep.time = 25ms (default)
2019-07-13 09:26:19,202 INFO  server.RaftServerConfigKeys (ConfUtils.java:logGet(43)) - raft.server.write.element-limit = 4096 (default)
2019-07-13 09:26:19,202 INFO  server.RaftServerConfigKeys (ConfUtils.java:logGet(43)) - raft.server.watch.timeout = 10s (default)
2019-07-13 09:26:19,202 INFO  server.RaftServerConfigKeys (ConfUtils.java:logGet(43)) - raft.server.watch.timeout.denomination = 1s (default)
2019-07-13 09:26:19,202 INFO  server.RaftServerConfigKeys (ConfUtils.java:logGet(43)) - raft.server.watch.element-limit = 65536 (default)
2019-07-13 09:26:19,202 INFO  impl.RoleInfo (RoleInfo.java:updateAndGet(143)) - 8e98056f-57f0-47b6-8eb5-fd3e17e41c5b: start LeaderState
2019-07-13 09:26:19,203 INFO  segmented.SegmentedRaftLogWorker (SegmentedRaftLogWorker.java:startLogSegment(380)) - 8e98056f-57f0-47b6-8eb5-fd3e17e41c5b-SegmentedRaftLogWorker:Storage Directory /tmp/workdir/hadoop-ozone/integration-test/target/test-dir/MiniOzoneClusterImpl-2dcec543-5fd7-4a84-bbd3-b374c7b8b407/datanode-4/data/ratis/98141db8-53d8-418b-a252-9e30514a5ea5: Starting segment from index:0
2019-07-13 09:26:19,203 INFO  impl.RaftServerImpl (ServerState.java:setRaftConf(361)) - 8e98056f-57f0-47b6-8eb5-fd3e17e41c5b:group-9E30514A5EA5 set configuration 0: [8e98056f-57f0-47b6-8eb5-fd3e17e41c5b:192.168.69.96:38732], old=null at 0
2019-07-13 09:26:19,211 INFO  impl.LeaderElection (LeaderElection.java:askForVotes(181)) - 7dbc828f-eae1-4c39-8e5e-67ab191d64a2:group-843503845BA9:LeaderElection3: begin an election at term 1 for -1: [7dbc828f-eae1-4c39-8e5e-67ab191d64a2:192.168.69.96:44397], old=null
2019-07-13 09:26:19,213 INFO  impl.RoleInfo (RoleInfo.java:shutdownLeaderElection(134)) - 7dbc828f-eae1-4c39-8e5e-67ab191d64a2: shutdown LeaderElection
2019-07-13 09:26:19,214 INFO  impl.RaftServerImpl (RaftServerImpl.java:setRole(171)) - 7dbc828f-eae1-4c39-8e5e-67ab191d64a2:group-843503845BA9 changes role from CANDIDATE to LEADER at term 1 for changeToLeader
2019-07-13 09:26:19,214 INFO  impl.RaftServerImpl (ServerState.java:setLeader(263)) - 7dbc828f-eae1-4c39-8e5e-67ab191d64a2:group-843503845BA9 change Leader from null to 7dbc828f-eae1-4c39-8e5e-67ab191d64a2 at term 1 for becomeLeader, leader elected after 5168ms
2019-07-13 09:26:19,216 INFO  server.RaftServerConfigKeys (ConfUtils.java:logGet(43)) - raft.server.staging.catchup.gap = 1000 (default)
2019-07-13 09:26:19,216 INFO  server.RaftServerConfigKeys (ConfUtils.java:logGet(43)) - raft.server.rpc.sleep.time = 25ms (default)
2019-07-13 09:26:19,216 INFO  server.RaftServerConfigKeys (ConfUtils.java:logGet(43)) - raft.server.write.element-limit = 4096 (default)
2019-07-13 09:26:19,216 INFO  server.RaftServerConfigKeys (ConfUtils.java:logGet(43)) - raft.server.watch.timeout = 10s (default)
2019-07-13 09:26:19,216 INFO  server.RaftServerConfigKeys (ConfUtils.java:logGet(43)) - raft.server.watch.timeout.denomination = 1s (default)
2019-07-13 09:26:19,216 INFO  server.RaftServerConfigKeys (ConfUtils.java:logGet(43)) - raft.server.watch.element-limit = 65536 (default)
2019-07-13 09:26:19,217 INFO  impl.RoleInfo (RoleInfo.java:updateAndGet(143)) - 7dbc828f-eae1-4c39-8e5e-67ab191d64a2: start LeaderState
2019-07-13 09:26:19,217 INFO  segmented.SegmentedRaftLogWorker (SegmentedRaftLogWorker.java:startLogSegment(380)) - 7dbc828f-eae1-4c39-8e5e-67ab191d64a2-SegmentedRaftLogWorker:Storage Directory /tmp/workdir/hadoop-ozone/integration-test/target/test-dir/MiniOzoneClusterImpl-2dcec543-5fd7-4a84-bbd3-b374c7b8b407/datanode-5/data/ratis/36acf9e8-ee7b-48f5-befb-843503845ba9: Starting segment from index:0
2019-07-13 09:26:19,218 INFO  impl.RaftServerImpl (ServerState.java:setRaftConf(361)) - 7dbc828f-eae1-4c39-8e5e-67ab191d64a2:group-843503845BA9 set configuration 0: [7dbc828f-eae1-4c39-8e5e-67ab191d64a2:192.168.69.96:44397], old=null at 0
2019-07-13 09:26:19,332 INFO  segmented.SegmentedRaftLogWorker (SegmentedRaftLogWorker.java:execute(569)) - e43469d1-feeb-4337-b3a6-c41c4697ae96-SegmentedRaftLogWorker:Storage Directory /tmp/workdir/hadoop-ozone/integration-test/target/test-dir/MiniOzoneClusterImpl-2dcec543-5fd7-4a84-bbd3-b374c7b8b407/datanode-0/data/ratis/17e5a10d-0eaa-40ad-acac-fbf9ba0c5673: created new log segment /tmp/workdir/hadoop-ozone/integration-test/target/test-dir/MiniOzoneClusterImpl-2dcec543-5fd7-4a84-bbd3-b374c7b8b407/datanode-0/data/ratis/17e5a10d-0eaa-40ad-acac-fbf9ba0c5673/current/log_inprogress_0
2019-07-13 09:26:19,332 INFO  segmented.SegmentedRaftLogWorker (SegmentedRaftLogWorker.java:execute(569)) - 7dbc828f-eae1-4c39-8e5e-67ab191d64a2-SegmentedRaftLogWorker:Storage Directory /tmp/workdir/hadoop-ozone/integration-test/target/test-dir/MiniOzoneClusterImpl-2dcec543-5fd7-4a84-bbd3-b374c7b8b407/datanode-5/data/ratis/36acf9e8-ee7b-48f5-befb-843503845ba9: created new log segment /tmp/workdir/hadoop-ozone/integration-test/target/test-dir/MiniOzoneClusterImpl-2dcec543-5fd7-4a84-bbd3-b374c7b8b407/datanode-5/data/ratis/36acf9e8-ee7b-48f5-befb-843503845ba9/current/log_inprogress_0
2019-07-13 09:26:19,332 INFO  segmented.SegmentedRaftLogWorker (SegmentedRaftLogWorker.java:execute(569)) - 8e98056f-57f0-47b6-8eb5-fd3e17e41c5b-SegmentedRaftLogWorker:Storage Directory /tmp/workdir/hadoop-ozone/integration-test/target/test-dir/MiniOzoneClusterImpl-2dcec543-5fd7-4a84-bbd3-b374c7b8b407/datanode-4/data/ratis/98141db8-53d8-418b-a252-9e30514a5ea5: created new log segment /tmp/workdir/hadoop-ozone/integration-test/target/test-dir/MiniOzoneClusterImpl-2dcec543-5fd7-4a84-bbd3-b374c7b8b407/datanode-4/data/ratis/98141db8-53d8-418b-a252-9e30514a5ea5/current/log_inprogress_0
2019-07-13 09:26:19,394 INFO  impl.FollowerState (FollowerState.java:run(106)) - 219dd85b-679e-417a-b78d-9527d8cee6a1:group-1D499817FC2A changes to CANDIDATE, lastRpcTime:5132, electionTimeout:5132ms
2019-07-13 09:26:19,396 INFO  impl.RoleInfo (RoleInfo.java:shutdownFollowerState(121)) - 219dd85b-679e-417a-b78d-9527d8cee6a1: shutdown FollowerState
2019-07-13 09:26:19,397 INFO  impl.RaftServerImpl (RaftServerImpl.java:setRole(171)) - 219dd85b-679e-417a-b78d-9527d8cee6a1:group-1D499817FC2A changes role from FOLLOWER to CANDIDATE at term 0 for changeToCandidate
2019-07-13 09:26:19,397 INFO  impl.RoleInfo (RoleInfo.java:updateAndGet(143)) - 219dd85b-679e-417a-b78d-9527d8cee6a1: start LeaderElection
2019-07-13 09:26:19,416 INFO  impl.LeaderElection (LeaderElection.java:askForVotes(181)) - 219dd85b-679e-417a-b78d-9527d8cee6a1:group-1D499817FC2A:LeaderElection4: begin an election at term 1 for -1: [219dd85b-679e-417a-b78d-9527d8cee6a1:192.168.69.96:39899], old=null
2019-07-13 09:26:19,418 INFO  impl.RoleInfo (RoleInfo.java:shutdownLeaderElection(134)) - 219dd85b-679e-417a-b78d-9527d8cee6a1: shutdown LeaderElection
2019-07-13 09:26:19,418 INFO  impl.RaftServerImpl (RaftServerImpl.java:setRole(171)) - 219dd85b-679e-417a-b78d-9527d8cee6a1:group-1D499817FC2A changes role from CANDIDATE to LEADER at term 1 for changeToLeader
2019-07-13 09:26:19,418 INFO  impl.RaftServerImpl (ServerState.java:setLeader(263)) - 219dd85b-679e-417a-b78d-9527d8cee6a1:group-1D499817FC2A change Leader from null to 219dd85b-679e-417a-b78d-9527d8cee6a1 at term 1 for becomeLeader, leader elected after 5162ms
2019-07-13 09:26:19,420 INFO  server.RaftServerConfigKeys (ConfUtils.java:logGet(43)) - raft.server.staging.catchup.gap = 1000 (default)
2019-07-13 09:26:19,420 INFO  server.RaftServerConfigKeys (ConfUtils.java:logGet(43)) - raft.server.rpc.sleep.time = 25ms (default)
2019-07-13 09:26:19,421 INFO  server.RaftServerConfigKeys (ConfUtils.java:logGet(43)) - raft.server.write.element-limit = 4096 (default)
2019-07-13 09:26:19,421 INFO  server.RaftServerConfigKeys (ConfUtils.java:logGet(43)) - raft.server.watch.timeout = 10s (default)
2019-07-13 09:26:19,421 INFO  server.RaftServerConfigKeys (ConfUtils.java:logGet(43)) - raft.server.watch.timeout.denomination = 1s (default)
2019-07-13 09:26:19,421 INFO  server.RaftServerConfigKeys (ConfUtils.java:logGet(43)) - raft.server.watch.element-limit = 65536 (default)
2019-07-13 09:26:19,422 INFO  impl.RoleInfo (RoleInfo.java:updateAndGet(143)) - 219dd85b-679e-417a-b78d-9527d8cee6a1: start LeaderState
2019-07-13 09:26:19,422 INFO  segmented.SegmentedRaftLogWorker (SegmentedRaftLogWorker.java:startLogSegment(380)) - 219dd85b-679e-417a-b78d-9527d8cee6a1-SegmentedRaftLogWorker:Storage Directory /tmp/workdir/hadoop-ozone/integration-test/target/test-dir/MiniOzoneClusterImpl-2dcec543-5fd7-4a84-bbd3-b374c7b8b407/datanode-6/data/ratis/b33ceb0a-6058-4b66-9040-1d499817fc2a: Starting segment from index:0
2019-07-13 09:26:19,422 INFO  impl.RaftServerImpl (ServerState.java:setRaftConf(361)) - 219dd85b-679e-417a-b78d-9527d8cee6a1:group-1D499817FC2A set configuration 0: [219dd85b-679e-417a-b78d-9527d8cee6a1:192.168.69.96:39899], old=null at 0
2019-07-13 09:26:19,454 INFO  segmented.SegmentedRaftLogWorker (SegmentedRaftLogWorker.java:execute(569)) - 219dd85b-679e-417a-b78d-9527d8cee6a1-SegmentedRaftLogWorker:Storage Directory /tmp/workdir/hadoop-ozone/integration-test/target/test-dir/MiniOzoneClusterImpl-2dcec543-5fd7-4a84-bbd3-b374c7b8b407/datanode-6/data/ratis/b33ceb0a-6058-4b66-9040-1d499817fc2a: created new log segment /tmp/workdir/hadoop-ozone/integration-test/target/test-dir/MiniOzoneClusterImpl-2dcec543-5fd7-4a84-bbd3-b374c7b8b407/datanode-6/data/ratis/b33ceb0a-6058-4b66-9040-1d499817fc2a/current/log_inprogress_0
2019-07-13 09:26:19,518 INFO  impl.FollowerState (FollowerState.java:run(106)) - 83f43fcf-a984-4281-8ae3-f43af691a8ba:group-278D535BF00A changes to CANDIDATE, lastRpcTime:5065, electionTimeout:5065ms
2019-07-13 09:26:19,518 INFO  impl.RoleInfo (RoleInfo.java:shutdownFollowerState(121)) - 83f43fcf-a984-4281-8ae3-f43af691a8ba: shutdown FollowerState
2019-07-13 09:26:19,518 INFO  impl.RaftServerImpl (RaftServerImpl.java:setRole(171)) - 83f43fcf-a984-4281-8ae3-f43af691a8ba:group-278D535BF00A changes role from FOLLOWER to CANDIDATE at term 0 for changeToCandidate
2019-07-13 09:26:19,519 INFO  impl.RoleInfo (RoleInfo.java:updateAndGet(143)) - 83f43fcf-a984-4281-8ae3-f43af691a8ba: start LeaderElection
2019-07-13 09:26:19,525 INFO  impl.FollowerState (FollowerState.java:run(106)) - d3b1e4ec-938b-429a-9ecf-2df7d003078e:group-6F9E7C9867BD changes to CANDIDATE, lastRpcTime:5161, electionTimeout:5159ms
2019-07-13 09:26:19,527 INFO  impl.RoleInfo (RoleInfo.java:shutdownFollowerState(121)) - d3b1e4ec-938b-429a-9ecf-2df7d003078e: shutdown FollowerState
2019-07-13 09:26:19,527 INFO  impl.RaftServerImpl (RaftServerImpl.java:setRole(171)) - d3b1e4ec-938b-429a-9ecf-2df7d003078e:group-6F9E7C9867BD changes role from FOLLOWER to CANDIDATE at term 0 for changeToCandidate
2019-07-13 09:26:19,528 INFO  impl.RoleInfo (RoleInfo.java:updateAndGet(143)) - d3b1e4ec-938b-429a-9ecf-2df7d003078e: start LeaderElection
2019-07-13 09:26:19,552 INFO  impl.LeaderElection (LeaderElection.java:askForVotes(181)) - 83f43fcf-a984-4281-8ae3-f43af691a8ba:group-278D535BF00A:LeaderElection5: begin an election at term 1 for -1: [83f43fcf-a984-4281-8ae3-f43af691a8ba:192.168.69.96:38609], old=null
2019-07-13 09:26:19,553 INFO  impl.LeaderElection (LeaderElection.java:askForVotes(181)) - d3b1e4ec-938b-429a-9ecf-2df7d003078e:group-6F9E7C9867BD:LeaderElection6: begin an election at term 1 for -1: [d3b1e4ec-938b-429a-9ecf-2df7d003078e:192.168.69.96:37802], old=null
2019-07-13 09:26:19,553 INFO  impl.RoleInfo (RoleInfo.java:shutdownLeaderElection(134)) - 83f43fcf-a984-4281-8ae3-f43af691a8ba: shutdown LeaderElection
2019-07-13 09:26:19,553 INFO  impl.RoleInfo (RoleInfo.java:shutdownLeaderElection(134)) - d3b1e4ec-938b-429a-9ecf-2df7d003078e: shutdown LeaderElection
2019-07-13 09:26:19,553 INFO  impl.RaftServerImpl (RaftServerImpl.java:setRole(171)) - 83f43fcf-a984-4281-8ae3-f43af691a8ba:group-278D535BF00A changes role from CANDIDATE to LEADER at term 1 for changeToLeader
2019-07-13 09:26:19,553 INFO  impl.RaftServerImpl (RaftServerImpl.java:setRole(171)) - d3b1e4ec-938b-429a-9ecf-2df7d003078e:group-6F9E7C9867BD changes role from CANDIDATE to LEADER at term 1 for changeToLeader
2019-07-13 09:26:19,553 INFO  impl.RaftServerImpl (ServerState.java:setLeader(263)) - 83f43fcf-a984-4281-8ae3-f43af691a8ba:group-278D535BF00A change Leader from null to 83f43fcf-a984-4281-8ae3-f43af691a8ba at term 1 for becomeLeader, leader elected after 5106ms
2019-07-13 09:26:19,553 INFO  impl.RaftServerImpl (ServerState.java:setLeader(263)) - d3b1e4ec-938b-429a-9ecf-2df7d003078e:group-6F9E7C9867BD change Leader from null to d3b1e4ec-938b-429a-9ecf-2df7d003078e at term 1 for becomeLeader, leader elected after 5198ms
2019-07-13 09:26:19,555 INFO  server.RaftServerConfigKeys (ConfUtils.java:logGet(43)) - raft.server.staging.catchup.gap = 1000 (default)
2019-07-13 09:26:19,557 INFO  server.RaftServerConfigKeys (ConfUtils.java:logGet(43)) - raft.server.staging.catchup.gap = 1000 (default)
2019-07-13 09:26:19,557 INFO  server.RaftServerConfigKeys (ConfUtils.java:logGet(43)) - raft.server.rpc.sleep.time = 25ms (default)
2019-07-13 09:26:19,557 INFO  server.RaftServerConfigKeys (ConfUtils.java:logGet(43)) - raft.server.rpc.sleep.time = 25ms (default)
2019-07-13 09:26:19,558 INFO  server.RaftServerConfigKeys (ConfUtils.java:logGet(43)) - raft.server.write.element-limit = 4096 (default)
2019-07-13 09:26:19,558 INFO  server.RaftServerConfigKeys (ConfUtils.java:logGet(43)) - raft.server.write.element-limit = 4096 (default)
2019-07-13 09:26:19,558 INFO  server.RaftServerConfigKeys (ConfUtils.java:logGet(43)) - raft.server.watch.timeout = 10s (default)
2019-07-13 09:26:19,558 INFO  server.RaftServerConfigKeys (ConfUtils.java:logGet(43)) - raft.server.watch.timeout = 10s (default)
2019-07-13 09:26:19,558 INFO  server.RaftServerConfigKeys (ConfUtils.java:logGet(43)) - raft.server.watch.timeout.denomination = 1s (default)
2019-07-13 09:26:19,558 INFO  server.RaftServerConfigKeys (ConfUtils.java:logGet(43)) - raft.server.watch.timeout.denomination = 1s (default)
2019-07-13 09:26:19,559 INFO  server.RaftServerConfigKeys (ConfUtils.java:logGet(43)) - raft.server.watch.element-limit = 65536 (default)
2019-07-13 09:26:19,559 INFO  server.RaftServerConfigKeys (ConfUtils.java:logGet(43)) - raft.server.watch.element-limit = 65536 (default)
2019-07-13 09:26:19,559 INFO  impl.RoleInfo (RoleInfo.java:updateAndGet(143)) - 83f43fcf-a984-4281-8ae3-f43af691a8ba: start LeaderState
2019-07-13 09:26:19,559 INFO  impl.RoleInfo (RoleInfo.java:updateAndGet(143)) - d3b1e4ec-938b-429a-9ecf-2df7d003078e: start LeaderState
2019-07-13 09:26:19,559 INFO  segmented.SegmentedRaftLogWorker (SegmentedRaftLogWorker.java:startLogSegment(380)) - 83f43fcf-a984-4281-8ae3-f43af691a8ba-SegmentedRaftLogWorker:Storage Directory /tmp/workdir/hadoop-ozone/integration-test/target/test-dir/MiniOzoneClusterImpl-2dcec543-5fd7-4a84-bbd3-b374c7b8b407/datanode-1/data/ratis/467892a3-7ecf-4311-90fd-278d535bf00a: Starting segment from index:0
2019-07-13 09:26:19,559 INFO  segmented.SegmentedRaftLogWorker (SegmentedRaftLogWorker.java:startLogSegment(380)) - d3b1e4ec-938b-429a-9ecf-2df7d003078e-SegmentedRaftLogWorker:Storage Directory /tmp/workdir/hadoop-ozone/integration-test/target/test-dir/MiniOzoneClusterImpl-2dcec543-5fd7-4a84-bbd3-b374c7b8b407/datanode-3/data/ratis/062da27d-8966-4d70-8e8c-6f9e7c9867bd: Starting segment from index:0
2019-07-13 09:26:19,560 INFO  impl.RaftServerImpl (ServerState.java:setRaftConf(361)) - 83f43fcf-a984-4281-8ae3-f43af691a8ba:group-278D535BF00A set configuration 0: [83f43fcf-a984-4281-8ae3-f43af691a8ba:192.168.69.96:38609], old=null at 0
2019-07-13 09:26:19,582 INFO  impl.RaftServerImpl (ServerState.java:setRaftConf(361)) - d3b1e4ec-938b-429a-9ecf-2df7d003078e:group-6F9E7C9867BD set configuration 0: [d3b1e4ec-938b-429a-9ecf-2df7d003078e:192.168.69.96:37802], old=null at 0
2019-07-13 09:26:19,595 INFO  segmented.SegmentedRaftLogWorker (SegmentedRaftLogWorker.java:execute(569)) - 83f43fcf-a984-4281-8ae3-f43af691a8ba-SegmentedRaftLogWorker:Storage Directory /tmp/workdir/hadoop-ozone/integration-test/target/test-dir/MiniOzoneClusterImpl-2dcec543-5fd7-4a84-bbd3-b374c7b8b407/datanode-1/data/ratis/467892a3-7ecf-4311-90fd-278d535bf00a: created new log segment /tmp/workdir/hadoop-ozone/integration-test/target/test-dir/MiniOzoneClusterImpl-2dcec543-5fd7-4a84-bbd3-b374c7b8b407/datanode-1/data/ratis/467892a3-7ecf-4311-90fd-278d535bf00a/current/log_inprogress_0
2019-07-13 09:26:19,595 INFO  segmented.SegmentedRaftLogWorker (SegmentedRaftLogWorker.java:execute(569)) - d3b1e4ec-938b-429a-9ecf-2df7d003078e-SegmentedRaftLogWorker:Storage Directory /tmp/workdir/hadoop-ozone/integration-test/target/test-dir/MiniOzoneClusterImpl-2dcec543-5fd7-4a84-bbd3-b374c7b8b407/datanode-3/data/ratis/062da27d-8966-4d70-8e8c-6f9e7c9867bd: created new log segment /tmp/workdir/hadoop-ozone/integration-test/target/test-dir/MiniOzoneClusterImpl-2dcec543-5fd7-4a84-bbd3-b374c7b8b407/datanode-3/data/ratis/062da27d-8966-4d70-8e8c-6f9e7c9867bd/current/log_inprogress_0
2019-07-13 09:26:19,663 INFO  impl.FollowerState (FollowerState.java:run(106)) - 9b4cff66-0aab-4af9-b8b1-38945e030732:group-9009A398CC1D changes to CANDIDATE, lastRpcTime:5110, electionTimeout:5110ms
2019-07-13 09:26:19,672 INFO  impl.RoleInfo (RoleInfo.java:shutdownFollowerState(121)) - 9b4cff66-0aab-4af9-b8b1-38945e030732: shutdown FollowerState
2019-07-13 09:26:19,672 INFO  impl.RaftServerImpl (RaftServerImpl.java:setRole(171)) - 9b4cff66-0aab-4af9-b8b1-38945e030732:group-9009A398CC1D changes role from FOLLOWER to CANDIDATE at term 0 for changeToCandidate
2019-07-13 09:26:19,673 INFO  impl.RoleInfo (RoleInfo.java:updateAndGet(143)) - 9b4cff66-0aab-4af9-b8b1-38945e030732: start LeaderElection
2019-07-13 09:26:19,684 INFO  impl.LeaderElection (LeaderElection.java:askForVotes(181)) - 9b4cff66-0aab-4af9-b8b1-38945e030732:group-9009A398CC1D:LeaderElection7: begin an election at term 1 for -1: [9b4cff66-0aab-4af9-b8b1-38945e030732:192.168.69.96:36369], old=null
2019-07-13 09:26:19,686 INFO  impl.RoleInfo (RoleInfo.java:shutdownLeaderElection(134)) - 9b4cff66-0aab-4af9-b8b1-38945e030732: shutdown LeaderElection
2019-07-13 09:26:19,686 INFO  impl.RaftServerImpl (RaftServerImpl.java:setRole(171)) - 9b4cff66-0aab-4af9-b8b1-38945e030732:group-9009A398CC1D changes role from CANDIDATE to LEADER at term 1 for changeToLeader
2019-07-13 09:26:19,686 INFO  impl.RaftServerImpl (ServerState.java:setLeader(263)) - 9b4cff66-0aab-4af9-b8b1-38945e030732:group-9009A398CC1D change Leader from null to 9b4cff66-0aab-4af9-b8b1-38945e030732 at term 1 for becomeLeader, leader elected after 5139ms
2019-07-13 09:26:19,688 INFO  server.RaftServerConfigKeys (ConfUtils.java:logGet(43)) - raft.server.staging.catchup.gap = 1000 (default)
2019-07-13 09:26:19,689 INFO  server.RaftServerConfigKeys (ConfUtils.java:logGet(43)) - raft.server.rpc.sleep.time = 25ms (default)
2019-07-13 09:26:19,689 INFO  server.RaftServerConfigKeys (ConfUtils.java:logGet(43)) - raft.server.write.element-limit = 4096 (default)
2019-07-13 09:26:19,689 INFO  server.RaftServerConfigKeys (ConfUtils.java:logGet(43)) - raft.server.watch.timeout = 10s (default)
2019-07-13 09:26:19,689 INFO  server.RaftServerConfigKeys (ConfUtils.java:logGet(43)) - raft.server.watch.timeout.denomination = 1s (default)
2019-07-13 09:26:19,689 INFO  server.RaftServerConfigKeys (ConfUtils.java:logGet(43)) - raft.server.watch.element-limit = 65536 (default)
2019-07-13 09:26:19,690 INFO  impl.RoleInfo (RoleInfo.java:updateAndGet(143)) - 9b4cff66-0aab-4af9-b8b1-38945e030732: start LeaderState
2019-07-13 09:26:19,690 INFO  segmented.SegmentedRaftLogWorker (SegmentedRaftLogWorker.java:startLogSegment(380)) - 9b4cff66-0aab-4af9-b8b1-38945e030732-SegmentedRaftLogWorker:Storage Directory /tmp/workdir/hadoop-ozone/integration-test/target/test-dir/MiniOzoneClusterImpl-2dcec543-5fd7-4a84-bbd3-b374c7b8b407/datanode-2/data/ratis/f5e03488-b210-42f2-a2b3-9009a398cc1d: Starting segment from index:0
2019-07-13 09:26:19,691 INFO  impl.RaftServerImpl (ServerState.java:setRaftConf(361)) - 9b4cff66-0aab-4af9-b8b1-38945e030732:group-9009A398CC1D set configuration 0: [9b4cff66-0aab-4af9-b8b1-38945e030732:192.168.69.96:36369], old=null at 0
2019-07-13 09:26:19,712 INFO  impl.FollowerState (FollowerState.java:run(106)) - 8e98056f-57f0-47b6-8eb5-fd3e17e41c5b:group-D6172F60DFF0 changes to CANDIDATE, lastRpcTime:5027, electionTimeout:5016ms
2019-07-13 09:26:19,713 INFO  impl.RoleInfo (RoleInfo.java:shutdownFollowerState(121)) - 8e98056f-57f0-47b6-8eb5-fd3e17e41c5b: shutdown FollowerState
2019-07-13 09:26:19,713 INFO  impl.RaftServerImpl (RaftServerImpl.java:setRole(171)) - 8e98056f-57f0-47b6-8eb5-fd3e17e41c5b:group-D6172F60DFF0 changes role from FOLLOWER to CANDIDATE at term 0 for changeToCandidate
2019-07-13 09:26:19,713 INFO  impl.RoleInfo (RoleInfo.java:updateAndGet(143)) - 8e98056f-57f0-47b6-8eb5-fd3e17e41c5b: start LeaderElection
2019-07-13 09:26:19,716 INFO  segmented.SegmentedRaftLogWorker (SegmentedRaftLogWorker.java:execute(569)) - 9b4cff66-0aab-4af9-b8b1-38945e030732-SegmentedRaftLogWorker:Storage Directory /tmp/workdir/hadoop-ozone/integration-test/target/test-dir/MiniOzoneClusterImpl-2dcec543-5fd7-4a84-bbd3-b374c7b8b407/datanode-2/data/ratis/f5e03488-b210-42f2-a2b3-9009a398cc1d: created new log segment /tmp/workdir/hadoop-ozone/integration-test/target/test-dir/MiniOzoneClusterImpl-2dcec543-5fd7-4a84-bbd3-b374c7b8b407/datanode-2/data/ratis/f5e03488-b210-42f2-a2b3-9009a398cc1d/current/log_inprogress_0
2019-07-13 09:26:19,721 INFO  impl.LeaderElection (LeaderElection.java:askForVotes(181)) - 8e98056f-57f0-47b6-8eb5-fd3e17e41c5b:group-D6172F60DFF0:LeaderElection8: begin an election at term 1 for -1: [e43469d1-feeb-4337-b3a6-c41c4697ae96:192.168.69.96:37743, 8e98056f-57f0-47b6-8eb5-fd3e17e41c5b:192.168.69.96:38732, 7dbc828f-eae1-4c39-8e5e-67ab191d64a2:192.168.69.96:44397], old=null
2019-07-13 09:26:19,734 INFO  impl.FollowerState (FollowerState.java:run(106)) - 7dbc828f-eae1-4c39-8e5e-67ab191d64a2:group-D6172F60DFF0 changes to CANDIDATE, lastRpcTime:5046, electionTimeout:5042ms
2019-07-13 09:26:19,736 INFO  impl.RoleInfo (RoleInfo.java:shutdownFollowerState(121)) - 7dbc828f-eae1-4c39-8e5e-67ab191d64a2: shutdown FollowerState
2019-07-13 09:26:19,738 INFO  impl.RaftServerImpl (RaftServerImpl.java:setRole(171)) - 7dbc828f-eae1-4c39-8e5e-67ab191d64a2:group-D6172F60DFF0 changes role from FOLLOWER to CANDIDATE at term 0 for changeToCandidate
2019-07-13 09:26:19,738 INFO  impl.RoleInfo (RoleInfo.java:updateAndGet(143)) - 7dbc828f-eae1-4c39-8e5e-67ab191d64a2: start LeaderElection
2019-07-13 09:26:19,748 INFO  impl.LeaderElection (LeaderElection.java:askForVotes(181)) - 7dbc828f-eae1-4c39-8e5e-67ab191d64a2:group-D6172F60DFF0:LeaderElection9: begin an election at term 1 for -1: [e43469d1-feeb-4337-b3a6-c41c4697ae96:192.168.69.96:37743, 8e98056f-57f0-47b6-8eb5-fd3e17e41c5b:192.168.69.96:38732, 7dbc828f-eae1-4c39-8e5e-67ab191d64a2:192.168.69.96:44397], old=null
2019-07-13 09:26:19,758 INFO  impl.FollowerState (FollowerState.java:run(106)) - e43469d1-feeb-4337-b3a6-c41c4697ae96:group-D6172F60DFF0 changes to CANDIDATE, lastRpcTime:5081, electionTimeout:5076ms
2019-07-13 09:26:19,758 INFO  impl.RoleInfo (RoleInfo.java:shutdownFollowerState(121)) - e43469d1-feeb-4337-b3a6-c41c4697ae96: shutdown FollowerState
2019-07-13 09:26:19,761 INFO  impl.RaftServerImpl (RaftServerImpl.java:setRole(171)) - e43469d1-feeb-4337-b3a6-c41c4697ae96:group-D6172F60DFF0 changes role from FOLLOWER to CANDIDATE at term 0 for changeToCandidate
2019-07-13 09:26:19,761 INFO  impl.RoleInfo (RoleInfo.java:updateAndGet(143)) - e43469d1-feeb-4337-b3a6-c41c4697ae96: start LeaderElection
2019-07-13 09:26:19,775 INFO  impl.LeaderElection (LeaderElection.java:askForVotes(181)) - e43469d1-feeb-4337-b3a6-c41c4697ae96:group-D6172F60DFF0:LeaderElection10: begin an election at term 1 for -1: [e43469d1-feeb-4337-b3a6-c41c4697ae96:192.168.69.96:37743, 8e98056f-57f0-47b6-8eb5-fd3e17e41c5b:192.168.69.96:38732, 7dbc828f-eae1-4c39-8e5e-67ab191d64a2:192.168.69.96:44397], old=null
2019-07-13 09:26:19,797 INFO  impl.LeaderElection (LeaderElection.java:logAndReturn(56)) - 8e98056f-57f0-47b6-8eb5-fd3e17e41c5b:group-D6172F60DFF0:LeaderElection8: Election REJECTED; received 2 response(s) [8e98056f-57f0-47b6-8eb5-fd3e17e41c5b<-e43469d1-feeb-4337-b3a6-c41c4697ae96#0:FAIL-t1, 8e98056f-57f0-47b6-8eb5-fd3e17e41c5b<-7dbc828f-eae1-4c39-8e5e-67ab191d64a2#0:FAIL-t1] and 0 exception(s); 8e98056f-57f0-47b6-8eb5-fd3e17e41c5b:t1, leader=null, voted=8e98056f-57f0-47b6-8eb5-fd3e17e41c5b, raftlog=8e98056f-57f0-47b6-8eb5-fd3e17e41c5b-SegmentedRaftLog:OPENED:c-1,f-1,i0, conf=-1: [e43469d1-feeb-4337-b3a6-c41c4697ae96:192.168.69.96:37743, 8e98056f-57f0-47b6-8eb5-fd3e17e41c5b:192.168.69.96:38732, 7dbc828f-eae1-4c39-8e5e-67ab191d64a2:192.168.69.96:44397], old=null
2019-07-13 09:26:19,801 INFO  impl.RaftServerImpl (RaftServerImpl.java:setRole(171)) - 8e98056f-57f0-47b6-8eb5-fd3e17e41c5b:group-D6172F60DFF0 changes role from CANDIDATE to FOLLOWER at term 1 for DISCOVERED_A_NEW_TERM
2019-07-13 09:26:19,801 INFO  impl.RoleInfo (RoleInfo.java:shutdownLeaderElection(134)) - 8e98056f-57f0-47b6-8eb5-fd3e17e41c5b: shutdown LeaderElection
2019-07-13 09:26:19,802 INFO  impl.RoleInfo (RoleInfo.java:updateAndGet(143)) - 8e98056f-57f0-47b6-8eb5-fd3e17e41c5b: start FollowerState
2019-07-13 09:26:19,802 INFO  impl.LeaderElection (LeaderElection.java:logAndReturn(56)) - 7dbc828f-eae1-4c39-8e5e-67ab191d64a2:group-D6172F60DFF0:LeaderElection9: Election REJECTED; received 2 response(s) [7dbc828f-eae1-4c39-8e5e-67ab191d64a2<-e43469d1-feeb-4337-b3a6-c41c4697ae96#0:FAIL-t1, 7dbc828f-eae1-4c39-8e5e-67ab191d64a2<-8e98056f-57f0-47b6-8eb5-fd3e17e41c5b#0:FAIL-t1] and 0 exception(s); 7dbc828f-eae1-4c39-8e5e-67ab191d64a2:t1, leader=null, voted=7dbc828f-eae1-4c39-8e5e-67ab191d64a2, raftlog=7dbc828f-eae1-4c39-8e5e-67ab191d64a2-SegmentedRaftLog:OPENED:c-1,f-1,i0, conf=-1: [e43469d1-feeb-4337-b3a6-c41c4697ae96:192.168.69.96:37743, 8e98056f-57f0-47b6-8eb5-fd3e17e41c5b:192.168.69.96:38732, 7dbc828f-eae1-4c39-8e5e-67ab191d64a2:192.168.69.96:44397], old=null
2019-07-13 09:26:19,807 INFO  impl.RaftServerImpl (RaftServerImpl.java:setRole(171)) - 7dbc828f-eae1-4c39-8e5e-67ab191d64a2:group-D6172F60DFF0 changes role from CANDIDATE to FOLLOWER at term 1 for DISCOVERED_A_NEW_TERM
2019-07-13 09:26:19,808 INFO  impl.RoleInfo (RoleInfo.java:shutdownLeaderElection(134)) - 7dbc828f-eae1-4c39-8e5e-67ab191d64a2: shutdown LeaderElection
2019-07-13 09:26:19,808 INFO  impl.RoleInfo (RoleInfo.java:updateAndGet(143)) - 7dbc828f-eae1-4c39-8e5e-67ab191d64a2: start FollowerState
2019-07-13 09:26:19,832 INFO  client.GrpcClientProtocolClient (GrpcClientProtocolClient.java:onNext(255)) - client-3109230B139B->d3b1e4ec-938b-429a-9ecf-2df7d003078e: receive RaftClientReply:client-3109230B139B->d3b1e4ec-938b-429a-9ecf-2df7d003078e@group-7BBEC99ED4F7, cid=13, FAILED org.apache.ratis.protocol.NotLeaderException: Server d3b1e4ec-938b-429a-9ecf-2df7d003078e is not the leader (null). Request must be sent to leader., logIndex=0, commits[d3b1e4ec-938b-429a-9ecf-2df7d003078e:c-1]
2019-07-13 09:26:19,836 INFO  impl.LeaderElection (LeaderElection.java:logAndReturn(56)) - e43469d1-feeb-4337-b3a6-c41c4697ae96:group-D6172F60DFF0:LeaderElection10: Election REJECTED; received 2 response(s) [e43469d1-feeb-4337-b3a6-c41c4697ae96<-8e98056f-57f0-47b6-8eb5-fd3e17e41c5b#0:FAIL-t1, e43469d1-feeb-4337-b3a6-c41c4697ae96<-7dbc828f-eae1-4c39-8e5e-67ab191d64a2#0:FAIL-t1] and 0 exception(s); e43469d1-feeb-4337-b3a6-c41c4697ae96:t1, leader=null, voted=e43469d1-feeb-4337-b3a6-c41c4697ae96, raftlog=e43469d1-feeb-4337-b3a6-c41c4697ae96-SegmentedRaftLog:OPENED:c-1,f-1,i0, conf=-1: [e43469d1-feeb-4337-b3a6-c41c4697ae96:192.168.69.96:37743, 8e98056f-57f0-47b6-8eb5-fd3e17e41c5b:192.168.69.96:38732, 7dbc828f-eae1-4c39-8e5e-67ab191d64a2:192.168.69.96:44397], old=null
2019-07-13 09:26:19,836 INFO  impl.RaftServerImpl (RaftServerImpl.java:setRole(171)) - e43469d1-feeb-4337-b3a6-c41c4697ae96:group-D6172F60DFF0 changes role from CANDIDATE to FOLLOWER at term 1 for DISCOVERED_A_NEW_TERM
2019-07-13 09:26:19,836 INFO  impl.RoleInfo (RoleInfo.java:shutdownLeaderElection(134)) - e43469d1-feeb-4337-b3a6-c41c4697ae96: shutdown LeaderElection
2019-07-13 09:26:19,839 INFO  impl.RoleInfo (RoleInfo.java:updateAndGet(143)) - e43469d1-feeb-4337-b3a6-c41c4697ae96: start FollowerState
2019-07-13 09:26:19,842 INFO  impl.FollowerState (FollowerState.java:run(106)) - 219dd85b-679e-417a-b78d-9527d8cee6a1:group-7BBEC99ED4F7 changes to CANDIDATE, lastRpcTime:5020, electionTimeout:5014ms
2019-07-13 09:26:19,844 INFO  impl.RoleInfo (RoleInfo.java:shutdownFollowerState(121)) - 219dd85b-679e-417a-b78d-9527d8cee6a1: shutdown FollowerState
2019-07-13 09:26:19,845 INFO  impl.RaftServerImpl (RaftServerImpl.java:setRole(171)) - 219dd85b-679e-417a-b78d-9527d8cee6a1:group-7BBEC99ED4F7 changes role from FOLLOWER to CANDIDATE at term 0 for changeToCandidate
2019-07-13 09:26:19,845 INFO  impl.RoleInfo (RoleInfo.java:updateAndGet(143)) - 219dd85b-679e-417a-b78d-9527d8cee6a1: start LeaderElection
2019-07-13 09:26:19,853 INFO  impl.FollowerState (FollowerState.java:run(106)) - 83f43fcf-a984-4281-8ae3-f43af691a8ba:group-7BBEC99ED4F7 changes to CANDIDATE, lastRpcTime:5033, electionTimeout:5033ms
2019-07-13 09:26:19,853 INFO  impl.RoleInfo (RoleInfo.java:shutdownFollowerState(121)) - 83f43fcf-a984-4281-8ae3-f43af691a8ba: shutdown FollowerState
2019-07-13 09:26:19,853 INFO  impl.RaftServerImpl (RaftServerImpl.java:setRole(171)) - 83f43fcf-a984-4281-8ae3-f43af691a8ba:group-7BBEC99ED4F7 changes role from FOLLOWER to CANDIDATE at term 0 for changeToCandidate
2019-07-13 09:26:19,853 INFO  impl.RoleInfo (RoleInfo.java:updateAndGet(143)) - 83f43fcf-a984-4281-8ae3-f43af691a8ba: start LeaderElection
2019-07-13 09:26:19,863 WARN  io.KeyOutputStream (KeyOutputStream.java:handleException(276)) - Encountered exception java.io.IOException: Unexpected Storage Container Exception: java.util.concurrent.CompletionException: java.util.concurrent.CompletionException: org.apache.ratis.protocol.RaftRetryFailureException: Failed RaftClientRequest:client-3109230B139B->d3b1e4ec-938b-429a-9ecf-2df7d003078e@group-7BBEC99ED4F7, cid=13, seq=1*, RW, org.apache.hadoop.hdds.scm.XceiverClientRatis$$Lambda$309/674659751@eac3129 for 5 attempts with RetryLimited(maxAttempts=5, sleepTime=1000ms) on the pipeline Pipeline[ Id: 6561c6cf-f249-42bc-8d87-7bbec99ed4f7, Nodes: 219dd85b-679e-417a-b78d-9527d8cee6a1{ip: 192.168.69.96, host: trunk-nightly-hmp62-43275749, networkLocation: /default-rack, certSerialId: null}d3b1e4ec-938b-429a-9ecf-2df7d003078e{ip: 192.168.69.96, host: trunk-nightly-hmp62-43275749, networkLocation: /default-rack, certSerialId: null}83f43fcf-a984-4281-8ae3-f43af691a8ba{ip: 192.168.69.96, host: trunk-nightly-hmp62-43275749, networkLocation: /default-rack, certSerialId: null}, Type:RATIS, Factor:THREE, State:OPEN]. The last committed block length is 0, uncommitted data length is 400 retry count 0
2019-07-13 09:26:19,871 INFO  impl.LeaderElection (LeaderElection.java:askForVotes(181)) - 83f43fcf-a984-4281-8ae3-f43af691a8ba:group-7BBEC99ED4F7:LeaderElection12: begin an election at term 1 for -1: [d3b1e4ec-938b-429a-9ecf-2df7d003078e:192.168.69.96:37802, 83f43fcf-a984-4281-8ae3-f43af691a8ba:192.168.69.96:38609, 219dd85b-679e-417a-b78d-9527d8cee6a1:192.168.69.96:39899], old=null
2019-07-13 09:26:19,885 INFO  impl.RaftServerImpl (RaftServerImpl.java:setRole(171)) - d3b1e4ec-938b-429a-9ecf-2df7d003078e:group-7BBEC99ED4F7 changes role from FOLLOWER to FOLLOWER at term 1 for recognizeCandidate:83f43fcf-a984-4281-8ae3-f43af691a8ba
2019-07-13 09:26:19,887 INFO  impl.RoleInfo (RoleInfo.java:shutdownFollowerState(121)) - d3b1e4ec-938b-429a-9ecf-2df7d003078e: shutdown FollowerState
2019-07-13 09:26:19,889 INFO  impl.RaftServerImpl (RaftServerImpl.java:setRole(171)) - 219dd85b-679e-417a-b78d-9527d8cee6a1:group-7BBEC99ED4F7 changes role from CANDIDATE to FOLLOWER at term 1 for recognizeCandidate:83f43fcf-a984-4281-8ae3-f43af691a8ba
2019-07-13 09:26:19,889 INFO  impl.RoleInfo (RoleInfo.java:updateAndGet(143)) - d3b1e4ec-938b-429a-9ecf-2df7d003078e: start FollowerState
2019-07-13 09:26:19,889 INFO  impl.FollowerState (FollowerState.java:run(114)) - d3b1e4ec-938b-429a-9ecf-2df7d003078e: FollowerState was interrupted: java.lang.InterruptedException: sleep interrupted
2019-07-13 09:26:19,889 INFO  impl.RoleInfo (RoleInfo.java:shutdownLeaderElection(134)) - 219dd85b-679e-417a-b78d-9527d8cee6a1: shutdown LeaderElection
2019-07-13 09:26:19,892 INFO  impl.RoleInfo (RoleInfo.java:updateAndGet(143)) - 219dd85b-679e-417a-b78d-9527d8cee6a1: start FollowerState
2019-07-13 09:26:19,914 INFO  client.GrpcClientProtocolClient (GrpcClientProtocolClient.java:onNext(255)) - client-5285B542BB62->7dbc828f-eae1-4c39-8e5e-67ab191d64a2: receive RaftClientReply:client-5285B542BB62->7dbc828f-eae1-4c39-8e5e-67ab191d64a2@group-D6172F60DFF0, cid=19, FAILED org.apache.ratis.protocol.NotLeaderException: Server 7dbc828f-eae1-4c39-8e5e-67ab191d64a2 is not the leader (null). Request must be sent to leader., logIndex=0, commits[7dbc828f-eae1-4c39-8e5e-67ab191d64a2:c-1]
2019-07-13 09:26:19,924 INFO  impl.LeaderElection (LeaderElection.java:logAndReturn(56)) - 83f43fcf-a984-4281-8ae3-f43af691a8ba:group-7BBEC99ED4F7:LeaderElection12: Election PASSED; received 2 response(s) [83f43fcf-a984-4281-8ae3-f43af691a8ba<-d3b1e4ec-938b-429a-9ecf-2df7d003078e#0:OK-t1, 83f43fcf-a984-4281-8ae3-f43af691a8ba<-219dd85b-679e-417a-b78d-9527d8cee6a1#0:FAIL-t1] and 0 exception(s); 83f43fcf-a984-4281-8ae3-f43af691a8ba:t1, leader=null, voted=83f43fcf-a984-4281-8ae3-f43af691a8ba, raftlog=83f43fcf-a984-4281-8ae3-f43af691a8ba-SegmentedRaftLog:OPENED:c-1,f-1,i0, conf=-1: [d3b1e4ec-938b-429a-9ecf-2df7d003078e:192.168.69.96:37802, 83f43fcf-a984-4281-8ae3-f43af691a8ba:192.168.69.96:38609, 219dd85b-679e-417a-b78d-9527d8cee6a1:192.168.69.96:39899], old=null
2019-07-13 09:26:19,924 INFO  impl.RoleInfo (RoleInfo.java:shutdownLeaderElection(134)) - 83f43fcf-a984-4281-8ae3-f43af691a8ba: shutdown LeaderElection
2019-07-13 09:26:19,927 INFO  impl.RaftServerImpl (RaftServerImpl.java:setRole(171)) - 83f43fcf-a984-4281-8ae3-f43af691a8ba:group-7BBEC99ED4F7 changes role from CANDIDATE to LEADER at term 1 for changeToLeader
2019-07-13 09:26:19,930 INFO  impl.RaftServerImpl (ServerState.java:setLeader(263)) - 83f43fcf-a984-4281-8ae3-f43af691a8ba:group-7BBEC99ED4F7 change Leader from null to 83f43fcf-a984-4281-8ae3-f43af691a8ba at term 1 for becomeLeader, leader elected after 5126ms
2019-07-13 09:26:19,932 INFO  server.RaftServerConfigKeys (ConfUtils.java:logGet(43)) - raft.server.staging.catchup.gap = 1000 (default)
2019-07-13 09:26:19,932 INFO  server.RaftServerConfigKeys (ConfUtils.java:logGet(43)) - raft.server.rpc.sleep.time = 25ms (default)
2019-07-13 09:26:19,933 INFO  server.RaftServerConfigKeys (ConfUtils.java:logGet(43)) - raft.server.write.element-limit = 4096 (default)
2019-07-13 09:26:19,933 INFO  server.RaftServerConfigKeys (ConfUtils.java:logGet(43)) - raft.server.watch.timeout = 10s (default)
2019-07-13 09:26:19,933 INFO  server.RaftServerConfigKeys (ConfUtils.java:logGet(43)) - raft.server.watch.timeout.denomination = 1s (default)
2019-07-13 09:26:19,933 INFO  server.RaftServerConfigKeys (ConfUtils.java:logGet(43)) - raft.server.watch.element-limit = 65536 (default)
2019-07-13 09:26:19,936 INFO  server.RaftServerConfigKeys (ConfUtils.java:logGet(43)) - raft.server.log.appender.snapshot.chunk.size.max = 16MB (=16777216) (default)
2019-07-13 09:26:19,937 INFO  server.RaftServerConfigKeys (ConfUtils.java:logGet(43)) - raft.server.log.appender.buffer.byte-limit = 33554432 (custom)
2019-07-13 09:26:19,937 INFO  server.RaftServerConfigKeys (ConfUtils.java:logGet(43)) - raft.server.log.appender.buffer.element-limit = 1 (custom)
2019-07-13 09:26:19,941 INFO  grpc.GrpcConfigKeys$Server (ConfUtils.java:logGet(43)) - raft.grpc.server.leader.outstanding.appends.max = 128 (default)
2019-07-13 09:26:19,943 INFO  server.RaftServerConfigKeys (ConfUtils.java:logGet(43)) - raft.server.rpc.request.timeout = 3000ms (default)
2019-07-13 09:26:19,943 INFO  server.RaftServerConfigKeys (ConfUtils.java:logGet(43)) - raft.server.log.appender.install.snapshot.enabled = false (custom)
2019-07-13 09:26:19,944 INFO  server.RaftServerConfigKeys (ConfUtils.java:logGet(43)) - raft.server.log.appender.snapshot.chunk.size.max = 16MB (=16777216) (default)
2019-07-13 09:26:19,944 INFO  server.RaftServerConfigKeys (ConfUtils.java:logGet(43)) - raft.server.log.appender.buffer.byte-limit = 33554432 (custom)
2019-07-13 09:26:19,944 INFO  server.RaftServerConfigKeys (ConfUtils.java:logGet(43)) - raft.server.log.appender.buffer.element-limit = 1 (custom)
2019-07-13 09:26:19,944 INFO  grpc.GrpcConfigKeys$Server (ConfUtils.java:logGet(43)) - raft.grpc.server.leader.outstanding.appends.max = 128 (default)
2019-07-13 09:26:19,945 INFO  server.RaftServerConfigKeys (ConfUtils.java:logGet(43)) - raft.server.rpc.request.timeout = 3000ms (default)
2019-07-13 09:26:19,945 INFO  server.RaftServerConfigKeys (ConfUtils.java:logGet(43)) - raft.server.log.appender.install.snapshot.enabled = false (custom)
2019-07-13 09:26:19,946 INFO  impl.RoleInfo (RoleInfo.java:updateAndGet(143)) - 83f43fcf-a984-4281-8ae3-f43af691a8ba: start LeaderState
2019-07-13 09:26:19,947 INFO  segmented.SegmentedRaftLogWorker (SegmentedRaftLogWorker.java:startLogSegment(380)) - 83f43fcf-a984-4281-8ae3-f43af691a8ba-SegmentedRaftLogWorker:Storage Directory /tmp/workdir/hadoop-ozone/integration-test/target/test-dir/MiniOzoneClusterImpl-2dcec543-5fd7-4a84-bbd3-b374c7b8b407/datanode-1/data/ratis/6561c6cf-f249-42bc-8d87-7bbec99ed4f7: Starting segment from index:0
2019-07-13 09:26:19,948 INFO  impl.RaftServerImpl (ServerState.java:setRaftConf(361)) - 83f43fcf-a984-4281-8ae3-f43af691a8ba:group-7BBEC99ED4F7 set configuration 0: [d3b1e4ec-938b-429a-9ecf-2df7d003078e:192.168.69.96:37802, 83f43fcf-a984-4281-8ae3-f43af691a8ba:192.168.69.96:38609, 219dd85b-679e-417a-b78d-9527d8cee6a1:192.168.69.96:39899], old=null at 0
2019-07-13 09:26:19,985 INFO  segmented.SegmentedRaftLogWorker (SegmentedRaftLogWorker.java:execute(569)) - 83f43fcf-a984-4281-8ae3-f43af691a8ba-SegmentedRaftLogWorker:Storage Directory /tmp/workdir/hadoop-ozone/integration-test/target/test-dir/MiniOzoneClusterImpl-2dcec543-5fd7-4a84-bbd3-b374c7b8b407/datanode-1/data/ratis/6561c6cf-f249-42bc-8d87-7bbec99ed4f7: created new log segment /tmp/workdir/hadoop-ozone/integration-test/target/test-dir/MiniOzoneClusterImpl-2dcec543-5fd7-4a84-bbd3-b374c7b8b407/datanode-1/data/ratis/6561c6cf-f249-42bc-8d87-7bbec99ed4f7/current/log_inprogress_0
2019-07-13 09:26:20,003 INFO  impl.RaftServerImpl (ServerState.java:setLeader(263)) - d3b1e4ec-938b-429a-9ecf-2df7d003078e:group-7BBEC99ED4F7 change Leader from null to 83f43fcf-a984-4281-8ae3-f43af691a8ba at term 1 for appendEntries, leader elected after 5198ms
2019-07-13 09:26:20,003 INFO  impl.RaftServerImpl (ServerState.java:setLeader(263)) - 219dd85b-679e-417a-b78d-9527d8cee6a1:group-7BBEC99ED4F7 change Leader from null to 83f43fcf-a984-4281-8ae3-f43af691a8ba at term 1 for appendEntries, leader elected after 5198ms
2019-07-13 09:26:20,047 INFO  impl.RaftServerImpl (ServerState.java:setRaftConf(361)) - d3b1e4ec-938b-429a-9ecf-2df7d003078e:group-7BBEC99ED4F7 set configuration 0: [d3b1e4ec-938b-429a-9ecf-2df7d003078e:192.168.69.96:37802, 83f43fcf-a984-4281-8ae3-f43af691a8ba:192.168.69.96:38609, 219dd85b-679e-417a-b78d-9527d8cee6a1:192.168.69.96:39899], old=null at 0
2019-07-13 09:26:20,047 INFO  segmented.SegmentedRaftLogWorker (SegmentedRaftLogWorker.java:startLogSegment(380)) - d3b1e4ec-938b-429a-9ecf-2df7d003078e-SegmentedRaftLogWorker:Storage Directory /tmp/workdir/hadoop-ozone/integration-test/target/test-dir/MiniOzoneClusterImpl-2dcec543-5fd7-4a84-bbd3-b374c7b8b407/datanode-3/data/ratis/6561c6cf-f249-42bc-8d87-7bbec99ed4f7: Starting segment from index:0
2019-07-13 09:26:20,047 INFO  impl.RaftServerImpl (ServerState.java:setRaftConf(361)) - 219dd85b-679e-417a-b78d-9527d8cee6a1:group-7BBEC99ED4F7 set configuration 0: [d3b1e4ec-938b-429a-9ecf-2df7d003078e:192.168.69.96:37802, 83f43fcf-a984-4281-8ae3-f43af691a8ba:192.168.69.96:38609, 219dd85b-679e-417a-b78d-9527d8cee6a1:192.168.69.96:39899], old=null at 0
2019-07-13 09:26:20,052 INFO  segmented.SegmentedRaftLogWorker (SegmentedRaftLogWorker.java:startLogSegment(380)) - 219dd85b-679e-417a-b78d-9527d8cee6a1-SegmentedRaftLogWorker:Storage Directory /tmp/workdir/hadoop-ozone/integration-test/target/test-dir/MiniOzoneClusterImpl-2dcec543-5fd7-4a84-bbd3-b374c7b8b407/datanode-6/data/ratis/6561c6cf-f249-42bc-8d87-7bbec99ed4f7: Starting segment from index:0
2019-07-13 09:26:20,081 INFO  segmented.SegmentedRaftLogWorker (SegmentedRaftLogWorker.java:execute(569)) - 219dd85b-679e-417a-b78d-9527d8cee6a1-SegmentedRaftLogWorker:Storage Directory /tmp/workdir/hadoop-ozone/integration-test/target/test-dir/MiniOzoneClusterImpl-2dcec543-5fd7-4a84-bbd3-b374c7b8b407/datanode-6/data/ratis/6561c6cf-f249-42bc-8d87-7bbec99ed4f7: created new log segment /tmp/workdir/hadoop-ozone/integration-test/target/test-dir/MiniOzoneClusterImpl-2dcec543-5fd7-4a84-bbd3-b374c7b8b407/datanode-6/data/ratis/6561c6cf-f249-42bc-8d87-7bbec99ed4f7/current/log_inprogress_0
2019-07-13 09:26:20,081 INFO  segmented.SegmentedRaftLogWorker (SegmentedRaftLogWorker.java:execute(569)) - d3b1e4ec-938b-429a-9ecf-2df7d003078e-SegmentedRaftLogWorker:Storage Directory /tmp/workdir/hadoop-ozone/integration-test/target/test-dir/MiniOzoneClusterImpl-2dcec543-5fd7-4a84-bbd3-b374c7b8b407/datanode-3/data/ratis/6561c6cf-f249-42bc-8d87-7bbec99ed4f7: created new log segment /tmp/workdir/hadoop-ozone/integration-test/target/test-dir/MiniOzoneClusterImpl-2dcec543-5fd7-4a84-bbd3-b374c7b8b407/datanode-3/data/ratis/6561c6cf-f249-42bc-8d87-7bbec99ed4f7/current/log_inprogress_0
2019-07-13 09:26:20,945 INFO  client.GrpcClientProtocolClient (GrpcClientProtocolClient.java:onNext(255)) - client-5285B542BB62->8e98056f-57f0-47b6-8eb5-fd3e17e41c5b: receive RaftClientReply:client-5285B542BB62->8e98056f-57f0-47b6-8eb5-fd3e17e41c5b@group-D6172F60DFF0, cid=19, FAILED org.apache.ratis.protocol.NotLeaderException: Server 8e98056f-57f0-47b6-8eb5-fd3e17e41c5b is not the leader (null). Request must be sent to leader., logIndex=0, commits[8e98056f-57f0-47b6-8eb5-fd3e17e41c5b:c-1]
2019-07-13 09:26:21,979 INFO  client.GrpcClientProtocolClient (GrpcClientProtocolClient.java:onNext(255)) - client-5285B542BB62->e43469d1-feeb-4337-b3a6-c41c4697ae96: receive RaftClientReply:client-5285B542BB62->e43469d1-feeb-4337-b3a6-c41c4697ae96@group-D6172F60DFF0, cid=19, FAILED org.apache.ratis.protocol.NotLeaderException: Server e43469d1-feeb-4337-b3a6-c41c4697ae96 is not the leader (null). Request must be sent to leader., logIndex=0, commits[e43469d1-feeb-4337-b3a6-c41c4697ae96:c-1]
2019-07-13 09:26:23,007 INFO  client.GrpcClientProtocolClient (GrpcClientProtocolClient.java:onNext(255)) - client-5285B542BB62->7dbc828f-eae1-4c39-8e5e-67ab191d64a2: receive RaftClientReply:client-5285B542BB62->7dbc828f-eae1-4c39-8e5e-67ab191d64a2@group-D6172F60DFF0, cid=19, FAILED org.apache.ratis.protocol.NotLeaderException: Server 7dbc828f-eae1-4c39-8e5e-67ab191d64a2 is not the leader (null). Request must be sent to leader., logIndex=0, commits[7dbc828f-eae1-4c39-8e5e-67ab191d64a2:c-1]
2019-07-13 09:26:24,031 INFO  client.GrpcClientProtocolClient (GrpcClientProtocolClient.java:onNext(255)) - client-5285B542BB62->8e98056f-57f0-47b6-8eb5-fd3e17e41c5b: receive RaftClientReply:client-5285B542BB62->8e98056f-57f0-47b6-8eb5-fd3e17e41c5b@group-D6172F60DFF0, cid=19, FAILED org.apache.ratis.protocol.NotLeaderException: Server 8e98056f-57f0-47b6-8eb5-fd3e17e41c5b is not the leader (null). Request must be sent to leader., logIndex=0, commits[8e98056f-57f0-47b6-8eb5-fd3e17e41c5b:c-1]
2019-07-13 09:26:24,042 WARN  io.KeyOutputStream (KeyOutputStream.java:handleException(276)) - Encountered exception java.io.IOException: Unexpected Storage Container Exception: java.util.concurrent.CompletionException: java.util.concurrent.CompletionException: org.apache.ratis.protocol.RaftRetryFailureException: Failed RaftClientRequest:client-5285B542BB62->8e98056f-57f0-47b6-8eb5-fd3e17e41c5b@group-D6172F60DFF0, cid=19, seq=1*, RW, org.apache.hadoop.hdds.scm.XceiverClientRatis$$Lambda$309/674659751@250a5d6a for 5 attempts with RetryLimited(maxAttempts=5, sleepTime=1000ms) on the pipeline Pipeline[ Id: 08836f28-13a9-4a61-a393-d6172f60dff0, Nodes: 7dbc828f-eae1-4c39-8e5e-67ab191d64a2{ip: 192.168.69.96, host: trunk-nightly-hmp62-43275749, networkLocation: /default-rack, certSerialId: null}e43469d1-feeb-4337-b3a6-c41c4697ae96{ip: 192.168.69.96, host: trunk-nightly-hmp62-43275749, networkLocation: /default-rack, certSerialId: null}8e98056f-57f0-47b6-8eb5-fd3e17e41c5b{ip: 192.168.69.96, host: trunk-nightly-hmp62-43275749, networkLocation: /default-rack, certSerialId: null}, Type:RATIS, Factor:THREE, State:OPEN]. The last committed block length is 0, uncommitted data length is 400 retry count 1
2019-07-13 09:26:24,061 WARN  block.BlockManagerImpl (BlockManagerImpl.java:allocateBlock(192)) - Pipeline creation failed for type:RATIS factor:THREE. Retrying get pipelines call once.
org.apache.hadoop.hdds.scm.pipeline.InsufficientDatanodesException: Cannot create pipeline of factor 3 using 1 nodes.
	at org.apache.hadoop.hdds.scm.pipeline.RatisPipelineProvider.create(RatisPipelineProvider.java:151)
	at org.apache.hadoop.hdds.scm.pipeline.PipelineFactory.create(PipelineFactory.java:57)
	at org.apache.hadoop.hdds.scm.pipeline.SCMPipelineManager.createPipeline(SCMPipelineManager.java:149)
	at org.apache.hadoop.hdds.scm.block.BlockManagerImpl.allocateBlock(BlockManagerImpl.java:190)
	at org.apache.hadoop.hdds.scm.server.SCMBlockProtocolServer.allocateBlock(SCMBlockProtocolServer.java:175)
	at org.apache.hadoop.ozone.protocolPB.ScmBlockLocationProtocolServerSideTranslatorPB.allocateScmBlock(ScmBlockLocationProtocolServerSideTranslatorPB.java:153)
	at org.apache.hadoop.ozone.protocolPB.ScmBlockLocationProtocolServerSideTranslatorPB.send(ScmBlockLocationProtocolServerSideTranslatorPB.java:112)
	at org.apache.hadoop.hdds.protocol.proto.ScmBlockLocationProtocolProtos$ScmBlockLocationProtocolService$2.callBlockingMethod(ScmBlockLocationProtocolProtos.java:13157)
	at org.apache.hadoop.ipc.ProtobufRpcEngine$Server$ProtoBufRpcInvoker.call(ProtobufRpcEngine.java:524)
	at org.apache.hadoop.ipc.RPC$Server.call(RPC.java:1025)
	at org.apache.hadoop.ipc.Server$RpcCall.run(Server.java:876)
	at org.apache.hadoop.ipc.Server$RpcCall.run(Server.java:822)
	at java.security.AccessController.doPrivileged(Native Method)
	at javax.security.auth.Subject.doAs(Subject.java:422)
	at org.apache.hadoop.security.UserGroupInformation.doAs(UserGroupInformation.java:1730)
	at org.apache.hadoop.ipc.Server$Handler.run(Server.java:2682)
2019-07-13 09:26:24,066 INFO  block.BlockManagerImpl (BlockManagerImpl.java:allocateBlock(198)) - Could not find available pipeline of type:RATIS and factor:THREE even after retrying
2019-07-13 09:26:24,066 ERROR block.BlockManagerImpl (BlockManagerImpl.java:allocateBlock(222)) - Unable to allocate a block for the size: 800, type: RATIS, factor: THREE
09:26:24.071 [IPC Server handler 18 on 45837] ERROR OMAudit - user=jenkins1000 | ip=127.0.0.1 | op=ALLOCATE_BLOCK {volume=watchforcommithandlingtest, bucket=watchforcommithandlingtest, key=64a2f0dd-1a48-4bbb-9ab1-9f5c4a7b4864, dataSize=0, replicationType=null, replicationFactor=null, keyLocationInfo=null, clientID=102433421750042624} | ret=FAILURE
org.apache.hadoop.hdds.scm.exceptions.SCMException: Allocated 0 blocks. Requested 1 blocks
	at org.apache.hadoop.hdds.scm.protocolPB.ScmBlockLocationProtocolClientSideTranslatorPB.handleError(ScmBlockLocationProtocolClientSideTranslatorPB.java:118) ~[hadoop-hdds-common-0.5.0-SNAPSHOT.jar:?]
	at org.apache.hadoop.hdds.scm.protocolPB.ScmBlockLocationProtocolClientSideTranslatorPB.allocateBlock(ScmBlockLocationProtocolClientSideTranslatorPB.java:156) ~[hadoop-hdds-common-0.5.0-SNAPSHOT.jar:?]
	at sun.reflect.NativeMethodAccessorImpl.invoke0(Native Method) ~[?:1.8.0_212]
	at sun.reflect.NativeMethodAccessorImpl.invoke(NativeMethodAccessorImpl.java:62) ~[?:1.8.0_212]
	at sun.reflect.DelegatingMethodAccessorImpl.invoke(DelegatingMethodAccessorImpl.java:43) ~[?:1.8.0_212]
	at java.lang.reflect.Method.invoke(Method.java:498) ~[?:1.8.0_212]
	at org.apache.hadoop.hdds.tracing.TraceAllMethod.invoke(TraceAllMethod.java:66) ~[hadoop-hdds-common-0.5.0-SNAPSHOT.jar:?]
	at com.sun.proxy.$Proxy25.allocateBlock(Unknown Source) ~[?:?]
	at org.apache.hadoop.ozone.om.KeyManagerImpl.allocateBlock(KeyManagerImpl.java:355) ~[hadoop-ozone-ozone-manager-0.5.0-SNAPSHOT.jar:?]
	at org.apache.hadoop.ozone.om.KeyManagerImpl.allocateBlock(KeyManagerImpl.java:323) ~[hadoop-ozone-ozone-manager-0.5.0-SNAPSHOT.jar:?]
	at org.apache.hadoop.ozone.om.OzoneManager.allocateBlock(OzoneManager.java:2349) [hadoop-ozone-ozone-manager-0.5.0-SNAPSHOT.jar:?]
	at org.apache.hadoop.ozone.protocolPB.OzoneManagerRequestHandler.allocateBlock(OzoneManagerRequestHandler.java:754) [hadoop-ozone-ozone-manager-0.5.0-SNAPSHOT.jar:?]
	at org.apache.hadoop.ozone.protocolPB.OzoneManagerRequestHandler.handle(OzoneManagerRequestHandler.java:249) [hadoop-ozone-ozone-manager-0.5.0-SNAPSHOT.jar:?]
	at org.apache.hadoop.ozone.protocolPB.OzoneManagerProtocolServerSideTranslatorPB.submitRequestDirectlyToOM(OzoneManagerProtocolServerSideTranslatorPB.java:192) [hadoop-ozone-ozone-manager-0.5.0-SNAPSHOT.jar:?]
	at org.apache.hadoop.ozone.protocolPB.OzoneManagerProtocolServerSideTranslatorPB.submitRequest(OzoneManagerProtocolServerSideTranslatorPB.java:110) [hadoop-ozone-ozone-manager-0.5.0-SNAPSHOT.jar:?]
	at org.apache.hadoop.ozone.protocol.proto.OzoneManagerProtocolProtos$OzoneManagerService$2.callBlockingMethod(OzoneManagerProtocolProtos.java) [hadoop-ozone-common-0.5.0-SNAPSHOT.jar:?]
	at org.apache.hadoop.ipc.ProtobufRpcEngine$Server$ProtoBufRpcInvoker.call(ProtobufRpcEngine.java:524) [hadoop-common-3.2.0.jar:?]
	at org.apache.hadoop.ipc.RPC$Server.call(RPC.java:1025) [hadoop-common-3.2.0.jar:?]
	at org.apache.hadoop.ipc.Server$RpcCall.run(Server.java:876) [hadoop-common-3.2.0.jar:?]
	at org.apache.hadoop.ipc.Server$RpcCall.run(Server.java:822) [hadoop-common-3.2.0.jar:?]
	at java.security.AccessController.doPrivileged(Native Method) [?:1.8.0_212]
	at javax.security.auth.Subject.doAs(Subject.java:422) [?:1.8.0_212]
	at org.apache.hadoop.security.UserGroupInformation.doAs(UserGroupInformation.java:1730) [hadoop-common-3.2.0.jar:?]
	at org.apache.hadoop.ipc.Server$Handler.run(Server.java:2682) [hadoop-common-3.2.0.jar:?]
2019-07-13 09:26:24,089 ERROR io.BlockOutputStreamEntryPool (BlockOutputStreamEntryPool.java:allocateBlockIfNeeded(299)) - Try to allocate more blocks for write failed, already allocated 0 blocks for this write.
INTERNAL_ERROR org.apache.hadoop.ozone.om.exceptions.OMException: Allocated 0 blocks. Requested 1 blocks
	at org.apache.hadoop.ozone.om.protocolPB.OzoneManagerProtocolClientSideTranslatorPB.handleError(OzoneManagerProtocolClientSideTranslatorPB.java:720)
	at org.apache.hadoop.ozone.om.protocolPB.OzoneManagerProtocolClientSideTranslatorPB.allocateBlock(OzoneManagerProtocolClientSideTranslatorPB.java:752)
	at org.apache.hadoop.ozone.client.io.BlockOutputStreamEntryPool.allocateNewBlock(BlockOutputStreamEntryPool.java:248)
	at org.apache.hadoop.ozone.client.io.BlockOutputStreamEntryPool.allocateBlockIfNeeded(BlockOutputStreamEntryPool.java:296)
	at org.apache.hadoop.ozone.client.io.KeyOutputStream.handleWrite(KeyOutputStream.java:201)
	at org.apache.hadoop.ozone.client.io.KeyOutputStream.handleRetry(KeyOutputStream.java:376)
	at org.apache.hadoop.ozone.client.io.KeyOutputStream.handleException(KeyOutputStream.java:325)
	at org.apache.hadoop.ozone.client.io.KeyOutputStream.handleWrite(KeyOutputStream.java:231)
	at org.apache.hadoop.ozone.client.io.KeyOutputStream.handleRetry(KeyOutputStream.java:376)
	at org.apache.hadoop.ozone.client.io.KeyOutputStream.handleException(KeyOutputStream.java:325)
	at org.apache.hadoop.ozone.client.io.KeyOutputStream.handleWrite(KeyOutputStream.java:231)
	at org.apache.hadoop.ozone.client.io.KeyOutputStream.write(KeyOutputStream.java:193)
	at org.apache.hadoop.ozone.client.io.OzoneOutputStream.write(OzoneOutputStream.java:49)
	at java.io.OutputStream.write(OutputStream.java:75)
	at org.apache.hadoop.ozone.client.rpc.TestWatchForCommit.testWatchForCommitWithKeyWrite(TestWatchForCommit.java:158)
	at sun.reflect.NativeMethodAccessorImpl.invoke0(Native Method)
	at sun.reflect.NativeMethodAccessorImpl.invoke(NativeMethodAccessorImpl.java:62)
	at sun.reflect.DelegatingMethodAccessorImpl.invoke(DelegatingMethodAccessorImpl.java:43)
	at java.lang.reflect.Method.invoke(Method.java:498)
	at org.junit.runners.model.FrameworkMethod$1.runReflectiveCall(FrameworkMethod.java:47)
	at org.junit.internal.runners.model.ReflectiveCallable.run(ReflectiveCallable.java:12)
	at org.junit.runners.model.FrameworkMethod.invokeExplosively(FrameworkMethod.java:44)
	at org.junit.internal.runners.statements.InvokeMethod.evaluate(InvokeMethod.java:17)
	at org.junit.runners.ParentRunner.runLeaf(ParentRunner.java:271)
	at org.junit.runners.BlockJUnit4ClassRunner.runChild(BlockJUnit4ClassRunner.java:70)
	at org.junit.runners.BlockJUnit4ClassRunner.runChild(BlockJUnit4ClassRunner.java:50)
	at org.junit.runners.ParentRunner$3.run(ParentRunner.java:238)
	at org.junit.runners.ParentRunner$1.schedule(ParentRunner.java:63)
	at org.junit.runners.ParentRunner.runChildren(ParentRunner.java:236)
	at org.junit.runners.ParentRunner.access$000(ParentRunner.java:53)
	at org.junit.runners.ParentRunner$2.evaluate(ParentRunner.java:229)
	at org.junit.runners.ParentRunner.run(ParentRunner.java:309)
	at org.apache.maven.surefire.junit4.JUnit4Provider.execute(JUnit4Provider.java:365)
	at org.apache.maven.surefire.junit4.JUnit4Provider.executeWithRerun(JUnit4Provider.java:273)
	at org.apache.maven.surefire.junit4.JUnit4Provider.executeTestSet(JUnit4Provider.java:238)
	at org.apache.maven.surefire.junit4.JUnit4Provider.invoke(JUnit4Provider.java:159)
	at org.apache.maven.surefire.booter.ForkedBooter.invokeProviderInSameClassLoader(ForkedBooter.java:384)
	at org.apache.maven.surefire.booter.ForkedBooter.runSuitesInProcess(ForkedBooter.java:345)
	at org.apache.maven.surefire.booter.ForkedBooter.execute(ForkedBooter.java:126)
	at org.apache.maven.surefire.booter.ForkedBooter.main(ForkedBooter.java:418)
]]></system-out>
    <system-err><![CDATA[ERROR StatusLogger No Log4j 2 configuration file found. Using default configuration (logging only errors to the console), or user programmatically provided configurations. Set system property 'log4j2.debug' to show Log4j 2 internal initialization logging. See https://logging.apache.org/log4j/2.x/manual/configuration.html for instructions on how to configure Log4j 2
Jul 13, 2019 9:26:07 AM com.sun.jersey.server.impl.application.WebApplicationImpl _initiate
INFO: Initiating Jersey application, version 'Jersey: 1.19 02/11/2015 03:25 AM'
Jul 13, 2019 9:26:08 AM com.sun.jersey.server.impl.application.WebApplicationImpl _initiate
INFO: Initiating Jersey application, version 'Jersey: 1.19 02/11/2015 03:25 AM'
Jul 13, 2019 9:26:08 AM com.sun.jersey.server.impl.application.WebApplicationImpl _initiate
INFO: Initiating Jersey application, version 'Jersey: 1.19 02/11/2015 03:25 AM'
Jul 13, 2019 9:26:09 AM com.sun.jersey.server.impl.application.WebApplicationImpl _initiate
INFO: Initiating Jersey application, version 'Jersey: 1.19 02/11/2015 03:25 AM'
Jul 13, 2019 9:26:09 AM com.sun.jersey.server.impl.application.WebApplicationImpl _initiate
INFO: Initiating Jersey application, version 'Jersey: 1.19 02/11/2015 03:25 AM'
Jul 13, 2019 9:26:09 AM com.sun.jersey.server.impl.application.WebApplicationImpl _initiate
INFO: Initiating Jersey application, version 'Jersey: 1.19 02/11/2015 03:25 AM'
Jul 13, 2019 9:26:09 AM com.sun.jersey.server.impl.application.WebApplicationImpl _initiate
INFO: Initiating Jersey application, version 'Jersey: 1.19 02/11/2015 03:25 AM'
Exception in thread "219dd85b-679e-417a-b78d-9527d8cee6a1:group-7BBEC99ED4F7:LeaderElection11" java.lang.IllegalStateException: ILLEGAL TRANSITION: In 219dd85b-679e-417a-b78d-9527d8cee6a1:group-7BBEC99ED4F7:LeaderElection11, RUNNING -> CLOSED
	at org.apache.ratis.util.Preconditions.assertTrue(Preconditions.java:63)
	at org.apache.ratis.util.LifeCycle$State.validate(LifeCycle.java:123)
	at org.apache.ratis.util.LifeCycle.transition(LifeCycle.java:143)
	at org.apache.ratis.server.impl.LeaderElection.run(LeaderElection.java:154)
	at java.lang.Thread.run(Thread.java:748)
]]></system-err>
  </testcase>
  <testcase name="testWatchForCommitWithSmallerTimeoutValue" classname="org.apache.hadoop.ozone.client.rpc.TestWatchForCommit" time="17.099">
    <error message="org.apache.ratis.protocol.RaftRetryFailureException: Failed RaftClientRequest:client-AC46F4FCFAE2-&gt;5542dfa5-009f-499e-9051-0d7f6e2adeb3@group-B944A034CFBE, cid=37, seq=1*, RW, org.apache.hadoop.hdds.scm.XceiverClientRatis$$Lambda$309/674659751@78cf458a for 10 attempts with RetryLimited(maxAttempts=10, sleepTime=1000ms)" type="java.util.concurrent.ExecutionException">java.util.concurrent.ExecutionException: org.apache.ratis.protocol.RaftRetryFailureException: Failed RaftClientRequest:client-AC46F4FCFAE2->5542dfa5-009f-499e-9051-0d7f6e2adeb3@group-B944A034CFBE, cid=37, seq=1*, RW, org.apache.hadoop.hdds.scm.XceiverClientRatis$$Lambda$309/674659751@78cf458a for 10 attempts with RetryLimited(maxAttempts=10, sleepTime=1000ms)
	at java.util.concurrent.CompletableFuture.reportGet(CompletableFuture.java:357)
	at java.util.concurrent.CompletableFuture.get(CompletableFuture.java:1895)
	at org.apache.hadoop.ozone.client.rpc.TestWatchForCommit.testWatchForCommitWithSmallerTimeoutValue(TestWatchForCommit.java:301)
	at sun.reflect.NativeMethodAccessorImpl.invoke0(Native Method)
	at sun.reflect.NativeMethodAccessorImpl.invoke(NativeMethodAccessorImpl.java:62)
	at sun.reflect.DelegatingMethodAccessorImpl.invoke(DelegatingMethodAccessorImpl.java:43)
	at java.lang.reflect.Method.invoke(Method.java:498)
	at org.junit.runners.model.FrameworkMethod$1.runReflectiveCall(FrameworkMethod.java:47)
	at org.junit.internal.runners.model.ReflectiveCallable.run(ReflectiveCallable.java:12)
	at org.junit.runners.model.FrameworkMethod.invokeExplosively(FrameworkMethod.java:44)
	at org.junit.internal.runners.statements.InvokeMethod.evaluate(InvokeMethod.java:17)
	at org.junit.runners.ParentRunner.runLeaf(ParentRunner.java:271)
	at org.junit.runners.BlockJUnit4ClassRunner.runChild(BlockJUnit4ClassRunner.java:70)
	at org.junit.runners.BlockJUnit4ClassRunner.runChild(BlockJUnit4ClassRunner.java:50)
	at org.junit.runners.ParentRunner$3.run(ParentRunner.java:238)
	at org.junit.runners.ParentRunner$1.schedule(ParentRunner.java:63)
	at org.junit.runners.ParentRunner.runChildren(ParentRunner.java:236)
	at org.junit.runners.ParentRunner.access$000(ParentRunner.java:53)
	at org.junit.runners.ParentRunner$2.evaluate(ParentRunner.java:229)
	at org.junit.runners.ParentRunner.run(ParentRunner.java:309)
	at org.apache.maven.surefire.junit4.JUnit4Provider.execute(JUnit4Provider.java:365)
	at org.apache.maven.surefire.junit4.JUnit4Provider.executeWithRerun(JUnit4Provider.java:273)
	at org.apache.maven.surefire.junit4.JUnit4Provider.executeTestSet(JUnit4Provider.java:238)
	at org.apache.maven.surefire.junit4.JUnit4Provider.invoke(JUnit4Provider.java:159)
	at org.apache.maven.surefire.booter.ForkedBooter.invokeProviderInSameClassLoader(ForkedBooter.java:384)
	at org.apache.maven.surefire.booter.ForkedBooter.runSuitesInProcess(ForkedBooter.java:345)
	at org.apache.maven.surefire.booter.ForkedBooter.execute(ForkedBooter.java:126)
	at org.apache.maven.surefire.booter.ForkedBooter.main(ForkedBooter.java:418)
Caused by: org.apache.ratis.protocol.RaftRetryFailureException: Failed RaftClientRequest:client-AC46F4FCFAE2->5542dfa5-009f-499e-9051-0d7f6e2adeb3@group-B944A034CFBE, cid=37, seq=1*, RW, org.apache.hadoop.hdds.scm.XceiverClientRatis$$Lambda$309/674659751@78cf458a for 10 attempts with RetryLimited(maxAttempts=10, sleepTime=1000ms)
	at org.apache.ratis.client.impl.RaftClientImpl.noMoreRetries(RaftClientImpl.java:272)
	at org.apache.ratis.client.impl.OrderedAsync.handleAsyncRetryFailure(OrderedAsync.java:138)
	at org.apache.ratis.client.impl.OrderedAsync.lambda$sendRequest$10(OrderedAsync.java:230)
	at java.util.concurrent.CompletableFuture.uniExceptionally(CompletableFuture.java:870)
	at java.util.concurrent.CompletableFuture$UniExceptionally.tryFire(CompletableFuture.java:852)
	at java.util.concurrent.CompletableFuture.postComplete(CompletableFuture.java:474)
	at java.util.concurrent.CompletableFuture.completeExceptionally(CompletableFuture.java:1977)
	at org.apache.ratis.grpc.client.GrpcClientProtocolClient$AsyncStreamObservers.completeReplyExceptionally(GrpcClientProtocolClient.java:330)
	at org.apache.ratis.grpc.client.GrpcClientProtocolClient$AsyncStreamObservers.access$000(GrpcClientProtocolClient.java:246)
	at org.apache.ratis.grpc.client.GrpcClientProtocolClient$AsyncStreamObservers$1.onNext(GrpcClientProtocolClient.java:258)
	at org.apache.ratis.grpc.client.GrpcClientProtocolClient$AsyncStreamObservers$1.onNext(GrpcClientProtocolClient.java:249)
	at org.apache.ratis.thirdparty.io.grpc.stub.ClientCalls$StreamObserverToCallListenerAdapter.onMessage(ClientCalls.java:421)
	at org.apache.ratis.thirdparty.io.grpc.ForwardingClientCallListener.onMessage(ForwardingClientCallListener.java:33)
	at org.apache.ratis.thirdparty.io.grpc.ForwardingClientCallListener.onMessage(ForwardingClientCallListener.java:33)
	at org.apache.ratis.thirdparty.io.grpc.internal.ClientCallImpl$ClientStreamListenerImpl$1MessagesAvailable.runInContext(ClientCallImpl.java:519)
	at org.apache.ratis.thirdparty.io.grpc.internal.ContextRunnable.run(ContextRunnable.java:37)
	at org.apache.ratis.thirdparty.io.grpc.internal.SerializingExecutor.run(SerializingExecutor.java:123)
	at java.util.concurrent.ThreadPoolExecutor.runWorker(ThreadPoolExecutor.java:1149)
	at java.util.concurrent.ThreadPoolExecutor$Worker.run(ThreadPoolExecutor.java:624)
	at java.lang.Thread.run(Thread.java:748)
Caused by: org.apache.ratis.protocol.NotLeaderException: Server 5542dfa5-009f-499e-9051-0d7f6e2adeb3 is not the leader (a061601d-874e-448c-a556-55854e34a002:192.168.69.96:45293). Request must be sent to leader.
	at org.apache.ratis.client.impl.ClientProtoUtils.toRaftClientReply(ClientProtoUtils.java:242)
	at org.apache.ratis.grpc.client.GrpcClientProtocolClient$AsyncStreamObservers$1.onNext(GrpcClientProtocolClient.java:254)
	... 10 more
</error>
    <system-out><![CDATA[2019-07-13 09:26:24,132 WARN  server.ServerUtils (ServerUtils.java:getScmDbDir(145)) - ozone.scm.db.dirs is not configured. We recommend adding this setting. Falling back to ozone.metadata.dirs instead.
2019-07-13 09:26:24,148 WARN  server.ServerUtils (ServerUtils.java:getScmDbDir(145)) - ozone.scm.db.dirs is not configured. We recommend adding this setting. Falling back to ozone.metadata.dirs instead.
2019-07-13 09:26:24,149 WARN  server.ServerUtils (ServerUtils.java:getScmDbDir(145)) - ozone.scm.db.dirs is not configured. We recommend adding this setting. Falling back to ozone.metadata.dirs instead.
2019-07-13 09:26:24,149 INFO  db.DBStoreBuilder (DBStoreBuilder.java:addTable(110)) - using custom profile for table: deletedBlocks
2019-07-13 09:26:24,150 INFO  db.DBStoreBuilder (DBStoreBuilder.java:processTables(161)) - Using default column profile:DBProfile.DISK for Table:deletedBlocks
2019-07-13 09:26:24,150 INFO  db.DBStoreBuilder (DBStoreBuilder.java:addTable(110)) - using custom profile for table: validCerts
2019-07-13 09:26:24,150 INFO  db.DBStoreBuilder (DBStoreBuilder.java:processTables(161)) - Using default column profile:DBProfile.DISK for Table:validCerts
2019-07-13 09:26:24,150 INFO  db.DBStoreBuilder (DBStoreBuilder.java:addTable(110)) - using custom profile for table: revokedCerts
2019-07-13 09:26:24,151 INFO  db.DBStoreBuilder (DBStoreBuilder.java:processTables(161)) - Using default column profile:DBProfile.DISK for Table:revokedCerts
2019-07-13 09:26:24,151 INFO  db.DBStoreBuilder (DBStoreBuilder.java:addTable(110)) - using custom profile for table: default
2019-07-13 09:26:24,151 INFO  db.DBStoreBuilder (DBStoreBuilder.java:processTables(167)) - Using default column profile:DBProfile.DISK for Table:default
2019-07-13 09:26:24,151 INFO  db.DBStoreBuilder (DBStoreBuilder.java:getDbProfile(198)) - Using default options. DBProfile.DISK
2019-07-13 09:26:24,359 INFO  net.NodeSchemaLoader (NodeSchemaLoader.java:loadSchemaFromFile(125)) - Loading file from sun.misc.CompoundEnumeration@72eed547
2019-07-13 09:26:24,359 INFO  net.NodeSchemaLoader (NodeSchemaLoader.java:loadSchema(171)) - Loading network topology layer schema file
2019-07-13 09:26:24,365 WARN  server.ServerUtils (ServerUtils.java:sanitizeUserArgs(70)) - ozone.scm.stale.node.interval value = 300000 is larger than max = 100000 based on the key value of ozone.scm.heartbeat.thread.interval, reset to the max value 100000.
2019-07-13 09:26:24,366 WARN  server.ServerUtils (ServerUtils.java:sanitizeUserArgs(70)) - ozone.scm.stale.node.interval value = 300000 is larger than max = 100000 based on the key value of ozone.scm.heartbeat.thread.interval, reset to the max value 100000.
2019-07-13 09:26:24,366 INFO  node.SCMNodeManager (SCMNodeManager.java:<init>(119)) - Entering startup safe mode.
2019-07-13 09:26:24,368 WARN  server.ServerUtils (ServerUtils.java:getScmDbDir(145)) - ozone.scm.db.dirs is not configured. We recommend adding this setting. Falling back to ozone.metadata.dirs instead.
2019-07-13 09:26:24,419 INFO  pipeline.SCMPipelineManager (SCMPipelineManager.java:initializePipelineState(126)) - No pipeline exists in current db
2019-07-13 09:26:24,419 WARN  server.ServerUtils (ServerUtils.java:getScmDbDir(145)) - ozone.scm.db.dirs is not configured. We recommend adding this setting. Falling back to ozone.metadata.dirs instead.
2019-07-13 09:26:24,472 WARN  events.EventQueue (EventQueue.java:fireEvent(175)) - No event handler registered for event TypedEvent{payloadType=SafeModeStatus, name='SafeModeStatus'}
2019-07-13 09:26:24,475 INFO  ipc.CallQueueManager (CallQueueManager.java:<init>(84)) - Using callQueue: class java.util.concurrent.LinkedBlockingQueue, queueCapacity: 2000, scheduler: class org.apache.hadoop.ipc.DefaultRpcScheduler, ipcBackoff: false.
2019-07-13 09:26:24,476 INFO  ipc.Server (Server.java:run(1074)) - Starting Socket Reader #1 for port 38833
2019-07-13 09:26:24,481 INFO  ipc.CallQueueManager (CallQueueManager.java:<init>(84)) - Using callQueue: class java.util.concurrent.LinkedBlockingQueue, queueCapacity: 2000, scheduler: class org.apache.hadoop.ipc.DefaultRpcScheduler, ipcBackoff: false.
2019-07-13 09:26:24,482 INFO  ipc.Server (Server.java:run(1074)) - Starting Socket Reader #1 for port 39725
2019-07-13 09:26:24,487 INFO  ipc.CallQueueManager (CallQueueManager.java:<init>(84)) - Using callQueue: class java.util.concurrent.LinkedBlockingQueue, queueCapacity: 2000, scheduler: class org.apache.hadoop.ipc.DefaultRpcScheduler, ipcBackoff: false.
2019-07-13 09:26:24,487 INFO  ipc.Server (Server.java:run(1074)) - Starting Socket Reader #1 for port 33282
2019-07-13 09:26:24,493 INFO  hdfs.DFSUtil (DFSUtil.java:httpServerTemplateForNNAndJN(1641)) - Starting Web-server for scm at: http://0.0.0.0:0
2019-07-13 09:26:24,496 INFO  server.AuthenticationFilter (AuthenticationFilter.java:constructSecretProvider(240)) - Unable to initialize FileSignerSecretProvider, falling back to use random secrets.
2019-07-13 09:26:24,496 WARN  http.HttpRequestLog (HttpRequestLog.java:getRequestLog(97)) - Jetty request log can only be enabled using Log4j
2019-07-13 09:26:24,499 INFO  http.HttpServer2 (HttpServer2.java:addGlobalFilter(975)) - Added global filter 'safety' (class=org.apache.hadoop.http.HttpServer2$QuotingInputFilter)
2019-07-13 09:26:24,502 INFO  http.HttpServer2 (HttpServer2.java:addFilter(948)) - Added filter static_user_filter (class=org.apache.hadoop.http.lib.StaticUserWebFilter$StaticUserFilter) to context scm
2019-07-13 09:26:24,502 INFO  http.HttpServer2 (HttpServer2.java:addFilter(958)) - Added filter static_user_filter (class=org.apache.hadoop.http.lib.StaticUserWebFilter$StaticUserFilter) to context logs
2019-07-13 09:26:24,502 INFO  http.HttpServer2 (HttpServer2.java:addFilter(958)) - Added filter static_user_filter (class=org.apache.hadoop.http.lib.StaticUserWebFilter$StaticUserFilter) to context static
2019-07-13 09:26:24,512 INFO  server.StorageContainerManager (StorageContainerManager.java:start(759)) - StorageContainerLocationProtocol RPC server is listening at /0.0.0.0:33282
2019-07-13 09:26:24,512 INFO  impl.MetricsSystemImpl (MetricsSystemImpl.java:init(158)) - StorageContainerManager metrics system started (again)
2019-07-13 09:26:24,512 INFO  server.SCMClientProtocolServer (SCMClientProtocolServer.java:start(149)) - RPC server for Client  is listening at /0.0.0.0:33282
2019-07-13 09:26:24,513 INFO  ipc.Server (Server.java:run(1314)) - IPC Server Responder: starting
2019-07-13 09:26:24,513 INFO  ipc.Server (Server.java:run(1153)) - IPC Server listener on 33282: starting
2019-07-13 09:26:24,521 INFO  server.StorageContainerManager (StorageContainerManager.java:start(768)) - ScmBlockLocationProtocol RPC server is listening at /0.0.0.0:39725
2019-07-13 09:26:24,521 INFO  server.SCMBlockProtocolServer (SCMBlockProtocolServer.java:start(140)) - RPC server for Block Protocol is listening at /0.0.0.0:39725
2019-07-13 09:26:24,521 INFO  ipc.Server (Server.java:run(1314)) - IPC Server Responder: starting
2019-07-13 09:26:24,521 INFO  ipc.Server (Server.java:run(1153)) - IPC Server listener on 39725: starting
2019-07-13 09:26:24,532 INFO  server.StorageContainerManager (StorageContainerManager.java:start(772)) - ScmDatanodeProtocl RPC server is listening at /0.0.0.0:38833
2019-07-13 09:26:24,532 INFO  server.SCMDatanodeProtocolServer (SCMDatanodeProtocolServer.java:start(191)) - RPC server for DataNodes is listening at /0.0.0.0:38833
2019-07-13 09:26:24,532 INFO  ipc.Server (Server.java:run(1314)) - IPC Server Responder: starting
2019-07-13 09:26:24,532 INFO  ipc.Server (Server.java:run(1153)) - IPC Server listener on 38833: starting
2019-07-13 09:26:24,541 INFO  http.HttpServer2 (HttpServer2.java:bindListener(1191)) - Jetty bound to port 34447
2019-07-13 09:26:24,542 INFO  server.Server (Server.java:doStart(351)) - jetty-9.3.24.v20180605, build timestamp: 2018-06-05T17:11:56Z, git hash: 84205aa28f11a4f31f2a3b86d1bba2cc8ab69827
2019-07-13 09:26:24,544 INFO  handler.ContextHandler (ContextHandler.java:doStart(781)) - Started o.e.j.s.ServletContextHandler@30ec211a{/logs,file:///tmp/workdir/hadoop-ozone/integration-test/target/log,AVAILABLE}
2019-07-13 09:26:24,544 INFO  handler.ContextHandler (ContextHandler.java:doStart(781)) - Started o.e.j.s.ServletContextHandler@6684f7f2{/static,file:///tmp/workdir/hadoop-ozone/integration-test/target/test-classes/webapps/static,AVAILABLE}
2019-07-13 09:26:24,550 INFO  handler.ContextHandler (ContextHandler.java:doStart(781)) - Started o.e.j.w.WebAppContext@7b211077{/,file:///tmp/workdir/hadoop-ozone/integration-test/target/test-classes/webapps/scm/,AVAILABLE}{/scm}
2019-07-13 09:26:24,550 INFO  server.AbstractConnector (AbstractConnector.java:doStart(278)) - Started ServerConnector@3b770d07{HTTP/1.1,[http/1.1]}{0.0.0.0:34447}
2019-07-13 09:26:24,553 INFO  server.Server (Server.java:doStart(419)) - Started @22146ms
2019-07-13 09:26:24,553 INFO  server.BaseHttpServer (BaseHttpServer.java:updateConnectorAddress(207)) - HTTP server of SCM is listening at http://0.0.0.0:34447
2019-07-13 09:26:24,554 WARN  server.ServerUtils (ServerUtils.java:getDBPath(222)) - ozone.om.db.dirs is not configured. We recommend adding this setting. Falling back to ozone.metadata.dirs instead.
2019-07-13 09:26:24,556 INFO  util.JvmPauseMonitor (JvmPauseMonitor.java:run(188)) - Starting JVM pause monitor
2019-07-13 09:26:24,568 WARN  server.ServerUtils (ServerUtils.java:getDBPath(222)) - ozone.om.db.dirs is not configured. We recommend adding this setting. Falling back to ozone.metadata.dirs instead.
2019-07-13 09:26:24,569 INFO  om.OzoneManager (OzoneManager.java:setOMNodeDetails(630)) - OM Service ID is not set. Setting it to the default ID: omServiceIdDefault
2019-07-13 09:26:24,569 INFO  om.OzoneManager (OzoneManager.java:setOMNodeDetails(636)) - OM Node ID is not set. Setting it to the OmStorage's OmID: 5491eb7b-3c19-4d2e-8bee-5a6ae8961dfb
2019-07-13 09:26:24,569 INFO  om.OzoneManager (OzoneManager.java:loadOMHAConfigs(587)) - Found matching OM address with OMServiceId: null, OMNodeId: null, RPC Address: localhost:0 and Ratis port: 9872
2019-07-13 09:26:24,584 WARN  server.ServerUtils (ServerUtils.java:getDBPath(222)) - ozone.om.db.dirs is not configured. We recommend adding this setting. Falling back to ozone.metadata.dirs instead.
2019-07-13 09:26:24,585 INFO  db.DBStoreBuilder (DBStoreBuilder.java:addTable(110)) - using custom profile for table: userTable
2019-07-13 09:26:24,585 INFO  db.DBStoreBuilder (DBStoreBuilder.java:processTables(161)) - Using default column profile:DBProfile.DISK for Table:userTable
2019-07-13 09:26:24,585 INFO  db.DBStoreBuilder (DBStoreBuilder.java:addTable(110)) - using custom profile for table: volumeTable
2019-07-13 09:26:24,585 INFO  db.DBStoreBuilder (DBStoreBuilder.java:processTables(161)) - Using default column profile:DBProfile.DISK for Table:volumeTable
2019-07-13 09:26:24,586 INFO  db.DBStoreBuilder (DBStoreBuilder.java:addTable(110)) - using custom profile for table: bucketTable
2019-07-13 09:26:24,586 INFO  db.DBStoreBuilder (DBStoreBuilder.java:processTables(161)) - Using default column profile:DBProfile.DISK for Table:bucketTable
2019-07-13 09:26:24,586 INFO  db.DBStoreBuilder (DBStoreBuilder.java:addTable(110)) - using custom profile for table: keyTable
2019-07-13 09:26:24,586 INFO  db.DBStoreBuilder (DBStoreBuilder.java:processTables(161)) - Using default column profile:DBProfile.DISK for Table:keyTable
2019-07-13 09:26:24,587 INFO  db.DBStoreBuilder (DBStoreBuilder.java:addTable(110)) - using custom profile for table: deletedTable
2019-07-13 09:26:24,587 INFO  db.DBStoreBuilder (DBStoreBuilder.java:processTables(161)) - Using default column profile:DBProfile.DISK for Table:deletedTable
2019-07-13 09:26:24,587 INFO  db.DBStoreBuilder (DBStoreBuilder.java:addTable(110)) - using custom profile for table: openKeyTable
2019-07-13 09:26:24,587 INFO  db.DBStoreBuilder (DBStoreBuilder.java:processTables(161)) - Using default column profile:DBProfile.DISK for Table:openKeyTable
2019-07-13 09:26:24,587 INFO  db.DBStoreBuilder (DBStoreBuilder.java:addTable(110)) - using custom profile for table: s3Table
2019-07-13 09:26:24,587 INFO  db.DBStoreBuilder (DBStoreBuilder.java:processTables(161)) - Using default column profile:DBProfile.DISK for Table:s3Table
2019-07-13 09:26:24,588 INFO  db.DBStoreBuilder (DBStoreBuilder.java:addTable(110)) - using custom profile for table: multipartInfoTable
2019-07-13 09:26:24,588 INFO  db.DBStoreBuilder (DBStoreBuilder.java:processTables(161)) - Using default column profile:DBProfile.DISK for Table:multipartInfoTable
2019-07-13 09:26:24,588 INFO  db.DBStoreBuilder (DBStoreBuilder.java:addTable(110)) - using custom profile for table: dTokenTable
2019-07-13 09:26:24,588 INFO  db.DBStoreBuilder (DBStoreBuilder.java:processTables(161)) - Using default column profile:DBProfile.DISK for Table:dTokenTable
2019-07-13 09:26:24,589 INFO  db.DBStoreBuilder (DBStoreBuilder.java:addTable(110)) - using custom profile for table: s3SecretTable
2019-07-13 09:26:24,589 INFO  db.DBStoreBuilder (DBStoreBuilder.java:processTables(161)) - Using default column profile:DBProfile.DISK for Table:s3SecretTable
2019-07-13 09:26:24,589 INFO  db.DBStoreBuilder (DBStoreBuilder.java:addTable(110)) - using custom profile for table: prefixTable
2019-07-13 09:26:24,589 INFO  db.DBStoreBuilder (DBStoreBuilder.java:processTables(161)) - Using default column profile:DBProfile.DISK for Table:prefixTable
2019-07-13 09:26:24,589 INFO  db.DBStoreBuilder (DBStoreBuilder.java:addTable(110)) - using custom profile for table: default
2019-07-13 09:26:24,590 INFO  db.DBStoreBuilder (DBStoreBuilder.java:processTables(167)) - Using default column profile:DBProfile.DISK for Table:default
2019-07-13 09:26:24,590 INFO  db.DBStoreBuilder (DBStoreBuilder.java:getDbProfile(198)) - Using default options. DBProfile.DISK
2019-07-13 09:26:24,809 INFO  impl.FollowerState (FollowerState.java:run(106)) - 8e98056f-57f0-47b6-8eb5-fd3e17e41c5b:group-D6172F60DFF0 changes to CANDIDATE, lastRpcTime:5007, electionTimeout:5004ms
2019-07-13 09:26:24,809 INFO  impl.RoleInfo (RoleInfo.java:shutdownFollowerState(121)) - 8e98056f-57f0-47b6-8eb5-fd3e17e41c5b: shutdown FollowerState
2019-07-13 09:26:24,809 INFO  impl.RaftServerImpl (RaftServerImpl.java:setRole(171)) - 8e98056f-57f0-47b6-8eb5-fd3e17e41c5b:group-D6172F60DFF0 changes role from FOLLOWER to CANDIDATE at term 1 for changeToCandidate
2019-07-13 09:26:24,809 INFO  impl.RoleInfo (RoleInfo.java:updateAndGet(143)) - 8e98056f-57f0-47b6-8eb5-fd3e17e41c5b: start LeaderElection
2019-07-13 09:26:24,821 INFO  impl.LeaderElection (LeaderElection.java:askForVotes(181)) - 8e98056f-57f0-47b6-8eb5-fd3e17e41c5b:group-D6172F60DFF0:LeaderElection13: begin an election at term 2 for -1: [e43469d1-feeb-4337-b3a6-c41c4697ae96:192.168.69.96:37743, 8e98056f-57f0-47b6-8eb5-fd3e17e41c5b:192.168.69.96:38732, 7dbc828f-eae1-4c39-8e5e-67ab191d64a2:192.168.69.96:44397], old=null
2019-07-13 09:26:24,831 INFO  impl.RaftServerImpl (RaftServerImpl.java:setRole(171)) - 7dbc828f-eae1-4c39-8e5e-67ab191d64a2:group-D6172F60DFF0 changes role from FOLLOWER to FOLLOWER at term 2 for recognizeCandidate:8e98056f-57f0-47b6-8eb5-fd3e17e41c5b
2019-07-13 09:26:24,831 INFO  impl.RaftServerImpl (RaftServerImpl.java:setRole(171)) - e43469d1-feeb-4337-b3a6-c41c4697ae96:group-D6172F60DFF0 changes role from FOLLOWER to FOLLOWER at term 2 for recognizeCandidate:8e98056f-57f0-47b6-8eb5-fd3e17e41c5b
2019-07-13 09:26:24,831 INFO  impl.RoleInfo (RoleInfo.java:shutdownFollowerState(121)) - 7dbc828f-eae1-4c39-8e5e-67ab191d64a2: shutdown FollowerState
2019-07-13 09:26:24,832 INFO  impl.RoleInfo (RoleInfo.java:shutdownFollowerState(121)) - e43469d1-feeb-4337-b3a6-c41c4697ae96: shutdown FollowerState
2019-07-13 09:26:24,832 INFO  impl.FollowerState (FollowerState.java:run(114)) - 7dbc828f-eae1-4c39-8e5e-67ab191d64a2: FollowerState was interrupted: java.lang.InterruptedException: sleep interrupted
2019-07-13 09:26:24,832 INFO  impl.FollowerState (FollowerState.java:run(114)) - e43469d1-feeb-4337-b3a6-c41c4697ae96: FollowerState was interrupted: java.lang.InterruptedException: sleep interrupted
2019-07-13 09:26:24,832 INFO  impl.RoleInfo (RoleInfo.java:updateAndGet(143)) - 7dbc828f-eae1-4c39-8e5e-67ab191d64a2: start FollowerState
2019-07-13 09:26:24,832 INFO  impl.RoleInfo (RoleInfo.java:updateAndGet(143)) - e43469d1-feeb-4337-b3a6-c41c4697ae96: start FollowerState
2019-07-13 09:26:24,853 INFO  impl.LeaderElection (LeaderElection.java:logAndReturn(56)) - 8e98056f-57f0-47b6-8eb5-fd3e17e41c5b:group-D6172F60DFF0:LeaderElection13: Election PASSED; received 1 response(s) [8e98056f-57f0-47b6-8eb5-fd3e17e41c5b<-7dbc828f-eae1-4c39-8e5e-67ab191d64a2#0:OK-t2] and 0 exception(s); 8e98056f-57f0-47b6-8eb5-fd3e17e41c5b:t2, leader=null, voted=8e98056f-57f0-47b6-8eb5-fd3e17e41c5b, raftlog=8e98056f-57f0-47b6-8eb5-fd3e17e41c5b-SegmentedRaftLog:OPENED:c-1,f-1,i0, conf=-1: [e43469d1-feeb-4337-b3a6-c41c4697ae96:192.168.69.96:37743, 8e98056f-57f0-47b6-8eb5-fd3e17e41c5b:192.168.69.96:38732, 7dbc828f-eae1-4c39-8e5e-67ab191d64a2:192.168.69.96:44397], old=null
2019-07-13 09:26:24,853 INFO  impl.RoleInfo (RoleInfo.java:shutdownLeaderElection(134)) - 8e98056f-57f0-47b6-8eb5-fd3e17e41c5b: shutdown LeaderElection
2019-07-13 09:26:24,856 INFO  impl.RaftServerImpl (RaftServerImpl.java:setRole(171)) - 8e98056f-57f0-47b6-8eb5-fd3e17e41c5b:group-D6172F60DFF0 changes role from CANDIDATE to LEADER at term 2 for changeToLeader
2019-07-13 09:26:24,856 INFO  impl.RaftServerImpl (ServerState.java:setLeader(263)) - 8e98056f-57f0-47b6-8eb5-fd3e17e41c5b:group-D6172F60DFF0 change Leader from null to 8e98056f-57f0-47b6-8eb5-fd3e17e41c5b at term 2 for becomeLeader, leader elected after 10193ms
2019-07-13 09:26:24,856 INFO  server.RaftServerConfigKeys (ConfUtils.java:logGet(43)) - raft.server.staging.catchup.gap = 1000 (default)
2019-07-13 09:26:24,856 INFO  server.RaftServerConfigKeys (ConfUtils.java:logGet(43)) - raft.server.rpc.sleep.time = 25ms (default)
2019-07-13 09:26:24,856 INFO  server.RaftServerConfigKeys (ConfUtils.java:logGet(43)) - raft.server.write.element-limit = 4096 (default)
2019-07-13 09:26:24,857 INFO  server.RaftServerConfigKeys (ConfUtils.java:logGet(43)) - raft.server.watch.timeout = 10s (default)
2019-07-13 09:26:24,857 INFO  server.RaftServerConfigKeys (ConfUtils.java:logGet(43)) - raft.server.watch.timeout.denomination = 1s (default)
2019-07-13 09:26:24,857 INFO  server.RaftServerConfigKeys (ConfUtils.java:logGet(43)) - raft.server.watch.element-limit = 65536 (default)
2019-07-13 09:26:24,858 INFO  server.RaftServerConfigKeys (ConfUtils.java:logGet(43)) - raft.server.log.appender.snapshot.chunk.size.max = 16MB (=16777216) (default)
2019-07-13 09:26:24,858 INFO  server.RaftServerConfigKeys (ConfUtils.java:logGet(43)) - raft.server.log.appender.buffer.byte-limit = 33554432 (custom)
2019-07-13 09:26:24,858 INFO  server.RaftServerConfigKeys (ConfUtils.java:logGet(43)) - raft.server.log.appender.buffer.element-limit = 1 (custom)
2019-07-13 09:26:24,858 INFO  grpc.GrpcConfigKeys$Server (ConfUtils.java:logGet(43)) - raft.grpc.server.leader.outstanding.appends.max = 128 (default)
2019-07-13 09:26:24,859 INFO  server.RaftServerConfigKeys (ConfUtils.java:logGet(43)) - raft.server.rpc.request.timeout = 3000ms (default)
2019-07-13 09:26:24,859 INFO  server.RaftServerConfigKeys (ConfUtils.java:logGet(43)) - raft.server.log.appender.install.snapshot.enabled = false (custom)
2019-07-13 09:26:24,859 INFO  server.RaftServerConfigKeys (ConfUtils.java:logGet(43)) - raft.server.log.appender.snapshot.chunk.size.max = 16MB (=16777216) (default)
2019-07-13 09:26:24,859 INFO  server.RaftServerConfigKeys (ConfUtils.java:logGet(43)) - raft.server.log.appender.buffer.byte-limit = 33554432 (custom)
2019-07-13 09:26:24,860 INFO  server.RaftServerConfigKeys (ConfUtils.java:logGet(43)) - raft.server.log.appender.buffer.element-limit = 1 (custom)
2019-07-13 09:26:24,860 INFO  grpc.GrpcConfigKeys$Server (ConfUtils.java:logGet(43)) - raft.grpc.server.leader.outstanding.appends.max = 128 (default)
2019-07-13 09:26:24,860 INFO  server.RaftServerConfigKeys (ConfUtils.java:logGet(43)) - raft.server.rpc.request.timeout = 3000ms (default)
2019-07-13 09:26:24,860 INFO  server.RaftServerConfigKeys (ConfUtils.java:logGet(43)) - raft.server.log.appender.install.snapshot.enabled = false (custom)
2019-07-13 09:26:24,861 INFO  impl.RoleInfo (RoleInfo.java:updateAndGet(143)) - 8e98056f-57f0-47b6-8eb5-fd3e17e41c5b: start LeaderState
2019-07-13 09:26:24,861 INFO  segmented.SegmentedRaftLogWorker (SegmentedRaftLogWorker.java:startLogSegment(380)) - 8e98056f-57f0-47b6-8eb5-fd3e17e41c5b-SegmentedRaftLogWorker:Storage Directory /tmp/workdir/hadoop-ozone/integration-test/target/test-dir/MiniOzoneClusterImpl-2dcec543-5fd7-4a84-bbd3-b374c7b8b407/datanode-4/data/ratis/08836f28-13a9-4a61-a393-d6172f60dff0: Starting segment from index:0
2019-07-13 09:26:24,862 INFO  impl.RaftServerImpl (ServerState.java:setRaftConf(361)) - 8e98056f-57f0-47b6-8eb5-fd3e17e41c5b:group-D6172F60DFF0 set configuration 0: [e43469d1-feeb-4337-b3a6-c41c4697ae96:192.168.69.96:37743, 8e98056f-57f0-47b6-8eb5-fd3e17e41c5b:192.168.69.96:38732, 7dbc828f-eae1-4c39-8e5e-67ab191d64a2:192.168.69.96:44397], old=null at 0
2019-07-13 09:26:24,885 INFO  impl.RaftServerImpl (ServerState.java:setLeader(263)) - 7dbc828f-eae1-4c39-8e5e-67ab191d64a2:group-D6172F60DFF0 change Leader from null to 8e98056f-57f0-47b6-8eb5-fd3e17e41c5b at term 2 for appendEntries, leader elected after 10222ms
2019-07-13 09:26:24,888 INFO  impl.RaftServerImpl (ServerState.java:setLeader(263)) - e43469d1-feeb-4337-b3a6-c41c4697ae96:group-D6172F60DFF0 change Leader from null to 8e98056f-57f0-47b6-8eb5-fd3e17e41c5b at term 2 for appendEntries, leader elected after 10225ms
2019-07-13 09:26:24,892 INFO  impl.RaftServerImpl (ServerState.java:setRaftConf(361)) - 7dbc828f-eae1-4c39-8e5e-67ab191d64a2:group-D6172F60DFF0 set configuration 0: [e43469d1-feeb-4337-b3a6-c41c4697ae96:192.168.69.96:37743, 8e98056f-57f0-47b6-8eb5-fd3e17e41c5b:192.168.69.96:38732, 7dbc828f-eae1-4c39-8e5e-67ab191d64a2:192.168.69.96:44397], old=null at 0
2019-07-13 09:26:24,893 INFO  impl.RaftServerImpl (ServerState.java:setRaftConf(361)) - e43469d1-feeb-4337-b3a6-c41c4697ae96:group-D6172F60DFF0 set configuration 0: [e43469d1-feeb-4337-b3a6-c41c4697ae96:192.168.69.96:37743, 8e98056f-57f0-47b6-8eb5-fd3e17e41c5b:192.168.69.96:38732, 7dbc828f-eae1-4c39-8e5e-67ab191d64a2:192.168.69.96:44397], old=null at 0
2019-07-13 09:26:24,893 INFO  segmented.SegmentedRaftLogWorker (SegmentedRaftLogWorker.java:startLogSegment(380)) - 7dbc828f-eae1-4c39-8e5e-67ab191d64a2-SegmentedRaftLogWorker:Storage Directory /tmp/workdir/hadoop-ozone/integration-test/target/test-dir/MiniOzoneClusterImpl-2dcec543-5fd7-4a84-bbd3-b374c7b8b407/datanode-5/data/ratis/08836f28-13a9-4a61-a393-d6172f60dff0: Starting segment from index:0
2019-07-13 09:26:24,893 INFO  segmented.SegmentedRaftLogWorker (SegmentedRaftLogWorker.java:startLogSegment(380)) - e43469d1-feeb-4337-b3a6-c41c4697ae96-SegmentedRaftLogWorker:Storage Directory /tmp/workdir/hadoop-ozone/integration-test/target/test-dir/MiniOzoneClusterImpl-2dcec543-5fd7-4a84-bbd3-b374c7b8b407/datanode-0/data/ratis/08836f28-13a9-4a61-a393-d6172f60dff0: Starting segment from index:0
2019-07-13 09:26:24,895 INFO  segmented.SegmentedRaftLogWorker (SegmentedRaftLogWorker.java:execute(569)) - 8e98056f-57f0-47b6-8eb5-fd3e17e41c5b-SegmentedRaftLogWorker:Storage Directory /tmp/workdir/hadoop-ozone/integration-test/target/test-dir/MiniOzoneClusterImpl-2dcec543-5fd7-4a84-bbd3-b374c7b8b407/datanode-4/data/ratis/08836f28-13a9-4a61-a393-d6172f60dff0: created new log segment /tmp/workdir/hadoop-ozone/integration-test/target/test-dir/MiniOzoneClusterImpl-2dcec543-5fd7-4a84-bbd3-b374c7b8b407/datanode-4/data/ratis/08836f28-13a9-4a61-a393-d6172f60dff0/current/log_inprogress_0
2019-07-13 09:26:24,924 INFO  segmented.SegmentedRaftLogWorker (SegmentedRaftLogWorker.java:execute(569)) - 7dbc828f-eae1-4c39-8e5e-67ab191d64a2-SegmentedRaftLogWorker:Storage Directory /tmp/workdir/hadoop-ozone/integration-test/target/test-dir/MiniOzoneClusterImpl-2dcec543-5fd7-4a84-bbd3-b374c7b8b407/datanode-5/data/ratis/08836f28-13a9-4a61-a393-d6172f60dff0: created new log segment /tmp/workdir/hadoop-ozone/integration-test/target/test-dir/MiniOzoneClusterImpl-2dcec543-5fd7-4a84-bbd3-b374c7b8b407/datanode-5/data/ratis/08836f28-13a9-4a61-a393-d6172f60dff0/current/log_inprogress_0
2019-07-13 09:26:24,924 INFO  segmented.SegmentedRaftLogWorker (SegmentedRaftLogWorker.java:execute(569)) - e43469d1-feeb-4337-b3a6-c41c4697ae96-SegmentedRaftLogWorker:Storage Directory /tmp/workdir/hadoop-ozone/integration-test/target/test-dir/MiniOzoneClusterImpl-2dcec543-5fd7-4a84-bbd3-b374c7b8b407/datanode-0/data/ratis/08836f28-13a9-4a61-a393-d6172f60dff0: created new log segment /tmp/workdir/hadoop-ozone/integration-test/target/test-dir/MiniOzoneClusterImpl-2dcec543-5fd7-4a84-bbd3-b374c7b8b407/datanode-0/data/ratis/08836f28-13a9-4a61-a393-d6172f60dff0/current/log_inprogress_0
2019-07-13 09:26:25,116 INFO  ipc.CallQueueManager (CallQueueManager.java:<init>(84)) - Using callQueue: class java.util.concurrent.LinkedBlockingQueue, queueCapacity: 2000, scheduler: class org.apache.hadoop.ipc.DefaultRpcScheduler, ipcBackoff: false.
2019-07-13 09:26:25,124 INFO  ipc.Server (Server.java:run(1074)) - Starting Socket Reader #1 for port 35033
2019-07-13 09:26:25,147 WARN  server.ServerUtils (ServerUtils.java:getDBPath(222)) - ozone.om.db.dirs is not configured. We recommend adding this setting. Falling back to ozone.metadata.dirs instead.
2019-07-13 09:26:25,147 INFO  om.OzoneManager (OzoneManager.java:start(1228)) - OzoneManager RPC server is listening at localhost/127.0.0.1:35033
2019-07-13 09:26:25,147 INFO  impl.MetricsSystemImpl (MetricsSystemImpl.java:init(158)) - OzoneManager metrics system started (again)
2019-07-13 09:26:25,148 INFO  ipc.Server (Server.java:run(1314)) - IPC Server Responder: starting
2019-07-13 09:26:25,148 INFO  ipc.Server (Server.java:run(1153)) - IPC Server listener on 35033: starting
2019-07-13 09:26:25,159 INFO  hdfs.DFSUtil (DFSUtil.java:httpServerTemplateForNNAndJN(1641)) - Starting Web-server for ozoneManager at: http://0.0.0.0:0
2019-07-13 09:26:25,161 INFO  server.AuthenticationFilter (AuthenticationFilter.java:constructSecretProvider(240)) - Unable to initialize FileSignerSecretProvider, falling back to use random secrets.
2019-07-13 09:26:25,162 WARN  http.HttpRequestLog (HttpRequestLog.java:getRequestLog(97)) - Jetty request log can only be enabled using Log4j
2019-07-13 09:26:25,165 INFO  http.HttpServer2 (HttpServer2.java:addGlobalFilter(975)) - Added global filter 'safety' (class=org.apache.hadoop.http.HttpServer2$QuotingInputFilter)
2019-07-13 09:26:25,166 INFO  http.HttpServer2 (HttpServer2.java:addFilter(948)) - Added filter static_user_filter (class=org.apache.hadoop.http.lib.StaticUserWebFilter$StaticUserFilter) to context ozoneManager
2019-07-13 09:26:25,166 INFO  http.HttpServer2 (HttpServer2.java:addFilter(958)) - Added filter static_user_filter (class=org.apache.hadoop.http.lib.StaticUserWebFilter$StaticUserFilter) to context logs
2019-07-13 09:26:25,166 INFO  http.HttpServer2 (HttpServer2.java:addFilter(958)) - Added filter static_user_filter (class=org.apache.hadoop.http.lib.StaticUserWebFilter$StaticUserFilter) to context static
2019-07-13 09:26:25,167 INFO  http.HttpServer2 (HttpServer2.java:bindListener(1191)) - Jetty bound to port 46025
2019-07-13 09:26:25,168 INFO  server.Server (Server.java:doStart(351)) - jetty-9.3.24.v20180605, build timestamp: 2018-06-05T17:11:56Z, git hash: 84205aa28f11a4f31f2a3b86d1bba2cc8ab69827
2019-07-13 09:26:25,171 INFO  handler.ContextHandler (ContextHandler.java:doStart(781)) - Started o.e.j.s.ServletContextHandler@12e5d3e1{/logs,file:///tmp/workdir/hadoop-ozone/integration-test/target/log,AVAILABLE}
2019-07-13 09:26:25,172 INFO  handler.ContextHandler (ContextHandler.java:doStart(781)) - Started o.e.j.s.ServletContextHandler@2fb082ff{/static,file:///tmp/workdir/hadoop-ozone/integration-test/target/test-classes/webapps/static,AVAILABLE}
2019-07-13 09:26:25,178 INFO  handler.ContextHandler (ContextHandler.java:doStart(781)) - Started o.e.j.w.WebAppContext@54463380{/,file:///tmp/workdir/hadoop-ozone/integration-test/target/test-classes/webapps/ozoneManager/,AVAILABLE}{/ozoneManager}
2019-07-13 09:26:25,181 INFO  server.AbstractConnector (AbstractConnector.java:doStart(278)) - Started ServerConnector@819fb19{HTTP/1.1,[http/1.1]}{0.0.0.0:46025}
2019-07-13 09:26:25,182 INFO  server.Server (Server.java:doStart(419)) - Started @22776ms
2019-07-13 09:26:25,183 INFO  server.BaseHttpServer (BaseHttpServer.java:updateConnectorAddress(207)) - HTTP server of OZONEMANAGER is listening at http://0.0.0.0:46025
2019-07-13 09:26:25,205 INFO  impl.MetricsSystemImpl (MetricsSystemImpl.java:init(158)) - HddsDatanode metrics system started (again)
2019-07-13 09:26:25,206 INFO  ozone.HddsDatanodeService (HddsDatanodeService.java:start(185)) - HddsDatanodeService host:trunk-nightly-hmp62-43275749 ip:192.168.69.96
2019-07-13 09:26:25,222 INFO  volume.HddsVolume (HddsVolume.java:<init>(176)) - Creating Volume: /tmp/workdir/hadoop-ozone/integration-test/target/test-dir/MiniOzoneClusterImpl-52da5e4c-509f-4cd4-9220-bd6b1bde4901/datanode-0/data/containers/hdds of  storage type : DISK and capacity : 52710309888
2019-07-13 09:26:25,223 INFO  volume.VolumeSet (VolumeSet.java:initializeVolumeSet(170)) - Added Volume : /tmp/workdir/hadoop-ozone/integration-test/target/test-dir/MiniOzoneClusterImpl-52da5e4c-509f-4cd4-9220-bd6b1bde4901/datanode-0/data/containers/hdds to VolumeSet
2019-07-13 09:26:25,223 INFO  volume.ThrottledAsyncChecker (ThrottledAsyncChecker.java:schedule(140)) - Scheduling a check for org.apache.hadoop.ozone.container.common.volume.HddsVolume@23afc725
2019-07-13 09:26:25,224 INFO  volume.HddsVolumeChecker (HddsVolumeChecker.java:checkAllVolumes(203)) - Scheduled health check for volume org.apache.hadoop.ozone.container.common.volume.HddsVolume@23afc725
2019-07-13 09:26:25,246 INFO  impl.RaftServerProxy (ConfUtils.java:logGet(43)) - raft.rpc.type = GRPC (default)
2019-07-13 09:26:25,247 INFO  grpc.GrpcFactory (GrpcFactory.java:checkPooledByteBufAllocatorUseCacheForAllThreads(45)) - PERFORMANCE WARNING: useCacheForAllThreads is true that may cause Netty to create a lot garbage objects and, as a result, trigger GC.
	It is recommended to disable useCacheForAllThreads by setting -Dorg.apache.ratis.thirdparty.io.netty.allocator.useCacheForAllThreads=false in command line.
2019-07-13 09:26:25,247 INFO  grpc.GrpcConfigKeys$Server (ConfUtils.java:logGet(43)) - raft.grpc.server.port = 0 (default)
2019-07-13 09:26:25,247 INFO  server.GrpcService (ConfUtils.java:logGet(43)) - raft.grpc.message.size.max = 33570816 (custom)
2019-07-13 09:26:25,248 INFO  server.RaftServerConfigKeys (ConfUtils.java:logGet(43)) - raft.server.log.appender.buffer.byte-limit = 33554432 (custom)
2019-07-13 09:26:25,248 INFO  server.GrpcService (ConfUtils.java:logGet(43)) - raft.grpc.flow.control.window = 1MB (=1048576) (default)
2019-07-13 09:26:25,248 INFO  server.RaftServerConfigKeys (ConfUtils.java:logGet(43)) - raft.server.rpc.request.timeout = 3000ms (default)
2019-07-13 09:26:25,249 INFO  server.RaftServerConfigKeys (ConfUtils.java:logGet(43)) - raft.server.storage.dir = [/tmp/workdir/hadoop-ozone/integration-test/target/test-dir/MiniOzoneClusterImpl-52da5e4c-509f-4cd4-9220-bd6b1bde4901/datanode-0/data/ratis] (custom)
2019-07-13 09:26:25,250 INFO  replication.SimpleContainerDownloader (SimpleContainerDownloader.java:<init>(72)) - Starting container downloader service to copy containers to replicate.
2019-07-13 09:26:25,251 INFO  hdfs.DFSUtil (DFSUtil.java:httpServerTemplateForNNAndJN(1641)) - Starting Web-server for hddsDatanode at: http://0.0.0.0:0
2019-07-13 09:26:25,252 INFO  server.AuthenticationFilter (AuthenticationFilter.java:constructSecretProvider(240)) - Unable to initialize FileSignerSecretProvider, falling back to use random secrets.
2019-07-13 09:26:25,253 WARN  http.HttpRequestLog (HttpRequestLog.java:getRequestLog(97)) - Jetty request log can only be enabled using Log4j
2019-07-13 09:26:25,255 INFO  http.HttpServer2 (HttpServer2.java:addGlobalFilter(975)) - Added global filter 'safety' (class=org.apache.hadoop.http.HttpServer2$QuotingInputFilter)
2019-07-13 09:26:25,256 INFO  http.HttpServer2 (HttpServer2.java:addFilter(948)) - Added filter static_user_filter (class=org.apache.hadoop.http.lib.StaticUserWebFilter$StaticUserFilter) to context hddsDatanode
2019-07-13 09:26:25,256 INFO  http.HttpServer2 (HttpServer2.java:addFilter(958)) - Added filter static_user_filter (class=org.apache.hadoop.http.lib.StaticUserWebFilter$StaticUserFilter) to context logs
2019-07-13 09:26:25,256 INFO  http.HttpServer2 (HttpServer2.java:addFilter(958)) - Added filter static_user_filter (class=org.apache.hadoop.http.lib.StaticUserWebFilter$StaticUserFilter) to context static
2019-07-13 09:26:25,257 INFO  http.HttpServer2 (HttpServer2.java:bindListener(1191)) - Jetty bound to port 35429
2019-07-13 09:26:25,257 INFO  server.Server (Server.java:doStart(351)) - jetty-9.3.24.v20180605, build timestamp: 2018-06-05T17:11:56Z, git hash: 84205aa28f11a4f31f2a3b86d1bba2cc8ab69827
2019-07-13 09:26:25,260 INFO  handler.ContextHandler (ContextHandler.java:doStart(781)) - Started o.e.j.s.ServletContextHandler@fabef2e{/logs,file:///tmp/workdir/hadoop-ozone/integration-test/target/log,AVAILABLE}
2019-07-13 09:26:25,261 INFO  handler.ContextHandler (ContextHandler.java:doStart(781)) - Started o.e.j.s.ServletContextHandler@7e848aea{/static,jar:file:/home/user/.m2/repository/org/apache/hadoop/hadoop-hdds-container-service/0.5.0-SNAPSHOT/hadoop-hdds-container-service-0.5.0-SNAPSHOT.jar!/webapps/static,AVAILABLE}
2019-07-13 09:26:25,296 INFO  handler.ContextHandler (ContextHandler.java:doStart(781)) - Started o.e.j.w.WebAppContext@1736c1e4{/,file:///tmp/jetty-0.0.0.0-35429-hddsDatanode-_-any-1612657611903778264.dir/webapp/,AVAILABLE}{/hddsDatanode}
2019-07-13 09:26:25,296 INFO  server.AbstractConnector (AbstractConnector.java:doStart(278)) - Started ServerConnector@32dcfeea{HTTP/1.1,[http/1.1]}{0.0.0.0:35429}
2019-07-13 09:26:25,299 INFO  server.Server (Server.java:doStart(419)) - Started @22893ms
2019-07-13 09:26:25,300 INFO  server.BaseHttpServer (BaseHttpServer.java:updateConnectorAddress(207)) - HTTP server of HDDSDATANODE is listening at http://0.0.0.0:35429
2019-07-13 09:26:25,429 INFO  ozone.HddsDatanodeService (HddsDatanodeService.java:startPlugins(396)) - Started plug-in org.apache.hadoop.ozone.web.OzoneHddsDatanodeService@1a2724d3
2019-07-13 09:26:25,430 INFO  impl.MetricsSystemImpl (MetricsSystemImpl.java:init(158)) - HddsDatanode metrics system started (again)
2019-07-13 09:26:25,435 INFO  ozone.HddsDatanodeService (HddsDatanodeService.java:start(185)) - HddsDatanodeService host:trunk-nightly-hmp62-43275749 ip:192.168.69.96
2019-07-13 09:26:25,436 INFO  util.JvmPauseMonitor (JvmPauseMonitor.java:run(188)) - Starting JVM pause monitor
2019-07-13 09:26:25,440 INFO  datanode.InitDatanodeState (InitDatanodeState.java:persistContainerDatanodeDetails(140)) - DatanodeDetails is persisted to /tmp/workdir/hadoop-ozone/integration-test/target/test-dir/MiniOzoneClusterImpl-52da5e4c-509f-4cd4-9220-bd6b1bde4901/datanode-0/meta/datanode.id
2019-07-13 09:26:25,452 INFO  volume.HddsVolume (HddsVolume.java:<init>(176)) - Creating Volume: /tmp/workdir/hadoop-ozone/integration-test/target/test-dir/MiniOzoneClusterImpl-52da5e4c-509f-4cd4-9220-bd6b1bde4901/datanode-1/data/containers/hdds of  storage type : DISK and capacity : 52710309888
2019-07-13 09:26:25,453 INFO  volume.VolumeSet (VolumeSet.java:initializeVolumeSet(170)) - Added Volume : /tmp/workdir/hadoop-ozone/integration-test/target/test-dir/MiniOzoneClusterImpl-52da5e4c-509f-4cd4-9220-bd6b1bde4901/datanode-1/data/containers/hdds to VolumeSet
2019-07-13 09:26:25,453 INFO  volume.ThrottledAsyncChecker (ThrottledAsyncChecker.java:schedule(140)) - Scheduling a check for org.apache.hadoop.ozone.container.common.volume.HddsVolume@5ef2cbe6
2019-07-13 09:26:25,453 INFO  volume.HddsVolumeChecker (HddsVolumeChecker.java:checkAllVolumes(203)) - Scheduled health check for volume org.apache.hadoop.ozone.container.common.volume.HddsVolume@5ef2cbe6
2019-07-13 09:26:25,469 INFO  impl.RaftServerProxy (ConfUtils.java:logGet(43)) - raft.rpc.type = GRPC (default)
2019-07-13 09:26:25,470 INFO  grpc.GrpcFactory (GrpcFactory.java:checkPooledByteBufAllocatorUseCacheForAllThreads(45)) - PERFORMANCE WARNING: useCacheForAllThreads is true that may cause Netty to create a lot garbage objects and, as a result, trigger GC.
	It is recommended to disable useCacheForAllThreads by setting -Dorg.apache.ratis.thirdparty.io.netty.allocator.useCacheForAllThreads=false in command line.
2019-07-13 09:26:25,470 INFO  grpc.GrpcConfigKeys$Server (ConfUtils.java:logGet(43)) - raft.grpc.server.port = 0 (default)
2019-07-13 09:26:25,470 INFO  server.GrpcService (ConfUtils.java:logGet(43)) - raft.grpc.message.size.max = 33570816 (custom)
2019-07-13 09:26:25,470 INFO  server.RaftServerConfigKeys (ConfUtils.java:logGet(43)) - raft.server.log.appender.buffer.byte-limit = 33554432 (custom)
2019-07-13 09:26:25,470 INFO  server.GrpcService (ConfUtils.java:logGet(43)) - raft.grpc.flow.control.window = 1MB (=1048576) (default)
2019-07-13 09:26:25,471 INFO  server.RaftServerConfigKeys (ConfUtils.java:logGet(43)) - raft.server.rpc.request.timeout = 3000ms (default)
2019-07-13 09:26:25,471 INFO  server.RaftServerConfigKeys (ConfUtils.java:logGet(43)) - raft.server.storage.dir = [/tmp/workdir/hadoop-ozone/integration-test/target/test-dir/MiniOzoneClusterImpl-52da5e4c-509f-4cd4-9220-bd6b1bde4901/datanode-1/data/ratis] (custom)
2019-07-13 09:26:25,472 INFO  replication.SimpleContainerDownloader (SimpleContainerDownloader.java:<init>(72)) - Starting container downloader service to copy containers to replicate.
2019-07-13 09:26:25,473 INFO  hdfs.DFSUtil (DFSUtil.java:httpServerTemplateForNNAndJN(1641)) - Starting Web-server for hddsDatanode at: http://0.0.0.0:0
2019-07-13 09:26:25,474 INFO  server.AuthenticationFilter (AuthenticationFilter.java:constructSecretProvider(240)) - Unable to initialize FileSignerSecretProvider, falling back to use random secrets.
2019-07-13 09:26:25,474 WARN  http.HttpRequestLog (HttpRequestLog.java:getRequestLog(97)) - Jetty request log can only be enabled using Log4j
2019-07-13 09:26:25,475 INFO  http.HttpServer2 (HttpServer2.java:addGlobalFilter(975)) - Added global filter 'safety' (class=org.apache.hadoop.http.HttpServer2$QuotingInputFilter)
2019-07-13 09:26:25,476 INFO  http.HttpServer2 (HttpServer2.java:addFilter(948)) - Added filter static_user_filter (class=org.apache.hadoop.http.lib.StaticUserWebFilter$StaticUserFilter) to context hddsDatanode
2019-07-13 09:26:25,476 INFO  http.HttpServer2 (HttpServer2.java:addFilter(958)) - Added filter static_user_filter (class=org.apache.hadoop.http.lib.StaticUserWebFilter$StaticUserFilter) to context logs
2019-07-13 09:26:25,476 INFO  http.HttpServer2 (HttpServer2.java:addFilter(958)) - Added filter static_user_filter (class=org.apache.hadoop.http.lib.StaticUserWebFilter$StaticUserFilter) to context static
2019-07-13 09:26:25,477 INFO  http.HttpServer2 (HttpServer2.java:bindListener(1191)) - Jetty bound to port 36372
2019-07-13 09:26:25,477 INFO  server.Server (Server.java:doStart(351)) - jetty-9.3.24.v20180605, build timestamp: 2018-06-05T17:11:56Z, git hash: 84205aa28f11a4f31f2a3b86d1bba2cc8ab69827
2019-07-13 09:26:25,479 INFO  handler.ContextHandler (ContextHandler.java:doStart(781)) - Started o.e.j.s.ServletContextHandler@3a88f6fb{/logs,file:///tmp/workdir/hadoop-ozone/integration-test/target/log,AVAILABLE}
2019-07-13 09:26:25,479 INFO  handler.ContextHandler (ContextHandler.java:doStart(781)) - Started o.e.j.s.ServletContextHandler@844e66d{/static,jar:file:/home/user/.m2/repository/org/apache/hadoop/hadoop-hdds-container-service/0.5.0-SNAPSHOT/hadoop-hdds-container-service-0.5.0-SNAPSHOT.jar!/webapps/static,AVAILABLE}
2019-07-13 09:26:25,507 INFO  handler.ContextHandler (ContextHandler.java:doStart(781)) - Started o.e.j.w.WebAppContext@c318864{/,file:///tmp/jetty-0.0.0.0-36372-hddsDatanode-_-any-7470548738686916769.dir/webapp/,AVAILABLE}{/hddsDatanode}
2019-07-13 09:26:25,507 INFO  server.AbstractConnector (AbstractConnector.java:doStart(278)) - Started ServerConnector@7d61468c{HTTP/1.1,[http/1.1]}{0.0.0.0:36372}
2019-07-13 09:26:25,510 INFO  server.Server (Server.java:doStart(419)) - Started @23104ms
2019-07-13 09:26:25,511 INFO  server.BaseHttpServer (BaseHttpServer.java:updateConnectorAddress(207)) - HTTP server of HDDSDATANODE is listening at http://0.0.0.0:36372
2019-07-13 09:26:25,626 INFO  ozone.HddsDatanodeService (HddsDatanodeService.java:startPlugins(396)) - Started plug-in org.apache.hadoop.ozone.web.OzoneHddsDatanodeService@323e026d
2019-07-13 09:26:25,627 INFO  impl.MetricsSystemImpl (MetricsSystemImpl.java:init(158)) - HddsDatanode metrics system started (again)
2019-07-13 09:26:25,632 INFO  ozone.HddsDatanodeService (HddsDatanodeService.java:start(185)) - HddsDatanodeService host:trunk-nightly-hmp62-43275749 ip:192.168.69.96
2019-07-13 09:26:25,633 INFO  util.JvmPauseMonitor (JvmPauseMonitor.java:run(188)) - Starting JVM pause monitor
2019-07-13 09:26:25,636 INFO  datanode.InitDatanodeState (InitDatanodeState.java:persistContainerDatanodeDetails(140)) - DatanodeDetails is persisted to /tmp/workdir/hadoop-ozone/integration-test/target/test-dir/MiniOzoneClusterImpl-52da5e4c-509f-4cd4-9220-bd6b1bde4901/datanode-1/meta/datanode.id
2019-07-13 09:26:25,665 INFO  volume.HddsVolume (HddsVolume.java:<init>(176)) - Creating Volume: /tmp/workdir/hadoop-ozone/integration-test/target/test-dir/MiniOzoneClusterImpl-52da5e4c-509f-4cd4-9220-bd6b1bde4901/datanode-2/data/containers/hdds of  storage type : DISK and capacity : 52710309888
2019-07-13 09:26:25,666 INFO  volume.VolumeSet (VolumeSet.java:initializeVolumeSet(170)) - Added Volume : /tmp/workdir/hadoop-ozone/integration-test/target/test-dir/MiniOzoneClusterImpl-52da5e4c-509f-4cd4-9220-bd6b1bde4901/datanode-2/data/containers/hdds to VolumeSet
2019-07-13 09:26:25,666 INFO  volume.ThrottledAsyncChecker (ThrottledAsyncChecker.java:schedule(140)) - Scheduling a check for org.apache.hadoop.ozone.container.common.volume.HddsVolume@5bb97fe7
2019-07-13 09:26:25,667 INFO  volume.HddsVolumeChecker (HddsVolumeChecker.java:checkAllVolumes(203)) - Scheduled health check for volume org.apache.hadoop.ozone.container.common.volume.HddsVolume@5bb97fe7
2019-07-13 09:26:25,690 INFO  impl.RaftServerProxy (ConfUtils.java:logGet(43)) - raft.rpc.type = GRPC (default)
2019-07-13 09:26:25,690 INFO  grpc.GrpcFactory (GrpcFactory.java:checkPooledByteBufAllocatorUseCacheForAllThreads(45)) - PERFORMANCE WARNING: useCacheForAllThreads is true that may cause Netty to create a lot garbage objects and, as a result, trigger GC.
	It is recommended to disable useCacheForAllThreads by setting -Dorg.apache.ratis.thirdparty.io.netty.allocator.useCacheForAllThreads=false in command line.
2019-07-13 09:26:25,691 INFO  grpc.GrpcConfigKeys$Server (ConfUtils.java:logGet(43)) - raft.grpc.server.port = 0 (default)
2019-07-13 09:26:25,691 INFO  server.GrpcService (ConfUtils.java:logGet(43)) - raft.grpc.message.size.max = 33570816 (custom)
2019-07-13 09:26:25,691 INFO  server.RaftServerConfigKeys (ConfUtils.java:logGet(43)) - raft.server.log.appender.buffer.byte-limit = 33554432 (custom)
2019-07-13 09:26:25,692 INFO  server.GrpcService (ConfUtils.java:logGet(43)) - raft.grpc.flow.control.window = 1MB (=1048576) (default)
2019-07-13 09:26:25,692 INFO  server.RaftServerConfigKeys (ConfUtils.java:logGet(43)) - raft.server.rpc.request.timeout = 3000ms (default)
2019-07-13 09:26:25,693 INFO  server.RaftServerConfigKeys (ConfUtils.java:logGet(43)) - raft.server.storage.dir = [/tmp/workdir/hadoop-ozone/integration-test/target/test-dir/MiniOzoneClusterImpl-52da5e4c-509f-4cd4-9220-bd6b1bde4901/datanode-2/data/ratis] (custom)
2019-07-13 09:26:25,693 INFO  replication.SimpleContainerDownloader (SimpleContainerDownloader.java:<init>(72)) - Starting container downloader service to copy containers to replicate.
2019-07-13 09:26:25,695 INFO  hdfs.DFSUtil (DFSUtil.java:httpServerTemplateForNNAndJN(1641)) - Starting Web-server for hddsDatanode at: http://0.0.0.0:0
2019-07-13 09:26:25,696 INFO  server.AuthenticationFilter (AuthenticationFilter.java:constructSecretProvider(240)) - Unable to initialize FileSignerSecretProvider, falling back to use random secrets.
2019-07-13 09:26:25,697 WARN  http.HttpRequestLog (HttpRequestLog.java:getRequestLog(97)) - Jetty request log can only be enabled using Log4j
2019-07-13 09:26:25,699 INFO  http.HttpServer2 (HttpServer2.java:addGlobalFilter(975)) - Added global filter 'safety' (class=org.apache.hadoop.http.HttpServer2$QuotingInputFilter)
2019-07-13 09:26:25,699 INFO  http.HttpServer2 (HttpServer2.java:addFilter(948)) - Added filter static_user_filter (class=org.apache.hadoop.http.lib.StaticUserWebFilter$StaticUserFilter) to context hddsDatanode
2019-07-13 09:26:25,700 INFO  http.HttpServer2 (HttpServer2.java:addFilter(958)) - Added filter static_user_filter (class=org.apache.hadoop.http.lib.StaticUserWebFilter$StaticUserFilter) to context static
2019-07-13 09:26:25,700 INFO  http.HttpServer2 (HttpServer2.java:addFilter(958)) - Added filter static_user_filter (class=org.apache.hadoop.http.lib.StaticUserWebFilter$StaticUserFilter) to context logs
2019-07-13 09:26:25,701 INFO  http.HttpServer2 (HttpServer2.java:bindListener(1191)) - Jetty bound to port 35434
2019-07-13 09:26:25,701 INFO  server.Server (Server.java:doStart(351)) - jetty-9.3.24.v20180605, build timestamp: 2018-06-05T17:11:56Z, git hash: 84205aa28f11a4f31f2a3b86d1bba2cc8ab69827
2019-07-13 09:26:25,703 INFO  handler.ContextHandler (ContextHandler.java:doStart(781)) - Started o.e.j.s.ServletContextHandler@60c98f25{/logs,file:///tmp/workdir/hadoop-ozone/integration-test/target/log,AVAILABLE}
2019-07-13 09:26:25,704 INFO  handler.ContextHandler (ContextHandler.java:doStart(781)) - Started o.e.j.s.ServletContextHandler@1eb906f3{/static,jar:file:/home/user/.m2/repository/org/apache/hadoop/hadoop-hdds-container-service/0.5.0-SNAPSHOT/hadoop-hdds-container-service-0.5.0-SNAPSHOT.jar!/webapps/static,AVAILABLE}
2019-07-13 09:26:25,759 INFO  handler.ContextHandler (ContextHandler.java:doStart(781)) - Started o.e.j.w.WebAppContext@5fa0141f{/,file:///tmp/jetty-0.0.0.0-35434-hddsDatanode-_-any-3757588135882163881.dir/webapp/,AVAILABLE}{/hddsDatanode}
2019-07-13 09:26:25,759 INFO  server.AbstractConnector (AbstractConnector.java:doStart(278)) - Started ServerConnector@6caeba36{HTTP/1.1,[http/1.1]}{0.0.0.0:35434}
2019-07-13 09:26:25,762 INFO  server.Server (Server.java:doStart(419)) - Started @23356ms
2019-07-13 09:26:25,763 INFO  server.BaseHttpServer (BaseHttpServer.java:updateConnectorAddress(207)) - HTTP server of HDDSDATANODE is listening at http://0.0.0.0:35434
2019-07-13 09:26:25,911 INFO  ozone.HddsDatanodeService (HddsDatanodeService.java:startPlugins(396)) - Started plug-in org.apache.hadoop.ozone.web.OzoneHddsDatanodeService@67b8d45
2019-07-13 09:26:25,911 INFO  impl.MetricsSystemImpl (MetricsSystemImpl.java:init(158)) - HddsDatanode metrics system started (again)
2019-07-13 09:26:25,916 INFO  ozone.HddsDatanodeService (HddsDatanodeService.java:start(185)) - HddsDatanodeService host:trunk-nightly-hmp62-43275749 ip:192.168.69.96
2019-07-13 09:26:25,918 INFO  util.JvmPauseMonitor (JvmPauseMonitor.java:run(188)) - Starting JVM pause monitor
2019-07-13 09:26:25,920 INFO  datanode.InitDatanodeState (InitDatanodeState.java:persistContainerDatanodeDetails(140)) - DatanodeDetails is persisted to /tmp/workdir/hadoop-ozone/integration-test/target/test-dir/MiniOzoneClusterImpl-52da5e4c-509f-4cd4-9220-bd6b1bde4901/datanode-2/meta/datanode.id
2019-07-13 09:26:25,930 INFO  volume.HddsVolume (HddsVolume.java:<init>(176)) - Creating Volume: /tmp/workdir/hadoop-ozone/integration-test/target/test-dir/MiniOzoneClusterImpl-52da5e4c-509f-4cd4-9220-bd6b1bde4901/datanode-3/data/containers/hdds of  storage type : DISK and capacity : 52710309888
2019-07-13 09:26:25,930 INFO  volume.VolumeSet (VolumeSet.java:initializeVolumeSet(170)) - Added Volume : /tmp/workdir/hadoop-ozone/integration-test/target/test-dir/MiniOzoneClusterImpl-52da5e4c-509f-4cd4-9220-bd6b1bde4901/datanode-3/data/containers/hdds to VolumeSet
2019-07-13 09:26:25,930 INFO  volume.ThrottledAsyncChecker (ThrottledAsyncChecker.java:schedule(140)) - Scheduling a check for org.apache.hadoop.ozone.container.common.volume.HddsVolume@393ae7a0
2019-07-13 09:26:25,931 INFO  volume.HddsVolumeChecker (HddsVolumeChecker.java:checkAllVolumes(203)) - Scheduled health check for volume org.apache.hadoop.ozone.container.common.volume.HddsVolume@393ae7a0
2019-07-13 09:26:25,947 INFO  impl.RaftServerProxy (ConfUtils.java:logGet(43)) - raft.rpc.type = GRPC (default)
2019-07-13 09:26:25,947 INFO  grpc.GrpcFactory (GrpcFactory.java:checkPooledByteBufAllocatorUseCacheForAllThreads(45)) - PERFORMANCE WARNING: useCacheForAllThreads is true that may cause Netty to create a lot garbage objects and, as a result, trigger GC.
	It is recommended to disable useCacheForAllThreads by setting -Dorg.apache.ratis.thirdparty.io.netty.allocator.useCacheForAllThreads=false in command line.
2019-07-13 09:26:25,947 INFO  grpc.GrpcConfigKeys$Server (ConfUtils.java:logGet(43)) - raft.grpc.server.port = 0 (default)
2019-07-13 09:26:25,947 INFO  server.GrpcService (ConfUtils.java:logGet(43)) - raft.grpc.message.size.max = 33570816 (custom)
2019-07-13 09:26:25,947 INFO  server.RaftServerConfigKeys (ConfUtils.java:logGet(43)) - raft.server.log.appender.buffer.byte-limit = 33554432 (custom)
2019-07-13 09:26:25,948 INFO  server.GrpcService (ConfUtils.java:logGet(43)) - raft.grpc.flow.control.window = 1MB (=1048576) (default)
2019-07-13 09:26:25,948 INFO  server.RaftServerConfigKeys (ConfUtils.java:logGet(43)) - raft.server.rpc.request.timeout = 3000ms (default)
2019-07-13 09:26:25,948 INFO  server.RaftServerConfigKeys (ConfUtils.java:logGet(43)) - raft.server.storage.dir = [/tmp/workdir/hadoop-ozone/integration-test/target/test-dir/MiniOzoneClusterImpl-52da5e4c-509f-4cd4-9220-bd6b1bde4901/datanode-3/data/ratis] (custom)
2019-07-13 09:26:25,949 INFO  replication.SimpleContainerDownloader (SimpleContainerDownloader.java:<init>(72)) - Starting container downloader service to copy containers to replicate.
2019-07-13 09:26:25,950 INFO  hdfs.DFSUtil (DFSUtil.java:httpServerTemplateForNNAndJN(1641)) - Starting Web-server for hddsDatanode at: http://0.0.0.0:0
2019-07-13 09:26:25,951 INFO  server.AuthenticationFilter (AuthenticationFilter.java:constructSecretProvider(240)) - Unable to initialize FileSignerSecretProvider, falling back to use random secrets.
2019-07-13 09:26:25,952 WARN  http.HttpRequestLog (HttpRequestLog.java:getRequestLog(97)) - Jetty request log can only be enabled using Log4j
2019-07-13 09:26:25,953 INFO  http.HttpServer2 (HttpServer2.java:addGlobalFilter(975)) - Added global filter 'safety' (class=org.apache.hadoop.http.HttpServer2$QuotingInputFilter)
2019-07-13 09:26:25,953 INFO  http.HttpServer2 (HttpServer2.java:addFilter(948)) - Added filter static_user_filter (class=org.apache.hadoop.http.lib.StaticUserWebFilter$StaticUserFilter) to context hddsDatanode
2019-07-13 09:26:25,954 INFO  http.HttpServer2 (HttpServer2.java:addFilter(958)) - Added filter static_user_filter (class=org.apache.hadoop.http.lib.StaticUserWebFilter$StaticUserFilter) to context logs
2019-07-13 09:26:25,954 INFO  http.HttpServer2 (HttpServer2.java:addFilter(958)) - Added filter static_user_filter (class=org.apache.hadoop.http.lib.StaticUserWebFilter$StaticUserFilter) to context static
2019-07-13 09:26:25,954 INFO  http.HttpServer2 (HttpServer2.java:bindListener(1191)) - Jetty bound to port 43172
2019-07-13 09:26:25,954 INFO  server.Server (Server.java:doStart(351)) - jetty-9.3.24.v20180605, build timestamp: 2018-06-05T17:11:56Z, git hash: 84205aa28f11a4f31f2a3b86d1bba2cc8ab69827
2019-07-13 09:26:25,956 INFO  handler.ContextHandler (ContextHandler.java:doStart(781)) - Started o.e.j.s.ServletContextHandler@7717b4a0{/logs,file:///tmp/workdir/hadoop-ozone/integration-test/target/log,AVAILABLE}
2019-07-13 09:26:25,957 INFO  handler.ContextHandler (ContextHandler.java:doStart(781)) - Started o.e.j.s.ServletContextHandler@28b5662d{/static,jar:file:/home/user/.m2/repository/org/apache/hadoop/hadoop-hdds-container-service/0.5.0-SNAPSHOT/hadoop-hdds-container-service-0.5.0-SNAPSHOT.jar!/webapps/static,AVAILABLE}
2019-07-13 09:26:25,983 INFO  handler.ContextHandler (ContextHandler.java:doStart(781)) - Started o.e.j.w.WebAppContext@2d47b06{/,file:///tmp/jetty-0.0.0.0-43172-hddsDatanode-_-any-1098386968149083818.dir/webapp/,AVAILABLE}{/hddsDatanode}
2019-07-13 09:26:25,984 INFO  server.AbstractConnector (AbstractConnector.java:doStart(278)) - Started ServerConnector@59371066{HTTP/1.1,[http/1.1]}{0.0.0.0:43172}
2019-07-13 09:26:25,987 INFO  server.Server (Server.java:doStart(419)) - Started @23581ms
2019-07-13 09:26:25,988 INFO  server.BaseHttpServer (BaseHttpServer.java:updateConnectorAddress(207)) - HTTP server of HDDSDATANODE is listening at http://0.0.0.0:43172
2019-07-13 09:26:26,113 INFO  ozone.HddsDatanodeService (HddsDatanodeService.java:startPlugins(396)) - Started plug-in org.apache.hadoop.ozone.web.OzoneHddsDatanodeService@5ddb302
2019-07-13 09:26:26,113 INFO  impl.MetricsSystemImpl (MetricsSystemImpl.java:init(158)) - HddsDatanode metrics system started (again)
2019-07-13 09:26:26,126 INFO  ozone.HddsDatanodeService (HddsDatanodeService.java:start(185)) - HddsDatanodeService host:trunk-nightly-hmp62-43275749 ip:192.168.69.96
2019-07-13 09:26:26,127 INFO  util.JvmPauseMonitor (JvmPauseMonitor.java:run(188)) - Starting JVM pause monitor
2019-07-13 09:26:26,129 INFO  datanode.InitDatanodeState (InitDatanodeState.java:persistContainerDatanodeDetails(140)) - DatanodeDetails is persisted to /tmp/workdir/hadoop-ozone/integration-test/target/test-dir/MiniOzoneClusterImpl-52da5e4c-509f-4cd4-9220-bd6b1bde4901/datanode-3/meta/datanode.id
2019-07-13 09:26:26,145 INFO  volume.HddsVolume (HddsVolume.java:<init>(176)) - Creating Volume: /tmp/workdir/hadoop-ozone/integration-test/target/test-dir/MiniOzoneClusterImpl-52da5e4c-509f-4cd4-9220-bd6b1bde4901/datanode-4/data/containers/hdds of  storage type : DISK and capacity : 52710309888
2019-07-13 09:26:26,145 INFO  volume.VolumeSet (VolumeSet.java:initializeVolumeSet(170)) - Added Volume : /tmp/workdir/hadoop-ozone/integration-test/target/test-dir/MiniOzoneClusterImpl-52da5e4c-509f-4cd4-9220-bd6b1bde4901/datanode-4/data/containers/hdds to VolumeSet
2019-07-13 09:26:26,146 INFO  volume.ThrottledAsyncChecker (ThrottledAsyncChecker.java:schedule(140)) - Scheduling a check for org.apache.hadoop.ozone.container.common.volume.HddsVolume@51743cc0
2019-07-13 09:26:26,146 INFO  volume.HddsVolumeChecker (HddsVolumeChecker.java:checkAllVolumes(203)) - Scheduled health check for volume org.apache.hadoop.ozone.container.common.volume.HddsVolume@51743cc0
2019-07-13 09:26:26,166 INFO  impl.RaftServerProxy (ConfUtils.java:logGet(43)) - raft.rpc.type = GRPC (default)
2019-07-13 09:26:26,166 INFO  grpc.GrpcFactory (GrpcFactory.java:checkPooledByteBufAllocatorUseCacheForAllThreads(45)) - PERFORMANCE WARNING: useCacheForAllThreads is true that may cause Netty to create a lot garbage objects and, as a result, trigger GC.
	It is recommended to disable useCacheForAllThreads by setting -Dorg.apache.ratis.thirdparty.io.netty.allocator.useCacheForAllThreads=false in command line.
2019-07-13 09:26:26,166 INFO  grpc.GrpcConfigKeys$Server (ConfUtils.java:logGet(43)) - raft.grpc.server.port = 0 (default)
2019-07-13 09:26:26,166 INFO  server.GrpcService (ConfUtils.java:logGet(43)) - raft.grpc.message.size.max = 33570816 (custom)
2019-07-13 09:26:26,166 INFO  server.RaftServerConfigKeys (ConfUtils.java:logGet(43)) - raft.server.log.appender.buffer.byte-limit = 33554432 (custom)
2019-07-13 09:26:26,167 INFO  server.GrpcService (ConfUtils.java:logGet(43)) - raft.grpc.flow.control.window = 1MB (=1048576) (default)
2019-07-13 09:26:26,167 INFO  server.RaftServerConfigKeys (ConfUtils.java:logGet(43)) - raft.server.rpc.request.timeout = 3000ms (default)
2019-07-13 09:26:26,167 INFO  server.RaftServerConfigKeys (ConfUtils.java:logGet(43)) - raft.server.storage.dir = [/tmp/workdir/hadoop-ozone/integration-test/target/test-dir/MiniOzoneClusterImpl-52da5e4c-509f-4cd4-9220-bd6b1bde4901/datanode-4/data/ratis] (custom)
2019-07-13 09:26:26,168 INFO  replication.SimpleContainerDownloader (SimpleContainerDownloader.java:<init>(72)) - Starting container downloader service to copy containers to replicate.
2019-07-13 09:26:26,169 INFO  hdfs.DFSUtil (DFSUtil.java:httpServerTemplateForNNAndJN(1641)) - Starting Web-server for hddsDatanode at: http://0.0.0.0:0
2019-07-13 09:26:26,170 INFO  server.AuthenticationFilter (AuthenticationFilter.java:constructSecretProvider(240)) - Unable to initialize FileSignerSecretProvider, falling back to use random secrets.
2019-07-13 09:26:26,171 WARN  http.HttpRequestLog (HttpRequestLog.java:getRequestLog(97)) - Jetty request log can only be enabled using Log4j
2019-07-13 09:26:26,172 INFO  http.HttpServer2 (HttpServer2.java:addGlobalFilter(975)) - Added global filter 'safety' (class=org.apache.hadoop.http.HttpServer2$QuotingInputFilter)
2019-07-13 09:26:26,173 INFO  http.HttpServer2 (HttpServer2.java:addFilter(948)) - Added filter static_user_filter (class=org.apache.hadoop.http.lib.StaticUserWebFilter$StaticUserFilter) to context hddsDatanode
2019-07-13 09:26:26,173 INFO  http.HttpServer2 (HttpServer2.java:addFilter(958)) - Added filter static_user_filter (class=org.apache.hadoop.http.lib.StaticUserWebFilter$StaticUserFilter) to context static
2019-07-13 09:26:26,173 INFO  http.HttpServer2 (HttpServer2.java:addFilter(958)) - Added filter static_user_filter (class=org.apache.hadoop.http.lib.StaticUserWebFilter$StaticUserFilter) to context logs
2019-07-13 09:26:26,174 INFO  http.HttpServer2 (HttpServer2.java:bindListener(1191)) - Jetty bound to port 45019
2019-07-13 09:26:26,174 INFO  server.Server (Server.java:doStart(351)) - jetty-9.3.24.v20180605, build timestamp: 2018-06-05T17:11:56Z, git hash: 84205aa28f11a4f31f2a3b86d1bba2cc8ab69827
2019-07-13 09:26:26,176 INFO  handler.ContextHandler (ContextHandler.java:doStart(781)) - Started o.e.j.s.ServletContextHandler@195498aa{/logs,file:///tmp/workdir/hadoop-ozone/integration-test/target/log,AVAILABLE}
2019-07-13 09:26:26,176 INFO  handler.ContextHandler (ContextHandler.java:doStart(781)) - Started o.e.j.s.ServletContextHandler@793d09e{/static,jar:file:/home/user/.m2/repository/org/apache/hadoop/hadoop-hdds-container-service/0.5.0-SNAPSHOT/hadoop-hdds-container-service-0.5.0-SNAPSHOT.jar!/webapps/static,AVAILABLE}
2019-07-13 09:26:26,205 INFO  handler.ContextHandler (ContextHandler.java:doStart(781)) - Started o.e.j.w.WebAppContext@55d99dc3{/,file:///tmp/jetty-0.0.0.0-45019-hddsDatanode-_-any-4301960622573397771.dir/webapp/,AVAILABLE}{/hddsDatanode}
2019-07-13 09:26:26,205 INFO  server.AbstractConnector (AbstractConnector.java:doStart(278)) - Started ServerConnector@521a506c{HTTP/1.1,[http/1.1]}{0.0.0.0:45019}
2019-07-13 09:26:26,208 INFO  server.Server (Server.java:doStart(419)) - Started @23802ms
2019-07-13 09:26:26,209 INFO  server.BaseHttpServer (BaseHttpServer.java:updateConnectorAddress(207)) - HTTP server of HDDSDATANODE is listening at http://0.0.0.0:45019
2019-07-13 09:26:26,340 INFO  ozone.HddsDatanodeService (HddsDatanodeService.java:startPlugins(396)) - Started plug-in org.apache.hadoop.ozone.web.OzoneHddsDatanodeService@e5c5e6
2019-07-13 09:26:26,340 INFO  impl.MetricsSystemImpl (MetricsSystemImpl.java:init(158)) - HddsDatanode metrics system started (again)
2019-07-13 09:26:26,341 INFO  ozone.HddsDatanodeService (HddsDatanodeService.java:start(185)) - HddsDatanodeService host:trunk-nightly-hmp62-43275749 ip:192.168.69.96
2019-07-13 09:26:26,342 INFO  util.JvmPauseMonitor (JvmPauseMonitor.java:run(188)) - Starting JVM pause monitor
2019-07-13 09:26:26,344 INFO  datanode.InitDatanodeState (InitDatanodeState.java:persistContainerDatanodeDetails(140)) - DatanodeDetails is persisted to /tmp/workdir/hadoop-ozone/integration-test/target/test-dir/MiniOzoneClusterImpl-52da5e4c-509f-4cd4-9220-bd6b1bde4901/datanode-4/meta/datanode.id
2019-07-13 09:26:26,355 INFO  volume.HddsVolume (HddsVolume.java:<init>(176)) - Creating Volume: /tmp/workdir/hadoop-ozone/integration-test/target/test-dir/MiniOzoneClusterImpl-52da5e4c-509f-4cd4-9220-bd6b1bde4901/datanode-5/data/containers/hdds of  storage type : DISK and capacity : 52710309888
2019-07-13 09:26:26,356 INFO  volume.VolumeSet (VolumeSet.java:initializeVolumeSet(170)) - Added Volume : /tmp/workdir/hadoop-ozone/integration-test/target/test-dir/MiniOzoneClusterImpl-52da5e4c-509f-4cd4-9220-bd6b1bde4901/datanode-5/data/containers/hdds to VolumeSet
2019-07-13 09:26:26,356 INFO  volume.ThrottledAsyncChecker (ThrottledAsyncChecker.java:schedule(140)) - Scheduling a check for org.apache.hadoop.ozone.container.common.volume.HddsVolume@4dac40b
2019-07-13 09:26:26,357 INFO  volume.HddsVolumeChecker (HddsVolumeChecker.java:checkAllVolumes(203)) - Scheduled health check for volume org.apache.hadoop.ozone.container.common.volume.HddsVolume@4dac40b
2019-07-13 09:26:26,380 INFO  impl.RaftServerProxy (ConfUtils.java:logGet(43)) - raft.rpc.type = GRPC (default)
2019-07-13 09:26:26,381 INFO  grpc.GrpcFactory (GrpcFactory.java:checkPooledByteBufAllocatorUseCacheForAllThreads(45)) - PERFORMANCE WARNING: useCacheForAllThreads is true that may cause Netty to create a lot garbage objects and, as a result, trigger GC.
	It is recommended to disable useCacheForAllThreads by setting -Dorg.apache.ratis.thirdparty.io.netty.allocator.useCacheForAllThreads=false in command line.
2019-07-13 09:26:26,381 INFO  grpc.GrpcConfigKeys$Server (ConfUtils.java:logGet(43)) - raft.grpc.server.port = 0 (default)
2019-07-13 09:26:26,381 INFO  server.GrpcService (ConfUtils.java:logGet(43)) - raft.grpc.message.size.max = 33570816 (custom)
2019-07-13 09:26:26,382 INFO  server.RaftServerConfigKeys (ConfUtils.java:logGet(43)) - raft.server.log.appender.buffer.byte-limit = 33554432 (custom)
2019-07-13 09:26:26,382 INFO  server.GrpcService (ConfUtils.java:logGet(43)) - raft.grpc.flow.control.window = 1MB (=1048576) (default)
2019-07-13 09:26:26,383 INFO  server.RaftServerConfigKeys (ConfUtils.java:logGet(43)) - raft.server.rpc.request.timeout = 3000ms (default)
2019-07-13 09:26:26,383 INFO  server.RaftServerConfigKeys (ConfUtils.java:logGet(43)) - raft.server.storage.dir = [/tmp/workdir/hadoop-ozone/integration-test/target/test-dir/MiniOzoneClusterImpl-52da5e4c-509f-4cd4-9220-bd6b1bde4901/datanode-5/data/ratis] (custom)
2019-07-13 09:26:26,384 INFO  replication.SimpleContainerDownloader (SimpleContainerDownloader.java:<init>(72)) - Starting container downloader service to copy containers to replicate.
2019-07-13 09:26:26,386 INFO  hdfs.DFSUtil (DFSUtil.java:httpServerTemplateForNNAndJN(1641)) - Starting Web-server for hddsDatanode at: http://0.0.0.0:0
2019-07-13 09:26:26,387 INFO  server.AuthenticationFilter (AuthenticationFilter.java:constructSecretProvider(240)) - Unable to initialize FileSignerSecretProvider, falling back to use random secrets.
2019-07-13 09:26:26,388 WARN  http.HttpRequestLog (HttpRequestLog.java:getRequestLog(97)) - Jetty request log can only be enabled using Log4j
2019-07-13 09:26:26,390 INFO  http.HttpServer2 (HttpServer2.java:addGlobalFilter(975)) - Added global filter 'safety' (class=org.apache.hadoop.http.HttpServer2$QuotingInputFilter)
2019-07-13 09:26:26,391 INFO  http.HttpServer2 (HttpServer2.java:addFilter(948)) - Added filter static_user_filter (class=org.apache.hadoop.http.lib.StaticUserWebFilter$StaticUserFilter) to context hddsDatanode
2019-07-13 09:26:26,391 INFO  http.HttpServer2 (HttpServer2.java:addFilter(958)) - Added filter static_user_filter (class=org.apache.hadoop.http.lib.StaticUserWebFilter$StaticUserFilter) to context static
2019-07-13 09:26:26,391 INFO  http.HttpServer2 (HttpServer2.java:addFilter(958)) - Added filter static_user_filter (class=org.apache.hadoop.http.lib.StaticUserWebFilter$StaticUserFilter) to context logs
2019-07-13 09:26:26,392 INFO  http.HttpServer2 (HttpServer2.java:bindListener(1191)) - Jetty bound to port 33504
2019-07-13 09:26:26,393 INFO  server.Server (Server.java:doStart(351)) - jetty-9.3.24.v20180605, build timestamp: 2018-06-05T17:11:56Z, git hash: 84205aa28f11a4f31f2a3b86d1bba2cc8ab69827
2019-07-13 09:26:26,395 INFO  handler.ContextHandler (ContextHandler.java:doStart(781)) - Started o.e.j.s.ServletContextHandler@3a3316b6{/logs,file:///tmp/workdir/hadoop-ozone/integration-test/target/log,AVAILABLE}
2019-07-13 09:26:26,396 INFO  handler.ContextHandler (ContextHandler.java:doStart(781)) - Started o.e.j.s.ServletContextHandler@56c6d515{/static,jar:file:/home/user/.m2/repository/org/apache/hadoop/hadoop-hdds-container-service/0.5.0-SNAPSHOT/hadoop-hdds-container-service-0.5.0-SNAPSHOT.jar!/webapps/static,AVAILABLE}
2019-07-13 09:26:26,443 INFO  handler.ContextHandler (ContextHandler.java:doStart(781)) - Started o.e.j.w.WebAppContext@4e96cb04{/,file:///tmp/jetty-0.0.0.0-33504-hddsDatanode-_-any-6191359142493844135.dir/webapp/,AVAILABLE}{/hddsDatanode}
2019-07-13 09:26:26,444 INFO  server.AbstractConnector (AbstractConnector.java:doStart(278)) - Started ServerConnector@70ecf57b{HTTP/1.1,[http/1.1]}{0.0.0.0:33504}
2019-07-13 09:26:26,447 INFO  server.Server (Server.java:doStart(419)) - Started @24040ms
2019-07-13 09:26:26,447 INFO  server.BaseHttpServer (BaseHttpServer.java:updateConnectorAddress(207)) - HTTP server of HDDSDATANODE is listening at http://0.0.0.0:33504
2019-07-13 09:26:26,564 INFO  ozone.HddsDatanodeService (HddsDatanodeService.java:startPlugins(396)) - Started plug-in org.apache.hadoop.ozone.web.OzoneHddsDatanodeService@152891f8
2019-07-13 09:26:26,564 INFO  impl.MetricsSystemImpl (MetricsSystemImpl.java:init(158)) - HddsDatanode metrics system started (again)
2019-07-13 09:26:26,564 INFO  ozone.HddsDatanodeService (HddsDatanodeService.java:start(185)) - HddsDatanodeService host:trunk-nightly-hmp62-43275749 ip:192.168.69.96
2019-07-13 09:26:26,566 INFO  util.JvmPauseMonitor (JvmPauseMonitor.java:run(188)) - Starting JVM pause monitor
2019-07-13 09:26:26,568 INFO  datanode.InitDatanodeState (InitDatanodeState.java:persistContainerDatanodeDetails(140)) - DatanodeDetails is persisted to /tmp/workdir/hadoop-ozone/integration-test/target/test-dir/MiniOzoneClusterImpl-52da5e4c-509f-4cd4-9220-bd6b1bde4901/datanode-5/meta/datanode.id
2019-07-13 09:26:26,578 INFO  volume.HddsVolume (HddsVolume.java:<init>(176)) - Creating Volume: /tmp/workdir/hadoop-ozone/integration-test/target/test-dir/MiniOzoneClusterImpl-52da5e4c-509f-4cd4-9220-bd6b1bde4901/datanode-6/data/containers/hdds of  storage type : DISK and capacity : 52710309888
2019-07-13 09:26:26,579 INFO  volume.VolumeSet (VolumeSet.java:initializeVolumeSet(170)) - Added Volume : /tmp/workdir/hadoop-ozone/integration-test/target/test-dir/MiniOzoneClusterImpl-52da5e4c-509f-4cd4-9220-bd6b1bde4901/datanode-6/data/containers/hdds to VolumeSet
2019-07-13 09:26:26,579 INFO  volume.ThrottledAsyncChecker (ThrottledAsyncChecker.java:schedule(140)) - Scheduling a check for org.apache.hadoop.ozone.container.common.volume.HddsVolume@7c47e077
2019-07-13 09:26:26,579 INFO  volume.HddsVolumeChecker (HddsVolumeChecker.java:checkAllVolumes(203)) - Scheduled health check for volume org.apache.hadoop.ozone.container.common.volume.HddsVolume@7c47e077
2019-07-13 09:26:26,598 INFO  impl.RaftServerProxy (ConfUtils.java:logGet(43)) - raft.rpc.type = GRPC (default)
2019-07-13 09:26:26,598 INFO  grpc.GrpcFactory (GrpcFactory.java:checkPooledByteBufAllocatorUseCacheForAllThreads(45)) - PERFORMANCE WARNING: useCacheForAllThreads is true that may cause Netty to create a lot garbage objects and, as a result, trigger GC.
	It is recommended to disable useCacheForAllThreads by setting -Dorg.apache.ratis.thirdparty.io.netty.allocator.useCacheForAllThreads=false in command line.
2019-07-13 09:26:26,598 INFO  grpc.GrpcConfigKeys$Server (ConfUtils.java:logGet(43)) - raft.grpc.server.port = 0 (default)
2019-07-13 09:26:26,599 INFO  server.GrpcService (ConfUtils.java:logGet(43)) - raft.grpc.message.size.max = 33570816 (custom)
2019-07-13 09:26:26,599 INFO  server.RaftServerConfigKeys (ConfUtils.java:logGet(43)) - raft.server.log.appender.buffer.byte-limit = 33554432 (custom)
2019-07-13 09:26:26,599 INFO  server.GrpcService (ConfUtils.java:logGet(43)) - raft.grpc.flow.control.window = 1MB (=1048576) (default)
2019-07-13 09:26:26,599 INFO  server.RaftServerConfigKeys (ConfUtils.java:logGet(43)) - raft.server.rpc.request.timeout = 3000ms (default)
2019-07-13 09:26:26,600 INFO  server.RaftServerConfigKeys (ConfUtils.java:logGet(43)) - raft.server.storage.dir = [/tmp/workdir/hadoop-ozone/integration-test/target/test-dir/MiniOzoneClusterImpl-52da5e4c-509f-4cd4-9220-bd6b1bde4901/datanode-6/data/ratis] (custom)
2019-07-13 09:26:26,600 INFO  replication.SimpleContainerDownloader (SimpleContainerDownloader.java:<init>(72)) - Starting container downloader service to copy containers to replicate.
2019-07-13 09:26:26,601 INFO  hdfs.DFSUtil (DFSUtil.java:httpServerTemplateForNNAndJN(1641)) - Starting Web-server for hddsDatanode at: http://0.0.0.0:0
2019-07-13 09:26:26,602 INFO  server.AuthenticationFilter (AuthenticationFilter.java:constructSecretProvider(240)) - Unable to initialize FileSignerSecretProvider, falling back to use random secrets.
2019-07-13 09:26:26,602 WARN  http.HttpRequestLog (HttpRequestLog.java:getRequestLog(97)) - Jetty request log can only be enabled using Log4j
2019-07-13 09:26:26,604 INFO  http.HttpServer2 (HttpServer2.java:addGlobalFilter(975)) - Added global filter 'safety' (class=org.apache.hadoop.http.HttpServer2$QuotingInputFilter)
2019-07-13 09:26:26,604 INFO  http.HttpServer2 (HttpServer2.java:addFilter(948)) - Added filter static_user_filter (class=org.apache.hadoop.http.lib.StaticUserWebFilter$StaticUserFilter) to context hddsDatanode
2019-07-13 09:26:26,604 INFO  http.HttpServer2 (HttpServer2.java:addFilter(958)) - Added filter static_user_filter (class=org.apache.hadoop.http.lib.StaticUserWebFilter$StaticUserFilter) to context logs
2019-07-13 09:26:26,604 INFO  http.HttpServer2 (HttpServer2.java:addFilter(958)) - Added filter static_user_filter (class=org.apache.hadoop.http.lib.StaticUserWebFilter$StaticUserFilter) to context static
2019-07-13 09:26:26,605 INFO  http.HttpServer2 (HttpServer2.java:bindListener(1191)) - Jetty bound to port 45267
2019-07-13 09:26:26,605 INFO  server.Server (Server.java:doStart(351)) - jetty-9.3.24.v20180605, build timestamp: 2018-06-05T17:11:56Z, git hash: 84205aa28f11a4f31f2a3b86d1bba2cc8ab69827
2019-07-13 09:26:26,607 INFO  handler.ContextHandler (ContextHandler.java:doStart(781)) - Started o.e.j.s.ServletContextHandler@1b632442{/logs,file:///tmp/workdir/hadoop-ozone/integration-test/target/log,AVAILABLE}
2019-07-13 09:26:26,607 INFO  handler.ContextHandler (ContextHandler.java:doStart(781)) - Started o.e.j.s.ServletContextHandler@2f75a9b1{/static,jar:file:/home/user/.m2/repository/org/apache/hadoop/hadoop-hdds-container-service/0.5.0-SNAPSHOT/hadoop-hdds-container-service-0.5.0-SNAPSHOT.jar!/webapps/static,AVAILABLE}
2019-07-13 09:26:26,634 INFO  handler.ContextHandler (ContextHandler.java:doStart(781)) - Started o.e.j.w.WebAppContext@17f41739{/,file:///tmp/jetty-0.0.0.0-45267-hddsDatanode-_-any-3225411186928183932.dir/webapp/,AVAILABLE}{/hddsDatanode}
2019-07-13 09:26:26,635 INFO  server.AbstractConnector (AbstractConnector.java:doStart(278)) - Started ServerConnector@2b3b1124{HTTP/1.1,[http/1.1]}{0.0.0.0:45267}
2019-07-13 09:26:26,638 INFO  server.Server (Server.java:doStart(419)) - Started @24231ms
2019-07-13 09:26:26,638 INFO  server.BaseHttpServer (BaseHttpServer.java:updateConnectorAddress(207)) - HTTP server of HDDSDATANODE is listening at http://0.0.0.0:45267
2019-07-13 09:26:26,779 INFO  ozone.HddsDatanodeService (HddsDatanodeService.java:startPlugins(396)) - Started plug-in org.apache.hadoop.ozone.web.OzoneHddsDatanodeService@2e8986b6
2019-07-13 09:26:26,779 INFO  ozone.MiniOzoneClusterImpl (MiniOzoneClusterImpl.java:lambda$waitForClusterToBeReady$0(142)) - Waiting for cluster to be ready. Got 0 of 7 DN Heartbeats.
2019-07-13 09:26:26,781 INFO  util.JvmPauseMonitor (JvmPauseMonitor.java:run(188)) - Starting JVM pause monitor
2019-07-13 09:26:26,784 INFO  datanode.InitDatanodeState (InitDatanodeState.java:persistContainerDatanodeDetails(140)) - DatanodeDetails is persisted to /tmp/workdir/hadoop-ozone/integration-test/target/test-dir/MiniOzoneClusterImpl-52da5e4c-509f-4cd4-9220-bd6b1bde4901/datanode-6/meta/datanode.id
2019-07-13 09:26:27,464 INFO  ozoneimpl.OzoneContainer (OzoneContainer.java:start(186)) - Attempting to start container services.
2019-07-13 09:26:27,464 INFO  ozoneimpl.OzoneContainer (OzoneContainer.java:startContainerScrub(160)) - Background container scrubber has been disabled by hdds.containerscrub.enabled
2019-07-13 09:26:27,464 INFO  ratis.XceiverServerRatis (XceiverServerRatis.java:start(418)) - Starting XceiverServerRatis 5542dfa5-009f-499e-9051-0d7f6e2adeb3 at port 0
2019-07-13 09:26:27,474 INFO  impl.RaftServerProxy (RaftServerProxy.java:lambda$start$3(299)) - 5542dfa5-009f-499e-9051-0d7f6e2adeb3: start RPC server
2019-07-13 09:26:27,475 INFO  server.GrpcService (GrpcService.java:startImpl(149)) - 5542dfa5-009f-499e-9051-0d7f6e2adeb3: GrpcService started, listening on 0.0.0.0/0.0.0.0:41865
2019-07-13 09:26:27,475 INFO  ratis.XceiverServerRatis (XceiverServerRatis.java:start(428)) - XceiverServerRatis 5542dfa5-009f-499e-9051-0d7f6e2adeb3 is started using port 41865
2019-07-13 09:26:27,477 INFO  server.XceiverServerGrpc (XceiverServerGrpc.java:start(161)) - XceiverServerGrpc 5542dfa5-009f-499e-9051-0d7f6e2adeb3 is started using port 43064
2019-07-13 09:26:27,648 INFO  ozoneimpl.OzoneContainer (OzoneContainer.java:start(186)) - Attempting to start container services.
2019-07-13 09:26:27,648 INFO  ozoneimpl.OzoneContainer (OzoneContainer.java:startContainerScrub(160)) - Background container scrubber has been disabled by hdds.containerscrub.enabled
2019-07-13 09:26:27,648 INFO  ratis.XceiverServerRatis (XceiverServerRatis.java:start(418)) - Starting XceiverServerRatis 57439b7a-490c-41b0-9ad7-0055bd36a14e at port 0
2019-07-13 09:26:27,657 INFO  impl.RaftServerProxy (RaftServerProxy.java:lambda$start$3(299)) - 57439b7a-490c-41b0-9ad7-0055bd36a14e: start RPC server
2019-07-13 09:26:27,683 INFO  server.GrpcService (GrpcService.java:startImpl(149)) - 57439b7a-490c-41b0-9ad7-0055bd36a14e: GrpcService started, listening on 0.0.0.0/0.0.0.0:38368
2019-07-13 09:26:27,684 INFO  ratis.XceiverServerRatis (XceiverServerRatis.java:start(428)) - XceiverServerRatis 57439b7a-490c-41b0-9ad7-0055bd36a14e is started using port 38368
2019-07-13 09:26:27,685 INFO  server.XceiverServerGrpc (XceiverServerGrpc.java:start(161)) - XceiverServerGrpc 57439b7a-490c-41b0-9ad7-0055bd36a14e is started using port 45512
2019-07-13 09:26:27,780 INFO  ozone.MiniOzoneClusterImpl (MiniOzoneClusterImpl.java:lambda$waitForClusterToBeReady$0(142)) - Waiting for cluster to be ready. Got 0 of 7 DN Heartbeats.
2019-07-13 09:26:27,937 INFO  ozoneimpl.OzoneContainer (OzoneContainer.java:start(186)) - Attempting to start container services.
2019-07-13 09:26:27,937 INFO  ozoneimpl.OzoneContainer (OzoneContainer.java:startContainerScrub(160)) - Background container scrubber has been disabled by hdds.containerscrub.enabled
2019-07-13 09:26:27,937 INFO  ratis.XceiverServerRatis (XceiverServerRatis.java:start(418)) - Starting XceiverServerRatis a061601d-874e-448c-a556-55854e34a002 at port 0
2019-07-13 09:26:27,946 INFO  impl.RaftServerProxy (RaftServerProxy.java:lambda$start$3(299)) - a061601d-874e-448c-a556-55854e34a002: start RPC server
2019-07-13 09:26:27,947 INFO  server.GrpcService (GrpcService.java:startImpl(149)) - a061601d-874e-448c-a556-55854e34a002: GrpcService started, listening on 0.0.0.0/0.0.0.0:45293
2019-07-13 09:26:27,947 INFO  ratis.XceiverServerRatis (XceiverServerRatis.java:start(428)) - XceiverServerRatis a061601d-874e-448c-a556-55854e34a002 is started using port 45293
2019-07-13 09:26:27,965 INFO  server.XceiverServerGrpc (XceiverServerGrpc.java:start(161)) - XceiverServerGrpc a061601d-874e-448c-a556-55854e34a002 is started using port 39966
2019-07-13 09:26:28,142 INFO  ozoneimpl.OzoneContainer (OzoneContainer.java:start(186)) - Attempting to start container services.
2019-07-13 09:26:28,143 INFO  ozoneimpl.OzoneContainer (OzoneContainer.java:startContainerScrub(160)) - Background container scrubber has been disabled by hdds.containerscrub.enabled
2019-07-13 09:26:28,143 INFO  ratis.XceiverServerRatis (XceiverServerRatis.java:start(418)) - Starting XceiverServerRatis 4657badc-a881-4269-9d24-00b2923850e9 at port 0
2019-07-13 09:26:28,149 INFO  impl.RaftServerProxy (RaftServerProxy.java:lambda$start$3(299)) - 4657badc-a881-4269-9d24-00b2923850e9: start RPC server
2019-07-13 09:26:28,150 INFO  server.GrpcService (GrpcService.java:startImpl(149)) - 4657badc-a881-4269-9d24-00b2923850e9: GrpcService started, listening on 0.0.0.0/0.0.0.0:36588
2019-07-13 09:26:28,150 INFO  ratis.XceiverServerRatis (XceiverServerRatis.java:start(428)) - XceiverServerRatis 4657badc-a881-4269-9d24-00b2923850e9 is started using port 36588
2019-07-13 09:26:28,151 INFO  server.XceiverServerGrpc (XceiverServerGrpc.java:start(161)) - XceiverServerGrpc 4657badc-a881-4269-9d24-00b2923850e9 is started using port 42988
2019-07-13 09:26:28,363 INFO  ozoneimpl.OzoneContainer (OzoneContainer.java:start(186)) - Attempting to start container services.
2019-07-13 09:26:28,364 INFO  ozoneimpl.OzoneContainer (OzoneContainer.java:startContainerScrub(160)) - Background container scrubber has been disabled by hdds.containerscrub.enabled
2019-07-13 09:26:28,364 INFO  ratis.XceiverServerRatis (XceiverServerRatis.java:start(418)) - Starting XceiverServerRatis a0ca5ab1-38c1-47f3-a316-6e4e920a7449 at port 0
2019-07-13 09:26:28,370 INFO  impl.RaftServerProxy (RaftServerProxy.java:lambda$start$3(299)) - a0ca5ab1-38c1-47f3-a316-6e4e920a7449: start RPC server
2019-07-13 09:26:28,372 INFO  server.GrpcService (GrpcService.java:startImpl(149)) - a0ca5ab1-38c1-47f3-a316-6e4e920a7449: GrpcService started, listening on 0.0.0.0/0.0.0.0:41452
2019-07-13 09:26:28,372 INFO  ratis.XceiverServerRatis (XceiverServerRatis.java:start(428)) - XceiverServerRatis a0ca5ab1-38c1-47f3-a316-6e4e920a7449 is started using port 41452
2019-07-13 09:26:28,380 INFO  server.XceiverServerGrpc (XceiverServerGrpc.java:start(161)) - XceiverServerGrpc a0ca5ab1-38c1-47f3-a316-6e4e920a7449 is started using port 36362
2019-07-13 09:26:28,591 INFO  ozoneimpl.OzoneContainer (OzoneContainer.java:start(186)) - Attempting to start container services.
2019-07-13 09:26:28,591 INFO  ozoneimpl.OzoneContainer (OzoneContainer.java:startContainerScrub(160)) - Background container scrubber has been disabled by hdds.containerscrub.enabled
2019-07-13 09:26:28,591 INFO  ratis.XceiverServerRatis (XceiverServerRatis.java:start(418)) - Starting XceiverServerRatis a0827f52-1715-42dc-9b30-a3361a171a27 at port 0
2019-07-13 09:26:28,599 INFO  impl.RaftServerProxy (RaftServerProxy.java:lambda$start$3(299)) - a0827f52-1715-42dc-9b30-a3361a171a27: start RPC server
2019-07-13 09:26:28,605 INFO  server.GrpcService (GrpcService.java:startImpl(149)) - a0827f52-1715-42dc-9b30-a3361a171a27: GrpcService started, listening on 0.0.0.0/0.0.0.0:41565
2019-07-13 09:26:28,606 INFO  ratis.XceiverServerRatis (XceiverServerRatis.java:start(428)) - XceiverServerRatis a0827f52-1715-42dc-9b30-a3361a171a27 is started using port 41565
2019-07-13 09:26:28,607 INFO  server.XceiverServerGrpc (XceiverServerGrpc.java:start(161)) - XceiverServerGrpc a0827f52-1715-42dc-9b30-a3361a171a27 is started using port 43232
2019-07-13 09:26:28,780 INFO  ozone.MiniOzoneClusterImpl (MiniOzoneClusterImpl.java:lambda$waitForClusterToBeReady$0(142)) - Waiting for cluster to be ready. Got 0 of 7 DN Heartbeats.
2019-07-13 09:26:28,796 INFO  ozoneimpl.OzoneContainer (OzoneContainer.java:start(186)) - Attempting to start container services.
2019-07-13 09:26:28,796 INFO  ozoneimpl.OzoneContainer (OzoneContainer.java:startContainerScrub(160)) - Background container scrubber has been disabled by hdds.containerscrub.enabled
2019-07-13 09:26:28,796 INFO  ratis.XceiverServerRatis (XceiverServerRatis.java:start(418)) - Starting XceiverServerRatis 514eb7b7-39d8-415e-b383-32434d8c6680 at port 0
2019-07-13 09:26:28,804 INFO  impl.RaftServerProxy (RaftServerProxy.java:lambda$start$3(299)) - 514eb7b7-39d8-415e-b383-32434d8c6680: start RPC server
2019-07-13 09:26:28,810 INFO  server.GrpcService (GrpcService.java:startImpl(149)) - 514eb7b7-39d8-415e-b383-32434d8c6680: GrpcService started, listening on 0.0.0.0/0.0.0.0:38547
2019-07-13 09:26:28,810 INFO  ratis.XceiverServerRatis (XceiverServerRatis.java:start(428)) - XceiverServerRatis 514eb7b7-39d8-415e-b383-32434d8c6680 is started using port 38547
2019-07-13 09:26:28,811 INFO  server.XceiverServerGrpc (XceiverServerGrpc.java:start(161)) - XceiverServerGrpc 514eb7b7-39d8-415e-b383-32434d8c6680 is started using port 37206
2019-07-13 09:26:29,444 INFO  net.NetworkTopology (NetworkTopologyImpl.java:add(110)) - Added a new node: /default-rack/192.168.69.96
2019-07-13 09:26:29,448 INFO  node.SCMNodeManager (SCMNodeManager.java:register(269)) - Registered Data node : 5542dfa5-009f-499e-9051-0d7f6e2adeb3{ip: 192.168.69.96, host: trunk-nightly-hmp62-43275749, networkLocation: /default-rack, certSerialId: null}
2019-07-13 09:26:29,449 INFO  safemode.SCMSafeModeManager (DataNodeSafeModeRule.java:process(71)) - SCM in safe mode. 1 DataNodes registered, 1 required.
2019-07-13 09:26:29,453 INFO  safemode.SCMSafeModeManager (SCMSafeModeManager.java:validateSafeModeExitRules(177)) - ScmSafeModeManager, all rules are successfully validated
2019-07-13 09:26:29,453 INFO  safemode.SCMSafeModeManager (SCMSafeModeManager.java:exitSafeMode(193)) - SCM exiting safe mode.
2019-07-13 09:26:29,475 INFO  impl.RaftServerProxy (RaftServerProxy.java:addNew(89)) - 5542dfa5-009f-499e-9051-0d7f6e2adeb3: addNew group-EFF1A85F6FB6:[5542dfa5-009f-499e-9051-0d7f6e2adeb3:192.168.69.96:41865] returns group-EFF1A85F6FB6:java.util.concurrent.CompletableFuture@4742b3e4[Not completed]
2019-07-13 09:26:29,476 INFO  impl.RaftServerImpl (RaftServerImpl.java:<init>(93)) - 5542dfa5-009f-499e-9051-0d7f6e2adeb3: new RaftServerImpl for group-EFF1A85F6FB6:[5542dfa5-009f-499e-9051-0d7f6e2adeb3:192.168.69.96:41865] with ContainerStateMachine:uninitialized
2019-07-13 09:26:29,477 INFO  server.RaftServerConfigKeys (ConfUtils.java:logGet(43)) - raft.server.rpc.timeout.min = 5s (custom)
2019-07-13 09:26:29,477 INFO  server.RaftServerConfigKeys (ConfUtils.java:logGet(43)) - raft.server.rpc.timeout.max = 5200ms (custom)
2019-07-13 09:26:29,477 INFO  server.RaftServerConfigKeys (ConfUtils.java:logGet(43)) - raft.server.rpcslowness.timeout = 120s (custom)
2019-07-13 09:26:29,477 INFO  server.RaftServerConfigKeys (ConfUtils.java:logGet(43)) - raft.server.sleep.deviation.threshold = 300 (default)
2019-07-13 09:26:29,477 INFO  server.RaftServerConfigKeys (ConfUtils.java:logGet(43)) - raft.server.log.appender.install.snapshot.enabled = false (custom)
2019-07-13 09:26:29,477 INFO  impl.RaftServerImpl (ServerState.java:<init>(105)) - 5542dfa5-009f-499e-9051-0d7f6e2adeb3:group-EFF1A85F6FB6 ConfigurationManager, init=-1: [5542dfa5-009f-499e-9051-0d7f6e2adeb3:192.168.69.96:41865], old=null, confs=<EMPTY_MAP>
2019-07-13 09:26:29,478 INFO  server.RaftServerConfigKeys (ConfUtils.java:logGet(43)) - raft.server.storage.dir = [/tmp/workdir/hadoop-ozone/integration-test/target/test-dir/MiniOzoneClusterImpl-52da5e4c-509f-4cd4-9220-bd6b1bde4901/datanode-0/data/ratis] (custom)
2019-07-13 09:26:29,478 INFO  storage.RaftStorageDirectory (RaftStorageDirectory.java:analyzeStorage(246)) - The storage directory /tmp/workdir/hadoop-ozone/integration-test/target/test-dir/MiniOzoneClusterImpl-52da5e4c-509f-4cd4-9220-bd6b1bde4901/datanode-0/data/ratis/cf5eae51-bf02-4777-94c1-eff1a85f6fb6 does not exist. Creating ...
2019-07-13 09:26:29,492 INFO  storage.RaftStorageDirectory (RaftStorageDirectory.java:tryLock(328)) - Lock on /tmp/workdir/hadoop-ozone/integration-test/target/test-dir/MiniOzoneClusterImpl-52da5e4c-509f-4cd4-9220-bd6b1bde4901/datanode-0/data/ratis/cf5eae51-bf02-4777-94c1-eff1a85f6fb6/in_use.lock acquired by nodename 3678@trunk-nightly-hmp62-43275749
2019-07-13 09:26:29,505 INFO  storage.RaftStorage (RaftStorage.java:format(72)) - Storage directory /tmp/workdir/hadoop-ozone/integration-test/target/test-dir/MiniOzoneClusterImpl-52da5e4c-509f-4cd4-9220-bd6b1bde4901/datanode-0/data/ratis/cf5eae51-bf02-4777-94c1-eff1a85f6fb6 has been successfully formatted.
2019-07-13 09:26:29,505 INFO  ratis.ContainerStateMachine (ContainerStateMachine.java:loadSnapshot(200)) - The snapshot info is null.Setting the last applied index to:(t:0, i:~)
2019-07-13 09:26:29,506 INFO  server.RaftServerConfigKeys (ConfUtils.java:logGet(43)) - raft.server.leader.election.timeout = 120s (custom)
2019-07-13 09:26:29,506 INFO  server.RaftServerConfigKeys (ConfUtils.java:logGet(43)) - raft.server.log.use.memory = false (default)
2019-07-13 09:26:29,506 INFO  server.RaftServerConfigKeys (ConfUtils.java:logGet(43)) - raft.server.log.purge.gap = 1000000000 (custom)
2019-07-13 09:26:29,506 INFO  server.RaftServerConfigKeys (ConfUtils.java:logGet(43)) - raft.server.log.appender.buffer.byte-limit = 33554432 (custom)
2019-07-13 09:26:29,506 INFO  server.RaftServerConfigKeys (ConfUtils.java:logGet(43)) - raft.server.log.segment.size.max = 1048576 (custom)
2019-07-13 09:26:29,507 INFO  server.RaftServerConfigKeys (ConfUtils.java:logGet(43)) - raft.server.log.segment.cache.num.max = 2 (custom)
2019-07-13 09:26:29,507 INFO  segmented.SegmentedRaftLogWorker (SegmentedRaftLogWorker.java:<init>(172)) - new 5542dfa5-009f-499e-9051-0d7f6e2adeb3-SegmentedRaftLogWorker:Storage Directory /tmp/workdir/hadoop-ozone/integration-test/target/test-dir/MiniOzoneClusterImpl-52da5e4c-509f-4cd4-9220-bd6b1bde4901/datanode-0/data/ratis/cf5eae51-bf02-4777-94c1-eff1a85f6fb6 for RaftStorage:Storage Directory /tmp/workdir/hadoop-ozone/integration-test/target/test-dir/MiniOzoneClusterImpl-52da5e4c-509f-4cd4-9220-bd6b1bde4901/datanode-0/data/ratis/cf5eae51-bf02-4777-94c1-eff1a85f6fb6
2019-07-13 09:26:29,507 INFO  server.RaftServerConfigKeys (ConfUtils.java:logGet(43)) - raft.server.log.queue.byte-limit = 2147483647 (custom)
2019-07-13 09:26:29,507 INFO  server.RaftServerConfigKeys (ConfUtils.java:logGet(43)) - raft.server.log.queue.element-limit = 1024 (custom)
2019-07-13 09:26:29,508 INFO  server.RaftServerConfigKeys (ConfUtils.java:logGet(43)) - raft.server.log.segment.size.max = 1048576 (custom)
2019-07-13 09:26:29,508 INFO  server.RaftServerConfigKeys (ConfUtils.java:logGet(43)) - raft.server.log.preallocated.size = 16384 (custom)
2019-07-13 09:26:29,508 INFO  server.RaftServerConfigKeys (ConfUtils.java:logGet(43)) - raft.server.log.write.buffer.size = 33554432 (custom)
2019-07-13 09:26:29,508 INFO  server.RaftServerConfigKeys (ConfUtils.java:logGet(43)) - raft.server.log.force.sync.num = 128 (default)
2019-07-13 09:26:29,508 INFO  server.RaftServerConfigKeys (ConfUtils.java:logGet(43)) - raft.server.log.statemachine.data.sync = true (default)
2019-07-13 09:26:29,508 INFO  server.RaftServerConfigKeys (ConfUtils.java:logGet(43)) - raft.server.log.statemachine.data.sync.timeout = 10s (default)
2019-07-13 09:26:29,509 INFO  server.RaftServerConfigKeys (ConfUtils.java:logGet(43)) - raft.server.log.statemachine.data.sync.timeout.retry = -1 (default)
2019-07-13 09:26:29,509 INFO  server.RaftServerConfigKeys (ConfUtils.java:logGet(43)) - raft.server.log.statemachine.data.caching.enabled = true (custom)
2019-07-13 09:26:29,509 INFO  segmented.SegmentedRaftLogWorker (SegmentedRaftLogWorker.java:lambda$new$0(132)) - 5542dfa5-009f-499e-9051-0d7f6e2adeb3-SegmentedRaftLogWorker:Storage Directory /tmp/workdir/hadoop-ozone/integration-test/target/test-dir/MiniOzoneClusterImpl-52da5e4c-509f-4cd4-9220-bd6b1bde4901/datanode-0/data/ratis/cf5eae51-bf02-4777-94c1-eff1a85f6fb6: flushIndex: setUnconditionally 0 -> -1
2019-07-13 09:26:29,510 INFO  server.RaftServerConfigKeys (ConfUtils.java:logGet(43)) - raft.server.snapshot.auto.trigger.enabled = true (custom)
2019-07-13 09:26:29,510 INFO  server.RaftServerConfigKeys (ConfUtils.java:logGet(43)) - raft.server.snapshot.auto.trigger.threshold = 10000 (custom)
2019-07-13 09:26:29,510 INFO  server.RaftServerConfigKeys (ConfUtils.java:logGet(43)) - raft.server.retrycache.expirytime = 600000ms (custom)
2019-07-13 09:26:29,510 INFO  impl.RaftServerImpl (RaftServerImpl.java:start(180)) - 5542dfa5-009f-499e-9051-0d7f6e2adeb3: start group-EFF1A85F6FB6
2019-07-13 09:26:29,511 INFO  impl.RaftServerImpl (RaftServerImpl.java:setRole(171)) - 5542dfa5-009f-499e-9051-0d7f6e2adeb3:group-EFF1A85F6FB6 changes role from null to FOLLOWER at term 0 for startAsFollower
2019-07-13 09:26:29,511 INFO  impl.RoleInfo (RoleInfo.java:updateAndGet(143)) - 5542dfa5-009f-499e-9051-0d7f6e2adeb3: start FollowerState
2019-07-13 09:26:29,511 INFO  util.JmxRegister (JmxRegister.java:tryRegister(44)) - Successfully registered JMX Bean with object name Ratis:service=RaftServer,group=group-EFF1A85F6FB6,id=5542dfa5-009f-499e-9051-0d7f6e2adeb3
2019-07-13 09:26:29,520 INFO  pipeline.PipelineStateManager (PipelineStateManager.java:addPipeline(56)) - Created pipeline Pipeline[ Id: cf5eae51-bf02-4777-94c1-eff1a85f6fb6, Nodes: 5542dfa5-009f-499e-9051-0d7f6e2adeb3{ip: 192.168.69.96, host: trunk-nightly-hmp62-43275749, networkLocation: /default-rack, certSerialId: null}, Type:RATIS, Factor:ONE, State:OPEN]
2019-07-13 09:26:29,634 INFO  node.SCMNodeManager (SCMNodeManager.java:register(269)) - Registered Data node : 57439b7a-490c-41b0-9ad7-0055bd36a14e{ip: 192.168.69.96, host: trunk-nightly-hmp62-43275749, networkLocation: /default-rack, certSerialId: null}
2019-07-13 09:26:29,653 INFO  impl.RaftServerProxy (RaftServerProxy.java:addNew(89)) - 57439b7a-490c-41b0-9ad7-0055bd36a14e: addNew group-F664243CDFF7:[57439b7a-490c-41b0-9ad7-0055bd36a14e:192.168.69.96:38368] returns group-F664243CDFF7:java.util.concurrent.CompletableFuture@438d5a37[Not completed]
2019-07-13 09:26:29,654 INFO  impl.RaftServerImpl (RaftServerImpl.java:<init>(93)) - 57439b7a-490c-41b0-9ad7-0055bd36a14e: new RaftServerImpl for group-F664243CDFF7:[57439b7a-490c-41b0-9ad7-0055bd36a14e:192.168.69.96:38368] with ContainerStateMachine:uninitialized
2019-07-13 09:26:29,655 INFO  server.RaftServerConfigKeys (ConfUtils.java:logGet(43)) - raft.server.rpc.timeout.min = 5s (custom)
2019-07-13 09:26:29,655 INFO  server.RaftServerConfigKeys (ConfUtils.java:logGet(43)) - raft.server.rpc.timeout.max = 5200ms (custom)
2019-07-13 09:26:29,655 INFO  server.RaftServerConfigKeys (ConfUtils.java:logGet(43)) - raft.server.rpcslowness.timeout = 120s (custom)
2019-07-13 09:26:29,655 INFO  server.RaftServerConfigKeys (ConfUtils.java:logGet(43)) - raft.server.sleep.deviation.threshold = 300 (default)
2019-07-13 09:26:29,655 INFO  server.RaftServerConfigKeys (ConfUtils.java:logGet(43)) - raft.server.log.appender.install.snapshot.enabled = false (custom)
2019-07-13 09:26:29,655 INFO  impl.RaftServerImpl (ServerState.java:<init>(105)) - 57439b7a-490c-41b0-9ad7-0055bd36a14e:group-F664243CDFF7 ConfigurationManager, init=-1: [57439b7a-490c-41b0-9ad7-0055bd36a14e:192.168.69.96:38368], old=null, confs=<EMPTY_MAP>
2019-07-13 09:26:29,656 INFO  server.RaftServerConfigKeys (ConfUtils.java:logGet(43)) - raft.server.storage.dir = [/tmp/workdir/hadoop-ozone/integration-test/target/test-dir/MiniOzoneClusterImpl-52da5e4c-509f-4cd4-9220-bd6b1bde4901/datanode-1/data/ratis] (custom)
2019-07-13 09:26:29,656 INFO  storage.RaftStorageDirectory (RaftStorageDirectory.java:analyzeStorage(246)) - The storage directory /tmp/workdir/hadoop-ozone/integration-test/target/test-dir/MiniOzoneClusterImpl-52da5e4c-509f-4cd4-9220-bd6b1bde4901/datanode-1/data/ratis/c3e469d3-ed0b-4979-b421-f664243cdff7 does not exist. Creating ...
2019-07-13 09:26:29,669 INFO  storage.RaftStorageDirectory (RaftStorageDirectory.java:tryLock(328)) - Lock on /tmp/workdir/hadoop-ozone/integration-test/target/test-dir/MiniOzoneClusterImpl-52da5e4c-509f-4cd4-9220-bd6b1bde4901/datanode-1/data/ratis/c3e469d3-ed0b-4979-b421-f664243cdff7/in_use.lock acquired by nodename 3678@trunk-nightly-hmp62-43275749
2019-07-13 09:26:29,682 INFO  storage.RaftStorage (RaftStorage.java:format(72)) - Storage directory /tmp/workdir/hadoop-ozone/integration-test/target/test-dir/MiniOzoneClusterImpl-52da5e4c-509f-4cd4-9220-bd6b1bde4901/datanode-1/data/ratis/c3e469d3-ed0b-4979-b421-f664243cdff7 has been successfully formatted.
2019-07-13 09:26:29,683 INFO  ratis.ContainerStateMachine (ContainerStateMachine.java:loadSnapshot(200)) - The snapshot info is null.Setting the last applied index to:(t:0, i:~)
2019-07-13 09:26:29,683 INFO  server.RaftServerConfigKeys (ConfUtils.java:logGet(43)) - raft.server.leader.election.timeout = 120s (custom)
2019-07-13 09:26:29,683 INFO  server.RaftServerConfigKeys (ConfUtils.java:logGet(43)) - raft.server.log.use.memory = false (default)
2019-07-13 09:26:29,683 INFO  server.RaftServerConfigKeys (ConfUtils.java:logGet(43)) - raft.server.log.purge.gap = 1000000000 (custom)
2019-07-13 09:26:29,683 INFO  server.RaftServerConfigKeys (ConfUtils.java:logGet(43)) - raft.server.log.appender.buffer.byte-limit = 33554432 (custom)
2019-07-13 09:26:29,684 INFO  server.RaftServerConfigKeys (ConfUtils.java:logGet(43)) - raft.server.log.segment.size.max = 1048576 (custom)
2019-07-13 09:26:29,684 INFO  server.RaftServerConfigKeys (ConfUtils.java:logGet(43)) - raft.server.log.segment.cache.num.max = 2 (custom)
2019-07-13 09:26:29,684 INFO  segmented.SegmentedRaftLogWorker (SegmentedRaftLogWorker.java:<init>(172)) - new 57439b7a-490c-41b0-9ad7-0055bd36a14e-SegmentedRaftLogWorker:Storage Directory /tmp/workdir/hadoop-ozone/integration-test/target/test-dir/MiniOzoneClusterImpl-52da5e4c-509f-4cd4-9220-bd6b1bde4901/datanode-1/data/ratis/c3e469d3-ed0b-4979-b421-f664243cdff7 for RaftStorage:Storage Directory /tmp/workdir/hadoop-ozone/integration-test/target/test-dir/MiniOzoneClusterImpl-52da5e4c-509f-4cd4-9220-bd6b1bde4901/datanode-1/data/ratis/c3e469d3-ed0b-4979-b421-f664243cdff7
2019-07-13 09:26:29,684 INFO  server.RaftServerConfigKeys (ConfUtils.java:logGet(43)) - raft.server.log.queue.byte-limit = 2147483647 (custom)
2019-07-13 09:26:29,684 INFO  server.RaftServerConfigKeys (ConfUtils.java:logGet(43)) - raft.server.log.queue.element-limit = 1024 (custom)
2019-07-13 09:26:29,685 INFO  server.RaftServerConfigKeys (ConfUtils.java:logGet(43)) - raft.server.log.segment.size.max = 1048576 (custom)
2019-07-13 09:26:29,685 INFO  server.RaftServerConfigKeys (ConfUtils.java:logGet(43)) - raft.server.log.preallocated.size = 16384 (custom)
2019-07-13 09:26:29,685 INFO  server.RaftServerConfigKeys (ConfUtils.java:logGet(43)) - raft.server.log.write.buffer.size = 33554432 (custom)
2019-07-13 09:26:29,685 INFO  server.RaftServerConfigKeys (ConfUtils.java:logGet(43)) - raft.server.log.force.sync.num = 128 (default)
2019-07-13 09:26:29,685 INFO  server.RaftServerConfigKeys (ConfUtils.java:logGet(43)) - raft.server.log.statemachine.data.sync = true (default)
2019-07-13 09:26:29,686 INFO  server.RaftServerConfigKeys (ConfUtils.java:logGet(43)) - raft.server.log.statemachine.data.sync.timeout = 10s (default)
2019-07-13 09:26:29,686 INFO  server.RaftServerConfigKeys (ConfUtils.java:logGet(43)) - raft.server.log.statemachine.data.sync.timeout.retry = -1 (default)
2019-07-13 09:26:29,686 INFO  server.RaftServerConfigKeys (ConfUtils.java:logGet(43)) - raft.server.log.statemachine.data.caching.enabled = true (custom)
2019-07-13 09:26:29,686 INFO  segmented.SegmentedRaftLogWorker (SegmentedRaftLogWorker.java:lambda$new$0(132)) - 57439b7a-490c-41b0-9ad7-0055bd36a14e-SegmentedRaftLogWorker:Storage Directory /tmp/workdir/hadoop-ozone/integration-test/target/test-dir/MiniOzoneClusterImpl-52da5e4c-509f-4cd4-9220-bd6b1bde4901/datanode-1/data/ratis/c3e469d3-ed0b-4979-b421-f664243cdff7: flushIndex: setUnconditionally 0 -> -1
2019-07-13 09:26:29,687 INFO  server.RaftServerConfigKeys (ConfUtils.java:logGet(43)) - raft.server.snapshot.auto.trigger.enabled = true (custom)
2019-07-13 09:26:29,687 INFO  server.RaftServerConfigKeys (ConfUtils.java:logGet(43)) - raft.server.snapshot.auto.trigger.threshold = 10000 (custom)
2019-07-13 09:26:29,687 INFO  server.RaftServerConfigKeys (ConfUtils.java:logGet(43)) - raft.server.retrycache.expirytime = 600000ms (custom)
2019-07-13 09:26:29,687 INFO  impl.RaftServerImpl (RaftServerImpl.java:start(180)) - 57439b7a-490c-41b0-9ad7-0055bd36a14e: start group-F664243CDFF7
2019-07-13 09:26:29,688 INFO  impl.RaftServerImpl (RaftServerImpl.java:setRole(171)) - 57439b7a-490c-41b0-9ad7-0055bd36a14e:group-F664243CDFF7 changes role from null to FOLLOWER at term 0 for startAsFollower
2019-07-13 09:26:29,688 INFO  impl.RoleInfo (RoleInfo.java:updateAndGet(143)) - 57439b7a-490c-41b0-9ad7-0055bd36a14e: start FollowerState
2019-07-13 09:26:29,688 INFO  util.JmxRegister (JmxRegister.java:tryRegister(44)) - Successfully registered JMX Bean with object name Ratis:service=RaftServer,group=group-F664243CDFF7,id=57439b7a-490c-41b0-9ad7-0055bd36a14e
2019-07-13 09:26:29,696 INFO  pipeline.PipelineStateManager (PipelineStateManager.java:addPipeline(56)) - Created pipeline Pipeline[ Id: c3e469d3-ed0b-4979-b421-f664243cdff7, Nodes: 57439b7a-490c-41b0-9ad7-0055bd36a14e{ip: 192.168.69.96, host: trunk-nightly-hmp62-43275749, networkLocation: /default-rack, certSerialId: null}, Type:RATIS, Factor:ONE, State:OPEN]
2019-07-13 09:26:29,781 INFO  ozone.MiniOzoneClusterImpl (MiniOzoneClusterImpl.java:lambda$waitForClusterToBeReady$0(142)) - Waiting for cluster to be ready. Got 2 of 7 DN Heartbeats.
2019-07-13 09:26:29,919 INFO  node.SCMNodeManager (SCMNodeManager.java:register(269)) - Registered Data node : a061601d-874e-448c-a556-55854e34a002{ip: 192.168.69.96, host: trunk-nightly-hmp62-43275749, networkLocation: /default-rack, certSerialId: null}
2019-07-13 09:26:29,938 INFO  impl.RaftServerProxy (RaftServerProxy.java:addNew(89)) - a061601d-874e-448c-a556-55854e34a002: addNew group-DAAF330BB9D8:[a061601d-874e-448c-a556-55854e34a002:192.168.69.96:45293] returns group-DAAF330BB9D8:java.util.concurrent.CompletableFuture@1e56ea8f[Not completed]
2019-07-13 09:26:29,940 INFO  impl.RaftServerImpl (RaftServerImpl.java:<init>(93)) - a061601d-874e-448c-a556-55854e34a002: new RaftServerImpl for group-DAAF330BB9D8:[a061601d-874e-448c-a556-55854e34a002:192.168.69.96:45293] with ContainerStateMachine:uninitialized
2019-07-13 09:26:29,940 INFO  server.RaftServerConfigKeys (ConfUtils.java:logGet(43)) - raft.server.rpc.timeout.min = 5s (custom)
2019-07-13 09:26:29,941 INFO  server.RaftServerConfigKeys (ConfUtils.java:logGet(43)) - raft.server.rpc.timeout.max = 5200ms (custom)
2019-07-13 09:26:29,941 INFO  server.RaftServerConfigKeys (ConfUtils.java:logGet(43)) - raft.server.rpcslowness.timeout = 120s (custom)
2019-07-13 09:26:29,941 INFO  server.RaftServerConfigKeys (ConfUtils.java:logGet(43)) - raft.server.sleep.deviation.threshold = 300 (default)
2019-07-13 09:26:29,941 INFO  server.RaftServerConfigKeys (ConfUtils.java:logGet(43)) - raft.server.log.appender.install.snapshot.enabled = false (custom)
2019-07-13 09:26:29,941 INFO  impl.RaftServerImpl (ServerState.java:<init>(105)) - a061601d-874e-448c-a556-55854e34a002:group-DAAF330BB9D8 ConfigurationManager, init=-1: [a061601d-874e-448c-a556-55854e34a002:192.168.69.96:45293], old=null, confs=<EMPTY_MAP>
2019-07-13 09:26:29,941 INFO  server.RaftServerConfigKeys (ConfUtils.java:logGet(43)) - raft.server.storage.dir = [/tmp/workdir/hadoop-ozone/integration-test/target/test-dir/MiniOzoneClusterImpl-52da5e4c-509f-4cd4-9220-bd6b1bde4901/datanode-2/data/ratis] (custom)
2019-07-13 09:26:29,942 INFO  storage.RaftStorageDirectory (RaftStorageDirectory.java:analyzeStorage(246)) - The storage directory /tmp/workdir/hadoop-ozone/integration-test/target/test-dir/MiniOzoneClusterImpl-52da5e4c-509f-4cd4-9220-bd6b1bde4901/datanode-2/data/ratis/0d54bb37-47a8-48f7-a341-daaf330bb9d8 does not exist. Creating ...
2019-07-13 09:26:29,955 INFO  storage.RaftStorageDirectory (RaftStorageDirectory.java:tryLock(328)) - Lock on /tmp/workdir/hadoop-ozone/integration-test/target/test-dir/MiniOzoneClusterImpl-52da5e4c-509f-4cd4-9220-bd6b1bde4901/datanode-2/data/ratis/0d54bb37-47a8-48f7-a341-daaf330bb9d8/in_use.lock acquired by nodename 3678@trunk-nightly-hmp62-43275749
2019-07-13 09:26:29,969 INFO  storage.RaftStorage (RaftStorage.java:format(72)) - Storage directory /tmp/workdir/hadoop-ozone/integration-test/target/test-dir/MiniOzoneClusterImpl-52da5e4c-509f-4cd4-9220-bd6b1bde4901/datanode-2/data/ratis/0d54bb37-47a8-48f7-a341-daaf330bb9d8 has been successfully formatted.
2019-07-13 09:26:29,969 INFO  ratis.ContainerStateMachine (ContainerStateMachine.java:loadSnapshot(200)) - The snapshot info is null.Setting the last applied index to:(t:0, i:~)
2019-07-13 09:26:29,969 INFO  server.RaftServerConfigKeys (ConfUtils.java:logGet(43)) - raft.server.leader.election.timeout = 120s (custom)
2019-07-13 09:26:29,969 INFO  server.RaftServerConfigKeys (ConfUtils.java:logGet(43)) - raft.server.log.use.memory = false (default)
2019-07-13 09:26:29,969 INFO  server.RaftServerConfigKeys (ConfUtils.java:logGet(43)) - raft.server.log.purge.gap = 1000000000 (custom)
2019-07-13 09:26:29,970 INFO  server.RaftServerConfigKeys (ConfUtils.java:logGet(43)) - raft.server.log.appender.buffer.byte-limit = 33554432 (custom)
2019-07-13 09:26:29,970 INFO  server.RaftServerConfigKeys (ConfUtils.java:logGet(43)) - raft.server.log.segment.size.max = 1048576 (custom)
2019-07-13 09:26:29,970 INFO  server.RaftServerConfigKeys (ConfUtils.java:logGet(43)) - raft.server.log.segment.cache.num.max = 2 (custom)
2019-07-13 09:26:29,970 INFO  segmented.SegmentedRaftLogWorker (SegmentedRaftLogWorker.java:<init>(172)) - new a061601d-874e-448c-a556-55854e34a002-SegmentedRaftLogWorker:Storage Directory /tmp/workdir/hadoop-ozone/integration-test/target/test-dir/MiniOzoneClusterImpl-52da5e4c-509f-4cd4-9220-bd6b1bde4901/datanode-2/data/ratis/0d54bb37-47a8-48f7-a341-daaf330bb9d8 for RaftStorage:Storage Directory /tmp/workdir/hadoop-ozone/integration-test/target/test-dir/MiniOzoneClusterImpl-52da5e4c-509f-4cd4-9220-bd6b1bde4901/datanode-2/data/ratis/0d54bb37-47a8-48f7-a341-daaf330bb9d8
2019-07-13 09:26:29,970 INFO  server.RaftServerConfigKeys (ConfUtils.java:logGet(43)) - raft.server.log.queue.byte-limit = 2147483647 (custom)
2019-07-13 09:26:29,971 INFO  server.RaftServerConfigKeys (ConfUtils.java:logGet(43)) - raft.server.log.queue.element-limit = 1024 (custom)
2019-07-13 09:26:29,971 INFO  server.RaftServerConfigKeys (ConfUtils.java:logGet(43)) - raft.server.log.segment.size.max = 1048576 (custom)
2019-07-13 09:26:29,971 INFO  server.RaftServerConfigKeys (ConfUtils.java:logGet(43)) - raft.server.log.preallocated.size = 16384 (custom)
2019-07-13 09:26:29,971 INFO  server.RaftServerConfigKeys (ConfUtils.java:logGet(43)) - raft.server.log.write.buffer.size = 33554432 (custom)
2019-07-13 09:26:29,971 INFO  server.RaftServerConfigKeys (ConfUtils.java:logGet(43)) - raft.server.log.force.sync.num = 128 (default)
2019-07-13 09:26:29,972 INFO  server.RaftServerConfigKeys (ConfUtils.java:logGet(43)) - raft.server.log.statemachine.data.sync = true (default)
2019-07-13 09:26:29,972 INFO  server.RaftServerConfigKeys (ConfUtils.java:logGet(43)) - raft.server.log.statemachine.data.sync.timeout = 10s (default)
2019-07-13 09:26:29,972 INFO  server.RaftServerConfigKeys (ConfUtils.java:logGet(43)) - raft.server.log.statemachine.data.sync.timeout.retry = -1 (default)
2019-07-13 09:26:29,972 INFO  server.RaftServerConfigKeys (ConfUtils.java:logGet(43)) - raft.server.log.statemachine.data.caching.enabled = true (custom)
2019-07-13 09:26:29,973 INFO  segmented.SegmentedRaftLogWorker (SegmentedRaftLogWorker.java:lambda$new$0(132)) - a061601d-874e-448c-a556-55854e34a002-SegmentedRaftLogWorker:Storage Directory /tmp/workdir/hadoop-ozone/integration-test/target/test-dir/MiniOzoneClusterImpl-52da5e4c-509f-4cd4-9220-bd6b1bde4901/datanode-2/data/ratis/0d54bb37-47a8-48f7-a341-daaf330bb9d8: flushIndex: setUnconditionally 0 -> -1
2019-07-13 09:26:29,973 INFO  server.RaftServerConfigKeys (ConfUtils.java:logGet(43)) - raft.server.snapshot.auto.trigger.enabled = true (custom)
2019-07-13 09:26:29,973 INFO  server.RaftServerConfigKeys (ConfUtils.java:logGet(43)) - raft.server.snapshot.auto.trigger.threshold = 10000 (custom)
2019-07-13 09:26:29,974 INFO  server.RaftServerConfigKeys (ConfUtils.java:logGet(43)) - raft.server.retrycache.expirytime = 600000ms (custom)
2019-07-13 09:26:29,974 INFO  impl.RaftServerImpl (RaftServerImpl.java:start(180)) - a061601d-874e-448c-a556-55854e34a002: start group-DAAF330BB9D8
2019-07-13 09:26:29,974 INFO  impl.RaftServerImpl (RaftServerImpl.java:setRole(171)) - a061601d-874e-448c-a556-55854e34a002:group-DAAF330BB9D8 changes role from null to FOLLOWER at term 0 for startAsFollower
2019-07-13 09:26:29,974 INFO  impl.RoleInfo (RoleInfo.java:updateAndGet(143)) - a061601d-874e-448c-a556-55854e34a002: start FollowerState
2019-07-13 09:26:29,975 INFO  util.JmxRegister (JmxRegister.java:tryRegister(44)) - Successfully registered JMX Bean with object name Ratis:service=RaftServer,group=group-DAAF330BB9D8,id=a061601d-874e-448c-a556-55854e34a002
2019-07-13 09:26:29,982 INFO  pipeline.PipelineStateManager (PipelineStateManager.java:addPipeline(56)) - Created pipeline Pipeline[ Id: 0d54bb37-47a8-48f7-a341-daaf330bb9d8, Nodes: a061601d-874e-448c-a556-55854e34a002{ip: 192.168.69.96, host: trunk-nightly-hmp62-43275749, networkLocation: /default-rack, certSerialId: null}, Type:RATIS, Factor:ONE, State:OPEN]
2019-07-13 09:26:30,020 INFO  impl.RaftServerProxy (RaftServerProxy.java:addNew(89)) - 57439b7a-490c-41b0-9ad7-0055bd36a14e: addNew group-B944A034CFBE:[57439b7a-490c-41b0-9ad7-0055bd36a14e:192.168.69.96:38368, 5542dfa5-009f-499e-9051-0d7f6e2adeb3:192.168.69.96:41865, a061601d-874e-448c-a556-55854e34a002:192.168.69.96:45293] returns group-B944A034CFBE:java.util.concurrent.CompletableFuture@364126d1[Not completed]
2019-07-13 09:26:30,020 INFO  impl.RaftServerProxy (RaftServerProxy.java:addNew(89)) - a061601d-874e-448c-a556-55854e34a002: addNew group-B944A034CFBE:[57439b7a-490c-41b0-9ad7-0055bd36a14e:192.168.69.96:38368, 5542dfa5-009f-499e-9051-0d7f6e2adeb3:192.168.69.96:41865, a061601d-874e-448c-a556-55854e34a002:192.168.69.96:45293] returns group-B944A034CFBE:java.util.concurrent.CompletableFuture@7899c1dc[Not completed]
2019-07-13 09:26:30,020 INFO  impl.RaftServerProxy (RaftServerProxy.java:addNew(89)) - 5542dfa5-009f-499e-9051-0d7f6e2adeb3: addNew group-B944A034CFBE:[57439b7a-490c-41b0-9ad7-0055bd36a14e:192.168.69.96:38368, 5542dfa5-009f-499e-9051-0d7f6e2adeb3:192.168.69.96:41865, a061601d-874e-448c-a556-55854e34a002:192.168.69.96:45293] returns group-B944A034CFBE:java.util.concurrent.CompletableFuture@4086a016[Not completed]
2019-07-13 09:26:30,022 INFO  impl.RaftServerImpl (RaftServerImpl.java:<init>(93)) - 57439b7a-490c-41b0-9ad7-0055bd36a14e: new RaftServerImpl for group-B944A034CFBE:[57439b7a-490c-41b0-9ad7-0055bd36a14e:192.168.69.96:38368, 5542dfa5-009f-499e-9051-0d7f6e2adeb3:192.168.69.96:41865, a061601d-874e-448c-a556-55854e34a002:192.168.69.96:45293] with ContainerStateMachine:uninitialized
2019-07-13 09:26:30,022 INFO  server.RaftServerConfigKeys (ConfUtils.java:logGet(43)) - raft.server.rpc.timeout.min = 5s (custom)
2019-07-13 09:26:30,022 INFO  server.RaftServerConfigKeys (ConfUtils.java:logGet(43)) - raft.server.rpc.timeout.max = 5200ms (custom)
2019-07-13 09:26:30,022 INFO  server.RaftServerConfigKeys (ConfUtils.java:logGet(43)) - raft.server.rpcslowness.timeout = 120s (custom)
2019-07-13 09:26:30,023 INFO  server.RaftServerConfigKeys (ConfUtils.java:logGet(43)) - raft.server.sleep.deviation.threshold = 300 (default)
2019-07-13 09:26:30,023 INFO  server.RaftServerConfigKeys (ConfUtils.java:logGet(43)) - raft.server.log.appender.install.snapshot.enabled = false (custom)
2019-07-13 09:26:30,023 INFO  impl.RaftServerImpl (RaftServerImpl.java:<init>(93)) - 5542dfa5-009f-499e-9051-0d7f6e2adeb3: new RaftServerImpl for group-B944A034CFBE:[57439b7a-490c-41b0-9ad7-0055bd36a14e:192.168.69.96:38368, 5542dfa5-009f-499e-9051-0d7f6e2adeb3:192.168.69.96:41865, a061601d-874e-448c-a556-55854e34a002:192.168.69.96:45293] with ContainerStateMachine:uninitialized
2019-07-13 09:26:30,023 INFO  impl.RaftServerImpl (ServerState.java:<init>(105)) - 57439b7a-490c-41b0-9ad7-0055bd36a14e:group-B944A034CFBE ConfigurationManager, init=-1: [57439b7a-490c-41b0-9ad7-0055bd36a14e:192.168.69.96:38368, 5542dfa5-009f-499e-9051-0d7f6e2adeb3:192.168.69.96:41865, a061601d-874e-448c-a556-55854e34a002:192.168.69.96:45293], old=null, confs=<EMPTY_MAP>
2019-07-13 09:26:30,023 INFO  server.RaftServerConfigKeys (ConfUtils.java:logGet(43)) - raft.server.rpc.timeout.min = 5s (custom)
2019-07-13 09:26:30,023 INFO  server.RaftServerConfigKeys (ConfUtils.java:logGet(43)) - raft.server.storage.dir = [/tmp/workdir/hadoop-ozone/integration-test/target/test-dir/MiniOzoneClusterImpl-52da5e4c-509f-4cd4-9220-bd6b1bde4901/datanode-1/data/ratis] (custom)
2019-07-13 09:26:30,023 INFO  server.RaftServerConfigKeys (ConfUtils.java:logGet(43)) - raft.server.rpc.timeout.max = 5200ms (custom)
2019-07-13 09:26:30,024 INFO  server.RaftServerConfigKeys (ConfUtils.java:logGet(43)) - raft.server.rpcslowness.timeout = 120s (custom)
2019-07-13 09:26:30,024 INFO  storage.RaftStorageDirectory (RaftStorageDirectory.java:analyzeStorage(246)) - The storage directory /tmp/workdir/hadoop-ozone/integration-test/target/test-dir/MiniOzoneClusterImpl-52da5e4c-509f-4cd4-9220-bd6b1bde4901/datanode-1/data/ratis/0a2a8b96-9b45-4a64-aebc-b944a034cfbe does not exist. Creating ...
2019-07-13 09:26:30,024 INFO  impl.RaftServerImpl (RaftServerImpl.java:<init>(93)) - a061601d-874e-448c-a556-55854e34a002: new RaftServerImpl for group-B944A034CFBE:[57439b7a-490c-41b0-9ad7-0055bd36a14e:192.168.69.96:38368, 5542dfa5-009f-499e-9051-0d7f6e2adeb3:192.168.69.96:41865, a061601d-874e-448c-a556-55854e34a002:192.168.69.96:45293] with ContainerStateMachine:uninitialized
2019-07-13 09:26:30,024 INFO  server.RaftServerConfigKeys (ConfUtils.java:logGet(43)) - raft.server.sleep.deviation.threshold = 300 (default)
2019-07-13 09:26:30,024 INFO  server.RaftServerConfigKeys (ConfUtils.java:logGet(43)) - raft.server.rpc.timeout.min = 5s (custom)
2019-07-13 09:26:30,024 INFO  server.RaftServerConfigKeys (ConfUtils.java:logGet(43)) - raft.server.log.appender.install.snapshot.enabled = false (custom)
2019-07-13 09:26:30,024 INFO  server.RaftServerConfigKeys (ConfUtils.java:logGet(43)) - raft.server.rpc.timeout.max = 5200ms (custom)
2019-07-13 09:26:30,024 INFO  impl.RaftServerImpl (ServerState.java:<init>(105)) - 5542dfa5-009f-499e-9051-0d7f6e2adeb3:group-B944A034CFBE ConfigurationManager, init=-1: [57439b7a-490c-41b0-9ad7-0055bd36a14e:192.168.69.96:38368, 5542dfa5-009f-499e-9051-0d7f6e2adeb3:192.168.69.96:41865, a061601d-874e-448c-a556-55854e34a002:192.168.69.96:45293], old=null, confs=<EMPTY_MAP>
2019-07-13 09:26:30,025 INFO  server.RaftServerConfigKeys (ConfUtils.java:logGet(43)) - raft.server.rpcslowness.timeout = 120s (custom)
2019-07-13 09:26:30,025 INFO  server.RaftServerConfigKeys (ConfUtils.java:logGet(43)) - raft.server.storage.dir = [/tmp/workdir/hadoop-ozone/integration-test/target/test-dir/MiniOzoneClusterImpl-52da5e4c-509f-4cd4-9220-bd6b1bde4901/datanode-0/data/ratis] (custom)
2019-07-13 09:26:30,025 INFO  server.RaftServerConfigKeys (ConfUtils.java:logGet(43)) - raft.server.sleep.deviation.threshold = 300 (default)
2019-07-13 09:26:30,025 INFO  server.RaftServerConfigKeys (ConfUtils.java:logGet(43)) - raft.server.log.appender.install.snapshot.enabled = false (custom)
2019-07-13 09:26:30,025 INFO  storage.RaftStorageDirectory (RaftStorageDirectory.java:analyzeStorage(246)) - The storage directory /tmp/workdir/hadoop-ozone/integration-test/target/test-dir/MiniOzoneClusterImpl-52da5e4c-509f-4cd4-9220-bd6b1bde4901/datanode-0/data/ratis/0a2a8b96-9b45-4a64-aebc-b944a034cfbe does not exist. Creating ...
2019-07-13 09:26:30,025 INFO  impl.RaftServerImpl (ServerState.java:<init>(105)) - a061601d-874e-448c-a556-55854e34a002:group-B944A034CFBE ConfigurationManager, init=-1: [57439b7a-490c-41b0-9ad7-0055bd36a14e:192.168.69.96:38368, 5542dfa5-009f-499e-9051-0d7f6e2adeb3:192.168.69.96:41865, a061601d-874e-448c-a556-55854e34a002:192.168.69.96:45293], old=null, confs=<EMPTY_MAP>
2019-07-13 09:26:30,025 INFO  server.RaftServerConfigKeys (ConfUtils.java:logGet(43)) - raft.server.storage.dir = [/tmp/workdir/hadoop-ozone/integration-test/target/test-dir/MiniOzoneClusterImpl-52da5e4c-509f-4cd4-9220-bd6b1bde4901/datanode-2/data/ratis] (custom)
2019-07-13 09:26:30,026 INFO  storage.RaftStorageDirectory (RaftStorageDirectory.java:analyzeStorage(246)) - The storage directory /tmp/workdir/hadoop-ozone/integration-test/target/test-dir/MiniOzoneClusterImpl-52da5e4c-509f-4cd4-9220-bd6b1bde4901/datanode-2/data/ratis/0a2a8b96-9b45-4a64-aebc-b944a034cfbe does not exist. Creating ...
2019-07-13 09:26:30,037 INFO  storage.RaftStorageDirectory (RaftStorageDirectory.java:tryLock(328)) - Lock on /tmp/workdir/hadoop-ozone/integration-test/target/test-dir/MiniOzoneClusterImpl-52da5e4c-509f-4cd4-9220-bd6b1bde4901/datanode-2/data/ratis/0a2a8b96-9b45-4a64-aebc-b944a034cfbe/in_use.lock acquired by nodename 3678@trunk-nightly-hmp62-43275749
2019-07-13 09:26:30,037 INFO  storage.RaftStorageDirectory (RaftStorageDirectory.java:tryLock(328)) - Lock on /tmp/workdir/hadoop-ozone/integration-test/target/test-dir/MiniOzoneClusterImpl-52da5e4c-509f-4cd4-9220-bd6b1bde4901/datanode-0/data/ratis/0a2a8b96-9b45-4a64-aebc-b944a034cfbe/in_use.lock acquired by nodename 3678@trunk-nightly-hmp62-43275749
2019-07-13 09:26:30,037 INFO  storage.RaftStorageDirectory (RaftStorageDirectory.java:tryLock(328)) - Lock on /tmp/workdir/hadoop-ozone/integration-test/target/test-dir/MiniOzoneClusterImpl-52da5e4c-509f-4cd4-9220-bd6b1bde4901/datanode-1/data/ratis/0a2a8b96-9b45-4a64-aebc-b944a034cfbe/in_use.lock acquired by nodename 3678@trunk-nightly-hmp62-43275749
2019-07-13 09:26:30,052 INFO  storage.RaftStorage (RaftStorage.java:format(72)) - Storage directory /tmp/workdir/hadoop-ozone/integration-test/target/test-dir/MiniOzoneClusterImpl-52da5e4c-509f-4cd4-9220-bd6b1bde4901/datanode-0/data/ratis/0a2a8b96-9b45-4a64-aebc-b944a034cfbe has been successfully formatted.
2019-07-13 09:26:30,052 INFO  storage.RaftStorage (RaftStorage.java:format(72)) - Storage directory /tmp/workdir/hadoop-ozone/integration-test/target/test-dir/MiniOzoneClusterImpl-52da5e4c-509f-4cd4-9220-bd6b1bde4901/datanode-2/data/ratis/0a2a8b96-9b45-4a64-aebc-b944a034cfbe has been successfully formatted.
2019-07-13 09:26:30,052 INFO  storage.RaftStorage (RaftStorage.java:format(72)) - Storage directory /tmp/workdir/hadoop-ozone/integration-test/target/test-dir/MiniOzoneClusterImpl-52da5e4c-509f-4cd4-9220-bd6b1bde4901/datanode-1/data/ratis/0a2a8b96-9b45-4a64-aebc-b944a034cfbe has been successfully formatted.
2019-07-13 09:26:30,052 INFO  ratis.ContainerStateMachine (ContainerStateMachine.java:loadSnapshot(200)) - The snapshot info is null.Setting the last applied index to:(t:0, i:~)
2019-07-13 09:26:30,052 INFO  ratis.ContainerStateMachine (ContainerStateMachine.java:loadSnapshot(200)) - The snapshot info is null.Setting the last applied index to:(t:0, i:~)
2019-07-13 09:26:30,052 INFO  ratis.ContainerStateMachine (ContainerStateMachine.java:loadSnapshot(200)) - The snapshot info is null.Setting the last applied index to:(t:0, i:~)
2019-07-13 09:26:30,052 INFO  server.RaftServerConfigKeys (ConfUtils.java:logGet(43)) - raft.server.leader.election.timeout = 120s (custom)
2019-07-13 09:26:30,053 INFO  server.RaftServerConfigKeys (ConfUtils.java:logGet(43)) - raft.server.leader.election.timeout = 120s (custom)
2019-07-13 09:26:30,052 INFO  server.RaftServerConfigKeys (ConfUtils.java:logGet(43)) - raft.server.leader.election.timeout = 120s (custom)
2019-07-13 09:26:30,053 INFO  server.RaftServerConfigKeys (ConfUtils.java:logGet(43)) - raft.server.log.use.memory = false (default)
2019-07-13 09:26:30,053 INFO  server.RaftServerConfigKeys (ConfUtils.java:logGet(43)) - raft.server.log.use.memory = false (default)
2019-07-13 09:26:30,053 INFO  server.RaftServerConfigKeys (ConfUtils.java:logGet(43)) - raft.server.log.purge.gap = 1000000000 (custom)
2019-07-13 09:26:30,053 INFO  server.RaftServerConfigKeys (ConfUtils.java:logGet(43)) - raft.server.log.use.memory = false (default)
2019-07-13 09:26:30,054 INFO  server.RaftServerConfigKeys (ConfUtils.java:logGet(43)) - raft.server.log.appender.buffer.byte-limit = 33554432 (custom)
2019-07-13 09:26:30,053 INFO  server.RaftServerConfigKeys (ConfUtils.java:logGet(43)) - raft.server.log.purge.gap = 1000000000 (custom)
2019-07-13 09:26:30,054 INFO  server.RaftServerConfigKeys (ConfUtils.java:logGet(43)) - raft.server.log.segment.size.max = 1048576 (custom)
2019-07-13 09:26:30,054 INFO  server.RaftServerConfigKeys (ConfUtils.java:logGet(43)) - raft.server.log.purge.gap = 1000000000 (custom)
2019-07-13 09:26:30,054 INFO  server.RaftServerConfigKeys (ConfUtils.java:logGet(43)) - raft.server.log.segment.cache.num.max = 2 (custom)
2019-07-13 09:26:30,054 INFO  server.RaftServerConfigKeys (ConfUtils.java:logGet(43)) - raft.server.log.appender.buffer.byte-limit = 33554432 (custom)
2019-07-13 09:26:30,055 INFO  segmented.SegmentedRaftLogWorker (SegmentedRaftLogWorker.java:<init>(172)) - new 57439b7a-490c-41b0-9ad7-0055bd36a14e-SegmentedRaftLogWorker:Storage Directory /tmp/workdir/hadoop-ozone/integration-test/target/test-dir/MiniOzoneClusterImpl-52da5e4c-509f-4cd4-9220-bd6b1bde4901/datanode-1/data/ratis/0a2a8b96-9b45-4a64-aebc-b944a034cfbe for RaftStorage:Storage Directory /tmp/workdir/hadoop-ozone/integration-test/target/test-dir/MiniOzoneClusterImpl-52da5e4c-509f-4cd4-9220-bd6b1bde4901/datanode-1/data/ratis/0a2a8b96-9b45-4a64-aebc-b944a034cfbe
2019-07-13 09:26:30,054 INFO  server.RaftServerConfigKeys (ConfUtils.java:logGet(43)) - raft.server.log.appender.buffer.byte-limit = 33554432 (custom)
2019-07-13 09:26:30,055 INFO  server.RaftServerConfigKeys (ConfUtils.java:logGet(43)) - raft.server.log.queue.byte-limit = 2147483647 (custom)
2019-07-13 09:26:30,055 INFO  server.RaftServerConfigKeys (ConfUtils.java:logGet(43)) - raft.server.log.segment.size.max = 1048576 (custom)
2019-07-13 09:26:30,059 INFO  server.RaftServerConfigKeys (ConfUtils.java:logGet(43)) - raft.server.log.queue.element-limit = 1024 (custom)
2019-07-13 09:26:30,055 INFO  server.RaftServerConfigKeys (ConfUtils.java:logGet(43)) - raft.server.log.segment.size.max = 1048576 (custom)
2019-07-13 09:26:30,060 INFO  server.RaftServerConfigKeys (ConfUtils.java:logGet(43)) - raft.server.log.segment.size.max = 1048576 (custom)
2019-07-13 09:26:30,059 INFO  server.RaftServerConfigKeys (ConfUtils.java:logGet(43)) - raft.server.log.segment.cache.num.max = 2 (custom)
2019-07-13 09:26:30,060 INFO  server.RaftServerConfigKeys (ConfUtils.java:logGet(43)) - raft.server.log.preallocated.size = 16384 (custom)
2019-07-13 09:26:30,060 INFO  server.RaftServerConfigKeys (ConfUtils.java:logGet(43)) - raft.server.log.write.buffer.size = 33554432 (custom)
2019-07-13 09:26:30,060 INFO  server.RaftServerConfigKeys (ConfUtils.java:logGet(43)) - raft.server.log.segment.cache.num.max = 2 (custom)
2019-07-13 09:26:30,060 INFO  server.RaftServerConfigKeys (ConfUtils.java:logGet(43)) - raft.server.log.force.sync.num = 128 (default)
2019-07-13 09:26:30,060 INFO  segmented.SegmentedRaftLogWorker (SegmentedRaftLogWorker.java:<init>(172)) - new 5542dfa5-009f-499e-9051-0d7f6e2adeb3-SegmentedRaftLogWorker:Storage Directory /tmp/workdir/hadoop-ozone/integration-test/target/test-dir/MiniOzoneClusterImpl-52da5e4c-509f-4cd4-9220-bd6b1bde4901/datanode-0/data/ratis/0a2a8b96-9b45-4a64-aebc-b944a034cfbe for RaftStorage:Storage Directory /tmp/workdir/hadoop-ozone/integration-test/target/test-dir/MiniOzoneClusterImpl-52da5e4c-509f-4cd4-9220-bd6b1bde4901/datanode-0/data/ratis/0a2a8b96-9b45-4a64-aebc-b944a034cfbe
2019-07-13 09:26:30,061 INFO  server.RaftServerConfigKeys (ConfUtils.java:logGet(43)) - raft.server.log.statemachine.data.sync = true (default)
2019-07-13 09:26:30,061 INFO  segmented.SegmentedRaftLogWorker (SegmentedRaftLogWorker.java:<init>(172)) - new a061601d-874e-448c-a556-55854e34a002-SegmentedRaftLogWorker:Storage Directory /tmp/workdir/hadoop-ozone/integration-test/target/test-dir/MiniOzoneClusterImpl-52da5e4c-509f-4cd4-9220-bd6b1bde4901/datanode-2/data/ratis/0a2a8b96-9b45-4a64-aebc-b944a034cfbe for RaftStorage:Storage Directory /tmp/workdir/hadoop-ozone/integration-test/target/test-dir/MiniOzoneClusterImpl-52da5e4c-509f-4cd4-9220-bd6b1bde4901/datanode-2/data/ratis/0a2a8b96-9b45-4a64-aebc-b944a034cfbe
2019-07-13 09:26:30,061 INFO  server.RaftServerConfigKeys (ConfUtils.java:logGet(43)) - raft.server.log.statemachine.data.sync.timeout = 10s (default)
2019-07-13 09:26:30,061 INFO  server.RaftServerConfigKeys (ConfUtils.java:logGet(43)) - raft.server.log.queue.byte-limit = 2147483647 (custom)
2019-07-13 09:26:30,081 INFO  server.RaftServerConfigKeys (ConfUtils.java:logGet(43)) - raft.server.log.statemachine.data.sync.timeout.retry = -1 (default)
2019-07-13 09:26:30,081 INFO  server.RaftServerConfigKeys (ConfUtils.java:logGet(43)) - raft.server.log.queue.byte-limit = 2147483647 (custom)
2019-07-13 09:26:30,081 INFO  server.RaftServerConfigKeys (ConfUtils.java:logGet(43)) - raft.server.log.statemachine.data.caching.enabled = true (custom)
2019-07-13 09:26:30,081 INFO  server.RaftServerConfigKeys (ConfUtils.java:logGet(43)) - raft.server.log.queue.element-limit = 1024 (custom)
2019-07-13 09:26:30,081 INFO  server.RaftServerConfigKeys (ConfUtils.java:logGet(43)) - raft.server.log.queue.element-limit = 1024 (custom)
2019-07-13 09:26:30,082 INFO  segmented.SegmentedRaftLogWorker (SegmentedRaftLogWorker.java:lambda$new$0(132)) - 57439b7a-490c-41b0-9ad7-0055bd36a14e-SegmentedRaftLogWorker:Storage Directory /tmp/workdir/hadoop-ozone/integration-test/target/test-dir/MiniOzoneClusterImpl-52da5e4c-509f-4cd4-9220-bd6b1bde4901/datanode-1/data/ratis/0a2a8b96-9b45-4a64-aebc-b944a034cfbe: flushIndex: setUnconditionally 0 -> -1
2019-07-13 09:26:30,082 INFO  server.RaftServerConfigKeys (ConfUtils.java:logGet(43)) - raft.server.log.segment.size.max = 1048576 (custom)
2019-07-13 09:26:30,082 INFO  server.RaftServerConfigKeys (ConfUtils.java:logGet(43)) - raft.server.log.segment.size.max = 1048576 (custom)
2019-07-13 09:26:30,082 INFO  server.RaftServerConfigKeys (ConfUtils.java:logGet(43)) - raft.server.snapshot.auto.trigger.enabled = true (custom)
2019-07-13 09:26:30,082 INFO  server.RaftServerConfigKeys (ConfUtils.java:logGet(43)) - raft.server.log.preallocated.size = 16384 (custom)
2019-07-13 09:26:30,083 INFO  server.RaftServerConfigKeys (ConfUtils.java:logGet(43)) - raft.server.snapshot.auto.trigger.threshold = 10000 (custom)
2019-07-13 09:26:30,083 INFO  server.RaftServerConfigKeys (ConfUtils.java:logGet(43)) - raft.server.log.preallocated.size = 16384 (custom)
2019-07-13 09:26:30,083 INFO  server.RaftServerConfigKeys (ConfUtils.java:logGet(43)) - raft.server.retrycache.expirytime = 600000ms (custom)
2019-07-13 09:26:30,083 INFO  server.RaftServerConfigKeys (ConfUtils.java:logGet(43)) - raft.server.log.write.buffer.size = 33554432 (custom)
2019-07-13 09:26:30,084 INFO  impl.RaftServerImpl (RaftServerImpl.java:start(180)) - 57439b7a-490c-41b0-9ad7-0055bd36a14e: start group-B944A034CFBE
2019-07-13 09:26:30,084 INFO  server.RaftServerConfigKeys (ConfUtils.java:logGet(43)) - raft.server.log.force.sync.num = 128 (default)
2019-07-13 09:26:30,084 INFO  server.RaftServerConfigKeys (ConfUtils.java:logGet(43)) - raft.server.log.statemachine.data.sync = true (default)
2019-07-13 09:26:30,083 INFO  server.RaftServerConfigKeys (ConfUtils.java:logGet(43)) - raft.server.log.write.buffer.size = 33554432 (custom)
2019-07-13 09:26:30,084 INFO  server.RaftServerConfigKeys (ConfUtils.java:logGet(43)) - raft.server.log.statemachine.data.sync.timeout = 10s (default)
2019-07-13 09:26:30,084 INFO  impl.RaftServerImpl (RaftServerImpl.java:setRole(171)) - 57439b7a-490c-41b0-9ad7-0055bd36a14e:group-B944A034CFBE changes role from null to FOLLOWER at term 0 for startAsFollower
2019-07-13 09:26:30,084 INFO  server.RaftServerConfigKeys (ConfUtils.java:logGet(43)) - raft.server.log.statemachine.data.sync.timeout.retry = -1 (default)
2019-07-13 09:26:30,084 INFO  server.RaftServerConfigKeys (ConfUtils.java:logGet(43)) - raft.server.log.force.sync.num = 128 (default)
2019-07-13 09:26:30,085 INFO  server.RaftServerConfigKeys (ConfUtils.java:logGet(43)) - raft.server.log.statemachine.data.caching.enabled = true (custom)
2019-07-13 09:26:30,085 INFO  impl.RoleInfo (RoleInfo.java:updateAndGet(143)) - 57439b7a-490c-41b0-9ad7-0055bd36a14e: start FollowerState
2019-07-13 09:26:30,085 INFO  server.RaftServerConfigKeys (ConfUtils.java:logGet(43)) - raft.server.log.statemachine.data.sync = true (default)
2019-07-13 09:26:30,085 INFO  segmented.SegmentedRaftLogWorker (SegmentedRaftLogWorker.java:lambda$new$0(132)) - 5542dfa5-009f-499e-9051-0d7f6e2adeb3-SegmentedRaftLogWorker:Storage Directory /tmp/workdir/hadoop-ozone/integration-test/target/test-dir/MiniOzoneClusterImpl-52da5e4c-509f-4cd4-9220-bd6b1bde4901/datanode-0/data/ratis/0a2a8b96-9b45-4a64-aebc-b944a034cfbe: flushIndex: setUnconditionally 0 -> -1
2019-07-13 09:26:30,086 INFO  util.JmxRegister (JmxRegister.java:tryRegister(44)) - Successfully registered JMX Bean with object name Ratis:service=RaftServer,group=group-B944A034CFBE,id=57439b7a-490c-41b0-9ad7-0055bd36a14e
2019-07-13 09:26:30,086 INFO  server.RaftServerConfigKeys (ConfUtils.java:logGet(43)) - raft.server.log.statemachine.data.sync.timeout = 10s (default)
2019-07-13 09:26:30,086 INFO  server.RaftServerConfigKeys (ConfUtils.java:logGet(43)) - raft.server.snapshot.auto.trigger.enabled = true (custom)
2019-07-13 09:26:30,086 INFO  server.RaftServerConfigKeys (ConfUtils.java:logGet(43)) - raft.server.log.statemachine.data.sync.timeout.retry = -1 (default)
2019-07-13 09:26:30,086 INFO  server.RaftServerConfigKeys (ConfUtils.java:logGet(43)) - raft.server.snapshot.auto.trigger.threshold = 10000 (custom)
2019-07-13 09:26:30,086 INFO  server.RaftServerConfigKeys (ConfUtils.java:logGet(43)) - raft.server.log.statemachine.data.caching.enabled = true (custom)
2019-07-13 09:26:30,087 INFO  server.RaftServerConfigKeys (ConfUtils.java:logGet(43)) - raft.server.retrycache.expirytime = 600000ms (custom)
2019-07-13 09:26:30,087 INFO  impl.RaftServerImpl (RaftServerImpl.java:start(180)) - 5542dfa5-009f-499e-9051-0d7f6e2adeb3: start group-B944A034CFBE
2019-07-13 09:26:30,087 INFO  segmented.SegmentedRaftLogWorker (SegmentedRaftLogWorker.java:lambda$new$0(132)) - a061601d-874e-448c-a556-55854e34a002-SegmentedRaftLogWorker:Storage Directory /tmp/workdir/hadoop-ozone/integration-test/target/test-dir/MiniOzoneClusterImpl-52da5e4c-509f-4cd4-9220-bd6b1bde4901/datanode-2/data/ratis/0a2a8b96-9b45-4a64-aebc-b944a034cfbe: flushIndex: setUnconditionally 0 -> -1
2019-07-13 09:26:30,087 INFO  impl.RaftServerImpl (RaftServerImpl.java:setRole(171)) - 5542dfa5-009f-499e-9051-0d7f6e2adeb3:group-B944A034CFBE changes role from null to FOLLOWER at term 0 for startAsFollower
2019-07-13 09:26:30,087 INFO  impl.RoleInfo (RoleInfo.java:updateAndGet(143)) - 5542dfa5-009f-499e-9051-0d7f6e2adeb3: start FollowerState
2019-07-13 09:26:30,087 INFO  server.RaftServerConfigKeys (ConfUtils.java:logGet(43)) - raft.server.snapshot.auto.trigger.enabled = true (custom)
2019-07-13 09:26:30,088 INFO  server.RaftServerConfigKeys (ConfUtils.java:logGet(43)) - raft.server.snapshot.auto.trigger.threshold = 10000 (custom)
2019-07-13 09:26:30,088 INFO  util.JmxRegister (JmxRegister.java:tryRegister(44)) - Successfully registered JMX Bean with object name Ratis:service=RaftServer,group=group-B944A034CFBE,id=5542dfa5-009f-499e-9051-0d7f6e2adeb3
2019-07-13 09:26:30,088 INFO  server.RaftServerConfigKeys (ConfUtils.java:logGet(43)) - raft.server.retrycache.expirytime = 600000ms (custom)
2019-07-13 09:26:30,092 INFO  impl.RaftServerImpl (RaftServerImpl.java:start(180)) - a061601d-874e-448c-a556-55854e34a002: start group-B944A034CFBE
2019-07-13 09:26:30,093 INFO  impl.RaftServerImpl (RaftServerImpl.java:setRole(171)) - a061601d-874e-448c-a556-55854e34a002:group-B944A034CFBE changes role from null to FOLLOWER at term 0 for startAsFollower
2019-07-13 09:26:30,093 INFO  impl.RoleInfo (RoleInfo.java:updateAndGet(143)) - a061601d-874e-448c-a556-55854e34a002: start FollowerState
2019-07-13 09:26:30,093 INFO  util.JmxRegister (JmxRegister.java:tryRegister(44)) - Successfully registered JMX Bean with object name Ratis:service=RaftServer,group=group-B944A034CFBE,id=a061601d-874e-448c-a556-55854e34a002
2019-07-13 09:26:30,104 INFO  pipeline.PipelineStateManager (PipelineStateManager.java:addPipeline(56)) - Created pipeline Pipeline[ Id: 0a2a8b96-9b45-4a64-aebc-b944a034cfbe, Nodes: 5542dfa5-009f-499e-9051-0d7f6e2adeb3{ip: 192.168.69.96, host: trunk-nightly-hmp62-43275749, networkLocation: /default-rack, certSerialId: null}a061601d-874e-448c-a556-55854e34a002{ip: 192.168.69.96, host: trunk-nightly-hmp62-43275749, networkLocation: /default-rack, certSerialId: null}57439b7a-490c-41b0-9ad7-0055bd36a14e{ip: 192.168.69.96, host: trunk-nightly-hmp62-43275749, networkLocation: /default-rack, certSerialId: null}, Type:RATIS, Factor:THREE, State:OPEN]
2019-07-13 09:26:30,128 INFO  node.SCMNodeManager (SCMNodeManager.java:register(269)) - Registered Data node : 4657badc-a881-4269-9d24-00b2923850e9{ip: 192.168.69.96, host: trunk-nightly-hmp62-43275749, networkLocation: /default-rack, certSerialId: null}
2019-07-13 09:26:30,148 INFO  impl.RaftServerProxy (RaftServerProxy.java:addNew(89)) - 4657badc-a881-4269-9d24-00b2923850e9: addNew group-0DDE733CECA1:[4657badc-a881-4269-9d24-00b2923850e9:192.168.69.96:36588] returns group-0DDE733CECA1:java.util.concurrent.CompletableFuture@62b66d59[Not completed]
2019-07-13 09:26:30,149 INFO  impl.RaftServerImpl (RaftServerImpl.java:<init>(93)) - 4657badc-a881-4269-9d24-00b2923850e9: new RaftServerImpl for group-0DDE733CECA1:[4657badc-a881-4269-9d24-00b2923850e9:192.168.69.96:36588] with ContainerStateMachine:uninitialized
2019-07-13 09:26:30,150 INFO  server.RaftServerConfigKeys (ConfUtils.java:logGet(43)) - raft.server.rpc.timeout.min = 5s (custom)
2019-07-13 09:26:30,150 INFO  server.RaftServerConfigKeys (ConfUtils.java:logGet(43)) - raft.server.rpc.timeout.max = 5200ms (custom)
2019-07-13 09:26:30,150 INFO  server.RaftServerConfigKeys (ConfUtils.java:logGet(43)) - raft.server.rpcslowness.timeout = 120s (custom)
2019-07-13 09:26:30,150 INFO  server.RaftServerConfigKeys (ConfUtils.java:logGet(43)) - raft.server.sleep.deviation.threshold = 300 (default)
2019-07-13 09:26:30,150 INFO  server.RaftServerConfigKeys (ConfUtils.java:logGet(43)) - raft.server.log.appender.install.snapshot.enabled = false (custom)
2019-07-13 09:26:30,150 INFO  impl.RaftServerImpl (ServerState.java:<init>(105)) - 4657badc-a881-4269-9d24-00b2923850e9:group-0DDE733CECA1 ConfigurationManager, init=-1: [4657badc-a881-4269-9d24-00b2923850e9:192.168.69.96:36588], old=null, confs=<EMPTY_MAP>
2019-07-13 09:26:30,150 INFO  server.RaftServerConfigKeys (ConfUtils.java:logGet(43)) - raft.server.storage.dir = [/tmp/workdir/hadoop-ozone/integration-test/target/test-dir/MiniOzoneClusterImpl-52da5e4c-509f-4cd4-9220-bd6b1bde4901/datanode-3/data/ratis] (custom)
2019-07-13 09:26:30,151 INFO  storage.RaftStorageDirectory (RaftStorageDirectory.java:analyzeStorage(246)) - The storage directory /tmp/workdir/hadoop-ozone/integration-test/target/test-dir/MiniOzoneClusterImpl-52da5e4c-509f-4cd4-9220-bd6b1bde4901/datanode-3/data/ratis/1bade0b4-693b-4132-a669-0dde733ceca1 does not exist. Creating ...
2019-07-13 09:26:30,164 INFO  storage.RaftStorageDirectory (RaftStorageDirectory.java:tryLock(328)) - Lock on /tmp/workdir/hadoop-ozone/integration-test/target/test-dir/MiniOzoneClusterImpl-52da5e4c-509f-4cd4-9220-bd6b1bde4901/datanode-3/data/ratis/1bade0b4-693b-4132-a669-0dde733ceca1/in_use.lock acquired by nodename 3678@trunk-nightly-hmp62-43275749
2019-07-13 09:26:30,177 INFO  storage.RaftStorage (RaftStorage.java:format(72)) - Storage directory /tmp/workdir/hadoop-ozone/integration-test/target/test-dir/MiniOzoneClusterImpl-52da5e4c-509f-4cd4-9220-bd6b1bde4901/datanode-3/data/ratis/1bade0b4-693b-4132-a669-0dde733ceca1 has been successfully formatted.
2019-07-13 09:26:30,177 INFO  ratis.ContainerStateMachine (ContainerStateMachine.java:loadSnapshot(200)) - The snapshot info is null.Setting the last applied index to:(t:0, i:~)
2019-07-13 09:26:30,178 INFO  server.RaftServerConfigKeys (ConfUtils.java:logGet(43)) - raft.server.leader.election.timeout = 120s (custom)
2019-07-13 09:26:30,178 INFO  server.RaftServerConfigKeys (ConfUtils.java:logGet(43)) - raft.server.log.use.memory = false (default)
2019-07-13 09:26:30,178 INFO  server.RaftServerConfigKeys (ConfUtils.java:logGet(43)) - raft.server.log.purge.gap = 1000000000 (custom)
2019-07-13 09:26:30,178 INFO  server.RaftServerConfigKeys (ConfUtils.java:logGet(43)) - raft.server.log.appender.buffer.byte-limit = 33554432 (custom)
2019-07-13 09:26:30,178 INFO  server.RaftServerConfigKeys (ConfUtils.java:logGet(43)) - raft.server.log.segment.size.max = 1048576 (custom)
2019-07-13 09:26:30,178 INFO  server.RaftServerConfigKeys (ConfUtils.java:logGet(43)) - raft.server.log.segment.cache.num.max = 2 (custom)
2019-07-13 09:26:30,179 INFO  segmented.SegmentedRaftLogWorker (SegmentedRaftLogWorker.java:<init>(172)) - new 4657badc-a881-4269-9d24-00b2923850e9-SegmentedRaftLogWorker:Storage Directory /tmp/workdir/hadoop-ozone/integration-test/target/test-dir/MiniOzoneClusterImpl-52da5e4c-509f-4cd4-9220-bd6b1bde4901/datanode-3/data/ratis/1bade0b4-693b-4132-a669-0dde733ceca1 for RaftStorage:Storage Directory /tmp/workdir/hadoop-ozone/integration-test/target/test-dir/MiniOzoneClusterImpl-52da5e4c-509f-4cd4-9220-bd6b1bde4901/datanode-3/data/ratis/1bade0b4-693b-4132-a669-0dde733ceca1
2019-07-13 09:26:30,179 INFO  server.RaftServerConfigKeys (ConfUtils.java:logGet(43)) - raft.server.log.queue.byte-limit = 2147483647 (custom)
2019-07-13 09:26:30,179 INFO  server.RaftServerConfigKeys (ConfUtils.java:logGet(43)) - raft.server.log.queue.element-limit = 1024 (custom)
2019-07-13 09:26:30,179 INFO  server.RaftServerConfigKeys (ConfUtils.java:logGet(43)) - raft.server.log.segment.size.max = 1048576 (custom)
2019-07-13 09:26:30,179 INFO  server.RaftServerConfigKeys (ConfUtils.java:logGet(43)) - raft.server.log.preallocated.size = 16384 (custom)
2019-07-13 09:26:30,180 INFO  server.RaftServerConfigKeys (ConfUtils.java:logGet(43)) - raft.server.log.write.buffer.size = 33554432 (custom)
2019-07-13 09:26:30,180 INFO  server.RaftServerConfigKeys (ConfUtils.java:logGet(43)) - raft.server.log.force.sync.num = 128 (default)
2019-07-13 09:26:30,180 INFO  server.RaftServerConfigKeys (ConfUtils.java:logGet(43)) - raft.server.log.statemachine.data.sync = true (default)
2019-07-13 09:26:30,180 INFO  server.RaftServerConfigKeys (ConfUtils.java:logGet(43)) - raft.server.log.statemachine.data.sync.timeout = 10s (default)
2019-07-13 09:26:30,180 INFO  server.RaftServerConfigKeys (ConfUtils.java:logGet(43)) - raft.server.log.statemachine.data.sync.timeout.retry = -1 (default)
2019-07-13 09:26:30,181 INFO  server.RaftServerConfigKeys (ConfUtils.java:logGet(43)) - raft.server.log.statemachine.data.caching.enabled = true (custom)
2019-07-13 09:26:30,181 INFO  segmented.SegmentedRaftLogWorker (SegmentedRaftLogWorker.java:lambda$new$0(132)) - 4657badc-a881-4269-9d24-00b2923850e9-SegmentedRaftLogWorker:Storage Directory /tmp/workdir/hadoop-ozone/integration-test/target/test-dir/MiniOzoneClusterImpl-52da5e4c-509f-4cd4-9220-bd6b1bde4901/datanode-3/data/ratis/1bade0b4-693b-4132-a669-0dde733ceca1: flushIndex: setUnconditionally 0 -> -1
2019-07-13 09:26:30,181 INFO  server.RaftServerConfigKeys (ConfUtils.java:logGet(43)) - raft.server.snapshot.auto.trigger.enabled = true (custom)
2019-07-13 09:26:30,181 INFO  server.RaftServerConfigKeys (ConfUtils.java:logGet(43)) - raft.server.snapshot.auto.trigger.threshold = 10000 (custom)
2019-07-13 09:26:30,182 INFO  server.RaftServerConfigKeys (ConfUtils.java:logGet(43)) - raft.server.retrycache.expirytime = 600000ms (custom)
2019-07-13 09:26:30,182 INFO  impl.RaftServerImpl (RaftServerImpl.java:start(180)) - 4657badc-a881-4269-9d24-00b2923850e9: start group-0DDE733CECA1
2019-07-13 09:26:30,182 INFO  impl.RaftServerImpl (RaftServerImpl.java:setRole(171)) - 4657badc-a881-4269-9d24-00b2923850e9:group-0DDE733CECA1 changes role from null to FOLLOWER at term 0 for startAsFollower
2019-07-13 09:26:30,182 INFO  impl.RoleInfo (RoleInfo.java:updateAndGet(143)) - 4657badc-a881-4269-9d24-00b2923850e9: start FollowerState
2019-07-13 09:26:30,201 INFO  util.JmxRegister (JmxRegister.java:tryRegister(44)) - Successfully registered JMX Bean with object name Ratis:service=RaftServer,group=group-0DDE733CECA1,id=4657badc-a881-4269-9d24-00b2923850e9
2019-07-13 09:26:30,227 INFO  pipeline.PipelineStateManager (PipelineStateManager.java:addPipeline(56)) - Created pipeline Pipeline[ Id: 1bade0b4-693b-4132-a669-0dde733ceca1, Nodes: 4657badc-a881-4269-9d24-00b2923850e9{ip: 192.168.69.96, host: trunk-nightly-hmp62-43275749, networkLocation: /default-rack, certSerialId: null}, Type:RATIS, Factor:ONE, State:OPEN]
2019-07-13 09:26:30,343 INFO  node.SCMNodeManager (SCMNodeManager.java:register(269)) - Registered Data node : a0ca5ab1-38c1-47f3-a316-6e4e920a7449{ip: 192.168.69.96, host: trunk-nightly-hmp62-43275749, networkLocation: /default-rack, certSerialId: null}
2019-07-13 09:26:30,363 INFO  impl.RaftServerProxy (RaftServerProxy.java:addNew(89)) - a0ca5ab1-38c1-47f3-a316-6e4e920a7449: addNew group-33A5C52C1C0A:[a0ca5ab1-38c1-47f3-a316-6e4e920a7449:192.168.69.96:41452] returns group-33A5C52C1C0A:java.util.concurrent.CompletableFuture@2c05316b[Not completed]
2019-07-13 09:26:30,365 INFO  impl.RaftServerImpl (RaftServerImpl.java:<init>(93)) - a0ca5ab1-38c1-47f3-a316-6e4e920a7449: new RaftServerImpl for group-33A5C52C1C0A:[a0ca5ab1-38c1-47f3-a316-6e4e920a7449:192.168.69.96:41452] with ContainerStateMachine:uninitialized
2019-07-13 09:26:30,366 INFO  server.RaftServerConfigKeys (ConfUtils.java:logGet(43)) - raft.server.rpc.timeout.min = 5s (custom)
2019-07-13 09:26:30,366 INFO  server.RaftServerConfigKeys (ConfUtils.java:logGet(43)) - raft.server.rpc.timeout.max = 5200ms (custom)
2019-07-13 09:26:30,366 INFO  server.RaftServerConfigKeys (ConfUtils.java:logGet(43)) - raft.server.rpcslowness.timeout = 120s (custom)
2019-07-13 09:26:30,366 INFO  server.RaftServerConfigKeys (ConfUtils.java:logGet(43)) - raft.server.sleep.deviation.threshold = 300 (default)
2019-07-13 09:26:30,366 INFO  server.RaftServerConfigKeys (ConfUtils.java:logGet(43)) - raft.server.log.appender.install.snapshot.enabled = false (custom)
2019-07-13 09:26:30,366 INFO  impl.RaftServerImpl (ServerState.java:<init>(105)) - a0ca5ab1-38c1-47f3-a316-6e4e920a7449:group-33A5C52C1C0A ConfigurationManager, init=-1: [a0ca5ab1-38c1-47f3-a316-6e4e920a7449:192.168.69.96:41452], old=null, confs=<EMPTY_MAP>
2019-07-13 09:26:30,367 INFO  server.RaftServerConfigKeys (ConfUtils.java:logGet(43)) - raft.server.storage.dir = [/tmp/workdir/hadoop-ozone/integration-test/target/test-dir/MiniOzoneClusterImpl-52da5e4c-509f-4cd4-9220-bd6b1bde4901/datanode-4/data/ratis] (custom)
2019-07-13 09:26:30,367 INFO  storage.RaftStorageDirectory (RaftStorageDirectory.java:analyzeStorage(246)) - The storage directory /tmp/workdir/hadoop-ozone/integration-test/target/test-dir/MiniOzoneClusterImpl-52da5e4c-509f-4cd4-9220-bd6b1bde4901/datanode-4/data/ratis/44ef5f92-7a80-49b1-9e56-33a5c52c1c0a does not exist. Creating ...
2019-07-13 09:26:30,381 INFO  storage.RaftStorageDirectory (RaftStorageDirectory.java:tryLock(328)) - Lock on /tmp/workdir/hadoop-ozone/integration-test/target/test-dir/MiniOzoneClusterImpl-52da5e4c-509f-4cd4-9220-bd6b1bde4901/datanode-4/data/ratis/44ef5f92-7a80-49b1-9e56-33a5c52c1c0a/in_use.lock acquired by nodename 3678@trunk-nightly-hmp62-43275749
2019-07-13 09:26:30,394 INFO  storage.RaftStorage (RaftStorage.java:format(72)) - Storage directory /tmp/workdir/hadoop-ozone/integration-test/target/test-dir/MiniOzoneClusterImpl-52da5e4c-509f-4cd4-9220-bd6b1bde4901/datanode-4/data/ratis/44ef5f92-7a80-49b1-9e56-33a5c52c1c0a has been successfully formatted.
2019-07-13 09:26:30,394 INFO  ratis.ContainerStateMachine (ContainerStateMachine.java:loadSnapshot(200)) - The snapshot info is null.Setting the last applied index to:(t:0, i:~)
2019-07-13 09:26:30,394 INFO  server.RaftServerConfigKeys (ConfUtils.java:logGet(43)) - raft.server.leader.election.timeout = 120s (custom)
2019-07-13 09:26:30,394 INFO  server.RaftServerConfigKeys (ConfUtils.java:logGet(43)) - raft.server.log.use.memory = false (default)
2019-07-13 09:26:30,395 INFO  server.RaftServerConfigKeys (ConfUtils.java:logGet(43)) - raft.server.log.purge.gap = 1000000000 (custom)
2019-07-13 09:26:30,395 INFO  server.RaftServerConfigKeys (ConfUtils.java:logGet(43)) - raft.server.log.appender.buffer.byte-limit = 33554432 (custom)
2019-07-13 09:26:30,395 INFO  server.RaftServerConfigKeys (ConfUtils.java:logGet(43)) - raft.server.log.segment.size.max = 1048576 (custom)
2019-07-13 09:26:30,395 INFO  server.RaftServerConfigKeys (ConfUtils.java:logGet(43)) - raft.server.log.segment.cache.num.max = 2 (custom)
2019-07-13 09:26:30,395 INFO  segmented.SegmentedRaftLogWorker (SegmentedRaftLogWorker.java:<init>(172)) - new a0ca5ab1-38c1-47f3-a316-6e4e920a7449-SegmentedRaftLogWorker:Storage Directory /tmp/workdir/hadoop-ozone/integration-test/target/test-dir/MiniOzoneClusterImpl-52da5e4c-509f-4cd4-9220-bd6b1bde4901/datanode-4/data/ratis/44ef5f92-7a80-49b1-9e56-33a5c52c1c0a for RaftStorage:Storage Directory /tmp/workdir/hadoop-ozone/integration-test/target/test-dir/MiniOzoneClusterImpl-52da5e4c-509f-4cd4-9220-bd6b1bde4901/datanode-4/data/ratis/44ef5f92-7a80-49b1-9e56-33a5c52c1c0a
2019-07-13 09:26:30,395 INFO  server.RaftServerConfigKeys (ConfUtils.java:logGet(43)) - raft.server.log.queue.byte-limit = 2147483647 (custom)
2019-07-13 09:26:30,396 INFO  server.RaftServerConfigKeys (ConfUtils.java:logGet(43)) - raft.server.log.queue.element-limit = 1024 (custom)
2019-07-13 09:26:30,396 INFO  server.RaftServerConfigKeys (ConfUtils.java:logGet(43)) - raft.server.log.segment.size.max = 1048576 (custom)
2019-07-13 09:26:30,396 INFO  server.RaftServerConfigKeys (ConfUtils.java:logGet(43)) - raft.server.log.preallocated.size = 16384 (custom)
2019-07-13 09:26:30,396 INFO  server.RaftServerConfigKeys (ConfUtils.java:logGet(43)) - raft.server.log.write.buffer.size = 33554432 (custom)
2019-07-13 09:26:30,397 INFO  server.RaftServerConfigKeys (ConfUtils.java:logGet(43)) - raft.server.log.force.sync.num = 128 (default)
2019-07-13 09:26:30,397 INFO  server.RaftServerConfigKeys (ConfUtils.java:logGet(43)) - raft.server.log.statemachine.data.sync = true (default)
2019-07-13 09:26:30,397 INFO  server.RaftServerConfigKeys (ConfUtils.java:logGet(43)) - raft.server.log.statemachine.data.sync.timeout = 10s (default)
2019-07-13 09:26:30,397 INFO  server.RaftServerConfigKeys (ConfUtils.java:logGet(43)) - raft.server.log.statemachine.data.sync.timeout.retry = -1 (default)
2019-07-13 09:26:30,397 INFO  server.RaftServerConfigKeys (ConfUtils.java:logGet(43)) - raft.server.log.statemachine.data.caching.enabled = true (custom)
2019-07-13 09:26:30,398 INFO  segmented.SegmentedRaftLogWorker (SegmentedRaftLogWorker.java:lambda$new$0(132)) - a0ca5ab1-38c1-47f3-a316-6e4e920a7449-SegmentedRaftLogWorker:Storage Directory /tmp/workdir/hadoop-ozone/integration-test/target/test-dir/MiniOzoneClusterImpl-52da5e4c-509f-4cd4-9220-bd6b1bde4901/datanode-4/data/ratis/44ef5f92-7a80-49b1-9e56-33a5c52c1c0a: flushIndex: setUnconditionally 0 -> -1
2019-07-13 09:26:30,398 INFO  server.RaftServerConfigKeys (ConfUtils.java:logGet(43)) - raft.server.snapshot.auto.trigger.enabled = true (custom)
2019-07-13 09:26:30,398 INFO  server.RaftServerConfigKeys (ConfUtils.java:logGet(43)) - raft.server.snapshot.auto.trigger.threshold = 10000 (custom)
2019-07-13 09:26:30,399 INFO  server.RaftServerConfigKeys (ConfUtils.java:logGet(43)) - raft.server.retrycache.expirytime = 600000ms (custom)
2019-07-13 09:26:30,399 INFO  impl.RaftServerImpl (RaftServerImpl.java:start(180)) - a0ca5ab1-38c1-47f3-a316-6e4e920a7449: start group-33A5C52C1C0A
2019-07-13 09:26:30,399 INFO  impl.RaftServerImpl (RaftServerImpl.java:setRole(171)) - a0ca5ab1-38c1-47f3-a316-6e4e920a7449:group-33A5C52C1C0A changes role from null to FOLLOWER at term 0 for startAsFollower
2019-07-13 09:26:30,399 INFO  impl.RoleInfo (RoleInfo.java:updateAndGet(143)) - a0ca5ab1-38c1-47f3-a316-6e4e920a7449: start FollowerState
2019-07-13 09:26:30,401 INFO  util.JmxRegister (JmxRegister.java:tryRegister(44)) - Successfully registered JMX Bean with object name Ratis:service=RaftServer,group=group-33A5C52C1C0A,id=a0ca5ab1-38c1-47f3-a316-6e4e920a7449
2019-07-13 09:26:30,408 INFO  pipeline.PipelineStateManager (PipelineStateManager.java:addPipeline(56)) - Created pipeline Pipeline[ Id: 44ef5f92-7a80-49b1-9e56-33a5c52c1c0a, Nodes: a0ca5ab1-38c1-47f3-a316-6e4e920a7449{ip: 192.168.69.96, host: trunk-nightly-hmp62-43275749, networkLocation: /default-rack, certSerialId: null}, Type:RATIS, Factor:ONE, State:OPEN]
2019-07-13 09:26:30,568 INFO  node.SCMNodeManager (SCMNodeManager.java:register(269)) - Registered Data node : a0827f52-1715-42dc-9b30-a3361a171a27{ip: 192.168.69.96, host: trunk-nightly-hmp62-43275749, networkLocation: /default-rack, certSerialId: null}
2019-07-13 09:26:30,606 INFO  impl.RaftServerProxy (RaftServerProxy.java:addNew(89)) - a0827f52-1715-42dc-9b30-a3361a171a27: addNew group-B48297C5CD98:[a0827f52-1715-42dc-9b30-a3361a171a27:192.168.69.96:41565] returns group-B48297C5CD98:java.util.concurrent.CompletableFuture@6f0d2a16[Not completed]
2019-07-13 09:26:30,608 INFO  impl.RaftServerImpl (RaftServerImpl.java:<init>(93)) - a0827f52-1715-42dc-9b30-a3361a171a27: new RaftServerImpl for group-B48297C5CD98:[a0827f52-1715-42dc-9b30-a3361a171a27:192.168.69.96:41565] with ContainerStateMachine:uninitialized
2019-07-13 09:26:30,608 INFO  server.RaftServerConfigKeys (ConfUtils.java:logGet(43)) - raft.server.rpc.timeout.min = 5s (custom)
2019-07-13 09:26:30,608 INFO  server.RaftServerConfigKeys (ConfUtils.java:logGet(43)) - raft.server.rpc.timeout.max = 5200ms (custom)
2019-07-13 09:26:30,608 INFO  server.RaftServerConfigKeys (ConfUtils.java:logGet(43)) - raft.server.rpcslowness.timeout = 120s (custom)
2019-07-13 09:26:30,609 INFO  server.RaftServerConfigKeys (ConfUtils.java:logGet(43)) - raft.server.sleep.deviation.threshold = 300 (default)
2019-07-13 09:26:30,609 INFO  server.RaftServerConfigKeys (ConfUtils.java:logGet(43)) - raft.server.log.appender.install.snapshot.enabled = false (custom)
2019-07-13 09:26:30,609 INFO  impl.RaftServerImpl (ServerState.java:<init>(105)) - a0827f52-1715-42dc-9b30-a3361a171a27:group-B48297C5CD98 ConfigurationManager, init=-1: [a0827f52-1715-42dc-9b30-a3361a171a27:192.168.69.96:41565], old=null, confs=<EMPTY_MAP>
2019-07-13 09:26:30,609 INFO  server.RaftServerConfigKeys (ConfUtils.java:logGet(43)) - raft.server.storage.dir = [/tmp/workdir/hadoop-ozone/integration-test/target/test-dir/MiniOzoneClusterImpl-52da5e4c-509f-4cd4-9220-bd6b1bde4901/datanode-5/data/ratis] (custom)
2019-07-13 09:26:30,610 INFO  storage.RaftStorageDirectory (RaftStorageDirectory.java:analyzeStorage(246)) - The storage directory /tmp/workdir/hadoop-ozone/integration-test/target/test-dir/MiniOzoneClusterImpl-52da5e4c-509f-4cd4-9220-bd6b1bde4901/datanode-5/data/ratis/cd2c5687-ccf5-4df7-9a50-b48297c5cd98 does not exist. Creating ...
2019-07-13 09:26:30,623 INFO  storage.RaftStorageDirectory (RaftStorageDirectory.java:tryLock(328)) - Lock on /tmp/workdir/hadoop-ozone/integration-test/target/test-dir/MiniOzoneClusterImpl-52da5e4c-509f-4cd4-9220-bd6b1bde4901/datanode-5/data/ratis/cd2c5687-ccf5-4df7-9a50-b48297c5cd98/in_use.lock acquired by nodename 3678@trunk-nightly-hmp62-43275749
2019-07-13 09:26:30,649 INFO  storage.RaftStorage (RaftStorage.java:format(72)) - Storage directory /tmp/workdir/hadoop-ozone/integration-test/target/test-dir/MiniOzoneClusterImpl-52da5e4c-509f-4cd4-9220-bd6b1bde4901/datanode-5/data/ratis/cd2c5687-ccf5-4df7-9a50-b48297c5cd98 has been successfully formatted.
2019-07-13 09:26:30,650 INFO  ratis.ContainerStateMachine (ContainerStateMachine.java:loadSnapshot(200)) - The snapshot info is null.Setting the last applied index to:(t:0, i:~)
2019-07-13 09:26:30,650 INFO  server.RaftServerConfigKeys (ConfUtils.java:logGet(43)) - raft.server.leader.election.timeout = 120s (custom)
2019-07-13 09:26:30,650 INFO  server.RaftServerConfigKeys (ConfUtils.java:logGet(43)) - raft.server.log.use.memory = false (default)
2019-07-13 09:26:30,650 INFO  server.RaftServerConfigKeys (ConfUtils.java:logGet(43)) - raft.server.log.purge.gap = 1000000000 (custom)
2019-07-13 09:26:30,651 INFO  server.RaftServerConfigKeys (ConfUtils.java:logGet(43)) - raft.server.log.appender.buffer.byte-limit = 33554432 (custom)
2019-07-13 09:26:30,651 INFO  server.RaftServerConfigKeys (ConfUtils.java:logGet(43)) - raft.server.log.segment.size.max = 1048576 (custom)
2019-07-13 09:26:30,651 INFO  server.RaftServerConfigKeys (ConfUtils.java:logGet(43)) - raft.server.log.segment.cache.num.max = 2 (custom)
2019-07-13 09:26:30,651 INFO  segmented.SegmentedRaftLogWorker (SegmentedRaftLogWorker.java:<init>(172)) - new a0827f52-1715-42dc-9b30-a3361a171a27-SegmentedRaftLogWorker:Storage Directory /tmp/workdir/hadoop-ozone/integration-test/target/test-dir/MiniOzoneClusterImpl-52da5e4c-509f-4cd4-9220-bd6b1bde4901/datanode-5/data/ratis/cd2c5687-ccf5-4df7-9a50-b48297c5cd98 for RaftStorage:Storage Directory /tmp/workdir/hadoop-ozone/integration-test/target/test-dir/MiniOzoneClusterImpl-52da5e4c-509f-4cd4-9220-bd6b1bde4901/datanode-5/data/ratis/cd2c5687-ccf5-4df7-9a50-b48297c5cd98
2019-07-13 09:26:30,652 INFO  server.RaftServerConfigKeys (ConfUtils.java:logGet(43)) - raft.server.log.queue.byte-limit = 2147483647 (custom)
2019-07-13 09:26:30,652 INFO  server.RaftServerConfigKeys (ConfUtils.java:logGet(43)) - raft.server.log.queue.element-limit = 1024 (custom)
2019-07-13 09:26:30,652 INFO  server.RaftServerConfigKeys (ConfUtils.java:logGet(43)) - raft.server.log.segment.size.max = 1048576 (custom)
2019-07-13 09:26:30,652 INFO  server.RaftServerConfigKeys (ConfUtils.java:logGet(43)) - raft.server.log.preallocated.size = 16384 (custom)
2019-07-13 09:26:30,653 INFO  server.RaftServerConfigKeys (ConfUtils.java:logGet(43)) - raft.server.log.write.buffer.size = 33554432 (custom)
2019-07-13 09:26:30,653 INFO  server.RaftServerConfigKeys (ConfUtils.java:logGet(43)) - raft.server.log.force.sync.num = 128 (default)
2019-07-13 09:26:30,653 INFO  server.RaftServerConfigKeys (ConfUtils.java:logGet(43)) - raft.server.log.statemachine.data.sync = true (default)
2019-07-13 09:26:30,653 INFO  server.RaftServerConfigKeys (ConfUtils.java:logGet(43)) - raft.server.log.statemachine.data.sync.timeout = 10s (default)
2019-07-13 09:26:30,653 INFO  server.RaftServerConfigKeys (ConfUtils.java:logGet(43)) - raft.server.log.statemachine.data.sync.timeout.retry = -1 (default)
2019-07-13 09:26:30,654 INFO  server.RaftServerConfigKeys (ConfUtils.java:logGet(43)) - raft.server.log.statemachine.data.caching.enabled = true (custom)
2019-07-13 09:26:30,654 INFO  segmented.SegmentedRaftLogWorker (SegmentedRaftLogWorker.java:lambda$new$0(132)) - a0827f52-1715-42dc-9b30-a3361a171a27-SegmentedRaftLogWorker:Storage Directory /tmp/workdir/hadoop-ozone/integration-test/target/test-dir/MiniOzoneClusterImpl-52da5e4c-509f-4cd4-9220-bd6b1bde4901/datanode-5/data/ratis/cd2c5687-ccf5-4df7-9a50-b48297c5cd98: flushIndex: setUnconditionally 0 -> -1
2019-07-13 09:26:30,655 INFO  server.RaftServerConfigKeys (ConfUtils.java:logGet(43)) - raft.server.snapshot.auto.trigger.enabled = true (custom)
2019-07-13 09:26:30,655 INFO  server.RaftServerConfigKeys (ConfUtils.java:logGet(43)) - raft.server.snapshot.auto.trigger.threshold = 10000 (custom)
2019-07-13 09:26:30,655 INFO  server.RaftServerConfigKeys (ConfUtils.java:logGet(43)) - raft.server.retrycache.expirytime = 600000ms (custom)
2019-07-13 09:26:30,655 INFO  impl.RaftServerImpl (RaftServerImpl.java:start(180)) - a0827f52-1715-42dc-9b30-a3361a171a27: start group-B48297C5CD98
2019-07-13 09:26:30,656 INFO  impl.RaftServerImpl (RaftServerImpl.java:setRole(171)) - a0827f52-1715-42dc-9b30-a3361a171a27:group-B48297C5CD98 changes role from null to FOLLOWER at term 0 for startAsFollower
2019-07-13 09:26:30,656 INFO  impl.RoleInfo (RoleInfo.java:updateAndGet(143)) - a0827f52-1715-42dc-9b30-a3361a171a27: start FollowerState
2019-07-13 09:26:30,656 INFO  util.JmxRegister (JmxRegister.java:tryRegister(44)) - Successfully registered JMX Bean with object name Ratis:service=RaftServer,group=group-B48297C5CD98,id=a0827f52-1715-42dc-9b30-a3361a171a27
2019-07-13 09:26:30,666 INFO  pipeline.PipelineStateManager (PipelineStateManager.java:addPipeline(56)) - Created pipeline Pipeline[ Id: cd2c5687-ccf5-4df7-9a50-b48297c5cd98, Nodes: a0827f52-1715-42dc-9b30-a3361a171a27{ip: 192.168.69.96, host: trunk-nightly-hmp62-43275749, networkLocation: /default-rack, certSerialId: null}, Type:RATIS, Factor:ONE, State:OPEN]
2019-07-13 09:26:30,696 INFO  impl.RaftServerProxy (RaftServerProxy.java:addNew(89)) - a0ca5ab1-38c1-47f3-a316-6e4e920a7449: addNew group-04FA6125A4DE:[4657badc-a881-4269-9d24-00b2923850e9:192.168.69.96:36588, a0ca5ab1-38c1-47f3-a316-6e4e920a7449:192.168.69.96:41452, a0827f52-1715-42dc-9b30-a3361a171a27:192.168.69.96:41565] returns group-04FA6125A4DE:java.util.concurrent.CompletableFuture@51c02995[Not completed]
2019-07-13 09:26:30,714 INFO  impl.RaftServerProxy (RaftServerProxy.java:addNew(89)) - 4657badc-a881-4269-9d24-00b2923850e9: addNew group-04FA6125A4DE:[4657badc-a881-4269-9d24-00b2923850e9:192.168.69.96:36588, a0ca5ab1-38c1-47f3-a316-6e4e920a7449:192.168.69.96:41452, a0827f52-1715-42dc-9b30-a3361a171a27:192.168.69.96:41565] returns group-04FA6125A4DE:java.util.concurrent.CompletableFuture@55d95847[Not completed]
2019-07-13 09:26:30,715 INFO  impl.RaftServerProxy (RaftServerProxy.java:addNew(89)) - a0827f52-1715-42dc-9b30-a3361a171a27: addNew group-04FA6125A4DE:[4657badc-a881-4269-9d24-00b2923850e9:192.168.69.96:36588, a0ca5ab1-38c1-47f3-a316-6e4e920a7449:192.168.69.96:41452, a0827f52-1715-42dc-9b30-a3361a171a27:192.168.69.96:41565] returns group-04FA6125A4DE:java.util.concurrent.CompletableFuture@168d1609[Not completed]
2019-07-13 09:26:30,716 INFO  impl.RaftServerImpl (RaftServerImpl.java:<init>(93)) - a0ca5ab1-38c1-47f3-a316-6e4e920a7449: new RaftServerImpl for group-04FA6125A4DE:[4657badc-a881-4269-9d24-00b2923850e9:192.168.69.96:36588, a0ca5ab1-38c1-47f3-a316-6e4e920a7449:192.168.69.96:41452, a0827f52-1715-42dc-9b30-a3361a171a27:192.168.69.96:41565] with ContainerStateMachine:uninitialized
2019-07-13 09:26:30,717 INFO  server.RaftServerConfigKeys (ConfUtils.java:logGet(43)) - raft.server.rpc.timeout.min = 5s (custom)
2019-07-13 09:26:30,717 INFO  server.RaftServerConfigKeys (ConfUtils.java:logGet(43)) - raft.server.rpc.timeout.max = 5200ms (custom)
2019-07-13 09:26:30,717 INFO  server.RaftServerConfigKeys (ConfUtils.java:logGet(43)) - raft.server.rpcslowness.timeout = 120s (custom)
2019-07-13 09:26:30,717 INFO  server.RaftServerConfigKeys (ConfUtils.java:logGet(43)) - raft.server.sleep.deviation.threshold = 300 (default)
2019-07-13 09:26:30,717 INFO  impl.RaftServerImpl (RaftServerImpl.java:<init>(93)) - a0827f52-1715-42dc-9b30-a3361a171a27: new RaftServerImpl for group-04FA6125A4DE:[4657badc-a881-4269-9d24-00b2923850e9:192.168.69.96:36588, a0ca5ab1-38c1-47f3-a316-6e4e920a7449:192.168.69.96:41452, a0827f52-1715-42dc-9b30-a3361a171a27:192.168.69.96:41565] with ContainerStateMachine:uninitialized
2019-07-13 09:26:30,717 INFO  server.RaftServerConfigKeys (ConfUtils.java:logGet(43)) - raft.server.log.appender.install.snapshot.enabled = false (custom)
2019-07-13 09:26:30,717 INFO  server.RaftServerConfigKeys (ConfUtils.java:logGet(43)) - raft.server.rpc.timeout.min = 5s (custom)
2019-07-13 09:26:30,718 INFO  impl.RaftServerImpl (ServerState.java:<init>(105)) - a0ca5ab1-38c1-47f3-a316-6e4e920a7449:group-04FA6125A4DE ConfigurationManager, init=-1: [4657badc-a881-4269-9d24-00b2923850e9:192.168.69.96:36588, a0ca5ab1-38c1-47f3-a316-6e4e920a7449:192.168.69.96:41452, a0827f52-1715-42dc-9b30-a3361a171a27:192.168.69.96:41565], old=null, confs=<EMPTY_MAP>
2019-07-13 09:26:30,718 INFO  server.RaftServerConfigKeys (ConfUtils.java:logGet(43)) - raft.server.rpc.timeout.max = 5200ms (custom)
2019-07-13 09:26:30,718 INFO  server.RaftServerConfigKeys (ConfUtils.java:logGet(43)) - raft.server.storage.dir = [/tmp/workdir/hadoop-ozone/integration-test/target/test-dir/MiniOzoneClusterImpl-52da5e4c-509f-4cd4-9220-bd6b1bde4901/datanode-4/data/ratis] (custom)
2019-07-13 09:26:30,718 INFO  impl.RaftServerImpl (RaftServerImpl.java:<init>(93)) - 4657badc-a881-4269-9d24-00b2923850e9: new RaftServerImpl for group-04FA6125A4DE:[4657badc-a881-4269-9d24-00b2923850e9:192.168.69.96:36588, a0ca5ab1-38c1-47f3-a316-6e4e920a7449:192.168.69.96:41452, a0827f52-1715-42dc-9b30-a3361a171a27:192.168.69.96:41565] with ContainerStateMachine:uninitialized
2019-07-13 09:26:30,718 INFO  server.RaftServerConfigKeys (ConfUtils.java:logGet(43)) - raft.server.rpcslowness.timeout = 120s (custom)
2019-07-13 09:26:30,718 INFO  server.RaftServerConfigKeys (ConfUtils.java:logGet(43)) - raft.server.rpc.timeout.min = 5s (custom)
2019-07-13 09:26:30,718 INFO  server.RaftServerConfigKeys (ConfUtils.java:logGet(43)) - raft.server.sleep.deviation.threshold = 300 (default)
2019-07-13 09:26:30,718 INFO  storage.RaftStorageDirectory (RaftStorageDirectory.java:analyzeStorage(246)) - The storage directory /tmp/workdir/hadoop-ozone/integration-test/target/test-dir/MiniOzoneClusterImpl-52da5e4c-509f-4cd4-9220-bd6b1bde4901/datanode-4/data/ratis/fde64bb6-81ab-486e-a46c-04fa6125a4de does not exist. Creating ...
2019-07-13 09:26:30,719 INFO  server.RaftServerConfigKeys (ConfUtils.java:logGet(43)) - raft.server.log.appender.install.snapshot.enabled = false (custom)
2019-07-13 09:26:30,719 INFO  server.RaftServerConfigKeys (ConfUtils.java:logGet(43)) - raft.server.rpc.timeout.max = 5200ms (custom)
2019-07-13 09:26:30,719 INFO  impl.RaftServerImpl (ServerState.java:<init>(105)) - a0827f52-1715-42dc-9b30-a3361a171a27:group-04FA6125A4DE ConfigurationManager, init=-1: [4657badc-a881-4269-9d24-00b2923850e9:192.168.69.96:36588, a0ca5ab1-38c1-47f3-a316-6e4e920a7449:192.168.69.96:41452, a0827f52-1715-42dc-9b30-a3361a171a27:192.168.69.96:41565], old=null, confs=<EMPTY_MAP>
2019-07-13 09:26:30,719 INFO  server.RaftServerConfigKeys (ConfUtils.java:logGet(43)) - raft.server.rpcslowness.timeout = 120s (custom)
2019-07-13 09:26:30,719 INFO  server.RaftServerConfigKeys (ConfUtils.java:logGet(43)) - raft.server.storage.dir = [/tmp/workdir/hadoop-ozone/integration-test/target/test-dir/MiniOzoneClusterImpl-52da5e4c-509f-4cd4-9220-bd6b1bde4901/datanode-5/data/ratis] (custom)
2019-07-13 09:26:30,719 INFO  server.RaftServerConfigKeys (ConfUtils.java:logGet(43)) - raft.server.sleep.deviation.threshold = 300 (default)
2019-07-13 09:26:30,720 INFO  server.RaftServerConfigKeys (ConfUtils.java:logGet(43)) - raft.server.log.appender.install.snapshot.enabled = false (custom)
2019-07-13 09:26:30,720 INFO  storage.RaftStorageDirectory (RaftStorageDirectory.java:analyzeStorage(246)) - The storage directory /tmp/workdir/hadoop-ozone/integration-test/target/test-dir/MiniOzoneClusterImpl-52da5e4c-509f-4cd4-9220-bd6b1bde4901/datanode-5/data/ratis/fde64bb6-81ab-486e-a46c-04fa6125a4de does not exist. Creating ...
2019-07-13 09:26:30,720 INFO  impl.RaftServerImpl (ServerState.java:<init>(105)) - 4657badc-a881-4269-9d24-00b2923850e9:group-04FA6125A4DE ConfigurationManager, init=-1: [4657badc-a881-4269-9d24-00b2923850e9:192.168.69.96:36588, a0ca5ab1-38c1-47f3-a316-6e4e920a7449:192.168.69.96:41452, a0827f52-1715-42dc-9b30-a3361a171a27:192.168.69.96:41565], old=null, confs=<EMPTY_MAP>
2019-07-13 09:26:30,720 INFO  server.RaftServerConfigKeys (ConfUtils.java:logGet(43)) - raft.server.storage.dir = [/tmp/workdir/hadoop-ozone/integration-test/target/test-dir/MiniOzoneClusterImpl-52da5e4c-509f-4cd4-9220-bd6b1bde4901/datanode-3/data/ratis] (custom)
2019-07-13 09:26:30,721 INFO  storage.RaftStorageDirectory (RaftStorageDirectory.java:analyzeStorage(246)) - The storage directory /tmp/workdir/hadoop-ozone/integration-test/target/test-dir/MiniOzoneClusterImpl-52da5e4c-509f-4cd4-9220-bd6b1bde4901/datanode-3/data/ratis/fde64bb6-81ab-486e-a46c-04fa6125a4de does not exist. Creating ...
2019-07-13 09:26:30,732 INFO  storage.RaftStorageDirectory (RaftStorageDirectory.java:tryLock(328)) - Lock on /tmp/workdir/hadoop-ozone/integration-test/target/test-dir/MiniOzoneClusterImpl-52da5e4c-509f-4cd4-9220-bd6b1bde4901/datanode-4/data/ratis/fde64bb6-81ab-486e-a46c-04fa6125a4de/in_use.lock acquired by nodename 3678@trunk-nightly-hmp62-43275749
2019-07-13 09:26:30,732 INFO  storage.RaftStorageDirectory (RaftStorageDirectory.java:tryLock(328)) - Lock on /tmp/workdir/hadoop-ozone/integration-test/target/test-dir/MiniOzoneClusterImpl-52da5e4c-509f-4cd4-9220-bd6b1bde4901/datanode-3/data/ratis/fde64bb6-81ab-486e-a46c-04fa6125a4de/in_use.lock acquired by nodename 3678@trunk-nightly-hmp62-43275749
2019-07-13 09:26:30,732 INFO  storage.RaftStorageDirectory (RaftStorageDirectory.java:tryLock(328)) - Lock on /tmp/workdir/hadoop-ozone/integration-test/target/test-dir/MiniOzoneClusterImpl-52da5e4c-509f-4cd4-9220-bd6b1bde4901/datanode-5/data/ratis/fde64bb6-81ab-486e-a46c-04fa6125a4de/in_use.lock acquired by nodename 3678@trunk-nightly-hmp62-43275749
2019-07-13 09:26:30,746 INFO  storage.RaftStorage (RaftStorage.java:format(72)) - Storage directory /tmp/workdir/hadoop-ozone/integration-test/target/test-dir/MiniOzoneClusterImpl-52da5e4c-509f-4cd4-9220-bd6b1bde4901/datanode-4/data/ratis/fde64bb6-81ab-486e-a46c-04fa6125a4de has been successfully formatted.
2019-07-13 09:26:30,746 INFO  storage.RaftStorage (RaftStorage.java:format(72)) - Storage directory /tmp/workdir/hadoop-ozone/integration-test/target/test-dir/MiniOzoneClusterImpl-52da5e4c-509f-4cd4-9220-bd6b1bde4901/datanode-5/data/ratis/fde64bb6-81ab-486e-a46c-04fa6125a4de has been successfully formatted.
2019-07-13 09:26:30,746 INFO  ratis.ContainerStateMachine (ContainerStateMachine.java:loadSnapshot(200)) - The snapshot info is null.Setting the last applied index to:(t:0, i:~)
2019-07-13 09:26:30,746 INFO  storage.RaftStorage (RaftStorage.java:format(72)) - Storage directory /tmp/workdir/hadoop-ozone/integration-test/target/test-dir/MiniOzoneClusterImpl-52da5e4c-509f-4cd4-9220-bd6b1bde4901/datanode-3/data/ratis/fde64bb6-81ab-486e-a46c-04fa6125a4de has been successfully formatted.
2019-07-13 09:26:30,746 INFO  server.RaftServerConfigKeys (ConfUtils.java:logGet(43)) - raft.server.leader.election.timeout = 120s (custom)
2019-07-13 09:26:30,746 INFO  ratis.ContainerStateMachine (ContainerStateMachine.java:loadSnapshot(200)) - The snapshot info is null.Setting the last applied index to:(t:0, i:~)
2019-07-13 09:26:30,747 INFO  server.RaftServerConfigKeys (ConfUtils.java:logGet(43)) - raft.server.log.use.memory = false (default)
2019-07-13 09:26:30,747 INFO  ratis.ContainerStateMachine (ContainerStateMachine.java:loadSnapshot(200)) - The snapshot info is null.Setting the last applied index to:(t:0, i:~)
2019-07-13 09:26:30,747 INFO  server.RaftServerConfigKeys (ConfUtils.java:logGet(43)) - raft.server.log.purge.gap = 1000000000 (custom)
2019-07-13 09:26:30,747 INFO  server.RaftServerConfigKeys (ConfUtils.java:logGet(43)) - raft.server.leader.election.timeout = 120s (custom)
2019-07-13 09:26:30,747 INFO  server.RaftServerConfigKeys (ConfUtils.java:logGet(43)) - raft.server.log.appender.buffer.byte-limit = 33554432 (custom)
2019-07-13 09:26:30,747 INFO  server.RaftServerConfigKeys (ConfUtils.java:logGet(43)) - raft.server.leader.election.timeout = 120s (custom)
2019-07-13 09:26:30,748 INFO  server.RaftServerConfigKeys (ConfUtils.java:logGet(43)) - raft.server.log.segment.size.max = 1048576 (custom)
2019-07-13 09:26:30,747 INFO  server.RaftServerConfigKeys (ConfUtils.java:logGet(43)) - raft.server.log.use.memory = false (default)
2019-07-13 09:26:30,748 INFO  server.RaftServerConfigKeys (ConfUtils.java:logGet(43)) - raft.server.log.segment.cache.num.max = 2 (custom)
2019-07-13 09:26:30,748 INFO  server.RaftServerConfigKeys (ConfUtils.java:logGet(43)) - raft.server.log.use.memory = false (default)
2019-07-13 09:26:30,748 INFO  segmented.SegmentedRaftLogWorker (SegmentedRaftLogWorker.java:<init>(172)) - new a0ca5ab1-38c1-47f3-a316-6e4e920a7449-SegmentedRaftLogWorker:Storage Directory /tmp/workdir/hadoop-ozone/integration-test/target/test-dir/MiniOzoneClusterImpl-52da5e4c-509f-4cd4-9220-bd6b1bde4901/datanode-4/data/ratis/fde64bb6-81ab-486e-a46c-04fa6125a4de for RaftStorage:Storage Directory /tmp/workdir/hadoop-ozone/integration-test/target/test-dir/MiniOzoneClusterImpl-52da5e4c-509f-4cd4-9220-bd6b1bde4901/datanode-4/data/ratis/fde64bb6-81ab-486e-a46c-04fa6125a4de
2019-07-13 09:26:30,748 INFO  server.RaftServerConfigKeys (ConfUtils.java:logGet(43)) - raft.server.log.purge.gap = 1000000000 (custom)
2019-07-13 09:26:30,749 INFO  server.RaftServerConfigKeys (ConfUtils.java:logGet(43)) - raft.server.log.queue.byte-limit = 2147483647 (custom)
2019-07-13 09:26:30,749 INFO  server.RaftServerConfigKeys (ConfUtils.java:logGet(43)) - raft.server.log.purge.gap = 1000000000 (custom)
2019-07-13 09:26:30,749 INFO  server.RaftServerConfigKeys (ConfUtils.java:logGet(43)) - raft.server.log.queue.element-limit = 1024 (custom)
2019-07-13 09:26:30,749 INFO  server.RaftServerConfigKeys (ConfUtils.java:logGet(43)) - raft.server.log.appender.buffer.byte-limit = 33554432 (custom)
2019-07-13 09:26:30,749 INFO  server.RaftServerConfigKeys (ConfUtils.java:logGet(43)) - raft.server.log.segment.size.max = 1048576 (custom)
2019-07-13 09:26:30,749 INFO  server.RaftServerConfigKeys (ConfUtils.java:logGet(43)) - raft.server.log.appender.buffer.byte-limit = 33554432 (custom)
2019-07-13 09:26:30,750 INFO  server.RaftServerConfigKeys (ConfUtils.java:logGet(43)) - raft.server.log.preallocated.size = 16384 (custom)
2019-07-13 09:26:30,749 INFO  server.RaftServerConfigKeys (ConfUtils.java:logGet(43)) - raft.server.log.segment.size.max = 1048576 (custom)
2019-07-13 09:26:30,750 INFO  server.RaftServerConfigKeys (ConfUtils.java:logGet(43)) - raft.server.log.write.buffer.size = 33554432 (custom)
2019-07-13 09:26:30,750 INFO  server.RaftServerConfigKeys (ConfUtils.java:logGet(43)) - raft.server.log.force.sync.num = 128 (default)
2019-07-13 09:26:30,750 INFO  server.RaftServerConfigKeys (ConfUtils.java:logGet(43)) - raft.server.log.segment.size.max = 1048576 (custom)
2019-07-13 09:26:30,750 INFO  server.RaftServerConfigKeys (ConfUtils.java:logGet(43)) - raft.server.log.statemachine.data.sync = true (default)
2019-07-13 09:26:30,750 INFO  server.RaftServerConfigKeys (ConfUtils.java:logGet(43)) - raft.server.log.segment.cache.num.max = 2 (custom)
2019-07-13 09:26:30,751 INFO  server.RaftServerConfigKeys (ConfUtils.java:logGet(43)) - raft.server.log.statemachine.data.sync.timeout = 10s (default)
2019-07-13 09:26:30,751 INFO  server.RaftServerConfigKeys (ConfUtils.java:logGet(43)) - raft.server.log.segment.cache.num.max = 2 (custom)
2019-07-13 09:26:30,751 INFO  server.RaftServerConfigKeys (ConfUtils.java:logGet(43)) - raft.server.log.statemachine.data.sync.timeout.retry = -1 (default)
2019-07-13 09:26:30,751 INFO  segmented.SegmentedRaftLogWorker (SegmentedRaftLogWorker.java:<init>(172)) - new a0827f52-1715-42dc-9b30-a3361a171a27-SegmentedRaftLogWorker:Storage Directory /tmp/workdir/hadoop-ozone/integration-test/target/test-dir/MiniOzoneClusterImpl-52da5e4c-509f-4cd4-9220-bd6b1bde4901/datanode-5/data/ratis/fde64bb6-81ab-486e-a46c-04fa6125a4de for RaftStorage:Storage Directory /tmp/workdir/hadoop-ozone/integration-test/target/test-dir/MiniOzoneClusterImpl-52da5e4c-509f-4cd4-9220-bd6b1bde4901/datanode-5/data/ratis/fde64bb6-81ab-486e-a46c-04fa6125a4de
2019-07-13 09:26:30,751 INFO  server.RaftServerConfigKeys (ConfUtils.java:logGet(43)) - raft.server.log.statemachine.data.caching.enabled = true (custom)
2019-07-13 09:26:30,751 INFO  segmented.SegmentedRaftLogWorker (SegmentedRaftLogWorker.java:<init>(172)) - new 4657badc-a881-4269-9d24-00b2923850e9-SegmentedRaftLogWorker:Storage Directory /tmp/workdir/hadoop-ozone/integration-test/target/test-dir/MiniOzoneClusterImpl-52da5e4c-509f-4cd4-9220-bd6b1bde4901/datanode-3/data/ratis/fde64bb6-81ab-486e-a46c-04fa6125a4de for RaftStorage:Storage Directory /tmp/workdir/hadoop-ozone/integration-test/target/test-dir/MiniOzoneClusterImpl-52da5e4c-509f-4cd4-9220-bd6b1bde4901/datanode-3/data/ratis/fde64bb6-81ab-486e-a46c-04fa6125a4de
2019-07-13 09:26:30,752 INFO  server.RaftServerConfigKeys (ConfUtils.java:logGet(43)) - raft.server.log.queue.byte-limit = 2147483647 (custom)
2019-07-13 09:26:30,752 INFO  segmented.SegmentedRaftLogWorker (SegmentedRaftLogWorker.java:lambda$new$0(132)) - a0ca5ab1-38c1-47f3-a316-6e4e920a7449-SegmentedRaftLogWorker:Storage Directory /tmp/workdir/hadoop-ozone/integration-test/target/test-dir/MiniOzoneClusterImpl-52da5e4c-509f-4cd4-9220-bd6b1bde4901/datanode-4/data/ratis/fde64bb6-81ab-486e-a46c-04fa6125a4de: flushIndex: setUnconditionally 0 -> -1
2019-07-13 09:26:30,752 INFO  server.RaftServerConfigKeys (ConfUtils.java:logGet(43)) - raft.server.log.queue.byte-limit = 2147483647 (custom)
2019-07-13 09:26:30,752 INFO  server.RaftServerConfigKeys (ConfUtils.java:logGet(43)) - raft.server.log.queue.element-limit = 1024 (custom)
2019-07-13 09:26:30,752 INFO  server.RaftServerConfigKeys (ConfUtils.java:logGet(43)) - raft.server.snapshot.auto.trigger.enabled = true (custom)
2019-07-13 09:26:30,752 INFO  server.RaftServerConfigKeys (ConfUtils.java:logGet(43)) - raft.server.log.queue.element-limit = 1024 (custom)
2019-07-13 09:26:30,753 INFO  server.RaftServerConfigKeys (ConfUtils.java:logGet(43)) - raft.server.snapshot.auto.trigger.threshold = 10000 (custom)
2019-07-13 09:26:30,753 INFO  server.RaftServerConfigKeys (ConfUtils.java:logGet(43)) - raft.server.log.segment.size.max = 1048576 (custom)
2019-07-13 09:26:30,753 INFO  server.RaftServerConfigKeys (ConfUtils.java:logGet(43)) - raft.server.retrycache.expirytime = 600000ms (custom)
2019-07-13 09:26:30,753 INFO  server.RaftServerConfigKeys (ConfUtils.java:logGet(43)) - raft.server.log.segment.size.max = 1048576 (custom)
2019-07-13 09:26:30,753 INFO  impl.RaftServerImpl (RaftServerImpl.java:start(180)) - a0ca5ab1-38c1-47f3-a316-6e4e920a7449: start group-04FA6125A4DE
2019-07-13 09:26:30,753 INFO  server.RaftServerConfigKeys (ConfUtils.java:logGet(43)) - raft.server.log.preallocated.size = 16384 (custom)
2019-07-13 09:26:30,754 INFO  impl.RaftServerImpl (RaftServerImpl.java:setRole(171)) - a0ca5ab1-38c1-47f3-a316-6e4e920a7449:group-04FA6125A4DE changes role from null to FOLLOWER at term 0 for startAsFollower
2019-07-13 09:26:30,754 INFO  server.RaftServerConfigKeys (ConfUtils.java:logGet(43)) - raft.server.log.preallocated.size = 16384 (custom)
2019-07-13 09:26:30,754 INFO  impl.RoleInfo (RoleInfo.java:updateAndGet(143)) - a0ca5ab1-38c1-47f3-a316-6e4e920a7449: start FollowerState
2019-07-13 09:26:30,754 INFO  server.RaftServerConfigKeys (ConfUtils.java:logGet(43)) - raft.server.log.write.buffer.size = 33554432 (custom)
2019-07-13 09:26:30,754 INFO  server.RaftServerConfigKeys (ConfUtils.java:logGet(43)) - raft.server.log.write.buffer.size = 33554432 (custom)
2019-07-13 09:26:30,754 INFO  server.RaftServerConfigKeys (ConfUtils.java:logGet(43)) - raft.server.log.force.sync.num = 128 (default)
2019-07-13 09:26:30,755 INFO  util.JmxRegister (JmxRegister.java:tryRegister(44)) - Successfully registered JMX Bean with object name Ratis:service=RaftServer,group=group-04FA6125A4DE,id=a0ca5ab1-38c1-47f3-a316-6e4e920a7449
2019-07-13 09:26:30,755 INFO  server.RaftServerConfigKeys (ConfUtils.java:logGet(43)) - raft.server.log.force.sync.num = 128 (default)
2019-07-13 09:26:30,755 INFO  server.RaftServerConfigKeys (ConfUtils.java:logGet(43)) - raft.server.log.statemachine.data.sync = true (default)
2019-07-13 09:26:30,755 INFO  server.RaftServerConfigKeys (ConfUtils.java:logGet(43)) - raft.server.log.statemachine.data.sync = true (default)
2019-07-13 09:26:30,755 INFO  server.RaftServerConfigKeys (ConfUtils.java:logGet(43)) - raft.server.log.statemachine.data.sync.timeout = 10s (default)
2019-07-13 09:26:30,755 INFO  server.RaftServerConfigKeys (ConfUtils.java:logGet(43)) - raft.server.log.statemachine.data.sync.timeout = 10s (default)
2019-07-13 09:26:30,756 INFO  server.RaftServerConfigKeys (ConfUtils.java:logGet(43)) - raft.server.log.statemachine.data.sync.timeout.retry = -1 (default)
2019-07-13 09:26:30,756 INFO  server.RaftServerConfigKeys (ConfUtils.java:logGet(43)) - raft.server.log.statemachine.data.sync.timeout.retry = -1 (default)
2019-07-13 09:26:30,756 INFO  server.RaftServerConfigKeys (ConfUtils.java:logGet(43)) - raft.server.log.statemachine.data.caching.enabled = true (custom)
2019-07-13 09:26:30,756 INFO  server.RaftServerConfigKeys (ConfUtils.java:logGet(43)) - raft.server.log.statemachine.data.caching.enabled = true (custom)
2019-07-13 09:26:30,757 INFO  segmented.SegmentedRaftLogWorker (SegmentedRaftLogWorker.java:lambda$new$0(132)) - a0827f52-1715-42dc-9b30-a3361a171a27-SegmentedRaftLogWorker:Storage Directory /tmp/workdir/hadoop-ozone/integration-test/target/test-dir/MiniOzoneClusterImpl-52da5e4c-509f-4cd4-9220-bd6b1bde4901/datanode-5/data/ratis/fde64bb6-81ab-486e-a46c-04fa6125a4de: flushIndex: setUnconditionally 0 -> -1
2019-07-13 09:26:30,757 INFO  segmented.SegmentedRaftLogWorker (SegmentedRaftLogWorker.java:lambda$new$0(132)) - 4657badc-a881-4269-9d24-00b2923850e9-SegmentedRaftLogWorker:Storage Directory /tmp/workdir/hadoop-ozone/integration-test/target/test-dir/MiniOzoneClusterImpl-52da5e4c-509f-4cd4-9220-bd6b1bde4901/datanode-3/data/ratis/fde64bb6-81ab-486e-a46c-04fa6125a4de: flushIndex: setUnconditionally 0 -> -1
2019-07-13 09:26:30,775 INFO  server.RaftServerConfigKeys (ConfUtils.java:logGet(43)) - raft.server.snapshot.auto.trigger.enabled = true (custom)
2019-07-13 09:26:30,776 INFO  server.RaftServerConfigKeys (ConfUtils.java:logGet(43)) - raft.server.snapshot.auto.trigger.enabled = true (custom)
2019-07-13 09:26:30,776 INFO  server.RaftServerConfigKeys (ConfUtils.java:logGet(43)) - raft.server.snapshot.auto.trigger.threshold = 10000 (custom)
2019-07-13 09:26:30,776 INFO  server.RaftServerConfigKeys (ConfUtils.java:logGet(43)) - raft.server.snapshot.auto.trigger.threshold = 10000 (custom)
2019-07-13 09:26:30,776 INFO  server.RaftServerConfigKeys (ConfUtils.java:logGet(43)) - raft.server.retrycache.expirytime = 600000ms (custom)
2019-07-13 09:26:30,776 INFO  server.RaftServerConfigKeys (ConfUtils.java:logGet(43)) - raft.server.retrycache.expirytime = 600000ms (custom)
2019-07-13 09:26:30,777 INFO  impl.RaftServerImpl (RaftServerImpl.java:start(180)) - a0827f52-1715-42dc-9b30-a3361a171a27: start group-04FA6125A4DE
2019-07-13 09:26:30,777 INFO  impl.RaftServerImpl (RaftServerImpl.java:start(180)) - 4657badc-a881-4269-9d24-00b2923850e9: start group-04FA6125A4DE
2019-07-13 09:26:30,777 INFO  impl.RaftServerImpl (RaftServerImpl.java:setRole(171)) - a0827f52-1715-42dc-9b30-a3361a171a27:group-04FA6125A4DE changes role from null to FOLLOWER at term 0 for startAsFollower
2019-07-13 09:26:30,777 INFO  impl.RaftServerImpl (RaftServerImpl.java:setRole(171)) - 4657badc-a881-4269-9d24-00b2923850e9:group-04FA6125A4DE changes role from null to FOLLOWER at term 0 for startAsFollower
2019-07-13 09:26:30,777 INFO  impl.RoleInfo (RoleInfo.java:updateAndGet(143)) - a0827f52-1715-42dc-9b30-a3361a171a27: start FollowerState
2019-07-13 09:26:30,777 INFO  impl.RoleInfo (RoleInfo.java:updateAndGet(143)) - 4657badc-a881-4269-9d24-00b2923850e9: start FollowerState
2019-07-13 09:26:30,778 INFO  util.JmxRegister (JmxRegister.java:tryRegister(44)) - Successfully registered JMX Bean with object name Ratis:service=RaftServer,group=group-04FA6125A4DE,id=a0827f52-1715-42dc-9b30-a3361a171a27
2019-07-13 09:26:30,778 INFO  util.JmxRegister (JmxRegister.java:tryRegister(44)) - Successfully registered JMX Bean with object name Ratis:service=RaftServer,group=group-04FA6125A4DE,id=4657badc-a881-4269-9d24-00b2923850e9
2019-07-13 09:26:30,781 INFO  ozone.MiniOzoneClusterImpl (MiniOzoneClusterImpl.java:lambda$waitForClusterToBeReady$0(142)) - Waiting for cluster to be ready. Got 6 of 7 DN Heartbeats.
2019-07-13 09:26:30,783 INFO  pipeline.PipelineStateManager (PipelineStateManager.java:addPipeline(56)) - Created pipeline Pipeline[ Id: fde64bb6-81ab-486e-a46c-04fa6125a4de, Nodes: a0ca5ab1-38c1-47f3-a316-6e4e920a7449{ip: 192.168.69.96, host: trunk-nightly-hmp62-43275749, networkLocation: /default-rack, certSerialId: null}4657badc-a881-4269-9d24-00b2923850e9{ip: 192.168.69.96, host: trunk-nightly-hmp62-43275749, networkLocation: /default-rack, certSerialId: null}a0827f52-1715-42dc-9b30-a3361a171a27{ip: 192.168.69.96, host: trunk-nightly-hmp62-43275749, networkLocation: /default-rack, certSerialId: null}, Type:RATIS, Factor:THREE, State:OPEN]
2019-07-13 09:26:30,788 INFO  node.SCMNodeManager (SCMNodeManager.java:register(269)) - Registered Data node : 514eb7b7-39d8-415e-b383-32434d8c6680{ip: 192.168.69.96, host: trunk-nightly-hmp62-43275749, networkLocation: /default-rack, certSerialId: null}
2019-07-13 09:26:31,782 INFO  ozone.MiniOzoneClusterImpl (MiniOzoneClusterImpl.java:lambda$waitForClusterToBeReady$0(142)) - Cluster is ready. Got 7 of 7 DN Heartbeats.
2019-07-13 09:26:31,831 INFO  rpc.RpcClient (RpcClient.java:createVolume(287)) - Creating Volume: watchforcommithandlingtest, with jenkins1000 as owner.
2019-07-13 09:26:31,853 INFO  rpc.RpcClient (RpcClient.java:createBucket(424)) - Creating Bucket: watchforcommithandlingtest/watchforcommithandlingtest, with Versioning false and Storage Type set to DISK and Encryption set to false 
2019-07-13 09:26:31,859 INFO  ozone.MiniOzoneClusterImpl (MiniOzoneClusterImpl.java:getStorageContainerLocationClient(241)) - Creating StorageContainerLocationProtocol RPC client with address /0.0.0.0:33282
2019-07-13 09:26:31,919 INFO  client.GrpcClientProtocolClient (GrpcClientProtocolClient.java:onNext(255)) - client-AC46F4FCFAE2->5542dfa5-009f-499e-9051-0d7f6e2adeb3: receive RaftClientReply:client-AC46F4FCFAE2->5542dfa5-009f-499e-9051-0d7f6e2adeb3@group-B944A034CFBE, cid=37, FAILED org.apache.ratis.protocol.NotLeaderException: Server 5542dfa5-009f-499e-9051-0d7f6e2adeb3 is not the leader (null). Request must be sent to leader., logIndex=0, commits[5542dfa5-009f-499e-9051-0d7f6e2adeb3:c-1]
2019-07-13 09:26:32,454 INFO  container.ReplicationManager (ReplicationManager.java:start(155)) - Starting Replication Monitor Thread.
2019-07-13 09:26:32,460 INFO  container.ReplicationManager (ReplicationManager.java:run(207)) - Replication Monitor Thread took 0 milliseconds for processing 1 containers.
2019-07-13 09:26:32,955 INFO  client.GrpcClientProtocolClient (GrpcClientProtocolClient.java:onNext(255)) - client-AC46F4FCFAE2->57439b7a-490c-41b0-9ad7-0055bd36a14e: receive RaftClientReply:client-AC46F4FCFAE2->57439b7a-490c-41b0-9ad7-0055bd36a14e@group-B944A034CFBE, cid=37, FAILED org.apache.ratis.protocol.NotLeaderException: Server 57439b7a-490c-41b0-9ad7-0055bd36a14e is not the leader (null). Request must be sent to leader., logIndex=0, commits[57439b7a-490c-41b0-9ad7-0055bd36a14e:c-1]
2019-07-13 09:26:33,980 INFO  client.GrpcClientProtocolClient (GrpcClientProtocolClient.java:onNext(255)) - client-AC46F4FCFAE2->5542dfa5-009f-499e-9051-0d7f6e2adeb3: receive RaftClientReply:client-AC46F4FCFAE2->5542dfa5-009f-499e-9051-0d7f6e2adeb3@group-B944A034CFBE, cid=37, FAILED org.apache.ratis.protocol.NotLeaderException: Server 5542dfa5-009f-499e-9051-0d7f6e2adeb3 is not the leader (null). Request must be sent to leader., logIndex=0, commits[5542dfa5-009f-499e-9051-0d7f6e2adeb3:c-1]
2019-07-13 09:26:34,519 INFO  impl.FollowerState (FollowerState.java:run(106)) - 5542dfa5-009f-499e-9051-0d7f6e2adeb3:group-EFF1A85F6FB6 changes to CANDIDATE, lastRpcTime:5008, electionTimeout:5008ms
2019-07-13 09:26:34,520 INFO  impl.RoleInfo (RoleInfo.java:shutdownFollowerState(121)) - 5542dfa5-009f-499e-9051-0d7f6e2adeb3: shutdown FollowerState
2019-07-13 09:26:34,520 INFO  impl.RaftServerImpl (RaftServerImpl.java:setRole(171)) - 5542dfa5-009f-499e-9051-0d7f6e2adeb3:group-EFF1A85F6FB6 changes role from FOLLOWER to CANDIDATE at term 0 for changeToCandidate
2019-07-13 09:26:34,520 INFO  impl.RoleInfo (RoleInfo.java:updateAndGet(143)) - 5542dfa5-009f-499e-9051-0d7f6e2adeb3: start LeaderElection
2019-07-13 09:26:34,548 INFO  impl.LeaderElection (LeaderElection.java:askForVotes(181)) - 5542dfa5-009f-499e-9051-0d7f6e2adeb3:group-EFF1A85F6FB6:LeaderElection14: begin an election at term 1 for -1: [5542dfa5-009f-499e-9051-0d7f6e2adeb3:192.168.69.96:41865], old=null
2019-07-13 09:26:34,549 INFO  impl.RoleInfo (RoleInfo.java:shutdownLeaderElection(134)) - 5542dfa5-009f-499e-9051-0d7f6e2adeb3: shutdown LeaderElection
2019-07-13 09:26:34,549 INFO  impl.RaftServerImpl (RaftServerImpl.java:setRole(171)) - 5542dfa5-009f-499e-9051-0d7f6e2adeb3:group-EFF1A85F6FB6 changes role from CANDIDATE to LEADER at term 1 for changeToLeader
2019-07-13 09:26:34,549 INFO  impl.RaftServerImpl (ServerState.java:setLeader(263)) - 5542dfa5-009f-499e-9051-0d7f6e2adeb3:group-EFF1A85F6FB6 change Leader from null to 5542dfa5-009f-499e-9051-0d7f6e2adeb3 at term 1 for becomeLeader, leader elected after 5043ms
2019-07-13 09:26:34,549 INFO  server.RaftServerConfigKeys (ConfUtils.java:logGet(43)) - raft.server.staging.catchup.gap = 1000 (default)
2019-07-13 09:26:34,549 INFO  server.RaftServerConfigKeys (ConfUtils.java:logGet(43)) - raft.server.rpc.sleep.time = 25ms (default)
2019-07-13 09:26:34,549 INFO  server.RaftServerConfigKeys (ConfUtils.java:logGet(43)) - raft.server.write.element-limit = 4096 (default)
2019-07-13 09:26:34,550 INFO  server.RaftServerConfigKeys (ConfUtils.java:logGet(43)) - raft.server.watch.timeout = 10s (default)
2019-07-13 09:26:34,550 INFO  server.RaftServerConfigKeys (ConfUtils.java:logGet(43)) - raft.server.watch.timeout.denomination = 1s (default)
2019-07-13 09:26:34,550 INFO  server.RaftServerConfigKeys (ConfUtils.java:logGet(43)) - raft.server.watch.element-limit = 65536 (default)
2019-07-13 09:26:34,550 INFO  impl.RoleInfo (RoleInfo.java:updateAndGet(143)) - 5542dfa5-009f-499e-9051-0d7f6e2adeb3: start LeaderState
2019-07-13 09:26:34,551 INFO  segmented.SegmentedRaftLogWorker (SegmentedRaftLogWorker.java:startLogSegment(380)) - 5542dfa5-009f-499e-9051-0d7f6e2adeb3-SegmentedRaftLogWorker:Storage Directory /tmp/workdir/hadoop-ozone/integration-test/target/test-dir/MiniOzoneClusterImpl-52da5e4c-509f-4cd4-9220-bd6b1bde4901/datanode-0/data/ratis/cf5eae51-bf02-4777-94c1-eff1a85f6fb6: Starting segment from index:0
2019-07-13 09:26:34,551 INFO  impl.RaftServerImpl (ServerState.java:setRaftConf(361)) - 5542dfa5-009f-499e-9051-0d7f6e2adeb3:group-EFF1A85F6FB6 set configuration 0: [5542dfa5-009f-499e-9051-0d7f6e2adeb3:192.168.69.96:41865], old=null at 0
2019-07-13 09:26:34,587 INFO  segmented.SegmentedRaftLogWorker (SegmentedRaftLogWorker.java:execute(569)) - 5542dfa5-009f-499e-9051-0d7f6e2adeb3-SegmentedRaftLogWorker:Storage Directory /tmp/workdir/hadoop-ozone/integration-test/target/test-dir/MiniOzoneClusterImpl-52da5e4c-509f-4cd4-9220-bd6b1bde4901/datanode-0/data/ratis/cf5eae51-bf02-4777-94c1-eff1a85f6fb6: created new log segment /tmp/workdir/hadoop-ozone/integration-test/target/test-dir/MiniOzoneClusterImpl-52da5e4c-509f-4cd4-9220-bd6b1bde4901/datanode-0/data/ratis/cf5eae51-bf02-4777-94c1-eff1a85f6fb6/current/log_inprogress_0
2019-07-13 09:26:34,800 INFO  impl.FollowerState (FollowerState.java:run(106)) - 57439b7a-490c-41b0-9ad7-0055bd36a14e:group-F664243CDFF7 changes to CANDIDATE, lastRpcTime:5112, electionTimeout:5112ms
2019-07-13 09:26:34,801 INFO  impl.RoleInfo (RoleInfo.java:shutdownFollowerState(121)) - 57439b7a-490c-41b0-9ad7-0055bd36a14e: shutdown FollowerState
2019-07-13 09:26:34,801 INFO  impl.RaftServerImpl (RaftServerImpl.java:setRole(171)) - 57439b7a-490c-41b0-9ad7-0055bd36a14e:group-F664243CDFF7 changes role from FOLLOWER to CANDIDATE at term 0 for changeToCandidate
2019-07-13 09:26:34,801 INFO  impl.RoleInfo (RoleInfo.java:updateAndGet(143)) - 57439b7a-490c-41b0-9ad7-0055bd36a14e: start LeaderElection
2019-07-13 09:26:34,827 INFO  impl.LeaderElection (LeaderElection.java:askForVotes(181)) - 57439b7a-490c-41b0-9ad7-0055bd36a14e:group-F664243CDFF7:LeaderElection15: begin an election at term 1 for -1: [57439b7a-490c-41b0-9ad7-0055bd36a14e:192.168.69.96:38368], old=null
2019-07-13 09:26:34,827 INFO  impl.RoleInfo (RoleInfo.java:shutdownLeaderElection(134)) - 57439b7a-490c-41b0-9ad7-0055bd36a14e: shutdown LeaderElection
2019-07-13 09:26:34,827 INFO  impl.RaftServerImpl (RaftServerImpl.java:setRole(171)) - 57439b7a-490c-41b0-9ad7-0055bd36a14e:group-F664243CDFF7 changes role from CANDIDATE to LEADER at term 1 for changeToLeader
2019-07-13 09:26:34,828 INFO  impl.RaftServerImpl (ServerState.java:setLeader(263)) - 57439b7a-490c-41b0-9ad7-0055bd36a14e:group-F664243CDFF7 change Leader from null to 57439b7a-490c-41b0-9ad7-0055bd36a14e at term 1 for becomeLeader, leader elected after 5144ms
2019-07-13 09:26:34,828 INFO  server.RaftServerConfigKeys (ConfUtils.java:logGet(43)) - raft.server.staging.catchup.gap = 1000 (default)
2019-07-13 09:26:34,828 INFO  server.RaftServerConfigKeys (ConfUtils.java:logGet(43)) - raft.server.rpc.sleep.time = 25ms (default)
2019-07-13 09:26:34,828 INFO  server.RaftServerConfigKeys (ConfUtils.java:logGet(43)) - raft.server.write.element-limit = 4096 (default)
2019-07-13 09:26:34,828 INFO  server.RaftServerConfigKeys (ConfUtils.java:logGet(43)) - raft.server.watch.timeout = 10s (default)
2019-07-13 09:26:34,828 INFO  server.RaftServerConfigKeys (ConfUtils.java:logGet(43)) - raft.server.watch.timeout.denomination = 1s (default)
2019-07-13 09:26:34,829 INFO  server.RaftServerConfigKeys (ConfUtils.java:logGet(43)) - raft.server.watch.element-limit = 65536 (default)
2019-07-13 09:26:34,829 INFO  impl.RoleInfo (RoleInfo.java:updateAndGet(143)) - 57439b7a-490c-41b0-9ad7-0055bd36a14e: start LeaderState
2019-07-13 09:26:34,829 INFO  segmented.SegmentedRaftLogWorker (SegmentedRaftLogWorker.java:startLogSegment(380)) - 57439b7a-490c-41b0-9ad7-0055bd36a14e-SegmentedRaftLogWorker:Storage Directory /tmp/workdir/hadoop-ozone/integration-test/target/test-dir/MiniOzoneClusterImpl-52da5e4c-509f-4cd4-9220-bd6b1bde4901/datanode-1/data/ratis/c3e469d3-ed0b-4979-b421-f664243cdff7: Starting segment from index:0
2019-07-13 09:26:34,830 INFO  impl.RaftServerImpl (ServerState.java:setRaftConf(361)) - 57439b7a-490c-41b0-9ad7-0055bd36a14e:group-F664243CDFF7 set configuration 0: [57439b7a-490c-41b0-9ad7-0055bd36a14e:192.168.69.96:38368], old=null at 0
2019-07-13 09:26:34,875 INFO  segmented.SegmentedRaftLogWorker (SegmentedRaftLogWorker.java:execute(569)) - 57439b7a-490c-41b0-9ad7-0055bd36a14e-SegmentedRaftLogWorker:Storage Directory /tmp/workdir/hadoop-ozone/integration-test/target/test-dir/MiniOzoneClusterImpl-52da5e4c-509f-4cd4-9220-bd6b1bde4901/datanode-1/data/ratis/c3e469d3-ed0b-4979-b421-f664243cdff7: created new log segment /tmp/workdir/hadoop-ozone/integration-test/target/test-dir/MiniOzoneClusterImpl-52da5e4c-509f-4cd4-9220-bd6b1bde4901/datanode-1/data/ratis/c3e469d3-ed0b-4979-b421-f664243cdff7/current/log_inprogress_0
2019-07-13 09:26:35,009 INFO  client.GrpcClientProtocolClient (GrpcClientProtocolClient.java:onNext(255)) - client-AC46F4FCFAE2->a061601d-874e-448c-a556-55854e34a002: receive RaftClientReply:client-AC46F4FCFAE2->a061601d-874e-448c-a556-55854e34a002@group-B944A034CFBE, cid=37, FAILED org.apache.ratis.protocol.NotLeaderException: Server a061601d-874e-448c-a556-55854e34a002 is not the leader (null). Request must be sent to leader., logIndex=0, commits[a061601d-874e-448c-a556-55854e34a002:c-1]
2019-07-13 09:26:35,050 INFO  impl.FollowerState (FollowerState.java:run(106)) - a061601d-874e-448c-a556-55854e34a002:group-DAAF330BB9D8 changes to CANDIDATE, lastRpcTime:5075, electionTimeout:5075ms
2019-07-13 09:26:35,050 INFO  impl.RoleInfo (RoleInfo.java:shutdownFollowerState(121)) - a061601d-874e-448c-a556-55854e34a002: shutdown FollowerState
2019-07-13 09:26:35,050 INFO  impl.RaftServerImpl (RaftServerImpl.java:setRole(171)) - a061601d-874e-448c-a556-55854e34a002:group-DAAF330BB9D8 changes role from FOLLOWER to CANDIDATE at term 0 for changeToCandidate
2019-07-13 09:26:35,050 INFO  impl.RoleInfo (RoleInfo.java:updateAndGet(143)) - a061601d-874e-448c-a556-55854e34a002: start LeaderElection
2019-07-13 09:26:35,077 INFO  impl.LeaderElection (LeaderElection.java:askForVotes(181)) - a061601d-874e-448c-a556-55854e34a002:group-DAAF330BB9D8:LeaderElection16: begin an election at term 1 for -1: [a061601d-874e-448c-a556-55854e34a002:192.168.69.96:45293], old=null
2019-07-13 09:26:35,077 INFO  impl.RoleInfo (RoleInfo.java:shutdownLeaderElection(134)) - a061601d-874e-448c-a556-55854e34a002: shutdown LeaderElection
2019-07-13 09:26:35,077 INFO  impl.RaftServerImpl (RaftServerImpl.java:setRole(171)) - a061601d-874e-448c-a556-55854e34a002:group-DAAF330BB9D8 changes role from CANDIDATE to LEADER at term 1 for changeToLeader
2019-07-13 09:26:35,077 INFO  impl.RaftServerImpl (ServerState.java:setLeader(263)) - a061601d-874e-448c-a556-55854e34a002:group-DAAF330BB9D8 change Leader from null to a061601d-874e-448c-a556-55854e34a002 at term 1 for becomeLeader, leader elected after 5108ms
2019-07-13 09:26:35,077 INFO  server.RaftServerConfigKeys (ConfUtils.java:logGet(43)) - raft.server.staging.catchup.gap = 1000 (default)
2019-07-13 09:26:35,077 INFO  server.RaftServerConfigKeys (ConfUtils.java:logGet(43)) - raft.server.rpc.sleep.time = 25ms (default)
2019-07-13 09:26:35,078 INFO  server.RaftServerConfigKeys (ConfUtils.java:logGet(43)) - raft.server.write.element-limit = 4096 (default)
2019-07-13 09:26:35,078 INFO  server.RaftServerConfigKeys (ConfUtils.java:logGet(43)) - raft.server.watch.timeout = 10s (default)
2019-07-13 09:26:35,078 INFO  server.RaftServerConfigKeys (ConfUtils.java:logGet(43)) - raft.server.watch.timeout.denomination = 1s (default)
2019-07-13 09:26:35,078 INFO  server.RaftServerConfigKeys (ConfUtils.java:logGet(43)) - raft.server.watch.element-limit = 65536 (default)
2019-07-13 09:26:35,078 INFO  impl.RoleInfo (RoleInfo.java:updateAndGet(143)) - a061601d-874e-448c-a556-55854e34a002: start LeaderState
2019-07-13 09:26:35,079 INFO  segmented.SegmentedRaftLogWorker (SegmentedRaftLogWorker.java:startLogSegment(380)) - a061601d-874e-448c-a556-55854e34a002-SegmentedRaftLogWorker:Storage Directory /tmp/workdir/hadoop-ozone/integration-test/target/test-dir/MiniOzoneClusterImpl-52da5e4c-509f-4cd4-9220-bd6b1bde4901/datanode-2/data/ratis/0d54bb37-47a8-48f7-a341-daaf330bb9d8: Starting segment from index:0
2019-07-13 09:26:35,079 INFO  impl.RaftServerImpl (ServerState.java:setRaftConf(361)) - a061601d-874e-448c-a556-55854e34a002:group-DAAF330BB9D8 set configuration 0: [a061601d-874e-448c-a556-55854e34a002:192.168.69.96:45293], old=null at 0
2019-07-13 09:26:35,117 INFO  segmented.SegmentedRaftLogWorker (SegmentedRaftLogWorker.java:execute(569)) - a061601d-874e-448c-a556-55854e34a002-SegmentedRaftLogWorker:Storage Directory /tmp/workdir/hadoop-ozone/integration-test/target/test-dir/MiniOzoneClusterImpl-52da5e4c-509f-4cd4-9220-bd6b1bde4901/datanode-2/data/ratis/0d54bb37-47a8-48f7-a341-daaf330bb9d8: created new log segment /tmp/workdir/hadoop-ozone/integration-test/target/test-dir/MiniOzoneClusterImpl-52da5e4c-509f-4cd4-9220-bd6b1bde4901/datanode-2/data/ratis/0d54bb37-47a8-48f7-a341-daaf330bb9d8/current/log_inprogress_0
2019-07-13 09:26:35,121 INFO  impl.FollowerState (FollowerState.java:run(106)) - a061601d-874e-448c-a556-55854e34a002:group-B944A034CFBE changes to CANDIDATE, lastRpcTime:5027, electionTimeout:5027ms
2019-07-13 09:26:35,121 INFO  impl.RoleInfo (RoleInfo.java:shutdownFollowerState(121)) - a061601d-874e-448c-a556-55854e34a002: shutdown FollowerState
2019-07-13 09:26:35,121 INFO  impl.RaftServerImpl (RaftServerImpl.java:setRole(171)) - a061601d-874e-448c-a556-55854e34a002:group-B944A034CFBE changes role from FOLLOWER to CANDIDATE at term 0 for changeToCandidate
2019-07-13 09:26:35,121 INFO  impl.RoleInfo (RoleInfo.java:updateAndGet(143)) - a061601d-874e-448c-a556-55854e34a002: start LeaderElection
2019-07-13 09:26:35,148 INFO  impl.FollowerState (FollowerState.java:run(106)) - 57439b7a-490c-41b0-9ad7-0055bd36a14e:group-B944A034CFBE changes to CANDIDATE, lastRpcTime:5063, electionTimeout:5055ms
2019-07-13 09:26:35,148 INFO  impl.FollowerState (FollowerState.java:run(106)) - 5542dfa5-009f-499e-9051-0d7f6e2adeb3:group-B944A034CFBE changes to CANDIDATE, lastRpcTime:5060, electionTimeout:5046ms
2019-07-13 09:26:35,148 INFO  impl.RoleInfo (RoleInfo.java:shutdownFollowerState(121)) - 57439b7a-490c-41b0-9ad7-0055bd36a14e: shutdown FollowerState
2019-07-13 09:26:35,148 INFO  impl.RoleInfo (RoleInfo.java:shutdownFollowerState(121)) - 5542dfa5-009f-499e-9051-0d7f6e2adeb3: shutdown FollowerState
2019-07-13 09:26:35,148 INFO  impl.RaftServerImpl (RaftServerImpl.java:setRole(171)) - 57439b7a-490c-41b0-9ad7-0055bd36a14e:group-B944A034CFBE changes role from FOLLOWER to CANDIDATE at term 0 for changeToCandidate
2019-07-13 09:26:35,153 INFO  impl.RaftServerImpl (RaftServerImpl.java:setRole(171)) - 5542dfa5-009f-499e-9051-0d7f6e2adeb3:group-B944A034CFBE changes role from FOLLOWER to CANDIDATE at term 0 for changeToCandidate
2019-07-13 09:26:35,153 INFO  impl.RoleInfo (RoleInfo.java:updateAndGet(143)) - 57439b7a-490c-41b0-9ad7-0055bd36a14e: start LeaderElection
2019-07-13 09:26:35,153 INFO  impl.RoleInfo (RoleInfo.java:updateAndGet(143)) - 5542dfa5-009f-499e-9051-0d7f6e2adeb3: start LeaderElection
2019-07-13 09:26:35,166 INFO  impl.LeaderElection (LeaderElection.java:askForVotes(181)) - a061601d-874e-448c-a556-55854e34a002:group-B944A034CFBE:LeaderElection17: begin an election at term 1 for -1: [57439b7a-490c-41b0-9ad7-0055bd36a14e:192.168.69.96:38368, 5542dfa5-009f-499e-9051-0d7f6e2adeb3:192.168.69.96:41865, a061601d-874e-448c-a556-55854e34a002:192.168.69.96:45293], old=null
2019-07-13 09:26:35,166 INFO  impl.LeaderElection (LeaderElection.java:askForVotes(181)) - 5542dfa5-009f-499e-9051-0d7f6e2adeb3:group-B944A034CFBE:LeaderElection19: begin an election at term 1 for -1: [57439b7a-490c-41b0-9ad7-0055bd36a14e:192.168.69.96:38368, 5542dfa5-009f-499e-9051-0d7f6e2adeb3:192.168.69.96:41865, a061601d-874e-448c-a556-55854e34a002:192.168.69.96:45293], old=null
2019-07-13 09:26:35,166 INFO  impl.LeaderElection (LeaderElection.java:askForVotes(181)) - 57439b7a-490c-41b0-9ad7-0055bd36a14e:group-B944A034CFBE:LeaderElection18: begin an election at term 1 for -1: [57439b7a-490c-41b0-9ad7-0055bd36a14e:192.168.69.96:38368, 5542dfa5-009f-499e-9051-0d7f6e2adeb3:192.168.69.96:41865, a061601d-874e-448c-a556-55854e34a002:192.168.69.96:45293], old=null
2019-07-13 09:26:35,180 INFO  impl.LeaderElection (LeaderElection.java:logAndReturn(56)) - 57439b7a-490c-41b0-9ad7-0055bd36a14e:group-B944A034CFBE:LeaderElection18: Election REJECTED; received 2 response(s) [57439b7a-490c-41b0-9ad7-0055bd36a14e<-a061601d-874e-448c-a556-55854e34a002#0:FAIL-t1, 57439b7a-490c-41b0-9ad7-0055bd36a14e<-5542dfa5-009f-499e-9051-0d7f6e2adeb3#0:FAIL-t1] and 0 exception(s); 57439b7a-490c-41b0-9ad7-0055bd36a14e:t1, leader=null, voted=57439b7a-490c-41b0-9ad7-0055bd36a14e, raftlog=57439b7a-490c-41b0-9ad7-0055bd36a14e-SegmentedRaftLog:OPENED:c-1,f-1,i0, conf=-1: [57439b7a-490c-41b0-9ad7-0055bd36a14e:192.168.69.96:38368, 5542dfa5-009f-499e-9051-0d7f6e2adeb3:192.168.69.96:41865, a061601d-874e-448c-a556-55854e34a002:192.168.69.96:45293], old=null
2019-07-13 09:26:35,180 INFO  impl.RaftServerImpl (RaftServerImpl.java:setRole(171)) - 57439b7a-490c-41b0-9ad7-0055bd36a14e:group-B944A034CFBE changes role from CANDIDATE to FOLLOWER at term 1 for DISCOVERED_A_NEW_TERM
2019-07-13 09:26:35,183 INFO  impl.RoleInfo (RoleInfo.java:shutdownLeaderElection(134)) - 57439b7a-490c-41b0-9ad7-0055bd36a14e: shutdown LeaderElection
2019-07-13 09:26:35,184 INFO  impl.RoleInfo (RoleInfo.java:updateAndGet(143)) - 57439b7a-490c-41b0-9ad7-0055bd36a14e: start FollowerState
2019-07-13 09:26:35,187 INFO  impl.LeaderElection (LeaderElection.java:logAndReturn(56)) - a061601d-874e-448c-a556-55854e34a002:group-B944A034CFBE:LeaderElection17: Election REJECTED; received 2 response(s) [a061601d-874e-448c-a556-55854e34a002<-57439b7a-490c-41b0-9ad7-0055bd36a14e#0:FAIL-t1, a061601d-874e-448c-a556-55854e34a002<-5542dfa5-009f-499e-9051-0d7f6e2adeb3#0:FAIL-t1] and 0 exception(s); a061601d-874e-448c-a556-55854e34a002:t1, leader=null, voted=a061601d-874e-448c-a556-55854e34a002, raftlog=a061601d-874e-448c-a556-55854e34a002-SegmentedRaftLog:OPENED:c-1,f-1,i0, conf=-1: [57439b7a-490c-41b0-9ad7-0055bd36a14e:192.168.69.96:38368, 5542dfa5-009f-499e-9051-0d7f6e2adeb3:192.168.69.96:41865, a061601d-874e-448c-a556-55854e34a002:192.168.69.96:45293], old=null
2019-07-13 09:26:35,187 INFO  impl.LeaderElection (LeaderElection.java:logAndReturn(56)) - 5542dfa5-009f-499e-9051-0d7f6e2adeb3:group-B944A034CFBE:LeaderElection19: Election REJECTED; received 2 response(s) [5542dfa5-009f-499e-9051-0d7f6e2adeb3<-57439b7a-490c-41b0-9ad7-0055bd36a14e#0:FAIL-t1, 5542dfa5-009f-499e-9051-0d7f6e2adeb3<-a061601d-874e-448c-a556-55854e34a002#0:FAIL-t1] and 0 exception(s); 5542dfa5-009f-499e-9051-0d7f6e2adeb3:t1, leader=null, voted=5542dfa5-009f-499e-9051-0d7f6e2adeb3, raftlog=5542dfa5-009f-499e-9051-0d7f6e2adeb3-SegmentedRaftLog:OPENED:c-1,f-1,i0, conf=-1: [57439b7a-490c-41b0-9ad7-0055bd36a14e:192.168.69.96:38368, 5542dfa5-009f-499e-9051-0d7f6e2adeb3:192.168.69.96:41865, a061601d-874e-448c-a556-55854e34a002:192.168.69.96:45293], old=null
2019-07-13 09:26:35,187 INFO  impl.RaftServerImpl (RaftServerImpl.java:setRole(171)) - a061601d-874e-448c-a556-55854e34a002:group-B944A034CFBE changes role from CANDIDATE to FOLLOWER at term 1 for DISCOVERED_A_NEW_TERM
2019-07-13 09:26:35,190 INFO  impl.RaftServerImpl (RaftServerImpl.java:setRole(171)) - 5542dfa5-009f-499e-9051-0d7f6e2adeb3:group-B944A034CFBE changes role from CANDIDATE to FOLLOWER at term 1 for DISCOVERED_A_NEW_TERM
2019-07-13 09:26:35,192 INFO  impl.RoleInfo (RoleInfo.java:shutdownLeaderElection(134)) - a061601d-874e-448c-a556-55854e34a002: shutdown LeaderElection
2019-07-13 09:26:35,195 INFO  impl.RoleInfo (RoleInfo.java:shutdownLeaderElection(134)) - 5542dfa5-009f-499e-9051-0d7f6e2adeb3: shutdown LeaderElection
2019-07-13 09:26:35,195 INFO  impl.RoleInfo (RoleInfo.java:updateAndGet(143)) - a061601d-874e-448c-a556-55854e34a002: start FollowerState
2019-07-13 09:26:35,195 INFO  impl.RoleInfo (RoleInfo.java:updateAndGet(143)) - 5542dfa5-009f-499e-9051-0d7f6e2adeb3: start FollowerState
2019-07-13 09:26:35,372 INFO  impl.FollowerState (FollowerState.java:run(106)) - 4657badc-a881-4269-9d24-00b2923850e9:group-0DDE733CECA1 changes to CANDIDATE, lastRpcTime:5189, electionTimeout:5189ms
2019-07-13 09:26:35,372 INFO  impl.RoleInfo (RoleInfo.java:shutdownFollowerState(121)) - 4657badc-a881-4269-9d24-00b2923850e9: shutdown FollowerState
2019-07-13 09:26:35,372 INFO  impl.RaftServerImpl (RaftServerImpl.java:setRole(171)) - 4657badc-a881-4269-9d24-00b2923850e9:group-0DDE733CECA1 changes role from FOLLOWER to CANDIDATE at term 0 for changeToCandidate
2019-07-13 09:26:35,373 INFO  impl.RoleInfo (RoleInfo.java:updateAndGet(143)) - 4657badc-a881-4269-9d24-00b2923850e9: start LeaderElection
2019-07-13 09:26:35,413 INFO  impl.LeaderElection (LeaderElection.java:askForVotes(181)) - 4657badc-a881-4269-9d24-00b2923850e9:group-0DDE733CECA1:LeaderElection20: begin an election at term 1 for -1: [4657badc-a881-4269-9d24-00b2923850e9:192.168.69.96:36588], old=null
2019-07-13 09:26:35,413 INFO  impl.RoleInfo (RoleInfo.java:shutdownLeaderElection(134)) - 4657badc-a881-4269-9d24-00b2923850e9: shutdown LeaderElection
2019-07-13 09:26:35,413 INFO  impl.RaftServerImpl (RaftServerImpl.java:setRole(171)) - 4657badc-a881-4269-9d24-00b2923850e9:group-0DDE733CECA1 changes role from CANDIDATE to LEADER at term 1 for changeToLeader
2019-07-13 09:26:35,413 INFO  impl.RaftServerImpl (ServerState.java:setLeader(263)) - 4657badc-a881-4269-9d24-00b2923850e9:group-0DDE733CECA1 change Leader from null to 4657badc-a881-4269-9d24-00b2923850e9 at term 1 for becomeLeader, leader elected after 5235ms
2019-07-13 09:26:35,413 INFO  server.RaftServerConfigKeys (ConfUtils.java:logGet(43)) - raft.server.staging.catchup.gap = 1000 (default)
2019-07-13 09:26:35,413 INFO  server.RaftServerConfigKeys (ConfUtils.java:logGet(43)) - raft.server.rpc.sleep.time = 25ms (default)
2019-07-13 09:26:35,414 INFO  server.RaftServerConfigKeys (ConfUtils.java:logGet(43)) - raft.server.write.element-limit = 4096 (default)
2019-07-13 09:26:35,414 INFO  server.RaftServerConfigKeys (ConfUtils.java:logGet(43)) - raft.server.watch.timeout = 10s (default)
2019-07-13 09:26:35,414 INFO  server.RaftServerConfigKeys (ConfUtils.java:logGet(43)) - raft.server.watch.timeout.denomination = 1s (default)
2019-07-13 09:26:35,414 INFO  server.RaftServerConfigKeys (ConfUtils.java:logGet(43)) - raft.server.watch.element-limit = 65536 (default)
2019-07-13 09:26:35,414 INFO  impl.RoleInfo (RoleInfo.java:updateAndGet(143)) - 4657badc-a881-4269-9d24-00b2923850e9: start LeaderState
2019-07-13 09:26:35,415 INFO  segmented.SegmentedRaftLogWorker (SegmentedRaftLogWorker.java:startLogSegment(380)) - 4657badc-a881-4269-9d24-00b2923850e9-SegmentedRaftLogWorker:Storage Directory /tmp/workdir/hadoop-ozone/integration-test/target/test-dir/MiniOzoneClusterImpl-52da5e4c-509f-4cd4-9220-bd6b1bde4901/datanode-3/data/ratis/1bade0b4-693b-4132-a669-0dde733ceca1: Starting segment from index:0
2019-07-13 09:26:35,415 INFO  impl.RaftServerImpl (ServerState.java:setRaftConf(361)) - 4657badc-a881-4269-9d24-00b2923850e9:group-0DDE733CECA1 set configuration 0: [4657badc-a881-4269-9d24-00b2923850e9:192.168.69.96:36588], old=null at 0
2019-07-13 09:26:35,451 INFO  segmented.SegmentedRaftLogWorker (SegmentedRaftLogWorker.java:execute(569)) - 4657badc-a881-4269-9d24-00b2923850e9-SegmentedRaftLogWorker:Storage Directory /tmp/workdir/hadoop-ozone/integration-test/target/test-dir/MiniOzoneClusterImpl-52da5e4c-509f-4cd4-9220-bd6b1bde4901/datanode-3/data/ratis/1bade0b4-693b-4132-a669-0dde733ceca1: created new log segment /tmp/workdir/hadoop-ozone/integration-test/target/test-dir/MiniOzoneClusterImpl-52da5e4c-509f-4cd4-9220-bd6b1bde4901/datanode-3/data/ratis/1bade0b4-693b-4132-a669-0dde733ceca1/current/log_inprogress_0
2019-07-13 09:26:35,591 INFO  impl.FollowerState (FollowerState.java:run(106)) - a0ca5ab1-38c1-47f3-a316-6e4e920a7449:group-33A5C52C1C0A changes to CANDIDATE, lastRpcTime:5191, electionTimeout:5190ms
2019-07-13 09:26:35,591 INFO  impl.RoleInfo (RoleInfo.java:shutdownFollowerState(121)) - a0ca5ab1-38c1-47f3-a316-6e4e920a7449: shutdown FollowerState
2019-07-13 09:26:35,591 INFO  impl.RaftServerImpl (RaftServerImpl.java:setRole(171)) - a0ca5ab1-38c1-47f3-a316-6e4e920a7449:group-33A5C52C1C0A changes role from FOLLOWER to CANDIDATE at term 0 for changeToCandidate
2019-07-13 09:26:35,591 INFO  impl.RoleInfo (RoleInfo.java:updateAndGet(143)) - a0ca5ab1-38c1-47f3-a316-6e4e920a7449: start LeaderElection
2019-07-13 09:26:35,609 INFO  impl.LeaderElection (LeaderElection.java:askForVotes(181)) - a0ca5ab1-38c1-47f3-a316-6e4e920a7449:group-33A5C52C1C0A:LeaderElection21: begin an election at term 1 for -1: [a0ca5ab1-38c1-47f3-a316-6e4e920a7449:192.168.69.96:41452], old=null
2019-07-13 09:26:35,609 INFO  impl.RoleInfo (RoleInfo.java:shutdownLeaderElection(134)) - a0ca5ab1-38c1-47f3-a316-6e4e920a7449: shutdown LeaderElection
2019-07-13 09:26:35,610 INFO  impl.RaftServerImpl (RaftServerImpl.java:setRole(171)) - a0ca5ab1-38c1-47f3-a316-6e4e920a7449:group-33A5C52C1C0A changes role from CANDIDATE to LEADER at term 1 for changeToLeader
2019-07-13 09:26:35,610 INFO  impl.RaftServerImpl (ServerState.java:setLeader(263)) - a0ca5ab1-38c1-47f3-a316-6e4e920a7449:group-33A5C52C1C0A change Leader from null to a0ca5ab1-38c1-47f3-a316-6e4e920a7449 at term 1 for becomeLeader, leader elected after 5215ms
2019-07-13 09:26:35,610 INFO  server.RaftServerConfigKeys (ConfUtils.java:logGet(43)) - raft.server.staging.catchup.gap = 1000 (default)
2019-07-13 09:26:35,610 INFO  server.RaftServerConfigKeys (ConfUtils.java:logGet(43)) - raft.server.rpc.sleep.time = 25ms (default)
2019-07-13 09:26:35,610 INFO  server.RaftServerConfigKeys (ConfUtils.java:logGet(43)) - raft.server.write.element-limit = 4096 (default)
2019-07-13 09:26:35,611 INFO  server.RaftServerConfigKeys (ConfUtils.java:logGet(43)) - raft.server.watch.timeout = 10s (default)
2019-07-13 09:26:35,611 INFO  server.RaftServerConfigKeys (ConfUtils.java:logGet(43)) - raft.server.watch.timeout.denomination = 1s (default)
2019-07-13 09:26:35,611 INFO  server.RaftServerConfigKeys (ConfUtils.java:logGet(43)) - raft.server.watch.element-limit = 65536 (default)
2019-07-13 09:26:35,611 INFO  impl.RoleInfo (RoleInfo.java:updateAndGet(143)) - a0ca5ab1-38c1-47f3-a316-6e4e920a7449: start LeaderState
2019-07-13 09:26:35,611 INFO  segmented.SegmentedRaftLogWorker (SegmentedRaftLogWorker.java:startLogSegment(380)) - a0ca5ab1-38c1-47f3-a316-6e4e920a7449-SegmentedRaftLogWorker:Storage Directory /tmp/workdir/hadoop-ozone/integration-test/target/test-dir/MiniOzoneClusterImpl-52da5e4c-509f-4cd4-9220-bd6b1bde4901/datanode-4/data/ratis/44ef5f92-7a80-49b1-9e56-33a5c52c1c0a: Starting segment from index:0
2019-07-13 09:26:35,612 INFO  impl.RaftServerImpl (ServerState.java:setRaftConf(361)) - a0ca5ab1-38c1-47f3-a316-6e4e920a7449:group-33A5C52C1C0A set configuration 0: [a0ca5ab1-38c1-47f3-a316-6e4e920a7449:192.168.69.96:41452], old=null at 0
2019-07-13 09:26:35,647 INFO  segmented.SegmentedRaftLogWorker (SegmentedRaftLogWorker.java:execute(569)) - a0ca5ab1-38c1-47f3-a316-6e4e920a7449-SegmentedRaftLogWorker:Storage Directory /tmp/workdir/hadoop-ozone/integration-test/target/test-dir/MiniOzoneClusterImpl-52da5e4c-509f-4cd4-9220-bd6b1bde4901/datanode-4/data/ratis/44ef5f92-7a80-49b1-9e56-33a5c52c1c0a: created new log segment /tmp/workdir/hadoop-ozone/integration-test/target/test-dir/MiniOzoneClusterImpl-52da5e4c-509f-4cd4-9220-bd6b1bde4901/datanode-4/data/ratis/44ef5f92-7a80-49b1-9e56-33a5c52c1c0a/current/log_inprogress_0
2019-07-13 09:26:35,716 INFO  impl.FollowerState (FollowerState.java:run(106)) - a0827f52-1715-42dc-9b30-a3361a171a27:group-B48297C5CD98 changes to CANDIDATE, lastRpcTime:5060, electionTimeout:5060ms
2019-07-13 09:26:35,717 INFO  impl.RoleInfo (RoleInfo.java:shutdownFollowerState(121)) - a0827f52-1715-42dc-9b30-a3361a171a27: shutdown FollowerState
2019-07-13 09:26:35,717 INFO  impl.RaftServerImpl (RaftServerImpl.java:setRole(171)) - a0827f52-1715-42dc-9b30-a3361a171a27:group-B48297C5CD98 changes role from FOLLOWER to CANDIDATE at term 0 for changeToCandidate
2019-07-13 09:26:35,717 INFO  impl.RoleInfo (RoleInfo.java:updateAndGet(143)) - a0827f52-1715-42dc-9b30-a3361a171a27: start LeaderElection
2019-07-13 09:26:35,735 INFO  impl.LeaderElection (LeaderElection.java:askForVotes(181)) - a0827f52-1715-42dc-9b30-a3361a171a27:group-B48297C5CD98:LeaderElection22: begin an election at term 1 for -1: [a0827f52-1715-42dc-9b30-a3361a171a27:192.168.69.96:41565], old=null
2019-07-13 09:26:35,735 INFO  impl.RoleInfo (RoleInfo.java:shutdownLeaderElection(134)) - a0827f52-1715-42dc-9b30-a3361a171a27: shutdown LeaderElection
2019-07-13 09:26:35,735 INFO  impl.RaftServerImpl (RaftServerImpl.java:setRole(171)) - a0827f52-1715-42dc-9b30-a3361a171a27:group-B48297C5CD98 changes role from CANDIDATE to LEADER at term 1 for changeToLeader
2019-07-13 09:26:35,736 INFO  impl.RaftServerImpl (ServerState.java:setLeader(263)) - a0827f52-1715-42dc-9b30-a3361a171a27:group-B48297C5CD98 change Leader from null to a0827f52-1715-42dc-9b30-a3361a171a27 at term 1 for becomeLeader, leader elected after 5085ms
2019-07-13 09:26:35,736 INFO  server.RaftServerConfigKeys (ConfUtils.java:logGet(43)) - raft.server.staging.catchup.gap = 1000 (default)
2019-07-13 09:26:35,736 INFO  server.RaftServerConfigKeys (ConfUtils.java:logGet(43)) - raft.server.rpc.sleep.time = 25ms (default)
2019-07-13 09:26:35,736 INFO  server.RaftServerConfigKeys (ConfUtils.java:logGet(43)) - raft.server.write.element-limit = 4096 (default)
2019-07-13 09:26:35,736 INFO  server.RaftServerConfigKeys (ConfUtils.java:logGet(43)) - raft.server.watch.timeout = 10s (default)
2019-07-13 09:26:35,736 INFO  server.RaftServerConfigKeys (ConfUtils.java:logGet(43)) - raft.server.watch.timeout.denomination = 1s (default)
2019-07-13 09:26:35,737 INFO  server.RaftServerConfigKeys (ConfUtils.java:logGet(43)) - raft.server.watch.element-limit = 65536 (default)
2019-07-13 09:26:35,737 INFO  impl.RoleInfo (RoleInfo.java:updateAndGet(143)) - a0827f52-1715-42dc-9b30-a3361a171a27: start LeaderState
2019-07-13 09:26:35,737 INFO  segmented.SegmentedRaftLogWorker (SegmentedRaftLogWorker.java:startLogSegment(380)) - a0827f52-1715-42dc-9b30-a3361a171a27-SegmentedRaftLogWorker:Storage Directory /tmp/workdir/hadoop-ozone/integration-test/target/test-dir/MiniOzoneClusterImpl-52da5e4c-509f-4cd4-9220-bd6b1bde4901/datanode-5/data/ratis/cd2c5687-ccf5-4df7-9a50-b48297c5cd98: Starting segment from index:0
2019-07-13 09:26:35,738 INFO  impl.RaftServerImpl (ServerState.java:setRaftConf(361)) - a0827f52-1715-42dc-9b30-a3361a171a27:group-B48297C5CD98 set configuration 0: [a0827f52-1715-42dc-9b30-a3361a171a27:192.168.69.96:41565], old=null at 0
2019-07-13 09:26:35,780 INFO  segmented.SegmentedRaftLogWorker (SegmentedRaftLogWorker.java:execute(569)) - a0827f52-1715-42dc-9b30-a3361a171a27-SegmentedRaftLogWorker:Storage Directory /tmp/workdir/hadoop-ozone/integration-test/target/test-dir/MiniOzoneClusterImpl-52da5e4c-509f-4cd4-9220-bd6b1bde4901/datanode-5/data/ratis/cd2c5687-ccf5-4df7-9a50-b48297c5cd98: created new log segment /tmp/workdir/hadoop-ozone/integration-test/target/test-dir/MiniOzoneClusterImpl-52da5e4c-509f-4cd4-9220-bd6b1bde4901/datanode-5/data/ratis/cd2c5687-ccf5-4df7-9a50-b48297c5cd98/current/log_inprogress_0
2019-07-13 09:26:35,872 INFO  impl.FollowerState (FollowerState.java:run(106)) - 4657badc-a881-4269-9d24-00b2923850e9:group-04FA6125A4DE changes to CANDIDATE, lastRpcTime:5094, electionTimeout:5094ms
2019-07-13 09:26:35,872 INFO  impl.RoleInfo (RoleInfo.java:shutdownFollowerState(121)) - 4657badc-a881-4269-9d24-00b2923850e9: shutdown FollowerState
2019-07-13 09:26:35,872 INFO  impl.RaftServerImpl (RaftServerImpl.java:setRole(171)) - 4657badc-a881-4269-9d24-00b2923850e9:group-04FA6125A4DE changes role from FOLLOWER to CANDIDATE at term 0 for changeToCandidate
2019-07-13 09:26:35,873 INFO  impl.RoleInfo (RoleInfo.java:updateAndGet(143)) - 4657badc-a881-4269-9d24-00b2923850e9: start LeaderElection
2019-07-13 09:26:35,891 INFO  impl.LeaderElection (LeaderElection.java:askForVotes(181)) - 4657badc-a881-4269-9d24-00b2923850e9:group-04FA6125A4DE:LeaderElection23: begin an election at term 1 for -1: [4657badc-a881-4269-9d24-00b2923850e9:192.168.69.96:36588, a0ca5ab1-38c1-47f3-a316-6e4e920a7449:192.168.69.96:41452, a0827f52-1715-42dc-9b30-a3361a171a27:192.168.69.96:41565], old=null
2019-07-13 09:26:35,899 INFO  impl.RaftServerImpl (RaftServerImpl.java:setRole(171)) - a0ca5ab1-38c1-47f3-a316-6e4e920a7449:group-04FA6125A4DE changes role from FOLLOWER to FOLLOWER at term 1 for recognizeCandidate:4657badc-a881-4269-9d24-00b2923850e9
2019-07-13 09:26:35,899 INFO  impl.RaftServerImpl (RaftServerImpl.java:setRole(171)) - a0827f52-1715-42dc-9b30-a3361a171a27:group-04FA6125A4DE changes role from FOLLOWER to FOLLOWER at term 1 for recognizeCandidate:4657badc-a881-4269-9d24-00b2923850e9
2019-07-13 09:26:35,899 INFO  impl.RoleInfo (RoleInfo.java:shutdownFollowerState(121)) - a0ca5ab1-38c1-47f3-a316-6e4e920a7449: shutdown FollowerState
2019-07-13 09:26:35,900 INFO  impl.RoleInfo (RoleInfo.java:shutdownFollowerState(121)) - a0827f52-1715-42dc-9b30-a3361a171a27: shutdown FollowerState
2019-07-13 09:26:35,900 INFO  impl.RoleInfo (RoleInfo.java:updateAndGet(143)) - a0ca5ab1-38c1-47f3-a316-6e4e920a7449: start FollowerState
2019-07-13 09:26:35,900 INFO  impl.FollowerState (FollowerState.java:run(114)) - a0827f52-1715-42dc-9b30-a3361a171a27: FollowerState was interrupted: java.lang.InterruptedException: sleep interrupted
2019-07-13 09:26:35,900 INFO  impl.RoleInfo (RoleInfo.java:updateAndGet(143)) - a0827f52-1715-42dc-9b30-a3361a171a27: start FollowerState
2019-07-13 09:26:35,900 INFO  impl.FollowerState (FollowerState.java:run(114)) - a0ca5ab1-38c1-47f3-a316-6e4e920a7449: FollowerState was interrupted: java.lang.InterruptedException: sleep interrupted
2019-07-13 09:26:35,910 INFO  impl.LeaderElection (LeaderElection.java:logAndReturn(56)) - 4657badc-a881-4269-9d24-00b2923850e9:group-04FA6125A4DE:LeaderElection23: Election PASSED; received 1 response(s) [4657badc-a881-4269-9d24-00b2923850e9<-a0ca5ab1-38c1-47f3-a316-6e4e920a7449#0:OK-t1] and 0 exception(s); 4657badc-a881-4269-9d24-00b2923850e9:t1, leader=null, voted=4657badc-a881-4269-9d24-00b2923850e9, raftlog=4657badc-a881-4269-9d24-00b2923850e9-SegmentedRaftLog:OPENED:c-1,f-1,i0, conf=-1: [4657badc-a881-4269-9d24-00b2923850e9:192.168.69.96:36588, a0ca5ab1-38c1-47f3-a316-6e4e920a7449:192.168.69.96:41452, a0827f52-1715-42dc-9b30-a3361a171a27:192.168.69.96:41565], old=null
2019-07-13 09:26:35,910 INFO  impl.RoleInfo (RoleInfo.java:shutdownLeaderElection(134)) - 4657badc-a881-4269-9d24-00b2923850e9: shutdown LeaderElection
2019-07-13 09:26:35,930 INFO  impl.RaftServerImpl (RaftServerImpl.java:setRole(171)) - 4657badc-a881-4269-9d24-00b2923850e9:group-04FA6125A4DE changes role from CANDIDATE to LEADER at term 1 for changeToLeader
2019-07-13 09:26:35,930 INFO  impl.RaftServerImpl (ServerState.java:setLeader(263)) - 4657badc-a881-4269-9d24-00b2923850e9:group-04FA6125A4DE change Leader from null to 4657badc-a881-4269-9d24-00b2923850e9 at term 1 for becomeLeader, leader elected after 5182ms
2019-07-13 09:26:35,930 INFO  server.RaftServerConfigKeys (ConfUtils.java:logGet(43)) - raft.server.staging.catchup.gap = 1000 (default)
2019-07-13 09:26:35,930 INFO  server.RaftServerConfigKeys (ConfUtils.java:logGet(43)) - raft.server.rpc.sleep.time = 25ms (default)
2019-07-13 09:26:35,930 INFO  server.RaftServerConfigKeys (ConfUtils.java:logGet(43)) - raft.server.write.element-limit = 4096 (default)
2019-07-13 09:26:35,931 INFO  server.RaftServerConfigKeys (ConfUtils.java:logGet(43)) - raft.server.watch.timeout = 10s (default)
2019-07-13 09:26:35,931 INFO  server.RaftServerConfigKeys (ConfUtils.java:logGet(43)) - raft.server.watch.timeout.denomination = 1s (default)
2019-07-13 09:26:35,931 INFO  server.RaftServerConfigKeys (ConfUtils.java:logGet(43)) - raft.server.watch.element-limit = 65536 (default)
2019-07-13 09:26:35,931 INFO  server.RaftServerConfigKeys (ConfUtils.java:logGet(43)) - raft.server.log.appender.snapshot.chunk.size.max = 16MB (=16777216) (default)
2019-07-13 09:26:35,931 INFO  server.RaftServerConfigKeys (ConfUtils.java:logGet(43)) - raft.server.log.appender.buffer.byte-limit = 33554432 (custom)
2019-07-13 09:26:35,932 INFO  server.RaftServerConfigKeys (ConfUtils.java:logGet(43)) - raft.server.log.appender.buffer.element-limit = 1 (custom)
2019-07-13 09:26:35,932 INFO  grpc.GrpcConfigKeys$Server (ConfUtils.java:logGet(43)) - raft.grpc.server.leader.outstanding.appends.max = 128 (default)
2019-07-13 09:26:35,932 INFO  server.RaftServerConfigKeys (ConfUtils.java:logGet(43)) - raft.server.rpc.request.timeout = 3000ms (default)
2019-07-13 09:26:35,932 INFO  server.RaftServerConfigKeys (ConfUtils.java:logGet(43)) - raft.server.log.appender.install.snapshot.enabled = false (custom)
2019-07-13 09:26:35,932 INFO  server.RaftServerConfigKeys (ConfUtils.java:logGet(43)) - raft.server.log.appender.snapshot.chunk.size.max = 16MB (=16777216) (default)
2019-07-13 09:26:35,933 INFO  server.RaftServerConfigKeys (ConfUtils.java:logGet(43)) - raft.server.log.appender.buffer.byte-limit = 33554432 (custom)
2019-07-13 09:26:35,933 INFO  server.RaftServerConfigKeys (ConfUtils.java:logGet(43)) - raft.server.log.appender.buffer.element-limit = 1 (custom)
2019-07-13 09:26:35,933 INFO  grpc.GrpcConfigKeys$Server (ConfUtils.java:logGet(43)) - raft.grpc.server.leader.outstanding.appends.max = 128 (default)
2019-07-13 09:26:35,933 INFO  server.RaftServerConfigKeys (ConfUtils.java:logGet(43)) - raft.server.rpc.request.timeout = 3000ms (default)
2019-07-13 09:26:35,933 INFO  server.RaftServerConfigKeys (ConfUtils.java:logGet(43)) - raft.server.log.appender.install.snapshot.enabled = false (custom)
2019-07-13 09:26:35,934 INFO  impl.RoleInfo (RoleInfo.java:updateAndGet(143)) - 4657badc-a881-4269-9d24-00b2923850e9: start LeaderState
2019-07-13 09:26:35,934 INFO  segmented.SegmentedRaftLogWorker (SegmentedRaftLogWorker.java:startLogSegment(380)) - 4657badc-a881-4269-9d24-00b2923850e9-SegmentedRaftLogWorker:Storage Directory /tmp/workdir/hadoop-ozone/integration-test/target/test-dir/MiniOzoneClusterImpl-52da5e4c-509f-4cd4-9220-bd6b1bde4901/datanode-3/data/ratis/fde64bb6-81ab-486e-a46c-04fa6125a4de: Starting segment from index:0
2019-07-13 09:26:35,935 INFO  impl.RaftServerImpl (ServerState.java:setRaftConf(361)) - 4657badc-a881-4269-9d24-00b2923850e9:group-04FA6125A4DE set configuration 0: [4657badc-a881-4269-9d24-00b2923850e9:192.168.69.96:36588, a0ca5ab1-38c1-47f3-a316-6e4e920a7449:192.168.69.96:41452, a0827f52-1715-42dc-9b30-a3361a171a27:192.168.69.96:41565], old=null at 0
2019-07-13 09:26:35,967 INFO  impl.RaftServerImpl (ServerState.java:setLeader(263)) - a0827f52-1715-42dc-9b30-a3361a171a27:group-04FA6125A4DE change Leader from null to 4657badc-a881-4269-9d24-00b2923850e9 at term 1 for appendEntries, leader elected after 5220ms
2019-07-13 09:26:35,967 INFO  impl.RaftServerImpl (ServerState.java:setLeader(263)) - a0ca5ab1-38c1-47f3-a316-6e4e920a7449:group-04FA6125A4DE change Leader from null to 4657badc-a881-4269-9d24-00b2923850e9 at term 1 for appendEntries, leader elected after 5220ms
2019-07-13 09:26:35,976 INFO  segmented.SegmentedRaftLogWorker (SegmentedRaftLogWorker.java:execute(569)) - 4657badc-a881-4269-9d24-00b2923850e9-SegmentedRaftLogWorker:Storage Directory /tmp/workdir/hadoop-ozone/integration-test/target/test-dir/MiniOzoneClusterImpl-52da5e4c-509f-4cd4-9220-bd6b1bde4901/datanode-3/data/ratis/fde64bb6-81ab-486e-a46c-04fa6125a4de: created new log segment /tmp/workdir/hadoop-ozone/integration-test/target/test-dir/MiniOzoneClusterImpl-52da5e4c-509f-4cd4-9220-bd6b1bde4901/datanode-3/data/ratis/fde64bb6-81ab-486e-a46c-04fa6125a4de/current/log_inprogress_0
2019-07-13 09:26:35,982 INFO  impl.RaftServerImpl (ServerState.java:setRaftConf(361)) - a0827f52-1715-42dc-9b30-a3361a171a27:group-04FA6125A4DE set configuration 0: [4657badc-a881-4269-9d24-00b2923850e9:192.168.69.96:36588, a0ca5ab1-38c1-47f3-a316-6e4e920a7449:192.168.69.96:41452, a0827f52-1715-42dc-9b30-a3361a171a27:192.168.69.96:41565], old=null at 0
2019-07-13 09:26:35,982 INFO  segmented.SegmentedRaftLogWorker (SegmentedRaftLogWorker.java:startLogSegment(380)) - a0827f52-1715-42dc-9b30-a3361a171a27-SegmentedRaftLogWorker:Storage Directory /tmp/workdir/hadoop-ozone/integration-test/target/test-dir/MiniOzoneClusterImpl-52da5e4c-509f-4cd4-9220-bd6b1bde4901/datanode-5/data/ratis/fde64bb6-81ab-486e-a46c-04fa6125a4de: Starting segment from index:0
2019-07-13 09:26:35,986 INFO  impl.RaftServerImpl (ServerState.java:setRaftConf(361)) - a0ca5ab1-38c1-47f3-a316-6e4e920a7449:group-04FA6125A4DE set configuration 0: [4657badc-a881-4269-9d24-00b2923850e9:192.168.69.96:36588, a0ca5ab1-38c1-47f3-a316-6e4e920a7449:192.168.69.96:41452, a0827f52-1715-42dc-9b30-a3361a171a27:192.168.69.96:41565], old=null at 0
2019-07-13 09:26:35,986 INFO  segmented.SegmentedRaftLogWorker (SegmentedRaftLogWorker.java:startLogSegment(380)) - a0ca5ab1-38c1-47f3-a316-6e4e920a7449-SegmentedRaftLogWorker:Storage Directory /tmp/workdir/hadoop-ozone/integration-test/target/test-dir/MiniOzoneClusterImpl-52da5e4c-509f-4cd4-9220-bd6b1bde4901/datanode-4/data/ratis/fde64bb6-81ab-486e-a46c-04fa6125a4de: Starting segment from index:0
2019-07-13 09:26:36,016 INFO  segmented.SegmentedRaftLogWorker (SegmentedRaftLogWorker.java:execute(569)) - a0827f52-1715-42dc-9b30-a3361a171a27-SegmentedRaftLogWorker:Storage Directory /tmp/workdir/hadoop-ozone/integration-test/target/test-dir/MiniOzoneClusterImpl-52da5e4c-509f-4cd4-9220-bd6b1bde4901/datanode-5/data/ratis/fde64bb6-81ab-486e-a46c-04fa6125a4de: created new log segment /tmp/workdir/hadoop-ozone/integration-test/target/test-dir/MiniOzoneClusterImpl-52da5e4c-509f-4cd4-9220-bd6b1bde4901/datanode-5/data/ratis/fde64bb6-81ab-486e-a46c-04fa6125a4de/current/log_inprogress_0
2019-07-13 09:26:36,016 INFO  segmented.SegmentedRaftLogWorker (SegmentedRaftLogWorker.java:execute(569)) - a0ca5ab1-38c1-47f3-a316-6e4e920a7449-SegmentedRaftLogWorker:Storage Directory /tmp/workdir/hadoop-ozone/integration-test/target/test-dir/MiniOzoneClusterImpl-52da5e4c-509f-4cd4-9220-bd6b1bde4901/datanode-4/data/ratis/fde64bb6-81ab-486e-a46c-04fa6125a4de: created new log segment /tmp/workdir/hadoop-ozone/integration-test/target/test-dir/MiniOzoneClusterImpl-52da5e4c-509f-4cd4-9220-bd6b1bde4901/datanode-4/data/ratis/fde64bb6-81ab-486e-a46c-04fa6125a4de/current/log_inprogress_0
2019-07-13 09:26:36,033 INFO  client.GrpcClientProtocolClient (GrpcClientProtocolClient.java:onNext(255)) - client-AC46F4FCFAE2->57439b7a-490c-41b0-9ad7-0055bd36a14e: receive RaftClientReply:client-AC46F4FCFAE2->57439b7a-490c-41b0-9ad7-0055bd36a14e@group-B944A034CFBE, cid=37, FAILED org.apache.ratis.protocol.NotLeaderException: Server 57439b7a-490c-41b0-9ad7-0055bd36a14e is not the leader (null). Request must be sent to leader., logIndex=0, commits[57439b7a-490c-41b0-9ad7-0055bd36a14e:c-1]
2019-07-13 09:26:37,057 INFO  client.GrpcClientProtocolClient (GrpcClientProtocolClient.java:onNext(255)) - client-AC46F4FCFAE2->5542dfa5-009f-499e-9051-0d7f6e2adeb3: receive RaftClientReply:client-AC46F4FCFAE2->5542dfa5-009f-499e-9051-0d7f6e2adeb3@group-B944A034CFBE, cid=37, FAILED org.apache.ratis.protocol.NotLeaderException: Server 5542dfa5-009f-499e-9051-0d7f6e2adeb3 is not the leader (null). Request must be sent to leader., logIndex=0, commits[5542dfa5-009f-499e-9051-0d7f6e2adeb3:c-1]
2019-07-13 09:26:38,088 INFO  client.GrpcClientProtocolClient (GrpcClientProtocolClient.java:onNext(255)) - client-AC46F4FCFAE2->a061601d-874e-448c-a556-55854e34a002: receive RaftClientReply:client-AC46F4FCFAE2->a061601d-874e-448c-a556-55854e34a002@group-B944A034CFBE, cid=37, FAILED org.apache.ratis.protocol.NotLeaderException: Server a061601d-874e-448c-a556-55854e34a002 is not the leader (null). Request must be sent to leader., logIndex=0, commits[a061601d-874e-448c-a556-55854e34a002:c-1]
2019-07-13 09:26:39,113 INFO  client.GrpcClientProtocolClient (GrpcClientProtocolClient.java:onNext(255)) - client-AC46F4FCFAE2->5542dfa5-009f-499e-9051-0d7f6e2adeb3: receive RaftClientReply:client-AC46F4FCFAE2->5542dfa5-009f-499e-9051-0d7f6e2adeb3@group-B944A034CFBE, cid=37, FAILED org.apache.ratis.protocol.NotLeaderException: Server 5542dfa5-009f-499e-9051-0d7f6e2adeb3 is not the leader (null). Request must be sent to leader., logIndex=0, commits[5542dfa5-009f-499e-9051-0d7f6e2adeb3:c-1]
2019-07-13 09:26:40,138 INFO  client.GrpcClientProtocolClient (GrpcClientProtocolClient.java:onNext(255)) - client-AC46F4FCFAE2->a061601d-874e-448c-a556-55854e34a002: receive RaftClientReply:client-AC46F4FCFAE2->a061601d-874e-448c-a556-55854e34a002@group-B944A034CFBE, cid=37, FAILED org.apache.ratis.protocol.NotLeaderException: Server a061601d-874e-448c-a556-55854e34a002 is not the leader (null). Request must be sent to leader., logIndex=0, commits[a061601d-874e-448c-a556-55854e34a002:c-1]
2019-07-13 09:26:40,263 INFO  impl.FollowerState (FollowerState.java:run(106)) - a061601d-874e-448c-a556-55854e34a002:group-B944A034CFBE changes to CANDIDATE, lastRpcTime:5067, electionTimeout:5067ms
2019-07-13 09:26:40,263 INFO  impl.RoleInfo (RoleInfo.java:shutdownFollowerState(121)) - a061601d-874e-448c-a556-55854e34a002: shutdown FollowerState
2019-07-13 09:26:40,263 INFO  impl.RaftServerImpl (RaftServerImpl.java:setRole(171)) - a061601d-874e-448c-a556-55854e34a002:group-B944A034CFBE changes role from FOLLOWER to CANDIDATE at term 1 for changeToCandidate
2019-07-13 09:26:40,263 INFO  impl.RoleInfo (RoleInfo.java:updateAndGet(143)) - a061601d-874e-448c-a556-55854e34a002: start LeaderElection
2019-07-13 09:26:40,277 INFO  impl.FollowerState (FollowerState.java:run(106)) - 57439b7a-490c-41b0-9ad7-0055bd36a14e:group-B944A034CFBE changes to CANDIDATE, lastRpcTime:5093, electionTimeout:5090ms
2019-07-13 09:26:40,277 INFO  impl.RoleInfo (RoleInfo.java:shutdownFollowerState(121)) - 57439b7a-490c-41b0-9ad7-0055bd36a14e: shutdown FollowerState
2019-07-13 09:26:40,277 INFO  impl.RaftServerImpl (RaftServerImpl.java:setRole(171)) - 57439b7a-490c-41b0-9ad7-0055bd36a14e:group-B944A034CFBE changes role from FOLLOWER to CANDIDATE at term 1 for changeToCandidate
2019-07-13 09:26:40,277 INFO  impl.RoleInfo (RoleInfo.java:updateAndGet(143)) - 57439b7a-490c-41b0-9ad7-0055bd36a14e: start LeaderElection
2019-07-13 09:26:40,283 INFO  impl.LeaderElection (LeaderElection.java:askForVotes(181)) - a061601d-874e-448c-a556-55854e34a002:group-B944A034CFBE:LeaderElection24: begin an election at term 2 for -1: [57439b7a-490c-41b0-9ad7-0055bd36a14e:192.168.69.96:38368, 5542dfa5-009f-499e-9051-0d7f6e2adeb3:192.168.69.96:41865, a061601d-874e-448c-a556-55854e34a002:192.168.69.96:45293], old=null
2019-07-13 09:26:40,285 INFO  impl.LeaderElection (LeaderElection.java:askForVotes(181)) - 57439b7a-490c-41b0-9ad7-0055bd36a14e:group-B944A034CFBE:LeaderElection25: begin an election at term 2 for -1: [57439b7a-490c-41b0-9ad7-0055bd36a14e:192.168.69.96:38368, 5542dfa5-009f-499e-9051-0d7f6e2adeb3:192.168.69.96:41865, a061601d-874e-448c-a556-55854e34a002:192.168.69.96:45293], old=null
2019-07-13 09:26:40,286 INFO  impl.RaftServerImpl (RaftServerImpl.java:setRole(171)) - 5542dfa5-009f-499e-9051-0d7f6e2adeb3:group-B944A034CFBE changes role from FOLLOWER to FOLLOWER at term 2 for recognizeCandidate:a061601d-874e-448c-a556-55854e34a002
2019-07-13 09:26:40,286 INFO  impl.RoleInfo (RoleInfo.java:shutdownFollowerState(121)) - 5542dfa5-009f-499e-9051-0d7f6e2adeb3: shutdown FollowerState
2019-07-13 09:26:40,287 INFO  impl.RoleInfo (RoleInfo.java:updateAndGet(143)) - 5542dfa5-009f-499e-9051-0d7f6e2adeb3: start FollowerState
2019-07-13 09:26:40,287 INFO  impl.FollowerState (FollowerState.java:run(114)) - 5542dfa5-009f-499e-9051-0d7f6e2adeb3: FollowerState was interrupted: java.lang.InterruptedException: sleep interrupted
2019-07-13 09:26:40,307 INFO  impl.LeaderElection (LeaderElection.java:logAndReturn(56)) - a061601d-874e-448c-a556-55854e34a002:group-B944A034CFBE:LeaderElection24: Election PASSED; received 2 response(s) [a061601d-874e-448c-a556-55854e34a002<-57439b7a-490c-41b0-9ad7-0055bd36a14e#0:FAIL-t2, a061601d-874e-448c-a556-55854e34a002<-5542dfa5-009f-499e-9051-0d7f6e2adeb3#0:OK-t2] and 0 exception(s); a061601d-874e-448c-a556-55854e34a002:t2, leader=null, voted=a061601d-874e-448c-a556-55854e34a002, raftlog=a061601d-874e-448c-a556-55854e34a002-SegmentedRaftLog:OPENED:c-1,f-1,i0, conf=-1: [57439b7a-490c-41b0-9ad7-0055bd36a14e:192.168.69.96:38368, 5542dfa5-009f-499e-9051-0d7f6e2adeb3:192.168.69.96:41865, a061601d-874e-448c-a556-55854e34a002:192.168.69.96:45293], old=null
2019-07-13 09:26:40,307 INFO  impl.LeaderElection (LeaderElection.java:logAndReturn(56)) - 57439b7a-490c-41b0-9ad7-0055bd36a14e:group-B944A034CFBE:LeaderElection25: Election REJECTED; received 2 response(s) [57439b7a-490c-41b0-9ad7-0055bd36a14e<-a061601d-874e-448c-a556-55854e34a002#0:FAIL-t2, 57439b7a-490c-41b0-9ad7-0055bd36a14e<-5542dfa5-009f-499e-9051-0d7f6e2adeb3#0:FAIL-t2] and 0 exception(s); 57439b7a-490c-41b0-9ad7-0055bd36a14e:t2, leader=null, voted=57439b7a-490c-41b0-9ad7-0055bd36a14e, raftlog=57439b7a-490c-41b0-9ad7-0055bd36a14e-SegmentedRaftLog:OPENED:c-1,f-1,i0, conf=-1: [57439b7a-490c-41b0-9ad7-0055bd36a14e:192.168.69.96:38368, 5542dfa5-009f-499e-9051-0d7f6e2adeb3:192.168.69.96:41865, a061601d-874e-448c-a556-55854e34a002:192.168.69.96:45293], old=null
2019-07-13 09:26:40,307 INFO  impl.RoleInfo (RoleInfo.java:shutdownLeaderElection(134)) - a061601d-874e-448c-a556-55854e34a002: shutdown LeaderElection
2019-07-13 09:26:40,308 INFO  impl.RaftServerImpl (RaftServerImpl.java:setRole(171)) - 57439b7a-490c-41b0-9ad7-0055bd36a14e:group-B944A034CFBE changes role from CANDIDATE to FOLLOWER at term 2 for DISCOVERED_A_NEW_TERM
2019-07-13 09:26:40,308 INFO  impl.RaftServerImpl (RaftServerImpl.java:setRole(171)) - a061601d-874e-448c-a556-55854e34a002:group-B944A034CFBE changes role from CANDIDATE to LEADER at term 2 for changeToLeader
2019-07-13 09:26:40,308 INFO  impl.RoleInfo (RoleInfo.java:shutdownLeaderElection(134)) - 57439b7a-490c-41b0-9ad7-0055bd36a14e: shutdown LeaderElection
2019-07-13 09:26:40,308 INFO  impl.RaftServerImpl (ServerState.java:setLeader(263)) - a061601d-874e-448c-a556-55854e34a002:group-B944A034CFBE change Leader from null to a061601d-874e-448c-a556-55854e34a002 at term 2 for becomeLeader, leader elected after 10255ms
2019-07-13 09:26:40,308 INFO  impl.RoleInfo (RoleInfo.java:updateAndGet(143)) - 57439b7a-490c-41b0-9ad7-0055bd36a14e: start FollowerState
2019-07-13 09:26:40,308 INFO  server.RaftServerConfigKeys (ConfUtils.java:logGet(43)) - raft.server.staging.catchup.gap = 1000 (default)
2019-07-13 09:26:40,308 INFO  server.RaftServerConfigKeys (ConfUtils.java:logGet(43)) - raft.server.rpc.sleep.time = 25ms (default)
2019-07-13 09:26:40,309 INFO  server.RaftServerConfigKeys (ConfUtils.java:logGet(43)) - raft.server.write.element-limit = 4096 (default)
2019-07-13 09:26:40,309 INFO  server.RaftServerConfigKeys (ConfUtils.java:logGet(43)) - raft.server.watch.timeout = 10s (default)
2019-07-13 09:26:40,309 INFO  server.RaftServerConfigKeys (ConfUtils.java:logGet(43)) - raft.server.watch.timeout.denomination = 1s (default)
2019-07-13 09:26:40,309 INFO  server.RaftServerConfigKeys (ConfUtils.java:logGet(43)) - raft.server.watch.element-limit = 65536 (default)
2019-07-13 09:26:40,309 INFO  server.RaftServerConfigKeys (ConfUtils.java:logGet(43)) - raft.server.log.appender.snapshot.chunk.size.max = 16MB (=16777216) (default)
2019-07-13 09:26:40,310 INFO  server.RaftServerConfigKeys (ConfUtils.java:logGet(43)) - raft.server.log.appender.buffer.byte-limit = 33554432 (custom)
2019-07-13 09:26:40,310 INFO  server.RaftServerConfigKeys (ConfUtils.java:logGet(43)) - raft.server.log.appender.buffer.element-limit = 1 (custom)
2019-07-13 09:26:40,310 INFO  grpc.GrpcConfigKeys$Server (ConfUtils.java:logGet(43)) - raft.grpc.server.leader.outstanding.appends.max = 128 (default)
2019-07-13 09:26:40,310 INFO  server.RaftServerConfigKeys (ConfUtils.java:logGet(43)) - raft.server.rpc.request.timeout = 3000ms (default)
2019-07-13 09:26:40,310 INFO  server.RaftServerConfigKeys (ConfUtils.java:logGet(43)) - raft.server.log.appender.install.snapshot.enabled = false (custom)
2019-07-13 09:26:40,311 INFO  server.RaftServerConfigKeys (ConfUtils.java:logGet(43)) - raft.server.log.appender.snapshot.chunk.size.max = 16MB (=16777216) (default)
2019-07-13 09:26:40,311 INFO  server.RaftServerConfigKeys (ConfUtils.java:logGet(43)) - raft.server.log.appender.buffer.byte-limit = 33554432 (custom)
2019-07-13 09:26:40,311 INFO  server.RaftServerConfigKeys (ConfUtils.java:logGet(43)) - raft.server.log.appender.buffer.element-limit = 1 (custom)
2019-07-13 09:26:40,311 INFO  grpc.GrpcConfigKeys$Server (ConfUtils.java:logGet(43)) - raft.grpc.server.leader.outstanding.appends.max = 128 (default)
2019-07-13 09:26:40,311 INFO  server.RaftServerConfigKeys (ConfUtils.java:logGet(43)) - raft.server.rpc.request.timeout = 3000ms (default)
2019-07-13 09:26:40,312 INFO  server.RaftServerConfigKeys (ConfUtils.java:logGet(43)) - raft.server.log.appender.install.snapshot.enabled = false (custom)
2019-07-13 09:26:40,312 INFO  impl.RoleInfo (RoleInfo.java:updateAndGet(143)) - a061601d-874e-448c-a556-55854e34a002: start LeaderState
2019-07-13 09:26:40,312 INFO  segmented.SegmentedRaftLogWorker (SegmentedRaftLogWorker.java:startLogSegment(380)) - a061601d-874e-448c-a556-55854e34a002-SegmentedRaftLogWorker:Storage Directory /tmp/workdir/hadoop-ozone/integration-test/target/test-dir/MiniOzoneClusterImpl-52da5e4c-509f-4cd4-9220-bd6b1bde4901/datanode-2/data/ratis/0a2a8b96-9b45-4a64-aebc-b944a034cfbe: Starting segment from index:0
2019-07-13 09:26:40,313 INFO  impl.RaftServerImpl (ServerState.java:setRaftConf(361)) - a061601d-874e-448c-a556-55854e34a002:group-B944A034CFBE set configuration 0: [57439b7a-490c-41b0-9ad7-0055bd36a14e:192.168.69.96:38368, 5542dfa5-009f-499e-9051-0d7f6e2adeb3:192.168.69.96:41865, a061601d-874e-448c-a556-55854e34a002:192.168.69.96:45293], old=null at 0
2019-07-13 09:26:40,315 INFO  impl.RaftServerImpl (ServerState.java:setLeader(263)) - 57439b7a-490c-41b0-9ad7-0055bd36a14e:group-B944A034CFBE change Leader from null to a061601d-874e-448c-a556-55854e34a002 at term 2 for appendEntries, leader elected after 10262ms
2019-07-13 09:26:40,315 INFO  impl.RaftServerImpl (ServerState.java:setLeader(263)) - 5542dfa5-009f-499e-9051-0d7f6e2adeb3:group-B944A034CFBE change Leader from null to a061601d-874e-448c-a556-55854e34a002 at term 2 for appendEntries, leader elected after 10262ms
2019-07-13 09:26:40,321 INFO  impl.RaftServerImpl (ServerState.java:setRaftConf(361)) - 57439b7a-490c-41b0-9ad7-0055bd36a14e:group-B944A034CFBE set configuration 0: [57439b7a-490c-41b0-9ad7-0055bd36a14e:192.168.69.96:38368, 5542dfa5-009f-499e-9051-0d7f6e2adeb3:192.168.69.96:41865, a061601d-874e-448c-a556-55854e34a002:192.168.69.96:45293], old=null at 0
2019-07-13 09:26:40,321 INFO  segmented.SegmentedRaftLogWorker (SegmentedRaftLogWorker.java:startLogSegment(380)) - 57439b7a-490c-41b0-9ad7-0055bd36a14e-SegmentedRaftLogWorker:Storage Directory /tmp/workdir/hadoop-ozone/integration-test/target/test-dir/MiniOzoneClusterImpl-52da5e4c-509f-4cd4-9220-bd6b1bde4901/datanode-1/data/ratis/0a2a8b96-9b45-4a64-aebc-b944a034cfbe: Starting segment from index:0
2019-07-13 09:26:40,322 INFO  impl.RaftServerImpl (ServerState.java:setRaftConf(361)) - 5542dfa5-009f-499e-9051-0d7f6e2adeb3:group-B944A034CFBE set configuration 0: [57439b7a-490c-41b0-9ad7-0055bd36a14e:192.168.69.96:38368, 5542dfa5-009f-499e-9051-0d7f6e2adeb3:192.168.69.96:41865, a061601d-874e-448c-a556-55854e34a002:192.168.69.96:45293], old=null at 0
2019-07-13 09:26:40,322 INFO  segmented.SegmentedRaftLogWorker (SegmentedRaftLogWorker.java:startLogSegment(380)) - 5542dfa5-009f-499e-9051-0d7f6e2adeb3-SegmentedRaftLogWorker:Storage Directory /tmp/workdir/hadoop-ozone/integration-test/target/test-dir/MiniOzoneClusterImpl-52da5e4c-509f-4cd4-9220-bd6b1bde4901/datanode-0/data/ratis/0a2a8b96-9b45-4a64-aebc-b944a034cfbe: Starting segment from index:0
2019-07-13 09:26:40,511 INFO  segmented.SegmentedRaftLogWorker (SegmentedRaftLogWorker.java:execute(569)) - 57439b7a-490c-41b0-9ad7-0055bd36a14e-SegmentedRaftLogWorker:Storage Directory /tmp/workdir/hadoop-ozone/integration-test/target/test-dir/MiniOzoneClusterImpl-52da5e4c-509f-4cd4-9220-bd6b1bde4901/datanode-1/data/ratis/0a2a8b96-9b45-4a64-aebc-b944a034cfbe: created new log segment /tmp/workdir/hadoop-ozone/integration-test/target/test-dir/MiniOzoneClusterImpl-52da5e4c-509f-4cd4-9220-bd6b1bde4901/datanode-1/data/ratis/0a2a8b96-9b45-4a64-aebc-b944a034cfbe/current/log_inprogress_0
2019-07-13 09:26:40,577 INFO  segmented.SegmentedRaftLogWorker (SegmentedRaftLogWorker.java:execute(569)) - a061601d-874e-448c-a556-55854e34a002-SegmentedRaftLogWorker:Storage Directory /tmp/workdir/hadoop-ozone/integration-test/target/test-dir/MiniOzoneClusterImpl-52da5e4c-509f-4cd4-9220-bd6b1bde4901/datanode-2/data/ratis/0a2a8b96-9b45-4a64-aebc-b944a034cfbe: created new log segment /tmp/workdir/hadoop-ozone/integration-test/target/test-dir/MiniOzoneClusterImpl-52da5e4c-509f-4cd4-9220-bd6b1bde4901/datanode-2/data/ratis/0a2a8b96-9b45-4a64-aebc-b944a034cfbe/current/log_inprogress_0
2019-07-13 09:26:40,595 INFO  segmented.SegmentedRaftLogWorker (SegmentedRaftLogWorker.java:execute(569)) - 5542dfa5-009f-499e-9051-0d7f6e2adeb3-SegmentedRaftLogWorker:Storage Directory /tmp/workdir/hadoop-ozone/integration-test/target/test-dir/MiniOzoneClusterImpl-52da5e4c-509f-4cd4-9220-bd6b1bde4901/datanode-0/data/ratis/0a2a8b96-9b45-4a64-aebc-b944a034cfbe: created new log segment /tmp/workdir/hadoop-ozone/integration-test/target/test-dir/MiniOzoneClusterImpl-52da5e4c-509f-4cd4-9220-bd6b1bde4901/datanode-0/data/ratis/0a2a8b96-9b45-4a64-aebc-b944a034cfbe/current/log_inprogress_0
2019-07-13 09:26:41,180 INFO  client.GrpcClientProtocolClient (GrpcClientProtocolClient.java:onNext(255)) - client-AC46F4FCFAE2->5542dfa5-009f-499e-9051-0d7f6e2adeb3: receive RaftClientReply:client-AC46F4FCFAE2->5542dfa5-009f-499e-9051-0d7f6e2adeb3@group-B944A034CFBE, cid=37, FAILED org.apache.ratis.protocol.NotLeaderException: Server 5542dfa5-009f-499e-9051-0d7f6e2adeb3 is not the leader (a061601d-874e-448c-a556-55854e34a002:192.168.69.96:45293). Request must be sent to leader., logIndex=0, commits[5542dfa5-009f-499e-9051-0d7f6e2adeb3:c-1, 57439b7a-490c-41b0-9ad7-0055bd36a14e:c-1, a061601d-874e-448c-a556-55854e34a002:c-1]
]]></system-out>
    <system-err><![CDATA[Jul 13, 2019 9:26:25 AM com.sun.jersey.server.impl.application.WebApplicationImpl _initiate
INFO: Initiating Jersey application, version 'Jersey: 1.19 02/11/2015 03:25 AM'
Jul 13, 2019 9:26:25 AM com.sun.jersey.server.impl.application.WebApplicationImpl _initiate
INFO: Initiating Jersey application, version 'Jersey: 1.19 02/11/2015 03:25 AM'
Jul 13, 2019 9:26:25 AM com.sun.jersey.server.impl.application.WebApplicationImpl _initiate
INFO: Initiating Jersey application, version 'Jersey: 1.19 02/11/2015 03:25 AM'
Jul 13, 2019 9:26:25 AM com.sun.jersey.server.impl.application.WebApplicationImpl _initiate
INFO: Initiating Jersey application, version 'Jersey: 1.19 02/11/2015 03:25 AM'
Jul 13, 2019 9:26:26 AM com.sun.jersey.server.impl.application.WebApplicationImpl _initiate
INFO: Initiating Jersey application, version 'Jersey: 1.19 02/11/2015 03:25 AM'
Jul 13, 2019 9:26:26 AM com.sun.jersey.server.impl.application.WebApplicationImpl _initiate
INFO: Initiating Jersey application, version 'Jersey: 1.19 02/11/2015 03:25 AM'
Jul 13, 2019 9:26:26 AM com.sun.jersey.server.impl.application.WebApplicationImpl _initiate
INFO: Initiating Jersey application, version 'Jersey: 1.19 02/11/2015 03:25 AM'
]]></system-err>
  </testcase>
  <testcase name="testWatchForCommitForRetryfailure" classname="org.apache.hadoop.ozone.client.rpc.TestWatchForCommit" time="52.11"/>
  <testcase name="testWatchForCommitForGroupMismatchException" classname="org.apache.hadoop.ozone.client.rpc.TestWatchForCommit" time="33.631"/>
  <testcase name="test2WayCommitForTimeoutException" classname="org.apache.hadoop.ozone.client.rpc.TestWatchForCommit" time="36.276"/>
  <testcase name="test2WayCommitForRetryfailure" classname="org.apache.hadoop.ozone.client.rpc.TestWatchForCommit" time="45.448"/>
</testsuite>