<?xml version="1.0" encoding="UTF-8"?>
<testsuite xmlns:xsi="http://www.w3.org/2001/XMLSchema-instance" xsi:noNamespaceSchemaLocation="https://maven.apache.org/surefire/maven-surefire-plugin/xsd/surefire-test-report.xsd" name="org.apache.hadoop.ozone.container.common.statemachine.commandhandler.TestBlockDeletion" time="109.831" tests="1" errors="0" skipped="0" failures="1">
  <properties>
    <property name="awt.toolkit" value="sun.awt.X11.XToolkit"/>
    <property name="file.encoding.pkg" value="sun.io"/>
    <property name="java.specification.version" value="1.8"/>
    <property name="sun.cpu.isalist" value=""/>
    <property name="sun.jnu.encoding" value="UTF-8"/>
    <property name="java.class.path" value="/tmp/workdir/hadoop-ozone/integration-test/target/test-classes:/tmp/workdir/hadoop-ozone/integration-test/target/classes:/home/user/.m2/repository/org/apache/hadoop/hadoop-ozone-common/0.5.0-SNAPSHOT/hadoop-ozone-common-0.5.0-SNAPSHOT.jar:/home/user/.m2/repository/org/apache/commons/commons-compress/1.4.1/commons-compress-1.4.1.jar:/home/user/.m2/repository/org/tukaani/xz/1.0/xz-1.0.jar:/home/user/.m2/repository/org/apache/hadoop/hadoop-common/3.2.0/hadoop-common-3.2.0.jar:/home/user/.m2/repository/org/apache/hadoop/hadoop-hdfs/3.2.0/hadoop-hdfs-3.2.0.jar:/home/user/.m2/repository/org/apache/hadoop/hadoop-hdfs-client/3.2.0/hadoop-hdfs-client-3.2.0.jar:/home/user/.m2/repository/com/fasterxml/jackson/core/jackson-annotations/2.9.5/jackson-annotations-2.9.5.jar:/home/user/.m2/repository/org/apache/hadoop/hadoop-hdds-common/0.5.0-SNAPSHOT/hadoop-hdds-common-0.5.0-SNAPSHOT.jar:/home/user/.m2/repository/javax/annotation/javax.annotation-api/1.2/javax.annotation-api-1.2.jar:/home/user/.m2/repository/org/apache/ratis/ratis-server/0.4.0-2337318-SNAPSHOT/ratis-server-0.4.0-2337318-SNAPSHOT.jar:/home/user/.m2/repository/org/apache/ratis/ratis-thirdparty-misc/0.2.0/ratis-thirdparty-misc-0.2.0.jar:/home/user/.m2/repository/org/apache/ratis/ratis-proto/0.4.0-2337318-SNAPSHOT/ratis-proto-0.4.0-2337318-SNAPSHOT.jar:/home/user/.m2/repository/org/apache/ratis/ratis-common/0.4.0-2337318-SNAPSHOT/ratis-common-0.4.0-2337318-SNAPSHOT.jar:/home/user/.m2/repository/org/apache/ratis/ratis-client/0.4.0-2337318-SNAPSHOT/ratis-client-0.4.0-2337318-SNAPSHOT.jar:/home/user/.m2/repository/org/apache/ratis/ratis-metrics/0.4.0-2337318-SNAPSHOT/ratis-metrics-0.4.0-2337318-SNAPSHOT.jar:/home/user/.m2/repository/org/apache/ratis/ratis-netty/0.4.0-2337318-SNAPSHOT/ratis-netty-0.4.0-2337318-SNAPSHOT.jar:/home/user/.m2/repository/org/apache/ratis/ratis-grpc/0.4.0-2337318-SNAPSHOT/ratis-grpc-0.4.0-2337318-SNAPSHOT.jar:/home/user/.m2/repository/org/rocksdb/rocksdbjni/6.0.1/rocksdbjni-6.0.1.jar:/home/user/.m2/repository/org/apache/logging/log4j/log4j-api/2.11.0/log4j-api-2.11.0.jar:/home/user/.m2/repository/org/apache/logging/log4j/log4j-core/2.11.0/log4j-core-2.11.0.jar:/home/user/.m2/repository/com/lmax/disruptor/3.4.2/disruptor-3.4.2.jar:/home/user/.m2/repository/org/apache/commons/commons-pool2/2.6.0/commons-pool2-2.6.0.jar:/home/user/.m2/repository/org/bouncycastle/bcpkix-jdk15on/1.60/bcpkix-jdk15on-1.60.jar:/home/user/.m2/repository/commons-validator/commons-validator/1.6/commons-validator-1.6.jar:/home/user/.m2/repository/commons-digester/commons-digester/1.8.1/commons-digester-1.8.1.jar:/home/user/.m2/repository/io/jaegertracing/jaeger-client/0.33.1/jaeger-client-0.33.1.jar:/home/user/.m2/repository/io/jaegertracing/jaeger-thrift/0.33.1/jaeger-thrift-0.33.1.jar:/home/user/.m2/repository/org/apache/thrift/libthrift/0.11.0/libthrift-0.11.0.jar:/home/user/.m2/repository/com/squareup/okhttp3/okhttp/3.9.0/okhttp-3.9.0.jar:/home/user/.m2/repository/com/squareup/okio/okio/1.13.0/okio-1.13.0.jar:/home/user/.m2/repository/io/jaegertracing/jaeger-core/0.33.1/jaeger-core-0.33.1.jar:/home/user/.m2/repository/io/jaegertracing/jaeger-tracerresolver/0.33.1/jaeger-tracerresolver-0.33.1.jar:/home/user/.m2/repository/io/opentracing/contrib/opentracing-tracerresolver/0.1.5/opentracing-tracerresolver-0.1.5.jar:/home/user/.m2/repository/io/opentracing/opentracing-util/0.31.0/opentracing-util-0.31.0.jar:/home/user/.m2/repository/io/opentracing/opentracing-api/0.31.0/opentracing-api-0.31.0.jar:/home/user/.m2/repository/io/opentracing/opentracing-noop/0.31.0/opentracing-noop-0.31.0.jar:/home/user/.m2/repository/org/apache/hadoop/hadoop-hdds-server-framework/0.5.0-SNAPSHOT/hadoop-hdds-server-framework-0.5.0-SNAPSHOT.jar:/home/user/.m2/repository/org/apache/hadoop/hadoop-hdds-container-service/0.5.0-SNAPSHOT/hadoop-hdds-container-service-0.5.0-SNAPSHOT.jar:/home/user/.m2/repository/org/apache/hadoop/hadoop-hdds-client/0.5.0-SNAPSHOT/hadoop-hdds-client-0.5.0-SNAPSHOT.jar:/home/user/.m2/repository/org/apache/hadoop/hadoop-hdds-tools/0.5.0-SNAPSHOT/hadoop-hdds-tools-0.5.0-SNAPSHOT.jar:/home/user/.m2/repository/org/apache/hadoop/hadoop-hdds-server-scm/0.5.0-SNAPSHOT/hadoop-hdds-server-scm-0.5.0-SNAPSHOT.jar:/home/user/.m2/repository/org/apache/hadoop/hadoop-hdds-docs/0.5.0-SNAPSHOT/hadoop-hdds-docs-0.5.0-SNAPSHOT.jar:/home/user/.m2/repository/io/dropwizard/metrics/metrics-core/3.2.4/metrics-core-3.2.4.jar:/home/user/.m2/repository/org/hamcrest/hamcrest-all/1.3/hamcrest-all-1.3.jar:/home/user/.m2/repository/org/bouncycastle/bcprov-jdk15on/1.60/bcprov-jdk15on-1.60.jar:/home/user/.m2/repository/info/picocli/picocli/3.9.6/picocli-3.9.6.jar:/home/user/.m2/repository/com/google/protobuf/protobuf-java/2.5.0/protobuf-java-2.5.0.jar:/home/user/.m2/repository/com/google/guava/guava/11.0.2/guava-11.0.2.jar:/home/user/.m2/repository/org/apache/hadoop/hadoop-ozone-ozone-manager/0.5.0-SNAPSHOT/hadoop-ozone-ozone-manager-0.5.0-SNAPSHOT.jar:/home/user/.m2/repository/org/apache/hadoop/hadoop-minikdc/3.2.0/hadoop-minikdc-3.2.0.jar:/home/user/.m2/repository/commons-io/commons-io/2.5/commons-io-2.5.jar:/home/user/.m2/repository/org/apache/kerby/kerb-simplekdc/1.0.1/kerb-simplekdc-1.0.1.jar:/home/user/.m2/repository/org/apache/kerby/kerb-client/1.0.1/kerb-client-1.0.1.jar:/home/user/.m2/repository/org/apache/kerby/kerby-config/1.0.1/kerby-config-1.0.1.jar:/home/user/.m2/repository/org/apache/kerby/kerb-core/1.0.1/kerb-core-1.0.1.jar:/home/user/.m2/repository/org/apache/kerby/kerby-pkix/1.0.1/kerby-pkix-1.0.1.jar:/home/user/.m2/repository/org/apache/kerby/kerby-asn1/1.0.1/kerby-asn1-1.0.1.jar:/home/user/.m2/repository/org/apache/kerby/kerby-util/1.0.1/kerby-util-1.0.1.jar:/home/user/.m2/repository/org/apache/kerby/kerb-common/1.0.1/kerb-common-1.0.1.jar:/home/user/.m2/repository/org/apache/kerby/kerb-crypto/1.0.1/kerb-crypto-1.0.1.jar:/home/user/.m2/repository/org/apache/kerby/kerb-util/1.0.1/kerb-util-1.0.1.jar:/home/user/.m2/repository/org/apache/kerby/token-provider/1.0.1/token-provider-1.0.1.jar:/home/user/.m2/repository/org/apache/kerby/kerb-admin/1.0.1/kerb-admin-1.0.1.jar:/home/user/.m2/repository/org/apache/kerby/kerb-server/1.0.1/kerb-server-1.0.1.jar:/home/user/.m2/repository/org/apache/kerby/kerb-identity/1.0.1/kerb-identity-1.0.1.jar:/home/user/.m2/repository/org/apache/kerby/kerby-xdr/1.0.1/kerby-xdr-1.0.1.jar:/home/user/.m2/repository/org/slf4j/slf4j-log4j12/1.7.25/slf4j-log4j12-1.7.25.jar:/home/user/.m2/repository/org/apache/hadoop/hadoop-ozone-objectstore-service/0.5.0-SNAPSHOT/hadoop-ozone-objectstore-service-0.5.0-SNAPSHOT.jar:/home/user/.m2/repository/org/apache/hadoop/hadoop-ozone-s3gateway/0.5.0-SNAPSHOT/hadoop-ozone-s3gateway-0.5.0-SNAPSHOT.jar:/home/user/.m2/repository/org/jboss/weld/servlet/weld-servlet/2.4.7.Final/weld-servlet-2.4.7.Final.jar:/home/user/.m2/repository/org/glassfish/jersey/containers/jersey-container-servlet-core/2.27/jersey-container-servlet-core-2.27.jar:/home/user/.m2/repository/org/glassfish/hk2/external/javax.inject/2.5.0-b42/javax.inject-2.5.0-b42.jar:/home/user/.m2/repository/org/glassfish/jersey/core/jersey-common/2.27/jersey-common-2.27.jar:/home/user/.m2/repository/org/glassfish/hk2/osgi-resource-locator/1.0.1/osgi-resource-locator-1.0.1.jar:/home/user/.m2/repository/javax/ws/rs/javax.ws.rs-api/2.1/javax.ws.rs-api-2.1.jar:/home/user/.m2/repository/org/glassfish/jersey/ext/cdi/jersey-cdi1x/2.27/jersey-cdi1x-2.27.jar:/home/user/.m2/repository/org/glassfish/jersey/inject/jersey-hk2/2.27/jersey-hk2-2.27.jar:/home/user/.m2/repository/org/glassfish/hk2/hk2-locator/2.5.0-b42/hk2-locator-2.5.0-b42.jar:/home/user/.m2/repository/org/javassist/javassist/3.22.0-CR2/javassist-3.22.0-CR2.jar:/home/user/.m2/repository/org/glassfish/hk2/hk2-api/2.5.0/hk2-api-2.5.0.jar:/home/user/.m2/repository/org/glassfish/hk2/external/jakarta.inject/2.5.0/jakarta.inject-2.5.0.jar:/home/user/.m2/repository/org/glassfish/hk2/hk2-utils/2.5.0/hk2-utils-2.5.0.jar:/home/user/.m2/repository/jakarta/annotation/jakarta.annotation-api/1.3.4/jakarta.annotation-api-1.3.4.jar:/home/user/.m2/repository/org/glassfish/hk2/external/aopalliance-repackaged/2.5.0/aopalliance-repackaged-2.5.0.jar:/home/user/.m2/repository/com/fasterxml/jackson/dataformat/jackson-dataformat-xml/2.9.0/jackson-dataformat-xml-2.9.0.jar:/home/user/.m2/repository/com/fasterxml/jackson/core/jackson-core/2.9.5/jackson-core-2.9.5.jar:/home/user/.m2/repository/com/fasterxml/jackson/module/jackson-module-jaxb-annotations/2.9.5/jackson-module-jaxb-annotations-2.9.5.jar:/home/user/.m2/repository/javax/enterprise/cdi-api/1.2/cdi-api-1.2.jar:/home/user/.m2/repository/javax/el/javax.el-api/3.0.0/javax.el-api-3.0.0.jar:/home/user/.m2/repository/javax/interceptor/javax.interceptor-api/1.2/javax.interceptor-api-1.2.jar:/home/user/.m2/repository/javax/inject/javax.inject/1/javax.inject-1.jar:/home/user/.m2/repository/com/sun/xml/bind/jaxb-impl/2.3.0.1/jaxb-impl-2.3.0.1.jar:/home/user/.m2/repository/com/sun/xml/bind/jaxb-core/2.3.0.1/jaxb-core-2.3.0.1.jar:/home/user/.m2/repository/javax/xml/bind/jaxb-api/2.3.0/jaxb-api-2.3.0.jar:/home/user/.m2/repository/javax/activation/activation/1.1.1/activation-1.1.1.jar:/home/user/.m2/repository/org/apache/hadoop/hadoop-ozone-csi/0.5.0-SNAPSHOT/hadoop-ozone-csi-0.5.0-SNAPSHOT.jar:/home/user/.m2/repository/com/google/protobuf/protobuf-java-util/3.5.1/protobuf-java-util-3.5.1.jar:/home/user/.m2/repository/org/apache/hadoop/hadoop-hdds-config/0.5.0-SNAPSHOT/hadoop-hdds-config-0.5.0-SNAPSHOT.jar:/home/user/.m2/repository/io/grpc/grpc-netty/1.17.1/grpc-netty-1.17.1.jar:/home/user/.m2/repository/io/grpc/grpc-core/1.17.1/grpc-core-1.17.1.jar:/home/user/.m2/repository/io/grpc/grpc-context/1.17.1/grpc-context-1.17.1.jar:/home/user/.m2/repository/com/google/errorprone/error_prone_annotations/2.2.0/error_prone_annotations-2.2.0.jar:/home/user/.m2/repository/org/codehaus/mojo/animal-sniffer-annotations/1.17/animal-sniffer-annotations-1.17.jar:/home/user/.m2/repository/io/opencensus/opencensus-api/0.17.0/opencensus-api-0.17.0.jar:/home/user/.m2/repository/io/opencensus/opencensus-contrib-grpc-metrics/0.17.0/opencensus-contrib-grpc-metrics-0.17.0.jar:/home/user/.m2/repository/io/netty/netty-codec-http2/4.1.30.Final/netty-codec-http2-4.1.30.Final.jar:/home/user/.m2/repository/io/netty/netty-codec-http/4.1.30.Final/netty-codec-http-4.1.30.Final.jar:/home/user/.m2/repository/io/netty/netty-codec/4.1.30.Final/netty-codec-4.1.30.Final.jar:/home/user/.m2/repository/io/netty/netty-handler/4.1.30.Final/netty-handler-4.1.30.Final.jar:/home/user/.m2/repository/io/netty/netty-handler-proxy/4.1.30.Final/netty-handler-proxy-4.1.30.Final.jar:/home/user/.m2/repository/io/netty/netty-codec-socks/4.1.30.Final/netty-codec-socks-4.1.30.Final.jar:/home/user/.m2/repository/io/netty/netty-transport-native-epoll/4.1.30.Final/netty-transport-native-epoll-4.1.30.Final.jar:/home/user/.m2/repository/io/netty/netty-common/4.1.30.Final/netty-common-4.1.30.Final.jar:/home/user/.m2/repository/io/netty/netty-buffer/4.1.30.Final/netty-buffer-4.1.30.Final.jar:/home/user/.m2/repository/io/netty/netty-transport/4.1.30.Final/netty-transport-4.1.30.Final.jar:/home/user/.m2/repository/io/netty/netty-resolver/4.1.30.Final/netty-resolver-4.1.30.Final.jar:/home/user/.m2/repository/io/netty/netty-transport-native-unix-common/4.1.30.Final/netty-transport-native-unix-common-4.1.30.Final.jar:/home/user/.m2/repository/io/grpc/grpc-protobuf/1.17.1/grpc-protobuf-1.17.1.jar:/home/user/.m2/repository/com/google/api/grpc/proto-google-common-protos/1.0.0/proto-google-common-protos-1.0.0.jar:/home/user/.m2/repository/io/grpc/grpc-protobuf-lite/1.17.1/grpc-protobuf-lite-1.17.1.jar:/home/user/.m2/repository/io/grpc/grpc-stub/1.17.1/grpc-stub-1.17.1.jar:/home/user/.m2/repository/org/apache/hadoop/hadoop-ozone-recon/0.5.0-SNAPSHOT/hadoop-ozone-recon-0.5.0-SNAPSHOT.jar:/home/user/.m2/repository/org/apache/hadoop/hadoop-ozone-reconcodegen/0.5.0-SNAPSHOT/hadoop-ozone-reconcodegen-0.5.0-SNAPSHOT.jar:/home/user/.m2/repository/com/google/inject/extensions/guice-multibindings/4.0/guice-multibindings-4.0.jar:/home/user/.m2/repository/com/google/inject/guice/4.0/guice-4.0.jar:/home/user/.m2/repository/aopalliance/aopalliance/1.0/aopalliance-1.0.jar:/home/user/.m2/repository/com/google/inject/extensions/guice-servlet/4.0/guice-servlet-4.0.jar:/home/user/.m2/repository/org/glassfish/jersey/containers/jersey-container-servlet/2.27/jersey-container-servlet-2.27.jar:/home/user/.m2/repository/org/glassfish/hk2/guice-bridge/2.5.0/guice-bridge-2.5.0.jar:/home/user/.m2/repository/org/glassfish/jersey/core/jersey-server/2.27/jersey-server-2.27.jar:/home/user/.m2/repository/org/glassfish/jersey/core/jersey-client/2.27/jersey-client-2.27.jar:/home/user/.m2/repository/org/glassfish/jersey/media/jersey-media-jaxb/2.27/jersey-media-jaxb-2.27.jar:/home/user/.m2/repository/javax/validation/validation-api/1.1.0.Final/validation-api-1.1.0.Final.jar:/home/user/.m2/repository/org/glassfish/jersey/media/jersey-media-json-jackson/2.27/jersey-media-json-jackson-2.27.jar:/home/user/.m2/repository/org/glassfish/jersey/ext/jersey-entity-filtering/2.27/jersey-entity-filtering-2.27.jar:/home/user/.m2/repository/com/google/inject/extensions/guice-assistedinject/4.0/guice-assistedinject-4.0.jar:/home/user/.m2/repository/org/jooq/jooq/3.11.10/jooq-3.11.10.jar:/home/user/.m2/repository/org/jooq/jooq-meta/3.11.10/jooq-meta-3.11.10.jar:/home/user/.m2/repository/org/jooq/jooq-codegen/3.11.10/jooq-codegen-3.11.10.jar:/home/user/.m2/repository/com/jolbox/bonecp/0.8.0.RELEASE/bonecp-0.8.0.RELEASE.jar:/home/user/.m2/repository/org/xerial/sqlite-jdbc/3.25.2/sqlite-jdbc-3.25.2.jar:/home/user/.m2/repository/org/springframework/spring-jdbc/5.1.3.RELEASE/spring-jdbc-5.1.3.RELEASE.jar:/home/user/.m2/repository/org/springframework/spring-beans/5.1.3.RELEASE/spring-beans-5.1.3.RELEASE.jar:/home/user/.m2/repository/org/springframework/spring-core/5.1.3.RELEASE/spring-core-5.1.3.RELEASE.jar:/home/user/.m2/repository/org/springframework/spring-jcl/5.1.3.RELEASE/spring-jcl-5.1.3.RELEASE.jar:/home/user/.m2/repository/org/springframework/spring-tx/5.1.3.RELEASE/spring-tx-5.1.3.RELEASE.jar:/home/user/.m2/repository/org/apache/hadoop/hadoop-ozone-client/0.5.0-SNAPSHOT/hadoop-ozone-client-0.5.0-SNAPSHOT.jar:/home/user/.m2/repository/commons-lang/commons-lang/2.6/commons-lang-2.6.jar:/home/user/.m2/repository/org/apache/hadoop/hadoop-ozone-ozone-manager/0.5.0-SNAPSHOT/hadoop-ozone-ozone-manager-0.5.0-SNAPSHOT-tests.jar:/home/user/.m2/repository/junit/junit/4.11/junit-4.11.jar:/home/user/.m2/repository/org/hamcrest/hamcrest-core/1.3/hamcrest-core-1.3.jar:/home/user/.m2/repository/org/openjdk/jmh/jmh-core/1.19/jmh-core-1.19.jar:/home/user/.m2/repository/net/sf/jopt-simple/jopt-simple/4.6/jopt-simple-4.6.jar:/home/user/.m2/repository/org/apache/commons/commons-math3/3.1.1/commons-math3-3.1.1.jar:/home/user/.m2/repository/org/openjdk/jmh/jmh-generator-annprocess/1.19/jmh-generator-annprocess-1.19.jar:/home/user/.m2/repository/org/mockito/mockito-all/1.8.5/mockito-all-1.8.5.jar:/home/user/.m2/repository/org/apache/hadoop/hadoop-kms/3.2.0/hadoop-kms-3.2.0.jar:/home/user/.m2/repository/org/apache/hadoop/hadoop-auth/3.2.0/hadoop-auth-3.2.0.jar:/home/user/.m2/repository/com/nimbusds/nimbus-jose-jwt/4.41.1/nimbus-jose-jwt-4.41.1.jar:/home/user/.m2/repository/com/github/stephenc/jcip/jcip-annotations/1.0-1/jcip-annotations-1.0-1.jar:/home/user/.m2/repository/net/minidev/json-smart/2.3/json-smart-2.3.jar:/home/user/.m2/repository/net/minidev/accessors-smart/1.2/accessors-smart-1.2.jar:/home/user/.m2/repository/org/ow2/asm/asm/5.0.4/asm-5.0.4.jar:/home/user/.m2/repository/org/apache/curator/curator-framework/2.12.0/curator-framework-2.12.0.jar:/home/user/.m2/repository/com/sun/jersey/jersey-core/1.19/jersey-core-1.19.jar:/home/user/.m2/repository/javax/ws/rs/jsr311-api/1.1.1/jsr311-api-1.1.1.jar:/home/user/.m2/repository/com/sun/jersey/jersey-server/1.19/jersey-server-1.19.jar:/home/user/.m2/repository/javax/servlet/javax.servlet-api/3.1.0/javax.servlet-api-3.1.0.jar:/home/user/.m2/repository/org/eclipse/jetty/jetty-server/9.3.24.v20180605/jetty-server-9.3.24.v20180605.jar:/home/user/.m2/repository/org/eclipse/jetty/jetty-http/9.3.24.v20180605/jetty-http-9.3.24.v20180605.jar:/home/user/.m2/repository/org/eclipse/jetty/jetty-io/9.3.24.v20180605/jetty-io-9.3.24.v20180605.jar:/home/user/.m2/repository/org/eclipse/jetty/jetty-webapp/9.3.24.v20180605/jetty-webapp-9.3.24.v20180605.jar:/home/user/.m2/repository/org/eclipse/jetty/jetty-xml/9.3.24.v20180605/jetty-xml-9.3.24.v20180605.jar:/home/user/.m2/repository/log4j/log4j/1.2.17/log4j-1.2.17.jar:/home/user/.m2/repository/org/slf4j/slf4j-api/1.7.25/slf4j-api-1.7.25.jar:/home/user/.m2/repository/org/slf4j/jul-to-slf4j/1.7.25/jul-to-slf4j-1.7.25.jar:/home/user/.m2/repository/org/eclipse/jetty/jetty-util/9.3.24.v20180605/jetty-util-9.3.24.v20180605.jar:/home/user/.m2/repository/com/fasterxml/jackson/core/jackson-databind/2.9.5/jackson-databind-2.9.5.jar:/home/user/.m2/repository/org/apache/hadoop/hadoop-kms/3.2.0/hadoop-kms-3.2.0-tests.jar:/home/user/.m2/repository/org/apache/hadoop/hadoop-hdds-server-scm/0.5.0-SNAPSHOT/hadoop-hdds-server-scm-0.5.0-SNAPSHOT-tests.jar:/home/user/.m2/repository/org/apache/hadoop/hadoop-hdds-container-service/0.5.0-SNAPSHOT/hadoop-hdds-container-service-0.5.0-SNAPSHOT-tests.jar:/home/user/.m2/repository/org/yaml/snakeyaml/1.16/snakeyaml-1.16.jar:/home/user/.m2/repository/org/apache/hadoop/hadoop-common/3.2.0/hadoop-common-3.2.0-tests.jar:/home/user/.m2/repository/org/apache/hadoop/hadoop-annotations/3.2.0/hadoop-annotations-3.2.0.jar:/usr/lib/jvm/java-1.8-openjdk/jre/../lib/tools.jar:/home/user/.m2/repository/commons-cli/commons-cli/1.2/commons-cli-1.2.jar:/home/user/.m2/repository/org/apache/httpcomponents/httpclient/4.5.2/httpclient-4.5.2.jar:/home/user/.m2/repository/org/apache/httpcomponents/httpcore/4.4.4/httpcore-4.4.4.jar:/home/user/.m2/repository/commons-codec/commons-codec/1.11/commons-codec-1.11.jar:/home/user/.m2/repository/commons-net/commons-net/3.6/commons-net-3.6.jar:/home/user/.m2/repository/commons-collections/commons-collections/3.2.2/commons-collections-3.2.2.jar:/home/user/.m2/repository/org/eclipse/jetty/jetty-servlet/9.3.24.v20180605/jetty-servlet-9.3.24.v20180605.jar:/home/user/.m2/repository/org/eclipse/jetty/jetty-security/9.3.24.v20180605/jetty-security-9.3.24.v20180605.jar:/home/user/.m2/repository/javax/servlet/jsp/jsp-api/2.1/jsp-api-2.1.jar:/home/user/.m2/repository/com/sun/jersey/jersey-servlet/1.19/jersey-servlet-1.19.jar:/home/user/.m2/repository/com/sun/jersey/jersey-json/1.19/jersey-json-1.19.jar:/home/user/.m2/repository/org/codehaus/jettison/jettison/1.1/jettison-1.1.jar:/home/user/.m2/repository/org/codehaus/jackson/jackson-core-asl/1.9.13/jackson-core-asl-1.9.13.jar:/home/user/.m2/repository/org/codehaus/jackson/jackson-mapper-asl/1.9.13/jackson-mapper-asl-1.9.13.jar:/home/user/.m2/repository/org/codehaus/jackson/jackson-jaxrs/1.9.13/jackson-jaxrs-1.9.13.jar:/home/user/.m2/repository/org/codehaus/jackson/jackson-xc/1.9.13/jackson-xc-1.9.13.jar:/home/user/.m2/repository/commons-logging/commons-logging/1.1.3/commons-logging-1.1.3.jar:/home/user/.m2/repository/commons-beanutils/commons-beanutils/1.9.3/commons-beanutils-1.9.3.jar:/home/user/.m2/repository/org/apache/commons/commons-configuration2/2.1.1/commons-configuration2-2.1.1.jar:/home/user/.m2/repository/org/apache/commons/commons-lang3/3.7/commons-lang3-3.7.jar:/home/user/.m2/repository/org/apache/commons/commons-text/1.4/commons-text-1.4.jar:/home/user/.m2/repository/org/apache/avro/avro/1.7.7/avro-1.7.7.jar:/home/user/.m2/repository/com/thoughtworks/paranamer/paranamer/2.3/paranamer-2.3.jar:/home/user/.m2/repository/org/xerial/snappy/snappy-java/1.0.5/snappy-java-1.0.5.jar:/home/user/.m2/repository/com/google/re2j/re2j/1.1/re2j-1.1.jar:/home/user/.m2/repository/com/google/code/gson/gson/2.2.4/gson-2.2.4.jar:/home/user/.m2/repository/com/jcraft/jsch/0.1.54/jsch-0.1.54.jar:/home/user/.m2/repository/org/apache/curator/curator-client/2.12.0/curator-client-2.12.0.jar:/home/user/.m2/repository/org/apache/curator/curator-recipes/2.12.0/curator-recipes-2.12.0.jar:/home/user/.m2/repository/com/google/code/findbugs/jsr305/3.0.0/jsr305-3.0.0.jar:/home/user/.m2/repository/org/apache/htrace/htrace-core4/4.1.0-incubating/htrace-core4-4.1.0-incubating.jar:/home/user/.m2/repository/org/apache/zookeeper/zookeeper/3.4.13/zookeeper-3.4.13.jar:/home/user/.m2/repository/org/apache/yetus/audience-annotations/0.5.0/audience-annotations-0.5.0.jar:/home/user/.m2/repository/org/codehaus/woodstox/stax2-api/3.1.4/stax2-api-3.1.4.jar:/home/user/.m2/repository/com/fasterxml/woodstox/woodstox-core/5.0.3/woodstox-core-5.0.3.jar:/home/user/.m2/repository/dnsjava/dnsjava/2.1.7/dnsjava-2.1.7.jar:/home/user/.m2/repository/org/apache/hadoop/hadoop-hdfs/3.2.0/hadoop-hdfs-3.2.0-tests.jar:/home/user/.m2/repository/org/eclipse/jetty/jetty-util-ajax/9.3.24.v20180605/jetty-util-ajax-9.3.24.v20180605.jar:/home/user/.m2/repository/commons-daemon/commons-daemon/1.0.13/commons-daemon-1.0.13.jar:/home/user/.m2/repository/io/netty/netty/3.10.5.Final/netty-3.10.5.Final.jar:/home/user/.m2/repository/io/netty/netty-all/4.0.52.Final/netty-all-4.0.52.Final.jar:/home/user/.m2/repository/org/fusesource/leveldbjni/leveldbjni-all/1.8/leveldbjni-all-1.8.jar:"/>
    <property name="java.vm.vendor" value="IcedTea"/>
    <property name="sun.arch.data.model" value="64"/>
    <property name="test.build.dir" value="/tmp/workdir/hadoop-ozone/integration-test/target/test-dir"/>
    <property name="test.cache.data" value=""/>
    <property name="java.vendor.url" value="https://icedtea.classpath.org"/>
    <property name="user.timezone" value=""/>
    <property name="java.vm.specification.version" value="1.8"/>
    <property name="os.name" value="Linux"/>
    <property name="test.build.data" value="/tmp/workdir/hadoop-ozone/integration-test/target/test-dir"/>
    <property name="user.country" value="US"/>
    <property name="sun.java.launcher" value="SUN_STANDARD"/>
    <property name="sun.boot.library.path" value="/usr/lib/jvm/java-1.8-openjdk/jre/lib/amd64"/>
    <property name="sun.java.command" value="/tmp/workdir/hadoop-ozone/integration-test/target/surefire/surefirebooter5285955726931097993.jar /tmp/workdir/hadoop-ozone/integration-test/target/surefire 2019-07-13T08-10-58_825-jvmRun1 surefire4634490070755962266tmp surefire_211329635018969097951tmp"/>
    <property name="surefire.test.class.path" value="/tmp/workdir/hadoop-ozone/integration-test/target/test-classes:/tmp/workdir/hadoop-ozone/integration-test/target/classes:/home/user/.m2/repository/org/apache/hadoop/hadoop-ozone-common/0.5.0-SNAPSHOT/hadoop-ozone-common-0.5.0-SNAPSHOT.jar:/home/user/.m2/repository/org/apache/commons/commons-compress/1.4.1/commons-compress-1.4.1.jar:/home/user/.m2/repository/org/tukaani/xz/1.0/xz-1.0.jar:/home/user/.m2/repository/org/apache/hadoop/hadoop-common/3.2.0/hadoop-common-3.2.0.jar:/home/user/.m2/repository/org/apache/hadoop/hadoop-hdfs/3.2.0/hadoop-hdfs-3.2.0.jar:/home/user/.m2/repository/org/apache/hadoop/hadoop-hdfs-client/3.2.0/hadoop-hdfs-client-3.2.0.jar:/home/user/.m2/repository/com/fasterxml/jackson/core/jackson-annotations/2.9.5/jackson-annotations-2.9.5.jar:/home/user/.m2/repository/org/apache/hadoop/hadoop-hdds-common/0.5.0-SNAPSHOT/hadoop-hdds-common-0.5.0-SNAPSHOT.jar:/home/user/.m2/repository/javax/annotation/javax.annotation-api/1.2/javax.annotation-api-1.2.jar:/home/user/.m2/repository/org/apache/ratis/ratis-server/0.4.0-2337318-SNAPSHOT/ratis-server-0.4.0-2337318-SNAPSHOT.jar:/home/user/.m2/repository/org/apache/ratis/ratis-thirdparty-misc/0.2.0/ratis-thirdparty-misc-0.2.0.jar:/home/user/.m2/repository/org/apache/ratis/ratis-proto/0.4.0-2337318-SNAPSHOT/ratis-proto-0.4.0-2337318-SNAPSHOT.jar:/home/user/.m2/repository/org/apache/ratis/ratis-common/0.4.0-2337318-SNAPSHOT/ratis-common-0.4.0-2337318-SNAPSHOT.jar:/home/user/.m2/repository/org/apache/ratis/ratis-client/0.4.0-2337318-SNAPSHOT/ratis-client-0.4.0-2337318-SNAPSHOT.jar:/home/user/.m2/repository/org/apache/ratis/ratis-metrics/0.4.0-2337318-SNAPSHOT/ratis-metrics-0.4.0-2337318-SNAPSHOT.jar:/home/user/.m2/repository/org/apache/ratis/ratis-netty/0.4.0-2337318-SNAPSHOT/ratis-netty-0.4.0-2337318-SNAPSHOT.jar:/home/user/.m2/repository/org/apache/ratis/ratis-grpc/0.4.0-2337318-SNAPSHOT/ratis-grpc-0.4.0-2337318-SNAPSHOT.jar:/home/user/.m2/repository/org/rocksdb/rocksdbjni/6.0.1/rocksdbjni-6.0.1.jar:/home/user/.m2/repository/org/apache/logging/log4j/log4j-api/2.11.0/log4j-api-2.11.0.jar:/home/user/.m2/repository/org/apache/logging/log4j/log4j-core/2.11.0/log4j-core-2.11.0.jar:/home/user/.m2/repository/com/lmax/disruptor/3.4.2/disruptor-3.4.2.jar:/home/user/.m2/repository/org/apache/commons/commons-pool2/2.6.0/commons-pool2-2.6.0.jar:/home/user/.m2/repository/org/bouncycastle/bcpkix-jdk15on/1.60/bcpkix-jdk15on-1.60.jar:/home/user/.m2/repository/commons-validator/commons-validator/1.6/commons-validator-1.6.jar:/home/user/.m2/repository/commons-digester/commons-digester/1.8.1/commons-digester-1.8.1.jar:/home/user/.m2/repository/io/jaegertracing/jaeger-client/0.33.1/jaeger-client-0.33.1.jar:/home/user/.m2/repository/io/jaegertracing/jaeger-thrift/0.33.1/jaeger-thrift-0.33.1.jar:/home/user/.m2/repository/org/apache/thrift/libthrift/0.11.0/libthrift-0.11.0.jar:/home/user/.m2/repository/com/squareup/okhttp3/okhttp/3.9.0/okhttp-3.9.0.jar:/home/user/.m2/repository/com/squareup/okio/okio/1.13.0/okio-1.13.0.jar:/home/user/.m2/repository/io/jaegertracing/jaeger-core/0.33.1/jaeger-core-0.33.1.jar:/home/user/.m2/repository/io/jaegertracing/jaeger-tracerresolver/0.33.1/jaeger-tracerresolver-0.33.1.jar:/home/user/.m2/repository/io/opentracing/contrib/opentracing-tracerresolver/0.1.5/opentracing-tracerresolver-0.1.5.jar:/home/user/.m2/repository/io/opentracing/opentracing-util/0.31.0/opentracing-util-0.31.0.jar:/home/user/.m2/repository/io/opentracing/opentracing-api/0.31.0/opentracing-api-0.31.0.jar:/home/user/.m2/repository/io/opentracing/opentracing-noop/0.31.0/opentracing-noop-0.31.0.jar:/home/user/.m2/repository/org/apache/hadoop/hadoop-hdds-server-framework/0.5.0-SNAPSHOT/hadoop-hdds-server-framework-0.5.0-SNAPSHOT.jar:/home/user/.m2/repository/org/apache/hadoop/hadoop-hdds-container-service/0.5.0-SNAPSHOT/hadoop-hdds-container-service-0.5.0-SNAPSHOT.jar:/home/user/.m2/repository/org/apache/hadoop/hadoop-hdds-client/0.5.0-SNAPSHOT/hadoop-hdds-client-0.5.0-SNAPSHOT.jar:/home/user/.m2/repository/org/apache/hadoop/hadoop-hdds-tools/0.5.0-SNAPSHOT/hadoop-hdds-tools-0.5.0-SNAPSHOT.jar:/home/user/.m2/repository/org/apache/hadoop/hadoop-hdds-server-scm/0.5.0-SNAPSHOT/hadoop-hdds-server-scm-0.5.0-SNAPSHOT.jar:/home/user/.m2/repository/org/apache/hadoop/hadoop-hdds-docs/0.5.0-SNAPSHOT/hadoop-hdds-docs-0.5.0-SNAPSHOT.jar:/home/user/.m2/repository/io/dropwizard/metrics/metrics-core/3.2.4/metrics-core-3.2.4.jar:/home/user/.m2/repository/org/hamcrest/hamcrest-all/1.3/hamcrest-all-1.3.jar:/home/user/.m2/repository/org/bouncycastle/bcprov-jdk15on/1.60/bcprov-jdk15on-1.60.jar:/home/user/.m2/repository/info/picocli/picocli/3.9.6/picocli-3.9.6.jar:/home/user/.m2/repository/com/google/protobuf/protobuf-java/2.5.0/protobuf-java-2.5.0.jar:/home/user/.m2/repository/com/google/guava/guava/11.0.2/guava-11.0.2.jar:/home/user/.m2/repository/org/apache/hadoop/hadoop-ozone-ozone-manager/0.5.0-SNAPSHOT/hadoop-ozone-ozone-manager-0.5.0-SNAPSHOT.jar:/home/user/.m2/repository/org/apache/hadoop/hadoop-minikdc/3.2.0/hadoop-minikdc-3.2.0.jar:/home/user/.m2/repository/commons-io/commons-io/2.5/commons-io-2.5.jar:/home/user/.m2/repository/org/apache/kerby/kerb-simplekdc/1.0.1/kerb-simplekdc-1.0.1.jar:/home/user/.m2/repository/org/apache/kerby/kerb-client/1.0.1/kerb-client-1.0.1.jar:/home/user/.m2/repository/org/apache/kerby/kerby-config/1.0.1/kerby-config-1.0.1.jar:/home/user/.m2/repository/org/apache/kerby/kerb-core/1.0.1/kerb-core-1.0.1.jar:/home/user/.m2/repository/org/apache/kerby/kerby-pkix/1.0.1/kerby-pkix-1.0.1.jar:/home/user/.m2/repository/org/apache/kerby/kerby-asn1/1.0.1/kerby-asn1-1.0.1.jar:/home/user/.m2/repository/org/apache/kerby/kerby-util/1.0.1/kerby-util-1.0.1.jar:/home/user/.m2/repository/org/apache/kerby/kerb-common/1.0.1/kerb-common-1.0.1.jar:/home/user/.m2/repository/org/apache/kerby/kerb-crypto/1.0.1/kerb-crypto-1.0.1.jar:/home/user/.m2/repository/org/apache/kerby/kerb-util/1.0.1/kerb-util-1.0.1.jar:/home/user/.m2/repository/org/apache/kerby/token-provider/1.0.1/token-provider-1.0.1.jar:/home/user/.m2/repository/org/apache/kerby/kerb-admin/1.0.1/kerb-admin-1.0.1.jar:/home/user/.m2/repository/org/apache/kerby/kerb-server/1.0.1/kerb-server-1.0.1.jar:/home/user/.m2/repository/org/apache/kerby/kerb-identity/1.0.1/kerb-identity-1.0.1.jar:/home/user/.m2/repository/org/apache/kerby/kerby-xdr/1.0.1/kerby-xdr-1.0.1.jar:/home/user/.m2/repository/org/slf4j/slf4j-log4j12/1.7.25/slf4j-log4j12-1.7.25.jar:/home/user/.m2/repository/org/apache/hadoop/hadoop-ozone-objectstore-service/0.5.0-SNAPSHOT/hadoop-ozone-objectstore-service-0.5.0-SNAPSHOT.jar:/home/user/.m2/repository/org/apache/hadoop/hadoop-ozone-s3gateway/0.5.0-SNAPSHOT/hadoop-ozone-s3gateway-0.5.0-SNAPSHOT.jar:/home/user/.m2/repository/org/jboss/weld/servlet/weld-servlet/2.4.7.Final/weld-servlet-2.4.7.Final.jar:/home/user/.m2/repository/org/glassfish/jersey/containers/jersey-container-servlet-core/2.27/jersey-container-servlet-core-2.27.jar:/home/user/.m2/repository/org/glassfish/hk2/external/javax.inject/2.5.0-b42/javax.inject-2.5.0-b42.jar:/home/user/.m2/repository/org/glassfish/jersey/core/jersey-common/2.27/jersey-common-2.27.jar:/home/user/.m2/repository/org/glassfish/hk2/osgi-resource-locator/1.0.1/osgi-resource-locator-1.0.1.jar:/home/user/.m2/repository/javax/ws/rs/javax.ws.rs-api/2.1/javax.ws.rs-api-2.1.jar:/home/user/.m2/repository/org/glassfish/jersey/ext/cdi/jersey-cdi1x/2.27/jersey-cdi1x-2.27.jar:/home/user/.m2/repository/org/glassfish/jersey/inject/jersey-hk2/2.27/jersey-hk2-2.27.jar:/home/user/.m2/repository/org/glassfish/hk2/hk2-locator/2.5.0-b42/hk2-locator-2.5.0-b42.jar:/home/user/.m2/repository/org/javassist/javassist/3.22.0-CR2/javassist-3.22.0-CR2.jar:/home/user/.m2/repository/org/glassfish/hk2/hk2-api/2.5.0/hk2-api-2.5.0.jar:/home/user/.m2/repository/org/glassfish/hk2/external/jakarta.inject/2.5.0/jakarta.inject-2.5.0.jar:/home/user/.m2/repository/org/glassfish/hk2/hk2-utils/2.5.0/hk2-utils-2.5.0.jar:/home/user/.m2/repository/jakarta/annotation/jakarta.annotation-api/1.3.4/jakarta.annotation-api-1.3.4.jar:/home/user/.m2/repository/org/glassfish/hk2/external/aopalliance-repackaged/2.5.0/aopalliance-repackaged-2.5.0.jar:/home/user/.m2/repository/com/fasterxml/jackson/dataformat/jackson-dataformat-xml/2.9.0/jackson-dataformat-xml-2.9.0.jar:/home/user/.m2/repository/com/fasterxml/jackson/core/jackson-core/2.9.5/jackson-core-2.9.5.jar:/home/user/.m2/repository/com/fasterxml/jackson/module/jackson-module-jaxb-annotations/2.9.5/jackson-module-jaxb-annotations-2.9.5.jar:/home/user/.m2/repository/javax/enterprise/cdi-api/1.2/cdi-api-1.2.jar:/home/user/.m2/repository/javax/el/javax.el-api/3.0.0/javax.el-api-3.0.0.jar:/home/user/.m2/repository/javax/interceptor/javax.interceptor-api/1.2/javax.interceptor-api-1.2.jar:/home/user/.m2/repository/javax/inject/javax.inject/1/javax.inject-1.jar:/home/user/.m2/repository/com/sun/xml/bind/jaxb-impl/2.3.0.1/jaxb-impl-2.3.0.1.jar:/home/user/.m2/repository/com/sun/xml/bind/jaxb-core/2.3.0.1/jaxb-core-2.3.0.1.jar:/home/user/.m2/repository/javax/xml/bind/jaxb-api/2.3.0/jaxb-api-2.3.0.jar:/home/user/.m2/repository/javax/activation/activation/1.1.1/activation-1.1.1.jar:/home/user/.m2/repository/org/apache/hadoop/hadoop-ozone-csi/0.5.0-SNAPSHOT/hadoop-ozone-csi-0.5.0-SNAPSHOT.jar:/home/user/.m2/repository/com/google/protobuf/protobuf-java-util/3.5.1/protobuf-java-util-3.5.1.jar:/home/user/.m2/repository/org/apache/hadoop/hadoop-hdds-config/0.5.0-SNAPSHOT/hadoop-hdds-config-0.5.0-SNAPSHOT.jar:/home/user/.m2/repository/io/grpc/grpc-netty/1.17.1/grpc-netty-1.17.1.jar:/home/user/.m2/repository/io/grpc/grpc-core/1.17.1/grpc-core-1.17.1.jar:/home/user/.m2/repository/io/grpc/grpc-context/1.17.1/grpc-context-1.17.1.jar:/home/user/.m2/repository/com/google/errorprone/error_prone_annotations/2.2.0/error_prone_annotations-2.2.0.jar:/home/user/.m2/repository/org/codehaus/mojo/animal-sniffer-annotations/1.17/animal-sniffer-annotations-1.17.jar:/home/user/.m2/repository/io/opencensus/opencensus-api/0.17.0/opencensus-api-0.17.0.jar:/home/user/.m2/repository/io/opencensus/opencensus-contrib-grpc-metrics/0.17.0/opencensus-contrib-grpc-metrics-0.17.0.jar:/home/user/.m2/repository/io/netty/netty-codec-http2/4.1.30.Final/netty-codec-http2-4.1.30.Final.jar:/home/user/.m2/repository/io/netty/netty-codec-http/4.1.30.Final/netty-codec-http-4.1.30.Final.jar:/home/user/.m2/repository/io/netty/netty-codec/4.1.30.Final/netty-codec-4.1.30.Final.jar:/home/user/.m2/repository/io/netty/netty-handler/4.1.30.Final/netty-handler-4.1.30.Final.jar:/home/user/.m2/repository/io/netty/netty-handler-proxy/4.1.30.Final/netty-handler-proxy-4.1.30.Final.jar:/home/user/.m2/repository/io/netty/netty-codec-socks/4.1.30.Final/netty-codec-socks-4.1.30.Final.jar:/home/user/.m2/repository/io/netty/netty-transport-native-epoll/4.1.30.Final/netty-transport-native-epoll-4.1.30.Final.jar:/home/user/.m2/repository/io/netty/netty-common/4.1.30.Final/netty-common-4.1.30.Final.jar:/home/user/.m2/repository/io/netty/netty-buffer/4.1.30.Final/netty-buffer-4.1.30.Final.jar:/home/user/.m2/repository/io/netty/netty-transport/4.1.30.Final/netty-transport-4.1.30.Final.jar:/home/user/.m2/repository/io/netty/netty-resolver/4.1.30.Final/netty-resolver-4.1.30.Final.jar:/home/user/.m2/repository/io/netty/netty-transport-native-unix-common/4.1.30.Final/netty-transport-native-unix-common-4.1.30.Final.jar:/home/user/.m2/repository/io/grpc/grpc-protobuf/1.17.1/grpc-protobuf-1.17.1.jar:/home/user/.m2/repository/com/google/api/grpc/proto-google-common-protos/1.0.0/proto-google-common-protos-1.0.0.jar:/home/user/.m2/repository/io/grpc/grpc-protobuf-lite/1.17.1/grpc-protobuf-lite-1.17.1.jar:/home/user/.m2/repository/io/grpc/grpc-stub/1.17.1/grpc-stub-1.17.1.jar:/home/user/.m2/repository/org/apache/hadoop/hadoop-ozone-recon/0.5.0-SNAPSHOT/hadoop-ozone-recon-0.5.0-SNAPSHOT.jar:/home/user/.m2/repository/org/apache/hadoop/hadoop-ozone-reconcodegen/0.5.0-SNAPSHOT/hadoop-ozone-reconcodegen-0.5.0-SNAPSHOT.jar:/home/user/.m2/repository/com/google/inject/extensions/guice-multibindings/4.0/guice-multibindings-4.0.jar:/home/user/.m2/repository/com/google/inject/guice/4.0/guice-4.0.jar:/home/user/.m2/repository/aopalliance/aopalliance/1.0/aopalliance-1.0.jar:/home/user/.m2/repository/com/google/inject/extensions/guice-servlet/4.0/guice-servlet-4.0.jar:/home/user/.m2/repository/org/glassfish/jersey/containers/jersey-container-servlet/2.27/jersey-container-servlet-2.27.jar:/home/user/.m2/repository/org/glassfish/hk2/guice-bridge/2.5.0/guice-bridge-2.5.0.jar:/home/user/.m2/repository/org/glassfish/jersey/core/jersey-server/2.27/jersey-server-2.27.jar:/home/user/.m2/repository/org/glassfish/jersey/core/jersey-client/2.27/jersey-client-2.27.jar:/home/user/.m2/repository/org/glassfish/jersey/media/jersey-media-jaxb/2.27/jersey-media-jaxb-2.27.jar:/home/user/.m2/repository/javax/validation/validation-api/1.1.0.Final/validation-api-1.1.0.Final.jar:/home/user/.m2/repository/org/glassfish/jersey/media/jersey-media-json-jackson/2.27/jersey-media-json-jackson-2.27.jar:/home/user/.m2/repository/org/glassfish/jersey/ext/jersey-entity-filtering/2.27/jersey-entity-filtering-2.27.jar:/home/user/.m2/repository/com/google/inject/extensions/guice-assistedinject/4.0/guice-assistedinject-4.0.jar:/home/user/.m2/repository/org/jooq/jooq/3.11.10/jooq-3.11.10.jar:/home/user/.m2/repository/org/jooq/jooq-meta/3.11.10/jooq-meta-3.11.10.jar:/home/user/.m2/repository/org/jooq/jooq-codegen/3.11.10/jooq-codegen-3.11.10.jar:/home/user/.m2/repository/com/jolbox/bonecp/0.8.0.RELEASE/bonecp-0.8.0.RELEASE.jar:/home/user/.m2/repository/org/xerial/sqlite-jdbc/3.25.2/sqlite-jdbc-3.25.2.jar:/home/user/.m2/repository/org/springframework/spring-jdbc/5.1.3.RELEASE/spring-jdbc-5.1.3.RELEASE.jar:/home/user/.m2/repository/org/springframework/spring-beans/5.1.3.RELEASE/spring-beans-5.1.3.RELEASE.jar:/home/user/.m2/repository/org/springframework/spring-core/5.1.3.RELEASE/spring-core-5.1.3.RELEASE.jar:/home/user/.m2/repository/org/springframework/spring-jcl/5.1.3.RELEASE/spring-jcl-5.1.3.RELEASE.jar:/home/user/.m2/repository/org/springframework/spring-tx/5.1.3.RELEASE/spring-tx-5.1.3.RELEASE.jar:/home/user/.m2/repository/org/apache/hadoop/hadoop-ozone-client/0.5.0-SNAPSHOT/hadoop-ozone-client-0.5.0-SNAPSHOT.jar:/home/user/.m2/repository/commons-lang/commons-lang/2.6/commons-lang-2.6.jar:/home/user/.m2/repository/org/apache/hadoop/hadoop-ozone-ozone-manager/0.5.0-SNAPSHOT/hadoop-ozone-ozone-manager-0.5.0-SNAPSHOT-tests.jar:/home/user/.m2/repository/junit/junit/4.11/junit-4.11.jar:/home/user/.m2/repository/org/hamcrest/hamcrest-core/1.3/hamcrest-core-1.3.jar:/home/user/.m2/repository/org/openjdk/jmh/jmh-core/1.19/jmh-core-1.19.jar:/home/user/.m2/repository/net/sf/jopt-simple/jopt-simple/4.6/jopt-simple-4.6.jar:/home/user/.m2/repository/org/apache/commons/commons-math3/3.1.1/commons-math3-3.1.1.jar:/home/user/.m2/repository/org/openjdk/jmh/jmh-generator-annprocess/1.19/jmh-generator-annprocess-1.19.jar:/home/user/.m2/repository/org/mockito/mockito-all/1.8.5/mockito-all-1.8.5.jar:/home/user/.m2/repository/org/apache/hadoop/hadoop-kms/3.2.0/hadoop-kms-3.2.0.jar:/home/user/.m2/repository/org/apache/hadoop/hadoop-auth/3.2.0/hadoop-auth-3.2.0.jar:/home/user/.m2/repository/com/nimbusds/nimbus-jose-jwt/4.41.1/nimbus-jose-jwt-4.41.1.jar:/home/user/.m2/repository/com/github/stephenc/jcip/jcip-annotations/1.0-1/jcip-annotations-1.0-1.jar:/home/user/.m2/repository/net/minidev/json-smart/2.3/json-smart-2.3.jar:/home/user/.m2/repository/net/minidev/accessors-smart/1.2/accessors-smart-1.2.jar:/home/user/.m2/repository/org/ow2/asm/asm/5.0.4/asm-5.0.4.jar:/home/user/.m2/repository/org/apache/curator/curator-framework/2.12.0/curator-framework-2.12.0.jar:/home/user/.m2/repository/com/sun/jersey/jersey-core/1.19/jersey-core-1.19.jar:/home/user/.m2/repository/javax/ws/rs/jsr311-api/1.1.1/jsr311-api-1.1.1.jar:/home/user/.m2/repository/com/sun/jersey/jersey-server/1.19/jersey-server-1.19.jar:/home/user/.m2/repository/javax/servlet/javax.servlet-api/3.1.0/javax.servlet-api-3.1.0.jar:/home/user/.m2/repository/org/eclipse/jetty/jetty-server/9.3.24.v20180605/jetty-server-9.3.24.v20180605.jar:/home/user/.m2/repository/org/eclipse/jetty/jetty-http/9.3.24.v20180605/jetty-http-9.3.24.v20180605.jar:/home/user/.m2/repository/org/eclipse/jetty/jetty-io/9.3.24.v20180605/jetty-io-9.3.24.v20180605.jar:/home/user/.m2/repository/org/eclipse/jetty/jetty-webapp/9.3.24.v20180605/jetty-webapp-9.3.24.v20180605.jar:/home/user/.m2/repository/org/eclipse/jetty/jetty-xml/9.3.24.v20180605/jetty-xml-9.3.24.v20180605.jar:/home/user/.m2/repository/log4j/log4j/1.2.17/log4j-1.2.17.jar:/home/user/.m2/repository/org/slf4j/slf4j-api/1.7.25/slf4j-api-1.7.25.jar:/home/user/.m2/repository/org/slf4j/jul-to-slf4j/1.7.25/jul-to-slf4j-1.7.25.jar:/home/user/.m2/repository/org/eclipse/jetty/jetty-util/9.3.24.v20180605/jetty-util-9.3.24.v20180605.jar:/home/user/.m2/repository/com/fasterxml/jackson/core/jackson-databind/2.9.5/jackson-databind-2.9.5.jar:/home/user/.m2/repository/org/apache/hadoop/hadoop-kms/3.2.0/hadoop-kms-3.2.0-tests.jar:/home/user/.m2/repository/org/apache/hadoop/hadoop-hdds-server-scm/0.5.0-SNAPSHOT/hadoop-hdds-server-scm-0.5.0-SNAPSHOT-tests.jar:/home/user/.m2/repository/org/apache/hadoop/hadoop-hdds-container-service/0.5.0-SNAPSHOT/hadoop-hdds-container-service-0.5.0-SNAPSHOT-tests.jar:/home/user/.m2/repository/org/yaml/snakeyaml/1.16/snakeyaml-1.16.jar:/home/user/.m2/repository/org/apache/hadoop/hadoop-common/3.2.0/hadoop-common-3.2.0-tests.jar:/home/user/.m2/repository/org/apache/hadoop/hadoop-annotations/3.2.0/hadoop-annotations-3.2.0.jar:/usr/lib/jvm/java-1.8-openjdk/jre/../lib/tools.jar:/home/user/.m2/repository/commons-cli/commons-cli/1.2/commons-cli-1.2.jar:/home/user/.m2/repository/org/apache/httpcomponents/httpclient/4.5.2/httpclient-4.5.2.jar:/home/user/.m2/repository/org/apache/httpcomponents/httpcore/4.4.4/httpcore-4.4.4.jar:/home/user/.m2/repository/commons-codec/commons-codec/1.11/commons-codec-1.11.jar:/home/user/.m2/repository/commons-net/commons-net/3.6/commons-net-3.6.jar:/home/user/.m2/repository/commons-collections/commons-collections/3.2.2/commons-collections-3.2.2.jar:/home/user/.m2/repository/org/eclipse/jetty/jetty-servlet/9.3.24.v20180605/jetty-servlet-9.3.24.v20180605.jar:/home/user/.m2/repository/org/eclipse/jetty/jetty-security/9.3.24.v20180605/jetty-security-9.3.24.v20180605.jar:/home/user/.m2/repository/javax/servlet/jsp/jsp-api/2.1/jsp-api-2.1.jar:/home/user/.m2/repository/com/sun/jersey/jersey-servlet/1.19/jersey-servlet-1.19.jar:/home/user/.m2/repository/com/sun/jersey/jersey-json/1.19/jersey-json-1.19.jar:/home/user/.m2/repository/org/codehaus/jettison/jettison/1.1/jettison-1.1.jar:/home/user/.m2/repository/org/codehaus/jackson/jackson-core-asl/1.9.13/jackson-core-asl-1.9.13.jar:/home/user/.m2/repository/org/codehaus/jackson/jackson-mapper-asl/1.9.13/jackson-mapper-asl-1.9.13.jar:/home/user/.m2/repository/org/codehaus/jackson/jackson-jaxrs/1.9.13/jackson-jaxrs-1.9.13.jar:/home/user/.m2/repository/org/codehaus/jackson/jackson-xc/1.9.13/jackson-xc-1.9.13.jar:/home/user/.m2/repository/commons-logging/commons-logging/1.1.3/commons-logging-1.1.3.jar:/home/user/.m2/repository/commons-beanutils/commons-beanutils/1.9.3/commons-beanutils-1.9.3.jar:/home/user/.m2/repository/org/apache/commons/commons-configuration2/2.1.1/commons-configuration2-2.1.1.jar:/home/user/.m2/repository/org/apache/commons/commons-lang3/3.7/commons-lang3-3.7.jar:/home/user/.m2/repository/org/apache/commons/commons-text/1.4/commons-text-1.4.jar:/home/user/.m2/repository/org/apache/avro/avro/1.7.7/avro-1.7.7.jar:/home/user/.m2/repository/com/thoughtworks/paranamer/paranamer/2.3/paranamer-2.3.jar:/home/user/.m2/repository/org/xerial/snappy/snappy-java/1.0.5/snappy-java-1.0.5.jar:/home/user/.m2/repository/com/google/re2j/re2j/1.1/re2j-1.1.jar:/home/user/.m2/repository/com/google/code/gson/gson/2.2.4/gson-2.2.4.jar:/home/user/.m2/repository/com/jcraft/jsch/0.1.54/jsch-0.1.54.jar:/home/user/.m2/repository/org/apache/curator/curator-client/2.12.0/curator-client-2.12.0.jar:/home/user/.m2/repository/org/apache/curator/curator-recipes/2.12.0/curator-recipes-2.12.0.jar:/home/user/.m2/repository/com/google/code/findbugs/jsr305/3.0.0/jsr305-3.0.0.jar:/home/user/.m2/repository/org/apache/htrace/htrace-core4/4.1.0-incubating/htrace-core4-4.1.0-incubating.jar:/home/user/.m2/repository/org/apache/zookeeper/zookeeper/3.4.13/zookeeper-3.4.13.jar:/home/user/.m2/repository/org/apache/yetus/audience-annotations/0.5.0/audience-annotations-0.5.0.jar:/home/user/.m2/repository/org/codehaus/woodstox/stax2-api/3.1.4/stax2-api-3.1.4.jar:/home/user/.m2/repository/com/fasterxml/woodstox/woodstox-core/5.0.3/woodstox-core-5.0.3.jar:/home/user/.m2/repository/dnsjava/dnsjava/2.1.7/dnsjava-2.1.7.jar:/home/user/.m2/repository/org/apache/hadoop/hadoop-hdfs/3.2.0/hadoop-hdfs-3.2.0-tests.jar:/home/user/.m2/repository/org/eclipse/jetty/jetty-util-ajax/9.3.24.v20180605/jetty-util-ajax-9.3.24.v20180605.jar:/home/user/.m2/repository/commons-daemon/commons-daemon/1.0.13/commons-daemon-1.0.13.jar:/home/user/.m2/repository/io/netty/netty/3.10.5.Final/netty-3.10.5.Final.jar:/home/user/.m2/repository/io/netty/netty-all/4.0.52.Final/netty-all-4.0.52.Final.jar:/home/user/.m2/repository/org/fusesource/leveldbjni/leveldbjni-all/1.8/leveldbjni-all-1.8.jar:"/>
    <property name="sun.cpu.endian" value="little"/>
    <property name="user.home" value="/home/user"/>
    <property name="user.language" value="en"/>
    <property name="java.specification.vendor" value="Oracle Corporation"/>
    <property name="java.home" value="/usr/lib/jvm/java-1.8-openjdk/jre"/>
    <property name="java.security.krb5.conf" value="/tmp/workdir/hadoop-ozone/integration-test/target/test-classes/krb5.conf"/>
    <property name="basedir" value="/tmp/workdir/hadoop-ozone/integration-test"/>
    <property name="file.separator" value="/"/>
    <property name="line.separator" value="&#10;"/>
    <property name="java.vm.specification.vendor" value="Oracle Corporation"/>
    <property name="java.specification.name" value="Java Platform API Specification"/>
    <property name="java.awt.graphicsenv" value="sun.awt.X11GraphicsEnvironment"/>
    <property name="surefire.real.class.path" value="/tmp/workdir/hadoop-ozone/integration-test/target/surefire/surefirebooter5285955726931097993.jar"/>
    <property name="hadoop.log.dir" value="/tmp/workdir/hadoop-ozone/integration-test/target/log"/>
    <property name="sun.boot.class.path" value="/usr/lib/jvm/java-1.8-openjdk/jre/lib/resources.jar:/usr/lib/jvm/java-1.8-openjdk/jre/lib/rt.jar:/usr/lib/jvm/java-1.8-openjdk/jre/lib/sunrsasign.jar:/usr/lib/jvm/java-1.8-openjdk/jre/lib/jsse.jar:/usr/lib/jvm/java-1.8-openjdk/jre/lib/jce.jar:/usr/lib/jvm/java-1.8-openjdk/jre/lib/charsets.jar:/usr/lib/jvm/java-1.8-openjdk/jre/lib/jfr.jar:/usr/lib/jvm/java-1.8-openjdk/jre/classes"/>
    <property name="sun.management.compiler" value="HotSpot 64-Bit Tiered Compilers"/>
    <property name="java.runtime.version" value="1.8.0_212-b04"/>
    <property name="java.net.preferIPv4Stack" value="true"/>
    <property name="user.name" value="jenkins1000"/>
    <property name="path.separator" value=":"/>
    <property name="java.security.egd" value="file:///dev/urandom"/>
    <property name="os.version" value="3.10.0-957.12.2.el7.x86_64"/>
    <property name="java.endorsed.dirs" value="/usr/lib/jvm/java-1.8-openjdk/jre/lib/endorsed"/>
    <property name="java.runtime.name" value="OpenJDK Runtime Environment"/>
    <property name="file.encoding" value="UTF-8"/>
    <property name="java.vm.name" value="OpenJDK 64-Bit Server VM"/>
    <property name="test.build.webapps" value=""/>
    <property name="localRepository" value="/home/user/.m2/repository"/>
    <property name="java.vendor.url.bug" value="https://icedtea.classpath.org/bugzilla"/>
    <property name="java.io.tmpdir" value="/tmp"/>
    <property name="require.test.libhadoop" value=""/>
    <property name="java.version" value="1.8.0_212"/>
    <property name="user.dir" value="/tmp/workdir/hadoop-ozone/integration-test"/>
    <property name="os.arch" value="amd64"/>
    <property name="java.vm.specification.name" value="Java Virtual Machine Specification"/>
    <property name="test.build.classes" value="/tmp/workdir/hadoop-ozone/integration-test/target/test-classes"/>
    <property name="java.awt.printerjob" value="sun.print.PSPrinterJob"/>
    <property name="sun.os.patch.level" value="unknown"/>
    <property name="hadoop.tmp.dir" value="/tmp/workdir/hadoop-ozone/integration-test/target/tmp"/>
    <property name="java.library.path" value="/usr/lib/jvm/java-1.8-openjdk/jre/lib/amd64/server:/usr/lib/jvm/java-1.8-openjdk/jre/lib/amd64:/usr/lib/jvm/java-1.8-openjdk/jre/../lib/amd64:/tmp/workdir/hadoop-ozone/integration-test/target/native/target/usr/local/lib:/tmp/workdir/hadoop-ozone/integration-test/../../hadoop-common-project/hadoop-common/target/native/target/usr/local/lib:/usr/java/packages/lib/amd64:/usr/lib64:/lib64:/lib:/usr/lib"/>
    <property name="java.vm.info" value="mixed mode"/>
    <property name="java.vendor" value="IcedTea"/>
    <property name="java.vm.version" value="25.212-b04"/>
    <property name="java.ext.dirs" value="/usr/lib/jvm/java-1.8-openjdk/jre/lib/ext:/usr/java/packages/lib/ext"/>
    <property name="sun.io.unicode.encoding" value="UnicodeLittle"/>
    <property name="java.class.version" value="52.0"/>
  </properties>
  <testcase name="testBlockDeletion" classname="org.apache.hadoop.ozone.container.common.statemachine.commandhandler.TestBlockDeletion" time="98.382">
    <failure message="expected null, but was:&lt;[B@de77146&gt;" type="java.lang.AssertionError"><![CDATA[java.lang.AssertionError: expected null, but was:<[B@de77146>
	at org.junit.Assert.fail(Assert.java:88)
	at org.junit.Assert.failNotNull(Assert.java:664)
	at org.junit.Assert.assertNull(Assert.java:646)
	at org.junit.Assert.assertNull(Assert.java:656)
	at org.apache.hadoop.ozone.container.common.statemachine.commandhandler.TestBlockDeletion.lambda$verifyBlocksDeleted$3(TestBlockDeletion.java:323)
	at org.apache.hadoop.ozone.OzoneTestUtils.performOperationOnKeyContainers(OzoneTestUtils.java:96)
	at org.apache.hadoop.ozone.container.common.statemachine.commandhandler.TestBlockDeletion.verifyBlocksDeleted(TestBlockDeletion.java:317)
	at org.apache.hadoop.ozone.container.common.statemachine.commandhandler.TestBlockDeletion.testBlockDeletion(TestBlockDeletion.java:177)
	at sun.reflect.NativeMethodAccessorImpl.invoke0(Native Method)
	at sun.reflect.NativeMethodAccessorImpl.invoke(NativeMethodAccessorImpl.java:62)
	at sun.reflect.DelegatingMethodAccessorImpl.invoke(DelegatingMethodAccessorImpl.java:43)
	at java.lang.reflect.Method.invoke(Method.java:498)
	at org.junit.runners.model.FrameworkMethod$1.runReflectiveCall(FrameworkMethod.java:47)
	at org.junit.internal.runners.model.ReflectiveCallable.run(ReflectiveCallable.java:12)
	at org.junit.runners.model.FrameworkMethod.invokeExplosively(FrameworkMethod.java:44)
	at org.junit.internal.runners.statements.InvokeMethod.evaluate(InvokeMethod.java:17)
	at org.junit.runners.ParentRunner.runLeaf(ParentRunner.java:271)
	at org.junit.runners.BlockJUnit4ClassRunner.runChild(BlockJUnit4ClassRunner.java:70)
	at org.junit.runners.BlockJUnit4ClassRunner.runChild(BlockJUnit4ClassRunner.java:50)
	at org.junit.runners.ParentRunner$3.run(ParentRunner.java:238)
	at org.junit.runners.ParentRunner$1.schedule(ParentRunner.java:63)
	at org.junit.runners.ParentRunner.runChildren(ParentRunner.java:236)
	at org.junit.runners.ParentRunner.access$000(ParentRunner.java:53)
	at org.junit.runners.ParentRunner$2.evaluate(ParentRunner.java:229)
	at org.junit.internal.runners.statements.RunBefores.evaluate(RunBefores.java:26)
	at org.junit.runners.ParentRunner.run(ParentRunner.java:309)
	at org.apache.maven.surefire.junit4.JUnit4Provider.execute(JUnit4Provider.java:365)
	at org.apache.maven.surefire.junit4.JUnit4Provider.executeWithRerun(JUnit4Provider.java:273)
	at org.apache.maven.surefire.junit4.JUnit4Provider.executeTestSet(JUnit4Provider.java:238)
	at org.apache.maven.surefire.junit4.JUnit4Provider.invoke(JUnit4Provider.java:159)
	at org.apache.maven.surefire.booter.ForkedBooter.invokeProviderInSameClassLoader(ForkedBooter.java:384)
	at org.apache.maven.surefire.booter.ForkedBooter.runSuitesInProcess(ForkedBooter.java:345)
	at org.apache.maven.surefire.booter.ForkedBooter.execute(ForkedBooter.java:126)
	at org.apache.maven.surefire.booter.ForkedBooter.main(ForkedBooter.java:418)
]]></failure>
    <system-out><![CDATA[2019-07-13 08:31:51,912 WARN  server.ServerUtils (ServerUtils.java:getScmDbDir(145)) - ozone.scm.db.dirs is not configured. We recommend adding this setting. Falling back to ozone.metadata.dirs instead.
2019-07-13 08:31:52,005 WARN  server.ServerUtils (ServerUtils.java:getScmDbDir(145)) - ozone.scm.db.dirs is not configured. We recommend adding this setting. Falling back to ozone.metadata.dirs instead.
2019-07-13 08:31:52,007 WARN  server.ServerUtils (ServerUtils.java:getScmDbDir(145)) - ozone.scm.db.dirs is not configured. We recommend adding this setting. Falling back to ozone.metadata.dirs instead.
2019-07-13 08:31:52,023 INFO  util.log (Log.java:initialized(192)) - Logging initialized @848ms
2019-07-13 08:31:52,124 INFO  db.DBStoreBuilder (DBStoreBuilder.java:addTable(110)) - using custom profile for table: deletedBlocks
2019-07-13 08:31:52,124 INFO  db.DBStoreBuilder (DBStoreBuilder.java:processTables(161)) - Using default column profile:DBProfile.DISK for Table:deletedBlocks
2019-07-13 08:31:52,125 INFO  db.DBStoreBuilder (DBStoreBuilder.java:addTable(110)) - using custom profile for table: validCerts
2019-07-13 08:31:52,125 INFO  db.DBStoreBuilder (DBStoreBuilder.java:processTables(161)) - Using default column profile:DBProfile.DISK for Table:validCerts
2019-07-13 08:31:52,125 INFO  db.DBStoreBuilder (DBStoreBuilder.java:addTable(110)) - using custom profile for table: revokedCerts
2019-07-13 08:31:52,125 INFO  db.DBStoreBuilder (DBStoreBuilder.java:processTables(161)) - Using default column profile:DBProfile.DISK for Table:revokedCerts
2019-07-13 08:31:52,137 INFO  db.DBStoreBuilder (DBStoreBuilder.java:addTable(110)) - using custom profile for table: default
2019-07-13 08:31:52,137 INFO  db.DBStoreBuilder (DBStoreBuilder.java:processTables(167)) - Using default column profile:DBProfile.DISK for Table:default
2019-07-13 08:31:52,138 INFO  db.DBStoreBuilder (DBStoreBuilder.java:getDbProfile(198)) - Using default options. DBProfile.DISK
2019-07-13 08:31:52,386 INFO  net.NodeSchemaLoader (NodeSchemaLoader.java:loadSchemaFromFile(125)) - Loading file from sun.misc.CompoundEnumeration@402bba4f
2019-07-13 08:31:52,390 INFO  net.NodeSchemaLoader (NodeSchemaLoader.java:loadSchema(171)) - Loading network topology layer schema file
2019-07-13 08:31:52,472 INFO  node.SCMNodeManager (SCMNodeManager.java:<init>(119)) - Entering startup safe mode.
2019-07-13 08:31:52,557 WARN  server.ServerUtils (ServerUtils.java:getScmDbDir(145)) - ozone.scm.db.dirs is not configured. We recommend adding this setting. Falling back to ozone.metadata.dirs instead.
2019-07-13 08:31:52,631 INFO  pipeline.SCMPipelineManager (SCMPipelineManager.java:initializePipelineState(126)) - No pipeline exists in current db
2019-07-13 08:31:52,634 WARN  server.ServerUtils (ServerUtils.java:getScmDbDir(145)) - ozone.scm.db.dirs is not configured. We recommend adding this setting. Falling back to ozone.metadata.dirs instead.
2019-07-13 08:31:52,763 WARN  events.EventQueue (EventQueue.java:fireEvent(175)) - No event handler registered for event TypedEvent{payloadType=SafeModeStatus, name='SafeModeStatus'}
2019-07-13 08:31:53,102 INFO  ipc.CallQueueManager (CallQueueManager.java:<init>(84)) - Using callQueue: class java.util.concurrent.LinkedBlockingQueue, queueCapacity: 2000, scheduler: class org.apache.hadoop.ipc.DefaultRpcScheduler, ipcBackoff: false.
2019-07-13 08:31:53,131 INFO  ipc.Server (Server.java:run(1074)) - Starting Socket Reader #1 for port 44789
2019-07-13 08:31:53,169 INFO  ipc.CallQueueManager (CallQueueManager.java:<init>(84)) - Using callQueue: class java.util.concurrent.LinkedBlockingQueue, queueCapacity: 2000, scheduler: class org.apache.hadoop.ipc.DefaultRpcScheduler, ipcBackoff: false.
2019-07-13 08:31:53,170 INFO  ipc.Server (Server.java:run(1074)) - Starting Socket Reader #1 for port 44585
2019-07-13 08:31:53,180 INFO  ipc.CallQueueManager (CallQueueManager.java:<init>(84)) - Using callQueue: class java.util.concurrent.LinkedBlockingQueue, queueCapacity: 2000, scheduler: class org.apache.hadoop.ipc.DefaultRpcScheduler, ipcBackoff: false.
2019-07-13 08:31:53,181 INFO  ipc.Server (Server.java:run(1074)) - Starting Socket Reader #1 for port 35023
2019-07-13 08:31:53,336 INFO  hdfs.DFSUtil (DFSUtil.java:httpServerTemplateForNNAndJN(1641)) - Starting Web-server for scm at: http://0.0.0.0:0
2019-07-13 08:31:53,502 INFO  server.AuthenticationFilter (AuthenticationFilter.java:constructSecretProvider(240)) - Unable to initialize FileSignerSecretProvider, falling back to use random secrets.
2019-07-13 08:31:53,510 WARN  http.HttpRequestLog (HttpRequestLog.java:getRequestLog(97)) - Jetty request log can only be enabled using Log4j
2019-07-13 08:31:53,517 INFO  http.HttpServer2 (HttpServer2.java:addGlobalFilter(975)) - Added global filter 'safety' (class=org.apache.hadoop.http.HttpServer2$QuotingInputFilter)
2019-07-13 08:31:53,520 INFO  http.HttpServer2 (HttpServer2.java:addFilter(948)) - Added filter static_user_filter (class=org.apache.hadoop.http.lib.StaticUserWebFilter$StaticUserFilter) to context scm
2019-07-13 08:31:53,520 INFO  http.HttpServer2 (HttpServer2.java:addFilter(958)) - Added filter static_user_filter (class=org.apache.hadoop.http.lib.StaticUserWebFilter$StaticUserFilter) to context static
2019-07-13 08:31:53,520 INFO  http.HttpServer2 (HttpServer2.java:addFilter(958)) - Added filter static_user_filter (class=org.apache.hadoop.http.lib.StaticUserWebFilter$StaticUserFilter) to context logs
2019-07-13 08:31:53,549 INFO  server.StorageContainerManager (StorageContainerManager.java:start(759)) - StorageContainerLocationProtocol RPC server is listening at /0.0.0.0:35023
2019-07-13 08:31:53,611 WARN  impl.MetricsConfig (MetricsConfig.java:loadFirst(134)) - Cannot locate configuration: tried hadoop-metrics2-storagecontainermanager.properties,hadoop-metrics2.properties
2019-07-13 08:31:53,624 INFO  impl.MetricsSystemImpl (MetricsSystemImpl.java:startTimer(374)) - Scheduled Metric snapshot period at 10 second(s).
2019-07-13 08:31:53,625 INFO  impl.MetricsSystemImpl (MetricsSystemImpl.java:start(191)) - StorageContainerManager metrics system started
2019-07-13 08:31:53,842 INFO  server.SCMClientProtocolServer (SCMClientProtocolServer.java:start(149)) - RPC server for Client  is listening at /0.0.0.0:35023
2019-07-13 08:31:53,844 INFO  ipc.Server (Server.java:run(1314)) - IPC Server Responder: starting
2019-07-13 08:31:53,844 INFO  ipc.Server (Server.java:run(1153)) - IPC Server listener on 35023: starting
2019-07-13 08:31:53,848 INFO  server.StorageContainerManager (StorageContainerManager.java:start(768)) - ScmBlockLocationProtocol RPC server is listening at /0.0.0.0:44585
2019-07-13 08:31:53,848 INFO  server.SCMBlockProtocolServer (SCMBlockProtocolServer.java:start(140)) - RPC server for Block Protocol is listening at /0.0.0.0:44585
2019-07-13 08:31:53,848 INFO  ipc.Server (Server.java:run(1314)) - IPC Server Responder: starting
2019-07-13 08:31:53,849 INFO  ipc.Server (Server.java:run(1153)) - IPC Server listener on 44585: starting
2019-07-13 08:31:53,857 INFO  server.StorageContainerManager (StorageContainerManager.java:start(772)) - ScmDatanodeProtocl RPC server is listening at /0.0.0.0:44789
2019-07-13 08:31:53,857 INFO  server.SCMDatanodeProtocolServer (SCMDatanodeProtocolServer.java:start(191)) - RPC server for DataNodes is listening at /0.0.0.0:44789
2019-07-13 08:31:53,859 INFO  ipc.Server (Server.java:run(1314)) - IPC Server Responder: starting
2019-07-13 08:31:53,860 INFO  ipc.Server (Server.java:run(1153)) - IPC Server listener on 44789: starting
2019-07-13 08:31:53,873 INFO  http.HttpServer2 (HttpServer2.java:bindListener(1191)) - Jetty bound to port 37557
2019-07-13 08:31:53,875 INFO  server.Server (Server.java:doStart(351)) - jetty-9.3.24.v20180605, build timestamp: 2018-06-05T17:11:56Z, git hash: 84205aa28f11a4f31f2a3b86d1bba2cc8ab69827
2019-07-13 08:31:53,915 INFO  handler.ContextHandler (ContextHandler.java:doStart(781)) - Started o.e.j.s.ServletContextHandler@495b0487{/logs,file:///tmp/workdir/hadoop-ozone/integration-test/target/log,AVAILABLE}
2019-07-13 08:31:53,915 INFO  handler.ContextHandler (ContextHandler.java:doStart(781)) - Started o.e.j.s.ServletContextHandler@222eb8aa{/static,file:///tmp/workdir/hadoop-ozone/integration-test/target/test-classes/webapps/static,AVAILABLE}
2019-07-13 08:31:53,947 INFO  handler.ContextHandler (ContextHandler.java:doStart(781)) - Started o.e.j.w.WebAppContext@593e824f{/,file:///tmp/workdir/hadoop-ozone/integration-test/target/test-classes/webapps/scm/,AVAILABLE}{/scm}
2019-07-13 08:31:53,953 INFO  server.AbstractConnector (AbstractConnector.java:doStart(278)) - Started ServerConnector@71c5b236{HTTP/1.1,[http/1.1]}{0.0.0.0:37557}
2019-07-13 08:31:53,953 INFO  server.Server (Server.java:doStart(419)) - Started @2779ms
2019-07-13 08:31:53,955 INFO  server.BaseHttpServer (BaseHttpServer.java:updateConnectorAddress(207)) - HTTP server of SCM is listening at http://0.0.0.0:37557
2019-07-13 08:31:53,961 DEBUG block.SCMBlockDeletingService (SCMBlockDeletingService.java:call(138)) - Running DeletedBlockTransactionScanner
2019-07-13 08:31:53,966 INFO  util.JvmPauseMonitor (JvmPauseMonitor.java:run(188)) - Starting JVM pause monitor
2019-07-13 08:31:53,970 WARN  server.ServerUtils (ServerUtils.java:getDBPath(222)) - ozone.om.db.dirs is not configured. We recommend adding this setting. Falling back to ozone.metadata.dirs instead.
2019-07-13 08:31:53,972 DEBUG block.SCMBlockDeletingService (SCMBlockDeletingService.java:call(155)) - Scanned deleted blocks log and got 0 delTX to process.
2019-07-13 08:31:54,074 DEBUG block.SCMBlockDeletingService (SCMBlockDeletingService.java:call(138)) - Running DeletedBlockTransactionScanner
2019-07-13 08:31:54,074 DEBUG block.SCMBlockDeletingService (SCMBlockDeletingService.java:call(155)) - Scanned deleted blocks log and got 0 delTX to process.
2019-07-13 08:31:54,090 WARN  server.ServerUtils (ServerUtils.java:getDBPath(222)) - ozone.om.db.dirs is not configured. We recommend adding this setting. Falling back to ozone.metadata.dirs instead.
2019-07-13 08:31:54,091 INFO  om.OzoneManager (OzoneManager.java:setOMNodeDetails(630)) - OM Service ID is not set. Setting it to the default ID: omServiceIdDefault
2019-07-13 08:31:54,091 INFO  om.OzoneManager (OzoneManager.java:setOMNodeDetails(636)) - OM Node ID is not set. Setting it to the OmStorage's OmID: 4d846aca-2b67-4d91-88f0-94deb506419f
2019-07-13 08:31:54,093 INFO  om.OzoneManager (OzoneManager.java:loadOMHAConfigs(587)) - Found matching OM address with OMServiceId: null, OMNodeId: null, RPC Address: localhost:0 and Ratis port: 9872
2019-07-13 08:31:54,175 DEBUG block.SCMBlockDeletingService (SCMBlockDeletingService.java:call(138)) - Running DeletedBlockTransactionScanner
2019-07-13 08:31:54,175 DEBUG block.SCMBlockDeletingService (SCMBlockDeletingService.java:call(155)) - Scanned deleted blocks log and got 0 delTX to process.
2019-07-13 08:31:54,276 DEBUG block.SCMBlockDeletingService (SCMBlockDeletingService.java:call(138)) - Running DeletedBlockTransactionScanner
2019-07-13 08:31:54,276 DEBUG block.SCMBlockDeletingService (SCMBlockDeletingService.java:call(155)) - Scanned deleted blocks log and got 0 delTX to process.
2019-07-13 08:31:54,355 WARN  server.ServerUtils (ServerUtils.java:getDBPath(222)) - ozone.om.db.dirs is not configured. We recommend adding this setting. Falling back to ozone.metadata.dirs instead.
2019-07-13 08:31:54,372 INFO  db.DBStoreBuilder (DBStoreBuilder.java:addTable(110)) - using custom profile for table: userTable
2019-07-13 08:31:54,373 INFO  db.DBStoreBuilder (DBStoreBuilder.java:processTables(161)) - Using default column profile:DBProfile.DISK for Table:userTable
2019-07-13 08:31:54,374 INFO  db.DBStoreBuilder (DBStoreBuilder.java:addTable(110)) - using custom profile for table: volumeTable
2019-07-13 08:31:54,374 INFO  db.DBStoreBuilder (DBStoreBuilder.java:processTables(161)) - Using default column profile:DBProfile.DISK for Table:volumeTable
2019-07-13 08:31:54,375 INFO  db.DBStoreBuilder (DBStoreBuilder.java:addTable(110)) - using custom profile for table: bucketTable
2019-07-13 08:31:54,375 INFO  db.DBStoreBuilder (DBStoreBuilder.java:processTables(161)) - Using default column profile:DBProfile.DISK for Table:bucketTable
2019-07-13 08:31:54,376 INFO  db.DBStoreBuilder (DBStoreBuilder.java:addTable(110)) - using custom profile for table: keyTable
2019-07-13 08:31:54,376 INFO  db.DBStoreBuilder (DBStoreBuilder.java:processTables(161)) - Using default column profile:DBProfile.DISK for Table:keyTable
2019-07-13 08:31:54,376 INFO  db.DBStoreBuilder (DBStoreBuilder.java:addTable(110)) - using custom profile for table: deletedTable
2019-07-13 08:31:54,377 INFO  db.DBStoreBuilder (DBStoreBuilder.java:processTables(161)) - Using default column profile:DBProfile.DISK for Table:deletedTable
2019-07-13 08:31:54,377 DEBUG block.SCMBlockDeletingService (SCMBlockDeletingService.java:call(138)) - Running DeletedBlockTransactionScanner
2019-07-13 08:31:54,377 INFO  db.DBStoreBuilder (DBStoreBuilder.java:addTable(110)) - using custom profile for table: openKeyTable
2019-07-13 08:31:54,377 DEBUG block.SCMBlockDeletingService (SCMBlockDeletingService.java:call(155)) - Scanned deleted blocks log and got 0 delTX to process.
2019-07-13 08:31:54,378 INFO  db.DBStoreBuilder (DBStoreBuilder.java:processTables(161)) - Using default column profile:DBProfile.DISK for Table:openKeyTable
2019-07-13 08:31:54,378 INFO  db.DBStoreBuilder (DBStoreBuilder.java:addTable(110)) - using custom profile for table: s3Table
2019-07-13 08:31:54,379 INFO  db.DBStoreBuilder (DBStoreBuilder.java:processTables(161)) - Using default column profile:DBProfile.DISK for Table:s3Table
2019-07-13 08:31:54,379 INFO  db.DBStoreBuilder (DBStoreBuilder.java:addTable(110)) - using custom profile for table: multipartInfoTable
2019-07-13 08:31:54,380 INFO  db.DBStoreBuilder (DBStoreBuilder.java:processTables(161)) - Using default column profile:DBProfile.DISK for Table:multipartInfoTable
2019-07-13 08:31:54,380 INFO  db.DBStoreBuilder (DBStoreBuilder.java:addTable(110)) - using custom profile for table: dTokenTable
2019-07-13 08:31:54,380 INFO  db.DBStoreBuilder (DBStoreBuilder.java:processTables(161)) - Using default column profile:DBProfile.DISK for Table:dTokenTable
2019-07-13 08:31:54,381 INFO  db.DBStoreBuilder (DBStoreBuilder.java:addTable(110)) - using custom profile for table: s3SecretTable
2019-07-13 08:31:54,381 INFO  db.DBStoreBuilder (DBStoreBuilder.java:processTables(161)) - Using default column profile:DBProfile.DISK for Table:s3SecretTable
2019-07-13 08:31:54,382 INFO  db.DBStoreBuilder (DBStoreBuilder.java:addTable(110)) - using custom profile for table: prefixTable
2019-07-13 08:31:54,382 INFO  db.DBStoreBuilder (DBStoreBuilder.java:processTables(161)) - Using default column profile:DBProfile.DISK for Table:prefixTable
2019-07-13 08:31:54,382 INFO  db.DBStoreBuilder (DBStoreBuilder.java:addTable(110)) - using custom profile for table: default
2019-07-13 08:31:54,383 INFO  db.DBStoreBuilder (DBStoreBuilder.java:processTables(167)) - Using default column profile:DBProfile.DISK for Table:default
2019-07-13 08:31:54,383 INFO  db.DBStoreBuilder (DBStoreBuilder.java:getDbProfile(198)) - Using default options. DBProfile.DISK
2019-07-13 08:31:54,478 DEBUG block.SCMBlockDeletingService (SCMBlockDeletingService.java:call(138)) - Running DeletedBlockTransactionScanner
2019-07-13 08:31:54,479 DEBUG block.SCMBlockDeletingService (SCMBlockDeletingService.java:call(155)) - Scanned deleted blocks log and got 0 delTX to process.
2019-07-13 08:31:54,579 DEBUG block.SCMBlockDeletingService (SCMBlockDeletingService.java:call(138)) - Running DeletedBlockTransactionScanner
2019-07-13 08:31:54,580 DEBUG block.SCMBlockDeletingService (SCMBlockDeletingService.java:call(155)) - Scanned deleted blocks log and got 0 delTX to process.
2019-07-13 08:31:54,681 DEBUG block.SCMBlockDeletingService (SCMBlockDeletingService.java:call(138)) - Running DeletedBlockTransactionScanner
2019-07-13 08:31:54,681 DEBUG block.SCMBlockDeletingService (SCMBlockDeletingService.java:call(155)) - Scanned deleted blocks log and got 0 delTX to process.
2019-07-13 08:31:54,782 DEBUG block.SCMBlockDeletingService (SCMBlockDeletingService.java:call(138)) - Running DeletedBlockTransactionScanner
2019-07-13 08:31:54,782 DEBUG block.SCMBlockDeletingService (SCMBlockDeletingService.java:call(155)) - Scanned deleted blocks log and got 0 delTX to process.
2019-07-13 08:31:54,883 DEBUG block.SCMBlockDeletingService (SCMBlockDeletingService.java:call(138)) - Running DeletedBlockTransactionScanner
2019-07-13 08:31:54,883 DEBUG block.SCMBlockDeletingService (SCMBlockDeletingService.java:call(155)) - Scanned deleted blocks log and got 0 delTX to process.
2019-07-13 08:31:54,983 DEBUG block.SCMBlockDeletingService (SCMBlockDeletingService.java:call(138)) - Running DeletedBlockTransactionScanner
2019-07-13 08:31:54,984 DEBUG block.SCMBlockDeletingService (SCMBlockDeletingService.java:call(155)) - Scanned deleted blocks log and got 0 delTX to process.
2019-07-13 08:31:55,085 DEBUG block.SCMBlockDeletingService (SCMBlockDeletingService.java:call(138)) - Running DeletedBlockTransactionScanner
2019-07-13 08:31:55,085 DEBUG block.SCMBlockDeletingService (SCMBlockDeletingService.java:call(155)) - Scanned deleted blocks log and got 0 delTX to process.
2019-07-13 08:31:55,186 DEBUG block.SCMBlockDeletingService (SCMBlockDeletingService.java:call(138)) - Running DeletedBlockTransactionScanner
2019-07-13 08:31:55,186 DEBUG block.SCMBlockDeletingService (SCMBlockDeletingService.java:call(155)) - Scanned deleted blocks log and got 0 delTX to process.
2019-07-13 08:31:55,287 DEBUG block.SCMBlockDeletingService (SCMBlockDeletingService.java:call(138)) - Running DeletedBlockTransactionScanner
2019-07-13 08:31:55,287 DEBUG block.SCMBlockDeletingService (SCMBlockDeletingService.java:call(155)) - Scanned deleted blocks log and got 0 delTX to process.
2019-07-13 08:31:55,361 INFO  ipc.CallQueueManager (CallQueueManager.java:<init>(84)) - Using callQueue: class java.util.concurrent.LinkedBlockingQueue, queueCapacity: 2000, scheduler: class org.apache.hadoop.ipc.DefaultRpcScheduler, ipcBackoff: false.
2019-07-13 08:31:55,363 INFO  ipc.Server (Server.java:run(1074)) - Starting Socket Reader #1 for port 38405
2019-07-13 08:31:55,388 DEBUG block.SCMBlockDeletingService (SCMBlockDeletingService.java:call(138)) - Running DeletedBlockTransactionScanner
2019-07-13 08:31:55,388 DEBUG block.SCMBlockDeletingService (SCMBlockDeletingService.java:call(155)) - Scanned deleted blocks log and got 0 delTX to process.
2019-07-13 08:31:55,393 WARN  server.ServerUtils (ServerUtils.java:getDBPath(222)) - ozone.om.db.dirs is not configured. We recommend adding this setting. Falling back to ozone.metadata.dirs instead.
2019-07-13 08:31:55,393 INFO  om.OzoneManager (OzoneManager.java:start(1228)) - OzoneManager RPC server is listening at localhost/127.0.0.1:38405
2019-07-13 08:31:55,393 INFO  impl.MetricsSystemImpl (MetricsSystemImpl.java:init(158)) - OzoneManager metrics system started (again)
2019-07-13 08:31:55,395 INFO  ipc.Server (Server.java:run(1314)) - IPC Server Responder: starting
2019-07-13 08:31:55,396 INFO  ipc.Server (Server.java:run(1153)) - IPC Server listener on 38405: starting
2019-07-13 08:31:55,412 INFO  hdfs.DFSUtil (DFSUtil.java:httpServerTemplateForNNAndJN(1641)) - Starting Web-server for ozoneManager at: http://0.0.0.0:0
2019-07-13 08:31:55,415 INFO  server.AuthenticationFilter (AuthenticationFilter.java:constructSecretProvider(240)) - Unable to initialize FileSignerSecretProvider, falling back to use random secrets.
2019-07-13 08:31:55,416 WARN  http.HttpRequestLog (HttpRequestLog.java:getRequestLog(97)) - Jetty request log can only be enabled using Log4j
2019-07-13 08:31:55,419 INFO  http.HttpServer2 (HttpServer2.java:addGlobalFilter(975)) - Added global filter 'safety' (class=org.apache.hadoop.http.HttpServer2$QuotingInputFilter)
2019-07-13 08:31:55,420 INFO  http.HttpServer2 (HttpServer2.java:addFilter(948)) - Added filter static_user_filter (class=org.apache.hadoop.http.lib.StaticUserWebFilter$StaticUserFilter) to context ozoneManager
2019-07-13 08:31:55,421 INFO  http.HttpServer2 (HttpServer2.java:addFilter(958)) - Added filter static_user_filter (class=org.apache.hadoop.http.lib.StaticUserWebFilter$StaticUserFilter) to context static
2019-07-13 08:31:55,421 INFO  http.HttpServer2 (HttpServer2.java:addFilter(958)) - Added filter static_user_filter (class=org.apache.hadoop.http.lib.StaticUserWebFilter$StaticUserFilter) to context logs
2019-07-13 08:31:55,424 INFO  http.HttpServer2 (HttpServer2.java:bindListener(1191)) - Jetty bound to port 43490
2019-07-13 08:31:55,424 INFO  server.Server (Server.java:doStart(351)) - jetty-9.3.24.v20180605, build timestamp: 2018-06-05T17:11:56Z, git hash: 84205aa28f11a4f31f2a3b86d1bba2cc8ab69827
2019-07-13 08:31:55,427 INFO  handler.ContextHandler (ContextHandler.java:doStart(781)) - Started o.e.j.s.ServletContextHandler@6d367020{/logs,file:///tmp/workdir/hadoop-ozone/integration-test/target/log,AVAILABLE}
2019-07-13 08:31:55,428 INFO  handler.ContextHandler (ContextHandler.java:doStart(781)) - Started o.e.j.s.ServletContextHandler@36bc415e{/static,file:///tmp/workdir/hadoop-ozone/integration-test/target/test-classes/webapps/static,AVAILABLE}
2019-07-13 08:31:55,435 INFO  handler.ContextHandler (ContextHandler.java:doStart(781)) - Started o.e.j.w.WebAppContext@5183d589{/,file:///tmp/workdir/hadoop-ozone/integration-test/target/test-classes/webapps/ozoneManager/,AVAILABLE}{/ozoneManager}
2019-07-13 08:31:55,436 INFO  server.AbstractConnector (AbstractConnector.java:doStart(278)) - Started ServerConnector@511d5d04{HTTP/1.1,[http/1.1]}{0.0.0.0:43490}
2019-07-13 08:31:55,437 INFO  server.Server (Server.java:doStart(419)) - Started @4262ms
2019-07-13 08:31:55,438 INFO  server.BaseHttpServer (BaseHttpServer.java:updateConnectorAddress(207)) - HTTP server of OZONEMANAGER is listening at http://0.0.0.0:43490
2019-07-13 08:31:55,489 DEBUG block.SCMBlockDeletingService (SCMBlockDeletingService.java:call(138)) - Running DeletedBlockTransactionScanner
2019-07-13 08:31:55,489 DEBUG block.SCMBlockDeletingService (SCMBlockDeletingService.java:call(155)) - Scanned deleted blocks log and got 0 delTX to process.
2019-07-13 08:31:55,676 DEBUG block.SCMBlockDeletingService (SCMBlockDeletingService.java:call(138)) - Running DeletedBlockTransactionScanner
2019-07-13 08:31:55,676 DEBUG block.SCMBlockDeletingService (SCMBlockDeletingService.java:call(155)) - Scanned deleted blocks log and got 0 delTX to process.
2019-07-13 08:31:55,757 INFO  impl.MetricsSystemImpl (MetricsSystemImpl.java:init(158)) - HddsDatanode metrics system started (again)
2019-07-13 08:31:55,777 DEBUG block.SCMBlockDeletingService (SCMBlockDeletingService.java:call(138)) - Running DeletedBlockTransactionScanner
2019-07-13 08:31:55,777 DEBUG block.SCMBlockDeletingService (SCMBlockDeletingService.java:call(155)) - Scanned deleted blocks log and got 0 delTX to process.
2019-07-13 08:31:55,874 INFO  ozone.HddsDatanodeService (HddsDatanodeService.java:start(185)) - HddsDatanodeService host:trunk-nightly-hmp62-43275749 ip:192.168.69.96
2019-07-13 08:31:55,878 DEBUG block.SCMBlockDeletingService (SCMBlockDeletingService.java:call(138)) - Running DeletedBlockTransactionScanner
2019-07-13 08:31:55,878 DEBUG block.SCMBlockDeletingService (SCMBlockDeletingService.java:call(155)) - Scanned deleted blocks log and got 0 delTX to process.
2019-07-13 08:31:55,918 INFO  volume.HddsVolume (HddsVolume.java:<init>(176)) - Creating Volume: /tmp/workdir/hadoop-ozone/integration-test/target/test-dir/MiniOzoneClusterImpl-fcf0d58b-7225-411a-ad54-b01eec0cccf5/datanode-0/data/containers/hdds of  storage type : DISK and capacity : 52710309888
2019-07-13 08:31:55,921 INFO  volume.VolumeSet (VolumeSet.java:initializeVolumeSet(170)) - Added Volume : /tmp/workdir/hadoop-ozone/integration-test/target/test-dir/MiniOzoneClusterImpl-fcf0d58b-7225-411a-ad54-b01eec0cccf5/datanode-0/data/containers/hdds to VolumeSet
2019-07-13 08:31:55,925 INFO  volume.ThrottledAsyncChecker (ThrottledAsyncChecker.java:schedule(140)) - Scheduling a check for org.apache.hadoop.ozone.container.common.volume.HddsVolume@29a4f594
2019-07-13 08:31:55,950 INFO  volume.HddsVolumeChecker (HddsVolumeChecker.java:checkAllVolumes(203)) - Scheduled health check for volume org.apache.hadoop.ozone.container.common.volume.HddsVolume@29a4f594
2019-07-13 08:31:55,979 DEBUG block.SCMBlockDeletingService (SCMBlockDeletingService.java:call(138)) - Running DeletedBlockTransactionScanner
2019-07-13 08:31:55,980 DEBUG block.SCMBlockDeletingService (SCMBlockDeletingService.java:call(155)) - Scanned deleted blocks log and got 0 delTX to process.
2019-07-13 08:31:56,073 INFO  impl.RaftServerProxy (ConfUtils.java:logGet(43)) - raft.rpc.type = GRPC (default)
2019-07-13 08:31:56,080 DEBUG block.SCMBlockDeletingService (SCMBlockDeletingService.java:call(138)) - Running DeletedBlockTransactionScanner
2019-07-13 08:31:56,081 DEBUG block.SCMBlockDeletingService (SCMBlockDeletingService.java:call(155)) - Scanned deleted blocks log and got 0 delTX to process.
2019-07-13 08:31:56,137 INFO  grpc.GrpcFactory (GrpcFactory.java:checkPooledByteBufAllocatorUseCacheForAllThreads(45)) - PERFORMANCE WARNING: useCacheForAllThreads is true that may cause Netty to create a lot garbage objects and, as a result, trigger GC.
	It is recommended to disable useCacheForAllThreads by setting -Dorg.apache.ratis.thirdparty.io.netty.allocator.useCacheForAllThreads=false in command line.
2019-07-13 08:31:56,141 INFO  grpc.GrpcConfigKeys$Server (ConfUtils.java:logGet(43)) - raft.grpc.server.port = 0 (default)
2019-07-13 08:31:56,142 INFO  server.GrpcService (ConfUtils.java:logGet(43)) - raft.grpc.message.size.max = 33570816 (custom)
2019-07-13 08:31:56,144 INFO  server.RaftServerConfigKeys (ConfUtils.java:logGet(43)) - raft.server.log.appender.buffer.byte-limit = 33554432 (custom)
2019-07-13 08:31:56,144 INFO  server.GrpcService (ConfUtils.java:logGet(43)) - raft.grpc.flow.control.window = 1MB (=1048576) (default)
2019-07-13 08:31:56,145 INFO  server.RaftServerConfigKeys (ConfUtils.java:logGet(43)) - raft.server.rpc.request.timeout = 3000ms (default)
2019-07-13 08:31:56,181 DEBUG block.SCMBlockDeletingService (SCMBlockDeletingService.java:call(138)) - Running DeletedBlockTransactionScanner
2019-07-13 08:31:56,182 DEBUG block.SCMBlockDeletingService (SCMBlockDeletingService.java:call(155)) - Scanned deleted blocks log and got 0 delTX to process.
2019-07-13 08:31:56,282 DEBUG block.SCMBlockDeletingService (SCMBlockDeletingService.java:call(138)) - Running DeletedBlockTransactionScanner
2019-07-13 08:31:56,283 DEBUG block.SCMBlockDeletingService (SCMBlockDeletingService.java:call(155)) - Scanned deleted blocks log and got 0 delTX to process.
2019-07-13 08:31:56,337 INFO  server.RaftServerConfigKeys (ConfUtils.java:logGet(43)) - raft.server.storage.dir = [/tmp/workdir/hadoop-ozone/integration-test/target/test-dir/MiniOzoneClusterImpl-fcf0d58b-7225-411a-ad54-b01eec0cccf5/datanode-0/data/ratis] (custom)
2019-07-13 08:31:56,384 DEBUG block.SCMBlockDeletingService (SCMBlockDeletingService.java:call(138)) - Running DeletedBlockTransactionScanner
2019-07-13 08:31:56,384 DEBUG block.SCMBlockDeletingService (SCMBlockDeletingService.java:call(155)) - Scanned deleted blocks log and got 0 delTX to process.
2019-07-13 08:31:56,397 INFO  replication.SimpleContainerDownloader (SimpleContainerDownloader.java:<init>(72)) - Starting container downloader service to copy containers to replicate.
2019-07-13 08:31:56,413 INFO  hdfs.DFSUtil (DFSUtil.java:httpServerTemplateForNNAndJN(1641)) - Starting Web-server for hddsDatanode at: http://0.0.0.0:0
2019-07-13 08:31:56,418 INFO  server.AuthenticationFilter (AuthenticationFilter.java:constructSecretProvider(240)) - Unable to initialize FileSignerSecretProvider, falling back to use random secrets.
2019-07-13 08:31:56,420 WARN  http.HttpRequestLog (HttpRequestLog.java:getRequestLog(97)) - Jetty request log can only be enabled using Log4j
2019-07-13 08:31:56,423 INFO  http.HttpServer2 (HttpServer2.java:addGlobalFilter(975)) - Added global filter 'safety' (class=org.apache.hadoop.http.HttpServer2$QuotingInputFilter)
2019-07-13 08:31:56,424 INFO  http.HttpServer2 (HttpServer2.java:addFilter(948)) - Added filter static_user_filter (class=org.apache.hadoop.http.lib.StaticUserWebFilter$StaticUserFilter) to context hddsDatanode
2019-07-13 08:31:56,425 INFO  http.HttpServer2 (HttpServer2.java:addFilter(958)) - Added filter static_user_filter (class=org.apache.hadoop.http.lib.StaticUserWebFilter$StaticUserFilter) to context logs
2019-07-13 08:31:56,425 INFO  http.HttpServer2 (HttpServer2.java:addFilter(958)) - Added filter static_user_filter (class=org.apache.hadoop.http.lib.StaticUserWebFilter$StaticUserFilter) to context static
2019-07-13 08:31:56,427 INFO  http.HttpServer2 (HttpServer2.java:bindListener(1191)) - Jetty bound to port 40593
2019-07-13 08:31:56,427 INFO  server.Server (Server.java:doStart(351)) - jetty-9.3.24.v20180605, build timestamp: 2018-06-05T17:11:56Z, git hash: 84205aa28f11a4f31f2a3b86d1bba2cc8ab69827
2019-07-13 08:31:56,431 INFO  handler.ContextHandler (ContextHandler.java:doStart(781)) - Started o.e.j.s.ServletContextHandler@6cd5122d{/logs,file:///tmp/workdir/hadoop-ozone/integration-test/target/log,AVAILABLE}
2019-07-13 08:31:56,431 INFO  handler.ContextHandler (ContextHandler.java:doStart(781)) - Started o.e.j.s.ServletContextHandler@10c07b8d{/static,jar:file:/home/user/.m2/repository/org/apache/hadoop/hadoop-hdds-container-service/0.5.0-SNAPSHOT/hadoop-hdds-container-service-0.5.0-SNAPSHOT.jar!/webapps/static,AVAILABLE}
2019-07-13 08:31:56,476 INFO  handler.ContextHandler (ContextHandler.java:doStart(781)) - Started o.e.j.w.WebAppContext@f91da5e{/,file:///tmp/jetty-0.0.0.0-40593-hddsDatanode-_-any-4152539723288281917.dir/webapp/,AVAILABLE}{/hddsDatanode}
2019-07-13 08:31:56,477 INFO  server.AbstractConnector (AbstractConnector.java:doStart(278)) - Started ServerConnector@eca6a74{HTTP/1.1,[http/1.1]}{0.0.0.0:40593}
2019-07-13 08:31:56,478 INFO  server.Server (Server.java:doStart(419)) - Started @5304ms
2019-07-13 08:31:56,479 INFO  server.BaseHttpServer (BaseHttpServer.java:updateConnectorAddress(207)) - HTTP server of HDDSDATANODE is listening at http://0.0.0.0:40593
2019-07-13 08:31:56,485 DEBUG block.SCMBlockDeletingService (SCMBlockDeletingService.java:call(138)) - Running DeletedBlockTransactionScanner
2019-07-13 08:31:56,485 DEBUG block.SCMBlockDeletingService (SCMBlockDeletingService.java:call(155)) - Scanned deleted blocks log and got 0 delTX to process.
2019-07-13 08:31:56,586 DEBUG block.SCMBlockDeletingService (SCMBlockDeletingService.java:call(138)) - Running DeletedBlockTransactionScanner
2019-07-13 08:31:56,586 DEBUG block.SCMBlockDeletingService (SCMBlockDeletingService.java:call(155)) - Scanned deleted blocks log and got 0 delTX to process.
2019-07-13 08:31:56,687 DEBUG block.SCMBlockDeletingService (SCMBlockDeletingService.java:call(138)) - Running DeletedBlockTransactionScanner
2019-07-13 08:31:56,688 DEBUG block.SCMBlockDeletingService (SCMBlockDeletingService.java:call(155)) - Scanned deleted blocks log and got 0 delTX to process.
2019-07-13 08:31:56,788 DEBUG block.SCMBlockDeletingService (SCMBlockDeletingService.java:call(138)) - Running DeletedBlockTransactionScanner
2019-07-13 08:31:56,789 DEBUG block.SCMBlockDeletingService (SCMBlockDeletingService.java:call(155)) - Scanned deleted blocks log and got 0 delTX to process.
2019-07-13 08:31:56,889 DEBUG block.SCMBlockDeletingService (SCMBlockDeletingService.java:call(138)) - Running DeletedBlockTransactionScanner
2019-07-13 08:31:56,890 DEBUG block.SCMBlockDeletingService (SCMBlockDeletingService.java:call(155)) - Scanned deleted blocks log and got 0 delTX to process.
2019-07-13 08:31:56,990 DEBUG block.SCMBlockDeletingService (SCMBlockDeletingService.java:call(138)) - Running DeletedBlockTransactionScanner
2019-07-13 08:31:56,991 DEBUG block.SCMBlockDeletingService (SCMBlockDeletingService.java:call(155)) - Scanned deleted blocks log and got 0 delTX to process.
2019-07-13 08:31:57,092 DEBUG block.SCMBlockDeletingService (SCMBlockDeletingService.java:call(138)) - Running DeletedBlockTransactionScanner
2019-07-13 08:31:57,092 DEBUG block.SCMBlockDeletingService (SCMBlockDeletingService.java:call(155)) - Scanned deleted blocks log and got 0 delTX to process.
2019-07-13 08:31:57,193 DEBUG block.SCMBlockDeletingService (SCMBlockDeletingService.java:call(138)) - Running DeletedBlockTransactionScanner
2019-07-13 08:31:57,193 DEBUG block.SCMBlockDeletingService (SCMBlockDeletingService.java:call(155)) - Scanned deleted blocks log and got 0 delTX to process.
2019-07-13 08:31:57,294 DEBUG block.SCMBlockDeletingService (SCMBlockDeletingService.java:call(138)) - Running DeletedBlockTransactionScanner
2019-07-13 08:31:57,294 DEBUG block.SCMBlockDeletingService (SCMBlockDeletingService.java:call(155)) - Scanned deleted blocks log and got 0 delTX to process.
2019-07-13 08:31:57,395 DEBUG block.SCMBlockDeletingService (SCMBlockDeletingService.java:call(138)) - Running DeletedBlockTransactionScanner
2019-07-13 08:31:57,396 DEBUG block.SCMBlockDeletingService (SCMBlockDeletingService.java:call(155)) - Scanned deleted blocks log and got 0 delTX to process.
2019-07-13 08:31:57,496 DEBUG block.SCMBlockDeletingService (SCMBlockDeletingService.java:call(138)) - Running DeletedBlockTransactionScanner
2019-07-13 08:31:57,497 DEBUG block.SCMBlockDeletingService (SCMBlockDeletingService.java:call(155)) - Scanned deleted blocks log and got 0 delTX to process.
2019-07-13 08:31:57,597 DEBUG block.SCMBlockDeletingService (SCMBlockDeletingService.java:call(138)) - Running DeletedBlockTransactionScanner
2019-07-13 08:31:57,598 DEBUG block.SCMBlockDeletingService (SCMBlockDeletingService.java:call(155)) - Scanned deleted blocks log and got 0 delTX to process.
2019-07-13 08:31:57,671 INFO  ozone.HddsDatanodeService (HddsDatanodeService.java:startPlugins(396)) - Started plug-in org.apache.hadoop.ozone.web.OzoneHddsDatanodeService@24c685e7
2019-07-13 08:31:57,674 INFO  ozone.MiniOzoneClusterImpl (MiniOzoneClusterImpl.java:lambda$waitForClusterToBeReady$0(142)) - Waiting for cluster to be ready. Got 0 of 1 DN Heartbeats.
2019-07-13 08:31:57,680 INFO  util.JvmPauseMonitor (JvmPauseMonitor.java:run(188)) - Starting JVM pause monitor
2019-07-13 08:31:57,698 DEBUG block.SCMBlockDeletingService (SCMBlockDeletingService.java:call(138)) - Running DeletedBlockTransactionScanner
2019-07-13 08:31:57,699 DEBUG block.SCMBlockDeletingService (SCMBlockDeletingService.java:call(155)) - Scanned deleted blocks log and got 0 delTX to process.
2019-07-13 08:31:57,799 DEBUG block.SCMBlockDeletingService (SCMBlockDeletingService.java:call(138)) - Running DeletedBlockTransactionScanner
2019-07-13 08:31:57,800 DEBUG block.SCMBlockDeletingService (SCMBlockDeletingService.java:call(155)) - Scanned deleted blocks log and got 0 delTX to process.
2019-07-13 08:31:57,801 INFO  datanode.InitDatanodeState (InitDatanodeState.java:persistContainerDatanodeDetails(140)) - DatanodeDetails is persisted to /tmp/workdir/hadoop-ozone/integration-test/target/test-dir/MiniOzoneClusterImpl-fcf0d58b-7225-411a-ad54-b01eec0cccf5/datanode-0/meta/datanode.id
2019-07-13 08:31:57,900 DEBUG block.SCMBlockDeletingService (SCMBlockDeletingService.java:call(138)) - Running DeletedBlockTransactionScanner
2019-07-13 08:31:57,901 DEBUG block.SCMBlockDeletingService (SCMBlockDeletingService.java:call(155)) - Scanned deleted blocks log and got 0 delTX to process.
2019-07-13 08:31:58,002 DEBUG block.SCMBlockDeletingService (SCMBlockDeletingService.java:call(138)) - Running DeletedBlockTransactionScanner
2019-07-13 08:31:58,002 DEBUG block.SCMBlockDeletingService (SCMBlockDeletingService.java:call(155)) - Scanned deleted blocks log and got 0 delTX to process.
2019-07-13 08:31:58,103 DEBUG block.SCMBlockDeletingService (SCMBlockDeletingService.java:call(138)) - Running DeletedBlockTransactionScanner
2019-07-13 08:31:58,103 DEBUG block.SCMBlockDeletingService (SCMBlockDeletingService.java:call(155)) - Scanned deleted blocks log and got 0 delTX to process.
2019-07-13 08:31:58,204 DEBUG block.SCMBlockDeletingService (SCMBlockDeletingService.java:call(138)) - Running DeletedBlockTransactionScanner
2019-07-13 08:31:58,204 DEBUG block.SCMBlockDeletingService (SCMBlockDeletingService.java:call(155)) - Scanned deleted blocks log and got 0 delTX to process.
2019-07-13 08:31:58,305 DEBUG block.SCMBlockDeletingService (SCMBlockDeletingService.java:call(138)) - Running DeletedBlockTransactionScanner
2019-07-13 08:31:58,305 DEBUG block.SCMBlockDeletingService (SCMBlockDeletingService.java:call(155)) - Scanned deleted blocks log and got 0 delTX to process.
2019-07-13 08:31:58,406 DEBUG block.SCMBlockDeletingService (SCMBlockDeletingService.java:call(138)) - Running DeletedBlockTransactionScanner
2019-07-13 08:31:58,406 DEBUG block.SCMBlockDeletingService (SCMBlockDeletingService.java:call(155)) - Scanned deleted blocks log and got 0 delTX to process.
2019-07-13 08:31:58,507 DEBUG block.SCMBlockDeletingService (SCMBlockDeletingService.java:call(138)) - Running DeletedBlockTransactionScanner
2019-07-13 08:31:58,507 DEBUG block.SCMBlockDeletingService (SCMBlockDeletingService.java:call(155)) - Scanned deleted blocks log and got 0 delTX to process.
2019-07-13 08:31:58,608 DEBUG block.SCMBlockDeletingService (SCMBlockDeletingService.java:call(138)) - Running DeletedBlockTransactionScanner
2019-07-13 08:31:58,608 DEBUG block.SCMBlockDeletingService (SCMBlockDeletingService.java:call(155)) - Scanned deleted blocks log and got 0 delTX to process.
2019-07-13 08:31:58,674 INFO  ozone.MiniOzoneClusterImpl (MiniOzoneClusterImpl.java:lambda$waitForClusterToBeReady$0(142)) - Waiting for cluster to be ready. Got 0 of 1 DN Heartbeats.
2019-07-13 08:31:58,708 DEBUG block.SCMBlockDeletingService (SCMBlockDeletingService.java:call(138)) - Running DeletedBlockTransactionScanner
2019-07-13 08:31:58,709 DEBUG block.SCMBlockDeletingService (SCMBlockDeletingService.java:call(155)) - Scanned deleted blocks log and got 0 delTX to process.
2019-07-13 08:31:58,809 DEBUG block.SCMBlockDeletingService (SCMBlockDeletingService.java:call(138)) - Running DeletedBlockTransactionScanner
2019-07-13 08:31:58,810 DEBUG block.SCMBlockDeletingService (SCMBlockDeletingService.java:call(155)) - Scanned deleted blocks log and got 0 delTX to process.
2019-07-13 08:31:58,910 DEBUG block.SCMBlockDeletingService (SCMBlockDeletingService.java:call(138)) - Running DeletedBlockTransactionScanner
2019-07-13 08:31:58,911 DEBUG block.SCMBlockDeletingService (SCMBlockDeletingService.java:call(155)) - Scanned deleted blocks log and got 0 delTX to process.
2019-07-13 08:31:59,011 DEBUG block.SCMBlockDeletingService (SCMBlockDeletingService.java:call(138)) - Running DeletedBlockTransactionScanner
2019-07-13 08:31:59,012 DEBUG block.SCMBlockDeletingService (SCMBlockDeletingService.java:call(155)) - Scanned deleted blocks log and got 0 delTX to process.
2019-07-13 08:31:59,112 DEBUG block.SCMBlockDeletingService (SCMBlockDeletingService.java:call(138)) - Running DeletedBlockTransactionScanner
2019-07-13 08:31:59,113 DEBUG block.SCMBlockDeletingService (SCMBlockDeletingService.java:call(155)) - Scanned deleted blocks log and got 0 delTX to process.
2019-07-13 08:31:59,213 DEBUG block.SCMBlockDeletingService (SCMBlockDeletingService.java:call(138)) - Running DeletedBlockTransactionScanner
2019-07-13 08:31:59,214 DEBUG block.SCMBlockDeletingService (SCMBlockDeletingService.java:call(155)) - Scanned deleted blocks log and got 0 delTX to process.
2019-07-13 08:31:59,314 DEBUG block.SCMBlockDeletingService (SCMBlockDeletingService.java:call(138)) - Running DeletedBlockTransactionScanner
2019-07-13 08:31:59,315 DEBUG block.SCMBlockDeletingService (SCMBlockDeletingService.java:call(155)) - Scanned deleted blocks log and got 0 delTX to process.
2019-07-13 08:31:59,415 DEBUG block.SCMBlockDeletingService (SCMBlockDeletingService.java:call(138)) - Running DeletedBlockTransactionScanner
2019-07-13 08:31:59,415 DEBUG block.SCMBlockDeletingService (SCMBlockDeletingService.java:call(155)) - Scanned deleted blocks log and got 0 delTX to process.
2019-07-13 08:31:59,516 DEBUG block.SCMBlockDeletingService (SCMBlockDeletingService.java:call(138)) - Running DeletedBlockTransactionScanner
2019-07-13 08:31:59,516 DEBUG block.SCMBlockDeletingService (SCMBlockDeletingService.java:call(155)) - Scanned deleted blocks log and got 0 delTX to process.
2019-07-13 08:31:59,617 DEBUG block.SCMBlockDeletingService (SCMBlockDeletingService.java:call(138)) - Running DeletedBlockTransactionScanner
2019-07-13 08:31:59,617 DEBUG block.SCMBlockDeletingService (SCMBlockDeletingService.java:call(155)) - Scanned deleted blocks log and got 0 delTX to process.
2019-07-13 08:31:59,675 INFO  ozone.MiniOzoneClusterImpl (MiniOzoneClusterImpl.java:lambda$waitForClusterToBeReady$0(142)) - Waiting for cluster to be ready. Got 0 of 1 DN Heartbeats.
2019-07-13 08:31:59,718 DEBUG block.SCMBlockDeletingService (SCMBlockDeletingService.java:call(138)) - Running DeletedBlockTransactionScanner
2019-07-13 08:31:59,718 DEBUG block.SCMBlockDeletingService (SCMBlockDeletingService.java:call(155)) - Scanned deleted blocks log and got 0 delTX to process.
2019-07-13 08:31:59,746 INFO  ozoneimpl.OzoneContainer (OzoneContainer.java:start(186)) - Attempting to start container services.
2019-07-13 08:31:59,747 INFO  ozoneimpl.OzoneContainer (OzoneContainer.java:startContainerScrub(160)) - Background container scrubber has been disabled by hdds.containerscrub.enabled
2019-07-13 08:31:59,747 INFO  ratis.XceiverServerRatis (XceiverServerRatis.java:start(418)) - Starting XceiverServerRatis 912a7d3b-e3f1-4985-b06b-5f0a929b8060 at port 0
2019-07-13 08:31:59,774 INFO  impl.RaftServerProxy (RaftServerProxy.java:lambda$start$3(299)) - 912a7d3b-e3f1-4985-b06b-5f0a929b8060: start RPC server
2019-07-13 08:31:59,819 DEBUG block.SCMBlockDeletingService (SCMBlockDeletingService.java:call(138)) - Running DeletedBlockTransactionScanner
2019-07-13 08:31:59,819 DEBUG block.SCMBlockDeletingService (SCMBlockDeletingService.java:call(155)) - Scanned deleted blocks log and got 0 delTX to process.
2019-07-13 08:31:59,904 INFO  server.GrpcService (GrpcService.java:startImpl(149)) - 912a7d3b-e3f1-4985-b06b-5f0a929b8060: GrpcService started, listening on 0.0.0.0/0.0.0.0:41276
2019-07-13 08:31:59,905 INFO  ratis.XceiverServerRatis (XceiverServerRatis.java:start(428)) - XceiverServerRatis 912a7d3b-e3f1-4985-b06b-5f0a929b8060 is started using port 41276
2019-07-13 08:31:59,907 INFO  server.XceiverServerGrpc (XceiverServerGrpc.java:start(161)) - XceiverServerGrpc 912a7d3b-e3f1-4985-b06b-5f0a929b8060 is started using port 36752
2019-07-13 08:31:59,920 DEBUG block.SCMBlockDeletingService (SCMBlockDeletingService.java:call(138)) - Running DeletedBlockTransactionScanner
2019-07-13 08:31:59,920 DEBUG block.SCMBlockDeletingService (SCMBlockDeletingService.java:call(155)) - Scanned deleted blocks log and got 0 delTX to process.
2019-07-13 08:32:00,020 DEBUG block.SCMBlockDeletingService (SCMBlockDeletingService.java:call(138)) - Running DeletedBlockTransactionScanner
2019-07-13 08:32:00,021 DEBUG block.SCMBlockDeletingService (SCMBlockDeletingService.java:call(155)) - Scanned deleted blocks log and got 0 delTX to process.
2019-07-13 08:32:00,121 DEBUG block.SCMBlockDeletingService (SCMBlockDeletingService.java:call(138)) - Running DeletedBlockTransactionScanner
2019-07-13 08:32:00,121 DEBUG block.SCMBlockDeletingService (SCMBlockDeletingService.java:call(155)) - Scanned deleted blocks log and got 0 delTX to process.
2019-07-13 08:32:00,222 DEBUG block.SCMBlockDeletingService (SCMBlockDeletingService.java:call(138)) - Running DeletedBlockTransactionScanner
2019-07-13 08:32:00,222 DEBUG block.SCMBlockDeletingService (SCMBlockDeletingService.java:call(155)) - Scanned deleted blocks log and got 0 delTX to process.
2019-07-13 08:32:00,322 DEBUG block.SCMBlockDeletingService (SCMBlockDeletingService.java:call(138)) - Running DeletedBlockTransactionScanner
2019-07-13 08:32:00,323 DEBUG block.SCMBlockDeletingService (SCMBlockDeletingService.java:call(155)) - Scanned deleted blocks log and got 0 delTX to process.
2019-07-13 08:32:00,423 DEBUG block.SCMBlockDeletingService (SCMBlockDeletingService.java:call(138)) - Running DeletedBlockTransactionScanner
2019-07-13 08:32:00,423 DEBUG block.SCMBlockDeletingService (SCMBlockDeletingService.java:call(155)) - Scanned deleted blocks log and got 0 delTX to process.
2019-07-13 08:32:00,524 DEBUG block.SCMBlockDeletingService (SCMBlockDeletingService.java:call(138)) - Running DeletedBlockTransactionScanner
2019-07-13 08:32:00,524 DEBUG block.SCMBlockDeletingService (SCMBlockDeletingService.java:call(155)) - Scanned deleted blocks log and got 0 delTX to process.
2019-07-13 08:32:00,625 DEBUG block.SCMBlockDeletingService (SCMBlockDeletingService.java:call(138)) - Running DeletedBlockTransactionScanner
2019-07-13 08:32:00,625 DEBUG block.SCMBlockDeletingService (SCMBlockDeletingService.java:call(155)) - Scanned deleted blocks log and got 0 delTX to process.
2019-07-13 08:32:00,676 INFO  ozone.MiniOzoneClusterImpl (MiniOzoneClusterImpl.java:lambda$waitForClusterToBeReady$0(142)) - Waiting for cluster to be ready. Got 0 of 1 DN Heartbeats.
2019-07-13 08:32:00,726 DEBUG block.SCMBlockDeletingService (SCMBlockDeletingService.java:call(138)) - Running DeletedBlockTransactionScanner
2019-07-13 08:32:00,726 DEBUG block.SCMBlockDeletingService (SCMBlockDeletingService.java:call(155)) - Scanned deleted blocks log and got 0 delTX to process.
2019-07-13 08:32:00,826 DEBUG block.SCMBlockDeletingService (SCMBlockDeletingService.java:call(138)) - Running DeletedBlockTransactionScanner
2019-07-13 08:32:00,827 DEBUG block.SCMBlockDeletingService (SCMBlockDeletingService.java:call(155)) - Scanned deleted blocks log and got 0 delTX to process.
2019-07-13 08:32:00,927 DEBUG block.SCMBlockDeletingService (SCMBlockDeletingService.java:call(138)) - Running DeletedBlockTransactionScanner
2019-07-13 08:32:00,927 DEBUG block.SCMBlockDeletingService (SCMBlockDeletingService.java:call(155)) - Scanned deleted blocks log and got 0 delTX to process.
2019-07-13 08:32:01,028 DEBUG block.SCMBlockDeletingService (SCMBlockDeletingService.java:call(138)) - Running DeletedBlockTransactionScanner
2019-07-13 08:32:01,028 DEBUG block.SCMBlockDeletingService (SCMBlockDeletingService.java:call(155)) - Scanned deleted blocks log and got 0 delTX to process.
2019-07-13 08:32:01,129 DEBUG block.SCMBlockDeletingService (SCMBlockDeletingService.java:call(138)) - Running DeletedBlockTransactionScanner
2019-07-13 08:32:01,129 DEBUG block.SCMBlockDeletingService (SCMBlockDeletingService.java:call(155)) - Scanned deleted blocks log and got 0 delTX to process.
2019-07-13 08:32:01,230 DEBUG block.SCMBlockDeletingService (SCMBlockDeletingService.java:call(138)) - Running DeletedBlockTransactionScanner
2019-07-13 08:32:01,230 DEBUG block.SCMBlockDeletingService (SCMBlockDeletingService.java:call(155)) - Scanned deleted blocks log and got 0 delTX to process.
2019-07-13 08:32:01,330 DEBUG block.SCMBlockDeletingService (SCMBlockDeletingService.java:call(138)) - Running DeletedBlockTransactionScanner
2019-07-13 08:32:01,331 DEBUG block.SCMBlockDeletingService (SCMBlockDeletingService.java:call(155)) - Scanned deleted blocks log and got 0 delTX to process.
2019-07-13 08:32:01,431 DEBUG block.SCMBlockDeletingService (SCMBlockDeletingService.java:call(138)) - Running DeletedBlockTransactionScanner
2019-07-13 08:32:01,431 DEBUG block.SCMBlockDeletingService (SCMBlockDeletingService.java:call(155)) - Scanned deleted blocks log and got 0 delTX to process.
2019-07-13 08:32:01,532 DEBUG block.SCMBlockDeletingService (SCMBlockDeletingService.java:call(138)) - Running DeletedBlockTransactionScanner
2019-07-13 08:32:01,532 DEBUG block.SCMBlockDeletingService (SCMBlockDeletingService.java:call(155)) - Scanned deleted blocks log and got 0 delTX to process.
2019-07-13 08:32:01,632 DEBUG block.SCMBlockDeletingService (SCMBlockDeletingService.java:call(138)) - Running DeletedBlockTransactionScanner
2019-07-13 08:32:01,633 DEBUG block.SCMBlockDeletingService (SCMBlockDeletingService.java:call(155)) - Scanned deleted blocks log and got 0 delTX to process.
2019-07-13 08:32:01,676 INFO  ozone.MiniOzoneClusterImpl (MiniOzoneClusterImpl.java:lambda$waitForClusterToBeReady$0(142)) - Waiting for cluster to be ready. Got 0 of 1 DN Heartbeats.
2019-07-13 08:32:01,720 INFO  net.NetworkTopology (NetworkTopologyImpl.java:add(110)) - Added a new node: /default-rack/192.168.69.96
2019-07-13 08:32:01,721 INFO  node.SCMNodeManager (SCMNodeManager.java:register(269)) - Registered Data node : 912a7d3b-e3f1-4985-b06b-5f0a929b8060{ip: 192.168.69.96, host: trunk-nightly-hmp62-43275749, networkLocation: /default-rack, certSerialId: null}
2019-07-13 08:32:01,726 INFO  safemode.SCMSafeModeManager (DataNodeSafeModeRule.java:process(71)) - SCM in safe mode. 1 DataNodes registered, 1 required.
2019-07-13 08:32:01,726 INFO  safemode.SCMSafeModeManager (SCMSafeModeManager.java:validateSafeModeExitRules(177)) - ScmSafeModeManager, all rules are successfully validated
2019-07-13 08:32:01,726 INFO  safemode.SCMSafeModeManager (SCMSafeModeManager.java:exitSafeMode(193)) - SCM exiting safe mode.
2019-07-13 08:32:01,733 DEBUG block.SCMBlockDeletingService (SCMBlockDeletingService.java:call(138)) - Running DeletedBlockTransactionScanner
2019-07-13 08:32:01,734 DEBUG block.SCMBlockDeletingService (SCMBlockDeletingService.java:call(155)) - Scanned deleted blocks log and got 0 delTX to process.
2019-07-13 08:32:01,834 DEBUG block.SCMBlockDeletingService (SCMBlockDeletingService.java:call(138)) - Running DeletedBlockTransactionScanner
2019-07-13 08:32:01,835 DEBUG block.SCMBlockDeletingService (SCMBlockDeletingService.java:call(155)) - Scanned deleted blocks log and got 0 delTX to process.
2019-07-13 08:32:01,935 DEBUG block.SCMBlockDeletingService (SCMBlockDeletingService.java:call(138)) - Running DeletedBlockTransactionScanner
2019-07-13 08:32:01,935 DEBUG block.SCMBlockDeletingService (SCMBlockDeletingService.java:call(155)) - Scanned deleted blocks log and got 0 delTX to process.
2019-07-13 08:32:02,036 DEBUG block.SCMBlockDeletingService (SCMBlockDeletingService.java:call(138)) - Running DeletedBlockTransactionScanner
2019-07-13 08:32:02,036 DEBUG block.SCMBlockDeletingService (SCMBlockDeletingService.java:call(155)) - Scanned deleted blocks log and got 0 delTX to process.
2019-07-13 08:32:02,137 DEBUG block.SCMBlockDeletingService (SCMBlockDeletingService.java:call(138)) - Running DeletedBlockTransactionScanner
2019-07-13 08:32:02,137 DEBUG block.SCMBlockDeletingService (SCMBlockDeletingService.java:call(155)) - Scanned deleted blocks log and got 0 delTX to process.
2019-07-13 08:32:02,238 DEBUG block.SCMBlockDeletingService (SCMBlockDeletingService.java:call(138)) - Running DeletedBlockTransactionScanner
2019-07-13 08:32:02,238 DEBUG block.SCMBlockDeletingService (SCMBlockDeletingService.java:call(155)) - Scanned deleted blocks log and got 0 delTX to process.
2019-07-13 08:32:02,260 INFO  impl.RaftServerProxy (RaftServerProxy.java:addNew(89)) - 912a7d3b-e3f1-4985-b06b-5f0a929b8060: addNew group-3636E5E7603C:[912a7d3b-e3f1-4985-b06b-5f0a929b8060:192.168.69.96:41276] returns group-3636E5E7603C:java.util.concurrent.CompletableFuture@42f8b96[Not completed]
2019-07-13 08:32:02,277 INFO  impl.RaftServerImpl (RaftServerImpl.java:<init>(93)) - 912a7d3b-e3f1-4985-b06b-5f0a929b8060: new RaftServerImpl for group-3636E5E7603C:[912a7d3b-e3f1-4985-b06b-5f0a929b8060:192.168.69.96:41276] with ContainerStateMachine:uninitialized
2019-07-13 08:32:02,280 INFO  server.RaftServerConfigKeys (ConfUtils.java:logGet(43)) - raft.server.rpc.timeout.min = 5s (custom)
2019-07-13 08:32:02,281 INFO  server.RaftServerConfigKeys (ConfUtils.java:logGet(43)) - raft.server.rpc.timeout.max = 5200ms (custom)
2019-07-13 08:32:02,281 INFO  server.RaftServerConfigKeys (ConfUtils.java:logGet(43)) - raft.server.rpcslowness.timeout = 120s (custom)
2019-07-13 08:32:02,282 INFO  server.RaftServerConfigKeys (ConfUtils.java:logGet(43)) - raft.server.sleep.deviation.threshold = 300 (default)
2019-07-13 08:32:02,283 INFO  server.RaftServerConfigKeys (ConfUtils.java:logGet(43)) - raft.server.log.appender.install.snapshot.enabled = false (custom)
2019-07-13 08:32:02,292 INFO  impl.RaftServerImpl (ServerState.java:<init>(105)) - 912a7d3b-e3f1-4985-b06b-5f0a929b8060:group-3636E5E7603C ConfigurationManager, init=-1: [912a7d3b-e3f1-4985-b06b-5f0a929b8060:192.168.69.96:41276], old=null, confs=<EMPTY_MAP>
2019-07-13 08:32:02,292 INFO  server.RaftServerConfigKeys (ConfUtils.java:logGet(43)) - raft.server.storage.dir = [/tmp/workdir/hadoop-ozone/integration-test/target/test-dir/MiniOzoneClusterImpl-fcf0d58b-7225-411a-ad54-b01eec0cccf5/datanode-0/data/ratis] (custom)
2019-07-13 08:32:02,301 INFO  storage.RaftStorageDirectory (RaftStorageDirectory.java:analyzeStorage(246)) - The storage directory /tmp/workdir/hadoop-ozone/integration-test/target/test-dir/MiniOzoneClusterImpl-fcf0d58b-7225-411a-ad54-b01eec0cccf5/datanode-0/data/ratis/79064fed-927d-47b0-99ab-3636e5e7603c does not exist. Creating ...
2019-07-13 08:32:02,332 INFO  storage.RaftStorageDirectory (RaftStorageDirectory.java:tryLock(328)) - Lock on /tmp/workdir/hadoop-ozone/integration-test/target/test-dir/MiniOzoneClusterImpl-fcf0d58b-7225-411a-ad54-b01eec0cccf5/datanode-0/data/ratis/79064fed-927d-47b0-99ab-3636e5e7603c/in_use.lock acquired by nodename 2274@trunk-nightly-hmp62-43275749
2019-07-13 08:32:02,339 DEBUG block.SCMBlockDeletingService (SCMBlockDeletingService.java:call(138)) - Running DeletedBlockTransactionScanner
2019-07-13 08:32:02,339 DEBUG block.SCMBlockDeletingService (SCMBlockDeletingService.java:call(155)) - Scanned deleted blocks log and got 0 delTX to process.
2019-07-13 08:32:02,357 INFO  storage.RaftStorage (RaftStorage.java:format(72)) - Storage directory /tmp/workdir/hadoop-ozone/integration-test/target/test-dir/MiniOzoneClusterImpl-fcf0d58b-7225-411a-ad54-b01eec0cccf5/datanode-0/data/ratis/79064fed-927d-47b0-99ab-3636e5e7603c has been successfully formatted.
2019-07-13 08:32:02,361 INFO  ratis.ContainerStateMachine (ContainerStateMachine.java:loadSnapshot(200)) - The snapshot info is null.Setting the last applied index to:(t:0, i:~)
2019-07-13 08:32:02,361 INFO  server.RaftServerConfigKeys (ConfUtils.java:logGet(43)) - raft.server.leader.election.timeout = 120s (custom)
2019-07-13 08:32:02,364 INFO  server.RaftServerConfigKeys (ConfUtils.java:logGet(43)) - raft.server.log.use.memory = false (default)
2019-07-13 08:32:02,370 INFO  server.RaftServerConfigKeys (ConfUtils.java:logGet(43)) - raft.server.log.purge.gap = 1000000000 (custom)
2019-07-13 08:32:02,371 INFO  server.RaftServerConfigKeys (ConfUtils.java:logGet(43)) - raft.server.log.appender.buffer.byte-limit = 33554432 (custom)
2019-07-13 08:32:02,682 INFO  ozone.MiniOzoneClusterImpl (MiniOzoneClusterImpl.java:lambda$waitForClusterToBeReady$0(142)) - Cluster is ready. Got 1 of 1 DN Heartbeats.
2019-07-13 08:32:02,682 DEBUG block.SCMBlockDeletingService (SCMBlockDeletingService.java:call(138)) - Running DeletedBlockTransactionScanner
2019-07-13 08:32:02,684 DEBUG block.SCMBlockDeletingService (SCMBlockDeletingService.java:call(155)) - Scanned deleted blocks log and got 0 delTX to process.
2019-07-13 08:32:02,685 INFO  server.RaftServerConfigKeys (ConfUtils.java:logGet(43)) - raft.server.log.segment.size.max = 1048576 (custom)
2019-07-13 08:32:02,699 INFO  server.RaftServerConfigKeys (ConfUtils.java:logGet(43)) - raft.server.log.segment.cache.num.max = 2 (custom)
2019-07-13 08:32:02,713 INFO  segmented.SegmentedRaftLogWorker (SegmentedRaftLogWorker.java:<init>(172)) - new 912a7d3b-e3f1-4985-b06b-5f0a929b8060-SegmentedRaftLogWorker:Storage Directory /tmp/workdir/hadoop-ozone/integration-test/target/test-dir/MiniOzoneClusterImpl-fcf0d58b-7225-411a-ad54-b01eec0cccf5/datanode-0/data/ratis/79064fed-927d-47b0-99ab-3636e5e7603c for RaftStorage:Storage Directory /tmp/workdir/hadoop-ozone/integration-test/target/test-dir/MiniOzoneClusterImpl-fcf0d58b-7225-411a-ad54-b01eec0cccf5/datanode-0/data/ratis/79064fed-927d-47b0-99ab-3636e5e7603c
2019-07-13 08:32:02,729 INFO  server.RaftServerConfigKeys (ConfUtils.java:logGet(43)) - raft.server.log.queue.byte-limit = 2147483647 (custom)
2019-07-13 08:32:02,730 INFO  server.RaftServerConfigKeys (ConfUtils.java:logGet(43)) - raft.server.log.queue.element-limit = 1024 (custom)
2019-07-13 08:32:02,736 INFO  server.RaftServerConfigKeys (ConfUtils.java:logGet(43)) - raft.server.log.segment.size.max = 1048576 (custom)
2019-07-13 08:32:02,737 INFO  server.RaftServerConfigKeys (ConfUtils.java:logGet(43)) - raft.server.log.preallocated.size = 16384 (custom)
2019-07-13 08:32:02,738 INFO  server.RaftServerConfigKeys (ConfUtils.java:logGet(43)) - raft.server.log.write.buffer.size = 33554432 (custom)
2019-07-13 08:32:02,738 INFO  server.RaftServerConfigKeys (ConfUtils.java:logGet(43)) - raft.server.log.force.sync.num = 128 (default)
2019-07-13 08:32:02,740 INFO  server.RaftServerConfigKeys (ConfUtils.java:logGet(43)) - raft.server.log.statemachine.data.sync = true (default)
2019-07-13 08:32:02,740 INFO  server.RaftServerConfigKeys (ConfUtils.java:logGet(43)) - raft.server.log.statemachine.data.sync.timeout = 10s (default)
2019-07-13 08:32:02,741 INFO  server.RaftServerConfigKeys (ConfUtils.java:logGet(43)) - raft.server.log.statemachine.data.sync.timeout.retry = -1 (default)
2019-07-13 08:32:02,767 INFO  server.RaftServerConfigKeys (ConfUtils.java:logGet(43)) - raft.server.log.statemachine.data.caching.enabled = true (custom)
2019-07-13 08:32:02,774 INFO  segmented.SegmentedRaftLogWorker (SegmentedRaftLogWorker.java:lambda$new$0(132)) - 912a7d3b-e3f1-4985-b06b-5f0a929b8060-SegmentedRaftLogWorker:Storage Directory /tmp/workdir/hadoop-ozone/integration-test/target/test-dir/MiniOzoneClusterImpl-fcf0d58b-7225-411a-ad54-b01eec0cccf5/datanode-0/data/ratis/79064fed-927d-47b0-99ab-3636e5e7603c: flushIndex: setUnconditionally 0 -> -1
2019-07-13 08:32:02,781 INFO  server.RaftServerConfigKeys (ConfUtils.java:logGet(43)) - raft.server.snapshot.auto.trigger.enabled = true (custom)
2019-07-13 08:32:02,782 INFO  server.RaftServerConfigKeys (ConfUtils.java:logGet(43)) - raft.server.snapshot.auto.trigger.threshold = 10000 (custom)
2019-07-13 08:32:02,784 INFO  server.RaftServerConfigKeys (ConfUtils.java:logGet(43)) - raft.server.retrycache.expirytime = 600000ms (custom)
2019-07-13 08:32:02,785 DEBUG block.SCMBlockDeletingService (SCMBlockDeletingService.java:call(138)) - Running DeletedBlockTransactionScanner
2019-07-13 08:32:02,786 DEBUG block.SCMBlockDeletingService (SCMBlockDeletingService.java:call(155)) - Scanned deleted blocks log and got 0 delTX to process.
2019-07-13 08:32:02,815 INFO  impl.RaftServerImpl (RaftServerImpl.java:start(180)) - 912a7d3b-e3f1-4985-b06b-5f0a929b8060: start group-3636E5E7603C
2019-07-13 08:32:02,816 INFO  impl.RaftServerImpl (RaftServerImpl.java:setRole(171)) - 912a7d3b-e3f1-4985-b06b-5f0a929b8060:group-3636E5E7603C changes role from null to FOLLOWER at term 0 for startAsFollower
2019-07-13 08:32:02,818 INFO  impl.RoleInfo (RoleInfo.java:updateAndGet(143)) - 912a7d3b-e3f1-4985-b06b-5f0a929b8060: start FollowerState
2019-07-13 08:32:02,820 INFO  util.JmxRegister (JmxRegister.java:tryRegister(44)) - Successfully registered JMX Bean with object name Ratis:service=RaftServer,group=group-3636E5E7603C,id=912a7d3b-e3f1-4985-b06b-5f0a929b8060
2019-07-13 08:32:02,886 DEBUG block.SCMBlockDeletingService (SCMBlockDeletingService.java:call(138)) - Running DeletedBlockTransactionScanner
2019-07-13 08:32:02,887 DEBUG block.SCMBlockDeletingService (SCMBlockDeletingService.java:call(155)) - Scanned deleted blocks log and got 0 delTX to process.
2019-07-13 08:32:02,889 INFO  pipeline.PipelineStateManager (PipelineStateManager.java:addPipeline(56)) - Created pipeline Pipeline[ Id: 79064fed-927d-47b0-99ab-3636e5e7603c, Nodes: 912a7d3b-e3f1-4985-b06b-5f0a929b8060{ip: 192.168.69.96, host: trunk-nightly-hmp62-43275749, networkLocation: /default-rack, certSerialId: null}, Type:RATIS, Factor:ONE, State:OPEN]
2019-07-13 08:32:02,987 DEBUG block.SCMBlockDeletingService (SCMBlockDeletingService.java:call(138)) - Running DeletedBlockTransactionScanner
2019-07-13 08:32:02,988 DEBUG block.SCMBlockDeletingService (SCMBlockDeletingService.java:call(155)) - Scanned deleted blocks log and got 0 delTX to process.
2019-07-13 08:32:03,088 DEBUG block.SCMBlockDeletingService (SCMBlockDeletingService.java:call(138)) - Running DeletedBlockTransactionScanner
2019-07-13 08:32:03,089 DEBUG block.SCMBlockDeletingService (SCMBlockDeletingService.java:call(155)) - Scanned deleted blocks log and got 0 delTX to process.
2019-07-13 08:32:03,189 DEBUG block.SCMBlockDeletingService (SCMBlockDeletingService.java:call(138)) - Running DeletedBlockTransactionScanner
2019-07-13 08:32:03,189 DEBUG block.SCMBlockDeletingService (SCMBlockDeletingService.java:call(155)) - Scanned deleted blocks log and got 0 delTX to process.
2019-07-13 08:32:03,290 DEBUG block.SCMBlockDeletingService (SCMBlockDeletingService.java:call(138)) - Running DeletedBlockTransactionScanner
2019-07-13 08:32:03,290 DEBUG block.SCMBlockDeletingService (SCMBlockDeletingService.java:call(155)) - Scanned deleted blocks log and got 0 delTX to process.
2019-07-13 08:32:03,391 DEBUG block.SCMBlockDeletingService (SCMBlockDeletingService.java:call(138)) - Running DeletedBlockTransactionScanner
2019-07-13 08:32:03,391 DEBUG block.SCMBlockDeletingService (SCMBlockDeletingService.java:call(155)) - Scanned deleted blocks log and got 0 delTX to process.
2019-07-13 08:32:03,492 DEBUG block.SCMBlockDeletingService (SCMBlockDeletingService.java:call(138)) - Running DeletedBlockTransactionScanner
2019-07-13 08:32:03,492 DEBUG block.SCMBlockDeletingService (SCMBlockDeletingService.java:call(155)) - Scanned deleted blocks log and got 0 delTX to process.
2019-07-13 08:32:03,593 DEBUG block.SCMBlockDeletingService (SCMBlockDeletingService.java:call(138)) - Running DeletedBlockTransactionScanner
2019-07-13 08:32:03,593 DEBUG block.SCMBlockDeletingService (SCMBlockDeletingService.java:call(155)) - Scanned deleted blocks log and got 0 delTX to process.
2019-07-13 08:32:03,694 DEBUG block.SCMBlockDeletingService (SCMBlockDeletingService.java:call(138)) - Running DeletedBlockTransactionScanner
2019-07-13 08:32:03,694 DEBUG block.SCMBlockDeletingService (SCMBlockDeletingService.java:call(155)) - Scanned deleted blocks log and got 0 delTX to process.
2019-07-13 08:32:03,795 DEBUG block.SCMBlockDeletingService (SCMBlockDeletingService.java:call(138)) - Running DeletedBlockTransactionScanner
2019-07-13 08:32:03,795 DEBUG block.SCMBlockDeletingService (SCMBlockDeletingService.java:call(155)) - Scanned deleted blocks log and got 0 delTX to process.
2019-07-13 08:32:03,895 DEBUG block.SCMBlockDeletingService (SCMBlockDeletingService.java:call(138)) - Running DeletedBlockTransactionScanner
2019-07-13 08:32:03,896 DEBUG block.SCMBlockDeletingService (SCMBlockDeletingService.java:call(155)) - Scanned deleted blocks log and got 0 delTX to process.
2019-07-13 08:32:03,996 DEBUG block.SCMBlockDeletingService (SCMBlockDeletingService.java:call(138)) - Running DeletedBlockTransactionScanner
2019-07-13 08:32:03,997 DEBUG block.SCMBlockDeletingService (SCMBlockDeletingService.java:call(155)) - Scanned deleted blocks log and got 0 delTX to process.
2019-07-13 08:32:04,097 DEBUG block.SCMBlockDeletingService (SCMBlockDeletingService.java:call(138)) - Running DeletedBlockTransactionScanner
2019-07-13 08:32:04,098 DEBUG block.SCMBlockDeletingService (SCMBlockDeletingService.java:call(155)) - Scanned deleted blocks log and got 0 delTX to process.
2019-07-13 08:32:04,198 DEBUG block.SCMBlockDeletingService (SCMBlockDeletingService.java:call(138)) - Running DeletedBlockTransactionScanner
2019-07-13 08:32:04,198 DEBUG block.SCMBlockDeletingService (SCMBlockDeletingService.java:call(155)) - Scanned deleted blocks log and got 0 delTX to process.
2019-07-13 08:32:04,299 DEBUG block.SCMBlockDeletingService (SCMBlockDeletingService.java:call(138)) - Running DeletedBlockTransactionScanner
2019-07-13 08:32:04,299 DEBUG block.SCMBlockDeletingService (SCMBlockDeletingService.java:call(155)) - Scanned deleted blocks log and got 0 delTX to process.
2019-07-13 08:32:04,400 DEBUG block.SCMBlockDeletingService (SCMBlockDeletingService.java:call(138)) - Running DeletedBlockTransactionScanner
2019-07-13 08:32:04,400 DEBUG block.SCMBlockDeletingService (SCMBlockDeletingService.java:call(155)) - Scanned deleted blocks log and got 0 delTX to process.
2019-07-13 08:32:04,500 DEBUG block.SCMBlockDeletingService (SCMBlockDeletingService.java:call(138)) - Running DeletedBlockTransactionScanner
2019-07-13 08:32:04,501 DEBUG block.SCMBlockDeletingService (SCMBlockDeletingService.java:call(155)) - Scanned deleted blocks log and got 0 delTX to process.
2019-07-13 08:32:04,601 DEBUG block.SCMBlockDeletingService (SCMBlockDeletingService.java:call(138)) - Running DeletedBlockTransactionScanner
2019-07-13 08:32:04,601 DEBUG block.SCMBlockDeletingService (SCMBlockDeletingService.java:call(155)) - Scanned deleted blocks log and got 0 delTX to process.
2019-07-13 08:32:04,702 DEBUG block.SCMBlockDeletingService (SCMBlockDeletingService.java:call(138)) - Running DeletedBlockTransactionScanner
2019-07-13 08:32:04,702 DEBUG block.SCMBlockDeletingService (SCMBlockDeletingService.java:call(155)) - Scanned deleted blocks log and got 0 delTX to process.
2019-07-13 08:32:04,729 INFO  container.ReplicationManager (ReplicationManager.java:start(155)) - Starting Replication Monitor Thread.
2019-07-13 08:32:04,731 INFO  container.ReplicationManager (ReplicationManager.java:run(207)) - Replication Monitor Thread took 0 milliseconds for processing 0 containers.
2019-07-13 08:32:04,803 DEBUG block.SCMBlockDeletingService (SCMBlockDeletingService.java:call(138)) - Running DeletedBlockTransactionScanner
2019-07-13 08:32:04,803 DEBUG block.SCMBlockDeletingService (SCMBlockDeletingService.java:call(155)) - Scanned deleted blocks log and got 0 delTX to process.
2019-07-13 08:32:04,903 DEBUG block.SCMBlockDeletingService (SCMBlockDeletingService.java:call(138)) - Running DeletedBlockTransactionScanner
2019-07-13 08:32:04,904 DEBUG block.SCMBlockDeletingService (SCMBlockDeletingService.java:call(155)) - Scanned deleted blocks log and got 0 delTX to process.
2019-07-13 08:32:05,004 DEBUG block.SCMBlockDeletingService (SCMBlockDeletingService.java:call(138)) - Running DeletedBlockTransactionScanner
2019-07-13 08:32:05,004 DEBUG block.SCMBlockDeletingService (SCMBlockDeletingService.java:call(155)) - Scanned deleted blocks log and got 0 delTX to process.
2019-07-13 08:32:05,105 DEBUG block.SCMBlockDeletingService (SCMBlockDeletingService.java:call(138)) - Running DeletedBlockTransactionScanner
2019-07-13 08:32:05,105 DEBUG block.SCMBlockDeletingService (SCMBlockDeletingService.java:call(155)) - Scanned deleted blocks log and got 0 delTX to process.
2019-07-13 08:32:05,206 DEBUG block.SCMBlockDeletingService (SCMBlockDeletingService.java:call(138)) - Running DeletedBlockTransactionScanner
2019-07-13 08:32:05,206 DEBUG block.SCMBlockDeletingService (SCMBlockDeletingService.java:call(155)) - Scanned deleted blocks log and got 0 delTX to process.
2019-07-13 08:32:05,306 DEBUG block.SCMBlockDeletingService (SCMBlockDeletingService.java:call(138)) - Running DeletedBlockTransactionScanner
2019-07-13 08:32:05,307 DEBUG block.SCMBlockDeletingService (SCMBlockDeletingService.java:call(155)) - Scanned deleted blocks log and got 0 delTX to process.
2019-07-13 08:32:05,396 INFO  rpc.RpcClient (RpcClient.java:createVolume(287)) - Creating Volume: 56701e64-9125-4db9-bb8c-325999031f8d, with jenkins1000 as owner.
2019-07-13 08:32:05,407 DEBUG block.SCMBlockDeletingService (SCMBlockDeletingService.java:call(138)) - Running DeletedBlockTransactionScanner
2019-07-13 08:32:05,407 DEBUG block.SCMBlockDeletingService (SCMBlockDeletingService.java:call(155)) - Scanned deleted blocks log and got 0 delTX to process.
2019-07-13 08:32:05,442 INFO  rpc.RpcClient (RpcClient.java:createBucket(424)) - Creating Bucket: 56701e64-9125-4db9-bb8c-325999031f8d/abde033a-0e32-4203-8085-b41fd1106bc8, with Versioning false and Storage Type set to DISK and Encryption set to false 
2019-07-13 08:32:05,508 DEBUG block.SCMBlockDeletingService (SCMBlockDeletingService.java:call(138)) - Running DeletedBlockTransactionScanner
2019-07-13 08:32:05,508 DEBUG block.SCMBlockDeletingService (SCMBlockDeletingService.java:call(155)) - Scanned deleted blocks log and got 0 delTX to process.
2019-07-13 08:32:05,609 DEBUG block.SCMBlockDeletingService (SCMBlockDeletingService.java:call(138)) - Running DeletedBlockTransactionScanner
2019-07-13 08:32:05,610 DEBUG block.SCMBlockDeletingService (SCMBlockDeletingService.java:call(155)) - Scanned deleted blocks log and got 0 delTX to process.
2019-07-13 08:32:05,710 DEBUG block.SCMBlockDeletingService (SCMBlockDeletingService.java:call(138)) - Running DeletedBlockTransactionScanner
2019-07-13 08:32:05,711 DEBUG block.SCMBlockDeletingService (SCMBlockDeletingService.java:call(155)) - Scanned deleted blocks log and got 0 delTX to process.
2019-07-13 08:32:05,811 DEBUG block.SCMBlockDeletingService (SCMBlockDeletingService.java:call(138)) - Running DeletedBlockTransactionScanner
2019-07-13 08:32:05,812 DEBUG block.SCMBlockDeletingService (SCMBlockDeletingService.java:call(155)) - Scanned deleted blocks log and got 0 delTX to process.
2019-07-13 08:32:05,912 DEBUG block.SCMBlockDeletingService (SCMBlockDeletingService.java:call(138)) - Running DeletedBlockTransactionScanner
2019-07-13 08:32:05,912 DEBUG block.SCMBlockDeletingService (SCMBlockDeletingService.java:call(155)) - Scanned deleted blocks log and got 0 delTX to process.
2019-07-13 08:32:06,013 DEBUG block.SCMBlockDeletingService (SCMBlockDeletingService.java:call(138)) - Running DeletedBlockTransactionScanner
2019-07-13 08:32:06,013 DEBUG block.SCMBlockDeletingService (SCMBlockDeletingService.java:call(155)) - Scanned deleted blocks log and got 0 delTX to process.
2019-07-13 08:32:06,028 INFO  client.GrpcClientProtocolClient (GrpcClientProtocolClient.java:onNext(255)) - client-A5BCC62C3543->912a7d3b-e3f1-4985-b06b-5f0a929b8060: receive RaftClientReply:client-A5BCC62C3543->912a7d3b-e3f1-4985-b06b-5f0a929b8060@group-3636E5E7603C, cid=1, FAILED org.apache.ratis.protocol.NotLeaderException: Server 912a7d3b-e3f1-4985-b06b-5f0a929b8060 is not the leader (null). Request must be sent to leader., logIndex=0, commits[912a7d3b-e3f1-4985-b06b-5f0a929b8060:c-1]
2019-07-13 08:32:06,114 DEBUG block.SCMBlockDeletingService (SCMBlockDeletingService.java:call(138)) - Running DeletedBlockTransactionScanner
2019-07-13 08:32:06,114 DEBUG block.SCMBlockDeletingService (SCMBlockDeletingService.java:call(155)) - Scanned deleted blocks log and got 0 delTX to process.
2019-07-13 08:32:06,214 DEBUG block.SCMBlockDeletingService (SCMBlockDeletingService.java:call(138)) - Running DeletedBlockTransactionScanner
2019-07-13 08:32:06,215 DEBUG block.SCMBlockDeletingService (SCMBlockDeletingService.java:call(155)) - Scanned deleted blocks log and got 0 delTX to process.
2019-07-13 08:32:06,315 DEBUG block.SCMBlockDeletingService (SCMBlockDeletingService.java:call(138)) - Running DeletedBlockTransactionScanner
2019-07-13 08:32:06,315 DEBUG block.SCMBlockDeletingService (SCMBlockDeletingService.java:call(155)) - Scanned deleted blocks log and got 0 delTX to process.
2019-07-13 08:32:06,416 DEBUG block.SCMBlockDeletingService (SCMBlockDeletingService.java:call(138)) - Running DeletedBlockTransactionScanner
2019-07-13 08:32:06,416 DEBUG block.SCMBlockDeletingService (SCMBlockDeletingService.java:call(155)) - Scanned deleted blocks log and got 0 delTX to process.
2019-07-13 08:32:06,517 DEBUG block.SCMBlockDeletingService (SCMBlockDeletingService.java:call(138)) - Running DeletedBlockTransactionScanner
2019-07-13 08:32:06,517 DEBUG block.SCMBlockDeletingService (SCMBlockDeletingService.java:call(155)) - Scanned deleted blocks log and got 0 delTX to process.
2019-07-13 08:32:06,617 DEBUG block.SCMBlockDeletingService (SCMBlockDeletingService.java:call(138)) - Running DeletedBlockTransactionScanner
2019-07-13 08:32:06,618 DEBUG block.SCMBlockDeletingService (SCMBlockDeletingService.java:call(155)) - Scanned deleted blocks log and got 0 delTX to process.
2019-07-13 08:32:06,718 DEBUG block.SCMBlockDeletingService (SCMBlockDeletingService.java:call(138)) - Running DeletedBlockTransactionScanner
2019-07-13 08:32:06,718 DEBUG block.SCMBlockDeletingService (SCMBlockDeletingService.java:call(155)) - Scanned deleted blocks log and got 0 delTX to process.
2019-07-13 08:32:06,819 DEBUG block.SCMBlockDeletingService (SCMBlockDeletingService.java:call(138)) - Running DeletedBlockTransactionScanner
2019-07-13 08:32:06,819 DEBUG block.SCMBlockDeletingService (SCMBlockDeletingService.java:call(155)) - Scanned deleted blocks log and got 0 delTX to process.
2019-07-13 08:32:06,920 DEBUG block.SCMBlockDeletingService (SCMBlockDeletingService.java:call(138)) - Running DeletedBlockTransactionScanner
2019-07-13 08:32:06,920 DEBUG block.SCMBlockDeletingService (SCMBlockDeletingService.java:call(155)) - Scanned deleted blocks log and got 0 delTX to process.
2019-07-13 08:32:07,020 DEBUG block.SCMBlockDeletingService (SCMBlockDeletingService.java:call(138)) - Running DeletedBlockTransactionScanner
2019-07-13 08:32:07,021 DEBUG block.SCMBlockDeletingService (SCMBlockDeletingService.java:call(155)) - Scanned deleted blocks log and got 0 delTX to process.
2019-07-13 08:32:07,121 DEBUG block.SCMBlockDeletingService (SCMBlockDeletingService.java:call(138)) - Running DeletedBlockTransactionScanner
2019-07-13 08:32:07,121 DEBUG block.SCMBlockDeletingService (SCMBlockDeletingService.java:call(155)) - Scanned deleted blocks log and got 0 delTX to process.
2019-07-13 08:32:07,222 DEBUG block.SCMBlockDeletingService (SCMBlockDeletingService.java:call(138)) - Running DeletedBlockTransactionScanner
2019-07-13 08:32:07,222 DEBUG block.SCMBlockDeletingService (SCMBlockDeletingService.java:call(155)) - Scanned deleted blocks log and got 0 delTX to process.
2019-07-13 08:32:07,323 DEBUG block.SCMBlockDeletingService (SCMBlockDeletingService.java:call(138)) - Running DeletedBlockTransactionScanner
2019-07-13 08:32:07,323 DEBUG block.SCMBlockDeletingService (SCMBlockDeletingService.java:call(155)) - Scanned deleted blocks log and got 0 delTX to process.
2019-07-13 08:32:07,424 DEBUG block.SCMBlockDeletingService (SCMBlockDeletingService.java:call(138)) - Running DeletedBlockTransactionScanner
2019-07-13 08:32:07,424 DEBUG block.SCMBlockDeletingService (SCMBlockDeletingService.java:call(155)) - Scanned deleted blocks log and got 0 delTX to process.
2019-07-13 08:32:07,524 DEBUG block.SCMBlockDeletingService (SCMBlockDeletingService.java:call(138)) - Running DeletedBlockTransactionScanner
2019-07-13 08:32:07,525 DEBUG block.SCMBlockDeletingService (SCMBlockDeletingService.java:call(155)) - Scanned deleted blocks log and got 0 delTX to process.
2019-07-13 08:32:07,625 DEBUG block.SCMBlockDeletingService (SCMBlockDeletingService.java:call(138)) - Running DeletedBlockTransactionScanner
2019-07-13 08:32:07,625 DEBUG block.SCMBlockDeletingService (SCMBlockDeletingService.java:call(155)) - Scanned deleted blocks log and got 0 delTX to process.
2019-07-13 08:32:07,726 DEBUG block.SCMBlockDeletingService (SCMBlockDeletingService.java:call(138)) - Running DeletedBlockTransactionScanner
2019-07-13 08:32:07,726 DEBUG block.SCMBlockDeletingService (SCMBlockDeletingService.java:call(155)) - Scanned deleted blocks log and got 0 delTX to process.
2019-07-13 08:32:07,827 DEBUG block.SCMBlockDeletingService (SCMBlockDeletingService.java:call(138)) - Running DeletedBlockTransactionScanner
2019-07-13 08:32:07,827 DEBUG block.SCMBlockDeletingService (SCMBlockDeletingService.java:call(155)) - Scanned deleted blocks log and got 0 delTX to process.
2019-07-13 08:32:07,928 DEBUG block.SCMBlockDeletingService (SCMBlockDeletingService.java:call(138)) - Running DeletedBlockTransactionScanner
2019-07-13 08:32:07,928 DEBUG block.SCMBlockDeletingService (SCMBlockDeletingService.java:call(155)) - Scanned deleted blocks log and got 0 delTX to process.
2019-07-13 08:32:08,016 INFO  impl.FollowerState (FollowerState.java:run(106)) - 912a7d3b-e3f1-4985-b06b-5f0a929b8060:group-3636E5E7603C changes to CANDIDATE, lastRpcTime:5198, electionTimeout:5197ms
2019-07-13 08:32:08,016 INFO  impl.RoleInfo (RoleInfo.java:shutdownFollowerState(121)) - 912a7d3b-e3f1-4985-b06b-5f0a929b8060: shutdown FollowerState
2019-07-13 08:32:08,017 INFO  impl.RaftServerImpl (RaftServerImpl.java:setRole(171)) - 912a7d3b-e3f1-4985-b06b-5f0a929b8060:group-3636E5E7603C changes role from FOLLOWER to CANDIDATE at term 0 for changeToCandidate
2019-07-13 08:32:08,023 INFO  impl.RoleInfo (RoleInfo.java:updateAndGet(143)) - 912a7d3b-e3f1-4985-b06b-5f0a929b8060: start LeaderElection
2019-07-13 08:32:08,029 DEBUG block.SCMBlockDeletingService (SCMBlockDeletingService.java:call(138)) - Running DeletedBlockTransactionScanner
2019-07-13 08:32:08,029 DEBUG block.SCMBlockDeletingService (SCMBlockDeletingService.java:call(155)) - Scanned deleted blocks log and got 0 delTX to process.
2019-07-13 08:32:08,053 INFO  impl.LeaderElection (LeaderElection.java:askForVotes(181)) - 912a7d3b-e3f1-4985-b06b-5f0a929b8060:group-3636E5E7603C:LeaderElection1: begin an election at term 1 for -1: [912a7d3b-e3f1-4985-b06b-5f0a929b8060:192.168.69.96:41276], old=null
2019-07-13 08:32:08,055 INFO  impl.RoleInfo (RoleInfo.java:shutdownLeaderElection(134)) - 912a7d3b-e3f1-4985-b06b-5f0a929b8060: shutdown LeaderElection
2019-07-13 08:32:08,056 INFO  impl.RaftServerImpl (RaftServerImpl.java:setRole(171)) - 912a7d3b-e3f1-4985-b06b-5f0a929b8060:group-3636E5E7603C changes role from CANDIDATE to LEADER at term 1 for changeToLeader
2019-07-13 08:32:08,057 INFO  impl.RaftServerImpl (ServerState.java:setLeader(263)) - 912a7d3b-e3f1-4985-b06b-5f0a929b8060:group-3636E5E7603C change Leader from null to 912a7d3b-e3f1-4985-b06b-5f0a929b8060 at term 1 for becomeLeader, leader elected after 5695ms
2019-07-13 08:32:08,064 INFO  server.RaftServerConfigKeys (ConfUtils.java:logGet(43)) - raft.server.staging.catchup.gap = 1000 (default)
2019-07-13 08:32:08,064 INFO  server.RaftServerConfigKeys (ConfUtils.java:logGet(43)) - raft.server.rpc.sleep.time = 25ms (default)
2019-07-13 08:32:08,067 INFO  server.RaftServerConfigKeys (ConfUtils.java:logGet(43)) - raft.server.write.element-limit = 4096 (default)
2019-07-13 08:32:08,071 INFO  server.RaftServerConfigKeys (ConfUtils.java:logGet(43)) - raft.server.watch.timeout = 10s (default)
2019-07-13 08:32:08,071 INFO  server.RaftServerConfigKeys (ConfUtils.java:logGet(43)) - raft.server.watch.timeout.denomination = 1s (default)
2019-07-13 08:32:08,072 INFO  server.RaftServerConfigKeys (ConfUtils.java:logGet(43)) - raft.server.watch.element-limit = 65536 (default)
2019-07-13 08:32:08,086 INFO  client.GrpcClientProtocolClient (GrpcClientProtocolClient.java:onNext(255)) - client-A5BCC62C3543->912a7d3b-e3f1-4985-b06b-5f0a929b8060: receive RaftClientReply:client-A5BCC62C3543->912a7d3b-e3f1-4985-b06b-5f0a929b8060@group-3636E5E7603C, cid=1, FAILED org.apache.ratis.protocol.LeaderNotReadyException: 912a7d3b-e3f1-4985-b06b-5f0a929b8060 is in LEADER state but not ready yet., logIndex=0, commits[912a7d3b-e3f1-4985-b06b-5f0a929b8060:c-1]
2019-07-13 08:32:08,090 INFO  impl.RoleInfo (RoleInfo.java:updateAndGet(143)) - 912a7d3b-e3f1-4985-b06b-5f0a929b8060: start LeaderState
2019-07-13 08:32:08,117 INFO  segmented.SegmentedRaftLogWorker (SegmentedRaftLogWorker.java:startLogSegment(380)) - 912a7d3b-e3f1-4985-b06b-5f0a929b8060-SegmentedRaftLogWorker:Storage Directory /tmp/workdir/hadoop-ozone/integration-test/target/test-dir/MiniOzoneClusterImpl-fcf0d58b-7225-411a-ad54-b01eec0cccf5/datanode-0/data/ratis/79064fed-927d-47b0-99ab-3636e5e7603c: Starting segment from index:0
2019-07-13 08:32:08,127 INFO  impl.RaftServerImpl (ServerState.java:setRaftConf(361)) - 912a7d3b-e3f1-4985-b06b-5f0a929b8060:group-3636E5E7603C set configuration 0: [912a7d3b-e3f1-4985-b06b-5f0a929b8060:192.168.69.96:41276], old=null at 0
2019-07-13 08:32:08,129 DEBUG block.SCMBlockDeletingService (SCMBlockDeletingService.java:call(138)) - Running DeletedBlockTransactionScanner
2019-07-13 08:32:08,130 DEBUG block.SCMBlockDeletingService (SCMBlockDeletingService.java:call(155)) - Scanned deleted blocks log and got 0 delTX to process.
2019-07-13 08:32:08,230 DEBUG block.SCMBlockDeletingService (SCMBlockDeletingService.java:call(138)) - Running DeletedBlockTransactionScanner
2019-07-13 08:32:08,230 DEBUG block.SCMBlockDeletingService (SCMBlockDeletingService.java:call(155)) - Scanned deleted blocks log and got 0 delTX to process.
2019-07-13 08:32:08,274 INFO  segmented.SegmentedRaftLogWorker (SegmentedRaftLogWorker.java:execute(569)) - 912a7d3b-e3f1-4985-b06b-5f0a929b8060-SegmentedRaftLogWorker:Storage Directory /tmp/workdir/hadoop-ozone/integration-test/target/test-dir/MiniOzoneClusterImpl-fcf0d58b-7225-411a-ad54-b01eec0cccf5/datanode-0/data/ratis/79064fed-927d-47b0-99ab-3636e5e7603c: created new log segment /tmp/workdir/hadoop-ozone/integration-test/target/test-dir/MiniOzoneClusterImpl-fcf0d58b-7225-411a-ad54-b01eec0cccf5/datanode-0/data/ratis/79064fed-927d-47b0-99ab-3636e5e7603c/current/log_inprogress_0
2019-07-13 08:32:08,331 DEBUG block.SCMBlockDeletingService (SCMBlockDeletingService.java:call(138)) - Running DeletedBlockTransactionScanner
2019-07-13 08:32:08,331 DEBUG block.SCMBlockDeletingService (SCMBlockDeletingService.java:call(155)) - Scanned deleted blocks log and got 0 delTX to process.
2019-07-13 08:32:08,432 DEBUG block.SCMBlockDeletingService (SCMBlockDeletingService.java:call(138)) - Running DeletedBlockTransactionScanner
2019-07-13 08:32:08,432 DEBUG block.SCMBlockDeletingService (SCMBlockDeletingService.java:call(155)) - Scanned deleted blocks log and got 0 delTX to process.
2019-07-13 08:32:08,532 DEBUG block.SCMBlockDeletingService (SCMBlockDeletingService.java:call(138)) - Running DeletedBlockTransactionScanner
2019-07-13 08:32:08,533 DEBUG block.SCMBlockDeletingService (SCMBlockDeletingService.java:call(155)) - Scanned deleted blocks log and got 0 delTX to process.
2019-07-13 08:32:08,633 DEBUG block.SCMBlockDeletingService (SCMBlockDeletingService.java:call(138)) - Running DeletedBlockTransactionScanner
2019-07-13 08:32:08,633 DEBUG block.SCMBlockDeletingService (SCMBlockDeletingService.java:call(155)) - Scanned deleted blocks log and got 0 delTX to process.
2019-07-13 08:32:08,734 DEBUG block.SCMBlockDeletingService (SCMBlockDeletingService.java:call(138)) - Running DeletedBlockTransactionScanner
2019-07-13 08:32:08,734 DEBUG block.SCMBlockDeletingService (SCMBlockDeletingService.java:call(155)) - Scanned deleted blocks log and got 0 delTX to process.
2019-07-13 08:32:08,835 DEBUG block.SCMBlockDeletingService (SCMBlockDeletingService.java:call(138)) - Running DeletedBlockTransactionScanner
2019-07-13 08:32:08,835 DEBUG block.SCMBlockDeletingService (SCMBlockDeletingService.java:call(155)) - Scanned deleted blocks log and got 0 delTX to process.
2019-07-13 08:32:08,936 DEBUG block.SCMBlockDeletingService (SCMBlockDeletingService.java:call(138)) - Running DeletedBlockTransactionScanner
2019-07-13 08:32:08,936 DEBUG block.SCMBlockDeletingService (SCMBlockDeletingService.java:call(155)) - Scanned deleted blocks log and got 0 delTX to process.
2019-07-13 08:32:09,036 DEBUG block.SCMBlockDeletingService (SCMBlockDeletingService.java:call(138)) - Running DeletedBlockTransactionScanner
2019-07-13 08:32:09,037 DEBUG block.SCMBlockDeletingService (SCMBlockDeletingService.java:call(155)) - Scanned deleted blocks log and got 0 delTX to process.
2019-07-13 08:32:09,137 DEBUG block.SCMBlockDeletingService (SCMBlockDeletingService.java:call(138)) - Running DeletedBlockTransactionScanner
2019-07-13 08:32:09,137 DEBUG block.SCMBlockDeletingService (SCMBlockDeletingService.java:call(155)) - Scanned deleted blocks log and got 0 delTX to process.
2019-07-13 08:32:09,238 DEBUG block.SCMBlockDeletingService (SCMBlockDeletingService.java:call(138)) - Running DeletedBlockTransactionScanner
2019-07-13 08:32:09,238 DEBUG block.SCMBlockDeletingService (SCMBlockDeletingService.java:call(155)) - Scanned deleted blocks log and got 0 delTX to process.
2019-07-13 08:32:09,339 DEBUG block.SCMBlockDeletingService (SCMBlockDeletingService.java:call(138)) - Running DeletedBlockTransactionScanner
2019-07-13 08:32:09,339 DEBUG block.SCMBlockDeletingService (SCMBlockDeletingService.java:call(155)) - Scanned deleted blocks log and got 0 delTX to process.
2019-07-13 08:32:09,439 DEBUG block.SCMBlockDeletingService (SCMBlockDeletingService.java:call(138)) - Running DeletedBlockTransactionScanner
2019-07-13 08:32:09,440 DEBUG block.SCMBlockDeletingService (SCMBlockDeletingService.java:call(155)) - Scanned deleted blocks log and got 0 delTX to process.
2019-07-13 08:32:09,540 DEBUG block.SCMBlockDeletingService (SCMBlockDeletingService.java:call(138)) - Running DeletedBlockTransactionScanner
2019-07-13 08:32:09,540 DEBUG block.SCMBlockDeletingService (SCMBlockDeletingService.java:call(155)) - Scanned deleted blocks log and got 0 delTX to process.
2019-07-13 08:32:09,641 DEBUG block.SCMBlockDeletingService (SCMBlockDeletingService.java:call(138)) - Running DeletedBlockTransactionScanner
2019-07-13 08:32:09,641 DEBUG block.SCMBlockDeletingService (SCMBlockDeletingService.java:call(155)) - Scanned deleted blocks log and got 0 delTX to process.
2019-07-13 08:32:09,742 DEBUG block.SCMBlockDeletingService (SCMBlockDeletingService.java:call(138)) - Running DeletedBlockTransactionScanner
2019-07-13 08:32:09,742 DEBUG block.SCMBlockDeletingService (SCMBlockDeletingService.java:call(155)) - Scanned deleted blocks log and got 0 delTX to process.
2019-07-13 08:32:09,842 DEBUG block.SCMBlockDeletingService (SCMBlockDeletingService.java:call(138)) - Running DeletedBlockTransactionScanner
2019-07-13 08:32:09,843 DEBUG block.SCMBlockDeletingService (SCMBlockDeletingService.java:call(155)) - Scanned deleted blocks log and got 0 delTX to process.
2019-07-13 08:32:09,943 DEBUG block.SCMBlockDeletingService (SCMBlockDeletingService.java:call(138)) - Running DeletedBlockTransactionScanner
2019-07-13 08:32:09,943 DEBUG block.SCMBlockDeletingService (SCMBlockDeletingService.java:call(155)) - Scanned deleted blocks log and got 0 delTX to process.
2019-07-13 08:32:10,044 DEBUG block.SCMBlockDeletingService (SCMBlockDeletingService.java:call(138)) - Running DeletedBlockTransactionScanner
2019-07-13 08:32:10,044 DEBUG block.SCMBlockDeletingService (SCMBlockDeletingService.java:call(155)) - Scanned deleted blocks log and got 0 delTX to process.
2019-07-13 08:32:10,145 DEBUG block.SCMBlockDeletingService (SCMBlockDeletingService.java:call(138)) - Running DeletedBlockTransactionScanner
2019-07-13 08:32:10,145 DEBUG block.SCMBlockDeletingService (SCMBlockDeletingService.java:call(155)) - Scanned deleted blocks log and got 0 delTX to process.
2019-07-13 08:32:10,246 DEBUG block.SCMBlockDeletingService (SCMBlockDeletingService.java:call(138)) - Running DeletedBlockTransactionScanner
2019-07-13 08:32:10,246 DEBUG block.SCMBlockDeletingService (SCMBlockDeletingService.java:call(155)) - Scanned deleted blocks log and got 0 delTX to process.
2019-07-13 08:32:10,314 INFO  client.GrpcClientProtocolClient (GrpcClientProtocolClient.java:onNext(255)) - client-A5BCC62C3543->912a7d3b-e3f1-4985-b06b-5f0a929b8060: receive RaftClientReply:client-A5BCC62C3543->912a7d3b-e3f1-4985-b06b-5f0a929b8060@group-3636E5E7603C, cid=1, SUCCESS, logIndex=1, commits[912a7d3b-e3f1-4985-b06b-5f0a929b8060:c1]
2019-07-13 08:32:10,346 DEBUG block.SCMBlockDeletingService (SCMBlockDeletingService.java:call(138)) - Running DeletedBlockTransactionScanner
2019-07-13 08:32:10,347 DEBUG block.SCMBlockDeletingService (SCMBlockDeletingService.java:call(155)) - Scanned deleted blocks log and got 0 delTX to process.
2019-07-13 08:32:10,437 INFO  client.GrpcClientProtocolClient (GrpcClientProtocolClient.java:onNext(255)) - client-A5BCC62C3543->912a7d3b-e3f1-4985-b06b-5f0a929b8060: receive RaftClientReply:client-A5BCC62C3543->912a7d3b-e3f1-4985-b06b-5f0a929b8060@group-3636E5E7603C, cid=2, SUCCESS, logIndex=3, commits[912a7d3b-e3f1-4985-b06b-5f0a929b8060:c7]
2019-07-13 08:32:10,442 INFO  client.GrpcClientProtocolClient (GrpcClientProtocolClient.java:onNext(255)) - client-A5BCC62C3543->912a7d3b-e3f1-4985-b06b-5f0a929b8060: receive RaftClientReply:client-A5BCC62C3543->912a7d3b-e3f1-4985-b06b-5f0a929b8060@group-3636E5E7603C, cid=3, SUCCESS, logIndex=5, commits[912a7d3b-e3f1-4985-b06b-5f0a929b8060:c7]
2019-07-13 08:32:10,444 INFO  client.GrpcClientProtocolClient (GrpcClientProtocolClient.java:onNext(255)) - client-A5BCC62C3543->912a7d3b-e3f1-4985-b06b-5f0a929b8060: receive RaftClientReply:client-A5BCC62C3543->912a7d3b-e3f1-4985-b06b-5f0a929b8060@group-3636E5E7603C, cid=4, SUCCESS, logIndex=6, commits[912a7d3b-e3f1-4985-b06b-5f0a929b8060:c7]
2019-07-13 08:32:10,448 DEBUG block.SCMBlockDeletingService (SCMBlockDeletingService.java:call(138)) - Running DeletedBlockTransactionScanner
2019-07-13 08:32:10,448 DEBUG block.SCMBlockDeletingService (SCMBlockDeletingService.java:call(155)) - Scanned deleted blocks log and got 0 delTX to process.
2019-07-13 08:32:10,497 INFO  client.GrpcClientProtocolClient (GrpcClientProtocolClient.java:onNext(255)) - client-A5BCC62C3543->912a7d3b-e3f1-4985-b06b-5f0a929b8060: receive RaftClientReply:client-A5BCC62C3543->912a7d3b-e3f1-4985-b06b-5f0a929b8060@group-3636E5E7603C, cid=5, SUCCESS, logIndex=8, commits[912a7d3b-e3f1-4985-b06b-5f0a929b8060:c9]
2019-07-13 08:32:10,500 INFO  client.GrpcClientProtocolClient (GrpcClientProtocolClient.java:onNext(255)) - client-A5BCC62C3543->912a7d3b-e3f1-4985-b06b-5f0a929b8060: receive RaftClientReply:client-A5BCC62C3543->912a7d3b-e3f1-4985-b06b-5f0a929b8060@group-3636E5E7603C, cid=6, SUCCESS, logIndex=9, commits[912a7d3b-e3f1-4985-b06b-5f0a929b8060:c9]
2019-07-13 08:32:10,511 INFO  client.GrpcClientProtocolClient (GrpcClientProtocolClient.java:onNext(255)) - client-A5BCC62C3543->912a7d3b-e3f1-4985-b06b-5f0a929b8060: receive RaftClientReply:client-A5BCC62C3543->912a7d3b-e3f1-4985-b06b-5f0a929b8060@group-3636E5E7603C, cid=7, SUCCESS, logIndex=10, commits[912a7d3b-e3f1-4985-b06b-5f0a929b8060:c12]
2019-07-13 08:32:10,513 INFO  client.GrpcClientProtocolClient (GrpcClientProtocolClient.java:onNext(255)) - client-A5BCC62C3543->912a7d3b-e3f1-4985-b06b-5f0a929b8060: receive RaftClientReply:client-A5BCC62C3543->912a7d3b-e3f1-4985-b06b-5f0a929b8060@group-3636E5E7603C, cid=8, SUCCESS, logIndex=11, commits[912a7d3b-e3f1-4985-b06b-5f0a929b8060:c12]
2019-07-13 08:32:10,549 DEBUG block.SCMBlockDeletingService (SCMBlockDeletingService.java:call(138)) - Running DeletedBlockTransactionScanner
2019-07-13 08:32:10,549 DEBUG block.SCMBlockDeletingService (SCMBlockDeletingService.java:call(155)) - Scanned deleted blocks log and got 0 delTX to process.
2019-07-13 08:32:10,615 INFO  client.GrpcClientProtocolClient (GrpcClientProtocolClient.java:onNext(255)) - client-A5BCC62C3543->912a7d3b-e3f1-4985-b06b-5f0a929b8060: receive RaftClientReply:client-A5BCC62C3543->912a7d3b-e3f1-4985-b06b-5f0a929b8060@group-3636E5E7603C, cid=9, SUCCESS, logIndex=13, commits[912a7d3b-e3f1-4985-b06b-5f0a929b8060:c16]
2019-07-13 08:32:10,649 DEBUG block.SCMBlockDeletingService (SCMBlockDeletingService.java:call(138)) - Running DeletedBlockTransactionScanner
2019-07-13 08:32:10,650 DEBUG block.SCMBlockDeletingService (SCMBlockDeletingService.java:call(155)) - Scanned deleted blocks log and got 0 delTX to process.
2019-07-13 08:32:10,656 INFO  client.GrpcClientProtocolClient (GrpcClientProtocolClient.java:onNext(255)) - client-A5BCC62C3543->912a7d3b-e3f1-4985-b06b-5f0a929b8060: receive RaftClientReply:client-A5BCC62C3543->912a7d3b-e3f1-4985-b06b-5f0a929b8060@group-3636E5E7603C, cid=10, SUCCESS, logIndex=14, commits[912a7d3b-e3f1-4985-b06b-5f0a929b8060:c17]
2019-07-13 08:32:10,658 INFO  client.GrpcClientProtocolClient (GrpcClientProtocolClient.java:onNext(255)) - client-A5BCC62C3543->912a7d3b-e3f1-4985-b06b-5f0a929b8060: receive RaftClientReply:client-A5BCC62C3543->912a7d3b-e3f1-4985-b06b-5f0a929b8060@group-3636E5E7603C, cid=11, SUCCESS, logIndex=15, commits[912a7d3b-e3f1-4985-b06b-5f0a929b8060:c17]
2019-07-13 08:32:10,659 INFO  client.GrpcClientProtocolClient (GrpcClientProtocolClient.java:onNext(255)) - client-A5BCC62C3543->912a7d3b-e3f1-4985-b06b-5f0a929b8060: receive RaftClientReply:client-A5BCC62C3543->912a7d3b-e3f1-4985-b06b-5f0a929b8060@group-3636E5E7603C, cid=12, SUCCESS, logIndex=16, commits[912a7d3b-e3f1-4985-b06b-5f0a929b8060:c17]
2019-07-13 08:32:10,695 INFO  client.GrpcClientProtocolClient (GrpcClientProtocolClient.java:onNext(255)) - client-A5BCC62C3543->912a7d3b-e3f1-4985-b06b-5f0a929b8060: receive RaftClientReply:client-A5BCC62C3543->912a7d3b-e3f1-4985-b06b-5f0a929b8060@group-3636E5E7603C, cid=13, SUCCESS, logIndex=18, commits[912a7d3b-e3f1-4985-b06b-5f0a929b8060:c21]
2019-07-13 08:32:10,697 INFO  client.GrpcClientProtocolClient (GrpcClientProtocolClient.java:onNext(255)) - client-A5BCC62C3543->912a7d3b-e3f1-4985-b06b-5f0a929b8060: receive RaftClientReply:client-A5BCC62C3543->912a7d3b-e3f1-4985-b06b-5f0a929b8060@group-3636E5E7603C, cid=14, SUCCESS, logIndex=19, commits[912a7d3b-e3f1-4985-b06b-5f0a929b8060:c23]
2019-07-13 08:32:10,698 INFO  client.GrpcClientProtocolClient (GrpcClientProtocolClient.java:onNext(255)) - client-A5BCC62C3543->912a7d3b-e3f1-4985-b06b-5f0a929b8060: receive RaftClientReply:client-A5BCC62C3543->912a7d3b-e3f1-4985-b06b-5f0a929b8060@group-3636E5E7603C, cid=15, SUCCESS, logIndex=20, commits[912a7d3b-e3f1-4985-b06b-5f0a929b8060:c23]
2019-07-13 08:32:10,700 INFO  client.GrpcClientProtocolClient (GrpcClientProtocolClient.java:onNext(255)) - client-A5BCC62C3543->912a7d3b-e3f1-4985-b06b-5f0a929b8060: receive RaftClientReply:client-A5BCC62C3543->912a7d3b-e3f1-4985-b06b-5f0a929b8060@group-3636E5E7603C, cid=16, SUCCESS, logIndex=21, commits[912a7d3b-e3f1-4985-b06b-5f0a929b8060:c23]
2019-07-13 08:32:10,750 DEBUG block.SCMBlockDeletingService (SCMBlockDeletingService.java:call(138)) - Running DeletedBlockTransactionScanner
2019-07-13 08:32:10,751 DEBUG block.SCMBlockDeletingService (SCMBlockDeletingService.java:call(155)) - Scanned deleted blocks log and got 0 delTX to process.
2019-07-13 08:32:10,844 INFO  client.GrpcClientProtocolClient (GrpcClientProtocolClient.java:onNext(255)) - client-A5BCC62C3543->912a7d3b-e3f1-4985-b06b-5f0a929b8060: receive RaftClientReply:client-A5BCC62C3543->912a7d3b-e3f1-4985-b06b-5f0a929b8060@group-3636E5E7603C, cid=17, SUCCESS, logIndex=24, commits[912a7d3b-e3f1-4985-b06b-5f0a929b8060:c27]
2019-07-13 08:32:10,851 DEBUG block.SCMBlockDeletingService (SCMBlockDeletingService.java:call(138)) - Running DeletedBlockTransactionScanner
2019-07-13 08:32:10,851 DEBUG block.SCMBlockDeletingService (SCMBlockDeletingService.java:call(155)) - Scanned deleted blocks log and got 0 delTX to process.
2019-07-13 08:32:10,910 INFO  client.GrpcClientProtocolClient (GrpcClientProtocolClient.java:onNext(255)) - client-A5BCC62C3543->912a7d3b-e3f1-4985-b06b-5f0a929b8060: receive RaftClientReply:client-A5BCC62C3543->912a7d3b-e3f1-4985-b06b-5f0a929b8060@group-3636E5E7603C, cid=18, SUCCESS, logIndex=25, commits[912a7d3b-e3f1-4985-b06b-5f0a929b8060:c28]
2019-07-13 08:32:10,911 INFO  client.GrpcClientProtocolClient (GrpcClientProtocolClient.java:onNext(255)) - client-A5BCC62C3543->912a7d3b-e3f1-4985-b06b-5f0a929b8060: receive RaftClientReply:client-A5BCC62C3543->912a7d3b-e3f1-4985-b06b-5f0a929b8060@group-3636E5E7603C, cid=19, SUCCESS, logIndex=26, commits[912a7d3b-e3f1-4985-b06b-5f0a929b8060:c28]
2019-07-13 08:32:10,912 INFO  client.GrpcClientProtocolClient (GrpcClientProtocolClient.java:onNext(255)) - client-A5BCC62C3543->912a7d3b-e3f1-4985-b06b-5f0a929b8060: receive RaftClientReply:client-A5BCC62C3543->912a7d3b-e3f1-4985-b06b-5f0a929b8060@group-3636E5E7603C, cid=20, SUCCESS, logIndex=27, commits[912a7d3b-e3f1-4985-b06b-5f0a929b8060:c28]
2019-07-13 08:32:10,948 INFO  client.GrpcClientProtocolClient (GrpcClientProtocolClient.java:onNext(255)) - client-A5BCC62C3543->912a7d3b-e3f1-4985-b06b-5f0a929b8060: receive RaftClientReply:client-A5BCC62C3543->912a7d3b-e3f1-4985-b06b-5f0a929b8060@group-3636E5E7603C, cid=21, SUCCESS, logIndex=29, commits[912a7d3b-e3f1-4985-b06b-5f0a929b8060:c30]
2019-07-13 08:32:10,949 INFO  client.GrpcClientProtocolClient (GrpcClientProtocolClient.java:onNext(255)) - client-A5BCC62C3543->912a7d3b-e3f1-4985-b06b-5f0a929b8060: receive RaftClientReply:client-A5BCC62C3543->912a7d3b-e3f1-4985-b06b-5f0a929b8060@group-3636E5E7603C, cid=22, SUCCESS, logIndex=30, commits[912a7d3b-e3f1-4985-b06b-5f0a929b8060:c30]
2019-07-13 08:32:10,952 DEBUG block.SCMBlockDeletingService (SCMBlockDeletingService.java:call(138)) - Running DeletedBlockTransactionScanner
2019-07-13 08:32:10,952 DEBUG block.SCMBlockDeletingService (SCMBlockDeletingService.java:call(155)) - Scanned deleted blocks log and got 0 delTX to process.
2019-07-13 08:32:10,965 INFO  client.GrpcClientProtocolClient (GrpcClientProtocolClient.java:onNext(255)) - client-A5BCC62C3543->912a7d3b-e3f1-4985-b06b-5f0a929b8060: receive RaftClientReply:client-A5BCC62C3543->912a7d3b-e3f1-4985-b06b-5f0a929b8060@group-3636E5E7603C, cid=23, SUCCESS, logIndex=31, commits[912a7d3b-e3f1-4985-b06b-5f0a929b8060:c33]
2019-07-13 08:32:10,969 INFO  client.GrpcClientProtocolClient (GrpcClientProtocolClient.java:onNext(255)) - client-A5BCC62C3543->912a7d3b-e3f1-4985-b06b-5f0a929b8060: receive RaftClientReply:client-A5BCC62C3543->912a7d3b-e3f1-4985-b06b-5f0a929b8060@group-3636E5E7603C, cid=24, SUCCESS, logIndex=32, commits[912a7d3b-e3f1-4985-b06b-5f0a929b8060:c33]
2019-07-13 08:32:11,008 INFO  client.GrpcClientProtocolClient (GrpcClientProtocolClient.java:onNext(255)) - client-A5BCC62C3543->912a7d3b-e3f1-4985-b06b-5f0a929b8060: receive RaftClientReply:client-A5BCC62C3543->912a7d3b-e3f1-4985-b06b-5f0a929b8060@group-3636E5E7603C, cid=25, SUCCESS, logIndex=34, commits[912a7d3b-e3f1-4985-b06b-5f0a929b8060:c35]
2019-07-13 08:32:11,009 INFO  client.GrpcClientProtocolClient (GrpcClientProtocolClient.java:onNext(255)) - client-A5BCC62C3543->912a7d3b-e3f1-4985-b06b-5f0a929b8060: receive RaftClientReply:client-A5BCC62C3543->912a7d3b-e3f1-4985-b06b-5f0a929b8060@group-3636E5E7603C, cid=26, SUCCESS, logIndex=35, commits[912a7d3b-e3f1-4985-b06b-5f0a929b8060:c35]
2019-07-13 08:32:11,018 INFO  client.GrpcClientProtocolClient (GrpcClientProtocolClient.java:onNext(255)) - client-A5BCC62C3543->912a7d3b-e3f1-4985-b06b-5f0a929b8060: receive RaftClientReply:client-A5BCC62C3543->912a7d3b-e3f1-4985-b06b-5f0a929b8060@group-3636E5E7603C, cid=27, SUCCESS, logIndex=36, commits[912a7d3b-e3f1-4985-b06b-5f0a929b8060:c37]
2019-07-13 08:32:11,019 INFO  client.GrpcClientProtocolClient (GrpcClientProtocolClient.java:onNext(255)) - client-A5BCC62C3543->912a7d3b-e3f1-4985-b06b-5f0a929b8060: receive RaftClientReply:client-A5BCC62C3543->912a7d3b-e3f1-4985-b06b-5f0a929b8060@group-3636E5E7603C, cid=28, SUCCESS, logIndex=37, commits[912a7d3b-e3f1-4985-b06b-5f0a929b8060:c37]
2019-07-13 08:32:11,053 DEBUG block.SCMBlockDeletingService (SCMBlockDeletingService.java:call(138)) - Running DeletedBlockTransactionScanner
2019-07-13 08:32:11,053 DEBUG block.SCMBlockDeletingService (SCMBlockDeletingService.java:call(155)) - Scanned deleted blocks log and got 0 delTX to process.
2019-07-13 08:32:11,053 INFO  client.GrpcClientProtocolClient (GrpcClientProtocolClient.java:onNext(255)) - client-A5BCC62C3543->912a7d3b-e3f1-4985-b06b-5f0a929b8060: receive RaftClientReply:client-A5BCC62C3543->912a7d3b-e3f1-4985-b06b-5f0a929b8060@group-3636E5E7603C, cid=29, SUCCESS, logIndex=40, commits[912a7d3b-e3f1-4985-b06b-5f0a929b8060:c41]
2019-07-13 08:32:11,054 INFO  client.GrpcClientProtocolClient (GrpcClientProtocolClient.java:onNext(255)) - client-A5BCC62C3543->912a7d3b-e3f1-4985-b06b-5f0a929b8060: receive RaftClientReply:client-A5BCC62C3543->912a7d3b-e3f1-4985-b06b-5f0a929b8060@group-3636E5E7603C, cid=30, SUCCESS, logIndex=41, commits[912a7d3b-e3f1-4985-b06b-5f0a929b8060:c41]
2019-07-13 08:32:11,063 INFO  client.GrpcClientProtocolClient (GrpcClientProtocolClient.java:onNext(255)) - client-A5BCC62C3543->912a7d3b-e3f1-4985-b06b-5f0a929b8060: receive RaftClientReply:client-A5BCC62C3543->912a7d3b-e3f1-4985-b06b-5f0a929b8060@group-3636E5E7603C, cid=31, SUCCESS, logIndex=42, commits[912a7d3b-e3f1-4985-b06b-5f0a929b8060:c43]
2019-07-13 08:32:11,064 INFO  client.GrpcClientProtocolClient (GrpcClientProtocolClient.java:onNext(255)) - client-A5BCC62C3543->912a7d3b-e3f1-4985-b06b-5f0a929b8060: receive RaftClientReply:client-A5BCC62C3543->912a7d3b-e3f1-4985-b06b-5f0a929b8060@group-3636E5E7603C, cid=32, SUCCESS, logIndex=43, commits[912a7d3b-e3f1-4985-b06b-5f0a929b8060:c45]
2019-07-13 08:32:11,095 INFO  client.GrpcClientProtocolClient (GrpcClientProtocolClient.java:onNext(255)) - client-A5BCC62C3543->912a7d3b-e3f1-4985-b06b-5f0a929b8060: receive RaftClientReply:client-A5BCC62C3543->912a7d3b-e3f1-4985-b06b-5f0a929b8060@group-3636E5E7603C, cid=33, SUCCESS, logIndex=46, commits[912a7d3b-e3f1-4985-b06b-5f0a929b8060:c47]
2019-07-13 08:32:11,096 INFO  client.GrpcClientProtocolClient (GrpcClientProtocolClient.java:onNext(255)) - client-A5BCC62C3543->912a7d3b-e3f1-4985-b06b-5f0a929b8060: receive RaftClientReply:client-A5BCC62C3543->912a7d3b-e3f1-4985-b06b-5f0a929b8060@group-3636E5E7603C, cid=34, SUCCESS, logIndex=47, commits[912a7d3b-e3f1-4985-b06b-5f0a929b8060:c47]
2019-07-13 08:32:11,106 INFO  client.GrpcClientProtocolClient (GrpcClientProtocolClient.java:onNext(255)) - client-A5BCC62C3543->912a7d3b-e3f1-4985-b06b-5f0a929b8060: receive RaftClientReply:client-A5BCC62C3543->912a7d3b-e3f1-4985-b06b-5f0a929b8060@group-3636E5E7603C, cid=35, SUCCESS, logIndex=48, commits[912a7d3b-e3f1-4985-b06b-5f0a929b8060:c50]
2019-07-13 08:32:11,106 INFO  client.GrpcClientProtocolClient (GrpcClientProtocolClient.java:onNext(255)) - client-A5BCC62C3543->912a7d3b-e3f1-4985-b06b-5f0a929b8060: receive RaftClientReply:client-A5BCC62C3543->912a7d3b-e3f1-4985-b06b-5f0a929b8060@group-3636E5E7603C, cid=36, SUCCESS, logIndex=49, commits[912a7d3b-e3f1-4985-b06b-5f0a929b8060:c51]
2019-07-13 08:32:11,134 INFO  client.GrpcClientProtocolClient (GrpcClientProtocolClient.java:onNext(255)) - client-A5BCC62C3543->912a7d3b-e3f1-4985-b06b-5f0a929b8060: receive RaftClientReply:client-A5BCC62C3543->912a7d3b-e3f1-4985-b06b-5f0a929b8060@group-3636E5E7603C, cid=37, SUCCESS, logIndex=52, commits[912a7d3b-e3f1-4985-b06b-5f0a929b8060:c53]
2019-07-13 08:32:11,135 INFO  client.GrpcClientProtocolClient (GrpcClientProtocolClient.java:onNext(255)) - client-A5BCC62C3543->912a7d3b-e3f1-4985-b06b-5f0a929b8060: receive RaftClientReply:client-A5BCC62C3543->912a7d3b-e3f1-4985-b06b-5f0a929b8060@group-3636E5E7603C, cid=38, SUCCESS, logIndex=53, commits[912a7d3b-e3f1-4985-b06b-5f0a929b8060:c53]
2019-07-13 08:32:11,144 INFO  client.GrpcClientProtocolClient (GrpcClientProtocolClient.java:onNext(255)) - client-A5BCC62C3543->912a7d3b-e3f1-4985-b06b-5f0a929b8060: receive RaftClientReply:client-A5BCC62C3543->912a7d3b-e3f1-4985-b06b-5f0a929b8060@group-3636E5E7603C, cid=39, SUCCESS, logIndex=54, commits[912a7d3b-e3f1-4985-b06b-5f0a929b8060:c56]
2019-07-13 08:32:11,145 INFO  client.GrpcClientProtocolClient (GrpcClientProtocolClient.java:onNext(255)) - client-A5BCC62C3543->912a7d3b-e3f1-4985-b06b-5f0a929b8060: receive RaftClientReply:client-A5BCC62C3543->912a7d3b-e3f1-4985-b06b-5f0a929b8060@group-3636E5E7603C, cid=40, SUCCESS, logIndex=55, commits[912a7d3b-e3f1-4985-b06b-5f0a929b8060:c56]
2019-07-13 08:32:11,153 DEBUG block.SCMBlockDeletingService (SCMBlockDeletingService.java:call(138)) - Running DeletedBlockTransactionScanner
2019-07-13 08:32:11,154 DEBUG block.SCMBlockDeletingService (SCMBlockDeletingService.java:call(155)) - Scanned deleted blocks log and got 0 delTX to process.
2019-07-13 08:32:11,175 INFO  client.GrpcClientProtocolClient (GrpcClientProtocolClient.java:onNext(255)) - client-A5BCC62C3543->912a7d3b-e3f1-4985-b06b-5f0a929b8060: receive RaftClientReply:client-A5BCC62C3543->912a7d3b-e3f1-4985-b06b-5f0a929b8060@group-3636E5E7603C, cid=41, SUCCESS, logIndex=57, commits[912a7d3b-e3f1-4985-b06b-5f0a929b8060:c58]
2019-07-13 08:32:11,176 INFO  client.GrpcClientProtocolClient (GrpcClientProtocolClient.java:onNext(255)) - client-A5BCC62C3543->912a7d3b-e3f1-4985-b06b-5f0a929b8060: receive RaftClientReply:client-A5BCC62C3543->912a7d3b-e3f1-4985-b06b-5f0a929b8060@group-3636E5E7603C, cid=42, SUCCESS, logIndex=58, commits[912a7d3b-e3f1-4985-b06b-5f0a929b8060:c58]
2019-07-13 08:32:11,187 INFO  client.GrpcClientProtocolClient (GrpcClientProtocolClient.java:onNext(255)) - client-A5BCC62C3543->912a7d3b-e3f1-4985-b06b-5f0a929b8060: receive RaftClientReply:client-A5BCC62C3543->912a7d3b-e3f1-4985-b06b-5f0a929b8060@group-3636E5E7603C, cid=43, SUCCESS, logIndex=59, commits[912a7d3b-e3f1-4985-b06b-5f0a929b8060:c61]
2019-07-13 08:32:11,187 INFO  client.GrpcClientProtocolClient (GrpcClientProtocolClient.java:onNext(255)) - client-A5BCC62C3543->912a7d3b-e3f1-4985-b06b-5f0a929b8060: receive RaftClientReply:client-A5BCC62C3543->912a7d3b-e3f1-4985-b06b-5f0a929b8060@group-3636E5E7603C, cid=44, SUCCESS, logIndex=60, commits[912a7d3b-e3f1-4985-b06b-5f0a929b8060:c61]
2019-07-13 08:32:11,254 DEBUG block.SCMBlockDeletingService (SCMBlockDeletingService.java:call(138)) - Running DeletedBlockTransactionScanner
2019-07-13 08:32:11,255 DEBUG block.SCMBlockDeletingService (SCMBlockDeletingService.java:call(155)) - Scanned deleted blocks log and got 0 delTX to process.
2019-07-13 08:32:11,341 INFO  client.GrpcClientProtocolClient (GrpcClientProtocolClient.java:onNext(255)) - client-A5BCC62C3543->912a7d3b-e3f1-4985-b06b-5f0a929b8060: receive RaftClientReply:client-A5BCC62C3543->912a7d3b-e3f1-4985-b06b-5f0a929b8060@group-3636E5E7603C, cid=45, SUCCESS, logIndex=63, commits[912a7d3b-e3f1-4985-b06b-5f0a929b8060:c66]
2019-07-13 08:32:11,344 INFO  client.GrpcClientProtocolClient (GrpcClientProtocolClient.java:onNext(255)) - client-A5BCC62C3543->912a7d3b-e3f1-4985-b06b-5f0a929b8060: receive RaftClientReply:client-A5BCC62C3543->912a7d3b-e3f1-4985-b06b-5f0a929b8060@group-3636E5E7603C, cid=46, SUCCESS, logIndex=64, commits[912a7d3b-e3f1-4985-b06b-5f0a929b8060:c68]
2019-07-13 08:32:11,344 INFO  client.GrpcClientProtocolClient (GrpcClientProtocolClient.java:onNext(255)) - client-A5BCC62C3543->912a7d3b-e3f1-4985-b06b-5f0a929b8060: receive RaftClientReply:client-A5BCC62C3543->912a7d3b-e3f1-4985-b06b-5f0a929b8060@group-3636E5E7603C, cid=47, SUCCESS, logIndex=65, commits[912a7d3b-e3f1-4985-b06b-5f0a929b8060:c68]
2019-07-13 08:32:11,345 INFO  client.GrpcClientProtocolClient (GrpcClientProtocolClient.java:onNext(255)) - client-A5BCC62C3543->912a7d3b-e3f1-4985-b06b-5f0a929b8060: receive RaftClientReply:client-A5BCC62C3543->912a7d3b-e3f1-4985-b06b-5f0a929b8060@group-3636E5E7603C, cid=48, SUCCESS, logIndex=66, commits[912a7d3b-e3f1-4985-b06b-5f0a929b8060:c68]
2019-07-13 08:32:11,355 DEBUG block.SCMBlockDeletingService (SCMBlockDeletingService.java:call(138)) - Running DeletedBlockTransactionScanner
2019-07-13 08:32:11,355 DEBUG block.SCMBlockDeletingService (SCMBlockDeletingService.java:call(155)) - Scanned deleted blocks log and got 0 delTX to process.
2019-07-13 08:32:11,389 INFO  client.GrpcClientProtocolClient (GrpcClientProtocolClient.java:onNext(255)) - client-A5BCC62C3543->912a7d3b-e3f1-4985-b06b-5f0a929b8060: receive RaftClientReply:client-A5BCC62C3543->912a7d3b-e3f1-4985-b06b-5f0a929b8060@group-3636E5E7603C, cid=49, SUCCESS, logIndex=69, commits[912a7d3b-e3f1-4985-b06b-5f0a929b8060:c70]
2019-07-13 08:32:11,390 INFO  client.GrpcClientProtocolClient (GrpcClientProtocolClient.java:onNext(255)) - client-A5BCC62C3543->912a7d3b-e3f1-4985-b06b-5f0a929b8060: receive RaftClientReply:client-A5BCC62C3543->912a7d3b-e3f1-4985-b06b-5f0a929b8060@group-3636E5E7603C, cid=50, SUCCESS, logIndex=70, commits[912a7d3b-e3f1-4985-b06b-5f0a929b8060:c70]
2019-07-13 08:32:11,400 INFO  client.GrpcClientProtocolClient (GrpcClientProtocolClient.java:onNext(255)) - client-A5BCC62C3543->912a7d3b-e3f1-4985-b06b-5f0a929b8060: receive RaftClientReply:client-A5BCC62C3543->912a7d3b-e3f1-4985-b06b-5f0a929b8060@group-3636E5E7603C, cid=51, SUCCESS, logIndex=71, commits[912a7d3b-e3f1-4985-b06b-5f0a929b8060:c73]
2019-07-13 08:32:11,401 INFO  client.GrpcClientProtocolClient (GrpcClientProtocolClient.java:onNext(255)) - client-A5BCC62C3543->912a7d3b-e3f1-4985-b06b-5f0a929b8060: receive RaftClientReply:client-A5BCC62C3543->912a7d3b-e3f1-4985-b06b-5f0a929b8060@group-3636E5E7603C, cid=52, SUCCESS, logIndex=72, commits[912a7d3b-e3f1-4985-b06b-5f0a929b8060:c74]
2019-07-13 08:32:11,434 INFO  client.GrpcClientProtocolClient (GrpcClientProtocolClient.java:onNext(255)) - client-A5BCC62C3543->912a7d3b-e3f1-4985-b06b-5f0a929b8060: receive RaftClientReply:client-A5BCC62C3543->912a7d3b-e3f1-4985-b06b-5f0a929b8060@group-3636E5E7603C, cid=53, SUCCESS, logIndex=75, commits[912a7d3b-e3f1-4985-b06b-5f0a929b8060:c76]
2019-07-13 08:32:11,435 INFO  client.GrpcClientProtocolClient (GrpcClientProtocolClient.java:onNext(255)) - client-A5BCC62C3543->912a7d3b-e3f1-4985-b06b-5f0a929b8060: receive RaftClientReply:client-A5BCC62C3543->912a7d3b-e3f1-4985-b06b-5f0a929b8060@group-3636E5E7603C, cid=54, SUCCESS, logIndex=76, commits[912a7d3b-e3f1-4985-b06b-5f0a929b8060:c76]
2019-07-13 08:32:11,444 INFO  client.GrpcClientProtocolClient (GrpcClientProtocolClient.java:onNext(255)) - client-A5BCC62C3543->912a7d3b-e3f1-4985-b06b-5f0a929b8060: receive RaftClientReply:client-A5BCC62C3543->912a7d3b-e3f1-4985-b06b-5f0a929b8060@group-3636E5E7603C, cid=55, SUCCESS, logIndex=77, commits[912a7d3b-e3f1-4985-b06b-5f0a929b8060:c79]
2019-07-13 08:32:11,447 INFO  client.GrpcClientProtocolClient (GrpcClientProtocolClient.java:onNext(255)) - client-A5BCC62C3543->912a7d3b-e3f1-4985-b06b-5f0a929b8060: receive RaftClientReply:client-A5BCC62C3543->912a7d3b-e3f1-4985-b06b-5f0a929b8060@group-3636E5E7603C, cid=56, SUCCESS, logIndex=78, commits[912a7d3b-e3f1-4985-b06b-5f0a929b8060:c80]
2019-07-13 08:32:11,456 DEBUG block.SCMBlockDeletingService (SCMBlockDeletingService.java:call(138)) - Running DeletedBlockTransactionScanner
2019-07-13 08:32:11,456 DEBUG block.SCMBlockDeletingService (SCMBlockDeletingService.java:call(155)) - Scanned deleted blocks log and got 0 delTX to process.
2019-07-13 08:32:11,486 INFO  client.GrpcClientProtocolClient (GrpcClientProtocolClient.java:onNext(255)) - client-A5BCC62C3543->912a7d3b-e3f1-4985-b06b-5f0a929b8060: receive RaftClientReply:client-A5BCC62C3543->912a7d3b-e3f1-4985-b06b-5f0a929b8060@group-3636E5E7603C, cid=57, SUCCESS, logIndex=81, commits[912a7d3b-e3f1-4985-b06b-5f0a929b8060:c82]
2019-07-13 08:32:11,487 INFO  client.GrpcClientProtocolClient (GrpcClientProtocolClient.java:onNext(255)) - client-A5BCC62C3543->912a7d3b-e3f1-4985-b06b-5f0a929b8060: receive RaftClientReply:client-A5BCC62C3543->912a7d3b-e3f1-4985-b06b-5f0a929b8060@group-3636E5E7603C, cid=58, SUCCESS, logIndex=82, commits[912a7d3b-e3f1-4985-b06b-5f0a929b8060:c82]
2019-07-13 08:32:11,497 INFO  client.GrpcClientProtocolClient (GrpcClientProtocolClient.java:onNext(255)) - client-A5BCC62C3543->912a7d3b-e3f1-4985-b06b-5f0a929b8060: receive RaftClientReply:client-A5BCC62C3543->912a7d3b-e3f1-4985-b06b-5f0a929b8060@group-3636E5E7603C, cid=59, SUCCESS, logIndex=83, commits[912a7d3b-e3f1-4985-b06b-5f0a929b8060:c85]
2019-07-13 08:32:11,498 INFO  client.GrpcClientProtocolClient (GrpcClientProtocolClient.java:onNext(255)) - client-A5BCC62C3543->912a7d3b-e3f1-4985-b06b-5f0a929b8060: receive RaftClientReply:client-A5BCC62C3543->912a7d3b-e3f1-4985-b06b-5f0a929b8060@group-3636E5E7603C, cid=60, SUCCESS, logIndex=84, commits[912a7d3b-e3f1-4985-b06b-5f0a929b8060:c85]
2019-07-13 08:32:11,528 INFO  client.GrpcClientProtocolClient (GrpcClientProtocolClient.java:onNext(255)) - client-A5BCC62C3543->912a7d3b-e3f1-4985-b06b-5f0a929b8060: receive RaftClientReply:client-A5BCC62C3543->912a7d3b-e3f1-4985-b06b-5f0a929b8060@group-3636E5E7603C, cid=61, SUCCESS, logIndex=87, commits[912a7d3b-e3f1-4985-b06b-5f0a929b8060:c88]
2019-07-13 08:32:11,530 INFO  client.GrpcClientProtocolClient (GrpcClientProtocolClient.java:onNext(255)) - client-A5BCC62C3543->912a7d3b-e3f1-4985-b06b-5f0a929b8060: receive RaftClientReply:client-A5BCC62C3543->912a7d3b-e3f1-4985-b06b-5f0a929b8060@group-3636E5E7603C, cid=62, SUCCESS, logIndex=88, commits[912a7d3b-e3f1-4985-b06b-5f0a929b8060:c88]
2019-07-13 08:32:11,538 INFO  client.GrpcClientProtocolClient (GrpcClientProtocolClient.java:onNext(255)) - client-A5BCC62C3543->912a7d3b-e3f1-4985-b06b-5f0a929b8060: receive RaftClientReply:client-A5BCC62C3543->912a7d3b-e3f1-4985-b06b-5f0a929b8060@group-3636E5E7603C, cid=63, SUCCESS, logIndex=89, commits[912a7d3b-e3f1-4985-b06b-5f0a929b8060:c91]
2019-07-13 08:32:11,539 INFO  client.GrpcClientProtocolClient (GrpcClientProtocolClient.java:onNext(255)) - client-A5BCC62C3543->912a7d3b-e3f1-4985-b06b-5f0a929b8060: receive RaftClientReply:client-A5BCC62C3543->912a7d3b-e3f1-4985-b06b-5f0a929b8060@group-3636E5E7603C, cid=64, SUCCESS, logIndex=90, commits[912a7d3b-e3f1-4985-b06b-5f0a929b8060:c91]
2019-07-13 08:32:11,557 DEBUG block.SCMBlockDeletingService (SCMBlockDeletingService.java:call(138)) - Running DeletedBlockTransactionScanner
2019-07-13 08:32:11,557 DEBUG block.SCMBlockDeletingService (SCMBlockDeletingService.java:call(155)) - Scanned deleted blocks log and got 0 delTX to process.
2019-07-13 08:32:11,576 INFO  client.GrpcClientProtocolClient (GrpcClientProtocolClient.java:onNext(255)) - client-A5BCC62C3543->912a7d3b-e3f1-4985-b06b-5f0a929b8060: receive RaftClientReply:client-A5BCC62C3543->912a7d3b-e3f1-4985-b06b-5f0a929b8060@group-3636E5E7603C, cid=65, SUCCESS, logIndex=93, commits[912a7d3b-e3f1-4985-b06b-5f0a929b8060:c94]
2019-07-13 08:32:11,577 INFO  client.GrpcClientProtocolClient (GrpcClientProtocolClient.java:onNext(255)) - client-A5BCC62C3543->912a7d3b-e3f1-4985-b06b-5f0a929b8060: receive RaftClientReply:client-A5BCC62C3543->912a7d3b-e3f1-4985-b06b-5f0a929b8060@group-3636E5E7603C, cid=66, SUCCESS, logIndex=94, commits[912a7d3b-e3f1-4985-b06b-5f0a929b8060:c94]
2019-07-13 08:32:11,587 INFO  client.GrpcClientProtocolClient (GrpcClientProtocolClient.java:onNext(255)) - client-A5BCC62C3543->912a7d3b-e3f1-4985-b06b-5f0a929b8060: receive RaftClientReply:client-A5BCC62C3543->912a7d3b-e3f1-4985-b06b-5f0a929b8060@group-3636E5E7603C, cid=67, SUCCESS, logIndex=95, commits[912a7d3b-e3f1-4985-b06b-5f0a929b8060:c97]
2019-07-13 08:32:11,588 INFO  client.GrpcClientProtocolClient (GrpcClientProtocolClient.java:onNext(255)) - client-A5BCC62C3543->912a7d3b-e3f1-4985-b06b-5f0a929b8060: receive RaftClientReply:client-A5BCC62C3543->912a7d3b-e3f1-4985-b06b-5f0a929b8060@group-3636E5E7603C, cid=68, SUCCESS, logIndex=96, commits[912a7d3b-e3f1-4985-b06b-5f0a929b8060:c98]
2019-07-13 08:32:11,629 INFO  client.GrpcClientProtocolClient (GrpcClientProtocolClient.java:onNext(255)) - client-A5BCC62C3543->912a7d3b-e3f1-4985-b06b-5f0a929b8060: receive RaftClientReply:client-A5BCC62C3543->912a7d3b-e3f1-4985-b06b-5f0a929b8060@group-3636E5E7603C, cid=69, SUCCESS, logIndex=99, commits[912a7d3b-e3f1-4985-b06b-5f0a929b8060:c100]
2019-07-13 08:32:11,631 INFO  client.GrpcClientProtocolClient (GrpcClientProtocolClient.java:onNext(255)) - client-A5BCC62C3543->912a7d3b-e3f1-4985-b06b-5f0a929b8060: receive RaftClientReply:client-A5BCC62C3543->912a7d3b-e3f1-4985-b06b-5f0a929b8060@group-3636E5E7603C, cid=70, SUCCESS, logIndex=100, commits[912a7d3b-e3f1-4985-b06b-5f0a929b8060:c100]
2019-07-13 08:32:11,654 INFO  client.GrpcClientProtocolClient (GrpcClientProtocolClient.java:onNext(255)) - client-A5BCC62C3543->912a7d3b-e3f1-4985-b06b-5f0a929b8060: receive RaftClientReply:client-A5BCC62C3543->912a7d3b-e3f1-4985-b06b-5f0a929b8060@group-3636E5E7603C, cid=71, SUCCESS, logIndex=101, commits[912a7d3b-e3f1-4985-b06b-5f0a929b8060:c102]
2019-07-13 08:32:11,655 INFO  client.GrpcClientProtocolClient (GrpcClientProtocolClient.java:onNext(255)) - client-A5BCC62C3543->912a7d3b-e3f1-4985-b06b-5f0a929b8060: receive RaftClientReply:client-A5BCC62C3543->912a7d3b-e3f1-4985-b06b-5f0a929b8060@group-3636E5E7603C, cid=72, SUCCESS, logIndex=102, commits[912a7d3b-e3f1-4985-b06b-5f0a929b8060:c102]
2019-07-13 08:32:11,658 DEBUG block.SCMBlockDeletingService (SCMBlockDeletingService.java:call(138)) - Running DeletedBlockTransactionScanner
2019-07-13 08:32:11,658 DEBUG block.SCMBlockDeletingService (SCMBlockDeletingService.java:call(155)) - Scanned deleted blocks log and got 0 delTX to process.
2019-07-13 08:32:11,758 DEBUG block.SCMBlockDeletingService (SCMBlockDeletingService.java:call(138)) - Running DeletedBlockTransactionScanner
2019-07-13 08:32:11,759 DEBUG block.SCMBlockDeletingService (SCMBlockDeletingService.java:call(155)) - Scanned deleted blocks log and got 0 delTX to process.
2019-07-13 08:32:11,859 DEBUG block.SCMBlockDeletingService (SCMBlockDeletingService.java:call(138)) - Running DeletedBlockTransactionScanner
2019-07-13 08:32:11,859 DEBUG block.SCMBlockDeletingService (SCMBlockDeletingService.java:call(155)) - Scanned deleted blocks log and got 0 delTX to process.
2019-07-13 08:32:11,960 DEBUG block.SCMBlockDeletingService (SCMBlockDeletingService.java:call(138)) - Running DeletedBlockTransactionScanner
2019-07-13 08:32:11,960 DEBUG block.SCMBlockDeletingService (SCMBlockDeletingService.java:call(155)) - Scanned deleted blocks log and got 0 delTX to process.
2019-07-13 08:32:12,061 DEBUG block.SCMBlockDeletingService (SCMBlockDeletingService.java:call(138)) - Running DeletedBlockTransactionScanner
2019-07-13 08:32:12,061 DEBUG block.SCMBlockDeletingService (SCMBlockDeletingService.java:call(155)) - Scanned deleted blocks log and got 0 delTX to process.
2019-07-13 08:32:12,161 DEBUG block.SCMBlockDeletingService (SCMBlockDeletingService.java:call(138)) - Running DeletedBlockTransactionScanner
2019-07-13 08:32:12,162 DEBUG block.SCMBlockDeletingService (SCMBlockDeletingService.java:call(155)) - Scanned deleted blocks log and got 0 delTX to process.
2019-07-13 08:32:12,262 DEBUG block.SCMBlockDeletingService (SCMBlockDeletingService.java:call(138)) - Running DeletedBlockTransactionScanner
2019-07-13 08:32:12,262 DEBUG block.SCMBlockDeletingService (SCMBlockDeletingService.java:call(155)) - Scanned deleted blocks log and got 0 delTX to process.
2019-07-13 08:32:12,317 INFO  client.GrpcClientProtocolClient (GrpcClientProtocolClient.java:onNext(255)) - client-A5BCC62C3543->912a7d3b-e3f1-4985-b06b-5f0a929b8060: receive RaftClientReply:client-A5BCC62C3543->912a7d3b-e3f1-4985-b06b-5f0a929b8060@group-3636E5E7603C, cid=73, SUCCESS, logIndex=105, commits[912a7d3b-e3f1-4985-b06b-5f0a929b8060:c108]
2019-07-13 08:32:12,319 INFO  client.GrpcClientProtocolClient (GrpcClientProtocolClient.java:onNext(255)) - client-A5BCC62C3543->912a7d3b-e3f1-4985-b06b-5f0a929b8060: receive RaftClientReply:client-A5BCC62C3543->912a7d3b-e3f1-4985-b06b-5f0a929b8060@group-3636E5E7603C, cid=74, SUCCESS, logIndex=106, commits[912a7d3b-e3f1-4985-b06b-5f0a929b8060:c108]
2019-07-13 08:32:12,319 INFO  client.GrpcClientProtocolClient (GrpcClientProtocolClient.java:onNext(255)) - client-A5BCC62C3543->912a7d3b-e3f1-4985-b06b-5f0a929b8060: receive RaftClientReply:client-A5BCC62C3543->912a7d3b-e3f1-4985-b06b-5f0a929b8060@group-3636E5E7603C, cid=75, SUCCESS, logIndex=107, commits[912a7d3b-e3f1-4985-b06b-5f0a929b8060:c108]
2019-07-13 08:32:12,320 INFO  client.GrpcClientProtocolClient (GrpcClientProtocolClient.java:onNext(255)) - client-A5BCC62C3543->912a7d3b-e3f1-4985-b06b-5f0a929b8060: receive RaftClientReply:client-A5BCC62C3543->912a7d3b-e3f1-4985-b06b-5f0a929b8060@group-3636E5E7603C, cid=76, SUCCESS, logIndex=108, commits[912a7d3b-e3f1-4985-b06b-5f0a929b8060:c108]
2019-07-13 08:32:12,353 INFO  client.GrpcClientProtocolClient (GrpcClientProtocolClient.java:onNext(255)) - client-A5BCC62C3543->912a7d3b-e3f1-4985-b06b-5f0a929b8060: receive RaftClientReply:client-A5BCC62C3543->912a7d3b-e3f1-4985-b06b-5f0a929b8060@group-3636E5E7603C, cid=77, SUCCESS, logIndex=110, commits[912a7d3b-e3f1-4985-b06b-5f0a929b8060:c111]
2019-07-13 08:32:12,355 INFO  client.GrpcClientProtocolClient (GrpcClientProtocolClient.java:onNext(255)) - client-A5BCC62C3543->912a7d3b-e3f1-4985-b06b-5f0a929b8060: receive RaftClientReply:client-A5BCC62C3543->912a7d3b-e3f1-4985-b06b-5f0a929b8060@group-3636E5E7603C, cid=78, SUCCESS, logIndex=111, commits[912a7d3b-e3f1-4985-b06b-5f0a929b8060:c111]
2019-07-13 08:32:12,456 DEBUG block.SCMBlockDeletingService (SCMBlockDeletingService.java:call(138)) - Running DeletedBlockTransactionScanner
2019-07-13 08:32:12,460 DEBUG block.SCMBlockDeletingService (SCMBlockDeletingService.java:call(155)) - Scanned deleted blocks log and got 0 delTX to process.
2019-07-13 08:32:12,461 INFO  client.GrpcClientProtocolClient (GrpcClientProtocolClient.java:onNext(255)) - client-A5BCC62C3543->912a7d3b-e3f1-4985-b06b-5f0a929b8060: receive RaftClientReply:client-A5BCC62C3543->912a7d3b-e3f1-4985-b06b-5f0a929b8060@group-3636E5E7603C, cid=79, SUCCESS, logIndex=112, commits[912a7d3b-e3f1-4985-b06b-5f0a929b8060:c114]
2019-07-13 08:32:12,464 INFO  client.GrpcClientProtocolClient (GrpcClientProtocolClient.java:onNext(255)) - client-A5BCC62C3543->912a7d3b-e3f1-4985-b06b-5f0a929b8060: receive RaftClientReply:client-A5BCC62C3543->912a7d3b-e3f1-4985-b06b-5f0a929b8060@group-3636E5E7603C, cid=80, SUCCESS, logIndex=113, commits[912a7d3b-e3f1-4985-b06b-5f0a929b8060:c114]
2019-07-13 08:32:12,501 INFO  client.GrpcClientProtocolClient (GrpcClientProtocolClient.java:onNext(255)) - client-A5BCC62C3543->912a7d3b-e3f1-4985-b06b-5f0a929b8060: receive RaftClientReply:client-A5BCC62C3543->912a7d3b-e3f1-4985-b06b-5f0a929b8060@group-3636E5E7603C, cid=81, SUCCESS, logIndex=115, commits[912a7d3b-e3f1-4985-b06b-5f0a929b8060:c118]
2019-07-13 08:32:12,502 INFO  client.GrpcClientProtocolClient (GrpcClientProtocolClient.java:onNext(255)) - client-A5BCC62C3543->912a7d3b-e3f1-4985-b06b-5f0a929b8060: receive RaftClientReply:client-A5BCC62C3543->912a7d3b-e3f1-4985-b06b-5f0a929b8060@group-3636E5E7603C, cid=82, SUCCESS, logIndex=116, commits[912a7d3b-e3f1-4985-b06b-5f0a929b8060:c118]
2019-07-13 08:32:12,503 INFO  client.GrpcClientProtocolClient (GrpcClientProtocolClient.java:onNext(255)) - client-A5BCC62C3543->912a7d3b-e3f1-4985-b06b-5f0a929b8060: receive RaftClientReply:client-A5BCC62C3543->912a7d3b-e3f1-4985-b06b-5f0a929b8060@group-3636E5E7603C, cid=83, SUCCESS, logIndex=117, commits[912a7d3b-e3f1-4985-b06b-5f0a929b8060:c118]
2019-07-13 08:32:12,504 INFO  client.GrpcClientProtocolClient (GrpcClientProtocolClient.java:onNext(255)) - client-A5BCC62C3543->912a7d3b-e3f1-4985-b06b-5f0a929b8060: receive RaftClientReply:client-A5BCC62C3543->912a7d3b-e3f1-4985-b06b-5f0a929b8060@group-3636E5E7603C, cid=84, SUCCESS, logIndex=118, commits[912a7d3b-e3f1-4985-b06b-5f0a929b8060:c118]
2019-07-13 08:32:12,532 INFO  client.GrpcClientProtocolClient (GrpcClientProtocolClient.java:onNext(255)) - client-A5BCC62C3543->912a7d3b-e3f1-4985-b06b-5f0a929b8060: receive RaftClientReply:client-A5BCC62C3543->912a7d3b-e3f1-4985-b06b-5f0a929b8060@group-3636E5E7603C, cid=85, SUCCESS, logIndex=120, commits[912a7d3b-e3f1-4985-b06b-5f0a929b8060:c123]
2019-07-13 08:32:12,533 INFO  client.GrpcClientProtocolClient (GrpcClientProtocolClient.java:onNext(255)) - client-A5BCC62C3543->912a7d3b-e3f1-4985-b06b-5f0a929b8060: receive RaftClientReply:client-A5BCC62C3543->912a7d3b-e3f1-4985-b06b-5f0a929b8060@group-3636E5E7603C, cid=86, SUCCESS, logIndex=121, commits[912a7d3b-e3f1-4985-b06b-5f0a929b8060:c123]
2019-07-13 08:32:12,533 INFO  client.GrpcClientProtocolClient (GrpcClientProtocolClient.java:onNext(255)) - client-A5BCC62C3543->912a7d3b-e3f1-4985-b06b-5f0a929b8060: receive RaftClientReply:client-A5BCC62C3543->912a7d3b-e3f1-4985-b06b-5f0a929b8060@group-3636E5E7603C, cid=87, SUCCESS, logIndex=122, commits[912a7d3b-e3f1-4985-b06b-5f0a929b8060:c124]
2019-07-13 08:32:12,541 INFO  client.GrpcClientProtocolClient (GrpcClientProtocolClient.java:onNext(255)) - client-A5BCC62C3543->912a7d3b-e3f1-4985-b06b-5f0a929b8060: receive RaftClientReply:client-A5BCC62C3543->912a7d3b-e3f1-4985-b06b-5f0a929b8060@group-3636E5E7603C, cid=88, SUCCESS, logIndex=123, commits[912a7d3b-e3f1-4985-b06b-5f0a929b8060:c124]
2019-07-13 08:32:12,561 DEBUG block.SCMBlockDeletingService (SCMBlockDeletingService.java:call(138)) - Running DeletedBlockTransactionScanner
2019-07-13 08:32:12,562 DEBUG block.SCMBlockDeletingService (SCMBlockDeletingService.java:call(155)) - Scanned deleted blocks log and got 0 delTX to process.
2019-07-13 08:32:12,662 DEBUG block.SCMBlockDeletingService (SCMBlockDeletingService.java:call(138)) - Running DeletedBlockTransactionScanner
2019-07-13 08:32:12,662 DEBUG block.SCMBlockDeletingService (SCMBlockDeletingService.java:call(155)) - Scanned deleted blocks log and got 0 delTX to process.
2019-07-13 08:32:12,710 INFO  client.GrpcClientProtocolClient (GrpcClientProtocolClient.java:onNext(255)) - client-A5BCC62C3543->912a7d3b-e3f1-4985-b06b-5f0a929b8060: receive RaftClientReply:client-A5BCC62C3543->912a7d3b-e3f1-4985-b06b-5f0a929b8060@group-3636E5E7603C, cid=89, SUCCESS, logIndex=126, commits[912a7d3b-e3f1-4985-b06b-5f0a929b8060:c127]
2019-07-13 08:32:12,711 INFO  client.GrpcClientProtocolClient (GrpcClientProtocolClient.java:onNext(255)) - client-A5BCC62C3543->912a7d3b-e3f1-4985-b06b-5f0a929b8060: receive RaftClientReply:client-A5BCC62C3543->912a7d3b-e3f1-4985-b06b-5f0a929b8060@group-3636E5E7603C, cid=90, SUCCESS, logIndex=127, commits[912a7d3b-e3f1-4985-b06b-5f0a929b8060:c127]
2019-07-13 08:32:12,721 INFO  client.GrpcClientProtocolClient (GrpcClientProtocolClient.java:onNext(255)) - client-A5BCC62C3543->912a7d3b-e3f1-4985-b06b-5f0a929b8060: receive RaftClientReply:client-A5BCC62C3543->912a7d3b-e3f1-4985-b06b-5f0a929b8060@group-3636E5E7603C, cid=91, SUCCESS, logIndex=128, commits[912a7d3b-e3f1-4985-b06b-5f0a929b8060:c129]
2019-07-13 08:32:12,722 INFO  client.GrpcClientProtocolClient (GrpcClientProtocolClient.java:onNext(255)) - client-A5BCC62C3543->912a7d3b-e3f1-4985-b06b-5f0a929b8060: receive RaftClientReply:client-A5BCC62C3543->912a7d3b-e3f1-4985-b06b-5f0a929b8060@group-3636E5E7603C, cid=92, SUCCESS, logIndex=129, commits[912a7d3b-e3f1-4985-b06b-5f0a929b8060:c131]
2019-07-13 08:32:12,748 INFO  client.GrpcClientProtocolClient (GrpcClientProtocolClient.java:onNext(255)) - client-A5BCC62C3543->912a7d3b-e3f1-4985-b06b-5f0a929b8060: receive RaftClientReply:client-A5BCC62C3543->912a7d3b-e3f1-4985-b06b-5f0a929b8060@group-3636E5E7603C, cid=93, SUCCESS, logIndex=132, commits[912a7d3b-e3f1-4985-b06b-5f0a929b8060:c133]
2019-07-13 08:32:12,749 INFO  client.GrpcClientProtocolClient (GrpcClientProtocolClient.java:onNext(255)) - client-A5BCC62C3543->912a7d3b-e3f1-4985-b06b-5f0a929b8060: receive RaftClientReply:client-A5BCC62C3543->912a7d3b-e3f1-4985-b06b-5f0a929b8060@group-3636E5E7603C, cid=94, SUCCESS, logIndex=133, commits[912a7d3b-e3f1-4985-b06b-5f0a929b8060:c133]
2019-07-13 08:32:12,757 INFO  client.GrpcClientProtocolClient (GrpcClientProtocolClient.java:onNext(255)) - client-A5BCC62C3543->912a7d3b-e3f1-4985-b06b-5f0a929b8060: receive RaftClientReply:client-A5BCC62C3543->912a7d3b-e3f1-4985-b06b-5f0a929b8060@group-3636E5E7603C, cid=95, SUCCESS, logIndex=134, commits[912a7d3b-e3f1-4985-b06b-5f0a929b8060:c135]
2019-07-13 08:32:12,758 INFO  client.GrpcClientProtocolClient (GrpcClientProtocolClient.java:onNext(255)) - client-A5BCC62C3543->912a7d3b-e3f1-4985-b06b-5f0a929b8060: receive RaftClientReply:client-A5BCC62C3543->912a7d3b-e3f1-4985-b06b-5f0a929b8060@group-3636E5E7603C, cid=96, SUCCESS, logIndex=135, commits[912a7d3b-e3f1-4985-b06b-5f0a929b8060:c136]
2019-07-13 08:32:12,763 DEBUG block.SCMBlockDeletingService (SCMBlockDeletingService.java:call(138)) - Running DeletedBlockTransactionScanner
2019-07-13 08:32:12,763 DEBUG block.SCMBlockDeletingService (SCMBlockDeletingService.java:call(155)) - Scanned deleted blocks log and got 0 delTX to process.
2019-07-13 08:32:12,798 INFO  client.GrpcClientProtocolClient (GrpcClientProtocolClient.java:onNext(255)) - client-A5BCC62C3543->912a7d3b-e3f1-4985-b06b-5f0a929b8060: receive RaftClientReply:client-A5BCC62C3543->912a7d3b-e3f1-4985-b06b-5f0a929b8060@group-3636E5E7603C, cid=97, SUCCESS, logIndex=138, commits[912a7d3b-e3f1-4985-b06b-5f0a929b8060:c141]
2019-07-13 08:32:12,799 INFO  client.GrpcClientProtocolClient (GrpcClientProtocolClient.java:onNext(255)) - client-A5BCC62C3543->912a7d3b-e3f1-4985-b06b-5f0a929b8060: receive RaftClientReply:client-A5BCC62C3543->912a7d3b-e3f1-4985-b06b-5f0a929b8060@group-3636E5E7603C, cid=98, SUCCESS, logIndex=139, commits[912a7d3b-e3f1-4985-b06b-5f0a929b8060:c141]
2019-07-13 08:32:12,800 INFO  client.GrpcClientProtocolClient (GrpcClientProtocolClient.java:onNext(255)) - client-A5BCC62C3543->912a7d3b-e3f1-4985-b06b-5f0a929b8060: receive RaftClientReply:client-A5BCC62C3543->912a7d3b-e3f1-4985-b06b-5f0a929b8060@group-3636E5E7603C, cid=99, SUCCESS, logIndex=140, commits[912a7d3b-e3f1-4985-b06b-5f0a929b8060:c141]
2019-07-13 08:32:12,801 INFO  client.GrpcClientProtocolClient (GrpcClientProtocolClient.java:onNext(255)) - client-A5BCC62C3543->912a7d3b-e3f1-4985-b06b-5f0a929b8060: receive RaftClientReply:client-A5BCC62C3543->912a7d3b-e3f1-4985-b06b-5f0a929b8060@group-3636E5E7603C, cid=100, SUCCESS, logIndex=141, commits[912a7d3b-e3f1-4985-b06b-5f0a929b8060:c141]
2019-07-13 08:32:12,827 INFO  client.GrpcClientProtocolClient (GrpcClientProtocolClient.java:onNext(255)) - client-A5BCC62C3543->912a7d3b-e3f1-4985-b06b-5f0a929b8060: receive RaftClientReply:client-A5BCC62C3543->912a7d3b-e3f1-4985-b06b-5f0a929b8060@group-3636E5E7603C, cid=101, SUCCESS, logIndex=143, commits[912a7d3b-e3f1-4985-b06b-5f0a929b8060:c146]
2019-07-13 08:32:12,828 INFO  client.GrpcClientProtocolClient (GrpcClientProtocolClient.java:onNext(255)) - client-A5BCC62C3543->912a7d3b-e3f1-4985-b06b-5f0a929b8060: receive RaftClientReply:client-A5BCC62C3543->912a7d3b-e3f1-4985-b06b-5f0a929b8060@group-3636E5E7603C, cid=102, SUCCESS, logIndex=144, commits[912a7d3b-e3f1-4985-b06b-5f0a929b8060:c148]
2019-07-13 08:32:12,829 INFO  client.GrpcClientProtocolClient (GrpcClientProtocolClient.java:onNext(255)) - client-A5BCC62C3543->912a7d3b-e3f1-4985-b06b-5f0a929b8060: receive RaftClientReply:client-A5BCC62C3543->912a7d3b-e3f1-4985-b06b-5f0a929b8060@group-3636E5E7603C, cid=103, SUCCESS, logIndex=145, commits[912a7d3b-e3f1-4985-b06b-5f0a929b8060:c148]
2019-07-13 08:32:12,830 INFO  client.GrpcClientProtocolClient (GrpcClientProtocolClient.java:onNext(255)) - client-A5BCC62C3543->912a7d3b-e3f1-4985-b06b-5f0a929b8060: receive RaftClientReply:client-A5BCC62C3543->912a7d3b-e3f1-4985-b06b-5f0a929b8060@group-3636E5E7603C, cid=104, SUCCESS, logIndex=146, commits[912a7d3b-e3f1-4985-b06b-5f0a929b8060:c148]
2019-07-13 08:32:12,866 DEBUG block.SCMBlockDeletingService (SCMBlockDeletingService.java:call(138)) - Running DeletedBlockTransactionScanner
2019-07-13 08:32:12,866 DEBUG block.SCMBlockDeletingService (SCMBlockDeletingService.java:call(155)) - Scanned deleted blocks log and got 0 delTX to process.
2019-07-13 08:32:12,870 INFO  client.GrpcClientProtocolClient (GrpcClientProtocolClient.java:onNext(255)) - client-A5BCC62C3543->912a7d3b-e3f1-4985-b06b-5f0a929b8060: receive RaftClientReply:client-A5BCC62C3543->912a7d3b-e3f1-4985-b06b-5f0a929b8060@group-3636E5E7603C, cid=105, SUCCESS, logIndex=149, commits[912a7d3b-e3f1-4985-b06b-5f0a929b8060:c152]
2019-07-13 08:32:12,871 INFO  client.GrpcClientProtocolClient (GrpcClientProtocolClient.java:onNext(255)) - client-A5BCC62C3543->912a7d3b-e3f1-4985-b06b-5f0a929b8060: receive RaftClientReply:client-A5BCC62C3543->912a7d3b-e3f1-4985-b06b-5f0a929b8060@group-3636E5E7603C, cid=106, SUCCESS, logIndex=150, commits[912a7d3b-e3f1-4985-b06b-5f0a929b8060:c152]
2019-07-13 08:32:12,872 INFO  client.GrpcClientProtocolClient (GrpcClientProtocolClient.java:onNext(255)) - client-A5BCC62C3543->912a7d3b-e3f1-4985-b06b-5f0a929b8060: receive RaftClientReply:client-A5BCC62C3543->912a7d3b-e3f1-4985-b06b-5f0a929b8060@group-3636E5E7603C, cid=107, SUCCESS, logIndex=151, commits[912a7d3b-e3f1-4985-b06b-5f0a929b8060:c152]
2019-07-13 08:32:12,872 INFO  client.GrpcClientProtocolClient (GrpcClientProtocolClient.java:onNext(255)) - client-A5BCC62C3543->912a7d3b-e3f1-4985-b06b-5f0a929b8060: receive RaftClientReply:client-A5BCC62C3543->912a7d3b-e3f1-4985-b06b-5f0a929b8060@group-3636E5E7603C, cid=108, SUCCESS, logIndex=152, commits[912a7d3b-e3f1-4985-b06b-5f0a929b8060:c152]
2019-07-13 08:32:12,899 INFO  client.GrpcClientProtocolClient (GrpcClientProtocolClient.java:onNext(255)) - client-A5BCC62C3543->912a7d3b-e3f1-4985-b06b-5f0a929b8060: receive RaftClientReply:client-A5BCC62C3543->912a7d3b-e3f1-4985-b06b-5f0a929b8060@group-3636E5E7603C, cid=109, SUCCESS, logIndex=154, commits[912a7d3b-e3f1-4985-b06b-5f0a929b8060:c155]
2019-07-13 08:32:12,900 INFO  client.GrpcClientProtocolClient (GrpcClientProtocolClient.java:onNext(255)) - client-A5BCC62C3543->912a7d3b-e3f1-4985-b06b-5f0a929b8060: receive RaftClientReply:client-A5BCC62C3543->912a7d3b-e3f1-4985-b06b-5f0a929b8060@group-3636E5E7603C, cid=110, SUCCESS, logIndex=155, commits[912a7d3b-e3f1-4985-b06b-5f0a929b8060:c158]
2019-07-13 08:32:12,901 INFO  client.GrpcClientProtocolClient (GrpcClientProtocolClient.java:onNext(255)) - client-A5BCC62C3543->912a7d3b-e3f1-4985-b06b-5f0a929b8060: receive RaftClientReply:client-A5BCC62C3543->912a7d3b-e3f1-4985-b06b-5f0a929b8060@group-3636E5E7603C, cid=111, SUCCESS, logIndex=156, commits[912a7d3b-e3f1-4985-b06b-5f0a929b8060:c159]
2019-07-13 08:32:12,902 INFO  client.GrpcClientProtocolClient (GrpcClientProtocolClient.java:onNext(255)) - client-A5BCC62C3543->912a7d3b-e3f1-4985-b06b-5f0a929b8060: receive RaftClientReply:client-A5BCC62C3543->912a7d3b-e3f1-4985-b06b-5f0a929b8060@group-3636E5E7603C, cid=112, SUCCESS, logIndex=157, commits[912a7d3b-e3f1-4985-b06b-5f0a929b8060:c159]
2019-07-13 08:32:12,940 INFO  client.GrpcClientProtocolClient (GrpcClientProtocolClient.java:onNext(255)) - client-A5BCC62C3543->912a7d3b-e3f1-4985-b06b-5f0a929b8060: receive RaftClientReply:client-A5BCC62C3543->912a7d3b-e3f1-4985-b06b-5f0a929b8060@group-3636E5E7603C, cid=113, SUCCESS, logIndex=160, commits[912a7d3b-e3f1-4985-b06b-5f0a929b8060:c163]
2019-07-13 08:32:12,941 INFO  client.GrpcClientProtocolClient (GrpcClientProtocolClient.java:onNext(255)) - client-A5BCC62C3543->912a7d3b-e3f1-4985-b06b-5f0a929b8060: receive RaftClientReply:client-A5BCC62C3543->912a7d3b-e3f1-4985-b06b-5f0a929b8060@group-3636E5E7603C, cid=114, SUCCESS, logIndex=161, commits[912a7d3b-e3f1-4985-b06b-5f0a929b8060:c163]
2019-07-13 08:32:12,942 INFO  client.GrpcClientProtocolClient (GrpcClientProtocolClient.java:onNext(255)) - client-A5BCC62C3543->912a7d3b-e3f1-4985-b06b-5f0a929b8060: receive RaftClientReply:client-A5BCC62C3543->912a7d3b-e3f1-4985-b06b-5f0a929b8060@group-3636E5E7603C, cid=115, SUCCESS, logIndex=162, commits[912a7d3b-e3f1-4985-b06b-5f0a929b8060:c163]
2019-07-13 08:32:12,943 INFO  client.GrpcClientProtocolClient (GrpcClientProtocolClient.java:onNext(255)) - client-A5BCC62C3543->912a7d3b-e3f1-4985-b06b-5f0a929b8060: receive RaftClientReply:client-A5BCC62C3543->912a7d3b-e3f1-4985-b06b-5f0a929b8060@group-3636E5E7603C, cid=116, SUCCESS, logIndex=163, commits[912a7d3b-e3f1-4985-b06b-5f0a929b8060:c163]
2019-07-13 08:32:12,967 DEBUG block.SCMBlockDeletingService (SCMBlockDeletingService.java:call(138)) - Running DeletedBlockTransactionScanner
2019-07-13 08:32:12,967 DEBUG block.SCMBlockDeletingService (SCMBlockDeletingService.java:call(155)) - Scanned deleted blocks log and got 0 delTX to process.
2019-07-13 08:32:12,974 INFO  client.GrpcClientProtocolClient (GrpcClientProtocolClient.java:onNext(255)) - client-A5BCC62C3543->912a7d3b-e3f1-4985-b06b-5f0a929b8060: receive RaftClientReply:client-A5BCC62C3543->912a7d3b-e3f1-4985-b06b-5f0a929b8060@group-3636E5E7603C, cid=117, SUCCESS, logIndex=165, commits[912a7d3b-e3f1-4985-b06b-5f0a929b8060:c168]
2019-07-13 08:32:12,975 INFO  client.GrpcClientProtocolClient (GrpcClientProtocolClient.java:onNext(255)) - client-A5BCC62C3543->912a7d3b-e3f1-4985-b06b-5f0a929b8060: receive RaftClientReply:client-A5BCC62C3543->912a7d3b-e3f1-4985-b06b-5f0a929b8060@group-3636E5E7603C, cid=118, SUCCESS, logIndex=166, commits[912a7d3b-e3f1-4985-b06b-5f0a929b8060:c168]
2019-07-13 08:32:12,976 INFO  client.GrpcClientProtocolClient (GrpcClientProtocolClient.java:onNext(255)) - client-A5BCC62C3543->912a7d3b-e3f1-4985-b06b-5f0a929b8060: receive RaftClientReply:client-A5BCC62C3543->912a7d3b-e3f1-4985-b06b-5f0a929b8060@group-3636E5E7603C, cid=119, SUCCESS, logIndex=167, commits[912a7d3b-e3f1-4985-b06b-5f0a929b8060:c168]
2019-07-13 08:32:12,976 INFO  client.GrpcClientProtocolClient (GrpcClientProtocolClient.java:onNext(255)) - client-A5BCC62C3543->912a7d3b-e3f1-4985-b06b-5f0a929b8060: receive RaftClientReply:client-A5BCC62C3543->912a7d3b-e3f1-4985-b06b-5f0a929b8060@group-3636E5E7603C, cid=120, SUCCESS, logIndex=168, commits[912a7d3b-e3f1-4985-b06b-5f0a929b8060:c168]
2019-07-13 08:32:13,010 INFO  client.GrpcClientProtocolClient (GrpcClientProtocolClient.java:onNext(255)) - client-A5BCC62C3543->912a7d3b-e3f1-4985-b06b-5f0a929b8060: receive RaftClientReply:client-A5BCC62C3543->912a7d3b-e3f1-4985-b06b-5f0a929b8060@group-3636E5E7603C, cid=121, SUCCESS, logIndex=170, commits[912a7d3b-e3f1-4985-b06b-5f0a929b8060:c171]
2019-07-13 08:32:13,011 INFO  client.GrpcClientProtocolClient (GrpcClientProtocolClient.java:onNext(255)) - client-A5BCC62C3543->912a7d3b-e3f1-4985-b06b-5f0a929b8060: receive RaftClientReply:client-A5BCC62C3543->912a7d3b-e3f1-4985-b06b-5f0a929b8060@group-3636E5E7603C, cid=122, SUCCESS, logIndex=171, commits[912a7d3b-e3f1-4985-b06b-5f0a929b8060:c174]
2019-07-13 08:32:13,012 INFO  client.GrpcClientProtocolClient (GrpcClientProtocolClient.java:onNext(255)) - client-A5BCC62C3543->912a7d3b-e3f1-4985-b06b-5f0a929b8060: receive RaftClientReply:client-A5BCC62C3543->912a7d3b-e3f1-4985-b06b-5f0a929b8060@group-3636E5E7603C, cid=123, SUCCESS, logIndex=172, commits[912a7d3b-e3f1-4985-b06b-5f0a929b8060:c175]
2019-07-13 08:32:13,012 INFO  client.GrpcClientProtocolClient (GrpcClientProtocolClient.java:onNext(255)) - client-A5BCC62C3543->912a7d3b-e3f1-4985-b06b-5f0a929b8060: receive RaftClientReply:client-A5BCC62C3543->912a7d3b-e3f1-4985-b06b-5f0a929b8060@group-3636E5E7603C, cid=124, SUCCESS, logIndex=173, commits[912a7d3b-e3f1-4985-b06b-5f0a929b8060:c175]
2019-07-13 08:32:13,037 INFO  client.GrpcClientProtocolClient (GrpcClientProtocolClient.java:onNext(255)) - client-A5BCC62C3543->912a7d3b-e3f1-4985-b06b-5f0a929b8060: receive RaftClientReply:client-A5BCC62C3543->912a7d3b-e3f1-4985-b06b-5f0a929b8060@group-3636E5E7603C, cid=125, SUCCESS, logIndex=176, commits[912a7d3b-e3f1-4985-b06b-5f0a929b8060:c179]
2019-07-13 08:32:13,037 INFO  client.GrpcClientProtocolClient (GrpcClientProtocolClient.java:onNext(255)) - client-A5BCC62C3543->912a7d3b-e3f1-4985-b06b-5f0a929b8060: receive RaftClientReply:client-A5BCC62C3543->912a7d3b-e3f1-4985-b06b-5f0a929b8060@group-3636E5E7603C, cid=126, SUCCESS, logIndex=177, commits[912a7d3b-e3f1-4985-b06b-5f0a929b8060:c180]
2019-07-13 08:32:13,038 INFO  client.GrpcClientProtocolClient (GrpcClientProtocolClient.java:onNext(255)) - client-A5BCC62C3543->912a7d3b-e3f1-4985-b06b-5f0a929b8060: receive RaftClientReply:client-A5BCC62C3543->912a7d3b-e3f1-4985-b06b-5f0a929b8060@group-3636E5E7603C, cid=127, SUCCESS, logIndex=178, commits[912a7d3b-e3f1-4985-b06b-5f0a929b8060:c181]
2019-07-13 08:32:13,038 INFO  client.GrpcClientProtocolClient (GrpcClientProtocolClient.java:onNext(255)) - client-A5BCC62C3543->912a7d3b-e3f1-4985-b06b-5f0a929b8060: receive RaftClientReply:client-A5BCC62C3543->912a7d3b-e3f1-4985-b06b-5f0a929b8060@group-3636E5E7603C, cid=128, SUCCESS, logIndex=179, commits[912a7d3b-e3f1-4985-b06b-5f0a929b8060:c181]
2019-07-13 08:32:13,067 DEBUG block.SCMBlockDeletingService (SCMBlockDeletingService.java:call(138)) - Running DeletedBlockTransactionScanner
2019-07-13 08:32:13,068 DEBUG block.SCMBlockDeletingService (SCMBlockDeletingService.java:call(155)) - Scanned deleted blocks log and got 0 delTX to process.
2019-07-13 08:32:13,075 INFO  client.GrpcClientProtocolClient (GrpcClientProtocolClient.java:onNext(255)) - client-A5BCC62C3543->912a7d3b-e3f1-4985-b06b-5f0a929b8060: receive RaftClientReply:client-A5BCC62C3543->912a7d3b-e3f1-4985-b06b-5f0a929b8060@group-3636E5E7603C, cid=129, SUCCESS, logIndex=182, commits[912a7d3b-e3f1-4985-b06b-5f0a929b8060:c185]
2019-07-13 08:32:13,076 INFO  client.GrpcClientProtocolClient (GrpcClientProtocolClient.java:onNext(255)) - client-A5BCC62C3543->912a7d3b-e3f1-4985-b06b-5f0a929b8060: receive RaftClientReply:client-A5BCC62C3543->912a7d3b-e3f1-4985-b06b-5f0a929b8060@group-3636E5E7603C, cid=130, SUCCESS, logIndex=183, commits[912a7d3b-e3f1-4985-b06b-5f0a929b8060:c185]
2019-07-13 08:32:13,077 INFO  client.GrpcClientProtocolClient (GrpcClientProtocolClient.java:onNext(255)) - client-A5BCC62C3543->912a7d3b-e3f1-4985-b06b-5f0a929b8060: receive RaftClientReply:client-A5BCC62C3543->912a7d3b-e3f1-4985-b06b-5f0a929b8060@group-3636E5E7603C, cid=131, SUCCESS, logIndex=184, commits[912a7d3b-e3f1-4985-b06b-5f0a929b8060:c185]
2019-07-13 08:32:13,077 INFO  client.GrpcClientProtocolClient (GrpcClientProtocolClient.java:onNext(255)) - client-A5BCC62C3543->912a7d3b-e3f1-4985-b06b-5f0a929b8060: receive RaftClientReply:client-A5BCC62C3543->912a7d3b-e3f1-4985-b06b-5f0a929b8060@group-3636E5E7603C, cid=132, SUCCESS, logIndex=185, commits[912a7d3b-e3f1-4985-b06b-5f0a929b8060:c185]
2019-07-13 08:32:13,168 DEBUG block.SCMBlockDeletingService (SCMBlockDeletingService.java:call(138)) - Running DeletedBlockTransactionScanner
2019-07-13 08:32:13,169 DEBUG block.SCMBlockDeletingService (SCMBlockDeletingService.java:call(155)) - Scanned deleted blocks log and got 0 delTX to process.
2019-07-13 08:32:13,224 INFO  client.GrpcClientProtocolClient (GrpcClientProtocolClient.java:onNext(255)) - client-A5BCC62C3543->912a7d3b-e3f1-4985-b06b-5f0a929b8060: receive RaftClientReply:client-A5BCC62C3543->912a7d3b-e3f1-4985-b06b-5f0a929b8060@group-3636E5E7603C, cid=133, SUCCESS, logIndex=187, commits[912a7d3b-e3f1-4985-b06b-5f0a929b8060:c190]
2019-07-13 08:32:13,225 INFO  client.GrpcClientProtocolClient (GrpcClientProtocolClient.java:onNext(255)) - client-A5BCC62C3543->912a7d3b-e3f1-4985-b06b-5f0a929b8060: receive RaftClientReply:client-A5BCC62C3543->912a7d3b-e3f1-4985-b06b-5f0a929b8060@group-3636E5E7603C, cid=134, SUCCESS, logIndex=188, commits[912a7d3b-e3f1-4985-b06b-5f0a929b8060:c192]
2019-07-13 08:32:13,226 INFO  client.GrpcClientProtocolClient (GrpcClientProtocolClient.java:onNext(255)) - client-A5BCC62C3543->912a7d3b-e3f1-4985-b06b-5f0a929b8060: receive RaftClientReply:client-A5BCC62C3543->912a7d3b-e3f1-4985-b06b-5f0a929b8060@group-3636E5E7603C, cid=135, SUCCESS, logIndex=189, commits[912a7d3b-e3f1-4985-b06b-5f0a929b8060:c192]
2019-07-13 08:32:13,226 INFO  client.GrpcClientProtocolClient (GrpcClientProtocolClient.java:onNext(255)) - client-A5BCC62C3543->912a7d3b-e3f1-4985-b06b-5f0a929b8060: receive RaftClientReply:client-A5BCC62C3543->912a7d3b-e3f1-4985-b06b-5f0a929b8060@group-3636E5E7603C, cid=136, SUCCESS, logIndex=190, commits[912a7d3b-e3f1-4985-b06b-5f0a929b8060:c192]
2019-07-13 08:32:13,262 INFO  client.GrpcClientProtocolClient (GrpcClientProtocolClient.java:onNext(255)) - client-A5BCC62C3543->912a7d3b-e3f1-4985-b06b-5f0a929b8060: receive RaftClientReply:client-A5BCC62C3543->912a7d3b-e3f1-4985-b06b-5f0a929b8060@group-3636E5E7603C, cid=137, SUCCESS, logIndex=193, commits[912a7d3b-e3f1-4985-b06b-5f0a929b8060:c196]
2019-07-13 08:32:13,263 INFO  client.GrpcClientProtocolClient (GrpcClientProtocolClient.java:onNext(255)) - client-A5BCC62C3543->912a7d3b-e3f1-4985-b06b-5f0a929b8060: receive RaftClientReply:client-A5BCC62C3543->912a7d3b-e3f1-4985-b06b-5f0a929b8060@group-3636E5E7603C, cid=138, SUCCESS, logIndex=194, commits[912a7d3b-e3f1-4985-b06b-5f0a929b8060:c197]
2019-07-13 08:32:13,263 INFO  client.GrpcClientProtocolClient (GrpcClientProtocolClient.java:onNext(255)) - client-A5BCC62C3543->912a7d3b-e3f1-4985-b06b-5f0a929b8060: receive RaftClientReply:client-A5BCC62C3543->912a7d3b-e3f1-4985-b06b-5f0a929b8060@group-3636E5E7603C, cid=139, SUCCESS, logIndex=195, commits[912a7d3b-e3f1-4985-b06b-5f0a929b8060:c198]
2019-07-13 08:32:13,264 INFO  client.GrpcClientProtocolClient (GrpcClientProtocolClient.java:onNext(255)) - client-A5BCC62C3543->912a7d3b-e3f1-4985-b06b-5f0a929b8060: receive RaftClientReply:client-A5BCC62C3543->912a7d3b-e3f1-4985-b06b-5f0a929b8060@group-3636E5E7603C, cid=140, SUCCESS, logIndex=196, commits[912a7d3b-e3f1-4985-b06b-5f0a929b8060:c198]
2019-07-13 08:32:13,269 DEBUG block.SCMBlockDeletingService (SCMBlockDeletingService.java:call(138)) - Running DeletedBlockTransactionScanner
2019-07-13 08:32:13,269 DEBUG block.SCMBlockDeletingService (SCMBlockDeletingService.java:call(155)) - Scanned deleted blocks log and got 0 delTX to process.
2019-07-13 08:32:13,286 INFO  client.GrpcClientProtocolClient (GrpcClientProtocolClient.java:onNext(255)) - client-A5BCC62C3543->912a7d3b-e3f1-4985-b06b-5f0a929b8060: receive RaftClientReply:client-A5BCC62C3543->912a7d3b-e3f1-4985-b06b-5f0a929b8060@group-3636E5E7603C, cid=141, SUCCESS, logIndex=199, commits[912a7d3b-e3f1-4985-b06b-5f0a929b8060:c202]
2019-07-13 08:32:13,287 INFO  client.GrpcClientProtocolClient (GrpcClientProtocolClient.java:onNext(255)) - client-A5BCC62C3543->912a7d3b-e3f1-4985-b06b-5f0a929b8060: receive RaftClientReply:client-A5BCC62C3543->912a7d3b-e3f1-4985-b06b-5f0a929b8060@group-3636E5E7603C, cid=142, SUCCESS, logIndex=200, commits[912a7d3b-e3f1-4985-b06b-5f0a929b8060:c203]
2019-07-13 08:32:13,288 INFO  client.GrpcClientProtocolClient (GrpcClientProtocolClient.java:onNext(255)) - client-A5BCC62C3543->912a7d3b-e3f1-4985-b06b-5f0a929b8060: receive RaftClientReply:client-A5BCC62C3543->912a7d3b-e3f1-4985-b06b-5f0a929b8060@group-3636E5E7603C, cid=143, SUCCESS, logIndex=201, commits[912a7d3b-e3f1-4985-b06b-5f0a929b8060:c204]
2019-07-13 08:32:13,289 INFO  client.GrpcClientProtocolClient (GrpcClientProtocolClient.java:onNext(255)) - client-A5BCC62C3543->912a7d3b-e3f1-4985-b06b-5f0a929b8060: receive RaftClientReply:client-A5BCC62C3543->912a7d3b-e3f1-4985-b06b-5f0a929b8060@group-3636E5E7603C, cid=144, SUCCESS, logIndex=202, commits[912a7d3b-e3f1-4985-b06b-5f0a929b8060:c204]
2019-07-13 08:32:13,322 INFO  client.GrpcClientProtocolClient (GrpcClientProtocolClient.java:onNext(255)) - client-A5BCC62C3543->912a7d3b-e3f1-4985-b06b-5f0a929b8060: receive RaftClientReply:client-A5BCC62C3543->912a7d3b-e3f1-4985-b06b-5f0a929b8060@group-3636E5E7603C, cid=145, SUCCESS, logIndex=205, commits[912a7d3b-e3f1-4985-b06b-5f0a929b8060:c208]
2019-07-13 08:32:13,323 INFO  client.GrpcClientProtocolClient (GrpcClientProtocolClient.java:onNext(255)) - client-A5BCC62C3543->912a7d3b-e3f1-4985-b06b-5f0a929b8060: receive RaftClientReply:client-A5BCC62C3543->912a7d3b-e3f1-4985-b06b-5f0a929b8060@group-3636E5E7603C, cid=146, SUCCESS, logIndex=206, commits[912a7d3b-e3f1-4985-b06b-5f0a929b8060:c209]
2019-07-13 08:32:13,324 INFO  client.GrpcClientProtocolClient (GrpcClientProtocolClient.java:onNext(255)) - client-A5BCC62C3543->912a7d3b-e3f1-4985-b06b-5f0a929b8060: receive RaftClientReply:client-A5BCC62C3543->912a7d3b-e3f1-4985-b06b-5f0a929b8060@group-3636E5E7603C, cid=147, SUCCESS, logIndex=207, commits[912a7d3b-e3f1-4985-b06b-5f0a929b8060:c210]
2019-07-13 08:32:13,324 INFO  client.GrpcClientProtocolClient (GrpcClientProtocolClient.java:onNext(255)) - client-A5BCC62C3543->912a7d3b-e3f1-4985-b06b-5f0a929b8060: receive RaftClientReply:client-A5BCC62C3543->912a7d3b-e3f1-4985-b06b-5f0a929b8060@group-3636E5E7603C, cid=148, SUCCESS, logIndex=208, commits[912a7d3b-e3f1-4985-b06b-5f0a929b8060:c210]
2019-07-13 08:32:13,347 INFO  client.GrpcClientProtocolClient (GrpcClientProtocolClient.java:onNext(255)) - client-A5BCC62C3543->912a7d3b-e3f1-4985-b06b-5f0a929b8060: receive RaftClientReply:client-A5BCC62C3543->912a7d3b-e3f1-4985-b06b-5f0a929b8060@group-3636E5E7603C, cid=149, SUCCESS, logIndex=211, commits[912a7d3b-e3f1-4985-b06b-5f0a929b8060:c212]
2019-07-13 08:32:13,348 INFO  client.GrpcClientProtocolClient (GrpcClientProtocolClient.java:onNext(255)) - client-A5BCC62C3543->912a7d3b-e3f1-4985-b06b-5f0a929b8060: receive RaftClientReply:client-A5BCC62C3543->912a7d3b-e3f1-4985-b06b-5f0a929b8060@group-3636E5E7603C, cid=150, SUCCESS, logIndex=212, commits[912a7d3b-e3f1-4985-b06b-5f0a929b8060:c215]
2019-07-13 08:32:13,349 INFO  client.GrpcClientProtocolClient (GrpcClientProtocolClient.java:onNext(255)) - client-A5BCC62C3543->912a7d3b-e3f1-4985-b06b-5f0a929b8060: receive RaftClientReply:client-A5BCC62C3543->912a7d3b-e3f1-4985-b06b-5f0a929b8060@group-3636E5E7603C, cid=151, SUCCESS, logIndex=213, commits[912a7d3b-e3f1-4985-b06b-5f0a929b8060:c215]
2019-07-13 08:32:13,349 INFO  client.GrpcClientProtocolClient (GrpcClientProtocolClient.java:onNext(255)) - client-A5BCC62C3543->912a7d3b-e3f1-4985-b06b-5f0a929b8060: receive RaftClientReply:client-A5BCC62C3543->912a7d3b-e3f1-4985-b06b-5f0a929b8060@group-3636E5E7603C, cid=152, SUCCESS, logIndex=214, commits[912a7d3b-e3f1-4985-b06b-5f0a929b8060:c216]
2019-07-13 08:32:13,370 DEBUG block.SCMBlockDeletingService (SCMBlockDeletingService.java:call(138)) - Running DeletedBlockTransactionScanner
2019-07-13 08:32:13,370 DEBUG block.SCMBlockDeletingService (SCMBlockDeletingService.java:call(155)) - Scanned deleted blocks log and got 0 delTX to process.
2019-07-13 08:32:13,381 INFO  client.GrpcClientProtocolClient (GrpcClientProtocolClient.java:onNext(255)) - client-A5BCC62C3543->912a7d3b-e3f1-4985-b06b-5f0a929b8060: receive RaftClientReply:client-A5BCC62C3543->912a7d3b-e3f1-4985-b06b-5f0a929b8060@group-3636E5E7603C, cid=153, SUCCESS, logIndex=217, commits[912a7d3b-e3f1-4985-b06b-5f0a929b8060:c218]
2019-07-13 08:32:13,382 INFO  client.GrpcClientProtocolClient (GrpcClientProtocolClient.java:onNext(255)) - client-A5BCC62C3543->912a7d3b-e3f1-4985-b06b-5f0a929b8060: receive RaftClientReply:client-A5BCC62C3543->912a7d3b-e3f1-4985-b06b-5f0a929b8060@group-3636E5E7603C, cid=154, SUCCESS, logIndex=218, commits[912a7d3b-e3f1-4985-b06b-5f0a929b8060:c222]
2019-07-13 08:32:13,383 INFO  client.GrpcClientProtocolClient (GrpcClientProtocolClient.java:onNext(255)) - client-A5BCC62C3543->912a7d3b-e3f1-4985-b06b-5f0a929b8060: receive RaftClientReply:client-A5BCC62C3543->912a7d3b-e3f1-4985-b06b-5f0a929b8060@group-3636E5E7603C, cid=155, SUCCESS, logIndex=219, commits[912a7d3b-e3f1-4985-b06b-5f0a929b8060:c222]
2019-07-13 08:32:13,384 INFO  client.GrpcClientProtocolClient (GrpcClientProtocolClient.java:onNext(255)) - client-A5BCC62C3543->912a7d3b-e3f1-4985-b06b-5f0a929b8060: receive RaftClientReply:client-A5BCC62C3543->912a7d3b-e3f1-4985-b06b-5f0a929b8060@group-3636E5E7603C, cid=156, SUCCESS, logIndex=220, commits[912a7d3b-e3f1-4985-b06b-5f0a929b8060:c222]
2019-07-13 08:32:13,407 INFO  client.GrpcClientProtocolClient (GrpcClientProtocolClient.java:onNext(255)) - client-A5BCC62C3543->912a7d3b-e3f1-4985-b06b-5f0a929b8060: receive RaftClientReply:client-A5BCC62C3543->912a7d3b-e3f1-4985-b06b-5f0a929b8060@group-3636E5E7603C, cid=157, SUCCESS, logIndex=223, commits[912a7d3b-e3f1-4985-b06b-5f0a929b8060:c224]
2019-07-13 08:32:13,408 INFO  client.GrpcClientProtocolClient (GrpcClientProtocolClient.java:onNext(255)) - client-A5BCC62C3543->912a7d3b-e3f1-4985-b06b-5f0a929b8060: receive RaftClientReply:client-A5BCC62C3543->912a7d3b-e3f1-4985-b06b-5f0a929b8060@group-3636E5E7603C, cid=158, SUCCESS, logIndex=224, commits[912a7d3b-e3f1-4985-b06b-5f0a929b8060:c227]
2019-07-13 08:32:13,408 INFO  client.GrpcClientProtocolClient (GrpcClientProtocolClient.java:onNext(255)) - client-A5BCC62C3543->912a7d3b-e3f1-4985-b06b-5f0a929b8060: receive RaftClientReply:client-A5BCC62C3543->912a7d3b-e3f1-4985-b06b-5f0a929b8060@group-3636E5E7603C, cid=159, SUCCESS, logIndex=225, commits[912a7d3b-e3f1-4985-b06b-5f0a929b8060:c228]
2019-07-13 08:32:13,409 INFO  client.GrpcClientProtocolClient (GrpcClientProtocolClient.java:onNext(255)) - client-A5BCC62C3543->912a7d3b-e3f1-4985-b06b-5f0a929b8060: receive RaftClientReply:client-A5BCC62C3543->912a7d3b-e3f1-4985-b06b-5f0a929b8060@group-3636E5E7603C, cid=160, SUCCESS, logIndex=226, commits[912a7d3b-e3f1-4985-b06b-5f0a929b8060:c228]
2019-07-13 08:32:13,438 INFO  client.GrpcClientProtocolClient (GrpcClientProtocolClient.java:onNext(255)) - client-A5BCC62C3543->912a7d3b-e3f1-4985-b06b-5f0a929b8060: receive RaftClientReply:client-A5BCC62C3543->912a7d3b-e3f1-4985-b06b-5f0a929b8060@group-3636E5E7603C, cid=161, SUCCESS, logIndex=229, commits[912a7d3b-e3f1-4985-b06b-5f0a929b8060:c230]
2019-07-13 08:32:13,439 INFO  client.GrpcClientProtocolClient (GrpcClientProtocolClient.java:onNext(255)) - client-A5BCC62C3543->912a7d3b-e3f1-4985-b06b-5f0a929b8060: receive RaftClientReply:client-A5BCC62C3543->912a7d3b-e3f1-4985-b06b-5f0a929b8060@group-3636E5E7603C, cid=162, SUCCESS, logIndex=230, commits[912a7d3b-e3f1-4985-b06b-5f0a929b8060:c232]
2019-07-13 08:32:13,439 INFO  client.GrpcClientProtocolClient (GrpcClientProtocolClient.java:onNext(255)) - client-A5BCC62C3543->912a7d3b-e3f1-4985-b06b-5f0a929b8060: receive RaftClientReply:client-A5BCC62C3543->912a7d3b-e3f1-4985-b06b-5f0a929b8060@group-3636E5E7603C, cid=163, SUCCESS, logIndex=231, commits[912a7d3b-e3f1-4985-b06b-5f0a929b8060:c233]
2019-07-13 08:32:13,440 INFO  client.GrpcClientProtocolClient (GrpcClientProtocolClient.java:onNext(255)) - client-A5BCC62C3543->912a7d3b-e3f1-4985-b06b-5f0a929b8060: receive RaftClientReply:client-A5BCC62C3543->912a7d3b-e3f1-4985-b06b-5f0a929b8060@group-3636E5E7603C, cid=164, SUCCESS, logIndex=232, commits[912a7d3b-e3f1-4985-b06b-5f0a929b8060:c234]
2019-07-13 08:32:13,463 INFO  client.GrpcClientProtocolClient (GrpcClientProtocolClient.java:onNext(255)) - client-A5BCC62C3543->912a7d3b-e3f1-4985-b06b-5f0a929b8060: receive RaftClientReply:client-A5BCC62C3543->912a7d3b-e3f1-4985-b06b-5f0a929b8060@group-3636E5E7603C, cid=165, SUCCESS, logIndex=235, commits[912a7d3b-e3f1-4985-b06b-5f0a929b8060:c238]
2019-07-13 08:32:13,464 INFO  client.GrpcClientProtocolClient (GrpcClientProtocolClient.java:onNext(255)) - client-A5BCC62C3543->912a7d3b-e3f1-4985-b06b-5f0a929b8060: receive RaftClientReply:client-A5BCC62C3543->912a7d3b-e3f1-4985-b06b-5f0a929b8060@group-3636E5E7603C, cid=166, SUCCESS, logIndex=236, commits[912a7d3b-e3f1-4985-b06b-5f0a929b8060:c239]
2019-07-13 08:32:13,465 INFO  client.GrpcClientProtocolClient (GrpcClientProtocolClient.java:onNext(255)) - client-A5BCC62C3543->912a7d3b-e3f1-4985-b06b-5f0a929b8060: receive RaftClientReply:client-A5BCC62C3543->912a7d3b-e3f1-4985-b06b-5f0a929b8060@group-3636E5E7603C, cid=167, SUCCESS, logIndex=237, commits[912a7d3b-e3f1-4985-b06b-5f0a929b8060:c240]
2019-07-13 08:32:13,466 INFO  client.GrpcClientProtocolClient (GrpcClientProtocolClient.java:onNext(255)) - client-A5BCC62C3543->912a7d3b-e3f1-4985-b06b-5f0a929b8060: receive RaftClientReply:client-A5BCC62C3543->912a7d3b-e3f1-4985-b06b-5f0a929b8060@group-3636E5E7603C, cid=168, SUCCESS, logIndex=238, commits[912a7d3b-e3f1-4985-b06b-5f0a929b8060:c240]
2019-07-13 08:32:13,471 DEBUG block.SCMBlockDeletingService (SCMBlockDeletingService.java:call(138)) - Running DeletedBlockTransactionScanner
2019-07-13 08:32:13,471 DEBUG block.SCMBlockDeletingService (SCMBlockDeletingService.java:call(155)) - Scanned deleted blocks log and got 0 delTX to process.
2019-07-13 08:32:13,488 INFO  client.GrpcClientProtocolClient (GrpcClientProtocolClient.java:onNext(255)) - client-A5BCC62C3543->912a7d3b-e3f1-4985-b06b-5f0a929b8060: receive RaftClientReply:client-A5BCC62C3543->912a7d3b-e3f1-4985-b06b-5f0a929b8060@group-3636E5E7603C, cid=169, SUCCESS, logIndex=241, commits[912a7d3b-e3f1-4985-b06b-5f0a929b8060:c242]
2019-07-13 08:32:13,489 INFO  client.GrpcClientProtocolClient (GrpcClientProtocolClient.java:onNext(255)) - client-A5BCC62C3543->912a7d3b-e3f1-4985-b06b-5f0a929b8060: receive RaftClientReply:client-A5BCC62C3543->912a7d3b-e3f1-4985-b06b-5f0a929b8060@group-3636E5E7603C, cid=170, SUCCESS, logIndex=242, commits[912a7d3b-e3f1-4985-b06b-5f0a929b8060:c244]
2019-07-13 08:32:13,490 INFO  client.GrpcClientProtocolClient (GrpcClientProtocolClient.java:onNext(255)) - client-A5BCC62C3543->912a7d3b-e3f1-4985-b06b-5f0a929b8060: receive RaftClientReply:client-A5BCC62C3543->912a7d3b-e3f1-4985-b06b-5f0a929b8060@group-3636E5E7603C, cid=171, SUCCESS, logIndex=243, commits[912a7d3b-e3f1-4985-b06b-5f0a929b8060:c244]
2019-07-13 08:32:13,490 INFO  client.GrpcClientProtocolClient (GrpcClientProtocolClient.java:onNext(255)) - client-A5BCC62C3543->912a7d3b-e3f1-4985-b06b-5f0a929b8060: receive RaftClientReply:client-A5BCC62C3543->912a7d3b-e3f1-4985-b06b-5f0a929b8060@group-3636E5E7603C, cid=172, SUCCESS, logIndex=244, commits[912a7d3b-e3f1-4985-b06b-5f0a929b8060:c244]
2019-07-13 08:32:13,532 INFO  client.GrpcClientProtocolClient (GrpcClientProtocolClient.java:onNext(255)) - client-A5BCC62C3543->912a7d3b-e3f1-4985-b06b-5f0a929b8060: receive RaftClientReply:client-A5BCC62C3543->912a7d3b-e3f1-4985-b06b-5f0a929b8060@group-3636E5E7603C, cid=173, SUCCESS, logIndex=247, commits[912a7d3b-e3f1-4985-b06b-5f0a929b8060:c250]
2019-07-13 08:32:13,532 INFO  client.GrpcClientProtocolClient (GrpcClientProtocolClient.java:onNext(255)) - client-A5BCC62C3543->912a7d3b-e3f1-4985-b06b-5f0a929b8060: receive RaftClientReply:client-A5BCC62C3543->912a7d3b-e3f1-4985-b06b-5f0a929b8060@group-3636E5E7603C, cid=174, SUCCESS, logIndex=248, commits[912a7d3b-e3f1-4985-b06b-5f0a929b8060:c250]
2019-07-13 08:32:13,533 INFO  client.GrpcClientProtocolClient (GrpcClientProtocolClient.java:onNext(255)) - client-A5BCC62C3543->912a7d3b-e3f1-4985-b06b-5f0a929b8060: receive RaftClientReply:client-A5BCC62C3543->912a7d3b-e3f1-4985-b06b-5f0a929b8060@group-3636E5E7603C, cid=175, SUCCESS, logIndex=249, commits[912a7d3b-e3f1-4985-b06b-5f0a929b8060:c250]
2019-07-13 08:32:13,534 INFO  client.GrpcClientProtocolClient (GrpcClientProtocolClient.java:onNext(255)) - client-A5BCC62C3543->912a7d3b-e3f1-4985-b06b-5f0a929b8060: receive RaftClientReply:client-A5BCC62C3543->912a7d3b-e3f1-4985-b06b-5f0a929b8060@group-3636E5E7603C, cid=176, SUCCESS, logIndex=250, commits[912a7d3b-e3f1-4985-b06b-5f0a929b8060:c250]
2019-07-13 08:32:13,571 DEBUG block.SCMBlockDeletingService (SCMBlockDeletingService.java:call(138)) - Running DeletedBlockTransactionScanner
2019-07-13 08:32:13,572 DEBUG block.SCMBlockDeletingService (SCMBlockDeletingService.java:call(155)) - Scanned deleted blocks log and got 0 delTX to process.
2019-07-13 08:32:13,652 INFO  client.GrpcClientProtocolClient (GrpcClientProtocolClient.java:onNext(255)) - client-A5BCC62C3543->912a7d3b-e3f1-4985-b06b-5f0a929b8060: receive RaftClientReply:client-A5BCC62C3543->912a7d3b-e3f1-4985-b06b-5f0a929b8060@group-3636E5E7603C, cid=177, SUCCESS, logIndex=252, commits[912a7d3b-e3f1-4985-b06b-5f0a929b8060:c255]
2019-07-13 08:32:13,653 INFO  client.GrpcClientProtocolClient (GrpcClientProtocolClient.java:onNext(255)) - client-A5BCC62C3543->912a7d3b-e3f1-4985-b06b-5f0a929b8060: receive RaftClientReply:client-A5BCC62C3543->912a7d3b-e3f1-4985-b06b-5f0a929b8060@group-3636E5E7603C, cid=178, SUCCESS, logIndex=253, commits[912a7d3b-e3f1-4985-b06b-5f0a929b8060:c256]
2019-07-13 08:32:13,654 INFO  client.GrpcClientProtocolClient (GrpcClientProtocolClient.java:onNext(255)) - client-A5BCC62C3543->912a7d3b-e3f1-4985-b06b-5f0a929b8060: receive RaftClientReply:client-A5BCC62C3543->912a7d3b-e3f1-4985-b06b-5f0a929b8060@group-3636E5E7603C, cid=179, SUCCESS, logIndex=254, commits[912a7d3b-e3f1-4985-b06b-5f0a929b8060:c256]
2019-07-13 08:32:13,654 INFO  client.GrpcClientProtocolClient (GrpcClientProtocolClient.java:onNext(255)) - client-A5BCC62C3543->912a7d3b-e3f1-4985-b06b-5f0a929b8060: receive RaftClientReply:client-A5BCC62C3543->912a7d3b-e3f1-4985-b06b-5f0a929b8060@group-3636E5E7603C, cid=180, SUCCESS, logIndex=255, commits[912a7d3b-e3f1-4985-b06b-5f0a929b8060:c257]
2019-07-13 08:32:13,672 DEBUG block.SCMBlockDeletingService (SCMBlockDeletingService.java:call(138)) - Running DeletedBlockTransactionScanner
2019-07-13 08:32:13,672 DEBUG block.SCMBlockDeletingService (SCMBlockDeletingService.java:call(155)) - Scanned deleted blocks log and got 0 delTX to process.
2019-07-13 08:32:13,678 INFO  client.GrpcClientProtocolClient (GrpcClientProtocolClient.java:onNext(255)) - client-A5BCC62C3543->912a7d3b-e3f1-4985-b06b-5f0a929b8060: receive RaftClientReply:client-A5BCC62C3543->912a7d3b-e3f1-4985-b06b-5f0a929b8060@group-3636E5E7603C, cid=181, SUCCESS, logIndex=258, commits[912a7d3b-e3f1-4985-b06b-5f0a929b8060:c259]
2019-07-13 08:32:13,678 INFO  client.GrpcClientProtocolClient (GrpcClientProtocolClient.java:onNext(255)) - client-A5BCC62C3543->912a7d3b-e3f1-4985-b06b-5f0a929b8060: receive RaftClientReply:client-A5BCC62C3543->912a7d3b-e3f1-4985-b06b-5f0a929b8060@group-3636E5E7603C, cid=182, SUCCESS, logIndex=259, commits[912a7d3b-e3f1-4985-b06b-5f0a929b8060:c262]
2019-07-13 08:32:13,679 INFO  client.GrpcClientProtocolClient (GrpcClientProtocolClient.java:onNext(255)) - client-A5BCC62C3543->912a7d3b-e3f1-4985-b06b-5f0a929b8060: receive RaftClientReply:client-A5BCC62C3543->912a7d3b-e3f1-4985-b06b-5f0a929b8060@group-3636E5E7603C, cid=183, SUCCESS, logIndex=260, commits[912a7d3b-e3f1-4985-b06b-5f0a929b8060:c263]
2019-07-13 08:32:13,679 INFO  client.GrpcClientProtocolClient (GrpcClientProtocolClient.java:onNext(255)) - client-A5BCC62C3543->912a7d3b-e3f1-4985-b06b-5f0a929b8060: receive RaftClientReply:client-A5BCC62C3543->912a7d3b-e3f1-4985-b06b-5f0a929b8060@group-3636E5E7603C, cid=184, SUCCESS, logIndex=261, commits[912a7d3b-e3f1-4985-b06b-5f0a929b8060:c263]
2019-07-13 08:32:13,710 INFO  client.GrpcClientProtocolClient (GrpcClientProtocolClient.java:onNext(255)) - client-A5BCC62C3543->912a7d3b-e3f1-4985-b06b-5f0a929b8060: receive RaftClientReply:client-A5BCC62C3543->912a7d3b-e3f1-4985-b06b-5f0a929b8060@group-3636E5E7603C, cid=185, SUCCESS, logIndex=264, commits[912a7d3b-e3f1-4985-b06b-5f0a929b8060:c267]
2019-07-13 08:32:13,711 INFO  client.GrpcClientProtocolClient (GrpcClientProtocolClient.java:onNext(255)) - client-A5BCC62C3543->912a7d3b-e3f1-4985-b06b-5f0a929b8060: receive RaftClientReply:client-A5BCC62C3543->912a7d3b-e3f1-4985-b06b-5f0a929b8060@group-3636E5E7603C, cid=186, SUCCESS, logIndex=265, commits[912a7d3b-e3f1-4985-b06b-5f0a929b8060:c268]
2019-07-13 08:32:13,712 INFO  client.GrpcClientProtocolClient (GrpcClientProtocolClient.java:onNext(255)) - client-A5BCC62C3543->912a7d3b-e3f1-4985-b06b-5f0a929b8060: receive RaftClientReply:client-A5BCC62C3543->912a7d3b-e3f1-4985-b06b-5f0a929b8060@group-3636E5E7603C, cid=187, SUCCESS, logIndex=266, commits[912a7d3b-e3f1-4985-b06b-5f0a929b8060:c269]
2019-07-13 08:32:13,712 INFO  client.GrpcClientProtocolClient (GrpcClientProtocolClient.java:onNext(255)) - client-A5BCC62C3543->912a7d3b-e3f1-4985-b06b-5f0a929b8060: receive RaftClientReply:client-A5BCC62C3543->912a7d3b-e3f1-4985-b06b-5f0a929b8060@group-3636E5E7603C, cid=188, SUCCESS, logIndex=267, commits[912a7d3b-e3f1-4985-b06b-5f0a929b8060:c269]
2019-07-13 08:32:13,736 INFO  client.GrpcClientProtocolClient (GrpcClientProtocolClient.java:onNext(255)) - client-A5BCC62C3543->912a7d3b-e3f1-4985-b06b-5f0a929b8060: receive RaftClientReply:client-A5BCC62C3543->912a7d3b-e3f1-4985-b06b-5f0a929b8060@group-3636E5E7603C, cid=189, SUCCESS, logIndex=270, commits[912a7d3b-e3f1-4985-b06b-5f0a929b8060:c273]
2019-07-13 08:32:13,737 INFO  client.GrpcClientProtocolClient (GrpcClientProtocolClient.java:onNext(255)) - client-A5BCC62C3543->912a7d3b-e3f1-4985-b06b-5f0a929b8060: receive RaftClientReply:client-A5BCC62C3543->912a7d3b-e3f1-4985-b06b-5f0a929b8060@group-3636E5E7603C, cid=190, SUCCESS, logIndex=271, commits[912a7d3b-e3f1-4985-b06b-5f0a929b8060:c274]
2019-07-13 08:32:13,737 INFO  client.GrpcClientProtocolClient (GrpcClientProtocolClient.java:onNext(255)) - client-A5BCC62C3543->912a7d3b-e3f1-4985-b06b-5f0a929b8060: receive RaftClientReply:client-A5BCC62C3543->912a7d3b-e3f1-4985-b06b-5f0a929b8060@group-3636E5E7603C, cid=191, SUCCESS, logIndex=272, commits[912a7d3b-e3f1-4985-b06b-5f0a929b8060:c275]
2019-07-13 08:32:13,738 INFO  client.GrpcClientProtocolClient (GrpcClientProtocolClient.java:onNext(255)) - client-A5BCC62C3543->912a7d3b-e3f1-4985-b06b-5f0a929b8060: receive RaftClientReply:client-A5BCC62C3543->912a7d3b-e3f1-4985-b06b-5f0a929b8060@group-3636E5E7603C, cid=192, SUCCESS, logIndex=273, commits[912a7d3b-e3f1-4985-b06b-5f0a929b8060:c275]
2019-07-13 08:32:13,770 INFO  client.GrpcClientProtocolClient (GrpcClientProtocolClient.java:onNext(255)) - client-A5BCC62C3543->912a7d3b-e3f1-4985-b06b-5f0a929b8060: receive RaftClientReply:client-A5BCC62C3543->912a7d3b-e3f1-4985-b06b-5f0a929b8060@group-3636E5E7603C, cid=193, SUCCESS, logIndex=276, commits[912a7d3b-e3f1-4985-b06b-5f0a929b8060:c279]
2019-07-13 08:32:13,771 INFO  client.GrpcClientProtocolClient (GrpcClientProtocolClient.java:onNext(255)) - client-A5BCC62C3543->912a7d3b-e3f1-4985-b06b-5f0a929b8060: receive RaftClientReply:client-A5BCC62C3543->912a7d3b-e3f1-4985-b06b-5f0a929b8060@group-3636E5E7603C, cid=194, SUCCESS, logIndex=277, commits[912a7d3b-e3f1-4985-b06b-5f0a929b8060:c280]
2019-07-13 08:32:13,771 INFO  client.GrpcClientProtocolClient (GrpcClientProtocolClient.java:onNext(255)) - client-A5BCC62C3543->912a7d3b-e3f1-4985-b06b-5f0a929b8060: receive RaftClientReply:client-A5BCC62C3543->912a7d3b-e3f1-4985-b06b-5f0a929b8060@group-3636E5E7603C, cid=195, SUCCESS, logIndex=278, commits[912a7d3b-e3f1-4985-b06b-5f0a929b8060:c281]
2019-07-13 08:32:13,772 INFO  client.GrpcClientProtocolClient (GrpcClientProtocolClient.java:onNext(255)) - client-A5BCC62C3543->912a7d3b-e3f1-4985-b06b-5f0a929b8060: receive RaftClientReply:client-A5BCC62C3543->912a7d3b-e3f1-4985-b06b-5f0a929b8060@group-3636E5E7603C, cid=196, SUCCESS, logIndex=279, commits[912a7d3b-e3f1-4985-b06b-5f0a929b8060:c281]
2019-07-13 08:32:13,773 DEBUG block.SCMBlockDeletingService (SCMBlockDeletingService.java:call(138)) - Running DeletedBlockTransactionScanner
2019-07-13 08:32:13,773 DEBUG block.SCMBlockDeletingService (SCMBlockDeletingService.java:call(155)) - Scanned deleted blocks log and got 0 delTX to process.
2019-07-13 08:32:13,794 INFO  client.GrpcClientProtocolClient (GrpcClientProtocolClient.java:onNext(255)) - client-A5BCC62C3543->912a7d3b-e3f1-4985-b06b-5f0a929b8060: receive RaftClientReply:client-A5BCC62C3543->912a7d3b-e3f1-4985-b06b-5f0a929b8060@group-3636E5E7603C, cid=197, SUCCESS, logIndex=282, commits[912a7d3b-e3f1-4985-b06b-5f0a929b8060:c283]
2019-07-13 08:32:13,795 INFO  client.GrpcClientProtocolClient (GrpcClientProtocolClient.java:onNext(255)) - client-A5BCC62C3543->912a7d3b-e3f1-4985-b06b-5f0a929b8060: receive RaftClientReply:client-A5BCC62C3543->912a7d3b-e3f1-4985-b06b-5f0a929b8060@group-3636E5E7603C, cid=198, SUCCESS, logIndex=283, commits[912a7d3b-e3f1-4985-b06b-5f0a929b8060:c285]
2019-07-13 08:32:13,795 INFO  client.GrpcClientProtocolClient (GrpcClientProtocolClient.java:onNext(255)) - client-A5BCC62C3543->912a7d3b-e3f1-4985-b06b-5f0a929b8060: receive RaftClientReply:client-A5BCC62C3543->912a7d3b-e3f1-4985-b06b-5f0a929b8060@group-3636E5E7603C, cid=199, SUCCESS, logIndex=284, commits[912a7d3b-e3f1-4985-b06b-5f0a929b8060:c286]
2019-07-13 08:32:13,795 INFO  client.GrpcClientProtocolClient (GrpcClientProtocolClient.java:onNext(255)) - client-A5BCC62C3543->912a7d3b-e3f1-4985-b06b-5f0a929b8060: receive RaftClientReply:client-A5BCC62C3543->912a7d3b-e3f1-4985-b06b-5f0a929b8060@group-3636E5E7603C, cid=200, SUCCESS, logIndex=285, commits[912a7d3b-e3f1-4985-b06b-5f0a929b8060:c287]
2019-07-13 08:32:13,824 INFO  client.GrpcClientProtocolClient (GrpcClientProtocolClient.java:onNext(255)) - client-A5BCC62C3543->912a7d3b-e3f1-4985-b06b-5f0a929b8060: receive RaftClientReply:client-A5BCC62C3543->912a7d3b-e3f1-4985-b06b-5f0a929b8060@group-3636E5E7603C, cid=201, SUCCESS, logIndex=288, commits[912a7d3b-e3f1-4985-b06b-5f0a929b8060:c289]
2019-07-13 08:32:13,825 INFO  client.GrpcClientProtocolClient (GrpcClientProtocolClient.java:onNext(255)) - client-A5BCC62C3543->912a7d3b-e3f1-4985-b06b-5f0a929b8060: receive RaftClientReply:client-A5BCC62C3543->912a7d3b-e3f1-4985-b06b-5f0a929b8060@group-3636E5E7603C, cid=202, SUCCESS, logIndex=289, commits[912a7d3b-e3f1-4985-b06b-5f0a929b8060:c292]
2019-07-13 08:32:13,825 INFO  client.GrpcClientProtocolClient (GrpcClientProtocolClient.java:onNext(255)) - client-A5BCC62C3543->912a7d3b-e3f1-4985-b06b-5f0a929b8060: receive RaftClientReply:client-A5BCC62C3543->912a7d3b-e3f1-4985-b06b-5f0a929b8060@group-3636E5E7603C, cid=203, SUCCESS, logIndex=290, commits[912a7d3b-e3f1-4985-b06b-5f0a929b8060:c292]
2019-07-13 08:32:13,826 INFO  client.GrpcClientProtocolClient (GrpcClientProtocolClient.java:onNext(255)) - client-A5BCC62C3543->912a7d3b-e3f1-4985-b06b-5f0a929b8060: receive RaftClientReply:client-A5BCC62C3543->912a7d3b-e3f1-4985-b06b-5f0a929b8060@group-3636E5E7603C, cid=204, SUCCESS, logIndex=291, commits[912a7d3b-e3f1-4985-b06b-5f0a929b8060:c293]
2019-07-13 08:32:13,847 INFO  client.GrpcClientProtocolClient (GrpcClientProtocolClient.java:onNext(255)) - client-A5BCC62C3543->912a7d3b-e3f1-4985-b06b-5f0a929b8060: receive RaftClientReply:client-A5BCC62C3543->912a7d3b-e3f1-4985-b06b-5f0a929b8060@group-3636E5E7603C, cid=205, SUCCESS, logIndex=294, commits[912a7d3b-e3f1-4985-b06b-5f0a929b8060:c295]
2019-07-13 08:32:13,847 INFO  client.GrpcClientProtocolClient (GrpcClientProtocolClient.java:onNext(255)) - client-A5BCC62C3543->912a7d3b-e3f1-4985-b06b-5f0a929b8060: receive RaftClientReply:client-A5BCC62C3543->912a7d3b-e3f1-4985-b06b-5f0a929b8060@group-3636E5E7603C, cid=206, SUCCESS, logIndex=295, commits[912a7d3b-e3f1-4985-b06b-5f0a929b8060:c297]
2019-07-13 08:32:13,848 INFO  client.GrpcClientProtocolClient (GrpcClientProtocolClient.java:onNext(255)) - client-A5BCC62C3543->912a7d3b-e3f1-4985-b06b-5f0a929b8060: receive RaftClientReply:client-A5BCC62C3543->912a7d3b-e3f1-4985-b06b-5f0a929b8060@group-3636E5E7603C, cid=207, SUCCESS, logIndex=296, commits[912a7d3b-e3f1-4985-b06b-5f0a929b8060:c298]
2019-07-13 08:32:13,848 INFO  client.GrpcClientProtocolClient (GrpcClientProtocolClient.java:onNext(255)) - client-A5BCC62C3543->912a7d3b-e3f1-4985-b06b-5f0a929b8060: receive RaftClientReply:client-A5BCC62C3543->912a7d3b-e3f1-4985-b06b-5f0a929b8060@group-3636E5E7603C, cid=208, SUCCESS, logIndex=297, commits[912a7d3b-e3f1-4985-b06b-5f0a929b8060:c299]
2019-07-13 08:32:13,873 DEBUG block.SCMBlockDeletingService (SCMBlockDeletingService.java:call(138)) - Running DeletedBlockTransactionScanner
2019-07-13 08:32:13,874 DEBUG block.SCMBlockDeletingService (SCMBlockDeletingService.java:call(155)) - Scanned deleted blocks log and got 0 delTX to process.
2019-07-13 08:32:13,880 INFO  client.GrpcClientProtocolClient (GrpcClientProtocolClient.java:onNext(255)) - client-A5BCC62C3543->912a7d3b-e3f1-4985-b06b-5f0a929b8060: receive RaftClientReply:client-A5BCC62C3543->912a7d3b-e3f1-4985-b06b-5f0a929b8060@group-3636E5E7603C, cid=209, SUCCESS, logIndex=300, commits[912a7d3b-e3f1-4985-b06b-5f0a929b8060:c301]
2019-07-13 08:32:13,880 INFO  client.GrpcClientProtocolClient (GrpcClientProtocolClient.java:onNext(255)) - client-A5BCC62C3543->912a7d3b-e3f1-4985-b06b-5f0a929b8060: receive RaftClientReply:client-A5BCC62C3543->912a7d3b-e3f1-4985-b06b-5f0a929b8060@group-3636E5E7603C, cid=210, SUCCESS, logIndex=301, commits[912a7d3b-e3f1-4985-b06b-5f0a929b8060:c301]
2019-07-13 08:32:13,890 INFO  client.GrpcClientProtocolClient (GrpcClientProtocolClient.java:onNext(255)) - client-A5BCC62C3543->912a7d3b-e3f1-4985-b06b-5f0a929b8060: receive RaftClientReply:client-A5BCC62C3543->912a7d3b-e3f1-4985-b06b-5f0a929b8060@group-3636E5E7603C, cid=211, SUCCESS, logIndex=302, commits[912a7d3b-e3f1-4985-b06b-5f0a929b8060:c303]
2019-07-13 08:32:13,891 INFO  client.GrpcClientProtocolClient (GrpcClientProtocolClient.java:onNext(255)) - client-A5BCC62C3543->912a7d3b-e3f1-4985-b06b-5f0a929b8060: receive RaftClientReply:client-A5BCC62C3543->912a7d3b-e3f1-4985-b06b-5f0a929b8060@group-3636E5E7603C, cid=212, SUCCESS, logIndex=303, commits[912a7d3b-e3f1-4985-b06b-5f0a929b8060:c304]
2019-07-13 08:32:13,914 INFO  client.GrpcClientProtocolClient (GrpcClientProtocolClient.java:onNext(255)) - client-A5BCC62C3543->912a7d3b-e3f1-4985-b06b-5f0a929b8060: receive RaftClientReply:client-A5BCC62C3543->912a7d3b-e3f1-4985-b06b-5f0a929b8060@group-3636E5E7603C, cid=213, SUCCESS, logIndex=306, commits[912a7d3b-e3f1-4985-b06b-5f0a929b8060:c307]
2019-07-13 08:32:13,915 INFO  client.GrpcClientProtocolClient (GrpcClientProtocolClient.java:onNext(255)) - client-A5BCC62C3543->912a7d3b-e3f1-4985-b06b-5f0a929b8060: receive RaftClientReply:client-A5BCC62C3543->912a7d3b-e3f1-4985-b06b-5f0a929b8060@group-3636E5E7603C, cid=214, SUCCESS, logIndex=307, commits[912a7d3b-e3f1-4985-b06b-5f0a929b8060:c307]
2019-07-13 08:32:13,916 INFO  client.GrpcClientProtocolClient (GrpcClientProtocolClient.java:onNext(255)) - client-A5BCC62C3543->912a7d3b-e3f1-4985-b06b-5f0a929b8060: receive RaftClientReply:client-A5BCC62C3543->912a7d3b-e3f1-4985-b06b-5f0a929b8060@group-3636E5E7603C, cid=215, SUCCESS, logIndex=308, commits[912a7d3b-e3f1-4985-b06b-5f0a929b8060:c309]
2019-07-13 08:32:13,917 INFO  client.GrpcClientProtocolClient (GrpcClientProtocolClient.java:onNext(255)) - client-A5BCC62C3543->912a7d3b-e3f1-4985-b06b-5f0a929b8060: receive RaftClientReply:client-A5BCC62C3543->912a7d3b-e3f1-4985-b06b-5f0a929b8060@group-3636E5E7603C, cid=216, SUCCESS, logIndex=309, commits[912a7d3b-e3f1-4985-b06b-5f0a929b8060:c309]
2019-07-13 08:32:13,949 INFO  client.GrpcClientProtocolClient (GrpcClientProtocolClient.java:onNext(255)) - client-A5BCC62C3543->912a7d3b-e3f1-4985-b06b-5f0a929b8060: receive RaftClientReply:client-A5BCC62C3543->912a7d3b-e3f1-4985-b06b-5f0a929b8060@group-3636E5E7603C, cid=217, SUCCESS, logIndex=312, commits[912a7d3b-e3f1-4985-b06b-5f0a929b8060:c313]
2019-07-13 08:32:13,949 INFO  client.GrpcClientProtocolClient (GrpcClientProtocolClient.java:onNext(255)) - client-A5BCC62C3543->912a7d3b-e3f1-4985-b06b-5f0a929b8060: receive RaftClientReply:client-A5BCC62C3543->912a7d3b-e3f1-4985-b06b-5f0a929b8060@group-3636E5E7603C, cid=218, SUCCESS, logIndex=313, commits[912a7d3b-e3f1-4985-b06b-5f0a929b8060:c316]
2019-07-13 08:32:13,950 INFO  client.GrpcClientProtocolClient (GrpcClientProtocolClient.java:onNext(255)) - client-A5BCC62C3543->912a7d3b-e3f1-4985-b06b-5f0a929b8060: receive RaftClientReply:client-A5BCC62C3543->912a7d3b-e3f1-4985-b06b-5f0a929b8060@group-3636E5E7603C, cid=219, SUCCESS, logIndex=314, commits[912a7d3b-e3f1-4985-b06b-5f0a929b8060:c317]
2019-07-13 08:32:13,951 INFO  client.GrpcClientProtocolClient (GrpcClientProtocolClient.java:onNext(255)) - client-A5BCC62C3543->912a7d3b-e3f1-4985-b06b-5f0a929b8060: receive RaftClientReply:client-A5BCC62C3543->912a7d3b-e3f1-4985-b06b-5f0a929b8060@group-3636E5E7603C, cid=220, SUCCESS, logIndex=315, commits[912a7d3b-e3f1-4985-b06b-5f0a929b8060:c317]
2019-07-13 08:32:14,065 DEBUG block.SCMBlockDeletingService (SCMBlockDeletingService.java:call(138)) - Running DeletedBlockTransactionScanner
2019-07-13 08:32:14,066 DEBUG block.SCMBlockDeletingService (SCMBlockDeletingService.java:call(155)) - Scanned deleted blocks log and got 0 delTX to process.
2019-07-13 08:32:14,166 DEBUG block.SCMBlockDeletingService (SCMBlockDeletingService.java:call(138)) - Running DeletedBlockTransactionScanner
2019-07-13 08:32:14,166 DEBUG block.SCMBlockDeletingService (SCMBlockDeletingService.java:call(155)) - Scanned deleted blocks log and got 0 delTX to process.
2019-07-13 08:32:14,204 INFO  client.GrpcClientProtocolClient (GrpcClientProtocolClient.java:onNext(255)) - client-A5BCC62C3543->912a7d3b-e3f1-4985-b06b-5f0a929b8060: receive RaftClientReply:client-A5BCC62C3543->912a7d3b-e3f1-4985-b06b-5f0a929b8060@group-3636E5E7603C, cid=221, SUCCESS, logIndex=318, commits[912a7d3b-e3f1-4985-b06b-5f0a929b8060:c319]
2019-07-13 08:32:14,205 INFO  client.GrpcClientProtocolClient (GrpcClientProtocolClient.java:onNext(255)) - client-A5BCC62C3543->912a7d3b-e3f1-4985-b06b-5f0a929b8060: receive RaftClientReply:client-A5BCC62C3543->912a7d3b-e3f1-4985-b06b-5f0a929b8060@group-3636E5E7603C, cid=222, SUCCESS, logIndex=319, commits[912a7d3b-e3f1-4985-b06b-5f0a929b8060:c322]
2019-07-13 08:32:14,205 INFO  client.GrpcClientProtocolClient (GrpcClientProtocolClient.java:onNext(255)) - client-A5BCC62C3543->912a7d3b-e3f1-4985-b06b-5f0a929b8060: receive RaftClientReply:client-A5BCC62C3543->912a7d3b-e3f1-4985-b06b-5f0a929b8060@group-3636E5E7603C, cid=223, SUCCESS, logIndex=320, commits[912a7d3b-e3f1-4985-b06b-5f0a929b8060:c323]
2019-07-13 08:32:14,206 INFO  client.GrpcClientProtocolClient (GrpcClientProtocolClient.java:onNext(255)) - client-A5BCC62C3543->912a7d3b-e3f1-4985-b06b-5f0a929b8060: receive RaftClientReply:client-A5BCC62C3543->912a7d3b-e3f1-4985-b06b-5f0a929b8060@group-3636E5E7603C, cid=224, SUCCESS, logIndex=321, commits[912a7d3b-e3f1-4985-b06b-5f0a929b8060:c323]
2019-07-13 08:32:14,238 INFO  client.GrpcClientProtocolClient (GrpcClientProtocolClient.java:onNext(255)) - client-A5BCC62C3543->912a7d3b-e3f1-4985-b06b-5f0a929b8060: receive RaftClientReply:client-A5BCC62C3543->912a7d3b-e3f1-4985-b06b-5f0a929b8060@group-3636E5E7603C, cid=225, SUCCESS, logIndex=324, commits[912a7d3b-e3f1-4985-b06b-5f0a929b8060:c325]
2019-07-13 08:32:14,238 INFO  client.GrpcClientProtocolClient (GrpcClientProtocolClient.java:onNext(255)) - client-A5BCC62C3543->912a7d3b-e3f1-4985-b06b-5f0a929b8060: receive RaftClientReply:client-A5BCC62C3543->912a7d3b-e3f1-4985-b06b-5f0a929b8060@group-3636E5E7603C, cid=226, SUCCESS, logIndex=325, commits[912a7d3b-e3f1-4985-b06b-5f0a929b8060:c328]
2019-07-13 08:32:14,239 INFO  client.GrpcClientProtocolClient (GrpcClientProtocolClient.java:onNext(255)) - client-A5BCC62C3543->912a7d3b-e3f1-4985-b06b-5f0a929b8060: receive RaftClientReply:client-A5BCC62C3543->912a7d3b-e3f1-4985-b06b-5f0a929b8060@group-3636E5E7603C, cid=227, SUCCESS, logIndex=326, commits[912a7d3b-e3f1-4985-b06b-5f0a929b8060:c329]
2019-07-13 08:32:14,240 INFO  client.GrpcClientProtocolClient (GrpcClientProtocolClient.java:onNext(255)) - client-A5BCC62C3543->912a7d3b-e3f1-4985-b06b-5f0a929b8060: receive RaftClientReply:client-A5BCC62C3543->912a7d3b-e3f1-4985-b06b-5f0a929b8060@group-3636E5E7603C, cid=228, SUCCESS, logIndex=327, commits[912a7d3b-e3f1-4985-b06b-5f0a929b8060:c329]
2019-07-13 08:32:14,263 INFO  client.GrpcClientProtocolClient (GrpcClientProtocolClient.java:onNext(255)) - client-A5BCC62C3543->912a7d3b-e3f1-4985-b06b-5f0a929b8060: receive RaftClientReply:client-A5BCC62C3543->912a7d3b-e3f1-4985-b06b-5f0a929b8060@group-3636E5E7603C, cid=229, SUCCESS, logIndex=330, commits[912a7d3b-e3f1-4985-b06b-5f0a929b8060:c331]
2019-07-13 08:32:14,264 INFO  client.GrpcClientProtocolClient (GrpcClientProtocolClient.java:onNext(255)) - client-A5BCC62C3543->912a7d3b-e3f1-4985-b06b-5f0a929b8060: receive RaftClientReply:client-A5BCC62C3543->912a7d3b-e3f1-4985-b06b-5f0a929b8060@group-3636E5E7603C, cid=230, SUCCESS, logIndex=331, commits[912a7d3b-e3f1-4985-b06b-5f0a929b8060:c334]
2019-07-13 08:32:14,264 INFO  client.GrpcClientProtocolClient (GrpcClientProtocolClient.java:onNext(255)) - client-A5BCC62C3543->912a7d3b-e3f1-4985-b06b-5f0a929b8060: receive RaftClientReply:client-A5BCC62C3543->912a7d3b-e3f1-4985-b06b-5f0a929b8060@group-3636E5E7603C, cid=231, SUCCESS, logIndex=332, commits[912a7d3b-e3f1-4985-b06b-5f0a929b8060:c335]
2019-07-13 08:32:14,265 INFO  client.GrpcClientProtocolClient (GrpcClientProtocolClient.java:onNext(255)) - client-A5BCC62C3543->912a7d3b-e3f1-4985-b06b-5f0a929b8060: receive RaftClientReply:client-A5BCC62C3543->912a7d3b-e3f1-4985-b06b-5f0a929b8060@group-3636E5E7603C, cid=232, SUCCESS, logIndex=333, commits[912a7d3b-e3f1-4985-b06b-5f0a929b8060:c335]
2019-07-13 08:32:14,267 DEBUG block.SCMBlockDeletingService (SCMBlockDeletingService.java:call(138)) - Running DeletedBlockTransactionScanner
2019-07-13 08:32:14,275 DEBUG block.SCMBlockDeletingService (SCMBlockDeletingService.java:call(155)) - Scanned deleted blocks log and got 0 delTX to process.
2019-07-13 08:32:14,295 INFO  client.GrpcClientProtocolClient (GrpcClientProtocolClient.java:onNext(255)) - client-A5BCC62C3543->912a7d3b-e3f1-4985-b06b-5f0a929b8060: receive RaftClientReply:client-A5BCC62C3543->912a7d3b-e3f1-4985-b06b-5f0a929b8060@group-3636E5E7603C, cid=233, SUCCESS, logIndex=336, commits[912a7d3b-e3f1-4985-b06b-5f0a929b8060:c339]
2019-07-13 08:32:14,296 INFO  client.GrpcClientProtocolClient (GrpcClientProtocolClient.java:onNext(255)) - client-A5BCC62C3543->912a7d3b-e3f1-4985-b06b-5f0a929b8060: receive RaftClientReply:client-A5BCC62C3543->912a7d3b-e3f1-4985-b06b-5f0a929b8060@group-3636E5E7603C, cid=234, SUCCESS, logIndex=337, commits[912a7d3b-e3f1-4985-b06b-5f0a929b8060:c341]
2019-07-13 08:32:14,296 INFO  client.GrpcClientProtocolClient (GrpcClientProtocolClient.java:onNext(255)) - client-A5BCC62C3543->912a7d3b-e3f1-4985-b06b-5f0a929b8060: receive RaftClientReply:client-A5BCC62C3543->912a7d3b-e3f1-4985-b06b-5f0a929b8060@group-3636E5E7603C, cid=235, SUCCESS, logIndex=338, commits[912a7d3b-e3f1-4985-b06b-5f0a929b8060:c341]
2019-07-13 08:32:14,297 INFO  client.GrpcClientProtocolClient (GrpcClientProtocolClient.java:onNext(255)) - client-A5BCC62C3543->912a7d3b-e3f1-4985-b06b-5f0a929b8060: receive RaftClientReply:client-A5BCC62C3543->912a7d3b-e3f1-4985-b06b-5f0a929b8060@group-3636E5E7603C, cid=236, SUCCESS, logIndex=339, commits[912a7d3b-e3f1-4985-b06b-5f0a929b8060:c341]
2019-07-13 08:32:14,319 INFO  client.GrpcClientProtocolClient (GrpcClientProtocolClient.java:onNext(255)) - client-A5BCC62C3543->912a7d3b-e3f1-4985-b06b-5f0a929b8060: receive RaftClientReply:client-A5BCC62C3543->912a7d3b-e3f1-4985-b06b-5f0a929b8060@group-3636E5E7603C, cid=237, SUCCESS, logIndex=342, commits[912a7d3b-e3f1-4985-b06b-5f0a929b8060:c343]
2019-07-13 08:32:14,320 INFO  client.GrpcClientProtocolClient (GrpcClientProtocolClient.java:onNext(255)) - client-A5BCC62C3543->912a7d3b-e3f1-4985-b06b-5f0a929b8060: receive RaftClientReply:client-A5BCC62C3543->912a7d3b-e3f1-4985-b06b-5f0a929b8060@group-3636E5E7603C, cid=238, SUCCESS, logIndex=343, commits[912a7d3b-e3f1-4985-b06b-5f0a929b8060:c346]
2019-07-13 08:32:14,321 INFO  client.GrpcClientProtocolClient (GrpcClientProtocolClient.java:onNext(255)) - client-A5BCC62C3543->912a7d3b-e3f1-4985-b06b-5f0a929b8060: receive RaftClientReply:client-A5BCC62C3543->912a7d3b-e3f1-4985-b06b-5f0a929b8060@group-3636E5E7603C, cid=239, SUCCESS, logIndex=344, commits[912a7d3b-e3f1-4985-b06b-5f0a929b8060:c347]
2019-07-13 08:32:14,321 INFO  client.GrpcClientProtocolClient (GrpcClientProtocolClient.java:onNext(255)) - client-A5BCC62C3543->912a7d3b-e3f1-4985-b06b-5f0a929b8060: receive RaftClientReply:client-A5BCC62C3543->912a7d3b-e3f1-4985-b06b-5f0a929b8060@group-3636E5E7603C, cid=240, SUCCESS, logIndex=345, commits[912a7d3b-e3f1-4985-b06b-5f0a929b8060:c347]
2019-07-13 08:32:14,351 INFO  client.GrpcClientProtocolClient (GrpcClientProtocolClient.java:onNext(255)) - client-A5BCC62C3543->912a7d3b-e3f1-4985-b06b-5f0a929b8060: receive RaftClientReply:client-A5BCC62C3543->912a7d3b-e3f1-4985-b06b-5f0a929b8060@group-3636E5E7603C, cid=241, SUCCESS, logIndex=348, commits[912a7d3b-e3f1-4985-b06b-5f0a929b8060:c349]
2019-07-13 08:32:14,352 INFO  client.GrpcClientProtocolClient (GrpcClientProtocolClient.java:onNext(255)) - client-A5BCC62C3543->912a7d3b-e3f1-4985-b06b-5f0a929b8060: receive RaftClientReply:client-A5BCC62C3543->912a7d3b-e3f1-4985-b06b-5f0a929b8060@group-3636E5E7603C, cid=242, SUCCESS, logIndex=349, commits[912a7d3b-e3f1-4985-b06b-5f0a929b8060:c352]
2019-07-13 08:32:14,352 INFO  client.GrpcClientProtocolClient (GrpcClientProtocolClient.java:onNext(255)) - client-A5BCC62C3543->912a7d3b-e3f1-4985-b06b-5f0a929b8060: receive RaftClientReply:client-A5BCC62C3543->912a7d3b-e3f1-4985-b06b-5f0a929b8060@group-3636E5E7603C, cid=243, SUCCESS, logIndex=350, commits[912a7d3b-e3f1-4985-b06b-5f0a929b8060:c352]
2019-07-13 08:32:14,353 INFO  client.GrpcClientProtocolClient (GrpcClientProtocolClient.java:onNext(255)) - client-A5BCC62C3543->912a7d3b-e3f1-4985-b06b-5f0a929b8060: receive RaftClientReply:client-A5BCC62C3543->912a7d3b-e3f1-4985-b06b-5f0a929b8060@group-3636E5E7603C, cid=244, SUCCESS, logIndex=351, commits[912a7d3b-e3f1-4985-b06b-5f0a929b8060:c353]
2019-07-13 08:32:14,373 INFO  client.GrpcClientProtocolClient (GrpcClientProtocolClient.java:onNext(255)) - client-A5BCC62C3543->912a7d3b-e3f1-4985-b06b-5f0a929b8060: receive RaftClientReply:client-A5BCC62C3543->912a7d3b-e3f1-4985-b06b-5f0a929b8060@group-3636E5E7603C, cid=245, SUCCESS, logIndex=354, commits[912a7d3b-e3f1-4985-b06b-5f0a929b8060:c355]
2019-07-13 08:32:14,374 INFO  client.GrpcClientProtocolClient (GrpcClientProtocolClient.java:onNext(255)) - client-A5BCC62C3543->912a7d3b-e3f1-4985-b06b-5f0a929b8060: receive RaftClientReply:client-A5BCC62C3543->912a7d3b-e3f1-4985-b06b-5f0a929b8060@group-3636E5E7603C, cid=246, SUCCESS, logIndex=355, commits[912a7d3b-e3f1-4985-b06b-5f0a929b8060:c357]
2019-07-13 08:32:14,374 INFO  client.GrpcClientProtocolClient (GrpcClientProtocolClient.java:onNext(255)) - client-A5BCC62C3543->912a7d3b-e3f1-4985-b06b-5f0a929b8060: receive RaftClientReply:client-A5BCC62C3543->912a7d3b-e3f1-4985-b06b-5f0a929b8060@group-3636E5E7603C, cid=247, SUCCESS, logIndex=356, commits[912a7d3b-e3f1-4985-b06b-5f0a929b8060:c358]
2019-07-13 08:32:14,375 INFO  client.GrpcClientProtocolClient (GrpcClientProtocolClient.java:onNext(255)) - client-A5BCC62C3543->912a7d3b-e3f1-4985-b06b-5f0a929b8060: receive RaftClientReply:client-A5BCC62C3543->912a7d3b-e3f1-4985-b06b-5f0a929b8060@group-3636E5E7603C, cid=248, SUCCESS, logIndex=357, commits[912a7d3b-e3f1-4985-b06b-5f0a929b8060:c358]
2019-07-13 08:32:14,375 DEBUG block.SCMBlockDeletingService (SCMBlockDeletingService.java:call(138)) - Running DeletedBlockTransactionScanner
2019-07-13 08:32:14,376 DEBUG block.SCMBlockDeletingService (SCMBlockDeletingService.java:call(155)) - Scanned deleted blocks log and got 0 delTX to process.
2019-07-13 08:32:14,404 INFO  client.GrpcClientProtocolClient (GrpcClientProtocolClient.java:onNext(255)) - client-A5BCC62C3543->912a7d3b-e3f1-4985-b06b-5f0a929b8060: receive RaftClientReply:client-A5BCC62C3543->912a7d3b-e3f1-4985-b06b-5f0a929b8060@group-3636E5E7603C, cid=249, SUCCESS, logIndex=360, commits[912a7d3b-e3f1-4985-b06b-5f0a929b8060:c361]
2019-07-13 08:32:14,404 INFO  client.GrpcClientProtocolClient (GrpcClientProtocolClient.java:onNext(255)) - client-A5BCC62C3543->912a7d3b-e3f1-4985-b06b-5f0a929b8060: receive RaftClientReply:client-A5BCC62C3543->912a7d3b-e3f1-4985-b06b-5f0a929b8060@group-3636E5E7603C, cid=250, SUCCESS, logIndex=361, commits[912a7d3b-e3f1-4985-b06b-5f0a929b8060:c364]
2019-07-13 08:32:14,405 INFO  client.GrpcClientProtocolClient (GrpcClientProtocolClient.java:onNext(255)) - client-A5BCC62C3543->912a7d3b-e3f1-4985-b06b-5f0a929b8060: receive RaftClientReply:client-A5BCC62C3543->912a7d3b-e3f1-4985-b06b-5f0a929b8060@group-3636E5E7603C, cid=251, SUCCESS, logIndex=362, commits[912a7d3b-e3f1-4985-b06b-5f0a929b8060:c364]
2019-07-13 08:32:14,405 INFO  client.GrpcClientProtocolClient (GrpcClientProtocolClient.java:onNext(255)) - client-A5BCC62C3543->912a7d3b-e3f1-4985-b06b-5f0a929b8060: receive RaftClientReply:client-A5BCC62C3543->912a7d3b-e3f1-4985-b06b-5f0a929b8060@group-3636E5E7603C, cid=252, SUCCESS, logIndex=363, commits[912a7d3b-e3f1-4985-b06b-5f0a929b8060:c365]
2019-07-13 08:32:14,428 INFO  client.GrpcClientProtocolClient (GrpcClientProtocolClient.java:onNext(255)) - client-A5BCC62C3543->912a7d3b-e3f1-4985-b06b-5f0a929b8060: receive RaftClientReply:client-A5BCC62C3543->912a7d3b-e3f1-4985-b06b-5f0a929b8060@group-3636E5E7603C, cid=253, SUCCESS, logIndex=366, commits[912a7d3b-e3f1-4985-b06b-5f0a929b8060:c369]
2019-07-13 08:32:14,429 INFO  client.GrpcClientProtocolClient (GrpcClientProtocolClient.java:onNext(255)) - client-A5BCC62C3543->912a7d3b-e3f1-4985-b06b-5f0a929b8060: receive RaftClientReply:client-A5BCC62C3543->912a7d3b-e3f1-4985-b06b-5f0a929b8060@group-3636E5E7603C, cid=254, SUCCESS, logIndex=367, commits[912a7d3b-e3f1-4985-b06b-5f0a929b8060:c370]
2019-07-13 08:32:14,429 INFO  client.GrpcClientProtocolClient (GrpcClientProtocolClient.java:onNext(255)) - client-A5BCC62C3543->912a7d3b-e3f1-4985-b06b-5f0a929b8060: receive RaftClientReply:client-A5BCC62C3543->912a7d3b-e3f1-4985-b06b-5f0a929b8060@group-3636E5E7603C, cid=255, SUCCESS, logIndex=368, commits[912a7d3b-e3f1-4985-b06b-5f0a929b8060:c371]
2019-07-13 08:32:14,430 INFO  client.GrpcClientProtocolClient (GrpcClientProtocolClient.java:onNext(255)) - client-A5BCC62C3543->912a7d3b-e3f1-4985-b06b-5f0a929b8060: receive RaftClientReply:client-A5BCC62C3543->912a7d3b-e3f1-4985-b06b-5f0a929b8060@group-3636E5E7603C, cid=256, SUCCESS, logIndex=369, commits[912a7d3b-e3f1-4985-b06b-5f0a929b8060:c371]
2019-07-13 08:32:14,459 INFO  client.GrpcClientProtocolClient (GrpcClientProtocolClient.java:onNext(255)) - client-A5BCC62C3543->912a7d3b-e3f1-4985-b06b-5f0a929b8060: receive RaftClientReply:client-A5BCC62C3543->912a7d3b-e3f1-4985-b06b-5f0a929b8060@group-3636E5E7603C, cid=257, SUCCESS, logIndex=372, commits[912a7d3b-e3f1-4985-b06b-5f0a929b8060:c375]
2019-07-13 08:32:14,460 INFO  client.GrpcClientProtocolClient (GrpcClientProtocolClient.java:onNext(255)) - client-A5BCC62C3543->912a7d3b-e3f1-4985-b06b-5f0a929b8060: receive RaftClientReply:client-A5BCC62C3543->912a7d3b-e3f1-4985-b06b-5f0a929b8060@group-3636E5E7603C, cid=258, SUCCESS, logIndex=373, commits[912a7d3b-e3f1-4985-b06b-5f0a929b8060:c376]
2019-07-13 08:32:14,460 INFO  client.GrpcClientProtocolClient (GrpcClientProtocolClient.java:onNext(255)) - client-A5BCC62C3543->912a7d3b-e3f1-4985-b06b-5f0a929b8060: receive RaftClientReply:client-A5BCC62C3543->912a7d3b-e3f1-4985-b06b-5f0a929b8060@group-3636E5E7603C, cid=259, SUCCESS, logIndex=374, commits[912a7d3b-e3f1-4985-b06b-5f0a929b8060:c377]
2019-07-13 08:32:14,461 INFO  client.GrpcClientProtocolClient (GrpcClientProtocolClient.java:onNext(255)) - client-A5BCC62C3543->912a7d3b-e3f1-4985-b06b-5f0a929b8060: receive RaftClientReply:client-A5BCC62C3543->912a7d3b-e3f1-4985-b06b-5f0a929b8060@group-3636E5E7603C, cid=260, SUCCESS, logIndex=375, commits[912a7d3b-e3f1-4985-b06b-5f0a929b8060:c377]
2019-07-13 08:32:14,476 DEBUG block.SCMBlockDeletingService (SCMBlockDeletingService.java:call(138)) - Running DeletedBlockTransactionScanner
2019-07-13 08:32:14,476 DEBUG block.SCMBlockDeletingService (SCMBlockDeletingService.java:call(155)) - Scanned deleted blocks log and got 0 delTX to process.
2019-07-13 08:32:14,483 INFO  client.GrpcClientProtocolClient (GrpcClientProtocolClient.java:onNext(255)) - client-A5BCC62C3543->912a7d3b-e3f1-4985-b06b-5f0a929b8060: receive RaftClientReply:client-A5BCC62C3543->912a7d3b-e3f1-4985-b06b-5f0a929b8060@group-3636E5E7603C, cid=261, SUCCESS, logIndex=378, commits[912a7d3b-e3f1-4985-b06b-5f0a929b8060:c381]
2019-07-13 08:32:14,483 INFO  client.GrpcClientProtocolClient (GrpcClientProtocolClient.java:onNext(255)) - client-A5BCC62C3543->912a7d3b-e3f1-4985-b06b-5f0a929b8060: receive RaftClientReply:client-A5BCC62C3543->912a7d3b-e3f1-4985-b06b-5f0a929b8060@group-3636E5E7603C, cid=262, SUCCESS, logIndex=379, commits[912a7d3b-e3f1-4985-b06b-5f0a929b8060:c382]
2019-07-13 08:32:14,484 INFO  client.GrpcClientProtocolClient (GrpcClientProtocolClient.java:onNext(255)) - client-A5BCC62C3543->912a7d3b-e3f1-4985-b06b-5f0a929b8060: receive RaftClientReply:client-A5BCC62C3543->912a7d3b-e3f1-4985-b06b-5f0a929b8060@group-3636E5E7603C, cid=263, SUCCESS, logIndex=380, commits[912a7d3b-e3f1-4985-b06b-5f0a929b8060:c383]
2019-07-13 08:32:14,485 INFO  client.GrpcClientProtocolClient (GrpcClientProtocolClient.java:onNext(255)) - client-A5BCC62C3543->912a7d3b-e3f1-4985-b06b-5f0a929b8060: receive RaftClientReply:client-A5BCC62C3543->912a7d3b-e3f1-4985-b06b-5f0a929b8060@group-3636E5E7603C, cid=264, SUCCESS, logIndex=381, commits[912a7d3b-e3f1-4985-b06b-5f0a929b8060:c383]
2019-07-13 08:32:14,577 DEBUG block.SCMBlockDeletingService (SCMBlockDeletingService.java:call(138)) - Running DeletedBlockTransactionScanner
2019-07-13 08:32:14,577 DEBUG block.SCMBlockDeletingService (SCMBlockDeletingService.java:call(155)) - Scanned deleted blocks log and got 0 delTX to process.
2019-07-13 08:32:14,621 INFO  client.GrpcClientProtocolClient (GrpcClientProtocolClient.java:onNext(255)) - client-A5BCC62C3543->912a7d3b-e3f1-4985-b06b-5f0a929b8060: receive RaftClientReply:client-A5BCC62C3543->912a7d3b-e3f1-4985-b06b-5f0a929b8060@group-3636E5E7603C, cid=265, SUCCESS, logIndex=384, commits[912a7d3b-e3f1-4985-b06b-5f0a929b8060:c385]
2019-07-13 08:32:14,622 INFO  client.GrpcClientProtocolClient (GrpcClientProtocolClient.java:onNext(255)) - client-A5BCC62C3543->912a7d3b-e3f1-4985-b06b-5f0a929b8060: receive RaftClientReply:client-A5BCC62C3543->912a7d3b-e3f1-4985-b06b-5f0a929b8060@group-3636E5E7603C, cid=266, SUCCESS, logIndex=385, commits[912a7d3b-e3f1-4985-b06b-5f0a929b8060:c385]
2019-07-13 08:32:14,632 INFO  client.GrpcClientProtocolClient (GrpcClientProtocolClient.java:onNext(255)) - client-A5BCC62C3543->912a7d3b-e3f1-4985-b06b-5f0a929b8060: receive RaftClientReply:client-A5BCC62C3543->912a7d3b-e3f1-4985-b06b-5f0a929b8060@group-3636E5E7603C, cid=267, SUCCESS, logIndex=386, commits[912a7d3b-e3f1-4985-b06b-5f0a929b8060:c388]
2019-07-13 08:32:14,633 INFO  client.GrpcClientProtocolClient (GrpcClientProtocolClient.java:onNext(255)) - client-A5BCC62C3543->912a7d3b-e3f1-4985-b06b-5f0a929b8060: receive RaftClientReply:client-A5BCC62C3543->912a7d3b-e3f1-4985-b06b-5f0a929b8060@group-3636E5E7603C, cid=268, SUCCESS, logIndex=387, commits[912a7d3b-e3f1-4985-b06b-5f0a929b8060:c389]
2019-07-13 08:32:14,655 INFO  client.GrpcClientProtocolClient (GrpcClientProtocolClient.java:onNext(255)) - client-A5BCC62C3543->912a7d3b-e3f1-4985-b06b-5f0a929b8060: receive RaftClientReply:client-A5BCC62C3543->912a7d3b-e3f1-4985-b06b-5f0a929b8060@group-3636E5E7603C, cid=269, SUCCESS, logIndex=390, commits[912a7d3b-e3f1-4985-b06b-5f0a929b8060:c393]
2019-07-13 08:32:14,656 INFO  client.GrpcClientProtocolClient (GrpcClientProtocolClient.java:onNext(255)) - client-A5BCC62C3543->912a7d3b-e3f1-4985-b06b-5f0a929b8060: receive RaftClientReply:client-A5BCC62C3543->912a7d3b-e3f1-4985-b06b-5f0a929b8060@group-3636E5E7603C, cid=270, SUCCESS, logIndex=391, commits[912a7d3b-e3f1-4985-b06b-5f0a929b8060:c395]
2019-07-13 08:32:14,657 INFO  client.GrpcClientProtocolClient (GrpcClientProtocolClient.java:onNext(255)) - client-A5BCC62C3543->912a7d3b-e3f1-4985-b06b-5f0a929b8060: receive RaftClientReply:client-A5BCC62C3543->912a7d3b-e3f1-4985-b06b-5f0a929b8060@group-3636E5E7603C, cid=271, SUCCESS, logIndex=392, commits[912a7d3b-e3f1-4985-b06b-5f0a929b8060:c395]
2019-07-13 08:32:14,658 INFO  client.GrpcClientProtocolClient (GrpcClientProtocolClient.java:onNext(255)) - client-A5BCC62C3543->912a7d3b-e3f1-4985-b06b-5f0a929b8060: receive RaftClientReply:client-A5BCC62C3543->912a7d3b-e3f1-4985-b06b-5f0a929b8060@group-3636E5E7603C, cid=272, SUCCESS, logIndex=393, commits[912a7d3b-e3f1-4985-b06b-5f0a929b8060:c395]
2019-07-13 08:32:14,678 DEBUG block.SCMBlockDeletingService (SCMBlockDeletingService.java:call(138)) - Running DeletedBlockTransactionScanner
2019-07-13 08:32:14,678 DEBUG block.SCMBlockDeletingService (SCMBlockDeletingService.java:call(155)) - Scanned deleted blocks log and got 0 delTX to process.
2019-07-13 08:32:14,687 INFO  client.GrpcClientProtocolClient (GrpcClientProtocolClient.java:onNext(255)) - client-A5BCC62C3543->912a7d3b-e3f1-4985-b06b-5f0a929b8060: receive RaftClientReply:client-A5BCC62C3543->912a7d3b-e3f1-4985-b06b-5f0a929b8060@group-3636E5E7603C, cid=273, SUCCESS, logIndex=396, commits[912a7d3b-e3f1-4985-b06b-5f0a929b8060:c399]
2019-07-13 08:32:14,688 INFO  client.GrpcClientProtocolClient (GrpcClientProtocolClient.java:onNext(255)) - client-A5BCC62C3543->912a7d3b-e3f1-4985-b06b-5f0a929b8060: receive RaftClientReply:client-A5BCC62C3543->912a7d3b-e3f1-4985-b06b-5f0a929b8060@group-3636E5E7603C, cid=274, SUCCESS, logIndex=397, commits[912a7d3b-e3f1-4985-b06b-5f0a929b8060:c401]
2019-07-13 08:32:14,689 INFO  client.GrpcClientProtocolClient (GrpcClientProtocolClient.java:onNext(255)) - client-A5BCC62C3543->912a7d3b-e3f1-4985-b06b-5f0a929b8060: receive RaftClientReply:client-A5BCC62C3543->912a7d3b-e3f1-4985-b06b-5f0a929b8060@group-3636E5E7603C, cid=275, SUCCESS, logIndex=398, commits[912a7d3b-e3f1-4985-b06b-5f0a929b8060:c401]
2019-07-13 08:32:14,690 INFO  client.GrpcClientProtocolClient (GrpcClientProtocolClient.java:onNext(255)) - client-A5BCC62C3543->912a7d3b-e3f1-4985-b06b-5f0a929b8060: receive RaftClientReply:client-A5BCC62C3543->912a7d3b-e3f1-4985-b06b-5f0a929b8060@group-3636E5E7603C, cid=276, SUCCESS, logIndex=399, commits[912a7d3b-e3f1-4985-b06b-5f0a929b8060:c401]
2019-07-13 08:32:14,711 INFO  client.GrpcClientProtocolClient (GrpcClientProtocolClient.java:onNext(255)) - client-A5BCC62C3543->912a7d3b-e3f1-4985-b06b-5f0a929b8060: receive RaftClientReply:client-A5BCC62C3543->912a7d3b-e3f1-4985-b06b-5f0a929b8060@group-3636E5E7603C, cid=277, SUCCESS, logIndex=402, commits[912a7d3b-e3f1-4985-b06b-5f0a929b8060:c403]
2019-07-13 08:32:14,711 INFO  client.GrpcClientProtocolClient (GrpcClientProtocolClient.java:onNext(255)) - client-A5BCC62C3543->912a7d3b-e3f1-4985-b06b-5f0a929b8060: receive RaftClientReply:client-A5BCC62C3543->912a7d3b-e3f1-4985-b06b-5f0a929b8060@group-3636E5E7603C, cid=278, SUCCESS, logIndex=403, commits[912a7d3b-e3f1-4985-b06b-5f0a929b8060:c406]
2019-07-13 08:32:14,712 INFO  client.GrpcClientProtocolClient (GrpcClientProtocolClient.java:onNext(255)) - client-A5BCC62C3543->912a7d3b-e3f1-4985-b06b-5f0a929b8060: receive RaftClientReply:client-A5BCC62C3543->912a7d3b-e3f1-4985-b06b-5f0a929b8060@group-3636E5E7603C, cid=279, SUCCESS, logIndex=404, commits[912a7d3b-e3f1-4985-b06b-5f0a929b8060:c406]
2019-07-13 08:32:14,712 INFO  client.GrpcClientProtocolClient (GrpcClientProtocolClient.java:onNext(255)) - client-A5BCC62C3543->912a7d3b-e3f1-4985-b06b-5f0a929b8060: receive RaftClientReply:client-A5BCC62C3543->912a7d3b-e3f1-4985-b06b-5f0a929b8060@group-3636E5E7603C, cid=280, SUCCESS, logIndex=405, commits[912a7d3b-e3f1-4985-b06b-5f0a929b8060:c407]
2019-07-13 08:32:14,743 INFO  client.GrpcClientProtocolClient (GrpcClientProtocolClient.java:onNext(255)) - client-A5BCC62C3543->912a7d3b-e3f1-4985-b06b-5f0a929b8060: receive RaftClientReply:client-A5BCC62C3543->912a7d3b-e3f1-4985-b06b-5f0a929b8060@group-3636E5E7603C, cid=281, SUCCESS, logIndex=408, commits[912a7d3b-e3f1-4985-b06b-5f0a929b8060:c411]
2019-07-13 08:32:14,746 INFO  client.GrpcClientProtocolClient (GrpcClientProtocolClient.java:onNext(255)) - client-A5BCC62C3543->912a7d3b-e3f1-4985-b06b-5f0a929b8060: receive RaftClientReply:client-A5BCC62C3543->912a7d3b-e3f1-4985-b06b-5f0a929b8060@group-3636E5E7603C, cid=282, SUCCESS, logIndex=409, commits[912a7d3b-e3f1-4985-b06b-5f0a929b8060:c413]
2019-07-13 08:32:14,746 INFO  client.GrpcClientProtocolClient (GrpcClientProtocolClient.java:onNext(255)) - client-A5BCC62C3543->912a7d3b-e3f1-4985-b06b-5f0a929b8060: receive RaftClientReply:client-A5BCC62C3543->912a7d3b-e3f1-4985-b06b-5f0a929b8060@group-3636E5E7603C, cid=283, SUCCESS, logIndex=410, commits[912a7d3b-e3f1-4985-b06b-5f0a929b8060:c413]
2019-07-13 08:32:14,747 INFO  client.GrpcClientProtocolClient (GrpcClientProtocolClient.java:onNext(255)) - client-A5BCC62C3543->912a7d3b-e3f1-4985-b06b-5f0a929b8060: receive RaftClientReply:client-A5BCC62C3543->912a7d3b-e3f1-4985-b06b-5f0a929b8060@group-3636E5E7603C, cid=284, SUCCESS, logIndex=411, commits[912a7d3b-e3f1-4985-b06b-5f0a929b8060:c413]
2019-07-13 08:32:14,768 INFO  client.GrpcClientProtocolClient (GrpcClientProtocolClient.java:onNext(255)) - client-A5BCC62C3543->912a7d3b-e3f1-4985-b06b-5f0a929b8060: receive RaftClientReply:client-A5BCC62C3543->912a7d3b-e3f1-4985-b06b-5f0a929b8060@group-3636E5E7603C, cid=285, SUCCESS, logIndex=414, commits[912a7d3b-e3f1-4985-b06b-5f0a929b8060:c417]
2019-07-13 08:32:14,769 INFO  client.GrpcClientProtocolClient (GrpcClientProtocolClient.java:onNext(255)) - client-A5BCC62C3543->912a7d3b-e3f1-4985-b06b-5f0a929b8060: receive RaftClientReply:client-A5BCC62C3543->912a7d3b-e3f1-4985-b06b-5f0a929b8060@group-3636E5E7603C, cid=286, SUCCESS, logIndex=415, commits[912a7d3b-e3f1-4985-b06b-5f0a929b8060:c418]
2019-07-13 08:32:14,769 INFO  client.GrpcClientProtocolClient (GrpcClientProtocolClient.java:onNext(255)) - client-A5BCC62C3543->912a7d3b-e3f1-4985-b06b-5f0a929b8060: receive RaftClientReply:client-A5BCC62C3543->912a7d3b-e3f1-4985-b06b-5f0a929b8060@group-3636E5E7603C, cid=287, SUCCESS, logIndex=416, commits[912a7d3b-e3f1-4985-b06b-5f0a929b8060:c419]
2019-07-13 08:32:14,770 INFO  client.GrpcClientProtocolClient (GrpcClientProtocolClient.java:onNext(255)) - client-A5BCC62C3543->912a7d3b-e3f1-4985-b06b-5f0a929b8060: receive RaftClientReply:client-A5BCC62C3543->912a7d3b-e3f1-4985-b06b-5f0a929b8060@group-3636E5E7603C, cid=288, SUCCESS, logIndex=417, commits[912a7d3b-e3f1-4985-b06b-5f0a929b8060:c419]
2019-07-13 08:32:14,778 DEBUG block.SCMBlockDeletingService (SCMBlockDeletingService.java:call(138)) - Running DeletedBlockTransactionScanner
2019-07-13 08:32:14,779 DEBUG block.SCMBlockDeletingService (SCMBlockDeletingService.java:call(155)) - Scanned deleted blocks log and got 0 delTX to process.
2019-07-13 08:32:14,800 INFO  client.GrpcClientProtocolClient (GrpcClientProtocolClient.java:onNext(255)) - client-A5BCC62C3543->912a7d3b-e3f1-4985-b06b-5f0a929b8060: receive RaftClientReply:client-A5BCC62C3543->912a7d3b-e3f1-4985-b06b-5f0a929b8060@group-3636E5E7603C, cid=289, SUCCESS, logIndex=420, commits[912a7d3b-e3f1-4985-b06b-5f0a929b8060:c421]
2019-07-13 08:32:14,800 INFO  client.GrpcClientProtocolClient (GrpcClientProtocolClient.java:onNext(255)) - client-A5BCC62C3543->912a7d3b-e3f1-4985-b06b-5f0a929b8060: receive RaftClientReply:client-A5BCC62C3543->912a7d3b-e3f1-4985-b06b-5f0a929b8060@group-3636E5E7603C, cid=290, SUCCESS, logIndex=421, commits[912a7d3b-e3f1-4985-b06b-5f0a929b8060:c424]
2019-07-13 08:32:14,801 INFO  client.GrpcClientProtocolClient (GrpcClientProtocolClient.java:onNext(255)) - client-A5BCC62C3543->912a7d3b-e3f1-4985-b06b-5f0a929b8060: receive RaftClientReply:client-A5BCC62C3543->912a7d3b-e3f1-4985-b06b-5f0a929b8060@group-3636E5E7603C, cid=291, SUCCESS, logIndex=422, commits[912a7d3b-e3f1-4985-b06b-5f0a929b8060:c424]
2019-07-13 08:32:14,801 INFO  client.GrpcClientProtocolClient (GrpcClientProtocolClient.java:onNext(255)) - client-A5BCC62C3543->912a7d3b-e3f1-4985-b06b-5f0a929b8060: receive RaftClientReply:client-A5BCC62C3543->912a7d3b-e3f1-4985-b06b-5f0a929b8060@group-3636E5E7603C, cid=292, SUCCESS, logIndex=423, commits[912a7d3b-e3f1-4985-b06b-5f0a929b8060:c425]
2019-07-13 08:32:14,833 INFO  client.GrpcClientProtocolClient (GrpcClientProtocolClient.java:onNext(255)) - client-A5BCC62C3543->912a7d3b-e3f1-4985-b06b-5f0a929b8060: receive RaftClientReply:client-A5BCC62C3543->912a7d3b-e3f1-4985-b06b-5f0a929b8060@group-3636E5E7603C, cid=293, SUCCESS, logIndex=426, commits[912a7d3b-e3f1-4985-b06b-5f0a929b8060:c429]
2019-07-13 08:32:14,834 INFO  client.GrpcClientProtocolClient (GrpcClientProtocolClient.java:onNext(255)) - client-A5BCC62C3543->912a7d3b-e3f1-4985-b06b-5f0a929b8060: receive RaftClientReply:client-A5BCC62C3543->912a7d3b-e3f1-4985-b06b-5f0a929b8060@group-3636E5E7603C, cid=294, SUCCESS, logIndex=427, commits[912a7d3b-e3f1-4985-b06b-5f0a929b8060:c430]
2019-07-13 08:32:14,835 INFO  client.GrpcClientProtocolClient (GrpcClientProtocolClient.java:onNext(255)) - client-A5BCC62C3543->912a7d3b-e3f1-4985-b06b-5f0a929b8060: receive RaftClientReply:client-A5BCC62C3543->912a7d3b-e3f1-4985-b06b-5f0a929b8060@group-3636E5E7603C, cid=295, SUCCESS, logIndex=428, commits[912a7d3b-e3f1-4985-b06b-5f0a929b8060:c431]
2019-07-13 08:32:14,835 INFO  client.GrpcClientProtocolClient (GrpcClientProtocolClient.java:onNext(255)) - client-A5BCC62C3543->912a7d3b-e3f1-4985-b06b-5f0a929b8060: receive RaftClientReply:client-A5BCC62C3543->912a7d3b-e3f1-4985-b06b-5f0a929b8060@group-3636E5E7603C, cid=296, SUCCESS, logIndex=429, commits[912a7d3b-e3f1-4985-b06b-5f0a929b8060:c431]
2019-07-13 08:32:14,867 INFO  client.GrpcClientProtocolClient (GrpcClientProtocolClient.java:onNext(255)) - client-A5BCC62C3543->912a7d3b-e3f1-4985-b06b-5f0a929b8060: receive RaftClientReply:client-A5BCC62C3543->912a7d3b-e3f1-4985-b06b-5f0a929b8060@group-3636E5E7603C, cid=297, SUCCESS, logIndex=432, commits[912a7d3b-e3f1-4985-b06b-5f0a929b8060:c433]
2019-07-13 08:32:14,867 INFO  client.GrpcClientProtocolClient (GrpcClientProtocolClient.java:onNext(255)) - client-A5BCC62C3543->912a7d3b-e3f1-4985-b06b-5f0a929b8060: receive RaftClientReply:client-A5BCC62C3543->912a7d3b-e3f1-4985-b06b-5f0a929b8060@group-3636E5E7603C, cid=298, SUCCESS, logIndex=433, commits[912a7d3b-e3f1-4985-b06b-5f0a929b8060:c436]
2019-07-13 08:32:14,868 INFO  client.GrpcClientProtocolClient (GrpcClientProtocolClient.java:onNext(255)) - client-A5BCC62C3543->912a7d3b-e3f1-4985-b06b-5f0a929b8060: receive RaftClientReply:client-A5BCC62C3543->912a7d3b-e3f1-4985-b06b-5f0a929b8060@group-3636E5E7603C, cid=299, SUCCESS, logIndex=434, commits[912a7d3b-e3f1-4985-b06b-5f0a929b8060:c437]
2019-07-13 08:32:14,868 INFO  client.GrpcClientProtocolClient (GrpcClientProtocolClient.java:onNext(255)) - client-A5BCC62C3543->912a7d3b-e3f1-4985-b06b-5f0a929b8060: receive RaftClientReply:client-A5BCC62C3543->912a7d3b-e3f1-4985-b06b-5f0a929b8060@group-3636E5E7603C, cid=300, SUCCESS, logIndex=435, commits[912a7d3b-e3f1-4985-b06b-5f0a929b8060:c437]
2019-07-13 08:32:14,879 DEBUG block.SCMBlockDeletingService (SCMBlockDeletingService.java:call(138)) - Running DeletedBlockTransactionScanner
2019-07-13 08:32:14,879 DEBUG block.SCMBlockDeletingService (SCMBlockDeletingService.java:call(155)) - Scanned deleted blocks log and got 0 delTX to process.
2019-07-13 08:32:14,891 INFO  client.GrpcClientProtocolClient (GrpcClientProtocolClient.java:onNext(255)) - client-A5BCC62C3543->912a7d3b-e3f1-4985-b06b-5f0a929b8060: receive RaftClientReply:client-A5BCC62C3543->912a7d3b-e3f1-4985-b06b-5f0a929b8060@group-3636E5E7603C, cid=301, SUCCESS, logIndex=438, commits[912a7d3b-e3f1-4985-b06b-5f0a929b8060:c439]
2019-07-13 08:32:14,891 INFO  client.GrpcClientProtocolClient (GrpcClientProtocolClient.java:onNext(255)) - client-A5BCC62C3543->912a7d3b-e3f1-4985-b06b-5f0a929b8060: receive RaftClientReply:client-A5BCC62C3543->912a7d3b-e3f1-4985-b06b-5f0a929b8060@group-3636E5E7603C, cid=302, SUCCESS, logIndex=439, commits[912a7d3b-e3f1-4985-b06b-5f0a929b8060:c442]
2019-07-13 08:32:14,892 INFO  client.GrpcClientProtocolClient (GrpcClientProtocolClient.java:onNext(255)) - client-A5BCC62C3543->912a7d3b-e3f1-4985-b06b-5f0a929b8060: receive RaftClientReply:client-A5BCC62C3543->912a7d3b-e3f1-4985-b06b-5f0a929b8060@group-3636E5E7603C, cid=303, SUCCESS, logIndex=440, commits[912a7d3b-e3f1-4985-b06b-5f0a929b8060:c443]
2019-07-13 08:32:14,893 INFO  client.GrpcClientProtocolClient (GrpcClientProtocolClient.java:onNext(255)) - client-A5BCC62C3543->912a7d3b-e3f1-4985-b06b-5f0a929b8060: receive RaftClientReply:client-A5BCC62C3543->912a7d3b-e3f1-4985-b06b-5f0a929b8060@group-3636E5E7603C, cid=304, SUCCESS, logIndex=441, commits[912a7d3b-e3f1-4985-b06b-5f0a929b8060:c443]
2019-07-13 08:32:14,922 INFO  client.GrpcClientProtocolClient (GrpcClientProtocolClient.java:onNext(255)) - client-A5BCC62C3543->912a7d3b-e3f1-4985-b06b-5f0a929b8060: receive RaftClientReply:client-A5BCC62C3543->912a7d3b-e3f1-4985-b06b-5f0a929b8060@group-3636E5E7603C, cid=305, SUCCESS, logIndex=444, commits[912a7d3b-e3f1-4985-b06b-5f0a929b8060:c445]
2019-07-13 08:32:14,923 INFO  client.GrpcClientProtocolClient (GrpcClientProtocolClient.java:onNext(255)) - client-A5BCC62C3543->912a7d3b-e3f1-4985-b06b-5f0a929b8060: receive RaftClientReply:client-A5BCC62C3543->912a7d3b-e3f1-4985-b06b-5f0a929b8060@group-3636E5E7603C, cid=306, SUCCESS, logIndex=445, commits[912a7d3b-e3f1-4985-b06b-5f0a929b8060:c448]
2019-07-13 08:32:14,923 INFO  client.GrpcClientProtocolClient (GrpcClientProtocolClient.java:onNext(255)) - client-A5BCC62C3543->912a7d3b-e3f1-4985-b06b-5f0a929b8060: receive RaftClientReply:client-A5BCC62C3543->912a7d3b-e3f1-4985-b06b-5f0a929b8060@group-3636E5E7603C, cid=307, SUCCESS, logIndex=446, commits[912a7d3b-e3f1-4985-b06b-5f0a929b8060:c449]
2019-07-13 08:32:14,924 INFO  client.GrpcClientProtocolClient (GrpcClientProtocolClient.java:onNext(255)) - client-A5BCC62C3543->912a7d3b-e3f1-4985-b06b-5f0a929b8060: receive RaftClientReply:client-A5BCC62C3543->912a7d3b-e3f1-4985-b06b-5f0a929b8060@group-3636E5E7603C, cid=308, SUCCESS, logIndex=447, commits[912a7d3b-e3f1-4985-b06b-5f0a929b8060:c449]
2019-07-13 08:32:14,980 DEBUG block.SCMBlockDeletingService (SCMBlockDeletingService.java:call(138)) - Running DeletedBlockTransactionScanner
2019-07-13 08:32:14,980 DEBUG block.SCMBlockDeletingService (SCMBlockDeletingService.java:call(155)) - Scanned deleted blocks log and got 0 delTX to process.
2019-07-13 08:32:15,050 INFO  client.GrpcClientProtocolClient (GrpcClientProtocolClient.java:onNext(255)) - client-A5BCC62C3543->912a7d3b-e3f1-4985-b06b-5f0a929b8060: receive RaftClientReply:client-A5BCC62C3543->912a7d3b-e3f1-4985-b06b-5f0a929b8060@group-3636E5E7603C, cid=309, SUCCESS, logIndex=450, commits[912a7d3b-e3f1-4985-b06b-5f0a929b8060:c451]
2019-07-13 08:32:15,051 INFO  client.GrpcClientProtocolClient (GrpcClientProtocolClient.java:onNext(255)) - client-A5BCC62C3543->912a7d3b-e3f1-4985-b06b-5f0a929b8060: receive RaftClientReply:client-A5BCC62C3543->912a7d3b-e3f1-4985-b06b-5f0a929b8060@group-3636E5E7603C, cid=310, SUCCESS, logIndex=451, commits[912a7d3b-e3f1-4985-b06b-5f0a929b8060:c454]
2019-07-13 08:32:15,052 INFO  client.GrpcClientProtocolClient (GrpcClientProtocolClient.java:onNext(255)) - client-A5BCC62C3543->912a7d3b-e3f1-4985-b06b-5f0a929b8060: receive RaftClientReply:client-A5BCC62C3543->912a7d3b-e3f1-4985-b06b-5f0a929b8060@group-3636E5E7603C, cid=311, SUCCESS, logIndex=452, commits[912a7d3b-e3f1-4985-b06b-5f0a929b8060:c455]
2019-07-13 08:32:15,052 INFO  client.GrpcClientProtocolClient (GrpcClientProtocolClient.java:onNext(255)) - client-A5BCC62C3543->912a7d3b-e3f1-4985-b06b-5f0a929b8060: receive RaftClientReply:client-A5BCC62C3543->912a7d3b-e3f1-4985-b06b-5f0a929b8060@group-3636E5E7603C, cid=312, SUCCESS, logIndex=453, commits[912a7d3b-e3f1-4985-b06b-5f0a929b8060:c455]
2019-07-13 08:32:15,078 INFO  client.GrpcClientProtocolClient (GrpcClientProtocolClient.java:onNext(255)) - client-A5BCC62C3543->912a7d3b-e3f1-4985-b06b-5f0a929b8060: receive RaftClientReply:client-A5BCC62C3543->912a7d3b-e3f1-4985-b06b-5f0a929b8060@group-3636E5E7603C, cid=313, SUCCESS, logIndex=456, commits[912a7d3b-e3f1-4985-b06b-5f0a929b8060:c457]
2019-07-13 08:32:15,079 INFO  client.GrpcClientProtocolClient (GrpcClientProtocolClient.java:onNext(255)) - client-A5BCC62C3543->912a7d3b-e3f1-4985-b06b-5f0a929b8060: receive RaftClientReply:client-A5BCC62C3543->912a7d3b-e3f1-4985-b06b-5f0a929b8060@group-3636E5E7603C, cid=314, SUCCESS, logIndex=457, commits[912a7d3b-e3f1-4985-b06b-5f0a929b8060:c459]
2019-07-13 08:32:15,080 INFO  client.GrpcClientProtocolClient (GrpcClientProtocolClient.java:onNext(255)) - client-A5BCC62C3543->912a7d3b-e3f1-4985-b06b-5f0a929b8060: receive RaftClientReply:client-A5BCC62C3543->912a7d3b-e3f1-4985-b06b-5f0a929b8060@group-3636E5E7603C, cid=315, SUCCESS, logIndex=458, commits[912a7d3b-e3f1-4985-b06b-5f0a929b8060:c459]
2019-07-13 08:32:15,081 DEBUG block.SCMBlockDeletingService (SCMBlockDeletingService.java:call(138)) - Running DeletedBlockTransactionScanner
2019-07-13 08:32:15,081 INFO  client.GrpcClientProtocolClient (GrpcClientProtocolClient.java:onNext(255)) - client-A5BCC62C3543->912a7d3b-e3f1-4985-b06b-5f0a929b8060: receive RaftClientReply:client-A5BCC62C3543->912a7d3b-e3f1-4985-b06b-5f0a929b8060@group-3636E5E7603C, cid=316, SUCCESS, logIndex=459, commits[912a7d3b-e3f1-4985-b06b-5f0a929b8060:c459]
2019-07-13 08:32:15,081 DEBUG block.SCMBlockDeletingService (SCMBlockDeletingService.java:call(155)) - Scanned deleted blocks log and got 0 delTX to process.
2019-07-13 08:32:15,118 INFO  client.GrpcClientProtocolClient (GrpcClientProtocolClient.java:onNext(255)) - client-A5BCC62C3543->912a7d3b-e3f1-4985-b06b-5f0a929b8060: receive RaftClientReply:client-A5BCC62C3543->912a7d3b-e3f1-4985-b06b-5f0a929b8060@group-3636E5E7603C, cid=317, SUCCESS, logIndex=462, commits[912a7d3b-e3f1-4985-b06b-5f0a929b8060:c465]
2019-07-13 08:32:15,119 INFO  client.GrpcClientProtocolClient (GrpcClientProtocolClient.java:onNext(255)) - client-A5BCC62C3543->912a7d3b-e3f1-4985-b06b-5f0a929b8060: receive RaftClientReply:client-A5BCC62C3543->912a7d3b-e3f1-4985-b06b-5f0a929b8060@group-3636E5E7603C, cid=318, SUCCESS, logIndex=463, commits[912a7d3b-e3f1-4985-b06b-5f0a929b8060:c466]
2019-07-13 08:32:15,119 INFO  client.GrpcClientProtocolClient (GrpcClientProtocolClient.java:onNext(255)) - client-A5BCC62C3543->912a7d3b-e3f1-4985-b06b-5f0a929b8060: receive RaftClientReply:client-A5BCC62C3543->912a7d3b-e3f1-4985-b06b-5f0a929b8060@group-3636E5E7603C, cid=319, SUCCESS, logIndex=464, commits[912a7d3b-e3f1-4985-b06b-5f0a929b8060:c466]
2019-07-13 08:32:15,120 INFO  client.GrpcClientProtocolClient (GrpcClientProtocolClient.java:onNext(255)) - client-A5BCC62C3543->912a7d3b-e3f1-4985-b06b-5f0a929b8060: receive RaftClientReply:client-A5BCC62C3543->912a7d3b-e3f1-4985-b06b-5f0a929b8060@group-3636E5E7603C, cid=320, SUCCESS, logIndex=465, commits[912a7d3b-e3f1-4985-b06b-5f0a929b8060:c466]
2019-07-13 08:32:15,149 INFO  client.GrpcClientProtocolClient (GrpcClientProtocolClient.java:onNext(255)) - client-A5BCC62C3543->912a7d3b-e3f1-4985-b06b-5f0a929b8060: receive RaftClientReply:client-A5BCC62C3543->912a7d3b-e3f1-4985-b06b-5f0a929b8060@group-3636E5E7603C, cid=321, SUCCESS, logIndex=467, commits[912a7d3b-e3f1-4985-b06b-5f0a929b8060:c468]
2019-07-13 08:32:15,149 INFO  client.GrpcClientProtocolClient (GrpcClientProtocolClient.java:onNext(255)) - client-A5BCC62C3543->912a7d3b-e3f1-4985-b06b-5f0a929b8060: receive RaftClientReply:client-A5BCC62C3543->912a7d3b-e3f1-4985-b06b-5f0a929b8060@group-3636E5E7603C, cid=322, SUCCESS, logIndex=468, commits[912a7d3b-e3f1-4985-b06b-5f0a929b8060:c471]
2019-07-13 08:32:15,150 INFO  client.GrpcClientProtocolClient (GrpcClientProtocolClient.java:onNext(255)) - client-A5BCC62C3543->912a7d3b-e3f1-4985-b06b-5f0a929b8060: receive RaftClientReply:client-A5BCC62C3543->912a7d3b-e3f1-4985-b06b-5f0a929b8060@group-3636E5E7603C, cid=323, SUCCESS, logIndex=469, commits[912a7d3b-e3f1-4985-b06b-5f0a929b8060:c472]
2019-07-13 08:32:15,150 INFO  client.GrpcClientProtocolClient (GrpcClientProtocolClient.java:onNext(255)) - client-A5BCC62C3543->912a7d3b-e3f1-4985-b06b-5f0a929b8060: receive RaftClientReply:client-A5BCC62C3543->912a7d3b-e3f1-4985-b06b-5f0a929b8060@group-3636E5E7603C, cid=324, SUCCESS, logIndex=470, commits[912a7d3b-e3f1-4985-b06b-5f0a929b8060:c472]
2019-07-13 08:32:15,172 INFO  client.GrpcClientProtocolClient (GrpcClientProtocolClient.java:onNext(255)) - client-A5BCC62C3543->912a7d3b-e3f1-4985-b06b-5f0a929b8060: receive RaftClientReply:client-A5BCC62C3543->912a7d3b-e3f1-4985-b06b-5f0a929b8060@group-3636E5E7603C, cid=325, SUCCESS, logIndex=473, commits[912a7d3b-e3f1-4985-b06b-5f0a929b8060:c474]
2019-07-13 08:32:15,173 INFO  client.GrpcClientProtocolClient (GrpcClientProtocolClient.java:onNext(255)) - client-A5BCC62C3543->912a7d3b-e3f1-4985-b06b-5f0a929b8060: receive RaftClientReply:client-A5BCC62C3543->912a7d3b-e3f1-4985-b06b-5f0a929b8060@group-3636E5E7603C, cid=326, SUCCESS, logIndex=474, commits[912a7d3b-e3f1-4985-b06b-5f0a929b8060:c476]
2019-07-13 08:32:15,173 INFO  client.GrpcClientProtocolClient (GrpcClientProtocolClient.java:onNext(255)) - client-A5BCC62C3543->912a7d3b-e3f1-4985-b06b-5f0a929b8060: receive RaftClientReply:client-A5BCC62C3543->912a7d3b-e3f1-4985-b06b-5f0a929b8060@group-3636E5E7603C, cid=327, SUCCESS, logIndex=475, commits[912a7d3b-e3f1-4985-b06b-5f0a929b8060:c477]
2019-07-13 08:32:15,174 INFO  client.GrpcClientProtocolClient (GrpcClientProtocolClient.java:onNext(255)) - client-A5BCC62C3543->912a7d3b-e3f1-4985-b06b-5f0a929b8060: receive RaftClientReply:client-A5BCC62C3543->912a7d3b-e3f1-4985-b06b-5f0a929b8060@group-3636E5E7603C, cid=328, SUCCESS, logIndex=476, commits[912a7d3b-e3f1-4985-b06b-5f0a929b8060:c478]
2019-07-13 08:32:15,181 DEBUG block.SCMBlockDeletingService (SCMBlockDeletingService.java:call(138)) - Running DeletedBlockTransactionScanner
2019-07-13 08:32:15,182 DEBUG block.SCMBlockDeletingService (SCMBlockDeletingService.java:call(155)) - Scanned deleted blocks log and got 0 delTX to process.
2019-07-13 08:32:15,203 INFO  client.GrpcClientProtocolClient (GrpcClientProtocolClient.java:onNext(255)) - client-A5BCC62C3543->912a7d3b-e3f1-4985-b06b-5f0a929b8060: receive RaftClientReply:client-A5BCC62C3543->912a7d3b-e3f1-4985-b06b-5f0a929b8060@group-3636E5E7603C, cid=329, SUCCESS, logIndex=479, commits[912a7d3b-e3f1-4985-b06b-5f0a929b8060:c482]
2019-07-13 08:32:15,204 INFO  client.GrpcClientProtocolClient (GrpcClientProtocolClient.java:onNext(255)) - client-A5BCC62C3543->912a7d3b-e3f1-4985-b06b-5f0a929b8060: receive RaftClientReply:client-A5BCC62C3543->912a7d3b-e3f1-4985-b06b-5f0a929b8060@group-3636E5E7603C, cid=330, SUCCESS, logIndex=480, commits[912a7d3b-e3f1-4985-b06b-5f0a929b8060:c483]
2019-07-13 08:32:15,205 INFO  client.GrpcClientProtocolClient (GrpcClientProtocolClient.java:onNext(255)) - client-A5BCC62C3543->912a7d3b-e3f1-4985-b06b-5f0a929b8060: receive RaftClientReply:client-A5BCC62C3543->912a7d3b-e3f1-4985-b06b-5f0a929b8060@group-3636E5E7603C, cid=331, SUCCESS, logIndex=481, commits[912a7d3b-e3f1-4985-b06b-5f0a929b8060:c483]
2019-07-13 08:32:15,205 INFO  client.GrpcClientProtocolClient (GrpcClientProtocolClient.java:onNext(255)) - client-A5BCC62C3543->912a7d3b-e3f1-4985-b06b-5f0a929b8060: receive RaftClientReply:client-A5BCC62C3543->912a7d3b-e3f1-4985-b06b-5f0a929b8060@group-3636E5E7603C, cid=332, SUCCESS, logIndex=482, commits[912a7d3b-e3f1-4985-b06b-5f0a929b8060:c483]
2019-07-13 08:32:15,225 INFO  client.GrpcClientProtocolClient (GrpcClientProtocolClient.java:onNext(255)) - client-A5BCC62C3543->912a7d3b-e3f1-4985-b06b-5f0a929b8060: receive RaftClientReply:client-A5BCC62C3543->912a7d3b-e3f1-4985-b06b-5f0a929b8060@group-3636E5E7603C, cid=333, SUCCESS, logIndex=484, commits[912a7d3b-e3f1-4985-b06b-5f0a929b8060:c487]
2019-07-13 08:32:15,226 INFO  client.GrpcClientProtocolClient (GrpcClientProtocolClient.java:onNext(255)) - client-A5BCC62C3543->912a7d3b-e3f1-4985-b06b-5f0a929b8060: receive RaftClientReply:client-A5BCC62C3543->912a7d3b-e3f1-4985-b06b-5f0a929b8060@group-3636E5E7603C, cid=334, SUCCESS, logIndex=485, commits[912a7d3b-e3f1-4985-b06b-5f0a929b8060:c488]
2019-07-13 08:32:15,227 INFO  client.GrpcClientProtocolClient (GrpcClientProtocolClient.java:onNext(255)) - client-A5BCC62C3543->912a7d3b-e3f1-4985-b06b-5f0a929b8060: receive RaftClientReply:client-A5BCC62C3543->912a7d3b-e3f1-4985-b06b-5f0a929b8060@group-3636E5E7603C, cid=335, SUCCESS, logIndex=486, commits[912a7d3b-e3f1-4985-b06b-5f0a929b8060:c489]
2019-07-13 08:32:15,227 INFO  client.GrpcClientProtocolClient (GrpcClientProtocolClient.java:onNext(255)) - client-A5BCC62C3543->912a7d3b-e3f1-4985-b06b-5f0a929b8060: receive RaftClientReply:client-A5BCC62C3543->912a7d3b-e3f1-4985-b06b-5f0a929b8060@group-3636E5E7603C, cid=336, SUCCESS, logIndex=487, commits[912a7d3b-e3f1-4985-b06b-5f0a929b8060:c489]
2019-07-13 08:32:15,255 INFO  client.GrpcClientProtocolClient (GrpcClientProtocolClient.java:onNext(255)) - client-A5BCC62C3543->912a7d3b-e3f1-4985-b06b-5f0a929b8060: receive RaftClientReply:client-A5BCC62C3543->912a7d3b-e3f1-4985-b06b-5f0a929b8060@group-3636E5E7603C, cid=337, SUCCESS, logIndex=490, commits[912a7d3b-e3f1-4985-b06b-5f0a929b8060:c491]
2019-07-13 08:32:15,256 INFO  client.GrpcClientProtocolClient (GrpcClientProtocolClient.java:onNext(255)) - client-A5BCC62C3543->912a7d3b-e3f1-4985-b06b-5f0a929b8060: receive RaftClientReply:client-A5BCC62C3543->912a7d3b-e3f1-4985-b06b-5f0a929b8060@group-3636E5E7603C, cid=338, SUCCESS, logIndex=491, commits[912a7d3b-e3f1-4985-b06b-5f0a929b8060:c493]
2019-07-13 08:32:15,257 INFO  client.GrpcClientProtocolClient (GrpcClientProtocolClient.java:onNext(255)) - client-A5BCC62C3543->912a7d3b-e3f1-4985-b06b-5f0a929b8060: receive RaftClientReply:client-A5BCC62C3543->912a7d3b-e3f1-4985-b06b-5f0a929b8060@group-3636E5E7603C, cid=339, SUCCESS, logIndex=492, commits[912a7d3b-e3f1-4985-b06b-5f0a929b8060:c493]
2019-07-13 08:32:15,257 INFO  client.GrpcClientProtocolClient (GrpcClientProtocolClient.java:onNext(255)) - client-A5BCC62C3543->912a7d3b-e3f1-4985-b06b-5f0a929b8060: receive RaftClientReply:client-A5BCC62C3543->912a7d3b-e3f1-4985-b06b-5f0a929b8060@group-3636E5E7603C, cid=340, SUCCESS, logIndex=493, commits[912a7d3b-e3f1-4985-b06b-5f0a929b8060:c494]
2019-07-13 08:32:15,278 INFO  client.GrpcClientProtocolClient (GrpcClientProtocolClient.java:onNext(255)) - client-A5BCC62C3543->912a7d3b-e3f1-4985-b06b-5f0a929b8060: receive RaftClientReply:client-A5BCC62C3543->912a7d3b-e3f1-4985-b06b-5f0a929b8060@group-3636E5E7603C, cid=341, SUCCESS, logIndex=496, commits[912a7d3b-e3f1-4985-b06b-5f0a929b8060:c497]
2019-07-13 08:32:15,279 INFO  client.GrpcClientProtocolClient (GrpcClientProtocolClient.java:onNext(255)) - client-A5BCC62C3543->912a7d3b-e3f1-4985-b06b-5f0a929b8060: receive RaftClientReply:client-A5BCC62C3543->912a7d3b-e3f1-4985-b06b-5f0a929b8060@group-3636E5E7603C, cid=342, SUCCESS, logIndex=497, commits[912a7d3b-e3f1-4985-b06b-5f0a929b8060:c499]
2019-07-13 08:32:15,279 INFO  client.GrpcClientProtocolClient (GrpcClientProtocolClient.java:onNext(255)) - client-A5BCC62C3543->912a7d3b-e3f1-4985-b06b-5f0a929b8060: receive RaftClientReply:client-A5BCC62C3543->912a7d3b-e3f1-4985-b06b-5f0a929b8060@group-3636E5E7603C, cid=343, SUCCESS, logIndex=498, commits[912a7d3b-e3f1-4985-b06b-5f0a929b8060:c500]
2019-07-13 08:32:15,279 INFO  client.GrpcClientProtocolClient (GrpcClientProtocolClient.java:onNext(255)) - client-A5BCC62C3543->912a7d3b-e3f1-4985-b06b-5f0a929b8060: receive RaftClientReply:client-A5BCC62C3543->912a7d3b-e3f1-4985-b06b-5f0a929b8060@group-3636E5E7603C, cid=344, SUCCESS, logIndex=499, commits[912a7d3b-e3f1-4985-b06b-5f0a929b8060:c500]
2019-07-13 08:32:15,282 DEBUG block.SCMBlockDeletingService (SCMBlockDeletingService.java:call(138)) - Running DeletedBlockTransactionScanner
2019-07-13 08:32:15,282 DEBUG block.SCMBlockDeletingService (SCMBlockDeletingService.java:call(155)) - Scanned deleted blocks log and got 0 delTX to process.
2019-07-13 08:32:15,306 INFO  client.GrpcClientProtocolClient (GrpcClientProtocolClient.java:onNext(255)) - client-A5BCC62C3543->912a7d3b-e3f1-4985-b06b-5f0a929b8060: receive RaftClientReply:client-A5BCC62C3543->912a7d3b-e3f1-4985-b06b-5f0a929b8060@group-3636E5E7603C, cid=345, SUCCESS, logIndex=502, commits[912a7d3b-e3f1-4985-b06b-5f0a929b8060:c503]
2019-07-13 08:32:15,307 INFO  client.GrpcClientProtocolClient (GrpcClientProtocolClient.java:onNext(255)) - client-A5BCC62C3543->912a7d3b-e3f1-4985-b06b-5f0a929b8060: receive RaftClientReply:client-A5BCC62C3543->912a7d3b-e3f1-4985-b06b-5f0a929b8060@group-3636E5E7603C, cid=346, SUCCESS, logIndex=503, commits[912a7d3b-e3f1-4985-b06b-5f0a929b8060:c505]
2019-07-13 08:32:15,308 INFO  client.GrpcClientProtocolClient (GrpcClientProtocolClient.java:onNext(255)) - client-A5BCC62C3543->912a7d3b-e3f1-4985-b06b-5f0a929b8060: receive RaftClientReply:client-A5BCC62C3543->912a7d3b-e3f1-4985-b06b-5f0a929b8060@group-3636E5E7603C, cid=347, SUCCESS, logIndex=504, commits[912a7d3b-e3f1-4985-b06b-5f0a929b8060:c506]
2019-07-13 08:32:15,308 INFO  client.GrpcClientProtocolClient (GrpcClientProtocolClient.java:onNext(255)) - client-A5BCC62C3543->912a7d3b-e3f1-4985-b06b-5f0a929b8060: receive RaftClientReply:client-A5BCC62C3543->912a7d3b-e3f1-4985-b06b-5f0a929b8060@group-3636E5E7603C, cid=348, SUCCESS, logIndex=505, commits[912a7d3b-e3f1-4985-b06b-5f0a929b8060:c507]
2019-07-13 08:32:15,342 INFO  client.GrpcClientProtocolClient (GrpcClientProtocolClient.java:onNext(255)) - client-A5BCC62C3543->912a7d3b-e3f1-4985-b06b-5f0a929b8060: receive RaftClientReply:client-A5BCC62C3543->912a7d3b-e3f1-4985-b06b-5f0a929b8060@group-3636E5E7603C, cid=349, SUCCESS, logIndex=508, commits[912a7d3b-e3f1-4985-b06b-5f0a929b8060:c511]
2019-07-13 08:32:15,343 INFO  client.GrpcClientProtocolClient (GrpcClientProtocolClient.java:onNext(255)) - client-A5BCC62C3543->912a7d3b-e3f1-4985-b06b-5f0a929b8060: receive RaftClientReply:client-A5BCC62C3543->912a7d3b-e3f1-4985-b06b-5f0a929b8060@group-3636E5E7603C, cid=350, SUCCESS, logIndex=509, commits[912a7d3b-e3f1-4985-b06b-5f0a929b8060:c511]
2019-07-13 08:32:15,343 INFO  client.GrpcClientProtocolClient (GrpcClientProtocolClient.java:onNext(255)) - client-A5BCC62C3543->912a7d3b-e3f1-4985-b06b-5f0a929b8060: receive RaftClientReply:client-A5BCC62C3543->912a7d3b-e3f1-4985-b06b-5f0a929b8060@group-3636E5E7603C, cid=351, SUCCESS, logIndex=510, commits[912a7d3b-e3f1-4985-b06b-5f0a929b8060:c511]
2019-07-13 08:32:15,344 INFO  client.GrpcClientProtocolClient (GrpcClientProtocolClient.java:onNext(255)) - client-A5BCC62C3543->912a7d3b-e3f1-4985-b06b-5f0a929b8060: receive RaftClientReply:client-A5BCC62C3543->912a7d3b-e3f1-4985-b06b-5f0a929b8060@group-3636E5E7603C, cid=352, SUCCESS, logIndex=511, commits[912a7d3b-e3f1-4985-b06b-5f0a929b8060:c511]
2019-07-13 08:32:15,383 DEBUG block.SCMBlockDeletingService (SCMBlockDeletingService.java:call(138)) - Running DeletedBlockTransactionScanner
2019-07-13 08:32:15,383 DEBUG block.SCMBlockDeletingService (SCMBlockDeletingService.java:call(155)) - Scanned deleted blocks log and got 0 delTX to process.
2019-07-13 08:32:15,483 DEBUG block.SCMBlockDeletingService (SCMBlockDeletingService.java:call(138)) - Running DeletedBlockTransactionScanner
2019-07-13 08:32:15,484 DEBUG block.SCMBlockDeletingService (SCMBlockDeletingService.java:call(155)) - Scanned deleted blocks log and got 0 delTX to process.
2019-07-13 08:32:15,490 INFO  client.GrpcClientProtocolClient (GrpcClientProtocolClient.java:onNext(255)) - client-A5BCC62C3543->912a7d3b-e3f1-4985-b06b-5f0a929b8060: receive RaftClientReply:client-A5BCC62C3543->912a7d3b-e3f1-4985-b06b-5f0a929b8060@group-3636E5E7603C, cid=353, SUCCESS, logIndex=514, commits[912a7d3b-e3f1-4985-b06b-5f0a929b8060:c515]
2019-07-13 08:32:15,491 INFO  client.GrpcClientProtocolClient (GrpcClientProtocolClient.java:onNext(255)) - client-A5BCC62C3543->912a7d3b-e3f1-4985-b06b-5f0a929b8060: receive RaftClientReply:client-A5BCC62C3543->912a7d3b-e3f1-4985-b06b-5f0a929b8060@group-3636E5E7603C, cid=354, SUCCESS, logIndex=515, commits[912a7d3b-e3f1-4985-b06b-5f0a929b8060:c517]
2019-07-13 08:32:15,492 INFO  client.GrpcClientProtocolClient (GrpcClientProtocolClient.java:onNext(255)) - client-A5BCC62C3543->912a7d3b-e3f1-4985-b06b-5f0a929b8060: receive RaftClientReply:client-A5BCC62C3543->912a7d3b-e3f1-4985-b06b-5f0a929b8060@group-3636E5E7603C, cid=355, SUCCESS, logIndex=516, commits[912a7d3b-e3f1-4985-b06b-5f0a929b8060:c518]
2019-07-13 08:32:15,492 INFO  client.GrpcClientProtocolClient (GrpcClientProtocolClient.java:onNext(255)) - client-A5BCC62C3543->912a7d3b-e3f1-4985-b06b-5f0a929b8060: receive RaftClientReply:client-A5BCC62C3543->912a7d3b-e3f1-4985-b06b-5f0a929b8060@group-3636E5E7603C, cid=356, SUCCESS, logIndex=517, commits[912a7d3b-e3f1-4985-b06b-5f0a929b8060:c519]
2019-07-13 08:32:15,517 INFO  client.GrpcClientProtocolClient (GrpcClientProtocolClient.java:onNext(255)) - client-A5BCC62C3543->912a7d3b-e3f1-4985-b06b-5f0a929b8060: receive RaftClientReply:client-A5BCC62C3543->912a7d3b-e3f1-4985-b06b-5f0a929b8060@group-3636E5E7603C, cid=357, SUCCESS, logIndex=520, commits[912a7d3b-e3f1-4985-b06b-5f0a929b8060:c521]
2019-07-13 08:32:15,519 INFO  client.GrpcClientProtocolClient (GrpcClientProtocolClient.java:onNext(255)) - client-A5BCC62C3543->912a7d3b-e3f1-4985-b06b-5f0a929b8060: receive RaftClientReply:client-A5BCC62C3543->912a7d3b-e3f1-4985-b06b-5f0a929b8060@group-3636E5E7603C, cid=358, SUCCESS, logIndex=521, commits[912a7d3b-e3f1-4985-b06b-5f0a929b8060:c523]
2019-07-13 08:32:15,520 INFO  client.GrpcClientProtocolClient (GrpcClientProtocolClient.java:onNext(255)) - client-A5BCC62C3543->912a7d3b-e3f1-4985-b06b-5f0a929b8060: receive RaftClientReply:client-A5BCC62C3543->912a7d3b-e3f1-4985-b06b-5f0a929b8060@group-3636E5E7603C, cid=359, SUCCESS, logIndex=522, commits[912a7d3b-e3f1-4985-b06b-5f0a929b8060:c525]
2019-07-13 08:32:15,520 INFO  client.GrpcClientProtocolClient (GrpcClientProtocolClient.java:onNext(255)) - client-A5BCC62C3543->912a7d3b-e3f1-4985-b06b-5f0a929b8060: receive RaftClientReply:client-A5BCC62C3543->912a7d3b-e3f1-4985-b06b-5f0a929b8060@group-3636E5E7603C, cid=360, SUCCESS, logIndex=523, commits[912a7d3b-e3f1-4985-b06b-5f0a929b8060:c525]
2019-07-13 08:32:15,649 DEBUG block.SCMBlockDeletingService (SCMBlockDeletingService.java:call(138)) - Running DeletedBlockTransactionScanner
2019-07-13 08:32:15,650 DEBUG block.SCMBlockDeletingService (SCMBlockDeletingService.java:call(155)) - Scanned deleted blocks log and got 0 delTX to process.
2019-07-13 08:32:15,668 INFO  client.GrpcClientProtocolClient (GrpcClientProtocolClient.java:onNext(255)) - client-A5BCC62C3543->912a7d3b-e3f1-4985-b06b-5f0a929b8060: receive RaftClientReply:client-A5BCC62C3543->912a7d3b-e3f1-4985-b06b-5f0a929b8060@group-3636E5E7603C, cid=361, SUCCESS, logIndex=526, commits[912a7d3b-e3f1-4985-b06b-5f0a929b8060:c529]
2019-07-13 08:32:15,669 INFO  client.GrpcClientProtocolClient (GrpcClientProtocolClient.java:onNext(255)) - client-A5BCC62C3543->912a7d3b-e3f1-4985-b06b-5f0a929b8060: receive RaftClientReply:client-A5BCC62C3543->912a7d3b-e3f1-4985-b06b-5f0a929b8060@group-3636E5E7603C, cid=362, SUCCESS, logIndex=527, commits[912a7d3b-e3f1-4985-b06b-5f0a929b8060:c529]
2019-07-13 08:32:15,670 INFO  client.GrpcClientProtocolClient (GrpcClientProtocolClient.java:onNext(255)) - client-A5BCC62C3543->912a7d3b-e3f1-4985-b06b-5f0a929b8060: receive RaftClientReply:client-A5BCC62C3543->912a7d3b-e3f1-4985-b06b-5f0a929b8060@group-3636E5E7603C, cid=363, SUCCESS, logIndex=528, commits[912a7d3b-e3f1-4985-b06b-5f0a929b8060:c530]
2019-07-13 08:32:15,671 INFO  client.GrpcClientProtocolClient (GrpcClientProtocolClient.java:onNext(255)) - client-A5BCC62C3543->912a7d3b-e3f1-4985-b06b-5f0a929b8060: receive RaftClientReply:client-A5BCC62C3543->912a7d3b-e3f1-4985-b06b-5f0a929b8060@group-3636E5E7603C, cid=364, SUCCESS, logIndex=529, commits[912a7d3b-e3f1-4985-b06b-5f0a929b8060:c530]
2019-07-13 08:32:15,694 INFO  client.GrpcClientProtocolClient (GrpcClientProtocolClient.java:onNext(255)) - client-A5BCC62C3543->912a7d3b-e3f1-4985-b06b-5f0a929b8060: receive RaftClientReply:client-A5BCC62C3543->912a7d3b-e3f1-4985-b06b-5f0a929b8060@group-3636E5E7603C, cid=365, SUCCESS, logIndex=532, commits[912a7d3b-e3f1-4985-b06b-5f0a929b8060:c535]
2019-07-13 08:32:15,695 INFO  client.GrpcClientProtocolClient (GrpcClientProtocolClient.java:onNext(255)) - client-A5BCC62C3543->912a7d3b-e3f1-4985-b06b-5f0a929b8060: receive RaftClientReply:client-A5BCC62C3543->912a7d3b-e3f1-4985-b06b-5f0a929b8060@group-3636E5E7603C, cid=366, SUCCESS, logIndex=533, commits[912a7d3b-e3f1-4985-b06b-5f0a929b8060:c536]
2019-07-13 08:32:15,695 INFO  client.GrpcClientProtocolClient (GrpcClientProtocolClient.java:onNext(255)) - client-A5BCC62C3543->912a7d3b-e3f1-4985-b06b-5f0a929b8060: receive RaftClientReply:client-A5BCC62C3543->912a7d3b-e3f1-4985-b06b-5f0a929b8060@group-3636E5E7603C, cid=367, SUCCESS, logIndex=534, commits[912a7d3b-e3f1-4985-b06b-5f0a929b8060:c537]
2019-07-13 08:32:15,696 INFO  client.GrpcClientProtocolClient (GrpcClientProtocolClient.java:onNext(255)) - client-A5BCC62C3543->912a7d3b-e3f1-4985-b06b-5f0a929b8060: receive RaftClientReply:client-A5BCC62C3543->912a7d3b-e3f1-4985-b06b-5f0a929b8060@group-3636E5E7603C, cid=368, SUCCESS, logIndex=535, commits[912a7d3b-e3f1-4985-b06b-5f0a929b8060:c537]
2019-07-13 08:32:15,727 INFO  client.GrpcClientProtocolClient (GrpcClientProtocolClient.java:onNext(255)) - client-A5BCC62C3543->912a7d3b-e3f1-4985-b06b-5f0a929b8060: receive RaftClientReply:client-A5BCC62C3543->912a7d3b-e3f1-4985-b06b-5f0a929b8060@group-3636E5E7603C, cid=369, SUCCESS, logIndex=538, commits[912a7d3b-e3f1-4985-b06b-5f0a929b8060:c541]
2019-07-13 08:32:15,728 INFO  client.GrpcClientProtocolClient (GrpcClientProtocolClient.java:onNext(255)) - client-A5BCC62C3543->912a7d3b-e3f1-4985-b06b-5f0a929b8060: receive RaftClientReply:client-A5BCC62C3543->912a7d3b-e3f1-4985-b06b-5f0a929b8060@group-3636E5E7603C, cid=370, SUCCESS, logIndex=539, commits[912a7d3b-e3f1-4985-b06b-5f0a929b8060:c541]
2019-07-13 08:32:15,728 INFO  client.GrpcClientProtocolClient (GrpcClientProtocolClient.java:onNext(255)) - client-A5BCC62C3543->912a7d3b-e3f1-4985-b06b-5f0a929b8060: receive RaftClientReply:client-A5BCC62C3543->912a7d3b-e3f1-4985-b06b-5f0a929b8060@group-3636E5E7603C, cid=371, SUCCESS, logIndex=540, commits[912a7d3b-e3f1-4985-b06b-5f0a929b8060:c541]
2019-07-13 08:32:15,729 INFO  client.GrpcClientProtocolClient (GrpcClientProtocolClient.java:onNext(255)) - client-A5BCC62C3543->912a7d3b-e3f1-4985-b06b-5f0a929b8060: receive RaftClientReply:client-A5BCC62C3543->912a7d3b-e3f1-4985-b06b-5f0a929b8060@group-3636E5E7603C, cid=372, SUCCESS, logIndex=541, commits[912a7d3b-e3f1-4985-b06b-5f0a929b8060:c541]
2019-07-13 08:32:15,741 INFO  client.GrpcClientProtocolClient (GrpcClientProtocolClient.java:onNext(255)) - client-A5BCC62C3543->912a7d3b-e3f1-4985-b06b-5f0a929b8060: receive RaftClientReply:client-A5BCC62C3543->912a7d3b-e3f1-4985-b06b-5f0a929b8060@group-3636E5E7603C, cid=373, SUCCESS, logIndex=544, commits[912a7d3b-e3f1-4985-b06b-5f0a929b8060:c545]
2019-07-13 08:32:15,742 INFO  client.GrpcClientProtocolClient (GrpcClientProtocolClient.java:onNext(255)) - client-A5BCC62C3543->912a7d3b-e3f1-4985-b06b-5f0a929b8060: receive RaftClientReply:client-A5BCC62C3543->912a7d3b-e3f1-4985-b06b-5f0a929b8060@group-3636E5E7603C, cid=374, SUCCESS, logIndex=545, commits[912a7d3b-e3f1-4985-b06b-5f0a929b8060:c545]
2019-07-13 08:32:15,750 DEBUG block.SCMBlockDeletingService (SCMBlockDeletingService.java:call(138)) - Running DeletedBlockTransactionScanner
2019-07-13 08:32:15,750 DEBUG block.SCMBlockDeletingService (SCMBlockDeletingService.java:call(155)) - Scanned deleted blocks log and got 0 delTX to process.
2019-07-13 08:32:15,754 INFO  client.GrpcClientProtocolClient (GrpcClientProtocolClient.java:onNext(255)) - client-A5BCC62C3543->912a7d3b-e3f1-4985-b06b-5f0a929b8060: receive RaftClientReply:client-A5BCC62C3543->912a7d3b-e3f1-4985-b06b-5f0a929b8060@group-3636E5E7603C, cid=375, SUCCESS, logIndex=546, commits[912a7d3b-e3f1-4985-b06b-5f0a929b8060:c548]
2019-07-13 08:32:15,755 INFO  client.GrpcClientProtocolClient (GrpcClientProtocolClient.java:onNext(255)) - client-A5BCC62C3543->912a7d3b-e3f1-4985-b06b-5f0a929b8060: receive RaftClientReply:client-A5BCC62C3543->912a7d3b-e3f1-4985-b06b-5f0a929b8060@group-3636E5E7603C, cid=376, SUCCESS, logIndex=548, commits[912a7d3b-e3f1-4985-b06b-5f0a929b8060:c549]
2019-07-13 08:32:15,785 INFO  client.GrpcClientProtocolClient (GrpcClientProtocolClient.java:onNext(255)) - client-A5BCC62C3543->912a7d3b-e3f1-4985-b06b-5f0a929b8060: receive RaftClientReply:client-A5BCC62C3543->912a7d3b-e3f1-4985-b06b-5f0a929b8060@group-3636E5E7603C, cid=377, SUCCESS, logIndex=550, commits[912a7d3b-e3f1-4985-b06b-5f0a929b8060:c553]
2019-07-13 08:32:15,786 INFO  client.GrpcClientProtocolClient (GrpcClientProtocolClient.java:onNext(255)) - client-A5BCC62C3543->912a7d3b-e3f1-4985-b06b-5f0a929b8060: receive RaftClientReply:client-A5BCC62C3543->912a7d3b-e3f1-4985-b06b-5f0a929b8060@group-3636E5E7603C, cid=378, SUCCESS, logIndex=551, commits[912a7d3b-e3f1-4985-b06b-5f0a929b8060:c554]
2019-07-13 08:32:15,786 INFO  client.GrpcClientProtocolClient (GrpcClientProtocolClient.java:onNext(255)) - client-A5BCC62C3543->912a7d3b-e3f1-4985-b06b-5f0a929b8060: receive RaftClientReply:client-A5BCC62C3543->912a7d3b-e3f1-4985-b06b-5f0a929b8060@group-3636E5E7603C, cid=379, SUCCESS, logIndex=552, commits[912a7d3b-e3f1-4985-b06b-5f0a929b8060:c555]
2019-07-13 08:32:15,787 INFO  client.GrpcClientProtocolClient (GrpcClientProtocolClient.java:onNext(255)) - client-A5BCC62C3543->912a7d3b-e3f1-4985-b06b-5f0a929b8060: receive RaftClientReply:client-A5BCC62C3543->912a7d3b-e3f1-4985-b06b-5f0a929b8060@group-3636E5E7603C, cid=380, SUCCESS, logIndex=553, commits[912a7d3b-e3f1-4985-b06b-5f0a929b8060:c555]
2019-07-13 08:32:15,808 INFO  client.GrpcClientProtocolClient (GrpcClientProtocolClient.java:onNext(255)) - client-A5BCC62C3543->912a7d3b-e3f1-4985-b06b-5f0a929b8060: receive RaftClientReply:client-A5BCC62C3543->912a7d3b-e3f1-4985-b06b-5f0a929b8060@group-3636E5E7603C, cid=381, SUCCESS, logIndex=556, commits[912a7d3b-e3f1-4985-b06b-5f0a929b8060:c559]
2019-07-13 08:32:15,809 INFO  client.GrpcClientProtocolClient (GrpcClientProtocolClient.java:onNext(255)) - client-A5BCC62C3543->912a7d3b-e3f1-4985-b06b-5f0a929b8060: receive RaftClientReply:client-A5BCC62C3543->912a7d3b-e3f1-4985-b06b-5f0a929b8060@group-3636E5E7603C, cid=382, SUCCESS, logIndex=557, commits[912a7d3b-e3f1-4985-b06b-5f0a929b8060:c560]
2019-07-13 08:32:15,810 INFO  client.GrpcClientProtocolClient (GrpcClientProtocolClient.java:onNext(255)) - client-A5BCC62C3543->912a7d3b-e3f1-4985-b06b-5f0a929b8060: receive RaftClientReply:client-A5BCC62C3543->912a7d3b-e3f1-4985-b06b-5f0a929b8060@group-3636E5E7603C, cid=383, SUCCESS, logIndex=558, commits[912a7d3b-e3f1-4985-b06b-5f0a929b8060:c561]
2019-07-13 08:32:15,810 INFO  client.GrpcClientProtocolClient (GrpcClientProtocolClient.java:onNext(255)) - client-A5BCC62C3543->912a7d3b-e3f1-4985-b06b-5f0a929b8060: receive RaftClientReply:client-A5BCC62C3543->912a7d3b-e3f1-4985-b06b-5f0a929b8060@group-3636E5E7603C, cid=384, SUCCESS, logIndex=559, commits[912a7d3b-e3f1-4985-b06b-5f0a929b8060:c561]
2019-07-13 08:32:15,840 INFO  client.GrpcClientProtocolClient (GrpcClientProtocolClient.java:onNext(255)) - client-A5BCC62C3543->912a7d3b-e3f1-4985-b06b-5f0a929b8060: receive RaftClientReply:client-A5BCC62C3543->912a7d3b-e3f1-4985-b06b-5f0a929b8060@group-3636E5E7603C, cid=385, SUCCESS, logIndex=562, commits[912a7d3b-e3f1-4985-b06b-5f0a929b8060:c563]
2019-07-13 08:32:15,840 INFO  client.GrpcClientProtocolClient (GrpcClientProtocolClient.java:onNext(255)) - client-A5BCC62C3543->912a7d3b-e3f1-4985-b06b-5f0a929b8060: receive RaftClientReply:client-A5BCC62C3543->912a7d3b-e3f1-4985-b06b-5f0a929b8060@group-3636E5E7603C, cid=386, SUCCESS, logIndex=563, commits[912a7d3b-e3f1-4985-b06b-5f0a929b8060:c563]
2019-07-13 08:32:15,841 INFO  client.GrpcClientProtocolClient (GrpcClientProtocolClient.java:onNext(255)) - client-A5BCC62C3543->912a7d3b-e3f1-4985-b06b-5f0a929b8060: receive RaftClientReply:client-A5BCC62C3543->912a7d3b-e3f1-4985-b06b-5f0a929b8060@group-3636E5E7603C, cid=387, SUCCESS, logIndex=564, commits[912a7d3b-e3f1-4985-b06b-5f0a929b8060:c565]
2019-07-13 08:32:15,842 INFO  client.GrpcClientProtocolClient (GrpcClientProtocolClient.java:onNext(255)) - client-A5BCC62C3543->912a7d3b-e3f1-4985-b06b-5f0a929b8060: receive RaftClientReply:client-A5BCC62C3543->912a7d3b-e3f1-4985-b06b-5f0a929b8060@group-3636E5E7603C, cid=388, SUCCESS, logIndex=565, commits[912a7d3b-e3f1-4985-b06b-5f0a929b8060:c565]
2019-07-13 08:32:15,851 DEBUG block.SCMBlockDeletingService (SCMBlockDeletingService.java:call(138)) - Running DeletedBlockTransactionScanner
2019-07-13 08:32:15,851 DEBUG block.SCMBlockDeletingService (SCMBlockDeletingService.java:call(155)) - Scanned deleted blocks log and got 0 delTX to process.
2019-07-13 08:32:15,853 INFO  client.GrpcClientProtocolClient (GrpcClientProtocolClient.java:onNext(255)) - client-A5BCC62C3543->912a7d3b-e3f1-4985-b06b-5f0a929b8060: receive RaftClientReply:client-A5BCC62C3543->912a7d3b-e3f1-4985-b06b-5f0a929b8060@group-3636E5E7603C, cid=389, SUCCESS, logIndex=568, commits[912a7d3b-e3f1-4985-b06b-5f0a929b8060:c569]
2019-07-13 08:32:15,854 INFO  client.GrpcClientProtocolClient (GrpcClientProtocolClient.java:onNext(255)) - client-A5BCC62C3543->912a7d3b-e3f1-4985-b06b-5f0a929b8060: receive RaftClientReply:client-A5BCC62C3543->912a7d3b-e3f1-4985-b06b-5f0a929b8060@group-3636E5E7603C, cid=390, SUCCESS, logIndex=569, commits[912a7d3b-e3f1-4985-b06b-5f0a929b8060:c569]
2019-07-13 08:32:15,874 INFO  client.GrpcClientProtocolClient (GrpcClientProtocolClient.java:onNext(255)) - client-A5BCC62C3543->912a7d3b-e3f1-4985-b06b-5f0a929b8060: receive RaftClientReply:client-A5BCC62C3543->912a7d3b-e3f1-4985-b06b-5f0a929b8060@group-3636E5E7603C, cid=391, SUCCESS, logIndex=570, commits[912a7d3b-e3f1-4985-b06b-5f0a929b8060:c572]
2019-07-13 08:32:15,874 INFO  client.GrpcClientProtocolClient (GrpcClientProtocolClient.java:onNext(255)) - client-A5BCC62C3543->912a7d3b-e3f1-4985-b06b-5f0a929b8060: receive RaftClientReply:client-A5BCC62C3543->912a7d3b-e3f1-4985-b06b-5f0a929b8060@group-3636E5E7603C, cid=392, SUCCESS, logIndex=571, commits[912a7d3b-e3f1-4985-b06b-5f0a929b8060:c572]
2019-07-13 08:32:15,902 INFO  client.GrpcClientProtocolClient (GrpcClientProtocolClient.java:onNext(255)) - client-A5BCC62C3543->912a7d3b-e3f1-4985-b06b-5f0a929b8060: receive RaftClientReply:client-A5BCC62C3543->912a7d3b-e3f1-4985-b06b-5f0a929b8060@group-3636E5E7603C, cid=393, SUCCESS, logIndex=573, commits[912a7d3b-e3f1-4985-b06b-5f0a929b8060:c574]
2019-07-13 08:32:15,903 INFO  client.GrpcClientProtocolClient (GrpcClientProtocolClient.java:onNext(255)) - client-A5BCC62C3543->912a7d3b-e3f1-4985-b06b-5f0a929b8060: receive RaftClientReply:client-A5BCC62C3543->912a7d3b-e3f1-4985-b06b-5f0a929b8060@group-3636E5E7603C, cid=394, SUCCESS, logIndex=574, commits[912a7d3b-e3f1-4985-b06b-5f0a929b8060:c576]
2019-07-13 08:32:15,903 INFO  client.GrpcClientProtocolClient (GrpcClientProtocolClient.java:onNext(255)) - client-A5BCC62C3543->912a7d3b-e3f1-4985-b06b-5f0a929b8060: receive RaftClientReply:client-A5BCC62C3543->912a7d3b-e3f1-4985-b06b-5f0a929b8060@group-3636E5E7603C, cid=395, SUCCESS, logIndex=575, commits[912a7d3b-e3f1-4985-b06b-5f0a929b8060:c577]
2019-07-13 08:32:15,904 INFO  client.GrpcClientProtocolClient (GrpcClientProtocolClient.java:onNext(255)) - client-A5BCC62C3543->912a7d3b-e3f1-4985-b06b-5f0a929b8060: receive RaftClientReply:client-A5BCC62C3543->912a7d3b-e3f1-4985-b06b-5f0a929b8060@group-3636E5E7603C, cid=396, SUCCESS, logIndex=576, commits[912a7d3b-e3f1-4985-b06b-5f0a929b8060:c578]
2019-07-13 08:32:15,951 DEBUG block.SCMBlockDeletingService (SCMBlockDeletingService.java:call(138)) - Running DeletedBlockTransactionScanner
2019-07-13 08:32:15,952 DEBUG block.SCMBlockDeletingService (SCMBlockDeletingService.java:call(155)) - Scanned deleted blocks log and got 0 delTX to process.
2019-07-13 08:32:16,044 INFO  client.GrpcClientProtocolClient (GrpcClientProtocolClient.java:onNext(255)) - client-A5BCC62C3543->912a7d3b-e3f1-4985-b06b-5f0a929b8060: receive RaftClientReply:client-A5BCC62C3543->912a7d3b-e3f1-4985-b06b-5f0a929b8060@group-3636E5E7603C, cid=397, SUCCESS, logIndex=579, commits[912a7d3b-e3f1-4985-b06b-5f0a929b8060:c580]
2019-07-13 08:32:16,045 INFO  client.GrpcClientProtocolClient (GrpcClientProtocolClient.java:onNext(255)) - client-A5BCC62C3543->912a7d3b-e3f1-4985-b06b-5f0a929b8060: receive RaftClientReply:client-A5BCC62C3543->912a7d3b-e3f1-4985-b06b-5f0a929b8060@group-3636E5E7603C, cid=398, SUCCESS, logIndex=580, commits[912a7d3b-e3f1-4985-b06b-5f0a929b8060:c583]
2019-07-13 08:32:16,046 INFO  client.GrpcClientProtocolClient (GrpcClientProtocolClient.java:onNext(255)) - client-A5BCC62C3543->912a7d3b-e3f1-4985-b06b-5f0a929b8060: receive RaftClientReply:client-A5BCC62C3543->912a7d3b-e3f1-4985-b06b-5f0a929b8060@group-3636E5E7603C, cid=399, SUCCESS, logIndex=581, commits[912a7d3b-e3f1-4985-b06b-5f0a929b8060:c584]
2019-07-13 08:32:16,046 INFO  client.GrpcClientProtocolClient (GrpcClientProtocolClient.java:onNext(255)) - client-A5BCC62C3543->912a7d3b-e3f1-4985-b06b-5f0a929b8060: receive RaftClientReply:client-A5BCC62C3543->912a7d3b-e3f1-4985-b06b-5f0a929b8060@group-3636E5E7603C, cid=400, SUCCESS, logIndex=582, commits[912a7d3b-e3f1-4985-b06b-5f0a929b8060:c584]
2019-07-13 08:32:16,054 DEBUG block.SCMBlockDeletingService (SCMBlockDeletingService.java:call(138)) - Running DeletedBlockTransactionScanner
2019-07-13 08:32:16,055 DEBUG block.SCMBlockDeletingService (SCMBlockDeletingService.java:call(155)) - Scanned deleted blocks log and got 0 delTX to process.
2019-07-13 08:32:16,076 INFO  client.GrpcClientProtocolClient (GrpcClientProtocolClient.java:onNext(255)) - client-A5BCC62C3543->912a7d3b-e3f1-4985-b06b-5f0a929b8060: receive RaftClientReply:client-A5BCC62C3543->912a7d3b-e3f1-4985-b06b-5f0a929b8060@group-3636E5E7603C, cid=401, SUCCESS, logIndex=585, commits[912a7d3b-e3f1-4985-b06b-5f0a929b8060:c588]
2019-07-13 08:32:16,077 INFO  client.GrpcClientProtocolClient (GrpcClientProtocolClient.java:onNext(255)) - client-A5BCC62C3543->912a7d3b-e3f1-4985-b06b-5f0a929b8060: receive RaftClientReply:client-A5BCC62C3543->912a7d3b-e3f1-4985-b06b-5f0a929b8060@group-3636E5E7603C, cid=402, SUCCESS, logIndex=586, commits[912a7d3b-e3f1-4985-b06b-5f0a929b8060:c589]
2019-07-13 08:32:16,077 INFO  client.GrpcClientProtocolClient (GrpcClientProtocolClient.java:onNext(255)) - client-A5BCC62C3543->912a7d3b-e3f1-4985-b06b-5f0a929b8060: receive RaftClientReply:client-A5BCC62C3543->912a7d3b-e3f1-4985-b06b-5f0a929b8060@group-3636E5E7603C, cid=403, SUCCESS, logIndex=587, commits[912a7d3b-e3f1-4985-b06b-5f0a929b8060:c590]
2019-07-13 08:32:16,078 INFO  client.GrpcClientProtocolClient (GrpcClientProtocolClient.java:onNext(255)) - client-A5BCC62C3543->912a7d3b-e3f1-4985-b06b-5f0a929b8060: receive RaftClientReply:client-A5BCC62C3543->912a7d3b-e3f1-4985-b06b-5f0a929b8060@group-3636E5E7603C, cid=404, SUCCESS, logIndex=588, commits[912a7d3b-e3f1-4985-b06b-5f0a929b8060:c590]
2019-07-13 08:32:16,099 INFO  client.GrpcClientProtocolClient (GrpcClientProtocolClient.java:onNext(255)) - client-A5BCC62C3543->912a7d3b-e3f1-4985-b06b-5f0a929b8060: receive RaftClientReply:client-A5BCC62C3543->912a7d3b-e3f1-4985-b06b-5f0a929b8060@group-3636E5E7603C, cid=405, SUCCESS, logIndex=591, commits[912a7d3b-e3f1-4985-b06b-5f0a929b8060:c592]
2019-07-13 08:32:16,100 INFO  client.GrpcClientProtocolClient (GrpcClientProtocolClient.java:onNext(255)) - client-A5BCC62C3543->912a7d3b-e3f1-4985-b06b-5f0a929b8060: receive RaftClientReply:client-A5BCC62C3543->912a7d3b-e3f1-4985-b06b-5f0a929b8060@group-3636E5E7603C, cid=406, SUCCESS, logIndex=592, commits[912a7d3b-e3f1-4985-b06b-5f0a929b8060:c594]
2019-07-13 08:32:16,101 INFO  client.GrpcClientProtocolClient (GrpcClientProtocolClient.java:onNext(255)) - client-A5BCC62C3543->912a7d3b-e3f1-4985-b06b-5f0a929b8060: receive RaftClientReply:client-A5BCC62C3543->912a7d3b-e3f1-4985-b06b-5f0a929b8060@group-3636E5E7603C, cid=407, SUCCESS, logIndex=593, commits[912a7d3b-e3f1-4985-b06b-5f0a929b8060:c596]
2019-07-13 08:32:16,102 INFO  client.GrpcClientProtocolClient (GrpcClientProtocolClient.java:onNext(255)) - client-A5BCC62C3543->912a7d3b-e3f1-4985-b06b-5f0a929b8060: receive RaftClientReply:client-A5BCC62C3543->912a7d3b-e3f1-4985-b06b-5f0a929b8060@group-3636E5E7603C, cid=408, SUCCESS, logIndex=594, commits[912a7d3b-e3f1-4985-b06b-5f0a929b8060:c596]
2019-07-13 08:32:16,155 DEBUG block.SCMBlockDeletingService (SCMBlockDeletingService.java:call(138)) - Running DeletedBlockTransactionScanner
2019-07-13 08:32:16,155 DEBUG block.SCMBlockDeletingService (SCMBlockDeletingService.java:call(155)) - Scanned deleted blocks log and got 0 delTX to process.
2019-07-13 08:32:16,173 INFO  client.GrpcClientProtocolClient (GrpcClientProtocolClient.java:onNext(255)) - client-A5BCC62C3543->912a7d3b-e3f1-4985-b06b-5f0a929b8060: receive RaftClientReply:client-A5BCC62C3543->912a7d3b-e3f1-4985-b06b-5f0a929b8060@group-3636E5E7603C, cid=409, SUCCESS, logIndex=597, commits[912a7d3b-e3f1-4985-b06b-5f0a929b8060:c600]
2019-07-13 08:32:16,174 INFO  client.GrpcClientProtocolClient (GrpcClientProtocolClient.java:onNext(255)) - client-A5BCC62C3543->912a7d3b-e3f1-4985-b06b-5f0a929b8060: receive RaftClientReply:client-A5BCC62C3543->912a7d3b-e3f1-4985-b06b-5f0a929b8060@group-3636E5E7603C, cid=410, SUCCESS, logIndex=598, commits[912a7d3b-e3f1-4985-b06b-5f0a929b8060:c601]
2019-07-13 08:32:16,174 INFO  client.GrpcClientProtocolClient (GrpcClientProtocolClient.java:onNext(255)) - client-A5BCC62C3543->912a7d3b-e3f1-4985-b06b-5f0a929b8060: receive RaftClientReply:client-A5BCC62C3543->912a7d3b-e3f1-4985-b06b-5f0a929b8060@group-3636E5E7603C, cid=411, SUCCESS, logIndex=599, commits[912a7d3b-e3f1-4985-b06b-5f0a929b8060:c602]
2019-07-13 08:32:16,175 INFO  client.GrpcClientProtocolClient (GrpcClientProtocolClient.java:onNext(255)) - client-A5BCC62C3543->912a7d3b-e3f1-4985-b06b-5f0a929b8060: receive RaftClientReply:client-A5BCC62C3543->912a7d3b-e3f1-4985-b06b-5f0a929b8060@group-3636E5E7603C, cid=412, SUCCESS, logIndex=600, commits[912a7d3b-e3f1-4985-b06b-5f0a929b8060:c602]
2019-07-13 08:32:16,193 INFO  client.GrpcClientProtocolClient (GrpcClientProtocolClient.java:onNext(255)) - client-A5BCC62C3543->912a7d3b-e3f1-4985-b06b-5f0a929b8060: receive RaftClientReply:client-A5BCC62C3543->912a7d3b-e3f1-4985-b06b-5f0a929b8060@group-3636E5E7603C, cid=413, SUCCESS, logIndex=603, commits[912a7d3b-e3f1-4985-b06b-5f0a929b8060:c604]
2019-07-13 08:32:16,194 INFO  client.GrpcClientProtocolClient (GrpcClientProtocolClient.java:onNext(255)) - client-A5BCC62C3543->912a7d3b-e3f1-4985-b06b-5f0a929b8060: receive RaftClientReply:client-A5BCC62C3543->912a7d3b-e3f1-4985-b06b-5f0a929b8060@group-3636E5E7603C, cid=414, SUCCESS, logIndex=604, commits[912a7d3b-e3f1-4985-b06b-5f0a929b8060:c606]
2019-07-13 08:32:16,195 INFO  client.GrpcClientProtocolClient (GrpcClientProtocolClient.java:onNext(255)) - client-A5BCC62C3543->912a7d3b-e3f1-4985-b06b-5f0a929b8060: receive RaftClientReply:client-A5BCC62C3543->912a7d3b-e3f1-4985-b06b-5f0a929b8060@group-3636E5E7603C, cid=415, SUCCESS, logIndex=605, commits[912a7d3b-e3f1-4985-b06b-5f0a929b8060:c607]
2019-07-13 08:32:16,195 INFO  client.GrpcClientProtocolClient (GrpcClientProtocolClient.java:onNext(255)) - client-A5BCC62C3543->912a7d3b-e3f1-4985-b06b-5f0a929b8060: receive RaftClientReply:client-A5BCC62C3543->912a7d3b-e3f1-4985-b06b-5f0a929b8060@group-3636E5E7603C, cid=416, SUCCESS, logIndex=606, commits[912a7d3b-e3f1-4985-b06b-5f0a929b8060:c608]
2019-07-13 08:32:16,224 INFO  client.GrpcClientProtocolClient (GrpcClientProtocolClient.java:onNext(255)) - client-A5BCC62C3543->912a7d3b-e3f1-4985-b06b-5f0a929b8060: receive RaftClientReply:client-A5BCC62C3543->912a7d3b-e3f1-4985-b06b-5f0a929b8060@group-3636E5E7603C, cid=417, SUCCESS, logIndex=609, commits[912a7d3b-e3f1-4985-b06b-5f0a929b8060:c612]
2019-07-13 08:32:16,225 INFO  client.GrpcClientProtocolClient (GrpcClientProtocolClient.java:onNext(255)) - client-A5BCC62C3543->912a7d3b-e3f1-4985-b06b-5f0a929b8060: receive RaftClientReply:client-A5BCC62C3543->912a7d3b-e3f1-4985-b06b-5f0a929b8060@group-3636E5E7603C, cid=418, SUCCESS, logIndex=610, commits[912a7d3b-e3f1-4985-b06b-5f0a929b8060:c613]
2019-07-13 08:32:16,225 INFO  client.GrpcClientProtocolClient (GrpcClientProtocolClient.java:onNext(255)) - client-A5BCC62C3543->912a7d3b-e3f1-4985-b06b-5f0a929b8060: receive RaftClientReply:client-A5BCC62C3543->912a7d3b-e3f1-4985-b06b-5f0a929b8060@group-3636E5E7603C, cid=419, SUCCESS, logIndex=611, commits[912a7d3b-e3f1-4985-b06b-5f0a929b8060:c614]
2019-07-13 08:32:16,226 INFO  client.GrpcClientProtocolClient (GrpcClientProtocolClient.java:onNext(255)) - client-A5BCC62C3543->912a7d3b-e3f1-4985-b06b-5f0a929b8060: receive RaftClientReply:client-A5BCC62C3543->912a7d3b-e3f1-4985-b06b-5f0a929b8060@group-3636E5E7603C, cid=420, SUCCESS, logIndex=612, commits[912a7d3b-e3f1-4985-b06b-5f0a929b8060:c614]
2019-07-13 08:32:16,248 INFO  client.GrpcClientProtocolClient (GrpcClientProtocolClient.java:onNext(255)) - client-A5BCC62C3543->912a7d3b-e3f1-4985-b06b-5f0a929b8060: receive RaftClientReply:client-A5BCC62C3543->912a7d3b-e3f1-4985-b06b-5f0a929b8060@group-3636E5E7603C, cid=421, SUCCESS, logIndex=615, commits[912a7d3b-e3f1-4985-b06b-5f0a929b8060:c616]
2019-07-13 08:32:16,248 INFO  client.GrpcClientProtocolClient (GrpcClientProtocolClient.java:onNext(255)) - client-A5BCC62C3543->912a7d3b-e3f1-4985-b06b-5f0a929b8060: receive RaftClientReply:client-A5BCC62C3543->912a7d3b-e3f1-4985-b06b-5f0a929b8060@group-3636E5E7603C, cid=422, SUCCESS, logIndex=616, commits[912a7d3b-e3f1-4985-b06b-5f0a929b8060:c618]
2019-07-13 08:32:16,249 INFO  client.GrpcClientProtocolClient (GrpcClientProtocolClient.java:onNext(255)) - client-A5BCC62C3543->912a7d3b-e3f1-4985-b06b-5f0a929b8060: receive RaftClientReply:client-A5BCC62C3543->912a7d3b-e3f1-4985-b06b-5f0a929b8060@group-3636E5E7603C, cid=423, SUCCESS, logIndex=617, commits[912a7d3b-e3f1-4985-b06b-5f0a929b8060:c618]
2019-07-13 08:32:16,250 INFO  client.GrpcClientProtocolClient (GrpcClientProtocolClient.java:onNext(255)) - client-A5BCC62C3543->912a7d3b-e3f1-4985-b06b-5f0a929b8060: receive RaftClientReply:client-A5BCC62C3543->912a7d3b-e3f1-4985-b06b-5f0a929b8060@group-3636E5E7603C, cid=424, SUCCESS, logIndex=618, commits[912a7d3b-e3f1-4985-b06b-5f0a929b8060:c618]
2019-07-13 08:32:16,256 DEBUG block.SCMBlockDeletingService (SCMBlockDeletingService.java:call(138)) - Running DeletedBlockTransactionScanner
2019-07-13 08:32:16,256 DEBUG block.SCMBlockDeletingService (SCMBlockDeletingService.java:call(155)) - Scanned deleted blocks log and got 0 delTX to process.
2019-07-13 08:32:16,276 INFO  client.GrpcClientProtocolClient (GrpcClientProtocolClient.java:onNext(255)) - client-A5BCC62C3543->912a7d3b-e3f1-4985-b06b-5f0a929b8060: receive RaftClientReply:client-A5BCC62C3543->912a7d3b-e3f1-4985-b06b-5f0a929b8060@group-3636E5E7603C, cid=425, SUCCESS, logIndex=621, commits[912a7d3b-e3f1-4985-b06b-5f0a929b8060:c622]
2019-07-13 08:32:16,277 INFO  client.GrpcClientProtocolClient (GrpcClientProtocolClient.java:onNext(255)) - client-A5BCC62C3543->912a7d3b-e3f1-4985-b06b-5f0a929b8060: receive RaftClientReply:client-A5BCC62C3543->912a7d3b-e3f1-4985-b06b-5f0a929b8060@group-3636E5E7603C, cid=426, SUCCESS, logIndex=622, commits[912a7d3b-e3f1-4985-b06b-5f0a929b8060:c622]
2019-07-13 08:32:16,278 INFO  client.GrpcClientProtocolClient (GrpcClientProtocolClient.java:onNext(255)) - client-A5BCC62C3543->912a7d3b-e3f1-4985-b06b-5f0a929b8060: receive RaftClientReply:client-A5BCC62C3543->912a7d3b-e3f1-4985-b06b-5f0a929b8060@group-3636E5E7603C, cid=427, SUCCESS, logIndex=623, commits[912a7d3b-e3f1-4985-b06b-5f0a929b8060:c624]
2019-07-13 08:32:16,279 INFO  client.GrpcClientProtocolClient (GrpcClientProtocolClient.java:onNext(255)) - client-A5BCC62C3543->912a7d3b-e3f1-4985-b06b-5f0a929b8060: receive RaftClientReply:client-A5BCC62C3543->912a7d3b-e3f1-4985-b06b-5f0a929b8060@group-3636E5E7603C, cid=428, SUCCESS, logIndex=624, commits[912a7d3b-e3f1-4985-b06b-5f0a929b8060:c624]
2019-07-13 08:32:16,291 INFO  client.GrpcClientProtocolClient (GrpcClientProtocolClient.java:onNext(255)) - client-A5BCC62C3543->912a7d3b-e3f1-4985-b06b-5f0a929b8060: receive RaftClientReply:client-A5BCC62C3543->912a7d3b-e3f1-4985-b06b-5f0a929b8060@group-3636E5E7603C, cid=429, SUCCESS, logIndex=627, commits[912a7d3b-e3f1-4985-b06b-5f0a929b8060:c628]
2019-07-13 08:32:16,292 INFO  client.GrpcClientProtocolClient (GrpcClientProtocolClient.java:onNext(255)) - client-A5BCC62C3543->912a7d3b-e3f1-4985-b06b-5f0a929b8060: receive RaftClientReply:client-A5BCC62C3543->912a7d3b-e3f1-4985-b06b-5f0a929b8060@group-3636E5E7603C, cid=430, SUCCESS, logIndex=628, commits[912a7d3b-e3f1-4985-b06b-5f0a929b8060:c628]
2019-07-13 08:32:16,303 INFO  client.GrpcClientProtocolClient (GrpcClientProtocolClient.java:onNext(255)) - client-A5BCC62C3543->912a7d3b-e3f1-4985-b06b-5f0a929b8060: receive RaftClientReply:client-A5BCC62C3543->912a7d3b-e3f1-4985-b06b-5f0a929b8060@group-3636E5E7603C, cid=431, SUCCESS, logIndex=629, commits[912a7d3b-e3f1-4985-b06b-5f0a929b8060:c631]
2019-07-13 08:32:16,304 INFO  client.GrpcClientProtocolClient (GrpcClientProtocolClient.java:onNext(255)) - client-A5BCC62C3543->912a7d3b-e3f1-4985-b06b-5f0a929b8060: receive RaftClientReply:client-A5BCC62C3543->912a7d3b-e3f1-4985-b06b-5f0a929b8060@group-3636E5E7603C, cid=432, SUCCESS, logIndex=630, commits[912a7d3b-e3f1-4985-b06b-5f0a929b8060:c631]
2019-07-13 08:32:16,330 INFO  client.GrpcClientProtocolClient (GrpcClientProtocolClient.java:onNext(255)) - client-A5BCC62C3543->912a7d3b-e3f1-4985-b06b-5f0a929b8060: receive RaftClientReply:client-A5BCC62C3543->912a7d3b-e3f1-4985-b06b-5f0a929b8060@group-3636E5E7603C, cid=433, SUCCESS, logIndex=632, commits[912a7d3b-e3f1-4985-b06b-5f0a929b8060:c635]
2019-07-13 08:32:16,331 INFO  client.GrpcClientProtocolClient (GrpcClientProtocolClient.java:onNext(255)) - client-A5BCC62C3543->912a7d3b-e3f1-4985-b06b-5f0a929b8060: receive RaftClientReply:client-A5BCC62C3543->912a7d3b-e3f1-4985-b06b-5f0a929b8060@group-3636E5E7603C, cid=434, SUCCESS, logIndex=633, commits[912a7d3b-e3f1-4985-b06b-5f0a929b8060:c636]
2019-07-13 08:32:16,332 INFO  client.GrpcClientProtocolClient (GrpcClientProtocolClient.java:onNext(255)) - client-A5BCC62C3543->912a7d3b-e3f1-4985-b06b-5f0a929b8060: receive RaftClientReply:client-A5BCC62C3543->912a7d3b-e3f1-4985-b06b-5f0a929b8060@group-3636E5E7603C, cid=435, SUCCESS, logIndex=634, commits[912a7d3b-e3f1-4985-b06b-5f0a929b8060:c636]
2019-07-13 08:32:16,332 INFO  client.GrpcClientProtocolClient (GrpcClientProtocolClient.java:onNext(255)) - client-A5BCC62C3543->912a7d3b-e3f1-4985-b06b-5f0a929b8060: receive RaftClientReply:client-A5BCC62C3543->912a7d3b-e3f1-4985-b06b-5f0a929b8060@group-3636E5E7603C, cid=436, SUCCESS, logIndex=635, commits[912a7d3b-e3f1-4985-b06b-5f0a929b8060:c637]
2019-07-13 08:32:16,353 INFO  client.GrpcClientProtocolClient (GrpcClientProtocolClient.java:onNext(255)) - client-A5BCC62C3543->912a7d3b-e3f1-4985-b06b-5f0a929b8060: receive RaftClientReply:client-A5BCC62C3543->912a7d3b-e3f1-4985-b06b-5f0a929b8060@group-3636E5E7603C, cid=437, SUCCESS, logIndex=638, commits[912a7d3b-e3f1-4985-b06b-5f0a929b8060:c639]
2019-07-13 08:32:16,354 INFO  client.GrpcClientProtocolClient (GrpcClientProtocolClient.java:onNext(255)) - client-A5BCC62C3543->912a7d3b-e3f1-4985-b06b-5f0a929b8060: receive RaftClientReply:client-A5BCC62C3543->912a7d3b-e3f1-4985-b06b-5f0a929b8060@group-3636E5E7603C, cid=438, SUCCESS, logIndex=639, commits[912a7d3b-e3f1-4985-b06b-5f0a929b8060:c642]
2019-07-13 08:32:16,354 INFO  client.GrpcClientProtocolClient (GrpcClientProtocolClient.java:onNext(255)) - client-A5BCC62C3543->912a7d3b-e3f1-4985-b06b-5f0a929b8060: receive RaftClientReply:client-A5BCC62C3543->912a7d3b-e3f1-4985-b06b-5f0a929b8060@group-3636E5E7603C, cid=439, SUCCESS, logIndex=640, commits[912a7d3b-e3f1-4985-b06b-5f0a929b8060:c642]
2019-07-13 08:32:16,355 INFO  client.GrpcClientProtocolClient (GrpcClientProtocolClient.java:onNext(255)) - client-A5BCC62C3543->912a7d3b-e3f1-4985-b06b-5f0a929b8060: receive RaftClientReply:client-A5BCC62C3543->912a7d3b-e3f1-4985-b06b-5f0a929b8060@group-3636E5E7603C, cid=440, SUCCESS, logIndex=641, commits[912a7d3b-e3f1-4985-b06b-5f0a929b8060:c643]
2019-07-13 08:32:16,356 DEBUG block.SCMBlockDeletingService (SCMBlockDeletingService.java:call(138)) - Running DeletedBlockTransactionScanner
2019-07-13 08:32:16,357 DEBUG block.SCMBlockDeletingService (SCMBlockDeletingService.java:call(155)) - Scanned deleted blocks log and got 0 delTX to process.
2019-07-13 08:32:16,445 INFO  client.GrpcClientProtocolClient (GrpcClientProtocolClient.java:onNext(255)) - client-A5BCC62C3543->912a7d3b-e3f1-4985-b06b-5f0a929b8060: receive RaftClientReply:client-A5BCC62C3543->912a7d3b-e3f1-4985-b06b-5f0a929b8060@group-3636E5E7603C, cid=441, SUCCESS, logIndex=644, commits[912a7d3b-e3f1-4985-b06b-5f0a929b8060:c646]
2019-07-13 08:32:16,446 INFO  client.GrpcClientProtocolClient (GrpcClientProtocolClient.java:onNext(255)) - client-A5BCC62C3543->912a7d3b-e3f1-4985-b06b-5f0a929b8060: receive RaftClientReply:client-A5BCC62C3543->912a7d3b-e3f1-4985-b06b-5f0a929b8060@group-3636E5E7603C, cid=442, SUCCESS, logIndex=645, commits[912a7d3b-e3f1-4985-b06b-5f0a929b8060:c646]
2019-07-13 08:32:16,457 DEBUG block.SCMBlockDeletingService (SCMBlockDeletingService.java:call(138)) - Running DeletedBlockTransactionScanner
2019-07-13 08:32:16,457 DEBUG block.SCMBlockDeletingService (SCMBlockDeletingService.java:call(155)) - Scanned deleted blocks log and got 0 delTX to process.
2019-07-13 08:32:16,558 DEBUG block.SCMBlockDeletingService (SCMBlockDeletingService.java:call(138)) - Running DeletedBlockTransactionScanner
2019-07-13 08:32:16,558 DEBUG block.SCMBlockDeletingService (SCMBlockDeletingService.java:call(155)) - Scanned deleted blocks log and got 0 delTX to process.
2019-07-13 08:32:16,563 INFO  client.GrpcClientProtocolClient (GrpcClientProtocolClient.java:onNext(255)) - client-A5BCC62C3543->912a7d3b-e3f1-4985-b06b-5f0a929b8060: receive RaftClientReply:client-A5BCC62C3543->912a7d3b-e3f1-4985-b06b-5f0a929b8060@group-3636E5E7603C, cid=443, SUCCESS, logIndex=647, commits[912a7d3b-e3f1-4985-b06b-5f0a929b8060:c648]
2019-07-13 08:32:16,564 INFO  client.GrpcClientProtocolClient (GrpcClientProtocolClient.java:onNext(255)) - client-A5BCC62C3543->912a7d3b-e3f1-4985-b06b-5f0a929b8060: receive RaftClientReply:client-A5BCC62C3543->912a7d3b-e3f1-4985-b06b-5f0a929b8060@group-3636E5E7603C, cid=444, SUCCESS, logIndex=648, commits[912a7d3b-e3f1-4985-b06b-5f0a929b8060:c648]
2019-07-13 08:32:16,589 INFO  client.GrpcClientProtocolClient (GrpcClientProtocolClient.java:onNext(255)) - client-A5BCC62C3543->912a7d3b-e3f1-4985-b06b-5f0a929b8060: receive RaftClientReply:client-A5BCC62C3543->912a7d3b-e3f1-4985-b06b-5f0a929b8060@group-3636E5E7603C, cid=445, SUCCESS, logIndex=650, commits[912a7d3b-e3f1-4985-b06b-5f0a929b8060:c653]
2019-07-13 08:32:16,589 INFO  client.GrpcClientProtocolClient (GrpcClientProtocolClient.java:onNext(255)) - client-A5BCC62C3543->912a7d3b-e3f1-4985-b06b-5f0a929b8060: receive RaftClientReply:client-A5BCC62C3543->912a7d3b-e3f1-4985-b06b-5f0a929b8060@group-3636E5E7603C, cid=446, SUCCESS, logIndex=651, commits[912a7d3b-e3f1-4985-b06b-5f0a929b8060:c654]
2019-07-13 08:32:16,590 INFO  client.GrpcClientProtocolClient (GrpcClientProtocolClient.java:onNext(255)) - client-A5BCC62C3543->912a7d3b-e3f1-4985-b06b-5f0a929b8060: receive RaftClientReply:client-A5BCC62C3543->912a7d3b-e3f1-4985-b06b-5f0a929b8060@group-3636E5E7603C, cid=447, SUCCESS, logIndex=652, commits[912a7d3b-e3f1-4985-b06b-5f0a929b8060:c654]
2019-07-13 08:32:16,590 INFO  client.GrpcClientProtocolClient (GrpcClientProtocolClient.java:onNext(255)) - client-A5BCC62C3543->912a7d3b-e3f1-4985-b06b-5f0a929b8060: receive RaftClientReply:client-A5BCC62C3543->912a7d3b-e3f1-4985-b06b-5f0a929b8060@group-3636E5E7603C, cid=448, SUCCESS, logIndex=653, commits[912a7d3b-e3f1-4985-b06b-5f0a929b8060:c654]
2019-07-13 08:32:16,620 INFO  client.GrpcClientProtocolClient (GrpcClientProtocolClient.java:onNext(255)) - client-A5BCC62C3543->912a7d3b-e3f1-4985-b06b-5f0a929b8060: receive RaftClientReply:client-A5BCC62C3543->912a7d3b-e3f1-4985-b06b-5f0a929b8060@group-3636E5E7603C, cid=449, SUCCESS, logIndex=655, commits[912a7d3b-e3f1-4985-b06b-5f0a929b8060:c656]
2019-07-13 08:32:16,621 INFO  client.GrpcClientProtocolClient (GrpcClientProtocolClient.java:onNext(255)) - client-A5BCC62C3543->912a7d3b-e3f1-4985-b06b-5f0a929b8060: receive RaftClientReply:client-A5BCC62C3543->912a7d3b-e3f1-4985-b06b-5f0a929b8060@group-3636E5E7603C, cid=450, SUCCESS, logIndex=656, commits[912a7d3b-e3f1-4985-b06b-5f0a929b8060:c659]
2019-07-13 08:32:16,621 INFO  client.GrpcClientProtocolClient (GrpcClientProtocolClient.java:onNext(255)) - client-A5BCC62C3543->912a7d3b-e3f1-4985-b06b-5f0a929b8060: receive RaftClientReply:client-A5BCC62C3543->912a7d3b-e3f1-4985-b06b-5f0a929b8060@group-3636E5E7603C, cid=451, SUCCESS, logIndex=657, commits[912a7d3b-e3f1-4985-b06b-5f0a929b8060:c660]
2019-07-13 08:32:16,622 INFO  client.GrpcClientProtocolClient (GrpcClientProtocolClient.java:onNext(255)) - client-A5BCC62C3543->912a7d3b-e3f1-4985-b06b-5f0a929b8060: receive RaftClientReply:client-A5BCC62C3543->912a7d3b-e3f1-4985-b06b-5f0a929b8060@group-3636E5E7603C, cid=452, SUCCESS, logIndex=658, commits[912a7d3b-e3f1-4985-b06b-5f0a929b8060:c660]
2019-07-13 08:32:16,644 INFO  client.GrpcClientProtocolClient (GrpcClientProtocolClient.java:onNext(255)) - client-A5BCC62C3543->912a7d3b-e3f1-4985-b06b-5f0a929b8060: receive RaftClientReply:client-A5BCC62C3543->912a7d3b-e3f1-4985-b06b-5f0a929b8060@group-3636E5E7603C, cid=453, SUCCESS, logIndex=661, commits[912a7d3b-e3f1-4985-b06b-5f0a929b8060:c662]
2019-07-13 08:32:16,644 INFO  client.GrpcClientProtocolClient (GrpcClientProtocolClient.java:onNext(255)) - client-A5BCC62C3543->912a7d3b-e3f1-4985-b06b-5f0a929b8060: receive RaftClientReply:client-A5BCC62C3543->912a7d3b-e3f1-4985-b06b-5f0a929b8060@group-3636E5E7603C, cid=454, SUCCESS, logIndex=662, commits[912a7d3b-e3f1-4985-b06b-5f0a929b8060:c665]
2019-07-13 08:32:16,645 INFO  client.GrpcClientProtocolClient (GrpcClientProtocolClient.java:onNext(255)) - client-A5BCC62C3543->912a7d3b-e3f1-4985-b06b-5f0a929b8060: receive RaftClientReply:client-A5BCC62C3543->912a7d3b-e3f1-4985-b06b-5f0a929b8060@group-3636E5E7603C, cid=455, SUCCESS, logIndex=663, commits[912a7d3b-e3f1-4985-b06b-5f0a929b8060:c666]
2019-07-13 08:32:16,645 INFO  client.GrpcClientProtocolClient (GrpcClientProtocolClient.java:onNext(255)) - client-A5BCC62C3543->912a7d3b-e3f1-4985-b06b-5f0a929b8060: receive RaftClientReply:client-A5BCC62C3543->912a7d3b-e3f1-4985-b06b-5f0a929b8060@group-3636E5E7603C, cid=456, SUCCESS, logIndex=664, commits[912a7d3b-e3f1-4985-b06b-5f0a929b8060:c666]
2019-07-13 08:32:16,658 DEBUG block.SCMBlockDeletingService (SCMBlockDeletingService.java:call(138)) - Running DeletedBlockTransactionScanner
2019-07-13 08:32:16,659 DEBUG block.SCMBlockDeletingService (SCMBlockDeletingService.java:call(155)) - Scanned deleted blocks log and got 0 delTX to process.
2019-07-13 08:32:16,676 INFO  client.GrpcClientProtocolClient (GrpcClientProtocolClient.java:onNext(255)) - client-A5BCC62C3543->912a7d3b-e3f1-4985-b06b-5f0a929b8060: receive RaftClientReply:client-A5BCC62C3543->912a7d3b-e3f1-4985-b06b-5f0a929b8060@group-3636E5E7603C, cid=457, SUCCESS, logIndex=667, commits[912a7d3b-e3f1-4985-b06b-5f0a929b8060:c668]
2019-07-13 08:32:16,677 INFO  client.GrpcClientProtocolClient (GrpcClientProtocolClient.java:onNext(255)) - client-A5BCC62C3543->912a7d3b-e3f1-4985-b06b-5f0a929b8060: receive RaftClientReply:client-A5BCC62C3543->912a7d3b-e3f1-4985-b06b-5f0a929b8060@group-3636E5E7603C, cid=458, SUCCESS, logIndex=668, commits[912a7d3b-e3f1-4985-b06b-5f0a929b8060:c670]
2019-07-13 08:32:16,677 INFO  client.GrpcClientProtocolClient (GrpcClientProtocolClient.java:onNext(255)) - client-A5BCC62C3543->912a7d3b-e3f1-4985-b06b-5f0a929b8060: receive RaftClientReply:client-A5BCC62C3543->912a7d3b-e3f1-4985-b06b-5f0a929b8060@group-3636E5E7603C, cid=459, SUCCESS, logIndex=669, commits[912a7d3b-e3f1-4985-b06b-5f0a929b8060:c671]
2019-07-13 08:32:16,677 INFO  client.GrpcClientProtocolClient (GrpcClientProtocolClient.java:onNext(255)) - client-A5BCC62C3543->912a7d3b-e3f1-4985-b06b-5f0a929b8060: receive RaftClientReply:client-A5BCC62C3543->912a7d3b-e3f1-4985-b06b-5f0a929b8060@group-3636E5E7603C, cid=460, SUCCESS, logIndex=670, commits[912a7d3b-e3f1-4985-b06b-5f0a929b8060:c672]
2019-07-13 08:32:16,706 INFO  client.GrpcClientProtocolClient (GrpcClientProtocolClient.java:onNext(255)) - client-A5BCC62C3543->912a7d3b-e3f1-4985-b06b-5f0a929b8060: receive RaftClientReply:client-A5BCC62C3543->912a7d3b-e3f1-4985-b06b-5f0a929b8060@group-3636E5E7603C, cid=461, SUCCESS, logIndex=673, commits[912a7d3b-e3f1-4985-b06b-5f0a929b8060:c676]
2019-07-13 08:32:16,706 INFO  client.GrpcClientProtocolClient (GrpcClientProtocolClient.java:onNext(255)) - client-A5BCC62C3543->912a7d3b-e3f1-4985-b06b-5f0a929b8060: receive RaftClientReply:client-A5BCC62C3543->912a7d3b-e3f1-4985-b06b-5f0a929b8060@group-3636E5E7603C, cid=462, SUCCESS, logIndex=674, commits[912a7d3b-e3f1-4985-b06b-5f0a929b8060:c677]
2019-07-13 08:32:16,707 INFO  client.GrpcClientProtocolClient (GrpcClientProtocolClient.java:onNext(255)) - client-A5BCC62C3543->912a7d3b-e3f1-4985-b06b-5f0a929b8060: receive RaftClientReply:client-A5BCC62C3543->912a7d3b-e3f1-4985-b06b-5f0a929b8060@group-3636E5E7603C, cid=463, SUCCESS, logIndex=675, commits[912a7d3b-e3f1-4985-b06b-5f0a929b8060:c677]
2019-07-13 08:32:16,707 INFO  client.GrpcClientProtocolClient (GrpcClientProtocolClient.java:onNext(255)) - client-A5BCC62C3543->912a7d3b-e3f1-4985-b06b-5f0a929b8060: receive RaftClientReply:client-A5BCC62C3543->912a7d3b-e3f1-4985-b06b-5f0a929b8060@group-3636E5E7603C, cid=464, SUCCESS, logIndex=676, commits[912a7d3b-e3f1-4985-b06b-5f0a929b8060:c678]
2019-07-13 08:32:16,737 INFO  client.GrpcClientProtocolClient (GrpcClientProtocolClient.java:onNext(255)) - client-A5BCC62C3543->912a7d3b-e3f1-4985-b06b-5f0a929b8060: receive RaftClientReply:client-A5BCC62C3543->912a7d3b-e3f1-4985-b06b-5f0a929b8060@group-3636E5E7603C, cid=465, SUCCESS, logIndex=679, commits[912a7d3b-e3f1-4985-b06b-5f0a929b8060:c680]
2019-07-13 08:32:16,737 INFO  client.GrpcClientProtocolClient (GrpcClientProtocolClient.java:onNext(255)) - client-A5BCC62C3543->912a7d3b-e3f1-4985-b06b-5f0a929b8060: receive RaftClientReply:client-A5BCC62C3543->912a7d3b-e3f1-4985-b06b-5f0a929b8060@group-3636E5E7603C, cid=466, SUCCESS, logIndex=680, commits[912a7d3b-e3f1-4985-b06b-5f0a929b8060:c682]
2019-07-13 08:32:16,738 INFO  client.GrpcClientProtocolClient (GrpcClientProtocolClient.java:onNext(255)) - client-A5BCC62C3543->912a7d3b-e3f1-4985-b06b-5f0a929b8060: receive RaftClientReply:client-A5BCC62C3543->912a7d3b-e3f1-4985-b06b-5f0a929b8060@group-3636E5E7603C, cid=467, SUCCESS, logIndex=681, commits[912a7d3b-e3f1-4985-b06b-5f0a929b8060:c683]
2019-07-13 08:32:16,738 INFO  client.GrpcClientProtocolClient (GrpcClientProtocolClient.java:onNext(255)) - client-A5BCC62C3543->912a7d3b-e3f1-4985-b06b-5f0a929b8060: receive RaftClientReply:client-A5BCC62C3543->912a7d3b-e3f1-4985-b06b-5f0a929b8060@group-3636E5E7603C, cid=468, SUCCESS, logIndex=682, commits[912a7d3b-e3f1-4985-b06b-5f0a929b8060:c684]
2019-07-13 08:32:16,759 DEBUG block.SCMBlockDeletingService (SCMBlockDeletingService.java:call(138)) - Running DeletedBlockTransactionScanner
2019-07-13 08:32:16,760 DEBUG block.SCMBlockDeletingService (SCMBlockDeletingService.java:call(155)) - Scanned deleted blocks log and got 0 delTX to process.
2019-07-13 08:32:16,760 INFO  client.GrpcClientProtocolClient (GrpcClientProtocolClient.java:onNext(255)) - client-A5BCC62C3543->912a7d3b-e3f1-4985-b06b-5f0a929b8060: receive RaftClientReply:client-A5BCC62C3543->912a7d3b-e3f1-4985-b06b-5f0a929b8060@group-3636E5E7603C, cid=469, SUCCESS, logIndex=685, commits[912a7d3b-e3f1-4985-b06b-5f0a929b8060:c686]
2019-07-13 08:32:16,760 INFO  client.GrpcClientProtocolClient (GrpcClientProtocolClient.java:onNext(255)) - client-A5BCC62C3543->912a7d3b-e3f1-4985-b06b-5f0a929b8060: receive RaftClientReply:client-A5BCC62C3543->912a7d3b-e3f1-4985-b06b-5f0a929b8060@group-3636E5E7603C, cid=470, SUCCESS, logIndex=686, commits[912a7d3b-e3f1-4985-b06b-5f0a929b8060:c686]
2019-07-13 08:32:16,762 INFO  client.GrpcClientProtocolClient (GrpcClientProtocolClient.java:onNext(255)) - client-A5BCC62C3543->912a7d3b-e3f1-4985-b06b-5f0a929b8060: receive RaftClientReply:client-A5BCC62C3543->912a7d3b-e3f1-4985-b06b-5f0a929b8060@group-3636E5E7603C, cid=471, SUCCESS, logIndex=687, commits[912a7d3b-e3f1-4985-b06b-5f0a929b8060:c688]
2019-07-13 08:32:16,762 INFO  client.GrpcClientProtocolClient (GrpcClientProtocolClient.java:onNext(255)) - client-A5BCC62C3543->912a7d3b-e3f1-4985-b06b-5f0a929b8060: receive RaftClientReply:client-A5BCC62C3543->912a7d3b-e3f1-4985-b06b-5f0a929b8060@group-3636E5E7603C, cid=472, SUCCESS, logIndex=688, commits[912a7d3b-e3f1-4985-b06b-5f0a929b8060:c688]
2019-07-13 08:32:16,790 INFO  client.GrpcClientProtocolClient (GrpcClientProtocolClient.java:onNext(255)) - client-A5BCC62C3543->912a7d3b-e3f1-4985-b06b-5f0a929b8060: receive RaftClientReply:client-A5BCC62C3543->912a7d3b-e3f1-4985-b06b-5f0a929b8060@group-3636E5E7603C, cid=473, SUCCESS, logIndex=691, commits[912a7d3b-e3f1-4985-b06b-5f0a929b8060:c692]
2019-07-13 08:32:16,791 INFO  client.GrpcClientProtocolClient (GrpcClientProtocolClient.java:onNext(255)) - client-A5BCC62C3543->912a7d3b-e3f1-4985-b06b-5f0a929b8060: receive RaftClientReply:client-A5BCC62C3543->912a7d3b-e3f1-4985-b06b-5f0a929b8060@group-3636E5E7603C, cid=474, SUCCESS, logIndex=692, commits[912a7d3b-e3f1-4985-b06b-5f0a929b8060:c695]
2019-07-13 08:32:16,791 INFO  client.GrpcClientProtocolClient (GrpcClientProtocolClient.java:onNext(255)) - client-A5BCC62C3543->912a7d3b-e3f1-4985-b06b-5f0a929b8060: receive RaftClientReply:client-A5BCC62C3543->912a7d3b-e3f1-4985-b06b-5f0a929b8060@group-3636E5E7603C, cid=475, SUCCESS, logIndex=693, commits[912a7d3b-e3f1-4985-b06b-5f0a929b8060:c695]
2019-07-13 08:32:16,792 INFO  client.GrpcClientProtocolClient (GrpcClientProtocolClient.java:onNext(255)) - client-A5BCC62C3543->912a7d3b-e3f1-4985-b06b-5f0a929b8060: receive RaftClientReply:client-A5BCC62C3543->912a7d3b-e3f1-4985-b06b-5f0a929b8060@group-3636E5E7603C, cid=476, SUCCESS, logIndex=694, commits[912a7d3b-e3f1-4985-b06b-5f0a929b8060:c696]
2019-07-13 08:32:16,813 INFO  client.GrpcClientProtocolClient (GrpcClientProtocolClient.java:onNext(255)) - client-A5BCC62C3543->912a7d3b-e3f1-4985-b06b-5f0a929b8060: receive RaftClientReply:client-A5BCC62C3543->912a7d3b-e3f1-4985-b06b-5f0a929b8060@group-3636E5E7603C, cid=477, SUCCESS, logIndex=697, commits[912a7d3b-e3f1-4985-b06b-5f0a929b8060:c700]
2019-07-13 08:32:16,813 INFO  client.GrpcClientProtocolClient (GrpcClientProtocolClient.java:onNext(255)) - client-A5BCC62C3543->912a7d3b-e3f1-4985-b06b-5f0a929b8060: receive RaftClientReply:client-A5BCC62C3543->912a7d3b-e3f1-4985-b06b-5f0a929b8060@group-3636E5E7603C, cid=478, SUCCESS, logIndex=698, commits[912a7d3b-e3f1-4985-b06b-5f0a929b8060:c701]
2019-07-13 08:32:16,814 INFO  client.GrpcClientProtocolClient (GrpcClientProtocolClient.java:onNext(255)) - client-A5BCC62C3543->912a7d3b-e3f1-4985-b06b-5f0a929b8060: receive RaftClientReply:client-A5BCC62C3543->912a7d3b-e3f1-4985-b06b-5f0a929b8060@group-3636E5E7603C, cid=479, SUCCESS, logIndex=699, commits[912a7d3b-e3f1-4985-b06b-5f0a929b8060:c702]
2019-07-13 08:32:16,814 INFO  client.GrpcClientProtocolClient (GrpcClientProtocolClient.java:onNext(255)) - client-A5BCC62C3543->912a7d3b-e3f1-4985-b06b-5f0a929b8060: receive RaftClientReply:client-A5BCC62C3543->912a7d3b-e3f1-4985-b06b-5f0a929b8060@group-3636E5E7603C, cid=480, SUCCESS, logIndex=700, commits[912a7d3b-e3f1-4985-b06b-5f0a929b8060:c702]
2019-07-13 08:32:16,842 INFO  client.GrpcClientProtocolClient (GrpcClientProtocolClient.java:onNext(255)) - client-A5BCC62C3543->912a7d3b-e3f1-4985-b06b-5f0a929b8060: receive RaftClientReply:client-A5BCC62C3543->912a7d3b-e3f1-4985-b06b-5f0a929b8060@group-3636E5E7603C, cid=481, SUCCESS, logIndex=703, commits[912a7d3b-e3f1-4985-b06b-5f0a929b8060:c706]
2019-07-13 08:32:16,842 INFO  client.GrpcClientProtocolClient (GrpcClientProtocolClient.java:onNext(255)) - client-A5BCC62C3543->912a7d3b-e3f1-4985-b06b-5f0a929b8060: receive RaftClientReply:client-A5BCC62C3543->912a7d3b-e3f1-4985-b06b-5f0a929b8060@group-3636E5E7603C, cid=482, SUCCESS, logIndex=704, commits[912a7d3b-e3f1-4985-b06b-5f0a929b8060:c707]
2019-07-13 08:32:16,843 INFO  client.GrpcClientProtocolClient (GrpcClientProtocolClient.java:onNext(255)) - client-A5BCC62C3543->912a7d3b-e3f1-4985-b06b-5f0a929b8060: receive RaftClientReply:client-A5BCC62C3543->912a7d3b-e3f1-4985-b06b-5f0a929b8060@group-3636E5E7603C, cid=483, SUCCESS, logIndex=705, commits[912a7d3b-e3f1-4985-b06b-5f0a929b8060:c707]
2019-07-13 08:32:16,843 INFO  client.GrpcClientProtocolClient (GrpcClientProtocolClient.java:onNext(255)) - client-A5BCC62C3543->912a7d3b-e3f1-4985-b06b-5f0a929b8060: receive RaftClientReply:client-A5BCC62C3543->912a7d3b-e3f1-4985-b06b-5f0a929b8060@group-3636E5E7603C, cid=484, SUCCESS, logIndex=706, commits[912a7d3b-e3f1-4985-b06b-5f0a929b8060:c708]
2019-07-13 08:32:16,860 DEBUG block.SCMBlockDeletingService (SCMBlockDeletingService.java:call(138)) - Running DeletedBlockTransactionScanner
2019-07-13 08:32:16,860 DEBUG block.SCMBlockDeletingService (SCMBlockDeletingService.java:call(155)) - Scanned deleted blocks log and got 0 delTX to process.
2019-07-13 08:32:16,864 INFO  client.GrpcClientProtocolClient (GrpcClientProtocolClient.java:onNext(255)) - client-A5BCC62C3543->912a7d3b-e3f1-4985-b06b-5f0a929b8060: receive RaftClientReply:client-A5BCC62C3543->912a7d3b-e3f1-4985-b06b-5f0a929b8060@group-3636E5E7603C, cid=485, SUCCESS, logIndex=709, commits[912a7d3b-e3f1-4985-b06b-5f0a929b8060:c710]
2019-07-13 08:32:16,865 INFO  client.GrpcClientProtocolClient (GrpcClientProtocolClient.java:onNext(255)) - client-A5BCC62C3543->912a7d3b-e3f1-4985-b06b-5f0a929b8060: receive RaftClientReply:client-A5BCC62C3543->912a7d3b-e3f1-4985-b06b-5f0a929b8060@group-3636E5E7603C, cid=486, SUCCESS, logIndex=710, commits[912a7d3b-e3f1-4985-b06b-5f0a929b8060:c711]
2019-07-13 08:32:16,961 DEBUG block.SCMBlockDeletingService (SCMBlockDeletingService.java:call(138)) - Running DeletedBlockTransactionScanner
2019-07-13 08:32:16,961 DEBUG block.SCMBlockDeletingService (SCMBlockDeletingService.java:call(155)) - Scanned deleted blocks log and got 0 delTX to process.
2019-07-13 08:32:16,996 INFO  client.GrpcClientProtocolClient (GrpcClientProtocolClient.java:onNext(255)) - client-A5BCC62C3543->912a7d3b-e3f1-4985-b06b-5f0a929b8060: receive RaftClientReply:client-A5BCC62C3543->912a7d3b-e3f1-4985-b06b-5f0a929b8060@group-3636E5E7603C, cid=487, SUCCESS, logIndex=712, commits[912a7d3b-e3f1-4985-b06b-5f0a929b8060:c713]
2019-07-13 08:32:16,996 INFO  client.GrpcClientProtocolClient (GrpcClientProtocolClient.java:onNext(255)) - client-A5BCC62C3543->912a7d3b-e3f1-4985-b06b-5f0a929b8060: receive RaftClientReply:client-A5BCC62C3543->912a7d3b-e3f1-4985-b06b-5f0a929b8060@group-3636E5E7603C, cid=488, SUCCESS, logIndex=713, commits[912a7d3b-e3f1-4985-b06b-5f0a929b8060:c713]
2019-07-13 08:32:17,026 INFO  client.GrpcClientProtocolClient (GrpcClientProtocolClient.java:onNext(255)) - client-A5BCC62C3543->912a7d3b-e3f1-4985-b06b-5f0a929b8060: receive RaftClientReply:client-A5BCC62C3543->912a7d3b-e3f1-4985-b06b-5f0a929b8060@group-3636E5E7603C, cid=489, SUCCESS, logIndex=715, commits[912a7d3b-e3f1-4985-b06b-5f0a929b8060:c716]
2019-07-13 08:32:17,027 INFO  client.GrpcClientProtocolClient (GrpcClientProtocolClient.java:onNext(255)) - client-A5BCC62C3543->912a7d3b-e3f1-4985-b06b-5f0a929b8060: receive RaftClientReply:client-A5BCC62C3543->912a7d3b-e3f1-4985-b06b-5f0a929b8060@group-3636E5E7603C, cid=490, SUCCESS, logIndex=716, commits[912a7d3b-e3f1-4985-b06b-5f0a929b8060:c718]
2019-07-13 08:32:17,028 INFO  client.GrpcClientProtocolClient (GrpcClientProtocolClient.java:onNext(255)) - client-A5BCC62C3543->912a7d3b-e3f1-4985-b06b-5f0a929b8060: receive RaftClientReply:client-A5BCC62C3543->912a7d3b-e3f1-4985-b06b-5f0a929b8060@group-3636E5E7603C, cid=491, SUCCESS, logIndex=717, commits[912a7d3b-e3f1-4985-b06b-5f0a929b8060:c719]
2019-07-13 08:32:17,029 INFO  client.GrpcClientProtocolClient (GrpcClientProtocolClient.java:onNext(255)) - client-A5BCC62C3543->912a7d3b-e3f1-4985-b06b-5f0a929b8060: receive RaftClientReply:client-A5BCC62C3543->912a7d3b-e3f1-4985-b06b-5f0a929b8060@group-3636E5E7603C, cid=492, SUCCESS, logIndex=718, commits[912a7d3b-e3f1-4985-b06b-5f0a929b8060:c720]
2019-07-13 08:32:17,051 INFO  client.GrpcClientProtocolClient (GrpcClientProtocolClient.java:onNext(255)) - client-A5BCC62C3543->912a7d3b-e3f1-4985-b06b-5f0a929b8060: receive RaftClientReply:client-A5BCC62C3543->912a7d3b-e3f1-4985-b06b-5f0a929b8060@group-3636E5E7603C, cid=493, SUCCESS, logIndex=721, commits[912a7d3b-e3f1-4985-b06b-5f0a929b8060:c722]
2019-07-13 08:32:17,051 INFO  client.GrpcClientProtocolClient (GrpcClientProtocolClient.java:onNext(255)) - client-A5BCC62C3543->912a7d3b-e3f1-4985-b06b-5f0a929b8060: receive RaftClientReply:client-A5BCC62C3543->912a7d3b-e3f1-4985-b06b-5f0a929b8060@group-3636E5E7603C, cid=494, SUCCESS, logIndex=722, commits[912a7d3b-e3f1-4985-b06b-5f0a929b8060:c725]
2019-07-13 08:32:17,052 INFO  client.GrpcClientProtocolClient (GrpcClientProtocolClient.java:onNext(255)) - client-A5BCC62C3543->912a7d3b-e3f1-4985-b06b-5f0a929b8060: receive RaftClientReply:client-A5BCC62C3543->912a7d3b-e3f1-4985-b06b-5f0a929b8060@group-3636E5E7603C, cid=495, SUCCESS, logIndex=723, commits[912a7d3b-e3f1-4985-b06b-5f0a929b8060:c725]
2019-07-13 08:32:17,052 INFO  client.GrpcClientProtocolClient (GrpcClientProtocolClient.java:onNext(255)) - client-A5BCC62C3543->912a7d3b-e3f1-4985-b06b-5f0a929b8060: receive RaftClientReply:client-A5BCC62C3543->912a7d3b-e3f1-4985-b06b-5f0a929b8060@group-3636E5E7603C, cid=496, SUCCESS, logIndex=724, commits[912a7d3b-e3f1-4985-b06b-5f0a929b8060:c726]
2019-07-13 08:32:17,062 DEBUG block.SCMBlockDeletingService (SCMBlockDeletingService.java:call(138)) - Running DeletedBlockTransactionScanner
2019-07-13 08:32:17,062 DEBUG block.SCMBlockDeletingService (SCMBlockDeletingService.java:call(155)) - Scanned deleted blocks log and got 0 delTX to process.
2019-07-13 08:32:17,080 INFO  client.GrpcClientProtocolClient (GrpcClientProtocolClient.java:onNext(255)) - client-A5BCC62C3543->912a7d3b-e3f1-4985-b06b-5f0a929b8060: receive RaftClientReply:client-A5BCC62C3543->912a7d3b-e3f1-4985-b06b-5f0a929b8060@group-3636E5E7603C, cid=497, SUCCESS, logIndex=727, commits[912a7d3b-e3f1-4985-b06b-5f0a929b8060:c728]
2019-07-13 08:32:17,081 INFO  client.GrpcClientProtocolClient (GrpcClientProtocolClient.java:onNext(255)) - client-A5BCC62C3543->912a7d3b-e3f1-4985-b06b-5f0a929b8060: receive RaftClientReply:client-A5BCC62C3543->912a7d3b-e3f1-4985-b06b-5f0a929b8060@group-3636E5E7603C, cid=498, SUCCESS, logIndex=728, commits[912a7d3b-e3f1-4985-b06b-5f0a929b8060:c728]
2019-07-13 08:32:17,089 INFO  client.GrpcClientProtocolClient (GrpcClientProtocolClient.java:onNext(255)) - client-A5BCC62C3543->912a7d3b-e3f1-4985-b06b-5f0a929b8060: receive RaftClientReply:client-A5BCC62C3543->912a7d3b-e3f1-4985-b06b-5f0a929b8060@group-3636E5E7603C, cid=499, SUCCESS, logIndex=729, commits[912a7d3b-e3f1-4985-b06b-5f0a929b8060:c730]
2019-07-13 08:32:17,089 INFO  client.GrpcClientProtocolClient (GrpcClientProtocolClient.java:onNext(255)) - client-A5BCC62C3543->912a7d3b-e3f1-4985-b06b-5f0a929b8060: receive RaftClientReply:client-A5BCC62C3543->912a7d3b-e3f1-4985-b06b-5f0a929b8060@group-3636E5E7603C, cid=500, SUCCESS, logIndex=730, commits[912a7d3b-e3f1-4985-b06b-5f0a929b8060:c731]
2019-07-13 08:32:17,162 DEBUG block.SCMBlockDeletingService (SCMBlockDeletingService.java:call(138)) - Running DeletedBlockTransactionScanner
2019-07-13 08:32:17,163 DEBUG block.SCMBlockDeletingService (SCMBlockDeletingService.java:call(155)) - Scanned deleted blocks log and got 0 delTX to process.
2019-07-13 08:32:17,172 INFO  client.GrpcClientProtocolClient (GrpcClientProtocolClient.java:onNext(255)) - client-A5BCC62C3543->912a7d3b-e3f1-4985-b06b-5f0a929b8060: receive RaftClientReply:client-A5BCC62C3543->912a7d3b-e3f1-4985-b06b-5f0a929b8060@group-3636E5E7603C, cid=501, SUCCESS, logIndex=733, commits[912a7d3b-e3f1-4985-b06b-5f0a929b8060:c734]
2019-07-13 08:32:17,173 INFO  client.GrpcClientProtocolClient (GrpcClientProtocolClient.java:onNext(255)) - client-A5BCC62C3543->912a7d3b-e3f1-4985-b06b-5f0a929b8060: receive RaftClientReply:client-A5BCC62C3543->912a7d3b-e3f1-4985-b06b-5f0a929b8060@group-3636E5E7603C, cid=502, SUCCESS, logIndex=734, commits[912a7d3b-e3f1-4985-b06b-5f0a929b8060:c734]
2019-07-13 08:32:17,174 INFO  client.GrpcClientProtocolClient (GrpcClientProtocolClient.java:onNext(255)) - client-A5BCC62C3543->912a7d3b-e3f1-4985-b06b-5f0a929b8060: receive RaftClientReply:client-A5BCC62C3543->912a7d3b-e3f1-4985-b06b-5f0a929b8060@group-3636E5E7603C, cid=503, SUCCESS, logIndex=735, commits[912a7d3b-e3f1-4985-b06b-5f0a929b8060:c736]
2019-07-13 08:32:17,174 INFO  client.GrpcClientProtocolClient (GrpcClientProtocolClient.java:onNext(255)) - client-A5BCC62C3543->912a7d3b-e3f1-4985-b06b-5f0a929b8060: receive RaftClientReply:client-A5BCC62C3543->912a7d3b-e3f1-4985-b06b-5f0a929b8060@group-3636E5E7603C, cid=504, SUCCESS, logIndex=736, commits[912a7d3b-e3f1-4985-b06b-5f0a929b8060:c736]
2019-07-13 08:32:17,203 INFO  client.GrpcClientProtocolClient (GrpcClientProtocolClient.java:onNext(255)) - client-A5BCC62C3543->912a7d3b-e3f1-4985-b06b-5f0a929b8060: receive RaftClientReply:client-A5BCC62C3543->912a7d3b-e3f1-4985-b06b-5f0a929b8060@group-3636E5E7603C, cid=505, SUCCESS, logIndex=739, commits[912a7d3b-e3f1-4985-b06b-5f0a929b8060:c740]
2019-07-13 08:32:17,204 INFO  client.GrpcClientProtocolClient (GrpcClientProtocolClient.java:onNext(255)) - client-A5BCC62C3543->912a7d3b-e3f1-4985-b06b-5f0a929b8060: receive RaftClientReply:client-A5BCC62C3543->912a7d3b-e3f1-4985-b06b-5f0a929b8060@group-3636E5E7603C, cid=506, SUCCESS, logIndex=740, commits[912a7d3b-e3f1-4985-b06b-5f0a929b8060:c740]
2019-07-13 08:32:17,205 INFO  client.GrpcClientProtocolClient (GrpcClientProtocolClient.java:onNext(255)) - client-A5BCC62C3543->912a7d3b-e3f1-4985-b06b-5f0a929b8060: receive RaftClientReply:client-A5BCC62C3543->912a7d3b-e3f1-4985-b06b-5f0a929b8060@group-3636E5E7603C, cid=507, SUCCESS, logIndex=741, commits[912a7d3b-e3f1-4985-b06b-5f0a929b8060:c742]
2019-07-13 08:32:17,206 INFO  client.GrpcClientProtocolClient (GrpcClientProtocolClient.java:onNext(255)) - client-A5BCC62C3543->912a7d3b-e3f1-4985-b06b-5f0a929b8060: receive RaftClientReply:client-A5BCC62C3543->912a7d3b-e3f1-4985-b06b-5f0a929b8060@group-3636E5E7603C, cid=508, SUCCESS, logIndex=742, commits[912a7d3b-e3f1-4985-b06b-5f0a929b8060:c742]
2019-07-13 08:32:17,221 INFO  client.GrpcClientProtocolClient (GrpcClientProtocolClient.java:onNext(255)) - client-A5BCC62C3543->912a7d3b-e3f1-4985-b06b-5f0a929b8060: receive RaftClientReply:client-A5BCC62C3543->912a7d3b-e3f1-4985-b06b-5f0a929b8060@group-3636E5E7603C, cid=509, SUCCESS, logIndex=745, commits[912a7d3b-e3f1-4985-b06b-5f0a929b8060:c746]
2019-07-13 08:32:17,222 INFO  client.GrpcClientProtocolClient (GrpcClientProtocolClient.java:onNext(255)) - client-A5BCC62C3543->912a7d3b-e3f1-4985-b06b-5f0a929b8060: receive RaftClientReply:client-A5BCC62C3543->912a7d3b-e3f1-4985-b06b-5f0a929b8060@group-3636E5E7603C, cid=510, SUCCESS, logIndex=746, commits[912a7d3b-e3f1-4985-b06b-5f0a929b8060:c746]
2019-07-13 08:32:17,232 INFO  client.GrpcClientProtocolClient (GrpcClientProtocolClient.java:onNext(255)) - client-A5BCC62C3543->912a7d3b-e3f1-4985-b06b-5f0a929b8060: receive RaftClientReply:client-A5BCC62C3543->912a7d3b-e3f1-4985-b06b-5f0a929b8060@group-3636E5E7603C, cid=511, SUCCESS, logIndex=747, commits[912a7d3b-e3f1-4985-b06b-5f0a929b8060:c749]
2019-07-13 08:32:17,234 INFO  client.GrpcClientProtocolClient (GrpcClientProtocolClient.java:onNext(255)) - client-A5BCC62C3543->912a7d3b-e3f1-4985-b06b-5f0a929b8060: receive RaftClientReply:client-A5BCC62C3543->912a7d3b-e3f1-4985-b06b-5f0a929b8060@group-3636E5E7603C, cid=512, SUCCESS, logIndex=749, commits[912a7d3b-e3f1-4985-b06b-5f0a929b8060:c750]
2019-07-13 08:32:17,263 DEBUG block.SCMBlockDeletingService (SCMBlockDeletingService.java:call(138)) - Running DeletedBlockTransactionScanner
2019-07-13 08:32:17,263 DEBUG block.SCMBlockDeletingService (SCMBlockDeletingService.java:call(155)) - Scanned deleted blocks log and got 0 delTX to process.
2019-07-13 08:32:17,273 INFO  client.GrpcClientProtocolClient (GrpcClientProtocolClient.java:onNext(255)) - client-A5BCC62C3543->912a7d3b-e3f1-4985-b06b-5f0a929b8060: receive RaftClientReply:client-A5BCC62C3543->912a7d3b-e3f1-4985-b06b-5f0a929b8060@group-3636E5E7603C, cid=513, SUCCESS, logIndex=751, commits[912a7d3b-e3f1-4985-b06b-5f0a929b8060:c752]
2019-07-13 08:32:17,274 INFO  client.GrpcClientProtocolClient (GrpcClientProtocolClient.java:onNext(255)) - client-A5BCC62C3543->912a7d3b-e3f1-4985-b06b-5f0a929b8060: receive RaftClientReply:client-A5BCC62C3543->912a7d3b-e3f1-4985-b06b-5f0a929b8060@group-3636E5E7603C, cid=514, SUCCESS, logIndex=752, commits[912a7d3b-e3f1-4985-b06b-5f0a929b8060:c752]
2019-07-13 08:32:17,274 INFO  client.GrpcClientProtocolClient (GrpcClientProtocolClient.java:onNext(255)) - client-A5BCC62C3543->912a7d3b-e3f1-4985-b06b-5f0a929b8060: receive RaftClientReply:client-A5BCC62C3543->912a7d3b-e3f1-4985-b06b-5f0a929b8060@group-3636E5E7603C, cid=515, SUCCESS, logIndex=753, commits[912a7d3b-e3f1-4985-b06b-5f0a929b8060:c754]
2019-07-13 08:32:17,275 INFO  client.GrpcClientProtocolClient (GrpcClientProtocolClient.java:onNext(255)) - client-A5BCC62C3543->912a7d3b-e3f1-4985-b06b-5f0a929b8060: receive RaftClientReply:client-A5BCC62C3543->912a7d3b-e3f1-4985-b06b-5f0a929b8060@group-3636E5E7603C, cid=516, SUCCESS, logIndex=754, commits[912a7d3b-e3f1-4985-b06b-5f0a929b8060:c754]
2019-07-13 08:32:17,297 INFO  client.GrpcClientProtocolClient (GrpcClientProtocolClient.java:onNext(255)) - client-A5BCC62C3543->912a7d3b-e3f1-4985-b06b-5f0a929b8060: receive RaftClientReply:client-A5BCC62C3543->912a7d3b-e3f1-4985-b06b-5f0a929b8060@group-3636E5E7603C, cid=517, SUCCESS, logIndex=757, commits[912a7d3b-e3f1-4985-b06b-5f0a929b8060:c758]
2019-07-13 08:32:17,298 INFO  client.GrpcClientProtocolClient (GrpcClientProtocolClient.java:onNext(255)) - client-A5BCC62C3543->912a7d3b-e3f1-4985-b06b-5f0a929b8060: receive RaftClientReply:client-A5BCC62C3543->912a7d3b-e3f1-4985-b06b-5f0a929b8060@group-3636E5E7603C, cid=518, SUCCESS, logIndex=758, commits[912a7d3b-e3f1-4985-b06b-5f0a929b8060:c760]
2019-07-13 08:32:17,298 INFO  client.GrpcClientProtocolClient (GrpcClientProtocolClient.java:onNext(255)) - client-A5BCC62C3543->912a7d3b-e3f1-4985-b06b-5f0a929b8060: receive RaftClientReply:client-A5BCC62C3543->912a7d3b-e3f1-4985-b06b-5f0a929b8060@group-3636E5E7603C, cid=519, SUCCESS, logIndex=759, commits[912a7d3b-e3f1-4985-b06b-5f0a929b8060:c761]
2019-07-13 08:32:17,298 INFO  client.GrpcClientProtocolClient (GrpcClientProtocolClient.java:onNext(255)) - client-A5BCC62C3543->912a7d3b-e3f1-4985-b06b-5f0a929b8060: receive RaftClientReply:client-A5BCC62C3543->912a7d3b-e3f1-4985-b06b-5f0a929b8060@group-3636E5E7603C, cid=520, SUCCESS, logIndex=760, commits[912a7d3b-e3f1-4985-b06b-5f0a929b8060:c761]
2019-07-13 08:32:17,324 INFO  client.GrpcClientProtocolClient (GrpcClientProtocolClient.java:onNext(255)) - client-A5BCC62C3543->912a7d3b-e3f1-4985-b06b-5f0a929b8060: receive RaftClientReply:client-A5BCC62C3543->912a7d3b-e3f1-4985-b06b-5f0a929b8060@group-3636E5E7603C, cid=521, SUCCESS, logIndex=763, commits[912a7d3b-e3f1-4985-b06b-5f0a929b8060:c764]
2019-07-13 08:32:17,325 INFO  client.GrpcClientProtocolClient (GrpcClientProtocolClient.java:onNext(255)) - client-A5BCC62C3543->912a7d3b-e3f1-4985-b06b-5f0a929b8060: receive RaftClientReply:client-A5BCC62C3543->912a7d3b-e3f1-4985-b06b-5f0a929b8060@group-3636E5E7603C, cid=522, SUCCESS, logIndex=764, commits[912a7d3b-e3f1-4985-b06b-5f0a929b8060:c766]
2019-07-13 08:32:17,325 INFO  client.GrpcClientProtocolClient (GrpcClientProtocolClient.java:onNext(255)) - client-A5BCC62C3543->912a7d3b-e3f1-4985-b06b-5f0a929b8060: receive RaftClientReply:client-A5BCC62C3543->912a7d3b-e3f1-4985-b06b-5f0a929b8060@group-3636E5E7603C, cid=523, SUCCESS, logIndex=765, commits[912a7d3b-e3f1-4985-b06b-5f0a929b8060:c767]
2019-07-13 08:32:17,325 INFO  client.GrpcClientProtocolClient (GrpcClientProtocolClient.java:onNext(255)) - client-A5BCC62C3543->912a7d3b-e3f1-4985-b06b-5f0a929b8060: receive RaftClientReply:client-A5BCC62C3543->912a7d3b-e3f1-4985-b06b-5f0a929b8060@group-3636E5E7603C, cid=524, SUCCESS, logIndex=766, commits[912a7d3b-e3f1-4985-b06b-5f0a929b8060:c768]
2019-07-13 08:32:17,345 INFO  client.GrpcClientProtocolClient (GrpcClientProtocolClient.java:onNext(255)) - client-A5BCC62C3543->912a7d3b-e3f1-4985-b06b-5f0a929b8060: receive RaftClientReply:client-A5BCC62C3543->912a7d3b-e3f1-4985-b06b-5f0a929b8060@group-3636E5E7603C, cid=525, SUCCESS, logIndex=769, commits[912a7d3b-e3f1-4985-b06b-5f0a929b8060:c770]
2019-07-13 08:32:17,346 INFO  client.GrpcClientProtocolClient (GrpcClientProtocolClient.java:onNext(255)) - client-A5BCC62C3543->912a7d3b-e3f1-4985-b06b-5f0a929b8060: receive RaftClientReply:client-A5BCC62C3543->912a7d3b-e3f1-4985-b06b-5f0a929b8060@group-3636E5E7603C, cid=526, SUCCESS, logIndex=770, commits[912a7d3b-e3f1-4985-b06b-5f0a929b8060:c770]
2019-07-13 08:32:17,347 INFO  client.GrpcClientProtocolClient (GrpcClientProtocolClient.java:onNext(255)) - client-A5BCC62C3543->912a7d3b-e3f1-4985-b06b-5f0a929b8060: receive RaftClientReply:client-A5BCC62C3543->912a7d3b-e3f1-4985-b06b-5f0a929b8060@group-3636E5E7603C, cid=527, SUCCESS, logIndex=771, commits[912a7d3b-e3f1-4985-b06b-5f0a929b8060:c772]
2019-07-13 08:32:17,348 INFO  client.GrpcClientProtocolClient (GrpcClientProtocolClient.java:onNext(255)) - client-A5BCC62C3543->912a7d3b-e3f1-4985-b06b-5f0a929b8060: receive RaftClientReply:client-A5BCC62C3543->912a7d3b-e3f1-4985-b06b-5f0a929b8060@group-3636E5E7603C, cid=528, SUCCESS, logIndex=772, commits[912a7d3b-e3f1-4985-b06b-5f0a929b8060:c772]
2019-07-13 08:32:17,364 DEBUG block.SCMBlockDeletingService (SCMBlockDeletingService.java:call(138)) - Running DeletedBlockTransactionScanner
2019-07-13 08:32:17,364 DEBUG block.SCMBlockDeletingService (SCMBlockDeletingService.java:call(155)) - Scanned deleted blocks log and got 0 delTX to process.
2019-07-13 08:32:17,374 INFO  client.GrpcClientProtocolClient (GrpcClientProtocolClient.java:onNext(255)) - client-A5BCC62C3543->912a7d3b-e3f1-4985-b06b-5f0a929b8060: receive RaftClientReply:client-A5BCC62C3543->912a7d3b-e3f1-4985-b06b-5f0a929b8060@group-3636E5E7603C, cid=529, SUCCESS, logIndex=775, commits[912a7d3b-e3f1-4985-b06b-5f0a929b8060:c776]
2019-07-13 08:32:17,375 INFO  client.GrpcClientProtocolClient (GrpcClientProtocolClient.java:onNext(255)) - client-A5BCC62C3543->912a7d3b-e3f1-4985-b06b-5f0a929b8060: receive RaftClientReply:client-A5BCC62C3543->912a7d3b-e3f1-4985-b06b-5f0a929b8060@group-3636E5E7603C, cid=530, SUCCESS, logIndex=776, commits[912a7d3b-e3f1-4985-b06b-5f0a929b8060:c777]
2019-07-13 08:32:17,465 DEBUG block.SCMBlockDeletingService (SCMBlockDeletingService.java:call(138)) - Running DeletedBlockTransactionScanner
2019-07-13 08:32:17,465 DEBUG block.SCMBlockDeletingService (SCMBlockDeletingService.java:call(155)) - Scanned deleted blocks log and got 0 delTX to process.
2019-07-13 08:32:17,465 INFO  client.GrpcClientProtocolClient (GrpcClientProtocolClient.java:onNext(255)) - client-A5BCC62C3543->912a7d3b-e3f1-4985-b06b-5f0a929b8060: receive RaftClientReply:client-A5BCC62C3543->912a7d3b-e3f1-4985-b06b-5f0a929b8060@group-3636E5E7603C, cid=531, SUCCESS, logIndex=778, commits[912a7d3b-e3f1-4985-b06b-5f0a929b8060:c779]
2019-07-13 08:32:17,466 INFO  client.GrpcClientProtocolClient (GrpcClientProtocolClient.java:onNext(255)) - client-A5BCC62C3543->912a7d3b-e3f1-4985-b06b-5f0a929b8060: receive RaftClientReply:client-A5BCC62C3543->912a7d3b-e3f1-4985-b06b-5f0a929b8060@group-3636E5E7603C, cid=532, SUCCESS, logIndex=779, commits[912a7d3b-e3f1-4985-b06b-5f0a929b8060:c780]
2019-07-13 08:32:17,477 INFO  client.GrpcClientProtocolClient (GrpcClientProtocolClient.java:onNext(255)) - client-A5BCC62C3543->912a7d3b-e3f1-4985-b06b-5f0a929b8060: receive RaftClientReply:client-A5BCC62C3543->912a7d3b-e3f1-4985-b06b-5f0a929b8060@group-3636E5E7603C, cid=533, SUCCESS, logIndex=781, commits[912a7d3b-e3f1-4985-b06b-5f0a929b8060:c782]
2019-07-13 08:32:17,477 INFO  client.GrpcClientProtocolClient (GrpcClientProtocolClient.java:onNext(255)) - client-A5BCC62C3543->912a7d3b-e3f1-4985-b06b-5f0a929b8060: receive RaftClientReply:client-A5BCC62C3543->912a7d3b-e3f1-4985-b06b-5f0a929b8060@group-3636E5E7603C, cid=534, SUCCESS, logIndex=782, commits[912a7d3b-e3f1-4985-b06b-5f0a929b8060:c782]
2019-07-13 08:32:17,479 INFO  client.GrpcClientProtocolClient (GrpcClientProtocolClient.java:onNext(255)) - client-A5BCC62C3543->912a7d3b-e3f1-4985-b06b-5f0a929b8060: receive RaftClientReply:client-A5BCC62C3543->912a7d3b-e3f1-4985-b06b-5f0a929b8060@group-3636E5E7603C, cid=535, SUCCESS, logIndex=783, commits[912a7d3b-e3f1-4985-b06b-5f0a929b8060:c785]
2019-07-13 08:32:17,480 INFO  client.GrpcClientProtocolClient (GrpcClientProtocolClient.java:onNext(255)) - client-A5BCC62C3543->912a7d3b-e3f1-4985-b06b-5f0a929b8060: receive RaftClientReply:client-A5BCC62C3543->912a7d3b-e3f1-4985-b06b-5f0a929b8060@group-3636E5E7603C, cid=536, SUCCESS, logIndex=784, commits[912a7d3b-e3f1-4985-b06b-5f0a929b8060:c785]
2019-07-13 08:32:17,498 INFO  client.GrpcClientProtocolClient (GrpcClientProtocolClient.java:onNext(255)) - client-A5BCC62C3543->912a7d3b-e3f1-4985-b06b-5f0a929b8060: receive RaftClientReply:client-A5BCC62C3543->912a7d3b-e3f1-4985-b06b-5f0a929b8060@group-3636E5E7603C, cid=537, SUCCESS, logIndex=786, commits[912a7d3b-e3f1-4985-b06b-5f0a929b8060:c787]
2019-07-13 08:32:17,499 INFO  client.GrpcClientProtocolClient (GrpcClientProtocolClient.java:onNext(255)) - client-A5BCC62C3543->912a7d3b-e3f1-4985-b06b-5f0a929b8060: receive RaftClientReply:client-A5BCC62C3543->912a7d3b-e3f1-4985-b06b-5f0a929b8060@group-3636E5E7603C, cid=538, SUCCESS, logIndex=787, commits[912a7d3b-e3f1-4985-b06b-5f0a929b8060:c787]
2019-07-13 08:32:17,500 INFO  client.GrpcClientProtocolClient (GrpcClientProtocolClient.java:onNext(255)) - client-A5BCC62C3543->912a7d3b-e3f1-4985-b06b-5f0a929b8060: receive RaftClientReply:client-A5BCC62C3543->912a7d3b-e3f1-4985-b06b-5f0a929b8060@group-3636E5E7603C, cid=539, SUCCESS, logIndex=788, commits[912a7d3b-e3f1-4985-b06b-5f0a929b8060:c790]
2019-07-13 08:32:17,501 INFO  client.GrpcClientProtocolClient (GrpcClientProtocolClient.java:onNext(255)) - client-A5BCC62C3543->912a7d3b-e3f1-4985-b06b-5f0a929b8060: receive RaftClientReply:client-A5BCC62C3543->912a7d3b-e3f1-4985-b06b-5f0a929b8060@group-3636E5E7603C, cid=540, SUCCESS, logIndex=789, commits[912a7d3b-e3f1-4985-b06b-5f0a929b8060:c790]
2019-07-13 08:32:17,512 INFO  client.GrpcClientProtocolClient (GrpcClientProtocolClient.java:onNext(255)) - client-A5BCC62C3543->912a7d3b-e3f1-4985-b06b-5f0a929b8060: receive RaftClientReply:client-A5BCC62C3543->912a7d3b-e3f1-4985-b06b-5f0a929b8060@group-3636E5E7603C, cid=541, SUCCESS, logIndex=791, commits[912a7d3b-e3f1-4985-b06b-5f0a929b8060:c792]
2019-07-13 08:32:17,513 INFO  client.GrpcClientProtocolClient (GrpcClientProtocolClient.java:onNext(255)) - client-A5BCC62C3543->912a7d3b-e3f1-4985-b06b-5f0a929b8060: receive RaftClientReply:client-A5BCC62C3543->912a7d3b-e3f1-4985-b06b-5f0a929b8060@group-3636E5E7603C, cid=542, SUCCESS, logIndex=792, commits[912a7d3b-e3f1-4985-b06b-5f0a929b8060:c792]
2019-07-13 08:32:17,515 INFO  client.GrpcClientProtocolClient (GrpcClientProtocolClient.java:onNext(255)) - client-A5BCC62C3543->912a7d3b-e3f1-4985-b06b-5f0a929b8060: receive RaftClientReply:client-A5BCC62C3543->912a7d3b-e3f1-4985-b06b-5f0a929b8060@group-3636E5E7603C, cid=543, SUCCESS, logIndex=793, commits[912a7d3b-e3f1-4985-b06b-5f0a929b8060:c795]
2019-07-13 08:32:17,515 INFO  client.GrpcClientProtocolClient (GrpcClientProtocolClient.java:onNext(255)) - client-A5BCC62C3543->912a7d3b-e3f1-4985-b06b-5f0a929b8060: receive RaftClientReply:client-A5BCC62C3543->912a7d3b-e3f1-4985-b06b-5f0a929b8060@group-3636E5E7603C, cid=544, SUCCESS, logIndex=794, commits[912a7d3b-e3f1-4985-b06b-5f0a929b8060:c795]
2019-07-13 08:32:17,534 INFO  client.GrpcClientProtocolClient (GrpcClientProtocolClient.java:onNext(255)) - client-A5BCC62C3543->912a7d3b-e3f1-4985-b06b-5f0a929b8060: receive RaftClientReply:client-A5BCC62C3543->912a7d3b-e3f1-4985-b06b-5f0a929b8060@group-3636E5E7603C, cid=545, SUCCESS, logIndex=796, commits[912a7d3b-e3f1-4985-b06b-5f0a929b8060:c797]
2019-07-13 08:32:17,535 INFO  client.GrpcClientProtocolClient (GrpcClientProtocolClient.java:onNext(255)) - client-A5BCC62C3543->912a7d3b-e3f1-4985-b06b-5f0a929b8060: receive RaftClientReply:client-A5BCC62C3543->912a7d3b-e3f1-4985-b06b-5f0a929b8060@group-3636E5E7603C, cid=546, SUCCESS, logIndex=797, commits[912a7d3b-e3f1-4985-b06b-5f0a929b8060:c797]
2019-07-13 08:32:17,537 INFO  client.GrpcClientProtocolClient (GrpcClientProtocolClient.java:onNext(255)) - client-A5BCC62C3543->912a7d3b-e3f1-4985-b06b-5f0a929b8060: receive RaftClientReply:client-A5BCC62C3543->912a7d3b-e3f1-4985-b06b-5f0a929b8060@group-3636E5E7603C, cid=547, SUCCESS, logIndex=798, commits[912a7d3b-e3f1-4985-b06b-5f0a929b8060:c800]
2019-07-13 08:32:17,537 INFO  client.GrpcClientProtocolClient (GrpcClientProtocolClient.java:onNext(255)) - client-A5BCC62C3543->912a7d3b-e3f1-4985-b06b-5f0a929b8060: receive RaftClientReply:client-A5BCC62C3543->912a7d3b-e3f1-4985-b06b-5f0a929b8060@group-3636E5E7603C, cid=548, SUCCESS, logIndex=799, commits[912a7d3b-e3f1-4985-b06b-5f0a929b8060:c800]
2019-07-13 08:32:17,549 INFO  client.GrpcClientProtocolClient (GrpcClientProtocolClient.java:onNext(255)) - client-A5BCC62C3543->912a7d3b-e3f1-4985-b06b-5f0a929b8060: receive RaftClientReply:client-A5BCC62C3543->912a7d3b-e3f1-4985-b06b-5f0a929b8060@group-3636E5E7603C, cid=549, SUCCESS, logIndex=801, commits[912a7d3b-e3f1-4985-b06b-5f0a929b8060:c802]
2019-07-13 08:32:17,549 INFO  client.GrpcClientProtocolClient (GrpcClientProtocolClient.java:onNext(255)) - client-A5BCC62C3543->912a7d3b-e3f1-4985-b06b-5f0a929b8060: receive RaftClientReply:client-A5BCC62C3543->912a7d3b-e3f1-4985-b06b-5f0a929b8060@group-3636E5E7603C, cid=550, SUCCESS, logIndex=802, commits[912a7d3b-e3f1-4985-b06b-5f0a929b8060:c802]
2019-07-13 08:32:17,551 INFO  client.GrpcClientProtocolClient (GrpcClientProtocolClient.java:onNext(255)) - client-A5BCC62C3543->912a7d3b-e3f1-4985-b06b-5f0a929b8060: receive RaftClientReply:client-A5BCC62C3543->912a7d3b-e3f1-4985-b06b-5f0a929b8060@group-3636E5E7603C, cid=551, SUCCESS, logIndex=803, commits[912a7d3b-e3f1-4985-b06b-5f0a929b8060:c805]
2019-07-13 08:32:17,551 INFO  client.GrpcClientProtocolClient (GrpcClientProtocolClient.java:onNext(255)) - client-A5BCC62C3543->912a7d3b-e3f1-4985-b06b-5f0a929b8060: receive RaftClientReply:client-A5BCC62C3543->912a7d3b-e3f1-4985-b06b-5f0a929b8060@group-3636E5E7603C, cid=552, SUCCESS, logIndex=804, commits[912a7d3b-e3f1-4985-b06b-5f0a929b8060:c805]
2019-07-13 08:32:17,565 DEBUG block.SCMBlockDeletingService (SCMBlockDeletingService.java:call(138)) - Running DeletedBlockTransactionScanner
2019-07-13 08:32:17,566 DEBUG block.SCMBlockDeletingService (SCMBlockDeletingService.java:call(155)) - Scanned deleted blocks log and got 0 delTX to process.
2019-07-13 08:32:17,583 INFO  client.GrpcClientProtocolClient (GrpcClientProtocolClient.java:onNext(255)) - client-A5BCC62C3543->912a7d3b-e3f1-4985-b06b-5f0a929b8060: receive RaftClientReply:client-A5BCC62C3543->912a7d3b-e3f1-4985-b06b-5f0a929b8060@group-3636E5E7603C, cid=553, SUCCESS, logIndex=806, commits[912a7d3b-e3f1-4985-b06b-5f0a929b8060:c807]
2019-07-13 08:32:17,584 INFO  client.GrpcClientProtocolClient (GrpcClientProtocolClient.java:onNext(255)) - client-A5BCC62C3543->912a7d3b-e3f1-4985-b06b-5f0a929b8060: receive RaftClientReply:client-A5BCC62C3543->912a7d3b-e3f1-4985-b06b-5f0a929b8060@group-3636E5E7603C, cid=554, SUCCESS, logIndex=807, commits[912a7d3b-e3f1-4985-b06b-5f0a929b8060:c807]
2019-07-13 08:32:17,584 INFO  client.GrpcClientProtocolClient (GrpcClientProtocolClient.java:onNext(255)) - client-A5BCC62C3543->912a7d3b-e3f1-4985-b06b-5f0a929b8060: receive RaftClientReply:client-A5BCC62C3543->912a7d3b-e3f1-4985-b06b-5f0a929b8060@group-3636E5E7603C, cid=555, SUCCESS, logIndex=808, commits[912a7d3b-e3f1-4985-b06b-5f0a929b8060:c809]
2019-07-13 08:32:17,585 INFO  client.GrpcClientProtocolClient (GrpcClientProtocolClient.java:onNext(255)) - client-A5BCC62C3543->912a7d3b-e3f1-4985-b06b-5f0a929b8060: receive RaftClientReply:client-A5BCC62C3543->912a7d3b-e3f1-4985-b06b-5f0a929b8060@group-3636E5E7603C, cid=556, SUCCESS, logIndex=809, commits[912a7d3b-e3f1-4985-b06b-5f0a929b8060:c810]
2019-07-13 08:32:17,605 INFO  client.GrpcClientProtocolClient (GrpcClientProtocolClient.java:onNext(255)) - client-A5BCC62C3543->912a7d3b-e3f1-4985-b06b-5f0a929b8060: receive RaftClientReply:client-A5BCC62C3543->912a7d3b-e3f1-4985-b06b-5f0a929b8060@group-3636E5E7603C, cid=557, SUCCESS, logIndex=812, commits[912a7d3b-e3f1-4985-b06b-5f0a929b8060:c813]
2019-07-13 08:32:17,606 INFO  client.GrpcClientProtocolClient (GrpcClientProtocolClient.java:onNext(255)) - client-A5BCC62C3543->912a7d3b-e3f1-4985-b06b-5f0a929b8060: receive RaftClientReply:client-A5BCC62C3543->912a7d3b-e3f1-4985-b06b-5f0a929b8060@group-3636E5E7603C, cid=558, SUCCESS, logIndex=813, commits[912a7d3b-e3f1-4985-b06b-5f0a929b8060:c816]
2019-07-13 08:32:17,606 INFO  client.GrpcClientProtocolClient (GrpcClientProtocolClient.java:onNext(255)) - client-A5BCC62C3543->912a7d3b-e3f1-4985-b06b-5f0a929b8060: receive RaftClientReply:client-A5BCC62C3543->912a7d3b-e3f1-4985-b06b-5f0a929b8060@group-3636E5E7603C, cid=559, SUCCESS, logIndex=814, commits[912a7d3b-e3f1-4985-b06b-5f0a929b8060:c816]
2019-07-13 08:32:17,606 INFO  client.GrpcClientProtocolClient (GrpcClientProtocolClient.java:onNext(255)) - client-A5BCC62C3543->912a7d3b-e3f1-4985-b06b-5f0a929b8060: receive RaftClientReply:client-A5BCC62C3543->912a7d3b-e3f1-4985-b06b-5f0a929b8060@group-3636E5E7603C, cid=560, SUCCESS, logIndex=815, commits[912a7d3b-e3f1-4985-b06b-5f0a929b8060:c817]
2019-07-13 08:32:17,634 INFO  client.GrpcClientProtocolClient (GrpcClientProtocolClient.java:onNext(255)) - client-A5BCC62C3543->912a7d3b-e3f1-4985-b06b-5f0a929b8060: receive RaftClientReply:client-A5BCC62C3543->912a7d3b-e3f1-4985-b06b-5f0a929b8060@group-3636E5E7603C, cid=561, SUCCESS, logIndex=818, commits[912a7d3b-e3f1-4985-b06b-5f0a929b8060:c819]
2019-07-13 08:32:17,635 INFO  client.GrpcClientProtocolClient (GrpcClientProtocolClient.java:onNext(255)) - client-A5BCC62C3543->912a7d3b-e3f1-4985-b06b-5f0a929b8060: receive RaftClientReply:client-A5BCC62C3543->912a7d3b-e3f1-4985-b06b-5f0a929b8060@group-3636E5E7603C, cid=562, SUCCESS, logIndex=819, commits[912a7d3b-e3f1-4985-b06b-5f0a929b8060:c821]
2019-07-13 08:32:17,635 INFO  client.GrpcClientProtocolClient (GrpcClientProtocolClient.java:onNext(255)) - client-A5BCC62C3543->912a7d3b-e3f1-4985-b06b-5f0a929b8060: receive RaftClientReply:client-A5BCC62C3543->912a7d3b-e3f1-4985-b06b-5f0a929b8060@group-3636E5E7603C, cid=563, SUCCESS, logIndex=820, commits[912a7d3b-e3f1-4985-b06b-5f0a929b8060:c821]
2019-07-13 08:32:17,636 INFO  client.GrpcClientProtocolClient (GrpcClientProtocolClient.java:onNext(255)) - client-A5BCC62C3543->912a7d3b-e3f1-4985-b06b-5f0a929b8060: receive RaftClientReply:client-A5BCC62C3543->912a7d3b-e3f1-4985-b06b-5f0a929b8060@group-3636E5E7603C, cid=564, SUCCESS, logIndex=821, commits[912a7d3b-e3f1-4985-b06b-5f0a929b8060:c823]
2019-07-13 08:32:17,657 INFO  client.GrpcClientProtocolClient (GrpcClientProtocolClient.java:onNext(255)) - client-A5BCC62C3543->912a7d3b-e3f1-4985-b06b-5f0a929b8060: receive RaftClientReply:client-A5BCC62C3543->912a7d3b-e3f1-4985-b06b-5f0a929b8060@group-3636E5E7603C, cid=565, SUCCESS, logIndex=824, commits[912a7d3b-e3f1-4985-b06b-5f0a929b8060:c825]
2019-07-13 08:32:17,657 INFO  client.GrpcClientProtocolClient (GrpcClientProtocolClient.java:onNext(255)) - client-A5BCC62C3543->912a7d3b-e3f1-4985-b06b-5f0a929b8060: receive RaftClientReply:client-A5BCC62C3543->912a7d3b-e3f1-4985-b06b-5f0a929b8060@group-3636E5E7603C, cid=566, SUCCESS, logIndex=825, commits[912a7d3b-e3f1-4985-b06b-5f0a929b8060:c827]
2019-07-13 08:32:17,658 INFO  client.GrpcClientProtocolClient (GrpcClientProtocolClient.java:onNext(255)) - client-A5BCC62C3543->912a7d3b-e3f1-4985-b06b-5f0a929b8060: receive RaftClientReply:client-A5BCC62C3543->912a7d3b-e3f1-4985-b06b-5f0a929b8060@group-3636E5E7603C, cid=567, SUCCESS, logIndex=826, commits[912a7d3b-e3f1-4985-b06b-5f0a929b8060:c827]
2019-07-13 08:32:17,658 INFO  client.GrpcClientProtocolClient (GrpcClientProtocolClient.java:onNext(255)) - client-A5BCC62C3543->912a7d3b-e3f1-4985-b06b-5f0a929b8060: receive RaftClientReply:client-A5BCC62C3543->912a7d3b-e3f1-4985-b06b-5f0a929b8060@group-3636E5E7603C, cid=568, SUCCESS, logIndex=827, commits[912a7d3b-e3f1-4985-b06b-5f0a929b8060:c828]
2019-07-13 08:32:17,666 DEBUG block.SCMBlockDeletingService (SCMBlockDeletingService.java:call(138)) - Running DeletedBlockTransactionScanner
2019-07-13 08:32:17,666 DEBUG block.SCMBlockDeletingService (SCMBlockDeletingService.java:call(155)) - Scanned deleted blocks log and got 0 delTX to process.
2019-07-13 08:32:17,687 INFO  client.GrpcClientProtocolClient (GrpcClientProtocolClient.java:onNext(255)) - client-A5BCC62C3543->912a7d3b-e3f1-4985-b06b-5f0a929b8060: receive RaftClientReply:client-A5BCC62C3543->912a7d3b-e3f1-4985-b06b-5f0a929b8060@group-3636E5E7603C, cid=569, SUCCESS, logIndex=830, commits[912a7d3b-e3f1-4985-b06b-5f0a929b8060:c831]
2019-07-13 08:32:17,688 INFO  client.GrpcClientProtocolClient (GrpcClientProtocolClient.java:onNext(255)) - client-A5BCC62C3543->912a7d3b-e3f1-4985-b06b-5f0a929b8060: receive RaftClientReply:client-A5BCC62C3543->912a7d3b-e3f1-4985-b06b-5f0a929b8060@group-3636E5E7603C, cid=570, SUCCESS, logIndex=831, commits[912a7d3b-e3f1-4985-b06b-5f0a929b8060:c833]
2019-07-13 08:32:17,689 INFO  client.GrpcClientProtocolClient (GrpcClientProtocolClient.java:onNext(255)) - client-A5BCC62C3543->912a7d3b-e3f1-4985-b06b-5f0a929b8060: receive RaftClientReply:client-A5BCC62C3543->912a7d3b-e3f1-4985-b06b-5f0a929b8060@group-3636E5E7603C, cid=571, SUCCESS, logIndex=832, commits[912a7d3b-e3f1-4985-b06b-5f0a929b8060:c834]
2019-07-13 08:32:17,689 INFO  client.GrpcClientProtocolClient (GrpcClientProtocolClient.java:onNext(255)) - client-A5BCC62C3543->912a7d3b-e3f1-4985-b06b-5f0a929b8060: receive RaftClientReply:client-A5BCC62C3543->912a7d3b-e3f1-4985-b06b-5f0a929b8060@group-3636E5E7603C, cid=572, SUCCESS, logIndex=833, commits[912a7d3b-e3f1-4985-b06b-5f0a929b8060:c835]
2019-07-13 08:32:17,710 INFO  client.GrpcClientProtocolClient (GrpcClientProtocolClient.java:onNext(255)) - client-A5BCC62C3543->912a7d3b-e3f1-4985-b06b-5f0a929b8060: receive RaftClientReply:client-A5BCC62C3543->912a7d3b-e3f1-4985-b06b-5f0a929b8060@group-3636E5E7603C, cid=573, SUCCESS, logIndex=836, commits[912a7d3b-e3f1-4985-b06b-5f0a929b8060:c837]
2019-07-13 08:32:17,711 INFO  client.GrpcClientProtocolClient (GrpcClientProtocolClient.java:onNext(255)) - client-A5BCC62C3543->912a7d3b-e3f1-4985-b06b-5f0a929b8060: receive RaftClientReply:client-A5BCC62C3543->912a7d3b-e3f1-4985-b06b-5f0a929b8060@group-3636E5E7603C, cid=574, SUCCESS, logIndex=837, commits[912a7d3b-e3f1-4985-b06b-5f0a929b8060:c838]
2019-07-13 08:32:17,767 DEBUG block.SCMBlockDeletingService (SCMBlockDeletingService.java:call(138)) - Running DeletedBlockTransactionScanner
2019-07-13 08:32:17,767 DEBUG block.SCMBlockDeletingService (SCMBlockDeletingService.java:call(155)) - Scanned deleted blocks log and got 0 delTX to process.
2019-07-13 08:32:17,867 DEBUG block.SCMBlockDeletingService (SCMBlockDeletingService.java:call(138)) - Running DeletedBlockTransactionScanner
2019-07-13 08:32:17,868 DEBUG block.SCMBlockDeletingService (SCMBlockDeletingService.java:call(155)) - Scanned deleted blocks log and got 0 delTX to process.
2019-07-13 08:32:17,898 INFO  client.GrpcClientProtocolClient (GrpcClientProtocolClient.java:onNext(255)) - client-A5BCC62C3543->912a7d3b-e3f1-4985-b06b-5f0a929b8060: receive RaftClientReply:client-A5BCC62C3543->912a7d3b-e3f1-4985-b06b-5f0a929b8060@group-3636E5E7603C, cid=575, SUCCESS, logIndex=839, commits[912a7d3b-e3f1-4985-b06b-5f0a929b8060:c840]
2019-07-13 08:32:17,899 INFO  client.GrpcClientProtocolClient (GrpcClientProtocolClient.java:onNext(255)) - client-A5BCC62C3543->912a7d3b-e3f1-4985-b06b-5f0a929b8060: receive RaftClientReply:client-A5BCC62C3543->912a7d3b-e3f1-4985-b06b-5f0a929b8060@group-3636E5E7603C, cid=576, SUCCESS, logIndex=840, commits[912a7d3b-e3f1-4985-b06b-5f0a929b8060:c840]
2019-07-13 08:32:17,926 INFO  client.GrpcClientProtocolClient (GrpcClientProtocolClient.java:onNext(255)) - client-A5BCC62C3543->912a7d3b-e3f1-4985-b06b-5f0a929b8060: receive RaftClientReply:client-A5BCC62C3543->912a7d3b-e3f1-4985-b06b-5f0a929b8060@group-3636E5E7603C, cid=577, SUCCESS, logIndex=842, commits[912a7d3b-e3f1-4985-b06b-5f0a929b8060:c843]
2019-07-13 08:32:17,927 INFO  client.GrpcClientProtocolClient (GrpcClientProtocolClient.java:onNext(255)) - client-A5BCC62C3543->912a7d3b-e3f1-4985-b06b-5f0a929b8060: receive RaftClientReply:client-A5BCC62C3543->912a7d3b-e3f1-4985-b06b-5f0a929b8060@group-3636E5E7603C, cid=578, SUCCESS, logIndex=843, commits[912a7d3b-e3f1-4985-b06b-5f0a929b8060:c845]
2019-07-13 08:32:17,928 INFO  client.GrpcClientProtocolClient (GrpcClientProtocolClient.java:onNext(255)) - client-A5BCC62C3543->912a7d3b-e3f1-4985-b06b-5f0a929b8060: receive RaftClientReply:client-A5BCC62C3543->912a7d3b-e3f1-4985-b06b-5f0a929b8060@group-3636E5E7603C, cid=579, SUCCESS, logIndex=844, commits[912a7d3b-e3f1-4985-b06b-5f0a929b8060:c846]
2019-07-13 08:32:17,928 INFO  client.GrpcClientProtocolClient (GrpcClientProtocolClient.java:onNext(255)) - client-A5BCC62C3543->912a7d3b-e3f1-4985-b06b-5f0a929b8060: receive RaftClientReply:client-A5BCC62C3543->912a7d3b-e3f1-4985-b06b-5f0a929b8060@group-3636E5E7603C, cid=580, SUCCESS, logIndex=845, commits[912a7d3b-e3f1-4985-b06b-5f0a929b8060:c847]
2019-07-13 08:32:17,950 INFO  client.GrpcClientProtocolClient (GrpcClientProtocolClient.java:onNext(255)) - client-A5BCC62C3543->912a7d3b-e3f1-4985-b06b-5f0a929b8060: receive RaftClientReply:client-A5BCC62C3543->912a7d3b-e3f1-4985-b06b-5f0a929b8060@group-3636E5E7603C, cid=581, SUCCESS, logIndex=848, commits[912a7d3b-e3f1-4985-b06b-5f0a929b8060:c849]
2019-07-13 08:32:17,951 INFO  client.GrpcClientProtocolClient (GrpcClientProtocolClient.java:onNext(255)) - client-A5BCC62C3543->912a7d3b-e3f1-4985-b06b-5f0a929b8060: receive RaftClientReply:client-A5BCC62C3543->912a7d3b-e3f1-4985-b06b-5f0a929b8060@group-3636E5E7603C, cid=582, SUCCESS, logIndex=849, commits[912a7d3b-e3f1-4985-b06b-5f0a929b8060:c852]
2019-07-13 08:32:17,951 INFO  client.GrpcClientProtocolClient (GrpcClientProtocolClient.java:onNext(255)) - client-A5BCC62C3543->912a7d3b-e3f1-4985-b06b-5f0a929b8060: receive RaftClientReply:client-A5BCC62C3543->912a7d3b-e3f1-4985-b06b-5f0a929b8060@group-3636E5E7603C, cid=583, SUCCESS, logIndex=850, commits[912a7d3b-e3f1-4985-b06b-5f0a929b8060:c852]
2019-07-13 08:32:17,952 INFO  client.GrpcClientProtocolClient (GrpcClientProtocolClient.java:onNext(255)) - client-A5BCC62C3543->912a7d3b-e3f1-4985-b06b-5f0a929b8060: receive RaftClientReply:client-A5BCC62C3543->912a7d3b-e3f1-4985-b06b-5f0a929b8060@group-3636E5E7603C, cid=584, SUCCESS, logIndex=851, commits[912a7d3b-e3f1-4985-b06b-5f0a929b8060:c853]
2019-07-13 08:32:17,968 DEBUG block.SCMBlockDeletingService (SCMBlockDeletingService.java:call(138)) - Running DeletedBlockTransactionScanner
2019-07-13 08:32:17,969 DEBUG block.SCMBlockDeletingService (SCMBlockDeletingService.java:call(155)) - Scanned deleted blocks log and got 0 delTX to process.
2019-07-13 08:32:17,983 INFO  client.GrpcClientProtocolClient (GrpcClientProtocolClient.java:onNext(255)) - client-A5BCC62C3543->912a7d3b-e3f1-4985-b06b-5f0a929b8060: receive RaftClientReply:client-A5BCC62C3543->912a7d3b-e3f1-4985-b06b-5f0a929b8060@group-3636E5E7603C, cid=585, SUCCESS, logIndex=854, commits[912a7d3b-e3f1-4985-b06b-5f0a929b8060:c855]
2019-07-13 08:32:17,983 INFO  client.GrpcClientProtocolClient (GrpcClientProtocolClient.java:onNext(255)) - client-A5BCC62C3543->912a7d3b-e3f1-4985-b06b-5f0a929b8060: receive RaftClientReply:client-A5BCC62C3543->912a7d3b-e3f1-4985-b06b-5f0a929b8060@group-3636E5E7603C, cid=586, SUCCESS, logIndex=855, commits[912a7d3b-e3f1-4985-b06b-5f0a929b8060:c855]
2019-07-13 08:32:17,985 INFO  client.GrpcClientProtocolClient (GrpcClientProtocolClient.java:onNext(255)) - client-A5BCC62C3543->912a7d3b-e3f1-4985-b06b-5f0a929b8060: receive RaftClientReply:client-A5BCC62C3543->912a7d3b-e3f1-4985-b06b-5f0a929b8060@group-3636E5E7603C, cid=587, SUCCESS, logIndex=856, commits[912a7d3b-e3f1-4985-b06b-5f0a929b8060:c857]
2019-07-13 08:32:17,986 INFO  client.GrpcClientProtocolClient (GrpcClientProtocolClient.java:onNext(255)) - client-A5BCC62C3543->912a7d3b-e3f1-4985-b06b-5f0a929b8060: receive RaftClientReply:client-A5BCC62C3543->912a7d3b-e3f1-4985-b06b-5f0a929b8060@group-3636E5E7603C, cid=588, SUCCESS, logIndex=857, commits[912a7d3b-e3f1-4985-b06b-5f0a929b8060:c857]
2019-07-13 08:32:18,009 INFO  client.GrpcClientProtocolClient (GrpcClientProtocolClient.java:onNext(255)) - client-A5BCC62C3543->912a7d3b-e3f1-4985-b06b-5f0a929b8060: receive RaftClientReply:client-A5BCC62C3543->912a7d3b-e3f1-4985-b06b-5f0a929b8060@group-3636E5E7603C, cid=589, SUCCESS, logIndex=860, commits[912a7d3b-e3f1-4985-b06b-5f0a929b8060:c863]
2019-07-13 08:32:18,010 INFO  client.GrpcClientProtocolClient (GrpcClientProtocolClient.java:onNext(255)) - client-A5BCC62C3543->912a7d3b-e3f1-4985-b06b-5f0a929b8060: receive RaftClientReply:client-A5BCC62C3543->912a7d3b-e3f1-4985-b06b-5f0a929b8060@group-3636E5E7603C, cid=590, SUCCESS, logIndex=861, commits[912a7d3b-e3f1-4985-b06b-5f0a929b8060:c864]
2019-07-13 08:32:18,010 INFO  client.GrpcClientProtocolClient (GrpcClientProtocolClient.java:onNext(255)) - client-A5BCC62C3543->912a7d3b-e3f1-4985-b06b-5f0a929b8060: receive RaftClientReply:client-A5BCC62C3543->912a7d3b-e3f1-4985-b06b-5f0a929b8060@group-3636E5E7603C, cid=591, SUCCESS, logIndex=862, commits[912a7d3b-e3f1-4985-b06b-5f0a929b8060:c865]
2019-07-13 08:32:18,011 INFO  client.GrpcClientProtocolClient (GrpcClientProtocolClient.java:onNext(255)) - client-A5BCC62C3543->912a7d3b-e3f1-4985-b06b-5f0a929b8060: receive RaftClientReply:client-A5BCC62C3543->912a7d3b-e3f1-4985-b06b-5f0a929b8060@group-3636E5E7603C, cid=592, SUCCESS, logIndex=863, commits[912a7d3b-e3f1-4985-b06b-5f0a929b8060:c865]
2019-07-13 08:32:18,040 INFO  client.GrpcClientProtocolClient (GrpcClientProtocolClient.java:onNext(255)) - client-A5BCC62C3543->912a7d3b-e3f1-4985-b06b-5f0a929b8060: receive RaftClientReply:client-A5BCC62C3543->912a7d3b-e3f1-4985-b06b-5f0a929b8060@group-3636E5E7603C, cid=593, SUCCESS, logIndex=866, commits[912a7d3b-e3f1-4985-b06b-5f0a929b8060:c869]
2019-07-13 08:32:18,040 INFO  client.GrpcClientProtocolClient (GrpcClientProtocolClient.java:onNext(255)) - client-A5BCC62C3543->912a7d3b-e3f1-4985-b06b-5f0a929b8060: receive RaftClientReply:client-A5BCC62C3543->912a7d3b-e3f1-4985-b06b-5f0a929b8060@group-3636E5E7603C, cid=594, SUCCESS, logIndex=867, commits[912a7d3b-e3f1-4985-b06b-5f0a929b8060:c870]
2019-07-13 08:32:18,041 INFO  client.GrpcClientProtocolClient (GrpcClientProtocolClient.java:onNext(255)) - client-A5BCC62C3543->912a7d3b-e3f1-4985-b06b-5f0a929b8060: receive RaftClientReply:client-A5BCC62C3543->912a7d3b-e3f1-4985-b06b-5f0a929b8060@group-3636E5E7603C, cid=595, SUCCESS, logIndex=868, commits[912a7d3b-e3f1-4985-b06b-5f0a929b8060:c870]
2019-07-13 08:32:18,041 INFO  client.GrpcClientProtocolClient (GrpcClientProtocolClient.java:onNext(255)) - client-A5BCC62C3543->912a7d3b-e3f1-4985-b06b-5f0a929b8060: receive RaftClientReply:client-A5BCC62C3543->912a7d3b-e3f1-4985-b06b-5f0a929b8060@group-3636E5E7603C, cid=596, SUCCESS, logIndex=869, commits[912a7d3b-e3f1-4985-b06b-5f0a929b8060:c871]
2019-07-13 08:32:18,061 INFO  client.GrpcClientProtocolClient (GrpcClientProtocolClient.java:onNext(255)) - client-A5BCC62C3543->912a7d3b-e3f1-4985-b06b-5f0a929b8060: receive RaftClientReply:client-A5BCC62C3543->912a7d3b-e3f1-4985-b06b-5f0a929b8060@group-3636E5E7603C, cid=597, SUCCESS, logIndex=872, commits[912a7d3b-e3f1-4985-b06b-5f0a929b8060:c873]
2019-07-13 08:32:18,062 INFO  client.GrpcClientProtocolClient (GrpcClientProtocolClient.java:onNext(255)) - client-A5BCC62C3543->912a7d3b-e3f1-4985-b06b-5f0a929b8060: receive RaftClientReply:client-A5BCC62C3543->912a7d3b-e3f1-4985-b06b-5f0a929b8060@group-3636E5E7603C, cid=598, SUCCESS, logIndex=873, commits[912a7d3b-e3f1-4985-b06b-5f0a929b8060:c873]
2019-07-13 08:32:18,063 INFO  client.GrpcClientProtocolClient (GrpcClientProtocolClient.java:onNext(255)) - client-A5BCC62C3543->912a7d3b-e3f1-4985-b06b-5f0a929b8060: receive RaftClientReply:client-A5BCC62C3543->912a7d3b-e3f1-4985-b06b-5f0a929b8060@group-3636E5E7603C, cid=599, SUCCESS, logIndex=874, commits[912a7d3b-e3f1-4985-b06b-5f0a929b8060:c875]
2019-07-13 08:32:18,063 INFO  client.GrpcClientProtocolClient (GrpcClientProtocolClient.java:onNext(255)) - client-A5BCC62C3543->912a7d3b-e3f1-4985-b06b-5f0a929b8060: receive RaftClientReply:client-A5BCC62C3543->912a7d3b-e3f1-4985-b06b-5f0a929b8060@group-3636E5E7603C, cid=600, SUCCESS, logIndex=875, commits[912a7d3b-e3f1-4985-b06b-5f0a929b8060:c875]
2019-07-13 08:32:18,069 DEBUG block.SCMBlockDeletingService (SCMBlockDeletingService.java:call(138)) - Running DeletedBlockTransactionScanner
2019-07-13 08:32:18,069 DEBUG block.SCMBlockDeletingService (SCMBlockDeletingService.java:call(155)) - Scanned deleted blocks log and got 0 delTX to process.
2019-07-13 08:32:18,089 INFO  client.GrpcClientProtocolClient (GrpcClientProtocolClient.java:onNext(255)) - client-A5BCC62C3543->912a7d3b-e3f1-4985-b06b-5f0a929b8060: receive RaftClientReply:client-A5BCC62C3543->912a7d3b-e3f1-4985-b06b-5f0a929b8060@group-3636E5E7603C, cid=601, SUCCESS, logIndex=878, commits[912a7d3b-e3f1-4985-b06b-5f0a929b8060:c879]
2019-07-13 08:32:18,090 INFO  client.GrpcClientProtocolClient (GrpcClientProtocolClient.java:onNext(255)) - client-A5BCC62C3543->912a7d3b-e3f1-4985-b06b-5f0a929b8060: receive RaftClientReply:client-A5BCC62C3543->912a7d3b-e3f1-4985-b06b-5f0a929b8060@group-3636E5E7603C, cid=602, SUCCESS, logIndex=879, commits[912a7d3b-e3f1-4985-b06b-5f0a929b8060:c879]
2019-07-13 08:32:18,091 INFO  client.GrpcClientProtocolClient (GrpcClientProtocolClient.java:onNext(255)) - client-A5BCC62C3543->912a7d3b-e3f1-4985-b06b-5f0a929b8060: receive RaftClientReply:client-A5BCC62C3543->912a7d3b-e3f1-4985-b06b-5f0a929b8060@group-3636E5E7603C, cid=603, SUCCESS, logIndex=880, commits[912a7d3b-e3f1-4985-b06b-5f0a929b8060:c881]
2019-07-13 08:32:18,092 INFO  client.GrpcClientProtocolClient (GrpcClientProtocolClient.java:onNext(255)) - client-A5BCC62C3543->912a7d3b-e3f1-4985-b06b-5f0a929b8060: receive RaftClientReply:client-A5BCC62C3543->912a7d3b-e3f1-4985-b06b-5f0a929b8060@group-3636E5E7603C, cid=604, SUCCESS, logIndex=881, commits[912a7d3b-e3f1-4985-b06b-5f0a929b8060:c881]
2019-07-13 08:32:18,103 INFO  client.GrpcClientProtocolClient (GrpcClientProtocolClient.java:onNext(255)) - client-A5BCC62C3543->912a7d3b-e3f1-4985-b06b-5f0a929b8060: receive RaftClientReply:client-A5BCC62C3543->912a7d3b-e3f1-4985-b06b-5f0a929b8060@group-3636E5E7603C, cid=605, SUCCESS, logIndex=884, commits[912a7d3b-e3f1-4985-b06b-5f0a929b8060:c887]
2019-07-13 08:32:18,104 INFO  client.GrpcClientProtocolClient (GrpcClientProtocolClient.java:onNext(255)) - client-A5BCC62C3543->912a7d3b-e3f1-4985-b06b-5f0a929b8060: receive RaftClientReply:client-A5BCC62C3543->912a7d3b-e3f1-4985-b06b-5f0a929b8060@group-3636E5E7603C, cid=606, SUCCESS, logIndex=885, commits[912a7d3b-e3f1-4985-b06b-5f0a929b8060:c888]
2019-07-13 08:32:18,104 INFO  client.GrpcClientProtocolClient (GrpcClientProtocolClient.java:onNext(255)) - client-A5BCC62C3543->912a7d3b-e3f1-4985-b06b-5f0a929b8060: receive RaftClientReply:client-A5BCC62C3543->912a7d3b-e3f1-4985-b06b-5f0a929b8060@group-3636E5E7603C, cid=607, SUCCESS, logIndex=886, commits[912a7d3b-e3f1-4985-b06b-5f0a929b8060:c888]
2019-07-13 08:32:18,104 INFO  client.GrpcClientProtocolClient (GrpcClientProtocolClient.java:onNext(255)) - client-A5BCC62C3543->912a7d3b-e3f1-4985-b06b-5f0a929b8060: receive RaftClientReply:client-A5BCC62C3543->912a7d3b-e3f1-4985-b06b-5f0a929b8060@group-3636E5E7603C, cid=608, SUCCESS, logIndex=887, commits[912a7d3b-e3f1-4985-b06b-5f0a929b8060:c888]
2019-07-13 08:32:18,120 INFO  client.GrpcClientProtocolClient (GrpcClientProtocolClient.java:onNext(255)) - client-A5BCC62C3543->912a7d3b-e3f1-4985-b06b-5f0a929b8060: receive RaftClientReply:client-A5BCC62C3543->912a7d3b-e3f1-4985-b06b-5f0a929b8060@group-3636E5E7603C, cid=609, SUCCESS, logIndex=889, commits[912a7d3b-e3f1-4985-b06b-5f0a929b8060:c890]
2019-07-13 08:32:18,120 INFO  client.GrpcClientProtocolClient (GrpcClientProtocolClient.java:onNext(255)) - client-A5BCC62C3543->912a7d3b-e3f1-4985-b06b-5f0a929b8060: receive RaftClientReply:client-A5BCC62C3543->912a7d3b-e3f1-4985-b06b-5f0a929b8060@group-3636E5E7603C, cid=610, SUCCESS, logIndex=890, commits[912a7d3b-e3f1-4985-b06b-5f0a929b8060:c890]
2019-07-13 08:32:18,121 INFO  client.GrpcClientProtocolClient (GrpcClientProtocolClient.java:onNext(255)) - client-A5BCC62C3543->912a7d3b-e3f1-4985-b06b-5f0a929b8060: receive RaftClientReply:client-A5BCC62C3543->912a7d3b-e3f1-4985-b06b-5f0a929b8060@group-3636E5E7603C, cid=611, SUCCESS, logIndex=891, commits[912a7d3b-e3f1-4985-b06b-5f0a929b8060:c893]
2019-07-13 08:32:18,121 INFO  client.GrpcClientProtocolClient (GrpcClientProtocolClient.java:onNext(255)) - client-A5BCC62C3543->912a7d3b-e3f1-4985-b06b-5f0a929b8060: receive RaftClientReply:client-A5BCC62C3543->912a7d3b-e3f1-4985-b06b-5f0a929b8060@group-3636E5E7603C, cid=612, SUCCESS, logIndex=892, commits[912a7d3b-e3f1-4985-b06b-5f0a929b8060:c893]
2019-07-13 08:32:18,142 INFO  client.GrpcClientProtocolClient (GrpcClientProtocolClient.java:onNext(255)) - client-A5BCC62C3543->912a7d3b-e3f1-4985-b06b-5f0a929b8060: receive RaftClientReply:client-A5BCC62C3543->912a7d3b-e3f1-4985-b06b-5f0a929b8060@group-3636E5E7603C, cid=613, SUCCESS, logIndex=894, commits[912a7d3b-e3f1-4985-b06b-5f0a929b8060:c895]
2019-07-13 08:32:18,142 INFO  client.GrpcClientProtocolClient (GrpcClientProtocolClient.java:onNext(255)) - client-A5BCC62C3543->912a7d3b-e3f1-4985-b06b-5f0a929b8060: receive RaftClientReply:client-A5BCC62C3543->912a7d3b-e3f1-4985-b06b-5f0a929b8060@group-3636E5E7603C, cid=614, SUCCESS, logIndex=895, commits[912a7d3b-e3f1-4985-b06b-5f0a929b8060:c897]
2019-07-13 08:32:18,142 INFO  client.GrpcClientProtocolClient (GrpcClientProtocolClient.java:onNext(255)) - client-A5BCC62C3543->912a7d3b-e3f1-4985-b06b-5f0a929b8060: receive RaftClientReply:client-A5BCC62C3543->912a7d3b-e3f1-4985-b06b-5f0a929b8060@group-3636E5E7603C, cid=615, SUCCESS, logIndex=896, commits[912a7d3b-e3f1-4985-b06b-5f0a929b8060:c898]
2019-07-13 08:32:18,143 INFO  client.GrpcClientProtocolClient (GrpcClientProtocolClient.java:onNext(255)) - client-A5BCC62C3543->912a7d3b-e3f1-4985-b06b-5f0a929b8060: receive RaftClientReply:client-A5BCC62C3543->912a7d3b-e3f1-4985-b06b-5f0a929b8060@group-3636E5E7603C, cid=616, SUCCESS, logIndex=897, commits[912a7d3b-e3f1-4985-b06b-5f0a929b8060:c898]
2019-07-13 08:32:18,169 INFO  client.GrpcClientProtocolClient (GrpcClientProtocolClient.java:onNext(255)) - client-A5BCC62C3543->912a7d3b-e3f1-4985-b06b-5f0a929b8060: receive RaftClientReply:client-A5BCC62C3543->912a7d3b-e3f1-4985-b06b-5f0a929b8060@group-3636E5E7603C, cid=617, SUCCESS, logIndex=900, commits[912a7d3b-e3f1-4985-b06b-5f0a929b8060:c901]
2019-07-13 08:32:18,169 INFO  client.GrpcClientProtocolClient (GrpcClientProtocolClient.java:onNext(255)) - client-A5BCC62C3543->912a7d3b-e3f1-4985-b06b-5f0a929b8060: receive RaftClientReply:client-A5BCC62C3543->912a7d3b-e3f1-4985-b06b-5f0a929b8060@group-3636E5E7603C, cid=618, SUCCESS, logIndex=901, commits[912a7d3b-e3f1-4985-b06b-5f0a929b8060:c901]
2019-07-13 08:32:18,170 DEBUG block.SCMBlockDeletingService (SCMBlockDeletingService.java:call(138)) - Running DeletedBlockTransactionScanner
2019-07-13 08:32:18,170 DEBUG block.SCMBlockDeletingService (SCMBlockDeletingService.java:call(155)) - Scanned deleted blocks log and got 0 delTX to process.
2019-07-13 08:32:18,258 INFO  client.GrpcClientProtocolClient (GrpcClientProtocolClient.java:onNext(255)) - client-A5BCC62C3543->912a7d3b-e3f1-4985-b06b-5f0a929b8060: receive RaftClientReply:client-A5BCC62C3543->912a7d3b-e3f1-4985-b06b-5f0a929b8060@group-3636E5E7603C, cid=619, SUCCESS, logIndex=903, commits[912a7d3b-e3f1-4985-b06b-5f0a929b8060:c904]
2019-07-13 08:32:18,259 INFO  client.GrpcClientProtocolClient (GrpcClientProtocolClient.java:onNext(255)) - client-A5BCC62C3543->912a7d3b-e3f1-4985-b06b-5f0a929b8060: receive RaftClientReply:client-A5BCC62C3543->912a7d3b-e3f1-4985-b06b-5f0a929b8060@group-3636E5E7603C, cid=620, SUCCESS, logIndex=904, commits[912a7d3b-e3f1-4985-b06b-5f0a929b8060:c904]
2019-07-13 08:32:18,270 DEBUG block.SCMBlockDeletingService (SCMBlockDeletingService.java:call(138)) - Running DeletedBlockTransactionScanner
2019-07-13 08:32:18,270 INFO  client.GrpcClientProtocolClient (GrpcClientProtocolClient.java:onNext(255)) - client-A5BCC62C3543->912a7d3b-e3f1-4985-b06b-5f0a929b8060: receive RaftClientReply:client-A5BCC62C3543->912a7d3b-e3f1-4985-b06b-5f0a929b8060@group-3636E5E7603C, cid=621, SUCCESS, logIndex=906, commits[912a7d3b-e3f1-4985-b06b-5f0a929b8060:c909]
2019-07-13 08:32:18,271 DEBUG block.SCMBlockDeletingService (SCMBlockDeletingService.java:call(155)) - Scanned deleted blocks log and got 0 delTX to process.
2019-07-13 08:32:18,271 INFO  client.GrpcClientProtocolClient (GrpcClientProtocolClient.java:onNext(255)) - client-A5BCC62C3543->912a7d3b-e3f1-4985-b06b-5f0a929b8060: receive RaftClientReply:client-A5BCC62C3543->912a7d3b-e3f1-4985-b06b-5f0a929b8060@group-3636E5E7603C, cid=622, SUCCESS, logIndex=907, commits[912a7d3b-e3f1-4985-b06b-5f0a929b8060:c909]
2019-07-13 08:32:18,272 INFO  client.GrpcClientProtocolClient (GrpcClientProtocolClient.java:onNext(255)) - client-A5BCC62C3543->912a7d3b-e3f1-4985-b06b-5f0a929b8060: receive RaftClientReply:client-A5BCC62C3543->912a7d3b-e3f1-4985-b06b-5f0a929b8060@group-3636E5E7603C, cid=623, SUCCESS, logIndex=908, commits[912a7d3b-e3f1-4985-b06b-5f0a929b8060:c909]
2019-07-13 08:32:18,272 INFO  client.GrpcClientProtocolClient (GrpcClientProtocolClient.java:onNext(255)) - client-A5BCC62C3543->912a7d3b-e3f1-4985-b06b-5f0a929b8060: receive RaftClientReply:client-A5BCC62C3543->912a7d3b-e3f1-4985-b06b-5f0a929b8060@group-3636E5E7603C, cid=624, SUCCESS, logIndex=909, commits[912a7d3b-e3f1-4985-b06b-5f0a929b8060:c909]
2019-07-13 08:32:18,298 INFO  client.GrpcClientProtocolClient (GrpcClientProtocolClient.java:onNext(255)) - client-A5BCC62C3543->912a7d3b-e3f1-4985-b06b-5f0a929b8060: receive RaftClientReply:client-A5BCC62C3543->912a7d3b-e3f1-4985-b06b-5f0a929b8060@group-3636E5E7603C, cid=625, SUCCESS, logIndex=911, commits[912a7d3b-e3f1-4985-b06b-5f0a929b8060:c914]
2019-07-13 08:32:18,299 INFO  client.GrpcClientProtocolClient (GrpcClientProtocolClient.java:onNext(255)) - client-A5BCC62C3543->912a7d3b-e3f1-4985-b06b-5f0a929b8060: receive RaftClientReply:client-A5BCC62C3543->912a7d3b-e3f1-4985-b06b-5f0a929b8060@group-3636E5E7603C, cid=626, SUCCESS, logIndex=912, commits[912a7d3b-e3f1-4985-b06b-5f0a929b8060:c914]
2019-07-13 08:32:18,299 INFO  client.GrpcClientProtocolClient (GrpcClientProtocolClient.java:onNext(255)) - client-A5BCC62C3543->912a7d3b-e3f1-4985-b06b-5f0a929b8060: receive RaftClientReply:client-A5BCC62C3543->912a7d3b-e3f1-4985-b06b-5f0a929b8060@group-3636E5E7603C, cid=627, SUCCESS, logIndex=913, commits[912a7d3b-e3f1-4985-b06b-5f0a929b8060:c915]
2019-07-13 08:32:18,300 INFO  client.GrpcClientProtocolClient (GrpcClientProtocolClient.java:onNext(255)) - client-A5BCC62C3543->912a7d3b-e3f1-4985-b06b-5f0a929b8060: receive RaftClientReply:client-A5BCC62C3543->912a7d3b-e3f1-4985-b06b-5f0a929b8060@group-3636E5E7603C, cid=628, SUCCESS, logIndex=914, commits[912a7d3b-e3f1-4985-b06b-5f0a929b8060:c916]
2019-07-13 08:32:18,320 INFO  client.GrpcClientProtocolClient (GrpcClientProtocolClient.java:onNext(255)) - client-A5BCC62C3543->912a7d3b-e3f1-4985-b06b-5f0a929b8060: receive RaftClientReply:client-A5BCC62C3543->912a7d3b-e3f1-4985-b06b-5f0a929b8060@group-3636E5E7603C, cid=629, SUCCESS, logIndex=917, commits[912a7d3b-e3f1-4985-b06b-5f0a929b8060:c918]
2019-07-13 08:32:18,321 INFO  client.GrpcClientProtocolClient (GrpcClientProtocolClient.java:onNext(255)) - client-A5BCC62C3543->912a7d3b-e3f1-4985-b06b-5f0a929b8060: receive RaftClientReply:client-A5BCC62C3543->912a7d3b-e3f1-4985-b06b-5f0a929b8060@group-3636E5E7603C, cid=630, SUCCESS, logIndex=918, commits[912a7d3b-e3f1-4985-b06b-5f0a929b8060:c918]
2019-07-13 08:32:18,322 INFO  client.GrpcClientProtocolClient (GrpcClientProtocolClient.java:onNext(255)) - client-A5BCC62C3543->912a7d3b-e3f1-4985-b06b-5f0a929b8060: receive RaftClientReply:client-A5BCC62C3543->912a7d3b-e3f1-4985-b06b-5f0a929b8060@group-3636E5E7603C, cid=631, SUCCESS, logIndex=919, commits[912a7d3b-e3f1-4985-b06b-5f0a929b8060:c920]
2019-07-13 08:32:18,323 INFO  client.GrpcClientProtocolClient (GrpcClientProtocolClient.java:onNext(255)) - client-A5BCC62C3543->912a7d3b-e3f1-4985-b06b-5f0a929b8060: receive RaftClientReply:client-A5BCC62C3543->912a7d3b-e3f1-4985-b06b-5f0a929b8060@group-3636E5E7603C, cid=632, SUCCESS, logIndex=920, commits[912a7d3b-e3f1-4985-b06b-5f0a929b8060:c920]
2019-07-13 08:32:18,349 INFO  client.GrpcClientProtocolClient (GrpcClientProtocolClient.java:onNext(255)) - client-A5BCC62C3543->912a7d3b-e3f1-4985-b06b-5f0a929b8060: receive RaftClientReply:client-A5BCC62C3543->912a7d3b-e3f1-4985-b06b-5f0a929b8060@group-3636E5E7603C, cid=633, SUCCESS, logIndex=923, commits[912a7d3b-e3f1-4985-b06b-5f0a929b8060:c926]
2019-07-13 08:32:18,350 INFO  client.GrpcClientProtocolClient (GrpcClientProtocolClient.java:onNext(255)) - client-A5BCC62C3543->912a7d3b-e3f1-4985-b06b-5f0a929b8060: receive RaftClientReply:client-A5BCC62C3543->912a7d3b-e3f1-4985-b06b-5f0a929b8060@group-3636E5E7603C, cid=634, SUCCESS, logIndex=924, commits[912a7d3b-e3f1-4985-b06b-5f0a929b8060:c927]
2019-07-13 08:32:18,350 INFO  client.GrpcClientProtocolClient (GrpcClientProtocolClient.java:onNext(255)) - client-A5BCC62C3543->912a7d3b-e3f1-4985-b06b-5f0a929b8060: receive RaftClientReply:client-A5BCC62C3543->912a7d3b-e3f1-4985-b06b-5f0a929b8060@group-3636E5E7603C, cid=635, SUCCESS, logIndex=925, commits[912a7d3b-e3f1-4985-b06b-5f0a929b8060:c927]
2019-07-13 08:32:18,351 INFO  client.GrpcClientProtocolClient (GrpcClientProtocolClient.java:onNext(255)) - client-A5BCC62C3543->912a7d3b-e3f1-4985-b06b-5f0a929b8060: receive RaftClientReply:client-A5BCC62C3543->912a7d3b-e3f1-4985-b06b-5f0a929b8060@group-3636E5E7603C, cid=636, SUCCESS, logIndex=926, commits[912a7d3b-e3f1-4985-b06b-5f0a929b8060:c928]
2019-07-13 08:32:18,370 INFO  client.GrpcClientProtocolClient (GrpcClientProtocolClient.java:onNext(255)) - client-A5BCC62C3543->912a7d3b-e3f1-4985-b06b-5f0a929b8060: receive RaftClientReply:client-A5BCC62C3543->912a7d3b-e3f1-4985-b06b-5f0a929b8060@group-3636E5E7603C, cid=637, SUCCESS, logIndex=929, commits[912a7d3b-e3f1-4985-b06b-5f0a929b8060:c932]
2019-07-13 08:32:18,371 INFO  client.GrpcClientProtocolClient (GrpcClientProtocolClient.java:onNext(255)) - client-A5BCC62C3543->912a7d3b-e3f1-4985-b06b-5f0a929b8060: receive RaftClientReply:client-A5BCC62C3543->912a7d3b-e3f1-4985-b06b-5f0a929b8060@group-3636E5E7603C, cid=638, SUCCESS, logIndex=930, commits[912a7d3b-e3f1-4985-b06b-5f0a929b8060:c933]
2019-07-13 08:32:18,371 INFO  client.GrpcClientProtocolClient (GrpcClientProtocolClient.java:onNext(255)) - client-A5BCC62C3543->912a7d3b-e3f1-4985-b06b-5f0a929b8060: receive RaftClientReply:client-A5BCC62C3543->912a7d3b-e3f1-4985-b06b-5f0a929b8060@group-3636E5E7603C, cid=639, SUCCESS, logIndex=931, commits[912a7d3b-e3f1-4985-b06b-5f0a929b8060:c934]
2019-07-13 08:32:18,371 DEBUG block.SCMBlockDeletingService (SCMBlockDeletingService.java:call(138)) - Running DeletedBlockTransactionScanner
2019-07-13 08:32:18,371 DEBUG block.SCMBlockDeletingService (SCMBlockDeletingService.java:call(155)) - Scanned deleted blocks log and got 0 delTX to process.
2019-07-13 08:32:18,371 INFO  client.GrpcClientProtocolClient (GrpcClientProtocolClient.java:onNext(255)) - client-A5BCC62C3543->912a7d3b-e3f1-4985-b06b-5f0a929b8060: receive RaftClientReply:client-A5BCC62C3543->912a7d3b-e3f1-4985-b06b-5f0a929b8060@group-3636E5E7603C, cid=640, SUCCESS, logIndex=932, commits[912a7d3b-e3f1-4985-b06b-5f0a929b8060:c934]
2019-07-13 08:32:18,394 INFO  client.GrpcClientProtocolClient (GrpcClientProtocolClient.java:onNext(255)) - client-A5BCC62C3543->912a7d3b-e3f1-4985-b06b-5f0a929b8060: receive RaftClientReply:client-A5BCC62C3543->912a7d3b-e3f1-4985-b06b-5f0a929b8060@group-3636E5E7603C, cid=641, SUCCESS, logIndex=935, commits[912a7d3b-e3f1-4985-b06b-5f0a929b8060:c936]
2019-07-13 08:32:18,395 INFO  client.GrpcClientProtocolClient (GrpcClientProtocolClient.java:onNext(255)) - client-A5BCC62C3543->912a7d3b-e3f1-4985-b06b-5f0a929b8060: receive RaftClientReply:client-A5BCC62C3543->912a7d3b-e3f1-4985-b06b-5f0a929b8060@group-3636E5E7603C, cid=642, SUCCESS, logIndex=936, commits[912a7d3b-e3f1-4985-b06b-5f0a929b8060:c938]
2019-07-13 08:32:18,395 INFO  client.GrpcClientProtocolClient (GrpcClientProtocolClient.java:onNext(255)) - client-A5BCC62C3543->912a7d3b-e3f1-4985-b06b-5f0a929b8060: receive RaftClientReply:client-A5BCC62C3543->912a7d3b-e3f1-4985-b06b-5f0a929b8060@group-3636E5E7603C, cid=643, SUCCESS, logIndex=937, commits[912a7d3b-e3f1-4985-b06b-5f0a929b8060:c939]
2019-07-13 08:32:18,395 INFO  client.GrpcClientProtocolClient (GrpcClientProtocolClient.java:onNext(255)) - client-A5BCC62C3543->912a7d3b-e3f1-4985-b06b-5f0a929b8060: receive RaftClientReply:client-A5BCC62C3543->912a7d3b-e3f1-4985-b06b-5f0a929b8060@group-3636E5E7603C, cid=644, SUCCESS, logIndex=938, commits[912a7d3b-e3f1-4985-b06b-5f0a929b8060:c940]
2019-07-13 08:32:18,411 INFO  client.GrpcClientProtocolClient (GrpcClientProtocolClient.java:onNext(255)) - client-A5BCC62C3543->912a7d3b-e3f1-4985-b06b-5f0a929b8060: receive RaftClientReply:client-A5BCC62C3543->912a7d3b-e3f1-4985-b06b-5f0a929b8060@group-3636E5E7603C, cid=645, SUCCESS, logIndex=941, commits[912a7d3b-e3f1-4985-b06b-5f0a929b8060:c944]
2019-07-13 08:32:18,412 INFO  client.GrpcClientProtocolClient (GrpcClientProtocolClient.java:onNext(255)) - client-A5BCC62C3543->912a7d3b-e3f1-4985-b06b-5f0a929b8060: receive RaftClientReply:client-A5BCC62C3543->912a7d3b-e3f1-4985-b06b-5f0a929b8060@group-3636E5E7603C, cid=646, SUCCESS, logIndex=942, commits[912a7d3b-e3f1-4985-b06b-5f0a929b8060:c945]
2019-07-13 08:32:18,412 INFO  client.GrpcClientProtocolClient (GrpcClientProtocolClient.java:onNext(255)) - client-A5BCC62C3543->912a7d3b-e3f1-4985-b06b-5f0a929b8060: receive RaftClientReply:client-A5BCC62C3543->912a7d3b-e3f1-4985-b06b-5f0a929b8060@group-3636E5E7603C, cid=647, SUCCESS, logIndex=943, commits[912a7d3b-e3f1-4985-b06b-5f0a929b8060:c945]
2019-07-13 08:32:18,413 INFO  client.GrpcClientProtocolClient (GrpcClientProtocolClient.java:onNext(255)) - client-A5BCC62C3543->912a7d3b-e3f1-4985-b06b-5f0a929b8060: receive RaftClientReply:client-A5BCC62C3543->912a7d3b-e3f1-4985-b06b-5f0a929b8060@group-3636E5E7603C, cid=648, SUCCESS, logIndex=944, commits[912a7d3b-e3f1-4985-b06b-5f0a929b8060:c945]
2019-07-13 08:32:18,437 INFO  client.GrpcClientProtocolClient (GrpcClientProtocolClient.java:onNext(255)) - client-A5BCC62C3543->912a7d3b-e3f1-4985-b06b-5f0a929b8060: receive RaftClientReply:client-A5BCC62C3543->912a7d3b-e3f1-4985-b06b-5f0a929b8060@group-3636E5E7603C, cid=649, SUCCESS, logIndex=946, commits[912a7d3b-e3f1-4985-b06b-5f0a929b8060:c947]
2019-07-13 08:32:18,508 DEBUG block.SCMBlockDeletingService (SCMBlockDeletingService.java:call(138)) - Running DeletedBlockTransactionScanner
2019-07-13 08:32:18,508 DEBUG block.SCMBlockDeletingService (SCMBlockDeletingService.java:call(155)) - Scanned deleted blocks log and got 0 delTX to process.
2019-07-13 08:32:18,509 INFO  client.GrpcClientProtocolClient (GrpcClientProtocolClient.java:onNext(255)) - client-A5BCC62C3543->912a7d3b-e3f1-4985-b06b-5f0a929b8060: receive RaftClientReply:client-A5BCC62C3543->912a7d3b-e3f1-4985-b06b-5f0a929b8060@group-3636E5E7603C, cid=650, SUCCESS, logIndex=947, commits[912a7d3b-e3f1-4985-b06b-5f0a929b8060:c949]
2019-07-13 08:32:18,509 INFO  client.GrpcClientProtocolClient (GrpcClientProtocolClient.java:onNext(255)) - client-A5BCC62C3543->912a7d3b-e3f1-4985-b06b-5f0a929b8060: receive RaftClientReply:client-A5BCC62C3543->912a7d3b-e3f1-4985-b06b-5f0a929b8060@group-3636E5E7603C, cid=651, SUCCESS, logIndex=948, commits[912a7d3b-e3f1-4985-b06b-5f0a929b8060:c950]
2019-07-13 08:32:18,510 INFO  client.GrpcClientProtocolClient (GrpcClientProtocolClient.java:onNext(255)) - client-A5BCC62C3543->912a7d3b-e3f1-4985-b06b-5f0a929b8060: receive RaftClientReply:client-A5BCC62C3543->912a7d3b-e3f1-4985-b06b-5f0a929b8060@group-3636E5E7603C, cid=652, SUCCESS, logIndex=949, commits[912a7d3b-e3f1-4985-b06b-5f0a929b8060:c950]
2019-07-13 08:32:18,533 INFO  client.GrpcClientProtocolClient (GrpcClientProtocolClient.java:onNext(255)) - client-A5BCC62C3543->912a7d3b-e3f1-4985-b06b-5f0a929b8060: receive RaftClientReply:client-A5BCC62C3543->912a7d3b-e3f1-4985-b06b-5f0a929b8060@group-3636E5E7603C, cid=653, SUCCESS, logIndex=952, commits[912a7d3b-e3f1-4985-b06b-5f0a929b8060:c955]
2019-07-13 08:32:18,533 INFO  client.GrpcClientProtocolClient (GrpcClientProtocolClient.java:onNext(255)) - client-A5BCC62C3543->912a7d3b-e3f1-4985-b06b-5f0a929b8060: receive RaftClientReply:client-A5BCC62C3543->912a7d3b-e3f1-4985-b06b-5f0a929b8060@group-3636E5E7603C, cid=654, SUCCESS, logIndex=953, commits[912a7d3b-e3f1-4985-b06b-5f0a929b8060:c955]
2019-07-13 08:32:18,534 INFO  client.GrpcClientProtocolClient (GrpcClientProtocolClient.java:onNext(255)) - client-A5BCC62C3543->912a7d3b-e3f1-4985-b06b-5f0a929b8060: receive RaftClientReply:client-A5BCC62C3543->912a7d3b-e3f1-4985-b06b-5f0a929b8060@group-3636E5E7603C, cid=655, SUCCESS, logIndex=954, commits[912a7d3b-e3f1-4985-b06b-5f0a929b8060:c955]
2019-07-13 08:32:18,534 INFO  client.GrpcClientProtocolClient (GrpcClientProtocolClient.java:onNext(255)) - client-A5BCC62C3543->912a7d3b-e3f1-4985-b06b-5f0a929b8060: receive RaftClientReply:client-A5BCC62C3543->912a7d3b-e3f1-4985-b06b-5f0a929b8060@group-3636E5E7603C, cid=656, SUCCESS, logIndex=955, commits[912a7d3b-e3f1-4985-b06b-5f0a929b8060:c955]
2019-07-13 08:32:18,559 INFO  client.GrpcClientProtocolClient (GrpcClientProtocolClient.java:onNext(255)) - client-A5BCC62C3543->912a7d3b-e3f1-4985-b06b-5f0a929b8060: receive RaftClientReply:client-A5BCC62C3543->912a7d3b-e3f1-4985-b06b-5f0a929b8060@group-3636E5E7603C, cid=657, SUCCESS, logIndex=957, commits[912a7d3b-e3f1-4985-b06b-5f0a929b8060:c960]
2019-07-13 08:32:18,560 INFO  client.GrpcClientProtocolClient (GrpcClientProtocolClient.java:onNext(255)) - client-A5BCC62C3543->912a7d3b-e3f1-4985-b06b-5f0a929b8060: receive RaftClientReply:client-A5BCC62C3543->912a7d3b-e3f1-4985-b06b-5f0a929b8060@group-3636E5E7603C, cid=658, SUCCESS, logIndex=958, commits[912a7d3b-e3f1-4985-b06b-5f0a929b8060:c961]
2019-07-13 08:32:18,560 INFO  client.GrpcClientProtocolClient (GrpcClientProtocolClient.java:onNext(255)) - client-A5BCC62C3543->912a7d3b-e3f1-4985-b06b-5f0a929b8060: receive RaftClientReply:client-A5BCC62C3543->912a7d3b-e3f1-4985-b06b-5f0a929b8060@group-3636E5E7603C, cid=659, SUCCESS, logIndex=959, commits[912a7d3b-e3f1-4985-b06b-5f0a929b8060:c961]
2019-07-13 08:32:18,561 INFO  client.GrpcClientProtocolClient (GrpcClientProtocolClient.java:onNext(255)) - client-A5BCC62C3543->912a7d3b-e3f1-4985-b06b-5f0a929b8060: receive RaftClientReply:client-A5BCC62C3543->912a7d3b-e3f1-4985-b06b-5f0a929b8060@group-3636E5E7603C, cid=660, SUCCESS, logIndex=960, commits[912a7d3b-e3f1-4985-b06b-5f0a929b8060:c962]
2019-07-13 08:32:18,581 INFO  client.GrpcClientProtocolClient (GrpcClientProtocolClient.java:onNext(255)) - client-A5BCC62C3543->912a7d3b-e3f1-4985-b06b-5f0a929b8060: receive RaftClientReply:client-A5BCC62C3543->912a7d3b-e3f1-4985-b06b-5f0a929b8060@group-3636E5E7603C, cid=661, SUCCESS, logIndex=963, commits[912a7d3b-e3f1-4985-b06b-5f0a929b8060:c964]
2019-07-13 08:32:18,581 INFO  client.GrpcClientProtocolClient (GrpcClientProtocolClient.java:onNext(255)) - client-A5BCC62C3543->912a7d3b-e3f1-4985-b06b-5f0a929b8060: receive RaftClientReply:client-A5BCC62C3543->912a7d3b-e3f1-4985-b06b-5f0a929b8060@group-3636E5E7603C, cid=662, SUCCESS, logIndex=964, commits[912a7d3b-e3f1-4985-b06b-5f0a929b8060:c965]
2019-07-13 08:32:18,609 DEBUG block.SCMBlockDeletingService (SCMBlockDeletingService.java:call(138)) - Running DeletedBlockTransactionScanner
2019-07-13 08:32:18,609 DEBUG block.SCMBlockDeletingService (SCMBlockDeletingService.java:call(155)) - Scanned deleted blocks log and got 0 delTX to process.
2019-07-13 08:32:18,683 INFO  client.GrpcClientProtocolClient (GrpcClientProtocolClient.java:onNext(255)) - client-A5BCC62C3543->912a7d3b-e3f1-4985-b06b-5f0a929b8060: receive RaftClientReply:client-A5BCC62C3543->912a7d3b-e3f1-4985-b06b-5f0a929b8060@group-3636E5E7603C, cid=663, SUCCESS, logIndex=966, commits[912a7d3b-e3f1-4985-b06b-5f0a929b8060:c967]
2019-07-13 08:32:18,684 INFO  client.GrpcClientProtocolClient (GrpcClientProtocolClient.java:onNext(255)) - client-A5BCC62C3543->912a7d3b-e3f1-4985-b06b-5f0a929b8060: receive RaftClientReply:client-A5BCC62C3543->912a7d3b-e3f1-4985-b06b-5f0a929b8060@group-3636E5E7603C, cid=664, SUCCESS, logIndex=967, commits[912a7d3b-e3f1-4985-b06b-5f0a929b8060:c968]
2019-07-13 08:32:18,710 DEBUG block.SCMBlockDeletingService (SCMBlockDeletingService.java:call(138)) - Running DeletedBlockTransactionScanner
2019-07-13 08:32:18,710 DEBUG block.SCMBlockDeletingService (SCMBlockDeletingService.java:call(155)) - Scanned deleted blocks log and got 0 delTX to process.
2019-07-13 08:32:18,712 INFO  client.GrpcClientProtocolClient (GrpcClientProtocolClient.java:onNext(255)) - client-A5BCC62C3543->912a7d3b-e3f1-4985-b06b-5f0a929b8060: receive RaftClientReply:client-A5BCC62C3543->912a7d3b-e3f1-4985-b06b-5f0a929b8060@group-3636E5E7603C, cid=665, SUCCESS, logIndex=969, commits[912a7d3b-e3f1-4985-b06b-5f0a929b8060:c970]
2019-07-13 08:32:18,713 INFO  client.GrpcClientProtocolClient (GrpcClientProtocolClient.java:onNext(255)) - client-A5BCC62C3543->912a7d3b-e3f1-4985-b06b-5f0a929b8060: receive RaftClientReply:client-A5BCC62C3543->912a7d3b-e3f1-4985-b06b-5f0a929b8060@group-3636E5E7603C, cid=666, SUCCESS, logIndex=970, commits[912a7d3b-e3f1-4985-b06b-5f0a929b8060:c970]
2019-07-13 08:32:18,715 INFO  client.GrpcClientProtocolClient (GrpcClientProtocolClient.java:onNext(255)) - client-A5BCC62C3543->912a7d3b-e3f1-4985-b06b-5f0a929b8060: receive RaftClientReply:client-A5BCC62C3543->912a7d3b-e3f1-4985-b06b-5f0a929b8060@group-3636E5E7603C, cid=667, SUCCESS, logIndex=971, commits[912a7d3b-e3f1-4985-b06b-5f0a929b8060:c972]
2019-07-13 08:32:18,715 INFO  client.GrpcClientProtocolClient (GrpcClientProtocolClient.java:onNext(255)) - client-A5BCC62C3543->912a7d3b-e3f1-4985-b06b-5f0a929b8060: receive RaftClientReply:client-A5BCC62C3543->912a7d3b-e3f1-4985-b06b-5f0a929b8060@group-3636E5E7603C, cid=668, SUCCESS, logIndex=972, commits[912a7d3b-e3f1-4985-b06b-5f0a929b8060:c972]
2019-07-13 08:32:18,727 INFO  client.GrpcClientProtocolClient (GrpcClientProtocolClient.java:onNext(255)) - client-A5BCC62C3543->912a7d3b-e3f1-4985-b06b-5f0a929b8060: receive RaftClientReply:client-A5BCC62C3543->912a7d3b-e3f1-4985-b06b-5f0a929b8060@group-3636E5E7603C, cid=669, SUCCESS, logIndex=975, commits[912a7d3b-e3f1-4985-b06b-5f0a929b8060:c978]
2019-07-13 08:32:18,728 INFO  client.GrpcClientProtocolClient (GrpcClientProtocolClient.java:onNext(255)) - client-A5BCC62C3543->912a7d3b-e3f1-4985-b06b-5f0a929b8060: receive RaftClientReply:client-A5BCC62C3543->912a7d3b-e3f1-4985-b06b-5f0a929b8060@group-3636E5E7603C, cid=670, SUCCESS, logIndex=976, commits[912a7d3b-e3f1-4985-b06b-5f0a929b8060:c979]
2019-07-13 08:32:18,728 INFO  client.GrpcClientProtocolClient (GrpcClientProtocolClient.java:onNext(255)) - client-A5BCC62C3543->912a7d3b-e3f1-4985-b06b-5f0a929b8060: receive RaftClientReply:client-A5BCC62C3543->912a7d3b-e3f1-4985-b06b-5f0a929b8060@group-3636E5E7603C, cid=671, SUCCESS, logIndex=977, commits[912a7d3b-e3f1-4985-b06b-5f0a929b8060:c979]
2019-07-13 08:32:18,729 INFO  client.GrpcClientProtocolClient (GrpcClientProtocolClient.java:onNext(255)) - client-A5BCC62C3543->912a7d3b-e3f1-4985-b06b-5f0a929b8060: receive RaftClientReply:client-A5BCC62C3543->912a7d3b-e3f1-4985-b06b-5f0a929b8060@group-3636E5E7603C, cid=672, SUCCESS, logIndex=978, commits[912a7d3b-e3f1-4985-b06b-5f0a929b8060:c979]
2019-07-13 08:32:18,756 INFO  client.GrpcClientProtocolClient (GrpcClientProtocolClient.java:onNext(255)) - client-A5BCC62C3543->912a7d3b-e3f1-4985-b06b-5f0a929b8060: receive RaftClientReply:client-A5BCC62C3543->912a7d3b-e3f1-4985-b06b-5f0a929b8060@group-3636E5E7603C, cid=673, SUCCESS, logIndex=980, commits[912a7d3b-e3f1-4985-b06b-5f0a929b8060:c981]
2019-07-13 08:32:18,757 INFO  client.GrpcClientProtocolClient (GrpcClientProtocolClient.java:onNext(255)) - client-A5BCC62C3543->912a7d3b-e3f1-4985-b06b-5f0a929b8060: receive RaftClientReply:client-A5BCC62C3543->912a7d3b-e3f1-4985-b06b-5f0a929b8060@group-3636E5E7603C, cid=674, SUCCESS, logIndex=981, commits[912a7d3b-e3f1-4985-b06b-5f0a929b8060:c983]
2019-07-13 08:32:18,758 INFO  client.GrpcClientProtocolClient (GrpcClientProtocolClient.java:onNext(255)) - client-A5BCC62C3543->912a7d3b-e3f1-4985-b06b-5f0a929b8060: receive RaftClientReply:client-A5BCC62C3543->912a7d3b-e3f1-4985-b06b-5f0a929b8060@group-3636E5E7603C, cid=675, SUCCESS, logIndex=982, commits[912a7d3b-e3f1-4985-b06b-5f0a929b8060:c983]
2019-07-13 08:32:18,758 INFO  client.GrpcClientProtocolClient (GrpcClientProtocolClient.java:onNext(255)) - client-A5BCC62C3543->912a7d3b-e3f1-4985-b06b-5f0a929b8060: receive RaftClientReply:client-A5BCC62C3543->912a7d3b-e3f1-4985-b06b-5f0a929b8060@group-3636E5E7603C, cid=676, SUCCESS, logIndex=983, commits[912a7d3b-e3f1-4985-b06b-5f0a929b8060:c983]
2019-07-13 08:32:18,777 INFO  client.GrpcClientProtocolClient (GrpcClientProtocolClient.java:onNext(255)) - client-A5BCC62C3543->912a7d3b-e3f1-4985-b06b-5f0a929b8060: receive RaftClientReply:client-A5BCC62C3543->912a7d3b-e3f1-4985-b06b-5f0a929b8060@group-3636E5E7603C, cid=677, SUCCESS, logIndex=986, commits[912a7d3b-e3f1-4985-b06b-5f0a929b8060:c989]
2019-07-13 08:32:18,778 INFO  client.GrpcClientProtocolClient (GrpcClientProtocolClient.java:onNext(255)) - client-A5BCC62C3543->912a7d3b-e3f1-4985-b06b-5f0a929b8060: receive RaftClientReply:client-A5BCC62C3543->912a7d3b-e3f1-4985-b06b-5f0a929b8060@group-3636E5E7603C, cid=678, SUCCESS, logIndex=987, commits[912a7d3b-e3f1-4985-b06b-5f0a929b8060:c990]
2019-07-13 08:32:18,778 INFO  client.GrpcClientProtocolClient (GrpcClientProtocolClient.java:onNext(255)) - client-A5BCC62C3543->912a7d3b-e3f1-4985-b06b-5f0a929b8060: receive RaftClientReply:client-A5BCC62C3543->912a7d3b-e3f1-4985-b06b-5f0a929b8060@group-3636E5E7603C, cid=679, SUCCESS, logIndex=988, commits[912a7d3b-e3f1-4985-b06b-5f0a929b8060:c991]
2019-07-13 08:32:18,779 INFO  client.GrpcClientProtocolClient (GrpcClientProtocolClient.java:onNext(255)) - client-A5BCC62C3543->912a7d3b-e3f1-4985-b06b-5f0a929b8060: receive RaftClientReply:client-A5BCC62C3543->912a7d3b-e3f1-4985-b06b-5f0a929b8060@group-3636E5E7603C, cid=680, SUCCESS, logIndex=989, commits[912a7d3b-e3f1-4985-b06b-5f0a929b8060:c991]
2019-07-13 08:32:18,806 INFO  client.GrpcClientProtocolClient (GrpcClientProtocolClient.java:onNext(255)) - client-A5BCC62C3543->912a7d3b-e3f1-4985-b06b-5f0a929b8060: receive RaftClientReply:client-A5BCC62C3543->912a7d3b-e3f1-4985-b06b-5f0a929b8060@group-3636E5E7603C, cid=681, SUCCESS, logIndex=992, commits[912a7d3b-e3f1-4985-b06b-5f0a929b8060:c995]
2019-07-13 08:32:18,806 INFO  client.GrpcClientProtocolClient (GrpcClientProtocolClient.java:onNext(255)) - client-A5BCC62C3543->912a7d3b-e3f1-4985-b06b-5f0a929b8060: receive RaftClientReply:client-A5BCC62C3543->912a7d3b-e3f1-4985-b06b-5f0a929b8060@group-3636E5E7603C, cid=682, SUCCESS, logIndex=993, commits[912a7d3b-e3f1-4985-b06b-5f0a929b8060:c996]
2019-07-13 08:32:18,807 INFO  client.GrpcClientProtocolClient (GrpcClientProtocolClient.java:onNext(255)) - client-A5BCC62C3543->912a7d3b-e3f1-4985-b06b-5f0a929b8060: receive RaftClientReply:client-A5BCC62C3543->912a7d3b-e3f1-4985-b06b-5f0a929b8060@group-3636E5E7603C, cid=683, SUCCESS, logIndex=994, commits[912a7d3b-e3f1-4985-b06b-5f0a929b8060:c996]
2019-07-13 08:32:18,807 INFO  client.GrpcClientProtocolClient (GrpcClientProtocolClient.java:onNext(255)) - client-A5BCC62C3543->912a7d3b-e3f1-4985-b06b-5f0a929b8060: receive RaftClientReply:client-A5BCC62C3543->912a7d3b-e3f1-4985-b06b-5f0a929b8060@group-3636E5E7603C, cid=684, SUCCESS, logIndex=995, commits[912a7d3b-e3f1-4985-b06b-5f0a929b8060:c997]
2019-07-13 08:32:18,810 DEBUG block.SCMBlockDeletingService (SCMBlockDeletingService.java:call(138)) - Running DeletedBlockTransactionScanner
2019-07-13 08:32:18,811 DEBUG block.SCMBlockDeletingService (SCMBlockDeletingService.java:call(155)) - Scanned deleted blocks log and got 0 delTX to process.
2019-07-13 08:32:18,826 INFO  client.GrpcClientProtocolClient (GrpcClientProtocolClient.java:onNext(255)) - client-A5BCC62C3543->912a7d3b-e3f1-4985-b06b-5f0a929b8060: receive RaftClientReply:client-A5BCC62C3543->912a7d3b-e3f1-4985-b06b-5f0a929b8060@group-3636E5E7603C, cid=685, SUCCESS, logIndex=998, commits[912a7d3b-e3f1-4985-b06b-5f0a929b8060:c999]
2019-07-13 08:32:18,826 INFO  client.GrpcClientProtocolClient (GrpcClientProtocolClient.java:onNext(255)) - client-A5BCC62C3543->912a7d3b-e3f1-4985-b06b-5f0a929b8060: receive RaftClientReply:client-A5BCC62C3543->912a7d3b-e3f1-4985-b06b-5f0a929b8060@group-3636E5E7603C, cid=686, SUCCESS, logIndex=999, commits[912a7d3b-e3f1-4985-b06b-5f0a929b8060:c999]
2019-07-13 08:32:18,828 INFO  client.GrpcClientProtocolClient (GrpcClientProtocolClient.java:onNext(255)) - client-A5BCC62C3543->912a7d3b-e3f1-4985-b06b-5f0a929b8060: receive RaftClientReply:client-A5BCC62C3543->912a7d3b-e3f1-4985-b06b-5f0a929b8060@group-3636E5E7603C, cid=687, SUCCESS, logIndex=1000, commits[912a7d3b-e3f1-4985-b06b-5f0a929b8060:c1001]
2019-07-13 08:32:18,828 INFO  client.GrpcClientProtocolClient (GrpcClientProtocolClient.java:onNext(255)) - client-A5BCC62C3543->912a7d3b-e3f1-4985-b06b-5f0a929b8060: receive RaftClientReply:client-A5BCC62C3543->912a7d3b-e3f1-4985-b06b-5f0a929b8060@group-3636E5E7603C, cid=688, SUCCESS, logIndex=1001, commits[912a7d3b-e3f1-4985-b06b-5f0a929b8060:c1001]
2019-07-13 08:32:18,858 INFO  client.GrpcClientProtocolClient (GrpcClientProtocolClient.java:onNext(255)) - client-A5BCC62C3543->912a7d3b-e3f1-4985-b06b-5f0a929b8060: receive RaftClientReply:client-A5BCC62C3543->912a7d3b-e3f1-4985-b06b-5f0a929b8060@group-3636E5E7603C, cid=689, SUCCESS, logIndex=1004, commits[912a7d3b-e3f1-4985-b06b-5f0a929b8060:c1005]
2019-07-13 08:32:18,858 INFO  client.GrpcClientProtocolClient (GrpcClientProtocolClient.java:onNext(255)) - client-A5BCC62C3543->912a7d3b-e3f1-4985-b06b-5f0a929b8060: receive RaftClientReply:client-A5BCC62C3543->912a7d3b-e3f1-4985-b06b-5f0a929b8060@group-3636E5E7603C, cid=690, SUCCESS, logIndex=1005, commits[912a7d3b-e3f1-4985-b06b-5f0a929b8060:c1008]
2019-07-13 08:32:18,859 INFO  client.GrpcClientProtocolClient (GrpcClientProtocolClient.java:onNext(255)) - client-A5BCC62C3543->912a7d3b-e3f1-4985-b06b-5f0a929b8060: receive RaftClientReply:client-A5BCC62C3543->912a7d3b-e3f1-4985-b06b-5f0a929b8060@group-3636E5E7603C, cid=691, SUCCESS, logIndex=1006, commits[912a7d3b-e3f1-4985-b06b-5f0a929b8060:c1008]
2019-07-13 08:32:18,859 INFO  client.GrpcClientProtocolClient (GrpcClientProtocolClient.java:onNext(255)) - client-A5BCC62C3543->912a7d3b-e3f1-4985-b06b-5f0a929b8060: receive RaftClientReply:client-A5BCC62C3543->912a7d3b-e3f1-4985-b06b-5f0a929b8060@group-3636E5E7603C, cid=692, SUCCESS, logIndex=1007, commits[912a7d3b-e3f1-4985-b06b-5f0a929b8060:c1009]
2019-07-13 08:32:18,881 INFO  client.GrpcClientProtocolClient (GrpcClientProtocolClient.java:onNext(255)) - client-A5BCC62C3543->912a7d3b-e3f1-4985-b06b-5f0a929b8060: receive RaftClientReply:client-A5BCC62C3543->912a7d3b-e3f1-4985-b06b-5f0a929b8060@group-3636E5E7603C, cid=693, SUCCESS, logIndex=1010, commits[912a7d3b-e3f1-4985-b06b-5f0a929b8060:c1011]
2019-07-13 08:32:18,881 INFO  client.GrpcClientProtocolClient (GrpcClientProtocolClient.java:onNext(255)) - client-A5BCC62C3543->912a7d3b-e3f1-4985-b06b-5f0a929b8060: receive RaftClientReply:client-A5BCC62C3543->912a7d3b-e3f1-4985-b06b-5f0a929b8060@group-3636E5E7603C, cid=694, SUCCESS, logIndex=1011, commits[912a7d3b-e3f1-4985-b06b-5f0a929b8060:c1011]
2019-07-13 08:32:18,883 INFO  client.GrpcClientProtocolClient (GrpcClientProtocolClient.java:onNext(255)) - client-A5BCC62C3543->912a7d3b-e3f1-4985-b06b-5f0a929b8060: receive RaftClientReply:client-A5BCC62C3543->912a7d3b-e3f1-4985-b06b-5f0a929b8060@group-3636E5E7603C, cid=695, SUCCESS, logIndex=1012, commits[912a7d3b-e3f1-4985-b06b-5f0a929b8060:c1013]
2019-07-13 08:32:18,883 INFO  client.GrpcClientProtocolClient (GrpcClientProtocolClient.java:onNext(255)) - client-A5BCC62C3543->912a7d3b-e3f1-4985-b06b-5f0a929b8060: receive RaftClientReply:client-A5BCC62C3543->912a7d3b-e3f1-4985-b06b-5f0a929b8060@group-3636E5E7603C, cid=696, SUCCESS, logIndex=1013, commits[912a7d3b-e3f1-4985-b06b-5f0a929b8060:c1013]
2019-07-13 08:32:18,911 DEBUG block.SCMBlockDeletingService (SCMBlockDeletingService.java:call(138)) - Running DeletedBlockTransactionScanner
2019-07-13 08:32:18,911 DEBUG block.SCMBlockDeletingService (SCMBlockDeletingService.java:call(155)) - Scanned deleted blocks log and got 0 delTX to process.
2019-07-13 08:32:18,913 INFO  client.GrpcClientProtocolClient (GrpcClientProtocolClient.java:onNext(255)) - client-A5BCC62C3543->912a7d3b-e3f1-4985-b06b-5f0a929b8060: receive RaftClientReply:client-A5BCC62C3543->912a7d3b-e3f1-4985-b06b-5f0a929b8060@group-3636E5E7603C, cid=697, SUCCESS, logIndex=1016, commits[912a7d3b-e3f1-4985-b06b-5f0a929b8060:c1019]
2019-07-13 08:32:18,914 INFO  client.GrpcClientProtocolClient (GrpcClientProtocolClient.java:onNext(255)) - client-A5BCC62C3543->912a7d3b-e3f1-4985-b06b-5f0a929b8060: receive RaftClientReply:client-A5BCC62C3543->912a7d3b-e3f1-4985-b06b-5f0a929b8060@group-3636E5E7603C, cid=698, SUCCESS, logIndex=1017, commits[912a7d3b-e3f1-4985-b06b-5f0a929b8060:c1020]
2019-07-13 08:32:18,914 INFO  client.GrpcClientProtocolClient (GrpcClientProtocolClient.java:onNext(255)) - client-A5BCC62C3543->912a7d3b-e3f1-4985-b06b-5f0a929b8060: receive RaftClientReply:client-A5BCC62C3543->912a7d3b-e3f1-4985-b06b-5f0a929b8060@group-3636E5E7603C, cid=699, SUCCESS, logIndex=1018, commits[912a7d3b-e3f1-4985-b06b-5f0a929b8060:c1021]
2019-07-13 08:32:18,915 INFO  client.GrpcClientProtocolClient (GrpcClientProtocolClient.java:onNext(255)) - client-A5BCC62C3543->912a7d3b-e3f1-4985-b06b-5f0a929b8060: receive RaftClientReply:client-A5BCC62C3543->912a7d3b-e3f1-4985-b06b-5f0a929b8060@group-3636E5E7603C, cid=700, SUCCESS, logIndex=1019, commits[912a7d3b-e3f1-4985-b06b-5f0a929b8060:c1021]
2019-07-13 08:32:18,926 INFO  client.GrpcClientProtocolClient (GrpcClientProtocolClient.java:onNext(255)) - client-A5BCC62C3543->912a7d3b-e3f1-4985-b06b-5f0a929b8060: receive RaftClientReply:client-A5BCC62C3543->912a7d3b-e3f1-4985-b06b-5f0a929b8060@group-3636E5E7603C, cid=701, SUCCESS, logIndex=1022, commits[912a7d3b-e3f1-4985-b06b-5f0a929b8060:c1023]
2019-07-13 08:32:18,931 INFO  client.GrpcClientProtocolClient (GrpcClientProtocolClient.java:onNext(255)) - client-A5BCC62C3543->912a7d3b-e3f1-4985-b06b-5f0a929b8060: receive RaftClientReply:client-A5BCC62C3543->912a7d3b-e3f1-4985-b06b-5f0a929b8060@group-3636E5E7603C, cid=702, SUCCESS, logIndex=1023, commits[912a7d3b-e3f1-4985-b06b-5f0a929b8060:c1023]
2019-07-13 08:32:18,932 INFO  client.GrpcClientProtocolClient (GrpcClientProtocolClient.java:onNext(255)) - client-A5BCC62C3543->912a7d3b-e3f1-4985-b06b-5f0a929b8060: receive RaftClientReply:client-A5BCC62C3543->912a7d3b-e3f1-4985-b06b-5f0a929b8060@group-3636E5E7603C, cid=703, SUCCESS, logIndex=1024, commits[912a7d3b-e3f1-4985-b06b-5f0a929b8060:c1026]
2019-07-13 08:32:18,933 INFO  client.GrpcClientProtocolClient (GrpcClientProtocolClient.java:onNext(255)) - client-A5BCC62C3543->912a7d3b-e3f1-4985-b06b-5f0a929b8060: receive RaftClientReply:client-A5BCC62C3543->912a7d3b-e3f1-4985-b06b-5f0a929b8060@group-3636E5E7603C, cid=704, SUCCESS, logIndex=1025, commits[912a7d3b-e3f1-4985-b06b-5f0a929b8060:c1026]
2019-07-13 08:32:18,971 INFO  client.GrpcClientProtocolClient (GrpcClientProtocolClient.java:onNext(255)) - client-A5BCC62C3543->912a7d3b-e3f1-4985-b06b-5f0a929b8060: receive RaftClientReply:client-A5BCC62C3543->912a7d3b-e3f1-4985-b06b-5f0a929b8060@group-3636E5E7603C, cid=705, SUCCESS, logIndex=1027, commits[912a7d3b-e3f1-4985-b06b-5f0a929b8060:c1028]
2019-07-13 08:32:18,972 INFO  client.GrpcClientProtocolClient (GrpcClientProtocolClient.java:onNext(255)) - client-A5BCC62C3543->912a7d3b-e3f1-4985-b06b-5f0a929b8060: receive RaftClientReply:client-A5BCC62C3543->912a7d3b-e3f1-4985-b06b-5f0a929b8060@group-3636E5E7603C, cid=706, SUCCESS, logIndex=1028, commits[912a7d3b-e3f1-4985-b06b-5f0a929b8060:c1028]
2019-07-13 08:32:19,012 DEBUG block.SCMBlockDeletingService (SCMBlockDeletingService.java:call(138)) - Running DeletedBlockTransactionScanner
2019-07-13 08:32:19,012 DEBUG block.SCMBlockDeletingService (SCMBlockDeletingService.java:call(155)) - Scanned deleted blocks log and got 0 delTX to process.
2019-07-13 08:32:19,064 INFO  client.GrpcClientProtocolClient (GrpcClientProtocolClient.java:onNext(255)) - client-A5BCC62C3543->912a7d3b-e3f1-4985-b06b-5f0a929b8060: receive RaftClientReply:client-A5BCC62C3543->912a7d3b-e3f1-4985-b06b-5f0a929b8060@group-3636E5E7603C, cid=707, SUCCESS, logIndex=1030, commits[912a7d3b-e3f1-4985-b06b-5f0a929b8060:c1031]
2019-07-13 08:32:19,065 INFO  client.GrpcClientProtocolClient (GrpcClientProtocolClient.java:onNext(255)) - client-A5BCC62C3543->912a7d3b-e3f1-4985-b06b-5f0a929b8060: receive RaftClientReply:client-A5BCC62C3543->912a7d3b-e3f1-4985-b06b-5f0a929b8060@group-3636E5E7603C, cid=708, SUCCESS, logIndex=1031, commits[912a7d3b-e3f1-4985-b06b-5f0a929b8060:c1031]
2019-07-13 08:32:19,087 INFO  client.GrpcClientProtocolClient (GrpcClientProtocolClient.java:onNext(255)) - client-A5BCC62C3543->912a7d3b-e3f1-4985-b06b-5f0a929b8060: receive RaftClientReply:client-A5BCC62C3543->912a7d3b-e3f1-4985-b06b-5f0a929b8060@group-3636E5E7603C, cid=709, SUCCESS, logIndex=1033, commits[912a7d3b-e3f1-4985-b06b-5f0a929b8060:c1036]
2019-07-13 08:32:19,087 INFO  client.GrpcClientProtocolClient (GrpcClientProtocolClient.java:onNext(255)) - client-A5BCC62C3543->912a7d3b-e3f1-4985-b06b-5f0a929b8060: receive RaftClientReply:client-A5BCC62C3543->912a7d3b-e3f1-4985-b06b-5f0a929b8060@group-3636E5E7603C, cid=710, SUCCESS, logIndex=1034, commits[912a7d3b-e3f1-4985-b06b-5f0a929b8060:c1037]
2019-07-13 08:32:19,088 INFO  client.GrpcClientProtocolClient (GrpcClientProtocolClient.java:onNext(255)) - client-A5BCC62C3543->912a7d3b-e3f1-4985-b06b-5f0a929b8060: receive RaftClientReply:client-A5BCC62C3543->912a7d3b-e3f1-4985-b06b-5f0a929b8060@group-3636E5E7603C, cid=711, SUCCESS, logIndex=1035, commits[912a7d3b-e3f1-4985-b06b-5f0a929b8060:c1037]
2019-07-13 08:32:19,088 INFO  client.GrpcClientProtocolClient (GrpcClientProtocolClient.java:onNext(255)) - client-A5BCC62C3543->912a7d3b-e3f1-4985-b06b-5f0a929b8060: receive RaftClientReply:client-A5BCC62C3543->912a7d3b-e3f1-4985-b06b-5f0a929b8060@group-3636E5E7603C, cid=712, SUCCESS, logIndex=1036, commits[912a7d3b-e3f1-4985-b06b-5f0a929b8060:c1037]
2019-07-13 08:32:19,190 DEBUG block.SCMBlockDeletingService (SCMBlockDeletingService.java:call(138)) - Running DeletedBlockTransactionScanner
2019-07-13 08:32:19,190 DEBUG block.SCMBlockDeletingService (SCMBlockDeletingService.java:call(155)) - Scanned deleted blocks log and got 0 delTX to process.
2019-07-13 08:32:19,203 INFO  client.GrpcClientProtocolClient (GrpcClientProtocolClient.java:onNext(255)) - client-A5BCC62C3543->912a7d3b-e3f1-4985-b06b-5f0a929b8060: receive RaftClientReply:client-A5BCC62C3543->912a7d3b-e3f1-4985-b06b-5f0a929b8060@group-3636E5E7603C, cid=713, SUCCESS, logIndex=1038, commits[912a7d3b-e3f1-4985-b06b-5f0a929b8060:c1039]
2019-07-13 08:32:19,204 INFO  client.GrpcClientProtocolClient (GrpcClientProtocolClient.java:onNext(255)) - client-A5BCC62C3543->912a7d3b-e3f1-4985-b06b-5f0a929b8060: receive RaftClientReply:client-A5BCC62C3543->912a7d3b-e3f1-4985-b06b-5f0a929b8060@group-3636E5E7603C, cid=714, SUCCESS, logIndex=1039, commits[912a7d3b-e3f1-4985-b06b-5f0a929b8060:c1042]
2019-07-13 08:32:19,205 INFO  client.GrpcClientProtocolClient (GrpcClientProtocolClient.java:onNext(255)) - client-A5BCC62C3543->912a7d3b-e3f1-4985-b06b-5f0a929b8060: receive RaftClientReply:client-A5BCC62C3543->912a7d3b-e3f1-4985-b06b-5f0a929b8060@group-3636E5E7603C, cid=715, SUCCESS, logIndex=1040, commits[912a7d3b-e3f1-4985-b06b-5f0a929b8060:c1043]
2019-07-13 08:32:19,205 INFO  client.GrpcClientProtocolClient (GrpcClientProtocolClient.java:onNext(255)) - client-A5BCC62C3543->912a7d3b-e3f1-4985-b06b-5f0a929b8060: receive RaftClientReply:client-A5BCC62C3543->912a7d3b-e3f1-4985-b06b-5f0a929b8060@group-3636E5E7603C, cid=716, SUCCESS, logIndex=1041, commits[912a7d3b-e3f1-4985-b06b-5f0a929b8060:c1043]
2019-07-13 08:32:19,228 INFO  client.GrpcClientProtocolClient (GrpcClientProtocolClient.java:onNext(255)) - client-A5BCC62C3543->912a7d3b-e3f1-4985-b06b-5f0a929b8060: receive RaftClientReply:client-A5BCC62C3543->912a7d3b-e3f1-4985-b06b-5f0a929b8060@group-3636E5E7603C, cid=717, SUCCESS, logIndex=1044, commits[912a7d3b-e3f1-4985-b06b-5f0a929b8060:c1045]
2019-07-13 08:32:19,229 INFO  client.GrpcClientProtocolClient (GrpcClientProtocolClient.java:onNext(255)) - client-A5BCC62C3543->912a7d3b-e3f1-4985-b06b-5f0a929b8060: receive RaftClientReply:client-A5BCC62C3543->912a7d3b-e3f1-4985-b06b-5f0a929b8060@group-3636E5E7603C, cid=718, SUCCESS, logIndex=1045, commits[912a7d3b-e3f1-4985-b06b-5f0a929b8060:c1047]
2019-07-13 08:32:19,230 INFO  client.GrpcClientProtocolClient (GrpcClientProtocolClient.java:onNext(255)) - client-A5BCC62C3543->912a7d3b-e3f1-4985-b06b-5f0a929b8060: receive RaftClientReply:client-A5BCC62C3543->912a7d3b-e3f1-4985-b06b-5f0a929b8060@group-3636E5E7603C, cid=719, SUCCESS, logIndex=1046, commits[912a7d3b-e3f1-4985-b06b-5f0a929b8060:c1048]
2019-07-13 08:32:19,231 INFO  client.GrpcClientProtocolClient (GrpcClientProtocolClient.java:onNext(255)) - client-A5BCC62C3543->912a7d3b-e3f1-4985-b06b-5f0a929b8060: receive RaftClientReply:client-A5BCC62C3543->912a7d3b-e3f1-4985-b06b-5f0a929b8060@group-3636E5E7603C, cid=720, SUCCESS, logIndex=1047, commits[912a7d3b-e3f1-4985-b06b-5f0a929b8060:c1049]
2019-07-13 08:32:19,260 INFO  client.GrpcClientProtocolClient (GrpcClientProtocolClient.java:onNext(255)) - client-A5BCC62C3543->912a7d3b-e3f1-4985-b06b-5f0a929b8060: receive RaftClientReply:client-A5BCC62C3543->912a7d3b-e3f1-4985-b06b-5f0a929b8060@group-3636E5E7603C, cid=721, SUCCESS, logIndex=1050, commits[912a7d3b-e3f1-4985-b06b-5f0a929b8060:c1051]
2019-07-13 08:32:19,261 INFO  client.GrpcClientProtocolClient (GrpcClientProtocolClient.java:onNext(255)) - client-A5BCC62C3543->912a7d3b-e3f1-4985-b06b-5f0a929b8060: receive RaftClientReply:client-A5BCC62C3543->912a7d3b-e3f1-4985-b06b-5f0a929b8060@group-3636E5E7603C, cid=722, SUCCESS, logIndex=1051, commits[912a7d3b-e3f1-4985-b06b-5f0a929b8060:c1051]
2019-07-13 08:32:19,262 INFO  client.GrpcClientProtocolClient (GrpcClientProtocolClient.java:onNext(255)) - client-A5BCC62C3543->912a7d3b-e3f1-4985-b06b-5f0a929b8060: receive RaftClientReply:client-A5BCC62C3543->912a7d3b-e3f1-4985-b06b-5f0a929b8060@group-3636E5E7603C, cid=723, SUCCESS, logIndex=1052, commits[912a7d3b-e3f1-4985-b06b-5f0a929b8060:c1053]
2019-07-13 08:32:19,263 INFO  client.GrpcClientProtocolClient (GrpcClientProtocolClient.java:onNext(255)) - client-A5BCC62C3543->912a7d3b-e3f1-4985-b06b-5f0a929b8060: receive RaftClientReply:client-A5BCC62C3543->912a7d3b-e3f1-4985-b06b-5f0a929b8060@group-3636E5E7603C, cid=724, SUCCESS, logIndex=1053, commits[912a7d3b-e3f1-4985-b06b-5f0a929b8060:c1053]
2019-07-13 08:32:19,284 INFO  client.GrpcClientProtocolClient (GrpcClientProtocolClient.java:onNext(255)) - client-A5BCC62C3543->912a7d3b-e3f1-4985-b06b-5f0a929b8060: receive RaftClientReply:client-A5BCC62C3543->912a7d3b-e3f1-4985-b06b-5f0a929b8060@group-3636E5E7603C, cid=725, SUCCESS, logIndex=1056, commits[912a7d3b-e3f1-4985-b06b-5f0a929b8060:c1059]
2019-07-13 08:32:19,285 INFO  client.GrpcClientProtocolClient (GrpcClientProtocolClient.java:onNext(255)) - client-A5BCC62C3543->912a7d3b-e3f1-4985-b06b-5f0a929b8060: receive RaftClientReply:client-A5BCC62C3543->912a7d3b-e3f1-4985-b06b-5f0a929b8060@group-3636E5E7603C, cid=726, SUCCESS, logIndex=1057, commits[912a7d3b-e3f1-4985-b06b-5f0a929b8060:c1060]
2019-07-13 08:32:19,285 INFO  client.GrpcClientProtocolClient (GrpcClientProtocolClient.java:onNext(255)) - client-A5BCC62C3543->912a7d3b-e3f1-4985-b06b-5f0a929b8060: receive RaftClientReply:client-A5BCC62C3543->912a7d3b-e3f1-4985-b06b-5f0a929b8060@group-3636E5E7603C, cid=727, SUCCESS, logIndex=1058, commits[912a7d3b-e3f1-4985-b06b-5f0a929b8060:c1061]
2019-07-13 08:32:19,286 INFO  client.GrpcClientProtocolClient (GrpcClientProtocolClient.java:onNext(255)) - client-A5BCC62C3543->912a7d3b-e3f1-4985-b06b-5f0a929b8060: receive RaftClientReply:client-A5BCC62C3543->912a7d3b-e3f1-4985-b06b-5f0a929b8060@group-3636E5E7603C, cid=728, SUCCESS, logIndex=1059, commits[912a7d3b-e3f1-4985-b06b-5f0a929b8060:c1061]
2019-07-13 08:32:19,291 DEBUG block.SCMBlockDeletingService (SCMBlockDeletingService.java:call(138)) - Running DeletedBlockTransactionScanner
2019-07-13 08:32:19,291 DEBUG block.SCMBlockDeletingService (SCMBlockDeletingService.java:call(155)) - Scanned deleted blocks log and got 0 delTX to process.
2019-07-13 08:32:19,316 INFO  client.GrpcClientProtocolClient (GrpcClientProtocolClient.java:onNext(255)) - client-A5BCC62C3543->912a7d3b-e3f1-4985-b06b-5f0a929b8060: receive RaftClientReply:client-A5BCC62C3543->912a7d3b-e3f1-4985-b06b-5f0a929b8060@group-3636E5E7603C, cid=729, SUCCESS, logIndex=1062, commits[912a7d3b-e3f1-4985-b06b-5f0a929b8060:c1063]
2019-07-13 08:32:19,317 INFO  client.GrpcClientProtocolClient (GrpcClientProtocolClient.java:onNext(255)) - client-A5BCC62C3543->912a7d3b-e3f1-4985-b06b-5f0a929b8060: receive RaftClientReply:client-A5BCC62C3543->912a7d3b-e3f1-4985-b06b-5f0a929b8060@group-3636E5E7603C, cid=730, SUCCESS, logIndex=1063, commits[912a7d3b-e3f1-4985-b06b-5f0a929b8060:c1065]
2019-07-13 08:32:19,317 INFO  client.GrpcClientProtocolClient (GrpcClientProtocolClient.java:onNext(255)) - client-A5BCC62C3543->912a7d3b-e3f1-4985-b06b-5f0a929b8060: receive RaftClientReply:client-A5BCC62C3543->912a7d3b-e3f1-4985-b06b-5f0a929b8060@group-3636E5E7603C, cid=731, SUCCESS, logIndex=1064, commits[912a7d3b-e3f1-4985-b06b-5f0a929b8060:c1066]
2019-07-13 08:32:19,318 INFO  client.GrpcClientProtocolClient (GrpcClientProtocolClient.java:onNext(255)) - client-A5BCC62C3543->912a7d3b-e3f1-4985-b06b-5f0a929b8060: receive RaftClientReply:client-A5BCC62C3543->912a7d3b-e3f1-4985-b06b-5f0a929b8060@group-3636E5E7603C, cid=732, SUCCESS, logIndex=1065, commits[912a7d3b-e3f1-4985-b06b-5f0a929b8060:c1067]
2019-07-13 08:32:19,339 INFO  client.GrpcClientProtocolClient (GrpcClientProtocolClient.java:onNext(255)) - client-A5BCC62C3543->912a7d3b-e3f1-4985-b06b-5f0a929b8060: receive RaftClientReply:client-A5BCC62C3543->912a7d3b-e3f1-4985-b06b-5f0a929b8060@group-3636E5E7603C, cid=733, SUCCESS, logIndex=1068, commits[912a7d3b-e3f1-4985-b06b-5f0a929b8060:c1071]
2019-07-13 08:32:19,340 INFO  client.GrpcClientProtocolClient (GrpcClientProtocolClient.java:onNext(255)) - client-A5BCC62C3543->912a7d3b-e3f1-4985-b06b-5f0a929b8060: receive RaftClientReply:client-A5BCC62C3543->912a7d3b-e3f1-4985-b06b-5f0a929b8060@group-3636E5E7603C, cid=734, SUCCESS, logIndex=1069, commits[912a7d3b-e3f1-4985-b06b-5f0a929b8060:c1071]
2019-07-13 08:32:19,340 INFO  client.GrpcClientProtocolClient (GrpcClientProtocolClient.java:onNext(255)) - client-A5BCC62C3543->912a7d3b-e3f1-4985-b06b-5f0a929b8060: receive RaftClientReply:client-A5BCC62C3543->912a7d3b-e3f1-4985-b06b-5f0a929b8060@group-3636E5E7603C, cid=735, SUCCESS, logIndex=1070, commits[912a7d3b-e3f1-4985-b06b-5f0a929b8060:c1071]
2019-07-13 08:32:19,341 INFO  client.GrpcClientProtocolClient (GrpcClientProtocolClient.java:onNext(255)) - client-A5BCC62C3543->912a7d3b-e3f1-4985-b06b-5f0a929b8060: receive RaftClientReply:client-A5BCC62C3543->912a7d3b-e3f1-4985-b06b-5f0a929b8060@group-3636E5E7603C, cid=736, SUCCESS, logIndex=1071, commits[912a7d3b-e3f1-4985-b06b-5f0a929b8060:c1072]
2019-07-13 08:32:19,368 INFO  client.GrpcClientProtocolClient (GrpcClientProtocolClient.java:onNext(255)) - client-A5BCC62C3543->912a7d3b-e3f1-4985-b06b-5f0a929b8060: receive RaftClientReply:client-A5BCC62C3543->912a7d3b-e3f1-4985-b06b-5f0a929b8060@group-3636E5E7603C, cid=737, SUCCESS, logIndex=1074, commits[912a7d3b-e3f1-4985-b06b-5f0a929b8060:c1075]
2019-07-13 08:32:19,368 INFO  client.GrpcClientProtocolClient (GrpcClientProtocolClient.java:onNext(255)) - client-A5BCC62C3543->912a7d3b-e3f1-4985-b06b-5f0a929b8060: receive RaftClientReply:client-A5BCC62C3543->912a7d3b-e3f1-4985-b06b-5f0a929b8060@group-3636E5E7603C, cid=738, SUCCESS, logIndex=1075, commits[912a7d3b-e3f1-4985-b06b-5f0a929b8060:c1075]
2019-07-13 08:32:19,370 INFO  client.GrpcClientProtocolClient (GrpcClientProtocolClient.java:onNext(255)) - client-A5BCC62C3543->912a7d3b-e3f1-4985-b06b-5f0a929b8060: receive RaftClientReply:client-A5BCC62C3543->912a7d3b-e3f1-4985-b06b-5f0a929b8060@group-3636E5E7603C, cid=739, SUCCESS, logIndex=1076, commits[912a7d3b-e3f1-4985-b06b-5f0a929b8060:c1077]
2019-07-13 08:32:19,370 INFO  client.GrpcClientProtocolClient (GrpcClientProtocolClient.java:onNext(255)) - client-A5BCC62C3543->912a7d3b-e3f1-4985-b06b-5f0a929b8060: receive RaftClientReply:client-A5BCC62C3543->912a7d3b-e3f1-4985-b06b-5f0a929b8060@group-3636E5E7603C, cid=740, SUCCESS, logIndex=1077, commits[912a7d3b-e3f1-4985-b06b-5f0a929b8060:c1077]
2019-07-13 08:32:19,391 DEBUG block.SCMBlockDeletingService (SCMBlockDeletingService.java:call(138)) - Running DeletedBlockTransactionScanner
2019-07-13 08:32:19,392 DEBUG block.SCMBlockDeletingService (SCMBlockDeletingService.java:call(155)) - Scanned deleted blocks log and got 0 delTX to process.
2019-07-13 08:32:19,393 INFO  client.GrpcClientProtocolClient (GrpcClientProtocolClient.java:onNext(255)) - client-A5BCC62C3543->912a7d3b-e3f1-4985-b06b-5f0a929b8060: receive RaftClientReply:client-A5BCC62C3543->912a7d3b-e3f1-4985-b06b-5f0a929b8060@group-3636E5E7603C, cid=741, SUCCESS, logIndex=1080, commits[912a7d3b-e3f1-4985-b06b-5f0a929b8060:c1083]
2019-07-13 08:32:19,393 INFO  client.GrpcClientProtocolClient (GrpcClientProtocolClient.java:onNext(255)) - client-A5BCC62C3543->912a7d3b-e3f1-4985-b06b-5f0a929b8060: receive RaftClientReply:client-A5BCC62C3543->912a7d3b-e3f1-4985-b06b-5f0a929b8060@group-3636E5E7603C, cid=742, SUCCESS, logIndex=1081, commits[912a7d3b-e3f1-4985-b06b-5f0a929b8060:c1084]
2019-07-13 08:32:19,394 INFO  client.GrpcClientProtocolClient (GrpcClientProtocolClient.java:onNext(255)) - client-A5BCC62C3543->912a7d3b-e3f1-4985-b06b-5f0a929b8060: receive RaftClientReply:client-A5BCC62C3543->912a7d3b-e3f1-4985-b06b-5f0a929b8060@group-3636E5E7603C, cid=743, SUCCESS, logIndex=1082, commits[912a7d3b-e3f1-4985-b06b-5f0a929b8060:c1084]
2019-07-13 08:32:19,394 INFO  client.GrpcClientProtocolClient (GrpcClientProtocolClient.java:onNext(255)) - client-A5BCC62C3543->912a7d3b-e3f1-4985-b06b-5f0a929b8060: receive RaftClientReply:client-A5BCC62C3543->912a7d3b-e3f1-4985-b06b-5f0a929b8060@group-3636E5E7603C, cid=744, SUCCESS, logIndex=1083, commits[912a7d3b-e3f1-4985-b06b-5f0a929b8060:c1084]
2019-07-13 08:32:19,421 INFO  client.GrpcClientProtocolClient (GrpcClientProtocolClient.java:onNext(255)) - client-A5BCC62C3543->912a7d3b-e3f1-4985-b06b-5f0a929b8060: receive RaftClientReply:client-A5BCC62C3543->912a7d3b-e3f1-4985-b06b-5f0a929b8060@group-3636E5E7603C, cid=745, SUCCESS, logIndex=1085, commits[912a7d3b-e3f1-4985-b06b-5f0a929b8060:c1088]
2019-07-13 08:32:19,422 INFO  client.GrpcClientProtocolClient (GrpcClientProtocolClient.java:onNext(255)) - client-A5BCC62C3543->912a7d3b-e3f1-4985-b06b-5f0a929b8060: receive RaftClientReply:client-A5BCC62C3543->912a7d3b-e3f1-4985-b06b-5f0a929b8060@group-3636E5E7603C, cid=746, SUCCESS, logIndex=1086, commits[912a7d3b-e3f1-4985-b06b-5f0a929b8060:c1088]
2019-07-13 08:32:19,422 INFO  client.GrpcClientProtocolClient (GrpcClientProtocolClient.java:onNext(255)) - client-A5BCC62C3543->912a7d3b-e3f1-4985-b06b-5f0a929b8060: receive RaftClientReply:client-A5BCC62C3543->912a7d3b-e3f1-4985-b06b-5f0a929b8060@group-3636E5E7603C, cid=747, SUCCESS, logIndex=1087, commits[912a7d3b-e3f1-4985-b06b-5f0a929b8060:c1089]
2019-07-13 08:32:19,423 INFO  client.GrpcClientProtocolClient (GrpcClientProtocolClient.java:onNext(255)) - client-A5BCC62C3543->912a7d3b-e3f1-4985-b06b-5f0a929b8060: receive RaftClientReply:client-A5BCC62C3543->912a7d3b-e3f1-4985-b06b-5f0a929b8060@group-3636E5E7603C, cid=748, SUCCESS, logIndex=1088, commits[912a7d3b-e3f1-4985-b06b-5f0a929b8060:c1090]
2019-07-13 08:32:19,442 INFO  client.GrpcClientProtocolClient (GrpcClientProtocolClient.java:onNext(255)) - client-A5BCC62C3543->912a7d3b-e3f1-4985-b06b-5f0a929b8060: receive RaftClientReply:client-A5BCC62C3543->912a7d3b-e3f1-4985-b06b-5f0a929b8060@group-3636E5E7603C, cid=749, SUCCESS, logIndex=1091, commits[912a7d3b-e3f1-4985-b06b-5f0a929b8060:c1092]
2019-07-13 08:32:19,443 INFO  client.GrpcClientProtocolClient (GrpcClientProtocolClient.java:onNext(255)) - client-A5BCC62C3543->912a7d3b-e3f1-4985-b06b-5f0a929b8060: receive RaftClientReply:client-A5BCC62C3543->912a7d3b-e3f1-4985-b06b-5f0a929b8060@group-3636E5E7603C, cid=750, SUCCESS, logIndex=1092, commits[912a7d3b-e3f1-4985-b06b-5f0a929b8060:c1093]
2019-07-13 08:32:19,492 DEBUG block.SCMBlockDeletingService (SCMBlockDeletingService.java:call(138)) - Running DeletedBlockTransactionScanner
2019-07-13 08:32:19,493 DEBUG block.SCMBlockDeletingService (SCMBlockDeletingService.java:call(155)) - Scanned deleted blocks log and got 0 delTX to process.
2019-07-13 08:32:19,543 INFO  client.GrpcClientProtocolClient (GrpcClientProtocolClient.java:onNext(255)) - client-A5BCC62C3543->912a7d3b-e3f1-4985-b06b-5f0a929b8060: receive RaftClientReply:client-A5BCC62C3543->912a7d3b-e3f1-4985-b06b-5f0a929b8060@group-3636E5E7603C, cid=751, SUCCESS, logIndex=1094, commits[912a7d3b-e3f1-4985-b06b-5f0a929b8060:c1095]
2019-07-13 08:32:19,544 INFO  client.GrpcClientProtocolClient (GrpcClientProtocolClient.java:onNext(255)) - client-A5BCC62C3543->912a7d3b-e3f1-4985-b06b-5f0a929b8060: receive RaftClientReply:client-A5BCC62C3543->912a7d3b-e3f1-4985-b06b-5f0a929b8060@group-3636E5E7603C, cid=752, SUCCESS, logIndex=1095, commits[912a7d3b-e3f1-4985-b06b-5f0a929b8060:c1095]
2019-07-13 08:32:19,572 INFO  client.GrpcClientProtocolClient (GrpcClientProtocolClient.java:onNext(255)) - client-A5BCC62C3543->912a7d3b-e3f1-4985-b06b-5f0a929b8060: receive RaftClientReply:client-A5BCC62C3543->912a7d3b-e3f1-4985-b06b-5f0a929b8060@group-3636E5E7603C, cid=753, SUCCESS, logIndex=1097, commits[912a7d3b-e3f1-4985-b06b-5f0a929b8060:c1098]
2019-07-13 08:32:19,572 INFO  client.GrpcClientProtocolClient (GrpcClientProtocolClient.java:onNext(255)) - client-A5BCC62C3543->912a7d3b-e3f1-4985-b06b-5f0a929b8060: receive RaftClientReply:client-A5BCC62C3543->912a7d3b-e3f1-4985-b06b-5f0a929b8060@group-3636E5E7603C, cid=754, SUCCESS, logIndex=1098, commits[912a7d3b-e3f1-4985-b06b-5f0a929b8060:c1098]
2019-07-13 08:32:19,573 INFO  client.GrpcClientProtocolClient (GrpcClientProtocolClient.java:onNext(255)) - client-A5BCC62C3543->912a7d3b-e3f1-4985-b06b-5f0a929b8060: receive RaftClientReply:client-A5BCC62C3543->912a7d3b-e3f1-4985-b06b-5f0a929b8060@group-3636E5E7603C, cid=755, SUCCESS, logIndex=1099, commits[912a7d3b-e3f1-4985-b06b-5f0a929b8060:c1100]
2019-07-13 08:32:19,574 INFO  client.GrpcClientProtocolClient (GrpcClientProtocolClient.java:onNext(255)) - client-A5BCC62C3543->912a7d3b-e3f1-4985-b06b-5f0a929b8060: receive RaftClientReply:client-A5BCC62C3543->912a7d3b-e3f1-4985-b06b-5f0a929b8060@group-3636E5E7603C, cid=756, SUCCESS, logIndex=1100, commits[912a7d3b-e3f1-4985-b06b-5f0a929b8060:c1100]
2019-07-13 08:32:19,593 DEBUG block.SCMBlockDeletingService (SCMBlockDeletingService.java:call(138)) - Running DeletedBlockTransactionScanner
2019-07-13 08:32:19,593 DEBUG block.SCMBlockDeletingService (SCMBlockDeletingService.java:call(155)) - Scanned deleted blocks log and got 0 delTX to process.
2019-07-13 08:32:19,598 INFO  client.GrpcClientProtocolClient (GrpcClientProtocolClient.java:onNext(255)) - client-A5BCC62C3543->912a7d3b-e3f1-4985-b06b-5f0a929b8060: receive RaftClientReply:client-A5BCC62C3543->912a7d3b-e3f1-4985-b06b-5f0a929b8060@group-3636E5E7603C, cid=757, SUCCESS, logIndex=1103, commits[912a7d3b-e3f1-4985-b06b-5f0a929b8060:c1106]
2019-07-13 08:32:19,598 INFO  client.GrpcClientProtocolClient (GrpcClientProtocolClient.java:onNext(255)) - client-A5BCC62C3543->912a7d3b-e3f1-4985-b06b-5f0a929b8060: receive RaftClientReply:client-A5BCC62C3543->912a7d3b-e3f1-4985-b06b-5f0a929b8060@group-3636E5E7603C, cid=758, SUCCESS, logIndex=1104, commits[912a7d3b-e3f1-4985-b06b-5f0a929b8060:c1107]
2019-07-13 08:32:19,599 INFO  client.GrpcClientProtocolClient (GrpcClientProtocolClient.java:onNext(255)) - client-A5BCC62C3543->912a7d3b-e3f1-4985-b06b-5f0a929b8060: receive RaftClientReply:client-A5BCC62C3543->912a7d3b-e3f1-4985-b06b-5f0a929b8060@group-3636E5E7603C, cid=759, SUCCESS, logIndex=1105, commits[912a7d3b-e3f1-4985-b06b-5f0a929b8060:c1107]
2019-07-13 08:32:19,599 INFO  client.GrpcClientProtocolClient (GrpcClientProtocolClient.java:onNext(255)) - client-A5BCC62C3543->912a7d3b-e3f1-4985-b06b-5f0a929b8060: receive RaftClientReply:client-A5BCC62C3543->912a7d3b-e3f1-4985-b06b-5f0a929b8060@group-3636E5E7603C, cid=760, SUCCESS, logIndex=1106, commits[912a7d3b-e3f1-4985-b06b-5f0a929b8060:c1107]
2019-07-13 08:32:19,628 INFO  client.GrpcClientProtocolClient (GrpcClientProtocolClient.java:onNext(255)) - client-A5BCC62C3543->912a7d3b-e3f1-4985-b06b-5f0a929b8060: receive RaftClientReply:client-A5BCC62C3543->912a7d3b-e3f1-4985-b06b-5f0a929b8060@group-3636E5E7603C, cid=761, SUCCESS, logIndex=1108, commits[912a7d3b-e3f1-4985-b06b-5f0a929b8060:c1109]
2019-07-13 08:32:19,629 INFO  client.GrpcClientProtocolClient (GrpcClientProtocolClient.java:onNext(255)) - client-A5BCC62C3543->912a7d3b-e3f1-4985-b06b-5f0a929b8060: receive RaftClientReply:client-A5BCC62C3543->912a7d3b-e3f1-4985-b06b-5f0a929b8060@group-3636E5E7603C, cid=762, SUCCESS, logIndex=1109, commits[912a7d3b-e3f1-4985-b06b-5f0a929b8060:c1111]
2019-07-13 08:32:19,630 INFO  client.GrpcClientProtocolClient (GrpcClientProtocolClient.java:onNext(255)) - client-A5BCC62C3543->912a7d3b-e3f1-4985-b06b-5f0a929b8060: receive RaftClientReply:client-A5BCC62C3543->912a7d3b-e3f1-4985-b06b-5f0a929b8060@group-3636E5E7603C, cid=763, SUCCESS, logIndex=1110, commits[912a7d3b-e3f1-4985-b06b-5f0a929b8060:c1112]
2019-07-13 08:32:19,630 INFO  client.GrpcClientProtocolClient (GrpcClientProtocolClient.java:onNext(255)) - client-A5BCC62C3543->912a7d3b-e3f1-4985-b06b-5f0a929b8060: receive RaftClientReply:client-A5BCC62C3543->912a7d3b-e3f1-4985-b06b-5f0a929b8060@group-3636E5E7603C, cid=764, SUCCESS, logIndex=1111, commits[912a7d3b-e3f1-4985-b06b-5f0a929b8060:c1113]
2019-07-13 08:32:19,657 INFO  client.GrpcClientProtocolClient (GrpcClientProtocolClient.java:onNext(255)) - client-A5BCC62C3543->912a7d3b-e3f1-4985-b06b-5f0a929b8060: receive RaftClientReply:client-A5BCC62C3543->912a7d3b-e3f1-4985-b06b-5f0a929b8060@group-3636E5E7603C, cid=765, SUCCESS, logIndex=1114, commits[912a7d3b-e3f1-4985-b06b-5f0a929b8060:c1117]
2019-07-13 08:32:19,658 INFO  client.GrpcClientProtocolClient (GrpcClientProtocolClient.java:onNext(255)) - client-A5BCC62C3543->912a7d3b-e3f1-4985-b06b-5f0a929b8060: receive RaftClientReply:client-A5BCC62C3543->912a7d3b-e3f1-4985-b06b-5f0a929b8060@group-3636E5E7603C, cid=766, SUCCESS, logIndex=1115, commits[912a7d3b-e3f1-4985-b06b-5f0a929b8060:c1117]
2019-07-13 08:32:19,658 INFO  client.GrpcClientProtocolClient (GrpcClientProtocolClient.java:onNext(255)) - client-A5BCC62C3543->912a7d3b-e3f1-4985-b06b-5f0a929b8060: receive RaftClientReply:client-A5BCC62C3543->912a7d3b-e3f1-4985-b06b-5f0a929b8060@group-3636E5E7603C, cid=767, SUCCESS, logIndex=1116, commits[912a7d3b-e3f1-4985-b06b-5f0a929b8060:c1117]
2019-07-13 08:32:19,659 INFO  client.GrpcClientProtocolClient (GrpcClientProtocolClient.java:onNext(255)) - client-A5BCC62C3543->912a7d3b-e3f1-4985-b06b-5f0a929b8060: receive RaftClientReply:client-A5BCC62C3543->912a7d3b-e3f1-4985-b06b-5f0a929b8060@group-3636E5E7603C, cid=768, SUCCESS, logIndex=1117, commits[912a7d3b-e3f1-4985-b06b-5f0a929b8060:c1117]
2019-07-13 08:32:19,688 INFO  client.GrpcClientProtocolClient (GrpcClientProtocolClient.java:onNext(255)) - client-A5BCC62C3543->912a7d3b-e3f1-4985-b06b-5f0a929b8060: receive RaftClientReply:client-A5BCC62C3543->912a7d3b-e3f1-4985-b06b-5f0a929b8060@group-3636E5E7603C, cid=769, SUCCESS, logIndex=1120, commits[912a7d3b-e3f1-4985-b06b-5f0a929b8060:c1121]
2019-07-13 08:32:19,689 INFO  client.GrpcClientProtocolClient (GrpcClientProtocolClient.java:onNext(255)) - client-A5BCC62C3543->912a7d3b-e3f1-4985-b06b-5f0a929b8060: receive RaftClientReply:client-A5BCC62C3543->912a7d3b-e3f1-4985-b06b-5f0a929b8060@group-3636E5E7603C, cid=770, SUCCESS, logIndex=1121, commits[912a7d3b-e3f1-4985-b06b-5f0a929b8060:c1121]
2019-07-13 08:32:19,690 INFO  client.GrpcClientProtocolClient (GrpcClientProtocolClient.java:onNext(255)) - client-A5BCC62C3543->912a7d3b-e3f1-4985-b06b-5f0a929b8060: receive RaftClientReply:client-A5BCC62C3543->912a7d3b-e3f1-4985-b06b-5f0a929b8060@group-3636E5E7603C, cid=771, SUCCESS, logIndex=1122, commits[912a7d3b-e3f1-4985-b06b-5f0a929b8060:c1123]
2019-07-13 08:32:19,690 INFO  client.GrpcClientProtocolClient (GrpcClientProtocolClient.java:onNext(255)) - client-A5BCC62C3543->912a7d3b-e3f1-4985-b06b-5f0a929b8060: receive RaftClientReply:client-A5BCC62C3543->912a7d3b-e3f1-4985-b06b-5f0a929b8060@group-3636E5E7603C, cid=772, SUCCESS, logIndex=1123, commits[912a7d3b-e3f1-4985-b06b-5f0a929b8060:c1123]
2019-07-13 08:32:19,694 DEBUG block.SCMBlockDeletingService (SCMBlockDeletingService.java:call(138)) - Running DeletedBlockTransactionScanner
2019-07-13 08:32:19,694 DEBUG block.SCMBlockDeletingService (SCMBlockDeletingService.java:call(155)) - Scanned deleted blocks log and got 0 delTX to process.
2019-07-13 08:32:19,714 INFO  client.GrpcClientProtocolClient (GrpcClientProtocolClient.java:onNext(255)) - client-A5BCC62C3543->912a7d3b-e3f1-4985-b06b-5f0a929b8060: receive RaftClientReply:client-A5BCC62C3543->912a7d3b-e3f1-4985-b06b-5f0a929b8060@group-3636E5E7603C, cid=773, SUCCESS, logIndex=1126, commits[912a7d3b-e3f1-4985-b06b-5f0a929b8060:c1129]
2019-07-13 08:32:19,714 INFO  client.GrpcClientProtocolClient (GrpcClientProtocolClient.java:onNext(255)) - client-A5BCC62C3543->912a7d3b-e3f1-4985-b06b-5f0a929b8060: receive RaftClientReply:client-A5BCC62C3543->912a7d3b-e3f1-4985-b06b-5f0a929b8060@group-3636E5E7603C, cid=774, SUCCESS, logIndex=1127, commits[912a7d3b-e3f1-4985-b06b-5f0a929b8060:c1130]
2019-07-13 08:32:19,715 INFO  client.GrpcClientProtocolClient (GrpcClientProtocolClient.java:onNext(255)) - client-A5BCC62C3543->912a7d3b-e3f1-4985-b06b-5f0a929b8060: receive RaftClientReply:client-A5BCC62C3543->912a7d3b-e3f1-4985-b06b-5f0a929b8060@group-3636E5E7603C, cid=775, SUCCESS, logIndex=1128, commits[912a7d3b-e3f1-4985-b06b-5f0a929b8060:c1130]
2019-07-13 08:32:19,715 INFO  client.GrpcClientProtocolClient (GrpcClientProtocolClient.java:onNext(255)) - client-A5BCC62C3543->912a7d3b-e3f1-4985-b06b-5f0a929b8060: receive RaftClientReply:client-A5BCC62C3543->912a7d3b-e3f1-4985-b06b-5f0a929b8060@group-3636E5E7603C, cid=776, SUCCESS, logIndex=1129, commits[912a7d3b-e3f1-4985-b06b-5f0a929b8060:c1130]
2019-07-13 08:32:19,743 INFO  client.GrpcClientProtocolClient (GrpcClientProtocolClient.java:onNext(255)) - client-A5BCC62C3543->912a7d3b-e3f1-4985-b06b-5f0a929b8060: receive RaftClientReply:client-A5BCC62C3543->912a7d3b-e3f1-4985-b06b-5f0a929b8060@group-3636E5E7603C, cid=777, SUCCESS, logIndex=1131, commits[912a7d3b-e3f1-4985-b06b-5f0a929b8060:c1132]
2019-07-13 08:32:19,743 INFO  client.GrpcClientProtocolClient (GrpcClientProtocolClient.java:onNext(255)) - client-A5BCC62C3543->912a7d3b-e3f1-4985-b06b-5f0a929b8060: receive RaftClientReply:client-A5BCC62C3543->912a7d3b-e3f1-4985-b06b-5f0a929b8060@group-3636E5E7603C, cid=778, SUCCESS, logIndex=1132, commits[912a7d3b-e3f1-4985-b06b-5f0a929b8060:c1135]
2019-07-13 08:32:19,744 INFO  client.GrpcClientProtocolClient (GrpcClientProtocolClient.java:onNext(255)) - client-A5BCC62C3543->912a7d3b-e3f1-4985-b06b-5f0a929b8060: receive RaftClientReply:client-A5BCC62C3543->912a7d3b-e3f1-4985-b06b-5f0a929b8060@group-3636E5E7603C, cid=779, SUCCESS, logIndex=1133, commits[912a7d3b-e3f1-4985-b06b-5f0a929b8060:c1135]
2019-07-13 08:32:19,744 INFO  client.GrpcClientProtocolClient (GrpcClientProtocolClient.java:onNext(255)) - client-A5BCC62C3543->912a7d3b-e3f1-4985-b06b-5f0a929b8060: receive RaftClientReply:client-A5BCC62C3543->912a7d3b-e3f1-4985-b06b-5f0a929b8060@group-3636E5E7603C, cid=780, SUCCESS, logIndex=1134, commits[912a7d3b-e3f1-4985-b06b-5f0a929b8060:c1135]
2019-07-13 08:32:19,764 INFO  client.GrpcClientProtocolClient (GrpcClientProtocolClient.java:onNext(255)) - client-A5BCC62C3543->912a7d3b-e3f1-4985-b06b-5f0a929b8060: receive RaftClientReply:client-A5BCC62C3543->912a7d3b-e3f1-4985-b06b-5f0a929b8060@group-3636E5E7603C, cid=781, SUCCESS, logIndex=1137, commits[912a7d3b-e3f1-4985-b06b-5f0a929b8060:c1140]
2019-07-13 08:32:19,764 INFO  client.GrpcClientProtocolClient (GrpcClientProtocolClient.java:onNext(255)) - client-A5BCC62C3543->912a7d3b-e3f1-4985-b06b-5f0a929b8060: receive RaftClientReply:client-A5BCC62C3543->912a7d3b-e3f1-4985-b06b-5f0a929b8060@group-3636E5E7603C, cid=782, SUCCESS, logIndex=1138, commits[912a7d3b-e3f1-4985-b06b-5f0a929b8060:c1141]
2019-07-13 08:32:19,765 INFO  client.GrpcClientProtocolClient (GrpcClientProtocolClient.java:onNext(255)) - client-A5BCC62C3543->912a7d3b-e3f1-4985-b06b-5f0a929b8060: receive RaftClientReply:client-A5BCC62C3543->912a7d3b-e3f1-4985-b06b-5f0a929b8060@group-3636E5E7603C, cid=783, SUCCESS, logIndex=1139, commits[912a7d3b-e3f1-4985-b06b-5f0a929b8060:c1141]
2019-07-13 08:32:19,765 INFO  client.GrpcClientProtocolClient (GrpcClientProtocolClient.java:onNext(255)) - client-A5BCC62C3543->912a7d3b-e3f1-4985-b06b-5f0a929b8060: receive RaftClientReply:client-A5BCC62C3543->912a7d3b-e3f1-4985-b06b-5f0a929b8060@group-3636E5E7603C, cid=784, SUCCESS, logIndex=1140, commits[912a7d3b-e3f1-4985-b06b-5f0a929b8060:c1142]
2019-07-13 08:32:19,790 INFO  client.GrpcClientProtocolClient (GrpcClientProtocolClient.java:onNext(255)) - client-A5BCC62C3543->912a7d3b-e3f1-4985-b06b-5f0a929b8060: receive RaftClientReply:client-A5BCC62C3543->912a7d3b-e3f1-4985-b06b-5f0a929b8060@group-3636E5E7603C, cid=785, SUCCESS, logIndex=1143, commits[912a7d3b-e3f1-4985-b06b-5f0a929b8060:c1146]
2019-07-13 08:32:19,791 INFO  client.GrpcClientProtocolClient (GrpcClientProtocolClient.java:onNext(255)) - client-A5BCC62C3543->912a7d3b-e3f1-4985-b06b-5f0a929b8060: receive RaftClientReply:client-A5BCC62C3543->912a7d3b-e3f1-4985-b06b-5f0a929b8060@group-3636E5E7603C, cid=786, SUCCESS, logIndex=1144, commits[912a7d3b-e3f1-4985-b06b-5f0a929b8060:c1147]
2019-07-13 08:32:19,792 INFO  client.GrpcClientProtocolClient (GrpcClientProtocolClient.java:onNext(255)) - client-A5BCC62C3543->912a7d3b-e3f1-4985-b06b-5f0a929b8060: receive RaftClientReply:client-A5BCC62C3543->912a7d3b-e3f1-4985-b06b-5f0a929b8060@group-3636E5E7603C, cid=787, SUCCESS, logIndex=1145, commits[912a7d3b-e3f1-4985-b06b-5f0a929b8060:c1147]
2019-07-13 08:32:19,792 INFO  client.GrpcClientProtocolClient (GrpcClientProtocolClient.java:onNext(255)) - client-A5BCC62C3543->912a7d3b-e3f1-4985-b06b-5f0a929b8060: receive RaftClientReply:client-A5BCC62C3543->912a7d3b-e3f1-4985-b06b-5f0a929b8060@group-3636E5E7603C, cid=788, SUCCESS, logIndex=1146, commits[912a7d3b-e3f1-4985-b06b-5f0a929b8060:c1148]
2019-07-13 08:32:19,794 DEBUG block.SCMBlockDeletingService (SCMBlockDeletingService.java:call(138)) - Running DeletedBlockTransactionScanner
2019-07-13 08:32:19,795 DEBUG block.SCMBlockDeletingService (SCMBlockDeletingService.java:call(155)) - Scanned deleted blocks log and got 0 delTX to process.
2019-07-13 08:32:19,811 INFO  client.GrpcClientProtocolClient (GrpcClientProtocolClient.java:onNext(255)) - client-A5BCC62C3543->912a7d3b-e3f1-4985-b06b-5f0a929b8060: receive RaftClientReply:client-A5BCC62C3543->912a7d3b-e3f1-4985-b06b-5f0a929b8060@group-3636E5E7603C, cid=789, SUCCESS, logIndex=1149, commits[912a7d3b-e3f1-4985-b06b-5f0a929b8060:c1152]
2019-07-13 08:32:19,812 INFO  client.GrpcClientProtocolClient (GrpcClientProtocolClient.java:onNext(255)) - client-A5BCC62C3543->912a7d3b-e3f1-4985-b06b-5f0a929b8060: receive RaftClientReply:client-A5BCC62C3543->912a7d3b-e3f1-4985-b06b-5f0a929b8060@group-3636E5E7603C, cid=790, SUCCESS, logIndex=1150, commits[912a7d3b-e3f1-4985-b06b-5f0a929b8060:c1153]
2019-07-13 08:32:19,812 INFO  client.GrpcClientProtocolClient (GrpcClientProtocolClient.java:onNext(255)) - client-A5BCC62C3543->912a7d3b-e3f1-4985-b06b-5f0a929b8060: receive RaftClientReply:client-A5BCC62C3543->912a7d3b-e3f1-4985-b06b-5f0a929b8060@group-3636E5E7603C, cid=791, SUCCESS, logIndex=1151, commits[912a7d3b-e3f1-4985-b06b-5f0a929b8060:c1153]
2019-07-13 08:32:19,813 INFO  client.GrpcClientProtocolClient (GrpcClientProtocolClient.java:onNext(255)) - client-A5BCC62C3543->912a7d3b-e3f1-4985-b06b-5f0a929b8060: receive RaftClientReply:client-A5BCC62C3543->912a7d3b-e3f1-4985-b06b-5f0a929b8060@group-3636E5E7603C, cid=792, SUCCESS, logIndex=1152, commits[912a7d3b-e3f1-4985-b06b-5f0a929b8060:c1154]
2019-07-13 08:32:19,895 DEBUG block.SCMBlockDeletingService (SCMBlockDeletingService.java:call(138)) - Running DeletedBlockTransactionScanner
2019-07-13 08:32:19,896 DEBUG block.SCMBlockDeletingService (SCMBlockDeletingService.java:call(155)) - Scanned deleted blocks log and got 0 delTX to process.
2019-07-13 08:32:19,904 INFO  client.GrpcClientProtocolClient (GrpcClientProtocolClient.java:onNext(255)) - client-A5BCC62C3543->912a7d3b-e3f1-4985-b06b-5f0a929b8060: receive RaftClientReply:client-A5BCC62C3543->912a7d3b-e3f1-4985-b06b-5f0a929b8060@group-3636E5E7603C, cid=793, SUCCESS, logIndex=1155, commits[912a7d3b-e3f1-4985-b06b-5f0a929b8060:c1156]
2019-07-13 08:32:19,905 INFO  client.GrpcClientProtocolClient (GrpcClientProtocolClient.java:onNext(255)) - client-A5BCC62C3543->912a7d3b-e3f1-4985-b06b-5f0a929b8060: receive RaftClientReply:client-A5BCC62C3543->912a7d3b-e3f1-4985-b06b-5f0a929b8060@group-3636E5E7603C, cid=794, SUCCESS, logIndex=1156, commits[912a7d3b-e3f1-4985-b06b-5f0a929b8060:c1157]
2019-07-13 08:32:19,996 DEBUG block.SCMBlockDeletingService (SCMBlockDeletingService.java:call(138)) - Running DeletedBlockTransactionScanner
2019-07-13 08:32:19,996 DEBUG block.SCMBlockDeletingService (SCMBlockDeletingService.java:call(155)) - Scanned deleted blocks log and got 0 delTX to process.
2019-07-13 08:32:20,007 INFO  client.GrpcClientProtocolClient (GrpcClientProtocolClient.java:onNext(255)) - client-A5BCC62C3543->912a7d3b-e3f1-4985-b06b-5f0a929b8060: receive RaftClientReply:client-A5BCC62C3543->912a7d3b-e3f1-4985-b06b-5f0a929b8060@group-3636E5E7603C, cid=795, SUCCESS, logIndex=1158, commits[912a7d3b-e3f1-4985-b06b-5f0a929b8060:c1159]
2019-07-13 08:32:20,008 INFO  client.GrpcClientProtocolClient (GrpcClientProtocolClient.java:onNext(255)) - client-A5BCC62C3543->912a7d3b-e3f1-4985-b06b-5f0a929b8060: receive RaftClientReply:client-A5BCC62C3543->912a7d3b-e3f1-4985-b06b-5f0a929b8060@group-3636E5E7603C, cid=796, SUCCESS, logIndex=1159, commits[912a7d3b-e3f1-4985-b06b-5f0a929b8060:c1160]
2019-07-13 08:32:20,031 INFO  client.GrpcClientProtocolClient (GrpcClientProtocolClient.java:onNext(255)) - client-A5BCC62C3543->912a7d3b-e3f1-4985-b06b-5f0a929b8060: receive RaftClientReply:client-A5BCC62C3543->912a7d3b-e3f1-4985-b06b-5f0a929b8060@group-3636E5E7603C, cid=797, SUCCESS, logIndex=1161, commits[912a7d3b-e3f1-4985-b06b-5f0a929b8060:c1162]
2019-07-13 08:32:20,031 INFO  client.GrpcClientProtocolClient (GrpcClientProtocolClient.java:onNext(255)) - client-A5BCC62C3543->912a7d3b-e3f1-4985-b06b-5f0a929b8060: receive RaftClientReply:client-A5BCC62C3543->912a7d3b-e3f1-4985-b06b-5f0a929b8060@group-3636E5E7603C, cid=798, SUCCESS, logIndex=1162, commits[912a7d3b-e3f1-4985-b06b-5f0a929b8060:c1162]
2019-07-13 08:32:20,041 INFO  client.GrpcClientProtocolClient (GrpcClientProtocolClient.java:onNext(255)) - client-A5BCC62C3543->912a7d3b-e3f1-4985-b06b-5f0a929b8060: receive RaftClientReply:client-A5BCC62C3543->912a7d3b-e3f1-4985-b06b-5f0a929b8060@group-3636E5E7603C, cid=799, SUCCESS, logIndex=1163, commits[912a7d3b-e3f1-4985-b06b-5f0a929b8060:c1164]
2019-07-13 08:32:20,042 INFO  client.GrpcClientProtocolClient (GrpcClientProtocolClient.java:onNext(255)) - client-A5BCC62C3543->912a7d3b-e3f1-4985-b06b-5f0a929b8060: receive RaftClientReply:client-A5BCC62C3543->912a7d3b-e3f1-4985-b06b-5f0a929b8060@group-3636E5E7603C, cid=800, SUCCESS, logIndex=1164, commits[912a7d3b-e3f1-4985-b06b-5f0a929b8060:c1165]
2019-07-13 08:32:20,073 INFO  client.GrpcClientProtocolClient (GrpcClientProtocolClient.java:onNext(255)) - client-A5BCC62C3543->912a7d3b-e3f1-4985-b06b-5f0a929b8060: receive RaftClientReply:client-A5BCC62C3543->912a7d3b-e3f1-4985-b06b-5f0a929b8060@group-3636E5E7603C, cid=801, SUCCESS, logIndex=1167, commits[912a7d3b-e3f1-4985-b06b-5f0a929b8060:c1168]
2019-07-13 08:32:20,073 INFO  client.GrpcClientProtocolClient (GrpcClientProtocolClient.java:onNext(255)) - client-A5BCC62C3543->912a7d3b-e3f1-4985-b06b-5f0a929b8060: receive RaftClientReply:client-A5BCC62C3543->912a7d3b-e3f1-4985-b06b-5f0a929b8060@group-3636E5E7603C, cid=802, SUCCESS, logIndex=1168, commits[912a7d3b-e3f1-4985-b06b-5f0a929b8060:c1171]
2019-07-13 08:32:20,074 INFO  client.GrpcClientProtocolClient (GrpcClientProtocolClient.java:onNext(255)) - client-A5BCC62C3543->912a7d3b-e3f1-4985-b06b-5f0a929b8060: receive RaftClientReply:client-A5BCC62C3543->912a7d3b-e3f1-4985-b06b-5f0a929b8060@group-3636E5E7603C, cid=803, SUCCESS, logIndex=1169, commits[912a7d3b-e3f1-4985-b06b-5f0a929b8060:c1172]
2019-07-13 08:32:20,074 INFO  client.GrpcClientProtocolClient (GrpcClientProtocolClient.java:onNext(255)) - client-A5BCC62C3543->912a7d3b-e3f1-4985-b06b-5f0a929b8060: receive RaftClientReply:client-A5BCC62C3543->912a7d3b-e3f1-4985-b06b-5f0a929b8060@group-3636E5E7603C, cid=804, SUCCESS, logIndex=1170, commits[912a7d3b-e3f1-4985-b06b-5f0a929b8060:c1172]
2019-07-13 08:32:20,096 INFO  client.GrpcClientProtocolClient (GrpcClientProtocolClient.java:onNext(255)) - client-A5BCC62C3543->912a7d3b-e3f1-4985-b06b-5f0a929b8060: receive RaftClientReply:client-A5BCC62C3543->912a7d3b-e3f1-4985-b06b-5f0a929b8060@group-3636E5E7603C, cid=805, SUCCESS, logIndex=1173, commits[912a7d3b-e3f1-4985-b06b-5f0a929b8060:c1176]
2019-07-13 08:32:20,096 INFO  client.GrpcClientProtocolClient (GrpcClientProtocolClient.java:onNext(255)) - client-A5BCC62C3543->912a7d3b-e3f1-4985-b06b-5f0a929b8060: receive RaftClientReply:client-A5BCC62C3543->912a7d3b-e3f1-4985-b06b-5f0a929b8060@group-3636E5E7603C, cid=806, SUCCESS, logIndex=1174, commits[912a7d3b-e3f1-4985-b06b-5f0a929b8060:c1177]
2019-07-13 08:32:20,097 DEBUG block.SCMBlockDeletingService (SCMBlockDeletingService.java:call(138)) - Running DeletedBlockTransactionScanner
2019-07-13 08:32:20,097 INFO  client.GrpcClientProtocolClient (GrpcClientProtocolClient.java:onNext(255)) - client-A5BCC62C3543->912a7d3b-e3f1-4985-b06b-5f0a929b8060: receive RaftClientReply:client-A5BCC62C3543->912a7d3b-e3f1-4985-b06b-5f0a929b8060@group-3636E5E7603C, cid=807, SUCCESS, logIndex=1175, commits[912a7d3b-e3f1-4985-b06b-5f0a929b8060:c1178]
2019-07-13 08:32:20,097 DEBUG block.SCMBlockDeletingService (SCMBlockDeletingService.java:call(155)) - Scanned deleted blocks log and got 0 delTX to process.
2019-07-13 08:32:20,097 INFO  client.GrpcClientProtocolClient (GrpcClientProtocolClient.java:onNext(255)) - client-A5BCC62C3543->912a7d3b-e3f1-4985-b06b-5f0a929b8060: receive RaftClientReply:client-A5BCC62C3543->912a7d3b-e3f1-4985-b06b-5f0a929b8060@group-3636E5E7603C, cid=808, SUCCESS, logIndex=1176, commits[912a7d3b-e3f1-4985-b06b-5f0a929b8060:c1178]
2019-07-13 08:32:20,127 INFO  client.GrpcClientProtocolClient (GrpcClientProtocolClient.java:onNext(255)) - client-A5BCC62C3543->912a7d3b-e3f1-4985-b06b-5f0a929b8060: receive RaftClientReply:client-A5BCC62C3543->912a7d3b-e3f1-4985-b06b-5f0a929b8060@group-3636E5E7603C, cid=809, SUCCESS, logIndex=1179, commits[912a7d3b-e3f1-4985-b06b-5f0a929b8060:c1182]
2019-07-13 08:32:20,128 INFO  client.GrpcClientProtocolClient (GrpcClientProtocolClient.java:onNext(255)) - client-A5BCC62C3543->912a7d3b-e3f1-4985-b06b-5f0a929b8060: receive RaftClientReply:client-A5BCC62C3543->912a7d3b-e3f1-4985-b06b-5f0a929b8060@group-3636E5E7603C, cid=810, SUCCESS, logIndex=1180, commits[912a7d3b-e3f1-4985-b06b-5f0a929b8060:c1183]
2019-07-13 08:32:20,129 INFO  client.GrpcClientProtocolClient (GrpcClientProtocolClient.java:onNext(255)) - client-A5BCC62C3543->912a7d3b-e3f1-4985-b06b-5f0a929b8060: receive RaftClientReply:client-A5BCC62C3543->912a7d3b-e3f1-4985-b06b-5f0a929b8060@group-3636E5E7603C, cid=811, SUCCESS, logIndex=1181, commits[912a7d3b-e3f1-4985-b06b-5f0a929b8060:c1183]
2019-07-13 08:32:20,129 INFO  client.GrpcClientProtocolClient (GrpcClientProtocolClient.java:onNext(255)) - client-A5BCC62C3543->912a7d3b-e3f1-4985-b06b-5f0a929b8060: receive RaftClientReply:client-A5BCC62C3543->912a7d3b-e3f1-4985-b06b-5f0a929b8060@group-3636E5E7603C, cid=812, SUCCESS, logIndex=1182, commits[912a7d3b-e3f1-4985-b06b-5f0a929b8060:c1184]
2019-07-13 08:32:20,150 INFO  client.GrpcClientProtocolClient (GrpcClientProtocolClient.java:onNext(255)) - client-A5BCC62C3543->912a7d3b-e3f1-4985-b06b-5f0a929b8060: receive RaftClientReply:client-A5BCC62C3543->912a7d3b-e3f1-4985-b06b-5f0a929b8060@group-3636E5E7603C, cid=813, SUCCESS, logIndex=1185, commits[912a7d3b-e3f1-4985-b06b-5f0a929b8060:c1188]
2019-07-13 08:32:20,150 INFO  client.GrpcClientProtocolClient (GrpcClientProtocolClient.java:onNext(255)) - client-A5BCC62C3543->912a7d3b-e3f1-4985-b06b-5f0a929b8060: receive RaftClientReply:client-A5BCC62C3543->912a7d3b-e3f1-4985-b06b-5f0a929b8060@group-3636E5E7603C, cid=814, SUCCESS, logIndex=1186, commits[912a7d3b-e3f1-4985-b06b-5f0a929b8060:c1188]
2019-07-13 08:32:20,151 INFO  client.GrpcClientProtocolClient (GrpcClientProtocolClient.java:onNext(255)) - client-A5BCC62C3543->912a7d3b-e3f1-4985-b06b-5f0a929b8060: receive RaftClientReply:client-A5BCC62C3543->912a7d3b-e3f1-4985-b06b-5f0a929b8060@group-3636E5E7603C, cid=815, SUCCESS, logIndex=1187, commits[912a7d3b-e3f1-4985-b06b-5f0a929b8060:c1189]
2019-07-13 08:32:20,151 INFO  client.GrpcClientProtocolClient (GrpcClientProtocolClient.java:onNext(255)) - client-A5BCC62C3543->912a7d3b-e3f1-4985-b06b-5f0a929b8060: receive RaftClientReply:client-A5BCC62C3543->912a7d3b-e3f1-4985-b06b-5f0a929b8060@group-3636E5E7603C, cid=816, SUCCESS, logIndex=1188, commits[912a7d3b-e3f1-4985-b06b-5f0a929b8060:c1190]
2019-07-13 08:32:20,178 INFO  client.GrpcClientProtocolClient (GrpcClientProtocolClient.java:onNext(255)) - client-A5BCC62C3543->912a7d3b-e3f1-4985-b06b-5f0a929b8060: receive RaftClientReply:client-A5BCC62C3543->912a7d3b-e3f1-4985-b06b-5f0a929b8060@group-3636E5E7603C, cid=817, SUCCESS, logIndex=1191, commits[912a7d3b-e3f1-4985-b06b-5f0a929b8060:c1192]
2019-07-13 08:32:20,179 INFO  client.GrpcClientProtocolClient (GrpcClientProtocolClient.java:onNext(255)) - client-A5BCC62C3543->912a7d3b-e3f1-4985-b06b-5f0a929b8060: receive RaftClientReply:client-A5BCC62C3543->912a7d3b-e3f1-4985-b06b-5f0a929b8060@group-3636E5E7603C, cid=818, SUCCESS, logIndex=1192, commits[912a7d3b-e3f1-4985-b06b-5f0a929b8060:c1192]
2019-07-13 08:32:20,181 INFO  client.GrpcClientProtocolClient (GrpcClientProtocolClient.java:onNext(255)) - client-A5BCC62C3543->912a7d3b-e3f1-4985-b06b-5f0a929b8060: receive RaftClientReply:client-A5BCC62C3543->912a7d3b-e3f1-4985-b06b-5f0a929b8060@group-3636E5E7603C, cid=819, SUCCESS, logIndex=1193, commits[912a7d3b-e3f1-4985-b06b-5f0a929b8060:c1194]
2019-07-13 08:32:20,181 INFO  client.GrpcClientProtocolClient (GrpcClientProtocolClient.java:onNext(255)) - client-A5BCC62C3543->912a7d3b-e3f1-4985-b06b-5f0a929b8060: receive RaftClientReply:client-A5BCC62C3543->912a7d3b-e3f1-4985-b06b-5f0a929b8060@group-3636E5E7603C, cid=820, SUCCESS, logIndex=1194, commits[912a7d3b-e3f1-4985-b06b-5f0a929b8060:c1194]
2019-07-13 08:32:20,198 DEBUG block.SCMBlockDeletingService (SCMBlockDeletingService.java:call(138)) - Running DeletedBlockTransactionScanner
2019-07-13 08:32:20,198 DEBUG block.SCMBlockDeletingService (SCMBlockDeletingService.java:call(155)) - Scanned deleted blocks log and got 0 delTX to process.
2019-07-13 08:32:20,204 INFO  client.GrpcClientProtocolClient (GrpcClientProtocolClient.java:onNext(255)) - client-A5BCC62C3543->912a7d3b-e3f1-4985-b06b-5f0a929b8060: receive RaftClientReply:client-A5BCC62C3543->912a7d3b-e3f1-4985-b06b-5f0a929b8060@group-3636E5E7603C, cid=821, SUCCESS, logIndex=1197, commits[912a7d3b-e3f1-4985-b06b-5f0a929b8060:c1200]
2019-07-13 08:32:20,205 INFO  client.GrpcClientProtocolClient (GrpcClientProtocolClient.java:onNext(255)) - client-A5BCC62C3543->912a7d3b-e3f1-4985-b06b-5f0a929b8060: receive RaftClientReply:client-A5BCC62C3543->912a7d3b-e3f1-4985-b06b-5f0a929b8060@group-3636E5E7603C, cid=822, SUCCESS, logIndex=1198, commits[912a7d3b-e3f1-4985-b06b-5f0a929b8060:c1201]
2019-07-13 08:32:20,205 INFO  client.GrpcClientProtocolClient (GrpcClientProtocolClient.java:onNext(255)) - client-A5BCC62C3543->912a7d3b-e3f1-4985-b06b-5f0a929b8060: receive RaftClientReply:client-A5BCC62C3543->912a7d3b-e3f1-4985-b06b-5f0a929b8060@group-3636E5E7603C, cid=823, SUCCESS, logIndex=1199, commits[912a7d3b-e3f1-4985-b06b-5f0a929b8060:c1201]
2019-07-13 08:32:20,206 INFO  client.GrpcClientProtocolClient (GrpcClientProtocolClient.java:onNext(255)) - client-A5BCC62C3543->912a7d3b-e3f1-4985-b06b-5f0a929b8060: receive RaftClientReply:client-A5BCC62C3543->912a7d3b-e3f1-4985-b06b-5f0a929b8060@group-3636E5E7603C, cid=824, SUCCESS, logIndex=1200, commits[912a7d3b-e3f1-4985-b06b-5f0a929b8060:c1201]
2019-07-13 08:32:20,233 INFO  client.GrpcClientProtocolClient (GrpcClientProtocolClient.java:onNext(255)) - client-A5BCC62C3543->912a7d3b-e3f1-4985-b06b-5f0a929b8060: receive RaftClientReply:client-A5BCC62C3543->912a7d3b-e3f1-4985-b06b-5f0a929b8060@group-3636E5E7603C, cid=825, SUCCESS, logIndex=1202, commits[912a7d3b-e3f1-4985-b06b-5f0a929b8060:c1203]
2019-07-13 08:32:20,234 INFO  client.GrpcClientProtocolClient (GrpcClientProtocolClient.java:onNext(255)) - client-A5BCC62C3543->912a7d3b-e3f1-4985-b06b-5f0a929b8060: receive RaftClientReply:client-A5BCC62C3543->912a7d3b-e3f1-4985-b06b-5f0a929b8060@group-3636E5E7603C, cid=826, SUCCESS, logIndex=1203, commits[912a7d3b-e3f1-4985-b06b-5f0a929b8060:c1205]
2019-07-13 08:32:20,234 INFO  client.GrpcClientProtocolClient (GrpcClientProtocolClient.java:onNext(255)) - client-A5BCC62C3543->912a7d3b-e3f1-4985-b06b-5f0a929b8060: receive RaftClientReply:client-A5BCC62C3543->912a7d3b-e3f1-4985-b06b-5f0a929b8060@group-3636E5E7603C, cid=827, SUCCESS, logIndex=1204, commits[912a7d3b-e3f1-4985-b06b-5f0a929b8060:c1206]
2019-07-13 08:32:20,235 INFO  client.GrpcClientProtocolClient (GrpcClientProtocolClient.java:onNext(255)) - client-A5BCC62C3543->912a7d3b-e3f1-4985-b06b-5f0a929b8060: receive RaftClientReply:client-A5BCC62C3543->912a7d3b-e3f1-4985-b06b-5f0a929b8060@group-3636E5E7603C, cid=828, SUCCESS, logIndex=1205, commits[912a7d3b-e3f1-4985-b06b-5f0a929b8060:c1207]
2019-07-13 08:32:20,255 INFO  client.GrpcClientProtocolClient (GrpcClientProtocolClient.java:onNext(255)) - client-A5BCC62C3543->912a7d3b-e3f1-4985-b06b-5f0a929b8060: receive RaftClientReply:client-A5BCC62C3543->912a7d3b-e3f1-4985-b06b-5f0a929b8060@group-3636E5E7603C, cid=829, SUCCESS, logIndex=1208, commits[912a7d3b-e3f1-4985-b06b-5f0a929b8060:c1209]
2019-07-13 08:32:20,256 INFO  client.GrpcClientProtocolClient (GrpcClientProtocolClient.java:onNext(255)) - client-A5BCC62C3543->912a7d3b-e3f1-4985-b06b-5f0a929b8060: receive RaftClientReply:client-A5BCC62C3543->912a7d3b-e3f1-4985-b06b-5f0a929b8060@group-3636E5E7603C, cid=830, SUCCESS, logIndex=1209, commits[912a7d3b-e3f1-4985-b06b-5f0a929b8060:c1211]
2019-07-13 08:32:20,256 INFO  client.GrpcClientProtocolClient (GrpcClientProtocolClient.java:onNext(255)) - client-A5BCC62C3543->912a7d3b-e3f1-4985-b06b-5f0a929b8060: receive RaftClientReply:client-A5BCC62C3543->912a7d3b-e3f1-4985-b06b-5f0a929b8060@group-3636E5E7603C, cid=831, SUCCESS, logIndex=1210, commits[912a7d3b-e3f1-4985-b06b-5f0a929b8060:c1212]
2019-07-13 08:32:20,256 INFO  client.GrpcClientProtocolClient (GrpcClientProtocolClient.java:onNext(255)) - client-A5BCC62C3543->912a7d3b-e3f1-4985-b06b-5f0a929b8060: receive RaftClientReply:client-A5BCC62C3543->912a7d3b-e3f1-4985-b06b-5f0a929b8060@group-3636E5E7603C, cid=832, SUCCESS, logIndex=1211, commits[912a7d3b-e3f1-4985-b06b-5f0a929b8060:c1212]
2019-07-13 08:32:20,273 INFO  client.GrpcClientProtocolClient (GrpcClientProtocolClient.java:onNext(255)) - client-A5BCC62C3543->912a7d3b-e3f1-4985-b06b-5f0a929b8060: receive RaftClientReply:client-A5BCC62C3543->912a7d3b-e3f1-4985-b06b-5f0a929b8060@group-3636E5E7603C, cid=833, SUCCESS, logIndex=1214, commits[912a7d3b-e3f1-4985-b06b-5f0a929b8060:c1215]
2019-07-13 08:32:20,274 INFO  client.GrpcClientProtocolClient (GrpcClientProtocolClient.java:onNext(255)) - client-A5BCC62C3543->912a7d3b-e3f1-4985-b06b-5f0a929b8060: receive RaftClientReply:client-A5BCC62C3543->912a7d3b-e3f1-4985-b06b-5f0a929b8060@group-3636E5E7603C, cid=834, SUCCESS, logIndex=1215, commits[912a7d3b-e3f1-4985-b06b-5f0a929b8060:c1215]
2019-07-13 08:32:20,298 DEBUG block.SCMBlockDeletingService (SCMBlockDeletingService.java:call(138)) - Running DeletedBlockTransactionScanner
2019-07-13 08:32:20,299 DEBUG block.SCMBlockDeletingService (SCMBlockDeletingService.java:call(155)) - Scanned deleted blocks log and got 0 delTX to process.
2019-07-13 08:32:20,308 INFO  client.GrpcClientProtocolClient (GrpcClientProtocolClient.java:onNext(255)) - client-A5BCC62C3543->912a7d3b-e3f1-4985-b06b-5f0a929b8060: receive RaftClientReply:client-A5BCC62C3543->912a7d3b-e3f1-4985-b06b-5f0a929b8060@group-3636E5E7603C, cid=835, SUCCESS, logIndex=1216, commits[912a7d3b-e3f1-4985-b06b-5f0a929b8060:c1218]
2019-07-13 08:32:20,309 INFO  client.GrpcClientProtocolClient (GrpcClientProtocolClient.java:onNext(255)) - client-A5BCC62C3543->912a7d3b-e3f1-4985-b06b-5f0a929b8060: receive RaftClientReply:client-A5BCC62C3543->912a7d3b-e3f1-4985-b06b-5f0a929b8060@group-3636E5E7603C, cid=836, SUCCESS, logIndex=1217, commits[912a7d3b-e3f1-4985-b06b-5f0a929b8060:c1218]
2019-07-13 08:32:20,331 INFO  client.GrpcClientProtocolClient (GrpcClientProtocolClient.java:onNext(255)) - client-A5BCC62C3543->912a7d3b-e3f1-4985-b06b-5f0a929b8060: receive RaftClientReply:client-A5BCC62C3543->912a7d3b-e3f1-4985-b06b-5f0a929b8060@group-3636E5E7603C, cid=837, SUCCESS, logIndex=1219, commits[912a7d3b-e3f1-4985-b06b-5f0a929b8060:c1220]
2019-07-13 08:32:20,332 INFO  client.GrpcClientProtocolClient (GrpcClientProtocolClient.java:onNext(255)) - client-A5BCC62C3543->912a7d3b-e3f1-4985-b06b-5f0a929b8060: receive RaftClientReply:client-A5BCC62C3543->912a7d3b-e3f1-4985-b06b-5f0a929b8060@group-3636E5E7603C, cid=838, SUCCESS, logIndex=1220, commits[912a7d3b-e3f1-4985-b06b-5f0a929b8060:c1220]
2019-07-13 08:32:20,399 DEBUG block.SCMBlockDeletingService (SCMBlockDeletingService.java:call(138)) - Running DeletedBlockTransactionScanner
2019-07-13 08:32:20,400 DEBUG block.SCMBlockDeletingService (SCMBlockDeletingService.java:call(155)) - Scanned deleted blocks log and got 0 delTX to process.
2019-07-13 08:32:20,436 INFO  client.GrpcClientProtocolClient (GrpcClientProtocolClient.java:onNext(255)) - client-A5BCC62C3543->912a7d3b-e3f1-4985-b06b-5f0a929b8060: receive RaftClientReply:client-A5BCC62C3543->912a7d3b-e3f1-4985-b06b-5f0a929b8060@group-3636E5E7603C, cid=839, SUCCESS, logIndex=1222, commits[912a7d3b-e3f1-4985-b06b-5f0a929b8060:c1223]
2019-07-13 08:32:20,437 INFO  client.GrpcClientProtocolClient (GrpcClientProtocolClient.java:onNext(255)) - client-A5BCC62C3543->912a7d3b-e3f1-4985-b06b-5f0a929b8060: receive RaftClientReply:client-A5BCC62C3543->912a7d3b-e3f1-4985-b06b-5f0a929b8060@group-3636E5E7603C, cid=840, SUCCESS, logIndex=1223, commits[912a7d3b-e3f1-4985-b06b-5f0a929b8060:c1223]
2019-07-13 08:32:20,464 INFO  client.GrpcClientProtocolClient (GrpcClientProtocolClient.java:onNext(255)) - client-A5BCC62C3543->912a7d3b-e3f1-4985-b06b-5f0a929b8060: receive RaftClientReply:client-A5BCC62C3543->912a7d3b-e3f1-4985-b06b-5f0a929b8060@group-3636E5E7603C, cid=841, SUCCESS, logIndex=1225, commits[912a7d3b-e3f1-4985-b06b-5f0a929b8060:c1228]
2019-07-13 08:32:20,465 INFO  client.GrpcClientProtocolClient (GrpcClientProtocolClient.java:onNext(255)) - client-A5BCC62C3543->912a7d3b-e3f1-4985-b06b-5f0a929b8060: receive RaftClientReply:client-A5BCC62C3543->912a7d3b-e3f1-4985-b06b-5f0a929b8060@group-3636E5E7603C, cid=842, SUCCESS, logIndex=1226, commits[912a7d3b-e3f1-4985-b06b-5f0a929b8060:c1229]
2019-07-13 08:32:20,466 INFO  client.GrpcClientProtocolClient (GrpcClientProtocolClient.java:onNext(255)) - client-A5BCC62C3543->912a7d3b-e3f1-4985-b06b-5f0a929b8060: receive RaftClientReply:client-A5BCC62C3543->912a7d3b-e3f1-4985-b06b-5f0a929b8060@group-3636E5E7603C, cid=843, SUCCESS, logIndex=1227, commits[912a7d3b-e3f1-4985-b06b-5f0a929b8060:c1229]
2019-07-13 08:32:20,466 INFO  client.GrpcClientProtocolClient (GrpcClientProtocolClient.java:onNext(255)) - client-A5BCC62C3543->912a7d3b-e3f1-4985-b06b-5f0a929b8060: receive RaftClientReply:client-A5BCC62C3543->912a7d3b-e3f1-4985-b06b-5f0a929b8060@group-3636E5E7603C, cid=844, SUCCESS, logIndex=1228, commits[912a7d3b-e3f1-4985-b06b-5f0a929b8060:c1230]
2019-07-13 08:32:20,486 INFO  client.GrpcClientProtocolClient (GrpcClientProtocolClient.java:onNext(255)) - client-A5BCC62C3543->912a7d3b-e3f1-4985-b06b-5f0a929b8060: receive RaftClientReply:client-A5BCC62C3543->912a7d3b-e3f1-4985-b06b-5f0a929b8060@group-3636E5E7603C, cid=845, SUCCESS, logIndex=1231, commits[912a7d3b-e3f1-4985-b06b-5f0a929b8060:c1234]
2019-07-13 08:32:20,487 INFO  client.GrpcClientProtocolClient (GrpcClientProtocolClient.java:onNext(255)) - client-A5BCC62C3543->912a7d3b-e3f1-4985-b06b-5f0a929b8060: receive RaftClientReply:client-A5BCC62C3543->912a7d3b-e3f1-4985-b06b-5f0a929b8060@group-3636E5E7603C, cid=846, SUCCESS, logIndex=1232, commits[912a7d3b-e3f1-4985-b06b-5f0a929b8060:c1235]
2019-07-13 08:32:20,487 INFO  client.GrpcClientProtocolClient (GrpcClientProtocolClient.java:onNext(255)) - client-A5BCC62C3543->912a7d3b-e3f1-4985-b06b-5f0a929b8060: receive RaftClientReply:client-A5BCC62C3543->912a7d3b-e3f1-4985-b06b-5f0a929b8060@group-3636E5E7603C, cid=847, SUCCESS, logIndex=1233, commits[912a7d3b-e3f1-4985-b06b-5f0a929b8060:c1236]
2019-07-13 08:32:20,488 INFO  client.GrpcClientProtocolClient (GrpcClientProtocolClient.java:onNext(255)) - client-A5BCC62C3543->912a7d3b-e3f1-4985-b06b-5f0a929b8060: receive RaftClientReply:client-A5BCC62C3543->912a7d3b-e3f1-4985-b06b-5f0a929b8060@group-3636E5E7603C, cid=848, SUCCESS, logIndex=1234, commits[912a7d3b-e3f1-4985-b06b-5f0a929b8060:c1236]
2019-07-13 08:32:20,500 DEBUG block.SCMBlockDeletingService (SCMBlockDeletingService.java:call(138)) - Running DeletedBlockTransactionScanner
2019-07-13 08:32:20,500 DEBUG block.SCMBlockDeletingService (SCMBlockDeletingService.java:call(155)) - Scanned deleted blocks log and got 0 delTX to process.
2019-07-13 08:32:20,514 INFO  client.GrpcClientProtocolClient (GrpcClientProtocolClient.java:onNext(255)) - client-A5BCC62C3543->912a7d3b-e3f1-4985-b06b-5f0a929b8060: receive RaftClientReply:client-A5BCC62C3543->912a7d3b-e3f1-4985-b06b-5f0a929b8060@group-3636E5E7603C, cid=849, SUCCESS, logIndex=1237, commits[912a7d3b-e3f1-4985-b06b-5f0a929b8060:c1238]
2019-07-13 08:32:20,515 INFO  client.GrpcClientProtocolClient (GrpcClientProtocolClient.java:onNext(255)) - client-A5BCC62C3543->912a7d3b-e3f1-4985-b06b-5f0a929b8060: receive RaftClientReply:client-A5BCC62C3543->912a7d3b-e3f1-4985-b06b-5f0a929b8060@group-3636E5E7603C, cid=850, SUCCESS, logIndex=1238, commits[912a7d3b-e3f1-4985-b06b-5f0a929b8060:c1240]
2019-07-13 08:32:20,515 INFO  client.GrpcClientProtocolClient (GrpcClientProtocolClient.java:onNext(255)) - client-A5BCC62C3543->912a7d3b-e3f1-4985-b06b-5f0a929b8060: receive RaftClientReply:client-A5BCC62C3543->912a7d3b-e3f1-4985-b06b-5f0a929b8060@group-3636E5E7603C, cid=851, SUCCESS, logIndex=1239, commits[912a7d3b-e3f1-4985-b06b-5f0a929b8060:c1241]
2019-07-13 08:32:20,515 INFO  client.GrpcClientProtocolClient (GrpcClientProtocolClient.java:onNext(255)) - client-A5BCC62C3543->912a7d3b-e3f1-4985-b06b-5f0a929b8060: receive RaftClientReply:client-A5BCC62C3543->912a7d3b-e3f1-4985-b06b-5f0a929b8060@group-3636E5E7603C, cid=852, SUCCESS, logIndex=1240, commits[912a7d3b-e3f1-4985-b06b-5f0a929b8060:c1242]
2019-07-13 08:32:20,588 INFO  client.GrpcClientProtocolClient (GrpcClientProtocolClient.java:onNext(255)) - client-A5BCC62C3543->912a7d3b-e3f1-4985-b06b-5f0a929b8060: receive RaftClientReply:client-A5BCC62C3543->912a7d3b-e3f1-4985-b06b-5f0a929b8060@group-3636E5E7603C, cid=853, SUCCESS, logIndex=1243, commits[912a7d3b-e3f1-4985-b06b-5f0a929b8060:c1244]
2019-07-13 08:32:20,589 INFO  client.GrpcClientProtocolClient (GrpcClientProtocolClient.java:onNext(255)) - client-A5BCC62C3543->912a7d3b-e3f1-4985-b06b-5f0a929b8060: receive RaftClientReply:client-A5BCC62C3543->912a7d3b-e3f1-4985-b06b-5f0a929b8060@group-3636E5E7603C, cid=854, SUCCESS, logIndex=1244, commits[912a7d3b-e3f1-4985-b06b-5f0a929b8060:c1244]
2019-07-13 08:32:20,599 INFO  client.GrpcClientProtocolClient (GrpcClientProtocolClient.java:onNext(255)) - client-A5BCC62C3543->912a7d3b-e3f1-4985-b06b-5f0a929b8060: receive RaftClientReply:client-A5BCC62C3543->912a7d3b-e3f1-4985-b06b-5f0a929b8060@group-3636E5E7603C, cid=855, SUCCESS, logIndex=1246, commits[912a7d3b-e3f1-4985-b06b-5f0a929b8060:c1247]
2019-07-13 08:32:20,599 INFO  client.GrpcClientProtocolClient (GrpcClientProtocolClient.java:onNext(255)) - client-A5BCC62C3543->912a7d3b-e3f1-4985-b06b-5f0a929b8060: receive RaftClientReply:client-A5BCC62C3543->912a7d3b-e3f1-4985-b06b-5f0a929b8060@group-3636E5E7603C, cid=856, SUCCESS, logIndex=1247, commits[912a7d3b-e3f1-4985-b06b-5f0a929b8060:c1248]
2019-07-13 08:32:20,601 DEBUG block.SCMBlockDeletingService (SCMBlockDeletingService.java:call(138)) - Running DeletedBlockTransactionScanner
2019-07-13 08:32:20,601 DEBUG block.SCMBlockDeletingService (SCMBlockDeletingService.java:call(155)) - Scanned deleted blocks log and got 0 delTX to process.
2019-07-13 08:32:20,632 INFO  client.GrpcClientProtocolClient (GrpcClientProtocolClient.java:onNext(255)) - client-A5BCC62C3543->912a7d3b-e3f1-4985-b06b-5f0a929b8060: receive RaftClientReply:client-A5BCC62C3543->912a7d3b-e3f1-4985-b06b-5f0a929b8060@group-3636E5E7603C, cid=857, SUCCESS, logIndex=1249, commits[912a7d3b-e3f1-4985-b06b-5f0a929b8060:c1250]
2019-07-13 08:32:20,633 INFO  client.GrpcClientProtocolClient (GrpcClientProtocolClient.java:onNext(255)) - client-A5BCC62C3543->912a7d3b-e3f1-4985-b06b-5f0a929b8060: receive RaftClientReply:client-A5BCC62C3543->912a7d3b-e3f1-4985-b06b-5f0a929b8060@group-3636E5E7603C, cid=858, SUCCESS, logIndex=1250, commits[912a7d3b-e3f1-4985-b06b-5f0a929b8060:c1250]
2019-07-13 08:32:20,634 INFO  client.GrpcClientProtocolClient (GrpcClientProtocolClient.java:onNext(255)) - client-A5BCC62C3543->912a7d3b-e3f1-4985-b06b-5f0a929b8060: receive RaftClientReply:client-A5BCC62C3543->912a7d3b-e3f1-4985-b06b-5f0a929b8060@group-3636E5E7603C, cid=859, SUCCESS, logIndex=1251, commits[912a7d3b-e3f1-4985-b06b-5f0a929b8060:c1252]
2019-07-13 08:32:20,634 INFO  client.GrpcClientProtocolClient (GrpcClientProtocolClient.java:onNext(255)) - client-A5BCC62C3543->912a7d3b-e3f1-4985-b06b-5f0a929b8060: receive RaftClientReply:client-A5BCC62C3543->912a7d3b-e3f1-4985-b06b-5f0a929b8060@group-3636E5E7603C, cid=860, SUCCESS, logIndex=1252, commits[912a7d3b-e3f1-4985-b06b-5f0a929b8060:c1252]
2019-07-13 08:32:20,661 INFO  client.GrpcClientProtocolClient (GrpcClientProtocolClient.java:onNext(255)) - client-A5BCC62C3543->912a7d3b-e3f1-4985-b06b-5f0a929b8060: receive RaftClientReply:client-A5BCC62C3543->912a7d3b-e3f1-4985-b06b-5f0a929b8060@group-3636E5E7603C, cid=861, SUCCESS, logIndex=1255, commits[912a7d3b-e3f1-4985-b06b-5f0a929b8060:c1258]
2019-07-13 08:32:20,662 INFO  client.GrpcClientProtocolClient (GrpcClientProtocolClient.java:onNext(255)) - client-A5BCC62C3543->912a7d3b-e3f1-4985-b06b-5f0a929b8060: receive RaftClientReply:client-A5BCC62C3543->912a7d3b-e3f1-4985-b06b-5f0a929b8060@group-3636E5E7603C, cid=862, SUCCESS, logIndex=1256, commits[912a7d3b-e3f1-4985-b06b-5f0a929b8060:c1258]
2019-07-13 08:32:20,662 INFO  client.GrpcClientProtocolClient (GrpcClientProtocolClient.java:onNext(255)) - client-A5BCC62C3543->912a7d3b-e3f1-4985-b06b-5f0a929b8060: receive RaftClientReply:client-A5BCC62C3543->912a7d3b-e3f1-4985-b06b-5f0a929b8060@group-3636E5E7603C, cid=863, SUCCESS, logIndex=1257, commits[912a7d3b-e3f1-4985-b06b-5f0a929b8060:c1258]
2019-07-13 08:32:20,663 INFO  client.GrpcClientProtocolClient (GrpcClientProtocolClient.java:onNext(255)) - client-A5BCC62C3543->912a7d3b-e3f1-4985-b06b-5f0a929b8060: receive RaftClientReply:client-A5BCC62C3543->912a7d3b-e3f1-4985-b06b-5f0a929b8060@group-3636E5E7603C, cid=864, SUCCESS, logIndex=1258, commits[912a7d3b-e3f1-4985-b06b-5f0a929b8060:c1258]
2019-07-13 08:32:20,691 INFO  client.GrpcClientProtocolClient (GrpcClientProtocolClient.java:onNext(255)) - client-A5BCC62C3543->912a7d3b-e3f1-4985-b06b-5f0a929b8060: receive RaftClientReply:client-A5BCC62C3543->912a7d3b-e3f1-4985-b06b-5f0a929b8060@group-3636E5E7603C, cid=865, SUCCESS, logIndex=1260, commits[912a7d3b-e3f1-4985-b06b-5f0a929b8060:c1261]
2019-07-13 08:32:20,692 INFO  client.GrpcClientProtocolClient (GrpcClientProtocolClient.java:onNext(255)) - client-A5BCC62C3543->912a7d3b-e3f1-4985-b06b-5f0a929b8060: receive RaftClientReply:client-A5BCC62C3543->912a7d3b-e3f1-4985-b06b-5f0a929b8060@group-3636E5E7603C, cid=866, SUCCESS, logIndex=1261, commits[912a7d3b-e3f1-4985-b06b-5f0a929b8060:c1264]
2019-07-13 08:32:20,692 INFO  client.GrpcClientProtocolClient (GrpcClientProtocolClient.java:onNext(255)) - client-A5BCC62C3543->912a7d3b-e3f1-4985-b06b-5f0a929b8060: receive RaftClientReply:client-A5BCC62C3543->912a7d3b-e3f1-4985-b06b-5f0a929b8060@group-3636E5E7603C, cid=867, SUCCESS, logIndex=1262, commits[912a7d3b-e3f1-4985-b06b-5f0a929b8060:c1264]
2019-07-13 08:32:20,692 INFO  client.GrpcClientProtocolClient (GrpcClientProtocolClient.java:onNext(255)) - client-A5BCC62C3543->912a7d3b-e3f1-4985-b06b-5f0a929b8060: receive RaftClientReply:client-A5BCC62C3543->912a7d3b-e3f1-4985-b06b-5f0a929b8060@group-3636E5E7603C, cid=868, SUCCESS, logIndex=1263, commits[912a7d3b-e3f1-4985-b06b-5f0a929b8060:c1265]
2019-07-13 08:32:20,702 DEBUG block.SCMBlockDeletingService (SCMBlockDeletingService.java:call(138)) - Running DeletedBlockTransactionScanner
2019-07-13 08:32:20,702 DEBUG block.SCMBlockDeletingService (SCMBlockDeletingService.java:call(155)) - Scanned deleted blocks log and got 0 delTX to process.
2019-07-13 08:32:20,713 INFO  client.GrpcClientProtocolClient (GrpcClientProtocolClient.java:onNext(255)) - client-A5BCC62C3543->912a7d3b-e3f1-4985-b06b-5f0a929b8060: receive RaftClientReply:client-A5BCC62C3543->912a7d3b-e3f1-4985-b06b-5f0a929b8060@group-3636E5E7603C, cid=869, SUCCESS, logIndex=1266, commits[912a7d3b-e3f1-4985-b06b-5f0a929b8060:c1267]
2019-07-13 08:32:20,713 INFO  client.GrpcClientProtocolClient (GrpcClientProtocolClient.java:onNext(255)) - client-A5BCC62C3543->912a7d3b-e3f1-4985-b06b-5f0a929b8060: receive RaftClientReply:client-A5BCC62C3543->912a7d3b-e3f1-4985-b06b-5f0a929b8060@group-3636E5E7603C, cid=870, SUCCESS, logIndex=1267, commits[912a7d3b-e3f1-4985-b06b-5f0a929b8060:c1269]
2019-07-13 08:32:20,714 INFO  client.GrpcClientProtocolClient (GrpcClientProtocolClient.java:onNext(255)) - client-A5BCC62C3543->912a7d3b-e3f1-4985-b06b-5f0a929b8060: receive RaftClientReply:client-A5BCC62C3543->912a7d3b-e3f1-4985-b06b-5f0a929b8060@group-3636E5E7603C, cid=871, SUCCESS, logIndex=1268, commits[912a7d3b-e3f1-4985-b06b-5f0a929b8060:c1270]
2019-07-13 08:32:20,714 INFO  client.GrpcClientProtocolClient (GrpcClientProtocolClient.java:onNext(255)) - client-A5BCC62C3543->912a7d3b-e3f1-4985-b06b-5f0a929b8060: receive RaftClientReply:client-A5BCC62C3543->912a7d3b-e3f1-4985-b06b-5f0a929b8060@group-3636E5E7603C, cid=872, SUCCESS, logIndex=1269, commits[912a7d3b-e3f1-4985-b06b-5f0a929b8060:c1271]
2019-07-13 08:32:20,743 INFO  client.GrpcClientProtocolClient (GrpcClientProtocolClient.java:onNext(255)) - client-A5BCC62C3543->912a7d3b-e3f1-4985-b06b-5f0a929b8060: receive RaftClientReply:client-A5BCC62C3543->912a7d3b-e3f1-4985-b06b-5f0a929b8060@group-3636E5E7603C, cid=873, SUCCESS, logIndex=1272, commits[912a7d3b-e3f1-4985-b06b-5f0a929b8060:c1273]
2019-07-13 08:32:20,743 INFO  client.GrpcClientProtocolClient (GrpcClientProtocolClient.java:onNext(255)) - client-A5BCC62C3543->912a7d3b-e3f1-4985-b06b-5f0a929b8060: receive RaftClientReply:client-A5BCC62C3543->912a7d3b-e3f1-4985-b06b-5f0a929b8060@group-3636E5E7603C, cid=874, SUCCESS, logIndex=1273, commits[912a7d3b-e3f1-4985-b06b-5f0a929b8060:c1273]
2019-07-13 08:32:20,745 INFO  client.GrpcClientProtocolClient (GrpcClientProtocolClient.java:onNext(255)) - client-A5BCC62C3543->912a7d3b-e3f1-4985-b06b-5f0a929b8060: receive RaftClientReply:client-A5BCC62C3543->912a7d3b-e3f1-4985-b06b-5f0a929b8060@group-3636E5E7603C, cid=875, SUCCESS, logIndex=1274, commits[912a7d3b-e3f1-4985-b06b-5f0a929b8060:c1275]
2019-07-13 08:32:20,745 INFO  client.GrpcClientProtocolClient (GrpcClientProtocolClient.java:onNext(255)) - client-A5BCC62C3543->912a7d3b-e3f1-4985-b06b-5f0a929b8060: receive RaftClientReply:client-A5BCC62C3543->912a7d3b-e3f1-4985-b06b-5f0a929b8060@group-3636E5E7603C, cid=876, SUCCESS, logIndex=1275, commits[912a7d3b-e3f1-4985-b06b-5f0a929b8060:c1275]
2019-07-13 08:32:20,767 INFO  client.GrpcClientProtocolClient (GrpcClientProtocolClient.java:onNext(255)) - client-A5BCC62C3543->912a7d3b-e3f1-4985-b06b-5f0a929b8060: receive RaftClientReply:client-A5BCC62C3543->912a7d3b-e3f1-4985-b06b-5f0a929b8060@group-3636E5E7603C, cid=877, SUCCESS, logIndex=1278, commits[912a7d3b-e3f1-4985-b06b-5f0a929b8060:c1281]
2019-07-13 08:32:20,768 INFO  client.GrpcClientProtocolClient (GrpcClientProtocolClient.java:onNext(255)) - client-A5BCC62C3543->912a7d3b-e3f1-4985-b06b-5f0a929b8060: receive RaftClientReply:client-A5BCC62C3543->912a7d3b-e3f1-4985-b06b-5f0a929b8060@group-3636E5E7603C, cid=878, SUCCESS, logIndex=1279, commits[912a7d3b-e3f1-4985-b06b-5f0a929b8060:c1282]
2019-07-13 08:32:20,769 INFO  client.GrpcClientProtocolClient (GrpcClientProtocolClient.java:onNext(255)) - client-A5BCC62C3543->912a7d3b-e3f1-4985-b06b-5f0a929b8060: receive RaftClientReply:client-A5BCC62C3543->912a7d3b-e3f1-4985-b06b-5f0a929b8060@group-3636E5E7603C, cid=879, SUCCESS, logIndex=1280, commits[912a7d3b-e3f1-4985-b06b-5f0a929b8060:c1282]
2019-07-13 08:32:20,769 INFO  client.GrpcClientProtocolClient (GrpcClientProtocolClient.java:onNext(255)) - client-A5BCC62C3543->912a7d3b-e3f1-4985-b06b-5f0a929b8060: receive RaftClientReply:client-A5BCC62C3543->912a7d3b-e3f1-4985-b06b-5f0a929b8060@group-3636E5E7603C, cid=880, SUCCESS, logIndex=1281, commits[912a7d3b-e3f1-4985-b06b-5f0a929b8060:c1282]
2019-07-13 08:32:20,796 INFO  client.GrpcClientProtocolClient (GrpcClientProtocolClient.java:onNext(255)) - client-A5BCC62C3543->912a7d3b-e3f1-4985-b06b-5f0a929b8060: receive RaftClientReply:client-A5BCC62C3543->912a7d3b-e3f1-4985-b06b-5f0a929b8060@group-3636E5E7603C, cid=881, SUCCESS, logIndex=1283, commits[912a7d3b-e3f1-4985-b06b-5f0a929b8060:c1284]
2019-07-13 08:32:20,797 INFO  client.GrpcClientProtocolClient (GrpcClientProtocolClient.java:onNext(255)) - client-A5BCC62C3543->912a7d3b-e3f1-4985-b06b-5f0a929b8060: receive RaftClientReply:client-A5BCC62C3543->912a7d3b-e3f1-4985-b06b-5f0a929b8060@group-3636E5E7603C, cid=882, SUCCESS, logIndex=1284, commits[912a7d3b-e3f1-4985-b06b-5f0a929b8060:c1284]
2019-07-13 08:32:20,800 INFO  client.GrpcClientProtocolClient (GrpcClientProtocolClient.java:onNext(255)) - client-A5BCC62C3543->912a7d3b-e3f1-4985-b06b-5f0a929b8060: receive RaftClientReply:client-A5BCC62C3543->912a7d3b-e3f1-4985-b06b-5f0a929b8060@group-3636E5E7603C, cid=883, SUCCESS, logIndex=1285, commits[912a7d3b-e3f1-4985-b06b-5f0a929b8060:c1286]
2019-07-13 08:32:20,801 INFO  client.GrpcClientProtocolClient (GrpcClientProtocolClient.java:onNext(255)) - client-A5BCC62C3543->912a7d3b-e3f1-4985-b06b-5f0a929b8060: receive RaftClientReply:client-A5BCC62C3543->912a7d3b-e3f1-4985-b06b-5f0a929b8060@group-3636E5E7603C, cid=884, SUCCESS, logIndex=1286, commits[912a7d3b-e3f1-4985-b06b-5f0a929b8060:c1286]
2019-07-13 08:32:20,803 DEBUG block.SCMBlockDeletingService (SCMBlockDeletingService.java:call(138)) - Running DeletedBlockTransactionScanner
2019-07-13 08:32:20,803 DEBUG block.SCMBlockDeletingService (SCMBlockDeletingService.java:call(155)) - Scanned deleted blocks log and got 0 delTX to process.
2019-07-13 08:32:20,904 DEBUG block.SCMBlockDeletingService (SCMBlockDeletingService.java:call(138)) - Running DeletedBlockTransactionScanner
2019-07-13 08:32:20,904 DEBUG block.SCMBlockDeletingService (SCMBlockDeletingService.java:call(155)) - Scanned deleted blocks log and got 0 delTX to process.
2019-07-13 08:32:20,932 INFO  client.GrpcClientProtocolClient (GrpcClientProtocolClient.java:onNext(255)) - client-A5BCC62C3543->912a7d3b-e3f1-4985-b06b-5f0a929b8060: receive RaftClientReply:client-A5BCC62C3543->912a7d3b-e3f1-4985-b06b-5f0a929b8060@group-3636E5E7603C, cid=885, SUCCESS, logIndex=1289, commits[912a7d3b-e3f1-4985-b06b-5f0a929b8060:c1290]
2019-07-13 08:32:20,933 INFO  client.GrpcClientProtocolClient (GrpcClientProtocolClient.java:onNext(255)) - client-A5BCC62C3543->912a7d3b-e3f1-4985-b06b-5f0a929b8060: receive RaftClientReply:client-A5BCC62C3543->912a7d3b-e3f1-4985-b06b-5f0a929b8060@group-3636E5E7603C, cid=886, SUCCESS, logIndex=1290, commits[912a7d3b-e3f1-4985-b06b-5f0a929b8060:c1293]
2019-07-13 08:32:20,933 INFO  client.GrpcClientProtocolClient (GrpcClientProtocolClient.java:onNext(255)) - client-A5BCC62C3543->912a7d3b-e3f1-4985-b06b-5f0a929b8060: receive RaftClientReply:client-A5BCC62C3543->912a7d3b-e3f1-4985-b06b-5f0a929b8060@group-3636E5E7603C, cid=887, SUCCESS, logIndex=1291, commits[912a7d3b-e3f1-4985-b06b-5f0a929b8060:c1294]
2019-07-13 08:32:20,934 INFO  client.GrpcClientProtocolClient (GrpcClientProtocolClient.java:onNext(255)) - client-A5BCC62C3543->912a7d3b-e3f1-4985-b06b-5f0a929b8060: receive RaftClientReply:client-A5BCC62C3543->912a7d3b-e3f1-4985-b06b-5f0a929b8060@group-3636E5E7603C, cid=888, SUCCESS, logIndex=1292, commits[912a7d3b-e3f1-4985-b06b-5f0a929b8060:c1294]
2019-07-13 08:32:20,964 INFO  client.GrpcClientProtocolClient (GrpcClientProtocolClient.java:onNext(255)) - client-A5BCC62C3543->912a7d3b-e3f1-4985-b06b-5f0a929b8060: receive RaftClientReply:client-A5BCC62C3543->912a7d3b-e3f1-4985-b06b-5f0a929b8060@group-3636E5E7603C, cid=889, SUCCESS, logIndex=1295, commits[912a7d3b-e3f1-4985-b06b-5f0a929b8060:c1296]
2019-07-13 08:32:20,965 INFO  client.GrpcClientProtocolClient (GrpcClientProtocolClient.java:onNext(255)) - client-A5BCC62C3543->912a7d3b-e3f1-4985-b06b-5f0a929b8060: receive RaftClientReply:client-A5BCC62C3543->912a7d3b-e3f1-4985-b06b-5f0a929b8060@group-3636E5E7603C, cid=890, SUCCESS, logIndex=1296, commits[912a7d3b-e3f1-4985-b06b-5f0a929b8060:c1298]
2019-07-13 08:32:20,965 INFO  client.GrpcClientProtocolClient (GrpcClientProtocolClient.java:onNext(255)) - client-A5BCC62C3543->912a7d3b-e3f1-4985-b06b-5f0a929b8060: receive RaftClientReply:client-A5BCC62C3543->912a7d3b-e3f1-4985-b06b-5f0a929b8060@group-3636E5E7603C, cid=891, SUCCESS, logIndex=1297, commits[912a7d3b-e3f1-4985-b06b-5f0a929b8060:c1299]
2019-07-13 08:32:20,965 INFO  client.GrpcClientProtocolClient (GrpcClientProtocolClient.java:onNext(255)) - client-A5BCC62C3543->912a7d3b-e3f1-4985-b06b-5f0a929b8060: receive RaftClientReply:client-A5BCC62C3543->912a7d3b-e3f1-4985-b06b-5f0a929b8060@group-3636E5E7603C, cid=892, SUCCESS, logIndex=1298, commits[912a7d3b-e3f1-4985-b06b-5f0a929b8060:c1299]
2019-07-13 08:32:20,991 INFO  client.GrpcClientProtocolClient (GrpcClientProtocolClient.java:onNext(255)) - client-A5BCC62C3543->912a7d3b-e3f1-4985-b06b-5f0a929b8060: receive RaftClientReply:client-A5BCC62C3543->912a7d3b-e3f1-4985-b06b-5f0a929b8060@group-3636E5E7603C, cid=893, SUCCESS, logIndex=1301, commits[912a7d3b-e3f1-4985-b06b-5f0a929b8060:c1302]
2019-07-13 08:32:20,992 INFO  client.GrpcClientProtocolClient (GrpcClientProtocolClient.java:onNext(255)) - client-A5BCC62C3543->912a7d3b-e3f1-4985-b06b-5f0a929b8060: receive RaftClientReply:client-A5BCC62C3543->912a7d3b-e3f1-4985-b06b-5f0a929b8060@group-3636E5E7603C, cid=894, SUCCESS, logIndex=1302, commits[912a7d3b-e3f1-4985-b06b-5f0a929b8060:c1302]
2019-07-13 08:32:20,999 INFO  client.GrpcClientProtocolClient (GrpcClientProtocolClient.java:onNext(255)) - client-A5BCC62C3543->912a7d3b-e3f1-4985-b06b-5f0a929b8060: receive RaftClientReply:client-A5BCC62C3543->912a7d3b-e3f1-4985-b06b-5f0a929b8060@group-3636E5E7603C, cid=895, SUCCESS, logIndex=1303, commits[912a7d3b-e3f1-4985-b06b-5f0a929b8060:c1304]
2019-07-13 08:32:21,000 INFO  client.GrpcClientProtocolClient (GrpcClientProtocolClient.java:onNext(255)) - client-A5BCC62C3543->912a7d3b-e3f1-4985-b06b-5f0a929b8060: receive RaftClientReply:client-A5BCC62C3543->912a7d3b-e3f1-4985-b06b-5f0a929b8060@group-3636E5E7603C, cid=896, SUCCESS, logIndex=1304, commits[912a7d3b-e3f1-4985-b06b-5f0a929b8060:c1305]
2019-07-13 08:32:21,004 DEBUG block.SCMBlockDeletingService (SCMBlockDeletingService.java:call(138)) - Running DeletedBlockTransactionScanner
2019-07-13 08:32:21,005 DEBUG block.SCMBlockDeletingService (SCMBlockDeletingService.java:call(155)) - Scanned deleted blocks log and got 0 delTX to process.
2019-07-13 08:32:21,033 INFO  client.GrpcClientProtocolClient (GrpcClientProtocolClient.java:onNext(255)) - client-A5BCC62C3543->912a7d3b-e3f1-4985-b06b-5f0a929b8060: receive RaftClientReply:client-A5BCC62C3543->912a7d3b-e3f1-4985-b06b-5f0a929b8060@group-3636E5E7603C, cid=897, SUCCESS, logIndex=1307, commits[912a7d3b-e3f1-4985-b06b-5f0a929b8060:c1310]
2019-07-13 08:32:21,034 INFO  client.GrpcClientProtocolClient (GrpcClientProtocolClient.java:onNext(255)) - client-A5BCC62C3543->912a7d3b-e3f1-4985-b06b-5f0a929b8060: receive RaftClientReply:client-A5BCC62C3543->912a7d3b-e3f1-4985-b06b-5f0a929b8060@group-3636E5E7603C, cid=898, SUCCESS, logIndex=1308, commits[912a7d3b-e3f1-4985-b06b-5f0a929b8060:c1311]
2019-07-13 08:32:21,035 INFO  client.GrpcClientProtocolClient (GrpcClientProtocolClient.java:onNext(255)) - client-A5BCC62C3543->912a7d3b-e3f1-4985-b06b-5f0a929b8060: receive RaftClientReply:client-A5BCC62C3543->912a7d3b-e3f1-4985-b06b-5f0a929b8060@group-3636E5E7603C, cid=899, SUCCESS, logIndex=1309, commits[912a7d3b-e3f1-4985-b06b-5f0a929b8060:c1312]
2019-07-13 08:32:21,035 INFO  client.GrpcClientProtocolClient (GrpcClientProtocolClient.java:onNext(255)) - client-A5BCC62C3543->912a7d3b-e3f1-4985-b06b-5f0a929b8060: receive RaftClientReply:client-A5BCC62C3543->912a7d3b-e3f1-4985-b06b-5f0a929b8060@group-3636E5E7603C, cid=900, SUCCESS, logIndex=1310, commits[912a7d3b-e3f1-4985-b06b-5f0a929b8060:c1312]
2019-07-13 08:32:21,056 INFO  client.GrpcClientProtocolClient (GrpcClientProtocolClient.java:onNext(255)) - client-A5BCC62C3543->912a7d3b-e3f1-4985-b06b-5f0a929b8060: receive RaftClientReply:client-A5BCC62C3543->912a7d3b-e3f1-4985-b06b-5f0a929b8060@group-3636E5E7603C, cid=901, SUCCESS, logIndex=1313, commits[912a7d3b-e3f1-4985-b06b-5f0a929b8060:c1316]
2019-07-13 08:32:21,057 INFO  client.GrpcClientProtocolClient (GrpcClientProtocolClient.java:onNext(255)) - client-A5BCC62C3543->912a7d3b-e3f1-4985-b06b-5f0a929b8060: receive RaftClientReply:client-A5BCC62C3543->912a7d3b-e3f1-4985-b06b-5f0a929b8060@group-3636E5E7603C, cid=902, SUCCESS, logIndex=1314, commits[912a7d3b-e3f1-4985-b06b-5f0a929b8060:c1317]
2019-07-13 08:32:21,057 INFO  client.GrpcClientProtocolClient (GrpcClientProtocolClient.java:onNext(255)) - client-A5BCC62C3543->912a7d3b-e3f1-4985-b06b-5f0a929b8060: receive RaftClientReply:client-A5BCC62C3543->912a7d3b-e3f1-4985-b06b-5f0a929b8060@group-3636E5E7603C, cid=903, SUCCESS, logIndex=1315, commits[912a7d3b-e3f1-4985-b06b-5f0a929b8060:c1318]
2019-07-13 08:32:21,058 INFO  client.GrpcClientProtocolClient (GrpcClientProtocolClient.java:onNext(255)) - client-A5BCC62C3543->912a7d3b-e3f1-4985-b06b-5f0a929b8060: receive RaftClientReply:client-A5BCC62C3543->912a7d3b-e3f1-4985-b06b-5f0a929b8060@group-3636E5E7603C, cid=904, SUCCESS, logIndex=1316, commits[912a7d3b-e3f1-4985-b06b-5f0a929b8060:c1318]
2019-07-13 08:32:21,087 INFO  client.GrpcClientProtocolClient (GrpcClientProtocolClient.java:onNext(255)) - client-A5BCC62C3543->912a7d3b-e3f1-4985-b06b-5f0a929b8060: receive RaftClientReply:client-A5BCC62C3543->912a7d3b-e3f1-4985-b06b-5f0a929b8060@group-3636E5E7603C, cid=905, SUCCESS, logIndex=1319, commits[912a7d3b-e3f1-4985-b06b-5f0a929b8060:c1320]
2019-07-13 08:32:21,088 INFO  client.GrpcClientProtocolClient (GrpcClientProtocolClient.java:onNext(255)) - client-A5BCC62C3543->912a7d3b-e3f1-4985-b06b-5f0a929b8060: receive RaftClientReply:client-A5BCC62C3543->912a7d3b-e3f1-4985-b06b-5f0a929b8060@group-3636E5E7603C, cid=906, SUCCESS, logIndex=1320, commits[912a7d3b-e3f1-4985-b06b-5f0a929b8060:c1320]
2019-07-13 08:32:21,088 INFO  client.GrpcClientProtocolClient (GrpcClientProtocolClient.java:onNext(255)) - client-A5BCC62C3543->912a7d3b-e3f1-4985-b06b-5f0a929b8060: receive RaftClientReply:client-A5BCC62C3543->912a7d3b-e3f1-4985-b06b-5f0a929b8060@group-3636E5E7603C, cid=907, SUCCESS, logIndex=1321, commits[912a7d3b-e3f1-4985-b06b-5f0a929b8060:c1322]
2019-07-13 08:32:21,089 INFO  client.GrpcClientProtocolClient (GrpcClientProtocolClient.java:onNext(255)) - client-A5BCC62C3543->912a7d3b-e3f1-4985-b06b-5f0a929b8060: receive RaftClientReply:client-A5BCC62C3543->912a7d3b-e3f1-4985-b06b-5f0a929b8060@group-3636E5E7603C, cid=908, SUCCESS, logIndex=1322, commits[912a7d3b-e3f1-4985-b06b-5f0a929b8060:c1322]
2019-07-13 08:32:21,105 DEBUG block.SCMBlockDeletingService (SCMBlockDeletingService.java:call(138)) - Running DeletedBlockTransactionScanner
2019-07-13 08:32:21,106 DEBUG block.SCMBlockDeletingService (SCMBlockDeletingService.java:call(155)) - Scanned deleted blocks log and got 0 delTX to process.
2019-07-13 08:32:21,113 INFO  client.GrpcClientProtocolClient (GrpcClientProtocolClient.java:onNext(255)) - client-A5BCC62C3543->912a7d3b-e3f1-4985-b06b-5f0a929b8060: receive RaftClientReply:client-A5BCC62C3543->912a7d3b-e3f1-4985-b06b-5f0a929b8060@group-3636E5E7603C, cid=909, SUCCESS, logIndex=1325, commits[912a7d3b-e3f1-4985-b06b-5f0a929b8060:c1328]
2019-07-13 08:32:21,114 INFO  client.GrpcClientProtocolClient (GrpcClientProtocolClient.java:onNext(255)) - client-A5BCC62C3543->912a7d3b-e3f1-4985-b06b-5f0a929b8060: receive RaftClientReply:client-A5BCC62C3543->912a7d3b-e3f1-4985-b06b-5f0a929b8060@group-3636E5E7603C, cid=910, SUCCESS, logIndex=1326, commits[912a7d3b-e3f1-4985-b06b-5f0a929b8060:c1329]
2019-07-13 08:32:21,114 INFO  client.GrpcClientProtocolClient (GrpcClientProtocolClient.java:onNext(255)) - client-A5BCC62C3543->912a7d3b-e3f1-4985-b06b-5f0a929b8060: receive RaftClientReply:client-A5BCC62C3543->912a7d3b-e3f1-4985-b06b-5f0a929b8060@group-3636E5E7603C, cid=911, SUCCESS, logIndex=1327, commits[912a7d3b-e3f1-4985-b06b-5f0a929b8060:c1329]
2019-07-13 08:32:21,114 INFO  client.GrpcClientProtocolClient (GrpcClientProtocolClient.java:onNext(255)) - client-A5BCC62C3543->912a7d3b-e3f1-4985-b06b-5f0a929b8060: receive RaftClientReply:client-A5BCC62C3543->912a7d3b-e3f1-4985-b06b-5f0a929b8060@group-3636E5E7603C, cid=912, SUCCESS, logIndex=1328, commits[912a7d3b-e3f1-4985-b06b-5f0a929b8060:c1329]
2019-07-13 08:32:21,147 INFO  client.GrpcClientProtocolClient (GrpcClientProtocolClient.java:onNext(255)) - client-A5BCC62C3543->912a7d3b-e3f1-4985-b06b-5f0a929b8060: receive RaftClientReply:client-A5BCC62C3543->912a7d3b-e3f1-4985-b06b-5f0a929b8060@group-3636E5E7603C, cid=913, SUCCESS, logIndex=1330, commits[912a7d3b-e3f1-4985-b06b-5f0a929b8060:c1333]
2019-07-13 08:32:21,148 INFO  client.GrpcClientProtocolClient (GrpcClientProtocolClient.java:onNext(255)) - client-A5BCC62C3543->912a7d3b-e3f1-4985-b06b-5f0a929b8060: receive RaftClientReply:client-A5BCC62C3543->912a7d3b-e3f1-4985-b06b-5f0a929b8060@group-3636E5E7603C, cid=914, SUCCESS, logIndex=1331, commits[912a7d3b-e3f1-4985-b06b-5f0a929b8060:c1334]
2019-07-13 08:32:21,148 INFO  client.GrpcClientProtocolClient (GrpcClientProtocolClient.java:onNext(255)) - client-A5BCC62C3543->912a7d3b-e3f1-4985-b06b-5f0a929b8060: receive RaftClientReply:client-A5BCC62C3543->912a7d3b-e3f1-4985-b06b-5f0a929b8060@group-3636E5E7603C, cid=915, SUCCESS, logIndex=1332, commits[912a7d3b-e3f1-4985-b06b-5f0a929b8060:c1334]
2019-07-13 08:32:21,149 INFO  client.GrpcClientProtocolClient (GrpcClientProtocolClient.java:onNext(255)) - client-A5BCC62C3543->912a7d3b-e3f1-4985-b06b-5f0a929b8060: receive RaftClientReply:client-A5BCC62C3543->912a7d3b-e3f1-4985-b06b-5f0a929b8060@group-3636E5E7603C, cid=916, SUCCESS, logIndex=1333, commits[912a7d3b-e3f1-4985-b06b-5f0a929b8060:c1334]
2019-07-13 08:32:21,172 INFO  client.GrpcClientProtocolClient (GrpcClientProtocolClient.java:onNext(255)) - client-A5BCC62C3543->912a7d3b-e3f1-4985-b06b-5f0a929b8060: receive RaftClientReply:client-A5BCC62C3543->912a7d3b-e3f1-4985-b06b-5f0a929b8060@group-3636E5E7603C, cid=917, SUCCESS, logIndex=1335, commits[912a7d3b-e3f1-4985-b06b-5f0a929b8060:c1338]
2019-07-13 08:32:21,173 INFO  client.GrpcClientProtocolClient (GrpcClientProtocolClient.java:onNext(255)) - client-A5BCC62C3543->912a7d3b-e3f1-4985-b06b-5f0a929b8060: receive RaftClientReply:client-A5BCC62C3543->912a7d3b-e3f1-4985-b06b-5f0a929b8060@group-3636E5E7603C, cid=918, SUCCESS, logIndex=1336, commits[912a7d3b-e3f1-4985-b06b-5f0a929b8060:c1339]
2019-07-13 08:32:21,176 INFO  client.GrpcClientProtocolClient (GrpcClientProtocolClient.java:onNext(255)) - client-A5BCC62C3543->912a7d3b-e3f1-4985-b06b-5f0a929b8060: receive RaftClientReply:client-A5BCC62C3543->912a7d3b-e3f1-4985-b06b-5f0a929b8060@group-3636E5E7603C, cid=919, SUCCESS, logIndex=1337, commits[912a7d3b-e3f1-4985-b06b-5f0a929b8060:c1339]
2019-07-13 08:32:21,176 INFO  client.GrpcClientProtocolClient (GrpcClientProtocolClient.java:onNext(255)) - client-A5BCC62C3543->912a7d3b-e3f1-4985-b06b-5f0a929b8060: receive RaftClientReply:client-A5BCC62C3543->912a7d3b-e3f1-4985-b06b-5f0a929b8060@group-3636E5E7603C, cid=920, SUCCESS, logIndex=1338, commits[912a7d3b-e3f1-4985-b06b-5f0a929b8060:c1339]
2019-07-13 08:32:21,206 DEBUG block.SCMBlockDeletingService (SCMBlockDeletingService.java:call(138)) - Running DeletedBlockTransactionScanner
2019-07-13 08:32:21,206 DEBUG block.SCMBlockDeletingService (SCMBlockDeletingService.java:call(155)) - Scanned deleted blocks log and got 0 delTX to process.
2019-07-13 08:32:21,232 INFO  client.GrpcClientProtocolClient (GrpcClientProtocolClient.java:onNext(255)) - client-A5BCC62C3543->912a7d3b-e3f1-4985-b06b-5f0a929b8060: receive RaftClientReply:client-A5BCC62C3543->912a7d3b-e3f1-4985-b06b-5f0a929b8060@group-3636E5E7603C, cid=921, SUCCESS, logIndex=1340, commits[912a7d3b-e3f1-4985-b06b-5f0a929b8060:c1343]
2019-07-13 08:32:21,233 INFO  client.GrpcClientProtocolClient (GrpcClientProtocolClient.java:onNext(255)) - client-A5BCC62C3543->912a7d3b-e3f1-4985-b06b-5f0a929b8060: receive RaftClientReply:client-A5BCC62C3543->912a7d3b-e3f1-4985-b06b-5f0a929b8060@group-3636E5E7603C, cid=922, SUCCESS, logIndex=1341, commits[912a7d3b-e3f1-4985-b06b-5f0a929b8060:c1344]
2019-07-13 08:32:21,234 INFO  client.GrpcClientProtocolClient (GrpcClientProtocolClient.java:onNext(255)) - client-A5BCC62C3543->912a7d3b-e3f1-4985-b06b-5f0a929b8060: receive RaftClientReply:client-A5BCC62C3543->912a7d3b-e3f1-4985-b06b-5f0a929b8060@group-3636E5E7603C, cid=923, SUCCESS, logIndex=1342, commits[912a7d3b-e3f1-4985-b06b-5f0a929b8060:c1344]
2019-07-13 08:32:21,234 INFO  client.GrpcClientProtocolClient (GrpcClientProtocolClient.java:onNext(255)) - client-A5BCC62C3543->912a7d3b-e3f1-4985-b06b-5f0a929b8060: receive RaftClientReply:client-A5BCC62C3543->912a7d3b-e3f1-4985-b06b-5f0a929b8060@group-3636E5E7603C, cid=924, SUCCESS, logIndex=1343, commits[912a7d3b-e3f1-4985-b06b-5f0a929b8060:c1344]
2019-07-13 08:32:21,266 INFO  client.GrpcClientProtocolClient (GrpcClientProtocolClient.java:onNext(255)) - client-A5BCC62C3543->912a7d3b-e3f1-4985-b06b-5f0a929b8060: receive RaftClientReply:client-A5BCC62C3543->912a7d3b-e3f1-4985-b06b-5f0a929b8060@group-3636E5E7603C, cid=925, SUCCESS, logIndex=1345, commits[912a7d3b-e3f1-4985-b06b-5f0a929b8060:c1348]
2019-07-13 08:32:21,266 INFO  client.GrpcClientProtocolClient (GrpcClientProtocolClient.java:onNext(255)) - client-A5BCC62C3543->912a7d3b-e3f1-4985-b06b-5f0a929b8060: receive RaftClientReply:client-A5BCC62C3543->912a7d3b-e3f1-4985-b06b-5f0a929b8060@group-3636E5E7603C, cid=926, SUCCESS, logIndex=1346, commits[912a7d3b-e3f1-4985-b06b-5f0a929b8060:c1348]
2019-07-13 08:32:21,267 INFO  client.GrpcClientProtocolClient (GrpcClientProtocolClient.java:onNext(255)) - client-A5BCC62C3543->912a7d3b-e3f1-4985-b06b-5f0a929b8060: receive RaftClientReply:client-A5BCC62C3543->912a7d3b-e3f1-4985-b06b-5f0a929b8060@group-3636E5E7603C, cid=927, SUCCESS, logIndex=1347, commits[912a7d3b-e3f1-4985-b06b-5f0a929b8060:c1348]
2019-07-13 08:32:21,267 INFO  client.GrpcClientProtocolClient (GrpcClientProtocolClient.java:onNext(255)) - client-A5BCC62C3543->912a7d3b-e3f1-4985-b06b-5f0a929b8060: receive RaftClientReply:client-A5BCC62C3543->912a7d3b-e3f1-4985-b06b-5f0a929b8060@group-3636E5E7603C, cid=928, SUCCESS, logIndex=1348, commits[912a7d3b-e3f1-4985-b06b-5f0a929b8060:c1348]
2019-07-13 08:32:21,307 DEBUG block.SCMBlockDeletingService (SCMBlockDeletingService.java:call(138)) - Running DeletedBlockTransactionScanner
2019-07-13 08:32:21,307 DEBUG block.SCMBlockDeletingService (SCMBlockDeletingService.java:call(155)) - Scanned deleted blocks log and got 0 delTX to process.
2019-07-13 08:32:21,464 DEBUG block.SCMBlockDeletingService (SCMBlockDeletingService.java:call(138)) - Running DeletedBlockTransactionScanner
2019-07-13 08:32:21,464 DEBUG block.SCMBlockDeletingService (SCMBlockDeletingService.java:call(155)) - Scanned deleted blocks log and got 0 delTX to process.
2019-07-13 08:32:21,498 INFO  client.GrpcClientProtocolClient (GrpcClientProtocolClient.java:onNext(255)) - client-A5BCC62C3543->912a7d3b-e3f1-4985-b06b-5f0a929b8060: receive RaftClientReply:client-A5BCC62C3543->912a7d3b-e3f1-4985-b06b-5f0a929b8060@group-3636E5E7603C, cid=929, SUCCESS, logIndex=1350, commits[912a7d3b-e3f1-4985-b06b-5f0a929b8060:c1353]
2019-07-13 08:32:21,499 INFO  client.GrpcClientProtocolClient (GrpcClientProtocolClient.java:onNext(255)) - client-A5BCC62C3543->912a7d3b-e3f1-4985-b06b-5f0a929b8060: receive RaftClientReply:client-A5BCC62C3543->912a7d3b-e3f1-4985-b06b-5f0a929b8060@group-3636E5E7603C, cid=930, SUCCESS, logIndex=1351, commits[912a7d3b-e3f1-4985-b06b-5f0a929b8060:c1353]
2019-07-13 08:32:21,499 INFO  client.GrpcClientProtocolClient (GrpcClientProtocolClient.java:onNext(255)) - client-A5BCC62C3543->912a7d3b-e3f1-4985-b06b-5f0a929b8060: receive RaftClientReply:client-A5BCC62C3543->912a7d3b-e3f1-4985-b06b-5f0a929b8060@group-3636E5E7603C, cid=931, SUCCESS, logIndex=1352, commits[912a7d3b-e3f1-4985-b06b-5f0a929b8060:c1353]
2019-07-13 08:32:21,499 INFO  client.GrpcClientProtocolClient (GrpcClientProtocolClient.java:onNext(255)) - client-A5BCC62C3543->912a7d3b-e3f1-4985-b06b-5f0a929b8060: receive RaftClientReply:client-A5BCC62C3543->912a7d3b-e3f1-4985-b06b-5f0a929b8060@group-3636E5E7603C, cid=932, SUCCESS, logIndex=1353, commits[912a7d3b-e3f1-4985-b06b-5f0a929b8060:c1353]
2019-07-13 08:32:21,529 INFO  client.GrpcClientProtocolClient (GrpcClientProtocolClient.java:onNext(255)) - client-A5BCC62C3543->912a7d3b-e3f1-4985-b06b-5f0a929b8060: receive RaftClientReply:client-A5BCC62C3543->912a7d3b-e3f1-4985-b06b-5f0a929b8060@group-3636E5E7603C, cid=933, SUCCESS, logIndex=1355, commits[912a7d3b-e3f1-4985-b06b-5f0a929b8060:c1358]
2019-07-13 08:32:21,529 INFO  client.GrpcClientProtocolClient (GrpcClientProtocolClient.java:onNext(255)) - client-A5BCC62C3543->912a7d3b-e3f1-4985-b06b-5f0a929b8060: receive RaftClientReply:client-A5BCC62C3543->912a7d3b-e3f1-4985-b06b-5f0a929b8060@group-3636E5E7603C, cid=934, SUCCESS, logIndex=1356, commits[912a7d3b-e3f1-4985-b06b-5f0a929b8060:c1358]
2019-07-13 08:32:21,530 INFO  client.GrpcClientProtocolClient (GrpcClientProtocolClient.java:onNext(255)) - client-A5BCC62C3543->912a7d3b-e3f1-4985-b06b-5f0a929b8060: receive RaftClientReply:client-A5BCC62C3543->912a7d3b-e3f1-4985-b06b-5f0a929b8060@group-3636E5E7603C, cid=935, SUCCESS, logIndex=1357, commits[912a7d3b-e3f1-4985-b06b-5f0a929b8060:c1358]
2019-07-13 08:32:21,530 INFO  client.GrpcClientProtocolClient (GrpcClientProtocolClient.java:onNext(255)) - client-A5BCC62C3543->912a7d3b-e3f1-4985-b06b-5f0a929b8060: receive RaftClientReply:client-A5BCC62C3543->912a7d3b-e3f1-4985-b06b-5f0a929b8060@group-3636E5E7603C, cid=936, SUCCESS, logIndex=1358, commits[912a7d3b-e3f1-4985-b06b-5f0a929b8060:c1358]
2019-07-13 08:32:21,562 INFO  client.GrpcClientProtocolClient (GrpcClientProtocolClient.java:onNext(255)) - client-A5BCC62C3543->912a7d3b-e3f1-4985-b06b-5f0a929b8060: receive RaftClientReply:client-A5BCC62C3543->912a7d3b-e3f1-4985-b06b-5f0a929b8060@group-3636E5E7603C, cid=937, SUCCESS, logIndex=1360, commits[912a7d3b-e3f1-4985-b06b-5f0a929b8060:c1361]
2019-07-13 08:32:21,562 INFO  client.GrpcClientProtocolClient (GrpcClientProtocolClient.java:onNext(255)) - client-A5BCC62C3543->912a7d3b-e3f1-4985-b06b-5f0a929b8060: receive RaftClientReply:client-A5BCC62C3543->912a7d3b-e3f1-4985-b06b-5f0a929b8060@group-3636E5E7603C, cid=938, SUCCESS, logIndex=1361, commits[912a7d3b-e3f1-4985-b06b-5f0a929b8060:c1361]
2019-07-13 08:32:21,564 INFO  client.GrpcClientProtocolClient (GrpcClientProtocolClient.java:onNext(255)) - client-A5BCC62C3543->912a7d3b-e3f1-4985-b06b-5f0a929b8060: receive RaftClientReply:client-A5BCC62C3543->912a7d3b-e3f1-4985-b06b-5f0a929b8060@group-3636E5E7603C, cid=939, SUCCESS, logIndex=1362, commits[912a7d3b-e3f1-4985-b06b-5f0a929b8060:c1363]
2019-07-13 08:32:21,564 DEBUG block.SCMBlockDeletingService (SCMBlockDeletingService.java:call(138)) - Running DeletedBlockTransactionScanner
2019-07-13 08:32:21,565 DEBUG block.SCMBlockDeletingService (SCMBlockDeletingService.java:call(155)) - Scanned deleted blocks log and got 0 delTX to process.
2019-07-13 08:32:21,565 INFO  client.GrpcClientProtocolClient (GrpcClientProtocolClient.java:onNext(255)) - client-A5BCC62C3543->912a7d3b-e3f1-4985-b06b-5f0a929b8060: receive RaftClientReply:client-A5BCC62C3543->912a7d3b-e3f1-4985-b06b-5f0a929b8060@group-3636E5E7603C, cid=940, SUCCESS, logIndex=1363, commits[912a7d3b-e3f1-4985-b06b-5f0a929b8060:c1363]
2019-07-13 08:32:21,590 INFO  client.GrpcClientProtocolClient (GrpcClientProtocolClient.java:onNext(255)) - client-A5BCC62C3543->912a7d3b-e3f1-4985-b06b-5f0a929b8060: receive RaftClientReply:client-A5BCC62C3543->912a7d3b-e3f1-4985-b06b-5f0a929b8060@group-3636E5E7603C, cid=941, SUCCESS, logIndex=1366, commits[912a7d3b-e3f1-4985-b06b-5f0a929b8060:c1367]
2019-07-13 08:32:21,591 INFO  client.GrpcClientProtocolClient (GrpcClientProtocolClient.java:onNext(255)) - client-A5BCC62C3543->912a7d3b-e3f1-4985-b06b-5f0a929b8060: receive RaftClientReply:client-A5BCC62C3543->912a7d3b-e3f1-4985-b06b-5f0a929b8060@group-3636E5E7603C, cid=942, SUCCESS, logIndex=1367, commits[912a7d3b-e3f1-4985-b06b-5f0a929b8060:c1369]
2019-07-13 08:32:21,592 INFO  client.GrpcClientProtocolClient (GrpcClientProtocolClient.java:onNext(255)) - client-A5BCC62C3543->912a7d3b-e3f1-4985-b06b-5f0a929b8060: receive RaftClientReply:client-A5BCC62C3543->912a7d3b-e3f1-4985-b06b-5f0a929b8060@group-3636E5E7603C, cid=943, SUCCESS, logIndex=1368, commits[912a7d3b-e3f1-4985-b06b-5f0a929b8060:c1369]
2019-07-13 08:32:21,592 INFO  client.GrpcClientProtocolClient (GrpcClientProtocolClient.java:onNext(255)) - client-A5BCC62C3543->912a7d3b-e3f1-4985-b06b-5f0a929b8060: receive RaftClientReply:client-A5BCC62C3543->912a7d3b-e3f1-4985-b06b-5f0a929b8060@group-3636E5E7603C, cid=944, SUCCESS, logIndex=1369, commits[912a7d3b-e3f1-4985-b06b-5f0a929b8060:c1369]
2019-07-13 08:32:21,628 INFO  client.GrpcClientProtocolClient (GrpcClientProtocolClient.java:onNext(255)) - client-A5BCC62C3543->912a7d3b-e3f1-4985-b06b-5f0a929b8060: receive RaftClientReply:client-A5BCC62C3543->912a7d3b-e3f1-4985-b06b-5f0a929b8060@group-3636E5E7603C, cid=945, SUCCESS, logIndex=1372, commits[912a7d3b-e3f1-4985-b06b-5f0a929b8060:c1375]
2019-07-13 08:32:21,629 INFO  client.GrpcClientProtocolClient (GrpcClientProtocolClient.java:onNext(255)) - client-A5BCC62C3543->912a7d3b-e3f1-4985-b06b-5f0a929b8060: receive RaftClientReply:client-A5BCC62C3543->912a7d3b-e3f1-4985-b06b-5f0a929b8060@group-3636E5E7603C, cid=946, SUCCESS, logIndex=1373, commits[912a7d3b-e3f1-4985-b06b-5f0a929b8060:c1376]
2019-07-13 08:32:21,630 INFO  client.GrpcClientProtocolClient (GrpcClientProtocolClient.java:onNext(255)) - client-A5BCC62C3543->912a7d3b-e3f1-4985-b06b-5f0a929b8060: receive RaftClientReply:client-A5BCC62C3543->912a7d3b-e3f1-4985-b06b-5f0a929b8060@group-3636E5E7603C, cid=947, SUCCESS, logIndex=1374, commits[912a7d3b-e3f1-4985-b06b-5f0a929b8060:c1377]
2019-07-13 08:32:21,630 INFO  client.GrpcClientProtocolClient (GrpcClientProtocolClient.java:onNext(255)) - client-A5BCC62C3543->912a7d3b-e3f1-4985-b06b-5f0a929b8060: receive RaftClientReply:client-A5BCC62C3543->912a7d3b-e3f1-4985-b06b-5f0a929b8060@group-3636E5E7603C, cid=948, SUCCESS, logIndex=1375, commits[912a7d3b-e3f1-4985-b06b-5f0a929b8060:c1377]
2019-07-13 08:32:21,651 INFO  client.GrpcClientProtocolClient (GrpcClientProtocolClient.java:onNext(255)) - client-A5BCC62C3543->912a7d3b-e3f1-4985-b06b-5f0a929b8060: receive RaftClientReply:client-A5BCC62C3543->912a7d3b-e3f1-4985-b06b-5f0a929b8060@group-3636E5E7603C, cid=949, SUCCESS, logIndex=1378, commits[912a7d3b-e3f1-4985-b06b-5f0a929b8060:c1379]
2019-07-13 08:32:21,652 INFO  client.GrpcClientProtocolClient (GrpcClientProtocolClient.java:onNext(255)) - client-A5BCC62C3543->912a7d3b-e3f1-4985-b06b-5f0a929b8060: receive RaftClientReply:client-A5BCC62C3543->912a7d3b-e3f1-4985-b06b-5f0a929b8060@group-3636E5E7603C, cid=950, SUCCESS, logIndex=1379, commits[912a7d3b-e3f1-4985-b06b-5f0a929b8060:c1379]
2019-07-13 08:32:21,653 INFO  client.GrpcClientProtocolClient (GrpcClientProtocolClient.java:onNext(255)) - client-A5BCC62C3543->912a7d3b-e3f1-4985-b06b-5f0a929b8060: receive RaftClientReply:client-A5BCC62C3543->912a7d3b-e3f1-4985-b06b-5f0a929b8060@group-3636E5E7603C, cid=951, SUCCESS, logIndex=1380, commits[912a7d3b-e3f1-4985-b06b-5f0a929b8060:c1381]
2019-07-13 08:32:21,654 INFO  client.GrpcClientProtocolClient (GrpcClientProtocolClient.java:onNext(255)) - client-A5BCC62C3543->912a7d3b-e3f1-4985-b06b-5f0a929b8060: receive RaftClientReply:client-A5BCC62C3543->912a7d3b-e3f1-4985-b06b-5f0a929b8060@group-3636E5E7603C, cid=952, SUCCESS, logIndex=1381, commits[912a7d3b-e3f1-4985-b06b-5f0a929b8060:c1381]
2019-07-13 08:32:21,665 DEBUG block.SCMBlockDeletingService (SCMBlockDeletingService.java:call(138)) - Running DeletedBlockTransactionScanner
2019-07-13 08:32:21,666 DEBUG block.SCMBlockDeletingService (SCMBlockDeletingService.java:call(155)) - Scanned deleted blocks log and got 0 delTX to process.
2019-07-13 08:32:21,685 INFO  client.GrpcClientProtocolClient (GrpcClientProtocolClient.java:onNext(255)) - client-A5BCC62C3543->912a7d3b-e3f1-4985-b06b-5f0a929b8060: receive RaftClientReply:client-A5BCC62C3543->912a7d3b-e3f1-4985-b06b-5f0a929b8060@group-3636E5E7603C, cid=953, SUCCESS, logIndex=1384, commits[912a7d3b-e3f1-4985-b06b-5f0a929b8060:c1387]
2019-07-13 08:32:21,686 INFO  client.GrpcClientProtocolClient (GrpcClientProtocolClient.java:onNext(255)) - client-A5BCC62C3543->912a7d3b-e3f1-4985-b06b-5f0a929b8060: receive RaftClientReply:client-A5BCC62C3543->912a7d3b-e3f1-4985-b06b-5f0a929b8060@group-3636E5E7603C, cid=954, SUCCESS, logIndex=1385, commits[912a7d3b-e3f1-4985-b06b-5f0a929b8060:c1388]
2019-07-13 08:32:21,687 INFO  client.GrpcClientProtocolClient (GrpcClientProtocolClient.java:onNext(255)) - client-A5BCC62C3543->912a7d3b-e3f1-4985-b06b-5f0a929b8060: receive RaftClientReply:client-A5BCC62C3543->912a7d3b-e3f1-4985-b06b-5f0a929b8060@group-3636E5E7603C, cid=955, SUCCESS, logIndex=1386, commits[912a7d3b-e3f1-4985-b06b-5f0a929b8060:c1388]
2019-07-13 08:32:21,687 INFO  client.GrpcClientProtocolClient (GrpcClientProtocolClient.java:onNext(255)) - client-A5BCC62C3543->912a7d3b-e3f1-4985-b06b-5f0a929b8060: receive RaftClientReply:client-A5BCC62C3543->912a7d3b-e3f1-4985-b06b-5f0a929b8060@group-3636E5E7603C, cid=956, SUCCESS, logIndex=1387, commits[912a7d3b-e3f1-4985-b06b-5f0a929b8060:c1388]
2019-07-13 08:32:21,708 INFO  client.GrpcClientProtocolClient (GrpcClientProtocolClient.java:onNext(255)) - client-A5BCC62C3543->912a7d3b-e3f1-4985-b06b-5f0a929b8060: receive RaftClientReply:client-A5BCC62C3543->912a7d3b-e3f1-4985-b06b-5f0a929b8060@group-3636E5E7603C, cid=957, SUCCESS, logIndex=1389, commits[912a7d3b-e3f1-4985-b06b-5f0a929b8060:c1392]
2019-07-13 08:32:21,709 INFO  client.GrpcClientProtocolClient (GrpcClientProtocolClient.java:onNext(255)) - client-A5BCC62C3543->912a7d3b-e3f1-4985-b06b-5f0a929b8060: receive RaftClientReply:client-A5BCC62C3543->912a7d3b-e3f1-4985-b06b-5f0a929b8060@group-3636E5E7603C, cid=958, SUCCESS, logIndex=1390, commits[912a7d3b-e3f1-4985-b06b-5f0a929b8060:c1393]
2019-07-13 08:32:21,709 INFO  client.GrpcClientProtocolClient (GrpcClientProtocolClient.java:onNext(255)) - client-A5BCC62C3543->912a7d3b-e3f1-4985-b06b-5f0a929b8060: receive RaftClientReply:client-A5BCC62C3543->912a7d3b-e3f1-4985-b06b-5f0a929b8060@group-3636E5E7603C, cid=959, SUCCESS, logIndex=1391, commits[912a7d3b-e3f1-4985-b06b-5f0a929b8060:c1393]
2019-07-13 08:32:21,709 INFO  client.GrpcClientProtocolClient (GrpcClientProtocolClient.java:onNext(255)) - client-A5BCC62C3543->912a7d3b-e3f1-4985-b06b-5f0a929b8060: receive RaftClientReply:client-A5BCC62C3543->912a7d3b-e3f1-4985-b06b-5f0a929b8060@group-3636E5E7603C, cid=960, SUCCESS, logIndex=1392, commits[912a7d3b-e3f1-4985-b06b-5f0a929b8060:c1394]
2019-07-13 08:32:21,738 INFO  client.GrpcClientProtocolClient (GrpcClientProtocolClient.java:onNext(255)) - client-A5BCC62C3543->912a7d3b-e3f1-4985-b06b-5f0a929b8060: receive RaftClientReply:client-A5BCC62C3543->912a7d3b-e3f1-4985-b06b-5f0a929b8060@group-3636E5E7603C, cid=961, SUCCESS, logIndex=1395, commits[912a7d3b-e3f1-4985-b06b-5f0a929b8060:c1396]
2019-07-13 08:32:21,739 INFO  client.GrpcClientProtocolClient (GrpcClientProtocolClient.java:onNext(255)) - client-A5BCC62C3543->912a7d3b-e3f1-4985-b06b-5f0a929b8060: receive RaftClientReply:client-A5BCC62C3543->912a7d3b-e3f1-4985-b06b-5f0a929b8060@group-3636E5E7603C, cid=962, SUCCESS, logIndex=1396, commits[912a7d3b-e3f1-4985-b06b-5f0a929b8060:c1398]
2019-07-13 08:32:21,740 INFO  client.GrpcClientProtocolClient (GrpcClientProtocolClient.java:onNext(255)) - client-A5BCC62C3543->912a7d3b-e3f1-4985-b06b-5f0a929b8060: receive RaftClientReply:client-A5BCC62C3543->912a7d3b-e3f1-4985-b06b-5f0a929b8060@group-3636E5E7603C, cid=963, SUCCESS, logIndex=1397, commits[912a7d3b-e3f1-4985-b06b-5f0a929b8060:c1399]
2019-07-13 08:32:21,740 INFO  client.GrpcClientProtocolClient (GrpcClientProtocolClient.java:onNext(255)) - client-A5BCC62C3543->912a7d3b-e3f1-4985-b06b-5f0a929b8060: receive RaftClientReply:client-A5BCC62C3543->912a7d3b-e3f1-4985-b06b-5f0a929b8060@group-3636E5E7603C, cid=964, SUCCESS, logIndex=1398, commits[912a7d3b-e3f1-4985-b06b-5f0a929b8060:c1400]
2019-07-13 08:32:21,762 INFO  client.GrpcClientProtocolClient (GrpcClientProtocolClient.java:onNext(255)) - client-A5BCC62C3543->912a7d3b-e3f1-4985-b06b-5f0a929b8060: receive RaftClientReply:client-A5BCC62C3543->912a7d3b-e3f1-4985-b06b-5f0a929b8060@group-3636E5E7603C, cid=965, SUCCESS, logIndex=1401, commits[912a7d3b-e3f1-4985-b06b-5f0a929b8060:c1404]
2019-07-13 08:32:21,763 INFO  client.GrpcClientProtocolClient (GrpcClientProtocolClient.java:onNext(255)) - client-A5BCC62C3543->912a7d3b-e3f1-4985-b06b-5f0a929b8060: receive RaftClientReply:client-A5BCC62C3543->912a7d3b-e3f1-4985-b06b-5f0a929b8060@group-3636E5E7603C, cid=966, SUCCESS, logIndex=1402, commits[912a7d3b-e3f1-4985-b06b-5f0a929b8060:c1405]
2019-07-13 08:32:21,763 INFO  client.GrpcClientProtocolClient (GrpcClientProtocolClient.java:onNext(255)) - client-A5BCC62C3543->912a7d3b-e3f1-4985-b06b-5f0a929b8060: receive RaftClientReply:client-A5BCC62C3543->912a7d3b-e3f1-4985-b06b-5f0a929b8060@group-3636E5E7603C, cid=967, SUCCESS, logIndex=1403, commits[912a7d3b-e3f1-4985-b06b-5f0a929b8060:c1405]
2019-07-13 08:32:21,764 INFO  client.GrpcClientProtocolClient (GrpcClientProtocolClient.java:onNext(255)) - client-A5BCC62C3543->912a7d3b-e3f1-4985-b06b-5f0a929b8060: receive RaftClientReply:client-A5BCC62C3543->912a7d3b-e3f1-4985-b06b-5f0a929b8060@group-3636E5E7603C, cid=968, SUCCESS, logIndex=1404, commits[912a7d3b-e3f1-4985-b06b-5f0a929b8060:c1405]
2019-07-13 08:32:21,766 DEBUG block.SCMBlockDeletingService (SCMBlockDeletingService.java:call(138)) - Running DeletedBlockTransactionScanner
2019-07-13 08:32:21,766 DEBUG block.SCMBlockDeletingService (SCMBlockDeletingService.java:call(155)) - Scanned deleted blocks log and got 0 delTX to process.
2019-07-13 08:32:21,796 INFO  client.GrpcClientProtocolClient (GrpcClientProtocolClient.java:onNext(255)) - client-A5BCC62C3543->912a7d3b-e3f1-4985-b06b-5f0a929b8060: receive RaftClientReply:client-A5BCC62C3543->912a7d3b-e3f1-4985-b06b-5f0a929b8060@group-3636E5E7603C, cid=969, SUCCESS, logIndex=1406, commits[912a7d3b-e3f1-4985-b06b-5f0a929b8060:c1409]
2019-07-13 08:32:21,797 INFO  client.GrpcClientProtocolClient (GrpcClientProtocolClient.java:onNext(255)) - client-A5BCC62C3543->912a7d3b-e3f1-4985-b06b-5f0a929b8060: receive RaftClientReply:client-A5BCC62C3543->912a7d3b-e3f1-4985-b06b-5f0a929b8060@group-3636E5E7603C, cid=970, SUCCESS, logIndex=1407, commits[912a7d3b-e3f1-4985-b06b-5f0a929b8060:c1410]
2019-07-13 08:32:21,797 INFO  client.GrpcClientProtocolClient (GrpcClientProtocolClient.java:onNext(255)) - client-A5BCC62C3543->912a7d3b-e3f1-4985-b06b-5f0a929b8060: receive RaftClientReply:client-A5BCC62C3543->912a7d3b-e3f1-4985-b06b-5f0a929b8060@group-3636E5E7603C, cid=971, SUCCESS, logIndex=1408, commits[912a7d3b-e3f1-4985-b06b-5f0a929b8060:c1410]
2019-07-13 08:32:21,797 INFO  client.GrpcClientProtocolClient (GrpcClientProtocolClient.java:onNext(255)) - client-A5BCC62C3543->912a7d3b-e3f1-4985-b06b-5f0a929b8060: receive RaftClientReply:client-A5BCC62C3543->912a7d3b-e3f1-4985-b06b-5f0a929b8060@group-3636E5E7603C, cid=972, SUCCESS, logIndex=1409, commits[912a7d3b-e3f1-4985-b06b-5f0a929b8060:c1410]
2019-07-13 08:32:21,867 DEBUG block.SCMBlockDeletingService (SCMBlockDeletingService.java:call(138)) - Running DeletedBlockTransactionScanner
2019-07-13 08:32:21,867 DEBUG block.SCMBlockDeletingService (SCMBlockDeletingService.java:call(155)) - Scanned deleted blocks log and got 0 delTX to process.
2019-07-13 08:32:21,915 INFO  client.GrpcClientProtocolClient (GrpcClientProtocolClient.java:onNext(255)) - client-A5BCC62C3543->912a7d3b-e3f1-4985-b06b-5f0a929b8060: receive RaftClientReply:client-A5BCC62C3543->912a7d3b-e3f1-4985-b06b-5f0a929b8060@group-3636E5E7603C, cid=973, SUCCESS, logIndex=1411, commits[912a7d3b-e3f1-4985-b06b-5f0a929b8060:c1414]
2019-07-13 08:32:21,916 INFO  client.GrpcClientProtocolClient (GrpcClientProtocolClient.java:onNext(255)) - client-A5BCC62C3543->912a7d3b-e3f1-4985-b06b-5f0a929b8060: receive RaftClientReply:client-A5BCC62C3543->912a7d3b-e3f1-4985-b06b-5f0a929b8060@group-3636E5E7603C, cid=974, SUCCESS, logIndex=1412, commits[912a7d3b-e3f1-4985-b06b-5f0a929b8060:c1414]
2019-07-13 08:32:21,916 INFO  client.GrpcClientProtocolClient (GrpcClientProtocolClient.java:onNext(255)) - client-A5BCC62C3543->912a7d3b-e3f1-4985-b06b-5f0a929b8060: receive RaftClientReply:client-A5BCC62C3543->912a7d3b-e3f1-4985-b06b-5f0a929b8060@group-3636E5E7603C, cid=975, SUCCESS, logIndex=1413, commits[912a7d3b-e3f1-4985-b06b-5f0a929b8060:c1414]
2019-07-13 08:32:21,917 INFO  client.GrpcClientProtocolClient (GrpcClientProtocolClient.java:onNext(255)) - client-A5BCC62C3543->912a7d3b-e3f1-4985-b06b-5f0a929b8060: receive RaftClientReply:client-A5BCC62C3543->912a7d3b-e3f1-4985-b06b-5f0a929b8060@group-3636E5E7603C, cid=976, SUCCESS, logIndex=1414, commits[912a7d3b-e3f1-4985-b06b-5f0a929b8060:c1414]
2019-07-13 08:32:21,949 INFO  client.GrpcClientProtocolClient (GrpcClientProtocolClient.java:onNext(255)) - client-A5BCC62C3543->912a7d3b-e3f1-4985-b06b-5f0a929b8060: receive RaftClientReply:client-A5BCC62C3543->912a7d3b-e3f1-4985-b06b-5f0a929b8060@group-3636E5E7603C, cid=977, SUCCESS, logIndex=1416, commits[912a7d3b-e3f1-4985-b06b-5f0a929b8060:c1419]
2019-07-13 08:32:21,950 INFO  client.GrpcClientProtocolClient (GrpcClientProtocolClient.java:onNext(255)) - client-A5BCC62C3543->912a7d3b-e3f1-4985-b06b-5f0a929b8060: receive RaftClientReply:client-A5BCC62C3543->912a7d3b-e3f1-4985-b06b-5f0a929b8060@group-3636E5E7603C, cid=978, SUCCESS, logIndex=1417, commits[912a7d3b-e3f1-4985-b06b-5f0a929b8060:c1420]
2019-07-13 08:32:21,951 INFO  client.GrpcClientProtocolClient (GrpcClientProtocolClient.java:onNext(255)) - client-A5BCC62C3543->912a7d3b-e3f1-4985-b06b-5f0a929b8060: receive RaftClientReply:client-A5BCC62C3543->912a7d3b-e3f1-4985-b06b-5f0a929b8060@group-3636E5E7603C, cid=979, SUCCESS, logIndex=1418, commits[912a7d3b-e3f1-4985-b06b-5f0a929b8060:c1420]
2019-07-13 08:32:21,951 INFO  client.GrpcClientProtocolClient (GrpcClientProtocolClient.java:onNext(255)) - client-A5BCC62C3543->912a7d3b-e3f1-4985-b06b-5f0a929b8060: receive RaftClientReply:client-A5BCC62C3543->912a7d3b-e3f1-4985-b06b-5f0a929b8060@group-3636E5E7603C, cid=980, SUCCESS, logIndex=1419, commits[912a7d3b-e3f1-4985-b06b-5f0a929b8060:c1420]
2019-07-13 08:32:21,967 DEBUG block.SCMBlockDeletingService (SCMBlockDeletingService.java:call(138)) - Running DeletedBlockTransactionScanner
2019-07-13 08:32:21,968 DEBUG block.SCMBlockDeletingService (SCMBlockDeletingService.java:call(155)) - Scanned deleted blocks log and got 0 delTX to process.
2019-07-13 08:32:21,973 INFO  client.GrpcClientProtocolClient (GrpcClientProtocolClient.java:onNext(255)) - client-A5BCC62C3543->912a7d3b-e3f1-4985-b06b-5f0a929b8060: receive RaftClientReply:client-A5BCC62C3543->912a7d3b-e3f1-4985-b06b-5f0a929b8060@group-3636E5E7603C, cid=981, SUCCESS, logIndex=1421, commits[912a7d3b-e3f1-4985-b06b-5f0a929b8060:c1422]
2019-07-13 08:32:21,973 INFO  client.GrpcClientProtocolClient (GrpcClientProtocolClient.java:onNext(255)) - client-A5BCC62C3543->912a7d3b-e3f1-4985-b06b-5f0a929b8060: receive RaftClientReply:client-A5BCC62C3543->912a7d3b-e3f1-4985-b06b-5f0a929b8060@group-3636E5E7603C, cid=982, SUCCESS, logIndex=1422, commits[912a7d3b-e3f1-4985-b06b-5f0a929b8060:c1422]
2019-07-13 08:32:21,975 INFO  client.GrpcClientProtocolClient (GrpcClientProtocolClient.java:onNext(255)) - client-A5BCC62C3543->912a7d3b-e3f1-4985-b06b-5f0a929b8060: receive RaftClientReply:client-A5BCC62C3543->912a7d3b-e3f1-4985-b06b-5f0a929b8060@group-3636E5E7603C, cid=983, SUCCESS, logIndex=1423, commits[912a7d3b-e3f1-4985-b06b-5f0a929b8060:c1424]
2019-07-13 08:32:21,976 INFO  client.GrpcClientProtocolClient (GrpcClientProtocolClient.java:onNext(255)) - client-A5BCC62C3543->912a7d3b-e3f1-4985-b06b-5f0a929b8060: receive RaftClientReply:client-A5BCC62C3543->912a7d3b-e3f1-4985-b06b-5f0a929b8060@group-3636E5E7603C, cid=984, SUCCESS, logIndex=1424, commits[912a7d3b-e3f1-4985-b06b-5f0a929b8060:c1424]
2019-07-13 08:32:22,006 INFO  client.GrpcClientProtocolClient (GrpcClientProtocolClient.java:onNext(255)) - client-A5BCC62C3543->912a7d3b-e3f1-4985-b06b-5f0a929b8060: receive RaftClientReply:client-A5BCC62C3543->912a7d3b-e3f1-4985-b06b-5f0a929b8060@group-3636E5E7603C, cid=985, SUCCESS, logIndex=1427, commits[912a7d3b-e3f1-4985-b06b-5f0a929b8060:c1430]
2019-07-13 08:32:22,006 INFO  client.GrpcClientProtocolClient (GrpcClientProtocolClient.java:onNext(255)) - client-A5BCC62C3543->912a7d3b-e3f1-4985-b06b-5f0a929b8060: receive RaftClientReply:client-A5BCC62C3543->912a7d3b-e3f1-4985-b06b-5f0a929b8060@group-3636E5E7603C, cid=986, SUCCESS, logIndex=1428, commits[912a7d3b-e3f1-4985-b06b-5f0a929b8060:c1431]
2019-07-13 08:32:22,007 INFO  client.GrpcClientProtocolClient (GrpcClientProtocolClient.java:onNext(255)) - client-A5BCC62C3543->912a7d3b-e3f1-4985-b06b-5f0a929b8060: receive RaftClientReply:client-A5BCC62C3543->912a7d3b-e3f1-4985-b06b-5f0a929b8060@group-3636E5E7603C, cid=987, SUCCESS, logIndex=1429, commits[912a7d3b-e3f1-4985-b06b-5f0a929b8060:c1431]
2019-07-13 08:32:22,007 INFO  client.GrpcClientProtocolClient (GrpcClientProtocolClient.java:onNext(255)) - client-A5BCC62C3543->912a7d3b-e3f1-4985-b06b-5f0a929b8060: receive RaftClientReply:client-A5BCC62C3543->912a7d3b-e3f1-4985-b06b-5f0a929b8060@group-3636E5E7603C, cid=988, SUCCESS, logIndex=1430, commits[912a7d3b-e3f1-4985-b06b-5f0a929b8060:c1431]
2019-07-13 08:32:22,027 INFO  client.GrpcClientProtocolClient (GrpcClientProtocolClient.java:onNext(255)) - client-A5BCC62C3543->912a7d3b-e3f1-4985-b06b-5f0a929b8060: receive RaftClientReply:client-A5BCC62C3543->912a7d3b-e3f1-4985-b06b-5f0a929b8060@group-3636E5E7603C, cid=989, SUCCESS, logIndex=1432, commits[912a7d3b-e3f1-4985-b06b-5f0a929b8060:c1435]
2019-07-13 08:32:22,028 INFO  client.GrpcClientProtocolClient (GrpcClientProtocolClient.java:onNext(255)) - client-A5BCC62C3543->912a7d3b-e3f1-4985-b06b-5f0a929b8060: receive RaftClientReply:client-A5BCC62C3543->912a7d3b-e3f1-4985-b06b-5f0a929b8060@group-3636E5E7603C, cid=990, SUCCESS, logIndex=1433, commits[912a7d3b-e3f1-4985-b06b-5f0a929b8060:c1436]
2019-07-13 08:32:22,028 INFO  client.GrpcClientProtocolClient (GrpcClientProtocolClient.java:onNext(255)) - client-A5BCC62C3543->912a7d3b-e3f1-4985-b06b-5f0a929b8060: receive RaftClientReply:client-A5BCC62C3543->912a7d3b-e3f1-4985-b06b-5f0a929b8060@group-3636E5E7603C, cid=991, SUCCESS, logIndex=1434, commits[912a7d3b-e3f1-4985-b06b-5f0a929b8060:c1436]
2019-07-13 08:32:22,029 INFO  client.GrpcClientProtocolClient (GrpcClientProtocolClient.java:onNext(255)) - client-A5BCC62C3543->912a7d3b-e3f1-4985-b06b-5f0a929b8060: receive RaftClientReply:client-A5BCC62C3543->912a7d3b-e3f1-4985-b06b-5f0a929b8060@group-3636E5E7603C, cid=992, SUCCESS, logIndex=1435, commits[912a7d3b-e3f1-4985-b06b-5f0a929b8060:c1437]
2019-07-13 08:32:22,057 INFO  client.GrpcClientProtocolClient (GrpcClientProtocolClient.java:onNext(255)) - client-A5BCC62C3543->912a7d3b-e3f1-4985-b06b-5f0a929b8060: receive RaftClientReply:client-A5BCC62C3543->912a7d3b-e3f1-4985-b06b-5f0a929b8060@group-3636E5E7603C, cid=993, SUCCESS, logIndex=1438, commits[912a7d3b-e3f1-4985-b06b-5f0a929b8060:c1439]
2019-07-13 08:32:22,058 INFO  client.GrpcClientProtocolClient (GrpcClientProtocolClient.java:onNext(255)) - client-A5BCC62C3543->912a7d3b-e3f1-4985-b06b-5f0a929b8060: receive RaftClientReply:client-A5BCC62C3543->912a7d3b-e3f1-4985-b06b-5f0a929b8060@group-3636E5E7603C, cid=994, SUCCESS, logIndex=1439, commits[912a7d3b-e3f1-4985-b06b-5f0a929b8060:c1441]
2019-07-13 08:32:22,058 INFO  client.GrpcClientProtocolClient (GrpcClientProtocolClient.java:onNext(255)) - client-A5BCC62C3543->912a7d3b-e3f1-4985-b06b-5f0a929b8060: receive RaftClientReply:client-A5BCC62C3543->912a7d3b-e3f1-4985-b06b-5f0a929b8060@group-3636E5E7603C, cid=995, SUCCESS, logIndex=1440, commits[912a7d3b-e3f1-4985-b06b-5f0a929b8060:c1441]
2019-07-13 08:32:22,059 INFO  client.GrpcClientProtocolClient (GrpcClientProtocolClient.java:onNext(255)) - client-A5BCC62C3543->912a7d3b-e3f1-4985-b06b-5f0a929b8060: receive RaftClientReply:client-A5BCC62C3543->912a7d3b-e3f1-4985-b06b-5f0a929b8060@group-3636E5E7603C, cid=996, SUCCESS, logIndex=1441, commits[912a7d3b-e3f1-4985-b06b-5f0a929b8060:c1442]
2019-07-13 08:32:22,068 DEBUG block.SCMBlockDeletingService (SCMBlockDeletingService.java:call(138)) - Running DeletedBlockTransactionScanner
2019-07-13 08:32:22,069 DEBUG block.SCMBlockDeletingService (SCMBlockDeletingService.java:call(155)) - Scanned deleted blocks log and got 0 delTX to process.
2019-07-13 08:32:22,080 INFO  client.GrpcClientProtocolClient (GrpcClientProtocolClient.java:onNext(255)) - client-A5BCC62C3543->912a7d3b-e3f1-4985-b06b-5f0a929b8060: receive RaftClientReply:client-A5BCC62C3543->912a7d3b-e3f1-4985-b06b-5f0a929b8060@group-3636E5E7603C, cid=997, SUCCESS, logIndex=1444, commits[912a7d3b-e3f1-4985-b06b-5f0a929b8060:c1447]
2019-07-13 08:32:22,081 INFO  client.GrpcClientProtocolClient (GrpcClientProtocolClient.java:onNext(255)) - client-A5BCC62C3543->912a7d3b-e3f1-4985-b06b-5f0a929b8060: receive RaftClientReply:client-A5BCC62C3543->912a7d3b-e3f1-4985-b06b-5f0a929b8060@group-3636E5E7603C, cid=998, SUCCESS, logIndex=1445, commits[912a7d3b-e3f1-4985-b06b-5f0a929b8060:c1447]
2019-07-13 08:32:22,081 INFO  client.GrpcClientProtocolClient (GrpcClientProtocolClient.java:onNext(255)) - client-A5BCC62C3543->912a7d3b-e3f1-4985-b06b-5f0a929b8060: receive RaftClientReply:client-A5BCC62C3543->912a7d3b-e3f1-4985-b06b-5f0a929b8060@group-3636E5E7603C, cid=999, SUCCESS, logIndex=1446, commits[912a7d3b-e3f1-4985-b06b-5f0a929b8060:c1447]
2019-07-13 08:32:22,081 INFO  client.GrpcClientProtocolClient (GrpcClientProtocolClient.java:onNext(255)) - client-A5BCC62C3543->912a7d3b-e3f1-4985-b06b-5f0a929b8060: receive RaftClientReply:client-A5BCC62C3543->912a7d3b-e3f1-4985-b06b-5f0a929b8060@group-3636E5E7603C, cid=1000, SUCCESS, logIndex=1447, commits[912a7d3b-e3f1-4985-b06b-5f0a929b8060:c1447]
2019-07-13 08:32:22,110 INFO  client.GrpcClientProtocolClient (GrpcClientProtocolClient.java:onNext(255)) - client-A5BCC62C3543->912a7d3b-e3f1-4985-b06b-5f0a929b8060: receive RaftClientReply:client-A5BCC62C3543->912a7d3b-e3f1-4985-b06b-5f0a929b8060@group-3636E5E7603C, cid=1001, SUCCESS, logIndex=1449, commits[912a7d3b-e3f1-4985-b06b-5f0a929b8060:c1450]
2019-07-13 08:32:22,110 INFO  client.GrpcClientProtocolClient (GrpcClientProtocolClient.java:onNext(255)) - client-A5BCC62C3543->912a7d3b-e3f1-4985-b06b-5f0a929b8060: receive RaftClientReply:client-A5BCC62C3543->912a7d3b-e3f1-4985-b06b-5f0a929b8060@group-3636E5E7603C, cid=1002, SUCCESS, logIndex=1450, commits[912a7d3b-e3f1-4985-b06b-5f0a929b8060:c1452]
2019-07-13 08:32:22,111 INFO  client.GrpcClientProtocolClient (GrpcClientProtocolClient.java:onNext(255)) - client-A5BCC62C3543->912a7d3b-e3f1-4985-b06b-5f0a929b8060: receive RaftClientReply:client-A5BCC62C3543->912a7d3b-e3f1-4985-b06b-5f0a929b8060@group-3636E5E7603C, cid=1003, SUCCESS, logIndex=1451, commits[912a7d3b-e3f1-4985-b06b-5f0a929b8060:c1453]
2019-07-13 08:32:22,111 INFO  client.GrpcClientProtocolClient (GrpcClientProtocolClient.java:onNext(255)) - client-A5BCC62C3543->912a7d3b-e3f1-4985-b06b-5f0a929b8060: receive RaftClientReply:client-A5BCC62C3543->912a7d3b-e3f1-4985-b06b-5f0a929b8060@group-3636E5E7603C, cid=1004, SUCCESS, logIndex=1452, commits[912a7d3b-e3f1-4985-b06b-5f0a929b8060:c1454]
2019-07-13 08:32:22,187 DEBUG block.SCMBlockDeletingService (SCMBlockDeletingService.java:call(138)) - Running DeletedBlockTransactionScanner
2019-07-13 08:32:22,187 DEBUG block.SCMBlockDeletingService (SCMBlockDeletingService.java:call(155)) - Scanned deleted blocks log and got 0 delTX to process.
2019-07-13 08:32:22,204 INFO  client.GrpcClientProtocolClient (GrpcClientProtocolClient.java:onNext(255)) - client-A5BCC62C3543->912a7d3b-e3f1-4985-b06b-5f0a929b8060: receive RaftClientReply:client-A5BCC62C3543->912a7d3b-e3f1-4985-b06b-5f0a929b8060@group-3636E5E7603C, cid=1005, SUCCESS, logIndex=1455, commits[912a7d3b-e3f1-4985-b06b-5f0a929b8060:c1456]
2019-07-13 08:32:22,205 INFO  client.GrpcClientProtocolClient (GrpcClientProtocolClient.java:onNext(255)) - client-A5BCC62C3543->912a7d3b-e3f1-4985-b06b-5f0a929b8060: receive RaftClientReply:client-A5BCC62C3543->912a7d3b-e3f1-4985-b06b-5f0a929b8060@group-3636E5E7603C, cid=1006, SUCCESS, logIndex=1456, commits[912a7d3b-e3f1-4985-b06b-5f0a929b8060:c1459]
2019-07-13 08:32:22,205 INFO  client.GrpcClientProtocolClient (GrpcClientProtocolClient.java:onNext(255)) - client-A5BCC62C3543->912a7d3b-e3f1-4985-b06b-5f0a929b8060: receive RaftClientReply:client-A5BCC62C3543->912a7d3b-e3f1-4985-b06b-5f0a929b8060@group-3636E5E7603C, cid=1007, SUCCESS, logIndex=1457, commits[912a7d3b-e3f1-4985-b06b-5f0a929b8060:c1459]
2019-07-13 08:32:22,205 INFO  client.GrpcClientProtocolClient (GrpcClientProtocolClient.java:onNext(255)) - client-A5BCC62C3543->912a7d3b-e3f1-4985-b06b-5f0a929b8060: receive RaftClientReply:client-A5BCC62C3543->912a7d3b-e3f1-4985-b06b-5f0a929b8060@group-3636E5E7603C, cid=1008, SUCCESS, logIndex=1458, commits[912a7d3b-e3f1-4985-b06b-5f0a929b8060:c1460]
2019-07-13 08:32:22,235 INFO  client.GrpcClientProtocolClient (GrpcClientProtocolClient.java:onNext(255)) - client-A5BCC62C3543->912a7d3b-e3f1-4985-b06b-5f0a929b8060: receive RaftClientReply:client-A5BCC62C3543->912a7d3b-e3f1-4985-b06b-5f0a929b8060@group-3636E5E7603C, cid=1009, SUCCESS, logIndex=1461, commits[912a7d3b-e3f1-4985-b06b-5f0a929b8060:c1464]
2019-07-13 08:32:22,236 INFO  client.GrpcClientProtocolClient (GrpcClientProtocolClient.java:onNext(255)) - client-A5BCC62C3543->912a7d3b-e3f1-4985-b06b-5f0a929b8060: receive RaftClientReply:client-A5BCC62C3543->912a7d3b-e3f1-4985-b06b-5f0a929b8060@group-3636E5E7603C, cid=1010, SUCCESS, logIndex=1462, commits[912a7d3b-e3f1-4985-b06b-5f0a929b8060:c1465]
2019-07-13 08:32:22,236 INFO  client.GrpcClientProtocolClient (GrpcClientProtocolClient.java:onNext(255)) - client-A5BCC62C3543->912a7d3b-e3f1-4985-b06b-5f0a929b8060: receive RaftClientReply:client-A5BCC62C3543->912a7d3b-e3f1-4985-b06b-5f0a929b8060@group-3636E5E7603C, cid=1011, SUCCESS, logIndex=1463, commits[912a7d3b-e3f1-4985-b06b-5f0a929b8060:c1465]
2019-07-13 08:32:22,236 INFO  client.GrpcClientProtocolClient (GrpcClientProtocolClient.java:onNext(255)) - client-A5BCC62C3543->912a7d3b-e3f1-4985-b06b-5f0a929b8060: receive RaftClientReply:client-A5BCC62C3543->912a7d3b-e3f1-4985-b06b-5f0a929b8060@group-3636E5E7603C, cid=1012, SUCCESS, logIndex=1464, commits[912a7d3b-e3f1-4985-b06b-5f0a929b8060:c1465]
2019-07-13 08:32:22,258 INFO  client.GrpcClientProtocolClient (GrpcClientProtocolClient.java:onNext(255)) - client-A5BCC62C3543->912a7d3b-e3f1-4985-b06b-5f0a929b8060: receive RaftClientReply:client-A5BCC62C3543->912a7d3b-e3f1-4985-b06b-5f0a929b8060@group-3636E5E7603C, cid=1013, SUCCESS, logIndex=1466, commits[912a7d3b-e3f1-4985-b06b-5f0a929b8060:c1467]
2019-07-13 08:32:22,258 INFO  client.GrpcClientProtocolClient (GrpcClientProtocolClient.java:onNext(255)) - client-A5BCC62C3543->912a7d3b-e3f1-4985-b06b-5f0a929b8060: receive RaftClientReply:client-A5BCC62C3543->912a7d3b-e3f1-4985-b06b-5f0a929b8060@group-3636E5E7603C, cid=1014, SUCCESS, logIndex=1467, commits[912a7d3b-e3f1-4985-b06b-5f0a929b8060:c1467]
2019-07-13 08:32:22,272 INFO  client.GrpcClientProtocolClient (GrpcClientProtocolClient.java:onNext(255)) - client-A5BCC62C3543->912a7d3b-e3f1-4985-b06b-5f0a929b8060: receive RaftClientReply:client-A5BCC62C3543->912a7d3b-e3f1-4985-b06b-5f0a929b8060@group-3636E5E7603C, cid=1015, SUCCESS, logIndex=1468, commits[912a7d3b-e3f1-4985-b06b-5f0a929b8060:c1469]
2019-07-13 08:32:22,273 INFO  client.GrpcClientProtocolClient (GrpcClientProtocolClient.java:onNext(255)) - client-A5BCC62C3543->912a7d3b-e3f1-4985-b06b-5f0a929b8060: receive RaftClientReply:client-A5BCC62C3543->912a7d3b-e3f1-4985-b06b-5f0a929b8060@group-3636E5E7603C, cid=1016, SUCCESS, logIndex=1469, commits[912a7d3b-e3f1-4985-b06b-5f0a929b8060:c1470]
2019-07-13 08:32:22,288 DEBUG block.SCMBlockDeletingService (SCMBlockDeletingService.java:call(138)) - Running DeletedBlockTransactionScanner
2019-07-13 08:32:22,288 DEBUG block.SCMBlockDeletingService (SCMBlockDeletingService.java:call(155)) - Scanned deleted blocks log and got 0 delTX to process.
2019-07-13 08:32:22,388 DEBUG block.SCMBlockDeletingService (SCMBlockDeletingService.java:call(138)) - Running DeletedBlockTransactionScanner
2019-07-13 08:32:22,389 DEBUG block.SCMBlockDeletingService (SCMBlockDeletingService.java:call(155)) - Scanned deleted blocks log and got 0 delTX to process.
2019-07-13 08:32:22,423 INFO  client.GrpcClientProtocolClient (GrpcClientProtocolClient.java:onNext(255)) - client-A5BCC62C3543->912a7d3b-e3f1-4985-b06b-5f0a929b8060: receive RaftClientReply:client-A5BCC62C3543->912a7d3b-e3f1-4985-b06b-5f0a929b8060@group-3636E5E7603C, cid=1017, SUCCESS, logIndex=1472, commits[912a7d3b-e3f1-4985-b06b-5f0a929b8060:c1473]
2019-07-13 08:32:22,424 INFO  client.GrpcClientProtocolClient (GrpcClientProtocolClient.java:onNext(255)) - client-A5BCC62C3543->912a7d3b-e3f1-4985-b06b-5f0a929b8060: receive RaftClientReply:client-A5BCC62C3543->912a7d3b-e3f1-4985-b06b-5f0a929b8060@group-3636E5E7603C, cid=1018, SUCCESS, logIndex=1473, commits[912a7d3b-e3f1-4985-b06b-5f0a929b8060:c1475]
2019-07-13 08:32:22,424 INFO  client.GrpcClientProtocolClient (GrpcClientProtocolClient.java:onNext(255)) - client-A5BCC62C3543->912a7d3b-e3f1-4985-b06b-5f0a929b8060: receive RaftClientReply:client-A5BCC62C3543->912a7d3b-e3f1-4985-b06b-5f0a929b8060@group-3636E5E7603C, cid=1019, SUCCESS, logIndex=1474, commits[912a7d3b-e3f1-4985-b06b-5f0a929b8060:c1475]
2019-07-13 08:32:22,425 INFO  client.GrpcClientProtocolClient (GrpcClientProtocolClient.java:onNext(255)) - client-A5BCC62C3543->912a7d3b-e3f1-4985-b06b-5f0a929b8060: receive RaftClientReply:client-A5BCC62C3543->912a7d3b-e3f1-4985-b06b-5f0a929b8060@group-3636E5E7603C, cid=1020, SUCCESS, logIndex=1475, commits[912a7d3b-e3f1-4985-b06b-5f0a929b8060:c1475]
2019-07-13 08:32:22,447 INFO  client.GrpcClientProtocolClient (GrpcClientProtocolClient.java:onNext(255)) - client-A5BCC62C3543->912a7d3b-e3f1-4985-b06b-5f0a929b8060: receive RaftClientReply:client-A5BCC62C3543->912a7d3b-e3f1-4985-b06b-5f0a929b8060@group-3636E5E7603C, cid=1021, SUCCESS, logIndex=1478, commits[912a7d3b-e3f1-4985-b06b-5f0a929b8060:c1479]
2019-07-13 08:32:22,447 INFO  client.GrpcClientProtocolClient (GrpcClientProtocolClient.java:onNext(255)) - client-A5BCC62C3543->912a7d3b-e3f1-4985-b06b-5f0a929b8060: receive RaftClientReply:client-A5BCC62C3543->912a7d3b-e3f1-4985-b06b-5f0a929b8060@group-3636E5E7603C, cid=1022, SUCCESS, logIndex=1479, commits[912a7d3b-e3f1-4985-b06b-5f0a929b8060:c1481]
2019-07-13 08:32:22,448 INFO  client.GrpcClientProtocolClient (GrpcClientProtocolClient.java:onNext(255)) - client-A5BCC62C3543->912a7d3b-e3f1-4985-b06b-5f0a929b8060: receive RaftClientReply:client-A5BCC62C3543->912a7d3b-e3f1-4985-b06b-5f0a929b8060@group-3636E5E7603C, cid=1023, SUCCESS, logIndex=1480, commits[912a7d3b-e3f1-4985-b06b-5f0a929b8060:c1482]
2019-07-13 08:32:22,448 INFO  client.GrpcClientProtocolClient (GrpcClientProtocolClient.java:onNext(255)) - client-A5BCC62C3543->912a7d3b-e3f1-4985-b06b-5f0a929b8060: receive RaftClientReply:client-A5BCC62C3543->912a7d3b-e3f1-4985-b06b-5f0a929b8060@group-3636E5E7603C, cid=1024, SUCCESS, logIndex=1481, commits[912a7d3b-e3f1-4985-b06b-5f0a929b8060:c1483]
2019-07-13 08:32:22,477 INFO  client.GrpcClientProtocolClient (GrpcClientProtocolClient.java:onNext(255)) - client-A5BCC62C3543->912a7d3b-e3f1-4985-b06b-5f0a929b8060: receive RaftClientReply:client-A5BCC62C3543->912a7d3b-e3f1-4985-b06b-5f0a929b8060@group-3636E5E7603C, cid=1025, SUCCESS, logIndex=1484, commits[912a7d3b-e3f1-4985-b06b-5f0a929b8060:c1485]
2019-07-13 08:32:22,478 INFO  client.GrpcClientProtocolClient (GrpcClientProtocolClient.java:onNext(255)) - client-A5BCC62C3543->912a7d3b-e3f1-4985-b06b-5f0a929b8060: receive RaftClientReply:client-A5BCC62C3543->912a7d3b-e3f1-4985-b06b-5f0a929b8060@group-3636E5E7603C, cid=1026, SUCCESS, logIndex=1485, commits[912a7d3b-e3f1-4985-b06b-5f0a929b8060:c1485]
2019-07-13 08:32:22,479 INFO  client.GrpcClientProtocolClient (GrpcClientProtocolClient.java:onNext(255)) - client-A5BCC62C3543->912a7d3b-e3f1-4985-b06b-5f0a929b8060: receive RaftClientReply:client-A5BCC62C3543->912a7d3b-e3f1-4985-b06b-5f0a929b8060@group-3636E5E7603C, cid=1027, SUCCESS, logIndex=1486, commits[912a7d3b-e3f1-4985-b06b-5f0a929b8060:c1487]
2019-07-13 08:32:22,479 INFO  client.GrpcClientProtocolClient (GrpcClientProtocolClient.java:onNext(255)) - client-A5BCC62C3543->912a7d3b-e3f1-4985-b06b-5f0a929b8060: receive RaftClientReply:client-A5BCC62C3543->912a7d3b-e3f1-4985-b06b-5f0a929b8060@group-3636E5E7603C, cid=1028, SUCCESS, logIndex=1487, commits[912a7d3b-e3f1-4985-b06b-5f0a929b8060:c1487]
2019-07-13 08:32:22,489 DEBUG block.SCMBlockDeletingService (SCMBlockDeletingService.java:call(138)) - Running DeletedBlockTransactionScanner
2019-07-13 08:32:22,489 DEBUG block.SCMBlockDeletingService (SCMBlockDeletingService.java:call(155)) - Scanned deleted blocks log and got 0 delTX to process.
2019-07-13 08:32:22,501 INFO  client.GrpcClientProtocolClient (GrpcClientProtocolClient.java:onNext(255)) - client-A5BCC62C3543->912a7d3b-e3f1-4985-b06b-5f0a929b8060: receive RaftClientReply:client-A5BCC62C3543->912a7d3b-e3f1-4985-b06b-5f0a929b8060@group-3636E5E7603C, cid=1029, SUCCESS, logIndex=1490, commits[912a7d3b-e3f1-4985-b06b-5f0a929b8060:c1493]
2019-07-13 08:32:22,502 INFO  client.GrpcClientProtocolClient (GrpcClientProtocolClient.java:onNext(255)) - client-A5BCC62C3543->912a7d3b-e3f1-4985-b06b-5f0a929b8060: receive RaftClientReply:client-A5BCC62C3543->912a7d3b-e3f1-4985-b06b-5f0a929b8060@group-3636E5E7603C, cid=1030, SUCCESS, logIndex=1491, commits[912a7d3b-e3f1-4985-b06b-5f0a929b8060:c1494]
2019-07-13 08:32:22,502 INFO  client.GrpcClientProtocolClient (GrpcClientProtocolClient.java:onNext(255)) - client-A5BCC62C3543->912a7d3b-e3f1-4985-b06b-5f0a929b8060: receive RaftClientReply:client-A5BCC62C3543->912a7d3b-e3f1-4985-b06b-5f0a929b8060@group-3636E5E7603C, cid=1031, SUCCESS, logIndex=1492, commits[912a7d3b-e3f1-4985-b06b-5f0a929b8060:c1494]
2019-07-13 08:32:22,502 INFO  client.GrpcClientProtocolClient (GrpcClientProtocolClient.java:onNext(255)) - client-A5BCC62C3543->912a7d3b-e3f1-4985-b06b-5f0a929b8060: receive RaftClientReply:client-A5BCC62C3543->912a7d3b-e3f1-4985-b06b-5f0a929b8060@group-3636E5E7603C, cid=1032, SUCCESS, logIndex=1493, commits[912a7d3b-e3f1-4985-b06b-5f0a929b8060:c1494]
2019-07-13 08:32:22,530 INFO  client.GrpcClientProtocolClient (GrpcClientProtocolClient.java:onNext(255)) - client-A5BCC62C3543->912a7d3b-e3f1-4985-b06b-5f0a929b8060: receive RaftClientReply:client-A5BCC62C3543->912a7d3b-e3f1-4985-b06b-5f0a929b8060@group-3636E5E7603C, cid=1033, SUCCESS, logIndex=1495, commits[912a7d3b-e3f1-4985-b06b-5f0a929b8060:c1498]
2019-07-13 08:32:22,530 INFO  client.GrpcClientProtocolClient (GrpcClientProtocolClient.java:onNext(255)) - client-A5BCC62C3543->912a7d3b-e3f1-4985-b06b-5f0a929b8060: receive RaftClientReply:client-A5BCC62C3543->912a7d3b-e3f1-4985-b06b-5f0a929b8060@group-3636E5E7603C, cid=1034, SUCCESS, logIndex=1496, commits[912a7d3b-e3f1-4985-b06b-5f0a929b8060:c1499]
2019-07-13 08:32:22,531 INFO  client.GrpcClientProtocolClient (GrpcClientProtocolClient.java:onNext(255)) - client-A5BCC62C3543->912a7d3b-e3f1-4985-b06b-5f0a929b8060: receive RaftClientReply:client-A5BCC62C3543->912a7d3b-e3f1-4985-b06b-5f0a929b8060@group-3636E5E7603C, cid=1035, SUCCESS, logIndex=1497, commits[912a7d3b-e3f1-4985-b06b-5f0a929b8060:c1499]
2019-07-13 08:32:22,531 INFO  client.GrpcClientProtocolClient (GrpcClientProtocolClient.java:onNext(255)) - client-A5BCC62C3543->912a7d3b-e3f1-4985-b06b-5f0a929b8060: receive RaftClientReply:client-A5BCC62C3543->912a7d3b-e3f1-4985-b06b-5f0a929b8060@group-3636E5E7603C, cid=1036, SUCCESS, logIndex=1498, commits[912a7d3b-e3f1-4985-b06b-5f0a929b8060:c1500]
2019-07-13 08:32:22,551 INFO  client.GrpcClientProtocolClient (GrpcClientProtocolClient.java:onNext(255)) - client-A5BCC62C3543->912a7d3b-e3f1-4985-b06b-5f0a929b8060: receive RaftClientReply:client-A5BCC62C3543->912a7d3b-e3f1-4985-b06b-5f0a929b8060@group-3636E5E7603C, cid=1037, SUCCESS, logIndex=1501, commits[912a7d3b-e3f1-4985-b06b-5f0a929b8060:c1504]
2019-07-13 08:32:22,551 INFO  client.GrpcClientProtocolClient (GrpcClientProtocolClient.java:onNext(255)) - client-A5BCC62C3543->912a7d3b-e3f1-4985-b06b-5f0a929b8060: receive RaftClientReply:client-A5BCC62C3543->912a7d3b-e3f1-4985-b06b-5f0a929b8060@group-3636E5E7603C, cid=1038, SUCCESS, logIndex=1502, commits[912a7d3b-e3f1-4985-b06b-5f0a929b8060:c1504]
2019-07-13 08:32:22,552 INFO  client.GrpcClientProtocolClient (GrpcClientProtocolClient.java:onNext(255)) - client-A5BCC62C3543->912a7d3b-e3f1-4985-b06b-5f0a929b8060: receive RaftClientReply:client-A5BCC62C3543->912a7d3b-e3f1-4985-b06b-5f0a929b8060@group-3636E5E7603C, cid=1039, SUCCESS, logIndex=1503, commits[912a7d3b-e3f1-4985-b06b-5f0a929b8060:c1505]
2019-07-13 08:32:22,552 INFO  client.GrpcClientProtocolClient (GrpcClientProtocolClient.java:onNext(255)) - client-A5BCC62C3543->912a7d3b-e3f1-4985-b06b-5f0a929b8060: receive RaftClientReply:client-A5BCC62C3543->912a7d3b-e3f1-4985-b06b-5f0a929b8060@group-3636E5E7603C, cid=1040, SUCCESS, logIndex=1504, commits[912a7d3b-e3f1-4985-b06b-5f0a929b8060:c1506]
2019-07-13 08:32:22,578 INFO  client.GrpcClientProtocolClient (GrpcClientProtocolClient.java:onNext(255)) - client-A5BCC62C3543->912a7d3b-e3f1-4985-b06b-5f0a929b8060: receive RaftClientReply:client-A5BCC62C3543->912a7d3b-e3f1-4985-b06b-5f0a929b8060@group-3636E5E7603C, cid=1041, SUCCESS, logIndex=1507, commits[912a7d3b-e3f1-4985-b06b-5f0a929b8060:c1510]
2019-07-13 08:32:22,578 INFO  client.GrpcClientProtocolClient (GrpcClientProtocolClient.java:onNext(255)) - client-A5BCC62C3543->912a7d3b-e3f1-4985-b06b-5f0a929b8060: receive RaftClientReply:client-A5BCC62C3543->912a7d3b-e3f1-4985-b06b-5f0a929b8060@group-3636E5E7603C, cid=1042, SUCCESS, logIndex=1508, commits[912a7d3b-e3f1-4985-b06b-5f0a929b8060:c1510]
2019-07-13 08:32:22,579 INFO  client.GrpcClientProtocolClient (GrpcClientProtocolClient.java:onNext(255)) - client-A5BCC62C3543->912a7d3b-e3f1-4985-b06b-5f0a929b8060: receive RaftClientReply:client-A5BCC62C3543->912a7d3b-e3f1-4985-b06b-5f0a929b8060@group-3636E5E7603C, cid=1043, SUCCESS, logIndex=1509, commits[912a7d3b-e3f1-4985-b06b-5f0a929b8060:c1511]
2019-07-13 08:32:22,579 INFO  client.GrpcClientProtocolClient (GrpcClientProtocolClient.java:onNext(255)) - client-A5BCC62C3543->912a7d3b-e3f1-4985-b06b-5f0a929b8060: receive RaftClientReply:client-A5BCC62C3543->912a7d3b-e3f1-4985-b06b-5f0a929b8060@group-3636E5E7603C, cid=1044, SUCCESS, logIndex=1510, commits[912a7d3b-e3f1-4985-b06b-5f0a929b8060:c1512]
2019-07-13 08:32:22,590 DEBUG block.SCMBlockDeletingService (SCMBlockDeletingService.java:call(138)) - Running DeletedBlockTransactionScanner
2019-07-13 08:32:22,590 DEBUG block.SCMBlockDeletingService (SCMBlockDeletingService.java:call(155)) - Scanned deleted blocks log and got 0 delTX to process.
2019-07-13 08:32:22,598 INFO  client.GrpcClientProtocolClient (GrpcClientProtocolClient.java:onNext(255)) - client-A5BCC62C3543->912a7d3b-e3f1-4985-b06b-5f0a929b8060: receive RaftClientReply:client-A5BCC62C3543->912a7d3b-e3f1-4985-b06b-5f0a929b8060@group-3636E5E7603C, cid=1045, SUCCESS, logIndex=1513, commits[912a7d3b-e3f1-4985-b06b-5f0a929b8060:c1516]
2019-07-13 08:32:22,598 INFO  client.GrpcClientProtocolClient (GrpcClientProtocolClient.java:onNext(255)) - client-A5BCC62C3543->912a7d3b-e3f1-4985-b06b-5f0a929b8060: receive RaftClientReply:client-A5BCC62C3543->912a7d3b-e3f1-4985-b06b-5f0a929b8060@group-3636E5E7603C, cid=1046, SUCCESS, logIndex=1514, commits[912a7d3b-e3f1-4985-b06b-5f0a929b8060:c1517]
2019-07-13 08:32:22,599 INFO  client.GrpcClientProtocolClient (GrpcClientProtocolClient.java:onNext(255)) - client-A5BCC62C3543->912a7d3b-e3f1-4985-b06b-5f0a929b8060: receive RaftClientReply:client-A5BCC62C3543->912a7d3b-e3f1-4985-b06b-5f0a929b8060@group-3636E5E7603C, cid=1047, SUCCESS, logIndex=1515, commits[912a7d3b-e3f1-4985-b06b-5f0a929b8060:c1517]
2019-07-13 08:32:22,599 INFO  client.GrpcClientProtocolClient (GrpcClientProtocolClient.java:onNext(255)) - client-A5BCC62C3543->912a7d3b-e3f1-4985-b06b-5f0a929b8060: receive RaftClientReply:client-A5BCC62C3543->912a7d3b-e3f1-4985-b06b-5f0a929b8060@group-3636E5E7603C, cid=1048, SUCCESS, logIndex=1516, commits[912a7d3b-e3f1-4985-b06b-5f0a929b8060:c1518]
2019-07-13 08:32:22,625 INFO  client.GrpcClientProtocolClient (GrpcClientProtocolClient.java:onNext(255)) - client-A5BCC62C3543->912a7d3b-e3f1-4985-b06b-5f0a929b8060: receive RaftClientReply:client-A5BCC62C3543->912a7d3b-e3f1-4985-b06b-5f0a929b8060@group-3636E5E7603C, cid=1049, SUCCESS, logIndex=1519, commits[912a7d3b-e3f1-4985-b06b-5f0a929b8060:c1520]
2019-07-13 08:32:22,626 INFO  client.GrpcClientProtocolClient (GrpcClientProtocolClient.java:onNext(255)) - client-A5BCC62C3543->912a7d3b-e3f1-4985-b06b-5f0a929b8060: receive RaftClientReply:client-A5BCC62C3543->912a7d3b-e3f1-4985-b06b-5f0a929b8060@group-3636E5E7603C, cid=1050, SUCCESS, logIndex=1520, commits[912a7d3b-e3f1-4985-b06b-5f0a929b8060:c1523]
2019-07-13 08:32:22,627 INFO  client.GrpcClientProtocolClient (GrpcClientProtocolClient.java:onNext(255)) - client-A5BCC62C3543->912a7d3b-e3f1-4985-b06b-5f0a929b8060: receive RaftClientReply:client-A5BCC62C3543->912a7d3b-e3f1-4985-b06b-5f0a929b8060@group-3636E5E7603C, cid=1051, SUCCESS, logIndex=1521, commits[912a7d3b-e3f1-4985-b06b-5f0a929b8060:c1523]
2019-07-13 08:32:22,627 INFO  client.GrpcClientProtocolClient (GrpcClientProtocolClient.java:onNext(255)) - client-A5BCC62C3543->912a7d3b-e3f1-4985-b06b-5f0a929b8060: receive RaftClientReply:client-A5BCC62C3543->912a7d3b-e3f1-4985-b06b-5f0a929b8060@group-3636E5E7603C, cid=1052, SUCCESS, logIndex=1522, commits[912a7d3b-e3f1-4985-b06b-5f0a929b8060:c1524]
2019-07-13 08:32:22,647 INFO  client.GrpcClientProtocolClient (GrpcClientProtocolClient.java:onNext(255)) - client-A5BCC62C3543->912a7d3b-e3f1-4985-b06b-5f0a929b8060: receive RaftClientReply:client-A5BCC62C3543->912a7d3b-e3f1-4985-b06b-5f0a929b8060@group-3636E5E7603C, cid=1053, SUCCESS, logIndex=1525, commits[912a7d3b-e3f1-4985-b06b-5f0a929b8060:c1526]
2019-07-13 08:32:22,647 INFO  client.GrpcClientProtocolClient (GrpcClientProtocolClient.java:onNext(255)) - client-A5BCC62C3543->912a7d3b-e3f1-4985-b06b-5f0a929b8060: receive RaftClientReply:client-A5BCC62C3543->912a7d3b-e3f1-4985-b06b-5f0a929b8060@group-3636E5E7603C, cid=1054, SUCCESS, logIndex=1526, commits[912a7d3b-e3f1-4985-b06b-5f0a929b8060:c1529]
2019-07-13 08:32:22,648 INFO  client.GrpcClientProtocolClient (GrpcClientProtocolClient.java:onNext(255)) - client-A5BCC62C3543->912a7d3b-e3f1-4985-b06b-5f0a929b8060: receive RaftClientReply:client-A5BCC62C3543->912a7d3b-e3f1-4985-b06b-5f0a929b8060@group-3636E5E7603C, cid=1055, SUCCESS, logIndex=1527, commits[912a7d3b-e3f1-4985-b06b-5f0a929b8060:c1529]
2019-07-13 08:32:22,648 INFO  client.GrpcClientProtocolClient (GrpcClientProtocolClient.java:onNext(255)) - client-A5BCC62C3543->912a7d3b-e3f1-4985-b06b-5f0a929b8060: receive RaftClientReply:client-A5BCC62C3543->912a7d3b-e3f1-4985-b06b-5f0a929b8060@group-3636E5E7603C, cid=1056, SUCCESS, logIndex=1528, commits[912a7d3b-e3f1-4985-b06b-5f0a929b8060:c1530]
2019-07-13 08:32:22,673 INFO  client.GrpcClientProtocolClient (GrpcClientProtocolClient.java:onNext(255)) - client-A5BCC62C3543->912a7d3b-e3f1-4985-b06b-5f0a929b8060: receive RaftClientReply:client-A5BCC62C3543->912a7d3b-e3f1-4985-b06b-5f0a929b8060@group-3636E5E7603C, cid=1057, SUCCESS, logIndex=1531, commits[912a7d3b-e3f1-4985-b06b-5f0a929b8060:c1534]
2019-07-13 08:32:22,673 INFO  client.GrpcClientProtocolClient (GrpcClientProtocolClient.java:onNext(255)) - client-A5BCC62C3543->912a7d3b-e3f1-4985-b06b-5f0a929b8060: receive RaftClientReply:client-A5BCC62C3543->912a7d3b-e3f1-4985-b06b-5f0a929b8060@group-3636E5E7603C, cid=1058, SUCCESS, logIndex=1532, commits[912a7d3b-e3f1-4985-b06b-5f0a929b8060:c1536]
2019-07-13 08:32:22,674 INFO  client.GrpcClientProtocolClient (GrpcClientProtocolClient.java:onNext(255)) - client-A5BCC62C3543->912a7d3b-e3f1-4985-b06b-5f0a929b8060: receive RaftClientReply:client-A5BCC62C3543->912a7d3b-e3f1-4985-b06b-5f0a929b8060@group-3636E5E7603C, cid=1059, SUCCESS, logIndex=1533, commits[912a7d3b-e3f1-4985-b06b-5f0a929b8060:c1536]
2019-07-13 08:32:22,674 INFO  client.GrpcClientProtocolClient (GrpcClientProtocolClient.java:onNext(255)) - client-A5BCC62C3543->912a7d3b-e3f1-4985-b06b-5f0a929b8060: receive RaftClientReply:client-A5BCC62C3543->912a7d3b-e3f1-4985-b06b-5f0a929b8060@group-3636E5E7603C, cid=1060, SUCCESS, logIndex=1534, commits[912a7d3b-e3f1-4985-b06b-5f0a929b8060:c1536]
2019-07-13 08:32:22,690 DEBUG block.SCMBlockDeletingService (SCMBlockDeletingService.java:call(138)) - Running DeletedBlockTransactionScanner
2019-07-13 08:32:22,691 DEBUG block.SCMBlockDeletingService (SCMBlockDeletingService.java:call(155)) - Scanned deleted blocks log and got 0 delTX to process.
2019-07-13 08:32:22,787 INFO  client.GrpcClientProtocolClient (GrpcClientProtocolClient.java:onNext(255)) - client-A5BCC62C3543->912a7d3b-e3f1-4985-b06b-5f0a929b8060: receive RaftClientReply:client-A5BCC62C3543->912a7d3b-e3f1-4985-b06b-5f0a929b8060@group-3636E5E7603C, cid=1061, SUCCESS, logIndex=1537, commits[912a7d3b-e3f1-4985-b06b-5f0a929b8060:c1538]
2019-07-13 08:32:22,788 INFO  client.GrpcClientProtocolClient (GrpcClientProtocolClient.java:onNext(255)) - client-A5BCC62C3543->912a7d3b-e3f1-4985-b06b-5f0a929b8060: receive RaftClientReply:client-A5BCC62C3543->912a7d3b-e3f1-4985-b06b-5f0a929b8060@group-3636E5E7603C, cid=1062, SUCCESS, logIndex=1538, commits[912a7d3b-e3f1-4985-b06b-5f0a929b8060:c1541]
2019-07-13 08:32:22,788 INFO  client.GrpcClientProtocolClient (GrpcClientProtocolClient.java:onNext(255)) - client-A5BCC62C3543->912a7d3b-e3f1-4985-b06b-5f0a929b8060: receive RaftClientReply:client-A5BCC62C3543->912a7d3b-e3f1-4985-b06b-5f0a929b8060@group-3636E5E7603C, cid=1063, SUCCESS, logIndex=1539, commits[912a7d3b-e3f1-4985-b06b-5f0a929b8060:c1541]
2019-07-13 08:32:22,789 INFO  client.GrpcClientProtocolClient (GrpcClientProtocolClient.java:onNext(255)) - client-A5BCC62C3543->912a7d3b-e3f1-4985-b06b-5f0a929b8060: receive RaftClientReply:client-A5BCC62C3543->912a7d3b-e3f1-4985-b06b-5f0a929b8060@group-3636E5E7603C, cid=1064, SUCCESS, logIndex=1540, commits[912a7d3b-e3f1-4985-b06b-5f0a929b8060:c1542]
2019-07-13 08:32:22,791 DEBUG block.SCMBlockDeletingService (SCMBlockDeletingService.java:call(138)) - Running DeletedBlockTransactionScanner
2019-07-13 08:32:22,791 DEBUG block.SCMBlockDeletingService (SCMBlockDeletingService.java:call(155)) - Scanned deleted blocks log and got 0 delTX to process.
2019-07-13 08:32:22,881 INFO  client.GrpcClientProtocolClient (GrpcClientProtocolClient.java:onNext(255)) - client-A5BCC62C3543->912a7d3b-e3f1-4985-b06b-5f0a929b8060: receive RaftClientReply:client-A5BCC62C3543->912a7d3b-e3f1-4985-b06b-5f0a929b8060@group-3636E5E7603C, cid=1065, SUCCESS, logIndex=1543, commits[912a7d3b-e3f1-4985-b06b-5f0a929b8060:c1546]
2019-07-13 08:32:22,883 INFO  client.GrpcClientProtocolClient (GrpcClientProtocolClient.java:onNext(255)) - client-A5BCC62C3543->912a7d3b-e3f1-4985-b06b-5f0a929b8060: receive RaftClientReply:client-A5BCC62C3543->912a7d3b-e3f1-4985-b06b-5f0a929b8060@group-3636E5E7603C, cid=1066, SUCCESS, logIndex=1544, commits[912a7d3b-e3f1-4985-b06b-5f0a929b8060:c1546]
2019-07-13 08:32:22,883 INFO  client.GrpcClientProtocolClient (GrpcClientProtocolClient.java:onNext(255)) - client-A5BCC62C3543->912a7d3b-e3f1-4985-b06b-5f0a929b8060: receive RaftClientReply:client-A5BCC62C3543->912a7d3b-e3f1-4985-b06b-5f0a929b8060@group-3636E5E7603C, cid=1067, SUCCESS, logIndex=1545, commits[912a7d3b-e3f1-4985-b06b-5f0a929b8060:c1546]
2019-07-13 08:32:22,884 INFO  client.GrpcClientProtocolClient (GrpcClientProtocolClient.java:onNext(255)) - client-A5BCC62C3543->912a7d3b-e3f1-4985-b06b-5f0a929b8060: receive RaftClientReply:client-A5BCC62C3543->912a7d3b-e3f1-4985-b06b-5f0a929b8060@group-3636E5E7603C, cid=1068, SUCCESS, logIndex=1546, commits[912a7d3b-e3f1-4985-b06b-5f0a929b8060:c1546]
2019-07-13 08:32:22,892 DEBUG block.SCMBlockDeletingService (SCMBlockDeletingService.java:call(138)) - Running DeletedBlockTransactionScanner
2019-07-13 08:32:22,892 DEBUG block.SCMBlockDeletingService (SCMBlockDeletingService.java:call(155)) - Scanned deleted blocks log and got 0 delTX to process.
2019-07-13 08:32:22,906 INFO  client.GrpcClientProtocolClient (GrpcClientProtocolClient.java:onNext(255)) - client-A5BCC62C3543->912a7d3b-e3f1-4985-b06b-5f0a929b8060: receive RaftClientReply:client-A5BCC62C3543->912a7d3b-e3f1-4985-b06b-5f0a929b8060@group-3636E5E7603C, cid=1069, SUCCESS, logIndex=1549, commits[912a7d3b-e3f1-4985-b06b-5f0a929b8060:c1550]
2019-07-13 08:32:22,907 INFO  client.GrpcClientProtocolClient (GrpcClientProtocolClient.java:onNext(255)) - client-A5BCC62C3543->912a7d3b-e3f1-4985-b06b-5f0a929b8060: receive RaftClientReply:client-A5BCC62C3543->912a7d3b-e3f1-4985-b06b-5f0a929b8060@group-3636E5E7603C, cid=1070, SUCCESS, logIndex=1550, commits[912a7d3b-e3f1-4985-b06b-5f0a929b8060:c1552]
2019-07-13 08:32:22,907 INFO  client.GrpcClientProtocolClient (GrpcClientProtocolClient.java:onNext(255)) - client-A5BCC62C3543->912a7d3b-e3f1-4985-b06b-5f0a929b8060: receive RaftClientReply:client-A5BCC62C3543->912a7d3b-e3f1-4985-b06b-5f0a929b8060@group-3636E5E7603C, cid=1071, SUCCESS, logIndex=1551, commits[912a7d3b-e3f1-4985-b06b-5f0a929b8060:c1553]
2019-07-13 08:32:22,908 INFO  client.GrpcClientProtocolClient (GrpcClientProtocolClient.java:onNext(255)) - client-A5BCC62C3543->912a7d3b-e3f1-4985-b06b-5f0a929b8060: receive RaftClientReply:client-A5BCC62C3543->912a7d3b-e3f1-4985-b06b-5f0a929b8060@group-3636E5E7603C, cid=1072, SUCCESS, logIndex=1552, commits[912a7d3b-e3f1-4985-b06b-5f0a929b8060:c1554]
2019-07-13 08:32:22,935 INFO  client.GrpcClientProtocolClient (GrpcClientProtocolClient.java:onNext(255)) - client-A5BCC62C3543->912a7d3b-e3f1-4985-b06b-5f0a929b8060: receive RaftClientReply:client-A5BCC62C3543->912a7d3b-e3f1-4985-b06b-5f0a929b8060@group-3636E5E7603C, cid=1073, SUCCESS, logIndex=1555, commits[912a7d3b-e3f1-4985-b06b-5f0a929b8060:c1556]
2019-07-13 08:32:22,936 INFO  client.GrpcClientProtocolClient (GrpcClientProtocolClient.java:onNext(255)) - client-A5BCC62C3543->912a7d3b-e3f1-4985-b06b-5f0a929b8060: receive RaftClientReply:client-A5BCC62C3543->912a7d3b-e3f1-4985-b06b-5f0a929b8060@group-3636E5E7603C, cid=1074, SUCCESS, logIndex=1556, commits[912a7d3b-e3f1-4985-b06b-5f0a929b8060:c1556]
2019-07-13 08:32:22,937 INFO  client.GrpcClientProtocolClient (GrpcClientProtocolClient.java:onNext(255)) - client-A5BCC62C3543->912a7d3b-e3f1-4985-b06b-5f0a929b8060: receive RaftClientReply:client-A5BCC62C3543->912a7d3b-e3f1-4985-b06b-5f0a929b8060@group-3636E5E7603C, cid=1075, SUCCESS, logIndex=1557, commits[912a7d3b-e3f1-4985-b06b-5f0a929b8060:c1558]
2019-07-13 08:32:22,938 INFO  client.GrpcClientProtocolClient (GrpcClientProtocolClient.java:onNext(255)) - client-A5BCC62C3543->912a7d3b-e3f1-4985-b06b-5f0a929b8060: receive RaftClientReply:client-A5BCC62C3543->912a7d3b-e3f1-4985-b06b-5f0a929b8060@group-3636E5E7603C, cid=1076, SUCCESS, logIndex=1558, commits[912a7d3b-e3f1-4985-b06b-5f0a929b8060:c1558]
2019-07-13 08:32:22,961 INFO  client.GrpcClientProtocolClient (GrpcClientProtocolClient.java:onNext(255)) - client-A5BCC62C3543->912a7d3b-e3f1-4985-b06b-5f0a929b8060: receive RaftClientReply:client-A5BCC62C3543->912a7d3b-e3f1-4985-b06b-5f0a929b8060@group-3636E5E7603C, cid=1077, SUCCESS, logIndex=1561, commits[912a7d3b-e3f1-4985-b06b-5f0a929b8060:c1564]
2019-07-13 08:32:22,962 INFO  client.GrpcClientProtocolClient (GrpcClientProtocolClient.java:onNext(255)) - client-A5BCC62C3543->912a7d3b-e3f1-4985-b06b-5f0a929b8060: receive RaftClientReply:client-A5BCC62C3543->912a7d3b-e3f1-4985-b06b-5f0a929b8060@group-3636E5E7603C, cid=1078, SUCCESS, logIndex=1562, commits[912a7d3b-e3f1-4985-b06b-5f0a929b8060:c1564]
2019-07-13 08:32:22,962 INFO  client.GrpcClientProtocolClient (GrpcClientProtocolClient.java:onNext(255)) - client-A5BCC62C3543->912a7d3b-e3f1-4985-b06b-5f0a929b8060: receive RaftClientReply:client-A5BCC62C3543->912a7d3b-e3f1-4985-b06b-5f0a929b8060@group-3636E5E7603C, cid=1079, SUCCESS, logIndex=1563, commits[912a7d3b-e3f1-4985-b06b-5f0a929b8060:c1564]
2019-07-13 08:32:22,962 INFO  client.GrpcClientProtocolClient (GrpcClientProtocolClient.java:onNext(255)) - client-A5BCC62C3543->912a7d3b-e3f1-4985-b06b-5f0a929b8060: receive RaftClientReply:client-A5BCC62C3543->912a7d3b-e3f1-4985-b06b-5f0a929b8060@group-3636E5E7603C, cid=1080, SUCCESS, logIndex=1564, commits[912a7d3b-e3f1-4985-b06b-5f0a929b8060:c1564]
2019-07-13 08:32:22,992 INFO  client.GrpcClientProtocolClient (GrpcClientProtocolClient.java:onNext(255)) - client-A5BCC62C3543->912a7d3b-e3f1-4985-b06b-5f0a929b8060: receive RaftClientReply:client-A5BCC62C3543->912a7d3b-e3f1-4985-b06b-5f0a929b8060@group-3636E5E7603C, cid=1081, SUCCESS, logIndex=1566, commits[912a7d3b-e3f1-4985-b06b-5f0a929b8060:c1567]
2019-07-13 08:32:22,992 DEBUG block.SCMBlockDeletingService (SCMBlockDeletingService.java:call(138)) - Running DeletedBlockTransactionScanner
2019-07-13 08:32:22,993 DEBUG block.SCMBlockDeletingService (SCMBlockDeletingService.java:call(155)) - Scanned deleted blocks log and got 0 delTX to process.
2019-07-13 08:32:22,993 INFO  client.GrpcClientProtocolClient (GrpcClientProtocolClient.java:onNext(255)) - client-A5BCC62C3543->912a7d3b-e3f1-4985-b06b-5f0a929b8060: receive RaftClientReply:client-A5BCC62C3543->912a7d3b-e3f1-4985-b06b-5f0a929b8060@group-3636E5E7603C, cid=1082, SUCCESS, logIndex=1567, commits[912a7d3b-e3f1-4985-b06b-5f0a929b8060:c1567]
2019-07-13 08:32:22,994 INFO  client.GrpcClientProtocolClient (GrpcClientProtocolClient.java:onNext(255)) - client-A5BCC62C3543->912a7d3b-e3f1-4985-b06b-5f0a929b8060: receive RaftClientReply:client-A5BCC62C3543->912a7d3b-e3f1-4985-b06b-5f0a929b8060@group-3636E5E7603C, cid=1083, SUCCESS, logIndex=1568, commits[912a7d3b-e3f1-4985-b06b-5f0a929b8060:c1569]
2019-07-13 08:32:22,995 INFO  client.GrpcClientProtocolClient (GrpcClientProtocolClient.java:onNext(255)) - client-A5BCC62C3543->912a7d3b-e3f1-4985-b06b-5f0a929b8060: receive RaftClientReply:client-A5BCC62C3543->912a7d3b-e3f1-4985-b06b-5f0a929b8060@group-3636E5E7603C, cid=1084, SUCCESS, logIndex=1569, commits[912a7d3b-e3f1-4985-b06b-5f0a929b8060:c1569]
2019-07-13 08:32:23,017 INFO  client.GrpcClientProtocolClient (GrpcClientProtocolClient.java:onNext(255)) - client-A5BCC62C3543->912a7d3b-e3f1-4985-b06b-5f0a929b8060: receive RaftClientReply:client-A5BCC62C3543->912a7d3b-e3f1-4985-b06b-5f0a929b8060@group-3636E5E7603C, cid=1085, SUCCESS, logIndex=1572, commits[912a7d3b-e3f1-4985-b06b-5f0a929b8060:c1573]
2019-07-13 08:32:23,018 INFO  client.GrpcClientProtocolClient (GrpcClientProtocolClient.java:onNext(255)) - client-A5BCC62C3543->912a7d3b-e3f1-4985-b06b-5f0a929b8060: receive RaftClientReply:client-A5BCC62C3543->912a7d3b-e3f1-4985-b06b-5f0a929b8060@group-3636E5E7603C, cid=1086, SUCCESS, logIndex=1573, commits[912a7d3b-e3f1-4985-b06b-5f0a929b8060:c1573]
2019-07-13 08:32:23,019 INFO  client.GrpcClientProtocolClient (GrpcClientProtocolClient.java:onNext(255)) - client-A5BCC62C3543->912a7d3b-e3f1-4985-b06b-5f0a929b8060: receive RaftClientReply:client-A5BCC62C3543->912a7d3b-e3f1-4985-b06b-5f0a929b8060@group-3636E5E7603C, cid=1087, SUCCESS, logIndex=1574, commits[912a7d3b-e3f1-4985-b06b-5f0a929b8060:c1575]
2019-07-13 08:32:23,019 INFO  client.GrpcClientProtocolClient (GrpcClientProtocolClient.java:onNext(255)) - client-A5BCC62C3543->912a7d3b-e3f1-4985-b06b-5f0a929b8060: receive RaftClientReply:client-A5BCC62C3543->912a7d3b-e3f1-4985-b06b-5f0a929b8060@group-3636E5E7603C, cid=1088, SUCCESS, logIndex=1575, commits[912a7d3b-e3f1-4985-b06b-5f0a929b8060:c1575]
2019-07-13 08:32:23,047 INFO  client.GrpcClientProtocolClient (GrpcClientProtocolClient.java:onNext(255)) - client-A5BCC62C3543->912a7d3b-e3f1-4985-b06b-5f0a929b8060: receive RaftClientReply:client-A5BCC62C3543->912a7d3b-e3f1-4985-b06b-5f0a929b8060@group-3636E5E7603C, cid=1089, SUCCESS, logIndex=1578, commits[912a7d3b-e3f1-4985-b06b-5f0a929b8060:c1581]
2019-07-13 08:32:23,048 INFO  client.GrpcClientProtocolClient (GrpcClientProtocolClient.java:onNext(255)) - client-A5BCC62C3543->912a7d3b-e3f1-4985-b06b-5f0a929b8060: receive RaftClientReply:client-A5BCC62C3543->912a7d3b-e3f1-4985-b06b-5f0a929b8060@group-3636E5E7603C, cid=1090, SUCCESS, logIndex=1579, commits[912a7d3b-e3f1-4985-b06b-5f0a929b8060:c1582]
2019-07-13 08:32:23,048 INFO  client.GrpcClientProtocolClient (GrpcClientProtocolClient.java:onNext(255)) - client-A5BCC62C3543->912a7d3b-e3f1-4985-b06b-5f0a929b8060: receive RaftClientReply:client-A5BCC62C3543->912a7d3b-e3f1-4985-b06b-5f0a929b8060@group-3636E5E7603C, cid=1091, SUCCESS, logIndex=1580, commits[912a7d3b-e3f1-4985-b06b-5f0a929b8060:c1582]
2019-07-13 08:32:23,048 INFO  client.GrpcClientProtocolClient (GrpcClientProtocolClient.java:onNext(255)) - client-A5BCC62C3543->912a7d3b-e3f1-4985-b06b-5f0a929b8060: receive RaftClientReply:client-A5BCC62C3543->912a7d3b-e3f1-4985-b06b-5f0a929b8060@group-3636E5E7603C, cid=1092, SUCCESS, logIndex=1581, commits[912a7d3b-e3f1-4985-b06b-5f0a929b8060:c1582]
2019-07-13 08:32:23,075 INFO  client.GrpcClientProtocolClient (GrpcClientProtocolClient.java:onNext(255)) - client-A5BCC62C3543->912a7d3b-e3f1-4985-b06b-5f0a929b8060: receive RaftClientReply:client-A5BCC62C3543->912a7d3b-e3f1-4985-b06b-5f0a929b8060@group-3636E5E7603C, cid=1093, SUCCESS, logIndex=1584, commits[912a7d3b-e3f1-4985-b06b-5f0a929b8060:c1585]
2019-07-13 08:32:23,075 INFO  client.GrpcClientProtocolClient (GrpcClientProtocolClient.java:onNext(255)) - client-A5BCC62C3543->912a7d3b-e3f1-4985-b06b-5f0a929b8060: receive RaftClientReply:client-A5BCC62C3543->912a7d3b-e3f1-4985-b06b-5f0a929b8060@group-3636E5E7603C, cid=1094, SUCCESS, logIndex=1585, commits[912a7d3b-e3f1-4985-b06b-5f0a929b8060:c1585]
2019-07-13 08:32:23,076 INFO  client.GrpcClientProtocolClient (GrpcClientProtocolClient.java:onNext(255)) - client-A5BCC62C3543->912a7d3b-e3f1-4985-b06b-5f0a929b8060: receive RaftClientReply:client-A5BCC62C3543->912a7d3b-e3f1-4985-b06b-5f0a929b8060@group-3636E5E7603C, cid=1095, SUCCESS, logIndex=1586, commits[912a7d3b-e3f1-4985-b06b-5f0a929b8060:c1587]
2019-07-13 08:32:23,076 INFO  client.GrpcClientProtocolClient (GrpcClientProtocolClient.java:onNext(255)) - client-A5BCC62C3543->912a7d3b-e3f1-4985-b06b-5f0a929b8060: receive RaftClientReply:client-A5BCC62C3543->912a7d3b-e3f1-4985-b06b-5f0a929b8060@group-3636E5E7603C, cid=1096, SUCCESS, logIndex=1587, commits[912a7d3b-e3f1-4985-b06b-5f0a929b8060:c1588]
2019-07-13 08:32:23,093 DEBUG block.SCMBlockDeletingService (SCMBlockDeletingService.java:call(138)) - Running DeletedBlockTransactionScanner
2019-07-13 08:32:23,093 DEBUG block.SCMBlockDeletingService (SCMBlockDeletingService.java:call(155)) - Scanned deleted blocks log and got 0 delTX to process.
2019-07-13 08:32:23,102 INFO  client.GrpcClientProtocolClient (GrpcClientProtocolClient.java:onNext(255)) - client-A5BCC62C3543->912a7d3b-e3f1-4985-b06b-5f0a929b8060: receive RaftClientReply:client-A5BCC62C3543->912a7d3b-e3f1-4985-b06b-5f0a929b8060@group-3636E5E7603C, cid=1097, SUCCESS, logIndex=1590, commits[912a7d3b-e3f1-4985-b06b-5f0a929b8060:c1593]
2019-07-13 08:32:23,103 INFO  client.GrpcClientProtocolClient (GrpcClientProtocolClient.java:onNext(255)) - client-A5BCC62C3543->912a7d3b-e3f1-4985-b06b-5f0a929b8060: receive RaftClientReply:client-A5BCC62C3543->912a7d3b-e3f1-4985-b06b-5f0a929b8060@group-3636E5E7603C, cid=1098, SUCCESS, logIndex=1591, commits[912a7d3b-e3f1-4985-b06b-5f0a929b8060:c1593]
2019-07-13 08:32:23,103 INFO  client.GrpcClientProtocolClient (GrpcClientProtocolClient.java:onNext(255)) - client-A5BCC62C3543->912a7d3b-e3f1-4985-b06b-5f0a929b8060: receive RaftClientReply:client-A5BCC62C3543->912a7d3b-e3f1-4985-b06b-5f0a929b8060@group-3636E5E7603C, cid=1099, SUCCESS, logIndex=1592, commits[912a7d3b-e3f1-4985-b06b-5f0a929b8060:c1594]
2019-07-13 08:32:23,103 INFO  client.GrpcClientProtocolClient (GrpcClientProtocolClient.java:onNext(255)) - client-A5BCC62C3543->912a7d3b-e3f1-4985-b06b-5f0a929b8060: receive RaftClientReply:client-A5BCC62C3543->912a7d3b-e3f1-4985-b06b-5f0a929b8060@group-3636E5E7603C, cid=1100, SUCCESS, logIndex=1593, commits[912a7d3b-e3f1-4985-b06b-5f0a929b8060:c1595]
2019-07-13 08:32:23,123 INFO  client.GrpcClientProtocolClient (GrpcClientProtocolClient.java:onNext(255)) - client-A5BCC62C3543->912a7d3b-e3f1-4985-b06b-5f0a929b8060: receive RaftClientReply:client-A5BCC62C3543->912a7d3b-e3f1-4985-b06b-5f0a929b8060@group-3636E5E7603C, cid=1101, SUCCESS, logIndex=1596, commits[912a7d3b-e3f1-4985-b06b-5f0a929b8060:c1597]
2019-07-13 08:32:23,127 INFO  client.GrpcClientProtocolClient (GrpcClientProtocolClient.java:onNext(255)) - client-A5BCC62C3543->912a7d3b-e3f1-4985-b06b-5f0a929b8060: receive RaftClientReply:client-A5BCC62C3543->912a7d3b-e3f1-4985-b06b-5f0a929b8060@group-3636E5E7603C, cid=1102, SUCCESS, logIndex=1597, commits[912a7d3b-e3f1-4985-b06b-5f0a929b8060:c1597]
2019-07-13 08:32:23,138 INFO  client.GrpcClientProtocolClient (GrpcClientProtocolClient.java:onNext(255)) - client-A5BCC62C3543->912a7d3b-e3f1-4985-b06b-5f0a929b8060: receive RaftClientReply:client-A5BCC62C3543->912a7d3b-e3f1-4985-b06b-5f0a929b8060@group-3636E5E7603C, cid=1103, SUCCESS, logIndex=1598, commits[912a7d3b-e3f1-4985-b06b-5f0a929b8060:c1599]
2019-07-13 08:32:23,139 INFO  client.GrpcClientProtocolClient (GrpcClientProtocolClient.java:onNext(255)) - client-A5BCC62C3543->912a7d3b-e3f1-4985-b06b-5f0a929b8060: receive RaftClientReply:client-A5BCC62C3543->912a7d3b-e3f1-4985-b06b-5f0a929b8060@group-3636E5E7603C, cid=1104, SUCCESS, logIndex=1599, commits[912a7d3b-e3f1-4985-b06b-5f0a929b8060:c1600]
2019-07-13 08:32:23,194 DEBUG block.SCMBlockDeletingService (SCMBlockDeletingService.java:call(138)) - Running DeletedBlockTransactionScanner
2019-07-13 08:32:23,194 DEBUG block.SCMBlockDeletingService (SCMBlockDeletingService.java:call(155)) - Scanned deleted blocks log and got 0 delTX to process.
2019-07-13 08:32:23,259 INFO  client.GrpcClientProtocolClient (GrpcClientProtocolClient.java:onNext(255)) - client-A5BCC62C3543->912a7d3b-e3f1-4985-b06b-5f0a929b8060: receive RaftClientReply:client-A5BCC62C3543->912a7d3b-e3f1-4985-b06b-5f0a929b8060@group-3636E5E7603C, cid=1105, SUCCESS, logIndex=1602, commits[912a7d3b-e3f1-4985-b06b-5f0a929b8060:c1603]
2019-07-13 08:32:23,259 INFO  client.GrpcClientProtocolClient (GrpcClientProtocolClient.java:onNext(255)) - client-A5BCC62C3543->912a7d3b-e3f1-4985-b06b-5f0a929b8060: receive RaftClientReply:client-A5BCC62C3543->912a7d3b-e3f1-4985-b06b-5f0a929b8060@group-3636E5E7603C, cid=1106, SUCCESS, logIndex=1603, commits[912a7d3b-e3f1-4985-b06b-5f0a929b8060:c1605]
2019-07-13 08:32:23,260 INFO  client.GrpcClientProtocolClient (GrpcClientProtocolClient.java:onNext(255)) - client-A5BCC62C3543->912a7d3b-e3f1-4985-b06b-5f0a929b8060: receive RaftClientReply:client-A5BCC62C3543->912a7d3b-e3f1-4985-b06b-5f0a929b8060@group-3636E5E7603C, cid=1107, SUCCESS, logIndex=1604, commits[912a7d3b-e3f1-4985-b06b-5f0a929b8060:c1606]
2019-07-13 08:32:23,260 INFO  client.GrpcClientProtocolClient (GrpcClientProtocolClient.java:onNext(255)) - client-A5BCC62C3543->912a7d3b-e3f1-4985-b06b-5f0a929b8060: receive RaftClientReply:client-A5BCC62C3543->912a7d3b-e3f1-4985-b06b-5f0a929b8060@group-3636E5E7603C, cid=1108, SUCCESS, logIndex=1605, commits[912a7d3b-e3f1-4985-b06b-5f0a929b8060:c1607]
2019-07-13 08:32:23,280 INFO  client.GrpcClientProtocolClient (GrpcClientProtocolClient.java:onNext(255)) - client-A5BCC62C3543->912a7d3b-e3f1-4985-b06b-5f0a929b8060: receive RaftClientReply:client-A5BCC62C3543->912a7d3b-e3f1-4985-b06b-5f0a929b8060@group-3636E5E7603C, cid=1109, SUCCESS, logIndex=1608, commits[912a7d3b-e3f1-4985-b06b-5f0a929b8060:c1609]
2019-07-13 08:32:23,281 INFO  client.GrpcClientProtocolClient (GrpcClientProtocolClient.java:onNext(255)) - client-A5BCC62C3543->912a7d3b-e3f1-4985-b06b-5f0a929b8060: receive RaftClientReply:client-A5BCC62C3543->912a7d3b-e3f1-4985-b06b-5f0a929b8060@group-3636E5E7603C, cid=1110, SUCCESS, logIndex=1609, commits[912a7d3b-e3f1-4985-b06b-5f0a929b8060:c1611]
2019-07-13 08:32:23,281 INFO  client.GrpcClientProtocolClient (GrpcClientProtocolClient.java:onNext(255)) - client-A5BCC62C3543->912a7d3b-e3f1-4985-b06b-5f0a929b8060: receive RaftClientReply:client-A5BCC62C3543->912a7d3b-e3f1-4985-b06b-5f0a929b8060@group-3636E5E7603C, cid=1111, SUCCESS, logIndex=1610, commits[912a7d3b-e3f1-4985-b06b-5f0a929b8060:c1612]
2019-07-13 08:32:23,282 INFO  client.GrpcClientProtocolClient (GrpcClientProtocolClient.java:onNext(255)) - client-A5BCC62C3543->912a7d3b-e3f1-4985-b06b-5f0a929b8060: receive RaftClientReply:client-A5BCC62C3543->912a7d3b-e3f1-4985-b06b-5f0a929b8060@group-3636E5E7603C, cid=1112, SUCCESS, logIndex=1611, commits[912a7d3b-e3f1-4985-b06b-5f0a929b8060:c1613]
2019-07-13 08:32:23,294 DEBUG block.SCMBlockDeletingService (SCMBlockDeletingService.java:call(138)) - Running DeletedBlockTransactionScanner
2019-07-13 08:32:23,295 DEBUG block.SCMBlockDeletingService (SCMBlockDeletingService.java:call(155)) - Scanned deleted blocks log and got 0 delTX to process.
2019-07-13 08:32:23,308 INFO  client.GrpcClientProtocolClient (GrpcClientProtocolClient.java:onNext(255)) - client-A5BCC62C3543->912a7d3b-e3f1-4985-b06b-5f0a929b8060: receive RaftClientReply:client-A5BCC62C3543->912a7d3b-e3f1-4985-b06b-5f0a929b8060@group-3636E5E7603C, cid=1113, SUCCESS, logIndex=1614, commits[912a7d3b-e3f1-4985-b06b-5f0a929b8060:c1617]
2019-07-13 08:32:23,308 INFO  client.GrpcClientProtocolClient (GrpcClientProtocolClient.java:onNext(255)) - client-A5BCC62C3543->912a7d3b-e3f1-4985-b06b-5f0a929b8060: receive RaftClientReply:client-A5BCC62C3543->912a7d3b-e3f1-4985-b06b-5f0a929b8060@group-3636E5E7603C, cid=1114, SUCCESS, logIndex=1615, commits[912a7d3b-e3f1-4985-b06b-5f0a929b8060:c1618]
2019-07-13 08:32:23,308 INFO  client.GrpcClientProtocolClient (GrpcClientProtocolClient.java:onNext(255)) - client-A5BCC62C3543->912a7d3b-e3f1-4985-b06b-5f0a929b8060: receive RaftClientReply:client-A5BCC62C3543->912a7d3b-e3f1-4985-b06b-5f0a929b8060@group-3636E5E7603C, cid=1115, SUCCESS, logIndex=1616, commits[912a7d3b-e3f1-4985-b06b-5f0a929b8060:c1618]
2019-07-13 08:32:23,309 INFO  client.GrpcClientProtocolClient (GrpcClientProtocolClient.java:onNext(255)) - client-A5BCC62C3543->912a7d3b-e3f1-4985-b06b-5f0a929b8060: receive RaftClientReply:client-A5BCC62C3543->912a7d3b-e3f1-4985-b06b-5f0a929b8060@group-3636E5E7603C, cid=1116, SUCCESS, logIndex=1617, commits[912a7d3b-e3f1-4985-b06b-5f0a929b8060:c1619]
2019-07-13 08:32:23,327 INFO  client.GrpcClientProtocolClient (GrpcClientProtocolClient.java:onNext(255)) - client-A5BCC62C3543->912a7d3b-e3f1-4985-b06b-5f0a929b8060: receive RaftClientReply:client-A5BCC62C3543->912a7d3b-e3f1-4985-b06b-5f0a929b8060@group-3636E5E7603C, cid=1117, SUCCESS, logIndex=1620, commits[912a7d3b-e3f1-4985-b06b-5f0a929b8060:c1621]
2019-07-13 08:32:23,328 INFO  client.GrpcClientProtocolClient (GrpcClientProtocolClient.java:onNext(255)) - client-A5BCC62C3543->912a7d3b-e3f1-4985-b06b-5f0a929b8060: receive RaftClientReply:client-A5BCC62C3543->912a7d3b-e3f1-4985-b06b-5f0a929b8060@group-3636E5E7603C, cid=1118, SUCCESS, logIndex=1621, commits[912a7d3b-e3f1-4985-b06b-5f0a929b8060:c1623]
2019-07-13 08:32:23,328 INFO  client.GrpcClientProtocolClient (GrpcClientProtocolClient.java:onNext(255)) - client-A5BCC62C3543->912a7d3b-e3f1-4985-b06b-5f0a929b8060: receive RaftClientReply:client-A5BCC62C3543->912a7d3b-e3f1-4985-b06b-5f0a929b8060@group-3636E5E7603C, cid=1119, SUCCESS, logIndex=1622, commits[912a7d3b-e3f1-4985-b06b-5f0a929b8060:c1624]
2019-07-13 08:32:23,329 INFO  client.GrpcClientProtocolClient (GrpcClientProtocolClient.java:onNext(255)) - client-A5BCC62C3543->912a7d3b-e3f1-4985-b06b-5f0a929b8060: receive RaftClientReply:client-A5BCC62C3543->912a7d3b-e3f1-4985-b06b-5f0a929b8060@group-3636E5E7603C, cid=1120, SUCCESS, logIndex=1623, commits[912a7d3b-e3f1-4985-b06b-5f0a929b8060:c1625]
2019-07-13 08:32:23,353 INFO  client.GrpcClientProtocolClient (GrpcClientProtocolClient.java:onNext(255)) - client-A5BCC62C3543->912a7d3b-e3f1-4985-b06b-5f0a929b8060: receive RaftClientReply:client-A5BCC62C3543->912a7d3b-e3f1-4985-b06b-5f0a929b8060@group-3636E5E7603C, cid=1121, SUCCESS, logIndex=1626, commits[912a7d3b-e3f1-4985-b06b-5f0a929b8060:c1627]
2019-07-13 08:32:23,353 INFO  client.GrpcClientProtocolClient (GrpcClientProtocolClient.java:onNext(255)) - client-A5BCC62C3543->912a7d3b-e3f1-4985-b06b-5f0a929b8060: receive RaftClientReply:client-A5BCC62C3543->912a7d3b-e3f1-4985-b06b-5f0a929b8060@group-3636E5E7603C, cid=1122, SUCCESS, logIndex=1627, commits[912a7d3b-e3f1-4985-b06b-5f0a929b8060:c1629]
2019-07-13 08:32:23,354 INFO  client.GrpcClientProtocolClient (GrpcClientProtocolClient.java:onNext(255)) - client-A5BCC62C3543->912a7d3b-e3f1-4985-b06b-5f0a929b8060: receive RaftClientReply:client-A5BCC62C3543->912a7d3b-e3f1-4985-b06b-5f0a929b8060@group-3636E5E7603C, cid=1123, SUCCESS, logIndex=1628, commits[912a7d3b-e3f1-4985-b06b-5f0a929b8060:c1630]
2019-07-13 08:32:23,354 INFO  client.GrpcClientProtocolClient (GrpcClientProtocolClient.java:onNext(255)) - client-A5BCC62C3543->912a7d3b-e3f1-4985-b06b-5f0a929b8060: receive RaftClientReply:client-A5BCC62C3543->912a7d3b-e3f1-4985-b06b-5f0a929b8060@group-3636E5E7603C, cid=1124, SUCCESS, logIndex=1629, commits[912a7d3b-e3f1-4985-b06b-5f0a929b8060:c1631]
2019-07-13 08:32:23,376 INFO  client.GrpcClientProtocolClient (GrpcClientProtocolClient.java:onNext(255)) - client-A5BCC62C3543->912a7d3b-e3f1-4985-b06b-5f0a929b8060: receive RaftClientReply:client-A5BCC62C3543->912a7d3b-e3f1-4985-b06b-5f0a929b8060@group-3636E5E7603C, cid=1125, SUCCESS, logIndex=1632, commits[912a7d3b-e3f1-4985-b06b-5f0a929b8060:c1633]
2019-07-13 08:32:23,377 INFO  client.GrpcClientProtocolClient (GrpcClientProtocolClient.java:onNext(255)) - client-A5BCC62C3543->912a7d3b-e3f1-4985-b06b-5f0a929b8060: receive RaftClientReply:client-A5BCC62C3543->912a7d3b-e3f1-4985-b06b-5f0a929b8060@group-3636E5E7603C, cid=1126, SUCCESS, logIndex=1633, commits[912a7d3b-e3f1-4985-b06b-5f0a929b8060:c1635]
2019-07-13 08:32:23,377 INFO  client.GrpcClientProtocolClient (GrpcClientProtocolClient.java:onNext(255)) - client-A5BCC62C3543->912a7d3b-e3f1-4985-b06b-5f0a929b8060: receive RaftClientReply:client-A5BCC62C3543->912a7d3b-e3f1-4985-b06b-5f0a929b8060@group-3636E5E7603C, cid=1127, SUCCESS, logIndex=1634, commits[912a7d3b-e3f1-4985-b06b-5f0a929b8060:c1636]
2019-07-13 08:32:23,377 INFO  client.GrpcClientProtocolClient (GrpcClientProtocolClient.java:onNext(255)) - client-A5BCC62C3543->912a7d3b-e3f1-4985-b06b-5f0a929b8060: receive RaftClientReply:client-A5BCC62C3543->912a7d3b-e3f1-4985-b06b-5f0a929b8060@group-3636E5E7603C, cid=1128, SUCCESS, logIndex=1635, commits[912a7d3b-e3f1-4985-b06b-5f0a929b8060:c1636]
2019-07-13 08:32:23,395 DEBUG block.SCMBlockDeletingService (SCMBlockDeletingService.java:call(138)) - Running DeletedBlockTransactionScanner
2019-07-13 08:32:23,396 DEBUG block.SCMBlockDeletingService (SCMBlockDeletingService.java:call(155)) - Scanned deleted blocks log and got 0 delTX to process.
2019-07-13 08:32:23,405 INFO  client.GrpcClientProtocolClient (GrpcClientProtocolClient.java:onNext(255)) - client-A5BCC62C3543->912a7d3b-e3f1-4985-b06b-5f0a929b8060: receive RaftClientReply:client-A5BCC62C3543->912a7d3b-e3f1-4985-b06b-5f0a929b8060@group-3636E5E7603C, cid=1129, SUCCESS, logIndex=1638, commits[912a7d3b-e3f1-4985-b06b-5f0a929b8060:c1639]
2019-07-13 08:32:23,406 INFO  client.GrpcClientProtocolClient (GrpcClientProtocolClient.java:onNext(255)) - client-A5BCC62C3543->912a7d3b-e3f1-4985-b06b-5f0a929b8060: receive RaftClientReply:client-A5BCC62C3543->912a7d3b-e3f1-4985-b06b-5f0a929b8060@group-3636E5E7603C, cid=1130, SUCCESS, logIndex=1639, commits[912a7d3b-e3f1-4985-b06b-5f0a929b8060:c1641]
2019-07-13 08:32:23,407 INFO  client.GrpcClientProtocolClient (GrpcClientProtocolClient.java:onNext(255)) - client-A5BCC62C3543->912a7d3b-e3f1-4985-b06b-5f0a929b8060: receive RaftClientReply:client-A5BCC62C3543->912a7d3b-e3f1-4985-b06b-5f0a929b8060@group-3636E5E7603C, cid=1131, SUCCESS, logIndex=1640, commits[912a7d3b-e3f1-4985-b06b-5f0a929b8060:c1642]
2019-07-13 08:32:23,407 INFO  client.GrpcClientProtocolClient (GrpcClientProtocolClient.java:onNext(255)) - client-A5BCC62C3543->912a7d3b-e3f1-4985-b06b-5f0a929b8060: receive RaftClientReply:client-A5BCC62C3543->912a7d3b-e3f1-4985-b06b-5f0a929b8060@group-3636E5E7603C, cid=1132, SUCCESS, logIndex=1641, commits[912a7d3b-e3f1-4985-b06b-5f0a929b8060:c1643]
2019-07-13 08:32:23,427 INFO  client.GrpcClientProtocolClient (GrpcClientProtocolClient.java:onNext(255)) - client-A5BCC62C3543->912a7d3b-e3f1-4985-b06b-5f0a929b8060: receive RaftClientReply:client-A5BCC62C3543->912a7d3b-e3f1-4985-b06b-5f0a929b8060@group-3636E5E7603C, cid=1133, SUCCESS, logIndex=1644, commits[912a7d3b-e3f1-4985-b06b-5f0a929b8060:c1645]
2019-07-13 08:32:23,427 INFO  client.GrpcClientProtocolClient (GrpcClientProtocolClient.java:onNext(255)) - client-A5BCC62C3543->912a7d3b-e3f1-4985-b06b-5f0a929b8060: receive RaftClientReply:client-A5BCC62C3543->912a7d3b-e3f1-4985-b06b-5f0a929b8060@group-3636E5E7603C, cid=1134, SUCCESS, logIndex=1645, commits[912a7d3b-e3f1-4985-b06b-5f0a929b8060:c1647]
2019-07-13 08:32:23,428 INFO  client.GrpcClientProtocolClient (GrpcClientProtocolClient.java:onNext(255)) - client-A5BCC62C3543->912a7d3b-e3f1-4985-b06b-5f0a929b8060: receive RaftClientReply:client-A5BCC62C3543->912a7d3b-e3f1-4985-b06b-5f0a929b8060@group-3636E5E7603C, cid=1135, SUCCESS, logIndex=1646, commits[912a7d3b-e3f1-4985-b06b-5f0a929b8060:c1648]
2019-07-13 08:32:23,428 INFO  client.GrpcClientProtocolClient (GrpcClientProtocolClient.java:onNext(255)) - client-A5BCC62C3543->912a7d3b-e3f1-4985-b06b-5f0a929b8060: receive RaftClientReply:client-A5BCC62C3543->912a7d3b-e3f1-4985-b06b-5f0a929b8060@group-3636E5E7603C, cid=1136, SUCCESS, logIndex=1647, commits[912a7d3b-e3f1-4985-b06b-5f0a929b8060:c1649]
2019-07-13 08:32:23,454 INFO  client.GrpcClientProtocolClient (GrpcClientProtocolClient.java:onNext(255)) - client-A5BCC62C3543->912a7d3b-e3f1-4985-b06b-5f0a929b8060: receive RaftClientReply:client-A5BCC62C3543->912a7d3b-e3f1-4985-b06b-5f0a929b8060@group-3636E5E7603C, cid=1137, SUCCESS, logIndex=1650, commits[912a7d3b-e3f1-4985-b06b-5f0a929b8060:c1651]
2019-07-13 08:32:23,455 INFO  client.GrpcClientProtocolClient (GrpcClientProtocolClient.java:onNext(255)) - client-A5BCC62C3543->912a7d3b-e3f1-4985-b06b-5f0a929b8060: receive RaftClientReply:client-A5BCC62C3543->912a7d3b-e3f1-4985-b06b-5f0a929b8060@group-3636E5E7603C, cid=1138, SUCCESS, logIndex=1651, commits[912a7d3b-e3f1-4985-b06b-5f0a929b8060:c1653]
2019-07-13 08:32:23,455 INFO  client.GrpcClientProtocolClient (GrpcClientProtocolClient.java:onNext(255)) - client-A5BCC62C3543->912a7d3b-e3f1-4985-b06b-5f0a929b8060: receive RaftClientReply:client-A5BCC62C3543->912a7d3b-e3f1-4985-b06b-5f0a929b8060@group-3636E5E7603C, cid=1139, SUCCESS, logIndex=1652, commits[912a7d3b-e3f1-4985-b06b-5f0a929b8060:c1654]
2019-07-13 08:32:23,455 INFO  client.GrpcClientProtocolClient (GrpcClientProtocolClient.java:onNext(255)) - client-A5BCC62C3543->912a7d3b-e3f1-4985-b06b-5f0a929b8060: receive RaftClientReply:client-A5BCC62C3543->912a7d3b-e3f1-4985-b06b-5f0a929b8060@group-3636E5E7603C, cid=1140, SUCCESS, logIndex=1653, commits[912a7d3b-e3f1-4985-b06b-5f0a929b8060:c1654]
2019-07-13 08:32:23,476 INFO  client.GrpcClientProtocolClient (GrpcClientProtocolClient.java:onNext(255)) - client-A5BCC62C3543->912a7d3b-e3f1-4985-b06b-5f0a929b8060: receive RaftClientReply:client-A5BCC62C3543->912a7d3b-e3f1-4985-b06b-5f0a929b8060@group-3636E5E7603C, cid=1141, SUCCESS, logIndex=1656, commits[912a7d3b-e3f1-4985-b06b-5f0a929b8060:c1657]
2019-07-13 08:32:23,477 INFO  client.GrpcClientProtocolClient (GrpcClientProtocolClient.java:onNext(255)) - client-A5BCC62C3543->912a7d3b-e3f1-4985-b06b-5f0a929b8060: receive RaftClientReply:client-A5BCC62C3543->912a7d3b-e3f1-4985-b06b-5f0a929b8060@group-3636E5E7603C, cid=1142, SUCCESS, logIndex=1657, commits[912a7d3b-e3f1-4985-b06b-5f0a929b8060:c1660]
2019-07-13 08:32:23,477 INFO  client.GrpcClientProtocolClient (GrpcClientProtocolClient.java:onNext(255)) - client-A5BCC62C3543->912a7d3b-e3f1-4985-b06b-5f0a929b8060: receive RaftClientReply:client-A5BCC62C3543->912a7d3b-e3f1-4985-b06b-5f0a929b8060@group-3636E5E7603C, cid=1143, SUCCESS, logIndex=1658, commits[912a7d3b-e3f1-4985-b06b-5f0a929b8060:c1660]
2019-07-13 08:32:23,478 INFO  client.GrpcClientProtocolClient (GrpcClientProtocolClient.java:onNext(255)) - client-A5BCC62C3543->912a7d3b-e3f1-4985-b06b-5f0a929b8060: receive RaftClientReply:client-A5BCC62C3543->912a7d3b-e3f1-4985-b06b-5f0a929b8060@group-3636E5E7603C, cid=1144, SUCCESS, logIndex=1659, commits[912a7d3b-e3f1-4985-b06b-5f0a929b8060:c1661]
2019-07-13 08:32:23,496 DEBUG block.SCMBlockDeletingService (SCMBlockDeletingService.java:call(138)) - Running DeletedBlockTransactionScanner
2019-07-13 08:32:23,496 DEBUG block.SCMBlockDeletingService (SCMBlockDeletingService.java:call(155)) - Scanned deleted blocks log and got 0 delTX to process.
2019-07-13 08:32:23,506 INFO  client.GrpcClientProtocolClient (GrpcClientProtocolClient.java:onNext(255)) - client-A5BCC62C3543->912a7d3b-e3f1-4985-b06b-5f0a929b8060: receive RaftClientReply:client-A5BCC62C3543->912a7d3b-e3f1-4985-b06b-5f0a929b8060@group-3636E5E7603C, cid=1145, SUCCESS, logIndex=1662, commits[912a7d3b-e3f1-4985-b06b-5f0a929b8060:c1663]
2019-07-13 08:32:23,507 INFO  client.GrpcClientProtocolClient (GrpcClientProtocolClient.java:onNext(255)) - client-A5BCC62C3543->912a7d3b-e3f1-4985-b06b-5f0a929b8060: receive RaftClientReply:client-A5BCC62C3543->912a7d3b-e3f1-4985-b06b-5f0a929b8060@group-3636E5E7603C, cid=1146, SUCCESS, logIndex=1663, commits[912a7d3b-e3f1-4985-b06b-5f0a929b8060:c1663]
2019-07-13 08:32:23,508 INFO  client.GrpcClientProtocolClient (GrpcClientProtocolClient.java:onNext(255)) - client-A5BCC62C3543->912a7d3b-e3f1-4985-b06b-5f0a929b8060: receive RaftClientReply:client-A5BCC62C3543->912a7d3b-e3f1-4985-b06b-5f0a929b8060@group-3636E5E7603C, cid=1147, SUCCESS, logIndex=1664, commits[912a7d3b-e3f1-4985-b06b-5f0a929b8060:c1665]
2019-07-13 08:32:23,509 INFO  client.GrpcClientProtocolClient (GrpcClientProtocolClient.java:onNext(255)) - client-A5BCC62C3543->912a7d3b-e3f1-4985-b06b-5f0a929b8060: receive RaftClientReply:client-A5BCC62C3543->912a7d3b-e3f1-4985-b06b-5f0a929b8060@group-3636E5E7603C, cid=1148, SUCCESS, logIndex=1665, commits[912a7d3b-e3f1-4985-b06b-5f0a929b8060:c1665]
2019-07-13 08:32:23,597 DEBUG block.SCMBlockDeletingService (SCMBlockDeletingService.java:call(138)) - Running DeletedBlockTransactionScanner
2019-07-13 08:32:23,597 DEBUG block.SCMBlockDeletingService (SCMBlockDeletingService.java:call(155)) - Scanned deleted blocks log and got 0 delTX to process.
2019-07-13 08:32:23,698 DEBUG block.SCMBlockDeletingService (SCMBlockDeletingService.java:call(138)) - Running DeletedBlockTransactionScanner
2019-07-13 08:32:23,698 DEBUG block.SCMBlockDeletingService (SCMBlockDeletingService.java:call(155)) - Scanned deleted blocks log and got 0 delTX to process.
2019-07-13 08:32:23,744 INFO  client.GrpcClientProtocolClient (GrpcClientProtocolClient.java:onNext(255)) - client-A5BCC62C3543->912a7d3b-e3f1-4985-b06b-5f0a929b8060: receive RaftClientReply:client-A5BCC62C3543->912a7d3b-e3f1-4985-b06b-5f0a929b8060@group-3636E5E7603C, cid=1149, SUCCESS, logIndex=1668, commits[912a7d3b-e3f1-4985-b06b-5f0a929b8060:c1669]
2019-07-13 08:32:23,745 INFO  client.GrpcClientProtocolClient (GrpcClientProtocolClient.java:onNext(255)) - client-A5BCC62C3543->912a7d3b-e3f1-4985-b06b-5f0a929b8060: receive RaftClientReply:client-A5BCC62C3543->912a7d3b-e3f1-4985-b06b-5f0a929b8060@group-3636E5E7603C, cid=1150, SUCCESS, logIndex=1669, commits[912a7d3b-e3f1-4985-b06b-5f0a929b8060:c1672]
2019-07-13 08:32:23,745 INFO  client.GrpcClientProtocolClient (GrpcClientProtocolClient.java:onNext(255)) - client-A5BCC62C3543->912a7d3b-e3f1-4985-b06b-5f0a929b8060: receive RaftClientReply:client-A5BCC62C3543->912a7d3b-e3f1-4985-b06b-5f0a929b8060@group-3636E5E7603C, cid=1151, SUCCESS, logIndex=1670, commits[912a7d3b-e3f1-4985-b06b-5f0a929b8060:c1672]
2019-07-13 08:32:23,746 INFO  client.GrpcClientProtocolClient (GrpcClientProtocolClient.java:onNext(255)) - client-A5BCC62C3543->912a7d3b-e3f1-4985-b06b-5f0a929b8060: receive RaftClientReply:client-A5BCC62C3543->912a7d3b-e3f1-4985-b06b-5f0a929b8060@group-3636E5E7603C, cid=1152, SUCCESS, logIndex=1671, commits[912a7d3b-e3f1-4985-b06b-5f0a929b8060:c1673]
2019-07-13 08:32:23,775 INFO  client.GrpcClientProtocolClient (GrpcClientProtocolClient.java:onNext(255)) - client-A5BCC62C3543->912a7d3b-e3f1-4985-b06b-5f0a929b8060: receive RaftClientReply:client-A5BCC62C3543->912a7d3b-e3f1-4985-b06b-5f0a929b8060@group-3636E5E7603C, cid=1153, SUCCESS, logIndex=1674, commits[912a7d3b-e3f1-4985-b06b-5f0a929b8060:c1675]
2019-07-13 08:32:23,776 INFO  client.GrpcClientProtocolClient (GrpcClientProtocolClient.java:onNext(255)) - client-A5BCC62C3543->912a7d3b-e3f1-4985-b06b-5f0a929b8060: receive RaftClientReply:client-A5BCC62C3543->912a7d3b-e3f1-4985-b06b-5f0a929b8060@group-3636E5E7603C, cid=1154, SUCCESS, logIndex=1675, commits[912a7d3b-e3f1-4985-b06b-5f0a929b8060:c1677]
2019-07-13 08:32:23,776 INFO  client.GrpcClientProtocolClient (GrpcClientProtocolClient.java:onNext(255)) - client-A5BCC62C3543->912a7d3b-e3f1-4985-b06b-5f0a929b8060: receive RaftClientReply:client-A5BCC62C3543->912a7d3b-e3f1-4985-b06b-5f0a929b8060@group-3636E5E7603C, cid=1155, SUCCESS, logIndex=1676, commits[912a7d3b-e3f1-4985-b06b-5f0a929b8060:c1678]
2019-07-13 08:32:23,776 INFO  client.GrpcClientProtocolClient (GrpcClientProtocolClient.java:onNext(255)) - client-A5BCC62C3543->912a7d3b-e3f1-4985-b06b-5f0a929b8060: receive RaftClientReply:client-A5BCC62C3543->912a7d3b-e3f1-4985-b06b-5f0a929b8060@group-3636E5E7603C, cid=1156, SUCCESS, logIndex=1677, commits[912a7d3b-e3f1-4985-b06b-5f0a929b8060:c1678]
2019-07-13 08:32:23,797 INFO  client.GrpcClientProtocolClient (GrpcClientProtocolClient.java:onNext(255)) - client-A5BCC62C3543->912a7d3b-e3f1-4985-b06b-5f0a929b8060: receive RaftClientReply:client-A5BCC62C3543->912a7d3b-e3f1-4985-b06b-5f0a929b8060@group-3636E5E7603C, cid=1157, SUCCESS, logIndex=1680, commits[912a7d3b-e3f1-4985-b06b-5f0a929b8060:c1681]
2019-07-13 08:32:23,798 INFO  client.GrpcClientProtocolClient (GrpcClientProtocolClient.java:onNext(255)) - client-A5BCC62C3543->912a7d3b-e3f1-4985-b06b-5f0a929b8060: receive RaftClientReply:client-A5BCC62C3543->912a7d3b-e3f1-4985-b06b-5f0a929b8060@group-3636E5E7603C, cid=1158, SUCCESS, logIndex=1681, commits[912a7d3b-e3f1-4985-b06b-5f0a929b8060:c1683]
2019-07-13 08:32:23,798 INFO  client.GrpcClientProtocolClient (GrpcClientProtocolClient.java:onNext(255)) - client-A5BCC62C3543->912a7d3b-e3f1-4985-b06b-5f0a929b8060: receive RaftClientReply:client-A5BCC62C3543->912a7d3b-e3f1-4985-b06b-5f0a929b8060@group-3636E5E7603C, cid=1159, SUCCESS, logIndex=1682, commits[912a7d3b-e3f1-4985-b06b-5f0a929b8060:c1684]
2019-07-13 08:32:23,798 DEBUG block.SCMBlockDeletingService (SCMBlockDeletingService.java:call(138)) - Running DeletedBlockTransactionScanner
2019-07-13 08:32:23,798 INFO  client.GrpcClientProtocolClient (GrpcClientProtocolClient.java:onNext(255)) - client-A5BCC62C3543->912a7d3b-e3f1-4985-b06b-5f0a929b8060: receive RaftClientReply:client-A5BCC62C3543->912a7d3b-e3f1-4985-b06b-5f0a929b8060@group-3636E5E7603C, cid=1160, SUCCESS, logIndex=1683, commits[912a7d3b-e3f1-4985-b06b-5f0a929b8060:c1685]
2019-07-13 08:32:23,799 DEBUG block.SCMBlockDeletingService (SCMBlockDeletingService.java:call(155)) - Scanned deleted blocks log and got 0 delTX to process.
2019-07-13 08:32:23,827 INFO  client.GrpcClientProtocolClient (GrpcClientProtocolClient.java:onNext(255)) - client-A5BCC62C3543->912a7d3b-e3f1-4985-b06b-5f0a929b8060: receive RaftClientReply:client-A5BCC62C3543->912a7d3b-e3f1-4985-b06b-5f0a929b8060@group-3636E5E7603C, cid=1161, SUCCESS, logIndex=1686, commits[912a7d3b-e3f1-4985-b06b-5f0a929b8060:c1687]
2019-07-13 08:32:23,828 INFO  client.GrpcClientProtocolClient (GrpcClientProtocolClient.java:onNext(255)) - client-A5BCC62C3543->912a7d3b-e3f1-4985-b06b-5f0a929b8060: receive RaftClientReply:client-A5BCC62C3543->912a7d3b-e3f1-4985-b06b-5f0a929b8060@group-3636E5E7603C, cid=1162, SUCCESS, logIndex=1687, commits[912a7d3b-e3f1-4985-b06b-5f0a929b8060:c1687]
2019-07-13 08:32:23,829 INFO  client.GrpcClientProtocolClient (GrpcClientProtocolClient.java:onNext(255)) - client-A5BCC62C3543->912a7d3b-e3f1-4985-b06b-5f0a929b8060: receive RaftClientReply:client-A5BCC62C3543->912a7d3b-e3f1-4985-b06b-5f0a929b8060@group-3636E5E7603C, cid=1163, SUCCESS, logIndex=1688, commits[912a7d3b-e3f1-4985-b06b-5f0a929b8060:c1689]
2019-07-13 08:32:23,829 INFO  client.GrpcClientProtocolClient (GrpcClientProtocolClient.java:onNext(255)) - client-A5BCC62C3543->912a7d3b-e3f1-4985-b06b-5f0a929b8060: receive RaftClientReply:client-A5BCC62C3543->912a7d3b-e3f1-4985-b06b-5f0a929b8060@group-3636E5E7603C, cid=1164, SUCCESS, logIndex=1689, commits[912a7d3b-e3f1-4985-b06b-5f0a929b8060:c1689]
2019-07-13 08:32:23,851 INFO  client.GrpcClientProtocolClient (GrpcClientProtocolClient.java:onNext(255)) - client-A5BCC62C3543->912a7d3b-e3f1-4985-b06b-5f0a929b8060: receive RaftClientReply:client-A5BCC62C3543->912a7d3b-e3f1-4985-b06b-5f0a929b8060@group-3636E5E7603C, cid=1165, SUCCESS, logIndex=1692, commits[912a7d3b-e3f1-4985-b06b-5f0a929b8060:c1695]
2019-07-13 08:32:23,852 INFO  client.GrpcClientProtocolClient (GrpcClientProtocolClient.java:onNext(255)) - client-A5BCC62C3543->912a7d3b-e3f1-4985-b06b-5f0a929b8060: receive RaftClientReply:client-A5BCC62C3543->912a7d3b-e3f1-4985-b06b-5f0a929b8060@group-3636E5E7603C, cid=1166, SUCCESS, logIndex=1693, commits[912a7d3b-e3f1-4985-b06b-5f0a929b8060:c1696]
2019-07-13 08:32:23,852 INFO  client.GrpcClientProtocolClient (GrpcClientProtocolClient.java:onNext(255)) - client-A5BCC62C3543->912a7d3b-e3f1-4985-b06b-5f0a929b8060: receive RaftClientReply:client-A5BCC62C3543->912a7d3b-e3f1-4985-b06b-5f0a929b8060@group-3636E5E7603C, cid=1167, SUCCESS, logIndex=1694, commits[912a7d3b-e3f1-4985-b06b-5f0a929b8060:c1696]
2019-07-13 08:32:23,853 INFO  client.GrpcClientProtocolClient (GrpcClientProtocolClient.java:onNext(255)) - client-A5BCC62C3543->912a7d3b-e3f1-4985-b06b-5f0a929b8060: receive RaftClientReply:client-A5BCC62C3543->912a7d3b-e3f1-4985-b06b-5f0a929b8060@group-3636E5E7603C, cid=1168, SUCCESS, logIndex=1695, commits[912a7d3b-e3f1-4985-b06b-5f0a929b8060:c1696]
2019-07-13 08:32:23,879 INFO  client.GrpcClientProtocolClient (GrpcClientProtocolClient.java:onNext(255)) - client-A5BCC62C3543->912a7d3b-e3f1-4985-b06b-5f0a929b8060: receive RaftClientReply:client-A5BCC62C3543->912a7d3b-e3f1-4985-b06b-5f0a929b8060@group-3636E5E7603C, cid=1169, SUCCESS, logIndex=1697, commits[912a7d3b-e3f1-4985-b06b-5f0a929b8060:c1698]
2019-07-13 08:32:23,879 INFO  client.GrpcClientProtocolClient (GrpcClientProtocolClient.java:onNext(255)) - client-A5BCC62C3543->912a7d3b-e3f1-4985-b06b-5f0a929b8060: receive RaftClientReply:client-A5BCC62C3543->912a7d3b-e3f1-4985-b06b-5f0a929b8060@group-3636E5E7603C, cid=1170, SUCCESS, logIndex=1698, commits[912a7d3b-e3f1-4985-b06b-5f0a929b8060:c1698]
2019-07-13 08:32:23,880 INFO  client.GrpcClientProtocolClient (GrpcClientProtocolClient.java:onNext(255)) - client-A5BCC62C3543->912a7d3b-e3f1-4985-b06b-5f0a929b8060: receive RaftClientReply:client-A5BCC62C3543->912a7d3b-e3f1-4985-b06b-5f0a929b8060@group-3636E5E7603C, cid=1171, SUCCESS, logIndex=1699, commits[912a7d3b-e3f1-4985-b06b-5f0a929b8060:c1700]
2019-07-13 08:32:23,881 INFO  client.GrpcClientProtocolClient (GrpcClientProtocolClient.java:onNext(255)) - client-A5BCC62C3543->912a7d3b-e3f1-4985-b06b-5f0a929b8060: receive RaftClientReply:client-A5BCC62C3543->912a7d3b-e3f1-4985-b06b-5f0a929b8060@group-3636E5E7603C, cid=1172, SUCCESS, logIndex=1700, commits[912a7d3b-e3f1-4985-b06b-5f0a929b8060:c1700]
2019-07-13 08:32:23,892 INFO  client.GrpcClientProtocolClient (GrpcClientProtocolClient.java:onNext(255)) - client-A5BCC62C3543->912a7d3b-e3f1-4985-b06b-5f0a929b8060: receive RaftClientReply:client-A5BCC62C3543->912a7d3b-e3f1-4985-b06b-5f0a929b8060@group-3636E5E7603C, cid=1173, SUCCESS, logIndex=1703, commits[912a7d3b-e3f1-4985-b06b-5f0a929b8060:c1706]
2019-07-13 08:32:23,893 INFO  client.GrpcClientProtocolClient (GrpcClientProtocolClient.java:onNext(255)) - client-A5BCC62C3543->912a7d3b-e3f1-4985-b06b-5f0a929b8060: receive RaftClientReply:client-A5BCC62C3543->912a7d3b-e3f1-4985-b06b-5f0a929b8060@group-3636E5E7603C, cid=1174, SUCCESS, logIndex=1704, commits[912a7d3b-e3f1-4985-b06b-5f0a929b8060:c1706]
2019-07-13 08:32:23,893 INFO  client.GrpcClientProtocolClient (GrpcClientProtocolClient.java:onNext(255)) - client-A5BCC62C3543->912a7d3b-e3f1-4985-b06b-5f0a929b8060: receive RaftClientReply:client-A5BCC62C3543->912a7d3b-e3f1-4985-b06b-5f0a929b8060@group-3636E5E7603C, cid=1175, SUCCESS, logIndex=1705, commits[912a7d3b-e3f1-4985-b06b-5f0a929b8060:c1706]
2019-07-13 08:32:23,894 INFO  client.GrpcClientProtocolClient (GrpcClientProtocolClient.java:onNext(255)) - client-A5BCC62C3543->912a7d3b-e3f1-4985-b06b-5f0a929b8060: receive RaftClientReply:client-A5BCC62C3543->912a7d3b-e3f1-4985-b06b-5f0a929b8060@group-3636E5E7603C, cid=1176, SUCCESS, logIndex=1706, commits[912a7d3b-e3f1-4985-b06b-5f0a929b8060:c1706]
2019-07-13 08:32:23,899 DEBUG block.SCMBlockDeletingService (SCMBlockDeletingService.java:call(138)) - Running DeletedBlockTransactionScanner
2019-07-13 08:32:23,900 DEBUG block.SCMBlockDeletingService (SCMBlockDeletingService.java:call(155)) - Scanned deleted blocks log and got 0 delTX to process.
2019-07-13 08:32:23,920 INFO  client.GrpcClientProtocolClient (GrpcClientProtocolClient.java:onNext(255)) - client-A5BCC62C3543->912a7d3b-e3f1-4985-b06b-5f0a929b8060: receive RaftClientReply:client-A5BCC62C3543->912a7d3b-e3f1-4985-b06b-5f0a929b8060@group-3636E5E7603C, cid=1177, SUCCESS, logIndex=1708, commits[912a7d3b-e3f1-4985-b06b-5f0a929b8060:c1709]
2019-07-13 08:32:23,920 INFO  client.GrpcClientProtocolClient (GrpcClientProtocolClient.java:onNext(255)) - client-A5BCC62C3543->912a7d3b-e3f1-4985-b06b-5f0a929b8060: receive RaftClientReply:client-A5BCC62C3543->912a7d3b-e3f1-4985-b06b-5f0a929b8060@group-3636E5E7603C, cid=1178, SUCCESS, logIndex=1709, commits[912a7d3b-e3f1-4985-b06b-5f0a929b8060:c1709]
2019-07-13 08:32:23,922 INFO  client.GrpcClientProtocolClient (GrpcClientProtocolClient.java:onNext(255)) - client-A5BCC62C3543->912a7d3b-e3f1-4985-b06b-5f0a929b8060: receive RaftClientReply:client-A5BCC62C3543->912a7d3b-e3f1-4985-b06b-5f0a929b8060@group-3636E5E7603C, cid=1179, SUCCESS, logIndex=1710, commits[912a7d3b-e3f1-4985-b06b-5f0a929b8060:c1711]
2019-07-13 08:32:23,922 INFO  client.GrpcClientProtocolClient (GrpcClientProtocolClient.java:onNext(255)) - client-A5BCC62C3543->912a7d3b-e3f1-4985-b06b-5f0a929b8060: receive RaftClientReply:client-A5BCC62C3543->912a7d3b-e3f1-4985-b06b-5f0a929b8060@group-3636E5E7603C, cid=1180, SUCCESS, logIndex=1711, commits[912a7d3b-e3f1-4985-b06b-5f0a929b8060:c1711]
2019-07-13 08:32:23,934 INFO  client.GrpcClientProtocolClient (GrpcClientProtocolClient.java:onNext(255)) - client-A5BCC62C3543->912a7d3b-e3f1-4985-b06b-5f0a929b8060: receive RaftClientReply:client-A5BCC62C3543->912a7d3b-e3f1-4985-b06b-5f0a929b8060@group-3636E5E7603C, cid=1181, SUCCESS, logIndex=1714, commits[912a7d3b-e3f1-4985-b06b-5f0a929b8060:c1717]
2019-07-13 08:32:23,934 INFO  client.GrpcClientProtocolClient (GrpcClientProtocolClient.java:onNext(255)) - client-A5BCC62C3543->912a7d3b-e3f1-4985-b06b-5f0a929b8060: receive RaftClientReply:client-A5BCC62C3543->912a7d3b-e3f1-4985-b06b-5f0a929b8060@group-3636E5E7603C, cid=1182, SUCCESS, logIndex=1715, commits[912a7d3b-e3f1-4985-b06b-5f0a929b8060:c1717]
2019-07-13 08:32:23,935 INFO  client.GrpcClientProtocolClient (GrpcClientProtocolClient.java:onNext(255)) - client-A5BCC62C3543->912a7d3b-e3f1-4985-b06b-5f0a929b8060: receive RaftClientReply:client-A5BCC62C3543->912a7d3b-e3f1-4985-b06b-5f0a929b8060@group-3636E5E7603C, cid=1183, SUCCESS, logIndex=1716, commits[912a7d3b-e3f1-4985-b06b-5f0a929b8060:c1718]
2019-07-13 08:32:23,935 INFO  client.GrpcClientProtocolClient (GrpcClientProtocolClient.java:onNext(255)) - client-A5BCC62C3543->912a7d3b-e3f1-4985-b06b-5f0a929b8060: receive RaftClientReply:client-A5BCC62C3543->912a7d3b-e3f1-4985-b06b-5f0a929b8060@group-3636E5E7603C, cid=1184, SUCCESS, logIndex=1717, commits[912a7d3b-e3f1-4985-b06b-5f0a929b8060:c1718]
2019-07-13 08:32:23,962 INFO  client.GrpcClientProtocolClient (GrpcClientProtocolClient.java:onNext(255)) - client-A5BCC62C3543->912a7d3b-e3f1-4985-b06b-5f0a929b8060: receive RaftClientReply:client-A5BCC62C3543->912a7d3b-e3f1-4985-b06b-5f0a929b8060@group-3636E5E7603C, cid=1185, SUCCESS, logIndex=1719, commits[912a7d3b-e3f1-4985-b06b-5f0a929b8060:c1720]
2019-07-13 08:32:23,963 INFO  client.GrpcClientProtocolClient (GrpcClientProtocolClient.java:onNext(255)) - client-A5BCC62C3543->912a7d3b-e3f1-4985-b06b-5f0a929b8060: receive RaftClientReply:client-A5BCC62C3543->912a7d3b-e3f1-4985-b06b-5f0a929b8060@group-3636E5E7603C, cid=1186, SUCCESS, logIndex=1720, commits[912a7d3b-e3f1-4985-b06b-5f0a929b8060:c1720]
2019-07-13 08:32:23,964 INFO  client.GrpcClientProtocolClient (GrpcClientProtocolClient.java:onNext(255)) - client-A5BCC62C3543->912a7d3b-e3f1-4985-b06b-5f0a929b8060: receive RaftClientReply:client-A5BCC62C3543->912a7d3b-e3f1-4985-b06b-5f0a929b8060@group-3636E5E7603C, cid=1187, SUCCESS, logIndex=1721, commits[912a7d3b-e3f1-4985-b06b-5f0a929b8060:c1722]
2019-07-13 08:32:23,965 INFO  client.GrpcClientProtocolClient (GrpcClientProtocolClient.java:onNext(255)) - client-A5BCC62C3543->912a7d3b-e3f1-4985-b06b-5f0a929b8060: receive RaftClientReply:client-A5BCC62C3543->912a7d3b-e3f1-4985-b06b-5f0a929b8060@group-3636E5E7603C, cid=1188, SUCCESS, logIndex=1722, commits[912a7d3b-e3f1-4985-b06b-5f0a929b8060:c1722]
2019-07-13 08:32:23,980 INFO  client.GrpcClientProtocolClient (GrpcClientProtocolClient.java:onNext(255)) - client-A5BCC62C3543->912a7d3b-e3f1-4985-b06b-5f0a929b8060: receive RaftClientReply:client-A5BCC62C3543->912a7d3b-e3f1-4985-b06b-5f0a929b8060@group-3636E5E7603C, cid=1189, SUCCESS, logIndex=1725, commits[912a7d3b-e3f1-4985-b06b-5f0a929b8060:c1728]
2019-07-13 08:32:23,981 INFO  client.GrpcClientProtocolClient (GrpcClientProtocolClient.java:onNext(255)) - client-A5BCC62C3543->912a7d3b-e3f1-4985-b06b-5f0a929b8060: receive RaftClientReply:client-A5BCC62C3543->912a7d3b-e3f1-4985-b06b-5f0a929b8060@group-3636E5E7603C, cid=1190, SUCCESS, logIndex=1726, commits[912a7d3b-e3f1-4985-b06b-5f0a929b8060:c1729]
2019-07-13 08:32:23,982 INFO  client.GrpcClientProtocolClient (GrpcClientProtocolClient.java:onNext(255)) - client-A5BCC62C3543->912a7d3b-e3f1-4985-b06b-5f0a929b8060: receive RaftClientReply:client-A5BCC62C3543->912a7d3b-e3f1-4985-b06b-5f0a929b8060@group-3636E5E7603C, cid=1191, SUCCESS, logIndex=1727, commits[912a7d3b-e3f1-4985-b06b-5f0a929b8060:c1729]
2019-07-13 08:32:23,985 INFO  client.GrpcClientProtocolClient (GrpcClientProtocolClient.java:onNext(255)) - client-A5BCC62C3543->912a7d3b-e3f1-4985-b06b-5f0a929b8060: receive RaftClientReply:client-A5BCC62C3543->912a7d3b-e3f1-4985-b06b-5f0a929b8060@group-3636E5E7603C, cid=1192, SUCCESS, logIndex=1728, commits[912a7d3b-e3f1-4985-b06b-5f0a929b8060:c1729]
2019-07-13 08:32:24,000 DEBUG block.SCMBlockDeletingService (SCMBlockDeletingService.java:call(138)) - Running DeletedBlockTransactionScanner
2019-07-13 08:32:24,000 DEBUG block.SCMBlockDeletingService (SCMBlockDeletingService.java:call(155)) - Scanned deleted blocks log and got 0 delTX to process.
2019-07-13 08:32:24,101 DEBUG block.SCMBlockDeletingService (SCMBlockDeletingService.java:call(138)) - Running DeletedBlockTransactionScanner
2019-07-13 08:32:24,101 DEBUG block.SCMBlockDeletingService (SCMBlockDeletingService.java:call(155)) - Scanned deleted blocks log and got 0 delTX to process.
2019-07-13 08:32:24,133 INFO  client.GrpcClientProtocolClient (GrpcClientProtocolClient.java:onNext(255)) - client-A5BCC62C3543->912a7d3b-e3f1-4985-b06b-5f0a929b8060: receive RaftClientReply:client-A5BCC62C3543->912a7d3b-e3f1-4985-b06b-5f0a929b8060@group-3636E5E7603C, cid=1193, SUCCESS, logIndex=1730, commits[912a7d3b-e3f1-4985-b06b-5f0a929b8060:c1731]
2019-07-13 08:32:24,134 INFO  client.GrpcClientProtocolClient (GrpcClientProtocolClient.java:onNext(255)) - client-A5BCC62C3543->912a7d3b-e3f1-4985-b06b-5f0a929b8060: receive RaftClientReply:client-A5BCC62C3543->912a7d3b-e3f1-4985-b06b-5f0a929b8060@group-3636E5E7603C, cid=1194, SUCCESS, logIndex=1731, commits[912a7d3b-e3f1-4985-b06b-5f0a929b8060:c1734]
2019-07-13 08:32:24,134 INFO  client.GrpcClientProtocolClient (GrpcClientProtocolClient.java:onNext(255)) - client-A5BCC62C3543->912a7d3b-e3f1-4985-b06b-5f0a929b8060: receive RaftClientReply:client-A5BCC62C3543->912a7d3b-e3f1-4985-b06b-5f0a929b8060@group-3636E5E7603C, cid=1195, SUCCESS, logIndex=1732, commits[912a7d3b-e3f1-4985-b06b-5f0a929b8060:c1734]
2019-07-13 08:32:24,134 INFO  client.GrpcClientProtocolClient (GrpcClientProtocolClient.java:onNext(255)) - client-A5BCC62C3543->912a7d3b-e3f1-4985-b06b-5f0a929b8060: receive RaftClientReply:client-A5BCC62C3543->912a7d3b-e3f1-4985-b06b-5f0a929b8060@group-3636E5E7603C, cid=1196, SUCCESS, logIndex=1733, commits[912a7d3b-e3f1-4985-b06b-5f0a929b8060:c1735]
2019-07-13 08:32:24,155 INFO  client.GrpcClientProtocolClient (GrpcClientProtocolClient.java:onNext(255)) - client-A5BCC62C3543->912a7d3b-e3f1-4985-b06b-5f0a929b8060: receive RaftClientReply:client-A5BCC62C3543->912a7d3b-e3f1-4985-b06b-5f0a929b8060@group-3636E5E7603C, cid=1197, SUCCESS, logIndex=1736, commits[912a7d3b-e3f1-4985-b06b-5f0a929b8060:c1737]
2019-07-13 08:32:24,156 INFO  client.GrpcClientProtocolClient (GrpcClientProtocolClient.java:onNext(255)) - client-A5BCC62C3543->912a7d3b-e3f1-4985-b06b-5f0a929b8060: receive RaftClientReply:client-A5BCC62C3543->912a7d3b-e3f1-4985-b06b-5f0a929b8060@group-3636E5E7603C, cid=1198, SUCCESS, logIndex=1737, commits[912a7d3b-e3f1-4985-b06b-5f0a929b8060:c1739]
2019-07-13 08:32:24,157 INFO  client.GrpcClientProtocolClient (GrpcClientProtocolClient.java:onNext(255)) - client-A5BCC62C3543->912a7d3b-e3f1-4985-b06b-5f0a929b8060: receive RaftClientReply:client-A5BCC62C3543->912a7d3b-e3f1-4985-b06b-5f0a929b8060@group-3636E5E7603C, cid=1199, SUCCESS, logIndex=1738, commits[912a7d3b-e3f1-4985-b06b-5f0a929b8060:c1740]
2019-07-13 08:32:24,157 INFO  client.GrpcClientProtocolClient (GrpcClientProtocolClient.java:onNext(255)) - client-A5BCC62C3543->912a7d3b-e3f1-4985-b06b-5f0a929b8060: receive RaftClientReply:client-A5BCC62C3543->912a7d3b-e3f1-4985-b06b-5f0a929b8060@group-3636E5E7603C, cid=1200, SUCCESS, logIndex=1739, commits[912a7d3b-e3f1-4985-b06b-5f0a929b8060:c1741]
2019-07-13 08:32:24,186 INFO  client.GrpcClientProtocolClient (GrpcClientProtocolClient.java:onNext(255)) - client-A5BCC62C3543->912a7d3b-e3f1-4985-b06b-5f0a929b8060: receive RaftClientReply:client-A5BCC62C3543->912a7d3b-e3f1-4985-b06b-5f0a929b8060@group-3636E5E7603C, cid=1201, SUCCESS, logIndex=1742, commits[912a7d3b-e3f1-4985-b06b-5f0a929b8060:c1743]
2019-07-13 08:32:24,187 INFO  client.GrpcClientProtocolClient (GrpcClientProtocolClient.java:onNext(255)) - client-A5BCC62C3543->912a7d3b-e3f1-4985-b06b-5f0a929b8060: receive RaftClientReply:client-A5BCC62C3543->912a7d3b-e3f1-4985-b06b-5f0a929b8060@group-3636E5E7603C, cid=1202, SUCCESS, logIndex=1743, commits[912a7d3b-e3f1-4985-b06b-5f0a929b8060:c1743]
2019-07-13 08:32:24,188 INFO  client.GrpcClientProtocolClient (GrpcClientProtocolClient.java:onNext(255)) - client-A5BCC62C3543->912a7d3b-e3f1-4985-b06b-5f0a929b8060: receive RaftClientReply:client-A5BCC62C3543->912a7d3b-e3f1-4985-b06b-5f0a929b8060@group-3636E5E7603C, cid=1203, SUCCESS, logIndex=1744, commits[912a7d3b-e3f1-4985-b06b-5f0a929b8060:c1745]
2019-07-13 08:32:24,189 INFO  client.GrpcClientProtocolClient (GrpcClientProtocolClient.java:onNext(255)) - client-A5BCC62C3543->912a7d3b-e3f1-4985-b06b-5f0a929b8060: receive RaftClientReply:client-A5BCC62C3543->912a7d3b-e3f1-4985-b06b-5f0a929b8060@group-3636E5E7603C, cid=1204, SUCCESS, logIndex=1745, commits[912a7d3b-e3f1-4985-b06b-5f0a929b8060:c1745]
2019-07-13 08:32:24,202 DEBUG block.SCMBlockDeletingService (SCMBlockDeletingService.java:call(138)) - Running DeletedBlockTransactionScanner
2019-07-13 08:32:24,202 DEBUG block.SCMBlockDeletingService (SCMBlockDeletingService.java:call(155)) - Scanned deleted blocks log and got 0 delTX to process.
2019-07-13 08:32:24,211 INFO  client.GrpcClientProtocolClient (GrpcClientProtocolClient.java:onNext(255)) - client-A5BCC62C3543->912a7d3b-e3f1-4985-b06b-5f0a929b8060: receive RaftClientReply:client-A5BCC62C3543->912a7d3b-e3f1-4985-b06b-5f0a929b8060@group-3636E5E7603C, cid=1205, SUCCESS, logIndex=1748, commits[912a7d3b-e3f1-4985-b06b-5f0a929b8060:c1751]
2019-07-13 08:32:24,212 INFO  client.GrpcClientProtocolClient (GrpcClientProtocolClient.java:onNext(255)) - client-A5BCC62C3543->912a7d3b-e3f1-4985-b06b-5f0a929b8060: receive RaftClientReply:client-A5BCC62C3543->912a7d3b-e3f1-4985-b06b-5f0a929b8060@group-3636E5E7603C, cid=1206, SUCCESS, logIndex=1749, commits[912a7d3b-e3f1-4985-b06b-5f0a929b8060:c1751]
2019-07-13 08:32:24,212 INFO  client.GrpcClientProtocolClient (GrpcClientProtocolClient.java:onNext(255)) - client-A5BCC62C3543->912a7d3b-e3f1-4985-b06b-5f0a929b8060: receive RaftClientReply:client-A5BCC62C3543->912a7d3b-e3f1-4985-b06b-5f0a929b8060@group-3636E5E7603C, cid=1207, SUCCESS, logIndex=1750, commits[912a7d3b-e3f1-4985-b06b-5f0a929b8060:c1751]
2019-07-13 08:32:24,213 INFO  client.GrpcClientProtocolClient (GrpcClientProtocolClient.java:onNext(255)) - client-A5BCC62C3543->912a7d3b-e3f1-4985-b06b-5f0a929b8060: receive RaftClientReply:client-A5BCC62C3543->912a7d3b-e3f1-4985-b06b-5f0a929b8060@group-3636E5E7603C, cid=1208, SUCCESS, logIndex=1751, commits[912a7d3b-e3f1-4985-b06b-5f0a929b8060:c1751]
2019-07-13 08:32:24,302 DEBUG block.SCMBlockDeletingService (SCMBlockDeletingService.java:call(138)) - Running DeletedBlockTransactionScanner
2019-07-13 08:32:24,303 DEBUG block.SCMBlockDeletingService (SCMBlockDeletingService.java:call(155)) - Scanned deleted blocks log and got 0 delTX to process.
2019-07-13 08:32:24,306 INFO  client.GrpcClientProtocolClient (GrpcClientProtocolClient.java:onNext(255)) - client-A5BCC62C3543->912a7d3b-e3f1-4985-b06b-5f0a929b8060: receive RaftClientReply:client-A5BCC62C3543->912a7d3b-e3f1-4985-b06b-5f0a929b8060@group-3636E5E7603C, cid=1209, SUCCESS, logIndex=1753, commits[912a7d3b-e3f1-4985-b06b-5f0a929b8060:c1756]
2019-07-13 08:32:24,307 INFO  client.GrpcClientProtocolClient (GrpcClientProtocolClient.java:onNext(255)) - client-A5BCC62C3543->912a7d3b-e3f1-4985-b06b-5f0a929b8060: receive RaftClientReply:client-A5BCC62C3543->912a7d3b-e3f1-4985-b06b-5f0a929b8060@group-3636E5E7603C, cid=1210, SUCCESS, logIndex=1754, commits[912a7d3b-e3f1-4985-b06b-5f0a929b8060:c1757]
2019-07-13 08:32:24,307 INFO  client.GrpcClientProtocolClient (GrpcClientProtocolClient.java:onNext(255)) - client-A5BCC62C3543->912a7d3b-e3f1-4985-b06b-5f0a929b8060: receive RaftClientReply:client-A5BCC62C3543->912a7d3b-e3f1-4985-b06b-5f0a929b8060@group-3636E5E7603C, cid=1211, SUCCESS, logIndex=1755, commits[912a7d3b-e3f1-4985-b06b-5f0a929b8060:c1757]
2019-07-13 08:32:24,308 INFO  client.GrpcClientProtocolClient (GrpcClientProtocolClient.java:onNext(255)) - client-A5BCC62C3543->912a7d3b-e3f1-4985-b06b-5f0a929b8060: receive RaftClientReply:client-A5BCC62C3543->912a7d3b-e3f1-4985-b06b-5f0a929b8060@group-3636E5E7603C, cid=1212, SUCCESS, logIndex=1756, commits[912a7d3b-e3f1-4985-b06b-5f0a929b8060:c1757]
2019-07-13 08:32:24,330 INFO  client.GrpcClientProtocolClient (GrpcClientProtocolClient.java:onNext(255)) - client-A5BCC62C3543->912a7d3b-e3f1-4985-b06b-5f0a929b8060: receive RaftClientReply:client-A5BCC62C3543->912a7d3b-e3f1-4985-b06b-5f0a929b8060@group-3636E5E7603C, cid=1213, SUCCESS, logIndex=1758, commits[912a7d3b-e3f1-4985-b06b-5f0a929b8060:c1759]
2019-07-13 08:32:24,330 INFO  client.GrpcClientProtocolClient (GrpcClientProtocolClient.java:onNext(255)) - client-A5BCC62C3543->912a7d3b-e3f1-4985-b06b-5f0a929b8060: receive RaftClientReply:client-A5BCC62C3543->912a7d3b-e3f1-4985-b06b-5f0a929b8060@group-3636E5E7603C, cid=1214, SUCCESS, logIndex=1759, commits[912a7d3b-e3f1-4985-b06b-5f0a929b8060:c1761]
2019-07-13 08:32:24,331 INFO  client.GrpcClientProtocolClient (GrpcClientProtocolClient.java:onNext(255)) - client-A5BCC62C3543->912a7d3b-e3f1-4985-b06b-5f0a929b8060: receive RaftClientReply:client-A5BCC62C3543->912a7d3b-e3f1-4985-b06b-5f0a929b8060@group-3636E5E7603C, cid=1215, SUCCESS, logIndex=1760, commits[912a7d3b-e3f1-4985-b06b-5f0a929b8060:c1762]
2019-07-13 08:32:24,331 INFO  client.GrpcClientProtocolClient (GrpcClientProtocolClient.java:onNext(255)) - client-A5BCC62C3543->912a7d3b-e3f1-4985-b06b-5f0a929b8060: receive RaftClientReply:client-A5BCC62C3543->912a7d3b-e3f1-4985-b06b-5f0a929b8060@group-3636E5E7603C, cid=1216, SUCCESS, logIndex=1761, commits[912a7d3b-e3f1-4985-b06b-5f0a929b8060:c1763]
2019-07-13 08:32:24,362 INFO  client.GrpcClientProtocolClient (GrpcClientProtocolClient.java:onNext(255)) - client-A5BCC62C3543->912a7d3b-e3f1-4985-b06b-5f0a929b8060: receive RaftClientReply:client-A5BCC62C3543->912a7d3b-e3f1-4985-b06b-5f0a929b8060@group-3636E5E7603C, cid=1217, SUCCESS, logIndex=1764, commits[912a7d3b-e3f1-4985-b06b-5f0a929b8060:c1765]
2019-07-13 08:32:24,362 INFO  client.GrpcClientProtocolClient (GrpcClientProtocolClient.java:onNext(255)) - client-A5BCC62C3543->912a7d3b-e3f1-4985-b06b-5f0a929b8060: receive RaftClientReply:client-A5BCC62C3543->912a7d3b-e3f1-4985-b06b-5f0a929b8060@group-3636E5E7603C, cid=1218, SUCCESS, logIndex=1765, commits[912a7d3b-e3f1-4985-b06b-5f0a929b8060:c1765]
2019-07-13 08:32:24,364 INFO  client.GrpcClientProtocolClient (GrpcClientProtocolClient.java:onNext(255)) - client-A5BCC62C3543->912a7d3b-e3f1-4985-b06b-5f0a929b8060: receive RaftClientReply:client-A5BCC62C3543->912a7d3b-e3f1-4985-b06b-5f0a929b8060@group-3636E5E7603C, cid=1219, SUCCESS, logIndex=1766, commits[912a7d3b-e3f1-4985-b06b-5f0a929b8060:c1767]
2019-07-13 08:32:24,364 INFO  client.GrpcClientProtocolClient (GrpcClientProtocolClient.java:onNext(255)) - client-A5BCC62C3543->912a7d3b-e3f1-4985-b06b-5f0a929b8060: receive RaftClientReply:client-A5BCC62C3543->912a7d3b-e3f1-4985-b06b-5f0a929b8060@group-3636E5E7603C, cid=1220, SUCCESS, logIndex=1767, commits[912a7d3b-e3f1-4985-b06b-5f0a929b8060:c1767]
2019-07-13 08:32:24,388 INFO  client.GrpcClientProtocolClient (GrpcClientProtocolClient.java:onNext(255)) - client-A5BCC62C3543->912a7d3b-e3f1-4985-b06b-5f0a929b8060: receive RaftClientReply:client-A5BCC62C3543->912a7d3b-e3f1-4985-b06b-5f0a929b8060@group-3636E5E7603C, cid=1221, SUCCESS, logIndex=1770, commits[912a7d3b-e3f1-4985-b06b-5f0a929b8060:c1773]
2019-07-13 08:32:24,389 INFO  client.GrpcClientProtocolClient (GrpcClientProtocolClient.java:onNext(255)) - client-A5BCC62C3543->912a7d3b-e3f1-4985-b06b-5f0a929b8060: receive RaftClientReply:client-A5BCC62C3543->912a7d3b-e3f1-4985-b06b-5f0a929b8060@group-3636E5E7603C, cid=1222, SUCCESS, logIndex=1771, commits[912a7d3b-e3f1-4985-b06b-5f0a929b8060:c1774]
2019-07-13 08:32:24,389 INFO  client.GrpcClientProtocolClient (GrpcClientProtocolClient.java:onNext(255)) - client-A5BCC62C3543->912a7d3b-e3f1-4985-b06b-5f0a929b8060: receive RaftClientReply:client-A5BCC62C3543->912a7d3b-e3f1-4985-b06b-5f0a929b8060@group-3636E5E7603C, cid=1223, SUCCESS, logIndex=1772, commits[912a7d3b-e3f1-4985-b06b-5f0a929b8060:c1774]
2019-07-13 08:32:24,389 INFO  client.GrpcClientProtocolClient (GrpcClientProtocolClient.java:onNext(255)) - client-A5BCC62C3543->912a7d3b-e3f1-4985-b06b-5f0a929b8060: receive RaftClientReply:client-A5BCC62C3543->912a7d3b-e3f1-4985-b06b-5f0a929b8060@group-3636E5E7603C, cid=1224, SUCCESS, logIndex=1773, commits[912a7d3b-e3f1-4985-b06b-5f0a929b8060:c1774]
2019-07-13 08:32:24,403 DEBUG block.SCMBlockDeletingService (SCMBlockDeletingService.java:call(138)) - Running DeletedBlockTransactionScanner
2019-07-13 08:32:24,403 DEBUG block.SCMBlockDeletingService (SCMBlockDeletingService.java:call(155)) - Scanned deleted blocks log and got 0 delTX to process.
2019-07-13 08:32:24,417 INFO  client.GrpcClientProtocolClient (GrpcClientProtocolClient.java:onNext(255)) - client-A5BCC62C3543->912a7d3b-e3f1-4985-b06b-5f0a929b8060: receive RaftClientReply:client-A5BCC62C3543->912a7d3b-e3f1-4985-b06b-5f0a929b8060@group-3636E5E7603C, cid=1225, SUCCESS, logIndex=1775, commits[912a7d3b-e3f1-4985-b06b-5f0a929b8060:c1776]
2019-07-13 08:32:24,418 INFO  client.GrpcClientProtocolClient (GrpcClientProtocolClient.java:onNext(255)) - client-A5BCC62C3543->912a7d3b-e3f1-4985-b06b-5f0a929b8060: receive RaftClientReply:client-A5BCC62C3543->912a7d3b-e3f1-4985-b06b-5f0a929b8060@group-3636E5E7603C, cid=1226, SUCCESS, logIndex=1776, commits[912a7d3b-e3f1-4985-b06b-5f0a929b8060:c1778]
2019-07-13 08:32:24,418 INFO  client.GrpcClientProtocolClient (GrpcClientProtocolClient.java:onNext(255)) - client-A5BCC62C3543->912a7d3b-e3f1-4985-b06b-5f0a929b8060: receive RaftClientReply:client-A5BCC62C3543->912a7d3b-e3f1-4985-b06b-5f0a929b8060@group-3636E5E7603C, cid=1227, SUCCESS, logIndex=1777, commits[912a7d3b-e3f1-4985-b06b-5f0a929b8060:c1779]
2019-07-13 08:32:24,419 INFO  client.GrpcClientProtocolClient (GrpcClientProtocolClient.java:onNext(255)) - client-A5BCC62C3543->912a7d3b-e3f1-4985-b06b-5f0a929b8060: receive RaftClientReply:client-A5BCC62C3543->912a7d3b-e3f1-4985-b06b-5f0a929b8060@group-3636E5E7603C, cid=1228, SUCCESS, logIndex=1778, commits[912a7d3b-e3f1-4985-b06b-5f0a929b8060:c1779]
2019-07-13 08:32:24,440 INFO  client.GrpcClientProtocolClient (GrpcClientProtocolClient.java:onNext(255)) - client-A5BCC62C3543->912a7d3b-e3f1-4985-b06b-5f0a929b8060: receive RaftClientReply:client-A5BCC62C3543->912a7d3b-e3f1-4985-b06b-5f0a929b8060@group-3636E5E7603C, cid=1229, SUCCESS, logIndex=1781, commits[912a7d3b-e3f1-4985-b06b-5f0a929b8060:c1782]
2019-07-13 08:32:24,440 INFO  client.GrpcClientProtocolClient (GrpcClientProtocolClient.java:onNext(255)) - client-A5BCC62C3543->912a7d3b-e3f1-4985-b06b-5f0a929b8060: receive RaftClientReply:client-A5BCC62C3543->912a7d3b-e3f1-4985-b06b-5f0a929b8060@group-3636E5E7603C, cid=1230, SUCCESS, logIndex=1782, commits[912a7d3b-e3f1-4985-b06b-5f0a929b8060:c1782]
2019-07-13 08:32:24,442 INFO  client.GrpcClientProtocolClient (GrpcClientProtocolClient.java:onNext(255)) - client-A5BCC62C3543->912a7d3b-e3f1-4985-b06b-5f0a929b8060: receive RaftClientReply:client-A5BCC62C3543->912a7d3b-e3f1-4985-b06b-5f0a929b8060@group-3636E5E7603C, cid=1231, SUCCESS, logIndex=1783, commits[912a7d3b-e3f1-4985-b06b-5f0a929b8060:c1784]
2019-07-13 08:32:24,442 INFO  client.GrpcClientProtocolClient (GrpcClientProtocolClient.java:onNext(255)) - client-A5BCC62C3543->912a7d3b-e3f1-4985-b06b-5f0a929b8060: receive RaftClientReply:client-A5BCC62C3543->912a7d3b-e3f1-4985-b06b-5f0a929b8060@group-3636E5E7603C, cid=1232, SUCCESS, logIndex=1784, commits[912a7d3b-e3f1-4985-b06b-5f0a929b8060:c1784]
2019-07-13 08:32:24,470 INFO  client.GrpcClientProtocolClient (GrpcClientProtocolClient.java:onNext(255)) - client-A5BCC62C3543->912a7d3b-e3f1-4985-b06b-5f0a929b8060: receive RaftClientReply:client-A5BCC62C3543->912a7d3b-e3f1-4985-b06b-5f0a929b8060@group-3636E5E7603C, cid=1233, SUCCESS, logIndex=1787, commits[912a7d3b-e3f1-4985-b06b-5f0a929b8060:c1790]
2019-07-13 08:32:24,471 INFO  client.GrpcClientProtocolClient (GrpcClientProtocolClient.java:onNext(255)) - client-A5BCC62C3543->912a7d3b-e3f1-4985-b06b-5f0a929b8060: receive RaftClientReply:client-A5BCC62C3543->912a7d3b-e3f1-4985-b06b-5f0a929b8060@group-3636E5E7603C, cid=1234, SUCCESS, logIndex=1788, commits[912a7d3b-e3f1-4985-b06b-5f0a929b8060:c1791]
2019-07-13 08:32:24,471 INFO  client.GrpcClientProtocolClient (GrpcClientProtocolClient.java:onNext(255)) - client-A5BCC62C3543->912a7d3b-e3f1-4985-b06b-5f0a929b8060: receive RaftClientReply:client-A5BCC62C3543->912a7d3b-e3f1-4985-b06b-5f0a929b8060@group-3636E5E7603C, cid=1235, SUCCESS, logIndex=1789, commits[912a7d3b-e3f1-4985-b06b-5f0a929b8060:c1791]
2019-07-13 08:32:24,472 INFO  client.GrpcClientProtocolClient (GrpcClientProtocolClient.java:onNext(255)) - client-A5BCC62C3543->912a7d3b-e3f1-4985-b06b-5f0a929b8060: receive RaftClientReply:client-A5BCC62C3543->912a7d3b-e3f1-4985-b06b-5f0a929b8060@group-3636E5E7603C, cid=1236, SUCCESS, logIndex=1790, commits[912a7d3b-e3f1-4985-b06b-5f0a929b8060:c1792]
2019-07-13 08:32:24,504 DEBUG block.SCMBlockDeletingService (SCMBlockDeletingService.java:call(138)) - Running DeletedBlockTransactionScanner
2019-07-13 08:32:24,504 DEBUG block.SCMBlockDeletingService (SCMBlockDeletingService.java:call(155)) - Scanned deleted blocks log and got 0 delTX to process.
2019-07-13 08:32:24,597 INFO  client.GrpcClientProtocolClient (GrpcClientProtocolClient.java:onNext(255)) - client-A5BCC62C3543->912a7d3b-e3f1-4985-b06b-5f0a929b8060: receive RaftClientReply:client-A5BCC62C3543->912a7d3b-e3f1-4985-b06b-5f0a929b8060@group-3636E5E7603C, cid=1237, SUCCESS, logIndex=1793, commits[912a7d3b-e3f1-4985-b06b-5f0a929b8060:c1794]
2019-07-13 08:32:24,598 INFO  client.GrpcClientProtocolClient (GrpcClientProtocolClient.java:onNext(255)) - client-A5BCC62C3543->912a7d3b-e3f1-4985-b06b-5f0a929b8060: receive RaftClientReply:client-A5BCC62C3543->912a7d3b-e3f1-4985-b06b-5f0a929b8060@group-3636E5E7603C, cid=1238, SUCCESS, logIndex=1794, commits[912a7d3b-e3f1-4985-b06b-5f0a929b8060:c1796]
2019-07-13 08:32:24,598 INFO  client.GrpcClientProtocolClient (GrpcClientProtocolClient.java:onNext(255)) - client-A5BCC62C3543->912a7d3b-e3f1-4985-b06b-5f0a929b8060: receive RaftClientReply:client-A5BCC62C3543->912a7d3b-e3f1-4985-b06b-5f0a929b8060@group-3636E5E7603C, cid=1239, SUCCESS, logIndex=1795, commits[912a7d3b-e3f1-4985-b06b-5f0a929b8060:c1796]
2019-07-13 08:32:24,599 INFO  client.GrpcClientProtocolClient (GrpcClientProtocolClient.java:onNext(255)) - client-A5BCC62C3543->912a7d3b-e3f1-4985-b06b-5f0a929b8060: receive RaftClientReply:client-A5BCC62C3543->912a7d3b-e3f1-4985-b06b-5f0a929b8060@group-3636E5E7603C, cid=1240, SUCCESS, logIndex=1796, commits[912a7d3b-e3f1-4985-b06b-5f0a929b8060:c1797]
2019-07-13 08:32:24,605 DEBUG block.SCMBlockDeletingService (SCMBlockDeletingService.java:call(138)) - Running DeletedBlockTransactionScanner
2019-07-13 08:32:24,605 DEBUG block.SCMBlockDeletingService (SCMBlockDeletingService.java:call(155)) - Scanned deleted blocks log and got 0 delTX to process.
2019-07-13 08:32:24,626 INFO  client.GrpcClientProtocolClient (GrpcClientProtocolClient.java:onNext(255)) - client-A5BCC62C3543->912a7d3b-e3f1-4985-b06b-5f0a929b8060: receive RaftClientReply:client-A5BCC62C3543->912a7d3b-e3f1-4985-b06b-5f0a929b8060@group-3636E5E7603C, cid=1241, SUCCESS, logIndex=1799, commits[912a7d3b-e3f1-4985-b06b-5f0a929b8060:c1800]
2019-07-13 08:32:24,627 INFO  client.GrpcClientProtocolClient (GrpcClientProtocolClient.java:onNext(255)) - client-A5BCC62C3543->912a7d3b-e3f1-4985-b06b-5f0a929b8060: receive RaftClientReply:client-A5BCC62C3543->912a7d3b-e3f1-4985-b06b-5f0a929b8060@group-3636E5E7603C, cid=1242, SUCCESS, logIndex=1800, commits[912a7d3b-e3f1-4985-b06b-5f0a929b8060:c1802]
2019-07-13 08:32:24,627 INFO  client.GrpcClientProtocolClient (GrpcClientProtocolClient.java:onNext(255)) - client-A5BCC62C3543->912a7d3b-e3f1-4985-b06b-5f0a929b8060: receive RaftClientReply:client-A5BCC62C3543->912a7d3b-e3f1-4985-b06b-5f0a929b8060@group-3636E5E7603C, cid=1243, SUCCESS, logIndex=1801, commits[912a7d3b-e3f1-4985-b06b-5f0a929b8060:c1803]
2019-07-13 08:32:24,627 INFO  client.GrpcClientProtocolClient (GrpcClientProtocolClient.java:onNext(255)) - client-A5BCC62C3543->912a7d3b-e3f1-4985-b06b-5f0a929b8060: receive RaftClientReply:client-A5BCC62C3543->912a7d3b-e3f1-4985-b06b-5f0a929b8060@group-3636E5E7603C, cid=1244, SUCCESS, logIndex=1802, commits[912a7d3b-e3f1-4985-b06b-5f0a929b8060:c1803]
2019-07-13 08:32:24,648 INFO  client.GrpcClientProtocolClient (GrpcClientProtocolClient.java:onNext(255)) - client-A5BCC62C3543->912a7d3b-e3f1-4985-b06b-5f0a929b8060: receive RaftClientReply:client-A5BCC62C3543->912a7d3b-e3f1-4985-b06b-5f0a929b8060@group-3636E5E7603C, cid=1245, SUCCESS, logIndex=1805, commits[912a7d3b-e3f1-4985-b06b-5f0a929b8060:c1806]
2019-07-13 08:32:24,649 INFO  client.GrpcClientProtocolClient (GrpcClientProtocolClient.java:onNext(255)) - client-A5BCC62C3543->912a7d3b-e3f1-4985-b06b-5f0a929b8060: receive RaftClientReply:client-A5BCC62C3543->912a7d3b-e3f1-4985-b06b-5f0a929b8060@group-3636E5E7603C, cid=1246, SUCCESS, logIndex=1806, commits[912a7d3b-e3f1-4985-b06b-5f0a929b8060:c1808]
2019-07-13 08:32:24,649 INFO  client.GrpcClientProtocolClient (GrpcClientProtocolClient.java:onNext(255)) - client-A5BCC62C3543->912a7d3b-e3f1-4985-b06b-5f0a929b8060: receive RaftClientReply:client-A5BCC62C3543->912a7d3b-e3f1-4985-b06b-5f0a929b8060@group-3636E5E7603C, cid=1247, SUCCESS, logIndex=1807, commits[912a7d3b-e3f1-4985-b06b-5f0a929b8060:c1808]
2019-07-13 08:32:24,650 INFO  client.GrpcClientProtocolClient (GrpcClientProtocolClient.java:onNext(255)) - client-A5BCC62C3543->912a7d3b-e3f1-4985-b06b-5f0a929b8060: receive RaftClientReply:client-A5BCC62C3543->912a7d3b-e3f1-4985-b06b-5f0a929b8060@group-3636E5E7603C, cid=1248, SUCCESS, logIndex=1808, commits[912a7d3b-e3f1-4985-b06b-5f0a929b8060:c1809]
2019-07-13 08:32:24,679 INFO  client.GrpcClientProtocolClient (GrpcClientProtocolClient.java:onNext(255)) - client-A5BCC62C3543->912a7d3b-e3f1-4985-b06b-5f0a929b8060: receive RaftClientReply:client-A5BCC62C3543->912a7d3b-e3f1-4985-b06b-5f0a929b8060@group-3636E5E7603C, cid=1249, SUCCESS, logIndex=1811, commits[912a7d3b-e3f1-4985-b06b-5f0a929b8060:c1812]
2019-07-13 08:32:24,679 INFO  client.GrpcClientProtocolClient (GrpcClientProtocolClient.java:onNext(255)) - client-A5BCC62C3543->912a7d3b-e3f1-4985-b06b-5f0a929b8060: receive RaftClientReply:client-A5BCC62C3543->912a7d3b-e3f1-4985-b06b-5f0a929b8060@group-3636E5E7603C, cid=1250, SUCCESS, logIndex=1812, commits[912a7d3b-e3f1-4985-b06b-5f0a929b8060:c1812]
2019-07-13 08:32:24,680 INFO  client.GrpcClientProtocolClient (GrpcClientProtocolClient.java:onNext(255)) - client-A5BCC62C3543->912a7d3b-e3f1-4985-b06b-5f0a929b8060: receive RaftClientReply:client-A5BCC62C3543->912a7d3b-e3f1-4985-b06b-5f0a929b8060@group-3636E5E7603C, cid=1251, SUCCESS, logIndex=1813, commits[912a7d3b-e3f1-4985-b06b-5f0a929b8060:c1814]
2019-07-13 08:32:24,681 INFO  client.GrpcClientProtocolClient (GrpcClientProtocolClient.java:onNext(255)) - client-A5BCC62C3543->912a7d3b-e3f1-4985-b06b-5f0a929b8060: receive RaftClientReply:client-A5BCC62C3543->912a7d3b-e3f1-4985-b06b-5f0a929b8060@group-3636E5E7603C, cid=1252, SUCCESS, logIndex=1814, commits[912a7d3b-e3f1-4985-b06b-5f0a929b8060:c1814]
2019-07-13 08:32:24,694 INFO  client.GrpcClientProtocolClient (GrpcClientProtocolClient.java:onNext(255)) - client-A5BCC62C3543->912a7d3b-e3f1-4985-b06b-5f0a929b8060: receive RaftClientReply:client-A5BCC62C3543->912a7d3b-e3f1-4985-b06b-5f0a929b8060@group-3636E5E7603C, cid=1253, SUCCESS, logIndex=1817, commits[912a7d3b-e3f1-4985-b06b-5f0a929b8060:c1818]
2019-07-13 08:32:24,695 INFO  client.GrpcClientProtocolClient (GrpcClientProtocolClient.java:onNext(255)) - client-A5BCC62C3543->912a7d3b-e3f1-4985-b06b-5f0a929b8060: receive RaftClientReply:client-A5BCC62C3543->912a7d3b-e3f1-4985-b06b-5f0a929b8060@group-3636E5E7603C, cid=1254, SUCCESS, logIndex=1818, commits[912a7d3b-e3f1-4985-b06b-5f0a929b8060:c1818]
2019-07-13 08:32:24,705 INFO  client.GrpcClientProtocolClient (GrpcClientProtocolClient.java:onNext(255)) - client-A5BCC62C3543->912a7d3b-e3f1-4985-b06b-5f0a929b8060: receive RaftClientReply:client-A5BCC62C3543->912a7d3b-e3f1-4985-b06b-5f0a929b8060@group-3636E5E7603C, cid=1255, SUCCESS, logIndex=1819, commits[912a7d3b-e3f1-4985-b06b-5f0a929b8060:c1821]
2019-07-13 08:32:24,705 DEBUG block.SCMBlockDeletingService (SCMBlockDeletingService.java:call(138)) - Running DeletedBlockTransactionScanner
2019-07-13 08:32:24,706 DEBUG block.SCMBlockDeletingService (SCMBlockDeletingService.java:call(155)) - Scanned deleted blocks log and got 0 delTX to process.
2019-07-13 08:32:24,706 INFO  client.GrpcClientProtocolClient (GrpcClientProtocolClient.java:onNext(255)) - client-A5BCC62C3543->912a7d3b-e3f1-4985-b06b-5f0a929b8060: receive RaftClientReply:client-A5BCC62C3543->912a7d3b-e3f1-4985-b06b-5f0a929b8060@group-3636E5E7603C, cid=1256, SUCCESS, logIndex=1820, commits[912a7d3b-e3f1-4985-b06b-5f0a929b8060:c1821]
2019-07-13 08:32:24,731 INFO  client.GrpcClientProtocolClient (GrpcClientProtocolClient.java:onNext(255)) - client-A5BCC62C3543->912a7d3b-e3f1-4985-b06b-5f0a929b8060: receive RaftClientReply:client-A5BCC62C3543->912a7d3b-e3f1-4985-b06b-5f0a929b8060@group-3636E5E7603C, cid=1257, SUCCESS, logIndex=1822, commits[912a7d3b-e3f1-4985-b06b-5f0a929b8060:c1823]
2019-07-13 08:32:24,732 INFO  client.GrpcClientProtocolClient (GrpcClientProtocolClient.java:onNext(255)) - client-A5BCC62C3543->912a7d3b-e3f1-4985-b06b-5f0a929b8060: receive RaftClientReply:client-A5BCC62C3543->912a7d3b-e3f1-4985-b06b-5f0a929b8060@group-3636E5E7603C, cid=1258, SUCCESS, logIndex=1823, commits[912a7d3b-e3f1-4985-b06b-5f0a929b8060:c1823]
2019-07-13 08:32:24,732 INFO  client.GrpcClientProtocolClient (GrpcClientProtocolClient.java:onNext(255)) - client-A5BCC62C3543->912a7d3b-e3f1-4985-b06b-5f0a929b8060: receive RaftClientReply:client-A5BCC62C3543->912a7d3b-e3f1-4985-b06b-5f0a929b8060@group-3636E5E7603C, cid=1259, SUCCESS, logIndex=1824, commits[912a7d3b-e3f1-4985-b06b-5f0a929b8060:c1825]
2019-07-13 08:32:24,733 INFO  client.GrpcClientProtocolClient (GrpcClientProtocolClient.java:onNext(255)) - client-A5BCC62C3543->912a7d3b-e3f1-4985-b06b-5f0a929b8060: receive RaftClientReply:client-A5BCC62C3543->912a7d3b-e3f1-4985-b06b-5f0a929b8060@group-3636E5E7603C, cid=1260, SUCCESS, logIndex=1825, commits[912a7d3b-e3f1-4985-b06b-5f0a929b8060:c1825]
2019-07-13 08:32:24,754 INFO  client.GrpcClientProtocolClient (GrpcClientProtocolClient.java:onNext(255)) - client-A5BCC62C3543->912a7d3b-e3f1-4985-b06b-5f0a929b8060: receive RaftClientReply:client-A5BCC62C3543->912a7d3b-e3f1-4985-b06b-5f0a929b8060@group-3636E5E7603C, cid=1261, SUCCESS, logIndex=1828, commits[912a7d3b-e3f1-4985-b06b-5f0a929b8060:c1829]
2019-07-13 08:32:24,754 INFO  client.GrpcClientProtocolClient (GrpcClientProtocolClient.java:onNext(255)) - client-A5BCC62C3543->912a7d3b-e3f1-4985-b06b-5f0a929b8060: receive RaftClientReply:client-A5BCC62C3543->912a7d3b-e3f1-4985-b06b-5f0a929b8060@group-3636E5E7603C, cid=1262, SUCCESS, logIndex=1829, commits[912a7d3b-e3f1-4985-b06b-5f0a929b8060:c1831]
2019-07-13 08:32:24,755 INFO  client.GrpcClientProtocolClient (GrpcClientProtocolClient.java:onNext(255)) - client-A5BCC62C3543->912a7d3b-e3f1-4985-b06b-5f0a929b8060: receive RaftClientReply:client-A5BCC62C3543->912a7d3b-e3f1-4985-b06b-5f0a929b8060@group-3636E5E7603C, cid=1263, SUCCESS, logIndex=1830, commits[912a7d3b-e3f1-4985-b06b-5f0a929b8060:c1832]
2019-07-13 08:32:24,755 INFO  client.GrpcClientProtocolClient (GrpcClientProtocolClient.java:onNext(255)) - client-A5BCC62C3543->912a7d3b-e3f1-4985-b06b-5f0a929b8060: receive RaftClientReply:client-A5BCC62C3543->912a7d3b-e3f1-4985-b06b-5f0a929b8060@group-3636E5E7603C, cid=1264, SUCCESS, logIndex=1831, commits[912a7d3b-e3f1-4985-b06b-5f0a929b8060:c1833]
2019-07-13 08:32:24,784 INFO  client.GrpcClientProtocolClient (GrpcClientProtocolClient.java:onNext(255)) - client-A5BCC62C3543->912a7d3b-e3f1-4985-b06b-5f0a929b8060: receive RaftClientReply:client-A5BCC62C3543->912a7d3b-e3f1-4985-b06b-5f0a929b8060@group-3636E5E7603C, cid=1265, SUCCESS, logIndex=1834, commits[912a7d3b-e3f1-4985-b06b-5f0a929b8060:c1835]
2019-07-13 08:32:24,785 INFO  client.GrpcClientProtocolClient (GrpcClientProtocolClient.java:onNext(255)) - client-A5BCC62C3543->912a7d3b-e3f1-4985-b06b-5f0a929b8060: receive RaftClientReply:client-A5BCC62C3543->912a7d3b-e3f1-4985-b06b-5f0a929b8060@group-3636E5E7603C, cid=1266, SUCCESS, logIndex=1835, commits[912a7d3b-e3f1-4985-b06b-5f0a929b8060:c1835]
2019-07-13 08:32:24,786 INFO  client.GrpcClientProtocolClient (GrpcClientProtocolClient.java:onNext(255)) - client-A5BCC62C3543->912a7d3b-e3f1-4985-b06b-5f0a929b8060: receive RaftClientReply:client-A5BCC62C3543->912a7d3b-e3f1-4985-b06b-5f0a929b8060@group-3636E5E7603C, cid=1267, SUCCESS, logIndex=1836, commits[912a7d3b-e3f1-4985-b06b-5f0a929b8060:c1837]
2019-07-13 08:32:24,787 INFO  client.GrpcClientProtocolClient (GrpcClientProtocolClient.java:onNext(255)) - client-A5BCC62C3543->912a7d3b-e3f1-4985-b06b-5f0a929b8060: receive RaftClientReply:client-A5BCC62C3543->912a7d3b-e3f1-4985-b06b-5f0a929b8060@group-3636E5E7603C, cid=1268, SUCCESS, logIndex=1837, commits[912a7d3b-e3f1-4985-b06b-5f0a929b8060:c1837]
2019-07-13 08:32:24,806 DEBUG block.SCMBlockDeletingService (SCMBlockDeletingService.java:call(138)) - Running DeletedBlockTransactionScanner
2019-07-13 08:32:24,806 DEBUG block.SCMBlockDeletingService (SCMBlockDeletingService.java:call(155)) - Scanned deleted blocks log and got 0 delTX to process.
2019-07-13 08:32:24,810 INFO  client.GrpcClientProtocolClient (GrpcClientProtocolClient.java:onNext(255)) - client-A5BCC62C3543->912a7d3b-e3f1-4985-b06b-5f0a929b8060: receive RaftClientReply:client-A5BCC62C3543->912a7d3b-e3f1-4985-b06b-5f0a929b8060@group-3636E5E7603C, cid=1269, SUCCESS, logIndex=1840, commits[912a7d3b-e3f1-4985-b06b-5f0a929b8060:c1843]
2019-07-13 08:32:24,811 INFO  client.GrpcClientProtocolClient (GrpcClientProtocolClient.java:onNext(255)) - client-A5BCC62C3543->912a7d3b-e3f1-4985-b06b-5f0a929b8060: receive RaftClientReply:client-A5BCC62C3543->912a7d3b-e3f1-4985-b06b-5f0a929b8060@group-3636E5E7603C, cid=1270, SUCCESS, logIndex=1841, commits[912a7d3b-e3f1-4985-b06b-5f0a929b8060:c1844]
2019-07-13 08:32:24,811 INFO  client.GrpcClientProtocolClient (GrpcClientProtocolClient.java:onNext(255)) - client-A5BCC62C3543->912a7d3b-e3f1-4985-b06b-5f0a929b8060: receive RaftClientReply:client-A5BCC62C3543->912a7d3b-e3f1-4985-b06b-5f0a929b8060@group-3636E5E7603C, cid=1271, SUCCESS, logIndex=1842, commits[912a7d3b-e3f1-4985-b06b-5f0a929b8060:c1844]
2019-07-13 08:32:24,811 INFO  client.GrpcClientProtocolClient (GrpcClientProtocolClient.java:onNext(255)) - client-A5BCC62C3543->912a7d3b-e3f1-4985-b06b-5f0a929b8060: receive RaftClientReply:client-A5BCC62C3543->912a7d3b-e3f1-4985-b06b-5f0a929b8060@group-3636E5E7603C, cid=1272, SUCCESS, logIndex=1843, commits[912a7d3b-e3f1-4985-b06b-5f0a929b8060:c1844]
2019-07-13 08:32:24,842 INFO  client.GrpcClientProtocolClient (GrpcClientProtocolClient.java:onNext(255)) - client-A5BCC62C3543->912a7d3b-e3f1-4985-b06b-5f0a929b8060: receive RaftClientReply:client-A5BCC62C3543->912a7d3b-e3f1-4985-b06b-5f0a929b8060@group-3636E5E7603C, cid=1273, SUCCESS, logIndex=1845, commits[912a7d3b-e3f1-4985-b06b-5f0a929b8060:c1846]
2019-07-13 08:32:24,843 INFO  client.GrpcClientProtocolClient (GrpcClientProtocolClient.java:onNext(255)) - client-A5BCC62C3543->912a7d3b-e3f1-4985-b06b-5f0a929b8060: receive RaftClientReply:client-A5BCC62C3543->912a7d3b-e3f1-4985-b06b-5f0a929b8060@group-3636E5E7603C, cid=1274, SUCCESS, logIndex=1846, commits[912a7d3b-e3f1-4985-b06b-5f0a929b8060:c1846]
2019-07-13 08:32:24,843 INFO  client.GrpcClientProtocolClient (GrpcClientProtocolClient.java:onNext(255)) - client-A5BCC62C3543->912a7d3b-e3f1-4985-b06b-5f0a929b8060: receive RaftClientReply:client-A5BCC62C3543->912a7d3b-e3f1-4985-b06b-5f0a929b8060@group-3636E5E7603C, cid=1275, SUCCESS, logIndex=1847, commits[912a7d3b-e3f1-4985-b06b-5f0a929b8060:c1848]
2019-07-13 08:32:24,844 INFO  client.GrpcClientProtocolClient (GrpcClientProtocolClient.java:onNext(255)) - client-A5BCC62C3543->912a7d3b-e3f1-4985-b06b-5f0a929b8060: receive RaftClientReply:client-A5BCC62C3543->912a7d3b-e3f1-4985-b06b-5f0a929b8060@group-3636E5E7603C, cid=1276, SUCCESS, logIndex=1848, commits[912a7d3b-e3f1-4985-b06b-5f0a929b8060:c1848]
2019-07-13 08:32:24,855 INFO  client.GrpcClientProtocolClient (GrpcClientProtocolClient.java:onNext(255)) - client-A5BCC62C3543->912a7d3b-e3f1-4985-b06b-5f0a929b8060: receive RaftClientReply:client-A5BCC62C3543->912a7d3b-e3f1-4985-b06b-5f0a929b8060@group-3636E5E7603C, cid=1277, SUCCESS, logIndex=1851, commits[912a7d3b-e3f1-4985-b06b-5f0a929b8060:c1852]
2019-07-13 08:32:24,855 INFO  client.GrpcClientProtocolClient (GrpcClientProtocolClient.java:onNext(255)) - client-A5BCC62C3543->912a7d3b-e3f1-4985-b06b-5f0a929b8060: receive RaftClientReply:client-A5BCC62C3543->912a7d3b-e3f1-4985-b06b-5f0a929b8060@group-3636E5E7603C, cid=1278, SUCCESS, logIndex=1852, commits[912a7d3b-e3f1-4985-b06b-5f0a929b8060:c1852]
2019-07-13 08:32:24,867 INFO  client.GrpcClientProtocolClient (GrpcClientProtocolClient.java:onNext(255)) - client-A5BCC62C3543->912a7d3b-e3f1-4985-b06b-5f0a929b8060: receive RaftClientReply:client-A5BCC62C3543->912a7d3b-e3f1-4985-b06b-5f0a929b8060@group-3636E5E7603C, cid=1279, SUCCESS, logIndex=1853, commits[912a7d3b-e3f1-4985-b06b-5f0a929b8060:c1855]
2019-07-13 08:32:24,870 INFO  client.GrpcClientProtocolClient (GrpcClientProtocolClient.java:onNext(255)) - client-A5BCC62C3543->912a7d3b-e3f1-4985-b06b-5f0a929b8060: receive RaftClientReply:client-A5BCC62C3543->912a7d3b-e3f1-4985-b06b-5f0a929b8060@group-3636E5E7603C, cid=1280, SUCCESS, logIndex=1855, commits[912a7d3b-e3f1-4985-b06b-5f0a929b8060:c1855]
2019-07-13 08:32:24,907 DEBUG block.SCMBlockDeletingService (SCMBlockDeletingService.java:call(138)) - Running DeletedBlockTransactionScanner
2019-07-13 08:32:24,907 DEBUG block.SCMBlockDeletingService (SCMBlockDeletingService.java:call(155)) - Scanned deleted blocks log and got 0 delTX to process.
2019-07-13 08:32:25,044 DEBUG block.SCMBlockDeletingService (SCMBlockDeletingService.java:call(138)) - Running DeletedBlockTransactionScanner
2019-07-13 08:32:25,045 DEBUG block.SCMBlockDeletingService (SCMBlockDeletingService.java:call(155)) - Scanned deleted blocks log and got 0 delTX to process.
2019-07-13 08:32:25,077 INFO  client.GrpcClientProtocolClient (GrpcClientProtocolClient.java:onNext(255)) - client-A5BCC62C3543->912a7d3b-e3f1-4985-b06b-5f0a929b8060: receive RaftClientReply:client-A5BCC62C3543->912a7d3b-e3f1-4985-b06b-5f0a929b8060@group-3636E5E7603C, cid=1281, SUCCESS, logIndex=1857, commits[912a7d3b-e3f1-4985-b06b-5f0a929b8060:c1858]
2019-07-13 08:32:25,078 INFO  client.GrpcClientProtocolClient (GrpcClientProtocolClient.java:onNext(255)) - client-A5BCC62C3543->912a7d3b-e3f1-4985-b06b-5f0a929b8060: receive RaftClientReply:client-A5BCC62C3543->912a7d3b-e3f1-4985-b06b-5f0a929b8060@group-3636E5E7603C, cid=1282, SUCCESS, logIndex=1858, commits[912a7d3b-e3f1-4985-b06b-5f0a929b8060:c1861]
2019-07-13 08:32:25,078 INFO  client.GrpcClientProtocolClient (GrpcClientProtocolClient.java:onNext(255)) - client-A5BCC62C3543->912a7d3b-e3f1-4985-b06b-5f0a929b8060: receive RaftClientReply:client-A5BCC62C3543->912a7d3b-e3f1-4985-b06b-5f0a929b8060@group-3636E5E7603C, cid=1283, SUCCESS, logIndex=1859, commits[912a7d3b-e3f1-4985-b06b-5f0a929b8060:c1862]
2019-07-13 08:32:25,079 INFO  client.GrpcClientProtocolClient (GrpcClientProtocolClient.java:onNext(255)) - client-A5BCC62C3543->912a7d3b-e3f1-4985-b06b-5f0a929b8060: receive RaftClientReply:client-A5BCC62C3543->912a7d3b-e3f1-4985-b06b-5f0a929b8060@group-3636E5E7603C, cid=1284, SUCCESS, logIndex=1860, commits[912a7d3b-e3f1-4985-b06b-5f0a929b8060:c1862]
2019-07-13 08:32:25,101 INFO  client.GrpcClientProtocolClient (GrpcClientProtocolClient.java:onNext(255)) - client-A5BCC62C3543->912a7d3b-e3f1-4985-b06b-5f0a929b8060: receive RaftClientReply:client-A5BCC62C3543->912a7d3b-e3f1-4985-b06b-5f0a929b8060@group-3636E5E7603C, cid=1285, SUCCESS, logIndex=1863, commits[912a7d3b-e3f1-4985-b06b-5f0a929b8060:c1864]
2019-07-13 08:32:25,102 INFO  client.GrpcClientProtocolClient (GrpcClientProtocolClient.java:onNext(255)) - client-A5BCC62C3543->912a7d3b-e3f1-4985-b06b-5f0a929b8060: receive RaftClientReply:client-A5BCC62C3543->912a7d3b-e3f1-4985-b06b-5f0a929b8060@group-3636E5E7603C, cid=1286, SUCCESS, logIndex=1864, commits[912a7d3b-e3f1-4985-b06b-5f0a929b8060:c1866]
2019-07-13 08:32:25,102 INFO  client.GrpcClientProtocolClient (GrpcClientProtocolClient.java:onNext(255)) - client-A5BCC62C3543->912a7d3b-e3f1-4985-b06b-5f0a929b8060: receive RaftClientReply:client-A5BCC62C3543->912a7d3b-e3f1-4985-b06b-5f0a929b8060@group-3636E5E7603C, cid=1287, SUCCESS, logIndex=1865, commits[912a7d3b-e3f1-4985-b06b-5f0a929b8060:c1867]
2019-07-13 08:32:25,103 INFO  client.GrpcClientProtocolClient (GrpcClientProtocolClient.java:onNext(255)) - client-A5BCC62C3543->912a7d3b-e3f1-4985-b06b-5f0a929b8060: receive RaftClientReply:client-A5BCC62C3543->912a7d3b-e3f1-4985-b06b-5f0a929b8060@group-3636E5E7603C, cid=1288, SUCCESS, logIndex=1866, commits[912a7d3b-e3f1-4985-b06b-5f0a929b8060:c1868]
2019-07-13 08:32:25,131 INFO  client.GrpcClientProtocolClient (GrpcClientProtocolClient.java:onNext(255)) - client-A5BCC62C3543->912a7d3b-e3f1-4985-b06b-5f0a929b8060: receive RaftClientReply:client-A5BCC62C3543->912a7d3b-e3f1-4985-b06b-5f0a929b8060@group-3636E5E7603C, cid=1289, SUCCESS, logIndex=1869, commits[912a7d3b-e3f1-4985-b06b-5f0a929b8060:c1870]
2019-07-13 08:32:25,132 INFO  client.GrpcClientProtocolClient (GrpcClientProtocolClient.java:onNext(255)) - client-A5BCC62C3543->912a7d3b-e3f1-4985-b06b-5f0a929b8060: receive RaftClientReply:client-A5BCC62C3543->912a7d3b-e3f1-4985-b06b-5f0a929b8060@group-3636E5E7603C, cid=1290, SUCCESS, logIndex=1870, commits[912a7d3b-e3f1-4985-b06b-5f0a929b8060:c1872]
2019-07-13 08:32:25,132 INFO  client.GrpcClientProtocolClient (GrpcClientProtocolClient.java:onNext(255)) - client-A5BCC62C3543->912a7d3b-e3f1-4985-b06b-5f0a929b8060: receive RaftClientReply:client-A5BCC62C3543->912a7d3b-e3f1-4985-b06b-5f0a929b8060@group-3636E5E7603C, cid=1291, SUCCESS, logIndex=1871, commits[912a7d3b-e3f1-4985-b06b-5f0a929b8060:c1873]
2019-07-13 08:32:25,133 INFO  client.GrpcClientProtocolClient (GrpcClientProtocolClient.java:onNext(255)) - client-A5BCC62C3543->912a7d3b-e3f1-4985-b06b-5f0a929b8060: receive RaftClientReply:client-A5BCC62C3543->912a7d3b-e3f1-4985-b06b-5f0a929b8060@group-3636E5E7603C, cid=1292, SUCCESS, logIndex=1872, commits[912a7d3b-e3f1-4985-b06b-5f0a929b8060:c1874]
2019-07-13 08:32:25,145 DEBUG block.SCMBlockDeletingService (SCMBlockDeletingService.java:call(138)) - Running DeletedBlockTransactionScanner
2019-07-13 08:32:25,145 DEBUG block.SCMBlockDeletingService (SCMBlockDeletingService.java:call(155)) - Scanned deleted blocks log and got 0 delTX to process.
2019-07-13 08:32:25,153 INFO  client.GrpcClientProtocolClient (GrpcClientProtocolClient.java:onNext(255)) - client-A5BCC62C3543->912a7d3b-e3f1-4985-b06b-5f0a929b8060: receive RaftClientReply:client-A5BCC62C3543->912a7d3b-e3f1-4985-b06b-5f0a929b8060@group-3636E5E7603C, cid=1293, SUCCESS, logIndex=1875, commits[912a7d3b-e3f1-4985-b06b-5f0a929b8060:c1876]
2019-07-13 08:32:25,154 INFO  client.GrpcClientProtocolClient (GrpcClientProtocolClient.java:onNext(255)) - client-A5BCC62C3543->912a7d3b-e3f1-4985-b06b-5f0a929b8060: receive RaftClientReply:client-A5BCC62C3543->912a7d3b-e3f1-4985-b06b-5f0a929b8060@group-3636E5E7603C, cid=1294, SUCCESS, logIndex=1876, commits[912a7d3b-e3f1-4985-b06b-5f0a929b8060:c1876]
2019-07-13 08:32:25,156 INFO  client.GrpcClientProtocolClient (GrpcClientProtocolClient.java:onNext(255)) - client-A5BCC62C3543->912a7d3b-e3f1-4985-b06b-5f0a929b8060: receive RaftClientReply:client-A5BCC62C3543->912a7d3b-e3f1-4985-b06b-5f0a929b8060@group-3636E5E7603C, cid=1295, SUCCESS, logIndex=1877, commits[912a7d3b-e3f1-4985-b06b-5f0a929b8060:c1878]
2019-07-13 08:32:25,156 INFO  client.GrpcClientProtocolClient (GrpcClientProtocolClient.java:onNext(255)) - client-A5BCC62C3543->912a7d3b-e3f1-4985-b06b-5f0a929b8060: receive RaftClientReply:client-A5BCC62C3543->912a7d3b-e3f1-4985-b06b-5f0a929b8060@group-3636E5E7603C, cid=1296, SUCCESS, logIndex=1878, commits[912a7d3b-e3f1-4985-b06b-5f0a929b8060:c1878]
2019-07-13 08:32:25,184 INFO  client.GrpcClientProtocolClient (GrpcClientProtocolClient.java:onNext(255)) - client-A5BCC62C3543->912a7d3b-e3f1-4985-b06b-5f0a929b8060: receive RaftClientReply:client-A5BCC62C3543->912a7d3b-e3f1-4985-b06b-5f0a929b8060@group-3636E5E7603C, cid=1297, SUCCESS, logIndex=1881, commits[912a7d3b-e3f1-4985-b06b-5f0a929b8060:c1882]
2019-07-13 08:32:25,185 INFO  client.GrpcClientProtocolClient (GrpcClientProtocolClient.java:onNext(255)) - client-A5BCC62C3543->912a7d3b-e3f1-4985-b06b-5f0a929b8060: receive RaftClientReply:client-A5BCC62C3543->912a7d3b-e3f1-4985-b06b-5f0a929b8060@group-3636E5E7603C, cid=1298, SUCCESS, logIndex=1882, commits[912a7d3b-e3f1-4985-b06b-5f0a929b8060:c1882]
2019-07-13 08:32:25,193 INFO  client.GrpcClientProtocolClient (GrpcClientProtocolClient.java:onNext(255)) - client-A5BCC62C3543->912a7d3b-e3f1-4985-b06b-5f0a929b8060: receive RaftClientReply:client-A5BCC62C3543->912a7d3b-e3f1-4985-b06b-5f0a929b8060@group-3636E5E7603C, cid=1299, SUCCESS, logIndex=1883, commits[912a7d3b-e3f1-4985-b06b-5f0a929b8060:c1884]
2019-07-13 08:32:25,193 INFO  client.GrpcClientProtocolClient (GrpcClientProtocolClient.java:onNext(255)) - client-A5BCC62C3543->912a7d3b-e3f1-4985-b06b-5f0a929b8060: receive RaftClientReply:client-A5BCC62C3543->912a7d3b-e3f1-4985-b06b-5f0a929b8060@group-3636E5E7603C, cid=1300, SUCCESS, logIndex=1884, commits[912a7d3b-e3f1-4985-b06b-5f0a929b8060:c1885]
2019-07-13 08:32:25,213 INFO  client.GrpcClientProtocolClient (GrpcClientProtocolClient.java:onNext(255)) - client-A5BCC62C3543->912a7d3b-e3f1-4985-b06b-5f0a929b8060: receive RaftClientReply:client-A5BCC62C3543->912a7d3b-e3f1-4985-b06b-5f0a929b8060@group-3636E5E7603C, cid=1301, SUCCESS, logIndex=1887, commits[912a7d3b-e3f1-4985-b06b-5f0a929b8060:c1888]
2019-07-13 08:32:25,214 INFO  client.GrpcClientProtocolClient (GrpcClientProtocolClient.java:onNext(255)) - client-A5BCC62C3543->912a7d3b-e3f1-4985-b06b-5f0a929b8060: receive RaftClientReply:client-A5BCC62C3543->912a7d3b-e3f1-4985-b06b-5f0a929b8060@group-3636E5E7603C, cid=1302, SUCCESS, logIndex=1888, commits[912a7d3b-e3f1-4985-b06b-5f0a929b8060:c1890]
2019-07-13 08:32:25,214 INFO  client.GrpcClientProtocolClient (GrpcClientProtocolClient.java:onNext(255)) - client-A5BCC62C3543->912a7d3b-e3f1-4985-b06b-5f0a929b8060: receive RaftClientReply:client-A5BCC62C3543->912a7d3b-e3f1-4985-b06b-5f0a929b8060@group-3636E5E7603C, cid=1303, SUCCESS, logIndex=1889, commits[912a7d3b-e3f1-4985-b06b-5f0a929b8060:c1891]
2019-07-13 08:32:25,214 INFO  client.GrpcClientProtocolClient (GrpcClientProtocolClient.java:onNext(255)) - client-A5BCC62C3543->912a7d3b-e3f1-4985-b06b-5f0a929b8060: receive RaftClientReply:client-A5BCC62C3543->912a7d3b-e3f1-4985-b06b-5f0a929b8060@group-3636E5E7603C, cid=1304, SUCCESS, logIndex=1890, commits[912a7d3b-e3f1-4985-b06b-5f0a929b8060:c1891]
2019-07-13 08:32:25,242 INFO  client.GrpcClientProtocolClient (GrpcClientProtocolClient.java:onNext(255)) - client-A5BCC62C3543->912a7d3b-e3f1-4985-b06b-5f0a929b8060: receive RaftClientReply:client-A5BCC62C3543->912a7d3b-e3f1-4985-b06b-5f0a929b8060@group-3636E5E7603C, cid=1305, SUCCESS, logIndex=1893, commits[912a7d3b-e3f1-4985-b06b-5f0a929b8060:c1896]
2019-07-13 08:32:25,243 INFO  client.GrpcClientProtocolClient (GrpcClientProtocolClient.java:onNext(255)) - client-A5BCC62C3543->912a7d3b-e3f1-4985-b06b-5f0a929b8060: receive RaftClientReply:client-A5BCC62C3543->912a7d3b-e3f1-4985-b06b-5f0a929b8060@group-3636E5E7603C, cid=1306, SUCCESS, logIndex=1894, commits[912a7d3b-e3f1-4985-b06b-5f0a929b8060:c1897]
2019-07-13 08:32:25,243 INFO  client.GrpcClientProtocolClient (GrpcClientProtocolClient.java:onNext(255)) - client-A5BCC62C3543->912a7d3b-e3f1-4985-b06b-5f0a929b8060: receive RaftClientReply:client-A5BCC62C3543->912a7d3b-e3f1-4985-b06b-5f0a929b8060@group-3636E5E7603C, cid=1307, SUCCESS, logIndex=1895, commits[912a7d3b-e3f1-4985-b06b-5f0a929b8060:c1897]
2019-07-13 08:32:25,243 INFO  client.GrpcClientProtocolClient (GrpcClientProtocolClient.java:onNext(255)) - client-A5BCC62C3543->912a7d3b-e3f1-4985-b06b-5f0a929b8060: receive RaftClientReply:client-A5BCC62C3543->912a7d3b-e3f1-4985-b06b-5f0a929b8060@group-3636E5E7603C, cid=1308, SUCCESS, logIndex=1896, commits[912a7d3b-e3f1-4985-b06b-5f0a929b8060:c1898]
2019-07-13 08:32:25,246 DEBUG block.SCMBlockDeletingService (SCMBlockDeletingService.java:call(138)) - Running DeletedBlockTransactionScanner
2019-07-13 08:32:25,246 DEBUG block.SCMBlockDeletingService (SCMBlockDeletingService.java:call(155)) - Scanned deleted blocks log and got 0 delTX to process.
2019-07-13 08:32:25,263 INFO  client.GrpcClientProtocolClient (GrpcClientProtocolClient.java:onNext(255)) - client-A5BCC62C3543->912a7d3b-e3f1-4985-b06b-5f0a929b8060: receive RaftClientReply:client-A5BCC62C3543->912a7d3b-e3f1-4985-b06b-5f0a929b8060@group-3636E5E7603C, cid=1309, SUCCESS, logIndex=1899, commits[912a7d3b-e3f1-4985-b06b-5f0a929b8060:c1900]
2019-07-13 08:32:25,264 INFO  client.GrpcClientProtocolClient (GrpcClientProtocolClient.java:onNext(255)) - client-A5BCC62C3543->912a7d3b-e3f1-4985-b06b-5f0a929b8060: receive RaftClientReply:client-A5BCC62C3543->912a7d3b-e3f1-4985-b06b-5f0a929b8060@group-3636E5E7603C, cid=1310, SUCCESS, logIndex=1900, commits[912a7d3b-e3f1-4985-b06b-5f0a929b8060:c1902]
2019-07-13 08:32:25,264 INFO  client.GrpcClientProtocolClient (GrpcClientProtocolClient.java:onNext(255)) - client-A5BCC62C3543->912a7d3b-e3f1-4985-b06b-5f0a929b8060: receive RaftClientReply:client-A5BCC62C3543->912a7d3b-e3f1-4985-b06b-5f0a929b8060@group-3636E5E7603C, cid=1311, SUCCESS, logIndex=1901, commits[912a7d3b-e3f1-4985-b06b-5f0a929b8060:c1903]
2019-07-13 08:32:25,265 INFO  client.GrpcClientProtocolClient (GrpcClientProtocolClient.java:onNext(255)) - client-A5BCC62C3543->912a7d3b-e3f1-4985-b06b-5f0a929b8060: receive RaftClientReply:client-A5BCC62C3543->912a7d3b-e3f1-4985-b06b-5f0a929b8060@group-3636E5E7603C, cid=1312, SUCCESS, logIndex=1902, commits[912a7d3b-e3f1-4985-b06b-5f0a929b8060:c1904]
2019-07-13 08:32:25,290 INFO  client.GrpcClientProtocolClient (GrpcClientProtocolClient.java:onNext(255)) - client-A5BCC62C3543->912a7d3b-e3f1-4985-b06b-5f0a929b8060: receive RaftClientReply:client-A5BCC62C3543->912a7d3b-e3f1-4985-b06b-5f0a929b8060@group-3636E5E7603C, cid=1313, SUCCESS, logIndex=1905, commits[912a7d3b-e3f1-4985-b06b-5f0a929b8060:c1906]
2019-07-13 08:32:25,291 INFO  client.GrpcClientProtocolClient (GrpcClientProtocolClient.java:onNext(255)) - client-A5BCC62C3543->912a7d3b-e3f1-4985-b06b-5f0a929b8060: receive RaftClientReply:client-A5BCC62C3543->912a7d3b-e3f1-4985-b06b-5f0a929b8060@group-3636E5E7603C, cid=1314, SUCCESS, logIndex=1906, commits[912a7d3b-e3f1-4985-b06b-5f0a929b8060:c1906]
2019-07-13 08:32:25,292 INFO  client.GrpcClientProtocolClient (GrpcClientProtocolClient.java:onNext(255)) - client-A5BCC62C3543->912a7d3b-e3f1-4985-b06b-5f0a929b8060: receive RaftClientReply:client-A5BCC62C3543->912a7d3b-e3f1-4985-b06b-5f0a929b8060@group-3636E5E7603C, cid=1315, SUCCESS, logIndex=1907, commits[912a7d3b-e3f1-4985-b06b-5f0a929b8060:c1908]
2019-07-13 08:32:25,292 INFO  client.GrpcClientProtocolClient (GrpcClientProtocolClient.java:onNext(255)) - client-A5BCC62C3543->912a7d3b-e3f1-4985-b06b-5f0a929b8060: receive RaftClientReply:client-A5BCC62C3543->912a7d3b-e3f1-4985-b06b-5f0a929b8060@group-3636E5E7603C, cid=1316, SUCCESS, logIndex=1908, commits[912a7d3b-e3f1-4985-b06b-5f0a929b8060:c1908]
2019-07-13 08:32:25,315 INFO  client.GrpcClientProtocolClient (GrpcClientProtocolClient.java:onNext(255)) - client-A5BCC62C3543->912a7d3b-e3f1-4985-b06b-5f0a929b8060: receive RaftClientReply:client-A5BCC62C3543->912a7d3b-e3f1-4985-b06b-5f0a929b8060@group-3636E5E7603C, cid=1317, SUCCESS, logIndex=1911, commits[912a7d3b-e3f1-4985-b06b-5f0a929b8060:c1914]
2019-07-13 08:32:25,315 INFO  client.GrpcClientProtocolClient (GrpcClientProtocolClient.java:onNext(255)) - client-A5BCC62C3543->912a7d3b-e3f1-4985-b06b-5f0a929b8060: receive RaftClientReply:client-A5BCC62C3543->912a7d3b-e3f1-4985-b06b-5f0a929b8060@group-3636E5E7603C, cid=1318, SUCCESS, logIndex=1912, commits[912a7d3b-e3f1-4985-b06b-5f0a929b8060:c1914]
2019-07-13 08:32:25,315 INFO  client.GrpcClientProtocolClient (GrpcClientProtocolClient.java:onNext(255)) - client-A5BCC62C3543->912a7d3b-e3f1-4985-b06b-5f0a929b8060: receive RaftClientReply:client-A5BCC62C3543->912a7d3b-e3f1-4985-b06b-5f0a929b8060@group-3636E5E7603C, cid=1319, SUCCESS, logIndex=1913, commits[912a7d3b-e3f1-4985-b06b-5f0a929b8060:c1914]
2019-07-13 08:32:25,316 INFO  client.GrpcClientProtocolClient (GrpcClientProtocolClient.java:onNext(255)) - client-A5BCC62C3543->912a7d3b-e3f1-4985-b06b-5f0a929b8060: receive RaftClientReply:client-A5BCC62C3543->912a7d3b-e3f1-4985-b06b-5f0a929b8060@group-3636E5E7603C, cid=1320, SUCCESS, logIndex=1914, commits[912a7d3b-e3f1-4985-b06b-5f0a929b8060:c1914]
2019-07-13 08:32:25,344 INFO  client.GrpcClientProtocolClient (GrpcClientProtocolClient.java:onNext(255)) - client-A5BCC62C3543->912a7d3b-e3f1-4985-b06b-5f0a929b8060: receive RaftClientReply:client-A5BCC62C3543->912a7d3b-e3f1-4985-b06b-5f0a929b8060@group-3636E5E7603C, cid=1321, SUCCESS, logIndex=1916, commits[912a7d3b-e3f1-4985-b06b-5f0a929b8060:c1919]
2019-07-13 08:32:25,344 INFO  client.GrpcClientProtocolClient (GrpcClientProtocolClient.java:onNext(255)) - client-A5BCC62C3543->912a7d3b-e3f1-4985-b06b-5f0a929b8060: receive RaftClientReply:client-A5BCC62C3543->912a7d3b-e3f1-4985-b06b-5f0a929b8060@group-3636E5E7603C, cid=1322, SUCCESS, logIndex=1917, commits[912a7d3b-e3f1-4985-b06b-5f0a929b8060:c1919]
2019-07-13 08:32:25,345 INFO  client.GrpcClientProtocolClient (GrpcClientProtocolClient.java:onNext(255)) - client-A5BCC62C3543->912a7d3b-e3f1-4985-b06b-5f0a929b8060: receive RaftClientReply:client-A5BCC62C3543->912a7d3b-e3f1-4985-b06b-5f0a929b8060@group-3636E5E7603C, cid=1323, SUCCESS, logIndex=1918, commits[912a7d3b-e3f1-4985-b06b-5f0a929b8060:c1920]
2019-07-13 08:32:25,345 INFO  client.GrpcClientProtocolClient (GrpcClientProtocolClient.java:onNext(255)) - client-A5BCC62C3543->912a7d3b-e3f1-4985-b06b-5f0a929b8060: receive RaftClientReply:client-A5BCC62C3543->912a7d3b-e3f1-4985-b06b-5f0a929b8060@group-3636E5E7603C, cid=1324, SUCCESS, logIndex=1919, commits[912a7d3b-e3f1-4985-b06b-5f0a929b8060:c1920]
2019-07-13 08:32:25,346 DEBUG block.SCMBlockDeletingService (SCMBlockDeletingService.java:call(138)) - Running DeletedBlockTransactionScanner
2019-07-13 08:32:25,347 DEBUG block.SCMBlockDeletingService (SCMBlockDeletingService.java:call(155)) - Scanned deleted blocks log and got 0 delTX to process.
2019-07-13 08:32:25,378 INFO  client.GrpcClientProtocolClient (GrpcClientProtocolClient.java:onNext(255)) - client-A5BCC62C3543->912a7d3b-e3f1-4985-b06b-5f0a929b8060: receive RaftClientReply:client-A5BCC62C3543->912a7d3b-e3f1-4985-b06b-5f0a929b8060@group-3636E5E7603C, cid=1325, SUCCESS, logIndex=1922, commits[912a7d3b-e3f1-4985-b06b-5f0a929b8060:c1923]
2019-07-13 08:32:25,379 INFO  client.GrpcClientProtocolClient (GrpcClientProtocolClient.java:onNext(255)) - client-A5BCC62C3543->912a7d3b-e3f1-4985-b06b-5f0a929b8060: receive RaftClientReply:client-A5BCC62C3543->912a7d3b-e3f1-4985-b06b-5f0a929b8060@group-3636E5E7603C, cid=1326, SUCCESS, logIndex=1923, commits[912a7d3b-e3f1-4985-b06b-5f0a929b8060:c1924]
2019-07-13 08:32:25,447 DEBUG block.SCMBlockDeletingService (SCMBlockDeletingService.java:call(138)) - Running DeletedBlockTransactionScanner
2019-07-13 08:32:25,447 DEBUG block.SCMBlockDeletingService (SCMBlockDeletingService.java:call(155)) - Scanned deleted blocks log and got 0 delTX to process.
2019-07-13 08:32:25,474 INFO  client.GrpcClientProtocolClient (GrpcClientProtocolClient.java:onNext(255)) - client-A5BCC62C3543->912a7d3b-e3f1-4985-b06b-5f0a929b8060: receive RaftClientReply:client-A5BCC62C3543->912a7d3b-e3f1-4985-b06b-5f0a929b8060@group-3636E5E7603C, cid=1327, SUCCESS, logIndex=1925, commits[912a7d3b-e3f1-4985-b06b-5f0a929b8060:c1926]
2019-07-13 08:32:25,475 INFO  client.GrpcClientProtocolClient (GrpcClientProtocolClient.java:onNext(255)) - client-A5BCC62C3543->912a7d3b-e3f1-4985-b06b-5f0a929b8060: receive RaftClientReply:client-A5BCC62C3543->912a7d3b-e3f1-4985-b06b-5f0a929b8060@group-3636E5E7603C, cid=1328, SUCCESS, logIndex=1926, commits[912a7d3b-e3f1-4985-b06b-5f0a929b8060:c1927]
2019-07-13 08:32:25,502 INFO  client.GrpcClientProtocolClient (GrpcClientProtocolClient.java:onNext(255)) - client-A5BCC62C3543->912a7d3b-e3f1-4985-b06b-5f0a929b8060: receive RaftClientReply:client-A5BCC62C3543->912a7d3b-e3f1-4985-b06b-5f0a929b8060@group-3636E5E7603C, cid=1329, SUCCESS, logIndex=1928, commits[912a7d3b-e3f1-4985-b06b-5f0a929b8060:c1931]
2019-07-13 08:32:25,503 INFO  client.GrpcClientProtocolClient (GrpcClientProtocolClient.java:onNext(255)) - client-A5BCC62C3543->912a7d3b-e3f1-4985-b06b-5f0a929b8060: receive RaftClientReply:client-A5BCC62C3543->912a7d3b-e3f1-4985-b06b-5f0a929b8060@group-3636E5E7603C, cid=1330, SUCCESS, logIndex=1929, commits[912a7d3b-e3f1-4985-b06b-5f0a929b8060:c1931]
2019-07-13 08:32:25,503 INFO  client.GrpcClientProtocolClient (GrpcClientProtocolClient.java:onNext(255)) - client-A5BCC62C3543->912a7d3b-e3f1-4985-b06b-5f0a929b8060: receive RaftClientReply:client-A5BCC62C3543->912a7d3b-e3f1-4985-b06b-5f0a929b8060@group-3636E5E7603C, cid=1331, SUCCESS, logIndex=1930, commits[912a7d3b-e3f1-4985-b06b-5f0a929b8060:c1932]
2019-07-13 08:32:25,503 INFO  client.GrpcClientProtocolClient (GrpcClientProtocolClient.java:onNext(255)) - client-A5BCC62C3543->912a7d3b-e3f1-4985-b06b-5f0a929b8060: receive RaftClientReply:client-A5BCC62C3543->912a7d3b-e3f1-4985-b06b-5f0a929b8060@group-3636E5E7603C, cid=1332, SUCCESS, logIndex=1931, commits[912a7d3b-e3f1-4985-b06b-5f0a929b8060:c1933]
2019-07-13 08:32:25,523 INFO  client.GrpcClientProtocolClient (GrpcClientProtocolClient.java:onNext(255)) - client-A5BCC62C3543->912a7d3b-e3f1-4985-b06b-5f0a929b8060: receive RaftClientReply:client-A5BCC62C3543->912a7d3b-e3f1-4985-b06b-5f0a929b8060@group-3636E5E7603C, cid=1333, SUCCESS, logIndex=1934, commits[912a7d3b-e3f1-4985-b06b-5f0a929b8060:c1935]
2019-07-13 08:32:25,524 INFO  client.GrpcClientProtocolClient (GrpcClientProtocolClient.java:onNext(255)) - client-A5BCC62C3543->912a7d3b-e3f1-4985-b06b-5f0a929b8060: receive RaftClientReply:client-A5BCC62C3543->912a7d3b-e3f1-4985-b06b-5f0a929b8060@group-3636E5E7603C, cid=1334, SUCCESS, logIndex=1935, commits[912a7d3b-e3f1-4985-b06b-5f0a929b8060:c1935]
2019-07-13 08:32:25,525 INFO  client.GrpcClientProtocolClient (GrpcClientProtocolClient.java:onNext(255)) - client-A5BCC62C3543->912a7d3b-e3f1-4985-b06b-5f0a929b8060: receive RaftClientReply:client-A5BCC62C3543->912a7d3b-e3f1-4985-b06b-5f0a929b8060@group-3636E5E7603C, cid=1335, SUCCESS, logIndex=1936, commits[912a7d3b-e3f1-4985-b06b-5f0a929b8060:c1937]
2019-07-13 08:32:25,525 INFO  client.GrpcClientProtocolClient (GrpcClientProtocolClient.java:onNext(255)) - client-A5BCC62C3543->912a7d3b-e3f1-4985-b06b-5f0a929b8060: receive RaftClientReply:client-A5BCC62C3543->912a7d3b-e3f1-4985-b06b-5f0a929b8060@group-3636E5E7603C, cid=1336, SUCCESS, logIndex=1937, commits[912a7d3b-e3f1-4985-b06b-5f0a929b8060:c1937]
2019-07-13 08:32:25,548 DEBUG block.SCMBlockDeletingService (SCMBlockDeletingService.java:call(138)) - Running DeletedBlockTransactionScanner
2019-07-13 08:32:25,548 DEBUG block.SCMBlockDeletingService (SCMBlockDeletingService.java:call(155)) - Scanned deleted blocks log and got 0 delTX to process.
2019-07-13 08:32:25,552 INFO  client.GrpcClientProtocolClient (GrpcClientProtocolClient.java:onNext(255)) - client-A5BCC62C3543->912a7d3b-e3f1-4985-b06b-5f0a929b8060: receive RaftClientReply:client-A5BCC62C3543->912a7d3b-e3f1-4985-b06b-5f0a929b8060@group-3636E5E7603C, cid=1337, SUCCESS, logIndex=1940, commits[912a7d3b-e3f1-4985-b06b-5f0a929b8060:c1941]
2019-07-13 08:32:25,553 INFO  client.GrpcClientProtocolClient (GrpcClientProtocolClient.java:onNext(255)) - client-A5BCC62C3543->912a7d3b-e3f1-4985-b06b-5f0a929b8060: receive RaftClientReply:client-A5BCC62C3543->912a7d3b-e3f1-4985-b06b-5f0a929b8060@group-3636E5E7603C, cid=1338, SUCCESS, logIndex=1941, commits[912a7d3b-e3f1-4985-b06b-5f0a929b8060:c1943]
2019-07-13 08:32:25,553 INFO  client.GrpcClientProtocolClient (GrpcClientProtocolClient.java:onNext(255)) - client-A5BCC62C3543->912a7d3b-e3f1-4985-b06b-5f0a929b8060: receive RaftClientReply:client-A5BCC62C3543->912a7d3b-e3f1-4985-b06b-5f0a929b8060@group-3636E5E7603C, cid=1339, SUCCESS, logIndex=1942, commits[912a7d3b-e3f1-4985-b06b-5f0a929b8060:c1944]
2019-07-13 08:32:25,553 INFO  client.GrpcClientProtocolClient (GrpcClientProtocolClient.java:onNext(255)) - client-A5BCC62C3543->912a7d3b-e3f1-4985-b06b-5f0a929b8060: receive RaftClientReply:client-A5BCC62C3543->912a7d3b-e3f1-4985-b06b-5f0a929b8060@group-3636E5E7603C, cid=1340, SUCCESS, logIndex=1943, commits[912a7d3b-e3f1-4985-b06b-5f0a929b8060:c1945]
2019-07-13 08:32:25,573 INFO  client.GrpcClientProtocolClient (GrpcClientProtocolClient.java:onNext(255)) - client-A5BCC62C3543->912a7d3b-e3f1-4985-b06b-5f0a929b8060: receive RaftClientReply:client-A5BCC62C3543->912a7d3b-e3f1-4985-b06b-5f0a929b8060@group-3636E5E7603C, cid=1341, SUCCESS, logIndex=1946, commits[912a7d3b-e3f1-4985-b06b-5f0a929b8060:c1947]
2019-07-13 08:32:25,573 INFO  client.GrpcClientProtocolClient (GrpcClientProtocolClient.java:onNext(255)) - client-A5BCC62C3543->912a7d3b-e3f1-4985-b06b-5f0a929b8060: receive RaftClientReply:client-A5BCC62C3543->912a7d3b-e3f1-4985-b06b-5f0a929b8060@group-3636E5E7603C, cid=1342, SUCCESS, logIndex=1947, commits[912a7d3b-e3f1-4985-b06b-5f0a929b8060:c1949]
2019-07-13 08:32:25,574 INFO  client.GrpcClientProtocolClient (GrpcClientProtocolClient.java:onNext(255)) - client-A5BCC62C3543->912a7d3b-e3f1-4985-b06b-5f0a929b8060: receive RaftClientReply:client-A5BCC62C3543->912a7d3b-e3f1-4985-b06b-5f0a929b8060@group-3636E5E7603C, cid=1343, SUCCESS, logIndex=1948, commits[912a7d3b-e3f1-4985-b06b-5f0a929b8060:c1950]
2019-07-13 08:32:25,574 INFO  client.GrpcClientProtocolClient (GrpcClientProtocolClient.java:onNext(255)) - client-A5BCC62C3543->912a7d3b-e3f1-4985-b06b-5f0a929b8060: receive RaftClientReply:client-A5BCC62C3543->912a7d3b-e3f1-4985-b06b-5f0a929b8060@group-3636E5E7603C, cid=1344, SUCCESS, logIndex=1949, commits[912a7d3b-e3f1-4985-b06b-5f0a929b8060:c1950]
2019-07-13 08:32:25,602 INFO  client.GrpcClientProtocolClient (GrpcClientProtocolClient.java:onNext(255)) - client-A5BCC62C3543->912a7d3b-e3f1-4985-b06b-5f0a929b8060: receive RaftClientReply:client-A5BCC62C3543->912a7d3b-e3f1-4985-b06b-5f0a929b8060@group-3636E5E7603C, cid=1345, SUCCESS, logIndex=1952, commits[912a7d3b-e3f1-4985-b06b-5f0a929b8060:c1953]
2019-07-13 08:32:25,603 INFO  client.GrpcClientProtocolClient (GrpcClientProtocolClient.java:onNext(255)) - client-A5BCC62C3543->912a7d3b-e3f1-4985-b06b-5f0a929b8060: receive RaftClientReply:client-A5BCC62C3543->912a7d3b-e3f1-4985-b06b-5f0a929b8060@group-3636E5E7603C, cid=1346, SUCCESS, logIndex=1953, commits[912a7d3b-e3f1-4985-b06b-5f0a929b8060:c1953]
2019-07-13 08:32:25,604 INFO  client.GrpcClientProtocolClient (GrpcClientProtocolClient.java:onNext(255)) - client-A5BCC62C3543->912a7d3b-e3f1-4985-b06b-5f0a929b8060: receive RaftClientReply:client-A5BCC62C3543->912a7d3b-e3f1-4985-b06b-5f0a929b8060@group-3636E5E7603C, cid=1347, SUCCESS, logIndex=1954, commits[912a7d3b-e3f1-4985-b06b-5f0a929b8060:c1955]
2019-07-13 08:32:25,605 INFO  client.GrpcClientProtocolClient (GrpcClientProtocolClient.java:onNext(255)) - client-A5BCC62C3543->912a7d3b-e3f1-4985-b06b-5f0a929b8060: receive RaftClientReply:client-A5BCC62C3543->912a7d3b-e3f1-4985-b06b-5f0a929b8060@group-3636E5E7603C, cid=1348, SUCCESS, logIndex=1955, commits[912a7d3b-e3f1-4985-b06b-5f0a929b8060:c1955]
2019-07-13 08:32:25,627 INFO  client.GrpcClientProtocolClient (GrpcClientProtocolClient.java:onNext(255)) - client-A5BCC62C3543->912a7d3b-e3f1-4985-b06b-5f0a929b8060: receive RaftClientReply:client-A5BCC62C3543->912a7d3b-e3f1-4985-b06b-5f0a929b8060@group-3636E5E7603C, cid=1349, SUCCESS, logIndex=1958, commits[912a7d3b-e3f1-4985-b06b-5f0a929b8060:c1961]
2019-07-13 08:32:25,628 INFO  client.GrpcClientProtocolClient (GrpcClientProtocolClient.java:onNext(255)) - client-A5BCC62C3543->912a7d3b-e3f1-4985-b06b-5f0a929b8060: receive RaftClientReply:client-A5BCC62C3543->912a7d3b-e3f1-4985-b06b-5f0a929b8060@group-3636E5E7603C, cid=1350, SUCCESS, logIndex=1959, commits[912a7d3b-e3f1-4985-b06b-5f0a929b8060:c1962]
2019-07-13 08:32:25,628 INFO  client.GrpcClientProtocolClient (GrpcClientProtocolClient.java:onNext(255)) - client-A5BCC62C3543->912a7d3b-e3f1-4985-b06b-5f0a929b8060: receive RaftClientReply:client-A5BCC62C3543->912a7d3b-e3f1-4985-b06b-5f0a929b8060@group-3636E5E7603C, cid=1351, SUCCESS, logIndex=1960, commits[912a7d3b-e3f1-4985-b06b-5f0a929b8060:c1962]
2019-07-13 08:32:25,629 INFO  client.GrpcClientProtocolClient (GrpcClientProtocolClient.java:onNext(255)) - client-A5BCC62C3543->912a7d3b-e3f1-4985-b06b-5f0a929b8060: receive RaftClientReply:client-A5BCC62C3543->912a7d3b-e3f1-4985-b06b-5f0a929b8060@group-3636E5E7603C, cid=1352, SUCCESS, logIndex=1961, commits[912a7d3b-e3f1-4985-b06b-5f0a929b8060:c1962]
2019-07-13 08:32:25,713 DEBUG block.SCMBlockDeletingService (SCMBlockDeletingService.java:call(138)) - Running DeletedBlockTransactionScanner
2019-07-13 08:32:25,714 DEBUG block.SCMBlockDeletingService (SCMBlockDeletingService.java:call(155)) - Scanned deleted blocks log and got 0 delTX to process.
2019-07-13 08:32:25,729 INFO  client.GrpcClientProtocolClient (GrpcClientProtocolClient.java:onNext(255)) - client-A5BCC62C3543->912a7d3b-e3f1-4985-b06b-5f0a929b8060: receive RaftClientReply:client-A5BCC62C3543->912a7d3b-e3f1-4985-b06b-5f0a929b8060@group-3636E5E7603C, cid=1353, SUCCESS, logIndex=1963, commits[912a7d3b-e3f1-4985-b06b-5f0a929b8060:c1964]
2019-07-13 08:32:25,730 INFO  client.GrpcClientProtocolClient (GrpcClientProtocolClient.java:onNext(255)) - client-A5BCC62C3543->912a7d3b-e3f1-4985-b06b-5f0a929b8060: receive RaftClientReply:client-A5BCC62C3543->912a7d3b-e3f1-4985-b06b-5f0a929b8060@group-3636E5E7603C, cid=1354, SUCCESS, logIndex=1964, commits[912a7d3b-e3f1-4985-b06b-5f0a929b8060:c1964]
2019-07-13 08:32:25,731 INFO  client.GrpcClientProtocolClient (GrpcClientProtocolClient.java:onNext(255)) - client-A5BCC62C3543->912a7d3b-e3f1-4985-b06b-5f0a929b8060: receive RaftClientReply:client-A5BCC62C3543->912a7d3b-e3f1-4985-b06b-5f0a929b8060@group-3636E5E7603C, cid=1355, SUCCESS, logIndex=1965, commits[912a7d3b-e3f1-4985-b06b-5f0a929b8060:c1966]
2019-07-13 08:32:25,731 INFO  client.GrpcClientProtocolClient (GrpcClientProtocolClient.java:onNext(255)) - client-A5BCC62C3543->912a7d3b-e3f1-4985-b06b-5f0a929b8060: receive RaftClientReply:client-A5BCC62C3543->912a7d3b-e3f1-4985-b06b-5f0a929b8060@group-3636E5E7603C, cid=1356, SUCCESS, logIndex=1966, commits[912a7d3b-e3f1-4985-b06b-5f0a929b8060:c1966]
2019-07-13 08:32:25,743 INFO  client.GrpcClientProtocolClient (GrpcClientProtocolClient.java:onNext(255)) - client-A5BCC62C3543->912a7d3b-e3f1-4985-b06b-5f0a929b8060: receive RaftClientReply:client-A5BCC62C3543->912a7d3b-e3f1-4985-b06b-5f0a929b8060@group-3636E5E7603C, cid=1357, SUCCESS, logIndex=1969, commits[912a7d3b-e3f1-4985-b06b-5f0a929b8060:c1970]
2019-07-13 08:32:25,744 INFO  client.GrpcClientProtocolClient (GrpcClientProtocolClient.java:onNext(255)) - client-A5BCC62C3543->912a7d3b-e3f1-4985-b06b-5f0a929b8060: receive RaftClientReply:client-A5BCC62C3543->912a7d3b-e3f1-4985-b06b-5f0a929b8060@group-3636E5E7603C, cid=1358, SUCCESS, logIndex=1970, commits[912a7d3b-e3f1-4985-b06b-5f0a929b8060:c1970]
2019-07-13 08:32:25,757 INFO  client.GrpcClientProtocolClient (GrpcClientProtocolClient.java:onNext(255)) - client-A5BCC62C3543->912a7d3b-e3f1-4985-b06b-5f0a929b8060: receive RaftClientReply:client-A5BCC62C3543->912a7d3b-e3f1-4985-b06b-5f0a929b8060@group-3636E5E7603C, cid=1359, SUCCESS, logIndex=1971, commits[912a7d3b-e3f1-4985-b06b-5f0a929b8060:c1973]
2019-07-13 08:32:25,757 INFO  client.GrpcClientProtocolClient (GrpcClientProtocolClient.java:onNext(255)) - client-A5BCC62C3543->912a7d3b-e3f1-4985-b06b-5f0a929b8060: receive RaftClientReply:client-A5BCC62C3543->912a7d3b-e3f1-4985-b06b-5f0a929b8060@group-3636E5E7603C, cid=1360, SUCCESS, logIndex=1973, commits[912a7d3b-e3f1-4985-b06b-5f0a929b8060:c1974]
2019-07-13 08:32:25,787 INFO  client.GrpcClientProtocolClient (GrpcClientProtocolClient.java:onNext(255)) - client-A5BCC62C3543->912a7d3b-e3f1-4985-b06b-5f0a929b8060: receive RaftClientReply:client-A5BCC62C3543->912a7d3b-e3f1-4985-b06b-5f0a929b8060@group-3636E5E7603C, cid=1361, SUCCESS, logIndex=1975, commits[912a7d3b-e3f1-4985-b06b-5f0a929b8060:c1976]
2019-07-13 08:32:25,788 INFO  client.GrpcClientProtocolClient (GrpcClientProtocolClient.java:onNext(255)) - client-A5BCC62C3543->912a7d3b-e3f1-4985-b06b-5f0a929b8060: receive RaftClientReply:client-A5BCC62C3543->912a7d3b-e3f1-4985-b06b-5f0a929b8060@group-3636E5E7603C, cid=1362, SUCCESS, logIndex=1976, commits[912a7d3b-e3f1-4985-b06b-5f0a929b8060:c1978]
2019-07-13 08:32:25,788 INFO  client.GrpcClientProtocolClient (GrpcClientProtocolClient.java:onNext(255)) - client-A5BCC62C3543->912a7d3b-e3f1-4985-b06b-5f0a929b8060: receive RaftClientReply:client-A5BCC62C3543->912a7d3b-e3f1-4985-b06b-5f0a929b8060@group-3636E5E7603C, cid=1363, SUCCESS, logIndex=1977, commits[912a7d3b-e3f1-4985-b06b-5f0a929b8060:c1978]
2019-07-13 08:32:25,789 INFO  client.GrpcClientProtocolClient (GrpcClientProtocolClient.java:onNext(255)) - client-A5BCC62C3543->912a7d3b-e3f1-4985-b06b-5f0a929b8060: receive RaftClientReply:client-A5BCC62C3543->912a7d3b-e3f1-4985-b06b-5f0a929b8060@group-3636E5E7603C, cid=1364, SUCCESS, logIndex=1978, commits[912a7d3b-e3f1-4985-b06b-5f0a929b8060:c1979]
2019-07-13 08:32:25,809 INFO  client.GrpcClientProtocolClient (GrpcClientProtocolClient.java:onNext(255)) - client-A5BCC62C3543->912a7d3b-e3f1-4985-b06b-5f0a929b8060: receive RaftClientReply:client-A5BCC62C3543->912a7d3b-e3f1-4985-b06b-5f0a929b8060@group-3636E5E7603C, cid=1365, SUCCESS, logIndex=1981, commits[912a7d3b-e3f1-4985-b06b-5f0a929b8060:c1984]
2019-07-13 08:32:25,810 INFO  client.GrpcClientProtocolClient (GrpcClientProtocolClient.java:onNext(255)) - client-A5BCC62C3543->912a7d3b-e3f1-4985-b06b-5f0a929b8060: receive RaftClientReply:client-A5BCC62C3543->912a7d3b-e3f1-4985-b06b-5f0a929b8060@group-3636E5E7603C, cid=1366, SUCCESS, logIndex=1982, commits[912a7d3b-e3f1-4985-b06b-5f0a929b8060:c1984]
2019-07-13 08:32:25,810 INFO  client.GrpcClientProtocolClient (GrpcClientProtocolClient.java:onNext(255)) - client-A5BCC62C3543->912a7d3b-e3f1-4985-b06b-5f0a929b8060: receive RaftClientReply:client-A5BCC62C3543->912a7d3b-e3f1-4985-b06b-5f0a929b8060@group-3636E5E7603C, cid=1367, SUCCESS, logIndex=1983, commits[912a7d3b-e3f1-4985-b06b-5f0a929b8060:c1984]
2019-07-13 08:32:25,811 INFO  client.GrpcClientProtocolClient (GrpcClientProtocolClient.java:onNext(255)) - client-A5BCC62C3543->912a7d3b-e3f1-4985-b06b-5f0a929b8060: receive RaftClientReply:client-A5BCC62C3543->912a7d3b-e3f1-4985-b06b-5f0a929b8060@group-3636E5E7603C, cid=1368, SUCCESS, logIndex=1984, commits[912a7d3b-e3f1-4985-b06b-5f0a929b8060:c1985]
2019-07-13 08:32:25,814 DEBUG block.SCMBlockDeletingService (SCMBlockDeletingService.java:call(138)) - Running DeletedBlockTransactionScanner
2019-07-13 08:32:25,815 DEBUG block.SCMBlockDeletingService (SCMBlockDeletingService.java:call(155)) - Scanned deleted blocks log and got 0 delTX to process.
2019-07-13 08:32:25,839 INFO  client.GrpcClientProtocolClient (GrpcClientProtocolClient.java:onNext(255)) - client-A5BCC62C3543->912a7d3b-e3f1-4985-b06b-5f0a929b8060: receive RaftClientReply:client-A5BCC62C3543->912a7d3b-e3f1-4985-b06b-5f0a929b8060@group-3636E5E7603C, cid=1369, SUCCESS, logIndex=1987, commits[912a7d3b-e3f1-4985-b06b-5f0a929b8060:c1988]
2019-07-13 08:32:25,840 INFO  client.GrpcClientProtocolClient (GrpcClientProtocolClient.java:onNext(255)) - client-A5BCC62C3543->912a7d3b-e3f1-4985-b06b-5f0a929b8060: receive RaftClientReply:client-A5BCC62C3543->912a7d3b-e3f1-4985-b06b-5f0a929b8060@group-3636E5E7603C, cid=1370, SUCCESS, logIndex=1988, commits[912a7d3b-e3f1-4985-b06b-5f0a929b8060:c1989]
2019-07-13 08:32:25,915 DEBUG block.SCMBlockDeletingService (SCMBlockDeletingService.java:call(138)) - Running DeletedBlockTransactionScanner
2019-07-13 08:32:25,915 DEBUG block.SCMBlockDeletingService (SCMBlockDeletingService.java:call(155)) - Scanned deleted blocks log and got 0 delTX to process.
2019-07-13 08:32:25,940 INFO  client.GrpcClientProtocolClient (GrpcClientProtocolClient.java:onNext(255)) - client-A5BCC62C3543->912a7d3b-e3f1-4985-b06b-5f0a929b8060: receive RaftClientReply:client-A5BCC62C3543->912a7d3b-e3f1-4985-b06b-5f0a929b8060@group-3636E5E7603C, cid=1371, SUCCESS, logIndex=1990, commits[912a7d3b-e3f1-4985-b06b-5f0a929b8060:c1991]
2019-07-13 08:32:25,940 INFO  client.GrpcClientProtocolClient (GrpcClientProtocolClient.java:onNext(255)) - client-A5BCC62C3543->912a7d3b-e3f1-4985-b06b-5f0a929b8060: receive RaftClientReply:client-A5BCC62C3543->912a7d3b-e3f1-4985-b06b-5f0a929b8060@group-3636E5E7603C, cid=1372, SUCCESS, logIndex=1991, commits[912a7d3b-e3f1-4985-b06b-5f0a929b8060:c1991]
2019-07-13 08:32:25,959 INFO  client.GrpcClientProtocolClient (GrpcClientProtocolClient.java:onNext(255)) - client-A5BCC62C3543->912a7d3b-e3f1-4985-b06b-5f0a929b8060: receive RaftClientReply:client-A5BCC62C3543->912a7d3b-e3f1-4985-b06b-5f0a929b8060@group-3636E5E7603C, cid=1373, SUCCESS, logIndex=1993, commits[912a7d3b-e3f1-4985-b06b-5f0a929b8060:c1994]
2019-07-13 08:32:25,960 INFO  client.GrpcClientProtocolClient (GrpcClientProtocolClient.java:onNext(255)) - client-A5BCC62C3543->912a7d3b-e3f1-4985-b06b-5f0a929b8060: receive RaftClientReply:client-A5BCC62C3543->912a7d3b-e3f1-4985-b06b-5f0a929b8060@group-3636E5E7603C, cid=1374, SUCCESS, logIndex=1994, commits[912a7d3b-e3f1-4985-b06b-5f0a929b8060:c1996]
2019-07-13 08:32:25,960 INFO  client.GrpcClientProtocolClient (GrpcClientProtocolClient.java:onNext(255)) - client-A5BCC62C3543->912a7d3b-e3f1-4985-b06b-5f0a929b8060: receive RaftClientReply:client-A5BCC62C3543->912a7d3b-e3f1-4985-b06b-5f0a929b8060@group-3636E5E7603C, cid=1375, SUCCESS, logIndex=1995, commits[912a7d3b-e3f1-4985-b06b-5f0a929b8060:c1997]
2019-07-13 08:32:25,961 INFO  client.GrpcClientProtocolClient (GrpcClientProtocolClient.java:onNext(255)) - client-A5BCC62C3543->912a7d3b-e3f1-4985-b06b-5f0a929b8060: receive RaftClientReply:client-A5BCC62C3543->912a7d3b-e3f1-4985-b06b-5f0a929b8060@group-3636E5E7603C, cid=1376, SUCCESS, logIndex=1996, commits[912a7d3b-e3f1-4985-b06b-5f0a929b8060:c1997]
2019-07-13 08:32:25,987 INFO  client.GrpcClientProtocolClient (GrpcClientProtocolClient.java:onNext(255)) - client-A5BCC62C3543->912a7d3b-e3f1-4985-b06b-5f0a929b8060: receive RaftClientReply:client-A5BCC62C3543->912a7d3b-e3f1-4985-b06b-5f0a929b8060@group-3636E5E7603C, cid=1377, SUCCESS, logIndex=1999, commits[912a7d3b-e3f1-4985-b06b-5f0a929b8060:c2000]
2019-07-13 08:32:25,987 INFO  client.GrpcClientProtocolClient (GrpcClientProtocolClient.java:onNext(255)) - client-A5BCC62C3543->912a7d3b-e3f1-4985-b06b-5f0a929b8060: receive RaftClientReply:client-A5BCC62C3543->912a7d3b-e3f1-4985-b06b-5f0a929b8060@group-3636E5E7603C, cid=1378, SUCCESS, logIndex=2000, commits[912a7d3b-e3f1-4985-b06b-5f0a929b8060:c2000]
2019-07-13 08:32:25,989 INFO  client.GrpcClientProtocolClient (GrpcClientProtocolClient.java:onNext(255)) - client-A5BCC62C3543->912a7d3b-e3f1-4985-b06b-5f0a929b8060: receive RaftClientReply:client-A5BCC62C3543->912a7d3b-e3f1-4985-b06b-5f0a929b8060@group-3636E5E7603C, cid=1379, SUCCESS, logIndex=2001, commits[912a7d3b-e3f1-4985-b06b-5f0a929b8060:c2002]
2019-07-13 08:32:25,989 INFO  client.GrpcClientProtocolClient (GrpcClientProtocolClient.java:onNext(255)) - client-A5BCC62C3543->912a7d3b-e3f1-4985-b06b-5f0a929b8060: receive RaftClientReply:client-A5BCC62C3543->912a7d3b-e3f1-4985-b06b-5f0a929b8060@group-3636E5E7603C, cid=1380, SUCCESS, logIndex=2002, commits[912a7d3b-e3f1-4985-b06b-5f0a929b8060:c2002]
2019-07-13 08:32:26,001 INFO  client.GrpcClientProtocolClient (GrpcClientProtocolClient.java:onNext(255)) - client-A5BCC62C3543->912a7d3b-e3f1-4985-b06b-5f0a929b8060: receive RaftClientReply:client-A5BCC62C3543->912a7d3b-e3f1-4985-b06b-5f0a929b8060@group-3636E5E7603C, cid=1381, SUCCESS, logIndex=2005, commits[912a7d3b-e3f1-4985-b06b-5f0a929b8060:c2008]
2019-07-13 08:32:26,001 INFO  client.GrpcClientProtocolClient (GrpcClientProtocolClient.java:onNext(255)) - client-A5BCC62C3543->912a7d3b-e3f1-4985-b06b-5f0a929b8060: receive RaftClientReply:client-A5BCC62C3543->912a7d3b-e3f1-4985-b06b-5f0a929b8060@group-3636E5E7603C, cid=1382, SUCCESS, logIndex=2006, commits[912a7d3b-e3f1-4985-b06b-5f0a929b8060:c2008]
2019-07-13 08:32:26,002 INFO  client.GrpcClientProtocolClient (GrpcClientProtocolClient.java:onNext(255)) - client-A5BCC62C3543->912a7d3b-e3f1-4985-b06b-5f0a929b8060: receive RaftClientReply:client-A5BCC62C3543->912a7d3b-e3f1-4985-b06b-5f0a929b8060@group-3636E5E7603C, cid=1383, SUCCESS, logIndex=2007, commits[912a7d3b-e3f1-4985-b06b-5f0a929b8060:c2008]
2019-07-13 08:32:26,002 INFO  client.GrpcClientProtocolClient (GrpcClientProtocolClient.java:onNext(255)) - client-A5BCC62C3543->912a7d3b-e3f1-4985-b06b-5f0a929b8060: receive RaftClientReply:client-A5BCC62C3543->912a7d3b-e3f1-4985-b06b-5f0a929b8060@group-3636E5E7603C, cid=1384, SUCCESS, logIndex=2008, commits[912a7d3b-e3f1-4985-b06b-5f0a929b8060:c2008]
2019-07-13 08:32:26,015 DEBUG block.SCMBlockDeletingService (SCMBlockDeletingService.java:call(138)) - Running DeletedBlockTransactionScanner
2019-07-13 08:32:26,016 DEBUG block.SCMBlockDeletingService (SCMBlockDeletingService.java:call(155)) - Scanned deleted blocks log and got 0 delTX to process.
2019-07-13 08:32:26,026 INFO  client.GrpcClientProtocolClient (GrpcClientProtocolClient.java:onNext(255)) - client-A5BCC62C3543->912a7d3b-e3f1-4985-b06b-5f0a929b8060: receive RaftClientReply:client-A5BCC62C3543->912a7d3b-e3f1-4985-b06b-5f0a929b8060@group-3636E5E7603C, cid=1385, SUCCESS, logIndex=2010, commits[912a7d3b-e3f1-4985-b06b-5f0a929b8060:c2013]
2019-07-13 08:32:26,027 INFO  client.GrpcClientProtocolClient (GrpcClientProtocolClient.java:onNext(255)) - client-A5BCC62C3543->912a7d3b-e3f1-4985-b06b-5f0a929b8060: receive RaftClientReply:client-A5BCC62C3543->912a7d3b-e3f1-4985-b06b-5f0a929b8060@group-3636E5E7603C, cid=1386, SUCCESS, logIndex=2011, commits[912a7d3b-e3f1-4985-b06b-5f0a929b8060:c2013]
2019-07-13 08:32:26,028 INFO  client.GrpcClientProtocolClient (GrpcClientProtocolClient.java:onNext(255)) - client-A5BCC62C3543->912a7d3b-e3f1-4985-b06b-5f0a929b8060: receive RaftClientReply:client-A5BCC62C3543->912a7d3b-e3f1-4985-b06b-5f0a929b8060@group-3636E5E7603C, cid=1387, SUCCESS, logIndex=2012, commits[912a7d3b-e3f1-4985-b06b-5f0a929b8060:c2013]
2019-07-13 08:32:26,028 INFO  client.GrpcClientProtocolClient (GrpcClientProtocolClient.java:onNext(255)) - client-A5BCC62C3543->912a7d3b-e3f1-4985-b06b-5f0a929b8060: receive RaftClientReply:client-A5BCC62C3543->912a7d3b-e3f1-4985-b06b-5f0a929b8060@group-3636E5E7603C, cid=1388, SUCCESS, logIndex=2013, commits[912a7d3b-e3f1-4985-b06b-5f0a929b8060:c2013]
2019-07-13 08:32:26,044 INFO  client.GrpcClientProtocolClient (GrpcClientProtocolClient.java:onNext(255)) - client-A5BCC62C3543->912a7d3b-e3f1-4985-b06b-5f0a929b8060: receive RaftClientReply:client-A5BCC62C3543->912a7d3b-e3f1-4985-b06b-5f0a929b8060@group-3636E5E7603C, cid=1389, SUCCESS, logIndex=2015, commits[912a7d3b-e3f1-4985-b06b-5f0a929b8060:c2018]
2019-07-13 08:32:26,045 INFO  client.GrpcClientProtocolClient (GrpcClientProtocolClient.java:onNext(255)) - client-A5BCC62C3543->912a7d3b-e3f1-4985-b06b-5f0a929b8060: receive RaftClientReply:client-A5BCC62C3543->912a7d3b-e3f1-4985-b06b-5f0a929b8060@group-3636E5E7603C, cid=1390, SUCCESS, logIndex=2016, commits[912a7d3b-e3f1-4985-b06b-5f0a929b8060:c2019]
2019-07-13 08:32:26,045 INFO  client.GrpcClientProtocolClient (GrpcClientProtocolClient.java:onNext(255)) - client-A5BCC62C3543->912a7d3b-e3f1-4985-b06b-5f0a929b8060: receive RaftClientReply:client-A5BCC62C3543->912a7d3b-e3f1-4985-b06b-5f0a929b8060@group-3636E5E7603C, cid=1391, SUCCESS, logIndex=2017, commits[912a7d3b-e3f1-4985-b06b-5f0a929b8060:c2019]
2019-07-13 08:32:26,045 INFO  client.GrpcClientProtocolClient (GrpcClientProtocolClient.java:onNext(255)) - client-A5BCC62C3543->912a7d3b-e3f1-4985-b06b-5f0a929b8060: receive RaftClientReply:client-A5BCC62C3543->912a7d3b-e3f1-4985-b06b-5f0a929b8060@group-3636E5E7603C, cid=1392, SUCCESS, logIndex=2018, commits[912a7d3b-e3f1-4985-b06b-5f0a929b8060:c2019]
2019-07-13 08:32:26,072 INFO  client.GrpcClientProtocolClient (GrpcClientProtocolClient.java:onNext(255)) - client-A5BCC62C3543->912a7d3b-e3f1-4985-b06b-5f0a929b8060: receive RaftClientReply:client-A5BCC62C3543->912a7d3b-e3f1-4985-b06b-5f0a929b8060@group-3636E5E7603C, cid=1393, SUCCESS, logIndex=2020, commits[912a7d3b-e3f1-4985-b06b-5f0a929b8060:c2021]
2019-07-13 08:32:26,073 INFO  client.GrpcClientProtocolClient (GrpcClientProtocolClient.java:onNext(255)) - client-A5BCC62C3543->912a7d3b-e3f1-4985-b06b-5f0a929b8060: receive RaftClientReply:client-A5BCC62C3543->912a7d3b-e3f1-4985-b06b-5f0a929b8060@group-3636E5E7603C, cid=1394, SUCCESS, logIndex=2021, commits[912a7d3b-e3f1-4985-b06b-5f0a929b8060:c2023]
2019-07-13 08:32:26,073 INFO  client.GrpcClientProtocolClient (GrpcClientProtocolClient.java:onNext(255)) - client-A5BCC62C3543->912a7d3b-e3f1-4985-b06b-5f0a929b8060: receive RaftClientReply:client-A5BCC62C3543->912a7d3b-e3f1-4985-b06b-5f0a929b8060@group-3636E5E7603C, cid=1395, SUCCESS, logIndex=2022, commits[912a7d3b-e3f1-4985-b06b-5f0a929b8060:c2024]
2019-07-13 08:32:26,074 INFO  client.GrpcClientProtocolClient (GrpcClientProtocolClient.java:onNext(255)) - client-A5BCC62C3543->912a7d3b-e3f1-4985-b06b-5f0a929b8060: receive RaftClientReply:client-A5BCC62C3543->912a7d3b-e3f1-4985-b06b-5f0a929b8060@group-3636E5E7603C, cid=1396, SUCCESS, logIndex=2023, commits[912a7d3b-e3f1-4985-b06b-5f0a929b8060:c2025]
2019-07-13 08:32:26,095 INFO  client.GrpcClientProtocolClient (GrpcClientProtocolClient.java:onNext(255)) - client-A5BCC62C3543->912a7d3b-e3f1-4985-b06b-5f0a929b8060: receive RaftClientReply:client-A5BCC62C3543->912a7d3b-e3f1-4985-b06b-5f0a929b8060@group-3636E5E7603C, cid=1397, SUCCESS, logIndex=2026, commits[912a7d3b-e3f1-4985-b06b-5f0a929b8060:c2029]
2019-07-13 08:32:26,095 INFO  client.GrpcClientProtocolClient (GrpcClientProtocolClient.java:onNext(255)) - client-A5BCC62C3543->912a7d3b-e3f1-4985-b06b-5f0a929b8060: receive RaftClientReply:client-A5BCC62C3543->912a7d3b-e3f1-4985-b06b-5f0a929b8060@group-3636E5E7603C, cid=1398, SUCCESS, logIndex=2027, commits[912a7d3b-e3f1-4985-b06b-5f0a929b8060:c2030]
2019-07-13 08:32:26,096 INFO  client.GrpcClientProtocolClient (GrpcClientProtocolClient.java:onNext(255)) - client-A5BCC62C3543->912a7d3b-e3f1-4985-b06b-5f0a929b8060: receive RaftClientReply:client-A5BCC62C3543->912a7d3b-e3f1-4985-b06b-5f0a929b8060@group-3636E5E7603C, cid=1399, SUCCESS, logIndex=2028, commits[912a7d3b-e3f1-4985-b06b-5f0a929b8060:c2030]
2019-07-13 08:32:26,096 INFO  client.GrpcClientProtocolClient (GrpcClientProtocolClient.java:onNext(255)) - client-A5BCC62C3543->912a7d3b-e3f1-4985-b06b-5f0a929b8060: receive RaftClientReply:client-A5BCC62C3543->912a7d3b-e3f1-4985-b06b-5f0a929b8060@group-3636E5E7603C, cid=1400, SUCCESS, logIndex=2029, commits[912a7d3b-e3f1-4985-b06b-5f0a929b8060:c2030]
2019-07-13 08:32:26,116 DEBUG block.SCMBlockDeletingService (SCMBlockDeletingService.java:call(138)) - Running DeletedBlockTransactionScanner
2019-07-13 08:32:26,116 DEBUG block.SCMBlockDeletingService (SCMBlockDeletingService.java:call(155)) - Scanned deleted blocks log and got 0 delTX to process.
2019-07-13 08:32:26,127 INFO  client.GrpcClientProtocolClient (GrpcClientProtocolClient.java:onNext(255)) - client-A5BCC62C3543->912a7d3b-e3f1-4985-b06b-5f0a929b8060: receive RaftClientReply:client-A5BCC62C3543->912a7d3b-e3f1-4985-b06b-5f0a929b8060@group-3636E5E7603C, cid=1401, SUCCESS, logIndex=2031, commits[912a7d3b-e3f1-4985-b06b-5f0a929b8060:c2034]
2019-07-13 08:32:26,128 INFO  client.GrpcClientProtocolClient (GrpcClientProtocolClient.java:onNext(255)) - client-A5BCC62C3543->912a7d3b-e3f1-4985-b06b-5f0a929b8060: receive RaftClientReply:client-A5BCC62C3543->912a7d3b-e3f1-4985-b06b-5f0a929b8060@group-3636E5E7603C, cid=1402, SUCCESS, logIndex=2032, commits[912a7d3b-e3f1-4985-b06b-5f0a929b8060:c2035]
2019-07-13 08:32:26,128 INFO  client.GrpcClientProtocolClient (GrpcClientProtocolClient.java:onNext(255)) - client-A5BCC62C3543->912a7d3b-e3f1-4985-b06b-5f0a929b8060: receive RaftClientReply:client-A5BCC62C3543->912a7d3b-e3f1-4985-b06b-5f0a929b8060@group-3636E5E7603C, cid=1403, SUCCESS, logIndex=2033, commits[912a7d3b-e3f1-4985-b06b-5f0a929b8060:c2035]
2019-07-13 08:32:26,129 INFO  client.GrpcClientProtocolClient (GrpcClientProtocolClient.java:onNext(255)) - client-A5BCC62C3543->912a7d3b-e3f1-4985-b06b-5f0a929b8060: receive RaftClientReply:client-A5BCC62C3543->912a7d3b-e3f1-4985-b06b-5f0a929b8060@group-3636E5E7603C, cid=1404, SUCCESS, logIndex=2034, commits[912a7d3b-e3f1-4985-b06b-5f0a929b8060:c2035]
2019-07-13 08:32:26,149 INFO  client.GrpcClientProtocolClient (GrpcClientProtocolClient.java:onNext(255)) - client-A5BCC62C3543->912a7d3b-e3f1-4985-b06b-5f0a929b8060: receive RaftClientReply:client-A5BCC62C3543->912a7d3b-e3f1-4985-b06b-5f0a929b8060@group-3636E5E7603C, cid=1405, SUCCESS, logIndex=2036, commits[912a7d3b-e3f1-4985-b06b-5f0a929b8060:c2037]
2019-07-13 08:32:26,150 INFO  client.GrpcClientProtocolClient (GrpcClientProtocolClient.java:onNext(255)) - client-A5BCC62C3543->912a7d3b-e3f1-4985-b06b-5f0a929b8060: receive RaftClientReply:client-A5BCC62C3543->912a7d3b-e3f1-4985-b06b-5f0a929b8060@group-3636E5E7603C, cid=1406, SUCCESS, logIndex=2037, commits[912a7d3b-e3f1-4985-b06b-5f0a929b8060:c2037]
2019-07-13 08:32:26,158 INFO  client.GrpcClientProtocolClient (GrpcClientProtocolClient.java:onNext(255)) - client-A5BCC62C3543->912a7d3b-e3f1-4985-b06b-5f0a929b8060: receive RaftClientReply:client-A5BCC62C3543->912a7d3b-e3f1-4985-b06b-5f0a929b8060@group-3636E5E7603C, cid=1407, SUCCESS, logIndex=2038, commits[912a7d3b-e3f1-4985-b06b-5f0a929b8060:c2039]
2019-07-13 08:32:26,158 INFO  client.GrpcClientProtocolClient (GrpcClientProtocolClient.java:onNext(255)) - client-A5BCC62C3543->912a7d3b-e3f1-4985-b06b-5f0a929b8060: receive RaftClientReply:client-A5BCC62C3543->912a7d3b-e3f1-4985-b06b-5f0a929b8060@group-3636E5E7603C, cid=1408, SUCCESS, logIndex=2039, commits[912a7d3b-e3f1-4985-b06b-5f0a929b8060:c2040]
2019-07-13 08:32:26,187 INFO  client.GrpcClientProtocolClient (GrpcClientProtocolClient.java:onNext(255)) - client-A5BCC62C3543->912a7d3b-e3f1-4985-b06b-5f0a929b8060: receive RaftClientReply:client-A5BCC62C3543->912a7d3b-e3f1-4985-b06b-5f0a929b8060@group-3636E5E7603C, cid=1409, SUCCESS, logIndex=2042, commits[912a7d3b-e3f1-4985-b06b-5f0a929b8060:c2043]
2019-07-13 08:32:26,187 INFO  client.GrpcClientProtocolClient (GrpcClientProtocolClient.java:onNext(255)) - client-A5BCC62C3543->912a7d3b-e3f1-4985-b06b-5f0a929b8060: receive RaftClientReply:client-A5BCC62C3543->912a7d3b-e3f1-4985-b06b-5f0a929b8060@group-3636E5E7603C, cid=1410, SUCCESS, logIndex=2043, commits[912a7d3b-e3f1-4985-b06b-5f0a929b8060:c2043]
2019-07-13 08:32:26,189 INFO  client.GrpcClientProtocolClient (GrpcClientProtocolClient.java:onNext(255)) - client-A5BCC62C3543->912a7d3b-e3f1-4985-b06b-5f0a929b8060: receive RaftClientReply:client-A5BCC62C3543->912a7d3b-e3f1-4985-b06b-5f0a929b8060@group-3636E5E7603C, cid=1411, SUCCESS, logIndex=2044, commits[912a7d3b-e3f1-4985-b06b-5f0a929b8060:c2045]
2019-07-13 08:32:26,189 INFO  client.GrpcClientProtocolClient (GrpcClientProtocolClient.java:onNext(255)) - client-A5BCC62C3543->912a7d3b-e3f1-4985-b06b-5f0a929b8060: receive RaftClientReply:client-A5BCC62C3543->912a7d3b-e3f1-4985-b06b-5f0a929b8060@group-3636E5E7603C, cid=1412, SUCCESS, logIndex=2045, commits[912a7d3b-e3f1-4985-b06b-5f0a929b8060:c2045]
2019-07-13 08:32:26,216 INFO  client.GrpcClientProtocolClient (GrpcClientProtocolClient.java:onNext(255)) - client-A5BCC62C3543->912a7d3b-e3f1-4985-b06b-5f0a929b8060: receive RaftClientReply:client-A5BCC62C3543->912a7d3b-e3f1-4985-b06b-5f0a929b8060@group-3636E5E7603C, cid=1413, SUCCESS, logIndex=2048, commits[912a7d3b-e3f1-4985-b06b-5f0a929b8060:c2049]
2019-07-13 08:32:26,216 INFO  client.GrpcClientProtocolClient (GrpcClientProtocolClient.java:onNext(255)) - client-A5BCC62C3543->912a7d3b-e3f1-4985-b06b-5f0a929b8060: receive RaftClientReply:client-A5BCC62C3543->912a7d3b-e3f1-4985-b06b-5f0a929b8060@group-3636E5E7603C, cid=1414, SUCCESS, logIndex=2049, commits[912a7d3b-e3f1-4985-b06b-5f0a929b8060:c2050]
2019-07-13 08:32:26,217 DEBUG block.SCMBlockDeletingService (SCMBlockDeletingService.java:call(138)) - Running DeletedBlockTransactionScanner
2019-07-13 08:32:26,217 DEBUG block.SCMBlockDeletingService (SCMBlockDeletingService.java:call(155)) - Scanned deleted blocks log and got 0 delTX to process.
2019-07-13 08:32:26,348 DEBUG block.SCMBlockDeletingService (SCMBlockDeletingService.java:call(138)) - Running DeletedBlockTransactionScanner
2019-07-13 08:32:26,348 DEBUG block.SCMBlockDeletingService (SCMBlockDeletingService.java:call(155)) - Scanned deleted blocks log and got 0 delTX to process.
2019-07-13 08:32:26,365 INFO  client.GrpcClientProtocolClient (GrpcClientProtocolClient.java:onNext(255)) - client-A5BCC62C3543->912a7d3b-e3f1-4985-b06b-5f0a929b8060: receive RaftClientReply:client-A5BCC62C3543->912a7d3b-e3f1-4985-b06b-5f0a929b8060@group-3636E5E7603C, cid=1415, SUCCESS, logIndex=2051, commits[912a7d3b-e3f1-4985-b06b-5f0a929b8060:c2052]
2019-07-13 08:32:26,365 INFO  client.GrpcClientProtocolClient (GrpcClientProtocolClient.java:onNext(255)) - client-A5BCC62C3543->912a7d3b-e3f1-4985-b06b-5f0a929b8060: receive RaftClientReply:client-A5BCC62C3543->912a7d3b-e3f1-4985-b06b-5f0a929b8060@group-3636E5E7603C, cid=1416, SUCCESS, logIndex=2052, commits[912a7d3b-e3f1-4985-b06b-5f0a929b8060:c2053]
2019-07-13 08:32:26,395 INFO  client.GrpcClientProtocolClient (GrpcClientProtocolClient.java:onNext(255)) - client-A5BCC62C3543->912a7d3b-e3f1-4985-b06b-5f0a929b8060: receive RaftClientReply:client-A5BCC62C3543->912a7d3b-e3f1-4985-b06b-5f0a929b8060@group-3636E5E7603C, cid=1417, SUCCESS, logIndex=2054, commits[912a7d3b-e3f1-4985-b06b-5f0a929b8060:c2055]
2019-07-13 08:32:26,396 INFO  client.GrpcClientProtocolClient (GrpcClientProtocolClient.java:onNext(255)) - client-A5BCC62C3543->912a7d3b-e3f1-4985-b06b-5f0a929b8060: receive RaftClientReply:client-A5BCC62C3543->912a7d3b-e3f1-4985-b06b-5f0a929b8060@group-3636E5E7603C, cid=1418, SUCCESS, logIndex=2055, commits[912a7d3b-e3f1-4985-b06b-5f0a929b8060:c2057]
2019-07-13 08:32:26,396 INFO  client.GrpcClientProtocolClient (GrpcClientProtocolClient.java:onNext(255)) - client-A5BCC62C3543->912a7d3b-e3f1-4985-b06b-5f0a929b8060: receive RaftClientReply:client-A5BCC62C3543->912a7d3b-e3f1-4985-b06b-5f0a929b8060@group-3636E5E7603C, cid=1419, SUCCESS, logIndex=2056, commits[912a7d3b-e3f1-4985-b06b-5f0a929b8060:c2058]
2019-07-13 08:32:26,397 INFO  client.GrpcClientProtocolClient (GrpcClientProtocolClient.java:onNext(255)) - client-A5BCC62C3543->912a7d3b-e3f1-4985-b06b-5f0a929b8060: receive RaftClientReply:client-A5BCC62C3543->912a7d3b-e3f1-4985-b06b-5f0a929b8060@group-3636E5E7603C, cid=1420, SUCCESS, logIndex=2057, commits[912a7d3b-e3f1-4985-b06b-5f0a929b8060:c2059]
2019-07-13 08:32:26,418 INFO  client.GrpcClientProtocolClient (GrpcClientProtocolClient.java:onNext(255)) - client-A5BCC62C3543->912a7d3b-e3f1-4985-b06b-5f0a929b8060: receive RaftClientReply:client-A5BCC62C3543->912a7d3b-e3f1-4985-b06b-5f0a929b8060@group-3636E5E7603C, cid=1421, SUCCESS, logIndex=2060, commits[912a7d3b-e3f1-4985-b06b-5f0a929b8060:c2061]
2019-07-13 08:32:26,419 INFO  client.GrpcClientProtocolClient (GrpcClientProtocolClient.java:onNext(255)) - client-A5BCC62C3543->912a7d3b-e3f1-4985-b06b-5f0a929b8060: receive RaftClientReply:client-A5BCC62C3543->912a7d3b-e3f1-4985-b06b-5f0a929b8060@group-3636E5E7603C, cid=1422, SUCCESS, logIndex=2061, commits[912a7d3b-e3f1-4985-b06b-5f0a929b8060:c2063]
2019-07-13 08:32:26,419 INFO  client.GrpcClientProtocolClient (GrpcClientProtocolClient.java:onNext(255)) - client-A5BCC62C3543->912a7d3b-e3f1-4985-b06b-5f0a929b8060: receive RaftClientReply:client-A5BCC62C3543->912a7d3b-e3f1-4985-b06b-5f0a929b8060@group-3636E5E7603C, cid=1423, SUCCESS, logIndex=2062, commits[912a7d3b-e3f1-4985-b06b-5f0a929b8060:c2064]
2019-07-13 08:32:26,420 INFO  client.GrpcClientProtocolClient (GrpcClientProtocolClient.java:onNext(255)) - client-A5BCC62C3543->912a7d3b-e3f1-4985-b06b-5f0a929b8060: receive RaftClientReply:client-A5BCC62C3543->912a7d3b-e3f1-4985-b06b-5f0a929b8060@group-3636E5E7603C, cid=1424, SUCCESS, logIndex=2063, commits[912a7d3b-e3f1-4985-b06b-5f0a929b8060:c2065]
2019-07-13 08:32:26,449 DEBUG block.SCMBlockDeletingService (SCMBlockDeletingService.java:call(138)) - Running DeletedBlockTransactionScanner
2019-07-13 08:32:26,449 DEBUG block.SCMBlockDeletingService (SCMBlockDeletingService.java:call(155)) - Scanned deleted blocks log and got 0 delTX to process.
2019-07-13 08:32:26,450 INFO  client.GrpcClientProtocolClient (GrpcClientProtocolClient.java:onNext(255)) - client-A5BCC62C3543->912a7d3b-e3f1-4985-b06b-5f0a929b8060: receive RaftClientReply:client-A5BCC62C3543->912a7d3b-e3f1-4985-b06b-5f0a929b8060@group-3636E5E7603C, cid=1425, SUCCESS, logIndex=2066, commits[912a7d3b-e3f1-4985-b06b-5f0a929b8060:c2067]
2019-07-13 08:32:26,450 INFO  client.GrpcClientProtocolClient (GrpcClientProtocolClient.java:onNext(255)) - client-A5BCC62C3543->912a7d3b-e3f1-4985-b06b-5f0a929b8060: receive RaftClientReply:client-A5BCC62C3543->912a7d3b-e3f1-4985-b06b-5f0a929b8060@group-3636E5E7603C, cid=1426, SUCCESS, logIndex=2067, commits[912a7d3b-e3f1-4985-b06b-5f0a929b8060:c2067]
2019-07-13 08:32:26,451 INFO  client.GrpcClientProtocolClient (GrpcClientProtocolClient.java:onNext(255)) - client-A5BCC62C3543->912a7d3b-e3f1-4985-b06b-5f0a929b8060: receive RaftClientReply:client-A5BCC62C3543->912a7d3b-e3f1-4985-b06b-5f0a929b8060@group-3636E5E7603C, cid=1427, SUCCESS, logIndex=2068, commits[912a7d3b-e3f1-4985-b06b-5f0a929b8060:c2069]
2019-07-13 08:32:26,452 INFO  client.GrpcClientProtocolClient (GrpcClientProtocolClient.java:onNext(255)) - client-A5BCC62C3543->912a7d3b-e3f1-4985-b06b-5f0a929b8060: receive RaftClientReply:client-A5BCC62C3543->912a7d3b-e3f1-4985-b06b-5f0a929b8060@group-3636E5E7603C, cid=1428, SUCCESS, logIndex=2069, commits[912a7d3b-e3f1-4985-b06b-5f0a929b8060:c2069]
2019-07-13 08:32:26,465 INFO  client.GrpcClientProtocolClient (GrpcClientProtocolClient.java:onNext(255)) - client-A5BCC62C3543->912a7d3b-e3f1-4985-b06b-5f0a929b8060: receive RaftClientReply:client-A5BCC62C3543->912a7d3b-e3f1-4985-b06b-5f0a929b8060@group-3636E5E7603C, cid=1429, SUCCESS, logIndex=2072, commits[912a7d3b-e3f1-4985-b06b-5f0a929b8060:c2073]
2019-07-13 08:32:26,466 INFO  client.GrpcClientProtocolClient (GrpcClientProtocolClient.java:onNext(255)) - client-A5BCC62C3543->912a7d3b-e3f1-4985-b06b-5f0a929b8060: receive RaftClientReply:client-A5BCC62C3543->912a7d3b-e3f1-4985-b06b-5f0a929b8060@group-3636E5E7603C, cid=1430, SUCCESS, logIndex=2073, commits[912a7d3b-e3f1-4985-b06b-5f0a929b8060:c2073]
2019-07-13 08:32:26,476 INFO  client.GrpcClientProtocolClient (GrpcClientProtocolClient.java:onNext(255)) - client-A5BCC62C3543->912a7d3b-e3f1-4985-b06b-5f0a929b8060: receive RaftClientReply:client-A5BCC62C3543->912a7d3b-e3f1-4985-b06b-5f0a929b8060@group-3636E5E7603C, cid=1431, SUCCESS, logIndex=2074, commits[912a7d3b-e3f1-4985-b06b-5f0a929b8060:c2075]
2019-07-13 08:32:26,477 INFO  client.GrpcClientProtocolClient (GrpcClientProtocolClient.java:onNext(255)) - client-A5BCC62C3543->912a7d3b-e3f1-4985-b06b-5f0a929b8060: receive RaftClientReply:client-A5BCC62C3543->912a7d3b-e3f1-4985-b06b-5f0a929b8060@group-3636E5E7603C, cid=1432, SUCCESS, logIndex=2075, commits[912a7d3b-e3f1-4985-b06b-5f0a929b8060:c2076]
2019-07-13 08:32:26,506 INFO  client.GrpcClientProtocolClient (GrpcClientProtocolClient.java:onNext(255)) - client-A5BCC62C3543->912a7d3b-e3f1-4985-b06b-5f0a929b8060: receive RaftClientReply:client-A5BCC62C3543->912a7d3b-e3f1-4985-b06b-5f0a929b8060@group-3636E5E7603C, cid=1433, SUCCESS, logIndex=2078, commits[912a7d3b-e3f1-4985-b06b-5f0a929b8060:c2081]
2019-07-13 08:32:26,507 INFO  client.GrpcClientProtocolClient (GrpcClientProtocolClient.java:onNext(255)) - client-A5BCC62C3543->912a7d3b-e3f1-4985-b06b-5f0a929b8060: receive RaftClientReply:client-A5BCC62C3543->912a7d3b-e3f1-4985-b06b-5f0a929b8060@group-3636E5E7603C, cid=1434, SUCCESS, logIndex=2079, commits[912a7d3b-e3f1-4985-b06b-5f0a929b8060:c2082]
2019-07-13 08:32:26,507 INFO  client.GrpcClientProtocolClient (GrpcClientProtocolClient.java:onNext(255)) - client-A5BCC62C3543->912a7d3b-e3f1-4985-b06b-5f0a929b8060: receive RaftClientReply:client-A5BCC62C3543->912a7d3b-e3f1-4985-b06b-5f0a929b8060@group-3636E5E7603C, cid=1435, SUCCESS, logIndex=2080, commits[912a7d3b-e3f1-4985-b06b-5f0a929b8060:c2082]
2019-07-13 08:32:26,507 INFO  client.GrpcClientProtocolClient (GrpcClientProtocolClient.java:onNext(255)) - client-A5BCC62C3543->912a7d3b-e3f1-4985-b06b-5f0a929b8060: receive RaftClientReply:client-A5BCC62C3543->912a7d3b-e3f1-4985-b06b-5f0a929b8060@group-3636E5E7603C, cid=1436, SUCCESS, logIndex=2081, commits[912a7d3b-e3f1-4985-b06b-5f0a929b8060:c2083]
2019-07-13 08:32:26,528 INFO  client.GrpcClientProtocolClient (GrpcClientProtocolClient.java:onNext(255)) - client-A5BCC62C3543->912a7d3b-e3f1-4985-b06b-5f0a929b8060: receive RaftClientReply:client-A5BCC62C3543->912a7d3b-e3f1-4985-b06b-5f0a929b8060@group-3636E5E7603C, cid=1437, SUCCESS, logIndex=2084, commits[912a7d3b-e3f1-4985-b06b-5f0a929b8060:c2085]
2019-07-13 08:32:26,529 INFO  client.GrpcClientProtocolClient (GrpcClientProtocolClient.java:onNext(255)) - client-A5BCC62C3543->912a7d3b-e3f1-4985-b06b-5f0a929b8060: receive RaftClientReply:client-A5BCC62C3543->912a7d3b-e3f1-4985-b06b-5f0a929b8060@group-3636E5E7603C, cid=1438, SUCCESS, logIndex=2085, commits[912a7d3b-e3f1-4985-b06b-5f0a929b8060:c2085]
2019-07-13 08:32:26,530 INFO  client.GrpcClientProtocolClient (GrpcClientProtocolClient.java:onNext(255)) - client-A5BCC62C3543->912a7d3b-e3f1-4985-b06b-5f0a929b8060: receive RaftClientReply:client-A5BCC62C3543->912a7d3b-e3f1-4985-b06b-5f0a929b8060@group-3636E5E7603C, cid=1439, SUCCESS, logIndex=2086, commits[912a7d3b-e3f1-4985-b06b-5f0a929b8060:c2087]
2019-07-13 08:32:26,531 INFO  client.GrpcClientProtocolClient (GrpcClientProtocolClient.java:onNext(255)) - client-A5BCC62C3543->912a7d3b-e3f1-4985-b06b-5f0a929b8060: receive RaftClientReply:client-A5BCC62C3543->912a7d3b-e3f1-4985-b06b-5f0a929b8060@group-3636E5E7603C, cid=1440, SUCCESS, logIndex=2087, commits[912a7d3b-e3f1-4985-b06b-5f0a929b8060:c2087]
2019-07-13 08:32:26,550 DEBUG block.SCMBlockDeletingService (SCMBlockDeletingService.java:call(138)) - Running DeletedBlockTransactionScanner
2019-07-13 08:32:26,550 DEBUG block.SCMBlockDeletingService (SCMBlockDeletingService.java:call(155)) - Scanned deleted blocks log and got 0 delTX to process.
2019-07-13 08:32:26,559 INFO  client.GrpcClientProtocolClient (GrpcClientProtocolClient.java:onNext(255)) - client-A5BCC62C3543->912a7d3b-e3f1-4985-b06b-5f0a929b8060: receive RaftClientReply:client-A5BCC62C3543->912a7d3b-e3f1-4985-b06b-5f0a929b8060@group-3636E5E7603C, cid=1441, SUCCESS, logIndex=2090, commits[912a7d3b-e3f1-4985-b06b-5f0a929b8060:c2091]
2019-07-13 08:32:26,560 INFO  client.GrpcClientProtocolClient (GrpcClientProtocolClient.java:onNext(255)) - client-A5BCC62C3543->912a7d3b-e3f1-4985-b06b-5f0a929b8060: receive RaftClientReply:client-A5BCC62C3543->912a7d3b-e3f1-4985-b06b-5f0a929b8060@group-3636E5E7603C, cid=1442, SUCCESS, logIndex=2091, commits[912a7d3b-e3f1-4985-b06b-5f0a929b8060:c2091]
2019-07-13 08:32:26,561 INFO  client.GrpcClientProtocolClient (GrpcClientProtocolClient.java:onNext(255)) - client-A5BCC62C3543->912a7d3b-e3f1-4985-b06b-5f0a929b8060: receive RaftClientReply:client-A5BCC62C3543->912a7d3b-e3f1-4985-b06b-5f0a929b8060@group-3636E5E7603C, cid=1443, SUCCESS, logIndex=2092, commits[912a7d3b-e3f1-4985-b06b-5f0a929b8060:c2093]
2019-07-13 08:32:26,562 INFO  client.GrpcClientProtocolClient (GrpcClientProtocolClient.java:onNext(255)) - client-A5BCC62C3543->912a7d3b-e3f1-4985-b06b-5f0a929b8060: receive RaftClientReply:client-A5BCC62C3543->912a7d3b-e3f1-4985-b06b-5f0a929b8060@group-3636E5E7603C, cid=1444, SUCCESS, logIndex=2093, commits[912a7d3b-e3f1-4985-b06b-5f0a929b8060:c2093]
2019-07-13 08:32:26,585 INFO  client.GrpcClientProtocolClient (GrpcClientProtocolClient.java:onNext(255)) - client-A5BCC62C3543->912a7d3b-e3f1-4985-b06b-5f0a929b8060: receive RaftClientReply:client-A5BCC62C3543->912a7d3b-e3f1-4985-b06b-5f0a929b8060@group-3636E5E7603C, cid=1445, SUCCESS, logIndex=2096, commits[912a7d3b-e3f1-4985-b06b-5f0a929b8060:c2099]
2019-07-13 08:32:26,586 INFO  client.GrpcClientProtocolClient (GrpcClientProtocolClient.java:onNext(255)) - client-A5BCC62C3543->912a7d3b-e3f1-4985-b06b-5f0a929b8060: receive RaftClientReply:client-A5BCC62C3543->912a7d3b-e3f1-4985-b06b-5f0a929b8060@group-3636E5E7603C, cid=1446, SUCCESS, logIndex=2097, commits[912a7d3b-e3f1-4985-b06b-5f0a929b8060:c2100]
2019-07-13 08:32:26,586 INFO  client.GrpcClientProtocolClient (GrpcClientProtocolClient.java:onNext(255)) - client-A5BCC62C3543->912a7d3b-e3f1-4985-b06b-5f0a929b8060: receive RaftClientReply:client-A5BCC62C3543->912a7d3b-e3f1-4985-b06b-5f0a929b8060@group-3636E5E7603C, cid=1447, SUCCESS, logIndex=2098, commits[912a7d3b-e3f1-4985-b06b-5f0a929b8060:c2100]
2019-07-13 08:32:26,587 INFO  client.GrpcClientProtocolClient (GrpcClientProtocolClient.java:onNext(255)) - client-A5BCC62C3543->912a7d3b-e3f1-4985-b06b-5f0a929b8060: receive RaftClientReply:client-A5BCC62C3543->912a7d3b-e3f1-4985-b06b-5f0a929b8060@group-3636E5E7603C, cid=1448, SUCCESS, logIndex=2099, commits[912a7d3b-e3f1-4985-b06b-5f0a929b8060:c2100]
2019-07-13 08:32:26,615 INFO  client.GrpcClientProtocolClient (GrpcClientProtocolClient.java:onNext(255)) - client-A5BCC62C3543->912a7d3b-e3f1-4985-b06b-5f0a929b8060: receive RaftClientReply:client-A5BCC62C3543->912a7d3b-e3f1-4985-b06b-5f0a929b8060@group-3636E5E7603C, cid=1449, SUCCESS, logIndex=2101, commits[912a7d3b-e3f1-4985-b06b-5f0a929b8060:c2104]
2019-07-13 08:32:26,616 INFO  client.GrpcClientProtocolClient (GrpcClientProtocolClient.java:onNext(255)) - client-A5BCC62C3543->912a7d3b-e3f1-4985-b06b-5f0a929b8060: receive RaftClientReply:client-A5BCC62C3543->912a7d3b-e3f1-4985-b06b-5f0a929b8060@group-3636E5E7603C, cid=1450, SUCCESS, logIndex=2102, commits[912a7d3b-e3f1-4985-b06b-5f0a929b8060:c2105]
2019-07-13 08:32:26,616 INFO  client.GrpcClientProtocolClient (GrpcClientProtocolClient.java:onNext(255)) - client-A5BCC62C3543->912a7d3b-e3f1-4985-b06b-5f0a929b8060: receive RaftClientReply:client-A5BCC62C3543->912a7d3b-e3f1-4985-b06b-5f0a929b8060@group-3636E5E7603C, cid=1451, SUCCESS, logIndex=2103, commits[912a7d3b-e3f1-4985-b06b-5f0a929b8060:c2105]
2019-07-13 08:32:26,617 INFO  client.GrpcClientProtocolClient (GrpcClientProtocolClient.java:onNext(255)) - client-A5BCC62C3543->912a7d3b-e3f1-4985-b06b-5f0a929b8060: receive RaftClientReply:client-A5BCC62C3543->912a7d3b-e3f1-4985-b06b-5f0a929b8060@group-3636E5E7603C, cid=1452, SUCCESS, logIndex=2104, commits[912a7d3b-e3f1-4985-b06b-5f0a929b8060:c2106]
2019-07-13 08:32:26,650 DEBUG block.SCMBlockDeletingService (SCMBlockDeletingService.java:call(138)) - Running DeletedBlockTransactionScanner
2019-07-13 08:32:26,651 INFO  client.GrpcClientProtocolClient (GrpcClientProtocolClient.java:onNext(255)) - client-A5BCC62C3543->912a7d3b-e3f1-4985-b06b-5f0a929b8060: receive RaftClientReply:client-A5BCC62C3543->912a7d3b-e3f1-4985-b06b-5f0a929b8060@group-3636E5E7603C, cid=1453, SUCCESS, logIndex=2107, commits[912a7d3b-e3f1-4985-b06b-5f0a929b8060:c2110]
2019-07-13 08:32:26,651 DEBUG block.SCMBlockDeletingService (SCMBlockDeletingService.java:call(155)) - Scanned deleted blocks log and got 0 delTX to process.
2019-07-13 08:32:26,651 INFO  client.GrpcClientProtocolClient (GrpcClientProtocolClient.java:onNext(255)) - client-A5BCC62C3543->912a7d3b-e3f1-4985-b06b-5f0a929b8060: receive RaftClientReply:client-A5BCC62C3543->912a7d3b-e3f1-4985-b06b-5f0a929b8060@group-3636E5E7603C, cid=1454, SUCCESS, logIndex=2108, commits[912a7d3b-e3f1-4985-b06b-5f0a929b8060:c2111]
2019-07-13 08:32:26,652 INFO  client.GrpcClientProtocolClient (GrpcClientProtocolClient.java:onNext(255)) - client-A5BCC62C3543->912a7d3b-e3f1-4985-b06b-5f0a929b8060: receive RaftClientReply:client-A5BCC62C3543->912a7d3b-e3f1-4985-b06b-5f0a929b8060@group-3636E5E7603C, cid=1455, SUCCESS, logIndex=2109, commits[912a7d3b-e3f1-4985-b06b-5f0a929b8060:c2111]
2019-07-13 08:32:26,652 INFO  client.GrpcClientProtocolClient (GrpcClientProtocolClient.java:onNext(255)) - client-A5BCC62C3543->912a7d3b-e3f1-4985-b06b-5f0a929b8060: receive RaftClientReply:client-A5BCC62C3543->912a7d3b-e3f1-4985-b06b-5f0a929b8060@group-3636E5E7603C, cid=1456, SUCCESS, logIndex=2110, commits[912a7d3b-e3f1-4985-b06b-5f0a929b8060:c2111]
2019-07-13 08:32:26,687 INFO  client.GrpcClientProtocolClient (GrpcClientProtocolClient.java:onNext(255)) - client-A5BCC62C3543->912a7d3b-e3f1-4985-b06b-5f0a929b8060: receive RaftClientReply:client-A5BCC62C3543->912a7d3b-e3f1-4985-b06b-5f0a929b8060@group-3636E5E7603C, cid=1457, SUCCESS, logIndex=2112, commits[912a7d3b-e3f1-4985-b06b-5f0a929b8060:c2113]
2019-07-13 08:32:26,687 INFO  client.GrpcClientProtocolClient (GrpcClientProtocolClient.java:onNext(255)) - client-A5BCC62C3543->912a7d3b-e3f1-4985-b06b-5f0a929b8060: receive RaftClientReply:client-A5BCC62C3543->912a7d3b-e3f1-4985-b06b-5f0a929b8060@group-3636E5E7603C, cid=1458, SUCCESS, logIndex=2113, commits[912a7d3b-e3f1-4985-b06b-5f0a929b8060:c2114]
2019-07-13 08:32:26,751 DEBUG block.SCMBlockDeletingService (SCMBlockDeletingService.java:call(138)) - Running DeletedBlockTransactionScanner
2019-07-13 08:32:26,752 DEBUG block.SCMBlockDeletingService (SCMBlockDeletingService.java:call(155)) - Scanned deleted blocks log and got 0 delTX to process.
2019-07-13 08:32:26,778 INFO  client.GrpcClientProtocolClient (GrpcClientProtocolClient.java:onNext(255)) - client-A5BCC62C3543->912a7d3b-e3f1-4985-b06b-5f0a929b8060: receive RaftClientReply:client-A5BCC62C3543->912a7d3b-e3f1-4985-b06b-5f0a929b8060@group-3636E5E7603C, cid=1459, SUCCESS, logIndex=2115, commits[912a7d3b-e3f1-4985-b06b-5f0a929b8060:c2116]
2019-07-13 08:32:26,779 INFO  client.GrpcClientProtocolClient (GrpcClientProtocolClient.java:onNext(255)) - client-A5BCC62C3543->912a7d3b-e3f1-4985-b06b-5f0a929b8060: receive RaftClientReply:client-A5BCC62C3543->912a7d3b-e3f1-4985-b06b-5f0a929b8060@group-3636E5E7603C, cid=1460, SUCCESS, logIndex=2116, commits[912a7d3b-e3f1-4985-b06b-5f0a929b8060:c2117]
2019-07-13 08:32:26,800 INFO  client.GrpcClientProtocolClient (GrpcClientProtocolClient.java:onNext(255)) - client-A5BCC62C3543->912a7d3b-e3f1-4985-b06b-5f0a929b8060: receive RaftClientReply:client-A5BCC62C3543->912a7d3b-e3f1-4985-b06b-5f0a929b8060@group-3636E5E7603C, cid=1461, SUCCESS, logIndex=2118, commits[912a7d3b-e3f1-4985-b06b-5f0a929b8060:c2119]
2019-07-13 08:32:26,800 INFO  client.GrpcClientProtocolClient (GrpcClientProtocolClient.java:onNext(255)) - client-A5BCC62C3543->912a7d3b-e3f1-4985-b06b-5f0a929b8060: receive RaftClientReply:client-A5BCC62C3543->912a7d3b-e3f1-4985-b06b-5f0a929b8060@group-3636E5E7603C, cid=1462, SUCCESS, logIndex=2119, commits[912a7d3b-e3f1-4985-b06b-5f0a929b8060:c2119]
2019-07-13 08:32:26,802 INFO  client.GrpcClientProtocolClient (GrpcClientProtocolClient.java:onNext(255)) - client-A5BCC62C3543->912a7d3b-e3f1-4985-b06b-5f0a929b8060: receive RaftClientReply:client-A5BCC62C3543->912a7d3b-e3f1-4985-b06b-5f0a929b8060@group-3636E5E7603C, cid=1463, SUCCESS, logIndex=2120, commits[912a7d3b-e3f1-4985-b06b-5f0a929b8060:c2121]
2019-07-13 08:32:26,802 INFO  client.GrpcClientProtocolClient (GrpcClientProtocolClient.java:onNext(255)) - client-A5BCC62C3543->912a7d3b-e3f1-4985-b06b-5f0a929b8060: receive RaftClientReply:client-A5BCC62C3543->912a7d3b-e3f1-4985-b06b-5f0a929b8060@group-3636E5E7603C, cid=1464, SUCCESS, logIndex=2121, commits[912a7d3b-e3f1-4985-b06b-5f0a929b8060:c2121]
2019-07-13 08:32:26,830 INFO  client.GrpcClientProtocolClient (GrpcClientProtocolClient.java:onNext(255)) - client-A5BCC62C3543->912a7d3b-e3f1-4985-b06b-5f0a929b8060: receive RaftClientReply:client-A5BCC62C3543->912a7d3b-e3f1-4985-b06b-5f0a929b8060@group-3636E5E7603C, cid=1465, SUCCESS, logIndex=2124, commits[912a7d3b-e3f1-4985-b06b-5f0a929b8060:c2125]
2019-07-13 08:32:26,831 INFO  client.GrpcClientProtocolClient (GrpcClientProtocolClient.java:onNext(255)) - client-A5BCC62C3543->912a7d3b-e3f1-4985-b06b-5f0a929b8060: receive RaftClientReply:client-A5BCC62C3543->912a7d3b-e3f1-4985-b06b-5f0a929b8060@group-3636E5E7603C, cid=1466, SUCCESS, logIndex=2125, commits[912a7d3b-e3f1-4985-b06b-5f0a929b8060:c2127]
2019-07-13 08:32:26,831 INFO  client.GrpcClientProtocolClient (GrpcClientProtocolClient.java:onNext(255)) - client-A5BCC62C3543->912a7d3b-e3f1-4985-b06b-5f0a929b8060: receive RaftClientReply:client-A5BCC62C3543->912a7d3b-e3f1-4985-b06b-5f0a929b8060@group-3636E5E7603C, cid=1467, SUCCESS, logIndex=2126, commits[912a7d3b-e3f1-4985-b06b-5f0a929b8060:c2128]
2019-07-13 08:32:26,831 INFO  client.GrpcClientProtocolClient (GrpcClientProtocolClient.java:onNext(255)) - client-A5BCC62C3543->912a7d3b-e3f1-4985-b06b-5f0a929b8060: receive RaftClientReply:client-A5BCC62C3543->912a7d3b-e3f1-4985-b06b-5f0a929b8060@group-3636E5E7603C, cid=1468, SUCCESS, logIndex=2127, commits[912a7d3b-e3f1-4985-b06b-5f0a929b8060:c2129]
2019-07-13 08:32:26,852 DEBUG block.SCMBlockDeletingService (SCMBlockDeletingService.java:call(138)) - Running DeletedBlockTransactionScanner
2019-07-13 08:32:26,852 DEBUG block.SCMBlockDeletingService (SCMBlockDeletingService.java:call(155)) - Scanned deleted blocks log and got 0 delTX to process.
2019-07-13 08:32:26,853 INFO  client.GrpcClientProtocolClient (GrpcClientProtocolClient.java:onNext(255)) - client-A5BCC62C3543->912a7d3b-e3f1-4985-b06b-5f0a929b8060: receive RaftClientReply:client-A5BCC62C3543->912a7d3b-e3f1-4985-b06b-5f0a929b8060@group-3636E5E7603C, cid=1469, SUCCESS, logIndex=2130, commits[912a7d3b-e3f1-4985-b06b-5f0a929b8060:c2133]
2019-07-13 08:32:26,854 INFO  client.GrpcClientProtocolClient (GrpcClientProtocolClient.java:onNext(255)) - client-A5BCC62C3543->912a7d3b-e3f1-4985-b06b-5f0a929b8060: receive RaftClientReply:client-A5BCC62C3543->912a7d3b-e3f1-4985-b06b-5f0a929b8060@group-3636E5E7603C, cid=1470, SUCCESS, logIndex=2131, commits[912a7d3b-e3f1-4985-b06b-5f0a929b8060:c2134]
2019-07-13 08:32:26,854 INFO  client.GrpcClientProtocolClient (GrpcClientProtocolClient.java:onNext(255)) - client-A5BCC62C3543->912a7d3b-e3f1-4985-b06b-5f0a929b8060: receive RaftClientReply:client-A5BCC62C3543->912a7d3b-e3f1-4985-b06b-5f0a929b8060@group-3636E5E7603C, cid=1471, SUCCESS, logIndex=2132, commits[912a7d3b-e3f1-4985-b06b-5f0a929b8060:c2134]
2019-07-13 08:32:26,855 INFO  client.GrpcClientProtocolClient (GrpcClientProtocolClient.java:onNext(255)) - client-A5BCC62C3543->912a7d3b-e3f1-4985-b06b-5f0a929b8060: receive RaftClientReply:client-A5BCC62C3543->912a7d3b-e3f1-4985-b06b-5f0a929b8060@group-3636E5E7603C, cid=1472, SUCCESS, logIndex=2133, commits[912a7d3b-e3f1-4985-b06b-5f0a929b8060:c2134]
2019-07-13 08:32:26,882 INFO  client.GrpcClientProtocolClient (GrpcClientProtocolClient.java:onNext(255)) - client-A5BCC62C3543->912a7d3b-e3f1-4985-b06b-5f0a929b8060: receive RaftClientReply:client-A5BCC62C3543->912a7d3b-e3f1-4985-b06b-5f0a929b8060@group-3636E5E7603C, cid=1473, SUCCESS, logIndex=2135, commits[912a7d3b-e3f1-4985-b06b-5f0a929b8060:c2136]
2019-07-13 08:32:26,882 INFO  client.GrpcClientProtocolClient (GrpcClientProtocolClient.java:onNext(255)) - client-A5BCC62C3543->912a7d3b-e3f1-4985-b06b-5f0a929b8060: receive RaftClientReply:client-A5BCC62C3543->912a7d3b-e3f1-4985-b06b-5f0a929b8060@group-3636E5E7603C, cid=1474, SUCCESS, logIndex=2136, commits[912a7d3b-e3f1-4985-b06b-5f0a929b8060:c2136]
2019-07-13 08:32:26,884 INFO  client.GrpcClientProtocolClient (GrpcClientProtocolClient.java:onNext(255)) - client-A5BCC62C3543->912a7d3b-e3f1-4985-b06b-5f0a929b8060: receive RaftClientReply:client-A5BCC62C3543->912a7d3b-e3f1-4985-b06b-5f0a929b8060@group-3636E5E7603C, cid=1475, SUCCESS, logIndex=2137, commits[912a7d3b-e3f1-4985-b06b-5f0a929b8060:c2138]
2019-07-13 08:32:26,884 INFO  client.GrpcClientProtocolClient (GrpcClientProtocolClient.java:onNext(255)) - client-A5BCC62C3543->912a7d3b-e3f1-4985-b06b-5f0a929b8060: receive RaftClientReply:client-A5BCC62C3543->912a7d3b-e3f1-4985-b06b-5f0a929b8060@group-3636E5E7603C, cid=1476, SUCCESS, logIndex=2138, commits[912a7d3b-e3f1-4985-b06b-5f0a929b8060:c2138]
2019-07-13 08:32:26,898 INFO  client.GrpcClientProtocolClient (GrpcClientProtocolClient.java:onNext(255)) - client-A5BCC62C3543->912a7d3b-e3f1-4985-b06b-5f0a929b8060: receive RaftClientReply:client-A5BCC62C3543->912a7d3b-e3f1-4985-b06b-5f0a929b8060@group-3636E5E7603C, cid=1477, SUCCESS, logIndex=2141, commits[912a7d3b-e3f1-4985-b06b-5f0a929b8060:c2144]
2019-07-13 08:32:26,898 INFO  client.GrpcClientProtocolClient (GrpcClientProtocolClient.java:onNext(255)) - client-A5BCC62C3543->912a7d3b-e3f1-4985-b06b-5f0a929b8060: receive RaftClientReply:client-A5BCC62C3543->912a7d3b-e3f1-4985-b06b-5f0a929b8060@group-3636E5E7603C, cid=1478, SUCCESS, logIndex=2142, commits[912a7d3b-e3f1-4985-b06b-5f0a929b8060:c2144]
2019-07-13 08:32:26,898 INFO  client.GrpcClientProtocolClient (GrpcClientProtocolClient.java:onNext(255)) - client-A5BCC62C3543->912a7d3b-e3f1-4985-b06b-5f0a929b8060: receive RaftClientReply:client-A5BCC62C3543->912a7d3b-e3f1-4985-b06b-5f0a929b8060@group-3636E5E7603C, cid=1479, SUCCESS, logIndex=2143, commits[912a7d3b-e3f1-4985-b06b-5f0a929b8060:c2144]
2019-07-13 08:32:26,899 INFO  client.GrpcClientProtocolClient (GrpcClientProtocolClient.java:onNext(255)) - client-A5BCC62C3543->912a7d3b-e3f1-4985-b06b-5f0a929b8060: receive RaftClientReply:client-A5BCC62C3543->912a7d3b-e3f1-4985-b06b-5f0a929b8060@group-3636E5E7603C, cid=1480, SUCCESS, logIndex=2144, commits[912a7d3b-e3f1-4985-b06b-5f0a929b8060:c2144]
2019-07-13 08:32:26,931 INFO  client.GrpcClientProtocolClient (GrpcClientProtocolClient.java:onNext(255)) - client-A5BCC62C3543->912a7d3b-e3f1-4985-b06b-5f0a929b8060: receive RaftClientReply:client-A5BCC62C3543->912a7d3b-e3f1-4985-b06b-5f0a929b8060@group-3636E5E7603C, cid=1481, SUCCESS, logIndex=2146, commits[912a7d3b-e3f1-4985-b06b-5f0a929b8060:c2147]
2019-07-13 08:32:26,931 INFO  client.GrpcClientProtocolClient (GrpcClientProtocolClient.java:onNext(255)) - client-A5BCC62C3543->912a7d3b-e3f1-4985-b06b-5f0a929b8060: receive RaftClientReply:client-A5BCC62C3543->912a7d3b-e3f1-4985-b06b-5f0a929b8060@group-3636E5E7603C, cid=1482, SUCCESS, logIndex=2147, commits[912a7d3b-e3f1-4985-b06b-5f0a929b8060:c2149]
2019-07-13 08:32:26,932 INFO  client.GrpcClientProtocolClient (GrpcClientProtocolClient.java:onNext(255)) - client-A5BCC62C3543->912a7d3b-e3f1-4985-b06b-5f0a929b8060: receive RaftClientReply:client-A5BCC62C3543->912a7d3b-e3f1-4985-b06b-5f0a929b8060@group-3636E5E7603C, cid=1483, SUCCESS, logIndex=2148, commits[912a7d3b-e3f1-4985-b06b-5f0a929b8060:c2149]
2019-07-13 08:32:26,932 INFO  client.GrpcClientProtocolClient (GrpcClientProtocolClient.java:onNext(255)) - client-A5BCC62C3543->912a7d3b-e3f1-4985-b06b-5f0a929b8060: receive RaftClientReply:client-A5BCC62C3543->912a7d3b-e3f1-4985-b06b-5f0a929b8060@group-3636E5E7603C, cid=1484, SUCCESS, logIndex=2149, commits[912a7d3b-e3f1-4985-b06b-5f0a929b8060:c2150]
2019-07-13 08:32:26,952 INFO  client.GrpcClientProtocolClient (GrpcClientProtocolClient.java:onNext(255)) - client-A5BCC62C3543->912a7d3b-e3f1-4985-b06b-5f0a929b8060: receive RaftClientReply:client-A5BCC62C3543->912a7d3b-e3f1-4985-b06b-5f0a929b8060@group-3636E5E7603C, cid=1485, SUCCESS, logIndex=2152, commits[912a7d3b-e3f1-4985-b06b-5f0a929b8060:c2153]
2019-07-13 08:32:26,953 DEBUG block.SCMBlockDeletingService (SCMBlockDeletingService.java:call(138)) - Running DeletedBlockTransactionScanner
2019-07-13 08:32:26,953 DEBUG block.SCMBlockDeletingService (SCMBlockDeletingService.java:call(155)) - Scanned deleted blocks log and got 0 delTX to process.
2019-07-13 08:32:26,953 INFO  client.GrpcClientProtocolClient (GrpcClientProtocolClient.java:onNext(255)) - client-A5BCC62C3543->912a7d3b-e3f1-4985-b06b-5f0a929b8060: receive RaftClientReply:client-A5BCC62C3543->912a7d3b-e3f1-4985-b06b-5f0a929b8060@group-3636E5E7603C, cid=1486, SUCCESS, logIndex=2153, commits[912a7d3b-e3f1-4985-b06b-5f0a929b8060:c2155]
2019-07-13 08:32:26,953 INFO  client.GrpcClientProtocolClient (GrpcClientProtocolClient.java:onNext(255)) - client-A5BCC62C3543->912a7d3b-e3f1-4985-b06b-5f0a929b8060: receive RaftClientReply:client-A5BCC62C3543->912a7d3b-e3f1-4985-b06b-5f0a929b8060@group-3636E5E7603C, cid=1487, SUCCESS, logIndex=2154, commits[912a7d3b-e3f1-4985-b06b-5f0a929b8060:c2156]
2019-07-13 08:32:26,954 INFO  client.GrpcClientProtocolClient (GrpcClientProtocolClient.java:onNext(255)) - client-A5BCC62C3543->912a7d3b-e3f1-4985-b06b-5f0a929b8060: receive RaftClientReply:client-A5BCC62C3543->912a7d3b-e3f1-4985-b06b-5f0a929b8060@group-3636E5E7603C, cid=1488, SUCCESS, logIndex=2155, commits[912a7d3b-e3f1-4985-b06b-5f0a929b8060:c2157]
2019-07-13 08:32:26,981 INFO  client.GrpcClientProtocolClient (GrpcClientProtocolClient.java:onNext(255)) - client-A5BCC62C3543->912a7d3b-e3f1-4985-b06b-5f0a929b8060: receive RaftClientReply:client-A5BCC62C3543->912a7d3b-e3f1-4985-b06b-5f0a929b8060@group-3636E5E7603C, cid=1489, SUCCESS, logIndex=2158, commits[912a7d3b-e3f1-4985-b06b-5f0a929b8060:c2159]
2019-07-13 08:32:26,982 INFO  client.GrpcClientProtocolClient (GrpcClientProtocolClient.java:onNext(255)) - client-A5BCC62C3543->912a7d3b-e3f1-4985-b06b-5f0a929b8060: receive RaftClientReply:client-A5BCC62C3543->912a7d3b-e3f1-4985-b06b-5f0a929b8060@group-3636E5E7603C, cid=1490, SUCCESS, logIndex=2159, commits[912a7d3b-e3f1-4985-b06b-5f0a929b8060:c2161]
2019-07-13 08:32:26,983 INFO  client.GrpcClientProtocolClient (GrpcClientProtocolClient.java:onNext(255)) - client-A5BCC62C3543->912a7d3b-e3f1-4985-b06b-5f0a929b8060: receive RaftClientReply:client-A5BCC62C3543->912a7d3b-e3f1-4985-b06b-5f0a929b8060@group-3636E5E7603C, cid=1491, SUCCESS, logIndex=2160, commits[912a7d3b-e3f1-4985-b06b-5f0a929b8060:c2162]
2019-07-13 08:32:26,983 INFO  client.GrpcClientProtocolClient (GrpcClientProtocolClient.java:onNext(255)) - client-A5BCC62C3543->912a7d3b-e3f1-4985-b06b-5f0a929b8060: receive RaftClientReply:client-A5BCC62C3543->912a7d3b-e3f1-4985-b06b-5f0a929b8060@group-3636E5E7603C, cid=1492, SUCCESS, logIndex=2161, commits[912a7d3b-e3f1-4985-b06b-5f0a929b8060:c2162]
2019-07-13 08:32:27,003 INFO  client.GrpcClientProtocolClient (GrpcClientProtocolClient.java:onNext(255)) - client-A5BCC62C3543->912a7d3b-e3f1-4985-b06b-5f0a929b8060: receive RaftClientReply:client-A5BCC62C3543->912a7d3b-e3f1-4985-b06b-5f0a929b8060@group-3636E5E7603C, cid=1493, SUCCESS, logIndex=2164, commits[912a7d3b-e3f1-4985-b06b-5f0a929b8060:c2165]
2019-07-13 08:32:27,003 INFO  client.GrpcClientProtocolClient (GrpcClientProtocolClient.java:onNext(255)) - client-A5BCC62C3543->912a7d3b-e3f1-4985-b06b-5f0a929b8060: receive RaftClientReply:client-A5BCC62C3543->912a7d3b-e3f1-4985-b06b-5f0a929b8060@group-3636E5E7603C, cid=1494, SUCCESS, logIndex=2165, commits[912a7d3b-e3f1-4985-b06b-5f0a929b8060:c2167]
2019-07-13 08:32:27,004 INFO  client.GrpcClientProtocolClient (GrpcClientProtocolClient.java:onNext(255)) - client-A5BCC62C3543->912a7d3b-e3f1-4985-b06b-5f0a929b8060: receive RaftClientReply:client-A5BCC62C3543->912a7d3b-e3f1-4985-b06b-5f0a929b8060@group-3636E5E7603C, cid=1495, SUCCESS, logIndex=2166, commits[912a7d3b-e3f1-4985-b06b-5f0a929b8060:c2168]
2019-07-13 08:32:27,004 INFO  client.GrpcClientProtocolClient (GrpcClientProtocolClient.java:onNext(255)) - client-A5BCC62C3543->912a7d3b-e3f1-4985-b06b-5f0a929b8060: receive RaftClientReply:client-A5BCC62C3543->912a7d3b-e3f1-4985-b06b-5f0a929b8060@group-3636E5E7603C, cid=1496, SUCCESS, logIndex=2167, commits[912a7d3b-e3f1-4985-b06b-5f0a929b8060:c2169]
2019-07-13 08:32:27,095 DEBUG block.SCMBlockDeletingService (SCMBlockDeletingService.java:call(138)) - Running DeletedBlockTransactionScanner
2019-07-13 08:32:27,095 DEBUG block.SCMBlockDeletingService (SCMBlockDeletingService.java:call(155)) - Scanned deleted blocks log and got 0 delTX to process.
2019-07-13 08:32:27,109 INFO  client.GrpcClientProtocolClient (GrpcClientProtocolClient.java:onNext(255)) - client-A5BCC62C3543->912a7d3b-e3f1-4985-b06b-5f0a929b8060: receive RaftClientReply:client-A5BCC62C3543->912a7d3b-e3f1-4985-b06b-5f0a929b8060@group-3636E5E7603C, cid=1497, SUCCESS, logIndex=2170, commits[912a7d3b-e3f1-4985-b06b-5f0a929b8060:c2171]
2019-07-13 08:32:27,110 INFO  client.GrpcClientProtocolClient (GrpcClientProtocolClient.java:onNext(255)) - client-A5BCC62C3543->912a7d3b-e3f1-4985-b06b-5f0a929b8060: receive RaftClientReply:client-A5BCC62C3543->912a7d3b-e3f1-4985-b06b-5f0a929b8060@group-3636E5E7603C, cid=1498, SUCCESS, logIndex=2171, commits[912a7d3b-e3f1-4985-b06b-5f0a929b8060:c2173]
2019-07-13 08:32:27,110 INFO  client.GrpcClientProtocolClient (GrpcClientProtocolClient.java:onNext(255)) - client-A5BCC62C3543->912a7d3b-e3f1-4985-b06b-5f0a929b8060: receive RaftClientReply:client-A5BCC62C3543->912a7d3b-e3f1-4985-b06b-5f0a929b8060@group-3636E5E7603C, cid=1499, SUCCESS, logIndex=2172, commits[912a7d3b-e3f1-4985-b06b-5f0a929b8060:c2174]
2019-07-13 08:32:27,110 INFO  client.GrpcClientProtocolClient (GrpcClientProtocolClient.java:onNext(255)) - client-A5BCC62C3543->912a7d3b-e3f1-4985-b06b-5f0a929b8060: receive RaftClientReply:client-A5BCC62C3543->912a7d3b-e3f1-4985-b06b-5f0a929b8060@group-3636E5E7603C, cid=1500, SUCCESS, logIndex=2173, commits[912a7d3b-e3f1-4985-b06b-5f0a929b8060:c2175]
2019-07-13 08:32:27,135 INFO  client.GrpcClientProtocolClient (GrpcClientProtocolClient.java:onNext(255)) - client-A5BCC62C3543->912a7d3b-e3f1-4985-b06b-5f0a929b8060: receive RaftClientReply:client-A5BCC62C3543->912a7d3b-e3f1-4985-b06b-5f0a929b8060@group-3636E5E7603C, cid=1501, SUCCESS, logIndex=2176, commits[912a7d3b-e3f1-4985-b06b-5f0a929b8060:c2177]
2019-07-13 08:32:27,135 INFO  client.GrpcClientProtocolClient (GrpcClientProtocolClient.java:onNext(255)) - client-A5BCC62C3543->912a7d3b-e3f1-4985-b06b-5f0a929b8060: receive RaftClientReply:client-A5BCC62C3543->912a7d3b-e3f1-4985-b06b-5f0a929b8060@group-3636E5E7603C, cid=1502, SUCCESS, logIndex=2177, commits[912a7d3b-e3f1-4985-b06b-5f0a929b8060:c2178]
2019-07-13 08:32:27,196 DEBUG block.SCMBlockDeletingService (SCMBlockDeletingService.java:call(138)) - Running DeletedBlockTransactionScanner
2019-07-13 08:32:27,196 DEBUG block.SCMBlockDeletingService (SCMBlockDeletingService.java:call(155)) - Scanned deleted blocks log and got 0 delTX to process.
2019-07-13 08:32:27,239 INFO  client.GrpcClientProtocolClient (GrpcClientProtocolClient.java:onNext(255)) - client-A5BCC62C3543->912a7d3b-e3f1-4985-b06b-5f0a929b8060: receive RaftClientReply:client-A5BCC62C3543->912a7d3b-e3f1-4985-b06b-5f0a929b8060@group-3636E5E7603C, cid=1503, SUCCESS, logIndex=2179, commits[912a7d3b-e3f1-4985-b06b-5f0a929b8060:c2180]
2019-07-13 08:32:27,240 INFO  client.GrpcClientProtocolClient (GrpcClientProtocolClient.java:onNext(255)) - client-A5BCC62C3543->912a7d3b-e3f1-4985-b06b-5f0a929b8060: receive RaftClientReply:client-A5BCC62C3543->912a7d3b-e3f1-4985-b06b-5f0a929b8060@group-3636E5E7603C, cid=1504, SUCCESS, logIndex=2180, commits[912a7d3b-e3f1-4985-b06b-5f0a929b8060:c2181]
2019-07-13 08:32:27,276 INFO  client.GrpcClientProtocolClient (GrpcClientProtocolClient.java:onNext(255)) - client-A5BCC62C3543->912a7d3b-e3f1-4985-b06b-5f0a929b8060: receive RaftClientReply:client-A5BCC62C3543->912a7d3b-e3f1-4985-b06b-5f0a929b8060@group-3636E5E7603C, cid=1505, SUCCESS, logIndex=2182, commits[912a7d3b-e3f1-4985-b06b-5f0a929b8060:c2183]
2019-07-13 08:32:27,277 INFO  client.GrpcClientProtocolClient (GrpcClientProtocolClient.java:onNext(255)) - client-A5BCC62C3543->912a7d3b-e3f1-4985-b06b-5f0a929b8060: receive RaftClientReply:client-A5BCC62C3543->912a7d3b-e3f1-4985-b06b-5f0a929b8060@group-3636E5E7603C, cid=1506, SUCCESS, logIndex=2183, commits[912a7d3b-e3f1-4985-b06b-5f0a929b8060:c2185]
2019-07-13 08:32:27,277 INFO  client.GrpcClientProtocolClient (GrpcClientProtocolClient.java:onNext(255)) - client-A5BCC62C3543->912a7d3b-e3f1-4985-b06b-5f0a929b8060: receive RaftClientReply:client-A5BCC62C3543->912a7d3b-e3f1-4985-b06b-5f0a929b8060@group-3636E5E7603C, cid=1507, SUCCESS, logIndex=2184, commits[912a7d3b-e3f1-4985-b06b-5f0a929b8060:c2185]
2019-07-13 08:32:27,277 INFO  client.GrpcClientProtocolClient (GrpcClientProtocolClient.java:onNext(255)) - client-A5BCC62C3543->912a7d3b-e3f1-4985-b06b-5f0a929b8060: receive RaftClientReply:client-A5BCC62C3543->912a7d3b-e3f1-4985-b06b-5f0a929b8060@group-3636E5E7603C, cid=1508, SUCCESS, logIndex=2185, commits[912a7d3b-e3f1-4985-b06b-5f0a929b8060:c2186]
2019-07-13 08:32:27,296 DEBUG block.SCMBlockDeletingService (SCMBlockDeletingService.java:call(138)) - Running DeletedBlockTransactionScanner
2019-07-13 08:32:27,297 DEBUG block.SCMBlockDeletingService (SCMBlockDeletingService.java:call(155)) - Scanned deleted blocks log and got 0 delTX to process.
2019-07-13 08:32:27,299 INFO  client.GrpcClientProtocolClient (GrpcClientProtocolClient.java:onNext(255)) - client-A5BCC62C3543->912a7d3b-e3f1-4985-b06b-5f0a929b8060: receive RaftClientReply:client-A5BCC62C3543->912a7d3b-e3f1-4985-b06b-5f0a929b8060@group-3636E5E7603C, cid=1509, SUCCESS, logIndex=2188, commits[912a7d3b-e3f1-4985-b06b-5f0a929b8060:c2191]
2019-07-13 08:32:27,299 INFO  client.GrpcClientProtocolClient (GrpcClientProtocolClient.java:onNext(255)) - client-A5BCC62C3543->912a7d3b-e3f1-4985-b06b-5f0a929b8060: receive RaftClientReply:client-A5BCC62C3543->912a7d3b-e3f1-4985-b06b-5f0a929b8060@group-3636E5E7603C, cid=1510, SUCCESS, logIndex=2189, commits[912a7d3b-e3f1-4985-b06b-5f0a929b8060:c2192]
2019-07-13 08:32:27,300 INFO  client.GrpcClientProtocolClient (GrpcClientProtocolClient.java:onNext(255)) - client-A5BCC62C3543->912a7d3b-e3f1-4985-b06b-5f0a929b8060: receive RaftClientReply:client-A5BCC62C3543->912a7d3b-e3f1-4985-b06b-5f0a929b8060@group-3636E5E7603C, cid=1511, SUCCESS, logIndex=2190, commits[912a7d3b-e3f1-4985-b06b-5f0a929b8060:c2192]
2019-07-13 08:32:27,300 INFO  client.GrpcClientProtocolClient (GrpcClientProtocolClient.java:onNext(255)) - client-A5BCC62C3543->912a7d3b-e3f1-4985-b06b-5f0a929b8060: receive RaftClientReply:client-A5BCC62C3543->912a7d3b-e3f1-4985-b06b-5f0a929b8060@group-3636E5E7603C, cid=1512, SUCCESS, logIndex=2191, commits[912a7d3b-e3f1-4985-b06b-5f0a929b8060:c2192]
2019-07-13 08:32:27,329 INFO  client.GrpcClientProtocolClient (GrpcClientProtocolClient.java:onNext(255)) - client-A5BCC62C3543->912a7d3b-e3f1-4985-b06b-5f0a929b8060: receive RaftClientReply:client-A5BCC62C3543->912a7d3b-e3f1-4985-b06b-5f0a929b8060@group-3636E5E7603C, cid=1513, SUCCESS, logIndex=2193, commits[912a7d3b-e3f1-4985-b06b-5f0a929b8060:c2196]
2019-07-13 08:32:27,330 INFO  client.GrpcClientProtocolClient (GrpcClientProtocolClient.java:onNext(255)) - client-A5BCC62C3543->912a7d3b-e3f1-4985-b06b-5f0a929b8060: receive RaftClientReply:client-A5BCC62C3543->912a7d3b-e3f1-4985-b06b-5f0a929b8060@group-3636E5E7603C, cid=1514, SUCCESS, logIndex=2194, commits[912a7d3b-e3f1-4985-b06b-5f0a929b8060:c2197]
2019-07-13 08:32:27,330 INFO  client.GrpcClientProtocolClient (GrpcClientProtocolClient.java:onNext(255)) - client-A5BCC62C3543->912a7d3b-e3f1-4985-b06b-5f0a929b8060: receive RaftClientReply:client-A5BCC62C3543->912a7d3b-e3f1-4985-b06b-5f0a929b8060@group-3636E5E7603C, cid=1515, SUCCESS, logIndex=2195, commits[912a7d3b-e3f1-4985-b06b-5f0a929b8060:c2197]
2019-07-13 08:32:27,331 INFO  client.GrpcClientProtocolClient (GrpcClientProtocolClient.java:onNext(255)) - client-A5BCC62C3543->912a7d3b-e3f1-4985-b06b-5f0a929b8060: receive RaftClientReply:client-A5BCC62C3543->912a7d3b-e3f1-4985-b06b-5f0a929b8060@group-3636E5E7603C, cid=1516, SUCCESS, logIndex=2196, commits[912a7d3b-e3f1-4985-b06b-5f0a929b8060:c2197]
2019-07-13 08:32:27,352 INFO  client.GrpcClientProtocolClient (GrpcClientProtocolClient.java:onNext(255)) - client-A5BCC62C3543->912a7d3b-e3f1-4985-b06b-5f0a929b8060: receive RaftClientReply:client-A5BCC62C3543->912a7d3b-e3f1-4985-b06b-5f0a929b8060@group-3636E5E7603C, cid=1517, SUCCESS, logIndex=2198, commits[912a7d3b-e3f1-4985-b06b-5f0a929b8060:c2201]
2019-07-13 08:32:27,353 INFO  client.GrpcClientProtocolClient (GrpcClientProtocolClient.java:onNext(255)) - client-A5BCC62C3543->912a7d3b-e3f1-4985-b06b-5f0a929b8060: receive RaftClientReply:client-A5BCC62C3543->912a7d3b-e3f1-4985-b06b-5f0a929b8060@group-3636E5E7603C, cid=1518, SUCCESS, logIndex=2199, commits[912a7d3b-e3f1-4985-b06b-5f0a929b8060:c2202]
2019-07-13 08:32:27,353 INFO  client.GrpcClientProtocolClient (GrpcClientProtocolClient.java:onNext(255)) - client-A5BCC62C3543->912a7d3b-e3f1-4985-b06b-5f0a929b8060: receive RaftClientReply:client-A5BCC62C3543->912a7d3b-e3f1-4985-b06b-5f0a929b8060@group-3636E5E7603C, cid=1519, SUCCESS, logIndex=2200, commits[912a7d3b-e3f1-4985-b06b-5f0a929b8060:c2202]
2019-07-13 08:32:27,353 INFO  client.GrpcClientProtocolClient (GrpcClientProtocolClient.java:onNext(255)) - client-A5BCC62C3543->912a7d3b-e3f1-4985-b06b-5f0a929b8060: receive RaftClientReply:client-A5BCC62C3543->912a7d3b-e3f1-4985-b06b-5f0a929b8060@group-3636E5E7603C, cid=1520, SUCCESS, logIndex=2201, commits[912a7d3b-e3f1-4985-b06b-5f0a929b8060:c2202]
2019-07-13 08:32:27,382 INFO  client.GrpcClientProtocolClient (GrpcClientProtocolClient.java:onNext(255)) - client-A5BCC62C3543->912a7d3b-e3f1-4985-b06b-5f0a929b8060: receive RaftClientReply:client-A5BCC62C3543->912a7d3b-e3f1-4985-b06b-5f0a929b8060@group-3636E5E7603C, cid=1521, SUCCESS, logIndex=2203, commits[912a7d3b-e3f1-4985-b06b-5f0a929b8060:c2206]
2019-07-13 08:32:27,382 INFO  client.GrpcClientProtocolClient (GrpcClientProtocolClient.java:onNext(255)) - client-A5BCC62C3543->912a7d3b-e3f1-4985-b06b-5f0a929b8060: receive RaftClientReply:client-A5BCC62C3543->912a7d3b-e3f1-4985-b06b-5f0a929b8060@group-3636E5E7603C, cid=1522, SUCCESS, logIndex=2204, commits[912a7d3b-e3f1-4985-b06b-5f0a929b8060:c2207]
2019-07-13 08:32:27,383 INFO  client.GrpcClientProtocolClient (GrpcClientProtocolClient.java:onNext(255)) - client-A5BCC62C3543->912a7d3b-e3f1-4985-b06b-5f0a929b8060: receive RaftClientReply:client-A5BCC62C3543->912a7d3b-e3f1-4985-b06b-5f0a929b8060@group-3636E5E7603C, cid=1523, SUCCESS, logIndex=2205, commits[912a7d3b-e3f1-4985-b06b-5f0a929b8060:c2207]
2019-07-13 08:32:27,383 INFO  client.GrpcClientProtocolClient (GrpcClientProtocolClient.java:onNext(255)) - client-A5BCC62C3543->912a7d3b-e3f1-4985-b06b-5f0a929b8060: receive RaftClientReply:client-A5BCC62C3543->912a7d3b-e3f1-4985-b06b-5f0a929b8060@group-3636E5E7603C, cid=1524, SUCCESS, logIndex=2206, commits[912a7d3b-e3f1-4985-b06b-5f0a929b8060:c2207]
2019-07-13 08:32:27,397 DEBUG block.SCMBlockDeletingService (SCMBlockDeletingService.java:call(138)) - Running DeletedBlockTransactionScanner
2019-07-13 08:32:27,397 DEBUG block.SCMBlockDeletingService (SCMBlockDeletingService.java:call(155)) - Scanned deleted blocks log and got 0 delTX to process.
2019-07-13 08:32:27,405 INFO  client.GrpcClientProtocolClient (GrpcClientProtocolClient.java:onNext(255)) - client-A5BCC62C3543->912a7d3b-e3f1-4985-b06b-5f0a929b8060: receive RaftClientReply:client-A5BCC62C3543->912a7d3b-e3f1-4985-b06b-5f0a929b8060@group-3636E5E7603C, cid=1525, SUCCESS, logIndex=2208, commits[912a7d3b-e3f1-4985-b06b-5f0a929b8060:c2211]
2019-07-13 08:32:27,405 INFO  client.GrpcClientProtocolClient (GrpcClientProtocolClient.java:onNext(255)) - client-A5BCC62C3543->912a7d3b-e3f1-4985-b06b-5f0a929b8060: receive RaftClientReply:client-A5BCC62C3543->912a7d3b-e3f1-4985-b06b-5f0a929b8060@group-3636E5E7603C, cid=1526, SUCCESS, logIndex=2209, commits[912a7d3b-e3f1-4985-b06b-5f0a929b8060:c2212]
2019-07-13 08:32:27,406 INFO  client.GrpcClientProtocolClient (GrpcClientProtocolClient.java:onNext(255)) - client-A5BCC62C3543->912a7d3b-e3f1-4985-b06b-5f0a929b8060: receive RaftClientReply:client-A5BCC62C3543->912a7d3b-e3f1-4985-b06b-5f0a929b8060@group-3636E5E7603C, cid=1527, SUCCESS, logIndex=2210, commits[912a7d3b-e3f1-4985-b06b-5f0a929b8060:c2212]
2019-07-13 08:32:27,406 INFO  client.GrpcClientProtocolClient (GrpcClientProtocolClient.java:onNext(255)) - client-A5BCC62C3543->912a7d3b-e3f1-4985-b06b-5f0a929b8060: receive RaftClientReply:client-A5BCC62C3543->912a7d3b-e3f1-4985-b06b-5f0a929b8060@group-3636E5E7603C, cid=1528, SUCCESS, logIndex=2211, commits[912a7d3b-e3f1-4985-b06b-5f0a929b8060:c2212]
2019-07-13 08:32:27,436 INFO  client.GrpcClientProtocolClient (GrpcClientProtocolClient.java:onNext(255)) - client-A5BCC62C3543->912a7d3b-e3f1-4985-b06b-5f0a929b8060: receive RaftClientReply:client-A5BCC62C3543->912a7d3b-e3f1-4985-b06b-5f0a929b8060@group-3636E5E7603C, cid=1529, SUCCESS, logIndex=2213, commits[912a7d3b-e3f1-4985-b06b-5f0a929b8060:c2214]
2019-07-13 08:32:27,437 INFO  client.GrpcClientProtocolClient (GrpcClientProtocolClient.java:onNext(255)) - client-A5BCC62C3543->912a7d3b-e3f1-4985-b06b-5f0a929b8060: receive RaftClientReply:client-A5BCC62C3543->912a7d3b-e3f1-4985-b06b-5f0a929b8060@group-3636E5E7603C, cid=1530, SUCCESS, logIndex=2214, commits[912a7d3b-e3f1-4985-b06b-5f0a929b8060:c2214]
2019-07-13 08:32:27,438 INFO  client.GrpcClientProtocolClient (GrpcClientProtocolClient.java:onNext(255)) - client-A5BCC62C3543->912a7d3b-e3f1-4985-b06b-5f0a929b8060: receive RaftClientReply:client-A5BCC62C3543->912a7d3b-e3f1-4985-b06b-5f0a929b8060@group-3636E5E7603C, cid=1531, SUCCESS, logIndex=2215, commits[912a7d3b-e3f1-4985-b06b-5f0a929b8060:c2216]
2019-07-13 08:32:27,439 INFO  client.GrpcClientProtocolClient (GrpcClientProtocolClient.java:onNext(255)) - client-A5BCC62C3543->912a7d3b-e3f1-4985-b06b-5f0a929b8060: receive RaftClientReply:client-A5BCC62C3543->912a7d3b-e3f1-4985-b06b-5f0a929b8060@group-3636E5E7603C, cid=1532, SUCCESS, logIndex=2216, commits[912a7d3b-e3f1-4985-b06b-5f0a929b8060:c2216]
2019-07-13 08:32:27,462 INFO  client.GrpcClientProtocolClient (GrpcClientProtocolClient.java:onNext(255)) - client-A5BCC62C3543->912a7d3b-e3f1-4985-b06b-5f0a929b8060: receive RaftClientReply:client-A5BCC62C3543->912a7d3b-e3f1-4985-b06b-5f0a929b8060@group-3636E5E7603C, cid=1533, SUCCESS, logIndex=2219, commits[912a7d3b-e3f1-4985-b06b-5f0a929b8060:c2222]
2019-07-13 08:32:27,463 INFO  client.GrpcClientProtocolClient (GrpcClientProtocolClient.java:onNext(255)) - client-A5BCC62C3543->912a7d3b-e3f1-4985-b06b-5f0a929b8060: receive RaftClientReply:client-A5BCC62C3543->912a7d3b-e3f1-4985-b06b-5f0a929b8060@group-3636E5E7603C, cid=1534, SUCCESS, logIndex=2220, commits[912a7d3b-e3f1-4985-b06b-5f0a929b8060:c2223]
2019-07-13 08:32:27,463 INFO  client.GrpcClientProtocolClient (GrpcClientProtocolClient.java:onNext(255)) - client-A5BCC62C3543->912a7d3b-e3f1-4985-b06b-5f0a929b8060: receive RaftClientReply:client-A5BCC62C3543->912a7d3b-e3f1-4985-b06b-5f0a929b8060@group-3636E5E7603C, cid=1535, SUCCESS, logIndex=2221, commits[912a7d3b-e3f1-4985-b06b-5f0a929b8060:c2223]
2019-07-13 08:32:27,464 INFO  client.GrpcClientProtocolClient (GrpcClientProtocolClient.java:onNext(255)) - client-A5BCC62C3543->912a7d3b-e3f1-4985-b06b-5f0a929b8060: receive RaftClientReply:client-A5BCC62C3543->912a7d3b-e3f1-4985-b06b-5f0a929b8060@group-3636E5E7603C, cid=1536, SUCCESS, logIndex=2222, commits[912a7d3b-e3f1-4985-b06b-5f0a929b8060:c2223]
2019-07-13 08:32:27,493 INFO  client.GrpcClientProtocolClient (GrpcClientProtocolClient.java:onNext(255)) - client-A5BCC62C3543->912a7d3b-e3f1-4985-b06b-5f0a929b8060: receive RaftClientReply:client-A5BCC62C3543->912a7d3b-e3f1-4985-b06b-5f0a929b8060@group-3636E5E7603C, cid=1537, SUCCESS, logIndex=2224, commits[912a7d3b-e3f1-4985-b06b-5f0a929b8060:c2227]
2019-07-13 08:32:27,494 INFO  client.GrpcClientProtocolClient (GrpcClientProtocolClient.java:onNext(255)) - client-A5BCC62C3543->912a7d3b-e3f1-4985-b06b-5f0a929b8060: receive RaftClientReply:client-A5BCC62C3543->912a7d3b-e3f1-4985-b06b-5f0a929b8060@group-3636E5E7603C, cid=1538, SUCCESS, logIndex=2225, commits[912a7d3b-e3f1-4985-b06b-5f0a929b8060:c2228]
2019-07-13 08:32:27,495 INFO  client.GrpcClientProtocolClient (GrpcClientProtocolClient.java:onNext(255)) - client-A5BCC62C3543->912a7d3b-e3f1-4985-b06b-5f0a929b8060: receive RaftClientReply:client-A5BCC62C3543->912a7d3b-e3f1-4985-b06b-5f0a929b8060@group-3636E5E7603C, cid=1539, SUCCESS, logIndex=2226, commits[912a7d3b-e3f1-4985-b06b-5f0a929b8060:c2228]
2019-07-13 08:32:27,495 INFO  client.GrpcClientProtocolClient (GrpcClientProtocolClient.java:onNext(255)) - client-A5BCC62C3543->912a7d3b-e3f1-4985-b06b-5f0a929b8060: receive RaftClientReply:client-A5BCC62C3543->912a7d3b-e3f1-4985-b06b-5f0a929b8060@group-3636E5E7603C, cid=1540, SUCCESS, logIndex=2227, commits[912a7d3b-e3f1-4985-b06b-5f0a929b8060:c2229]
2019-07-13 08:32:27,498 DEBUG block.SCMBlockDeletingService (SCMBlockDeletingService.java:call(138)) - Running DeletedBlockTransactionScanner
2019-07-13 08:32:27,498 DEBUG block.SCMBlockDeletingService (SCMBlockDeletingService.java:call(155)) - Scanned deleted blocks log and got 0 delTX to process.
2019-07-13 08:32:27,516 INFO  client.GrpcClientProtocolClient (GrpcClientProtocolClient.java:onNext(255)) - client-A5BCC62C3543->912a7d3b-e3f1-4985-b06b-5f0a929b8060: receive RaftClientReply:client-A5BCC62C3543->912a7d3b-e3f1-4985-b06b-5f0a929b8060@group-3636E5E7603C, cid=1541, SUCCESS, logIndex=2230, commits[912a7d3b-e3f1-4985-b06b-5f0a929b8060:c2233]
2019-07-13 08:32:27,516 INFO  client.GrpcClientProtocolClient (GrpcClientProtocolClient.java:onNext(255)) - client-A5BCC62C3543->912a7d3b-e3f1-4985-b06b-5f0a929b8060: receive RaftClientReply:client-A5BCC62C3543->912a7d3b-e3f1-4985-b06b-5f0a929b8060@group-3636E5E7603C, cid=1542, SUCCESS, logIndex=2231, commits[912a7d3b-e3f1-4985-b06b-5f0a929b8060:c2234]
2019-07-13 08:32:27,517 INFO  client.GrpcClientProtocolClient (GrpcClientProtocolClient.java:onNext(255)) - client-A5BCC62C3543->912a7d3b-e3f1-4985-b06b-5f0a929b8060: receive RaftClientReply:client-A5BCC62C3543->912a7d3b-e3f1-4985-b06b-5f0a929b8060@group-3636E5E7603C, cid=1543, SUCCESS, logIndex=2232, commits[912a7d3b-e3f1-4985-b06b-5f0a929b8060:c2234]
2019-07-13 08:32:27,517 INFO  client.GrpcClientProtocolClient (GrpcClientProtocolClient.java:onNext(255)) - client-A5BCC62C3543->912a7d3b-e3f1-4985-b06b-5f0a929b8060: receive RaftClientReply:client-A5BCC62C3543->912a7d3b-e3f1-4985-b06b-5f0a929b8060@group-3636E5E7603C, cid=1544, SUCCESS, logIndex=2233, commits[912a7d3b-e3f1-4985-b06b-5f0a929b8060:c2235]
2019-07-13 08:32:27,548 INFO  client.GrpcClientProtocolClient (GrpcClientProtocolClient.java:onNext(255)) - client-A5BCC62C3543->912a7d3b-e3f1-4985-b06b-5f0a929b8060: receive RaftClientReply:client-A5BCC62C3543->912a7d3b-e3f1-4985-b06b-5f0a929b8060@group-3636E5E7603C, cid=1545, SUCCESS, logIndex=2236, commits[912a7d3b-e3f1-4985-b06b-5f0a929b8060:c2237]
2019-07-13 08:32:27,549 INFO  client.GrpcClientProtocolClient (GrpcClientProtocolClient.java:onNext(255)) - client-A5BCC62C3543->912a7d3b-e3f1-4985-b06b-5f0a929b8060: receive RaftClientReply:client-A5BCC62C3543->912a7d3b-e3f1-4985-b06b-5f0a929b8060@group-3636E5E7603C, cid=1546, SUCCESS, logIndex=2237, commits[912a7d3b-e3f1-4985-b06b-5f0a929b8060:c2238]
2019-07-13 08:32:27,598 DEBUG block.SCMBlockDeletingService (SCMBlockDeletingService.java:call(138)) - Running DeletedBlockTransactionScanner
2019-07-13 08:32:27,599 DEBUG block.SCMBlockDeletingService (SCMBlockDeletingService.java:call(155)) - Scanned deleted blocks log and got 0 delTX to process.
2019-07-13 08:32:27,641 INFO  client.GrpcClientProtocolClient (GrpcClientProtocolClient.java:onNext(255)) - client-A5BCC62C3543->912a7d3b-e3f1-4985-b06b-5f0a929b8060: receive RaftClientReply:client-A5BCC62C3543->912a7d3b-e3f1-4985-b06b-5f0a929b8060@group-3636E5E7603C, cid=1547, SUCCESS, logIndex=2239, commits[912a7d3b-e3f1-4985-b06b-5f0a929b8060:c2240]
2019-07-13 08:32:27,642 INFO  client.GrpcClientProtocolClient (GrpcClientProtocolClient.java:onNext(255)) - client-A5BCC62C3543->912a7d3b-e3f1-4985-b06b-5f0a929b8060: receive RaftClientReply:client-A5BCC62C3543->912a7d3b-e3f1-4985-b06b-5f0a929b8060@group-3636E5E7603C, cid=1548, SUCCESS, logIndex=2240, commits[912a7d3b-e3f1-4985-b06b-5f0a929b8060:c2240]
2019-07-13 08:32:27,661 INFO  client.GrpcClientProtocolClient (GrpcClientProtocolClient.java:onNext(255)) - client-A5BCC62C3543->912a7d3b-e3f1-4985-b06b-5f0a929b8060: receive RaftClientReply:client-A5BCC62C3543->912a7d3b-e3f1-4985-b06b-5f0a929b8060@group-3636E5E7603C, cid=1549, SUCCESS, logIndex=2242, commits[912a7d3b-e3f1-4985-b06b-5f0a929b8060:c2243]
2019-07-13 08:32:27,662 INFO  client.GrpcClientProtocolClient (GrpcClientProtocolClient.java:onNext(255)) - client-A5BCC62C3543->912a7d3b-e3f1-4985-b06b-5f0a929b8060: receive RaftClientReply:client-A5BCC62C3543->912a7d3b-e3f1-4985-b06b-5f0a929b8060@group-3636E5E7603C, cid=1550, SUCCESS, logIndex=2243, commits[912a7d3b-e3f1-4985-b06b-5f0a929b8060:c2243]
2019-07-13 08:32:27,663 INFO  client.GrpcClientProtocolClient (GrpcClientProtocolClient.java:onNext(255)) - client-A5BCC62C3543->912a7d3b-e3f1-4985-b06b-5f0a929b8060: receive RaftClientReply:client-A5BCC62C3543->912a7d3b-e3f1-4985-b06b-5f0a929b8060@group-3636E5E7603C, cid=1551, SUCCESS, logIndex=2244, commits[912a7d3b-e3f1-4985-b06b-5f0a929b8060:c2245]
2019-07-13 08:32:27,663 INFO  client.GrpcClientProtocolClient (GrpcClientProtocolClient.java:onNext(255)) - client-A5BCC62C3543->912a7d3b-e3f1-4985-b06b-5f0a929b8060: receive RaftClientReply:client-A5BCC62C3543->912a7d3b-e3f1-4985-b06b-5f0a929b8060@group-3636E5E7603C, cid=1552, SUCCESS, logIndex=2245, commits[912a7d3b-e3f1-4985-b06b-5f0a929b8060:c2245]
2019-07-13 08:32:27,691 INFO  client.GrpcClientProtocolClient (GrpcClientProtocolClient.java:onNext(255)) - client-A5BCC62C3543->912a7d3b-e3f1-4985-b06b-5f0a929b8060: receive RaftClientReply:client-A5BCC62C3543->912a7d3b-e3f1-4985-b06b-5f0a929b8060@group-3636E5E7603C, cid=1553, SUCCESS, logIndex=2248, commits[912a7d3b-e3f1-4985-b06b-5f0a929b8060:c2249]
2019-07-13 08:32:27,692 INFO  client.GrpcClientProtocolClient (GrpcClientProtocolClient.java:onNext(255)) - client-A5BCC62C3543->912a7d3b-e3f1-4985-b06b-5f0a929b8060: receive RaftClientReply:client-A5BCC62C3543->912a7d3b-e3f1-4985-b06b-5f0a929b8060@group-3636E5E7603C, cid=1554, SUCCESS, logIndex=2249, commits[912a7d3b-e3f1-4985-b06b-5f0a929b8060:c2251]
2019-07-13 08:32:27,692 INFO  client.GrpcClientProtocolClient (GrpcClientProtocolClient.java:onNext(255)) - client-A5BCC62C3543->912a7d3b-e3f1-4985-b06b-5f0a929b8060: receive RaftClientReply:client-A5BCC62C3543->912a7d3b-e3f1-4985-b06b-5f0a929b8060@group-3636E5E7603C, cid=1555, SUCCESS, logIndex=2250, commits[912a7d3b-e3f1-4985-b06b-5f0a929b8060:c2252]
2019-07-13 08:32:27,692 INFO  client.GrpcClientProtocolClient (GrpcClientProtocolClient.java:onNext(255)) - client-A5BCC62C3543->912a7d3b-e3f1-4985-b06b-5f0a929b8060: receive RaftClientReply:client-A5BCC62C3543->912a7d3b-e3f1-4985-b06b-5f0a929b8060@group-3636E5E7603C, cid=1556, SUCCESS, logIndex=2251, commits[912a7d3b-e3f1-4985-b06b-5f0a929b8060:c2252]
2019-07-13 08:32:27,699 DEBUG block.SCMBlockDeletingService (SCMBlockDeletingService.java:call(138)) - Running DeletedBlockTransactionScanner
2019-07-13 08:32:27,700 DEBUG block.SCMBlockDeletingService (SCMBlockDeletingService.java:call(155)) - Scanned deleted blocks log and got 0 delTX to process.
2019-07-13 08:32:27,711 INFO  client.GrpcClientProtocolClient (GrpcClientProtocolClient.java:onNext(255)) - client-A5BCC62C3543->912a7d3b-e3f1-4985-b06b-5f0a929b8060: receive RaftClientReply:client-A5BCC62C3543->912a7d3b-e3f1-4985-b06b-5f0a929b8060@group-3636E5E7603C, cid=1557, SUCCESS, logIndex=2254, commits[912a7d3b-e3f1-4985-b06b-5f0a929b8060:c2255]
2019-07-13 08:32:27,712 INFO  client.GrpcClientProtocolClient (GrpcClientProtocolClient.java:onNext(255)) - client-A5BCC62C3543->912a7d3b-e3f1-4985-b06b-5f0a929b8060: receive RaftClientReply:client-A5BCC62C3543->912a7d3b-e3f1-4985-b06b-5f0a929b8060@group-3636E5E7603C, cid=1558, SUCCESS, logIndex=2255, commits[912a7d3b-e3f1-4985-b06b-5f0a929b8060:c2255]
2019-07-13 08:32:27,713 INFO  client.GrpcClientProtocolClient (GrpcClientProtocolClient.java:onNext(255)) - client-A5BCC62C3543->912a7d3b-e3f1-4985-b06b-5f0a929b8060: receive RaftClientReply:client-A5BCC62C3543->912a7d3b-e3f1-4985-b06b-5f0a929b8060@group-3636E5E7603C, cid=1559, SUCCESS, logIndex=2256, commits[912a7d3b-e3f1-4985-b06b-5f0a929b8060:c2257]
2019-07-13 08:32:27,714 INFO  client.GrpcClientProtocolClient (GrpcClientProtocolClient.java:onNext(255)) - client-A5BCC62C3543->912a7d3b-e3f1-4985-b06b-5f0a929b8060: receive RaftClientReply:client-A5BCC62C3543->912a7d3b-e3f1-4985-b06b-5f0a929b8060@group-3636E5E7603C, cid=1560, SUCCESS, logIndex=2257, commits[912a7d3b-e3f1-4985-b06b-5f0a929b8060:c2257]
2019-07-13 08:32:27,743 INFO  client.GrpcClientProtocolClient (GrpcClientProtocolClient.java:onNext(255)) - client-A5BCC62C3543->912a7d3b-e3f1-4985-b06b-5f0a929b8060: receive RaftClientReply:client-A5BCC62C3543->912a7d3b-e3f1-4985-b06b-5f0a929b8060@group-3636E5E7603C, cid=1561, SUCCESS, logIndex=2260, commits[912a7d3b-e3f1-4985-b06b-5f0a929b8060:c2263]
2019-07-13 08:32:27,744 INFO  client.GrpcClientProtocolClient (GrpcClientProtocolClient.java:onNext(255)) - client-A5BCC62C3543->912a7d3b-e3f1-4985-b06b-5f0a929b8060: receive RaftClientReply:client-A5BCC62C3543->912a7d3b-e3f1-4985-b06b-5f0a929b8060@group-3636E5E7603C, cid=1562, SUCCESS, logIndex=2261, commits[912a7d3b-e3f1-4985-b06b-5f0a929b8060:c2264]
2019-07-13 08:32:27,744 INFO  client.GrpcClientProtocolClient (GrpcClientProtocolClient.java:onNext(255)) - client-A5BCC62C3543->912a7d3b-e3f1-4985-b06b-5f0a929b8060: receive RaftClientReply:client-A5BCC62C3543->912a7d3b-e3f1-4985-b06b-5f0a929b8060@group-3636E5E7603C, cid=1563, SUCCESS, logIndex=2262, commits[912a7d3b-e3f1-4985-b06b-5f0a929b8060:c2264]
2019-07-13 08:32:27,745 INFO  client.GrpcClientProtocolClient (GrpcClientProtocolClient.java:onNext(255)) - client-A5BCC62C3543->912a7d3b-e3f1-4985-b06b-5f0a929b8060: receive RaftClientReply:client-A5BCC62C3543->912a7d3b-e3f1-4985-b06b-5f0a929b8060@group-3636E5E7603C, cid=1564, SUCCESS, logIndex=2263, commits[912a7d3b-e3f1-4985-b06b-5f0a929b8060:c2265]
2019-07-13 08:32:27,766 INFO  client.GrpcClientProtocolClient (GrpcClientProtocolClient.java:onNext(255)) - client-A5BCC62C3543->912a7d3b-e3f1-4985-b06b-5f0a929b8060: receive RaftClientReply:client-A5BCC62C3543->912a7d3b-e3f1-4985-b06b-5f0a929b8060@group-3636E5E7603C, cid=1565, SUCCESS, logIndex=2266, commits[912a7d3b-e3f1-4985-b06b-5f0a929b8060:c2267]
2019-07-13 08:32:27,766 INFO  client.GrpcClientProtocolClient (GrpcClientProtocolClient.java:onNext(255)) - client-A5BCC62C3543->912a7d3b-e3f1-4985-b06b-5f0a929b8060: receive RaftClientReply:client-A5BCC62C3543->912a7d3b-e3f1-4985-b06b-5f0a929b8060@group-3636E5E7603C, cid=1566, SUCCESS, logIndex=2267, commits[912a7d3b-e3f1-4985-b06b-5f0a929b8060:c2267]
2019-07-13 08:32:27,767 INFO  client.GrpcClientProtocolClient (GrpcClientProtocolClient.java:onNext(255)) - client-A5BCC62C3543->912a7d3b-e3f1-4985-b06b-5f0a929b8060: receive RaftClientReply:client-A5BCC62C3543->912a7d3b-e3f1-4985-b06b-5f0a929b8060@group-3636E5E7603C, cid=1567, SUCCESS, logIndex=2268, commits[912a7d3b-e3f1-4985-b06b-5f0a929b8060:c2269]
2019-07-13 08:32:27,768 INFO  client.GrpcClientProtocolClient (GrpcClientProtocolClient.java:onNext(255)) - client-A5BCC62C3543->912a7d3b-e3f1-4985-b06b-5f0a929b8060: receive RaftClientReply:client-A5BCC62C3543->912a7d3b-e3f1-4985-b06b-5f0a929b8060@group-3636E5E7603C, cid=1568, SUCCESS, logIndex=2269, commits[912a7d3b-e3f1-4985-b06b-5f0a929b8060:c2269]
2019-07-13 08:32:28,123 DEBUG block.SCMBlockDeletingService (SCMBlockDeletingService.java:call(138)) - Running DeletedBlockTransactionScanner
2019-07-13 08:32:28,123 DEBUG block.SCMBlockDeletingService (SCMBlockDeletingService.java:call(155)) - Scanned deleted blocks log and got 0 delTX to process.
2019-07-13 08:32:28,139 INFO  client.GrpcClientProtocolClient (GrpcClientProtocolClient.java:onNext(255)) - client-A5BCC62C3543->912a7d3b-e3f1-4985-b06b-5f0a929b8060: receive RaftClientReply:client-A5BCC62C3543->912a7d3b-e3f1-4985-b06b-5f0a929b8060@group-3636E5E7603C, cid=1569, SUCCESS, logIndex=2272, commits[912a7d3b-e3f1-4985-b06b-5f0a929b8060:c2273]
2019-07-13 08:32:28,139 INFO  client.GrpcClientProtocolClient (GrpcClientProtocolClient.java:onNext(255)) - client-A5BCC62C3543->912a7d3b-e3f1-4985-b06b-5f0a929b8060: receive RaftClientReply:client-A5BCC62C3543->912a7d3b-e3f1-4985-b06b-5f0a929b8060@group-3636E5E7603C, cid=1570, SUCCESS, logIndex=2273, commits[912a7d3b-e3f1-4985-b06b-5f0a929b8060:c2273]
2019-07-13 08:32:28,140 INFO  client.GrpcClientProtocolClient (GrpcClientProtocolClient.java:onNext(255)) - client-A5BCC62C3543->912a7d3b-e3f1-4985-b06b-5f0a929b8060: receive RaftClientReply:client-A5BCC62C3543->912a7d3b-e3f1-4985-b06b-5f0a929b8060@group-3636E5E7603C, cid=1571, SUCCESS, logIndex=2274, commits[912a7d3b-e3f1-4985-b06b-5f0a929b8060:c2275]
2019-07-13 08:32:28,140 INFO  client.GrpcClientProtocolClient (GrpcClientProtocolClient.java:onNext(255)) - client-A5BCC62C3543->912a7d3b-e3f1-4985-b06b-5f0a929b8060: receive RaftClientReply:client-A5BCC62C3543->912a7d3b-e3f1-4985-b06b-5f0a929b8060@group-3636E5E7603C, cid=1572, SUCCESS, logIndex=2275, commits[912a7d3b-e3f1-4985-b06b-5f0a929b8060:c2275]
2019-07-13 08:32:28,159 INFO  client.GrpcClientProtocolClient (GrpcClientProtocolClient.java:onNext(255)) - client-A5BCC62C3543->912a7d3b-e3f1-4985-b06b-5f0a929b8060: receive RaftClientReply:client-A5BCC62C3543->912a7d3b-e3f1-4985-b06b-5f0a929b8060@group-3636E5E7603C, cid=1573, SUCCESS, logIndex=2278, commits[912a7d3b-e3f1-4985-b06b-5f0a929b8060:c2279]
2019-07-13 08:32:28,160 INFO  client.GrpcClientProtocolClient (GrpcClientProtocolClient.java:onNext(255)) - client-A5BCC62C3543->912a7d3b-e3f1-4985-b06b-5f0a929b8060: receive RaftClientReply:client-A5BCC62C3543->912a7d3b-e3f1-4985-b06b-5f0a929b8060@group-3636E5E7603C, cid=1574, SUCCESS, logIndex=2279, commits[912a7d3b-e3f1-4985-b06b-5f0a929b8060:c2279]
2019-07-13 08:32:28,162 INFO  client.GrpcClientProtocolClient (GrpcClientProtocolClient.java:onNext(255)) - client-A5BCC62C3543->912a7d3b-e3f1-4985-b06b-5f0a929b8060: receive RaftClientReply:client-A5BCC62C3543->912a7d3b-e3f1-4985-b06b-5f0a929b8060@group-3636E5E7603C, cid=1575, SUCCESS, logIndex=2280, commits[912a7d3b-e3f1-4985-b06b-5f0a929b8060:c2281]
2019-07-13 08:32:28,162 INFO  client.GrpcClientProtocolClient (GrpcClientProtocolClient.java:onNext(255)) - client-A5BCC62C3543->912a7d3b-e3f1-4985-b06b-5f0a929b8060: receive RaftClientReply:client-A5BCC62C3543->912a7d3b-e3f1-4985-b06b-5f0a929b8060@group-3636E5E7603C, cid=1576, SUCCESS, logIndex=2281, commits[912a7d3b-e3f1-4985-b06b-5f0a929b8060:c2281]
2019-07-13 08:32:28,190 INFO  client.GrpcClientProtocolClient (GrpcClientProtocolClient.java:onNext(255)) - client-A5BCC62C3543->912a7d3b-e3f1-4985-b06b-5f0a929b8060: receive RaftClientReply:client-A5BCC62C3543->912a7d3b-e3f1-4985-b06b-5f0a929b8060@group-3636E5E7603C, cid=1577, SUCCESS, logIndex=2284, commits[912a7d3b-e3f1-4985-b06b-5f0a929b8060:c2287]
2019-07-13 08:32:28,191 INFO  client.GrpcClientProtocolClient (GrpcClientProtocolClient.java:onNext(255)) - client-A5BCC62C3543->912a7d3b-e3f1-4985-b06b-5f0a929b8060: receive RaftClientReply:client-A5BCC62C3543->912a7d3b-e3f1-4985-b06b-5f0a929b8060@group-3636E5E7603C, cid=1578, SUCCESS, logIndex=2285, commits[912a7d3b-e3f1-4985-b06b-5f0a929b8060:c2288]
2019-07-13 08:32:28,191 INFO  client.GrpcClientProtocolClient (GrpcClientProtocolClient.java:onNext(255)) - client-A5BCC62C3543->912a7d3b-e3f1-4985-b06b-5f0a929b8060: receive RaftClientReply:client-A5BCC62C3543->912a7d3b-e3f1-4985-b06b-5f0a929b8060@group-3636E5E7603C, cid=1579, SUCCESS, logIndex=2286, commits[912a7d3b-e3f1-4985-b06b-5f0a929b8060:c2288]
2019-07-13 08:32:28,192 INFO  client.GrpcClientProtocolClient (GrpcClientProtocolClient.java:onNext(255)) - client-A5BCC62C3543->912a7d3b-e3f1-4985-b06b-5f0a929b8060: receive RaftClientReply:client-A5BCC62C3543->912a7d3b-e3f1-4985-b06b-5f0a929b8060@group-3636E5E7603C, cid=1580, SUCCESS, logIndex=2287, commits[912a7d3b-e3f1-4985-b06b-5f0a929b8060:c2288]
2019-07-13 08:32:28,212 INFO  client.GrpcClientProtocolClient (GrpcClientProtocolClient.java:onNext(255)) - client-A5BCC62C3543->912a7d3b-e3f1-4985-b06b-5f0a929b8060: receive RaftClientReply:client-A5BCC62C3543->912a7d3b-e3f1-4985-b06b-5f0a929b8060@group-3636E5E7603C, cid=1581, SUCCESS, logIndex=2289, commits[912a7d3b-e3f1-4985-b06b-5f0a929b8060:c2292]
2019-07-13 08:32:28,212 INFO  client.GrpcClientProtocolClient (GrpcClientProtocolClient.java:onNext(255)) - client-A5BCC62C3543->912a7d3b-e3f1-4985-b06b-5f0a929b8060: receive RaftClientReply:client-A5BCC62C3543->912a7d3b-e3f1-4985-b06b-5f0a929b8060@group-3636E5E7603C, cid=1582, SUCCESS, logIndex=2290, commits[912a7d3b-e3f1-4985-b06b-5f0a929b8060:c2292]
2019-07-13 08:32:28,213 INFO  client.GrpcClientProtocolClient (GrpcClientProtocolClient.java:onNext(255)) - client-A5BCC62C3543->912a7d3b-e3f1-4985-b06b-5f0a929b8060: receive RaftClientReply:client-A5BCC62C3543->912a7d3b-e3f1-4985-b06b-5f0a929b8060@group-3636E5E7603C, cid=1583, SUCCESS, logIndex=2291, commits[912a7d3b-e3f1-4985-b06b-5f0a929b8060:c2292]
2019-07-13 08:32:28,213 INFO  client.GrpcClientProtocolClient (GrpcClientProtocolClient.java:onNext(255)) - client-A5BCC62C3543->912a7d3b-e3f1-4985-b06b-5f0a929b8060: receive RaftClientReply:client-A5BCC62C3543->912a7d3b-e3f1-4985-b06b-5f0a929b8060@group-3636E5E7603C, cid=1584, SUCCESS, logIndex=2292, commits[912a7d3b-e3f1-4985-b06b-5f0a929b8060:c2293]
2019-07-13 08:32:28,223 DEBUG block.SCMBlockDeletingService (SCMBlockDeletingService.java:call(138)) - Running DeletedBlockTransactionScanner
2019-07-13 08:32:28,224 DEBUG block.SCMBlockDeletingService (SCMBlockDeletingService.java:call(155)) - Scanned deleted blocks log and got 0 delTX to process.
2019-07-13 08:32:28,243 INFO  client.GrpcClientProtocolClient (GrpcClientProtocolClient.java:onNext(255)) - client-A5BCC62C3543->912a7d3b-e3f1-4985-b06b-5f0a929b8060: receive RaftClientReply:client-A5BCC62C3543->912a7d3b-e3f1-4985-b06b-5f0a929b8060@group-3636E5E7603C, cid=1585, SUCCESS, logIndex=2295, commits[912a7d3b-e3f1-4985-b06b-5f0a929b8060:c2298]
2019-07-13 08:32:28,244 INFO  client.GrpcClientProtocolClient (GrpcClientProtocolClient.java:onNext(255)) - client-A5BCC62C3543->912a7d3b-e3f1-4985-b06b-5f0a929b8060: receive RaftClientReply:client-A5BCC62C3543->912a7d3b-e3f1-4985-b06b-5f0a929b8060@group-3636E5E7603C, cid=1586, SUCCESS, logIndex=2296, commits[912a7d3b-e3f1-4985-b06b-5f0a929b8060:c2299]
2019-07-13 08:32:28,244 INFO  client.GrpcClientProtocolClient (GrpcClientProtocolClient.java:onNext(255)) - client-A5BCC62C3543->912a7d3b-e3f1-4985-b06b-5f0a929b8060: receive RaftClientReply:client-A5BCC62C3543->912a7d3b-e3f1-4985-b06b-5f0a929b8060@group-3636E5E7603C, cid=1587, SUCCESS, logIndex=2297, commits[912a7d3b-e3f1-4985-b06b-5f0a929b8060:c2299]
2019-07-13 08:32:28,244 INFO  client.GrpcClientProtocolClient (GrpcClientProtocolClient.java:onNext(255)) - client-A5BCC62C3543->912a7d3b-e3f1-4985-b06b-5f0a929b8060: receive RaftClientReply:client-A5BCC62C3543->912a7d3b-e3f1-4985-b06b-5f0a929b8060@group-3636E5E7603C, cid=1588, SUCCESS, logIndex=2298, commits[912a7d3b-e3f1-4985-b06b-5f0a929b8060:c2299]
2019-07-13 08:32:28,267 INFO  client.GrpcClientProtocolClient (GrpcClientProtocolClient.java:onNext(255)) - client-A5BCC62C3543->912a7d3b-e3f1-4985-b06b-5f0a929b8060: receive RaftClientReply:client-A5BCC62C3543->912a7d3b-e3f1-4985-b06b-5f0a929b8060@group-3636E5E7603C, cid=1589, SUCCESS, logIndex=2300, commits[912a7d3b-e3f1-4985-b06b-5f0a929b8060:c2301]
2019-07-13 08:32:28,268 INFO  client.GrpcClientProtocolClient (GrpcClientProtocolClient.java:onNext(255)) - client-A5BCC62C3543->912a7d3b-e3f1-4985-b06b-5f0a929b8060: receive RaftClientReply:client-A5BCC62C3543->912a7d3b-e3f1-4985-b06b-5f0a929b8060@group-3636E5E7603C, cid=1590, SUCCESS, logIndex=2301, commits[912a7d3b-e3f1-4985-b06b-5f0a929b8060:c2302]
2019-07-13 08:32:28,324 DEBUG block.SCMBlockDeletingService (SCMBlockDeletingService.java:call(138)) - Running DeletedBlockTransactionScanner
2019-07-13 08:32:28,324 DEBUG block.SCMBlockDeletingService (SCMBlockDeletingService.java:call(155)) - Scanned deleted blocks log and got 0 delTX to process.
2019-07-13 08:32:28,361 INFO  client.GrpcClientProtocolClient (GrpcClientProtocolClient.java:onNext(255)) - client-A5BCC62C3543->912a7d3b-e3f1-4985-b06b-5f0a929b8060: receive RaftClientReply:client-A5BCC62C3543->912a7d3b-e3f1-4985-b06b-5f0a929b8060@group-3636E5E7603C, cid=1591, SUCCESS, logIndex=2303, commits[912a7d3b-e3f1-4985-b06b-5f0a929b8060:c2304]
2019-07-13 08:32:28,362 INFO  client.GrpcClientProtocolClient (GrpcClientProtocolClient.java:onNext(255)) - client-A5BCC62C3543->912a7d3b-e3f1-4985-b06b-5f0a929b8060: receive RaftClientReply:client-A5BCC62C3543->912a7d3b-e3f1-4985-b06b-5f0a929b8060@group-3636E5E7603C, cid=1592, SUCCESS, logIndex=2304, commits[912a7d3b-e3f1-4985-b06b-5f0a929b8060:c2305]
2019-07-13 08:32:28,389 INFO  client.GrpcClientProtocolClient (GrpcClientProtocolClient.java:onNext(255)) - client-A5BCC62C3543->912a7d3b-e3f1-4985-b06b-5f0a929b8060: receive RaftClientReply:client-A5BCC62C3543->912a7d3b-e3f1-4985-b06b-5f0a929b8060@group-3636E5E7603C, cid=1593, SUCCESS, logIndex=2306, commits[912a7d3b-e3f1-4985-b06b-5f0a929b8060:c2307]
2019-07-13 08:32:28,389 INFO  client.GrpcClientProtocolClient (GrpcClientProtocolClient.java:onNext(255)) - client-A5BCC62C3543->912a7d3b-e3f1-4985-b06b-5f0a929b8060: receive RaftClientReply:client-A5BCC62C3543->912a7d3b-e3f1-4985-b06b-5f0a929b8060@group-3636E5E7603C, cid=1594, SUCCESS, logIndex=2307, commits[912a7d3b-e3f1-4985-b06b-5f0a929b8060:c2307]
2019-07-13 08:32:28,391 INFO  client.GrpcClientProtocolClient (GrpcClientProtocolClient.java:onNext(255)) - client-A5BCC62C3543->912a7d3b-e3f1-4985-b06b-5f0a929b8060: receive RaftClientReply:client-A5BCC62C3543->912a7d3b-e3f1-4985-b06b-5f0a929b8060@group-3636E5E7603C, cid=1595, SUCCESS, logIndex=2308, commits[912a7d3b-e3f1-4985-b06b-5f0a929b8060:c2309]
2019-07-13 08:32:28,391 INFO  client.GrpcClientProtocolClient (GrpcClientProtocolClient.java:onNext(255)) - client-A5BCC62C3543->912a7d3b-e3f1-4985-b06b-5f0a929b8060: receive RaftClientReply:client-A5BCC62C3543->912a7d3b-e3f1-4985-b06b-5f0a929b8060@group-3636E5E7603C, cid=1596, SUCCESS, logIndex=2309, commits[912a7d3b-e3f1-4985-b06b-5f0a929b8060:c2309]
2019-07-13 08:32:28,402 INFO  client.GrpcClientProtocolClient (GrpcClientProtocolClient.java:onNext(255)) - client-A5BCC62C3543->912a7d3b-e3f1-4985-b06b-5f0a929b8060: receive RaftClientReply:client-A5BCC62C3543->912a7d3b-e3f1-4985-b06b-5f0a929b8060@group-3636E5E7603C, cid=1597, SUCCESS, logIndex=2312, commits[912a7d3b-e3f1-4985-b06b-5f0a929b8060:c2315]
2019-07-13 08:32:28,403 INFO  client.GrpcClientProtocolClient (GrpcClientProtocolClient.java:onNext(255)) - client-A5BCC62C3543->912a7d3b-e3f1-4985-b06b-5f0a929b8060: receive RaftClientReply:client-A5BCC62C3543->912a7d3b-e3f1-4985-b06b-5f0a929b8060@group-3636E5E7603C, cid=1598, SUCCESS, logIndex=2313, commits[912a7d3b-e3f1-4985-b06b-5f0a929b8060:c2316]
2019-07-13 08:32:28,403 INFO  client.GrpcClientProtocolClient (GrpcClientProtocolClient.java:onNext(255)) - client-A5BCC62C3543->912a7d3b-e3f1-4985-b06b-5f0a929b8060: receive RaftClientReply:client-A5BCC62C3543->912a7d3b-e3f1-4985-b06b-5f0a929b8060@group-3636E5E7603C, cid=1599, SUCCESS, logIndex=2314, commits[912a7d3b-e3f1-4985-b06b-5f0a929b8060:c2316]
2019-07-13 08:32:28,403 INFO  client.GrpcClientProtocolClient (GrpcClientProtocolClient.java:onNext(255)) - client-A5BCC62C3543->912a7d3b-e3f1-4985-b06b-5f0a929b8060: receive RaftClientReply:client-A5BCC62C3543->912a7d3b-e3f1-4985-b06b-5f0a929b8060@group-3636E5E7603C, cid=1600, SUCCESS, logIndex=2315, commits[912a7d3b-e3f1-4985-b06b-5f0a929b8060:c2316]
2019-07-13 08:32:28,425 DEBUG block.SCMBlockDeletingService (SCMBlockDeletingService.java:call(138)) - Running DeletedBlockTransactionScanner
2019-07-13 08:32:28,425 DEBUG block.SCMBlockDeletingService (SCMBlockDeletingService.java:call(155)) - Scanned deleted blocks log and got 0 delTX to process.
2019-07-13 08:32:28,431 INFO  client.GrpcClientProtocolClient (GrpcClientProtocolClient.java:onNext(255)) - client-A5BCC62C3543->912a7d3b-e3f1-4985-b06b-5f0a929b8060: receive RaftClientReply:client-A5BCC62C3543->912a7d3b-e3f1-4985-b06b-5f0a929b8060@group-3636E5E7603C, cid=1601, SUCCESS, logIndex=2317, commits[912a7d3b-e3f1-4985-b06b-5f0a929b8060:c2320]
2019-07-13 08:32:28,432 INFO  client.GrpcClientProtocolClient (GrpcClientProtocolClient.java:onNext(255)) - client-A5BCC62C3543->912a7d3b-e3f1-4985-b06b-5f0a929b8060: receive RaftClientReply:client-A5BCC62C3543->912a7d3b-e3f1-4985-b06b-5f0a929b8060@group-3636E5E7603C, cid=1602, SUCCESS, logIndex=2318, commits[912a7d3b-e3f1-4985-b06b-5f0a929b8060:c2321]
2019-07-13 08:32:28,433 INFO  client.GrpcClientProtocolClient (GrpcClientProtocolClient.java:onNext(255)) - client-A5BCC62C3543->912a7d3b-e3f1-4985-b06b-5f0a929b8060: receive RaftClientReply:client-A5BCC62C3543->912a7d3b-e3f1-4985-b06b-5f0a929b8060@group-3636E5E7603C, cid=1603, SUCCESS, logIndex=2319, commits[912a7d3b-e3f1-4985-b06b-5f0a929b8060:c2321]
2019-07-13 08:32:28,433 INFO  client.GrpcClientProtocolClient (GrpcClientProtocolClient.java:onNext(255)) - client-A5BCC62C3543->912a7d3b-e3f1-4985-b06b-5f0a929b8060: receive RaftClientReply:client-A5BCC62C3543->912a7d3b-e3f1-4985-b06b-5f0a929b8060@group-3636E5E7603C, cid=1604, SUCCESS, logIndex=2320, commits[912a7d3b-e3f1-4985-b06b-5f0a929b8060:c2321]
2019-07-13 08:32:28,453 INFO  client.GrpcClientProtocolClient (GrpcClientProtocolClient.java:onNext(255)) - client-A5BCC62C3543->912a7d3b-e3f1-4985-b06b-5f0a929b8060: receive RaftClientReply:client-A5BCC62C3543->912a7d3b-e3f1-4985-b06b-5f0a929b8060@group-3636E5E7603C, cid=1605, SUCCESS, logIndex=2322, commits[912a7d3b-e3f1-4985-b06b-5f0a929b8060:c2325]
2019-07-13 08:32:28,453 INFO  client.GrpcClientProtocolClient (GrpcClientProtocolClient.java:onNext(255)) - client-A5BCC62C3543->912a7d3b-e3f1-4985-b06b-5f0a929b8060: receive RaftClientReply:client-A5BCC62C3543->912a7d3b-e3f1-4985-b06b-5f0a929b8060@group-3636E5E7603C, cid=1606, SUCCESS, logIndex=2323, commits[912a7d3b-e3f1-4985-b06b-5f0a929b8060:c2326]
2019-07-13 08:32:28,454 INFO  client.GrpcClientProtocolClient (GrpcClientProtocolClient.java:onNext(255)) - client-A5BCC62C3543->912a7d3b-e3f1-4985-b06b-5f0a929b8060: receive RaftClientReply:client-A5BCC62C3543->912a7d3b-e3f1-4985-b06b-5f0a929b8060@group-3636E5E7603C, cid=1607, SUCCESS, logIndex=2324, commits[912a7d3b-e3f1-4985-b06b-5f0a929b8060:c2326]
2019-07-13 08:32:28,454 INFO  client.GrpcClientProtocolClient (GrpcClientProtocolClient.java:onNext(255)) - client-A5BCC62C3543->912a7d3b-e3f1-4985-b06b-5f0a929b8060: receive RaftClientReply:client-A5BCC62C3543->912a7d3b-e3f1-4985-b06b-5f0a929b8060@group-3636E5E7603C, cid=1608, SUCCESS, logIndex=2325, commits[912a7d3b-e3f1-4985-b06b-5f0a929b8060:c2326]
2019-07-13 08:32:28,479 INFO  client.GrpcClientProtocolClient (GrpcClientProtocolClient.java:onNext(255)) - client-A5BCC62C3543->912a7d3b-e3f1-4985-b06b-5f0a929b8060: receive RaftClientReply:client-A5BCC62C3543->912a7d3b-e3f1-4985-b06b-5f0a929b8060@group-3636E5E7603C, cid=1609, SUCCESS, logIndex=2327, commits[912a7d3b-e3f1-4985-b06b-5f0a929b8060:c2330]
2019-07-13 08:32:28,480 INFO  client.GrpcClientProtocolClient (GrpcClientProtocolClient.java:onNext(255)) - client-A5BCC62C3543->912a7d3b-e3f1-4985-b06b-5f0a929b8060: receive RaftClientReply:client-A5BCC62C3543->912a7d3b-e3f1-4985-b06b-5f0a929b8060@group-3636E5E7603C, cid=1610, SUCCESS, logIndex=2328, commits[912a7d3b-e3f1-4985-b06b-5f0a929b8060:c2331]
2019-07-13 08:32:28,480 INFO  client.GrpcClientProtocolClient (GrpcClientProtocolClient.java:onNext(255)) - client-A5BCC62C3543->912a7d3b-e3f1-4985-b06b-5f0a929b8060: receive RaftClientReply:client-A5BCC62C3543->912a7d3b-e3f1-4985-b06b-5f0a929b8060@group-3636E5E7603C, cid=1611, SUCCESS, logIndex=2329, commits[912a7d3b-e3f1-4985-b06b-5f0a929b8060:c2331]
2019-07-13 08:32:28,481 INFO  client.GrpcClientProtocolClient (GrpcClientProtocolClient.java:onNext(255)) - client-A5BCC62C3543->912a7d3b-e3f1-4985-b06b-5f0a929b8060: receive RaftClientReply:client-A5BCC62C3543->912a7d3b-e3f1-4985-b06b-5f0a929b8060@group-3636E5E7603C, cid=1612, SUCCESS, logIndex=2330, commits[912a7d3b-e3f1-4985-b06b-5f0a929b8060:c2332]
2019-07-13 08:32:28,500 INFO  client.GrpcClientProtocolClient (GrpcClientProtocolClient.java:onNext(255)) - client-A5BCC62C3543->912a7d3b-e3f1-4985-b06b-5f0a929b8060: receive RaftClientReply:client-A5BCC62C3543->912a7d3b-e3f1-4985-b06b-5f0a929b8060@group-3636E5E7603C, cid=1613, SUCCESS, logIndex=2333, commits[912a7d3b-e3f1-4985-b06b-5f0a929b8060:c2334]
2019-07-13 08:32:28,500 INFO  client.GrpcClientProtocolClient (GrpcClientProtocolClient.java:onNext(255)) - client-A5BCC62C3543->912a7d3b-e3f1-4985-b06b-5f0a929b8060: receive RaftClientReply:client-A5BCC62C3543->912a7d3b-e3f1-4985-b06b-5f0a929b8060@group-3636E5E7603C, cid=1614, SUCCESS, logIndex=2334, commits[912a7d3b-e3f1-4985-b06b-5f0a929b8060:c2334]
2019-07-13 08:32:28,502 INFO  client.GrpcClientProtocolClient (GrpcClientProtocolClient.java:onNext(255)) - client-A5BCC62C3543->912a7d3b-e3f1-4985-b06b-5f0a929b8060: receive RaftClientReply:client-A5BCC62C3543->912a7d3b-e3f1-4985-b06b-5f0a929b8060@group-3636E5E7603C, cid=1615, SUCCESS, logIndex=2335, commits[912a7d3b-e3f1-4985-b06b-5f0a929b8060:c2336]
2019-07-13 08:32:28,503 INFO  client.GrpcClientProtocolClient (GrpcClientProtocolClient.java:onNext(255)) - client-A5BCC62C3543->912a7d3b-e3f1-4985-b06b-5f0a929b8060: receive RaftClientReply:client-A5BCC62C3543->912a7d3b-e3f1-4985-b06b-5f0a929b8060@group-3636E5E7603C, cid=1616, SUCCESS, logIndex=2336, commits[912a7d3b-e3f1-4985-b06b-5f0a929b8060:c2336]
2019-07-13 08:32:28,525 DEBUG block.SCMBlockDeletingService (SCMBlockDeletingService.java:call(138)) - Running DeletedBlockTransactionScanner
2019-07-13 08:32:28,526 DEBUG block.SCMBlockDeletingService (SCMBlockDeletingService.java:call(155)) - Scanned deleted blocks log and got 0 delTX to process.
2019-07-13 08:32:28,539 INFO  client.GrpcClientProtocolClient (GrpcClientProtocolClient.java:onNext(255)) - client-A5BCC62C3543->912a7d3b-e3f1-4985-b06b-5f0a929b8060: receive RaftClientReply:client-A5BCC62C3543->912a7d3b-e3f1-4985-b06b-5f0a929b8060@group-3636E5E7603C, cid=1617, SUCCESS, logIndex=2339, commits[912a7d3b-e3f1-4985-b06b-5f0a929b8060:c2342]
2019-07-13 08:32:28,540 INFO  client.GrpcClientProtocolClient (GrpcClientProtocolClient.java:onNext(255)) - client-A5BCC62C3543->912a7d3b-e3f1-4985-b06b-5f0a929b8060: receive RaftClientReply:client-A5BCC62C3543->912a7d3b-e3f1-4985-b06b-5f0a929b8060@group-3636E5E7603C, cid=1618, SUCCESS, logIndex=2340, commits[912a7d3b-e3f1-4985-b06b-5f0a929b8060:c2343]
2019-07-13 08:32:28,540 INFO  client.GrpcClientProtocolClient (GrpcClientProtocolClient.java:onNext(255)) - client-A5BCC62C3543->912a7d3b-e3f1-4985-b06b-5f0a929b8060: receive RaftClientReply:client-A5BCC62C3543->912a7d3b-e3f1-4985-b06b-5f0a929b8060@group-3636E5E7603C, cid=1619, SUCCESS, logIndex=2341, commits[912a7d3b-e3f1-4985-b06b-5f0a929b8060:c2343]
2019-07-13 08:32:28,541 INFO  client.GrpcClientProtocolClient (GrpcClientProtocolClient.java:onNext(255)) - client-A5BCC62C3543->912a7d3b-e3f1-4985-b06b-5f0a929b8060: receive RaftClientReply:client-A5BCC62C3543->912a7d3b-e3f1-4985-b06b-5f0a929b8060@group-3636E5E7603C, cid=1620, SUCCESS, logIndex=2342, commits[912a7d3b-e3f1-4985-b06b-5f0a929b8060:c2343]
2019-07-13 08:32:28,560 INFO  client.GrpcClientProtocolClient (GrpcClientProtocolClient.java:onNext(255)) - client-A5BCC62C3543->912a7d3b-e3f1-4985-b06b-5f0a929b8060: receive RaftClientReply:client-A5BCC62C3543->912a7d3b-e3f1-4985-b06b-5f0a929b8060@group-3636E5E7603C, cid=1621, SUCCESS, logIndex=2344, commits[912a7d3b-e3f1-4985-b06b-5f0a929b8060:c2345]
2019-07-13 08:32:28,561 INFO  client.GrpcClientProtocolClient (GrpcClientProtocolClient.java:onNext(255)) - client-A5BCC62C3543->912a7d3b-e3f1-4985-b06b-5f0a929b8060: receive RaftClientReply:client-A5BCC62C3543->912a7d3b-e3f1-4985-b06b-5f0a929b8060@group-3636E5E7603C, cid=1622, SUCCESS, logIndex=2345, commits[912a7d3b-e3f1-4985-b06b-5f0a929b8060:c2347]
2019-07-13 08:32:28,561 INFO  client.GrpcClientProtocolClient (GrpcClientProtocolClient.java:onNext(255)) - client-A5BCC62C3543->912a7d3b-e3f1-4985-b06b-5f0a929b8060: receive RaftClientReply:client-A5BCC62C3543->912a7d3b-e3f1-4985-b06b-5f0a929b8060@group-3636E5E7603C, cid=1623, SUCCESS, logIndex=2346, commits[912a7d3b-e3f1-4985-b06b-5f0a929b8060:c2348]
2019-07-13 08:32:28,561 INFO  client.GrpcClientProtocolClient (GrpcClientProtocolClient.java:onNext(255)) - client-A5BCC62C3543->912a7d3b-e3f1-4985-b06b-5f0a929b8060: receive RaftClientReply:client-A5BCC62C3543->912a7d3b-e3f1-4985-b06b-5f0a929b8060@group-3636E5E7603C, cid=1624, SUCCESS, logIndex=2347, commits[912a7d3b-e3f1-4985-b06b-5f0a929b8060:c2348]
2019-07-13 08:32:28,589 INFO  client.GrpcClientProtocolClient (GrpcClientProtocolClient.java:onNext(255)) - client-A5BCC62C3543->912a7d3b-e3f1-4985-b06b-5f0a929b8060: receive RaftClientReply:client-A5BCC62C3543->912a7d3b-e3f1-4985-b06b-5f0a929b8060@group-3636E5E7603C, cid=1625, SUCCESS, logIndex=2350, commits[912a7d3b-e3f1-4985-b06b-5f0a929b8060:c2351]
2019-07-13 08:32:28,590 INFO  client.GrpcClientProtocolClient (GrpcClientProtocolClient.java:onNext(255)) - client-A5BCC62C3543->912a7d3b-e3f1-4985-b06b-5f0a929b8060: receive RaftClientReply:client-A5BCC62C3543->912a7d3b-e3f1-4985-b06b-5f0a929b8060@group-3636E5E7603C, cid=1626, SUCCESS, logIndex=2351, commits[912a7d3b-e3f1-4985-b06b-5f0a929b8060:c2353]
2019-07-13 08:32:28,590 INFO  client.GrpcClientProtocolClient (GrpcClientProtocolClient.java:onNext(255)) - client-A5BCC62C3543->912a7d3b-e3f1-4985-b06b-5f0a929b8060: receive RaftClientReply:client-A5BCC62C3543->912a7d3b-e3f1-4985-b06b-5f0a929b8060@group-3636E5E7603C, cid=1627, SUCCESS, logIndex=2352, commits[912a7d3b-e3f1-4985-b06b-5f0a929b8060:c2353]
2019-07-13 08:32:28,591 INFO  client.GrpcClientProtocolClient (GrpcClientProtocolClient.java:onNext(255)) - client-A5BCC62C3543->912a7d3b-e3f1-4985-b06b-5f0a929b8060: receive RaftClientReply:client-A5BCC62C3543->912a7d3b-e3f1-4985-b06b-5f0a929b8060@group-3636E5E7603C, cid=1628, SUCCESS, logIndex=2353, commits[912a7d3b-e3f1-4985-b06b-5f0a929b8060:c2354]
2019-07-13 08:32:28,612 INFO  client.GrpcClientProtocolClient (GrpcClientProtocolClient.java:onNext(255)) - client-A5BCC62C3543->912a7d3b-e3f1-4985-b06b-5f0a929b8060: receive RaftClientReply:client-A5BCC62C3543->912a7d3b-e3f1-4985-b06b-5f0a929b8060@group-3636E5E7603C, cid=1629, SUCCESS, logIndex=2356, commits[912a7d3b-e3f1-4985-b06b-5f0a929b8060:c2359]
2019-07-13 08:32:28,612 INFO  client.GrpcClientProtocolClient (GrpcClientProtocolClient.java:onNext(255)) - client-A5BCC62C3543->912a7d3b-e3f1-4985-b06b-5f0a929b8060: receive RaftClientReply:client-A5BCC62C3543->912a7d3b-e3f1-4985-b06b-5f0a929b8060@group-3636E5E7603C, cid=1630, SUCCESS, logIndex=2357, commits[912a7d3b-e3f1-4985-b06b-5f0a929b8060:c2359]
2019-07-13 08:32:28,612 INFO  client.GrpcClientProtocolClient (GrpcClientProtocolClient.java:onNext(255)) - client-A5BCC62C3543->912a7d3b-e3f1-4985-b06b-5f0a929b8060: receive RaftClientReply:client-A5BCC62C3543->912a7d3b-e3f1-4985-b06b-5f0a929b8060@group-3636E5E7603C, cid=1631, SUCCESS, logIndex=2358, commits[912a7d3b-e3f1-4985-b06b-5f0a929b8060:c2360]
2019-07-13 08:32:28,613 INFO  client.GrpcClientProtocolClient (GrpcClientProtocolClient.java:onNext(255)) - client-A5BCC62C3543->912a7d3b-e3f1-4985-b06b-5f0a929b8060: receive RaftClientReply:client-A5BCC62C3543->912a7d3b-e3f1-4985-b06b-5f0a929b8060@group-3636E5E7603C, cid=1632, SUCCESS, logIndex=2359, commits[912a7d3b-e3f1-4985-b06b-5f0a929b8060:c2360]
2019-07-13 08:32:28,626 DEBUG block.SCMBlockDeletingService (SCMBlockDeletingService.java:call(138)) - Running DeletedBlockTransactionScanner
2019-07-13 08:32:28,627 DEBUG block.SCMBlockDeletingService (SCMBlockDeletingService.java:call(155)) - Scanned deleted blocks log and got 0 delTX to process.
2019-07-13 08:32:28,643 INFO  client.GrpcClientProtocolClient (GrpcClientProtocolClient.java:onNext(255)) - client-A5BCC62C3543->912a7d3b-e3f1-4985-b06b-5f0a929b8060: receive RaftClientReply:client-A5BCC62C3543->912a7d3b-e3f1-4985-b06b-5f0a929b8060@group-3636E5E7603C, cid=1633, SUCCESS, logIndex=2361, commits[912a7d3b-e3f1-4985-b06b-5f0a929b8060:c2362]
2019-07-13 08:32:28,644 INFO  client.GrpcClientProtocolClient (GrpcClientProtocolClient.java:onNext(255)) - client-A5BCC62C3543->912a7d3b-e3f1-4985-b06b-5f0a929b8060: receive RaftClientReply:client-A5BCC62C3543->912a7d3b-e3f1-4985-b06b-5f0a929b8060@group-3636E5E7603C, cid=1634, SUCCESS, logIndex=2362, commits[912a7d3b-e3f1-4985-b06b-5f0a929b8060:c2363]
2019-07-13 08:32:28,727 DEBUG block.SCMBlockDeletingService (SCMBlockDeletingService.java:call(138)) - Running DeletedBlockTransactionScanner
2019-07-13 08:32:28,727 DEBUG block.SCMBlockDeletingService (SCMBlockDeletingService.java:call(155)) - Scanned deleted blocks log and got 0 delTX to process.
2019-07-13 08:32:28,732 INFO  client.GrpcClientProtocolClient (GrpcClientProtocolClient.java:onNext(255)) - client-A5BCC62C3543->912a7d3b-e3f1-4985-b06b-5f0a929b8060: receive RaftClientReply:client-A5BCC62C3543->912a7d3b-e3f1-4985-b06b-5f0a929b8060@group-3636E5E7603C, cid=1635, SUCCESS, logIndex=2364, commits[912a7d3b-e3f1-4985-b06b-5f0a929b8060:c2365]
2019-07-13 08:32:28,733 INFO  client.GrpcClientProtocolClient (GrpcClientProtocolClient.java:onNext(255)) - client-A5BCC62C3543->912a7d3b-e3f1-4985-b06b-5f0a929b8060: receive RaftClientReply:client-A5BCC62C3543->912a7d3b-e3f1-4985-b06b-5f0a929b8060@group-3636E5E7603C, cid=1636, SUCCESS, logIndex=2365, commits[912a7d3b-e3f1-4985-b06b-5f0a929b8060:c2366]
2019-07-13 08:32:28,795 INFO  client.GrpcClientProtocolClient (GrpcClientProtocolClient.java:onNext(255)) - client-A5BCC62C3543->912a7d3b-e3f1-4985-b06b-5f0a929b8060: receive RaftClientReply:client-A5BCC62C3543->912a7d3b-e3f1-4985-b06b-5f0a929b8060@group-3636E5E7603C, cid=1637, SUCCESS, logIndex=2367, commits[912a7d3b-e3f1-4985-b06b-5f0a929b8060:c2368]
2019-07-13 08:32:28,796 INFO  client.GrpcClientProtocolClient (GrpcClientProtocolClient.java:onNext(255)) - client-A5BCC62C3543->912a7d3b-e3f1-4985-b06b-5f0a929b8060: receive RaftClientReply:client-A5BCC62C3543->912a7d3b-e3f1-4985-b06b-5f0a929b8060@group-3636E5E7603C, cid=1638, SUCCESS, logIndex=2368, commits[912a7d3b-e3f1-4985-b06b-5f0a929b8060:c2368]
2019-07-13 08:32:28,797 INFO  client.GrpcClientProtocolClient (GrpcClientProtocolClient.java:onNext(255)) - client-A5BCC62C3543->912a7d3b-e3f1-4985-b06b-5f0a929b8060: receive RaftClientReply:client-A5BCC62C3543->912a7d3b-e3f1-4985-b06b-5f0a929b8060@group-3636E5E7603C, cid=1639, SUCCESS, logIndex=2369, commits[912a7d3b-e3f1-4985-b06b-5f0a929b8060:c2370]
2019-07-13 08:32:28,798 INFO  client.GrpcClientProtocolClient (GrpcClientProtocolClient.java:onNext(255)) - client-A5BCC62C3543->912a7d3b-e3f1-4985-b06b-5f0a929b8060: receive RaftClientReply:client-A5BCC62C3543->912a7d3b-e3f1-4985-b06b-5f0a929b8060@group-3636E5E7603C, cid=1640, SUCCESS, logIndex=2370, commits[912a7d3b-e3f1-4985-b06b-5f0a929b8060:c2370]
2019-07-13 08:32:28,828 DEBUG block.SCMBlockDeletingService (SCMBlockDeletingService.java:call(138)) - Running DeletedBlockTransactionScanner
2019-07-13 08:32:28,828 DEBUG block.SCMBlockDeletingService (SCMBlockDeletingService.java:call(155)) - Scanned deleted blocks log and got 0 delTX to process.
2019-07-13 08:32:28,837 INFO  client.GrpcClientProtocolClient (GrpcClientProtocolClient.java:onNext(255)) - client-A5BCC62C3543->912a7d3b-e3f1-4985-b06b-5f0a929b8060: receive RaftClientReply:client-A5BCC62C3543->912a7d3b-e3f1-4985-b06b-5f0a929b8060@group-3636E5E7603C, cid=1641, SUCCESS, logIndex=2373, commits[912a7d3b-e3f1-4985-b06b-5f0a929b8060:c2374]
2019-07-13 08:32:28,838 INFO  client.GrpcClientProtocolClient (GrpcClientProtocolClient.java:onNext(255)) - client-A5BCC62C3543->912a7d3b-e3f1-4985-b06b-5f0a929b8060: receive RaftClientReply:client-A5BCC62C3543->912a7d3b-e3f1-4985-b06b-5f0a929b8060@group-3636E5E7603C, cid=1642, SUCCESS, logIndex=2374, commits[912a7d3b-e3f1-4985-b06b-5f0a929b8060:c2376]
2019-07-13 08:32:28,838 INFO  client.GrpcClientProtocolClient (GrpcClientProtocolClient.java:onNext(255)) - client-A5BCC62C3543->912a7d3b-e3f1-4985-b06b-5f0a929b8060: receive RaftClientReply:client-A5BCC62C3543->912a7d3b-e3f1-4985-b06b-5f0a929b8060@group-3636E5E7603C, cid=1643, SUCCESS, logIndex=2375, commits[912a7d3b-e3f1-4985-b06b-5f0a929b8060:c2377]
2019-07-13 08:32:28,839 INFO  client.GrpcClientProtocolClient (GrpcClientProtocolClient.java:onNext(255)) - client-A5BCC62C3543->912a7d3b-e3f1-4985-b06b-5f0a929b8060: receive RaftClientReply:client-A5BCC62C3543->912a7d3b-e3f1-4985-b06b-5f0a929b8060@group-3636E5E7603C, cid=1644, SUCCESS, logIndex=2376, commits[912a7d3b-e3f1-4985-b06b-5f0a929b8060:c2378]
2019-07-13 08:32:28,861 INFO  client.GrpcClientProtocolClient (GrpcClientProtocolClient.java:onNext(255)) - client-A5BCC62C3543->912a7d3b-e3f1-4985-b06b-5f0a929b8060: receive RaftClientReply:client-A5BCC62C3543->912a7d3b-e3f1-4985-b06b-5f0a929b8060@group-3636E5E7603C, cid=1645, SUCCESS, logIndex=2379, commits[912a7d3b-e3f1-4985-b06b-5f0a929b8060:c2380]
2019-07-13 08:32:28,861 INFO  client.GrpcClientProtocolClient (GrpcClientProtocolClient.java:onNext(255)) - client-A5BCC62C3543->912a7d3b-e3f1-4985-b06b-5f0a929b8060: receive RaftClientReply:client-A5BCC62C3543->912a7d3b-e3f1-4985-b06b-5f0a929b8060@group-3636E5E7603C, cid=1646, SUCCESS, logIndex=2380, commits[912a7d3b-e3f1-4985-b06b-5f0a929b8060:c2382]
2019-07-13 08:32:28,861 INFO  client.GrpcClientProtocolClient (GrpcClientProtocolClient.java:onNext(255)) - client-A5BCC62C3543->912a7d3b-e3f1-4985-b06b-5f0a929b8060: receive RaftClientReply:client-A5BCC62C3543->912a7d3b-e3f1-4985-b06b-5f0a929b8060@group-3636E5E7603C, cid=1647, SUCCESS, logIndex=2381, commits[912a7d3b-e3f1-4985-b06b-5f0a929b8060:c2383]
2019-07-13 08:32:28,862 INFO  client.GrpcClientProtocolClient (GrpcClientProtocolClient.java:onNext(255)) - client-A5BCC62C3543->912a7d3b-e3f1-4985-b06b-5f0a929b8060: receive RaftClientReply:client-A5BCC62C3543->912a7d3b-e3f1-4985-b06b-5f0a929b8060@group-3636E5E7603C, cid=1648, SUCCESS, logIndex=2382, commits[912a7d3b-e3f1-4985-b06b-5f0a929b8060:c2384]
2019-07-13 08:32:28,892 INFO  client.GrpcClientProtocolClient (GrpcClientProtocolClient.java:onNext(255)) - client-A5BCC62C3543->912a7d3b-e3f1-4985-b06b-5f0a929b8060: receive RaftClientReply:client-A5BCC62C3543->912a7d3b-e3f1-4985-b06b-5f0a929b8060@group-3636E5E7603C, cid=1649, SUCCESS, logIndex=2385, commits[912a7d3b-e3f1-4985-b06b-5f0a929b8060:c2386]
2019-07-13 08:32:28,892 INFO  client.GrpcClientProtocolClient (GrpcClientProtocolClient.java:onNext(255)) - client-A5BCC62C3543->912a7d3b-e3f1-4985-b06b-5f0a929b8060: receive RaftClientReply:client-A5BCC62C3543->912a7d3b-e3f1-4985-b06b-5f0a929b8060@group-3636E5E7603C, cid=1650, SUCCESS, logIndex=2386, commits[912a7d3b-e3f1-4985-b06b-5f0a929b8060:c2388]
2019-07-13 08:32:28,893 INFO  client.GrpcClientProtocolClient (GrpcClientProtocolClient.java:onNext(255)) - client-A5BCC62C3543->912a7d3b-e3f1-4985-b06b-5f0a929b8060: receive RaftClientReply:client-A5BCC62C3543->912a7d3b-e3f1-4985-b06b-5f0a929b8060@group-3636E5E7603C, cid=1651, SUCCESS, logIndex=2387, commits[912a7d3b-e3f1-4985-b06b-5f0a929b8060:c2389]
2019-07-13 08:32:28,893 INFO  client.GrpcClientProtocolClient (GrpcClientProtocolClient.java:onNext(255)) - client-A5BCC62C3543->912a7d3b-e3f1-4985-b06b-5f0a929b8060: receive RaftClientReply:client-A5BCC62C3543->912a7d3b-e3f1-4985-b06b-5f0a929b8060@group-3636E5E7603C, cid=1652, SUCCESS, logIndex=2388, commits[912a7d3b-e3f1-4985-b06b-5f0a929b8060:c2390]
2019-07-13 08:32:28,915 INFO  client.GrpcClientProtocolClient (GrpcClientProtocolClient.java:onNext(255)) - client-A5BCC62C3543->912a7d3b-e3f1-4985-b06b-5f0a929b8060: receive RaftClientReply:client-A5BCC62C3543->912a7d3b-e3f1-4985-b06b-5f0a929b8060@group-3636E5E7603C, cid=1653, SUCCESS, logIndex=2391, commits[912a7d3b-e3f1-4985-b06b-5f0a929b8060:c2392]
2019-07-13 08:32:28,915 INFO  client.GrpcClientProtocolClient (GrpcClientProtocolClient.java:onNext(255)) - client-A5BCC62C3543->912a7d3b-e3f1-4985-b06b-5f0a929b8060: receive RaftClientReply:client-A5BCC62C3543->912a7d3b-e3f1-4985-b06b-5f0a929b8060@group-3636E5E7603C, cid=1654, SUCCESS, logIndex=2392, commits[912a7d3b-e3f1-4985-b06b-5f0a929b8060:c2394]
2019-07-13 08:32:28,916 INFO  client.GrpcClientProtocolClient (GrpcClientProtocolClient.java:onNext(255)) - client-A5BCC62C3543->912a7d3b-e3f1-4985-b06b-5f0a929b8060: receive RaftClientReply:client-A5BCC62C3543->912a7d3b-e3f1-4985-b06b-5f0a929b8060@group-3636E5E7603C, cid=1655, SUCCESS, logIndex=2393, commits[912a7d3b-e3f1-4985-b06b-5f0a929b8060:c2395]
2019-07-13 08:32:28,916 INFO  client.GrpcClientProtocolClient (GrpcClientProtocolClient.java:onNext(255)) - client-A5BCC62C3543->912a7d3b-e3f1-4985-b06b-5f0a929b8060: receive RaftClientReply:client-A5BCC62C3543->912a7d3b-e3f1-4985-b06b-5f0a929b8060@group-3636E5E7603C, cid=1656, SUCCESS, logIndex=2394, commits[912a7d3b-e3f1-4985-b06b-5f0a929b8060:c2395]
2019-07-13 08:32:28,928 DEBUG block.SCMBlockDeletingService (SCMBlockDeletingService.java:call(138)) - Running DeletedBlockTransactionScanner
2019-07-13 08:32:28,929 DEBUG block.SCMBlockDeletingService (SCMBlockDeletingService.java:call(155)) - Scanned deleted blocks log and got 0 delTX to process.
2019-07-13 08:32:28,944 INFO  client.GrpcClientProtocolClient (GrpcClientProtocolClient.java:onNext(255)) - client-A5BCC62C3543->912a7d3b-e3f1-4985-b06b-5f0a929b8060: receive RaftClientReply:client-A5BCC62C3543->912a7d3b-e3f1-4985-b06b-5f0a929b8060@group-3636E5E7603C, cid=1657, SUCCESS, logIndex=2397, commits[912a7d3b-e3f1-4985-b06b-5f0a929b8060:c2398]
2019-07-13 08:32:28,945 INFO  client.GrpcClientProtocolClient (GrpcClientProtocolClient.java:onNext(255)) - client-A5BCC62C3543->912a7d3b-e3f1-4985-b06b-5f0a929b8060: receive RaftClientReply:client-A5BCC62C3543->912a7d3b-e3f1-4985-b06b-5f0a929b8060@group-3636E5E7603C, cid=1658, SUCCESS, logIndex=2398, commits[912a7d3b-e3f1-4985-b06b-5f0a929b8060:c2398]
2019-07-13 08:32:28,953 INFO  client.GrpcClientProtocolClient (GrpcClientProtocolClient.java:onNext(255)) - client-A5BCC62C3543->912a7d3b-e3f1-4985-b06b-5f0a929b8060: receive RaftClientReply:client-A5BCC62C3543->912a7d3b-e3f1-4985-b06b-5f0a929b8060@group-3636E5E7603C, cid=1659, SUCCESS, logIndex=2399, commits[912a7d3b-e3f1-4985-b06b-5f0a929b8060:c2400]
2019-07-13 08:32:28,953 INFO  client.GrpcClientProtocolClient (GrpcClientProtocolClient.java:onNext(255)) - client-A5BCC62C3543->912a7d3b-e3f1-4985-b06b-5f0a929b8060: receive RaftClientReply:client-A5BCC62C3543->912a7d3b-e3f1-4985-b06b-5f0a929b8060@group-3636E5E7603C, cid=1660, SUCCESS, logIndex=2400, commits[912a7d3b-e3f1-4985-b06b-5f0a929b8060:c2401]
2019-07-13 08:32:28,974 INFO  client.GrpcClientProtocolClient (GrpcClientProtocolClient.java:onNext(255)) - client-A5BCC62C3543->912a7d3b-e3f1-4985-b06b-5f0a929b8060: receive RaftClientReply:client-A5BCC62C3543->912a7d3b-e3f1-4985-b06b-5f0a929b8060@group-3636E5E7603C, cid=1661, SUCCESS, logIndex=2403, commits[912a7d3b-e3f1-4985-b06b-5f0a929b8060:c2404]
2019-07-13 08:32:28,974 INFO  client.GrpcClientProtocolClient (GrpcClientProtocolClient.java:onNext(255)) - client-A5BCC62C3543->912a7d3b-e3f1-4985-b06b-5f0a929b8060: receive RaftClientReply:client-A5BCC62C3543->912a7d3b-e3f1-4985-b06b-5f0a929b8060@group-3636E5E7603C, cid=1662, SUCCESS, logIndex=2404, commits[912a7d3b-e3f1-4985-b06b-5f0a929b8060:c2407]
2019-07-13 08:32:28,974 INFO  client.GrpcClientProtocolClient (GrpcClientProtocolClient.java:onNext(255)) - client-A5BCC62C3543->912a7d3b-e3f1-4985-b06b-5f0a929b8060: receive RaftClientReply:client-A5BCC62C3543->912a7d3b-e3f1-4985-b06b-5f0a929b8060@group-3636E5E7603C, cid=1663, SUCCESS, logIndex=2405, commits[912a7d3b-e3f1-4985-b06b-5f0a929b8060:c2407]
2019-07-13 08:32:28,975 INFO  client.GrpcClientProtocolClient (GrpcClientProtocolClient.java:onNext(255)) - client-A5BCC62C3543->912a7d3b-e3f1-4985-b06b-5f0a929b8060: receive RaftClientReply:client-A5BCC62C3543->912a7d3b-e3f1-4985-b06b-5f0a929b8060@group-3636E5E7603C, cid=1664, SUCCESS, logIndex=2406, commits[912a7d3b-e3f1-4985-b06b-5f0a929b8060:c2408]
2019-07-13 08:32:29,004 INFO  client.GrpcClientProtocolClient (GrpcClientProtocolClient.java:onNext(255)) - client-A5BCC62C3543->912a7d3b-e3f1-4985-b06b-5f0a929b8060: receive RaftClientReply:client-A5BCC62C3543->912a7d3b-e3f1-4985-b06b-5f0a929b8060@group-3636E5E7603C, cid=1665, SUCCESS, logIndex=2409, commits[912a7d3b-e3f1-4985-b06b-5f0a929b8060:c2410]
2019-07-13 08:32:29,004 INFO  client.GrpcClientProtocolClient (GrpcClientProtocolClient.java:onNext(255)) - client-A5BCC62C3543->912a7d3b-e3f1-4985-b06b-5f0a929b8060: receive RaftClientReply:client-A5BCC62C3543->912a7d3b-e3f1-4985-b06b-5f0a929b8060@group-3636E5E7603C, cid=1666, SUCCESS, logIndex=2410, commits[912a7d3b-e3f1-4985-b06b-5f0a929b8060:c2412]
2019-07-13 08:32:29,005 INFO  client.GrpcClientProtocolClient (GrpcClientProtocolClient.java:onNext(255)) - client-A5BCC62C3543->912a7d3b-e3f1-4985-b06b-5f0a929b8060: receive RaftClientReply:client-A5BCC62C3543->912a7d3b-e3f1-4985-b06b-5f0a929b8060@group-3636E5E7603C, cid=1667, SUCCESS, logIndex=2411, commits[912a7d3b-e3f1-4985-b06b-5f0a929b8060:c2413]
2019-07-13 08:32:29,005 INFO  client.GrpcClientProtocolClient (GrpcClientProtocolClient.java:onNext(255)) - client-A5BCC62C3543->912a7d3b-e3f1-4985-b06b-5f0a929b8060: receive RaftClientReply:client-A5BCC62C3543->912a7d3b-e3f1-4985-b06b-5f0a929b8060@group-3636E5E7603C, cid=1668, SUCCESS, logIndex=2412, commits[912a7d3b-e3f1-4985-b06b-5f0a929b8060:c2413]
2019-07-13 08:32:29,024 INFO  client.GrpcClientProtocolClient (GrpcClientProtocolClient.java:onNext(255)) - client-A5BCC62C3543->912a7d3b-e3f1-4985-b06b-5f0a929b8060: receive RaftClientReply:client-A5BCC62C3543->912a7d3b-e3f1-4985-b06b-5f0a929b8060@group-3636E5E7603C, cid=1669, SUCCESS, logIndex=2415, commits[912a7d3b-e3f1-4985-b06b-5f0a929b8060:c2416]
2019-07-13 08:32:29,024 INFO  client.GrpcClientProtocolClient (GrpcClientProtocolClient.java:onNext(255)) - client-A5BCC62C3543->912a7d3b-e3f1-4985-b06b-5f0a929b8060: receive RaftClientReply:client-A5BCC62C3543->912a7d3b-e3f1-4985-b06b-5f0a929b8060@group-3636E5E7603C, cid=1670, SUCCESS, logIndex=2416, commits[912a7d3b-e3f1-4985-b06b-5f0a929b8060:c2418]
2019-07-13 08:32:29,024 INFO  client.GrpcClientProtocolClient (GrpcClientProtocolClient.java:onNext(255)) - client-A5BCC62C3543->912a7d3b-e3f1-4985-b06b-5f0a929b8060: receive RaftClientReply:client-A5BCC62C3543->912a7d3b-e3f1-4985-b06b-5f0a929b8060@group-3636E5E7603C, cid=1671, SUCCESS, logIndex=2417, commits[912a7d3b-e3f1-4985-b06b-5f0a929b8060:c2418]
2019-07-13 08:32:29,025 INFO  client.GrpcClientProtocolClient (GrpcClientProtocolClient.java:onNext(255)) - client-A5BCC62C3543->912a7d3b-e3f1-4985-b06b-5f0a929b8060: receive RaftClientReply:client-A5BCC62C3543->912a7d3b-e3f1-4985-b06b-5f0a929b8060@group-3636E5E7603C, cid=1672, SUCCESS, logIndex=2418, commits[912a7d3b-e3f1-4985-b06b-5f0a929b8060:c2419]
2019-07-13 08:32:29,029 DEBUG block.SCMBlockDeletingService (SCMBlockDeletingService.java:call(138)) - Running DeletedBlockTransactionScanner
2019-07-13 08:32:29,030 DEBUG block.SCMBlockDeletingService (SCMBlockDeletingService.java:call(155)) - Scanned deleted blocks log and got 0 delTX to process.
2019-07-13 08:32:29,052 INFO  client.GrpcClientProtocolClient (GrpcClientProtocolClient.java:onNext(255)) - client-A5BCC62C3543->912a7d3b-e3f1-4985-b06b-5f0a929b8060: receive RaftClientReply:client-A5BCC62C3543->912a7d3b-e3f1-4985-b06b-5f0a929b8060@group-3636E5E7603C, cid=1673, SUCCESS, logIndex=2421, commits[912a7d3b-e3f1-4985-b06b-5f0a929b8060:c2422]
2019-07-13 08:32:29,052 INFO  client.GrpcClientProtocolClient (GrpcClientProtocolClient.java:onNext(255)) - client-A5BCC62C3543->912a7d3b-e3f1-4985-b06b-5f0a929b8060: receive RaftClientReply:client-A5BCC62C3543->912a7d3b-e3f1-4985-b06b-5f0a929b8060@group-3636E5E7603C, cid=1674, SUCCESS, logIndex=2422, commits[912a7d3b-e3f1-4985-b06b-5f0a929b8060:c2424]
2019-07-13 08:32:29,053 INFO  client.GrpcClientProtocolClient (GrpcClientProtocolClient.java:onNext(255)) - client-A5BCC62C3543->912a7d3b-e3f1-4985-b06b-5f0a929b8060: receive RaftClientReply:client-A5BCC62C3543->912a7d3b-e3f1-4985-b06b-5f0a929b8060@group-3636E5E7603C, cid=1675, SUCCESS, logIndex=2423, commits[912a7d3b-e3f1-4985-b06b-5f0a929b8060:c2425]
2019-07-13 08:32:29,053 INFO  client.GrpcClientProtocolClient (GrpcClientProtocolClient.java:onNext(255)) - client-A5BCC62C3543->912a7d3b-e3f1-4985-b06b-5f0a929b8060: receive RaftClientReply:client-A5BCC62C3543->912a7d3b-e3f1-4985-b06b-5f0a929b8060@group-3636E5E7603C, cid=1676, SUCCESS, logIndex=2424, commits[912a7d3b-e3f1-4985-b06b-5f0a929b8060:c2426]
2019-07-13 08:32:29,076 INFO  client.GrpcClientProtocolClient (GrpcClientProtocolClient.java:onNext(255)) - client-A5BCC62C3543->912a7d3b-e3f1-4985-b06b-5f0a929b8060: receive RaftClientReply:client-A5BCC62C3543->912a7d3b-e3f1-4985-b06b-5f0a929b8060@group-3636E5E7603C, cid=1677, SUCCESS, logIndex=2427, commits[912a7d3b-e3f1-4985-b06b-5f0a929b8060:c2428]
2019-07-13 08:32:29,076 INFO  client.GrpcClientProtocolClient (GrpcClientProtocolClient.java:onNext(255)) - client-A5BCC62C3543->912a7d3b-e3f1-4985-b06b-5f0a929b8060: receive RaftClientReply:client-A5BCC62C3543->912a7d3b-e3f1-4985-b06b-5f0a929b8060@group-3636E5E7603C, cid=1678, SUCCESS, logIndex=2428, commits[912a7d3b-e3f1-4985-b06b-5f0a929b8060:c2429]
2019-07-13 08:32:29,130 DEBUG block.SCMBlockDeletingService (SCMBlockDeletingService.java:call(138)) - Running DeletedBlockTransactionScanner
2019-07-13 08:32:29,130 DEBUG block.SCMBlockDeletingService (SCMBlockDeletingService.java:call(155)) - Scanned deleted blocks log and got 0 delTX to process.
2019-07-13 08:32:29,190 INFO  client.GrpcClientProtocolClient (GrpcClientProtocolClient.java:onNext(255)) - client-A5BCC62C3543->912a7d3b-e3f1-4985-b06b-5f0a929b8060: receive RaftClientReply:client-A5BCC62C3543->912a7d3b-e3f1-4985-b06b-5f0a929b8060@group-3636E5E7603C, cid=1679, SUCCESS, logIndex=2430, commits[912a7d3b-e3f1-4985-b06b-5f0a929b8060:c2431]
2019-07-13 08:32:29,191 INFO  client.GrpcClientProtocolClient (GrpcClientProtocolClient.java:onNext(255)) - client-A5BCC62C3543->912a7d3b-e3f1-4985-b06b-5f0a929b8060: receive RaftClientReply:client-A5BCC62C3543->912a7d3b-e3f1-4985-b06b-5f0a929b8060@group-3636E5E7603C, cid=1680, SUCCESS, logIndex=2431, commits[912a7d3b-e3f1-4985-b06b-5f0a929b8060:c2432]
2019-07-13 08:32:29,220 INFO  client.GrpcClientProtocolClient (GrpcClientProtocolClient.java:onNext(255)) - client-A5BCC62C3543->912a7d3b-e3f1-4985-b06b-5f0a929b8060: receive RaftClientReply:client-A5BCC62C3543->912a7d3b-e3f1-4985-b06b-5f0a929b8060@group-3636E5E7603C, cid=1681, SUCCESS, logIndex=2433, commits[912a7d3b-e3f1-4985-b06b-5f0a929b8060:c2434]
2019-07-13 08:32:29,221 INFO  client.GrpcClientProtocolClient (GrpcClientProtocolClient.java:onNext(255)) - client-A5BCC62C3543->912a7d3b-e3f1-4985-b06b-5f0a929b8060: receive RaftClientReply:client-A5BCC62C3543->912a7d3b-e3f1-4985-b06b-5f0a929b8060@group-3636E5E7603C, cid=1682, SUCCESS, logIndex=2434, commits[912a7d3b-e3f1-4985-b06b-5f0a929b8060:c2434]
2019-07-13 08:32:29,222 INFO  client.GrpcClientProtocolClient (GrpcClientProtocolClient.java:onNext(255)) - client-A5BCC62C3543->912a7d3b-e3f1-4985-b06b-5f0a929b8060: receive RaftClientReply:client-A5BCC62C3543->912a7d3b-e3f1-4985-b06b-5f0a929b8060@group-3636E5E7603C, cid=1683, SUCCESS, logIndex=2435, commits[912a7d3b-e3f1-4985-b06b-5f0a929b8060:c2436]
2019-07-13 08:32:29,223 INFO  client.GrpcClientProtocolClient (GrpcClientProtocolClient.java:onNext(255)) - client-A5BCC62C3543->912a7d3b-e3f1-4985-b06b-5f0a929b8060: receive RaftClientReply:client-A5BCC62C3543->912a7d3b-e3f1-4985-b06b-5f0a929b8060@group-3636E5E7603C, cid=1684, SUCCESS, logIndex=2436, commits[912a7d3b-e3f1-4985-b06b-5f0a929b8060:c2436]
2019-07-13 08:32:29,231 DEBUG block.SCMBlockDeletingService (SCMBlockDeletingService.java:call(138)) - Running DeletedBlockTransactionScanner
2019-07-13 08:32:29,231 DEBUG block.SCMBlockDeletingService (SCMBlockDeletingService.java:call(155)) - Scanned deleted blocks log and got 0 delTX to process.
2019-07-13 08:32:29,246 INFO  client.GrpcClientProtocolClient (GrpcClientProtocolClient.java:onNext(255)) - client-A5BCC62C3543->912a7d3b-e3f1-4985-b06b-5f0a929b8060: receive RaftClientReply:client-A5BCC62C3543->912a7d3b-e3f1-4985-b06b-5f0a929b8060@group-3636E5E7603C, cid=1685, SUCCESS, logIndex=2439, commits[912a7d3b-e3f1-4985-b06b-5f0a929b8060:c2442]
2019-07-13 08:32:29,247 INFO  client.GrpcClientProtocolClient (GrpcClientProtocolClient.java:onNext(255)) - client-A5BCC62C3543->912a7d3b-e3f1-4985-b06b-5f0a929b8060: receive RaftClientReply:client-A5BCC62C3543->912a7d3b-e3f1-4985-b06b-5f0a929b8060@group-3636E5E7603C, cid=1686, SUCCESS, logIndex=2440, commits[912a7d3b-e3f1-4985-b06b-5f0a929b8060:c2443]
2019-07-13 08:32:29,247 INFO  client.GrpcClientProtocolClient (GrpcClientProtocolClient.java:onNext(255)) - client-A5BCC62C3543->912a7d3b-e3f1-4985-b06b-5f0a929b8060: receive RaftClientReply:client-A5BCC62C3543->912a7d3b-e3f1-4985-b06b-5f0a929b8060@group-3636E5E7603C, cid=1687, SUCCESS, logIndex=2441, commits[912a7d3b-e3f1-4985-b06b-5f0a929b8060:c2443]
2019-07-13 08:32:29,247 INFO  client.GrpcClientProtocolClient (GrpcClientProtocolClient.java:onNext(255)) - client-A5BCC62C3543->912a7d3b-e3f1-4985-b06b-5f0a929b8060: receive RaftClientReply:client-A5BCC62C3543->912a7d3b-e3f1-4985-b06b-5f0a929b8060@group-3636E5E7603C, cid=1688, SUCCESS, logIndex=2442, commits[912a7d3b-e3f1-4985-b06b-5f0a929b8060:c2443]
2019-07-13 08:32:29,276 INFO  client.GrpcClientProtocolClient (GrpcClientProtocolClient.java:onNext(255)) - client-A5BCC62C3543->912a7d3b-e3f1-4985-b06b-5f0a929b8060: receive RaftClientReply:client-A5BCC62C3543->912a7d3b-e3f1-4985-b06b-5f0a929b8060@group-3636E5E7603C, cid=1689, SUCCESS, logIndex=2444, commits[912a7d3b-e3f1-4985-b06b-5f0a929b8060:c2445]
2019-07-13 08:32:29,277 INFO  client.GrpcClientProtocolClient (GrpcClientProtocolClient.java:onNext(255)) - client-A5BCC62C3543->912a7d3b-e3f1-4985-b06b-5f0a929b8060: receive RaftClientReply:client-A5BCC62C3543->912a7d3b-e3f1-4985-b06b-5f0a929b8060@group-3636E5E7603C, cid=1690, SUCCESS, logIndex=2445, commits[912a7d3b-e3f1-4985-b06b-5f0a929b8060:c2447]
2019-07-13 08:32:29,277 INFO  client.GrpcClientProtocolClient (GrpcClientProtocolClient.java:onNext(255)) - client-A5BCC62C3543->912a7d3b-e3f1-4985-b06b-5f0a929b8060: receive RaftClientReply:client-A5BCC62C3543->912a7d3b-e3f1-4985-b06b-5f0a929b8060@group-3636E5E7603C, cid=1691, SUCCESS, logIndex=2446, commits[912a7d3b-e3f1-4985-b06b-5f0a929b8060:c2448]
2019-07-13 08:32:29,278 INFO  client.GrpcClientProtocolClient (GrpcClientProtocolClient.java:onNext(255)) - client-A5BCC62C3543->912a7d3b-e3f1-4985-b06b-5f0a929b8060: receive RaftClientReply:client-A5BCC62C3543->912a7d3b-e3f1-4985-b06b-5f0a929b8060@group-3636E5E7603C, cid=1692, SUCCESS, logIndex=2447, commits[912a7d3b-e3f1-4985-b06b-5f0a929b8060:c2449]
2019-07-13 08:32:29,299 INFO  client.GrpcClientProtocolClient (GrpcClientProtocolClient.java:onNext(255)) - client-A5BCC62C3543->912a7d3b-e3f1-4985-b06b-5f0a929b8060: receive RaftClientReply:client-A5BCC62C3543->912a7d3b-e3f1-4985-b06b-5f0a929b8060@group-3636E5E7603C, cid=1693, SUCCESS, logIndex=2450, commits[912a7d3b-e3f1-4985-b06b-5f0a929b8060:c2451]
2019-07-13 08:32:29,300 INFO  client.GrpcClientProtocolClient (GrpcClientProtocolClient.java:onNext(255)) - client-A5BCC62C3543->912a7d3b-e3f1-4985-b06b-5f0a929b8060: receive RaftClientReply:client-A5BCC62C3543->912a7d3b-e3f1-4985-b06b-5f0a929b8060@group-3636E5E7603C, cid=1694, SUCCESS, logIndex=2451, commits[912a7d3b-e3f1-4985-b06b-5f0a929b8060:c2451]
2019-07-13 08:32:29,301 INFO  client.GrpcClientProtocolClient (GrpcClientProtocolClient.java:onNext(255)) - client-A5BCC62C3543->912a7d3b-e3f1-4985-b06b-5f0a929b8060: receive RaftClientReply:client-A5BCC62C3543->912a7d3b-e3f1-4985-b06b-5f0a929b8060@group-3636E5E7603C, cid=1695, SUCCESS, logIndex=2452, commits[912a7d3b-e3f1-4985-b06b-5f0a929b8060:c2453]
2019-07-13 08:32:29,302 INFO  client.GrpcClientProtocolClient (GrpcClientProtocolClient.java:onNext(255)) - client-A5BCC62C3543->912a7d3b-e3f1-4985-b06b-5f0a929b8060: receive RaftClientReply:client-A5BCC62C3543->912a7d3b-e3f1-4985-b06b-5f0a929b8060@group-3636E5E7603C, cid=1696, SUCCESS, logIndex=2453, commits[912a7d3b-e3f1-4985-b06b-5f0a929b8060:c2453]
2019-07-13 08:32:29,331 DEBUG block.SCMBlockDeletingService (SCMBlockDeletingService.java:call(138)) - Running DeletedBlockTransactionScanner
2019-07-13 08:32:29,332 DEBUG block.SCMBlockDeletingService (SCMBlockDeletingService.java:call(155)) - Scanned deleted blocks log and got 0 delTX to process.
2019-07-13 08:32:29,333 INFO  client.GrpcClientProtocolClient (GrpcClientProtocolClient.java:onNext(255)) - client-A5BCC62C3543->912a7d3b-e3f1-4985-b06b-5f0a929b8060: receive RaftClientReply:client-A5BCC62C3543->912a7d3b-e3f1-4985-b06b-5f0a929b8060@group-3636E5E7603C, cid=1697, SUCCESS, logIndex=2456, commits[912a7d3b-e3f1-4985-b06b-5f0a929b8060:c2457]
2019-07-13 08:32:29,333 INFO  client.GrpcClientProtocolClient (GrpcClientProtocolClient.java:onNext(255)) - client-A5BCC62C3543->912a7d3b-e3f1-4985-b06b-5f0a929b8060: receive RaftClientReply:client-A5BCC62C3543->912a7d3b-e3f1-4985-b06b-5f0a929b8060@group-3636E5E7603C, cid=1698, SUCCESS, logIndex=2457, commits[912a7d3b-e3f1-4985-b06b-5f0a929b8060:c2457]
2019-07-13 08:32:29,335 INFO  client.GrpcClientProtocolClient (GrpcClientProtocolClient.java:onNext(255)) - client-A5BCC62C3543->912a7d3b-e3f1-4985-b06b-5f0a929b8060: receive RaftClientReply:client-A5BCC62C3543->912a7d3b-e3f1-4985-b06b-5f0a929b8060@group-3636E5E7603C, cid=1699, SUCCESS, logIndex=2458, commits[912a7d3b-e3f1-4985-b06b-5f0a929b8060:c2459]
2019-07-13 08:32:29,335 INFO  client.GrpcClientProtocolClient (GrpcClientProtocolClient.java:onNext(255)) - client-A5BCC62C3543->912a7d3b-e3f1-4985-b06b-5f0a929b8060: receive RaftClientReply:client-A5BCC62C3543->912a7d3b-e3f1-4985-b06b-5f0a929b8060@group-3636E5E7603C, cid=1700, SUCCESS, logIndex=2459, commits[912a7d3b-e3f1-4985-b06b-5f0a929b8060:c2459]
2019-07-13 08:32:29,348 INFO  client.GrpcClientProtocolClient (GrpcClientProtocolClient.java:onNext(255)) - client-A5BCC62C3543->912a7d3b-e3f1-4985-b06b-5f0a929b8060: receive RaftClientReply:client-A5BCC62C3543->912a7d3b-e3f1-4985-b06b-5f0a929b8060@group-3636E5E7603C, cid=1701, SUCCESS, logIndex=2462, commits[912a7d3b-e3f1-4985-b06b-5f0a929b8060:c2463]
2019-07-13 08:32:29,349 INFO  client.GrpcClientProtocolClient (GrpcClientProtocolClient.java:onNext(255)) - client-A5BCC62C3543->912a7d3b-e3f1-4985-b06b-5f0a929b8060: receive RaftClientReply:client-A5BCC62C3543->912a7d3b-e3f1-4985-b06b-5f0a929b8060@group-3636E5E7603C, cid=1702, SUCCESS, logIndex=2463, commits[912a7d3b-e3f1-4985-b06b-5f0a929b8060:c2463]
2019-07-13 08:32:29,360 INFO  client.GrpcClientProtocolClient (GrpcClientProtocolClient.java:onNext(255)) - client-A5BCC62C3543->912a7d3b-e3f1-4985-b06b-5f0a929b8060: receive RaftClientReply:client-A5BCC62C3543->912a7d3b-e3f1-4985-b06b-5f0a929b8060@group-3636E5E7603C, cid=1703, SUCCESS, logIndex=2464, commits[912a7d3b-e3f1-4985-b06b-5f0a929b8060:c2466]
2019-07-13 08:32:29,360 INFO  client.GrpcClientProtocolClient (GrpcClientProtocolClient.java:onNext(255)) - client-A5BCC62C3543->912a7d3b-e3f1-4985-b06b-5f0a929b8060: receive RaftClientReply:client-A5BCC62C3543->912a7d3b-e3f1-4985-b06b-5f0a929b8060@group-3636E5E7603C, cid=1704, SUCCESS, logIndex=2465, commits[912a7d3b-e3f1-4985-b06b-5f0a929b8060:c2466]
2019-07-13 08:32:29,390 INFO  client.GrpcClientProtocolClient (GrpcClientProtocolClient.java:onNext(255)) - client-A5BCC62C3543->912a7d3b-e3f1-4985-b06b-5f0a929b8060: receive RaftClientReply:client-A5BCC62C3543->912a7d3b-e3f1-4985-b06b-5f0a929b8060@group-3636E5E7603C, cid=1705, SUCCESS, logIndex=2467, commits[912a7d3b-e3f1-4985-b06b-5f0a929b8060:c2468]
2019-07-13 08:32:29,390 INFO  client.GrpcClientProtocolClient (GrpcClientProtocolClient.java:onNext(255)) - client-A5BCC62C3543->912a7d3b-e3f1-4985-b06b-5f0a929b8060: receive RaftClientReply:client-A5BCC62C3543->912a7d3b-e3f1-4985-b06b-5f0a929b8060@group-3636E5E7603C, cid=1706, SUCCESS, logIndex=2468, commits[912a7d3b-e3f1-4985-b06b-5f0a929b8060:c2470]
2019-07-13 08:32:29,391 INFO  client.GrpcClientProtocolClient (GrpcClientProtocolClient.java:onNext(255)) - client-A5BCC62C3543->912a7d3b-e3f1-4985-b06b-5f0a929b8060: receive RaftClientReply:client-A5BCC62C3543->912a7d3b-e3f1-4985-b06b-5f0a929b8060@group-3636E5E7603C, cid=1707, SUCCESS, logIndex=2469, commits[912a7d3b-e3f1-4985-b06b-5f0a929b8060:c2471]
2019-07-13 08:32:29,391 INFO  client.GrpcClientProtocolClient (GrpcClientProtocolClient.java:onNext(255)) - client-A5BCC62C3543->912a7d3b-e3f1-4985-b06b-5f0a929b8060: receive RaftClientReply:client-A5BCC62C3543->912a7d3b-e3f1-4985-b06b-5f0a929b8060@group-3636E5E7603C, cid=1708, SUCCESS, logIndex=2470, commits[912a7d3b-e3f1-4985-b06b-5f0a929b8060:c2472]
2019-07-13 08:32:29,412 INFO  client.GrpcClientProtocolClient (GrpcClientProtocolClient.java:onNext(255)) - client-A5BCC62C3543->912a7d3b-e3f1-4985-b06b-5f0a929b8060: receive RaftClientReply:client-A5BCC62C3543->912a7d3b-e3f1-4985-b06b-5f0a929b8060@group-3636E5E7603C, cid=1709, SUCCESS, logIndex=2473, commits[912a7d3b-e3f1-4985-b06b-5f0a929b8060:c2474]
2019-07-13 08:32:29,413 INFO  client.GrpcClientProtocolClient (GrpcClientProtocolClient.java:onNext(255)) - client-A5BCC62C3543->912a7d3b-e3f1-4985-b06b-5f0a929b8060: receive RaftClientReply:client-A5BCC62C3543->912a7d3b-e3f1-4985-b06b-5f0a929b8060@group-3636E5E7603C, cid=1710, SUCCESS, logIndex=2474, commits[912a7d3b-e3f1-4985-b06b-5f0a929b8060:c2474]
2019-07-13 08:32:29,415 INFO  client.GrpcClientProtocolClient (GrpcClientProtocolClient.java:onNext(255)) - client-A5BCC62C3543->912a7d3b-e3f1-4985-b06b-5f0a929b8060: receive RaftClientReply:client-A5BCC62C3543->912a7d3b-e3f1-4985-b06b-5f0a929b8060@group-3636E5E7603C, cid=1711, SUCCESS, logIndex=2475, commits[912a7d3b-e3f1-4985-b06b-5f0a929b8060:c2476]
2019-07-13 08:32:29,415 INFO  client.GrpcClientProtocolClient (GrpcClientProtocolClient.java:onNext(255)) - client-A5BCC62C3543->912a7d3b-e3f1-4985-b06b-5f0a929b8060: receive RaftClientReply:client-A5BCC62C3543->912a7d3b-e3f1-4985-b06b-5f0a929b8060@group-3636E5E7603C, cid=1712, SUCCESS, logIndex=2476, commits[912a7d3b-e3f1-4985-b06b-5f0a929b8060:c2476]
2019-07-13 08:32:29,432 DEBUG block.SCMBlockDeletingService (SCMBlockDeletingService.java:call(138)) - Running DeletedBlockTransactionScanner
2019-07-13 08:32:29,433 DEBUG block.SCMBlockDeletingService (SCMBlockDeletingService.java:call(155)) - Scanned deleted blocks log and got 0 delTX to process.
2019-07-13 08:32:29,434 INFO  client.GrpcClientProtocolClient (GrpcClientProtocolClient.java:onNext(255)) - client-A5BCC62C3543->912a7d3b-e3f1-4985-b06b-5f0a929b8060: receive RaftClientReply:client-A5BCC62C3543->912a7d3b-e3f1-4985-b06b-5f0a929b8060@group-3636E5E7603C, cid=1713, SUCCESS, logIndex=2479, commits[912a7d3b-e3f1-4985-b06b-5f0a929b8060:c2480]
2019-07-13 08:32:29,435 INFO  client.GrpcClientProtocolClient (GrpcClientProtocolClient.java:onNext(255)) - client-A5BCC62C3543->912a7d3b-e3f1-4985-b06b-5f0a929b8060: receive RaftClientReply:client-A5BCC62C3543->912a7d3b-e3f1-4985-b06b-5f0a929b8060@group-3636E5E7603C, cid=1714, SUCCESS, logIndex=2480, commits[912a7d3b-e3f1-4985-b06b-5f0a929b8060:c2480]
2019-07-13 08:32:29,436 INFO  client.GrpcClientProtocolClient (GrpcClientProtocolClient.java:onNext(255)) - client-A5BCC62C3543->912a7d3b-e3f1-4985-b06b-5f0a929b8060: receive RaftClientReply:client-A5BCC62C3543->912a7d3b-e3f1-4985-b06b-5f0a929b8060@group-3636E5E7603C, cid=1715, SUCCESS, logIndex=2481, commits[912a7d3b-e3f1-4985-b06b-5f0a929b8060:c2483]
2019-07-13 08:32:29,437 INFO  client.GrpcClientProtocolClient (GrpcClientProtocolClient.java:onNext(255)) - client-A5BCC62C3543->912a7d3b-e3f1-4985-b06b-5f0a929b8060: receive RaftClientReply:client-A5BCC62C3543->912a7d3b-e3f1-4985-b06b-5f0a929b8060@group-3636E5E7603C, cid=1716, SUCCESS, logIndex=2482, commits[912a7d3b-e3f1-4985-b06b-5f0a929b8060:c2483]
2019-07-13 08:32:29,448 INFO  client.GrpcClientProtocolClient (GrpcClientProtocolClient.java:onNext(255)) - client-A5BCC62C3543->912a7d3b-e3f1-4985-b06b-5f0a929b8060: receive RaftClientReply:client-A5BCC62C3543->912a7d3b-e3f1-4985-b06b-5f0a929b8060@group-3636E5E7603C, cid=1717, SUCCESS, logIndex=2484, commits[912a7d3b-e3f1-4985-b06b-5f0a929b8060:c2485]
2019-07-13 08:32:29,449 INFO  client.GrpcClientProtocolClient (GrpcClientProtocolClient.java:onNext(255)) - client-A5BCC62C3543->912a7d3b-e3f1-4985-b06b-5f0a929b8060: receive RaftClientReply:client-A5BCC62C3543->912a7d3b-e3f1-4985-b06b-5f0a929b8060@group-3636E5E7603C, cid=1718, SUCCESS, logIndex=2485, commits[912a7d3b-e3f1-4985-b06b-5f0a929b8060:c2485]
2019-07-13 08:32:29,476 INFO  client.GrpcClientProtocolClient (GrpcClientProtocolClient.java:onNext(255)) - client-A5BCC62C3543->912a7d3b-e3f1-4985-b06b-5f0a929b8060: receive RaftClientReply:client-A5BCC62C3543->912a7d3b-e3f1-4985-b06b-5f0a929b8060@group-3636E5E7603C, cid=1719, SUCCESS, logIndex=2486, commits[912a7d3b-e3f1-4985-b06b-5f0a929b8060:c2488]
2019-07-13 08:32:29,477 INFO  client.GrpcClientProtocolClient (GrpcClientProtocolClient.java:onNext(255)) - client-A5BCC62C3543->912a7d3b-e3f1-4985-b06b-5f0a929b8060: receive RaftClientReply:client-A5BCC62C3543->912a7d3b-e3f1-4985-b06b-5f0a929b8060@group-3636E5E7603C, cid=1720, SUCCESS, logIndex=2487, commits[912a7d3b-e3f1-4985-b06b-5f0a929b8060:c2488]
2019-07-13 08:32:29,524 INFO  client.GrpcClientProtocolClient (GrpcClientProtocolClient.java:onNext(255)) - client-A5BCC62C3543->912a7d3b-e3f1-4985-b06b-5f0a929b8060: receive RaftClientReply:client-A5BCC62C3543->912a7d3b-e3f1-4985-b06b-5f0a929b8060@group-3636E5E7603C, cid=1721, SUCCESS, logIndex=2489, commits[912a7d3b-e3f1-4985-b06b-5f0a929b8060:c2492]
2019-07-13 08:32:29,525 INFO  client.GrpcClientProtocolClient (GrpcClientProtocolClient.java:onNext(255)) - client-A5BCC62C3543->912a7d3b-e3f1-4985-b06b-5f0a929b8060: receive RaftClientReply:client-A5BCC62C3543->912a7d3b-e3f1-4985-b06b-5f0a929b8060@group-3636E5E7603C, cid=1722, SUCCESS, logIndex=2490, commits[912a7d3b-e3f1-4985-b06b-5f0a929b8060:c2493]
2019-07-13 08:32:29,525 INFO  client.GrpcClientProtocolClient (GrpcClientProtocolClient.java:onNext(255)) - client-A5BCC62C3543->912a7d3b-e3f1-4985-b06b-5f0a929b8060: receive RaftClientReply:client-A5BCC62C3543->912a7d3b-e3f1-4985-b06b-5f0a929b8060@group-3636E5E7603C, cid=1723, SUCCESS, logIndex=2491, commits[912a7d3b-e3f1-4985-b06b-5f0a929b8060:c2493]
2019-07-13 08:32:29,526 INFO  client.GrpcClientProtocolClient (GrpcClientProtocolClient.java:onNext(255)) - client-A5BCC62C3543->912a7d3b-e3f1-4985-b06b-5f0a929b8060: receive RaftClientReply:client-A5BCC62C3543->912a7d3b-e3f1-4985-b06b-5f0a929b8060@group-3636E5E7603C, cid=1724, SUCCESS, logIndex=2492, commits[912a7d3b-e3f1-4985-b06b-5f0a929b8060:c2493]
2019-07-13 08:32:29,533 DEBUG block.SCMBlockDeletingService (SCMBlockDeletingService.java:call(138)) - Running DeletedBlockTransactionScanner
2019-07-13 08:32:29,533 DEBUG block.SCMBlockDeletingService (SCMBlockDeletingService.java:call(155)) - Scanned deleted blocks log and got 0 delTX to process.
2019-07-13 08:32:29,692 DEBUG block.SCMBlockDeletingService (SCMBlockDeletingService.java:call(138)) - Running DeletedBlockTransactionScanner
2019-07-13 08:32:29,693 DEBUG block.SCMBlockDeletingService (SCMBlockDeletingService.java:call(155)) - Scanned deleted blocks log and got 0 delTX to process.
2019-07-13 08:32:29,722 INFO  client.GrpcClientProtocolClient (GrpcClientProtocolClient.java:onNext(255)) - client-A5BCC62C3543->912a7d3b-e3f1-4985-b06b-5f0a929b8060: receive RaftClientReply:client-A5BCC62C3543->912a7d3b-e3f1-4985-b06b-5f0a929b8060@group-3636E5E7603C, cid=1725, SUCCESS, logIndex=2494, commits[912a7d3b-e3f1-4985-b06b-5f0a929b8060:c2495]
2019-07-13 08:32:29,723 INFO  client.GrpcClientProtocolClient (GrpcClientProtocolClient.java:onNext(255)) - client-A5BCC62C3543->912a7d3b-e3f1-4985-b06b-5f0a929b8060: receive RaftClientReply:client-A5BCC62C3543->912a7d3b-e3f1-4985-b06b-5f0a929b8060@group-3636E5E7603C, cid=1726, SUCCESS, logIndex=2495, commits[912a7d3b-e3f1-4985-b06b-5f0a929b8060:c2497]
2019-07-13 08:32:29,723 INFO  client.GrpcClientProtocolClient (GrpcClientProtocolClient.java:onNext(255)) - client-A5BCC62C3543->912a7d3b-e3f1-4985-b06b-5f0a929b8060: receive RaftClientReply:client-A5BCC62C3543->912a7d3b-e3f1-4985-b06b-5f0a929b8060@group-3636E5E7603C, cid=1727, SUCCESS, logIndex=2496, commits[912a7d3b-e3f1-4985-b06b-5f0a929b8060:c2498]
2019-07-13 08:32:29,724 INFO  client.GrpcClientProtocolClient (GrpcClientProtocolClient.java:onNext(255)) - client-A5BCC62C3543->912a7d3b-e3f1-4985-b06b-5f0a929b8060: receive RaftClientReply:client-A5BCC62C3543->912a7d3b-e3f1-4985-b06b-5f0a929b8060@group-3636E5E7603C, cid=1728, SUCCESS, logIndex=2497, commits[912a7d3b-e3f1-4985-b06b-5f0a929b8060:c2498]
2019-07-13 08:32:29,754 INFO  client.GrpcClientProtocolClient (GrpcClientProtocolClient.java:onNext(255)) - client-A5BCC62C3543->912a7d3b-e3f1-4985-b06b-5f0a929b8060: receive RaftClientReply:client-A5BCC62C3543->912a7d3b-e3f1-4985-b06b-5f0a929b8060@group-3636E5E7603C, cid=1729, SUCCESS, logIndex=2500, commits[912a7d3b-e3f1-4985-b06b-5f0a929b8060:c2501]
2019-07-13 08:32:29,755 INFO  client.GrpcClientProtocolClient (GrpcClientProtocolClient.java:onNext(255)) - client-A5BCC62C3543->912a7d3b-e3f1-4985-b06b-5f0a929b8060: receive RaftClientReply:client-A5BCC62C3543->912a7d3b-e3f1-4985-b06b-5f0a929b8060@group-3636E5E7603C, cid=1730, SUCCESS, logIndex=2501, commits[912a7d3b-e3f1-4985-b06b-5f0a929b8060:c2501]
2019-07-13 08:32:29,756 INFO  client.GrpcClientProtocolClient (GrpcClientProtocolClient.java:onNext(255)) - client-A5BCC62C3543->912a7d3b-e3f1-4985-b06b-5f0a929b8060: receive RaftClientReply:client-A5BCC62C3543->912a7d3b-e3f1-4985-b06b-5f0a929b8060@group-3636E5E7603C, cid=1731, SUCCESS, logIndex=2502, commits[912a7d3b-e3f1-4985-b06b-5f0a929b8060:c2503]
2019-07-13 08:32:29,756 INFO  client.GrpcClientProtocolClient (GrpcClientProtocolClient.java:onNext(255)) - client-A5BCC62C3543->912a7d3b-e3f1-4985-b06b-5f0a929b8060: receive RaftClientReply:client-A5BCC62C3543->912a7d3b-e3f1-4985-b06b-5f0a929b8060@group-3636E5E7603C, cid=1732, SUCCESS, logIndex=2503, commits[912a7d3b-e3f1-4985-b06b-5f0a929b8060:c2503]
2019-07-13 08:32:29,767 INFO  client.GrpcClientProtocolClient (GrpcClientProtocolClient.java:onNext(255)) - client-A5BCC62C3543->912a7d3b-e3f1-4985-b06b-5f0a929b8060: receive RaftClientReply:client-A5BCC62C3543->912a7d3b-e3f1-4985-b06b-5f0a929b8060@group-3636E5E7603C, cid=1733, SUCCESS, logIndex=2506, commits[912a7d3b-e3f1-4985-b06b-5f0a929b8060:c2507]
2019-07-13 08:32:29,767 INFO  client.GrpcClientProtocolClient (GrpcClientProtocolClient.java:onNext(255)) - client-A5BCC62C3543->912a7d3b-e3f1-4985-b06b-5f0a929b8060: receive RaftClientReply:client-A5BCC62C3543->912a7d3b-e3f1-4985-b06b-5f0a929b8060@group-3636E5E7603C, cid=1734, SUCCESS, logIndex=2507, commits[912a7d3b-e3f1-4985-b06b-5f0a929b8060:c2507]
2019-07-13 08:32:29,791 INFO  client.GrpcClientProtocolClient (GrpcClientProtocolClient.java:onNext(255)) - client-A5BCC62C3543->912a7d3b-e3f1-4985-b06b-5f0a929b8060: receive RaftClientReply:client-A5BCC62C3543->912a7d3b-e3f1-4985-b06b-5f0a929b8060@group-3636E5E7603C, cid=1735, SUCCESS, logIndex=2508, commits[912a7d3b-e3f1-4985-b06b-5f0a929b8060:c2510]
2019-07-13 08:32:29,791 INFO  client.GrpcClientProtocolClient (GrpcClientProtocolClient.java:onNext(255)) - client-A5BCC62C3543->912a7d3b-e3f1-4985-b06b-5f0a929b8060: receive RaftClientReply:client-A5BCC62C3543->912a7d3b-e3f1-4985-b06b-5f0a929b8060@group-3636E5E7603C, cid=1736, SUCCESS, logIndex=2510, commits[912a7d3b-e3f1-4985-b06b-5f0a929b8060:c2510]
2019-07-13 08:32:29,793 DEBUG block.SCMBlockDeletingService (SCMBlockDeletingService.java:call(138)) - Running DeletedBlockTransactionScanner
2019-07-13 08:32:29,794 DEBUG block.SCMBlockDeletingService (SCMBlockDeletingService.java:call(155)) - Scanned deleted blocks log and got 0 delTX to process.
2019-07-13 08:32:29,821 INFO  client.GrpcClientProtocolClient (GrpcClientProtocolClient.java:onNext(255)) - client-A5BCC62C3543->912a7d3b-e3f1-4985-b06b-5f0a929b8060: receive RaftClientReply:client-A5BCC62C3543->912a7d3b-e3f1-4985-b06b-5f0a929b8060@group-3636E5E7603C, cid=1737, SUCCESS, logIndex=2512, commits[912a7d3b-e3f1-4985-b06b-5f0a929b8060:c2513]
2019-07-13 08:32:29,822 INFO  client.GrpcClientProtocolClient (GrpcClientProtocolClient.java:onNext(255)) - client-A5BCC62C3543->912a7d3b-e3f1-4985-b06b-5f0a929b8060: receive RaftClientReply:client-A5BCC62C3543->912a7d3b-e3f1-4985-b06b-5f0a929b8060@group-3636E5E7603C, cid=1738, SUCCESS, logIndex=2513, commits[912a7d3b-e3f1-4985-b06b-5f0a929b8060:c2515]
2019-07-13 08:32:29,823 INFO  client.GrpcClientProtocolClient (GrpcClientProtocolClient.java:onNext(255)) - client-A5BCC62C3543->912a7d3b-e3f1-4985-b06b-5f0a929b8060: receive RaftClientReply:client-A5BCC62C3543->912a7d3b-e3f1-4985-b06b-5f0a929b8060@group-3636E5E7603C, cid=1739, SUCCESS, logIndex=2514, commits[912a7d3b-e3f1-4985-b06b-5f0a929b8060:c2516]
2019-07-13 08:32:29,823 INFO  client.GrpcClientProtocolClient (GrpcClientProtocolClient.java:onNext(255)) - client-A5BCC62C3543->912a7d3b-e3f1-4985-b06b-5f0a929b8060: receive RaftClientReply:client-A5BCC62C3543->912a7d3b-e3f1-4985-b06b-5f0a929b8060@group-3636E5E7603C, cid=1740, SUCCESS, logIndex=2515, commits[912a7d3b-e3f1-4985-b06b-5f0a929b8060:c2516]
2019-07-13 08:32:29,844 INFO  client.GrpcClientProtocolClient (GrpcClientProtocolClient.java:onNext(255)) - client-A5BCC62C3543->912a7d3b-e3f1-4985-b06b-5f0a929b8060: receive RaftClientReply:client-A5BCC62C3543->912a7d3b-e3f1-4985-b06b-5f0a929b8060@group-3636E5E7603C, cid=1741, SUCCESS, logIndex=2518, commits[912a7d3b-e3f1-4985-b06b-5f0a929b8060:c2519]
2019-07-13 08:32:29,845 INFO  client.GrpcClientProtocolClient (GrpcClientProtocolClient.java:onNext(255)) - client-A5BCC62C3543->912a7d3b-e3f1-4985-b06b-5f0a929b8060: receive RaftClientReply:client-A5BCC62C3543->912a7d3b-e3f1-4985-b06b-5f0a929b8060@group-3636E5E7603C, cid=1742, SUCCESS, logIndex=2519, commits[912a7d3b-e3f1-4985-b06b-5f0a929b8060:c2519]
2019-07-13 08:32:29,845 INFO  client.GrpcClientProtocolClient (GrpcClientProtocolClient.java:onNext(255)) - client-A5BCC62C3543->912a7d3b-e3f1-4985-b06b-5f0a929b8060: receive RaftClientReply:client-A5BCC62C3543->912a7d3b-e3f1-4985-b06b-5f0a929b8060@group-3636E5E7603C, cid=1743, SUCCESS, logIndex=2520, commits[912a7d3b-e3f1-4985-b06b-5f0a929b8060:c2521]
2019-07-13 08:32:29,846 INFO  client.GrpcClientProtocolClient (GrpcClientProtocolClient.java:onNext(255)) - client-A5BCC62C3543->912a7d3b-e3f1-4985-b06b-5f0a929b8060: receive RaftClientReply:client-A5BCC62C3543->912a7d3b-e3f1-4985-b06b-5f0a929b8060@group-3636E5E7603C, cid=1744, SUCCESS, logIndex=2521, commits[912a7d3b-e3f1-4985-b06b-5f0a929b8060:c2522]
2019-07-13 08:32:29,876 INFO  client.GrpcClientProtocolClient (GrpcClientProtocolClient.java:onNext(255)) - client-A5BCC62C3543->912a7d3b-e3f1-4985-b06b-5f0a929b8060: receive RaftClientReply:client-A5BCC62C3543->912a7d3b-e3f1-4985-b06b-5f0a929b8060@group-3636E5E7603C, cid=1745, SUCCESS, logIndex=2524, commits[912a7d3b-e3f1-4985-b06b-5f0a929b8060:c2525]
2019-07-13 08:32:29,876 INFO  client.GrpcClientProtocolClient (GrpcClientProtocolClient.java:onNext(255)) - client-A5BCC62C3543->912a7d3b-e3f1-4985-b06b-5f0a929b8060: receive RaftClientReply:client-A5BCC62C3543->912a7d3b-e3f1-4985-b06b-5f0a929b8060@group-3636E5E7603C, cid=1746, SUCCESS, logIndex=2525, commits[912a7d3b-e3f1-4985-b06b-5f0a929b8060:c2527]
2019-07-13 08:32:29,877 INFO  client.GrpcClientProtocolClient (GrpcClientProtocolClient.java:onNext(255)) - client-A5BCC62C3543->912a7d3b-e3f1-4985-b06b-5f0a929b8060: receive RaftClientReply:client-A5BCC62C3543->912a7d3b-e3f1-4985-b06b-5f0a929b8060@group-3636E5E7603C, cid=1747, SUCCESS, logIndex=2526, commits[912a7d3b-e3f1-4985-b06b-5f0a929b8060:c2527]
2019-07-13 08:32:29,877 INFO  client.GrpcClientProtocolClient (GrpcClientProtocolClient.java:onNext(255)) - client-A5BCC62C3543->912a7d3b-e3f1-4985-b06b-5f0a929b8060: receive RaftClientReply:client-A5BCC62C3543->912a7d3b-e3f1-4985-b06b-5f0a929b8060@group-3636E5E7603C, cid=1748, SUCCESS, logIndex=2527, commits[912a7d3b-e3f1-4985-b06b-5f0a929b8060:c2528]
2019-07-13 08:32:29,894 DEBUG block.SCMBlockDeletingService (SCMBlockDeletingService.java:call(138)) - Running DeletedBlockTransactionScanner
2019-07-13 08:32:29,895 DEBUG block.SCMBlockDeletingService (SCMBlockDeletingService.java:call(155)) - Scanned deleted blocks log and got 0 delTX to process.
2019-07-13 08:32:29,898 INFO  client.GrpcClientProtocolClient (GrpcClientProtocolClient.java:onNext(255)) - client-A5BCC62C3543->912a7d3b-e3f1-4985-b06b-5f0a929b8060: receive RaftClientReply:client-A5BCC62C3543->912a7d3b-e3f1-4985-b06b-5f0a929b8060@group-3636E5E7603C, cid=1749, SUCCESS, logIndex=2530, commits[912a7d3b-e3f1-4985-b06b-5f0a929b8060:c2531]
2019-07-13 08:32:29,899 INFO  client.GrpcClientProtocolClient (GrpcClientProtocolClient.java:onNext(255)) - client-A5BCC62C3543->912a7d3b-e3f1-4985-b06b-5f0a929b8060: receive RaftClientReply:client-A5BCC62C3543->912a7d3b-e3f1-4985-b06b-5f0a929b8060@group-3636E5E7603C, cid=1750, SUCCESS, logIndex=2531, commits[912a7d3b-e3f1-4985-b06b-5f0a929b8060:c2533]
2019-07-13 08:32:29,899 INFO  client.GrpcClientProtocolClient (GrpcClientProtocolClient.java:onNext(255)) - client-A5BCC62C3543->912a7d3b-e3f1-4985-b06b-5f0a929b8060: receive RaftClientReply:client-A5BCC62C3543->912a7d3b-e3f1-4985-b06b-5f0a929b8060@group-3636E5E7603C, cid=1751, SUCCESS, logIndex=2532, commits[912a7d3b-e3f1-4985-b06b-5f0a929b8060:c2534]
2019-07-13 08:32:29,900 INFO  client.GrpcClientProtocolClient (GrpcClientProtocolClient.java:onNext(255)) - client-A5BCC62C3543->912a7d3b-e3f1-4985-b06b-5f0a929b8060: receive RaftClientReply:client-A5BCC62C3543->912a7d3b-e3f1-4985-b06b-5f0a929b8060@group-3636E5E7603C, cid=1752, SUCCESS, logIndex=2533, commits[912a7d3b-e3f1-4985-b06b-5f0a929b8060:c2534]
2019-07-13 08:32:29,930 INFO  client.GrpcClientProtocolClient (GrpcClientProtocolClient.java:onNext(255)) - client-A5BCC62C3543->912a7d3b-e3f1-4985-b06b-5f0a929b8060: receive RaftClientReply:client-A5BCC62C3543->912a7d3b-e3f1-4985-b06b-5f0a929b8060@group-3636E5E7603C, cid=1753, SUCCESS, logIndex=2536, commits[912a7d3b-e3f1-4985-b06b-5f0a929b8060:c2537]
2019-07-13 08:32:29,931 INFO  client.GrpcClientProtocolClient (GrpcClientProtocolClient.java:onNext(255)) - client-A5BCC62C3543->912a7d3b-e3f1-4985-b06b-5f0a929b8060: receive RaftClientReply:client-A5BCC62C3543->912a7d3b-e3f1-4985-b06b-5f0a929b8060@group-3636E5E7603C, cid=1754, SUCCESS, logIndex=2537, commits[912a7d3b-e3f1-4985-b06b-5f0a929b8060:c2537]
2019-07-13 08:32:29,932 INFO  client.GrpcClientProtocolClient (GrpcClientProtocolClient.java:onNext(255)) - client-A5BCC62C3543->912a7d3b-e3f1-4985-b06b-5f0a929b8060: receive RaftClientReply:client-A5BCC62C3543->912a7d3b-e3f1-4985-b06b-5f0a929b8060@group-3636E5E7603C, cid=1755, SUCCESS, logIndex=2538, commits[912a7d3b-e3f1-4985-b06b-5f0a929b8060:c2539]
2019-07-13 08:32:29,932 INFO  client.GrpcClientProtocolClient (GrpcClientProtocolClient.java:onNext(255)) - client-A5BCC62C3543->912a7d3b-e3f1-4985-b06b-5f0a929b8060: receive RaftClientReply:client-A5BCC62C3543->912a7d3b-e3f1-4985-b06b-5f0a929b8060@group-3636E5E7603C, cid=1756, SUCCESS, logIndex=2539, commits[912a7d3b-e3f1-4985-b06b-5f0a929b8060:c2539]
2019-07-13 08:32:29,944 INFO  client.GrpcClientProtocolClient (GrpcClientProtocolClient.java:onNext(255)) - client-A5BCC62C3543->912a7d3b-e3f1-4985-b06b-5f0a929b8060: receive RaftClientReply:client-A5BCC62C3543->912a7d3b-e3f1-4985-b06b-5f0a929b8060@group-3636E5E7603C, cid=1757, SUCCESS, logIndex=2542, commits[912a7d3b-e3f1-4985-b06b-5f0a929b8060:c2543]
2019-07-13 08:32:29,944 INFO  client.GrpcClientProtocolClient (GrpcClientProtocolClient.java:onNext(255)) - client-A5BCC62C3543->912a7d3b-e3f1-4985-b06b-5f0a929b8060: receive RaftClientReply:client-A5BCC62C3543->912a7d3b-e3f1-4985-b06b-5f0a929b8060@group-3636E5E7603C, cid=1758, SUCCESS, logIndex=2543, commits[912a7d3b-e3f1-4985-b06b-5f0a929b8060:c2543]
2019-07-13 08:32:29,956 INFO  client.GrpcClientProtocolClient (GrpcClientProtocolClient.java:onNext(255)) - client-A5BCC62C3543->912a7d3b-e3f1-4985-b06b-5f0a929b8060: receive RaftClientReply:client-A5BCC62C3543->912a7d3b-e3f1-4985-b06b-5f0a929b8060@group-3636E5E7603C, cid=1759, SUCCESS, logIndex=2544, commits[912a7d3b-e3f1-4985-b06b-5f0a929b8060:c2546]
2019-07-13 08:32:29,957 INFO  client.GrpcClientProtocolClient (GrpcClientProtocolClient.java:onNext(255)) - client-A5BCC62C3543->912a7d3b-e3f1-4985-b06b-5f0a929b8060: receive RaftClientReply:client-A5BCC62C3543->912a7d3b-e3f1-4985-b06b-5f0a929b8060@group-3636E5E7603C, cid=1760, SUCCESS, logIndex=2546, commits[912a7d3b-e3f1-4985-b06b-5f0a929b8060:c2547]
2019-07-13 08:32:29,987 INFO  client.GrpcClientProtocolClient (GrpcClientProtocolClient.java:onNext(255)) - client-A5BCC62C3543->912a7d3b-e3f1-4985-b06b-5f0a929b8060: receive RaftClientReply:client-A5BCC62C3543->912a7d3b-e3f1-4985-b06b-5f0a929b8060@group-3636E5E7603C, cid=1761, SUCCESS, logIndex=2548, commits[912a7d3b-e3f1-4985-b06b-5f0a929b8060:c2549]
2019-07-13 08:32:29,987 INFO  client.GrpcClientProtocolClient (GrpcClientProtocolClient.java:onNext(255)) - client-A5BCC62C3543->912a7d3b-e3f1-4985-b06b-5f0a929b8060: receive RaftClientReply:client-A5BCC62C3543->912a7d3b-e3f1-4985-b06b-5f0a929b8060@group-3636E5E7603C, cid=1762, SUCCESS, logIndex=2549, commits[912a7d3b-e3f1-4985-b06b-5f0a929b8060:c2549]
2019-07-13 08:32:29,989 INFO  client.GrpcClientProtocolClient (GrpcClientProtocolClient.java:onNext(255)) - client-A5BCC62C3543->912a7d3b-e3f1-4985-b06b-5f0a929b8060: receive RaftClientReply:client-A5BCC62C3543->912a7d3b-e3f1-4985-b06b-5f0a929b8060@group-3636E5E7603C, cid=1763, SUCCESS, logIndex=2550, commits[912a7d3b-e3f1-4985-b06b-5f0a929b8060:c2551]
2019-07-13 08:32:29,989 INFO  client.GrpcClientProtocolClient (GrpcClientProtocolClient.java:onNext(255)) - client-A5BCC62C3543->912a7d3b-e3f1-4985-b06b-5f0a929b8060: receive RaftClientReply:client-A5BCC62C3543->912a7d3b-e3f1-4985-b06b-5f0a929b8060@group-3636E5E7603C, cid=1764, SUCCESS, logIndex=2551, commits[912a7d3b-e3f1-4985-b06b-5f0a929b8060:c2551]
2019-07-13 08:32:29,995 DEBUG block.SCMBlockDeletingService (SCMBlockDeletingService.java:call(138)) - Running DeletedBlockTransactionScanner
2019-07-13 08:32:29,995 DEBUG block.SCMBlockDeletingService (SCMBlockDeletingService.java:call(155)) - Scanned deleted blocks log and got 0 delTX to process.
2019-07-13 08:32:30,014 INFO  client.GrpcClientProtocolClient (GrpcClientProtocolClient.java:onNext(255)) - client-A5BCC62C3543->912a7d3b-e3f1-4985-b06b-5f0a929b8060: receive RaftClientReply:client-A5BCC62C3543->912a7d3b-e3f1-4985-b06b-5f0a929b8060@group-3636E5E7603C, cid=1765, SUCCESS, logIndex=2554, commits[912a7d3b-e3f1-4985-b06b-5f0a929b8060:c2557]
2019-07-13 08:32:30,014 INFO  client.GrpcClientProtocolClient (GrpcClientProtocolClient.java:onNext(255)) - client-A5BCC62C3543->912a7d3b-e3f1-4985-b06b-5f0a929b8060: receive RaftClientReply:client-A5BCC62C3543->912a7d3b-e3f1-4985-b06b-5f0a929b8060@group-3636E5E7603C, cid=1766, SUCCESS, logIndex=2555, commits[912a7d3b-e3f1-4985-b06b-5f0a929b8060:c2558]
2019-07-13 08:32:30,015 INFO  client.GrpcClientProtocolClient (GrpcClientProtocolClient.java:onNext(255)) - client-A5BCC62C3543->912a7d3b-e3f1-4985-b06b-5f0a929b8060: receive RaftClientReply:client-A5BCC62C3543->912a7d3b-e3f1-4985-b06b-5f0a929b8060@group-3636E5E7603C, cid=1767, SUCCESS, logIndex=2556, commits[912a7d3b-e3f1-4985-b06b-5f0a929b8060:c2558]
2019-07-13 08:32:30,015 INFO  client.GrpcClientProtocolClient (GrpcClientProtocolClient.java:onNext(255)) - client-A5BCC62C3543->912a7d3b-e3f1-4985-b06b-5f0a929b8060: receive RaftClientReply:client-A5BCC62C3543->912a7d3b-e3f1-4985-b06b-5f0a929b8060@group-3636E5E7603C, cid=1768, SUCCESS, logIndex=2557, commits[912a7d3b-e3f1-4985-b06b-5f0a929b8060:c2559]
2019-07-13 08:32:30,096 DEBUG block.SCMBlockDeletingService (SCMBlockDeletingService.java:call(138)) - Running DeletedBlockTransactionScanner
2019-07-13 08:32:30,096 DEBUG block.SCMBlockDeletingService (SCMBlockDeletingService.java:call(155)) - Scanned deleted blocks log and got 0 delTX to process.
2019-07-13 08:32:30,152 INFO  client.GrpcClientProtocolClient (GrpcClientProtocolClient.java:onNext(255)) - client-A5BCC62C3543->912a7d3b-e3f1-4985-b06b-5f0a929b8060: receive RaftClientReply:client-A5BCC62C3543->912a7d3b-e3f1-4985-b06b-5f0a929b8060@group-3636E5E7603C, cid=1769, SUCCESS, logIndex=2560, commits[912a7d3b-e3f1-4985-b06b-5f0a929b8060:c2563]
2019-07-13 08:32:30,152 INFO  client.GrpcClientProtocolClient (GrpcClientProtocolClient.java:onNext(255)) - client-A5BCC62C3543->912a7d3b-e3f1-4985-b06b-5f0a929b8060: receive RaftClientReply:client-A5BCC62C3543->912a7d3b-e3f1-4985-b06b-5f0a929b8060@group-3636E5E7603C, cid=1770, SUCCESS, logIndex=2561, commits[912a7d3b-e3f1-4985-b06b-5f0a929b8060:c2564]
2019-07-13 08:32:30,153 INFO  client.GrpcClientProtocolClient (GrpcClientProtocolClient.java:onNext(255)) - client-A5BCC62C3543->912a7d3b-e3f1-4985-b06b-5f0a929b8060: receive RaftClientReply:client-A5BCC62C3543->912a7d3b-e3f1-4985-b06b-5f0a929b8060@group-3636E5E7603C, cid=1771, SUCCESS, logIndex=2562, commits[912a7d3b-e3f1-4985-b06b-5f0a929b8060:c2564]
2019-07-13 08:32:30,153 INFO  client.GrpcClientProtocolClient (GrpcClientProtocolClient.java:onNext(255)) - client-A5BCC62C3543->912a7d3b-e3f1-4985-b06b-5f0a929b8060: receive RaftClientReply:client-A5BCC62C3543->912a7d3b-e3f1-4985-b06b-5f0a929b8060@group-3636E5E7603C, cid=1772, SUCCESS, logIndex=2563, commits[912a7d3b-e3f1-4985-b06b-5f0a929b8060:c2564]
2019-07-13 08:32:30,172 INFO  client.GrpcClientProtocolClient (GrpcClientProtocolClient.java:onNext(255)) - client-A5BCC62C3543->912a7d3b-e3f1-4985-b06b-5f0a929b8060: receive RaftClientReply:client-A5BCC62C3543->912a7d3b-e3f1-4985-b06b-5f0a929b8060@group-3636E5E7603C, cid=1773, SUCCESS, logIndex=2565, commits[912a7d3b-e3f1-4985-b06b-5f0a929b8060:c2566]
2019-07-13 08:32:30,172 INFO  client.GrpcClientProtocolClient (GrpcClientProtocolClient.java:onNext(255)) - client-A5BCC62C3543->912a7d3b-e3f1-4985-b06b-5f0a929b8060: receive RaftClientReply:client-A5BCC62C3543->912a7d3b-e3f1-4985-b06b-5f0a929b8060@group-3636E5E7603C, cid=1774, SUCCESS, logIndex=2566, commits[912a7d3b-e3f1-4985-b06b-5f0a929b8060:c2566]
2019-07-13 08:32:30,174 INFO  client.GrpcClientProtocolClient (GrpcClientProtocolClient.java:onNext(255)) - client-A5BCC62C3543->912a7d3b-e3f1-4985-b06b-5f0a929b8060: receive RaftClientReply:client-A5BCC62C3543->912a7d3b-e3f1-4985-b06b-5f0a929b8060@group-3636E5E7603C, cid=1775, SUCCESS, logIndex=2567, commits[912a7d3b-e3f1-4985-b06b-5f0a929b8060:c2568]
2019-07-13 08:32:30,175 INFO  client.GrpcClientProtocolClient (GrpcClientProtocolClient.java:onNext(255)) - client-A5BCC62C3543->912a7d3b-e3f1-4985-b06b-5f0a929b8060: receive RaftClientReply:client-A5BCC62C3543->912a7d3b-e3f1-4985-b06b-5f0a929b8060@group-3636E5E7603C, cid=1776, SUCCESS, logIndex=2568, commits[912a7d3b-e3f1-4985-b06b-5f0a929b8060:c2568]
2019-07-13 08:32:30,197 DEBUG block.SCMBlockDeletingService (SCMBlockDeletingService.java:call(138)) - Running DeletedBlockTransactionScanner
2019-07-13 08:32:30,197 DEBUG block.SCMBlockDeletingService (SCMBlockDeletingService.java:call(155)) - Scanned deleted blocks log and got 0 delTX to process.
2019-07-13 08:32:30,206 INFO  client.GrpcClientProtocolClient (GrpcClientProtocolClient.java:onNext(255)) - client-A5BCC62C3543->912a7d3b-e3f1-4985-b06b-5f0a929b8060: receive RaftClientReply:client-A5BCC62C3543->912a7d3b-e3f1-4985-b06b-5f0a929b8060@group-3636E5E7603C, cid=1777, SUCCESS, logIndex=2571, commits[912a7d3b-e3f1-4985-b06b-5f0a929b8060:c2574]
2019-07-13 08:32:30,206 INFO  client.GrpcClientProtocolClient (GrpcClientProtocolClient.java:onNext(255)) - client-A5BCC62C3543->912a7d3b-e3f1-4985-b06b-5f0a929b8060: receive RaftClientReply:client-A5BCC62C3543->912a7d3b-e3f1-4985-b06b-5f0a929b8060@group-3636E5E7603C, cid=1778, SUCCESS, logIndex=2572, commits[912a7d3b-e3f1-4985-b06b-5f0a929b8060:c2575]
2019-07-13 08:32:30,207 INFO  client.GrpcClientProtocolClient (GrpcClientProtocolClient.java:onNext(255)) - client-A5BCC62C3543->912a7d3b-e3f1-4985-b06b-5f0a929b8060: receive RaftClientReply:client-A5BCC62C3543->912a7d3b-e3f1-4985-b06b-5f0a929b8060@group-3636E5E7603C, cid=1779, SUCCESS, logIndex=2573, commits[912a7d3b-e3f1-4985-b06b-5f0a929b8060:c2575]
2019-07-13 08:32:30,207 INFO  client.GrpcClientProtocolClient (GrpcClientProtocolClient.java:onNext(255)) - client-A5BCC62C3543->912a7d3b-e3f1-4985-b06b-5f0a929b8060: receive RaftClientReply:client-A5BCC62C3543->912a7d3b-e3f1-4985-b06b-5f0a929b8060@group-3636E5E7603C, cid=1780, SUCCESS, logIndex=2574, commits[912a7d3b-e3f1-4985-b06b-5f0a929b8060:c2575]
2019-07-13 08:32:30,226 INFO  client.GrpcClientProtocolClient (GrpcClientProtocolClient.java:onNext(255)) - client-A5BCC62C3543->912a7d3b-e3f1-4985-b06b-5f0a929b8060: receive RaftClientReply:client-A5BCC62C3543->912a7d3b-e3f1-4985-b06b-5f0a929b8060@group-3636E5E7603C, cid=1781, SUCCESS, logIndex=2576, commits[912a7d3b-e3f1-4985-b06b-5f0a929b8060:c2579]
2019-07-13 08:32:30,227 INFO  client.GrpcClientProtocolClient (GrpcClientProtocolClient.java:onNext(255)) - client-A5BCC62C3543->912a7d3b-e3f1-4985-b06b-5f0a929b8060: receive RaftClientReply:client-A5BCC62C3543->912a7d3b-e3f1-4985-b06b-5f0a929b8060@group-3636E5E7603C, cid=1782, SUCCESS, logIndex=2577, commits[912a7d3b-e3f1-4985-b06b-5f0a929b8060:c2579]
2019-07-13 08:32:30,227 INFO  client.GrpcClientProtocolClient (GrpcClientProtocolClient.java:onNext(255)) - client-A5BCC62C3543->912a7d3b-e3f1-4985-b06b-5f0a929b8060: receive RaftClientReply:client-A5BCC62C3543->912a7d3b-e3f1-4985-b06b-5f0a929b8060@group-3636E5E7603C, cid=1783, SUCCESS, logIndex=2578, commits[912a7d3b-e3f1-4985-b06b-5f0a929b8060:c2580]
2019-07-13 08:32:30,228 INFO  client.GrpcClientProtocolClient (GrpcClientProtocolClient.java:onNext(255)) - client-A5BCC62C3543->912a7d3b-e3f1-4985-b06b-5f0a929b8060: receive RaftClientReply:client-A5BCC62C3543->912a7d3b-e3f1-4985-b06b-5f0a929b8060@group-3636E5E7603C, cid=1784, SUCCESS, logIndex=2579, commits[912a7d3b-e3f1-4985-b06b-5f0a929b8060:c2581]
2019-07-13 08:32:30,257 INFO  client.GrpcClientProtocolClient (GrpcClientProtocolClient.java:onNext(255)) - client-A5BCC62C3543->912a7d3b-e3f1-4985-b06b-5f0a929b8060: receive RaftClientReply:client-A5BCC62C3543->912a7d3b-e3f1-4985-b06b-5f0a929b8060@group-3636E5E7603C, cid=1785, SUCCESS, logIndex=2582, commits[912a7d3b-e3f1-4985-b06b-5f0a929b8060:c2585]
2019-07-13 08:32:30,258 INFO  client.GrpcClientProtocolClient (GrpcClientProtocolClient.java:onNext(255)) - client-A5BCC62C3543->912a7d3b-e3f1-4985-b06b-5f0a929b8060: receive RaftClientReply:client-A5BCC62C3543->912a7d3b-e3f1-4985-b06b-5f0a929b8060@group-3636E5E7603C, cid=1786, SUCCESS, logIndex=2583, commits[912a7d3b-e3f1-4985-b06b-5f0a929b8060:c2586]
2019-07-13 08:32:30,259 INFO  client.GrpcClientProtocolClient (GrpcClientProtocolClient.java:onNext(255)) - client-A5BCC62C3543->912a7d3b-e3f1-4985-b06b-5f0a929b8060: receive RaftClientReply:client-A5BCC62C3543->912a7d3b-e3f1-4985-b06b-5f0a929b8060@group-3636E5E7603C, cid=1787, SUCCESS, logIndex=2584, commits[912a7d3b-e3f1-4985-b06b-5f0a929b8060:c2586]
2019-07-13 08:32:30,259 INFO  client.GrpcClientProtocolClient (GrpcClientProtocolClient.java:onNext(255)) - client-A5BCC62C3543->912a7d3b-e3f1-4985-b06b-5f0a929b8060: receive RaftClientReply:client-A5BCC62C3543->912a7d3b-e3f1-4985-b06b-5f0a929b8060@group-3636E5E7603C, cid=1788, SUCCESS, logIndex=2585, commits[912a7d3b-e3f1-4985-b06b-5f0a929b8060:c2586]
2019-07-13 08:32:30,278 INFO  client.GrpcClientProtocolClient (GrpcClientProtocolClient.java:onNext(255)) - client-A5BCC62C3543->912a7d3b-e3f1-4985-b06b-5f0a929b8060: receive RaftClientReply:client-A5BCC62C3543->912a7d3b-e3f1-4985-b06b-5f0a929b8060@group-3636E5E7603C, cid=1789, SUCCESS, logIndex=2587, commits[912a7d3b-e3f1-4985-b06b-5f0a929b8060:c2588]
2019-07-13 08:32:30,288 INFO  client.GrpcClientProtocolClient (GrpcClientProtocolClient.java:onNext(255)) - client-A5BCC62C3543->912a7d3b-e3f1-4985-b06b-5f0a929b8060: receive RaftClientReply:client-A5BCC62C3543->912a7d3b-e3f1-4985-b06b-5f0a929b8060@group-3636E5E7603C, cid=1790, SUCCESS, logIndex=2588, commits[912a7d3b-e3f1-4985-b06b-5f0a929b8060:c2590]
2019-07-13 08:32:30,288 INFO  client.GrpcClientProtocolClient (GrpcClientProtocolClient.java:onNext(255)) - client-A5BCC62C3543->912a7d3b-e3f1-4985-b06b-5f0a929b8060: receive RaftClientReply:client-A5BCC62C3543->912a7d3b-e3f1-4985-b06b-5f0a929b8060@group-3636E5E7603C, cid=1791, SUCCESS, logIndex=2589, commits[912a7d3b-e3f1-4985-b06b-5f0a929b8060:c2590]
2019-07-13 08:32:30,290 INFO  client.GrpcClientProtocolClient (GrpcClientProtocolClient.java:onNext(255)) - client-A5BCC62C3543->912a7d3b-e3f1-4985-b06b-5f0a929b8060: receive RaftClientReply:client-A5BCC62C3543->912a7d3b-e3f1-4985-b06b-5f0a929b8060@group-3636E5E7603C, cid=1792, SUCCESS, logIndex=2590, commits[912a7d3b-e3f1-4985-b06b-5f0a929b8060:c2590]
2019-07-13 08:32:30,298 DEBUG block.SCMBlockDeletingService (SCMBlockDeletingService.java:call(138)) - Running DeletedBlockTransactionScanner
2019-07-13 08:32:30,298 DEBUG block.SCMBlockDeletingService (SCMBlockDeletingService.java:call(155)) - Scanned deleted blocks log and got 0 delTX to process.
2019-07-13 08:32:30,320 INFO  client.GrpcClientProtocolClient (GrpcClientProtocolClient.java:onNext(255)) - client-A5BCC62C3543->912a7d3b-e3f1-4985-b06b-5f0a929b8060: receive RaftClientReply:client-A5BCC62C3543->912a7d3b-e3f1-4985-b06b-5f0a929b8060@group-3636E5E7603C, cid=1793, SUCCESS, logIndex=2593, commits[912a7d3b-e3f1-4985-b06b-5f0a929b8060:c2596]
2019-07-13 08:32:30,321 INFO  client.GrpcClientProtocolClient (GrpcClientProtocolClient.java:onNext(255)) - client-A5BCC62C3543->912a7d3b-e3f1-4985-b06b-5f0a929b8060: receive RaftClientReply:client-A5BCC62C3543->912a7d3b-e3f1-4985-b06b-5f0a929b8060@group-3636E5E7603C, cid=1794, SUCCESS, logIndex=2594, commits[912a7d3b-e3f1-4985-b06b-5f0a929b8060:c2597]
2019-07-13 08:32:30,322 INFO  client.GrpcClientProtocolClient (GrpcClientProtocolClient.java:onNext(255)) - client-A5BCC62C3543->912a7d3b-e3f1-4985-b06b-5f0a929b8060: receive RaftClientReply:client-A5BCC62C3543->912a7d3b-e3f1-4985-b06b-5f0a929b8060@group-3636E5E7603C, cid=1795, SUCCESS, logIndex=2595, commits[912a7d3b-e3f1-4985-b06b-5f0a929b8060:c2597]
2019-07-13 08:32:30,322 INFO  client.GrpcClientProtocolClient (GrpcClientProtocolClient.java:onNext(255)) - client-A5BCC62C3543->912a7d3b-e3f1-4985-b06b-5f0a929b8060: receive RaftClientReply:client-A5BCC62C3543->912a7d3b-e3f1-4985-b06b-5f0a929b8060@group-3636E5E7603C, cid=1796, SUCCESS, logIndex=2596, commits[912a7d3b-e3f1-4985-b06b-5f0a929b8060:c2597]
2019-07-13 08:32:30,342 INFO  client.GrpcClientProtocolClient (GrpcClientProtocolClient.java:onNext(255)) - client-A5BCC62C3543->912a7d3b-e3f1-4985-b06b-5f0a929b8060: receive RaftClientReply:client-A5BCC62C3543->912a7d3b-e3f1-4985-b06b-5f0a929b8060@group-3636E5E7603C, cid=1797, SUCCESS, logIndex=2598, commits[912a7d3b-e3f1-4985-b06b-5f0a929b8060:c2599]
2019-07-13 08:32:30,342 INFO  client.GrpcClientProtocolClient (GrpcClientProtocolClient.java:onNext(255)) - client-A5BCC62C3543->912a7d3b-e3f1-4985-b06b-5f0a929b8060: receive RaftClientReply:client-A5BCC62C3543->912a7d3b-e3f1-4985-b06b-5f0a929b8060@group-3636E5E7603C, cid=1798, SUCCESS, logIndex=2599, commits[912a7d3b-e3f1-4985-b06b-5f0a929b8060:c2599]
2019-07-13 08:32:30,343 INFO  client.GrpcClientProtocolClient (GrpcClientProtocolClient.java:onNext(255)) - client-A5BCC62C3543->912a7d3b-e3f1-4985-b06b-5f0a929b8060: receive RaftClientReply:client-A5BCC62C3543->912a7d3b-e3f1-4985-b06b-5f0a929b8060@group-3636E5E7603C, cid=1799, SUCCESS, logIndex=2600, commits[912a7d3b-e3f1-4985-b06b-5f0a929b8060:c2601]
2019-07-13 08:32:30,344 INFO  client.GrpcClientProtocolClient (GrpcClientProtocolClient.java:onNext(255)) - client-A5BCC62C3543->912a7d3b-e3f1-4985-b06b-5f0a929b8060: receive RaftClientReply:client-A5BCC62C3543->912a7d3b-e3f1-4985-b06b-5f0a929b8060@group-3636E5E7603C, cid=1800, SUCCESS, logIndex=2601, commits[912a7d3b-e3f1-4985-b06b-5f0a929b8060:c2601]
2019-07-13 08:32:30,372 INFO  client.GrpcClientProtocolClient (GrpcClientProtocolClient.java:onNext(255)) - client-A5BCC62C3543->912a7d3b-e3f1-4985-b06b-5f0a929b8060: receive RaftClientReply:client-A5BCC62C3543->912a7d3b-e3f1-4985-b06b-5f0a929b8060@group-3636E5E7603C, cid=1801, SUCCESS, logIndex=2604, commits[912a7d3b-e3f1-4985-b06b-5f0a929b8060:c2607]
2019-07-13 08:32:30,373 INFO  client.GrpcClientProtocolClient (GrpcClientProtocolClient.java:onNext(255)) - client-A5BCC62C3543->912a7d3b-e3f1-4985-b06b-5f0a929b8060: receive RaftClientReply:client-A5BCC62C3543->912a7d3b-e3f1-4985-b06b-5f0a929b8060@group-3636E5E7603C, cid=1802, SUCCESS, logIndex=2605, commits[912a7d3b-e3f1-4985-b06b-5f0a929b8060:c2608]
2019-07-13 08:32:30,373 INFO  client.GrpcClientProtocolClient (GrpcClientProtocolClient.java:onNext(255)) - client-A5BCC62C3543->912a7d3b-e3f1-4985-b06b-5f0a929b8060: receive RaftClientReply:client-A5BCC62C3543->912a7d3b-e3f1-4985-b06b-5f0a929b8060@group-3636E5E7603C, cid=1803, SUCCESS, logIndex=2606, commits[912a7d3b-e3f1-4985-b06b-5f0a929b8060:c2608]
2019-07-13 08:32:30,373 INFO  client.GrpcClientProtocolClient (GrpcClientProtocolClient.java:onNext(255)) - client-A5BCC62C3543->912a7d3b-e3f1-4985-b06b-5f0a929b8060: receive RaftClientReply:client-A5BCC62C3543->912a7d3b-e3f1-4985-b06b-5f0a929b8060@group-3636E5E7603C, cid=1804, SUCCESS, logIndex=2607, commits[912a7d3b-e3f1-4985-b06b-5f0a929b8060:c2608]
2019-07-13 08:32:30,393 INFO  client.GrpcClientProtocolClient (GrpcClientProtocolClient.java:onNext(255)) - client-A5BCC62C3543->912a7d3b-e3f1-4985-b06b-5f0a929b8060: receive RaftClientReply:client-A5BCC62C3543->912a7d3b-e3f1-4985-b06b-5f0a929b8060@group-3636E5E7603C, cid=1805, SUCCESS, logIndex=2609, commits[912a7d3b-e3f1-4985-b06b-5f0a929b8060:c2610]
2019-07-13 08:32:30,394 INFO  client.GrpcClientProtocolClient (GrpcClientProtocolClient.java:onNext(255)) - client-A5BCC62C3543->912a7d3b-e3f1-4985-b06b-5f0a929b8060: receive RaftClientReply:client-A5BCC62C3543->912a7d3b-e3f1-4985-b06b-5f0a929b8060@group-3636E5E7603C, cid=1806, SUCCESS, logIndex=2610, commits[912a7d3b-e3f1-4985-b06b-5f0a929b8060:c2610]
2019-07-13 08:32:30,395 INFO  client.GrpcClientProtocolClient (GrpcClientProtocolClient.java:onNext(255)) - client-A5BCC62C3543->912a7d3b-e3f1-4985-b06b-5f0a929b8060: receive RaftClientReply:client-A5BCC62C3543->912a7d3b-e3f1-4985-b06b-5f0a929b8060@group-3636E5E7603C, cid=1807, SUCCESS, logIndex=2611, commits[912a7d3b-e3f1-4985-b06b-5f0a929b8060:c2612]
2019-07-13 08:32:30,396 INFO  client.GrpcClientProtocolClient (GrpcClientProtocolClient.java:onNext(255)) - client-A5BCC62C3543->912a7d3b-e3f1-4985-b06b-5f0a929b8060: receive RaftClientReply:client-A5BCC62C3543->912a7d3b-e3f1-4985-b06b-5f0a929b8060@group-3636E5E7603C, cid=1808, SUCCESS, logIndex=2612, commits[912a7d3b-e3f1-4985-b06b-5f0a929b8060:c2612]
2019-07-13 08:32:30,398 DEBUG block.SCMBlockDeletingService (SCMBlockDeletingService.java:call(138)) - Running DeletedBlockTransactionScanner
2019-07-13 08:32:30,399 DEBUG block.SCMBlockDeletingService (SCMBlockDeletingService.java:call(155)) - Scanned deleted blocks log and got 0 delTX to process.
2019-07-13 08:32:30,419 INFO  client.GrpcClientProtocolClient (GrpcClientProtocolClient.java:onNext(255)) - client-A5BCC62C3543->912a7d3b-e3f1-4985-b06b-5f0a929b8060: receive RaftClientReply:client-A5BCC62C3543->912a7d3b-e3f1-4985-b06b-5f0a929b8060@group-3636E5E7603C, cid=1809, SUCCESS, logIndex=2615, commits[912a7d3b-e3f1-4985-b06b-5f0a929b8060:c2618]
2019-07-13 08:32:30,420 INFO  client.GrpcClientProtocolClient (GrpcClientProtocolClient.java:onNext(255)) - client-A5BCC62C3543->912a7d3b-e3f1-4985-b06b-5f0a929b8060: receive RaftClientReply:client-A5BCC62C3543->912a7d3b-e3f1-4985-b06b-5f0a929b8060@group-3636E5E7603C, cid=1810, SUCCESS, logIndex=2616, commits[912a7d3b-e3f1-4985-b06b-5f0a929b8060:c2619]
2019-07-13 08:32:30,420 INFO  client.GrpcClientProtocolClient (GrpcClientProtocolClient.java:onNext(255)) - client-A5BCC62C3543->912a7d3b-e3f1-4985-b06b-5f0a929b8060: receive RaftClientReply:client-A5BCC62C3543->912a7d3b-e3f1-4985-b06b-5f0a929b8060@group-3636E5E7603C, cid=1811, SUCCESS, logIndex=2617, commits[912a7d3b-e3f1-4985-b06b-5f0a929b8060:c2619]
2019-07-13 08:32:30,421 INFO  client.GrpcClientProtocolClient (GrpcClientProtocolClient.java:onNext(255)) - client-A5BCC62C3543->912a7d3b-e3f1-4985-b06b-5f0a929b8060: receive RaftClientReply:client-A5BCC62C3543->912a7d3b-e3f1-4985-b06b-5f0a929b8060@group-3636E5E7603C, cid=1812, SUCCESS, logIndex=2618, commits[912a7d3b-e3f1-4985-b06b-5f0a929b8060:c2619]
2019-07-13 08:32:30,499 DEBUG block.SCMBlockDeletingService (SCMBlockDeletingService.java:call(138)) - Running DeletedBlockTransactionScanner
2019-07-13 08:32:30,500 DEBUG block.SCMBlockDeletingService (SCMBlockDeletingService.java:call(155)) - Scanned deleted blocks log and got 0 delTX to process.
2019-07-13 08:32:30,600 DEBUG block.SCMBlockDeletingService (SCMBlockDeletingService.java:call(138)) - Running DeletedBlockTransactionScanner
2019-07-13 08:32:30,600 DEBUG block.SCMBlockDeletingService (SCMBlockDeletingService.java:call(155)) - Scanned deleted blocks log and got 0 delTX to process.
2019-07-13 08:32:30,637 INFO  client.GrpcClientProtocolClient (GrpcClientProtocolClient.java:onNext(255)) - client-A5BCC62C3543->912a7d3b-e3f1-4985-b06b-5f0a929b8060: receive RaftClientReply:client-A5BCC62C3543->912a7d3b-e3f1-4985-b06b-5f0a929b8060@group-3636E5E7603C, cid=1813, SUCCESS, logIndex=2620, commits[912a7d3b-e3f1-4985-b06b-5f0a929b8060:c2623]
2019-07-13 08:32:30,637 INFO  client.GrpcClientProtocolClient (GrpcClientProtocolClient.java:onNext(255)) - client-A5BCC62C3543->912a7d3b-e3f1-4985-b06b-5f0a929b8060: receive RaftClientReply:client-A5BCC62C3543->912a7d3b-e3f1-4985-b06b-5f0a929b8060@group-3636E5E7603C, cid=1814, SUCCESS, logIndex=2621, commits[912a7d3b-e3f1-4985-b06b-5f0a929b8060:c2624]
2019-07-13 08:32:30,638 INFO  client.GrpcClientProtocolClient (GrpcClientProtocolClient.java:onNext(255)) - client-A5BCC62C3543->912a7d3b-e3f1-4985-b06b-5f0a929b8060: receive RaftClientReply:client-A5BCC62C3543->912a7d3b-e3f1-4985-b06b-5f0a929b8060@group-3636E5E7603C, cid=1815, SUCCESS, logIndex=2622, commits[912a7d3b-e3f1-4985-b06b-5f0a929b8060:c2624]
2019-07-13 08:32:30,638 INFO  client.GrpcClientProtocolClient (GrpcClientProtocolClient.java:onNext(255)) - client-A5BCC62C3543->912a7d3b-e3f1-4985-b06b-5f0a929b8060: receive RaftClientReply:client-A5BCC62C3543->912a7d3b-e3f1-4985-b06b-5f0a929b8060@group-3636E5E7603C, cid=1816, SUCCESS, logIndex=2623, commits[912a7d3b-e3f1-4985-b06b-5f0a929b8060:c2624]
2019-07-13 08:32:30,669 INFO  client.GrpcClientProtocolClient (GrpcClientProtocolClient.java:onNext(255)) - client-A5BCC62C3543->912a7d3b-e3f1-4985-b06b-5f0a929b8060: receive RaftClientReply:client-A5BCC62C3543->912a7d3b-e3f1-4985-b06b-5f0a929b8060@group-3636E5E7603C, cid=1817, SUCCESS, logIndex=2625, commits[912a7d3b-e3f1-4985-b06b-5f0a929b8060:c2628]
2019-07-13 08:32:30,670 INFO  client.GrpcClientProtocolClient (GrpcClientProtocolClient.java:onNext(255)) - client-A5BCC62C3543->912a7d3b-e3f1-4985-b06b-5f0a929b8060: receive RaftClientReply:client-A5BCC62C3543->912a7d3b-e3f1-4985-b06b-5f0a929b8060@group-3636E5E7603C, cid=1818, SUCCESS, logIndex=2626, commits[912a7d3b-e3f1-4985-b06b-5f0a929b8060:c2629]
2019-07-13 08:32:30,670 INFO  client.GrpcClientProtocolClient (GrpcClientProtocolClient.java:onNext(255)) - client-A5BCC62C3543->912a7d3b-e3f1-4985-b06b-5f0a929b8060: receive RaftClientReply:client-A5BCC62C3543->912a7d3b-e3f1-4985-b06b-5f0a929b8060@group-3636E5E7603C, cid=1819, SUCCESS, logIndex=2627, commits[912a7d3b-e3f1-4985-b06b-5f0a929b8060:c2629]
2019-07-13 08:32:30,670 INFO  client.GrpcClientProtocolClient (GrpcClientProtocolClient.java:onNext(255)) - client-A5BCC62C3543->912a7d3b-e3f1-4985-b06b-5f0a929b8060: receive RaftClientReply:client-A5BCC62C3543->912a7d3b-e3f1-4985-b06b-5f0a929b8060@group-3636E5E7603C, cid=1820, SUCCESS, logIndex=2628, commits[912a7d3b-e3f1-4985-b06b-5f0a929b8060:c2629]
2019-07-13 08:32:30,689 INFO  client.GrpcClientProtocolClient (GrpcClientProtocolClient.java:onNext(255)) - client-A5BCC62C3543->912a7d3b-e3f1-4985-b06b-5f0a929b8060: receive RaftClientReply:client-A5BCC62C3543->912a7d3b-e3f1-4985-b06b-5f0a929b8060@group-3636E5E7603C, cid=1821, SUCCESS, logIndex=2630, commits[912a7d3b-e3f1-4985-b06b-5f0a929b8060:c2631]
2019-07-13 08:32:30,689 INFO  client.GrpcClientProtocolClient (GrpcClientProtocolClient.java:onNext(255)) - client-A5BCC62C3543->912a7d3b-e3f1-4985-b06b-5f0a929b8060: receive RaftClientReply:client-A5BCC62C3543->912a7d3b-e3f1-4985-b06b-5f0a929b8060@group-3636E5E7603C, cid=1822, SUCCESS, logIndex=2631, commits[912a7d3b-e3f1-4985-b06b-5f0a929b8060:c2631]
2019-07-13 08:32:30,691 INFO  client.GrpcClientProtocolClient (GrpcClientProtocolClient.java:onNext(255)) - client-A5BCC62C3543->912a7d3b-e3f1-4985-b06b-5f0a929b8060: receive RaftClientReply:client-A5BCC62C3543->912a7d3b-e3f1-4985-b06b-5f0a929b8060@group-3636E5E7603C, cid=1823, SUCCESS, logIndex=2632, commits[912a7d3b-e3f1-4985-b06b-5f0a929b8060:c2633]
2019-07-13 08:32:30,691 INFO  client.GrpcClientProtocolClient (GrpcClientProtocolClient.java:onNext(255)) - client-A5BCC62C3543->912a7d3b-e3f1-4985-b06b-5f0a929b8060: receive RaftClientReply:client-A5BCC62C3543->912a7d3b-e3f1-4985-b06b-5f0a929b8060@group-3636E5E7603C, cid=1824, SUCCESS, logIndex=2633, commits[912a7d3b-e3f1-4985-b06b-5f0a929b8060:c2633]
2019-07-13 08:32:30,701 DEBUG block.SCMBlockDeletingService (SCMBlockDeletingService.java:call(138)) - Running DeletedBlockTransactionScanner
2019-07-13 08:32:30,701 DEBUG block.SCMBlockDeletingService (SCMBlockDeletingService.java:call(155)) - Scanned deleted blocks log and got 0 delTX to process.
2019-07-13 08:32:30,727 INFO  client.GrpcClientProtocolClient (GrpcClientProtocolClient.java:onNext(255)) - client-A5BCC62C3543->912a7d3b-e3f1-4985-b06b-5f0a929b8060: receive RaftClientReply:client-A5BCC62C3543->912a7d3b-e3f1-4985-b06b-5f0a929b8060@group-3636E5E7603C, cid=1825, SUCCESS, logIndex=2636, commits[912a7d3b-e3f1-4985-b06b-5f0a929b8060:c2639]
2019-07-13 08:32:30,728 INFO  client.GrpcClientProtocolClient (GrpcClientProtocolClient.java:onNext(255)) - client-A5BCC62C3543->912a7d3b-e3f1-4985-b06b-5f0a929b8060: receive RaftClientReply:client-A5BCC62C3543->912a7d3b-e3f1-4985-b06b-5f0a929b8060@group-3636E5E7603C, cid=1826, SUCCESS, logIndex=2637, commits[912a7d3b-e3f1-4985-b06b-5f0a929b8060:c2640]
2019-07-13 08:32:30,728 INFO  client.GrpcClientProtocolClient (GrpcClientProtocolClient.java:onNext(255)) - client-A5BCC62C3543->912a7d3b-e3f1-4985-b06b-5f0a929b8060: receive RaftClientReply:client-A5BCC62C3543->912a7d3b-e3f1-4985-b06b-5f0a929b8060@group-3636E5E7603C, cid=1827, SUCCESS, logIndex=2638, commits[912a7d3b-e3f1-4985-b06b-5f0a929b8060:c2640]
2019-07-13 08:32:30,729 INFO  client.GrpcClientProtocolClient (GrpcClientProtocolClient.java:onNext(255)) - client-A5BCC62C3543->912a7d3b-e3f1-4985-b06b-5f0a929b8060: receive RaftClientReply:client-A5BCC62C3543->912a7d3b-e3f1-4985-b06b-5f0a929b8060@group-3636E5E7603C, cid=1828, SUCCESS, logIndex=2639, commits[912a7d3b-e3f1-4985-b06b-5f0a929b8060:c2640]
2019-07-13 08:32:30,750 INFO  client.GrpcClientProtocolClient (GrpcClientProtocolClient.java:onNext(255)) - client-A5BCC62C3543->912a7d3b-e3f1-4985-b06b-5f0a929b8060: receive RaftClientReply:client-A5BCC62C3543->912a7d3b-e3f1-4985-b06b-5f0a929b8060@group-3636E5E7603C, cid=1829, SUCCESS, logIndex=2641, commits[912a7d3b-e3f1-4985-b06b-5f0a929b8060:c2644]
2019-07-13 08:32:30,751 INFO  client.GrpcClientProtocolClient (GrpcClientProtocolClient.java:onNext(255)) - client-A5BCC62C3543->912a7d3b-e3f1-4985-b06b-5f0a929b8060: receive RaftClientReply:client-A5BCC62C3543->912a7d3b-e3f1-4985-b06b-5f0a929b8060@group-3636E5E7603C, cid=1830, SUCCESS, logIndex=2642, commits[912a7d3b-e3f1-4985-b06b-5f0a929b8060:c2645]
2019-07-13 08:32:30,751 INFO  client.GrpcClientProtocolClient (GrpcClientProtocolClient.java:onNext(255)) - client-A5BCC62C3543->912a7d3b-e3f1-4985-b06b-5f0a929b8060: receive RaftClientReply:client-A5BCC62C3543->912a7d3b-e3f1-4985-b06b-5f0a929b8060@group-3636E5E7603C, cid=1831, SUCCESS, logIndex=2643, commits[912a7d3b-e3f1-4985-b06b-5f0a929b8060:c2645]
2019-07-13 08:32:30,752 INFO  client.GrpcClientProtocolClient (GrpcClientProtocolClient.java:onNext(255)) - client-A5BCC62C3543->912a7d3b-e3f1-4985-b06b-5f0a929b8060: receive RaftClientReply:client-A5BCC62C3543->912a7d3b-e3f1-4985-b06b-5f0a929b8060@group-3636E5E7603C, cid=1832, SUCCESS, logIndex=2644, commits[912a7d3b-e3f1-4985-b06b-5f0a929b8060:c2645]
2019-07-13 08:32:30,788 INFO  client.GrpcClientProtocolClient (GrpcClientProtocolClient.java:onNext(255)) - client-A5BCC62C3543->912a7d3b-e3f1-4985-b06b-5f0a929b8060: receive RaftClientReply:client-A5BCC62C3543->912a7d3b-e3f1-4985-b06b-5f0a929b8060@group-3636E5E7603C, cid=1833, SUCCESS, logIndex=2646, commits[912a7d3b-e3f1-4985-b06b-5f0a929b8060:c2649]
2019-07-13 08:32:30,790 INFO  client.GrpcClientProtocolClient (GrpcClientProtocolClient.java:onNext(255)) - client-A5BCC62C3543->912a7d3b-e3f1-4985-b06b-5f0a929b8060: receive RaftClientReply:client-A5BCC62C3543->912a7d3b-e3f1-4985-b06b-5f0a929b8060@group-3636E5E7603C, cid=1834, SUCCESS, logIndex=2647, commits[912a7d3b-e3f1-4985-b06b-5f0a929b8060:c2650]
2019-07-13 08:32:30,791 INFO  client.GrpcClientProtocolClient (GrpcClientProtocolClient.java:onNext(255)) - client-A5BCC62C3543->912a7d3b-e3f1-4985-b06b-5f0a929b8060: receive RaftClientReply:client-A5BCC62C3543->912a7d3b-e3f1-4985-b06b-5f0a929b8060@group-3636E5E7603C, cid=1835, SUCCESS, logIndex=2648, commits[912a7d3b-e3f1-4985-b06b-5f0a929b8060:c2650]
2019-07-13 08:32:30,791 INFO  client.GrpcClientProtocolClient (GrpcClientProtocolClient.java:onNext(255)) - client-A5BCC62C3543->912a7d3b-e3f1-4985-b06b-5f0a929b8060: receive RaftClientReply:client-A5BCC62C3543->912a7d3b-e3f1-4985-b06b-5f0a929b8060@group-3636E5E7603C, cid=1836, SUCCESS, logIndex=2649, commits[912a7d3b-e3f1-4985-b06b-5f0a929b8060:c2650]
2019-07-13 08:32:30,802 DEBUG block.SCMBlockDeletingService (SCMBlockDeletingService.java:call(138)) - Running DeletedBlockTransactionScanner
2019-07-13 08:32:30,802 DEBUG block.SCMBlockDeletingService (SCMBlockDeletingService.java:call(155)) - Scanned deleted blocks log and got 0 delTX to process.
2019-07-13 08:32:30,818 INFO  client.GrpcClientProtocolClient (GrpcClientProtocolClient.java:onNext(255)) - client-A5BCC62C3543->912a7d3b-e3f1-4985-b06b-5f0a929b8060: receive RaftClientReply:client-A5BCC62C3543->912a7d3b-e3f1-4985-b06b-5f0a929b8060@group-3636E5E7603C, cid=1837, SUCCESS, logIndex=2651, commits[912a7d3b-e3f1-4985-b06b-5f0a929b8060:c2654]
2019-07-13 08:32:30,819 INFO  client.GrpcClientProtocolClient (GrpcClientProtocolClient.java:onNext(255)) - client-A5BCC62C3543->912a7d3b-e3f1-4985-b06b-5f0a929b8060: receive RaftClientReply:client-A5BCC62C3543->912a7d3b-e3f1-4985-b06b-5f0a929b8060@group-3636E5E7603C, cid=1838, SUCCESS, logIndex=2652, commits[912a7d3b-e3f1-4985-b06b-5f0a929b8060:c2654]
2019-07-13 08:32:30,819 INFO  client.GrpcClientProtocolClient (GrpcClientProtocolClient.java:onNext(255)) - client-A5BCC62C3543->912a7d3b-e3f1-4985-b06b-5f0a929b8060: receive RaftClientReply:client-A5BCC62C3543->912a7d3b-e3f1-4985-b06b-5f0a929b8060@group-3636E5E7603C, cid=1839, SUCCESS, logIndex=2653, commits[912a7d3b-e3f1-4985-b06b-5f0a929b8060:c2654]
2019-07-13 08:32:30,819 INFO  client.GrpcClientProtocolClient (GrpcClientProtocolClient.java:onNext(255)) - client-A5BCC62C3543->912a7d3b-e3f1-4985-b06b-5f0a929b8060: receive RaftClientReply:client-A5BCC62C3543->912a7d3b-e3f1-4985-b06b-5f0a929b8060@group-3636E5E7603C, cid=1840, SUCCESS, logIndex=2654, commits[912a7d3b-e3f1-4985-b06b-5f0a929b8060:c2654]
2019-07-13 08:32:30,855 INFO  client.GrpcClientProtocolClient (GrpcClientProtocolClient.java:onNext(255)) - client-A5BCC62C3543->912a7d3b-e3f1-4985-b06b-5f0a929b8060: receive RaftClientReply:client-A5BCC62C3543->912a7d3b-e3f1-4985-b06b-5f0a929b8060@group-3636E5E7603C, cid=1841, SUCCESS, logIndex=2656, commits[912a7d3b-e3f1-4985-b06b-5f0a929b8060:c2659]
2019-07-13 08:32:30,856 INFO  client.GrpcClientProtocolClient (GrpcClientProtocolClient.java:onNext(255)) - client-A5BCC62C3543->912a7d3b-e3f1-4985-b06b-5f0a929b8060: receive RaftClientReply:client-A5BCC62C3543->912a7d3b-e3f1-4985-b06b-5f0a929b8060@group-3636E5E7603C, cid=1842, SUCCESS, logIndex=2657, commits[912a7d3b-e3f1-4985-b06b-5f0a929b8060:c2660]
2019-07-13 08:32:30,856 INFO  client.GrpcClientProtocolClient (GrpcClientProtocolClient.java:onNext(255)) - client-A5BCC62C3543->912a7d3b-e3f1-4985-b06b-5f0a929b8060: receive RaftClientReply:client-A5BCC62C3543->912a7d3b-e3f1-4985-b06b-5f0a929b8060@group-3636E5E7603C, cid=1843, SUCCESS, logIndex=2658, commits[912a7d3b-e3f1-4985-b06b-5f0a929b8060:c2660]
2019-07-13 08:32:30,856 INFO  client.GrpcClientProtocolClient (GrpcClientProtocolClient.java:onNext(255)) - client-A5BCC62C3543->912a7d3b-e3f1-4985-b06b-5f0a929b8060: receive RaftClientReply:client-A5BCC62C3543->912a7d3b-e3f1-4985-b06b-5f0a929b8060@group-3636E5E7603C, cid=1844, SUCCESS, logIndex=2659, commits[912a7d3b-e3f1-4985-b06b-5f0a929b8060:c2660]
2019-07-13 08:32:30,880 INFO  client.GrpcClientProtocolClient (GrpcClientProtocolClient.java:onNext(255)) - client-A5BCC62C3543->912a7d3b-e3f1-4985-b06b-5f0a929b8060: receive RaftClientReply:client-A5BCC62C3543->912a7d3b-e3f1-4985-b06b-5f0a929b8060@group-3636E5E7603C, cid=1845, SUCCESS, logIndex=2661, commits[912a7d3b-e3f1-4985-b06b-5f0a929b8060:c2664]
2019-07-13 08:32:30,880 INFO  client.GrpcClientProtocolClient (GrpcClientProtocolClient.java:onNext(255)) - client-A5BCC62C3543->912a7d3b-e3f1-4985-b06b-5f0a929b8060: receive RaftClientReply:client-A5BCC62C3543->912a7d3b-e3f1-4985-b06b-5f0a929b8060@group-3636E5E7603C, cid=1846, SUCCESS, logIndex=2662, commits[912a7d3b-e3f1-4985-b06b-5f0a929b8060:c2664]
2019-07-13 08:32:30,881 INFO  client.GrpcClientProtocolClient (GrpcClientProtocolClient.java:onNext(255)) - client-A5BCC62C3543->912a7d3b-e3f1-4985-b06b-5f0a929b8060: receive RaftClientReply:client-A5BCC62C3543->912a7d3b-e3f1-4985-b06b-5f0a929b8060@group-3636E5E7603C, cid=1847, SUCCESS, logIndex=2663, commits[912a7d3b-e3f1-4985-b06b-5f0a929b8060:c2664]
2019-07-13 08:32:30,881 INFO  client.GrpcClientProtocolClient (GrpcClientProtocolClient.java:onNext(255)) - client-A5BCC62C3543->912a7d3b-e3f1-4985-b06b-5f0a929b8060: receive RaftClientReply:client-A5BCC62C3543->912a7d3b-e3f1-4985-b06b-5f0a929b8060@group-3636E5E7603C, cid=1848, SUCCESS, logIndex=2664, commits[912a7d3b-e3f1-4985-b06b-5f0a929b8060:c2664]
2019-07-13 08:32:30,902 DEBUG block.SCMBlockDeletingService (SCMBlockDeletingService.java:call(138)) - Running DeletedBlockTransactionScanner
2019-07-13 08:32:30,903 DEBUG block.SCMBlockDeletingService (SCMBlockDeletingService.java:call(155)) - Scanned deleted blocks log and got 0 delTX to process.
2019-07-13 08:32:30,912 INFO  client.GrpcClientProtocolClient (GrpcClientProtocolClient.java:onNext(255)) - client-A5BCC62C3543->912a7d3b-e3f1-4985-b06b-5f0a929b8060: receive RaftClientReply:client-A5BCC62C3543->912a7d3b-e3f1-4985-b06b-5f0a929b8060@group-3636E5E7603C, cid=1849, SUCCESS, logIndex=2666, commits[912a7d3b-e3f1-4985-b06b-5f0a929b8060:c2669]
2019-07-13 08:32:30,913 INFO  client.GrpcClientProtocolClient (GrpcClientProtocolClient.java:onNext(255)) - client-A5BCC62C3543->912a7d3b-e3f1-4985-b06b-5f0a929b8060: receive RaftClientReply:client-A5BCC62C3543->912a7d3b-e3f1-4985-b06b-5f0a929b8060@group-3636E5E7603C, cid=1850, SUCCESS, logIndex=2667, commits[912a7d3b-e3f1-4985-b06b-5f0a929b8060:c2670]
2019-07-13 08:32:30,913 INFO  client.GrpcClientProtocolClient (GrpcClientProtocolClient.java:onNext(255)) - client-A5BCC62C3543->912a7d3b-e3f1-4985-b06b-5f0a929b8060: receive RaftClientReply:client-A5BCC62C3543->912a7d3b-e3f1-4985-b06b-5f0a929b8060@group-3636E5E7603C, cid=1851, SUCCESS, logIndex=2668, commits[912a7d3b-e3f1-4985-b06b-5f0a929b8060:c2670]
2019-07-13 08:32:30,914 INFO  client.GrpcClientProtocolClient (GrpcClientProtocolClient.java:onNext(255)) - client-A5BCC62C3543->912a7d3b-e3f1-4985-b06b-5f0a929b8060: receive RaftClientReply:client-A5BCC62C3543->912a7d3b-e3f1-4985-b06b-5f0a929b8060@group-3636E5E7603C, cid=1852, SUCCESS, logIndex=2669, commits[912a7d3b-e3f1-4985-b06b-5f0a929b8060:c2670]
2019-07-13 08:32:30,955 INFO  client.GrpcClientProtocolClient (GrpcClientProtocolClient.java:onNext(255)) - client-A5BCC62C3543->912a7d3b-e3f1-4985-b06b-5f0a929b8060: receive RaftClientReply:client-A5BCC62C3543->912a7d3b-e3f1-4985-b06b-5f0a929b8060@group-3636E5E7603C, cid=1853, SUCCESS, logIndex=2671, commits[912a7d3b-e3f1-4985-b06b-5f0a929b8060:c2674]
2019-07-13 08:32:30,955 INFO  client.GrpcClientProtocolClient (GrpcClientProtocolClient.java:onNext(255)) - client-A5BCC62C3543->912a7d3b-e3f1-4985-b06b-5f0a929b8060: receive RaftClientReply:client-A5BCC62C3543->912a7d3b-e3f1-4985-b06b-5f0a929b8060@group-3636E5E7603C, cid=1854, SUCCESS, logIndex=2672, commits[912a7d3b-e3f1-4985-b06b-5f0a929b8060:c2674]
2019-07-13 08:32:30,956 INFO  client.GrpcClientProtocolClient (GrpcClientProtocolClient.java:onNext(255)) - client-A5BCC62C3543->912a7d3b-e3f1-4985-b06b-5f0a929b8060: receive RaftClientReply:client-A5BCC62C3543->912a7d3b-e3f1-4985-b06b-5f0a929b8060@group-3636E5E7603C, cid=1855, SUCCESS, logIndex=2673, commits[912a7d3b-e3f1-4985-b06b-5f0a929b8060:c2674]
2019-07-13 08:32:30,956 INFO  client.GrpcClientProtocolClient (GrpcClientProtocolClient.java:onNext(255)) - client-A5BCC62C3543->912a7d3b-e3f1-4985-b06b-5f0a929b8060: receive RaftClientReply:client-A5BCC62C3543->912a7d3b-e3f1-4985-b06b-5f0a929b8060@group-3636E5E7603C, cid=1856, SUCCESS, logIndex=2674, commits[912a7d3b-e3f1-4985-b06b-5f0a929b8060:c2674]
2019-07-13 08:32:31,003 DEBUG block.SCMBlockDeletingService (SCMBlockDeletingService.java:call(138)) - Running DeletedBlockTransactionScanner
2019-07-13 08:32:31,004 DEBUG block.SCMBlockDeletingService (SCMBlockDeletingService.java:call(155)) - Scanned deleted blocks log and got 0 delTX to process.
2019-07-13 08:32:31,097 INFO  client.GrpcClientProtocolClient (GrpcClientProtocolClient.java:onNext(255)) - client-A5BCC62C3543->912a7d3b-e3f1-4985-b06b-5f0a929b8060: receive RaftClientReply:client-A5BCC62C3543->912a7d3b-e3f1-4985-b06b-5f0a929b8060@group-3636E5E7603C, cid=1857, SUCCESS, logIndex=2676, commits[912a7d3b-e3f1-4985-b06b-5f0a929b8060:c2679]
2019-07-13 08:32:31,098 INFO  client.GrpcClientProtocolClient (GrpcClientProtocolClient.java:onNext(255)) - client-A5BCC62C3543->912a7d3b-e3f1-4985-b06b-5f0a929b8060: receive RaftClientReply:client-A5BCC62C3543->912a7d3b-e3f1-4985-b06b-5f0a929b8060@group-3636E5E7603C, cid=1858, SUCCESS, logIndex=2677, commits[912a7d3b-e3f1-4985-b06b-5f0a929b8060:c2680]
2019-07-13 08:32:31,098 INFO  client.GrpcClientProtocolClient (GrpcClientProtocolClient.java:onNext(255)) - client-A5BCC62C3543->912a7d3b-e3f1-4985-b06b-5f0a929b8060: receive RaftClientReply:client-A5BCC62C3543->912a7d3b-e3f1-4985-b06b-5f0a929b8060@group-3636E5E7603C, cid=1859, SUCCESS, logIndex=2678, commits[912a7d3b-e3f1-4985-b06b-5f0a929b8060:c2680]
2019-07-13 08:32:31,098 INFO  client.GrpcClientProtocolClient (GrpcClientProtocolClient.java:onNext(255)) - client-A5BCC62C3543->912a7d3b-e3f1-4985-b06b-5f0a929b8060: receive RaftClientReply:client-A5BCC62C3543->912a7d3b-e3f1-4985-b06b-5f0a929b8060@group-3636E5E7603C, cid=1860, SUCCESS, logIndex=2679, commits[912a7d3b-e3f1-4985-b06b-5f0a929b8060:c2680]
2019-07-13 08:32:31,104 DEBUG block.SCMBlockDeletingService (SCMBlockDeletingService.java:call(138)) - Running DeletedBlockTransactionScanner
2019-07-13 08:32:31,104 DEBUG block.SCMBlockDeletingService (SCMBlockDeletingService.java:call(155)) - Scanned deleted blocks log and got 0 delTX to process.
2019-07-13 08:32:31,120 INFO  client.GrpcClientProtocolClient (GrpcClientProtocolClient.java:onNext(255)) - client-A5BCC62C3543->912a7d3b-e3f1-4985-b06b-5f0a929b8060: receive RaftClientReply:client-A5BCC62C3543->912a7d3b-e3f1-4985-b06b-5f0a929b8060@group-3636E5E7603C, cid=1861, SUCCESS, logIndex=2681, commits[912a7d3b-e3f1-4985-b06b-5f0a929b8060:c2684]
2019-07-13 08:32:31,120 INFO  client.GrpcClientProtocolClient (GrpcClientProtocolClient.java:onNext(255)) - client-A5BCC62C3543->912a7d3b-e3f1-4985-b06b-5f0a929b8060: receive RaftClientReply:client-A5BCC62C3543->912a7d3b-e3f1-4985-b06b-5f0a929b8060@group-3636E5E7603C, cid=1862, SUCCESS, logIndex=2682, commits[912a7d3b-e3f1-4985-b06b-5f0a929b8060:c2685]
2019-07-13 08:32:31,121 INFO  client.GrpcClientProtocolClient (GrpcClientProtocolClient.java:onNext(255)) - client-A5BCC62C3543->912a7d3b-e3f1-4985-b06b-5f0a929b8060: receive RaftClientReply:client-A5BCC62C3543->912a7d3b-e3f1-4985-b06b-5f0a929b8060@group-3636E5E7603C, cid=1863, SUCCESS, logIndex=2683, commits[912a7d3b-e3f1-4985-b06b-5f0a929b8060:c2685]
2019-07-13 08:32:31,121 INFO  client.GrpcClientProtocolClient (GrpcClientProtocolClient.java:onNext(255)) - client-A5BCC62C3543->912a7d3b-e3f1-4985-b06b-5f0a929b8060: receive RaftClientReply:client-A5BCC62C3543->912a7d3b-e3f1-4985-b06b-5f0a929b8060@group-3636E5E7603C, cid=1864, SUCCESS, logIndex=2684, commits[912a7d3b-e3f1-4985-b06b-5f0a929b8060:c2685]
2019-07-13 08:32:31,153 INFO  client.GrpcClientProtocolClient (GrpcClientProtocolClient.java:onNext(255)) - client-A5BCC62C3543->912a7d3b-e3f1-4985-b06b-5f0a929b8060: receive RaftClientReply:client-A5BCC62C3543->912a7d3b-e3f1-4985-b06b-5f0a929b8060@group-3636E5E7603C, cid=1865, SUCCESS, logIndex=2686, commits[912a7d3b-e3f1-4985-b06b-5f0a929b8060:c2689]
2019-07-13 08:32:31,154 INFO  client.GrpcClientProtocolClient (GrpcClientProtocolClient.java:onNext(255)) - client-A5BCC62C3543->912a7d3b-e3f1-4985-b06b-5f0a929b8060: receive RaftClientReply:client-A5BCC62C3543->912a7d3b-e3f1-4985-b06b-5f0a929b8060@group-3636E5E7603C, cid=1866, SUCCESS, logIndex=2687, commits[912a7d3b-e3f1-4985-b06b-5f0a929b8060:c2690]
2019-07-13 08:32:31,155 INFO  client.GrpcClientProtocolClient (GrpcClientProtocolClient.java:onNext(255)) - client-A5BCC62C3543->912a7d3b-e3f1-4985-b06b-5f0a929b8060: receive RaftClientReply:client-A5BCC62C3543->912a7d3b-e3f1-4985-b06b-5f0a929b8060@group-3636E5E7603C, cid=1867, SUCCESS, logIndex=2688, commits[912a7d3b-e3f1-4985-b06b-5f0a929b8060:c2690]
2019-07-13 08:32:31,161 INFO  client.GrpcClientProtocolClient (GrpcClientProtocolClient.java:onNext(255)) - client-A5BCC62C3543->912a7d3b-e3f1-4985-b06b-5f0a929b8060: receive RaftClientReply:client-A5BCC62C3543->912a7d3b-e3f1-4985-b06b-5f0a929b8060@group-3636E5E7603C, cid=1868, SUCCESS, logIndex=2689, commits[912a7d3b-e3f1-4985-b06b-5f0a929b8060:c2690]
2019-07-13 08:32:31,184 INFO  client.GrpcClientProtocolClient (GrpcClientProtocolClient.java:onNext(255)) - client-A5BCC62C3543->912a7d3b-e3f1-4985-b06b-5f0a929b8060: receive RaftClientReply:client-A5BCC62C3543->912a7d3b-e3f1-4985-b06b-5f0a929b8060@group-3636E5E7603C, cid=1869, SUCCESS, logIndex=2691, commits[912a7d3b-e3f1-4985-b06b-5f0a929b8060:c2694]
2019-07-13 08:32:31,185 INFO  client.GrpcClientProtocolClient (GrpcClientProtocolClient.java:onNext(255)) - client-A5BCC62C3543->912a7d3b-e3f1-4985-b06b-5f0a929b8060: receive RaftClientReply:client-A5BCC62C3543->912a7d3b-e3f1-4985-b06b-5f0a929b8060@group-3636E5E7603C, cid=1870, SUCCESS, logIndex=2692, commits[912a7d3b-e3f1-4985-b06b-5f0a929b8060:c2695]
2019-07-13 08:32:31,185 INFO  client.GrpcClientProtocolClient (GrpcClientProtocolClient.java:onNext(255)) - client-A5BCC62C3543->912a7d3b-e3f1-4985-b06b-5f0a929b8060: receive RaftClientReply:client-A5BCC62C3543->912a7d3b-e3f1-4985-b06b-5f0a929b8060@group-3636E5E7603C, cid=1871, SUCCESS, logIndex=2693, commits[912a7d3b-e3f1-4985-b06b-5f0a929b8060:c2695]
2019-07-13 08:32:31,185 INFO  client.GrpcClientProtocolClient (GrpcClientProtocolClient.java:onNext(255)) - client-A5BCC62C3543->912a7d3b-e3f1-4985-b06b-5f0a929b8060: receive RaftClientReply:client-A5BCC62C3543->912a7d3b-e3f1-4985-b06b-5f0a929b8060@group-3636E5E7603C, cid=1872, SUCCESS, logIndex=2694, commits[912a7d3b-e3f1-4985-b06b-5f0a929b8060:c2695]
2019-07-13 08:32:31,205 DEBUG block.SCMBlockDeletingService (SCMBlockDeletingService.java:call(138)) - Running DeletedBlockTransactionScanner
2019-07-13 08:32:31,205 DEBUG block.SCMBlockDeletingService (SCMBlockDeletingService.java:call(155)) - Scanned deleted blocks log and got 0 delTX to process.
2019-07-13 08:32:31,217 INFO  client.GrpcClientProtocolClient (GrpcClientProtocolClient.java:onNext(255)) - client-A5BCC62C3543->912a7d3b-e3f1-4985-b06b-5f0a929b8060: receive RaftClientReply:client-A5BCC62C3543->912a7d3b-e3f1-4985-b06b-5f0a929b8060@group-3636E5E7603C, cid=1873, SUCCESS, logIndex=2696, commits[912a7d3b-e3f1-4985-b06b-5f0a929b8060:c2699]
2019-07-13 08:32:31,218 INFO  client.GrpcClientProtocolClient (GrpcClientProtocolClient.java:onNext(255)) - client-A5BCC62C3543->912a7d3b-e3f1-4985-b06b-5f0a929b8060: receive RaftClientReply:client-A5BCC62C3543->912a7d3b-e3f1-4985-b06b-5f0a929b8060@group-3636E5E7603C, cid=1874, SUCCESS, logIndex=2697, commits[912a7d3b-e3f1-4985-b06b-5f0a929b8060:c2700]
2019-07-13 08:32:31,218 INFO  client.GrpcClientProtocolClient (GrpcClientProtocolClient.java:onNext(255)) - client-A5BCC62C3543->912a7d3b-e3f1-4985-b06b-5f0a929b8060: receive RaftClientReply:client-A5BCC62C3543->912a7d3b-e3f1-4985-b06b-5f0a929b8060@group-3636E5E7603C, cid=1875, SUCCESS, logIndex=2698, commits[912a7d3b-e3f1-4985-b06b-5f0a929b8060:c2700]
2019-07-13 08:32:31,219 INFO  client.GrpcClientProtocolClient (GrpcClientProtocolClient.java:onNext(255)) - client-A5BCC62C3543->912a7d3b-e3f1-4985-b06b-5f0a929b8060: receive RaftClientReply:client-A5BCC62C3543->912a7d3b-e3f1-4985-b06b-5f0a929b8060@group-3636E5E7603C, cid=1876, SUCCESS, logIndex=2699, commits[912a7d3b-e3f1-4985-b06b-5f0a929b8060:c2700]
2019-07-13 08:32:31,242 INFO  client.GrpcClientProtocolClient (GrpcClientProtocolClient.java:onNext(255)) - client-A5BCC62C3543->912a7d3b-e3f1-4985-b06b-5f0a929b8060: receive RaftClientReply:client-A5BCC62C3543->912a7d3b-e3f1-4985-b06b-5f0a929b8060@group-3636E5E7603C, cid=1877, SUCCESS, logIndex=2701, commits[912a7d3b-e3f1-4985-b06b-5f0a929b8060:c2704]
2019-07-13 08:32:31,243 INFO  client.GrpcClientProtocolClient (GrpcClientProtocolClient.java:onNext(255)) - client-A5BCC62C3543->912a7d3b-e3f1-4985-b06b-5f0a929b8060: receive RaftClientReply:client-A5BCC62C3543->912a7d3b-e3f1-4985-b06b-5f0a929b8060@group-3636E5E7603C, cid=1878, SUCCESS, logIndex=2702, commits[912a7d3b-e3f1-4985-b06b-5f0a929b8060:c2705]
2019-07-13 08:32:31,243 INFO  client.GrpcClientProtocolClient (GrpcClientProtocolClient.java:onNext(255)) - client-A5BCC62C3543->912a7d3b-e3f1-4985-b06b-5f0a929b8060: receive RaftClientReply:client-A5BCC62C3543->912a7d3b-e3f1-4985-b06b-5f0a929b8060@group-3636E5E7603C, cid=1879, SUCCESS, logIndex=2703, commits[912a7d3b-e3f1-4985-b06b-5f0a929b8060:c2705]
2019-07-13 08:32:31,243 INFO  client.GrpcClientProtocolClient (GrpcClientProtocolClient.java:onNext(255)) - client-A5BCC62C3543->912a7d3b-e3f1-4985-b06b-5f0a929b8060: receive RaftClientReply:client-A5BCC62C3543->912a7d3b-e3f1-4985-b06b-5f0a929b8060@group-3636E5E7603C, cid=1880, SUCCESS, logIndex=2704, commits[912a7d3b-e3f1-4985-b06b-5f0a929b8060:c2705]
2019-07-13 08:32:31,274 INFO  client.GrpcClientProtocolClient (GrpcClientProtocolClient.java:onNext(255)) - client-A5BCC62C3543->912a7d3b-e3f1-4985-b06b-5f0a929b8060: receive RaftClientReply:client-A5BCC62C3543->912a7d3b-e3f1-4985-b06b-5f0a929b8060@group-3636E5E7603C, cid=1881, SUCCESS, logIndex=2706, commits[912a7d3b-e3f1-4985-b06b-5f0a929b8060:c2709]
2019-07-13 08:32:31,274 INFO  client.GrpcClientProtocolClient (GrpcClientProtocolClient.java:onNext(255)) - client-A5BCC62C3543->912a7d3b-e3f1-4985-b06b-5f0a929b8060: receive RaftClientReply:client-A5BCC62C3543->912a7d3b-e3f1-4985-b06b-5f0a929b8060@group-3636E5E7603C, cid=1882, SUCCESS, logIndex=2707, commits[912a7d3b-e3f1-4985-b06b-5f0a929b8060:c2710]
2019-07-13 08:32:31,275 INFO  client.GrpcClientProtocolClient (GrpcClientProtocolClient.java:onNext(255)) - client-A5BCC62C3543->912a7d3b-e3f1-4985-b06b-5f0a929b8060: receive RaftClientReply:client-A5BCC62C3543->912a7d3b-e3f1-4985-b06b-5f0a929b8060@group-3636E5E7603C, cid=1883, SUCCESS, logIndex=2708, commits[912a7d3b-e3f1-4985-b06b-5f0a929b8060:c2710]
2019-07-13 08:32:31,275 INFO  client.GrpcClientProtocolClient (GrpcClientProtocolClient.java:onNext(255)) - client-A5BCC62C3543->912a7d3b-e3f1-4985-b06b-5f0a929b8060: receive RaftClientReply:client-A5BCC62C3543->912a7d3b-e3f1-4985-b06b-5f0a929b8060@group-3636E5E7603C, cid=1884, SUCCESS, logIndex=2709, commits[912a7d3b-e3f1-4985-b06b-5f0a929b8060:c2710]
2019-07-13 08:32:31,302 INFO  client.GrpcClientProtocolClient (GrpcClientProtocolClient.java:onNext(255)) - client-A5BCC62C3543->912a7d3b-e3f1-4985-b06b-5f0a929b8060: receive RaftClientReply:client-A5BCC62C3543->912a7d3b-e3f1-4985-b06b-5f0a929b8060@group-3636E5E7603C, cid=1885, SUCCESS, logIndex=2711, commits[912a7d3b-e3f1-4985-b06b-5f0a929b8060:c2714]
2019-07-13 08:32:31,303 INFO  client.GrpcClientProtocolClient (GrpcClientProtocolClient.java:onNext(255)) - client-A5BCC62C3543->912a7d3b-e3f1-4985-b06b-5f0a929b8060: receive RaftClientReply:client-A5BCC62C3543->912a7d3b-e3f1-4985-b06b-5f0a929b8060@group-3636E5E7603C, cid=1886, SUCCESS, logIndex=2712, commits[912a7d3b-e3f1-4985-b06b-5f0a929b8060:c2715]
2019-07-13 08:32:31,303 INFO  client.GrpcClientProtocolClient (GrpcClientProtocolClient.java:onNext(255)) - client-A5BCC62C3543->912a7d3b-e3f1-4985-b06b-5f0a929b8060: receive RaftClientReply:client-A5BCC62C3543->912a7d3b-e3f1-4985-b06b-5f0a929b8060@group-3636E5E7603C, cid=1887, SUCCESS, logIndex=2713, commits[912a7d3b-e3f1-4985-b06b-5f0a929b8060:c2715]
2019-07-13 08:32:31,304 INFO  client.GrpcClientProtocolClient (GrpcClientProtocolClient.java:onNext(255)) - client-A5BCC62C3543->912a7d3b-e3f1-4985-b06b-5f0a929b8060: receive RaftClientReply:client-A5BCC62C3543->912a7d3b-e3f1-4985-b06b-5f0a929b8060@group-3636E5E7603C, cid=1888, SUCCESS, logIndex=2714, commits[912a7d3b-e3f1-4985-b06b-5f0a929b8060:c2715]
2019-07-13 08:32:31,306 DEBUG block.SCMBlockDeletingService (SCMBlockDeletingService.java:call(138)) - Running DeletedBlockTransactionScanner
2019-07-13 08:32:31,306 DEBUG block.SCMBlockDeletingService (SCMBlockDeletingService.java:call(155)) - Scanned deleted blocks log and got 0 delTX to process.
2019-07-13 08:32:31,335 INFO  client.GrpcClientProtocolClient (GrpcClientProtocolClient.java:onNext(255)) - client-A5BCC62C3543->912a7d3b-e3f1-4985-b06b-5f0a929b8060: receive RaftClientReply:client-A5BCC62C3543->912a7d3b-e3f1-4985-b06b-5f0a929b8060@group-3636E5E7603C, cid=1889, SUCCESS, logIndex=2716, commits[912a7d3b-e3f1-4985-b06b-5f0a929b8060:c2719]
2019-07-13 08:32:31,336 INFO  client.GrpcClientProtocolClient (GrpcClientProtocolClient.java:onNext(255)) - client-A5BCC62C3543->912a7d3b-e3f1-4985-b06b-5f0a929b8060: receive RaftClientReply:client-A5BCC62C3543->912a7d3b-e3f1-4985-b06b-5f0a929b8060@group-3636E5E7603C, cid=1890, SUCCESS, logIndex=2717, commits[912a7d3b-e3f1-4985-b06b-5f0a929b8060:c2720]
2019-07-13 08:32:31,336 INFO  client.GrpcClientProtocolClient (GrpcClientProtocolClient.java:onNext(255)) - client-A5BCC62C3543->912a7d3b-e3f1-4985-b06b-5f0a929b8060: receive RaftClientReply:client-A5BCC62C3543->912a7d3b-e3f1-4985-b06b-5f0a929b8060@group-3636E5E7603C, cid=1891, SUCCESS, logIndex=2718, commits[912a7d3b-e3f1-4985-b06b-5f0a929b8060:c2720]
2019-07-13 08:32:31,337 INFO  client.GrpcClientProtocolClient (GrpcClientProtocolClient.java:onNext(255)) - client-A5BCC62C3543->912a7d3b-e3f1-4985-b06b-5f0a929b8060: receive RaftClientReply:client-A5BCC62C3543->912a7d3b-e3f1-4985-b06b-5f0a929b8060@group-3636E5E7603C, cid=1892, SUCCESS, logIndex=2719, commits[912a7d3b-e3f1-4985-b06b-5f0a929b8060:c2720]
2019-07-13 08:32:31,360 INFO  client.GrpcClientProtocolClient (GrpcClientProtocolClient.java:onNext(255)) - client-A5BCC62C3543->912a7d3b-e3f1-4985-b06b-5f0a929b8060: receive RaftClientReply:client-A5BCC62C3543->912a7d3b-e3f1-4985-b06b-5f0a929b8060@group-3636E5E7603C, cid=1893, SUCCESS, logIndex=2721, commits[912a7d3b-e3f1-4985-b06b-5f0a929b8060:c2724]
2019-07-13 08:32:31,361 INFO  client.GrpcClientProtocolClient (GrpcClientProtocolClient.java:onNext(255)) - client-A5BCC62C3543->912a7d3b-e3f1-4985-b06b-5f0a929b8060: receive RaftClientReply:client-A5BCC62C3543->912a7d3b-e3f1-4985-b06b-5f0a929b8060@group-3636E5E7603C, cid=1894, SUCCESS, logIndex=2722, commits[912a7d3b-e3f1-4985-b06b-5f0a929b8060:c2725]
2019-07-13 08:32:31,361 INFO  client.GrpcClientProtocolClient (GrpcClientProtocolClient.java:onNext(255)) - client-A5BCC62C3543->912a7d3b-e3f1-4985-b06b-5f0a929b8060: receive RaftClientReply:client-A5BCC62C3543->912a7d3b-e3f1-4985-b06b-5f0a929b8060@group-3636E5E7603C, cid=1895, SUCCESS, logIndex=2723, commits[912a7d3b-e3f1-4985-b06b-5f0a929b8060:c2725]
2019-07-13 08:32:31,361 INFO  client.GrpcClientProtocolClient (GrpcClientProtocolClient.java:onNext(255)) - client-A5BCC62C3543->912a7d3b-e3f1-4985-b06b-5f0a929b8060: receive RaftClientReply:client-A5BCC62C3543->912a7d3b-e3f1-4985-b06b-5f0a929b8060@group-3636E5E7603C, cid=1896, SUCCESS, logIndex=2724, commits[912a7d3b-e3f1-4985-b06b-5f0a929b8060:c2725]
2019-07-13 08:32:31,397 INFO  client.GrpcClientProtocolClient (GrpcClientProtocolClient.java:onNext(255)) - client-A5BCC62C3543->912a7d3b-e3f1-4985-b06b-5f0a929b8060: receive RaftClientReply:client-A5BCC62C3543->912a7d3b-e3f1-4985-b06b-5f0a929b8060@group-3636E5E7603C, cid=1897, SUCCESS, logIndex=2726, commits[912a7d3b-e3f1-4985-b06b-5f0a929b8060:c2729]
2019-07-13 08:32:31,398 INFO  client.GrpcClientProtocolClient (GrpcClientProtocolClient.java:onNext(255)) - client-A5BCC62C3543->912a7d3b-e3f1-4985-b06b-5f0a929b8060: receive RaftClientReply:client-A5BCC62C3543->912a7d3b-e3f1-4985-b06b-5f0a929b8060@group-3636E5E7603C, cid=1898, SUCCESS, logIndex=2727, commits[912a7d3b-e3f1-4985-b06b-5f0a929b8060:c2730]
2019-07-13 08:32:31,398 INFO  client.GrpcClientProtocolClient (GrpcClientProtocolClient.java:onNext(255)) - client-A5BCC62C3543->912a7d3b-e3f1-4985-b06b-5f0a929b8060: receive RaftClientReply:client-A5BCC62C3543->912a7d3b-e3f1-4985-b06b-5f0a929b8060@group-3636E5E7603C, cid=1899, SUCCESS, logIndex=2728, commits[912a7d3b-e3f1-4985-b06b-5f0a929b8060:c2730]
2019-07-13 08:32:31,399 INFO  client.GrpcClientProtocolClient (GrpcClientProtocolClient.java:onNext(255)) - client-A5BCC62C3543->912a7d3b-e3f1-4985-b06b-5f0a929b8060: receive RaftClientReply:client-A5BCC62C3543->912a7d3b-e3f1-4985-b06b-5f0a929b8060@group-3636E5E7603C, cid=1900, SUCCESS, logIndex=2729, commits[912a7d3b-e3f1-4985-b06b-5f0a929b8060:c2730]
2019-07-13 08:32:31,470 DEBUG block.SCMBlockDeletingService (SCMBlockDeletingService.java:call(138)) - Running DeletedBlockTransactionScanner
2019-07-13 08:32:31,471 DEBUG block.SCMBlockDeletingService (SCMBlockDeletingService.java:call(155)) - Scanned deleted blocks log and got 0 delTX to process.
2019-07-13 08:32:31,571 DEBUG block.SCMBlockDeletingService (SCMBlockDeletingService.java:call(138)) - Running DeletedBlockTransactionScanner
2019-07-13 08:32:31,571 DEBUG block.SCMBlockDeletingService (SCMBlockDeletingService.java:call(155)) - Scanned deleted blocks log and got 0 delTX to process.
2019-07-13 08:32:31,582 INFO  client.GrpcClientProtocolClient (GrpcClientProtocolClient.java:onNext(255)) - client-A5BCC62C3543->912a7d3b-e3f1-4985-b06b-5f0a929b8060: receive RaftClientReply:client-A5BCC62C3543->912a7d3b-e3f1-4985-b06b-5f0a929b8060@group-3636E5E7603C, cid=1901, SUCCESS, logIndex=2731, commits[912a7d3b-e3f1-4985-b06b-5f0a929b8060:c2734]
2019-07-13 08:32:31,583 INFO  client.GrpcClientProtocolClient (GrpcClientProtocolClient.java:onNext(255)) - client-A5BCC62C3543->912a7d3b-e3f1-4985-b06b-5f0a929b8060: receive RaftClientReply:client-A5BCC62C3543->912a7d3b-e3f1-4985-b06b-5f0a929b8060@group-3636E5E7603C, cid=1902, SUCCESS, logIndex=2732, commits[912a7d3b-e3f1-4985-b06b-5f0a929b8060:c2734]
2019-07-13 08:32:31,583 INFO  client.GrpcClientProtocolClient (GrpcClientProtocolClient.java:onNext(255)) - client-A5BCC62C3543->912a7d3b-e3f1-4985-b06b-5f0a929b8060: receive RaftClientReply:client-A5BCC62C3543->912a7d3b-e3f1-4985-b06b-5f0a929b8060@group-3636E5E7603C, cid=1903, SUCCESS, logIndex=2733, commits[912a7d3b-e3f1-4985-b06b-5f0a929b8060:c2734]
2019-07-13 08:32:31,583 INFO  client.GrpcClientProtocolClient (GrpcClientProtocolClient.java:onNext(255)) - client-A5BCC62C3543->912a7d3b-e3f1-4985-b06b-5f0a929b8060: receive RaftClientReply:client-A5BCC62C3543->912a7d3b-e3f1-4985-b06b-5f0a929b8060@group-3636E5E7603C, cid=1904, SUCCESS, logIndex=2734, commits[912a7d3b-e3f1-4985-b06b-5f0a929b8060:c2734]
2019-07-13 08:32:31,623 INFO  client.GrpcClientProtocolClient (GrpcClientProtocolClient.java:onNext(255)) - client-A5BCC62C3543->912a7d3b-e3f1-4985-b06b-5f0a929b8060: receive RaftClientReply:client-A5BCC62C3543->912a7d3b-e3f1-4985-b06b-5f0a929b8060@group-3636E5E7603C, cid=1905, SUCCESS, logIndex=2736, commits[912a7d3b-e3f1-4985-b06b-5f0a929b8060:c2739]
2019-07-13 08:32:31,624 INFO  client.GrpcClientProtocolClient (GrpcClientProtocolClient.java:onNext(255)) - client-A5BCC62C3543->912a7d3b-e3f1-4985-b06b-5f0a929b8060: receive RaftClientReply:client-A5BCC62C3543->912a7d3b-e3f1-4985-b06b-5f0a929b8060@group-3636E5E7603C, cid=1906, SUCCESS, logIndex=2737, commits[912a7d3b-e3f1-4985-b06b-5f0a929b8060:c2739]
2019-07-13 08:32:31,624 INFO  client.GrpcClientProtocolClient (GrpcClientProtocolClient.java:onNext(255)) - client-A5BCC62C3543->912a7d3b-e3f1-4985-b06b-5f0a929b8060: receive RaftClientReply:client-A5BCC62C3543->912a7d3b-e3f1-4985-b06b-5f0a929b8060@group-3636E5E7603C, cid=1907, SUCCESS, logIndex=2738, commits[912a7d3b-e3f1-4985-b06b-5f0a929b8060:c2740]
2019-07-13 08:32:31,624 INFO  client.GrpcClientProtocolClient (GrpcClientProtocolClient.java:onNext(255)) - client-A5BCC62C3543->912a7d3b-e3f1-4985-b06b-5f0a929b8060: receive RaftClientReply:client-A5BCC62C3543->912a7d3b-e3f1-4985-b06b-5f0a929b8060@group-3636E5E7603C, cid=1908, SUCCESS, logIndex=2739, commits[912a7d3b-e3f1-4985-b06b-5f0a929b8060:c2740]
2019-07-13 08:32:31,648 INFO  client.GrpcClientProtocolClient (GrpcClientProtocolClient.java:onNext(255)) - client-A5BCC62C3543->912a7d3b-e3f1-4985-b06b-5f0a929b8060: receive RaftClientReply:client-A5BCC62C3543->912a7d3b-e3f1-4985-b06b-5f0a929b8060@group-3636E5E7603C, cid=1909, SUCCESS, logIndex=2741, commits[912a7d3b-e3f1-4985-b06b-5f0a929b8060:c2744]
2019-07-13 08:32:31,649 INFO  client.GrpcClientProtocolClient (GrpcClientProtocolClient.java:onNext(255)) - client-A5BCC62C3543->912a7d3b-e3f1-4985-b06b-5f0a929b8060: receive RaftClientReply:client-A5BCC62C3543->912a7d3b-e3f1-4985-b06b-5f0a929b8060@group-3636E5E7603C, cid=1910, SUCCESS, logIndex=2742, commits[912a7d3b-e3f1-4985-b06b-5f0a929b8060:c2744]
2019-07-13 08:32:31,649 INFO  client.GrpcClientProtocolClient (GrpcClientProtocolClient.java:onNext(255)) - client-A5BCC62C3543->912a7d3b-e3f1-4985-b06b-5f0a929b8060: receive RaftClientReply:client-A5BCC62C3543->912a7d3b-e3f1-4985-b06b-5f0a929b8060@group-3636E5E7603C, cid=1911, SUCCESS, logIndex=2743, commits[912a7d3b-e3f1-4985-b06b-5f0a929b8060:c2745]
2019-07-13 08:32:31,650 INFO  client.GrpcClientProtocolClient (GrpcClientProtocolClient.java:onNext(255)) - client-A5BCC62C3543->912a7d3b-e3f1-4985-b06b-5f0a929b8060: receive RaftClientReply:client-A5BCC62C3543->912a7d3b-e3f1-4985-b06b-5f0a929b8060@group-3636E5E7603C, cid=1912, SUCCESS, logIndex=2744, commits[912a7d3b-e3f1-4985-b06b-5f0a929b8060:c2745]
2019-07-13 08:32:31,672 DEBUG block.SCMBlockDeletingService (SCMBlockDeletingService.java:call(138)) - Running DeletedBlockTransactionScanner
2019-07-13 08:32:31,672 DEBUG block.SCMBlockDeletingService (SCMBlockDeletingService.java:call(155)) - Scanned deleted blocks log and got 0 delTX to process.
2019-07-13 08:32:31,683 INFO  client.GrpcClientProtocolClient (GrpcClientProtocolClient.java:onNext(255)) - client-A5BCC62C3543->912a7d3b-e3f1-4985-b06b-5f0a929b8060: receive RaftClientReply:client-A5BCC62C3543->912a7d3b-e3f1-4985-b06b-5f0a929b8060@group-3636E5E7603C, cid=1913, SUCCESS, logIndex=2746, commits[912a7d3b-e3f1-4985-b06b-5f0a929b8060:c2749]
2019-07-13 08:32:31,684 INFO  client.GrpcClientProtocolClient (GrpcClientProtocolClient.java:onNext(255)) - client-A5BCC62C3543->912a7d3b-e3f1-4985-b06b-5f0a929b8060: receive RaftClientReply:client-A5BCC62C3543->912a7d3b-e3f1-4985-b06b-5f0a929b8060@group-3636E5E7603C, cid=1914, SUCCESS, logIndex=2747, commits[912a7d3b-e3f1-4985-b06b-5f0a929b8060:c2750]
2019-07-13 08:32:31,684 INFO  client.GrpcClientProtocolClient (GrpcClientProtocolClient.java:onNext(255)) - client-A5BCC62C3543->912a7d3b-e3f1-4985-b06b-5f0a929b8060: receive RaftClientReply:client-A5BCC62C3543->912a7d3b-e3f1-4985-b06b-5f0a929b8060@group-3636E5E7603C, cid=1915, SUCCESS, logIndex=2748, commits[912a7d3b-e3f1-4985-b06b-5f0a929b8060:c2750]
2019-07-13 08:32:31,684 INFO  client.GrpcClientProtocolClient (GrpcClientProtocolClient.java:onNext(255)) - client-A5BCC62C3543->912a7d3b-e3f1-4985-b06b-5f0a929b8060: receive RaftClientReply:client-A5BCC62C3543->912a7d3b-e3f1-4985-b06b-5f0a929b8060@group-3636E5E7603C, cid=1916, SUCCESS, logIndex=2749, commits[912a7d3b-e3f1-4985-b06b-5f0a929b8060:c2750]
2019-07-13 08:32:31,708 INFO  client.GrpcClientProtocolClient (GrpcClientProtocolClient.java:onNext(255)) - client-A5BCC62C3543->912a7d3b-e3f1-4985-b06b-5f0a929b8060: receive RaftClientReply:client-A5BCC62C3543->912a7d3b-e3f1-4985-b06b-5f0a929b8060@group-3636E5E7603C, cid=1917, SUCCESS, logIndex=2751, commits[912a7d3b-e3f1-4985-b06b-5f0a929b8060:c2754]
2019-07-13 08:32:31,709 INFO  client.GrpcClientProtocolClient (GrpcClientProtocolClient.java:onNext(255)) - client-A5BCC62C3543->912a7d3b-e3f1-4985-b06b-5f0a929b8060: receive RaftClientReply:client-A5BCC62C3543->912a7d3b-e3f1-4985-b06b-5f0a929b8060@group-3636E5E7603C, cid=1918, SUCCESS, logIndex=2752, commits[912a7d3b-e3f1-4985-b06b-5f0a929b8060:c2755]
2019-07-13 08:32:31,709 INFO  client.GrpcClientProtocolClient (GrpcClientProtocolClient.java:onNext(255)) - client-A5BCC62C3543->912a7d3b-e3f1-4985-b06b-5f0a929b8060: receive RaftClientReply:client-A5BCC62C3543->912a7d3b-e3f1-4985-b06b-5f0a929b8060@group-3636E5E7603C, cid=1919, SUCCESS, logIndex=2753, commits[912a7d3b-e3f1-4985-b06b-5f0a929b8060:c2755]
2019-07-13 08:32:31,709 INFO  client.GrpcClientProtocolClient (GrpcClientProtocolClient.java:onNext(255)) - client-A5BCC62C3543->912a7d3b-e3f1-4985-b06b-5f0a929b8060: receive RaftClientReply:client-A5BCC62C3543->912a7d3b-e3f1-4985-b06b-5f0a929b8060@group-3636E5E7603C, cid=1920, SUCCESS, logIndex=2754, commits[912a7d3b-e3f1-4985-b06b-5f0a929b8060:c2755]
2019-07-13 08:32:31,740 INFO  client.GrpcClientProtocolClient (GrpcClientProtocolClient.java:onNext(255)) - client-A5BCC62C3543->912a7d3b-e3f1-4985-b06b-5f0a929b8060: receive RaftClientReply:client-A5BCC62C3543->912a7d3b-e3f1-4985-b06b-5f0a929b8060@group-3636E5E7603C, cid=1921, SUCCESS, logIndex=2756, commits[912a7d3b-e3f1-4985-b06b-5f0a929b8060:c2757]
2019-07-13 08:32:31,741 INFO  client.GrpcClientProtocolClient (GrpcClientProtocolClient.java:onNext(255)) - client-A5BCC62C3543->912a7d3b-e3f1-4985-b06b-5f0a929b8060: receive RaftClientReply:client-A5BCC62C3543->912a7d3b-e3f1-4985-b06b-5f0a929b8060@group-3636E5E7603C, cid=1922, SUCCESS, logIndex=2757, commits[912a7d3b-e3f1-4985-b06b-5f0a929b8060:c2759]
2019-07-13 08:32:31,742 INFO  client.GrpcClientProtocolClient (GrpcClientProtocolClient.java:onNext(255)) - client-A5BCC62C3543->912a7d3b-e3f1-4985-b06b-5f0a929b8060: receive RaftClientReply:client-A5BCC62C3543->912a7d3b-e3f1-4985-b06b-5f0a929b8060@group-3636E5E7603C, cid=1923, SUCCESS, logIndex=2758, commits[912a7d3b-e3f1-4985-b06b-5f0a929b8060:c2760]
2019-07-13 08:32:31,742 INFO  client.GrpcClientProtocolClient (GrpcClientProtocolClient.java:onNext(255)) - client-A5BCC62C3543->912a7d3b-e3f1-4985-b06b-5f0a929b8060: receive RaftClientReply:client-A5BCC62C3543->912a7d3b-e3f1-4985-b06b-5f0a929b8060@group-3636E5E7603C, cid=1924, SUCCESS, logIndex=2759, commits[912a7d3b-e3f1-4985-b06b-5f0a929b8060:c2761]
2019-07-13 08:32:31,766 INFO  client.GrpcClientProtocolClient (GrpcClientProtocolClient.java:onNext(255)) - client-A5BCC62C3543->912a7d3b-e3f1-4985-b06b-5f0a929b8060: receive RaftClientReply:client-A5BCC62C3543->912a7d3b-e3f1-4985-b06b-5f0a929b8060@group-3636E5E7603C, cid=1925, SUCCESS, logIndex=2762, commits[912a7d3b-e3f1-4985-b06b-5f0a929b8060:c2765]
2019-07-13 08:32:31,766 INFO  client.GrpcClientProtocolClient (GrpcClientProtocolClient.java:onNext(255)) - client-A5BCC62C3543->912a7d3b-e3f1-4985-b06b-5f0a929b8060: receive RaftClientReply:client-A5BCC62C3543->912a7d3b-e3f1-4985-b06b-5f0a929b8060@group-3636E5E7603C, cid=1926, SUCCESS, logIndex=2763, commits[912a7d3b-e3f1-4985-b06b-5f0a929b8060:c2766]
2019-07-13 08:32:31,766 INFO  client.GrpcClientProtocolClient (GrpcClientProtocolClient.java:onNext(255)) - client-A5BCC62C3543->912a7d3b-e3f1-4985-b06b-5f0a929b8060: receive RaftClientReply:client-A5BCC62C3543->912a7d3b-e3f1-4985-b06b-5f0a929b8060@group-3636E5E7603C, cid=1927, SUCCESS, logIndex=2764, commits[912a7d3b-e3f1-4985-b06b-5f0a929b8060:c2766]
2019-07-13 08:32:31,767 INFO  client.GrpcClientProtocolClient (GrpcClientProtocolClient.java:onNext(255)) - client-A5BCC62C3543->912a7d3b-e3f1-4985-b06b-5f0a929b8060: receive RaftClientReply:client-A5BCC62C3543->912a7d3b-e3f1-4985-b06b-5f0a929b8060@group-3636E5E7603C, cid=1928, SUCCESS, logIndex=2765, commits[912a7d3b-e3f1-4985-b06b-5f0a929b8060:c2766]
2019-07-13 08:32:31,773 DEBUG block.SCMBlockDeletingService (SCMBlockDeletingService.java:call(138)) - Running DeletedBlockTransactionScanner
2019-07-13 08:32:31,773 DEBUG block.SCMBlockDeletingService (SCMBlockDeletingService.java:call(155)) - Scanned deleted blocks log and got 0 delTX to process.
2019-07-13 08:32:31,799 INFO  client.GrpcClientProtocolClient (GrpcClientProtocolClient.java:onNext(255)) - client-A5BCC62C3543->912a7d3b-e3f1-4985-b06b-5f0a929b8060: receive RaftClientReply:client-A5BCC62C3543->912a7d3b-e3f1-4985-b06b-5f0a929b8060@group-3636E5E7603C, cid=1929, SUCCESS, logIndex=2767, commits[912a7d3b-e3f1-4985-b06b-5f0a929b8060:c2770]
2019-07-13 08:32:31,800 INFO  client.GrpcClientProtocolClient (GrpcClientProtocolClient.java:onNext(255)) - client-A5BCC62C3543->912a7d3b-e3f1-4985-b06b-5f0a929b8060: receive RaftClientReply:client-A5BCC62C3543->912a7d3b-e3f1-4985-b06b-5f0a929b8060@group-3636E5E7603C, cid=1930, SUCCESS, logIndex=2768, commits[912a7d3b-e3f1-4985-b06b-5f0a929b8060:c2771]
2019-07-13 08:32:31,800 INFO  client.GrpcClientProtocolClient (GrpcClientProtocolClient.java:onNext(255)) - client-A5BCC62C3543->912a7d3b-e3f1-4985-b06b-5f0a929b8060: receive RaftClientReply:client-A5BCC62C3543->912a7d3b-e3f1-4985-b06b-5f0a929b8060@group-3636E5E7603C, cid=1931, SUCCESS, logIndex=2769, commits[912a7d3b-e3f1-4985-b06b-5f0a929b8060:c2771]
2019-07-13 08:32:31,801 INFO  client.GrpcClientProtocolClient (GrpcClientProtocolClient.java:onNext(255)) - client-A5BCC62C3543->912a7d3b-e3f1-4985-b06b-5f0a929b8060: receive RaftClientReply:client-A5BCC62C3543->912a7d3b-e3f1-4985-b06b-5f0a929b8060@group-3636E5E7603C, cid=1932, SUCCESS, logIndex=2770, commits[912a7d3b-e3f1-4985-b06b-5f0a929b8060:c2771]
2019-07-13 08:32:31,824 INFO  client.GrpcClientProtocolClient (GrpcClientProtocolClient.java:onNext(255)) - client-A5BCC62C3543->912a7d3b-e3f1-4985-b06b-5f0a929b8060: receive RaftClientReply:client-A5BCC62C3543->912a7d3b-e3f1-4985-b06b-5f0a929b8060@group-3636E5E7603C, cid=1933, SUCCESS, logIndex=2772, commits[912a7d3b-e3f1-4985-b06b-5f0a929b8060:c2775]
2019-07-13 08:32:31,824 INFO  client.GrpcClientProtocolClient (GrpcClientProtocolClient.java:onNext(255)) - client-A5BCC62C3543->912a7d3b-e3f1-4985-b06b-5f0a929b8060: receive RaftClientReply:client-A5BCC62C3543->912a7d3b-e3f1-4985-b06b-5f0a929b8060@group-3636E5E7603C, cid=1934, SUCCESS, logIndex=2773, commits[912a7d3b-e3f1-4985-b06b-5f0a929b8060:c2776]
2019-07-13 08:32:31,825 INFO  client.GrpcClientProtocolClient (GrpcClientProtocolClient.java:onNext(255)) - client-A5BCC62C3543->912a7d3b-e3f1-4985-b06b-5f0a929b8060: receive RaftClientReply:client-A5BCC62C3543->912a7d3b-e3f1-4985-b06b-5f0a929b8060@group-3636E5E7603C, cid=1935, SUCCESS, logIndex=2774, commits[912a7d3b-e3f1-4985-b06b-5f0a929b8060:c2776]
2019-07-13 08:32:31,825 INFO  client.GrpcClientProtocolClient (GrpcClientProtocolClient.java:onNext(255)) - client-A5BCC62C3543->912a7d3b-e3f1-4985-b06b-5f0a929b8060: receive RaftClientReply:client-A5BCC62C3543->912a7d3b-e3f1-4985-b06b-5f0a929b8060@group-3636E5E7603C, cid=1936, SUCCESS, logIndex=2775, commits[912a7d3b-e3f1-4985-b06b-5f0a929b8060:c2776]
2019-07-13 08:32:31,854 INFO  client.GrpcClientProtocolClient (GrpcClientProtocolClient.java:onNext(255)) - client-A5BCC62C3543->912a7d3b-e3f1-4985-b06b-5f0a929b8060: receive RaftClientReply:client-A5BCC62C3543->912a7d3b-e3f1-4985-b06b-5f0a929b8060@group-3636E5E7603C, cid=1937, SUCCESS, logIndex=2777, commits[912a7d3b-e3f1-4985-b06b-5f0a929b8060:c2778]
2019-07-13 08:32:31,855 INFO  client.GrpcClientProtocolClient (GrpcClientProtocolClient.java:onNext(255)) - client-A5BCC62C3543->912a7d3b-e3f1-4985-b06b-5f0a929b8060: receive RaftClientReply:client-A5BCC62C3543->912a7d3b-e3f1-4985-b06b-5f0a929b8060@group-3636E5E7603C, cid=1938, SUCCESS, logIndex=2778, commits[912a7d3b-e3f1-4985-b06b-5f0a929b8060:c2778]
2019-07-13 08:32:31,856 INFO  client.GrpcClientProtocolClient (GrpcClientProtocolClient.java:onNext(255)) - client-A5BCC62C3543->912a7d3b-e3f1-4985-b06b-5f0a929b8060: receive RaftClientReply:client-A5BCC62C3543->912a7d3b-e3f1-4985-b06b-5f0a929b8060@group-3636E5E7603C, cid=1939, SUCCESS, logIndex=2779, commits[912a7d3b-e3f1-4985-b06b-5f0a929b8060:c2780]
2019-07-13 08:32:31,856 INFO  client.GrpcClientProtocolClient (GrpcClientProtocolClient.java:onNext(255)) - client-A5BCC62C3543->912a7d3b-e3f1-4985-b06b-5f0a929b8060: receive RaftClientReply:client-A5BCC62C3543->912a7d3b-e3f1-4985-b06b-5f0a929b8060@group-3636E5E7603C, cid=1940, SUCCESS, logIndex=2780, commits[912a7d3b-e3f1-4985-b06b-5f0a929b8060:c2780]
2019-07-13 08:32:31,873 DEBUG block.SCMBlockDeletingService (SCMBlockDeletingService.java:call(138)) - Running DeletedBlockTransactionScanner
2019-07-13 08:32:31,874 DEBUG block.SCMBlockDeletingService (SCMBlockDeletingService.java:call(155)) - Scanned deleted blocks log and got 0 delTX to process.
2019-07-13 08:32:31,881 INFO  client.GrpcClientProtocolClient (GrpcClientProtocolClient.java:onNext(255)) - client-A5BCC62C3543->912a7d3b-e3f1-4985-b06b-5f0a929b8060: receive RaftClientReply:client-A5BCC62C3543->912a7d3b-e3f1-4985-b06b-5f0a929b8060@group-3636E5E7603C, cid=1941, SUCCESS, logIndex=2783, commits[912a7d3b-e3f1-4985-b06b-5f0a929b8060:c2786]
2019-07-13 08:32:31,881 INFO  client.GrpcClientProtocolClient (GrpcClientProtocolClient.java:onNext(255)) - client-A5BCC62C3543->912a7d3b-e3f1-4985-b06b-5f0a929b8060: receive RaftClientReply:client-A5BCC62C3543->912a7d3b-e3f1-4985-b06b-5f0a929b8060@group-3636E5E7603C, cid=1942, SUCCESS, logIndex=2784, commits[912a7d3b-e3f1-4985-b06b-5f0a929b8060:c2787]
2019-07-13 08:32:31,882 INFO  client.GrpcClientProtocolClient (GrpcClientProtocolClient.java:onNext(255)) - client-A5BCC62C3543->912a7d3b-e3f1-4985-b06b-5f0a929b8060: receive RaftClientReply:client-A5BCC62C3543->912a7d3b-e3f1-4985-b06b-5f0a929b8060@group-3636E5E7603C, cid=1943, SUCCESS, logIndex=2785, commits[912a7d3b-e3f1-4985-b06b-5f0a929b8060:c2787]
2019-07-13 08:32:31,882 INFO  client.GrpcClientProtocolClient (GrpcClientProtocolClient.java:onNext(255)) - client-A5BCC62C3543->912a7d3b-e3f1-4985-b06b-5f0a929b8060: receive RaftClientReply:client-A5BCC62C3543->912a7d3b-e3f1-4985-b06b-5f0a929b8060@group-3636E5E7603C, cid=1944, SUCCESS, logIndex=2786, commits[912a7d3b-e3f1-4985-b06b-5f0a929b8060:c2787]
2019-07-13 08:32:31,974 DEBUG block.SCMBlockDeletingService (SCMBlockDeletingService.java:call(138)) - Running DeletedBlockTransactionScanner
2019-07-13 08:32:31,975 DEBUG block.SCMBlockDeletingService (SCMBlockDeletingService.java:call(155)) - Scanned deleted blocks log and got 0 delTX to process.
2019-07-13 08:32:32,004 INFO  client.GrpcClientProtocolClient (GrpcClientProtocolClient.java:onNext(255)) - client-A5BCC62C3543->912a7d3b-e3f1-4985-b06b-5f0a929b8060: receive RaftClientReply:client-A5BCC62C3543->912a7d3b-e3f1-4985-b06b-5f0a929b8060@group-3636E5E7603C, cid=1945, SUCCESS, logIndex=2788, commits[912a7d3b-e3f1-4985-b06b-5f0a929b8060:c2791]
2019-07-13 08:32:32,004 INFO  client.GrpcClientProtocolClient (GrpcClientProtocolClient.java:onNext(255)) - client-A5BCC62C3543->912a7d3b-e3f1-4985-b06b-5f0a929b8060: receive RaftClientReply:client-A5BCC62C3543->912a7d3b-e3f1-4985-b06b-5f0a929b8060@group-3636E5E7603C, cid=1946, SUCCESS, logIndex=2789, commits[912a7d3b-e3f1-4985-b06b-5f0a929b8060:c2791]
2019-07-13 08:32:32,005 INFO  client.GrpcClientProtocolClient (GrpcClientProtocolClient.java:onNext(255)) - client-A5BCC62C3543->912a7d3b-e3f1-4985-b06b-5f0a929b8060: receive RaftClientReply:client-A5BCC62C3543->912a7d3b-e3f1-4985-b06b-5f0a929b8060@group-3636E5E7603C, cid=1947, SUCCESS, logIndex=2790, commits[912a7d3b-e3f1-4985-b06b-5f0a929b8060:c2792]
2019-07-13 08:32:32,005 INFO  client.GrpcClientProtocolClient (GrpcClientProtocolClient.java:onNext(255)) - client-A5BCC62C3543->912a7d3b-e3f1-4985-b06b-5f0a929b8060: receive RaftClientReply:client-A5BCC62C3543->912a7d3b-e3f1-4985-b06b-5f0a929b8060@group-3636E5E7603C, cid=1948, SUCCESS, logIndex=2791, commits[912a7d3b-e3f1-4985-b06b-5f0a929b8060:c2792]
2019-07-13 08:32:32,027 INFO  client.GrpcClientProtocolClient (GrpcClientProtocolClient.java:onNext(255)) - client-A5BCC62C3543->912a7d3b-e3f1-4985-b06b-5f0a929b8060: receive RaftClientReply:client-A5BCC62C3543->912a7d3b-e3f1-4985-b06b-5f0a929b8060@group-3636E5E7603C, cid=1949, SUCCESS, logIndex=2793, commits[912a7d3b-e3f1-4985-b06b-5f0a929b8060:c2796]
2019-07-13 08:32:32,027 INFO  client.GrpcClientProtocolClient (GrpcClientProtocolClient.java:onNext(255)) - client-A5BCC62C3543->912a7d3b-e3f1-4985-b06b-5f0a929b8060: receive RaftClientReply:client-A5BCC62C3543->912a7d3b-e3f1-4985-b06b-5f0a929b8060@group-3636E5E7603C, cid=1950, SUCCESS, logIndex=2794, commits[912a7d3b-e3f1-4985-b06b-5f0a929b8060:c2796]
2019-07-13 08:32:32,028 INFO  client.GrpcClientProtocolClient (GrpcClientProtocolClient.java:onNext(255)) - client-A5BCC62C3543->912a7d3b-e3f1-4985-b06b-5f0a929b8060: receive RaftClientReply:client-A5BCC62C3543->912a7d3b-e3f1-4985-b06b-5f0a929b8060@group-3636E5E7603C, cid=1951, SUCCESS, logIndex=2795, commits[912a7d3b-e3f1-4985-b06b-5f0a929b8060:c2797]
2019-07-13 08:32:32,028 INFO  client.GrpcClientProtocolClient (GrpcClientProtocolClient.java:onNext(255)) - client-A5BCC62C3543->912a7d3b-e3f1-4985-b06b-5f0a929b8060: receive RaftClientReply:client-A5BCC62C3543->912a7d3b-e3f1-4985-b06b-5f0a929b8060@group-3636E5E7603C, cid=1952, SUCCESS, logIndex=2796, commits[912a7d3b-e3f1-4985-b06b-5f0a929b8060:c2797]
2019-07-13 08:32:32,058 INFO  client.GrpcClientProtocolClient (GrpcClientProtocolClient.java:onNext(255)) - client-A5BCC62C3543->912a7d3b-e3f1-4985-b06b-5f0a929b8060: receive RaftClientReply:client-A5BCC62C3543->912a7d3b-e3f1-4985-b06b-5f0a929b8060@group-3636E5E7603C, cid=1953, SUCCESS, logIndex=2798, commits[912a7d3b-e3f1-4985-b06b-5f0a929b8060:c2801]
2019-07-13 08:32:32,059 INFO  client.GrpcClientProtocolClient (GrpcClientProtocolClient.java:onNext(255)) - client-A5BCC62C3543->912a7d3b-e3f1-4985-b06b-5f0a929b8060: receive RaftClientReply:client-A5BCC62C3543->912a7d3b-e3f1-4985-b06b-5f0a929b8060@group-3636E5E7603C, cid=1954, SUCCESS, logIndex=2799, commits[912a7d3b-e3f1-4985-b06b-5f0a929b8060:c2802]
2019-07-13 08:32:32,059 INFO  client.GrpcClientProtocolClient (GrpcClientProtocolClient.java:onNext(255)) - client-A5BCC62C3543->912a7d3b-e3f1-4985-b06b-5f0a929b8060: receive RaftClientReply:client-A5BCC62C3543->912a7d3b-e3f1-4985-b06b-5f0a929b8060@group-3636E5E7603C, cid=1955, SUCCESS, logIndex=2800, commits[912a7d3b-e3f1-4985-b06b-5f0a929b8060:c2802]
2019-07-13 08:32:32,059 INFO  client.GrpcClientProtocolClient (GrpcClientProtocolClient.java:onNext(255)) - client-A5BCC62C3543->912a7d3b-e3f1-4985-b06b-5f0a929b8060: receive RaftClientReply:client-A5BCC62C3543->912a7d3b-e3f1-4985-b06b-5f0a929b8060@group-3636E5E7603C, cid=1956, SUCCESS, logIndex=2801, commits[912a7d3b-e3f1-4985-b06b-5f0a929b8060:c2802]
2019-07-13 08:32:32,075 DEBUG block.SCMBlockDeletingService (SCMBlockDeletingService.java:call(138)) - Running DeletedBlockTransactionScanner
2019-07-13 08:32:32,075 DEBUG block.SCMBlockDeletingService (SCMBlockDeletingService.java:call(155)) - Scanned deleted blocks log and got 0 delTX to process.
2019-07-13 08:32:32,078 INFO  client.GrpcClientProtocolClient (GrpcClientProtocolClient.java:onNext(255)) - client-A5BCC62C3543->912a7d3b-e3f1-4985-b06b-5f0a929b8060: receive RaftClientReply:client-A5BCC62C3543->912a7d3b-e3f1-4985-b06b-5f0a929b8060@group-3636E5E7603C, cid=1957, SUCCESS, logIndex=2803, commits[912a7d3b-e3f1-4985-b06b-5f0a929b8060:c2804]
2019-07-13 08:32:32,079 INFO  client.GrpcClientProtocolClient (GrpcClientProtocolClient.java:onNext(255)) - client-A5BCC62C3543->912a7d3b-e3f1-4985-b06b-5f0a929b8060: receive RaftClientReply:client-A5BCC62C3543->912a7d3b-e3f1-4985-b06b-5f0a929b8060@group-3636E5E7603C, cid=1958, SUCCESS, logIndex=2804, commits[912a7d3b-e3f1-4985-b06b-5f0a929b8060:c2806]
2019-07-13 08:32:32,079 INFO  client.GrpcClientProtocolClient (GrpcClientProtocolClient.java:onNext(255)) - client-A5BCC62C3543->912a7d3b-e3f1-4985-b06b-5f0a929b8060: receive RaftClientReply:client-A5BCC62C3543->912a7d3b-e3f1-4985-b06b-5f0a929b8060@group-3636E5E7603C, cid=1959, SUCCESS, logIndex=2805, commits[912a7d3b-e3f1-4985-b06b-5f0a929b8060:c2806]
2019-07-13 08:32:32,079 INFO  client.GrpcClientProtocolClient (GrpcClientProtocolClient.java:onNext(255)) - client-A5BCC62C3543->912a7d3b-e3f1-4985-b06b-5f0a929b8060: receive RaftClientReply:client-A5BCC62C3543->912a7d3b-e3f1-4985-b06b-5f0a929b8060@group-3636E5E7603C, cid=1960, SUCCESS, logIndex=2806, commits[912a7d3b-e3f1-4985-b06b-5f0a929b8060:c2807]
2019-07-13 08:32:32,108 INFO  client.GrpcClientProtocolClient (GrpcClientProtocolClient.java:onNext(255)) - client-A5BCC62C3543->912a7d3b-e3f1-4985-b06b-5f0a929b8060: receive RaftClientReply:client-A5BCC62C3543->912a7d3b-e3f1-4985-b06b-5f0a929b8060@group-3636E5E7603C, cid=1961, SUCCESS, logIndex=2809, commits[912a7d3b-e3f1-4985-b06b-5f0a929b8060:c2810]
2019-07-13 08:32:32,109 INFO  client.GrpcClientProtocolClient (GrpcClientProtocolClient.java:onNext(255)) - client-A5BCC62C3543->912a7d3b-e3f1-4985-b06b-5f0a929b8060: receive RaftClientReply:client-A5BCC62C3543->912a7d3b-e3f1-4985-b06b-5f0a929b8060@group-3636E5E7603C, cid=1962, SUCCESS, logIndex=2810, commits[912a7d3b-e3f1-4985-b06b-5f0a929b8060:c2812]
2019-07-13 08:32:32,109 INFO  client.GrpcClientProtocolClient (GrpcClientProtocolClient.java:onNext(255)) - client-A5BCC62C3543->912a7d3b-e3f1-4985-b06b-5f0a929b8060: receive RaftClientReply:client-A5BCC62C3543->912a7d3b-e3f1-4985-b06b-5f0a929b8060@group-3636E5E7603C, cid=1963, SUCCESS, logIndex=2811, commits[912a7d3b-e3f1-4985-b06b-5f0a929b8060:c2813]
2019-07-13 08:32:32,109 INFO  client.GrpcClientProtocolClient (GrpcClientProtocolClient.java:onNext(255)) - client-A5BCC62C3543->912a7d3b-e3f1-4985-b06b-5f0a929b8060: receive RaftClientReply:client-A5BCC62C3543->912a7d3b-e3f1-4985-b06b-5f0a929b8060@group-3636E5E7603C, cid=1964, SUCCESS, logIndex=2812, commits[912a7d3b-e3f1-4985-b06b-5f0a929b8060:c2814]
2019-07-13 08:32:32,129 INFO  client.GrpcClientProtocolClient (GrpcClientProtocolClient.java:onNext(255)) - client-A5BCC62C3543->912a7d3b-e3f1-4985-b06b-5f0a929b8060: receive RaftClientReply:client-A5BCC62C3543->912a7d3b-e3f1-4985-b06b-5f0a929b8060@group-3636E5E7603C, cid=1965, SUCCESS, logIndex=2815, commits[912a7d3b-e3f1-4985-b06b-5f0a929b8060:c2816]
2019-07-13 08:32:32,130 INFO  client.GrpcClientProtocolClient (GrpcClientProtocolClient.java:onNext(255)) - client-A5BCC62C3543->912a7d3b-e3f1-4985-b06b-5f0a929b8060: receive RaftClientReply:client-A5BCC62C3543->912a7d3b-e3f1-4985-b06b-5f0a929b8060@group-3636E5E7603C, cid=1966, SUCCESS, logIndex=2816, commits[912a7d3b-e3f1-4985-b06b-5f0a929b8060:c2818]
2019-07-13 08:32:32,130 INFO  client.GrpcClientProtocolClient (GrpcClientProtocolClient.java:onNext(255)) - client-A5BCC62C3543->912a7d3b-e3f1-4985-b06b-5f0a929b8060: receive RaftClientReply:client-A5BCC62C3543->912a7d3b-e3f1-4985-b06b-5f0a929b8060@group-3636E5E7603C, cid=1967, SUCCESS, logIndex=2817, commits[912a7d3b-e3f1-4985-b06b-5f0a929b8060:c2819]
2019-07-13 08:32:32,131 INFO  client.GrpcClientProtocolClient (GrpcClientProtocolClient.java:onNext(255)) - client-A5BCC62C3543->912a7d3b-e3f1-4985-b06b-5f0a929b8060: receive RaftClientReply:client-A5BCC62C3543->912a7d3b-e3f1-4985-b06b-5f0a929b8060@group-3636E5E7603C, cid=1968, SUCCESS, logIndex=2818, commits[912a7d3b-e3f1-4985-b06b-5f0a929b8060:c2820]
2019-07-13 08:32:32,159 INFO  client.GrpcClientProtocolClient (GrpcClientProtocolClient.java:onNext(255)) - client-A5BCC62C3543->912a7d3b-e3f1-4985-b06b-5f0a929b8060: receive RaftClientReply:client-A5BCC62C3543->912a7d3b-e3f1-4985-b06b-5f0a929b8060@group-3636E5E7603C, cid=1969, SUCCESS, logIndex=2821, commits[912a7d3b-e3f1-4985-b06b-5f0a929b8060:c2822]
2019-07-13 08:32:32,160 INFO  client.GrpcClientProtocolClient (GrpcClientProtocolClient.java:onNext(255)) - client-A5BCC62C3543->912a7d3b-e3f1-4985-b06b-5f0a929b8060: receive RaftClientReply:client-A5BCC62C3543->912a7d3b-e3f1-4985-b06b-5f0a929b8060@group-3636E5E7603C, cid=1970, SUCCESS, logIndex=2822, commits[912a7d3b-e3f1-4985-b06b-5f0a929b8060:c2824]
2019-07-13 08:32:32,161 INFO  client.GrpcClientProtocolClient (GrpcClientProtocolClient.java:onNext(255)) - client-A5BCC62C3543->912a7d3b-e3f1-4985-b06b-5f0a929b8060: receive RaftClientReply:client-A5BCC62C3543->912a7d3b-e3f1-4985-b06b-5f0a929b8060@group-3636E5E7603C, cid=1971, SUCCESS, logIndex=2823, commits[912a7d3b-e3f1-4985-b06b-5f0a929b8060:c2825]
2019-07-13 08:32:32,161 INFO  client.GrpcClientProtocolClient (GrpcClientProtocolClient.java:onNext(255)) - client-A5BCC62C3543->912a7d3b-e3f1-4985-b06b-5f0a929b8060: receive RaftClientReply:client-A5BCC62C3543->912a7d3b-e3f1-4985-b06b-5f0a929b8060@group-3636E5E7603C, cid=1972, SUCCESS, logIndex=2824, commits[912a7d3b-e3f1-4985-b06b-5f0a929b8060:c2825]
2019-07-13 08:32:32,176 DEBUG block.SCMBlockDeletingService (SCMBlockDeletingService.java:call(138)) - Running DeletedBlockTransactionScanner
2019-07-13 08:32:32,176 DEBUG block.SCMBlockDeletingService (SCMBlockDeletingService.java:call(155)) - Scanned deleted blocks log and got 0 delTX to process.
2019-07-13 08:32:32,184 INFO  client.GrpcClientProtocolClient (GrpcClientProtocolClient.java:onNext(255)) - client-A5BCC62C3543->912a7d3b-e3f1-4985-b06b-5f0a929b8060: receive RaftClientReply:client-A5BCC62C3543->912a7d3b-e3f1-4985-b06b-5f0a929b8060@group-3636E5E7603C, cid=1973, SUCCESS, logIndex=2827, commits[912a7d3b-e3f1-4985-b06b-5f0a929b8060:c2830]
2019-07-13 08:32:32,185 INFO  client.GrpcClientProtocolClient (GrpcClientProtocolClient.java:onNext(255)) - client-A5BCC62C3543->912a7d3b-e3f1-4985-b06b-5f0a929b8060: receive RaftClientReply:client-A5BCC62C3543->912a7d3b-e3f1-4985-b06b-5f0a929b8060@group-3636E5E7603C, cid=1974, SUCCESS, logIndex=2828, commits[912a7d3b-e3f1-4985-b06b-5f0a929b8060:c2830]
2019-07-13 08:32:32,185 INFO  client.GrpcClientProtocolClient (GrpcClientProtocolClient.java:onNext(255)) - client-A5BCC62C3543->912a7d3b-e3f1-4985-b06b-5f0a929b8060: receive RaftClientReply:client-A5BCC62C3543->912a7d3b-e3f1-4985-b06b-5f0a929b8060@group-3636E5E7603C, cid=1975, SUCCESS, logIndex=2829, commits[912a7d3b-e3f1-4985-b06b-5f0a929b8060:c2831]
2019-07-13 08:32:32,185 INFO  client.GrpcClientProtocolClient (GrpcClientProtocolClient.java:onNext(255)) - client-A5BCC62C3543->912a7d3b-e3f1-4985-b06b-5f0a929b8060: receive RaftClientReply:client-A5BCC62C3543->912a7d3b-e3f1-4985-b06b-5f0a929b8060@group-3636E5E7603C, cid=1976, SUCCESS, logIndex=2830, commits[912a7d3b-e3f1-4985-b06b-5f0a929b8060:c2832]
2019-07-13 08:32:32,218 INFO  client.GrpcClientProtocolClient (GrpcClientProtocolClient.java:onNext(255)) - client-A5BCC62C3543->912a7d3b-e3f1-4985-b06b-5f0a929b8060: receive RaftClientReply:client-A5BCC62C3543->912a7d3b-e3f1-4985-b06b-5f0a929b8060@group-3636E5E7603C, cid=1977, SUCCESS, logIndex=2833, commits[912a7d3b-e3f1-4985-b06b-5f0a929b8060:c2836]
2019-07-13 08:32:32,218 INFO  client.GrpcClientProtocolClient (GrpcClientProtocolClient.java:onNext(255)) - client-A5BCC62C3543->912a7d3b-e3f1-4985-b06b-5f0a929b8060: receive RaftClientReply:client-A5BCC62C3543->912a7d3b-e3f1-4985-b06b-5f0a929b8060@group-3636E5E7603C, cid=1978, SUCCESS, logIndex=2834, commits[912a7d3b-e3f1-4985-b06b-5f0a929b8060:c2837]
2019-07-13 08:32:32,219 INFO  client.GrpcClientProtocolClient (GrpcClientProtocolClient.java:onNext(255)) - client-A5BCC62C3543->912a7d3b-e3f1-4985-b06b-5f0a929b8060: receive RaftClientReply:client-A5BCC62C3543->912a7d3b-e3f1-4985-b06b-5f0a929b8060@group-3636E5E7603C, cid=1979, SUCCESS, logIndex=2835, commits[912a7d3b-e3f1-4985-b06b-5f0a929b8060:c2837]
2019-07-13 08:32:32,219 INFO  client.GrpcClientProtocolClient (GrpcClientProtocolClient.java:onNext(255)) - client-A5BCC62C3543->912a7d3b-e3f1-4985-b06b-5f0a929b8060: receive RaftClientReply:client-A5BCC62C3543->912a7d3b-e3f1-4985-b06b-5f0a929b8060@group-3636E5E7603C, cid=1980, SUCCESS, logIndex=2836, commits[912a7d3b-e3f1-4985-b06b-5f0a929b8060:c2837]
2019-07-13 08:32:32,240 INFO  client.GrpcClientProtocolClient (GrpcClientProtocolClient.java:onNext(255)) - client-A5BCC62C3543->912a7d3b-e3f1-4985-b06b-5f0a929b8060: receive RaftClientReply:client-A5BCC62C3543->912a7d3b-e3f1-4985-b06b-5f0a929b8060@group-3636E5E7603C, cid=1981, SUCCESS, logIndex=2838, commits[912a7d3b-e3f1-4985-b06b-5f0a929b8060:c2839]
2019-07-13 08:32:32,241 INFO  client.GrpcClientProtocolClient (GrpcClientProtocolClient.java:onNext(255)) - client-A5BCC62C3543->912a7d3b-e3f1-4985-b06b-5f0a929b8060: receive RaftClientReply:client-A5BCC62C3543->912a7d3b-e3f1-4985-b06b-5f0a929b8060@group-3636E5E7603C, cid=1982, SUCCESS, logIndex=2839, commits[912a7d3b-e3f1-4985-b06b-5f0a929b8060:c2839]
2019-07-13 08:32:32,242 INFO  client.GrpcClientProtocolClient (GrpcClientProtocolClient.java:onNext(255)) - client-A5BCC62C3543->912a7d3b-e3f1-4985-b06b-5f0a929b8060: receive RaftClientReply:client-A5BCC62C3543->912a7d3b-e3f1-4985-b06b-5f0a929b8060@group-3636E5E7603C, cid=1983, SUCCESS, logIndex=2840, commits[912a7d3b-e3f1-4985-b06b-5f0a929b8060:c2841]
2019-07-13 08:32:32,243 INFO  client.GrpcClientProtocolClient (GrpcClientProtocolClient.java:onNext(255)) - client-A5BCC62C3543->912a7d3b-e3f1-4985-b06b-5f0a929b8060: receive RaftClientReply:client-A5BCC62C3543->912a7d3b-e3f1-4985-b06b-5f0a929b8060@group-3636E5E7603C, cid=1984, SUCCESS, logIndex=2841, commits[912a7d3b-e3f1-4985-b06b-5f0a929b8060:c2841]
2019-07-13 08:32:32,271 INFO  client.GrpcClientProtocolClient (GrpcClientProtocolClient.java:onNext(255)) - client-A5BCC62C3543->912a7d3b-e3f1-4985-b06b-5f0a929b8060: receive RaftClientReply:client-A5BCC62C3543->912a7d3b-e3f1-4985-b06b-5f0a929b8060@group-3636E5E7603C, cid=1985, SUCCESS, logIndex=2844, commits[912a7d3b-e3f1-4985-b06b-5f0a929b8060:c2845]
2019-07-13 08:32:32,272 INFO  client.GrpcClientProtocolClient (GrpcClientProtocolClient.java:onNext(255)) - client-A5BCC62C3543->912a7d3b-e3f1-4985-b06b-5f0a929b8060: receive RaftClientReply:client-A5BCC62C3543->912a7d3b-e3f1-4985-b06b-5f0a929b8060@group-3636E5E7603C, cid=1986, SUCCESS, logIndex=2845, commits[912a7d3b-e3f1-4985-b06b-5f0a929b8060:c2845]
2019-07-13 08:32:32,275 INFO  client.GrpcClientProtocolClient (GrpcClientProtocolClient.java:onNext(255)) - client-A5BCC62C3543->912a7d3b-e3f1-4985-b06b-5f0a929b8060: receive RaftClientReply:client-A5BCC62C3543->912a7d3b-e3f1-4985-b06b-5f0a929b8060@group-3636E5E7603C, cid=1987, SUCCESS, logIndex=2846, commits[912a7d3b-e3f1-4985-b06b-5f0a929b8060:c2847]
2019-07-13 08:32:32,276 INFO  client.GrpcClientProtocolClient (GrpcClientProtocolClient.java:onNext(255)) - client-A5BCC62C3543->912a7d3b-e3f1-4985-b06b-5f0a929b8060: receive RaftClientReply:client-A5BCC62C3543->912a7d3b-e3f1-4985-b06b-5f0a929b8060@group-3636E5E7603C, cid=1988, SUCCESS, logIndex=2847, commits[912a7d3b-e3f1-4985-b06b-5f0a929b8060:c2847]
2019-07-13 08:32:32,337 DEBUG block.SCMBlockDeletingService (SCMBlockDeletingService.java:call(138)) - Running DeletedBlockTransactionScanner
2019-07-13 08:32:32,337 DEBUG block.SCMBlockDeletingService (SCMBlockDeletingService.java:call(155)) - Scanned deleted blocks log and got 0 delTX to process.
2019-07-13 08:32:32,437 DEBUG block.SCMBlockDeletingService (SCMBlockDeletingService.java:call(138)) - Running DeletedBlockTransactionScanner
2019-07-13 08:32:32,438 DEBUG block.SCMBlockDeletingService (SCMBlockDeletingService.java:call(155)) - Scanned deleted blocks log and got 0 delTX to process.
2019-07-13 08:32:32,472 INFO  client.GrpcClientProtocolClient (GrpcClientProtocolClient.java:onNext(255)) - client-A5BCC62C3543->912a7d3b-e3f1-4985-b06b-5f0a929b8060: receive RaftClientReply:client-A5BCC62C3543->912a7d3b-e3f1-4985-b06b-5f0a929b8060@group-3636E5E7603C, cid=1989, SUCCESS, logIndex=2850, commits[912a7d3b-e3f1-4985-b06b-5f0a929b8060:c2853]
2019-07-13 08:32:32,473 INFO  client.GrpcClientProtocolClient (GrpcClientProtocolClient.java:onNext(255)) - client-A5BCC62C3543->912a7d3b-e3f1-4985-b06b-5f0a929b8060: receive RaftClientReply:client-A5BCC62C3543->912a7d3b-e3f1-4985-b06b-5f0a929b8060@group-3636E5E7603C, cid=1990, SUCCESS, logIndex=2851, commits[912a7d3b-e3f1-4985-b06b-5f0a929b8060:c2854]
2019-07-13 08:32:32,473 INFO  client.GrpcClientProtocolClient (GrpcClientProtocolClient.java:onNext(255)) - client-A5BCC62C3543->912a7d3b-e3f1-4985-b06b-5f0a929b8060: receive RaftClientReply:client-A5BCC62C3543->912a7d3b-e3f1-4985-b06b-5f0a929b8060@group-3636E5E7603C, cid=1991, SUCCESS, logIndex=2852, commits[912a7d3b-e3f1-4985-b06b-5f0a929b8060:c2854]
2019-07-13 08:32:32,473 INFO  client.GrpcClientProtocolClient (GrpcClientProtocolClient.java:onNext(255)) - client-A5BCC62C3543->912a7d3b-e3f1-4985-b06b-5f0a929b8060: receive RaftClientReply:client-A5BCC62C3543->912a7d3b-e3f1-4985-b06b-5f0a929b8060@group-3636E5E7603C, cid=1992, SUCCESS, logIndex=2853, commits[912a7d3b-e3f1-4985-b06b-5f0a929b8060:c2854]
2019-07-13 08:32:32,504 INFO  client.GrpcClientProtocolClient (GrpcClientProtocolClient.java:onNext(255)) - client-A5BCC62C3543->912a7d3b-e3f1-4985-b06b-5f0a929b8060: receive RaftClientReply:client-A5BCC62C3543->912a7d3b-e3f1-4985-b06b-5f0a929b8060@group-3636E5E7603C, cid=1993, SUCCESS, logIndex=2855, commits[912a7d3b-e3f1-4985-b06b-5f0a929b8060:c2858]
2019-07-13 08:32:32,504 INFO  client.GrpcClientProtocolClient (GrpcClientProtocolClient.java:onNext(255)) - client-A5BCC62C3543->912a7d3b-e3f1-4985-b06b-5f0a929b8060: receive RaftClientReply:client-A5BCC62C3543->912a7d3b-e3f1-4985-b06b-5f0a929b8060@group-3636E5E7603C, cid=1994, SUCCESS, logIndex=2856, commits[912a7d3b-e3f1-4985-b06b-5f0a929b8060:c2858]
2019-07-13 08:32:32,505 INFO  client.GrpcClientProtocolClient (GrpcClientProtocolClient.java:onNext(255)) - client-A5BCC62C3543->912a7d3b-e3f1-4985-b06b-5f0a929b8060: receive RaftClientReply:client-A5BCC62C3543->912a7d3b-e3f1-4985-b06b-5f0a929b8060@group-3636E5E7603C, cid=1995, SUCCESS, logIndex=2857, commits[912a7d3b-e3f1-4985-b06b-5f0a929b8060:c2858]
2019-07-13 08:32:32,505 INFO  client.GrpcClientProtocolClient (GrpcClientProtocolClient.java:onNext(255)) - client-A5BCC62C3543->912a7d3b-e3f1-4985-b06b-5f0a929b8060: receive RaftClientReply:client-A5BCC62C3543->912a7d3b-e3f1-4985-b06b-5f0a929b8060@group-3636E5E7603C, cid=1996, SUCCESS, logIndex=2858, commits[912a7d3b-e3f1-4985-b06b-5f0a929b8060:c2858]
2019-07-13 08:32:32,526 INFO  client.GrpcClientProtocolClient (GrpcClientProtocolClient.java:onNext(255)) - client-A5BCC62C3543->912a7d3b-e3f1-4985-b06b-5f0a929b8060: receive RaftClientReply:client-A5BCC62C3543->912a7d3b-e3f1-4985-b06b-5f0a929b8060@group-3636E5E7603C, cid=1997, SUCCESS, logIndex=2860, commits[912a7d3b-e3f1-4985-b06b-5f0a929b8060:c2863]
2019-07-13 08:32:32,526 INFO  client.GrpcClientProtocolClient (GrpcClientProtocolClient.java:onNext(255)) - client-A5BCC62C3543->912a7d3b-e3f1-4985-b06b-5f0a929b8060: receive RaftClientReply:client-A5BCC62C3543->912a7d3b-e3f1-4985-b06b-5f0a929b8060@group-3636E5E7603C, cid=1998, SUCCESS, logIndex=2861, commits[912a7d3b-e3f1-4985-b06b-5f0a929b8060:c2864]
2019-07-13 08:32:32,527 INFO  client.GrpcClientProtocolClient (GrpcClientProtocolClient.java:onNext(255)) - client-A5BCC62C3543->912a7d3b-e3f1-4985-b06b-5f0a929b8060: receive RaftClientReply:client-A5BCC62C3543->912a7d3b-e3f1-4985-b06b-5f0a929b8060@group-3636E5E7603C, cid=1999, SUCCESS, logIndex=2862, commits[912a7d3b-e3f1-4985-b06b-5f0a929b8060:c2864]
2019-07-13 08:32:32,527 INFO  client.GrpcClientProtocolClient (GrpcClientProtocolClient.java:onNext(255)) - client-A5BCC62C3543->912a7d3b-e3f1-4985-b06b-5f0a929b8060: receive RaftClientReply:client-A5BCC62C3543->912a7d3b-e3f1-4985-b06b-5f0a929b8060@group-3636E5E7603C, cid=2000, SUCCESS, logIndex=2863, commits[912a7d3b-e3f1-4985-b06b-5f0a929b8060:c2864]
2019-07-13 08:32:32,538 DEBUG block.SCMBlockDeletingService (SCMBlockDeletingService.java:call(138)) - Running DeletedBlockTransactionScanner
2019-07-13 08:32:32,538 DEBUG block.SCMBlockDeletingService (SCMBlockDeletingService.java:call(155)) - Scanned deleted blocks log and got 0 delTX to process.
2019-07-13 08:32:32,561 INFO  client.GrpcClientProtocolClient (GrpcClientProtocolClient.java:onNext(255)) - client-A5BCC62C3543->912a7d3b-e3f1-4985-b06b-5f0a929b8060: receive RaftClientReply:client-A5BCC62C3543->912a7d3b-e3f1-4985-b06b-5f0a929b8060@group-3636E5E7603C, cid=2001, SUCCESS, logIndex=2865, commits[912a7d3b-e3f1-4985-b06b-5f0a929b8060:c2866]
2019-07-13 08:32:32,561 INFO  client.GrpcClientProtocolClient (GrpcClientProtocolClient.java:onNext(255)) - client-A5BCC62C3543->912a7d3b-e3f1-4985-b06b-5f0a929b8060: receive RaftClientReply:client-A5BCC62C3543->912a7d3b-e3f1-4985-b06b-5f0a929b8060@group-3636E5E7603C, cid=2002, SUCCESS, logIndex=2866, commits[912a7d3b-e3f1-4985-b06b-5f0a929b8060:c2866]
2019-07-13 08:32:32,563 INFO  client.GrpcClientProtocolClient (GrpcClientProtocolClient.java:onNext(255)) - client-A5BCC62C3543->912a7d3b-e3f1-4985-b06b-5f0a929b8060: receive RaftClientReply:client-A5BCC62C3543->912a7d3b-e3f1-4985-b06b-5f0a929b8060@group-3636E5E7603C, cid=2003, SUCCESS, logIndex=2867, commits[912a7d3b-e3f1-4985-b06b-5f0a929b8060:c2868]
2019-07-13 08:32:32,563 INFO  client.GrpcClientProtocolClient (GrpcClientProtocolClient.java:onNext(255)) - client-A5BCC62C3543->912a7d3b-e3f1-4985-b06b-5f0a929b8060: receive RaftClientReply:client-A5BCC62C3543->912a7d3b-e3f1-4985-b06b-5f0a929b8060@group-3636E5E7603C, cid=2004, SUCCESS, logIndex=2868, commits[912a7d3b-e3f1-4985-b06b-5f0a929b8060:c2868]
2019-07-13 08:32:32,586 INFO  client.GrpcClientProtocolClient (GrpcClientProtocolClient.java:onNext(255)) - client-A5BCC62C3543->912a7d3b-e3f1-4985-b06b-5f0a929b8060: receive RaftClientReply:client-A5BCC62C3543->912a7d3b-e3f1-4985-b06b-5f0a929b8060@group-3636E5E7603C, cid=2005, SUCCESS, logIndex=2871, commits[912a7d3b-e3f1-4985-b06b-5f0a929b8060:c2874]
2019-07-13 08:32:32,587 INFO  client.GrpcClientProtocolClient (GrpcClientProtocolClient.java:onNext(255)) - client-A5BCC62C3543->912a7d3b-e3f1-4985-b06b-5f0a929b8060: receive RaftClientReply:client-A5BCC62C3543->912a7d3b-e3f1-4985-b06b-5f0a929b8060@group-3636E5E7603C, cid=2006, SUCCESS, logIndex=2872, commits[912a7d3b-e3f1-4985-b06b-5f0a929b8060:c2875]
2019-07-13 08:32:32,587 INFO  client.GrpcClientProtocolClient (GrpcClientProtocolClient.java:onNext(255)) - client-A5BCC62C3543->912a7d3b-e3f1-4985-b06b-5f0a929b8060: receive RaftClientReply:client-A5BCC62C3543->912a7d3b-e3f1-4985-b06b-5f0a929b8060@group-3636E5E7603C, cid=2007, SUCCESS, logIndex=2873, commits[912a7d3b-e3f1-4985-b06b-5f0a929b8060:c2875]
2019-07-13 08:32:32,588 INFO  client.GrpcClientProtocolClient (GrpcClientProtocolClient.java:onNext(255)) - client-A5BCC62C3543->912a7d3b-e3f1-4985-b06b-5f0a929b8060: receive RaftClientReply:client-A5BCC62C3543->912a7d3b-e3f1-4985-b06b-5f0a929b8060@group-3636E5E7603C, cid=2008, SUCCESS, logIndex=2874, commits[912a7d3b-e3f1-4985-b06b-5f0a929b8060:c2875]
2019-07-13 08:32:32,617 INFO  client.GrpcClientProtocolClient (GrpcClientProtocolClient.java:onNext(255)) - client-A5BCC62C3543->912a7d3b-e3f1-4985-b06b-5f0a929b8060: receive RaftClientReply:client-A5BCC62C3543->912a7d3b-e3f1-4985-b06b-5f0a929b8060@group-3636E5E7603C, cid=2009, SUCCESS, logIndex=2876, commits[912a7d3b-e3f1-4985-b06b-5f0a929b8060:c2877]
2019-07-13 08:32:32,618 INFO  client.GrpcClientProtocolClient (GrpcClientProtocolClient.java:onNext(255)) - client-A5BCC62C3543->912a7d3b-e3f1-4985-b06b-5f0a929b8060: receive RaftClientReply:client-A5BCC62C3543->912a7d3b-e3f1-4985-b06b-5f0a929b8060@group-3636E5E7603C, cid=2010, SUCCESS, logIndex=2877, commits[912a7d3b-e3f1-4985-b06b-5f0a929b8060:c2879]
2019-07-13 08:32:32,618 INFO  client.GrpcClientProtocolClient (GrpcClientProtocolClient.java:onNext(255)) - client-A5BCC62C3543->912a7d3b-e3f1-4985-b06b-5f0a929b8060: receive RaftClientReply:client-A5BCC62C3543->912a7d3b-e3f1-4985-b06b-5f0a929b8060@group-3636E5E7603C, cid=2011, SUCCESS, logIndex=2878, commits[912a7d3b-e3f1-4985-b06b-5f0a929b8060:c2879]
2019-07-13 08:32:32,618 INFO  client.GrpcClientProtocolClient (GrpcClientProtocolClient.java:onNext(255)) - client-A5BCC62C3543->912a7d3b-e3f1-4985-b06b-5f0a929b8060: receive RaftClientReply:client-A5BCC62C3543->912a7d3b-e3f1-4985-b06b-5f0a929b8060@group-3636E5E7603C, cid=2012, SUCCESS, logIndex=2879, commits[912a7d3b-e3f1-4985-b06b-5f0a929b8060:c2880]
2019-07-13 08:32:32,638 INFO  client.GrpcClientProtocolClient (GrpcClientProtocolClient.java:onNext(255)) - client-A5BCC62C3543->912a7d3b-e3f1-4985-b06b-5f0a929b8060: receive RaftClientReply:client-A5BCC62C3543->912a7d3b-e3f1-4985-b06b-5f0a929b8060@group-3636E5E7603C, cid=2013, SUCCESS, logIndex=2882, commits[912a7d3b-e3f1-4985-b06b-5f0a929b8060:c2883]
2019-07-13 08:32:32,639 DEBUG block.SCMBlockDeletingService (SCMBlockDeletingService.java:call(138)) - Running DeletedBlockTransactionScanner
2019-07-13 08:32:32,639 INFO  client.GrpcClientProtocolClient (GrpcClientProtocolClient.java:onNext(255)) - client-A5BCC62C3543->912a7d3b-e3f1-4985-b06b-5f0a929b8060: receive RaftClientReply:client-A5BCC62C3543->912a7d3b-e3f1-4985-b06b-5f0a929b8060@group-3636E5E7603C, cid=2014, SUCCESS, logIndex=2883, commits[912a7d3b-e3f1-4985-b06b-5f0a929b8060:c2885]
2019-07-13 08:32:32,639 DEBUG block.SCMBlockDeletingService (SCMBlockDeletingService.java:call(155)) - Scanned deleted blocks log and got 0 delTX to process.
2019-07-13 08:32:32,639 INFO  client.GrpcClientProtocolClient (GrpcClientProtocolClient.java:onNext(255)) - client-A5BCC62C3543->912a7d3b-e3f1-4985-b06b-5f0a929b8060: receive RaftClientReply:client-A5BCC62C3543->912a7d3b-e3f1-4985-b06b-5f0a929b8060@group-3636E5E7603C, cid=2015, SUCCESS, logIndex=2884, commits[912a7d3b-e3f1-4985-b06b-5f0a929b8060:c2886]
2019-07-13 08:32:32,640 INFO  client.GrpcClientProtocolClient (GrpcClientProtocolClient.java:onNext(255)) - client-A5BCC62C3543->912a7d3b-e3f1-4985-b06b-5f0a929b8060: receive RaftClientReply:client-A5BCC62C3543->912a7d3b-e3f1-4985-b06b-5f0a929b8060@group-3636E5E7603C, cid=2016, SUCCESS, logIndex=2885, commits[912a7d3b-e3f1-4985-b06b-5f0a929b8060:c2886]
2019-07-13 08:32:32,670 INFO  client.GrpcClientProtocolClient (GrpcClientProtocolClient.java:onNext(255)) - client-A5BCC62C3543->912a7d3b-e3f1-4985-b06b-5f0a929b8060: receive RaftClientReply:client-A5BCC62C3543->912a7d3b-e3f1-4985-b06b-5f0a929b8060@group-3636E5E7603C, cid=2017, SUCCESS, logIndex=2888, commits[912a7d3b-e3f1-4985-b06b-5f0a929b8060:c2889]
2019-07-13 08:32:32,671 INFO  client.GrpcClientProtocolClient (GrpcClientProtocolClient.java:onNext(255)) - client-A5BCC62C3543->912a7d3b-e3f1-4985-b06b-5f0a929b8060: receive RaftClientReply:client-A5BCC62C3543->912a7d3b-e3f1-4985-b06b-5f0a929b8060@group-3636E5E7603C, cid=2018, SUCCESS, logIndex=2889, commits[912a7d3b-e3f1-4985-b06b-5f0a929b8060:c2891]
2019-07-13 08:32:32,671 INFO  client.GrpcClientProtocolClient (GrpcClientProtocolClient.java:onNext(255)) - client-A5BCC62C3543->912a7d3b-e3f1-4985-b06b-5f0a929b8060: receive RaftClientReply:client-A5BCC62C3543->912a7d3b-e3f1-4985-b06b-5f0a929b8060@group-3636E5E7603C, cid=2019, SUCCESS, logIndex=2890, commits[912a7d3b-e3f1-4985-b06b-5f0a929b8060:c2892]
2019-07-13 08:32:32,672 INFO  client.GrpcClientProtocolClient (GrpcClientProtocolClient.java:onNext(255)) - client-A5BCC62C3543->912a7d3b-e3f1-4985-b06b-5f0a929b8060: receive RaftClientReply:client-A5BCC62C3543->912a7d3b-e3f1-4985-b06b-5f0a929b8060@group-3636E5E7603C, cid=2020, SUCCESS, logIndex=2891, commits[912a7d3b-e3f1-4985-b06b-5f0a929b8060:c2892]
2019-07-13 08:32:32,691 INFO  client.GrpcClientProtocolClient (GrpcClientProtocolClient.java:onNext(255)) - client-A5BCC62C3543->912a7d3b-e3f1-4985-b06b-5f0a929b8060: receive RaftClientReply:client-A5BCC62C3543->912a7d3b-e3f1-4985-b06b-5f0a929b8060@group-3636E5E7603C, cid=2021, SUCCESS, logIndex=2894, commits[912a7d3b-e3f1-4985-b06b-5f0a929b8060:c2895]
2019-07-13 08:32:32,692 INFO  client.GrpcClientProtocolClient (GrpcClientProtocolClient.java:onNext(255)) - client-A5BCC62C3543->912a7d3b-e3f1-4985-b06b-5f0a929b8060: receive RaftClientReply:client-A5BCC62C3543->912a7d3b-e3f1-4985-b06b-5f0a929b8060@group-3636E5E7603C, cid=2022, SUCCESS, logIndex=2895, commits[912a7d3b-e3f1-4985-b06b-5f0a929b8060:c2895]
2019-07-13 08:32:32,694 INFO  client.GrpcClientProtocolClient (GrpcClientProtocolClient.java:onNext(255)) - client-A5BCC62C3543->912a7d3b-e3f1-4985-b06b-5f0a929b8060: receive RaftClientReply:client-A5BCC62C3543->912a7d3b-e3f1-4985-b06b-5f0a929b8060@group-3636E5E7603C, cid=2023, SUCCESS, logIndex=2896, commits[912a7d3b-e3f1-4985-b06b-5f0a929b8060:c2897]
2019-07-13 08:32:32,694 INFO  client.GrpcClientProtocolClient (GrpcClientProtocolClient.java:onNext(255)) - client-A5BCC62C3543->912a7d3b-e3f1-4985-b06b-5f0a929b8060: receive RaftClientReply:client-A5BCC62C3543->912a7d3b-e3f1-4985-b06b-5f0a929b8060@group-3636E5E7603C, cid=2024, SUCCESS, logIndex=2897, commits[912a7d3b-e3f1-4985-b06b-5f0a929b8060:c2897]
2019-07-13 08:32:32,726 INFO  client.GrpcClientProtocolClient (GrpcClientProtocolClient.java:onNext(255)) - client-A5BCC62C3543->912a7d3b-e3f1-4985-b06b-5f0a929b8060: receive RaftClientReply:client-A5BCC62C3543->912a7d3b-e3f1-4985-b06b-5f0a929b8060@group-3636E5E7603C, cid=2025, SUCCESS, logIndex=2900, commits[912a7d3b-e3f1-4985-b06b-5f0a929b8060:c2903]
2019-07-13 08:32:32,727 INFO  client.GrpcClientProtocolClient (GrpcClientProtocolClient.java:onNext(255)) - client-A5BCC62C3543->912a7d3b-e3f1-4985-b06b-5f0a929b8060: receive RaftClientReply:client-A5BCC62C3543->912a7d3b-e3f1-4985-b06b-5f0a929b8060@group-3636E5E7603C, cid=2026, SUCCESS, logIndex=2901, commits[912a7d3b-e3f1-4985-b06b-5f0a929b8060:c2904]
2019-07-13 08:32:32,727 INFO  client.GrpcClientProtocolClient (GrpcClientProtocolClient.java:onNext(255)) - client-A5BCC62C3543->912a7d3b-e3f1-4985-b06b-5f0a929b8060: receive RaftClientReply:client-A5BCC62C3543->912a7d3b-e3f1-4985-b06b-5f0a929b8060@group-3636E5E7603C, cid=2027, SUCCESS, logIndex=2902, commits[912a7d3b-e3f1-4985-b06b-5f0a929b8060:c2904]
2019-07-13 08:32:32,728 INFO  client.GrpcClientProtocolClient (GrpcClientProtocolClient.java:onNext(255)) - client-A5BCC62C3543->912a7d3b-e3f1-4985-b06b-5f0a929b8060: receive RaftClientReply:client-A5BCC62C3543->912a7d3b-e3f1-4985-b06b-5f0a929b8060@group-3636E5E7603C, cid=2028, SUCCESS, logIndex=2903, commits[912a7d3b-e3f1-4985-b06b-5f0a929b8060:c2904]
2019-07-13 08:32:32,739 DEBUG block.SCMBlockDeletingService (SCMBlockDeletingService.java:call(138)) - Running DeletedBlockTransactionScanner
2019-07-13 08:32:32,740 DEBUG block.SCMBlockDeletingService (SCMBlockDeletingService.java:call(155)) - Scanned deleted blocks log and got 0 delTX to process.
2019-07-13 08:32:32,747 INFO  client.GrpcClientProtocolClient (GrpcClientProtocolClient.java:onNext(255)) - client-A5BCC62C3543->912a7d3b-e3f1-4985-b06b-5f0a929b8060: receive RaftClientReply:client-A5BCC62C3543->912a7d3b-e3f1-4985-b06b-5f0a929b8060@group-3636E5E7603C, cid=2029, SUCCESS, logIndex=2905, commits[912a7d3b-e3f1-4985-b06b-5f0a929b8060:c2906]
2019-07-13 08:32:32,749 INFO  client.GrpcClientProtocolClient (GrpcClientProtocolClient.java:onNext(255)) - client-A5BCC62C3543->912a7d3b-e3f1-4985-b06b-5f0a929b8060: receive RaftClientReply:client-A5BCC62C3543->912a7d3b-e3f1-4985-b06b-5f0a929b8060@group-3636E5E7603C, cid=2030, SUCCESS, logIndex=2906, commits[912a7d3b-e3f1-4985-b06b-5f0a929b8060:c2906]
2019-07-13 08:32:32,750 INFO  client.GrpcClientProtocolClient (GrpcClientProtocolClient.java:onNext(255)) - client-A5BCC62C3543->912a7d3b-e3f1-4985-b06b-5f0a929b8060: receive RaftClientReply:client-A5BCC62C3543->912a7d3b-e3f1-4985-b06b-5f0a929b8060@group-3636E5E7603C, cid=2031, SUCCESS, logIndex=2907, commits[912a7d3b-e3f1-4985-b06b-5f0a929b8060:c2909]
2019-07-13 08:32:32,751 INFO  client.GrpcClientProtocolClient (GrpcClientProtocolClient.java:onNext(255)) - client-A5BCC62C3543->912a7d3b-e3f1-4985-b06b-5f0a929b8060: receive RaftClientReply:client-A5BCC62C3543->912a7d3b-e3f1-4985-b06b-5f0a929b8060@group-3636E5E7603C, cid=2032, SUCCESS, logIndex=2908, commits[912a7d3b-e3f1-4985-b06b-5f0a929b8060:c2909]
2019-07-13 08:32:32,840 DEBUG block.SCMBlockDeletingService (SCMBlockDeletingService.java:call(138)) - Running DeletedBlockTransactionScanner
2019-07-13 08:32:32,840 DEBUG block.SCMBlockDeletingService (SCMBlockDeletingService.java:call(155)) - Scanned deleted blocks log and got 0 delTX to process.
2019-07-13 08:32:32,878 INFO  client.GrpcClientProtocolClient (GrpcClientProtocolClient.java:onNext(255)) - client-A5BCC62C3543->912a7d3b-e3f1-4985-b06b-5f0a929b8060: receive RaftClientReply:client-A5BCC62C3543->912a7d3b-e3f1-4985-b06b-5f0a929b8060@group-3636E5E7603C, cid=2033, SUCCESS, logIndex=2910, commits[912a7d3b-e3f1-4985-b06b-5f0a929b8060:c2913]
2019-07-13 08:32:32,879 INFO  client.GrpcClientProtocolClient (GrpcClientProtocolClient.java:onNext(255)) - client-A5BCC62C3543->912a7d3b-e3f1-4985-b06b-5f0a929b8060: receive RaftClientReply:client-A5BCC62C3543->912a7d3b-e3f1-4985-b06b-5f0a929b8060@group-3636E5E7603C, cid=2034, SUCCESS, logIndex=2911, commits[912a7d3b-e3f1-4985-b06b-5f0a929b8060:c2914]
2019-07-13 08:32:32,879 INFO  client.GrpcClientProtocolClient (GrpcClientProtocolClient.java:onNext(255)) - client-A5BCC62C3543->912a7d3b-e3f1-4985-b06b-5f0a929b8060: receive RaftClientReply:client-A5BCC62C3543->912a7d3b-e3f1-4985-b06b-5f0a929b8060@group-3636E5E7603C, cid=2035, SUCCESS, logIndex=2912, commits[912a7d3b-e3f1-4985-b06b-5f0a929b8060:c2914]
2019-07-13 08:32:32,879 INFO  client.GrpcClientProtocolClient (GrpcClientProtocolClient.java:onNext(255)) - client-A5BCC62C3543->912a7d3b-e3f1-4985-b06b-5f0a929b8060: receive RaftClientReply:client-A5BCC62C3543->912a7d3b-e3f1-4985-b06b-5f0a929b8060@group-3636E5E7603C, cid=2036, SUCCESS, logIndex=2913, commits[912a7d3b-e3f1-4985-b06b-5f0a929b8060:c2914]
2019-07-13 08:32:32,900 INFO  client.GrpcClientProtocolClient (GrpcClientProtocolClient.java:onNext(255)) - client-A5BCC62C3543->912a7d3b-e3f1-4985-b06b-5f0a929b8060: receive RaftClientReply:client-A5BCC62C3543->912a7d3b-e3f1-4985-b06b-5f0a929b8060@group-3636E5E7603C, cid=2037, SUCCESS, logIndex=2915, commits[912a7d3b-e3f1-4985-b06b-5f0a929b8060:c2918]
2019-07-13 08:32:32,900 INFO  client.GrpcClientProtocolClient (GrpcClientProtocolClient.java:onNext(255)) - client-A5BCC62C3543->912a7d3b-e3f1-4985-b06b-5f0a929b8060: receive RaftClientReply:client-A5BCC62C3543->912a7d3b-e3f1-4985-b06b-5f0a929b8060@group-3636E5E7603C, cid=2038, SUCCESS, logIndex=2916, commits[912a7d3b-e3f1-4985-b06b-5f0a929b8060:c2919]
2019-07-13 08:32:32,901 INFO  client.GrpcClientProtocolClient (GrpcClientProtocolClient.java:onNext(255)) - client-A5BCC62C3543->912a7d3b-e3f1-4985-b06b-5f0a929b8060: receive RaftClientReply:client-A5BCC62C3543->912a7d3b-e3f1-4985-b06b-5f0a929b8060@group-3636E5E7603C, cid=2039, SUCCESS, logIndex=2917, commits[912a7d3b-e3f1-4985-b06b-5f0a929b8060:c2919]
2019-07-13 08:32:32,901 INFO  client.GrpcClientProtocolClient (GrpcClientProtocolClient.java:onNext(255)) - client-A5BCC62C3543->912a7d3b-e3f1-4985-b06b-5f0a929b8060: receive RaftClientReply:client-A5BCC62C3543->912a7d3b-e3f1-4985-b06b-5f0a929b8060@group-3636E5E7603C, cid=2040, SUCCESS, logIndex=2918, commits[912a7d3b-e3f1-4985-b06b-5f0a929b8060:c2919]
2019-07-13 08:32:32,931 INFO  client.GrpcClientProtocolClient (GrpcClientProtocolClient.java:onNext(255)) - client-A5BCC62C3543->912a7d3b-e3f1-4985-b06b-5f0a929b8060: receive RaftClientReply:client-A5BCC62C3543->912a7d3b-e3f1-4985-b06b-5f0a929b8060@group-3636E5E7603C, cid=2041, SUCCESS, logIndex=2920, commits[912a7d3b-e3f1-4985-b06b-5f0a929b8060:c2921]
2019-07-13 08:32:32,932 INFO  client.GrpcClientProtocolClient (GrpcClientProtocolClient.java:onNext(255)) - client-A5BCC62C3543->912a7d3b-e3f1-4985-b06b-5f0a929b8060: receive RaftClientReply:client-A5BCC62C3543->912a7d3b-e3f1-4985-b06b-5f0a929b8060@group-3636E5E7603C, cid=2042, SUCCESS, logIndex=2921, commits[912a7d3b-e3f1-4985-b06b-5f0a929b8060:c2923]
2019-07-13 08:32:32,932 INFO  client.GrpcClientProtocolClient (GrpcClientProtocolClient.java:onNext(255)) - client-A5BCC62C3543->912a7d3b-e3f1-4985-b06b-5f0a929b8060: receive RaftClientReply:client-A5BCC62C3543->912a7d3b-e3f1-4985-b06b-5f0a929b8060@group-3636E5E7603C, cid=2043, SUCCESS, logIndex=2922, commits[912a7d3b-e3f1-4985-b06b-5f0a929b8060:c2923]
2019-07-13 08:32:32,932 INFO  client.GrpcClientProtocolClient (GrpcClientProtocolClient.java:onNext(255)) - client-A5BCC62C3543->912a7d3b-e3f1-4985-b06b-5f0a929b8060: receive RaftClientReply:client-A5BCC62C3543->912a7d3b-e3f1-4985-b06b-5f0a929b8060@group-3636E5E7603C, cid=2044, SUCCESS, logIndex=2923, commits[912a7d3b-e3f1-4985-b06b-5f0a929b8060:c2924]
2019-07-13 08:32:32,941 DEBUG block.SCMBlockDeletingService (SCMBlockDeletingService.java:call(138)) - Running DeletedBlockTransactionScanner
2019-07-13 08:32:32,941 DEBUG block.SCMBlockDeletingService (SCMBlockDeletingService.java:call(155)) - Scanned deleted blocks log and got 0 delTX to process.
2019-07-13 08:32:32,954 INFO  client.GrpcClientProtocolClient (GrpcClientProtocolClient.java:onNext(255)) - client-A5BCC62C3543->912a7d3b-e3f1-4985-b06b-5f0a929b8060: receive RaftClientReply:client-A5BCC62C3543->912a7d3b-e3f1-4985-b06b-5f0a929b8060@group-3636E5E7603C, cid=2045, SUCCESS, logIndex=2926, commits[912a7d3b-e3f1-4985-b06b-5f0a929b8060:c2927]
2019-07-13 08:32:32,954 INFO  client.GrpcClientProtocolClient (GrpcClientProtocolClient.java:onNext(255)) - client-A5BCC62C3543->912a7d3b-e3f1-4985-b06b-5f0a929b8060: receive RaftClientReply:client-A5BCC62C3543->912a7d3b-e3f1-4985-b06b-5f0a929b8060@group-3636E5E7603C, cid=2046, SUCCESS, logIndex=2927, commits[912a7d3b-e3f1-4985-b06b-5f0a929b8060:c2927]
2019-07-13 08:32:32,955 INFO  client.GrpcClientProtocolClient (GrpcClientProtocolClient.java:onNext(255)) - client-A5BCC62C3543->912a7d3b-e3f1-4985-b06b-5f0a929b8060: receive RaftClientReply:client-A5BCC62C3543->912a7d3b-e3f1-4985-b06b-5f0a929b8060@group-3636E5E7603C, cid=2047, SUCCESS, logIndex=2928, commits[912a7d3b-e3f1-4985-b06b-5f0a929b8060:c2929]
2019-07-13 08:32:32,955 INFO  client.GrpcClientProtocolClient (GrpcClientProtocolClient.java:onNext(255)) - client-A5BCC62C3543->912a7d3b-e3f1-4985-b06b-5f0a929b8060: receive RaftClientReply:client-A5BCC62C3543->912a7d3b-e3f1-4985-b06b-5f0a929b8060@group-3636E5E7603C, cid=2048, SUCCESS, logIndex=2929, commits[912a7d3b-e3f1-4985-b06b-5f0a929b8060:c2929]
2019-07-13 08:32:32,985 INFO  client.GrpcClientProtocolClient (GrpcClientProtocolClient.java:onNext(255)) - client-A5BCC62C3543->912a7d3b-e3f1-4985-b06b-5f0a929b8060: receive RaftClientReply:client-A5BCC62C3543->912a7d3b-e3f1-4985-b06b-5f0a929b8060@group-3636E5E7603C, cid=2049, SUCCESS, logIndex=2932, commits[912a7d3b-e3f1-4985-b06b-5f0a929b8060:c2933]
2019-07-13 08:32:32,986 INFO  client.GrpcClientProtocolClient (GrpcClientProtocolClient.java:onNext(255)) - client-A5BCC62C3543->912a7d3b-e3f1-4985-b06b-5f0a929b8060: receive RaftClientReply:client-A5BCC62C3543->912a7d3b-e3f1-4985-b06b-5f0a929b8060@group-3636E5E7603C, cid=2050, SUCCESS, logIndex=2933, commits[912a7d3b-e3f1-4985-b06b-5f0a929b8060:c2933]
2019-07-13 08:32:32,994 INFO  client.GrpcClientProtocolClient (GrpcClientProtocolClient.java:onNext(255)) - client-A5BCC62C3543->912a7d3b-e3f1-4985-b06b-5f0a929b8060: receive RaftClientReply:client-A5BCC62C3543->912a7d3b-e3f1-4985-b06b-5f0a929b8060@group-3636E5E7603C, cid=2051, SUCCESS, logIndex=2934, commits[912a7d3b-e3f1-4985-b06b-5f0a929b8060:c2935]
2019-07-13 08:32:32,994 INFO  client.GrpcClientProtocolClient (GrpcClientProtocolClient.java:onNext(255)) - client-A5BCC62C3543->912a7d3b-e3f1-4985-b06b-5f0a929b8060: receive RaftClientReply:client-A5BCC62C3543->912a7d3b-e3f1-4985-b06b-5f0a929b8060@group-3636E5E7603C, cid=2052, SUCCESS, logIndex=2935, commits[912a7d3b-e3f1-4985-b06b-5f0a929b8060:c2936]
2019-07-13 08:32:33,014 INFO  client.GrpcClientProtocolClient (GrpcClientProtocolClient.java:onNext(255)) - client-A5BCC62C3543->912a7d3b-e3f1-4985-b06b-5f0a929b8060: receive RaftClientReply:client-A5BCC62C3543->912a7d3b-e3f1-4985-b06b-5f0a929b8060@group-3636E5E7603C, cid=2053, SUCCESS, logIndex=2938, commits[912a7d3b-e3f1-4985-b06b-5f0a929b8060:c2939]
2019-07-13 08:32:33,015 INFO  client.GrpcClientProtocolClient (GrpcClientProtocolClient.java:onNext(255)) - client-A5BCC62C3543->912a7d3b-e3f1-4985-b06b-5f0a929b8060: receive RaftClientReply:client-A5BCC62C3543->912a7d3b-e3f1-4985-b06b-5f0a929b8060@group-3636E5E7603C, cid=2054, SUCCESS, logIndex=2939, commits[912a7d3b-e3f1-4985-b06b-5f0a929b8060:c2941]
2019-07-13 08:32:33,015 INFO  client.GrpcClientProtocolClient (GrpcClientProtocolClient.java:onNext(255)) - client-A5BCC62C3543->912a7d3b-e3f1-4985-b06b-5f0a929b8060: receive RaftClientReply:client-A5BCC62C3543->912a7d3b-e3f1-4985-b06b-5f0a929b8060@group-3636E5E7603C, cid=2055, SUCCESS, logIndex=2940, commits[912a7d3b-e3f1-4985-b06b-5f0a929b8060:c2941]
2019-07-13 08:32:33,016 INFO  client.GrpcClientProtocolClient (GrpcClientProtocolClient.java:onNext(255)) - client-A5BCC62C3543->912a7d3b-e3f1-4985-b06b-5f0a929b8060: receive RaftClientReply:client-A5BCC62C3543->912a7d3b-e3f1-4985-b06b-5f0a929b8060@group-3636E5E7603C, cid=2056, SUCCESS, logIndex=2941, commits[912a7d3b-e3f1-4985-b06b-5f0a929b8060:c2942]
2019-07-13 08:32:33,041 DEBUG block.SCMBlockDeletingService (SCMBlockDeletingService.java:call(138)) - Running DeletedBlockTransactionScanner
2019-07-13 08:32:33,042 DEBUG block.SCMBlockDeletingService (SCMBlockDeletingService.java:call(155)) - Scanned deleted blocks log and got 0 delTX to process.
2019-07-13 08:32:33,046 INFO  client.GrpcClientProtocolClient (GrpcClientProtocolClient.java:onNext(255)) - client-A5BCC62C3543->912a7d3b-e3f1-4985-b06b-5f0a929b8060: receive RaftClientReply:client-A5BCC62C3543->912a7d3b-e3f1-4985-b06b-5f0a929b8060@group-3636E5E7603C, cid=2057, SUCCESS, logIndex=2944, commits[912a7d3b-e3f1-4985-b06b-5f0a929b8060:c2945]
2019-07-13 08:32:33,046 INFO  client.GrpcClientProtocolClient (GrpcClientProtocolClient.java:onNext(255)) - client-A5BCC62C3543->912a7d3b-e3f1-4985-b06b-5f0a929b8060: receive RaftClientReply:client-A5BCC62C3543->912a7d3b-e3f1-4985-b06b-5f0a929b8060@group-3636E5E7603C, cid=2058, SUCCESS, logIndex=2945, commits[912a7d3b-e3f1-4985-b06b-5f0a929b8060:c2945]
2019-07-13 08:32:33,054 INFO  client.GrpcClientProtocolClient (GrpcClientProtocolClient.java:onNext(255)) - client-A5BCC62C3543->912a7d3b-e3f1-4985-b06b-5f0a929b8060: receive RaftClientReply:client-A5BCC62C3543->912a7d3b-e3f1-4985-b06b-5f0a929b8060@group-3636E5E7603C, cid=2059, SUCCESS, logIndex=2946, commits[912a7d3b-e3f1-4985-b06b-5f0a929b8060:c2947]
2019-07-13 08:32:33,054 INFO  client.GrpcClientProtocolClient (GrpcClientProtocolClient.java:onNext(255)) - client-A5BCC62C3543->912a7d3b-e3f1-4985-b06b-5f0a929b8060: receive RaftClientReply:client-A5BCC62C3543->912a7d3b-e3f1-4985-b06b-5f0a929b8060@group-3636E5E7603C, cid=2060, SUCCESS, logIndex=2947, commits[912a7d3b-e3f1-4985-b06b-5f0a929b8060:c2948]
2019-07-13 08:32:33,075 INFO  client.GrpcClientProtocolClient (GrpcClientProtocolClient.java:onNext(255)) - client-A5BCC62C3543->912a7d3b-e3f1-4985-b06b-5f0a929b8060: receive RaftClientReply:client-A5BCC62C3543->912a7d3b-e3f1-4985-b06b-5f0a929b8060@group-3636E5E7603C, cid=2061, SUCCESS, logIndex=2950, commits[912a7d3b-e3f1-4985-b06b-5f0a929b8060:c2951]
2019-07-13 08:32:33,075 INFO  client.GrpcClientProtocolClient (GrpcClientProtocolClient.java:onNext(255)) - client-A5BCC62C3543->912a7d3b-e3f1-4985-b06b-5f0a929b8060: receive RaftClientReply:client-A5BCC62C3543->912a7d3b-e3f1-4985-b06b-5f0a929b8060@group-3636E5E7603C, cid=2062, SUCCESS, logIndex=2951, commits[912a7d3b-e3f1-4985-b06b-5f0a929b8060:c2953]
2019-07-13 08:32:33,076 INFO  client.GrpcClientProtocolClient (GrpcClientProtocolClient.java:onNext(255)) - client-A5BCC62C3543->912a7d3b-e3f1-4985-b06b-5f0a929b8060: receive RaftClientReply:client-A5BCC62C3543->912a7d3b-e3f1-4985-b06b-5f0a929b8060@group-3636E5E7603C, cid=2063, SUCCESS, logIndex=2952, commits[912a7d3b-e3f1-4985-b06b-5f0a929b8060:c2954]
2019-07-13 08:32:33,076 INFO  client.GrpcClientProtocolClient (GrpcClientProtocolClient.java:onNext(255)) - client-A5BCC62C3543->912a7d3b-e3f1-4985-b06b-5f0a929b8060: receive RaftClientReply:client-A5BCC62C3543->912a7d3b-e3f1-4985-b06b-5f0a929b8060@group-3636E5E7603C, cid=2064, SUCCESS, logIndex=2953, commits[912a7d3b-e3f1-4985-b06b-5f0a929b8060:c2954]
2019-07-13 08:32:33,105 INFO  client.GrpcClientProtocolClient (GrpcClientProtocolClient.java:onNext(255)) - client-A5BCC62C3543->912a7d3b-e3f1-4985-b06b-5f0a929b8060: receive RaftClientReply:client-A5BCC62C3543->912a7d3b-e3f1-4985-b06b-5f0a929b8060@group-3636E5E7603C, cid=2065, SUCCESS, logIndex=2956, commits[912a7d3b-e3f1-4985-b06b-5f0a929b8060:c2957]
2019-07-13 08:32:33,106 INFO  client.GrpcClientProtocolClient (GrpcClientProtocolClient.java:onNext(255)) - client-A5BCC62C3543->912a7d3b-e3f1-4985-b06b-5f0a929b8060: receive RaftClientReply:client-A5BCC62C3543->912a7d3b-e3f1-4985-b06b-5f0a929b8060@group-3636E5E7603C, cid=2066, SUCCESS, logIndex=2957, commits[912a7d3b-e3f1-4985-b06b-5f0a929b8060:c2959]
2019-07-13 08:32:33,106 INFO  client.GrpcClientProtocolClient (GrpcClientProtocolClient.java:onNext(255)) - client-A5BCC62C3543->912a7d3b-e3f1-4985-b06b-5f0a929b8060: receive RaftClientReply:client-A5BCC62C3543->912a7d3b-e3f1-4985-b06b-5f0a929b8060@group-3636E5E7603C, cid=2067, SUCCESS, logIndex=2958, commits[912a7d3b-e3f1-4985-b06b-5f0a929b8060:c2960]
2019-07-13 08:32:33,107 INFO  client.GrpcClientProtocolClient (GrpcClientProtocolClient.java:onNext(255)) - client-A5BCC62C3543->912a7d3b-e3f1-4985-b06b-5f0a929b8060: receive RaftClientReply:client-A5BCC62C3543->912a7d3b-e3f1-4985-b06b-5f0a929b8060@group-3636E5E7603C, cid=2068, SUCCESS, logIndex=2959, commits[912a7d3b-e3f1-4985-b06b-5f0a929b8060:c2961]
2019-07-13 08:32:33,128 INFO  client.GrpcClientProtocolClient (GrpcClientProtocolClient.java:onNext(255)) - client-A5BCC62C3543->912a7d3b-e3f1-4985-b06b-5f0a929b8060: receive RaftClientReply:client-A5BCC62C3543->912a7d3b-e3f1-4985-b06b-5f0a929b8060@group-3636E5E7603C, cid=2069, SUCCESS, logIndex=2962, commits[912a7d3b-e3f1-4985-b06b-5f0a929b8060:c2963]
2019-07-13 08:32:33,128 INFO  client.GrpcClientProtocolClient (GrpcClientProtocolClient.java:onNext(255)) - client-A5BCC62C3543->912a7d3b-e3f1-4985-b06b-5f0a929b8060: receive RaftClientReply:client-A5BCC62C3543->912a7d3b-e3f1-4985-b06b-5f0a929b8060@group-3636E5E7603C, cid=2070, SUCCESS, logIndex=2963, commits[912a7d3b-e3f1-4985-b06b-5f0a929b8060:c2965]
2019-07-13 08:32:33,128 INFO  client.GrpcClientProtocolClient (GrpcClientProtocolClient.java:onNext(255)) - client-A5BCC62C3543->912a7d3b-e3f1-4985-b06b-5f0a929b8060: receive RaftClientReply:client-A5BCC62C3543->912a7d3b-e3f1-4985-b06b-5f0a929b8060@group-3636E5E7603C, cid=2071, SUCCESS, logIndex=2964, commits[912a7d3b-e3f1-4985-b06b-5f0a929b8060:c2966]
2019-07-13 08:32:33,129 INFO  client.GrpcClientProtocolClient (GrpcClientProtocolClient.java:onNext(255)) - client-A5BCC62C3543->912a7d3b-e3f1-4985-b06b-5f0a929b8060: receive RaftClientReply:client-A5BCC62C3543->912a7d3b-e3f1-4985-b06b-5f0a929b8060@group-3636E5E7603C, cid=2072, SUCCESS, logIndex=2965, commits[912a7d3b-e3f1-4985-b06b-5f0a929b8060:c2966]
2019-07-13 08:32:33,142 DEBUG block.SCMBlockDeletingService (SCMBlockDeletingService.java:call(138)) - Running DeletedBlockTransactionScanner
2019-07-13 08:32:33,143 DEBUG block.SCMBlockDeletingService (SCMBlockDeletingService.java:call(155)) - Scanned deleted blocks log and got 0 delTX to process.
2019-07-13 08:32:33,161 INFO  client.GrpcClientProtocolClient (GrpcClientProtocolClient.java:onNext(255)) - client-A5BCC62C3543->912a7d3b-e3f1-4985-b06b-5f0a929b8060: receive RaftClientReply:client-A5BCC62C3543->912a7d3b-e3f1-4985-b06b-5f0a929b8060@group-3636E5E7603C, cid=2073, SUCCESS, logIndex=2968, commits[912a7d3b-e3f1-4985-b06b-5f0a929b8060:c2969]
2019-07-13 08:32:33,162 INFO  client.GrpcClientProtocolClient (GrpcClientProtocolClient.java:onNext(255)) - client-A5BCC62C3543->912a7d3b-e3f1-4985-b06b-5f0a929b8060: receive RaftClientReply:client-A5BCC62C3543->912a7d3b-e3f1-4985-b06b-5f0a929b8060@group-3636E5E7603C, cid=2074, SUCCESS, logIndex=2969, commits[912a7d3b-e3f1-4985-b06b-5f0a929b8060:c2971]
2019-07-13 08:32:33,162 INFO  client.GrpcClientProtocolClient (GrpcClientProtocolClient.java:onNext(255)) - client-A5BCC62C3543->912a7d3b-e3f1-4985-b06b-5f0a929b8060: receive RaftClientReply:client-A5BCC62C3543->912a7d3b-e3f1-4985-b06b-5f0a929b8060@group-3636E5E7603C, cid=2075, SUCCESS, logIndex=2970, commits[912a7d3b-e3f1-4985-b06b-5f0a929b8060:c2971]
2019-07-13 08:32:33,163 INFO  client.GrpcClientProtocolClient (GrpcClientProtocolClient.java:onNext(255)) - client-A5BCC62C3543->912a7d3b-e3f1-4985-b06b-5f0a929b8060: receive RaftClientReply:client-A5BCC62C3543->912a7d3b-e3f1-4985-b06b-5f0a929b8060@group-3636E5E7603C, cid=2076, SUCCESS, logIndex=2971, commits[912a7d3b-e3f1-4985-b06b-5f0a929b8060:c2972]
2019-07-13 08:32:33,243 DEBUG block.SCMBlockDeletingService (SCMBlockDeletingService.java:call(138)) - Running DeletedBlockTransactionScanner
2019-07-13 08:32:33,243 DEBUG block.SCMBlockDeletingService (SCMBlockDeletingService.java:call(155)) - Scanned deleted blocks log and got 0 delTX to process.
2019-07-13 08:32:33,344 DEBUG block.SCMBlockDeletingService (SCMBlockDeletingService.java:call(138)) - Running DeletedBlockTransactionScanner
2019-07-13 08:32:33,344 DEBUG block.SCMBlockDeletingService (SCMBlockDeletingService.java:call(155)) - Scanned deleted blocks log and got 0 delTX to process.
2019-07-13 08:32:33,360 INFO  client.GrpcClientProtocolClient (GrpcClientProtocolClient.java:onNext(255)) - client-A5BCC62C3543->912a7d3b-e3f1-4985-b06b-5f0a929b8060: receive RaftClientReply:client-A5BCC62C3543->912a7d3b-e3f1-4985-b06b-5f0a929b8060@group-3636E5E7603C, cid=2077, SUCCESS, logIndex=2974, commits[912a7d3b-e3f1-4985-b06b-5f0a929b8060:c2975]
2019-07-13 08:32:33,361 INFO  client.GrpcClientProtocolClient (GrpcClientProtocolClient.java:onNext(255)) - client-A5BCC62C3543->912a7d3b-e3f1-4985-b06b-5f0a929b8060: receive RaftClientReply:client-A5BCC62C3543->912a7d3b-e3f1-4985-b06b-5f0a929b8060@group-3636E5E7603C, cid=2078, SUCCESS, logIndex=2975, commits[912a7d3b-e3f1-4985-b06b-5f0a929b8060:c2977]
2019-07-13 08:32:33,361 INFO  client.GrpcClientProtocolClient (GrpcClientProtocolClient.java:onNext(255)) - client-A5BCC62C3543->912a7d3b-e3f1-4985-b06b-5f0a929b8060: receive RaftClientReply:client-A5BCC62C3543->912a7d3b-e3f1-4985-b06b-5f0a929b8060@group-3636E5E7603C, cid=2079, SUCCESS, logIndex=2976, commits[912a7d3b-e3f1-4985-b06b-5f0a929b8060:c2978]
2019-07-13 08:32:33,361 INFO  client.GrpcClientProtocolClient (GrpcClientProtocolClient.java:onNext(255)) - client-A5BCC62C3543->912a7d3b-e3f1-4985-b06b-5f0a929b8060: receive RaftClientReply:client-A5BCC62C3543->912a7d3b-e3f1-4985-b06b-5f0a929b8060@group-3636E5E7603C, cid=2080, SUCCESS, logIndex=2977, commits[912a7d3b-e3f1-4985-b06b-5f0a929b8060:c2978]
2019-07-13 08:32:33,389 INFO  client.GrpcClientProtocolClient (GrpcClientProtocolClient.java:onNext(255)) - client-A5BCC62C3543->912a7d3b-e3f1-4985-b06b-5f0a929b8060: receive RaftClientReply:client-A5BCC62C3543->912a7d3b-e3f1-4985-b06b-5f0a929b8060@group-3636E5E7603C, cid=2081, SUCCESS, logIndex=2980, commits[912a7d3b-e3f1-4985-b06b-5f0a929b8060:c2981]
2019-07-13 08:32:33,390 INFO  client.GrpcClientProtocolClient (GrpcClientProtocolClient.java:onNext(255)) - client-A5BCC62C3543->912a7d3b-e3f1-4985-b06b-5f0a929b8060: receive RaftClientReply:client-A5BCC62C3543->912a7d3b-e3f1-4985-b06b-5f0a929b8060@group-3636E5E7603C, cid=2082, SUCCESS, logIndex=2981, commits[912a7d3b-e3f1-4985-b06b-5f0a929b8060:c2983]
2019-07-13 08:32:33,390 INFO  client.GrpcClientProtocolClient (GrpcClientProtocolClient.java:onNext(255)) - client-A5BCC62C3543->912a7d3b-e3f1-4985-b06b-5f0a929b8060: receive RaftClientReply:client-A5BCC62C3543->912a7d3b-e3f1-4985-b06b-5f0a929b8060@group-3636E5E7603C, cid=2083, SUCCESS, logIndex=2982, commits[912a7d3b-e3f1-4985-b06b-5f0a929b8060:c2983]
2019-07-13 08:32:33,390 INFO  client.GrpcClientProtocolClient (GrpcClientProtocolClient.java:onNext(255)) - client-A5BCC62C3543->912a7d3b-e3f1-4985-b06b-5f0a929b8060: receive RaftClientReply:client-A5BCC62C3543->912a7d3b-e3f1-4985-b06b-5f0a929b8060@group-3636E5E7603C, cid=2084, SUCCESS, logIndex=2983, commits[912a7d3b-e3f1-4985-b06b-5f0a929b8060:c2984]
2019-07-13 08:32:33,410 INFO  client.GrpcClientProtocolClient (GrpcClientProtocolClient.java:onNext(255)) - client-A5BCC62C3543->912a7d3b-e3f1-4985-b06b-5f0a929b8060: receive RaftClientReply:client-A5BCC62C3543->912a7d3b-e3f1-4985-b06b-5f0a929b8060@group-3636E5E7603C, cid=2085, SUCCESS, logIndex=2986, commits[912a7d3b-e3f1-4985-b06b-5f0a929b8060:c2987]
2019-07-13 08:32:33,410 INFO  client.GrpcClientProtocolClient (GrpcClientProtocolClient.java:onNext(255)) - client-A5BCC62C3543->912a7d3b-e3f1-4985-b06b-5f0a929b8060: receive RaftClientReply:client-A5BCC62C3543->912a7d3b-e3f1-4985-b06b-5f0a929b8060@group-3636E5E7603C, cid=2086, SUCCESS, logIndex=2987, commits[912a7d3b-e3f1-4985-b06b-5f0a929b8060:c2989]
2019-07-13 08:32:33,411 INFO  client.GrpcClientProtocolClient (GrpcClientProtocolClient.java:onNext(255)) - client-A5BCC62C3543->912a7d3b-e3f1-4985-b06b-5f0a929b8060: receive RaftClientReply:client-A5BCC62C3543->912a7d3b-e3f1-4985-b06b-5f0a929b8060@group-3636E5E7603C, cid=2087, SUCCESS, logIndex=2988, commits[912a7d3b-e3f1-4985-b06b-5f0a929b8060:c2990]
2019-07-13 08:32:33,411 INFO  client.GrpcClientProtocolClient (GrpcClientProtocolClient.java:onNext(255)) - client-A5BCC62C3543->912a7d3b-e3f1-4985-b06b-5f0a929b8060: receive RaftClientReply:client-A5BCC62C3543->912a7d3b-e3f1-4985-b06b-5f0a929b8060@group-3636E5E7603C, cid=2088, SUCCESS, logIndex=2989, commits[912a7d3b-e3f1-4985-b06b-5f0a929b8060:c2990]
2019-07-13 08:32:33,439 INFO  client.GrpcClientProtocolClient (GrpcClientProtocolClient.java:onNext(255)) - client-A5BCC62C3543->912a7d3b-e3f1-4985-b06b-5f0a929b8060: receive RaftClientReply:client-A5BCC62C3543->912a7d3b-e3f1-4985-b06b-5f0a929b8060@group-3636E5E7603C, cid=2089, SUCCESS, logIndex=2992, commits[912a7d3b-e3f1-4985-b06b-5f0a929b8060:c2993]
2019-07-13 08:32:33,439 INFO  client.GrpcClientProtocolClient (GrpcClientProtocolClient.java:onNext(255)) - client-A5BCC62C3543->912a7d3b-e3f1-4985-b06b-5f0a929b8060: receive RaftClientReply:client-A5BCC62C3543->912a7d3b-e3f1-4985-b06b-5f0a929b8060@group-3636E5E7603C, cid=2090, SUCCESS, logIndex=2993, commits[912a7d3b-e3f1-4985-b06b-5f0a929b8060:c2995]
2019-07-13 08:32:33,439 INFO  client.GrpcClientProtocolClient (GrpcClientProtocolClient.java:onNext(255)) - client-A5BCC62C3543->912a7d3b-e3f1-4985-b06b-5f0a929b8060: receive RaftClientReply:client-A5BCC62C3543->912a7d3b-e3f1-4985-b06b-5f0a929b8060@group-3636E5E7603C, cid=2091, SUCCESS, logIndex=2994, commits[912a7d3b-e3f1-4985-b06b-5f0a929b8060:c2995]
2019-07-13 08:32:33,440 INFO  client.GrpcClientProtocolClient (GrpcClientProtocolClient.java:onNext(255)) - client-A5BCC62C3543->912a7d3b-e3f1-4985-b06b-5f0a929b8060: receive RaftClientReply:client-A5BCC62C3543->912a7d3b-e3f1-4985-b06b-5f0a929b8060@group-3636E5E7603C, cid=2092, SUCCESS, logIndex=2995, commits[912a7d3b-e3f1-4985-b06b-5f0a929b8060:c2996]
2019-07-13 08:32:33,444 DEBUG block.SCMBlockDeletingService (SCMBlockDeletingService.java:call(138)) - Running DeletedBlockTransactionScanner
2019-07-13 08:32:33,445 DEBUG block.SCMBlockDeletingService (SCMBlockDeletingService.java:call(155)) - Scanned deleted blocks log and got 0 delTX to process.
2019-07-13 08:32:33,471 INFO  client.GrpcClientProtocolClient (GrpcClientProtocolClient.java:onNext(255)) - client-A5BCC62C3543->912a7d3b-e3f1-4985-b06b-5f0a929b8060: receive RaftClientReply:client-A5BCC62C3543->912a7d3b-e3f1-4985-b06b-5f0a929b8060@group-3636E5E7603C, cid=2093, SUCCESS, logIndex=2998, commits[912a7d3b-e3f1-4985-b06b-5f0a929b8060:c3001]
2019-07-13 08:32:33,472 INFO  client.GrpcClientProtocolClient (GrpcClientProtocolClient.java:onNext(255)) - client-A5BCC62C3543->912a7d3b-e3f1-4985-b06b-5f0a929b8060: receive RaftClientReply:client-A5BCC62C3543->912a7d3b-e3f1-4985-b06b-5f0a929b8060@group-3636E5E7603C, cid=2094, SUCCESS, logIndex=2999, commits[912a7d3b-e3f1-4985-b06b-5f0a929b8060:c3002]
2019-07-13 08:32:33,472 INFO  client.GrpcClientProtocolClient (GrpcClientProtocolClient.java:onNext(255)) - client-A5BCC62C3543->912a7d3b-e3f1-4985-b06b-5f0a929b8060: receive RaftClientReply:client-A5BCC62C3543->912a7d3b-e3f1-4985-b06b-5f0a929b8060@group-3636E5E7603C, cid=2095, SUCCESS, logIndex=3000, commits[912a7d3b-e3f1-4985-b06b-5f0a929b8060:c3002]
2019-07-13 08:32:33,472 INFO  client.GrpcClientProtocolClient (GrpcClientProtocolClient.java:onNext(255)) - client-A5BCC62C3543->912a7d3b-e3f1-4985-b06b-5f0a929b8060: receive RaftClientReply:client-A5BCC62C3543->912a7d3b-e3f1-4985-b06b-5f0a929b8060@group-3636E5E7603C, cid=2096, SUCCESS, logIndex=3001, commits[912a7d3b-e3f1-4985-b06b-5f0a929b8060:c3002]
2019-07-13 08:32:33,503 INFO  client.GrpcClientProtocolClient (GrpcClientProtocolClient.java:onNext(255)) - client-A5BCC62C3543->912a7d3b-e3f1-4985-b06b-5f0a929b8060: receive RaftClientReply:client-A5BCC62C3543->912a7d3b-e3f1-4985-b06b-5f0a929b8060@group-3636E5E7603C, cid=2097, SUCCESS, logIndex=3003, commits[912a7d3b-e3f1-4985-b06b-5f0a929b8060:c3004]
2019-07-13 08:32:33,504 INFO  client.GrpcClientProtocolClient (GrpcClientProtocolClient.java:onNext(255)) - client-A5BCC62C3543->912a7d3b-e3f1-4985-b06b-5f0a929b8060: receive RaftClientReply:client-A5BCC62C3543->912a7d3b-e3f1-4985-b06b-5f0a929b8060@group-3636E5E7603C, cid=2098, SUCCESS, logIndex=3004, commits[912a7d3b-e3f1-4985-b06b-5f0a929b8060:c3006]
2019-07-13 08:32:33,504 INFO  client.GrpcClientProtocolClient (GrpcClientProtocolClient.java:onNext(255)) - client-A5BCC62C3543->912a7d3b-e3f1-4985-b06b-5f0a929b8060: receive RaftClientReply:client-A5BCC62C3543->912a7d3b-e3f1-4985-b06b-5f0a929b8060@group-3636E5E7603C, cid=2099, SUCCESS, logIndex=3005, commits[912a7d3b-e3f1-4985-b06b-5f0a929b8060:c3007]
2019-07-13 08:32:33,505 INFO  client.GrpcClientProtocolClient (GrpcClientProtocolClient.java:onNext(255)) - client-A5BCC62C3543->912a7d3b-e3f1-4985-b06b-5f0a929b8060: receive RaftClientReply:client-A5BCC62C3543->912a7d3b-e3f1-4985-b06b-5f0a929b8060@group-3636E5E7603C, cid=2100, SUCCESS, logIndex=3006, commits[912a7d3b-e3f1-4985-b06b-5f0a929b8060:c3007]
2019-07-13 08:32:33,526 INFO  client.GrpcClientProtocolClient (GrpcClientProtocolClient.java:onNext(255)) - client-A5BCC62C3543->912a7d3b-e3f1-4985-b06b-5f0a929b8060: receive RaftClientReply:client-A5BCC62C3543->912a7d3b-e3f1-4985-b06b-5f0a929b8060@group-3636E5E7603C, cid=2101, SUCCESS, logIndex=3009, commits[912a7d3b-e3f1-4985-b06b-5f0a929b8060:c3012]
2019-07-13 08:32:33,526 INFO  client.GrpcClientProtocolClient (GrpcClientProtocolClient.java:onNext(255)) - client-A5BCC62C3543->912a7d3b-e3f1-4985-b06b-5f0a929b8060: receive RaftClientReply:client-A5BCC62C3543->912a7d3b-e3f1-4985-b06b-5f0a929b8060@group-3636E5E7603C, cid=2102, SUCCESS, logIndex=3010, commits[912a7d3b-e3f1-4985-b06b-5f0a929b8060:c3013]
2019-07-13 08:32:33,527 INFO  client.GrpcClientProtocolClient (GrpcClientProtocolClient.java:onNext(255)) - client-A5BCC62C3543->912a7d3b-e3f1-4985-b06b-5f0a929b8060: receive RaftClientReply:client-A5BCC62C3543->912a7d3b-e3f1-4985-b06b-5f0a929b8060@group-3636E5E7603C, cid=2103, SUCCESS, logIndex=3011, commits[912a7d3b-e3f1-4985-b06b-5f0a929b8060:c3013]
2019-07-13 08:32:33,527 INFO  client.GrpcClientProtocolClient (GrpcClientProtocolClient.java:onNext(255)) - client-A5BCC62C3543->912a7d3b-e3f1-4985-b06b-5f0a929b8060: receive RaftClientReply:client-A5BCC62C3543->912a7d3b-e3f1-4985-b06b-5f0a929b8060@group-3636E5E7603C, cid=2104, SUCCESS, logIndex=3012, commits[912a7d3b-e3f1-4985-b06b-5f0a929b8060:c3014]
2019-07-13 08:32:33,545 DEBUG block.SCMBlockDeletingService (SCMBlockDeletingService.java:call(138)) - Running DeletedBlockTransactionScanner
2019-07-13 08:32:33,545 DEBUG block.SCMBlockDeletingService (SCMBlockDeletingService.java:call(155)) - Scanned deleted blocks log and got 0 delTX to process.
2019-07-13 08:32:33,557 INFO  client.GrpcClientProtocolClient (GrpcClientProtocolClient.java:onNext(255)) - client-A5BCC62C3543->912a7d3b-e3f1-4985-b06b-5f0a929b8060: receive RaftClientReply:client-A5BCC62C3543->912a7d3b-e3f1-4985-b06b-5f0a929b8060@group-3636E5E7603C, cid=2105, SUCCESS, logIndex=3015, commits[912a7d3b-e3f1-4985-b06b-5f0a929b8060:c3016]
2019-07-13 08:32:33,558 INFO  client.GrpcClientProtocolClient (GrpcClientProtocolClient.java:onNext(255)) - client-A5BCC62C3543->912a7d3b-e3f1-4985-b06b-5f0a929b8060: receive RaftClientReply:client-A5BCC62C3543->912a7d3b-e3f1-4985-b06b-5f0a929b8060@group-3636E5E7603C, cid=2106, SUCCESS, logIndex=3016, commits[912a7d3b-e3f1-4985-b06b-5f0a929b8060:c3016]
2019-07-13 08:32:33,560 INFO  client.GrpcClientProtocolClient (GrpcClientProtocolClient.java:onNext(255)) - client-A5BCC62C3543->912a7d3b-e3f1-4985-b06b-5f0a929b8060: receive RaftClientReply:client-A5BCC62C3543->912a7d3b-e3f1-4985-b06b-5f0a929b8060@group-3636E5E7603C, cid=2107, SUCCESS, logIndex=3017, commits[912a7d3b-e3f1-4985-b06b-5f0a929b8060:c3018]
2019-07-13 08:32:33,560 INFO  client.GrpcClientProtocolClient (GrpcClientProtocolClient.java:onNext(255)) - client-A5BCC62C3543->912a7d3b-e3f1-4985-b06b-5f0a929b8060: receive RaftClientReply:client-A5BCC62C3543->912a7d3b-e3f1-4985-b06b-5f0a929b8060@group-3636E5E7603C, cid=2108, SUCCESS, logIndex=3018, commits[912a7d3b-e3f1-4985-b06b-5f0a929b8060:c3018]
2019-07-13 08:32:33,574 INFO  client.GrpcClientProtocolClient (GrpcClientProtocolClient.java:onNext(255)) - client-A5BCC62C3543->912a7d3b-e3f1-4985-b06b-5f0a929b8060: receive RaftClientReply:client-A5BCC62C3543->912a7d3b-e3f1-4985-b06b-5f0a929b8060@group-3636E5E7603C, cid=2109, SUCCESS, logIndex=3021, commits[912a7d3b-e3f1-4985-b06b-5f0a929b8060:c3024]
2019-07-13 08:32:33,575 INFO  client.GrpcClientProtocolClient (GrpcClientProtocolClient.java:onNext(255)) - client-A5BCC62C3543->912a7d3b-e3f1-4985-b06b-5f0a929b8060: receive RaftClientReply:client-A5BCC62C3543->912a7d3b-e3f1-4985-b06b-5f0a929b8060@group-3636E5E7603C, cid=2110, SUCCESS, logIndex=3022, commits[912a7d3b-e3f1-4985-b06b-5f0a929b8060:c3025]
2019-07-13 08:32:33,575 INFO  client.GrpcClientProtocolClient (GrpcClientProtocolClient.java:onNext(255)) - client-A5BCC62C3543->912a7d3b-e3f1-4985-b06b-5f0a929b8060: receive RaftClientReply:client-A5BCC62C3543->912a7d3b-e3f1-4985-b06b-5f0a929b8060@group-3636E5E7603C, cid=2111, SUCCESS, logIndex=3023, commits[912a7d3b-e3f1-4985-b06b-5f0a929b8060:c3025]
2019-07-13 08:32:33,576 INFO  client.GrpcClientProtocolClient (GrpcClientProtocolClient.java:onNext(255)) - client-A5BCC62C3543->912a7d3b-e3f1-4985-b06b-5f0a929b8060: receive RaftClientReply:client-A5BCC62C3543->912a7d3b-e3f1-4985-b06b-5f0a929b8060@group-3636E5E7603C, cid=2112, SUCCESS, logIndex=3024, commits[912a7d3b-e3f1-4985-b06b-5f0a929b8060:c3025]
2019-07-13 08:32:33,596 INFO  client.GrpcClientProtocolClient (GrpcClientProtocolClient.java:onNext(255)) - client-A5BCC62C3543->912a7d3b-e3f1-4985-b06b-5f0a929b8060: receive RaftClientReply:client-A5BCC62C3543->912a7d3b-e3f1-4985-b06b-5f0a929b8060@group-3636E5E7603C, cid=2113, SUCCESS, logIndex=3026, commits[912a7d3b-e3f1-4985-b06b-5f0a929b8060:c3027]
2019-07-13 08:32:33,597 INFO  client.GrpcClientProtocolClient (GrpcClientProtocolClient.java:onNext(255)) - client-A5BCC62C3543->912a7d3b-e3f1-4985-b06b-5f0a929b8060: receive RaftClientReply:client-A5BCC62C3543->912a7d3b-e3f1-4985-b06b-5f0a929b8060@group-3636E5E7603C, cid=2114, SUCCESS, logIndex=3027, commits[912a7d3b-e3f1-4985-b06b-5f0a929b8060:c3027]
2019-07-13 08:32:33,599 INFO  client.GrpcClientProtocolClient (GrpcClientProtocolClient.java:onNext(255)) - client-A5BCC62C3543->912a7d3b-e3f1-4985-b06b-5f0a929b8060: receive RaftClientReply:client-A5BCC62C3543->912a7d3b-e3f1-4985-b06b-5f0a929b8060@group-3636E5E7603C, cid=2115, SUCCESS, logIndex=3028, commits[912a7d3b-e3f1-4985-b06b-5f0a929b8060:c3030]
2019-07-13 08:32:33,599 INFO  client.GrpcClientProtocolClient (GrpcClientProtocolClient.java:onNext(255)) - client-A5BCC62C3543->912a7d3b-e3f1-4985-b06b-5f0a929b8060: receive RaftClientReply:client-A5BCC62C3543->912a7d3b-e3f1-4985-b06b-5f0a929b8060@group-3636E5E7603C, cid=2116, SUCCESS, logIndex=3029, commits[912a7d3b-e3f1-4985-b06b-5f0a929b8060:c3030]
2019-07-13 08:32:33,610 INFO  client.GrpcClientProtocolClient (GrpcClientProtocolClient.java:onNext(255)) - client-A5BCC62C3543->912a7d3b-e3f1-4985-b06b-5f0a929b8060: receive RaftClientReply:client-A5BCC62C3543->912a7d3b-e3f1-4985-b06b-5f0a929b8060@group-3636E5E7603C, cid=2117, SUCCESS, logIndex=3031, commits[912a7d3b-e3f1-4985-b06b-5f0a929b8060:c3032]
2019-07-13 08:32:33,611 INFO  client.GrpcClientProtocolClient (GrpcClientProtocolClient.java:onNext(255)) - client-A5BCC62C3543->912a7d3b-e3f1-4985-b06b-5f0a929b8060: receive RaftClientReply:client-A5BCC62C3543->912a7d3b-e3f1-4985-b06b-5f0a929b8060@group-3636E5E7603C, cid=2118, SUCCESS, logIndex=3032, commits[912a7d3b-e3f1-4985-b06b-5f0a929b8060:c3032]
2019-07-13 08:32:33,615 INFO  client.GrpcClientProtocolClient (GrpcClientProtocolClient.java:onNext(255)) - client-A5BCC62C3543->912a7d3b-e3f1-4985-b06b-5f0a929b8060: receive RaftClientReply:client-A5BCC62C3543->912a7d3b-e3f1-4985-b06b-5f0a929b8060@group-3636E5E7603C, cid=2119, SUCCESS, logIndex=3033, commits[912a7d3b-e3f1-4985-b06b-5f0a929b8060:c3035]
2019-07-13 08:32:33,615 INFO  client.GrpcClientProtocolClient (GrpcClientProtocolClient.java:onNext(255)) - client-A5BCC62C3543->912a7d3b-e3f1-4985-b06b-5f0a929b8060: receive RaftClientReply:client-A5BCC62C3543->912a7d3b-e3f1-4985-b06b-5f0a929b8060@group-3636E5E7603C, cid=2120, SUCCESS, logIndex=3034, commits[912a7d3b-e3f1-4985-b06b-5f0a929b8060:c3035]
2019-07-13 08:32:33,646 DEBUG block.SCMBlockDeletingService (SCMBlockDeletingService.java:call(138)) - Running DeletedBlockTransactionScanner
2019-07-13 08:32:33,646 DEBUG block.SCMBlockDeletingService (SCMBlockDeletingService.java:call(155)) - Scanned deleted blocks log and got 0 delTX to process.
2019-07-13 08:32:33,745 INFO  client.GrpcClientProtocolClient (GrpcClientProtocolClient.java:onNext(255)) - client-A5BCC62C3543->912a7d3b-e3f1-4985-b06b-5f0a929b8060: receive RaftClientReply:client-A5BCC62C3543->912a7d3b-e3f1-4985-b06b-5f0a929b8060@group-3636E5E7603C, cid=2121, SUCCESS, logIndex=3036, commits[912a7d3b-e3f1-4985-b06b-5f0a929b8060:c3037]
2019-07-13 08:32:33,745 INFO  client.GrpcClientProtocolClient (GrpcClientProtocolClient.java:onNext(255)) - client-A5BCC62C3543->912a7d3b-e3f1-4985-b06b-5f0a929b8060: receive RaftClientReply:client-A5BCC62C3543->912a7d3b-e3f1-4985-b06b-5f0a929b8060@group-3636E5E7603C, cid=2122, SUCCESS, logIndex=3037, commits[912a7d3b-e3f1-4985-b06b-5f0a929b8060:c3039]
2019-07-13 08:32:33,746 INFO  client.GrpcClientProtocolClient (GrpcClientProtocolClient.java:onNext(255)) - client-A5BCC62C3543->912a7d3b-e3f1-4985-b06b-5f0a929b8060: receive RaftClientReply:client-A5BCC62C3543->912a7d3b-e3f1-4985-b06b-5f0a929b8060@group-3636E5E7603C, cid=2123, SUCCESS, logIndex=3038, commits[912a7d3b-e3f1-4985-b06b-5f0a929b8060:c3039]
2019-07-13 08:32:33,746 INFO  client.GrpcClientProtocolClient (GrpcClientProtocolClient.java:onNext(255)) - client-A5BCC62C3543->912a7d3b-e3f1-4985-b06b-5f0a929b8060: receive RaftClientReply:client-A5BCC62C3543->912a7d3b-e3f1-4985-b06b-5f0a929b8060@group-3636E5E7603C, cid=2124, SUCCESS, logIndex=3039, commits[912a7d3b-e3f1-4985-b06b-5f0a929b8060:c3040]
2019-07-13 08:32:33,746 DEBUG block.SCMBlockDeletingService (SCMBlockDeletingService.java:call(138)) - Running DeletedBlockTransactionScanner
2019-07-13 08:32:33,747 DEBUG block.SCMBlockDeletingService (SCMBlockDeletingService.java:call(155)) - Scanned deleted blocks log and got 0 delTX to process.
2019-07-13 08:32:33,782 INFO  client.GrpcClientProtocolClient (GrpcClientProtocolClient.java:onNext(255)) - client-A5BCC62C3543->912a7d3b-e3f1-4985-b06b-5f0a929b8060: receive RaftClientReply:client-A5BCC62C3543->912a7d3b-e3f1-4985-b06b-5f0a929b8060@group-3636E5E7603C, cid=2125, SUCCESS, logIndex=3042, commits[912a7d3b-e3f1-4985-b06b-5f0a929b8060:c3045]
2019-07-13 08:32:33,782 INFO  client.GrpcClientProtocolClient (GrpcClientProtocolClient.java:onNext(255)) - client-A5BCC62C3543->912a7d3b-e3f1-4985-b06b-5f0a929b8060: receive RaftClientReply:client-A5BCC62C3543->912a7d3b-e3f1-4985-b06b-5f0a929b8060@group-3636E5E7603C, cid=2126, SUCCESS, logIndex=3043, commits[912a7d3b-e3f1-4985-b06b-5f0a929b8060:c3045]
2019-07-13 08:32:33,783 INFO  client.GrpcClientProtocolClient (GrpcClientProtocolClient.java:onNext(255)) - client-A5BCC62C3543->912a7d3b-e3f1-4985-b06b-5f0a929b8060: receive RaftClientReply:client-A5BCC62C3543->912a7d3b-e3f1-4985-b06b-5f0a929b8060@group-3636E5E7603C, cid=2127, SUCCESS, logIndex=3044, commits[912a7d3b-e3f1-4985-b06b-5f0a929b8060:c3045]
2019-07-13 08:32:33,783 INFO  client.GrpcClientProtocolClient (GrpcClientProtocolClient.java:onNext(255)) - client-A5BCC62C3543->912a7d3b-e3f1-4985-b06b-5f0a929b8060: receive RaftClientReply:client-A5BCC62C3543->912a7d3b-e3f1-4985-b06b-5f0a929b8060@group-3636E5E7603C, cid=2128, SUCCESS, logIndex=3045, commits[912a7d3b-e3f1-4985-b06b-5f0a929b8060:c3046]
2019-07-13 08:32:33,813 INFO  client.GrpcClientProtocolClient (GrpcClientProtocolClient.java:onNext(255)) - client-A5BCC62C3543->912a7d3b-e3f1-4985-b06b-5f0a929b8060: receive RaftClientReply:client-A5BCC62C3543->912a7d3b-e3f1-4985-b06b-5f0a929b8060@group-3636E5E7603C, cid=2129, SUCCESS, logIndex=3047, commits[912a7d3b-e3f1-4985-b06b-5f0a929b8060:c3048]
2019-07-13 08:32:33,813 INFO  client.GrpcClientProtocolClient (GrpcClientProtocolClient.java:onNext(255)) - client-A5BCC62C3543->912a7d3b-e3f1-4985-b06b-5f0a929b8060: receive RaftClientReply:client-A5BCC62C3543->912a7d3b-e3f1-4985-b06b-5f0a929b8060@group-3636E5E7603C, cid=2130, SUCCESS, logIndex=3048, commits[912a7d3b-e3f1-4985-b06b-5f0a929b8060:c3050]
2019-07-13 08:32:33,814 INFO  client.GrpcClientProtocolClient (GrpcClientProtocolClient.java:onNext(255)) - client-A5BCC62C3543->912a7d3b-e3f1-4985-b06b-5f0a929b8060: receive RaftClientReply:client-A5BCC62C3543->912a7d3b-e3f1-4985-b06b-5f0a929b8060@group-3636E5E7603C, cid=2131, SUCCESS, logIndex=3049, commits[912a7d3b-e3f1-4985-b06b-5f0a929b8060:c3051]
2019-07-13 08:32:33,814 INFO  client.GrpcClientProtocolClient (GrpcClientProtocolClient.java:onNext(255)) - client-A5BCC62C3543->912a7d3b-e3f1-4985-b06b-5f0a929b8060: receive RaftClientReply:client-A5BCC62C3543->912a7d3b-e3f1-4985-b06b-5f0a929b8060@group-3636E5E7603C, cid=2132, SUCCESS, logIndex=3050, commits[912a7d3b-e3f1-4985-b06b-5f0a929b8060:c3052]
2019-07-13 08:32:33,835 INFO  client.GrpcClientProtocolClient (GrpcClientProtocolClient.java:onNext(255)) - client-A5BCC62C3543->912a7d3b-e3f1-4985-b06b-5f0a929b8060: receive RaftClientReply:client-A5BCC62C3543->912a7d3b-e3f1-4985-b06b-5f0a929b8060@group-3636E5E7603C, cid=2133, SUCCESS, logIndex=3053, commits[912a7d3b-e3f1-4985-b06b-5f0a929b8060:c3054]
2019-07-13 08:32:33,835 INFO  client.GrpcClientProtocolClient (GrpcClientProtocolClient.java:onNext(255)) - client-A5BCC62C3543->912a7d3b-e3f1-4985-b06b-5f0a929b8060: receive RaftClientReply:client-A5BCC62C3543->912a7d3b-e3f1-4985-b06b-5f0a929b8060@group-3636E5E7603C, cid=2134, SUCCESS, logIndex=3054, commits[912a7d3b-e3f1-4985-b06b-5f0a929b8060:c3056]
2019-07-13 08:32:33,836 INFO  client.GrpcClientProtocolClient (GrpcClientProtocolClient.java:onNext(255)) - client-A5BCC62C3543->912a7d3b-e3f1-4985-b06b-5f0a929b8060: receive RaftClientReply:client-A5BCC62C3543->912a7d3b-e3f1-4985-b06b-5f0a929b8060@group-3636E5E7603C, cid=2135, SUCCESS, logIndex=3055, commits[912a7d3b-e3f1-4985-b06b-5f0a929b8060:c3057]
2019-07-13 08:32:33,836 INFO  client.GrpcClientProtocolClient (GrpcClientProtocolClient.java:onNext(255)) - client-A5BCC62C3543->912a7d3b-e3f1-4985-b06b-5f0a929b8060: receive RaftClientReply:client-A5BCC62C3543->912a7d3b-e3f1-4985-b06b-5f0a929b8060@group-3636E5E7603C, cid=2136, SUCCESS, logIndex=3056, commits[912a7d3b-e3f1-4985-b06b-5f0a929b8060:c3058]
2019-07-13 08:32:33,847 DEBUG block.SCMBlockDeletingService (SCMBlockDeletingService.java:call(138)) - Running DeletedBlockTransactionScanner
2019-07-13 08:32:33,847 DEBUG block.SCMBlockDeletingService (SCMBlockDeletingService.java:call(155)) - Scanned deleted blocks log and got 0 delTX to process.
2019-07-13 08:32:33,865 INFO  client.GrpcClientProtocolClient (GrpcClientProtocolClient.java:onNext(255)) - client-A5BCC62C3543->912a7d3b-e3f1-4985-b06b-5f0a929b8060: receive RaftClientReply:client-A5BCC62C3543->912a7d3b-e3f1-4985-b06b-5f0a929b8060@group-3636E5E7603C, cid=2137, SUCCESS, logIndex=3059, commits[912a7d3b-e3f1-4985-b06b-5f0a929b8060:c3060]
2019-07-13 08:32:33,866 INFO  client.GrpcClientProtocolClient (GrpcClientProtocolClient.java:onNext(255)) - client-A5BCC62C3543->912a7d3b-e3f1-4985-b06b-5f0a929b8060: receive RaftClientReply:client-A5BCC62C3543->912a7d3b-e3f1-4985-b06b-5f0a929b8060@group-3636E5E7603C, cid=2138, SUCCESS, logIndex=3060, commits[912a7d3b-e3f1-4985-b06b-5f0a929b8060:c3062]
2019-07-13 08:32:33,866 INFO  client.GrpcClientProtocolClient (GrpcClientProtocolClient.java:onNext(255)) - client-A5BCC62C3543->912a7d3b-e3f1-4985-b06b-5f0a929b8060: receive RaftClientReply:client-A5BCC62C3543->912a7d3b-e3f1-4985-b06b-5f0a929b8060@group-3636E5E7603C, cid=2139, SUCCESS, logIndex=3061, commits[912a7d3b-e3f1-4985-b06b-5f0a929b8060:c3063]
2019-07-13 08:32:33,866 INFO  client.GrpcClientProtocolClient (GrpcClientProtocolClient.java:onNext(255)) - client-A5BCC62C3543->912a7d3b-e3f1-4985-b06b-5f0a929b8060: receive RaftClientReply:client-A5BCC62C3543->912a7d3b-e3f1-4985-b06b-5f0a929b8060@group-3636E5E7603C, cid=2140, SUCCESS, logIndex=3062, commits[912a7d3b-e3f1-4985-b06b-5f0a929b8060:c3063]
2019-07-13 08:32:33,887 INFO  client.GrpcClientProtocolClient (GrpcClientProtocolClient.java:onNext(255)) - client-A5BCC62C3543->912a7d3b-e3f1-4985-b06b-5f0a929b8060: receive RaftClientReply:client-A5BCC62C3543->912a7d3b-e3f1-4985-b06b-5f0a929b8060@group-3636E5E7603C, cid=2141, SUCCESS, logIndex=3065, commits[912a7d3b-e3f1-4985-b06b-5f0a929b8060:c3066]
2019-07-13 08:32:33,887 INFO  client.GrpcClientProtocolClient (GrpcClientProtocolClient.java:onNext(255)) - client-A5BCC62C3543->912a7d3b-e3f1-4985-b06b-5f0a929b8060: receive RaftClientReply:client-A5BCC62C3543->912a7d3b-e3f1-4985-b06b-5f0a929b8060@group-3636E5E7603C, cid=2142, SUCCESS, logIndex=3066, commits[912a7d3b-e3f1-4985-b06b-5f0a929b8060:c3068]
2019-07-13 08:32:33,887 INFO  client.GrpcClientProtocolClient (GrpcClientProtocolClient.java:onNext(255)) - client-A5BCC62C3543->912a7d3b-e3f1-4985-b06b-5f0a929b8060: receive RaftClientReply:client-A5BCC62C3543->912a7d3b-e3f1-4985-b06b-5f0a929b8060@group-3636E5E7603C, cid=2143, SUCCESS, logIndex=3067, commits[912a7d3b-e3f1-4985-b06b-5f0a929b8060:c3069]
2019-07-13 08:32:33,888 INFO  client.GrpcClientProtocolClient (GrpcClientProtocolClient.java:onNext(255)) - client-A5BCC62C3543->912a7d3b-e3f1-4985-b06b-5f0a929b8060: receive RaftClientReply:client-A5BCC62C3543->912a7d3b-e3f1-4985-b06b-5f0a929b8060@group-3636E5E7603C, cid=2144, SUCCESS, logIndex=3068, commits[912a7d3b-e3f1-4985-b06b-5f0a929b8060:c3069]
2019-07-13 08:32:33,917 INFO  client.GrpcClientProtocolClient (GrpcClientProtocolClient.java:onNext(255)) - client-A5BCC62C3543->912a7d3b-e3f1-4985-b06b-5f0a929b8060: receive RaftClientReply:client-A5BCC62C3543->912a7d3b-e3f1-4985-b06b-5f0a929b8060@group-3636E5E7603C, cid=2145, SUCCESS, logIndex=3071, commits[912a7d3b-e3f1-4985-b06b-5f0a929b8060:c3072]
2019-07-13 08:32:33,918 INFO  client.GrpcClientProtocolClient (GrpcClientProtocolClient.java:onNext(255)) - client-A5BCC62C3543->912a7d3b-e3f1-4985-b06b-5f0a929b8060: receive RaftClientReply:client-A5BCC62C3543->912a7d3b-e3f1-4985-b06b-5f0a929b8060@group-3636E5E7603C, cid=2146, SUCCESS, logIndex=3072, commits[912a7d3b-e3f1-4985-b06b-5f0a929b8060:c3074]
2019-07-13 08:32:33,918 INFO  client.GrpcClientProtocolClient (GrpcClientProtocolClient.java:onNext(255)) - client-A5BCC62C3543->912a7d3b-e3f1-4985-b06b-5f0a929b8060: receive RaftClientReply:client-A5BCC62C3543->912a7d3b-e3f1-4985-b06b-5f0a929b8060@group-3636E5E7603C, cid=2147, SUCCESS, logIndex=3073, commits[912a7d3b-e3f1-4985-b06b-5f0a929b8060:c3075]
2019-07-13 08:32:33,919 INFO  client.GrpcClientProtocolClient (GrpcClientProtocolClient.java:onNext(255)) - client-A5BCC62C3543->912a7d3b-e3f1-4985-b06b-5f0a929b8060: receive RaftClientReply:client-A5BCC62C3543->912a7d3b-e3f1-4985-b06b-5f0a929b8060@group-3636E5E7603C, cid=2148, SUCCESS, logIndex=3074, commits[912a7d3b-e3f1-4985-b06b-5f0a929b8060:c3075]
2019-07-13 08:32:33,939 INFO  client.GrpcClientProtocolClient (GrpcClientProtocolClient.java:onNext(255)) - client-A5BCC62C3543->912a7d3b-e3f1-4985-b06b-5f0a929b8060: receive RaftClientReply:client-A5BCC62C3543->912a7d3b-e3f1-4985-b06b-5f0a929b8060@group-3636E5E7603C, cid=2149, SUCCESS, logIndex=3077, commits[912a7d3b-e3f1-4985-b06b-5f0a929b8060:c3080]
2019-07-13 08:32:33,939 INFO  client.GrpcClientProtocolClient (GrpcClientProtocolClient.java:onNext(255)) - client-A5BCC62C3543->912a7d3b-e3f1-4985-b06b-5f0a929b8060: receive RaftClientReply:client-A5BCC62C3543->912a7d3b-e3f1-4985-b06b-5f0a929b8060@group-3636E5E7603C, cid=2150, SUCCESS, logIndex=3078, commits[912a7d3b-e3f1-4985-b06b-5f0a929b8060:c3080]
2019-07-13 08:32:33,940 INFO  client.GrpcClientProtocolClient (GrpcClientProtocolClient.java:onNext(255)) - client-A5BCC62C3543->912a7d3b-e3f1-4985-b06b-5f0a929b8060: receive RaftClientReply:client-A5BCC62C3543->912a7d3b-e3f1-4985-b06b-5f0a929b8060@group-3636E5E7603C, cid=2151, SUCCESS, logIndex=3079, commits[912a7d3b-e3f1-4985-b06b-5f0a929b8060:c3081]
2019-07-13 08:32:33,940 INFO  client.GrpcClientProtocolClient (GrpcClientProtocolClient.java:onNext(255)) - client-A5BCC62C3543->912a7d3b-e3f1-4985-b06b-5f0a929b8060: receive RaftClientReply:client-A5BCC62C3543->912a7d3b-e3f1-4985-b06b-5f0a929b8060@group-3636E5E7603C, cid=2152, SUCCESS, logIndex=3080, commits[912a7d3b-e3f1-4985-b06b-5f0a929b8060:c3082]
2019-07-13 08:32:33,948 DEBUG block.SCMBlockDeletingService (SCMBlockDeletingService.java:call(138)) - Running DeletedBlockTransactionScanner
2019-07-13 08:32:33,948 DEBUG block.SCMBlockDeletingService (SCMBlockDeletingService.java:call(155)) - Scanned deleted blocks log and got 0 delTX to process.
2019-07-13 08:32:33,969 INFO  client.GrpcClientProtocolClient (GrpcClientProtocolClient.java:onNext(255)) - client-A5BCC62C3543->912a7d3b-e3f1-4985-b06b-5f0a929b8060: receive RaftClientReply:client-A5BCC62C3543->912a7d3b-e3f1-4985-b06b-5f0a929b8060@group-3636E5E7603C, cid=2153, SUCCESS, logIndex=3083, commits[912a7d3b-e3f1-4985-b06b-5f0a929b8060:c3084]
2019-07-13 08:32:33,970 INFO  client.GrpcClientProtocolClient (GrpcClientProtocolClient.java:onNext(255)) - client-A5BCC62C3543->912a7d3b-e3f1-4985-b06b-5f0a929b8060: receive RaftClientReply:client-A5BCC62C3543->912a7d3b-e3f1-4985-b06b-5f0a929b8060@group-3636E5E7603C, cid=2154, SUCCESS, logIndex=3084, commits[912a7d3b-e3f1-4985-b06b-5f0a929b8060:c3084]
2019-07-13 08:32:33,970 INFO  client.GrpcClientProtocolClient (GrpcClientProtocolClient.java:onNext(255)) - client-A5BCC62C3543->912a7d3b-e3f1-4985-b06b-5f0a929b8060: receive RaftClientReply:client-A5BCC62C3543->912a7d3b-e3f1-4985-b06b-5f0a929b8060@group-3636E5E7603C, cid=2155, SUCCESS, logIndex=3085, commits[912a7d3b-e3f1-4985-b06b-5f0a929b8060:c3086]
2019-07-13 08:32:33,971 INFO  client.GrpcClientProtocolClient (GrpcClientProtocolClient.java:onNext(255)) - client-A5BCC62C3543->912a7d3b-e3f1-4985-b06b-5f0a929b8060: receive RaftClientReply:client-A5BCC62C3543->912a7d3b-e3f1-4985-b06b-5f0a929b8060@group-3636E5E7603C, cid=2156, SUCCESS, logIndex=3086, commits[912a7d3b-e3f1-4985-b06b-5f0a929b8060:c3087]
2019-07-13 08:32:33,992 INFO  client.GrpcClientProtocolClient (GrpcClientProtocolClient.java:onNext(255)) - client-A5BCC62C3543->912a7d3b-e3f1-4985-b06b-5f0a929b8060: receive RaftClientReply:client-A5BCC62C3543->912a7d3b-e3f1-4985-b06b-5f0a929b8060@group-3636E5E7603C, cid=2157, SUCCESS, logIndex=3089, commits[912a7d3b-e3f1-4985-b06b-5f0a929b8060:c3092]
2019-07-13 08:32:33,993 INFO  client.GrpcClientProtocolClient (GrpcClientProtocolClient.java:onNext(255)) - client-A5BCC62C3543->912a7d3b-e3f1-4985-b06b-5f0a929b8060: receive RaftClientReply:client-A5BCC62C3543->912a7d3b-e3f1-4985-b06b-5f0a929b8060@group-3636E5E7603C, cid=2158, SUCCESS, logIndex=3090, commits[912a7d3b-e3f1-4985-b06b-5f0a929b8060:c3093]
2019-07-13 08:32:33,993 INFO  client.GrpcClientProtocolClient (GrpcClientProtocolClient.java:onNext(255)) - client-A5BCC62C3543->912a7d3b-e3f1-4985-b06b-5f0a929b8060: receive RaftClientReply:client-A5BCC62C3543->912a7d3b-e3f1-4985-b06b-5f0a929b8060@group-3636E5E7603C, cid=2159, SUCCESS, logIndex=3091, commits[912a7d3b-e3f1-4985-b06b-5f0a929b8060:c3093]
2019-07-13 08:32:33,993 INFO  client.GrpcClientProtocolClient (GrpcClientProtocolClient.java:onNext(255)) - client-A5BCC62C3543->912a7d3b-e3f1-4985-b06b-5f0a929b8060: receive RaftClientReply:client-A5BCC62C3543->912a7d3b-e3f1-4985-b06b-5f0a929b8060@group-3636E5E7603C, cid=2160, SUCCESS, logIndex=3092, commits[912a7d3b-e3f1-4985-b06b-5f0a929b8060:c3093]
2019-07-13 08:32:34,020 INFO  client.GrpcClientProtocolClient (GrpcClientProtocolClient.java:onNext(255)) - client-A5BCC62C3543->912a7d3b-e3f1-4985-b06b-5f0a929b8060: receive RaftClientReply:client-A5BCC62C3543->912a7d3b-e3f1-4985-b06b-5f0a929b8060@group-3636E5E7603C, cid=2161, SUCCESS, logIndex=3094, commits[912a7d3b-e3f1-4985-b06b-5f0a929b8060:c3095]
2019-07-13 08:32:34,021 INFO  client.GrpcClientProtocolClient (GrpcClientProtocolClient.java:onNext(255)) - client-A5BCC62C3543->912a7d3b-e3f1-4985-b06b-5f0a929b8060: receive RaftClientReply:client-A5BCC62C3543->912a7d3b-e3f1-4985-b06b-5f0a929b8060@group-3636E5E7603C, cid=2162, SUCCESS, logIndex=3095, commits[912a7d3b-e3f1-4985-b06b-5f0a929b8060:c3095]
2019-07-13 08:32:34,022 INFO  client.GrpcClientProtocolClient (GrpcClientProtocolClient.java:onNext(255)) - client-A5BCC62C3543->912a7d3b-e3f1-4985-b06b-5f0a929b8060: receive RaftClientReply:client-A5BCC62C3543->912a7d3b-e3f1-4985-b06b-5f0a929b8060@group-3636E5E7603C, cid=2163, SUCCESS, logIndex=3096, commits[912a7d3b-e3f1-4985-b06b-5f0a929b8060:c3097]
2019-07-13 08:32:34,022 INFO  client.GrpcClientProtocolClient (GrpcClientProtocolClient.java:onNext(255)) - client-A5BCC62C3543->912a7d3b-e3f1-4985-b06b-5f0a929b8060: receive RaftClientReply:client-A5BCC62C3543->912a7d3b-e3f1-4985-b06b-5f0a929b8060@group-3636E5E7603C, cid=2164, SUCCESS, logIndex=3097, commits[912a7d3b-e3f1-4985-b06b-5f0a929b8060:c3097]
2019-07-13 08:32:34,082 DEBUG block.SCMBlockDeletingService (SCMBlockDeletingService.java:call(138)) - Running DeletedBlockTransactionScanner
2019-07-13 08:32:34,083 DEBUG block.SCMBlockDeletingService (SCMBlockDeletingService.java:call(155)) - Scanned deleted blocks log and got 0 delTX to process.
2019-07-13 08:32:34,099 INFO  client.GrpcClientProtocolClient (GrpcClientProtocolClient.java:onNext(255)) - client-A5BCC62C3543->912a7d3b-e3f1-4985-b06b-5f0a929b8060: receive RaftClientReply:client-A5BCC62C3543->912a7d3b-e3f1-4985-b06b-5f0a929b8060@group-3636E5E7603C, cid=2165, SUCCESS, logIndex=3100, commits[912a7d3b-e3f1-4985-b06b-5f0a929b8060:c3101]
2019-07-13 08:32:34,099 INFO  client.GrpcClientProtocolClient (GrpcClientProtocolClient.java:onNext(255)) - client-A5BCC62C3543->912a7d3b-e3f1-4985-b06b-5f0a929b8060: receive RaftClientReply:client-A5BCC62C3543->912a7d3b-e3f1-4985-b06b-5f0a929b8060@group-3636E5E7603C, cid=2166, SUCCESS, logIndex=3101, commits[912a7d3b-e3f1-4985-b06b-5f0a929b8060:c3101]
2019-07-13 08:32:34,184 DEBUG block.SCMBlockDeletingService (SCMBlockDeletingService.java:call(138)) - Running DeletedBlockTransactionScanner
2019-07-13 08:32:34,184 DEBUG block.SCMBlockDeletingService (SCMBlockDeletingService.java:call(155)) - Scanned deleted blocks log and got 0 delTX to process.
2019-07-13 08:32:34,216 INFO  client.GrpcClientProtocolClient (GrpcClientProtocolClient.java:onNext(255)) - client-A5BCC62C3543->912a7d3b-e3f1-4985-b06b-5f0a929b8060: receive RaftClientReply:client-A5BCC62C3543->912a7d3b-e3f1-4985-b06b-5f0a929b8060@group-3636E5E7603C, cid=2167, SUCCESS, logIndex=3103, commits[912a7d3b-e3f1-4985-b06b-5f0a929b8060:c3104]
2019-07-13 08:32:34,217 INFO  client.GrpcClientProtocolClient (GrpcClientProtocolClient.java:onNext(255)) - client-A5BCC62C3543->912a7d3b-e3f1-4985-b06b-5f0a929b8060: receive RaftClientReply:client-A5BCC62C3543->912a7d3b-e3f1-4985-b06b-5f0a929b8060@group-3636E5E7603C, cid=2168, SUCCESS, logIndex=3104, commits[912a7d3b-e3f1-4985-b06b-5f0a929b8060:c3105]
2019-07-13 08:32:34,246 INFO  client.GrpcClientProtocolClient (GrpcClientProtocolClient.java:onNext(255)) - client-A5BCC62C3543->912a7d3b-e3f1-4985-b06b-5f0a929b8060: receive RaftClientReply:client-A5BCC62C3543->912a7d3b-e3f1-4985-b06b-5f0a929b8060@group-3636E5E7603C, cid=2169, SUCCESS, logIndex=3106, commits[912a7d3b-e3f1-4985-b06b-5f0a929b8060:c3107]
2019-07-13 08:32:34,247 INFO  client.GrpcClientProtocolClient (GrpcClientProtocolClient.java:onNext(255)) - client-A5BCC62C3543->912a7d3b-e3f1-4985-b06b-5f0a929b8060: receive RaftClientReply:client-A5BCC62C3543->912a7d3b-e3f1-4985-b06b-5f0a929b8060@group-3636E5E7603C, cid=2170, SUCCESS, logIndex=3107, commits[912a7d3b-e3f1-4985-b06b-5f0a929b8060:c3107]
2019-07-13 08:32:34,248 INFO  client.GrpcClientProtocolClient (GrpcClientProtocolClient.java:onNext(255)) - client-A5BCC62C3543->912a7d3b-e3f1-4985-b06b-5f0a929b8060: receive RaftClientReply:client-A5BCC62C3543->912a7d3b-e3f1-4985-b06b-5f0a929b8060@group-3636E5E7603C, cid=2171, SUCCESS, logIndex=3108, commits[912a7d3b-e3f1-4985-b06b-5f0a929b8060:c3109]
2019-07-13 08:32:34,249 INFO  client.GrpcClientProtocolClient (GrpcClientProtocolClient.java:onNext(255)) - client-A5BCC62C3543->912a7d3b-e3f1-4985-b06b-5f0a929b8060: receive RaftClientReply:client-A5BCC62C3543->912a7d3b-e3f1-4985-b06b-5f0a929b8060@group-3636E5E7603C, cid=2172, SUCCESS, logIndex=3109, commits[912a7d3b-e3f1-4985-b06b-5f0a929b8060:c3109]
2019-07-13 08:32:34,271 INFO  client.GrpcClientProtocolClient (GrpcClientProtocolClient.java:onNext(255)) - client-A5BCC62C3543->912a7d3b-e3f1-4985-b06b-5f0a929b8060: receive RaftClientReply:client-A5BCC62C3543->912a7d3b-e3f1-4985-b06b-5f0a929b8060@group-3636E5E7603C, cid=2173, SUCCESS, logIndex=3112, commits[912a7d3b-e3f1-4985-b06b-5f0a929b8060:c3115]
2019-07-13 08:32:34,272 INFO  client.GrpcClientProtocolClient (GrpcClientProtocolClient.java:onNext(255)) - client-A5BCC62C3543->912a7d3b-e3f1-4985-b06b-5f0a929b8060: receive RaftClientReply:client-A5BCC62C3543->912a7d3b-e3f1-4985-b06b-5f0a929b8060@group-3636E5E7603C, cid=2174, SUCCESS, logIndex=3113, commits[912a7d3b-e3f1-4985-b06b-5f0a929b8060:c3116]
2019-07-13 08:32:34,272 INFO  client.GrpcClientProtocolClient (GrpcClientProtocolClient.java:onNext(255)) - client-A5BCC62C3543->912a7d3b-e3f1-4985-b06b-5f0a929b8060: receive RaftClientReply:client-A5BCC62C3543->912a7d3b-e3f1-4985-b06b-5f0a929b8060@group-3636E5E7603C, cid=2175, SUCCESS, logIndex=3114, commits[912a7d3b-e3f1-4985-b06b-5f0a929b8060:c3116]
2019-07-13 08:32:34,272 INFO  client.GrpcClientProtocolClient (GrpcClientProtocolClient.java:onNext(255)) - client-A5BCC62C3543->912a7d3b-e3f1-4985-b06b-5f0a929b8060: receive RaftClientReply:client-A5BCC62C3543->912a7d3b-e3f1-4985-b06b-5f0a929b8060@group-3636E5E7603C, cid=2176, SUCCESS, logIndex=3115, commits[912a7d3b-e3f1-4985-b06b-5f0a929b8060:c3116]
2019-07-13 08:32:34,284 DEBUG block.SCMBlockDeletingService (SCMBlockDeletingService.java:call(138)) - Running DeletedBlockTransactionScanner
2019-07-13 08:32:34,285 DEBUG block.SCMBlockDeletingService (SCMBlockDeletingService.java:call(155)) - Scanned deleted blocks log and got 0 delTX to process.
2019-07-13 08:32:34,302 INFO  client.GrpcClientProtocolClient (GrpcClientProtocolClient.java:onNext(255)) - client-A5BCC62C3543->912a7d3b-e3f1-4985-b06b-5f0a929b8060: receive RaftClientReply:client-A5BCC62C3543->912a7d3b-e3f1-4985-b06b-5f0a929b8060@group-3636E5E7603C, cid=2177, SUCCESS, logIndex=3117, commits[912a7d3b-e3f1-4985-b06b-5f0a929b8060:c3120]
2019-07-13 08:32:34,303 INFO  client.GrpcClientProtocolClient (GrpcClientProtocolClient.java:onNext(255)) - client-A5BCC62C3543->912a7d3b-e3f1-4985-b06b-5f0a929b8060: receive RaftClientReply:client-A5BCC62C3543->912a7d3b-e3f1-4985-b06b-5f0a929b8060@group-3636E5E7603C, cid=2178, SUCCESS, logIndex=3118, commits[912a7d3b-e3f1-4985-b06b-5f0a929b8060:c3120]
2019-07-13 08:32:34,303 INFO  client.GrpcClientProtocolClient (GrpcClientProtocolClient.java:onNext(255)) - client-A5BCC62C3543->912a7d3b-e3f1-4985-b06b-5f0a929b8060: receive RaftClientReply:client-A5BCC62C3543->912a7d3b-e3f1-4985-b06b-5f0a929b8060@group-3636E5E7603C, cid=2179, SUCCESS, logIndex=3119, commits[912a7d3b-e3f1-4985-b06b-5f0a929b8060:c3121]
2019-07-13 08:32:34,304 INFO  client.GrpcClientProtocolClient (GrpcClientProtocolClient.java:onNext(255)) - client-A5BCC62C3543->912a7d3b-e3f1-4985-b06b-5f0a929b8060: receive RaftClientReply:client-A5BCC62C3543->912a7d3b-e3f1-4985-b06b-5f0a929b8060@group-3636E5E7603C, cid=2180, SUCCESS, logIndex=3120, commits[912a7d3b-e3f1-4985-b06b-5f0a929b8060:c3122]
2019-07-13 08:32:34,323 INFO  client.GrpcClientProtocolClient (GrpcClientProtocolClient.java:onNext(255)) - client-A5BCC62C3543->912a7d3b-e3f1-4985-b06b-5f0a929b8060: receive RaftClientReply:client-A5BCC62C3543->912a7d3b-e3f1-4985-b06b-5f0a929b8060@group-3636E5E7603C, cid=2181, SUCCESS, logIndex=3123, commits[912a7d3b-e3f1-4985-b06b-5f0a929b8060:c3124]
2019-07-13 08:32:34,324 INFO  client.GrpcClientProtocolClient (GrpcClientProtocolClient.java:onNext(255)) - client-A5BCC62C3543->912a7d3b-e3f1-4985-b06b-5f0a929b8060: receive RaftClientReply:client-A5BCC62C3543->912a7d3b-e3f1-4985-b06b-5f0a929b8060@group-3636E5E7603C, cid=2182, SUCCESS, logIndex=3124, commits[912a7d3b-e3f1-4985-b06b-5f0a929b8060:c3126]
2019-07-13 08:32:34,324 INFO  client.GrpcClientProtocolClient (GrpcClientProtocolClient.java:onNext(255)) - client-A5BCC62C3543->912a7d3b-e3f1-4985-b06b-5f0a929b8060: receive RaftClientReply:client-A5BCC62C3543->912a7d3b-e3f1-4985-b06b-5f0a929b8060@group-3636E5E7603C, cid=2183, SUCCESS, logIndex=3125, commits[912a7d3b-e3f1-4985-b06b-5f0a929b8060:c3127]
2019-07-13 08:32:34,325 INFO  client.GrpcClientProtocolClient (GrpcClientProtocolClient.java:onNext(255)) - client-A5BCC62C3543->912a7d3b-e3f1-4985-b06b-5f0a929b8060: receive RaftClientReply:client-A5BCC62C3543->912a7d3b-e3f1-4985-b06b-5f0a929b8060@group-3636E5E7603C, cid=2184, SUCCESS, logIndex=3126, commits[912a7d3b-e3f1-4985-b06b-5f0a929b8060:c3128]
2019-07-13 08:32:34,358 INFO  client.GrpcClientProtocolClient (GrpcClientProtocolClient.java:onNext(255)) - client-A5BCC62C3543->912a7d3b-e3f1-4985-b06b-5f0a929b8060: receive RaftClientReply:client-A5BCC62C3543->912a7d3b-e3f1-4985-b06b-5f0a929b8060@group-3636E5E7603C, cid=2185, SUCCESS, logIndex=3129, commits[912a7d3b-e3f1-4985-b06b-5f0a929b8060:c3132]
2019-07-13 08:32:34,358 INFO  client.GrpcClientProtocolClient (GrpcClientProtocolClient.java:onNext(255)) - client-A5BCC62C3543->912a7d3b-e3f1-4985-b06b-5f0a929b8060: receive RaftClientReply:client-A5BCC62C3543->912a7d3b-e3f1-4985-b06b-5f0a929b8060@group-3636E5E7603C, cid=2186, SUCCESS, logIndex=3130, commits[912a7d3b-e3f1-4985-b06b-5f0a929b8060:c3133]
2019-07-13 08:32:34,358 INFO  client.GrpcClientProtocolClient (GrpcClientProtocolClient.java:onNext(255)) - client-A5BCC62C3543->912a7d3b-e3f1-4985-b06b-5f0a929b8060: receive RaftClientReply:client-A5BCC62C3543->912a7d3b-e3f1-4985-b06b-5f0a929b8060@group-3636E5E7603C, cid=2187, SUCCESS, logIndex=3131, commits[912a7d3b-e3f1-4985-b06b-5f0a929b8060:c3133]
2019-07-13 08:32:34,359 INFO  client.GrpcClientProtocolClient (GrpcClientProtocolClient.java:onNext(255)) - client-A5BCC62C3543->912a7d3b-e3f1-4985-b06b-5f0a929b8060: receive RaftClientReply:client-A5BCC62C3543->912a7d3b-e3f1-4985-b06b-5f0a929b8060@group-3636E5E7603C, cid=2188, SUCCESS, logIndex=3132, commits[912a7d3b-e3f1-4985-b06b-5f0a929b8060:c3133]
2019-07-13 08:32:34,385 INFO  client.GrpcClientProtocolClient (GrpcClientProtocolClient.java:onNext(255)) - client-A5BCC62C3543->912a7d3b-e3f1-4985-b06b-5f0a929b8060: receive RaftClientReply:client-A5BCC62C3543->912a7d3b-e3f1-4985-b06b-5f0a929b8060@group-3636E5E7603C, cid=2189, SUCCESS, logIndex=3135, commits[912a7d3b-e3f1-4985-b06b-5f0a929b8060:c3138]
2019-07-13 08:32:34,385 INFO  client.GrpcClientProtocolClient (GrpcClientProtocolClient.java:onNext(255)) - client-A5BCC62C3543->912a7d3b-e3f1-4985-b06b-5f0a929b8060: receive RaftClientReply:client-A5BCC62C3543->912a7d3b-e3f1-4985-b06b-5f0a929b8060@group-3636E5E7603C, cid=2190, SUCCESS, logIndex=3136, commits[912a7d3b-e3f1-4985-b06b-5f0a929b8060:c3138]
2019-07-13 08:32:34,385 DEBUG block.SCMBlockDeletingService (SCMBlockDeletingService.java:call(138)) - Running DeletedBlockTransactionScanner
2019-07-13 08:32:34,386 DEBUG block.SCMBlockDeletingService (SCMBlockDeletingService.java:call(155)) - Scanned deleted blocks log and got 0 delTX to process.
2019-07-13 08:32:34,386 INFO  client.GrpcClientProtocolClient (GrpcClientProtocolClient.java:onNext(255)) - client-A5BCC62C3543->912a7d3b-e3f1-4985-b06b-5f0a929b8060: receive RaftClientReply:client-A5BCC62C3543->912a7d3b-e3f1-4985-b06b-5f0a929b8060@group-3636E5E7603C, cid=2191, SUCCESS, logIndex=3137, commits[912a7d3b-e3f1-4985-b06b-5f0a929b8060:c3138]
2019-07-13 08:32:34,386 INFO  client.GrpcClientProtocolClient (GrpcClientProtocolClient.java:onNext(255)) - client-A5BCC62C3543->912a7d3b-e3f1-4985-b06b-5f0a929b8060: receive RaftClientReply:client-A5BCC62C3543->912a7d3b-e3f1-4985-b06b-5f0a929b8060@group-3636E5E7603C, cid=2192, SUCCESS, logIndex=3138, commits[912a7d3b-e3f1-4985-b06b-5f0a929b8060:c3139]
2019-07-13 08:32:34,413 INFO  client.GrpcClientProtocolClient (GrpcClientProtocolClient.java:onNext(255)) - client-A5BCC62C3543->912a7d3b-e3f1-4985-b06b-5f0a929b8060: receive RaftClientReply:client-A5BCC62C3543->912a7d3b-e3f1-4985-b06b-5f0a929b8060@group-3636E5E7603C, cid=2193, SUCCESS, logIndex=3140, commits[912a7d3b-e3f1-4985-b06b-5f0a929b8060:c3141]
2019-07-13 08:32:34,414 INFO  client.GrpcClientProtocolClient (GrpcClientProtocolClient.java:onNext(255)) - client-A5BCC62C3543->912a7d3b-e3f1-4985-b06b-5f0a929b8060: receive RaftClientReply:client-A5BCC62C3543->912a7d3b-e3f1-4985-b06b-5f0a929b8060@group-3636E5E7603C, cid=2194, SUCCESS, logIndex=3141, commits[912a7d3b-e3f1-4985-b06b-5f0a929b8060:c3141]
2019-07-13 08:32:34,416 INFO  client.GrpcClientProtocolClient (GrpcClientProtocolClient.java:onNext(255)) - client-A5BCC62C3543->912a7d3b-e3f1-4985-b06b-5f0a929b8060: receive RaftClientReply:client-A5BCC62C3543->912a7d3b-e3f1-4985-b06b-5f0a929b8060@group-3636E5E7603C, cid=2195, SUCCESS, logIndex=3142, commits[912a7d3b-e3f1-4985-b06b-5f0a929b8060:c3143]
2019-07-13 08:32:34,416 INFO  client.GrpcClientProtocolClient (GrpcClientProtocolClient.java:onNext(255)) - client-A5BCC62C3543->912a7d3b-e3f1-4985-b06b-5f0a929b8060: receive RaftClientReply:client-A5BCC62C3543->912a7d3b-e3f1-4985-b06b-5f0a929b8060@group-3636E5E7603C, cid=2196, SUCCESS, logIndex=3143, commits[912a7d3b-e3f1-4985-b06b-5f0a929b8060:c3143]
2019-07-13 08:32:34,428 INFO  client.GrpcClientProtocolClient (GrpcClientProtocolClient.java:onNext(255)) - client-A5BCC62C3543->912a7d3b-e3f1-4985-b06b-5f0a929b8060: receive RaftClientReply:client-A5BCC62C3543->912a7d3b-e3f1-4985-b06b-5f0a929b8060@group-3636E5E7603C, cid=2197, SUCCESS, logIndex=3146, commits[912a7d3b-e3f1-4985-b06b-5f0a929b8060:c3149]
2019-07-13 08:32:34,428 INFO  client.GrpcClientProtocolClient (GrpcClientProtocolClient.java:onNext(255)) - client-A5BCC62C3543->912a7d3b-e3f1-4985-b06b-5f0a929b8060: receive RaftClientReply:client-A5BCC62C3543->912a7d3b-e3f1-4985-b06b-5f0a929b8060@group-3636E5E7603C, cid=2198, SUCCESS, logIndex=3147, commits[912a7d3b-e3f1-4985-b06b-5f0a929b8060:c3149]
2019-07-13 08:32:34,428 INFO  client.GrpcClientProtocolClient (GrpcClientProtocolClient.java:onNext(255)) - client-A5BCC62C3543->912a7d3b-e3f1-4985-b06b-5f0a929b8060: receive RaftClientReply:client-A5BCC62C3543->912a7d3b-e3f1-4985-b06b-5f0a929b8060@group-3636E5E7603C, cid=2199, SUCCESS, logIndex=3148, commits[912a7d3b-e3f1-4985-b06b-5f0a929b8060:c3149]
2019-07-13 08:32:34,429 INFO  client.GrpcClientProtocolClient (GrpcClientProtocolClient.java:onNext(255)) - client-A5BCC62C3543->912a7d3b-e3f1-4985-b06b-5f0a929b8060: receive RaftClientReply:client-A5BCC62C3543->912a7d3b-e3f1-4985-b06b-5f0a929b8060@group-3636E5E7603C, cid=2200, SUCCESS, logIndex=3149, commits[912a7d3b-e3f1-4985-b06b-5f0a929b8060:c3149]
2019-07-13 08:32:34,456 INFO  client.GrpcClientProtocolClient (GrpcClientProtocolClient.java:onNext(255)) - client-A5BCC62C3543->912a7d3b-e3f1-4985-b06b-5f0a929b8060: receive RaftClientReply:client-A5BCC62C3543->912a7d3b-e3f1-4985-b06b-5f0a929b8060@group-3636E5E7603C, cid=2201, SUCCESS, logIndex=3151, commits[912a7d3b-e3f1-4985-b06b-5f0a929b8060:c3152]
2019-07-13 08:32:34,457 INFO  client.GrpcClientProtocolClient (GrpcClientProtocolClient.java:onNext(255)) - client-A5BCC62C3543->912a7d3b-e3f1-4985-b06b-5f0a929b8060: receive RaftClientReply:client-A5BCC62C3543->912a7d3b-e3f1-4985-b06b-5f0a929b8060@group-3636E5E7603C, cid=2202, SUCCESS, logIndex=3152, commits[912a7d3b-e3f1-4985-b06b-5f0a929b8060:c3152]
2019-07-13 08:32:34,458 INFO  client.GrpcClientProtocolClient (GrpcClientProtocolClient.java:onNext(255)) - client-A5BCC62C3543->912a7d3b-e3f1-4985-b06b-5f0a929b8060: receive RaftClientReply:client-A5BCC62C3543->912a7d3b-e3f1-4985-b06b-5f0a929b8060@group-3636E5E7603C, cid=2203, SUCCESS, logIndex=3153, commits[912a7d3b-e3f1-4985-b06b-5f0a929b8060:c3154]
2019-07-13 08:32:34,458 INFO  client.GrpcClientProtocolClient (GrpcClientProtocolClient.java:onNext(255)) - client-A5BCC62C3543->912a7d3b-e3f1-4985-b06b-5f0a929b8060: receive RaftClientReply:client-A5BCC62C3543->912a7d3b-e3f1-4985-b06b-5f0a929b8060@group-3636E5E7603C, cid=2204, SUCCESS, logIndex=3154, commits[912a7d3b-e3f1-4985-b06b-5f0a929b8060:c3154]
2019-07-13 08:32:34,472 INFO  client.GrpcClientProtocolClient (GrpcClientProtocolClient.java:onNext(255)) - client-A5BCC62C3543->912a7d3b-e3f1-4985-b06b-5f0a929b8060: receive RaftClientReply:client-A5BCC62C3543->912a7d3b-e3f1-4985-b06b-5f0a929b8060@group-3636E5E7603C, cid=2205, SUCCESS, logIndex=3157, commits[912a7d3b-e3f1-4985-b06b-5f0a929b8060:c3160]
2019-07-13 08:32:34,472 INFO  client.GrpcClientProtocolClient (GrpcClientProtocolClient.java:onNext(255)) - client-A5BCC62C3543->912a7d3b-e3f1-4985-b06b-5f0a929b8060: receive RaftClientReply:client-A5BCC62C3543->912a7d3b-e3f1-4985-b06b-5f0a929b8060@group-3636E5E7603C, cid=2206, SUCCESS, logIndex=3158, commits[912a7d3b-e3f1-4985-b06b-5f0a929b8060:c3160]
2019-07-13 08:32:34,473 INFO  client.GrpcClientProtocolClient (GrpcClientProtocolClient.java:onNext(255)) - client-A5BCC62C3543->912a7d3b-e3f1-4985-b06b-5f0a929b8060: receive RaftClientReply:client-A5BCC62C3543->912a7d3b-e3f1-4985-b06b-5f0a929b8060@group-3636E5E7603C, cid=2207, SUCCESS, logIndex=3159, commits[912a7d3b-e3f1-4985-b06b-5f0a929b8060:c3160]
2019-07-13 08:32:34,473 INFO  client.GrpcClientProtocolClient (GrpcClientProtocolClient.java:onNext(255)) - client-A5BCC62C3543->912a7d3b-e3f1-4985-b06b-5f0a929b8060: receive RaftClientReply:client-A5BCC62C3543->912a7d3b-e3f1-4985-b06b-5f0a929b8060@group-3636E5E7603C, cid=2208, SUCCESS, logIndex=3160, commits[912a7d3b-e3f1-4985-b06b-5f0a929b8060:c3160]
2019-07-13 08:32:34,486 DEBUG block.SCMBlockDeletingService (SCMBlockDeletingService.java:call(138)) - Running DeletedBlockTransactionScanner
2019-07-13 08:32:34,487 DEBUG block.SCMBlockDeletingService (SCMBlockDeletingService.java:call(155)) - Scanned deleted blocks log and got 0 delTX to process.
2019-07-13 08:32:34,504 INFO  client.GrpcClientProtocolClient (GrpcClientProtocolClient.java:onNext(255)) - client-A5BCC62C3543->912a7d3b-e3f1-4985-b06b-5f0a929b8060: receive RaftClientReply:client-A5BCC62C3543->912a7d3b-e3f1-4985-b06b-5f0a929b8060@group-3636E5E7603C, cid=2209, SUCCESS, logIndex=3162, commits[912a7d3b-e3f1-4985-b06b-5f0a929b8060:c3163]
2019-07-13 08:32:34,504 INFO  client.GrpcClientProtocolClient (GrpcClientProtocolClient.java:onNext(255)) - client-A5BCC62C3543->912a7d3b-e3f1-4985-b06b-5f0a929b8060: receive RaftClientReply:client-A5BCC62C3543->912a7d3b-e3f1-4985-b06b-5f0a929b8060@group-3636E5E7603C, cid=2210, SUCCESS, logIndex=3163, commits[912a7d3b-e3f1-4985-b06b-5f0a929b8060:c3164]
2019-07-13 08:32:34,587 DEBUG block.SCMBlockDeletingService (SCMBlockDeletingService.java:call(138)) - Running DeletedBlockTransactionScanner
2019-07-13 08:32:34,587 DEBUG block.SCMBlockDeletingService (SCMBlockDeletingService.java:call(155)) - Scanned deleted blocks log and got 0 delTX to process.
2019-07-13 08:32:34,590 INFO  client.GrpcClientProtocolClient (GrpcClientProtocolClient.java:onNext(255)) - client-A5BCC62C3543->912a7d3b-e3f1-4985-b06b-5f0a929b8060: receive RaftClientReply:client-A5BCC62C3543->912a7d3b-e3f1-4985-b06b-5f0a929b8060@group-3636E5E7603C, cid=2211, SUCCESS, logIndex=3165, commits[912a7d3b-e3f1-4985-b06b-5f0a929b8060:c3166]
2019-07-13 08:32:34,591 INFO  client.GrpcClientProtocolClient (GrpcClientProtocolClient.java:onNext(255)) - client-A5BCC62C3543->912a7d3b-e3f1-4985-b06b-5f0a929b8060: receive RaftClientReply:client-A5BCC62C3543->912a7d3b-e3f1-4985-b06b-5f0a929b8060@group-3636E5E7603C, cid=2212, SUCCESS, logIndex=3166, commits[912a7d3b-e3f1-4985-b06b-5f0a929b8060:c3167]
2019-07-13 08:32:34,611 INFO  client.GrpcClientProtocolClient (GrpcClientProtocolClient.java:onNext(255)) - client-A5BCC62C3543->912a7d3b-e3f1-4985-b06b-5f0a929b8060: receive RaftClientReply:client-A5BCC62C3543->912a7d3b-e3f1-4985-b06b-5f0a929b8060@group-3636E5E7603C, cid=2213, SUCCESS, logIndex=3168, commits[912a7d3b-e3f1-4985-b06b-5f0a929b8060:c3171]
2019-07-13 08:32:34,611 INFO  client.GrpcClientProtocolClient (GrpcClientProtocolClient.java:onNext(255)) - client-A5BCC62C3543->912a7d3b-e3f1-4985-b06b-5f0a929b8060: receive RaftClientReply:client-A5BCC62C3543->912a7d3b-e3f1-4985-b06b-5f0a929b8060@group-3636E5E7603C, cid=2214, SUCCESS, logIndex=3169, commits[912a7d3b-e3f1-4985-b06b-5f0a929b8060:c3172]
2019-07-13 08:32:34,611 INFO  client.GrpcClientProtocolClient (GrpcClientProtocolClient.java:onNext(255)) - client-A5BCC62C3543->912a7d3b-e3f1-4985-b06b-5f0a929b8060: receive RaftClientReply:client-A5BCC62C3543->912a7d3b-e3f1-4985-b06b-5f0a929b8060@group-3636E5E7603C, cid=2215, SUCCESS, logIndex=3170, commits[912a7d3b-e3f1-4985-b06b-5f0a929b8060:c3172]
2019-07-13 08:32:34,612 INFO  client.GrpcClientProtocolClient (GrpcClientProtocolClient.java:onNext(255)) - client-A5BCC62C3543->912a7d3b-e3f1-4985-b06b-5f0a929b8060: receive RaftClientReply:client-A5BCC62C3543->912a7d3b-e3f1-4985-b06b-5f0a929b8060@group-3636E5E7603C, cid=2216, SUCCESS, logIndex=3171, commits[912a7d3b-e3f1-4985-b06b-5f0a929b8060:c3172]
2019-07-13 08:32:34,641 INFO  client.GrpcClientProtocolClient (GrpcClientProtocolClient.java:onNext(255)) - client-A5BCC62C3543->912a7d3b-e3f1-4985-b06b-5f0a929b8060: receive RaftClientReply:client-A5BCC62C3543->912a7d3b-e3f1-4985-b06b-5f0a929b8060@group-3636E5E7603C, cid=2217, SUCCESS, logIndex=3173, commits[912a7d3b-e3f1-4985-b06b-5f0a929b8060:c3176]
2019-07-13 08:32:34,642 INFO  client.GrpcClientProtocolClient (GrpcClientProtocolClient.java:onNext(255)) - client-A5BCC62C3543->912a7d3b-e3f1-4985-b06b-5f0a929b8060: receive RaftClientReply:client-A5BCC62C3543->912a7d3b-e3f1-4985-b06b-5f0a929b8060@group-3636E5E7603C, cid=2218, SUCCESS, logIndex=3174, commits[912a7d3b-e3f1-4985-b06b-5f0a929b8060:c3177]
2019-07-13 08:32:34,642 INFO  client.GrpcClientProtocolClient (GrpcClientProtocolClient.java:onNext(255)) - client-A5BCC62C3543->912a7d3b-e3f1-4985-b06b-5f0a929b8060: receive RaftClientReply:client-A5BCC62C3543->912a7d3b-e3f1-4985-b06b-5f0a929b8060@group-3636E5E7603C, cid=2219, SUCCESS, logIndex=3175, commits[912a7d3b-e3f1-4985-b06b-5f0a929b8060:c3177]
2019-07-13 08:32:34,643 INFO  client.GrpcClientProtocolClient (GrpcClientProtocolClient.java:onNext(255)) - client-A5BCC62C3543->912a7d3b-e3f1-4985-b06b-5f0a929b8060: receive RaftClientReply:client-A5BCC62C3543->912a7d3b-e3f1-4985-b06b-5f0a929b8060@group-3636E5E7603C, cid=2220, SUCCESS, logIndex=3176, commits[912a7d3b-e3f1-4985-b06b-5f0a929b8060:c3177]
2019-07-13 08:32:34,661 INFO  client.GrpcClientProtocolClient (GrpcClientProtocolClient.java:onNext(255)) - client-A5BCC62C3543->912a7d3b-e3f1-4985-b06b-5f0a929b8060: receive RaftClientReply:client-A5BCC62C3543->912a7d3b-e3f1-4985-b06b-5f0a929b8060@group-3636E5E7603C, cid=2221, SUCCESS, logIndex=3178, commits[912a7d3b-e3f1-4985-b06b-5f0a929b8060:c3179]
2019-07-13 08:32:34,662 INFO  client.GrpcClientProtocolClient (GrpcClientProtocolClient.java:onNext(255)) - client-A5BCC62C3543->912a7d3b-e3f1-4985-b06b-5f0a929b8060: receive RaftClientReply:client-A5BCC62C3543->912a7d3b-e3f1-4985-b06b-5f0a929b8060@group-3636E5E7603C, cid=2222, SUCCESS, logIndex=3179, commits[912a7d3b-e3f1-4985-b06b-5f0a929b8060:c3181]
2019-07-13 08:32:34,662 INFO  client.GrpcClientProtocolClient (GrpcClientProtocolClient.java:onNext(255)) - client-A5BCC62C3543->912a7d3b-e3f1-4985-b06b-5f0a929b8060: receive RaftClientReply:client-A5BCC62C3543->912a7d3b-e3f1-4985-b06b-5f0a929b8060@group-3636E5E7603C, cid=2223, SUCCESS, logIndex=3180, commits[912a7d3b-e3f1-4985-b06b-5f0a929b8060:c3182]
2019-07-13 08:32:34,663 INFO  client.GrpcClientProtocolClient (GrpcClientProtocolClient.java:onNext(255)) - client-A5BCC62C3543->912a7d3b-e3f1-4985-b06b-5f0a929b8060: receive RaftClientReply:client-A5BCC62C3543->912a7d3b-e3f1-4985-b06b-5f0a929b8060@group-3636E5E7603C, cid=2224, SUCCESS, logIndex=3181, commits[912a7d3b-e3f1-4985-b06b-5f0a929b8060:c3182]
2019-07-13 08:32:34,688 DEBUG block.SCMBlockDeletingService (SCMBlockDeletingService.java:call(138)) - Running DeletedBlockTransactionScanner
2019-07-13 08:32:34,688 DEBUG block.SCMBlockDeletingService (SCMBlockDeletingService.java:call(155)) - Scanned deleted blocks log and got 0 delTX to process.
2019-07-13 08:32:34,691 INFO  client.GrpcClientProtocolClient (GrpcClientProtocolClient.java:onNext(255)) - client-A5BCC62C3543->912a7d3b-e3f1-4985-b06b-5f0a929b8060: receive RaftClientReply:client-A5BCC62C3543->912a7d3b-e3f1-4985-b06b-5f0a929b8060@group-3636E5E7603C, cid=2225, SUCCESS, logIndex=3184, commits[912a7d3b-e3f1-4985-b06b-5f0a929b8060:c3185]
2019-07-13 08:32:34,691 INFO  client.GrpcClientProtocolClient (GrpcClientProtocolClient.java:onNext(255)) - client-A5BCC62C3543->912a7d3b-e3f1-4985-b06b-5f0a929b8060: receive RaftClientReply:client-A5BCC62C3543->912a7d3b-e3f1-4985-b06b-5f0a929b8060@group-3636E5E7603C, cid=2226, SUCCESS, logIndex=3185, commits[912a7d3b-e3f1-4985-b06b-5f0a929b8060:c3187]
2019-07-13 08:32:34,692 INFO  client.GrpcClientProtocolClient (GrpcClientProtocolClient.java:onNext(255)) - client-A5BCC62C3543->912a7d3b-e3f1-4985-b06b-5f0a929b8060: receive RaftClientReply:client-A5BCC62C3543->912a7d3b-e3f1-4985-b06b-5f0a929b8060@group-3636E5E7603C, cid=2227, SUCCESS, logIndex=3186, commits[912a7d3b-e3f1-4985-b06b-5f0a929b8060:c3188]
2019-07-13 08:32:34,692 INFO  client.GrpcClientProtocolClient (GrpcClientProtocolClient.java:onNext(255)) - client-A5BCC62C3543->912a7d3b-e3f1-4985-b06b-5f0a929b8060: receive RaftClientReply:client-A5BCC62C3543->912a7d3b-e3f1-4985-b06b-5f0a929b8060@group-3636E5E7603C, cid=2228, SUCCESS, logIndex=3187, commits[912a7d3b-e3f1-4985-b06b-5f0a929b8060:c3189]
2019-07-13 08:32:34,718 INFO  client.GrpcClientProtocolClient (GrpcClientProtocolClient.java:onNext(255)) - client-A5BCC62C3543->912a7d3b-e3f1-4985-b06b-5f0a929b8060: receive RaftClientReply:client-A5BCC62C3543->912a7d3b-e3f1-4985-b06b-5f0a929b8060@group-3636E5E7603C, cid=2229, SUCCESS, logIndex=3190, commits[912a7d3b-e3f1-4985-b06b-5f0a929b8060:c3191]
2019-07-13 08:32:34,719 INFO  client.GrpcClientProtocolClient (GrpcClientProtocolClient.java:onNext(255)) - client-A5BCC62C3543->912a7d3b-e3f1-4985-b06b-5f0a929b8060: receive RaftClientReply:client-A5BCC62C3543->912a7d3b-e3f1-4985-b06b-5f0a929b8060@group-3636E5E7603C, cid=2230, SUCCESS, logIndex=3191, commits[912a7d3b-e3f1-4985-b06b-5f0a929b8060:c3191]
2019-07-13 08:32:34,719 INFO  client.GrpcClientProtocolClient (GrpcClientProtocolClient.java:onNext(255)) - client-A5BCC62C3543->912a7d3b-e3f1-4985-b06b-5f0a929b8060: receive RaftClientReply:client-A5BCC62C3543->912a7d3b-e3f1-4985-b06b-5f0a929b8060@group-3636E5E7603C, cid=2231, SUCCESS, logIndex=3192, commits[912a7d3b-e3f1-4985-b06b-5f0a929b8060:c3193]
2019-07-13 08:32:34,720 INFO  client.GrpcClientProtocolClient (GrpcClientProtocolClient.java:onNext(255)) - client-A5BCC62C3543->912a7d3b-e3f1-4985-b06b-5f0a929b8060: receive RaftClientReply:client-A5BCC62C3543->912a7d3b-e3f1-4985-b06b-5f0a929b8060@group-3636E5E7603C, cid=2232, SUCCESS, logIndex=3193, commits[912a7d3b-e3f1-4985-b06b-5f0a929b8060:c3193]
2019-07-13 08:32:34,751 INFO  client.GrpcClientProtocolClient (GrpcClientProtocolClient.java:onNext(255)) - client-A5BCC62C3543->912a7d3b-e3f1-4985-b06b-5f0a929b8060: receive RaftClientReply:client-A5BCC62C3543->912a7d3b-e3f1-4985-b06b-5f0a929b8060@group-3636E5E7603C, cid=2233, SUCCESS, logIndex=3196, commits[912a7d3b-e3f1-4985-b06b-5f0a929b8060:c3199]
2019-07-13 08:32:34,752 INFO  client.GrpcClientProtocolClient (GrpcClientProtocolClient.java:onNext(255)) - client-A5BCC62C3543->912a7d3b-e3f1-4985-b06b-5f0a929b8060: receive RaftClientReply:client-A5BCC62C3543->912a7d3b-e3f1-4985-b06b-5f0a929b8060@group-3636E5E7603C, cid=2234, SUCCESS, logIndex=3197, commits[912a7d3b-e3f1-4985-b06b-5f0a929b8060:c3200]
2019-07-13 08:32:34,752 INFO  client.GrpcClientProtocolClient (GrpcClientProtocolClient.java:onNext(255)) - client-A5BCC62C3543->912a7d3b-e3f1-4985-b06b-5f0a929b8060: receive RaftClientReply:client-A5BCC62C3543->912a7d3b-e3f1-4985-b06b-5f0a929b8060@group-3636E5E7603C, cid=2235, SUCCESS, logIndex=3198, commits[912a7d3b-e3f1-4985-b06b-5f0a929b8060:c3200]
2019-07-13 08:32:34,752 INFO  client.GrpcClientProtocolClient (GrpcClientProtocolClient.java:onNext(255)) - client-A5BCC62C3543->912a7d3b-e3f1-4985-b06b-5f0a929b8060: receive RaftClientReply:client-A5BCC62C3543->912a7d3b-e3f1-4985-b06b-5f0a929b8060@group-3636E5E7603C, cid=2236, SUCCESS, logIndex=3199, commits[912a7d3b-e3f1-4985-b06b-5f0a929b8060:c3200]
2019-07-13 08:32:34,772 INFO  client.GrpcClientProtocolClient (GrpcClientProtocolClient.java:onNext(255)) - client-A5BCC62C3543->912a7d3b-e3f1-4985-b06b-5f0a929b8060: receive RaftClientReply:client-A5BCC62C3543->912a7d3b-e3f1-4985-b06b-5f0a929b8060@group-3636E5E7603C, cid=2237, SUCCESS, logIndex=3201, commits[912a7d3b-e3f1-4985-b06b-5f0a929b8060:c3202]
2019-07-13 08:32:34,772 INFO  client.GrpcClientProtocolClient (GrpcClientProtocolClient.java:onNext(255)) - client-A5BCC62C3543->912a7d3b-e3f1-4985-b06b-5f0a929b8060: receive RaftClientReply:client-A5BCC62C3543->912a7d3b-e3f1-4985-b06b-5f0a929b8060@group-3636E5E7603C, cid=2238, SUCCESS, logIndex=3202, commits[912a7d3b-e3f1-4985-b06b-5f0a929b8060:c3202]
2019-07-13 08:32:34,774 INFO  client.GrpcClientProtocolClient (GrpcClientProtocolClient.java:onNext(255)) - client-A5BCC62C3543->912a7d3b-e3f1-4985-b06b-5f0a929b8060: receive RaftClientReply:client-A5BCC62C3543->912a7d3b-e3f1-4985-b06b-5f0a929b8060@group-3636E5E7603C, cid=2239, SUCCESS, logIndex=3203, commits[912a7d3b-e3f1-4985-b06b-5f0a929b8060:c3204]
2019-07-13 08:32:34,775 INFO  client.GrpcClientProtocolClient (GrpcClientProtocolClient.java:onNext(255)) - client-A5BCC62C3543->912a7d3b-e3f1-4985-b06b-5f0a929b8060: receive RaftClientReply:client-A5BCC62C3543->912a7d3b-e3f1-4985-b06b-5f0a929b8060@group-3636E5E7603C, cid=2240, SUCCESS, logIndex=3204, commits[912a7d3b-e3f1-4985-b06b-5f0a929b8060:c3204]
2019-07-13 08:32:34,789 DEBUG block.SCMBlockDeletingService (SCMBlockDeletingService.java:call(138)) - Running DeletedBlockTransactionScanner
2019-07-13 08:32:34,789 DEBUG block.SCMBlockDeletingService (SCMBlockDeletingService.java:call(155)) - Scanned deleted blocks log and got 0 delTX to process.
2019-07-13 08:32:34,805 INFO  client.GrpcClientProtocolClient (GrpcClientProtocolClient.java:onNext(255)) - client-A5BCC62C3543->912a7d3b-e3f1-4985-b06b-5f0a929b8060: receive RaftClientReply:client-A5BCC62C3543->912a7d3b-e3f1-4985-b06b-5f0a929b8060@group-3636E5E7603C, cid=2241, SUCCESS, logIndex=3207, commits[912a7d3b-e3f1-4985-b06b-5f0a929b8060:c3208]
2019-07-13 08:32:34,806 INFO  client.GrpcClientProtocolClient (GrpcClientProtocolClient.java:onNext(255)) - client-A5BCC62C3543->912a7d3b-e3f1-4985-b06b-5f0a929b8060: receive RaftClientReply:client-A5BCC62C3543->912a7d3b-e3f1-4985-b06b-5f0a929b8060@group-3636E5E7603C, cid=2242, SUCCESS, logIndex=3208, commits[912a7d3b-e3f1-4985-b06b-5f0a929b8060:c3210]
2019-07-13 08:32:34,806 INFO  client.GrpcClientProtocolClient (GrpcClientProtocolClient.java:onNext(255)) - client-A5BCC62C3543->912a7d3b-e3f1-4985-b06b-5f0a929b8060: receive RaftClientReply:client-A5BCC62C3543->912a7d3b-e3f1-4985-b06b-5f0a929b8060@group-3636E5E7603C, cid=2243, SUCCESS, logIndex=3209, commits[912a7d3b-e3f1-4985-b06b-5f0a929b8060:c3211]
2019-07-13 08:32:34,806 INFO  client.GrpcClientProtocolClient (GrpcClientProtocolClient.java:onNext(255)) - client-A5BCC62C3543->912a7d3b-e3f1-4985-b06b-5f0a929b8060: receive RaftClientReply:client-A5BCC62C3543->912a7d3b-e3f1-4985-b06b-5f0a929b8060@group-3636E5E7603C, cid=2244, SUCCESS, logIndex=3210, commits[912a7d3b-e3f1-4985-b06b-5f0a929b8060:c3211]
2019-07-13 08:32:34,827 INFO  client.GrpcClientProtocolClient (GrpcClientProtocolClient.java:onNext(255)) - client-A5BCC62C3543->912a7d3b-e3f1-4985-b06b-5f0a929b8060: receive RaftClientReply:client-A5BCC62C3543->912a7d3b-e3f1-4985-b06b-5f0a929b8060@group-3636E5E7603C, cid=2245, SUCCESS, logIndex=3213, commits[912a7d3b-e3f1-4985-b06b-5f0a929b8060:c3214]
2019-07-13 08:32:34,827 INFO  client.GrpcClientProtocolClient (GrpcClientProtocolClient.java:onNext(255)) - client-A5BCC62C3543->912a7d3b-e3f1-4985-b06b-5f0a929b8060: receive RaftClientReply:client-A5BCC62C3543->912a7d3b-e3f1-4985-b06b-5f0a929b8060@group-3636E5E7603C, cid=2246, SUCCESS, logIndex=3214, commits[912a7d3b-e3f1-4985-b06b-5f0a929b8060:c3216]
2019-07-13 08:32:34,827 INFO  client.GrpcClientProtocolClient (GrpcClientProtocolClient.java:onNext(255)) - client-A5BCC62C3543->912a7d3b-e3f1-4985-b06b-5f0a929b8060: receive RaftClientReply:client-A5BCC62C3543->912a7d3b-e3f1-4985-b06b-5f0a929b8060@group-3636E5E7603C, cid=2247, SUCCESS, logIndex=3215, commits[912a7d3b-e3f1-4985-b06b-5f0a929b8060:c3217]
2019-07-13 08:32:34,828 INFO  client.GrpcClientProtocolClient (GrpcClientProtocolClient.java:onNext(255)) - client-A5BCC62C3543->912a7d3b-e3f1-4985-b06b-5f0a929b8060: receive RaftClientReply:client-A5BCC62C3543->912a7d3b-e3f1-4985-b06b-5f0a929b8060@group-3636E5E7603C, cid=2248, SUCCESS, logIndex=3216, commits[912a7d3b-e3f1-4985-b06b-5f0a929b8060:c3218]
2019-07-13 08:32:34,857 INFO  client.GrpcClientProtocolClient (GrpcClientProtocolClient.java:onNext(255)) - client-A5BCC62C3543->912a7d3b-e3f1-4985-b06b-5f0a929b8060: receive RaftClientReply:client-A5BCC62C3543->912a7d3b-e3f1-4985-b06b-5f0a929b8060@group-3636E5E7603C, cid=2249, SUCCESS, logIndex=3219, commits[912a7d3b-e3f1-4985-b06b-5f0a929b8060:c3220]
2019-07-13 08:32:34,858 INFO  client.GrpcClientProtocolClient (GrpcClientProtocolClient.java:onNext(255)) - client-A5BCC62C3543->912a7d3b-e3f1-4985-b06b-5f0a929b8060: receive RaftClientReply:client-A5BCC62C3543->912a7d3b-e3f1-4985-b06b-5f0a929b8060@group-3636E5E7603C, cid=2250, SUCCESS, logIndex=3220, commits[912a7d3b-e3f1-4985-b06b-5f0a929b8060:c3222]
2019-07-13 08:32:34,858 INFO  client.GrpcClientProtocolClient (GrpcClientProtocolClient.java:onNext(255)) - client-A5BCC62C3543->912a7d3b-e3f1-4985-b06b-5f0a929b8060: receive RaftClientReply:client-A5BCC62C3543->912a7d3b-e3f1-4985-b06b-5f0a929b8060@group-3636E5E7603C, cid=2251, SUCCESS, logIndex=3221, commits[912a7d3b-e3f1-4985-b06b-5f0a929b8060:c3223]
2019-07-13 08:32:34,859 INFO  client.GrpcClientProtocolClient (GrpcClientProtocolClient.java:onNext(255)) - client-A5BCC62C3543->912a7d3b-e3f1-4985-b06b-5f0a929b8060: receive RaftClientReply:client-A5BCC62C3543->912a7d3b-e3f1-4985-b06b-5f0a929b8060@group-3636E5E7603C, cid=2252, SUCCESS, logIndex=3222, commits[912a7d3b-e3f1-4985-b06b-5f0a929b8060:c3223]
2019-07-13 08:32:34,881 INFO  client.GrpcClientProtocolClient (GrpcClientProtocolClient.java:onNext(255)) - client-A5BCC62C3543->912a7d3b-e3f1-4985-b06b-5f0a929b8060: receive RaftClientReply:client-A5BCC62C3543->912a7d3b-e3f1-4985-b06b-5f0a929b8060@group-3636E5E7603C, cid=2253, SUCCESS, logIndex=3225, commits[912a7d3b-e3f1-4985-b06b-5f0a929b8060:c3226]
2019-07-13 08:32:34,882 INFO  client.GrpcClientProtocolClient (GrpcClientProtocolClient.java:onNext(255)) - client-A5BCC62C3543->912a7d3b-e3f1-4985-b06b-5f0a929b8060: receive RaftClientReply:client-A5BCC62C3543->912a7d3b-e3f1-4985-b06b-5f0a929b8060@group-3636E5E7603C, cid=2254, SUCCESS, logIndex=3226, commits[912a7d3b-e3f1-4985-b06b-5f0a929b8060:c3226]
2019-07-13 08:32:34,889 DEBUG block.SCMBlockDeletingService (SCMBlockDeletingService.java:call(138)) - Running DeletedBlockTransactionScanner
2019-07-13 08:32:34,890 DEBUG block.SCMBlockDeletingService (SCMBlockDeletingService.java:call(155)) - Scanned deleted blocks log and got 0 delTX to process.
2019-07-13 08:32:35,056 DEBUG block.SCMBlockDeletingService (SCMBlockDeletingService.java:call(138)) - Running DeletedBlockTransactionScanner
2019-07-13 08:32:35,057 DEBUG block.SCMBlockDeletingService (SCMBlockDeletingService.java:call(155)) - Scanned deleted blocks log and got 0 delTX to process.
2019-07-13 08:32:35,086 INFO  client.GrpcClientProtocolClient (GrpcClientProtocolClient.java:onNext(255)) - client-A5BCC62C3543->912a7d3b-e3f1-4985-b06b-5f0a929b8060: receive RaftClientReply:client-A5BCC62C3543->912a7d3b-e3f1-4985-b06b-5f0a929b8060@group-3636E5E7603C, cid=2255, SUCCESS, logIndex=3228, commits[912a7d3b-e3f1-4985-b06b-5f0a929b8060:c3229]
2019-07-13 08:32:35,087 INFO  client.GrpcClientProtocolClient (GrpcClientProtocolClient.java:onNext(255)) - client-A5BCC62C3543->912a7d3b-e3f1-4985-b06b-5f0a929b8060: receive RaftClientReply:client-A5BCC62C3543->912a7d3b-e3f1-4985-b06b-5f0a929b8060@group-3636E5E7603C, cid=2256, SUCCESS, logIndex=3229, commits[912a7d3b-e3f1-4985-b06b-5f0a929b8060:c3230]
2019-07-13 08:32:35,119 INFO  client.GrpcClientProtocolClient (GrpcClientProtocolClient.java:onNext(255)) - client-A5BCC62C3543->912a7d3b-e3f1-4985-b06b-5f0a929b8060: receive RaftClientReply:client-A5BCC62C3543->912a7d3b-e3f1-4985-b06b-5f0a929b8060@group-3636E5E7603C, cid=2257, SUCCESS, logIndex=3231, commits[912a7d3b-e3f1-4985-b06b-5f0a929b8060:c3232]
2019-07-13 08:32:35,120 INFO  client.GrpcClientProtocolClient (GrpcClientProtocolClient.java:onNext(255)) - client-A5BCC62C3543->912a7d3b-e3f1-4985-b06b-5f0a929b8060: receive RaftClientReply:client-A5BCC62C3543->912a7d3b-e3f1-4985-b06b-5f0a929b8060@group-3636E5E7603C, cid=2258, SUCCESS, logIndex=3232, commits[912a7d3b-e3f1-4985-b06b-5f0a929b8060:c3232]
2019-07-13 08:32:35,122 INFO  client.GrpcClientProtocolClient (GrpcClientProtocolClient.java:onNext(255)) - client-A5BCC62C3543->912a7d3b-e3f1-4985-b06b-5f0a929b8060: receive RaftClientReply:client-A5BCC62C3543->912a7d3b-e3f1-4985-b06b-5f0a929b8060@group-3636E5E7603C, cid=2259, SUCCESS, logIndex=3233, commits[912a7d3b-e3f1-4985-b06b-5f0a929b8060:c3234]
2019-07-13 08:32:35,122 INFO  client.GrpcClientProtocolClient (GrpcClientProtocolClient.java:onNext(255)) - client-A5BCC62C3543->912a7d3b-e3f1-4985-b06b-5f0a929b8060: receive RaftClientReply:client-A5BCC62C3543->912a7d3b-e3f1-4985-b06b-5f0a929b8060@group-3636E5E7603C, cid=2260, SUCCESS, logIndex=3234, commits[912a7d3b-e3f1-4985-b06b-5f0a929b8060:c3234]
2019-07-13 08:32:35,135 INFO  client.GrpcClientProtocolClient (GrpcClientProtocolClient.java:onNext(255)) - client-A5BCC62C3543->912a7d3b-e3f1-4985-b06b-5f0a929b8060: receive RaftClientReply:client-A5BCC62C3543->912a7d3b-e3f1-4985-b06b-5f0a929b8060@group-3636E5E7603C, cid=2261, SUCCESS, logIndex=3237, commits[912a7d3b-e3f1-4985-b06b-5f0a929b8060:c3238]
2019-07-13 08:32:35,135 INFO  client.GrpcClientProtocolClient (GrpcClientProtocolClient.java:onNext(255)) - client-A5BCC62C3543->912a7d3b-e3f1-4985-b06b-5f0a929b8060: receive RaftClientReply:client-A5BCC62C3543->912a7d3b-e3f1-4985-b06b-5f0a929b8060@group-3636E5E7603C, cid=2262, SUCCESS, logIndex=3238, commits[912a7d3b-e3f1-4985-b06b-5f0a929b8060:c3238]
2019-07-13 08:32:35,146 INFO  client.GrpcClientProtocolClient (GrpcClientProtocolClient.java:onNext(255)) - client-A5BCC62C3543->912a7d3b-e3f1-4985-b06b-5f0a929b8060: receive RaftClientReply:client-A5BCC62C3543->912a7d3b-e3f1-4985-b06b-5f0a929b8060@group-3636E5E7603C, cid=2263, SUCCESS, logIndex=3239, commits[912a7d3b-e3f1-4985-b06b-5f0a929b8060:c3241]
2019-07-13 08:32:35,146 INFO  client.GrpcClientProtocolClient (GrpcClientProtocolClient.java:onNext(255)) - client-A5BCC62C3543->912a7d3b-e3f1-4985-b06b-5f0a929b8060: receive RaftClientReply:client-A5BCC62C3543->912a7d3b-e3f1-4985-b06b-5f0a929b8060@group-3636E5E7603C, cid=2264, SUCCESS, logIndex=3240, commits[912a7d3b-e3f1-4985-b06b-5f0a929b8060:c3241]
2019-07-13 08:32:35,157 DEBUG block.SCMBlockDeletingService (SCMBlockDeletingService.java:call(138)) - Running DeletedBlockTransactionScanner
2019-07-13 08:32:35,158 DEBUG block.SCMBlockDeletingService (SCMBlockDeletingService.java:call(155)) - Scanned deleted blocks log and got 0 delTX to process.
2019-07-13 08:32:35,176 INFO  client.GrpcClientProtocolClient (GrpcClientProtocolClient.java:onNext(255)) - client-A5BCC62C3543->912a7d3b-e3f1-4985-b06b-5f0a929b8060: receive RaftClientReply:client-A5BCC62C3543->912a7d3b-e3f1-4985-b06b-5f0a929b8060@group-3636E5E7603C, cid=2265, SUCCESS, logIndex=3242, commits[912a7d3b-e3f1-4985-b06b-5f0a929b8060:c3245]
2019-07-13 08:32:35,177 INFO  client.GrpcClientProtocolClient (GrpcClientProtocolClient.java:onNext(255)) - client-A5BCC62C3543->912a7d3b-e3f1-4985-b06b-5f0a929b8060: receive RaftClientReply:client-A5BCC62C3543->912a7d3b-e3f1-4985-b06b-5f0a929b8060@group-3636E5E7603C, cid=2266, SUCCESS, logIndex=3243, commits[912a7d3b-e3f1-4985-b06b-5f0a929b8060:c3245]
2019-07-13 08:32:35,177 INFO  client.GrpcClientProtocolClient (GrpcClientProtocolClient.java:onNext(255)) - client-A5BCC62C3543->912a7d3b-e3f1-4985-b06b-5f0a929b8060: receive RaftClientReply:client-A5BCC62C3543->912a7d3b-e3f1-4985-b06b-5f0a929b8060@group-3636E5E7603C, cid=2267, SUCCESS, logIndex=3244, commits[912a7d3b-e3f1-4985-b06b-5f0a929b8060:c3246]
2019-07-13 08:32:35,178 INFO  client.GrpcClientProtocolClient (GrpcClientProtocolClient.java:onNext(255)) - client-A5BCC62C3543->912a7d3b-e3f1-4985-b06b-5f0a929b8060: receive RaftClientReply:client-A5BCC62C3543->912a7d3b-e3f1-4985-b06b-5f0a929b8060@group-3636E5E7603C, cid=2268, SUCCESS, logIndex=3245, commits[912a7d3b-e3f1-4985-b06b-5f0a929b8060:c3247]
2019-07-13 08:32:35,198 INFO  client.GrpcClientProtocolClient (GrpcClientProtocolClient.java:onNext(255)) - client-A5BCC62C3543->912a7d3b-e3f1-4985-b06b-5f0a929b8060: receive RaftClientReply:client-A5BCC62C3543->912a7d3b-e3f1-4985-b06b-5f0a929b8060@group-3636E5E7603C, cid=2269, SUCCESS, logIndex=3248, commits[912a7d3b-e3f1-4985-b06b-5f0a929b8060:c3249]
2019-07-13 08:32:35,198 INFO  client.GrpcClientProtocolClient (GrpcClientProtocolClient.java:onNext(255)) - client-A5BCC62C3543->912a7d3b-e3f1-4985-b06b-5f0a929b8060: receive RaftClientReply:client-A5BCC62C3543->912a7d3b-e3f1-4985-b06b-5f0a929b8060@group-3636E5E7603C, cid=2270, SUCCESS, logIndex=3249, commits[912a7d3b-e3f1-4985-b06b-5f0a929b8060:c3251]
2019-07-13 08:32:35,199 INFO  client.GrpcClientProtocolClient (GrpcClientProtocolClient.java:onNext(255)) - client-A5BCC62C3543->912a7d3b-e3f1-4985-b06b-5f0a929b8060: receive RaftClientReply:client-A5BCC62C3543->912a7d3b-e3f1-4985-b06b-5f0a929b8060@group-3636E5E7603C, cid=2271, SUCCESS, logIndex=3250, commits[912a7d3b-e3f1-4985-b06b-5f0a929b8060:c3252]
2019-07-13 08:32:35,199 INFO  client.GrpcClientProtocolClient (GrpcClientProtocolClient.java:onNext(255)) - client-A5BCC62C3543->912a7d3b-e3f1-4985-b06b-5f0a929b8060: receive RaftClientReply:client-A5BCC62C3543->912a7d3b-e3f1-4985-b06b-5f0a929b8060@group-3636E5E7603C, cid=2272, SUCCESS, logIndex=3251, commits[912a7d3b-e3f1-4985-b06b-5f0a929b8060:c3253]
2019-07-13 08:32:35,228 INFO  client.GrpcClientProtocolClient (GrpcClientProtocolClient.java:onNext(255)) - client-A5BCC62C3543->912a7d3b-e3f1-4985-b06b-5f0a929b8060: receive RaftClientReply:client-A5BCC62C3543->912a7d3b-e3f1-4985-b06b-5f0a929b8060@group-3636E5E7603C, cid=2273, SUCCESS, logIndex=3254, commits[912a7d3b-e3f1-4985-b06b-5f0a929b8060:c3255]
2019-07-13 08:32:35,229 INFO  client.GrpcClientProtocolClient (GrpcClientProtocolClient.java:onNext(255)) - client-A5BCC62C3543->912a7d3b-e3f1-4985-b06b-5f0a929b8060: receive RaftClientReply:client-A5BCC62C3543->912a7d3b-e3f1-4985-b06b-5f0a929b8060@group-3636E5E7603C, cid=2274, SUCCESS, logIndex=3255, commits[912a7d3b-e3f1-4985-b06b-5f0a929b8060:c3255]
2019-07-13 08:32:35,230 INFO  client.GrpcClientProtocolClient (GrpcClientProtocolClient.java:onNext(255)) - client-A5BCC62C3543->912a7d3b-e3f1-4985-b06b-5f0a929b8060: receive RaftClientReply:client-A5BCC62C3543->912a7d3b-e3f1-4985-b06b-5f0a929b8060@group-3636E5E7603C, cid=2275, SUCCESS, logIndex=3256, commits[912a7d3b-e3f1-4985-b06b-5f0a929b8060:c3257]
2019-07-13 08:32:35,231 INFO  client.GrpcClientProtocolClient (GrpcClientProtocolClient.java:onNext(255)) - client-A5BCC62C3543->912a7d3b-e3f1-4985-b06b-5f0a929b8060: receive RaftClientReply:client-A5BCC62C3543->912a7d3b-e3f1-4985-b06b-5f0a929b8060@group-3636E5E7603C, cid=2276, SUCCESS, logIndex=3257, commits[912a7d3b-e3f1-4985-b06b-5f0a929b8060:c3257]
2019-07-13 08:32:35,253 INFO  client.GrpcClientProtocolClient (GrpcClientProtocolClient.java:onNext(255)) - client-A5BCC62C3543->912a7d3b-e3f1-4985-b06b-5f0a929b8060: receive RaftClientReply:client-A5BCC62C3543->912a7d3b-e3f1-4985-b06b-5f0a929b8060@group-3636E5E7603C, cid=2277, SUCCESS, logIndex=3260, commits[912a7d3b-e3f1-4985-b06b-5f0a929b8060:c3263]
2019-07-13 08:32:35,254 INFO  client.GrpcClientProtocolClient (GrpcClientProtocolClient.java:onNext(255)) - client-A5BCC62C3543->912a7d3b-e3f1-4985-b06b-5f0a929b8060: receive RaftClientReply:client-A5BCC62C3543->912a7d3b-e3f1-4985-b06b-5f0a929b8060@group-3636E5E7603C, cid=2278, SUCCESS, logIndex=3261, commits[912a7d3b-e3f1-4985-b06b-5f0a929b8060:c3264]
2019-07-13 08:32:35,254 INFO  client.GrpcClientProtocolClient (GrpcClientProtocolClient.java:onNext(255)) - client-A5BCC62C3543->912a7d3b-e3f1-4985-b06b-5f0a929b8060: receive RaftClientReply:client-A5BCC62C3543->912a7d3b-e3f1-4985-b06b-5f0a929b8060@group-3636E5E7603C, cid=2279, SUCCESS, logIndex=3262, commits[912a7d3b-e3f1-4985-b06b-5f0a929b8060:c3264]
2019-07-13 08:32:35,255 INFO  client.GrpcClientProtocolClient (GrpcClientProtocolClient.java:onNext(255)) - client-A5BCC62C3543->912a7d3b-e3f1-4985-b06b-5f0a929b8060: receive RaftClientReply:client-A5BCC62C3543->912a7d3b-e3f1-4985-b06b-5f0a929b8060@group-3636E5E7603C, cid=2280, SUCCESS, logIndex=3263, commits[912a7d3b-e3f1-4985-b06b-5f0a929b8060:c3264]
2019-07-13 08:32:35,258 DEBUG block.SCMBlockDeletingService (SCMBlockDeletingService.java:call(138)) - Running DeletedBlockTransactionScanner
2019-07-13 08:32:35,258 DEBUG block.SCMBlockDeletingService (SCMBlockDeletingService.java:call(155)) - Scanned deleted blocks log and got 0 delTX to process.
2019-07-13 08:32:35,288 INFO  client.GrpcClientProtocolClient (GrpcClientProtocolClient.java:onNext(255)) - client-A5BCC62C3543->912a7d3b-e3f1-4985-b06b-5f0a929b8060: receive RaftClientReply:client-A5BCC62C3543->912a7d3b-e3f1-4985-b06b-5f0a929b8060@group-3636E5E7603C, cid=2281, SUCCESS, logIndex=3265, commits[912a7d3b-e3f1-4985-b06b-5f0a929b8060:c3268]
2019-07-13 08:32:35,289 INFO  client.GrpcClientProtocolClient (GrpcClientProtocolClient.java:onNext(255)) - client-A5BCC62C3543->912a7d3b-e3f1-4985-b06b-5f0a929b8060: receive RaftClientReply:client-A5BCC62C3543->912a7d3b-e3f1-4985-b06b-5f0a929b8060@group-3636E5E7603C, cid=2282, SUCCESS, logIndex=3266, commits[912a7d3b-e3f1-4985-b06b-5f0a929b8060:c3269]
2019-07-13 08:32:35,289 INFO  client.GrpcClientProtocolClient (GrpcClientProtocolClient.java:onNext(255)) - client-A5BCC62C3543->912a7d3b-e3f1-4985-b06b-5f0a929b8060: receive RaftClientReply:client-A5BCC62C3543->912a7d3b-e3f1-4985-b06b-5f0a929b8060@group-3636E5E7603C, cid=2283, SUCCESS, logIndex=3267, commits[912a7d3b-e3f1-4985-b06b-5f0a929b8060:c3269]
2019-07-13 08:32:35,289 INFO  client.GrpcClientProtocolClient (GrpcClientProtocolClient.java:onNext(255)) - client-A5BCC62C3543->912a7d3b-e3f1-4985-b06b-5f0a929b8060: receive RaftClientReply:client-A5BCC62C3543->912a7d3b-e3f1-4985-b06b-5f0a929b8060@group-3636E5E7603C, cid=2284, SUCCESS, logIndex=3268, commits[912a7d3b-e3f1-4985-b06b-5f0a929b8060:c3269]
2019-07-13 08:32:35,309 INFO  client.GrpcClientProtocolClient (GrpcClientProtocolClient.java:onNext(255)) - client-A5BCC62C3543->912a7d3b-e3f1-4985-b06b-5f0a929b8060: receive RaftClientReply:client-A5BCC62C3543->912a7d3b-e3f1-4985-b06b-5f0a929b8060@group-3636E5E7603C, cid=2285, SUCCESS, logIndex=3270, commits[912a7d3b-e3f1-4985-b06b-5f0a929b8060:c3271]
2019-07-13 08:32:35,310 INFO  client.GrpcClientProtocolClient (GrpcClientProtocolClient.java:onNext(255)) - client-A5BCC62C3543->912a7d3b-e3f1-4985-b06b-5f0a929b8060: receive RaftClientReply:client-A5BCC62C3543->912a7d3b-e3f1-4985-b06b-5f0a929b8060@group-3636E5E7603C, cid=2286, SUCCESS, logIndex=3271, commits[912a7d3b-e3f1-4985-b06b-5f0a929b8060:c3273]
2019-07-13 08:32:35,310 INFO  client.GrpcClientProtocolClient (GrpcClientProtocolClient.java:onNext(255)) - client-A5BCC62C3543->912a7d3b-e3f1-4985-b06b-5f0a929b8060: receive RaftClientReply:client-A5BCC62C3543->912a7d3b-e3f1-4985-b06b-5f0a929b8060@group-3636E5E7603C, cid=2287, SUCCESS, logIndex=3272, commits[912a7d3b-e3f1-4985-b06b-5f0a929b8060:c3274]
2019-07-13 08:32:35,310 INFO  client.GrpcClientProtocolClient (GrpcClientProtocolClient.java:onNext(255)) - client-A5BCC62C3543->912a7d3b-e3f1-4985-b06b-5f0a929b8060: receive RaftClientReply:client-A5BCC62C3543->912a7d3b-e3f1-4985-b06b-5f0a929b8060@group-3636E5E7603C, cid=2288, SUCCESS, logIndex=3273, commits[912a7d3b-e3f1-4985-b06b-5f0a929b8060:c3274]
2019-07-13 08:32:35,340 INFO  client.GrpcClientProtocolClient (GrpcClientProtocolClient.java:onNext(255)) - client-A5BCC62C3543->912a7d3b-e3f1-4985-b06b-5f0a929b8060: receive RaftClientReply:client-A5BCC62C3543->912a7d3b-e3f1-4985-b06b-5f0a929b8060@group-3636E5E7603C, cid=2289, SUCCESS, logIndex=3276, commits[912a7d3b-e3f1-4985-b06b-5f0a929b8060:c3279]
2019-07-13 08:32:35,341 INFO  client.GrpcClientProtocolClient (GrpcClientProtocolClient.java:onNext(255)) - client-A5BCC62C3543->912a7d3b-e3f1-4985-b06b-5f0a929b8060: receive RaftClientReply:client-A5BCC62C3543->912a7d3b-e3f1-4985-b06b-5f0a929b8060@group-3636E5E7603C, cid=2290, SUCCESS, logIndex=3277, commits[912a7d3b-e3f1-4985-b06b-5f0a929b8060:c3279]
2019-07-13 08:32:35,341 INFO  client.GrpcClientProtocolClient (GrpcClientProtocolClient.java:onNext(255)) - client-A5BCC62C3543->912a7d3b-e3f1-4985-b06b-5f0a929b8060: receive RaftClientReply:client-A5BCC62C3543->912a7d3b-e3f1-4985-b06b-5f0a929b8060@group-3636E5E7603C, cid=2291, SUCCESS, logIndex=3278, commits[912a7d3b-e3f1-4985-b06b-5f0a929b8060:c3280]
2019-07-13 08:32:35,341 INFO  client.GrpcClientProtocolClient (GrpcClientProtocolClient.java:onNext(255)) - client-A5BCC62C3543->912a7d3b-e3f1-4985-b06b-5f0a929b8060: receive RaftClientReply:client-A5BCC62C3543->912a7d3b-e3f1-4985-b06b-5f0a929b8060@group-3636E5E7603C, cid=2292, SUCCESS, logIndex=3279, commits[912a7d3b-e3f1-4985-b06b-5f0a929b8060:c3281]
2019-07-13 08:32:35,359 DEBUG block.SCMBlockDeletingService (SCMBlockDeletingService.java:call(138)) - Running DeletedBlockTransactionScanner
2019-07-13 08:32:35,359 DEBUG block.SCMBlockDeletingService (SCMBlockDeletingService.java:call(155)) - Scanned deleted blocks log and got 0 delTX to process.
2019-07-13 08:32:35,370 INFO  client.GrpcClientProtocolClient (GrpcClientProtocolClient.java:onNext(255)) - client-A5BCC62C3543->912a7d3b-e3f1-4985-b06b-5f0a929b8060: receive RaftClientReply:client-A5BCC62C3543->912a7d3b-e3f1-4985-b06b-5f0a929b8060@group-3636E5E7603C, cid=2293, SUCCESS, logIndex=3282, commits[912a7d3b-e3f1-4985-b06b-5f0a929b8060:c3283]
2019-07-13 08:32:35,371 INFO  client.GrpcClientProtocolClient (GrpcClientProtocolClient.java:onNext(255)) - client-A5BCC62C3543->912a7d3b-e3f1-4985-b06b-5f0a929b8060: receive RaftClientReply:client-A5BCC62C3543->912a7d3b-e3f1-4985-b06b-5f0a929b8060@group-3636E5E7603C, cid=2294, SUCCESS, logIndex=3283, commits[912a7d3b-e3f1-4985-b06b-5f0a929b8060:c3285]
2019-07-13 08:32:35,371 INFO  client.GrpcClientProtocolClient (GrpcClientProtocolClient.java:onNext(255)) - client-A5BCC62C3543->912a7d3b-e3f1-4985-b06b-5f0a929b8060: receive RaftClientReply:client-A5BCC62C3543->912a7d3b-e3f1-4985-b06b-5f0a929b8060@group-3636E5E7603C, cid=2295, SUCCESS, logIndex=3284, commits[912a7d3b-e3f1-4985-b06b-5f0a929b8060:c3285]
2019-07-13 08:32:35,372 INFO  client.GrpcClientProtocolClient (GrpcClientProtocolClient.java:onNext(255)) - client-A5BCC62C3543->912a7d3b-e3f1-4985-b06b-5f0a929b8060: receive RaftClientReply:client-A5BCC62C3543->912a7d3b-e3f1-4985-b06b-5f0a929b8060@group-3636E5E7603C, cid=2296, SUCCESS, logIndex=3285, commits[912a7d3b-e3f1-4985-b06b-5f0a929b8060:c3286]
2019-07-13 08:32:35,413 INFO  client.GrpcClientProtocolClient (GrpcClientProtocolClient.java:onNext(255)) - client-A5BCC62C3543->912a7d3b-e3f1-4985-b06b-5f0a929b8060: receive RaftClientReply:client-A5BCC62C3543->912a7d3b-e3f1-4985-b06b-5f0a929b8060@group-3636E5E7603C, cid=2297, SUCCESS, logIndex=3288, commits[912a7d3b-e3f1-4985-b06b-5f0a929b8060:c3289]
2019-07-13 08:32:35,414 INFO  client.GrpcClientProtocolClient (GrpcClientProtocolClient.java:onNext(255)) - client-A5BCC62C3543->912a7d3b-e3f1-4985-b06b-5f0a929b8060: receive RaftClientReply:client-A5BCC62C3543->912a7d3b-e3f1-4985-b06b-5f0a929b8060@group-3636E5E7603C, cid=2298, SUCCESS, logIndex=3289, commits[912a7d3b-e3f1-4985-b06b-5f0a929b8060:c3290]
2019-07-13 08:32:35,460 DEBUG block.SCMBlockDeletingService (SCMBlockDeletingService.java:call(138)) - Running DeletedBlockTransactionScanner
2019-07-13 08:32:35,460 DEBUG block.SCMBlockDeletingService (SCMBlockDeletingService.java:call(155)) - Scanned deleted blocks log and got 0 delTX to process.
2019-07-13 08:32:35,502 INFO  client.GrpcClientProtocolClient (GrpcClientProtocolClient.java:onNext(255)) - client-A5BCC62C3543->912a7d3b-e3f1-4985-b06b-5f0a929b8060: receive RaftClientReply:client-A5BCC62C3543->912a7d3b-e3f1-4985-b06b-5f0a929b8060@group-3636E5E7603C, cid=2299, SUCCESS, logIndex=3291, commits[912a7d3b-e3f1-4985-b06b-5f0a929b8060:c3292]
2019-07-13 08:32:35,503 INFO  client.GrpcClientProtocolClient (GrpcClientProtocolClient.java:onNext(255)) - client-A5BCC62C3543->912a7d3b-e3f1-4985-b06b-5f0a929b8060: receive RaftClientReply:client-A5BCC62C3543->912a7d3b-e3f1-4985-b06b-5f0a929b8060@group-3636E5E7603C, cid=2300, SUCCESS, logIndex=3292, commits[912a7d3b-e3f1-4985-b06b-5f0a929b8060:c3292]
2019-07-13 08:32:35,521 INFO  client.GrpcClientProtocolClient (GrpcClientProtocolClient.java:onNext(255)) - client-A5BCC62C3543->912a7d3b-e3f1-4985-b06b-5f0a929b8060: receive RaftClientReply:client-A5BCC62C3543->912a7d3b-e3f1-4985-b06b-5f0a929b8060@group-3636E5E7603C, cid=2301, SUCCESS, logIndex=3294, commits[912a7d3b-e3f1-4985-b06b-5f0a929b8060:c3295]
2019-07-13 08:32:35,522 INFO  client.GrpcClientProtocolClient (GrpcClientProtocolClient.java:onNext(255)) - client-A5BCC62C3543->912a7d3b-e3f1-4985-b06b-5f0a929b8060: receive RaftClientReply:client-A5BCC62C3543->912a7d3b-e3f1-4985-b06b-5f0a929b8060@group-3636E5E7603C, cid=2302, SUCCESS, logIndex=3295, commits[912a7d3b-e3f1-4985-b06b-5f0a929b8060:c3295]
2019-07-13 08:32:35,523 INFO  client.GrpcClientProtocolClient (GrpcClientProtocolClient.java:onNext(255)) - client-A5BCC62C3543->912a7d3b-e3f1-4985-b06b-5f0a929b8060: receive RaftClientReply:client-A5BCC62C3543->912a7d3b-e3f1-4985-b06b-5f0a929b8060@group-3636E5E7603C, cid=2303, SUCCESS, logIndex=3296, commits[912a7d3b-e3f1-4985-b06b-5f0a929b8060:c3297]
2019-07-13 08:32:35,524 INFO  client.GrpcClientProtocolClient (GrpcClientProtocolClient.java:onNext(255)) - client-A5BCC62C3543->912a7d3b-e3f1-4985-b06b-5f0a929b8060: receive RaftClientReply:client-A5BCC62C3543->912a7d3b-e3f1-4985-b06b-5f0a929b8060@group-3636E5E7603C, cid=2304, SUCCESS, logIndex=3297, commits[912a7d3b-e3f1-4985-b06b-5f0a929b8060:c3297]
2019-07-13 08:32:35,554 INFO  client.GrpcClientProtocolClient (GrpcClientProtocolClient.java:onNext(255)) - client-A5BCC62C3543->912a7d3b-e3f1-4985-b06b-5f0a929b8060: receive RaftClientReply:client-A5BCC62C3543->912a7d3b-e3f1-4985-b06b-5f0a929b8060@group-3636E5E7603C, cid=2305, SUCCESS, logIndex=3300, commits[912a7d3b-e3f1-4985-b06b-5f0a929b8060:c3303]
2019-07-13 08:32:35,555 INFO  client.GrpcClientProtocolClient (GrpcClientProtocolClient.java:onNext(255)) - client-A5BCC62C3543->912a7d3b-e3f1-4985-b06b-5f0a929b8060: receive RaftClientReply:client-A5BCC62C3543->912a7d3b-e3f1-4985-b06b-5f0a929b8060@group-3636E5E7603C, cid=2306, SUCCESS, logIndex=3301, commits[912a7d3b-e3f1-4985-b06b-5f0a929b8060:c3304]
2019-07-13 08:32:35,555 INFO  client.GrpcClientProtocolClient (GrpcClientProtocolClient.java:onNext(255)) - client-A5BCC62C3543->912a7d3b-e3f1-4985-b06b-5f0a929b8060: receive RaftClientReply:client-A5BCC62C3543->912a7d3b-e3f1-4985-b06b-5f0a929b8060@group-3636E5E7603C, cid=2307, SUCCESS, logIndex=3302, commits[912a7d3b-e3f1-4985-b06b-5f0a929b8060:c3304]
2019-07-13 08:32:35,555 INFO  client.GrpcClientProtocolClient (GrpcClientProtocolClient.java:onNext(255)) - client-A5BCC62C3543->912a7d3b-e3f1-4985-b06b-5f0a929b8060: receive RaftClientReply:client-A5BCC62C3543->912a7d3b-e3f1-4985-b06b-5f0a929b8060@group-3636E5E7603C, cid=2308, SUCCESS, logIndex=3303, commits[912a7d3b-e3f1-4985-b06b-5f0a929b8060:c3304]
2019-07-13 08:32:35,560 DEBUG block.SCMBlockDeletingService (SCMBlockDeletingService.java:call(138)) - Running DeletedBlockTransactionScanner
2019-07-13 08:32:35,561 DEBUG block.SCMBlockDeletingService (SCMBlockDeletingService.java:call(155)) - Scanned deleted blocks log and got 0 delTX to process.
2019-07-13 08:32:35,574 INFO  client.GrpcClientProtocolClient (GrpcClientProtocolClient.java:onNext(255)) - client-A5BCC62C3543->912a7d3b-e3f1-4985-b06b-5f0a929b8060: receive RaftClientReply:client-A5BCC62C3543->912a7d3b-e3f1-4985-b06b-5f0a929b8060@group-3636E5E7603C, cid=2309, SUCCESS, logIndex=3305, commits[912a7d3b-e3f1-4985-b06b-5f0a929b8060:c3306]
2019-07-13 08:32:35,574 INFO  client.GrpcClientProtocolClient (GrpcClientProtocolClient.java:onNext(255)) - client-A5BCC62C3543->912a7d3b-e3f1-4985-b06b-5f0a929b8060: receive RaftClientReply:client-A5BCC62C3543->912a7d3b-e3f1-4985-b06b-5f0a929b8060@group-3636E5E7603C, cid=2310, SUCCESS, logIndex=3306, commits[912a7d3b-e3f1-4985-b06b-5f0a929b8060:c3308]
2019-07-13 08:32:35,574 INFO  client.GrpcClientProtocolClient (GrpcClientProtocolClient.java:onNext(255)) - client-A5BCC62C3543->912a7d3b-e3f1-4985-b06b-5f0a929b8060: receive RaftClientReply:client-A5BCC62C3543->912a7d3b-e3f1-4985-b06b-5f0a929b8060@group-3636E5E7603C, cid=2311, SUCCESS, logIndex=3307, commits[912a7d3b-e3f1-4985-b06b-5f0a929b8060:c3309]
2019-07-13 08:32:35,575 INFO  client.GrpcClientProtocolClient (GrpcClientProtocolClient.java:onNext(255)) - client-A5BCC62C3543->912a7d3b-e3f1-4985-b06b-5f0a929b8060: receive RaftClientReply:client-A5BCC62C3543->912a7d3b-e3f1-4985-b06b-5f0a929b8060@group-3636E5E7603C, cid=2312, SUCCESS, logIndex=3308, commits[912a7d3b-e3f1-4985-b06b-5f0a929b8060:c3309]
2019-07-13 08:32:35,604 INFO  client.GrpcClientProtocolClient (GrpcClientProtocolClient.java:onNext(255)) - client-A5BCC62C3543->912a7d3b-e3f1-4985-b06b-5f0a929b8060: receive RaftClientReply:client-A5BCC62C3543->912a7d3b-e3f1-4985-b06b-5f0a929b8060@group-3636E5E7603C, cid=2313, SUCCESS, logIndex=3311, commits[912a7d3b-e3f1-4985-b06b-5f0a929b8060:c3314]
2019-07-13 08:32:35,605 INFO  client.GrpcClientProtocolClient (GrpcClientProtocolClient.java:onNext(255)) - client-A5BCC62C3543->912a7d3b-e3f1-4985-b06b-5f0a929b8060: receive RaftClientReply:client-A5BCC62C3543->912a7d3b-e3f1-4985-b06b-5f0a929b8060@group-3636E5E7603C, cid=2314, SUCCESS, logIndex=3312, commits[912a7d3b-e3f1-4985-b06b-5f0a929b8060:c3314]
2019-07-13 08:32:35,605 INFO  client.GrpcClientProtocolClient (GrpcClientProtocolClient.java:onNext(255)) - client-A5BCC62C3543->912a7d3b-e3f1-4985-b06b-5f0a929b8060: receive RaftClientReply:client-A5BCC62C3543->912a7d3b-e3f1-4985-b06b-5f0a929b8060@group-3636E5E7603C, cid=2315, SUCCESS, logIndex=3313, commits[912a7d3b-e3f1-4985-b06b-5f0a929b8060:c3314]
2019-07-13 08:32:35,605 INFO  client.GrpcClientProtocolClient (GrpcClientProtocolClient.java:onNext(255)) - client-A5BCC62C3543->912a7d3b-e3f1-4985-b06b-5f0a929b8060: receive RaftClientReply:client-A5BCC62C3543->912a7d3b-e3f1-4985-b06b-5f0a929b8060@group-3636E5E7603C, cid=2316, SUCCESS, logIndex=3314, commits[912a7d3b-e3f1-4985-b06b-5f0a929b8060:c3314]
2019-07-13 08:32:35,624 INFO  client.GrpcClientProtocolClient (GrpcClientProtocolClient.java:onNext(255)) - client-A5BCC62C3543->912a7d3b-e3f1-4985-b06b-5f0a929b8060: receive RaftClientReply:client-A5BCC62C3543->912a7d3b-e3f1-4985-b06b-5f0a929b8060@group-3636E5E7603C, cid=2317, SUCCESS, logIndex=3316, commits[912a7d3b-e3f1-4985-b06b-5f0a929b8060:c3317]
2019-07-13 08:32:35,624 INFO  client.GrpcClientProtocolClient (GrpcClientProtocolClient.java:onNext(255)) - client-A5BCC62C3543->912a7d3b-e3f1-4985-b06b-5f0a929b8060: receive RaftClientReply:client-A5BCC62C3543->912a7d3b-e3f1-4985-b06b-5f0a929b8060@group-3636E5E7603C, cid=2318, SUCCESS, logIndex=3317, commits[912a7d3b-e3f1-4985-b06b-5f0a929b8060:c3317]
2019-07-13 08:32:35,626 INFO  client.GrpcClientProtocolClient (GrpcClientProtocolClient.java:onNext(255)) - client-A5BCC62C3543->912a7d3b-e3f1-4985-b06b-5f0a929b8060: receive RaftClientReply:client-A5BCC62C3543->912a7d3b-e3f1-4985-b06b-5f0a929b8060@group-3636E5E7603C, cid=2319, SUCCESS, logIndex=3318, commits[912a7d3b-e3f1-4985-b06b-5f0a929b8060:c3319]
2019-07-13 08:32:35,627 INFO  client.GrpcClientProtocolClient (GrpcClientProtocolClient.java:onNext(255)) - client-A5BCC62C3543->912a7d3b-e3f1-4985-b06b-5f0a929b8060: receive RaftClientReply:client-A5BCC62C3543->912a7d3b-e3f1-4985-b06b-5f0a929b8060@group-3636E5E7603C, cid=2320, SUCCESS, logIndex=3319, commits[912a7d3b-e3f1-4985-b06b-5f0a929b8060:c3319]
2019-07-13 08:32:35,661 DEBUG block.SCMBlockDeletingService (SCMBlockDeletingService.java:call(138)) - Running DeletedBlockTransactionScanner
2019-07-13 08:32:35,661 DEBUG block.SCMBlockDeletingService (SCMBlockDeletingService.java:call(155)) - Scanned deleted blocks log and got 0 delTX to process.
2019-07-13 08:32:35,671 INFO  client.GrpcClientProtocolClient (GrpcClientProtocolClient.java:onNext(255)) - client-A5BCC62C3543->912a7d3b-e3f1-4985-b06b-5f0a929b8060: receive RaftClientReply:client-A5BCC62C3543->912a7d3b-e3f1-4985-b06b-5f0a929b8060@group-3636E5E7603C, cid=2321, SUCCESS, logIndex=3322, commits[912a7d3b-e3f1-4985-b06b-5f0a929b8060:c3323]
2019-07-13 08:32:35,672 INFO  client.GrpcClientProtocolClient (GrpcClientProtocolClient.java:onNext(255)) - client-A5BCC62C3543->912a7d3b-e3f1-4985-b06b-5f0a929b8060: receive RaftClientReply:client-A5BCC62C3543->912a7d3b-e3f1-4985-b06b-5f0a929b8060@group-3636E5E7603C, cid=2322, SUCCESS, logIndex=3323, commits[912a7d3b-e3f1-4985-b06b-5f0a929b8060:c3325]
2019-07-13 08:32:35,672 INFO  client.GrpcClientProtocolClient (GrpcClientProtocolClient.java:onNext(255)) - client-A5BCC62C3543->912a7d3b-e3f1-4985-b06b-5f0a929b8060: receive RaftClientReply:client-A5BCC62C3543->912a7d3b-e3f1-4985-b06b-5f0a929b8060@group-3636E5E7603C, cid=2323, SUCCESS, logIndex=3324, commits[912a7d3b-e3f1-4985-b06b-5f0a929b8060:c3326]
2019-07-13 08:32:35,673 INFO  client.GrpcClientProtocolClient (GrpcClientProtocolClient.java:onNext(255)) - client-A5BCC62C3543->912a7d3b-e3f1-4985-b06b-5f0a929b8060: receive RaftClientReply:client-A5BCC62C3543->912a7d3b-e3f1-4985-b06b-5f0a929b8060@group-3636E5E7603C, cid=2324, SUCCESS, logIndex=3325, commits[912a7d3b-e3f1-4985-b06b-5f0a929b8060:c3327]
2019-07-13 08:32:35,694 INFO  client.GrpcClientProtocolClient (GrpcClientProtocolClient.java:onNext(255)) - client-A5BCC62C3543->912a7d3b-e3f1-4985-b06b-5f0a929b8060: receive RaftClientReply:client-A5BCC62C3543->912a7d3b-e3f1-4985-b06b-5f0a929b8060@group-3636E5E7603C, cid=2325, SUCCESS, logIndex=3328, commits[912a7d3b-e3f1-4985-b06b-5f0a929b8060:c3329]
2019-07-13 08:32:35,694 INFO  client.GrpcClientProtocolClient (GrpcClientProtocolClient.java:onNext(255)) - client-A5BCC62C3543->912a7d3b-e3f1-4985-b06b-5f0a929b8060: receive RaftClientReply:client-A5BCC62C3543->912a7d3b-e3f1-4985-b06b-5f0a929b8060@group-3636E5E7603C, cid=2326, SUCCESS, logIndex=3329, commits[912a7d3b-e3f1-4985-b06b-5f0a929b8060:c3329]
2019-07-13 08:32:35,696 INFO  client.GrpcClientProtocolClient (GrpcClientProtocolClient.java:onNext(255)) - client-A5BCC62C3543->912a7d3b-e3f1-4985-b06b-5f0a929b8060: receive RaftClientReply:client-A5BCC62C3543->912a7d3b-e3f1-4985-b06b-5f0a929b8060@group-3636E5E7603C, cid=2327, SUCCESS, logIndex=3330, commits[912a7d3b-e3f1-4985-b06b-5f0a929b8060:c3331]
2019-07-13 08:32:35,696 INFO  client.GrpcClientProtocolClient (GrpcClientProtocolClient.java:onNext(255)) - client-A5BCC62C3543->912a7d3b-e3f1-4985-b06b-5f0a929b8060: receive RaftClientReply:client-A5BCC62C3543->912a7d3b-e3f1-4985-b06b-5f0a929b8060@group-3636E5E7603C, cid=2328, SUCCESS, logIndex=3331, commits[912a7d3b-e3f1-4985-b06b-5f0a929b8060:c3331]
2019-07-13 08:32:35,728 INFO  client.GrpcClientProtocolClient (GrpcClientProtocolClient.java:onNext(255)) - client-A5BCC62C3543->912a7d3b-e3f1-4985-b06b-5f0a929b8060: receive RaftClientReply:client-A5BCC62C3543->912a7d3b-e3f1-4985-b06b-5f0a929b8060@group-3636E5E7603C, cid=2329, SUCCESS, logIndex=3334, commits[912a7d3b-e3f1-4985-b06b-5f0a929b8060:c3335]
2019-07-13 08:32:35,729 INFO  client.GrpcClientProtocolClient (GrpcClientProtocolClient.java:onNext(255)) - client-A5BCC62C3543->912a7d3b-e3f1-4985-b06b-5f0a929b8060: receive RaftClientReply:client-A5BCC62C3543->912a7d3b-e3f1-4985-b06b-5f0a929b8060@group-3636E5E7603C, cid=2330, SUCCESS, logIndex=3335, commits[912a7d3b-e3f1-4985-b06b-5f0a929b8060:c3337]
2019-07-13 08:32:35,729 INFO  client.GrpcClientProtocolClient (GrpcClientProtocolClient.java:onNext(255)) - client-A5BCC62C3543->912a7d3b-e3f1-4985-b06b-5f0a929b8060: receive RaftClientReply:client-A5BCC62C3543->912a7d3b-e3f1-4985-b06b-5f0a929b8060@group-3636E5E7603C, cid=2331, SUCCESS, logIndex=3336, commits[912a7d3b-e3f1-4985-b06b-5f0a929b8060:c3338]
2019-07-13 08:32:35,729 INFO  client.GrpcClientProtocolClient (GrpcClientProtocolClient.java:onNext(255)) - client-A5BCC62C3543->912a7d3b-e3f1-4985-b06b-5f0a929b8060: receive RaftClientReply:client-A5BCC62C3543->912a7d3b-e3f1-4985-b06b-5f0a929b8060@group-3636E5E7603C, cid=2332, SUCCESS, logIndex=3337, commits[912a7d3b-e3f1-4985-b06b-5f0a929b8060:c3339]
2019-07-13 08:32:35,750 INFO  client.GrpcClientProtocolClient (GrpcClientProtocolClient.java:onNext(255)) - client-A5BCC62C3543->912a7d3b-e3f1-4985-b06b-5f0a929b8060: receive RaftClientReply:client-A5BCC62C3543->912a7d3b-e3f1-4985-b06b-5f0a929b8060@group-3636E5E7603C, cid=2333, SUCCESS, logIndex=3340, commits[912a7d3b-e3f1-4985-b06b-5f0a929b8060:c3341]
2019-07-13 08:32:35,750 INFO  client.GrpcClientProtocolClient (GrpcClientProtocolClient.java:onNext(255)) - client-A5BCC62C3543->912a7d3b-e3f1-4985-b06b-5f0a929b8060: receive RaftClientReply:client-A5BCC62C3543->912a7d3b-e3f1-4985-b06b-5f0a929b8060@group-3636E5E7603C, cid=2334, SUCCESS, logIndex=3341, commits[912a7d3b-e3f1-4985-b06b-5f0a929b8060:c3341]
2019-07-13 08:32:35,752 INFO  client.GrpcClientProtocolClient (GrpcClientProtocolClient.java:onNext(255)) - client-A5BCC62C3543->912a7d3b-e3f1-4985-b06b-5f0a929b8060: receive RaftClientReply:client-A5BCC62C3543->912a7d3b-e3f1-4985-b06b-5f0a929b8060@group-3636E5E7603C, cid=2335, SUCCESS, logIndex=3342, commits[912a7d3b-e3f1-4985-b06b-5f0a929b8060:c3343]
2019-07-13 08:32:35,752 INFO  client.GrpcClientProtocolClient (GrpcClientProtocolClient.java:onNext(255)) - client-A5BCC62C3543->912a7d3b-e3f1-4985-b06b-5f0a929b8060: receive RaftClientReply:client-A5BCC62C3543->912a7d3b-e3f1-4985-b06b-5f0a929b8060@group-3636E5E7603C, cid=2336, SUCCESS, logIndex=3343, commits[912a7d3b-e3f1-4985-b06b-5f0a929b8060:c3343]
2019-07-13 08:32:35,762 DEBUG block.SCMBlockDeletingService (SCMBlockDeletingService.java:call(138)) - Running DeletedBlockTransactionScanner
2019-07-13 08:32:35,762 DEBUG block.SCMBlockDeletingService (SCMBlockDeletingService.java:call(155)) - Scanned deleted blocks log and got 0 delTX to process.
2019-07-13 08:32:35,783 INFO  client.GrpcClientProtocolClient (GrpcClientProtocolClient.java:onNext(255)) - client-A5BCC62C3543->912a7d3b-e3f1-4985-b06b-5f0a929b8060: receive RaftClientReply:client-A5BCC62C3543->912a7d3b-e3f1-4985-b06b-5f0a929b8060@group-3636E5E7603C, cid=2337, SUCCESS, logIndex=3346, commits[912a7d3b-e3f1-4985-b06b-5f0a929b8060:c3349]
2019-07-13 08:32:35,784 INFO  client.GrpcClientProtocolClient (GrpcClientProtocolClient.java:onNext(255)) - client-A5BCC62C3543->912a7d3b-e3f1-4985-b06b-5f0a929b8060: receive RaftClientReply:client-A5BCC62C3543->912a7d3b-e3f1-4985-b06b-5f0a929b8060@group-3636E5E7603C, cid=2338, SUCCESS, logIndex=3347, commits[912a7d3b-e3f1-4985-b06b-5f0a929b8060:c3349]
2019-07-13 08:32:35,784 INFO  client.GrpcClientProtocolClient (GrpcClientProtocolClient.java:onNext(255)) - client-A5BCC62C3543->912a7d3b-e3f1-4985-b06b-5f0a929b8060: receive RaftClientReply:client-A5BCC62C3543->912a7d3b-e3f1-4985-b06b-5f0a929b8060@group-3636E5E7603C, cid=2339, SUCCESS, logIndex=3348, commits[912a7d3b-e3f1-4985-b06b-5f0a929b8060:c3350]
2019-07-13 08:32:35,784 INFO  client.GrpcClientProtocolClient (GrpcClientProtocolClient.java:onNext(255)) - client-A5BCC62C3543->912a7d3b-e3f1-4985-b06b-5f0a929b8060: receive RaftClientReply:client-A5BCC62C3543->912a7d3b-e3f1-4985-b06b-5f0a929b8060@group-3636E5E7603C, cid=2340, SUCCESS, logIndex=3349, commits[912a7d3b-e3f1-4985-b06b-5f0a929b8060:c3351]
2019-07-13 08:32:35,808 INFO  client.GrpcClientProtocolClient (GrpcClientProtocolClient.java:onNext(255)) - client-A5BCC62C3543->912a7d3b-e3f1-4985-b06b-5f0a929b8060: receive RaftClientReply:client-A5BCC62C3543->912a7d3b-e3f1-4985-b06b-5f0a929b8060@group-3636E5E7603C, cid=2341, SUCCESS, logIndex=3352, commits[912a7d3b-e3f1-4985-b06b-5f0a929b8060:c3353]
2019-07-13 08:32:35,808 INFO  client.GrpcClientProtocolClient (GrpcClientProtocolClient.java:onNext(255)) - client-A5BCC62C3543->912a7d3b-e3f1-4985-b06b-5f0a929b8060: receive RaftClientReply:client-A5BCC62C3543->912a7d3b-e3f1-4985-b06b-5f0a929b8060@group-3636E5E7603C, cid=2342, SUCCESS, logIndex=3353, commits[912a7d3b-e3f1-4985-b06b-5f0a929b8060:c3354]
2019-07-13 08:32:35,862 DEBUG block.SCMBlockDeletingService (SCMBlockDeletingService.java:call(138)) - Running DeletedBlockTransactionScanner
2019-07-13 08:32:35,863 DEBUG block.SCMBlockDeletingService (SCMBlockDeletingService.java:call(155)) - Scanned deleted blocks log and got 0 delTX to process.
2019-07-13 08:32:35,913 INFO  client.GrpcClientProtocolClient (GrpcClientProtocolClient.java:onNext(255)) - client-A5BCC62C3543->912a7d3b-e3f1-4985-b06b-5f0a929b8060: receive RaftClientReply:client-A5BCC62C3543->912a7d3b-e3f1-4985-b06b-5f0a929b8060@group-3636E5E7603C, cid=2343, SUCCESS, logIndex=3355, commits[912a7d3b-e3f1-4985-b06b-5f0a929b8060:c3356]
2019-07-13 08:32:35,913 INFO  client.GrpcClientProtocolClient (GrpcClientProtocolClient.java:onNext(255)) - client-A5BCC62C3543->912a7d3b-e3f1-4985-b06b-5f0a929b8060: receive RaftClientReply:client-A5BCC62C3543->912a7d3b-e3f1-4985-b06b-5f0a929b8060@group-3636E5E7603C, cid=2344, SUCCESS, logIndex=3356, commits[912a7d3b-e3f1-4985-b06b-5f0a929b8060:c3357]
2019-07-13 08:32:35,941 INFO  client.GrpcClientProtocolClient (GrpcClientProtocolClient.java:onNext(255)) - client-A5BCC62C3543->912a7d3b-e3f1-4985-b06b-5f0a929b8060: receive RaftClientReply:client-A5BCC62C3543->912a7d3b-e3f1-4985-b06b-5f0a929b8060@group-3636E5E7603C, cid=2345, SUCCESS, logIndex=3358, commits[912a7d3b-e3f1-4985-b06b-5f0a929b8060:c3359]
2019-07-13 08:32:35,942 INFO  client.GrpcClientProtocolClient (GrpcClientProtocolClient.java:onNext(255)) - client-A5BCC62C3543->912a7d3b-e3f1-4985-b06b-5f0a929b8060: receive RaftClientReply:client-A5BCC62C3543->912a7d3b-e3f1-4985-b06b-5f0a929b8060@group-3636E5E7603C, cid=2346, SUCCESS, logIndex=3359, commits[912a7d3b-e3f1-4985-b06b-5f0a929b8060:c3361]
2019-07-13 08:32:35,942 INFO  client.GrpcClientProtocolClient (GrpcClientProtocolClient.java:onNext(255)) - client-A5BCC62C3543->912a7d3b-e3f1-4985-b06b-5f0a929b8060: receive RaftClientReply:client-A5BCC62C3543->912a7d3b-e3f1-4985-b06b-5f0a929b8060@group-3636E5E7603C, cid=2347, SUCCESS, logIndex=3360, commits[912a7d3b-e3f1-4985-b06b-5f0a929b8060:c3362]
2019-07-13 08:32:35,942 INFO  client.GrpcClientProtocolClient (GrpcClientProtocolClient.java:onNext(255)) - client-A5BCC62C3543->912a7d3b-e3f1-4985-b06b-5f0a929b8060: receive RaftClientReply:client-A5BCC62C3543->912a7d3b-e3f1-4985-b06b-5f0a929b8060@group-3636E5E7603C, cid=2348, SUCCESS, logIndex=3361, commits[912a7d3b-e3f1-4985-b06b-5f0a929b8060:c3363]
2019-07-13 08:32:36,017 DEBUG block.SCMBlockDeletingService (SCMBlockDeletingService.java:call(138)) - Running DeletedBlockTransactionScanner
2019-07-13 08:32:36,017 DEBUG block.SCMBlockDeletingService (SCMBlockDeletingService.java:call(155)) - Scanned deleted blocks log and got 0 delTX to process.
2019-07-13 08:32:36,032 INFO  client.GrpcClientProtocolClient (GrpcClientProtocolClient.java:onNext(255)) - client-A5BCC62C3543->912a7d3b-e3f1-4985-b06b-5f0a929b8060: receive RaftClientReply:client-A5BCC62C3543->912a7d3b-e3f1-4985-b06b-5f0a929b8060@group-3636E5E7603C, cid=2349, SUCCESS, logIndex=3364, commits[912a7d3b-e3f1-4985-b06b-5f0a929b8060:c3365]
2019-07-13 08:32:36,033 INFO  client.GrpcClientProtocolClient (GrpcClientProtocolClient.java:onNext(255)) - client-A5BCC62C3543->912a7d3b-e3f1-4985-b06b-5f0a929b8060: receive RaftClientReply:client-A5BCC62C3543->912a7d3b-e3f1-4985-b06b-5f0a929b8060@group-3636E5E7603C, cid=2350, SUCCESS, logIndex=3365, commits[912a7d3b-e3f1-4985-b06b-5f0a929b8060:c3367]
2019-07-13 08:32:36,033 INFO  client.GrpcClientProtocolClient (GrpcClientProtocolClient.java:onNext(255)) - client-A5BCC62C3543->912a7d3b-e3f1-4985-b06b-5f0a929b8060: receive RaftClientReply:client-A5BCC62C3543->912a7d3b-e3f1-4985-b06b-5f0a929b8060@group-3636E5E7603C, cid=2351, SUCCESS, logIndex=3366, commits[912a7d3b-e3f1-4985-b06b-5f0a929b8060:c3367]
2019-07-13 08:32:36,034 INFO  client.GrpcClientProtocolClient (GrpcClientProtocolClient.java:onNext(255)) - client-A5BCC62C3543->912a7d3b-e3f1-4985-b06b-5f0a929b8060: receive RaftClientReply:client-A5BCC62C3543->912a7d3b-e3f1-4985-b06b-5f0a929b8060@group-3636E5E7603C, cid=2352, SUCCESS, logIndex=3367, commits[912a7d3b-e3f1-4985-b06b-5f0a929b8060:c3367]
2019-07-13 08:32:36,063 INFO  client.GrpcClientProtocolClient (GrpcClientProtocolClient.java:onNext(255)) - client-A5BCC62C3543->912a7d3b-e3f1-4985-b06b-5f0a929b8060: receive RaftClientReply:client-A5BCC62C3543->912a7d3b-e3f1-4985-b06b-5f0a929b8060@group-3636E5E7603C, cid=2353, SUCCESS, logIndex=3370, commits[912a7d3b-e3f1-4985-b06b-5f0a929b8060:c3371]
2019-07-13 08:32:36,064 INFO  client.GrpcClientProtocolClient (GrpcClientProtocolClient.java:onNext(255)) - client-A5BCC62C3543->912a7d3b-e3f1-4985-b06b-5f0a929b8060: receive RaftClientReply:client-A5BCC62C3543->912a7d3b-e3f1-4985-b06b-5f0a929b8060@group-3636E5E7603C, cid=2354, SUCCESS, logIndex=3371, commits[912a7d3b-e3f1-4985-b06b-5f0a929b8060:c3373]
2019-07-13 08:32:36,064 INFO  client.GrpcClientProtocolClient (GrpcClientProtocolClient.java:onNext(255)) - client-A5BCC62C3543->912a7d3b-e3f1-4985-b06b-5f0a929b8060: receive RaftClientReply:client-A5BCC62C3543->912a7d3b-e3f1-4985-b06b-5f0a929b8060@group-3636E5E7603C, cid=2355, SUCCESS, logIndex=3372, commits[912a7d3b-e3f1-4985-b06b-5f0a929b8060:c3374]
2019-07-13 08:32:36,065 INFO  client.GrpcClientProtocolClient (GrpcClientProtocolClient.java:onNext(255)) - client-A5BCC62C3543->912a7d3b-e3f1-4985-b06b-5f0a929b8060: receive RaftClientReply:client-A5BCC62C3543->912a7d3b-e3f1-4985-b06b-5f0a929b8060@group-3636E5E7603C, cid=2356, SUCCESS, logIndex=3373, commits[912a7d3b-e3f1-4985-b06b-5f0a929b8060:c3374]
2019-07-13 08:32:36,085 INFO  client.GrpcClientProtocolClient (GrpcClientProtocolClient.java:onNext(255)) - client-A5BCC62C3543->912a7d3b-e3f1-4985-b06b-5f0a929b8060: receive RaftClientReply:client-A5BCC62C3543->912a7d3b-e3f1-4985-b06b-5f0a929b8060@group-3636E5E7603C, cid=2357, SUCCESS, logIndex=3376, commits[912a7d3b-e3f1-4985-b06b-5f0a929b8060:c3377]
2019-07-13 08:32:36,085 INFO  client.GrpcClientProtocolClient (GrpcClientProtocolClient.java:onNext(255)) - client-A5BCC62C3543->912a7d3b-e3f1-4985-b06b-5f0a929b8060: receive RaftClientReply:client-A5BCC62C3543->912a7d3b-e3f1-4985-b06b-5f0a929b8060@group-3636E5E7603C, cid=2358, SUCCESS, logIndex=3377, commits[912a7d3b-e3f1-4985-b06b-5f0a929b8060:c3377]
2019-07-13 08:32:36,087 INFO  client.GrpcClientProtocolClient (GrpcClientProtocolClient.java:onNext(255)) - client-A5BCC62C3543->912a7d3b-e3f1-4985-b06b-5f0a929b8060: receive RaftClientReply:client-A5BCC62C3543->912a7d3b-e3f1-4985-b06b-5f0a929b8060@group-3636E5E7603C, cid=2359, SUCCESS, logIndex=3378, commits[912a7d3b-e3f1-4985-b06b-5f0a929b8060:c3379]
2019-07-13 08:32:36,087 INFO  client.GrpcClientProtocolClient (GrpcClientProtocolClient.java:onNext(255)) - client-A5BCC62C3543->912a7d3b-e3f1-4985-b06b-5f0a929b8060: receive RaftClientReply:client-A5BCC62C3543->912a7d3b-e3f1-4985-b06b-5f0a929b8060@group-3636E5E7603C, cid=2360, SUCCESS, logIndex=3379, commits[912a7d3b-e3f1-4985-b06b-5f0a929b8060:c3379]
2019-07-13 08:32:36,116 INFO  client.GrpcClientProtocolClient (GrpcClientProtocolClient.java:onNext(255)) - client-A5BCC62C3543->912a7d3b-e3f1-4985-b06b-5f0a929b8060: receive RaftClientReply:client-A5BCC62C3543->912a7d3b-e3f1-4985-b06b-5f0a929b8060@group-3636E5E7603C, cid=2361, SUCCESS, logIndex=3382, commits[912a7d3b-e3f1-4985-b06b-5f0a929b8060:c3383]
2019-07-13 08:32:36,116 INFO  client.GrpcClientProtocolClient (GrpcClientProtocolClient.java:onNext(255)) - client-A5BCC62C3543->912a7d3b-e3f1-4985-b06b-5f0a929b8060: receive RaftClientReply:client-A5BCC62C3543->912a7d3b-e3f1-4985-b06b-5f0a929b8060@group-3636E5E7603C, cid=2362, SUCCESS, logIndex=3383, commits[912a7d3b-e3f1-4985-b06b-5f0a929b8060:c3385]
2019-07-13 08:32:36,117 INFO  client.GrpcClientProtocolClient (GrpcClientProtocolClient.java:onNext(255)) - client-A5BCC62C3543->912a7d3b-e3f1-4985-b06b-5f0a929b8060: receive RaftClientReply:client-A5BCC62C3543->912a7d3b-e3f1-4985-b06b-5f0a929b8060@group-3636E5E7603C, cid=2363, SUCCESS, logIndex=3384, commits[912a7d3b-e3f1-4985-b06b-5f0a929b8060:c3386]
2019-07-13 08:32:36,117 INFO  client.GrpcClientProtocolClient (GrpcClientProtocolClient.java:onNext(255)) - client-A5BCC62C3543->912a7d3b-e3f1-4985-b06b-5f0a929b8060: receive RaftClientReply:client-A5BCC62C3543->912a7d3b-e3f1-4985-b06b-5f0a929b8060@group-3636E5E7603C, cid=2364, SUCCESS, logIndex=3385, commits[912a7d3b-e3f1-4985-b06b-5f0a929b8060:c3386]
2019-07-13 08:32:36,118 DEBUG block.SCMBlockDeletingService (SCMBlockDeletingService.java:call(138)) - Running DeletedBlockTransactionScanner
2019-07-13 08:32:36,118 DEBUG block.SCMBlockDeletingService (SCMBlockDeletingService.java:call(155)) - Scanned deleted blocks log and got 0 delTX to process.
2019-07-13 08:32:36,139 INFO  client.GrpcClientProtocolClient (GrpcClientProtocolClient.java:onNext(255)) - client-A5BCC62C3543->912a7d3b-e3f1-4985-b06b-5f0a929b8060: receive RaftClientReply:client-A5BCC62C3543->912a7d3b-e3f1-4985-b06b-5f0a929b8060@group-3636E5E7603C, cid=2365, SUCCESS, logIndex=3388, commits[912a7d3b-e3f1-4985-b06b-5f0a929b8060:c3391]
2019-07-13 08:32:36,139 INFO  client.GrpcClientProtocolClient (GrpcClientProtocolClient.java:onNext(255)) - client-A5BCC62C3543->912a7d3b-e3f1-4985-b06b-5f0a929b8060: receive RaftClientReply:client-A5BCC62C3543->912a7d3b-e3f1-4985-b06b-5f0a929b8060@group-3636E5E7603C, cid=2366, SUCCESS, logIndex=3389, commits[912a7d3b-e3f1-4985-b06b-5f0a929b8060:c3392]
2019-07-13 08:32:36,140 INFO  client.GrpcClientProtocolClient (GrpcClientProtocolClient.java:onNext(255)) - client-A5BCC62C3543->912a7d3b-e3f1-4985-b06b-5f0a929b8060: receive RaftClientReply:client-A5BCC62C3543->912a7d3b-e3f1-4985-b06b-5f0a929b8060@group-3636E5E7603C, cid=2367, SUCCESS, logIndex=3390, commits[912a7d3b-e3f1-4985-b06b-5f0a929b8060:c3392]
2019-07-13 08:32:36,140 INFO  client.GrpcClientProtocolClient (GrpcClientProtocolClient.java:onNext(255)) - client-A5BCC62C3543->912a7d3b-e3f1-4985-b06b-5f0a929b8060: receive RaftClientReply:client-A5BCC62C3543->912a7d3b-e3f1-4985-b06b-5f0a929b8060@group-3636E5E7603C, cid=2368, SUCCESS, logIndex=3391, commits[912a7d3b-e3f1-4985-b06b-5f0a929b8060:c3392]
2019-07-13 08:32:36,168 INFO  client.GrpcClientProtocolClient (GrpcClientProtocolClient.java:onNext(255)) - client-A5BCC62C3543->912a7d3b-e3f1-4985-b06b-5f0a929b8060: receive RaftClientReply:client-A5BCC62C3543->912a7d3b-e3f1-4985-b06b-5f0a929b8060@group-3636E5E7603C, cid=2369, SUCCESS, logIndex=3393, commits[912a7d3b-e3f1-4985-b06b-5f0a929b8060:c3394]
2019-07-13 08:32:36,168 INFO  client.GrpcClientProtocolClient (GrpcClientProtocolClient.java:onNext(255)) - client-A5BCC62C3543->912a7d3b-e3f1-4985-b06b-5f0a929b8060: receive RaftClientReply:client-A5BCC62C3543->912a7d3b-e3f1-4985-b06b-5f0a929b8060@group-3636E5E7603C, cid=2370, SUCCESS, logIndex=3394, commits[912a7d3b-e3f1-4985-b06b-5f0a929b8060:c3394]
2019-07-13 08:32:36,170 INFO  client.GrpcClientProtocolClient (GrpcClientProtocolClient.java:onNext(255)) - client-A5BCC62C3543->912a7d3b-e3f1-4985-b06b-5f0a929b8060: receive RaftClientReply:client-A5BCC62C3543->912a7d3b-e3f1-4985-b06b-5f0a929b8060@group-3636E5E7603C, cid=2371, SUCCESS, logIndex=3395, commits[912a7d3b-e3f1-4985-b06b-5f0a929b8060:c3396]
2019-07-13 08:32:36,170 INFO  client.GrpcClientProtocolClient (GrpcClientProtocolClient.java:onNext(255)) - client-A5BCC62C3543->912a7d3b-e3f1-4985-b06b-5f0a929b8060: receive RaftClientReply:client-A5BCC62C3543->912a7d3b-e3f1-4985-b06b-5f0a929b8060@group-3636E5E7603C, cid=2372, SUCCESS, logIndex=3396, commits[912a7d3b-e3f1-4985-b06b-5f0a929b8060:c3396]
2019-07-13 08:32:36,183 INFO  client.GrpcClientProtocolClient (GrpcClientProtocolClient.java:onNext(255)) - client-A5BCC62C3543->912a7d3b-e3f1-4985-b06b-5f0a929b8060: receive RaftClientReply:client-A5BCC62C3543->912a7d3b-e3f1-4985-b06b-5f0a929b8060@group-3636E5E7603C, cid=2373, SUCCESS, logIndex=3399, commits[912a7d3b-e3f1-4985-b06b-5f0a929b8060:c3402]
2019-07-13 08:32:36,184 INFO  client.GrpcClientProtocolClient (GrpcClientProtocolClient.java:onNext(255)) - client-A5BCC62C3543->912a7d3b-e3f1-4985-b06b-5f0a929b8060: receive RaftClientReply:client-A5BCC62C3543->912a7d3b-e3f1-4985-b06b-5f0a929b8060@group-3636E5E7603C, cid=2374, SUCCESS, logIndex=3400, commits[912a7d3b-e3f1-4985-b06b-5f0a929b8060:c3402]
2019-07-13 08:32:36,184 INFO  client.GrpcClientProtocolClient (GrpcClientProtocolClient.java:onNext(255)) - client-A5BCC62C3543->912a7d3b-e3f1-4985-b06b-5f0a929b8060: receive RaftClientReply:client-A5BCC62C3543->912a7d3b-e3f1-4985-b06b-5f0a929b8060@group-3636E5E7603C, cid=2375, SUCCESS, logIndex=3401, commits[912a7d3b-e3f1-4985-b06b-5f0a929b8060:c3402]
2019-07-13 08:32:36,184 INFO  client.GrpcClientProtocolClient (GrpcClientProtocolClient.java:onNext(255)) - client-A5BCC62C3543->912a7d3b-e3f1-4985-b06b-5f0a929b8060: receive RaftClientReply:client-A5BCC62C3543->912a7d3b-e3f1-4985-b06b-5f0a929b8060@group-3636E5E7603C, cid=2376, SUCCESS, logIndex=3402, commits[912a7d3b-e3f1-4985-b06b-5f0a929b8060:c3402]
2019-07-13 08:32:36,215 INFO  client.GrpcClientProtocolClient (GrpcClientProtocolClient.java:onNext(255)) - client-A5BCC62C3543->912a7d3b-e3f1-4985-b06b-5f0a929b8060: receive RaftClientReply:client-A5BCC62C3543->912a7d3b-e3f1-4985-b06b-5f0a929b8060@group-3636E5E7603C, cid=2377, SUCCESS, logIndex=3404, commits[912a7d3b-e3f1-4985-b06b-5f0a929b8060:c3405]
2019-07-13 08:32:36,216 INFO  client.GrpcClientProtocolClient (GrpcClientProtocolClient.java:onNext(255)) - client-A5BCC62C3543->912a7d3b-e3f1-4985-b06b-5f0a929b8060: receive RaftClientReply:client-A5BCC62C3543->912a7d3b-e3f1-4985-b06b-5f0a929b8060@group-3636E5E7603C, cid=2378, SUCCESS, logIndex=3405, commits[912a7d3b-e3f1-4985-b06b-5f0a929b8060:c3407]
2019-07-13 08:32:36,216 INFO  client.GrpcClientProtocolClient (GrpcClientProtocolClient.java:onNext(255)) - client-A5BCC62C3543->912a7d3b-e3f1-4985-b06b-5f0a929b8060: receive RaftClientReply:client-A5BCC62C3543->912a7d3b-e3f1-4985-b06b-5f0a929b8060@group-3636E5E7603C, cid=2379, SUCCESS, logIndex=3406, commits[912a7d3b-e3f1-4985-b06b-5f0a929b8060:c3407]
2019-07-13 08:32:36,216 INFO  client.GrpcClientProtocolClient (GrpcClientProtocolClient.java:onNext(255)) - client-A5BCC62C3543->912a7d3b-e3f1-4985-b06b-5f0a929b8060: receive RaftClientReply:client-A5BCC62C3543->912a7d3b-e3f1-4985-b06b-5f0a929b8060@group-3636E5E7603C, cid=2380, SUCCESS, logIndex=3407, commits[912a7d3b-e3f1-4985-b06b-5f0a929b8060:c3407]
2019-07-13 08:32:36,219 DEBUG block.SCMBlockDeletingService (SCMBlockDeletingService.java:call(138)) - Running DeletedBlockTransactionScanner
2019-07-13 08:32:36,219 DEBUG block.SCMBlockDeletingService (SCMBlockDeletingService.java:call(155)) - Scanned deleted blocks log and got 0 delTX to process.
2019-07-13 08:32:36,226 INFO  client.GrpcClientProtocolClient (GrpcClientProtocolClient.java:onNext(255)) - client-A5BCC62C3543->912a7d3b-e3f1-4985-b06b-5f0a929b8060: receive RaftClientReply:client-A5BCC62C3543->912a7d3b-e3f1-4985-b06b-5f0a929b8060@group-3636E5E7603C, cid=2381, SUCCESS, logIndex=3410, commits[912a7d3b-e3f1-4985-b06b-5f0a929b8060:c3411]
2019-07-13 08:32:36,227 INFO  client.GrpcClientProtocolClient (GrpcClientProtocolClient.java:onNext(255)) - client-A5BCC62C3543->912a7d3b-e3f1-4985-b06b-5f0a929b8060: receive RaftClientReply:client-A5BCC62C3543->912a7d3b-e3f1-4985-b06b-5f0a929b8060@group-3636E5E7603C, cid=2382, SUCCESS, logIndex=3411, commits[912a7d3b-e3f1-4985-b06b-5f0a929b8060:c3411]
2019-07-13 08:32:36,239 INFO  client.GrpcClientProtocolClient (GrpcClientProtocolClient.java:onNext(255)) - client-A5BCC62C3543->912a7d3b-e3f1-4985-b06b-5f0a929b8060: receive RaftClientReply:client-A5BCC62C3543->912a7d3b-e3f1-4985-b06b-5f0a929b8060@group-3636E5E7603C, cid=2383, SUCCESS, logIndex=3412, commits[912a7d3b-e3f1-4985-b06b-5f0a929b8060:c3414]
2019-07-13 08:32:36,239 INFO  client.GrpcClientProtocolClient (GrpcClientProtocolClient.java:onNext(255)) - client-A5BCC62C3543->912a7d3b-e3f1-4985-b06b-5f0a929b8060: receive RaftClientReply:client-A5BCC62C3543->912a7d3b-e3f1-4985-b06b-5f0a929b8060@group-3636E5E7603C, cid=2384, SUCCESS, logIndex=3413, commits[912a7d3b-e3f1-4985-b06b-5f0a929b8060:c3414]
2019-07-13 08:32:36,272 INFO  client.GrpcClientProtocolClient (GrpcClientProtocolClient.java:onNext(255)) - client-A5BCC62C3543->912a7d3b-e3f1-4985-b06b-5f0a929b8060: receive RaftClientReply:client-A5BCC62C3543->912a7d3b-e3f1-4985-b06b-5f0a929b8060@group-3636E5E7603C, cid=2385, SUCCESS, logIndex=3415, commits[912a7d3b-e3f1-4985-b06b-5f0a929b8060:c3416]
2019-07-13 08:32:36,273 INFO  client.GrpcClientProtocolClient (GrpcClientProtocolClient.java:onNext(255)) - client-A5BCC62C3543->912a7d3b-e3f1-4985-b06b-5f0a929b8060: receive RaftClientReply:client-A5BCC62C3543->912a7d3b-e3f1-4985-b06b-5f0a929b8060@group-3636E5E7603C, cid=2386, SUCCESS, logIndex=3416, commits[912a7d3b-e3f1-4985-b06b-5f0a929b8060:c3416]
2019-07-13 08:32:36,319 DEBUG block.SCMBlockDeletingService (SCMBlockDeletingService.java:call(138)) - Running DeletedBlockTransactionScanner
2019-07-13 08:32:36,320 DEBUG block.SCMBlockDeletingService (SCMBlockDeletingService.java:call(155)) - Scanned deleted blocks log and got 0 delTX to process.
2019-07-13 08:32:36,384 INFO  client.GrpcClientProtocolClient (GrpcClientProtocolClient.java:onNext(255)) - client-A5BCC62C3543->912a7d3b-e3f1-4985-b06b-5f0a929b8060: receive RaftClientReply:client-A5BCC62C3543->912a7d3b-e3f1-4985-b06b-5f0a929b8060@group-3636E5E7603C, cid=2387, SUCCESS, logIndex=3418, commits[912a7d3b-e3f1-4985-b06b-5f0a929b8060:c3419]
2019-07-13 08:32:36,385 INFO  client.GrpcClientProtocolClient (GrpcClientProtocolClient.java:onNext(255)) - client-A5BCC62C3543->912a7d3b-e3f1-4985-b06b-5f0a929b8060: receive RaftClientReply:client-A5BCC62C3543->912a7d3b-e3f1-4985-b06b-5f0a929b8060@group-3636E5E7603C, cid=2388, SUCCESS, logIndex=3419, commits[912a7d3b-e3f1-4985-b06b-5f0a929b8060:c3420]
2019-07-13 08:32:36,404 INFO  client.GrpcClientProtocolClient (GrpcClientProtocolClient.java:onNext(255)) - client-A5BCC62C3543->912a7d3b-e3f1-4985-b06b-5f0a929b8060: receive RaftClientReply:client-A5BCC62C3543->912a7d3b-e3f1-4985-b06b-5f0a929b8060@group-3636E5E7603C, cid=2389, SUCCESS, logIndex=3421, commits[912a7d3b-e3f1-4985-b06b-5f0a929b8060:c3422]
2019-07-13 08:32:36,404 INFO  client.GrpcClientProtocolClient (GrpcClientProtocolClient.java:onNext(255)) - client-A5BCC62C3543->912a7d3b-e3f1-4985-b06b-5f0a929b8060: receive RaftClientReply:client-A5BCC62C3543->912a7d3b-e3f1-4985-b06b-5f0a929b8060@group-3636E5E7603C, cid=2390, SUCCESS, logIndex=3422, commits[912a7d3b-e3f1-4985-b06b-5f0a929b8060:c3422]
2019-07-13 08:32:36,406 INFO  client.GrpcClientProtocolClient (GrpcClientProtocolClient.java:onNext(255)) - client-A5BCC62C3543->912a7d3b-e3f1-4985-b06b-5f0a929b8060: receive RaftClientReply:client-A5BCC62C3543->912a7d3b-e3f1-4985-b06b-5f0a929b8060@group-3636E5E7603C, cid=2391, SUCCESS, logIndex=3423, commits[912a7d3b-e3f1-4985-b06b-5f0a929b8060:c3424]
2019-07-13 08:32:36,407 INFO  client.GrpcClientProtocolClient (GrpcClientProtocolClient.java:onNext(255)) - client-A5BCC62C3543->912a7d3b-e3f1-4985-b06b-5f0a929b8060: receive RaftClientReply:client-A5BCC62C3543->912a7d3b-e3f1-4985-b06b-5f0a929b8060@group-3636E5E7603C, cid=2392, SUCCESS, logIndex=3424, commits[912a7d3b-e3f1-4985-b06b-5f0a929b8060:c3424]
2019-07-13 08:32:36,420 DEBUG block.SCMBlockDeletingService (SCMBlockDeletingService.java:call(138)) - Running DeletedBlockTransactionScanner
2019-07-13 08:32:36,420 DEBUG block.SCMBlockDeletingService (SCMBlockDeletingService.java:call(155)) - Scanned deleted blocks log and got 0 delTX to process.
2019-07-13 08:32:36,435 INFO  client.GrpcClientProtocolClient (GrpcClientProtocolClient.java:onNext(255)) - client-A5BCC62C3543->912a7d3b-e3f1-4985-b06b-5f0a929b8060: receive RaftClientReply:client-A5BCC62C3543->912a7d3b-e3f1-4985-b06b-5f0a929b8060@group-3636E5E7603C, cid=2393, SUCCESS, logIndex=3427, commits[912a7d3b-e3f1-4985-b06b-5f0a929b8060:c3428]
2019-07-13 08:32:36,436 INFO  client.GrpcClientProtocolClient (GrpcClientProtocolClient.java:onNext(255)) - client-A5BCC62C3543->912a7d3b-e3f1-4985-b06b-5f0a929b8060: receive RaftClientReply:client-A5BCC62C3543->912a7d3b-e3f1-4985-b06b-5f0a929b8060@group-3636E5E7603C, cid=2394, SUCCESS, logIndex=3428, commits[912a7d3b-e3f1-4985-b06b-5f0a929b8060:c3430]
2019-07-13 08:32:36,436 INFO  client.GrpcClientProtocolClient (GrpcClientProtocolClient.java:onNext(255)) - client-A5BCC62C3543->912a7d3b-e3f1-4985-b06b-5f0a929b8060: receive RaftClientReply:client-A5BCC62C3543->912a7d3b-e3f1-4985-b06b-5f0a929b8060@group-3636E5E7603C, cid=2395, SUCCESS, logIndex=3429, commits[912a7d3b-e3f1-4985-b06b-5f0a929b8060:c3431]
2019-07-13 08:32:36,437 INFO  client.GrpcClientProtocolClient (GrpcClientProtocolClient.java:onNext(255)) - client-A5BCC62C3543->912a7d3b-e3f1-4985-b06b-5f0a929b8060: receive RaftClientReply:client-A5BCC62C3543->912a7d3b-e3f1-4985-b06b-5f0a929b8060@group-3636E5E7603C, cid=2396, SUCCESS, logIndex=3430, commits[912a7d3b-e3f1-4985-b06b-5f0a929b8060:c3432]
2019-07-13 08:32:36,456 INFO  client.GrpcClientProtocolClient (GrpcClientProtocolClient.java:onNext(255)) - client-A5BCC62C3543->912a7d3b-e3f1-4985-b06b-5f0a929b8060: receive RaftClientReply:client-A5BCC62C3543->912a7d3b-e3f1-4985-b06b-5f0a929b8060@group-3636E5E7603C, cid=2397, SUCCESS, logIndex=3433, commits[912a7d3b-e3f1-4985-b06b-5f0a929b8060:c3434]
2019-07-13 08:32:36,457 INFO  client.GrpcClientProtocolClient (GrpcClientProtocolClient.java:onNext(255)) - client-A5BCC62C3543->912a7d3b-e3f1-4985-b06b-5f0a929b8060: receive RaftClientReply:client-A5BCC62C3543->912a7d3b-e3f1-4985-b06b-5f0a929b8060@group-3636E5E7603C, cid=2398, SUCCESS, logIndex=3434, commits[912a7d3b-e3f1-4985-b06b-5f0a929b8060:c3434]
2019-07-13 08:32:36,458 INFO  client.GrpcClientProtocolClient (GrpcClientProtocolClient.java:onNext(255)) - client-A5BCC62C3543->912a7d3b-e3f1-4985-b06b-5f0a929b8060: receive RaftClientReply:client-A5BCC62C3543->912a7d3b-e3f1-4985-b06b-5f0a929b8060@group-3636E5E7603C, cid=2399, SUCCESS, logIndex=3435, commits[912a7d3b-e3f1-4985-b06b-5f0a929b8060:c3436]
2019-07-13 08:32:36,459 INFO  client.GrpcClientProtocolClient (GrpcClientProtocolClient.java:onNext(255)) - client-A5BCC62C3543->912a7d3b-e3f1-4985-b06b-5f0a929b8060: receive RaftClientReply:client-A5BCC62C3543->912a7d3b-e3f1-4985-b06b-5f0a929b8060@group-3636E5E7603C, cid=2400, SUCCESS, logIndex=3436, commits[912a7d3b-e3f1-4985-b06b-5f0a929b8060:c3436]
2019-07-13 08:32:36,487 INFO  client.GrpcClientProtocolClient (GrpcClientProtocolClient.java:onNext(255)) - client-A5BCC62C3543->912a7d3b-e3f1-4985-b06b-5f0a929b8060: receive RaftClientReply:client-A5BCC62C3543->912a7d3b-e3f1-4985-b06b-5f0a929b8060@group-3636E5E7603C, cid=2401, SUCCESS, logIndex=3439, commits[912a7d3b-e3f1-4985-b06b-5f0a929b8060:c3442]
2019-07-13 08:32:36,488 INFO  client.GrpcClientProtocolClient (GrpcClientProtocolClient.java:onNext(255)) - client-A5BCC62C3543->912a7d3b-e3f1-4985-b06b-5f0a929b8060: receive RaftClientReply:client-A5BCC62C3543->912a7d3b-e3f1-4985-b06b-5f0a929b8060@group-3636E5E7603C, cid=2402, SUCCESS, logIndex=3440, commits[912a7d3b-e3f1-4985-b06b-5f0a929b8060:c3442]
2019-07-13 08:32:36,488 INFO  client.GrpcClientProtocolClient (GrpcClientProtocolClient.java:onNext(255)) - client-A5BCC62C3543->912a7d3b-e3f1-4985-b06b-5f0a929b8060: receive RaftClientReply:client-A5BCC62C3543->912a7d3b-e3f1-4985-b06b-5f0a929b8060@group-3636E5E7603C, cid=2403, SUCCESS, logIndex=3441, commits[912a7d3b-e3f1-4985-b06b-5f0a929b8060:c3443]
2019-07-13 08:32:36,488 INFO  client.GrpcClientProtocolClient (GrpcClientProtocolClient.java:onNext(255)) - client-A5BCC62C3543->912a7d3b-e3f1-4985-b06b-5f0a929b8060: receive RaftClientReply:client-A5BCC62C3543->912a7d3b-e3f1-4985-b06b-5f0a929b8060@group-3636E5E7603C, cid=2404, SUCCESS, logIndex=3442, commits[912a7d3b-e3f1-4985-b06b-5f0a929b8060:c3443]
2019-07-13 08:32:36,508 INFO  client.GrpcClientProtocolClient (GrpcClientProtocolClient.java:onNext(255)) - client-A5BCC62C3543->912a7d3b-e3f1-4985-b06b-5f0a929b8060: receive RaftClientReply:client-A5BCC62C3543->912a7d3b-e3f1-4985-b06b-5f0a929b8060@group-3636E5E7603C, cid=2405, SUCCESS, logIndex=3445, commits[912a7d3b-e3f1-4985-b06b-5f0a929b8060:c3446]
2019-07-13 08:32:36,509 INFO  client.GrpcClientProtocolClient (GrpcClientProtocolClient.java:onNext(255)) - client-A5BCC62C3543->912a7d3b-e3f1-4985-b06b-5f0a929b8060: receive RaftClientReply:client-A5BCC62C3543->912a7d3b-e3f1-4985-b06b-5f0a929b8060@group-3636E5E7603C, cid=2406, SUCCESS, logIndex=3446, commits[912a7d3b-e3f1-4985-b06b-5f0a929b8060:c3446]
2019-07-13 08:32:36,511 INFO  client.GrpcClientProtocolClient (GrpcClientProtocolClient.java:onNext(255)) - client-A5BCC62C3543->912a7d3b-e3f1-4985-b06b-5f0a929b8060: receive RaftClientReply:client-A5BCC62C3543->912a7d3b-e3f1-4985-b06b-5f0a929b8060@group-3636E5E7603C, cid=2407, SUCCESS, logIndex=3447, commits[912a7d3b-e3f1-4985-b06b-5f0a929b8060:c3448]
2019-07-13 08:32:36,511 INFO  client.GrpcClientProtocolClient (GrpcClientProtocolClient.java:onNext(255)) - client-A5BCC62C3543->912a7d3b-e3f1-4985-b06b-5f0a929b8060: receive RaftClientReply:client-A5BCC62C3543->912a7d3b-e3f1-4985-b06b-5f0a929b8060@group-3636E5E7603C, cid=2408, SUCCESS, logIndex=3448, commits[912a7d3b-e3f1-4985-b06b-5f0a929b8060:c3448]
2019-07-13 08:32:36,521 DEBUG block.SCMBlockDeletingService (SCMBlockDeletingService.java:call(138)) - Running DeletedBlockTransactionScanner
2019-07-13 08:32:36,521 DEBUG block.SCMBlockDeletingService (SCMBlockDeletingService.java:call(155)) - Scanned deleted blocks log and got 0 delTX to process.
2019-07-13 08:32:36,541 INFO  client.GrpcClientProtocolClient (GrpcClientProtocolClient.java:onNext(255)) - client-A5BCC62C3543->912a7d3b-e3f1-4985-b06b-5f0a929b8060: receive RaftClientReply:client-A5BCC62C3543->912a7d3b-e3f1-4985-b06b-5f0a929b8060@group-3636E5E7603C, cid=2409, SUCCESS, logIndex=3451, commits[912a7d3b-e3f1-4985-b06b-5f0a929b8060:c3454]
2019-07-13 08:32:36,542 INFO  client.GrpcClientProtocolClient (GrpcClientProtocolClient.java:onNext(255)) - client-A5BCC62C3543->912a7d3b-e3f1-4985-b06b-5f0a929b8060: receive RaftClientReply:client-A5BCC62C3543->912a7d3b-e3f1-4985-b06b-5f0a929b8060@group-3636E5E7603C, cid=2410, SUCCESS, logIndex=3452, commits[912a7d3b-e3f1-4985-b06b-5f0a929b8060:c3455]
2019-07-13 08:32:36,543 INFO  client.GrpcClientProtocolClient (GrpcClientProtocolClient.java:onNext(255)) - client-A5BCC62C3543->912a7d3b-e3f1-4985-b06b-5f0a929b8060: receive RaftClientReply:client-A5BCC62C3543->912a7d3b-e3f1-4985-b06b-5f0a929b8060@group-3636E5E7603C, cid=2411, SUCCESS, logIndex=3453, commits[912a7d3b-e3f1-4985-b06b-5f0a929b8060:c3456]
2019-07-13 08:32:36,543 INFO  client.GrpcClientProtocolClient (GrpcClientProtocolClient.java:onNext(255)) - client-A5BCC62C3543->912a7d3b-e3f1-4985-b06b-5f0a929b8060: receive RaftClientReply:client-A5BCC62C3543->912a7d3b-e3f1-4985-b06b-5f0a929b8060@group-3636E5E7603C, cid=2412, SUCCESS, logIndex=3454, commits[912a7d3b-e3f1-4985-b06b-5f0a929b8060:c3456]
2019-07-13 08:32:36,563 INFO  client.GrpcClientProtocolClient (GrpcClientProtocolClient.java:onNext(255)) - client-A5BCC62C3543->912a7d3b-e3f1-4985-b06b-5f0a929b8060: receive RaftClientReply:client-A5BCC62C3543->912a7d3b-e3f1-4985-b06b-5f0a929b8060@group-3636E5E7603C, cid=2413, SUCCESS, logIndex=3457, commits[912a7d3b-e3f1-4985-b06b-5f0a929b8060:c3458]
2019-07-13 08:32:36,564 INFO  client.GrpcClientProtocolClient (GrpcClientProtocolClient.java:onNext(255)) - client-A5BCC62C3543->912a7d3b-e3f1-4985-b06b-5f0a929b8060: receive RaftClientReply:client-A5BCC62C3543->912a7d3b-e3f1-4985-b06b-5f0a929b8060@group-3636E5E7603C, cid=2414, SUCCESS, logIndex=3458, commits[912a7d3b-e3f1-4985-b06b-5f0a929b8060:c3460]
2019-07-13 08:32:36,564 INFO  client.GrpcClientProtocolClient (GrpcClientProtocolClient.java:onNext(255)) - client-A5BCC62C3543->912a7d3b-e3f1-4985-b06b-5f0a929b8060: receive RaftClientReply:client-A5BCC62C3543->912a7d3b-e3f1-4985-b06b-5f0a929b8060@group-3636E5E7603C, cid=2415, SUCCESS, logIndex=3459, commits[912a7d3b-e3f1-4985-b06b-5f0a929b8060:c3461]
2019-07-13 08:32:36,564 INFO  client.GrpcClientProtocolClient (GrpcClientProtocolClient.java:onNext(255)) - client-A5BCC62C3543->912a7d3b-e3f1-4985-b06b-5f0a929b8060: receive RaftClientReply:client-A5BCC62C3543->912a7d3b-e3f1-4985-b06b-5f0a929b8060@group-3636E5E7603C, cid=2416, SUCCESS, logIndex=3460, commits[912a7d3b-e3f1-4985-b06b-5f0a929b8060:c3461]
2019-07-13 08:32:36,595 INFO  client.GrpcClientProtocolClient (GrpcClientProtocolClient.java:onNext(255)) - client-A5BCC62C3543->912a7d3b-e3f1-4985-b06b-5f0a929b8060: receive RaftClientReply:client-A5BCC62C3543->912a7d3b-e3f1-4985-b06b-5f0a929b8060@group-3636E5E7603C, cid=2417, SUCCESS, logIndex=3463, commits[912a7d3b-e3f1-4985-b06b-5f0a929b8060:c3464]
2019-07-13 08:32:36,596 INFO  client.GrpcClientProtocolClient (GrpcClientProtocolClient.java:onNext(255)) - client-A5BCC62C3543->912a7d3b-e3f1-4985-b06b-5f0a929b8060: receive RaftClientReply:client-A5BCC62C3543->912a7d3b-e3f1-4985-b06b-5f0a929b8060@group-3636E5E7603C, cid=2418, SUCCESS, logIndex=3464, commits[912a7d3b-e3f1-4985-b06b-5f0a929b8060:c3466]
2019-07-13 08:32:36,596 INFO  client.GrpcClientProtocolClient (GrpcClientProtocolClient.java:onNext(255)) - client-A5BCC62C3543->912a7d3b-e3f1-4985-b06b-5f0a929b8060: receive RaftClientReply:client-A5BCC62C3543->912a7d3b-e3f1-4985-b06b-5f0a929b8060@group-3636E5E7603C, cid=2419, SUCCESS, logIndex=3465, commits[912a7d3b-e3f1-4985-b06b-5f0a929b8060:c3466]
2019-07-13 08:32:36,597 INFO  client.GrpcClientProtocolClient (GrpcClientProtocolClient.java:onNext(255)) - client-A5BCC62C3543->912a7d3b-e3f1-4985-b06b-5f0a929b8060: receive RaftClientReply:client-A5BCC62C3543->912a7d3b-e3f1-4985-b06b-5f0a929b8060@group-3636E5E7603C, cid=2420, SUCCESS, logIndex=3466, commits[912a7d3b-e3f1-4985-b06b-5f0a929b8060:c3466]
2019-07-13 08:32:36,616 INFO  client.GrpcClientProtocolClient (GrpcClientProtocolClient.java:onNext(255)) - client-A5BCC62C3543->912a7d3b-e3f1-4985-b06b-5f0a929b8060: receive RaftClientReply:client-A5BCC62C3543->912a7d3b-e3f1-4985-b06b-5f0a929b8060@group-3636E5E7603C, cid=2421, SUCCESS, logIndex=3469, commits[912a7d3b-e3f1-4985-b06b-5f0a929b8060:c3470]
2019-07-13 08:32:36,617 INFO  client.GrpcClientProtocolClient (GrpcClientProtocolClient.java:onNext(255)) - client-A5BCC62C3543->912a7d3b-e3f1-4985-b06b-5f0a929b8060: receive RaftClientReply:client-A5BCC62C3543->912a7d3b-e3f1-4985-b06b-5f0a929b8060@group-3636E5E7603C, cid=2422, SUCCESS, logIndex=3470, commits[912a7d3b-e3f1-4985-b06b-5f0a929b8060:c3472]
2019-07-13 08:32:36,617 INFO  client.GrpcClientProtocolClient (GrpcClientProtocolClient.java:onNext(255)) - client-A5BCC62C3543->912a7d3b-e3f1-4985-b06b-5f0a929b8060: receive RaftClientReply:client-A5BCC62C3543->912a7d3b-e3f1-4985-b06b-5f0a929b8060@group-3636E5E7603C, cid=2423, SUCCESS, logIndex=3471, commits[912a7d3b-e3f1-4985-b06b-5f0a929b8060:c3473]
2019-07-13 08:32:36,617 INFO  client.GrpcClientProtocolClient (GrpcClientProtocolClient.java:onNext(255)) - client-A5BCC62C3543->912a7d3b-e3f1-4985-b06b-5f0a929b8060: receive RaftClientReply:client-A5BCC62C3543->912a7d3b-e3f1-4985-b06b-5f0a929b8060@group-3636E5E7603C, cid=2424, SUCCESS, logIndex=3472, commits[912a7d3b-e3f1-4985-b06b-5f0a929b8060:c3474]
2019-07-13 08:32:36,621 DEBUG block.SCMBlockDeletingService (SCMBlockDeletingService.java:call(138)) - Running DeletedBlockTransactionScanner
2019-07-13 08:32:36,622 DEBUG block.SCMBlockDeletingService (SCMBlockDeletingService.java:call(155)) - Scanned deleted blocks log and got 0 delTX to process.
2019-07-13 08:32:36,638 INFO  client.GrpcClientProtocolClient (GrpcClientProtocolClient.java:onNext(255)) - client-A5BCC62C3543->912a7d3b-e3f1-4985-b06b-5f0a929b8060: receive RaftClientReply:client-A5BCC62C3543->912a7d3b-e3f1-4985-b06b-5f0a929b8060@group-3636E5E7603C, cid=2425, SUCCESS, logIndex=3475, commits[912a7d3b-e3f1-4985-b06b-5f0a929b8060:c3476]
2019-07-13 08:32:36,639 INFO  client.GrpcClientProtocolClient (GrpcClientProtocolClient.java:onNext(255)) - client-A5BCC62C3543->912a7d3b-e3f1-4985-b06b-5f0a929b8060: receive RaftClientReply:client-A5BCC62C3543->912a7d3b-e3f1-4985-b06b-5f0a929b8060@group-3636E5E7603C, cid=2426, SUCCESS, logIndex=3476, commits[912a7d3b-e3f1-4985-b06b-5f0a929b8060:c3476]
2019-07-13 08:32:36,671 INFO  client.GrpcClientProtocolClient (GrpcClientProtocolClient.java:onNext(255)) - client-A5BCC62C3543->912a7d3b-e3f1-4985-b06b-5f0a929b8060: receive RaftClientReply:client-A5BCC62C3543->912a7d3b-e3f1-4985-b06b-5f0a929b8060@group-3636E5E7603C, cid=2427, SUCCESS, logIndex=3477, commits[912a7d3b-e3f1-4985-b06b-5f0a929b8060:c3479]
2019-07-13 08:32:36,671 INFO  client.GrpcClientProtocolClient (GrpcClientProtocolClient.java:onNext(255)) - client-A5BCC62C3543->912a7d3b-e3f1-4985-b06b-5f0a929b8060: receive RaftClientReply:client-A5BCC62C3543->912a7d3b-e3f1-4985-b06b-5f0a929b8060@group-3636E5E7603C, cid=2428, SUCCESS, logIndex=3478, commits[912a7d3b-e3f1-4985-b06b-5f0a929b8060:c3479]
2019-07-13 08:32:36,696 INFO  client.GrpcClientProtocolClient (GrpcClientProtocolClient.java:onNext(255)) - client-A5BCC62C3543->912a7d3b-e3f1-4985-b06b-5f0a929b8060: receive RaftClientReply:client-A5BCC62C3543->912a7d3b-e3f1-4985-b06b-5f0a929b8060@group-3636E5E7603C, cid=2429, SUCCESS, logIndex=3480, commits[912a7d3b-e3f1-4985-b06b-5f0a929b8060:c3481]
2019-07-13 08:32:36,697 INFO  client.GrpcClientProtocolClient (GrpcClientProtocolClient.java:onNext(255)) - client-A5BCC62C3543->912a7d3b-e3f1-4985-b06b-5f0a929b8060: receive RaftClientReply:client-A5BCC62C3543->912a7d3b-e3f1-4985-b06b-5f0a929b8060@group-3636E5E7603C, cid=2430, SUCCESS, logIndex=3481, commits[912a7d3b-e3f1-4985-b06b-5f0a929b8060:c3482]
2019-07-13 08:32:36,722 DEBUG block.SCMBlockDeletingService (SCMBlockDeletingService.java:call(138)) - Running DeletedBlockTransactionScanner
2019-07-13 08:32:36,722 DEBUG block.SCMBlockDeletingService (SCMBlockDeletingService.java:call(155)) - Scanned deleted blocks log and got 0 delTX to process.
2019-07-13 08:32:36,823 DEBUG block.SCMBlockDeletingService (SCMBlockDeletingService.java:call(138)) - Running DeletedBlockTransactionScanner
2019-07-13 08:32:36,823 DEBUG block.SCMBlockDeletingService (SCMBlockDeletingService.java:call(155)) - Scanned deleted blocks log and got 0 delTX to process.
2019-07-13 08:32:36,924 DEBUG block.SCMBlockDeletingService (SCMBlockDeletingService.java:call(138)) - Running DeletedBlockTransactionScanner
2019-07-13 08:32:36,924 DEBUG block.SCMBlockDeletingService (SCMBlockDeletingService.java:call(155)) - Scanned deleted blocks log and got 0 delTX to process.
2019-07-13 08:32:37,024 DEBUG block.SCMBlockDeletingService (SCMBlockDeletingService.java:call(138)) - Running DeletedBlockTransactionScanner
2019-07-13 08:32:37,024 DEBUG block.SCMBlockDeletingService (SCMBlockDeletingService.java:call(155)) - Scanned deleted blocks log and got 0 delTX to process.
2019-07-13 08:32:37,025 INFO  client.GrpcClientProtocolClient (GrpcClientProtocolClient.java:onNext(255)) - client-A5BCC62C3543->912a7d3b-e3f1-4985-b06b-5f0a929b8060: receive RaftClientReply:client-A5BCC62C3543->912a7d3b-e3f1-4985-b06b-5f0a929b8060@group-3636E5E7603C, cid=2431, SUCCESS, logIndex=3483, commits[912a7d3b-e3f1-4985-b06b-5f0a929b8060:c3484]
2019-07-13 08:32:37,025 INFO  client.GrpcClientProtocolClient (GrpcClientProtocolClient.java:onNext(255)) - client-A5BCC62C3543->912a7d3b-e3f1-4985-b06b-5f0a929b8060: receive RaftClientReply:client-A5BCC62C3543->912a7d3b-e3f1-4985-b06b-5f0a929b8060@group-3636E5E7603C, cid=2432, SUCCESS, logIndex=3484, commits[912a7d3b-e3f1-4985-b06b-5f0a929b8060:c3485]
2019-07-13 08:32:37,053 INFO  client.GrpcClientProtocolClient (GrpcClientProtocolClient.java:onNext(255)) - client-A5BCC62C3543->912a7d3b-e3f1-4985-b06b-5f0a929b8060: receive RaftClientReply:client-A5BCC62C3543->912a7d3b-e3f1-4985-b06b-5f0a929b8060@group-3636E5E7603C, cid=2433, SUCCESS, logIndex=3486, commits[912a7d3b-e3f1-4985-b06b-5f0a929b8060:c3487]
2019-07-13 08:32:37,054 INFO  client.GrpcClientProtocolClient (GrpcClientProtocolClient.java:onNext(255)) - client-A5BCC62C3543->912a7d3b-e3f1-4985-b06b-5f0a929b8060: receive RaftClientReply:client-A5BCC62C3543->912a7d3b-e3f1-4985-b06b-5f0a929b8060@group-3636E5E7603C, cid=2434, SUCCESS, logIndex=3487, commits[912a7d3b-e3f1-4985-b06b-5f0a929b8060:c3489]
2019-07-13 08:32:37,054 INFO  client.GrpcClientProtocolClient (GrpcClientProtocolClient.java:onNext(255)) - client-A5BCC62C3543->912a7d3b-e3f1-4985-b06b-5f0a929b8060: receive RaftClientReply:client-A5BCC62C3543->912a7d3b-e3f1-4985-b06b-5f0a929b8060@group-3636E5E7603C, cid=2435, SUCCESS, logIndex=3488, commits[912a7d3b-e3f1-4985-b06b-5f0a929b8060:c3490]
2019-07-13 08:32:37,054 INFO  client.GrpcClientProtocolClient (GrpcClientProtocolClient.java:onNext(255)) - client-A5BCC62C3543->912a7d3b-e3f1-4985-b06b-5f0a929b8060: receive RaftClientReply:client-A5BCC62C3543->912a7d3b-e3f1-4985-b06b-5f0a929b8060@group-3636E5E7603C, cid=2436, SUCCESS, logIndex=3489, commits[912a7d3b-e3f1-4985-b06b-5f0a929b8060:c3491]
2019-07-13 08:32:37,075 INFO  client.GrpcClientProtocolClient (GrpcClientProtocolClient.java:onNext(255)) - client-A5BCC62C3543->912a7d3b-e3f1-4985-b06b-5f0a929b8060: receive RaftClientReply:client-A5BCC62C3543->912a7d3b-e3f1-4985-b06b-5f0a929b8060@group-3636E5E7603C, cid=2437, SUCCESS, logIndex=3492, commits[912a7d3b-e3f1-4985-b06b-5f0a929b8060:c3493]
2019-07-13 08:32:37,075 INFO  client.GrpcClientProtocolClient (GrpcClientProtocolClient.java:onNext(255)) - client-A5BCC62C3543->912a7d3b-e3f1-4985-b06b-5f0a929b8060: receive RaftClientReply:client-A5BCC62C3543->912a7d3b-e3f1-4985-b06b-5f0a929b8060@group-3636E5E7603C, cid=2438, SUCCESS, logIndex=3493, commits[912a7d3b-e3f1-4985-b06b-5f0a929b8060:c3495]
2019-07-13 08:32:37,075 INFO  client.GrpcClientProtocolClient (GrpcClientProtocolClient.java:onNext(255)) - client-A5BCC62C3543->912a7d3b-e3f1-4985-b06b-5f0a929b8060: receive RaftClientReply:client-A5BCC62C3543->912a7d3b-e3f1-4985-b06b-5f0a929b8060@group-3636E5E7603C, cid=2439, SUCCESS, logIndex=3494, commits[912a7d3b-e3f1-4985-b06b-5f0a929b8060:c3496]
2019-07-13 08:32:37,076 INFO  client.GrpcClientProtocolClient (GrpcClientProtocolClient.java:onNext(255)) - client-A5BCC62C3543->912a7d3b-e3f1-4985-b06b-5f0a929b8060: receive RaftClientReply:client-A5BCC62C3543->912a7d3b-e3f1-4985-b06b-5f0a929b8060@group-3636E5E7603C, cid=2440, SUCCESS, logIndex=3495, commits[912a7d3b-e3f1-4985-b06b-5f0a929b8060:c3496]
2019-07-13 08:32:37,107 INFO  client.GrpcClientProtocolClient (GrpcClientProtocolClient.java:onNext(255)) - client-A5BCC62C3543->912a7d3b-e3f1-4985-b06b-5f0a929b8060: receive RaftClientReply:client-A5BCC62C3543->912a7d3b-e3f1-4985-b06b-5f0a929b8060@group-3636E5E7603C, cid=2441, SUCCESS, logIndex=3498, commits[912a7d3b-e3f1-4985-b06b-5f0a929b8060:c3499]
2019-07-13 08:32:37,110 INFO  client.GrpcClientProtocolClient (GrpcClientProtocolClient.java:onNext(255)) - client-A5BCC62C3543->912a7d3b-e3f1-4985-b06b-5f0a929b8060: receive RaftClientReply:client-A5BCC62C3543->912a7d3b-e3f1-4985-b06b-5f0a929b8060@group-3636E5E7603C, cid=2442, SUCCESS, logIndex=3499, commits[912a7d3b-e3f1-4985-b06b-5f0a929b8060:c3502]
2019-07-13 08:32:37,110 INFO  client.GrpcClientProtocolClient (GrpcClientProtocolClient.java:onNext(255)) - client-A5BCC62C3543->912a7d3b-e3f1-4985-b06b-5f0a929b8060: receive RaftClientReply:client-A5BCC62C3543->912a7d3b-e3f1-4985-b06b-5f0a929b8060@group-3636E5E7603C, cid=2443, SUCCESS, logIndex=3500, commits[912a7d3b-e3f1-4985-b06b-5f0a929b8060:c3503]
2019-07-13 08:32:37,111 INFO  client.GrpcClientProtocolClient (GrpcClientProtocolClient.java:onNext(255)) - client-A5BCC62C3543->912a7d3b-e3f1-4985-b06b-5f0a929b8060: receive RaftClientReply:client-A5BCC62C3543->912a7d3b-e3f1-4985-b06b-5f0a929b8060@group-3636E5E7603C, cid=2444, SUCCESS, logIndex=3501, commits[912a7d3b-e3f1-4985-b06b-5f0a929b8060:c3503]
2019-07-13 08:32:37,124 INFO  client.GrpcClientProtocolClient (GrpcClientProtocolClient.java:onNext(255)) - client-A5BCC62C3543->912a7d3b-e3f1-4985-b06b-5f0a929b8060: receive RaftClientReply:client-A5BCC62C3543->912a7d3b-e3f1-4985-b06b-5f0a929b8060@group-3636E5E7603C, cid=2445, SUCCESS, logIndex=3504, commits[912a7d3b-e3f1-4985-b06b-5f0a929b8060:c3505]
2019-07-13 08:32:37,124 INFO  client.GrpcClientProtocolClient (GrpcClientProtocolClient.java:onNext(255)) - client-A5BCC62C3543->912a7d3b-e3f1-4985-b06b-5f0a929b8060: receive RaftClientReply:client-A5BCC62C3543->912a7d3b-e3f1-4985-b06b-5f0a929b8060@group-3636E5E7603C, cid=2446, SUCCESS, logIndex=3505, commits[912a7d3b-e3f1-4985-b06b-5f0a929b8060:c3505]
2019-07-13 08:32:37,125 DEBUG block.SCMBlockDeletingService (SCMBlockDeletingService.java:call(138)) - Running DeletedBlockTransactionScanner
2019-07-13 08:32:37,125 DEBUG block.SCMBlockDeletingService (SCMBlockDeletingService.java:call(155)) - Scanned deleted blocks log and got 0 delTX to process.
2019-07-13 08:32:37,126 INFO  client.GrpcClientProtocolClient (GrpcClientProtocolClient.java:onNext(255)) - client-A5BCC62C3543->912a7d3b-e3f1-4985-b06b-5f0a929b8060: receive RaftClientReply:client-A5BCC62C3543->912a7d3b-e3f1-4985-b06b-5f0a929b8060@group-3636E5E7603C, cid=2447, SUCCESS, logIndex=3506, commits[912a7d3b-e3f1-4985-b06b-5f0a929b8060:c3507]
2019-07-13 08:32:37,126 INFO  client.GrpcClientProtocolClient (GrpcClientProtocolClient.java:onNext(255)) - client-A5BCC62C3543->912a7d3b-e3f1-4985-b06b-5f0a929b8060: receive RaftClientReply:client-A5BCC62C3543->912a7d3b-e3f1-4985-b06b-5f0a929b8060@group-3636E5E7603C, cid=2448, SUCCESS, logIndex=3507, commits[912a7d3b-e3f1-4985-b06b-5f0a929b8060:c3507]
2019-07-13 08:32:37,170 INFO  client.GrpcClientProtocolClient (GrpcClientProtocolClient.java:onNext(255)) - client-A5BCC62C3543->912a7d3b-e3f1-4985-b06b-5f0a929b8060: receive RaftClientReply:client-A5BCC62C3543->912a7d3b-e3f1-4985-b06b-5f0a929b8060@group-3636E5E7603C, cid=2449, SUCCESS, logIndex=3510, commits[912a7d3b-e3f1-4985-b06b-5f0a929b8060:c3513]
2019-07-13 08:32:37,171 INFO  client.GrpcClientProtocolClient (GrpcClientProtocolClient.java:onNext(255)) - client-A5BCC62C3543->912a7d3b-e3f1-4985-b06b-5f0a929b8060: receive RaftClientReply:client-A5BCC62C3543->912a7d3b-e3f1-4985-b06b-5f0a929b8060@group-3636E5E7603C, cid=2450, SUCCESS, logIndex=3511, commits[912a7d3b-e3f1-4985-b06b-5f0a929b8060:c3514]
2019-07-13 08:32:37,171 INFO  client.GrpcClientProtocolClient (GrpcClientProtocolClient.java:onNext(255)) - client-A5BCC62C3543->912a7d3b-e3f1-4985-b06b-5f0a929b8060: receive RaftClientReply:client-A5BCC62C3543->912a7d3b-e3f1-4985-b06b-5f0a929b8060@group-3636E5E7603C, cid=2451, SUCCESS, logIndex=3512, commits[912a7d3b-e3f1-4985-b06b-5f0a929b8060:c3514]
2019-07-13 08:32:37,171 INFO  client.GrpcClientProtocolClient (GrpcClientProtocolClient.java:onNext(255)) - client-A5BCC62C3543->912a7d3b-e3f1-4985-b06b-5f0a929b8060: receive RaftClientReply:client-A5BCC62C3543->912a7d3b-e3f1-4985-b06b-5f0a929b8060@group-3636E5E7603C, cid=2452, SUCCESS, logIndex=3513, commits[912a7d3b-e3f1-4985-b06b-5f0a929b8060:c3514]
2019-07-13 08:32:37,258 DEBUG block.SCMBlockDeletingService (SCMBlockDeletingService.java:call(138)) - Running DeletedBlockTransactionScanner
2019-07-13 08:32:37,259 DEBUG block.SCMBlockDeletingService (SCMBlockDeletingService.java:call(155)) - Scanned deleted blocks log and got 0 delTX to process.
2019-07-13 08:32:37,261 INFO  client.GrpcClientProtocolClient (GrpcClientProtocolClient.java:onNext(255)) - client-A5BCC62C3543->912a7d3b-e3f1-4985-b06b-5f0a929b8060: receive RaftClientReply:client-A5BCC62C3543->912a7d3b-e3f1-4985-b06b-5f0a929b8060@group-3636E5E7603C, cid=2453, SUCCESS, logIndex=3515, commits[912a7d3b-e3f1-4985-b06b-5f0a929b8060:c3516]
2019-07-13 08:32:37,262 INFO  client.GrpcClientProtocolClient (GrpcClientProtocolClient.java:onNext(255)) - client-A5BCC62C3543->912a7d3b-e3f1-4985-b06b-5f0a929b8060: receive RaftClientReply:client-A5BCC62C3543->912a7d3b-e3f1-4985-b06b-5f0a929b8060@group-3636E5E7603C, cid=2454, SUCCESS, logIndex=3516, commits[912a7d3b-e3f1-4985-b06b-5f0a929b8060:c3516]
2019-07-13 08:32:37,273 INFO  client.GrpcClientProtocolClient (GrpcClientProtocolClient.java:onNext(255)) - client-A5BCC62C3543->912a7d3b-e3f1-4985-b06b-5f0a929b8060: receive RaftClientReply:client-A5BCC62C3543->912a7d3b-e3f1-4985-b06b-5f0a929b8060@group-3636E5E7603C, cid=2455, SUCCESS, logIndex=3517, commits[912a7d3b-e3f1-4985-b06b-5f0a929b8060:c3519]
2019-07-13 08:32:37,274 INFO  client.GrpcClientProtocolClient (GrpcClientProtocolClient.java:onNext(255)) - client-A5BCC62C3543->912a7d3b-e3f1-4985-b06b-5f0a929b8060: receive RaftClientReply:client-A5BCC62C3543->912a7d3b-e3f1-4985-b06b-5f0a929b8060@group-3636E5E7603C, cid=2456, SUCCESS, logIndex=3519, commits[912a7d3b-e3f1-4985-b06b-5f0a929b8060:c3519]
2019-07-13 08:32:37,304 INFO  client.GrpcClientProtocolClient (GrpcClientProtocolClient.java:onNext(255)) - client-A5BCC62C3543->912a7d3b-e3f1-4985-b06b-5f0a929b8060: receive RaftClientReply:client-A5BCC62C3543->912a7d3b-e3f1-4985-b06b-5f0a929b8060@group-3636E5E7603C, cid=2457, SUCCESS, logIndex=3521, commits[912a7d3b-e3f1-4985-b06b-5f0a929b8060:c3522]
2019-07-13 08:32:37,305 INFO  client.GrpcClientProtocolClient (GrpcClientProtocolClient.java:onNext(255)) - client-A5BCC62C3543->912a7d3b-e3f1-4985-b06b-5f0a929b8060: receive RaftClientReply:client-A5BCC62C3543->912a7d3b-e3f1-4985-b06b-5f0a929b8060@group-3636E5E7603C, cid=2458, SUCCESS, logIndex=3522, commits[912a7d3b-e3f1-4985-b06b-5f0a929b8060:c3522]
2019-07-13 08:32:37,305 INFO  client.GrpcClientProtocolClient (GrpcClientProtocolClient.java:onNext(255)) - client-A5BCC62C3543->912a7d3b-e3f1-4985-b06b-5f0a929b8060: receive RaftClientReply:client-A5BCC62C3543->912a7d3b-e3f1-4985-b06b-5f0a929b8060@group-3636E5E7603C, cid=2459, SUCCESS, logIndex=3523, commits[912a7d3b-e3f1-4985-b06b-5f0a929b8060:c3524]
2019-07-13 08:32:37,306 INFO  client.GrpcClientProtocolClient (GrpcClientProtocolClient.java:onNext(255)) - client-A5BCC62C3543->912a7d3b-e3f1-4985-b06b-5f0a929b8060: receive RaftClientReply:client-A5BCC62C3543->912a7d3b-e3f1-4985-b06b-5f0a929b8060@group-3636E5E7603C, cid=2460, SUCCESS, logIndex=3524, commits[912a7d3b-e3f1-4985-b06b-5f0a929b8060:c3525]
2019-07-13 08:32:37,334 INFO  client.GrpcClientProtocolClient (GrpcClientProtocolClient.java:onNext(255)) - client-A5BCC62C3543->912a7d3b-e3f1-4985-b06b-5f0a929b8060: receive RaftClientReply:client-A5BCC62C3543->912a7d3b-e3f1-4985-b06b-5f0a929b8060@group-3636E5E7603C, cid=2461, SUCCESS, logIndex=3527, commits[912a7d3b-e3f1-4985-b06b-5f0a929b8060:c3528]
2019-07-13 08:32:37,335 INFO  client.GrpcClientProtocolClient (GrpcClientProtocolClient.java:onNext(255)) - client-A5BCC62C3543->912a7d3b-e3f1-4985-b06b-5f0a929b8060: receive RaftClientReply:client-A5BCC62C3543->912a7d3b-e3f1-4985-b06b-5f0a929b8060@group-3636E5E7603C, cid=2462, SUCCESS, logIndex=3528, commits[912a7d3b-e3f1-4985-b06b-5f0a929b8060:c3530]
2019-07-13 08:32:37,335 INFO  client.GrpcClientProtocolClient (GrpcClientProtocolClient.java:onNext(255)) - client-A5BCC62C3543->912a7d3b-e3f1-4985-b06b-5f0a929b8060: receive RaftClientReply:client-A5BCC62C3543->912a7d3b-e3f1-4985-b06b-5f0a929b8060@group-3636E5E7603C, cid=2463, SUCCESS, logIndex=3529, commits[912a7d3b-e3f1-4985-b06b-5f0a929b8060:c3531]
2019-07-13 08:32:37,336 INFO  client.GrpcClientProtocolClient (GrpcClientProtocolClient.java:onNext(255)) - client-A5BCC62C3543->912a7d3b-e3f1-4985-b06b-5f0a929b8060: receive RaftClientReply:client-A5BCC62C3543->912a7d3b-e3f1-4985-b06b-5f0a929b8060@group-3636E5E7603C, cid=2464, SUCCESS, logIndex=3530, commits[912a7d3b-e3f1-4985-b06b-5f0a929b8060:c3531]
2019-07-13 08:32:37,359 DEBUG block.SCMBlockDeletingService (SCMBlockDeletingService.java:call(138)) - Running DeletedBlockTransactionScanner
2019-07-13 08:32:37,360 DEBUG block.SCMBlockDeletingService (SCMBlockDeletingService.java:call(155)) - Scanned deleted blocks log and got 0 delTX to process.
2019-07-13 08:32:37,364 INFO  client.GrpcClientProtocolClient (GrpcClientProtocolClient.java:onNext(255)) - client-A5BCC62C3543->912a7d3b-e3f1-4985-b06b-5f0a929b8060: receive RaftClientReply:client-A5BCC62C3543->912a7d3b-e3f1-4985-b06b-5f0a929b8060@group-3636E5E7603C, cid=2465, SUCCESS, logIndex=3533, commits[912a7d3b-e3f1-4985-b06b-5f0a929b8060:c3534]
2019-07-13 08:32:37,365 INFO  client.GrpcClientProtocolClient (GrpcClientProtocolClient.java:onNext(255)) - client-A5BCC62C3543->912a7d3b-e3f1-4985-b06b-5f0a929b8060: receive RaftClientReply:client-A5BCC62C3543->912a7d3b-e3f1-4985-b06b-5f0a929b8060@group-3636E5E7603C, cid=2466, SUCCESS, logIndex=3534, commits[912a7d3b-e3f1-4985-b06b-5f0a929b8060:c3536]
2019-07-13 08:32:37,365 INFO  client.GrpcClientProtocolClient (GrpcClientProtocolClient.java:onNext(255)) - client-A5BCC62C3543->912a7d3b-e3f1-4985-b06b-5f0a929b8060: receive RaftClientReply:client-A5BCC62C3543->912a7d3b-e3f1-4985-b06b-5f0a929b8060@group-3636E5E7603C, cid=2467, SUCCESS, logIndex=3535, commits[912a7d3b-e3f1-4985-b06b-5f0a929b8060:c3537]
2019-07-13 08:32:37,366 INFO  client.GrpcClientProtocolClient (GrpcClientProtocolClient.java:onNext(255)) - client-A5BCC62C3543->912a7d3b-e3f1-4985-b06b-5f0a929b8060: receive RaftClientReply:client-A5BCC62C3543->912a7d3b-e3f1-4985-b06b-5f0a929b8060@group-3636E5E7603C, cid=2468, SUCCESS, logIndex=3536, commits[912a7d3b-e3f1-4985-b06b-5f0a929b8060:c3538]
2019-07-13 08:32:37,388 INFO  client.GrpcClientProtocolClient (GrpcClientProtocolClient.java:onNext(255)) - client-A5BCC62C3543->912a7d3b-e3f1-4985-b06b-5f0a929b8060: receive RaftClientReply:client-A5BCC62C3543->912a7d3b-e3f1-4985-b06b-5f0a929b8060@group-3636E5E7603C, cid=2469, SUCCESS, logIndex=3539, commits[912a7d3b-e3f1-4985-b06b-5f0a929b8060:c3542]
2019-07-13 08:32:37,389 INFO  client.GrpcClientProtocolClient (GrpcClientProtocolClient.java:onNext(255)) - client-A5BCC62C3543->912a7d3b-e3f1-4985-b06b-5f0a929b8060: receive RaftClientReply:client-A5BCC62C3543->912a7d3b-e3f1-4985-b06b-5f0a929b8060@group-3636E5E7603C, cid=2470, SUCCESS, logIndex=3540, commits[912a7d3b-e3f1-4985-b06b-5f0a929b8060:c3543]
2019-07-13 08:32:37,389 INFO  client.GrpcClientProtocolClient (GrpcClientProtocolClient.java:onNext(255)) - client-A5BCC62C3543->912a7d3b-e3f1-4985-b06b-5f0a929b8060: receive RaftClientReply:client-A5BCC62C3543->912a7d3b-e3f1-4985-b06b-5f0a929b8060@group-3636E5E7603C, cid=2471, SUCCESS, logIndex=3541, commits[912a7d3b-e3f1-4985-b06b-5f0a929b8060:c3543]
2019-07-13 08:32:37,390 INFO  client.GrpcClientProtocolClient (GrpcClientProtocolClient.java:onNext(255)) - client-A5BCC62C3543->912a7d3b-e3f1-4985-b06b-5f0a929b8060: receive RaftClientReply:client-A5BCC62C3543->912a7d3b-e3f1-4985-b06b-5f0a929b8060@group-3636E5E7603C, cid=2472, SUCCESS, logIndex=3542, commits[912a7d3b-e3f1-4985-b06b-5f0a929b8060:c3543]
2019-07-13 08:32:37,429 INFO  client.GrpcClientProtocolClient (GrpcClientProtocolClient.java:onNext(255)) - client-A5BCC62C3543->912a7d3b-e3f1-4985-b06b-5f0a929b8060: receive RaftClientReply:client-A5BCC62C3543->912a7d3b-e3f1-4985-b06b-5f0a929b8060@group-3636E5E7603C, cid=2473, SUCCESS, logIndex=3544, commits[912a7d3b-e3f1-4985-b06b-5f0a929b8060:c3545]
2019-07-13 08:32:37,429 INFO  client.GrpcClientProtocolClient (GrpcClientProtocolClient.java:onNext(255)) - client-A5BCC62C3543->912a7d3b-e3f1-4985-b06b-5f0a929b8060: receive RaftClientReply:client-A5BCC62C3543->912a7d3b-e3f1-4985-b06b-5f0a929b8060@group-3636E5E7603C, cid=2474, SUCCESS, logIndex=3545, commits[912a7d3b-e3f1-4985-b06b-5f0a929b8060:c3545]
2019-07-13 08:32:37,460 DEBUG block.SCMBlockDeletingService (SCMBlockDeletingService.java:call(138)) - Running DeletedBlockTransactionScanner
2019-07-13 08:32:37,460 DEBUG block.SCMBlockDeletingService (SCMBlockDeletingService.java:call(155)) - Scanned deleted blocks log and got 0 delTX to process.
2019-07-13 08:32:37,525 INFO  client.GrpcClientProtocolClient (GrpcClientProtocolClient.java:onNext(255)) - client-A5BCC62C3543->912a7d3b-e3f1-4985-b06b-5f0a929b8060: receive RaftClientReply:client-A5BCC62C3543->912a7d3b-e3f1-4985-b06b-5f0a929b8060@group-3636E5E7603C, cid=2475, SUCCESS, logIndex=3547, commits[912a7d3b-e3f1-4985-b06b-5f0a929b8060:c3548]
2019-07-13 08:32:37,526 INFO  client.GrpcClientProtocolClient (GrpcClientProtocolClient.java:onNext(255)) - client-A5BCC62C3543->912a7d3b-e3f1-4985-b06b-5f0a929b8060: receive RaftClientReply:client-A5BCC62C3543->912a7d3b-e3f1-4985-b06b-5f0a929b8060@group-3636E5E7603C, cid=2476, SUCCESS, logIndex=3548, commits[912a7d3b-e3f1-4985-b06b-5f0a929b8060:c3549]
2019-07-13 08:32:37,546 INFO  client.GrpcClientProtocolClient (GrpcClientProtocolClient.java:onNext(255)) - client-A5BCC62C3543->912a7d3b-e3f1-4985-b06b-5f0a929b8060: receive RaftClientReply:client-A5BCC62C3543->912a7d3b-e3f1-4985-b06b-5f0a929b8060@group-3636E5E7603C, cid=2477, SUCCESS, logIndex=3550, commits[912a7d3b-e3f1-4985-b06b-5f0a929b8060:c3553]
2019-07-13 08:32:37,547 INFO  client.GrpcClientProtocolClient (GrpcClientProtocolClient.java:onNext(255)) - client-A5BCC62C3543->912a7d3b-e3f1-4985-b06b-5f0a929b8060: receive RaftClientReply:client-A5BCC62C3543->912a7d3b-e3f1-4985-b06b-5f0a929b8060@group-3636E5E7603C, cid=2478, SUCCESS, logIndex=3551, commits[912a7d3b-e3f1-4985-b06b-5f0a929b8060:c3554]
2019-07-13 08:32:37,547 INFO  client.GrpcClientProtocolClient (GrpcClientProtocolClient.java:onNext(255)) - client-A5BCC62C3543->912a7d3b-e3f1-4985-b06b-5f0a929b8060: receive RaftClientReply:client-A5BCC62C3543->912a7d3b-e3f1-4985-b06b-5f0a929b8060@group-3636E5E7603C, cid=2479, SUCCESS, logIndex=3552, commits[912a7d3b-e3f1-4985-b06b-5f0a929b8060:c3554]
2019-07-13 08:32:37,547 INFO  client.GrpcClientProtocolClient (GrpcClientProtocolClient.java:onNext(255)) - client-A5BCC62C3543->912a7d3b-e3f1-4985-b06b-5f0a929b8060: receive RaftClientReply:client-A5BCC62C3543->912a7d3b-e3f1-4985-b06b-5f0a929b8060@group-3636E5E7603C, cid=2480, SUCCESS, logIndex=3553, commits[912a7d3b-e3f1-4985-b06b-5f0a929b8060:c3554]
2019-07-13 08:32:37,561 DEBUG block.SCMBlockDeletingService (SCMBlockDeletingService.java:call(138)) - Running DeletedBlockTransactionScanner
2019-07-13 08:32:37,561 DEBUG block.SCMBlockDeletingService (SCMBlockDeletingService.java:call(155)) - Scanned deleted blocks log and got 0 delTX to process.
2019-07-13 08:32:37,575 INFO  client.GrpcClientProtocolClient (GrpcClientProtocolClient.java:onNext(255)) - client-A5BCC62C3543->912a7d3b-e3f1-4985-b06b-5f0a929b8060: receive RaftClientReply:client-A5BCC62C3543->912a7d3b-e3f1-4985-b06b-5f0a929b8060@group-3636E5E7603C, cid=2481, SUCCESS, logIndex=3555, commits[912a7d3b-e3f1-4985-b06b-5f0a929b8060:c3556]
2019-07-13 08:32:37,576 INFO  client.GrpcClientProtocolClient (GrpcClientProtocolClient.java:onNext(255)) - client-A5BCC62C3543->912a7d3b-e3f1-4985-b06b-5f0a929b8060: receive RaftClientReply:client-A5BCC62C3543->912a7d3b-e3f1-4985-b06b-5f0a929b8060@group-3636E5E7603C, cid=2482, SUCCESS, logIndex=3556, commits[912a7d3b-e3f1-4985-b06b-5f0a929b8060:c3558]
2019-07-13 08:32:37,576 INFO  client.GrpcClientProtocolClient (GrpcClientProtocolClient.java:onNext(255)) - client-A5BCC62C3543->912a7d3b-e3f1-4985-b06b-5f0a929b8060: receive RaftClientReply:client-A5BCC62C3543->912a7d3b-e3f1-4985-b06b-5f0a929b8060@group-3636E5E7603C, cid=2483, SUCCESS, logIndex=3557, commits[912a7d3b-e3f1-4985-b06b-5f0a929b8060:c3558]
2019-07-13 08:32:37,576 INFO  client.GrpcClientProtocolClient (GrpcClientProtocolClient.java:onNext(255)) - client-A5BCC62C3543->912a7d3b-e3f1-4985-b06b-5f0a929b8060: receive RaftClientReply:client-A5BCC62C3543->912a7d3b-e3f1-4985-b06b-5f0a929b8060@group-3636E5E7603C, cid=2484, SUCCESS, logIndex=3558, commits[912a7d3b-e3f1-4985-b06b-5f0a929b8060:c3559]
2019-07-13 08:32:37,597 INFO  client.GrpcClientProtocolClient (GrpcClientProtocolClient.java:onNext(255)) - client-A5BCC62C3543->912a7d3b-e3f1-4985-b06b-5f0a929b8060: receive RaftClientReply:client-A5BCC62C3543->912a7d3b-e3f1-4985-b06b-5f0a929b8060@group-3636E5E7603C, cid=2485, SUCCESS, logIndex=3561, commits[912a7d3b-e3f1-4985-b06b-5f0a929b8060:c3564]
2019-07-13 08:32:37,597 INFO  client.GrpcClientProtocolClient (GrpcClientProtocolClient.java:onNext(255)) - client-A5BCC62C3543->912a7d3b-e3f1-4985-b06b-5f0a929b8060: receive RaftClientReply:client-A5BCC62C3543->912a7d3b-e3f1-4985-b06b-5f0a929b8060@group-3636E5E7603C, cid=2486, SUCCESS, logIndex=3562, commits[912a7d3b-e3f1-4985-b06b-5f0a929b8060:c3564]
2019-07-13 08:32:37,598 INFO  client.GrpcClientProtocolClient (GrpcClientProtocolClient.java:onNext(255)) - client-A5BCC62C3543->912a7d3b-e3f1-4985-b06b-5f0a929b8060: receive RaftClientReply:client-A5BCC62C3543->912a7d3b-e3f1-4985-b06b-5f0a929b8060@group-3636E5E7603C, cid=2487, SUCCESS, logIndex=3563, commits[912a7d3b-e3f1-4985-b06b-5f0a929b8060:c3564]
2019-07-13 08:32:37,598 INFO  client.GrpcClientProtocolClient (GrpcClientProtocolClient.java:onNext(255)) - client-A5BCC62C3543->912a7d3b-e3f1-4985-b06b-5f0a929b8060: receive RaftClientReply:client-A5BCC62C3543->912a7d3b-e3f1-4985-b06b-5f0a929b8060@group-3636E5E7603C, cid=2488, SUCCESS, logIndex=3564, commits[912a7d3b-e3f1-4985-b06b-5f0a929b8060:c3565]
2019-07-13 08:32:37,629 INFO  client.GrpcClientProtocolClient (GrpcClientProtocolClient.java:onNext(255)) - client-A5BCC62C3543->912a7d3b-e3f1-4985-b06b-5f0a929b8060: receive RaftClientReply:client-A5BCC62C3543->912a7d3b-e3f1-4985-b06b-5f0a929b8060@group-3636E5E7603C, cid=2489, SUCCESS, logIndex=3566, commits[912a7d3b-e3f1-4985-b06b-5f0a929b8060:c3569]
2019-07-13 08:32:37,630 INFO  client.GrpcClientProtocolClient (GrpcClientProtocolClient.java:onNext(255)) - client-A5BCC62C3543->912a7d3b-e3f1-4985-b06b-5f0a929b8060: receive RaftClientReply:client-A5BCC62C3543->912a7d3b-e3f1-4985-b06b-5f0a929b8060@group-3636E5E7603C, cid=2490, SUCCESS, logIndex=3567, commits[912a7d3b-e3f1-4985-b06b-5f0a929b8060:c3570]
2019-07-13 08:32:37,630 INFO  client.GrpcClientProtocolClient (GrpcClientProtocolClient.java:onNext(255)) - client-A5BCC62C3543->912a7d3b-e3f1-4985-b06b-5f0a929b8060: receive RaftClientReply:client-A5BCC62C3543->912a7d3b-e3f1-4985-b06b-5f0a929b8060@group-3636E5E7603C, cid=2491, SUCCESS, logIndex=3568, commits[912a7d3b-e3f1-4985-b06b-5f0a929b8060:c3570]
2019-07-13 08:32:37,630 INFO  client.GrpcClientProtocolClient (GrpcClientProtocolClient.java:onNext(255)) - client-A5BCC62C3543->912a7d3b-e3f1-4985-b06b-5f0a929b8060: receive RaftClientReply:client-A5BCC62C3543->912a7d3b-e3f1-4985-b06b-5f0a929b8060@group-3636E5E7603C, cid=2492, SUCCESS, logIndex=3569, commits[912a7d3b-e3f1-4985-b06b-5f0a929b8060:c3570]
2019-07-13 08:32:37,650 INFO  client.GrpcClientProtocolClient (GrpcClientProtocolClient.java:onNext(255)) - client-A5BCC62C3543->912a7d3b-e3f1-4985-b06b-5f0a929b8060: receive RaftClientReply:client-A5BCC62C3543->912a7d3b-e3f1-4985-b06b-5f0a929b8060@group-3636E5E7603C, cid=2493, SUCCESS, logIndex=3571, commits[912a7d3b-e3f1-4985-b06b-5f0a929b8060:c3574]
2019-07-13 08:32:37,650 INFO  client.GrpcClientProtocolClient (GrpcClientProtocolClient.java:onNext(255)) - client-A5BCC62C3543->912a7d3b-e3f1-4985-b06b-5f0a929b8060: receive RaftClientReply:client-A5BCC62C3543->912a7d3b-e3f1-4985-b06b-5f0a929b8060@group-3636E5E7603C, cid=2494, SUCCESS, logIndex=3572, commits[912a7d3b-e3f1-4985-b06b-5f0a929b8060:c3575]
2019-07-13 08:32:37,650 INFO  client.GrpcClientProtocolClient (GrpcClientProtocolClient.java:onNext(255)) - client-A5BCC62C3543->912a7d3b-e3f1-4985-b06b-5f0a929b8060: receive RaftClientReply:client-A5BCC62C3543->912a7d3b-e3f1-4985-b06b-5f0a929b8060@group-3636E5E7603C, cid=2495, SUCCESS, logIndex=3573, commits[912a7d3b-e3f1-4985-b06b-5f0a929b8060:c3575]
2019-07-13 08:32:37,651 INFO  client.GrpcClientProtocolClient (GrpcClientProtocolClient.java:onNext(255)) - client-A5BCC62C3543->912a7d3b-e3f1-4985-b06b-5f0a929b8060: receive RaftClientReply:client-A5BCC62C3543->912a7d3b-e3f1-4985-b06b-5f0a929b8060@group-3636E5E7603C, cid=2496, SUCCESS, logIndex=3574, commits[912a7d3b-e3f1-4985-b06b-5f0a929b8060:c3575]
2019-07-13 08:32:37,662 DEBUG block.SCMBlockDeletingService (SCMBlockDeletingService.java:call(138)) - Running DeletedBlockTransactionScanner
2019-07-13 08:32:37,662 DEBUG block.SCMBlockDeletingService (SCMBlockDeletingService.java:call(155)) - Scanned deleted blocks log and got 0 delTX to process.
2019-07-13 08:32:37,681 INFO  client.GrpcClientProtocolClient (GrpcClientProtocolClient.java:onNext(255)) - client-A5BCC62C3543->912a7d3b-e3f1-4985-b06b-5f0a929b8060: receive RaftClientReply:client-A5BCC62C3543->912a7d3b-e3f1-4985-b06b-5f0a929b8060@group-3636E5E7603C, cid=2497, SUCCESS, logIndex=3576, commits[912a7d3b-e3f1-4985-b06b-5f0a929b8060:c3579]
2019-07-13 08:32:37,681 INFO  client.GrpcClientProtocolClient (GrpcClientProtocolClient.java:onNext(255)) - client-A5BCC62C3543->912a7d3b-e3f1-4985-b06b-5f0a929b8060: receive RaftClientReply:client-A5BCC62C3543->912a7d3b-e3f1-4985-b06b-5f0a929b8060@group-3636E5E7603C, cid=2498, SUCCESS, logIndex=3577, commits[912a7d3b-e3f1-4985-b06b-5f0a929b8060:c3579]
2019-07-13 08:32:37,681 INFO  client.GrpcClientProtocolClient (GrpcClientProtocolClient.java:onNext(255)) - client-A5BCC62C3543->912a7d3b-e3f1-4985-b06b-5f0a929b8060: receive RaftClientReply:client-A5BCC62C3543->912a7d3b-e3f1-4985-b06b-5f0a929b8060@group-3636E5E7603C, cid=2499, SUCCESS, logIndex=3578, commits[912a7d3b-e3f1-4985-b06b-5f0a929b8060:c3580]
2019-07-13 08:32:37,682 INFO  client.GrpcClientProtocolClient (GrpcClientProtocolClient.java:onNext(255)) - client-A5BCC62C3543->912a7d3b-e3f1-4985-b06b-5f0a929b8060: receive RaftClientReply:client-A5BCC62C3543->912a7d3b-e3f1-4985-b06b-5f0a929b8060@group-3636E5E7603C, cid=2500, SUCCESS, logIndex=3579, commits[912a7d3b-e3f1-4985-b06b-5f0a929b8060:c3580]
2019-07-13 08:32:37,701 INFO  client.GrpcClientProtocolClient (GrpcClientProtocolClient.java:onNext(255)) - client-A5BCC62C3543->912a7d3b-e3f1-4985-b06b-5f0a929b8060: receive RaftClientReply:client-A5BCC62C3543->912a7d3b-e3f1-4985-b06b-5f0a929b8060@group-3636E5E7603C, cid=2501, SUCCESS, logIndex=3581, commits[912a7d3b-e3f1-4985-b06b-5f0a929b8060:c3582]
2019-07-13 08:32:37,701 INFO  client.GrpcClientProtocolClient (GrpcClientProtocolClient.java:onNext(255)) - client-A5BCC62C3543->912a7d3b-e3f1-4985-b06b-5f0a929b8060: receive RaftClientReply:client-A5BCC62C3543->912a7d3b-e3f1-4985-b06b-5f0a929b8060@group-3636E5E7603C, cid=2502, SUCCESS, logIndex=3582, commits[912a7d3b-e3f1-4985-b06b-5f0a929b8060:c3582]
2019-07-13 08:32:37,703 INFO  client.GrpcClientProtocolClient (GrpcClientProtocolClient.java:onNext(255)) - client-A5BCC62C3543->912a7d3b-e3f1-4985-b06b-5f0a929b8060: receive RaftClientReply:client-A5BCC62C3543->912a7d3b-e3f1-4985-b06b-5f0a929b8060@group-3636E5E7603C, cid=2503, SUCCESS, logIndex=3583, commits[912a7d3b-e3f1-4985-b06b-5f0a929b8060:c3584]
2019-07-13 08:32:37,704 INFO  client.GrpcClientProtocolClient (GrpcClientProtocolClient.java:onNext(255)) - client-A5BCC62C3543->912a7d3b-e3f1-4985-b06b-5f0a929b8060: receive RaftClientReply:client-A5BCC62C3543->912a7d3b-e3f1-4985-b06b-5f0a929b8060@group-3636E5E7603C, cid=2504, SUCCESS, logIndex=3584, commits[912a7d3b-e3f1-4985-b06b-5f0a929b8060:c3584]
2019-07-13 08:32:37,733 INFO  client.GrpcClientProtocolClient (GrpcClientProtocolClient.java:onNext(255)) - client-A5BCC62C3543->912a7d3b-e3f1-4985-b06b-5f0a929b8060: receive RaftClientReply:client-A5BCC62C3543->912a7d3b-e3f1-4985-b06b-5f0a929b8060@group-3636E5E7603C, cid=2505, SUCCESS, logIndex=3587, commits[912a7d3b-e3f1-4985-b06b-5f0a929b8060:c3588]
2019-07-13 08:32:37,733 INFO  client.GrpcClientProtocolClient (GrpcClientProtocolClient.java:onNext(255)) - client-A5BCC62C3543->912a7d3b-e3f1-4985-b06b-5f0a929b8060: receive RaftClientReply:client-A5BCC62C3543->912a7d3b-e3f1-4985-b06b-5f0a929b8060@group-3636E5E7603C, cid=2506, SUCCESS, logIndex=3588, commits[912a7d3b-e3f1-4985-b06b-5f0a929b8060:c3590]
2019-07-13 08:32:37,733 INFO  client.GrpcClientProtocolClient (GrpcClientProtocolClient.java:onNext(255)) - client-A5BCC62C3543->912a7d3b-e3f1-4985-b06b-5f0a929b8060: receive RaftClientReply:client-A5BCC62C3543->912a7d3b-e3f1-4985-b06b-5f0a929b8060@group-3636E5E7603C, cid=2507, SUCCESS, logIndex=3589, commits[912a7d3b-e3f1-4985-b06b-5f0a929b8060:c3591]
2019-07-13 08:32:37,734 INFO  client.GrpcClientProtocolClient (GrpcClientProtocolClient.java:onNext(255)) - client-A5BCC62C3543->912a7d3b-e3f1-4985-b06b-5f0a929b8060: receive RaftClientReply:client-A5BCC62C3543->912a7d3b-e3f1-4985-b06b-5f0a929b8060@group-3636E5E7603C, cid=2508, SUCCESS, logIndex=3590, commits[912a7d3b-e3f1-4985-b06b-5f0a929b8060:c3591]
2019-07-13 08:32:37,755 INFO  client.GrpcClientProtocolClient (GrpcClientProtocolClient.java:onNext(255)) - client-A5BCC62C3543->912a7d3b-e3f1-4985-b06b-5f0a929b8060: receive RaftClientReply:client-A5BCC62C3543->912a7d3b-e3f1-4985-b06b-5f0a929b8060@group-3636E5E7603C, cid=2509, SUCCESS, logIndex=3593, commits[912a7d3b-e3f1-4985-b06b-5f0a929b8060:c3596]
2019-07-13 08:32:37,755 INFO  client.GrpcClientProtocolClient (GrpcClientProtocolClient.java:onNext(255)) - client-A5BCC62C3543->912a7d3b-e3f1-4985-b06b-5f0a929b8060: receive RaftClientReply:client-A5BCC62C3543->912a7d3b-e3f1-4985-b06b-5f0a929b8060@group-3636E5E7603C, cid=2510, SUCCESS, logIndex=3594, commits[912a7d3b-e3f1-4985-b06b-5f0a929b8060:c3597]
2019-07-13 08:32:37,756 INFO  client.GrpcClientProtocolClient (GrpcClientProtocolClient.java:onNext(255)) - client-A5BCC62C3543->912a7d3b-e3f1-4985-b06b-5f0a929b8060: receive RaftClientReply:client-A5BCC62C3543->912a7d3b-e3f1-4985-b06b-5f0a929b8060@group-3636E5E7603C, cid=2511, SUCCESS, logIndex=3595, commits[912a7d3b-e3f1-4985-b06b-5f0a929b8060:c3597]
2019-07-13 08:32:37,756 INFO  client.GrpcClientProtocolClient (GrpcClientProtocolClient.java:onNext(255)) - client-A5BCC62C3543->912a7d3b-e3f1-4985-b06b-5f0a929b8060: receive RaftClientReply:client-A5BCC62C3543->912a7d3b-e3f1-4985-b06b-5f0a929b8060@group-3636E5E7603C, cid=2512, SUCCESS, logIndex=3596, commits[912a7d3b-e3f1-4985-b06b-5f0a929b8060:c3597]
2019-07-13 08:32:37,762 DEBUG block.SCMBlockDeletingService (SCMBlockDeletingService.java:call(138)) - Running DeletedBlockTransactionScanner
2019-07-13 08:32:37,762 DEBUG block.SCMBlockDeletingService (SCMBlockDeletingService.java:call(155)) - Scanned deleted blocks log and got 0 delTX to process.
2019-07-13 08:32:37,787 INFO  client.GrpcClientProtocolClient (GrpcClientProtocolClient.java:onNext(255)) - client-A5BCC62C3543->912a7d3b-e3f1-4985-b06b-5f0a929b8060: receive RaftClientReply:client-A5BCC62C3543->912a7d3b-e3f1-4985-b06b-5f0a929b8060@group-3636E5E7603C, cid=2513, SUCCESS, logIndex=3598, commits[912a7d3b-e3f1-4985-b06b-5f0a929b8060:c3601]
2019-07-13 08:32:37,788 INFO  client.GrpcClientProtocolClient (GrpcClientProtocolClient.java:onNext(255)) - client-A5BCC62C3543->912a7d3b-e3f1-4985-b06b-5f0a929b8060: receive RaftClientReply:client-A5BCC62C3543->912a7d3b-e3f1-4985-b06b-5f0a929b8060@group-3636E5E7603C, cid=2514, SUCCESS, logIndex=3599, commits[912a7d3b-e3f1-4985-b06b-5f0a929b8060:c3602]
2019-07-13 08:32:37,788 INFO  client.GrpcClientProtocolClient (GrpcClientProtocolClient.java:onNext(255)) - client-A5BCC62C3543->912a7d3b-e3f1-4985-b06b-5f0a929b8060: receive RaftClientReply:client-A5BCC62C3543->912a7d3b-e3f1-4985-b06b-5f0a929b8060@group-3636E5E7603C, cid=2515, SUCCESS, logIndex=3600, commits[912a7d3b-e3f1-4985-b06b-5f0a929b8060:c3602]
2019-07-13 08:32:37,788 INFO  client.GrpcClientProtocolClient (GrpcClientProtocolClient.java:onNext(255)) - client-A5BCC62C3543->912a7d3b-e3f1-4985-b06b-5f0a929b8060: receive RaftClientReply:client-A5BCC62C3543->912a7d3b-e3f1-4985-b06b-5f0a929b8060@group-3636E5E7603C, cid=2516, SUCCESS, logIndex=3601, commits[912a7d3b-e3f1-4985-b06b-5f0a929b8060:c3602]
2019-07-13 08:32:37,811 INFO  client.GrpcClientProtocolClient (GrpcClientProtocolClient.java:onNext(255)) - client-A5BCC62C3543->912a7d3b-e3f1-4985-b06b-5f0a929b8060: receive RaftClientReply:client-A5BCC62C3543->912a7d3b-e3f1-4985-b06b-5f0a929b8060@group-3636E5E7603C, cid=2517, SUCCESS, logIndex=3603, commits[912a7d3b-e3f1-4985-b06b-5f0a929b8060:c3604]
2019-07-13 08:32:37,811 INFO  client.GrpcClientProtocolClient (GrpcClientProtocolClient.java:onNext(255)) - client-A5BCC62C3543->912a7d3b-e3f1-4985-b06b-5f0a929b8060: receive RaftClientReply:client-A5BCC62C3543->912a7d3b-e3f1-4985-b06b-5f0a929b8060@group-3636E5E7603C, cid=2518, SUCCESS, logIndex=3604, commits[912a7d3b-e3f1-4985-b06b-5f0a929b8060:c3605]
2019-07-13 08:32:37,863 DEBUG block.SCMBlockDeletingService (SCMBlockDeletingService.java:call(138)) - Running DeletedBlockTransactionScanner
2019-07-13 08:32:37,863 DEBUG block.SCMBlockDeletingService (SCMBlockDeletingService.java:call(155)) - Scanned deleted blocks log and got 0 delTX to process.
2019-07-13 08:32:37,909 INFO  client.GrpcClientProtocolClient (GrpcClientProtocolClient.java:onNext(255)) - client-A5BCC62C3543->912a7d3b-e3f1-4985-b06b-5f0a929b8060: receive RaftClientReply:client-A5BCC62C3543->912a7d3b-e3f1-4985-b06b-5f0a929b8060@group-3636E5E7603C, cid=2519, SUCCESS, logIndex=3606, commits[912a7d3b-e3f1-4985-b06b-5f0a929b8060:c3607]
2019-07-13 08:32:37,909 INFO  client.GrpcClientProtocolClient (GrpcClientProtocolClient.java:onNext(255)) - client-A5BCC62C3543->912a7d3b-e3f1-4985-b06b-5f0a929b8060: receive RaftClientReply:client-A5BCC62C3543->912a7d3b-e3f1-4985-b06b-5f0a929b8060@group-3636E5E7603C, cid=2520, SUCCESS, logIndex=3607, commits[912a7d3b-e3f1-4985-b06b-5f0a929b8060:c3608]
2019-07-13 08:32:37,936 INFO  client.GrpcClientProtocolClient (GrpcClientProtocolClient.java:onNext(255)) - client-A5BCC62C3543->912a7d3b-e3f1-4985-b06b-5f0a929b8060: receive RaftClientReply:client-A5BCC62C3543->912a7d3b-e3f1-4985-b06b-5f0a929b8060@group-3636E5E7603C, cid=2521, SUCCESS, logIndex=3609, commits[912a7d3b-e3f1-4985-b06b-5f0a929b8060:c3610]
2019-07-13 08:32:37,937 INFO  client.GrpcClientProtocolClient (GrpcClientProtocolClient.java:onNext(255)) - client-A5BCC62C3543->912a7d3b-e3f1-4985-b06b-5f0a929b8060: receive RaftClientReply:client-A5BCC62C3543->912a7d3b-e3f1-4985-b06b-5f0a929b8060@group-3636E5E7603C, cid=2522, SUCCESS, logIndex=3610, commits[912a7d3b-e3f1-4985-b06b-5f0a929b8060:c3610]
2019-07-13 08:32:37,938 INFO  client.GrpcClientProtocolClient (GrpcClientProtocolClient.java:onNext(255)) - client-A5BCC62C3543->912a7d3b-e3f1-4985-b06b-5f0a929b8060: receive RaftClientReply:client-A5BCC62C3543->912a7d3b-e3f1-4985-b06b-5f0a929b8060@group-3636E5E7603C, cid=2523, SUCCESS, logIndex=3611, commits[912a7d3b-e3f1-4985-b06b-5f0a929b8060:c3612]
2019-07-13 08:32:37,938 INFO  client.GrpcClientProtocolClient (GrpcClientProtocolClient.java:onNext(255)) - client-A5BCC62C3543->912a7d3b-e3f1-4985-b06b-5f0a929b8060: receive RaftClientReply:client-A5BCC62C3543->912a7d3b-e3f1-4985-b06b-5f0a929b8060@group-3636E5E7603C, cid=2524, SUCCESS, logIndex=3612, commits[912a7d3b-e3f1-4985-b06b-5f0a929b8060:c3612]
2019-07-13 08:32:37,950 INFO  client.GrpcClientProtocolClient (GrpcClientProtocolClient.java:onNext(255)) - client-A5BCC62C3543->912a7d3b-e3f1-4985-b06b-5f0a929b8060: receive RaftClientReply:client-A5BCC62C3543->912a7d3b-e3f1-4985-b06b-5f0a929b8060@group-3636E5E7603C, cid=2525, SUCCESS, logIndex=3615, commits[912a7d3b-e3f1-4985-b06b-5f0a929b8060:c3618]
2019-07-13 08:32:37,950 INFO  client.GrpcClientProtocolClient (GrpcClientProtocolClient.java:onNext(255)) - client-A5BCC62C3543->912a7d3b-e3f1-4985-b06b-5f0a929b8060: receive RaftClientReply:client-A5BCC62C3543->912a7d3b-e3f1-4985-b06b-5f0a929b8060@group-3636E5E7603C, cid=2526, SUCCESS, logIndex=3616, commits[912a7d3b-e3f1-4985-b06b-5f0a929b8060:c3619]
2019-07-13 08:32:37,951 INFO  client.GrpcClientProtocolClient (GrpcClientProtocolClient.java:onNext(255)) - client-A5BCC62C3543->912a7d3b-e3f1-4985-b06b-5f0a929b8060: receive RaftClientReply:client-A5BCC62C3543->912a7d3b-e3f1-4985-b06b-5f0a929b8060@group-3636E5E7603C, cid=2527, SUCCESS, logIndex=3617, commits[912a7d3b-e3f1-4985-b06b-5f0a929b8060:c3619]
2019-07-13 08:32:37,951 INFO  client.GrpcClientProtocolClient (GrpcClientProtocolClient.java:onNext(255)) - client-A5BCC62C3543->912a7d3b-e3f1-4985-b06b-5f0a929b8060: receive RaftClientReply:client-A5BCC62C3543->912a7d3b-e3f1-4985-b06b-5f0a929b8060@group-3636E5E7603C, cid=2528, SUCCESS, logIndex=3618, commits[912a7d3b-e3f1-4985-b06b-5f0a929b8060:c3619]
2019-07-13 08:32:37,963 DEBUG block.SCMBlockDeletingService (SCMBlockDeletingService.java:call(138)) - Running DeletedBlockTransactionScanner
2019-07-13 08:32:37,964 DEBUG block.SCMBlockDeletingService (SCMBlockDeletingService.java:call(155)) - Scanned deleted blocks log and got 0 delTX to process.
2019-07-13 08:32:37,977 INFO  client.GrpcClientProtocolClient (GrpcClientProtocolClient.java:onNext(255)) - client-A5BCC62C3543->912a7d3b-e3f1-4985-b06b-5f0a929b8060: receive RaftClientReply:client-A5BCC62C3543->912a7d3b-e3f1-4985-b06b-5f0a929b8060@group-3636E5E7603C, cid=2529, SUCCESS, logIndex=3620, commits[912a7d3b-e3f1-4985-b06b-5f0a929b8060:c3621]
2019-07-13 08:32:37,978 INFO  client.GrpcClientProtocolClient (GrpcClientProtocolClient.java:onNext(255)) - client-A5BCC62C3543->912a7d3b-e3f1-4985-b06b-5f0a929b8060: receive RaftClientReply:client-A5BCC62C3543->912a7d3b-e3f1-4985-b06b-5f0a929b8060@group-3636E5E7603C, cid=2530, SUCCESS, logIndex=3621, commits[912a7d3b-e3f1-4985-b06b-5f0a929b8060:c3621]
2019-07-13 08:32:37,986 INFO  client.GrpcClientProtocolClient (GrpcClientProtocolClient.java:onNext(255)) - client-A5BCC62C3543->912a7d3b-e3f1-4985-b06b-5f0a929b8060: receive RaftClientReply:client-A5BCC62C3543->912a7d3b-e3f1-4985-b06b-5f0a929b8060@group-3636E5E7603C, cid=2531, SUCCESS, logIndex=3622, commits[912a7d3b-e3f1-4985-b06b-5f0a929b8060:c3623]
2019-07-13 08:32:37,986 INFO  client.GrpcClientProtocolClient (GrpcClientProtocolClient.java:onNext(255)) - client-A5BCC62C3543->912a7d3b-e3f1-4985-b06b-5f0a929b8060: receive RaftClientReply:client-A5BCC62C3543->912a7d3b-e3f1-4985-b06b-5f0a929b8060@group-3636E5E7603C, cid=2532, SUCCESS, logIndex=3623, commits[912a7d3b-e3f1-4985-b06b-5f0a929b8060:c3623]
2019-07-13 08:32:38,007 INFO  client.GrpcClientProtocolClient (GrpcClientProtocolClient.java:onNext(255)) - client-A5BCC62C3543->912a7d3b-e3f1-4985-b06b-5f0a929b8060: receive RaftClientReply:client-A5BCC62C3543->912a7d3b-e3f1-4985-b06b-5f0a929b8060@group-3636E5E7603C, cid=2533, SUCCESS, logIndex=3626, commits[912a7d3b-e3f1-4985-b06b-5f0a929b8060:c3629]
2019-07-13 08:32:38,007 INFO  client.GrpcClientProtocolClient (GrpcClientProtocolClient.java:onNext(255)) - client-A5BCC62C3543->912a7d3b-e3f1-4985-b06b-5f0a929b8060: receive RaftClientReply:client-A5BCC62C3543->912a7d3b-e3f1-4985-b06b-5f0a929b8060@group-3636E5E7603C, cid=2534, SUCCESS, logIndex=3627, commits[912a7d3b-e3f1-4985-b06b-5f0a929b8060:c3629]
2019-07-13 08:32:38,007 INFO  client.GrpcClientProtocolClient (GrpcClientProtocolClient.java:onNext(255)) - client-A5BCC62C3543->912a7d3b-e3f1-4985-b06b-5f0a929b8060: receive RaftClientReply:client-A5BCC62C3543->912a7d3b-e3f1-4985-b06b-5f0a929b8060@group-3636E5E7603C, cid=2535, SUCCESS, logIndex=3628, commits[912a7d3b-e3f1-4985-b06b-5f0a929b8060:c3630]
2019-07-13 08:32:38,008 INFO  client.GrpcClientProtocolClient (GrpcClientProtocolClient.java:onNext(255)) - client-A5BCC62C3543->912a7d3b-e3f1-4985-b06b-5f0a929b8060: receive RaftClientReply:client-A5BCC62C3543->912a7d3b-e3f1-4985-b06b-5f0a929b8060@group-3636E5E7603C, cid=2536, SUCCESS, logIndex=3629, commits[912a7d3b-e3f1-4985-b06b-5f0a929b8060:c3630]
2019-07-13 08:32:38,038 INFO  client.GrpcClientProtocolClient (GrpcClientProtocolClient.java:onNext(255)) - client-A5BCC62C3543->912a7d3b-e3f1-4985-b06b-5f0a929b8060: receive RaftClientReply:client-A5BCC62C3543->912a7d3b-e3f1-4985-b06b-5f0a929b8060@group-3636E5E7603C, cid=2537, SUCCESS, logIndex=3631, commits[912a7d3b-e3f1-4985-b06b-5f0a929b8060:c3634]
2019-07-13 08:32:38,038 INFO  client.GrpcClientProtocolClient (GrpcClientProtocolClient.java:onNext(255)) - client-A5BCC62C3543->912a7d3b-e3f1-4985-b06b-5f0a929b8060: receive RaftClientReply:client-A5BCC62C3543->912a7d3b-e3f1-4985-b06b-5f0a929b8060@group-3636E5E7603C, cid=2538, SUCCESS, logIndex=3632, commits[912a7d3b-e3f1-4985-b06b-5f0a929b8060:c3635]
2019-07-13 08:32:38,038 INFO  client.GrpcClientProtocolClient (GrpcClientProtocolClient.java:onNext(255)) - client-A5BCC62C3543->912a7d3b-e3f1-4985-b06b-5f0a929b8060: receive RaftClientReply:client-A5BCC62C3543->912a7d3b-e3f1-4985-b06b-5f0a929b8060@group-3636E5E7603C, cid=2539, SUCCESS, logIndex=3633, commits[912a7d3b-e3f1-4985-b06b-5f0a929b8060:c3635]
2019-07-13 08:32:38,039 INFO  client.GrpcClientProtocolClient (GrpcClientProtocolClient.java:onNext(255)) - client-A5BCC62C3543->912a7d3b-e3f1-4985-b06b-5f0a929b8060: receive RaftClientReply:client-A5BCC62C3543->912a7d3b-e3f1-4985-b06b-5f0a929b8060@group-3636E5E7603C, cid=2540, SUCCESS, logIndex=3634, commits[912a7d3b-e3f1-4985-b06b-5f0a929b8060:c3635]
2019-07-13 08:32:38,057 INFO  client.GrpcClientProtocolClient (GrpcClientProtocolClient.java:onNext(255)) - client-A5BCC62C3543->912a7d3b-e3f1-4985-b06b-5f0a929b8060: receive RaftClientReply:client-A5BCC62C3543->912a7d3b-e3f1-4985-b06b-5f0a929b8060@group-3636E5E7603C, cid=2541, SUCCESS, logIndex=3636, commits[912a7d3b-e3f1-4985-b06b-5f0a929b8060:c3637]
2019-07-13 08:32:38,058 INFO  client.GrpcClientProtocolClient (GrpcClientProtocolClient.java:onNext(255)) - client-A5BCC62C3543->912a7d3b-e3f1-4985-b06b-5f0a929b8060: receive RaftClientReply:client-A5BCC62C3543->912a7d3b-e3f1-4985-b06b-5f0a929b8060@group-3636E5E7603C, cid=2542, SUCCESS, logIndex=3637, commits[912a7d3b-e3f1-4985-b06b-5f0a929b8060:c3639]
2019-07-13 08:32:38,058 INFO  client.GrpcClientProtocolClient (GrpcClientProtocolClient.java:onNext(255)) - client-A5BCC62C3543->912a7d3b-e3f1-4985-b06b-5f0a929b8060: receive RaftClientReply:client-A5BCC62C3543->912a7d3b-e3f1-4985-b06b-5f0a929b8060@group-3636E5E7603C, cid=2543, SUCCESS, logIndex=3638, commits[912a7d3b-e3f1-4985-b06b-5f0a929b8060:c3640]
2019-07-13 08:32:38,058 INFO  client.GrpcClientProtocolClient (GrpcClientProtocolClient.java:onNext(255)) - client-A5BCC62C3543->912a7d3b-e3f1-4985-b06b-5f0a929b8060: receive RaftClientReply:client-A5BCC62C3543->912a7d3b-e3f1-4985-b06b-5f0a929b8060@group-3636E5E7603C, cid=2544, SUCCESS, logIndex=3639, commits[912a7d3b-e3f1-4985-b06b-5f0a929b8060:c3640]
2019-07-13 08:32:38,064 DEBUG block.SCMBlockDeletingService (SCMBlockDeletingService.java:call(138)) - Running DeletedBlockTransactionScanner
2019-07-13 08:32:38,064 DEBUG block.SCMBlockDeletingService (SCMBlockDeletingService.java:call(155)) - Scanned deleted blocks log and got 0 delTX to process.
2019-07-13 08:32:38,081 INFO  client.GrpcClientProtocolClient (GrpcClientProtocolClient.java:onNext(255)) - client-A5BCC62C3543->912a7d3b-e3f1-4985-b06b-5f0a929b8060: receive RaftClientReply:client-A5BCC62C3543->912a7d3b-e3f1-4985-b06b-5f0a929b8060@group-3636E5E7603C, cid=2545, SUCCESS, logIndex=3642, commits[912a7d3b-e3f1-4985-b06b-5f0a929b8060:c3643]
2019-07-13 08:32:38,081 INFO  client.GrpcClientProtocolClient (GrpcClientProtocolClient.java:onNext(255)) - client-A5BCC62C3543->912a7d3b-e3f1-4985-b06b-5f0a929b8060: receive RaftClientReply:client-A5BCC62C3543->912a7d3b-e3f1-4985-b06b-5f0a929b8060@group-3636E5E7603C, cid=2546, SUCCESS, logIndex=3643, commits[912a7d3b-e3f1-4985-b06b-5f0a929b8060:c3645]
2019-07-13 08:32:38,081 INFO  client.GrpcClientProtocolClient (GrpcClientProtocolClient.java:onNext(255)) - client-A5BCC62C3543->912a7d3b-e3f1-4985-b06b-5f0a929b8060: receive RaftClientReply:client-A5BCC62C3543->912a7d3b-e3f1-4985-b06b-5f0a929b8060@group-3636E5E7603C, cid=2547, SUCCESS, logIndex=3644, commits[912a7d3b-e3f1-4985-b06b-5f0a929b8060:c3645]
2019-07-13 08:32:38,082 INFO  client.GrpcClientProtocolClient (GrpcClientProtocolClient.java:onNext(255)) - client-A5BCC62C3543->912a7d3b-e3f1-4985-b06b-5f0a929b8060: receive RaftClientReply:client-A5BCC62C3543->912a7d3b-e3f1-4985-b06b-5f0a929b8060@group-3636E5E7603C, cid=2548, SUCCESS, logIndex=3645, commits[912a7d3b-e3f1-4985-b06b-5f0a929b8060:c3646]
2019-07-13 08:32:38,099 INFO  client.GrpcClientProtocolClient (GrpcClientProtocolClient.java:onNext(255)) - client-A5BCC62C3543->912a7d3b-e3f1-4985-b06b-5f0a929b8060: receive RaftClientReply:client-A5BCC62C3543->912a7d3b-e3f1-4985-b06b-5f0a929b8060@group-3636E5E7603C, cid=2549, SUCCESS, logIndex=3648, commits[912a7d3b-e3f1-4985-b06b-5f0a929b8060:c3649]
2019-07-13 08:32:38,099 INFO  client.GrpcClientProtocolClient (GrpcClientProtocolClient.java:onNext(255)) - client-A5BCC62C3543->912a7d3b-e3f1-4985-b06b-5f0a929b8060: receive RaftClientReply:client-A5BCC62C3543->912a7d3b-e3f1-4985-b06b-5f0a929b8060@group-3636E5E7603C, cid=2550, SUCCESS, logIndex=3649, commits[912a7d3b-e3f1-4985-b06b-5f0a929b8060:c3651]
2019-07-13 08:32:38,099 INFO  client.GrpcClientProtocolClient (GrpcClientProtocolClient.java:onNext(255)) - client-A5BCC62C3543->912a7d3b-e3f1-4985-b06b-5f0a929b8060: receive RaftClientReply:client-A5BCC62C3543->912a7d3b-e3f1-4985-b06b-5f0a929b8060@group-3636E5E7603C, cid=2551, SUCCESS, logIndex=3650, commits[912a7d3b-e3f1-4985-b06b-5f0a929b8060:c3651]
2019-07-13 08:32:38,100 INFO  client.GrpcClientProtocolClient (GrpcClientProtocolClient.java:onNext(255)) - client-A5BCC62C3543->912a7d3b-e3f1-4985-b06b-5f0a929b8060: receive RaftClientReply:client-A5BCC62C3543->912a7d3b-e3f1-4985-b06b-5f0a929b8060@group-3636E5E7603C, cid=2552, SUCCESS, logIndex=3651, commits[912a7d3b-e3f1-4985-b06b-5f0a929b8060:c3651]
2019-07-13 08:32:38,123 INFO  client.GrpcClientProtocolClient (GrpcClientProtocolClient.java:onNext(255)) - client-A5BCC62C3543->912a7d3b-e3f1-4985-b06b-5f0a929b8060: receive RaftClientReply:client-A5BCC62C3543->912a7d3b-e3f1-4985-b06b-5f0a929b8060@group-3636E5E7603C, cid=2553, SUCCESS, logIndex=3654, commits[912a7d3b-e3f1-4985-b06b-5f0a929b8060:c3657]
2019-07-13 08:32:38,124 INFO  client.GrpcClientProtocolClient (GrpcClientProtocolClient.java:onNext(255)) - client-A5BCC62C3543->912a7d3b-e3f1-4985-b06b-5f0a929b8060: receive RaftClientReply:client-A5BCC62C3543->912a7d3b-e3f1-4985-b06b-5f0a929b8060@group-3636E5E7603C, cid=2554, SUCCESS, logIndex=3655, commits[912a7d3b-e3f1-4985-b06b-5f0a929b8060:c3657]
2019-07-13 08:32:38,124 INFO  client.GrpcClientProtocolClient (GrpcClientProtocolClient.java:onNext(255)) - client-A5BCC62C3543->912a7d3b-e3f1-4985-b06b-5f0a929b8060: receive RaftClientReply:client-A5BCC62C3543->912a7d3b-e3f1-4985-b06b-5f0a929b8060@group-3636E5E7603C, cid=2555, SUCCESS, logIndex=3656, commits[912a7d3b-e3f1-4985-b06b-5f0a929b8060:c3658]
2019-07-13 08:32:38,124 INFO  client.GrpcClientProtocolClient (GrpcClientProtocolClient.java:onNext(255)) - client-A5BCC62C3543->912a7d3b-e3f1-4985-b06b-5f0a929b8060: receive RaftClientReply:client-A5BCC62C3543->912a7d3b-e3f1-4985-b06b-5f0a929b8060@group-3636E5E7603C, cid=2556, SUCCESS, logIndex=3657, commits[912a7d3b-e3f1-4985-b06b-5f0a929b8060:c3659]
2019-07-13 08:32:38,201 DEBUG block.SCMBlockDeletingService (SCMBlockDeletingService.java:call(138)) - Running DeletedBlockTransactionScanner
2019-07-13 08:32:38,201 DEBUG block.SCMBlockDeletingService (SCMBlockDeletingService.java:call(155)) - Scanned deleted blocks log and got 0 delTX to process.
2019-07-13 08:32:38,215 INFO  client.GrpcClientProtocolClient (GrpcClientProtocolClient.java:onNext(255)) - client-A5BCC62C3543->912a7d3b-e3f1-4985-b06b-5f0a929b8060: receive RaftClientReply:client-A5BCC62C3543->912a7d3b-e3f1-4985-b06b-5f0a929b8060@group-3636E5E7603C, cid=2557, SUCCESS, logIndex=3660, commits[912a7d3b-e3f1-4985-b06b-5f0a929b8060:c3661]
2019-07-13 08:32:38,215 INFO  client.GrpcClientProtocolClient (GrpcClientProtocolClient.java:onNext(255)) - client-A5BCC62C3543->912a7d3b-e3f1-4985-b06b-5f0a929b8060: receive RaftClientReply:client-A5BCC62C3543->912a7d3b-e3f1-4985-b06b-5f0a929b8060@group-3636E5E7603C, cid=2558, SUCCESS, logIndex=3661, commits[912a7d3b-e3f1-4985-b06b-5f0a929b8060:c3663]
2019-07-13 08:32:38,216 INFO  client.GrpcClientProtocolClient (GrpcClientProtocolClient.java:onNext(255)) - client-A5BCC62C3543->912a7d3b-e3f1-4985-b06b-5f0a929b8060: receive RaftClientReply:client-A5BCC62C3543->912a7d3b-e3f1-4985-b06b-5f0a929b8060@group-3636E5E7603C, cid=2559, SUCCESS, logIndex=3662, commits[912a7d3b-e3f1-4985-b06b-5f0a929b8060:c3664]
2019-07-13 08:32:38,216 INFO  client.GrpcClientProtocolClient (GrpcClientProtocolClient.java:onNext(255)) - client-A5BCC62C3543->912a7d3b-e3f1-4985-b06b-5f0a929b8060: receive RaftClientReply:client-A5BCC62C3543->912a7d3b-e3f1-4985-b06b-5f0a929b8060@group-3636E5E7603C, cid=2560, SUCCESS, logIndex=3663, commits[912a7d3b-e3f1-4985-b06b-5f0a929b8060:c3665]
2019-07-13 08:32:38,249 INFO  client.GrpcClientProtocolClient (GrpcClientProtocolClient.java:onNext(255)) - client-A5BCC62C3543->912a7d3b-e3f1-4985-b06b-5f0a929b8060: receive RaftClientReply:client-A5BCC62C3543->912a7d3b-e3f1-4985-b06b-5f0a929b8060@group-3636E5E7603C, cid=2561, SUCCESS, logIndex=3666, commits[912a7d3b-e3f1-4985-b06b-5f0a929b8060:c3667]
2019-07-13 08:32:38,250 INFO  client.GrpcClientProtocolClient (GrpcClientProtocolClient.java:onNext(255)) - client-A5BCC62C3543->912a7d3b-e3f1-4985-b06b-5f0a929b8060: receive RaftClientReply:client-A5BCC62C3543->912a7d3b-e3f1-4985-b06b-5f0a929b8060@group-3636E5E7603C, cid=2562, SUCCESS, logIndex=3667, commits[912a7d3b-e3f1-4985-b06b-5f0a929b8060:c3668]
2019-07-13 08:32:38,302 DEBUG block.SCMBlockDeletingService (SCMBlockDeletingService.java:call(138)) - Running DeletedBlockTransactionScanner
2019-07-13 08:32:38,302 DEBUG block.SCMBlockDeletingService (SCMBlockDeletingService.java:call(155)) - Scanned deleted blocks log and got 0 delTX to process.
2019-07-13 08:32:38,357 INFO  client.GrpcClientProtocolClient (GrpcClientProtocolClient.java:onNext(255)) - client-A5BCC62C3543->912a7d3b-e3f1-4985-b06b-5f0a929b8060: receive RaftClientReply:client-A5BCC62C3543->912a7d3b-e3f1-4985-b06b-5f0a929b8060@group-3636E5E7603C, cid=2563, SUCCESS, logIndex=3669, commits[912a7d3b-e3f1-4985-b06b-5f0a929b8060:c3670]
2019-07-13 08:32:38,358 INFO  client.GrpcClientProtocolClient (GrpcClientProtocolClient.java:onNext(255)) - client-A5BCC62C3543->912a7d3b-e3f1-4985-b06b-5f0a929b8060: receive RaftClientReply:client-A5BCC62C3543->912a7d3b-e3f1-4985-b06b-5f0a929b8060@group-3636E5E7603C, cid=2564, SUCCESS, logIndex=3670, commits[912a7d3b-e3f1-4985-b06b-5f0a929b8060:c3671]
2019-07-13 08:32:38,369 INFO  client.GrpcClientProtocolClient (GrpcClientProtocolClient.java:onNext(255)) - client-A5BCC62C3543->912a7d3b-e3f1-4985-b06b-5f0a929b8060: receive RaftClientReply:client-A5BCC62C3543->912a7d3b-e3f1-4985-b06b-5f0a929b8060@group-3636E5E7603C, cid=2565, SUCCESS, logIndex=3672, commits[912a7d3b-e3f1-4985-b06b-5f0a929b8060:c3673]
2019-07-13 08:32:38,370 INFO  client.GrpcClientProtocolClient (GrpcClientProtocolClient.java:onNext(255)) - client-A5BCC62C3543->912a7d3b-e3f1-4985-b06b-5f0a929b8060: receive RaftClientReply:client-A5BCC62C3543->912a7d3b-e3f1-4985-b06b-5f0a929b8060@group-3636E5E7603C, cid=2566, SUCCESS, logIndex=3673, commits[912a7d3b-e3f1-4985-b06b-5f0a929b8060:c3675]
2019-07-13 08:32:38,370 INFO  client.GrpcClientProtocolClient (GrpcClientProtocolClient.java:onNext(255)) - client-A5BCC62C3543->912a7d3b-e3f1-4985-b06b-5f0a929b8060: receive RaftClientReply:client-A5BCC62C3543->912a7d3b-e3f1-4985-b06b-5f0a929b8060@group-3636E5E7603C, cid=2567, SUCCESS, logIndex=3674, commits[912a7d3b-e3f1-4985-b06b-5f0a929b8060:c3675]
2019-07-13 08:32:38,371 INFO  client.GrpcClientProtocolClient (GrpcClientProtocolClient.java:onNext(255)) - client-A5BCC62C3543->912a7d3b-e3f1-4985-b06b-5f0a929b8060: receive RaftClientReply:client-A5BCC62C3543->912a7d3b-e3f1-4985-b06b-5f0a929b8060@group-3636E5E7603C, cid=2568, SUCCESS, logIndex=3675, commits[912a7d3b-e3f1-4985-b06b-5f0a929b8060:c3676]
2019-07-13 08:32:38,398 INFO  client.GrpcClientProtocolClient (GrpcClientProtocolClient.java:onNext(255)) - client-A5BCC62C3543->912a7d3b-e3f1-4985-b06b-5f0a929b8060: receive RaftClientReply:client-A5BCC62C3543->912a7d3b-e3f1-4985-b06b-5f0a929b8060@group-3636E5E7603C, cid=2569, SUCCESS, logIndex=3678, commits[912a7d3b-e3f1-4985-b06b-5f0a929b8060:c3679]
2019-07-13 08:32:38,399 INFO  client.GrpcClientProtocolClient (GrpcClientProtocolClient.java:onNext(255)) - client-A5BCC62C3543->912a7d3b-e3f1-4985-b06b-5f0a929b8060: receive RaftClientReply:client-A5BCC62C3543->912a7d3b-e3f1-4985-b06b-5f0a929b8060@group-3636E5E7603C, cid=2570, SUCCESS, logIndex=3679, commits[912a7d3b-e3f1-4985-b06b-5f0a929b8060:c3679]
2019-07-13 08:32:38,400 INFO  client.GrpcClientProtocolClient (GrpcClientProtocolClient.java:onNext(255)) - client-A5BCC62C3543->912a7d3b-e3f1-4985-b06b-5f0a929b8060: receive RaftClientReply:client-A5BCC62C3543->912a7d3b-e3f1-4985-b06b-5f0a929b8060@group-3636E5E7603C, cid=2571, SUCCESS, logIndex=3680, commits[912a7d3b-e3f1-4985-b06b-5f0a929b8060:c3681]
2019-07-13 08:32:38,400 INFO  client.GrpcClientProtocolClient (GrpcClientProtocolClient.java:onNext(255)) - client-A5BCC62C3543->912a7d3b-e3f1-4985-b06b-5f0a929b8060: receive RaftClientReply:client-A5BCC62C3543->912a7d3b-e3f1-4985-b06b-5f0a929b8060@group-3636E5E7603C, cid=2572, SUCCESS, logIndex=3681, commits[912a7d3b-e3f1-4985-b06b-5f0a929b8060:c3681]
2019-07-13 08:32:38,403 DEBUG block.SCMBlockDeletingService (SCMBlockDeletingService.java:call(138)) - Running DeletedBlockTransactionScanner
2019-07-13 08:32:38,403 DEBUG block.SCMBlockDeletingService (SCMBlockDeletingService.java:call(155)) - Scanned deleted blocks log and got 0 delTX to process.
2019-07-13 08:32:38,412 INFO  client.GrpcClientProtocolClient (GrpcClientProtocolClient.java:onNext(255)) - client-A5BCC62C3543->912a7d3b-e3f1-4985-b06b-5f0a929b8060: receive RaftClientReply:client-A5BCC62C3543->912a7d3b-e3f1-4985-b06b-5f0a929b8060@group-3636E5E7603C, cid=2573, SUCCESS, logIndex=3684, commits[912a7d3b-e3f1-4985-b06b-5f0a929b8060:c3687]
2019-07-13 08:32:38,412 INFO  client.GrpcClientProtocolClient (GrpcClientProtocolClient.java:onNext(255)) - client-A5BCC62C3543->912a7d3b-e3f1-4985-b06b-5f0a929b8060: receive RaftClientReply:client-A5BCC62C3543->912a7d3b-e3f1-4985-b06b-5f0a929b8060@group-3636E5E7603C, cid=2574, SUCCESS, logIndex=3685, commits[912a7d3b-e3f1-4985-b06b-5f0a929b8060:c3688]
2019-07-13 08:32:38,412 INFO  client.GrpcClientProtocolClient (GrpcClientProtocolClient.java:onNext(255)) - client-A5BCC62C3543->912a7d3b-e3f1-4985-b06b-5f0a929b8060: receive RaftClientReply:client-A5BCC62C3543->912a7d3b-e3f1-4985-b06b-5f0a929b8060@group-3636E5E7603C, cid=2575, SUCCESS, logIndex=3686, commits[912a7d3b-e3f1-4985-b06b-5f0a929b8060:c3688]
2019-07-13 08:32:38,413 INFO  client.GrpcClientProtocolClient (GrpcClientProtocolClient.java:onNext(255)) - client-A5BCC62C3543->912a7d3b-e3f1-4985-b06b-5f0a929b8060: receive RaftClientReply:client-A5BCC62C3543->912a7d3b-e3f1-4985-b06b-5f0a929b8060@group-3636E5E7603C, cid=2576, SUCCESS, logIndex=3687, commits[912a7d3b-e3f1-4985-b06b-5f0a929b8060:c3688]
2019-07-13 08:32:38,441 INFO  client.GrpcClientProtocolClient (GrpcClientProtocolClient.java:onNext(255)) - client-A5BCC62C3543->912a7d3b-e3f1-4985-b06b-5f0a929b8060: receive RaftClientReply:client-A5BCC62C3543->912a7d3b-e3f1-4985-b06b-5f0a929b8060@group-3636E5E7603C, cid=2577, SUCCESS, logIndex=3689, commits[912a7d3b-e3f1-4985-b06b-5f0a929b8060:c3692]
2019-07-13 08:32:38,442 INFO  client.GrpcClientProtocolClient (GrpcClientProtocolClient.java:onNext(255)) - client-A5BCC62C3543->912a7d3b-e3f1-4985-b06b-5f0a929b8060: receive RaftClientReply:client-A5BCC62C3543->912a7d3b-e3f1-4985-b06b-5f0a929b8060@group-3636E5E7603C, cid=2578, SUCCESS, logIndex=3690, commits[912a7d3b-e3f1-4985-b06b-5f0a929b8060:c3692]
2019-07-13 08:32:38,442 INFO  client.GrpcClientProtocolClient (GrpcClientProtocolClient.java:onNext(255)) - client-A5BCC62C3543->912a7d3b-e3f1-4985-b06b-5f0a929b8060: receive RaftClientReply:client-A5BCC62C3543->912a7d3b-e3f1-4985-b06b-5f0a929b8060@group-3636E5E7603C, cid=2579, SUCCESS, logIndex=3691, commits[912a7d3b-e3f1-4985-b06b-5f0a929b8060:c3693]
2019-07-13 08:32:38,442 INFO  client.GrpcClientProtocolClient (GrpcClientProtocolClient.java:onNext(255)) - client-A5BCC62C3543->912a7d3b-e3f1-4985-b06b-5f0a929b8060: receive RaftClientReply:client-A5BCC62C3543->912a7d3b-e3f1-4985-b06b-5f0a929b8060@group-3636E5E7603C, cid=2580, SUCCESS, logIndex=3692, commits[912a7d3b-e3f1-4985-b06b-5f0a929b8060:c3694]
2019-07-13 08:32:38,461 INFO  client.GrpcClientProtocolClient (GrpcClientProtocolClient.java:onNext(255)) - client-A5BCC62C3543->912a7d3b-e3f1-4985-b06b-5f0a929b8060: receive RaftClientReply:client-A5BCC62C3543->912a7d3b-e3f1-4985-b06b-5f0a929b8060@group-3636E5E7603C, cid=2581, SUCCESS, logIndex=3695, commits[912a7d3b-e3f1-4985-b06b-5f0a929b8060:c3696]
2019-07-13 08:32:38,461 INFO  client.GrpcClientProtocolClient (GrpcClientProtocolClient.java:onNext(255)) - client-A5BCC62C3543->912a7d3b-e3f1-4985-b06b-5f0a929b8060: receive RaftClientReply:client-A5BCC62C3543->912a7d3b-e3f1-4985-b06b-5f0a929b8060@group-3636E5E7603C, cid=2582, SUCCESS, logIndex=3696, commits[912a7d3b-e3f1-4985-b06b-5f0a929b8060:c3696]
2019-07-13 08:32:38,463 INFO  client.GrpcClientProtocolClient (GrpcClientProtocolClient.java:onNext(255)) - client-A5BCC62C3543->912a7d3b-e3f1-4985-b06b-5f0a929b8060: receive RaftClientReply:client-A5BCC62C3543->912a7d3b-e3f1-4985-b06b-5f0a929b8060@group-3636E5E7603C, cid=2583, SUCCESS, logIndex=3697, commits[912a7d3b-e3f1-4985-b06b-5f0a929b8060:c3698]
2019-07-13 08:32:38,464 INFO  client.GrpcClientProtocolClient (GrpcClientProtocolClient.java:onNext(255)) - client-A5BCC62C3543->912a7d3b-e3f1-4985-b06b-5f0a929b8060: receive RaftClientReply:client-A5BCC62C3543->912a7d3b-e3f1-4985-b06b-5f0a929b8060@group-3636E5E7603C, cid=2584, SUCCESS, logIndex=3698, commits[912a7d3b-e3f1-4985-b06b-5f0a929b8060:c3698]
2019-07-13 08:32:38,493 INFO  client.GrpcClientProtocolClient (GrpcClientProtocolClient.java:onNext(255)) - client-A5BCC62C3543->912a7d3b-e3f1-4985-b06b-5f0a929b8060: receive RaftClientReply:client-A5BCC62C3543->912a7d3b-e3f1-4985-b06b-5f0a929b8060@group-3636E5E7603C, cid=2585, SUCCESS, logIndex=3701, commits[912a7d3b-e3f1-4985-b06b-5f0a929b8060:c3702]
2019-07-13 08:32:38,493 INFO  client.GrpcClientProtocolClient (GrpcClientProtocolClient.java:onNext(255)) - client-A5BCC62C3543->912a7d3b-e3f1-4985-b06b-5f0a929b8060: receive RaftClientReply:client-A5BCC62C3543->912a7d3b-e3f1-4985-b06b-5f0a929b8060@group-3636E5E7603C, cid=2586, SUCCESS, logIndex=3702, commits[912a7d3b-e3f1-4985-b06b-5f0a929b8060:c3704]
2019-07-13 08:32:38,494 INFO  client.GrpcClientProtocolClient (GrpcClientProtocolClient.java:onNext(255)) - client-A5BCC62C3543->912a7d3b-e3f1-4985-b06b-5f0a929b8060: receive RaftClientReply:client-A5BCC62C3543->912a7d3b-e3f1-4985-b06b-5f0a929b8060@group-3636E5E7603C, cid=2587, SUCCESS, logIndex=3703, commits[912a7d3b-e3f1-4985-b06b-5f0a929b8060:c3705]
2019-07-13 08:32:38,494 INFO  client.GrpcClientProtocolClient (GrpcClientProtocolClient.java:onNext(255)) - client-A5BCC62C3543->912a7d3b-e3f1-4985-b06b-5f0a929b8060: receive RaftClientReply:client-A5BCC62C3543->912a7d3b-e3f1-4985-b06b-5f0a929b8060@group-3636E5E7603C, cid=2588, SUCCESS, logIndex=3704, commits[912a7d3b-e3f1-4985-b06b-5f0a929b8060:c3706]
2019-07-13 08:32:38,503 DEBUG block.SCMBlockDeletingService (SCMBlockDeletingService.java:call(138)) - Running DeletedBlockTransactionScanner
2019-07-13 08:32:38,504 DEBUG block.SCMBlockDeletingService (SCMBlockDeletingService.java:call(155)) - Scanned deleted blocks log and got 0 delTX to process.
2019-07-13 08:32:38,513 INFO  client.GrpcClientProtocolClient (GrpcClientProtocolClient.java:onNext(255)) - client-A5BCC62C3543->912a7d3b-e3f1-4985-b06b-5f0a929b8060: receive RaftClientReply:client-A5BCC62C3543->912a7d3b-e3f1-4985-b06b-5f0a929b8060@group-3636E5E7603C, cid=2589, SUCCESS, logIndex=3707, commits[912a7d3b-e3f1-4985-b06b-5f0a929b8060:c3708]
2019-07-13 08:32:38,514 INFO  client.GrpcClientProtocolClient (GrpcClientProtocolClient.java:onNext(255)) - client-A5BCC62C3543->912a7d3b-e3f1-4985-b06b-5f0a929b8060: receive RaftClientReply:client-A5BCC62C3543->912a7d3b-e3f1-4985-b06b-5f0a929b8060@group-3636E5E7603C, cid=2590, SUCCESS, logIndex=3708, commits[912a7d3b-e3f1-4985-b06b-5f0a929b8060:c3708]
2019-07-13 08:32:38,515 INFO  client.GrpcClientProtocolClient (GrpcClientProtocolClient.java:onNext(255)) - client-A5BCC62C3543->912a7d3b-e3f1-4985-b06b-5f0a929b8060: receive RaftClientReply:client-A5BCC62C3543->912a7d3b-e3f1-4985-b06b-5f0a929b8060@group-3636E5E7603C, cid=2591, SUCCESS, logIndex=3709, commits[912a7d3b-e3f1-4985-b06b-5f0a929b8060:c3710]
2019-07-13 08:32:38,516 INFO  client.GrpcClientProtocolClient (GrpcClientProtocolClient.java:onNext(255)) - client-A5BCC62C3543->912a7d3b-e3f1-4985-b06b-5f0a929b8060: receive RaftClientReply:client-A5BCC62C3543->912a7d3b-e3f1-4985-b06b-5f0a929b8060@group-3636E5E7603C, cid=2592, SUCCESS, logIndex=3710, commits[912a7d3b-e3f1-4985-b06b-5f0a929b8060:c3710]
2019-07-13 08:32:38,544 INFO  client.GrpcClientProtocolClient (GrpcClientProtocolClient.java:onNext(255)) - client-A5BCC62C3543->912a7d3b-e3f1-4985-b06b-5f0a929b8060: receive RaftClientReply:client-A5BCC62C3543->912a7d3b-e3f1-4985-b06b-5f0a929b8060@group-3636E5E7603C, cid=2593, SUCCESS, logIndex=3713, commits[912a7d3b-e3f1-4985-b06b-5f0a929b8060:c3716]
2019-07-13 08:32:38,545 INFO  client.GrpcClientProtocolClient (GrpcClientProtocolClient.java:onNext(255)) - client-A5BCC62C3543->912a7d3b-e3f1-4985-b06b-5f0a929b8060: receive RaftClientReply:client-A5BCC62C3543->912a7d3b-e3f1-4985-b06b-5f0a929b8060@group-3636E5E7603C, cid=2594, SUCCESS, logIndex=3714, commits[912a7d3b-e3f1-4985-b06b-5f0a929b8060:c3717]
2019-07-13 08:32:38,545 INFO  client.GrpcClientProtocolClient (GrpcClientProtocolClient.java:onNext(255)) - client-A5BCC62C3543->912a7d3b-e3f1-4985-b06b-5f0a929b8060: receive RaftClientReply:client-A5BCC62C3543->912a7d3b-e3f1-4985-b06b-5f0a929b8060@group-3636E5E7603C, cid=2595, SUCCESS, logIndex=3715, commits[912a7d3b-e3f1-4985-b06b-5f0a929b8060:c3717]
2019-07-13 08:32:38,546 INFO  client.GrpcClientProtocolClient (GrpcClientProtocolClient.java:onNext(255)) - client-A5BCC62C3543->912a7d3b-e3f1-4985-b06b-5f0a929b8060: receive RaftClientReply:client-A5BCC62C3543->912a7d3b-e3f1-4985-b06b-5f0a929b8060@group-3636E5E7603C, cid=2596, SUCCESS, logIndex=3716, commits[912a7d3b-e3f1-4985-b06b-5f0a929b8060:c3717]
2019-07-13 08:32:38,567 INFO  client.GrpcClientProtocolClient (GrpcClientProtocolClient.java:onNext(255)) - client-A5BCC62C3543->912a7d3b-e3f1-4985-b06b-5f0a929b8060: receive RaftClientReply:client-A5BCC62C3543->912a7d3b-e3f1-4985-b06b-5f0a929b8060@group-3636E5E7603C, cid=2597, SUCCESS, logIndex=3718, commits[912a7d3b-e3f1-4985-b06b-5f0a929b8060:c3721]
2019-07-13 08:32:38,567 INFO  client.GrpcClientProtocolClient (GrpcClientProtocolClient.java:onNext(255)) - client-A5BCC62C3543->912a7d3b-e3f1-4985-b06b-5f0a929b8060: receive RaftClientReply:client-A5BCC62C3543->912a7d3b-e3f1-4985-b06b-5f0a929b8060@group-3636E5E7603C, cid=2598, SUCCESS, logIndex=3719, commits[912a7d3b-e3f1-4985-b06b-5f0a929b8060:c3721]
2019-07-13 08:32:38,568 INFO  client.GrpcClientProtocolClient (GrpcClientProtocolClient.java:onNext(255)) - client-A5BCC62C3543->912a7d3b-e3f1-4985-b06b-5f0a929b8060: receive RaftClientReply:client-A5BCC62C3543->912a7d3b-e3f1-4985-b06b-5f0a929b8060@group-3636E5E7603C, cid=2599, SUCCESS, logIndex=3720, commits[912a7d3b-e3f1-4985-b06b-5f0a929b8060:c3722]
2019-07-13 08:32:38,568 INFO  client.GrpcClientProtocolClient (GrpcClientProtocolClient.java:onNext(255)) - client-A5BCC62C3543->912a7d3b-e3f1-4985-b06b-5f0a929b8060: receive RaftClientReply:client-A5BCC62C3543->912a7d3b-e3f1-4985-b06b-5f0a929b8060@group-3636E5E7603C, cid=2600, SUCCESS, logIndex=3721, commits[912a7d3b-e3f1-4985-b06b-5f0a929b8060:c3722]
2019-07-13 08:32:38,593 INFO  client.GrpcClientProtocolClient (GrpcClientProtocolClient.java:onNext(255)) - client-A5BCC62C3543->912a7d3b-e3f1-4985-b06b-5f0a929b8060: receive RaftClientReply:client-A5BCC62C3543->912a7d3b-e3f1-4985-b06b-5f0a929b8060@group-3636E5E7603C, cid=2601, SUCCESS, logIndex=3723, commits[912a7d3b-e3f1-4985-b06b-5f0a929b8060:c3726]
2019-07-13 08:32:38,593 INFO  client.GrpcClientProtocolClient (GrpcClientProtocolClient.java:onNext(255)) - client-A5BCC62C3543->912a7d3b-e3f1-4985-b06b-5f0a929b8060: receive RaftClientReply:client-A5BCC62C3543->912a7d3b-e3f1-4985-b06b-5f0a929b8060@group-3636E5E7603C, cid=2602, SUCCESS, logIndex=3724, commits[912a7d3b-e3f1-4985-b06b-5f0a929b8060:c3727]
2019-07-13 08:32:38,593 INFO  client.GrpcClientProtocolClient (GrpcClientProtocolClient.java:onNext(255)) - client-A5BCC62C3543->912a7d3b-e3f1-4985-b06b-5f0a929b8060: receive RaftClientReply:client-A5BCC62C3543->912a7d3b-e3f1-4985-b06b-5f0a929b8060@group-3636E5E7603C, cid=2603, SUCCESS, logIndex=3725, commits[912a7d3b-e3f1-4985-b06b-5f0a929b8060:c3727]
2019-07-13 08:32:38,594 INFO  client.GrpcClientProtocolClient (GrpcClientProtocolClient.java:onNext(255)) - client-A5BCC62C3543->912a7d3b-e3f1-4985-b06b-5f0a929b8060: receive RaftClientReply:client-A5BCC62C3543->912a7d3b-e3f1-4985-b06b-5f0a929b8060@group-3636E5E7603C, cid=2604, SUCCESS, logIndex=3726, commits[912a7d3b-e3f1-4985-b06b-5f0a929b8060:c3727]
2019-07-13 08:32:38,604 DEBUG block.SCMBlockDeletingService (SCMBlockDeletingService.java:call(138)) - Running DeletedBlockTransactionScanner
2019-07-13 08:32:38,605 DEBUG block.SCMBlockDeletingService (SCMBlockDeletingService.java:call(155)) - Scanned deleted blocks log and got 0 delTX to process.
2019-07-13 08:32:38,630 INFO  client.GrpcClientProtocolClient (GrpcClientProtocolClient.java:onNext(255)) - client-A5BCC62C3543->912a7d3b-e3f1-4985-b06b-5f0a929b8060: receive RaftClientReply:client-A5BCC62C3543->912a7d3b-e3f1-4985-b06b-5f0a929b8060@group-3636E5E7603C, cid=2605, SUCCESS, logIndex=3728, commits[912a7d3b-e3f1-4985-b06b-5f0a929b8060:c3731]
2019-07-13 08:32:38,631 INFO  client.GrpcClientProtocolClient (GrpcClientProtocolClient.java:onNext(255)) - client-A5BCC62C3543->912a7d3b-e3f1-4985-b06b-5f0a929b8060: receive RaftClientReply:client-A5BCC62C3543->912a7d3b-e3f1-4985-b06b-5f0a929b8060@group-3636E5E7603C, cid=2606, SUCCESS, logIndex=3729, commits[912a7d3b-e3f1-4985-b06b-5f0a929b8060:c3732]
2019-07-13 08:32:38,631 INFO  client.GrpcClientProtocolClient (GrpcClientProtocolClient.java:onNext(255)) - client-A5BCC62C3543->912a7d3b-e3f1-4985-b06b-5f0a929b8060: receive RaftClientReply:client-A5BCC62C3543->912a7d3b-e3f1-4985-b06b-5f0a929b8060@group-3636E5E7603C, cid=2607, SUCCESS, logIndex=3730, commits[912a7d3b-e3f1-4985-b06b-5f0a929b8060:c3732]
2019-07-13 08:32:38,631 INFO  client.GrpcClientProtocolClient (GrpcClientProtocolClient.java:onNext(255)) - client-A5BCC62C3543->912a7d3b-e3f1-4985-b06b-5f0a929b8060: receive RaftClientReply:client-A5BCC62C3543->912a7d3b-e3f1-4985-b06b-5f0a929b8060@group-3636E5E7603C, cid=2608, SUCCESS, logIndex=3731, commits[912a7d3b-e3f1-4985-b06b-5f0a929b8060:c3732]
2019-07-13 08:32:38,705 DEBUG block.SCMBlockDeletingService (SCMBlockDeletingService.java:call(138)) - Running DeletedBlockTransactionScanner
2019-07-13 08:32:38,705 DEBUG block.SCMBlockDeletingService (SCMBlockDeletingService.java:call(155)) - Scanned deleted blocks log and got 0 delTX to process.
2019-07-13 08:32:38,776 INFO  client.GrpcClientProtocolClient (GrpcClientProtocolClient.java:onNext(255)) - client-A5BCC62C3543->912a7d3b-e3f1-4985-b06b-5f0a929b8060: receive RaftClientReply:client-A5BCC62C3543->912a7d3b-e3f1-4985-b06b-5f0a929b8060@group-3636E5E7603C, cid=2609, SUCCESS, logIndex=3733, commits[912a7d3b-e3f1-4985-b06b-5f0a929b8060:c3736]
2019-07-13 08:32:38,777 INFO  client.GrpcClientProtocolClient (GrpcClientProtocolClient.java:onNext(255)) - client-A5BCC62C3543->912a7d3b-e3f1-4985-b06b-5f0a929b8060: receive RaftClientReply:client-A5BCC62C3543->912a7d3b-e3f1-4985-b06b-5f0a929b8060@group-3636E5E7603C, cid=2610, SUCCESS, logIndex=3734, commits[912a7d3b-e3f1-4985-b06b-5f0a929b8060:c3737]
2019-07-13 08:32:38,777 INFO  client.GrpcClientProtocolClient (GrpcClientProtocolClient.java:onNext(255)) - client-A5BCC62C3543->912a7d3b-e3f1-4985-b06b-5f0a929b8060: receive RaftClientReply:client-A5BCC62C3543->912a7d3b-e3f1-4985-b06b-5f0a929b8060@group-3636E5E7603C, cid=2611, SUCCESS, logIndex=3735, commits[912a7d3b-e3f1-4985-b06b-5f0a929b8060:c3737]
2019-07-13 08:32:38,778 INFO  client.GrpcClientProtocolClient (GrpcClientProtocolClient.java:onNext(255)) - client-A5BCC62C3543->912a7d3b-e3f1-4985-b06b-5f0a929b8060: receive RaftClientReply:client-A5BCC62C3543->912a7d3b-e3f1-4985-b06b-5f0a929b8060@group-3636E5E7603C, cid=2612, SUCCESS, logIndex=3736, commits[912a7d3b-e3f1-4985-b06b-5f0a929b8060:c3737]
2019-07-13 08:32:38,799 INFO  client.GrpcClientProtocolClient (GrpcClientProtocolClient.java:onNext(255)) - client-A5BCC62C3543->912a7d3b-e3f1-4985-b06b-5f0a929b8060: receive RaftClientReply:client-A5BCC62C3543->912a7d3b-e3f1-4985-b06b-5f0a929b8060@group-3636E5E7603C, cid=2613, SUCCESS, logIndex=3738, commits[912a7d3b-e3f1-4985-b06b-5f0a929b8060:c3741]
2019-07-13 08:32:38,800 INFO  client.GrpcClientProtocolClient (GrpcClientProtocolClient.java:onNext(255)) - client-A5BCC62C3543->912a7d3b-e3f1-4985-b06b-5f0a929b8060: receive RaftClientReply:client-A5BCC62C3543->912a7d3b-e3f1-4985-b06b-5f0a929b8060@group-3636E5E7603C, cid=2614, SUCCESS, logIndex=3739, commits[912a7d3b-e3f1-4985-b06b-5f0a929b8060:c3742]
2019-07-13 08:32:38,800 INFO  client.GrpcClientProtocolClient (GrpcClientProtocolClient.java:onNext(255)) - client-A5BCC62C3543->912a7d3b-e3f1-4985-b06b-5f0a929b8060: receive RaftClientReply:client-A5BCC62C3543->912a7d3b-e3f1-4985-b06b-5f0a929b8060@group-3636E5E7603C, cid=2615, SUCCESS, logIndex=3740, commits[912a7d3b-e3f1-4985-b06b-5f0a929b8060:c3742]
2019-07-13 08:32:38,800 INFO  client.GrpcClientProtocolClient (GrpcClientProtocolClient.java:onNext(255)) - client-A5BCC62C3543->912a7d3b-e3f1-4985-b06b-5f0a929b8060: receive RaftClientReply:client-A5BCC62C3543->912a7d3b-e3f1-4985-b06b-5f0a929b8060@group-3636E5E7603C, cid=2616, SUCCESS, logIndex=3741, commits[912a7d3b-e3f1-4985-b06b-5f0a929b8060:c3742]
2019-07-13 08:32:38,806 DEBUG block.SCMBlockDeletingService (SCMBlockDeletingService.java:call(138)) - Running DeletedBlockTransactionScanner
2019-07-13 08:32:38,806 DEBUG block.SCMBlockDeletingService (SCMBlockDeletingService.java:call(155)) - Scanned deleted blocks log and got 0 delTX to process.
2019-07-13 08:32:38,830 INFO  client.GrpcClientProtocolClient (GrpcClientProtocolClient.java:onNext(255)) - client-A5BCC62C3543->912a7d3b-e3f1-4985-b06b-5f0a929b8060: receive RaftClientReply:client-A5BCC62C3543->912a7d3b-e3f1-4985-b06b-5f0a929b8060@group-3636E5E7603C, cid=2617, SUCCESS, logIndex=3743, commits[912a7d3b-e3f1-4985-b06b-5f0a929b8060:c3744]
2019-07-13 08:32:38,831 INFO  client.GrpcClientProtocolClient (GrpcClientProtocolClient.java:onNext(255)) - client-A5BCC62C3543->912a7d3b-e3f1-4985-b06b-5f0a929b8060: receive RaftClientReply:client-A5BCC62C3543->912a7d3b-e3f1-4985-b06b-5f0a929b8060@group-3636E5E7603C, cid=2618, SUCCESS, logIndex=3744, commits[912a7d3b-e3f1-4985-b06b-5f0a929b8060:c3744]
2019-07-13 08:32:38,831 INFO  client.GrpcClientProtocolClient (GrpcClientProtocolClient.java:onNext(255)) - client-A5BCC62C3543->912a7d3b-e3f1-4985-b06b-5f0a929b8060: receive RaftClientReply:client-A5BCC62C3543->912a7d3b-e3f1-4985-b06b-5f0a929b8060@group-3636E5E7603C, cid=2619, SUCCESS, logIndex=3745, commits[912a7d3b-e3f1-4985-b06b-5f0a929b8060:c3747]
2019-07-13 08:32:38,831 INFO  client.GrpcClientProtocolClient (GrpcClientProtocolClient.java:onNext(255)) - client-A5BCC62C3543->912a7d3b-e3f1-4985-b06b-5f0a929b8060: receive RaftClientReply:client-A5BCC62C3543->912a7d3b-e3f1-4985-b06b-5f0a929b8060@group-3636E5E7603C, cid=2620, SUCCESS, logIndex=3746, commits[912a7d3b-e3f1-4985-b06b-5f0a929b8060:c3747]
2019-07-13 08:32:38,848 INFO  client.GrpcClientProtocolClient (GrpcClientProtocolClient.java:onNext(255)) - client-A5BCC62C3543->912a7d3b-e3f1-4985-b06b-5f0a929b8060: receive RaftClientReply:client-A5BCC62C3543->912a7d3b-e3f1-4985-b06b-5f0a929b8060@group-3636E5E7603C, cid=2621, SUCCESS, logIndex=3749, commits[912a7d3b-e3f1-4985-b06b-5f0a929b8060:c3750]
2019-07-13 08:32:38,848 INFO  client.GrpcClientProtocolClient (GrpcClientProtocolClient.java:onNext(255)) - client-A5BCC62C3543->912a7d3b-e3f1-4985-b06b-5f0a929b8060: receive RaftClientReply:client-A5BCC62C3543->912a7d3b-e3f1-4985-b06b-5f0a929b8060@group-3636E5E7603C, cid=2622, SUCCESS, logIndex=3750, commits[912a7d3b-e3f1-4985-b06b-5f0a929b8060:c3752]
2019-07-13 08:32:38,849 INFO  client.GrpcClientProtocolClient (GrpcClientProtocolClient.java:onNext(255)) - client-A5BCC62C3543->912a7d3b-e3f1-4985-b06b-5f0a929b8060: receive RaftClientReply:client-A5BCC62C3543->912a7d3b-e3f1-4985-b06b-5f0a929b8060@group-3636E5E7603C, cid=2623, SUCCESS, logIndex=3751, commits[912a7d3b-e3f1-4985-b06b-5f0a929b8060:c3752]
2019-07-13 08:32:38,849 INFO  client.GrpcClientProtocolClient (GrpcClientProtocolClient.java:onNext(255)) - client-A5BCC62C3543->912a7d3b-e3f1-4985-b06b-5f0a929b8060: receive RaftClientReply:client-A5BCC62C3543->912a7d3b-e3f1-4985-b06b-5f0a929b8060@group-3636E5E7603C, cid=2624, SUCCESS, logIndex=3752, commits[912a7d3b-e3f1-4985-b06b-5f0a929b8060:c3753]
2019-07-13 08:32:38,880 INFO  client.GrpcClientProtocolClient (GrpcClientProtocolClient.java:onNext(255)) - client-A5BCC62C3543->912a7d3b-e3f1-4985-b06b-5f0a929b8060: receive RaftClientReply:client-A5BCC62C3543->912a7d3b-e3f1-4985-b06b-5f0a929b8060@group-3636E5E7603C, cid=2625, SUCCESS, logIndex=3755, commits[912a7d3b-e3f1-4985-b06b-5f0a929b8060:c3758]
2019-07-13 08:32:38,880 INFO  client.GrpcClientProtocolClient (GrpcClientProtocolClient.java:onNext(255)) - client-A5BCC62C3543->912a7d3b-e3f1-4985-b06b-5f0a929b8060: receive RaftClientReply:client-A5BCC62C3543->912a7d3b-e3f1-4985-b06b-5f0a929b8060@group-3636E5E7603C, cid=2626, SUCCESS, logIndex=3756, commits[912a7d3b-e3f1-4985-b06b-5f0a929b8060:c3759]
2019-07-13 08:32:38,881 INFO  client.GrpcClientProtocolClient (GrpcClientProtocolClient.java:onNext(255)) - client-A5BCC62C3543->912a7d3b-e3f1-4985-b06b-5f0a929b8060: receive RaftClientReply:client-A5BCC62C3543->912a7d3b-e3f1-4985-b06b-5f0a929b8060@group-3636E5E7603C, cid=2627, SUCCESS, logIndex=3757, commits[912a7d3b-e3f1-4985-b06b-5f0a929b8060:c3759]
2019-07-13 08:32:38,881 INFO  client.GrpcClientProtocolClient (GrpcClientProtocolClient.java:onNext(255)) - client-A5BCC62C3543->912a7d3b-e3f1-4985-b06b-5f0a929b8060: receive RaftClientReply:client-A5BCC62C3543->912a7d3b-e3f1-4985-b06b-5f0a929b8060@group-3636E5E7603C, cid=2628, SUCCESS, logIndex=3758, commits[912a7d3b-e3f1-4985-b06b-5f0a929b8060:c3759]
2019-07-13 08:32:38,900 INFO  client.GrpcClientProtocolClient (GrpcClientProtocolClient.java:onNext(255)) - client-A5BCC62C3543->912a7d3b-e3f1-4985-b06b-5f0a929b8060: receive RaftClientReply:client-A5BCC62C3543->912a7d3b-e3f1-4985-b06b-5f0a929b8060@group-3636E5E7603C, cid=2629, SUCCESS, logIndex=3760, commits[912a7d3b-e3f1-4985-b06b-5f0a929b8060:c3761]
2019-07-13 08:32:38,900 INFO  client.GrpcClientProtocolClient (GrpcClientProtocolClient.java:onNext(255)) - client-A5BCC62C3543->912a7d3b-e3f1-4985-b06b-5f0a929b8060: receive RaftClientReply:client-A5BCC62C3543->912a7d3b-e3f1-4985-b06b-5f0a929b8060@group-3636E5E7603C, cid=2630, SUCCESS, logIndex=3761, commits[912a7d3b-e3f1-4985-b06b-5f0a929b8060:c3763]
2019-07-13 08:32:38,900 INFO  client.GrpcClientProtocolClient (GrpcClientProtocolClient.java:onNext(255)) - client-A5BCC62C3543->912a7d3b-e3f1-4985-b06b-5f0a929b8060: receive RaftClientReply:client-A5BCC62C3543->912a7d3b-e3f1-4985-b06b-5f0a929b8060@group-3636E5E7603C, cid=2631, SUCCESS, logIndex=3762, commits[912a7d3b-e3f1-4985-b06b-5f0a929b8060:c3764]
2019-07-13 08:32:38,901 INFO  client.GrpcClientProtocolClient (GrpcClientProtocolClient.java:onNext(255)) - client-A5BCC62C3543->912a7d3b-e3f1-4985-b06b-5f0a929b8060: receive RaftClientReply:client-A5BCC62C3543->912a7d3b-e3f1-4985-b06b-5f0a929b8060@group-3636E5E7603C, cid=2632, SUCCESS, logIndex=3763, commits[912a7d3b-e3f1-4985-b06b-5f0a929b8060:c3765]
2019-07-13 08:32:38,906 DEBUG block.SCMBlockDeletingService (SCMBlockDeletingService.java:call(138)) - Running DeletedBlockTransactionScanner
2019-07-13 08:32:38,907 DEBUG block.SCMBlockDeletingService (SCMBlockDeletingService.java:call(155)) - Scanned deleted blocks log and got 0 delTX to process.
2019-07-13 08:32:38,929 INFO  client.GrpcClientProtocolClient (GrpcClientProtocolClient.java:onNext(255)) - client-A5BCC62C3543->912a7d3b-e3f1-4985-b06b-5f0a929b8060: receive RaftClientReply:client-A5BCC62C3543->912a7d3b-e3f1-4985-b06b-5f0a929b8060@group-3636E5E7603C, cid=2633, SUCCESS, logIndex=3766, commits[912a7d3b-e3f1-4985-b06b-5f0a929b8060:c3767]
2019-07-13 08:32:38,929 INFO  client.GrpcClientProtocolClient (GrpcClientProtocolClient.java:onNext(255)) - client-A5BCC62C3543->912a7d3b-e3f1-4985-b06b-5f0a929b8060: receive RaftClientReply:client-A5BCC62C3543->912a7d3b-e3f1-4985-b06b-5f0a929b8060@group-3636E5E7603C, cid=2634, SUCCESS, logIndex=3767, commits[912a7d3b-e3f1-4985-b06b-5f0a929b8060:c3769]
2019-07-13 08:32:38,930 INFO  client.GrpcClientProtocolClient (GrpcClientProtocolClient.java:onNext(255)) - client-A5BCC62C3543->912a7d3b-e3f1-4985-b06b-5f0a929b8060: receive RaftClientReply:client-A5BCC62C3543->912a7d3b-e3f1-4985-b06b-5f0a929b8060@group-3636E5E7603C, cid=2635, SUCCESS, logIndex=3768, commits[912a7d3b-e3f1-4985-b06b-5f0a929b8060:c3770]
2019-07-13 08:32:38,930 INFO  client.GrpcClientProtocolClient (GrpcClientProtocolClient.java:onNext(255)) - client-A5BCC62C3543->912a7d3b-e3f1-4985-b06b-5f0a929b8060: receive RaftClientReply:client-A5BCC62C3543->912a7d3b-e3f1-4985-b06b-5f0a929b8060@group-3636E5E7603C, cid=2636, SUCCESS, logIndex=3769, commits[912a7d3b-e3f1-4985-b06b-5f0a929b8060:c3770]
2019-07-13 08:32:38,951 INFO  client.GrpcClientProtocolClient (GrpcClientProtocolClient.java:onNext(255)) - client-A5BCC62C3543->912a7d3b-e3f1-4985-b06b-5f0a929b8060: receive RaftClientReply:client-A5BCC62C3543->912a7d3b-e3f1-4985-b06b-5f0a929b8060@group-3636E5E7603C, cid=2637, SUCCESS, logIndex=3772, commits[912a7d3b-e3f1-4985-b06b-5f0a929b8060:c3775]
2019-07-13 08:32:38,952 INFO  client.GrpcClientProtocolClient (GrpcClientProtocolClient.java:onNext(255)) - client-A5BCC62C3543->912a7d3b-e3f1-4985-b06b-5f0a929b8060: receive RaftClientReply:client-A5BCC62C3543->912a7d3b-e3f1-4985-b06b-5f0a929b8060@group-3636E5E7603C, cid=2638, SUCCESS, logIndex=3773, commits[912a7d3b-e3f1-4985-b06b-5f0a929b8060:c3775]
2019-07-13 08:32:38,952 INFO  client.GrpcClientProtocolClient (GrpcClientProtocolClient.java:onNext(255)) - client-A5BCC62C3543->912a7d3b-e3f1-4985-b06b-5f0a929b8060: receive RaftClientReply:client-A5BCC62C3543->912a7d3b-e3f1-4985-b06b-5f0a929b8060@group-3636E5E7603C, cid=2639, SUCCESS, logIndex=3774, commits[912a7d3b-e3f1-4985-b06b-5f0a929b8060:c3776]
2019-07-13 08:32:38,953 INFO  client.GrpcClientProtocolClient (GrpcClientProtocolClient.java:onNext(255)) - client-A5BCC62C3543->912a7d3b-e3f1-4985-b06b-5f0a929b8060: receive RaftClientReply:client-A5BCC62C3543->912a7d3b-e3f1-4985-b06b-5f0a929b8060@group-3636E5E7603C, cid=2640, SUCCESS, logIndex=3775, commits[912a7d3b-e3f1-4985-b06b-5f0a929b8060:c3776]
2019-07-13 08:32:38,983 INFO  client.GrpcClientProtocolClient (GrpcClientProtocolClient.java:onNext(255)) - client-A5BCC62C3543->912a7d3b-e3f1-4985-b06b-5f0a929b8060: receive RaftClientReply:client-A5BCC62C3543->912a7d3b-e3f1-4985-b06b-5f0a929b8060@group-3636E5E7603C, cid=2641, SUCCESS, logIndex=3777, commits[912a7d3b-e3f1-4985-b06b-5f0a929b8060:c3780]
2019-07-13 08:32:38,983 INFO  client.GrpcClientProtocolClient (GrpcClientProtocolClient.java:onNext(255)) - client-A5BCC62C3543->912a7d3b-e3f1-4985-b06b-5f0a929b8060: receive RaftClientReply:client-A5BCC62C3543->912a7d3b-e3f1-4985-b06b-5f0a929b8060@group-3636E5E7603C, cid=2642, SUCCESS, logIndex=3778, commits[912a7d3b-e3f1-4985-b06b-5f0a929b8060:c3781]
2019-07-13 08:32:38,983 INFO  client.GrpcClientProtocolClient (GrpcClientProtocolClient.java:onNext(255)) - client-A5BCC62C3543->912a7d3b-e3f1-4985-b06b-5f0a929b8060: receive RaftClientReply:client-A5BCC62C3543->912a7d3b-e3f1-4985-b06b-5f0a929b8060@group-3636E5E7603C, cid=2643, SUCCESS, logIndex=3779, commits[912a7d3b-e3f1-4985-b06b-5f0a929b8060:c3781]
2019-07-13 08:32:38,984 INFO  client.GrpcClientProtocolClient (GrpcClientProtocolClient.java:onNext(255)) - client-A5BCC62C3543->912a7d3b-e3f1-4985-b06b-5f0a929b8060: receive RaftClientReply:client-A5BCC62C3543->912a7d3b-e3f1-4985-b06b-5f0a929b8060@group-3636E5E7603C, cid=2644, SUCCESS, logIndex=3780, commits[912a7d3b-e3f1-4985-b06b-5f0a929b8060:c3781]
2019-07-13 08:32:39,005 INFO  client.GrpcClientProtocolClient (GrpcClientProtocolClient.java:onNext(255)) - client-A5BCC62C3543->912a7d3b-e3f1-4985-b06b-5f0a929b8060: receive RaftClientReply:client-A5BCC62C3543->912a7d3b-e3f1-4985-b06b-5f0a929b8060@group-3636E5E7603C, cid=2645, SUCCESS, logIndex=3782, commits[912a7d3b-e3f1-4985-b06b-5f0a929b8060:c3786]
2019-07-13 08:32:39,006 INFO  client.GrpcClientProtocolClient (GrpcClientProtocolClient.java:onNext(255)) - client-A5BCC62C3543->912a7d3b-e3f1-4985-b06b-5f0a929b8060: receive RaftClientReply:client-A5BCC62C3543->912a7d3b-e3f1-4985-b06b-5f0a929b8060@group-3636E5E7603C, cid=2646, SUCCESS, logIndex=3783, commits[912a7d3b-e3f1-4985-b06b-5f0a929b8060:c3786]
2019-07-13 08:32:39,006 INFO  client.GrpcClientProtocolClient (GrpcClientProtocolClient.java:onNext(255)) - client-A5BCC62C3543->912a7d3b-e3f1-4985-b06b-5f0a929b8060: receive RaftClientReply:client-A5BCC62C3543->912a7d3b-e3f1-4985-b06b-5f0a929b8060@group-3636E5E7603C, cid=2647, SUCCESS, logIndex=3784, commits[912a7d3b-e3f1-4985-b06b-5f0a929b8060:c3786]
2019-07-13 08:32:39,007 INFO  client.GrpcClientProtocolClient (GrpcClientProtocolClient.java:onNext(255)) - client-A5BCC62C3543->912a7d3b-e3f1-4985-b06b-5f0a929b8060: receive RaftClientReply:client-A5BCC62C3543->912a7d3b-e3f1-4985-b06b-5f0a929b8060@group-3636E5E7603C, cid=2648, SUCCESS, logIndex=3785, commits[912a7d3b-e3f1-4985-b06b-5f0a929b8060:c3786]
2019-07-13 08:32:39,007 DEBUG block.SCMBlockDeletingService (SCMBlockDeletingService.java:call(138)) - Running DeletedBlockTransactionScanner
2019-07-13 08:32:39,007 DEBUG block.SCMBlockDeletingService (SCMBlockDeletingService.java:call(155)) - Scanned deleted blocks log and got 0 delTX to process.
2019-07-13 08:32:39,036 INFO  client.GrpcClientProtocolClient (GrpcClientProtocolClient.java:onNext(255)) - client-A5BCC62C3543->912a7d3b-e3f1-4985-b06b-5f0a929b8060: receive RaftClientReply:client-A5BCC62C3543->912a7d3b-e3f1-4985-b06b-5f0a929b8060@group-3636E5E7603C, cid=2649, SUCCESS, logIndex=3787, commits[912a7d3b-e3f1-4985-b06b-5f0a929b8060:c3788]
2019-07-13 08:32:39,038 INFO  client.GrpcClientProtocolClient (GrpcClientProtocolClient.java:onNext(255)) - client-A5BCC62C3543->912a7d3b-e3f1-4985-b06b-5f0a929b8060: receive RaftClientReply:client-A5BCC62C3543->912a7d3b-e3f1-4985-b06b-5f0a929b8060@group-3636E5E7603C, cid=2650, SUCCESS, logIndex=3788, commits[912a7d3b-e3f1-4985-b06b-5f0a929b8060:c3788]
2019-07-13 08:32:39,039 INFO  client.GrpcClientProtocolClient (GrpcClientProtocolClient.java:onNext(255)) - client-A5BCC62C3543->912a7d3b-e3f1-4985-b06b-5f0a929b8060: receive RaftClientReply:client-A5BCC62C3543->912a7d3b-e3f1-4985-b06b-5f0a929b8060@group-3636E5E7603C, cid=2651, SUCCESS, logIndex=3789, commits[912a7d3b-e3f1-4985-b06b-5f0a929b8060:c3791]
2019-07-13 08:32:39,040 INFO  client.GrpcClientProtocolClient (GrpcClientProtocolClient.java:onNext(255)) - client-A5BCC62C3543->912a7d3b-e3f1-4985-b06b-5f0a929b8060: receive RaftClientReply:client-A5BCC62C3543->912a7d3b-e3f1-4985-b06b-5f0a929b8060@group-3636E5E7603C, cid=2652, SUCCESS, logIndex=3790, commits[912a7d3b-e3f1-4985-b06b-5f0a929b8060:c3791]
2019-07-13 08:32:39,108 DEBUG block.SCMBlockDeletingService (SCMBlockDeletingService.java:call(138)) - Running DeletedBlockTransactionScanner
2019-07-13 08:32:39,108 DEBUG block.SCMBlockDeletingService (SCMBlockDeletingService.java:call(155)) - Scanned deleted blocks log and got 0 delTX to process.
2019-07-13 08:32:39,208 DEBUG block.SCMBlockDeletingService (SCMBlockDeletingService.java:call(138)) - Running DeletedBlockTransactionScanner
2019-07-13 08:32:39,209 DEBUG block.SCMBlockDeletingService (SCMBlockDeletingService.java:call(155)) - Scanned deleted blocks log and got 0 delTX to process.
2019-07-13 08:32:39,246 INFO  client.GrpcClientProtocolClient (GrpcClientProtocolClient.java:onNext(255)) - client-A5BCC62C3543->912a7d3b-e3f1-4985-b06b-5f0a929b8060: receive RaftClientReply:client-A5BCC62C3543->912a7d3b-e3f1-4985-b06b-5f0a929b8060@group-3636E5E7603C, cid=2653, SUCCESS, logIndex=3793, commits[912a7d3b-e3f1-4985-b06b-5f0a929b8060:c3794]
2019-07-13 08:32:39,246 INFO  client.GrpcClientProtocolClient (GrpcClientProtocolClient.java:onNext(255)) - client-A5BCC62C3543->912a7d3b-e3f1-4985-b06b-5f0a929b8060: receive RaftClientReply:client-A5BCC62C3543->912a7d3b-e3f1-4985-b06b-5f0a929b8060@group-3636E5E7603C, cid=2654, SUCCESS, logIndex=3794, commits[912a7d3b-e3f1-4985-b06b-5f0a929b8060:c3796]
2019-07-13 08:32:39,246 INFO  client.GrpcClientProtocolClient (GrpcClientProtocolClient.java:onNext(255)) - client-A5BCC62C3543->912a7d3b-e3f1-4985-b06b-5f0a929b8060: receive RaftClientReply:client-A5BCC62C3543->912a7d3b-e3f1-4985-b06b-5f0a929b8060@group-3636E5E7603C, cid=2655, SUCCESS, logIndex=3795, commits[912a7d3b-e3f1-4985-b06b-5f0a929b8060:c3797]
2019-07-13 08:32:39,247 INFO  client.GrpcClientProtocolClient (GrpcClientProtocolClient.java:onNext(255)) - client-A5BCC62C3543->912a7d3b-e3f1-4985-b06b-5f0a929b8060: receive RaftClientReply:client-A5BCC62C3543->912a7d3b-e3f1-4985-b06b-5f0a929b8060@group-3636E5E7603C, cid=2656, SUCCESS, logIndex=3796, commits[912a7d3b-e3f1-4985-b06b-5f0a929b8060:c3798]
2019-07-13 08:32:39,276 INFO  client.GrpcClientProtocolClient (GrpcClientProtocolClient.java:onNext(255)) - client-A5BCC62C3543->912a7d3b-e3f1-4985-b06b-5f0a929b8060: receive RaftClientReply:client-A5BCC62C3543->912a7d3b-e3f1-4985-b06b-5f0a929b8060@group-3636E5E7603C, cid=2657, SUCCESS, logIndex=3799, commits[912a7d3b-e3f1-4985-b06b-5f0a929b8060:c3800]
2019-07-13 08:32:39,276 INFO  client.GrpcClientProtocolClient (GrpcClientProtocolClient.java:onNext(255)) - client-A5BCC62C3543->912a7d3b-e3f1-4985-b06b-5f0a929b8060: receive RaftClientReply:client-A5BCC62C3543->912a7d3b-e3f1-4985-b06b-5f0a929b8060@group-3636E5E7603C, cid=2658, SUCCESS, logIndex=3800, commits[912a7d3b-e3f1-4985-b06b-5f0a929b8060:c3802]
2019-07-13 08:32:39,277 INFO  client.GrpcClientProtocolClient (GrpcClientProtocolClient.java:onNext(255)) - client-A5BCC62C3543->912a7d3b-e3f1-4985-b06b-5f0a929b8060: receive RaftClientReply:client-A5BCC62C3543->912a7d3b-e3f1-4985-b06b-5f0a929b8060@group-3636E5E7603C, cid=2659, SUCCESS, logIndex=3801, commits[912a7d3b-e3f1-4985-b06b-5f0a929b8060:c3803]
2019-07-13 08:32:39,277 INFO  client.GrpcClientProtocolClient (GrpcClientProtocolClient.java:onNext(255)) - client-A5BCC62C3543->912a7d3b-e3f1-4985-b06b-5f0a929b8060: receive RaftClientReply:client-A5BCC62C3543->912a7d3b-e3f1-4985-b06b-5f0a929b8060@group-3636E5E7603C, cid=2660, SUCCESS, logIndex=3802, commits[912a7d3b-e3f1-4985-b06b-5f0a929b8060:c3804]
2019-07-13 08:32:39,298 INFO  client.GrpcClientProtocolClient (GrpcClientProtocolClient.java:onNext(255)) - client-A5BCC62C3543->912a7d3b-e3f1-4985-b06b-5f0a929b8060: receive RaftClientReply:client-A5BCC62C3543->912a7d3b-e3f1-4985-b06b-5f0a929b8060@group-3636E5E7603C, cid=2661, SUCCESS, logIndex=3805, commits[912a7d3b-e3f1-4985-b06b-5f0a929b8060:c3806]
2019-07-13 08:32:39,298 INFO  client.GrpcClientProtocolClient (GrpcClientProtocolClient.java:onNext(255)) - client-A5BCC62C3543->912a7d3b-e3f1-4985-b06b-5f0a929b8060: receive RaftClientReply:client-A5BCC62C3543->912a7d3b-e3f1-4985-b06b-5f0a929b8060@group-3636E5E7603C, cid=2662, SUCCESS, logIndex=3806, commits[912a7d3b-e3f1-4985-b06b-5f0a929b8060:c3806]
2019-07-13 08:32:39,300 INFO  client.GrpcClientProtocolClient (GrpcClientProtocolClient.java:onNext(255)) - client-A5BCC62C3543->912a7d3b-e3f1-4985-b06b-5f0a929b8060: receive RaftClientReply:client-A5BCC62C3543->912a7d3b-e3f1-4985-b06b-5f0a929b8060@group-3636E5E7603C, cid=2663, SUCCESS, logIndex=3807, commits[912a7d3b-e3f1-4985-b06b-5f0a929b8060:c3808]
2019-07-13 08:32:39,300 INFO  client.GrpcClientProtocolClient (GrpcClientProtocolClient.java:onNext(255)) - client-A5BCC62C3543->912a7d3b-e3f1-4985-b06b-5f0a929b8060: receive RaftClientReply:client-A5BCC62C3543->912a7d3b-e3f1-4985-b06b-5f0a929b8060@group-3636E5E7603C, cid=2664, SUCCESS, logIndex=3808, commits[912a7d3b-e3f1-4985-b06b-5f0a929b8060:c3808]
2019-07-13 08:32:39,309 DEBUG block.SCMBlockDeletingService (SCMBlockDeletingService.java:call(138)) - Running DeletedBlockTransactionScanner
2019-07-13 08:32:39,309 DEBUG block.SCMBlockDeletingService (SCMBlockDeletingService.java:call(155)) - Scanned deleted blocks log and got 0 delTX to process.
2019-07-13 08:32:39,331 INFO  client.GrpcClientProtocolClient (GrpcClientProtocolClient.java:onNext(255)) - client-A5BCC62C3543->912a7d3b-e3f1-4985-b06b-5f0a929b8060: receive RaftClientReply:client-A5BCC62C3543->912a7d3b-e3f1-4985-b06b-5f0a929b8060@group-3636E5E7603C, cid=2665, SUCCESS, logIndex=3811, commits[912a7d3b-e3f1-4985-b06b-5f0a929b8060:c3812]
2019-07-13 08:32:39,332 INFO  client.GrpcClientProtocolClient (GrpcClientProtocolClient.java:onNext(255)) - client-A5BCC62C3543->912a7d3b-e3f1-4985-b06b-5f0a929b8060: receive RaftClientReply:client-A5BCC62C3543->912a7d3b-e3f1-4985-b06b-5f0a929b8060@group-3636E5E7603C, cid=2666, SUCCESS, logIndex=3812, commits[912a7d3b-e3f1-4985-b06b-5f0a929b8060:c3812]
2019-07-13 08:32:39,334 INFO  client.GrpcClientProtocolClient (GrpcClientProtocolClient.java:onNext(255)) - client-A5BCC62C3543->912a7d3b-e3f1-4985-b06b-5f0a929b8060: receive RaftClientReply:client-A5BCC62C3543->912a7d3b-e3f1-4985-b06b-5f0a929b8060@group-3636E5E7603C, cid=2667, SUCCESS, logIndex=3813, commits[912a7d3b-e3f1-4985-b06b-5f0a929b8060:c3814]
2019-07-13 08:32:39,334 INFO  client.GrpcClientProtocolClient (GrpcClientProtocolClient.java:onNext(255)) - client-A5BCC62C3543->912a7d3b-e3f1-4985-b06b-5f0a929b8060: receive RaftClientReply:client-A5BCC62C3543->912a7d3b-e3f1-4985-b06b-5f0a929b8060@group-3636E5E7603C, cid=2668, SUCCESS, logIndex=3814, commits[912a7d3b-e3f1-4985-b06b-5f0a929b8060:c3814]
2019-07-13 08:32:39,357 INFO  client.GrpcClientProtocolClient (GrpcClientProtocolClient.java:onNext(255)) - client-A5BCC62C3543->912a7d3b-e3f1-4985-b06b-5f0a929b8060: receive RaftClientReply:client-A5BCC62C3543->912a7d3b-e3f1-4985-b06b-5f0a929b8060@group-3636E5E7603C, cid=2669, SUCCESS, logIndex=3817, commits[912a7d3b-e3f1-4985-b06b-5f0a929b8060:c3820]
2019-07-13 08:32:39,358 INFO  client.GrpcClientProtocolClient (GrpcClientProtocolClient.java:onNext(255)) - client-A5BCC62C3543->912a7d3b-e3f1-4985-b06b-5f0a929b8060: receive RaftClientReply:client-A5BCC62C3543->912a7d3b-e3f1-4985-b06b-5f0a929b8060@group-3636E5E7603C, cid=2670, SUCCESS, logIndex=3818, commits[912a7d3b-e3f1-4985-b06b-5f0a929b8060:c3821]
2019-07-13 08:32:39,358 INFO  client.GrpcClientProtocolClient (GrpcClientProtocolClient.java:onNext(255)) - client-A5BCC62C3543->912a7d3b-e3f1-4985-b06b-5f0a929b8060: receive RaftClientReply:client-A5BCC62C3543->912a7d3b-e3f1-4985-b06b-5f0a929b8060@group-3636E5E7603C, cid=2671, SUCCESS, logIndex=3819, commits[912a7d3b-e3f1-4985-b06b-5f0a929b8060:c3821]
2019-07-13 08:32:39,359 INFO  client.GrpcClientProtocolClient (GrpcClientProtocolClient.java:onNext(255)) - client-A5BCC62C3543->912a7d3b-e3f1-4985-b06b-5f0a929b8060: receive RaftClientReply:client-A5BCC62C3543->912a7d3b-e3f1-4985-b06b-5f0a929b8060@group-3636E5E7603C, cid=2672, SUCCESS, logIndex=3820, commits[912a7d3b-e3f1-4985-b06b-5f0a929b8060:c3821]
2019-07-13 08:32:39,389 INFO  client.GrpcClientProtocolClient (GrpcClientProtocolClient.java:onNext(255)) - client-A5BCC62C3543->912a7d3b-e3f1-4985-b06b-5f0a929b8060: receive RaftClientReply:client-A5BCC62C3543->912a7d3b-e3f1-4985-b06b-5f0a929b8060@group-3636E5E7603C, cid=2673, SUCCESS, logIndex=3822, commits[912a7d3b-e3f1-4985-b06b-5f0a929b8060:c3823]
2019-07-13 08:32:39,389 INFO  client.GrpcClientProtocolClient (GrpcClientProtocolClient.java:onNext(255)) - client-A5BCC62C3543->912a7d3b-e3f1-4985-b06b-5f0a929b8060: receive RaftClientReply:client-A5BCC62C3543->912a7d3b-e3f1-4985-b06b-5f0a929b8060@group-3636E5E7603C, cid=2674, SUCCESS, logIndex=3823, commits[912a7d3b-e3f1-4985-b06b-5f0a929b8060:c3825]
2019-07-13 08:32:39,390 INFO  client.GrpcClientProtocolClient (GrpcClientProtocolClient.java:onNext(255)) - client-A5BCC62C3543->912a7d3b-e3f1-4985-b06b-5f0a929b8060: receive RaftClientReply:client-A5BCC62C3543->912a7d3b-e3f1-4985-b06b-5f0a929b8060@group-3636E5E7603C, cid=2675, SUCCESS, logIndex=3824, commits[912a7d3b-e3f1-4985-b06b-5f0a929b8060:c3826]
2019-07-13 08:32:39,390 INFO  client.GrpcClientProtocolClient (GrpcClientProtocolClient.java:onNext(255)) - client-A5BCC62C3543->912a7d3b-e3f1-4985-b06b-5f0a929b8060: receive RaftClientReply:client-A5BCC62C3543->912a7d3b-e3f1-4985-b06b-5f0a929b8060@group-3636E5E7603C, cid=2676, SUCCESS, logIndex=3825, commits[912a7d3b-e3f1-4985-b06b-5f0a929b8060:c3827]
2019-07-13 08:32:39,410 DEBUG block.SCMBlockDeletingService (SCMBlockDeletingService.java:call(138)) - Running DeletedBlockTransactionScanner
2019-07-13 08:32:39,410 DEBUG block.SCMBlockDeletingService (SCMBlockDeletingService.java:call(155)) - Scanned deleted blocks log and got 0 delTX to process.
2019-07-13 08:32:39,411 INFO  client.GrpcClientProtocolClient (GrpcClientProtocolClient.java:onNext(255)) - client-A5BCC62C3543->912a7d3b-e3f1-4985-b06b-5f0a929b8060: receive RaftClientReply:client-A5BCC62C3543->912a7d3b-e3f1-4985-b06b-5f0a929b8060@group-3636E5E7603C, cid=2677, SUCCESS, logIndex=3828, commits[912a7d3b-e3f1-4985-b06b-5f0a929b8060:c3829]
2019-07-13 08:32:39,411 INFO  client.GrpcClientProtocolClient (GrpcClientProtocolClient.java:onNext(255)) - client-A5BCC62C3543->912a7d3b-e3f1-4985-b06b-5f0a929b8060: receive RaftClientReply:client-A5BCC62C3543->912a7d3b-e3f1-4985-b06b-5f0a929b8060@group-3636E5E7603C, cid=2678, SUCCESS, logIndex=3829, commits[912a7d3b-e3f1-4985-b06b-5f0a929b8060:c3829]
2019-07-13 08:32:39,412 INFO  client.GrpcClientProtocolClient (GrpcClientProtocolClient.java:onNext(255)) - client-A5BCC62C3543->912a7d3b-e3f1-4985-b06b-5f0a929b8060: receive RaftClientReply:client-A5BCC62C3543->912a7d3b-e3f1-4985-b06b-5f0a929b8060@group-3636E5E7603C, cid=2679, SUCCESS, logIndex=3830, commits[912a7d3b-e3f1-4985-b06b-5f0a929b8060:c3831]
2019-07-13 08:32:39,412 INFO  client.GrpcClientProtocolClient (GrpcClientProtocolClient.java:onNext(255)) - client-A5BCC62C3543->912a7d3b-e3f1-4985-b06b-5f0a929b8060: receive RaftClientReply:client-A5BCC62C3543->912a7d3b-e3f1-4985-b06b-5f0a929b8060@group-3636E5E7603C, cid=2680, SUCCESS, logIndex=3831, commits[912a7d3b-e3f1-4985-b06b-5f0a929b8060:c3831]
2019-07-13 08:32:39,442 INFO  client.GrpcClientProtocolClient (GrpcClientProtocolClient.java:onNext(255)) - client-A5BCC62C3543->912a7d3b-e3f1-4985-b06b-5f0a929b8060: receive RaftClientReply:client-A5BCC62C3543->912a7d3b-e3f1-4985-b06b-5f0a929b8060@group-3636E5E7603C, cid=2681, SUCCESS, logIndex=3834, commits[912a7d3b-e3f1-4985-b06b-5f0a929b8060:c3837]
2019-07-13 08:32:39,442 INFO  client.GrpcClientProtocolClient (GrpcClientProtocolClient.java:onNext(255)) - client-A5BCC62C3543->912a7d3b-e3f1-4985-b06b-5f0a929b8060: receive RaftClientReply:client-A5BCC62C3543->912a7d3b-e3f1-4985-b06b-5f0a929b8060@group-3636E5E7603C, cid=2682, SUCCESS, logIndex=3835, commits[912a7d3b-e3f1-4985-b06b-5f0a929b8060:c3838]
2019-07-13 08:32:39,443 INFO  client.GrpcClientProtocolClient (GrpcClientProtocolClient.java:onNext(255)) - client-A5BCC62C3543->912a7d3b-e3f1-4985-b06b-5f0a929b8060: receive RaftClientReply:client-A5BCC62C3543->912a7d3b-e3f1-4985-b06b-5f0a929b8060@group-3636E5E7603C, cid=2683, SUCCESS, logIndex=3836, commits[912a7d3b-e3f1-4985-b06b-5f0a929b8060:c3838]
2019-07-13 08:32:39,443 INFO  client.GrpcClientProtocolClient (GrpcClientProtocolClient.java:onNext(255)) - client-A5BCC62C3543->912a7d3b-e3f1-4985-b06b-5f0a929b8060: receive RaftClientReply:client-A5BCC62C3543->912a7d3b-e3f1-4985-b06b-5f0a929b8060@group-3636E5E7603C, cid=2684, SUCCESS, logIndex=3837, commits[912a7d3b-e3f1-4985-b06b-5f0a929b8060:c3839]
2019-07-13 08:32:39,463 INFO  client.GrpcClientProtocolClient (GrpcClientProtocolClient.java:onNext(255)) - client-A5BCC62C3543->912a7d3b-e3f1-4985-b06b-5f0a929b8060: receive RaftClientReply:client-A5BCC62C3543->912a7d3b-e3f1-4985-b06b-5f0a929b8060@group-3636E5E7603C, cid=2685, SUCCESS, logIndex=3840, commits[912a7d3b-e3f1-4985-b06b-5f0a929b8060:c3841]
2019-07-13 08:32:39,463 INFO  client.GrpcClientProtocolClient (GrpcClientProtocolClient.java:onNext(255)) - client-A5BCC62C3543->912a7d3b-e3f1-4985-b06b-5f0a929b8060: receive RaftClientReply:client-A5BCC62C3543->912a7d3b-e3f1-4985-b06b-5f0a929b8060@group-3636E5E7603C, cid=2686, SUCCESS, logIndex=3841, commits[912a7d3b-e3f1-4985-b06b-5f0a929b8060:c3841]
2019-07-13 08:32:39,472 INFO  client.GrpcClientProtocolClient (GrpcClientProtocolClient.java:onNext(255)) - client-A5BCC62C3543->912a7d3b-e3f1-4985-b06b-5f0a929b8060: receive RaftClientReply:client-A5BCC62C3543->912a7d3b-e3f1-4985-b06b-5f0a929b8060@group-3636E5E7603C, cid=2687, SUCCESS, logIndex=3842, commits[912a7d3b-e3f1-4985-b06b-5f0a929b8060:c3843]
2019-07-13 08:32:39,472 INFO  client.GrpcClientProtocolClient (GrpcClientProtocolClient.java:onNext(255)) - client-A5BCC62C3543->912a7d3b-e3f1-4985-b06b-5f0a929b8060: receive RaftClientReply:client-A5BCC62C3543->912a7d3b-e3f1-4985-b06b-5f0a929b8060@group-3636E5E7603C, cid=2688, SUCCESS, logIndex=3843, commits[912a7d3b-e3f1-4985-b06b-5f0a929b8060:c3844]
2019-07-13 08:32:39,501 INFO  client.GrpcClientProtocolClient (GrpcClientProtocolClient.java:onNext(255)) - client-A5BCC62C3543->912a7d3b-e3f1-4985-b06b-5f0a929b8060: receive RaftClientReply:client-A5BCC62C3543->912a7d3b-e3f1-4985-b06b-5f0a929b8060@group-3636E5E7603C, cid=2689, SUCCESS, logIndex=3846, commits[912a7d3b-e3f1-4985-b06b-5f0a929b8060:c3847]
2019-07-13 08:32:39,502 INFO  client.GrpcClientProtocolClient (GrpcClientProtocolClient.java:onNext(255)) - client-A5BCC62C3543->912a7d3b-e3f1-4985-b06b-5f0a929b8060: receive RaftClientReply:client-A5BCC62C3543->912a7d3b-e3f1-4985-b06b-5f0a929b8060@group-3636E5E7603C, cid=2690, SUCCESS, logIndex=3847, commits[912a7d3b-e3f1-4985-b06b-5f0a929b8060:c3849]
2019-07-13 08:32:39,502 INFO  client.GrpcClientProtocolClient (GrpcClientProtocolClient.java:onNext(255)) - client-A5BCC62C3543->912a7d3b-e3f1-4985-b06b-5f0a929b8060: receive RaftClientReply:client-A5BCC62C3543->912a7d3b-e3f1-4985-b06b-5f0a929b8060@group-3636E5E7603C, cid=2691, SUCCESS, logIndex=3848, commits[912a7d3b-e3f1-4985-b06b-5f0a929b8060:c3850]
2019-07-13 08:32:39,503 INFO  client.GrpcClientProtocolClient (GrpcClientProtocolClient.java:onNext(255)) - client-A5BCC62C3543->912a7d3b-e3f1-4985-b06b-5f0a929b8060: receive RaftClientReply:client-A5BCC62C3543->912a7d3b-e3f1-4985-b06b-5f0a929b8060@group-3636E5E7603C, cid=2692, SUCCESS, logIndex=3849, commits[912a7d3b-e3f1-4985-b06b-5f0a929b8060:c3850]
2019-07-13 08:32:39,510 DEBUG block.SCMBlockDeletingService (SCMBlockDeletingService.java:call(138)) - Running DeletedBlockTransactionScanner
2019-07-13 08:32:39,511 DEBUG block.SCMBlockDeletingService (SCMBlockDeletingService.java:call(155)) - Scanned deleted blocks log and got 0 delTX to process.
2019-07-13 08:32:39,522 INFO  client.GrpcClientProtocolClient (GrpcClientProtocolClient.java:onNext(255)) - client-A5BCC62C3543->912a7d3b-e3f1-4985-b06b-5f0a929b8060: receive RaftClientReply:client-A5BCC62C3543->912a7d3b-e3f1-4985-b06b-5f0a929b8060@group-3636E5E7603C, cid=2693, SUCCESS, logIndex=3852, commits[912a7d3b-e3f1-4985-b06b-5f0a929b8060:c3853]
2019-07-13 08:32:39,522 INFO  client.GrpcClientProtocolClient (GrpcClientProtocolClient.java:onNext(255)) - client-A5BCC62C3543->912a7d3b-e3f1-4985-b06b-5f0a929b8060: receive RaftClientReply:client-A5BCC62C3543->912a7d3b-e3f1-4985-b06b-5f0a929b8060@group-3636E5E7603C, cid=2694, SUCCESS, logIndex=3853, commits[912a7d3b-e3f1-4985-b06b-5f0a929b8060:c3853]
2019-07-13 08:32:39,525 INFO  client.GrpcClientProtocolClient (GrpcClientProtocolClient.java:onNext(255)) - client-A5BCC62C3543->912a7d3b-e3f1-4985-b06b-5f0a929b8060: receive RaftClientReply:client-A5BCC62C3543->912a7d3b-e3f1-4985-b06b-5f0a929b8060@group-3636E5E7603C, cid=2695, SUCCESS, logIndex=3854, commits[912a7d3b-e3f1-4985-b06b-5f0a929b8060:c3856]
2019-07-13 08:32:39,525 INFO  client.GrpcClientProtocolClient (GrpcClientProtocolClient.java:onNext(255)) - client-A5BCC62C3543->912a7d3b-e3f1-4985-b06b-5f0a929b8060: receive RaftClientReply:client-A5BCC62C3543->912a7d3b-e3f1-4985-b06b-5f0a929b8060@group-3636E5E7603C, cid=2696, SUCCESS, logIndex=3855, commits[912a7d3b-e3f1-4985-b06b-5f0a929b8060:c3856]
2019-07-13 08:32:39,611 DEBUG block.SCMBlockDeletingService (SCMBlockDeletingService.java:call(138)) - Running DeletedBlockTransactionScanner
2019-07-13 08:32:39,611 DEBUG block.SCMBlockDeletingService (SCMBlockDeletingService.java:call(155)) - Scanned deleted blocks log and got 0 delTX to process.
2019-07-13 08:32:39,676 INFO  client.GrpcClientProtocolClient (GrpcClientProtocolClient.java:onNext(255)) - client-A5BCC62C3543->912a7d3b-e3f1-4985-b06b-5f0a929b8060: receive RaftClientReply:client-A5BCC62C3543->912a7d3b-e3f1-4985-b06b-5f0a929b8060@group-3636E5E7603C, cid=2697, SUCCESS, logIndex=3857, commits[912a7d3b-e3f1-4985-b06b-5f0a929b8060:c3860]
2019-07-13 08:32:39,677 INFO  client.GrpcClientProtocolClient (GrpcClientProtocolClient.java:onNext(255)) - client-A5BCC62C3543->912a7d3b-e3f1-4985-b06b-5f0a929b8060: receive RaftClientReply:client-A5BCC62C3543->912a7d3b-e3f1-4985-b06b-5f0a929b8060@group-3636E5E7603C, cid=2698, SUCCESS, logIndex=3858, commits[912a7d3b-e3f1-4985-b06b-5f0a929b8060:c3861]
2019-07-13 08:32:39,678 INFO  client.GrpcClientProtocolClient (GrpcClientProtocolClient.java:onNext(255)) - client-A5BCC62C3543->912a7d3b-e3f1-4985-b06b-5f0a929b8060: receive RaftClientReply:client-A5BCC62C3543->912a7d3b-e3f1-4985-b06b-5f0a929b8060@group-3636E5E7603C, cid=2699, SUCCESS, logIndex=3859, commits[912a7d3b-e3f1-4985-b06b-5f0a929b8060:c3861]
2019-07-13 08:32:39,678 INFO  client.GrpcClientProtocolClient (GrpcClientProtocolClient.java:onNext(255)) - client-A5BCC62C3543->912a7d3b-e3f1-4985-b06b-5f0a929b8060: receive RaftClientReply:client-A5BCC62C3543->912a7d3b-e3f1-4985-b06b-5f0a929b8060@group-3636E5E7603C, cid=2700, SUCCESS, logIndex=3860, commits[912a7d3b-e3f1-4985-b06b-5f0a929b8060:c3861]
2019-07-13 08:32:39,698 INFO  client.GrpcClientProtocolClient (GrpcClientProtocolClient.java:onNext(255)) - client-A5BCC62C3543->912a7d3b-e3f1-4985-b06b-5f0a929b8060: receive RaftClientReply:client-A5BCC62C3543->912a7d3b-e3f1-4985-b06b-5f0a929b8060@group-3636E5E7603C, cid=2701, SUCCESS, logIndex=3862, commits[912a7d3b-e3f1-4985-b06b-5f0a929b8060:c3863]
2019-07-13 08:32:39,699 INFO  client.GrpcClientProtocolClient (GrpcClientProtocolClient.java:onNext(255)) - client-A5BCC62C3543->912a7d3b-e3f1-4985-b06b-5f0a929b8060: receive RaftClientReply:client-A5BCC62C3543->912a7d3b-e3f1-4985-b06b-5f0a929b8060@group-3636E5E7603C, cid=2702, SUCCESS, logIndex=3863, commits[912a7d3b-e3f1-4985-b06b-5f0a929b8060:c3865]
2019-07-13 08:32:39,699 INFO  client.GrpcClientProtocolClient (GrpcClientProtocolClient.java:onNext(255)) - client-A5BCC62C3543->912a7d3b-e3f1-4985-b06b-5f0a929b8060: receive RaftClientReply:client-A5BCC62C3543->912a7d3b-e3f1-4985-b06b-5f0a929b8060@group-3636E5E7603C, cid=2703, SUCCESS, logIndex=3864, commits[912a7d3b-e3f1-4985-b06b-5f0a929b8060:c3866]
2019-07-13 08:32:39,699 INFO  client.GrpcClientProtocolClient (GrpcClientProtocolClient.java:onNext(255)) - client-A5BCC62C3543->912a7d3b-e3f1-4985-b06b-5f0a929b8060: receive RaftClientReply:client-A5BCC62C3543->912a7d3b-e3f1-4985-b06b-5f0a929b8060@group-3636E5E7603C, cid=2704, SUCCESS, logIndex=3865, commits[912a7d3b-e3f1-4985-b06b-5f0a929b8060:c3866]
2019-07-13 08:32:39,712 DEBUG block.SCMBlockDeletingService (SCMBlockDeletingService.java:call(138)) - Running DeletedBlockTransactionScanner
2019-07-13 08:32:39,712 DEBUG block.SCMBlockDeletingService (SCMBlockDeletingService.java:call(155)) - Scanned deleted blocks log and got 0 delTX to process.
2019-07-13 08:32:39,732 INFO  client.GrpcClientProtocolClient (GrpcClientProtocolClient.java:onNext(255)) - client-A5BCC62C3543->912a7d3b-e3f1-4985-b06b-5f0a929b8060: receive RaftClientReply:client-A5BCC62C3543->912a7d3b-e3f1-4985-b06b-5f0a929b8060@group-3636E5E7603C, cid=2705, SUCCESS, logIndex=3868, commits[912a7d3b-e3f1-4985-b06b-5f0a929b8060:c3869]
2019-07-13 08:32:39,732 INFO  client.GrpcClientProtocolClient (GrpcClientProtocolClient.java:onNext(255)) - client-A5BCC62C3543->912a7d3b-e3f1-4985-b06b-5f0a929b8060: receive RaftClientReply:client-A5BCC62C3543->912a7d3b-e3f1-4985-b06b-5f0a929b8060@group-3636E5E7603C, cid=2706, SUCCESS, logIndex=3869, commits[912a7d3b-e3f1-4985-b06b-5f0a929b8060:c3871]
2019-07-13 08:32:39,732 INFO  client.GrpcClientProtocolClient (GrpcClientProtocolClient.java:onNext(255)) - client-A5BCC62C3543->912a7d3b-e3f1-4985-b06b-5f0a929b8060: receive RaftClientReply:client-A5BCC62C3543->912a7d3b-e3f1-4985-b06b-5f0a929b8060@group-3636E5E7603C, cid=2707, SUCCESS, logIndex=3870, commits[912a7d3b-e3f1-4985-b06b-5f0a929b8060:c3872]
2019-07-13 08:32:39,733 INFO  client.GrpcClientProtocolClient (GrpcClientProtocolClient.java:onNext(255)) - client-A5BCC62C3543->912a7d3b-e3f1-4985-b06b-5f0a929b8060: receive RaftClientReply:client-A5BCC62C3543->912a7d3b-e3f1-4985-b06b-5f0a929b8060@group-3636E5E7603C, cid=2708, SUCCESS, logIndex=3871, commits[912a7d3b-e3f1-4985-b06b-5f0a929b8060:c3873]
2019-07-13 08:32:39,753 INFO  client.GrpcClientProtocolClient (GrpcClientProtocolClient.java:onNext(255)) - client-A5BCC62C3543->912a7d3b-e3f1-4985-b06b-5f0a929b8060: receive RaftClientReply:client-A5BCC62C3543->912a7d3b-e3f1-4985-b06b-5f0a929b8060@group-3636E5E7603C, cid=2709, SUCCESS, logIndex=3874, commits[912a7d3b-e3f1-4985-b06b-5f0a929b8060:c3877]
2019-07-13 08:32:39,754 INFO  client.GrpcClientProtocolClient (GrpcClientProtocolClient.java:onNext(255)) - client-A5BCC62C3543->912a7d3b-e3f1-4985-b06b-5f0a929b8060: receive RaftClientReply:client-A5BCC62C3543->912a7d3b-e3f1-4985-b06b-5f0a929b8060@group-3636E5E7603C, cid=2710, SUCCESS, logIndex=3875, commits[912a7d3b-e3f1-4985-b06b-5f0a929b8060:c3878]
2019-07-13 08:32:39,754 INFO  client.GrpcClientProtocolClient (GrpcClientProtocolClient.java:onNext(255)) - client-A5BCC62C3543->912a7d3b-e3f1-4985-b06b-5f0a929b8060: receive RaftClientReply:client-A5BCC62C3543->912a7d3b-e3f1-4985-b06b-5f0a929b8060@group-3636E5E7603C, cid=2711, SUCCESS, logIndex=3876, commits[912a7d3b-e3f1-4985-b06b-5f0a929b8060:c3878]
2019-07-13 08:32:39,754 INFO  client.GrpcClientProtocolClient (GrpcClientProtocolClient.java:onNext(255)) - client-A5BCC62C3543->912a7d3b-e3f1-4985-b06b-5f0a929b8060: receive RaftClientReply:client-A5BCC62C3543->912a7d3b-e3f1-4985-b06b-5f0a929b8060@group-3636E5E7603C, cid=2712, SUCCESS, logIndex=3877, commits[912a7d3b-e3f1-4985-b06b-5f0a929b8060:c3879]
2019-07-13 08:32:39,785 INFO  client.GrpcClientProtocolClient (GrpcClientProtocolClient.java:onNext(255)) - client-A5BCC62C3543->912a7d3b-e3f1-4985-b06b-5f0a929b8060: receive RaftClientReply:client-A5BCC62C3543->912a7d3b-e3f1-4985-b06b-5f0a929b8060@group-3636E5E7603C, cid=2713, SUCCESS, logIndex=3880, commits[912a7d3b-e3f1-4985-b06b-5f0a929b8060:c3883]
2019-07-13 08:32:39,786 INFO  client.GrpcClientProtocolClient (GrpcClientProtocolClient.java:onNext(255)) - client-A5BCC62C3543->912a7d3b-e3f1-4985-b06b-5f0a929b8060: receive RaftClientReply:client-A5BCC62C3543->912a7d3b-e3f1-4985-b06b-5f0a929b8060@group-3636E5E7603C, cid=2714, SUCCESS, logIndex=3881, commits[912a7d3b-e3f1-4985-b06b-5f0a929b8060:c3884]
2019-07-13 08:32:39,786 INFO  client.GrpcClientProtocolClient (GrpcClientProtocolClient.java:onNext(255)) - client-A5BCC62C3543->912a7d3b-e3f1-4985-b06b-5f0a929b8060: receive RaftClientReply:client-A5BCC62C3543->912a7d3b-e3f1-4985-b06b-5f0a929b8060@group-3636E5E7603C, cid=2715, SUCCESS, logIndex=3882, commits[912a7d3b-e3f1-4985-b06b-5f0a929b8060:c3884]
2019-07-13 08:32:39,787 INFO  client.GrpcClientProtocolClient (GrpcClientProtocolClient.java:onNext(255)) - client-A5BCC62C3543->912a7d3b-e3f1-4985-b06b-5f0a929b8060: receive RaftClientReply:client-A5BCC62C3543->912a7d3b-e3f1-4985-b06b-5f0a929b8060@group-3636E5E7603C, cid=2716, SUCCESS, logIndex=3883, commits[912a7d3b-e3f1-4985-b06b-5f0a929b8060:c3885]
2019-07-13 08:32:39,806 INFO  client.GrpcClientProtocolClient (GrpcClientProtocolClient.java:onNext(255)) - client-A5BCC62C3543->912a7d3b-e3f1-4985-b06b-5f0a929b8060: receive RaftClientReply:client-A5BCC62C3543->912a7d3b-e3f1-4985-b06b-5f0a929b8060@group-3636E5E7603C, cid=2717, SUCCESS, logIndex=3886, commits[912a7d3b-e3f1-4985-b06b-5f0a929b8060:c3887]
2019-07-13 08:32:39,807 INFO  client.GrpcClientProtocolClient (GrpcClientProtocolClient.java:onNext(255)) - client-A5BCC62C3543->912a7d3b-e3f1-4985-b06b-5f0a929b8060: receive RaftClientReply:client-A5BCC62C3543->912a7d3b-e3f1-4985-b06b-5f0a929b8060@group-3636E5E7603C, cid=2718, SUCCESS, logIndex=3887, commits[912a7d3b-e3f1-4985-b06b-5f0a929b8060:c3889]
2019-07-13 08:32:39,807 INFO  client.GrpcClientProtocolClient (GrpcClientProtocolClient.java:onNext(255)) - client-A5BCC62C3543->912a7d3b-e3f1-4985-b06b-5f0a929b8060: receive RaftClientReply:client-A5BCC62C3543->912a7d3b-e3f1-4985-b06b-5f0a929b8060@group-3636E5E7603C, cid=2719, SUCCESS, logIndex=3888, commits[912a7d3b-e3f1-4985-b06b-5f0a929b8060:c3890]
2019-07-13 08:32:39,808 INFO  client.GrpcClientProtocolClient (GrpcClientProtocolClient.java:onNext(255)) - client-A5BCC62C3543->912a7d3b-e3f1-4985-b06b-5f0a929b8060: receive RaftClientReply:client-A5BCC62C3543->912a7d3b-e3f1-4985-b06b-5f0a929b8060@group-3636E5E7603C, cid=2720, SUCCESS, logIndex=3889, commits[912a7d3b-e3f1-4985-b06b-5f0a929b8060:c3891]
2019-07-13 08:32:39,812 DEBUG block.SCMBlockDeletingService (SCMBlockDeletingService.java:call(138)) - Running DeletedBlockTransactionScanner
2019-07-13 08:32:39,813 DEBUG block.SCMBlockDeletingService (SCMBlockDeletingService.java:call(155)) - Scanned deleted blocks log and got 0 delTX to process.
2019-07-13 08:32:39,840 INFO  client.GrpcClientProtocolClient (GrpcClientProtocolClient.java:onNext(255)) - client-A5BCC62C3543->912a7d3b-e3f1-4985-b06b-5f0a929b8060: receive RaftClientReply:client-A5BCC62C3543->912a7d3b-e3f1-4985-b06b-5f0a929b8060@group-3636E5E7603C, cid=2721, SUCCESS, logIndex=3892, commits[912a7d3b-e3f1-4985-b06b-5f0a929b8060:c3895]
2019-07-13 08:32:39,841 INFO  client.GrpcClientProtocolClient (GrpcClientProtocolClient.java:onNext(255)) - client-A5BCC62C3543->912a7d3b-e3f1-4985-b06b-5f0a929b8060: receive RaftClientReply:client-A5BCC62C3543->912a7d3b-e3f1-4985-b06b-5f0a929b8060@group-3636E5E7603C, cid=2722, SUCCESS, logIndex=3893, commits[912a7d3b-e3f1-4985-b06b-5f0a929b8060:c3896]
2019-07-13 08:32:39,841 INFO  client.GrpcClientProtocolClient (GrpcClientProtocolClient.java:onNext(255)) - client-A5BCC62C3543->912a7d3b-e3f1-4985-b06b-5f0a929b8060: receive RaftClientReply:client-A5BCC62C3543->912a7d3b-e3f1-4985-b06b-5f0a929b8060@group-3636E5E7603C, cid=2723, SUCCESS, logIndex=3894, commits[912a7d3b-e3f1-4985-b06b-5f0a929b8060:c3896]
2019-07-13 08:32:39,841 INFO  client.GrpcClientProtocolClient (GrpcClientProtocolClient.java:onNext(255)) - client-A5BCC62C3543->912a7d3b-e3f1-4985-b06b-5f0a929b8060: receive RaftClientReply:client-A5BCC62C3543->912a7d3b-e3f1-4985-b06b-5f0a929b8060@group-3636E5E7603C, cid=2724, SUCCESS, logIndex=3895, commits[912a7d3b-e3f1-4985-b06b-5f0a929b8060:c3896]
2019-07-13 08:32:39,860 INFO  client.GrpcClientProtocolClient (GrpcClientProtocolClient.java:onNext(255)) - client-A5BCC62C3543->912a7d3b-e3f1-4985-b06b-5f0a929b8060: receive RaftClientReply:client-A5BCC62C3543->912a7d3b-e3f1-4985-b06b-5f0a929b8060@group-3636E5E7603C, cid=2725, SUCCESS, logIndex=3897, commits[912a7d3b-e3f1-4985-b06b-5f0a929b8060:c3898]
2019-07-13 08:32:39,861 INFO  client.GrpcClientProtocolClient (GrpcClientProtocolClient.java:onNext(255)) - client-A5BCC62C3543->912a7d3b-e3f1-4985-b06b-5f0a929b8060: receive RaftClientReply:client-A5BCC62C3543->912a7d3b-e3f1-4985-b06b-5f0a929b8060@group-3636E5E7603C, cid=2726, SUCCESS, logIndex=3898, commits[912a7d3b-e3f1-4985-b06b-5f0a929b8060:c3898]
2019-07-13 08:32:39,863 INFO  client.GrpcClientProtocolClient (GrpcClientProtocolClient.java:onNext(255)) - client-A5BCC62C3543->912a7d3b-e3f1-4985-b06b-5f0a929b8060: receive RaftClientReply:client-A5BCC62C3543->912a7d3b-e3f1-4985-b06b-5f0a929b8060@group-3636E5E7603C, cid=2727, SUCCESS, logIndex=3899, commits[912a7d3b-e3f1-4985-b06b-5f0a929b8060:c3900]
2019-07-13 08:32:39,863 INFO  client.GrpcClientProtocolClient (GrpcClientProtocolClient.java:onNext(255)) - client-A5BCC62C3543->912a7d3b-e3f1-4985-b06b-5f0a929b8060: receive RaftClientReply:client-A5BCC62C3543->912a7d3b-e3f1-4985-b06b-5f0a929b8060@group-3636E5E7603C, cid=2728, SUCCESS, logIndex=3900, commits[912a7d3b-e3f1-4985-b06b-5f0a929b8060:c3900]
2019-07-13 08:32:39,893 INFO  client.GrpcClientProtocolClient (GrpcClientProtocolClient.java:onNext(255)) - client-A5BCC62C3543->912a7d3b-e3f1-4985-b06b-5f0a929b8060: receive RaftClientReply:client-A5BCC62C3543->912a7d3b-e3f1-4985-b06b-5f0a929b8060@group-3636E5E7603C, cid=2729, SUCCESS, logIndex=3903, commits[912a7d3b-e3f1-4985-b06b-5f0a929b8060:c3906]
2019-07-13 08:32:39,894 INFO  client.GrpcClientProtocolClient (GrpcClientProtocolClient.java:onNext(255)) - client-A5BCC62C3543->912a7d3b-e3f1-4985-b06b-5f0a929b8060: receive RaftClientReply:client-A5BCC62C3543->912a7d3b-e3f1-4985-b06b-5f0a929b8060@group-3636E5E7603C, cid=2730, SUCCESS, logIndex=3904, commits[912a7d3b-e3f1-4985-b06b-5f0a929b8060:c3907]
2019-07-13 08:32:39,894 INFO  client.GrpcClientProtocolClient (GrpcClientProtocolClient.java:onNext(255)) - client-A5BCC62C3543->912a7d3b-e3f1-4985-b06b-5f0a929b8060: receive RaftClientReply:client-A5BCC62C3543->912a7d3b-e3f1-4985-b06b-5f0a929b8060@group-3636E5E7603C, cid=2731, SUCCESS, logIndex=3905, commits[912a7d3b-e3f1-4985-b06b-5f0a929b8060:c3907]
2019-07-13 08:32:39,895 INFO  client.GrpcClientProtocolClient (GrpcClientProtocolClient.java:onNext(255)) - client-A5BCC62C3543->912a7d3b-e3f1-4985-b06b-5f0a929b8060: receive RaftClientReply:client-A5BCC62C3543->912a7d3b-e3f1-4985-b06b-5f0a929b8060@group-3636E5E7603C, cid=2732, SUCCESS, logIndex=3906, commits[912a7d3b-e3f1-4985-b06b-5f0a929b8060:c3908]
2019-07-13 08:32:39,913 DEBUG block.SCMBlockDeletingService (SCMBlockDeletingService.java:call(138)) - Running DeletedBlockTransactionScanner
2019-07-13 08:32:39,913 DEBUG block.SCMBlockDeletingService (SCMBlockDeletingService.java:call(155)) - Scanned deleted blocks log and got 0 delTX to process.
2019-07-13 08:32:39,916 INFO  client.GrpcClientProtocolClient (GrpcClientProtocolClient.java:onNext(255)) - client-A5BCC62C3543->912a7d3b-e3f1-4985-b06b-5f0a929b8060: receive RaftClientReply:client-A5BCC62C3543->912a7d3b-e3f1-4985-b06b-5f0a929b8060@group-3636E5E7603C, cid=2733, SUCCESS, logIndex=3909, commits[912a7d3b-e3f1-4985-b06b-5f0a929b8060:c3912]
2019-07-13 08:32:39,916 INFO  client.GrpcClientProtocolClient (GrpcClientProtocolClient.java:onNext(255)) - client-A5BCC62C3543->912a7d3b-e3f1-4985-b06b-5f0a929b8060: receive RaftClientReply:client-A5BCC62C3543->912a7d3b-e3f1-4985-b06b-5f0a929b8060@group-3636E5E7603C, cid=2734, SUCCESS, logIndex=3910, commits[912a7d3b-e3f1-4985-b06b-5f0a929b8060:c3913]
2019-07-13 08:32:39,917 INFO  client.GrpcClientProtocolClient (GrpcClientProtocolClient.java:onNext(255)) - client-A5BCC62C3543->912a7d3b-e3f1-4985-b06b-5f0a929b8060: receive RaftClientReply:client-A5BCC62C3543->912a7d3b-e3f1-4985-b06b-5f0a929b8060@group-3636E5E7603C, cid=2735, SUCCESS, logIndex=3911, commits[912a7d3b-e3f1-4985-b06b-5f0a929b8060:c3913]
2019-07-13 08:32:39,917 INFO  client.GrpcClientProtocolClient (GrpcClientProtocolClient.java:onNext(255)) - client-A5BCC62C3543->912a7d3b-e3f1-4985-b06b-5f0a929b8060: receive RaftClientReply:client-A5BCC62C3543->912a7d3b-e3f1-4985-b06b-5f0a929b8060@group-3636E5E7603C, cid=2736, SUCCESS, logIndex=3912, commits[912a7d3b-e3f1-4985-b06b-5f0a929b8060:c3913]
2019-07-13 08:32:39,940 INFO  client.GrpcClientProtocolClient (GrpcClientProtocolClient.java:onNext(255)) - client-A5BCC62C3543->912a7d3b-e3f1-4985-b06b-5f0a929b8060: receive RaftClientReply:client-A5BCC62C3543->912a7d3b-e3f1-4985-b06b-5f0a929b8060@group-3636E5E7603C, cid=2737, SUCCESS, logIndex=3914, commits[912a7d3b-e3f1-4985-b06b-5f0a929b8060:c3915]
2019-07-13 08:32:39,943 INFO  client.GrpcClientProtocolClient (GrpcClientProtocolClient.java:onNext(255)) - client-A5BCC62C3543->912a7d3b-e3f1-4985-b06b-5f0a929b8060: receive RaftClientReply:client-A5BCC62C3543->912a7d3b-e3f1-4985-b06b-5f0a929b8060@group-3636E5E7603C, cid=2738, SUCCESS, logIndex=3915, commits[912a7d3b-e3f1-4985-b06b-5f0a929b8060:c3915]
2019-07-13 08:32:39,944 INFO  client.GrpcClientProtocolClient (GrpcClientProtocolClient.java:onNext(255)) - client-A5BCC62C3543->912a7d3b-e3f1-4985-b06b-5f0a929b8060: receive RaftClientReply:client-A5BCC62C3543->912a7d3b-e3f1-4985-b06b-5f0a929b8060@group-3636E5E7603C, cid=2739, SUCCESS, logIndex=3916, commits[912a7d3b-e3f1-4985-b06b-5f0a929b8060:c3918]
2019-07-13 08:32:39,944 INFO  client.GrpcClientProtocolClient (GrpcClientProtocolClient.java:onNext(255)) - client-A5BCC62C3543->912a7d3b-e3f1-4985-b06b-5f0a929b8060: receive RaftClientReply:client-A5BCC62C3543->912a7d3b-e3f1-4985-b06b-5f0a929b8060@group-3636E5E7603C, cid=2740, SUCCESS, logIndex=3917, commits[912a7d3b-e3f1-4985-b06b-5f0a929b8060:c3918]
2019-07-13 08:32:40,014 DEBUG block.SCMBlockDeletingService (SCMBlockDeletingService.java:call(138)) - Running DeletedBlockTransactionScanner
2019-07-13 08:32:40,014 DEBUG block.SCMBlockDeletingService (SCMBlockDeletingService.java:call(155)) - Scanned deleted blocks log and got 0 delTX to process.
2019-07-13 08:32:40,114 DEBUG block.SCMBlockDeletingService (SCMBlockDeletingService.java:call(138)) - Running DeletedBlockTransactionScanner
2019-07-13 08:32:40,115 DEBUG block.SCMBlockDeletingService (SCMBlockDeletingService.java:call(155)) - Scanned deleted blocks log and got 0 delTX to process.
2019-07-13 08:32:40,146 INFO  client.GrpcClientProtocolClient (GrpcClientProtocolClient.java:onNext(255)) - client-A5BCC62C3543->912a7d3b-e3f1-4985-b06b-5f0a929b8060: receive RaftClientReply:client-A5BCC62C3543->912a7d3b-e3f1-4985-b06b-5f0a929b8060@group-3636E5E7603C, cid=2741, SUCCESS, logIndex=3919, commits[912a7d3b-e3f1-4985-b06b-5f0a929b8060:c3920]
2019-07-13 08:32:40,147 INFO  client.GrpcClientProtocolClient (GrpcClientProtocolClient.java:onNext(255)) - client-A5BCC62C3543->912a7d3b-e3f1-4985-b06b-5f0a929b8060: receive RaftClientReply:client-A5BCC62C3543->912a7d3b-e3f1-4985-b06b-5f0a929b8060@group-3636E5E7603C, cid=2742, SUCCESS, logIndex=3920, commits[912a7d3b-e3f1-4985-b06b-5f0a929b8060:c3922]
2019-07-13 08:32:40,147 INFO  client.GrpcClientProtocolClient (GrpcClientProtocolClient.java:onNext(255)) - client-A5BCC62C3543->912a7d3b-e3f1-4985-b06b-5f0a929b8060: receive RaftClientReply:client-A5BCC62C3543->912a7d3b-e3f1-4985-b06b-5f0a929b8060@group-3636E5E7603C, cid=2743, SUCCESS, logIndex=3921, commits[912a7d3b-e3f1-4985-b06b-5f0a929b8060:c3923]
2019-07-13 08:32:40,147 INFO  client.GrpcClientProtocolClient (GrpcClientProtocolClient.java:onNext(255)) - client-A5BCC62C3543->912a7d3b-e3f1-4985-b06b-5f0a929b8060: receive RaftClientReply:client-A5BCC62C3543->912a7d3b-e3f1-4985-b06b-5f0a929b8060@group-3636E5E7603C, cid=2744, SUCCESS, logIndex=3922, commits[912a7d3b-e3f1-4985-b06b-5f0a929b8060:c3923]
2019-07-13 08:32:40,178 INFO  client.GrpcClientProtocolClient (GrpcClientProtocolClient.java:onNext(255)) - client-A5BCC62C3543->912a7d3b-e3f1-4985-b06b-5f0a929b8060: receive RaftClientReply:client-A5BCC62C3543->912a7d3b-e3f1-4985-b06b-5f0a929b8060@group-3636E5E7603C, cid=2745, SUCCESS, logIndex=3925, commits[912a7d3b-e3f1-4985-b06b-5f0a929b8060:c3928]
2019-07-13 08:32:40,178 INFO  client.GrpcClientProtocolClient (GrpcClientProtocolClient.java:onNext(255)) - client-A5BCC62C3543->912a7d3b-e3f1-4985-b06b-5f0a929b8060: receive RaftClientReply:client-A5BCC62C3543->912a7d3b-e3f1-4985-b06b-5f0a929b8060@group-3636E5E7603C, cid=2746, SUCCESS, logIndex=3926, commits[912a7d3b-e3f1-4985-b06b-5f0a929b8060:c3929]
2019-07-13 08:32:40,179 INFO  client.GrpcClientProtocolClient (GrpcClientProtocolClient.java:onNext(255)) - client-A5BCC62C3543->912a7d3b-e3f1-4985-b06b-5f0a929b8060: receive RaftClientReply:client-A5BCC62C3543->912a7d3b-e3f1-4985-b06b-5f0a929b8060@group-3636E5E7603C, cid=2747, SUCCESS, logIndex=3927, commits[912a7d3b-e3f1-4985-b06b-5f0a929b8060:c3929]
2019-07-13 08:32:40,179 INFO  client.GrpcClientProtocolClient (GrpcClientProtocolClient.java:onNext(255)) - client-A5BCC62C3543->912a7d3b-e3f1-4985-b06b-5f0a929b8060: receive RaftClientReply:client-A5BCC62C3543->912a7d3b-e3f1-4985-b06b-5f0a929b8060@group-3636E5E7603C, cid=2748, SUCCESS, logIndex=3928, commits[912a7d3b-e3f1-4985-b06b-5f0a929b8060:c3929]
2019-07-13 08:32:40,195 INFO  client.GrpcClientProtocolClient (GrpcClientProtocolClient.java:onNext(255)) - client-A5BCC62C3543->912a7d3b-e3f1-4985-b06b-5f0a929b8060: receive RaftClientReply:client-A5BCC62C3543->912a7d3b-e3f1-4985-b06b-5f0a929b8060@group-3636E5E7603C, cid=2749, SUCCESS, logIndex=3930, commits[912a7d3b-e3f1-4985-b06b-5f0a929b8060:c3933]
2019-07-13 08:32:40,195 INFO  client.GrpcClientProtocolClient (GrpcClientProtocolClient.java:onNext(255)) - client-A5BCC62C3543->912a7d3b-e3f1-4985-b06b-5f0a929b8060: receive RaftClientReply:client-A5BCC62C3543->912a7d3b-e3f1-4985-b06b-5f0a929b8060@group-3636E5E7603C, cid=2750, SUCCESS, logIndex=3931, commits[912a7d3b-e3f1-4985-b06b-5f0a929b8060:c3934]
2019-07-13 08:32:40,195 INFO  client.GrpcClientProtocolClient (GrpcClientProtocolClient.java:onNext(255)) - client-A5BCC62C3543->912a7d3b-e3f1-4985-b06b-5f0a929b8060: receive RaftClientReply:client-A5BCC62C3543->912a7d3b-e3f1-4985-b06b-5f0a929b8060@group-3636E5E7603C, cid=2751, SUCCESS, logIndex=3932, commits[912a7d3b-e3f1-4985-b06b-5f0a929b8060:c3934]
2019-07-13 08:32:40,196 INFO  client.GrpcClientProtocolClient (GrpcClientProtocolClient.java:onNext(255)) - client-A5BCC62C3543->912a7d3b-e3f1-4985-b06b-5f0a929b8060: receive RaftClientReply:client-A5BCC62C3543->912a7d3b-e3f1-4985-b06b-5f0a929b8060@group-3636E5E7603C, cid=2752, SUCCESS, logIndex=3933, commits[912a7d3b-e3f1-4985-b06b-5f0a929b8060:c3934]
2019-07-13 08:32:40,215 DEBUG block.SCMBlockDeletingService (SCMBlockDeletingService.java:call(138)) - Running DeletedBlockTransactionScanner
2019-07-13 08:32:40,215 DEBUG block.SCMBlockDeletingService (SCMBlockDeletingService.java:call(155)) - Scanned deleted blocks log and got 0 delTX to process.
2019-07-13 08:32:40,227 INFO  client.GrpcClientProtocolClient (GrpcClientProtocolClient.java:onNext(255)) - client-A5BCC62C3543->912a7d3b-e3f1-4985-b06b-5f0a929b8060: receive RaftClientReply:client-A5BCC62C3543->912a7d3b-e3f1-4985-b06b-5f0a929b8060@group-3636E5E7603C, cid=2753, SUCCESS, logIndex=3935, commits[912a7d3b-e3f1-4985-b06b-5f0a929b8060:c3938]
2019-07-13 08:32:40,228 INFO  client.GrpcClientProtocolClient (GrpcClientProtocolClient.java:onNext(255)) - client-A5BCC62C3543->912a7d3b-e3f1-4985-b06b-5f0a929b8060: receive RaftClientReply:client-A5BCC62C3543->912a7d3b-e3f1-4985-b06b-5f0a929b8060@group-3636E5E7603C, cid=2754, SUCCESS, logIndex=3936, commits[912a7d3b-e3f1-4985-b06b-5f0a929b8060:c3939]
2019-07-13 08:32:40,228 INFO  client.GrpcClientProtocolClient (GrpcClientProtocolClient.java:onNext(255)) - client-A5BCC62C3543->912a7d3b-e3f1-4985-b06b-5f0a929b8060: receive RaftClientReply:client-A5BCC62C3543->912a7d3b-e3f1-4985-b06b-5f0a929b8060@group-3636E5E7603C, cid=2755, SUCCESS, logIndex=3937, commits[912a7d3b-e3f1-4985-b06b-5f0a929b8060:c3939]
2019-07-13 08:32:40,228 INFO  client.GrpcClientProtocolClient (GrpcClientProtocolClient.java:onNext(255)) - client-A5BCC62C3543->912a7d3b-e3f1-4985-b06b-5f0a929b8060: receive RaftClientReply:client-A5BCC62C3543->912a7d3b-e3f1-4985-b06b-5f0a929b8060@group-3636E5E7603C, cid=2756, SUCCESS, logIndex=3938, commits[912a7d3b-e3f1-4985-b06b-5f0a929b8060:c3939]
2019-07-13 08:32:40,249 INFO  client.GrpcClientProtocolClient (GrpcClientProtocolClient.java:onNext(255)) - client-A5BCC62C3543->912a7d3b-e3f1-4985-b06b-5f0a929b8060: receive RaftClientReply:client-A5BCC62C3543->912a7d3b-e3f1-4985-b06b-5f0a929b8060@group-3636E5E7603C, cid=2757, SUCCESS, logIndex=3940, commits[912a7d3b-e3f1-4985-b06b-5f0a929b8060:c3943]
2019-07-13 08:32:40,249 INFO  client.GrpcClientProtocolClient (GrpcClientProtocolClient.java:onNext(255)) - client-A5BCC62C3543->912a7d3b-e3f1-4985-b06b-5f0a929b8060: receive RaftClientReply:client-A5BCC62C3543->912a7d3b-e3f1-4985-b06b-5f0a929b8060@group-3636E5E7603C, cid=2758, SUCCESS, logIndex=3941, commits[912a7d3b-e3f1-4985-b06b-5f0a929b8060:c3944]
2019-07-13 08:32:40,249 INFO  client.GrpcClientProtocolClient (GrpcClientProtocolClient.java:onNext(255)) - client-A5BCC62C3543->912a7d3b-e3f1-4985-b06b-5f0a929b8060: receive RaftClientReply:client-A5BCC62C3543->912a7d3b-e3f1-4985-b06b-5f0a929b8060@group-3636E5E7603C, cid=2759, SUCCESS, logIndex=3942, commits[912a7d3b-e3f1-4985-b06b-5f0a929b8060:c3944]
2019-07-13 08:32:40,250 INFO  client.GrpcClientProtocolClient (GrpcClientProtocolClient.java:onNext(255)) - client-A5BCC62C3543->912a7d3b-e3f1-4985-b06b-5f0a929b8060: receive RaftClientReply:client-A5BCC62C3543->912a7d3b-e3f1-4985-b06b-5f0a929b8060@group-3636E5E7603C, cid=2760, SUCCESS, logIndex=3943, commits[912a7d3b-e3f1-4985-b06b-5f0a929b8060:c3944]
2019-07-13 08:32:40,280 INFO  client.GrpcClientProtocolClient (GrpcClientProtocolClient.java:onNext(255)) - client-A5BCC62C3543->912a7d3b-e3f1-4985-b06b-5f0a929b8060: receive RaftClientReply:client-A5BCC62C3543->912a7d3b-e3f1-4985-b06b-5f0a929b8060@group-3636E5E7603C, cid=2761, SUCCESS, logIndex=3945, commits[912a7d3b-e3f1-4985-b06b-5f0a929b8060:c3946]
2019-07-13 08:32:40,280 INFO  client.GrpcClientProtocolClient (GrpcClientProtocolClient.java:onNext(255)) - client-A5BCC62C3543->912a7d3b-e3f1-4985-b06b-5f0a929b8060: receive RaftClientReply:client-A5BCC62C3543->912a7d3b-e3f1-4985-b06b-5f0a929b8060@group-3636E5E7603C, cid=2762, SUCCESS, logIndex=3946, commits[912a7d3b-e3f1-4985-b06b-5f0a929b8060:c3948]
2019-07-13 08:32:40,281 INFO  client.GrpcClientProtocolClient (GrpcClientProtocolClient.java:onNext(255)) - client-A5BCC62C3543->912a7d3b-e3f1-4985-b06b-5f0a929b8060: receive RaftClientReply:client-A5BCC62C3543->912a7d3b-e3f1-4985-b06b-5f0a929b8060@group-3636E5E7603C, cid=2763, SUCCESS, logIndex=3947, commits[912a7d3b-e3f1-4985-b06b-5f0a929b8060:c3948]
2019-07-13 08:32:40,281 INFO  client.GrpcClientProtocolClient (GrpcClientProtocolClient.java:onNext(255)) - client-A5BCC62C3543->912a7d3b-e3f1-4985-b06b-5f0a929b8060: receive RaftClientReply:client-A5BCC62C3543->912a7d3b-e3f1-4985-b06b-5f0a929b8060@group-3636E5E7603C, cid=2764, SUCCESS, logIndex=3948, commits[912a7d3b-e3f1-4985-b06b-5f0a929b8060:c3949]
2019-07-13 08:32:40,303 INFO  client.GrpcClientProtocolClient (GrpcClientProtocolClient.java:onNext(255)) - client-A5BCC62C3543->912a7d3b-e3f1-4985-b06b-5f0a929b8060: receive RaftClientReply:client-A5BCC62C3543->912a7d3b-e3f1-4985-b06b-5f0a929b8060@group-3636E5E7603C, cid=2765, SUCCESS, logIndex=3951, commits[912a7d3b-e3f1-4985-b06b-5f0a929b8060:c3954]
2019-07-13 08:32:40,304 INFO  client.GrpcClientProtocolClient (GrpcClientProtocolClient.java:onNext(255)) - client-A5BCC62C3543->912a7d3b-e3f1-4985-b06b-5f0a929b8060: receive RaftClientReply:client-A5BCC62C3543->912a7d3b-e3f1-4985-b06b-5f0a929b8060@group-3636E5E7603C, cid=2766, SUCCESS, logIndex=3952, commits[912a7d3b-e3f1-4985-b06b-5f0a929b8060:c3955]
2019-07-13 08:32:40,304 INFO  client.GrpcClientProtocolClient (GrpcClientProtocolClient.java:onNext(255)) - client-A5BCC62C3543->912a7d3b-e3f1-4985-b06b-5f0a929b8060: receive RaftClientReply:client-A5BCC62C3543->912a7d3b-e3f1-4985-b06b-5f0a929b8060@group-3636E5E7603C, cid=2767, SUCCESS, logIndex=3953, commits[912a7d3b-e3f1-4985-b06b-5f0a929b8060:c3955]
2019-07-13 08:32:40,304 INFO  client.GrpcClientProtocolClient (GrpcClientProtocolClient.java:onNext(255)) - client-A5BCC62C3543->912a7d3b-e3f1-4985-b06b-5f0a929b8060: receive RaftClientReply:client-A5BCC62C3543->912a7d3b-e3f1-4985-b06b-5f0a929b8060@group-3636E5E7603C, cid=2768, SUCCESS, logIndex=3954, commits[912a7d3b-e3f1-4985-b06b-5f0a929b8060:c3955]
2019-07-13 08:32:40,316 DEBUG block.SCMBlockDeletingService (SCMBlockDeletingService.java:call(138)) - Running DeletedBlockTransactionScanner
2019-07-13 08:32:40,316 DEBUG block.SCMBlockDeletingService (SCMBlockDeletingService.java:call(155)) - Scanned deleted blocks log and got 0 delTX to process.
2019-07-13 08:32:40,337 INFO  client.GrpcClientProtocolClient (GrpcClientProtocolClient.java:onNext(255)) - client-A5BCC62C3543->912a7d3b-e3f1-4985-b06b-5f0a929b8060: receive RaftClientReply:client-A5BCC62C3543->912a7d3b-e3f1-4985-b06b-5f0a929b8060@group-3636E5E7603C, cid=2769, SUCCESS, logIndex=3956, commits[912a7d3b-e3f1-4985-b06b-5f0a929b8060:c3957]
2019-07-13 08:32:40,338 INFO  client.GrpcClientProtocolClient (GrpcClientProtocolClient.java:onNext(255)) - client-A5BCC62C3543->912a7d3b-e3f1-4985-b06b-5f0a929b8060: receive RaftClientReply:client-A5BCC62C3543->912a7d3b-e3f1-4985-b06b-5f0a929b8060@group-3636E5E7603C, cid=2770, SUCCESS, logIndex=3957, commits[912a7d3b-e3f1-4985-b06b-5f0a929b8060:c3957]
2019-07-13 08:32:40,339 INFO  client.GrpcClientProtocolClient (GrpcClientProtocolClient.java:onNext(255)) - client-A5BCC62C3543->912a7d3b-e3f1-4985-b06b-5f0a929b8060: receive RaftClientReply:client-A5BCC62C3543->912a7d3b-e3f1-4985-b06b-5f0a929b8060@group-3636E5E7603C, cid=2771, SUCCESS, logIndex=3958, commits[912a7d3b-e3f1-4985-b06b-5f0a929b8060:c3959]
2019-07-13 08:32:40,340 INFO  client.GrpcClientProtocolClient (GrpcClientProtocolClient.java:onNext(255)) - client-A5BCC62C3543->912a7d3b-e3f1-4985-b06b-5f0a929b8060: receive RaftClientReply:client-A5BCC62C3543->912a7d3b-e3f1-4985-b06b-5f0a929b8060@group-3636E5E7603C, cid=2772, SUCCESS, logIndex=3959, commits[912a7d3b-e3f1-4985-b06b-5f0a929b8060:c3959]
2019-07-13 08:32:40,362 INFO  client.GrpcClientProtocolClient (GrpcClientProtocolClient.java:onNext(255)) - client-A5BCC62C3543->912a7d3b-e3f1-4985-b06b-5f0a929b8060: receive RaftClientReply:client-A5BCC62C3543->912a7d3b-e3f1-4985-b06b-5f0a929b8060@group-3636E5E7603C, cid=2773, SUCCESS, logIndex=3962, commits[912a7d3b-e3f1-4985-b06b-5f0a929b8060:c3965]
2019-07-13 08:32:40,363 INFO  client.GrpcClientProtocolClient (GrpcClientProtocolClient.java:onNext(255)) - client-A5BCC62C3543->912a7d3b-e3f1-4985-b06b-5f0a929b8060: receive RaftClientReply:client-A5BCC62C3543->912a7d3b-e3f1-4985-b06b-5f0a929b8060@group-3636E5E7603C, cid=2774, SUCCESS, logIndex=3963, commits[912a7d3b-e3f1-4985-b06b-5f0a929b8060:c3966]
2019-07-13 08:32:40,363 INFO  client.GrpcClientProtocolClient (GrpcClientProtocolClient.java:onNext(255)) - client-A5BCC62C3543->912a7d3b-e3f1-4985-b06b-5f0a929b8060: receive RaftClientReply:client-A5BCC62C3543->912a7d3b-e3f1-4985-b06b-5f0a929b8060@group-3636E5E7603C, cid=2775, SUCCESS, logIndex=3964, commits[912a7d3b-e3f1-4985-b06b-5f0a929b8060:c3966]
2019-07-13 08:32:40,363 INFO  client.GrpcClientProtocolClient (GrpcClientProtocolClient.java:onNext(255)) - client-A5BCC62C3543->912a7d3b-e3f1-4985-b06b-5f0a929b8060: receive RaftClientReply:client-A5BCC62C3543->912a7d3b-e3f1-4985-b06b-5f0a929b8060@group-3636E5E7603C, cid=2776, SUCCESS, logIndex=3965, commits[912a7d3b-e3f1-4985-b06b-5f0a929b8060:c3966]
2019-07-13 08:32:40,395 INFO  client.GrpcClientProtocolClient (GrpcClientProtocolClient.java:onNext(255)) - client-A5BCC62C3543->912a7d3b-e3f1-4985-b06b-5f0a929b8060: receive RaftClientReply:client-A5BCC62C3543->912a7d3b-e3f1-4985-b06b-5f0a929b8060@group-3636E5E7603C, cid=2777, SUCCESS, logIndex=3967, commits[912a7d3b-e3f1-4985-b06b-5f0a929b8060:c3968]
2019-07-13 08:32:40,396 INFO  client.GrpcClientProtocolClient (GrpcClientProtocolClient.java:onNext(255)) - client-A5BCC62C3543->912a7d3b-e3f1-4985-b06b-5f0a929b8060: receive RaftClientReply:client-A5BCC62C3543->912a7d3b-e3f1-4985-b06b-5f0a929b8060@group-3636E5E7603C, cid=2778, SUCCESS, logIndex=3968, commits[912a7d3b-e3f1-4985-b06b-5f0a929b8060:c3968]
2019-07-13 08:32:40,397 INFO  client.GrpcClientProtocolClient (GrpcClientProtocolClient.java:onNext(255)) - client-A5BCC62C3543->912a7d3b-e3f1-4985-b06b-5f0a929b8060: receive RaftClientReply:client-A5BCC62C3543->912a7d3b-e3f1-4985-b06b-5f0a929b8060@group-3636E5E7603C, cid=2779, SUCCESS, logIndex=3969, commits[912a7d3b-e3f1-4985-b06b-5f0a929b8060:c3970]
2019-07-13 08:32:40,397 INFO  client.GrpcClientProtocolClient (GrpcClientProtocolClient.java:onNext(255)) - client-A5BCC62C3543->912a7d3b-e3f1-4985-b06b-5f0a929b8060: receive RaftClientReply:client-A5BCC62C3543->912a7d3b-e3f1-4985-b06b-5f0a929b8060@group-3636E5E7603C, cid=2780, SUCCESS, logIndex=3970, commits[912a7d3b-e3f1-4985-b06b-5f0a929b8060:c3970]
2019-07-13 08:32:40,416 DEBUG block.SCMBlockDeletingService (SCMBlockDeletingService.java:call(138)) - Running DeletedBlockTransactionScanner
2019-07-13 08:32:40,417 DEBUG block.SCMBlockDeletingService (SCMBlockDeletingService.java:call(155)) - Scanned deleted blocks log and got 0 delTX to process.
2019-07-13 08:32:40,422 INFO  client.GrpcClientProtocolClient (GrpcClientProtocolClient.java:onNext(255)) - client-A5BCC62C3543->912a7d3b-e3f1-4985-b06b-5f0a929b8060: receive RaftClientReply:client-A5BCC62C3543->912a7d3b-e3f1-4985-b06b-5f0a929b8060@group-3636E5E7603C, cid=2781, SUCCESS, logIndex=3973, commits[912a7d3b-e3f1-4985-b06b-5f0a929b8060:c3976]
2019-07-13 08:32:40,423 INFO  client.GrpcClientProtocolClient (GrpcClientProtocolClient.java:onNext(255)) - client-A5BCC62C3543->912a7d3b-e3f1-4985-b06b-5f0a929b8060: receive RaftClientReply:client-A5BCC62C3543->912a7d3b-e3f1-4985-b06b-5f0a929b8060@group-3636E5E7603C, cid=2782, SUCCESS, logIndex=3974, commits[912a7d3b-e3f1-4985-b06b-5f0a929b8060:c3977]
2019-07-13 08:32:40,423 INFO  client.GrpcClientProtocolClient (GrpcClientProtocolClient.java:onNext(255)) - client-A5BCC62C3543->912a7d3b-e3f1-4985-b06b-5f0a929b8060: receive RaftClientReply:client-A5BCC62C3543->912a7d3b-e3f1-4985-b06b-5f0a929b8060@group-3636E5E7603C, cid=2783, SUCCESS, logIndex=3975, commits[912a7d3b-e3f1-4985-b06b-5f0a929b8060:c3977]
2019-07-13 08:32:40,423 INFO  client.GrpcClientProtocolClient (GrpcClientProtocolClient.java:onNext(255)) - client-A5BCC62C3543->912a7d3b-e3f1-4985-b06b-5f0a929b8060: receive RaftClientReply:client-A5BCC62C3543->912a7d3b-e3f1-4985-b06b-5f0a929b8060@group-3636E5E7603C, cid=2784, SUCCESS, logIndex=3976, commits[912a7d3b-e3f1-4985-b06b-5f0a929b8060:c3977]
2019-07-13 08:32:40,517 DEBUG block.SCMBlockDeletingService (SCMBlockDeletingService.java:call(138)) - Running DeletedBlockTransactionScanner
2019-07-13 08:32:40,518 DEBUG block.SCMBlockDeletingService (SCMBlockDeletingService.java:call(155)) - Scanned deleted blocks log and got 0 delTX to process.
2019-07-13 08:32:40,568 INFO  client.GrpcClientProtocolClient (GrpcClientProtocolClient.java:onNext(255)) - client-A5BCC62C3543->912a7d3b-e3f1-4985-b06b-5f0a929b8060: receive RaftClientReply:client-A5BCC62C3543->912a7d3b-e3f1-4985-b06b-5f0a929b8060@group-3636E5E7603C, cid=2785, SUCCESS, logIndex=3978, commits[912a7d3b-e3f1-4985-b06b-5f0a929b8060:c3981]
2019-07-13 08:32:40,569 INFO  client.GrpcClientProtocolClient (GrpcClientProtocolClient.java:onNext(255)) - client-A5BCC62C3543->912a7d3b-e3f1-4985-b06b-5f0a929b8060: receive RaftClientReply:client-A5BCC62C3543->912a7d3b-e3f1-4985-b06b-5f0a929b8060@group-3636E5E7603C, cid=2786, SUCCESS, logIndex=3979, commits[912a7d3b-e3f1-4985-b06b-5f0a929b8060:c3982]
2019-07-13 08:32:40,569 INFO  client.GrpcClientProtocolClient (GrpcClientProtocolClient.java:onNext(255)) - client-A5BCC62C3543->912a7d3b-e3f1-4985-b06b-5f0a929b8060: receive RaftClientReply:client-A5BCC62C3543->912a7d3b-e3f1-4985-b06b-5f0a929b8060@group-3636E5E7603C, cid=2787, SUCCESS, logIndex=3980, commits[912a7d3b-e3f1-4985-b06b-5f0a929b8060:c3982]
2019-07-13 08:32:40,570 INFO  client.GrpcClientProtocolClient (GrpcClientProtocolClient.java:onNext(255)) - client-A5BCC62C3543->912a7d3b-e3f1-4985-b06b-5f0a929b8060: receive RaftClientReply:client-A5BCC62C3543->912a7d3b-e3f1-4985-b06b-5f0a929b8060@group-3636E5E7603C, cid=2788, SUCCESS, logIndex=3981, commits[912a7d3b-e3f1-4985-b06b-5f0a929b8060:c3983]
2019-07-13 08:32:40,591 INFO  client.GrpcClientProtocolClient (GrpcClientProtocolClient.java:onNext(255)) - client-A5BCC62C3543->912a7d3b-e3f1-4985-b06b-5f0a929b8060: receive RaftClientReply:client-A5BCC62C3543->912a7d3b-e3f1-4985-b06b-5f0a929b8060@group-3636E5E7603C, cid=2789, SUCCESS, logIndex=3984, commits[912a7d3b-e3f1-4985-b06b-5f0a929b8060:c3987]
2019-07-13 08:32:40,591 INFO  client.GrpcClientProtocolClient (GrpcClientProtocolClient.java:onNext(255)) - client-A5BCC62C3543->912a7d3b-e3f1-4985-b06b-5f0a929b8060: receive RaftClientReply:client-A5BCC62C3543->912a7d3b-e3f1-4985-b06b-5f0a929b8060@group-3636E5E7603C, cid=2790, SUCCESS, logIndex=3985, commits[912a7d3b-e3f1-4985-b06b-5f0a929b8060:c3987]
2019-07-13 08:32:40,592 INFO  client.GrpcClientProtocolClient (GrpcClientProtocolClient.java:onNext(255)) - client-A5BCC62C3543->912a7d3b-e3f1-4985-b06b-5f0a929b8060: receive RaftClientReply:client-A5BCC62C3543->912a7d3b-e3f1-4985-b06b-5f0a929b8060@group-3636E5E7603C, cid=2791, SUCCESS, logIndex=3986, commits[912a7d3b-e3f1-4985-b06b-5f0a929b8060:c3988]
2019-07-13 08:32:40,592 INFO  client.GrpcClientProtocolClient (GrpcClientProtocolClient.java:onNext(255)) - client-A5BCC62C3543->912a7d3b-e3f1-4985-b06b-5f0a929b8060: receive RaftClientReply:client-A5BCC62C3543->912a7d3b-e3f1-4985-b06b-5f0a929b8060@group-3636E5E7603C, cid=2792, SUCCESS, logIndex=3987, commits[912a7d3b-e3f1-4985-b06b-5f0a929b8060:c3988]
2019-07-13 08:32:40,618 DEBUG block.SCMBlockDeletingService (SCMBlockDeletingService.java:call(138)) - Running DeletedBlockTransactionScanner
2019-07-13 08:32:40,618 DEBUG block.SCMBlockDeletingService (SCMBlockDeletingService.java:call(155)) - Scanned deleted blocks log and got 0 delTX to process.
2019-07-13 08:32:40,625 INFO  client.GrpcClientProtocolClient (GrpcClientProtocolClient.java:onNext(255)) - client-A5BCC62C3543->912a7d3b-e3f1-4985-b06b-5f0a929b8060: receive RaftClientReply:client-A5BCC62C3543->912a7d3b-e3f1-4985-b06b-5f0a929b8060@group-3636E5E7603C, cid=2793, SUCCESS, logIndex=3989, commits[912a7d3b-e3f1-4985-b06b-5f0a929b8060:c3992]
2019-07-13 08:32:40,625 INFO  client.GrpcClientProtocolClient (GrpcClientProtocolClient.java:onNext(255)) - client-A5BCC62C3543->912a7d3b-e3f1-4985-b06b-5f0a929b8060: receive RaftClientReply:client-A5BCC62C3543->912a7d3b-e3f1-4985-b06b-5f0a929b8060@group-3636E5E7603C, cid=2794, SUCCESS, logIndex=3990, commits[912a7d3b-e3f1-4985-b06b-5f0a929b8060:c3993]
2019-07-13 08:32:40,626 INFO  client.GrpcClientProtocolClient (GrpcClientProtocolClient.java:onNext(255)) - client-A5BCC62C3543->912a7d3b-e3f1-4985-b06b-5f0a929b8060: receive RaftClientReply:client-A5BCC62C3543->912a7d3b-e3f1-4985-b06b-5f0a929b8060@group-3636E5E7603C, cid=2795, SUCCESS, logIndex=3991, commits[912a7d3b-e3f1-4985-b06b-5f0a929b8060:c3993]
2019-07-13 08:32:40,626 INFO  client.GrpcClientProtocolClient (GrpcClientProtocolClient.java:onNext(255)) - client-A5BCC62C3543->912a7d3b-e3f1-4985-b06b-5f0a929b8060: receive RaftClientReply:client-A5BCC62C3543->912a7d3b-e3f1-4985-b06b-5f0a929b8060@group-3636E5E7603C, cid=2796, SUCCESS, logIndex=3992, commits[912a7d3b-e3f1-4985-b06b-5f0a929b8060:c3993]
2019-07-13 08:32:40,644 INFO  client.GrpcClientProtocolClient (GrpcClientProtocolClient.java:onNext(255)) - client-A5BCC62C3543->912a7d3b-e3f1-4985-b06b-5f0a929b8060: receive RaftClientReply:client-A5BCC62C3543->912a7d3b-e3f1-4985-b06b-5f0a929b8060@group-3636E5E7603C, cid=2797, SUCCESS, logIndex=3994, commits[912a7d3b-e3f1-4985-b06b-5f0a929b8060:c3995]
2019-07-13 08:32:40,645 INFO  client.GrpcClientProtocolClient (GrpcClientProtocolClient.java:onNext(255)) - client-A5BCC62C3543->912a7d3b-e3f1-4985-b06b-5f0a929b8060: receive RaftClientReply:client-A5BCC62C3543->912a7d3b-e3f1-4985-b06b-5f0a929b8060@group-3636E5E7603C, cid=2798, SUCCESS, logIndex=3995, commits[912a7d3b-e3f1-4985-b06b-5f0a929b8060:c3997]
2019-07-13 08:32:40,645 INFO  client.GrpcClientProtocolClient (GrpcClientProtocolClient.java:onNext(255)) - client-A5BCC62C3543->912a7d3b-e3f1-4985-b06b-5f0a929b8060: receive RaftClientReply:client-A5BCC62C3543->912a7d3b-e3f1-4985-b06b-5f0a929b8060@group-3636E5E7603C, cid=2799, SUCCESS, logIndex=3996, commits[912a7d3b-e3f1-4985-b06b-5f0a929b8060:c3998]
2019-07-13 08:32:40,646 INFO  client.GrpcClientProtocolClient (GrpcClientProtocolClient.java:onNext(255)) - client-A5BCC62C3543->912a7d3b-e3f1-4985-b06b-5f0a929b8060: receive RaftClientReply:client-A5BCC62C3543->912a7d3b-e3f1-4985-b06b-5f0a929b8060@group-3636E5E7603C, cid=2800, SUCCESS, logIndex=3997, commits[912a7d3b-e3f1-4985-b06b-5f0a929b8060:c3998]
2019-07-13 08:32:40,674 INFO  client.GrpcClientProtocolClient (GrpcClientProtocolClient.java:onNext(255)) - client-A5BCC62C3543->912a7d3b-e3f1-4985-b06b-5f0a929b8060: receive RaftClientReply:client-A5BCC62C3543->912a7d3b-e3f1-4985-b06b-5f0a929b8060@group-3636E5E7603C, cid=2801, SUCCESS, logIndex=4000, commits[912a7d3b-e3f1-4985-b06b-5f0a929b8060:c4001]
2019-07-13 08:32:40,674 INFO  client.GrpcClientProtocolClient (GrpcClientProtocolClient.java:onNext(255)) - client-A5BCC62C3543->912a7d3b-e3f1-4985-b06b-5f0a929b8060: receive RaftClientReply:client-A5BCC62C3543->912a7d3b-e3f1-4985-b06b-5f0a929b8060@group-3636E5E7603C, cid=2802, SUCCESS, logIndex=4001, commits[912a7d3b-e3f1-4985-b06b-5f0a929b8060:c4001]
2019-07-13 08:32:40,682 INFO  client.GrpcClientProtocolClient (GrpcClientProtocolClient.java:onNext(255)) - client-A5BCC62C3543->912a7d3b-e3f1-4985-b06b-5f0a929b8060: receive RaftClientReply:client-A5BCC62C3543->912a7d3b-e3f1-4985-b06b-5f0a929b8060@group-3636E5E7603C, cid=2803, SUCCESS, logIndex=4002, commits[912a7d3b-e3f1-4985-b06b-5f0a929b8060:c4003]
2019-07-13 08:32:40,683 INFO  client.GrpcClientProtocolClient (GrpcClientProtocolClient.java:onNext(255)) - client-A5BCC62C3543->912a7d3b-e3f1-4985-b06b-5f0a929b8060: receive RaftClientReply:client-A5BCC62C3543->912a7d3b-e3f1-4985-b06b-5f0a929b8060@group-3636E5E7603C, cid=2804, SUCCESS, logIndex=4003, commits[912a7d3b-e3f1-4985-b06b-5f0a929b8060:c4004]
2019-07-13 08:32:40,711 INFO  client.GrpcClientProtocolClient (GrpcClientProtocolClient.java:onNext(255)) - client-A5BCC62C3543->912a7d3b-e3f1-4985-b06b-5f0a929b8060: receive RaftClientReply:client-A5BCC62C3543->912a7d3b-e3f1-4985-b06b-5f0a929b8060@group-3636E5E7603C, cid=2805, SUCCESS, logIndex=4006, commits[912a7d3b-e3f1-4985-b06b-5f0a929b8060:c4007]
2019-07-13 08:32:40,711 INFO  client.GrpcClientProtocolClient (GrpcClientProtocolClient.java:onNext(255)) - client-A5BCC62C3543->912a7d3b-e3f1-4985-b06b-5f0a929b8060: receive RaftClientReply:client-A5BCC62C3543->912a7d3b-e3f1-4985-b06b-5f0a929b8060@group-3636E5E7603C, cid=2806, SUCCESS, logIndex=4007, commits[912a7d3b-e3f1-4985-b06b-5f0a929b8060:c4009]
2019-07-13 08:32:40,712 INFO  client.GrpcClientProtocolClient (GrpcClientProtocolClient.java:onNext(255)) - client-A5BCC62C3543->912a7d3b-e3f1-4985-b06b-5f0a929b8060: receive RaftClientReply:client-A5BCC62C3543->912a7d3b-e3f1-4985-b06b-5f0a929b8060@group-3636E5E7603C, cid=2807, SUCCESS, logIndex=4008, commits[912a7d3b-e3f1-4985-b06b-5f0a929b8060:c4010]
2019-07-13 08:32:40,712 INFO  client.GrpcClientProtocolClient (GrpcClientProtocolClient.java:onNext(255)) - client-A5BCC62C3543->912a7d3b-e3f1-4985-b06b-5f0a929b8060: receive RaftClientReply:client-A5BCC62C3543->912a7d3b-e3f1-4985-b06b-5f0a929b8060@group-3636E5E7603C, cid=2808, SUCCESS, logIndex=4009, commits[912a7d3b-e3f1-4985-b06b-5f0a929b8060:c4010]
2019-07-13 08:32:40,719 DEBUG block.SCMBlockDeletingService (SCMBlockDeletingService.java:call(138)) - Running DeletedBlockTransactionScanner
2019-07-13 08:32:40,719 DEBUG block.SCMBlockDeletingService (SCMBlockDeletingService.java:call(155)) - Scanned deleted blocks log and got 0 delTX to process.
2019-07-13 08:32:40,744 INFO  client.GrpcClientProtocolClient (GrpcClientProtocolClient.java:onNext(255)) - client-A5BCC62C3543->912a7d3b-e3f1-4985-b06b-5f0a929b8060: receive RaftClientReply:client-A5BCC62C3543->912a7d3b-e3f1-4985-b06b-5f0a929b8060@group-3636E5E7603C, cid=2809, SUCCESS, logIndex=4012, commits[912a7d3b-e3f1-4985-b06b-5f0a929b8060:c4013]
2019-07-13 08:32:40,745 INFO  client.GrpcClientProtocolClient (GrpcClientProtocolClient.java:onNext(255)) - client-A5BCC62C3543->912a7d3b-e3f1-4985-b06b-5f0a929b8060: receive RaftClientReply:client-A5BCC62C3543->912a7d3b-e3f1-4985-b06b-5f0a929b8060@group-3636E5E7603C, cid=2810, SUCCESS, logIndex=4013, commits[912a7d3b-e3f1-4985-b06b-5f0a929b8060:c4013]
2019-07-13 08:32:40,754 INFO  client.GrpcClientProtocolClient (GrpcClientProtocolClient.java:onNext(255)) - client-A5BCC62C3543->912a7d3b-e3f1-4985-b06b-5f0a929b8060: receive RaftClientReply:client-A5BCC62C3543->912a7d3b-e3f1-4985-b06b-5f0a929b8060@group-3636E5E7603C, cid=2811, SUCCESS, logIndex=4014, commits[912a7d3b-e3f1-4985-b06b-5f0a929b8060:c4015]
2019-07-13 08:32:40,754 INFO  client.GrpcClientProtocolClient (GrpcClientProtocolClient.java:onNext(255)) - client-A5BCC62C3543->912a7d3b-e3f1-4985-b06b-5f0a929b8060: receive RaftClientReply:client-A5BCC62C3543->912a7d3b-e3f1-4985-b06b-5f0a929b8060@group-3636E5E7603C, cid=2812, SUCCESS, logIndex=4015, commits[912a7d3b-e3f1-4985-b06b-5f0a929b8060:c4015]
2019-07-13 08:32:40,780 INFO  client.GrpcClientProtocolClient (GrpcClientProtocolClient.java:onNext(255)) - client-A5BCC62C3543->912a7d3b-e3f1-4985-b06b-5f0a929b8060: receive RaftClientReply:client-A5BCC62C3543->912a7d3b-e3f1-4985-b06b-5f0a929b8060@group-3636E5E7603C, cid=2813, SUCCESS, logIndex=4018, commits[912a7d3b-e3f1-4985-b06b-5f0a929b8060:c4021]
2019-07-13 08:32:40,781 INFO  client.GrpcClientProtocolClient (GrpcClientProtocolClient.java:onNext(255)) - client-A5BCC62C3543->912a7d3b-e3f1-4985-b06b-5f0a929b8060: receive RaftClientReply:client-A5BCC62C3543->912a7d3b-e3f1-4985-b06b-5f0a929b8060@group-3636E5E7603C, cid=2814, SUCCESS, logIndex=4019, commits[912a7d3b-e3f1-4985-b06b-5f0a929b8060:c4021]
2019-07-13 08:32:40,781 INFO  client.GrpcClientProtocolClient (GrpcClientProtocolClient.java:onNext(255)) - client-A5BCC62C3543->912a7d3b-e3f1-4985-b06b-5f0a929b8060: receive RaftClientReply:client-A5BCC62C3543->912a7d3b-e3f1-4985-b06b-5f0a929b8060@group-3636E5E7603C, cid=2815, SUCCESS, logIndex=4020, commits[912a7d3b-e3f1-4985-b06b-5f0a929b8060:c4022]
2019-07-13 08:32:40,781 INFO  client.GrpcClientProtocolClient (GrpcClientProtocolClient.java:onNext(255)) - client-A5BCC62C3543->912a7d3b-e3f1-4985-b06b-5f0a929b8060: receive RaftClientReply:client-A5BCC62C3543->912a7d3b-e3f1-4985-b06b-5f0a929b8060@group-3636E5E7603C, cid=2816, SUCCESS, logIndex=4021, commits[912a7d3b-e3f1-4985-b06b-5f0a929b8060:c4022]
2019-07-13 08:32:40,817 INFO  client.GrpcClientProtocolClient (GrpcClientProtocolClient.java:onNext(255)) - client-A5BCC62C3543->912a7d3b-e3f1-4985-b06b-5f0a929b8060: receive RaftClientReply:client-A5BCC62C3543->912a7d3b-e3f1-4985-b06b-5f0a929b8060@group-3636E5E7603C, cid=2817, SUCCESS, logIndex=4023, commits[912a7d3b-e3f1-4985-b06b-5f0a929b8060:c4026]
2019-07-13 08:32:40,818 INFO  client.GrpcClientProtocolClient (GrpcClientProtocolClient.java:onNext(255)) - client-A5BCC62C3543->912a7d3b-e3f1-4985-b06b-5f0a929b8060: receive RaftClientReply:client-A5BCC62C3543->912a7d3b-e3f1-4985-b06b-5f0a929b8060@group-3636E5E7603C, cid=2818, SUCCESS, logIndex=4024, commits[912a7d3b-e3f1-4985-b06b-5f0a929b8060:c4027]
2019-07-13 08:32:40,818 INFO  client.GrpcClientProtocolClient (GrpcClientProtocolClient.java:onNext(255)) - client-A5BCC62C3543->912a7d3b-e3f1-4985-b06b-5f0a929b8060: receive RaftClientReply:client-A5BCC62C3543->912a7d3b-e3f1-4985-b06b-5f0a929b8060@group-3636E5E7603C, cid=2819, SUCCESS, logIndex=4025, commits[912a7d3b-e3f1-4985-b06b-5f0a929b8060:c4027]
2019-07-13 08:32:40,818 INFO  client.GrpcClientProtocolClient (GrpcClientProtocolClient.java:onNext(255)) - client-A5BCC62C3543->912a7d3b-e3f1-4985-b06b-5f0a929b8060: receive RaftClientReply:client-A5BCC62C3543->912a7d3b-e3f1-4985-b06b-5f0a929b8060@group-3636E5E7603C, cid=2820, SUCCESS, logIndex=4026, commits[912a7d3b-e3f1-4985-b06b-5f0a929b8060:c4027]
2019-07-13 08:32:40,820 DEBUG block.SCMBlockDeletingService (SCMBlockDeletingService.java:call(138)) - Running DeletedBlockTransactionScanner
2019-07-13 08:32:40,820 DEBUG block.SCMBlockDeletingService (SCMBlockDeletingService.java:call(155)) - Scanned deleted blocks log and got 0 delTX to process.
2019-07-13 08:32:40,840 INFO  client.GrpcClientProtocolClient (GrpcClientProtocolClient.java:onNext(255)) - client-A5BCC62C3543->912a7d3b-e3f1-4985-b06b-5f0a929b8060: receive RaftClientReply:client-A5BCC62C3543->912a7d3b-e3f1-4985-b06b-5f0a929b8060@group-3636E5E7603C, cid=2821, SUCCESS, logIndex=4028, commits[912a7d3b-e3f1-4985-b06b-5f0a929b8060:c4031]
2019-07-13 08:32:40,841 INFO  client.GrpcClientProtocolClient (GrpcClientProtocolClient.java:onNext(255)) - client-A5BCC62C3543->912a7d3b-e3f1-4985-b06b-5f0a929b8060: receive RaftClientReply:client-A5BCC62C3543->912a7d3b-e3f1-4985-b06b-5f0a929b8060@group-3636E5E7603C, cid=2822, SUCCESS, logIndex=4029, commits[912a7d3b-e3f1-4985-b06b-5f0a929b8060:c4032]
2019-07-13 08:32:40,841 INFO  client.GrpcClientProtocolClient (GrpcClientProtocolClient.java:onNext(255)) - client-A5BCC62C3543->912a7d3b-e3f1-4985-b06b-5f0a929b8060: receive RaftClientReply:client-A5BCC62C3543->912a7d3b-e3f1-4985-b06b-5f0a929b8060@group-3636E5E7603C, cid=2823, SUCCESS, logIndex=4030, commits[912a7d3b-e3f1-4985-b06b-5f0a929b8060:c4032]
2019-07-13 08:32:40,842 INFO  client.GrpcClientProtocolClient (GrpcClientProtocolClient.java:onNext(255)) - client-A5BCC62C3543->912a7d3b-e3f1-4985-b06b-5f0a929b8060: receive RaftClientReply:client-A5BCC62C3543->912a7d3b-e3f1-4985-b06b-5f0a929b8060@group-3636E5E7603C, cid=2824, SUCCESS, logIndex=4031, commits[912a7d3b-e3f1-4985-b06b-5f0a929b8060:c4032]
2019-07-13 08:32:40,859 INFO  segmented.SegmentedRaftLogWorker (SegmentedRaftLogWorker.java:rollLogSegment(385)) - 912a7d3b-e3f1-4985-b06b-5f0a929b8060-SegmentedRaftLogWorker:Storage Directory /tmp/workdir/hadoop-ozone/integration-test/target/test-dir/MiniOzoneClusterImpl-fcf0d58b-7225-411a-ad54-b01eec0cccf5/datanode-0/data/ratis/79064fed-927d-47b0-99ab-3636e5e7603c: Rolling segment log-0_4035 to index:4035
2019-07-13 08:32:40,873 INFO  client.GrpcClientProtocolClient (GrpcClientProtocolClient.java:onNext(255)) - client-A5BCC62C3543->912a7d3b-e3f1-4985-b06b-5f0a929b8060: receive RaftClientReply:client-A5BCC62C3543->912a7d3b-e3f1-4985-b06b-5f0a929b8060@group-3636E5E7603C, cid=2825, SUCCESS, logIndex=4033, commits[912a7d3b-e3f1-4985-b06b-5f0a929b8060:c4035]
2019-07-13 08:32:40,874 INFO  client.GrpcClientProtocolClient (GrpcClientProtocolClient.java:onNext(255)) - client-A5BCC62C3543->912a7d3b-e3f1-4985-b06b-5f0a929b8060: receive RaftClientReply:client-A5BCC62C3543->912a7d3b-e3f1-4985-b06b-5f0a929b8060@group-3636E5E7603C, cid=2826, SUCCESS, logIndex=4034, commits[912a7d3b-e3f1-4985-b06b-5f0a929b8060:c4035]
2019-07-13 08:32:40,874 INFO  segmented.SegmentedRaftLogWorker (SegmentedRaftLogWorker.java:execute(526)) - 912a7d3b-e3f1-4985-b06b-5f0a929b8060-SegmentedRaftLogWorker:Storage Directory /tmp/workdir/hadoop-ozone/integration-test/target/test-dir/MiniOzoneClusterImpl-fcf0d58b-7225-411a-ad54-b01eec0cccf5/datanode-0/data/ratis/79064fed-927d-47b0-99ab-3636e5e7603c: Rolled log segment from /tmp/workdir/hadoop-ozone/integration-test/target/test-dir/MiniOzoneClusterImpl-fcf0d58b-7225-411a-ad54-b01eec0cccf5/datanode-0/data/ratis/79064fed-927d-47b0-99ab-3636e5e7603c/current/log_inprogress_0 to /tmp/workdir/hadoop-ozone/integration-test/target/test-dir/MiniOzoneClusterImpl-fcf0d58b-7225-411a-ad54-b01eec0cccf5/datanode-0/data/ratis/79064fed-927d-47b0-99ab-3636e5e7603c/current/log_0-4035
2019-07-13 08:32:40,874 INFO  client.GrpcClientProtocolClient (GrpcClientProtocolClient.java:onNext(255)) - client-A5BCC62C3543->912a7d3b-e3f1-4985-b06b-5f0a929b8060: receive RaftClientReply:client-A5BCC62C3543->912a7d3b-e3f1-4985-b06b-5f0a929b8060@group-3636E5E7603C, cid=2827, SUCCESS, logIndex=4035, commits[912a7d3b-e3f1-4985-b06b-5f0a929b8060:c4035]
2019-07-13 08:32:40,918 INFO  segmented.SegmentedRaftLogWorker (SegmentedRaftLogWorker.java:execute(569)) - 912a7d3b-e3f1-4985-b06b-5f0a929b8060-SegmentedRaftLogWorker:Storage Directory /tmp/workdir/hadoop-ozone/integration-test/target/test-dir/MiniOzoneClusterImpl-fcf0d58b-7225-411a-ad54-b01eec0cccf5/datanode-0/data/ratis/79064fed-927d-47b0-99ab-3636e5e7603c: created new log segment /tmp/workdir/hadoop-ozone/integration-test/target/test-dir/MiniOzoneClusterImpl-fcf0d58b-7225-411a-ad54-b01eec0cccf5/datanode-0/data/ratis/79064fed-927d-47b0-99ab-3636e5e7603c/current/log_inprogress_4036
2019-07-13 08:32:40,923 DEBUG block.SCMBlockDeletingService (SCMBlockDeletingService.java:call(138)) - Running DeletedBlockTransactionScanner
2019-07-13 08:32:40,924 DEBUG block.SCMBlockDeletingService (SCMBlockDeletingService.java:call(155)) - Scanned deleted blocks log and got 0 delTX to process.
2019-07-13 08:32:40,937 INFO  client.GrpcClientProtocolClient (GrpcClientProtocolClient.java:onNext(255)) - client-A5BCC62C3543->912a7d3b-e3f1-4985-b06b-5f0a929b8060: receive RaftClientReply:client-A5BCC62C3543->912a7d3b-e3f1-4985-b06b-5f0a929b8060@group-3636E5E7603C, cid=2828, SUCCESS, logIndex=4036, commits[912a7d3b-e3f1-4985-b06b-5f0a929b8060:c4037]
2019-07-13 08:32:41,024 DEBUG block.SCMBlockDeletingService (SCMBlockDeletingService.java:call(138)) - Running DeletedBlockTransactionScanner
2019-07-13 08:32:41,025 DEBUG block.SCMBlockDeletingService (SCMBlockDeletingService.java:call(155)) - Scanned deleted blocks log and got 0 delTX to process.
2019-07-13 08:32:41,125 DEBUG block.SCMBlockDeletingService (SCMBlockDeletingService.java:call(138)) - Running DeletedBlockTransactionScanner
2019-07-13 08:32:41,126 DEBUG block.SCMBlockDeletingService (SCMBlockDeletingService.java:call(155)) - Scanned deleted blocks log and got 0 delTX to process.
2019-07-13 08:32:41,164 INFO  client.GrpcClientProtocolClient (GrpcClientProtocolClient.java:onNext(255)) - client-A5BCC62C3543->912a7d3b-e3f1-4985-b06b-5f0a929b8060: receive RaftClientReply:client-A5BCC62C3543->912a7d3b-e3f1-4985-b06b-5f0a929b8060@group-3636E5E7603C, cid=2829, SUCCESS, logIndex=4038, commits[912a7d3b-e3f1-4985-b06b-5f0a929b8060:c4041]
2019-07-13 08:32:41,164 INFO  client.GrpcClientProtocolClient (GrpcClientProtocolClient.java:onNext(255)) - client-A5BCC62C3543->912a7d3b-e3f1-4985-b06b-5f0a929b8060: receive RaftClientReply:client-A5BCC62C3543->912a7d3b-e3f1-4985-b06b-5f0a929b8060@group-3636E5E7603C, cid=2830, SUCCESS, logIndex=4039, commits[912a7d3b-e3f1-4985-b06b-5f0a929b8060:c4041]
2019-07-13 08:32:41,165 INFO  client.GrpcClientProtocolClient (GrpcClientProtocolClient.java:onNext(255)) - client-A5BCC62C3543->912a7d3b-e3f1-4985-b06b-5f0a929b8060: receive RaftClientReply:client-A5BCC62C3543->912a7d3b-e3f1-4985-b06b-5f0a929b8060@group-3636E5E7603C, cid=2831, SUCCESS, logIndex=4040, commits[912a7d3b-e3f1-4985-b06b-5f0a929b8060:c4041]
2019-07-13 08:32:41,165 INFO  client.GrpcClientProtocolClient (GrpcClientProtocolClient.java:onNext(255)) - client-A5BCC62C3543->912a7d3b-e3f1-4985-b06b-5f0a929b8060: receive RaftClientReply:client-A5BCC62C3543->912a7d3b-e3f1-4985-b06b-5f0a929b8060@group-3636E5E7603C, cid=2832, SUCCESS, logIndex=4041, commits[912a7d3b-e3f1-4985-b06b-5f0a929b8060:c4041]
2019-07-13 08:32:41,194 INFO  client.GrpcClientProtocolClient (GrpcClientProtocolClient.java:onNext(255)) - client-A5BCC62C3543->912a7d3b-e3f1-4985-b06b-5f0a929b8060: receive RaftClientReply:client-A5BCC62C3543->912a7d3b-e3f1-4985-b06b-5f0a929b8060@group-3636E5E7603C, cid=2833, SUCCESS, logIndex=4043, commits[912a7d3b-e3f1-4985-b06b-5f0a929b8060:c4044]
2019-07-13 08:32:41,195 INFO  client.GrpcClientProtocolClient (GrpcClientProtocolClient.java:onNext(255)) - client-A5BCC62C3543->912a7d3b-e3f1-4985-b06b-5f0a929b8060: receive RaftClientReply:client-A5BCC62C3543->912a7d3b-e3f1-4985-b06b-5f0a929b8060@group-3636E5E7603C, cid=2834, SUCCESS, logIndex=4044, commits[912a7d3b-e3f1-4985-b06b-5f0a929b8060:c4044]
2019-07-13 08:32:41,196 INFO  client.GrpcClientProtocolClient (GrpcClientProtocolClient.java:onNext(255)) - client-A5BCC62C3543->912a7d3b-e3f1-4985-b06b-5f0a929b8060: receive RaftClientReply:client-A5BCC62C3543->912a7d3b-e3f1-4985-b06b-5f0a929b8060@group-3636E5E7603C, cid=2835, SUCCESS, logIndex=4045, commits[912a7d3b-e3f1-4985-b06b-5f0a929b8060:c4046]
2019-07-13 08:32:41,197 INFO  client.GrpcClientProtocolClient (GrpcClientProtocolClient.java:onNext(255)) - client-A5BCC62C3543->912a7d3b-e3f1-4985-b06b-5f0a929b8060: receive RaftClientReply:client-A5BCC62C3543->912a7d3b-e3f1-4985-b06b-5f0a929b8060@group-3636E5E7603C, cid=2836, SUCCESS, logIndex=4046, commits[912a7d3b-e3f1-4985-b06b-5f0a929b8060:c4046]
2019-07-13 08:32:41,223 INFO  client.GrpcClientProtocolClient (GrpcClientProtocolClient.java:onNext(255)) - client-A5BCC62C3543->912a7d3b-e3f1-4985-b06b-5f0a929b8060: receive RaftClientReply:client-A5BCC62C3543->912a7d3b-e3f1-4985-b06b-5f0a929b8060@group-3636E5E7603C, cid=2837, SUCCESS, logIndex=4049, commits[912a7d3b-e3f1-4985-b06b-5f0a929b8060:c4052]
2019-07-13 08:32:41,224 INFO  client.GrpcClientProtocolClient (GrpcClientProtocolClient.java:onNext(255)) - client-A5BCC62C3543->912a7d3b-e3f1-4985-b06b-5f0a929b8060: receive RaftClientReply:client-A5BCC62C3543->912a7d3b-e3f1-4985-b06b-5f0a929b8060@group-3636E5E7603C, cid=2838, SUCCESS, logIndex=4050, commits[912a7d3b-e3f1-4985-b06b-5f0a929b8060:c4053]
2019-07-13 08:32:41,225 INFO  client.GrpcClientProtocolClient (GrpcClientProtocolClient.java:onNext(255)) - client-A5BCC62C3543->912a7d3b-e3f1-4985-b06b-5f0a929b8060: receive RaftClientReply:client-A5BCC62C3543->912a7d3b-e3f1-4985-b06b-5f0a929b8060@group-3636E5E7603C, cid=2839, SUCCESS, logIndex=4051, commits[912a7d3b-e3f1-4985-b06b-5f0a929b8060:c4053]
2019-07-13 08:32:41,226 INFO  client.GrpcClientProtocolClient (GrpcClientProtocolClient.java:onNext(255)) - client-A5BCC62C3543->912a7d3b-e3f1-4985-b06b-5f0a929b8060: receive RaftClientReply:client-A5BCC62C3543->912a7d3b-e3f1-4985-b06b-5f0a929b8060@group-3636E5E7603C, cid=2840, SUCCESS, logIndex=4052, commits[912a7d3b-e3f1-4985-b06b-5f0a929b8060:c4053]
2019-07-13 08:32:41,226 DEBUG block.SCMBlockDeletingService (SCMBlockDeletingService.java:call(138)) - Running DeletedBlockTransactionScanner
2019-07-13 08:32:41,227 DEBUG block.SCMBlockDeletingService (SCMBlockDeletingService.java:call(155)) - Scanned deleted blocks log and got 0 delTX to process.
2019-07-13 08:32:41,265 INFO  client.GrpcClientProtocolClient (GrpcClientProtocolClient.java:onNext(255)) - client-A5BCC62C3543->912a7d3b-e3f1-4985-b06b-5f0a929b8060: receive RaftClientReply:client-A5BCC62C3543->912a7d3b-e3f1-4985-b06b-5f0a929b8060@group-3636E5E7603C, cid=2841, SUCCESS, logIndex=4054, commits[912a7d3b-e3f1-4985-b06b-5f0a929b8060:c4058]
2019-07-13 08:32:41,266 INFO  client.GrpcClientProtocolClient (GrpcClientProtocolClient.java:onNext(255)) - client-A5BCC62C3543->912a7d3b-e3f1-4985-b06b-5f0a929b8060: receive RaftClientReply:client-A5BCC62C3543->912a7d3b-e3f1-4985-b06b-5f0a929b8060@group-3636E5E7603C, cid=2842, SUCCESS, logIndex=4055, commits[912a7d3b-e3f1-4985-b06b-5f0a929b8060:c4058]
2019-07-13 08:32:41,266 INFO  client.GrpcClientProtocolClient (GrpcClientProtocolClient.java:onNext(255)) - client-A5BCC62C3543->912a7d3b-e3f1-4985-b06b-5f0a929b8060: receive RaftClientReply:client-A5BCC62C3543->912a7d3b-e3f1-4985-b06b-5f0a929b8060@group-3636E5E7603C, cid=2843, SUCCESS, logIndex=4056, commits[912a7d3b-e3f1-4985-b06b-5f0a929b8060:c4058]
2019-07-13 08:32:41,267 INFO  client.GrpcClientProtocolClient (GrpcClientProtocolClient.java:onNext(255)) - client-A5BCC62C3543->912a7d3b-e3f1-4985-b06b-5f0a929b8060: receive RaftClientReply:client-A5BCC62C3543->912a7d3b-e3f1-4985-b06b-5f0a929b8060@group-3636E5E7603C, cid=2844, SUCCESS, logIndex=4057, commits[912a7d3b-e3f1-4985-b06b-5f0a929b8060:c4058]
2019-07-13 08:32:41,295 INFO  client.GrpcClientProtocolClient (GrpcClientProtocolClient.java:onNext(255)) - client-A5BCC62C3543->912a7d3b-e3f1-4985-b06b-5f0a929b8060: receive RaftClientReply:client-A5BCC62C3543->912a7d3b-e3f1-4985-b06b-5f0a929b8060@group-3636E5E7603C, cid=2845, SUCCESS, logIndex=4059, commits[912a7d3b-e3f1-4985-b06b-5f0a929b8060:c4062]
2019-07-13 08:32:41,295 INFO  client.GrpcClientProtocolClient (GrpcClientProtocolClient.java:onNext(255)) - client-A5BCC62C3543->912a7d3b-e3f1-4985-b06b-5f0a929b8060: receive RaftClientReply:client-A5BCC62C3543->912a7d3b-e3f1-4985-b06b-5f0a929b8060@group-3636E5E7603C, cid=2846, SUCCESS, logIndex=4060, commits[912a7d3b-e3f1-4985-b06b-5f0a929b8060:c4063]
2019-07-13 08:32:41,296 INFO  client.GrpcClientProtocolClient (GrpcClientProtocolClient.java:onNext(255)) - client-A5BCC62C3543->912a7d3b-e3f1-4985-b06b-5f0a929b8060: receive RaftClientReply:client-A5BCC62C3543->912a7d3b-e3f1-4985-b06b-5f0a929b8060@group-3636E5E7603C, cid=2847, SUCCESS, logIndex=4061, commits[912a7d3b-e3f1-4985-b06b-5f0a929b8060:c4063]
2019-07-13 08:32:41,297 INFO  client.GrpcClientProtocolClient (GrpcClientProtocolClient.java:onNext(255)) - client-A5BCC62C3543->912a7d3b-e3f1-4985-b06b-5f0a929b8060: receive RaftClientReply:client-A5BCC62C3543->912a7d3b-e3f1-4985-b06b-5f0a929b8060@group-3636E5E7603C, cid=2848, SUCCESS, logIndex=4062, commits[912a7d3b-e3f1-4985-b06b-5f0a929b8060:c4063]
2019-07-13 08:32:41,327 DEBUG block.SCMBlockDeletingService (SCMBlockDeletingService.java:call(138)) - Running DeletedBlockTransactionScanner
2019-07-13 08:32:41,328 DEBUG block.SCMBlockDeletingService (SCMBlockDeletingService.java:call(155)) - Scanned deleted blocks log and got 0 delTX to process.
2019-07-13 08:32:41,328 INFO  client.GrpcClientProtocolClient (GrpcClientProtocolClient.java:onNext(255)) - client-A5BCC62C3543->912a7d3b-e3f1-4985-b06b-5f0a929b8060: receive RaftClientReply:client-A5BCC62C3543->912a7d3b-e3f1-4985-b06b-5f0a929b8060@group-3636E5E7603C, cid=2849, SUCCESS, logIndex=4064, commits[912a7d3b-e3f1-4985-b06b-5f0a929b8060:c4065]
2019-07-13 08:32:41,329 INFO  client.GrpcClientProtocolClient (GrpcClientProtocolClient.java:onNext(255)) - client-A5BCC62C3543->912a7d3b-e3f1-4985-b06b-5f0a929b8060: receive RaftClientReply:client-A5BCC62C3543->912a7d3b-e3f1-4985-b06b-5f0a929b8060@group-3636E5E7603C, cid=2850, SUCCESS, logIndex=4065, commits[912a7d3b-e3f1-4985-b06b-5f0a929b8060:c4067]
2019-07-13 08:32:41,330 INFO  client.GrpcClientProtocolClient (GrpcClientProtocolClient.java:onNext(255)) - client-A5BCC62C3543->912a7d3b-e3f1-4985-b06b-5f0a929b8060: receive RaftClientReply:client-A5BCC62C3543->912a7d3b-e3f1-4985-b06b-5f0a929b8060@group-3636E5E7603C, cid=2851, SUCCESS, logIndex=4066, commits[912a7d3b-e3f1-4985-b06b-5f0a929b8060:c4068]
2019-07-13 08:32:41,330 INFO  client.GrpcClientProtocolClient (GrpcClientProtocolClient.java:onNext(255)) - client-A5BCC62C3543->912a7d3b-e3f1-4985-b06b-5f0a929b8060: receive RaftClientReply:client-A5BCC62C3543->912a7d3b-e3f1-4985-b06b-5f0a929b8060@group-3636E5E7603C, cid=2852, SUCCESS, logIndex=4067, commits[912a7d3b-e3f1-4985-b06b-5f0a929b8060:c4069]
2019-07-13 08:32:41,350 INFO  client.GrpcClientProtocolClient (GrpcClientProtocolClient.java:onNext(255)) - client-A5BCC62C3543->912a7d3b-e3f1-4985-b06b-5f0a929b8060: receive RaftClientReply:client-A5BCC62C3543->912a7d3b-e3f1-4985-b06b-5f0a929b8060@group-3636E5E7603C, cid=2853, SUCCESS, logIndex=4070, commits[912a7d3b-e3f1-4985-b06b-5f0a929b8060:c4071]
2019-07-13 08:32:41,351 INFO  client.GrpcClientProtocolClient (GrpcClientProtocolClient.java:onNext(255)) - client-A5BCC62C3543->912a7d3b-e3f1-4985-b06b-5f0a929b8060: receive RaftClientReply:client-A5BCC62C3543->912a7d3b-e3f1-4985-b06b-5f0a929b8060@group-3636E5E7603C, cid=2854, SUCCESS, logIndex=4071, commits[912a7d3b-e3f1-4985-b06b-5f0a929b8060:c4073]
2019-07-13 08:32:41,351 INFO  client.GrpcClientProtocolClient (GrpcClientProtocolClient.java:onNext(255)) - client-A5BCC62C3543->912a7d3b-e3f1-4985-b06b-5f0a929b8060: receive RaftClientReply:client-A5BCC62C3543->912a7d3b-e3f1-4985-b06b-5f0a929b8060@group-3636E5E7603C, cid=2855, SUCCESS, logIndex=4072, commits[912a7d3b-e3f1-4985-b06b-5f0a929b8060:c4074]
2019-07-13 08:32:41,351 INFO  client.GrpcClientProtocolClient (GrpcClientProtocolClient.java:onNext(255)) - client-A5BCC62C3543->912a7d3b-e3f1-4985-b06b-5f0a929b8060: receive RaftClientReply:client-A5BCC62C3543->912a7d3b-e3f1-4985-b06b-5f0a929b8060@group-3636E5E7603C, cid=2856, SUCCESS, logIndex=4073, commits[912a7d3b-e3f1-4985-b06b-5f0a929b8060:c4074]
2019-07-13 08:32:41,385 INFO  client.GrpcClientProtocolClient (GrpcClientProtocolClient.java:onNext(255)) - client-A5BCC62C3543->912a7d3b-e3f1-4985-b06b-5f0a929b8060: receive RaftClientReply:client-A5BCC62C3543->912a7d3b-e3f1-4985-b06b-5f0a929b8060@group-3636E5E7603C, cid=2857, SUCCESS, logIndex=4076, commits[912a7d3b-e3f1-4985-b06b-5f0a929b8060:c4079]
2019-07-13 08:32:41,386 INFO  client.GrpcClientProtocolClient (GrpcClientProtocolClient.java:onNext(255)) - client-A5BCC62C3543->912a7d3b-e3f1-4985-b06b-5f0a929b8060: receive RaftClientReply:client-A5BCC62C3543->912a7d3b-e3f1-4985-b06b-5f0a929b8060@group-3636E5E7603C, cid=2858, SUCCESS, logIndex=4077, commits[912a7d3b-e3f1-4985-b06b-5f0a929b8060:c4080]
2019-07-13 08:32:41,386 INFO  client.GrpcClientProtocolClient (GrpcClientProtocolClient.java:onNext(255)) - client-A5BCC62C3543->912a7d3b-e3f1-4985-b06b-5f0a929b8060: receive RaftClientReply:client-A5BCC62C3543->912a7d3b-e3f1-4985-b06b-5f0a929b8060@group-3636E5E7603C, cid=2859, SUCCESS, logIndex=4078, commits[912a7d3b-e3f1-4985-b06b-5f0a929b8060:c4080]
2019-07-13 08:32:41,387 INFO  client.GrpcClientProtocolClient (GrpcClientProtocolClient.java:onNext(255)) - client-A5BCC62C3543->912a7d3b-e3f1-4985-b06b-5f0a929b8060: receive RaftClientReply:client-A5BCC62C3543->912a7d3b-e3f1-4985-b06b-5f0a929b8060@group-3636E5E7603C, cid=2860, SUCCESS, logIndex=4079, commits[912a7d3b-e3f1-4985-b06b-5f0a929b8060:c4080]
2019-07-13 08:32:41,410 INFO  client.GrpcClientProtocolClient (GrpcClientProtocolClient.java:onNext(255)) - client-A5BCC62C3543->912a7d3b-e3f1-4985-b06b-5f0a929b8060: receive RaftClientReply:client-A5BCC62C3543->912a7d3b-e3f1-4985-b06b-5f0a929b8060@group-3636E5E7603C, cid=2861, SUCCESS, logIndex=4081, commits[912a7d3b-e3f1-4985-b06b-5f0a929b8060:c4084]
2019-07-13 08:32:41,411 INFO  client.GrpcClientProtocolClient (GrpcClientProtocolClient.java:onNext(255)) - client-A5BCC62C3543->912a7d3b-e3f1-4985-b06b-5f0a929b8060: receive RaftClientReply:client-A5BCC62C3543->912a7d3b-e3f1-4985-b06b-5f0a929b8060@group-3636E5E7603C, cid=2862, SUCCESS, logIndex=4082, commits[912a7d3b-e3f1-4985-b06b-5f0a929b8060:c4085]
2019-07-13 08:32:41,411 INFO  client.GrpcClientProtocolClient (GrpcClientProtocolClient.java:onNext(255)) - client-A5BCC62C3543->912a7d3b-e3f1-4985-b06b-5f0a929b8060: receive RaftClientReply:client-A5BCC62C3543->912a7d3b-e3f1-4985-b06b-5f0a929b8060@group-3636E5E7603C, cid=2863, SUCCESS, logIndex=4083, commits[912a7d3b-e3f1-4985-b06b-5f0a929b8060:c4085]
2019-07-13 08:32:41,411 INFO  client.GrpcClientProtocolClient (GrpcClientProtocolClient.java:onNext(255)) - client-A5BCC62C3543->912a7d3b-e3f1-4985-b06b-5f0a929b8060: receive RaftClientReply:client-A5BCC62C3543->912a7d3b-e3f1-4985-b06b-5f0a929b8060@group-3636E5E7603C, cid=2864, SUCCESS, logIndex=4084, commits[912a7d3b-e3f1-4985-b06b-5f0a929b8060:c4085]
2019-07-13 08:32:41,428 DEBUG block.SCMBlockDeletingService (SCMBlockDeletingService.java:call(138)) - Running DeletedBlockTransactionScanner
2019-07-13 08:32:41,428 DEBUG block.SCMBlockDeletingService (SCMBlockDeletingService.java:call(155)) - Scanned deleted blocks log and got 0 delTX to process.
2019-07-13 08:32:41,445 INFO  client.GrpcClientProtocolClient (GrpcClientProtocolClient.java:onNext(255)) - client-A5BCC62C3543->912a7d3b-e3f1-4985-b06b-5f0a929b8060: receive RaftClientReply:client-A5BCC62C3543->912a7d3b-e3f1-4985-b06b-5f0a929b8060@group-3636E5E7603C, cid=2865, SUCCESS, logIndex=4086, commits[912a7d3b-e3f1-4985-b06b-5f0a929b8060:c4087]
2019-07-13 08:32:41,445 INFO  client.GrpcClientProtocolClient (GrpcClientProtocolClient.java:onNext(255)) - client-A5BCC62C3543->912a7d3b-e3f1-4985-b06b-5f0a929b8060: receive RaftClientReply:client-A5BCC62C3543->912a7d3b-e3f1-4985-b06b-5f0a929b8060@group-3636E5E7603C, cid=2866, SUCCESS, logIndex=4087, commits[912a7d3b-e3f1-4985-b06b-5f0a929b8060:c4089]
2019-07-13 08:32:41,446 INFO  client.GrpcClientProtocolClient (GrpcClientProtocolClient.java:onNext(255)) - client-A5BCC62C3543->912a7d3b-e3f1-4985-b06b-5f0a929b8060: receive RaftClientReply:client-A5BCC62C3543->912a7d3b-e3f1-4985-b06b-5f0a929b8060@group-3636E5E7603C, cid=2867, SUCCESS, logIndex=4088, commits[912a7d3b-e3f1-4985-b06b-5f0a929b8060:c4090]
2019-07-13 08:32:41,446 INFO  client.GrpcClientProtocolClient (GrpcClientProtocolClient.java:onNext(255)) - client-A5BCC62C3543->912a7d3b-e3f1-4985-b06b-5f0a929b8060: receive RaftClientReply:client-A5BCC62C3543->912a7d3b-e3f1-4985-b06b-5f0a929b8060@group-3636E5E7603C, cid=2868, SUCCESS, logIndex=4089, commits[912a7d3b-e3f1-4985-b06b-5f0a929b8060:c4091]
2019-07-13 08:32:41,465 INFO  client.GrpcClientProtocolClient (GrpcClientProtocolClient.java:onNext(255)) - client-A5BCC62C3543->912a7d3b-e3f1-4985-b06b-5f0a929b8060: receive RaftClientReply:client-A5BCC62C3543->912a7d3b-e3f1-4985-b06b-5f0a929b8060@group-3636E5E7603C, cid=2869, SUCCESS, logIndex=4092, commits[912a7d3b-e3f1-4985-b06b-5f0a929b8060:c4093]
2019-07-13 08:32:41,466 INFO  client.GrpcClientProtocolClient (GrpcClientProtocolClient.java:onNext(255)) - client-A5BCC62C3543->912a7d3b-e3f1-4985-b06b-5f0a929b8060: receive RaftClientReply:client-A5BCC62C3543->912a7d3b-e3f1-4985-b06b-5f0a929b8060@group-3636E5E7603C, cid=2870, SUCCESS, logIndex=4093, commits[912a7d3b-e3f1-4985-b06b-5f0a929b8060:c4093]
2019-07-13 08:32:41,480 INFO  client.GrpcClientProtocolClient (GrpcClientProtocolClient.java:onNext(255)) - client-A5BCC62C3543->912a7d3b-e3f1-4985-b06b-5f0a929b8060: receive RaftClientReply:client-A5BCC62C3543->912a7d3b-e3f1-4985-b06b-5f0a929b8060@group-3636E5E7603C, cid=2871, SUCCESS, logIndex=4094, commits[912a7d3b-e3f1-4985-b06b-5f0a929b8060:c4096]
2019-07-13 08:32:41,480 INFO  client.GrpcClientProtocolClient (GrpcClientProtocolClient.java:onNext(255)) - client-A5BCC62C3543->912a7d3b-e3f1-4985-b06b-5f0a929b8060: receive RaftClientReply:client-A5BCC62C3543->912a7d3b-e3f1-4985-b06b-5f0a929b8060@group-3636E5E7603C, cid=2872, SUCCESS, logIndex=4095, commits[912a7d3b-e3f1-4985-b06b-5f0a929b8060:c4096]
2019-07-13 08:32:41,529 DEBUG block.SCMBlockDeletingService (SCMBlockDeletingService.java:call(138)) - Running DeletedBlockTransactionScanner
2019-07-13 08:32:41,529 DEBUG block.SCMBlockDeletingService (SCMBlockDeletingService.java:call(155)) - Scanned deleted blocks log and got 0 delTX to process.
2019-07-13 08:32:41,597 INFO  client.GrpcClientProtocolClient (GrpcClientProtocolClient.java:onNext(255)) - client-A5BCC62C3543->912a7d3b-e3f1-4985-b06b-5f0a929b8060: receive RaftClientReply:client-A5BCC62C3543->912a7d3b-e3f1-4985-b06b-5f0a929b8060@group-3636E5E7603C, cid=2873, SUCCESS, logIndex=4097, commits[912a7d3b-e3f1-4985-b06b-5f0a929b8060:c4100]
2019-07-13 08:32:41,598 INFO  client.GrpcClientProtocolClient (GrpcClientProtocolClient.java:onNext(255)) - client-A5BCC62C3543->912a7d3b-e3f1-4985-b06b-5f0a929b8060: receive RaftClientReply:client-A5BCC62C3543->912a7d3b-e3f1-4985-b06b-5f0a929b8060@group-3636E5E7603C, cid=2874, SUCCESS, logIndex=4098, commits[912a7d3b-e3f1-4985-b06b-5f0a929b8060:c4101]
2019-07-13 08:32:41,598 INFO  client.GrpcClientProtocolClient (GrpcClientProtocolClient.java:onNext(255)) - client-A5BCC62C3543->912a7d3b-e3f1-4985-b06b-5f0a929b8060: receive RaftClientReply:client-A5BCC62C3543->912a7d3b-e3f1-4985-b06b-5f0a929b8060@group-3636E5E7603C, cid=2875, SUCCESS, logIndex=4099, commits[912a7d3b-e3f1-4985-b06b-5f0a929b8060:c4101]
2019-07-13 08:32:41,598 INFO  client.GrpcClientProtocolClient (GrpcClientProtocolClient.java:onNext(255)) - client-A5BCC62C3543->912a7d3b-e3f1-4985-b06b-5f0a929b8060: receive RaftClientReply:client-A5BCC62C3543->912a7d3b-e3f1-4985-b06b-5f0a929b8060@group-3636E5E7603C, cid=2876, SUCCESS, logIndex=4100, commits[912a7d3b-e3f1-4985-b06b-5f0a929b8060:c4101]
2019-07-13 08:32:41,620 INFO  client.GrpcClientProtocolClient (GrpcClientProtocolClient.java:onNext(255)) - client-A5BCC62C3543->912a7d3b-e3f1-4985-b06b-5f0a929b8060: receive RaftClientReply:client-A5BCC62C3543->912a7d3b-e3f1-4985-b06b-5f0a929b8060@group-3636E5E7603C, cid=2877, SUCCESS, logIndex=4102, commits[912a7d3b-e3f1-4985-b06b-5f0a929b8060:c4105]
2019-07-13 08:32:41,620 INFO  client.GrpcClientProtocolClient (GrpcClientProtocolClient.java:onNext(255)) - client-A5BCC62C3543->912a7d3b-e3f1-4985-b06b-5f0a929b8060: receive RaftClientReply:client-A5BCC62C3543->912a7d3b-e3f1-4985-b06b-5f0a929b8060@group-3636E5E7603C, cid=2878, SUCCESS, logIndex=4103, commits[912a7d3b-e3f1-4985-b06b-5f0a929b8060:c4106]
2019-07-13 08:32:41,620 INFO  client.GrpcClientProtocolClient (GrpcClientProtocolClient.java:onNext(255)) - client-A5BCC62C3543->912a7d3b-e3f1-4985-b06b-5f0a929b8060: receive RaftClientReply:client-A5BCC62C3543->912a7d3b-e3f1-4985-b06b-5f0a929b8060@group-3636E5E7603C, cid=2879, SUCCESS, logIndex=4104, commits[912a7d3b-e3f1-4985-b06b-5f0a929b8060:c4106]
2019-07-13 08:32:41,621 INFO  client.GrpcClientProtocolClient (GrpcClientProtocolClient.java:onNext(255)) - client-A5BCC62C3543->912a7d3b-e3f1-4985-b06b-5f0a929b8060: receive RaftClientReply:client-A5BCC62C3543->912a7d3b-e3f1-4985-b06b-5f0a929b8060@group-3636E5E7603C, cid=2880, SUCCESS, logIndex=4105, commits[912a7d3b-e3f1-4985-b06b-5f0a929b8060:c4106]
2019-07-13 08:32:41,629 DEBUG block.SCMBlockDeletingService (SCMBlockDeletingService.java:call(138)) - Running DeletedBlockTransactionScanner
2019-07-13 08:32:41,630 DEBUG block.SCMBlockDeletingService (SCMBlockDeletingService.java:call(155)) - Scanned deleted blocks log and got 0 delTX to process.
2019-07-13 08:32:41,651 INFO  client.GrpcClientProtocolClient (GrpcClientProtocolClient.java:onNext(255)) - client-A5BCC62C3543->912a7d3b-e3f1-4985-b06b-5f0a929b8060: receive RaftClientReply:client-A5BCC62C3543->912a7d3b-e3f1-4985-b06b-5f0a929b8060@group-3636E5E7603C, cid=2881, SUCCESS, logIndex=4107, commits[912a7d3b-e3f1-4985-b06b-5f0a929b8060:c4110]
2019-07-13 08:32:41,652 INFO  client.GrpcClientProtocolClient (GrpcClientProtocolClient.java:onNext(255)) - client-A5BCC62C3543->912a7d3b-e3f1-4985-b06b-5f0a929b8060: receive RaftClientReply:client-A5BCC62C3543->912a7d3b-e3f1-4985-b06b-5f0a929b8060@group-3636E5E7603C, cid=2882, SUCCESS, logIndex=4108, commits[912a7d3b-e3f1-4985-b06b-5f0a929b8060:c4111]
2019-07-13 08:32:41,652 INFO  client.GrpcClientProtocolClient (GrpcClientProtocolClient.java:onNext(255)) - client-A5BCC62C3543->912a7d3b-e3f1-4985-b06b-5f0a929b8060: receive RaftClientReply:client-A5BCC62C3543->912a7d3b-e3f1-4985-b06b-5f0a929b8060@group-3636E5E7603C, cid=2883, SUCCESS, logIndex=4109, commits[912a7d3b-e3f1-4985-b06b-5f0a929b8060:c4111]
2019-07-13 08:32:41,652 INFO  client.GrpcClientProtocolClient (GrpcClientProtocolClient.java:onNext(255)) - client-A5BCC62C3543->912a7d3b-e3f1-4985-b06b-5f0a929b8060: receive RaftClientReply:client-A5BCC62C3543->912a7d3b-e3f1-4985-b06b-5f0a929b8060@group-3636E5E7603C, cid=2884, SUCCESS, logIndex=4110, commits[912a7d3b-e3f1-4985-b06b-5f0a929b8060:c4111]
2019-07-13 08:32:41,674 INFO  client.GrpcClientProtocolClient (GrpcClientProtocolClient.java:onNext(255)) - client-A5BCC62C3543->912a7d3b-e3f1-4985-b06b-5f0a929b8060: receive RaftClientReply:client-A5BCC62C3543->912a7d3b-e3f1-4985-b06b-5f0a929b8060@group-3636E5E7603C, cid=2885, SUCCESS, logIndex=4112, commits[912a7d3b-e3f1-4985-b06b-5f0a929b8060:c4115]
2019-07-13 08:32:41,674 INFO  client.GrpcClientProtocolClient (GrpcClientProtocolClient.java:onNext(255)) - client-A5BCC62C3543->912a7d3b-e3f1-4985-b06b-5f0a929b8060: receive RaftClientReply:client-A5BCC62C3543->912a7d3b-e3f1-4985-b06b-5f0a929b8060@group-3636E5E7603C, cid=2886, SUCCESS, logIndex=4113, commits[912a7d3b-e3f1-4985-b06b-5f0a929b8060:c4116]
2019-07-13 08:32:41,675 INFO  client.GrpcClientProtocolClient (GrpcClientProtocolClient.java:onNext(255)) - client-A5BCC62C3543->912a7d3b-e3f1-4985-b06b-5f0a929b8060: receive RaftClientReply:client-A5BCC62C3543->912a7d3b-e3f1-4985-b06b-5f0a929b8060@group-3636E5E7603C, cid=2887, SUCCESS, logIndex=4114, commits[912a7d3b-e3f1-4985-b06b-5f0a929b8060:c4116]
2019-07-13 08:32:41,675 INFO  client.GrpcClientProtocolClient (GrpcClientProtocolClient.java:onNext(255)) - client-A5BCC62C3543->912a7d3b-e3f1-4985-b06b-5f0a929b8060: receive RaftClientReply:client-A5BCC62C3543->912a7d3b-e3f1-4985-b06b-5f0a929b8060@group-3636E5E7603C, cid=2888, SUCCESS, logIndex=4115, commits[912a7d3b-e3f1-4985-b06b-5f0a929b8060:c4116]
2019-07-13 08:32:41,708 INFO  client.GrpcClientProtocolClient (GrpcClientProtocolClient.java:onNext(255)) - client-A5BCC62C3543->912a7d3b-e3f1-4985-b06b-5f0a929b8060: receive RaftClientReply:client-A5BCC62C3543->912a7d3b-e3f1-4985-b06b-5f0a929b8060@group-3636E5E7603C, cid=2889, SUCCESS, logIndex=4117, commits[912a7d3b-e3f1-4985-b06b-5f0a929b8060:c4120]
2019-07-13 08:32:41,709 INFO  client.GrpcClientProtocolClient (GrpcClientProtocolClient.java:onNext(255)) - client-A5BCC62C3543->912a7d3b-e3f1-4985-b06b-5f0a929b8060: receive RaftClientReply:client-A5BCC62C3543->912a7d3b-e3f1-4985-b06b-5f0a929b8060@group-3636E5E7603C, cid=2890, SUCCESS, logIndex=4118, commits[912a7d3b-e3f1-4985-b06b-5f0a929b8060:c4121]
2019-07-13 08:32:41,709 INFO  client.GrpcClientProtocolClient (GrpcClientProtocolClient.java:onNext(255)) - client-A5BCC62C3543->912a7d3b-e3f1-4985-b06b-5f0a929b8060: receive RaftClientReply:client-A5BCC62C3543->912a7d3b-e3f1-4985-b06b-5f0a929b8060@group-3636E5E7603C, cid=2891, SUCCESS, logIndex=4119, commits[912a7d3b-e3f1-4985-b06b-5f0a929b8060:c4121]
2019-07-13 08:32:41,709 INFO  client.GrpcClientProtocolClient (GrpcClientProtocolClient.java:onNext(255)) - client-A5BCC62C3543->912a7d3b-e3f1-4985-b06b-5f0a929b8060: receive RaftClientReply:client-A5BCC62C3543->912a7d3b-e3f1-4985-b06b-5f0a929b8060@group-3636E5E7603C, cid=2892, SUCCESS, logIndex=4120, commits[912a7d3b-e3f1-4985-b06b-5f0a929b8060:c4121]
2019-07-13 08:32:41,730 DEBUG block.SCMBlockDeletingService (SCMBlockDeletingService.java:call(138)) - Running DeletedBlockTransactionScanner
2019-07-13 08:32:41,730 DEBUG block.SCMBlockDeletingService (SCMBlockDeletingService.java:call(155)) - Scanned deleted blocks log and got 0 delTX to process.
2019-07-13 08:32:41,733 INFO  client.GrpcClientProtocolClient (GrpcClientProtocolClient.java:onNext(255)) - client-A5BCC62C3543->912a7d3b-e3f1-4985-b06b-5f0a929b8060: receive RaftClientReply:client-A5BCC62C3543->912a7d3b-e3f1-4985-b06b-5f0a929b8060@group-3636E5E7603C, cid=2893, SUCCESS, logIndex=4122, commits[912a7d3b-e3f1-4985-b06b-5f0a929b8060:c4125]
2019-07-13 08:32:41,733 INFO  client.GrpcClientProtocolClient (GrpcClientProtocolClient.java:onNext(255)) - client-A5BCC62C3543->912a7d3b-e3f1-4985-b06b-5f0a929b8060: receive RaftClientReply:client-A5BCC62C3543->912a7d3b-e3f1-4985-b06b-5f0a929b8060@group-3636E5E7603C, cid=2894, SUCCESS, logIndex=4123, commits[912a7d3b-e3f1-4985-b06b-5f0a929b8060:c4126]
2019-07-13 08:32:41,734 INFO  client.GrpcClientProtocolClient (GrpcClientProtocolClient.java:onNext(255)) - client-A5BCC62C3543->912a7d3b-e3f1-4985-b06b-5f0a929b8060: receive RaftClientReply:client-A5BCC62C3543->912a7d3b-e3f1-4985-b06b-5f0a929b8060@group-3636E5E7603C, cid=2895, SUCCESS, logIndex=4124, commits[912a7d3b-e3f1-4985-b06b-5f0a929b8060:c4126]
2019-07-13 08:32:41,734 INFO  client.GrpcClientProtocolClient (GrpcClientProtocolClient.java:onNext(255)) - client-A5BCC62C3543->912a7d3b-e3f1-4985-b06b-5f0a929b8060: receive RaftClientReply:client-A5BCC62C3543->912a7d3b-e3f1-4985-b06b-5f0a929b8060@group-3636E5E7603C, cid=2896, SUCCESS, logIndex=4125, commits[912a7d3b-e3f1-4985-b06b-5f0a929b8060:c4126]
2019-07-13 08:32:41,766 INFO  client.GrpcClientProtocolClient (GrpcClientProtocolClient.java:onNext(255)) - client-A5BCC62C3543->912a7d3b-e3f1-4985-b06b-5f0a929b8060: receive RaftClientReply:client-A5BCC62C3543->912a7d3b-e3f1-4985-b06b-5f0a929b8060@group-3636E5E7603C, cid=2897, SUCCESS, logIndex=4127, commits[912a7d3b-e3f1-4985-b06b-5f0a929b8060:c4130]
2019-07-13 08:32:41,766 INFO  client.GrpcClientProtocolClient (GrpcClientProtocolClient.java:onNext(255)) - client-A5BCC62C3543->912a7d3b-e3f1-4985-b06b-5f0a929b8060: receive RaftClientReply:client-A5BCC62C3543->912a7d3b-e3f1-4985-b06b-5f0a929b8060@group-3636E5E7603C, cid=2898, SUCCESS, logIndex=4128, commits[912a7d3b-e3f1-4985-b06b-5f0a929b8060:c4130]
2019-07-13 08:32:41,767 INFO  client.GrpcClientProtocolClient (GrpcClientProtocolClient.java:onNext(255)) - client-A5BCC62C3543->912a7d3b-e3f1-4985-b06b-5f0a929b8060: receive RaftClientReply:client-A5BCC62C3543->912a7d3b-e3f1-4985-b06b-5f0a929b8060@group-3636E5E7603C, cid=2899, SUCCESS, logIndex=4129, commits[912a7d3b-e3f1-4985-b06b-5f0a929b8060:c4130]
2019-07-13 08:32:41,767 INFO  client.GrpcClientProtocolClient (GrpcClientProtocolClient.java:onNext(255)) - client-A5BCC62C3543->912a7d3b-e3f1-4985-b06b-5f0a929b8060: receive RaftClientReply:client-A5BCC62C3543->912a7d3b-e3f1-4985-b06b-5f0a929b8060@group-3636E5E7603C, cid=2900, SUCCESS, logIndex=4130, commits[912a7d3b-e3f1-4985-b06b-5f0a929b8060:c4130]
2019-07-13 08:32:41,790 INFO  client.GrpcClientProtocolClient (GrpcClientProtocolClient.java:onNext(255)) - client-A5BCC62C3543->912a7d3b-e3f1-4985-b06b-5f0a929b8060: receive RaftClientReply:client-A5BCC62C3543->912a7d3b-e3f1-4985-b06b-5f0a929b8060@group-3636E5E7603C, cid=2901, SUCCESS, logIndex=4132, commits[912a7d3b-e3f1-4985-b06b-5f0a929b8060:c4135]
2019-07-13 08:32:41,790 INFO  client.GrpcClientProtocolClient (GrpcClientProtocolClient.java:onNext(255)) - client-A5BCC62C3543->912a7d3b-e3f1-4985-b06b-5f0a929b8060: receive RaftClientReply:client-A5BCC62C3543->912a7d3b-e3f1-4985-b06b-5f0a929b8060@group-3636E5E7603C, cid=2902, SUCCESS, logIndex=4133, commits[912a7d3b-e3f1-4985-b06b-5f0a929b8060:c4136]
2019-07-13 08:32:41,791 INFO  client.GrpcClientProtocolClient (GrpcClientProtocolClient.java:onNext(255)) - client-A5BCC62C3543->912a7d3b-e3f1-4985-b06b-5f0a929b8060: receive RaftClientReply:client-A5BCC62C3543->912a7d3b-e3f1-4985-b06b-5f0a929b8060@group-3636E5E7603C, cid=2903, SUCCESS, logIndex=4134, commits[912a7d3b-e3f1-4985-b06b-5f0a929b8060:c4136]
2019-07-13 08:32:41,791 INFO  client.GrpcClientProtocolClient (GrpcClientProtocolClient.java:onNext(255)) - client-A5BCC62C3543->912a7d3b-e3f1-4985-b06b-5f0a929b8060: receive RaftClientReply:client-A5BCC62C3543->912a7d3b-e3f1-4985-b06b-5f0a929b8060@group-3636E5E7603C, cid=2904, SUCCESS, logIndex=4135, commits[912a7d3b-e3f1-4985-b06b-5f0a929b8060:c4136]
2019-07-13 08:32:41,824 INFO  client.GrpcClientProtocolClient (GrpcClientProtocolClient.java:onNext(255)) - client-A5BCC62C3543->912a7d3b-e3f1-4985-b06b-5f0a929b8060: receive RaftClientReply:client-A5BCC62C3543->912a7d3b-e3f1-4985-b06b-5f0a929b8060@group-3636E5E7603C, cid=2905, SUCCESS, logIndex=4137, commits[912a7d3b-e3f1-4985-b06b-5f0a929b8060:c4140]
2019-07-13 08:32:41,824 INFO  client.GrpcClientProtocolClient (GrpcClientProtocolClient.java:onNext(255)) - client-A5BCC62C3543->912a7d3b-e3f1-4985-b06b-5f0a929b8060: receive RaftClientReply:client-A5BCC62C3543->912a7d3b-e3f1-4985-b06b-5f0a929b8060@group-3636E5E7603C, cid=2906, SUCCESS, logIndex=4138, commits[912a7d3b-e3f1-4985-b06b-5f0a929b8060:c4141]
2019-07-13 08:32:41,825 INFO  client.GrpcClientProtocolClient (GrpcClientProtocolClient.java:onNext(255)) - client-A5BCC62C3543->912a7d3b-e3f1-4985-b06b-5f0a929b8060: receive RaftClientReply:client-A5BCC62C3543->912a7d3b-e3f1-4985-b06b-5f0a929b8060@group-3636E5E7603C, cid=2907, SUCCESS, logIndex=4139, commits[912a7d3b-e3f1-4985-b06b-5f0a929b8060:c4141]
2019-07-13 08:32:41,825 INFO  client.GrpcClientProtocolClient (GrpcClientProtocolClient.java:onNext(255)) - client-A5BCC62C3543->912a7d3b-e3f1-4985-b06b-5f0a929b8060: receive RaftClientReply:client-A5BCC62C3543->912a7d3b-e3f1-4985-b06b-5f0a929b8060@group-3636E5E7603C, cid=2908, SUCCESS, logIndex=4140, commits[912a7d3b-e3f1-4985-b06b-5f0a929b8060:c4141]
2019-07-13 08:32:41,830 DEBUG block.SCMBlockDeletingService (SCMBlockDeletingService.java:call(138)) - Running DeletedBlockTransactionScanner
2019-07-13 08:32:41,831 DEBUG block.SCMBlockDeletingService (SCMBlockDeletingService.java:call(155)) - Scanned deleted blocks log and got 0 delTX to process.
2019-07-13 08:32:41,848 INFO  client.GrpcClientProtocolClient (GrpcClientProtocolClient.java:onNext(255)) - client-A5BCC62C3543->912a7d3b-e3f1-4985-b06b-5f0a929b8060: receive RaftClientReply:client-A5BCC62C3543->912a7d3b-e3f1-4985-b06b-5f0a929b8060@group-3636E5E7603C, cid=2909, SUCCESS, logIndex=4142, commits[912a7d3b-e3f1-4985-b06b-5f0a929b8060:c4145]
2019-07-13 08:32:41,848 INFO  client.GrpcClientProtocolClient (GrpcClientProtocolClient.java:onNext(255)) - client-A5BCC62C3543->912a7d3b-e3f1-4985-b06b-5f0a929b8060: receive RaftClientReply:client-A5BCC62C3543->912a7d3b-e3f1-4985-b06b-5f0a929b8060@group-3636E5E7603C, cid=2910, SUCCESS, logIndex=4143, commits[912a7d3b-e3f1-4985-b06b-5f0a929b8060:c4145]
2019-07-13 08:32:41,848 INFO  client.GrpcClientProtocolClient (GrpcClientProtocolClient.java:onNext(255)) - client-A5BCC62C3543->912a7d3b-e3f1-4985-b06b-5f0a929b8060: receive RaftClientReply:client-A5BCC62C3543->912a7d3b-e3f1-4985-b06b-5f0a929b8060@group-3636E5E7603C, cid=2911, SUCCESS, logIndex=4144, commits[912a7d3b-e3f1-4985-b06b-5f0a929b8060:c4145]
2019-07-13 08:32:41,849 INFO  client.GrpcClientProtocolClient (GrpcClientProtocolClient.java:onNext(255)) - client-A5BCC62C3543->912a7d3b-e3f1-4985-b06b-5f0a929b8060: receive RaftClientReply:client-A5BCC62C3543->912a7d3b-e3f1-4985-b06b-5f0a929b8060@group-3636E5E7603C, cid=2912, SUCCESS, logIndex=4145, commits[912a7d3b-e3f1-4985-b06b-5f0a929b8060:c4146]
2019-07-13 08:32:41,896 INFO  client.GrpcClientProtocolClient (GrpcClientProtocolClient.java:onNext(255)) - client-A5BCC62C3543->912a7d3b-e3f1-4985-b06b-5f0a929b8060: receive RaftClientReply:client-A5BCC62C3543->912a7d3b-e3f1-4985-b06b-5f0a929b8060@group-3636E5E7603C, cid=2913, SUCCESS, logIndex=4147, commits[912a7d3b-e3f1-4985-b06b-5f0a929b8060:c4150]
2019-07-13 08:32:41,896 INFO  client.GrpcClientProtocolClient (GrpcClientProtocolClient.java:onNext(255)) - client-A5BCC62C3543->912a7d3b-e3f1-4985-b06b-5f0a929b8060: receive RaftClientReply:client-A5BCC62C3543->912a7d3b-e3f1-4985-b06b-5f0a929b8060@group-3636E5E7603C, cid=2914, SUCCESS, logIndex=4148, commits[912a7d3b-e3f1-4985-b06b-5f0a929b8060:c4151]
2019-07-13 08:32:41,897 INFO  client.GrpcClientProtocolClient (GrpcClientProtocolClient.java:onNext(255)) - client-A5BCC62C3543->912a7d3b-e3f1-4985-b06b-5f0a929b8060: receive RaftClientReply:client-A5BCC62C3543->912a7d3b-e3f1-4985-b06b-5f0a929b8060@group-3636E5E7603C, cid=2915, SUCCESS, logIndex=4149, commits[912a7d3b-e3f1-4985-b06b-5f0a929b8060:c4151]
2019-07-13 08:32:41,897 INFO  client.GrpcClientProtocolClient (GrpcClientProtocolClient.java:onNext(255)) - client-A5BCC62C3543->912a7d3b-e3f1-4985-b06b-5f0a929b8060: receive RaftClientReply:client-A5BCC62C3543->912a7d3b-e3f1-4985-b06b-5f0a929b8060@group-3636E5E7603C, cid=2916, SUCCESS, logIndex=4150, commits[912a7d3b-e3f1-4985-b06b-5f0a929b8060:c4151]
2019-07-13 08:32:41,963 DEBUG block.SCMBlockDeletingService (SCMBlockDeletingService.java:call(138)) - Running DeletedBlockTransactionScanner
2019-07-13 08:32:41,963 DEBUG block.SCMBlockDeletingService (SCMBlockDeletingService.java:call(155)) - Scanned deleted blocks log and got 0 delTX to process.
2019-07-13 08:32:42,064 DEBUG block.SCMBlockDeletingService (SCMBlockDeletingService.java:call(138)) - Running DeletedBlockTransactionScanner
2019-07-13 08:32:42,064 DEBUG block.SCMBlockDeletingService (SCMBlockDeletingService.java:call(155)) - Scanned deleted blocks log and got 0 delTX to process.
2019-07-13 08:32:42,164 DEBUG block.SCMBlockDeletingService (SCMBlockDeletingService.java:call(138)) - Running DeletedBlockTransactionScanner
2019-07-13 08:32:42,165 DEBUG block.SCMBlockDeletingService (SCMBlockDeletingService.java:call(155)) - Scanned deleted blocks log and got 0 delTX to process.
2019-07-13 08:32:42,265 DEBUG block.SCMBlockDeletingService (SCMBlockDeletingService.java:call(138)) - Running DeletedBlockTransactionScanner
2019-07-13 08:32:42,265 DEBUG block.SCMBlockDeletingService (SCMBlockDeletingService.java:call(155)) - Scanned deleted blocks log and got 0 delTX to process.
2019-07-13 08:32:42,366 DEBUG block.SCMBlockDeletingService (SCMBlockDeletingService.java:call(138)) - Running DeletedBlockTransactionScanner
2019-07-13 08:32:42,366 DEBUG block.SCMBlockDeletingService (SCMBlockDeletingService.java:call(155)) - Scanned deleted blocks log and got 0 delTX to process.
2019-07-13 08:32:42,466 DEBUG block.SCMBlockDeletingService (SCMBlockDeletingService.java:call(138)) - Running DeletedBlockTransactionScanner
2019-07-13 08:32:42,467 DEBUG block.SCMBlockDeletingService (SCMBlockDeletingService.java:call(155)) - Scanned deleted blocks log and got 0 delTX to process.
2019-07-13 08:32:42,567 DEBUG block.SCMBlockDeletingService (SCMBlockDeletingService.java:call(138)) - Running DeletedBlockTransactionScanner
2019-07-13 08:32:42,567 DEBUG block.SCMBlockDeletingService (SCMBlockDeletingService.java:call(155)) - Scanned deleted blocks log and got 0 delTX to process.
2019-07-13 08:32:42,668 DEBUG block.SCMBlockDeletingService (SCMBlockDeletingService.java:call(138)) - Running DeletedBlockTransactionScanner
2019-07-13 08:32:42,668 DEBUG block.SCMBlockDeletingService (SCMBlockDeletingService.java:call(155)) - Scanned deleted blocks log and got 0 delTX to process.
2019-07-13 08:32:42,768 DEBUG block.SCMBlockDeletingService (SCMBlockDeletingService.java:call(138)) - Running DeletedBlockTransactionScanner
2019-07-13 08:32:42,768 DEBUG block.SCMBlockDeletingService (SCMBlockDeletingService.java:call(155)) - Scanned deleted blocks log and got 0 delTX to process.
2019-07-13 08:32:42,869 DEBUG block.SCMBlockDeletingService (SCMBlockDeletingService.java:call(138)) - Running DeletedBlockTransactionScanner
2019-07-13 08:32:42,869 DEBUG block.SCMBlockDeletingService (SCMBlockDeletingService.java:call(155)) - Scanned deleted blocks log and got 0 delTX to process.
2019-07-13 08:32:42,969 DEBUG block.SCMBlockDeletingService (SCMBlockDeletingService.java:call(138)) - Running DeletedBlockTransactionScanner
2019-07-13 08:32:42,970 DEBUG block.SCMBlockDeletingService (SCMBlockDeletingService.java:call(155)) - Scanned deleted blocks log and got 0 delTX to process.
2019-07-13 08:32:43,070 DEBUG block.SCMBlockDeletingService (SCMBlockDeletingService.java:call(138)) - Running DeletedBlockTransactionScanner
2019-07-13 08:32:43,070 DEBUG block.SCMBlockDeletingService (SCMBlockDeletingService.java:call(155)) - Scanned deleted blocks log and got 0 delTX to process.
2019-07-13 08:32:43,171 DEBUG block.SCMBlockDeletingService (SCMBlockDeletingService.java:call(138)) - Running DeletedBlockTransactionScanner
2019-07-13 08:32:43,171 DEBUG block.SCMBlockDeletingService (SCMBlockDeletingService.java:call(155)) - Scanned deleted blocks log and got 0 delTX to process.
2019-07-13 08:32:43,271 DEBUG block.SCMBlockDeletingService (SCMBlockDeletingService.java:call(138)) - Running DeletedBlockTransactionScanner
2019-07-13 08:32:43,272 DEBUG block.SCMBlockDeletingService (SCMBlockDeletingService.java:call(155)) - Scanned deleted blocks log and got 0 delTX to process.
2019-07-13 08:32:43,372 DEBUG block.SCMBlockDeletingService (SCMBlockDeletingService.java:call(138)) - Running DeletedBlockTransactionScanner
2019-07-13 08:32:43,372 DEBUG block.SCMBlockDeletingService (SCMBlockDeletingService.java:call(155)) - Scanned deleted blocks log and got 0 delTX to process.
2019-07-13 08:32:43,473 DEBUG block.SCMBlockDeletingService (SCMBlockDeletingService.java:call(138)) - Running DeletedBlockTransactionScanner
2019-07-13 08:32:43,473 DEBUG block.SCMBlockDeletingService (SCMBlockDeletingService.java:call(155)) - Scanned deleted blocks log and got 0 delTX to process.
2019-07-13 08:32:43,573 DEBUG block.SCMBlockDeletingService (SCMBlockDeletingService.java:call(138)) - Running DeletedBlockTransactionScanner
2019-07-13 08:32:43,573 DEBUG block.SCMBlockDeletingService (SCMBlockDeletingService.java:call(155)) - Scanned deleted blocks log and got 0 delTX to process.
2019-07-13 08:32:43,674 DEBUG block.SCMBlockDeletingService (SCMBlockDeletingService.java:call(138)) - Running DeletedBlockTransactionScanner
2019-07-13 08:32:43,674 DEBUG block.SCMBlockDeletingService (SCMBlockDeletingService.java:call(155)) - Scanned deleted blocks log and got 0 delTX to process.
2019-07-13 08:32:43,741 INFO  client.GrpcClientProtocolClient (GrpcClientProtocolClient.java:onNext(255)) - client-A5BCC62C3543->912a7d3b-e3f1-4985-b06b-5f0a929b8060: receive RaftClientReply:client-A5BCC62C3543->912a7d3b-e3f1-4985-b06b-5f0a929b8060@group-3636E5E7603C, cid=2917, SUCCESS, logIndex=4152, commits[912a7d3b-e3f1-4985-b06b-5f0a929b8060:c4155]
2019-07-13 08:32:43,744 INFO  client.GrpcClientProtocolClient (GrpcClientProtocolClient.java:onNext(255)) - client-A5BCC62C3543->912a7d3b-e3f1-4985-b06b-5f0a929b8060: receive RaftClientReply:client-A5BCC62C3543->912a7d3b-e3f1-4985-b06b-5f0a929b8060@group-3636E5E7603C, cid=2918, SUCCESS, logIndex=4153, commits[912a7d3b-e3f1-4985-b06b-5f0a929b8060:c4155]
2019-07-13 08:32:43,745 INFO  client.GrpcClientProtocolClient (GrpcClientProtocolClient.java:onNext(255)) - client-A5BCC62C3543->912a7d3b-e3f1-4985-b06b-5f0a929b8060: receive RaftClientReply:client-A5BCC62C3543->912a7d3b-e3f1-4985-b06b-5f0a929b8060@group-3636E5E7603C, cid=2919, SUCCESS, logIndex=4154, commits[912a7d3b-e3f1-4985-b06b-5f0a929b8060:c4155]
2019-07-13 08:32:43,745 INFO  client.GrpcClientProtocolClient (GrpcClientProtocolClient.java:onNext(255)) - client-A5BCC62C3543->912a7d3b-e3f1-4985-b06b-5f0a929b8060: receive RaftClientReply:client-A5BCC62C3543->912a7d3b-e3f1-4985-b06b-5f0a929b8060@group-3636E5E7603C, cid=2920, SUCCESS, logIndex=4155, commits[912a7d3b-e3f1-4985-b06b-5f0a929b8060:c4155]
2019-07-13 08:32:43,775 DEBUG block.SCMBlockDeletingService (SCMBlockDeletingService.java:call(138)) - Running DeletedBlockTransactionScanner
2019-07-13 08:32:43,775 DEBUG block.SCMBlockDeletingService (SCMBlockDeletingService.java:call(155)) - Scanned deleted blocks log and got 0 delTX to process.
2019-07-13 08:32:43,875 DEBUG block.SCMBlockDeletingService (SCMBlockDeletingService.java:call(138)) - Running DeletedBlockTransactionScanner
2019-07-13 08:32:43,875 DEBUG block.SCMBlockDeletingService (SCMBlockDeletingService.java:call(155)) - Scanned deleted blocks log and got 0 delTX to process.
2019-07-13 08:32:43,976 DEBUG block.SCMBlockDeletingService (SCMBlockDeletingService.java:call(138)) - Running DeletedBlockTransactionScanner
2019-07-13 08:32:43,976 DEBUG block.SCMBlockDeletingService (SCMBlockDeletingService.java:call(155)) - Scanned deleted blocks log and got 0 delTX to process.
2019-07-13 08:32:44,077 DEBUG block.SCMBlockDeletingService (SCMBlockDeletingService.java:call(138)) - Running DeletedBlockTransactionScanner
2019-07-13 08:32:44,077 DEBUG block.SCMBlockDeletingService (SCMBlockDeletingService.java:call(155)) - Scanned deleted blocks log and got 0 delTX to process.
2019-07-13 08:32:44,177 DEBUG block.SCMBlockDeletingService (SCMBlockDeletingService.java:call(138)) - Running DeletedBlockTransactionScanner
2019-07-13 08:32:44,177 DEBUG block.SCMBlockDeletingService (SCMBlockDeletingService.java:call(155)) - Scanned deleted blocks log and got 0 delTX to process.
2019-07-13 08:32:44,278 DEBUG block.SCMBlockDeletingService (SCMBlockDeletingService.java:call(138)) - Running DeletedBlockTransactionScanner
2019-07-13 08:32:44,278 DEBUG block.SCMBlockDeletingService (SCMBlockDeletingService.java:call(155)) - Scanned deleted blocks log and got 0 delTX to process.
2019-07-13 08:32:44,378 DEBUG block.SCMBlockDeletingService (SCMBlockDeletingService.java:call(138)) - Running DeletedBlockTransactionScanner
2019-07-13 08:32:44,379 DEBUG block.SCMBlockDeletingService (SCMBlockDeletingService.java:call(155)) - Scanned deleted blocks log and got 0 delTX to process.
2019-07-13 08:32:44,479 DEBUG block.SCMBlockDeletingService (SCMBlockDeletingService.java:call(138)) - Running DeletedBlockTransactionScanner
2019-07-13 08:32:44,479 DEBUG block.SCMBlockDeletingService (SCMBlockDeletingService.java:call(155)) - Scanned deleted blocks log and got 0 delTX to process.
2019-07-13 08:32:44,580 DEBUG block.SCMBlockDeletingService (SCMBlockDeletingService.java:call(138)) - Running DeletedBlockTransactionScanner
2019-07-13 08:32:44,580 DEBUG block.SCMBlockDeletingService (SCMBlockDeletingService.java:call(155)) - Scanned deleted blocks log and got 0 delTX to process.
2019-07-13 08:32:44,680 DEBUG block.SCMBlockDeletingService (SCMBlockDeletingService.java:call(138)) - Running DeletedBlockTransactionScanner
2019-07-13 08:32:44,681 DEBUG block.SCMBlockDeletingService (SCMBlockDeletingService.java:call(155)) - Scanned deleted blocks log and got 0 delTX to process.
2019-07-13 08:32:44,781 DEBUG block.SCMBlockDeletingService (SCMBlockDeletingService.java:call(138)) - Running DeletedBlockTransactionScanner
2019-07-13 08:32:44,781 DEBUG block.SCMBlockDeletingService (SCMBlockDeletingService.java:call(155)) - Scanned deleted blocks log and got 0 delTX to process.
2019-07-13 08:32:44,882 DEBUG block.SCMBlockDeletingService (SCMBlockDeletingService.java:call(138)) - Running DeletedBlockTransactionScanner
2019-07-13 08:32:44,882 DEBUG block.SCMBlockDeletingService (SCMBlockDeletingService.java:call(155)) - Scanned deleted blocks log and got 0 delTX to process.
2019-07-13 08:32:44,982 DEBUG block.SCMBlockDeletingService (SCMBlockDeletingService.java:call(138)) - Running DeletedBlockTransactionScanner
2019-07-13 08:32:44,983 DEBUG block.SCMBlockDeletingService (SCMBlockDeletingService.java:call(155)) - Scanned deleted blocks log and got 0 delTX to process.
2019-07-13 08:32:45,083 DEBUG block.SCMBlockDeletingService (SCMBlockDeletingService.java:call(138)) - Running DeletedBlockTransactionScanner
2019-07-13 08:32:45,083 DEBUG block.SCMBlockDeletingService (SCMBlockDeletingService.java:call(155)) - Scanned deleted blocks log and got 0 delTX to process.
2019-07-13 08:32:45,184 DEBUG block.SCMBlockDeletingService (SCMBlockDeletingService.java:call(138)) - Running DeletedBlockTransactionScanner
2019-07-13 08:32:45,184 DEBUG block.SCMBlockDeletingService (SCMBlockDeletingService.java:call(155)) - Scanned deleted blocks log and got 0 delTX to process.
2019-07-13 08:32:45,284 DEBUG block.SCMBlockDeletingService (SCMBlockDeletingService.java:call(138)) - Running DeletedBlockTransactionScanner
2019-07-13 08:32:45,284 DEBUG block.SCMBlockDeletingService (SCMBlockDeletingService.java:call(155)) - Scanned deleted blocks log and got 0 delTX to process.
2019-07-13 08:32:45,385 DEBUG block.SCMBlockDeletingService (SCMBlockDeletingService.java:call(138)) - Running DeletedBlockTransactionScanner
2019-07-13 08:32:45,385 DEBUG block.SCMBlockDeletingService (SCMBlockDeletingService.java:call(155)) - Scanned deleted blocks log and got 0 delTX to process.
2019-07-13 08:32:45,486 DEBUG block.SCMBlockDeletingService (SCMBlockDeletingService.java:call(138)) - Running DeletedBlockTransactionScanner
2019-07-13 08:32:45,486 DEBUG block.SCMBlockDeletingService (SCMBlockDeletingService.java:call(155)) - Scanned deleted blocks log and got 0 delTX to process.
2019-07-13 08:32:45,586 DEBUG block.SCMBlockDeletingService (SCMBlockDeletingService.java:call(138)) - Running DeletedBlockTransactionScanner
2019-07-13 08:32:45,586 DEBUG block.SCMBlockDeletingService (SCMBlockDeletingService.java:call(155)) - Scanned deleted blocks log and got 0 delTX to process.
2019-07-13 08:32:45,687 DEBUG block.SCMBlockDeletingService (SCMBlockDeletingService.java:call(138)) - Running DeletedBlockTransactionScanner
2019-07-13 08:32:45,687 DEBUG block.SCMBlockDeletingService (SCMBlockDeletingService.java:call(155)) - Scanned deleted blocks log and got 0 delTX to process.
2019-07-13 08:32:45,788 DEBUG block.SCMBlockDeletingService (SCMBlockDeletingService.java:call(138)) - Running DeletedBlockTransactionScanner
2019-07-13 08:32:45,788 DEBUG block.SCMBlockDeletingService (SCMBlockDeletingService.java:call(155)) - Scanned deleted blocks log and got 0 delTX to process.
2019-07-13 08:32:45,888 DEBUG block.SCMBlockDeletingService (SCMBlockDeletingService.java:call(138)) - Running DeletedBlockTransactionScanner
2019-07-13 08:32:45,888 DEBUG block.SCMBlockDeletingService (SCMBlockDeletingService.java:call(155)) - Scanned deleted blocks log and got 0 delTX to process.
2019-07-13 08:32:45,989 DEBUG block.SCMBlockDeletingService (SCMBlockDeletingService.java:call(138)) - Running DeletedBlockTransactionScanner
2019-07-13 08:32:45,989 DEBUG block.SCMBlockDeletingService (SCMBlockDeletingService.java:call(155)) - Scanned deleted blocks log and got 0 delTX to process.
2019-07-13 08:32:46,089 DEBUG block.SCMBlockDeletingService (SCMBlockDeletingService.java:call(138)) - Running DeletedBlockTransactionScanner
2019-07-13 08:32:46,090 DEBUG block.SCMBlockDeletingService (SCMBlockDeletingService.java:call(155)) - Scanned deleted blocks log and got 0 delTX to process.
2019-07-13 08:32:46,190 DEBUG block.SCMBlockDeletingService (SCMBlockDeletingService.java:call(138)) - Running DeletedBlockTransactionScanner
2019-07-13 08:32:46,190 DEBUG block.SCMBlockDeletingService (SCMBlockDeletingService.java:call(155)) - Scanned deleted blocks log and got 0 delTX to process.
2019-07-13 08:32:46,291 DEBUG block.SCMBlockDeletingService (SCMBlockDeletingService.java:call(138)) - Running DeletedBlockTransactionScanner
2019-07-13 08:32:46,291 DEBUG block.SCMBlockDeletingService (SCMBlockDeletingService.java:call(155)) - Scanned deleted blocks log and got 0 delTX to process.
2019-07-13 08:32:46,392 DEBUG block.SCMBlockDeletingService (SCMBlockDeletingService.java:call(138)) - Running DeletedBlockTransactionScanner
2019-07-13 08:32:46,392 DEBUG block.SCMBlockDeletingService (SCMBlockDeletingService.java:call(155)) - Scanned deleted blocks log and got 0 delTX to process.
2019-07-13 08:32:46,492 DEBUG block.SCMBlockDeletingService (SCMBlockDeletingService.java:call(138)) - Running DeletedBlockTransactionScanner
2019-07-13 08:32:46,492 DEBUG block.SCMBlockDeletingService (SCMBlockDeletingService.java:call(155)) - Scanned deleted blocks log and got 0 delTX to process.
2019-07-13 08:32:46,593 DEBUG block.SCMBlockDeletingService (SCMBlockDeletingService.java:call(138)) - Running DeletedBlockTransactionScanner
2019-07-13 08:32:46,593 DEBUG block.SCMBlockDeletingService (SCMBlockDeletingService.java:call(155)) - Scanned deleted blocks log and got 0 delTX to process.
2019-07-13 08:32:46,694 DEBUG block.SCMBlockDeletingService (SCMBlockDeletingService.java:call(138)) - Running DeletedBlockTransactionScanner
2019-07-13 08:32:46,694 DEBUG block.SCMBlockDeletingService (SCMBlockDeletingService.java:call(155)) - Scanned deleted blocks log and got 0 delTX to process.
2019-07-13 08:32:46,794 DEBUG block.SCMBlockDeletingService (SCMBlockDeletingService.java:call(138)) - Running DeletedBlockTransactionScanner
2019-07-13 08:32:46,794 DEBUG block.SCMBlockDeletingService (SCMBlockDeletingService.java:call(155)) - Scanned deleted blocks log and got 0 delTX to process.
2019-07-13 08:32:46,895 DEBUG block.SCMBlockDeletingService (SCMBlockDeletingService.java:call(138)) - Running DeletedBlockTransactionScanner
2019-07-13 08:32:46,895 DEBUG block.SCMBlockDeletingService (SCMBlockDeletingService.java:call(155)) - Scanned deleted blocks log and got 0 delTX to process.
2019-07-13 08:32:46,996 DEBUG block.SCMBlockDeletingService (SCMBlockDeletingService.java:call(138)) - Running DeletedBlockTransactionScanner
2019-07-13 08:32:46,996 DEBUG block.SCMBlockDeletingService (SCMBlockDeletingService.java:call(155)) - Scanned deleted blocks log and got 0 delTX to process.
2019-07-13 08:32:47,096 DEBUG block.SCMBlockDeletingService (SCMBlockDeletingService.java:call(138)) - Running DeletedBlockTransactionScanner
2019-07-13 08:32:47,096 DEBUG block.SCMBlockDeletingService (SCMBlockDeletingService.java:call(155)) - Scanned deleted blocks log and got 0 delTX to process.
2019-07-13 08:32:47,197 DEBUG block.SCMBlockDeletingService (SCMBlockDeletingService.java:call(138)) - Running DeletedBlockTransactionScanner
2019-07-13 08:32:47,197 DEBUG block.SCMBlockDeletingService (SCMBlockDeletingService.java:call(155)) - Scanned deleted blocks log and got 0 delTX to process.
2019-07-13 08:32:47,298 DEBUG block.SCMBlockDeletingService (SCMBlockDeletingService.java:call(138)) - Running DeletedBlockTransactionScanner
2019-07-13 08:32:47,298 DEBUG block.SCMBlockDeletingService (SCMBlockDeletingService.java:call(155)) - Scanned deleted blocks log and got 0 delTX to process.
2019-07-13 08:32:47,398 DEBUG block.SCMBlockDeletingService (SCMBlockDeletingService.java:call(138)) - Running DeletedBlockTransactionScanner
2019-07-13 08:32:47,399 DEBUG block.SCMBlockDeletingService (SCMBlockDeletingService.java:call(155)) - Scanned deleted blocks log and got 0 delTX to process.
2019-07-13 08:32:47,499 DEBUG block.SCMBlockDeletingService (SCMBlockDeletingService.java:call(138)) - Running DeletedBlockTransactionScanner
2019-07-13 08:32:47,499 DEBUG block.SCMBlockDeletingService (SCMBlockDeletingService.java:call(155)) - Scanned deleted blocks log and got 0 delTX to process.
2019-07-13 08:32:47,600 DEBUG block.SCMBlockDeletingService (SCMBlockDeletingService.java:call(138)) - Running DeletedBlockTransactionScanner
2019-07-13 08:32:47,600 DEBUG block.SCMBlockDeletingService (SCMBlockDeletingService.java:call(155)) - Scanned deleted blocks log and got 0 delTX to process.
2019-07-13 08:32:47,700 DEBUG block.SCMBlockDeletingService (SCMBlockDeletingService.java:call(138)) - Running DeletedBlockTransactionScanner
2019-07-13 08:32:47,701 DEBUG block.SCMBlockDeletingService (SCMBlockDeletingService.java:call(155)) - Scanned deleted blocks log and got 0 delTX to process.
2019-07-13 08:32:47,801 DEBUG block.SCMBlockDeletingService (SCMBlockDeletingService.java:call(138)) - Running DeletedBlockTransactionScanner
2019-07-13 08:32:47,801 DEBUG block.SCMBlockDeletingService (SCMBlockDeletingService.java:call(155)) - Scanned deleted blocks log and got 0 delTX to process.
2019-07-13 08:32:47,902 DEBUG block.SCMBlockDeletingService (SCMBlockDeletingService.java:call(138)) - Running DeletedBlockTransactionScanner
2019-07-13 08:32:47,902 DEBUG block.SCMBlockDeletingService (SCMBlockDeletingService.java:call(155)) - Scanned deleted blocks log and got 0 delTX to process.
2019-07-13 08:32:48,002 DEBUG block.SCMBlockDeletingService (SCMBlockDeletingService.java:call(138)) - Running DeletedBlockTransactionScanner
2019-07-13 08:32:48,003 DEBUG block.SCMBlockDeletingService (SCMBlockDeletingService.java:call(155)) - Scanned deleted blocks log and got 0 delTX to process.
2019-07-13 08:32:48,103 DEBUG block.SCMBlockDeletingService (SCMBlockDeletingService.java:call(138)) - Running DeletedBlockTransactionScanner
2019-07-13 08:32:48,103 DEBUG block.SCMBlockDeletingService (SCMBlockDeletingService.java:call(155)) - Scanned deleted blocks log and got 0 delTX to process.
2019-07-13 08:32:48,204 DEBUG block.SCMBlockDeletingService (SCMBlockDeletingService.java:call(138)) - Running DeletedBlockTransactionScanner
2019-07-13 08:32:48,204 DEBUG block.SCMBlockDeletingService (SCMBlockDeletingService.java:call(155)) - Scanned deleted blocks log and got 0 delTX to process.
2019-07-13 08:32:48,304 DEBUG block.SCMBlockDeletingService (SCMBlockDeletingService.java:call(138)) - Running DeletedBlockTransactionScanner
2019-07-13 08:32:48,305 DEBUG block.SCMBlockDeletingService (SCMBlockDeletingService.java:call(155)) - Scanned deleted blocks log and got 0 delTX to process.
2019-07-13 08:32:48,405 DEBUG block.SCMBlockDeletingService (SCMBlockDeletingService.java:call(138)) - Running DeletedBlockTransactionScanner
2019-07-13 08:32:48,405 DEBUG block.SCMBlockDeletingService (SCMBlockDeletingService.java:call(155)) - Scanned deleted blocks log and got 0 delTX to process.
2019-07-13 08:32:48,506 DEBUG block.SCMBlockDeletingService (SCMBlockDeletingService.java:call(138)) - Running DeletedBlockTransactionScanner
2019-07-13 08:32:48,506 DEBUG block.SCMBlockDeletingService (SCMBlockDeletingService.java:call(155)) - Scanned deleted blocks log and got 0 delTX to process.
2019-07-13 08:32:48,606 DEBUG block.SCMBlockDeletingService (SCMBlockDeletingService.java:call(138)) - Running DeletedBlockTransactionScanner
2019-07-13 08:32:48,607 DEBUG block.SCMBlockDeletingService (SCMBlockDeletingService.java:call(155)) - Scanned deleted blocks log and got 0 delTX to process.
2019-07-13 08:32:48,707 DEBUG block.SCMBlockDeletingService (SCMBlockDeletingService.java:call(138)) - Running DeletedBlockTransactionScanner
2019-07-13 08:32:48,707 DEBUG block.SCMBlockDeletingService (SCMBlockDeletingService.java:call(155)) - Scanned deleted blocks log and got 0 delTX to process.
2019-07-13 08:32:48,808 DEBUG block.SCMBlockDeletingService (SCMBlockDeletingService.java:call(138)) - Running DeletedBlockTransactionScanner
2019-07-13 08:32:48,808 DEBUG block.SCMBlockDeletingService (SCMBlockDeletingService.java:call(155)) - Scanned deleted blocks log and got 0 delTX to process.
2019-07-13 08:32:48,908 DEBUG block.SCMBlockDeletingService (SCMBlockDeletingService.java:call(138)) - Running DeletedBlockTransactionScanner
2019-07-13 08:32:48,909 DEBUG block.SCMBlockDeletingService (SCMBlockDeletingService.java:call(155)) - Scanned deleted blocks log and got 0 delTX to process.
2019-07-13 08:32:49,009 DEBUG block.SCMBlockDeletingService (SCMBlockDeletingService.java:call(138)) - Running DeletedBlockTransactionScanner
2019-07-13 08:32:49,009 DEBUG block.SCMBlockDeletingService (SCMBlockDeletingService.java:call(155)) - Scanned deleted blocks log and got 0 delTX to process.
2019-07-13 08:32:49,110 DEBUG block.SCMBlockDeletingService (SCMBlockDeletingService.java:call(138)) - Running DeletedBlockTransactionScanner
2019-07-13 08:32:49,110 DEBUG block.SCMBlockDeletingService (SCMBlockDeletingService.java:call(155)) - Scanned deleted blocks log and got 0 delTX to process.
2019-07-13 08:32:49,210 DEBUG block.SCMBlockDeletingService (SCMBlockDeletingService.java:call(138)) - Running DeletedBlockTransactionScanner
2019-07-13 08:32:49,210 DEBUG block.SCMBlockDeletingService (SCMBlockDeletingService.java:call(155)) - Scanned deleted blocks log and got 0 delTX to process.
2019-07-13 08:32:49,311 DEBUG block.SCMBlockDeletingService (SCMBlockDeletingService.java:call(138)) - Running DeletedBlockTransactionScanner
2019-07-13 08:32:49,311 DEBUG block.SCMBlockDeletingService (SCMBlockDeletingService.java:call(155)) - Scanned deleted blocks log and got 0 delTX to process.
2019-07-13 08:32:49,411 DEBUG block.SCMBlockDeletingService (SCMBlockDeletingService.java:call(138)) - Running DeletedBlockTransactionScanner
2019-07-13 08:32:49,412 DEBUG block.SCMBlockDeletingService (SCMBlockDeletingService.java:call(155)) - Scanned deleted blocks log and got 0 delTX to process.
2019-07-13 08:32:49,512 DEBUG block.SCMBlockDeletingService (SCMBlockDeletingService.java:call(138)) - Running DeletedBlockTransactionScanner
2019-07-13 08:32:49,512 DEBUG block.SCMBlockDeletingService (SCMBlockDeletingService.java:call(155)) - Scanned deleted blocks log and got 0 delTX to process.
2019-07-13 08:32:49,613 DEBUG block.SCMBlockDeletingService (SCMBlockDeletingService.java:call(138)) - Running DeletedBlockTransactionScanner
2019-07-13 08:32:49,613 DEBUG block.SCMBlockDeletingService (SCMBlockDeletingService.java:call(155)) - Scanned deleted blocks log and got 0 delTX to process.
2019-07-13 08:32:49,713 DEBUG block.SCMBlockDeletingService (SCMBlockDeletingService.java:call(138)) - Running DeletedBlockTransactionScanner
2019-07-13 08:32:49,714 DEBUG block.SCMBlockDeletingService (SCMBlockDeletingService.java:call(155)) - Scanned deleted blocks log and got 0 delTX to process.
2019-07-13 08:32:49,814 DEBUG block.SCMBlockDeletingService (SCMBlockDeletingService.java:call(138)) - Running DeletedBlockTransactionScanner
2019-07-13 08:32:49,814 DEBUG block.SCMBlockDeletingService (SCMBlockDeletingService.java:call(155)) - Scanned deleted blocks log and got 0 delTX to process.
2019-07-13 08:32:49,915 DEBUG block.SCMBlockDeletingService (SCMBlockDeletingService.java:call(138)) - Running DeletedBlockTransactionScanner
2019-07-13 08:32:49,915 DEBUG block.SCMBlockDeletingService (SCMBlockDeletingService.java:call(155)) - Scanned deleted blocks log and got 0 delTX to process.
2019-07-13 08:32:50,015 DEBUG block.SCMBlockDeletingService (SCMBlockDeletingService.java:call(138)) - Running DeletedBlockTransactionScanner
2019-07-13 08:32:50,016 DEBUG block.SCMBlockDeletingService (SCMBlockDeletingService.java:call(155)) - Scanned deleted blocks log and got 0 delTX to process.
2019-07-13 08:32:50,116 DEBUG block.SCMBlockDeletingService (SCMBlockDeletingService.java:call(138)) - Running DeletedBlockTransactionScanner
2019-07-13 08:32:50,116 DEBUG block.SCMBlockDeletingService (SCMBlockDeletingService.java:call(155)) - Scanned deleted blocks log and got 0 delTX to process.
2019-07-13 08:32:50,217 DEBUG block.SCMBlockDeletingService (SCMBlockDeletingService.java:call(138)) - Running DeletedBlockTransactionScanner
2019-07-13 08:32:50,217 DEBUG block.SCMBlockDeletingService (SCMBlockDeletingService.java:call(155)) - Scanned deleted blocks log and got 0 delTX to process.
2019-07-13 08:32:50,318 DEBUG block.SCMBlockDeletingService (SCMBlockDeletingService.java:call(138)) - Running DeletedBlockTransactionScanner
2019-07-13 08:32:50,318 DEBUG block.SCMBlockDeletingService (SCMBlockDeletingService.java:call(155)) - Scanned deleted blocks log and got 0 delTX to process.
2019-07-13 08:32:50,418 DEBUG block.SCMBlockDeletingService (SCMBlockDeletingService.java:call(138)) - Running DeletedBlockTransactionScanner
2019-07-13 08:32:50,418 DEBUG block.SCMBlockDeletingService (SCMBlockDeletingService.java:call(155)) - Scanned deleted blocks log and got 0 delTX to process.
2019-07-13 08:32:50,519 DEBUG block.SCMBlockDeletingService (SCMBlockDeletingService.java:call(138)) - Running DeletedBlockTransactionScanner
2019-07-13 08:32:50,519 DEBUG block.SCMBlockDeletingService (SCMBlockDeletingService.java:call(155)) - Scanned deleted blocks log and got 0 delTX to process.
2019-07-13 08:32:50,619 DEBUG block.SCMBlockDeletingService (SCMBlockDeletingService.java:call(138)) - Running DeletedBlockTransactionScanner
2019-07-13 08:32:50,620 DEBUG block.SCMBlockDeletingService (SCMBlockDeletingService.java:call(155)) - Scanned deleted blocks log and got 0 delTX to process.
2019-07-13 08:32:50,720 DEBUG block.SCMBlockDeletingService (SCMBlockDeletingService.java:call(138)) - Running DeletedBlockTransactionScanner
2019-07-13 08:32:50,720 DEBUG block.SCMBlockDeletingService (SCMBlockDeletingService.java:call(155)) - Scanned deleted blocks log and got 0 delTX to process.
2019-07-13 08:32:50,821 DEBUG block.SCMBlockDeletingService (SCMBlockDeletingService.java:call(138)) - Running DeletedBlockTransactionScanner
2019-07-13 08:32:50,821 DEBUG block.SCMBlockDeletingService (SCMBlockDeletingService.java:call(155)) - Scanned deleted blocks log and got 0 delTX to process.
2019-07-13 08:32:50,921 DEBUG block.SCMBlockDeletingService (SCMBlockDeletingService.java:call(138)) - Running DeletedBlockTransactionScanner
2019-07-13 08:32:50,922 DEBUG block.SCMBlockDeletingService (SCMBlockDeletingService.java:call(155)) - Scanned deleted blocks log and got 0 delTX to process.
2019-07-13 08:32:51,022 DEBUG block.SCMBlockDeletingService (SCMBlockDeletingService.java:call(138)) - Running DeletedBlockTransactionScanner
2019-07-13 08:32:51,022 DEBUG block.SCMBlockDeletingService (SCMBlockDeletingService.java:call(155)) - Scanned deleted blocks log and got 0 delTX to process.
2019-07-13 08:32:51,123 DEBUG block.SCMBlockDeletingService (SCMBlockDeletingService.java:call(138)) - Running DeletedBlockTransactionScanner
2019-07-13 08:32:51,123 DEBUG block.SCMBlockDeletingService (SCMBlockDeletingService.java:call(155)) - Scanned deleted blocks log and got 0 delTX to process.
2019-07-13 08:32:51,223 DEBUG block.SCMBlockDeletingService (SCMBlockDeletingService.java:call(138)) - Running DeletedBlockTransactionScanner
2019-07-13 08:32:51,224 DEBUG block.SCMBlockDeletingService (SCMBlockDeletingService.java:call(155)) - Scanned deleted blocks log and got 0 delTX to process.
2019-07-13 08:32:51,324 DEBUG block.SCMBlockDeletingService (SCMBlockDeletingService.java:call(138)) - Running DeletedBlockTransactionScanner
2019-07-13 08:32:51,324 DEBUG block.SCMBlockDeletingService (SCMBlockDeletingService.java:call(155)) - Scanned deleted blocks log and got 0 delTX to process.
2019-07-13 08:32:51,425 DEBUG block.SCMBlockDeletingService (SCMBlockDeletingService.java:call(138)) - Running DeletedBlockTransactionScanner
2019-07-13 08:32:51,425 DEBUG block.SCMBlockDeletingService (SCMBlockDeletingService.java:call(155)) - Scanned deleted blocks log and got 0 delTX to process.
2019-07-13 08:32:51,525 DEBUG block.SCMBlockDeletingService (SCMBlockDeletingService.java:call(138)) - Running DeletedBlockTransactionScanner
2019-07-13 08:32:51,526 DEBUG block.SCMBlockDeletingService (SCMBlockDeletingService.java:call(155)) - Scanned deleted blocks log and got 0 delTX to process.
2019-07-13 08:32:51,626 DEBUG block.SCMBlockDeletingService (SCMBlockDeletingService.java:call(138)) - Running DeletedBlockTransactionScanner
2019-07-13 08:32:51,626 DEBUG block.SCMBlockDeletingService (SCMBlockDeletingService.java:call(155)) - Scanned deleted blocks log and got 0 delTX to process.
2019-07-13 08:32:51,727 DEBUG block.SCMBlockDeletingService (SCMBlockDeletingService.java:call(138)) - Running DeletedBlockTransactionScanner
2019-07-13 08:32:51,727 DEBUG block.SCMBlockDeletingService (SCMBlockDeletingService.java:call(155)) - Scanned deleted blocks log and got 0 delTX to process.
2019-07-13 08:32:51,739 INFO  client.GrpcClientProtocolClient (GrpcClientProtocolClient.java:onNext(255)) - client-A5BCC62C3543->912a7d3b-e3f1-4985-b06b-5f0a929b8060: receive RaftClientReply:client-A5BCC62C3543->912a7d3b-e3f1-4985-b06b-5f0a929b8060@group-3636E5E7603C, cid=2921, SUCCESS, logIndex=4157, commits[912a7d3b-e3f1-4985-b06b-5f0a929b8060:c4160]
2019-07-13 08:32:51,745 INFO  client.GrpcClientProtocolClient (GrpcClientProtocolClient.java:onNext(255)) - client-A5BCC62C3543->912a7d3b-e3f1-4985-b06b-5f0a929b8060: receive RaftClientReply:client-A5BCC62C3543->912a7d3b-e3f1-4985-b06b-5f0a929b8060@group-3636E5E7603C, cid=2922, SUCCESS, logIndex=4158, commits[912a7d3b-e3f1-4985-b06b-5f0a929b8060:c4160]
2019-07-13 08:32:51,748 INFO  client.GrpcClientProtocolClient (GrpcClientProtocolClient.java:onNext(255)) - client-A5BCC62C3543->912a7d3b-e3f1-4985-b06b-5f0a929b8060: receive RaftClientReply:client-A5BCC62C3543->912a7d3b-e3f1-4985-b06b-5f0a929b8060@group-3636E5E7603C, cid=2923, SUCCESS, logIndex=4159, commits[912a7d3b-e3f1-4985-b06b-5f0a929b8060:c4160]
2019-07-13 08:32:51,748 INFO  client.GrpcClientProtocolClient (GrpcClientProtocolClient.java:onNext(255)) - client-A5BCC62C3543->912a7d3b-e3f1-4985-b06b-5f0a929b8060: receive RaftClientReply:client-A5BCC62C3543->912a7d3b-e3f1-4985-b06b-5f0a929b8060@group-3636E5E7603C, cid=2924, SUCCESS, logIndex=4160, commits[912a7d3b-e3f1-4985-b06b-5f0a929b8060:c4160]
2019-07-13 08:32:51,827 DEBUG block.SCMBlockDeletingService (SCMBlockDeletingService.java:call(138)) - Running DeletedBlockTransactionScanner
2019-07-13 08:32:51,828 DEBUG block.SCMBlockDeletingService (SCMBlockDeletingService.java:call(155)) - Scanned deleted blocks log and got 0 delTX to process.
2019-07-13 08:32:51,928 DEBUG block.SCMBlockDeletingService (SCMBlockDeletingService.java:call(138)) - Running DeletedBlockTransactionScanner
2019-07-13 08:32:51,928 DEBUG block.SCMBlockDeletingService (SCMBlockDeletingService.java:call(155)) - Scanned deleted blocks log and got 0 delTX to process.
2019-07-13 08:32:52,029 DEBUG block.SCMBlockDeletingService (SCMBlockDeletingService.java:call(138)) - Running DeletedBlockTransactionScanner
2019-07-13 08:32:52,029 DEBUG block.SCMBlockDeletingService (SCMBlockDeletingService.java:call(155)) - Scanned deleted blocks log and got 0 delTX to process.
2019-07-13 08:32:52,129 DEBUG block.SCMBlockDeletingService (SCMBlockDeletingService.java:call(138)) - Running DeletedBlockTransactionScanner
2019-07-13 08:32:52,130 DEBUG block.SCMBlockDeletingService (SCMBlockDeletingService.java:call(155)) - Scanned deleted blocks log and got 0 delTX to process.
2019-07-13 08:32:52,230 DEBUG block.SCMBlockDeletingService (SCMBlockDeletingService.java:call(138)) - Running DeletedBlockTransactionScanner
2019-07-13 08:32:52,230 DEBUG block.SCMBlockDeletingService (SCMBlockDeletingService.java:call(155)) - Scanned deleted blocks log and got 0 delTX to process.
2019-07-13 08:32:52,331 DEBUG block.SCMBlockDeletingService (SCMBlockDeletingService.java:call(138)) - Running DeletedBlockTransactionScanner
2019-07-13 08:32:52,331 DEBUG block.SCMBlockDeletingService (SCMBlockDeletingService.java:call(155)) - Scanned deleted blocks log and got 0 delTX to process.
2019-07-13 08:32:52,431 DEBUG block.SCMBlockDeletingService (SCMBlockDeletingService.java:call(138)) - Running DeletedBlockTransactionScanner
2019-07-13 08:32:52,432 DEBUG block.SCMBlockDeletingService (SCMBlockDeletingService.java:call(155)) - Scanned deleted blocks log and got 0 delTX to process.
2019-07-13 08:32:52,532 DEBUG block.SCMBlockDeletingService (SCMBlockDeletingService.java:call(138)) - Running DeletedBlockTransactionScanner
2019-07-13 08:32:52,532 DEBUG block.SCMBlockDeletingService (SCMBlockDeletingService.java:call(155)) - Scanned deleted blocks log and got 0 delTX to process.
2019-07-13 08:32:52,633 DEBUG block.SCMBlockDeletingService (SCMBlockDeletingService.java:call(138)) - Running DeletedBlockTransactionScanner
2019-07-13 08:32:52,633 DEBUG block.SCMBlockDeletingService (SCMBlockDeletingService.java:call(155)) - Scanned deleted blocks log and got 0 delTX to process.
2019-07-13 08:32:52,733 DEBUG block.SCMBlockDeletingService (SCMBlockDeletingService.java:call(138)) - Running DeletedBlockTransactionScanner
2019-07-13 08:32:52,734 DEBUG block.SCMBlockDeletingService (SCMBlockDeletingService.java:call(155)) - Scanned deleted blocks log and got 0 delTX to process.
2019-07-13 08:32:52,834 DEBUG block.SCMBlockDeletingService (SCMBlockDeletingService.java:call(138)) - Running DeletedBlockTransactionScanner
2019-07-13 08:32:52,834 DEBUG block.SCMBlockDeletingService (SCMBlockDeletingService.java:call(155)) - Scanned deleted blocks log and got 0 delTX to process.
2019-07-13 08:32:52,935 DEBUG block.SCMBlockDeletingService (SCMBlockDeletingService.java:call(138)) - Running DeletedBlockTransactionScanner
2019-07-13 08:32:52,935 DEBUG block.SCMBlockDeletingService (SCMBlockDeletingService.java:call(155)) - Scanned deleted blocks log and got 0 delTX to process.
2019-07-13 08:32:53,035 DEBUG block.SCMBlockDeletingService (SCMBlockDeletingService.java:call(138)) - Running DeletedBlockTransactionScanner
2019-07-13 08:32:53,036 DEBUG block.SCMBlockDeletingService (SCMBlockDeletingService.java:call(155)) - Scanned deleted blocks log and got 0 delTX to process.
2019-07-13 08:32:53,136 DEBUG block.SCMBlockDeletingService (SCMBlockDeletingService.java:call(138)) - Running DeletedBlockTransactionScanner
2019-07-13 08:32:53,136 DEBUG block.SCMBlockDeletingService (SCMBlockDeletingService.java:call(155)) - Scanned deleted blocks log and got 0 delTX to process.
2019-07-13 08:32:53,237 DEBUG block.SCMBlockDeletingService (SCMBlockDeletingService.java:call(138)) - Running DeletedBlockTransactionScanner
2019-07-13 08:32:53,237 DEBUG block.SCMBlockDeletingService (SCMBlockDeletingService.java:call(155)) - Scanned deleted blocks log and got 0 delTX to process.
2019-07-13 08:32:53,337 DEBUG block.SCMBlockDeletingService (SCMBlockDeletingService.java:call(138)) - Running DeletedBlockTransactionScanner
2019-07-13 08:32:53,338 DEBUG block.SCMBlockDeletingService (SCMBlockDeletingService.java:call(155)) - Scanned deleted blocks log and got 0 delTX to process.
2019-07-13 08:32:53,438 DEBUG block.SCMBlockDeletingService (SCMBlockDeletingService.java:call(138)) - Running DeletedBlockTransactionScanner
2019-07-13 08:32:53,438 DEBUG block.SCMBlockDeletingService (SCMBlockDeletingService.java:call(155)) - Scanned deleted blocks log and got 0 delTX to process.
2019-07-13 08:32:53,539 DEBUG block.SCMBlockDeletingService (SCMBlockDeletingService.java:call(138)) - Running DeletedBlockTransactionScanner
2019-07-13 08:32:53,539 DEBUG block.SCMBlockDeletingService (SCMBlockDeletingService.java:call(155)) - Scanned deleted blocks log and got 0 delTX to process.
2019-07-13 08:32:53,639 DEBUG block.SCMBlockDeletingService (SCMBlockDeletingService.java:call(138)) - Running DeletedBlockTransactionScanner
2019-07-13 08:32:53,639 DEBUG block.SCMBlockDeletingService (SCMBlockDeletingService.java:call(155)) - Scanned deleted blocks log and got 0 delTX to process.
2019-07-13 08:32:53,740 DEBUG block.SCMBlockDeletingService (SCMBlockDeletingService.java:call(138)) - Running DeletedBlockTransactionScanner
2019-07-13 08:32:53,740 DEBUG block.SCMBlockDeletingService (SCMBlockDeletingService.java:call(155)) - Scanned deleted blocks log and got 0 delTX to process.
2019-07-13 08:32:53,841 DEBUG block.SCMBlockDeletingService (SCMBlockDeletingService.java:call(138)) - Running DeletedBlockTransactionScanner
2019-07-13 08:32:53,841 DEBUG block.SCMBlockDeletingService (SCMBlockDeletingService.java:call(155)) - Scanned deleted blocks log and got 0 delTX to process.
2019-07-13 08:32:53,941 DEBUG block.SCMBlockDeletingService (SCMBlockDeletingService.java:call(138)) - Running DeletedBlockTransactionScanner
2019-07-13 08:32:53,941 DEBUG block.SCMBlockDeletingService (SCMBlockDeletingService.java:call(155)) - Scanned deleted blocks log and got 0 delTX to process.
2019-07-13 08:32:54,042 DEBUG block.SCMBlockDeletingService (SCMBlockDeletingService.java:call(138)) - Running DeletedBlockTransactionScanner
2019-07-13 08:32:54,042 DEBUG block.SCMBlockDeletingService (SCMBlockDeletingService.java:call(155)) - Scanned deleted blocks log and got 0 delTX to process.
2019-07-13 08:32:54,143 DEBUG block.SCMBlockDeletingService (SCMBlockDeletingService.java:call(138)) - Running DeletedBlockTransactionScanner
2019-07-13 08:32:54,143 DEBUG block.SCMBlockDeletingService (SCMBlockDeletingService.java:call(155)) - Scanned deleted blocks log and got 0 delTX to process.
2019-07-13 08:32:54,243 DEBUG block.SCMBlockDeletingService (SCMBlockDeletingService.java:call(138)) - Running DeletedBlockTransactionScanner
2019-07-13 08:32:54,243 DEBUG block.SCMBlockDeletingService (SCMBlockDeletingService.java:call(155)) - Scanned deleted blocks log and got 0 delTX to process.
2019-07-13 08:32:54,344 DEBUG block.SCMBlockDeletingService (SCMBlockDeletingService.java:call(138)) - Running DeletedBlockTransactionScanner
2019-07-13 08:32:54,344 DEBUG block.SCMBlockDeletingService (SCMBlockDeletingService.java:call(155)) - Scanned deleted blocks log and got 0 delTX to process.
2019-07-13 08:32:54,445 DEBUG block.SCMBlockDeletingService (SCMBlockDeletingService.java:call(138)) - Running DeletedBlockTransactionScanner
2019-07-13 08:32:54,445 DEBUG block.SCMBlockDeletingService (SCMBlockDeletingService.java:call(155)) - Scanned deleted blocks log and got 0 delTX to process.
2019-07-13 08:32:54,545 DEBUG block.SCMBlockDeletingService (SCMBlockDeletingService.java:call(138)) - Running DeletedBlockTransactionScanner
2019-07-13 08:32:54,545 DEBUG block.SCMBlockDeletingService (SCMBlockDeletingService.java:call(155)) - Scanned deleted blocks log and got 0 delTX to process.
2019-07-13 08:32:54,646 DEBUG block.SCMBlockDeletingService (SCMBlockDeletingService.java:call(138)) - Running DeletedBlockTransactionScanner
2019-07-13 08:32:54,646 DEBUG block.SCMBlockDeletingService (SCMBlockDeletingService.java:call(155)) - Scanned deleted blocks log and got 0 delTX to process.
2019-07-13 08:32:54,746 DEBUG block.SCMBlockDeletingService (SCMBlockDeletingService.java:call(138)) - Running DeletedBlockTransactionScanner
2019-07-13 08:32:54,747 DEBUG block.SCMBlockDeletingService (SCMBlockDeletingService.java:call(155)) - Scanned deleted blocks log and got 0 delTX to process.
2019-07-13 08:32:54,795 INFO  client.GrpcClientProtocolClient (GrpcClientProtocolClient.java:onNext(255)) - client-A5BCC62C3543->912a7d3b-e3f1-4985-b06b-5f0a929b8060: receive RaftClientReply:client-A5BCC62C3543->912a7d3b-e3f1-4985-b06b-5f0a929b8060@group-3636E5E7603C, cid=2925, SUCCESS, logIndex=4162, commits[912a7d3b-e3f1-4985-b06b-5f0a929b8060:c4165]
2019-07-13 08:32:54,796 INFO  client.GrpcClientProtocolClient (GrpcClientProtocolClient.java:onNext(255)) - client-A5BCC62C3543->912a7d3b-e3f1-4985-b06b-5f0a929b8060: receive RaftClientReply:client-A5BCC62C3543->912a7d3b-e3f1-4985-b06b-5f0a929b8060@group-3636E5E7603C, cid=2926, SUCCESS, logIndex=4163, commits[912a7d3b-e3f1-4985-b06b-5f0a929b8060:c4166]
2019-07-13 08:32:54,796 INFO  client.GrpcClientProtocolClient (GrpcClientProtocolClient.java:onNext(255)) - client-A5BCC62C3543->912a7d3b-e3f1-4985-b06b-5f0a929b8060: receive RaftClientReply:client-A5BCC62C3543->912a7d3b-e3f1-4985-b06b-5f0a929b8060@group-3636E5E7603C, cid=2927, SUCCESS, logIndex=4164, commits[912a7d3b-e3f1-4985-b06b-5f0a929b8060:c4166]
2019-07-13 08:32:54,797 INFO  client.GrpcClientProtocolClient (GrpcClientProtocolClient.java:onNext(255)) - client-A5BCC62C3543->912a7d3b-e3f1-4985-b06b-5f0a929b8060: receive RaftClientReply:client-A5BCC62C3543->912a7d3b-e3f1-4985-b06b-5f0a929b8060@group-3636E5E7603C, cid=2928, SUCCESS, logIndex=4165, commits[912a7d3b-e3f1-4985-b06b-5f0a929b8060:c4166]
2019-07-13 08:32:54,848 DEBUG block.SCMBlockDeletingService (SCMBlockDeletingService.java:call(138)) - Running DeletedBlockTransactionScanner
2019-07-13 08:32:54,849 DEBUG block.SCMBlockDeletingService (SCMBlockDeletingService.java:call(155)) - Scanned deleted blocks log and got 0 delTX to process.
2019-07-13 08:32:54,949 DEBUG block.SCMBlockDeletingService (SCMBlockDeletingService.java:call(138)) - Running DeletedBlockTransactionScanner
2019-07-13 08:32:54,949 DEBUG block.SCMBlockDeletingService (SCMBlockDeletingService.java:call(155)) - Scanned deleted blocks log and got 0 delTX to process.
2019-07-13 08:32:55,050 DEBUG block.SCMBlockDeletingService (SCMBlockDeletingService.java:call(138)) - Running DeletedBlockTransactionScanner
2019-07-13 08:32:55,050 DEBUG block.SCMBlockDeletingService (SCMBlockDeletingService.java:call(155)) - Scanned deleted blocks log and got 0 delTX to process.
2019-07-13 08:32:55,150 DEBUG block.SCMBlockDeletingService (SCMBlockDeletingService.java:call(138)) - Running DeletedBlockTransactionScanner
2019-07-13 08:32:55,151 DEBUG block.SCMBlockDeletingService (SCMBlockDeletingService.java:call(155)) - Scanned deleted blocks log and got 0 delTX to process.
2019-07-13 08:32:55,251 DEBUG block.SCMBlockDeletingService (SCMBlockDeletingService.java:call(138)) - Running DeletedBlockTransactionScanner
2019-07-13 08:32:55,251 DEBUG block.SCMBlockDeletingService (SCMBlockDeletingService.java:call(155)) - Scanned deleted blocks log and got 0 delTX to process.
2019-07-13 08:32:55,352 DEBUG block.SCMBlockDeletingService (SCMBlockDeletingService.java:call(138)) - Running DeletedBlockTransactionScanner
2019-07-13 08:32:55,352 DEBUG block.SCMBlockDeletingService (SCMBlockDeletingService.java:call(155)) - Scanned deleted blocks log and got 0 delTX to process.
2019-07-13 08:32:55,452 DEBUG block.SCMBlockDeletingService (SCMBlockDeletingService.java:call(138)) - Running DeletedBlockTransactionScanner
2019-07-13 08:32:55,452 DEBUG block.SCMBlockDeletingService (SCMBlockDeletingService.java:call(155)) - Scanned deleted blocks log and got 0 delTX to process.
2019-07-13 08:32:55,553 DEBUG block.SCMBlockDeletingService (SCMBlockDeletingService.java:call(138)) - Running DeletedBlockTransactionScanner
2019-07-13 08:32:55,553 DEBUG block.SCMBlockDeletingService (SCMBlockDeletingService.java:call(155)) - Scanned deleted blocks log and got 0 delTX to process.
2019-07-13 08:32:55,653 DEBUG block.SCMBlockDeletingService (SCMBlockDeletingService.java:call(138)) - Running DeletedBlockTransactionScanner
2019-07-13 08:32:55,654 DEBUG block.SCMBlockDeletingService (SCMBlockDeletingService.java:call(155)) - Scanned deleted blocks log and got 0 delTX to process.
2019-07-13 08:32:55,754 DEBUG block.SCMBlockDeletingService (SCMBlockDeletingService.java:call(138)) - Running DeletedBlockTransactionScanner
2019-07-13 08:32:55,754 DEBUG block.SCMBlockDeletingService (SCMBlockDeletingService.java:call(155)) - Scanned deleted blocks log and got 0 delTX to process.
2019-07-13 08:32:55,855 DEBUG block.SCMBlockDeletingService (SCMBlockDeletingService.java:call(138)) - Running DeletedBlockTransactionScanner
2019-07-13 08:32:55,855 DEBUG block.SCMBlockDeletingService (SCMBlockDeletingService.java:call(155)) - Scanned deleted blocks log and got 0 delTX to process.
2019-07-13 08:32:55,955 DEBUG block.SCMBlockDeletingService (SCMBlockDeletingService.java:call(138)) - Running DeletedBlockTransactionScanner
2019-07-13 08:32:55,955 DEBUG block.SCMBlockDeletingService (SCMBlockDeletingService.java:call(155)) - Scanned deleted blocks log and got 0 delTX to process.
2019-07-13 08:32:56,056 DEBUG block.SCMBlockDeletingService (SCMBlockDeletingService.java:call(138)) - Running DeletedBlockTransactionScanner
2019-07-13 08:32:56,056 DEBUG block.SCMBlockDeletingService (SCMBlockDeletingService.java:call(155)) - Scanned deleted blocks log and got 0 delTX to process.
2019-07-13 08:32:56,156 DEBUG block.SCMBlockDeletingService (SCMBlockDeletingService.java:call(138)) - Running DeletedBlockTransactionScanner
2019-07-13 08:32:56,157 DEBUG block.SCMBlockDeletingService (SCMBlockDeletingService.java:call(155)) - Scanned deleted blocks log and got 0 delTX to process.
2019-07-13 08:32:56,257 DEBUG block.SCMBlockDeletingService (SCMBlockDeletingService.java:call(138)) - Running DeletedBlockTransactionScanner
2019-07-13 08:32:56,257 DEBUG block.SCMBlockDeletingService (SCMBlockDeletingService.java:call(155)) - Scanned deleted blocks log and got 0 delTX to process.
2019-07-13 08:32:56,358 DEBUG block.SCMBlockDeletingService (SCMBlockDeletingService.java:call(138)) - Running DeletedBlockTransactionScanner
2019-07-13 08:32:56,358 DEBUG block.SCMBlockDeletingService (SCMBlockDeletingService.java:call(155)) - Scanned deleted blocks log and got 0 delTX to process.
2019-07-13 08:32:56,458 DEBUG block.SCMBlockDeletingService (SCMBlockDeletingService.java:call(138)) - Running DeletedBlockTransactionScanner
2019-07-13 08:32:56,458 DEBUG block.SCMBlockDeletingService (SCMBlockDeletingService.java:call(155)) - Scanned deleted blocks log and got 0 delTX to process.
2019-07-13 08:32:56,559 DEBUG block.SCMBlockDeletingService (SCMBlockDeletingService.java:call(138)) - Running DeletedBlockTransactionScanner
2019-07-13 08:32:56,559 DEBUG block.SCMBlockDeletingService (SCMBlockDeletingService.java:call(155)) - Scanned deleted blocks log and got 0 delTX to process.
2019-07-13 08:32:56,659 DEBUG block.SCMBlockDeletingService (SCMBlockDeletingService.java:call(138)) - Running DeletedBlockTransactionScanner
2019-07-13 08:32:56,660 DEBUG block.SCMBlockDeletingService (SCMBlockDeletingService.java:call(155)) - Scanned deleted blocks log and got 0 delTX to process.
2019-07-13 08:32:56,760 DEBUG block.SCMBlockDeletingService (SCMBlockDeletingService.java:call(138)) - Running DeletedBlockTransactionScanner
2019-07-13 08:32:56,760 DEBUG block.SCMBlockDeletingService (SCMBlockDeletingService.java:call(155)) - Scanned deleted blocks log and got 0 delTX to process.
2019-07-13 08:32:56,861 DEBUG block.SCMBlockDeletingService (SCMBlockDeletingService.java:call(138)) - Running DeletedBlockTransactionScanner
2019-07-13 08:32:56,861 DEBUG block.SCMBlockDeletingService (SCMBlockDeletingService.java:call(155)) - Scanned deleted blocks log and got 0 delTX to process.
2019-07-13 08:32:56,961 DEBUG block.SCMBlockDeletingService (SCMBlockDeletingService.java:call(138)) - Running DeletedBlockTransactionScanner
2019-07-13 08:32:56,961 DEBUG block.SCMBlockDeletingService (SCMBlockDeletingService.java:call(155)) - Scanned deleted blocks log and got 0 delTX to process.
2019-07-13 08:32:57,062 DEBUG block.SCMBlockDeletingService (SCMBlockDeletingService.java:call(138)) - Running DeletedBlockTransactionScanner
2019-07-13 08:32:57,062 DEBUG block.SCMBlockDeletingService (SCMBlockDeletingService.java:call(155)) - Scanned deleted blocks log and got 0 delTX to process.
2019-07-13 08:32:57,162 DEBUG block.SCMBlockDeletingService (SCMBlockDeletingService.java:call(138)) - Running DeletedBlockTransactionScanner
2019-07-13 08:32:57,163 DEBUG block.SCMBlockDeletingService (SCMBlockDeletingService.java:call(155)) - Scanned deleted blocks log and got 0 delTX to process.
2019-07-13 08:32:57,263 DEBUG block.SCMBlockDeletingService (SCMBlockDeletingService.java:call(138)) - Running DeletedBlockTransactionScanner
2019-07-13 08:32:57,263 DEBUG block.SCMBlockDeletingService (SCMBlockDeletingService.java:call(155)) - Scanned deleted blocks log and got 0 delTX to process.
2019-07-13 08:32:57,364 DEBUG block.SCMBlockDeletingService (SCMBlockDeletingService.java:call(138)) - Running DeletedBlockTransactionScanner
2019-07-13 08:32:57,364 DEBUG block.SCMBlockDeletingService (SCMBlockDeletingService.java:call(155)) - Scanned deleted blocks log and got 0 delTX to process.
2019-07-13 08:32:57,464 DEBUG block.SCMBlockDeletingService (SCMBlockDeletingService.java:call(138)) - Running DeletedBlockTransactionScanner
2019-07-13 08:32:57,465 DEBUG block.SCMBlockDeletingService (SCMBlockDeletingService.java:call(155)) - Scanned deleted blocks log and got 0 delTX to process.
2019-07-13 08:32:57,565 DEBUG block.SCMBlockDeletingService (SCMBlockDeletingService.java:call(138)) - Running DeletedBlockTransactionScanner
2019-07-13 08:32:57,565 DEBUG block.SCMBlockDeletingService (SCMBlockDeletingService.java:call(155)) - Scanned deleted blocks log and got 0 delTX to process.
2019-07-13 08:32:57,666 DEBUG block.SCMBlockDeletingService (SCMBlockDeletingService.java:call(138)) - Running DeletedBlockTransactionScanner
2019-07-13 08:32:57,666 DEBUG block.SCMBlockDeletingService (SCMBlockDeletingService.java:call(155)) - Scanned deleted blocks log and got 0 delTX to process.
2019-07-13 08:32:57,766 DEBUG block.SCMBlockDeletingService (SCMBlockDeletingService.java:call(138)) - Running DeletedBlockTransactionScanner
2019-07-13 08:32:57,766 DEBUG block.SCMBlockDeletingService (SCMBlockDeletingService.java:call(155)) - Scanned deleted blocks log and got 0 delTX to process.
2019-07-13 08:32:57,867 DEBUG block.SCMBlockDeletingService (SCMBlockDeletingService.java:call(138)) - Running DeletedBlockTransactionScanner
2019-07-13 08:32:57,867 DEBUG block.SCMBlockDeletingService (SCMBlockDeletingService.java:call(155)) - Scanned deleted blocks log and got 0 delTX to process.
2019-07-13 08:32:57,967 DEBUG block.SCMBlockDeletingService (SCMBlockDeletingService.java:call(138)) - Running DeletedBlockTransactionScanner
2019-07-13 08:32:57,968 DEBUG block.SCMBlockDeletingService (SCMBlockDeletingService.java:call(155)) - Scanned deleted blocks log and got 0 delTX to process.
2019-07-13 08:32:58,068 DEBUG block.SCMBlockDeletingService (SCMBlockDeletingService.java:call(138)) - Running DeletedBlockTransactionScanner
2019-07-13 08:32:58,069 DEBUG block.SCMBlockDeletingService (SCMBlockDeletingService.java:call(155)) - Scanned deleted blocks log and got 0 delTX to process.
2019-07-13 08:32:58,169 DEBUG block.SCMBlockDeletingService (SCMBlockDeletingService.java:call(138)) - Running DeletedBlockTransactionScanner
2019-07-13 08:32:58,169 DEBUG block.SCMBlockDeletingService (SCMBlockDeletingService.java:call(155)) - Scanned deleted blocks log and got 0 delTX to process.
2019-07-13 08:32:58,270 DEBUG block.SCMBlockDeletingService (SCMBlockDeletingService.java:call(138)) - Running DeletedBlockTransactionScanner
2019-07-13 08:32:58,270 DEBUG block.SCMBlockDeletingService (SCMBlockDeletingService.java:call(155)) - Scanned deleted blocks log and got 0 delTX to process.
2019-07-13 08:32:58,370 DEBUG block.SCMBlockDeletingService (SCMBlockDeletingService.java:call(138)) - Running DeletedBlockTransactionScanner
2019-07-13 08:32:58,371 DEBUG block.SCMBlockDeletingService (SCMBlockDeletingService.java:call(155)) - Scanned deleted blocks log and got 0 delTX to process.
2019-07-13 08:32:58,471 DEBUG block.SCMBlockDeletingService (SCMBlockDeletingService.java:call(138)) - Running DeletedBlockTransactionScanner
2019-07-13 08:32:58,471 DEBUG block.SCMBlockDeletingService (SCMBlockDeletingService.java:call(155)) - Scanned deleted blocks log and got 0 delTX to process.
2019-07-13 08:32:58,572 DEBUG block.SCMBlockDeletingService (SCMBlockDeletingService.java:call(138)) - Running DeletedBlockTransactionScanner
2019-07-13 08:32:58,572 DEBUG block.SCMBlockDeletingService (SCMBlockDeletingService.java:call(155)) - Scanned deleted blocks log and got 0 delTX to process.
2019-07-13 08:32:58,672 DEBUG block.SCMBlockDeletingService (SCMBlockDeletingService.java:call(138)) - Running DeletedBlockTransactionScanner
2019-07-13 08:32:58,673 DEBUG block.SCMBlockDeletingService (SCMBlockDeletingService.java:call(155)) - Scanned deleted blocks log and got 0 delTX to process.
2019-07-13 08:32:58,773 DEBUG block.SCMBlockDeletingService (SCMBlockDeletingService.java:call(138)) - Running DeletedBlockTransactionScanner
2019-07-13 08:32:58,773 DEBUG block.SCMBlockDeletingService (SCMBlockDeletingService.java:call(155)) - Scanned deleted blocks log and got 0 delTX to process.
2019-07-13 08:32:58,874 DEBUG block.SCMBlockDeletingService (SCMBlockDeletingService.java:call(138)) - Running DeletedBlockTransactionScanner
2019-07-13 08:32:58,874 DEBUG block.SCMBlockDeletingService (SCMBlockDeletingService.java:call(155)) - Scanned deleted blocks log and got 0 delTX to process.
2019-07-13 08:32:58,974 DEBUG block.SCMBlockDeletingService (SCMBlockDeletingService.java:call(138)) - Running DeletedBlockTransactionScanner
2019-07-13 08:32:58,975 DEBUG block.SCMBlockDeletingService (SCMBlockDeletingService.java:call(155)) - Scanned deleted blocks log and got 0 delTX to process.
2019-07-13 08:32:59,075 DEBUG block.SCMBlockDeletingService (SCMBlockDeletingService.java:call(138)) - Running DeletedBlockTransactionScanner
2019-07-13 08:32:59,075 DEBUG block.SCMBlockDeletingService (SCMBlockDeletingService.java:call(155)) - Scanned deleted blocks log and got 0 delTX to process.
2019-07-13 08:32:59,176 DEBUG block.SCMBlockDeletingService (SCMBlockDeletingService.java:call(138)) - Running DeletedBlockTransactionScanner
2019-07-13 08:32:59,176 DEBUG block.SCMBlockDeletingService (SCMBlockDeletingService.java:call(155)) - Scanned deleted blocks log and got 0 delTX to process.
2019-07-13 08:32:59,276 DEBUG block.SCMBlockDeletingService (SCMBlockDeletingService.java:call(138)) - Running DeletedBlockTransactionScanner
2019-07-13 08:32:59,277 DEBUG block.SCMBlockDeletingService (SCMBlockDeletingService.java:call(155)) - Scanned deleted blocks log and got 0 delTX to process.
2019-07-13 08:32:59,377 DEBUG block.SCMBlockDeletingService (SCMBlockDeletingService.java:call(138)) - Running DeletedBlockTransactionScanner
2019-07-13 08:32:59,377 DEBUG block.SCMBlockDeletingService (SCMBlockDeletingService.java:call(155)) - Scanned deleted blocks log and got 0 delTX to process.
2019-07-13 08:32:59,478 DEBUG block.SCMBlockDeletingService (SCMBlockDeletingService.java:call(138)) - Running DeletedBlockTransactionScanner
2019-07-13 08:32:59,478 DEBUG block.SCMBlockDeletingService (SCMBlockDeletingService.java:call(155)) - Scanned deleted blocks log and got 0 delTX to process.
2019-07-13 08:32:59,579 DEBUG block.SCMBlockDeletingService (SCMBlockDeletingService.java:call(138)) - Running DeletedBlockTransactionScanner
2019-07-13 08:32:59,579 DEBUG block.SCMBlockDeletingService (SCMBlockDeletingService.java:call(155)) - Scanned deleted blocks log and got 0 delTX to process.
2019-07-13 08:32:59,679 DEBUG block.SCMBlockDeletingService (SCMBlockDeletingService.java:call(138)) - Running DeletedBlockTransactionScanner
2019-07-13 08:32:59,679 DEBUG block.SCMBlockDeletingService (SCMBlockDeletingService.java:call(155)) - Scanned deleted blocks log and got 0 delTX to process.
2019-07-13 08:32:59,780 DEBUG block.SCMBlockDeletingService (SCMBlockDeletingService.java:call(138)) - Running DeletedBlockTransactionScanner
2019-07-13 08:32:59,780 DEBUG block.SCMBlockDeletingService (SCMBlockDeletingService.java:call(155)) - Scanned deleted blocks log and got 0 delTX to process.
2019-07-13 08:32:59,881 DEBUG block.SCMBlockDeletingService (SCMBlockDeletingService.java:call(138)) - Running DeletedBlockTransactionScanner
2019-07-13 08:32:59,881 DEBUG block.SCMBlockDeletingService (SCMBlockDeletingService.java:call(155)) - Scanned deleted blocks log and got 0 delTX to process.
2019-07-13 08:32:59,981 DEBUG block.SCMBlockDeletingService (SCMBlockDeletingService.java:call(138)) - Running DeletedBlockTransactionScanner
2019-07-13 08:32:59,981 DEBUG block.SCMBlockDeletingService (SCMBlockDeletingService.java:call(155)) - Scanned deleted blocks log and got 0 delTX to process.
2019-07-13 08:33:00,082 DEBUG block.SCMBlockDeletingService (SCMBlockDeletingService.java:call(138)) - Running DeletedBlockTransactionScanner
2019-07-13 08:33:00,082 DEBUG block.SCMBlockDeletingService (SCMBlockDeletingService.java:call(155)) - Scanned deleted blocks log and got 0 delTX to process.
2019-07-13 08:33:00,183 DEBUG block.SCMBlockDeletingService (SCMBlockDeletingService.java:call(138)) - Running DeletedBlockTransactionScanner
2019-07-13 08:33:00,183 DEBUG block.SCMBlockDeletingService (SCMBlockDeletingService.java:call(155)) - Scanned deleted blocks log and got 0 delTX to process.
2019-07-13 08:33:00,283 DEBUG block.SCMBlockDeletingService (SCMBlockDeletingService.java:call(138)) - Running DeletedBlockTransactionScanner
2019-07-13 08:33:00,283 DEBUG block.SCMBlockDeletingService (SCMBlockDeletingService.java:call(155)) - Scanned deleted blocks log and got 0 delTX to process.
2019-07-13 08:33:00,384 DEBUG block.SCMBlockDeletingService (SCMBlockDeletingService.java:call(138)) - Running DeletedBlockTransactionScanner
2019-07-13 08:33:00,384 DEBUG block.SCMBlockDeletingService (SCMBlockDeletingService.java:call(155)) - Scanned deleted blocks log and got 0 delTX to process.
2019-07-13 08:33:00,485 DEBUG block.SCMBlockDeletingService (SCMBlockDeletingService.java:call(138)) - Running DeletedBlockTransactionScanner
2019-07-13 08:33:00,485 DEBUG block.SCMBlockDeletingService (SCMBlockDeletingService.java:call(155)) - Scanned deleted blocks log and got 0 delTX to process.
2019-07-13 08:33:00,585 DEBUG block.SCMBlockDeletingService (SCMBlockDeletingService.java:call(138)) - Running DeletedBlockTransactionScanner
2019-07-13 08:33:00,586 DEBUG block.SCMBlockDeletingService (SCMBlockDeletingService.java:call(155)) - Scanned deleted blocks log and got 0 delTX to process.
2019-07-13 08:33:00,686 DEBUG block.SCMBlockDeletingService (SCMBlockDeletingService.java:call(138)) - Running DeletedBlockTransactionScanner
2019-07-13 08:33:00,686 DEBUG block.SCMBlockDeletingService (SCMBlockDeletingService.java:call(155)) - Scanned deleted blocks log and got 0 delTX to process.
2019-07-13 08:33:00,787 DEBUG block.SCMBlockDeletingService (SCMBlockDeletingService.java:call(138)) - Running DeletedBlockTransactionScanner
2019-07-13 08:33:00,787 DEBUG block.SCMBlockDeletingService (SCMBlockDeletingService.java:call(155)) - Scanned deleted blocks log and got 0 delTX to process.
2019-07-13 08:33:00,887 DEBUG block.SCMBlockDeletingService (SCMBlockDeletingService.java:call(138)) - Running DeletedBlockTransactionScanner
2019-07-13 08:33:00,887 DEBUG block.SCMBlockDeletingService (SCMBlockDeletingService.java:call(155)) - Scanned deleted blocks log and got 0 delTX to process.
2019-07-13 08:33:00,988 DEBUG block.SCMBlockDeletingService (SCMBlockDeletingService.java:call(138)) - Running DeletedBlockTransactionScanner
2019-07-13 08:33:00,988 DEBUG block.SCMBlockDeletingService (SCMBlockDeletingService.java:call(155)) - Scanned deleted blocks log and got 0 delTX to process.
2019-07-13 08:33:01,089 DEBUG block.SCMBlockDeletingService (SCMBlockDeletingService.java:call(138)) - Running DeletedBlockTransactionScanner
2019-07-13 08:33:01,089 DEBUG block.SCMBlockDeletingService (SCMBlockDeletingService.java:call(155)) - Scanned deleted blocks log and got 0 delTX to process.
2019-07-13 08:33:01,189 DEBUG block.SCMBlockDeletingService (SCMBlockDeletingService.java:call(138)) - Running DeletedBlockTransactionScanner
2019-07-13 08:33:01,190 DEBUG block.SCMBlockDeletingService (SCMBlockDeletingService.java:call(155)) - Scanned deleted blocks log and got 0 delTX to process.
2019-07-13 08:33:01,290 DEBUG block.SCMBlockDeletingService (SCMBlockDeletingService.java:call(138)) - Running DeletedBlockTransactionScanner
2019-07-13 08:33:01,290 DEBUG block.SCMBlockDeletingService (SCMBlockDeletingService.java:call(155)) - Scanned deleted blocks log and got 0 delTX to process.
2019-07-13 08:33:01,391 DEBUG block.SCMBlockDeletingService (SCMBlockDeletingService.java:call(138)) - Running DeletedBlockTransactionScanner
2019-07-13 08:33:01,391 DEBUG block.SCMBlockDeletingService (SCMBlockDeletingService.java:call(155)) - Scanned deleted blocks log and got 0 delTX to process.
2019-07-13 08:33:01,491 DEBUG block.SCMBlockDeletingService (SCMBlockDeletingService.java:call(138)) - Running DeletedBlockTransactionScanner
2019-07-13 08:33:01,491 DEBUG block.SCMBlockDeletingService (SCMBlockDeletingService.java:call(155)) - Scanned deleted blocks log and got 0 delTX to process.
2019-07-13 08:33:01,592 DEBUG block.SCMBlockDeletingService (SCMBlockDeletingService.java:call(138)) - Running DeletedBlockTransactionScanner
2019-07-13 08:33:01,592 DEBUG block.SCMBlockDeletingService (SCMBlockDeletingService.java:call(155)) - Scanned deleted blocks log and got 0 delTX to process.
2019-07-13 08:33:01,693 DEBUG block.SCMBlockDeletingService (SCMBlockDeletingService.java:call(138)) - Running DeletedBlockTransactionScanner
2019-07-13 08:33:01,693 DEBUG block.SCMBlockDeletingService (SCMBlockDeletingService.java:call(155)) - Scanned deleted blocks log and got 0 delTX to process.
2019-07-13 08:33:01,786 INFO  client.GrpcClientProtocolClient (GrpcClientProtocolClient.java:onNext(255)) - client-A5BCC62C3543->912a7d3b-e3f1-4985-b06b-5f0a929b8060: receive RaftClientReply:client-A5BCC62C3543->912a7d3b-e3f1-4985-b06b-5f0a929b8060@group-3636E5E7603C, cid=2925, SUCCESS, logIndex=4162, commits[912a7d3b-e3f1-4985-b06b-5f0a929b8060:c4165]
2019-07-13 08:33:01,792 INFO  client.GrpcClientProtocolClient (GrpcClientProtocolClient.java:onNext(255)) - client-A5BCC62C3543->912a7d3b-e3f1-4985-b06b-5f0a929b8060: receive RaftClientReply:client-A5BCC62C3543->912a7d3b-e3f1-4985-b06b-5f0a929b8060@group-3636E5E7603C, cid=2926, SUCCESS, logIndex=4163, commits[912a7d3b-e3f1-4985-b06b-5f0a929b8060:c4166]
2019-07-13 08:33:01,794 DEBUG block.SCMBlockDeletingService (SCMBlockDeletingService.java:call(138)) - Running DeletedBlockTransactionScanner
2019-07-13 08:33:01,794 DEBUG block.SCMBlockDeletingService (SCMBlockDeletingService.java:call(155)) - Scanned deleted blocks log and got 0 delTX to process.
2019-07-13 08:33:01,797 INFO  client.GrpcClientProtocolClient (GrpcClientProtocolClient.java:onNext(255)) - client-A5BCC62C3543->912a7d3b-e3f1-4985-b06b-5f0a929b8060: receive RaftClientReply:client-A5BCC62C3543->912a7d3b-e3f1-4985-b06b-5f0a929b8060@group-3636E5E7603C, cid=2927, SUCCESS, logIndex=4164, commits[912a7d3b-e3f1-4985-b06b-5f0a929b8060:c4166]
2019-07-13 08:33:01,797 INFO  client.GrpcClientProtocolClient (GrpcClientProtocolClient.java:onNext(255)) - client-A5BCC62C3543->912a7d3b-e3f1-4985-b06b-5f0a929b8060: receive RaftClientReply:client-A5BCC62C3543->912a7d3b-e3f1-4985-b06b-5f0a929b8060@group-3636E5E7603C, cid=2928, SUCCESS, logIndex=4165, commits[912a7d3b-e3f1-4985-b06b-5f0a929b8060:c4166]
2019-07-13 08:33:01,865 INFO  client.GrpcClientProtocolClient (GrpcClientProtocolClient.java:onNext(255)) - client-0616CB290F12->912a7d3b-e3f1-4985-b06b-5f0a929b8060: receive RaftClientReply:client-0616CB290F12->912a7d3b-e3f1-4985-b06b-5f0a929b8060@group-3636E5E7603C, cid=2929, SUCCESS, logIndex=4167, commits[912a7d3b-e3f1-4985-b06b-5f0a929b8060:c4167]
2019-07-13 08:33:01,875 INFO  client.GrpcClientProtocolClient (GrpcClientProtocolClient.java:onNext(255)) - client-0616CB290F12->912a7d3b-e3f1-4985-b06b-5f0a929b8060: receive RaftClientReply:client-0616CB290F12->912a7d3b-e3f1-4985-b06b-5f0a929b8060@group-3636E5E7603C, cid=2930, SUCCESS, logIndex=4169, commits[912a7d3b-e3f1-4985-b06b-5f0a929b8060:c4169]
2019-07-13 08:33:01,890 INFO  client.GrpcClientProtocolClient (GrpcClientProtocolClient.java:onNext(255)) - client-0616CB290F12->912a7d3b-e3f1-4985-b06b-5f0a929b8060: receive RaftClientReply:client-0616CB290F12->912a7d3b-e3f1-4985-b06b-5f0a929b8060@group-3636E5E7603C, cid=2931, SUCCESS, logIndex=4171, commits[912a7d3b-e3f1-4985-b06b-5f0a929b8060:c4172]
2019-07-13 08:33:01,891 INFO  client.GrpcClientProtocolClient (GrpcClientProtocolClient.java:onNext(255)) - client-0616CB290F12->912a7d3b-e3f1-4985-b06b-5f0a929b8060: receive RaftClientReply:client-0616CB290F12->912a7d3b-e3f1-4985-b06b-5f0a929b8060@group-3636E5E7603C, cid=2932, SUCCESS, logIndex=4172, commits[912a7d3b-e3f1-4985-b06b-5f0a929b8060:c4173]
2019-07-13 08:33:01,895 DEBUG block.SCMBlockDeletingService (SCMBlockDeletingService.java:call(138)) - Running DeletedBlockTransactionScanner
2019-07-13 08:33:01,895 DEBUG block.SCMBlockDeletingService (SCMBlockDeletingService.java:call(155)) - Scanned deleted blocks log and got 0 delTX to process.
2019-07-13 08:33:01,913 INFO  client.GrpcClientProtocolClient (GrpcClientProtocolClient.java:onNext(255)) - client-0616CB290F12->912a7d3b-e3f1-4985-b06b-5f0a929b8060: receive RaftClientReply:client-0616CB290F12->912a7d3b-e3f1-4985-b06b-5f0a929b8060@group-3636E5E7603C, cid=2933, SUCCESS, logIndex=4174, commits[912a7d3b-e3f1-4985-b06b-5f0a929b8060:c4175]
2019-07-13 08:33:01,914 INFO  client.GrpcClientProtocolClient (GrpcClientProtocolClient.java:onNext(255)) - client-0616CB290F12->912a7d3b-e3f1-4985-b06b-5f0a929b8060: receive RaftClientReply:client-0616CB290F12->912a7d3b-e3f1-4985-b06b-5f0a929b8060@group-3636E5E7603C, cid=2934, SUCCESS, logIndex=4175, commits[912a7d3b-e3f1-4985-b06b-5f0a929b8060:c4175]
2019-07-13 08:33:01,915 INFO  client.GrpcClientProtocolClient (GrpcClientProtocolClient.java:onNext(255)) - client-0616CB290F12->912a7d3b-e3f1-4985-b06b-5f0a929b8060: receive RaftClientReply:client-0616CB290F12->912a7d3b-e3f1-4985-b06b-5f0a929b8060@group-3636E5E7603C, cid=2935, SUCCESS, logIndex=4176, commits[912a7d3b-e3f1-4985-b06b-5f0a929b8060:c4177]
2019-07-13 08:33:01,916 INFO  client.GrpcClientProtocolClient (GrpcClientProtocolClient.java:onNext(255)) - client-0616CB290F12->912a7d3b-e3f1-4985-b06b-5f0a929b8060: receive RaftClientReply:client-0616CB290F12->912a7d3b-e3f1-4985-b06b-5f0a929b8060@group-3636E5E7603C, cid=2936, SUCCESS, logIndex=4177, commits[912a7d3b-e3f1-4985-b06b-5f0a929b8060:c4177]
2019-07-13 08:33:01,950 INFO  client.GrpcClientProtocolClient (GrpcClientProtocolClient.java:onNext(255)) - client-0616CB290F12->912a7d3b-e3f1-4985-b06b-5f0a929b8060: receive RaftClientReply:client-0616CB290F12->912a7d3b-e3f1-4985-b06b-5f0a929b8060@group-3636E5E7603C, cid=2937, SUCCESS, logIndex=4180, commits[912a7d3b-e3f1-4985-b06b-5f0a929b8060:c4181]
2019-07-13 08:33:01,951 INFO  client.GrpcClientProtocolClient (GrpcClientProtocolClient.java:onNext(255)) - client-0616CB290F12->912a7d3b-e3f1-4985-b06b-5f0a929b8060: receive RaftClientReply:client-0616CB290F12->912a7d3b-e3f1-4985-b06b-5f0a929b8060@group-3636E5E7603C, cid=2938, SUCCESS, logIndex=4181, commits[912a7d3b-e3f1-4985-b06b-5f0a929b8060:c4183]
2019-07-13 08:33:01,952 INFO  client.GrpcClientProtocolClient (GrpcClientProtocolClient.java:onNext(255)) - client-0616CB290F12->912a7d3b-e3f1-4985-b06b-5f0a929b8060: receive RaftClientReply:client-0616CB290F12->912a7d3b-e3f1-4985-b06b-5f0a929b8060@group-3636E5E7603C, cid=2939, SUCCESS, logIndex=4182, commits[912a7d3b-e3f1-4985-b06b-5f0a929b8060:c4184]
2019-07-13 08:33:01,952 INFO  client.GrpcClientProtocolClient (GrpcClientProtocolClient.java:onNext(255)) - client-0616CB290F12->912a7d3b-e3f1-4985-b06b-5f0a929b8060: receive RaftClientReply:client-0616CB290F12->912a7d3b-e3f1-4985-b06b-5f0a929b8060@group-3636E5E7603C, cid=2940, SUCCESS, logIndex=4183, commits[912a7d3b-e3f1-4985-b06b-5f0a929b8060:c4185]
2019-07-13 08:33:01,974 INFO  client.GrpcClientProtocolClient (GrpcClientProtocolClient.java:onNext(255)) - client-0616CB290F12->912a7d3b-e3f1-4985-b06b-5f0a929b8060: receive RaftClientReply:client-0616CB290F12->912a7d3b-e3f1-4985-b06b-5f0a929b8060@group-3636E5E7603C, cid=2941, SUCCESS, logIndex=4186, commits[912a7d3b-e3f1-4985-b06b-5f0a929b8060:c4187]
2019-07-13 08:33:01,975 INFO  client.GrpcClientProtocolClient (GrpcClientProtocolClient.java:onNext(255)) - client-0616CB290F12->912a7d3b-e3f1-4985-b06b-5f0a929b8060: receive RaftClientReply:client-0616CB290F12->912a7d3b-e3f1-4985-b06b-5f0a929b8060@group-3636E5E7603C, cid=2942, SUCCESS, logIndex=4187, commits[912a7d3b-e3f1-4985-b06b-5f0a929b8060:c4189]
2019-07-13 08:33:01,975 INFO  client.GrpcClientProtocolClient (GrpcClientProtocolClient.java:onNext(255)) - client-0616CB290F12->912a7d3b-e3f1-4985-b06b-5f0a929b8060: receive RaftClientReply:client-0616CB290F12->912a7d3b-e3f1-4985-b06b-5f0a929b8060@group-3636E5E7603C, cid=2943, SUCCESS, logIndex=4188, commits[912a7d3b-e3f1-4985-b06b-5f0a929b8060:c4191]
2019-07-13 08:33:01,975 INFO  client.GrpcClientProtocolClient (GrpcClientProtocolClient.java:onNext(255)) - client-0616CB290F12->912a7d3b-e3f1-4985-b06b-5f0a929b8060: receive RaftClientReply:client-0616CB290F12->912a7d3b-e3f1-4985-b06b-5f0a929b8060@group-3636E5E7603C, cid=2944, SUCCESS, logIndex=4189, commits[912a7d3b-e3f1-4985-b06b-5f0a929b8060:c4191]
2019-07-13 08:33:01,995 DEBUG block.SCMBlockDeletingService (SCMBlockDeletingService.java:call(138)) - Running DeletedBlockTransactionScanner
2019-07-13 08:33:01,996 DEBUG block.SCMBlockDeletingService (SCMBlockDeletingService.java:call(155)) - Scanned deleted blocks log and got 0 delTX to process.
2019-07-13 08:33:02,007 INFO  client.GrpcClientProtocolClient (GrpcClientProtocolClient.java:onNext(255)) - client-0616CB290F12->912a7d3b-e3f1-4985-b06b-5f0a929b8060: receive RaftClientReply:client-0616CB290F12->912a7d3b-e3f1-4985-b06b-5f0a929b8060@group-3636E5E7603C, cid=2945, SUCCESS, logIndex=4192, commits[912a7d3b-e3f1-4985-b06b-5f0a929b8060:c4193]
2019-07-13 08:33:02,008 INFO  client.GrpcClientProtocolClient (GrpcClientProtocolClient.java:onNext(255)) - client-0616CB290F12->912a7d3b-e3f1-4985-b06b-5f0a929b8060: receive RaftClientReply:client-0616CB290F12->912a7d3b-e3f1-4985-b06b-5f0a929b8060@group-3636E5E7603C, cid=2946, SUCCESS, logIndex=4193, commits[912a7d3b-e3f1-4985-b06b-5f0a929b8060:c4195]
2019-07-13 08:33:02,008 INFO  client.GrpcClientProtocolClient (GrpcClientProtocolClient.java:onNext(255)) - client-0616CB290F12->912a7d3b-e3f1-4985-b06b-5f0a929b8060: receive RaftClientReply:client-0616CB290F12->912a7d3b-e3f1-4985-b06b-5f0a929b8060@group-3636E5E7603C, cid=2947, SUCCESS, logIndex=4194, commits[912a7d3b-e3f1-4985-b06b-5f0a929b8060:c4196]
2019-07-13 08:33:02,008 INFO  client.GrpcClientProtocolClient (GrpcClientProtocolClient.java:onNext(255)) - client-0616CB290F12->912a7d3b-e3f1-4985-b06b-5f0a929b8060: receive RaftClientReply:client-0616CB290F12->912a7d3b-e3f1-4985-b06b-5f0a929b8060@group-3636E5E7603C, cid=2948, SUCCESS, logIndex=4195, commits[912a7d3b-e3f1-4985-b06b-5f0a929b8060:c4196]
2019-07-13 08:33:02,028 INFO  client.GrpcClientProtocolClient (GrpcClientProtocolClient.java:onNext(255)) - client-0616CB290F12->912a7d3b-e3f1-4985-b06b-5f0a929b8060: receive RaftClientReply:client-0616CB290F12->912a7d3b-e3f1-4985-b06b-5f0a929b8060@group-3636E5E7603C, cid=2949, SUCCESS, logIndex=4198, commits[912a7d3b-e3f1-4985-b06b-5f0a929b8060:c4199]
2019-07-13 08:33:02,029 INFO  client.GrpcClientProtocolClient (GrpcClientProtocolClient.java:onNext(255)) - client-0616CB290F12->912a7d3b-e3f1-4985-b06b-5f0a929b8060: receive RaftClientReply:client-0616CB290F12->912a7d3b-e3f1-4985-b06b-5f0a929b8060@group-3636E5E7603C, cid=2950, SUCCESS, logIndex=4199, commits[912a7d3b-e3f1-4985-b06b-5f0a929b8060:c4201]
2019-07-13 08:33:02,029 INFO  client.GrpcClientProtocolClient (GrpcClientProtocolClient.java:onNext(255)) - client-0616CB290F12->912a7d3b-e3f1-4985-b06b-5f0a929b8060: receive RaftClientReply:client-0616CB290F12->912a7d3b-e3f1-4985-b06b-5f0a929b8060@group-3636E5E7603C, cid=2951, SUCCESS, logIndex=4200, commits[912a7d3b-e3f1-4985-b06b-5f0a929b8060:c4202]
2019-07-13 08:33:02,029 INFO  client.GrpcClientProtocolClient (GrpcClientProtocolClient.java:onNext(255)) - client-0616CB290F12->912a7d3b-e3f1-4985-b06b-5f0a929b8060: receive RaftClientReply:client-0616CB290F12->912a7d3b-e3f1-4985-b06b-5f0a929b8060@group-3636E5E7603C, cid=2952, SUCCESS, logIndex=4201, commits[912a7d3b-e3f1-4985-b06b-5f0a929b8060:c4202]
2019-07-13 08:33:02,060 INFO  client.GrpcClientProtocolClient (GrpcClientProtocolClient.java:onNext(255)) - client-0616CB290F12->912a7d3b-e3f1-4985-b06b-5f0a929b8060: receive RaftClientReply:client-0616CB290F12->912a7d3b-e3f1-4985-b06b-5f0a929b8060@group-3636E5E7603C, cid=2953, SUCCESS, logIndex=4204, commits[912a7d3b-e3f1-4985-b06b-5f0a929b8060:c4205]
2019-07-13 08:33:02,061 INFO  client.GrpcClientProtocolClient (GrpcClientProtocolClient.java:onNext(255)) - client-0616CB290F12->912a7d3b-e3f1-4985-b06b-5f0a929b8060: receive RaftClientReply:client-0616CB290F12->912a7d3b-e3f1-4985-b06b-5f0a929b8060@group-3636E5E7603C, cid=2954, SUCCESS, logIndex=4205, commits[912a7d3b-e3f1-4985-b06b-5f0a929b8060:c4207]
2019-07-13 08:33:02,061 INFO  client.GrpcClientProtocolClient (GrpcClientProtocolClient.java:onNext(255)) - client-0616CB290F12->912a7d3b-e3f1-4985-b06b-5f0a929b8060: receive RaftClientReply:client-0616CB290F12->912a7d3b-e3f1-4985-b06b-5f0a929b8060@group-3636E5E7603C, cid=2955, SUCCESS, logIndex=4206, commits[912a7d3b-e3f1-4985-b06b-5f0a929b8060:c4207]
2019-07-13 08:33:02,062 INFO  client.GrpcClientProtocolClient (GrpcClientProtocolClient.java:onNext(255)) - client-0616CB290F12->912a7d3b-e3f1-4985-b06b-5f0a929b8060: receive RaftClientReply:client-0616CB290F12->912a7d3b-e3f1-4985-b06b-5f0a929b8060@group-3636E5E7603C, cid=2956, SUCCESS, logIndex=4207, commits[912a7d3b-e3f1-4985-b06b-5f0a929b8060:c4208]
2019-07-13 08:33:02,082 INFO  client.GrpcClientProtocolClient (GrpcClientProtocolClient.java:onNext(255)) - client-0616CB290F12->912a7d3b-e3f1-4985-b06b-5f0a929b8060: receive RaftClientReply:client-0616CB290F12->912a7d3b-e3f1-4985-b06b-5f0a929b8060@group-3636E5E7603C, cid=2957, SUCCESS, logIndex=4210, commits[912a7d3b-e3f1-4985-b06b-5f0a929b8060:c4211]
2019-07-13 08:33:02,082 INFO  client.GrpcClientProtocolClient (GrpcClientProtocolClient.java:onNext(255)) - client-0616CB290F12->912a7d3b-e3f1-4985-b06b-5f0a929b8060: receive RaftClientReply:client-0616CB290F12->912a7d3b-e3f1-4985-b06b-5f0a929b8060@group-3636E5E7603C, cid=2958, SUCCESS, logIndex=4211, commits[912a7d3b-e3f1-4985-b06b-5f0a929b8060:c4211]
2019-07-13 08:33:02,085 INFO  client.GrpcClientProtocolClient (GrpcClientProtocolClient.java:onNext(255)) - client-0616CB290F12->912a7d3b-e3f1-4985-b06b-5f0a929b8060: receive RaftClientReply:client-0616CB290F12->912a7d3b-e3f1-4985-b06b-5f0a929b8060@group-3636E5E7603C, cid=2959, SUCCESS, logIndex=4212, commits[912a7d3b-e3f1-4985-b06b-5f0a929b8060:c4214]
2019-07-13 08:33:02,085 INFO  client.GrpcClientProtocolClient (GrpcClientProtocolClient.java:onNext(255)) - client-0616CB290F12->912a7d3b-e3f1-4985-b06b-5f0a929b8060: receive RaftClientReply:client-0616CB290F12->912a7d3b-e3f1-4985-b06b-5f0a929b8060@group-3636E5E7603C, cid=2960, SUCCESS, logIndex=4213, commits[912a7d3b-e3f1-4985-b06b-5f0a929b8060:c4214]
2019-07-13 08:33:02,096 DEBUG block.SCMBlockDeletingService (SCMBlockDeletingService.java:call(138)) - Running DeletedBlockTransactionScanner
2019-07-13 08:33:02,097 DEBUG block.SCMBlockDeletingService (SCMBlockDeletingService.java:call(155)) - Scanned deleted blocks log and got 0 delTX to process.
2019-07-13 08:33:02,198 DEBUG block.SCMBlockDeletingService (SCMBlockDeletingService.java:call(138)) - Running DeletedBlockTransactionScanner
2019-07-13 08:33:02,198 DEBUG block.SCMBlockDeletingService (SCMBlockDeletingService.java:call(155)) - Scanned deleted blocks log and got 0 delTX to process.
2019-07-13 08:33:02,226 INFO  client.GrpcClientProtocolClient (GrpcClientProtocolClient.java:onNext(255)) - client-0616CB290F12->912a7d3b-e3f1-4985-b06b-5f0a929b8060: receive RaftClientReply:client-0616CB290F12->912a7d3b-e3f1-4985-b06b-5f0a929b8060@group-3636E5E7603C, cid=2961, SUCCESS, logIndex=4215, commits[912a7d3b-e3f1-4985-b06b-5f0a929b8060:c4216]
2019-07-13 08:33:02,226 INFO  client.GrpcClientProtocolClient (GrpcClientProtocolClient.java:onNext(255)) - client-0616CB290F12->912a7d3b-e3f1-4985-b06b-5f0a929b8060: receive RaftClientReply:client-0616CB290F12->912a7d3b-e3f1-4985-b06b-5f0a929b8060@group-3636E5E7603C, cid=2962, SUCCESS, logIndex=4216, commits[912a7d3b-e3f1-4985-b06b-5f0a929b8060:c4218]
2019-07-13 08:33:02,227 INFO  client.GrpcClientProtocolClient (GrpcClientProtocolClient.java:onNext(255)) - client-0616CB290F12->912a7d3b-e3f1-4985-b06b-5f0a929b8060: receive RaftClientReply:client-0616CB290F12->912a7d3b-e3f1-4985-b06b-5f0a929b8060@group-3636E5E7603C, cid=2963, SUCCESS, logIndex=4217, commits[912a7d3b-e3f1-4985-b06b-5f0a929b8060:c4219]
2019-07-13 08:33:02,227 INFO  client.GrpcClientProtocolClient (GrpcClientProtocolClient.java:onNext(255)) - client-0616CB290F12->912a7d3b-e3f1-4985-b06b-5f0a929b8060: receive RaftClientReply:client-0616CB290F12->912a7d3b-e3f1-4985-b06b-5f0a929b8060@group-3636E5E7603C, cid=2964, SUCCESS, logIndex=4218, commits[912a7d3b-e3f1-4985-b06b-5f0a929b8060:c4219]
2019-07-13 08:33:02,249 INFO  client.GrpcClientProtocolClient (GrpcClientProtocolClient.java:onNext(255)) - client-0616CB290F12->912a7d3b-e3f1-4985-b06b-5f0a929b8060: receive RaftClientReply:client-0616CB290F12->912a7d3b-e3f1-4985-b06b-5f0a929b8060@group-3636E5E7603C, cid=2965, SUCCESS, logIndex=4221, commits[912a7d3b-e3f1-4985-b06b-5f0a929b8060:c4224]
2019-07-13 08:33:02,250 INFO  client.GrpcClientProtocolClient (GrpcClientProtocolClient.java:onNext(255)) - client-0616CB290F12->912a7d3b-e3f1-4985-b06b-5f0a929b8060: receive RaftClientReply:client-0616CB290F12->912a7d3b-e3f1-4985-b06b-5f0a929b8060@group-3636E5E7603C, cid=2966, SUCCESS, logIndex=4222, commits[912a7d3b-e3f1-4985-b06b-5f0a929b8060:c4224]
2019-07-13 08:33:02,250 INFO  client.GrpcClientProtocolClient (GrpcClientProtocolClient.java:onNext(255)) - client-0616CB290F12->912a7d3b-e3f1-4985-b06b-5f0a929b8060: receive RaftClientReply:client-0616CB290F12->912a7d3b-e3f1-4985-b06b-5f0a929b8060@group-3636E5E7603C, cid=2967, SUCCESS, logIndex=4223, commits[912a7d3b-e3f1-4985-b06b-5f0a929b8060:c4225]
2019-07-13 08:33:02,251 INFO  client.GrpcClientProtocolClient (GrpcClientProtocolClient.java:onNext(255)) - client-0616CB290F12->912a7d3b-e3f1-4985-b06b-5f0a929b8060: receive RaftClientReply:client-0616CB290F12->912a7d3b-e3f1-4985-b06b-5f0a929b8060@group-3636E5E7603C, cid=2968, SUCCESS, logIndex=4224, commits[912a7d3b-e3f1-4985-b06b-5f0a929b8060:c4225]
2019-07-13 08:33:02,280 INFO  client.GrpcClientProtocolClient (GrpcClientProtocolClient.java:onNext(255)) - client-0616CB290F12->912a7d3b-e3f1-4985-b06b-5f0a929b8060: receive RaftClientReply:client-0616CB290F12->912a7d3b-e3f1-4985-b06b-5f0a929b8060@group-3636E5E7603C, cid=2969, SUCCESS, logIndex=4226, commits[912a7d3b-e3f1-4985-b06b-5f0a929b8060:c4227]
2019-07-13 08:33:02,281 INFO  client.GrpcClientProtocolClient (GrpcClientProtocolClient.java:onNext(255)) - client-0616CB290F12->912a7d3b-e3f1-4985-b06b-5f0a929b8060: receive RaftClientReply:client-0616CB290F12->912a7d3b-e3f1-4985-b06b-5f0a929b8060@group-3636E5E7603C, cid=2970, SUCCESS, logIndex=4227, commits[912a7d3b-e3f1-4985-b06b-5f0a929b8060:c4229]
2019-07-13 08:33:02,281 INFO  client.GrpcClientProtocolClient (GrpcClientProtocolClient.java:onNext(255)) - client-0616CB290F12->912a7d3b-e3f1-4985-b06b-5f0a929b8060: receive RaftClientReply:client-0616CB290F12->912a7d3b-e3f1-4985-b06b-5f0a929b8060@group-3636E5E7603C, cid=2971, SUCCESS, logIndex=4228, commits[912a7d3b-e3f1-4985-b06b-5f0a929b8060:c4229]
2019-07-13 08:33:02,282 INFO  client.GrpcClientProtocolClient (GrpcClientProtocolClient.java:onNext(255)) - client-0616CB290F12->912a7d3b-e3f1-4985-b06b-5f0a929b8060: receive RaftClientReply:client-0616CB290F12->912a7d3b-e3f1-4985-b06b-5f0a929b8060@group-3636E5E7603C, cid=2972, SUCCESS, logIndex=4229, commits[912a7d3b-e3f1-4985-b06b-5f0a929b8060:c4230]
2019-07-13 08:33:02,298 DEBUG block.SCMBlockDeletingService (SCMBlockDeletingService.java:call(138)) - Running DeletedBlockTransactionScanner
2019-07-13 08:33:02,298 DEBUG block.SCMBlockDeletingService (SCMBlockDeletingService.java:call(155)) - Scanned deleted blocks log and got 0 delTX to process.
2019-07-13 08:33:02,301 INFO  client.GrpcClientProtocolClient (GrpcClientProtocolClient.java:onNext(255)) - client-0616CB290F12->912a7d3b-e3f1-4985-b06b-5f0a929b8060: receive RaftClientReply:client-0616CB290F12->912a7d3b-e3f1-4985-b06b-5f0a929b8060@group-3636E5E7603C, cid=2973, SUCCESS, logIndex=4232, commits[912a7d3b-e3f1-4985-b06b-5f0a929b8060:c4233]
2019-07-13 08:33:02,301 INFO  client.GrpcClientProtocolClient (GrpcClientProtocolClient.java:onNext(255)) - client-0616CB290F12->912a7d3b-e3f1-4985-b06b-5f0a929b8060: receive RaftClientReply:client-0616CB290F12->912a7d3b-e3f1-4985-b06b-5f0a929b8060@group-3636E5E7603C, cid=2974, SUCCESS, logIndex=4233, commits[912a7d3b-e3f1-4985-b06b-5f0a929b8060:c4233]
2019-07-13 08:33:02,303 INFO  client.GrpcClientProtocolClient (GrpcClientProtocolClient.java:onNext(255)) - client-0616CB290F12->912a7d3b-e3f1-4985-b06b-5f0a929b8060: receive RaftClientReply:client-0616CB290F12->912a7d3b-e3f1-4985-b06b-5f0a929b8060@group-3636E5E7603C, cid=2975, SUCCESS, logIndex=4234, commits[912a7d3b-e3f1-4985-b06b-5f0a929b8060:c4235]
2019-07-13 08:33:02,304 INFO  client.GrpcClientProtocolClient (GrpcClientProtocolClient.java:onNext(255)) - client-0616CB290F12->912a7d3b-e3f1-4985-b06b-5f0a929b8060: receive RaftClientReply:client-0616CB290F12->912a7d3b-e3f1-4985-b06b-5f0a929b8060@group-3636E5E7603C, cid=2976, SUCCESS, logIndex=4235, commits[912a7d3b-e3f1-4985-b06b-5f0a929b8060:c4235]
2019-07-13 08:33:02,337 INFO  client.GrpcClientProtocolClient (GrpcClientProtocolClient.java:onNext(255)) - client-0616CB290F12->912a7d3b-e3f1-4985-b06b-5f0a929b8060: receive RaftClientReply:client-0616CB290F12->912a7d3b-e3f1-4985-b06b-5f0a929b8060@group-3636E5E7603C, cid=2977, SUCCESS, logIndex=4238, commits[912a7d3b-e3f1-4985-b06b-5f0a929b8060:c4241]
2019-07-13 08:33:02,338 INFO  client.GrpcClientProtocolClient (GrpcClientProtocolClient.java:onNext(255)) - client-0616CB290F12->912a7d3b-e3f1-4985-b06b-5f0a929b8060: receive RaftClientReply:client-0616CB290F12->912a7d3b-e3f1-4985-b06b-5f0a929b8060@group-3636E5E7603C, cid=2978, SUCCESS, logIndex=4239, commits[912a7d3b-e3f1-4985-b06b-5f0a929b8060:c4241]
2019-07-13 08:33:02,338 INFO  client.GrpcClientProtocolClient (GrpcClientProtocolClient.java:onNext(255)) - client-0616CB290F12->912a7d3b-e3f1-4985-b06b-5f0a929b8060: receive RaftClientReply:client-0616CB290F12->912a7d3b-e3f1-4985-b06b-5f0a929b8060@group-3636E5E7603C, cid=2979, SUCCESS, logIndex=4240, commits[912a7d3b-e3f1-4985-b06b-5f0a929b8060:c4242]
2019-07-13 08:33:02,338 INFO  client.GrpcClientProtocolClient (GrpcClientProtocolClient.java:onNext(255)) - client-0616CB290F12->912a7d3b-e3f1-4985-b06b-5f0a929b8060: receive RaftClientReply:client-0616CB290F12->912a7d3b-e3f1-4985-b06b-5f0a929b8060@group-3636E5E7603C, cid=2980, SUCCESS, logIndex=4241, commits[912a7d3b-e3f1-4985-b06b-5f0a929b8060:c4242]
2019-07-13 08:33:02,358 INFO  client.GrpcClientProtocolClient (GrpcClientProtocolClient.java:onNext(255)) - client-0616CB290F12->912a7d3b-e3f1-4985-b06b-5f0a929b8060: receive RaftClientReply:client-0616CB290F12->912a7d3b-e3f1-4985-b06b-5f0a929b8060@group-3636E5E7603C, cid=2981, SUCCESS, logIndex=4243, commits[912a7d3b-e3f1-4985-b06b-5f0a929b8060:c4246]
2019-07-13 08:33:02,359 INFO  client.GrpcClientProtocolClient (GrpcClientProtocolClient.java:onNext(255)) - client-0616CB290F12->912a7d3b-e3f1-4985-b06b-5f0a929b8060: receive RaftClientReply:client-0616CB290F12->912a7d3b-e3f1-4985-b06b-5f0a929b8060@group-3636E5E7603C, cid=2982, SUCCESS, logIndex=4244, commits[912a7d3b-e3f1-4985-b06b-5f0a929b8060:c4246]
2019-07-13 08:33:02,359 INFO  client.GrpcClientProtocolClient (GrpcClientProtocolClient.java:onNext(255)) - client-0616CB290F12->912a7d3b-e3f1-4985-b06b-5f0a929b8060: receive RaftClientReply:client-0616CB290F12->912a7d3b-e3f1-4985-b06b-5f0a929b8060@group-3636E5E7603C, cid=2983, SUCCESS, logIndex=4245, commits[912a7d3b-e3f1-4985-b06b-5f0a929b8060:c4247]
2019-07-13 08:33:02,359 INFO  client.GrpcClientProtocolClient (GrpcClientProtocolClient.java:onNext(255)) - client-0616CB290F12->912a7d3b-e3f1-4985-b06b-5f0a929b8060: receive RaftClientReply:client-0616CB290F12->912a7d3b-e3f1-4985-b06b-5f0a929b8060@group-3636E5E7603C, cid=2984, SUCCESS, logIndex=4246, commits[912a7d3b-e3f1-4985-b06b-5f0a929b8060:c4247]
2019-07-13 08:33:02,392 INFO  client.GrpcClientProtocolClient (GrpcClientProtocolClient.java:onNext(255)) - client-0616CB290F12->912a7d3b-e3f1-4985-b06b-5f0a929b8060: receive RaftClientReply:client-0616CB290F12->912a7d3b-e3f1-4985-b06b-5f0a929b8060@group-3636E5E7603C, cid=2985, SUCCESS, logIndex=4248, commits[912a7d3b-e3f1-4985-b06b-5f0a929b8060:c4251]
2019-07-13 08:33:02,393 INFO  client.GrpcClientProtocolClient (GrpcClientProtocolClient.java:onNext(255)) - client-0616CB290F12->912a7d3b-e3f1-4985-b06b-5f0a929b8060: receive RaftClientReply:client-0616CB290F12->912a7d3b-e3f1-4985-b06b-5f0a929b8060@group-3636E5E7603C, cid=2986, SUCCESS, logIndex=4249, commits[912a7d3b-e3f1-4985-b06b-5f0a929b8060:c4252]
2019-07-13 08:33:02,393 INFO  client.GrpcClientProtocolClient (GrpcClientProtocolClient.java:onNext(255)) - client-0616CB290F12->912a7d3b-e3f1-4985-b06b-5f0a929b8060: receive RaftClientReply:client-0616CB290F12->912a7d3b-e3f1-4985-b06b-5f0a929b8060@group-3636E5E7603C, cid=2987, SUCCESS, logIndex=4250, commits[912a7d3b-e3f1-4985-b06b-5f0a929b8060:c4252]
2019-07-13 08:33:02,393 INFO  client.GrpcClientProtocolClient (GrpcClientProtocolClient.java:onNext(255)) - client-0616CB290F12->912a7d3b-e3f1-4985-b06b-5f0a929b8060: receive RaftClientReply:client-0616CB290F12->912a7d3b-e3f1-4985-b06b-5f0a929b8060@group-3636E5E7603C, cid=2988, SUCCESS, logIndex=4251, commits[912a7d3b-e3f1-4985-b06b-5f0a929b8060:c4252]
2019-07-13 08:33:02,459 DEBUG block.SCMBlockDeletingService (SCMBlockDeletingService.java:call(138)) - Running DeletedBlockTransactionScanner
2019-07-13 08:33:02,459 DEBUG block.SCMBlockDeletingService (SCMBlockDeletingService.java:call(155)) - Scanned deleted blocks log and got 0 delTX to process.
2019-07-13 08:33:02,475 INFO  client.GrpcClientProtocolClient (GrpcClientProtocolClient.java:onNext(255)) - client-0616CB290F12->912a7d3b-e3f1-4985-b06b-5f0a929b8060: receive RaftClientReply:client-0616CB290F12->912a7d3b-e3f1-4985-b06b-5f0a929b8060@group-3636E5E7603C, cid=2989, SUCCESS, logIndex=4253, commits[912a7d3b-e3f1-4985-b06b-5f0a929b8060:c4254]
2019-07-13 08:33:02,475 INFO  client.GrpcClientProtocolClient (GrpcClientProtocolClient.java:onNext(255)) - client-0616CB290F12->912a7d3b-e3f1-4985-b06b-5f0a929b8060: receive RaftClientReply:client-0616CB290F12->912a7d3b-e3f1-4985-b06b-5f0a929b8060@group-3636E5E7603C, cid=2990, SUCCESS, logIndex=4254, commits[912a7d3b-e3f1-4985-b06b-5f0a929b8060:c4256]
2019-07-13 08:33:02,476 INFO  client.GrpcClientProtocolClient (GrpcClientProtocolClient.java:onNext(255)) - client-0616CB290F12->912a7d3b-e3f1-4985-b06b-5f0a929b8060: receive RaftClientReply:client-0616CB290F12->912a7d3b-e3f1-4985-b06b-5f0a929b8060@group-3636E5E7603C, cid=2991, SUCCESS, logIndex=4255, commits[912a7d3b-e3f1-4985-b06b-5f0a929b8060:c4257]
2019-07-13 08:33:02,476 INFO  client.GrpcClientProtocolClient (GrpcClientProtocolClient.java:onNext(255)) - client-0616CB290F12->912a7d3b-e3f1-4985-b06b-5f0a929b8060: receive RaftClientReply:client-0616CB290F12->912a7d3b-e3f1-4985-b06b-5f0a929b8060@group-3636E5E7603C, cid=2992, SUCCESS, logIndex=4256, commits[912a7d3b-e3f1-4985-b06b-5f0a929b8060:c4258]
2019-07-13 08:33:02,524 INFO  client.GrpcClientProtocolClient (GrpcClientProtocolClient.java:onNext(255)) - client-0616CB290F12->912a7d3b-e3f1-4985-b06b-5f0a929b8060: receive RaftClientReply:client-0616CB290F12->912a7d3b-e3f1-4985-b06b-5f0a929b8060@group-3636E5E7603C, cid=2993, SUCCESS, logIndex=4259, commits[912a7d3b-e3f1-4985-b06b-5f0a929b8060:c4262]
2019-07-13 08:33:02,524 INFO  client.GrpcClientProtocolClient (GrpcClientProtocolClient.java:onNext(255)) - client-0616CB290F12->912a7d3b-e3f1-4985-b06b-5f0a929b8060: receive RaftClientReply:client-0616CB290F12->912a7d3b-e3f1-4985-b06b-5f0a929b8060@group-3636E5E7603C, cid=2994, SUCCESS, logIndex=4260, commits[912a7d3b-e3f1-4985-b06b-5f0a929b8060:c4263]
2019-07-13 08:33:02,525 INFO  client.GrpcClientProtocolClient (GrpcClientProtocolClient.java:onNext(255)) - client-0616CB290F12->912a7d3b-e3f1-4985-b06b-5f0a929b8060: receive RaftClientReply:client-0616CB290F12->912a7d3b-e3f1-4985-b06b-5f0a929b8060@group-3636E5E7603C, cid=2995, SUCCESS, logIndex=4261, commits[912a7d3b-e3f1-4985-b06b-5f0a929b8060:c4263]
2019-07-13 08:33:02,525 INFO  client.GrpcClientProtocolClient (GrpcClientProtocolClient.java:onNext(255)) - client-0616CB290F12->912a7d3b-e3f1-4985-b06b-5f0a929b8060: receive RaftClientReply:client-0616CB290F12->912a7d3b-e3f1-4985-b06b-5f0a929b8060@group-3636E5E7603C, cid=2996, SUCCESS, logIndex=4262, commits[912a7d3b-e3f1-4985-b06b-5f0a929b8060:c4264]
2019-07-13 08:33:02,546 INFO  client.GrpcClientProtocolClient (GrpcClientProtocolClient.java:onNext(255)) - client-0616CB290F12->912a7d3b-e3f1-4985-b06b-5f0a929b8060: receive RaftClientReply:client-0616CB290F12->912a7d3b-e3f1-4985-b06b-5f0a929b8060@group-3636E5E7603C, cid=2997, SUCCESS, logIndex=4265, commits[912a7d3b-e3f1-4985-b06b-5f0a929b8060:c4266]
2019-07-13 08:33:02,546 INFO  client.GrpcClientProtocolClient (GrpcClientProtocolClient.java:onNext(255)) - client-0616CB290F12->912a7d3b-e3f1-4985-b06b-5f0a929b8060: receive RaftClientReply:client-0616CB290F12->912a7d3b-e3f1-4985-b06b-5f0a929b8060@group-3636E5E7603C, cid=2998, SUCCESS, logIndex=4266, commits[912a7d3b-e3f1-4985-b06b-5f0a929b8060:c4266]
2019-07-13 08:33:02,547 INFO  client.GrpcClientProtocolClient (GrpcClientProtocolClient.java:onNext(255)) - client-0616CB290F12->912a7d3b-e3f1-4985-b06b-5f0a929b8060: receive RaftClientReply:client-0616CB290F12->912a7d3b-e3f1-4985-b06b-5f0a929b8060@group-3636E5E7603C, cid=2999, SUCCESS, logIndex=4267, commits[912a7d3b-e3f1-4985-b06b-5f0a929b8060:c4268]
2019-07-13 08:33:02,548 INFO  client.GrpcClientProtocolClient (GrpcClientProtocolClient.java:onNext(255)) - client-0616CB290F12->912a7d3b-e3f1-4985-b06b-5f0a929b8060: receive RaftClientReply:client-0616CB290F12->912a7d3b-e3f1-4985-b06b-5f0a929b8060@group-3636E5E7603C, cid=3000, SUCCESS, logIndex=4268, commits[912a7d3b-e3f1-4985-b06b-5f0a929b8060:c4268]
2019-07-13 08:33:02,560 DEBUG block.SCMBlockDeletingService (SCMBlockDeletingService.java:call(138)) - Running DeletedBlockTransactionScanner
2019-07-13 08:33:02,560 DEBUG block.SCMBlockDeletingService (SCMBlockDeletingService.java:call(155)) - Scanned deleted blocks log and got 0 delTX to process.
2019-07-13 08:33:02,581 INFO  client.GrpcClientProtocolClient (GrpcClientProtocolClient.java:onNext(255)) - client-0616CB290F12->912a7d3b-e3f1-4985-b06b-5f0a929b8060: receive RaftClientReply:client-0616CB290F12->912a7d3b-e3f1-4985-b06b-5f0a929b8060@group-3636E5E7603C, cid=3001, SUCCESS, logIndex=4271, commits[912a7d3b-e3f1-4985-b06b-5f0a929b8060:c4272]
2019-07-13 08:33:02,581 INFO  client.GrpcClientProtocolClient (GrpcClientProtocolClient.java:onNext(255)) - client-0616CB290F12->912a7d3b-e3f1-4985-b06b-5f0a929b8060: receive RaftClientReply:client-0616CB290F12->912a7d3b-e3f1-4985-b06b-5f0a929b8060@group-3636E5E7603C, cid=3002, SUCCESS, logIndex=4272, commits[912a7d3b-e3f1-4985-b06b-5f0a929b8060:c4274]
2019-07-13 08:33:02,582 INFO  client.GrpcClientProtocolClient (GrpcClientProtocolClient.java:onNext(255)) - client-0616CB290F12->912a7d3b-e3f1-4985-b06b-5f0a929b8060: receive RaftClientReply:client-0616CB290F12->912a7d3b-e3f1-4985-b06b-5f0a929b8060@group-3636E5E7603C, cid=3003, SUCCESS, logIndex=4273, commits[912a7d3b-e3f1-4985-b06b-5f0a929b8060:c4275]
2019-07-13 08:33:02,582 INFO  client.GrpcClientProtocolClient (GrpcClientProtocolClient.java:onNext(255)) - client-0616CB290F12->912a7d3b-e3f1-4985-b06b-5f0a929b8060: receive RaftClientReply:client-0616CB290F12->912a7d3b-e3f1-4985-b06b-5f0a929b8060@group-3636E5E7603C, cid=3004, SUCCESS, logIndex=4274, commits[912a7d3b-e3f1-4985-b06b-5f0a929b8060:c4276]
2019-07-13 08:33:02,660 DEBUG block.SCMBlockDeletingService (SCMBlockDeletingService.java:call(138)) - Running DeletedBlockTransactionScanner
2019-07-13 08:33:02,660 DEBUG block.SCMBlockDeletingService (SCMBlockDeletingService.java:call(155)) - Scanned deleted blocks log and got 0 delTX to process.
2019-07-13 08:33:02,751 INFO  client.GrpcClientProtocolClient (GrpcClientProtocolClient.java:onNext(255)) - client-0616CB290F12->912a7d3b-e3f1-4985-b06b-5f0a929b8060: receive RaftClientReply:client-0616CB290F12->912a7d3b-e3f1-4985-b06b-5f0a929b8060@group-3636E5E7603C, cid=3005, SUCCESS, logIndex=4277, commits[912a7d3b-e3f1-4985-b06b-5f0a929b8060:c4280]
2019-07-13 08:33:02,752 INFO  client.GrpcClientProtocolClient (GrpcClientProtocolClient.java:onNext(255)) - client-0616CB290F12->912a7d3b-e3f1-4985-b06b-5f0a929b8060: receive RaftClientReply:client-0616CB290F12->912a7d3b-e3f1-4985-b06b-5f0a929b8060@group-3636E5E7603C, cid=3006, SUCCESS, logIndex=4278, commits[912a7d3b-e3f1-4985-b06b-5f0a929b8060:c4280]
2019-07-13 08:33:02,752 INFO  client.GrpcClientProtocolClient (GrpcClientProtocolClient.java:onNext(255)) - client-0616CB290F12->912a7d3b-e3f1-4985-b06b-5f0a929b8060: receive RaftClientReply:client-0616CB290F12->912a7d3b-e3f1-4985-b06b-5f0a929b8060@group-3636E5E7603C, cid=3007, SUCCESS, logIndex=4279, commits[912a7d3b-e3f1-4985-b06b-5f0a929b8060:c4280]
2019-07-13 08:33:02,753 INFO  client.GrpcClientProtocolClient (GrpcClientProtocolClient.java:onNext(255)) - client-0616CB290F12->912a7d3b-e3f1-4985-b06b-5f0a929b8060: receive RaftClientReply:client-0616CB290F12->912a7d3b-e3f1-4985-b06b-5f0a929b8060@group-3636E5E7603C, cid=3008, SUCCESS, logIndex=4280, commits[912a7d3b-e3f1-4985-b06b-5f0a929b8060:c4280]
2019-07-13 08:33:02,761 DEBUG block.SCMBlockDeletingService (SCMBlockDeletingService.java:call(138)) - Running DeletedBlockTransactionScanner
2019-07-13 08:33:02,761 DEBUG block.SCMBlockDeletingService (SCMBlockDeletingService.java:call(155)) - Scanned deleted blocks log and got 0 delTX to process.
2019-07-13 08:33:02,791 INFO  client.GrpcClientProtocolClient (GrpcClientProtocolClient.java:onNext(255)) - client-0616CB290F12->912a7d3b-e3f1-4985-b06b-5f0a929b8060: receive RaftClientReply:client-0616CB290F12->912a7d3b-e3f1-4985-b06b-5f0a929b8060@group-3636E5E7603C, cid=3009, SUCCESS, logIndex=4282, commits[912a7d3b-e3f1-4985-b06b-5f0a929b8060:c4285]
2019-07-13 08:33:02,792 INFO  client.GrpcClientProtocolClient (GrpcClientProtocolClient.java:onNext(255)) - client-0616CB290F12->912a7d3b-e3f1-4985-b06b-5f0a929b8060: receive RaftClientReply:client-0616CB290F12->912a7d3b-e3f1-4985-b06b-5f0a929b8060@group-3636E5E7603C, cid=3010, SUCCESS, logIndex=4283, commits[912a7d3b-e3f1-4985-b06b-5f0a929b8060:c4286]
2019-07-13 08:33:02,793 INFO  client.GrpcClientProtocolClient (GrpcClientProtocolClient.java:onNext(255)) - client-0616CB290F12->912a7d3b-e3f1-4985-b06b-5f0a929b8060: receive RaftClientReply:client-0616CB290F12->912a7d3b-e3f1-4985-b06b-5f0a929b8060@group-3636E5E7603C, cid=3011, SUCCESS, logIndex=4284, commits[912a7d3b-e3f1-4985-b06b-5f0a929b8060:c4286]
2019-07-13 08:33:02,793 INFO  client.GrpcClientProtocolClient (GrpcClientProtocolClient.java:onNext(255)) - client-0616CB290F12->912a7d3b-e3f1-4985-b06b-5f0a929b8060: receive RaftClientReply:client-0616CB290F12->912a7d3b-e3f1-4985-b06b-5f0a929b8060@group-3636E5E7603C, cid=3012, SUCCESS, logIndex=4285, commits[912a7d3b-e3f1-4985-b06b-5f0a929b8060:c4286]
2019-07-13 08:33:02,812 INFO  client.GrpcClientProtocolClient (GrpcClientProtocolClient.java:onNext(255)) - client-0616CB290F12->912a7d3b-e3f1-4985-b06b-5f0a929b8060: receive RaftClientReply:client-0616CB290F12->912a7d3b-e3f1-4985-b06b-5f0a929b8060@group-3636E5E7603C, cid=3013, SUCCESS, logIndex=4287, commits[912a7d3b-e3f1-4985-b06b-5f0a929b8060:c4288]
2019-07-13 08:33:02,812 INFO  client.GrpcClientProtocolClient (GrpcClientProtocolClient.java:onNext(255)) - client-0616CB290F12->912a7d3b-e3f1-4985-b06b-5f0a929b8060: receive RaftClientReply:client-0616CB290F12->912a7d3b-e3f1-4985-b06b-5f0a929b8060@group-3636E5E7603C, cid=3014, SUCCESS, logIndex=4288, commits[912a7d3b-e3f1-4985-b06b-5f0a929b8060:c4290]
2019-07-13 08:33:02,813 INFO  client.GrpcClientProtocolClient (GrpcClientProtocolClient.java:onNext(255)) - client-0616CB290F12->912a7d3b-e3f1-4985-b06b-5f0a929b8060: receive RaftClientReply:client-0616CB290F12->912a7d3b-e3f1-4985-b06b-5f0a929b8060@group-3636E5E7603C, cid=3015, SUCCESS, logIndex=4289, commits[912a7d3b-e3f1-4985-b06b-5f0a929b8060:c4291]
2019-07-13 08:33:02,813 INFO  client.GrpcClientProtocolClient (GrpcClientProtocolClient.java:onNext(255)) - client-0616CB290F12->912a7d3b-e3f1-4985-b06b-5f0a929b8060: receive RaftClientReply:client-0616CB290F12->912a7d3b-e3f1-4985-b06b-5f0a929b8060@group-3636E5E7603C, cid=3016, SUCCESS, logIndex=4290, commits[912a7d3b-e3f1-4985-b06b-5f0a929b8060:c4292]
2019-07-13 08:33:02,849 INFO  client.GrpcClientProtocolClient (GrpcClientProtocolClient.java:onNext(255)) - client-0616CB290F12->912a7d3b-e3f1-4985-b06b-5f0a929b8060: receive RaftClientReply:client-0616CB290F12->912a7d3b-e3f1-4985-b06b-5f0a929b8060@group-3636E5E7603C, cid=3017, SUCCESS, logIndex=4293, commits[912a7d3b-e3f1-4985-b06b-5f0a929b8060:c4296]
2019-07-13 08:33:02,849 INFO  client.GrpcClientProtocolClient (GrpcClientProtocolClient.java:onNext(255)) - client-0616CB290F12->912a7d3b-e3f1-4985-b06b-5f0a929b8060: receive RaftClientReply:client-0616CB290F12->912a7d3b-e3f1-4985-b06b-5f0a929b8060@group-3636E5E7603C, cid=3018, SUCCESS, logIndex=4294, commits[912a7d3b-e3f1-4985-b06b-5f0a929b8060:c4297]
2019-07-13 08:33:02,850 INFO  client.GrpcClientProtocolClient (GrpcClientProtocolClient.java:onNext(255)) - client-0616CB290F12->912a7d3b-e3f1-4985-b06b-5f0a929b8060: receive RaftClientReply:client-0616CB290F12->912a7d3b-e3f1-4985-b06b-5f0a929b8060@group-3636E5E7603C, cid=3019, SUCCESS, logIndex=4295, commits[912a7d3b-e3f1-4985-b06b-5f0a929b8060:c4297]
2019-07-13 08:33:02,850 INFO  client.GrpcClientProtocolClient (GrpcClientProtocolClient.java:onNext(255)) - client-0616CB290F12->912a7d3b-e3f1-4985-b06b-5f0a929b8060: receive RaftClientReply:client-0616CB290F12->912a7d3b-e3f1-4985-b06b-5f0a929b8060@group-3636E5E7603C, cid=3020, SUCCESS, logIndex=4296, commits[912a7d3b-e3f1-4985-b06b-5f0a929b8060:c4297]
2019-07-13 08:33:02,862 DEBUG block.SCMBlockDeletingService (SCMBlockDeletingService.java:call(138)) - Running DeletedBlockTransactionScanner
2019-07-13 08:33:02,862 DEBUG block.SCMBlockDeletingService (SCMBlockDeletingService.java:call(155)) - Scanned deleted blocks log and got 0 delTX to process.
2019-07-13 08:33:02,872 INFO  client.GrpcClientProtocolClient (GrpcClientProtocolClient.java:onNext(255)) - client-0616CB290F12->912a7d3b-e3f1-4985-b06b-5f0a929b8060: receive RaftClientReply:client-0616CB290F12->912a7d3b-e3f1-4985-b06b-5f0a929b8060@group-3636E5E7603C, cid=3021, SUCCESS, logIndex=4298, commits[912a7d3b-e3f1-4985-b06b-5f0a929b8060:c4299]
2019-07-13 08:33:02,873 INFO  client.GrpcClientProtocolClient (GrpcClientProtocolClient.java:onNext(255)) - client-0616CB290F12->912a7d3b-e3f1-4985-b06b-5f0a929b8060: receive RaftClientReply:client-0616CB290F12->912a7d3b-e3f1-4985-b06b-5f0a929b8060@group-3636E5E7603C, cid=3022, SUCCESS, logIndex=4299, commits[912a7d3b-e3f1-4985-b06b-5f0a929b8060:c4299]
2019-07-13 08:33:02,874 INFO  client.GrpcClientProtocolClient (GrpcClientProtocolClient.java:onNext(255)) - client-0616CB290F12->912a7d3b-e3f1-4985-b06b-5f0a929b8060: receive RaftClientReply:client-0616CB290F12->912a7d3b-e3f1-4985-b06b-5f0a929b8060@group-3636E5E7603C, cid=3023, SUCCESS, logIndex=4300, commits[912a7d3b-e3f1-4985-b06b-5f0a929b8060:c4301]
2019-07-13 08:33:02,875 INFO  client.GrpcClientProtocolClient (GrpcClientProtocolClient.java:onNext(255)) - client-0616CB290F12->912a7d3b-e3f1-4985-b06b-5f0a929b8060: receive RaftClientReply:client-0616CB290F12->912a7d3b-e3f1-4985-b06b-5f0a929b8060@group-3636E5E7603C, cid=3024, SUCCESS, logIndex=4301, commits[912a7d3b-e3f1-4985-b06b-5f0a929b8060:c4301]
2019-07-13 08:33:02,907 INFO  client.GrpcClientProtocolClient (GrpcClientProtocolClient.java:onNext(255)) - client-0616CB290F12->912a7d3b-e3f1-4985-b06b-5f0a929b8060: receive RaftClientReply:client-0616CB290F12->912a7d3b-e3f1-4985-b06b-5f0a929b8060@group-3636E5E7603C, cid=3025, SUCCESS, logIndex=4304, commits[912a7d3b-e3f1-4985-b06b-5f0a929b8060:c4305]
2019-07-13 08:33:02,908 INFO  client.GrpcClientProtocolClient (GrpcClientProtocolClient.java:onNext(255)) - client-0616CB290F12->912a7d3b-e3f1-4985-b06b-5f0a929b8060: receive RaftClientReply:client-0616CB290F12->912a7d3b-e3f1-4985-b06b-5f0a929b8060@group-3636E5E7603C, cid=3026, SUCCESS, logIndex=4305, commits[912a7d3b-e3f1-4985-b06b-5f0a929b8060:c4305]
2019-07-13 08:33:02,909 INFO  client.GrpcClientProtocolClient (GrpcClientProtocolClient.java:onNext(255)) - client-0616CB290F12->912a7d3b-e3f1-4985-b06b-5f0a929b8060: receive RaftClientReply:client-0616CB290F12->912a7d3b-e3f1-4985-b06b-5f0a929b8060@group-3636E5E7603C, cid=3027, SUCCESS, logIndex=4306, commits[912a7d3b-e3f1-4985-b06b-5f0a929b8060:c4307]
2019-07-13 08:33:02,910 INFO  client.GrpcClientProtocolClient (GrpcClientProtocolClient.java:onNext(255)) - client-0616CB290F12->912a7d3b-e3f1-4985-b06b-5f0a929b8060: receive RaftClientReply:client-0616CB290F12->912a7d3b-e3f1-4985-b06b-5f0a929b8060@group-3636E5E7603C, cid=3028, SUCCESS, logIndex=4307, commits[912a7d3b-e3f1-4985-b06b-5f0a929b8060:c4307]
2019-07-13 08:33:02,936 INFO  client.GrpcClientProtocolClient (GrpcClientProtocolClient.java:onNext(255)) - client-0616CB290F12->912a7d3b-e3f1-4985-b06b-5f0a929b8060: receive RaftClientReply:client-0616CB290F12->912a7d3b-e3f1-4985-b06b-5f0a929b8060@group-3636E5E7603C, cid=3029, SUCCESS, logIndex=4310, commits[912a7d3b-e3f1-4985-b06b-5f0a929b8060:c4313]
2019-07-13 08:33:02,937 INFO  client.GrpcClientProtocolClient (GrpcClientProtocolClient.java:onNext(255)) - client-0616CB290F12->912a7d3b-e3f1-4985-b06b-5f0a929b8060: receive RaftClientReply:client-0616CB290F12->912a7d3b-e3f1-4985-b06b-5f0a929b8060@group-3636E5E7603C, cid=3030, SUCCESS, logIndex=4311, commits[912a7d3b-e3f1-4985-b06b-5f0a929b8060:c4314]
2019-07-13 08:33:02,937 INFO  client.GrpcClientProtocolClient (GrpcClientProtocolClient.java:onNext(255)) - client-0616CB290F12->912a7d3b-e3f1-4985-b06b-5f0a929b8060: receive RaftClientReply:client-0616CB290F12->912a7d3b-e3f1-4985-b06b-5f0a929b8060@group-3636E5E7603C, cid=3031, SUCCESS, logIndex=4312, commits[912a7d3b-e3f1-4985-b06b-5f0a929b8060:c4314]
2019-07-13 08:33:02,937 INFO  client.GrpcClientProtocolClient (GrpcClientProtocolClient.java:onNext(255)) - client-0616CB290F12->912a7d3b-e3f1-4985-b06b-5f0a929b8060: receive RaftClientReply:client-0616CB290F12->912a7d3b-e3f1-4985-b06b-5f0a929b8060@group-3636E5E7603C, cid=3032, SUCCESS, logIndex=4313, commits[912a7d3b-e3f1-4985-b06b-5f0a929b8060:c4314]
2019-07-13 08:33:02,963 DEBUG block.SCMBlockDeletingService (SCMBlockDeletingService.java:call(138)) - Running DeletedBlockTransactionScanner
2019-07-13 08:33:02,963 DEBUG block.SCMBlockDeletingService (SCMBlockDeletingService.java:call(155)) - Scanned deleted blocks log and got 0 delTX to process.
2019-07-13 08:33:02,972 INFO  client.GrpcClientProtocolClient (GrpcClientProtocolClient.java:onNext(255)) - client-0616CB290F12->912a7d3b-e3f1-4985-b06b-5f0a929b8060: receive RaftClientReply:client-0616CB290F12->912a7d3b-e3f1-4985-b06b-5f0a929b8060@group-3636E5E7603C, cid=3033, SUCCESS, logIndex=4315, commits[912a7d3b-e3f1-4985-b06b-5f0a929b8060:c4318]
2019-07-13 08:33:02,972 INFO  client.GrpcClientProtocolClient (GrpcClientProtocolClient.java:onNext(255)) - client-0616CB290F12->912a7d3b-e3f1-4985-b06b-5f0a929b8060: receive RaftClientReply:client-0616CB290F12->912a7d3b-e3f1-4985-b06b-5f0a929b8060@group-3636E5E7603C, cid=3034, SUCCESS, logIndex=4316, commits[912a7d3b-e3f1-4985-b06b-5f0a929b8060:c4319]
2019-07-13 08:33:02,973 INFO  client.GrpcClientProtocolClient (GrpcClientProtocolClient.java:onNext(255)) - client-0616CB290F12->912a7d3b-e3f1-4985-b06b-5f0a929b8060: receive RaftClientReply:client-0616CB290F12->912a7d3b-e3f1-4985-b06b-5f0a929b8060@group-3636E5E7603C, cid=3035, SUCCESS, logIndex=4317, commits[912a7d3b-e3f1-4985-b06b-5f0a929b8060:c4319]
2019-07-13 08:33:02,973 INFO  client.GrpcClientProtocolClient (GrpcClientProtocolClient.java:onNext(255)) - client-0616CB290F12->912a7d3b-e3f1-4985-b06b-5f0a929b8060: receive RaftClientReply:client-0616CB290F12->912a7d3b-e3f1-4985-b06b-5f0a929b8060@group-3636E5E7603C, cid=3036, SUCCESS, logIndex=4318, commits[912a7d3b-e3f1-4985-b06b-5f0a929b8060:c4319]
2019-07-13 08:33:02,994 INFO  client.GrpcClientProtocolClient (GrpcClientProtocolClient.java:onNext(255)) - client-0616CB290F12->912a7d3b-e3f1-4985-b06b-5f0a929b8060: receive RaftClientReply:client-0616CB290F12->912a7d3b-e3f1-4985-b06b-5f0a929b8060@group-3636E5E7603C, cid=3037, SUCCESS, logIndex=4320, commits[912a7d3b-e3f1-4985-b06b-5f0a929b8060:c4321]
2019-07-13 08:33:02,995 INFO  client.GrpcClientProtocolClient (GrpcClientProtocolClient.java:onNext(255)) - client-0616CB290F12->912a7d3b-e3f1-4985-b06b-5f0a929b8060: receive RaftClientReply:client-0616CB290F12->912a7d3b-e3f1-4985-b06b-5f0a929b8060@group-3636E5E7603C, cid=3038, SUCCESS, logIndex=4321, commits[912a7d3b-e3f1-4985-b06b-5f0a929b8060:c4323]
2019-07-13 08:33:02,995 INFO  client.GrpcClientProtocolClient (GrpcClientProtocolClient.java:onNext(255)) - client-0616CB290F12->912a7d3b-e3f1-4985-b06b-5f0a929b8060: receive RaftClientReply:client-0616CB290F12->912a7d3b-e3f1-4985-b06b-5f0a929b8060@group-3636E5E7603C, cid=3039, SUCCESS, logIndex=4322, commits[912a7d3b-e3f1-4985-b06b-5f0a929b8060:c4324]
2019-07-13 08:33:02,996 INFO  client.GrpcClientProtocolClient (GrpcClientProtocolClient.java:onNext(255)) - client-0616CB290F12->912a7d3b-e3f1-4985-b06b-5f0a929b8060: receive RaftClientReply:client-0616CB290F12->912a7d3b-e3f1-4985-b06b-5f0a929b8060@group-3636E5E7603C, cid=3040, SUCCESS, logIndex=4323, commits[912a7d3b-e3f1-4985-b06b-5f0a929b8060:c4324]
2019-07-13 08:33:03,028 INFO  client.GrpcClientProtocolClient (GrpcClientProtocolClient.java:onNext(255)) - client-0616CB290F12->912a7d3b-e3f1-4985-b06b-5f0a929b8060: receive RaftClientReply:client-0616CB290F12->912a7d3b-e3f1-4985-b06b-5f0a929b8060@group-3636E5E7603C, cid=3041, SUCCESS, logIndex=4326, commits[912a7d3b-e3f1-4985-b06b-5f0a929b8060:c4329]
2019-07-13 08:33:03,029 INFO  client.GrpcClientProtocolClient (GrpcClientProtocolClient.java:onNext(255)) - client-0616CB290F12->912a7d3b-e3f1-4985-b06b-5f0a929b8060: receive RaftClientReply:client-0616CB290F12->912a7d3b-e3f1-4985-b06b-5f0a929b8060@group-3636E5E7603C, cid=3042, SUCCESS, logIndex=4327, commits[912a7d3b-e3f1-4985-b06b-5f0a929b8060:c4330]
2019-07-13 08:33:03,029 INFO  client.GrpcClientProtocolClient (GrpcClientProtocolClient.java:onNext(255)) - client-0616CB290F12->912a7d3b-e3f1-4985-b06b-5f0a929b8060: receive RaftClientReply:client-0616CB290F12->912a7d3b-e3f1-4985-b06b-5f0a929b8060@group-3636E5E7603C, cid=3043, SUCCESS, logIndex=4328, commits[912a7d3b-e3f1-4985-b06b-5f0a929b8060:c4330]
2019-07-13 08:33:03,029 INFO  client.GrpcClientProtocolClient (GrpcClientProtocolClient.java:onNext(255)) - client-0616CB290F12->912a7d3b-e3f1-4985-b06b-5f0a929b8060: receive RaftClientReply:client-0616CB290F12->912a7d3b-e3f1-4985-b06b-5f0a929b8060@group-3636E5E7603C, cid=3044, SUCCESS, logIndex=4329, commits[912a7d3b-e3f1-4985-b06b-5f0a929b8060:c4330]
2019-07-13 08:33:03,049 INFO  client.GrpcClientProtocolClient (GrpcClientProtocolClient.java:onNext(255)) - client-0616CB290F12->912a7d3b-e3f1-4985-b06b-5f0a929b8060: receive RaftClientReply:client-0616CB290F12->912a7d3b-e3f1-4985-b06b-5f0a929b8060@group-3636E5E7603C, cid=3045, SUCCESS, logIndex=4331, commits[912a7d3b-e3f1-4985-b06b-5f0a929b8060:c4332]
2019-07-13 08:33:03,049 INFO  client.GrpcClientProtocolClient (GrpcClientProtocolClient.java:onNext(255)) - client-0616CB290F12->912a7d3b-e3f1-4985-b06b-5f0a929b8060: receive RaftClientReply:client-0616CB290F12->912a7d3b-e3f1-4985-b06b-5f0a929b8060@group-3636E5E7603C, cid=3046, SUCCESS, logIndex=4332, commits[912a7d3b-e3f1-4985-b06b-5f0a929b8060:c4332]
2019-07-13 08:33:03,063 DEBUG block.SCMBlockDeletingService (SCMBlockDeletingService.java:call(138)) - Running DeletedBlockTransactionScanner
2019-07-13 08:33:03,064 DEBUG block.SCMBlockDeletingService (SCMBlockDeletingService.java:call(155)) - Scanned deleted blocks log and got 0 delTX to process.
2019-07-13 08:33:03,064 INFO  client.GrpcClientProtocolClient (GrpcClientProtocolClient.java:onNext(255)) - client-0616CB290F12->912a7d3b-e3f1-4985-b06b-5f0a929b8060: receive RaftClientReply:client-0616CB290F12->912a7d3b-e3f1-4985-b06b-5f0a929b8060@group-3636E5E7603C, cid=3047, SUCCESS, logIndex=4333, commits[912a7d3b-e3f1-4985-b06b-5f0a929b8060:c4335]
2019-07-13 08:33:03,064 INFO  client.GrpcClientProtocolClient (GrpcClientProtocolClient.java:onNext(255)) - client-0616CB290F12->912a7d3b-e3f1-4985-b06b-5f0a929b8060: receive RaftClientReply:client-0616CB290F12->912a7d3b-e3f1-4985-b06b-5f0a929b8060@group-3636E5E7603C, cid=3048, SUCCESS, logIndex=4334, commits[912a7d3b-e3f1-4985-b06b-5f0a929b8060:c4335]
2019-07-13 08:33:03,098 INFO  client.GrpcClientProtocolClient (GrpcClientProtocolClient.java:onNext(255)) - client-0616CB290F12->912a7d3b-e3f1-4985-b06b-5f0a929b8060: receive RaftClientReply:client-0616CB290F12->912a7d3b-e3f1-4985-b06b-5f0a929b8060@group-3636E5E7603C, cid=3049, SUCCESS, logIndex=4336, commits[912a7d3b-e3f1-4985-b06b-5f0a929b8060:c4337]
2019-07-13 08:33:03,099 INFO  client.GrpcClientProtocolClient (GrpcClientProtocolClient.java:onNext(255)) - client-0616CB290F12->912a7d3b-e3f1-4985-b06b-5f0a929b8060: receive RaftClientReply:client-0616CB290F12->912a7d3b-e3f1-4985-b06b-5f0a929b8060@group-3636E5E7603C, cid=3050, SUCCESS, logIndex=4337, commits[912a7d3b-e3f1-4985-b06b-5f0a929b8060:c4338]
2019-07-13 08:33:03,164 DEBUG block.SCMBlockDeletingService (SCMBlockDeletingService.java:call(138)) - Running DeletedBlockTransactionScanner
2019-07-13 08:33:03,164 DEBUG block.SCMBlockDeletingService (SCMBlockDeletingService.java:call(155)) - Scanned deleted blocks log and got 0 delTX to process.
2019-07-13 08:33:03,230 INFO  client.GrpcClientProtocolClient (GrpcClientProtocolClient.java:onNext(255)) - client-0616CB290F12->912a7d3b-e3f1-4985-b06b-5f0a929b8060: receive RaftClientReply:client-0616CB290F12->912a7d3b-e3f1-4985-b06b-5f0a929b8060@group-3636E5E7603C, cid=3051, SUCCESS, logIndex=4339, commits[912a7d3b-e3f1-4985-b06b-5f0a929b8060:c4340]
2019-07-13 08:33:03,231 INFO  client.GrpcClientProtocolClient (GrpcClientProtocolClient.java:onNext(255)) - client-0616CB290F12->912a7d3b-e3f1-4985-b06b-5f0a929b8060: receive RaftClientReply:client-0616CB290F12->912a7d3b-e3f1-4985-b06b-5f0a929b8060@group-3636E5E7603C, cid=3052, SUCCESS, logIndex=4340, commits[912a7d3b-e3f1-4985-b06b-5f0a929b8060:c4340]
2019-07-13 08:33:03,258 INFO  client.GrpcClientProtocolClient (GrpcClientProtocolClient.java:onNext(255)) - client-0616CB290F12->912a7d3b-e3f1-4985-b06b-5f0a929b8060: receive RaftClientReply:client-0616CB290F12->912a7d3b-e3f1-4985-b06b-5f0a929b8060@group-3636E5E7603C, cid=3053, SUCCESS, logIndex=4342, commits[912a7d3b-e3f1-4985-b06b-5f0a929b8060:c4345]
2019-07-13 08:33:03,258 INFO  client.GrpcClientProtocolClient (GrpcClientProtocolClient.java:onNext(255)) - client-0616CB290F12->912a7d3b-e3f1-4985-b06b-5f0a929b8060: receive RaftClientReply:client-0616CB290F12->912a7d3b-e3f1-4985-b06b-5f0a929b8060@group-3636E5E7603C, cid=3054, SUCCESS, logIndex=4343, commits[912a7d3b-e3f1-4985-b06b-5f0a929b8060:c4346]
2019-07-13 08:33:03,259 INFO  client.GrpcClientProtocolClient (GrpcClientProtocolClient.java:onNext(255)) - client-0616CB290F12->912a7d3b-e3f1-4985-b06b-5f0a929b8060: receive RaftClientReply:client-0616CB290F12->912a7d3b-e3f1-4985-b06b-5f0a929b8060@group-3636E5E7603C, cid=3055, SUCCESS, logIndex=4344, commits[912a7d3b-e3f1-4985-b06b-5f0a929b8060:c4346]
2019-07-13 08:33:03,259 INFO  client.GrpcClientProtocolClient (GrpcClientProtocolClient.java:onNext(255)) - client-0616CB290F12->912a7d3b-e3f1-4985-b06b-5f0a929b8060: receive RaftClientReply:client-0616CB290F12->912a7d3b-e3f1-4985-b06b-5f0a929b8060@group-3636E5E7603C, cid=3056, SUCCESS, logIndex=4345, commits[912a7d3b-e3f1-4985-b06b-5f0a929b8060:c4346]
2019-07-13 08:33:03,265 DEBUG block.SCMBlockDeletingService (SCMBlockDeletingService.java:call(138)) - Running DeletedBlockTransactionScanner
2019-07-13 08:33:03,265 DEBUG block.SCMBlockDeletingService (SCMBlockDeletingService.java:call(155)) - Scanned deleted blocks log and got 0 delTX to process.
2019-07-13 08:33:03,298 INFO  client.GrpcClientProtocolClient (GrpcClientProtocolClient.java:onNext(255)) - client-0616CB290F12->912a7d3b-e3f1-4985-b06b-5f0a929b8060: receive RaftClientReply:client-0616CB290F12->912a7d3b-e3f1-4985-b06b-5f0a929b8060@group-3636E5E7603C, cid=3057, SUCCESS, logIndex=4347, commits[912a7d3b-e3f1-4985-b06b-5f0a929b8060:c4350]
2019-07-13 08:33:03,298 INFO  client.GrpcClientProtocolClient (GrpcClientProtocolClient.java:onNext(255)) - client-0616CB290F12->912a7d3b-e3f1-4985-b06b-5f0a929b8060: receive RaftClientReply:client-0616CB290F12->912a7d3b-e3f1-4985-b06b-5f0a929b8060@group-3636E5E7603C, cid=3058, SUCCESS, logIndex=4348, commits[912a7d3b-e3f1-4985-b06b-5f0a929b8060:c4351]
2019-07-13 08:33:03,299 INFO  client.GrpcClientProtocolClient (GrpcClientProtocolClient.java:onNext(255)) - client-0616CB290F12->912a7d3b-e3f1-4985-b06b-5f0a929b8060: receive RaftClientReply:client-0616CB290F12->912a7d3b-e3f1-4985-b06b-5f0a929b8060@group-3636E5E7603C, cid=3059, SUCCESS, logIndex=4349, commits[912a7d3b-e3f1-4985-b06b-5f0a929b8060:c4351]
2019-07-13 08:33:03,299 INFO  client.GrpcClientProtocolClient (GrpcClientProtocolClient.java:onNext(255)) - client-0616CB290F12->912a7d3b-e3f1-4985-b06b-5f0a929b8060: receive RaftClientReply:client-0616CB290F12->912a7d3b-e3f1-4985-b06b-5f0a929b8060@group-3636E5E7603C, cid=3060, SUCCESS, logIndex=4350, commits[912a7d3b-e3f1-4985-b06b-5f0a929b8060:c4351]
2019-07-13 08:33:03,322 INFO  client.GrpcClientProtocolClient (GrpcClientProtocolClient.java:onNext(255)) - client-0616CB290F12->912a7d3b-e3f1-4985-b06b-5f0a929b8060: receive RaftClientReply:client-0616CB290F12->912a7d3b-e3f1-4985-b06b-5f0a929b8060@group-3636E5E7603C, cid=3061, SUCCESS, logIndex=4352, commits[912a7d3b-e3f1-4985-b06b-5f0a929b8060:c4355]
2019-07-13 08:33:03,323 INFO  client.GrpcClientProtocolClient (GrpcClientProtocolClient.java:onNext(255)) - client-0616CB290F12->912a7d3b-e3f1-4985-b06b-5f0a929b8060: receive RaftClientReply:client-0616CB290F12->912a7d3b-e3f1-4985-b06b-5f0a929b8060@group-3636E5E7603C, cid=3062, SUCCESS, logIndex=4353, commits[912a7d3b-e3f1-4985-b06b-5f0a929b8060:c4356]
2019-07-13 08:33:03,323 INFO  client.GrpcClientProtocolClient (GrpcClientProtocolClient.java:onNext(255)) - client-0616CB290F12->912a7d3b-e3f1-4985-b06b-5f0a929b8060: receive RaftClientReply:client-0616CB290F12->912a7d3b-e3f1-4985-b06b-5f0a929b8060@group-3636E5E7603C, cid=3063, SUCCESS, logIndex=4354, commits[912a7d3b-e3f1-4985-b06b-5f0a929b8060:c4356]
2019-07-13 08:33:03,324 INFO  client.GrpcClientProtocolClient (GrpcClientProtocolClient.java:onNext(255)) - client-0616CB290F12->912a7d3b-e3f1-4985-b06b-5f0a929b8060: receive RaftClientReply:client-0616CB290F12->912a7d3b-e3f1-4985-b06b-5f0a929b8060@group-3636E5E7603C, cid=3064, SUCCESS, logIndex=4355, commits[912a7d3b-e3f1-4985-b06b-5f0a929b8060:c4356]
2019-07-13 08:33:03,357 INFO  client.GrpcClientProtocolClient (GrpcClientProtocolClient.java:onNext(255)) - client-0616CB290F12->912a7d3b-e3f1-4985-b06b-5f0a929b8060: receive RaftClientReply:client-0616CB290F12->912a7d3b-e3f1-4985-b06b-5f0a929b8060@group-3636E5E7603C, cid=3065, SUCCESS, logIndex=4357, commits[912a7d3b-e3f1-4985-b06b-5f0a929b8060:c4360]
2019-07-13 08:33:03,357 INFO  client.GrpcClientProtocolClient (GrpcClientProtocolClient.java:onNext(255)) - client-0616CB290F12->912a7d3b-e3f1-4985-b06b-5f0a929b8060: receive RaftClientReply:client-0616CB290F12->912a7d3b-e3f1-4985-b06b-5f0a929b8060@group-3636E5E7603C, cid=3066, SUCCESS, logIndex=4358, commits[912a7d3b-e3f1-4985-b06b-5f0a929b8060:c4361]
2019-07-13 08:33:03,358 INFO  client.GrpcClientProtocolClient (GrpcClientProtocolClient.java:onNext(255)) - client-0616CB290F12->912a7d3b-e3f1-4985-b06b-5f0a929b8060: receive RaftClientReply:client-0616CB290F12->912a7d3b-e3f1-4985-b06b-5f0a929b8060@group-3636E5E7603C, cid=3067, SUCCESS, logIndex=4359, commits[912a7d3b-e3f1-4985-b06b-5f0a929b8060:c4361]
2019-07-13 08:33:03,358 INFO  client.GrpcClientProtocolClient (GrpcClientProtocolClient.java:onNext(255)) - client-0616CB290F12->912a7d3b-e3f1-4985-b06b-5f0a929b8060: receive RaftClientReply:client-0616CB290F12->912a7d3b-e3f1-4985-b06b-5f0a929b8060@group-3636E5E7603C, cid=3068, SUCCESS, logIndex=4360, commits[912a7d3b-e3f1-4985-b06b-5f0a929b8060:c4361]
2019-07-13 08:33:03,366 DEBUG block.SCMBlockDeletingService (SCMBlockDeletingService.java:call(138)) - Running DeletedBlockTransactionScanner
2019-07-13 08:33:03,366 DEBUG block.SCMBlockDeletingService (SCMBlockDeletingService.java:call(155)) - Scanned deleted blocks log and got 0 delTX to process.
2019-07-13 08:33:03,382 INFO  client.GrpcClientProtocolClient (GrpcClientProtocolClient.java:onNext(255)) - client-0616CB290F12->912a7d3b-e3f1-4985-b06b-5f0a929b8060: receive RaftClientReply:client-0616CB290F12->912a7d3b-e3f1-4985-b06b-5f0a929b8060@group-3636E5E7603C, cid=3069, SUCCESS, logIndex=4362, commits[912a7d3b-e3f1-4985-b06b-5f0a929b8060:c4365]
2019-07-13 08:33:03,382 INFO  client.GrpcClientProtocolClient (GrpcClientProtocolClient.java:onNext(255)) - client-0616CB290F12->912a7d3b-e3f1-4985-b06b-5f0a929b8060: receive RaftClientReply:client-0616CB290F12->912a7d3b-e3f1-4985-b06b-5f0a929b8060@group-3636E5E7603C, cid=3070, SUCCESS, logIndex=4363, commits[912a7d3b-e3f1-4985-b06b-5f0a929b8060:c4365]
2019-07-13 08:33:03,383 INFO  client.GrpcClientProtocolClient (GrpcClientProtocolClient.java:onNext(255)) - client-0616CB290F12->912a7d3b-e3f1-4985-b06b-5f0a929b8060: receive RaftClientReply:client-0616CB290F12->912a7d3b-e3f1-4985-b06b-5f0a929b8060@group-3636E5E7603C, cid=3071, SUCCESS, logIndex=4364, commits[912a7d3b-e3f1-4985-b06b-5f0a929b8060:c4366]
2019-07-13 08:33:03,383 INFO  client.GrpcClientProtocolClient (GrpcClientProtocolClient.java:onNext(255)) - client-0616CB290F12->912a7d3b-e3f1-4985-b06b-5f0a929b8060: receive RaftClientReply:client-0616CB290F12->912a7d3b-e3f1-4985-b06b-5f0a929b8060@group-3636E5E7603C, cid=3072, SUCCESS, logIndex=4365, commits[912a7d3b-e3f1-4985-b06b-5f0a929b8060:c4366]
2019-07-13 08:33:03,415 INFO  client.GrpcClientProtocolClient (GrpcClientProtocolClient.java:onNext(255)) - client-0616CB290F12->912a7d3b-e3f1-4985-b06b-5f0a929b8060: receive RaftClientReply:client-0616CB290F12->912a7d3b-e3f1-4985-b06b-5f0a929b8060@group-3636E5E7603C, cid=3073, SUCCESS, logIndex=4367, commits[912a7d3b-e3f1-4985-b06b-5f0a929b8060:c4368]
2019-07-13 08:33:03,415 INFO  client.GrpcClientProtocolClient (GrpcClientProtocolClient.java:onNext(255)) - client-0616CB290F12->912a7d3b-e3f1-4985-b06b-5f0a929b8060: receive RaftClientReply:client-0616CB290F12->912a7d3b-e3f1-4985-b06b-5f0a929b8060@group-3636E5E7603C, cid=3074, SUCCESS, logIndex=4368, commits[912a7d3b-e3f1-4985-b06b-5f0a929b8060:c4370]
2019-07-13 08:33:03,415 INFO  client.GrpcClientProtocolClient (GrpcClientProtocolClient.java:onNext(255)) - client-0616CB290F12->912a7d3b-e3f1-4985-b06b-5f0a929b8060: receive RaftClientReply:client-0616CB290F12->912a7d3b-e3f1-4985-b06b-5f0a929b8060@group-3636E5E7603C, cid=3075, SUCCESS, logIndex=4369, commits[912a7d3b-e3f1-4985-b06b-5f0a929b8060:c4370]
2019-07-13 08:33:03,416 INFO  client.GrpcClientProtocolClient (GrpcClientProtocolClient.java:onNext(255)) - client-0616CB290F12->912a7d3b-e3f1-4985-b06b-5f0a929b8060: receive RaftClientReply:client-0616CB290F12->912a7d3b-e3f1-4985-b06b-5f0a929b8060@group-3636E5E7603C, cid=3076, SUCCESS, logIndex=4370, commits[912a7d3b-e3f1-4985-b06b-5f0a929b8060:c4371]
2019-07-13 08:33:03,435 INFO  client.GrpcClientProtocolClient (GrpcClientProtocolClient.java:onNext(255)) - client-0616CB290F12->912a7d3b-e3f1-4985-b06b-5f0a929b8060: receive RaftClientReply:client-0616CB290F12->912a7d3b-e3f1-4985-b06b-5f0a929b8060@group-3636E5E7603C, cid=3077, SUCCESS, logIndex=4373, commits[912a7d3b-e3f1-4985-b06b-5f0a929b8060:c4374]
2019-07-13 08:33:03,435 INFO  client.GrpcClientProtocolClient (GrpcClientProtocolClient.java:onNext(255)) - client-0616CB290F12->912a7d3b-e3f1-4985-b06b-5f0a929b8060: receive RaftClientReply:client-0616CB290F12->912a7d3b-e3f1-4985-b06b-5f0a929b8060@group-3636E5E7603C, cid=3078, SUCCESS, logIndex=4374, commits[912a7d3b-e3f1-4985-b06b-5f0a929b8060:c4374]
2019-07-13 08:33:03,437 INFO  client.GrpcClientProtocolClient (GrpcClientProtocolClient.java:onNext(255)) - client-0616CB290F12->912a7d3b-e3f1-4985-b06b-5f0a929b8060: receive RaftClientReply:client-0616CB290F12->912a7d3b-e3f1-4985-b06b-5f0a929b8060@group-3636E5E7603C, cid=3079, SUCCESS, logIndex=4375, commits[912a7d3b-e3f1-4985-b06b-5f0a929b8060:c4376]
2019-07-13 08:33:03,438 INFO  client.GrpcClientProtocolClient (GrpcClientProtocolClient.java:onNext(255)) - client-0616CB290F12->912a7d3b-e3f1-4985-b06b-5f0a929b8060: receive RaftClientReply:client-0616CB290F12->912a7d3b-e3f1-4985-b06b-5f0a929b8060@group-3636E5E7603C, cid=3080, SUCCESS, logIndex=4376, commits[912a7d3b-e3f1-4985-b06b-5f0a929b8060:c4376]
2019-07-13 08:33:03,466 DEBUG block.SCMBlockDeletingService (SCMBlockDeletingService.java:call(138)) - Running DeletedBlockTransactionScanner
2019-07-13 08:33:03,466 DEBUG block.SCMBlockDeletingService (SCMBlockDeletingService.java:call(155)) - Scanned deleted blocks log and got 0 delTX to process.
2019-07-13 08:33:03,477 INFO  client.GrpcClientProtocolClient (GrpcClientProtocolClient.java:onNext(255)) - client-0616CB290F12->912a7d3b-e3f1-4985-b06b-5f0a929b8060: receive RaftClientReply:client-0616CB290F12->912a7d3b-e3f1-4985-b06b-5f0a929b8060@group-3636E5E7603C, cid=3081, SUCCESS, logIndex=4379, commits[912a7d3b-e3f1-4985-b06b-5f0a929b8060:c4380]
2019-07-13 08:33:03,478 INFO  client.GrpcClientProtocolClient (GrpcClientProtocolClient.java:onNext(255)) - client-0616CB290F12->912a7d3b-e3f1-4985-b06b-5f0a929b8060: receive RaftClientReply:client-0616CB290F12->912a7d3b-e3f1-4985-b06b-5f0a929b8060@group-3636E5E7603C, cid=3082, SUCCESS, logIndex=4380, commits[912a7d3b-e3f1-4985-b06b-5f0a929b8060:c4382]
2019-07-13 08:33:03,478 INFO  client.GrpcClientProtocolClient (GrpcClientProtocolClient.java:onNext(255)) - client-0616CB290F12->912a7d3b-e3f1-4985-b06b-5f0a929b8060: receive RaftClientReply:client-0616CB290F12->912a7d3b-e3f1-4985-b06b-5f0a929b8060@group-3636E5E7603C, cid=3083, SUCCESS, logIndex=4381, commits[912a7d3b-e3f1-4985-b06b-5f0a929b8060:c4383]
2019-07-13 08:33:03,478 INFO  client.GrpcClientProtocolClient (GrpcClientProtocolClient.java:onNext(255)) - client-0616CB290F12->912a7d3b-e3f1-4985-b06b-5f0a929b8060: receive RaftClientReply:client-0616CB290F12->912a7d3b-e3f1-4985-b06b-5f0a929b8060@group-3636E5E7603C, cid=3084, SUCCESS, logIndex=4382, commits[912a7d3b-e3f1-4985-b06b-5f0a929b8060:c4383]
2019-07-13 08:33:03,501 INFO  client.GrpcClientProtocolClient (GrpcClientProtocolClient.java:onNext(255)) - client-0616CB290F12->912a7d3b-e3f1-4985-b06b-5f0a929b8060: receive RaftClientReply:client-0616CB290F12->912a7d3b-e3f1-4985-b06b-5f0a929b8060@group-3636E5E7603C, cid=3085, SUCCESS, logIndex=4385, commits[912a7d3b-e3f1-4985-b06b-5f0a929b8060:c4388]
2019-07-13 08:33:03,580 DEBUG block.SCMBlockDeletingService (SCMBlockDeletingService.java:call(138)) - Running DeletedBlockTransactionScanner
2019-07-13 08:33:03,581 DEBUG block.SCMBlockDeletingService (SCMBlockDeletingService.java:call(155)) - Scanned deleted blocks log and got 0 delTX to process.
2019-07-13 08:33:03,581 INFO  client.GrpcClientProtocolClient (GrpcClientProtocolClient.java:onNext(255)) - client-0616CB290F12->912a7d3b-e3f1-4985-b06b-5f0a929b8060: receive RaftClientReply:client-0616CB290F12->912a7d3b-e3f1-4985-b06b-5f0a929b8060@group-3636E5E7603C, cid=3086, SUCCESS, logIndex=4386, commits[912a7d3b-e3f1-4985-b06b-5f0a929b8060:c4389]
2019-07-13 08:33:03,581 INFO  client.GrpcClientProtocolClient (GrpcClientProtocolClient.java:onNext(255)) - client-0616CB290F12->912a7d3b-e3f1-4985-b06b-5f0a929b8060: receive RaftClientReply:client-0616CB290F12->912a7d3b-e3f1-4985-b06b-5f0a929b8060@group-3636E5E7603C, cid=3087, SUCCESS, logIndex=4387, commits[912a7d3b-e3f1-4985-b06b-5f0a929b8060:c4389]
2019-07-13 08:33:03,582 INFO  client.GrpcClientProtocolClient (GrpcClientProtocolClient.java:onNext(255)) - client-0616CB290F12->912a7d3b-e3f1-4985-b06b-5f0a929b8060: receive RaftClientReply:client-0616CB290F12->912a7d3b-e3f1-4985-b06b-5f0a929b8060@group-3636E5E7603C, cid=3088, SUCCESS, logIndex=4388, commits[912a7d3b-e3f1-4985-b06b-5f0a929b8060:c4389]
2019-07-13 08:33:03,618 INFO  client.GrpcClientProtocolClient (GrpcClientProtocolClient.java:onNext(255)) - client-0616CB290F12->912a7d3b-e3f1-4985-b06b-5f0a929b8060: receive RaftClientReply:client-0616CB290F12->912a7d3b-e3f1-4985-b06b-5f0a929b8060@group-3636E5E7603C, cid=3089, SUCCESS, logIndex=4390, commits[912a7d3b-e3f1-4985-b06b-5f0a929b8060:c4393]
2019-07-13 08:33:03,618 INFO  client.GrpcClientProtocolClient (GrpcClientProtocolClient.java:onNext(255)) - client-0616CB290F12->912a7d3b-e3f1-4985-b06b-5f0a929b8060: receive RaftClientReply:client-0616CB290F12->912a7d3b-e3f1-4985-b06b-5f0a929b8060@group-3636E5E7603C, cid=3090, SUCCESS, logIndex=4391, commits[912a7d3b-e3f1-4985-b06b-5f0a929b8060:c4394]
2019-07-13 08:33:03,619 INFO  client.GrpcClientProtocolClient (GrpcClientProtocolClient.java:onNext(255)) - client-0616CB290F12->912a7d3b-e3f1-4985-b06b-5f0a929b8060: receive RaftClientReply:client-0616CB290F12->912a7d3b-e3f1-4985-b06b-5f0a929b8060@group-3636E5E7603C, cid=3091, SUCCESS, logIndex=4392, commits[912a7d3b-e3f1-4985-b06b-5f0a929b8060:c4394]
2019-07-13 08:33:03,619 INFO  client.GrpcClientProtocolClient (GrpcClientProtocolClient.java:onNext(255)) - client-0616CB290F12->912a7d3b-e3f1-4985-b06b-5f0a929b8060: receive RaftClientReply:client-0616CB290F12->912a7d3b-e3f1-4985-b06b-5f0a929b8060@group-3636E5E7603C, cid=3092, SUCCESS, logIndex=4393, commits[912a7d3b-e3f1-4985-b06b-5f0a929b8060:c4394]
2019-07-13 08:33:03,651 INFO  client.GrpcClientProtocolClient (GrpcClientProtocolClient.java:onNext(255)) - client-0616CB290F12->912a7d3b-e3f1-4985-b06b-5f0a929b8060: receive RaftClientReply:client-0616CB290F12->912a7d3b-e3f1-4985-b06b-5f0a929b8060@group-3636E5E7603C, cid=3093, SUCCESS, logIndex=4395, commits[912a7d3b-e3f1-4985-b06b-5f0a929b8060:c4396]
2019-07-13 08:33:03,651 INFO  client.GrpcClientProtocolClient (GrpcClientProtocolClient.java:onNext(255)) - client-0616CB290F12->912a7d3b-e3f1-4985-b06b-5f0a929b8060: receive RaftClientReply:client-0616CB290F12->912a7d3b-e3f1-4985-b06b-5f0a929b8060@group-3636E5E7603C, cid=3094, SUCCESS, logIndex=4396, commits[912a7d3b-e3f1-4985-b06b-5f0a929b8060:c4396]
2019-07-13 08:33:03,681 DEBUG block.SCMBlockDeletingService (SCMBlockDeletingService.java:call(138)) - Running DeletedBlockTransactionScanner
2019-07-13 08:33:03,681 DEBUG block.SCMBlockDeletingService (SCMBlockDeletingService.java:call(155)) - Scanned deleted blocks log and got 0 delTX to process.
2019-07-13 08:33:03,748 INFO  client.GrpcClientProtocolClient (GrpcClientProtocolClient.java:onNext(255)) - client-0616CB290F12->912a7d3b-e3f1-4985-b06b-5f0a929b8060: receive RaftClientReply:client-0616CB290F12->912a7d3b-e3f1-4985-b06b-5f0a929b8060@group-3636E5E7603C, cid=3095, SUCCESS, logIndex=4398, commits[912a7d3b-e3f1-4985-b06b-5f0a929b8060:c4399]
2019-07-13 08:33:03,749 INFO  client.GrpcClientProtocolClient (GrpcClientProtocolClient.java:onNext(255)) - client-0616CB290F12->912a7d3b-e3f1-4985-b06b-5f0a929b8060: receive RaftClientReply:client-0616CB290F12->912a7d3b-e3f1-4985-b06b-5f0a929b8060@group-3636E5E7603C, cid=3096, SUCCESS, logIndex=4399, commits[912a7d3b-e3f1-4985-b06b-5f0a929b8060:c4400]
2019-07-13 08:33:03,782 DEBUG block.SCMBlockDeletingService (SCMBlockDeletingService.java:call(138)) - Running DeletedBlockTransactionScanner
2019-07-13 08:33:03,782 DEBUG block.SCMBlockDeletingService (SCMBlockDeletingService.java:call(155)) - Scanned deleted blocks log and got 0 delTX to process.
2019-07-13 08:33:03,784 INFO  client.GrpcClientProtocolClient (GrpcClientProtocolClient.java:onNext(255)) - client-0616CB290F12->912a7d3b-e3f1-4985-b06b-5f0a929b8060: receive RaftClientReply:client-0616CB290F12->912a7d3b-e3f1-4985-b06b-5f0a929b8060@group-3636E5E7603C, cid=3097, SUCCESS, logIndex=4401, commits[912a7d3b-e3f1-4985-b06b-5f0a929b8060:c4404]
2019-07-13 08:33:03,784 INFO  client.GrpcClientProtocolClient (GrpcClientProtocolClient.java:onNext(255)) - client-0616CB290F12->912a7d3b-e3f1-4985-b06b-5f0a929b8060: receive RaftClientReply:client-0616CB290F12->912a7d3b-e3f1-4985-b06b-5f0a929b8060@group-3636E5E7603C, cid=3098, SUCCESS, logIndex=4402, commits[912a7d3b-e3f1-4985-b06b-5f0a929b8060:c4404]
2019-07-13 08:33:03,784 INFO  client.GrpcClientProtocolClient (GrpcClientProtocolClient.java:onNext(255)) - client-0616CB290F12->912a7d3b-e3f1-4985-b06b-5f0a929b8060: receive RaftClientReply:client-0616CB290F12->912a7d3b-e3f1-4985-b06b-5f0a929b8060@group-3636E5E7603C, cid=3099, SUCCESS, logIndex=4403, commits[912a7d3b-e3f1-4985-b06b-5f0a929b8060:c4404]
2019-07-13 08:33:03,785 INFO  client.GrpcClientProtocolClient (GrpcClientProtocolClient.java:onNext(255)) - client-0616CB290F12->912a7d3b-e3f1-4985-b06b-5f0a929b8060: receive RaftClientReply:client-0616CB290F12->912a7d3b-e3f1-4985-b06b-5f0a929b8060@group-3636E5E7603C, cid=3100, SUCCESS, logIndex=4404, commits[912a7d3b-e3f1-4985-b06b-5f0a929b8060:c4404]
2019-07-13 08:33:03,807 INFO  client.GrpcClientProtocolClient (GrpcClientProtocolClient.java:onNext(255)) - client-0616CB290F12->912a7d3b-e3f1-4985-b06b-5f0a929b8060: receive RaftClientReply:client-0616CB290F12->912a7d3b-e3f1-4985-b06b-5f0a929b8060@group-3636E5E7603C, cid=3101, SUCCESS, logIndex=4406, commits[912a7d3b-e3f1-4985-b06b-5f0a929b8060:c4409]
2019-07-13 08:33:03,807 INFO  client.GrpcClientProtocolClient (GrpcClientProtocolClient.java:onNext(255)) - client-0616CB290F12->912a7d3b-e3f1-4985-b06b-5f0a929b8060: receive RaftClientReply:client-0616CB290F12->912a7d3b-e3f1-4985-b06b-5f0a929b8060@group-3636E5E7603C, cid=3102, SUCCESS, logIndex=4407, commits[912a7d3b-e3f1-4985-b06b-5f0a929b8060:c4409]
2019-07-13 08:33:03,807 INFO  client.GrpcClientProtocolClient (GrpcClientProtocolClient.java:onNext(255)) - client-0616CB290F12->912a7d3b-e3f1-4985-b06b-5f0a929b8060: receive RaftClientReply:client-0616CB290F12->912a7d3b-e3f1-4985-b06b-5f0a929b8060@group-3636E5E7603C, cid=3103, SUCCESS, logIndex=4408, commits[912a7d3b-e3f1-4985-b06b-5f0a929b8060:c4410]
2019-07-13 08:33:03,808 INFO  client.GrpcClientProtocolClient (GrpcClientProtocolClient.java:onNext(255)) - client-0616CB290F12->912a7d3b-e3f1-4985-b06b-5f0a929b8060: receive RaftClientReply:client-0616CB290F12->912a7d3b-e3f1-4985-b06b-5f0a929b8060@group-3636E5E7603C, cid=3104, SUCCESS, logIndex=4409, commits[912a7d3b-e3f1-4985-b06b-5f0a929b8060:c4410]
2019-07-13 08:33:03,843 INFO  client.GrpcClientProtocolClient (GrpcClientProtocolClient.java:onNext(255)) - client-0616CB290F12->912a7d3b-e3f1-4985-b06b-5f0a929b8060: receive RaftClientReply:client-0616CB290F12->912a7d3b-e3f1-4985-b06b-5f0a929b8060@group-3636E5E7603C, cid=3105, SUCCESS, logIndex=4411, commits[912a7d3b-e3f1-4985-b06b-5f0a929b8060:c4414]
2019-07-13 08:33:03,843 INFO  client.GrpcClientProtocolClient (GrpcClientProtocolClient.java:onNext(255)) - client-0616CB290F12->912a7d3b-e3f1-4985-b06b-5f0a929b8060: receive RaftClientReply:client-0616CB290F12->912a7d3b-e3f1-4985-b06b-5f0a929b8060@group-3636E5E7603C, cid=3106, SUCCESS, logIndex=4412, commits[912a7d3b-e3f1-4985-b06b-5f0a929b8060:c4414]
2019-07-13 08:33:03,844 INFO  client.GrpcClientProtocolClient (GrpcClientProtocolClient.java:onNext(255)) - client-0616CB290F12->912a7d3b-e3f1-4985-b06b-5f0a929b8060: receive RaftClientReply:client-0616CB290F12->912a7d3b-e3f1-4985-b06b-5f0a929b8060@group-3636E5E7603C, cid=3107, SUCCESS, logIndex=4413, commits[912a7d3b-e3f1-4985-b06b-5f0a929b8060:c4414]
2019-07-13 08:33:03,844 INFO  client.GrpcClientProtocolClient (GrpcClientProtocolClient.java:onNext(255)) - client-0616CB290F12->912a7d3b-e3f1-4985-b06b-5f0a929b8060: receive RaftClientReply:client-0616CB290F12->912a7d3b-e3f1-4985-b06b-5f0a929b8060@group-3636E5E7603C, cid=3108, SUCCESS, logIndex=4414, commits[912a7d3b-e3f1-4985-b06b-5f0a929b8060:c4414]
2019-07-13 08:33:03,864 INFO  client.GrpcClientProtocolClient (GrpcClientProtocolClient.java:onNext(255)) - client-0616CB290F12->912a7d3b-e3f1-4985-b06b-5f0a929b8060: receive RaftClientReply:client-0616CB290F12->912a7d3b-e3f1-4985-b06b-5f0a929b8060@group-3636E5E7603C, cid=3109, SUCCESS, logIndex=4416, commits[912a7d3b-e3f1-4985-b06b-5f0a929b8060:c4417]
2019-07-13 08:33:03,864 INFO  client.GrpcClientProtocolClient (GrpcClientProtocolClient.java:onNext(255)) - client-0616CB290F12->912a7d3b-e3f1-4985-b06b-5f0a929b8060: receive RaftClientReply:client-0616CB290F12->912a7d3b-e3f1-4985-b06b-5f0a929b8060@group-3636E5E7603C, cid=3110, SUCCESS, logIndex=4417, commits[912a7d3b-e3f1-4985-b06b-5f0a929b8060:c4419]
2019-07-13 08:33:03,865 INFO  client.GrpcClientProtocolClient (GrpcClientProtocolClient.java:onNext(255)) - client-0616CB290F12->912a7d3b-e3f1-4985-b06b-5f0a929b8060: receive RaftClientReply:client-0616CB290F12->912a7d3b-e3f1-4985-b06b-5f0a929b8060@group-3636E5E7603C, cid=3111, SUCCESS, logIndex=4418, commits[912a7d3b-e3f1-4985-b06b-5f0a929b8060:c4420]
2019-07-13 08:33:03,865 INFO  client.GrpcClientProtocolClient (GrpcClientProtocolClient.java:onNext(255)) - client-0616CB290F12->912a7d3b-e3f1-4985-b06b-5f0a929b8060: receive RaftClientReply:client-0616CB290F12->912a7d3b-e3f1-4985-b06b-5f0a929b8060@group-3636E5E7603C, cid=3112, SUCCESS, logIndex=4419, commits[912a7d3b-e3f1-4985-b06b-5f0a929b8060:c4420]
2019-07-13 08:33:03,882 DEBUG block.SCMBlockDeletingService (SCMBlockDeletingService.java:call(138)) - Running DeletedBlockTransactionScanner
2019-07-13 08:33:03,883 DEBUG block.SCMBlockDeletingService (SCMBlockDeletingService.java:call(155)) - Scanned deleted blocks log and got 0 delTX to process.
2019-07-13 08:33:03,896 INFO  client.GrpcClientProtocolClient (GrpcClientProtocolClient.java:onNext(255)) - client-0616CB290F12->912a7d3b-e3f1-4985-b06b-5f0a929b8060: receive RaftClientReply:client-0616CB290F12->912a7d3b-e3f1-4985-b06b-5f0a929b8060@group-3636E5E7603C, cid=3113, SUCCESS, logIndex=4422, commits[912a7d3b-e3f1-4985-b06b-5f0a929b8060:c4425]
2019-07-13 08:33:03,897 INFO  client.GrpcClientProtocolClient (GrpcClientProtocolClient.java:onNext(255)) - client-0616CB290F12->912a7d3b-e3f1-4985-b06b-5f0a929b8060: receive RaftClientReply:client-0616CB290F12->912a7d3b-e3f1-4985-b06b-5f0a929b8060@group-3636E5E7603C, cid=3114, SUCCESS, logIndex=4423, commits[912a7d3b-e3f1-4985-b06b-5f0a929b8060:c4426]
2019-07-13 08:33:03,897 INFO  client.GrpcClientProtocolClient (GrpcClientProtocolClient.java:onNext(255)) - client-0616CB290F12->912a7d3b-e3f1-4985-b06b-5f0a929b8060: receive RaftClientReply:client-0616CB290F12->912a7d3b-e3f1-4985-b06b-5f0a929b8060@group-3636E5E7603C, cid=3115, SUCCESS, logIndex=4424, commits[912a7d3b-e3f1-4985-b06b-5f0a929b8060:c4426]
2019-07-13 08:33:03,898 INFO  client.GrpcClientProtocolClient (GrpcClientProtocolClient.java:onNext(255)) - client-0616CB290F12->912a7d3b-e3f1-4985-b06b-5f0a929b8060: receive RaftClientReply:client-0616CB290F12->912a7d3b-e3f1-4985-b06b-5f0a929b8060@group-3636E5E7603C, cid=3116, SUCCESS, logIndex=4425, commits[912a7d3b-e3f1-4985-b06b-5f0a929b8060:c4426]
2019-07-13 08:33:03,918 INFO  client.GrpcClientProtocolClient (GrpcClientProtocolClient.java:onNext(255)) - client-0616CB290F12->912a7d3b-e3f1-4985-b06b-5f0a929b8060: receive RaftClientReply:client-0616CB290F12->912a7d3b-e3f1-4985-b06b-5f0a929b8060@group-3636E5E7603C, cid=3117, SUCCESS, logIndex=4427, commits[912a7d3b-e3f1-4985-b06b-5f0a929b8060:c4428]
2019-07-13 08:33:03,919 INFO  client.GrpcClientProtocolClient (GrpcClientProtocolClient.java:onNext(255)) - client-0616CB290F12->912a7d3b-e3f1-4985-b06b-5f0a929b8060: receive RaftClientReply:client-0616CB290F12->912a7d3b-e3f1-4985-b06b-5f0a929b8060@group-3636E5E7603C, cid=3118, SUCCESS, logIndex=4428, commits[912a7d3b-e3f1-4985-b06b-5f0a929b8060:c4430]
2019-07-13 08:33:03,919 INFO  client.GrpcClientProtocolClient (GrpcClientProtocolClient.java:onNext(255)) - client-0616CB290F12->912a7d3b-e3f1-4985-b06b-5f0a929b8060: receive RaftClientReply:client-0616CB290F12->912a7d3b-e3f1-4985-b06b-5f0a929b8060@group-3636E5E7603C, cid=3119, SUCCESS, logIndex=4429, commits[912a7d3b-e3f1-4985-b06b-5f0a929b8060:c4431]
2019-07-13 08:33:03,920 INFO  client.GrpcClientProtocolClient (GrpcClientProtocolClient.java:onNext(255)) - client-0616CB290F12->912a7d3b-e3f1-4985-b06b-5f0a929b8060: receive RaftClientReply:client-0616CB290F12->912a7d3b-e3f1-4985-b06b-5f0a929b8060@group-3636E5E7603C, cid=3120, SUCCESS, logIndex=4430, commits[912a7d3b-e3f1-4985-b06b-5f0a929b8060:c4432]
2019-07-13 08:33:03,956 INFO  client.GrpcClientProtocolClient (GrpcClientProtocolClient.java:onNext(255)) - client-0616CB290F12->912a7d3b-e3f1-4985-b06b-5f0a929b8060: receive RaftClientReply:client-0616CB290F12->912a7d3b-e3f1-4985-b06b-5f0a929b8060@group-3636E5E7603C, cid=3121, SUCCESS, logIndex=4433, commits[912a7d3b-e3f1-4985-b06b-5f0a929b8060:c4436]
2019-07-13 08:33:03,957 INFO  client.GrpcClientProtocolClient (GrpcClientProtocolClient.java:onNext(255)) - client-0616CB290F12->912a7d3b-e3f1-4985-b06b-5f0a929b8060: receive RaftClientReply:client-0616CB290F12->912a7d3b-e3f1-4985-b06b-5f0a929b8060@group-3636E5E7603C, cid=3122, SUCCESS, logIndex=4434, commits[912a7d3b-e3f1-4985-b06b-5f0a929b8060:c4437]
2019-07-13 08:33:03,957 INFO  client.GrpcClientProtocolClient (GrpcClientProtocolClient.java:onNext(255)) - client-0616CB290F12->912a7d3b-e3f1-4985-b06b-5f0a929b8060: receive RaftClientReply:client-0616CB290F12->912a7d3b-e3f1-4985-b06b-5f0a929b8060@group-3636E5E7603C, cid=3123, SUCCESS, logIndex=4435, commits[912a7d3b-e3f1-4985-b06b-5f0a929b8060:c4437]
2019-07-13 08:33:03,957 INFO  client.GrpcClientProtocolClient (GrpcClientProtocolClient.java:onNext(255)) - client-0616CB290F12->912a7d3b-e3f1-4985-b06b-5f0a929b8060: receive RaftClientReply:client-0616CB290F12->912a7d3b-e3f1-4985-b06b-5f0a929b8060@group-3636E5E7603C, cid=3124, SUCCESS, logIndex=4436, commits[912a7d3b-e3f1-4985-b06b-5f0a929b8060:c4437]
2019-07-13 08:33:03,978 INFO  client.GrpcClientProtocolClient (GrpcClientProtocolClient.java:onNext(255)) - client-0616CB290F12->912a7d3b-e3f1-4985-b06b-5f0a929b8060: receive RaftClientReply:client-0616CB290F12->912a7d3b-e3f1-4985-b06b-5f0a929b8060@group-3636E5E7603C, cid=3125, SUCCESS, logIndex=4438, commits[912a7d3b-e3f1-4985-b06b-5f0a929b8060:c4439]
2019-07-13 08:33:03,978 INFO  client.GrpcClientProtocolClient (GrpcClientProtocolClient.java:onNext(255)) - client-0616CB290F12->912a7d3b-e3f1-4985-b06b-5f0a929b8060: receive RaftClientReply:client-0616CB290F12->912a7d3b-e3f1-4985-b06b-5f0a929b8060@group-3636E5E7603C, cid=3126, SUCCESS, logIndex=4439, commits[912a7d3b-e3f1-4985-b06b-5f0a929b8060:c4441]
2019-07-13 08:33:03,978 INFO  client.GrpcClientProtocolClient (GrpcClientProtocolClient.java:onNext(255)) - client-0616CB290F12->912a7d3b-e3f1-4985-b06b-5f0a929b8060: receive RaftClientReply:client-0616CB290F12->912a7d3b-e3f1-4985-b06b-5f0a929b8060@group-3636E5E7603C, cid=3127, SUCCESS, logIndex=4440, commits[912a7d3b-e3f1-4985-b06b-5f0a929b8060:c4442]
2019-07-13 08:33:03,979 INFO  client.GrpcClientProtocolClient (GrpcClientProtocolClient.java:onNext(255)) - client-0616CB290F12->912a7d3b-e3f1-4985-b06b-5f0a929b8060: receive RaftClientReply:client-0616CB290F12->912a7d3b-e3f1-4985-b06b-5f0a929b8060@group-3636E5E7603C, cid=3128, SUCCESS, logIndex=4441, commits[912a7d3b-e3f1-4985-b06b-5f0a929b8060:c4442]
2019-07-13 08:33:03,983 DEBUG block.SCMBlockDeletingService (SCMBlockDeletingService.java:call(138)) - Running DeletedBlockTransactionScanner
2019-07-13 08:33:03,983 DEBUG block.SCMBlockDeletingService (SCMBlockDeletingService.java:call(155)) - Scanned deleted blocks log and got 0 delTX to process.
2019-07-13 08:33:04,009 INFO  client.GrpcClientProtocolClient (GrpcClientProtocolClient.java:onNext(255)) - client-0616CB290F12->912a7d3b-e3f1-4985-b06b-5f0a929b8060: receive RaftClientReply:client-0616CB290F12->912a7d3b-e3f1-4985-b06b-5f0a929b8060@group-3636E5E7603C, cid=3129, SUCCESS, logIndex=4444, commits[912a7d3b-e3f1-4985-b06b-5f0a929b8060:c4447]
2019-07-13 08:33:04,009 INFO  client.GrpcClientProtocolClient (GrpcClientProtocolClient.java:onNext(255)) - client-0616CB290F12->912a7d3b-e3f1-4985-b06b-5f0a929b8060: receive RaftClientReply:client-0616CB290F12->912a7d3b-e3f1-4985-b06b-5f0a929b8060@group-3636E5E7603C, cid=3130, SUCCESS, logIndex=4445, commits[912a7d3b-e3f1-4985-b06b-5f0a929b8060:c4447]
2019-07-13 08:33:04,009 INFO  client.GrpcClientProtocolClient (GrpcClientProtocolClient.java:onNext(255)) - client-0616CB290F12->912a7d3b-e3f1-4985-b06b-5f0a929b8060: receive RaftClientReply:client-0616CB290F12->912a7d3b-e3f1-4985-b06b-5f0a929b8060@group-3636E5E7603C, cid=3131, SUCCESS, logIndex=4446, commits[912a7d3b-e3f1-4985-b06b-5f0a929b8060:c4448]
2019-07-13 08:33:04,010 INFO  client.GrpcClientProtocolClient (GrpcClientProtocolClient.java:onNext(255)) - client-0616CB290F12->912a7d3b-e3f1-4985-b06b-5f0a929b8060: receive RaftClientReply:client-0616CB290F12->912a7d3b-e3f1-4985-b06b-5f0a929b8060@group-3636E5E7603C, cid=3132, SUCCESS, logIndex=4447, commits[912a7d3b-e3f1-4985-b06b-5f0a929b8060:c4449]
2019-07-13 08:33:04,030 INFO  client.GrpcClientProtocolClient (GrpcClientProtocolClient.java:onNext(255)) - client-0616CB290F12->912a7d3b-e3f1-4985-b06b-5f0a929b8060: receive RaftClientReply:client-0616CB290F12->912a7d3b-e3f1-4985-b06b-5f0a929b8060@group-3636E5E7603C, cid=3133, SUCCESS, logIndex=4450, commits[912a7d3b-e3f1-4985-b06b-5f0a929b8060:c4451]
2019-07-13 08:33:04,031 INFO  client.GrpcClientProtocolClient (GrpcClientProtocolClient.java:onNext(255)) - client-0616CB290F12->912a7d3b-e3f1-4985-b06b-5f0a929b8060: receive RaftClientReply:client-0616CB290F12->912a7d3b-e3f1-4985-b06b-5f0a929b8060@group-3636E5E7603C, cid=3134, SUCCESS, logIndex=4451, commits[912a7d3b-e3f1-4985-b06b-5f0a929b8060:c4451]
2019-07-13 08:33:04,033 INFO  client.GrpcClientProtocolClient (GrpcClientProtocolClient.java:onNext(255)) - client-0616CB290F12->912a7d3b-e3f1-4985-b06b-5f0a929b8060: receive RaftClientReply:client-0616CB290F12->912a7d3b-e3f1-4985-b06b-5f0a929b8060@group-3636E5E7603C, cid=3135, SUCCESS, logIndex=4452, commits[912a7d3b-e3f1-4985-b06b-5f0a929b8060:c4453]
2019-07-13 08:33:04,033 INFO  client.GrpcClientProtocolClient (GrpcClientProtocolClient.java:onNext(255)) - client-0616CB290F12->912a7d3b-e3f1-4985-b06b-5f0a929b8060: receive RaftClientReply:client-0616CB290F12->912a7d3b-e3f1-4985-b06b-5f0a929b8060@group-3636E5E7603C, cid=3136, SUCCESS, logIndex=4453, commits[912a7d3b-e3f1-4985-b06b-5f0a929b8060:c4453]
2019-07-13 08:33:04,067 INFO  client.GrpcClientProtocolClient (GrpcClientProtocolClient.java:onNext(255)) - client-0616CB290F12->912a7d3b-e3f1-4985-b06b-5f0a929b8060: receive RaftClientReply:client-0616CB290F12->912a7d3b-e3f1-4985-b06b-5f0a929b8060@group-3636E5E7603C, cid=3137, SUCCESS, logIndex=4456, commits[912a7d3b-e3f1-4985-b06b-5f0a929b8060:c4457]
2019-07-13 08:33:04,068 INFO  client.GrpcClientProtocolClient (GrpcClientProtocolClient.java:onNext(255)) - client-0616CB290F12->912a7d3b-e3f1-4985-b06b-5f0a929b8060: receive RaftClientReply:client-0616CB290F12->912a7d3b-e3f1-4985-b06b-5f0a929b8060@group-3636E5E7603C, cid=3138, SUCCESS, logIndex=4457, commits[912a7d3b-e3f1-4985-b06b-5f0a929b8060:c4458]
2019-07-13 08:33:04,084 DEBUG block.SCMBlockDeletingService (SCMBlockDeletingService.java:call(138)) - Running DeletedBlockTransactionScanner
2019-07-13 08:33:04,084 DEBUG block.SCMBlockDeletingService (SCMBlockDeletingService.java:call(155)) - Scanned deleted blocks log and got 0 delTX to process.
2019-07-13 08:33:04,181 INFO  client.GrpcClientProtocolClient (GrpcClientProtocolClient.java:onNext(255)) - client-0616CB290F12->912a7d3b-e3f1-4985-b06b-5f0a929b8060: receive RaftClientReply:client-0616CB290F12->912a7d3b-e3f1-4985-b06b-5f0a929b8060@group-3636E5E7603C, cid=3139, SUCCESS, logIndex=4459, commits[912a7d3b-e3f1-4985-b06b-5f0a929b8060:c4460]
2019-07-13 08:33:04,181 INFO  client.GrpcClientProtocolClient (GrpcClientProtocolClient.java:onNext(255)) - client-0616CB290F12->912a7d3b-e3f1-4985-b06b-5f0a929b8060: receive RaftClientReply:client-0616CB290F12->912a7d3b-e3f1-4985-b06b-5f0a929b8060@group-3636E5E7603C, cid=3140, SUCCESS, logIndex=4460, commits[912a7d3b-e3f1-4985-b06b-5f0a929b8060:c4461]
2019-07-13 08:33:04,184 DEBUG block.SCMBlockDeletingService (SCMBlockDeletingService.java:call(138)) - Running DeletedBlockTransactionScanner
2019-07-13 08:33:04,185 DEBUG block.SCMBlockDeletingService (SCMBlockDeletingService.java:call(155)) - Scanned deleted blocks log and got 0 delTX to process.
2019-07-13 08:33:04,204 INFO  client.GrpcClientProtocolClient (GrpcClientProtocolClient.java:onNext(255)) - client-0616CB290F12->912a7d3b-e3f1-4985-b06b-5f0a929b8060: receive RaftClientReply:client-0616CB290F12->912a7d3b-e3f1-4985-b06b-5f0a929b8060@group-3636E5E7603C, cid=3141, SUCCESS, logIndex=4462, commits[912a7d3b-e3f1-4985-b06b-5f0a929b8060:c4465]
2019-07-13 08:33:04,204 INFO  client.GrpcClientProtocolClient (GrpcClientProtocolClient.java:onNext(255)) - client-0616CB290F12->912a7d3b-e3f1-4985-b06b-5f0a929b8060: receive RaftClientReply:client-0616CB290F12->912a7d3b-e3f1-4985-b06b-5f0a929b8060@group-3636E5E7603C, cid=3142, SUCCESS, logIndex=4463, commits[912a7d3b-e3f1-4985-b06b-5f0a929b8060:c4466]
2019-07-13 08:33:04,204 INFO  client.GrpcClientProtocolClient (GrpcClientProtocolClient.java:onNext(255)) - client-0616CB290F12->912a7d3b-e3f1-4985-b06b-5f0a929b8060: receive RaftClientReply:client-0616CB290F12->912a7d3b-e3f1-4985-b06b-5f0a929b8060@group-3636E5E7603C, cid=3143, SUCCESS, logIndex=4464, commits[912a7d3b-e3f1-4985-b06b-5f0a929b8060:c4466]
2019-07-13 08:33:04,205 INFO  client.GrpcClientProtocolClient (GrpcClientProtocolClient.java:onNext(255)) - client-0616CB290F12->912a7d3b-e3f1-4985-b06b-5f0a929b8060: receive RaftClientReply:client-0616CB290F12->912a7d3b-e3f1-4985-b06b-5f0a929b8060@group-3636E5E7603C, cid=3144, SUCCESS, logIndex=4465, commits[912a7d3b-e3f1-4985-b06b-5f0a929b8060:c4466]
2019-07-13 08:33:04,236 INFO  client.GrpcClientProtocolClient (GrpcClientProtocolClient.java:onNext(255)) - client-0616CB290F12->912a7d3b-e3f1-4985-b06b-5f0a929b8060: receive RaftClientReply:client-0616CB290F12->912a7d3b-e3f1-4985-b06b-5f0a929b8060@group-3636E5E7603C, cid=3145, SUCCESS, logIndex=4467, commits[912a7d3b-e3f1-4985-b06b-5f0a929b8060:c4468]
2019-07-13 08:33:04,237 INFO  client.GrpcClientProtocolClient (GrpcClientProtocolClient.java:onNext(255)) - client-0616CB290F12->912a7d3b-e3f1-4985-b06b-5f0a929b8060: receive RaftClientReply:client-0616CB290F12->912a7d3b-e3f1-4985-b06b-5f0a929b8060@group-3636E5E7603C, cid=3146, SUCCESS, logIndex=4468, commits[912a7d3b-e3f1-4985-b06b-5f0a929b8060:c4468]
2019-07-13 08:33:04,238 INFO  client.GrpcClientProtocolClient (GrpcClientProtocolClient.java:onNext(255)) - client-0616CB290F12->912a7d3b-e3f1-4985-b06b-5f0a929b8060: receive RaftClientReply:client-0616CB290F12->912a7d3b-e3f1-4985-b06b-5f0a929b8060@group-3636E5E7603C, cid=3147, SUCCESS, logIndex=4469, commits[912a7d3b-e3f1-4985-b06b-5f0a929b8060:c4470]
2019-07-13 08:33:04,238 INFO  client.GrpcClientProtocolClient (GrpcClientProtocolClient.java:onNext(255)) - client-0616CB290F12->912a7d3b-e3f1-4985-b06b-5f0a929b8060: receive RaftClientReply:client-0616CB290F12->912a7d3b-e3f1-4985-b06b-5f0a929b8060@group-3636E5E7603C, cid=3148, SUCCESS, logIndex=4470, commits[912a7d3b-e3f1-4985-b06b-5f0a929b8060:c4470]
2019-07-13 08:33:04,249 INFO  client.GrpcClientProtocolClient (GrpcClientProtocolClient.java:onNext(255)) - client-0616CB290F12->912a7d3b-e3f1-4985-b06b-5f0a929b8060: receive RaftClientReply:client-0616CB290F12->912a7d3b-e3f1-4985-b06b-5f0a929b8060@group-3636E5E7603C, cid=3149, SUCCESS, logIndex=4473, commits[912a7d3b-e3f1-4985-b06b-5f0a929b8060:c4476]
2019-07-13 08:33:04,250 INFO  client.GrpcClientProtocolClient (GrpcClientProtocolClient.java:onNext(255)) - client-0616CB290F12->912a7d3b-e3f1-4985-b06b-5f0a929b8060: receive RaftClientReply:client-0616CB290F12->912a7d3b-e3f1-4985-b06b-5f0a929b8060@group-3636E5E7603C, cid=3150, SUCCESS, logIndex=4474, commits[912a7d3b-e3f1-4985-b06b-5f0a929b8060:c4477]
2019-07-13 08:33:04,250 INFO  client.GrpcClientProtocolClient (GrpcClientProtocolClient.java:onNext(255)) - client-0616CB290F12->912a7d3b-e3f1-4985-b06b-5f0a929b8060: receive RaftClientReply:client-0616CB290F12->912a7d3b-e3f1-4985-b06b-5f0a929b8060@group-3636E5E7603C, cid=3151, SUCCESS, logIndex=4475, commits[912a7d3b-e3f1-4985-b06b-5f0a929b8060:c4477]
2019-07-13 08:33:04,250 INFO  client.GrpcClientProtocolClient (GrpcClientProtocolClient.java:onNext(255)) - client-0616CB290F12->912a7d3b-e3f1-4985-b06b-5f0a929b8060: receive RaftClientReply:client-0616CB290F12->912a7d3b-e3f1-4985-b06b-5f0a929b8060@group-3636E5E7603C, cid=3152, SUCCESS, logIndex=4476, commits[912a7d3b-e3f1-4985-b06b-5f0a929b8060:c4477]
2019-07-13 08:33:04,284 INFO  client.GrpcClientProtocolClient (GrpcClientProtocolClient.java:onNext(255)) - client-0616CB290F12->912a7d3b-e3f1-4985-b06b-5f0a929b8060: receive RaftClientReply:client-0616CB290F12->912a7d3b-e3f1-4985-b06b-5f0a929b8060@group-3636E5E7603C, cid=3153, SUCCESS, logIndex=4478, commits[912a7d3b-e3f1-4985-b06b-5f0a929b8060:c4481]
2019-07-13 08:33:04,285 INFO  client.GrpcClientProtocolClient (GrpcClientProtocolClient.java:onNext(255)) - client-0616CB290F12->912a7d3b-e3f1-4985-b06b-5f0a929b8060: receive RaftClientReply:client-0616CB290F12->912a7d3b-e3f1-4985-b06b-5f0a929b8060@group-3636E5E7603C, cid=3154, SUCCESS, logIndex=4479, commits[912a7d3b-e3f1-4985-b06b-5f0a929b8060:c4482]
2019-07-13 08:33:04,285 INFO  client.GrpcClientProtocolClient (GrpcClientProtocolClient.java:onNext(255)) - client-0616CB290F12->912a7d3b-e3f1-4985-b06b-5f0a929b8060: receive RaftClientReply:client-0616CB290F12->912a7d3b-e3f1-4985-b06b-5f0a929b8060@group-3636E5E7603C, cid=3155, SUCCESS, logIndex=4480, commits[912a7d3b-e3f1-4985-b06b-5f0a929b8060:c4482]
2019-07-13 08:33:04,285 DEBUG block.SCMBlockDeletingService (SCMBlockDeletingService.java:call(138)) - Running DeletedBlockTransactionScanner
2019-07-13 08:33:04,285 INFO  client.GrpcClientProtocolClient (GrpcClientProtocolClient.java:onNext(255)) - client-0616CB290F12->912a7d3b-e3f1-4985-b06b-5f0a929b8060: receive RaftClientReply:client-0616CB290F12->912a7d3b-e3f1-4985-b06b-5f0a929b8060@group-3636E5E7603C, cid=3156, SUCCESS, logIndex=4481, commits[912a7d3b-e3f1-4985-b06b-5f0a929b8060:c4482]
2019-07-13 08:33:04,285 DEBUG block.SCMBlockDeletingService (SCMBlockDeletingService.java:call(155)) - Scanned deleted blocks log and got 0 delTX to process.
2019-07-13 08:33:04,305 INFO  client.GrpcClientProtocolClient (GrpcClientProtocolClient.java:onNext(255)) - client-0616CB290F12->912a7d3b-e3f1-4985-b06b-5f0a929b8060: receive RaftClientReply:client-0616CB290F12->912a7d3b-e3f1-4985-b06b-5f0a929b8060@group-3636E5E7603C, cid=3157, SUCCESS, logIndex=4483, commits[912a7d3b-e3f1-4985-b06b-5f0a929b8060:c4484]
2019-07-13 08:33:04,305 INFO  client.GrpcClientProtocolClient (GrpcClientProtocolClient.java:onNext(255)) - client-0616CB290F12->912a7d3b-e3f1-4985-b06b-5f0a929b8060: receive RaftClientReply:client-0616CB290F12->912a7d3b-e3f1-4985-b06b-5f0a929b8060@group-3636E5E7603C, cid=3158, SUCCESS, logIndex=4484, commits[912a7d3b-e3f1-4985-b06b-5f0a929b8060:c4484]
2019-07-13 08:33:04,307 INFO  client.GrpcClientProtocolClient (GrpcClientProtocolClient.java:onNext(255)) - client-0616CB290F12->912a7d3b-e3f1-4985-b06b-5f0a929b8060: receive RaftClientReply:client-0616CB290F12->912a7d3b-e3f1-4985-b06b-5f0a929b8060@group-3636E5E7603C, cid=3159, SUCCESS, logIndex=4485, commits[912a7d3b-e3f1-4985-b06b-5f0a929b8060:c4486]
2019-07-13 08:33:04,307 INFO  client.GrpcClientProtocolClient (GrpcClientProtocolClient.java:onNext(255)) - client-0616CB290F12->912a7d3b-e3f1-4985-b06b-5f0a929b8060: receive RaftClientReply:client-0616CB290F12->912a7d3b-e3f1-4985-b06b-5f0a929b8060@group-3636E5E7603C, cid=3160, SUCCESS, logIndex=4486, commits[912a7d3b-e3f1-4985-b06b-5f0a929b8060:c4486]
2019-07-13 08:33:04,341 INFO  client.GrpcClientProtocolClient (GrpcClientProtocolClient.java:onNext(255)) - client-0616CB290F12->912a7d3b-e3f1-4985-b06b-5f0a929b8060: receive RaftClientReply:client-0616CB290F12->912a7d3b-e3f1-4985-b06b-5f0a929b8060@group-3636E5E7603C, cid=3161, SUCCESS, logIndex=4489, commits[912a7d3b-e3f1-4985-b06b-5f0a929b8060:c4490]
2019-07-13 08:33:04,342 INFO  client.GrpcClientProtocolClient (GrpcClientProtocolClient.java:onNext(255)) - client-0616CB290F12->912a7d3b-e3f1-4985-b06b-5f0a929b8060: receive RaftClientReply:client-0616CB290F12->912a7d3b-e3f1-4985-b06b-5f0a929b8060@group-3636E5E7603C, cid=3162, SUCCESS, logIndex=4490, commits[912a7d3b-e3f1-4985-b06b-5f0a929b8060:c4492]
2019-07-13 08:33:04,342 INFO  client.GrpcClientProtocolClient (GrpcClientProtocolClient.java:onNext(255)) - client-0616CB290F12->912a7d3b-e3f1-4985-b06b-5f0a929b8060: receive RaftClientReply:client-0616CB290F12->912a7d3b-e3f1-4985-b06b-5f0a929b8060@group-3636E5E7603C, cid=3163, SUCCESS, logIndex=4491, commits[912a7d3b-e3f1-4985-b06b-5f0a929b8060:c4493]
2019-07-13 08:33:04,342 INFO  client.GrpcClientProtocolClient (GrpcClientProtocolClient.java:onNext(255)) - client-0616CB290F12->912a7d3b-e3f1-4985-b06b-5f0a929b8060: receive RaftClientReply:client-0616CB290F12->912a7d3b-e3f1-4985-b06b-5f0a929b8060@group-3636E5E7603C, cid=3164, SUCCESS, logIndex=4492, commits[912a7d3b-e3f1-4985-b06b-5f0a929b8060:c4494]
2019-07-13 08:33:04,362 INFO  client.GrpcClientProtocolClient (GrpcClientProtocolClient.java:onNext(255)) - client-0616CB290F12->912a7d3b-e3f1-4985-b06b-5f0a929b8060: receive RaftClientReply:client-0616CB290F12->912a7d3b-e3f1-4985-b06b-5f0a929b8060@group-3636E5E7603C, cid=3165, SUCCESS, logIndex=4495, commits[912a7d3b-e3f1-4985-b06b-5f0a929b8060:c4496]
2019-07-13 08:33:04,362 INFO  client.GrpcClientProtocolClient (GrpcClientProtocolClient.java:onNext(255)) - client-0616CB290F12->912a7d3b-e3f1-4985-b06b-5f0a929b8060: receive RaftClientReply:client-0616CB290F12->912a7d3b-e3f1-4985-b06b-5f0a929b8060@group-3636E5E7603C, cid=3166, SUCCESS, logIndex=4496, commits[912a7d3b-e3f1-4985-b06b-5f0a929b8060:c4498]
2019-07-13 08:33:04,363 INFO  client.GrpcClientProtocolClient (GrpcClientProtocolClient.java:onNext(255)) - client-0616CB290F12->912a7d3b-e3f1-4985-b06b-5f0a929b8060: receive RaftClientReply:client-0616CB290F12->912a7d3b-e3f1-4985-b06b-5f0a929b8060@group-3636E5E7603C, cid=3167, SUCCESS, logIndex=4497, commits[912a7d3b-e3f1-4985-b06b-5f0a929b8060:c4499]
2019-07-13 08:33:04,363 INFO  client.GrpcClientProtocolClient (GrpcClientProtocolClient.java:onNext(255)) - client-0616CB290F12->912a7d3b-e3f1-4985-b06b-5f0a929b8060: receive RaftClientReply:client-0616CB290F12->912a7d3b-e3f1-4985-b06b-5f0a929b8060@group-3636E5E7603C, cid=3168, SUCCESS, logIndex=4498, commits[912a7d3b-e3f1-4985-b06b-5f0a929b8060:c4499]
2019-07-13 08:33:04,386 DEBUG block.SCMBlockDeletingService (SCMBlockDeletingService.java:call(138)) - Running DeletedBlockTransactionScanner
2019-07-13 08:33:04,386 DEBUG block.SCMBlockDeletingService (SCMBlockDeletingService.java:call(155)) - Scanned deleted blocks log and got 0 delTX to process.
2019-07-13 08:33:04,396 INFO  client.GrpcClientProtocolClient (GrpcClientProtocolClient.java:onNext(255)) - client-0616CB290F12->912a7d3b-e3f1-4985-b06b-5f0a929b8060: receive RaftClientReply:client-0616CB290F12->912a7d3b-e3f1-4985-b06b-5f0a929b8060@group-3636E5E7603C, cid=3169, SUCCESS, logIndex=4501, commits[912a7d3b-e3f1-4985-b06b-5f0a929b8060:c4504]
2019-07-13 08:33:04,396 INFO  client.GrpcClientProtocolClient (GrpcClientProtocolClient.java:onNext(255)) - client-0616CB290F12->912a7d3b-e3f1-4985-b06b-5f0a929b8060: receive RaftClientReply:client-0616CB290F12->912a7d3b-e3f1-4985-b06b-5f0a929b8060@group-3636E5E7603C, cid=3170, SUCCESS, logIndex=4502, commits[912a7d3b-e3f1-4985-b06b-5f0a929b8060:c4505]
2019-07-13 08:33:04,397 INFO  client.GrpcClientProtocolClient (GrpcClientProtocolClient.java:onNext(255)) - client-0616CB290F12->912a7d3b-e3f1-4985-b06b-5f0a929b8060: receive RaftClientReply:client-0616CB290F12->912a7d3b-e3f1-4985-b06b-5f0a929b8060@group-3636E5E7603C, cid=3171, SUCCESS, logIndex=4503, commits[912a7d3b-e3f1-4985-b06b-5f0a929b8060:c4505]
2019-07-13 08:33:04,397 INFO  client.GrpcClientProtocolClient (GrpcClientProtocolClient.java:onNext(255)) - client-0616CB290F12->912a7d3b-e3f1-4985-b06b-5f0a929b8060: receive RaftClientReply:client-0616CB290F12->912a7d3b-e3f1-4985-b06b-5f0a929b8060@group-3636E5E7603C, cid=3172, SUCCESS, logIndex=4504, commits[912a7d3b-e3f1-4985-b06b-5f0a929b8060:c4505]
2019-07-13 08:33:04,417 INFO  client.GrpcClientProtocolClient (GrpcClientProtocolClient.java:onNext(255)) - client-0616CB290F12->912a7d3b-e3f1-4985-b06b-5f0a929b8060: receive RaftClientReply:client-0616CB290F12->912a7d3b-e3f1-4985-b06b-5f0a929b8060@group-3636E5E7603C, cid=3173, SUCCESS, logIndex=4506, commits[912a7d3b-e3f1-4985-b06b-5f0a929b8060:c4507]
2019-07-13 08:33:04,417 INFO  client.GrpcClientProtocolClient (GrpcClientProtocolClient.java:onNext(255)) - client-0616CB290F12->912a7d3b-e3f1-4985-b06b-5f0a929b8060: receive RaftClientReply:client-0616CB290F12->912a7d3b-e3f1-4985-b06b-5f0a929b8060@group-3636E5E7603C, cid=3174, SUCCESS, logIndex=4507, commits[912a7d3b-e3f1-4985-b06b-5f0a929b8060:c4509]
2019-07-13 08:33:04,418 INFO  client.GrpcClientProtocolClient (GrpcClientProtocolClient.java:onNext(255)) - client-0616CB290F12->912a7d3b-e3f1-4985-b06b-5f0a929b8060: receive RaftClientReply:client-0616CB290F12->912a7d3b-e3f1-4985-b06b-5f0a929b8060@group-3636E5E7603C, cid=3175, SUCCESS, logIndex=4508, commits[912a7d3b-e3f1-4985-b06b-5f0a929b8060:c4510]
2019-07-13 08:33:04,418 INFO  client.GrpcClientProtocolClient (GrpcClientProtocolClient.java:onNext(255)) - client-0616CB290F12->912a7d3b-e3f1-4985-b06b-5f0a929b8060: receive RaftClientReply:client-0616CB290F12->912a7d3b-e3f1-4985-b06b-5f0a929b8060@group-3636E5E7603C, cid=3176, SUCCESS, logIndex=4509, commits[912a7d3b-e3f1-4985-b06b-5f0a929b8060:c4510]
2019-07-13 08:33:04,451 INFO  client.GrpcClientProtocolClient (GrpcClientProtocolClient.java:onNext(255)) - client-0616CB290F12->912a7d3b-e3f1-4985-b06b-5f0a929b8060: receive RaftClientReply:client-0616CB290F12->912a7d3b-e3f1-4985-b06b-5f0a929b8060@group-3636E5E7603C, cid=3177, SUCCESS, logIndex=4512, commits[912a7d3b-e3f1-4985-b06b-5f0a929b8060:c4513]
2019-07-13 08:33:04,451 INFO  client.GrpcClientProtocolClient (GrpcClientProtocolClient.java:onNext(255)) - client-0616CB290F12->912a7d3b-e3f1-4985-b06b-5f0a929b8060: receive RaftClientReply:client-0616CB290F12->912a7d3b-e3f1-4985-b06b-5f0a929b8060@group-3636E5E7603C, cid=3178, SUCCESS, logIndex=4513, commits[912a7d3b-e3f1-4985-b06b-5f0a929b8060:c4515]
2019-07-13 08:33:04,452 INFO  client.GrpcClientProtocolClient (GrpcClientProtocolClient.java:onNext(255)) - client-0616CB290F12->912a7d3b-e3f1-4985-b06b-5f0a929b8060: receive RaftClientReply:client-0616CB290F12->912a7d3b-e3f1-4985-b06b-5f0a929b8060@group-3636E5E7603C, cid=3179, SUCCESS, logIndex=4514, commits[912a7d3b-e3f1-4985-b06b-5f0a929b8060:c4516]
2019-07-13 08:33:04,452 INFO  client.GrpcClientProtocolClient (GrpcClientProtocolClient.java:onNext(255)) - client-0616CB290F12->912a7d3b-e3f1-4985-b06b-5f0a929b8060: receive RaftClientReply:client-0616CB290F12->912a7d3b-e3f1-4985-b06b-5f0a929b8060@group-3636E5E7603C, cid=3180, SUCCESS, logIndex=4515, commits[912a7d3b-e3f1-4985-b06b-5f0a929b8060:c4517]
2019-07-13 08:33:04,533 DEBUG block.SCMBlockDeletingService (SCMBlockDeletingService.java:call(138)) - Running DeletedBlockTransactionScanner
2019-07-13 08:33:04,533 DEBUG block.SCMBlockDeletingService (SCMBlockDeletingService.java:call(155)) - Scanned deleted blocks log and got 0 delTX to process.
2019-07-13 08:33:04,555 INFO  client.GrpcClientProtocolClient (GrpcClientProtocolClient.java:onNext(255)) - client-0616CB290F12->912a7d3b-e3f1-4985-b06b-5f0a929b8060: receive RaftClientReply:client-0616CB290F12->912a7d3b-e3f1-4985-b06b-5f0a929b8060@group-3636E5E7603C, cid=3181, SUCCESS, logIndex=4518, commits[912a7d3b-e3f1-4985-b06b-5f0a929b8060:c4519]
2019-07-13 08:33:04,555 INFO  client.GrpcClientProtocolClient (GrpcClientProtocolClient.java:onNext(255)) - client-0616CB290F12->912a7d3b-e3f1-4985-b06b-5f0a929b8060: receive RaftClientReply:client-0616CB290F12->912a7d3b-e3f1-4985-b06b-5f0a929b8060@group-3636E5E7603C, cid=3182, SUCCESS, logIndex=4519, commits[912a7d3b-e3f1-4985-b06b-5f0a929b8060:c4519]
2019-07-13 08:33:04,634 DEBUG block.SCMBlockDeletingService (SCMBlockDeletingService.java:call(138)) - Running DeletedBlockTransactionScanner
2019-07-13 08:33:04,634 DEBUG block.SCMBlockDeletingService (SCMBlockDeletingService.java:call(155)) - Scanned deleted blocks log and got 0 delTX to process.
2019-07-13 08:33:04,673 INFO  client.GrpcClientProtocolClient (GrpcClientProtocolClient.java:onNext(255)) - client-0616CB290F12->912a7d3b-e3f1-4985-b06b-5f0a929b8060: receive RaftClientReply:client-0616CB290F12->912a7d3b-e3f1-4985-b06b-5f0a929b8060@group-3636E5E7603C, cid=3183, SUCCESS, logIndex=4521, commits[912a7d3b-e3f1-4985-b06b-5f0a929b8060:c4522]
2019-07-13 08:33:04,674 INFO  client.GrpcClientProtocolClient (GrpcClientProtocolClient.java:onNext(255)) - client-0616CB290F12->912a7d3b-e3f1-4985-b06b-5f0a929b8060: receive RaftClientReply:client-0616CB290F12->912a7d3b-e3f1-4985-b06b-5f0a929b8060@group-3636E5E7603C, cid=3184, SUCCESS, logIndex=4522, commits[912a7d3b-e3f1-4985-b06b-5f0a929b8060:c4523]
2019-07-13 08:33:04,707 INFO  client.GrpcClientProtocolClient (GrpcClientProtocolClient.java:onNext(255)) - client-0616CB290F12->912a7d3b-e3f1-4985-b06b-5f0a929b8060: receive RaftClientReply:client-0616CB290F12->912a7d3b-e3f1-4985-b06b-5f0a929b8060@group-3636E5E7603C, cid=3185, SUCCESS, logIndex=4524, commits[912a7d3b-e3f1-4985-b06b-5f0a929b8060:c4525]
2019-07-13 08:33:04,708 INFO  client.GrpcClientProtocolClient (GrpcClientProtocolClient.java:onNext(255)) - client-0616CB290F12->912a7d3b-e3f1-4985-b06b-5f0a929b8060: receive RaftClientReply:client-0616CB290F12->912a7d3b-e3f1-4985-b06b-5f0a929b8060@group-3636E5E7603C, cid=3186, SUCCESS, logIndex=4525, commits[912a7d3b-e3f1-4985-b06b-5f0a929b8060:c4527]
2019-07-13 08:33:04,708 INFO  client.GrpcClientProtocolClient (GrpcClientProtocolClient.java:onNext(255)) - client-0616CB290F12->912a7d3b-e3f1-4985-b06b-5f0a929b8060: receive RaftClientReply:client-0616CB290F12->912a7d3b-e3f1-4985-b06b-5f0a929b8060@group-3636E5E7603C, cid=3187, SUCCESS, logIndex=4526, commits[912a7d3b-e3f1-4985-b06b-5f0a929b8060:c4527]
2019-07-13 08:33:04,708 INFO  client.GrpcClientProtocolClient (GrpcClientProtocolClient.java:onNext(255)) - client-0616CB290F12->912a7d3b-e3f1-4985-b06b-5f0a929b8060: receive RaftClientReply:client-0616CB290F12->912a7d3b-e3f1-4985-b06b-5f0a929b8060@group-3636E5E7603C, cid=3188, SUCCESS, logIndex=4527, commits[912a7d3b-e3f1-4985-b06b-5f0a929b8060:c4528]
2019-07-13 08:33:04,732 INFO  client.GrpcClientProtocolClient (GrpcClientProtocolClient.java:onNext(255)) - client-0616CB290F12->912a7d3b-e3f1-4985-b06b-5f0a929b8060: receive RaftClientReply:client-0616CB290F12->912a7d3b-e3f1-4985-b06b-5f0a929b8060@group-3636E5E7603C, cid=3189, SUCCESS, logIndex=4530, commits[912a7d3b-e3f1-4985-b06b-5f0a929b8060:c4531]
2019-07-13 08:33:04,733 INFO  client.GrpcClientProtocolClient (GrpcClientProtocolClient.java:onNext(255)) - client-0616CB290F12->912a7d3b-e3f1-4985-b06b-5f0a929b8060: receive RaftClientReply:client-0616CB290F12->912a7d3b-e3f1-4985-b06b-5f0a929b8060@group-3636E5E7603C, cid=3190, SUCCESS, logIndex=4531, commits[912a7d3b-e3f1-4985-b06b-5f0a929b8060:c4531]
2019-07-13 08:33:04,734 DEBUG block.SCMBlockDeletingService (SCMBlockDeletingService.java:call(138)) - Running DeletedBlockTransactionScanner
2019-07-13 08:33:04,735 DEBUG block.SCMBlockDeletingService (SCMBlockDeletingService.java:call(155)) - Scanned deleted blocks log and got 0 delTX to process.
2019-07-13 08:33:04,740 INFO  client.GrpcClientProtocolClient (GrpcClientProtocolClient.java:onNext(255)) - client-0616CB290F12->912a7d3b-e3f1-4985-b06b-5f0a929b8060: receive RaftClientReply:client-0616CB290F12->912a7d3b-e3f1-4985-b06b-5f0a929b8060@group-3636E5E7603C, cid=3191, SUCCESS, logIndex=4532, commits[912a7d3b-e3f1-4985-b06b-5f0a929b8060:c4533]
2019-07-13 08:33:04,741 INFO  client.GrpcClientProtocolClient (GrpcClientProtocolClient.java:onNext(255)) - client-0616CB290F12->912a7d3b-e3f1-4985-b06b-5f0a929b8060: receive RaftClientReply:client-0616CB290F12->912a7d3b-e3f1-4985-b06b-5f0a929b8060@group-3636E5E7603C, cid=3192, SUCCESS, logIndex=4533, commits[912a7d3b-e3f1-4985-b06b-5f0a929b8060:c4534]
2019-07-13 08:33:04,779 INFO  client.GrpcClientProtocolClient (GrpcClientProtocolClient.java:onNext(255)) - client-0616CB290F12->912a7d3b-e3f1-4985-b06b-5f0a929b8060: receive RaftClientReply:client-0616CB290F12->912a7d3b-e3f1-4985-b06b-5f0a929b8060@group-3636E5E7603C, cid=3193, SUCCESS, logIndex=4536, commits[912a7d3b-e3f1-4985-b06b-5f0a929b8060:c4540]
2019-07-13 08:33:04,779 INFO  client.GrpcClientProtocolClient (GrpcClientProtocolClient.java:onNext(255)) - client-0616CB290F12->912a7d3b-e3f1-4985-b06b-5f0a929b8060: receive RaftClientReply:client-0616CB290F12->912a7d3b-e3f1-4985-b06b-5f0a929b8060@group-3636E5E7603C, cid=3194, SUCCESS, logIndex=4537, commits[912a7d3b-e3f1-4985-b06b-5f0a929b8060:c4540]
2019-07-13 08:33:04,780 INFO  client.GrpcClientProtocolClient (GrpcClientProtocolClient.java:onNext(255)) - client-0616CB290F12->912a7d3b-e3f1-4985-b06b-5f0a929b8060: receive RaftClientReply:client-0616CB290F12->912a7d3b-e3f1-4985-b06b-5f0a929b8060@group-3636E5E7603C, cid=3195, SUCCESS, logIndex=4538, commits[912a7d3b-e3f1-4985-b06b-5f0a929b8060:c4540]
2019-07-13 08:33:04,780 INFO  client.GrpcClientProtocolClient (GrpcClientProtocolClient.java:onNext(255)) - client-0616CB290F12->912a7d3b-e3f1-4985-b06b-5f0a929b8060: receive RaftClientReply:client-0616CB290F12->912a7d3b-e3f1-4985-b06b-5f0a929b8060@group-3636E5E7603C, cid=3196, SUCCESS, logIndex=4539, commits[912a7d3b-e3f1-4985-b06b-5f0a929b8060:c4540]
2019-07-13 08:33:04,804 INFO  client.GrpcClientProtocolClient (GrpcClientProtocolClient.java:onNext(255)) - client-0616CB290F12->912a7d3b-e3f1-4985-b06b-5f0a929b8060: receive RaftClientReply:client-0616CB290F12->912a7d3b-e3f1-4985-b06b-5f0a929b8060@group-3636E5E7603C, cid=3197, SUCCESS, logIndex=4541, commits[912a7d3b-e3f1-4985-b06b-5f0a929b8060:c4544]
2019-07-13 08:33:04,804 INFO  client.GrpcClientProtocolClient (GrpcClientProtocolClient.java:onNext(255)) - client-0616CB290F12->912a7d3b-e3f1-4985-b06b-5f0a929b8060: receive RaftClientReply:client-0616CB290F12->912a7d3b-e3f1-4985-b06b-5f0a929b8060@group-3636E5E7603C, cid=3198, SUCCESS, logIndex=4542, commits[912a7d3b-e3f1-4985-b06b-5f0a929b8060:c4545]
2019-07-13 08:33:04,804 INFO  client.GrpcClientProtocolClient (GrpcClientProtocolClient.java:onNext(255)) - client-0616CB290F12->912a7d3b-e3f1-4985-b06b-5f0a929b8060: receive RaftClientReply:client-0616CB290F12->912a7d3b-e3f1-4985-b06b-5f0a929b8060@group-3636E5E7603C, cid=3199, SUCCESS, logIndex=4543, commits[912a7d3b-e3f1-4985-b06b-5f0a929b8060:c4545]
2019-07-13 08:33:04,805 INFO  client.GrpcClientProtocolClient (GrpcClientProtocolClient.java:onNext(255)) - client-0616CB290F12->912a7d3b-e3f1-4985-b06b-5f0a929b8060: receive RaftClientReply:client-0616CB290F12->912a7d3b-e3f1-4985-b06b-5f0a929b8060@group-3636E5E7603C, cid=3200, SUCCESS, logIndex=4544, commits[912a7d3b-e3f1-4985-b06b-5f0a929b8060:c4545]
2019-07-13 08:33:04,835 DEBUG block.SCMBlockDeletingService (SCMBlockDeletingService.java:call(138)) - Running DeletedBlockTransactionScanner
2019-07-13 08:33:04,836 DEBUG block.SCMBlockDeletingService (SCMBlockDeletingService.java:call(155)) - Scanned deleted blocks log and got 0 delTX to process.
2019-07-13 08:33:04,840 INFO  client.GrpcClientProtocolClient (GrpcClientProtocolClient.java:onNext(255)) - client-0616CB290F12->912a7d3b-e3f1-4985-b06b-5f0a929b8060: receive RaftClientReply:client-0616CB290F12->912a7d3b-e3f1-4985-b06b-5f0a929b8060@group-3636E5E7603C, cid=3201, SUCCESS, logIndex=4546, commits[912a7d3b-e3f1-4985-b06b-5f0a929b8060:c4549]
2019-07-13 08:33:04,841 INFO  client.GrpcClientProtocolClient (GrpcClientProtocolClient.java:onNext(255)) - client-0616CB290F12->912a7d3b-e3f1-4985-b06b-5f0a929b8060: receive RaftClientReply:client-0616CB290F12->912a7d3b-e3f1-4985-b06b-5f0a929b8060@group-3636E5E7603C, cid=3202, SUCCESS, logIndex=4547, commits[912a7d3b-e3f1-4985-b06b-5f0a929b8060:c4550]
2019-07-13 08:33:04,841 INFO  client.GrpcClientProtocolClient (GrpcClientProtocolClient.java:onNext(255)) - client-0616CB290F12->912a7d3b-e3f1-4985-b06b-5f0a929b8060: receive RaftClientReply:client-0616CB290F12->912a7d3b-e3f1-4985-b06b-5f0a929b8060@group-3636E5E7603C, cid=3203, SUCCESS, logIndex=4548, commits[912a7d3b-e3f1-4985-b06b-5f0a929b8060:c4550]
2019-07-13 08:33:04,841 INFO  client.GrpcClientProtocolClient (GrpcClientProtocolClient.java:onNext(255)) - client-0616CB290F12->912a7d3b-e3f1-4985-b06b-5f0a929b8060: receive RaftClientReply:client-0616CB290F12->912a7d3b-e3f1-4985-b06b-5f0a929b8060@group-3636E5E7603C, cid=3204, SUCCESS, logIndex=4549, commits[912a7d3b-e3f1-4985-b06b-5f0a929b8060:c4550]
2019-07-13 08:33:04,862 INFO  client.GrpcClientProtocolClient (GrpcClientProtocolClient.java:onNext(255)) - client-0616CB290F12->912a7d3b-e3f1-4985-b06b-5f0a929b8060: receive RaftClientReply:client-0616CB290F12->912a7d3b-e3f1-4985-b06b-5f0a929b8060@group-3636E5E7603C, cid=3205, SUCCESS, logIndex=4551, commits[912a7d3b-e3f1-4985-b06b-5f0a929b8060:c4552]
2019-07-13 08:33:04,863 INFO  client.GrpcClientProtocolClient (GrpcClientProtocolClient.java:onNext(255)) - client-0616CB290F12->912a7d3b-e3f1-4985-b06b-5f0a929b8060: receive RaftClientReply:client-0616CB290F12->912a7d3b-e3f1-4985-b06b-5f0a929b8060@group-3636E5E7603C, cid=3206, SUCCESS, logIndex=4552, commits[912a7d3b-e3f1-4985-b06b-5f0a929b8060:c4552]
2019-07-13 08:33:04,865 INFO  client.GrpcClientProtocolClient (GrpcClientProtocolClient.java:onNext(255)) - client-0616CB290F12->912a7d3b-e3f1-4985-b06b-5f0a929b8060: receive RaftClientReply:client-0616CB290F12->912a7d3b-e3f1-4985-b06b-5f0a929b8060@group-3636E5E7603C, cid=3207, SUCCESS, logIndex=4553, commits[912a7d3b-e3f1-4985-b06b-5f0a929b8060:c4554]
2019-07-13 08:33:04,866 INFO  client.GrpcClientProtocolClient (GrpcClientProtocolClient.java:onNext(255)) - client-0616CB290F12->912a7d3b-e3f1-4985-b06b-5f0a929b8060: receive RaftClientReply:client-0616CB290F12->912a7d3b-e3f1-4985-b06b-5f0a929b8060@group-3636E5E7603C, cid=3208, SUCCESS, logIndex=4554, commits[912a7d3b-e3f1-4985-b06b-5f0a929b8060:c4554]
2019-07-13 08:33:04,900 INFO  client.GrpcClientProtocolClient (GrpcClientProtocolClient.java:onNext(255)) - client-0616CB290F12->912a7d3b-e3f1-4985-b06b-5f0a929b8060: receive RaftClientReply:client-0616CB290F12->912a7d3b-e3f1-4985-b06b-5f0a929b8060@group-3636E5E7603C, cid=3209, SUCCESS, logIndex=4557, commits[912a7d3b-e3f1-4985-b06b-5f0a929b8060:c4560]
2019-07-13 08:33:04,900 INFO  client.GrpcClientProtocolClient (GrpcClientProtocolClient.java:onNext(255)) - client-0616CB290F12->912a7d3b-e3f1-4985-b06b-5f0a929b8060: receive RaftClientReply:client-0616CB290F12->912a7d3b-e3f1-4985-b06b-5f0a929b8060@group-3636E5E7603C, cid=3210, SUCCESS, logIndex=4558, commits[912a7d3b-e3f1-4985-b06b-5f0a929b8060:c4561]
2019-07-13 08:33:04,900 INFO  client.GrpcClientProtocolClient (GrpcClientProtocolClient.java:onNext(255)) - client-0616CB290F12->912a7d3b-e3f1-4985-b06b-5f0a929b8060: receive RaftClientReply:client-0616CB290F12->912a7d3b-e3f1-4985-b06b-5f0a929b8060@group-3636E5E7603C, cid=3211, SUCCESS, logIndex=4559, commits[912a7d3b-e3f1-4985-b06b-5f0a929b8060:c4561]
2019-07-13 08:33:04,901 INFO  client.GrpcClientProtocolClient (GrpcClientProtocolClient.java:onNext(255)) - client-0616CB290F12->912a7d3b-e3f1-4985-b06b-5f0a929b8060: receive RaftClientReply:client-0616CB290F12->912a7d3b-e3f1-4985-b06b-5f0a929b8060@group-3636E5E7603C, cid=3212, SUCCESS, logIndex=4560, commits[912a7d3b-e3f1-4985-b06b-5f0a929b8060:c4561]
2019-07-13 08:33:04,922 INFO  client.GrpcClientProtocolClient (GrpcClientProtocolClient.java:onNext(255)) - client-0616CB290F12->912a7d3b-e3f1-4985-b06b-5f0a929b8060: receive RaftClientReply:client-0616CB290F12->912a7d3b-e3f1-4985-b06b-5f0a929b8060@group-3636E5E7603C, cid=3213, SUCCESS, logIndex=4562, commits[912a7d3b-e3f1-4985-b06b-5f0a929b8060:c4563]
2019-07-13 08:33:04,922 INFO  client.GrpcClientProtocolClient (GrpcClientProtocolClient.java:onNext(255)) - client-0616CB290F12->912a7d3b-e3f1-4985-b06b-5f0a929b8060: receive RaftClientReply:client-0616CB290F12->912a7d3b-e3f1-4985-b06b-5f0a929b8060@group-3636E5E7603C, cid=3214, SUCCESS, logIndex=4563, commits[912a7d3b-e3f1-4985-b06b-5f0a929b8060:c4565]
2019-07-13 08:33:04,922 INFO  client.GrpcClientProtocolClient (GrpcClientProtocolClient.java:onNext(255)) - client-0616CB290F12->912a7d3b-e3f1-4985-b06b-5f0a929b8060: receive RaftClientReply:client-0616CB290F12->912a7d3b-e3f1-4985-b06b-5f0a929b8060@group-3636E5E7603C, cid=3215, SUCCESS, logIndex=4564, commits[912a7d3b-e3f1-4985-b06b-5f0a929b8060:c4565]
2019-07-13 08:33:04,923 INFO  client.GrpcClientProtocolClient (GrpcClientProtocolClient.java:onNext(255)) - client-0616CB290F12->912a7d3b-e3f1-4985-b06b-5f0a929b8060: receive RaftClientReply:client-0616CB290F12->912a7d3b-e3f1-4985-b06b-5f0a929b8060@group-3636E5E7603C, cid=3216, SUCCESS, logIndex=4565, commits[912a7d3b-e3f1-4985-b06b-5f0a929b8060:c4566]
2019-07-13 08:33:04,936 DEBUG block.SCMBlockDeletingService (SCMBlockDeletingService.java:call(138)) - Running DeletedBlockTransactionScanner
2019-07-13 08:33:04,936 DEBUG block.SCMBlockDeletingService (SCMBlockDeletingService.java:call(155)) - Scanned deleted blocks log and got 0 delTX to process.
2019-07-13 08:33:04,956 INFO  client.GrpcClientProtocolClient (GrpcClientProtocolClient.java:onNext(255)) - client-0616CB290F12->912a7d3b-e3f1-4985-b06b-5f0a929b8060: receive RaftClientReply:client-0616CB290F12->912a7d3b-e3f1-4985-b06b-5f0a929b8060@group-3636E5E7603C, cid=3217, SUCCESS, logIndex=4568, commits[912a7d3b-e3f1-4985-b06b-5f0a929b8060:c4571]
2019-07-13 08:33:04,957 INFO  client.GrpcClientProtocolClient (GrpcClientProtocolClient.java:onNext(255)) - client-0616CB290F12->912a7d3b-e3f1-4985-b06b-5f0a929b8060: receive RaftClientReply:client-0616CB290F12->912a7d3b-e3f1-4985-b06b-5f0a929b8060@group-3636E5E7603C, cid=3218, SUCCESS, logIndex=4569, commits[912a7d3b-e3f1-4985-b06b-5f0a929b8060:c4572]
2019-07-13 08:33:04,957 INFO  client.GrpcClientProtocolClient (GrpcClientProtocolClient.java:onNext(255)) - client-0616CB290F12->912a7d3b-e3f1-4985-b06b-5f0a929b8060: receive RaftClientReply:client-0616CB290F12->912a7d3b-e3f1-4985-b06b-5f0a929b8060@group-3636E5E7603C, cid=3219, SUCCESS, logIndex=4570, commits[912a7d3b-e3f1-4985-b06b-5f0a929b8060:c4572]
2019-07-13 08:33:04,957 INFO  client.GrpcClientProtocolClient (GrpcClientProtocolClient.java:onNext(255)) - client-0616CB290F12->912a7d3b-e3f1-4985-b06b-5f0a929b8060: receive RaftClientReply:client-0616CB290F12->912a7d3b-e3f1-4985-b06b-5f0a929b8060@group-3636E5E7603C, cid=3220, SUCCESS, logIndex=4571, commits[912a7d3b-e3f1-4985-b06b-5f0a929b8060:c4572]
2019-07-13 08:33:04,977 INFO  client.GrpcClientProtocolClient (GrpcClientProtocolClient.java:onNext(255)) - client-0616CB290F12->912a7d3b-e3f1-4985-b06b-5f0a929b8060: receive RaftClientReply:client-0616CB290F12->912a7d3b-e3f1-4985-b06b-5f0a929b8060@group-3636E5E7603C, cid=3221, SUCCESS, logIndex=4573, commits[912a7d3b-e3f1-4985-b06b-5f0a929b8060:c4574]
2019-07-13 08:33:04,977 INFO  client.GrpcClientProtocolClient (GrpcClientProtocolClient.java:onNext(255)) - client-0616CB290F12->912a7d3b-e3f1-4985-b06b-5f0a929b8060: receive RaftClientReply:client-0616CB290F12->912a7d3b-e3f1-4985-b06b-5f0a929b8060@group-3636E5E7603C, cid=3222, SUCCESS, logIndex=4574, commits[912a7d3b-e3f1-4985-b06b-5f0a929b8060:c4576]
2019-07-13 08:33:04,978 INFO  client.GrpcClientProtocolClient (GrpcClientProtocolClient.java:onNext(255)) - client-0616CB290F12->912a7d3b-e3f1-4985-b06b-5f0a929b8060: receive RaftClientReply:client-0616CB290F12->912a7d3b-e3f1-4985-b06b-5f0a929b8060@group-3636E5E7603C, cid=3223, SUCCESS, logIndex=4575, commits[912a7d3b-e3f1-4985-b06b-5f0a929b8060:c4577]
2019-07-13 08:33:04,978 INFO  client.GrpcClientProtocolClient (GrpcClientProtocolClient.java:onNext(255)) - client-0616CB290F12->912a7d3b-e3f1-4985-b06b-5f0a929b8060: receive RaftClientReply:client-0616CB290F12->912a7d3b-e3f1-4985-b06b-5f0a929b8060@group-3636E5E7603C, cid=3224, SUCCESS, logIndex=4576, commits[912a7d3b-e3f1-4985-b06b-5f0a929b8060:c4577]
2019-07-13 08:33:05,013 INFO  client.GrpcClientProtocolClient (GrpcClientProtocolClient.java:onNext(255)) - client-0616CB290F12->912a7d3b-e3f1-4985-b06b-5f0a929b8060: receive RaftClientReply:client-0616CB290F12->912a7d3b-e3f1-4985-b06b-5f0a929b8060@group-3636E5E7603C, cid=3225, SUCCESS, logIndex=4579, commits[912a7d3b-e3f1-4985-b06b-5f0a929b8060:c4580]
2019-07-13 08:33:05,014 INFO  client.GrpcClientProtocolClient (GrpcClientProtocolClient.java:onNext(255)) - client-0616CB290F12->912a7d3b-e3f1-4985-b06b-5f0a929b8060: receive RaftClientReply:client-0616CB290F12->912a7d3b-e3f1-4985-b06b-5f0a929b8060@group-3636E5E7603C, cid=3226, SUCCESS, logIndex=4580, commits[912a7d3b-e3f1-4985-b06b-5f0a929b8060:c4581]
2019-07-13 08:33:05,037 DEBUG block.SCMBlockDeletingService (SCMBlockDeletingService.java:call(138)) - Running DeletedBlockTransactionScanner
2019-07-13 08:33:05,037 DEBUG block.SCMBlockDeletingService (SCMBlockDeletingService.java:call(155)) - Scanned deleted blocks log and got 0 delTX to process.
2019-07-13 08:33:05,121 INFO  client.GrpcClientProtocolClient (GrpcClientProtocolClient.java:onNext(255)) - client-0616CB290F12->912a7d3b-e3f1-4985-b06b-5f0a929b8060: receive RaftClientReply:client-0616CB290F12->912a7d3b-e3f1-4985-b06b-5f0a929b8060@group-3636E5E7603C, cid=3227, SUCCESS, logIndex=4582, commits[912a7d3b-e3f1-4985-b06b-5f0a929b8060:c4583]
2019-07-13 08:33:05,122 INFO  client.GrpcClientProtocolClient (GrpcClientProtocolClient.java:onNext(255)) - client-0616CB290F12->912a7d3b-e3f1-4985-b06b-5f0a929b8060: receive RaftClientReply:client-0616CB290F12->912a7d3b-e3f1-4985-b06b-5f0a929b8060@group-3636E5E7603C, cid=3228, SUCCESS, logIndex=4583, commits[912a7d3b-e3f1-4985-b06b-5f0a929b8060:c4584]
2019-07-13 08:33:05,137 DEBUG block.SCMBlockDeletingService (SCMBlockDeletingService.java:call(138)) - Running DeletedBlockTransactionScanner
2019-07-13 08:33:05,138 DEBUG block.SCMBlockDeletingService (SCMBlockDeletingService.java:call(155)) - Scanned deleted blocks log and got 0 delTX to process.
2019-07-13 08:33:05,143 INFO  client.GrpcClientProtocolClient (GrpcClientProtocolClient.java:onNext(255)) - client-0616CB290F12->912a7d3b-e3f1-4985-b06b-5f0a929b8060: receive RaftClientReply:client-0616CB290F12->912a7d3b-e3f1-4985-b06b-5f0a929b8060@group-3636E5E7603C, cid=3229, SUCCESS, logIndex=4585, commits[912a7d3b-e3f1-4985-b06b-5f0a929b8060:c4588]
2019-07-13 08:33:05,144 INFO  client.GrpcClientProtocolClient (GrpcClientProtocolClient.java:onNext(255)) - client-0616CB290F12->912a7d3b-e3f1-4985-b06b-5f0a929b8060: receive RaftClientReply:client-0616CB290F12->912a7d3b-e3f1-4985-b06b-5f0a929b8060@group-3636E5E7603C, cid=3230, SUCCESS, logIndex=4586, commits[912a7d3b-e3f1-4985-b06b-5f0a929b8060:c4588]
2019-07-13 08:33:05,144 INFO  client.GrpcClientProtocolClient (GrpcClientProtocolClient.java:onNext(255)) - client-0616CB290F12->912a7d3b-e3f1-4985-b06b-5f0a929b8060: receive RaftClientReply:client-0616CB290F12->912a7d3b-e3f1-4985-b06b-5f0a929b8060@group-3636E5E7603C, cid=3231, SUCCESS, logIndex=4587, commits[912a7d3b-e3f1-4985-b06b-5f0a929b8060:c4589]
2019-07-13 08:33:05,144 INFO  client.GrpcClientProtocolClient (GrpcClientProtocolClient.java:onNext(255)) - client-0616CB290F12->912a7d3b-e3f1-4985-b06b-5f0a929b8060: receive RaftClientReply:client-0616CB290F12->912a7d3b-e3f1-4985-b06b-5f0a929b8060@group-3636E5E7603C, cid=3232, SUCCESS, logIndex=4588, commits[912a7d3b-e3f1-4985-b06b-5f0a929b8060:c4589]
2019-07-13 08:33:05,177 INFO  client.GrpcClientProtocolClient (GrpcClientProtocolClient.java:onNext(255)) - client-0616CB290F12->912a7d3b-e3f1-4985-b06b-5f0a929b8060: receive RaftClientReply:client-0616CB290F12->912a7d3b-e3f1-4985-b06b-5f0a929b8060@group-3636E5E7603C, cid=3233, SUCCESS, logIndex=4590, commits[912a7d3b-e3f1-4985-b06b-5f0a929b8060:c4593]
2019-07-13 08:33:05,178 INFO  client.GrpcClientProtocolClient (GrpcClientProtocolClient.java:onNext(255)) - client-0616CB290F12->912a7d3b-e3f1-4985-b06b-5f0a929b8060: receive RaftClientReply:client-0616CB290F12->912a7d3b-e3f1-4985-b06b-5f0a929b8060@group-3636E5E7603C, cid=3234, SUCCESS, logIndex=4591, commits[912a7d3b-e3f1-4985-b06b-5f0a929b8060:c4593]
2019-07-13 08:33:05,179 INFO  client.GrpcClientProtocolClient (GrpcClientProtocolClient.java:onNext(255)) - client-0616CB290F12->912a7d3b-e3f1-4985-b06b-5f0a929b8060: receive RaftClientReply:client-0616CB290F12->912a7d3b-e3f1-4985-b06b-5f0a929b8060@group-3636E5E7603C, cid=3235, SUCCESS, logIndex=4592, commits[912a7d3b-e3f1-4985-b06b-5f0a929b8060:c4593]
2019-07-13 08:33:05,179 INFO  client.GrpcClientProtocolClient (GrpcClientProtocolClient.java:onNext(255)) - client-0616CB290F12->912a7d3b-e3f1-4985-b06b-5f0a929b8060: receive RaftClientReply:client-0616CB290F12->912a7d3b-e3f1-4985-b06b-5f0a929b8060@group-3636E5E7603C, cid=3236, SUCCESS, logIndex=4593, commits[912a7d3b-e3f1-4985-b06b-5f0a929b8060:c4593]
2019-07-13 08:33:05,202 INFO  client.GrpcClientProtocolClient (GrpcClientProtocolClient.java:onNext(255)) - client-0616CB290F12->912a7d3b-e3f1-4985-b06b-5f0a929b8060: receive RaftClientReply:client-0616CB290F12->912a7d3b-e3f1-4985-b06b-5f0a929b8060@group-3636E5E7603C, cid=3237, SUCCESS, logIndex=4595, commits[912a7d3b-e3f1-4985-b06b-5f0a929b8060:c4598]
2019-07-13 08:33:05,203 INFO  client.GrpcClientProtocolClient (GrpcClientProtocolClient.java:onNext(255)) - client-0616CB290F12->912a7d3b-e3f1-4985-b06b-5f0a929b8060: receive RaftClientReply:client-0616CB290F12->912a7d3b-e3f1-4985-b06b-5f0a929b8060@group-3636E5E7603C, cid=3238, SUCCESS, logIndex=4596, commits[912a7d3b-e3f1-4985-b06b-5f0a929b8060:c4599]
2019-07-13 08:33:05,203 INFO  client.GrpcClientProtocolClient (GrpcClientProtocolClient.java:onNext(255)) - client-0616CB290F12->912a7d3b-e3f1-4985-b06b-5f0a929b8060: receive RaftClientReply:client-0616CB290F12->912a7d3b-e3f1-4985-b06b-5f0a929b8060@group-3636E5E7603C, cid=3239, SUCCESS, logIndex=4597, commits[912a7d3b-e3f1-4985-b06b-5f0a929b8060:c4599]
2019-07-13 08:33:05,203 INFO  client.GrpcClientProtocolClient (GrpcClientProtocolClient.java:onNext(255)) - client-0616CB290F12->912a7d3b-e3f1-4985-b06b-5f0a929b8060: receive RaftClientReply:client-0616CB290F12->912a7d3b-e3f1-4985-b06b-5f0a929b8060@group-3636E5E7603C, cid=3240, SUCCESS, logIndex=4598, commits[912a7d3b-e3f1-4985-b06b-5f0a929b8060:c4599]
2019-07-13 08:33:05,236 INFO  client.GrpcClientProtocolClient (GrpcClientProtocolClient.java:onNext(255)) - client-0616CB290F12->912a7d3b-e3f1-4985-b06b-5f0a929b8060: receive RaftClientReply:client-0616CB290F12->912a7d3b-e3f1-4985-b06b-5f0a929b8060@group-3636E5E7603C, cid=3241, SUCCESS, logIndex=4600, commits[912a7d3b-e3f1-4985-b06b-5f0a929b8060:c4603]
2019-07-13 08:33:05,237 INFO  client.GrpcClientProtocolClient (GrpcClientProtocolClient.java:onNext(255)) - client-0616CB290F12->912a7d3b-e3f1-4985-b06b-5f0a929b8060: receive RaftClientReply:client-0616CB290F12->912a7d3b-e3f1-4985-b06b-5f0a929b8060@group-3636E5E7603C, cid=3242, SUCCESS, logIndex=4601, commits[912a7d3b-e3f1-4985-b06b-5f0a929b8060:c4604]
2019-07-13 08:33:05,237 INFO  client.GrpcClientProtocolClient (GrpcClientProtocolClient.java:onNext(255)) - client-0616CB290F12->912a7d3b-e3f1-4985-b06b-5f0a929b8060: receive RaftClientReply:client-0616CB290F12->912a7d3b-e3f1-4985-b06b-5f0a929b8060@group-3636E5E7603C, cid=3243, SUCCESS, logIndex=4602, commits[912a7d3b-e3f1-4985-b06b-5f0a929b8060:c4604]
2019-07-13 08:33:05,238 INFO  client.GrpcClientProtocolClient (GrpcClientProtocolClient.java:onNext(255)) - client-0616CB290F12->912a7d3b-e3f1-4985-b06b-5f0a929b8060: receive RaftClientReply:client-0616CB290F12->912a7d3b-e3f1-4985-b06b-5f0a929b8060@group-3636E5E7603C, cid=3244, SUCCESS, logIndex=4603, commits[912a7d3b-e3f1-4985-b06b-5f0a929b8060:c4604]
2019-07-13 08:33:05,238 DEBUG block.SCMBlockDeletingService (SCMBlockDeletingService.java:call(138)) - Running DeletedBlockTransactionScanner
2019-07-13 08:33:05,238 DEBUG block.SCMBlockDeletingService (SCMBlockDeletingService.java:call(155)) - Scanned deleted blocks log and got 0 delTX to process.
2019-07-13 08:33:05,260 INFO  client.GrpcClientProtocolClient (GrpcClientProtocolClient.java:onNext(255)) - client-0616CB290F12->912a7d3b-e3f1-4985-b06b-5f0a929b8060: receive RaftClientReply:client-0616CB290F12->912a7d3b-e3f1-4985-b06b-5f0a929b8060@group-3636E5E7603C, cid=3245, SUCCESS, logIndex=4605, commits[912a7d3b-e3f1-4985-b06b-5f0a929b8060:c4608]
2019-07-13 08:33:05,260 INFO  client.GrpcClientProtocolClient (GrpcClientProtocolClient.java:onNext(255)) - client-0616CB290F12->912a7d3b-e3f1-4985-b06b-5f0a929b8060: receive RaftClientReply:client-0616CB290F12->912a7d3b-e3f1-4985-b06b-5f0a929b8060@group-3636E5E7603C, cid=3246, SUCCESS, logIndex=4606, commits[912a7d3b-e3f1-4985-b06b-5f0a929b8060:c4609]
2019-07-13 08:33:05,261 INFO  client.GrpcClientProtocolClient (GrpcClientProtocolClient.java:onNext(255)) - client-0616CB290F12->912a7d3b-e3f1-4985-b06b-5f0a929b8060: receive RaftClientReply:client-0616CB290F12->912a7d3b-e3f1-4985-b06b-5f0a929b8060@group-3636E5E7603C, cid=3247, SUCCESS, logIndex=4607, commits[912a7d3b-e3f1-4985-b06b-5f0a929b8060:c4609]
2019-07-13 08:33:05,261 INFO  client.GrpcClientProtocolClient (GrpcClientProtocolClient.java:onNext(255)) - client-0616CB290F12->912a7d3b-e3f1-4985-b06b-5f0a929b8060: receive RaftClientReply:client-0616CB290F12->912a7d3b-e3f1-4985-b06b-5f0a929b8060@group-3636E5E7603C, cid=3248, SUCCESS, logIndex=4608, commits[912a7d3b-e3f1-4985-b06b-5f0a929b8060:c4609]
2019-07-13 08:33:05,294 INFO  client.GrpcClientProtocolClient (GrpcClientProtocolClient.java:onNext(255)) - client-0616CB290F12->912a7d3b-e3f1-4985-b06b-5f0a929b8060: receive RaftClientReply:client-0616CB290F12->912a7d3b-e3f1-4985-b06b-5f0a929b8060@group-3636E5E7603C, cid=3249, SUCCESS, logIndex=4610, commits[912a7d3b-e3f1-4985-b06b-5f0a929b8060:c4613]
2019-07-13 08:33:05,295 INFO  client.GrpcClientProtocolClient (GrpcClientProtocolClient.java:onNext(255)) - client-0616CB290F12->912a7d3b-e3f1-4985-b06b-5f0a929b8060: receive RaftClientReply:client-0616CB290F12->912a7d3b-e3f1-4985-b06b-5f0a929b8060@group-3636E5E7603C, cid=3250, SUCCESS, logIndex=4611, commits[912a7d3b-e3f1-4985-b06b-5f0a929b8060:c4614]
2019-07-13 08:33:05,295 INFO  client.GrpcClientProtocolClient (GrpcClientProtocolClient.java:onNext(255)) - client-0616CB290F12->912a7d3b-e3f1-4985-b06b-5f0a929b8060: receive RaftClientReply:client-0616CB290F12->912a7d3b-e3f1-4985-b06b-5f0a929b8060@group-3636E5E7603C, cid=3251, SUCCESS, logIndex=4612, commits[912a7d3b-e3f1-4985-b06b-5f0a929b8060:c4614]
2019-07-13 08:33:05,295 INFO  client.GrpcClientProtocolClient (GrpcClientProtocolClient.java:onNext(255)) - client-0616CB290F12->912a7d3b-e3f1-4985-b06b-5f0a929b8060: receive RaftClientReply:client-0616CB290F12->912a7d3b-e3f1-4985-b06b-5f0a929b8060@group-3636E5E7603C, cid=3252, SUCCESS, logIndex=4613, commits[912a7d3b-e3f1-4985-b06b-5f0a929b8060:c4614]
2019-07-13 08:33:05,316 INFO  client.GrpcClientProtocolClient (GrpcClientProtocolClient.java:onNext(255)) - client-0616CB290F12->912a7d3b-e3f1-4985-b06b-5f0a929b8060: receive RaftClientReply:client-0616CB290F12->912a7d3b-e3f1-4985-b06b-5f0a929b8060@group-3636E5E7603C, cid=3253, SUCCESS, logIndex=4615, commits[912a7d3b-e3f1-4985-b06b-5f0a929b8060:c4618]
2019-07-13 08:33:05,317 INFO  client.GrpcClientProtocolClient (GrpcClientProtocolClient.java:onNext(255)) - client-0616CB290F12->912a7d3b-e3f1-4985-b06b-5f0a929b8060: receive RaftClientReply:client-0616CB290F12->912a7d3b-e3f1-4985-b06b-5f0a929b8060@group-3636E5E7603C, cid=3254, SUCCESS, logIndex=4616, commits[912a7d3b-e3f1-4985-b06b-5f0a929b8060:c4618]
2019-07-13 08:33:05,317 INFO  client.GrpcClientProtocolClient (GrpcClientProtocolClient.java:onNext(255)) - client-0616CB290F12->912a7d3b-e3f1-4985-b06b-5f0a929b8060: receive RaftClientReply:client-0616CB290F12->912a7d3b-e3f1-4985-b06b-5f0a929b8060@group-3636E5E7603C, cid=3255, SUCCESS, logIndex=4617, commits[912a7d3b-e3f1-4985-b06b-5f0a929b8060:c4618]
2019-07-13 08:33:05,317 INFO  client.GrpcClientProtocolClient (GrpcClientProtocolClient.java:onNext(255)) - client-0616CB290F12->912a7d3b-e3f1-4985-b06b-5f0a929b8060: receive RaftClientReply:client-0616CB290F12->912a7d3b-e3f1-4985-b06b-5f0a929b8060@group-3636E5E7603C, cid=3256, SUCCESS, logIndex=4618, commits[912a7d3b-e3f1-4985-b06b-5f0a929b8060:c4619]
2019-07-13 08:33:05,338 DEBUG block.SCMBlockDeletingService (SCMBlockDeletingService.java:call(138)) - Running DeletedBlockTransactionScanner
2019-07-13 08:33:05,339 DEBUG block.SCMBlockDeletingService (SCMBlockDeletingService.java:call(155)) - Scanned deleted blocks log and got 0 delTX to process.
2019-07-13 08:33:05,349 INFO  client.GrpcClientProtocolClient (GrpcClientProtocolClient.java:onNext(255)) - client-0616CB290F12->912a7d3b-e3f1-4985-b06b-5f0a929b8060: receive RaftClientReply:client-0616CB290F12->912a7d3b-e3f1-4985-b06b-5f0a929b8060@group-3636E5E7603C, cid=3257, SUCCESS, logIndex=4620, commits[912a7d3b-e3f1-4985-b06b-5f0a929b8060:c4621]
2019-07-13 08:33:05,350 INFO  client.GrpcClientProtocolClient (GrpcClientProtocolClient.java:onNext(255)) - client-0616CB290F12->912a7d3b-e3f1-4985-b06b-5f0a929b8060: receive RaftClientReply:client-0616CB290F12->912a7d3b-e3f1-4985-b06b-5f0a929b8060@group-3636E5E7603C, cid=3258, SUCCESS, logIndex=4621, commits[912a7d3b-e3f1-4985-b06b-5f0a929b8060:c4623]
2019-07-13 08:33:05,350 INFO  client.GrpcClientProtocolClient (GrpcClientProtocolClient.java:onNext(255)) - client-0616CB290F12->912a7d3b-e3f1-4985-b06b-5f0a929b8060: receive RaftClientReply:client-0616CB290F12->912a7d3b-e3f1-4985-b06b-5f0a929b8060@group-3636E5E7603C, cid=3259, SUCCESS, logIndex=4622, commits[912a7d3b-e3f1-4985-b06b-5f0a929b8060:c4624]
2019-07-13 08:33:05,350 INFO  client.GrpcClientProtocolClient (GrpcClientProtocolClient.java:onNext(255)) - client-0616CB290F12->912a7d3b-e3f1-4985-b06b-5f0a929b8060: receive RaftClientReply:client-0616CB290F12->912a7d3b-e3f1-4985-b06b-5f0a929b8060@group-3636E5E7603C, cid=3260, SUCCESS, logIndex=4623, commits[912a7d3b-e3f1-4985-b06b-5f0a929b8060:c4624]
2019-07-13 08:33:05,373 INFO  client.GrpcClientProtocolClient (GrpcClientProtocolClient.java:onNext(255)) - client-0616CB290F12->912a7d3b-e3f1-4985-b06b-5f0a929b8060: receive RaftClientReply:client-0616CB290F12->912a7d3b-e3f1-4985-b06b-5f0a929b8060@group-3636E5E7603C, cid=3261, SUCCESS, logIndex=4626, commits[912a7d3b-e3f1-4985-b06b-5f0a929b8060:c4629]
2019-07-13 08:33:05,374 INFO  client.GrpcClientProtocolClient (GrpcClientProtocolClient.java:onNext(255)) - client-0616CB290F12->912a7d3b-e3f1-4985-b06b-5f0a929b8060: receive RaftClientReply:client-0616CB290F12->912a7d3b-e3f1-4985-b06b-5f0a929b8060@group-3636E5E7603C, cid=3262, SUCCESS, logIndex=4627, commits[912a7d3b-e3f1-4985-b06b-5f0a929b8060:c4630]
2019-07-13 08:33:05,374 INFO  client.GrpcClientProtocolClient (GrpcClientProtocolClient.java:onNext(255)) - client-0616CB290F12->912a7d3b-e3f1-4985-b06b-5f0a929b8060: receive RaftClientReply:client-0616CB290F12->912a7d3b-e3f1-4985-b06b-5f0a929b8060@group-3636E5E7603C, cid=3263, SUCCESS, logIndex=4628, commits[912a7d3b-e3f1-4985-b06b-5f0a929b8060:c4630]
2019-07-13 08:33:05,374 INFO  client.GrpcClientProtocolClient (GrpcClientProtocolClient.java:onNext(255)) - client-0616CB290F12->912a7d3b-e3f1-4985-b06b-5f0a929b8060: receive RaftClientReply:client-0616CB290F12->912a7d3b-e3f1-4985-b06b-5f0a929b8060@group-3636E5E7603C, cid=3264, SUCCESS, logIndex=4629, commits[912a7d3b-e3f1-4985-b06b-5f0a929b8060:c4630]
2019-07-13 08:33:05,407 INFO  client.GrpcClientProtocolClient (GrpcClientProtocolClient.java:onNext(255)) - client-0616CB290F12->912a7d3b-e3f1-4985-b06b-5f0a929b8060: receive RaftClientReply:client-0616CB290F12->912a7d3b-e3f1-4985-b06b-5f0a929b8060@group-3636E5E7603C, cid=3265, SUCCESS, logIndex=4631, commits[912a7d3b-e3f1-4985-b06b-5f0a929b8060:c4632]
2019-07-13 08:33:05,408 INFO  client.GrpcClientProtocolClient (GrpcClientProtocolClient.java:onNext(255)) - client-0616CB290F12->912a7d3b-e3f1-4985-b06b-5f0a929b8060: receive RaftClientReply:client-0616CB290F12->912a7d3b-e3f1-4985-b06b-5f0a929b8060@group-3636E5E7603C, cid=3266, SUCCESS, logIndex=4632, commits[912a7d3b-e3f1-4985-b06b-5f0a929b8060:c4632]
2019-07-13 08:33:05,409 INFO  client.GrpcClientProtocolClient (GrpcClientProtocolClient.java:onNext(255)) - client-0616CB290F12->912a7d3b-e3f1-4985-b06b-5f0a929b8060: receive RaftClientReply:client-0616CB290F12->912a7d3b-e3f1-4985-b06b-5f0a929b8060@group-3636E5E7603C, cid=3267, SUCCESS, logIndex=4633, commits[912a7d3b-e3f1-4985-b06b-5f0a929b8060:c4634]
2019-07-13 08:33:05,410 INFO  client.GrpcClientProtocolClient (GrpcClientProtocolClient.java:onNext(255)) - client-0616CB290F12->912a7d3b-e3f1-4985-b06b-5f0a929b8060: receive RaftClientReply:client-0616CB290F12->912a7d3b-e3f1-4985-b06b-5f0a929b8060@group-3636E5E7603C, cid=3268, SUCCESS, logIndex=4634, commits[912a7d3b-e3f1-4985-b06b-5f0a929b8060:c4634]
2019-07-13 08:33:05,786 DEBUG block.SCMBlockDeletingService (SCMBlockDeletingService.java:call(138)) - Running DeletedBlockTransactionScanner
2019-07-13 08:33:05,787 DEBUG block.SCMBlockDeletingService (SCMBlockDeletingService.java:call(155)) - Scanned deleted blocks log and got 0 delTX to process.
2019-07-13 08:33:05,804 INFO  client.GrpcClientProtocolClient (GrpcClientProtocolClient.java:onNext(255)) - client-0616CB290F12->912a7d3b-e3f1-4985-b06b-5f0a929b8060: receive RaftClientReply:client-0616CB290F12->912a7d3b-e3f1-4985-b06b-5f0a929b8060@group-3636E5E7603C, cid=3269, SUCCESS, logIndex=4637, commits[912a7d3b-e3f1-4985-b06b-5f0a929b8060:c4638]
2019-07-13 08:33:05,804 INFO  client.GrpcClientProtocolClient (GrpcClientProtocolClient.java:onNext(255)) - client-0616CB290F12->912a7d3b-e3f1-4985-b06b-5f0a929b8060: receive RaftClientReply:client-0616CB290F12->912a7d3b-e3f1-4985-b06b-5f0a929b8060@group-3636E5E7603C, cid=3270, SUCCESS, logIndex=4638, commits[912a7d3b-e3f1-4985-b06b-5f0a929b8060:c4638]
2019-07-13 08:33:05,887 DEBUG block.SCMBlockDeletingService (SCMBlockDeletingService.java:call(138)) - Running DeletedBlockTransactionScanner
2019-07-13 08:33:05,887 DEBUG block.SCMBlockDeletingService (SCMBlockDeletingService.java:call(155)) - Scanned deleted blocks log and got 0 delTX to process.
2019-07-13 08:33:05,913 INFO  client.GrpcClientProtocolClient (GrpcClientProtocolClient.java:onNext(255)) - client-0616CB290F12->912a7d3b-e3f1-4985-b06b-5f0a929b8060: receive RaftClientReply:client-0616CB290F12->912a7d3b-e3f1-4985-b06b-5f0a929b8060@group-3636E5E7603C, cid=3271, SUCCESS, logIndex=4640, commits[912a7d3b-e3f1-4985-b06b-5f0a929b8060:c4641]
2019-07-13 08:33:05,914 INFO  client.GrpcClientProtocolClient (GrpcClientProtocolClient.java:onNext(255)) - client-0616CB290F12->912a7d3b-e3f1-4985-b06b-5f0a929b8060: receive RaftClientReply:client-0616CB290F12->912a7d3b-e3f1-4985-b06b-5f0a929b8060@group-3636E5E7603C, cid=3272, SUCCESS, logIndex=4641, commits[912a7d3b-e3f1-4985-b06b-5f0a929b8060:c4642]
2019-07-13 08:33:05,949 INFO  client.GrpcClientProtocolClient (GrpcClientProtocolClient.java:onNext(255)) - client-0616CB290F12->912a7d3b-e3f1-4985-b06b-5f0a929b8060: receive RaftClientReply:client-0616CB290F12->912a7d3b-e3f1-4985-b06b-5f0a929b8060@group-3636E5E7603C, cid=3273, SUCCESS, logIndex=4643, commits[912a7d3b-e3f1-4985-b06b-5f0a929b8060:c4644]
2019-07-13 08:33:05,950 INFO  client.GrpcClientProtocolClient (GrpcClientProtocolClient.java:onNext(255)) - client-0616CB290F12->912a7d3b-e3f1-4985-b06b-5f0a929b8060: receive RaftClientReply:client-0616CB290F12->912a7d3b-e3f1-4985-b06b-5f0a929b8060@group-3636E5E7603C, cid=3274, SUCCESS, logIndex=4644, commits[912a7d3b-e3f1-4985-b06b-5f0a929b8060:c4646]
2019-07-13 08:33:05,950 INFO  client.GrpcClientProtocolClient (GrpcClientProtocolClient.java:onNext(255)) - client-0616CB290F12->912a7d3b-e3f1-4985-b06b-5f0a929b8060: receive RaftClientReply:client-0616CB290F12->912a7d3b-e3f1-4985-b06b-5f0a929b8060@group-3636E5E7603C, cid=3275, SUCCESS, logIndex=4645, commits[912a7d3b-e3f1-4985-b06b-5f0a929b8060:c4647]
2019-07-13 08:33:05,950 INFO  client.GrpcClientProtocolClient (GrpcClientProtocolClient.java:onNext(255)) - client-0616CB290F12->912a7d3b-e3f1-4985-b06b-5f0a929b8060: receive RaftClientReply:client-0616CB290F12->912a7d3b-e3f1-4985-b06b-5f0a929b8060@group-3636E5E7603C, cid=3276, SUCCESS, logIndex=4646, commits[912a7d3b-e3f1-4985-b06b-5f0a929b8060:c4647]
2019-07-13 08:33:05,972 INFO  client.GrpcClientProtocolClient (GrpcClientProtocolClient.java:onNext(255)) - client-0616CB290F12->912a7d3b-e3f1-4985-b06b-5f0a929b8060: receive RaftClientReply:client-0616CB290F12->912a7d3b-e3f1-4985-b06b-5f0a929b8060@group-3636E5E7603C, cid=3277, SUCCESS, logIndex=4649, commits[912a7d3b-e3f1-4985-b06b-5f0a929b8060:c4650]
2019-07-13 08:33:05,972 INFO  client.GrpcClientProtocolClient (GrpcClientProtocolClient.java:onNext(255)) - client-0616CB290F12->912a7d3b-e3f1-4985-b06b-5f0a929b8060: receive RaftClientReply:client-0616CB290F12->912a7d3b-e3f1-4985-b06b-5f0a929b8060@group-3636E5E7603C, cid=3278, SUCCESS, logIndex=4650, commits[912a7d3b-e3f1-4985-b06b-5f0a929b8060:c4652]
2019-07-13 08:33:05,972 INFO  client.GrpcClientProtocolClient (GrpcClientProtocolClient.java:onNext(255)) - client-0616CB290F12->912a7d3b-e3f1-4985-b06b-5f0a929b8060: receive RaftClientReply:client-0616CB290F12->912a7d3b-e3f1-4985-b06b-5f0a929b8060@group-3636E5E7603C, cid=3279, SUCCESS, logIndex=4651, commits[912a7d3b-e3f1-4985-b06b-5f0a929b8060:c4653]
2019-07-13 08:33:05,973 INFO  client.GrpcClientProtocolClient (GrpcClientProtocolClient.java:onNext(255)) - client-0616CB290F12->912a7d3b-e3f1-4985-b06b-5f0a929b8060: receive RaftClientReply:client-0616CB290F12->912a7d3b-e3f1-4985-b06b-5f0a929b8060@group-3636E5E7603C, cid=3280, SUCCESS, logIndex=4652, commits[912a7d3b-e3f1-4985-b06b-5f0a929b8060:c4653]
2019-07-13 08:33:05,988 DEBUG block.SCMBlockDeletingService (SCMBlockDeletingService.java:call(138)) - Running DeletedBlockTransactionScanner
2019-07-13 08:33:05,988 DEBUG block.SCMBlockDeletingService (SCMBlockDeletingService.java:call(155)) - Scanned deleted blocks log and got 0 delTX to process.
2019-07-13 08:33:06,004 INFO  client.GrpcClientProtocolClient (GrpcClientProtocolClient.java:onNext(255)) - client-0616CB290F12->912a7d3b-e3f1-4985-b06b-5f0a929b8060: receive RaftClientReply:client-0616CB290F12->912a7d3b-e3f1-4985-b06b-5f0a929b8060@group-3636E5E7603C, cid=3281, SUCCESS, logIndex=4655, commits[912a7d3b-e3f1-4985-b06b-5f0a929b8060:c4656]
2019-07-13 08:33:06,005 INFO  client.GrpcClientProtocolClient (GrpcClientProtocolClient.java:onNext(255)) - client-0616CB290F12->912a7d3b-e3f1-4985-b06b-5f0a929b8060: receive RaftClientReply:client-0616CB290F12->912a7d3b-e3f1-4985-b06b-5f0a929b8060@group-3636E5E7603C, cid=3282, SUCCESS, logIndex=4656, commits[912a7d3b-e3f1-4985-b06b-5f0a929b8060:c4656]
2019-07-13 08:33:06,007 INFO  client.GrpcClientProtocolClient (GrpcClientProtocolClient.java:onNext(255)) - client-0616CB290F12->912a7d3b-e3f1-4985-b06b-5f0a929b8060: receive RaftClientReply:client-0616CB290F12->912a7d3b-e3f1-4985-b06b-5f0a929b8060@group-3636E5E7603C, cid=3283, SUCCESS, logIndex=4657, commits[912a7d3b-e3f1-4985-b06b-5f0a929b8060:c4658]
2019-07-13 08:33:06,007 INFO  client.GrpcClientProtocolClient (GrpcClientProtocolClient.java:onNext(255)) - client-0616CB290F12->912a7d3b-e3f1-4985-b06b-5f0a929b8060: receive RaftClientReply:client-0616CB290F12->912a7d3b-e3f1-4985-b06b-5f0a929b8060@group-3636E5E7603C, cid=3284, SUCCESS, logIndex=4658, commits[912a7d3b-e3f1-4985-b06b-5f0a929b8060:c4658]
2019-07-13 08:33:06,029 INFO  client.GrpcClientProtocolClient (GrpcClientProtocolClient.java:onNext(255)) - client-0616CB290F12->912a7d3b-e3f1-4985-b06b-5f0a929b8060: receive RaftClientReply:client-0616CB290F12->912a7d3b-e3f1-4985-b06b-5f0a929b8060@group-3636E5E7603C, cid=3285, SUCCESS, logIndex=4661, commits[912a7d3b-e3f1-4985-b06b-5f0a929b8060:c4664]
2019-07-13 08:33:06,030 INFO  client.GrpcClientProtocolClient (GrpcClientProtocolClient.java:onNext(255)) - client-0616CB290F12->912a7d3b-e3f1-4985-b06b-5f0a929b8060: receive RaftClientReply:client-0616CB290F12->912a7d3b-e3f1-4985-b06b-5f0a929b8060@group-3636E5E7603C, cid=3286, SUCCESS, logIndex=4662, commits[912a7d3b-e3f1-4985-b06b-5f0a929b8060:c4665]
2019-07-13 08:33:06,030 INFO  client.GrpcClientProtocolClient (GrpcClientProtocolClient.java:onNext(255)) - client-0616CB290F12->912a7d3b-e3f1-4985-b06b-5f0a929b8060: receive RaftClientReply:client-0616CB290F12->912a7d3b-e3f1-4985-b06b-5f0a929b8060@group-3636E5E7603C, cid=3287, SUCCESS, logIndex=4663, commits[912a7d3b-e3f1-4985-b06b-5f0a929b8060:c4665]
2019-07-13 08:33:06,031 INFO  client.GrpcClientProtocolClient (GrpcClientProtocolClient.java:onNext(255)) - client-0616CB290F12->912a7d3b-e3f1-4985-b06b-5f0a929b8060: receive RaftClientReply:client-0616CB290F12->912a7d3b-e3f1-4985-b06b-5f0a929b8060@group-3636E5E7603C, cid=3288, SUCCESS, logIndex=4664, commits[912a7d3b-e3f1-4985-b06b-5f0a929b8060:c4665]
2019-07-13 08:33:06,061 INFO  client.GrpcClientProtocolClient (GrpcClientProtocolClient.java:onNext(255)) - client-0616CB290F12->912a7d3b-e3f1-4985-b06b-5f0a929b8060: receive RaftClientReply:client-0616CB290F12->912a7d3b-e3f1-4985-b06b-5f0a929b8060@group-3636E5E7603C, cid=3289, SUCCESS, logIndex=4666, commits[912a7d3b-e3f1-4985-b06b-5f0a929b8060:c4669]
2019-07-13 08:33:06,062 INFO  client.GrpcClientProtocolClient (GrpcClientProtocolClient.java:onNext(255)) - client-0616CB290F12->912a7d3b-e3f1-4985-b06b-5f0a929b8060: receive RaftClientReply:client-0616CB290F12->912a7d3b-e3f1-4985-b06b-5f0a929b8060@group-3636E5E7603C, cid=3290, SUCCESS, logIndex=4667, commits[912a7d3b-e3f1-4985-b06b-5f0a929b8060:c4670]
2019-07-13 08:33:06,062 INFO  client.GrpcClientProtocolClient (GrpcClientProtocolClient.java:onNext(255)) - client-0616CB290F12->912a7d3b-e3f1-4985-b06b-5f0a929b8060: receive RaftClientReply:client-0616CB290F12->912a7d3b-e3f1-4985-b06b-5f0a929b8060@group-3636E5E7603C, cid=3291, SUCCESS, logIndex=4668, commits[912a7d3b-e3f1-4985-b06b-5f0a929b8060:c4670]
2019-07-13 08:33:06,062 INFO  client.GrpcClientProtocolClient (GrpcClientProtocolClient.java:onNext(255)) - client-0616CB290F12->912a7d3b-e3f1-4985-b06b-5f0a929b8060: receive RaftClientReply:client-0616CB290F12->912a7d3b-e3f1-4985-b06b-5f0a929b8060@group-3636E5E7603C, cid=3292, SUCCESS, logIndex=4669, commits[912a7d3b-e3f1-4985-b06b-5f0a929b8060:c4670]
2019-07-13 08:33:06,081 INFO  client.GrpcClientProtocolClient (GrpcClientProtocolClient.java:onNext(255)) - client-0616CB290F12->912a7d3b-e3f1-4985-b06b-5f0a929b8060: receive RaftClientReply:client-0616CB290F12->912a7d3b-e3f1-4985-b06b-5f0a929b8060@group-3636E5E7603C, cid=3293, SUCCESS, logIndex=4671, commits[912a7d3b-e3f1-4985-b06b-5f0a929b8060:c4674]
2019-07-13 08:33:06,081 INFO  client.GrpcClientProtocolClient (GrpcClientProtocolClient.java:onNext(255)) - client-0616CB290F12->912a7d3b-e3f1-4985-b06b-5f0a929b8060: receive RaftClientReply:client-0616CB290F12->912a7d3b-e3f1-4985-b06b-5f0a929b8060@group-3636E5E7603C, cid=3294, SUCCESS, logIndex=4672, commits[912a7d3b-e3f1-4985-b06b-5f0a929b8060:c4674]
2019-07-13 08:33:06,082 INFO  client.GrpcClientProtocolClient (GrpcClientProtocolClient.java:onNext(255)) - client-0616CB290F12->912a7d3b-e3f1-4985-b06b-5f0a929b8060: receive RaftClientReply:client-0616CB290F12->912a7d3b-e3f1-4985-b06b-5f0a929b8060@group-3636E5E7603C, cid=3295, SUCCESS, logIndex=4673, commits[912a7d3b-e3f1-4985-b06b-5f0a929b8060:c4674]
2019-07-13 08:33:06,082 INFO  client.GrpcClientProtocolClient (GrpcClientProtocolClient.java:onNext(255)) - client-0616CB290F12->912a7d3b-e3f1-4985-b06b-5f0a929b8060: receive RaftClientReply:client-0616CB290F12->912a7d3b-e3f1-4985-b06b-5f0a929b8060@group-3636E5E7603C, cid=3296, SUCCESS, logIndex=4674, commits[912a7d3b-e3f1-4985-b06b-5f0a929b8060:c4675]
2019-07-13 08:33:06,088 DEBUG block.SCMBlockDeletingService (SCMBlockDeletingService.java:call(138)) - Running DeletedBlockTransactionScanner
2019-07-13 08:33:06,088 DEBUG block.SCMBlockDeletingService (SCMBlockDeletingService.java:call(155)) - Scanned deleted blocks log and got 0 delTX to process.
2019-07-13 08:33:06,115 INFO  client.GrpcClientProtocolClient (GrpcClientProtocolClient.java:onNext(255)) - client-0616CB290F12->912a7d3b-e3f1-4985-b06b-5f0a929b8060: receive RaftClientReply:client-0616CB290F12->912a7d3b-e3f1-4985-b06b-5f0a929b8060@group-3636E5E7603C, cid=3297, SUCCESS, logIndex=4676, commits[912a7d3b-e3f1-4985-b06b-5f0a929b8060:c4679]
2019-07-13 08:33:06,115 INFO  client.GrpcClientProtocolClient (GrpcClientProtocolClient.java:onNext(255)) - client-0616CB290F12->912a7d3b-e3f1-4985-b06b-5f0a929b8060: receive RaftClientReply:client-0616CB290F12->912a7d3b-e3f1-4985-b06b-5f0a929b8060@group-3636E5E7603C, cid=3298, SUCCESS, logIndex=4677, commits[912a7d3b-e3f1-4985-b06b-5f0a929b8060:c4680]
2019-07-13 08:33:06,116 INFO  client.GrpcClientProtocolClient (GrpcClientProtocolClient.java:onNext(255)) - client-0616CB290F12->912a7d3b-e3f1-4985-b06b-5f0a929b8060: receive RaftClientReply:client-0616CB290F12->912a7d3b-e3f1-4985-b06b-5f0a929b8060@group-3636E5E7603C, cid=3299, SUCCESS, logIndex=4678, commits[912a7d3b-e3f1-4985-b06b-5f0a929b8060:c4680]
2019-07-13 08:33:06,116 INFO  client.GrpcClientProtocolClient (GrpcClientProtocolClient.java:onNext(255)) - client-0616CB290F12->912a7d3b-e3f1-4985-b06b-5f0a929b8060: receive RaftClientReply:client-0616CB290F12->912a7d3b-e3f1-4985-b06b-5f0a929b8060@group-3636E5E7603C, cid=3300, SUCCESS, logIndex=4679, commits[912a7d3b-e3f1-4985-b06b-5f0a929b8060:c4680]
2019-07-13 08:33:06,137 INFO  client.GrpcClientProtocolClient (GrpcClientProtocolClient.java:onNext(255)) - client-0616CB290F12->912a7d3b-e3f1-4985-b06b-5f0a929b8060: receive RaftClientReply:client-0616CB290F12->912a7d3b-e3f1-4985-b06b-5f0a929b8060@group-3636E5E7603C, cid=3301, SUCCESS, logIndex=4681, commits[912a7d3b-e3f1-4985-b06b-5f0a929b8060:c4684]
2019-07-13 08:33:06,137 INFO  client.GrpcClientProtocolClient (GrpcClientProtocolClient.java:onNext(255)) - client-0616CB290F12->912a7d3b-e3f1-4985-b06b-5f0a929b8060: receive RaftClientReply:client-0616CB290F12->912a7d3b-e3f1-4985-b06b-5f0a929b8060@group-3636E5E7603C, cid=3302, SUCCESS, logIndex=4682, commits[912a7d3b-e3f1-4985-b06b-5f0a929b8060:c4685]
2019-07-13 08:33:06,138 INFO  client.GrpcClientProtocolClient (GrpcClientProtocolClient.java:onNext(255)) - client-0616CB290F12->912a7d3b-e3f1-4985-b06b-5f0a929b8060: receive RaftClientReply:client-0616CB290F12->912a7d3b-e3f1-4985-b06b-5f0a929b8060@group-3636E5E7603C, cid=3303, SUCCESS, logIndex=4683, commits[912a7d3b-e3f1-4985-b06b-5f0a929b8060:c4685]
2019-07-13 08:33:06,138 INFO  client.GrpcClientProtocolClient (GrpcClientProtocolClient.java:onNext(255)) - client-0616CB290F12->912a7d3b-e3f1-4985-b06b-5f0a929b8060: receive RaftClientReply:client-0616CB290F12->912a7d3b-e3f1-4985-b06b-5f0a929b8060@group-3636E5E7603C, cid=3304, SUCCESS, logIndex=4684, commits[912a7d3b-e3f1-4985-b06b-5f0a929b8060:c4685]
2019-07-13 08:33:06,170 INFO  client.GrpcClientProtocolClient (GrpcClientProtocolClient.java:onNext(255)) - client-0616CB290F12->912a7d3b-e3f1-4985-b06b-5f0a929b8060: receive RaftClientReply:client-0616CB290F12->912a7d3b-e3f1-4985-b06b-5f0a929b8060@group-3636E5E7603C, cid=3305, SUCCESS, logIndex=4686, commits[912a7d3b-e3f1-4985-b06b-5f0a929b8060:c4689]
2019-07-13 08:33:06,170 INFO  client.GrpcClientProtocolClient (GrpcClientProtocolClient.java:onNext(255)) - client-0616CB290F12->912a7d3b-e3f1-4985-b06b-5f0a929b8060: receive RaftClientReply:client-0616CB290F12->912a7d3b-e3f1-4985-b06b-5f0a929b8060@group-3636E5E7603C, cid=3306, SUCCESS, logIndex=4687, commits[912a7d3b-e3f1-4985-b06b-5f0a929b8060:c4689]
2019-07-13 08:33:06,170 INFO  client.GrpcClientProtocolClient (GrpcClientProtocolClient.java:onNext(255)) - client-0616CB290F12->912a7d3b-e3f1-4985-b06b-5f0a929b8060: receive RaftClientReply:client-0616CB290F12->912a7d3b-e3f1-4985-b06b-5f0a929b8060@group-3636E5E7603C, cid=3307, SUCCESS, logIndex=4688, commits[912a7d3b-e3f1-4985-b06b-5f0a929b8060:c4690]
2019-07-13 08:33:06,171 INFO  client.GrpcClientProtocolClient (GrpcClientProtocolClient.java:onNext(255)) - client-0616CB290F12->912a7d3b-e3f1-4985-b06b-5f0a929b8060: receive RaftClientReply:client-0616CB290F12->912a7d3b-e3f1-4985-b06b-5f0a929b8060@group-3636E5E7603C, cid=3308, SUCCESS, logIndex=4689, commits[912a7d3b-e3f1-4985-b06b-5f0a929b8060:c4690]
2019-07-13 08:33:06,189 DEBUG block.SCMBlockDeletingService (SCMBlockDeletingService.java:call(138)) - Running DeletedBlockTransactionScanner
2019-07-13 08:33:06,189 DEBUG block.SCMBlockDeletingService (SCMBlockDeletingService.java:call(155)) - Scanned deleted blocks log and got 0 delTX to process.
2019-07-13 08:33:06,192 INFO  client.GrpcClientProtocolClient (GrpcClientProtocolClient.java:onNext(255)) - client-0616CB290F12->912a7d3b-e3f1-4985-b06b-5f0a929b8060: receive RaftClientReply:client-0616CB290F12->912a7d3b-e3f1-4985-b06b-5f0a929b8060@group-3636E5E7603C, cid=3309, SUCCESS, logIndex=4691, commits[912a7d3b-e3f1-4985-b06b-5f0a929b8060:c4694]
2019-07-13 08:33:06,193 INFO  client.GrpcClientProtocolClient (GrpcClientProtocolClient.java:onNext(255)) - client-0616CB290F12->912a7d3b-e3f1-4985-b06b-5f0a929b8060: receive RaftClientReply:client-0616CB290F12->912a7d3b-e3f1-4985-b06b-5f0a929b8060@group-3636E5E7603C, cid=3310, SUCCESS, logIndex=4692, commits[912a7d3b-e3f1-4985-b06b-5f0a929b8060:c4695]
2019-07-13 08:33:06,193 INFO  client.GrpcClientProtocolClient (GrpcClientProtocolClient.java:onNext(255)) - client-0616CB290F12->912a7d3b-e3f1-4985-b06b-5f0a929b8060: receive RaftClientReply:client-0616CB290F12->912a7d3b-e3f1-4985-b06b-5f0a929b8060@group-3636E5E7603C, cid=3311, SUCCESS, logIndex=4693, commits[912a7d3b-e3f1-4985-b06b-5f0a929b8060:c4695]
2019-07-13 08:33:06,193 INFO  client.GrpcClientProtocolClient (GrpcClientProtocolClient.java:onNext(255)) - client-0616CB290F12->912a7d3b-e3f1-4985-b06b-5f0a929b8060: receive RaftClientReply:client-0616CB290F12->912a7d3b-e3f1-4985-b06b-5f0a929b8060@group-3636E5E7603C, cid=3312, SUCCESS, logIndex=4694, commits[912a7d3b-e3f1-4985-b06b-5f0a929b8060:c4695]
2019-07-13 08:33:06,225 INFO  client.GrpcClientProtocolClient (GrpcClientProtocolClient.java:onNext(255)) - client-0616CB290F12->912a7d3b-e3f1-4985-b06b-5f0a929b8060: receive RaftClientReply:client-0616CB290F12->912a7d3b-e3f1-4985-b06b-5f0a929b8060@group-3636E5E7603C, cid=3313, SUCCESS, logIndex=4696, commits[912a7d3b-e3f1-4985-b06b-5f0a929b8060:c4697]
2019-07-13 08:33:06,226 INFO  client.GrpcClientProtocolClient (GrpcClientProtocolClient.java:onNext(255)) - client-0616CB290F12->912a7d3b-e3f1-4985-b06b-5f0a929b8060: receive RaftClientReply:client-0616CB290F12->912a7d3b-e3f1-4985-b06b-5f0a929b8060@group-3636E5E7603C, cid=3314, SUCCESS, logIndex=4697, commits[912a7d3b-e3f1-4985-b06b-5f0a929b8060:c4697]
2019-07-13 08:33:06,289 DEBUG block.SCMBlockDeletingService (SCMBlockDeletingService.java:call(138)) - Running DeletedBlockTransactionScanner
2019-07-13 08:33:06,289 DEBUG block.SCMBlockDeletingService (SCMBlockDeletingService.java:call(155)) - Scanned deleted blocks log and got 0 delTX to process.
2019-07-13 08:33:06,319 INFO  client.GrpcClientProtocolClient (GrpcClientProtocolClient.java:onNext(255)) - client-0616CB290F12->912a7d3b-e3f1-4985-b06b-5f0a929b8060: receive RaftClientReply:client-0616CB290F12->912a7d3b-e3f1-4985-b06b-5f0a929b8060@group-3636E5E7603C, cid=3315, SUCCESS, logIndex=4699, commits[912a7d3b-e3f1-4985-b06b-5f0a929b8060:c4700]
2019-07-13 08:33:06,319 INFO  client.GrpcClientProtocolClient (GrpcClientProtocolClient.java:onNext(255)) - client-0616CB290F12->912a7d3b-e3f1-4985-b06b-5f0a929b8060: receive RaftClientReply:client-0616CB290F12->912a7d3b-e3f1-4985-b06b-5f0a929b8060@group-3636E5E7603C, cid=3316, SUCCESS, logIndex=4700, commits[912a7d3b-e3f1-4985-b06b-5f0a929b8060:c4700]
2019-07-13 08:33:06,340 INFO  client.GrpcClientProtocolClient (GrpcClientProtocolClient.java:onNext(255)) - client-0616CB290F12->912a7d3b-e3f1-4985-b06b-5f0a929b8060: receive RaftClientReply:client-0616CB290F12->912a7d3b-e3f1-4985-b06b-5f0a929b8060@group-3636E5E7603C, cid=3317, SUCCESS, logIndex=4702, commits[912a7d3b-e3f1-4985-b06b-5f0a929b8060:c4705]
2019-07-13 08:33:06,340 INFO  client.GrpcClientProtocolClient (GrpcClientProtocolClient.java:onNext(255)) - client-0616CB290F12->912a7d3b-e3f1-4985-b06b-5f0a929b8060: receive RaftClientReply:client-0616CB290F12->912a7d3b-e3f1-4985-b06b-5f0a929b8060@group-3636E5E7603C, cid=3318, SUCCESS, logIndex=4703, commits[912a7d3b-e3f1-4985-b06b-5f0a929b8060:c4706]
2019-07-13 08:33:06,340 INFO  client.GrpcClientProtocolClient (GrpcClientProtocolClient.java:onNext(255)) - client-0616CB290F12->912a7d3b-e3f1-4985-b06b-5f0a929b8060: receive RaftClientReply:client-0616CB290F12->912a7d3b-e3f1-4985-b06b-5f0a929b8060@group-3636E5E7603C, cid=3319, SUCCESS, logIndex=4704, commits[912a7d3b-e3f1-4985-b06b-5f0a929b8060:c4706]
2019-07-13 08:33:06,341 INFO  client.GrpcClientProtocolClient (GrpcClientProtocolClient.java:onNext(255)) - client-0616CB290F12->912a7d3b-e3f1-4985-b06b-5f0a929b8060: receive RaftClientReply:client-0616CB290F12->912a7d3b-e3f1-4985-b06b-5f0a929b8060@group-3636E5E7603C, cid=3320, SUCCESS, logIndex=4705, commits[912a7d3b-e3f1-4985-b06b-5f0a929b8060:c4706]
2019-07-13 08:33:06,372 INFO  client.GrpcClientProtocolClient (GrpcClientProtocolClient.java:onNext(255)) - client-0616CB290F12->912a7d3b-e3f1-4985-b06b-5f0a929b8060: receive RaftClientReply:client-0616CB290F12->912a7d3b-e3f1-4985-b06b-5f0a929b8060@group-3636E5E7603C, cid=3321, SUCCESS, logIndex=4707, commits[912a7d3b-e3f1-4985-b06b-5f0a929b8060:c4710]
2019-07-13 08:33:06,373 INFO  client.GrpcClientProtocolClient (GrpcClientProtocolClient.java:onNext(255)) - client-0616CB290F12->912a7d3b-e3f1-4985-b06b-5f0a929b8060: receive RaftClientReply:client-0616CB290F12->912a7d3b-e3f1-4985-b06b-5f0a929b8060@group-3636E5E7603C, cid=3322, SUCCESS, logIndex=4708, commits[912a7d3b-e3f1-4985-b06b-5f0a929b8060:c4711]
2019-07-13 08:33:06,373 INFO  client.GrpcClientProtocolClient (GrpcClientProtocolClient.java:onNext(255)) - client-0616CB290F12->912a7d3b-e3f1-4985-b06b-5f0a929b8060: receive RaftClientReply:client-0616CB290F12->912a7d3b-e3f1-4985-b06b-5f0a929b8060@group-3636E5E7603C, cid=3323, SUCCESS, logIndex=4709, commits[912a7d3b-e3f1-4985-b06b-5f0a929b8060:c4711]
2019-07-13 08:33:06,373 INFO  client.GrpcClientProtocolClient (GrpcClientProtocolClient.java:onNext(255)) - client-0616CB290F12->912a7d3b-e3f1-4985-b06b-5f0a929b8060: receive RaftClientReply:client-0616CB290F12->912a7d3b-e3f1-4985-b06b-5f0a929b8060@group-3636E5E7603C, cid=3324, SUCCESS, logIndex=4710, commits[912a7d3b-e3f1-4985-b06b-5f0a929b8060:c4711]
2019-07-13 08:33:06,390 DEBUG block.SCMBlockDeletingService (SCMBlockDeletingService.java:call(138)) - Running DeletedBlockTransactionScanner
2019-07-13 08:33:06,390 DEBUG block.SCMBlockDeletingService (SCMBlockDeletingService.java:call(155)) - Scanned deleted blocks log and got 0 delTX to process.
2019-07-13 08:33:06,391 INFO  client.GrpcClientProtocolClient (GrpcClientProtocolClient.java:onNext(255)) - client-0616CB290F12->912a7d3b-e3f1-4985-b06b-5f0a929b8060: receive RaftClientReply:client-0616CB290F12->912a7d3b-e3f1-4985-b06b-5f0a929b8060@group-3636E5E7603C, cid=3325, SUCCESS, logIndex=4712, commits[912a7d3b-e3f1-4985-b06b-5f0a929b8060:c4715]
2019-07-13 08:33:06,392 INFO  client.GrpcClientProtocolClient (GrpcClientProtocolClient.java:onNext(255)) - client-0616CB290F12->912a7d3b-e3f1-4985-b06b-5f0a929b8060: receive RaftClientReply:client-0616CB290F12->912a7d3b-e3f1-4985-b06b-5f0a929b8060@group-3636E5E7603C, cid=3326, SUCCESS, logIndex=4713, commits[912a7d3b-e3f1-4985-b06b-5f0a929b8060:c4715]
2019-07-13 08:33:06,392 INFO  client.GrpcClientProtocolClient (GrpcClientProtocolClient.java:onNext(255)) - client-0616CB290F12->912a7d3b-e3f1-4985-b06b-5f0a929b8060: receive RaftClientReply:client-0616CB290F12->912a7d3b-e3f1-4985-b06b-5f0a929b8060@group-3636E5E7603C, cid=3327, SUCCESS, logIndex=4714, commits[912a7d3b-e3f1-4985-b06b-5f0a929b8060:c4715]
2019-07-13 08:33:06,392 INFO  client.GrpcClientProtocolClient (GrpcClientProtocolClient.java:onNext(255)) - client-0616CB290F12->912a7d3b-e3f1-4985-b06b-5f0a929b8060: receive RaftClientReply:client-0616CB290F12->912a7d3b-e3f1-4985-b06b-5f0a929b8060@group-3636E5E7603C, cid=3328, SUCCESS, logIndex=4715, commits[912a7d3b-e3f1-4985-b06b-5f0a929b8060:c4715]
2019-07-13 08:33:06,423 INFO  client.GrpcClientProtocolClient (GrpcClientProtocolClient.java:onNext(255)) - client-0616CB290F12->912a7d3b-e3f1-4985-b06b-5f0a929b8060: receive RaftClientReply:client-0616CB290F12->912a7d3b-e3f1-4985-b06b-5f0a929b8060@group-3636E5E7603C, cid=3329, SUCCESS, logIndex=4717, commits[912a7d3b-e3f1-4985-b06b-5f0a929b8060:c4720]
2019-07-13 08:33:06,423 INFO  client.GrpcClientProtocolClient (GrpcClientProtocolClient.java:onNext(255)) - client-0616CB290F12->912a7d3b-e3f1-4985-b06b-5f0a929b8060: receive RaftClientReply:client-0616CB290F12->912a7d3b-e3f1-4985-b06b-5f0a929b8060@group-3636E5E7603C, cid=3330, SUCCESS, logIndex=4718, commits[912a7d3b-e3f1-4985-b06b-5f0a929b8060:c4721]
2019-07-13 08:33:06,424 INFO  client.GrpcClientProtocolClient (GrpcClientProtocolClient.java:onNext(255)) - client-0616CB290F12->912a7d3b-e3f1-4985-b06b-5f0a929b8060: receive RaftClientReply:client-0616CB290F12->912a7d3b-e3f1-4985-b06b-5f0a929b8060@group-3636E5E7603C, cid=3331, SUCCESS, logIndex=4719, commits[912a7d3b-e3f1-4985-b06b-5f0a929b8060:c4721]
2019-07-13 08:33:06,424 INFO  client.GrpcClientProtocolClient (GrpcClientProtocolClient.java:onNext(255)) - client-0616CB290F12->912a7d3b-e3f1-4985-b06b-5f0a929b8060: receive RaftClientReply:client-0616CB290F12->912a7d3b-e3f1-4985-b06b-5f0a929b8060@group-3636E5E7603C, cid=3332, SUCCESS, logIndex=4720, commits[912a7d3b-e3f1-4985-b06b-5f0a929b8060:c4721]
2019-07-13 08:33:06,442 INFO  client.GrpcClientProtocolClient (GrpcClientProtocolClient.java:onNext(255)) - client-0616CB290F12->912a7d3b-e3f1-4985-b06b-5f0a929b8060: receive RaftClientReply:client-0616CB290F12->912a7d3b-e3f1-4985-b06b-5f0a929b8060@group-3636E5E7603C, cid=3333, SUCCESS, logIndex=4722, commits[912a7d3b-e3f1-4985-b06b-5f0a929b8060:c4723]
2019-07-13 08:33:06,442 INFO  client.GrpcClientProtocolClient (GrpcClientProtocolClient.java:onNext(255)) - client-0616CB290F12->912a7d3b-e3f1-4985-b06b-5f0a929b8060: receive RaftClientReply:client-0616CB290F12->912a7d3b-e3f1-4985-b06b-5f0a929b8060@group-3636E5E7603C, cid=3334, SUCCESS, logIndex=4723, commits[912a7d3b-e3f1-4985-b06b-5f0a929b8060:c4723]
2019-07-13 08:33:06,444 INFO  client.GrpcClientProtocolClient (GrpcClientProtocolClient.java:onNext(255)) - client-0616CB290F12->912a7d3b-e3f1-4985-b06b-5f0a929b8060: receive RaftClientReply:client-0616CB290F12->912a7d3b-e3f1-4985-b06b-5f0a929b8060@group-3636E5E7603C, cid=3335, SUCCESS, logIndex=4724, commits[912a7d3b-e3f1-4985-b06b-5f0a929b8060:c4725]
2019-07-13 08:33:06,445 INFO  client.GrpcClientProtocolClient (GrpcClientProtocolClient.java:onNext(255)) - client-0616CB290F12->912a7d3b-e3f1-4985-b06b-5f0a929b8060: receive RaftClientReply:client-0616CB290F12->912a7d3b-e3f1-4985-b06b-5f0a929b8060@group-3636E5E7603C, cid=3336, SUCCESS, logIndex=4725, commits[912a7d3b-e3f1-4985-b06b-5f0a929b8060:c4725]
2019-07-13 08:33:06,477 INFO  client.GrpcClientProtocolClient (GrpcClientProtocolClient.java:onNext(255)) - client-0616CB290F12->912a7d3b-e3f1-4985-b06b-5f0a929b8060: receive RaftClientReply:client-0616CB290F12->912a7d3b-e3f1-4985-b06b-5f0a929b8060@group-3636E5E7603C, cid=3337, SUCCESS, logIndex=4728, commits[912a7d3b-e3f1-4985-b06b-5f0a929b8060:c4731]
2019-07-13 08:33:06,477 INFO  client.GrpcClientProtocolClient (GrpcClientProtocolClient.java:onNext(255)) - client-0616CB290F12->912a7d3b-e3f1-4985-b06b-5f0a929b8060: receive RaftClientReply:client-0616CB290F12->912a7d3b-e3f1-4985-b06b-5f0a929b8060@group-3636E5E7603C, cid=3338, SUCCESS, logIndex=4729, commits[912a7d3b-e3f1-4985-b06b-5f0a929b8060:c4732]
2019-07-13 08:33:06,478 INFO  client.GrpcClientProtocolClient (GrpcClientProtocolClient.java:onNext(255)) - client-0616CB290F12->912a7d3b-e3f1-4985-b06b-5f0a929b8060: receive RaftClientReply:client-0616CB290F12->912a7d3b-e3f1-4985-b06b-5f0a929b8060@group-3636E5E7603C, cid=3339, SUCCESS, logIndex=4730, commits[912a7d3b-e3f1-4985-b06b-5f0a929b8060:c4732]
2019-07-13 08:33:06,478 INFO  client.GrpcClientProtocolClient (GrpcClientProtocolClient.java:onNext(255)) - client-0616CB290F12->912a7d3b-e3f1-4985-b06b-5f0a929b8060: receive RaftClientReply:client-0616CB290F12->912a7d3b-e3f1-4985-b06b-5f0a929b8060@group-3636E5E7603C, cid=3340, SUCCESS, logIndex=4731, commits[912a7d3b-e3f1-4985-b06b-5f0a929b8060:c4732]
2019-07-13 08:33:06,491 DEBUG block.SCMBlockDeletingService (SCMBlockDeletingService.java:call(138)) - Running DeletedBlockTransactionScanner
2019-07-13 08:33:06,491 DEBUG block.SCMBlockDeletingService (SCMBlockDeletingService.java:call(155)) - Scanned deleted blocks log and got 0 delTX to process.
2019-07-13 08:33:06,497 INFO  client.GrpcClientProtocolClient (GrpcClientProtocolClient.java:onNext(255)) - client-0616CB290F12->912a7d3b-e3f1-4985-b06b-5f0a929b8060: receive RaftClientReply:client-0616CB290F12->912a7d3b-e3f1-4985-b06b-5f0a929b8060@group-3636E5E7603C, cid=3341, SUCCESS, logIndex=4733, commits[912a7d3b-e3f1-4985-b06b-5f0a929b8060:c4734]
2019-07-13 08:33:06,498 INFO  client.GrpcClientProtocolClient (GrpcClientProtocolClient.java:onNext(255)) - client-0616CB290F12->912a7d3b-e3f1-4985-b06b-5f0a929b8060: receive RaftClientReply:client-0616CB290F12->912a7d3b-e3f1-4985-b06b-5f0a929b8060@group-3636E5E7603C, cid=3342, SUCCESS, logIndex=4734, commits[912a7d3b-e3f1-4985-b06b-5f0a929b8060:c4736]
2019-07-13 08:33:06,498 INFO  client.GrpcClientProtocolClient (GrpcClientProtocolClient.java:onNext(255)) - client-0616CB290F12->912a7d3b-e3f1-4985-b06b-5f0a929b8060: receive RaftClientReply:client-0616CB290F12->912a7d3b-e3f1-4985-b06b-5f0a929b8060@group-3636E5E7603C, cid=3343, SUCCESS, logIndex=4735, commits[912a7d3b-e3f1-4985-b06b-5f0a929b8060:c4737]
2019-07-13 08:33:06,498 INFO  client.GrpcClientProtocolClient (GrpcClientProtocolClient.java:onNext(255)) - client-0616CB290F12->912a7d3b-e3f1-4985-b06b-5f0a929b8060: receive RaftClientReply:client-0616CB290F12->912a7d3b-e3f1-4985-b06b-5f0a929b8060@group-3636E5E7603C, cid=3344, SUCCESS, logIndex=4736, commits[912a7d3b-e3f1-4985-b06b-5f0a929b8060:c4737]
2019-07-13 08:33:06,529 INFO  client.GrpcClientProtocolClient (GrpcClientProtocolClient.java:onNext(255)) - client-0616CB290F12->912a7d3b-e3f1-4985-b06b-5f0a929b8060: receive RaftClientReply:client-0616CB290F12->912a7d3b-e3f1-4985-b06b-5f0a929b8060@group-3636E5E7603C, cid=3345, SUCCESS, logIndex=4739, commits[912a7d3b-e3f1-4985-b06b-5f0a929b8060:c4740]
2019-07-13 08:33:06,530 INFO  client.GrpcClientProtocolClient (GrpcClientProtocolClient.java:onNext(255)) - client-0616CB290F12->912a7d3b-e3f1-4985-b06b-5f0a929b8060: receive RaftClientReply:client-0616CB290F12->912a7d3b-e3f1-4985-b06b-5f0a929b8060@group-3636E5E7603C, cid=3346, SUCCESS, logIndex=4740, commits[912a7d3b-e3f1-4985-b06b-5f0a929b8060:c4742]
2019-07-13 08:33:06,530 INFO  client.GrpcClientProtocolClient (GrpcClientProtocolClient.java:onNext(255)) - client-0616CB290F12->912a7d3b-e3f1-4985-b06b-5f0a929b8060: receive RaftClientReply:client-0616CB290F12->912a7d3b-e3f1-4985-b06b-5f0a929b8060@group-3636E5E7603C, cid=3347, SUCCESS, logIndex=4741, commits[912a7d3b-e3f1-4985-b06b-5f0a929b8060:c4742]
2019-07-13 08:33:06,530 INFO  client.GrpcClientProtocolClient (GrpcClientProtocolClient.java:onNext(255)) - client-0616CB290F12->912a7d3b-e3f1-4985-b06b-5f0a929b8060: receive RaftClientReply:client-0616CB290F12->912a7d3b-e3f1-4985-b06b-5f0a929b8060@group-3636E5E7603C, cid=3348, SUCCESS, logIndex=4742, commits[912a7d3b-e3f1-4985-b06b-5f0a929b8060:c4743]
2019-07-13 08:33:06,549 INFO  client.GrpcClientProtocolClient (GrpcClientProtocolClient.java:onNext(255)) - client-0616CB290F12->912a7d3b-e3f1-4985-b06b-5f0a929b8060: receive RaftClientReply:client-0616CB290F12->912a7d3b-e3f1-4985-b06b-5f0a929b8060@group-3636E5E7603C, cid=3349, SUCCESS, logIndex=4745, commits[912a7d3b-e3f1-4985-b06b-5f0a929b8060:c4746]
2019-07-13 08:33:06,550 INFO  client.GrpcClientProtocolClient (GrpcClientProtocolClient.java:onNext(255)) - client-0616CB290F12->912a7d3b-e3f1-4985-b06b-5f0a929b8060: receive RaftClientReply:client-0616CB290F12->912a7d3b-e3f1-4985-b06b-5f0a929b8060@group-3636E5E7603C, cid=3350, SUCCESS, logIndex=4746, commits[912a7d3b-e3f1-4985-b06b-5f0a929b8060:c4746]
2019-07-13 08:33:06,552 INFO  client.GrpcClientProtocolClient (GrpcClientProtocolClient.java:onNext(255)) - client-0616CB290F12->912a7d3b-e3f1-4985-b06b-5f0a929b8060: receive RaftClientReply:client-0616CB290F12->912a7d3b-e3f1-4985-b06b-5f0a929b8060@group-3636E5E7603C, cid=3351, SUCCESS, logIndex=4747, commits[912a7d3b-e3f1-4985-b06b-5f0a929b8060:c4748]
2019-07-13 08:33:06,552 INFO  client.GrpcClientProtocolClient (GrpcClientProtocolClient.java:onNext(255)) - client-0616CB290F12->912a7d3b-e3f1-4985-b06b-5f0a929b8060: receive RaftClientReply:client-0616CB290F12->912a7d3b-e3f1-4985-b06b-5f0a929b8060@group-3636E5E7603C, cid=3352, SUCCESS, logIndex=4748, commits[912a7d3b-e3f1-4985-b06b-5f0a929b8060:c4748]
2019-07-13 08:33:06,583 INFO  client.GrpcClientProtocolClient (GrpcClientProtocolClient.java:onNext(255)) - client-0616CB290F12->912a7d3b-e3f1-4985-b06b-5f0a929b8060: receive RaftClientReply:client-0616CB290F12->912a7d3b-e3f1-4985-b06b-5f0a929b8060@group-3636E5E7603C, cid=3353, SUCCESS, logIndex=4751, commits[912a7d3b-e3f1-4985-b06b-5f0a929b8060:c4752]
2019-07-13 08:33:06,584 INFO  client.GrpcClientProtocolClient (GrpcClientProtocolClient.java:onNext(255)) - client-0616CB290F12->912a7d3b-e3f1-4985-b06b-5f0a929b8060: receive RaftClientReply:client-0616CB290F12->912a7d3b-e3f1-4985-b06b-5f0a929b8060@group-3636E5E7603C, cid=3354, SUCCESS, logIndex=4752, commits[912a7d3b-e3f1-4985-b06b-5f0a929b8060:c4754]
2019-07-13 08:33:06,584 INFO  client.GrpcClientProtocolClient (GrpcClientProtocolClient.java:onNext(255)) - client-0616CB290F12->912a7d3b-e3f1-4985-b06b-5f0a929b8060: receive RaftClientReply:client-0616CB290F12->912a7d3b-e3f1-4985-b06b-5f0a929b8060@group-3636E5E7603C, cid=3355, SUCCESS, logIndex=4753, commits[912a7d3b-e3f1-4985-b06b-5f0a929b8060:c4755]
2019-07-13 08:33:06,584 INFO  client.GrpcClientProtocolClient (GrpcClientProtocolClient.java:onNext(255)) - client-0616CB290F12->912a7d3b-e3f1-4985-b06b-5f0a929b8060: receive RaftClientReply:client-0616CB290F12->912a7d3b-e3f1-4985-b06b-5f0a929b8060@group-3636E5E7603C, cid=3356, SUCCESS, logIndex=4754, commits[912a7d3b-e3f1-4985-b06b-5f0a929b8060:c4756]
2019-07-13 08:33:06,638 DEBUG block.SCMBlockDeletingService (SCMBlockDeletingService.java:call(138)) - Running DeletedBlockTransactionScanner
2019-07-13 08:33:06,638 DEBUG block.SCMBlockDeletingService (SCMBlockDeletingService.java:call(155)) - Scanned deleted blocks log and got 0 delTX to process.
2019-07-13 08:33:06,653 INFO  client.GrpcClientProtocolClient (GrpcClientProtocolClient.java:onNext(255)) - client-0616CB290F12->912a7d3b-e3f1-4985-b06b-5f0a929b8060: receive RaftClientReply:client-0616CB290F12->912a7d3b-e3f1-4985-b06b-5f0a929b8060@group-3636E5E7603C, cid=3357, SUCCESS, logIndex=4757, commits[912a7d3b-e3f1-4985-b06b-5f0a929b8060:c4758]
2019-07-13 08:33:06,653 INFO  client.GrpcClientProtocolClient (GrpcClientProtocolClient.java:onNext(255)) - client-0616CB290F12->912a7d3b-e3f1-4985-b06b-5f0a929b8060: receive RaftClientReply:client-0616CB290F12->912a7d3b-e3f1-4985-b06b-5f0a929b8060@group-3636E5E7603C, cid=3358, SUCCESS, logIndex=4758, commits[912a7d3b-e3f1-4985-b06b-5f0a929b8060:c4759]
2019-07-13 08:33:06,739 DEBUG block.SCMBlockDeletingService (SCMBlockDeletingService.java:call(138)) - Running DeletedBlockTransactionScanner
2019-07-13 08:33:06,739 DEBUG block.SCMBlockDeletingService (SCMBlockDeletingService.java:call(155)) - Scanned deleted blocks log and got 0 delTX to process.
2019-07-13 08:33:06,774 INFO  client.GrpcClientProtocolClient (GrpcClientProtocolClient.java:onNext(255)) - client-0616CB290F12->912a7d3b-e3f1-4985-b06b-5f0a929b8060: receive RaftClientReply:client-0616CB290F12->912a7d3b-e3f1-4985-b06b-5f0a929b8060@group-3636E5E7603C, cid=3359, SUCCESS, logIndex=4760, commits[912a7d3b-e3f1-4985-b06b-5f0a929b8060:c4761]
2019-07-13 08:33:06,774 INFO  client.GrpcClientProtocolClient (GrpcClientProtocolClient.java:onNext(255)) - client-0616CB290F12->912a7d3b-e3f1-4985-b06b-5f0a929b8060: receive RaftClientReply:client-0616CB290F12->912a7d3b-e3f1-4985-b06b-5f0a929b8060@group-3636E5E7603C, cid=3360, SUCCESS, logIndex=4761, commits[912a7d3b-e3f1-4985-b06b-5f0a929b8060:c4762]
2019-07-13 08:33:06,801 INFO  client.GrpcClientProtocolClient (GrpcClientProtocolClient.java:onNext(255)) - client-0616CB290F12->912a7d3b-e3f1-4985-b06b-5f0a929b8060: receive RaftClientReply:client-0616CB290F12->912a7d3b-e3f1-4985-b06b-5f0a929b8060@group-3636E5E7603C, cid=3361, SUCCESS, logIndex=4763, commits[912a7d3b-e3f1-4985-b06b-5f0a929b8060:c4764]
2019-07-13 08:33:06,801 INFO  client.GrpcClientProtocolClient (GrpcClientProtocolClient.java:onNext(255)) - client-0616CB290F12->912a7d3b-e3f1-4985-b06b-5f0a929b8060: receive RaftClientReply:client-0616CB290F12->912a7d3b-e3f1-4985-b06b-5f0a929b8060@group-3636E5E7603C, cid=3362, SUCCESS, logIndex=4764, commits[912a7d3b-e3f1-4985-b06b-5f0a929b8060:c4764]
2019-07-13 08:33:06,803 INFO  client.GrpcClientProtocolClient (GrpcClientProtocolClient.java:onNext(255)) - client-0616CB290F12->912a7d3b-e3f1-4985-b06b-5f0a929b8060: receive RaftClientReply:client-0616CB290F12->912a7d3b-e3f1-4985-b06b-5f0a929b8060@group-3636E5E7603C, cid=3363, SUCCESS, logIndex=4765, commits[912a7d3b-e3f1-4985-b06b-5f0a929b8060:c4766]
2019-07-13 08:33:06,804 INFO  client.GrpcClientProtocolClient (GrpcClientProtocolClient.java:onNext(255)) - client-0616CB290F12->912a7d3b-e3f1-4985-b06b-5f0a929b8060: receive RaftClientReply:client-0616CB290F12->912a7d3b-e3f1-4985-b06b-5f0a929b8060@group-3636E5E7603C, cid=3364, SUCCESS, logIndex=4766, commits[912a7d3b-e3f1-4985-b06b-5f0a929b8060:c4766]
2019-07-13 08:33:06,827 INFO  client.GrpcClientProtocolClient (GrpcClientProtocolClient.java:onNext(255)) - client-0616CB290F12->912a7d3b-e3f1-4985-b06b-5f0a929b8060: receive RaftClientReply:client-0616CB290F12->912a7d3b-e3f1-4985-b06b-5f0a929b8060@group-3636E5E7603C, cid=3365, SUCCESS, logIndex=4769, commits[912a7d3b-e3f1-4985-b06b-5f0a929b8060:c4772]
2019-07-13 08:33:06,827 INFO  client.GrpcClientProtocolClient (GrpcClientProtocolClient.java:onNext(255)) - client-0616CB290F12->912a7d3b-e3f1-4985-b06b-5f0a929b8060: receive RaftClientReply:client-0616CB290F12->912a7d3b-e3f1-4985-b06b-5f0a929b8060@group-3636E5E7603C, cid=3366, SUCCESS, logIndex=4770, commits[912a7d3b-e3f1-4985-b06b-5f0a929b8060:c4773]
2019-07-13 08:33:06,828 INFO  client.GrpcClientProtocolClient (GrpcClientProtocolClient.java:onNext(255)) - client-0616CB290F12->912a7d3b-e3f1-4985-b06b-5f0a929b8060: receive RaftClientReply:client-0616CB290F12->912a7d3b-e3f1-4985-b06b-5f0a929b8060@group-3636E5E7603C, cid=3367, SUCCESS, logIndex=4771, commits[912a7d3b-e3f1-4985-b06b-5f0a929b8060:c4773]
2019-07-13 08:33:06,828 INFO  client.GrpcClientProtocolClient (GrpcClientProtocolClient.java:onNext(255)) - client-0616CB290F12->912a7d3b-e3f1-4985-b06b-5f0a929b8060: receive RaftClientReply:client-0616CB290F12->912a7d3b-e3f1-4985-b06b-5f0a929b8060@group-3636E5E7603C, cid=3368, SUCCESS, logIndex=4772, commits[912a7d3b-e3f1-4985-b06b-5f0a929b8060:c4773]
2019-07-13 08:33:06,840 DEBUG block.SCMBlockDeletingService (SCMBlockDeletingService.java:call(138)) - Running DeletedBlockTransactionScanner
2019-07-13 08:33:06,840 DEBUG block.SCMBlockDeletingService (SCMBlockDeletingService.java:call(155)) - Scanned deleted blocks log and got 0 delTX to process.
2019-07-13 08:33:06,857 INFO  client.GrpcClientProtocolClient (GrpcClientProtocolClient.java:onNext(255)) - client-0616CB290F12->912a7d3b-e3f1-4985-b06b-5f0a929b8060: receive RaftClientReply:client-0616CB290F12->912a7d3b-e3f1-4985-b06b-5f0a929b8060@group-3636E5E7603C, cid=3369, SUCCESS, logIndex=4774, commits[912a7d3b-e3f1-4985-b06b-5f0a929b8060:c4777]
2019-07-13 08:33:06,857 INFO  client.GrpcClientProtocolClient (GrpcClientProtocolClient.java:onNext(255)) - client-0616CB290F12->912a7d3b-e3f1-4985-b06b-5f0a929b8060: receive RaftClientReply:client-0616CB290F12->912a7d3b-e3f1-4985-b06b-5f0a929b8060@group-3636E5E7603C, cid=3370, SUCCESS, logIndex=4775, commits[912a7d3b-e3f1-4985-b06b-5f0a929b8060:c4778]
2019-07-13 08:33:06,858 INFO  client.GrpcClientProtocolClient (GrpcClientProtocolClient.java:onNext(255)) - client-0616CB290F12->912a7d3b-e3f1-4985-b06b-5f0a929b8060: receive RaftClientReply:client-0616CB290F12->912a7d3b-e3f1-4985-b06b-5f0a929b8060@group-3636E5E7603C, cid=3371, SUCCESS, logIndex=4776, commits[912a7d3b-e3f1-4985-b06b-5f0a929b8060:c4778]
2019-07-13 08:33:06,858 INFO  client.GrpcClientProtocolClient (GrpcClientProtocolClient.java:onNext(255)) - client-0616CB290F12->912a7d3b-e3f1-4985-b06b-5f0a929b8060: receive RaftClientReply:client-0616CB290F12->912a7d3b-e3f1-4985-b06b-5f0a929b8060@group-3636E5E7603C, cid=3372, SUCCESS, logIndex=4777, commits[912a7d3b-e3f1-4985-b06b-5f0a929b8060:c4778]
2019-07-13 08:33:06,880 INFO  client.GrpcClientProtocolClient (GrpcClientProtocolClient.java:onNext(255)) - client-0616CB290F12->912a7d3b-e3f1-4985-b06b-5f0a929b8060: receive RaftClientReply:client-0616CB290F12->912a7d3b-e3f1-4985-b06b-5f0a929b8060@group-3636E5E7603C, cid=3373, SUCCESS, logIndex=4779, commits[912a7d3b-e3f1-4985-b06b-5f0a929b8060:c4782]
2019-07-13 08:33:06,880 INFO  client.GrpcClientProtocolClient (GrpcClientProtocolClient.java:onNext(255)) - client-0616CB290F12->912a7d3b-e3f1-4985-b06b-5f0a929b8060: receive RaftClientReply:client-0616CB290F12->912a7d3b-e3f1-4985-b06b-5f0a929b8060@group-3636E5E7603C, cid=3374, SUCCESS, logIndex=4780, commits[912a7d3b-e3f1-4985-b06b-5f0a929b8060:c4783]
2019-07-13 08:33:06,880 INFO  client.GrpcClientProtocolClient (GrpcClientProtocolClient.java:onNext(255)) - client-0616CB290F12->912a7d3b-e3f1-4985-b06b-5f0a929b8060: receive RaftClientReply:client-0616CB290F12->912a7d3b-e3f1-4985-b06b-5f0a929b8060@group-3636E5E7603C, cid=3375, SUCCESS, logIndex=4781, commits[912a7d3b-e3f1-4985-b06b-5f0a929b8060:c4783]
2019-07-13 08:33:06,880 INFO  client.GrpcClientProtocolClient (GrpcClientProtocolClient.java:onNext(255)) - client-0616CB290F12->912a7d3b-e3f1-4985-b06b-5f0a929b8060: receive RaftClientReply:client-0616CB290F12->912a7d3b-e3f1-4985-b06b-5f0a929b8060@group-3636E5E7603C, cid=3376, SUCCESS, logIndex=4782, commits[912a7d3b-e3f1-4985-b06b-5f0a929b8060:c4783]
2019-07-13 08:33:06,909 INFO  client.GrpcClientProtocolClient (GrpcClientProtocolClient.java:onNext(255)) - client-0616CB290F12->912a7d3b-e3f1-4985-b06b-5f0a929b8060: receive RaftClientReply:client-0616CB290F12->912a7d3b-e3f1-4985-b06b-5f0a929b8060@group-3636E5E7603C, cid=3377, SUCCESS, logIndex=4784, commits[912a7d3b-e3f1-4985-b06b-5f0a929b8060:c4787]
2019-07-13 08:33:06,909 INFO  client.GrpcClientProtocolClient (GrpcClientProtocolClient.java:onNext(255)) - client-0616CB290F12->912a7d3b-e3f1-4985-b06b-5f0a929b8060: receive RaftClientReply:client-0616CB290F12->912a7d3b-e3f1-4985-b06b-5f0a929b8060@group-3636E5E7603C, cid=3378, SUCCESS, logIndex=4785, commits[912a7d3b-e3f1-4985-b06b-5f0a929b8060:c4787]
2019-07-13 08:33:06,910 INFO  client.GrpcClientProtocolClient (GrpcClientProtocolClient.java:onNext(255)) - client-0616CB290F12->912a7d3b-e3f1-4985-b06b-5f0a929b8060: receive RaftClientReply:client-0616CB290F12->912a7d3b-e3f1-4985-b06b-5f0a929b8060@group-3636E5E7603C, cid=3379, SUCCESS, logIndex=4786, commits[912a7d3b-e3f1-4985-b06b-5f0a929b8060:c4787]
2019-07-13 08:33:06,910 INFO  client.GrpcClientProtocolClient (GrpcClientProtocolClient.java:onNext(255)) - client-0616CB290F12->912a7d3b-e3f1-4985-b06b-5f0a929b8060: receive RaftClientReply:client-0616CB290F12->912a7d3b-e3f1-4985-b06b-5f0a929b8060@group-3636E5E7603C, cid=3380, SUCCESS, logIndex=4787, commits[912a7d3b-e3f1-4985-b06b-5f0a929b8060:c4787]
2019-07-13 08:33:06,930 INFO  client.GrpcClientProtocolClient (GrpcClientProtocolClient.java:onNext(255)) - client-0616CB290F12->912a7d3b-e3f1-4985-b06b-5f0a929b8060: receive RaftClientReply:client-0616CB290F12->912a7d3b-e3f1-4985-b06b-5f0a929b8060@group-3636E5E7603C, cid=3381, SUCCESS, logIndex=4789, commits[912a7d3b-e3f1-4985-b06b-5f0a929b8060:c4792]
2019-07-13 08:33:06,930 INFO  client.GrpcClientProtocolClient (GrpcClientProtocolClient.java:onNext(255)) - client-0616CB290F12->912a7d3b-e3f1-4985-b06b-5f0a929b8060: receive RaftClientReply:client-0616CB290F12->912a7d3b-e3f1-4985-b06b-5f0a929b8060@group-3636E5E7603C, cid=3382, SUCCESS, logIndex=4790, commits[912a7d3b-e3f1-4985-b06b-5f0a929b8060:c4793]
2019-07-13 08:33:06,931 INFO  client.GrpcClientProtocolClient (GrpcClientProtocolClient.java:onNext(255)) - client-0616CB290F12->912a7d3b-e3f1-4985-b06b-5f0a929b8060: receive RaftClientReply:client-0616CB290F12->912a7d3b-e3f1-4985-b06b-5f0a929b8060@group-3636E5E7603C, cid=3383, SUCCESS, logIndex=4791, commits[912a7d3b-e3f1-4985-b06b-5f0a929b8060:c4793]
2019-07-13 08:33:06,931 INFO  client.GrpcClientProtocolClient (GrpcClientProtocolClient.java:onNext(255)) - client-0616CB290F12->912a7d3b-e3f1-4985-b06b-5f0a929b8060: receive RaftClientReply:client-0616CB290F12->912a7d3b-e3f1-4985-b06b-5f0a929b8060@group-3636E5E7603C, cid=3384, SUCCESS, logIndex=4792, commits[912a7d3b-e3f1-4985-b06b-5f0a929b8060:c4793]
2019-07-13 08:33:06,940 DEBUG block.SCMBlockDeletingService (SCMBlockDeletingService.java:call(138)) - Running DeletedBlockTransactionScanner
2019-07-13 08:33:06,941 DEBUG block.SCMBlockDeletingService (SCMBlockDeletingService.java:call(155)) - Scanned deleted blocks log and got 0 delTX to process.
2019-07-13 08:33:06,957 INFO  client.GrpcClientProtocolClient (GrpcClientProtocolClient.java:onNext(255)) - client-0616CB290F12->912a7d3b-e3f1-4985-b06b-5f0a929b8060: receive RaftClientReply:client-0616CB290F12->912a7d3b-e3f1-4985-b06b-5f0a929b8060@group-3636E5E7603C, cid=3385, SUCCESS, logIndex=4794, commits[912a7d3b-e3f1-4985-b06b-5f0a929b8060:c4795]
2019-07-13 08:33:06,957 INFO  client.GrpcClientProtocolClient (GrpcClientProtocolClient.java:onNext(255)) - client-0616CB290F12->912a7d3b-e3f1-4985-b06b-5f0a929b8060: receive RaftClientReply:client-0616CB290F12->912a7d3b-e3f1-4985-b06b-5f0a929b8060@group-3636E5E7603C, cid=3386, SUCCESS, logIndex=4795, commits[912a7d3b-e3f1-4985-b06b-5f0a929b8060:c4795]
2019-07-13 08:33:06,959 INFO  client.GrpcClientProtocolClient (GrpcClientProtocolClient.java:onNext(255)) - client-0616CB290F12->912a7d3b-e3f1-4985-b06b-5f0a929b8060: receive RaftClientReply:client-0616CB290F12->912a7d3b-e3f1-4985-b06b-5f0a929b8060@group-3636E5E7603C, cid=3387, SUCCESS, logIndex=4796, commits[912a7d3b-e3f1-4985-b06b-5f0a929b8060:c4797]
2019-07-13 08:33:06,959 INFO  client.GrpcClientProtocolClient (GrpcClientProtocolClient.java:onNext(255)) - client-0616CB290F12->912a7d3b-e3f1-4985-b06b-5f0a929b8060: receive RaftClientReply:client-0616CB290F12->912a7d3b-e3f1-4985-b06b-5f0a929b8060@group-3636E5E7603C, cid=3388, SUCCESS, logIndex=4797, commits[912a7d3b-e3f1-4985-b06b-5f0a929b8060:c4797]
2019-07-13 08:33:06,972 INFO  client.GrpcClientProtocolClient (GrpcClientProtocolClient.java:onNext(255)) - client-0616CB290F12->912a7d3b-e3f1-4985-b06b-5f0a929b8060: receive RaftClientReply:client-0616CB290F12->912a7d3b-e3f1-4985-b06b-5f0a929b8060@group-3636E5E7603C, cid=3389, SUCCESS, logIndex=4800, commits[912a7d3b-e3f1-4985-b06b-5f0a929b8060:c4803]
2019-07-13 08:33:06,972 INFO  client.GrpcClientProtocolClient (GrpcClientProtocolClient.java:onNext(255)) - client-0616CB290F12->912a7d3b-e3f1-4985-b06b-5f0a929b8060: receive RaftClientReply:client-0616CB290F12->912a7d3b-e3f1-4985-b06b-5f0a929b8060@group-3636E5E7603C, cid=3390, SUCCESS, logIndex=4801, commits[912a7d3b-e3f1-4985-b06b-5f0a929b8060:c4803]
2019-07-13 08:33:06,973 INFO  client.GrpcClientProtocolClient (GrpcClientProtocolClient.java:onNext(255)) - client-0616CB290F12->912a7d3b-e3f1-4985-b06b-5f0a929b8060: receive RaftClientReply:client-0616CB290F12->912a7d3b-e3f1-4985-b06b-5f0a929b8060@group-3636E5E7603C, cid=3391, SUCCESS, logIndex=4802, commits[912a7d3b-e3f1-4985-b06b-5f0a929b8060:c4803]
2019-07-13 08:33:06,973 INFO  client.GrpcClientProtocolClient (GrpcClientProtocolClient.java:onNext(255)) - client-0616CB290F12->912a7d3b-e3f1-4985-b06b-5f0a929b8060: receive RaftClientReply:client-0616CB290F12->912a7d3b-e3f1-4985-b06b-5f0a929b8060@group-3636E5E7603C, cid=3392, SUCCESS, logIndex=4803, commits[912a7d3b-e3f1-4985-b06b-5f0a929b8060:c4803]
2019-07-13 08:33:07,009 INFO  client.GrpcClientProtocolClient (GrpcClientProtocolClient.java:onNext(255)) - client-0616CB290F12->912a7d3b-e3f1-4985-b06b-5f0a929b8060: receive RaftClientReply:client-0616CB290F12->912a7d3b-e3f1-4985-b06b-5f0a929b8060@group-3636E5E7603C, cid=3393, SUCCESS, logIndex=4805, commits[912a7d3b-e3f1-4985-b06b-5f0a929b8060:c4808]
2019-07-13 08:33:07,010 INFO  client.GrpcClientProtocolClient (GrpcClientProtocolClient.java:onNext(255)) - client-0616CB290F12->912a7d3b-e3f1-4985-b06b-5f0a929b8060: receive RaftClientReply:client-0616CB290F12->912a7d3b-e3f1-4985-b06b-5f0a929b8060@group-3636E5E7603C, cid=3394, SUCCESS, logIndex=4806, commits[912a7d3b-e3f1-4985-b06b-5f0a929b8060:c4809]
2019-07-13 08:33:07,010 INFO  client.GrpcClientProtocolClient (GrpcClientProtocolClient.java:onNext(255)) - client-0616CB290F12->912a7d3b-e3f1-4985-b06b-5f0a929b8060: receive RaftClientReply:client-0616CB290F12->912a7d3b-e3f1-4985-b06b-5f0a929b8060@group-3636E5E7603C, cid=3395, SUCCESS, logIndex=4807, commits[912a7d3b-e3f1-4985-b06b-5f0a929b8060:c4809]
2019-07-13 08:33:07,010 INFO  client.GrpcClientProtocolClient (GrpcClientProtocolClient.java:onNext(255)) - client-0616CB290F12->912a7d3b-e3f1-4985-b06b-5f0a929b8060: receive RaftClientReply:client-0616CB290F12->912a7d3b-e3f1-4985-b06b-5f0a929b8060@group-3636E5E7603C, cid=3396, SUCCESS, logIndex=4808, commits[912a7d3b-e3f1-4985-b06b-5f0a929b8060:c4809]
2019-07-13 08:33:07,022 INFO  client.GrpcClientProtocolClient (GrpcClientProtocolClient.java:onNext(255)) - client-0616CB290F12->912a7d3b-e3f1-4985-b06b-5f0a929b8060: receive RaftClientReply:client-0616CB290F12->912a7d3b-e3f1-4985-b06b-5f0a929b8060@group-3636E5E7603C, cid=3397, SUCCESS, logIndex=4810, commits[912a7d3b-e3f1-4985-b06b-5f0a929b8060:c4813]
2019-07-13 08:33:07,022 INFO  client.GrpcClientProtocolClient (GrpcClientProtocolClient.java:onNext(255)) - client-0616CB290F12->912a7d3b-e3f1-4985-b06b-5f0a929b8060: receive RaftClientReply:client-0616CB290F12->912a7d3b-e3f1-4985-b06b-5f0a929b8060@group-3636E5E7603C, cid=3398, SUCCESS, logIndex=4811, commits[912a7d3b-e3f1-4985-b06b-5f0a929b8060:c4813]
2019-07-13 08:33:07,023 INFO  client.GrpcClientProtocolClient (GrpcClientProtocolClient.java:onNext(255)) - client-0616CB290F12->912a7d3b-e3f1-4985-b06b-5f0a929b8060: receive RaftClientReply:client-0616CB290F12->912a7d3b-e3f1-4985-b06b-5f0a929b8060@group-3636E5E7603C, cid=3399, SUCCESS, logIndex=4812, commits[912a7d3b-e3f1-4985-b06b-5f0a929b8060:c4814]
2019-07-13 08:33:07,023 INFO  client.GrpcClientProtocolClient (GrpcClientProtocolClient.java:onNext(255)) - client-0616CB290F12->912a7d3b-e3f1-4985-b06b-5f0a929b8060: receive RaftClientReply:client-0616CB290F12->912a7d3b-e3f1-4985-b06b-5f0a929b8060@group-3636E5E7603C, cid=3400, SUCCESS, logIndex=4813, commits[912a7d3b-e3f1-4985-b06b-5f0a929b8060:c4814]
2019-07-13 08:33:07,041 DEBUG block.SCMBlockDeletingService (SCMBlockDeletingService.java:call(138)) - Running DeletedBlockTransactionScanner
2019-07-13 08:33:07,041 DEBUG block.SCMBlockDeletingService (SCMBlockDeletingService.java:call(155)) - Scanned deleted blocks log and got 0 delTX to process.
2019-07-13 08:33:07,045 INFO  client.GrpcClientProtocolClient (GrpcClientProtocolClient.java:onNext(255)) - client-0616CB290F12->912a7d3b-e3f1-4985-b06b-5f0a929b8060: receive RaftClientReply:client-0616CB290F12->912a7d3b-e3f1-4985-b06b-5f0a929b8060@group-3636E5E7603C, cid=3401, SUCCESS, logIndex=4815, commits[912a7d3b-e3f1-4985-b06b-5f0a929b8060:c4816]
2019-07-13 08:33:07,046 INFO  client.GrpcClientProtocolClient (GrpcClientProtocolClient.java:onNext(255)) - client-0616CB290F12->912a7d3b-e3f1-4985-b06b-5f0a929b8060: receive RaftClientReply:client-0616CB290F12->912a7d3b-e3f1-4985-b06b-5f0a929b8060@group-3636E5E7603C, cid=3402, SUCCESS, logIndex=4816, commits[912a7d3b-e3f1-4985-b06b-5f0a929b8060:c4816]
2019-07-13 08:33:07,142 DEBUG block.SCMBlockDeletingService (SCMBlockDeletingService.java:call(138)) - Running DeletedBlockTransactionScanner
2019-07-13 08:33:07,142 DEBUG block.SCMBlockDeletingService (SCMBlockDeletingService.java:call(155)) - Scanned deleted blocks log and got 0 delTX to process.
2019-07-13 08:33:07,147 INFO  client.GrpcClientProtocolClient (GrpcClientProtocolClient.java:onNext(255)) - client-0616CB290F12->912a7d3b-e3f1-4985-b06b-5f0a929b8060: receive RaftClientReply:client-0616CB290F12->912a7d3b-e3f1-4985-b06b-5f0a929b8060@group-3636E5E7603C, cid=3403, SUCCESS, logIndex=4818, commits[912a7d3b-e3f1-4985-b06b-5f0a929b8060:c4819]
2019-07-13 08:33:07,147 INFO  client.GrpcClientProtocolClient (GrpcClientProtocolClient.java:onNext(255)) - client-0616CB290F12->912a7d3b-e3f1-4985-b06b-5f0a929b8060: receive RaftClientReply:client-0616CB290F12->912a7d3b-e3f1-4985-b06b-5f0a929b8060@group-3636E5E7603C, cid=3404, SUCCESS, logIndex=4819, commits[912a7d3b-e3f1-4985-b06b-5f0a929b8060:c4820]
2019-07-13 08:33:07,167 INFO  client.GrpcClientProtocolClient (GrpcClientProtocolClient.java:onNext(255)) - client-0616CB290F12->912a7d3b-e3f1-4985-b06b-5f0a929b8060: receive RaftClientReply:client-0616CB290F12->912a7d3b-e3f1-4985-b06b-5f0a929b8060@group-3636E5E7603C, cid=3405, SUCCESS, logIndex=4821, commits[912a7d3b-e3f1-4985-b06b-5f0a929b8060:c4822]
2019-07-13 08:33:07,168 INFO  client.GrpcClientProtocolClient (GrpcClientProtocolClient.java:onNext(255)) - client-0616CB290F12->912a7d3b-e3f1-4985-b06b-5f0a929b8060: receive RaftClientReply:client-0616CB290F12->912a7d3b-e3f1-4985-b06b-5f0a929b8060@group-3636E5E7603C, cid=3406, SUCCESS, logIndex=4822, commits[912a7d3b-e3f1-4985-b06b-5f0a929b8060:c4824]
2019-07-13 08:33:07,168 INFO  client.GrpcClientProtocolClient (GrpcClientProtocolClient.java:onNext(255)) - client-0616CB290F12->912a7d3b-e3f1-4985-b06b-5f0a929b8060: receive RaftClientReply:client-0616CB290F12->912a7d3b-e3f1-4985-b06b-5f0a929b8060@group-3636E5E7603C, cid=3407, SUCCESS, logIndex=4823, commits[912a7d3b-e3f1-4985-b06b-5f0a929b8060:c4824]
2019-07-13 08:33:07,168 INFO  client.GrpcClientProtocolClient (GrpcClientProtocolClient.java:onNext(255)) - client-0616CB290F12->912a7d3b-e3f1-4985-b06b-5f0a929b8060: receive RaftClientReply:client-0616CB290F12->912a7d3b-e3f1-4985-b06b-5f0a929b8060@group-3636E5E7603C, cid=3408, SUCCESS, logIndex=4824, commits[912a7d3b-e3f1-4985-b06b-5f0a929b8060:c4825]
2019-07-13 08:33:07,199 INFO  client.GrpcClientProtocolClient (GrpcClientProtocolClient.java:onNext(255)) - client-0616CB290F12->912a7d3b-e3f1-4985-b06b-5f0a929b8060: receive RaftClientReply:client-0616CB290F12->912a7d3b-e3f1-4985-b06b-5f0a929b8060@group-3636E5E7603C, cid=3409, SUCCESS, logIndex=4827, commits[912a7d3b-e3f1-4985-b06b-5f0a929b8060:c4830]
2019-07-13 08:33:07,200 INFO  client.GrpcClientProtocolClient (GrpcClientProtocolClient.java:onNext(255)) - client-0616CB290F12->912a7d3b-e3f1-4985-b06b-5f0a929b8060: receive RaftClientReply:client-0616CB290F12->912a7d3b-e3f1-4985-b06b-5f0a929b8060@group-3636E5E7603C, cid=3410, SUCCESS, logIndex=4828, commits[912a7d3b-e3f1-4985-b06b-5f0a929b8060:c4831]
2019-07-13 08:33:07,200 INFO  client.GrpcClientProtocolClient (GrpcClientProtocolClient.java:onNext(255)) - client-0616CB290F12->912a7d3b-e3f1-4985-b06b-5f0a929b8060: receive RaftClientReply:client-0616CB290F12->912a7d3b-e3f1-4985-b06b-5f0a929b8060@group-3636E5E7603C, cid=3411, SUCCESS, logIndex=4829, commits[912a7d3b-e3f1-4985-b06b-5f0a929b8060:c4831]
2019-07-13 08:33:07,200 INFO  client.GrpcClientProtocolClient (GrpcClientProtocolClient.java:onNext(255)) - client-0616CB290F12->912a7d3b-e3f1-4985-b06b-5f0a929b8060: receive RaftClientReply:client-0616CB290F12->912a7d3b-e3f1-4985-b06b-5f0a929b8060@group-3636E5E7603C, cid=3412, SUCCESS, logIndex=4830, commits[912a7d3b-e3f1-4985-b06b-5f0a929b8060:c4832]
2019-07-13 08:33:07,219 INFO  client.GrpcClientProtocolClient (GrpcClientProtocolClient.java:onNext(255)) - client-0616CB290F12->912a7d3b-e3f1-4985-b06b-5f0a929b8060: receive RaftClientReply:client-0616CB290F12->912a7d3b-e3f1-4985-b06b-5f0a929b8060@group-3636E5E7603C, cid=3413, SUCCESS, logIndex=4833, commits[912a7d3b-e3f1-4985-b06b-5f0a929b8060:c4834]
2019-07-13 08:33:07,219 INFO  client.GrpcClientProtocolClient (GrpcClientProtocolClient.java:onNext(255)) - client-0616CB290F12->912a7d3b-e3f1-4985-b06b-5f0a929b8060: receive RaftClientReply:client-0616CB290F12->912a7d3b-e3f1-4985-b06b-5f0a929b8060@group-3636E5E7603C, cid=3414, SUCCESS, logIndex=4834, commits[912a7d3b-e3f1-4985-b06b-5f0a929b8060:c4834]
2019-07-13 08:33:07,221 INFO  client.GrpcClientProtocolClient (GrpcClientProtocolClient.java:onNext(255)) - client-0616CB290F12->912a7d3b-e3f1-4985-b06b-5f0a929b8060: receive RaftClientReply:client-0616CB290F12->912a7d3b-e3f1-4985-b06b-5f0a929b8060@group-3636E5E7603C, cid=3415, SUCCESS, logIndex=4835, commits[912a7d3b-e3f1-4985-b06b-5f0a929b8060:c4836]
2019-07-13 08:33:07,221 INFO  client.GrpcClientProtocolClient (GrpcClientProtocolClient.java:onNext(255)) - client-0616CB290F12->912a7d3b-e3f1-4985-b06b-5f0a929b8060: receive RaftClientReply:client-0616CB290F12->912a7d3b-e3f1-4985-b06b-5f0a929b8060@group-3636E5E7603C, cid=3416, SUCCESS, logIndex=4836, commits[912a7d3b-e3f1-4985-b06b-5f0a929b8060:c4836]
2019-07-13 08:33:07,243 DEBUG block.SCMBlockDeletingService (SCMBlockDeletingService.java:call(138)) - Running DeletedBlockTransactionScanner
2019-07-13 08:33:07,243 DEBUG block.SCMBlockDeletingService (SCMBlockDeletingService.java:call(155)) - Scanned deleted blocks log and got 0 delTX to process.
2019-07-13 08:33:07,252 INFO  client.GrpcClientProtocolClient (GrpcClientProtocolClient.java:onNext(255)) - client-0616CB290F12->912a7d3b-e3f1-4985-b06b-5f0a929b8060: receive RaftClientReply:client-0616CB290F12->912a7d3b-e3f1-4985-b06b-5f0a929b8060@group-3636E5E7603C, cid=3417, SUCCESS, logIndex=4839, commits[912a7d3b-e3f1-4985-b06b-5f0a929b8060:c4842]
2019-07-13 08:33:07,253 INFO  client.GrpcClientProtocolClient (GrpcClientProtocolClient.java:onNext(255)) - client-0616CB290F12->912a7d3b-e3f1-4985-b06b-5f0a929b8060: receive RaftClientReply:client-0616CB290F12->912a7d3b-e3f1-4985-b06b-5f0a929b8060@group-3636E5E7603C, cid=3418, SUCCESS, logIndex=4840, commits[912a7d3b-e3f1-4985-b06b-5f0a929b8060:c4842]
2019-07-13 08:33:07,253 INFO  client.GrpcClientProtocolClient (GrpcClientProtocolClient.java:onNext(255)) - client-0616CB290F12->912a7d3b-e3f1-4985-b06b-5f0a929b8060: receive RaftClientReply:client-0616CB290F12->912a7d3b-e3f1-4985-b06b-5f0a929b8060@group-3636E5E7603C, cid=3419, SUCCESS, logIndex=4841, commits[912a7d3b-e3f1-4985-b06b-5f0a929b8060:c4843]
2019-07-13 08:33:07,253 INFO  client.GrpcClientProtocolClient (GrpcClientProtocolClient.java:onNext(255)) - client-0616CB290F12->912a7d3b-e3f1-4985-b06b-5f0a929b8060: receive RaftClientReply:client-0616CB290F12->912a7d3b-e3f1-4985-b06b-5f0a929b8060@group-3636E5E7603C, cid=3420, SUCCESS, logIndex=4842, commits[912a7d3b-e3f1-4985-b06b-5f0a929b8060:c4844]
2019-07-13 08:33:07,272 INFO  client.GrpcClientProtocolClient (GrpcClientProtocolClient.java:onNext(255)) - client-0616CB290F12->912a7d3b-e3f1-4985-b06b-5f0a929b8060: receive RaftClientReply:client-0616CB290F12->912a7d3b-e3f1-4985-b06b-5f0a929b8060@group-3636E5E7603C, cid=3421, SUCCESS, logIndex=4845, commits[912a7d3b-e3f1-4985-b06b-5f0a929b8060:c4846]
2019-07-13 08:33:07,273 INFO  client.GrpcClientProtocolClient (GrpcClientProtocolClient.java:onNext(255)) - client-0616CB290F12->912a7d3b-e3f1-4985-b06b-5f0a929b8060: receive RaftClientReply:client-0616CB290F12->912a7d3b-e3f1-4985-b06b-5f0a929b8060@group-3636E5E7603C, cid=3422, SUCCESS, logIndex=4846, commits[912a7d3b-e3f1-4985-b06b-5f0a929b8060:c4848]
2019-07-13 08:33:07,273 INFO  client.GrpcClientProtocolClient (GrpcClientProtocolClient.java:onNext(255)) - client-0616CB290F12->912a7d3b-e3f1-4985-b06b-5f0a929b8060: receive RaftClientReply:client-0616CB290F12->912a7d3b-e3f1-4985-b06b-5f0a929b8060@group-3636E5E7603C, cid=3423, SUCCESS, logIndex=4847, commits[912a7d3b-e3f1-4985-b06b-5f0a929b8060:c4849]
2019-07-13 08:33:07,274 INFO  client.GrpcClientProtocolClient (GrpcClientProtocolClient.java:onNext(255)) - client-0616CB290F12->912a7d3b-e3f1-4985-b06b-5f0a929b8060: receive RaftClientReply:client-0616CB290F12->912a7d3b-e3f1-4985-b06b-5f0a929b8060@group-3636E5E7603C, cid=3424, SUCCESS, logIndex=4848, commits[912a7d3b-e3f1-4985-b06b-5f0a929b8060:c4850]
2019-07-13 08:33:07,295 INFO  client.GrpcClientProtocolClient (GrpcClientProtocolClient.java:onNext(255)) - client-0616CB290F12->912a7d3b-e3f1-4985-b06b-5f0a929b8060: receive RaftClientReply:client-0616CB290F12->912a7d3b-e3f1-4985-b06b-5f0a929b8060@group-3636E5E7603C, cid=3425, SUCCESS, logIndex=4851, commits[912a7d3b-e3f1-4985-b06b-5f0a929b8060:c4852]
2019-07-13 08:33:07,296 INFO  client.GrpcClientProtocolClient (GrpcClientProtocolClient.java:onNext(255)) - client-0616CB290F12->912a7d3b-e3f1-4985-b06b-5f0a929b8060: receive RaftClientReply:client-0616CB290F12->912a7d3b-e3f1-4985-b06b-5f0a929b8060@group-3636E5E7603C, cid=3426, SUCCESS, logIndex=4852, commits[912a7d3b-e3f1-4985-b06b-5f0a929b8060:c4852]
2019-07-13 08:33:07,297 INFO  client.GrpcClientProtocolClient (GrpcClientProtocolClient.java:onNext(255)) - client-0616CB290F12->912a7d3b-e3f1-4985-b06b-5f0a929b8060: receive RaftClientReply:client-0616CB290F12->912a7d3b-e3f1-4985-b06b-5f0a929b8060@group-3636E5E7603C, cid=3427, SUCCESS, logIndex=4853, commits[912a7d3b-e3f1-4985-b06b-5f0a929b8060:c4855]
2019-07-13 08:33:07,297 INFO  client.GrpcClientProtocolClient (GrpcClientProtocolClient.java:onNext(255)) - client-0616CB290F12->912a7d3b-e3f1-4985-b06b-5f0a929b8060: receive RaftClientReply:client-0616CB290F12->912a7d3b-e3f1-4985-b06b-5f0a929b8060@group-3636E5E7603C, cid=3428, SUCCESS, logIndex=4854, commits[912a7d3b-e3f1-4985-b06b-5f0a929b8060:c4855]
2019-07-13 08:33:07,307 INFO  client.GrpcClientProtocolClient (GrpcClientProtocolClient.java:onNext(255)) - client-0616CB290F12->912a7d3b-e3f1-4985-b06b-5f0a929b8060: receive RaftClientReply:client-0616CB290F12->912a7d3b-e3f1-4985-b06b-5f0a929b8060@group-3636E5E7603C, cid=3429, SUCCESS, logIndex=4856, commits[912a7d3b-e3f1-4985-b06b-5f0a929b8060:c4857]
2019-07-13 08:33:07,307 INFO  client.GrpcClientProtocolClient (GrpcClientProtocolClient.java:onNext(255)) - client-0616CB290F12->912a7d3b-e3f1-4985-b06b-5f0a929b8060: receive RaftClientReply:client-0616CB290F12->912a7d3b-e3f1-4985-b06b-5f0a929b8060@group-3636E5E7603C, cid=3430, SUCCESS, logIndex=4857, commits[912a7d3b-e3f1-4985-b06b-5f0a929b8060:c4857]
2019-07-13 08:33:07,308 INFO  client.GrpcClientProtocolClient (GrpcClientProtocolClient.java:onNext(255)) - client-0616CB290F12->912a7d3b-e3f1-4985-b06b-5f0a929b8060: receive RaftClientReply:client-0616CB290F12->912a7d3b-e3f1-4985-b06b-5f0a929b8060@group-3636E5E7603C, cid=3431, SUCCESS, logIndex=4858, commits[912a7d3b-e3f1-4985-b06b-5f0a929b8060:c4860]
2019-07-13 08:33:07,309 INFO  client.GrpcClientProtocolClient (GrpcClientProtocolClient.java:onNext(255)) - client-0616CB290F12->912a7d3b-e3f1-4985-b06b-5f0a929b8060: receive RaftClientReply:client-0616CB290F12->912a7d3b-e3f1-4985-b06b-5f0a929b8060@group-3636E5E7603C, cid=3432, SUCCESS, logIndex=4859, commits[912a7d3b-e3f1-4985-b06b-5f0a929b8060:c4860]
2019-07-13 08:33:07,342 INFO  client.GrpcClientProtocolClient (GrpcClientProtocolClient.java:onNext(255)) - client-0616CB290F12->912a7d3b-e3f1-4985-b06b-5f0a929b8060: receive RaftClientReply:client-0616CB290F12->912a7d3b-e3f1-4985-b06b-5f0a929b8060@group-3636E5E7603C, cid=3433, SUCCESS, logIndex=4861, commits[912a7d3b-e3f1-4985-b06b-5f0a929b8060:c4864]
2019-07-13 08:33:07,343 INFO  client.GrpcClientProtocolClient (GrpcClientProtocolClient.java:onNext(255)) - client-0616CB290F12->912a7d3b-e3f1-4985-b06b-5f0a929b8060: receive RaftClientReply:client-0616CB290F12->912a7d3b-e3f1-4985-b06b-5f0a929b8060@group-3636E5E7603C, cid=3434, SUCCESS, logIndex=4862, commits[912a7d3b-e3f1-4985-b06b-5f0a929b8060:c4865]
2019-07-13 08:33:07,343 INFO  client.GrpcClientProtocolClient (GrpcClientProtocolClient.java:onNext(255)) - client-0616CB290F12->912a7d3b-e3f1-4985-b06b-5f0a929b8060: receive RaftClientReply:client-0616CB290F12->912a7d3b-e3f1-4985-b06b-5f0a929b8060@group-3636E5E7603C, cid=3435, SUCCESS, logIndex=4863, commits[912a7d3b-e3f1-4985-b06b-5f0a929b8060:c4865]
2019-07-13 08:33:07,344 DEBUG block.SCMBlockDeletingService (SCMBlockDeletingService.java:call(138)) - Running DeletedBlockTransactionScanner
2019-07-13 08:33:07,344 INFO  client.GrpcClientProtocolClient (GrpcClientProtocolClient.java:onNext(255)) - client-0616CB290F12->912a7d3b-e3f1-4985-b06b-5f0a929b8060: receive RaftClientReply:client-0616CB290F12->912a7d3b-e3f1-4985-b06b-5f0a929b8060@group-3636E5E7603C, cid=3436, SUCCESS, logIndex=4864, commits[912a7d3b-e3f1-4985-b06b-5f0a929b8060:c4865]
2019-07-13 08:33:07,344 DEBUG block.SCMBlockDeletingService (SCMBlockDeletingService.java:call(155)) - Scanned deleted blocks log and got 0 delTX to process.
2019-07-13 08:33:07,355 INFO  client.GrpcClientProtocolClient (GrpcClientProtocolClient.java:onNext(255)) - client-0616CB290F12->912a7d3b-e3f1-4985-b06b-5f0a929b8060: receive RaftClientReply:client-0616CB290F12->912a7d3b-e3f1-4985-b06b-5f0a929b8060@group-3636E5E7603C, cid=3437, SUCCESS, logIndex=4866, commits[912a7d3b-e3f1-4985-b06b-5f0a929b8060:c4869]
2019-07-13 08:33:07,355 INFO  client.GrpcClientProtocolClient (GrpcClientProtocolClient.java:onNext(255)) - client-0616CB290F12->912a7d3b-e3f1-4985-b06b-5f0a929b8060: receive RaftClientReply:client-0616CB290F12->912a7d3b-e3f1-4985-b06b-5f0a929b8060@group-3636E5E7603C, cid=3438, SUCCESS, logIndex=4867, commits[912a7d3b-e3f1-4985-b06b-5f0a929b8060:c4869]
2019-07-13 08:33:07,356 INFO  client.GrpcClientProtocolClient (GrpcClientProtocolClient.java:onNext(255)) - client-0616CB290F12->912a7d3b-e3f1-4985-b06b-5f0a929b8060: receive RaftClientReply:client-0616CB290F12->912a7d3b-e3f1-4985-b06b-5f0a929b8060@group-3636E5E7603C, cid=3439, SUCCESS, logIndex=4868, commits[912a7d3b-e3f1-4985-b06b-5f0a929b8060:c4870]
2019-07-13 08:33:07,356 INFO  client.GrpcClientProtocolClient (GrpcClientProtocolClient.java:onNext(255)) - client-0616CB290F12->912a7d3b-e3f1-4985-b06b-5f0a929b8060: receive RaftClientReply:client-0616CB290F12->912a7d3b-e3f1-4985-b06b-5f0a929b8060@group-3636E5E7603C, cid=3440, SUCCESS, logIndex=4869, commits[912a7d3b-e3f1-4985-b06b-5f0a929b8060:c4870]
2019-07-13 08:33:07,381 INFO  client.GrpcClientProtocolClient (GrpcClientProtocolClient.java:onNext(255)) - client-0616CB290F12->912a7d3b-e3f1-4985-b06b-5f0a929b8060: receive RaftClientReply:client-0616CB290F12->912a7d3b-e3f1-4985-b06b-5f0a929b8060@group-3636E5E7603C, cid=3441, SUCCESS, logIndex=4871, commits[912a7d3b-e3f1-4985-b06b-5f0a929b8060:c4872]
2019-07-13 08:33:07,382 INFO  client.GrpcClientProtocolClient (GrpcClientProtocolClient.java:onNext(255)) - client-0616CB290F12->912a7d3b-e3f1-4985-b06b-5f0a929b8060: receive RaftClientReply:client-0616CB290F12->912a7d3b-e3f1-4985-b06b-5f0a929b8060@group-3636E5E7603C, cid=3442, SUCCESS, logIndex=4872, commits[912a7d3b-e3f1-4985-b06b-5f0a929b8060:c4872]
2019-07-13 08:33:07,383 INFO  client.GrpcClientProtocolClient (GrpcClientProtocolClient.java:onNext(255)) - client-0616CB290F12->912a7d3b-e3f1-4985-b06b-5f0a929b8060: receive RaftClientReply:client-0616CB290F12->912a7d3b-e3f1-4985-b06b-5f0a929b8060@group-3636E5E7603C, cid=3443, SUCCESS, logIndex=4873, commits[912a7d3b-e3f1-4985-b06b-5f0a929b8060:c4875]
2019-07-13 08:33:07,383 INFO  client.GrpcClientProtocolClient (GrpcClientProtocolClient.java:onNext(255)) - client-0616CB290F12->912a7d3b-e3f1-4985-b06b-5f0a929b8060: receive RaftClientReply:client-0616CB290F12->912a7d3b-e3f1-4985-b06b-5f0a929b8060@group-3636E5E7603C, cid=3444, SUCCESS, logIndex=4874, commits[912a7d3b-e3f1-4985-b06b-5f0a929b8060:c4875]
2019-07-13 08:33:07,392 INFO  client.GrpcClientProtocolClient (GrpcClientProtocolClient.java:onNext(255)) - client-0616CB290F12->912a7d3b-e3f1-4985-b06b-5f0a929b8060: receive RaftClientReply:client-0616CB290F12->912a7d3b-e3f1-4985-b06b-5f0a929b8060@group-3636E5E7603C, cid=3445, SUCCESS, logIndex=4876, commits[912a7d3b-e3f1-4985-b06b-5f0a929b8060:c4877]
2019-07-13 08:33:07,392 INFO  client.GrpcClientProtocolClient (GrpcClientProtocolClient.java:onNext(255)) - client-0616CB290F12->912a7d3b-e3f1-4985-b06b-5f0a929b8060: receive RaftClientReply:client-0616CB290F12->912a7d3b-e3f1-4985-b06b-5f0a929b8060@group-3636E5E7603C, cid=3446, SUCCESS, logIndex=4877, commits[912a7d3b-e3f1-4985-b06b-5f0a929b8060:c4877]
2019-07-13 08:33:07,399 INFO  client.GrpcClientProtocolClient (GrpcClientProtocolClient.java:onNext(255)) - client-0616CB290F12->912a7d3b-e3f1-4985-b06b-5f0a929b8060: receive RaftClientReply:client-0616CB290F12->912a7d3b-e3f1-4985-b06b-5f0a929b8060@group-3636E5E7603C, cid=3447, SUCCESS, logIndex=4878, commits[912a7d3b-e3f1-4985-b06b-5f0a929b8060:c4880]
2019-07-13 08:33:07,400 INFO  client.GrpcClientProtocolClient (GrpcClientProtocolClient.java:onNext(255)) - client-0616CB290F12->912a7d3b-e3f1-4985-b06b-5f0a929b8060: receive RaftClientReply:client-0616CB290F12->912a7d3b-e3f1-4985-b06b-5f0a929b8060@group-3636E5E7603C, cid=3448, SUCCESS, logIndex=4879, commits[912a7d3b-e3f1-4985-b06b-5f0a929b8060:c4880]
2019-07-13 08:33:07,445 DEBUG block.SCMBlockDeletingService (SCMBlockDeletingService.java:call(138)) - Running DeletedBlockTransactionScanner
2019-07-13 08:33:07,445 DEBUG block.SCMBlockDeletingService (SCMBlockDeletingService.java:call(155)) - Scanned deleted blocks log and got 0 delTX to process.
2019-07-13 08:33:07,559 DEBUG block.SCMBlockDeletingService (SCMBlockDeletingService.java:call(138)) - Running DeletedBlockTransactionScanner
2019-07-13 08:33:07,559 DEBUG block.SCMBlockDeletingService (SCMBlockDeletingService.java:call(155)) - Scanned deleted blocks log and got 0 delTX to process.
2019-07-13 08:33:07,588 INFO  client.GrpcClientProtocolClient (GrpcClientProtocolClient.java:onNext(255)) - client-0616CB290F12->912a7d3b-e3f1-4985-b06b-5f0a929b8060: receive RaftClientReply:client-0616CB290F12->912a7d3b-e3f1-4985-b06b-5f0a929b8060@group-3636E5E7603C, cid=3449, SUCCESS, logIndex=4881, commits[912a7d3b-e3f1-4985-b06b-5f0a929b8060:c4882]
2019-07-13 08:33:07,589 INFO  client.GrpcClientProtocolClient (GrpcClientProtocolClient.java:onNext(255)) - client-0616CB290F12->912a7d3b-e3f1-4985-b06b-5f0a929b8060: receive RaftClientReply:client-0616CB290F12->912a7d3b-e3f1-4985-b06b-5f0a929b8060@group-3636E5E7603C, cid=3450, SUCCESS, logIndex=4882, commits[912a7d3b-e3f1-4985-b06b-5f0a929b8060:c4882]
2019-07-13 08:33:07,590 INFO  client.GrpcClientProtocolClient (GrpcClientProtocolClient.java:onNext(255)) - client-0616CB290F12->912a7d3b-e3f1-4985-b06b-5f0a929b8060: receive RaftClientReply:client-0616CB290F12->912a7d3b-e3f1-4985-b06b-5f0a929b8060@group-3636E5E7603C, cid=3451, SUCCESS, logIndex=4883, commits[912a7d3b-e3f1-4985-b06b-5f0a929b8060:c4884]
2019-07-13 08:33:07,591 INFO  client.GrpcClientProtocolClient (GrpcClientProtocolClient.java:onNext(255)) - client-0616CB290F12->912a7d3b-e3f1-4985-b06b-5f0a929b8060: receive RaftClientReply:client-0616CB290F12->912a7d3b-e3f1-4985-b06b-5f0a929b8060@group-3636E5E7603C, cid=3452, SUCCESS, logIndex=4884, commits[912a7d3b-e3f1-4985-b06b-5f0a929b8060:c4884]
2019-07-13 08:33:07,602 INFO  client.GrpcClientProtocolClient (GrpcClientProtocolClient.java:onNext(255)) - client-0616CB290F12->912a7d3b-e3f1-4985-b06b-5f0a929b8060: receive RaftClientReply:client-0616CB290F12->912a7d3b-e3f1-4985-b06b-5f0a929b8060@group-3636E5E7603C, cid=3453, SUCCESS, logIndex=4887, commits[912a7d3b-e3f1-4985-b06b-5f0a929b8060:c4888]
2019-07-13 08:33:07,603 INFO  client.GrpcClientProtocolClient (GrpcClientProtocolClient.java:onNext(255)) - client-0616CB290F12->912a7d3b-e3f1-4985-b06b-5f0a929b8060: receive RaftClientReply:client-0616CB290F12->912a7d3b-e3f1-4985-b06b-5f0a929b8060@group-3636E5E7603C, cid=3454, SUCCESS, logIndex=4888, commits[912a7d3b-e3f1-4985-b06b-5f0a929b8060:c4888]
2019-07-13 08:33:07,615 INFO  client.GrpcClientProtocolClient (GrpcClientProtocolClient.java:onNext(255)) - client-0616CB290F12->912a7d3b-e3f1-4985-b06b-5f0a929b8060: receive RaftClientReply:client-0616CB290F12->912a7d3b-e3f1-4985-b06b-5f0a929b8060@group-3636E5E7603C, cid=3455, SUCCESS, logIndex=4889, commits[912a7d3b-e3f1-4985-b06b-5f0a929b8060:c4891]
2019-07-13 08:33:07,615 INFO  client.GrpcClientProtocolClient (GrpcClientProtocolClient.java:onNext(255)) - client-0616CB290F12->912a7d3b-e3f1-4985-b06b-5f0a929b8060: receive RaftClientReply:client-0616CB290F12->912a7d3b-e3f1-4985-b06b-5f0a929b8060@group-3636E5E7603C, cid=3456, SUCCESS, logIndex=4890, commits[912a7d3b-e3f1-4985-b06b-5f0a929b8060:c4891]
2019-07-13 08:33:07,652 INFO  client.GrpcClientProtocolClient (GrpcClientProtocolClient.java:onNext(255)) - client-0616CB290F12->912a7d3b-e3f1-4985-b06b-5f0a929b8060: receive RaftClientReply:client-0616CB290F12->912a7d3b-e3f1-4985-b06b-5f0a929b8060@group-3636E5E7603C, cid=3457, SUCCESS, logIndex=4892, commits[912a7d3b-e3f1-4985-b06b-5f0a929b8060:c4893]
2019-07-13 08:33:07,653 INFO  client.GrpcClientProtocolClient (GrpcClientProtocolClient.java:onNext(255)) - client-0616CB290F12->912a7d3b-e3f1-4985-b06b-5f0a929b8060: receive RaftClientReply:client-0616CB290F12->912a7d3b-e3f1-4985-b06b-5f0a929b8060@group-3636E5E7603C, cid=3458, SUCCESS, logIndex=4893, commits[912a7d3b-e3f1-4985-b06b-5f0a929b8060:c4895]
2019-07-13 08:33:07,653 INFO  client.GrpcClientProtocolClient (GrpcClientProtocolClient.java:onNext(255)) - client-0616CB290F12->912a7d3b-e3f1-4985-b06b-5f0a929b8060: receive RaftClientReply:client-0616CB290F12->912a7d3b-e3f1-4985-b06b-5f0a929b8060@group-3636E5E7603C, cid=3459, SUCCESS, logIndex=4894, commits[912a7d3b-e3f1-4985-b06b-5f0a929b8060:c4896]
2019-07-13 08:33:07,653 INFO  client.GrpcClientProtocolClient (GrpcClientProtocolClient.java:onNext(255)) - client-0616CB290F12->912a7d3b-e3f1-4985-b06b-5f0a929b8060: receive RaftClientReply:client-0616CB290F12->912a7d3b-e3f1-4985-b06b-5f0a929b8060@group-3636E5E7603C, cid=3460, SUCCESS, logIndex=4895, commits[912a7d3b-e3f1-4985-b06b-5f0a929b8060:c4896]
2019-07-13 08:33:07,660 DEBUG block.SCMBlockDeletingService (SCMBlockDeletingService.java:call(138)) - Running DeletedBlockTransactionScanner
2019-07-13 08:33:07,660 DEBUG block.SCMBlockDeletingService (SCMBlockDeletingService.java:call(155)) - Scanned deleted blocks log and got 0 delTX to process.
2019-07-13 08:33:07,674 INFO  client.GrpcClientProtocolClient (GrpcClientProtocolClient.java:onNext(255)) - client-0616CB290F12->912a7d3b-e3f1-4985-b06b-5f0a929b8060: receive RaftClientReply:client-0616CB290F12->912a7d3b-e3f1-4985-b06b-5f0a929b8060@group-3636E5E7603C, cid=3461, SUCCESS, logIndex=4898, commits[912a7d3b-e3f1-4985-b06b-5f0a929b8060:c4901]
2019-07-13 08:33:07,674 INFO  client.GrpcClientProtocolClient (GrpcClientProtocolClient.java:onNext(255)) - client-0616CB290F12->912a7d3b-e3f1-4985-b06b-5f0a929b8060: receive RaftClientReply:client-0616CB290F12->912a7d3b-e3f1-4985-b06b-5f0a929b8060@group-3636E5E7603C, cid=3462, SUCCESS, logIndex=4899, commits[912a7d3b-e3f1-4985-b06b-5f0a929b8060:c4901]
2019-07-13 08:33:07,675 INFO  client.GrpcClientProtocolClient (GrpcClientProtocolClient.java:onNext(255)) - client-0616CB290F12->912a7d3b-e3f1-4985-b06b-5f0a929b8060: receive RaftClientReply:client-0616CB290F12->912a7d3b-e3f1-4985-b06b-5f0a929b8060@group-3636E5E7603C, cid=3463, SUCCESS, logIndex=4900, commits[912a7d3b-e3f1-4985-b06b-5f0a929b8060:c4902]
2019-07-13 08:33:07,675 INFO  client.GrpcClientProtocolClient (GrpcClientProtocolClient.java:onNext(255)) - client-0616CB290F12->912a7d3b-e3f1-4985-b06b-5f0a929b8060: receive RaftClientReply:client-0616CB290F12->912a7d3b-e3f1-4985-b06b-5f0a929b8060@group-3636E5E7603C, cid=3464, SUCCESS, logIndex=4901, commits[912a7d3b-e3f1-4985-b06b-5f0a929b8060:c4903]
2019-07-13 08:33:07,711 INFO  client.GrpcClientProtocolClient (GrpcClientProtocolClient.java:onNext(255)) - client-0616CB290F12->912a7d3b-e3f1-4985-b06b-5f0a929b8060: receive RaftClientReply:client-0616CB290F12->912a7d3b-e3f1-4985-b06b-5f0a929b8060@group-3636E5E7603C, cid=3465, SUCCESS, logIndex=4904, commits[912a7d3b-e3f1-4985-b06b-5f0a929b8060:c4907]
2019-07-13 08:33:07,711 INFO  client.GrpcClientProtocolClient (GrpcClientProtocolClient.java:onNext(255)) - client-0616CB290F12->912a7d3b-e3f1-4985-b06b-5f0a929b8060: receive RaftClientReply:client-0616CB290F12->912a7d3b-e3f1-4985-b06b-5f0a929b8060@group-3636E5E7603C, cid=3466, SUCCESS, logIndex=4905, commits[912a7d3b-e3f1-4985-b06b-5f0a929b8060:c4908]
2019-07-13 08:33:07,711 INFO  client.GrpcClientProtocolClient (GrpcClientProtocolClient.java:onNext(255)) - client-0616CB290F12->912a7d3b-e3f1-4985-b06b-5f0a929b8060: receive RaftClientReply:client-0616CB290F12->912a7d3b-e3f1-4985-b06b-5f0a929b8060@group-3636E5E7603C, cid=3467, SUCCESS, logIndex=4906, commits[912a7d3b-e3f1-4985-b06b-5f0a929b8060:c4908]
2019-07-13 08:33:07,712 INFO  client.GrpcClientProtocolClient (GrpcClientProtocolClient.java:onNext(255)) - client-0616CB290F12->912a7d3b-e3f1-4985-b06b-5f0a929b8060: receive RaftClientReply:client-0616CB290F12->912a7d3b-e3f1-4985-b06b-5f0a929b8060@group-3636E5E7603C, cid=3468, SUCCESS, logIndex=4907, commits[912a7d3b-e3f1-4985-b06b-5f0a929b8060:c4908]
2019-07-13 08:33:07,736 INFO  client.GrpcClientProtocolClient (GrpcClientProtocolClient.java:onNext(255)) - client-0616CB290F12->912a7d3b-e3f1-4985-b06b-5f0a929b8060: receive RaftClientReply:client-0616CB290F12->912a7d3b-e3f1-4985-b06b-5f0a929b8060@group-3636E5E7603C, cid=3469, SUCCESS, logIndex=4909, commits[912a7d3b-e3f1-4985-b06b-5f0a929b8060:c4912]
2019-07-13 08:33:07,736 INFO  client.GrpcClientProtocolClient (GrpcClientProtocolClient.java:onNext(255)) - client-0616CB290F12->912a7d3b-e3f1-4985-b06b-5f0a929b8060: receive RaftClientReply:client-0616CB290F12->912a7d3b-e3f1-4985-b06b-5f0a929b8060@group-3636E5E7603C, cid=3470, SUCCESS, logIndex=4910, commits[912a7d3b-e3f1-4985-b06b-5f0a929b8060:c4913]
2019-07-13 08:33:07,736 INFO  client.GrpcClientProtocolClient (GrpcClientProtocolClient.java:onNext(255)) - client-0616CB290F12->912a7d3b-e3f1-4985-b06b-5f0a929b8060: receive RaftClientReply:client-0616CB290F12->912a7d3b-e3f1-4985-b06b-5f0a929b8060@group-3636E5E7603C, cid=3471, SUCCESS, logIndex=4911, commits[912a7d3b-e3f1-4985-b06b-5f0a929b8060:c4913]
2019-07-13 08:33:07,737 INFO  client.GrpcClientProtocolClient (GrpcClientProtocolClient.java:onNext(255)) - client-0616CB290F12->912a7d3b-e3f1-4985-b06b-5f0a929b8060: receive RaftClientReply:client-0616CB290F12->912a7d3b-e3f1-4985-b06b-5f0a929b8060@group-3636E5E7603C, cid=3472, SUCCESS, logIndex=4912, commits[912a7d3b-e3f1-4985-b06b-5f0a929b8060:c4913]
2019-07-13 08:33:07,761 DEBUG block.SCMBlockDeletingService (SCMBlockDeletingService.java:call(138)) - Running DeletedBlockTransactionScanner
2019-07-13 08:33:07,761 DEBUG block.SCMBlockDeletingService (SCMBlockDeletingService.java:call(155)) - Scanned deleted blocks log and got 0 delTX to process.
2019-07-13 08:33:07,767 INFO  client.GrpcClientProtocolClient (GrpcClientProtocolClient.java:onNext(255)) - client-0616CB290F12->912a7d3b-e3f1-4985-b06b-5f0a929b8060: receive RaftClientReply:client-0616CB290F12->912a7d3b-e3f1-4985-b06b-5f0a929b8060@group-3636E5E7603C, cid=3473, SUCCESS, logIndex=4914, commits[912a7d3b-e3f1-4985-b06b-5f0a929b8060:c4915]
2019-07-13 08:33:07,767 INFO  client.GrpcClientProtocolClient (GrpcClientProtocolClient.java:onNext(255)) - client-0616CB290F12->912a7d3b-e3f1-4985-b06b-5f0a929b8060: receive RaftClientReply:client-0616CB290F12->912a7d3b-e3f1-4985-b06b-5f0a929b8060@group-3636E5E7603C, cid=3474, SUCCESS, logIndex=4915, commits[912a7d3b-e3f1-4985-b06b-5f0a929b8060:c4915]
2019-07-13 08:33:07,769 INFO  client.GrpcClientProtocolClient (GrpcClientProtocolClient.java:onNext(255)) - client-0616CB290F12->912a7d3b-e3f1-4985-b06b-5f0a929b8060: receive RaftClientReply:client-0616CB290F12->912a7d3b-e3f1-4985-b06b-5f0a929b8060@group-3636E5E7603C, cid=3475, SUCCESS, logIndex=4916, commits[912a7d3b-e3f1-4985-b06b-5f0a929b8060:c4917]
2019-07-13 08:33:07,769 INFO  client.GrpcClientProtocolClient (GrpcClientProtocolClient.java:onNext(255)) - client-0616CB290F12->912a7d3b-e3f1-4985-b06b-5f0a929b8060: receive RaftClientReply:client-0616CB290F12->912a7d3b-e3f1-4985-b06b-5f0a929b8060@group-3636E5E7603C, cid=3476, SUCCESS, logIndex=4917, commits[912a7d3b-e3f1-4985-b06b-5f0a929b8060:c4917]
2019-07-13 08:33:07,781 INFO  client.GrpcClientProtocolClient (GrpcClientProtocolClient.java:onNext(255)) - client-0616CB290F12->912a7d3b-e3f1-4985-b06b-5f0a929b8060: receive RaftClientReply:client-0616CB290F12->912a7d3b-e3f1-4985-b06b-5f0a929b8060@group-3636E5E7603C, cid=3477, SUCCESS, logIndex=4920, commits[912a7d3b-e3f1-4985-b06b-5f0a929b8060:c4923]
2019-07-13 08:33:07,781 INFO  client.GrpcClientProtocolClient (GrpcClientProtocolClient.java:onNext(255)) - client-0616CB290F12->912a7d3b-e3f1-4985-b06b-5f0a929b8060: receive RaftClientReply:client-0616CB290F12->912a7d3b-e3f1-4985-b06b-5f0a929b8060@group-3636E5E7603C, cid=3478, SUCCESS, logIndex=4921, commits[912a7d3b-e3f1-4985-b06b-5f0a929b8060:c4923]
2019-07-13 08:33:07,781 INFO  client.GrpcClientProtocolClient (GrpcClientProtocolClient.java:onNext(255)) - client-0616CB290F12->912a7d3b-e3f1-4985-b06b-5f0a929b8060: receive RaftClientReply:client-0616CB290F12->912a7d3b-e3f1-4985-b06b-5f0a929b8060@group-3636E5E7603C, cid=3479, SUCCESS, logIndex=4922, commits[912a7d3b-e3f1-4985-b06b-5f0a929b8060:c4924]
2019-07-13 08:33:07,782 INFO  client.GrpcClientProtocolClient (GrpcClientProtocolClient.java:onNext(255)) - client-0616CB290F12->912a7d3b-e3f1-4985-b06b-5f0a929b8060: receive RaftClientReply:client-0616CB290F12->912a7d3b-e3f1-4985-b06b-5f0a929b8060@group-3636E5E7603C, cid=3480, SUCCESS, logIndex=4923, commits[912a7d3b-e3f1-4985-b06b-5f0a929b8060:c4924]
2019-07-13 08:33:07,814 INFO  client.GrpcClientProtocolClient (GrpcClientProtocolClient.java:onNext(255)) - client-0616CB290F12->912a7d3b-e3f1-4985-b06b-5f0a929b8060: receive RaftClientReply:client-0616CB290F12->912a7d3b-e3f1-4985-b06b-5f0a929b8060@group-3636E5E7603C, cid=3481, SUCCESS, logIndex=4925, commits[912a7d3b-e3f1-4985-b06b-5f0a929b8060:c4928]
2019-07-13 08:33:07,814 INFO  client.GrpcClientProtocolClient (GrpcClientProtocolClient.java:onNext(255)) - client-0616CB290F12->912a7d3b-e3f1-4985-b06b-5f0a929b8060: receive RaftClientReply:client-0616CB290F12->912a7d3b-e3f1-4985-b06b-5f0a929b8060@group-3636E5E7603C, cid=3482, SUCCESS, logIndex=4926, commits[912a7d3b-e3f1-4985-b06b-5f0a929b8060:c4929]
2019-07-13 08:33:07,815 INFO  client.GrpcClientProtocolClient (GrpcClientProtocolClient.java:onNext(255)) - client-0616CB290F12->912a7d3b-e3f1-4985-b06b-5f0a929b8060: receive RaftClientReply:client-0616CB290F12->912a7d3b-e3f1-4985-b06b-5f0a929b8060@group-3636E5E7603C, cid=3483, SUCCESS, logIndex=4927, commits[912a7d3b-e3f1-4985-b06b-5f0a929b8060:c4929]
2019-07-13 08:33:07,815 INFO  client.GrpcClientProtocolClient (GrpcClientProtocolClient.java:onNext(255)) - client-0616CB290F12->912a7d3b-e3f1-4985-b06b-5f0a929b8060: receive RaftClientReply:client-0616CB290F12->912a7d3b-e3f1-4985-b06b-5f0a929b8060@group-3636E5E7603C, cid=3484, SUCCESS, logIndex=4928, commits[912a7d3b-e3f1-4985-b06b-5f0a929b8060:c4929]
2019-07-13 08:33:07,834 INFO  client.GrpcClientProtocolClient (GrpcClientProtocolClient.java:onNext(255)) - client-0616CB290F12->912a7d3b-e3f1-4985-b06b-5f0a929b8060: receive RaftClientReply:client-0616CB290F12->912a7d3b-e3f1-4985-b06b-5f0a929b8060@group-3636E5E7603C, cid=3485, SUCCESS, logIndex=4930, commits[912a7d3b-e3f1-4985-b06b-5f0a929b8060:c4931]
2019-07-13 08:33:07,834 INFO  client.GrpcClientProtocolClient (GrpcClientProtocolClient.java:onNext(255)) - client-0616CB290F12->912a7d3b-e3f1-4985-b06b-5f0a929b8060: receive RaftClientReply:client-0616CB290F12->912a7d3b-e3f1-4985-b06b-5f0a929b8060@group-3636E5E7603C, cid=3486, SUCCESS, logIndex=4931, commits[912a7d3b-e3f1-4985-b06b-5f0a929b8060:c4933]
2019-07-13 08:33:07,834 INFO  client.GrpcClientProtocolClient (GrpcClientProtocolClient.java:onNext(255)) - client-0616CB290F12->912a7d3b-e3f1-4985-b06b-5f0a929b8060: receive RaftClientReply:client-0616CB290F12->912a7d3b-e3f1-4985-b06b-5f0a929b8060@group-3636E5E7603C, cid=3487, SUCCESS, logIndex=4932, commits[912a7d3b-e3f1-4985-b06b-5f0a929b8060:c4934]
2019-07-13 08:33:07,835 INFO  client.GrpcClientProtocolClient (GrpcClientProtocolClient.java:onNext(255)) - client-0616CB290F12->912a7d3b-e3f1-4985-b06b-5f0a929b8060: receive RaftClientReply:client-0616CB290F12->912a7d3b-e3f1-4985-b06b-5f0a929b8060@group-3636E5E7603C, cid=3488, SUCCESS, logIndex=4933, commits[912a7d3b-e3f1-4985-b06b-5f0a929b8060:c4935]
2019-07-13 08:33:07,861 DEBUG block.SCMBlockDeletingService (SCMBlockDeletingService.java:call(138)) - Running DeletedBlockTransactionScanner
2019-07-13 08:33:07,862 DEBUG block.SCMBlockDeletingService (SCMBlockDeletingService.java:call(155)) - Scanned deleted blocks log and got 0 delTX to process.
2019-07-13 08:33:07,882 INFO  client.GrpcClientProtocolClient (GrpcClientProtocolClient.java:onNext(255)) - client-0616CB290F12->912a7d3b-e3f1-4985-b06b-5f0a929b8060: receive RaftClientReply:client-0616CB290F12->912a7d3b-e3f1-4985-b06b-5f0a929b8060@group-3636E5E7603C, cid=3489, SUCCESS, logIndex=4936, commits[912a7d3b-e3f1-4985-b06b-5f0a929b8060:c4937]
2019-07-13 08:33:07,885 INFO  client.GrpcClientProtocolClient (GrpcClientProtocolClient.java:onNext(255)) - client-0616CB290F12->912a7d3b-e3f1-4985-b06b-5f0a929b8060: receive RaftClientReply:client-0616CB290F12->912a7d3b-e3f1-4985-b06b-5f0a929b8060@group-3636E5E7603C, cid=3490, SUCCESS, logIndex=4937, commits[912a7d3b-e3f1-4985-b06b-5f0a929b8060:c4937]
2019-07-13 08:33:07,886 INFO  client.GrpcClientProtocolClient (GrpcClientProtocolClient.java:onNext(255)) - client-0616CB290F12->912a7d3b-e3f1-4985-b06b-5f0a929b8060: receive RaftClientReply:client-0616CB290F12->912a7d3b-e3f1-4985-b06b-5f0a929b8060@group-3636E5E7603C, cid=3491, SUCCESS, logIndex=4938, commits[912a7d3b-e3f1-4985-b06b-5f0a929b8060:c4939]
2019-07-13 08:33:07,886 INFO  client.GrpcClientProtocolClient (GrpcClientProtocolClient.java:onNext(255)) - client-0616CB290F12->912a7d3b-e3f1-4985-b06b-5f0a929b8060: receive RaftClientReply:client-0616CB290F12->912a7d3b-e3f1-4985-b06b-5f0a929b8060@group-3636E5E7603C, cid=3492, SUCCESS, logIndex=4939, commits[912a7d3b-e3f1-4985-b06b-5f0a929b8060:c4940]
2019-07-13 08:33:07,962 DEBUG block.SCMBlockDeletingService (SCMBlockDeletingService.java:call(138)) - Running DeletedBlockTransactionScanner
2019-07-13 08:33:07,962 DEBUG block.SCMBlockDeletingService (SCMBlockDeletingService.java:call(155)) - Scanned deleted blocks log and got 0 delTX to process.
2019-07-13 08:33:07,992 INFO  client.GrpcClientProtocolClient (GrpcClientProtocolClient.java:onNext(255)) - client-0616CB290F12->912a7d3b-e3f1-4985-b06b-5f0a929b8060: receive RaftClientReply:client-0616CB290F12->912a7d3b-e3f1-4985-b06b-5f0a929b8060@group-3636E5E7603C, cid=3493, SUCCESS, logIndex=4942, commits[912a7d3b-e3f1-4985-b06b-5f0a929b8060:c4945]
2019-07-13 08:33:07,993 INFO  client.GrpcClientProtocolClient (GrpcClientProtocolClient.java:onNext(255)) - client-0616CB290F12->912a7d3b-e3f1-4985-b06b-5f0a929b8060: receive RaftClientReply:client-0616CB290F12->912a7d3b-e3f1-4985-b06b-5f0a929b8060@group-3636E5E7603C, cid=3494, SUCCESS, logIndex=4943, commits[912a7d3b-e3f1-4985-b06b-5f0a929b8060:c4945]
2019-07-13 08:33:07,993 INFO  client.GrpcClientProtocolClient (GrpcClientProtocolClient.java:onNext(255)) - client-0616CB290F12->912a7d3b-e3f1-4985-b06b-5f0a929b8060: receive RaftClientReply:client-0616CB290F12->912a7d3b-e3f1-4985-b06b-5f0a929b8060@group-3636E5E7603C, cid=3495, SUCCESS, logIndex=4944, commits[912a7d3b-e3f1-4985-b06b-5f0a929b8060:c4946]
2019-07-13 08:33:07,993 INFO  client.GrpcClientProtocolClient (GrpcClientProtocolClient.java:onNext(255)) - client-0616CB290F12->912a7d3b-e3f1-4985-b06b-5f0a929b8060: receive RaftClientReply:client-0616CB290F12->912a7d3b-e3f1-4985-b06b-5f0a929b8060@group-3636E5E7603C, cid=3496, SUCCESS, logIndex=4945, commits[912a7d3b-e3f1-4985-b06b-5f0a929b8060:c4946]
2019-07-13 08:33:08,022 INFO  client.GrpcClientProtocolClient (GrpcClientProtocolClient.java:onNext(255)) - client-0616CB290F12->912a7d3b-e3f1-4985-b06b-5f0a929b8060: receive RaftClientReply:client-0616CB290F12->912a7d3b-e3f1-4985-b06b-5f0a929b8060@group-3636E5E7603C, cid=3497, SUCCESS, logIndex=4948, commits[912a7d3b-e3f1-4985-b06b-5f0a929b8060:c4951]
2019-07-13 08:33:08,023 INFO  client.GrpcClientProtocolClient (GrpcClientProtocolClient.java:onNext(255)) - client-0616CB290F12->912a7d3b-e3f1-4985-b06b-5f0a929b8060: receive RaftClientReply:client-0616CB290F12->912a7d3b-e3f1-4985-b06b-5f0a929b8060@group-3636E5E7603C, cid=3498, SUCCESS, logIndex=4949, commits[912a7d3b-e3f1-4985-b06b-5f0a929b8060:c4951]
2019-07-13 08:33:08,023 INFO  client.GrpcClientProtocolClient (GrpcClientProtocolClient.java:onNext(255)) - client-0616CB290F12->912a7d3b-e3f1-4985-b06b-5f0a929b8060: receive RaftClientReply:client-0616CB290F12->912a7d3b-e3f1-4985-b06b-5f0a929b8060@group-3636E5E7603C, cid=3499, SUCCESS, logIndex=4950, commits[912a7d3b-e3f1-4985-b06b-5f0a929b8060:c4952]
2019-07-13 08:33:08,024 INFO  client.GrpcClientProtocolClient (GrpcClientProtocolClient.java:onNext(255)) - client-0616CB290F12->912a7d3b-e3f1-4985-b06b-5f0a929b8060: receive RaftClientReply:client-0616CB290F12->912a7d3b-e3f1-4985-b06b-5f0a929b8060@group-3636E5E7603C, cid=3500, SUCCESS, logIndex=4951, commits[912a7d3b-e3f1-4985-b06b-5f0a929b8060:c4952]
2019-07-13 08:33:08,041 INFO  client.GrpcClientProtocolClient (GrpcClientProtocolClient.java:onNext(255)) - client-0616CB290F12->912a7d3b-e3f1-4985-b06b-5f0a929b8060: receive RaftClientReply:client-0616CB290F12->912a7d3b-e3f1-4985-b06b-5f0a929b8060@group-3636E5E7603C, cid=3501, SUCCESS, logIndex=4953, commits[912a7d3b-e3f1-4985-b06b-5f0a929b8060:c4954]
2019-07-13 08:33:08,041 INFO  client.GrpcClientProtocolClient (GrpcClientProtocolClient.java:onNext(255)) - client-0616CB290F12->912a7d3b-e3f1-4985-b06b-5f0a929b8060: receive RaftClientReply:client-0616CB290F12->912a7d3b-e3f1-4985-b06b-5f0a929b8060@group-3636E5E7603C, cid=3502, SUCCESS, logIndex=4954, commits[912a7d3b-e3f1-4985-b06b-5f0a929b8060:c4956]
2019-07-13 08:33:08,042 INFO  client.GrpcClientProtocolClient (GrpcClientProtocolClient.java:onNext(255)) - client-0616CB290F12->912a7d3b-e3f1-4985-b06b-5f0a929b8060: receive RaftClientReply:client-0616CB290F12->912a7d3b-e3f1-4985-b06b-5f0a929b8060@group-3636E5E7603C, cid=3503, SUCCESS, logIndex=4955, commits[912a7d3b-e3f1-4985-b06b-5f0a929b8060:c4956]
2019-07-13 08:33:08,042 INFO  client.GrpcClientProtocolClient (GrpcClientProtocolClient.java:onNext(255)) - client-0616CB290F12->912a7d3b-e3f1-4985-b06b-5f0a929b8060: receive RaftClientReply:client-0616CB290F12->912a7d3b-e3f1-4985-b06b-5f0a929b8060@group-3636E5E7603C, cid=3504, SUCCESS, logIndex=4956, commits[912a7d3b-e3f1-4985-b06b-5f0a929b8060:c4957]
2019-07-13 08:33:08,063 DEBUG block.SCMBlockDeletingService (SCMBlockDeletingService.java:call(138)) - Running DeletedBlockTransactionScanner
2019-07-13 08:33:08,063 DEBUG block.SCMBlockDeletingService (SCMBlockDeletingService.java:call(155)) - Scanned deleted blocks log and got 0 delTX to process.
2019-07-13 08:33:08,067 INFO  client.GrpcClientProtocolClient (GrpcClientProtocolClient.java:onNext(255)) - client-0616CB290F12->912a7d3b-e3f1-4985-b06b-5f0a929b8060: receive RaftClientReply:client-0616CB290F12->912a7d3b-e3f1-4985-b06b-5f0a929b8060@group-3636E5E7603C, cid=3505, SUCCESS, logIndex=4959, commits[912a7d3b-e3f1-4985-b06b-5f0a929b8060:c4960]
2019-07-13 08:33:08,068 INFO  client.GrpcClientProtocolClient (GrpcClientProtocolClient.java:onNext(255)) - client-0616CB290F12->912a7d3b-e3f1-4985-b06b-5f0a929b8060: receive RaftClientReply:client-0616CB290F12->912a7d3b-e3f1-4985-b06b-5f0a929b8060@group-3636E5E7603C, cid=3506, SUCCESS, logIndex=4960, commits[912a7d3b-e3f1-4985-b06b-5f0a929b8060:c4962]
2019-07-13 08:33:08,068 INFO  client.GrpcClientProtocolClient (GrpcClientProtocolClient.java:onNext(255)) - client-0616CB290F12->912a7d3b-e3f1-4985-b06b-5f0a929b8060: receive RaftClientReply:client-0616CB290F12->912a7d3b-e3f1-4985-b06b-5f0a929b8060@group-3636E5E7603C, cid=3507, SUCCESS, logIndex=4961, commits[912a7d3b-e3f1-4985-b06b-5f0a929b8060:c4962]
2019-07-13 08:33:08,068 INFO  client.GrpcClientProtocolClient (GrpcClientProtocolClient.java:onNext(255)) - client-0616CB290F12->912a7d3b-e3f1-4985-b06b-5f0a929b8060: receive RaftClientReply:client-0616CB290F12->912a7d3b-e3f1-4985-b06b-5f0a929b8060@group-3636E5E7603C, cid=3508, SUCCESS, logIndex=4962, commits[912a7d3b-e3f1-4985-b06b-5f0a929b8060:c4963]
2019-07-13 08:33:08,082 INFO  client.GrpcClientProtocolClient (GrpcClientProtocolClient.java:onNext(255)) - client-0616CB290F12->912a7d3b-e3f1-4985-b06b-5f0a929b8060: receive RaftClientReply:client-0616CB290F12->912a7d3b-e3f1-4985-b06b-5f0a929b8060@group-3636E5E7603C, cid=3509, SUCCESS, logIndex=4965, commits[912a7d3b-e3f1-4985-b06b-5f0a929b8060:c4966]
2019-07-13 08:33:08,082 INFO  client.GrpcClientProtocolClient (GrpcClientProtocolClient.java:onNext(255)) - client-0616CB290F12->912a7d3b-e3f1-4985-b06b-5f0a929b8060: receive RaftClientReply:client-0616CB290F12->912a7d3b-e3f1-4985-b06b-5f0a929b8060@group-3636E5E7603C, cid=3510, SUCCESS, logIndex=4966, commits[912a7d3b-e3f1-4985-b06b-5f0a929b8060:c4966]
2019-07-13 08:33:08,082 INFO  client.GrpcClientProtocolClient (GrpcClientProtocolClient.java:onNext(255)) - client-0616CB290F12->912a7d3b-e3f1-4985-b06b-5f0a929b8060: receive RaftClientReply:client-0616CB290F12->912a7d3b-e3f1-4985-b06b-5f0a929b8060@group-3636E5E7603C, cid=3511, SUCCESS, logIndex=4967, commits[912a7d3b-e3f1-4985-b06b-5f0a929b8060:c4968]
2019-07-13 08:33:08,083 INFO  client.GrpcClientProtocolClient (GrpcClientProtocolClient.java:onNext(255)) - client-0616CB290F12->912a7d3b-e3f1-4985-b06b-5f0a929b8060: receive RaftClientReply:client-0616CB290F12->912a7d3b-e3f1-4985-b06b-5f0a929b8060@group-3636E5E7603C, cid=3512, SUCCESS, logIndex=4968, commits[912a7d3b-e3f1-4985-b06b-5f0a929b8060:c4968]
2019-07-13 08:33:08,107 INFO  client.GrpcClientProtocolClient (GrpcClientProtocolClient.java:onNext(255)) - client-0616CB290F12->912a7d3b-e3f1-4985-b06b-5f0a929b8060: receive RaftClientReply:client-0616CB290F12->912a7d3b-e3f1-4985-b06b-5f0a929b8060@group-3636E5E7603C, cid=3513, SUCCESS, logIndex=4971, commits[912a7d3b-e3f1-4985-b06b-5f0a929b8060:c4972]
2019-07-13 08:33:08,108 INFO  client.GrpcClientProtocolClient (GrpcClientProtocolClient.java:onNext(255)) - client-0616CB290F12->912a7d3b-e3f1-4985-b06b-5f0a929b8060: receive RaftClientReply:client-0616CB290F12->912a7d3b-e3f1-4985-b06b-5f0a929b8060@group-3636E5E7603C, cid=3514, SUCCESS, logIndex=4972, commits[912a7d3b-e3f1-4985-b06b-5f0a929b8060:c4974]
2019-07-13 08:33:08,108 INFO  client.GrpcClientProtocolClient (GrpcClientProtocolClient.java:onNext(255)) - client-0616CB290F12->912a7d3b-e3f1-4985-b06b-5f0a929b8060: receive RaftClientReply:client-0616CB290F12->912a7d3b-e3f1-4985-b06b-5f0a929b8060@group-3636E5E7603C, cid=3515, SUCCESS, logIndex=4973, commits[912a7d3b-e3f1-4985-b06b-5f0a929b8060:c4975]
2019-07-13 08:33:08,108 INFO  client.GrpcClientProtocolClient (GrpcClientProtocolClient.java:onNext(255)) - client-0616CB290F12->912a7d3b-e3f1-4985-b06b-5f0a929b8060: receive RaftClientReply:client-0616CB290F12->912a7d3b-e3f1-4985-b06b-5f0a929b8060@group-3636E5E7603C, cid=3516, SUCCESS, logIndex=4974, commits[912a7d3b-e3f1-4985-b06b-5f0a929b8060:c4975]
2019-07-13 08:33:08,126 INFO  client.GrpcClientProtocolClient (GrpcClientProtocolClient.java:onNext(255)) - client-0616CB290F12->912a7d3b-e3f1-4985-b06b-5f0a929b8060: receive RaftClientReply:client-0616CB290F12->912a7d3b-e3f1-4985-b06b-5f0a929b8060@group-3636E5E7603C, cid=3517, SUCCESS, logIndex=4977, commits[912a7d3b-e3f1-4985-b06b-5f0a929b8060:c4978]
2019-07-13 08:33:08,127 INFO  client.GrpcClientProtocolClient (GrpcClientProtocolClient.java:onNext(255)) - client-0616CB290F12->912a7d3b-e3f1-4985-b06b-5f0a929b8060: receive RaftClientReply:client-0616CB290F12->912a7d3b-e3f1-4985-b06b-5f0a929b8060@group-3636E5E7603C, cid=3518, SUCCESS, logIndex=4978, commits[912a7d3b-e3f1-4985-b06b-5f0a929b8060:c4980]
2019-07-13 08:33:08,127 INFO  client.GrpcClientProtocolClient (GrpcClientProtocolClient.java:onNext(255)) - client-0616CB290F12->912a7d3b-e3f1-4985-b06b-5f0a929b8060: receive RaftClientReply:client-0616CB290F12->912a7d3b-e3f1-4985-b06b-5f0a929b8060@group-3636E5E7603C, cid=3519, SUCCESS, logIndex=4979, commits[912a7d3b-e3f1-4985-b06b-5f0a929b8060:c4981]
2019-07-13 08:33:08,127 INFO  client.GrpcClientProtocolClient (GrpcClientProtocolClient.java:onNext(255)) - client-0616CB290F12->912a7d3b-e3f1-4985-b06b-5f0a929b8060: receive RaftClientReply:client-0616CB290F12->912a7d3b-e3f1-4985-b06b-5f0a929b8060@group-3636E5E7603C, cid=3520, SUCCESS, logIndex=4980, commits[912a7d3b-e3f1-4985-b06b-5f0a929b8060:c4981]
2019-07-13 08:33:08,153 INFO  client.GrpcClientProtocolClient (GrpcClientProtocolClient.java:onNext(255)) - client-0616CB290F12->912a7d3b-e3f1-4985-b06b-5f0a929b8060: receive RaftClientReply:client-0616CB290F12->912a7d3b-e3f1-4985-b06b-5f0a929b8060@group-3636E5E7603C, cid=3521, SUCCESS, logIndex=4983, commits[912a7d3b-e3f1-4985-b06b-5f0a929b8060:c4986]
2019-07-13 08:33:08,153 INFO  client.GrpcClientProtocolClient (GrpcClientProtocolClient.java:onNext(255)) - client-0616CB290F12->912a7d3b-e3f1-4985-b06b-5f0a929b8060: receive RaftClientReply:client-0616CB290F12->912a7d3b-e3f1-4985-b06b-5f0a929b8060@group-3636E5E7603C, cid=3522, SUCCESS, logIndex=4984, commits[912a7d3b-e3f1-4985-b06b-5f0a929b8060:c4986]
2019-07-13 08:33:08,154 INFO  client.GrpcClientProtocolClient (GrpcClientProtocolClient.java:onNext(255)) - client-0616CB290F12->912a7d3b-e3f1-4985-b06b-5f0a929b8060: receive RaftClientReply:client-0616CB290F12->912a7d3b-e3f1-4985-b06b-5f0a929b8060@group-3636E5E7603C, cid=3523, SUCCESS, logIndex=4985, commits[912a7d3b-e3f1-4985-b06b-5f0a929b8060:c4987]
2019-07-13 08:33:08,154 INFO  client.GrpcClientProtocolClient (GrpcClientProtocolClient.java:onNext(255)) - client-0616CB290F12->912a7d3b-e3f1-4985-b06b-5f0a929b8060: receive RaftClientReply:client-0616CB290F12->912a7d3b-e3f1-4985-b06b-5f0a929b8060@group-3636E5E7603C, cid=3524, SUCCESS, logIndex=4986, commits[912a7d3b-e3f1-4985-b06b-5f0a929b8060:c4987]
2019-07-13 08:33:08,163 DEBUG block.SCMBlockDeletingService (SCMBlockDeletingService.java:call(138)) - Running DeletedBlockTransactionScanner
2019-07-13 08:33:08,163 DEBUG block.SCMBlockDeletingService (SCMBlockDeletingService.java:call(155)) - Scanned deleted blocks log and got 0 delTX to process.
2019-07-13 08:33:08,173 INFO  client.GrpcClientProtocolClient (GrpcClientProtocolClient.java:onNext(255)) - client-0616CB290F12->912a7d3b-e3f1-4985-b06b-5f0a929b8060: receive RaftClientReply:client-0616CB290F12->912a7d3b-e3f1-4985-b06b-5f0a929b8060@group-3636E5E7603C, cid=3525, SUCCESS, logIndex=4989, commits[912a7d3b-e3f1-4985-b06b-5f0a929b8060:c4990]
2019-07-13 08:33:08,174 INFO  client.GrpcClientProtocolClient (GrpcClientProtocolClient.java:onNext(255)) - client-0616CB290F12->912a7d3b-e3f1-4985-b06b-5f0a929b8060: receive RaftClientReply:client-0616CB290F12->912a7d3b-e3f1-4985-b06b-5f0a929b8060@group-3636E5E7603C, cid=3526, SUCCESS, logIndex=4990, commits[912a7d3b-e3f1-4985-b06b-5f0a929b8060:c4992]
2019-07-13 08:33:08,174 INFO  client.GrpcClientProtocolClient (GrpcClientProtocolClient.java:onNext(255)) - client-0616CB290F12->912a7d3b-e3f1-4985-b06b-5f0a929b8060: receive RaftClientReply:client-0616CB290F12->912a7d3b-e3f1-4985-b06b-5f0a929b8060@group-3636E5E7603C, cid=3527, SUCCESS, logIndex=4991, commits[912a7d3b-e3f1-4985-b06b-5f0a929b8060:c4992]
2019-07-13 08:33:08,174 INFO  client.GrpcClientProtocolClient (GrpcClientProtocolClient.java:onNext(255)) - client-0616CB290F12->912a7d3b-e3f1-4985-b06b-5f0a929b8060: receive RaftClientReply:client-0616CB290F12->912a7d3b-e3f1-4985-b06b-5f0a929b8060@group-3636E5E7603C, cid=3528, SUCCESS, logIndex=4992, commits[912a7d3b-e3f1-4985-b06b-5f0a929b8060:c4993]
2019-07-13 08:33:08,199 INFO  client.GrpcClientProtocolClient (GrpcClientProtocolClient.java:onNext(255)) - client-0616CB290F12->912a7d3b-e3f1-4985-b06b-5f0a929b8060: receive RaftClientReply:client-0616CB290F12->912a7d3b-e3f1-4985-b06b-5f0a929b8060@group-3636E5E7603C, cid=3529, SUCCESS, logIndex=4995, commits[912a7d3b-e3f1-4985-b06b-5f0a929b8060:c4996]
2019-07-13 08:33:08,200 INFO  client.GrpcClientProtocolClient (GrpcClientProtocolClient.java:onNext(255)) - client-0616CB290F12->912a7d3b-e3f1-4985-b06b-5f0a929b8060: receive RaftClientReply:client-0616CB290F12->912a7d3b-e3f1-4985-b06b-5f0a929b8060@group-3636E5E7603C, cid=3530, SUCCESS, logIndex=4996, commits[912a7d3b-e3f1-4985-b06b-5f0a929b8060:c4996]
2019-07-13 08:33:08,200 INFO  client.GrpcClientProtocolClient (GrpcClientProtocolClient.java:onNext(255)) - client-0616CB290F12->912a7d3b-e3f1-4985-b06b-5f0a929b8060: receive RaftClientReply:client-0616CB290F12->912a7d3b-e3f1-4985-b06b-5f0a929b8060@group-3636E5E7603C, cid=3531, SUCCESS, logIndex=4997, commits[912a7d3b-e3f1-4985-b06b-5f0a929b8060:c4999]
2019-07-13 08:33:08,200 INFO  client.GrpcClientProtocolClient (GrpcClientProtocolClient.java:onNext(255)) - client-0616CB290F12->912a7d3b-e3f1-4985-b06b-5f0a929b8060: receive RaftClientReply:client-0616CB290F12->912a7d3b-e3f1-4985-b06b-5f0a929b8060@group-3636E5E7603C, cid=3532, SUCCESS, logIndex=4998, commits[912a7d3b-e3f1-4985-b06b-5f0a929b8060:c4999]
2019-07-13 08:33:08,218 INFO  client.GrpcClientProtocolClient (GrpcClientProtocolClient.java:onNext(255)) - client-0616CB290F12->912a7d3b-e3f1-4985-b06b-5f0a929b8060: receive RaftClientReply:client-0616CB290F12->912a7d3b-e3f1-4985-b06b-5f0a929b8060@group-3636E5E7603C, cid=3533, SUCCESS, logIndex=5001, commits[912a7d3b-e3f1-4985-b06b-5f0a929b8060:c5002]
2019-07-13 08:33:08,218 INFO  client.GrpcClientProtocolClient (GrpcClientProtocolClient.java:onNext(255)) - client-0616CB290F12->912a7d3b-e3f1-4985-b06b-5f0a929b8060: receive RaftClientReply:client-0616CB290F12->912a7d3b-e3f1-4985-b06b-5f0a929b8060@group-3636E5E7603C, cid=3534, SUCCESS, logIndex=5002, commits[912a7d3b-e3f1-4985-b06b-5f0a929b8060:c5002]
2019-07-13 08:33:08,234 INFO  client.GrpcClientProtocolClient (GrpcClientProtocolClient.java:onNext(255)) - client-0616CB290F12->912a7d3b-e3f1-4985-b06b-5f0a929b8060: receive RaftClientReply:client-0616CB290F12->912a7d3b-e3f1-4985-b06b-5f0a929b8060@group-3636E5E7603C, cid=3535, SUCCESS, logIndex=5003, commits[912a7d3b-e3f1-4985-b06b-5f0a929b8060:c5005]
2019-07-13 08:33:08,234 INFO  client.GrpcClientProtocolClient (GrpcClientProtocolClient.java:onNext(255)) - client-0616CB290F12->912a7d3b-e3f1-4985-b06b-5f0a929b8060: receive RaftClientReply:client-0616CB290F12->912a7d3b-e3f1-4985-b06b-5f0a929b8060@group-3636E5E7603C, cid=3536, SUCCESS, logIndex=5004, commits[912a7d3b-e3f1-4985-b06b-5f0a929b8060:c5005]
2019-07-13 08:33:08,264 DEBUG block.SCMBlockDeletingService (SCMBlockDeletingService.java:call(138)) - Running DeletedBlockTransactionScanner
2019-07-13 08:33:08,264 DEBUG block.SCMBlockDeletingService (SCMBlockDeletingService.java:call(155)) - Scanned deleted blocks log and got 0 delTX to process.
2019-07-13 08:33:08,392 DEBUG block.SCMBlockDeletingService (SCMBlockDeletingService.java:call(138)) - Running DeletedBlockTransactionScanner
2019-07-13 08:33:08,392 DEBUG block.SCMBlockDeletingService (SCMBlockDeletingService.java:call(155)) - Scanned deleted blocks log and got 0 delTX to process.
2019-07-13 08:33:08,418 INFO  client.GrpcClientProtocolClient (GrpcClientProtocolClient.java:onNext(255)) - client-0616CB290F12->912a7d3b-e3f1-4985-b06b-5f0a929b8060: receive RaftClientReply:client-0616CB290F12->912a7d3b-e3f1-4985-b06b-5f0a929b8060@group-3636E5E7603C, cid=3537, SUCCESS, logIndex=5006, commits[912a7d3b-e3f1-4985-b06b-5f0a929b8060:c5009]
2019-07-13 08:33:08,419 INFO  client.GrpcClientProtocolClient (GrpcClientProtocolClient.java:onNext(255)) - client-0616CB290F12->912a7d3b-e3f1-4985-b06b-5f0a929b8060: receive RaftClientReply:client-0616CB290F12->912a7d3b-e3f1-4985-b06b-5f0a929b8060@group-3636E5E7603C, cid=3538, SUCCESS, logIndex=5007, commits[912a7d3b-e3f1-4985-b06b-5f0a929b8060:c5010]
2019-07-13 08:33:08,419 INFO  client.GrpcClientProtocolClient (GrpcClientProtocolClient.java:onNext(255)) - client-0616CB290F12->912a7d3b-e3f1-4985-b06b-5f0a929b8060: receive RaftClientReply:client-0616CB290F12->912a7d3b-e3f1-4985-b06b-5f0a929b8060@group-3636E5E7603C, cid=3539, SUCCESS, logIndex=5008, commits[912a7d3b-e3f1-4985-b06b-5f0a929b8060:c5010]
2019-07-13 08:33:08,420 INFO  client.GrpcClientProtocolClient (GrpcClientProtocolClient.java:onNext(255)) - client-0616CB290F12->912a7d3b-e3f1-4985-b06b-5f0a929b8060: receive RaftClientReply:client-0616CB290F12->912a7d3b-e3f1-4985-b06b-5f0a929b8060@group-3636E5E7603C, cid=3540, SUCCESS, logIndex=5009, commits[912a7d3b-e3f1-4985-b06b-5f0a929b8060:c5010]
2019-07-13 08:33:08,440 INFO  client.GrpcClientProtocolClient (GrpcClientProtocolClient.java:onNext(255)) - client-0616CB290F12->912a7d3b-e3f1-4985-b06b-5f0a929b8060: receive RaftClientReply:client-0616CB290F12->912a7d3b-e3f1-4985-b06b-5f0a929b8060@group-3636E5E7603C, cid=3541, SUCCESS, logIndex=5011, commits[912a7d3b-e3f1-4985-b06b-5f0a929b8060:c5012]
2019-07-13 08:33:08,441 INFO  client.GrpcClientProtocolClient (GrpcClientProtocolClient.java:onNext(255)) - client-0616CB290F12->912a7d3b-e3f1-4985-b06b-5f0a929b8060: receive RaftClientReply:client-0616CB290F12->912a7d3b-e3f1-4985-b06b-5f0a929b8060@group-3636E5E7603C, cid=3542, SUCCESS, logIndex=5012, commits[912a7d3b-e3f1-4985-b06b-5f0a929b8060:c5012]
2019-07-13 08:33:08,443 INFO  client.GrpcClientProtocolClient (GrpcClientProtocolClient.java:onNext(255)) - client-0616CB290F12->912a7d3b-e3f1-4985-b06b-5f0a929b8060: receive RaftClientReply:client-0616CB290F12->912a7d3b-e3f1-4985-b06b-5f0a929b8060@group-3636E5E7603C, cid=3543, SUCCESS, logIndex=5013, commits[912a7d3b-e3f1-4985-b06b-5f0a929b8060:c5014]
2019-07-13 08:33:08,443 INFO  client.GrpcClientProtocolClient (GrpcClientProtocolClient.java:onNext(255)) - client-0616CB290F12->912a7d3b-e3f1-4985-b06b-5f0a929b8060: receive RaftClientReply:client-0616CB290F12->912a7d3b-e3f1-4985-b06b-5f0a929b8060@group-3636E5E7603C, cid=3544, SUCCESS, logIndex=5014, commits[912a7d3b-e3f1-4985-b06b-5f0a929b8060:c5014]
2019-07-13 08:33:08,474 INFO  client.GrpcClientProtocolClient (GrpcClientProtocolClient.java:onNext(255)) - client-0616CB290F12->912a7d3b-e3f1-4985-b06b-5f0a929b8060: receive RaftClientReply:client-0616CB290F12->912a7d3b-e3f1-4985-b06b-5f0a929b8060@group-3636E5E7603C, cid=3545, SUCCESS, logIndex=5017, commits[912a7d3b-e3f1-4985-b06b-5f0a929b8060:c5018]
2019-07-13 08:33:08,475 INFO  client.GrpcClientProtocolClient (GrpcClientProtocolClient.java:onNext(255)) - client-0616CB290F12->912a7d3b-e3f1-4985-b06b-5f0a929b8060: receive RaftClientReply:client-0616CB290F12->912a7d3b-e3f1-4985-b06b-5f0a929b8060@group-3636E5E7603C, cid=3546, SUCCESS, logIndex=5018, commits[912a7d3b-e3f1-4985-b06b-5f0a929b8060:c5018]
2019-07-13 08:33:08,476 INFO  client.GrpcClientProtocolClient (GrpcClientProtocolClient.java:onNext(255)) - client-0616CB290F12->912a7d3b-e3f1-4985-b06b-5f0a929b8060: receive RaftClientReply:client-0616CB290F12->912a7d3b-e3f1-4985-b06b-5f0a929b8060@group-3636E5E7603C, cid=3547, SUCCESS, logIndex=5019, commits[912a7d3b-e3f1-4985-b06b-5f0a929b8060:c5020]
2019-07-13 08:33:08,477 INFO  client.GrpcClientProtocolClient (GrpcClientProtocolClient.java:onNext(255)) - client-0616CB290F12->912a7d3b-e3f1-4985-b06b-5f0a929b8060: receive RaftClientReply:client-0616CB290F12->912a7d3b-e3f1-4985-b06b-5f0a929b8060@group-3636E5E7603C, cid=3548, SUCCESS, logIndex=5020, commits[912a7d3b-e3f1-4985-b06b-5f0a929b8060:c5020]
2019-07-13 08:33:08,492 DEBUG block.SCMBlockDeletingService (SCMBlockDeletingService.java:call(138)) - Running DeletedBlockTransactionScanner
2019-07-13 08:33:08,493 DEBUG block.SCMBlockDeletingService (SCMBlockDeletingService.java:call(155)) - Scanned deleted blocks log and got 0 delTX to process.
2019-07-13 08:33:08,500 INFO  client.GrpcClientProtocolClient (GrpcClientProtocolClient.java:onNext(255)) - client-0616CB290F12->912a7d3b-e3f1-4985-b06b-5f0a929b8060: receive RaftClientReply:client-0616CB290F12->912a7d3b-e3f1-4985-b06b-5f0a929b8060@group-3636E5E7603C, cid=3549, SUCCESS, logIndex=5023, commits[912a7d3b-e3f1-4985-b06b-5f0a929b8060:c5026]
2019-07-13 08:33:08,500 INFO  client.GrpcClientProtocolClient (GrpcClientProtocolClient.java:onNext(255)) - client-0616CB290F12->912a7d3b-e3f1-4985-b06b-5f0a929b8060: receive RaftClientReply:client-0616CB290F12->912a7d3b-e3f1-4985-b06b-5f0a929b8060@group-3636E5E7603C, cid=3550, SUCCESS, logIndex=5024, commits[912a7d3b-e3f1-4985-b06b-5f0a929b8060:c5027]
2019-07-13 08:33:08,500 INFO  client.GrpcClientProtocolClient (GrpcClientProtocolClient.java:onNext(255)) - client-0616CB290F12->912a7d3b-e3f1-4985-b06b-5f0a929b8060: receive RaftClientReply:client-0616CB290F12->912a7d3b-e3f1-4985-b06b-5f0a929b8060@group-3636E5E7603C, cid=3551, SUCCESS, logIndex=5025, commits[912a7d3b-e3f1-4985-b06b-5f0a929b8060:c5027]
2019-07-13 08:33:08,501 INFO  client.GrpcClientProtocolClient (GrpcClientProtocolClient.java:onNext(255)) - client-0616CB290F12->912a7d3b-e3f1-4985-b06b-5f0a929b8060: receive RaftClientReply:client-0616CB290F12->912a7d3b-e3f1-4985-b06b-5f0a929b8060@group-3636E5E7603C, cid=3552, SUCCESS, logIndex=5026, commits[912a7d3b-e3f1-4985-b06b-5f0a929b8060:c5027]
2019-07-13 08:33:08,531 INFO  client.GrpcClientProtocolClient (GrpcClientProtocolClient.java:onNext(255)) - client-0616CB290F12->912a7d3b-e3f1-4985-b06b-5f0a929b8060: receive RaftClientReply:client-0616CB290F12->912a7d3b-e3f1-4985-b06b-5f0a929b8060@group-3636E5E7603C, cid=3553, SUCCESS, logIndex=5028, commits[912a7d3b-e3f1-4985-b06b-5f0a929b8060:c5029]
2019-07-13 08:33:08,531 INFO  client.GrpcClientProtocolClient (GrpcClientProtocolClient.java:onNext(255)) - client-0616CB290F12->912a7d3b-e3f1-4985-b06b-5f0a929b8060: receive RaftClientReply:client-0616CB290F12->912a7d3b-e3f1-4985-b06b-5f0a929b8060@group-3636E5E7603C, cid=3554, SUCCESS, logIndex=5029, commits[912a7d3b-e3f1-4985-b06b-5f0a929b8060:c5031]
2019-07-13 08:33:08,532 INFO  client.GrpcClientProtocolClient (GrpcClientProtocolClient.java:onNext(255)) - client-0616CB290F12->912a7d3b-e3f1-4985-b06b-5f0a929b8060: receive RaftClientReply:client-0616CB290F12->912a7d3b-e3f1-4985-b06b-5f0a929b8060@group-3636E5E7603C, cid=3555, SUCCESS, logIndex=5030, commits[912a7d3b-e3f1-4985-b06b-5f0a929b8060:c5032]
2019-07-13 08:33:08,532 INFO  client.GrpcClientProtocolClient (GrpcClientProtocolClient.java:onNext(255)) - client-0616CB290F12->912a7d3b-e3f1-4985-b06b-5f0a929b8060: receive RaftClientReply:client-0616CB290F12->912a7d3b-e3f1-4985-b06b-5f0a929b8060@group-3636E5E7603C, cid=3556, SUCCESS, logIndex=5031, commits[912a7d3b-e3f1-4985-b06b-5f0a929b8060:c5033]
2019-07-13 08:33:08,552 INFO  client.GrpcClientProtocolClient (GrpcClientProtocolClient.java:onNext(255)) - client-0616CB290F12->912a7d3b-e3f1-4985-b06b-5f0a929b8060: receive RaftClientReply:client-0616CB290F12->912a7d3b-e3f1-4985-b06b-5f0a929b8060@group-3636E5E7603C, cid=3557, SUCCESS, logIndex=5034, commits[912a7d3b-e3f1-4985-b06b-5f0a929b8060:c5035]
2019-07-13 08:33:08,552 INFO  client.GrpcClientProtocolClient (GrpcClientProtocolClient.java:onNext(255)) - client-0616CB290F12->912a7d3b-e3f1-4985-b06b-5f0a929b8060: receive RaftClientReply:client-0616CB290F12->912a7d3b-e3f1-4985-b06b-5f0a929b8060@group-3636E5E7603C, cid=3558, SUCCESS, logIndex=5035, commits[912a7d3b-e3f1-4985-b06b-5f0a929b8060:c5035]
2019-07-13 08:33:08,554 INFO  client.GrpcClientProtocolClient (GrpcClientProtocolClient.java:onNext(255)) - client-0616CB290F12->912a7d3b-e3f1-4985-b06b-5f0a929b8060: receive RaftClientReply:client-0616CB290F12->912a7d3b-e3f1-4985-b06b-5f0a929b8060@group-3636E5E7603C, cid=3559, SUCCESS, logIndex=5036, commits[912a7d3b-e3f1-4985-b06b-5f0a929b8060:c5037]
2019-07-13 08:33:08,555 INFO  client.GrpcClientProtocolClient (GrpcClientProtocolClient.java:onNext(255)) - client-0616CB290F12->912a7d3b-e3f1-4985-b06b-5f0a929b8060: receive RaftClientReply:client-0616CB290F12->912a7d3b-e3f1-4985-b06b-5f0a929b8060@group-3636E5E7603C, cid=3560, SUCCESS, logIndex=5037, commits[912a7d3b-e3f1-4985-b06b-5f0a929b8060:c5037]
2019-07-13 08:33:08,585 INFO  client.GrpcClientProtocolClient (GrpcClientProtocolClient.java:onNext(255)) - client-0616CB290F12->912a7d3b-e3f1-4985-b06b-5f0a929b8060: receive RaftClientReply:client-0616CB290F12->912a7d3b-e3f1-4985-b06b-5f0a929b8060@group-3636E5E7603C, cid=3561, SUCCESS, logIndex=5040, commits[912a7d3b-e3f1-4985-b06b-5f0a929b8060:c5041]
2019-07-13 08:33:08,585 INFO  client.GrpcClientProtocolClient (GrpcClientProtocolClient.java:onNext(255)) - client-0616CB290F12->912a7d3b-e3f1-4985-b06b-5f0a929b8060: receive RaftClientReply:client-0616CB290F12->912a7d3b-e3f1-4985-b06b-5f0a929b8060@group-3636E5E7603C, cid=3562, SUCCESS, logIndex=5041, commits[912a7d3b-e3f1-4985-b06b-5f0a929b8060:c5043]
2019-07-13 08:33:08,586 INFO  client.GrpcClientProtocolClient (GrpcClientProtocolClient.java:onNext(255)) - client-0616CB290F12->912a7d3b-e3f1-4985-b06b-5f0a929b8060: receive RaftClientReply:client-0616CB290F12->912a7d3b-e3f1-4985-b06b-5f0a929b8060@group-3636E5E7603C, cid=3563, SUCCESS, logIndex=5042, commits[912a7d3b-e3f1-4985-b06b-5f0a929b8060:c5044]
2019-07-13 08:33:08,586 INFO  client.GrpcClientProtocolClient (GrpcClientProtocolClient.java:onNext(255)) - client-0616CB290F12->912a7d3b-e3f1-4985-b06b-5f0a929b8060: receive RaftClientReply:client-0616CB290F12->912a7d3b-e3f1-4985-b06b-5f0a929b8060@group-3636E5E7603C, cid=3564, SUCCESS, logIndex=5043, commits[912a7d3b-e3f1-4985-b06b-5f0a929b8060:c5044]
2019-07-13 08:33:08,593 DEBUG block.SCMBlockDeletingService (SCMBlockDeletingService.java:call(138)) - Running DeletedBlockTransactionScanner
2019-07-13 08:33:08,593 DEBUG block.SCMBlockDeletingService (SCMBlockDeletingService.java:call(155)) - Scanned deleted blocks log and got 0 delTX to process.
2019-07-13 08:33:08,606 INFO  client.GrpcClientProtocolClient (GrpcClientProtocolClient.java:onNext(255)) - client-0616CB290F12->912a7d3b-e3f1-4985-b06b-5f0a929b8060: receive RaftClientReply:client-0616CB290F12->912a7d3b-e3f1-4985-b06b-5f0a929b8060@group-3636E5E7603C, cid=3565, SUCCESS, logIndex=5046, commits[912a7d3b-e3f1-4985-b06b-5f0a929b8060:c5047]
2019-07-13 08:33:08,606 INFO  client.GrpcClientProtocolClient (GrpcClientProtocolClient.java:onNext(255)) - client-0616CB290F12->912a7d3b-e3f1-4985-b06b-5f0a929b8060: receive RaftClientReply:client-0616CB290F12->912a7d3b-e3f1-4985-b06b-5f0a929b8060@group-3636E5E7603C, cid=3566, SUCCESS, logIndex=5047, commits[912a7d3b-e3f1-4985-b06b-5f0a929b8060:c5047]
2019-07-13 08:33:08,608 INFO  client.GrpcClientProtocolClient (GrpcClientProtocolClient.java:onNext(255)) - client-0616CB290F12->912a7d3b-e3f1-4985-b06b-5f0a929b8060: receive RaftClientReply:client-0616CB290F12->912a7d3b-e3f1-4985-b06b-5f0a929b8060@group-3636E5E7603C, cid=3567, SUCCESS, logIndex=5048, commits[912a7d3b-e3f1-4985-b06b-5f0a929b8060:c5049]
2019-07-13 08:33:08,609 INFO  client.GrpcClientProtocolClient (GrpcClientProtocolClient.java:onNext(255)) - client-0616CB290F12->912a7d3b-e3f1-4985-b06b-5f0a929b8060: receive RaftClientReply:client-0616CB290F12->912a7d3b-e3f1-4985-b06b-5f0a929b8060@group-3636E5E7603C, cid=3568, SUCCESS, logIndex=5049, commits[912a7d3b-e3f1-4985-b06b-5f0a929b8060:c5049]
2019-07-13 08:33:08,631 INFO  client.GrpcClientProtocolClient (GrpcClientProtocolClient.java:onNext(255)) - client-0616CB290F12->912a7d3b-e3f1-4985-b06b-5f0a929b8060: receive RaftClientReply:client-0616CB290F12->912a7d3b-e3f1-4985-b06b-5f0a929b8060@group-3636E5E7603C, cid=3569, SUCCESS, logIndex=5052, commits[912a7d3b-e3f1-4985-b06b-5f0a929b8060:c5053]
2019-07-13 08:33:08,632 INFO  client.GrpcClientProtocolClient (GrpcClientProtocolClient.java:onNext(255)) - client-0616CB290F12->912a7d3b-e3f1-4985-b06b-5f0a929b8060: receive RaftClientReply:client-0616CB290F12->912a7d3b-e3f1-4985-b06b-5f0a929b8060@group-3636E5E7603C, cid=3570, SUCCESS, logIndex=5053, commits[912a7d3b-e3f1-4985-b06b-5f0a929b8060:c5053]
2019-07-13 08:33:08,634 INFO  client.GrpcClientProtocolClient (GrpcClientProtocolClient.java:onNext(255)) - client-0616CB290F12->912a7d3b-e3f1-4985-b06b-5f0a929b8060: receive RaftClientReply:client-0616CB290F12->912a7d3b-e3f1-4985-b06b-5f0a929b8060@group-3636E5E7603C, cid=3571, SUCCESS, logIndex=5054, commits[912a7d3b-e3f1-4985-b06b-5f0a929b8060:c5056]
2019-07-13 08:33:08,635 INFO  client.GrpcClientProtocolClient (GrpcClientProtocolClient.java:onNext(255)) - client-0616CB290F12->912a7d3b-e3f1-4985-b06b-5f0a929b8060: receive RaftClientReply:client-0616CB290F12->912a7d3b-e3f1-4985-b06b-5f0a929b8060@group-3636E5E7603C, cid=3572, SUCCESS, logIndex=5055, commits[912a7d3b-e3f1-4985-b06b-5f0a929b8060:c5056]
2019-07-13 08:33:08,646 INFO  client.GrpcClientProtocolClient (GrpcClientProtocolClient.java:onNext(255)) - client-0616CB290F12->912a7d3b-e3f1-4985-b06b-5f0a929b8060: receive RaftClientReply:client-0616CB290F12->912a7d3b-e3f1-4985-b06b-5f0a929b8060@group-3636E5E7603C, cid=3573, SUCCESS, logIndex=5057, commits[912a7d3b-e3f1-4985-b06b-5f0a929b8060:c5058]
2019-07-13 08:33:08,646 INFO  client.GrpcClientProtocolClient (GrpcClientProtocolClient.java:onNext(255)) - client-0616CB290F12->912a7d3b-e3f1-4985-b06b-5f0a929b8060: receive RaftClientReply:client-0616CB290F12->912a7d3b-e3f1-4985-b06b-5f0a929b8060@group-3636E5E7603C, cid=3574, SUCCESS, logIndex=5058, commits[912a7d3b-e3f1-4985-b06b-5f0a929b8060:c5058]
2019-07-13 08:33:08,648 INFO  client.GrpcClientProtocolClient (GrpcClientProtocolClient.java:onNext(255)) - client-0616CB290F12->912a7d3b-e3f1-4985-b06b-5f0a929b8060: receive RaftClientReply:client-0616CB290F12->912a7d3b-e3f1-4985-b06b-5f0a929b8060@group-3636E5E7603C, cid=3575, SUCCESS, logIndex=5059, commits[912a7d3b-e3f1-4985-b06b-5f0a929b8060:c5061]
2019-07-13 08:33:08,648 INFO  client.GrpcClientProtocolClient (GrpcClientProtocolClient.java:onNext(255)) - client-0616CB290F12->912a7d3b-e3f1-4985-b06b-5f0a929b8060: receive RaftClientReply:client-0616CB290F12->912a7d3b-e3f1-4985-b06b-5f0a929b8060@group-3636E5E7603C, cid=3576, SUCCESS, logIndex=5060, commits[912a7d3b-e3f1-4985-b06b-5f0a929b8060:c5061]
2019-07-13 08:33:08,674 INFO  client.GrpcClientProtocolClient (GrpcClientProtocolClient.java:onNext(255)) - client-0616CB290F12->912a7d3b-e3f1-4985-b06b-5f0a929b8060: receive RaftClientReply:client-0616CB290F12->912a7d3b-e3f1-4985-b06b-5f0a929b8060@group-3636E5E7603C, cid=3577, SUCCESS, logIndex=5062, commits[912a7d3b-e3f1-4985-b06b-5f0a929b8060:c5063]
2019-07-13 08:33:08,677 INFO  client.GrpcClientProtocolClient (GrpcClientProtocolClient.java:onNext(255)) - client-0616CB290F12->912a7d3b-e3f1-4985-b06b-5f0a929b8060: receive RaftClientReply:client-0616CB290F12->912a7d3b-e3f1-4985-b06b-5f0a929b8060@group-3636E5E7603C, cid=3578, SUCCESS, logIndex=5063, commits[912a7d3b-e3f1-4985-b06b-5f0a929b8060:c5063]
2019-07-13 08:33:08,678 INFO  client.GrpcClientProtocolClient (GrpcClientProtocolClient.java:onNext(255)) - client-0616CB290F12->912a7d3b-e3f1-4985-b06b-5f0a929b8060: receive RaftClientReply:client-0616CB290F12->912a7d3b-e3f1-4985-b06b-5f0a929b8060@group-3636E5E7603C, cid=3579, SUCCESS, logIndex=5064, commits[912a7d3b-e3f1-4985-b06b-5f0a929b8060:c5065]
2019-07-13 08:33:08,678 INFO  client.GrpcClientProtocolClient (GrpcClientProtocolClient.java:onNext(255)) - client-0616CB290F12->912a7d3b-e3f1-4985-b06b-5f0a929b8060: receive RaftClientReply:client-0616CB290F12->912a7d3b-e3f1-4985-b06b-5f0a929b8060@group-3636E5E7603C, cid=3580, SUCCESS, logIndex=5065, commits[912a7d3b-e3f1-4985-b06b-5f0a929b8060:c5066]
2019-07-13 08:33:08,694 DEBUG block.SCMBlockDeletingService (SCMBlockDeletingService.java:call(138)) - Running DeletedBlockTransactionScanner
2019-07-13 08:33:08,694 DEBUG block.SCMBlockDeletingService (SCMBlockDeletingService.java:call(155)) - Scanned deleted blocks log and got 0 delTX to process.
2019-07-13 08:33:08,794 DEBUG block.SCMBlockDeletingService (SCMBlockDeletingService.java:call(138)) - Running DeletedBlockTransactionScanner
2019-07-13 08:33:08,795 DEBUG block.SCMBlockDeletingService (SCMBlockDeletingService.java:call(155)) - Scanned deleted blocks log and got 0 delTX to process.
2019-07-13 08:33:08,795 INFO  client.GrpcClientProtocolClient (GrpcClientProtocolClient.java:onNext(255)) - client-0616CB290F12->912a7d3b-e3f1-4985-b06b-5f0a929b8060: receive RaftClientReply:client-0616CB290F12->912a7d3b-e3f1-4985-b06b-5f0a929b8060@group-3636E5E7603C, cid=3581, SUCCESS, logIndex=5068, commits[912a7d3b-e3f1-4985-b06b-5f0a929b8060:c5071]
2019-07-13 08:33:08,795 INFO  client.GrpcClientProtocolClient (GrpcClientProtocolClient.java:onNext(255)) - client-0616CB290F12->912a7d3b-e3f1-4985-b06b-5f0a929b8060: receive RaftClientReply:client-0616CB290F12->912a7d3b-e3f1-4985-b06b-5f0a929b8060@group-3636E5E7603C, cid=3582, SUCCESS, logIndex=5069, commits[912a7d3b-e3f1-4985-b06b-5f0a929b8060:c5072]
2019-07-13 08:33:08,796 INFO  client.GrpcClientProtocolClient (GrpcClientProtocolClient.java:onNext(255)) - client-0616CB290F12->912a7d3b-e3f1-4985-b06b-5f0a929b8060: receive RaftClientReply:client-0616CB290F12->912a7d3b-e3f1-4985-b06b-5f0a929b8060@group-3636E5E7603C, cid=3583, SUCCESS, logIndex=5070, commits[912a7d3b-e3f1-4985-b06b-5f0a929b8060:c5072]
2019-07-13 08:33:08,796 INFO  client.GrpcClientProtocolClient (GrpcClientProtocolClient.java:onNext(255)) - client-0616CB290F12->912a7d3b-e3f1-4985-b06b-5f0a929b8060: receive RaftClientReply:client-0616CB290F12->912a7d3b-e3f1-4985-b06b-5f0a929b8060@group-3636E5E7603C, cid=3584, SUCCESS, logIndex=5071, commits[912a7d3b-e3f1-4985-b06b-5f0a929b8060:c5072]
2019-07-13 08:33:08,825 INFO  client.GrpcClientProtocolClient (GrpcClientProtocolClient.java:onNext(255)) - client-0616CB290F12->912a7d3b-e3f1-4985-b06b-5f0a929b8060: receive RaftClientReply:client-0616CB290F12->912a7d3b-e3f1-4985-b06b-5f0a929b8060@group-3636E5E7603C, cid=3585, SUCCESS, logIndex=5073, commits[912a7d3b-e3f1-4985-b06b-5f0a929b8060:c5074]
2019-07-13 08:33:08,826 INFO  client.GrpcClientProtocolClient (GrpcClientProtocolClient.java:onNext(255)) - client-0616CB290F12->912a7d3b-e3f1-4985-b06b-5f0a929b8060: receive RaftClientReply:client-0616CB290F12->912a7d3b-e3f1-4985-b06b-5f0a929b8060@group-3636E5E7603C, cid=3586, SUCCESS, logIndex=5074, commits[912a7d3b-e3f1-4985-b06b-5f0a929b8060:c5074]
2019-07-13 08:33:08,827 INFO  client.GrpcClientProtocolClient (GrpcClientProtocolClient.java:onNext(255)) - client-0616CB290F12->912a7d3b-e3f1-4985-b06b-5f0a929b8060: receive RaftClientReply:client-0616CB290F12->912a7d3b-e3f1-4985-b06b-5f0a929b8060@group-3636E5E7603C, cid=3587, SUCCESS, logIndex=5075, commits[912a7d3b-e3f1-4985-b06b-5f0a929b8060:c5076]
2019-07-13 08:33:08,827 INFO  client.GrpcClientProtocolClient (GrpcClientProtocolClient.java:onNext(255)) - client-0616CB290F12->912a7d3b-e3f1-4985-b06b-5f0a929b8060: receive RaftClientReply:client-0616CB290F12->912a7d3b-e3f1-4985-b06b-5f0a929b8060@group-3636E5E7603C, cid=3588, SUCCESS, logIndex=5076, commits[912a7d3b-e3f1-4985-b06b-5f0a929b8060:c5076]
2019-07-13 08:33:08,841 INFO  client.GrpcClientProtocolClient (GrpcClientProtocolClient.java:onNext(255)) - client-0616CB290F12->912a7d3b-e3f1-4985-b06b-5f0a929b8060: receive RaftClientReply:client-0616CB290F12->912a7d3b-e3f1-4985-b06b-5f0a929b8060@group-3636E5E7603C, cid=3589, SUCCESS, logIndex=5079, commits[912a7d3b-e3f1-4985-b06b-5f0a929b8060:c5082]
2019-07-13 08:33:08,841 INFO  client.GrpcClientProtocolClient (GrpcClientProtocolClient.java:onNext(255)) - client-0616CB290F12->912a7d3b-e3f1-4985-b06b-5f0a929b8060: receive RaftClientReply:client-0616CB290F12->912a7d3b-e3f1-4985-b06b-5f0a929b8060@group-3636E5E7603C, cid=3590, SUCCESS, logIndex=5080, commits[912a7d3b-e3f1-4985-b06b-5f0a929b8060:c5082]
2019-07-13 08:33:08,842 INFO  client.GrpcClientProtocolClient (GrpcClientProtocolClient.java:onNext(255)) - client-0616CB290F12->912a7d3b-e3f1-4985-b06b-5f0a929b8060: receive RaftClientReply:client-0616CB290F12->912a7d3b-e3f1-4985-b06b-5f0a929b8060@group-3636E5E7603C, cid=3591, SUCCESS, logIndex=5081, commits[912a7d3b-e3f1-4985-b06b-5f0a929b8060:c5082]
2019-07-13 08:33:08,842 INFO  client.GrpcClientProtocolClient (GrpcClientProtocolClient.java:onNext(255)) - client-0616CB290F12->912a7d3b-e3f1-4985-b06b-5f0a929b8060: receive RaftClientReply:client-0616CB290F12->912a7d3b-e3f1-4985-b06b-5f0a929b8060@group-3636E5E7603C, cid=3592, SUCCESS, logIndex=5082, commits[912a7d3b-e3f1-4985-b06b-5f0a929b8060:c5082]
2019-07-13 08:33:08,873 INFO  client.GrpcClientProtocolClient (GrpcClientProtocolClient.java:onNext(255)) - client-0616CB290F12->912a7d3b-e3f1-4985-b06b-5f0a929b8060: receive RaftClientReply:client-0616CB290F12->912a7d3b-e3f1-4985-b06b-5f0a929b8060@group-3636E5E7603C, cid=3593, SUCCESS, logIndex=5084, commits[912a7d3b-e3f1-4985-b06b-5f0a929b8060:c5087]
2019-07-13 08:33:08,874 INFO  client.GrpcClientProtocolClient (GrpcClientProtocolClient.java:onNext(255)) - client-0616CB290F12->912a7d3b-e3f1-4985-b06b-5f0a929b8060: receive RaftClientReply:client-0616CB290F12->912a7d3b-e3f1-4985-b06b-5f0a929b8060@group-3636E5E7603C, cid=3594, SUCCESS, logIndex=5085, commits[912a7d3b-e3f1-4985-b06b-5f0a929b8060:c5088]
2019-07-13 08:33:08,874 INFO  client.GrpcClientProtocolClient (GrpcClientProtocolClient.java:onNext(255)) - client-0616CB290F12->912a7d3b-e3f1-4985-b06b-5f0a929b8060: receive RaftClientReply:client-0616CB290F12->912a7d3b-e3f1-4985-b06b-5f0a929b8060@group-3636E5E7603C, cid=3595, SUCCESS, logIndex=5086, commits[912a7d3b-e3f1-4985-b06b-5f0a929b8060:c5088]
2019-07-13 08:33:08,874 INFO  client.GrpcClientProtocolClient (GrpcClientProtocolClient.java:onNext(255)) - client-0616CB290F12->912a7d3b-e3f1-4985-b06b-5f0a929b8060: receive RaftClientReply:client-0616CB290F12->912a7d3b-e3f1-4985-b06b-5f0a929b8060@group-3636E5E7603C, cid=3596, SUCCESS, logIndex=5087, commits[912a7d3b-e3f1-4985-b06b-5f0a929b8060:c5088]
2019-07-13 08:33:08,895 DEBUG block.SCMBlockDeletingService (SCMBlockDeletingService.java:call(138)) - Running DeletedBlockTransactionScanner
2019-07-13 08:33:08,895 DEBUG block.SCMBlockDeletingService (SCMBlockDeletingService.java:call(155)) - Scanned deleted blocks log and got 0 delTX to process.
2019-07-13 08:33:08,895 INFO  client.GrpcClientProtocolClient (GrpcClientProtocolClient.java:onNext(255)) - client-0616CB290F12->912a7d3b-e3f1-4985-b06b-5f0a929b8060: receive RaftClientReply:client-0616CB290F12->912a7d3b-e3f1-4985-b06b-5f0a929b8060@group-3636E5E7603C, cid=3597, SUCCESS, logIndex=5089, commits[912a7d3b-e3f1-4985-b06b-5f0a929b8060:c5092]
2019-07-13 08:33:08,895 INFO  client.GrpcClientProtocolClient (GrpcClientProtocolClient.java:onNext(255)) - client-0616CB290F12->912a7d3b-e3f1-4985-b06b-5f0a929b8060: receive RaftClientReply:client-0616CB290F12->912a7d3b-e3f1-4985-b06b-5f0a929b8060@group-3636E5E7603C, cid=3598, SUCCESS, logIndex=5090, commits[912a7d3b-e3f1-4985-b06b-5f0a929b8060:c5093]
2019-07-13 08:33:08,896 INFO  client.GrpcClientProtocolClient (GrpcClientProtocolClient.java:onNext(255)) - client-0616CB290F12->912a7d3b-e3f1-4985-b06b-5f0a929b8060: receive RaftClientReply:client-0616CB290F12->912a7d3b-e3f1-4985-b06b-5f0a929b8060@group-3636E5E7603C, cid=3599, SUCCESS, logIndex=5091, commits[912a7d3b-e3f1-4985-b06b-5f0a929b8060:c5093]
2019-07-13 08:33:08,896 INFO  client.GrpcClientProtocolClient (GrpcClientProtocolClient.java:onNext(255)) - client-0616CB290F12->912a7d3b-e3f1-4985-b06b-5f0a929b8060: receive RaftClientReply:client-0616CB290F12->912a7d3b-e3f1-4985-b06b-5f0a929b8060@group-3636E5E7603C, cid=3600, SUCCESS, logIndex=5092, commits[912a7d3b-e3f1-4985-b06b-5f0a929b8060:c5093]
2019-07-13 08:33:08,926 INFO  client.GrpcClientProtocolClient (GrpcClientProtocolClient.java:onNext(255)) - client-0616CB290F12->912a7d3b-e3f1-4985-b06b-5f0a929b8060: receive RaftClientReply:client-0616CB290F12->912a7d3b-e3f1-4985-b06b-5f0a929b8060@group-3636E5E7603C, cid=3601, SUCCESS, logIndex=5094, commits[912a7d3b-e3f1-4985-b06b-5f0a929b8060:c5097]
2019-07-13 08:33:08,926 INFO  client.GrpcClientProtocolClient (GrpcClientProtocolClient.java:onNext(255)) - client-0616CB290F12->912a7d3b-e3f1-4985-b06b-5f0a929b8060: receive RaftClientReply:client-0616CB290F12->912a7d3b-e3f1-4985-b06b-5f0a929b8060@group-3636E5E7603C, cid=3602, SUCCESS, logIndex=5095, commits[912a7d3b-e3f1-4985-b06b-5f0a929b8060:c5098]
2019-07-13 08:33:08,927 INFO  client.GrpcClientProtocolClient (GrpcClientProtocolClient.java:onNext(255)) - client-0616CB290F12->912a7d3b-e3f1-4985-b06b-5f0a929b8060: receive RaftClientReply:client-0616CB290F12->912a7d3b-e3f1-4985-b06b-5f0a929b8060@group-3636E5E7603C, cid=3603, SUCCESS, logIndex=5096, commits[912a7d3b-e3f1-4985-b06b-5f0a929b8060:c5098]
2019-07-13 08:33:08,927 INFO  client.GrpcClientProtocolClient (GrpcClientProtocolClient.java:onNext(255)) - client-0616CB290F12->912a7d3b-e3f1-4985-b06b-5f0a929b8060: receive RaftClientReply:client-0616CB290F12->912a7d3b-e3f1-4985-b06b-5f0a929b8060@group-3636E5E7603C, cid=3604, SUCCESS, logIndex=5097, commits[912a7d3b-e3f1-4985-b06b-5f0a929b8060:c5098]
2019-07-13 08:33:08,944 INFO  client.GrpcClientProtocolClient (GrpcClientProtocolClient.java:onNext(255)) - client-0616CB290F12->912a7d3b-e3f1-4985-b06b-5f0a929b8060: receive RaftClientReply:client-0616CB290F12->912a7d3b-e3f1-4985-b06b-5f0a929b8060@group-3636E5E7603C, cid=3605, SUCCESS, logIndex=5099, commits[912a7d3b-e3f1-4985-b06b-5f0a929b8060:c5100]
2019-07-13 08:33:08,945 INFO  client.GrpcClientProtocolClient (GrpcClientProtocolClient.java:onNext(255)) - client-0616CB290F12->912a7d3b-e3f1-4985-b06b-5f0a929b8060: receive RaftClientReply:client-0616CB290F12->912a7d3b-e3f1-4985-b06b-5f0a929b8060@group-3636E5E7603C, cid=3606, SUCCESS, logIndex=5100, commits[912a7d3b-e3f1-4985-b06b-5f0a929b8060:c5102]
2019-07-13 08:33:08,945 INFO  client.GrpcClientProtocolClient (GrpcClientProtocolClient.java:onNext(255)) - client-0616CB290F12->912a7d3b-e3f1-4985-b06b-5f0a929b8060: receive RaftClientReply:client-0616CB290F12->912a7d3b-e3f1-4985-b06b-5f0a929b8060@group-3636E5E7603C, cid=3607, SUCCESS, logIndex=5101, commits[912a7d3b-e3f1-4985-b06b-5f0a929b8060:c5102]
2019-07-13 08:33:08,945 INFO  client.GrpcClientProtocolClient (GrpcClientProtocolClient.java:onNext(255)) - client-0616CB290F12->912a7d3b-e3f1-4985-b06b-5f0a929b8060: receive RaftClientReply:client-0616CB290F12->912a7d3b-e3f1-4985-b06b-5f0a929b8060@group-3636E5E7603C, cid=3608, SUCCESS, logIndex=5102, commits[912a7d3b-e3f1-4985-b06b-5f0a929b8060:c5103]
2019-07-13 08:33:08,973 INFO  client.GrpcClientProtocolClient (GrpcClientProtocolClient.java:onNext(255)) - client-0616CB290F12->912a7d3b-e3f1-4985-b06b-5f0a929b8060: receive RaftClientReply:client-0616CB290F12->912a7d3b-e3f1-4985-b06b-5f0a929b8060@group-3636E5E7603C, cid=3609, SUCCESS, logIndex=5105, commits[912a7d3b-e3f1-4985-b06b-5f0a929b8060:c5106]
2019-07-13 08:33:08,974 INFO  client.GrpcClientProtocolClient (GrpcClientProtocolClient.java:onNext(255)) - client-0616CB290F12->912a7d3b-e3f1-4985-b06b-5f0a929b8060: receive RaftClientReply:client-0616CB290F12->912a7d3b-e3f1-4985-b06b-5f0a929b8060@group-3636E5E7603C, cid=3610, SUCCESS, logIndex=5106, commits[912a7d3b-e3f1-4985-b06b-5f0a929b8060:c5106]
2019-07-13 08:33:08,978 INFO  client.GrpcClientProtocolClient (GrpcClientProtocolClient.java:onNext(255)) - client-0616CB290F12->912a7d3b-e3f1-4985-b06b-5f0a929b8060: receive RaftClientReply:client-0616CB290F12->912a7d3b-e3f1-4985-b06b-5f0a929b8060@group-3636E5E7603C, cid=3611, SUCCESS, logIndex=5107, commits[912a7d3b-e3f1-4985-b06b-5f0a929b8060:c5108]
2019-07-13 08:33:08,978 INFO  client.GrpcClientProtocolClient (GrpcClientProtocolClient.java:onNext(255)) - client-0616CB290F12->912a7d3b-e3f1-4985-b06b-5f0a929b8060: receive RaftClientReply:client-0616CB290F12->912a7d3b-e3f1-4985-b06b-5f0a929b8060@group-3636E5E7603C, cid=3612, SUCCESS, logIndex=5108, commits[912a7d3b-e3f1-4985-b06b-5f0a929b8060:c5108]
2019-07-13 08:33:08,995 DEBUG block.SCMBlockDeletingService (SCMBlockDeletingService.java:call(138)) - Running DeletedBlockTransactionScanner
2019-07-13 08:33:08,996 DEBUG block.SCMBlockDeletingService (SCMBlockDeletingService.java:call(155)) - Scanned deleted blocks log and got 0 delTX to process.
2019-07-13 08:33:09,096 DEBUG block.SCMBlockDeletingService (SCMBlockDeletingService.java:call(138)) - Running DeletedBlockTransactionScanner
2019-07-13 08:33:09,096 DEBUG block.SCMBlockDeletingService (SCMBlockDeletingService.java:call(155)) - Scanned deleted blocks log and got 0 delTX to process.
2019-07-13 08:33:09,196 DEBUG block.SCMBlockDeletingService (SCMBlockDeletingService.java:call(138)) - Running DeletedBlockTransactionScanner
2019-07-13 08:33:09,197 DEBUG block.SCMBlockDeletingService (SCMBlockDeletingService.java:call(155)) - Scanned deleted blocks log and got 0 delTX to process.
2019-07-13 08:33:09,297 DEBUG block.SCMBlockDeletingService (SCMBlockDeletingService.java:call(138)) - Running DeletedBlockTransactionScanner
2019-07-13 08:33:09,297 DEBUG block.SCMBlockDeletingService (SCMBlockDeletingService.java:call(155)) - Scanned deleted blocks log and got 0 delTX to process.
2019-07-13 08:33:09,397 DEBUG block.SCMBlockDeletingService (SCMBlockDeletingService.java:call(138)) - Running DeletedBlockTransactionScanner
2019-07-13 08:33:09,398 DEBUG block.SCMBlockDeletingService (SCMBlockDeletingService.java:call(155)) - Scanned deleted blocks log and got 0 delTX to process.
2019-07-13 08:33:09,449 INFO  client.GrpcClientProtocolClient (GrpcClientProtocolClient.java:onNext(255)) - client-0616CB290F12->912a7d3b-e3f1-4985-b06b-5f0a929b8060: receive RaftClientReply:client-0616CB290F12->912a7d3b-e3f1-4985-b06b-5f0a929b8060@group-3636E5E7603C, cid=3613, SUCCESS, logIndex=5111, commits[912a7d3b-e3f1-4985-b06b-5f0a929b8060:c5114]
2019-07-13 08:33:09,450 INFO  client.GrpcClientProtocolClient (GrpcClientProtocolClient.java:onNext(255)) - client-0616CB290F12->912a7d3b-e3f1-4985-b06b-5f0a929b8060: receive RaftClientReply:client-0616CB290F12->912a7d3b-e3f1-4985-b06b-5f0a929b8060@group-3636E5E7603C, cid=3614, SUCCESS, logIndex=5112, commits[912a7d3b-e3f1-4985-b06b-5f0a929b8060:c5114]
2019-07-13 08:33:09,450 INFO  client.GrpcClientProtocolClient (GrpcClientProtocolClient.java:onNext(255)) - client-0616CB290F12->912a7d3b-e3f1-4985-b06b-5f0a929b8060: receive RaftClientReply:client-0616CB290F12->912a7d3b-e3f1-4985-b06b-5f0a929b8060@group-3636E5E7603C, cid=3615, SUCCESS, logIndex=5113, commits[912a7d3b-e3f1-4985-b06b-5f0a929b8060:c5114]
2019-07-13 08:33:09,450 INFO  client.GrpcClientProtocolClient (GrpcClientProtocolClient.java:onNext(255)) - client-0616CB290F12->912a7d3b-e3f1-4985-b06b-5f0a929b8060: receive RaftClientReply:client-0616CB290F12->912a7d3b-e3f1-4985-b06b-5f0a929b8060@group-3636E5E7603C, cid=3616, SUCCESS, logIndex=5114, commits[912a7d3b-e3f1-4985-b06b-5f0a929b8060:c5114]
2019-07-13 08:33:09,498 DEBUG block.SCMBlockDeletingService (SCMBlockDeletingService.java:call(138)) - Running DeletedBlockTransactionScanner
2019-07-13 08:33:09,498 DEBUG block.SCMBlockDeletingService (SCMBlockDeletingService.java:call(155)) - Scanned deleted blocks log and got 0 delTX to process.
2019-07-13 08:33:09,599 DEBUG block.SCMBlockDeletingService (SCMBlockDeletingService.java:call(138)) - Running DeletedBlockTransactionScanner
2019-07-13 08:33:09,599 DEBUG block.SCMBlockDeletingService (SCMBlockDeletingService.java:call(155)) - Scanned deleted blocks log and got 0 delTX to process.
2019-07-13 08:33:09,699 DEBUG block.SCMBlockDeletingService (SCMBlockDeletingService.java:call(138)) - Running DeletedBlockTransactionScanner
2019-07-13 08:33:09,699 DEBUG block.SCMBlockDeletingService (SCMBlockDeletingService.java:call(155)) - Scanned deleted blocks log and got 0 delTX to process.
2019-07-13 08:33:09,800 DEBUG block.SCMBlockDeletingService (SCMBlockDeletingService.java:call(138)) - Running DeletedBlockTransactionScanner
2019-07-13 08:33:09,800 DEBUG block.SCMBlockDeletingService (SCMBlockDeletingService.java:call(155)) - Scanned deleted blocks log and got 0 delTX to process.
2019-07-13 08:33:09,900 DEBUG block.SCMBlockDeletingService (SCMBlockDeletingService.java:call(138)) - Running DeletedBlockTransactionScanner
2019-07-13 08:33:09,900 DEBUG block.SCMBlockDeletingService (SCMBlockDeletingService.java:call(155)) - Scanned deleted blocks log and got 0 delTX to process.
2019-07-13 08:33:10,001 DEBUG block.SCMBlockDeletingService (SCMBlockDeletingService.java:call(138)) - Running DeletedBlockTransactionScanner
2019-07-13 08:33:10,001 DEBUG block.SCMBlockDeletingService (SCMBlockDeletingService.java:call(155)) - Scanned deleted blocks log and got 0 delTX to process.
2019-07-13 08:33:10,101 DEBUG block.SCMBlockDeletingService (SCMBlockDeletingService.java:call(138)) - Running DeletedBlockTransactionScanner
2019-07-13 08:33:10,102 DEBUG block.SCMBlockDeletingService (SCMBlockDeletingService.java:call(155)) - Scanned deleted blocks log and got 0 delTX to process.
2019-07-13 08:33:10,202 DEBUG block.SCMBlockDeletingService (SCMBlockDeletingService.java:call(138)) - Running DeletedBlockTransactionScanner
2019-07-13 08:33:10,202 DEBUG block.SCMBlockDeletingService (SCMBlockDeletingService.java:call(155)) - Scanned deleted blocks log and got 0 delTX to process.
2019-07-13 08:33:10,303 DEBUG block.SCMBlockDeletingService (SCMBlockDeletingService.java:call(138)) - Running DeletedBlockTransactionScanner
2019-07-13 08:33:10,303 DEBUG block.SCMBlockDeletingService (SCMBlockDeletingService.java:call(155)) - Scanned deleted blocks log and got 0 delTX to process.
2019-07-13 08:33:10,403 DEBUG block.SCMBlockDeletingService (SCMBlockDeletingService.java:call(138)) - Running DeletedBlockTransactionScanner
2019-07-13 08:33:10,403 DEBUG block.SCMBlockDeletingService (SCMBlockDeletingService.java:call(155)) - Scanned deleted blocks log and got 0 delTX to process.
2019-07-13 08:33:10,504 DEBUG block.SCMBlockDeletingService (SCMBlockDeletingService.java:call(138)) - Running DeletedBlockTransactionScanner
2019-07-13 08:33:10,504 DEBUG block.SCMBlockDeletingService (SCMBlockDeletingService.java:call(155)) - Scanned deleted blocks log and got 0 delTX to process.
2019-07-13 08:33:10,605 DEBUG block.SCMBlockDeletingService (SCMBlockDeletingService.java:call(138)) - Running DeletedBlockTransactionScanner
2019-07-13 08:33:10,605 DEBUG block.SCMBlockDeletingService (SCMBlockDeletingService.java:call(155)) - Scanned deleted blocks log and got 0 delTX to process.
2019-07-13 08:33:10,705 DEBUG block.SCMBlockDeletingService (SCMBlockDeletingService.java:call(138)) - Running DeletedBlockTransactionScanner
2019-07-13 08:33:10,705 DEBUG block.SCMBlockDeletingService (SCMBlockDeletingService.java:call(155)) - Scanned deleted blocks log and got 0 delTX to process.
2019-07-13 08:33:10,806 DEBUG block.SCMBlockDeletingService (SCMBlockDeletingService.java:call(138)) - Running DeletedBlockTransactionScanner
2019-07-13 08:33:10,806 DEBUG block.SCMBlockDeletingService (SCMBlockDeletingService.java:call(155)) - Scanned deleted blocks log and got 0 delTX to process.
2019-07-13 08:33:10,907 DEBUG block.SCMBlockDeletingService (SCMBlockDeletingService.java:call(138)) - Running DeletedBlockTransactionScanner
2019-07-13 08:33:10,907 DEBUG block.SCMBlockDeletingService (SCMBlockDeletingService.java:call(155)) - Scanned deleted blocks log and got 0 delTX to process.
2019-07-13 08:33:11,007 DEBUG block.SCMBlockDeletingService (SCMBlockDeletingService.java:call(138)) - Running DeletedBlockTransactionScanner
2019-07-13 08:33:11,007 DEBUG block.SCMBlockDeletingService (SCMBlockDeletingService.java:call(155)) - Scanned deleted blocks log and got 0 delTX to process.
2019-07-13 08:33:11,108 DEBUG block.SCMBlockDeletingService (SCMBlockDeletingService.java:call(138)) - Running DeletedBlockTransactionScanner
2019-07-13 08:33:11,108 DEBUG block.SCMBlockDeletingService (SCMBlockDeletingService.java:call(155)) - Scanned deleted blocks log and got 0 delTX to process.
2019-07-13 08:33:11,209 DEBUG block.SCMBlockDeletingService (SCMBlockDeletingService.java:call(138)) - Running DeletedBlockTransactionScanner
2019-07-13 08:33:11,209 DEBUG block.SCMBlockDeletingService (SCMBlockDeletingService.java:call(155)) - Scanned deleted blocks log and got 0 delTX to process.
2019-07-13 08:33:11,309 DEBUG block.SCMBlockDeletingService (SCMBlockDeletingService.java:call(138)) - Running DeletedBlockTransactionScanner
2019-07-13 08:33:11,310 DEBUG block.SCMBlockDeletingService (SCMBlockDeletingService.java:call(155)) - Scanned deleted blocks log and got 0 delTX to process.
2019-07-13 08:33:11,381 INFO  client.GrpcClientProtocolClient (GrpcClientProtocolClient.java:onNext(255)) - client-0616CB290F12->912a7d3b-e3f1-4985-b06b-5f0a929b8060: receive RaftClientReply:client-0616CB290F12->912a7d3b-e3f1-4985-b06b-5f0a929b8060@group-3636E5E7603C, cid=3617, SUCCESS, logIndex=5116, commits[912a7d3b-e3f1-4985-b06b-5f0a929b8060:c5119]
2019-07-13 08:33:11,382 INFO  client.GrpcClientProtocolClient (GrpcClientProtocolClient.java:onNext(255)) - client-0616CB290F12->912a7d3b-e3f1-4985-b06b-5f0a929b8060: receive RaftClientReply:client-0616CB290F12->912a7d3b-e3f1-4985-b06b-5f0a929b8060@group-3636E5E7603C, cid=3618, SUCCESS, logIndex=5117, commits[912a7d3b-e3f1-4985-b06b-5f0a929b8060:c5120]
2019-07-13 08:33:11,382 INFO  client.GrpcClientProtocolClient (GrpcClientProtocolClient.java:onNext(255)) - client-0616CB290F12->912a7d3b-e3f1-4985-b06b-5f0a929b8060: receive RaftClientReply:client-0616CB290F12->912a7d3b-e3f1-4985-b06b-5f0a929b8060@group-3636E5E7603C, cid=3619, SUCCESS, logIndex=5118, commits[912a7d3b-e3f1-4985-b06b-5f0a929b8060:c5120]
2019-07-13 08:33:11,383 INFO  client.GrpcClientProtocolClient (GrpcClientProtocolClient.java:onNext(255)) - client-0616CB290F12->912a7d3b-e3f1-4985-b06b-5f0a929b8060: receive RaftClientReply:client-0616CB290F12->912a7d3b-e3f1-4985-b06b-5f0a929b8060@group-3636E5E7603C, cid=3620, SUCCESS, logIndex=5119, commits[912a7d3b-e3f1-4985-b06b-5f0a929b8060:c5120]
2019-07-13 08:33:11,399 INFO  client.GrpcClientProtocolClient (GrpcClientProtocolClient.java:onNext(255)) - client-0616CB290F12->912a7d3b-e3f1-4985-b06b-5f0a929b8060: receive RaftClientReply:client-0616CB290F12->912a7d3b-e3f1-4985-b06b-5f0a929b8060@group-3636E5E7603C, cid=3621, SUCCESS, logIndex=5121, commits[912a7d3b-e3f1-4985-b06b-5f0a929b8060:c5122]
2019-07-13 08:33:11,399 INFO  client.GrpcClientProtocolClient (GrpcClientProtocolClient.java:onNext(255)) - client-0616CB290F12->912a7d3b-e3f1-4985-b06b-5f0a929b8060: receive RaftClientReply:client-0616CB290F12->912a7d3b-e3f1-4985-b06b-5f0a929b8060@group-3636E5E7603C, cid=3622, SUCCESS, logIndex=5122, commits[912a7d3b-e3f1-4985-b06b-5f0a929b8060:c5122]
2019-07-13 08:33:11,405 INFO  client.GrpcClientProtocolClient (GrpcClientProtocolClient.java:onNext(255)) - client-0616CB290F12->912a7d3b-e3f1-4985-b06b-5f0a929b8060: receive RaftClientReply:client-0616CB290F12->912a7d3b-e3f1-4985-b06b-5f0a929b8060@group-3636E5E7603C, cid=3623, SUCCESS, logIndex=5123, commits[912a7d3b-e3f1-4985-b06b-5f0a929b8060:c5125]
2019-07-13 08:33:11,405 INFO  client.GrpcClientProtocolClient (GrpcClientProtocolClient.java:onNext(255)) - client-0616CB290F12->912a7d3b-e3f1-4985-b06b-5f0a929b8060: receive RaftClientReply:client-0616CB290F12->912a7d3b-e3f1-4985-b06b-5f0a929b8060@group-3636E5E7603C, cid=3624, SUCCESS, logIndex=5124, commits[912a7d3b-e3f1-4985-b06b-5f0a929b8060:c5125]
2019-07-13 08:33:11,410 DEBUG block.SCMBlockDeletingService (SCMBlockDeletingService.java:call(138)) - Running DeletedBlockTransactionScanner
2019-07-13 08:33:11,410 DEBUG block.SCMBlockDeletingService (SCMBlockDeletingService.java:call(155)) - Scanned deleted blocks log and got 0 delTX to process.
2019-07-13 08:33:11,511 DEBUG block.SCMBlockDeletingService (SCMBlockDeletingService.java:call(138)) - Running DeletedBlockTransactionScanner
2019-07-13 08:33:11,511 DEBUG block.SCMBlockDeletingService (SCMBlockDeletingService.java:call(155)) - Scanned deleted blocks log and got 0 delTX to process.
2019-07-13 08:33:11,551 INFO  client.GrpcClientProtocolClient (GrpcClientProtocolClient.java:onNext(255)) - client-0616CB290F12->912a7d3b-e3f1-4985-b06b-5f0a929b8060: receive RaftClientReply:client-0616CB290F12->912a7d3b-e3f1-4985-b06b-5f0a929b8060@group-3636E5E7603C, cid=3625, SUCCESS, logIndex=5126, commits[912a7d3b-e3f1-4985-b06b-5f0a929b8060:c5127]
2019-07-13 08:33:11,552 INFO  client.GrpcClientProtocolClient (GrpcClientProtocolClient.java:onNext(255)) - client-0616CB290F12->912a7d3b-e3f1-4985-b06b-5f0a929b8060: receive RaftClientReply:client-0616CB290F12->912a7d3b-e3f1-4985-b06b-5f0a929b8060@group-3636E5E7603C, cid=3626, SUCCESS, logIndex=5127, commits[912a7d3b-e3f1-4985-b06b-5f0a929b8060:c5129]
2019-07-13 08:33:11,552 INFO  client.GrpcClientProtocolClient (GrpcClientProtocolClient.java:onNext(255)) - client-0616CB290F12->912a7d3b-e3f1-4985-b06b-5f0a929b8060: receive RaftClientReply:client-0616CB290F12->912a7d3b-e3f1-4985-b06b-5f0a929b8060@group-3636E5E7603C, cid=3627, SUCCESS, logIndex=5128, commits[912a7d3b-e3f1-4985-b06b-5f0a929b8060:c5130]
2019-07-13 08:33:11,552 INFO  client.GrpcClientProtocolClient (GrpcClientProtocolClient.java:onNext(255)) - client-0616CB290F12->912a7d3b-e3f1-4985-b06b-5f0a929b8060: receive RaftClientReply:client-0616CB290F12->912a7d3b-e3f1-4985-b06b-5f0a929b8060@group-3636E5E7603C, cid=3628, SUCCESS, logIndex=5129, commits[912a7d3b-e3f1-4985-b06b-5f0a929b8060:c5131]
2019-07-13 08:33:11,574 INFO  client.GrpcClientProtocolClient (GrpcClientProtocolClient.java:onNext(255)) - client-0616CB290F12->912a7d3b-e3f1-4985-b06b-5f0a929b8060: receive RaftClientReply:client-0616CB290F12->912a7d3b-e3f1-4985-b06b-5f0a929b8060@group-3636E5E7603C, cid=3629, SUCCESS, logIndex=5132, commits[912a7d3b-e3f1-4985-b06b-5f0a929b8060:c5133]
2019-07-13 08:33:11,575 INFO  client.GrpcClientProtocolClient (GrpcClientProtocolClient.java:onNext(255)) - client-0616CB290F12->912a7d3b-e3f1-4985-b06b-5f0a929b8060: receive RaftClientReply:client-0616CB290F12->912a7d3b-e3f1-4985-b06b-5f0a929b8060@group-3636E5E7603C, cid=3630, SUCCESS, logIndex=5133, commits[912a7d3b-e3f1-4985-b06b-5f0a929b8060:c5135]
2019-07-13 08:33:11,575 INFO  client.GrpcClientProtocolClient (GrpcClientProtocolClient.java:onNext(255)) - client-0616CB290F12->912a7d3b-e3f1-4985-b06b-5f0a929b8060: receive RaftClientReply:client-0616CB290F12->912a7d3b-e3f1-4985-b06b-5f0a929b8060@group-3636E5E7603C, cid=3631, SUCCESS, logIndex=5134, commits[912a7d3b-e3f1-4985-b06b-5f0a929b8060:c5135]
2019-07-13 08:33:11,575 INFO  client.GrpcClientProtocolClient (GrpcClientProtocolClient.java:onNext(255)) - client-0616CB290F12->912a7d3b-e3f1-4985-b06b-5f0a929b8060: receive RaftClientReply:client-0616CB290F12->912a7d3b-e3f1-4985-b06b-5f0a929b8060@group-3636E5E7603C, cid=3632, SUCCESS, logIndex=5135, commits[912a7d3b-e3f1-4985-b06b-5f0a929b8060:c5136]
2019-07-13 08:33:11,657 DEBUG block.SCMBlockDeletingService (SCMBlockDeletingService.java:call(138)) - Running DeletedBlockTransactionScanner
2019-07-13 08:33:11,658 DEBUG block.SCMBlockDeletingService (SCMBlockDeletingService.java:call(155)) - Scanned deleted blocks log and got 0 delTX to process.
2019-07-13 08:33:11,659 INFO  client.GrpcClientProtocolClient (GrpcClientProtocolClient.java:onNext(255)) - client-0616CB290F12->912a7d3b-e3f1-4985-b06b-5f0a929b8060: receive RaftClientReply:client-0616CB290F12->912a7d3b-e3f1-4985-b06b-5f0a929b8060@group-3636E5E7603C, cid=3633, SUCCESS, logIndex=5138, commits[912a7d3b-e3f1-4985-b06b-5f0a929b8060:c5139]
2019-07-13 08:33:11,660 INFO  client.GrpcClientProtocolClient (GrpcClientProtocolClient.java:onNext(255)) - client-0616CB290F12->912a7d3b-e3f1-4985-b06b-5f0a929b8060: receive RaftClientReply:client-0616CB290F12->912a7d3b-e3f1-4985-b06b-5f0a929b8060@group-3636E5E7603C, cid=3634, SUCCESS, logIndex=5139, commits[912a7d3b-e3f1-4985-b06b-5f0a929b8060:c5139]
2019-07-13 08:33:11,671 INFO  client.GrpcClientProtocolClient (GrpcClientProtocolClient.java:onNext(255)) - client-0616CB290F12->912a7d3b-e3f1-4985-b06b-5f0a929b8060: receive RaftClientReply:client-0616CB290F12->912a7d3b-e3f1-4985-b06b-5f0a929b8060@group-3636E5E7603C, cid=3635, SUCCESS, logIndex=5141, commits[912a7d3b-e3f1-4985-b06b-5f0a929b8060:c5142]
2019-07-13 08:33:11,671 INFO  client.GrpcClientProtocolClient (GrpcClientProtocolClient.java:onNext(255)) - client-0616CB290F12->912a7d3b-e3f1-4985-b06b-5f0a929b8060: receive RaftClientReply:client-0616CB290F12->912a7d3b-e3f1-4985-b06b-5f0a929b8060@group-3636E5E7603C, cid=3636, SUCCESS, logIndex=5142, commits[912a7d3b-e3f1-4985-b06b-5f0a929b8060:c5142]
2019-07-13 08:33:11,693 INFO  client.GrpcClientProtocolClient (GrpcClientProtocolClient.java:onNext(255)) - client-0616CB290F12->912a7d3b-e3f1-4985-b06b-5f0a929b8060: receive RaftClientReply:client-0616CB290F12->912a7d3b-e3f1-4985-b06b-5f0a929b8060@group-3636E5E7603C, cid=3637, SUCCESS, logIndex=5144, commits[912a7d3b-e3f1-4985-b06b-5f0a929b8060:c5145]
2019-07-13 08:33:11,693 INFO  client.GrpcClientProtocolClient (GrpcClientProtocolClient.java:onNext(255)) - client-0616CB290F12->912a7d3b-e3f1-4985-b06b-5f0a929b8060: receive RaftClientReply:client-0616CB290F12->912a7d3b-e3f1-4985-b06b-5f0a929b8060@group-3636E5E7603C, cid=3638, SUCCESS, logIndex=5145, commits[912a7d3b-e3f1-4985-b06b-5f0a929b8060:c5147]
2019-07-13 08:33:11,694 INFO  client.GrpcClientProtocolClient (GrpcClientProtocolClient.java:onNext(255)) - client-0616CB290F12->912a7d3b-e3f1-4985-b06b-5f0a929b8060: receive RaftClientReply:client-0616CB290F12->912a7d3b-e3f1-4985-b06b-5f0a929b8060@group-3636E5E7603C, cid=3639, SUCCESS, logIndex=5146, commits[912a7d3b-e3f1-4985-b06b-5f0a929b8060:c5147]
2019-07-13 08:33:11,694 INFO  client.GrpcClientProtocolClient (GrpcClientProtocolClient.java:onNext(255)) - client-0616CB290F12->912a7d3b-e3f1-4985-b06b-5f0a929b8060: receive RaftClientReply:client-0616CB290F12->912a7d3b-e3f1-4985-b06b-5f0a929b8060@group-3636E5E7603C, cid=3640, SUCCESS, logIndex=5147, commits[912a7d3b-e3f1-4985-b06b-5f0a929b8060:c5148]
2019-07-13 08:33:11,726 INFO  client.GrpcClientProtocolClient (GrpcClientProtocolClient.java:onNext(255)) - client-0616CB290F12->912a7d3b-e3f1-4985-b06b-5f0a929b8060: receive RaftClientReply:client-0616CB290F12->912a7d3b-e3f1-4985-b06b-5f0a929b8060@group-3636E5E7603C, cid=3641, SUCCESS, logIndex=5150, commits[912a7d3b-e3f1-4985-b06b-5f0a929b8060:c5151]
2019-07-13 08:33:11,727 INFO  client.GrpcClientProtocolClient (GrpcClientProtocolClient.java:onNext(255)) - client-0616CB290F12->912a7d3b-e3f1-4985-b06b-5f0a929b8060: receive RaftClientReply:client-0616CB290F12->912a7d3b-e3f1-4985-b06b-5f0a929b8060@group-3636E5E7603C, cid=3642, SUCCESS, logIndex=5151, commits[912a7d3b-e3f1-4985-b06b-5f0a929b8060:c5153]
2019-07-13 08:33:11,727 INFO  client.GrpcClientProtocolClient (GrpcClientProtocolClient.java:onNext(255)) - client-0616CB290F12->912a7d3b-e3f1-4985-b06b-5f0a929b8060: receive RaftClientReply:client-0616CB290F12->912a7d3b-e3f1-4985-b06b-5f0a929b8060@group-3636E5E7603C, cid=3643, SUCCESS, logIndex=5152, commits[912a7d3b-e3f1-4985-b06b-5f0a929b8060:c5154]
2019-07-13 08:33:11,727 INFO  client.GrpcClientProtocolClient (GrpcClientProtocolClient.java:onNext(255)) - client-0616CB290F12->912a7d3b-e3f1-4985-b06b-5f0a929b8060: receive RaftClientReply:client-0616CB290F12->912a7d3b-e3f1-4985-b06b-5f0a929b8060@group-3636E5E7603C, cid=3644, SUCCESS, logIndex=5153, commits[912a7d3b-e3f1-4985-b06b-5f0a929b8060:c5154]
2019-07-13 08:33:11,748 INFO  client.GrpcClientProtocolClient (GrpcClientProtocolClient.java:onNext(255)) - client-0616CB290F12->912a7d3b-e3f1-4985-b06b-5f0a929b8060: receive RaftClientReply:client-0616CB290F12->912a7d3b-e3f1-4985-b06b-5f0a929b8060@group-3636E5E7603C, cid=3645, SUCCESS, logIndex=5156, commits[912a7d3b-e3f1-4985-b06b-5f0a929b8060:c5157]
2019-07-13 08:33:11,749 INFO  client.GrpcClientProtocolClient (GrpcClientProtocolClient.java:onNext(255)) - client-0616CB290F12->912a7d3b-e3f1-4985-b06b-5f0a929b8060: receive RaftClientReply:client-0616CB290F12->912a7d3b-e3f1-4985-b06b-5f0a929b8060@group-3636E5E7603C, cid=3646, SUCCESS, logIndex=5157, commits[912a7d3b-e3f1-4985-b06b-5f0a929b8060:c5159]
2019-07-13 08:33:11,749 INFO  client.GrpcClientProtocolClient (GrpcClientProtocolClient.java:onNext(255)) - client-0616CB290F12->912a7d3b-e3f1-4985-b06b-5f0a929b8060: receive RaftClientReply:client-0616CB290F12->912a7d3b-e3f1-4985-b06b-5f0a929b8060@group-3636E5E7603C, cid=3647, SUCCESS, logIndex=5158, commits[912a7d3b-e3f1-4985-b06b-5f0a929b8060:c5160]
2019-07-13 08:33:11,750 INFO  client.GrpcClientProtocolClient (GrpcClientProtocolClient.java:onNext(255)) - client-0616CB290F12->912a7d3b-e3f1-4985-b06b-5f0a929b8060: receive RaftClientReply:client-0616CB290F12->912a7d3b-e3f1-4985-b06b-5f0a929b8060@group-3636E5E7603C, cid=3648, SUCCESS, logIndex=5159, commits[912a7d3b-e3f1-4985-b06b-5f0a929b8060:c5160]
2019-07-13 08:33:11,758 DEBUG block.SCMBlockDeletingService (SCMBlockDeletingService.java:call(138)) - Running DeletedBlockTransactionScanner
2019-07-13 08:33:11,758 DEBUG block.SCMBlockDeletingService (SCMBlockDeletingService.java:call(155)) - Scanned deleted blocks log and got 0 delTX to process.
2019-07-13 08:33:11,782 INFO  client.GrpcClientProtocolClient (GrpcClientProtocolClient.java:onNext(255)) - client-0616CB290F12->912a7d3b-e3f1-4985-b06b-5f0a929b8060: receive RaftClientReply:client-0616CB290F12->912a7d3b-e3f1-4985-b06b-5f0a929b8060@group-3636E5E7603C, cid=3649, SUCCESS, logIndex=5162, commits[912a7d3b-e3f1-4985-b06b-5f0a929b8060:c5163]
2019-07-13 08:33:11,783 INFO  client.GrpcClientProtocolClient (GrpcClientProtocolClient.java:onNext(255)) - client-0616CB290F12->912a7d3b-e3f1-4985-b06b-5f0a929b8060: receive RaftClientReply:client-0616CB290F12->912a7d3b-e3f1-4985-b06b-5f0a929b8060@group-3636E5E7603C, cid=3650, SUCCESS, logIndex=5163, commits[912a7d3b-e3f1-4985-b06b-5f0a929b8060:c5165]
2019-07-13 08:33:11,783 INFO  client.GrpcClientProtocolClient (GrpcClientProtocolClient.java:onNext(255)) - client-0616CB290F12->912a7d3b-e3f1-4985-b06b-5f0a929b8060: receive RaftClientReply:client-0616CB290F12->912a7d3b-e3f1-4985-b06b-5f0a929b8060@group-3636E5E7603C, cid=3651, SUCCESS, logIndex=5164, commits[912a7d3b-e3f1-4985-b06b-5f0a929b8060:c5166]
2019-07-13 08:33:11,784 INFO  client.GrpcClientProtocolClient (GrpcClientProtocolClient.java:onNext(255)) - client-0616CB290F12->912a7d3b-e3f1-4985-b06b-5f0a929b8060: receive RaftClientReply:client-0616CB290F12->912a7d3b-e3f1-4985-b06b-5f0a929b8060@group-3636E5E7603C, cid=3652, SUCCESS, logIndex=5165, commits[912a7d3b-e3f1-4985-b06b-5f0a929b8060:c5166]
2019-07-13 08:33:11,805 INFO  client.GrpcClientProtocolClient (GrpcClientProtocolClient.java:onNext(255)) - client-0616CB290F12->912a7d3b-e3f1-4985-b06b-5f0a929b8060: receive RaftClientReply:client-0616CB290F12->912a7d3b-e3f1-4985-b06b-5f0a929b8060@group-3636E5E7603C, cid=3653, SUCCESS, logIndex=5168, commits[912a7d3b-e3f1-4985-b06b-5f0a929b8060:c5169]
2019-07-13 08:33:11,805 INFO  client.GrpcClientProtocolClient (GrpcClientProtocolClient.java:onNext(255)) - client-0616CB290F12->912a7d3b-e3f1-4985-b06b-5f0a929b8060: receive RaftClientReply:client-0616CB290F12->912a7d3b-e3f1-4985-b06b-5f0a929b8060@group-3636E5E7603C, cid=3654, SUCCESS, logIndex=5169, commits[912a7d3b-e3f1-4985-b06b-5f0a929b8060:c5169]
2019-07-13 08:33:11,807 INFO  client.GrpcClientProtocolClient (GrpcClientProtocolClient.java:onNext(255)) - client-0616CB290F12->912a7d3b-e3f1-4985-b06b-5f0a929b8060: receive RaftClientReply:client-0616CB290F12->912a7d3b-e3f1-4985-b06b-5f0a929b8060@group-3636E5E7603C, cid=3655, SUCCESS, logIndex=5170, commits[912a7d3b-e3f1-4985-b06b-5f0a929b8060:c5171]
2019-07-13 08:33:11,807 INFO  client.GrpcClientProtocolClient (GrpcClientProtocolClient.java:onNext(255)) - client-0616CB290F12->912a7d3b-e3f1-4985-b06b-5f0a929b8060: receive RaftClientReply:client-0616CB290F12->912a7d3b-e3f1-4985-b06b-5f0a929b8060@group-3636E5E7603C, cid=3656, SUCCESS, logIndex=5171, commits[912a7d3b-e3f1-4985-b06b-5f0a929b8060:c5171]
2019-07-13 08:33:11,850 INFO  client.GrpcClientProtocolClient (GrpcClientProtocolClient.java:onNext(255)) - client-0616CB290F12->912a7d3b-e3f1-4985-b06b-5f0a929b8060: receive RaftClientReply:client-0616CB290F12->912a7d3b-e3f1-4985-b06b-5f0a929b8060@group-3636E5E7603C, cid=3657, SUCCESS, logIndex=5174, commits[912a7d3b-e3f1-4985-b06b-5f0a929b8060:c5175]
2019-07-13 08:33:11,850 INFO  client.GrpcClientProtocolClient (GrpcClientProtocolClient.java:onNext(255)) - client-0616CB290F12->912a7d3b-e3f1-4985-b06b-5f0a929b8060: receive RaftClientReply:client-0616CB290F12->912a7d3b-e3f1-4985-b06b-5f0a929b8060@group-3636E5E7603C, cid=3658, SUCCESS, logIndex=5175, commits[912a7d3b-e3f1-4985-b06b-5f0a929b8060:c5177]
2019-07-13 08:33:11,851 INFO  client.GrpcClientProtocolClient (GrpcClientProtocolClient.java:onNext(255)) - client-0616CB290F12->912a7d3b-e3f1-4985-b06b-5f0a929b8060: receive RaftClientReply:client-0616CB290F12->912a7d3b-e3f1-4985-b06b-5f0a929b8060@group-3636E5E7603C, cid=3659, SUCCESS, logIndex=5176, commits[912a7d3b-e3f1-4985-b06b-5f0a929b8060:c5178]
2019-07-13 08:33:11,851 INFO  client.GrpcClientProtocolClient (GrpcClientProtocolClient.java:onNext(255)) - client-0616CB290F12->912a7d3b-e3f1-4985-b06b-5f0a929b8060: receive RaftClientReply:client-0616CB290F12->912a7d3b-e3f1-4985-b06b-5f0a929b8060@group-3636E5E7603C, cid=3660, SUCCESS, logIndex=5177, commits[912a7d3b-e3f1-4985-b06b-5f0a929b8060:c5178]
2019-07-13 08:33:11,859 DEBUG block.SCMBlockDeletingService (SCMBlockDeletingService.java:call(138)) - Running DeletedBlockTransactionScanner
2019-07-13 08:33:11,859 DEBUG block.SCMBlockDeletingService (SCMBlockDeletingService.java:call(155)) - Scanned deleted blocks log and got 0 delTX to process.
2019-07-13 08:33:11,870 INFO  client.GrpcClientProtocolClient (GrpcClientProtocolClient.java:onNext(255)) - client-0616CB290F12->912a7d3b-e3f1-4985-b06b-5f0a929b8060: receive RaftClientReply:client-0616CB290F12->912a7d3b-e3f1-4985-b06b-5f0a929b8060@group-3636E5E7603C, cid=3661, SUCCESS, logIndex=5180, commits[912a7d3b-e3f1-4985-b06b-5f0a929b8060:c5181]
2019-07-13 08:33:11,870 INFO  client.GrpcClientProtocolClient (GrpcClientProtocolClient.java:onNext(255)) - client-0616CB290F12->912a7d3b-e3f1-4985-b06b-5f0a929b8060: receive RaftClientReply:client-0616CB290F12->912a7d3b-e3f1-4985-b06b-5f0a929b8060@group-3636E5E7603C, cid=3662, SUCCESS, logIndex=5181, commits[912a7d3b-e3f1-4985-b06b-5f0a929b8060:c5183]
2019-07-13 08:33:11,871 INFO  client.GrpcClientProtocolClient (GrpcClientProtocolClient.java:onNext(255)) - client-0616CB290F12->912a7d3b-e3f1-4985-b06b-5f0a929b8060: receive RaftClientReply:client-0616CB290F12->912a7d3b-e3f1-4985-b06b-5f0a929b8060@group-3636E5E7603C, cid=3663, SUCCESS, logIndex=5182, commits[912a7d3b-e3f1-4985-b06b-5f0a929b8060:c5183]
2019-07-13 08:33:11,871 INFO  client.GrpcClientProtocolClient (GrpcClientProtocolClient.java:onNext(255)) - client-0616CB290F12->912a7d3b-e3f1-4985-b06b-5f0a929b8060: receive RaftClientReply:client-0616CB290F12->912a7d3b-e3f1-4985-b06b-5f0a929b8060@group-3636E5E7603C, cid=3664, SUCCESS, logIndex=5183, commits[912a7d3b-e3f1-4985-b06b-5f0a929b8060:c5184]
2019-07-13 08:33:11,903 INFO  client.GrpcClientProtocolClient (GrpcClientProtocolClient.java:onNext(255)) - client-0616CB290F12->912a7d3b-e3f1-4985-b06b-5f0a929b8060: receive RaftClientReply:client-0616CB290F12->912a7d3b-e3f1-4985-b06b-5f0a929b8060@group-3636E5E7603C, cid=3665, SUCCESS, logIndex=5186, commits[912a7d3b-e3f1-4985-b06b-5f0a929b8060:c5187]
2019-07-13 08:33:11,905 INFO  client.GrpcClientProtocolClient (GrpcClientProtocolClient.java:onNext(255)) - client-0616CB290F12->912a7d3b-e3f1-4985-b06b-5f0a929b8060: receive RaftClientReply:client-0616CB290F12->912a7d3b-e3f1-4985-b06b-5f0a929b8060@group-3636E5E7603C, cid=3666, SUCCESS, logIndex=5187, commits[912a7d3b-e3f1-4985-b06b-5f0a929b8060:c5187]
2019-07-13 08:33:11,906 INFO  client.GrpcClientProtocolClient (GrpcClientProtocolClient.java:onNext(255)) - client-0616CB290F12->912a7d3b-e3f1-4985-b06b-5f0a929b8060: receive RaftClientReply:client-0616CB290F12->912a7d3b-e3f1-4985-b06b-5f0a929b8060@group-3636E5E7603C, cid=3667, SUCCESS, logIndex=5188, commits[912a7d3b-e3f1-4985-b06b-5f0a929b8060:c5190]
2019-07-13 08:33:11,907 INFO  client.GrpcClientProtocolClient (GrpcClientProtocolClient.java:onNext(255)) - client-0616CB290F12->912a7d3b-e3f1-4985-b06b-5f0a929b8060: receive RaftClientReply:client-0616CB290F12->912a7d3b-e3f1-4985-b06b-5f0a929b8060@group-3636E5E7603C, cid=3668, SUCCESS, logIndex=5189, commits[912a7d3b-e3f1-4985-b06b-5f0a929b8060:c5190]
2019-07-13 08:33:11,959 DEBUG block.SCMBlockDeletingService (SCMBlockDeletingService.java:call(138)) - Running DeletedBlockTransactionScanner
2019-07-13 08:33:11,960 DEBUG block.SCMBlockDeletingService (SCMBlockDeletingService.java:call(155)) - Scanned deleted blocks log and got 0 delTX to process.
2019-07-13 08:33:12,034 INFO  client.GrpcClientProtocolClient (GrpcClientProtocolClient.java:onNext(255)) - client-0616CB290F12->912a7d3b-e3f1-4985-b06b-5f0a929b8060: receive RaftClientReply:client-0616CB290F12->912a7d3b-e3f1-4985-b06b-5f0a929b8060@group-3636E5E7603C, cid=3669, SUCCESS, logIndex=5191, commits[912a7d3b-e3f1-4985-b06b-5f0a929b8060:c5194]
2019-07-13 08:33:12,035 INFO  client.GrpcClientProtocolClient (GrpcClientProtocolClient.java:onNext(255)) - client-0616CB290F12->912a7d3b-e3f1-4985-b06b-5f0a929b8060: receive RaftClientReply:client-0616CB290F12->912a7d3b-e3f1-4985-b06b-5f0a929b8060@group-3636E5E7603C, cid=3670, SUCCESS, logIndex=5192, commits[912a7d3b-e3f1-4985-b06b-5f0a929b8060:c5195]
2019-07-13 08:33:12,035 INFO  client.GrpcClientProtocolClient (GrpcClientProtocolClient.java:onNext(255)) - client-0616CB290F12->912a7d3b-e3f1-4985-b06b-5f0a929b8060: receive RaftClientReply:client-0616CB290F12->912a7d3b-e3f1-4985-b06b-5f0a929b8060@group-3636E5E7603C, cid=3671, SUCCESS, logIndex=5193, commits[912a7d3b-e3f1-4985-b06b-5f0a929b8060:c5195]
2019-07-13 08:33:12,036 INFO  client.GrpcClientProtocolClient (GrpcClientProtocolClient.java:onNext(255)) - client-0616CB290F12->912a7d3b-e3f1-4985-b06b-5f0a929b8060: receive RaftClientReply:client-0616CB290F12->912a7d3b-e3f1-4985-b06b-5f0a929b8060@group-3636E5E7603C, cid=3672, SUCCESS, logIndex=5194, commits[912a7d3b-e3f1-4985-b06b-5f0a929b8060:c5195]
2019-07-13 08:33:12,060 DEBUG block.SCMBlockDeletingService (SCMBlockDeletingService.java:call(138)) - Running DeletedBlockTransactionScanner
2019-07-13 08:33:12,060 DEBUG block.SCMBlockDeletingService (SCMBlockDeletingService.java:call(155)) - Scanned deleted blocks log and got 0 delTX to process.
2019-07-13 08:33:12,065 INFO  client.GrpcClientProtocolClient (GrpcClientProtocolClient.java:onNext(255)) - client-0616CB290F12->912a7d3b-e3f1-4985-b06b-5f0a929b8060: receive RaftClientReply:client-0616CB290F12->912a7d3b-e3f1-4985-b06b-5f0a929b8060@group-3636E5E7603C, cid=3673, SUCCESS, logIndex=5196, commits[912a7d3b-e3f1-4985-b06b-5f0a929b8060:c5197]
2019-07-13 08:33:12,066 INFO  client.GrpcClientProtocolClient (GrpcClientProtocolClient.java:onNext(255)) - client-0616CB290F12->912a7d3b-e3f1-4985-b06b-5f0a929b8060: receive RaftClientReply:client-0616CB290F12->912a7d3b-e3f1-4985-b06b-5f0a929b8060@group-3636E5E7603C, cid=3674, SUCCESS, logIndex=5197, commits[912a7d3b-e3f1-4985-b06b-5f0a929b8060:c5197]
2019-07-13 08:33:12,067 INFO  client.GrpcClientProtocolClient (GrpcClientProtocolClient.java:onNext(255)) - client-0616CB290F12->912a7d3b-e3f1-4985-b06b-5f0a929b8060: receive RaftClientReply:client-0616CB290F12->912a7d3b-e3f1-4985-b06b-5f0a929b8060@group-3636E5E7603C, cid=3675, SUCCESS, logIndex=5198, commits[912a7d3b-e3f1-4985-b06b-5f0a929b8060:c5199]
2019-07-13 08:33:12,068 INFO  client.GrpcClientProtocolClient (GrpcClientProtocolClient.java:onNext(255)) - client-0616CB290F12->912a7d3b-e3f1-4985-b06b-5f0a929b8060: receive RaftClientReply:client-0616CB290F12->912a7d3b-e3f1-4985-b06b-5f0a929b8060@group-3636E5E7603C, cid=3676, SUCCESS, logIndex=5199, commits[912a7d3b-e3f1-4985-b06b-5f0a929b8060:c5199]
2019-07-13 08:33:12,120 INFO  client.GrpcClientProtocolClient (GrpcClientProtocolClient.java:onNext(255)) - client-0616CB290F12->912a7d3b-e3f1-4985-b06b-5f0a929b8060: receive RaftClientReply:client-0616CB290F12->912a7d3b-e3f1-4985-b06b-5f0a929b8060@group-3636E5E7603C, cid=3677, SUCCESS, logIndex=5202, commits[912a7d3b-e3f1-4985-b06b-5f0a929b8060:c5205]
2019-07-13 08:33:12,120 INFO  client.GrpcClientProtocolClient (GrpcClientProtocolClient.java:onNext(255)) - client-0616CB290F12->912a7d3b-e3f1-4985-b06b-5f0a929b8060: receive RaftClientReply:client-0616CB290F12->912a7d3b-e3f1-4985-b06b-5f0a929b8060@group-3636E5E7603C, cid=3678, SUCCESS, logIndex=5203, commits[912a7d3b-e3f1-4985-b06b-5f0a929b8060:c5205]
2019-07-13 08:33:12,121 INFO  client.GrpcClientProtocolClient (GrpcClientProtocolClient.java:onNext(255)) - client-0616CB290F12->912a7d3b-e3f1-4985-b06b-5f0a929b8060: receive RaftClientReply:client-0616CB290F12->912a7d3b-e3f1-4985-b06b-5f0a929b8060@group-3636E5E7603C, cid=3679, SUCCESS, logIndex=5204, commits[912a7d3b-e3f1-4985-b06b-5f0a929b8060:c5205]
2019-07-13 08:33:12,121 INFO  client.GrpcClientProtocolClient (GrpcClientProtocolClient.java:onNext(255)) - client-0616CB290F12->912a7d3b-e3f1-4985-b06b-5f0a929b8060: receive RaftClientReply:client-0616CB290F12->912a7d3b-e3f1-4985-b06b-5f0a929b8060@group-3636E5E7603C, cid=3680, SUCCESS, logIndex=5205, commits[912a7d3b-e3f1-4985-b06b-5f0a929b8060:c5205]
2019-07-13 08:33:12,154 INFO  client.GrpcClientProtocolClient (GrpcClientProtocolClient.java:onNext(255)) - client-0616CB290F12->912a7d3b-e3f1-4985-b06b-5f0a929b8060: receive RaftClientReply:client-0616CB290F12->912a7d3b-e3f1-4985-b06b-5f0a929b8060@group-3636E5E7603C, cid=3681, SUCCESS, logIndex=5207, commits[912a7d3b-e3f1-4985-b06b-5f0a929b8060:c5208]
2019-07-13 08:33:12,155 INFO  client.GrpcClientProtocolClient (GrpcClientProtocolClient.java:onNext(255)) - client-0616CB290F12->912a7d3b-e3f1-4985-b06b-5f0a929b8060: receive RaftClientReply:client-0616CB290F12->912a7d3b-e3f1-4985-b06b-5f0a929b8060@group-3636E5E7603C, cid=3682, SUCCESS, logIndex=5208, commits[912a7d3b-e3f1-4985-b06b-5f0a929b8060:c5208]
2019-07-13 08:33:12,157 INFO  client.GrpcClientProtocolClient (GrpcClientProtocolClient.java:onNext(255)) - client-0616CB290F12->912a7d3b-e3f1-4985-b06b-5f0a929b8060: receive RaftClientReply:client-0616CB290F12->912a7d3b-e3f1-4985-b06b-5f0a929b8060@group-3636E5E7603C, cid=3683, SUCCESS, logIndex=5209, commits[912a7d3b-e3f1-4985-b06b-5f0a929b8060:c5210]
2019-07-13 08:33:12,157 INFO  client.GrpcClientProtocolClient (GrpcClientProtocolClient.java:onNext(255)) - client-0616CB290F12->912a7d3b-e3f1-4985-b06b-5f0a929b8060: receive RaftClientReply:client-0616CB290F12->912a7d3b-e3f1-4985-b06b-5f0a929b8060@group-3636E5E7603C, cid=3684, SUCCESS, logIndex=5210, commits[912a7d3b-e3f1-4985-b06b-5f0a929b8060:c5210]
2019-07-13 08:33:12,161 DEBUG block.SCMBlockDeletingService (SCMBlockDeletingService.java:call(138)) - Running DeletedBlockTransactionScanner
2019-07-13 08:33:12,161 DEBUG block.SCMBlockDeletingService (SCMBlockDeletingService.java:call(155)) - Scanned deleted blocks log and got 0 delTX to process.
2019-07-13 08:33:12,170 INFO  client.GrpcClientProtocolClient (GrpcClientProtocolClient.java:onNext(255)) - client-0616CB290F12->912a7d3b-e3f1-4985-b06b-5f0a929b8060: receive RaftClientReply:client-0616CB290F12->912a7d3b-e3f1-4985-b06b-5f0a929b8060@group-3636E5E7603C, cid=3685, SUCCESS, logIndex=5213, commits[912a7d3b-e3f1-4985-b06b-5f0a929b8060:c5214]
2019-07-13 08:33:12,170 INFO  client.GrpcClientProtocolClient (GrpcClientProtocolClient.java:onNext(255)) - client-0616CB290F12->912a7d3b-e3f1-4985-b06b-5f0a929b8060: receive RaftClientReply:client-0616CB290F12->912a7d3b-e3f1-4985-b06b-5f0a929b8060@group-3636E5E7603C, cid=3686, SUCCESS, logIndex=5214, commits[912a7d3b-e3f1-4985-b06b-5f0a929b8060:c5214]
2019-07-13 08:33:12,180 INFO  client.GrpcClientProtocolClient (GrpcClientProtocolClient.java:onNext(255)) - client-0616CB290F12->912a7d3b-e3f1-4985-b06b-5f0a929b8060: receive RaftClientReply:client-0616CB290F12->912a7d3b-e3f1-4985-b06b-5f0a929b8060@group-3636E5E7603C, cid=3687, SUCCESS, logIndex=5215, commits[912a7d3b-e3f1-4985-b06b-5f0a929b8060:c5217]
2019-07-13 08:33:12,181 INFO  client.GrpcClientProtocolClient (GrpcClientProtocolClient.java:onNext(255)) - client-0616CB290F12->912a7d3b-e3f1-4985-b06b-5f0a929b8060: receive RaftClientReply:client-0616CB290F12->912a7d3b-e3f1-4985-b06b-5f0a929b8060@group-3636E5E7603C, cid=3688, SUCCESS, logIndex=5216, commits[912a7d3b-e3f1-4985-b06b-5f0a929b8060:c5217]
2019-07-13 08:33:12,217 INFO  client.GrpcClientProtocolClient (GrpcClientProtocolClient.java:onNext(255)) - client-0616CB290F12->912a7d3b-e3f1-4985-b06b-5f0a929b8060: receive RaftClientReply:client-0616CB290F12->912a7d3b-e3f1-4985-b06b-5f0a929b8060@group-3636E5E7603C, cid=3689, SUCCESS, logIndex=5218, commits[912a7d3b-e3f1-4985-b06b-5f0a929b8060:c5219]
2019-07-13 08:33:12,218 INFO  client.GrpcClientProtocolClient (GrpcClientProtocolClient.java:onNext(255)) - client-0616CB290F12->912a7d3b-e3f1-4985-b06b-5f0a929b8060: receive RaftClientReply:client-0616CB290F12->912a7d3b-e3f1-4985-b06b-5f0a929b8060@group-3636E5E7603C, cid=3690, SUCCESS, logIndex=5219, commits[912a7d3b-e3f1-4985-b06b-5f0a929b8060:c5221]
2019-07-13 08:33:12,219 INFO  client.GrpcClientProtocolClient (GrpcClientProtocolClient.java:onNext(255)) - client-0616CB290F12->912a7d3b-e3f1-4985-b06b-5f0a929b8060: receive RaftClientReply:client-0616CB290F12->912a7d3b-e3f1-4985-b06b-5f0a929b8060@group-3636E5E7603C, cid=3691, SUCCESS, logIndex=5220, commits[912a7d3b-e3f1-4985-b06b-5f0a929b8060:c5222]
2019-07-13 08:33:12,219 INFO  client.GrpcClientProtocolClient (GrpcClientProtocolClient.java:onNext(255)) - client-0616CB290F12->912a7d3b-e3f1-4985-b06b-5f0a929b8060: receive RaftClientReply:client-0616CB290F12->912a7d3b-e3f1-4985-b06b-5f0a929b8060@group-3636E5E7603C, cid=3692, SUCCESS, logIndex=5221, commits[912a7d3b-e3f1-4985-b06b-5f0a929b8060:c5222]
2019-07-13 08:33:12,240 INFO  client.GrpcClientProtocolClient (GrpcClientProtocolClient.java:onNext(255)) - client-0616CB290F12->912a7d3b-e3f1-4985-b06b-5f0a929b8060: receive RaftClientReply:client-0616CB290F12->912a7d3b-e3f1-4985-b06b-5f0a929b8060@group-3636E5E7603C, cid=3693, SUCCESS, logIndex=5224, commits[912a7d3b-e3f1-4985-b06b-5f0a929b8060:c5225]
2019-07-13 08:33:12,240 INFO  client.GrpcClientProtocolClient (GrpcClientProtocolClient.java:onNext(255)) - client-0616CB290F12->912a7d3b-e3f1-4985-b06b-5f0a929b8060: receive RaftClientReply:client-0616CB290F12->912a7d3b-e3f1-4985-b06b-5f0a929b8060@group-3636E5E7603C, cid=3694, SUCCESS, logIndex=5225, commits[912a7d3b-e3f1-4985-b06b-5f0a929b8060:c5227]
2019-07-13 08:33:12,240 INFO  client.GrpcClientProtocolClient (GrpcClientProtocolClient.java:onNext(255)) - client-0616CB290F12->912a7d3b-e3f1-4985-b06b-5f0a929b8060: receive RaftClientReply:client-0616CB290F12->912a7d3b-e3f1-4985-b06b-5f0a929b8060@group-3636E5E7603C, cid=3695, SUCCESS, logIndex=5226, commits[912a7d3b-e3f1-4985-b06b-5f0a929b8060:c5228]
2019-07-13 08:33:12,240 INFO  client.GrpcClientProtocolClient (GrpcClientProtocolClient.java:onNext(255)) - client-0616CB290F12->912a7d3b-e3f1-4985-b06b-5f0a929b8060: receive RaftClientReply:client-0616CB290F12->912a7d3b-e3f1-4985-b06b-5f0a929b8060@group-3636E5E7603C, cid=3696, SUCCESS, logIndex=5227, commits[912a7d3b-e3f1-4985-b06b-5f0a929b8060:c5228]
2019-07-13 08:33:12,261 DEBUG block.SCMBlockDeletingService (SCMBlockDeletingService.java:call(138)) - Running DeletedBlockTransactionScanner
2019-07-13 08:33:12,262 DEBUG block.SCMBlockDeletingService (SCMBlockDeletingService.java:call(155)) - Scanned deleted blocks log and got 0 delTX to process.
2019-07-13 08:33:12,271 INFO  client.GrpcClientProtocolClient (GrpcClientProtocolClient.java:onNext(255)) - client-0616CB290F12->912a7d3b-e3f1-4985-b06b-5f0a929b8060: receive RaftClientReply:client-0616CB290F12->912a7d3b-e3f1-4985-b06b-5f0a929b8060@group-3636E5E7603C, cid=3697, SUCCESS, logIndex=5230, commits[912a7d3b-e3f1-4985-b06b-5f0a929b8060:c5231]
2019-07-13 08:33:12,272 INFO  client.GrpcClientProtocolClient (GrpcClientProtocolClient.java:onNext(255)) - client-0616CB290F12->912a7d3b-e3f1-4985-b06b-5f0a929b8060: receive RaftClientReply:client-0616CB290F12->912a7d3b-e3f1-4985-b06b-5f0a929b8060@group-3636E5E7603C, cid=3698, SUCCESS, logIndex=5231, commits[912a7d3b-e3f1-4985-b06b-5f0a929b8060:c5233]
2019-07-13 08:33:12,272 INFO  client.GrpcClientProtocolClient (GrpcClientProtocolClient.java:onNext(255)) - client-0616CB290F12->912a7d3b-e3f1-4985-b06b-5f0a929b8060: receive RaftClientReply:client-0616CB290F12->912a7d3b-e3f1-4985-b06b-5f0a929b8060@group-3636E5E7603C, cid=3699, SUCCESS, logIndex=5232, commits[912a7d3b-e3f1-4985-b06b-5f0a929b8060:c5234]
2019-07-13 08:33:12,272 INFO  client.GrpcClientProtocolClient (GrpcClientProtocolClient.java:onNext(255)) - client-0616CB290F12->912a7d3b-e3f1-4985-b06b-5f0a929b8060: receive RaftClientReply:client-0616CB290F12->912a7d3b-e3f1-4985-b06b-5f0a929b8060@group-3636E5E7603C, cid=3700, SUCCESS, logIndex=5233, commits[912a7d3b-e3f1-4985-b06b-5f0a929b8060:c5234]
2019-07-13 08:33:12,294 INFO  client.GrpcClientProtocolClient (GrpcClientProtocolClient.java:onNext(255)) - client-0616CB290F12->912a7d3b-e3f1-4985-b06b-5f0a929b8060: receive RaftClientReply:client-0616CB290F12->912a7d3b-e3f1-4985-b06b-5f0a929b8060@group-3636E5E7603C, cid=3701, SUCCESS, logIndex=5236, commits[912a7d3b-e3f1-4985-b06b-5f0a929b8060:c5237]
2019-07-13 08:33:12,294 INFO  client.GrpcClientProtocolClient (GrpcClientProtocolClient.java:onNext(255)) - client-0616CB290F12->912a7d3b-e3f1-4985-b06b-5f0a929b8060: receive RaftClientReply:client-0616CB290F12->912a7d3b-e3f1-4985-b06b-5f0a929b8060@group-3636E5E7603C, cid=3702, SUCCESS, logIndex=5237, commits[912a7d3b-e3f1-4985-b06b-5f0a929b8060:c5237]
2019-07-13 08:33:12,295 INFO  client.GrpcClientProtocolClient (GrpcClientProtocolClient.java:onNext(255)) - client-0616CB290F12->912a7d3b-e3f1-4985-b06b-5f0a929b8060: receive RaftClientReply:client-0616CB290F12->912a7d3b-e3f1-4985-b06b-5f0a929b8060@group-3636E5E7603C, cid=3703, SUCCESS, logIndex=5238, commits[912a7d3b-e3f1-4985-b06b-5f0a929b8060:c5239]
2019-07-13 08:33:12,295 INFO  client.GrpcClientProtocolClient (GrpcClientProtocolClient.java:onNext(255)) - client-0616CB290F12->912a7d3b-e3f1-4985-b06b-5f0a929b8060: receive RaftClientReply:client-0616CB290F12->912a7d3b-e3f1-4985-b06b-5f0a929b8060@group-3636E5E7603C, cid=3704, SUCCESS, logIndex=5239, commits[912a7d3b-e3f1-4985-b06b-5f0a929b8060:c5239]
2019-07-13 08:33:12,326 INFO  client.GrpcClientProtocolClient (GrpcClientProtocolClient.java:onNext(255)) - client-0616CB290F12->912a7d3b-e3f1-4985-b06b-5f0a929b8060: receive RaftClientReply:client-0616CB290F12->912a7d3b-e3f1-4985-b06b-5f0a929b8060@group-3636E5E7603C, cid=3705, SUCCESS, logIndex=5242, commits[912a7d3b-e3f1-4985-b06b-5f0a929b8060:c5243]
2019-07-13 08:33:12,326 INFO  client.GrpcClientProtocolClient (GrpcClientProtocolClient.java:onNext(255)) - client-0616CB290F12->912a7d3b-e3f1-4985-b06b-5f0a929b8060: receive RaftClientReply:client-0616CB290F12->912a7d3b-e3f1-4985-b06b-5f0a929b8060@group-3636E5E7603C, cid=3706, SUCCESS, logIndex=5243, commits[912a7d3b-e3f1-4985-b06b-5f0a929b8060:c5245]
2019-07-13 08:33:12,327 INFO  client.GrpcClientProtocolClient (GrpcClientProtocolClient.java:onNext(255)) - client-0616CB290F12->912a7d3b-e3f1-4985-b06b-5f0a929b8060: receive RaftClientReply:client-0616CB290F12->912a7d3b-e3f1-4985-b06b-5f0a929b8060@group-3636E5E7603C, cid=3707, SUCCESS, logIndex=5244, commits[912a7d3b-e3f1-4985-b06b-5f0a929b8060:c5246]
2019-07-13 08:33:12,327 INFO  client.GrpcClientProtocolClient (GrpcClientProtocolClient.java:onNext(255)) - client-0616CB290F12->912a7d3b-e3f1-4985-b06b-5f0a929b8060: receive RaftClientReply:client-0616CB290F12->912a7d3b-e3f1-4985-b06b-5f0a929b8060@group-3636E5E7603C, cid=3708, SUCCESS, logIndex=5245, commits[912a7d3b-e3f1-4985-b06b-5f0a929b8060:c5246]
2019-07-13 08:33:12,360 INFO  client.GrpcClientProtocolClient (GrpcClientProtocolClient.java:onNext(255)) - client-0616CB290F12->912a7d3b-e3f1-4985-b06b-5f0a929b8060: receive RaftClientReply:client-0616CB290F12->912a7d3b-e3f1-4985-b06b-5f0a929b8060@group-3636E5E7603C, cid=3709, SUCCESS, logIndex=5248, commits[912a7d3b-e3f1-4985-b06b-5f0a929b8060:c5249]
2019-07-13 08:33:12,360 INFO  client.GrpcClientProtocolClient (GrpcClientProtocolClient.java:onNext(255)) - client-0616CB290F12->912a7d3b-e3f1-4985-b06b-5f0a929b8060: receive RaftClientReply:client-0616CB290F12->912a7d3b-e3f1-4985-b06b-5f0a929b8060@group-3636E5E7603C, cid=3710, SUCCESS, logIndex=5249, commits[912a7d3b-e3f1-4985-b06b-5f0a929b8060:c5249]
2019-07-13 08:33:12,362 DEBUG block.SCMBlockDeletingService (SCMBlockDeletingService.java:call(138)) - Running DeletedBlockTransactionScanner
2019-07-13 08:33:12,362 DEBUG block.SCMBlockDeletingService (SCMBlockDeletingService.java:call(155)) - Scanned deleted blocks log and got 0 delTX to process.
2019-07-13 08:33:12,365 INFO  client.GrpcClientProtocolClient (GrpcClientProtocolClient.java:onNext(255)) - client-0616CB290F12->912a7d3b-e3f1-4985-b06b-5f0a929b8060: receive RaftClientReply:client-0616CB290F12->912a7d3b-e3f1-4985-b06b-5f0a929b8060@group-3636E5E7603C, cid=3711, SUCCESS, logIndex=5250, commits[912a7d3b-e3f1-4985-b06b-5f0a929b8060:c5252]
2019-07-13 08:33:12,366 INFO  client.GrpcClientProtocolClient (GrpcClientProtocolClient.java:onNext(255)) - client-0616CB290F12->912a7d3b-e3f1-4985-b06b-5f0a929b8060: receive RaftClientReply:client-0616CB290F12->912a7d3b-e3f1-4985-b06b-5f0a929b8060@group-3636E5E7603C, cid=3712, SUCCESS, logIndex=5251, commits[912a7d3b-e3f1-4985-b06b-5f0a929b8060:c5252]
2019-07-13 08:33:12,463 DEBUG block.SCMBlockDeletingService (SCMBlockDeletingService.java:call(138)) - Running DeletedBlockTransactionScanner
2019-07-13 08:33:12,463 DEBUG block.SCMBlockDeletingService (SCMBlockDeletingService.java:call(155)) - Scanned deleted blocks log and got 0 delTX to process.
2019-07-13 08:33:12,506 INFO  client.GrpcClientProtocolClient (GrpcClientProtocolClient.java:onNext(255)) - client-0616CB290F12->912a7d3b-e3f1-4985-b06b-5f0a929b8060: receive RaftClientReply:client-0616CB290F12->912a7d3b-e3f1-4985-b06b-5f0a929b8060@group-3636E5E7603C, cid=3713, SUCCESS, logIndex=5253, commits[912a7d3b-e3f1-4985-b06b-5f0a929b8060:c5256]
2019-07-13 08:33:12,507 INFO  client.GrpcClientProtocolClient (GrpcClientProtocolClient.java:onNext(255)) - client-0616CB290F12->912a7d3b-e3f1-4985-b06b-5f0a929b8060: receive RaftClientReply:client-0616CB290F12->912a7d3b-e3f1-4985-b06b-5f0a929b8060@group-3636E5E7603C, cid=3714, SUCCESS, logIndex=5254, commits[912a7d3b-e3f1-4985-b06b-5f0a929b8060:c5257]
2019-07-13 08:33:12,507 INFO  client.GrpcClientProtocolClient (GrpcClientProtocolClient.java:onNext(255)) - client-0616CB290F12->912a7d3b-e3f1-4985-b06b-5f0a929b8060: receive RaftClientReply:client-0616CB290F12->912a7d3b-e3f1-4985-b06b-5f0a929b8060@group-3636E5E7603C, cid=3715, SUCCESS, logIndex=5255, commits[912a7d3b-e3f1-4985-b06b-5f0a929b8060:c5257]
2019-07-13 08:33:12,508 INFO  client.GrpcClientProtocolClient (GrpcClientProtocolClient.java:onNext(255)) - client-0616CB290F12->912a7d3b-e3f1-4985-b06b-5f0a929b8060: receive RaftClientReply:client-0616CB290F12->912a7d3b-e3f1-4985-b06b-5f0a929b8060@group-3636E5E7603C, cid=3716, SUCCESS, logIndex=5256, commits[912a7d3b-e3f1-4985-b06b-5f0a929b8060:c5257]
2019-07-13 08:33:12,529 INFO  client.GrpcClientProtocolClient (GrpcClientProtocolClient.java:onNext(255)) - client-0616CB290F12->912a7d3b-e3f1-4985-b06b-5f0a929b8060: receive RaftClientReply:client-0616CB290F12->912a7d3b-e3f1-4985-b06b-5f0a929b8060@group-3636E5E7603C, cid=3717, SUCCESS, logIndex=5258, commits[912a7d3b-e3f1-4985-b06b-5f0a929b8060:c5261]
2019-07-13 08:33:12,529 INFO  client.GrpcClientProtocolClient (GrpcClientProtocolClient.java:onNext(255)) - client-0616CB290F12->912a7d3b-e3f1-4985-b06b-5f0a929b8060: receive RaftClientReply:client-0616CB290F12->912a7d3b-e3f1-4985-b06b-5f0a929b8060@group-3636E5E7603C, cid=3718, SUCCESS, logIndex=5259, commits[912a7d3b-e3f1-4985-b06b-5f0a929b8060:c5261]
2019-07-13 08:33:12,530 INFO  client.GrpcClientProtocolClient (GrpcClientProtocolClient.java:onNext(255)) - client-0616CB290F12->912a7d3b-e3f1-4985-b06b-5f0a929b8060: receive RaftClientReply:client-0616CB290F12->912a7d3b-e3f1-4985-b06b-5f0a929b8060@group-3636E5E7603C, cid=3719, SUCCESS, logIndex=5260, commits[912a7d3b-e3f1-4985-b06b-5f0a929b8060:c5262]
2019-07-13 08:33:12,530 INFO  client.GrpcClientProtocolClient (GrpcClientProtocolClient.java:onNext(255)) - client-0616CB290F12->912a7d3b-e3f1-4985-b06b-5f0a929b8060: receive RaftClientReply:client-0616CB290F12->912a7d3b-e3f1-4985-b06b-5f0a929b8060@group-3636E5E7603C, cid=3720, SUCCESS, logIndex=5261, commits[912a7d3b-e3f1-4985-b06b-5f0a929b8060:c5262]
2019-07-13 08:33:12,561 INFO  client.GrpcClientProtocolClient (GrpcClientProtocolClient.java:onNext(255)) - client-0616CB290F12->912a7d3b-e3f1-4985-b06b-5f0a929b8060: receive RaftClientReply:client-0616CB290F12->912a7d3b-e3f1-4985-b06b-5f0a929b8060@group-3636E5E7603C, cid=3721, SUCCESS, logIndex=5263, commits[912a7d3b-e3f1-4985-b06b-5f0a929b8060:c5264]
2019-07-13 08:33:12,561 INFO  client.GrpcClientProtocolClient (GrpcClientProtocolClient.java:onNext(255)) - client-0616CB290F12->912a7d3b-e3f1-4985-b06b-5f0a929b8060: receive RaftClientReply:client-0616CB290F12->912a7d3b-e3f1-4985-b06b-5f0a929b8060@group-3636E5E7603C, cid=3722, SUCCESS, logIndex=5264, commits[912a7d3b-e3f1-4985-b06b-5f0a929b8060:c5266]
2019-07-13 08:33:12,562 INFO  client.GrpcClientProtocolClient (GrpcClientProtocolClient.java:onNext(255)) - client-0616CB290F12->912a7d3b-e3f1-4985-b06b-5f0a929b8060: receive RaftClientReply:client-0616CB290F12->912a7d3b-e3f1-4985-b06b-5f0a929b8060@group-3636E5E7603C, cid=3723, SUCCESS, logIndex=5265, commits[912a7d3b-e3f1-4985-b06b-5f0a929b8060:c5267]
2019-07-13 08:33:12,562 INFO  client.GrpcClientProtocolClient (GrpcClientProtocolClient.java:onNext(255)) - client-0616CB290F12->912a7d3b-e3f1-4985-b06b-5f0a929b8060: receive RaftClientReply:client-0616CB290F12->912a7d3b-e3f1-4985-b06b-5f0a929b8060@group-3636E5E7603C, cid=3724, SUCCESS, logIndex=5266, commits[912a7d3b-e3f1-4985-b06b-5f0a929b8060:c5267]
2019-07-13 08:33:12,563 DEBUG block.SCMBlockDeletingService (SCMBlockDeletingService.java:call(138)) - Running DeletedBlockTransactionScanner
2019-07-13 08:33:12,564 DEBUG block.SCMBlockDeletingService (SCMBlockDeletingService.java:call(155)) - Scanned deleted blocks log and got 0 delTX to process.
2019-07-13 08:33:12,581 INFO  client.GrpcClientProtocolClient (GrpcClientProtocolClient.java:onNext(255)) - client-0616CB290F12->912a7d3b-e3f1-4985-b06b-5f0a929b8060: receive RaftClientReply:client-0616CB290F12->912a7d3b-e3f1-4985-b06b-5f0a929b8060@group-3636E5E7603C, cid=3725, SUCCESS, logIndex=5269, commits[912a7d3b-e3f1-4985-b06b-5f0a929b8060:c5270]
2019-07-13 08:33:12,581 INFO  client.GrpcClientProtocolClient (GrpcClientProtocolClient.java:onNext(255)) - client-0616CB290F12->912a7d3b-e3f1-4985-b06b-5f0a929b8060: receive RaftClientReply:client-0616CB290F12->912a7d3b-e3f1-4985-b06b-5f0a929b8060@group-3636E5E7603C, cid=3726, SUCCESS, logIndex=5270, commits[912a7d3b-e3f1-4985-b06b-5f0a929b8060:c5270]
2019-07-13 08:33:12,583 INFO  client.GrpcClientProtocolClient (GrpcClientProtocolClient.java:onNext(255)) - client-0616CB290F12->912a7d3b-e3f1-4985-b06b-5f0a929b8060: receive RaftClientReply:client-0616CB290F12->912a7d3b-e3f1-4985-b06b-5f0a929b8060@group-3636E5E7603C, cid=3727, SUCCESS, logIndex=5271, commits[912a7d3b-e3f1-4985-b06b-5f0a929b8060:c5272]
2019-07-13 08:33:12,584 INFO  client.GrpcClientProtocolClient (GrpcClientProtocolClient.java:onNext(255)) - client-0616CB290F12->912a7d3b-e3f1-4985-b06b-5f0a929b8060: receive RaftClientReply:client-0616CB290F12->912a7d3b-e3f1-4985-b06b-5f0a929b8060@group-3636E5E7603C, cid=3728, SUCCESS, logIndex=5272, commits[912a7d3b-e3f1-4985-b06b-5f0a929b8060:c5272]
2019-07-13 08:33:12,624 INFO  client.GrpcClientProtocolClient (GrpcClientProtocolClient.java:onNext(255)) - client-0616CB290F12->912a7d3b-e3f1-4985-b06b-5f0a929b8060: receive RaftClientReply:client-0616CB290F12->912a7d3b-e3f1-4985-b06b-5f0a929b8060@group-3636E5E7603C, cid=3729, SUCCESS, logIndex=5275, commits[912a7d3b-e3f1-4985-b06b-5f0a929b8060:c5276]
2019-07-13 08:33:12,625 INFO  client.GrpcClientProtocolClient (GrpcClientProtocolClient.java:onNext(255)) - client-0616CB290F12->912a7d3b-e3f1-4985-b06b-5f0a929b8060: receive RaftClientReply:client-0616CB290F12->912a7d3b-e3f1-4985-b06b-5f0a929b8060@group-3636E5E7603C, cid=3730, SUCCESS, logIndex=5276, commits[912a7d3b-e3f1-4985-b06b-5f0a929b8060:c5278]
2019-07-13 08:33:12,626 INFO  client.GrpcClientProtocolClient (GrpcClientProtocolClient.java:onNext(255)) - client-0616CB290F12->912a7d3b-e3f1-4985-b06b-5f0a929b8060: receive RaftClientReply:client-0616CB290F12->912a7d3b-e3f1-4985-b06b-5f0a929b8060@group-3636E5E7603C, cid=3731, SUCCESS, logIndex=5277, commits[912a7d3b-e3f1-4985-b06b-5f0a929b8060:c5278]
2019-07-13 08:33:12,626 INFO  client.GrpcClientProtocolClient (GrpcClientProtocolClient.java:onNext(255)) - client-0616CB290F12->912a7d3b-e3f1-4985-b06b-5f0a929b8060: receive RaftClientReply:client-0616CB290F12->912a7d3b-e3f1-4985-b06b-5f0a929b8060@group-3636E5E7603C, cid=3732, SUCCESS, logIndex=5278, commits[912a7d3b-e3f1-4985-b06b-5f0a929b8060:c5279]
2019-07-13 08:33:12,696 DEBUG block.SCMBlockDeletingService (SCMBlockDeletingService.java:call(138)) - Running DeletedBlockTransactionScanner
2019-07-13 08:33:12,697 DEBUG block.SCMBlockDeletingService (SCMBlockDeletingService.java:call(155)) - Scanned deleted blocks log and got 0 delTX to process.
2019-07-13 08:33:12,698 INFO  client.GrpcClientProtocolClient (GrpcClientProtocolClient.java:onNext(255)) - client-0616CB290F12->912a7d3b-e3f1-4985-b06b-5f0a929b8060: receive RaftClientReply:client-0616CB290F12->912a7d3b-e3f1-4985-b06b-5f0a929b8060@group-3636E5E7603C, cid=3733, SUCCESS, logIndex=5281, commits[912a7d3b-e3f1-4985-b06b-5f0a929b8060:c5282]
2019-07-13 08:33:12,699 INFO  client.GrpcClientProtocolClient (GrpcClientProtocolClient.java:onNext(255)) - client-0616CB290F12->912a7d3b-e3f1-4985-b06b-5f0a929b8060: receive RaftClientReply:client-0616CB290F12->912a7d3b-e3f1-4985-b06b-5f0a929b8060@group-3636E5E7603C, cid=3734, SUCCESS, logIndex=5282, commits[912a7d3b-e3f1-4985-b06b-5f0a929b8060:c5282]
2019-07-13 08:33:12,711 INFO  client.GrpcClientProtocolClient (GrpcClientProtocolClient.java:onNext(255)) - client-0616CB290F12->912a7d3b-e3f1-4985-b06b-5f0a929b8060: receive RaftClientReply:client-0616CB290F12->912a7d3b-e3f1-4985-b06b-5f0a929b8060@group-3636E5E7603C, cid=3735, SUCCESS, logIndex=5284, commits[912a7d3b-e3f1-4985-b06b-5f0a929b8060:c5285]
2019-07-13 08:33:12,711 INFO  client.GrpcClientProtocolClient (GrpcClientProtocolClient.java:onNext(255)) - client-0616CB290F12->912a7d3b-e3f1-4985-b06b-5f0a929b8060: receive RaftClientReply:client-0616CB290F12->912a7d3b-e3f1-4985-b06b-5f0a929b8060@group-3636E5E7603C, cid=3736, SUCCESS, logIndex=5285, commits[912a7d3b-e3f1-4985-b06b-5f0a929b8060:c5285]
2019-07-13 08:33:12,743 INFO  client.GrpcClientProtocolClient (GrpcClientProtocolClient.java:onNext(255)) - client-0616CB290F12->912a7d3b-e3f1-4985-b06b-5f0a929b8060: receive RaftClientReply:client-0616CB290F12->912a7d3b-e3f1-4985-b06b-5f0a929b8060@group-3636E5E7603C, cid=3737, SUCCESS, logIndex=5287, commits[912a7d3b-e3f1-4985-b06b-5f0a929b8060:c5288]
2019-07-13 08:33:12,744 INFO  client.GrpcClientProtocolClient (GrpcClientProtocolClient.java:onNext(255)) - client-0616CB290F12->912a7d3b-e3f1-4985-b06b-5f0a929b8060: receive RaftClientReply:client-0616CB290F12->912a7d3b-e3f1-4985-b06b-5f0a929b8060@group-3636E5E7603C, cid=3738, SUCCESS, logIndex=5288, commits[912a7d3b-e3f1-4985-b06b-5f0a929b8060:c5290]
2019-07-13 08:33:12,744 INFO  client.GrpcClientProtocolClient (GrpcClientProtocolClient.java:onNext(255)) - client-0616CB290F12->912a7d3b-e3f1-4985-b06b-5f0a929b8060: receive RaftClientReply:client-0616CB290F12->912a7d3b-e3f1-4985-b06b-5f0a929b8060@group-3636E5E7603C, cid=3739, SUCCESS, logIndex=5289, commits[912a7d3b-e3f1-4985-b06b-5f0a929b8060:c5290]
2019-07-13 08:33:12,744 INFO  client.GrpcClientProtocolClient (GrpcClientProtocolClient.java:onNext(255)) - client-0616CB290F12->912a7d3b-e3f1-4985-b06b-5f0a929b8060: receive RaftClientReply:client-0616CB290F12->912a7d3b-e3f1-4985-b06b-5f0a929b8060@group-3636E5E7603C, cid=3740, SUCCESS, logIndex=5290, commits[912a7d3b-e3f1-4985-b06b-5f0a929b8060:c5291]
2019-07-13 08:33:12,764 INFO  client.GrpcClientProtocolClient (GrpcClientProtocolClient.java:onNext(255)) - client-0616CB290F12->912a7d3b-e3f1-4985-b06b-5f0a929b8060: receive RaftClientReply:client-0616CB290F12->912a7d3b-e3f1-4985-b06b-5f0a929b8060@group-3636E5E7603C, cid=3741, SUCCESS, logIndex=5293, commits[912a7d3b-e3f1-4985-b06b-5f0a929b8060:c5294]
2019-07-13 08:33:12,765 INFO  client.GrpcClientProtocolClient (GrpcClientProtocolClient.java:onNext(255)) - client-0616CB290F12->912a7d3b-e3f1-4985-b06b-5f0a929b8060: receive RaftClientReply:client-0616CB290F12->912a7d3b-e3f1-4985-b06b-5f0a929b8060@group-3636E5E7603C, cid=3742, SUCCESS, logIndex=5294, commits[912a7d3b-e3f1-4985-b06b-5f0a929b8060:c5294]
2019-07-13 08:33:12,773 INFO  client.GrpcClientProtocolClient (GrpcClientProtocolClient.java:onNext(255)) - client-0616CB290F12->912a7d3b-e3f1-4985-b06b-5f0a929b8060: receive RaftClientReply:client-0616CB290F12->912a7d3b-e3f1-4985-b06b-5f0a929b8060@group-3636E5E7603C, cid=3743, SUCCESS, logIndex=5295, commits[912a7d3b-e3f1-4985-b06b-5f0a929b8060:c5296]
2019-07-13 08:33:12,774 INFO  client.GrpcClientProtocolClient (GrpcClientProtocolClient.java:onNext(255)) - client-0616CB290F12->912a7d3b-e3f1-4985-b06b-5f0a929b8060: receive RaftClientReply:client-0616CB290F12->912a7d3b-e3f1-4985-b06b-5f0a929b8060@group-3636E5E7603C, cid=3744, SUCCESS, logIndex=5296, commits[912a7d3b-e3f1-4985-b06b-5f0a929b8060:c5297]
2019-07-13 08:33:12,797 DEBUG block.SCMBlockDeletingService (SCMBlockDeletingService.java:call(138)) - Running DeletedBlockTransactionScanner
2019-07-13 08:33:12,797 DEBUG block.SCMBlockDeletingService (SCMBlockDeletingService.java:call(155)) - Scanned deleted blocks log and got 0 delTX to process.
2019-07-13 08:33:12,805 INFO  client.GrpcClientProtocolClient (GrpcClientProtocolClient.java:onNext(255)) - client-0616CB290F12->912a7d3b-e3f1-4985-b06b-5f0a929b8060: receive RaftClientReply:client-0616CB290F12->912a7d3b-e3f1-4985-b06b-5f0a929b8060@group-3636E5E7603C, cid=3745, SUCCESS, logIndex=5299, commits[912a7d3b-e3f1-4985-b06b-5f0a929b8060:c5300]
2019-07-13 08:33:12,806 INFO  client.GrpcClientProtocolClient (GrpcClientProtocolClient.java:onNext(255)) - client-0616CB290F12->912a7d3b-e3f1-4985-b06b-5f0a929b8060: receive RaftClientReply:client-0616CB290F12->912a7d3b-e3f1-4985-b06b-5f0a929b8060@group-3636E5E7603C, cid=3746, SUCCESS, logIndex=5300, commits[912a7d3b-e3f1-4985-b06b-5f0a929b8060:c5300]
2019-07-13 08:33:12,806 INFO  client.GrpcClientProtocolClient (GrpcClientProtocolClient.java:onNext(255)) - client-0616CB290F12->912a7d3b-e3f1-4985-b06b-5f0a929b8060: receive RaftClientReply:client-0616CB290F12->912a7d3b-e3f1-4985-b06b-5f0a929b8060@group-3636E5E7603C, cid=3747, SUCCESS, logIndex=5301, commits[912a7d3b-e3f1-4985-b06b-5f0a929b8060:c5302]
2019-07-13 08:33:12,806 INFO  client.GrpcClientProtocolClient (GrpcClientProtocolClient.java:onNext(255)) - client-0616CB290F12->912a7d3b-e3f1-4985-b06b-5f0a929b8060: receive RaftClientReply:client-0616CB290F12->912a7d3b-e3f1-4985-b06b-5f0a929b8060@group-3636E5E7603C, cid=3748, SUCCESS, logIndex=5302, commits[912a7d3b-e3f1-4985-b06b-5f0a929b8060:c5303]
2019-07-13 08:33:12,826 INFO  client.GrpcClientProtocolClient (GrpcClientProtocolClient.java:onNext(255)) - client-0616CB290F12->912a7d3b-e3f1-4985-b06b-5f0a929b8060: receive RaftClientReply:client-0616CB290F12->912a7d3b-e3f1-4985-b06b-5f0a929b8060@group-3636E5E7603C, cid=3749, SUCCESS, logIndex=5305, commits[912a7d3b-e3f1-4985-b06b-5f0a929b8060:c5306]
2019-07-13 08:33:12,827 INFO  client.GrpcClientProtocolClient (GrpcClientProtocolClient.java:onNext(255)) - client-0616CB290F12->912a7d3b-e3f1-4985-b06b-5f0a929b8060: receive RaftClientReply:client-0616CB290F12->912a7d3b-e3f1-4985-b06b-5f0a929b8060@group-3636E5E7603C, cid=3750, SUCCESS, logIndex=5306, commits[912a7d3b-e3f1-4985-b06b-5f0a929b8060:c5306]
2019-07-13 08:33:12,829 INFO  client.GrpcClientProtocolClient (GrpcClientProtocolClient.java:onNext(255)) - client-0616CB290F12->912a7d3b-e3f1-4985-b06b-5f0a929b8060: receive RaftClientReply:client-0616CB290F12->912a7d3b-e3f1-4985-b06b-5f0a929b8060@group-3636E5E7603C, cid=3751, SUCCESS, logIndex=5307, commits[912a7d3b-e3f1-4985-b06b-5f0a929b8060:c5308]
2019-07-13 08:33:12,829 INFO  client.GrpcClientProtocolClient (GrpcClientProtocolClient.java:onNext(255)) - client-0616CB290F12->912a7d3b-e3f1-4985-b06b-5f0a929b8060: receive RaftClientReply:client-0616CB290F12->912a7d3b-e3f1-4985-b06b-5f0a929b8060@group-3636E5E7603C, cid=3752, SUCCESS, logIndex=5308, commits[912a7d3b-e3f1-4985-b06b-5f0a929b8060:c5308]
2019-07-13 08:33:12,868 INFO  client.GrpcClientProtocolClient (GrpcClientProtocolClient.java:onNext(255)) - client-0616CB290F12->912a7d3b-e3f1-4985-b06b-5f0a929b8060: receive RaftClientReply:client-0616CB290F12->912a7d3b-e3f1-4985-b06b-5f0a929b8060@group-3636E5E7603C, cid=3753, SUCCESS, logIndex=5311, commits[912a7d3b-e3f1-4985-b06b-5f0a929b8060:c5312]
2019-07-13 08:33:12,869 INFO  client.GrpcClientProtocolClient (GrpcClientProtocolClient.java:onNext(255)) - client-0616CB290F12->912a7d3b-e3f1-4985-b06b-5f0a929b8060: receive RaftClientReply:client-0616CB290F12->912a7d3b-e3f1-4985-b06b-5f0a929b8060@group-3636E5E7603C, cid=3754, SUCCESS, logIndex=5312, commits[912a7d3b-e3f1-4985-b06b-5f0a929b8060:c5314]
2019-07-13 08:33:12,869 INFO  client.GrpcClientProtocolClient (GrpcClientProtocolClient.java:onNext(255)) - client-0616CB290F12->912a7d3b-e3f1-4985-b06b-5f0a929b8060: receive RaftClientReply:client-0616CB290F12->912a7d3b-e3f1-4985-b06b-5f0a929b8060@group-3636E5E7603C, cid=3755, SUCCESS, logIndex=5313, commits[912a7d3b-e3f1-4985-b06b-5f0a929b8060:c5315]
2019-07-13 08:33:12,869 INFO  client.GrpcClientProtocolClient (GrpcClientProtocolClient.java:onNext(255)) - client-0616CB290F12->912a7d3b-e3f1-4985-b06b-5f0a929b8060: receive RaftClientReply:client-0616CB290F12->912a7d3b-e3f1-4985-b06b-5f0a929b8060@group-3636E5E7603C, cid=3756, SUCCESS, logIndex=5314, commits[912a7d3b-e3f1-4985-b06b-5f0a929b8060:c5316]
2019-07-13 08:33:12,898 DEBUG block.SCMBlockDeletingService (SCMBlockDeletingService.java:call(138)) - Running DeletedBlockTransactionScanner
2019-07-13 08:33:12,898 DEBUG block.SCMBlockDeletingService (SCMBlockDeletingService.java:call(155)) - Scanned deleted blocks log and got 0 delTX to process.
2019-07-13 08:33:12,998 DEBUG block.SCMBlockDeletingService (SCMBlockDeletingService.java:call(138)) - Running DeletedBlockTransactionScanner
2019-07-13 08:33:12,999 DEBUG block.SCMBlockDeletingService (SCMBlockDeletingService.java:call(155)) - Scanned deleted blocks log and got 0 delTX to process.
2019-07-13 08:33:13,016 INFO  client.GrpcClientProtocolClient (GrpcClientProtocolClient.java:onNext(255)) - client-0616CB290F12->912a7d3b-e3f1-4985-b06b-5f0a929b8060: receive RaftClientReply:client-0616CB290F12->912a7d3b-e3f1-4985-b06b-5f0a929b8060@group-3636E5E7603C, cid=3757, SUCCESS, logIndex=5317, commits[912a7d3b-e3f1-4985-b06b-5f0a929b8060:c5318]
2019-07-13 08:33:13,017 INFO  client.GrpcClientProtocolClient (GrpcClientProtocolClient.java:onNext(255)) - client-0616CB290F12->912a7d3b-e3f1-4985-b06b-5f0a929b8060: receive RaftClientReply:client-0616CB290F12->912a7d3b-e3f1-4985-b06b-5f0a929b8060@group-3636E5E7603C, cid=3758, SUCCESS, logIndex=5318, commits[912a7d3b-e3f1-4985-b06b-5f0a929b8060:c5320]
2019-07-13 08:33:13,017 INFO  client.GrpcClientProtocolClient (GrpcClientProtocolClient.java:onNext(255)) - client-0616CB290F12->912a7d3b-e3f1-4985-b06b-5f0a929b8060: receive RaftClientReply:client-0616CB290F12->912a7d3b-e3f1-4985-b06b-5f0a929b8060@group-3636E5E7603C, cid=3759, SUCCESS, logIndex=5319, commits[912a7d3b-e3f1-4985-b06b-5f0a929b8060:c5321]
2019-07-13 08:33:13,017 INFO  client.GrpcClientProtocolClient (GrpcClientProtocolClient.java:onNext(255)) - client-0616CB290F12->912a7d3b-e3f1-4985-b06b-5f0a929b8060: receive RaftClientReply:client-0616CB290F12->912a7d3b-e3f1-4985-b06b-5f0a929b8060@group-3636E5E7603C, cid=3760, SUCCESS, logIndex=5320, commits[912a7d3b-e3f1-4985-b06b-5f0a929b8060:c5322]
2019-07-13 08:33:13,048 INFO  client.GrpcClientProtocolClient (GrpcClientProtocolClient.java:onNext(255)) - client-0616CB290F12->912a7d3b-e3f1-4985-b06b-5f0a929b8060: receive RaftClientReply:client-0616CB290F12->912a7d3b-e3f1-4985-b06b-5f0a929b8060@group-3636E5E7603C, cid=3761, SUCCESS, logIndex=5323, commits[912a7d3b-e3f1-4985-b06b-5f0a929b8060:c5324]
2019-07-13 08:33:13,048 INFO  client.GrpcClientProtocolClient (GrpcClientProtocolClient.java:onNext(255)) - client-0616CB290F12->912a7d3b-e3f1-4985-b06b-5f0a929b8060: receive RaftClientReply:client-0616CB290F12->912a7d3b-e3f1-4985-b06b-5f0a929b8060@group-3636E5E7603C, cid=3762, SUCCESS, logIndex=5324, commits[912a7d3b-e3f1-4985-b06b-5f0a929b8060:c5324]
2019-07-13 08:33:13,050 INFO  client.GrpcClientProtocolClient (GrpcClientProtocolClient.java:onNext(255)) - client-0616CB290F12->912a7d3b-e3f1-4985-b06b-5f0a929b8060: receive RaftClientReply:client-0616CB290F12->912a7d3b-e3f1-4985-b06b-5f0a929b8060@group-3636E5E7603C, cid=3763, SUCCESS, logIndex=5325, commits[912a7d3b-e3f1-4985-b06b-5f0a929b8060:c5326]
2019-07-13 08:33:13,050 INFO  client.GrpcClientProtocolClient (GrpcClientProtocolClient.java:onNext(255)) - client-0616CB290F12->912a7d3b-e3f1-4985-b06b-5f0a929b8060: receive RaftClientReply:client-0616CB290F12->912a7d3b-e3f1-4985-b06b-5f0a929b8060@group-3636E5E7603C, cid=3764, SUCCESS, logIndex=5326, commits[912a7d3b-e3f1-4985-b06b-5f0a929b8060:c5326]
2019-07-13 08:33:13,062 INFO  client.GrpcClientProtocolClient (GrpcClientProtocolClient.java:onNext(255)) - client-0616CB290F12->912a7d3b-e3f1-4985-b06b-5f0a929b8060: receive RaftClientReply:client-0616CB290F12->912a7d3b-e3f1-4985-b06b-5f0a929b8060@group-3636E5E7603C, cid=3765, SUCCESS, logIndex=5329, commits[912a7d3b-e3f1-4985-b06b-5f0a929b8060:c5332]
2019-07-13 08:33:13,062 INFO  client.GrpcClientProtocolClient (GrpcClientProtocolClient.java:onNext(255)) - client-0616CB290F12->912a7d3b-e3f1-4985-b06b-5f0a929b8060: receive RaftClientReply:client-0616CB290F12->912a7d3b-e3f1-4985-b06b-5f0a929b8060@group-3636E5E7603C, cid=3766, SUCCESS, logIndex=5330, commits[912a7d3b-e3f1-4985-b06b-5f0a929b8060:c5332]
2019-07-13 08:33:13,062 INFO  client.GrpcClientProtocolClient (GrpcClientProtocolClient.java:onNext(255)) - client-0616CB290F12->912a7d3b-e3f1-4985-b06b-5f0a929b8060: receive RaftClientReply:client-0616CB290F12->912a7d3b-e3f1-4985-b06b-5f0a929b8060@group-3636E5E7603C, cid=3767, SUCCESS, logIndex=5331, commits[912a7d3b-e3f1-4985-b06b-5f0a929b8060:c5333]
2019-07-13 08:33:13,063 INFO  client.GrpcClientProtocolClient (GrpcClientProtocolClient.java:onNext(255)) - client-0616CB290F12->912a7d3b-e3f1-4985-b06b-5f0a929b8060: receive RaftClientReply:client-0616CB290F12->912a7d3b-e3f1-4985-b06b-5f0a929b8060@group-3636E5E7603C, cid=3768, SUCCESS, logIndex=5332, commits[912a7d3b-e3f1-4985-b06b-5f0a929b8060:c5333]
2019-07-13 08:33:13,096 INFO  client.GrpcClientProtocolClient (GrpcClientProtocolClient.java:onNext(255)) - client-0616CB290F12->912a7d3b-e3f1-4985-b06b-5f0a929b8060: receive RaftClientReply:client-0616CB290F12->912a7d3b-e3f1-4985-b06b-5f0a929b8060@group-3636E5E7603C, cid=3769, SUCCESS, logIndex=5334, commits[912a7d3b-e3f1-4985-b06b-5f0a929b8060:c5337]
2019-07-13 08:33:13,097 INFO  client.GrpcClientProtocolClient (GrpcClientProtocolClient.java:onNext(255)) - client-0616CB290F12->912a7d3b-e3f1-4985-b06b-5f0a929b8060: receive RaftClientReply:client-0616CB290F12->912a7d3b-e3f1-4985-b06b-5f0a929b8060@group-3636E5E7603C, cid=3770, SUCCESS, logIndex=5335, commits[912a7d3b-e3f1-4985-b06b-5f0a929b8060:c5338]
2019-07-13 08:33:13,097 INFO  client.GrpcClientProtocolClient (GrpcClientProtocolClient.java:onNext(255)) - client-0616CB290F12->912a7d3b-e3f1-4985-b06b-5f0a929b8060: receive RaftClientReply:client-0616CB290F12->912a7d3b-e3f1-4985-b06b-5f0a929b8060@group-3636E5E7603C, cid=3771, SUCCESS, logIndex=5336, commits[912a7d3b-e3f1-4985-b06b-5f0a929b8060:c5338]
2019-07-13 08:33:13,098 INFO  client.GrpcClientProtocolClient (GrpcClientProtocolClient.java:onNext(255)) - client-0616CB290F12->912a7d3b-e3f1-4985-b06b-5f0a929b8060: receive RaftClientReply:client-0616CB290F12->912a7d3b-e3f1-4985-b06b-5f0a929b8060@group-3636E5E7603C, cid=3772, SUCCESS, logIndex=5337, commits[912a7d3b-e3f1-4985-b06b-5f0a929b8060:c5338]
2019-07-13 08:33:13,099 DEBUG block.SCMBlockDeletingService (SCMBlockDeletingService.java:call(138)) - Running DeletedBlockTransactionScanner
2019-07-13 08:33:13,099 DEBUG block.SCMBlockDeletingService (SCMBlockDeletingService.java:call(155)) - Scanned deleted blocks log and got 0 delTX to process.
2019-07-13 08:33:13,123 INFO  client.GrpcClientProtocolClient (GrpcClientProtocolClient.java:onNext(255)) - client-0616CB290F12->912a7d3b-e3f1-4985-b06b-5f0a929b8060: receive RaftClientReply:client-0616CB290F12->912a7d3b-e3f1-4985-b06b-5f0a929b8060@group-3636E5E7603C, cid=3773, SUCCESS, logIndex=5339, commits[912a7d3b-e3f1-4985-b06b-5f0a929b8060:c5340]
2019-07-13 08:33:13,123 INFO  client.GrpcClientProtocolClient (GrpcClientProtocolClient.java:onNext(255)) - client-0616CB290F12->912a7d3b-e3f1-4985-b06b-5f0a929b8060: receive RaftClientReply:client-0616CB290F12->912a7d3b-e3f1-4985-b06b-5f0a929b8060@group-3636E5E7603C, cid=3774, SUCCESS, logIndex=5340, commits[912a7d3b-e3f1-4985-b06b-5f0a929b8060:c5342]
2019-07-13 08:33:13,123 INFO  client.GrpcClientProtocolClient (GrpcClientProtocolClient.java:onNext(255)) - client-0616CB290F12->912a7d3b-e3f1-4985-b06b-5f0a929b8060: receive RaftClientReply:client-0616CB290F12->912a7d3b-e3f1-4985-b06b-5f0a929b8060@group-3636E5E7603C, cid=3775, SUCCESS, logIndex=5341, commits[912a7d3b-e3f1-4985-b06b-5f0a929b8060:c5342]
2019-07-13 08:33:13,124 INFO  client.GrpcClientProtocolClient (GrpcClientProtocolClient.java:onNext(255)) - client-0616CB290F12->912a7d3b-e3f1-4985-b06b-5f0a929b8060: receive RaftClientReply:client-0616CB290F12->912a7d3b-e3f1-4985-b06b-5f0a929b8060@group-3636E5E7603C, cid=3776, SUCCESS, logIndex=5342, commits[912a7d3b-e3f1-4985-b06b-5f0a929b8060:c5343]
2019-07-13 08:33:13,151 INFO  client.GrpcClientProtocolClient (GrpcClientProtocolClient.java:onNext(255)) - client-0616CB290F12->912a7d3b-e3f1-4985-b06b-5f0a929b8060: receive RaftClientReply:client-0616CB290F12->912a7d3b-e3f1-4985-b06b-5f0a929b8060@group-3636E5E7603C, cid=3777, SUCCESS, logIndex=5345, commits[912a7d3b-e3f1-4985-b06b-5f0a929b8060:c5346]
2019-07-13 08:33:13,152 INFO  client.GrpcClientProtocolClient (GrpcClientProtocolClient.java:onNext(255)) - client-0616CB290F12->912a7d3b-e3f1-4985-b06b-5f0a929b8060: receive RaftClientReply:client-0616CB290F12->912a7d3b-e3f1-4985-b06b-5f0a929b8060@group-3636E5E7603C, cid=3778, SUCCESS, logIndex=5346, commits[912a7d3b-e3f1-4985-b06b-5f0a929b8060:c5348]
2019-07-13 08:33:13,152 INFO  client.GrpcClientProtocolClient (GrpcClientProtocolClient.java:onNext(255)) - client-0616CB290F12->912a7d3b-e3f1-4985-b06b-5f0a929b8060: receive RaftClientReply:client-0616CB290F12->912a7d3b-e3f1-4985-b06b-5f0a929b8060@group-3636E5E7603C, cid=3779, SUCCESS, logIndex=5347, commits[912a7d3b-e3f1-4985-b06b-5f0a929b8060:c5349]
2019-07-13 08:33:13,152 INFO  client.GrpcClientProtocolClient (GrpcClientProtocolClient.java:onNext(255)) - client-0616CB290F12->912a7d3b-e3f1-4985-b06b-5f0a929b8060: receive RaftClientReply:client-0616CB290F12->912a7d3b-e3f1-4985-b06b-5f0a929b8060@group-3636E5E7603C, cid=3780, SUCCESS, logIndex=5348, commits[912a7d3b-e3f1-4985-b06b-5f0a929b8060:c5349]
2019-07-13 08:33:13,171 INFO  client.GrpcClientProtocolClient (GrpcClientProtocolClient.java:onNext(255)) - client-0616CB290F12->912a7d3b-e3f1-4985-b06b-5f0a929b8060: receive RaftClientReply:client-0616CB290F12->912a7d3b-e3f1-4985-b06b-5f0a929b8060@group-3636E5E7603C, cid=3781, SUCCESS, logIndex=5351, commits[912a7d3b-e3f1-4985-b06b-5f0a929b8060:c5352]
2019-07-13 08:33:13,171 INFO  client.GrpcClientProtocolClient (GrpcClientProtocolClient.java:onNext(255)) - client-0616CB290F12->912a7d3b-e3f1-4985-b06b-5f0a929b8060: receive RaftClientReply:client-0616CB290F12->912a7d3b-e3f1-4985-b06b-5f0a929b8060@group-3636E5E7603C, cid=3782, SUCCESS, logIndex=5352, commits[912a7d3b-e3f1-4985-b06b-5f0a929b8060:c5352]
2019-07-13 08:33:13,173 INFO  client.GrpcClientProtocolClient (GrpcClientProtocolClient.java:onNext(255)) - client-0616CB290F12->912a7d3b-e3f1-4985-b06b-5f0a929b8060: receive RaftClientReply:client-0616CB290F12->912a7d3b-e3f1-4985-b06b-5f0a929b8060@group-3636E5E7603C, cid=3783, SUCCESS, logIndex=5353, commits[912a7d3b-e3f1-4985-b06b-5f0a929b8060:c5354]
2019-07-13 08:33:13,173 INFO  client.GrpcClientProtocolClient (GrpcClientProtocolClient.java:onNext(255)) - client-0616CB290F12->912a7d3b-e3f1-4985-b06b-5f0a929b8060: receive RaftClientReply:client-0616CB290F12->912a7d3b-e3f1-4985-b06b-5f0a929b8060@group-3636E5E7603C, cid=3784, SUCCESS, logIndex=5354, commits[912a7d3b-e3f1-4985-b06b-5f0a929b8060:c5354]
2019-07-13 08:33:13,200 DEBUG block.SCMBlockDeletingService (SCMBlockDeletingService.java:call(138)) - Running DeletedBlockTransactionScanner
2019-07-13 08:33:13,200 DEBUG block.SCMBlockDeletingService (SCMBlockDeletingService.java:call(155)) - Scanned deleted blocks log and got 0 delTX to process.
2019-07-13 08:33:13,204 INFO  client.GrpcClientProtocolClient (GrpcClientProtocolClient.java:onNext(255)) - client-0616CB290F12->912a7d3b-e3f1-4985-b06b-5f0a929b8060: receive RaftClientReply:client-0616CB290F12->912a7d3b-e3f1-4985-b06b-5f0a929b8060@group-3636E5E7603C, cid=3785, SUCCESS, logIndex=5357, commits[912a7d3b-e3f1-4985-b06b-5f0a929b8060:c5360]
2019-07-13 08:33:13,204 INFO  client.GrpcClientProtocolClient (GrpcClientProtocolClient.java:onNext(255)) - client-0616CB290F12->912a7d3b-e3f1-4985-b06b-5f0a929b8060: receive RaftClientReply:client-0616CB290F12->912a7d3b-e3f1-4985-b06b-5f0a929b8060@group-3636E5E7603C, cid=3786, SUCCESS, logIndex=5358, commits[912a7d3b-e3f1-4985-b06b-5f0a929b8060:c5361]
2019-07-13 08:33:13,205 INFO  client.GrpcClientProtocolClient (GrpcClientProtocolClient.java:onNext(255)) - client-0616CB290F12->912a7d3b-e3f1-4985-b06b-5f0a929b8060: receive RaftClientReply:client-0616CB290F12->912a7d3b-e3f1-4985-b06b-5f0a929b8060@group-3636E5E7603C, cid=3787, SUCCESS, logIndex=5359, commits[912a7d3b-e3f1-4985-b06b-5f0a929b8060:c5361]
2019-07-13 08:33:13,205 INFO  client.GrpcClientProtocolClient (GrpcClientProtocolClient.java:onNext(255)) - client-0616CB290F12->912a7d3b-e3f1-4985-b06b-5f0a929b8060: receive RaftClientReply:client-0616CB290F12->912a7d3b-e3f1-4985-b06b-5f0a929b8060@group-3636E5E7603C, cid=3788, SUCCESS, logIndex=5360, commits[912a7d3b-e3f1-4985-b06b-5f0a929b8060:c5361]
2019-07-13 08:33:13,226 INFO  client.GrpcClientProtocolClient (GrpcClientProtocolClient.java:onNext(255)) - client-0616CB290F12->912a7d3b-e3f1-4985-b06b-5f0a929b8060: receive RaftClientReply:client-0616CB290F12->912a7d3b-e3f1-4985-b06b-5f0a929b8060@group-3636E5E7603C, cid=3789, SUCCESS, logIndex=5362, commits[912a7d3b-e3f1-4985-b06b-5f0a929b8060:c5365]
2019-07-13 08:33:13,226 INFO  client.GrpcClientProtocolClient (GrpcClientProtocolClient.java:onNext(255)) - client-0616CB290F12->912a7d3b-e3f1-4985-b06b-5f0a929b8060: receive RaftClientReply:client-0616CB290F12->912a7d3b-e3f1-4985-b06b-5f0a929b8060@group-3636E5E7603C, cid=3790, SUCCESS, logIndex=5363, commits[912a7d3b-e3f1-4985-b06b-5f0a929b8060:c5365]
2019-07-13 08:33:13,227 INFO  client.GrpcClientProtocolClient (GrpcClientProtocolClient.java:onNext(255)) - client-0616CB290F12->912a7d3b-e3f1-4985-b06b-5f0a929b8060: receive RaftClientReply:client-0616CB290F12->912a7d3b-e3f1-4985-b06b-5f0a929b8060@group-3636E5E7603C, cid=3791, SUCCESS, logIndex=5364, commits[912a7d3b-e3f1-4985-b06b-5f0a929b8060:c5366]
2019-07-13 08:33:13,227 INFO  client.GrpcClientProtocolClient (GrpcClientProtocolClient.java:onNext(255)) - client-0616CB290F12->912a7d3b-e3f1-4985-b06b-5f0a929b8060: receive RaftClientReply:client-0616CB290F12->912a7d3b-e3f1-4985-b06b-5f0a929b8060@group-3636E5E7603C, cid=3792, SUCCESS, logIndex=5365, commits[912a7d3b-e3f1-4985-b06b-5f0a929b8060:c5366]
2019-07-13 08:33:13,260 INFO  client.GrpcClientProtocolClient (GrpcClientProtocolClient.java:onNext(255)) - client-0616CB290F12->912a7d3b-e3f1-4985-b06b-5f0a929b8060: receive RaftClientReply:client-0616CB290F12->912a7d3b-e3f1-4985-b06b-5f0a929b8060@group-3636E5E7603C, cid=3793, SUCCESS, logIndex=5367, commits[912a7d3b-e3f1-4985-b06b-5f0a929b8060:c5370]
2019-07-13 08:33:13,260 INFO  client.GrpcClientProtocolClient (GrpcClientProtocolClient.java:onNext(255)) - client-0616CB290F12->912a7d3b-e3f1-4985-b06b-5f0a929b8060: receive RaftClientReply:client-0616CB290F12->912a7d3b-e3f1-4985-b06b-5f0a929b8060@group-3636E5E7603C, cid=3794, SUCCESS, logIndex=5368, commits[912a7d3b-e3f1-4985-b06b-5f0a929b8060:c5371]
2019-07-13 08:33:13,260 INFO  client.GrpcClientProtocolClient (GrpcClientProtocolClient.java:onNext(255)) - client-0616CB290F12->912a7d3b-e3f1-4985-b06b-5f0a929b8060: receive RaftClientReply:client-0616CB290F12->912a7d3b-e3f1-4985-b06b-5f0a929b8060@group-3636E5E7603C, cid=3795, SUCCESS, logIndex=5369, commits[912a7d3b-e3f1-4985-b06b-5f0a929b8060:c5371]
2019-07-13 08:33:13,261 INFO  client.GrpcClientProtocolClient (GrpcClientProtocolClient.java:onNext(255)) - client-0616CB290F12->912a7d3b-e3f1-4985-b06b-5f0a929b8060: receive RaftClientReply:client-0616CB290F12->912a7d3b-e3f1-4985-b06b-5f0a929b8060@group-3636E5E7603C, cid=3796, SUCCESS, logIndex=5370, commits[912a7d3b-e3f1-4985-b06b-5f0a929b8060:c5371]
2019-07-13 08:33:13,281 INFO  client.GrpcClientProtocolClient (GrpcClientProtocolClient.java:onNext(255)) - client-0616CB290F12->912a7d3b-e3f1-4985-b06b-5f0a929b8060: receive RaftClientReply:client-0616CB290F12->912a7d3b-e3f1-4985-b06b-5f0a929b8060@group-3636E5E7603C, cid=3797, SUCCESS, logIndex=5372, commits[912a7d3b-e3f1-4985-b06b-5f0a929b8060:c5373]
2019-07-13 08:33:13,281 INFO  client.GrpcClientProtocolClient (GrpcClientProtocolClient.java:onNext(255)) - client-0616CB290F12->912a7d3b-e3f1-4985-b06b-5f0a929b8060: receive RaftClientReply:client-0616CB290F12->912a7d3b-e3f1-4985-b06b-5f0a929b8060@group-3636E5E7603C, cid=3798, SUCCESS, logIndex=5373, commits[912a7d3b-e3f1-4985-b06b-5f0a929b8060:c5373]
2019-07-13 08:33:13,284 INFO  client.GrpcClientProtocolClient (GrpcClientProtocolClient.java:onNext(255)) - client-0616CB290F12->912a7d3b-e3f1-4985-b06b-5f0a929b8060: receive RaftClientReply:client-0616CB290F12->912a7d3b-e3f1-4985-b06b-5f0a929b8060@group-3636E5E7603C, cid=3799, SUCCESS, logIndex=5374, commits[912a7d3b-e3f1-4985-b06b-5f0a929b8060:c5376]
2019-07-13 08:33:13,284 INFO  client.GrpcClientProtocolClient (GrpcClientProtocolClient.java:onNext(255)) - client-0616CB290F12->912a7d3b-e3f1-4985-b06b-5f0a929b8060: receive RaftClientReply:client-0616CB290F12->912a7d3b-e3f1-4985-b06b-5f0a929b8060@group-3636E5E7603C, cid=3800, SUCCESS, logIndex=5375, commits[912a7d3b-e3f1-4985-b06b-5f0a929b8060:c5376]
2019-07-13 08:33:13,300 DEBUG block.SCMBlockDeletingService (SCMBlockDeletingService.java:call(138)) - Running DeletedBlockTransactionScanner
2019-07-13 08:33:13,301 DEBUG block.SCMBlockDeletingService (SCMBlockDeletingService.java:call(155)) - Scanned deleted blocks log and got 0 delTX to process.
2019-07-13 08:33:13,401 DEBUG block.SCMBlockDeletingService (SCMBlockDeletingService.java:call(138)) - Running DeletedBlockTransactionScanner
2019-07-13 08:33:13,401 DEBUG block.SCMBlockDeletingService (SCMBlockDeletingService.java:call(155)) - Scanned deleted blocks log and got 0 delTX to process.
2019-07-13 08:33:13,442 INFO  client.GrpcClientProtocolClient (GrpcClientProtocolClient.java:onNext(255)) - client-0616CB290F12->912a7d3b-e3f1-4985-b06b-5f0a929b8060: receive RaftClientReply:client-0616CB290F12->912a7d3b-e3f1-4985-b06b-5f0a929b8060@group-3636E5E7603C, cid=3801, SUCCESS, logIndex=5377, commits[912a7d3b-e3f1-4985-b06b-5f0a929b8060:c5380]
2019-07-13 08:33:13,443 INFO  client.GrpcClientProtocolClient (GrpcClientProtocolClient.java:onNext(255)) - client-0616CB290F12->912a7d3b-e3f1-4985-b06b-5f0a929b8060: receive RaftClientReply:client-0616CB290F12->912a7d3b-e3f1-4985-b06b-5f0a929b8060@group-3636E5E7603C, cid=3802, SUCCESS, logIndex=5378, commits[912a7d3b-e3f1-4985-b06b-5f0a929b8060:c5381]
2019-07-13 08:33:13,443 INFO  client.GrpcClientProtocolClient (GrpcClientProtocolClient.java:onNext(255)) - client-0616CB290F12->912a7d3b-e3f1-4985-b06b-5f0a929b8060: receive RaftClientReply:client-0616CB290F12->912a7d3b-e3f1-4985-b06b-5f0a929b8060@group-3636E5E7603C, cid=3803, SUCCESS, logIndex=5379, commits[912a7d3b-e3f1-4985-b06b-5f0a929b8060:c5381]
2019-07-13 08:33:13,443 INFO  client.GrpcClientProtocolClient (GrpcClientProtocolClient.java:onNext(255)) - client-0616CB290F12->912a7d3b-e3f1-4985-b06b-5f0a929b8060: receive RaftClientReply:client-0616CB290F12->912a7d3b-e3f1-4985-b06b-5f0a929b8060@group-3636E5E7603C, cid=3804, SUCCESS, logIndex=5380, commits[912a7d3b-e3f1-4985-b06b-5f0a929b8060:c5381]
2019-07-13 08:33:13,463 INFO  client.GrpcClientProtocolClient (GrpcClientProtocolClient.java:onNext(255)) - client-0616CB290F12->912a7d3b-e3f1-4985-b06b-5f0a929b8060: receive RaftClientReply:client-0616CB290F12->912a7d3b-e3f1-4985-b06b-5f0a929b8060@group-3636E5E7603C, cid=3805, SUCCESS, logIndex=5382, commits[912a7d3b-e3f1-4985-b06b-5f0a929b8060:c5383]
2019-07-13 08:33:13,464 INFO  client.GrpcClientProtocolClient (GrpcClientProtocolClient.java:onNext(255)) - client-0616CB290F12->912a7d3b-e3f1-4985-b06b-5f0a929b8060: receive RaftClientReply:client-0616CB290F12->912a7d3b-e3f1-4985-b06b-5f0a929b8060@group-3636E5E7603C, cid=3806, SUCCESS, logIndex=5383, commits[912a7d3b-e3f1-4985-b06b-5f0a929b8060:c5383]
2019-07-13 08:33:13,472 INFO  client.GrpcClientProtocolClient (GrpcClientProtocolClient.java:onNext(255)) - client-0616CB290F12->912a7d3b-e3f1-4985-b06b-5f0a929b8060: receive RaftClientReply:client-0616CB290F12->912a7d3b-e3f1-4985-b06b-5f0a929b8060@group-3636E5E7603C, cid=3807, SUCCESS, logIndex=5384, commits[912a7d3b-e3f1-4985-b06b-5f0a929b8060:c5385]
2019-07-13 08:33:13,472 INFO  client.GrpcClientProtocolClient (GrpcClientProtocolClient.java:onNext(255)) - client-0616CB290F12->912a7d3b-e3f1-4985-b06b-5f0a929b8060: receive RaftClientReply:client-0616CB290F12->912a7d3b-e3f1-4985-b06b-5f0a929b8060@group-3636E5E7603C, cid=3808, SUCCESS, logIndex=5385, commits[912a7d3b-e3f1-4985-b06b-5f0a929b8060:c5386]
2019-07-13 08:33:13,502 DEBUG block.SCMBlockDeletingService (SCMBlockDeletingService.java:call(138)) - Running DeletedBlockTransactionScanner
2019-07-13 08:33:13,502 DEBUG block.SCMBlockDeletingService (SCMBlockDeletingService.java:call(155)) - Scanned deleted blocks log and got 0 delTX to process.
2019-07-13 08:33:13,508 INFO  client.GrpcClientProtocolClient (GrpcClientProtocolClient.java:onNext(255)) - client-0616CB290F12->912a7d3b-e3f1-4985-b06b-5f0a929b8060: receive RaftClientReply:client-0616CB290F12->912a7d3b-e3f1-4985-b06b-5f0a929b8060@group-3636E5E7603C, cid=3809, SUCCESS, logIndex=5388, commits[912a7d3b-e3f1-4985-b06b-5f0a929b8060:c5391]
2019-07-13 08:33:13,509 INFO  client.GrpcClientProtocolClient (GrpcClientProtocolClient.java:onNext(255)) - client-0616CB290F12->912a7d3b-e3f1-4985-b06b-5f0a929b8060: receive RaftClientReply:client-0616CB290F12->912a7d3b-e3f1-4985-b06b-5f0a929b8060@group-3636E5E7603C, cid=3810, SUCCESS, logIndex=5389, commits[912a7d3b-e3f1-4985-b06b-5f0a929b8060:c5392]
2019-07-13 08:33:13,509 INFO  client.GrpcClientProtocolClient (GrpcClientProtocolClient.java:onNext(255)) - client-0616CB290F12->912a7d3b-e3f1-4985-b06b-5f0a929b8060: receive RaftClientReply:client-0616CB290F12->912a7d3b-e3f1-4985-b06b-5f0a929b8060@group-3636E5E7603C, cid=3811, SUCCESS, logIndex=5390, commits[912a7d3b-e3f1-4985-b06b-5f0a929b8060:c5392]
2019-07-13 08:33:13,509 INFO  client.GrpcClientProtocolClient (GrpcClientProtocolClient.java:onNext(255)) - client-0616CB290F12->912a7d3b-e3f1-4985-b06b-5f0a929b8060: receive RaftClientReply:client-0616CB290F12->912a7d3b-e3f1-4985-b06b-5f0a929b8060@group-3636E5E7603C, cid=3812, SUCCESS, logIndex=5391, commits[912a7d3b-e3f1-4985-b06b-5f0a929b8060:c5392]
2019-07-13 08:33:13,529 INFO  client.GrpcClientProtocolClient (GrpcClientProtocolClient.java:onNext(255)) - client-0616CB290F12->912a7d3b-e3f1-4985-b06b-5f0a929b8060: receive RaftClientReply:client-0616CB290F12->912a7d3b-e3f1-4985-b06b-5f0a929b8060@group-3636E5E7603C, cid=3813, SUCCESS, logIndex=5393, commits[912a7d3b-e3f1-4985-b06b-5f0a929b8060:c5396]
2019-07-13 08:33:13,529 INFO  client.GrpcClientProtocolClient (GrpcClientProtocolClient.java:onNext(255)) - client-0616CB290F12->912a7d3b-e3f1-4985-b06b-5f0a929b8060: receive RaftClientReply:client-0616CB290F12->912a7d3b-e3f1-4985-b06b-5f0a929b8060@group-3636E5E7603C, cid=3814, SUCCESS, logIndex=5394, commits[912a7d3b-e3f1-4985-b06b-5f0a929b8060:c5396]
2019-07-13 08:33:13,530 INFO  client.GrpcClientProtocolClient (GrpcClientProtocolClient.java:onNext(255)) - client-0616CB290F12->912a7d3b-e3f1-4985-b06b-5f0a929b8060: receive RaftClientReply:client-0616CB290F12->912a7d3b-e3f1-4985-b06b-5f0a929b8060@group-3636E5E7603C, cid=3815, SUCCESS, logIndex=5395, commits[912a7d3b-e3f1-4985-b06b-5f0a929b8060:c5397]
2019-07-13 08:33:13,530 INFO  client.GrpcClientProtocolClient (GrpcClientProtocolClient.java:onNext(255)) - client-0616CB290F12->912a7d3b-e3f1-4985-b06b-5f0a929b8060: receive RaftClientReply:client-0616CB290F12->912a7d3b-e3f1-4985-b06b-5f0a929b8060@group-3636E5E7603C, cid=3816, SUCCESS, logIndex=5396, commits[912a7d3b-e3f1-4985-b06b-5f0a929b8060:c5398]
2019-07-13 08:33:13,562 INFO  client.GrpcClientProtocolClient (GrpcClientProtocolClient.java:onNext(255)) - client-0616CB290F12->912a7d3b-e3f1-4985-b06b-5f0a929b8060: receive RaftClientReply:client-0616CB290F12->912a7d3b-e3f1-4985-b06b-5f0a929b8060@group-3636E5E7603C, cid=3817, SUCCESS, logIndex=5399, commits[912a7d3b-e3f1-4985-b06b-5f0a929b8060:c5402]
2019-07-13 08:33:13,562 INFO  client.GrpcClientProtocolClient (GrpcClientProtocolClient.java:onNext(255)) - client-0616CB290F12->912a7d3b-e3f1-4985-b06b-5f0a929b8060: receive RaftClientReply:client-0616CB290F12->912a7d3b-e3f1-4985-b06b-5f0a929b8060@group-3636E5E7603C, cid=3818, SUCCESS, logIndex=5400, commits[912a7d3b-e3f1-4985-b06b-5f0a929b8060:c5402]
2019-07-13 08:33:13,563 INFO  client.GrpcClientProtocolClient (GrpcClientProtocolClient.java:onNext(255)) - client-0616CB290F12->912a7d3b-e3f1-4985-b06b-5f0a929b8060: receive RaftClientReply:client-0616CB290F12->912a7d3b-e3f1-4985-b06b-5f0a929b8060@group-3636E5E7603C, cid=3819, SUCCESS, logIndex=5401, commits[912a7d3b-e3f1-4985-b06b-5f0a929b8060:c5403]
2019-07-13 08:33:13,563 INFO  client.GrpcClientProtocolClient (GrpcClientProtocolClient.java:onNext(255)) - client-0616CB290F12->912a7d3b-e3f1-4985-b06b-5f0a929b8060: receive RaftClientReply:client-0616CB290F12->912a7d3b-e3f1-4985-b06b-5f0a929b8060@group-3636E5E7603C, cid=3820, SUCCESS, logIndex=5402, commits[912a7d3b-e3f1-4985-b06b-5f0a929b8060:c5404]
2019-07-13 08:33:13,581 INFO  client.GrpcClientProtocolClient (GrpcClientProtocolClient.java:onNext(255)) - client-0616CB290F12->912a7d3b-e3f1-4985-b06b-5f0a929b8060: receive RaftClientReply:client-0616CB290F12->912a7d3b-e3f1-4985-b06b-5f0a929b8060@group-3636E5E7603C, cid=3821, SUCCESS, logIndex=5405, commits[912a7d3b-e3f1-4985-b06b-5f0a929b8060:c5406]
2019-07-13 08:33:13,582 INFO  client.GrpcClientProtocolClient (GrpcClientProtocolClient.java:onNext(255)) - client-0616CB290F12->912a7d3b-e3f1-4985-b06b-5f0a929b8060: receive RaftClientReply:client-0616CB290F12->912a7d3b-e3f1-4985-b06b-5f0a929b8060@group-3636E5E7603C, cid=3822, SUCCESS, logIndex=5406, commits[912a7d3b-e3f1-4985-b06b-5f0a929b8060:c5408]
2019-07-13 08:33:13,582 INFO  client.GrpcClientProtocolClient (GrpcClientProtocolClient.java:onNext(255)) - client-0616CB290F12->912a7d3b-e3f1-4985-b06b-5f0a929b8060: receive RaftClientReply:client-0616CB290F12->912a7d3b-e3f1-4985-b06b-5f0a929b8060@group-3636E5E7603C, cid=3823, SUCCESS, logIndex=5407, commits[912a7d3b-e3f1-4985-b06b-5f0a929b8060:c5409]
2019-07-13 08:33:13,582 INFO  client.GrpcClientProtocolClient (GrpcClientProtocolClient.java:onNext(255)) - client-0616CB290F12->912a7d3b-e3f1-4985-b06b-5f0a929b8060: receive RaftClientReply:client-0616CB290F12->912a7d3b-e3f1-4985-b06b-5f0a929b8060@group-3636E5E7603C, cid=3824, SUCCESS, logIndex=5408, commits[912a7d3b-e3f1-4985-b06b-5f0a929b8060:c5410]
2019-07-13 08:33:13,603 DEBUG block.SCMBlockDeletingService (SCMBlockDeletingService.java:call(138)) - Running DeletedBlockTransactionScanner
2019-07-13 08:33:13,603 DEBUG block.SCMBlockDeletingService (SCMBlockDeletingService.java:call(155)) - Scanned deleted blocks log and got 0 delTX to process.
2019-07-13 08:33:13,612 INFO  client.GrpcClientProtocolClient (GrpcClientProtocolClient.java:onNext(255)) - client-0616CB290F12->912a7d3b-e3f1-4985-b06b-5f0a929b8060: receive RaftClientReply:client-0616CB290F12->912a7d3b-e3f1-4985-b06b-5f0a929b8060@group-3636E5E7603C, cid=3825, SUCCESS, logIndex=5411, commits[912a7d3b-e3f1-4985-b06b-5f0a929b8060:c5412]
2019-07-13 08:33:13,613 INFO  client.GrpcClientProtocolClient (GrpcClientProtocolClient.java:onNext(255)) - client-0616CB290F12->912a7d3b-e3f1-4985-b06b-5f0a929b8060: receive RaftClientReply:client-0616CB290F12->912a7d3b-e3f1-4985-b06b-5f0a929b8060@group-3636E5E7603C, cid=3826, SUCCESS, logIndex=5412, commits[912a7d3b-e3f1-4985-b06b-5f0a929b8060:c5414]
2019-07-13 08:33:13,613 INFO  client.GrpcClientProtocolClient (GrpcClientProtocolClient.java:onNext(255)) - client-0616CB290F12->912a7d3b-e3f1-4985-b06b-5f0a929b8060: receive RaftClientReply:client-0616CB290F12->912a7d3b-e3f1-4985-b06b-5f0a929b8060@group-3636E5E7603C, cid=3827, SUCCESS, logIndex=5413, commits[912a7d3b-e3f1-4985-b06b-5f0a929b8060:c5415]
2019-07-13 08:33:13,613 INFO  client.GrpcClientProtocolClient (GrpcClientProtocolClient.java:onNext(255)) - client-0616CB290F12->912a7d3b-e3f1-4985-b06b-5f0a929b8060: receive RaftClientReply:client-0616CB290F12->912a7d3b-e3f1-4985-b06b-5f0a929b8060@group-3636E5E7603C, cid=3828, SUCCESS, logIndex=5414, commits[912a7d3b-e3f1-4985-b06b-5f0a929b8060:c5415]
2019-07-13 08:33:13,642 INFO  client.GrpcClientProtocolClient (GrpcClientProtocolClient.java:onNext(255)) - client-0616CB290F12->912a7d3b-e3f1-4985-b06b-5f0a929b8060: receive RaftClientReply:client-0616CB290F12->912a7d3b-e3f1-4985-b06b-5f0a929b8060@group-3636E5E7603C, cid=3829, SUCCESS, logIndex=5417, commits[912a7d3b-e3f1-4985-b06b-5f0a929b8060:c5418]
2019-07-13 08:33:13,642 INFO  client.GrpcClientProtocolClient (GrpcClientProtocolClient.java:onNext(255)) - client-0616CB290F12->912a7d3b-e3f1-4985-b06b-5f0a929b8060: receive RaftClientReply:client-0616CB290F12->912a7d3b-e3f1-4985-b06b-5f0a929b8060@group-3636E5E7603C, cid=3830, SUCCESS, logIndex=5418, commits[912a7d3b-e3f1-4985-b06b-5f0a929b8060:c5420]
2019-07-13 08:33:13,642 INFO  client.GrpcClientProtocolClient (GrpcClientProtocolClient.java:onNext(255)) - client-0616CB290F12->912a7d3b-e3f1-4985-b06b-5f0a929b8060: receive RaftClientReply:client-0616CB290F12->912a7d3b-e3f1-4985-b06b-5f0a929b8060@group-3636E5E7603C, cid=3831, SUCCESS, logIndex=5419, commits[912a7d3b-e3f1-4985-b06b-5f0a929b8060:c5420]
2019-07-13 08:33:13,642 INFO  client.GrpcClientProtocolClient (GrpcClientProtocolClient.java:onNext(255)) - client-0616CB290F12->912a7d3b-e3f1-4985-b06b-5f0a929b8060: receive RaftClientReply:client-0616CB290F12->912a7d3b-e3f1-4985-b06b-5f0a929b8060@group-3636E5E7603C, cid=3832, SUCCESS, logIndex=5420, commits[912a7d3b-e3f1-4985-b06b-5f0a929b8060:c5421]
2019-07-13 08:33:13,725 DEBUG block.SCMBlockDeletingService (SCMBlockDeletingService.java:call(138)) - Running DeletedBlockTransactionScanner
2019-07-13 08:33:13,725 DEBUG block.SCMBlockDeletingService (SCMBlockDeletingService.java:call(155)) - Scanned deleted blocks log and got 0 delTX to process.
2019-07-13 08:33:13,751 INFO  client.GrpcClientProtocolClient (GrpcClientProtocolClient.java:onNext(255)) - client-0616CB290F12->912a7d3b-e3f1-4985-b06b-5f0a929b8060: receive RaftClientReply:client-0616CB290F12->912a7d3b-e3f1-4985-b06b-5f0a929b8060@group-3636E5E7603C, cid=3833, SUCCESS, logIndex=5423, commits[912a7d3b-e3f1-4985-b06b-5f0a929b8060:c5424]
2019-07-13 08:33:13,752 INFO  client.GrpcClientProtocolClient (GrpcClientProtocolClient.java:onNext(255)) - client-0616CB290F12->912a7d3b-e3f1-4985-b06b-5f0a929b8060: receive RaftClientReply:client-0616CB290F12->912a7d3b-e3f1-4985-b06b-5f0a929b8060@group-3636E5E7603C, cid=3834, SUCCESS, logIndex=5424, commits[912a7d3b-e3f1-4985-b06b-5f0a929b8060:c5426]
2019-07-13 08:33:13,752 INFO  client.GrpcClientProtocolClient (GrpcClientProtocolClient.java:onNext(255)) - client-0616CB290F12->912a7d3b-e3f1-4985-b06b-5f0a929b8060: receive RaftClientReply:client-0616CB290F12->912a7d3b-e3f1-4985-b06b-5f0a929b8060@group-3636E5E7603C, cid=3835, SUCCESS, logIndex=5425, commits[912a7d3b-e3f1-4985-b06b-5f0a929b8060:c5426]
2019-07-13 08:33:13,752 INFO  client.GrpcClientProtocolClient (GrpcClientProtocolClient.java:onNext(255)) - client-0616CB290F12->912a7d3b-e3f1-4985-b06b-5f0a929b8060: receive RaftClientReply:client-0616CB290F12->912a7d3b-e3f1-4985-b06b-5f0a929b8060@group-3636E5E7603C, cid=3836, SUCCESS, logIndex=5426, commits[912a7d3b-e3f1-4985-b06b-5f0a929b8060:c5427]
2019-07-13 08:33:13,773 INFO  client.GrpcClientProtocolClient (GrpcClientProtocolClient.java:onNext(255)) - client-0616CB290F12->912a7d3b-e3f1-4985-b06b-5f0a929b8060: receive RaftClientReply:client-0616CB290F12->912a7d3b-e3f1-4985-b06b-5f0a929b8060@group-3636E5E7603C, cid=3837, SUCCESS, logIndex=5429, commits[912a7d3b-e3f1-4985-b06b-5f0a929b8060:c5430]
2019-07-13 08:33:13,774 INFO  client.GrpcClientProtocolClient (GrpcClientProtocolClient.java:onNext(255)) - client-0616CB290F12->912a7d3b-e3f1-4985-b06b-5f0a929b8060: receive RaftClientReply:client-0616CB290F12->912a7d3b-e3f1-4985-b06b-5f0a929b8060@group-3636E5E7603C, cid=3838, SUCCESS, logIndex=5430, commits[912a7d3b-e3f1-4985-b06b-5f0a929b8060:c5430]
2019-07-13 08:33:13,782 INFO  client.GrpcClientProtocolClient (GrpcClientProtocolClient.java:onNext(255)) - client-0616CB290F12->912a7d3b-e3f1-4985-b06b-5f0a929b8060: receive RaftClientReply:client-0616CB290F12->912a7d3b-e3f1-4985-b06b-5f0a929b8060@group-3636E5E7603C, cid=3839, SUCCESS, logIndex=5431, commits[912a7d3b-e3f1-4985-b06b-5f0a929b8060:c5432]
2019-07-13 08:33:13,783 INFO  client.GrpcClientProtocolClient (GrpcClientProtocolClient.java:onNext(255)) - client-0616CB290F12->912a7d3b-e3f1-4985-b06b-5f0a929b8060: receive RaftClientReply:client-0616CB290F12->912a7d3b-e3f1-4985-b06b-5f0a929b8060@group-3636E5E7603C, cid=3840, SUCCESS, logIndex=5432, commits[912a7d3b-e3f1-4985-b06b-5f0a929b8060:c5433]
2019-07-13 08:33:13,819 INFO  client.GrpcClientProtocolClient (GrpcClientProtocolClient.java:onNext(255)) - client-0616CB290F12->912a7d3b-e3f1-4985-b06b-5f0a929b8060: receive RaftClientReply:client-0616CB290F12->912a7d3b-e3f1-4985-b06b-5f0a929b8060@group-3636E5E7603C, cid=3841, SUCCESS, logIndex=5435, commits[912a7d3b-e3f1-4985-b06b-5f0a929b8060:c5438]
2019-07-13 08:33:13,821 INFO  client.GrpcClientProtocolClient (GrpcClientProtocolClient.java:onNext(255)) - client-0616CB290F12->912a7d3b-e3f1-4985-b06b-5f0a929b8060: receive RaftClientReply:client-0616CB290F12->912a7d3b-e3f1-4985-b06b-5f0a929b8060@group-3636E5E7603C, cid=3842, SUCCESS, logIndex=5436, commits[912a7d3b-e3f1-4985-b06b-5f0a929b8060:c5438]
2019-07-13 08:33:13,821 INFO  client.GrpcClientProtocolClient (GrpcClientProtocolClient.java:onNext(255)) - client-0616CB290F12->912a7d3b-e3f1-4985-b06b-5f0a929b8060: receive RaftClientReply:client-0616CB290F12->912a7d3b-e3f1-4985-b06b-5f0a929b8060@group-3636E5E7603C, cid=3843, SUCCESS, logIndex=5437, commits[912a7d3b-e3f1-4985-b06b-5f0a929b8060:c5438]
2019-07-13 08:33:13,821 INFO  client.GrpcClientProtocolClient (GrpcClientProtocolClient.java:onNext(255)) - client-0616CB290F12->912a7d3b-e3f1-4985-b06b-5f0a929b8060: receive RaftClientReply:client-0616CB290F12->912a7d3b-e3f1-4985-b06b-5f0a929b8060@group-3636E5E7603C, cid=3844, SUCCESS, logIndex=5438, commits[912a7d3b-e3f1-4985-b06b-5f0a929b8060:c5438]
2019-07-13 08:33:13,825 DEBUG block.SCMBlockDeletingService (SCMBlockDeletingService.java:call(138)) - Running DeletedBlockTransactionScanner
2019-07-13 08:33:13,826 DEBUG block.SCMBlockDeletingService (SCMBlockDeletingService.java:call(155)) - Scanned deleted blocks log and got 0 delTX to process.
2019-07-13 08:33:13,928 DEBUG block.SCMBlockDeletingService (SCMBlockDeletingService.java:call(138)) - Running DeletedBlockTransactionScanner
2019-07-13 08:33:13,928 DEBUG block.SCMBlockDeletingService (SCMBlockDeletingService.java:call(155)) - Scanned deleted blocks log and got 0 delTX to process.
2019-07-13 08:33:13,975 INFO  client.GrpcClientProtocolClient (GrpcClientProtocolClient.java:onNext(255)) - client-0616CB290F12->912a7d3b-e3f1-4985-b06b-5f0a929b8060: receive RaftClientReply:client-0616CB290F12->912a7d3b-e3f1-4985-b06b-5f0a929b8060@group-3636E5E7603C, cid=3845, SUCCESS, logIndex=5440, commits[912a7d3b-e3f1-4985-b06b-5f0a929b8060:c5443]
2019-07-13 08:33:13,976 INFO  client.GrpcClientProtocolClient (GrpcClientProtocolClient.java:onNext(255)) - client-0616CB290F12->912a7d3b-e3f1-4985-b06b-5f0a929b8060: receive RaftClientReply:client-0616CB290F12->912a7d3b-e3f1-4985-b06b-5f0a929b8060@group-3636E5E7603C, cid=3846, SUCCESS, logIndex=5441, commits[912a7d3b-e3f1-4985-b06b-5f0a929b8060:c5443]
2019-07-13 08:33:13,976 INFO  client.GrpcClientProtocolClient (GrpcClientProtocolClient.java:onNext(255)) - client-0616CB290F12->912a7d3b-e3f1-4985-b06b-5f0a929b8060: receive RaftClientReply:client-0616CB290F12->912a7d3b-e3f1-4985-b06b-5f0a929b8060@group-3636E5E7603C, cid=3847, SUCCESS, logIndex=5442, commits[912a7d3b-e3f1-4985-b06b-5f0a929b8060:c5444]
2019-07-13 08:33:13,976 INFO  client.GrpcClientProtocolClient (GrpcClientProtocolClient.java:onNext(255)) - client-0616CB290F12->912a7d3b-e3f1-4985-b06b-5f0a929b8060: receive RaftClientReply:client-0616CB290F12->912a7d3b-e3f1-4985-b06b-5f0a929b8060@group-3636E5E7603C, cid=3848, SUCCESS, logIndex=5443, commits[912a7d3b-e3f1-4985-b06b-5f0a929b8060:c5444]
2019-07-13 08:33:14,010 INFO  client.GrpcClientProtocolClient (GrpcClientProtocolClient.java:onNext(255)) - client-0616CB290F12->912a7d3b-e3f1-4985-b06b-5f0a929b8060: receive RaftClientReply:client-0616CB290F12->912a7d3b-e3f1-4985-b06b-5f0a929b8060@group-3636E5E7603C, cid=3849, SUCCESS, logIndex=5445, commits[912a7d3b-e3f1-4985-b06b-5f0a929b8060:c5448]
2019-07-13 08:33:14,010 INFO  client.GrpcClientProtocolClient (GrpcClientProtocolClient.java:onNext(255)) - client-0616CB290F12->912a7d3b-e3f1-4985-b06b-5f0a929b8060: receive RaftClientReply:client-0616CB290F12->912a7d3b-e3f1-4985-b06b-5f0a929b8060@group-3636E5E7603C, cid=3850, SUCCESS, logIndex=5446, commits[912a7d3b-e3f1-4985-b06b-5f0a929b8060:c5449]
2019-07-13 08:33:14,011 INFO  client.GrpcClientProtocolClient (GrpcClientProtocolClient.java:onNext(255)) - client-0616CB290F12->912a7d3b-e3f1-4985-b06b-5f0a929b8060: receive RaftClientReply:client-0616CB290F12->912a7d3b-e3f1-4985-b06b-5f0a929b8060@group-3636E5E7603C, cid=3851, SUCCESS, logIndex=5447, commits[912a7d3b-e3f1-4985-b06b-5f0a929b8060:c5449]
2019-07-13 08:33:14,011 INFO  client.GrpcClientProtocolClient (GrpcClientProtocolClient.java:onNext(255)) - client-0616CB290F12->912a7d3b-e3f1-4985-b06b-5f0a929b8060: receive RaftClientReply:client-0616CB290F12->912a7d3b-e3f1-4985-b06b-5f0a929b8060@group-3636E5E7603C, cid=3852, SUCCESS, logIndex=5448, commits[912a7d3b-e3f1-4985-b06b-5f0a929b8060:c5449]
2019-07-13 08:33:14,028 DEBUG block.SCMBlockDeletingService (SCMBlockDeletingService.java:call(138)) - Running DeletedBlockTransactionScanner
2019-07-13 08:33:14,029 DEBUG block.SCMBlockDeletingService (SCMBlockDeletingService.java:call(155)) - Scanned deleted blocks log and got 0 delTX to process.
2019-07-13 08:33:14,033 INFO  client.GrpcClientProtocolClient (GrpcClientProtocolClient.java:onNext(255)) - client-0616CB290F12->912a7d3b-e3f1-4985-b06b-5f0a929b8060: receive RaftClientReply:client-0616CB290F12->912a7d3b-e3f1-4985-b06b-5f0a929b8060@group-3636E5E7603C, cid=3853, SUCCESS, logIndex=5450, commits[912a7d3b-e3f1-4985-b06b-5f0a929b8060:c5453]
2019-07-13 08:33:14,033 INFO  client.GrpcClientProtocolClient (GrpcClientProtocolClient.java:onNext(255)) - client-0616CB290F12->912a7d3b-e3f1-4985-b06b-5f0a929b8060: receive RaftClientReply:client-0616CB290F12->912a7d3b-e3f1-4985-b06b-5f0a929b8060@group-3636E5E7603C, cid=3854, SUCCESS, logIndex=5451, commits[912a7d3b-e3f1-4985-b06b-5f0a929b8060:c5453]
2019-07-13 08:33:14,033 INFO  client.GrpcClientProtocolClient (GrpcClientProtocolClient.java:onNext(255)) - client-0616CB290F12->912a7d3b-e3f1-4985-b06b-5f0a929b8060: receive RaftClientReply:client-0616CB290F12->912a7d3b-e3f1-4985-b06b-5f0a929b8060@group-3636E5E7603C, cid=3855, SUCCESS, logIndex=5452, commits[912a7d3b-e3f1-4985-b06b-5f0a929b8060:c5454]
2019-07-13 08:33:14,034 INFO  client.GrpcClientProtocolClient (GrpcClientProtocolClient.java:onNext(255)) - client-0616CB290F12->912a7d3b-e3f1-4985-b06b-5f0a929b8060: receive RaftClientReply:client-0616CB290F12->912a7d3b-e3f1-4985-b06b-5f0a929b8060@group-3636E5E7603C, cid=3856, SUCCESS, logIndex=5453, commits[912a7d3b-e3f1-4985-b06b-5f0a929b8060:c5454]
2019-07-13 08:33:14,067 INFO  client.GrpcClientProtocolClient (GrpcClientProtocolClient.java:onNext(255)) - client-0616CB290F12->912a7d3b-e3f1-4985-b06b-5f0a929b8060: receive RaftClientReply:client-0616CB290F12->912a7d3b-e3f1-4985-b06b-5f0a929b8060@group-3636E5E7603C, cid=3857, SUCCESS, logIndex=5455, commits[912a7d3b-e3f1-4985-b06b-5f0a929b8060:c5458]
2019-07-13 08:33:14,068 INFO  client.GrpcClientProtocolClient (GrpcClientProtocolClient.java:onNext(255)) - client-0616CB290F12->912a7d3b-e3f1-4985-b06b-5f0a929b8060: receive RaftClientReply:client-0616CB290F12->912a7d3b-e3f1-4985-b06b-5f0a929b8060@group-3636E5E7603C, cid=3858, SUCCESS, logIndex=5456, commits[912a7d3b-e3f1-4985-b06b-5f0a929b8060:c5458]
2019-07-13 08:33:14,068 INFO  client.GrpcClientProtocolClient (GrpcClientProtocolClient.java:onNext(255)) - client-0616CB290F12->912a7d3b-e3f1-4985-b06b-5f0a929b8060: receive RaftClientReply:client-0616CB290F12->912a7d3b-e3f1-4985-b06b-5f0a929b8060@group-3636E5E7603C, cid=3859, SUCCESS, logIndex=5457, commits[912a7d3b-e3f1-4985-b06b-5f0a929b8060:c5459]
2019-07-13 08:33:14,069 INFO  client.GrpcClientProtocolClient (GrpcClientProtocolClient.java:onNext(255)) - client-0616CB290F12->912a7d3b-e3f1-4985-b06b-5f0a929b8060: receive RaftClientReply:client-0616CB290F12->912a7d3b-e3f1-4985-b06b-5f0a929b8060@group-3636E5E7603C, cid=3860, SUCCESS, logIndex=5458, commits[912a7d3b-e3f1-4985-b06b-5f0a929b8060:c5459]
2019-07-13 08:33:14,090 INFO  client.GrpcClientProtocolClient (GrpcClientProtocolClient.java:onNext(255)) - client-0616CB290F12->912a7d3b-e3f1-4985-b06b-5f0a929b8060: receive RaftClientReply:client-0616CB290F12->912a7d3b-e3f1-4985-b06b-5f0a929b8060@group-3636E5E7603C, cid=3861, SUCCESS, logIndex=5460, commits[912a7d3b-e3f1-4985-b06b-5f0a929b8060:c5463]
2019-07-13 08:33:14,091 INFO  client.GrpcClientProtocolClient (GrpcClientProtocolClient.java:onNext(255)) - client-0616CB290F12->912a7d3b-e3f1-4985-b06b-5f0a929b8060: receive RaftClientReply:client-0616CB290F12->912a7d3b-e3f1-4985-b06b-5f0a929b8060@group-3636E5E7603C, cid=3862, SUCCESS, logIndex=5461, commits[912a7d3b-e3f1-4985-b06b-5f0a929b8060:c5463]
2019-07-13 08:33:14,091 INFO  client.GrpcClientProtocolClient (GrpcClientProtocolClient.java:onNext(255)) - client-0616CB290F12->912a7d3b-e3f1-4985-b06b-5f0a929b8060: receive RaftClientReply:client-0616CB290F12->912a7d3b-e3f1-4985-b06b-5f0a929b8060@group-3636E5E7603C, cid=3863, SUCCESS, logIndex=5462, commits[912a7d3b-e3f1-4985-b06b-5f0a929b8060:c5463]
2019-07-13 08:33:14,092 INFO  client.GrpcClientProtocolClient (GrpcClientProtocolClient.java:onNext(255)) - client-0616CB290F12->912a7d3b-e3f1-4985-b06b-5f0a929b8060: receive RaftClientReply:client-0616CB290F12->912a7d3b-e3f1-4985-b06b-5f0a929b8060@group-3636E5E7603C, cid=3864, SUCCESS, logIndex=5463, commits[912a7d3b-e3f1-4985-b06b-5f0a929b8060:c5463]
2019-07-13 08:33:14,123 INFO  client.GrpcClientProtocolClient (GrpcClientProtocolClient.java:onNext(255)) - client-0616CB290F12->912a7d3b-e3f1-4985-b06b-5f0a929b8060: receive RaftClientReply:client-0616CB290F12->912a7d3b-e3f1-4985-b06b-5f0a929b8060@group-3636E5E7603C, cid=3865, SUCCESS, logIndex=5465, commits[912a7d3b-e3f1-4985-b06b-5f0a929b8060:c5466]
2019-07-13 08:33:14,124 INFO  client.GrpcClientProtocolClient (GrpcClientProtocolClient.java:onNext(255)) - client-0616CB290F12->912a7d3b-e3f1-4985-b06b-5f0a929b8060: receive RaftClientReply:client-0616CB290F12->912a7d3b-e3f1-4985-b06b-5f0a929b8060@group-3636E5E7603C, cid=3866, SUCCESS, logIndex=5466, commits[912a7d3b-e3f1-4985-b06b-5f0a929b8060:c5468]
2019-07-13 08:33:14,124 INFO  client.GrpcClientProtocolClient (GrpcClientProtocolClient.java:onNext(255)) - client-0616CB290F12->912a7d3b-e3f1-4985-b06b-5f0a929b8060: receive RaftClientReply:client-0616CB290F12->912a7d3b-e3f1-4985-b06b-5f0a929b8060@group-3636E5E7603C, cid=3867, SUCCESS, logIndex=5467, commits[912a7d3b-e3f1-4985-b06b-5f0a929b8060:c5469]
2019-07-13 08:33:14,124 INFO  client.GrpcClientProtocolClient (GrpcClientProtocolClient.java:onNext(255)) - client-0616CB290F12->912a7d3b-e3f1-4985-b06b-5f0a929b8060: receive RaftClientReply:client-0616CB290F12->912a7d3b-e3f1-4985-b06b-5f0a929b8060@group-3636E5E7603C, cid=3868, SUCCESS, logIndex=5468, commits[912a7d3b-e3f1-4985-b06b-5f0a929b8060:c5469]
2019-07-13 08:33:14,129 DEBUG block.SCMBlockDeletingService (SCMBlockDeletingService.java:call(138)) - Running DeletedBlockTransactionScanner
2019-07-13 08:33:14,129 DEBUG block.SCMBlockDeletingService (SCMBlockDeletingService.java:call(155)) - Scanned deleted blocks log and got 0 delTX to process.
2019-07-13 08:33:14,145 INFO  client.GrpcClientProtocolClient (GrpcClientProtocolClient.java:onNext(255)) - client-0616CB290F12->912a7d3b-e3f1-4985-b06b-5f0a929b8060: receive RaftClientReply:client-0616CB290F12->912a7d3b-e3f1-4985-b06b-5f0a929b8060@group-3636E5E7603C, cid=3869, SUCCESS, logIndex=5471, commits[912a7d3b-e3f1-4985-b06b-5f0a929b8060:c5474]
2019-07-13 08:33:14,145 INFO  client.GrpcClientProtocolClient (GrpcClientProtocolClient.java:onNext(255)) - client-0616CB290F12->912a7d3b-e3f1-4985-b06b-5f0a929b8060: receive RaftClientReply:client-0616CB290F12->912a7d3b-e3f1-4985-b06b-5f0a929b8060@group-3636E5E7603C, cid=3870, SUCCESS, logIndex=5472, commits[912a7d3b-e3f1-4985-b06b-5f0a929b8060:c5474]
2019-07-13 08:33:14,145 INFO  client.GrpcClientProtocolClient (GrpcClientProtocolClient.java:onNext(255)) - client-0616CB290F12->912a7d3b-e3f1-4985-b06b-5f0a929b8060: receive RaftClientReply:client-0616CB290F12->912a7d3b-e3f1-4985-b06b-5f0a929b8060@group-3636E5E7603C, cid=3871, SUCCESS, logIndex=5473, commits[912a7d3b-e3f1-4985-b06b-5f0a929b8060:c5474]
2019-07-13 08:33:14,146 INFO  client.GrpcClientProtocolClient (GrpcClientProtocolClient.java:onNext(255)) - client-0616CB290F12->912a7d3b-e3f1-4985-b06b-5f0a929b8060: receive RaftClientReply:client-0616CB290F12->912a7d3b-e3f1-4985-b06b-5f0a929b8060@group-3636E5E7603C, cid=3872, SUCCESS, logIndex=5474, commits[912a7d3b-e3f1-4985-b06b-5f0a929b8060:c5474]
2019-07-13 08:33:14,181 INFO  client.GrpcClientProtocolClient (GrpcClientProtocolClient.java:onNext(255)) - client-0616CB290F12->912a7d3b-e3f1-4985-b06b-5f0a929b8060: receive RaftClientReply:client-0616CB290F12->912a7d3b-e3f1-4985-b06b-5f0a929b8060@group-3636E5E7603C, cid=3873, SUCCESS, logIndex=5476, commits[912a7d3b-e3f1-4985-b06b-5f0a929b8060:c5479]
2019-07-13 08:33:14,181 INFO  client.GrpcClientProtocolClient (GrpcClientProtocolClient.java:onNext(255)) - client-0616CB290F12->912a7d3b-e3f1-4985-b06b-5f0a929b8060: receive RaftClientReply:client-0616CB290F12->912a7d3b-e3f1-4985-b06b-5f0a929b8060@group-3636E5E7603C, cid=3874, SUCCESS, logIndex=5477, commits[912a7d3b-e3f1-4985-b06b-5f0a929b8060:c5480]
2019-07-13 08:33:14,181 INFO  client.GrpcClientProtocolClient (GrpcClientProtocolClient.java:onNext(255)) - client-0616CB290F12->912a7d3b-e3f1-4985-b06b-5f0a929b8060: receive RaftClientReply:client-0616CB290F12->912a7d3b-e3f1-4985-b06b-5f0a929b8060@group-3636E5E7603C, cid=3875, SUCCESS, logIndex=5478, commits[912a7d3b-e3f1-4985-b06b-5f0a929b8060:c5480]
2019-07-13 08:33:14,182 INFO  client.GrpcClientProtocolClient (GrpcClientProtocolClient.java:onNext(255)) - client-0616CB290F12->912a7d3b-e3f1-4985-b06b-5f0a929b8060: receive RaftClientReply:client-0616CB290F12->912a7d3b-e3f1-4985-b06b-5f0a929b8060@group-3636E5E7603C, cid=3876, SUCCESS, logIndex=5479, commits[912a7d3b-e3f1-4985-b06b-5f0a929b8060:c5480]
2019-07-13 08:33:14,204 INFO  client.GrpcClientProtocolClient (GrpcClientProtocolClient.java:onNext(255)) - client-0616CB290F12->912a7d3b-e3f1-4985-b06b-5f0a929b8060: receive RaftClientReply:client-0616CB290F12->912a7d3b-e3f1-4985-b06b-5f0a929b8060@group-3636E5E7603C, cid=3877, SUCCESS, logIndex=5481, commits[912a7d3b-e3f1-4985-b06b-5f0a929b8060:c5484]
2019-07-13 08:33:14,204 INFO  client.GrpcClientProtocolClient (GrpcClientProtocolClient.java:onNext(255)) - client-0616CB290F12->912a7d3b-e3f1-4985-b06b-5f0a929b8060: receive RaftClientReply:client-0616CB290F12->912a7d3b-e3f1-4985-b06b-5f0a929b8060@group-3636E5E7603C, cid=3878, SUCCESS, logIndex=5482, commits[912a7d3b-e3f1-4985-b06b-5f0a929b8060:c5485]
2019-07-13 08:33:14,204 INFO  client.GrpcClientProtocolClient (GrpcClientProtocolClient.java:onNext(255)) - client-0616CB290F12->912a7d3b-e3f1-4985-b06b-5f0a929b8060: receive RaftClientReply:client-0616CB290F12->912a7d3b-e3f1-4985-b06b-5f0a929b8060@group-3636E5E7603C, cid=3879, SUCCESS, logIndex=5483, commits[912a7d3b-e3f1-4985-b06b-5f0a929b8060:c5485]
2019-07-13 08:33:14,205 INFO  client.GrpcClientProtocolClient (GrpcClientProtocolClient.java:onNext(255)) - client-0616CB290F12->912a7d3b-e3f1-4985-b06b-5f0a929b8060: receive RaftClientReply:client-0616CB290F12->912a7d3b-e3f1-4985-b06b-5f0a929b8060@group-3636E5E7603C, cid=3880, SUCCESS, logIndex=5484, commits[912a7d3b-e3f1-4985-b06b-5f0a929b8060:c5485]
2019-07-13 08:33:14,230 DEBUG block.SCMBlockDeletingService (SCMBlockDeletingService.java:call(138)) - Running DeletedBlockTransactionScanner
2019-07-13 08:33:14,230 DEBUG block.SCMBlockDeletingService (SCMBlockDeletingService.java:call(155)) - Scanned deleted blocks log and got 0 delTX to process.
2019-07-13 08:33:14,236 INFO  client.GrpcClientProtocolClient (GrpcClientProtocolClient.java:onNext(255)) - client-0616CB290F12->912a7d3b-e3f1-4985-b06b-5f0a929b8060: receive RaftClientReply:client-0616CB290F12->912a7d3b-e3f1-4985-b06b-5f0a929b8060@group-3636E5E7603C, cid=3881, SUCCESS, logIndex=5486, commits[912a7d3b-e3f1-4985-b06b-5f0a929b8060:c5487]
2019-07-13 08:33:14,237 INFO  client.GrpcClientProtocolClient (GrpcClientProtocolClient.java:onNext(255)) - client-0616CB290F12->912a7d3b-e3f1-4985-b06b-5f0a929b8060: receive RaftClientReply:client-0616CB290F12->912a7d3b-e3f1-4985-b06b-5f0a929b8060@group-3636E5E7603C, cid=3882, SUCCESS, logIndex=5487, commits[912a7d3b-e3f1-4985-b06b-5f0a929b8060:c5487]
2019-07-13 08:33:14,238 INFO  client.GrpcClientProtocolClient (GrpcClientProtocolClient.java:onNext(255)) - client-0616CB290F12->912a7d3b-e3f1-4985-b06b-5f0a929b8060: receive RaftClientReply:client-0616CB290F12->912a7d3b-e3f1-4985-b06b-5f0a929b8060@group-3636E5E7603C, cid=3883, SUCCESS, logIndex=5488, commits[912a7d3b-e3f1-4985-b06b-5f0a929b8060:c5489]
2019-07-13 08:33:14,239 INFO  client.GrpcClientProtocolClient (GrpcClientProtocolClient.java:onNext(255)) - client-0616CB290F12->912a7d3b-e3f1-4985-b06b-5f0a929b8060: receive RaftClientReply:client-0616CB290F12->912a7d3b-e3f1-4985-b06b-5f0a929b8060@group-3636E5E7603C, cid=3884, SUCCESS, logIndex=5489, commits[912a7d3b-e3f1-4985-b06b-5f0a929b8060:c5489]
2019-07-13 08:33:14,250 INFO  client.GrpcClientProtocolClient (GrpcClientProtocolClient.java:onNext(255)) - client-0616CB290F12->912a7d3b-e3f1-4985-b06b-5f0a929b8060: receive RaftClientReply:client-0616CB290F12->912a7d3b-e3f1-4985-b06b-5f0a929b8060@group-3636E5E7603C, cid=3885, SUCCESS, logIndex=5492, commits[912a7d3b-e3f1-4985-b06b-5f0a929b8060:c5495]
2019-07-13 08:33:14,251 INFO  client.GrpcClientProtocolClient (GrpcClientProtocolClient.java:onNext(255)) - client-0616CB290F12->912a7d3b-e3f1-4985-b06b-5f0a929b8060: receive RaftClientReply:client-0616CB290F12->912a7d3b-e3f1-4985-b06b-5f0a929b8060@group-3636E5E7603C, cid=3886, SUCCESS, logIndex=5493, commits[912a7d3b-e3f1-4985-b06b-5f0a929b8060:c5496]
2019-07-13 08:33:14,251 INFO  client.GrpcClientProtocolClient (GrpcClientProtocolClient.java:onNext(255)) - client-0616CB290F12->912a7d3b-e3f1-4985-b06b-5f0a929b8060: receive RaftClientReply:client-0616CB290F12->912a7d3b-e3f1-4985-b06b-5f0a929b8060@group-3636E5E7603C, cid=3887, SUCCESS, logIndex=5494, commits[912a7d3b-e3f1-4985-b06b-5f0a929b8060:c5496]
2019-07-13 08:33:14,251 INFO  client.GrpcClientProtocolClient (GrpcClientProtocolClient.java:onNext(255)) - client-0616CB290F12->912a7d3b-e3f1-4985-b06b-5f0a929b8060: receive RaftClientReply:client-0616CB290F12->912a7d3b-e3f1-4985-b06b-5f0a929b8060@group-3636E5E7603C, cid=3888, SUCCESS, logIndex=5495, commits[912a7d3b-e3f1-4985-b06b-5f0a929b8060:c5496]
2019-07-13 08:33:14,289 INFO  client.GrpcClientProtocolClient (GrpcClientProtocolClient.java:onNext(255)) - client-0616CB290F12->912a7d3b-e3f1-4985-b06b-5f0a929b8060: receive RaftClientReply:client-0616CB290F12->912a7d3b-e3f1-4985-b06b-5f0a929b8060@group-3636E5E7603C, cid=3889, SUCCESS, logIndex=5497, commits[912a7d3b-e3f1-4985-b06b-5f0a929b8060:c5498]
2019-07-13 08:33:14,289 INFO  client.GrpcClientProtocolClient (GrpcClientProtocolClient.java:onNext(255)) - client-0616CB290F12->912a7d3b-e3f1-4985-b06b-5f0a929b8060: receive RaftClientReply:client-0616CB290F12->912a7d3b-e3f1-4985-b06b-5f0a929b8060@group-3636E5E7603C, cid=3890, SUCCESS, logIndex=5498, commits[912a7d3b-e3f1-4985-b06b-5f0a929b8060:c5499]
2019-07-13 08:33:14,330 DEBUG block.SCMBlockDeletingService (SCMBlockDeletingService.java:call(138)) - Running DeletedBlockTransactionScanner
2019-07-13 08:33:14,331 DEBUG block.SCMBlockDeletingService (SCMBlockDeletingService.java:call(155)) - Scanned deleted blocks log and got 0 delTX to process.
2019-07-13 08:33:14,402 INFO  client.GrpcClientProtocolClient (GrpcClientProtocolClient.java:onNext(255)) - client-0616CB290F12->912a7d3b-e3f1-4985-b06b-5f0a929b8060: receive RaftClientReply:client-0616CB290F12->912a7d3b-e3f1-4985-b06b-5f0a929b8060@group-3636E5E7603C, cid=3891, SUCCESS, logIndex=5500, commits[912a7d3b-e3f1-4985-b06b-5f0a929b8060:c5501]
2019-07-13 08:33:14,403 INFO  client.GrpcClientProtocolClient (GrpcClientProtocolClient.java:onNext(255)) - client-0616CB290F12->912a7d3b-e3f1-4985-b06b-5f0a929b8060: receive RaftClientReply:client-0616CB290F12->912a7d3b-e3f1-4985-b06b-5f0a929b8060@group-3636E5E7603C, cid=3892, SUCCESS, logIndex=5501, commits[912a7d3b-e3f1-4985-b06b-5f0a929b8060:c5501]
2019-07-13 08:33:14,424 INFO  client.GrpcClientProtocolClient (GrpcClientProtocolClient.java:onNext(255)) - client-0616CB290F12->912a7d3b-e3f1-4985-b06b-5f0a929b8060: receive RaftClientReply:client-0616CB290F12->912a7d3b-e3f1-4985-b06b-5f0a929b8060@group-3636E5E7603C, cid=3893, SUCCESS, logIndex=5503, commits[912a7d3b-e3f1-4985-b06b-5f0a929b8060:c5506]
2019-07-13 08:33:14,424 INFO  client.GrpcClientProtocolClient (GrpcClientProtocolClient.java:onNext(255)) - client-0616CB290F12->912a7d3b-e3f1-4985-b06b-5f0a929b8060: receive RaftClientReply:client-0616CB290F12->912a7d3b-e3f1-4985-b06b-5f0a929b8060@group-3636E5E7603C, cid=3894, SUCCESS, logIndex=5504, commits[912a7d3b-e3f1-4985-b06b-5f0a929b8060:c5507]
2019-07-13 08:33:14,425 INFO  client.GrpcClientProtocolClient (GrpcClientProtocolClient.java:onNext(255)) - client-0616CB290F12->912a7d3b-e3f1-4985-b06b-5f0a929b8060: receive RaftClientReply:client-0616CB290F12->912a7d3b-e3f1-4985-b06b-5f0a929b8060@group-3636E5E7603C, cid=3895, SUCCESS, logIndex=5505, commits[912a7d3b-e3f1-4985-b06b-5f0a929b8060:c5507]
2019-07-13 08:33:14,425 INFO  client.GrpcClientProtocolClient (GrpcClientProtocolClient.java:onNext(255)) - client-0616CB290F12->912a7d3b-e3f1-4985-b06b-5f0a929b8060: receive RaftClientReply:client-0616CB290F12->912a7d3b-e3f1-4985-b06b-5f0a929b8060@group-3636E5E7603C, cid=3896, SUCCESS, logIndex=5506, commits[912a7d3b-e3f1-4985-b06b-5f0a929b8060:c5507]
2019-07-13 08:33:14,431 DEBUG block.SCMBlockDeletingService (SCMBlockDeletingService.java:call(138)) - Running DeletedBlockTransactionScanner
2019-07-13 08:33:14,431 DEBUG block.SCMBlockDeletingService (SCMBlockDeletingService.java:call(155)) - Scanned deleted blocks log and got 0 delTX to process.
2019-07-13 08:33:14,459 INFO  client.GrpcClientProtocolClient (GrpcClientProtocolClient.java:onNext(255)) - client-0616CB290F12->912a7d3b-e3f1-4985-b06b-5f0a929b8060: receive RaftClientReply:client-0616CB290F12->912a7d3b-e3f1-4985-b06b-5f0a929b8060@group-3636E5E7603C, cid=3897, SUCCESS, logIndex=5508, commits[912a7d3b-e3f1-4985-b06b-5f0a929b8060:c5509]
2019-07-13 08:33:14,459 INFO  client.GrpcClientProtocolClient (GrpcClientProtocolClient.java:onNext(255)) - client-0616CB290F12->912a7d3b-e3f1-4985-b06b-5f0a929b8060: receive RaftClientReply:client-0616CB290F12->912a7d3b-e3f1-4985-b06b-5f0a929b8060@group-3636E5E7603C, cid=3898, SUCCESS, logIndex=5509, commits[912a7d3b-e3f1-4985-b06b-5f0a929b8060:c5509]
2019-07-13 08:33:14,461 INFO  client.GrpcClientProtocolClient (GrpcClientProtocolClient.java:onNext(255)) - client-0616CB290F12->912a7d3b-e3f1-4985-b06b-5f0a929b8060: receive RaftClientReply:client-0616CB290F12->912a7d3b-e3f1-4985-b06b-5f0a929b8060@group-3636E5E7603C, cid=3899, SUCCESS, logIndex=5510, commits[912a7d3b-e3f1-4985-b06b-5f0a929b8060:c5511]
2019-07-13 08:33:14,461 INFO  client.GrpcClientProtocolClient (GrpcClientProtocolClient.java:onNext(255)) - client-0616CB290F12->912a7d3b-e3f1-4985-b06b-5f0a929b8060: receive RaftClientReply:client-0616CB290F12->912a7d3b-e3f1-4985-b06b-5f0a929b8060@group-3636E5E7603C, cid=3900, SUCCESS, logIndex=5511, commits[912a7d3b-e3f1-4985-b06b-5f0a929b8060:c5511]
2019-07-13 08:33:14,481 INFO  client.GrpcClientProtocolClient (GrpcClientProtocolClient.java:onNext(255)) - client-0616CB290F12->912a7d3b-e3f1-4985-b06b-5f0a929b8060: receive RaftClientReply:client-0616CB290F12->912a7d3b-e3f1-4985-b06b-5f0a929b8060@group-3636E5E7603C, cid=3901, SUCCESS, logIndex=5514, commits[912a7d3b-e3f1-4985-b06b-5f0a929b8060:c5517]
2019-07-13 08:33:14,481 INFO  client.GrpcClientProtocolClient (GrpcClientProtocolClient.java:onNext(255)) - client-0616CB290F12->912a7d3b-e3f1-4985-b06b-5f0a929b8060: receive RaftClientReply:client-0616CB290F12->912a7d3b-e3f1-4985-b06b-5f0a929b8060@group-3636E5E7603C, cid=3902, SUCCESS, logIndex=5515, commits[912a7d3b-e3f1-4985-b06b-5f0a929b8060:c5518]
2019-07-13 08:33:14,482 INFO  client.GrpcClientProtocolClient (GrpcClientProtocolClient.java:onNext(255)) - client-0616CB290F12->912a7d3b-e3f1-4985-b06b-5f0a929b8060: receive RaftClientReply:client-0616CB290F12->912a7d3b-e3f1-4985-b06b-5f0a929b8060@group-3636E5E7603C, cid=3903, SUCCESS, logIndex=5516, commits[912a7d3b-e3f1-4985-b06b-5f0a929b8060:c5518]
2019-07-13 08:33:14,482 INFO  client.GrpcClientProtocolClient (GrpcClientProtocolClient.java:onNext(255)) - client-0616CB290F12->912a7d3b-e3f1-4985-b06b-5f0a929b8060: receive RaftClientReply:client-0616CB290F12->912a7d3b-e3f1-4985-b06b-5f0a929b8060@group-3636E5E7603C, cid=3904, SUCCESS, logIndex=5517, commits[912a7d3b-e3f1-4985-b06b-5f0a929b8060:c5518]
2019-07-13 08:33:14,517 INFO  client.GrpcClientProtocolClient (GrpcClientProtocolClient.java:onNext(255)) - client-0616CB290F12->912a7d3b-e3f1-4985-b06b-5f0a929b8060: receive RaftClientReply:client-0616CB290F12->912a7d3b-e3f1-4985-b06b-5f0a929b8060@group-3636E5E7603C, cid=3905, SUCCESS, logIndex=5519, commits[912a7d3b-e3f1-4985-b06b-5f0a929b8060:c5522]
2019-07-13 08:33:14,517 INFO  client.GrpcClientProtocolClient (GrpcClientProtocolClient.java:onNext(255)) - client-0616CB290F12->912a7d3b-e3f1-4985-b06b-5f0a929b8060: receive RaftClientReply:client-0616CB290F12->912a7d3b-e3f1-4985-b06b-5f0a929b8060@group-3636E5E7603C, cid=3906, SUCCESS, logIndex=5520, commits[912a7d3b-e3f1-4985-b06b-5f0a929b8060:c5523]
2019-07-13 08:33:14,518 INFO  client.GrpcClientProtocolClient (GrpcClientProtocolClient.java:onNext(255)) - client-0616CB290F12->912a7d3b-e3f1-4985-b06b-5f0a929b8060: receive RaftClientReply:client-0616CB290F12->912a7d3b-e3f1-4985-b06b-5f0a929b8060@group-3636E5E7603C, cid=3907, SUCCESS, logIndex=5521, commits[912a7d3b-e3f1-4985-b06b-5f0a929b8060:c5523]
2019-07-13 08:33:14,518 INFO  client.GrpcClientProtocolClient (GrpcClientProtocolClient.java:onNext(255)) - client-0616CB290F12->912a7d3b-e3f1-4985-b06b-5f0a929b8060: receive RaftClientReply:client-0616CB290F12->912a7d3b-e3f1-4985-b06b-5f0a929b8060@group-3636E5E7603C, cid=3908, SUCCESS, logIndex=5522, commits[912a7d3b-e3f1-4985-b06b-5f0a929b8060:c5523]
2019-07-13 08:33:14,532 DEBUG block.SCMBlockDeletingService (SCMBlockDeletingService.java:call(138)) - Running DeletedBlockTransactionScanner
2019-07-13 08:33:14,532 DEBUG block.SCMBlockDeletingService (SCMBlockDeletingService.java:call(155)) - Scanned deleted blocks log and got 0 delTX to process.
2019-07-13 08:33:14,539 INFO  client.GrpcClientProtocolClient (GrpcClientProtocolClient.java:onNext(255)) - client-0616CB290F12->912a7d3b-e3f1-4985-b06b-5f0a929b8060: receive RaftClientReply:client-0616CB290F12->912a7d3b-e3f1-4985-b06b-5f0a929b8060@group-3636E5E7603C, cid=3909, SUCCESS, logIndex=5524, commits[912a7d3b-e3f1-4985-b06b-5f0a929b8060:c5527]
2019-07-13 08:33:14,540 INFO  client.GrpcClientProtocolClient (GrpcClientProtocolClient.java:onNext(255)) - client-0616CB290F12->912a7d3b-e3f1-4985-b06b-5f0a929b8060: receive RaftClientReply:client-0616CB290F12->912a7d3b-e3f1-4985-b06b-5f0a929b8060@group-3636E5E7603C, cid=3910, SUCCESS, logIndex=5525, commits[912a7d3b-e3f1-4985-b06b-5f0a929b8060:c5528]
2019-07-13 08:33:14,540 INFO  client.GrpcClientProtocolClient (GrpcClientProtocolClient.java:onNext(255)) - client-0616CB290F12->912a7d3b-e3f1-4985-b06b-5f0a929b8060: receive RaftClientReply:client-0616CB290F12->912a7d3b-e3f1-4985-b06b-5f0a929b8060@group-3636E5E7603C, cid=3911, SUCCESS, logIndex=5526, commits[912a7d3b-e3f1-4985-b06b-5f0a929b8060:c5528]
2019-07-13 08:33:14,540 INFO  client.GrpcClientProtocolClient (GrpcClientProtocolClient.java:onNext(255)) - client-0616CB290F12->912a7d3b-e3f1-4985-b06b-5f0a929b8060: receive RaftClientReply:client-0616CB290F12->912a7d3b-e3f1-4985-b06b-5f0a929b8060@group-3636E5E7603C, cid=3912, SUCCESS, logIndex=5527, commits[912a7d3b-e3f1-4985-b06b-5f0a929b8060:c5528]
2019-07-13 08:33:14,576 INFO  client.GrpcClientProtocolClient (GrpcClientProtocolClient.java:onNext(255)) - client-0616CB290F12->912a7d3b-e3f1-4985-b06b-5f0a929b8060: receive RaftClientReply:client-0616CB290F12->912a7d3b-e3f1-4985-b06b-5f0a929b8060@group-3636E5E7603C, cid=3913, SUCCESS, logIndex=5529, commits[912a7d3b-e3f1-4985-b06b-5f0a929b8060:c5532]
2019-07-13 08:33:14,577 INFO  client.GrpcClientProtocolClient (GrpcClientProtocolClient.java:onNext(255)) - client-0616CB290F12->912a7d3b-e3f1-4985-b06b-5f0a929b8060: receive RaftClientReply:client-0616CB290F12->912a7d3b-e3f1-4985-b06b-5f0a929b8060@group-3636E5E7603C, cid=3914, SUCCESS, logIndex=5530, commits[912a7d3b-e3f1-4985-b06b-5f0a929b8060:c5533]
2019-07-13 08:33:14,577 INFO  client.GrpcClientProtocolClient (GrpcClientProtocolClient.java:onNext(255)) - client-0616CB290F12->912a7d3b-e3f1-4985-b06b-5f0a929b8060: receive RaftClientReply:client-0616CB290F12->912a7d3b-e3f1-4985-b06b-5f0a929b8060@group-3636E5E7603C, cid=3915, SUCCESS, logIndex=5531, commits[912a7d3b-e3f1-4985-b06b-5f0a929b8060:c5533]
2019-07-13 08:33:14,577 INFO  client.GrpcClientProtocolClient (GrpcClientProtocolClient.java:onNext(255)) - client-0616CB290F12->912a7d3b-e3f1-4985-b06b-5f0a929b8060: receive RaftClientReply:client-0616CB290F12->912a7d3b-e3f1-4985-b06b-5f0a929b8060@group-3636E5E7603C, cid=3916, SUCCESS, logIndex=5532, commits[912a7d3b-e3f1-4985-b06b-5f0a929b8060:c5533]
2019-07-13 08:33:14,597 INFO  client.GrpcClientProtocolClient (GrpcClientProtocolClient.java:onNext(255)) - client-0616CB290F12->912a7d3b-e3f1-4985-b06b-5f0a929b8060: receive RaftClientReply:client-0616CB290F12->912a7d3b-e3f1-4985-b06b-5f0a929b8060@group-3636E5E7603C, cid=3917, SUCCESS, logIndex=5534, commits[912a7d3b-e3f1-4985-b06b-5f0a929b8060:c5535]
2019-07-13 08:33:14,597 INFO  client.GrpcClientProtocolClient (GrpcClientProtocolClient.java:onNext(255)) - client-0616CB290F12->912a7d3b-e3f1-4985-b06b-5f0a929b8060: receive RaftClientReply:client-0616CB290F12->912a7d3b-e3f1-4985-b06b-5f0a929b8060@group-3636E5E7603C, cid=3918, SUCCESS, logIndex=5535, commits[912a7d3b-e3f1-4985-b06b-5f0a929b8060:c5535]
2019-07-13 08:33:14,599 INFO  client.GrpcClientProtocolClient (GrpcClientProtocolClient.java:onNext(255)) - client-0616CB290F12->912a7d3b-e3f1-4985-b06b-5f0a929b8060: receive RaftClientReply:client-0616CB290F12->912a7d3b-e3f1-4985-b06b-5f0a929b8060@group-3636E5E7603C, cid=3919, SUCCESS, logIndex=5536, commits[912a7d3b-e3f1-4985-b06b-5f0a929b8060:c5537]
2019-07-13 08:33:14,599 INFO  client.GrpcClientProtocolClient (GrpcClientProtocolClient.java:onNext(255)) - client-0616CB290F12->912a7d3b-e3f1-4985-b06b-5f0a929b8060: receive RaftClientReply:client-0616CB290F12->912a7d3b-e3f1-4985-b06b-5f0a929b8060@group-3636E5E7603C, cid=3920, SUCCESS, logIndex=5537, commits[912a7d3b-e3f1-4985-b06b-5f0a929b8060:c5537]
2019-07-13 08:33:14,632 DEBUG block.SCMBlockDeletingService (SCMBlockDeletingService.java:call(138)) - Running DeletedBlockTransactionScanner
2019-07-13 08:33:14,633 DEBUG block.SCMBlockDeletingService (SCMBlockDeletingService.java:call(155)) - Scanned deleted blocks log and got 0 delTX to process.
2019-07-13 08:33:14,634 INFO  client.GrpcClientProtocolClient (GrpcClientProtocolClient.java:onNext(255)) - client-0616CB290F12->912a7d3b-e3f1-4985-b06b-5f0a929b8060: receive RaftClientReply:client-0616CB290F12->912a7d3b-e3f1-4985-b06b-5f0a929b8060@group-3636E5E7603C, cid=3921, SUCCESS, logIndex=5540, commits[912a7d3b-e3f1-4985-b06b-5f0a929b8060:c5543]
2019-07-13 08:33:14,635 INFO  client.GrpcClientProtocolClient (GrpcClientProtocolClient.java:onNext(255)) - client-0616CB290F12->912a7d3b-e3f1-4985-b06b-5f0a929b8060: receive RaftClientReply:client-0616CB290F12->912a7d3b-e3f1-4985-b06b-5f0a929b8060@group-3636E5E7603C, cid=3922, SUCCESS, logIndex=5541, commits[912a7d3b-e3f1-4985-b06b-5f0a929b8060:c5544]
2019-07-13 08:33:14,635 INFO  client.GrpcClientProtocolClient (GrpcClientProtocolClient.java:onNext(255)) - client-0616CB290F12->912a7d3b-e3f1-4985-b06b-5f0a929b8060: receive RaftClientReply:client-0616CB290F12->912a7d3b-e3f1-4985-b06b-5f0a929b8060@group-3636E5E7603C, cid=3923, SUCCESS, logIndex=5542, commits[912a7d3b-e3f1-4985-b06b-5f0a929b8060:c5544]
2019-07-13 08:33:14,635 INFO  client.GrpcClientProtocolClient (GrpcClientProtocolClient.java:onNext(255)) - client-0616CB290F12->912a7d3b-e3f1-4985-b06b-5f0a929b8060: receive RaftClientReply:client-0616CB290F12->912a7d3b-e3f1-4985-b06b-5f0a929b8060@group-3636E5E7603C, cid=3924, SUCCESS, logIndex=5543, commits[912a7d3b-e3f1-4985-b06b-5f0a929b8060:c5544]
2019-07-13 08:33:14,659 INFO  client.GrpcClientProtocolClient (GrpcClientProtocolClient.java:onNext(255)) - client-0616CB290F12->912a7d3b-e3f1-4985-b06b-5f0a929b8060: receive RaftClientReply:client-0616CB290F12->912a7d3b-e3f1-4985-b06b-5f0a929b8060@group-3636E5E7603C, cid=3925, SUCCESS, logIndex=5545, commits[912a7d3b-e3f1-4985-b06b-5f0a929b8060:c5548]
2019-07-13 08:33:14,659 INFO  client.GrpcClientProtocolClient (GrpcClientProtocolClient.java:onNext(255)) - client-0616CB290F12->912a7d3b-e3f1-4985-b06b-5f0a929b8060: receive RaftClientReply:client-0616CB290F12->912a7d3b-e3f1-4985-b06b-5f0a929b8060@group-3636E5E7603C, cid=3926, SUCCESS, logIndex=5546, commits[912a7d3b-e3f1-4985-b06b-5f0a929b8060:c5549]
2019-07-13 08:33:14,660 INFO  client.GrpcClientProtocolClient (GrpcClientProtocolClient.java:onNext(255)) - client-0616CB290F12->912a7d3b-e3f1-4985-b06b-5f0a929b8060: receive RaftClientReply:client-0616CB290F12->912a7d3b-e3f1-4985-b06b-5f0a929b8060@group-3636E5E7603C, cid=3927, SUCCESS, logIndex=5547, commits[912a7d3b-e3f1-4985-b06b-5f0a929b8060:c5549]
2019-07-13 08:33:14,660 INFO  client.GrpcClientProtocolClient (GrpcClientProtocolClient.java:onNext(255)) - client-0616CB290F12->912a7d3b-e3f1-4985-b06b-5f0a929b8060: receive RaftClientReply:client-0616CB290F12->912a7d3b-e3f1-4985-b06b-5f0a929b8060@group-3636E5E7603C, cid=3928, SUCCESS, logIndex=5548, commits[912a7d3b-e3f1-4985-b06b-5f0a929b8060:c5549]
2019-07-13 08:33:14,742 DEBUG block.SCMBlockDeletingService (SCMBlockDeletingService.java:call(138)) - Running DeletedBlockTransactionScanner
2019-07-13 08:33:14,742 DEBUG block.SCMBlockDeletingService (SCMBlockDeletingService.java:call(155)) - Scanned deleted blocks log and got 0 delTX to process.
2019-07-13 08:33:14,775 INFO  client.GrpcClientProtocolClient (GrpcClientProtocolClient.java:onNext(255)) - client-0616CB290F12->912a7d3b-e3f1-4985-b06b-5f0a929b8060: receive RaftClientReply:client-0616CB290F12->912a7d3b-e3f1-4985-b06b-5f0a929b8060@group-3636E5E7603C, cid=3929, SUCCESS, logIndex=5550, commits[912a7d3b-e3f1-4985-b06b-5f0a929b8060:c5553]
2019-07-13 08:33:14,776 INFO  client.GrpcClientProtocolClient (GrpcClientProtocolClient.java:onNext(255)) - client-0616CB290F12->912a7d3b-e3f1-4985-b06b-5f0a929b8060: receive RaftClientReply:client-0616CB290F12->912a7d3b-e3f1-4985-b06b-5f0a929b8060@group-3636E5E7603C, cid=3930, SUCCESS, logIndex=5551, commits[912a7d3b-e3f1-4985-b06b-5f0a929b8060:c5554]
2019-07-13 08:33:14,776 INFO  client.GrpcClientProtocolClient (GrpcClientProtocolClient.java:onNext(255)) - client-0616CB290F12->912a7d3b-e3f1-4985-b06b-5f0a929b8060: receive RaftClientReply:client-0616CB290F12->912a7d3b-e3f1-4985-b06b-5f0a929b8060@group-3636E5E7603C, cid=3931, SUCCESS, logIndex=5552, commits[912a7d3b-e3f1-4985-b06b-5f0a929b8060:c5554]
2019-07-13 08:33:14,777 INFO  client.GrpcClientProtocolClient (GrpcClientProtocolClient.java:onNext(255)) - client-0616CB290F12->912a7d3b-e3f1-4985-b06b-5f0a929b8060: receive RaftClientReply:client-0616CB290F12->912a7d3b-e3f1-4985-b06b-5f0a929b8060@group-3636E5E7603C, cid=3932, SUCCESS, logIndex=5553, commits[912a7d3b-e3f1-4985-b06b-5f0a929b8060:c5554]
2019-07-13 08:33:14,803 INFO  client.GrpcClientProtocolClient (GrpcClientProtocolClient.java:onNext(255)) - client-0616CB290F12->912a7d3b-e3f1-4985-b06b-5f0a929b8060: receive RaftClientReply:client-0616CB290F12->912a7d3b-e3f1-4985-b06b-5f0a929b8060@group-3636E5E7603C, cid=3933, SUCCESS, logIndex=5555, commits[912a7d3b-e3f1-4985-b06b-5f0a929b8060:c5556]
2019-07-13 08:33:14,803 INFO  client.GrpcClientProtocolClient (GrpcClientProtocolClient.java:onNext(255)) - client-0616CB290F12->912a7d3b-e3f1-4985-b06b-5f0a929b8060: receive RaftClientReply:client-0616CB290F12->912a7d3b-e3f1-4985-b06b-5f0a929b8060@group-3636E5E7603C, cid=3934, SUCCESS, logIndex=5556, commits[912a7d3b-e3f1-4985-b06b-5f0a929b8060:c5556]
2019-07-13 08:33:14,842 DEBUG block.SCMBlockDeletingService (SCMBlockDeletingService.java:call(138)) - Running DeletedBlockTransactionScanner
2019-07-13 08:33:14,843 DEBUG block.SCMBlockDeletingService (SCMBlockDeletingService.java:call(155)) - Scanned deleted blocks log and got 0 delTX to process.
2019-07-13 08:33:14,910 INFO  client.GrpcClientProtocolClient (GrpcClientProtocolClient.java:onNext(255)) - client-0616CB290F12->912a7d3b-e3f1-4985-b06b-5f0a929b8060: receive RaftClientReply:client-0616CB290F12->912a7d3b-e3f1-4985-b06b-5f0a929b8060@group-3636E5E7603C, cid=3935, SUCCESS, logIndex=5558, commits[912a7d3b-e3f1-4985-b06b-5f0a929b8060:c5559]
2019-07-13 08:33:14,910 INFO  client.GrpcClientProtocolClient (GrpcClientProtocolClient.java:onNext(255)) - client-0616CB290F12->912a7d3b-e3f1-4985-b06b-5f0a929b8060: receive RaftClientReply:client-0616CB290F12->912a7d3b-e3f1-4985-b06b-5f0a929b8060@group-3636E5E7603C, cid=3936, SUCCESS, logIndex=5559, commits[912a7d3b-e3f1-4985-b06b-5f0a929b8060:c5560]
2019-07-13 08:33:14,943 DEBUG block.SCMBlockDeletingService (SCMBlockDeletingService.java:call(138)) - Running DeletedBlockTransactionScanner
2019-07-13 08:33:14,943 DEBUG block.SCMBlockDeletingService (SCMBlockDeletingService.java:call(155)) - Scanned deleted blocks log and got 0 delTX to process.
2019-07-13 08:33:14,943 INFO  client.GrpcClientProtocolClient (GrpcClientProtocolClient.java:onNext(255)) - client-0616CB290F12->912a7d3b-e3f1-4985-b06b-5f0a929b8060: receive RaftClientReply:client-0616CB290F12->912a7d3b-e3f1-4985-b06b-5f0a929b8060@group-3636E5E7603C, cid=3937, SUCCESS, logIndex=5561, commits[912a7d3b-e3f1-4985-b06b-5f0a929b8060:c5564]
2019-07-13 08:33:14,944 INFO  client.GrpcClientProtocolClient (GrpcClientProtocolClient.java:onNext(255)) - client-0616CB290F12->912a7d3b-e3f1-4985-b06b-5f0a929b8060: receive RaftClientReply:client-0616CB290F12->912a7d3b-e3f1-4985-b06b-5f0a929b8060@group-3636E5E7603C, cid=3938, SUCCESS, logIndex=5562, commits[912a7d3b-e3f1-4985-b06b-5f0a929b8060:c5565]
2019-07-13 08:33:14,944 INFO  client.GrpcClientProtocolClient (GrpcClientProtocolClient.java:onNext(255)) - client-0616CB290F12->912a7d3b-e3f1-4985-b06b-5f0a929b8060: receive RaftClientReply:client-0616CB290F12->912a7d3b-e3f1-4985-b06b-5f0a929b8060@group-3636E5E7603C, cid=3939, SUCCESS, logIndex=5563, commits[912a7d3b-e3f1-4985-b06b-5f0a929b8060:c5565]
2019-07-13 08:33:14,945 INFO  client.GrpcClientProtocolClient (GrpcClientProtocolClient.java:onNext(255)) - client-0616CB290F12->912a7d3b-e3f1-4985-b06b-5f0a929b8060: receive RaftClientReply:client-0616CB290F12->912a7d3b-e3f1-4985-b06b-5f0a929b8060@group-3636E5E7603C, cid=3940, SUCCESS, logIndex=5564, commits[912a7d3b-e3f1-4985-b06b-5f0a929b8060:c5565]
2019-07-13 08:33:14,967 INFO  client.GrpcClientProtocolClient (GrpcClientProtocolClient.java:onNext(255)) - client-0616CB290F12->912a7d3b-e3f1-4985-b06b-5f0a929b8060: receive RaftClientReply:client-0616CB290F12->912a7d3b-e3f1-4985-b06b-5f0a929b8060@group-3636E5E7603C, cid=3941, SUCCESS, logIndex=5566, commits[912a7d3b-e3f1-4985-b06b-5f0a929b8060:c5569]
2019-07-13 08:33:14,967 INFO  client.GrpcClientProtocolClient (GrpcClientProtocolClient.java:onNext(255)) - client-0616CB290F12->912a7d3b-e3f1-4985-b06b-5f0a929b8060: receive RaftClientReply:client-0616CB290F12->912a7d3b-e3f1-4985-b06b-5f0a929b8060@group-3636E5E7603C, cid=3942, SUCCESS, logIndex=5567, commits[912a7d3b-e3f1-4985-b06b-5f0a929b8060:c5570]
2019-07-13 08:33:14,968 INFO  client.GrpcClientProtocolClient (GrpcClientProtocolClient.java:onNext(255)) - client-0616CB290F12->912a7d3b-e3f1-4985-b06b-5f0a929b8060: receive RaftClientReply:client-0616CB290F12->912a7d3b-e3f1-4985-b06b-5f0a929b8060@group-3636E5E7603C, cid=3943, SUCCESS, logIndex=5568, commits[912a7d3b-e3f1-4985-b06b-5f0a929b8060:c5570]
2019-07-13 08:33:14,968 INFO  client.GrpcClientProtocolClient (GrpcClientProtocolClient.java:onNext(255)) - client-0616CB290F12->912a7d3b-e3f1-4985-b06b-5f0a929b8060: receive RaftClientReply:client-0616CB290F12->912a7d3b-e3f1-4985-b06b-5f0a929b8060@group-3636E5E7603C, cid=3944, SUCCESS, logIndex=5569, commits[912a7d3b-e3f1-4985-b06b-5f0a929b8060:c5570]
2019-07-13 08:33:15,001 INFO  client.GrpcClientProtocolClient (GrpcClientProtocolClient.java:onNext(255)) - client-0616CB290F12->912a7d3b-e3f1-4985-b06b-5f0a929b8060: receive RaftClientReply:client-0616CB290F12->912a7d3b-e3f1-4985-b06b-5f0a929b8060@group-3636E5E7603C, cid=3945, SUCCESS, logIndex=5571, commits[912a7d3b-e3f1-4985-b06b-5f0a929b8060:c5572]
2019-07-13 08:33:15,002 INFO  client.GrpcClientProtocolClient (GrpcClientProtocolClient.java:onNext(255)) - client-0616CB290F12->912a7d3b-e3f1-4985-b06b-5f0a929b8060: receive RaftClientReply:client-0616CB290F12->912a7d3b-e3f1-4985-b06b-5f0a929b8060@group-3636E5E7603C, cid=3946, SUCCESS, logIndex=5572, commits[912a7d3b-e3f1-4985-b06b-5f0a929b8060:c5572]
2019-07-13 08:33:15,003 INFO  client.GrpcClientProtocolClient (GrpcClientProtocolClient.java:onNext(255)) - client-0616CB290F12->912a7d3b-e3f1-4985-b06b-5f0a929b8060: receive RaftClientReply:client-0616CB290F12->912a7d3b-e3f1-4985-b06b-5f0a929b8060@group-3636E5E7603C, cid=3947, SUCCESS, logIndex=5573, commits[912a7d3b-e3f1-4985-b06b-5f0a929b8060:c5574]
2019-07-13 08:33:15,003 INFO  client.GrpcClientProtocolClient (GrpcClientProtocolClient.java:onNext(255)) - client-0616CB290F12->912a7d3b-e3f1-4985-b06b-5f0a929b8060: receive RaftClientReply:client-0616CB290F12->912a7d3b-e3f1-4985-b06b-5f0a929b8060@group-3636E5E7603C, cid=3948, SUCCESS, logIndex=5574, commits[912a7d3b-e3f1-4985-b06b-5f0a929b8060:c5574]
2019-07-13 08:33:15,027 INFO  client.GrpcClientProtocolClient (GrpcClientProtocolClient.java:onNext(255)) - client-0616CB290F12->912a7d3b-e3f1-4985-b06b-5f0a929b8060: receive RaftClientReply:client-0616CB290F12->912a7d3b-e3f1-4985-b06b-5f0a929b8060@group-3636E5E7603C, cid=3949, SUCCESS, logIndex=5577, commits[912a7d3b-e3f1-4985-b06b-5f0a929b8060:c5580]
2019-07-13 08:33:15,027 INFO  client.GrpcClientProtocolClient (GrpcClientProtocolClient.java:onNext(255)) - client-0616CB290F12->912a7d3b-e3f1-4985-b06b-5f0a929b8060: receive RaftClientReply:client-0616CB290F12->912a7d3b-e3f1-4985-b06b-5f0a929b8060@group-3636E5E7603C, cid=3950, SUCCESS, logIndex=5578, commits[912a7d3b-e3f1-4985-b06b-5f0a929b8060:c5581]
2019-07-13 08:33:15,028 INFO  client.GrpcClientProtocolClient (GrpcClientProtocolClient.java:onNext(255)) - client-0616CB290F12->912a7d3b-e3f1-4985-b06b-5f0a929b8060: receive RaftClientReply:client-0616CB290F12->912a7d3b-e3f1-4985-b06b-5f0a929b8060@group-3636E5E7603C, cid=3951, SUCCESS, logIndex=5579, commits[912a7d3b-e3f1-4985-b06b-5f0a929b8060:c5581]
2019-07-13 08:33:15,028 INFO  client.GrpcClientProtocolClient (GrpcClientProtocolClient.java:onNext(255)) - client-0616CB290F12->912a7d3b-e3f1-4985-b06b-5f0a929b8060: receive RaftClientReply:client-0616CB290F12->912a7d3b-e3f1-4985-b06b-5f0a929b8060@group-3636E5E7603C, cid=3952, SUCCESS, logIndex=5580, commits[912a7d3b-e3f1-4985-b06b-5f0a929b8060:c5581]
2019-07-13 08:33:15,044 DEBUG block.SCMBlockDeletingService (SCMBlockDeletingService.java:call(138)) - Running DeletedBlockTransactionScanner
2019-07-13 08:33:15,044 DEBUG block.SCMBlockDeletingService (SCMBlockDeletingService.java:call(155)) - Scanned deleted blocks log and got 0 delTX to process.
2019-07-13 08:33:15,065 INFO  client.GrpcClientProtocolClient (GrpcClientProtocolClient.java:onNext(255)) - client-0616CB290F12->912a7d3b-e3f1-4985-b06b-5f0a929b8060: receive RaftClientReply:client-0616CB290F12->912a7d3b-e3f1-4985-b06b-5f0a929b8060@group-3636E5E7603C, cid=3953, SUCCESS, logIndex=5582, commits[912a7d3b-e3f1-4985-b06b-5f0a929b8060:c5585]
2019-07-13 08:33:15,065 INFO  client.GrpcClientProtocolClient (GrpcClientProtocolClient.java:onNext(255)) - client-0616CB290F12->912a7d3b-e3f1-4985-b06b-5f0a929b8060: receive RaftClientReply:client-0616CB290F12->912a7d3b-e3f1-4985-b06b-5f0a929b8060@group-3636E5E7603C, cid=3954, SUCCESS, logIndex=5583, commits[912a7d3b-e3f1-4985-b06b-5f0a929b8060:c5586]
2019-07-13 08:33:15,066 INFO  client.GrpcClientProtocolClient (GrpcClientProtocolClient.java:onNext(255)) - client-0616CB290F12->912a7d3b-e3f1-4985-b06b-5f0a929b8060: receive RaftClientReply:client-0616CB290F12->912a7d3b-e3f1-4985-b06b-5f0a929b8060@group-3636E5E7603C, cid=3955, SUCCESS, logIndex=5584, commits[912a7d3b-e3f1-4985-b06b-5f0a929b8060:c5586]
2019-07-13 08:33:15,066 INFO  client.GrpcClientProtocolClient (GrpcClientProtocolClient.java:onNext(255)) - client-0616CB290F12->912a7d3b-e3f1-4985-b06b-5f0a929b8060: receive RaftClientReply:client-0616CB290F12->912a7d3b-e3f1-4985-b06b-5f0a929b8060@group-3636E5E7603C, cid=3956, SUCCESS, logIndex=5585, commits[912a7d3b-e3f1-4985-b06b-5f0a929b8060:c5586]
2019-07-13 08:33:15,090 INFO  client.GrpcClientProtocolClient (GrpcClientProtocolClient.java:onNext(255)) - client-0616CB290F12->912a7d3b-e3f1-4985-b06b-5f0a929b8060: receive RaftClientReply:client-0616CB290F12->912a7d3b-e3f1-4985-b06b-5f0a929b8060@group-3636E5E7603C, cid=3957, SUCCESS, logIndex=5587, commits[912a7d3b-e3f1-4985-b06b-5f0a929b8060:c5590]
2019-07-13 08:33:15,090 INFO  client.GrpcClientProtocolClient (GrpcClientProtocolClient.java:onNext(255)) - client-0616CB290F12->912a7d3b-e3f1-4985-b06b-5f0a929b8060: receive RaftClientReply:client-0616CB290F12->912a7d3b-e3f1-4985-b06b-5f0a929b8060@group-3636E5E7603C, cid=3958, SUCCESS, logIndex=5588, commits[912a7d3b-e3f1-4985-b06b-5f0a929b8060:c5591]
2019-07-13 08:33:15,091 INFO  client.GrpcClientProtocolClient (GrpcClientProtocolClient.java:onNext(255)) - client-0616CB290F12->912a7d3b-e3f1-4985-b06b-5f0a929b8060: receive RaftClientReply:client-0616CB290F12->912a7d3b-e3f1-4985-b06b-5f0a929b8060@group-3636E5E7603C, cid=3959, SUCCESS, logIndex=5589, commits[912a7d3b-e3f1-4985-b06b-5f0a929b8060:c5591]
2019-07-13 08:33:15,091 INFO  client.GrpcClientProtocolClient (GrpcClientProtocolClient.java:onNext(255)) - client-0616CB290F12->912a7d3b-e3f1-4985-b06b-5f0a929b8060: receive RaftClientReply:client-0616CB290F12->912a7d3b-e3f1-4985-b06b-5f0a929b8060@group-3636E5E7603C, cid=3960, SUCCESS, logIndex=5590, commits[912a7d3b-e3f1-4985-b06b-5f0a929b8060:c5591]
2019-07-13 08:33:15,127 INFO  client.GrpcClientProtocolClient (GrpcClientProtocolClient.java:onNext(255)) - client-0616CB290F12->912a7d3b-e3f1-4985-b06b-5f0a929b8060: receive RaftClientReply:client-0616CB290F12->912a7d3b-e3f1-4985-b06b-5f0a929b8060@group-3636E5E7603C, cid=3961, SUCCESS, logIndex=5592, commits[912a7d3b-e3f1-4985-b06b-5f0a929b8060:c5595]
2019-07-13 08:33:15,127 INFO  client.GrpcClientProtocolClient (GrpcClientProtocolClient.java:onNext(255)) - client-0616CB290F12->912a7d3b-e3f1-4985-b06b-5f0a929b8060: receive RaftClientReply:client-0616CB290F12->912a7d3b-e3f1-4985-b06b-5f0a929b8060@group-3636E5E7603C, cid=3962, SUCCESS, logIndex=5593, commits[912a7d3b-e3f1-4985-b06b-5f0a929b8060:c5596]
2019-07-13 08:33:15,128 INFO  client.GrpcClientProtocolClient (GrpcClientProtocolClient.java:onNext(255)) - client-0616CB290F12->912a7d3b-e3f1-4985-b06b-5f0a929b8060: receive RaftClientReply:client-0616CB290F12->912a7d3b-e3f1-4985-b06b-5f0a929b8060@group-3636E5E7603C, cid=3963, SUCCESS, logIndex=5594, commits[912a7d3b-e3f1-4985-b06b-5f0a929b8060:c5596]
2019-07-13 08:33:15,128 INFO  client.GrpcClientProtocolClient (GrpcClientProtocolClient.java:onNext(255)) - client-0616CB290F12->912a7d3b-e3f1-4985-b06b-5f0a929b8060: receive RaftClientReply:client-0616CB290F12->912a7d3b-e3f1-4985-b06b-5f0a929b8060@group-3636E5E7603C, cid=3964, SUCCESS, logIndex=5595, commits[912a7d3b-e3f1-4985-b06b-5f0a929b8060:c5596]
2019-07-13 08:33:15,144 DEBUG block.SCMBlockDeletingService (SCMBlockDeletingService.java:call(138)) - Running DeletedBlockTransactionScanner
2019-07-13 08:33:15,145 DEBUG block.SCMBlockDeletingService (SCMBlockDeletingService.java:call(155)) - Scanned deleted blocks log and got 0 delTX to process.
2019-07-13 08:33:15,149 INFO  client.GrpcClientProtocolClient (GrpcClientProtocolClient.java:onNext(255)) - client-0616CB290F12->912a7d3b-e3f1-4985-b06b-5f0a929b8060: receive RaftClientReply:client-0616CB290F12->912a7d3b-e3f1-4985-b06b-5f0a929b8060@group-3636E5E7603C, cid=3965, SUCCESS, logIndex=5597, commits[912a7d3b-e3f1-4985-b06b-5f0a929b8060:c5598]
2019-07-13 08:33:15,149 INFO  client.GrpcClientProtocolClient (GrpcClientProtocolClient.java:onNext(255)) - client-0616CB290F12->912a7d3b-e3f1-4985-b06b-5f0a929b8060: receive RaftClientReply:client-0616CB290F12->912a7d3b-e3f1-4985-b06b-5f0a929b8060@group-3636E5E7603C, cid=3966, SUCCESS, logIndex=5598, commits[912a7d3b-e3f1-4985-b06b-5f0a929b8060:c5598]
2019-07-13 08:33:15,151 INFO  client.GrpcClientProtocolClient (GrpcClientProtocolClient.java:onNext(255)) - client-0616CB290F12->912a7d3b-e3f1-4985-b06b-5f0a929b8060: receive RaftClientReply:client-0616CB290F12->912a7d3b-e3f1-4985-b06b-5f0a929b8060@group-3636E5E7603C, cid=3967, SUCCESS, logIndex=5599, commits[912a7d3b-e3f1-4985-b06b-5f0a929b8060:c5600]
2019-07-13 08:33:15,151 INFO  client.GrpcClientProtocolClient (GrpcClientProtocolClient.java:onNext(255)) - client-0616CB290F12->912a7d3b-e3f1-4985-b06b-5f0a929b8060: receive RaftClientReply:client-0616CB290F12->912a7d3b-e3f1-4985-b06b-5f0a929b8060@group-3636E5E7603C, cid=3968, SUCCESS, logIndex=5600, commits[912a7d3b-e3f1-4985-b06b-5f0a929b8060:c5600]
2019-07-13 08:33:15,192 INFO  client.GrpcClientProtocolClient (GrpcClientProtocolClient.java:onNext(255)) - client-0616CB290F12->912a7d3b-e3f1-4985-b06b-5f0a929b8060: receive RaftClientReply:client-0616CB290F12->912a7d3b-e3f1-4985-b06b-5f0a929b8060@group-3636E5E7603C, cid=3969, SUCCESS, logIndex=5603, commits[912a7d3b-e3f1-4985-b06b-5f0a929b8060:c5604]
2019-07-13 08:33:15,193 INFO  client.GrpcClientProtocolClient (GrpcClientProtocolClient.java:onNext(255)) - client-0616CB290F12->912a7d3b-e3f1-4985-b06b-5f0a929b8060: receive RaftClientReply:client-0616CB290F12->912a7d3b-e3f1-4985-b06b-5f0a929b8060@group-3636E5E7603C, cid=3970, SUCCESS, logIndex=5604, commits[912a7d3b-e3f1-4985-b06b-5f0a929b8060:c5606]
2019-07-13 08:33:15,193 INFO  client.GrpcClientProtocolClient (GrpcClientProtocolClient.java:onNext(255)) - client-0616CB290F12->912a7d3b-e3f1-4985-b06b-5f0a929b8060: receive RaftClientReply:client-0616CB290F12->912a7d3b-e3f1-4985-b06b-5f0a929b8060@group-3636E5E7603C, cid=3971, SUCCESS, logIndex=5605, commits[912a7d3b-e3f1-4985-b06b-5f0a929b8060:c5606]
2019-07-13 08:33:15,194 INFO  client.GrpcClientProtocolClient (GrpcClientProtocolClient.java:onNext(255)) - client-0616CB290F12->912a7d3b-e3f1-4985-b06b-5f0a929b8060: receive RaftClientReply:client-0616CB290F12->912a7d3b-e3f1-4985-b06b-5f0a929b8060@group-3636E5E7603C, cid=3972, SUCCESS, logIndex=5606, commits[912a7d3b-e3f1-4985-b06b-5f0a929b8060:c5607]
2019-07-13 08:33:15,214 INFO  client.GrpcClientProtocolClient (GrpcClientProtocolClient.java:onNext(255)) - client-0616CB290F12->912a7d3b-e3f1-4985-b06b-5f0a929b8060: receive RaftClientReply:client-0616CB290F12->912a7d3b-e3f1-4985-b06b-5f0a929b8060@group-3636E5E7603C, cid=3973, SUCCESS, logIndex=5609, commits[912a7d3b-e3f1-4985-b06b-5f0a929b8060:c5610]
2019-07-13 08:33:15,214 INFO  client.GrpcClientProtocolClient (GrpcClientProtocolClient.java:onNext(255)) - client-0616CB290F12->912a7d3b-e3f1-4985-b06b-5f0a929b8060: receive RaftClientReply:client-0616CB290F12->912a7d3b-e3f1-4985-b06b-5f0a929b8060@group-3636E5E7603C, cid=3974, SUCCESS, logIndex=5610, commits[912a7d3b-e3f1-4985-b06b-5f0a929b8060:c5610]
2019-07-13 08:33:15,215 INFO  client.GrpcClientProtocolClient (GrpcClientProtocolClient.java:onNext(255)) - client-0616CB290F12->912a7d3b-e3f1-4985-b06b-5f0a929b8060: receive RaftClientReply:client-0616CB290F12->912a7d3b-e3f1-4985-b06b-5f0a929b8060@group-3636E5E7603C, cid=3975, SUCCESS, logIndex=5611, commits[912a7d3b-e3f1-4985-b06b-5f0a929b8060:c5612]
2019-07-13 08:33:15,215 INFO  client.GrpcClientProtocolClient (GrpcClientProtocolClient.java:onNext(255)) - client-0616CB290F12->912a7d3b-e3f1-4985-b06b-5f0a929b8060: receive RaftClientReply:client-0616CB290F12->912a7d3b-e3f1-4985-b06b-5f0a929b8060@group-3636E5E7603C, cid=3976, SUCCESS, logIndex=5612, commits[912a7d3b-e3f1-4985-b06b-5f0a929b8060:c5613]
2019-07-13 08:33:15,245 DEBUG block.SCMBlockDeletingService (SCMBlockDeletingService.java:call(138)) - Running DeletedBlockTransactionScanner
2019-07-13 08:33:15,245 DEBUG block.SCMBlockDeletingService (SCMBlockDeletingService.java:call(155)) - Scanned deleted blocks log and got 0 delTX to process.
2019-07-13 08:33:15,252 INFO  client.GrpcClientProtocolClient (GrpcClientProtocolClient.java:onNext(255)) - client-0616CB290F12->912a7d3b-e3f1-4985-b06b-5f0a929b8060: receive RaftClientReply:client-0616CB290F12->912a7d3b-e3f1-4985-b06b-5f0a929b8060@group-3636E5E7603C, cid=3977, SUCCESS, logIndex=5615, commits[912a7d3b-e3f1-4985-b06b-5f0a929b8060:c5616]
2019-07-13 08:33:15,252 INFO  client.GrpcClientProtocolClient (GrpcClientProtocolClient.java:onNext(255)) - client-0616CB290F12->912a7d3b-e3f1-4985-b06b-5f0a929b8060: receive RaftClientReply:client-0616CB290F12->912a7d3b-e3f1-4985-b06b-5f0a929b8060@group-3636E5E7603C, cid=3978, SUCCESS, logIndex=5616, commits[912a7d3b-e3f1-4985-b06b-5f0a929b8060:c5617]
2019-07-13 08:33:15,341 INFO  client.GrpcClientProtocolClient (GrpcClientProtocolClient.java:onNext(255)) - client-0616CB290F12->912a7d3b-e3f1-4985-b06b-5f0a929b8060: receive RaftClientReply:client-0616CB290F12->912a7d3b-e3f1-4985-b06b-5f0a929b8060@group-3636E5E7603C, cid=3979, SUCCESS, logIndex=5618, commits[912a7d3b-e3f1-4985-b06b-5f0a929b8060:c5619]
2019-07-13 08:33:15,341 INFO  client.GrpcClientProtocolClient (GrpcClientProtocolClient.java:onNext(255)) - client-0616CB290F12->912a7d3b-e3f1-4985-b06b-5f0a929b8060: receive RaftClientReply:client-0616CB290F12->912a7d3b-e3f1-4985-b06b-5f0a929b8060@group-3636E5E7603C, cid=3980, SUCCESS, logIndex=5619, commits[912a7d3b-e3f1-4985-b06b-5f0a929b8060:c5620]
2019-07-13 08:33:15,346 DEBUG block.SCMBlockDeletingService (SCMBlockDeletingService.java:call(138)) - Running DeletedBlockTransactionScanner
2019-07-13 08:33:15,346 DEBUG block.SCMBlockDeletingService (SCMBlockDeletingService.java:call(155)) - Scanned deleted blocks log and got 0 delTX to process.
2019-07-13 08:33:15,362 INFO  client.GrpcClientProtocolClient (GrpcClientProtocolClient.java:onNext(255)) - client-0616CB290F12->912a7d3b-e3f1-4985-b06b-5f0a929b8060: receive RaftClientReply:client-0616CB290F12->912a7d3b-e3f1-4985-b06b-5f0a929b8060@group-3636E5E7603C, cid=3981, SUCCESS, logIndex=5621, commits[912a7d3b-e3f1-4985-b06b-5f0a929b8060:c5624]
2019-07-13 08:33:15,362 INFO  client.GrpcClientProtocolClient (GrpcClientProtocolClient.java:onNext(255)) - client-0616CB290F12->912a7d3b-e3f1-4985-b06b-5f0a929b8060: receive RaftClientReply:client-0616CB290F12->912a7d3b-e3f1-4985-b06b-5f0a929b8060@group-3636E5E7603C, cid=3982, SUCCESS, logIndex=5622, commits[912a7d3b-e3f1-4985-b06b-5f0a929b8060:c5624]
2019-07-13 08:33:15,362 INFO  client.GrpcClientProtocolClient (GrpcClientProtocolClient.java:onNext(255)) - client-0616CB290F12->912a7d3b-e3f1-4985-b06b-5f0a929b8060: receive RaftClientReply:client-0616CB290F12->912a7d3b-e3f1-4985-b06b-5f0a929b8060@group-3636E5E7603C, cid=3983, SUCCESS, logIndex=5623, commits[912a7d3b-e3f1-4985-b06b-5f0a929b8060:c5625]
2019-07-13 08:33:15,363 INFO  client.GrpcClientProtocolClient (GrpcClientProtocolClient.java:onNext(255)) - client-0616CB290F12->912a7d3b-e3f1-4985-b06b-5f0a929b8060: receive RaftClientReply:client-0616CB290F12->912a7d3b-e3f1-4985-b06b-5f0a929b8060@group-3636E5E7603C, cid=3984, SUCCESS, logIndex=5624, commits[912a7d3b-e3f1-4985-b06b-5f0a929b8060:c5625]
2019-07-13 08:33:15,393 INFO  client.GrpcClientProtocolClient (GrpcClientProtocolClient.java:onNext(255)) - client-0616CB290F12->912a7d3b-e3f1-4985-b06b-5f0a929b8060: receive RaftClientReply:client-0616CB290F12->912a7d3b-e3f1-4985-b06b-5f0a929b8060@group-3636E5E7603C, cid=3985, SUCCESS, logIndex=5626, commits[912a7d3b-e3f1-4985-b06b-5f0a929b8060:c5627]
2019-07-13 08:33:15,394 INFO  client.GrpcClientProtocolClient (GrpcClientProtocolClient.java:onNext(255)) - client-0616CB290F12->912a7d3b-e3f1-4985-b06b-5f0a929b8060: receive RaftClientReply:client-0616CB290F12->912a7d3b-e3f1-4985-b06b-5f0a929b8060@group-3636E5E7603C, cid=3986, SUCCESS, logIndex=5627, commits[912a7d3b-e3f1-4985-b06b-5f0a929b8060:c5629]
2019-07-13 08:33:15,394 INFO  client.GrpcClientProtocolClient (GrpcClientProtocolClient.java:onNext(255)) - client-0616CB290F12->912a7d3b-e3f1-4985-b06b-5f0a929b8060: receive RaftClientReply:client-0616CB290F12->912a7d3b-e3f1-4985-b06b-5f0a929b8060@group-3636E5E7603C, cid=3987, SUCCESS, logIndex=5628, commits[912a7d3b-e3f1-4985-b06b-5f0a929b8060:c5630]
2019-07-13 08:33:15,394 INFO  client.GrpcClientProtocolClient (GrpcClientProtocolClient.java:onNext(255)) - client-0616CB290F12->912a7d3b-e3f1-4985-b06b-5f0a929b8060: receive RaftClientReply:client-0616CB290F12->912a7d3b-e3f1-4985-b06b-5f0a929b8060@group-3636E5E7603C, cid=3988, SUCCESS, logIndex=5629, commits[912a7d3b-e3f1-4985-b06b-5f0a929b8060:c5631]
2019-07-13 08:33:15,413 INFO  client.GrpcClientProtocolClient (GrpcClientProtocolClient.java:onNext(255)) - client-0616CB290F12->912a7d3b-e3f1-4985-b06b-5f0a929b8060: receive RaftClientReply:client-0616CB290F12->912a7d3b-e3f1-4985-b06b-5f0a929b8060@group-3636E5E7603C, cid=3989, SUCCESS, logIndex=5632, commits[912a7d3b-e3f1-4985-b06b-5f0a929b8060:c5633]
2019-07-13 08:33:15,413 INFO  client.GrpcClientProtocolClient (GrpcClientProtocolClient.java:onNext(255)) - client-0616CB290F12->912a7d3b-e3f1-4985-b06b-5f0a929b8060: receive RaftClientReply:client-0616CB290F12->912a7d3b-e3f1-4985-b06b-5f0a929b8060@group-3636E5E7603C, cid=3990, SUCCESS, logIndex=5633, commits[912a7d3b-e3f1-4985-b06b-5f0a929b8060:c5635]
2019-07-13 08:33:15,414 INFO  client.GrpcClientProtocolClient (GrpcClientProtocolClient.java:onNext(255)) - client-0616CB290F12->912a7d3b-e3f1-4985-b06b-5f0a929b8060: receive RaftClientReply:client-0616CB290F12->912a7d3b-e3f1-4985-b06b-5f0a929b8060@group-3636E5E7603C, cid=3991, SUCCESS, logIndex=5634, commits[912a7d3b-e3f1-4985-b06b-5f0a929b8060:c5635]
2019-07-13 08:33:15,414 INFO  client.GrpcClientProtocolClient (GrpcClientProtocolClient.java:onNext(255)) - client-0616CB290F12->912a7d3b-e3f1-4985-b06b-5f0a929b8060: receive RaftClientReply:client-0616CB290F12->912a7d3b-e3f1-4985-b06b-5f0a929b8060@group-3636E5E7603C, cid=3992, SUCCESS, logIndex=5635, commits[912a7d3b-e3f1-4985-b06b-5f0a929b8060:c5636]
2019-07-13 08:33:15,446 DEBUG block.SCMBlockDeletingService (SCMBlockDeletingService.java:call(138)) - Running DeletedBlockTransactionScanner
2019-07-13 08:33:15,447 DEBUG block.SCMBlockDeletingService (SCMBlockDeletingService.java:call(155)) - Scanned deleted blocks log and got 0 delTX to process.
2019-07-13 08:33:15,447 INFO  client.GrpcClientProtocolClient (GrpcClientProtocolClient.java:onNext(255)) - client-0616CB290F12->912a7d3b-e3f1-4985-b06b-5f0a929b8060: receive RaftClientReply:client-0616CB290F12->912a7d3b-e3f1-4985-b06b-5f0a929b8060@group-3636E5E7603C, cid=3993, SUCCESS, logIndex=5638, commits[912a7d3b-e3f1-4985-b06b-5f0a929b8060:c5641]
2019-07-13 08:33:15,448 INFO  client.GrpcClientProtocolClient (GrpcClientProtocolClient.java:onNext(255)) - client-0616CB290F12->912a7d3b-e3f1-4985-b06b-5f0a929b8060: receive RaftClientReply:client-0616CB290F12->912a7d3b-e3f1-4985-b06b-5f0a929b8060@group-3636E5E7603C, cid=3994, SUCCESS, logIndex=5639, commits[912a7d3b-e3f1-4985-b06b-5f0a929b8060:c5642]
2019-07-13 08:33:15,448 INFO  client.GrpcClientProtocolClient (GrpcClientProtocolClient.java:onNext(255)) - client-0616CB290F12->912a7d3b-e3f1-4985-b06b-5f0a929b8060: receive RaftClientReply:client-0616CB290F12->912a7d3b-e3f1-4985-b06b-5f0a929b8060@group-3636E5E7603C, cid=3995, SUCCESS, logIndex=5640, commits[912a7d3b-e3f1-4985-b06b-5f0a929b8060:c5642]
2019-07-13 08:33:15,448 INFO  client.GrpcClientProtocolClient (GrpcClientProtocolClient.java:onNext(255)) - client-0616CB290F12->912a7d3b-e3f1-4985-b06b-5f0a929b8060: receive RaftClientReply:client-0616CB290F12->912a7d3b-e3f1-4985-b06b-5f0a929b8060@group-3636E5E7603C, cid=3996, SUCCESS, logIndex=5641, commits[912a7d3b-e3f1-4985-b06b-5f0a929b8060:c5642]
2019-07-13 08:33:15,467 INFO  client.GrpcClientProtocolClient (GrpcClientProtocolClient.java:onNext(255)) - client-0616CB290F12->912a7d3b-e3f1-4985-b06b-5f0a929b8060: receive RaftClientReply:client-0616CB290F12->912a7d3b-e3f1-4985-b06b-5f0a929b8060@group-3636E5E7603C, cid=3997, SUCCESS, logIndex=5643, commits[912a7d3b-e3f1-4985-b06b-5f0a929b8060:c5646]
2019-07-13 08:33:15,467 INFO  client.GrpcClientProtocolClient (GrpcClientProtocolClient.java:onNext(255)) - client-0616CB290F12->912a7d3b-e3f1-4985-b06b-5f0a929b8060: receive RaftClientReply:client-0616CB290F12->912a7d3b-e3f1-4985-b06b-5f0a929b8060@group-3636E5E7603C, cid=3998, SUCCESS, logIndex=5644, commits[912a7d3b-e3f1-4985-b06b-5f0a929b8060:c5647]
2019-07-13 08:33:15,468 INFO  client.GrpcClientProtocolClient (GrpcClientProtocolClient.java:onNext(255)) - client-0616CB290F12->912a7d3b-e3f1-4985-b06b-5f0a929b8060: receive RaftClientReply:client-0616CB290F12->912a7d3b-e3f1-4985-b06b-5f0a929b8060@group-3636E5E7603C, cid=3999, SUCCESS, logIndex=5645, commits[912a7d3b-e3f1-4985-b06b-5f0a929b8060:c5647]
2019-07-13 08:33:15,468 INFO  client.GrpcClientProtocolClient (GrpcClientProtocolClient.java:onNext(255)) - client-0616CB290F12->912a7d3b-e3f1-4985-b06b-5f0a929b8060: receive RaftClientReply:client-0616CB290F12->912a7d3b-e3f1-4985-b06b-5f0a929b8060@group-3636E5E7603C, cid=4000, SUCCESS, logIndex=5646, commits[912a7d3b-e3f1-4985-b06b-5f0a929b8060:c5647]
2019-07-13 08:33:15,498 INFO  client.GrpcClientProtocolClient (GrpcClientProtocolClient.java:onNext(255)) - client-0616CB290F12->912a7d3b-e3f1-4985-b06b-5f0a929b8060: receive RaftClientReply:client-0616CB290F12->912a7d3b-e3f1-4985-b06b-5f0a929b8060@group-3636E5E7603C, cid=4001, SUCCESS, logIndex=5648, commits[912a7d3b-e3f1-4985-b06b-5f0a929b8060:c5649]
2019-07-13 08:33:15,499 INFO  client.GrpcClientProtocolClient (GrpcClientProtocolClient.java:onNext(255)) - client-0616CB290F12->912a7d3b-e3f1-4985-b06b-5f0a929b8060: receive RaftClientReply:client-0616CB290F12->912a7d3b-e3f1-4985-b06b-5f0a929b8060@group-3636E5E7603C, cid=4002, SUCCESS, logIndex=5649, commits[912a7d3b-e3f1-4985-b06b-5f0a929b8060:c5649]
2019-07-13 08:33:15,501 INFO  client.GrpcClientProtocolClient (GrpcClientProtocolClient.java:onNext(255)) - client-0616CB290F12->912a7d3b-e3f1-4985-b06b-5f0a929b8060: receive RaftClientReply:client-0616CB290F12->912a7d3b-e3f1-4985-b06b-5f0a929b8060@group-3636E5E7603C, cid=4003, SUCCESS, logIndex=5650, commits[912a7d3b-e3f1-4985-b06b-5f0a929b8060:c5651]
2019-07-13 08:33:15,501 INFO  client.GrpcClientProtocolClient (GrpcClientProtocolClient.java:onNext(255)) - client-0616CB290F12->912a7d3b-e3f1-4985-b06b-5f0a929b8060: receive RaftClientReply:client-0616CB290F12->912a7d3b-e3f1-4985-b06b-5f0a929b8060@group-3636E5E7603C, cid=4004, SUCCESS, logIndex=5651, commits[912a7d3b-e3f1-4985-b06b-5f0a929b8060:c5651]
2019-07-13 08:33:15,515 INFO  client.GrpcClientProtocolClient (GrpcClientProtocolClient.java:onNext(255)) - client-0616CB290F12->912a7d3b-e3f1-4985-b06b-5f0a929b8060: receive RaftClientReply:client-0616CB290F12->912a7d3b-e3f1-4985-b06b-5f0a929b8060@group-3636E5E7603C, cid=4005, SUCCESS, logIndex=5654, commits[912a7d3b-e3f1-4985-b06b-5f0a929b8060:c5657]
2019-07-13 08:33:15,515 INFO  client.GrpcClientProtocolClient (GrpcClientProtocolClient.java:onNext(255)) - client-0616CB290F12->912a7d3b-e3f1-4985-b06b-5f0a929b8060: receive RaftClientReply:client-0616CB290F12->912a7d3b-e3f1-4985-b06b-5f0a929b8060@group-3636E5E7603C, cid=4006, SUCCESS, logIndex=5655, commits[912a7d3b-e3f1-4985-b06b-5f0a929b8060:c5657]
2019-07-13 08:33:15,515 INFO  client.GrpcClientProtocolClient (GrpcClientProtocolClient.java:onNext(255)) - client-0616CB290F12->912a7d3b-e3f1-4985-b06b-5f0a929b8060: receive RaftClientReply:client-0616CB290F12->912a7d3b-e3f1-4985-b06b-5f0a929b8060@group-3636E5E7603C, cid=4007, SUCCESS, logIndex=5656, commits[912a7d3b-e3f1-4985-b06b-5f0a929b8060:c5657]
2019-07-13 08:33:15,515 INFO  client.GrpcClientProtocolClient (GrpcClientProtocolClient.java:onNext(255)) - client-0616CB290F12->912a7d3b-e3f1-4985-b06b-5f0a929b8060: receive RaftClientReply:client-0616CB290F12->912a7d3b-e3f1-4985-b06b-5f0a929b8060@group-3636E5E7603C, cid=4008, SUCCESS, logIndex=5657, commits[912a7d3b-e3f1-4985-b06b-5f0a929b8060:c5657]
2019-07-13 08:33:15,542 INFO  client.GrpcClientProtocolClient (GrpcClientProtocolClient.java:onNext(255)) - client-0616CB290F12->912a7d3b-e3f1-4985-b06b-5f0a929b8060: receive RaftClientReply:client-0616CB290F12->912a7d3b-e3f1-4985-b06b-5f0a929b8060@group-3636E5E7603C, cid=4009, SUCCESS, logIndex=5659, commits[912a7d3b-e3f1-4985-b06b-5f0a929b8060:c5660]
2019-07-13 08:33:15,542 INFO  client.GrpcClientProtocolClient (GrpcClientProtocolClient.java:onNext(255)) - client-0616CB290F12->912a7d3b-e3f1-4985-b06b-5f0a929b8060: receive RaftClientReply:client-0616CB290F12->912a7d3b-e3f1-4985-b06b-5f0a929b8060@group-3636E5E7603C, cid=4010, SUCCESS, logIndex=5660, commits[912a7d3b-e3f1-4985-b06b-5f0a929b8060:c5660]
2019-07-13 08:33:15,542 INFO  client.GrpcClientProtocolClient (GrpcClientProtocolClient.java:onNext(255)) - client-0616CB290F12->912a7d3b-e3f1-4985-b06b-5f0a929b8060: receive RaftClientReply:client-0616CB290F12->912a7d3b-e3f1-4985-b06b-5f0a929b8060@group-3636E5E7603C, cid=4011, SUCCESS, logIndex=5661, commits[912a7d3b-e3f1-4985-b06b-5f0a929b8060:c5662]
2019-07-13 08:33:15,543 INFO  client.GrpcClientProtocolClient (GrpcClientProtocolClient.java:onNext(255)) - client-0616CB290F12->912a7d3b-e3f1-4985-b06b-5f0a929b8060: receive RaftClientReply:client-0616CB290F12->912a7d3b-e3f1-4985-b06b-5f0a929b8060@group-3636E5E7603C, cid=4012, SUCCESS, logIndex=5662, commits[912a7d3b-e3f1-4985-b06b-5f0a929b8060:c5662]
2019-07-13 08:33:15,547 DEBUG block.SCMBlockDeletingService (SCMBlockDeletingService.java:call(138)) - Running DeletedBlockTransactionScanner
2019-07-13 08:33:15,547 DEBUG block.SCMBlockDeletingService (SCMBlockDeletingService.java:call(155)) - Scanned deleted blocks log and got 0 delTX to process.
2019-07-13 08:33:15,563 INFO  client.GrpcClientProtocolClient (GrpcClientProtocolClient.java:onNext(255)) - client-0616CB290F12->912a7d3b-e3f1-4985-b06b-5f0a929b8060: receive RaftClientReply:client-0616CB290F12->912a7d3b-e3f1-4985-b06b-5f0a929b8060@group-3636E5E7603C, cid=4013, SUCCESS, logIndex=5665, commits[912a7d3b-e3f1-4985-b06b-5f0a929b8060:c5668]
2019-07-13 08:33:15,563 INFO  client.GrpcClientProtocolClient (GrpcClientProtocolClient.java:onNext(255)) - client-0616CB290F12->912a7d3b-e3f1-4985-b06b-5f0a929b8060: receive RaftClientReply:client-0616CB290F12->912a7d3b-e3f1-4985-b06b-5f0a929b8060@group-3636E5E7603C, cid=4014, SUCCESS, logIndex=5666, commits[912a7d3b-e3f1-4985-b06b-5f0a929b8060:c5668]
2019-07-13 08:33:15,564 INFO  client.GrpcClientProtocolClient (GrpcClientProtocolClient.java:onNext(255)) - client-0616CB290F12->912a7d3b-e3f1-4985-b06b-5f0a929b8060: receive RaftClientReply:client-0616CB290F12->912a7d3b-e3f1-4985-b06b-5f0a929b8060@group-3636E5E7603C, cid=4015, SUCCESS, logIndex=5667, commits[912a7d3b-e3f1-4985-b06b-5f0a929b8060:c5669]
2019-07-13 08:33:15,564 INFO  client.GrpcClientProtocolClient (GrpcClientProtocolClient.java:onNext(255)) - client-0616CB290F12->912a7d3b-e3f1-4985-b06b-5f0a929b8060: receive RaftClientReply:client-0616CB290F12->912a7d3b-e3f1-4985-b06b-5f0a929b8060@group-3636E5E7603C, cid=4016, SUCCESS, logIndex=5668, commits[912a7d3b-e3f1-4985-b06b-5f0a929b8060:c5669]
2019-07-13 08:33:15,592 INFO  client.GrpcClientProtocolClient (GrpcClientProtocolClient.java:onNext(255)) - client-0616CB290F12->912a7d3b-e3f1-4985-b06b-5f0a929b8060: receive RaftClientReply:client-0616CB290F12->912a7d3b-e3f1-4985-b06b-5f0a929b8060@group-3636E5E7603C, cid=4017, SUCCESS, logIndex=5670, commits[912a7d3b-e3f1-4985-b06b-5f0a929b8060:c5673]
2019-07-13 08:33:15,593 INFO  client.GrpcClientProtocolClient (GrpcClientProtocolClient.java:onNext(255)) - client-0616CB290F12->912a7d3b-e3f1-4985-b06b-5f0a929b8060: receive RaftClientReply:client-0616CB290F12->912a7d3b-e3f1-4985-b06b-5f0a929b8060@group-3636E5E7603C, cid=4018, SUCCESS, logIndex=5671, commits[912a7d3b-e3f1-4985-b06b-5f0a929b8060:c5673]
2019-07-13 08:33:15,593 INFO  client.GrpcClientProtocolClient (GrpcClientProtocolClient.java:onNext(255)) - client-0616CB290F12->912a7d3b-e3f1-4985-b06b-5f0a929b8060: receive RaftClientReply:client-0616CB290F12->912a7d3b-e3f1-4985-b06b-5f0a929b8060@group-3636E5E7603C, cid=4019, SUCCESS, logIndex=5672, commits[912a7d3b-e3f1-4985-b06b-5f0a929b8060:c5674]
2019-07-13 08:33:15,593 INFO  client.GrpcClientProtocolClient (GrpcClientProtocolClient.java:onNext(255)) - client-0616CB290F12->912a7d3b-e3f1-4985-b06b-5f0a929b8060: receive RaftClientReply:client-0616CB290F12->912a7d3b-e3f1-4985-b06b-5f0a929b8060@group-3636E5E7603C, cid=4020, SUCCESS, logIndex=5673, commits[912a7d3b-e3f1-4985-b06b-5f0a929b8060:c5674]
2019-07-13 08:33:15,653 DEBUG block.SCMBlockDeletingService (SCMBlockDeletingService.java:call(138)) - Running DeletedBlockTransactionScanner
2019-07-13 08:33:15,653 DEBUG block.SCMBlockDeletingService (SCMBlockDeletingService.java:call(155)) - Scanned deleted blocks log and got 0 delTX to process.
2019-07-13 08:33:15,673 INFO  client.GrpcClientProtocolClient (GrpcClientProtocolClient.java:onNext(255)) - client-0616CB290F12->912a7d3b-e3f1-4985-b06b-5f0a929b8060: receive RaftClientReply:client-0616CB290F12->912a7d3b-e3f1-4985-b06b-5f0a929b8060@group-3636E5E7603C, cid=4021, SUCCESS, logIndex=5675, commits[912a7d3b-e3f1-4985-b06b-5f0a929b8060:c5676]
2019-07-13 08:33:15,673 INFO  client.GrpcClientProtocolClient (GrpcClientProtocolClient.java:onNext(255)) - client-0616CB290F12->912a7d3b-e3f1-4985-b06b-5f0a929b8060: receive RaftClientReply:client-0616CB290F12->912a7d3b-e3f1-4985-b06b-5f0a929b8060@group-3636E5E7603C, cid=4022, SUCCESS, logIndex=5676, commits[912a7d3b-e3f1-4985-b06b-5f0a929b8060:c5676]
2019-07-13 08:33:15,754 DEBUG block.SCMBlockDeletingService (SCMBlockDeletingService.java:call(138)) - Running DeletedBlockTransactionScanner
2019-07-13 08:33:15,754 DEBUG block.SCMBlockDeletingService (SCMBlockDeletingService.java:call(155)) - Scanned deleted blocks log and got 0 delTX to process.
2019-07-13 08:33:15,793 INFO  client.GrpcClientProtocolClient (GrpcClientProtocolClient.java:onNext(255)) - client-0616CB290F12->912a7d3b-e3f1-4985-b06b-5f0a929b8060: receive RaftClientReply:client-0616CB290F12->912a7d3b-e3f1-4985-b06b-5f0a929b8060@group-3636E5E7603C, cid=4023, SUCCESS, logIndex=5678, commits[912a7d3b-e3f1-4985-b06b-5f0a929b8060:c5679]
2019-07-13 08:33:15,794 INFO  client.GrpcClientProtocolClient (GrpcClientProtocolClient.java:onNext(255)) - client-0616CB290F12->912a7d3b-e3f1-4985-b06b-5f0a929b8060: receive RaftClientReply:client-0616CB290F12->912a7d3b-e3f1-4985-b06b-5f0a929b8060@group-3636E5E7603C, cid=4024, SUCCESS, logIndex=5679, commits[912a7d3b-e3f1-4985-b06b-5f0a929b8060:c5680]
2019-07-13 08:33:15,826 INFO  client.GrpcClientProtocolClient (GrpcClientProtocolClient.java:onNext(255)) - client-0616CB290F12->912a7d3b-e3f1-4985-b06b-5f0a929b8060: receive RaftClientReply:client-0616CB290F12->912a7d3b-e3f1-4985-b06b-5f0a929b8060@group-3636E5E7603C, cid=4025, SUCCESS, logIndex=5681, commits[912a7d3b-e3f1-4985-b06b-5f0a929b8060:c5682]
2019-07-13 08:33:15,826 INFO  client.GrpcClientProtocolClient (GrpcClientProtocolClient.java:onNext(255)) - client-0616CB290F12->912a7d3b-e3f1-4985-b06b-5f0a929b8060: receive RaftClientReply:client-0616CB290F12->912a7d3b-e3f1-4985-b06b-5f0a929b8060@group-3636E5E7603C, cid=4026, SUCCESS, logIndex=5682, commits[912a7d3b-e3f1-4985-b06b-5f0a929b8060:c5682]
2019-07-13 08:33:15,828 INFO  client.GrpcClientProtocolClient (GrpcClientProtocolClient.java:onNext(255)) - client-0616CB290F12->912a7d3b-e3f1-4985-b06b-5f0a929b8060: receive RaftClientReply:client-0616CB290F12->912a7d3b-e3f1-4985-b06b-5f0a929b8060@group-3636E5E7603C, cid=4027, SUCCESS, logIndex=5683, commits[912a7d3b-e3f1-4985-b06b-5f0a929b8060:c5684]
2019-07-13 08:33:15,828 INFO  client.GrpcClientProtocolClient (GrpcClientProtocolClient.java:onNext(255)) - client-0616CB290F12->912a7d3b-e3f1-4985-b06b-5f0a929b8060: receive RaftClientReply:client-0616CB290F12->912a7d3b-e3f1-4985-b06b-5f0a929b8060@group-3636E5E7603C, cid=4028, SUCCESS, logIndex=5684, commits[912a7d3b-e3f1-4985-b06b-5f0a929b8060:c5684]
2019-07-13 08:33:15,850 INFO  client.GrpcClientProtocolClient (GrpcClientProtocolClient.java:onNext(255)) - client-0616CB290F12->912a7d3b-e3f1-4985-b06b-5f0a929b8060: receive RaftClientReply:client-0616CB290F12->912a7d3b-e3f1-4985-b06b-5f0a929b8060@group-3636E5E7603C, cid=4029, SUCCESS, logIndex=5687, commits[912a7d3b-e3f1-4985-b06b-5f0a929b8060:c5690]
2019-07-13 08:33:15,850 INFO  client.GrpcClientProtocolClient (GrpcClientProtocolClient.java:onNext(255)) - client-0616CB290F12->912a7d3b-e3f1-4985-b06b-5f0a929b8060: receive RaftClientReply:client-0616CB290F12->912a7d3b-e3f1-4985-b06b-5f0a929b8060@group-3636E5E7603C, cid=4030, SUCCESS, logIndex=5688, commits[912a7d3b-e3f1-4985-b06b-5f0a929b8060:c5691]
2019-07-13 08:33:15,851 INFO  client.GrpcClientProtocolClient (GrpcClientProtocolClient.java:onNext(255)) - client-0616CB290F12->912a7d3b-e3f1-4985-b06b-5f0a929b8060: receive RaftClientReply:client-0616CB290F12->912a7d3b-e3f1-4985-b06b-5f0a929b8060@group-3636E5E7603C, cid=4031, SUCCESS, logIndex=5689, commits[912a7d3b-e3f1-4985-b06b-5f0a929b8060:c5691]
2019-07-13 08:33:15,851 INFO  client.GrpcClientProtocolClient (GrpcClientProtocolClient.java:onNext(255)) - client-0616CB290F12->912a7d3b-e3f1-4985-b06b-5f0a929b8060: receive RaftClientReply:client-0616CB290F12->912a7d3b-e3f1-4985-b06b-5f0a929b8060@group-3636E5E7603C, cid=4032, SUCCESS, logIndex=5690, commits[912a7d3b-e3f1-4985-b06b-5f0a929b8060:c5691]
2019-07-13 08:33:15,854 DEBUG block.SCMBlockDeletingService (SCMBlockDeletingService.java:call(138)) - Running DeletedBlockTransactionScanner
2019-07-13 08:33:15,854 DEBUG block.SCMBlockDeletingService (SCMBlockDeletingService.java:call(155)) - Scanned deleted blocks log and got 0 delTX to process.
2019-07-13 08:33:15,883 INFO  client.GrpcClientProtocolClient (GrpcClientProtocolClient.java:onNext(255)) - client-0616CB290F12->912a7d3b-e3f1-4985-b06b-5f0a929b8060: receive RaftClientReply:client-0616CB290F12->912a7d3b-e3f1-4985-b06b-5f0a929b8060@group-3636E5E7603C, cid=4033, SUCCESS, logIndex=5692, commits[912a7d3b-e3f1-4985-b06b-5f0a929b8060:c5693]
2019-07-13 08:33:15,884 INFO  client.GrpcClientProtocolClient (GrpcClientProtocolClient.java:onNext(255)) - client-0616CB290F12->912a7d3b-e3f1-4985-b06b-5f0a929b8060: receive RaftClientReply:client-0616CB290F12->912a7d3b-e3f1-4985-b06b-5f0a929b8060@group-3636E5E7603C, cid=4034, SUCCESS, logIndex=5693, commits[912a7d3b-e3f1-4985-b06b-5f0a929b8060:c5695]
2019-07-13 08:33:15,884 INFO  client.GrpcClientProtocolClient (GrpcClientProtocolClient.java:onNext(255)) - client-0616CB290F12->912a7d3b-e3f1-4985-b06b-5f0a929b8060: receive RaftClientReply:client-0616CB290F12->912a7d3b-e3f1-4985-b06b-5f0a929b8060@group-3636E5E7603C, cid=4035, SUCCESS, logIndex=5694, commits[912a7d3b-e3f1-4985-b06b-5f0a929b8060:c5695]
2019-07-13 08:33:15,884 INFO  client.GrpcClientProtocolClient (GrpcClientProtocolClient.java:onNext(255)) - client-0616CB290F12->912a7d3b-e3f1-4985-b06b-5f0a929b8060: receive RaftClientReply:client-0616CB290F12->912a7d3b-e3f1-4985-b06b-5f0a929b8060@group-3636E5E7603C, cid=4036, SUCCESS, logIndex=5695, commits[912a7d3b-e3f1-4985-b06b-5f0a929b8060:c5696]
2019-07-13 08:33:15,904 INFO  client.GrpcClientProtocolClient (GrpcClientProtocolClient.java:onNext(255)) - client-0616CB290F12->912a7d3b-e3f1-4985-b06b-5f0a929b8060: receive RaftClientReply:client-0616CB290F12->912a7d3b-e3f1-4985-b06b-5f0a929b8060@group-3636E5E7603C, cid=4037, SUCCESS, logIndex=5698, commits[912a7d3b-e3f1-4985-b06b-5f0a929b8060:c5699]
2019-07-13 08:33:15,904 INFO  client.GrpcClientProtocolClient (GrpcClientProtocolClient.java:onNext(255)) - client-0616CB290F12->912a7d3b-e3f1-4985-b06b-5f0a929b8060: receive RaftClientReply:client-0616CB290F12->912a7d3b-e3f1-4985-b06b-5f0a929b8060@group-3636E5E7603C, cid=4038, SUCCESS, logIndex=5699, commits[912a7d3b-e3f1-4985-b06b-5f0a929b8060:c5701]
2019-07-13 08:33:15,905 INFO  client.GrpcClientProtocolClient (GrpcClientProtocolClient.java:onNext(255)) - client-0616CB290F12->912a7d3b-e3f1-4985-b06b-5f0a929b8060: receive RaftClientReply:client-0616CB290F12->912a7d3b-e3f1-4985-b06b-5f0a929b8060@group-3636E5E7603C, cid=4039, SUCCESS, logIndex=5700, commits[912a7d3b-e3f1-4985-b06b-5f0a929b8060:c5701]
2019-07-13 08:33:15,905 INFO  client.GrpcClientProtocolClient (GrpcClientProtocolClient.java:onNext(255)) - client-0616CB290F12->912a7d3b-e3f1-4985-b06b-5f0a929b8060: receive RaftClientReply:client-0616CB290F12->912a7d3b-e3f1-4985-b06b-5f0a929b8060@group-3636E5E7603C, cid=4040, SUCCESS, logIndex=5701, commits[912a7d3b-e3f1-4985-b06b-5f0a929b8060:c5702]
2019-07-13 08:33:15,936 INFO  client.GrpcClientProtocolClient (GrpcClientProtocolClient.java:onNext(255)) - client-0616CB290F12->912a7d3b-e3f1-4985-b06b-5f0a929b8060: receive RaftClientReply:client-0616CB290F12->912a7d3b-e3f1-4985-b06b-5f0a929b8060@group-3636E5E7603C, cid=4041, SUCCESS, logIndex=5704, commits[912a7d3b-e3f1-4985-b06b-5f0a929b8060:c5705]
2019-07-13 08:33:15,937 INFO  client.GrpcClientProtocolClient (GrpcClientProtocolClient.java:onNext(255)) - client-0616CB290F12->912a7d3b-e3f1-4985-b06b-5f0a929b8060: receive RaftClientReply:client-0616CB290F12->912a7d3b-e3f1-4985-b06b-5f0a929b8060@group-3636E5E7603C, cid=4042, SUCCESS, logIndex=5705, commits[912a7d3b-e3f1-4985-b06b-5f0a929b8060:c5707]
2019-07-13 08:33:15,937 INFO  client.GrpcClientProtocolClient (GrpcClientProtocolClient.java:onNext(255)) - client-0616CB290F12->912a7d3b-e3f1-4985-b06b-5f0a929b8060: receive RaftClientReply:client-0616CB290F12->912a7d3b-e3f1-4985-b06b-5f0a929b8060@group-3636E5E7603C, cid=4043, SUCCESS, logIndex=5706, commits[912a7d3b-e3f1-4985-b06b-5f0a929b8060:c5708]
2019-07-13 08:33:15,938 INFO  client.GrpcClientProtocolClient (GrpcClientProtocolClient.java:onNext(255)) - client-0616CB290F12->912a7d3b-e3f1-4985-b06b-5f0a929b8060: receive RaftClientReply:client-0616CB290F12->912a7d3b-e3f1-4985-b06b-5f0a929b8060@group-3636E5E7603C, cid=4044, SUCCESS, logIndex=5707, commits[912a7d3b-e3f1-4985-b06b-5f0a929b8060:c5708]
2019-07-13 08:33:15,955 DEBUG block.SCMBlockDeletingService (SCMBlockDeletingService.java:call(138)) - Running DeletedBlockTransactionScanner
2019-07-13 08:33:15,955 DEBUG block.SCMBlockDeletingService (SCMBlockDeletingService.java:call(155)) - Scanned deleted blocks log and got 0 delTX to process.
2019-07-13 08:33:15,956 INFO  client.GrpcClientProtocolClient (GrpcClientProtocolClient.java:onNext(255)) - client-0616CB290F12->912a7d3b-e3f1-4985-b06b-5f0a929b8060: receive RaftClientReply:client-0616CB290F12->912a7d3b-e3f1-4985-b06b-5f0a929b8060@group-3636E5E7603C, cid=4045, SUCCESS, logIndex=5710, commits[912a7d3b-e3f1-4985-b06b-5f0a929b8060:c5711]
2019-07-13 08:33:15,957 INFO  client.GrpcClientProtocolClient (GrpcClientProtocolClient.java:onNext(255)) - client-0616CB290F12->912a7d3b-e3f1-4985-b06b-5f0a929b8060: receive RaftClientReply:client-0616CB290F12->912a7d3b-e3f1-4985-b06b-5f0a929b8060@group-3636E5E7603C, cid=4046, SUCCESS, logIndex=5711, commits[912a7d3b-e3f1-4985-b06b-5f0a929b8060:c5711]
2019-07-13 08:33:16,055 DEBUG block.SCMBlockDeletingService (SCMBlockDeletingService.java:call(138)) - Running DeletedBlockTransactionScanner
2019-07-13 08:33:16,056 DEBUG block.SCMBlockDeletingService (SCMBlockDeletingService.java:call(155)) - Scanned deleted blocks log and got 0 delTX to process.
2019-07-13 08:33:16,156 DEBUG block.SCMBlockDeletingService (SCMBlockDeletingService.java:call(138)) - Running DeletedBlockTransactionScanner
2019-07-13 08:33:16,156 DEBUG block.SCMBlockDeletingService (SCMBlockDeletingService.java:call(155)) - Scanned deleted blocks log and got 0 delTX to process.
2019-07-13 08:33:16,257 DEBUG block.SCMBlockDeletingService (SCMBlockDeletingService.java:call(138)) - Running DeletedBlockTransactionScanner
2019-07-13 08:33:16,257 DEBUG block.SCMBlockDeletingService (SCMBlockDeletingService.java:call(155)) - Scanned deleted blocks log and got 0 delTX to process.
2019-07-13 08:33:16,357 DEBUG block.SCMBlockDeletingService (SCMBlockDeletingService.java:call(138)) - Running DeletedBlockTransactionScanner
2019-07-13 08:33:16,357 DEBUG block.SCMBlockDeletingService (SCMBlockDeletingService.java:call(155)) - Scanned deleted blocks log and got 0 delTX to process.
2019-07-13 08:33:16,451 INFO  client.GrpcClientProtocolClient (GrpcClientProtocolClient.java:onNext(255)) - client-0616CB290F12->912a7d3b-e3f1-4985-b06b-5f0a929b8060: receive RaftClientReply:client-0616CB290F12->912a7d3b-e3f1-4985-b06b-5f0a929b8060@group-3636E5E7603C, cid=4047, SUCCESS, logIndex=5712, commits[912a7d3b-e3f1-4985-b06b-5f0a929b8060:c5713]
2019-07-13 08:33:16,451 INFO  client.GrpcClientProtocolClient (GrpcClientProtocolClient.java:onNext(255)) - client-0616CB290F12->912a7d3b-e3f1-4985-b06b-5f0a929b8060: receive RaftClientReply:client-0616CB290F12->912a7d3b-e3f1-4985-b06b-5f0a929b8060@group-3636E5E7603C, cid=4048, SUCCESS, logIndex=5713, commits[912a7d3b-e3f1-4985-b06b-5f0a929b8060:c5713]
2019-07-13 08:33:16,458 DEBUG block.SCMBlockDeletingService (SCMBlockDeletingService.java:call(138)) - Running DeletedBlockTransactionScanner
2019-07-13 08:33:16,458 DEBUG block.SCMBlockDeletingService (SCMBlockDeletingService.java:call(155)) - Scanned deleted blocks log and got 0 delTX to process.
2019-07-13 08:33:16,482 INFO  client.GrpcClientProtocolClient (GrpcClientProtocolClient.java:onNext(255)) - client-0616CB290F12->912a7d3b-e3f1-4985-b06b-5f0a929b8060: receive RaftClientReply:client-0616CB290F12->912a7d3b-e3f1-4985-b06b-5f0a929b8060@group-3636E5E7603C, cid=4049, SUCCESS, logIndex=5716, commits[912a7d3b-e3f1-4985-b06b-5f0a929b8060:c5717]
2019-07-13 08:33:16,482 INFO  client.GrpcClientProtocolClient (GrpcClientProtocolClient.java:onNext(255)) - client-0616CB290F12->912a7d3b-e3f1-4985-b06b-5f0a929b8060: receive RaftClientReply:client-0616CB290F12->912a7d3b-e3f1-4985-b06b-5f0a929b8060@group-3636E5E7603C, cid=4050, SUCCESS, logIndex=5717, commits[912a7d3b-e3f1-4985-b06b-5f0a929b8060:c5719]
2019-07-13 08:33:16,483 INFO  client.GrpcClientProtocolClient (GrpcClientProtocolClient.java:onNext(255)) - client-0616CB290F12->912a7d3b-e3f1-4985-b06b-5f0a929b8060: receive RaftClientReply:client-0616CB290F12->912a7d3b-e3f1-4985-b06b-5f0a929b8060@group-3636E5E7603C, cid=4051, SUCCESS, logIndex=5718, commits[912a7d3b-e3f1-4985-b06b-5f0a929b8060:c5720]
2019-07-13 08:33:16,483 INFO  client.GrpcClientProtocolClient (GrpcClientProtocolClient.java:onNext(255)) - client-0616CB290F12->912a7d3b-e3f1-4985-b06b-5f0a929b8060: receive RaftClientReply:client-0616CB290F12->912a7d3b-e3f1-4985-b06b-5f0a929b8060@group-3636E5E7603C, cid=4052, SUCCESS, logIndex=5719, commits[912a7d3b-e3f1-4985-b06b-5f0a929b8060:c5720]
2019-07-13 08:33:16,510 INFO  client.GrpcClientProtocolClient (GrpcClientProtocolClient.java:onNext(255)) - client-0616CB290F12->912a7d3b-e3f1-4985-b06b-5f0a929b8060: receive RaftClientReply:client-0616CB290F12->912a7d3b-e3f1-4985-b06b-5f0a929b8060@group-3636E5E7603C, cid=4053, SUCCESS, logIndex=5722, commits[912a7d3b-e3f1-4985-b06b-5f0a929b8060:c5723]
2019-07-13 08:33:16,510 INFO  client.GrpcClientProtocolClient (GrpcClientProtocolClient.java:onNext(255)) - client-0616CB290F12->912a7d3b-e3f1-4985-b06b-5f0a929b8060: receive RaftClientReply:client-0616CB290F12->912a7d3b-e3f1-4985-b06b-5f0a929b8060@group-3636E5E7603C, cid=4054, SUCCESS, logIndex=5723, commits[912a7d3b-e3f1-4985-b06b-5f0a929b8060:c5723]
2019-07-13 08:33:16,512 INFO  client.GrpcClientProtocolClient (GrpcClientProtocolClient.java:onNext(255)) - client-0616CB290F12->912a7d3b-e3f1-4985-b06b-5f0a929b8060: receive RaftClientReply:client-0616CB290F12->912a7d3b-e3f1-4985-b06b-5f0a929b8060@group-3636E5E7603C, cid=4055, SUCCESS, logIndex=5724, commits[912a7d3b-e3f1-4985-b06b-5f0a929b8060:c5725]
2019-07-13 08:33:16,512 INFO  client.GrpcClientProtocolClient (GrpcClientProtocolClient.java:onNext(255)) - client-0616CB290F12->912a7d3b-e3f1-4985-b06b-5f0a929b8060: receive RaftClientReply:client-0616CB290F12->912a7d3b-e3f1-4985-b06b-5f0a929b8060@group-3636E5E7603C, cid=4056, SUCCESS, logIndex=5725, commits[912a7d3b-e3f1-4985-b06b-5f0a929b8060:c5725]
2019-07-13 08:33:16,545 INFO  client.GrpcClientProtocolClient (GrpcClientProtocolClient.java:onNext(255)) - client-0616CB290F12->912a7d3b-e3f1-4985-b06b-5f0a929b8060: receive RaftClientReply:client-0616CB290F12->912a7d3b-e3f1-4985-b06b-5f0a929b8060@group-3636E5E7603C, cid=4057, SUCCESS, logIndex=5728, commits[912a7d3b-e3f1-4985-b06b-5f0a929b8060:c5729]
2019-07-13 08:33:16,546 INFO  client.GrpcClientProtocolClient (GrpcClientProtocolClient.java:onNext(255)) - client-0616CB290F12->912a7d3b-e3f1-4985-b06b-5f0a929b8060: receive RaftClientReply:client-0616CB290F12->912a7d3b-e3f1-4985-b06b-5f0a929b8060@group-3636E5E7603C, cid=4058, SUCCESS, logIndex=5729, commits[912a7d3b-e3f1-4985-b06b-5f0a929b8060:c5729]
2019-07-13 08:33:16,547 INFO  client.GrpcClientProtocolClient (GrpcClientProtocolClient.java:onNext(255)) - client-0616CB290F12->912a7d3b-e3f1-4985-b06b-5f0a929b8060: receive RaftClientReply:client-0616CB290F12->912a7d3b-e3f1-4985-b06b-5f0a929b8060@group-3636E5E7603C, cid=4059, SUCCESS, logIndex=5730, commits[912a7d3b-e3f1-4985-b06b-5f0a929b8060:c5731]
2019-07-13 08:33:16,548 INFO  client.GrpcClientProtocolClient (GrpcClientProtocolClient.java:onNext(255)) - client-0616CB290F12->912a7d3b-e3f1-4985-b06b-5f0a929b8060: receive RaftClientReply:client-0616CB290F12->912a7d3b-e3f1-4985-b06b-5f0a929b8060@group-3636E5E7603C, cid=4060, SUCCESS, logIndex=5731, commits[912a7d3b-e3f1-4985-b06b-5f0a929b8060:c5731]
2019-07-13 08:33:16,558 DEBUG block.SCMBlockDeletingService (SCMBlockDeletingService.java:call(138)) - Running DeletedBlockTransactionScanner
2019-07-13 08:33:16,559 DEBUG block.SCMBlockDeletingService (SCMBlockDeletingService.java:call(155)) - Scanned deleted blocks log and got 0 delTX to process.
2019-07-13 08:33:16,571 INFO  client.GrpcClientProtocolClient (GrpcClientProtocolClient.java:onNext(255)) - client-0616CB290F12->912a7d3b-e3f1-4985-b06b-5f0a929b8060: receive RaftClientReply:client-0616CB290F12->912a7d3b-e3f1-4985-b06b-5f0a929b8060@group-3636E5E7603C, cid=4061, SUCCESS, logIndex=5734, commits[912a7d3b-e3f1-4985-b06b-5f0a929b8060:c5737]
2019-07-13 08:33:16,571 INFO  client.GrpcClientProtocolClient (GrpcClientProtocolClient.java:onNext(255)) - client-0616CB290F12->912a7d3b-e3f1-4985-b06b-5f0a929b8060: receive RaftClientReply:client-0616CB290F12->912a7d3b-e3f1-4985-b06b-5f0a929b8060@group-3636E5E7603C, cid=4062, SUCCESS, logIndex=5735, commits[912a7d3b-e3f1-4985-b06b-5f0a929b8060:c5737]
2019-07-13 08:33:16,571 INFO  client.GrpcClientProtocolClient (GrpcClientProtocolClient.java:onNext(255)) - client-0616CB290F12->912a7d3b-e3f1-4985-b06b-5f0a929b8060: receive RaftClientReply:client-0616CB290F12->912a7d3b-e3f1-4985-b06b-5f0a929b8060@group-3636E5E7603C, cid=4063, SUCCESS, logIndex=5736, commits[912a7d3b-e3f1-4985-b06b-5f0a929b8060:c5738]
2019-07-13 08:33:16,572 INFO  client.GrpcClientProtocolClient (GrpcClientProtocolClient.java:onNext(255)) - client-0616CB290F12->912a7d3b-e3f1-4985-b06b-5f0a929b8060: receive RaftClientReply:client-0616CB290F12->912a7d3b-e3f1-4985-b06b-5f0a929b8060@group-3636E5E7603C, cid=4064, SUCCESS, logIndex=5737, commits[912a7d3b-e3f1-4985-b06b-5f0a929b8060:c5738]
2019-07-13 08:33:16,620 INFO  client.GrpcClientProtocolClient (GrpcClientProtocolClient.java:onNext(255)) - client-0616CB290F12->912a7d3b-e3f1-4985-b06b-5f0a929b8060: receive RaftClientReply:client-0616CB290F12->912a7d3b-e3f1-4985-b06b-5f0a929b8060@group-3636E5E7603C, cid=4065, SUCCESS, logIndex=5739, commits[912a7d3b-e3f1-4985-b06b-5f0a929b8060:c5740]
2019-07-13 08:33:16,621 INFO  client.GrpcClientProtocolClient (GrpcClientProtocolClient.java:onNext(255)) - client-0616CB290F12->912a7d3b-e3f1-4985-b06b-5f0a929b8060: receive RaftClientReply:client-0616CB290F12->912a7d3b-e3f1-4985-b06b-5f0a929b8060@group-3636E5E7603C, cid=4066, SUCCESS, logIndex=5740, commits[912a7d3b-e3f1-4985-b06b-5f0a929b8060:c5741]
2019-07-13 08:33:16,659 DEBUG block.SCMBlockDeletingService (SCMBlockDeletingService.java:call(138)) - Running DeletedBlockTransactionScanner
2019-07-13 08:33:16,659 DEBUG block.SCMBlockDeletingService (SCMBlockDeletingService.java:call(155)) - Scanned deleted blocks log and got 0 delTX to process.
2019-07-13 08:33:16,747 INFO  client.GrpcClientProtocolClient (GrpcClientProtocolClient.java:onNext(255)) - client-0616CB290F12->912a7d3b-e3f1-4985-b06b-5f0a929b8060: receive RaftClientReply:client-0616CB290F12->912a7d3b-e3f1-4985-b06b-5f0a929b8060@group-3636E5E7603C, cid=4067, SUCCESS, logIndex=5742, commits[912a7d3b-e3f1-4985-b06b-5f0a929b8060:c5743]
2019-07-13 08:33:16,747 INFO  client.GrpcClientProtocolClient (GrpcClientProtocolClient.java:onNext(255)) - client-0616CB290F12->912a7d3b-e3f1-4985-b06b-5f0a929b8060: receive RaftClientReply:client-0616CB290F12->912a7d3b-e3f1-4985-b06b-5f0a929b8060@group-3636E5E7603C, cid=4068, SUCCESS, logIndex=5743, commits[912a7d3b-e3f1-4985-b06b-5f0a929b8060:c5744]
2019-07-13 08:33:16,760 DEBUG block.SCMBlockDeletingService (SCMBlockDeletingService.java:call(138)) - Running DeletedBlockTransactionScanner
2019-07-13 08:33:16,760 DEBUG block.SCMBlockDeletingService (SCMBlockDeletingService.java:call(155)) - Scanned deleted blocks log and got 0 delTX to process.
2019-07-13 08:33:16,767 INFO  client.GrpcClientProtocolClient (GrpcClientProtocolClient.java:onNext(255)) - client-0616CB290F12->912a7d3b-e3f1-4985-b06b-5f0a929b8060: receive RaftClientReply:client-0616CB290F12->912a7d3b-e3f1-4985-b06b-5f0a929b8060@group-3636E5E7603C, cid=4069, SUCCESS, logIndex=5745, commits[912a7d3b-e3f1-4985-b06b-5f0a929b8060:c5746]
2019-07-13 08:33:16,768 INFO  client.GrpcClientProtocolClient (GrpcClientProtocolClient.java:onNext(255)) - client-0616CB290F12->912a7d3b-e3f1-4985-b06b-5f0a929b8060: receive RaftClientReply:client-0616CB290F12->912a7d3b-e3f1-4985-b06b-5f0a929b8060@group-3636E5E7603C, cid=4070, SUCCESS, logIndex=5746, commits[912a7d3b-e3f1-4985-b06b-5f0a929b8060:c5748]
2019-07-13 08:33:16,768 INFO  client.GrpcClientProtocolClient (GrpcClientProtocolClient.java:onNext(255)) - client-0616CB290F12->912a7d3b-e3f1-4985-b06b-5f0a929b8060: receive RaftClientReply:client-0616CB290F12->912a7d3b-e3f1-4985-b06b-5f0a929b8060@group-3636E5E7603C, cid=4071, SUCCESS, logIndex=5747, commits[912a7d3b-e3f1-4985-b06b-5f0a929b8060:c5749]
2019-07-13 08:33:16,768 INFO  client.GrpcClientProtocolClient (GrpcClientProtocolClient.java:onNext(255)) - client-0616CB290F12->912a7d3b-e3f1-4985-b06b-5f0a929b8060: receive RaftClientReply:client-0616CB290F12->912a7d3b-e3f1-4985-b06b-5f0a929b8060@group-3636E5E7603C, cid=4072, SUCCESS, logIndex=5748, commits[912a7d3b-e3f1-4985-b06b-5f0a929b8060:c5749]
2019-07-13 08:33:16,801 INFO  client.GrpcClientProtocolClient (GrpcClientProtocolClient.java:onNext(255)) - client-0616CB290F12->912a7d3b-e3f1-4985-b06b-5f0a929b8060: receive RaftClientReply:client-0616CB290F12->912a7d3b-e3f1-4985-b06b-5f0a929b8060@group-3636E5E7603C, cid=4073, SUCCESS, logIndex=5751, commits[912a7d3b-e3f1-4985-b06b-5f0a929b8060:c5752]
2019-07-13 08:33:16,802 INFO  client.GrpcClientProtocolClient (GrpcClientProtocolClient.java:onNext(255)) - client-0616CB290F12->912a7d3b-e3f1-4985-b06b-5f0a929b8060: receive RaftClientReply:client-0616CB290F12->912a7d3b-e3f1-4985-b06b-5f0a929b8060@group-3636E5E7603C, cid=4074, SUCCESS, logIndex=5752, commits[912a7d3b-e3f1-4985-b06b-5f0a929b8060:c5752]
2019-07-13 08:33:16,803 INFO  client.GrpcClientProtocolClient (GrpcClientProtocolClient.java:onNext(255)) - client-0616CB290F12->912a7d3b-e3f1-4985-b06b-5f0a929b8060: receive RaftClientReply:client-0616CB290F12->912a7d3b-e3f1-4985-b06b-5f0a929b8060@group-3636E5E7603C, cid=4075, SUCCESS, logIndex=5753, commits[912a7d3b-e3f1-4985-b06b-5f0a929b8060:c5754]
2019-07-13 08:33:16,804 INFO  client.GrpcClientProtocolClient (GrpcClientProtocolClient.java:onNext(255)) - client-0616CB290F12->912a7d3b-e3f1-4985-b06b-5f0a929b8060: receive RaftClientReply:client-0616CB290F12->912a7d3b-e3f1-4985-b06b-5f0a929b8060@group-3636E5E7603C, cid=4076, SUCCESS, logIndex=5754, commits[912a7d3b-e3f1-4985-b06b-5f0a929b8060:c5754]
2019-07-13 08:33:16,827 INFO  client.GrpcClientProtocolClient (GrpcClientProtocolClient.java:onNext(255)) - client-0616CB290F12->912a7d3b-e3f1-4985-b06b-5f0a929b8060: receive RaftClientReply:client-0616CB290F12->912a7d3b-e3f1-4985-b06b-5f0a929b8060@group-3636E5E7603C, cid=4077, SUCCESS, logIndex=5757, commits[912a7d3b-e3f1-4985-b06b-5f0a929b8060:c5760]
2019-07-13 08:33:16,827 INFO  client.GrpcClientProtocolClient (GrpcClientProtocolClient.java:onNext(255)) - client-0616CB290F12->912a7d3b-e3f1-4985-b06b-5f0a929b8060: receive RaftClientReply:client-0616CB290F12->912a7d3b-e3f1-4985-b06b-5f0a929b8060@group-3636E5E7603C, cid=4078, SUCCESS, logIndex=5758, commits[912a7d3b-e3f1-4985-b06b-5f0a929b8060:c5761]
2019-07-13 08:33:16,827 INFO  client.GrpcClientProtocolClient (GrpcClientProtocolClient.java:onNext(255)) - client-0616CB290F12->912a7d3b-e3f1-4985-b06b-5f0a929b8060: receive RaftClientReply:client-0616CB290F12->912a7d3b-e3f1-4985-b06b-5f0a929b8060@group-3636E5E7603C, cid=4079, SUCCESS, logIndex=5759, commits[912a7d3b-e3f1-4985-b06b-5f0a929b8060:c5761]
2019-07-13 08:33:16,828 INFO  client.GrpcClientProtocolClient (GrpcClientProtocolClient.java:onNext(255)) - client-0616CB290F12->912a7d3b-e3f1-4985-b06b-5f0a929b8060: receive RaftClientReply:client-0616CB290F12->912a7d3b-e3f1-4985-b06b-5f0a929b8060@group-3636E5E7603C, cid=4080, SUCCESS, logIndex=5760, commits[912a7d3b-e3f1-4985-b06b-5f0a929b8060:c5761]
2019-07-13 08:33:16,860 DEBUG block.SCMBlockDeletingService (SCMBlockDeletingService.java:call(138)) - Running DeletedBlockTransactionScanner
2019-07-13 08:33:16,861 DEBUG block.SCMBlockDeletingService (SCMBlockDeletingService.java:call(155)) - Scanned deleted blocks log and got 0 delTX to process.
2019-07-13 08:33:16,861 INFO  client.GrpcClientProtocolClient (GrpcClientProtocolClient.java:onNext(255)) - client-0616CB290F12->912a7d3b-e3f1-4985-b06b-5f0a929b8060: receive RaftClientReply:client-0616CB290F12->912a7d3b-e3f1-4985-b06b-5f0a929b8060@group-3636E5E7603C, cid=4081, SUCCESS, logIndex=5762, commits[912a7d3b-e3f1-4985-b06b-5f0a929b8060:c5765]
2019-07-13 08:33:16,862 INFO  client.GrpcClientProtocolClient (GrpcClientProtocolClient.java:onNext(255)) - client-0616CB290F12->912a7d3b-e3f1-4985-b06b-5f0a929b8060: receive RaftClientReply:client-0616CB290F12->912a7d3b-e3f1-4985-b06b-5f0a929b8060@group-3636E5E7603C, cid=4082, SUCCESS, logIndex=5763, commits[912a7d3b-e3f1-4985-b06b-5f0a929b8060:c5765]
2019-07-13 08:33:16,862 INFO  client.GrpcClientProtocolClient (GrpcClientProtocolClient.java:onNext(255)) - client-0616CB290F12->912a7d3b-e3f1-4985-b06b-5f0a929b8060: receive RaftClientReply:client-0616CB290F12->912a7d3b-e3f1-4985-b06b-5f0a929b8060@group-3636E5E7603C, cid=4083, SUCCESS, logIndex=5764, commits[912a7d3b-e3f1-4985-b06b-5f0a929b8060:c5767]
2019-07-13 08:33:16,862 INFO  client.GrpcClientProtocolClient (GrpcClientProtocolClient.java:onNext(255)) - client-0616CB290F12->912a7d3b-e3f1-4985-b06b-5f0a929b8060: receive RaftClientReply:client-0616CB290F12->912a7d3b-e3f1-4985-b06b-5f0a929b8060@group-3636E5E7603C, cid=4084, SUCCESS, logIndex=5765, commits[912a7d3b-e3f1-4985-b06b-5f0a929b8060:c5767]
2019-07-13 08:33:16,883 INFO  client.GrpcClientProtocolClient (GrpcClientProtocolClient.java:onNext(255)) - client-0616CB290F12->912a7d3b-e3f1-4985-b06b-5f0a929b8060: receive RaftClientReply:client-0616CB290F12->912a7d3b-e3f1-4985-b06b-5f0a929b8060@group-3636E5E7603C, cid=4085, SUCCESS, logIndex=5768, commits[912a7d3b-e3f1-4985-b06b-5f0a929b8060:c5769]
2019-07-13 08:33:16,883 INFO  client.GrpcClientProtocolClient (GrpcClientProtocolClient.java:onNext(255)) - client-0616CB290F12->912a7d3b-e3f1-4985-b06b-5f0a929b8060: receive RaftClientReply:client-0616CB290F12->912a7d3b-e3f1-4985-b06b-5f0a929b8060@group-3636E5E7603C, cid=4086, SUCCESS, logIndex=5769, commits[912a7d3b-e3f1-4985-b06b-5f0a929b8060:c5771]
2019-07-13 08:33:16,884 INFO  client.GrpcClientProtocolClient (GrpcClientProtocolClient.java:onNext(255)) - client-0616CB290F12->912a7d3b-e3f1-4985-b06b-5f0a929b8060: receive RaftClientReply:client-0616CB290F12->912a7d3b-e3f1-4985-b06b-5f0a929b8060@group-3636E5E7603C, cid=4087, SUCCESS, logIndex=5770, commits[912a7d3b-e3f1-4985-b06b-5f0a929b8060:c5772]
2019-07-13 08:33:16,884 INFO  client.GrpcClientProtocolClient (GrpcClientProtocolClient.java:onNext(255)) - client-0616CB290F12->912a7d3b-e3f1-4985-b06b-5f0a929b8060: receive RaftClientReply:client-0616CB290F12->912a7d3b-e3f1-4985-b06b-5f0a929b8060@group-3636E5E7603C, cid=4088, SUCCESS, logIndex=5771, commits[912a7d3b-e3f1-4985-b06b-5f0a929b8060:c5772]
2019-07-13 08:33:16,918 INFO  client.GrpcClientProtocolClient (GrpcClientProtocolClient.java:onNext(255)) - client-0616CB290F12->912a7d3b-e3f1-4985-b06b-5f0a929b8060: receive RaftClientReply:client-0616CB290F12->912a7d3b-e3f1-4985-b06b-5f0a929b8060@group-3636E5E7603C, cid=4089, SUCCESS, logIndex=5774, commits[912a7d3b-e3f1-4985-b06b-5f0a929b8060:c5777]
2019-07-13 08:33:16,919 INFO  client.GrpcClientProtocolClient (GrpcClientProtocolClient.java:onNext(255)) - client-0616CB290F12->912a7d3b-e3f1-4985-b06b-5f0a929b8060: receive RaftClientReply:client-0616CB290F12->912a7d3b-e3f1-4985-b06b-5f0a929b8060@group-3636E5E7603C, cid=4090, SUCCESS, logIndex=5775, commits[912a7d3b-e3f1-4985-b06b-5f0a929b8060:c5778]
2019-07-13 08:33:16,919 INFO  client.GrpcClientProtocolClient (GrpcClientProtocolClient.java:onNext(255)) - client-0616CB290F12->912a7d3b-e3f1-4985-b06b-5f0a929b8060: receive RaftClientReply:client-0616CB290F12->912a7d3b-e3f1-4985-b06b-5f0a929b8060@group-3636E5E7603C, cid=4091, SUCCESS, logIndex=5776, commits[912a7d3b-e3f1-4985-b06b-5f0a929b8060:c5778]
2019-07-13 08:33:16,919 INFO  client.GrpcClientProtocolClient (GrpcClientProtocolClient.java:onNext(255)) - client-0616CB290F12->912a7d3b-e3f1-4985-b06b-5f0a929b8060: receive RaftClientReply:client-0616CB290F12->912a7d3b-e3f1-4985-b06b-5f0a929b8060@group-3636E5E7603C, cid=4092, SUCCESS, logIndex=5777, commits[912a7d3b-e3f1-4985-b06b-5f0a929b8060:c5778]
2019-07-13 08:33:16,938 INFO  client.GrpcClientProtocolClient (GrpcClientProtocolClient.java:onNext(255)) - client-0616CB290F12->912a7d3b-e3f1-4985-b06b-5f0a929b8060: receive RaftClientReply:client-0616CB290F12->912a7d3b-e3f1-4985-b06b-5f0a929b8060@group-3636E5E7603C, cid=4093, SUCCESS, logIndex=5779, commits[912a7d3b-e3f1-4985-b06b-5f0a929b8060:c5780]
2019-07-13 08:33:16,939 INFO  client.GrpcClientProtocolClient (GrpcClientProtocolClient.java:onNext(255)) - client-0616CB290F12->912a7d3b-e3f1-4985-b06b-5f0a929b8060: receive RaftClientReply:client-0616CB290F12->912a7d3b-e3f1-4985-b06b-5f0a929b8060@group-3636E5E7603C, cid=4094, SUCCESS, logIndex=5780, commits[912a7d3b-e3f1-4985-b06b-5f0a929b8060:c5780]
2019-07-13 08:33:16,940 INFO  client.GrpcClientProtocolClient (GrpcClientProtocolClient.java:onNext(255)) - client-0616CB290F12->912a7d3b-e3f1-4985-b06b-5f0a929b8060: receive RaftClientReply:client-0616CB290F12->912a7d3b-e3f1-4985-b06b-5f0a929b8060@group-3636E5E7603C, cid=4095, SUCCESS, logIndex=5781, commits[912a7d3b-e3f1-4985-b06b-5f0a929b8060:c5782]
2019-07-13 08:33:16,941 INFO  client.GrpcClientProtocolClient (GrpcClientProtocolClient.java:onNext(255)) - client-0616CB290F12->912a7d3b-e3f1-4985-b06b-5f0a929b8060: receive RaftClientReply:client-0616CB290F12->912a7d3b-e3f1-4985-b06b-5f0a929b8060@group-3636E5E7603C, cid=4096, SUCCESS, logIndex=5782, commits[912a7d3b-e3f1-4985-b06b-5f0a929b8060:c5782]
2019-07-13 08:33:16,961 DEBUG block.SCMBlockDeletingService (SCMBlockDeletingService.java:call(138)) - Running DeletedBlockTransactionScanner
2019-07-13 08:33:16,961 DEBUG block.SCMBlockDeletingService (SCMBlockDeletingService.java:call(155)) - Scanned deleted blocks log and got 0 delTX to process.
2019-07-13 08:33:16,976 INFO  client.GrpcClientProtocolClient (GrpcClientProtocolClient.java:onNext(255)) - client-0616CB290F12->912a7d3b-e3f1-4985-b06b-5f0a929b8060: receive RaftClientReply:client-0616CB290F12->912a7d3b-e3f1-4985-b06b-5f0a929b8060@group-3636E5E7603C, cid=4097, SUCCESS, logIndex=5785, commits[912a7d3b-e3f1-4985-b06b-5f0a929b8060:c5788]
2019-07-13 08:33:16,977 INFO  client.GrpcClientProtocolClient (GrpcClientProtocolClient.java:onNext(255)) - client-0616CB290F12->912a7d3b-e3f1-4985-b06b-5f0a929b8060: receive RaftClientReply:client-0616CB290F12->912a7d3b-e3f1-4985-b06b-5f0a929b8060@group-3636E5E7603C, cid=4098, SUCCESS, logIndex=5786, commits[912a7d3b-e3f1-4985-b06b-5f0a929b8060:c5789]
2019-07-13 08:33:16,977 INFO  client.GrpcClientProtocolClient (GrpcClientProtocolClient.java:onNext(255)) - client-0616CB290F12->912a7d3b-e3f1-4985-b06b-5f0a929b8060: receive RaftClientReply:client-0616CB290F12->912a7d3b-e3f1-4985-b06b-5f0a929b8060@group-3636E5E7603C, cid=4099, SUCCESS, logIndex=5787, commits[912a7d3b-e3f1-4985-b06b-5f0a929b8060:c5789]
2019-07-13 08:33:16,977 INFO  client.GrpcClientProtocolClient (GrpcClientProtocolClient.java:onNext(255)) - client-0616CB290F12->912a7d3b-e3f1-4985-b06b-5f0a929b8060: receive RaftClientReply:client-0616CB290F12->912a7d3b-e3f1-4985-b06b-5f0a929b8060@group-3636E5E7603C, cid=4100, SUCCESS, logIndex=5788, commits[912a7d3b-e3f1-4985-b06b-5f0a929b8060:c5789]
2019-07-13 08:33:16,996 INFO  client.GrpcClientProtocolClient (GrpcClientProtocolClient.java:onNext(255)) - client-0616CB290F12->912a7d3b-e3f1-4985-b06b-5f0a929b8060: receive RaftClientReply:client-0616CB290F12->912a7d3b-e3f1-4985-b06b-5f0a929b8060@group-3636E5E7603C, cid=4101, SUCCESS, logIndex=5790, commits[912a7d3b-e3f1-4985-b06b-5f0a929b8060:c5791]
2019-07-13 08:33:16,997 INFO  client.GrpcClientProtocolClient (GrpcClientProtocolClient.java:onNext(255)) - client-0616CB290F12->912a7d3b-e3f1-4985-b06b-5f0a929b8060: receive RaftClientReply:client-0616CB290F12->912a7d3b-e3f1-4985-b06b-5f0a929b8060@group-3636E5E7603C, cid=4102, SUCCESS, logIndex=5791, commits[912a7d3b-e3f1-4985-b06b-5f0a929b8060:c5793]
2019-07-13 08:33:16,997 INFO  client.GrpcClientProtocolClient (GrpcClientProtocolClient.java:onNext(255)) - client-0616CB290F12->912a7d3b-e3f1-4985-b06b-5f0a929b8060: receive RaftClientReply:client-0616CB290F12->912a7d3b-e3f1-4985-b06b-5f0a929b8060@group-3636E5E7603C, cid=4103, SUCCESS, logIndex=5792, commits[912a7d3b-e3f1-4985-b06b-5f0a929b8060:c5793]
2019-07-13 08:33:16,998 INFO  client.GrpcClientProtocolClient (GrpcClientProtocolClient.java:onNext(255)) - client-0616CB290F12->912a7d3b-e3f1-4985-b06b-5f0a929b8060: receive RaftClientReply:client-0616CB290F12->912a7d3b-e3f1-4985-b06b-5f0a929b8060@group-3636E5E7603C, cid=4104, SUCCESS, logIndex=5793, commits[912a7d3b-e3f1-4985-b06b-5f0a929b8060:c5794]
2019-07-13 08:33:17,031 INFO  client.GrpcClientProtocolClient (GrpcClientProtocolClient.java:onNext(255)) - client-0616CB290F12->912a7d3b-e3f1-4985-b06b-5f0a929b8060: receive RaftClientReply:client-0616CB290F12->912a7d3b-e3f1-4985-b06b-5f0a929b8060@group-3636E5E7603C, cid=4105, SUCCESS, logIndex=5796, commits[912a7d3b-e3f1-4985-b06b-5f0a929b8060:c5797]
2019-07-13 08:33:17,031 INFO  client.GrpcClientProtocolClient (GrpcClientProtocolClient.java:onNext(255)) - client-0616CB290F12->912a7d3b-e3f1-4985-b06b-5f0a929b8060: receive RaftClientReply:client-0616CB290F12->912a7d3b-e3f1-4985-b06b-5f0a929b8060@group-3636E5E7603C, cid=4106, SUCCESS, logIndex=5797, commits[912a7d3b-e3f1-4985-b06b-5f0a929b8060:c5797]
2019-07-13 08:33:17,033 INFO  client.GrpcClientProtocolClient (GrpcClientProtocolClient.java:onNext(255)) - client-0616CB290F12->912a7d3b-e3f1-4985-b06b-5f0a929b8060: receive RaftClientReply:client-0616CB290F12->912a7d3b-e3f1-4985-b06b-5f0a929b8060@group-3636E5E7603C, cid=4107, SUCCESS, logIndex=5798, commits[912a7d3b-e3f1-4985-b06b-5f0a929b8060:c5799]
2019-07-13 08:33:17,033 INFO  client.GrpcClientProtocolClient (GrpcClientProtocolClient.java:onNext(255)) - client-0616CB290F12->912a7d3b-e3f1-4985-b06b-5f0a929b8060: receive RaftClientReply:client-0616CB290F12->912a7d3b-e3f1-4985-b06b-5f0a929b8060@group-3636E5E7603C, cid=4108, SUCCESS, logIndex=5799, commits[912a7d3b-e3f1-4985-b06b-5f0a929b8060:c5799]
2019-07-13 08:33:17,099 DEBUG block.SCMBlockDeletingService (SCMBlockDeletingService.java:call(138)) - Running DeletedBlockTransactionScanner
2019-07-13 08:33:17,099 DEBUG block.SCMBlockDeletingService (SCMBlockDeletingService.java:call(155)) - Scanned deleted blocks log and got 0 delTX to process.
2019-07-13 08:33:17,121 INFO  client.GrpcClientProtocolClient (GrpcClientProtocolClient.java:onNext(255)) - client-0616CB290F12->912a7d3b-e3f1-4985-b06b-5f0a929b8060: receive RaftClientReply:client-0616CB290F12->912a7d3b-e3f1-4985-b06b-5f0a929b8060@group-3636E5E7603C, cid=4109, SUCCESS, logIndex=5802, commits[912a7d3b-e3f1-4985-b06b-5f0a929b8060:c5803]
2019-07-13 08:33:17,122 INFO  client.GrpcClientProtocolClient (GrpcClientProtocolClient.java:onNext(255)) - client-0616CB290F12->912a7d3b-e3f1-4985-b06b-5f0a929b8060: receive RaftClientReply:client-0616CB290F12->912a7d3b-e3f1-4985-b06b-5f0a929b8060@group-3636E5E7603C, cid=4110, SUCCESS, logIndex=5803, commits[912a7d3b-e3f1-4985-b06b-5f0a929b8060:c5804]
2019-07-13 08:33:17,200 DEBUG block.SCMBlockDeletingService (SCMBlockDeletingService.java:call(138)) - Running DeletedBlockTransactionScanner
2019-07-13 08:33:17,200 DEBUG block.SCMBlockDeletingService (SCMBlockDeletingService.java:call(155)) - Scanned deleted blocks log and got 0 delTX to process.
2019-07-13 08:33:17,208 INFO  client.GrpcClientProtocolClient (GrpcClientProtocolClient.java:onNext(255)) - client-0616CB290F12->912a7d3b-e3f1-4985-b06b-5f0a929b8060: receive RaftClientReply:client-0616CB290F12->912a7d3b-e3f1-4985-b06b-5f0a929b8060@group-3636E5E7603C, cid=4111, SUCCESS, logIndex=5805, commits[912a7d3b-e3f1-4985-b06b-5f0a929b8060:c5806]
2019-07-13 08:33:17,208 INFO  client.GrpcClientProtocolClient (GrpcClientProtocolClient.java:onNext(255)) - client-0616CB290F12->912a7d3b-e3f1-4985-b06b-5f0a929b8060: receive RaftClientReply:client-0616CB290F12->912a7d3b-e3f1-4985-b06b-5f0a929b8060@group-3636E5E7603C, cid=4112, SUCCESS, logIndex=5806, commits[912a7d3b-e3f1-4985-b06b-5f0a929b8060:c5807]
2019-07-13 08:33:17,243 INFO  client.GrpcClientProtocolClient (GrpcClientProtocolClient.java:onNext(255)) - client-0616CB290F12->912a7d3b-e3f1-4985-b06b-5f0a929b8060: receive RaftClientReply:client-0616CB290F12->912a7d3b-e3f1-4985-b06b-5f0a929b8060@group-3636E5E7603C, cid=4113, SUCCESS, logIndex=5808, commits[912a7d3b-e3f1-4985-b06b-5f0a929b8060:c5809]
2019-07-13 08:33:17,244 INFO  client.GrpcClientProtocolClient (GrpcClientProtocolClient.java:onNext(255)) - client-0616CB290F12->912a7d3b-e3f1-4985-b06b-5f0a929b8060: receive RaftClientReply:client-0616CB290F12->912a7d3b-e3f1-4985-b06b-5f0a929b8060@group-3636E5E7603C, cid=4114, SUCCESS, logIndex=5809, commits[912a7d3b-e3f1-4985-b06b-5f0a929b8060:c5809]
2019-07-13 08:33:17,245 INFO  client.GrpcClientProtocolClient (GrpcClientProtocolClient.java:onNext(255)) - client-0616CB290F12->912a7d3b-e3f1-4985-b06b-5f0a929b8060: receive RaftClientReply:client-0616CB290F12->912a7d3b-e3f1-4985-b06b-5f0a929b8060@group-3636E5E7603C, cid=4115, SUCCESS, logIndex=5810, commits[912a7d3b-e3f1-4985-b06b-5f0a929b8060:c5811]
2019-07-13 08:33:17,245 INFO  client.GrpcClientProtocolClient (GrpcClientProtocolClient.java:onNext(255)) - client-0616CB290F12->912a7d3b-e3f1-4985-b06b-5f0a929b8060: receive RaftClientReply:client-0616CB290F12->912a7d3b-e3f1-4985-b06b-5f0a929b8060@group-3636E5E7603C, cid=4116, SUCCESS, logIndex=5811, commits[912a7d3b-e3f1-4985-b06b-5f0a929b8060:c5811]
2019-07-13 08:33:17,269 INFO  client.GrpcClientProtocolClient (GrpcClientProtocolClient.java:onNext(255)) - client-0616CB290F12->912a7d3b-e3f1-4985-b06b-5f0a929b8060: receive RaftClientReply:client-0616CB290F12->912a7d3b-e3f1-4985-b06b-5f0a929b8060@group-3636E5E7603C, cid=4117, SUCCESS, logIndex=5814, commits[912a7d3b-e3f1-4985-b06b-5f0a929b8060:c5817]
2019-07-13 08:33:17,269 INFO  client.GrpcClientProtocolClient (GrpcClientProtocolClient.java:onNext(255)) - client-0616CB290F12->912a7d3b-e3f1-4985-b06b-5f0a929b8060: receive RaftClientReply:client-0616CB290F12->912a7d3b-e3f1-4985-b06b-5f0a929b8060@group-3636E5E7603C, cid=4118, SUCCESS, logIndex=5815, commits[912a7d3b-e3f1-4985-b06b-5f0a929b8060:c5818]
2019-07-13 08:33:17,270 INFO  client.GrpcClientProtocolClient (GrpcClientProtocolClient.java:onNext(255)) - client-0616CB290F12->912a7d3b-e3f1-4985-b06b-5f0a929b8060: receive RaftClientReply:client-0616CB290F12->912a7d3b-e3f1-4985-b06b-5f0a929b8060@group-3636E5E7603C, cid=4119, SUCCESS, logIndex=5816, commits[912a7d3b-e3f1-4985-b06b-5f0a929b8060:c5818]
2019-07-13 08:33:17,270 INFO  client.GrpcClientProtocolClient (GrpcClientProtocolClient.java:onNext(255)) - client-0616CB290F12->912a7d3b-e3f1-4985-b06b-5f0a929b8060: receive RaftClientReply:client-0616CB290F12->912a7d3b-e3f1-4985-b06b-5f0a929b8060@group-3636E5E7603C, cid=4120, SUCCESS, logIndex=5817, commits[912a7d3b-e3f1-4985-b06b-5f0a929b8060:c5818]
2019-07-13 08:33:17,300 DEBUG block.SCMBlockDeletingService (SCMBlockDeletingService.java:call(138)) - Running DeletedBlockTransactionScanner
2019-07-13 08:33:17,301 DEBUG block.SCMBlockDeletingService (SCMBlockDeletingService.java:call(155)) - Scanned deleted blocks log and got 0 delTX to process.
2019-07-13 08:33:17,307 INFO  client.GrpcClientProtocolClient (GrpcClientProtocolClient.java:onNext(255)) - client-0616CB290F12->912a7d3b-e3f1-4985-b06b-5f0a929b8060: receive RaftClientReply:client-0616CB290F12->912a7d3b-e3f1-4985-b06b-5f0a929b8060@group-3636E5E7603C, cid=4121, SUCCESS, logIndex=5819, commits[912a7d3b-e3f1-4985-b06b-5f0a929b8060:c5820]
2019-07-13 08:33:17,308 INFO  client.GrpcClientProtocolClient (GrpcClientProtocolClient.java:onNext(255)) - client-0616CB290F12->912a7d3b-e3f1-4985-b06b-5f0a929b8060: receive RaftClientReply:client-0616CB290F12->912a7d3b-e3f1-4985-b06b-5f0a929b8060@group-3636E5E7603C, cid=4122, SUCCESS, logIndex=5820, commits[912a7d3b-e3f1-4985-b06b-5f0a929b8060:c5820]
2019-07-13 08:33:17,308 INFO  client.GrpcClientProtocolClient (GrpcClientProtocolClient.java:onNext(255)) - client-0616CB290F12->912a7d3b-e3f1-4985-b06b-5f0a929b8060: receive RaftClientReply:client-0616CB290F12->912a7d3b-e3f1-4985-b06b-5f0a929b8060@group-3636E5E7603C, cid=4123, SUCCESS, logIndex=5821, commits[912a7d3b-e3f1-4985-b06b-5f0a929b8060:c5822]
2019-07-13 08:33:17,308 INFO  client.GrpcClientProtocolClient (GrpcClientProtocolClient.java:onNext(255)) - client-0616CB290F12->912a7d3b-e3f1-4985-b06b-5f0a929b8060: receive RaftClientReply:client-0616CB290F12->912a7d3b-e3f1-4985-b06b-5f0a929b8060@group-3636E5E7603C, cid=4124, SUCCESS, logIndex=5822, commits[912a7d3b-e3f1-4985-b06b-5f0a929b8060:c5822]
2019-07-13 08:33:17,329 INFO  client.GrpcClientProtocolClient (GrpcClientProtocolClient.java:onNext(255)) - client-0616CB290F12->912a7d3b-e3f1-4985-b06b-5f0a929b8060: receive RaftClientReply:client-0616CB290F12->912a7d3b-e3f1-4985-b06b-5f0a929b8060@group-3636E5E7603C, cid=4125, SUCCESS, logIndex=5825, commits[912a7d3b-e3f1-4985-b06b-5f0a929b8060:c5826]
2019-07-13 08:33:17,330 INFO  client.GrpcClientProtocolClient (GrpcClientProtocolClient.java:onNext(255)) - client-0616CB290F12->912a7d3b-e3f1-4985-b06b-5f0a929b8060: receive RaftClientReply:client-0616CB290F12->912a7d3b-e3f1-4985-b06b-5f0a929b8060@group-3636E5E7603C, cid=4126, SUCCESS, logIndex=5826, commits[912a7d3b-e3f1-4985-b06b-5f0a929b8060:c5828]
2019-07-13 08:33:17,330 INFO  client.GrpcClientProtocolClient (GrpcClientProtocolClient.java:onNext(255)) - client-0616CB290F12->912a7d3b-e3f1-4985-b06b-5f0a929b8060: receive RaftClientReply:client-0616CB290F12->912a7d3b-e3f1-4985-b06b-5f0a929b8060@group-3636E5E7603C, cid=4127, SUCCESS, logIndex=5827, commits[912a7d3b-e3f1-4985-b06b-5f0a929b8060:c5828]
2019-07-13 08:33:17,331 INFO  client.GrpcClientProtocolClient (GrpcClientProtocolClient.java:onNext(255)) - client-0616CB290F12->912a7d3b-e3f1-4985-b06b-5f0a929b8060: receive RaftClientReply:client-0616CB290F12->912a7d3b-e3f1-4985-b06b-5f0a929b8060@group-3636E5E7603C, cid=4128, SUCCESS, logIndex=5828, commits[912a7d3b-e3f1-4985-b06b-5f0a929b8060:c5829]
2019-07-13 08:33:17,365 INFO  client.GrpcClientProtocolClient (GrpcClientProtocolClient.java:onNext(255)) - client-0616CB290F12->912a7d3b-e3f1-4985-b06b-5f0a929b8060: receive RaftClientReply:client-0616CB290F12->912a7d3b-e3f1-4985-b06b-5f0a929b8060@group-3636E5E7603C, cid=4129, SUCCESS, logIndex=5831, commits[912a7d3b-e3f1-4985-b06b-5f0a929b8060:c5832]
2019-07-13 08:33:17,366 INFO  client.GrpcClientProtocolClient (GrpcClientProtocolClient.java:onNext(255)) - client-0616CB290F12->912a7d3b-e3f1-4985-b06b-5f0a929b8060: receive RaftClientReply:client-0616CB290F12->912a7d3b-e3f1-4985-b06b-5f0a929b8060@group-3636E5E7603C, cid=4130, SUCCESS, logIndex=5832, commits[912a7d3b-e3f1-4985-b06b-5f0a929b8060:c5832]
2019-07-13 08:33:17,366 INFO  client.GrpcClientProtocolClient (GrpcClientProtocolClient.java:onNext(255)) - client-0616CB290F12->912a7d3b-e3f1-4985-b06b-5f0a929b8060: receive RaftClientReply:client-0616CB290F12->912a7d3b-e3f1-4985-b06b-5f0a929b8060@group-3636E5E7603C, cid=4131, SUCCESS, logIndex=5833, commits[912a7d3b-e3f1-4985-b06b-5f0a929b8060:c5834]
2019-07-13 08:33:17,367 INFO  client.GrpcClientProtocolClient (GrpcClientProtocolClient.java:onNext(255)) - client-0616CB290F12->912a7d3b-e3f1-4985-b06b-5f0a929b8060: receive RaftClientReply:client-0616CB290F12->912a7d3b-e3f1-4985-b06b-5f0a929b8060@group-3636E5E7603C, cid=4132, SUCCESS, logIndex=5834, commits[912a7d3b-e3f1-4985-b06b-5f0a929b8060:c5834]
2019-07-13 08:33:17,390 INFO  client.GrpcClientProtocolClient (GrpcClientProtocolClient.java:onNext(255)) - client-0616CB290F12->912a7d3b-e3f1-4985-b06b-5f0a929b8060: receive RaftClientReply:client-0616CB290F12->912a7d3b-e3f1-4985-b06b-5f0a929b8060@group-3636E5E7603C, cid=4133, SUCCESS, logIndex=5837, commits[912a7d3b-e3f1-4985-b06b-5f0a929b8060:c5840]
2019-07-13 08:33:17,390 INFO  client.GrpcClientProtocolClient (GrpcClientProtocolClient.java:onNext(255)) - client-0616CB290F12->912a7d3b-e3f1-4985-b06b-5f0a929b8060: receive RaftClientReply:client-0616CB290F12->912a7d3b-e3f1-4985-b06b-5f0a929b8060@group-3636E5E7603C, cid=4134, SUCCESS, logIndex=5838, commits[912a7d3b-e3f1-4985-b06b-5f0a929b8060:c5841]
2019-07-13 08:33:17,391 INFO  client.GrpcClientProtocolClient (GrpcClientProtocolClient.java:onNext(255)) - client-0616CB290F12->912a7d3b-e3f1-4985-b06b-5f0a929b8060: receive RaftClientReply:client-0616CB290F12->912a7d3b-e3f1-4985-b06b-5f0a929b8060@group-3636E5E7603C, cid=4135, SUCCESS, logIndex=5839, commits[912a7d3b-e3f1-4985-b06b-5f0a929b8060:c5841]
2019-07-13 08:33:17,391 INFO  client.GrpcClientProtocolClient (GrpcClientProtocolClient.java:onNext(255)) - client-0616CB290F12->912a7d3b-e3f1-4985-b06b-5f0a929b8060: receive RaftClientReply:client-0616CB290F12->912a7d3b-e3f1-4985-b06b-5f0a929b8060@group-3636E5E7603C, cid=4136, SUCCESS, logIndex=5840, commits[912a7d3b-e3f1-4985-b06b-5f0a929b8060:c5841]
2019-07-13 08:33:17,401 DEBUG block.SCMBlockDeletingService (SCMBlockDeletingService.java:call(138)) - Running DeletedBlockTransactionScanner
2019-07-13 08:33:17,401 DEBUG block.SCMBlockDeletingService (SCMBlockDeletingService.java:call(155)) - Scanned deleted blocks log and got 0 delTX to process.
2019-07-13 08:33:17,433 INFO  client.GrpcClientProtocolClient (GrpcClientProtocolClient.java:onNext(255)) - client-0616CB290F12->912a7d3b-e3f1-4985-b06b-5f0a929b8060: receive RaftClientReply:client-0616CB290F12->912a7d3b-e3f1-4985-b06b-5f0a929b8060@group-3636E5E7603C, cid=4137, SUCCESS, logIndex=5842, commits[912a7d3b-e3f1-4985-b06b-5f0a929b8060:c5845]
2019-07-13 08:33:17,434 INFO  client.GrpcClientProtocolClient (GrpcClientProtocolClient.java:onNext(255)) - client-0616CB290F12->912a7d3b-e3f1-4985-b06b-5f0a929b8060: receive RaftClientReply:client-0616CB290F12->912a7d3b-e3f1-4985-b06b-5f0a929b8060@group-3636E5E7603C, cid=4138, SUCCESS, logIndex=5843, commits[912a7d3b-e3f1-4985-b06b-5f0a929b8060:c5846]
2019-07-13 08:33:17,434 INFO  client.GrpcClientProtocolClient (GrpcClientProtocolClient.java:onNext(255)) - client-0616CB290F12->912a7d3b-e3f1-4985-b06b-5f0a929b8060: receive RaftClientReply:client-0616CB290F12->912a7d3b-e3f1-4985-b06b-5f0a929b8060@group-3636E5E7603C, cid=4139, SUCCESS, logIndex=5844, commits[912a7d3b-e3f1-4985-b06b-5f0a929b8060:c5846]
2019-07-13 08:33:17,434 INFO  client.GrpcClientProtocolClient (GrpcClientProtocolClient.java:onNext(255)) - client-0616CB290F12->912a7d3b-e3f1-4985-b06b-5f0a929b8060: receive RaftClientReply:client-0616CB290F12->912a7d3b-e3f1-4985-b06b-5f0a929b8060@group-3636E5E7603C, cid=4140, SUCCESS, logIndex=5845, commits[912a7d3b-e3f1-4985-b06b-5f0a929b8060:c5846]
2019-07-13 08:33:17,448 INFO  client.GrpcClientProtocolClient (GrpcClientProtocolClient.java:onNext(255)) - client-0616CB290F12->912a7d3b-e3f1-4985-b06b-5f0a929b8060: receive RaftClientReply:client-0616CB290F12->912a7d3b-e3f1-4985-b06b-5f0a929b8060@group-3636E5E7603C, cid=4141, SUCCESS, logIndex=5847, commits[912a7d3b-e3f1-4985-b06b-5f0a929b8060:c5850]
2019-07-13 08:33:17,448 INFO  client.GrpcClientProtocolClient (GrpcClientProtocolClient.java:onNext(255)) - client-0616CB290F12->912a7d3b-e3f1-4985-b06b-5f0a929b8060: receive RaftClientReply:client-0616CB290F12->912a7d3b-e3f1-4985-b06b-5f0a929b8060@group-3636E5E7603C, cid=4142, SUCCESS, logIndex=5848, commits[912a7d3b-e3f1-4985-b06b-5f0a929b8060:c5850]
2019-07-13 08:33:17,448 INFO  client.GrpcClientProtocolClient (GrpcClientProtocolClient.java:onNext(255)) - client-0616CB290F12->912a7d3b-e3f1-4985-b06b-5f0a929b8060: receive RaftClientReply:client-0616CB290F12->912a7d3b-e3f1-4985-b06b-5f0a929b8060@group-3636E5E7603C, cid=4143, SUCCESS, logIndex=5849, commits[912a7d3b-e3f1-4985-b06b-5f0a929b8060:c5851]
2019-07-13 08:33:17,449 INFO  client.GrpcClientProtocolClient (GrpcClientProtocolClient.java:onNext(255)) - client-0616CB290F12->912a7d3b-e3f1-4985-b06b-5f0a929b8060: receive RaftClientReply:client-0616CB290F12->912a7d3b-e3f1-4985-b06b-5f0a929b8060@group-3636E5E7603C, cid=4144, SUCCESS, logIndex=5850, commits[912a7d3b-e3f1-4985-b06b-5f0a929b8060:c5851]
2019-07-13 08:33:17,473 INFO  client.GrpcClientProtocolClient (GrpcClientProtocolClient.java:onNext(255)) - client-0616CB290F12->912a7d3b-e3f1-4985-b06b-5f0a929b8060: receive RaftClientReply:client-0616CB290F12->912a7d3b-e3f1-4985-b06b-5f0a929b8060@group-3636E5E7603C, cid=4145, SUCCESS, logIndex=5852, commits[912a7d3b-e3f1-4985-b06b-5f0a929b8060:c5853]
2019-07-13 08:33:17,474 INFO  client.GrpcClientProtocolClient (GrpcClientProtocolClient.java:onNext(255)) - client-0616CB290F12->912a7d3b-e3f1-4985-b06b-5f0a929b8060: receive RaftClientReply:client-0616CB290F12->912a7d3b-e3f1-4985-b06b-5f0a929b8060@group-3636E5E7603C, cid=4146, SUCCESS, logIndex=5853, commits[912a7d3b-e3f1-4985-b06b-5f0a929b8060:c5853]
2019-07-13 08:33:17,475 INFO  client.GrpcClientProtocolClient (GrpcClientProtocolClient.java:onNext(255)) - client-0616CB290F12->912a7d3b-e3f1-4985-b06b-5f0a929b8060: receive RaftClientReply:client-0616CB290F12->912a7d3b-e3f1-4985-b06b-5f0a929b8060@group-3636E5E7603C, cid=4147, SUCCESS, logIndex=5854, commits[912a7d3b-e3f1-4985-b06b-5f0a929b8060:c5856]
2019-07-13 08:33:17,475 INFO  client.GrpcClientProtocolClient (GrpcClientProtocolClient.java:onNext(255)) - client-0616CB290F12->912a7d3b-e3f1-4985-b06b-5f0a929b8060: receive RaftClientReply:client-0616CB290F12->912a7d3b-e3f1-4985-b06b-5f0a929b8060@group-3636E5E7603C, cid=4148, SUCCESS, logIndex=5855, commits[912a7d3b-e3f1-4985-b06b-5f0a929b8060:c5856]
2019-07-13 08:33:17,499 INFO  client.GrpcClientProtocolClient (GrpcClientProtocolClient.java:onNext(255)) - client-0616CB290F12->912a7d3b-e3f1-4985-b06b-5f0a929b8060: receive RaftClientReply:client-0616CB290F12->912a7d3b-e3f1-4985-b06b-5f0a929b8060@group-3636E5E7603C, cid=4149, SUCCESS, logIndex=5857, commits[912a7d3b-e3f1-4985-b06b-5f0a929b8060:c5860]
2019-07-13 08:33:17,499 INFO  client.GrpcClientProtocolClient (GrpcClientProtocolClient.java:onNext(255)) - client-0616CB290F12->912a7d3b-e3f1-4985-b06b-5f0a929b8060: receive RaftClientReply:client-0616CB290F12->912a7d3b-e3f1-4985-b06b-5f0a929b8060@group-3636E5E7603C, cid=4150, SUCCESS, logIndex=5858, commits[912a7d3b-e3f1-4985-b06b-5f0a929b8060:c5860]
2019-07-13 08:33:17,500 INFO  client.GrpcClientProtocolClient (GrpcClientProtocolClient.java:onNext(255)) - client-0616CB290F12->912a7d3b-e3f1-4985-b06b-5f0a929b8060: receive RaftClientReply:client-0616CB290F12->912a7d3b-e3f1-4985-b06b-5f0a929b8060@group-3636E5E7603C, cid=4151, SUCCESS, logIndex=5859, commits[912a7d3b-e3f1-4985-b06b-5f0a929b8060:c5860]
2019-07-13 08:33:17,500 INFO  client.GrpcClientProtocolClient (GrpcClientProtocolClient.java:onNext(255)) - client-0616CB290F12->912a7d3b-e3f1-4985-b06b-5f0a929b8060: receive RaftClientReply:client-0616CB290F12->912a7d3b-e3f1-4985-b06b-5f0a929b8060@group-3636E5E7603C, cid=4152, SUCCESS, logIndex=5860, commits[912a7d3b-e3f1-4985-b06b-5f0a929b8060:c5860]
2019-07-13 08:33:17,502 DEBUG block.SCMBlockDeletingService (SCMBlockDeletingService.java:call(138)) - Running DeletedBlockTransactionScanner
2019-07-13 08:33:17,502 DEBUG block.SCMBlockDeletingService (SCMBlockDeletingService.java:call(155)) - Scanned deleted blocks log and got 0 delTX to process.
2019-07-13 08:33:17,535 INFO  client.GrpcClientProtocolClient (GrpcClientProtocolClient.java:onNext(255)) - client-0616CB290F12->912a7d3b-e3f1-4985-b06b-5f0a929b8060: receive RaftClientReply:client-0616CB290F12->912a7d3b-e3f1-4985-b06b-5f0a929b8060@group-3636E5E7603C, cid=4153, SUCCESS, logIndex=5862, commits[912a7d3b-e3f1-4985-b06b-5f0a929b8060:c5863]
2019-07-13 08:33:17,536 INFO  client.GrpcClientProtocolClient (GrpcClientProtocolClient.java:onNext(255)) - client-0616CB290F12->912a7d3b-e3f1-4985-b06b-5f0a929b8060: receive RaftClientReply:client-0616CB290F12->912a7d3b-e3f1-4985-b06b-5f0a929b8060@group-3636E5E7603C, cid=4154, SUCCESS, logIndex=5863, commits[912a7d3b-e3f1-4985-b06b-5f0a929b8060:c5864]
2019-07-13 08:33:17,602 DEBUG block.SCMBlockDeletingService (SCMBlockDeletingService.java:call(138)) - Running DeletedBlockTransactionScanner
2019-07-13 08:33:17,603 DEBUG block.SCMBlockDeletingService (SCMBlockDeletingService.java:call(155)) - Scanned deleted blocks log and got 0 delTX to process.
2019-07-13 08:33:17,635 INFO  client.GrpcClientProtocolClient (GrpcClientProtocolClient.java:onNext(255)) - client-0616CB290F12->912a7d3b-e3f1-4985-b06b-5f0a929b8060: receive RaftClientReply:client-0616CB290F12->912a7d3b-e3f1-4985-b06b-5f0a929b8060@group-3636E5E7603C, cid=4155, SUCCESS, logIndex=5865, commits[912a7d3b-e3f1-4985-b06b-5f0a929b8060:c5866]
2019-07-13 08:33:17,635 INFO  client.GrpcClientProtocolClient (GrpcClientProtocolClient.java:onNext(255)) - client-0616CB290F12->912a7d3b-e3f1-4985-b06b-5f0a929b8060: receive RaftClientReply:client-0616CB290F12->912a7d3b-e3f1-4985-b06b-5f0a929b8060@group-3636E5E7603C, cid=4156, SUCCESS, logIndex=5866, commits[912a7d3b-e3f1-4985-b06b-5f0a929b8060:c5867]
2019-07-13 08:33:17,655 INFO  client.GrpcClientProtocolClient (GrpcClientProtocolClient.java:onNext(255)) - client-0616CB290F12->912a7d3b-e3f1-4985-b06b-5f0a929b8060: receive RaftClientReply:client-0616CB290F12->912a7d3b-e3f1-4985-b06b-5f0a929b8060@group-3636E5E7603C, cid=4157, SUCCESS, logIndex=5868, commits[912a7d3b-e3f1-4985-b06b-5f0a929b8060:c5869]
2019-07-13 08:33:17,655 INFO  client.GrpcClientProtocolClient (GrpcClientProtocolClient.java:onNext(255)) - client-0616CB290F12->912a7d3b-e3f1-4985-b06b-5f0a929b8060: receive RaftClientReply:client-0616CB290F12->912a7d3b-e3f1-4985-b06b-5f0a929b8060@group-3636E5E7603C, cid=4158, SUCCESS, logIndex=5869, commits[912a7d3b-e3f1-4985-b06b-5f0a929b8060:c5871]
2019-07-13 08:33:17,656 INFO  client.GrpcClientProtocolClient (GrpcClientProtocolClient.java:onNext(255)) - client-0616CB290F12->912a7d3b-e3f1-4985-b06b-5f0a929b8060: receive RaftClientReply:client-0616CB290F12->912a7d3b-e3f1-4985-b06b-5f0a929b8060@group-3636E5E7603C, cid=4159, SUCCESS, logIndex=5870, commits[912a7d3b-e3f1-4985-b06b-5f0a929b8060:c5872]
2019-07-13 08:33:17,656 INFO  client.GrpcClientProtocolClient (GrpcClientProtocolClient.java:onNext(255)) - client-0616CB290F12->912a7d3b-e3f1-4985-b06b-5f0a929b8060: receive RaftClientReply:client-0616CB290F12->912a7d3b-e3f1-4985-b06b-5f0a929b8060@group-3636E5E7603C, cid=4160, SUCCESS, logIndex=5871, commits[912a7d3b-e3f1-4985-b06b-5f0a929b8060:c5872]
2019-07-13 08:33:17,690 INFO  client.GrpcClientProtocolClient (GrpcClientProtocolClient.java:onNext(255)) - client-0616CB290F12->912a7d3b-e3f1-4985-b06b-5f0a929b8060: receive RaftClientReply:client-0616CB290F12->912a7d3b-e3f1-4985-b06b-5f0a929b8060@group-3636E5E7603C, cid=4161, SUCCESS, logIndex=5874, commits[912a7d3b-e3f1-4985-b06b-5f0a929b8060:c5877]
2019-07-13 08:33:17,691 INFO  client.GrpcClientProtocolClient (GrpcClientProtocolClient.java:onNext(255)) - client-0616CB290F12->912a7d3b-e3f1-4985-b06b-5f0a929b8060: receive RaftClientReply:client-0616CB290F12->912a7d3b-e3f1-4985-b06b-5f0a929b8060@group-3636E5E7603C, cid=4162, SUCCESS, logIndex=5875, commits[912a7d3b-e3f1-4985-b06b-5f0a929b8060:c5878]
2019-07-13 08:33:17,691 INFO  client.GrpcClientProtocolClient (GrpcClientProtocolClient.java:onNext(255)) - client-0616CB290F12->912a7d3b-e3f1-4985-b06b-5f0a929b8060: receive RaftClientReply:client-0616CB290F12->912a7d3b-e3f1-4985-b06b-5f0a929b8060@group-3636E5E7603C, cid=4163, SUCCESS, logIndex=5876, commits[912a7d3b-e3f1-4985-b06b-5f0a929b8060:c5878]
2019-07-13 08:33:17,692 INFO  client.GrpcClientProtocolClient (GrpcClientProtocolClient.java:onNext(255)) - client-0616CB290F12->912a7d3b-e3f1-4985-b06b-5f0a929b8060: receive RaftClientReply:client-0616CB290F12->912a7d3b-e3f1-4985-b06b-5f0a929b8060@group-3636E5E7603C, cid=4164, SUCCESS, logIndex=5877, commits[912a7d3b-e3f1-4985-b06b-5f0a929b8060:c5878]
2019-07-13 08:33:17,703 DEBUG block.SCMBlockDeletingService (SCMBlockDeletingService.java:call(138)) - Running DeletedBlockTransactionScanner
2019-07-13 08:33:17,703 DEBUG block.SCMBlockDeletingService (SCMBlockDeletingService.java:call(155)) - Scanned deleted blocks log and got 0 delTX to process.
2019-07-13 08:33:17,711 INFO  client.GrpcClientProtocolClient (GrpcClientProtocolClient.java:onNext(255)) - client-0616CB290F12->912a7d3b-e3f1-4985-b06b-5f0a929b8060: receive RaftClientReply:client-0616CB290F12->912a7d3b-e3f1-4985-b06b-5f0a929b8060@group-3636E5E7603C, cid=4165, SUCCESS, logIndex=5879, commits[912a7d3b-e3f1-4985-b06b-5f0a929b8060:c5880]
2019-07-13 08:33:17,711 INFO  client.GrpcClientProtocolClient (GrpcClientProtocolClient.java:onNext(255)) - client-0616CB290F12->912a7d3b-e3f1-4985-b06b-5f0a929b8060: receive RaftClientReply:client-0616CB290F12->912a7d3b-e3f1-4985-b06b-5f0a929b8060@group-3636E5E7603C, cid=4166, SUCCESS, logIndex=5880, commits[912a7d3b-e3f1-4985-b06b-5f0a929b8060:c5880]
2019-07-13 08:33:17,713 INFO  client.GrpcClientProtocolClient (GrpcClientProtocolClient.java:onNext(255)) - client-0616CB290F12->912a7d3b-e3f1-4985-b06b-5f0a929b8060: receive RaftClientReply:client-0616CB290F12->912a7d3b-e3f1-4985-b06b-5f0a929b8060@group-3636E5E7603C, cid=4167, SUCCESS, logIndex=5881, commits[912a7d3b-e3f1-4985-b06b-5f0a929b8060:c5882]
2019-07-13 08:33:17,713 INFO  client.GrpcClientProtocolClient (GrpcClientProtocolClient.java:onNext(255)) - client-0616CB290F12->912a7d3b-e3f1-4985-b06b-5f0a929b8060: receive RaftClientReply:client-0616CB290F12->912a7d3b-e3f1-4985-b06b-5f0a929b8060@group-3636E5E7603C, cid=4168, SUCCESS, logIndex=5882, commits[912a7d3b-e3f1-4985-b06b-5f0a929b8060:c5882]
2019-07-13 08:33:17,747 INFO  client.GrpcClientProtocolClient (GrpcClientProtocolClient.java:onNext(255)) - client-0616CB290F12->912a7d3b-e3f1-4985-b06b-5f0a929b8060: receive RaftClientReply:client-0616CB290F12->912a7d3b-e3f1-4985-b06b-5f0a929b8060@group-3636E5E7603C, cid=4169, SUCCESS, logIndex=5885, commits[912a7d3b-e3f1-4985-b06b-5f0a929b8060:c5888]
2019-07-13 08:33:17,748 INFO  client.GrpcClientProtocolClient (GrpcClientProtocolClient.java:onNext(255)) - client-0616CB290F12->912a7d3b-e3f1-4985-b06b-5f0a929b8060: receive RaftClientReply:client-0616CB290F12->912a7d3b-e3f1-4985-b06b-5f0a929b8060@group-3636E5E7603C, cid=4170, SUCCESS, logIndex=5886, commits[912a7d3b-e3f1-4985-b06b-5f0a929b8060:c5889]
2019-07-13 08:33:17,748 INFO  client.GrpcClientProtocolClient (GrpcClientProtocolClient.java:onNext(255)) - client-0616CB290F12->912a7d3b-e3f1-4985-b06b-5f0a929b8060: receive RaftClientReply:client-0616CB290F12->912a7d3b-e3f1-4985-b06b-5f0a929b8060@group-3636E5E7603C, cid=4171, SUCCESS, logIndex=5887, commits[912a7d3b-e3f1-4985-b06b-5f0a929b8060:c5889]
2019-07-13 08:33:17,748 INFO  client.GrpcClientProtocolClient (GrpcClientProtocolClient.java:onNext(255)) - client-0616CB290F12->912a7d3b-e3f1-4985-b06b-5f0a929b8060: receive RaftClientReply:client-0616CB290F12->912a7d3b-e3f1-4985-b06b-5f0a929b8060@group-3636E5E7603C, cid=4172, SUCCESS, logIndex=5888, commits[912a7d3b-e3f1-4985-b06b-5f0a929b8060:c5889]
2019-07-13 08:33:17,770 INFO  client.GrpcClientProtocolClient (GrpcClientProtocolClient.java:onNext(255)) - client-0616CB290F12->912a7d3b-e3f1-4985-b06b-5f0a929b8060: receive RaftClientReply:client-0616CB290F12->912a7d3b-e3f1-4985-b06b-5f0a929b8060@group-3636E5E7603C, cid=4173, SUCCESS, logIndex=5890, commits[912a7d3b-e3f1-4985-b06b-5f0a929b8060:c5891]
2019-07-13 08:33:17,770 INFO  client.GrpcClientProtocolClient (GrpcClientProtocolClient.java:onNext(255)) - client-0616CB290F12->912a7d3b-e3f1-4985-b06b-5f0a929b8060: receive RaftClientReply:client-0616CB290F12->912a7d3b-e3f1-4985-b06b-5f0a929b8060@group-3636E5E7603C, cid=4174, SUCCESS, logIndex=5891, commits[912a7d3b-e3f1-4985-b06b-5f0a929b8060:c5894]
2019-07-13 08:33:17,772 INFO  client.GrpcClientProtocolClient (GrpcClientProtocolClient.java:onNext(255)) - client-0616CB290F12->912a7d3b-e3f1-4985-b06b-5f0a929b8060: receive RaftClientReply:client-0616CB290F12->912a7d3b-e3f1-4985-b06b-5f0a929b8060@group-3636E5E7603C, cid=4175, SUCCESS, logIndex=5892, commits[912a7d3b-e3f1-4985-b06b-5f0a929b8060:c5894]
2019-07-13 08:33:17,772 INFO  client.GrpcClientProtocolClient (GrpcClientProtocolClient.java:onNext(255)) - client-0616CB290F12->912a7d3b-e3f1-4985-b06b-5f0a929b8060: receive RaftClientReply:client-0616CB290F12->912a7d3b-e3f1-4985-b06b-5f0a929b8060@group-3636E5E7603C, cid=4176, SUCCESS, logIndex=5893, commits[912a7d3b-e3f1-4985-b06b-5f0a929b8060:c5894]
2019-07-13 08:33:17,804 DEBUG block.SCMBlockDeletingService (SCMBlockDeletingService.java:call(138)) - Running DeletedBlockTransactionScanner
2019-07-13 08:33:17,804 DEBUG block.SCMBlockDeletingService (SCMBlockDeletingService.java:call(155)) - Scanned deleted blocks log and got 0 delTX to process.
2019-07-13 08:33:17,807 INFO  client.GrpcClientProtocolClient (GrpcClientProtocolClient.java:onNext(255)) - client-0616CB290F12->912a7d3b-e3f1-4985-b06b-5f0a929b8060: receive RaftClientReply:client-0616CB290F12->912a7d3b-e3f1-4985-b06b-5f0a929b8060@group-3636E5E7603C, cid=4177, SUCCESS, logIndex=5895, commits[912a7d3b-e3f1-4985-b06b-5f0a929b8060:c5898]
2019-07-13 08:33:17,808 INFO  client.GrpcClientProtocolClient (GrpcClientProtocolClient.java:onNext(255)) - client-0616CB290F12->912a7d3b-e3f1-4985-b06b-5f0a929b8060: receive RaftClientReply:client-0616CB290F12->912a7d3b-e3f1-4985-b06b-5f0a929b8060@group-3636E5E7603C, cid=4178, SUCCESS, logIndex=5896, commits[912a7d3b-e3f1-4985-b06b-5f0a929b8060:c5898]
2019-07-13 08:33:17,808 INFO  client.GrpcClientProtocolClient (GrpcClientProtocolClient.java:onNext(255)) - client-0616CB290F12->912a7d3b-e3f1-4985-b06b-5f0a929b8060: receive RaftClientReply:client-0616CB290F12->912a7d3b-e3f1-4985-b06b-5f0a929b8060@group-3636E5E7603C, cid=4179, SUCCESS, logIndex=5897, commits[912a7d3b-e3f1-4985-b06b-5f0a929b8060:c5899]
2019-07-13 08:33:17,808 INFO  client.GrpcClientProtocolClient (GrpcClientProtocolClient.java:onNext(255)) - client-0616CB290F12->912a7d3b-e3f1-4985-b06b-5f0a929b8060: receive RaftClientReply:client-0616CB290F12->912a7d3b-e3f1-4985-b06b-5f0a929b8060@group-3636E5E7603C, cid=4180, SUCCESS, logIndex=5898, commits[912a7d3b-e3f1-4985-b06b-5f0a929b8060:c5900]
2019-07-13 08:33:17,834 INFO  client.GrpcClientProtocolClient (GrpcClientProtocolClient.java:onNext(255)) - client-0616CB290F12->912a7d3b-e3f1-4985-b06b-5f0a929b8060: receive RaftClientReply:client-0616CB290F12->912a7d3b-e3f1-4985-b06b-5f0a929b8060@group-3636E5E7603C, cid=4181, SUCCESS, logIndex=5901, commits[912a7d3b-e3f1-4985-b06b-5f0a929b8060:c5902]
2019-07-13 08:33:17,835 INFO  client.GrpcClientProtocolClient (GrpcClientProtocolClient.java:onNext(255)) - client-0616CB290F12->912a7d3b-e3f1-4985-b06b-5f0a929b8060: receive RaftClientReply:client-0616CB290F12->912a7d3b-e3f1-4985-b06b-5f0a929b8060@group-3636E5E7603C, cid=4182, SUCCESS, logIndex=5902, commits[912a7d3b-e3f1-4985-b06b-5f0a929b8060:c5904]
2019-07-13 08:33:17,835 INFO  client.GrpcClientProtocolClient (GrpcClientProtocolClient.java:onNext(255)) - client-0616CB290F12->912a7d3b-e3f1-4985-b06b-5f0a929b8060: receive RaftClientReply:client-0616CB290F12->912a7d3b-e3f1-4985-b06b-5f0a929b8060@group-3636E5E7603C, cid=4183, SUCCESS, logIndex=5903, commits[912a7d3b-e3f1-4985-b06b-5f0a929b8060:c5904]
2019-07-13 08:33:17,835 INFO  client.GrpcClientProtocolClient (GrpcClientProtocolClient.java:onNext(255)) - client-0616CB290F12->912a7d3b-e3f1-4985-b06b-5f0a929b8060: receive RaftClientReply:client-0616CB290F12->912a7d3b-e3f1-4985-b06b-5f0a929b8060@group-3636E5E7603C, cid=4184, SUCCESS, logIndex=5904, commits[912a7d3b-e3f1-4985-b06b-5f0a929b8060:c5905]
2019-07-13 08:33:17,868 INFO  client.GrpcClientProtocolClient (GrpcClientProtocolClient.java:onNext(255)) - client-0616CB290F12->912a7d3b-e3f1-4985-b06b-5f0a929b8060: receive RaftClientReply:client-0616CB290F12->912a7d3b-e3f1-4985-b06b-5f0a929b8060@group-3636E5E7603C, cid=4185, SUCCESS, logIndex=5907, commits[912a7d3b-e3f1-4985-b06b-5f0a929b8060:c5908]
2019-07-13 08:33:17,869 INFO  client.GrpcClientProtocolClient (GrpcClientProtocolClient.java:onNext(255)) - client-0616CB290F12->912a7d3b-e3f1-4985-b06b-5f0a929b8060: receive RaftClientReply:client-0616CB290F12->912a7d3b-e3f1-4985-b06b-5f0a929b8060@group-3636E5E7603C, cid=4186, SUCCESS, logIndex=5908, commits[912a7d3b-e3f1-4985-b06b-5f0a929b8060:c5910]
2019-07-13 08:33:17,869 INFO  client.GrpcClientProtocolClient (GrpcClientProtocolClient.java:onNext(255)) - client-0616CB290F12->912a7d3b-e3f1-4985-b06b-5f0a929b8060: receive RaftClientReply:client-0616CB290F12->912a7d3b-e3f1-4985-b06b-5f0a929b8060@group-3636E5E7603C, cid=4187, SUCCESS, logIndex=5909, commits[912a7d3b-e3f1-4985-b06b-5f0a929b8060:c5910]
2019-07-13 08:33:17,869 INFO  client.GrpcClientProtocolClient (GrpcClientProtocolClient.java:onNext(255)) - client-0616CB290F12->912a7d3b-e3f1-4985-b06b-5f0a929b8060: receive RaftClientReply:client-0616CB290F12->912a7d3b-e3f1-4985-b06b-5f0a929b8060@group-3636E5E7603C, cid=4188, SUCCESS, logIndex=5910, commits[912a7d3b-e3f1-4985-b06b-5f0a929b8060:c5911]
2019-07-13 08:33:17,889 INFO  client.GrpcClientProtocolClient (GrpcClientProtocolClient.java:onNext(255)) - client-0616CB290F12->912a7d3b-e3f1-4985-b06b-5f0a929b8060: receive RaftClientReply:client-0616CB290F12->912a7d3b-e3f1-4985-b06b-5f0a929b8060@group-3636E5E7603C, cid=4189, SUCCESS, logIndex=5913, commits[912a7d3b-e3f1-4985-b06b-5f0a929b8060:c5914]
2019-07-13 08:33:17,890 INFO  client.GrpcClientProtocolClient (GrpcClientProtocolClient.java:onNext(255)) - client-0616CB290F12->912a7d3b-e3f1-4985-b06b-5f0a929b8060: receive RaftClientReply:client-0616CB290F12->912a7d3b-e3f1-4985-b06b-5f0a929b8060@group-3636E5E7603C, cid=4190, SUCCESS, logIndex=5914, commits[912a7d3b-e3f1-4985-b06b-5f0a929b8060:c5914]
2019-07-13 08:33:17,892 INFO  client.GrpcClientProtocolClient (GrpcClientProtocolClient.java:onNext(255)) - client-0616CB290F12->912a7d3b-e3f1-4985-b06b-5f0a929b8060: receive RaftClientReply:client-0616CB290F12->912a7d3b-e3f1-4985-b06b-5f0a929b8060@group-3636E5E7603C, cid=4191, SUCCESS, logIndex=5915, commits[912a7d3b-e3f1-4985-b06b-5f0a929b8060:c5916]
2019-07-13 08:33:17,892 INFO  client.GrpcClientProtocolClient (GrpcClientProtocolClient.java:onNext(255)) - client-0616CB290F12->912a7d3b-e3f1-4985-b06b-5f0a929b8060: receive RaftClientReply:client-0616CB290F12->912a7d3b-e3f1-4985-b06b-5f0a929b8060@group-3636E5E7603C, cid=4192, SUCCESS, logIndex=5916, commits[912a7d3b-e3f1-4985-b06b-5f0a929b8060:c5916]
2019-07-13 08:33:17,904 DEBUG block.SCMBlockDeletingService (SCMBlockDeletingService.java:call(138)) - Running DeletedBlockTransactionScanner
2019-07-13 08:33:17,904 DEBUG block.SCMBlockDeletingService (SCMBlockDeletingService.java:call(155)) - Scanned deleted blocks log and got 0 delTX to process.
2019-07-13 08:33:17,925 INFO  client.GrpcClientProtocolClient (GrpcClientProtocolClient.java:onNext(255)) - client-0616CB290F12->912a7d3b-e3f1-4985-b06b-5f0a929b8060: receive RaftClientReply:client-0616CB290F12->912a7d3b-e3f1-4985-b06b-5f0a929b8060@group-3636E5E7603C, cid=4193, SUCCESS, logIndex=5919, commits[912a7d3b-e3f1-4985-b06b-5f0a929b8060:c5922]
2019-07-13 08:33:17,926 INFO  client.GrpcClientProtocolClient (GrpcClientProtocolClient.java:onNext(255)) - client-0616CB290F12->912a7d3b-e3f1-4985-b06b-5f0a929b8060: receive RaftClientReply:client-0616CB290F12->912a7d3b-e3f1-4985-b06b-5f0a929b8060@group-3636E5E7603C, cid=4194, SUCCESS, logIndex=5920, commits[912a7d3b-e3f1-4985-b06b-5f0a929b8060:c5923]
2019-07-13 08:33:17,930 INFO  client.GrpcClientProtocolClient (GrpcClientProtocolClient.java:onNext(255)) - client-0616CB290F12->912a7d3b-e3f1-4985-b06b-5f0a929b8060: receive RaftClientReply:client-0616CB290F12->912a7d3b-e3f1-4985-b06b-5f0a929b8060@group-3636E5E7603C, cid=4195, SUCCESS, logIndex=5921, commits[912a7d3b-e3f1-4985-b06b-5f0a929b8060:c5923]
2019-07-13 08:33:17,931 INFO  client.GrpcClientProtocolClient (GrpcClientProtocolClient.java:onNext(255)) - client-0616CB290F12->912a7d3b-e3f1-4985-b06b-5f0a929b8060: receive RaftClientReply:client-0616CB290F12->912a7d3b-e3f1-4985-b06b-5f0a929b8060@group-3636E5E7603C, cid=4196, SUCCESS, logIndex=5922, commits[912a7d3b-e3f1-4985-b06b-5f0a929b8060:c5923]
2019-07-13 08:33:18,006 DEBUG block.SCMBlockDeletingService (SCMBlockDeletingService.java:call(138)) - Running DeletedBlockTransactionScanner
2019-07-13 08:33:18,007 DEBUG block.SCMBlockDeletingService (SCMBlockDeletingService.java:call(155)) - Scanned deleted blocks log and got 0 delTX to process.
2019-07-13 08:33:18,025 INFO  client.GrpcClientProtocolClient (GrpcClientProtocolClient.java:onNext(255)) - client-0616CB290F12->912a7d3b-e3f1-4985-b06b-5f0a929b8060: receive RaftClientReply:client-0616CB290F12->912a7d3b-e3f1-4985-b06b-5f0a929b8060@group-3636E5E7603C, cid=4197, SUCCESS, logIndex=5924, commits[912a7d3b-e3f1-4985-b06b-5f0a929b8060:c5926]
2019-07-13 08:33:18,026 INFO  client.GrpcClientProtocolClient (GrpcClientProtocolClient.java:onNext(255)) - client-0616CB290F12->912a7d3b-e3f1-4985-b06b-5f0a929b8060: receive RaftClientReply:client-0616CB290F12->912a7d3b-e3f1-4985-b06b-5f0a929b8060@group-3636E5E7603C, cid=4198, SUCCESS, logIndex=5925, commits[912a7d3b-e3f1-4985-b06b-5f0a929b8060:c5926]
2019-07-13 08:33:18,107 DEBUG block.SCMBlockDeletingService (SCMBlockDeletingService.java:call(138)) - Running DeletedBlockTransactionScanner
2019-07-13 08:33:18,107 DEBUG block.SCMBlockDeletingService (SCMBlockDeletingService.java:call(155)) - Scanned deleted blocks log and got 0 delTX to process.
2019-07-13 08:33:18,151 INFO  client.GrpcClientProtocolClient (GrpcClientProtocolClient.java:onNext(255)) - client-0616CB290F12->912a7d3b-e3f1-4985-b06b-5f0a929b8060: receive RaftClientReply:client-0616CB290F12->912a7d3b-e3f1-4985-b06b-5f0a929b8060@group-3636E5E7603C, cid=4199, SUCCESS, logIndex=5927, commits[912a7d3b-e3f1-4985-b06b-5f0a929b8060:c5928]
2019-07-13 08:33:18,151 INFO  client.GrpcClientProtocolClient (GrpcClientProtocolClient.java:onNext(255)) - client-0616CB290F12->912a7d3b-e3f1-4985-b06b-5f0a929b8060: receive RaftClientReply:client-0616CB290F12->912a7d3b-e3f1-4985-b06b-5f0a929b8060@group-3636E5E7603C, cid=4200, SUCCESS, logIndex=5928, commits[912a7d3b-e3f1-4985-b06b-5f0a929b8060:c5929]
2019-07-13 08:33:18,187 INFO  client.GrpcClientProtocolClient (GrpcClientProtocolClient.java:onNext(255)) - client-0616CB290F12->912a7d3b-e3f1-4985-b06b-5f0a929b8060: receive RaftClientReply:client-0616CB290F12->912a7d3b-e3f1-4985-b06b-5f0a929b8060@group-3636E5E7603C, cid=4201, SUCCESS, logIndex=5930, commits[912a7d3b-e3f1-4985-b06b-5f0a929b8060:c5931]
2019-07-13 08:33:18,187 INFO  client.GrpcClientProtocolClient (GrpcClientProtocolClient.java:onNext(255)) - client-0616CB290F12->912a7d3b-e3f1-4985-b06b-5f0a929b8060: receive RaftClientReply:client-0616CB290F12->912a7d3b-e3f1-4985-b06b-5f0a929b8060@group-3636E5E7603C, cid=4202, SUCCESS, logIndex=5931, commits[912a7d3b-e3f1-4985-b06b-5f0a929b8060:c5931]
2019-07-13 08:33:18,188 INFO  client.GrpcClientProtocolClient (GrpcClientProtocolClient.java:onNext(255)) - client-0616CB290F12->912a7d3b-e3f1-4985-b06b-5f0a929b8060: receive RaftClientReply:client-0616CB290F12->912a7d3b-e3f1-4985-b06b-5f0a929b8060@group-3636E5E7603C, cid=4203, SUCCESS, logIndex=5932, commits[912a7d3b-e3f1-4985-b06b-5f0a929b8060:c5933]
2019-07-13 08:33:18,189 INFO  client.GrpcClientProtocolClient (GrpcClientProtocolClient.java:onNext(255)) - client-0616CB290F12->912a7d3b-e3f1-4985-b06b-5f0a929b8060: receive RaftClientReply:client-0616CB290F12->912a7d3b-e3f1-4985-b06b-5f0a929b8060@group-3636E5E7603C, cid=4204, SUCCESS, logIndex=5933, commits[912a7d3b-e3f1-4985-b06b-5f0a929b8060:c5933]
2019-07-13 08:33:18,208 DEBUG block.SCMBlockDeletingService (SCMBlockDeletingService.java:call(138)) - Running DeletedBlockTransactionScanner
2019-07-13 08:33:18,208 DEBUG block.SCMBlockDeletingService (SCMBlockDeletingService.java:call(155)) - Scanned deleted blocks log and got 0 delTX to process.
2019-07-13 08:33:18,213 INFO  client.GrpcClientProtocolClient (GrpcClientProtocolClient.java:onNext(255)) - client-0616CB290F12->912a7d3b-e3f1-4985-b06b-5f0a929b8060: receive RaftClientReply:client-0616CB290F12->912a7d3b-e3f1-4985-b06b-5f0a929b8060@group-3636E5E7603C, cid=4205, SUCCESS, logIndex=5936, commits[912a7d3b-e3f1-4985-b06b-5f0a929b8060:c5939]
2019-07-13 08:33:18,213 INFO  client.GrpcClientProtocolClient (GrpcClientProtocolClient.java:onNext(255)) - client-0616CB290F12->912a7d3b-e3f1-4985-b06b-5f0a929b8060: receive RaftClientReply:client-0616CB290F12->912a7d3b-e3f1-4985-b06b-5f0a929b8060@group-3636E5E7603C, cid=4206, SUCCESS, logIndex=5937, commits[912a7d3b-e3f1-4985-b06b-5f0a929b8060:c5940]
2019-07-13 08:33:18,214 INFO  client.GrpcClientProtocolClient (GrpcClientProtocolClient.java:onNext(255)) - client-0616CB290F12->912a7d3b-e3f1-4985-b06b-5f0a929b8060: receive RaftClientReply:client-0616CB290F12->912a7d3b-e3f1-4985-b06b-5f0a929b8060@group-3636E5E7603C, cid=4207, SUCCESS, logIndex=5938, commits[912a7d3b-e3f1-4985-b06b-5f0a929b8060:c5940]
2019-07-13 08:33:18,214 INFO  client.GrpcClientProtocolClient (GrpcClientProtocolClient.java:onNext(255)) - client-0616CB290F12->912a7d3b-e3f1-4985-b06b-5f0a929b8060: receive RaftClientReply:client-0616CB290F12->912a7d3b-e3f1-4985-b06b-5f0a929b8060@group-3636E5E7603C, cid=4208, SUCCESS, logIndex=5939, commits[912a7d3b-e3f1-4985-b06b-5f0a929b8060:c5940]
2019-07-13 08:33:18,250 INFO  client.GrpcClientProtocolClient (GrpcClientProtocolClient.java:onNext(255)) - client-0616CB290F12->912a7d3b-e3f1-4985-b06b-5f0a929b8060: receive RaftClientReply:client-0616CB290F12->912a7d3b-e3f1-4985-b06b-5f0a929b8060@group-3636E5E7603C, cid=4209, SUCCESS, logIndex=5941, commits[912a7d3b-e3f1-4985-b06b-5f0a929b8060:c5944]
2019-07-13 08:33:18,250 INFO  client.GrpcClientProtocolClient (GrpcClientProtocolClient.java:onNext(255)) - client-0616CB290F12->912a7d3b-e3f1-4985-b06b-5f0a929b8060: receive RaftClientReply:client-0616CB290F12->912a7d3b-e3f1-4985-b06b-5f0a929b8060@group-3636E5E7603C, cid=4210, SUCCESS, logIndex=5942, commits[912a7d3b-e3f1-4985-b06b-5f0a929b8060:c5944]
2019-07-13 08:33:18,251 INFO  client.GrpcClientProtocolClient (GrpcClientProtocolClient.java:onNext(255)) - client-0616CB290F12->912a7d3b-e3f1-4985-b06b-5f0a929b8060: receive RaftClientReply:client-0616CB290F12->912a7d3b-e3f1-4985-b06b-5f0a929b8060@group-3636E5E7603C, cid=4211, SUCCESS, logIndex=5943, commits[912a7d3b-e3f1-4985-b06b-5f0a929b8060:c5944]
2019-07-13 08:33:18,251 INFO  client.GrpcClientProtocolClient (GrpcClientProtocolClient.java:onNext(255)) - client-0616CB290F12->912a7d3b-e3f1-4985-b06b-5f0a929b8060: receive RaftClientReply:client-0616CB290F12->912a7d3b-e3f1-4985-b06b-5f0a929b8060@group-3636E5E7603C, cid=4212, SUCCESS, logIndex=5944, commits[912a7d3b-e3f1-4985-b06b-5f0a929b8060:c5944]
2019-07-13 08:33:18,274 INFO  client.GrpcClientProtocolClient (GrpcClientProtocolClient.java:onNext(255)) - client-0616CB290F12->912a7d3b-e3f1-4985-b06b-5f0a929b8060: receive RaftClientReply:client-0616CB290F12->912a7d3b-e3f1-4985-b06b-5f0a929b8060@group-3636E5E7603C, cid=4213, SUCCESS, logIndex=5946, commits[912a7d3b-e3f1-4985-b06b-5f0a929b8060:c5949]
2019-07-13 08:33:18,274 INFO  client.GrpcClientProtocolClient (GrpcClientProtocolClient.java:onNext(255)) - client-0616CB290F12->912a7d3b-e3f1-4985-b06b-5f0a929b8060: receive RaftClientReply:client-0616CB290F12->912a7d3b-e3f1-4985-b06b-5f0a929b8060@group-3636E5E7603C, cid=4214, SUCCESS, logIndex=5947, commits[912a7d3b-e3f1-4985-b06b-5f0a929b8060:c5949]
2019-07-13 08:33:18,275 INFO  client.GrpcClientProtocolClient (GrpcClientProtocolClient.java:onNext(255)) - client-0616CB290F12->912a7d3b-e3f1-4985-b06b-5f0a929b8060: receive RaftClientReply:client-0616CB290F12->912a7d3b-e3f1-4985-b06b-5f0a929b8060@group-3636E5E7603C, cid=4215, SUCCESS, logIndex=5948, commits[912a7d3b-e3f1-4985-b06b-5f0a929b8060:c5950]
2019-07-13 08:33:18,275 INFO  client.GrpcClientProtocolClient (GrpcClientProtocolClient.java:onNext(255)) - client-0616CB290F12->912a7d3b-e3f1-4985-b06b-5f0a929b8060: receive RaftClientReply:client-0616CB290F12->912a7d3b-e3f1-4985-b06b-5f0a929b8060@group-3636E5E7603C, cid=4216, SUCCESS, logIndex=5949, commits[912a7d3b-e3f1-4985-b06b-5f0a929b8060:c5950]
2019-07-13 08:33:18,308 DEBUG block.SCMBlockDeletingService (SCMBlockDeletingService.java:call(138)) - Running DeletedBlockTransactionScanner
2019-07-13 08:33:18,309 DEBUG block.SCMBlockDeletingService (SCMBlockDeletingService.java:call(155)) - Scanned deleted blocks log and got 0 delTX to process.
2019-07-13 08:33:18,311 INFO  client.GrpcClientProtocolClient (GrpcClientProtocolClient.java:onNext(255)) - client-0616CB290F12->912a7d3b-e3f1-4985-b06b-5f0a929b8060: receive RaftClientReply:client-0616CB290F12->912a7d3b-e3f1-4985-b06b-5f0a929b8060@group-3636E5E7603C, cid=4217, SUCCESS, logIndex=5951, commits[912a7d3b-e3f1-4985-b06b-5f0a929b8060:c5954]
2019-07-13 08:33:18,311 INFO  client.GrpcClientProtocolClient (GrpcClientProtocolClient.java:onNext(255)) - client-0616CB290F12->912a7d3b-e3f1-4985-b06b-5f0a929b8060: receive RaftClientReply:client-0616CB290F12->912a7d3b-e3f1-4985-b06b-5f0a929b8060@group-3636E5E7603C, cid=4218, SUCCESS, logIndex=5952, commits[912a7d3b-e3f1-4985-b06b-5f0a929b8060:c5954]
2019-07-13 08:33:18,312 INFO  client.GrpcClientProtocolClient (GrpcClientProtocolClient.java:onNext(255)) - client-0616CB290F12->912a7d3b-e3f1-4985-b06b-5f0a929b8060: receive RaftClientReply:client-0616CB290F12->912a7d3b-e3f1-4985-b06b-5f0a929b8060@group-3636E5E7603C, cid=4219, SUCCESS, logIndex=5953, commits[912a7d3b-e3f1-4985-b06b-5f0a929b8060:c5955]
2019-07-13 08:33:18,312 INFO  client.GrpcClientProtocolClient (GrpcClientProtocolClient.java:onNext(255)) - client-0616CB290F12->912a7d3b-e3f1-4985-b06b-5f0a929b8060: receive RaftClientReply:client-0616CB290F12->912a7d3b-e3f1-4985-b06b-5f0a929b8060@group-3636E5E7603C, cid=4220, SUCCESS, logIndex=5954, commits[912a7d3b-e3f1-4985-b06b-5f0a929b8060:c5955]
2019-07-13 08:33:18,335 INFO  client.GrpcClientProtocolClient (GrpcClientProtocolClient.java:onNext(255)) - client-0616CB290F12->912a7d3b-e3f1-4985-b06b-5f0a929b8060: receive RaftClientReply:client-0616CB290F12->912a7d3b-e3f1-4985-b06b-5f0a929b8060@group-3636E5E7603C, cid=4221, SUCCESS, logIndex=5956, commits[912a7d3b-e3f1-4985-b06b-5f0a929b8060:c5959]
2019-07-13 08:33:18,336 INFO  client.GrpcClientProtocolClient (GrpcClientProtocolClient.java:onNext(255)) - client-0616CB290F12->912a7d3b-e3f1-4985-b06b-5f0a929b8060: receive RaftClientReply:client-0616CB290F12->912a7d3b-e3f1-4985-b06b-5f0a929b8060@group-3636E5E7603C, cid=4222, SUCCESS, logIndex=5957, commits[912a7d3b-e3f1-4985-b06b-5f0a929b8060:c5960]
2019-07-13 08:33:18,336 INFO  client.GrpcClientProtocolClient (GrpcClientProtocolClient.java:onNext(255)) - client-0616CB290F12->912a7d3b-e3f1-4985-b06b-5f0a929b8060: receive RaftClientReply:client-0616CB290F12->912a7d3b-e3f1-4985-b06b-5f0a929b8060@group-3636E5E7603C, cid=4223, SUCCESS, logIndex=5958, commits[912a7d3b-e3f1-4985-b06b-5f0a929b8060:c5960]
2019-07-13 08:33:18,336 INFO  client.GrpcClientProtocolClient (GrpcClientProtocolClient.java:onNext(255)) - client-0616CB290F12->912a7d3b-e3f1-4985-b06b-5f0a929b8060: receive RaftClientReply:client-0616CB290F12->912a7d3b-e3f1-4985-b06b-5f0a929b8060@group-3636E5E7603C, cid=4224, SUCCESS, logIndex=5959, commits[912a7d3b-e3f1-4985-b06b-5f0a929b8060:c5960]
2019-07-13 08:33:18,367 INFO  client.GrpcClientProtocolClient (GrpcClientProtocolClient.java:onNext(255)) - client-0616CB290F12->912a7d3b-e3f1-4985-b06b-5f0a929b8060: receive RaftClientReply:client-0616CB290F12->912a7d3b-e3f1-4985-b06b-5f0a929b8060@group-3636E5E7603C, cid=4225, SUCCESS, logIndex=5961, commits[912a7d3b-e3f1-4985-b06b-5f0a929b8060:c5962]
2019-07-13 08:33:18,368 INFO  client.GrpcClientProtocolClient (GrpcClientProtocolClient.java:onNext(255)) - client-0616CB290F12->912a7d3b-e3f1-4985-b06b-5f0a929b8060: receive RaftClientReply:client-0616CB290F12->912a7d3b-e3f1-4985-b06b-5f0a929b8060@group-3636E5E7603C, cid=4226, SUCCESS, logIndex=5962, commits[912a7d3b-e3f1-4985-b06b-5f0a929b8060:c5962]
2019-07-13 08:33:18,369 INFO  client.GrpcClientProtocolClient (GrpcClientProtocolClient.java:onNext(255)) - client-0616CB290F12->912a7d3b-e3f1-4985-b06b-5f0a929b8060: receive RaftClientReply:client-0616CB290F12->912a7d3b-e3f1-4985-b06b-5f0a929b8060@group-3636E5E7603C, cid=4227, SUCCESS, logIndex=5963, commits[912a7d3b-e3f1-4985-b06b-5f0a929b8060:c5964]
2019-07-13 08:33:18,369 INFO  client.GrpcClientProtocolClient (GrpcClientProtocolClient.java:onNext(255)) - client-0616CB290F12->912a7d3b-e3f1-4985-b06b-5f0a929b8060: receive RaftClientReply:client-0616CB290F12->912a7d3b-e3f1-4985-b06b-5f0a929b8060@group-3636E5E7603C, cid=4228, SUCCESS, logIndex=5964, commits[912a7d3b-e3f1-4985-b06b-5f0a929b8060:c5964]
2019-07-13 08:33:18,392 INFO  client.GrpcClientProtocolClient (GrpcClientProtocolClient.java:onNext(255)) - client-0616CB290F12->912a7d3b-e3f1-4985-b06b-5f0a929b8060: receive RaftClientReply:client-0616CB290F12->912a7d3b-e3f1-4985-b06b-5f0a929b8060@group-3636E5E7603C, cid=4229, SUCCESS, logIndex=5967, commits[912a7d3b-e3f1-4985-b06b-5f0a929b8060:c5970]
2019-07-13 08:33:18,393 INFO  client.GrpcClientProtocolClient (GrpcClientProtocolClient.java:onNext(255)) - client-0616CB290F12->912a7d3b-e3f1-4985-b06b-5f0a929b8060: receive RaftClientReply:client-0616CB290F12->912a7d3b-e3f1-4985-b06b-5f0a929b8060@group-3636E5E7603C, cid=4230, SUCCESS, logIndex=5968, commits[912a7d3b-e3f1-4985-b06b-5f0a929b8060:c5971]
2019-07-13 08:33:18,393 INFO  client.GrpcClientProtocolClient (GrpcClientProtocolClient.java:onNext(255)) - client-0616CB290F12->912a7d3b-e3f1-4985-b06b-5f0a929b8060: receive RaftClientReply:client-0616CB290F12->912a7d3b-e3f1-4985-b06b-5f0a929b8060@group-3636E5E7603C, cid=4231, SUCCESS, logIndex=5969, commits[912a7d3b-e3f1-4985-b06b-5f0a929b8060:c5971]
2019-07-13 08:33:18,393 INFO  client.GrpcClientProtocolClient (GrpcClientProtocolClient.java:onNext(255)) - client-0616CB290F12->912a7d3b-e3f1-4985-b06b-5f0a929b8060: receive RaftClientReply:client-0616CB290F12->912a7d3b-e3f1-4985-b06b-5f0a929b8060@group-3636E5E7603C, cid=4232, SUCCESS, logIndex=5970, commits[912a7d3b-e3f1-4985-b06b-5f0a929b8060:c5971]
2019-07-13 08:33:18,409 DEBUG block.SCMBlockDeletingService (SCMBlockDeletingService.java:call(138)) - Running DeletedBlockTransactionScanner
2019-07-13 08:33:18,409 DEBUG block.SCMBlockDeletingService (SCMBlockDeletingService.java:call(155)) - Scanned deleted blocks log and got 0 delTX to process.
2019-07-13 08:33:18,436 INFO  client.GrpcClientProtocolClient (GrpcClientProtocolClient.java:onNext(255)) - client-0616CB290F12->912a7d3b-e3f1-4985-b06b-5f0a929b8060: receive RaftClientReply:client-0616CB290F12->912a7d3b-e3f1-4985-b06b-5f0a929b8060@group-3636E5E7603C, cid=4233, SUCCESS, logIndex=5972, commits[912a7d3b-e3f1-4985-b06b-5f0a929b8060:c5975]
2019-07-13 08:33:18,438 INFO  client.GrpcClientProtocolClient (GrpcClientProtocolClient.java:onNext(255)) - client-0616CB290F12->912a7d3b-e3f1-4985-b06b-5f0a929b8060: receive RaftClientReply:client-0616CB290F12->912a7d3b-e3f1-4985-b06b-5f0a929b8060@group-3636E5E7603C, cid=4234, SUCCESS, logIndex=5973, commits[912a7d3b-e3f1-4985-b06b-5f0a929b8060:c5975]
2019-07-13 08:33:18,438 INFO  client.GrpcClientProtocolClient (GrpcClientProtocolClient.java:onNext(255)) - client-0616CB290F12->912a7d3b-e3f1-4985-b06b-5f0a929b8060: receive RaftClientReply:client-0616CB290F12->912a7d3b-e3f1-4985-b06b-5f0a929b8060@group-3636E5E7603C, cid=4235, SUCCESS, logIndex=5974, commits[912a7d3b-e3f1-4985-b06b-5f0a929b8060:c5975]
2019-07-13 08:33:18,439 INFO  client.GrpcClientProtocolClient (GrpcClientProtocolClient.java:onNext(255)) - client-0616CB290F12->912a7d3b-e3f1-4985-b06b-5f0a929b8060: receive RaftClientReply:client-0616CB290F12->912a7d3b-e3f1-4985-b06b-5f0a929b8060@group-3636E5E7603C, cid=4236, SUCCESS, logIndex=5975, commits[912a7d3b-e3f1-4985-b06b-5f0a929b8060:c5975]
2019-07-13 08:33:18,454 INFO  client.GrpcClientProtocolClient (GrpcClientProtocolClient.java:onNext(255)) - client-0616CB290F12->912a7d3b-e3f1-4985-b06b-5f0a929b8060: receive RaftClientReply:client-0616CB290F12->912a7d3b-e3f1-4985-b06b-5f0a929b8060@group-3636E5E7603C, cid=4237, SUCCESS, logIndex=5977, commits[912a7d3b-e3f1-4985-b06b-5f0a929b8060:c5980]
2019-07-13 08:33:18,454 INFO  client.GrpcClientProtocolClient (GrpcClientProtocolClient.java:onNext(255)) - client-0616CB290F12->912a7d3b-e3f1-4985-b06b-5f0a929b8060: receive RaftClientReply:client-0616CB290F12->912a7d3b-e3f1-4985-b06b-5f0a929b8060@group-3636E5E7603C, cid=4238, SUCCESS, logIndex=5978, commits[912a7d3b-e3f1-4985-b06b-5f0a929b8060:c5980]
2019-07-13 08:33:18,454 INFO  client.GrpcClientProtocolClient (GrpcClientProtocolClient.java:onNext(255)) - client-0616CB290F12->912a7d3b-e3f1-4985-b06b-5f0a929b8060: receive RaftClientReply:client-0616CB290F12->912a7d3b-e3f1-4985-b06b-5f0a929b8060@group-3636E5E7603C, cid=4239, SUCCESS, logIndex=5979, commits[912a7d3b-e3f1-4985-b06b-5f0a929b8060:c5980]
2019-07-13 08:33:18,455 INFO  client.GrpcClientProtocolClient (GrpcClientProtocolClient.java:onNext(255)) - client-0616CB290F12->912a7d3b-e3f1-4985-b06b-5f0a929b8060: receive RaftClientReply:client-0616CB290F12->912a7d3b-e3f1-4985-b06b-5f0a929b8060@group-3636E5E7603C, cid=4240, SUCCESS, logIndex=5980, commits[912a7d3b-e3f1-4985-b06b-5f0a929b8060:c5980]
2019-07-13 08:33:18,493 INFO  client.GrpcClientProtocolClient (GrpcClientProtocolClient.java:onNext(255)) - client-0616CB290F12->912a7d3b-e3f1-4985-b06b-5f0a929b8060: receive RaftClientReply:client-0616CB290F12->912a7d3b-e3f1-4985-b06b-5f0a929b8060@group-3636E5E7603C, cid=4241, SUCCESS, logIndex=5982, commits[912a7d3b-e3f1-4985-b06b-5f0a929b8060:c5983]
2019-07-13 08:33:18,494 INFO  client.GrpcClientProtocolClient (GrpcClientProtocolClient.java:onNext(255)) - client-0616CB290F12->912a7d3b-e3f1-4985-b06b-5f0a929b8060: receive RaftClientReply:client-0616CB290F12->912a7d3b-e3f1-4985-b06b-5f0a929b8060@group-3636E5E7603C, cid=4242, SUCCESS, logIndex=5983, commits[912a7d3b-e3f1-4985-b06b-5f0a929b8060:c5984]
2019-07-13 08:33:18,510 DEBUG block.SCMBlockDeletingService (SCMBlockDeletingService.java:call(138)) - Running DeletedBlockTransactionScanner
2019-07-13 08:33:18,510 DEBUG block.SCMBlockDeletingService (SCMBlockDeletingService.java:call(155)) - Scanned deleted blocks log and got 0 delTX to process.
2019-07-13 08:33:18,611 DEBUG block.SCMBlockDeletingService (SCMBlockDeletingService.java:call(138)) - Running DeletedBlockTransactionScanner
2019-07-13 08:33:18,611 DEBUG block.SCMBlockDeletingService (SCMBlockDeletingService.java:call(155)) - Scanned deleted blocks log and got 0 delTX to process.
2019-07-13 08:33:18,613 INFO  client.GrpcClientProtocolClient (GrpcClientProtocolClient.java:onNext(255)) - client-0616CB290F12->912a7d3b-e3f1-4985-b06b-5f0a929b8060: receive RaftClientReply:client-0616CB290F12->912a7d3b-e3f1-4985-b06b-5f0a929b8060@group-3636E5E7603C, cid=4243, SUCCESS, logIndex=5985, commits[912a7d3b-e3f1-4985-b06b-5f0a929b8060:c5986]
2019-07-13 08:33:18,614 INFO  client.GrpcClientProtocolClient (GrpcClientProtocolClient.java:onNext(255)) - client-0616CB290F12->912a7d3b-e3f1-4985-b06b-5f0a929b8060: receive RaftClientReply:client-0616CB290F12->912a7d3b-e3f1-4985-b06b-5f0a929b8060@group-3636E5E7603C, cid=4244, SUCCESS, logIndex=5986, commits[912a7d3b-e3f1-4985-b06b-5f0a929b8060:c5987]
2019-07-13 08:33:18,635 INFO  client.GrpcClientProtocolClient (GrpcClientProtocolClient.java:onNext(255)) - client-0616CB290F12->912a7d3b-e3f1-4985-b06b-5f0a929b8060: receive RaftClientReply:client-0616CB290F12->912a7d3b-e3f1-4985-b06b-5f0a929b8060@group-3636E5E7603C, cid=4245, SUCCESS, logIndex=5988, commits[912a7d3b-e3f1-4985-b06b-5f0a929b8060:c5989]
2019-07-13 08:33:18,635 INFO  client.GrpcClientProtocolClient (GrpcClientProtocolClient.java:onNext(255)) - client-0616CB290F12->912a7d3b-e3f1-4985-b06b-5f0a929b8060: receive RaftClientReply:client-0616CB290F12->912a7d3b-e3f1-4985-b06b-5f0a929b8060@group-3636E5E7603C, cid=4246, SUCCESS, logIndex=5989, commits[912a7d3b-e3f1-4985-b06b-5f0a929b8060:c5989]
2019-07-13 08:33:18,637 INFO  client.GrpcClientProtocolClient (GrpcClientProtocolClient.java:onNext(255)) - client-0616CB290F12->912a7d3b-e3f1-4985-b06b-5f0a929b8060: receive RaftClientReply:client-0616CB290F12->912a7d3b-e3f1-4985-b06b-5f0a929b8060@group-3636E5E7603C, cid=4247, SUCCESS, logIndex=5990, commits[912a7d3b-e3f1-4985-b06b-5f0a929b8060:c5991]
2019-07-13 08:33:18,637 INFO  client.GrpcClientProtocolClient (GrpcClientProtocolClient.java:onNext(255)) - client-0616CB290F12->912a7d3b-e3f1-4985-b06b-5f0a929b8060: receive RaftClientReply:client-0616CB290F12->912a7d3b-e3f1-4985-b06b-5f0a929b8060@group-3636E5E7603C, cid=4248, SUCCESS, logIndex=5991, commits[912a7d3b-e3f1-4985-b06b-5f0a929b8060:c5991]
2019-07-13 08:33:18,671 INFO  client.GrpcClientProtocolClient (GrpcClientProtocolClient.java:onNext(255)) - client-0616CB290F12->912a7d3b-e3f1-4985-b06b-5f0a929b8060: receive RaftClientReply:client-0616CB290F12->912a7d3b-e3f1-4985-b06b-5f0a929b8060@group-3636E5E7603C, cid=4249, SUCCESS, logIndex=5994, commits[912a7d3b-e3f1-4985-b06b-5f0a929b8060:c5995]
2019-07-13 08:33:18,671 INFO  client.GrpcClientProtocolClient (GrpcClientProtocolClient.java:onNext(255)) - client-0616CB290F12->912a7d3b-e3f1-4985-b06b-5f0a929b8060: receive RaftClientReply:client-0616CB290F12->912a7d3b-e3f1-4985-b06b-5f0a929b8060@group-3636E5E7603C, cid=4250, SUCCESS, logIndex=5995, commits[912a7d3b-e3f1-4985-b06b-5f0a929b8060:c5997]
2019-07-13 08:33:18,672 INFO  client.GrpcClientProtocolClient (GrpcClientProtocolClient.java:onNext(255)) - client-0616CB290F12->912a7d3b-e3f1-4985-b06b-5f0a929b8060: receive RaftClientReply:client-0616CB290F12->912a7d3b-e3f1-4985-b06b-5f0a929b8060@group-3636E5E7603C, cid=4251, SUCCESS, logIndex=5996, commits[912a7d3b-e3f1-4985-b06b-5f0a929b8060:c5998]
2019-07-13 08:33:18,672 INFO  client.GrpcClientProtocolClient (GrpcClientProtocolClient.java:onNext(255)) - client-0616CB290F12->912a7d3b-e3f1-4985-b06b-5f0a929b8060: receive RaftClientReply:client-0616CB290F12->912a7d3b-e3f1-4985-b06b-5f0a929b8060@group-3636E5E7603C, cid=4252, SUCCESS, logIndex=5997, commits[912a7d3b-e3f1-4985-b06b-5f0a929b8060:c5998]
2019-07-13 08:33:18,695 INFO  client.GrpcClientProtocolClient (GrpcClientProtocolClient.java:onNext(255)) - client-0616CB290F12->912a7d3b-e3f1-4985-b06b-5f0a929b8060: receive RaftClientReply:client-0616CB290F12->912a7d3b-e3f1-4985-b06b-5f0a929b8060@group-3636E5E7603C, cid=4253, SUCCESS, logIndex=6000, commits[912a7d3b-e3f1-4985-b06b-5f0a929b8060:c6003]
2019-07-13 08:33:18,696 INFO  client.GrpcClientProtocolClient (GrpcClientProtocolClient.java:onNext(255)) - client-0616CB290F12->912a7d3b-e3f1-4985-b06b-5f0a929b8060: receive RaftClientReply:client-0616CB290F12->912a7d3b-e3f1-4985-b06b-5f0a929b8060@group-3636E5E7603C, cid=4254, SUCCESS, logIndex=6001, commits[912a7d3b-e3f1-4985-b06b-5f0a929b8060:c6004]
2019-07-13 08:33:18,696 INFO  client.GrpcClientProtocolClient (GrpcClientProtocolClient.java:onNext(255)) - client-0616CB290F12->912a7d3b-e3f1-4985-b06b-5f0a929b8060: receive RaftClientReply:client-0616CB290F12->912a7d3b-e3f1-4985-b06b-5f0a929b8060@group-3636E5E7603C, cid=4255, SUCCESS, logIndex=6002, commits[912a7d3b-e3f1-4985-b06b-5f0a929b8060:c6004]
2019-07-13 08:33:18,696 INFO  client.GrpcClientProtocolClient (GrpcClientProtocolClient.java:onNext(255)) - client-0616CB290F12->912a7d3b-e3f1-4985-b06b-5f0a929b8060: receive RaftClientReply:client-0616CB290F12->912a7d3b-e3f1-4985-b06b-5f0a929b8060@group-3636E5E7603C, cid=4256, SUCCESS, logIndex=6003, commits[912a7d3b-e3f1-4985-b06b-5f0a929b8060:c6004]
2019-07-13 08:33:18,711 DEBUG block.SCMBlockDeletingService (SCMBlockDeletingService.java:call(138)) - Running DeletedBlockTransactionScanner
2019-07-13 08:33:18,711 DEBUG block.SCMBlockDeletingService (SCMBlockDeletingService.java:call(155)) - Scanned deleted blocks log and got 0 delTX to process.
2019-07-13 08:33:18,734 INFO  client.GrpcClientProtocolClient (GrpcClientProtocolClient.java:onNext(255)) - client-0616CB290F12->912a7d3b-e3f1-4985-b06b-5f0a929b8060: receive RaftClientReply:client-0616CB290F12->912a7d3b-e3f1-4985-b06b-5f0a929b8060@group-3636E5E7603C, cid=4257, SUCCESS, logIndex=6005, commits[912a7d3b-e3f1-4985-b06b-5f0a929b8060:c6008]
2019-07-13 08:33:18,735 INFO  client.GrpcClientProtocolClient (GrpcClientProtocolClient.java:onNext(255)) - client-0616CB290F12->912a7d3b-e3f1-4985-b06b-5f0a929b8060: receive RaftClientReply:client-0616CB290F12->912a7d3b-e3f1-4985-b06b-5f0a929b8060@group-3636E5E7603C, cid=4258, SUCCESS, logIndex=6006, commits[912a7d3b-e3f1-4985-b06b-5f0a929b8060:c6009]
2019-07-13 08:33:18,736 INFO  client.GrpcClientProtocolClient (GrpcClientProtocolClient.java:onNext(255)) - client-0616CB290F12->912a7d3b-e3f1-4985-b06b-5f0a929b8060: receive RaftClientReply:client-0616CB290F12->912a7d3b-e3f1-4985-b06b-5f0a929b8060@group-3636E5E7603C, cid=4259, SUCCESS, logIndex=6007, commits[912a7d3b-e3f1-4985-b06b-5f0a929b8060:c6009]
2019-07-13 08:33:18,736 INFO  client.GrpcClientProtocolClient (GrpcClientProtocolClient.java:onNext(255)) - client-0616CB290F12->912a7d3b-e3f1-4985-b06b-5f0a929b8060: receive RaftClientReply:client-0616CB290F12->912a7d3b-e3f1-4985-b06b-5f0a929b8060@group-3636E5E7603C, cid=4260, SUCCESS, logIndex=6008, commits[912a7d3b-e3f1-4985-b06b-5f0a929b8060:c6009]
2019-07-13 08:33:18,760 INFO  client.GrpcClientProtocolClient (GrpcClientProtocolClient.java:onNext(255)) - client-0616CB290F12->912a7d3b-e3f1-4985-b06b-5f0a929b8060: receive RaftClientReply:client-0616CB290F12->912a7d3b-e3f1-4985-b06b-5f0a929b8060@group-3636E5E7603C, cid=4261, SUCCESS, logIndex=6010, commits[912a7d3b-e3f1-4985-b06b-5f0a929b8060:c6013]
2019-07-13 08:33:18,761 INFO  client.GrpcClientProtocolClient (GrpcClientProtocolClient.java:onNext(255)) - client-0616CB290F12->912a7d3b-e3f1-4985-b06b-5f0a929b8060: receive RaftClientReply:client-0616CB290F12->912a7d3b-e3f1-4985-b06b-5f0a929b8060@group-3636E5E7603C, cid=4262, SUCCESS, logIndex=6011, commits[912a7d3b-e3f1-4985-b06b-5f0a929b8060:c6014]
2019-07-13 08:33:18,761 INFO  client.GrpcClientProtocolClient (GrpcClientProtocolClient.java:onNext(255)) - client-0616CB290F12->912a7d3b-e3f1-4985-b06b-5f0a929b8060: receive RaftClientReply:client-0616CB290F12->912a7d3b-e3f1-4985-b06b-5f0a929b8060@group-3636E5E7603C, cid=4263, SUCCESS, logIndex=6012, commits[912a7d3b-e3f1-4985-b06b-5f0a929b8060:c6014]
2019-07-13 08:33:18,762 INFO  client.GrpcClientProtocolClient (GrpcClientProtocolClient.java:onNext(255)) - client-0616CB290F12->912a7d3b-e3f1-4985-b06b-5f0a929b8060: receive RaftClientReply:client-0616CB290F12->912a7d3b-e3f1-4985-b06b-5f0a929b8060@group-3636E5E7603C, cid=4264, SUCCESS, logIndex=6013, commits[912a7d3b-e3f1-4985-b06b-5f0a929b8060:c6014]
2019-07-13 08:33:18,799 INFO  client.GrpcClientProtocolClient (GrpcClientProtocolClient.java:onNext(255)) - client-0616CB290F12->912a7d3b-e3f1-4985-b06b-5f0a929b8060: receive RaftClientReply:client-0616CB290F12->912a7d3b-e3f1-4985-b06b-5f0a929b8060@group-3636E5E7603C, cid=4265, SUCCESS, logIndex=6015, commits[912a7d3b-e3f1-4985-b06b-5f0a929b8060:c6018]
2019-07-13 08:33:18,800 INFO  client.GrpcClientProtocolClient (GrpcClientProtocolClient.java:onNext(255)) - client-0616CB290F12->912a7d3b-e3f1-4985-b06b-5f0a929b8060: receive RaftClientReply:client-0616CB290F12->912a7d3b-e3f1-4985-b06b-5f0a929b8060@group-3636E5E7603C, cid=4266, SUCCESS, logIndex=6016, commits[912a7d3b-e3f1-4985-b06b-5f0a929b8060:c6019]
2019-07-13 08:33:18,800 INFO  client.GrpcClientProtocolClient (GrpcClientProtocolClient.java:onNext(255)) - client-0616CB290F12->912a7d3b-e3f1-4985-b06b-5f0a929b8060: receive RaftClientReply:client-0616CB290F12->912a7d3b-e3f1-4985-b06b-5f0a929b8060@group-3636E5E7603C, cid=4267, SUCCESS, logIndex=6017, commits[912a7d3b-e3f1-4985-b06b-5f0a929b8060:c6019]
2019-07-13 08:33:18,800 INFO  client.GrpcClientProtocolClient (GrpcClientProtocolClient.java:onNext(255)) - client-0616CB290F12->912a7d3b-e3f1-4985-b06b-5f0a929b8060: receive RaftClientReply:client-0616CB290F12->912a7d3b-e3f1-4985-b06b-5f0a929b8060@group-3636E5E7603C, cid=4268, SUCCESS, logIndex=6018, commits[912a7d3b-e3f1-4985-b06b-5f0a929b8060:c6019]
2019-07-13 08:33:18,812 DEBUG block.SCMBlockDeletingService (SCMBlockDeletingService.java:call(138)) - Running DeletedBlockTransactionScanner
2019-07-13 08:33:18,812 DEBUG block.SCMBlockDeletingService (SCMBlockDeletingService.java:call(155)) - Scanned deleted blocks log and got 0 delTX to process.
2019-07-13 08:33:18,821 INFO  client.GrpcClientProtocolClient (GrpcClientProtocolClient.java:onNext(255)) - client-0616CB290F12->912a7d3b-e3f1-4985-b06b-5f0a929b8060: receive RaftClientReply:client-0616CB290F12->912a7d3b-e3f1-4985-b06b-5f0a929b8060@group-3636E5E7603C, cid=4269, SUCCESS, logIndex=6020, commits[912a7d3b-e3f1-4985-b06b-5f0a929b8060:c6021]
2019-07-13 08:33:18,822 INFO  client.GrpcClientProtocolClient (GrpcClientProtocolClient.java:onNext(255)) - client-0616CB290F12->912a7d3b-e3f1-4985-b06b-5f0a929b8060: receive RaftClientReply:client-0616CB290F12->912a7d3b-e3f1-4985-b06b-5f0a929b8060@group-3636E5E7603C, cid=4270, SUCCESS, logIndex=6021, commits[912a7d3b-e3f1-4985-b06b-5f0a929b8060:c6023]
2019-07-13 08:33:18,822 INFO  client.GrpcClientProtocolClient (GrpcClientProtocolClient.java:onNext(255)) - client-0616CB290F12->912a7d3b-e3f1-4985-b06b-5f0a929b8060: receive RaftClientReply:client-0616CB290F12->912a7d3b-e3f1-4985-b06b-5f0a929b8060@group-3636E5E7603C, cid=4271, SUCCESS, logIndex=6022, commits[912a7d3b-e3f1-4985-b06b-5f0a929b8060:c6024]
2019-07-13 08:33:18,822 INFO  client.GrpcClientProtocolClient (GrpcClientProtocolClient.java:onNext(255)) - client-0616CB290F12->912a7d3b-e3f1-4985-b06b-5f0a929b8060: receive RaftClientReply:client-0616CB290F12->912a7d3b-e3f1-4985-b06b-5f0a929b8060@group-3636E5E7603C, cid=4272, SUCCESS, logIndex=6023, commits[912a7d3b-e3f1-4985-b06b-5f0a929b8060:c6024]
2019-07-13 08:33:18,851 INFO  client.GrpcClientProtocolClient (GrpcClientProtocolClient.java:onNext(255)) - client-0616CB290F12->912a7d3b-e3f1-4985-b06b-5f0a929b8060: receive RaftClientReply:client-0616CB290F12->912a7d3b-e3f1-4985-b06b-5f0a929b8060@group-3636E5E7603C, cid=4273, SUCCESS, logIndex=6026, commits[912a7d3b-e3f1-4985-b06b-5f0a929b8060:c6027]
2019-07-13 08:33:18,852 INFO  client.GrpcClientProtocolClient (GrpcClientProtocolClient.java:onNext(255)) - client-0616CB290F12->912a7d3b-e3f1-4985-b06b-5f0a929b8060: receive RaftClientReply:client-0616CB290F12->912a7d3b-e3f1-4985-b06b-5f0a929b8060@group-3636E5E7603C, cid=4274, SUCCESS, logIndex=6027, commits[912a7d3b-e3f1-4985-b06b-5f0a929b8060:c6029]
2019-07-13 08:33:18,852 INFO  client.GrpcClientProtocolClient (GrpcClientProtocolClient.java:onNext(255)) - client-0616CB290F12->912a7d3b-e3f1-4985-b06b-5f0a929b8060: receive RaftClientReply:client-0616CB290F12->912a7d3b-e3f1-4985-b06b-5f0a929b8060@group-3636E5E7603C, cid=4275, SUCCESS, logIndex=6028, commits[912a7d3b-e3f1-4985-b06b-5f0a929b8060:c6030]
2019-07-13 08:33:18,852 INFO  client.GrpcClientProtocolClient (GrpcClientProtocolClient.java:onNext(255)) - client-0616CB290F12->912a7d3b-e3f1-4985-b06b-5f0a929b8060: receive RaftClientReply:client-0616CB290F12->912a7d3b-e3f1-4985-b06b-5f0a929b8060@group-3636E5E7603C, cid=4276, SUCCESS, logIndex=6029, commits[912a7d3b-e3f1-4985-b06b-5f0a929b8060:c6030]
2019-07-13 08:33:18,872 INFO  client.GrpcClientProtocolClient (GrpcClientProtocolClient.java:onNext(255)) - client-0616CB290F12->912a7d3b-e3f1-4985-b06b-5f0a929b8060: receive RaftClientReply:client-0616CB290F12->912a7d3b-e3f1-4985-b06b-5f0a929b8060@group-3636E5E7603C, cid=4277, SUCCESS, logIndex=6032, commits[912a7d3b-e3f1-4985-b06b-5f0a929b8060:c6033]
2019-07-13 08:33:18,872 INFO  client.GrpcClientProtocolClient (GrpcClientProtocolClient.java:onNext(255)) - client-0616CB290F12->912a7d3b-e3f1-4985-b06b-5f0a929b8060: receive RaftClientReply:client-0616CB290F12->912a7d3b-e3f1-4985-b06b-5f0a929b8060@group-3636E5E7603C, cid=4278, SUCCESS, logIndex=6033, commits[912a7d3b-e3f1-4985-b06b-5f0a929b8060:c6035]
2019-07-13 08:33:18,872 INFO  client.GrpcClientProtocolClient (GrpcClientProtocolClient.java:onNext(255)) - client-0616CB290F12->912a7d3b-e3f1-4985-b06b-5f0a929b8060: receive RaftClientReply:client-0616CB290F12->912a7d3b-e3f1-4985-b06b-5f0a929b8060@group-3636E5E7603C, cid=4279, SUCCESS, logIndex=6034, commits[912a7d3b-e3f1-4985-b06b-5f0a929b8060:c6036]
2019-07-13 08:33:18,873 INFO  client.GrpcClientProtocolClient (GrpcClientProtocolClient.java:onNext(255)) - client-0616CB290F12->912a7d3b-e3f1-4985-b06b-5f0a929b8060: receive RaftClientReply:client-0616CB290F12->912a7d3b-e3f1-4985-b06b-5f0a929b8060@group-3636E5E7603C, cid=4280, SUCCESS, logIndex=6035, commits[912a7d3b-e3f1-4985-b06b-5f0a929b8060:c6036]
2019-07-13 08:33:18,899 INFO  client.GrpcClientProtocolClient (GrpcClientProtocolClient.java:onNext(255)) - client-0616CB290F12->912a7d3b-e3f1-4985-b06b-5f0a929b8060: receive RaftClientReply:client-0616CB290F12->912a7d3b-e3f1-4985-b06b-5f0a929b8060@group-3636E5E7603C, cid=4281, SUCCESS, logIndex=6038, commits[912a7d3b-e3f1-4985-b06b-5f0a929b8060:c6039]
2019-07-13 08:33:18,900 INFO  client.GrpcClientProtocolClient (GrpcClientProtocolClient.java:onNext(255)) - client-0616CB290F12->912a7d3b-e3f1-4985-b06b-5f0a929b8060: receive RaftClientReply:client-0616CB290F12->912a7d3b-e3f1-4985-b06b-5f0a929b8060@group-3636E5E7603C, cid=4282, SUCCESS, logIndex=6039, commits[912a7d3b-e3f1-4985-b06b-5f0a929b8060:c6041]
2019-07-13 08:33:18,900 INFO  client.GrpcClientProtocolClient (GrpcClientProtocolClient.java:onNext(255)) - client-0616CB290F12->912a7d3b-e3f1-4985-b06b-5f0a929b8060: receive RaftClientReply:client-0616CB290F12->912a7d3b-e3f1-4985-b06b-5f0a929b8060@group-3636E5E7603C, cid=4283, SUCCESS, logIndex=6040, commits[912a7d3b-e3f1-4985-b06b-5f0a929b8060:c6042]
2019-07-13 08:33:18,901 INFO  client.GrpcClientProtocolClient (GrpcClientProtocolClient.java:onNext(255)) - client-0616CB290F12->912a7d3b-e3f1-4985-b06b-5f0a929b8060: receive RaftClientReply:client-0616CB290F12->912a7d3b-e3f1-4985-b06b-5f0a929b8060@group-3636E5E7603C, cid=4284, SUCCESS, logIndex=6041, commits[912a7d3b-e3f1-4985-b06b-5f0a929b8060:c6043]
2019-07-13 08:33:18,964 DEBUG block.SCMBlockDeletingService (SCMBlockDeletingService.java:call(138)) - Running DeletedBlockTransactionScanner
2019-07-13 08:33:18,965 DEBUG block.SCMBlockDeletingService (SCMBlockDeletingService.java:call(155)) - Scanned deleted blocks log and got 0 delTX to process.
2019-07-13 08:33:18,982 INFO  client.GrpcClientProtocolClient (GrpcClientProtocolClient.java:onNext(255)) - client-0616CB290F12->912a7d3b-e3f1-4985-b06b-5f0a929b8060: receive RaftClientReply:client-0616CB290F12->912a7d3b-e3f1-4985-b06b-5f0a929b8060@group-3636E5E7603C, cid=4285, SUCCESS, logIndex=6044, commits[912a7d3b-e3f1-4985-b06b-5f0a929b8060:c6045]
2019-07-13 08:33:18,982 INFO  client.GrpcClientProtocolClient (GrpcClientProtocolClient.java:onNext(255)) - client-0616CB290F12->912a7d3b-e3f1-4985-b06b-5f0a929b8060: receive RaftClientReply:client-0616CB290F12->912a7d3b-e3f1-4985-b06b-5f0a929b8060@group-3636E5E7603C, cid=4286, SUCCESS, logIndex=6045, commits[912a7d3b-e3f1-4985-b06b-5f0a929b8060:c6046]
2019-07-13 08:33:19,065 DEBUG block.SCMBlockDeletingService (SCMBlockDeletingService.java:call(138)) - Running DeletedBlockTransactionScanner
2019-07-13 08:33:19,065 DEBUG block.SCMBlockDeletingService (SCMBlockDeletingService.java:call(155)) - Scanned deleted blocks log and got 0 delTX to process.
2019-07-13 08:33:19,134 INFO  client.GrpcClientProtocolClient (GrpcClientProtocolClient.java:onNext(255)) - client-0616CB290F12->912a7d3b-e3f1-4985-b06b-5f0a929b8060: receive RaftClientReply:client-0616CB290F12->912a7d3b-e3f1-4985-b06b-5f0a929b8060@group-3636E5E7603C, cid=4287, SUCCESS, logIndex=6047, commits[912a7d3b-e3f1-4985-b06b-5f0a929b8060:c6048]
2019-07-13 08:33:19,134 INFO  client.GrpcClientProtocolClient (GrpcClientProtocolClient.java:onNext(255)) - client-0616CB290F12->912a7d3b-e3f1-4985-b06b-5f0a929b8060: receive RaftClientReply:client-0616CB290F12->912a7d3b-e3f1-4985-b06b-5f0a929b8060@group-3636E5E7603C, cid=4288, SUCCESS, logIndex=6048, commits[912a7d3b-e3f1-4985-b06b-5f0a929b8060:c6048]
2019-07-13 08:33:19,166 DEBUG block.SCMBlockDeletingService (SCMBlockDeletingService.java:call(138)) - Running DeletedBlockTransactionScanner
2019-07-13 08:33:19,166 DEBUG block.SCMBlockDeletingService (SCMBlockDeletingService.java:call(155)) - Scanned deleted blocks log and got 0 delTX to process.
2019-07-13 08:33:19,171 INFO  client.GrpcClientProtocolClient (GrpcClientProtocolClient.java:onNext(255)) - client-0616CB290F12->912a7d3b-e3f1-4985-b06b-5f0a929b8060: receive RaftClientReply:client-0616CB290F12->912a7d3b-e3f1-4985-b06b-5f0a929b8060@group-3636E5E7603C, cid=4289, SUCCESS, logIndex=6050, commits[912a7d3b-e3f1-4985-b06b-5f0a929b8060:c6053]
2019-07-13 08:33:19,171 INFO  client.GrpcClientProtocolClient (GrpcClientProtocolClient.java:onNext(255)) - client-0616CB290F12->912a7d3b-e3f1-4985-b06b-5f0a929b8060: receive RaftClientReply:client-0616CB290F12->912a7d3b-e3f1-4985-b06b-5f0a929b8060@group-3636E5E7603C, cid=4290, SUCCESS, logIndex=6051, commits[912a7d3b-e3f1-4985-b06b-5f0a929b8060:c6053]
2019-07-13 08:33:19,172 INFO  client.GrpcClientProtocolClient (GrpcClientProtocolClient.java:onNext(255)) - client-0616CB290F12->912a7d3b-e3f1-4985-b06b-5f0a929b8060: receive RaftClientReply:client-0616CB290F12->912a7d3b-e3f1-4985-b06b-5f0a929b8060@group-3636E5E7603C, cid=4291, SUCCESS, logIndex=6052, commits[912a7d3b-e3f1-4985-b06b-5f0a929b8060:c6054]
2019-07-13 08:33:19,172 INFO  client.GrpcClientProtocolClient (GrpcClientProtocolClient.java:onNext(255)) - client-0616CB290F12->912a7d3b-e3f1-4985-b06b-5f0a929b8060: receive RaftClientReply:client-0616CB290F12->912a7d3b-e3f1-4985-b06b-5f0a929b8060@group-3636E5E7603C, cid=4292, SUCCESS, logIndex=6053, commits[912a7d3b-e3f1-4985-b06b-5f0a929b8060:c6054]
2019-07-13 08:33:19,195 INFO  client.GrpcClientProtocolClient (GrpcClientProtocolClient.java:onNext(255)) - client-0616CB290F12->912a7d3b-e3f1-4985-b06b-5f0a929b8060: receive RaftClientReply:client-0616CB290F12->912a7d3b-e3f1-4985-b06b-5f0a929b8060@group-3636E5E7603C, cid=4293, SUCCESS, logIndex=6055, commits[912a7d3b-e3f1-4985-b06b-5f0a929b8060:c6058]
2019-07-13 08:33:19,196 INFO  client.GrpcClientProtocolClient (GrpcClientProtocolClient.java:onNext(255)) - client-0616CB290F12->912a7d3b-e3f1-4985-b06b-5f0a929b8060: receive RaftClientReply:client-0616CB290F12->912a7d3b-e3f1-4985-b06b-5f0a929b8060@group-3636E5E7603C, cid=4294, SUCCESS, logIndex=6056, commits[912a7d3b-e3f1-4985-b06b-5f0a929b8060:c6058]
2019-07-13 08:33:19,197 INFO  client.GrpcClientProtocolClient (GrpcClientProtocolClient.java:onNext(255)) - client-0616CB290F12->912a7d3b-e3f1-4985-b06b-5f0a929b8060: receive RaftClientReply:client-0616CB290F12->912a7d3b-e3f1-4985-b06b-5f0a929b8060@group-3636E5E7603C, cid=4295, SUCCESS, logIndex=6057, commits[912a7d3b-e3f1-4985-b06b-5f0a929b8060:c6059]
2019-07-13 08:33:19,197 INFO  client.GrpcClientProtocolClient (GrpcClientProtocolClient.java:onNext(255)) - client-0616CB290F12->912a7d3b-e3f1-4985-b06b-5f0a929b8060: receive RaftClientReply:client-0616CB290F12->912a7d3b-e3f1-4985-b06b-5f0a929b8060@group-3636E5E7603C, cid=4296, SUCCESS, logIndex=6058, commits[912a7d3b-e3f1-4985-b06b-5f0a929b8060:c6059]
2019-07-13 08:33:19,231 INFO  client.GrpcClientProtocolClient (GrpcClientProtocolClient.java:onNext(255)) - client-0616CB290F12->912a7d3b-e3f1-4985-b06b-5f0a929b8060: receive RaftClientReply:client-0616CB290F12->912a7d3b-e3f1-4985-b06b-5f0a929b8060@group-3636E5E7603C, cid=4297, SUCCESS, logIndex=6060, commits[912a7d3b-e3f1-4985-b06b-5f0a929b8060:c6061]
2019-07-13 08:33:19,232 INFO  client.GrpcClientProtocolClient (GrpcClientProtocolClient.java:onNext(255)) - client-0616CB290F12->912a7d3b-e3f1-4985-b06b-5f0a929b8060: receive RaftClientReply:client-0616CB290F12->912a7d3b-e3f1-4985-b06b-5f0a929b8060@group-3636E5E7603C, cid=4298, SUCCESS, logIndex=6061, commits[912a7d3b-e3f1-4985-b06b-5f0a929b8060:c6063]
2019-07-13 08:33:19,232 INFO  client.GrpcClientProtocolClient (GrpcClientProtocolClient.java:onNext(255)) - client-0616CB290F12->912a7d3b-e3f1-4985-b06b-5f0a929b8060: receive RaftClientReply:client-0616CB290F12->912a7d3b-e3f1-4985-b06b-5f0a929b8060@group-3636E5E7603C, cid=4299, SUCCESS, logIndex=6062, commits[912a7d3b-e3f1-4985-b06b-5f0a929b8060:c6064]
2019-07-13 08:33:19,232 INFO  client.GrpcClientProtocolClient (GrpcClientProtocolClient.java:onNext(255)) - client-0616CB290F12->912a7d3b-e3f1-4985-b06b-5f0a929b8060: receive RaftClientReply:client-0616CB290F12->912a7d3b-e3f1-4985-b06b-5f0a929b8060@group-3636E5E7603C, cid=4300, SUCCESS, logIndex=6063, commits[912a7d3b-e3f1-4985-b06b-5f0a929b8060:c6064]
2019-07-13 08:33:19,254 INFO  client.GrpcClientProtocolClient (GrpcClientProtocolClient.java:onNext(255)) - client-0616CB290F12->912a7d3b-e3f1-4985-b06b-5f0a929b8060: receive RaftClientReply:client-0616CB290F12->912a7d3b-e3f1-4985-b06b-5f0a929b8060@group-3636E5E7603C, cid=4301, SUCCESS, logIndex=6066, commits[912a7d3b-e3f1-4985-b06b-5f0a929b8060:c6069]
2019-07-13 08:33:19,255 INFO  client.GrpcClientProtocolClient (GrpcClientProtocolClient.java:onNext(255)) - client-0616CB290F12->912a7d3b-e3f1-4985-b06b-5f0a929b8060: receive RaftClientReply:client-0616CB290F12->912a7d3b-e3f1-4985-b06b-5f0a929b8060@group-3636E5E7603C, cid=4302, SUCCESS, logIndex=6067, commits[912a7d3b-e3f1-4985-b06b-5f0a929b8060:c6069]
2019-07-13 08:33:19,255 INFO  client.GrpcClientProtocolClient (GrpcClientProtocolClient.java:onNext(255)) - client-0616CB290F12->912a7d3b-e3f1-4985-b06b-5f0a929b8060: receive RaftClientReply:client-0616CB290F12->912a7d3b-e3f1-4985-b06b-5f0a929b8060@group-3636E5E7603C, cid=4303, SUCCESS, logIndex=6068, commits[912a7d3b-e3f1-4985-b06b-5f0a929b8060:c6069]
2019-07-13 08:33:19,255 INFO  client.GrpcClientProtocolClient (GrpcClientProtocolClient.java:onNext(255)) - client-0616CB290F12->912a7d3b-e3f1-4985-b06b-5f0a929b8060: receive RaftClientReply:client-0616CB290F12->912a7d3b-e3f1-4985-b06b-5f0a929b8060@group-3636E5E7603C, cid=4304, SUCCESS, logIndex=6069, commits[912a7d3b-e3f1-4985-b06b-5f0a929b8060:c6069]
2019-07-13 08:33:19,266 DEBUG block.SCMBlockDeletingService (SCMBlockDeletingService.java:call(138)) - Running DeletedBlockTransactionScanner
2019-07-13 08:33:19,267 DEBUG block.SCMBlockDeletingService (SCMBlockDeletingService.java:call(155)) - Scanned deleted blocks log and got 0 delTX to process.
2019-07-13 08:33:19,287 INFO  client.GrpcClientProtocolClient (GrpcClientProtocolClient.java:onNext(255)) - client-0616CB290F12->912a7d3b-e3f1-4985-b06b-5f0a929b8060: receive RaftClientReply:client-0616CB290F12->912a7d3b-e3f1-4985-b06b-5f0a929b8060@group-3636E5E7603C, cid=4305, SUCCESS, logIndex=6071, commits[912a7d3b-e3f1-4985-b06b-5f0a929b8060:c6072]
2019-07-13 08:33:19,287 INFO  client.GrpcClientProtocolClient (GrpcClientProtocolClient.java:onNext(255)) - client-0616CB290F12->912a7d3b-e3f1-4985-b06b-5f0a929b8060: receive RaftClientReply:client-0616CB290F12->912a7d3b-e3f1-4985-b06b-5f0a929b8060@group-3636E5E7603C, cid=4306, SUCCESS, logIndex=6072, commits[912a7d3b-e3f1-4985-b06b-5f0a929b8060:c6074]
2019-07-13 08:33:19,288 INFO  client.GrpcClientProtocolClient (GrpcClientProtocolClient.java:onNext(255)) - client-0616CB290F12->912a7d3b-e3f1-4985-b06b-5f0a929b8060: receive RaftClientReply:client-0616CB290F12->912a7d3b-e3f1-4985-b06b-5f0a929b8060@group-3636E5E7603C, cid=4307, SUCCESS, logIndex=6073, commits[912a7d3b-e3f1-4985-b06b-5f0a929b8060:c6075]
2019-07-13 08:33:19,288 INFO  client.GrpcClientProtocolClient (GrpcClientProtocolClient.java:onNext(255)) - client-0616CB290F12->912a7d3b-e3f1-4985-b06b-5f0a929b8060: receive RaftClientReply:client-0616CB290F12->912a7d3b-e3f1-4985-b06b-5f0a929b8060@group-3636E5E7603C, cid=4308, SUCCESS, logIndex=6074, commits[912a7d3b-e3f1-4985-b06b-5f0a929b8060:c6075]
2019-07-13 08:33:19,307 INFO  client.GrpcClientProtocolClient (GrpcClientProtocolClient.java:onNext(255)) - client-0616CB290F12->912a7d3b-e3f1-4985-b06b-5f0a929b8060: receive RaftClientReply:client-0616CB290F12->912a7d3b-e3f1-4985-b06b-5f0a929b8060@group-3636E5E7603C, cid=4309, SUCCESS, logIndex=6077, commits[912a7d3b-e3f1-4985-b06b-5f0a929b8060:c6078]
2019-07-13 08:33:19,308 INFO  client.GrpcClientProtocolClient (GrpcClientProtocolClient.java:onNext(255)) - client-0616CB290F12->912a7d3b-e3f1-4985-b06b-5f0a929b8060: receive RaftClientReply:client-0616CB290F12->912a7d3b-e3f1-4985-b06b-5f0a929b8060@group-3636E5E7603C, cid=4310, SUCCESS, logIndex=6078, commits[912a7d3b-e3f1-4985-b06b-5f0a929b8060:c6078]
2019-07-13 08:33:19,310 INFO  client.GrpcClientProtocolClient (GrpcClientProtocolClient.java:onNext(255)) - client-0616CB290F12->912a7d3b-e3f1-4985-b06b-5f0a929b8060: receive RaftClientReply:client-0616CB290F12->912a7d3b-e3f1-4985-b06b-5f0a929b8060@group-3636E5E7603C, cid=4311, SUCCESS, logIndex=6079, commits[912a7d3b-e3f1-4985-b06b-5f0a929b8060:c6080]
2019-07-13 08:33:19,310 INFO  client.GrpcClientProtocolClient (GrpcClientProtocolClient.java:onNext(255)) - client-0616CB290F12->912a7d3b-e3f1-4985-b06b-5f0a929b8060: receive RaftClientReply:client-0616CB290F12->912a7d3b-e3f1-4985-b06b-5f0a929b8060@group-3636E5E7603C, cid=4312, SUCCESS, logIndex=6080, commits[912a7d3b-e3f1-4985-b06b-5f0a929b8060:c6080]
2019-07-13 08:33:19,344 INFO  client.GrpcClientProtocolClient (GrpcClientProtocolClient.java:onNext(255)) - client-0616CB290F12->912a7d3b-e3f1-4985-b06b-5f0a929b8060: receive RaftClientReply:client-0616CB290F12->912a7d3b-e3f1-4985-b06b-5f0a929b8060@group-3636E5E7603C, cid=4313, SUCCESS, logIndex=6083, commits[912a7d3b-e3f1-4985-b06b-5f0a929b8060:c6086]
2019-07-13 08:33:19,345 INFO  client.GrpcClientProtocolClient (GrpcClientProtocolClient.java:onNext(255)) - client-0616CB290F12->912a7d3b-e3f1-4985-b06b-5f0a929b8060: receive RaftClientReply:client-0616CB290F12->912a7d3b-e3f1-4985-b06b-5f0a929b8060@group-3636E5E7603C, cid=4314, SUCCESS, logIndex=6084, commits[912a7d3b-e3f1-4985-b06b-5f0a929b8060:c6087]
2019-07-13 08:33:19,345 INFO  client.GrpcClientProtocolClient (GrpcClientProtocolClient.java:onNext(255)) - client-0616CB290F12->912a7d3b-e3f1-4985-b06b-5f0a929b8060: receive RaftClientReply:client-0616CB290F12->912a7d3b-e3f1-4985-b06b-5f0a929b8060@group-3636E5E7603C, cid=4315, SUCCESS, logIndex=6085, commits[912a7d3b-e3f1-4985-b06b-5f0a929b8060:c6087]
2019-07-13 08:33:19,346 INFO  client.GrpcClientProtocolClient (GrpcClientProtocolClient.java:onNext(255)) - client-0616CB290F12->912a7d3b-e3f1-4985-b06b-5f0a929b8060: receive RaftClientReply:client-0616CB290F12->912a7d3b-e3f1-4985-b06b-5f0a929b8060@group-3636E5E7603C, cid=4316, SUCCESS, logIndex=6086, commits[912a7d3b-e3f1-4985-b06b-5f0a929b8060:c6087]
2019-07-13 08:33:19,365 INFO  client.GrpcClientProtocolClient (GrpcClientProtocolClient.java:onNext(255)) - client-0616CB290F12->912a7d3b-e3f1-4985-b06b-5f0a929b8060: receive RaftClientReply:client-0616CB290F12->912a7d3b-e3f1-4985-b06b-5f0a929b8060@group-3636E5E7603C, cid=4317, SUCCESS, logIndex=6088, commits[912a7d3b-e3f1-4985-b06b-5f0a929b8060:c6089]
2019-07-13 08:33:19,366 INFO  client.GrpcClientProtocolClient (GrpcClientProtocolClient.java:onNext(255)) - client-0616CB290F12->912a7d3b-e3f1-4985-b06b-5f0a929b8060: receive RaftClientReply:client-0616CB290F12->912a7d3b-e3f1-4985-b06b-5f0a929b8060@group-3636E5E7603C, cid=4318, SUCCESS, logIndex=6089, commits[912a7d3b-e3f1-4985-b06b-5f0a929b8060:c6091]
2019-07-13 08:33:19,366 INFO  client.GrpcClientProtocolClient (GrpcClientProtocolClient.java:onNext(255)) - client-0616CB290F12->912a7d3b-e3f1-4985-b06b-5f0a929b8060: receive RaftClientReply:client-0616CB290F12->912a7d3b-e3f1-4985-b06b-5f0a929b8060@group-3636E5E7603C, cid=4319, SUCCESS, logIndex=6090, commits[912a7d3b-e3f1-4985-b06b-5f0a929b8060:c6091]
2019-07-13 08:33:19,367 INFO  client.GrpcClientProtocolClient (GrpcClientProtocolClient.java:onNext(255)) - client-0616CB290F12->912a7d3b-e3f1-4985-b06b-5f0a929b8060: receive RaftClientReply:client-0616CB290F12->912a7d3b-e3f1-4985-b06b-5f0a929b8060@group-3636E5E7603C, cid=4320, SUCCESS, logIndex=6091, commits[912a7d3b-e3f1-4985-b06b-5f0a929b8060:c6092]
2019-07-13 08:33:19,367 DEBUG block.SCMBlockDeletingService (SCMBlockDeletingService.java:call(138)) - Running DeletedBlockTransactionScanner
2019-07-13 08:33:19,367 DEBUG block.SCMBlockDeletingService (SCMBlockDeletingService.java:call(155)) - Scanned deleted blocks log and got 0 delTX to process.
2019-07-13 08:33:19,389 INFO  client.GrpcClientProtocolClient (GrpcClientProtocolClient.java:onNext(255)) - client-0616CB290F12->912a7d3b-e3f1-4985-b06b-5f0a929b8060: receive RaftClientReply:client-0616CB290F12->912a7d3b-e3f1-4985-b06b-5f0a929b8060@group-3636E5E7603C, cid=4321, SUCCESS, logIndex=6094, commits[912a7d3b-e3f1-4985-b06b-5f0a929b8060:c6095]
2019-07-13 08:33:19,389 INFO  client.GrpcClientProtocolClient (GrpcClientProtocolClient.java:onNext(255)) - client-0616CB290F12->912a7d3b-e3f1-4985-b06b-5f0a929b8060: receive RaftClientReply:client-0616CB290F12->912a7d3b-e3f1-4985-b06b-5f0a929b8060@group-3636E5E7603C, cid=4322, SUCCESS, logIndex=6095, commits[912a7d3b-e3f1-4985-b06b-5f0a929b8060:c6095]
2019-07-13 08:33:19,416 INFO  client.GrpcClientProtocolClient (GrpcClientProtocolClient.java:onNext(255)) - client-0616CB290F12->912a7d3b-e3f1-4985-b06b-5f0a929b8060: receive RaftClientReply:client-0616CB290F12->912a7d3b-e3f1-4985-b06b-5f0a929b8060@group-3636E5E7603C, cid=4323, SUCCESS, logIndex=6096, commits[912a7d3b-e3f1-4985-b06b-5f0a929b8060:c6098]
2019-07-13 08:33:19,417 INFO  client.GrpcClientProtocolClient (GrpcClientProtocolClient.java:onNext(255)) - client-0616CB290F12->912a7d3b-e3f1-4985-b06b-5f0a929b8060: receive RaftClientReply:client-0616CB290F12->912a7d3b-e3f1-4985-b06b-5f0a929b8060@group-3636E5E7603C, cid=4324, SUCCESS, logIndex=6097, commits[912a7d3b-e3f1-4985-b06b-5f0a929b8060:c6098]
2019-07-13 08:33:19,436 INFO  client.GrpcClientProtocolClient (GrpcClientProtocolClient.java:onNext(255)) - client-0616CB290F12->912a7d3b-e3f1-4985-b06b-5f0a929b8060: receive RaftClientReply:client-0616CB290F12->912a7d3b-e3f1-4985-b06b-5f0a929b8060@group-3636E5E7603C, cid=4325, SUCCESS, logIndex=6099, commits[912a7d3b-e3f1-4985-b06b-5f0a929b8060:c6100]
2019-07-13 08:33:19,436 INFO  client.GrpcClientProtocolClient (GrpcClientProtocolClient.java:onNext(255)) - client-0616CB290F12->912a7d3b-e3f1-4985-b06b-5f0a929b8060: receive RaftClientReply:client-0616CB290F12->912a7d3b-e3f1-4985-b06b-5f0a929b8060@group-3636E5E7603C, cid=4326, SUCCESS, logIndex=6100, commits[912a7d3b-e3f1-4985-b06b-5f0a929b8060:c6100]
2019-07-13 08:33:19,438 INFO  client.GrpcClientProtocolClient (GrpcClientProtocolClient.java:onNext(255)) - client-0616CB290F12->912a7d3b-e3f1-4985-b06b-5f0a929b8060: receive RaftClientReply:client-0616CB290F12->912a7d3b-e3f1-4985-b06b-5f0a929b8060@group-3636E5E7603C, cid=4327, SUCCESS, logIndex=6101, commits[912a7d3b-e3f1-4985-b06b-5f0a929b8060:c6102]
2019-07-13 08:33:19,438 INFO  client.GrpcClientProtocolClient (GrpcClientProtocolClient.java:onNext(255)) - client-0616CB290F12->912a7d3b-e3f1-4985-b06b-5f0a929b8060: receive RaftClientReply:client-0616CB290F12->912a7d3b-e3f1-4985-b06b-5f0a929b8060@group-3636E5E7603C, cid=4328, SUCCESS, logIndex=6102, commits[912a7d3b-e3f1-4985-b06b-5f0a929b8060:c6102]
2019-07-13 08:33:19,468 DEBUG block.SCMBlockDeletingService (SCMBlockDeletingService.java:call(138)) - Running DeletedBlockTransactionScanner
2019-07-13 08:33:19,468 DEBUG block.SCMBlockDeletingService (SCMBlockDeletingService.java:call(155)) - Scanned deleted blocks log and got 0 delTX to process.
2019-07-13 08:33:19,472 INFO  client.GrpcClientProtocolClient (GrpcClientProtocolClient.java:onNext(255)) - client-0616CB290F12->912a7d3b-e3f1-4985-b06b-5f0a929b8060: receive RaftClientReply:client-0616CB290F12->912a7d3b-e3f1-4985-b06b-5f0a929b8060@group-3636E5E7603C, cid=4329, SUCCESS, logIndex=6105, commits[912a7d3b-e3f1-4985-b06b-5f0a929b8060:c6106]
2019-07-13 08:33:19,474 INFO  client.GrpcClientProtocolClient (GrpcClientProtocolClient.java:onNext(255)) - client-0616CB290F12->912a7d3b-e3f1-4985-b06b-5f0a929b8060: receive RaftClientReply:client-0616CB290F12->912a7d3b-e3f1-4985-b06b-5f0a929b8060@group-3636E5E7603C, cid=4330, SUCCESS, logIndex=6106, commits[912a7d3b-e3f1-4985-b06b-5f0a929b8060:c6106]
2019-07-13 08:33:19,475 INFO  client.GrpcClientProtocolClient (GrpcClientProtocolClient.java:onNext(255)) - client-0616CB290F12->912a7d3b-e3f1-4985-b06b-5f0a929b8060: receive RaftClientReply:client-0616CB290F12->912a7d3b-e3f1-4985-b06b-5f0a929b8060@group-3636E5E7603C, cid=4331, SUCCESS, logIndex=6107, commits[912a7d3b-e3f1-4985-b06b-5f0a929b8060:c6108]
2019-07-13 08:33:19,476 INFO  client.GrpcClientProtocolClient (GrpcClientProtocolClient.java:onNext(255)) - client-0616CB290F12->912a7d3b-e3f1-4985-b06b-5f0a929b8060: receive RaftClientReply:client-0616CB290F12->912a7d3b-e3f1-4985-b06b-5f0a929b8060@group-3636E5E7603C, cid=4332, SUCCESS, logIndex=6108, commits[912a7d3b-e3f1-4985-b06b-5f0a929b8060:c6109]
2019-07-13 08:33:19,568 DEBUG block.SCMBlockDeletingService (SCMBlockDeletingService.java:call(138)) - Running DeletedBlockTransactionScanner
2019-07-13 08:33:19,569 DEBUG block.SCMBlockDeletingService (SCMBlockDeletingService.java:call(155)) - Scanned deleted blocks log and got 0 delTX to process.
2019-07-13 08:33:19,599 INFO  client.GrpcClientProtocolClient (GrpcClientProtocolClient.java:onNext(255)) - client-0616CB290F12->912a7d3b-e3f1-4985-b06b-5f0a929b8060: receive RaftClientReply:client-0616CB290F12->912a7d3b-e3f1-4985-b06b-5f0a929b8060@group-3636E5E7603C, cid=4333, SUCCESS, logIndex=6111, commits[912a7d3b-e3f1-4985-b06b-5f0a929b8060:c6114]
2019-07-13 08:33:19,599 INFO  client.GrpcClientProtocolClient (GrpcClientProtocolClient.java:onNext(255)) - client-0616CB290F12->912a7d3b-e3f1-4985-b06b-5f0a929b8060: receive RaftClientReply:client-0616CB290F12->912a7d3b-e3f1-4985-b06b-5f0a929b8060@group-3636E5E7603C, cid=4334, SUCCESS, logIndex=6112, commits[912a7d3b-e3f1-4985-b06b-5f0a929b8060:c6115]
2019-07-13 08:33:19,599 INFO  client.GrpcClientProtocolClient (GrpcClientProtocolClient.java:onNext(255)) - client-0616CB290F12->912a7d3b-e3f1-4985-b06b-5f0a929b8060: receive RaftClientReply:client-0616CB290F12->912a7d3b-e3f1-4985-b06b-5f0a929b8060@group-3636E5E7603C, cid=4335, SUCCESS, logIndex=6113, commits[912a7d3b-e3f1-4985-b06b-5f0a929b8060:c6115]
2019-07-13 08:33:19,600 INFO  client.GrpcClientProtocolClient (GrpcClientProtocolClient.java:onNext(255)) - client-0616CB290F12->912a7d3b-e3f1-4985-b06b-5f0a929b8060: receive RaftClientReply:client-0616CB290F12->912a7d3b-e3f1-4985-b06b-5f0a929b8060@group-3636E5E7603C, cid=4336, SUCCESS, logIndex=6114, commits[912a7d3b-e3f1-4985-b06b-5f0a929b8060:c6115]
2019-07-13 08:33:19,633 INFO  client.GrpcClientProtocolClient (GrpcClientProtocolClient.java:onNext(255)) - client-0616CB290F12->912a7d3b-e3f1-4985-b06b-5f0a929b8060: receive RaftClientReply:client-0616CB290F12->912a7d3b-e3f1-4985-b06b-5f0a929b8060@group-3636E5E7603C, cid=4337, SUCCESS, logIndex=6116, commits[912a7d3b-e3f1-4985-b06b-5f0a929b8060:c6119]
2019-07-13 08:33:19,633 INFO  client.GrpcClientProtocolClient (GrpcClientProtocolClient.java:onNext(255)) - client-0616CB290F12->912a7d3b-e3f1-4985-b06b-5f0a929b8060: receive RaftClientReply:client-0616CB290F12->912a7d3b-e3f1-4985-b06b-5f0a929b8060@group-3636E5E7603C, cid=4338, SUCCESS, logIndex=6117, commits[912a7d3b-e3f1-4985-b06b-5f0a929b8060:c6120]
2019-07-13 08:33:19,634 INFO  client.GrpcClientProtocolClient (GrpcClientProtocolClient.java:onNext(255)) - client-0616CB290F12->912a7d3b-e3f1-4985-b06b-5f0a929b8060: receive RaftClientReply:client-0616CB290F12->912a7d3b-e3f1-4985-b06b-5f0a929b8060@group-3636E5E7603C, cid=4339, SUCCESS, logIndex=6118, commits[912a7d3b-e3f1-4985-b06b-5f0a929b8060:c6120]
2019-07-13 08:33:19,634 INFO  client.GrpcClientProtocolClient (GrpcClientProtocolClient.java:onNext(255)) - client-0616CB290F12->912a7d3b-e3f1-4985-b06b-5f0a929b8060: receive RaftClientReply:client-0616CB290F12->912a7d3b-e3f1-4985-b06b-5f0a929b8060@group-3636E5E7603C, cid=4340, SUCCESS, logIndex=6119, commits[912a7d3b-e3f1-4985-b06b-5f0a929b8060:c6120]
2019-07-13 08:33:19,653 INFO  client.GrpcClientProtocolClient (GrpcClientProtocolClient.java:onNext(255)) - client-0616CB290F12->912a7d3b-e3f1-4985-b06b-5f0a929b8060: receive RaftClientReply:client-0616CB290F12->912a7d3b-e3f1-4985-b06b-5f0a929b8060@group-3636E5E7603C, cid=4341, SUCCESS, logIndex=6121, commits[912a7d3b-e3f1-4985-b06b-5f0a929b8060:c6122]
2019-07-13 08:33:19,653 INFO  client.GrpcClientProtocolClient (GrpcClientProtocolClient.java:onNext(255)) - client-0616CB290F12->912a7d3b-e3f1-4985-b06b-5f0a929b8060: receive RaftClientReply:client-0616CB290F12->912a7d3b-e3f1-4985-b06b-5f0a929b8060@group-3636E5E7603C, cid=4342, SUCCESS, logIndex=6122, commits[912a7d3b-e3f1-4985-b06b-5f0a929b8060:c6122]
2019-07-13 08:33:19,654 INFO  client.GrpcClientProtocolClient (GrpcClientProtocolClient.java:onNext(255)) - client-0616CB290F12->912a7d3b-e3f1-4985-b06b-5f0a929b8060: receive RaftClientReply:client-0616CB290F12->912a7d3b-e3f1-4985-b06b-5f0a929b8060@group-3636E5E7603C, cid=4343, SUCCESS, logIndex=6123, commits[912a7d3b-e3f1-4985-b06b-5f0a929b8060:c6124]
2019-07-13 08:33:19,654 INFO  client.GrpcClientProtocolClient (GrpcClientProtocolClient.java:onNext(255)) - client-0616CB290F12->912a7d3b-e3f1-4985-b06b-5f0a929b8060: receive RaftClientReply:client-0616CB290F12->912a7d3b-e3f1-4985-b06b-5f0a929b8060@group-3636E5E7603C, cid=4344, SUCCESS, logIndex=6124, commits[912a7d3b-e3f1-4985-b06b-5f0a929b8060:c6125]
2019-07-13 08:33:19,669 DEBUG block.SCMBlockDeletingService (SCMBlockDeletingService.java:call(138)) - Running DeletedBlockTransactionScanner
2019-07-13 08:33:19,669 DEBUG block.SCMBlockDeletingService (SCMBlockDeletingService.java:call(155)) - Scanned deleted blocks log and got 0 delTX to process.
2019-07-13 08:33:19,687 INFO  client.GrpcClientProtocolClient (GrpcClientProtocolClient.java:onNext(255)) - client-0616CB290F12->912a7d3b-e3f1-4985-b06b-5f0a929b8060: receive RaftClientReply:client-0616CB290F12->912a7d3b-e3f1-4985-b06b-5f0a929b8060@group-3636E5E7603C, cid=4345, SUCCESS, logIndex=6127, commits[912a7d3b-e3f1-4985-b06b-5f0a929b8060:c6128]
2019-07-13 08:33:19,688 INFO  client.GrpcClientProtocolClient (GrpcClientProtocolClient.java:onNext(255)) - client-0616CB290F12->912a7d3b-e3f1-4985-b06b-5f0a929b8060: receive RaftClientReply:client-0616CB290F12->912a7d3b-e3f1-4985-b06b-5f0a929b8060@group-3636E5E7603C, cid=4346, SUCCESS, logIndex=6128, commits[912a7d3b-e3f1-4985-b06b-5f0a929b8060:c6130]
2019-07-13 08:33:19,688 INFO  client.GrpcClientProtocolClient (GrpcClientProtocolClient.java:onNext(255)) - client-0616CB290F12->912a7d3b-e3f1-4985-b06b-5f0a929b8060: receive RaftClientReply:client-0616CB290F12->912a7d3b-e3f1-4985-b06b-5f0a929b8060@group-3636E5E7603C, cid=4347, SUCCESS, logIndex=6129, commits[912a7d3b-e3f1-4985-b06b-5f0a929b8060:c6131]
2019-07-13 08:33:19,689 INFO  client.GrpcClientProtocolClient (GrpcClientProtocolClient.java:onNext(255)) - client-0616CB290F12->912a7d3b-e3f1-4985-b06b-5f0a929b8060: receive RaftClientReply:client-0616CB290F12->912a7d3b-e3f1-4985-b06b-5f0a929b8060@group-3636E5E7603C, cid=4348, SUCCESS, logIndex=6130, commits[912a7d3b-e3f1-4985-b06b-5f0a929b8060:c6131]
2019-07-13 08:33:19,709 INFO  client.GrpcClientProtocolClient (GrpcClientProtocolClient.java:onNext(255)) - client-0616CB290F12->912a7d3b-e3f1-4985-b06b-5f0a929b8060: receive RaftClientReply:client-0616CB290F12->912a7d3b-e3f1-4985-b06b-5f0a929b8060@group-3636E5E7603C, cid=4349, SUCCESS, logIndex=6133, commits[912a7d3b-e3f1-4985-b06b-5f0a929b8060:c6134]
2019-07-13 08:33:19,709 INFO  client.GrpcClientProtocolClient (GrpcClientProtocolClient.java:onNext(255)) - client-0616CB290F12->912a7d3b-e3f1-4985-b06b-5f0a929b8060: receive RaftClientReply:client-0616CB290F12->912a7d3b-e3f1-4985-b06b-5f0a929b8060@group-3636E5E7603C, cid=4350, SUCCESS, logIndex=6134, commits[912a7d3b-e3f1-4985-b06b-5f0a929b8060:c6136]
2019-07-13 08:33:19,710 INFO  client.GrpcClientProtocolClient (GrpcClientProtocolClient.java:onNext(255)) - client-0616CB290F12->912a7d3b-e3f1-4985-b06b-5f0a929b8060: receive RaftClientReply:client-0616CB290F12->912a7d3b-e3f1-4985-b06b-5f0a929b8060@group-3636E5E7603C, cid=4351, SUCCESS, logIndex=6135, commits[912a7d3b-e3f1-4985-b06b-5f0a929b8060:c6136]
2019-07-13 08:33:19,710 INFO  client.GrpcClientProtocolClient (GrpcClientProtocolClient.java:onNext(255)) - client-0616CB290F12->912a7d3b-e3f1-4985-b06b-5f0a929b8060: receive RaftClientReply:client-0616CB290F12->912a7d3b-e3f1-4985-b06b-5f0a929b8060@group-3636E5E7603C, cid=4352, SUCCESS, logIndex=6136, commits[912a7d3b-e3f1-4985-b06b-5f0a929b8060:c6137]
2019-07-13 08:33:19,741 INFO  client.GrpcClientProtocolClient (GrpcClientProtocolClient.java:onNext(255)) - client-0616CB290F12->912a7d3b-e3f1-4985-b06b-5f0a929b8060: receive RaftClientReply:client-0616CB290F12->912a7d3b-e3f1-4985-b06b-5f0a929b8060@group-3636E5E7603C, cid=4353, SUCCESS, logIndex=6139, commits[912a7d3b-e3f1-4985-b06b-5f0a929b8060:c6140]
2019-07-13 08:33:19,742 INFO  client.GrpcClientProtocolClient (GrpcClientProtocolClient.java:onNext(255)) - client-0616CB290F12->912a7d3b-e3f1-4985-b06b-5f0a929b8060: receive RaftClientReply:client-0616CB290F12->912a7d3b-e3f1-4985-b06b-5f0a929b8060@group-3636E5E7603C, cid=4354, SUCCESS, logIndex=6140, commits[912a7d3b-e3f1-4985-b06b-5f0a929b8060:c6140]
2019-07-13 08:33:19,743 INFO  client.GrpcClientProtocolClient (GrpcClientProtocolClient.java:onNext(255)) - client-0616CB290F12->912a7d3b-e3f1-4985-b06b-5f0a929b8060: receive RaftClientReply:client-0616CB290F12->912a7d3b-e3f1-4985-b06b-5f0a929b8060@group-3636E5E7603C, cid=4355, SUCCESS, logIndex=6141, commits[912a7d3b-e3f1-4985-b06b-5f0a929b8060:c6142]
2019-07-13 08:33:19,744 INFO  client.GrpcClientProtocolClient (GrpcClientProtocolClient.java:onNext(255)) - client-0616CB290F12->912a7d3b-e3f1-4985-b06b-5f0a929b8060: receive RaftClientReply:client-0616CB290F12->912a7d3b-e3f1-4985-b06b-5f0a929b8060@group-3636E5E7603C, cid=4356, SUCCESS, logIndex=6142, commits[912a7d3b-e3f1-4985-b06b-5f0a929b8060:c6142]
2019-07-13 08:33:19,757 INFO  client.GrpcClientProtocolClient (GrpcClientProtocolClient.java:onNext(255)) - client-0616CB290F12->912a7d3b-e3f1-4985-b06b-5f0a929b8060: receive RaftClientReply:client-0616CB290F12->912a7d3b-e3f1-4985-b06b-5f0a929b8060@group-3636E5E7603C, cid=4357, SUCCESS, logIndex=6145, commits[912a7d3b-e3f1-4985-b06b-5f0a929b8060:c6148]
2019-07-13 08:33:19,757 INFO  client.GrpcClientProtocolClient (GrpcClientProtocolClient.java:onNext(255)) - client-0616CB290F12->912a7d3b-e3f1-4985-b06b-5f0a929b8060: receive RaftClientReply:client-0616CB290F12->912a7d3b-e3f1-4985-b06b-5f0a929b8060@group-3636E5E7603C, cid=4358, SUCCESS, logIndex=6146, commits[912a7d3b-e3f1-4985-b06b-5f0a929b8060:c6148]
2019-07-13 08:33:19,758 INFO  client.GrpcClientProtocolClient (GrpcClientProtocolClient.java:onNext(255)) - client-0616CB290F12->912a7d3b-e3f1-4985-b06b-5f0a929b8060: receive RaftClientReply:client-0616CB290F12->912a7d3b-e3f1-4985-b06b-5f0a929b8060@group-3636E5E7603C, cid=4359, SUCCESS, logIndex=6147, commits[912a7d3b-e3f1-4985-b06b-5f0a929b8060:c6148]
2019-07-13 08:33:19,758 INFO  client.GrpcClientProtocolClient (GrpcClientProtocolClient.java:onNext(255)) - client-0616CB290F12->912a7d3b-e3f1-4985-b06b-5f0a929b8060: receive RaftClientReply:client-0616CB290F12->912a7d3b-e3f1-4985-b06b-5f0a929b8060@group-3636E5E7603C, cid=4360, SUCCESS, logIndex=6148, commits[912a7d3b-e3f1-4985-b06b-5f0a929b8060:c6148]
2019-07-13 08:33:19,770 DEBUG block.SCMBlockDeletingService (SCMBlockDeletingService.java:call(138)) - Running DeletedBlockTransactionScanner
2019-07-13 08:33:19,770 DEBUG block.SCMBlockDeletingService (SCMBlockDeletingService.java:call(155)) - Scanned deleted blocks log and got 0 delTX to process.
2019-07-13 08:33:19,789 INFO  client.GrpcClientProtocolClient (GrpcClientProtocolClient.java:onNext(255)) - client-0616CB290F12->912a7d3b-e3f1-4985-b06b-5f0a929b8060: receive RaftClientReply:client-0616CB290F12->912a7d3b-e3f1-4985-b06b-5f0a929b8060@group-3636E5E7603C, cid=4361, SUCCESS, logIndex=6150, commits[912a7d3b-e3f1-4985-b06b-5f0a929b8060:c6151]
2019-07-13 08:33:19,790 INFO  client.GrpcClientProtocolClient (GrpcClientProtocolClient.java:onNext(255)) - client-0616CB290F12->912a7d3b-e3f1-4985-b06b-5f0a929b8060: receive RaftClientReply:client-0616CB290F12->912a7d3b-e3f1-4985-b06b-5f0a929b8060@group-3636E5E7603C, cid=4362, SUCCESS, logIndex=6151, commits[912a7d3b-e3f1-4985-b06b-5f0a929b8060:c6153]
2019-07-13 08:33:19,791 INFO  client.GrpcClientProtocolClient (GrpcClientProtocolClient.java:onNext(255)) - client-0616CB290F12->912a7d3b-e3f1-4985-b06b-5f0a929b8060: receive RaftClientReply:client-0616CB290F12->912a7d3b-e3f1-4985-b06b-5f0a929b8060@group-3636E5E7603C, cid=4363, SUCCESS, logIndex=6152, commits[912a7d3b-e3f1-4985-b06b-5f0a929b8060:c6153]
2019-07-13 08:33:19,791 INFO  client.GrpcClientProtocolClient (GrpcClientProtocolClient.java:onNext(255)) - client-0616CB290F12->912a7d3b-e3f1-4985-b06b-5f0a929b8060: receive RaftClientReply:client-0616CB290F12->912a7d3b-e3f1-4985-b06b-5f0a929b8060@group-3636E5E7603C, cid=4364, SUCCESS, logIndex=6153, commits[912a7d3b-e3f1-4985-b06b-5f0a929b8060:c6154]
2019-07-13 08:33:19,810 INFO  client.GrpcClientProtocolClient (GrpcClientProtocolClient.java:onNext(255)) - client-0616CB290F12->912a7d3b-e3f1-4985-b06b-5f0a929b8060: receive RaftClientReply:client-0616CB290F12->912a7d3b-e3f1-4985-b06b-5f0a929b8060@group-3636E5E7603C, cid=4365, SUCCESS, logIndex=6156, commits[912a7d3b-e3f1-4985-b06b-5f0a929b8060:c6157]
2019-07-13 08:33:19,810 INFO  client.GrpcClientProtocolClient (GrpcClientProtocolClient.java:onNext(255)) - client-0616CB290F12->912a7d3b-e3f1-4985-b06b-5f0a929b8060: receive RaftClientReply:client-0616CB290F12->912a7d3b-e3f1-4985-b06b-5f0a929b8060@group-3636E5E7603C, cid=4366, SUCCESS, logIndex=6157, commits[912a7d3b-e3f1-4985-b06b-5f0a929b8060:c6159]
2019-07-13 08:33:19,811 INFO  client.GrpcClientProtocolClient (GrpcClientProtocolClient.java:onNext(255)) - client-0616CB290F12->912a7d3b-e3f1-4985-b06b-5f0a929b8060: receive RaftClientReply:client-0616CB290F12->912a7d3b-e3f1-4985-b06b-5f0a929b8060@group-3636E5E7603C, cid=4367, SUCCESS, logIndex=6158, commits[912a7d3b-e3f1-4985-b06b-5f0a929b8060:c6160]
2019-07-13 08:33:19,811 INFO  client.GrpcClientProtocolClient (GrpcClientProtocolClient.java:onNext(255)) - client-0616CB290F12->912a7d3b-e3f1-4985-b06b-5f0a929b8060: receive RaftClientReply:client-0616CB290F12->912a7d3b-e3f1-4985-b06b-5f0a929b8060@group-3636E5E7603C, cid=4368, SUCCESS, logIndex=6159, commits[912a7d3b-e3f1-4985-b06b-5f0a929b8060:c6160]
2019-07-13 08:33:19,845 INFO  client.GrpcClientProtocolClient (GrpcClientProtocolClient.java:onNext(255)) - client-0616CB290F12->912a7d3b-e3f1-4985-b06b-5f0a929b8060: receive RaftClientReply:client-0616CB290F12->912a7d3b-e3f1-4985-b06b-5f0a929b8060@group-3636E5E7603C, cid=4369, SUCCESS, logIndex=6162, commits[912a7d3b-e3f1-4985-b06b-5f0a929b8060:c6165]
2019-07-13 08:33:19,846 INFO  client.GrpcClientProtocolClient (GrpcClientProtocolClient.java:onNext(255)) - client-0616CB290F12->912a7d3b-e3f1-4985-b06b-5f0a929b8060: receive RaftClientReply:client-0616CB290F12->912a7d3b-e3f1-4985-b06b-5f0a929b8060@group-3636E5E7603C, cid=4370, SUCCESS, logIndex=6163, commits[912a7d3b-e3f1-4985-b06b-5f0a929b8060:c6166]
2019-07-13 08:33:19,846 INFO  client.GrpcClientProtocolClient (GrpcClientProtocolClient.java:onNext(255)) - client-0616CB290F12->912a7d3b-e3f1-4985-b06b-5f0a929b8060: receive RaftClientReply:client-0616CB290F12->912a7d3b-e3f1-4985-b06b-5f0a929b8060@group-3636E5E7603C, cid=4371, SUCCESS, logIndex=6164, commits[912a7d3b-e3f1-4985-b06b-5f0a929b8060:c6166]
2019-07-13 08:33:19,847 INFO  client.GrpcClientProtocolClient (GrpcClientProtocolClient.java:onNext(255)) - client-0616CB290F12->912a7d3b-e3f1-4985-b06b-5f0a929b8060: receive RaftClientReply:client-0616CB290F12->912a7d3b-e3f1-4985-b06b-5f0a929b8060@group-3636E5E7603C, cid=4372, SUCCESS, logIndex=6165, commits[912a7d3b-e3f1-4985-b06b-5f0a929b8060:c6166]
2019-07-13 08:33:19,865 INFO  client.GrpcClientProtocolClient (GrpcClientProtocolClient.java:onNext(255)) - client-0616CB290F12->912a7d3b-e3f1-4985-b06b-5f0a929b8060: receive RaftClientReply:client-0616CB290F12->912a7d3b-e3f1-4985-b06b-5f0a929b8060@group-3636E5E7603C, cid=4373, SUCCESS, logIndex=6167, commits[912a7d3b-e3f1-4985-b06b-5f0a929b8060:c6168]
2019-07-13 08:33:19,866 INFO  client.GrpcClientProtocolClient (GrpcClientProtocolClient.java:onNext(255)) - client-0616CB290F12->912a7d3b-e3f1-4985-b06b-5f0a929b8060: receive RaftClientReply:client-0616CB290F12->912a7d3b-e3f1-4985-b06b-5f0a929b8060@group-3636E5E7603C, cid=4374, SUCCESS, logIndex=6168, commits[912a7d3b-e3f1-4985-b06b-5f0a929b8060:c6168]
2019-07-13 08:33:19,868 INFO  client.GrpcClientProtocolClient (GrpcClientProtocolClient.java:onNext(255)) - client-0616CB290F12->912a7d3b-e3f1-4985-b06b-5f0a929b8060: receive RaftClientReply:client-0616CB290F12->912a7d3b-e3f1-4985-b06b-5f0a929b8060@group-3636E5E7603C, cid=4375, SUCCESS, logIndex=6169, commits[912a7d3b-e3f1-4985-b06b-5f0a929b8060:c6171]
2019-07-13 08:33:19,868 INFO  client.GrpcClientProtocolClient (GrpcClientProtocolClient.java:onNext(255)) - client-0616CB290F12->912a7d3b-e3f1-4985-b06b-5f0a929b8060: receive RaftClientReply:client-0616CB290F12->912a7d3b-e3f1-4985-b06b-5f0a929b8060@group-3636E5E7603C, cid=4376, SUCCESS, logIndex=6170, commits[912a7d3b-e3f1-4985-b06b-5f0a929b8060:c6171]
2019-07-13 08:33:19,870 DEBUG block.SCMBlockDeletingService (SCMBlockDeletingService.java:call(138)) - Running DeletedBlockTransactionScanner
2019-07-13 08:33:19,870 DEBUG block.SCMBlockDeletingService (SCMBlockDeletingService.java:call(155)) - Scanned deleted blocks log and got 0 delTX to process.
2019-07-13 08:33:19,971 DEBUG block.SCMBlockDeletingService (SCMBlockDeletingService.java:call(138)) - Running DeletedBlockTransactionScanner
2019-07-13 08:33:19,971 DEBUG block.SCMBlockDeletingService (SCMBlockDeletingService.java:call(155)) - Scanned deleted blocks log and got 0 delTX to process.
2019-07-13 08:33:20,052 INFO  client.GrpcClientProtocolClient (GrpcClientProtocolClient.java:onNext(255)) - client-0616CB290F12->912a7d3b-e3f1-4985-b06b-5f0a929b8060: receive RaftClientReply:client-0616CB290F12->912a7d3b-e3f1-4985-b06b-5f0a929b8060@group-3636E5E7603C, cid=4377, SUCCESS, logIndex=6172, commits[912a7d3b-e3f1-4985-b06b-5f0a929b8060:c6175]
2019-07-13 08:33:20,052 INFO  client.GrpcClientProtocolClient (GrpcClientProtocolClient.java:onNext(255)) - client-0616CB290F12->912a7d3b-e3f1-4985-b06b-5f0a929b8060: receive RaftClientReply:client-0616CB290F12->912a7d3b-e3f1-4985-b06b-5f0a929b8060@group-3636E5E7603C, cid=4378, SUCCESS, logIndex=6173, commits[912a7d3b-e3f1-4985-b06b-5f0a929b8060:c6176]
2019-07-13 08:33:20,053 INFO  client.GrpcClientProtocolClient (GrpcClientProtocolClient.java:onNext(255)) - client-0616CB290F12->912a7d3b-e3f1-4985-b06b-5f0a929b8060: receive RaftClientReply:client-0616CB290F12->912a7d3b-e3f1-4985-b06b-5f0a929b8060@group-3636E5E7603C, cid=4379, SUCCESS, logIndex=6174, commits[912a7d3b-e3f1-4985-b06b-5f0a929b8060:c6176]
2019-07-13 08:33:20,053 INFO  client.GrpcClientProtocolClient (GrpcClientProtocolClient.java:onNext(255)) - client-0616CB290F12->912a7d3b-e3f1-4985-b06b-5f0a929b8060: receive RaftClientReply:client-0616CB290F12->912a7d3b-e3f1-4985-b06b-5f0a929b8060@group-3636E5E7603C, cid=4380, SUCCESS, logIndex=6175, commits[912a7d3b-e3f1-4985-b06b-5f0a929b8060:c6176]
2019-07-13 08:33:20,071 DEBUG block.SCMBlockDeletingService (SCMBlockDeletingService.java:call(138)) - Running DeletedBlockTransactionScanner
2019-07-13 08:33:20,072 DEBUG block.SCMBlockDeletingService (SCMBlockDeletingService.java:call(155)) - Scanned deleted blocks log and got 0 delTX to process.
2019-07-13 08:33:20,073 INFO  client.GrpcClientProtocolClient (GrpcClientProtocolClient.java:onNext(255)) - client-0616CB290F12->912a7d3b-e3f1-4985-b06b-5f0a929b8060: receive RaftClientReply:client-0616CB290F12->912a7d3b-e3f1-4985-b06b-5f0a929b8060@group-3636E5E7603C, cid=4381, SUCCESS, logIndex=6177, commits[912a7d3b-e3f1-4985-b06b-5f0a929b8060:c6178]
2019-07-13 08:33:20,074 INFO  client.GrpcClientProtocolClient (GrpcClientProtocolClient.java:onNext(255)) - client-0616CB290F12->912a7d3b-e3f1-4985-b06b-5f0a929b8060: receive RaftClientReply:client-0616CB290F12->912a7d3b-e3f1-4985-b06b-5f0a929b8060@group-3636E5E7603C, cid=4382, SUCCESS, logIndex=6178, commits[912a7d3b-e3f1-4985-b06b-5f0a929b8060:c6180]
2019-07-13 08:33:20,074 INFO  client.GrpcClientProtocolClient (GrpcClientProtocolClient.java:onNext(255)) - client-0616CB290F12->912a7d3b-e3f1-4985-b06b-5f0a929b8060: receive RaftClientReply:client-0616CB290F12->912a7d3b-e3f1-4985-b06b-5f0a929b8060@group-3636E5E7603C, cid=4383, SUCCESS, logIndex=6179, commits[912a7d3b-e3f1-4985-b06b-5f0a929b8060:c6181]
2019-07-13 08:33:20,074 INFO  client.GrpcClientProtocolClient (GrpcClientProtocolClient.java:onNext(255)) - client-0616CB290F12->912a7d3b-e3f1-4985-b06b-5f0a929b8060: receive RaftClientReply:client-0616CB290F12->912a7d3b-e3f1-4985-b06b-5f0a929b8060@group-3636E5E7603C, cid=4384, SUCCESS, logIndex=6180, commits[912a7d3b-e3f1-4985-b06b-5f0a929b8060:c6181]
2019-07-13 08:33:20,106 INFO  client.GrpcClientProtocolClient (GrpcClientProtocolClient.java:onNext(255)) - client-0616CB290F12->912a7d3b-e3f1-4985-b06b-5f0a929b8060: receive RaftClientReply:client-0616CB290F12->912a7d3b-e3f1-4985-b06b-5f0a929b8060@group-3636E5E7603C, cid=4385, SUCCESS, logIndex=6183, commits[912a7d3b-e3f1-4985-b06b-5f0a929b8060:c6184]
2019-07-13 08:33:20,107 INFO  client.GrpcClientProtocolClient (GrpcClientProtocolClient.java:onNext(255)) - client-0616CB290F12->912a7d3b-e3f1-4985-b06b-5f0a929b8060: receive RaftClientReply:client-0616CB290F12->912a7d3b-e3f1-4985-b06b-5f0a929b8060@group-3636E5E7603C, cid=4386, SUCCESS, logIndex=6184, commits[912a7d3b-e3f1-4985-b06b-5f0a929b8060:c6186]
2019-07-13 08:33:20,107 INFO  client.GrpcClientProtocolClient (GrpcClientProtocolClient.java:onNext(255)) - client-0616CB290F12->912a7d3b-e3f1-4985-b06b-5f0a929b8060: receive RaftClientReply:client-0616CB290F12->912a7d3b-e3f1-4985-b06b-5f0a929b8060@group-3636E5E7603C, cid=4387, SUCCESS, logIndex=6185, commits[912a7d3b-e3f1-4985-b06b-5f0a929b8060:c6186]
2019-07-13 08:33:20,107 INFO  client.GrpcClientProtocolClient (GrpcClientProtocolClient.java:onNext(255)) - client-0616CB290F12->912a7d3b-e3f1-4985-b06b-5f0a929b8060: receive RaftClientReply:client-0616CB290F12->912a7d3b-e3f1-4985-b06b-5f0a929b8060@group-3636E5E7603C, cid=4388, SUCCESS, logIndex=6186, commits[912a7d3b-e3f1-4985-b06b-5f0a929b8060:c6187]
2019-07-13 08:33:20,127 INFO  client.GrpcClientProtocolClient (GrpcClientProtocolClient.java:onNext(255)) - client-0616CB290F12->912a7d3b-e3f1-4985-b06b-5f0a929b8060: receive RaftClientReply:client-0616CB290F12->912a7d3b-e3f1-4985-b06b-5f0a929b8060@group-3636E5E7603C, cid=4389, SUCCESS, logIndex=6189, commits[912a7d3b-e3f1-4985-b06b-5f0a929b8060:c6190]
2019-07-13 08:33:20,127 INFO  client.GrpcClientProtocolClient (GrpcClientProtocolClient.java:onNext(255)) - client-0616CB290F12->912a7d3b-e3f1-4985-b06b-5f0a929b8060: receive RaftClientReply:client-0616CB290F12->912a7d3b-e3f1-4985-b06b-5f0a929b8060@group-3636E5E7603C, cid=4390, SUCCESS, logIndex=6190, commits[912a7d3b-e3f1-4985-b06b-5f0a929b8060:c6192]
2019-07-13 08:33:20,127 INFO  client.GrpcClientProtocolClient (GrpcClientProtocolClient.java:onNext(255)) - client-0616CB290F12->912a7d3b-e3f1-4985-b06b-5f0a929b8060: receive RaftClientReply:client-0616CB290F12->912a7d3b-e3f1-4985-b06b-5f0a929b8060@group-3636E5E7603C, cid=4391, SUCCESS, logIndex=6191, commits[912a7d3b-e3f1-4985-b06b-5f0a929b8060:c6193]
2019-07-13 08:33:20,128 INFO  client.GrpcClientProtocolClient (GrpcClientProtocolClient.java:onNext(255)) - client-0616CB290F12->912a7d3b-e3f1-4985-b06b-5f0a929b8060: receive RaftClientReply:client-0616CB290F12->912a7d3b-e3f1-4985-b06b-5f0a929b8060@group-3636E5E7603C, cid=4392, SUCCESS, logIndex=6192, commits[912a7d3b-e3f1-4985-b06b-5f0a929b8060:c6193]
2019-07-13 08:33:20,161 INFO  client.GrpcClientProtocolClient (GrpcClientProtocolClient.java:onNext(255)) - client-0616CB290F12->912a7d3b-e3f1-4985-b06b-5f0a929b8060: receive RaftClientReply:client-0616CB290F12->912a7d3b-e3f1-4985-b06b-5f0a929b8060@group-3636E5E7603C, cid=4393, SUCCESS, logIndex=6195, commits[912a7d3b-e3f1-4985-b06b-5f0a929b8060:c6196]
2019-07-13 08:33:20,162 INFO  client.GrpcClientProtocolClient (GrpcClientProtocolClient.java:onNext(255)) - client-0616CB290F12->912a7d3b-e3f1-4985-b06b-5f0a929b8060: receive RaftClientReply:client-0616CB290F12->912a7d3b-e3f1-4985-b06b-5f0a929b8060@group-3636E5E7603C, cid=4394, SUCCESS, logIndex=6196, commits[912a7d3b-e3f1-4985-b06b-5f0a929b8060:c6198]
2019-07-13 08:33:20,162 INFO  client.GrpcClientProtocolClient (GrpcClientProtocolClient.java:onNext(255)) - client-0616CB290F12->912a7d3b-e3f1-4985-b06b-5f0a929b8060: receive RaftClientReply:client-0616CB290F12->912a7d3b-e3f1-4985-b06b-5f0a929b8060@group-3636E5E7603C, cid=4395, SUCCESS, logIndex=6197, commits[912a7d3b-e3f1-4985-b06b-5f0a929b8060:c6198]
2019-07-13 08:33:20,162 INFO  client.GrpcClientProtocolClient (GrpcClientProtocolClient.java:onNext(255)) - client-0616CB290F12->912a7d3b-e3f1-4985-b06b-5f0a929b8060: receive RaftClientReply:client-0616CB290F12->912a7d3b-e3f1-4985-b06b-5f0a929b8060@group-3636E5E7603C, cid=4396, SUCCESS, logIndex=6198, commits[912a7d3b-e3f1-4985-b06b-5f0a929b8060:c6199]
2019-07-13 08:33:20,172 DEBUG block.SCMBlockDeletingService (SCMBlockDeletingService.java:call(138)) - Running DeletedBlockTransactionScanner
2019-07-13 08:33:20,172 DEBUG block.SCMBlockDeletingService (SCMBlockDeletingService.java:call(155)) - Scanned deleted blocks log and got 0 delTX to process.
2019-07-13 08:33:20,182 INFO  client.GrpcClientProtocolClient (GrpcClientProtocolClient.java:onNext(255)) - client-0616CB290F12->912a7d3b-e3f1-4985-b06b-5f0a929b8060: receive RaftClientReply:client-0616CB290F12->912a7d3b-e3f1-4985-b06b-5f0a929b8060@group-3636E5E7603C, cid=4397, SUCCESS, logIndex=6201, commits[912a7d3b-e3f1-4985-b06b-5f0a929b8060:c6202]
2019-07-13 08:33:20,182 INFO  client.GrpcClientProtocolClient (GrpcClientProtocolClient.java:onNext(255)) - client-0616CB290F12->912a7d3b-e3f1-4985-b06b-5f0a929b8060: receive RaftClientReply:client-0616CB290F12->912a7d3b-e3f1-4985-b06b-5f0a929b8060@group-3636E5E7603C, cid=4398, SUCCESS, logIndex=6202, commits[912a7d3b-e3f1-4985-b06b-5f0a929b8060:c6204]
2019-07-13 08:33:20,182 INFO  client.GrpcClientProtocolClient (GrpcClientProtocolClient.java:onNext(255)) - client-0616CB290F12->912a7d3b-e3f1-4985-b06b-5f0a929b8060: receive RaftClientReply:client-0616CB290F12->912a7d3b-e3f1-4985-b06b-5f0a929b8060@group-3636E5E7603C, cid=4399, SUCCESS, logIndex=6203, commits[912a7d3b-e3f1-4985-b06b-5f0a929b8060:c6205]
2019-07-13 08:33:20,182 INFO  client.GrpcClientProtocolClient (GrpcClientProtocolClient.java:onNext(255)) - client-0616CB290F12->912a7d3b-e3f1-4985-b06b-5f0a929b8060: receive RaftClientReply:client-0616CB290F12->912a7d3b-e3f1-4985-b06b-5f0a929b8060@group-3636E5E7603C, cid=4400, SUCCESS, logIndex=6204, commits[912a7d3b-e3f1-4985-b06b-5f0a929b8060:c6205]
2019-07-13 08:33:20,214 INFO  client.GrpcClientProtocolClient (GrpcClientProtocolClient.java:onNext(255)) - client-0616CB290F12->912a7d3b-e3f1-4985-b06b-5f0a929b8060: receive RaftClientReply:client-0616CB290F12->912a7d3b-e3f1-4985-b06b-5f0a929b8060@group-3636E5E7603C, cid=4401, SUCCESS, logIndex=6207, commits[912a7d3b-e3f1-4985-b06b-5f0a929b8060:c6208]
2019-07-13 08:33:20,215 INFO  client.GrpcClientProtocolClient (GrpcClientProtocolClient.java:onNext(255)) - client-0616CB290F12->912a7d3b-e3f1-4985-b06b-5f0a929b8060: receive RaftClientReply:client-0616CB290F12->912a7d3b-e3f1-4985-b06b-5f0a929b8060@group-3636E5E7603C, cid=4402, SUCCESS, logIndex=6208, commits[912a7d3b-e3f1-4985-b06b-5f0a929b8060:c6208]
2019-07-13 08:33:20,216 INFO  client.GrpcClientProtocolClient (GrpcClientProtocolClient.java:onNext(255)) - client-0616CB290F12->912a7d3b-e3f1-4985-b06b-5f0a929b8060: receive RaftClientReply:client-0616CB290F12->912a7d3b-e3f1-4985-b06b-5f0a929b8060@group-3636E5E7603C, cid=4403, SUCCESS, logIndex=6209, commits[912a7d3b-e3f1-4985-b06b-5f0a929b8060:c6210]
2019-07-13 08:33:20,217 INFO  client.GrpcClientProtocolClient (GrpcClientProtocolClient.java:onNext(255)) - client-0616CB290F12->912a7d3b-e3f1-4985-b06b-5f0a929b8060: receive RaftClientReply:client-0616CB290F12->912a7d3b-e3f1-4985-b06b-5f0a929b8060@group-3636E5E7603C, cid=4404, SUCCESS, logIndex=6210, commits[912a7d3b-e3f1-4985-b06b-5f0a929b8060:c6210]
2019-07-13 08:33:20,228 INFO  client.GrpcClientProtocolClient (GrpcClientProtocolClient.java:onNext(255)) - client-0616CB290F12->912a7d3b-e3f1-4985-b06b-5f0a929b8060: receive RaftClientReply:client-0616CB290F12->912a7d3b-e3f1-4985-b06b-5f0a929b8060@group-3636E5E7603C, cid=4405, SUCCESS, logIndex=6213, commits[912a7d3b-e3f1-4985-b06b-5f0a929b8060:c6216]
2019-07-13 08:33:20,228 INFO  client.GrpcClientProtocolClient (GrpcClientProtocolClient.java:onNext(255)) - client-0616CB290F12->912a7d3b-e3f1-4985-b06b-5f0a929b8060: receive RaftClientReply:client-0616CB290F12->912a7d3b-e3f1-4985-b06b-5f0a929b8060@group-3636E5E7603C, cid=4406, SUCCESS, logIndex=6214, commits[912a7d3b-e3f1-4985-b06b-5f0a929b8060:c6217]
2019-07-13 08:33:20,228 INFO  client.GrpcClientProtocolClient (GrpcClientProtocolClient.java:onNext(255)) - client-0616CB290F12->912a7d3b-e3f1-4985-b06b-5f0a929b8060: receive RaftClientReply:client-0616CB290F12->912a7d3b-e3f1-4985-b06b-5f0a929b8060@group-3636E5E7603C, cid=4407, SUCCESS, logIndex=6215, commits[912a7d3b-e3f1-4985-b06b-5f0a929b8060:c6217]
2019-07-13 08:33:20,229 INFO  client.GrpcClientProtocolClient (GrpcClientProtocolClient.java:onNext(255)) - client-0616CB290F12->912a7d3b-e3f1-4985-b06b-5f0a929b8060: receive RaftClientReply:client-0616CB290F12->912a7d3b-e3f1-4985-b06b-5f0a929b8060@group-3636E5E7603C, cid=4408, SUCCESS, logIndex=6216, commits[912a7d3b-e3f1-4985-b06b-5f0a929b8060:c6217]
2019-07-13 08:33:20,260 INFO  client.GrpcClientProtocolClient (GrpcClientProtocolClient.java:onNext(255)) - client-0616CB290F12->912a7d3b-e3f1-4985-b06b-5f0a929b8060: receive RaftClientReply:client-0616CB290F12->912a7d3b-e3f1-4985-b06b-5f0a929b8060@group-3636E5E7603C, cid=4409, SUCCESS, logIndex=6218, commits[912a7d3b-e3f1-4985-b06b-5f0a929b8060:c6221]
2019-07-13 08:33:20,260 INFO  client.GrpcClientProtocolClient (GrpcClientProtocolClient.java:onNext(255)) - client-0616CB290F12->912a7d3b-e3f1-4985-b06b-5f0a929b8060: receive RaftClientReply:client-0616CB290F12->912a7d3b-e3f1-4985-b06b-5f0a929b8060@group-3636E5E7603C, cid=4410, SUCCESS, logIndex=6219, commits[912a7d3b-e3f1-4985-b06b-5f0a929b8060:c6221]
2019-07-13 08:33:20,261 INFO  client.GrpcClientProtocolClient (GrpcClientProtocolClient.java:onNext(255)) - client-0616CB290F12->912a7d3b-e3f1-4985-b06b-5f0a929b8060: receive RaftClientReply:client-0616CB290F12->912a7d3b-e3f1-4985-b06b-5f0a929b8060@group-3636E5E7603C, cid=4411, SUCCESS, logIndex=6220, commits[912a7d3b-e3f1-4985-b06b-5f0a929b8060:c6222]
2019-07-13 08:33:20,261 INFO  client.GrpcClientProtocolClient (GrpcClientProtocolClient.java:onNext(255)) - client-0616CB290F12->912a7d3b-e3f1-4985-b06b-5f0a929b8060: receive RaftClientReply:client-0616CB290F12->912a7d3b-e3f1-4985-b06b-5f0a929b8060@group-3636E5E7603C, cid=4412, SUCCESS, logIndex=6221, commits[912a7d3b-e3f1-4985-b06b-5f0a929b8060:c6222]
2019-07-13 08:33:20,273 DEBUG block.SCMBlockDeletingService (SCMBlockDeletingService.java:call(138)) - Running DeletedBlockTransactionScanner
2019-07-13 08:33:20,273 DEBUG block.SCMBlockDeletingService (SCMBlockDeletingService.java:call(155)) - Scanned deleted blocks log and got 0 delTX to process.
2019-07-13 08:33:20,280 INFO  client.GrpcClientProtocolClient (GrpcClientProtocolClient.java:onNext(255)) - client-0616CB290F12->912a7d3b-e3f1-4985-b06b-5f0a929b8060: receive RaftClientReply:client-0616CB290F12->912a7d3b-e3f1-4985-b06b-5f0a929b8060@group-3636E5E7603C, cid=4413, SUCCESS, logIndex=6224, commits[912a7d3b-e3f1-4985-b06b-5f0a929b8060:c6225]
2019-07-13 08:33:20,280 INFO  client.GrpcClientProtocolClient (GrpcClientProtocolClient.java:onNext(255)) - client-0616CB290F12->912a7d3b-e3f1-4985-b06b-5f0a929b8060: receive RaftClientReply:client-0616CB290F12->912a7d3b-e3f1-4985-b06b-5f0a929b8060@group-3636E5E7603C, cid=4414, SUCCESS, logIndex=6225, commits[912a7d3b-e3f1-4985-b06b-5f0a929b8060:c6227]
2019-07-13 08:33:20,280 INFO  client.GrpcClientProtocolClient (GrpcClientProtocolClient.java:onNext(255)) - client-0616CB290F12->912a7d3b-e3f1-4985-b06b-5f0a929b8060: receive RaftClientReply:client-0616CB290F12->912a7d3b-e3f1-4985-b06b-5f0a929b8060@group-3636E5E7603C, cid=4415, SUCCESS, logIndex=6226, commits[912a7d3b-e3f1-4985-b06b-5f0a929b8060:c6228]
2019-07-13 08:33:20,281 INFO  client.GrpcClientProtocolClient (GrpcClientProtocolClient.java:onNext(255)) - client-0616CB290F12->912a7d3b-e3f1-4985-b06b-5f0a929b8060: receive RaftClientReply:client-0616CB290F12->912a7d3b-e3f1-4985-b06b-5f0a929b8060@group-3636E5E7603C, cid=4416, SUCCESS, logIndex=6227, commits[912a7d3b-e3f1-4985-b06b-5f0a929b8060:c6228]
2019-07-13 08:33:20,313 INFO  client.GrpcClientProtocolClient (GrpcClientProtocolClient.java:onNext(255)) - client-0616CB290F12->912a7d3b-e3f1-4985-b06b-5f0a929b8060: receive RaftClientReply:client-0616CB290F12->912a7d3b-e3f1-4985-b06b-5f0a929b8060@group-3636E5E7603C, cid=4417, SUCCESS, logIndex=6230, commits[912a7d3b-e3f1-4985-b06b-5f0a929b8060:c6231]
2019-07-13 08:33:20,314 INFO  client.GrpcClientProtocolClient (GrpcClientProtocolClient.java:onNext(255)) - client-0616CB290F12->912a7d3b-e3f1-4985-b06b-5f0a929b8060: receive RaftClientReply:client-0616CB290F12->912a7d3b-e3f1-4985-b06b-5f0a929b8060@group-3636E5E7603C, cid=4418, SUCCESS, logIndex=6231, commits[912a7d3b-e3f1-4985-b06b-5f0a929b8060:c6231]
2019-07-13 08:33:20,319 INFO  client.GrpcClientProtocolClient (GrpcClientProtocolClient.java:onNext(255)) - client-0616CB290F12->912a7d3b-e3f1-4985-b06b-5f0a929b8060: receive RaftClientReply:client-0616CB290F12->912a7d3b-e3f1-4985-b06b-5f0a929b8060@group-3636E5E7603C, cid=4419, SUCCESS, logIndex=6232, commits[912a7d3b-e3f1-4985-b06b-5f0a929b8060:c6233]
2019-07-13 08:33:20,320 INFO  client.GrpcClientProtocolClient (GrpcClientProtocolClient.java:onNext(255)) - client-0616CB290F12->912a7d3b-e3f1-4985-b06b-5f0a929b8060: receive RaftClientReply:client-0616CB290F12->912a7d3b-e3f1-4985-b06b-5f0a929b8060@group-3636E5E7603C, cid=4420, SUCCESS, logIndex=6233, commits[912a7d3b-e3f1-4985-b06b-5f0a929b8060:c6234]
2019-07-13 08:33:20,345 INFO  client.GrpcClientProtocolClient (GrpcClientProtocolClient.java:onNext(255)) - client-0616CB290F12->912a7d3b-e3f1-4985-b06b-5f0a929b8060: receive RaftClientReply:client-0616CB290F12->912a7d3b-e3f1-4985-b06b-5f0a929b8060@group-3636E5E7603C, cid=4421, SUCCESS, logIndex=6236, commits[912a7d3b-e3f1-4985-b06b-5f0a929b8060:c6237]
2019-07-13 08:33:20,346 INFO  client.GrpcClientProtocolClient (GrpcClientProtocolClient.java:onNext(255)) - client-0616CB290F12->912a7d3b-e3f1-4985-b06b-5f0a929b8060: receive RaftClientReply:client-0616CB290F12->912a7d3b-e3f1-4985-b06b-5f0a929b8060@group-3636E5E7603C, cid=4422, SUCCESS, logIndex=6237, commits[912a7d3b-e3f1-4985-b06b-5f0a929b8060:c6238]
2019-07-13 08:33:20,373 DEBUG block.SCMBlockDeletingService (SCMBlockDeletingService.java:call(138)) - Running DeletedBlockTransactionScanner
2019-07-13 08:33:20,373 DEBUG block.SCMBlockDeletingService (SCMBlockDeletingService.java:call(155)) - Scanned deleted blocks log and got 0 delTX to process.
2019-07-13 08:33:20,474 DEBUG block.SCMBlockDeletingService (SCMBlockDeletingService.java:call(138)) - Running DeletedBlockTransactionScanner
2019-07-13 08:33:20,474 DEBUG block.SCMBlockDeletingService (SCMBlockDeletingService.java:call(155)) - Scanned deleted blocks log and got 0 delTX to process.
2019-07-13 08:33:20,574 DEBUG block.SCMBlockDeletingService (SCMBlockDeletingService.java:call(138)) - Running DeletedBlockTransactionScanner
2019-07-13 08:33:20,575 DEBUG block.SCMBlockDeletingService (SCMBlockDeletingService.java:call(155)) - Scanned deleted blocks log and got 0 delTX to process.
2019-07-13 08:33:20,675 DEBUG block.SCMBlockDeletingService (SCMBlockDeletingService.java:call(138)) - Running DeletedBlockTransactionScanner
2019-07-13 08:33:20,675 DEBUG block.SCMBlockDeletingService (SCMBlockDeletingService.java:call(155)) - Scanned deleted blocks log and got 0 delTX to process.
2019-07-13 08:33:20,776 DEBUG block.SCMBlockDeletingService (SCMBlockDeletingService.java:call(138)) - Running DeletedBlockTransactionScanner
2019-07-13 08:33:20,776 DEBUG block.SCMBlockDeletingService (SCMBlockDeletingService.java:call(155)) - Scanned deleted blocks log and got 0 delTX to process.
2019-07-13 08:33:20,876 DEBUG block.SCMBlockDeletingService (SCMBlockDeletingService.java:call(138)) - Running DeletedBlockTransactionScanner
2019-07-13 08:33:20,877 DEBUG block.SCMBlockDeletingService (SCMBlockDeletingService.java:call(155)) - Scanned deleted blocks log and got 0 delTX to process.
2019-07-13 08:33:20,899 INFO  server.SCMBlockProtocolServer (SCMBlockProtocolServer.java:deleteKeyBlocks(205)) - SCM is informed by OM to delete 1 blocks
2019-07-13 08:33:20,901 INFO  block.BlockManagerImpl (BlockManagerImpl.java:deleteBlocks(269)) - Deleting blocks conID: 1 locID: 102433208776720385 bcsId: 0,conID: 2 locID: 102433208776982530 bcsId: 0,conID: 3 locID: 102433208776982531 bcsId: 0,conID: 1 locID: 102433208777179140 bcsId: 0,conID: 2 locID: 102433208777244677 bcsId: 0,conID: 3 locID: 102433208777244678 bcsId: 0,conID: 1 locID: 102433209146146823 bcsId: 0,conID: 2 locID: 102433209152503816 bcsId: 0,conID: 3 locID: 102433209158467593 bcsId: 0,conID: 1 locID: 102433209166069770 bcsId: 0,conID: 2 locID: 102433209219088395 bcsId: 0,conID: 3 locID: 102433209224527884 bcsId: 0,conID: 1 locID: 102433209238355981 bcsId: 0,conID: 2 locID: 102433209243009038 bcsId: 0,conID: 3 locID: 102433209247793167 bcsId: 0,conID: 1 locID: 102433209252708368 bcsId: 0,conID: 2 locID: 102433209256706065 bcsId: 0,conID: 3 locID: 102433209269026834 bcsId: 0,conID: 1 locID: 102433209273090067 bcsId: 0,conID: 2 locID: 102433209277087764 bcsId: 0,conID: 3 locID: 102433209280954389 bcsId: 0,conID: 1 locID: 102433209284624406 bcsId: 0,conID: 2 locID: 102433209289080855 bcsId: 0,conID: 3 locID: 102433209298714648 bcsId: 0,conID: 1 locID: 102433209302581273 bcsId: 0,conID: 2 locID: 102433209306316826 bcsId: 0,conID: 3 locID: 102433209309724699 bcsId: 0,conID: 1 locID: 102433209314312220 bcsId: 0,conID: 2 locID: 102433209333186589 bcsId: 0,conID: 3 locID: 102433209337118750 bcsId: 0,conID: 1 locID: 102433209340723231 bcsId: 0,conID: 2 locID: 102433209344262176 bcsId: 0,conID: 3 locID: 102433209347866657 bcsId: 0,conID: 1 locID: 102433209351536674 bcsId: 0,conID: 2 locID: 102433209362808867 bcsId: 0,conID: 3 locID: 102433209366478884 bcsId: 0,conID: 1 locID: 102433209370148901 bcsId: 0,conID: 2 locID: 102433209374474278 bcsId: 0,conID: 3 locID: 102433209378209831 bcsId: 0,conID: 1 locID: 102433209388630056 bcsId: 0,conID: 2 locID: 102433209393086505 bcsId: 0,conID: 3 locID: 102433209396559914 bcsId: 0,conID: 1 locID: 102433209400098859 bcsId: 0,conID: 2 locID: 102433209403506732 bcsId: 0,conID: 3 locID: 102433209407766573 bcsId: 0,conID: 1 locID: 102433209419497518 bcsId: 0,conID: 2 locID: 102433209430900783 bcsId: 0,conID: 3 locID: 102433209434767408 bcsId: 0,conID: 1 locID: 102433209438371889 bcsId: 0,conID: 2 locID: 102433209442500658 bcsId: 0,conID: 3 locID: 102433209453838387 bcsId: 0,conID: 1 locID: 102433209457442868 bcsId: 0,conID: 2 locID: 102433209463603253 bcsId: 0,conID: 3 locID: 102433209467076662 bcsId: 0,conID: 1 locID: 102433209470615607 bcsId: 0,conID: 2 locID: 102433209474023480 bcsId: 0,conID: 3 locID: 102433209489489977 bcsId: 0,conID: 1 locID: 102433209493094458 bcsId: 0,conID: 2 locID: 102433209497157691 bcsId: 0,conID: 3 locID: 102433209500696636 bcsId: 0,conID: 1 locID: 102433209504170045 bcsId: 0,conID: 2 locID: 102433209516097598 bcsId: 0,conID: 3 locID: 102433209519767615 bcsId: 0,conID: 1 locID: 102433209527763008 bcsId: 0,conID: 2 locID: 102433209531629633 bcsId: 0,conID: 3 locID: 102433209535823938 bcsId: 0,conID: 1 locID: 102433209539100739 bcsId: 0,conID: 2 locID: 102433209547685956 bcsId: 0,conID: 3 locID: 102433209550110789 bcsId: 0,conID: 1 locID: 102433209552470086 bcsId: 0,conID: 2 locID: 102433209556074567 bcsId: 0,conID: 3 locID: 102433209559416904 bcsId: 0,conID: 1 locID: 102433209575145545 bcsId: 0,conID: 2 locID: 102433209578815562 bcsId: 0,conID: 3 locID: 102433209582551115 bcsId: 0,conID: 1 locID: 102433209585958988 bcsId: 0,conID: 2 locID: 102433209588645965 bcsId: 0,conID: 3 locID: 102433209591136334 bcsId: 0,conID: 1 locID: 102433209599656015 bcsId: 0,conID: 2 locID: 102433209602998352 bcsId: 0,conID: 3 locID: 102433209606144081 bcsId: 0,conID: 1 locID: 102433209608831058 bcsId: 0,conID: 2 locID: 102433209616826451 bcsId: 0,conID: 3 locID: 102433209626722388 bcsId: 0,conID: 1 locID: 102433209629605973 bcsId: 0,conID: 2 locID: 102433209632948310 bcsId: 0,conID: 3 locID: 102433209636159575 bcsId: 0,conID: 1 locID: 102433209639764056 bcsId: 0,conID: 2 locID: 102433209642975321 bcsId: 0,conID: 3 locID: 102433209653198938 bcsId: 0,conID: 1 locID: 102433209662505051 bcsId: 0,conID: 2 locID: 102433209666175068 bcsId: 0,conID: 3 locID: 102433209669714013 bcsId: 0,conID: 1 locID: 102433209673187422 bcsId: 0,conID: 2 locID: 102433209683017823 bcsId: 0,conID: 3 locID: 102433209686687840 bcsId: 0,conID: 1 locID: 102433209690620001 bcsId: 0,conID: 2 locID: 102433209694224482 bcsId: 0,conID: 3 locID: 102433209697501283 bcsId: 0,conID: 1 locID: 102433209700647012 bcsId: 0,conID: 2 locID: 102433209715654757 bcsId: 0,conID: 3 locID: 102433209719390310 bcsId: 0,conID: 1 locID: 102433209722798183 bcsId: 0,conID: 2 locID: 102433209726402664 bcsId: 0,conID: 3 locID: 102433209729745001 bcsId: 0,conID: 1 locID: 102433209741541482 bcsId: 0,conID: 2 locID: 102433209744883819 bcsId: 0,conID: 3 locID: 102433209752223852 bcsId: 0,conID: 1 locID: 102433209756352621 bcsId: 0,conID: 2 locID: 102433209759760494 bcsId: 0,conID: 3 locID: 102433209763364975 bcsId: 0,conID: 1 locID: 102433209774112880 bcsId: 0,conID: 2 locID: 102433209778634865 bcsId: 0,conID: 3 locID: 102433209782239346 bcsId: 0,conID: 1 locID: 102433209785974899 bcsId: 0,conID: 2 locID: 102433209790169204 bcsId: 0,conID: 3 locID: 102433209796001909 bcsId: 0,conID: 1 locID: 102433209813237878 bcsId: 0,conID: 2 locID: 102433209817432183 bcsId: 0,conID: 3 locID: 102433209821298808 bcsId: 0,conID: 1 locID: 102433209824968825 bcsId: 0,conID: 2 locID: 102433209828507770 bcsId: 0,conID: 3 locID: 102433209838600315 bcsId: 0,conID: 1 locID: 102433209842401404 bcsId: 0,conID: 2 locID: 102433209845874813 bcsId: 0,conID: 3 locID: 102433209849348222 bcsId: 0,conID: 1 locID: 102433209857409151 bcsId: 0,conID: 2 locID: 102433209861865600 bcsId: 0,conID: 3 locID: 102433209873399937 bcsId: 0,conID: 1 locID: 102433209876938882 bcsId: 0,conID: 2 locID: 102433209880150147 bcsId: 0,conID: 3 locID: 102433209883295876 bcsId: 0,conID: 1 locID: 102433209886376069 bcsId: 0,conID: 2 locID: 102433209895747718 bcsId: 0,conID: 3 locID: 102433209903480967 bcsId: 0,conID: 1 locID: 102433209907085448 bcsId: 0,conID: 2 locID: 102433209910821001 bcsId: 0,conID: 3 locID: 102433209914491018 bcsId: 0,conID: 1 locID: 102433209918816395 bcsId: 0,conID: 2 locID: 102433209927991436 bcsId: 0,conID: 3 locID: 102433209931006093 bcsId: 0,conID: 1 locID: 102433209934282894 bcsId: 0,conID: 2 locID: 102433209937494159 bcsId: 0,conID: 3 locID: 102433209940836496 bcsId: 0,conID: 1 locID: 102433209958400145 bcsId: 0,conID: 2 locID: 102433209961939090 bcsId: 0,conID: 3 locID: 102433209965412499 bcsId: 0,conID: 1 locID: 102433209968099476 bcsId: 0,conID: 2 locID: 102433209970851989 bcsId: 0,conID: 3 locID: 102433209974128790 bcsId: 0,conID: 1 locID: 102433209985400983 bcsId: 0,conID: 2 locID: 102433209988939928 bcsId: 0,conID: 3 locID: 102433209996804249 bcsId: 0,conID: 1 locID: 102433210000605338 bcsId: 0,conID: 2 locID: 102433210004078747 bcsId: 0,conID: 3 locID: 102433210014302364 bcsId: 0,conID: 1 locID: 102433210017644701 bcsId: 0,conID: 2 locID: 102433210021380254 bcsId: 0,conID: 3 locID: 102433210024591519 bcsId: 0,conID: 1 locID: 102433210028261536 bcsId: 0,conID: 2 locID: 102433210032128161 bcsId: 0,conID: 3 locID: 102433210047332514 bcsId: 0,conID: 1 locID: 102433210050805923 bcsId: 0,conID: 2 locID: 102433210054672548 bcsId: 0,conID: 3 locID: 102433210057883813 bcsId: 0,conID: 1 locID: 102433210061291686 bcsId: 0,conID: 2 locID: 102433210071711911 bcsId: 0,conID: 3 locID: 102433210074988712 bcsId: 0,conID: 1 locID: 102433210078265513 bcsId: 0,conID: 2 locID: 102433210081869994 bcsId: 0,conID: 3 locID: 102433210090258603 bcsId: 0,conID: 1 locID: 102433210093666476 bcsId: 0,conID: 2 locID: 102433210103496877 bcsId: 0,conID: 3 locID: 102433210106314926 bcsId: 0,conID: 1 locID: 102433210109132975 bcsId: 0,conID: 2 locID: 102433210112475312 bcsId: 0,conID: 3 locID: 102433210116538545 bcsId: 0,conID: 1 locID: 102433210130104498 bcsId: 0,conID: 2 locID: 102433210133708979 bcsId: 0,conID: 3 locID: 102433210137378996 bcsId: 0,conID: 1 locID: 102433210140983477 bcsId: 0,conID: 2 locID: 102433210144653494 bcsId: 0,conID: 3 locID: 102433210148913335 bcsId: 0,conID: 1 locID: 102433210158743736 bcsId: 0,conID: 2 locID: 102433210162151609 bcsId: 0,conID: 3 locID: 102433210165100730 bcsId: 0,conID: 1 locID: 102433210168639675 bcsId: 0,conID: 2 locID: 102433210171982012 bcsId: 0,conID: 3 locID: 102433210187382973 bcsId: 0,conID: 1 locID: 102433210191380670 bcsId: 0,conID: 2 locID: 102433210194788543 bcsId: 0,conID: 3 locID: 102433210198327488 bcsId: 0,conID: 1 locID: 102433210202128577 bcsId: 0,conID: 2 locID: 102433210205601986 bcsId: 0,conID: 3 locID: 102433210215235779 bcsId: 0,conID: 1 locID: 102433210218512580 bcsId: 0,conID: 2 locID: 102433210222051525 bcsId: 0,conID: 3 locID: 102433210247807174 bcsId: 0,conID: 1 locID: 102433210251215047 bcsId: 0,conID: 2 locID: 102433210260979912 bcsId: 0,conID: 3 locID: 102433210263666889 bcsId: 0,conID: 1 locID: 102433210266943690 bcsId: 0,conID: 2 locID: 102433210270154955 bcsId: 0,conID: 3 locID: 102433210274021580 bcsId: 0,conID: 1 locID: 102433210277429453 bcsId: 0,conID: 2 locID: 102433210289553614 bcsId: 0,conID: 3 locID: 102433210293747919 bcsId: 0,conID: 1 locID: 102433210297286864 bcsId: 0,conID: 2 locID: 102433210301153489 bcsId: 0,conID: 3 locID: 102433210304364754 bcsId: 0,conID: 1 locID: 102433210315309267 bcsId: 0,conID: 2 locID: 102433210318979284 bcsId: 0,conID: 3 locID: 102433210322583765 bcsId: 0,conID: 1 locID: 102433210326384854 bcsId: 0,conID: 2 locID: 102433210329923799 bcsId: 0,conID: 3 locID: 102433210334052568 bcsId: 0,conID: 1 locID: 102433210350239961 bcsId: 0,conID: 2 locID: 102433210354630874 bcsId: 0,conID: 3 locID: 102433210358235355 bcsId: 0,conID: 1 locID: 102433210361774300 bcsId: 0,conID: 2 locID: 102433210365509853 bcsId: 0,conID: 3 locID: 102433210369310942 bcsId: 0,conID: 1 locID: 102433210379731167 bcsId: 0,conID: 2 locID: 102433210383204576 bcsId: 0,conID: 3 locID: 102433210387333345 bcsId: 0,conID: 1 locID: 102433210390806754 bcsId: 0,conID: 2 locID: 102433210394280163 bcsId: 0,conID: 3 locID: 102433210410139876 bcsId: 0,conID: 1 locID: 102433210413613285 bcsId: 0,conID: 2 locID: 102433210417610982 bcsId: 0,conID: 3 locID: 102433210422132967 bcsId: 0,conID: 1 locID: 102433210426065128 bcsId: 0,conID: 2 locID: 102433210431045865 bcsId: 0,conID: 3 locID: 102433210441793770 bcsId: 0,conID: 1 locID: 102433210445988075 bcsId: 0,conID: 2 locID: 102433210449789164 bcsId: 0,conID: 3 locID: 102433210453786861 bcsId: 0,conID: 1 locID: 102433210457587950 bcsId: 0,conID: 2 locID: 102433210472136943 bcsId: 0,conID: 3 locID: 102433210476527856 bcsId: 0,conID: 1 locID: 102433210480394481 bcsId: 0,conID: 2 locID: 102433210484130034 bcsId: 0,conID: 3 locID: 102433210487931123 bcsId: 0,conID: 1 locID: 102433210491666676 bcsId: 0,conID: 2 locID: 102433210501234933 bcsId: 0,conID: 3 locID: 102433210504577270 bcsId: 0,conID: 1 locID: 102433210507985143 bcsId: 0,conID: 2 locID: 102433210511589624 bcsId: 0,conID: 3 locID: 102433210515259641 bcsId: 0,conID: 1 locID: 102433210530463994 bcsId: 0,conID: 2 locID: 102433210533937403 bcsId: 0,conID: 3 locID: 102433210537935100 bcsId: 0,conID: 1 locID: 102433210541408509 bcsId: 0,conID: 2 locID: 102433210544947454 bcsId: 0,conID: 3 locID: 102433210548617471 bcsId: 0,conID: 1 locID: 102433210558447872 bcsId: 0,conID: 2 locID: 102433210562052353 bcsId: 0,conID: 3 locID: 102433210565984514 bcsId: 0,conID: 1 locID: 102433210569916675 bcsId: 0,conID: 2 locID: 102433210573390084 bcsId: 0,conID: 3 locID: 102433210588594437 bcsId: 0,conID: 1 locID: 102433210591871238 bcsId: 0,conID: 2 locID: 102433210595934471 bcsId: 0,conID: 3 locID: 102433210599538952 bcsId: 0,conID: 1 locID: 102433210602684681 bcsId: 0,conID: 2 locID: 102433210605240586 bcsId: 0,conID: 3 locID: 102433210616250635 bcsId: 0,conID: 1 locID: 102433210619724044 bcsId: 0,conID: 2 locID: 102433210623131917 bcsId: 0,conID: 3 locID: 102433210626539790 bcsId: 0,conID: 1 locID: 102433210630013199 bcsId: 0,conID: 2 locID: 102433210644693264 bcsId: 0,conID: 3 locID: 102433210648363281 bcsId: 0,conID: 1 locID: 102433210651771154 bcsId: 0,conID: 2 locID: 102433210655768851 bcsId: 0,conID: 3 locID: 102433210658586900 bcsId: 0,conID: 1 locID: 102433210661470485 bcsId: 0,conID: 2 locID: 102433210670579990 bcsId: 0,conID: 3 locID: 102433210673922327 bcsId: 0,conID: 1 locID: 102433210677657880 bcsId: 0,conID: 2 locID: 102433210681262361 bcsId: 0,conID: 3 locID: 102433210684735770 bcsId: 0,conID: 1 locID: 102433210701775131 bcsId: 0,conID: 2 locID: 102433210705641756 bcsId: 0,conID: 3 locID: 102433210709049629 bcsId: 0,conID: 1 locID: 102433210712719646 bcsId: 0,conID: 2 locID: 102433210716389663 bcsId: 0,conID: 3 locID: 102433210720387360 bcsId: 0,conID: 1 locID: 102433210730348833 bcsId: 0,conID: 2 locID: 102433210733691170 bcsId: 0,conID: 3 locID: 102433210737164579 bcsId: 0,conID: 1 locID: 102433210741686564 bcsId: 0,conID: 2 locID: 102433210745356581 bcsId: 0,conID: 3 locID: 102433210755842342 bcsId: 0,conID: 1 locID: 102433210763772199 bcsId: 0,conID: 2 locID: 102433210767311144 bcsId: 0,conID: 3 locID: 102433210770719017 bcsId: 0,conID: 1 locID: 102433210773668138 bcsId: 0,conID: 2 locID: 102433210777272619 bcsId: 0,conID: 3 locID: 102433210788217132 bcsId: 0,conID: 1 locID: 102433210791625005 bcsId: 0,conID: 2 locID: 102433210795098414 bcsId: 0,conID: 3 locID: 102433210798637359 bcsId: 0,conID: 1 locID: 102433210802045232 bcsId: 0,conID: 2 locID: 102433210828783921 bcsId: 0,conID: 3 locID: 102433210832060722 bcsId: 0,conID: 1 locID: 102433210835403059 bcsId: 0,conID: 2 locID: 102433210845102388 bcsId: 0,conID: 3 locID: 102433210849100085 bcsId: 0,conID: 1 locID: 102433210852901174 bcsId: 0,conID: 2 locID: 102433210862928183 bcsId: 0,conID: 3 locID: 102433210866270520 bcsId: 0,conID: 1 locID: 102433210869743929 bcsId: 0,conID: 2 locID: 102433210873217338 bcsId: 0,conID: 3 locID: 102433210876625211 bcsId: 0,conID: 1 locID: 102433210886652220 bcsId: 0,conID: 2 locID: 102433210889404733 bcsId: 0,conID: 3 locID: 102433210893140286 bcsId: 0,conID: 1 locID: 102433210896417087 bcsId: 0,conID: 2 locID: 102433210899038528 bcsId: 0,conID: 3 locID: 102433210906771777 bcsId: 0,conID: 1 locID: 102433210916929858 bcsId: 0,conID: 2 locID: 102433210919682371 bcsId: 0,conID: 3 locID: 102433210923024708 bcsId: 0,conID: 1 locID: 102433210926367045 bcsId: 0,conID: 2 locID: 102433210929905990 bcsId: 0,conID: 3 locID: 102433210934034759 bcsId: 0,conID: 1 locID: 102433210945110344 bcsId: 0,conID: 2 locID: 102433210948256073 bcsId: 0,conID: 3 locID: 102433210951663946 bcsId: 0,conID: 1 locID: 102433210955071819 bcsId: 0,conID: 2 locID: 102433210958676300 bcsId: 0,conID: 3 locID: 102433210974339405 bcsId: 0,conID: 1 locID: 102433210977878350 bcsId: 0,conID: 2 locID: 102433210981679439 bcsId: 0,conID: 3 locID: 102433210985152848 bcsId: 0,conID: 1 locID: 102433210989085009 bcsId: 0,conID: 2 locID: 102433210992623954 bcsId: 0,conID: 3 locID: 102433211004027219 bcsId: 0,conID: 1 locID: 102433211007631700 bcsId: 0,conID: 2 locID: 102433211011105109 bcsId: 0,conID: 3 locID: 102433211014775126 bcsId: 0,conID: 1 locID: 102433211018248535 bcsId: 0,conID: 2 locID: 102433211033387352 bcsId: 0,conID: 3 locID: 102433211036598617 bcsId: 0,conID: 1 locID: 102433211040072026 bcsId: 0,conID: 2 locID: 102433211043742043 bcsId: 0,conID: 3 locID: 102433211047674204 bcsId: 0,conID: 1 locID: 102433211051475293 bcsId: 0,conID: 2 locID: 102433211062616414 bcsId: 0,conID: 3 locID: 102433211066024287 bcsId: 0,conID: 1 locID: 102433211070415200 bcsId: 0,conID: 2 locID: 102433211075133793 bcsId: 0,conID: 3 locID: 102433211078803810 bcsId: 0,conID: 1 locID: 102433211100037475 bcsId: 0,conID: 2 locID: 102433211104231780 bcsId: 0,conID: 3 locID: 102433211108753765 bcsId: 0,conID: 1 locID: 102433211112358246 bcsId: 0,conID: 2 locID: 102433211116290407 bcsId: 0,conID: 3 locID: 102433211120746856 bcsId: 0,conID: 1 locID: 102433211129856361 bcsId: 0,conID: 2 locID: 102433211133526378 bcsId: 0,conID: 3 locID: 102433211137393003 bcsId: 0,conID: 1 locID: 102433211141128556 bcsId: 0,conID: 2 locID: 102433211144864109 bcsId: 0,conID: 3 locID: 102433211269185902 bcsId: 0,conID: 1 locID: 102433212453093743 bcsId: 0,conID: 2 locID: 102433212459975024 bcsId: 0,conID: 3 locID: 102433212463907185 bcsId: 0,conID: 1 locID: 102433212467446130 bcsId: 0,conID: 2 locID: 102433212471116147 bcsId: 0,conID: 3 locID: 102433212481929588 bcsId: 0,conID: 1 locID: 102433212485468533 bcsId: 0,conID: 2 locID: 102433212489138550 bcsId: 0,conID: 3 locID: 102433212496806263 bcsId: 0,conID: 1 locID: 102433212501524856 bcsId: 0,conID: 2 locID: 102433212514959737 bcsId: 0,conID: 3 locID: 102433212518826362 bcsId: 0,conID: 1 locID: 102433212522889595 bcsId: 0,conID: 2 locID: 102433212527018364 bcsId: 0,conID: 3 locID: 102433212530753917 bcsId: 0,conID: 1 locID: 102433212535210366 bcsId: 0,conID: 2 locID: 102433212548252031 bcsId: 0,conID: 3 locID: 102433212552249728 bcsId: 0,conID: 1 locID: 102433212556247425 bcsId: 0,conID: 2 locID: 102433212559786370 bcsId: 0,conID: 3 locID: 102433212569289091 bcsId: 0,conID: 1 locID: 102433212580168068 bcsId: 0,conID: 2 locID: 102433212584034693 bcsId: 0,conID: 3 locID: 102433212587770246 bcsId: 0,conID: 1 locID: 102433212591309191 bcsId: 0,conID: 2 locID: 102433212595175816 bcsId: 0,conID: 3 locID: 102433212598780297 bcsId: 0,conID: 1 locID: 102433212610052490 bcsId: 0,conID: 2 locID: 102433212613067147 bcsId: 0,conID: 3 locID: 102433212616999308 bcsId: 0,conID: 1 locID: 102433212620407181 bcsId: 0,conID: 2 locID: 102433212624011662 bcsId: 0,conID: 3 locID: 102433212640854415 bcsId: 0,conID: 1 locID: 102433212645245328 bcsId: 0,conID: 2 locID: 102433212649374097 bcsId: 0,conID: 3 locID: 102433212653371794 bcsId: 0,conID: 1 locID: 102433212657107347 bcsId: 0,conID: 2 locID: 102433212660711828 bcsId: 0,conID: 3 locID: 102433212671656341 bcsId: 0,conID: 1 locID: 102433212675457430 bcsId: 0,conID: 2 locID: 102433212679258519 bcsId: 0,conID: 3 locID: 102433212682928536 bcsId: 0,conID: 1 locID: 102433212686729625 bcsId: 0,conID: 2 locID: 102433212722119066 bcsId: 0,conID: 3 locID: 102433212725920155 bcsId: 0,conID: 1 locID: 102433212729655708 bcsId: 0,conID: 2 locID: 102433212733063581 bcsId: 0,conID: 3 locID: 102433212736733598 bcsId: 0,conID: 1 locID: 102433212740272543 bcsId: 0,conID: 2 locID: 102433212750037408 bcsId: 0,conID: 3 locID: 102433212753379745 bcsId: 0,conID: 1 locID: 102433212756853154 bcsId: 0,conID: 2 locID: 102433212760392099 bcsId: 0,conID: 3 locID: 102433212763865508 bcsId: 0,conID: 1 locID: 102433212778348965 bcsId: 0,conID: 2 locID: 102433212781822374 bcsId: 0,conID: 3 locID: 102433212785295783 bcsId: 0,conID: 1 locID: 102433212788572584 bcsId: 0,conID: 2 locID: 102433212791390633 bcsId: 0,conID: 3 locID: 102433212794798506 bcsId: 0,conID: 1 locID: 102433212804366763 bcsId: 0,conID: 2 locID: 102433212807774636 bcsId: 0,conID: 3 locID: 102433212811182509 bcsId: 0,conID: 1 locID: 102433212813541806 bcsId: 0,conID: 2 locID: 102433212816753071 bcsId: 0,conID: 3 locID: 102433212819374512 bcsId: 0,conID: 1 locID: 102433212833661361 bcsId: 0,conID: 2 locID: 102433212837527986 bcsId: 0,conID: 3 locID: 102433212841525683 bcsId: 0,conID: 1 locID: 102433212844409268 bcsId: 0,conID: 2 locID: 102433212847882677 bcsId: 0,conID: 3 locID: 102433212858302902 bcsId: 0,conID: 1 locID: 102433212861383095 bcsId: 0,conID: 2 locID: 102433212864070072 bcsId: 0,conID: 3 locID: 102433212866953657 bcsId: 0,conID: 1 locID: 102433212870033850 bcsId: 0,conID: 2 locID: 102433212874097083 bcsId: 0,conID: 3 locID: 102433212887859644 bcsId: 0,conID: 1 locID: 102433212891529661 bcsId: 0,conID: 2 locID: 102433212895068606 bcsId: 0,conID: 3 locID: 102433212898673087 bcsId: 0,conID: 1 locID: 102433212901294528 bcsId: 0,conID: 2 locID: 102433212910928321 bcsId: 0,conID: 3 locID: 102433212913942978 bcsId: 0,conID: 1 locID: 102433212917416387 bcsId: 0,conID: 2 locID: 102433212920627652 bcsId: 0,conID: 3 locID: 102433212953854405 bcsId: 0,conID: 1 locID: 102433213081911750 bcsId: 0,conID: 2 locID: 102433213093118407 bcsId: 0,conID: 3 locID: 102433213100851656 bcsId: 0,conID: 1 locID: 102433213104587209 bcsId: 0,conID: 2 locID: 102433213108322762 bcsId: 0,conID: 3 locID: 102433213112451531 bcsId: 0,conID: 1 locID: 102433213123264972 bcsId: 0,conID: 2 locID: 102433213128901069 bcsId: 0,conID: 3 locID: 102433213132964302 bcsId: 0,conID: 1 locID: 102433213136699855 bcsId: 0,conID: 2 locID: 102433213140304336 bcsId: 0,conID: 3 locID: 102433213144891857 bcsId: 0,conID: 1 locID: 102433213155705298 bcsId: 0,conID: 2 locID: 102433213159244243 bcsId: 0,conID: 3 locID: 102433213167567316 bcsId: 0,conID: 1 locID: 102433213171630549 bcsId: 0,conID: 2 locID: 102433213175235030 bcsId: 0,conID: 3 locID: 102433213187621335 bcsId: 0,conID: 1 locID: 102433213190570456 bcsId: 0,conID: 2 locID: 102433213194437081 bcsId: 0,conID: 3 locID: 102433213197779418 bcsId: 0,conID: 1 locID: 102433213201383899 bcsId: 0,conID: 2 locID: 102433213205119452 bcsId: 0,conID: 3 locID: 102433213217440221 bcsId: 0,conID: 1 locID: 102433213221241310 bcsId: 0,conID: 2 locID: 102433213224583647 bcsId: 0,conID: 3 locID: 102433213228646880 bcsId: 0,conID: 1 locID: 102433213237756385 bcsId: 0,conID: 2 locID: 102433213250470370 bcsId: 0,conID: 3 locID: 102433213254271459 bcsId: 0,conID: 1 locID: 102433213258007012 bcsId: 0,conID: 2 locID: 102433213261611493 bcsId: 0,conID: 3 locID: 102433213265412582 bcsId: 0,conID: 1 locID: 102433213268492775 bcsId: 0,conID: 2 locID: 102433213279961576 bcsId: 0,conID: 3 locID: 102433213283631593 bcsId: 0,conID: 1 locID: 102433213287498218 bcsId: 0,conID: 2 locID: 102433213291364843 bcsId: 0,conID: 3 locID: 102433213300474348 bcsId: 0,conID: 1 locID: 102433213311681005 bcsId: 0,conID: 2 locID: 102433213315482094 bcsId: 0,conID: 3 locID: 102433213319414255 bcsId: 0,conID: 1 locID: 102433213323543024 bcsId: 0,conID: 2 locID: 102433213327475185 bcsId: 0,conID: 3 locID: 102433213331669490 bcsId: 0,conID: 1 locID: 102433213341368819 bcsId: 0,conID: 2 locID: 102433213344711156 bcsId: 0,conID: 3 locID: 102433213348184565 bcsId: 0,conID: 1 locID: 102433213351199222 bcsId: 0,conID: 2 locID: 102433213354410487 bcsId: 0,conID: 3 locID: 102433213369549304 bcsId: 0,conID: 1 locID: 102433213373350393 bcsId: 0,conID: 2 locID: 102433213376823802 bcsId: 0,conID: 3 locID: 102433213412737531 bcsId: 0,conID: 1 locID: 102433213416669692 bcsId: 0,conID: 2 locID: 102433213420601853 bcsId: 0,conID: 3 locID: 102433213433446910 bcsId: 0,conID: 1 locID: 102433213437379071 bcsId: 0,conID: 2 locID: 102433213441049088 bcsId: 0,conID: 3 locID: 102433213444784641 bcsId: 0,conID: 1 locID: 102433213448520194 bcsId: 0,conID: 2 locID: 102433213462348291 bcsId: 0,conID: 3 locID: 102433213466477060 bcsId: 0,conID: 1 locID: 102433213470343685 bcsId: 0,conID: 2 locID: 102433213474275846 bcsId: 0,conID: 3 locID: 102433213478076935 bcsId: 0,conID: 1 locID: 102433213481419272 bcsId: 0,conID: 2 locID: 102433213491642889 bcsId: 0,conID: 3 locID: 102433213495378442 bcsId: 0,conID: 1 locID: 102433213499310603 bcsId: 0,conID: 2 locID: 102433213503373836 bcsId: 0,conID: 3 locID: 102433213507043853 bcsId: 0,conID: 1 locID: 102433213524148750 bcsId: 0,conID: 2 locID: 102433213528211983 bcsId: 0,conID: 3 locID: 102433213532209680 bcsId: 0,conID: 1 locID: 102433213536141841 bcsId: 0,conID: 2 locID: 102433213540008466 bcsId: 0,conID: 3 locID: 102433213544202771 bcsId: 0,conID: 1 locID: 102433213555933716 bcsId: 0,conID: 2 locID: 102433213559865877 bcsId: 0,conID: 3 locID: 102433213564125718 bcsId: 0,conID: 1 locID: 102433213567992343 bcsId: 0,conID: 2 locID: 102433213571203608 bcsId: 0,conID: 3 locID: 102433213588505113 bcsId: 0,conID: 1 locID: 102433213592699418 bcsId: 0,conID: 2 locID: 102433213596434971 bcsId: 0,conID: 3 locID: 102433213599973916 bcsId: 0,conID: 1 locID: 102433213603775005 bcsId: 0,conID: 2 locID: 102433213608493598 bcsId: 0,conID: 3 locID: 102433213619044895 bcsId: 0,conID: 1 locID: 102433213622649376 bcsId: 0,conID: 2 locID: 102433213626253857 bcsId: 0,conID: 3 locID: 102433213629334050 bcsId: 0,conID: 1 locID: 102433213632872995 bcsId: 0,conID: 2 locID: 102433213636543012 bcsId: 0,conID: 3 locID: 102433213650108965 bcsId: 0,conID: 1 locID: 102433213653713446 bcsId: 0,conID: 2 locID: 102433213657186855 bcsId: 0,conID: 3 locID: 102433213660201512 bcsId: 0,conID: 1 locID: 102433213663609385 bcsId: 0
2019-07-13 08:33:20,977 DEBUG block.SCMBlockDeletingService (SCMBlockDeletingService.java:call(138)) - Running DeletedBlockTransactionScanner
2019-07-13 08:33:20,978 DEBUG block.SCMBlockDeletingService (SCMBlockDeletingService.java:call(155)) - Scanned deleted blocks log and got 0 delTX to process.
2019-07-13 08:33:21,079 DEBUG block.SCMBlockDeletingService (SCMBlockDeletingService.java:call(138)) - Running DeletedBlockTransactionScanner
2019-07-13 08:33:21,079 DEBUG block.SCMBlockDeletingService (SCMBlockDeletingService.java:call(155)) - Scanned deleted blocks log and got 0 delTX to process.
2019-07-13 08:33:21,180 DEBUG block.SCMBlockDeletingService (SCMBlockDeletingService.java:call(138)) - Running DeletedBlockTransactionScanner
2019-07-13 08:33:21,180 DEBUG block.SCMBlockDeletingService (SCMBlockDeletingService.java:call(155)) - Scanned deleted blocks log and got 0 delTX to process.
2019-07-13 08:33:21,281 DEBUG block.SCMBlockDeletingService (SCMBlockDeletingService.java:call(138)) - Running DeletedBlockTransactionScanner
2019-07-13 08:33:21,281 DEBUG block.SCMBlockDeletingService (SCMBlockDeletingService.java:call(155)) - Scanned deleted blocks log and got 0 delTX to process.
2019-07-13 08:33:21,382 DEBUG block.SCMBlockDeletingService (SCMBlockDeletingService.java:call(138)) - Running DeletedBlockTransactionScanner
2019-07-13 08:33:21,382 DEBUG block.SCMBlockDeletingService (SCMBlockDeletingService.java:call(155)) - Scanned deleted blocks log and got 0 delTX to process.
2019-07-13 08:33:21,483 DEBUG block.SCMBlockDeletingService (SCMBlockDeletingService.java:call(138)) - Running DeletedBlockTransactionScanner
2019-07-13 08:33:21,483 DEBUG block.SCMBlockDeletingService (SCMBlockDeletingService.java:call(155)) - Scanned deleted blocks log and got 0 delTX to process.
2019-07-13 08:33:21,584 DEBUG block.SCMBlockDeletingService (SCMBlockDeletingService.java:call(138)) - Running DeletedBlockTransactionScanner
2019-07-13 08:33:21,584 DEBUG block.SCMBlockDeletingService (SCMBlockDeletingService.java:call(155)) - Scanned deleted blocks log and got 0 delTX to process.
2019-07-13 08:33:21,685 DEBUG block.SCMBlockDeletingService (SCMBlockDeletingService.java:call(138)) - Running DeletedBlockTransactionScanner
2019-07-13 08:33:21,685 DEBUG block.SCMBlockDeletingService (SCMBlockDeletingService.java:call(155)) - Scanned deleted blocks log and got 0 delTX to process.
2019-07-13 08:33:21,786 DEBUG block.SCMBlockDeletingService (SCMBlockDeletingService.java:call(138)) - Running DeletedBlockTransactionScanner
2019-07-13 08:33:21,788 DEBUG block.SCMBlockDeletingService (SCMBlockDeletingService.java:call(155)) - Scanned deleted blocks log and got 0 delTX to process.
2019-07-13 08:33:21,889 DEBUG block.SCMBlockDeletingService (SCMBlockDeletingService.java:call(138)) - Running DeletedBlockTransactionScanner
2019-07-13 08:33:21,889 DEBUG block.SCMBlockDeletingService (SCMBlockDeletingService.java:call(155)) - Scanned deleted blocks log and got 0 delTX to process.
2019-07-13 08:33:21,990 DEBUG block.SCMBlockDeletingService (SCMBlockDeletingService.java:call(138)) - Running DeletedBlockTransactionScanner
2019-07-13 08:33:21,990 DEBUG block.SCMBlockDeletingService (SCMBlockDeletingService.java:call(155)) - Scanned deleted blocks log and got 0 delTX to process.
2019-07-13 08:33:22,091 DEBUG block.SCMBlockDeletingService (SCMBlockDeletingService.java:call(138)) - Running DeletedBlockTransactionScanner
2019-07-13 08:33:22,091 DEBUG block.SCMBlockDeletingService (SCMBlockDeletingService.java:call(155)) - Scanned deleted blocks log and got 0 delTX to process.
2019-07-13 08:33:22,192 DEBUG block.SCMBlockDeletingService (SCMBlockDeletingService.java:call(138)) - Running DeletedBlockTransactionScanner
2019-07-13 08:33:22,192 DEBUG block.SCMBlockDeletingService (SCMBlockDeletingService.java:call(155)) - Scanned deleted blocks log and got 0 delTX to process.
2019-07-13 08:33:22,293 DEBUG block.SCMBlockDeletingService (SCMBlockDeletingService.java:call(138)) - Running DeletedBlockTransactionScanner
2019-07-13 08:33:22,293 DEBUG block.SCMBlockDeletingService (SCMBlockDeletingService.java:call(155)) - Scanned deleted blocks log and got 0 delTX to process.
2019-07-13 08:33:22,394 DEBUG block.SCMBlockDeletingService (SCMBlockDeletingService.java:call(138)) - Running DeletedBlockTransactionScanner
2019-07-13 08:33:22,394 DEBUG block.SCMBlockDeletingService (SCMBlockDeletingService.java:call(155)) - Scanned deleted blocks log and got 0 delTX to process.
2019-07-13 08:33:22,495 DEBUG block.SCMBlockDeletingService (SCMBlockDeletingService.java:call(138)) - Running DeletedBlockTransactionScanner
2019-07-13 08:33:22,495 DEBUG block.SCMBlockDeletingService (SCMBlockDeletingService.java:call(155)) - Scanned deleted blocks log and got 0 delTX to process.
2019-07-13 08:33:22,596 DEBUG block.SCMBlockDeletingService (SCMBlockDeletingService.java:call(138)) - Running DeletedBlockTransactionScanner
2019-07-13 08:33:22,597 DEBUG block.SCMBlockDeletingService (SCMBlockDeletingService.java:call(155)) - Scanned deleted blocks log and got 0 delTX to process.
2019-07-13 08:33:22,697 DEBUG block.SCMBlockDeletingService (SCMBlockDeletingService.java:call(138)) - Running DeletedBlockTransactionScanner
2019-07-13 08:33:22,698 DEBUG block.SCMBlockDeletingService (SCMBlockDeletingService.java:call(155)) - Scanned deleted blocks log and got 0 delTX to process.
2019-07-13 08:33:22,798 DEBUG block.SCMBlockDeletingService (SCMBlockDeletingService.java:call(138)) - Running DeletedBlockTransactionScanner
2019-07-13 08:33:22,798 DEBUG block.SCMBlockDeletingService (SCMBlockDeletingService.java:call(155)) - Scanned deleted blocks log and got 0 delTX to process.
2019-07-13 08:33:22,899 DEBUG block.SCMBlockDeletingService (SCMBlockDeletingService.java:call(138)) - Running DeletedBlockTransactionScanner
2019-07-13 08:33:22,899 DEBUG block.SCMBlockDeletingService (SCMBlockDeletingService.java:call(155)) - Scanned deleted blocks log and got 0 delTX to process.
2019-07-13 08:33:23,000 DEBUG block.SCMBlockDeletingService (SCMBlockDeletingService.java:call(138)) - Running DeletedBlockTransactionScanner
2019-07-13 08:33:23,000 DEBUG block.SCMBlockDeletingService (SCMBlockDeletingService.java:call(155)) - Scanned deleted blocks log and got 0 delTX to process.
2019-07-13 08:33:23,101 DEBUG block.SCMBlockDeletingService (SCMBlockDeletingService.java:call(138)) - Running DeletedBlockTransactionScanner
2019-07-13 08:33:23,101 DEBUG block.SCMBlockDeletingService (SCMBlockDeletingService.java:call(155)) - Scanned deleted blocks log and got 0 delTX to process.
2019-07-13 08:33:23,202 DEBUG block.SCMBlockDeletingService (SCMBlockDeletingService.java:call(138)) - Running DeletedBlockTransactionScanner
2019-07-13 08:33:23,202 DEBUG block.SCMBlockDeletingService (SCMBlockDeletingService.java:call(155)) - Scanned deleted blocks log and got 0 delTX to process.
2019-07-13 08:33:23,303 DEBUG block.SCMBlockDeletingService (SCMBlockDeletingService.java:call(138)) - Running DeletedBlockTransactionScanner
2019-07-13 08:33:23,303 DEBUG block.SCMBlockDeletingService (SCMBlockDeletingService.java:call(155)) - Scanned deleted blocks log and got 0 delTX to process.
2019-07-13 08:33:23,404 DEBUG block.SCMBlockDeletingService (SCMBlockDeletingService.java:call(138)) - Running DeletedBlockTransactionScanner
2019-07-13 08:33:23,404 DEBUG block.SCMBlockDeletingService (SCMBlockDeletingService.java:call(155)) - Scanned deleted blocks log and got 0 delTX to process.
2019-07-13 08:33:23,505 DEBUG block.SCMBlockDeletingService (SCMBlockDeletingService.java:call(138)) - Running DeletedBlockTransactionScanner
2019-07-13 08:33:23,505 DEBUG block.SCMBlockDeletingService (SCMBlockDeletingService.java:call(155)) - Scanned deleted blocks log and got 0 delTX to process.
2019-07-13 08:33:23,606 DEBUG block.SCMBlockDeletingService (SCMBlockDeletingService.java:call(138)) - Running DeletedBlockTransactionScanner
2019-07-13 08:33:23,606 DEBUG block.SCMBlockDeletingService (SCMBlockDeletingService.java:call(155)) - Scanned deleted blocks log and got 0 delTX to process.
2019-07-13 08:33:23,707 DEBUG block.SCMBlockDeletingService (SCMBlockDeletingService.java:call(138)) - Running DeletedBlockTransactionScanner
2019-07-13 08:33:23,708 DEBUG block.SCMBlockDeletingService (SCMBlockDeletingService.java:call(155)) - Scanned deleted blocks log and got 0 delTX to process.
2019-07-13 08:33:23,808 DEBUG block.SCMBlockDeletingService (SCMBlockDeletingService.java:call(138)) - Running DeletedBlockTransactionScanner
2019-07-13 08:33:23,809 DEBUG block.SCMBlockDeletingService (SCMBlockDeletingService.java:call(155)) - Scanned deleted blocks log and got 0 delTX to process.
2019-07-13 08:33:23,909 DEBUG block.SCMBlockDeletingService (SCMBlockDeletingService.java:call(138)) - Running DeletedBlockTransactionScanner
2019-07-13 08:33:23,910 DEBUG block.SCMBlockDeletingService (SCMBlockDeletingService.java:call(155)) - Scanned deleted blocks log and got 0 delTX to process.
2019-07-13 08:33:24,010 DEBUG block.SCMBlockDeletingService (SCMBlockDeletingService.java:call(138)) - Running DeletedBlockTransactionScanner
2019-07-13 08:33:24,011 DEBUG block.SCMBlockDeletingService (SCMBlockDeletingService.java:call(155)) - Scanned deleted blocks log and got 0 delTX to process.
2019-07-13 08:33:24,111 DEBUG block.SCMBlockDeletingService (SCMBlockDeletingService.java:call(138)) - Running DeletedBlockTransactionScanner
2019-07-13 08:33:24,112 DEBUG block.SCMBlockDeletingService (SCMBlockDeletingService.java:call(155)) - Scanned deleted blocks log and got 0 delTX to process.
2019-07-13 08:33:24,212 DEBUG block.SCMBlockDeletingService (SCMBlockDeletingService.java:call(138)) - Running DeletedBlockTransactionScanner
2019-07-13 08:33:24,213 DEBUG block.SCMBlockDeletingService (SCMBlockDeletingService.java:call(155)) - Scanned deleted blocks log and got 0 delTX to process.
2019-07-13 08:33:24,313 DEBUG block.SCMBlockDeletingService (SCMBlockDeletingService.java:call(138)) - Running DeletedBlockTransactionScanner
2019-07-13 08:33:24,314 DEBUG block.SCMBlockDeletingService (SCMBlockDeletingService.java:call(155)) - Scanned deleted blocks log and got 0 delTX to process.
2019-07-13 08:33:24,414 DEBUG block.SCMBlockDeletingService (SCMBlockDeletingService.java:call(138)) - Running DeletedBlockTransactionScanner
2019-07-13 08:33:24,415 DEBUG block.SCMBlockDeletingService (SCMBlockDeletingService.java:call(155)) - Scanned deleted blocks log and got 0 delTX to process.
2019-07-13 08:33:24,516 DEBUG block.SCMBlockDeletingService (SCMBlockDeletingService.java:call(138)) - Running DeletedBlockTransactionScanner
2019-07-13 08:33:24,517 DEBUG block.SCMBlockDeletingService (SCMBlockDeletingService.java:call(155)) - Scanned deleted blocks log and got 0 delTX to process.
2019-07-13 08:33:24,617 DEBUG block.SCMBlockDeletingService (SCMBlockDeletingService.java:call(138)) - Running DeletedBlockTransactionScanner
2019-07-13 08:33:24,618 DEBUG block.SCMBlockDeletingService (SCMBlockDeletingService.java:call(155)) - Scanned deleted blocks log and got 0 delTX to process.
2019-07-13 08:33:24,718 DEBUG block.SCMBlockDeletingService (SCMBlockDeletingService.java:call(138)) - Running DeletedBlockTransactionScanner
2019-07-13 08:33:24,719 DEBUG block.SCMBlockDeletingService (SCMBlockDeletingService.java:call(155)) - Scanned deleted blocks log and got 0 delTX to process.
2019-07-13 08:33:24,819 DEBUG block.SCMBlockDeletingService (SCMBlockDeletingService.java:call(138)) - Running DeletedBlockTransactionScanner
2019-07-13 08:33:24,819 DEBUG block.SCMBlockDeletingService (SCMBlockDeletingService.java:call(155)) - Scanned deleted blocks log and got 0 delTX to process.
2019-07-13 08:33:24,920 DEBUG block.SCMBlockDeletingService (SCMBlockDeletingService.java:call(138)) - Running DeletedBlockTransactionScanner
2019-07-13 08:33:24,920 DEBUG block.SCMBlockDeletingService (SCMBlockDeletingService.java:call(155)) - Scanned deleted blocks log and got 0 delTX to process.
2019-07-13 08:33:25,021 DEBUG block.SCMBlockDeletingService (SCMBlockDeletingService.java:call(138)) - Running DeletedBlockTransactionScanner
2019-07-13 08:33:25,021 DEBUG block.SCMBlockDeletingService (SCMBlockDeletingService.java:call(155)) - Scanned deleted blocks log and got 0 delTX to process.
2019-07-13 08:33:25,121 DEBUG block.SCMBlockDeletingService (SCMBlockDeletingService.java:call(138)) - Running DeletedBlockTransactionScanner
2019-07-13 08:33:25,122 DEBUG block.SCMBlockDeletingService (SCMBlockDeletingService.java:call(155)) - Scanned deleted blocks log and got 0 delTX to process.
2019-07-13 08:33:25,222 DEBUG block.SCMBlockDeletingService (SCMBlockDeletingService.java:call(138)) - Running DeletedBlockTransactionScanner
2019-07-13 08:33:25,223 DEBUG block.SCMBlockDeletingService (SCMBlockDeletingService.java:call(155)) - Scanned deleted blocks log and got 0 delTX to process.
2019-07-13 08:33:25,323 DEBUG block.SCMBlockDeletingService (SCMBlockDeletingService.java:call(138)) - Running DeletedBlockTransactionScanner
2019-07-13 08:33:25,324 DEBUG block.SCMBlockDeletingService (SCMBlockDeletingService.java:call(155)) - Scanned deleted blocks log and got 0 delTX to process.
2019-07-13 08:33:25,424 DEBUG block.SCMBlockDeletingService (SCMBlockDeletingService.java:call(138)) - Running DeletedBlockTransactionScanner
2019-07-13 08:33:25,425 DEBUG block.SCMBlockDeletingService (SCMBlockDeletingService.java:call(155)) - Scanned deleted blocks log and got 0 delTX to process.
2019-07-13 08:33:25,525 DEBUG block.SCMBlockDeletingService (SCMBlockDeletingService.java:call(138)) - Running DeletedBlockTransactionScanner
2019-07-13 08:33:25,525 DEBUG block.SCMBlockDeletingService (SCMBlockDeletingService.java:call(155)) - Scanned deleted blocks log and got 0 delTX to process.
2019-07-13 08:33:25,626 DEBUG block.SCMBlockDeletingService (SCMBlockDeletingService.java:call(138)) - Running DeletedBlockTransactionScanner
2019-07-13 08:33:25,626 DEBUG block.SCMBlockDeletingService (SCMBlockDeletingService.java:call(155)) - Scanned deleted blocks log and got 0 delTX to process.
2019-07-13 08:33:25,727 DEBUG block.SCMBlockDeletingService (SCMBlockDeletingService.java:call(138)) - Running DeletedBlockTransactionScanner
2019-07-13 08:33:25,727 DEBUG block.SCMBlockDeletingService (SCMBlockDeletingService.java:call(155)) - Scanned deleted blocks log and got 0 delTX to process.
2019-07-13 08:33:25,785 INFO  datanode.ObjectStoreHandler (ObjectStoreHandler.java:close(155)) - Closing ObjectStoreHandler.
2019-07-13 08:33:25,788 INFO  ozone.HddsDatanodeService (HddsDatanodeService.java:stop(452)) - Stopped plug-in org.apache.hadoop.ozone.web.OzoneHddsDatanodeService@24c685e7
2019-07-13 08:33:25,828 DEBUG block.SCMBlockDeletingService (SCMBlockDeletingService.java:call(138)) - Running DeletedBlockTransactionScanner
2019-07-13 08:33:25,832 DEBUG block.SCMBlockDeletingService (SCMBlockDeletingService.java:call(155)) - Scanned deleted blocks log and got 3 delTX to process.
2019-07-13 08:33:25,839 DEBUG block.SCMBlockDeletingService (SCMBlockDeletingService.java:call(171)) - Added delete block command for datanode 912a7d3b-e3f1-4985-b06b-5f0a929b8060 in the queue, number of delete block transactions: 3, TxID list: 1,2,3
2019-07-13 08:33:25,841 INFO  block.SCMBlockDeletingService (SCMBlockDeletingService.java:call(182)) - Totally added 3 delete blocks command for 1 datanodes, task elapsed time: 13ms
2019-07-13 08:33:25,941 DEBUG block.SCMBlockDeletingService (SCMBlockDeletingService.java:call(138)) - Running DeletedBlockTransactionScanner
2019-07-13 08:33:25,942 DEBUG block.SCMBlockDeletingService (SCMBlockDeletingService.java:call(155)) - Scanned deleted blocks log and got 3 delTX to process.
2019-07-13 08:33:25,942 DEBUG block.SCMBlockDeletingService (SCMBlockDeletingService.java:call(171)) - Added delete block command for datanode 912a7d3b-e3f1-4985-b06b-5f0a929b8060 in the queue, number of delete block transactions: 3, TxID list: 1,2,3
2019-07-13 08:33:25,942 INFO  block.SCMBlockDeletingService (SCMBlockDeletingService.java:call(182)) - Totally added 3 delete blocks command for 1 datanodes, task elapsed time: 1ms
2019-07-13 08:33:25,948 INFO  statemachine.DatanodeStateMachine (DatanodeStateMachine.java:lambda$startDaemon$0(350)) - Ozone container server started.
2019-07-13 08:33:26,043 DEBUG block.SCMBlockDeletingService (SCMBlockDeletingService.java:call(138)) - Running DeletedBlockTransactionScanner
2019-07-13 08:33:26,043 DEBUG block.SCMBlockDeletingService (SCMBlockDeletingService.java:call(155)) - Scanned deleted blocks log and got 3 delTX to process.
2019-07-13 08:33:26,044 DEBUG block.SCMBlockDeletingService (SCMBlockDeletingService.java:call(171)) - Added delete block command for datanode 912a7d3b-e3f1-4985-b06b-5f0a929b8060 in the queue, number of delete block transactions: 3, TxID list: 1,2,3
2019-07-13 08:33:26,044 INFO  block.SCMBlockDeletingService (SCMBlockDeletingService.java:call(182)) - Totally added 3 delete blocks command for 1 datanodes, task elapsed time: 2ms
2019-07-13 08:33:26,144 DEBUG block.SCMBlockDeletingService (SCMBlockDeletingService.java:call(138)) - Running DeletedBlockTransactionScanner
2019-07-13 08:33:26,145 DEBUG block.SCMBlockDeletingService (SCMBlockDeletingService.java:call(155)) - Scanned deleted blocks log and got 3 delTX to process.
2019-07-13 08:33:26,145 DEBUG block.SCMBlockDeletingService (SCMBlockDeletingService.java:call(171)) - Added delete block command for datanode 912a7d3b-e3f1-4985-b06b-5f0a929b8060 in the queue, number of delete block transactions: 3, TxID list: 1,2,3
2019-07-13 08:33:26,145 INFO  block.SCMBlockDeletingService (SCMBlockDeletingService.java:call(182)) - Totally added 3 delete blocks command for 1 datanodes, task elapsed time: 1ms
2019-07-13 08:33:26,246 DEBUG block.SCMBlockDeletingService (SCMBlockDeletingService.java:call(138)) - Running DeletedBlockTransactionScanner
2019-07-13 08:33:26,246 DEBUG block.SCMBlockDeletingService (SCMBlockDeletingService.java:call(155)) - Scanned deleted blocks log and got 3 delTX to process.
2019-07-13 08:33:26,247 DEBUG block.SCMBlockDeletingService (SCMBlockDeletingService.java:call(171)) - Added delete block command for datanode 912a7d3b-e3f1-4985-b06b-5f0a929b8060 in the queue, number of delete block transactions: 3, TxID list: 1,2,3
2019-07-13 08:33:26,247 INFO  block.SCMBlockDeletingService (SCMBlockDeletingService.java:call(182)) - Totally added 3 delete blocks command for 1 datanodes, task elapsed time: 1ms
2019-07-13 08:33:26,347 DEBUG block.SCMBlockDeletingService (SCMBlockDeletingService.java:call(138)) - Running DeletedBlockTransactionScanner
2019-07-13 08:33:26,348 DEBUG block.SCMBlockDeletingService (SCMBlockDeletingService.java:call(155)) - Scanned deleted blocks log and got 3 delTX to process.
2019-07-13 08:33:26,348 DEBUG block.SCMBlockDeletingService (SCMBlockDeletingService.java:call(171)) - Added delete block command for datanode 912a7d3b-e3f1-4985-b06b-5f0a929b8060 in the queue, number of delete block transactions: 3, TxID list: 1,2,3
2019-07-13 08:33:26,349 INFO  block.SCMBlockDeletingService (SCMBlockDeletingService.java:call(182)) - Totally added 3 delete blocks command for 1 datanodes, task elapsed time: 1ms
2019-07-13 08:33:26,449 DEBUG block.SCMBlockDeletingService (SCMBlockDeletingService.java:call(138)) - Running DeletedBlockTransactionScanner
2019-07-13 08:33:26,449 DEBUG block.SCMBlockDeletingService (SCMBlockDeletingService.java:call(155)) - Scanned deleted blocks log and got 3 delTX to process.
2019-07-13 08:33:26,450 DEBUG block.SCMBlockDeletingService (SCMBlockDeletingService.java:call(171)) - Added delete block command for datanode 912a7d3b-e3f1-4985-b06b-5f0a929b8060 in the queue, number of delete block transactions: 3, TxID list: 1,2,3
2019-07-13 08:33:26,450 INFO  block.SCMBlockDeletingService (SCMBlockDeletingService.java:call(182)) - Totally added 3 delete blocks command for 1 datanodes, task elapsed time: 1ms
2019-07-13 08:33:26,551 DEBUG block.SCMBlockDeletingService (SCMBlockDeletingService.java:call(138)) - Running DeletedBlockTransactionScanner
2019-07-13 08:33:26,551 DEBUG block.SCMBlockDeletingService (SCMBlockDeletingService.java:call(155)) - Scanned deleted blocks log and got 3 delTX to process.
2019-07-13 08:33:26,551 DEBUG block.SCMBlockDeletingService (SCMBlockDeletingService.java:call(171)) - Added delete block command for datanode 912a7d3b-e3f1-4985-b06b-5f0a929b8060 in the queue, number of delete block transactions: 3, TxID list: 1,2,3
2019-07-13 08:33:26,552 INFO  block.SCMBlockDeletingService (SCMBlockDeletingService.java:call(182)) - Totally added 3 delete blocks command for 1 datanodes, task elapsed time: 1ms
2019-07-13 08:33:26,652 DEBUG block.SCMBlockDeletingService (SCMBlockDeletingService.java:call(138)) - Running DeletedBlockTransactionScanner
2019-07-13 08:33:26,653 DEBUG block.SCMBlockDeletingService (SCMBlockDeletingService.java:call(155)) - Scanned deleted blocks log and got 3 delTX to process.
2019-07-13 08:33:26,653 DEBUG block.SCMBlockDeletingService (SCMBlockDeletingService.java:call(171)) - Added delete block command for datanode 912a7d3b-e3f1-4985-b06b-5f0a929b8060 in the queue, number of delete block transactions: 3, TxID list: 1,2,3
2019-07-13 08:33:26,653 INFO  block.SCMBlockDeletingService (SCMBlockDeletingService.java:call(182)) - Totally added 3 delete blocks command for 1 datanodes, task elapsed time: 1ms
2019-07-13 08:33:26,754 DEBUG block.SCMBlockDeletingService (SCMBlockDeletingService.java:call(138)) - Running DeletedBlockTransactionScanner
2019-07-13 08:33:26,754 DEBUG block.SCMBlockDeletingService (SCMBlockDeletingService.java:call(155)) - Scanned deleted blocks log and got 3 delTX to process.
2019-07-13 08:33:26,755 DEBUG block.SCMBlockDeletingService (SCMBlockDeletingService.java:call(171)) - Added delete block command for datanode 912a7d3b-e3f1-4985-b06b-5f0a929b8060 in the queue, number of delete block transactions: 3, TxID list: 1,2,3
2019-07-13 08:33:26,755 INFO  block.SCMBlockDeletingService (SCMBlockDeletingService.java:call(182)) - Totally added 3 delete blocks command for 1 datanodes, task elapsed time: 2ms
2019-07-13 08:33:26,841 INFO  commands.RetriableDatanodeEventWatcher (RetriableDatanodeEventWatcher.java:onTimeout(47)) - RetriableDatanodeCommand type=deleteBlocksCommand with id=1563006805837 timed out. Retrying.
2019-07-13 08:33:26,855 DEBUG block.SCMBlockDeletingService (SCMBlockDeletingService.java:call(138)) - Running DeletedBlockTransactionScanner
2019-07-13 08:33:26,856 DEBUG block.SCMBlockDeletingService (SCMBlockDeletingService.java:call(155)) - Scanned deleted blocks log and got 3 delTX to process.
2019-07-13 08:33:26,856 DEBUG block.SCMBlockDeletingService (SCMBlockDeletingService.java:call(171)) - Added delete block command for datanode 912a7d3b-e3f1-4985-b06b-5f0a929b8060 in the queue, number of delete block transactions: 3, TxID list: 1,2,3
2019-07-13 08:33:26,857 INFO  block.SCMBlockDeletingService (SCMBlockDeletingService.java:call(182)) - Totally added 3 delete blocks command for 1 datanodes, task elapsed time: 1ms
2019-07-13 08:33:26,942 INFO  commands.RetriableDatanodeEventWatcher (RetriableDatanodeEventWatcher.java:onTimeout(47)) - RetriableDatanodeCommand type=deleteBlocksCommand with id=1563006805838 timed out. Retrying.
2019-07-13 08:33:26,957 DEBUG block.SCMBlockDeletingService (SCMBlockDeletingService.java:call(138)) - Running DeletedBlockTransactionScanner
2019-07-13 08:33:26,957 DEBUG block.SCMBlockDeletingService (SCMBlockDeletingService.java:call(155)) - Scanned deleted blocks log and got 3 delTX to process.
2019-07-13 08:33:26,958 DEBUG block.SCMBlockDeletingService (SCMBlockDeletingService.java:call(171)) - Added delete block command for datanode 912a7d3b-e3f1-4985-b06b-5f0a929b8060 in the queue, number of delete block transactions: 3, TxID list: 1,2,3
2019-07-13 08:33:26,958 INFO  block.SCMBlockDeletingService (SCMBlockDeletingService.java:call(182)) - Totally added 3 delete blocks command for 1 datanodes, task elapsed time: 1ms
2019-07-13 08:33:27,043 INFO  commands.RetriableDatanodeEventWatcher (RetriableDatanodeEventWatcher.java:onTimeout(47)) - RetriableDatanodeCommand type=deleteBlocksCommand with id=1563006805839 timed out. Retrying.
2019-07-13 08:33:27,059 DEBUG block.SCMBlockDeletingService (SCMBlockDeletingService.java:call(138)) - Running DeletedBlockTransactionScanner
2019-07-13 08:33:27,059 DEBUG block.SCMBlockDeletingService (SCMBlockDeletingService.java:call(155)) - Scanned deleted blocks log and got 3 delTX to process.
2019-07-13 08:33:27,059 DEBUG block.SCMBlockDeletingService (SCMBlockDeletingService.java:call(171)) - Added delete block command for datanode 912a7d3b-e3f1-4985-b06b-5f0a929b8060 in the queue, number of delete block transactions: 3, TxID list: 1,2,3
2019-07-13 08:33:27,060 INFO  block.SCMBlockDeletingService (SCMBlockDeletingService.java:call(182)) - Totally added 3 delete blocks command for 1 datanodes, task elapsed time: 1ms
2019-07-13 08:33:27,146 INFO  commands.RetriableDatanodeEventWatcher (RetriableDatanodeEventWatcher.java:onTimeout(47)) - RetriableDatanodeCommand type=deleteBlocksCommand with id=1563006805840 timed out. Retrying.
2019-07-13 08:33:27,160 DEBUG block.SCMBlockDeletingService (SCMBlockDeletingService.java:call(138)) - Running DeletedBlockTransactionScanner
2019-07-13 08:33:27,161 DEBUG block.SCMBlockDeletingService (SCMBlockDeletingService.java:call(155)) - Scanned deleted blocks log and got 3 delTX to process.
2019-07-13 08:33:27,161 DEBUG block.SCMBlockDeletingService (SCMBlockDeletingService.java:call(171)) - Added delete block command for datanode 912a7d3b-e3f1-4985-b06b-5f0a929b8060 in the queue, number of delete block transactions: 3, TxID list: 1,2,3
2019-07-13 08:33:27,161 INFO  block.SCMBlockDeletingService (SCMBlockDeletingService.java:call(182)) - Totally added 3 delete blocks command for 1 datanodes, task elapsed time: 1ms
2019-07-13 08:33:27,246 INFO  commands.RetriableDatanodeEventWatcher (RetriableDatanodeEventWatcher.java:onTimeout(47)) - RetriableDatanodeCommand type=deleteBlocksCommand with id=1563006805841 timed out. Retrying.
2019-07-13 08:33:27,262 DEBUG block.SCMBlockDeletingService (SCMBlockDeletingService.java:call(138)) - Running DeletedBlockTransactionScanner
2019-07-13 08:33:27,262 DEBUG block.SCMBlockDeletingService (SCMBlockDeletingService.java:call(155)) - Scanned deleted blocks log and got 3 delTX to process.
2019-07-13 08:33:27,263 DEBUG block.SCMBlockDeletingService (SCMBlockDeletingService.java:call(171)) - Added delete block command for datanode 912a7d3b-e3f1-4985-b06b-5f0a929b8060 in the queue, number of delete block transactions: 3, TxID list: 1,2,3
2019-07-13 08:33:27,263 INFO  block.SCMBlockDeletingService (SCMBlockDeletingService.java:call(182)) - Totally added 3 delete blocks command for 1 datanodes, task elapsed time: 2ms
2019-07-13 08:33:27,349 INFO  commands.RetriableDatanodeEventWatcher (RetriableDatanodeEventWatcher.java:onTimeout(47)) - RetriableDatanodeCommand type=deleteBlocksCommand with id=1563006805842 timed out. Retrying.
2019-07-13 08:33:27,363 DEBUG block.SCMBlockDeletingService (SCMBlockDeletingService.java:call(138)) - Running DeletedBlockTransactionScanner
2019-07-13 08:33:27,364 DEBUG block.SCMBlockDeletingService (SCMBlockDeletingService.java:call(155)) - Scanned deleted blocks log and got 3 delTX to process.
2019-07-13 08:33:27,364 DEBUG block.SCMBlockDeletingService (SCMBlockDeletingService.java:call(171)) - Added delete block command for datanode 912a7d3b-e3f1-4985-b06b-5f0a929b8060 in the queue, number of delete block transactions: 3, TxID list: 1,2,3
2019-07-13 08:33:27,364 INFO  block.SCMBlockDeletingService (SCMBlockDeletingService.java:call(182)) - Totally added 3 delete blocks command for 1 datanodes, task elapsed time: 1ms
2019-07-13 08:33:27,449 INFO  commands.RetriableDatanodeEventWatcher (RetriableDatanodeEventWatcher.java:onTimeout(47)) - RetriableDatanodeCommand type=deleteBlocksCommand with id=1563006805843 timed out. Retrying.
2019-07-13 08:33:27,465 DEBUG block.SCMBlockDeletingService (SCMBlockDeletingService.java:call(138)) - Running DeletedBlockTransactionScanner
2019-07-13 08:33:27,465 DEBUG block.SCMBlockDeletingService (SCMBlockDeletingService.java:call(155)) - Scanned deleted blocks log and got 3 delTX to process.
2019-07-13 08:33:27,466 DEBUG block.SCMBlockDeletingService (SCMBlockDeletingService.java:call(171)) - Added delete block command for datanode 912a7d3b-e3f1-4985-b06b-5f0a929b8060 in the queue, number of delete block transactions: 3, TxID list: 1,2,3
2019-07-13 08:33:27,466 INFO  block.SCMBlockDeletingService (SCMBlockDeletingService.java:call(182)) - Totally added 3 delete blocks command for 1 datanodes, task elapsed time: 2ms
2019-07-13 08:33:27,552 INFO  commands.RetriableDatanodeEventWatcher (RetriableDatanodeEventWatcher.java:onTimeout(47)) - RetriableDatanodeCommand type=deleteBlocksCommand with id=1563006805844 timed out. Retrying.
2019-07-13 08:33:27,566 DEBUG block.SCMBlockDeletingService (SCMBlockDeletingService.java:call(138)) - Running DeletedBlockTransactionScanner
2019-07-13 08:33:27,567 DEBUG block.SCMBlockDeletingService (SCMBlockDeletingService.java:call(155)) - Scanned deleted blocks log and got 3 delTX to process.
2019-07-13 08:33:27,567 DEBUG block.SCMBlockDeletingService (SCMBlockDeletingService.java:call(171)) - Added delete block command for datanode 912a7d3b-e3f1-4985-b06b-5f0a929b8060 in the queue, number of delete block transactions: 3, TxID list: 1,2,3
2019-07-13 08:33:27,568 INFO  block.SCMBlockDeletingService (SCMBlockDeletingService.java:call(182)) - Totally added 3 delete blocks command for 1 datanodes, task elapsed time: 1ms
2019-07-13 08:33:27,654 INFO  commands.RetriableDatanodeEventWatcher (RetriableDatanodeEventWatcher.java:onTimeout(47)) - RetriableDatanodeCommand type=deleteBlocksCommand with id=1563006805845 timed out. Retrying.
2019-07-13 08:33:27,668 DEBUG block.SCMBlockDeletingService (SCMBlockDeletingService.java:call(138)) - Running DeletedBlockTransactionScanner
2019-07-13 08:33:27,669 DEBUG block.SCMBlockDeletingService (SCMBlockDeletingService.java:call(155)) - Scanned deleted blocks log and got 3 delTX to process.
2019-07-13 08:33:27,669 DEBUG block.SCMBlockDeletingService (SCMBlockDeletingService.java:call(171)) - Added delete block command for datanode 912a7d3b-e3f1-4985-b06b-5f0a929b8060 in the queue, number of delete block transactions: 3, TxID list: 1,2,3
2019-07-13 08:33:27,669 INFO  block.SCMBlockDeletingService (SCMBlockDeletingService.java:call(182)) - Totally added 3 delete blocks command for 1 datanodes, task elapsed time: 1ms
2019-07-13 08:33:27,754 INFO  commands.RetriableDatanodeEventWatcher (RetriableDatanodeEventWatcher.java:onTimeout(47)) - RetriableDatanodeCommand type=deleteBlocksCommand with id=1563006805846 timed out. Retrying.
2019-07-13 08:33:27,770 DEBUG block.SCMBlockDeletingService (SCMBlockDeletingService.java:call(138)) - Running DeletedBlockTransactionScanner
2019-07-13 08:33:27,770 DEBUG block.SCMBlockDeletingService (SCMBlockDeletingService.java:call(155)) - Scanned deleted blocks log and got 3 delTX to process.
2019-07-13 08:33:27,770 DEBUG block.SCMBlockDeletingService (SCMBlockDeletingService.java:call(171)) - Added delete block command for datanode 912a7d3b-e3f1-4985-b06b-5f0a929b8060 in the queue, number of delete block transactions: 3, TxID list: 1,2,3
2019-07-13 08:33:27,771 INFO  block.SCMBlockDeletingService (SCMBlockDeletingService.java:call(182)) - Totally added 3 delete blocks command for 1 datanodes, task elapsed time: 1ms
2019-07-13 08:33:27,842 INFO  commands.RetriableDatanodeEventWatcher (RetriableDatanodeEventWatcher.java:onTimeout(47)) - RetriableDatanodeCommand type=deleteBlocksCommand with id=1563006805837 timed out. Retrying.
2019-07-13 08:33:27,856 INFO  commands.RetriableDatanodeEventWatcher (RetriableDatanodeEventWatcher.java:onTimeout(47)) - RetriableDatanodeCommand type=deleteBlocksCommand with id=1563006805847 timed out. Retrying.
2019-07-13 08:33:27,871 DEBUG block.SCMBlockDeletingService (SCMBlockDeletingService.java:call(138)) - Running DeletedBlockTransactionScanner
2019-07-13 08:33:27,872 DEBUG block.SCMBlockDeletingService (SCMBlockDeletingService.java:call(155)) - Scanned deleted blocks log and got 3 delTX to process.
2019-07-13 08:33:27,872 DEBUG block.SCMBlockDeletingService (SCMBlockDeletingService.java:call(171)) - Added delete block command for datanode 912a7d3b-e3f1-4985-b06b-5f0a929b8060 in the queue, number of delete block transactions: 3, TxID list: 1,2,3
2019-07-13 08:33:27,872 INFO  block.SCMBlockDeletingService (SCMBlockDeletingService.java:call(182)) - Totally added 3 delete blocks command for 1 datanodes, task elapsed time: 1ms
2019-07-13 08:33:27,942 INFO  commands.RetriableDatanodeEventWatcher (RetriableDatanodeEventWatcher.java:onTimeout(47)) - RetriableDatanodeCommand type=deleteBlocksCommand with id=1563006805838 timed out. Retrying.
2019-07-13 08:33:27,958 INFO  commands.RetriableDatanodeEventWatcher (RetriableDatanodeEventWatcher.java:onTimeout(47)) - RetriableDatanodeCommand type=deleteBlocksCommand with id=1563006805848 timed out. Retrying.
2019-07-13 08:33:27,973 DEBUG block.SCMBlockDeletingService (SCMBlockDeletingService.java:call(138)) - Running DeletedBlockTransactionScanner
2019-07-13 08:33:27,973 DEBUG block.SCMBlockDeletingService (SCMBlockDeletingService.java:call(155)) - Scanned deleted blocks log and got 3 delTX to process.
2019-07-13 08:33:27,974 DEBUG block.SCMBlockDeletingService (SCMBlockDeletingService.java:call(171)) - Added delete block command for datanode 912a7d3b-e3f1-4985-b06b-5f0a929b8060 in the queue, number of delete block transactions: 3, TxID list: 1,2,3
2019-07-13 08:33:27,974 INFO  block.SCMBlockDeletingService (SCMBlockDeletingService.java:call(182)) - Totally added 3 delete blocks command for 1 datanodes, task elapsed time: 2ms
2019-07-13 08:33:28,044 INFO  commands.RetriableDatanodeEventWatcher (RetriableDatanodeEventWatcher.java:onTimeout(47)) - RetriableDatanodeCommand type=deleteBlocksCommand with id=1563006805839 timed out. Retrying.
2019-07-13 08:33:28,060 INFO  commands.RetriableDatanodeEventWatcher (RetriableDatanodeEventWatcher.java:onTimeout(47)) - RetriableDatanodeCommand type=deleteBlocksCommand with id=1563006805849 timed out. Retrying.
2019-07-13 08:33:28,075 DEBUG block.SCMBlockDeletingService (SCMBlockDeletingService.java:call(138)) - Running DeletedBlockTransactionScanner
2019-07-13 08:33:28,075 DEBUG block.SCMBlockDeletingService (SCMBlockDeletingService.java:call(155)) - Scanned deleted blocks log and got 3 delTX to process.
2019-07-13 08:33:28,075 DEBUG block.SCMBlockDeletingService (SCMBlockDeletingService.java:call(171)) - Added delete block command for datanode 912a7d3b-e3f1-4985-b06b-5f0a929b8060 in the queue, number of delete block transactions: 3, TxID list: 1,2,3
2019-07-13 08:33:28,076 INFO  block.SCMBlockDeletingService (SCMBlockDeletingService.java:call(182)) - Totally added 3 delete blocks command for 1 datanodes, task elapsed time: 1ms
2019-07-13 08:33:28,147 INFO  commands.RetriableDatanodeEventWatcher (RetriableDatanodeEventWatcher.java:onTimeout(47)) - RetriableDatanodeCommand type=deleteBlocksCommand with id=1563006805840 timed out. Retrying.
2019-07-13 08:33:28,161 INFO  commands.RetriableDatanodeEventWatcher (RetriableDatanodeEventWatcher.java:onTimeout(47)) - RetriableDatanodeCommand type=deleteBlocksCommand with id=1563006805850 timed out. Retrying.
2019-07-13 08:33:28,176 DEBUG block.SCMBlockDeletingService (SCMBlockDeletingService.java:call(138)) - Running DeletedBlockTransactionScanner
2019-07-13 08:33:28,177 DEBUG block.SCMBlockDeletingService (SCMBlockDeletingService.java:call(155)) - Scanned deleted blocks log and got 3 delTX to process.
2019-07-13 08:33:28,177 DEBUG block.SCMBlockDeletingService (SCMBlockDeletingService.java:call(171)) - Added delete block command for datanode 912a7d3b-e3f1-4985-b06b-5f0a929b8060 in the queue, number of delete block transactions: 3, TxID list: 1,2,3
2019-07-13 08:33:28,177 INFO  block.SCMBlockDeletingService (SCMBlockDeletingService.java:call(182)) - Totally added 3 delete blocks command for 1 datanodes, task elapsed time: 1ms
2019-07-13 08:33:28,246 INFO  commands.RetriableDatanodeEventWatcher (RetriableDatanodeEventWatcher.java:onTimeout(47)) - RetriableDatanodeCommand type=deleteBlocksCommand with id=1563006805841 timed out. Retrying.
2019-07-13 08:33:28,263 INFO  commands.RetriableDatanodeEventWatcher (RetriableDatanodeEventWatcher.java:onTimeout(47)) - RetriableDatanodeCommand type=deleteBlocksCommand with id=1563006805851 timed out. Retrying.
2019-07-13 08:33:28,278 DEBUG block.SCMBlockDeletingService (SCMBlockDeletingService.java:call(138)) - Running DeletedBlockTransactionScanner
2019-07-13 08:33:28,278 DEBUG block.SCMBlockDeletingService (SCMBlockDeletingService.java:call(155)) - Scanned deleted blocks log and got 3 delTX to process.
2019-07-13 08:33:28,279 DEBUG block.SCMBlockDeletingService (SCMBlockDeletingService.java:call(171)) - Added delete block command for datanode 912a7d3b-e3f1-4985-b06b-5f0a929b8060 in the queue, number of delete block transactions: 3, TxID list: 1,2,3
2019-07-13 08:33:28,279 INFO  block.SCMBlockDeletingService (SCMBlockDeletingService.java:call(182)) - Totally added 3 delete blocks command for 1 datanodes, task elapsed time: 2ms
2019-07-13 08:33:28,350 INFO  commands.RetriableDatanodeEventWatcher (RetriableDatanodeEventWatcher.java:onTimeout(47)) - RetriableDatanodeCommand type=deleteBlocksCommand with id=1563006805842 timed out. Retrying.
2019-07-13 08:33:28,364 INFO  commands.RetriableDatanodeEventWatcher (RetriableDatanodeEventWatcher.java:onTimeout(47)) - RetriableDatanodeCommand type=deleteBlocksCommand with id=1563006805852 timed out. Retrying.
2019-07-13 08:33:28,380 DEBUG block.SCMBlockDeletingService (SCMBlockDeletingService.java:call(138)) - Running DeletedBlockTransactionScanner
2019-07-13 08:33:28,380 DEBUG block.SCMBlockDeletingService (SCMBlockDeletingService.java:call(155)) - Scanned deleted blocks log and got 3 delTX to process.
2019-07-13 08:33:28,380 DEBUG block.SCMBlockDeletingService (SCMBlockDeletingService.java:call(171)) - Added delete block command for datanode 912a7d3b-e3f1-4985-b06b-5f0a929b8060 in the queue, number of delete block transactions: 3, TxID list: 1,2,3
2019-07-13 08:33:28,381 INFO  block.SCMBlockDeletingService (SCMBlockDeletingService.java:call(182)) - Totally added 3 delete blocks command for 1 datanodes, task elapsed time: 1ms
2019-07-13 08:33:28,450 INFO  commands.RetriableDatanodeEventWatcher (RetriableDatanodeEventWatcher.java:onTimeout(47)) - RetriableDatanodeCommand type=deleteBlocksCommand with id=1563006805843 timed out. Retrying.
2019-07-13 08:33:28,465 INFO  commands.RetriableDatanodeEventWatcher (RetriableDatanodeEventWatcher.java:onTimeout(47)) - RetriableDatanodeCommand type=deleteBlocksCommand with id=1563006805853 timed out. Retrying.
2019-07-13 08:33:28,481 DEBUG block.SCMBlockDeletingService (SCMBlockDeletingService.java:call(138)) - Running DeletedBlockTransactionScanner
2019-07-13 08:33:28,482 DEBUG block.SCMBlockDeletingService (SCMBlockDeletingService.java:call(155)) - Scanned deleted blocks log and got 3 delTX to process.
2019-07-13 08:33:28,482 DEBUG block.SCMBlockDeletingService (SCMBlockDeletingService.java:call(171)) - Added delete block command for datanode 912a7d3b-e3f1-4985-b06b-5f0a929b8060 in the queue, number of delete block transactions: 3, TxID list: 1,2,3
2019-07-13 08:33:28,482 INFO  block.SCMBlockDeletingService (SCMBlockDeletingService.java:call(182)) - Totally added 3 delete blocks command for 1 datanodes, task elapsed time: 1ms
2019-07-13 08:33:28,552 INFO  commands.RetriableDatanodeEventWatcher (RetriableDatanodeEventWatcher.java:onTimeout(47)) - RetriableDatanodeCommand type=deleteBlocksCommand with id=1563006805844 timed out. Retrying.
2019-07-13 08:33:28,568 INFO  commands.RetriableDatanodeEventWatcher (RetriableDatanodeEventWatcher.java:onTimeout(47)) - RetriableDatanodeCommand type=deleteBlocksCommand with id=1563006805854 timed out. Retrying.
2019-07-13 08:33:28,583 DEBUG block.SCMBlockDeletingService (SCMBlockDeletingService.java:call(138)) - Running DeletedBlockTransactionScanner
2019-07-13 08:33:28,583 DEBUG block.SCMBlockDeletingService (SCMBlockDeletingService.java:call(155)) - Scanned deleted blocks log and got 3 delTX to process.
2019-07-13 08:33:28,583 DEBUG block.SCMBlockDeletingService (SCMBlockDeletingService.java:call(171)) - Added delete block command for datanode 912a7d3b-e3f1-4985-b06b-5f0a929b8060 in the queue, number of delete block transactions: 3, TxID list: 1,2,3
2019-07-13 08:33:28,584 INFO  block.SCMBlockDeletingService (SCMBlockDeletingService.java:call(182)) - Totally added 3 delete blocks command for 1 datanodes, task elapsed time: 1ms
2019-07-13 08:33:28,654 INFO  commands.RetriableDatanodeEventWatcher (RetriableDatanodeEventWatcher.java:onTimeout(47)) - RetriableDatanodeCommand type=deleteBlocksCommand with id=1563006805845 timed out. Retrying.
2019-07-13 08:33:28,668 INFO  commands.RetriableDatanodeEventWatcher (RetriableDatanodeEventWatcher.java:onTimeout(47)) - RetriableDatanodeCommand type=deleteBlocksCommand with id=1563006805855 timed out. Retrying.
2019-07-13 08:33:28,684 DEBUG block.SCMBlockDeletingService (SCMBlockDeletingService.java:call(138)) - Running DeletedBlockTransactionScanner
2019-07-13 08:33:28,685 DEBUG block.SCMBlockDeletingService (SCMBlockDeletingService.java:call(155)) - Scanned deleted blocks log and got 3 delTX to process.
2019-07-13 08:33:28,685 DEBUG block.SCMBlockDeletingService (SCMBlockDeletingService.java:call(171)) - Added delete block command for datanode 912a7d3b-e3f1-4985-b06b-5f0a929b8060 in the queue, number of delete block transactions: 3, TxID list: 1,2,3
2019-07-13 08:33:28,685 INFO  block.SCMBlockDeletingService (SCMBlockDeletingService.java:call(182)) - Totally added 3 delete blocks command for 1 datanodes, task elapsed time: 1ms
2019-07-13 08:33:28,754 INFO  commands.RetriableDatanodeEventWatcher (RetriableDatanodeEventWatcher.java:onTimeout(47)) - RetriableDatanodeCommand type=deleteBlocksCommand with id=1563006805846 timed out. Retrying.
2019-07-13 08:33:28,771 INFO  commands.RetriableDatanodeEventWatcher (RetriableDatanodeEventWatcher.java:onTimeout(47)) - RetriableDatanodeCommand type=deleteBlocksCommand with id=1563006805856 timed out. Retrying.
2019-07-13 08:33:28,779 INFO  node.StaleNodeHandler (StaleNodeHandler.java:onMessage(58)) - Datanode 912a7d3b-e3f1-4985-b06b-5f0a929b8060{ip: 192.168.69.96, host: trunk-nightly-hmp62-43275749, networkLocation: /default-rack, certSerialId: null} moved to stale state. Finalizing its pipelines [PipelineID=79064fed-927d-47b0-99ab-3636e5e7603c]
2019-07-13 08:33:28,780 INFO  pipeline.SCMPipelineManager (SCMPipelineManager.java:finalizeAndDestroyPipeline(309)) - destroying pipeline:Pipeline[ Id: 79064fed-927d-47b0-99ab-3636e5e7603c, Nodes: 912a7d3b-e3f1-4985-b06b-5f0a929b8060{ip: 192.168.69.96, host: trunk-nightly-hmp62-43275749, networkLocation: /default-rack, certSerialId: null}, Type:RATIS, Factor:ONE, State:OPEN]
2019-07-13 08:33:28,781 INFO  pipeline.PipelineStateManager (PipelineStateManager.java:finalizePipeline(123)) - Pipeline Pipeline[ Id: 79064fed-927d-47b0-99ab-3636e5e7603c, Nodes: 912a7d3b-e3f1-4985-b06b-5f0a929b8060{ip: 192.168.69.96, host: trunk-nightly-hmp62-43275749, networkLocation: /default-rack, certSerialId: null}, Type:RATIS, Factor:ONE, State:CLOSED] moved to CLOSED state
2019-07-13 08:33:28,786 DEBUG block.SCMBlockDeletingService (SCMBlockDeletingService.java:call(138)) - Running DeletedBlockTransactionScanner
2019-07-13 08:33:28,786 DEBUG block.SCMBlockDeletingService (SCMBlockDeletingService.java:call(155)) - Scanned deleted blocks log and got 3 delTX to process.
2019-07-13 08:33:28,786 DEBUG block.SCMBlockDeletingService (SCMBlockDeletingService.java:call(171)) - Added delete block command for datanode 912a7d3b-e3f1-4985-b06b-5f0a929b8060 in the queue, number of delete block transactions: 3, TxID list: 1,2,3
2019-07-13 08:33:28,787 INFO  block.SCMBlockDeletingService (SCMBlockDeletingService.java:call(182)) - Totally added 3 delete blocks command for 1 datanodes, task elapsed time: 1ms
2019-07-13 08:33:28,843 INFO  commands.RetriableDatanodeEventWatcher (RetriableDatanodeEventWatcher.java:onTimeout(47)) - RetriableDatanodeCommand type=deleteBlocksCommand with id=1563006805837 timed out. Retrying.
2019-07-13 08:33:28,856 INFO  commands.RetriableDatanodeEventWatcher (RetriableDatanodeEventWatcher.java:onTimeout(47)) - RetriableDatanodeCommand type=deleteBlocksCommand with id=1563006805847 timed out. Retrying.
2019-07-13 08:33:28,873 INFO  commands.RetriableDatanodeEventWatcher (RetriableDatanodeEventWatcher.java:onTimeout(47)) - RetriableDatanodeCommand type=deleteBlocksCommand with id=1563006805857 timed out. Retrying.
2019-07-13 08:33:28,887 DEBUG block.SCMBlockDeletingService (SCMBlockDeletingService.java:call(138)) - Running DeletedBlockTransactionScanner
2019-07-13 08:33:28,888 DEBUG block.SCMBlockDeletingService (SCMBlockDeletingService.java:call(155)) - Scanned deleted blocks log and got 3 delTX to process.
2019-07-13 08:33:28,888 DEBUG block.SCMBlockDeletingService (SCMBlockDeletingService.java:call(171)) - Added delete block command for datanode 912a7d3b-e3f1-4985-b06b-5f0a929b8060 in the queue, number of delete block transactions: 3, TxID list: 1,2,3
2019-07-13 08:33:28,888 INFO  block.SCMBlockDeletingService (SCMBlockDeletingService.java:call(182)) - Totally added 3 delete blocks command for 1 datanodes, task elapsed time: 1ms
2019-07-13 08:33:28,942 INFO  commands.RetriableDatanodeEventWatcher (RetriableDatanodeEventWatcher.java:onTimeout(47)) - RetriableDatanodeCommand type=deleteBlocksCommand with id=1563006805838 timed out. Retrying.
2019-07-13 08:33:28,959 INFO  commands.RetriableDatanodeEventWatcher (RetriableDatanodeEventWatcher.java:onTimeout(47)) - RetriableDatanodeCommand type=deleteBlocksCommand with id=1563006805848 timed out. Retrying.
2019-07-13 08:33:28,974 INFO  commands.RetriableDatanodeEventWatcher (RetriableDatanodeEventWatcher.java:onTimeout(47)) - RetriableDatanodeCommand type=deleteBlocksCommand with id=1563006805858 timed out. Retrying.
2019-07-13 08:33:28,989 DEBUG block.SCMBlockDeletingService (SCMBlockDeletingService.java:call(138)) - Running DeletedBlockTransactionScanner
2019-07-13 08:33:28,989 DEBUG block.SCMBlockDeletingService (SCMBlockDeletingService.java:call(155)) - Scanned deleted blocks log and got 3 delTX to process.
2019-07-13 08:33:28,989 DEBUG block.SCMBlockDeletingService (SCMBlockDeletingService.java:call(171)) - Added delete block command for datanode 912a7d3b-e3f1-4985-b06b-5f0a929b8060 in the queue, number of delete block transactions: 3, TxID list: 1,2,3
2019-07-13 08:33:28,990 INFO  block.SCMBlockDeletingService (SCMBlockDeletingService.java:call(182)) - Totally added 3 delete blocks command for 1 datanodes, task elapsed time: 1ms
2019-07-13 08:33:29,045 INFO  commands.RetriableDatanodeEventWatcher (RetriableDatanodeEventWatcher.java:onTimeout(47)) - RetriableDatanodeCommand type=deleteBlocksCommand with id=1563006805839 timed out. Retrying.
2019-07-13 08:33:29,060 INFO  commands.RetriableDatanodeEventWatcher (RetriableDatanodeEventWatcher.java:onTimeout(47)) - RetriableDatanodeCommand type=deleteBlocksCommand with id=1563006805849 timed out. Retrying.
2019-07-13 08:33:29,076 INFO  commands.RetriableDatanodeEventWatcher (RetriableDatanodeEventWatcher.java:onTimeout(47)) - RetriableDatanodeCommand type=deleteBlocksCommand with id=1563006805859 timed out. Retrying.
2019-07-13 08:33:29,090 DEBUG block.SCMBlockDeletingService (SCMBlockDeletingService.java:call(138)) - Running DeletedBlockTransactionScanner
2019-07-13 08:33:29,091 DEBUG block.SCMBlockDeletingService (SCMBlockDeletingService.java:call(155)) - Scanned deleted blocks log and got 3 delTX to process.
2019-07-13 08:33:29,091 DEBUG block.SCMBlockDeletingService (SCMBlockDeletingService.java:call(171)) - Added delete block command for datanode 912a7d3b-e3f1-4985-b06b-5f0a929b8060 in the queue, number of delete block transactions: 3, TxID list: 1,2,3
2019-07-13 08:33:29,091 INFO  block.SCMBlockDeletingService (SCMBlockDeletingService.java:call(182)) - Totally added 3 delete blocks command for 1 datanodes, task elapsed time: 1ms
2019-07-13 08:33:29,147 INFO  commands.RetriableDatanodeEventWatcher (RetriableDatanodeEventWatcher.java:onTimeout(47)) - RetriableDatanodeCommand type=deleteBlocksCommand with id=1563006805840 timed out. Retrying.
2019-07-13 08:33:29,162 INFO  commands.RetriableDatanodeEventWatcher (RetriableDatanodeEventWatcher.java:onTimeout(47)) - RetriableDatanodeCommand type=deleteBlocksCommand with id=1563006805850 timed out. Retrying.
2019-07-13 08:33:29,178 INFO  commands.RetriableDatanodeEventWatcher (RetriableDatanodeEventWatcher.java:onTimeout(47)) - RetriableDatanodeCommand type=deleteBlocksCommand with id=1563006805860 timed out. Retrying.
2019-07-13 08:33:29,192 DEBUG block.SCMBlockDeletingService (SCMBlockDeletingService.java:call(138)) - Running DeletedBlockTransactionScanner
2019-07-13 08:33:29,192 DEBUG block.SCMBlockDeletingService (SCMBlockDeletingService.java:call(155)) - Scanned deleted blocks log and got 3 delTX to process.
2019-07-13 08:33:29,192 DEBUG block.SCMBlockDeletingService (SCMBlockDeletingService.java:call(171)) - Added delete block command for datanode 912a7d3b-e3f1-4985-b06b-5f0a929b8060 in the queue, number of delete block transactions: 3, TxID list: 1,2,3
2019-07-13 08:33:29,193 INFO  block.SCMBlockDeletingService (SCMBlockDeletingService.java:call(182)) - Totally added 3 delete blocks command for 1 datanodes, task elapsed time: 1ms
2019-07-13 08:33:29,247 INFO  commands.RetriableDatanodeEventWatcher (RetriableDatanodeEventWatcher.java:onTimeout(47)) - RetriableDatanodeCommand type=deleteBlocksCommand with id=1563006805841 timed out. Retrying.
2019-07-13 08:33:29,263 INFO  commands.RetriableDatanodeEventWatcher (RetriableDatanodeEventWatcher.java:onTimeout(47)) - RetriableDatanodeCommand type=deleteBlocksCommand with id=1563006805851 timed out. Retrying.
2019-07-13 08:33:29,279 INFO  commands.RetriableDatanodeEventWatcher (RetriableDatanodeEventWatcher.java:onTimeout(47)) - RetriableDatanodeCommand type=deleteBlocksCommand with id=1563006805861 timed out. Retrying.
2019-07-13 08:33:29,293 DEBUG block.SCMBlockDeletingService (SCMBlockDeletingService.java:call(138)) - Running DeletedBlockTransactionScanner
2019-07-13 08:33:29,294 DEBUG block.SCMBlockDeletingService (SCMBlockDeletingService.java:call(155)) - Scanned deleted blocks log and got 3 delTX to process.
2019-07-13 08:33:29,294 DEBUG block.SCMBlockDeletingService (SCMBlockDeletingService.java:call(171)) - Added delete block command for datanode 912a7d3b-e3f1-4985-b06b-5f0a929b8060 in the queue, number of delete block transactions: 3, TxID list: 1,2,3
2019-07-13 08:33:29,294 INFO  block.SCMBlockDeletingService (SCMBlockDeletingService.java:call(182)) - Totally added 3 delete blocks command for 1 datanodes, task elapsed time: 1ms
2019-07-13 08:33:29,350 INFO  commands.RetriableDatanodeEventWatcher (RetriableDatanodeEventWatcher.java:onTimeout(47)) - RetriableDatanodeCommand type=deleteBlocksCommand with id=1563006805842 timed out. Retrying.
2019-07-13 08:33:29,365 INFO  commands.RetriableDatanodeEventWatcher (RetriableDatanodeEventWatcher.java:onTimeout(47)) - RetriableDatanodeCommand type=deleteBlocksCommand with id=1563006805852 timed out. Retrying.
2019-07-13 08:33:29,380 INFO  commands.RetriableDatanodeEventWatcher (RetriableDatanodeEventWatcher.java:onTimeout(47)) - RetriableDatanodeCommand type=deleteBlocksCommand with id=1563006805862 timed out. Retrying.
2019-07-13 08:33:29,395 DEBUG block.SCMBlockDeletingService (SCMBlockDeletingService.java:call(138)) - Running DeletedBlockTransactionScanner
2019-07-13 08:33:29,395 DEBUG block.SCMBlockDeletingService (SCMBlockDeletingService.java:call(155)) - Scanned deleted blocks log and got 3 delTX to process.
2019-07-13 08:33:29,395 DEBUG block.SCMBlockDeletingService (SCMBlockDeletingService.java:call(171)) - Added delete block command for datanode 912a7d3b-e3f1-4985-b06b-5f0a929b8060 in the queue, number of delete block transactions: 3, TxID list: 1,2,3
2019-07-13 08:33:29,396 INFO  block.SCMBlockDeletingService (SCMBlockDeletingService.java:call(182)) - Totally added 3 delete blocks command for 1 datanodes, task elapsed time: 1ms
2019-07-13 08:33:29,451 INFO  commands.RetriableDatanodeEventWatcher (RetriableDatanodeEventWatcher.java:onTimeout(47)) - RetriableDatanodeCommand type=deleteBlocksCommand with id=1563006805843 timed out. Retrying.
2019-07-13 08:33:29,465 INFO  commands.RetriableDatanodeEventWatcher (RetriableDatanodeEventWatcher.java:onTimeout(47)) - RetriableDatanodeCommand type=deleteBlocksCommand with id=1563006805853 timed out. Retrying.
2019-07-13 08:33:29,482 INFO  commands.RetriableDatanodeEventWatcher (RetriableDatanodeEventWatcher.java:onTimeout(47)) - RetriableDatanodeCommand type=deleteBlocksCommand with id=1563006805863 timed out. Retrying.
2019-07-13 08:33:29,496 DEBUG block.SCMBlockDeletingService (SCMBlockDeletingService.java:call(138)) - Running DeletedBlockTransactionScanner
2019-07-13 08:33:29,497 DEBUG block.SCMBlockDeletingService (SCMBlockDeletingService.java:call(155)) - Scanned deleted blocks log and got 3 delTX to process.
2019-07-13 08:33:29,497 DEBUG block.SCMBlockDeletingService (SCMBlockDeletingService.java:call(171)) - Added delete block command for datanode 912a7d3b-e3f1-4985-b06b-5f0a929b8060 in the queue, number of delete block transactions: 3, TxID list: 1,2,3
2019-07-13 08:33:29,497 INFO  block.SCMBlockDeletingService (SCMBlockDeletingService.java:call(182)) - Totally added 3 delete blocks command for 1 datanodes, task elapsed time: 1ms
2019-07-13 08:33:29,552 INFO  commands.RetriableDatanodeEventWatcher (RetriableDatanodeEventWatcher.java:onTimeout(47)) - RetriableDatanodeCommand type=deleteBlocksCommand with id=1563006805844 timed out. Retrying.
2019-07-13 08:33:29,569 INFO  commands.RetriableDatanodeEventWatcher (RetriableDatanodeEventWatcher.java:onTimeout(47)) - RetriableDatanodeCommand type=deleteBlocksCommand with id=1563006805854 timed out. Retrying.
2019-07-13 08:33:29,583 INFO  commands.RetriableDatanodeEventWatcher (RetriableDatanodeEventWatcher.java:onTimeout(47)) - RetriableDatanodeCommand type=deleteBlocksCommand with id=1563006805864 timed out. Retrying.
2019-07-13 08:33:29,598 DEBUG block.SCMBlockDeletingService (SCMBlockDeletingService.java:call(138)) - Running DeletedBlockTransactionScanner
2019-07-13 08:33:29,598 DEBUG block.SCMBlockDeletingService (SCMBlockDeletingService.java:call(155)) - Scanned deleted blocks log and got 3 delTX to process.
2019-07-13 08:33:29,598 DEBUG block.SCMBlockDeletingService (SCMBlockDeletingService.java:call(171)) - Added delete block command for datanode 912a7d3b-e3f1-4985-b06b-5f0a929b8060 in the queue, number of delete block transactions: 3, TxID list: 1,2,3
2019-07-13 08:33:29,599 INFO  block.SCMBlockDeletingService (SCMBlockDeletingService.java:call(182)) - Totally added 3 delete blocks command for 1 datanodes, task elapsed time: 2ms
2019-07-13 08:33:29,654 INFO  commands.RetriableDatanodeEventWatcher (RetriableDatanodeEventWatcher.java:onTimeout(47)) - RetriableDatanodeCommand type=deleteBlocksCommand with id=1563006805845 timed out. Retrying.
2019-07-13 08:33:29,668 INFO  commands.RetriableDatanodeEventWatcher (RetriableDatanodeEventWatcher.java:onTimeout(47)) - RetriableDatanodeCommand type=deleteBlocksCommand with id=1563006805855 timed out. Retrying.
2019-07-13 08:33:29,685 INFO  commands.RetriableDatanodeEventWatcher (RetriableDatanodeEventWatcher.java:onTimeout(47)) - RetriableDatanodeCommand type=deleteBlocksCommand with id=1563006805865 timed out. Retrying.
2019-07-13 08:33:29,699 DEBUG block.SCMBlockDeletingService (SCMBlockDeletingService.java:call(138)) - Running DeletedBlockTransactionScanner
2019-07-13 08:33:29,700 DEBUG block.SCMBlockDeletingService (SCMBlockDeletingService.java:call(155)) - Scanned deleted blocks log and got 3 delTX to process.
2019-07-13 08:33:29,700 DEBUG block.SCMBlockDeletingService (SCMBlockDeletingService.java:call(171)) - Added delete block command for datanode 912a7d3b-e3f1-4985-b06b-5f0a929b8060 in the queue, number of delete block transactions: 3, TxID list: 1,2,3
2019-07-13 08:33:29,701 INFO  block.SCMBlockDeletingService (SCMBlockDeletingService.java:call(182)) - Totally added 3 delete blocks command for 1 datanodes, task elapsed time: 1ms
2019-07-13 08:33:29,755 INFO  commands.RetriableDatanodeEventWatcher (RetriableDatanodeEventWatcher.java:onTimeout(47)) - RetriableDatanodeCommand type=deleteBlocksCommand with id=1563006805846 timed out. Retrying.
2019-07-13 08:33:29,772 INFO  commands.RetriableDatanodeEventWatcher (RetriableDatanodeEventWatcher.java:onTimeout(47)) - RetriableDatanodeCommand type=deleteBlocksCommand with id=1563006805856 timed out. Retrying.
2019-07-13 08:33:29,787 INFO  commands.RetriableDatanodeEventWatcher (RetriableDatanodeEventWatcher.java:onTimeout(47)) - RetriableDatanodeCommand type=deleteBlocksCommand with id=1563006805866 timed out. Retrying.
2019-07-13 08:33:29,801 DEBUG block.SCMBlockDeletingService (SCMBlockDeletingService.java:call(138)) - Running DeletedBlockTransactionScanner
2019-07-13 08:33:29,801 DEBUG block.SCMBlockDeletingService (SCMBlockDeletingService.java:call(155)) - Scanned deleted blocks log and got 3 delTX to process.
2019-07-13 08:33:29,802 DEBUG block.SCMBlockDeletingService (SCMBlockDeletingService.java:call(171)) - Added delete block command for datanode 912a7d3b-e3f1-4985-b06b-5f0a929b8060 in the queue, number of delete block transactions: 3, TxID list: 1,2,3
2019-07-13 08:33:29,802 INFO  block.SCMBlockDeletingService (SCMBlockDeletingService.java:call(182)) - Totally added 3 delete blocks command for 1 datanodes, task elapsed time: 1ms
2019-07-13 08:33:29,844 INFO  commands.RetriableDatanodeEventWatcher (RetriableDatanodeEventWatcher.java:onTimeout(47)) - RetriableDatanodeCommand type=deleteBlocksCommand with id=1563006805837 timed out. Retrying.
2019-07-13 08:33:29,857 INFO  commands.RetriableDatanodeEventWatcher (RetriableDatanodeEventWatcher.java:onTimeout(47)) - RetriableDatanodeCommand type=deleteBlocksCommand with id=1563006805847 timed out. Retrying.
2019-07-13 08:33:29,873 INFO  commands.RetriableDatanodeEventWatcher (RetriableDatanodeEventWatcher.java:onTimeout(47)) - RetriableDatanodeCommand type=deleteBlocksCommand with id=1563006805857 timed out. Retrying.
2019-07-13 08:33:29,889 INFO  commands.RetriableDatanodeEventWatcher (RetriableDatanodeEventWatcher.java:onTimeout(47)) - RetriableDatanodeCommand type=deleteBlocksCommand with id=1563006805867 timed out. Retrying.
2019-07-13 08:33:29,902 DEBUG block.SCMBlockDeletingService (SCMBlockDeletingService.java:call(138)) - Running DeletedBlockTransactionScanner
2019-07-13 08:33:29,903 DEBUG block.SCMBlockDeletingService (SCMBlockDeletingService.java:call(155)) - Scanned deleted blocks log and got 3 delTX to process.
2019-07-13 08:33:29,903 DEBUG block.SCMBlockDeletingService (SCMBlockDeletingService.java:call(171)) - Added delete block command for datanode 912a7d3b-e3f1-4985-b06b-5f0a929b8060 in the queue, number of delete block transactions: 3, TxID list: 1,2,3
2019-07-13 08:33:29,904 INFO  block.SCMBlockDeletingService (SCMBlockDeletingService.java:call(182)) - Totally added 3 delete blocks command for 1 datanodes, task elapsed time: 1ms
2019-07-13 08:33:29,943 INFO  commands.RetriableDatanodeEventWatcher (RetriableDatanodeEventWatcher.java:onTimeout(47)) - RetriableDatanodeCommand type=deleteBlocksCommand with id=1563006805838 timed out. Retrying.
2019-07-13 08:33:29,960 INFO  commands.RetriableDatanodeEventWatcher (RetriableDatanodeEventWatcher.java:onTimeout(47)) - RetriableDatanodeCommand type=deleteBlocksCommand with id=1563006805848 timed out. Retrying.
2019-07-13 08:33:29,974 INFO  commands.RetriableDatanodeEventWatcher (RetriableDatanodeEventWatcher.java:onTimeout(47)) - RetriableDatanodeCommand type=deleteBlocksCommand with id=1563006805858 timed out. Retrying.
2019-07-13 08:33:29,989 INFO  commands.RetriableDatanodeEventWatcher (RetriableDatanodeEventWatcher.java:onTimeout(47)) - RetriableDatanodeCommand type=deleteBlocksCommand with id=1563006805868 timed out. Retrying.
2019-07-13 08:33:30,004 DEBUG block.SCMBlockDeletingService (SCMBlockDeletingService.java:call(138)) - Running DeletedBlockTransactionScanner
2019-07-13 08:33:30,004 DEBUG block.SCMBlockDeletingService (SCMBlockDeletingService.java:call(155)) - Scanned deleted blocks log and got 3 delTX to process.
2019-07-13 08:33:30,005 DEBUG block.SCMBlockDeletingService (SCMBlockDeletingService.java:call(171)) - Added delete block command for datanode 912a7d3b-e3f1-4985-b06b-5f0a929b8060 in the queue, number of delete block transactions: 3, TxID list: 1,2,3
2019-07-13 08:33:30,005 INFO  block.SCMBlockDeletingService (SCMBlockDeletingService.java:call(182)) - Totally added 3 delete blocks command for 1 datanodes, task elapsed time: 1ms
2019-07-13 08:33:30,046 INFO  commands.RetriableDatanodeEventWatcher (RetriableDatanodeEventWatcher.java:onTimeout(47)) - RetriableDatanodeCommand type=deleteBlocksCommand with id=1563006805839 timed out. Retrying.
2019-07-13 08:33:30,061 INFO  commands.RetriableDatanodeEventWatcher (RetriableDatanodeEventWatcher.java:onTimeout(47)) - RetriableDatanodeCommand type=deleteBlocksCommand with id=1563006805849 timed out. Retrying.
2019-07-13 08:33:30,077 INFO  commands.RetriableDatanodeEventWatcher (RetriableDatanodeEventWatcher.java:onTimeout(47)) - RetriableDatanodeCommand type=deleteBlocksCommand with id=1563006805859 timed out. Retrying.
2019-07-13 08:33:30,092 INFO  commands.RetriableDatanodeEventWatcher (RetriableDatanodeEventWatcher.java:onTimeout(47)) - RetriableDatanodeCommand type=deleteBlocksCommand with id=1563006805869 timed out. Retrying.
2019-07-13 08:33:30,105 DEBUG block.SCMBlockDeletingService (SCMBlockDeletingService.java:call(138)) - Running DeletedBlockTransactionScanner
2019-07-13 08:33:30,106 DEBUG block.SCMBlockDeletingService (SCMBlockDeletingService.java:call(155)) - Scanned deleted blocks log and got 3 delTX to process.
2019-07-13 08:33:30,106 DEBUG block.SCMBlockDeletingService (SCMBlockDeletingService.java:call(171)) - Added delete block command for datanode 912a7d3b-e3f1-4985-b06b-5f0a929b8060 in the queue, number of delete block transactions: 3, TxID list: 1,2,3
2019-07-13 08:33:30,107 INFO  block.SCMBlockDeletingService (SCMBlockDeletingService.java:call(182)) - Totally added 3 delete blocks command for 1 datanodes, task elapsed time: 1ms
2019-07-13 08:33:30,148 INFO  commands.RetriableDatanodeEventWatcher (RetriableDatanodeEventWatcher.java:onTimeout(47)) - RetriableDatanodeCommand type=deleteBlocksCommand with id=1563006805840 timed out. Retrying.
2019-07-13 08:33:30,163 INFO  commands.RetriableDatanodeEventWatcher (RetriableDatanodeEventWatcher.java:onTimeout(47)) - RetriableDatanodeCommand type=deleteBlocksCommand with id=1563006805850 timed out. Retrying.
2019-07-13 08:33:30,178 INFO  commands.RetriableDatanodeEventWatcher (RetriableDatanodeEventWatcher.java:onTimeout(47)) - RetriableDatanodeCommand type=deleteBlocksCommand with id=1563006805860 timed out. Retrying.
2019-07-13 08:33:30,192 INFO  commands.RetriableDatanodeEventWatcher (RetriableDatanodeEventWatcher.java:onTimeout(47)) - RetriableDatanodeCommand type=deleteBlocksCommand with id=1563006805870 timed out. Retrying.
2019-07-13 08:33:30,207 DEBUG block.SCMBlockDeletingService (SCMBlockDeletingService.java:call(138)) - Running DeletedBlockTransactionScanner
2019-07-13 08:33:30,207 DEBUG block.SCMBlockDeletingService (SCMBlockDeletingService.java:call(155)) - Scanned deleted blocks log and got 3 delTX to process.
2019-07-13 08:33:30,208 DEBUG block.SCMBlockDeletingService (SCMBlockDeletingService.java:call(171)) - Added delete block command for datanode 912a7d3b-e3f1-4985-b06b-5f0a929b8060 in the queue, number of delete block transactions: 3, TxID list: 1,2,3
2019-07-13 08:33:30,208 INFO  block.SCMBlockDeletingService (SCMBlockDeletingService.java:call(182)) - Totally added 3 delete blocks command for 1 datanodes, task elapsed time: 1ms
2019-07-13 08:33:30,248 INFO  commands.RetriableDatanodeEventWatcher (RetriableDatanodeEventWatcher.java:onTimeout(47)) - RetriableDatanodeCommand type=deleteBlocksCommand with id=1563006805841 timed out. Retrying.
2019-07-13 08:33:30,264 INFO  commands.RetriableDatanodeEventWatcher (RetriableDatanodeEventWatcher.java:onTimeout(47)) - RetriableDatanodeCommand type=deleteBlocksCommand with id=1563006805851 timed out. Retrying.
2019-07-13 08:33:30,279 INFO  commands.RetriableDatanodeEventWatcher (RetriableDatanodeEventWatcher.java:onTimeout(47)) - RetriableDatanodeCommand type=deleteBlocksCommand with id=1563006805861 timed out. Retrying.
2019-07-13 08:33:30,295 INFO  commands.RetriableDatanodeEventWatcher (RetriableDatanodeEventWatcher.java:onTimeout(47)) - RetriableDatanodeCommand type=deleteBlocksCommand with id=1563006805871 timed out. Retrying.
2019-07-13 08:33:30,308 DEBUG block.SCMBlockDeletingService (SCMBlockDeletingService.java:call(138)) - Running DeletedBlockTransactionScanner
2019-07-13 08:33:30,309 DEBUG block.SCMBlockDeletingService (SCMBlockDeletingService.java:call(155)) - Scanned deleted blocks log and got 3 delTX to process.
2019-07-13 08:33:30,309 DEBUG block.SCMBlockDeletingService (SCMBlockDeletingService.java:call(171)) - Added delete block command for datanode 912a7d3b-e3f1-4985-b06b-5f0a929b8060 in the queue, number of delete block transactions: 3, TxID list: 1,2,3
2019-07-13 08:33:30,309 INFO  block.SCMBlockDeletingService (SCMBlockDeletingService.java:call(182)) - Totally added 3 delete blocks command for 1 datanodes, task elapsed time: 1ms
2019-07-13 08:33:30,350 INFO  commands.RetriableDatanodeEventWatcher (RetriableDatanodeEventWatcher.java:onTimeout(47)) - RetriableDatanodeCommand type=deleteBlocksCommand with id=1563006805842 timed out. Retrying.
2019-07-13 08:33:30,366 INFO  commands.RetriableDatanodeEventWatcher (RetriableDatanodeEventWatcher.java:onTimeout(47)) - RetriableDatanodeCommand type=deleteBlocksCommand with id=1563006805852 timed out. Retrying.
2019-07-13 08:33:30,381 INFO  commands.RetriableDatanodeEventWatcher (RetriableDatanodeEventWatcher.java:onTimeout(47)) - RetriableDatanodeCommand type=deleteBlocksCommand with id=1563006805862 timed out. Retrying.
2019-07-13 08:33:30,395 INFO  commands.RetriableDatanodeEventWatcher (RetriableDatanodeEventWatcher.java:onTimeout(47)) - RetriableDatanodeCommand type=deleteBlocksCommand with id=1563006805872 timed out. Retrying.
2019-07-13 08:33:30,410 DEBUG block.SCMBlockDeletingService (SCMBlockDeletingService.java:call(138)) - Running DeletedBlockTransactionScanner
2019-07-13 08:33:30,410 DEBUG block.SCMBlockDeletingService (SCMBlockDeletingService.java:call(155)) - Scanned deleted blocks log and got 3 delTX to process.
2019-07-13 08:33:30,410 DEBUG block.SCMBlockDeletingService (SCMBlockDeletingService.java:call(171)) - Added delete block command for datanode 912a7d3b-e3f1-4985-b06b-5f0a929b8060 in the queue, number of delete block transactions: 3, TxID list: 1,2,3
2019-07-13 08:33:30,411 INFO  block.SCMBlockDeletingService (SCMBlockDeletingService.java:call(182)) - Totally added 3 delete blocks command for 1 datanodes, task elapsed time: 1ms
2019-07-13 08:33:30,452 INFO  commands.RetriableDatanodeEventWatcher (RetriableDatanodeEventWatcher.java:onTimeout(47)) - RetriableDatanodeCommand type=deleteBlocksCommand with id=1563006805843 timed out. Retrying.
2019-07-13 08:33:30,465 INFO  commands.RetriableDatanodeEventWatcher (RetriableDatanodeEventWatcher.java:onTimeout(47)) - RetriableDatanodeCommand type=deleteBlocksCommand with id=1563006805853 timed out. Retrying.
2019-07-13 08:33:30,483 INFO  commands.RetriableDatanodeEventWatcher (RetriableDatanodeEventWatcher.java:onTimeout(47)) - RetriableDatanodeCommand type=deleteBlocksCommand with id=1563006805863 timed out. Retrying.
2019-07-13 08:33:30,497 INFO  commands.RetriableDatanodeEventWatcher (RetriableDatanodeEventWatcher.java:onTimeout(47)) - RetriableDatanodeCommand type=deleteBlocksCommand with id=1563006805873 timed out. Retrying.
2019-07-13 08:33:30,511 DEBUG block.SCMBlockDeletingService (SCMBlockDeletingService.java:call(138)) - Running DeletedBlockTransactionScanner
2019-07-13 08:33:30,511 DEBUG block.SCMBlockDeletingService (SCMBlockDeletingService.java:call(155)) - Scanned deleted blocks log and got 3 delTX to process.
2019-07-13 08:33:30,512 DEBUG block.SCMBlockDeletingService (SCMBlockDeletingService.java:call(171)) - Added delete block command for datanode 912a7d3b-e3f1-4985-b06b-5f0a929b8060 in the queue, number of delete block transactions: 3, TxID list: 1,2,3
2019-07-13 08:33:30,512 INFO  block.SCMBlockDeletingService (SCMBlockDeletingService.java:call(182)) - Totally added 3 delete blocks command for 1 datanodes, task elapsed time: 1ms
2019-07-13 08:33:30,553 INFO  commands.RetriableDatanodeEventWatcher (RetriableDatanodeEventWatcher.java:onTimeout(47)) - RetriableDatanodeCommand type=deleteBlocksCommand with id=1563006805844 timed out. Retrying.
2019-07-13 08:33:30,570 INFO  commands.RetriableDatanodeEventWatcher (RetriableDatanodeEventWatcher.java:onTimeout(47)) - RetriableDatanodeCommand type=deleteBlocksCommand with id=1563006805854 timed out. Retrying.
2019-07-13 08:33:30,583 INFO  commands.RetriableDatanodeEventWatcher (RetriableDatanodeEventWatcher.java:onTimeout(47)) - RetriableDatanodeCommand type=deleteBlocksCommand with id=1563006805864 timed out. Retrying.
2019-07-13 08:33:30,599 INFO  commands.RetriableDatanodeEventWatcher (RetriableDatanodeEventWatcher.java:onTimeout(47)) - RetriableDatanodeCommand type=deleteBlocksCommand with id=1563006805874 timed out. Retrying.
2019-07-13 08:33:30,612 DEBUG block.SCMBlockDeletingService (SCMBlockDeletingService.java:call(138)) - Running DeletedBlockTransactionScanner
2019-07-13 08:33:30,613 DEBUG block.SCMBlockDeletingService (SCMBlockDeletingService.java:call(155)) - Scanned deleted blocks log and got 3 delTX to process.
2019-07-13 08:33:30,613 DEBUG block.SCMBlockDeletingService (SCMBlockDeletingService.java:call(171)) - Added delete block command for datanode 912a7d3b-e3f1-4985-b06b-5f0a929b8060 in the queue, number of delete block transactions: 3, TxID list: 1,2,3
2019-07-13 08:33:30,613 INFO  block.SCMBlockDeletingService (SCMBlockDeletingService.java:call(182)) - Totally added 3 delete blocks command for 1 datanodes, task elapsed time: 1ms
2019-07-13 08:33:30,655 INFO  commands.RetriableDatanodeEventWatcher (RetriableDatanodeEventWatcher.java:onTimeout(47)) - RetriableDatanodeCommand type=deleteBlocksCommand with id=1563006805845 timed out. Retrying.
2019-07-13 08:33:30,668 INFO  commands.RetriableDatanodeEventWatcher (RetriableDatanodeEventWatcher.java:onTimeout(47)) - RetriableDatanodeCommand type=deleteBlocksCommand with id=1563006805855 timed out. Retrying.
2019-07-13 08:33:30,686 INFO  commands.RetriableDatanodeEventWatcher (RetriableDatanodeEventWatcher.java:onTimeout(47)) - RetriableDatanodeCommand type=deleteBlocksCommand with id=1563006805865 timed out. Retrying.
2019-07-13 08:33:30,700 INFO  commands.RetriableDatanodeEventWatcher (RetriableDatanodeEventWatcher.java:onTimeout(47)) - RetriableDatanodeCommand type=deleteBlocksCommand with id=1563006805875 timed out. Retrying.
2019-07-13 08:33:30,714 DEBUG block.SCMBlockDeletingService (SCMBlockDeletingService.java:call(138)) - Running DeletedBlockTransactionScanner
2019-07-13 08:33:30,714 DEBUG block.SCMBlockDeletingService (SCMBlockDeletingService.java:call(155)) - Scanned deleted blocks log and got 3 delTX to process.
2019-07-13 08:33:30,715 DEBUG block.SCMBlockDeletingService (SCMBlockDeletingService.java:call(171)) - Added delete block command for datanode 912a7d3b-e3f1-4985-b06b-5f0a929b8060 in the queue, number of delete block transactions: 3, TxID list: 1,2,3
2019-07-13 08:33:30,715 INFO  block.SCMBlockDeletingService (SCMBlockDeletingService.java:call(182)) - Totally added 3 delete blocks command for 1 datanodes, task elapsed time: 2ms
2019-07-13 08:33:30,755 INFO  commands.RetriableDatanodeEventWatcher (RetriableDatanodeEventWatcher.java:onTimeout(47)) - RetriableDatanodeCommand type=deleteBlocksCommand with id=1563006805846 timed out. Retrying.
2019-07-13 08:33:30,773 INFO  commands.RetriableDatanodeEventWatcher (RetriableDatanodeEventWatcher.java:onTimeout(47)) - RetriableDatanodeCommand type=deleteBlocksCommand with id=1563006805856 timed out. Retrying.
2019-07-13 08:33:30,787 INFO  commands.RetriableDatanodeEventWatcher (RetriableDatanodeEventWatcher.java:onTimeout(47)) - RetriableDatanodeCommand type=deleteBlocksCommand with id=1563006805866 timed out. Retrying.
2019-07-13 08:33:30,792 INFO  ozoneimpl.OzoneContainer (OzoneContainer.java:stop(199)) - Attempting to stop container services.
2019-07-13 08:33:30,795 INFO  impl.RaftServerProxy (RaftServerProxy.java:lambda$close$4(314)) - 912a7d3b-e3f1-4985-b06b-5f0a929b8060: close
2019-07-13 08:33:30,797 INFO  impl.RaftServerImpl (RaftServerImpl.java:lambda$shutdown$3(245)) - 912a7d3b-e3f1-4985-b06b-5f0a929b8060: shutdown group-3636E5E7603C
2019-07-13 08:33:30,798 INFO  util.JmxRegister (JmxRegister.java:unregister(73)) - Successfully un-registered JMX Bean with object name Ratis:service=RaftServer,group=group-3636E5E7603C,id=912a7d3b-e3f1-4985-b06b-5f0a929b8060
2019-07-13 08:33:30,799 INFO  impl.RoleInfo (RoleInfo.java:shutdownLeaderState(104)) - 912a7d3b-e3f1-4985-b06b-5f0a929b8060: shutdown LeaderState
2019-07-13 08:33:30,800 INFO  impl.PendingRequests (PendingRequests.java:sendNotLeaderResponses(202)) - 912a7d3b-e3f1-4985-b06b-5f0a929b8060-PendingRequests: sendNotLeaderResponses
2019-07-13 08:33:30,802 INFO  commands.RetriableDatanodeEventWatcher (RetriableDatanodeEventWatcher.java:onTimeout(47)) - RetriableDatanodeCommand type=deleteBlocksCommand with id=1563006805876 timed out. Retrying.
2019-07-13 08:33:30,807 INFO  impl.StateMachineUpdater (StateMachineUpdater.java:stopAndJoin(115)) - StateMachineUpdater:912a7d3b-e3f1-4985-b06b-5f0a929b8060:group-3636E5E7603C: set stopIndex = 6238
2019-07-13 08:33:30,807 INFO  ratis.ContainerStateMachine (ContainerStateMachine.java:takeSnapshot(246)) - Taking snapshot at termIndex:(t:1, i:6238)
2019-07-13 08:33:30,809 INFO  ratis.ContainerStateMachine (ContainerStateMachine.java:takeSnapshot(250)) - Taking a snapshot to file /tmp/workdir/hadoop-ozone/integration-test/target/test-dir/MiniOzoneClusterImpl-fcf0d58b-7225-411a-ad54-b01eec0cccf5/datanode-0/data/ratis/79064fed-927d-47b0-99ab-3636e5e7603c/sm/snapshot.1_6238
2019-07-13 08:33:30,816 DEBUG block.SCMBlockDeletingService (SCMBlockDeletingService.java:call(138)) - Running DeletedBlockTransactionScanner
2019-07-13 08:33:30,816 DEBUG block.SCMBlockDeletingService (SCMBlockDeletingService.java:call(155)) - Scanned deleted blocks log and got 3 delTX to process.
2019-07-13 08:33:30,816 DEBUG block.SCMBlockDeletingService (SCMBlockDeletingService.java:call(171)) - Added delete block command for datanode 912a7d3b-e3f1-4985-b06b-5f0a929b8060 in the queue, number of delete block transactions: 3, TxID list: 1,2,3
2019-07-13 08:33:30,822 INFO  block.SCMBlockDeletingService (SCMBlockDeletingService.java:call(182)) - Totally added 3 delete blocks command for 1 datanodes, task elapsed time: 7ms
2019-07-13 08:33:30,828 INFO  impl.StateMachineUpdater (StateMachineUpdater.java:takeSnapshot(242)) - StateMachineUpdater:912a7d3b-e3f1-4985-b06b-5f0a929b8060:group-3636E5E7603C: Took a snapshot at index 6238
2019-07-13 08:33:30,829 INFO  impl.StateMachineUpdater (StateMachineUpdater.java:lambda$new$0(80)) - StateMachineUpdater:912a7d3b-e3f1-4985-b06b-5f0a929b8060:group-3636E5E7603C: snapshotIndex: updateIncreasingly -1 -> 6238
2019-07-13 08:33:30,836 INFO  impl.RaftServerImpl (ServerState.java:close(394)) - 912a7d3b-e3f1-4985-b06b-5f0a929b8060:group-3636E5E7603C closes. The last applied log index is 6238
2019-07-13 08:33:30,840 INFO  segmented.SegmentedRaftLogWorker (SegmentedRaftLogWorker.java:run(313)) - 912a7d3b-e3f1-4985-b06b-5f0a929b8060-SegmentedRaftLogWorker:Storage Directory /tmp/workdir/hadoop-ozone/integration-test/target/test-dir/MiniOzoneClusterImpl-fcf0d58b-7225-411a-ad54-b01eec0cccf5/datanode-0/data/ratis/79064fed-927d-47b0-99ab-3636e5e7603c was interrupted, exiting. There are 0 tasks remaining in the queue.
2019-07-13 08:33:30,841 INFO  segmented.SegmentedRaftLogWorker (SegmentedRaftLogWorker.java:close(228)) - 912a7d3b-e3f1-4985-b06b-5f0a929b8060-SegmentedRaftLogWorker:Storage Directory /tmp/workdir/hadoop-ozone/integration-test/target/test-dir/MiniOzoneClusterImpl-fcf0d58b-7225-411a-ad54-b01eec0cccf5/datanode-0/data/ratis/79064fed-927d-47b0-99ab-3636e5e7603c close()
2019-07-13 08:33:30,843 INFO  server.GrpcService (GrpcService.java:closeImpl(155)) - 912a7d3b-e3f1-4985-b06b-5f0a929b8060: shutdown server with port 41276 now
2019-07-13 08:33:30,845 INFO  commands.RetriableDatanodeEventWatcher (RetriableDatanodeEventWatcher.java:onTimeout(47)) - RetriableDatanodeCommand type=deleteBlocksCommand with id=1563006805837 timed out. Retrying.
2019-07-13 08:33:30,847 INFO  server.GrpcService (GrpcService.java:closeImpl(163)) - 912a7d3b-e3f1-4985-b06b-5f0a929b8060: shutdown server with port 41276 successfully
2019-07-13 08:33:30,856 INFO  utils.BackgroundService (BackgroundService.java:shutdown(148)) - Shutting down service BlockDeletingService
2019-07-13 08:33:30,857 INFO  commands.RetriableDatanodeEventWatcher (RetriableDatanodeEventWatcher.java:onTimeout(47)) - RetriableDatanodeCommand type=deleteBlocksCommand with id=1563006805847 timed out. Retrying.
2019-07-13 08:33:30,859 WARN  fs.CachingGetSpaceUsed (CachingGetSpaceUsed.java:run(183)) - Thread Interrupted waiting to refresh disk information: sleep interrupted
2019-07-13 08:33:30,874 INFO  commands.RetriableDatanodeEventWatcher (RetriableDatanodeEventWatcher.java:onTimeout(47)) - RetriableDatanodeCommand type=deleteBlocksCommand with id=1563006805857 timed out. Retrying.
2019-07-13 08:33:30,880 INFO  statemachine.DatanodeStateMachine (DatanodeStateMachine.java:stopDaemon(395)) - Ozone container server stopped.
2019-07-13 08:33:30,887 INFO  handler.ContextHandler (ContextHandler.java:doStop(910)) - Stopped o.e.j.w.WebAppContext@f91da5e{/,null,UNAVAILABLE}{/hddsDatanode}
2019-07-13 08:33:30,889 INFO  commands.RetriableDatanodeEventWatcher (RetriableDatanodeEventWatcher.java:onTimeout(47)) - RetriableDatanodeCommand type=deleteBlocksCommand with id=1563006805867 timed out. Retrying.
2019-07-13 08:33:30,894 INFO  server.AbstractConnector (AbstractConnector.java:doStop(318)) - Stopped ServerConnector@eca6a74{HTTP/1.1,[http/1.1]}{0.0.0.0:0}
2019-07-13 08:33:30,894 INFO  handler.ContextHandler (ContextHandler.java:doStop(910)) - Stopped o.e.j.s.ServletContextHandler@10c07b8d{/static,jar:file:/home/user/.m2/repository/org/apache/hadoop/hadoop-hdds-container-service/0.5.0-SNAPSHOT/hadoop-hdds-container-service-0.5.0-SNAPSHOT.jar!/webapps/static,UNAVAILABLE}
2019-07-13 08:33:30,895 INFO  handler.ContextHandler (ContextHandler.java:doStop(910)) - Stopped o.e.j.s.ServletContextHandler@6cd5122d{/logs,file:///tmp/workdir/hadoop-ozone/integration-test/target/log,UNAVAILABLE}
2019-07-13 08:33:30,904 INFO  commands.RetriableDatanodeEventWatcher (RetriableDatanodeEventWatcher.java:onTimeout(47)) - RetriableDatanodeCommand type=deleteBlocksCommand with id=1563006805877 timed out. Retrying.
2019-07-13 08:33:30,922 DEBUG block.SCMBlockDeletingService (SCMBlockDeletingService.java:call(138)) - Running DeletedBlockTransactionScanner
2019-07-13 08:33:30,923 DEBUG block.SCMBlockDeletingService (SCMBlockDeletingService.java:call(155)) - Scanned deleted blocks log and got 3 delTX to process.
2019-07-13 08:33:30,923 DEBUG block.SCMBlockDeletingService (SCMBlockDeletingService.java:call(171)) - Added delete block command for datanode 912a7d3b-e3f1-4985-b06b-5f0a929b8060 in the queue, number of delete block transactions: 3, TxID list: 1,2,3
2019-07-13 08:33:30,923 INFO  block.SCMBlockDeletingService (SCMBlockDeletingService.java:call(182)) - Totally added 3 delete blocks command for 1 datanodes, task elapsed time: 1ms
2019-07-13 08:33:30,942 INFO  commands.RetriableDatanodeEventWatcher (RetriableDatanodeEventWatcher.java:onTimeout(47)) - RetriableDatanodeCommand type=deleteBlocksCommand with id=1563006805838 timed out. Retrying.
2019-07-13 08:33:30,960 INFO  commands.RetriableDatanodeEventWatcher (RetriableDatanodeEventWatcher.java:onTimeout(47)) - RetriableDatanodeCommand type=deleteBlocksCommand with id=1563006805848 timed out. Retrying.
2019-07-13 08:33:30,974 INFO  commands.RetriableDatanodeEventWatcher (RetriableDatanodeEventWatcher.java:onTimeout(47)) - RetriableDatanodeCommand type=deleteBlocksCommand with id=1563006805858 timed out. Retrying.
2019-07-13 08:33:30,989 INFO  commands.RetriableDatanodeEventWatcher (RetriableDatanodeEventWatcher.java:onTimeout(47)) - RetriableDatanodeCommand type=deleteBlocksCommand with id=1563006805868 timed out. Retrying.
2019-07-13 08:33:31,005 INFO  commands.RetriableDatanodeEventWatcher (RetriableDatanodeEventWatcher.java:onTimeout(47)) - RetriableDatanodeCommand type=deleteBlocksCommand with id=1563006805878 timed out. Retrying.
2019-07-13 08:33:31,024 DEBUG block.SCMBlockDeletingService (SCMBlockDeletingService.java:call(138)) - Running DeletedBlockTransactionScanner
2019-07-13 08:33:31,024 DEBUG block.SCMBlockDeletingService (SCMBlockDeletingService.java:call(155)) - Scanned deleted blocks log and got 3 delTX to process.
2019-07-13 08:33:31,025 DEBUG block.SCMBlockDeletingService (SCMBlockDeletingService.java:call(171)) - Added delete block command for datanode 912a7d3b-e3f1-4985-b06b-5f0a929b8060 in the queue, number of delete block transactions: 3, TxID list: 1,2,3
2019-07-13 08:33:31,025 INFO  block.SCMBlockDeletingService (SCMBlockDeletingService.java:call(182)) - Totally added 3 delete blocks command for 1 datanodes, task elapsed time: 1ms
2019-07-13 08:33:31,047 INFO  commands.RetriableDatanodeEventWatcher (RetriableDatanodeEventWatcher.java:onTimeout(47)) - RetriableDatanodeCommand type=deleteBlocksCommand with id=1563006805839 timed out. Retrying.
2019-07-13 08:33:31,061 INFO  commands.RetriableDatanodeEventWatcher (RetriableDatanodeEventWatcher.java:onTimeout(47)) - RetriableDatanodeCommand type=deleteBlocksCommand with id=1563006805849 timed out. Retrying.
2019-07-13 08:33:31,077 INFO  commands.RetriableDatanodeEventWatcher (RetriableDatanodeEventWatcher.java:onTimeout(47)) - RetriableDatanodeCommand type=deleteBlocksCommand with id=1563006805859 timed out. Retrying.
2019-07-13 08:33:31,093 INFO  commands.RetriableDatanodeEventWatcher (RetriableDatanodeEventWatcher.java:onTimeout(47)) - RetriableDatanodeCommand type=deleteBlocksCommand with id=1563006805869 timed out. Retrying.
2019-07-13 08:33:31,106 INFO  commands.RetriableDatanodeEventWatcher (RetriableDatanodeEventWatcher.java:onTimeout(47)) - RetriableDatanodeCommand type=deleteBlocksCommand with id=1563006805879 timed out. Retrying.
2019-07-13 08:33:31,125 DEBUG block.SCMBlockDeletingService (SCMBlockDeletingService.java:call(138)) - Running DeletedBlockTransactionScanner
2019-07-13 08:33:31,126 DEBUG block.SCMBlockDeletingService (SCMBlockDeletingService.java:call(155)) - Scanned deleted blocks log and got 3 delTX to process.
2019-07-13 08:33:31,126 DEBUG block.SCMBlockDeletingService (SCMBlockDeletingService.java:call(171)) - Added delete block command for datanode 912a7d3b-e3f1-4985-b06b-5f0a929b8060 in the queue, number of delete block transactions: 3, TxID list: 1,2,3
2019-07-13 08:33:31,127 INFO  block.SCMBlockDeletingService (SCMBlockDeletingService.java:call(182)) - Totally added 3 delete blocks command for 1 datanodes, task elapsed time: 1ms
2019-07-13 08:33:31,148 INFO  commands.RetriableDatanodeEventWatcher (RetriableDatanodeEventWatcher.java:onTimeout(47)) - RetriableDatanodeCommand type=deleteBlocksCommand with id=1563006805840 timed out. Retrying.
2019-07-13 08:33:31,163 INFO  commands.RetriableDatanodeEventWatcher (RetriableDatanodeEventWatcher.java:onTimeout(47)) - RetriableDatanodeCommand type=deleteBlocksCommand with id=1563006805850 timed out. Retrying.
2019-07-13 08:33:31,179 INFO  commands.RetriableDatanodeEventWatcher (RetriableDatanodeEventWatcher.java:onTimeout(47)) - RetriableDatanodeCommand type=deleteBlocksCommand with id=1563006805860 timed out. Retrying.
2019-07-13 08:33:31,192 INFO  commands.RetriableDatanodeEventWatcher (RetriableDatanodeEventWatcher.java:onTimeout(47)) - RetriableDatanodeCommand type=deleteBlocksCommand with id=1563006805870 timed out. Retrying.
2019-07-13 08:33:31,208 INFO  commands.RetriableDatanodeEventWatcher (RetriableDatanodeEventWatcher.java:onTimeout(47)) - RetriableDatanodeCommand type=deleteBlocksCommand with id=1563006805880 timed out. Retrying.
2019-07-13 08:33:31,227 DEBUG block.SCMBlockDeletingService (SCMBlockDeletingService.java:call(138)) - Running DeletedBlockTransactionScanner
2019-07-13 08:33:31,228 DEBUG block.SCMBlockDeletingService (SCMBlockDeletingService.java:call(155)) - Scanned deleted blocks log and got 3 delTX to process.
2019-07-13 08:33:31,228 DEBUG block.SCMBlockDeletingService (SCMBlockDeletingService.java:call(171)) - Added delete block command for datanode 912a7d3b-e3f1-4985-b06b-5f0a929b8060 in the queue, number of delete block transactions: 3, TxID list: 1,2,3
2019-07-13 08:33:31,228 INFO  block.SCMBlockDeletingService (SCMBlockDeletingService.java:call(182)) - Totally added 3 delete blocks command for 1 datanodes, task elapsed time: 1ms
2019-07-13 08:33:31,249 INFO  commands.RetriableDatanodeEventWatcher (RetriableDatanodeEventWatcher.java:onTimeout(47)) - RetriableDatanodeCommand type=deleteBlocksCommand with id=1563006805841 timed out. Retrying.
2019-07-13 08:33:31,264 INFO  commands.RetriableDatanodeEventWatcher (RetriableDatanodeEventWatcher.java:onTimeout(47)) - RetriableDatanodeCommand type=deleteBlocksCommand with id=1563006805851 timed out. Retrying.
2019-07-13 08:33:31,279 INFO  commands.RetriableDatanodeEventWatcher (RetriableDatanodeEventWatcher.java:onTimeout(47)) - RetriableDatanodeCommand type=deleteBlocksCommand with id=1563006805861 timed out. Retrying.
2019-07-13 08:33:31,296 INFO  commands.RetriableDatanodeEventWatcher (RetriableDatanodeEventWatcher.java:onTimeout(47)) - RetriableDatanodeCommand type=deleteBlocksCommand with id=1563006805871 timed out. Retrying.
2019-07-13 08:33:31,310 INFO  commands.RetriableDatanodeEventWatcher (RetriableDatanodeEventWatcher.java:onTimeout(47)) - RetriableDatanodeCommand type=deleteBlocksCommand with id=1563006805881 timed out. Retrying.
2019-07-13 08:33:31,329 DEBUG block.SCMBlockDeletingService (SCMBlockDeletingService.java:call(138)) - Running DeletedBlockTransactionScanner
2019-07-13 08:33:31,329 DEBUG block.SCMBlockDeletingService (SCMBlockDeletingService.java:call(155)) - Scanned deleted blocks log and got 3 delTX to process.
2019-07-13 08:33:31,329 DEBUG block.SCMBlockDeletingService (SCMBlockDeletingService.java:call(171)) - Added delete block command for datanode 912a7d3b-e3f1-4985-b06b-5f0a929b8060 in the queue, number of delete block transactions: 3, TxID list: 1,2,3
2019-07-13 08:33:31,330 INFO  block.SCMBlockDeletingService (SCMBlockDeletingService.java:call(182)) - Totally added 3 delete blocks command for 1 datanodes, task elapsed time: 1ms
2019-07-13 08:33:31,351 INFO  commands.RetriableDatanodeEventWatcher (RetriableDatanodeEventWatcher.java:onTimeout(47)) - RetriableDatanodeCommand type=deleteBlocksCommand with id=1563006805842 timed out. Retrying.
2019-07-13 08:33:31,366 INFO  commands.RetriableDatanodeEventWatcher (RetriableDatanodeEventWatcher.java:onTimeout(47)) - RetriableDatanodeCommand type=deleteBlocksCommand with id=1563006805852 timed out. Retrying.
2019-07-13 08:33:31,382 INFO  commands.RetriableDatanodeEventWatcher (RetriableDatanodeEventWatcher.java:onTimeout(47)) - RetriableDatanodeCommand type=deleteBlocksCommand with id=1563006805862 timed out. Retrying.
2019-07-13 08:33:31,396 INFO  commands.RetriableDatanodeEventWatcher (RetriableDatanodeEventWatcher.java:onTimeout(47)) - RetriableDatanodeCommand type=deleteBlocksCommand with id=1563006805872 timed out. Retrying.
2019-07-13 08:33:31,398 INFO  ozone.MiniOzoneClusterImpl (MiniOzoneClusterImpl.java:lambda$waitForClusterToBeReady$0(142)) - Cluster is ready. Got 0 of 0 DN Heartbeats.
2019-07-13 08:33:31,403 INFO  impl.MetricsSystemImpl (MetricsSystemImpl.java:init(158)) - HddsDatanode metrics system started (again)
2019-07-13 08:33:31,410 INFO  commands.RetriableDatanodeEventWatcher (RetriableDatanodeEventWatcher.java:onTimeout(47)) - RetriableDatanodeCommand type=deleteBlocksCommand with id=1563006805882 timed out. Retrying.
2019-07-13 08:33:31,430 DEBUG block.SCMBlockDeletingService (SCMBlockDeletingService.java:call(138)) - Running DeletedBlockTransactionScanner
2019-07-13 08:33:31,431 DEBUG block.SCMBlockDeletingService (SCMBlockDeletingService.java:call(155)) - Scanned deleted blocks log and got 3 delTX to process.
2019-07-13 08:33:31,431 DEBUG block.SCMBlockDeletingService (SCMBlockDeletingService.java:call(171)) - Added delete block command for datanode 912a7d3b-e3f1-4985-b06b-5f0a929b8060 in the queue, number of delete block transactions: 3, TxID list: 1,2,3
2019-07-13 08:33:31,431 INFO  block.SCMBlockDeletingService (SCMBlockDeletingService.java:call(182)) - Totally added 3 delete blocks command for 1 datanodes, task elapsed time: 1ms
2019-07-13 08:33:31,452 INFO  commands.RetriableDatanodeEventWatcher (RetriableDatanodeEventWatcher.java:onTimeout(47)) - RetriableDatanodeCommand type=deleteBlocksCommand with id=1563006805843 timed out. Retrying.
2019-07-13 08:33:31,457 INFO  ozone.HddsDatanodeService (HddsDatanodeService.java:start(185)) - HddsDatanodeService host:trunk-nightly-hmp62-43275749 ip:192.168.69.96
2019-07-13 08:33:31,461 INFO  volume.VolumeUsage (VolumeUsage.java:loadScmUsed(144)) - Cached ScmUsed found for /tmp/workdir/hadoop-ozone/integration-test/target/test-dir/MiniOzoneClusterImpl-fcf0d58b-7225-411a-ad54-b01eec0cccf5/datanode-0/data/containers : 4096 
2019-07-13 08:33:31,462 INFO  volume.HddsVolume (HddsVolume.java:<init>(176)) - Creating Volume: /tmp/workdir/hadoop-ozone/integration-test/target/test-dir/MiniOzoneClusterImpl-fcf0d58b-7225-411a-ad54-b01eec0cccf5/datanode-0/data/containers/hdds of  storage type : DISK and capacity : 52710309888
2019-07-13 08:33:31,463 INFO  volume.VolumeSet (VolumeSet.java:initializeVolumeSet(170)) - Added Volume : /tmp/workdir/hadoop-ozone/integration-test/target/test-dir/MiniOzoneClusterImpl-fcf0d58b-7225-411a-ad54-b01eec0cccf5/datanode-0/data/containers/hdds to VolumeSet
2019-07-13 08:33:31,463 INFO  volume.ThrottledAsyncChecker (ThrottledAsyncChecker.java:schedule(140)) - Scheduling a check for org.apache.hadoop.ozone.container.common.volume.HddsVolume@5bc63e20
2019-07-13 08:33:31,464 INFO  volume.HddsVolumeChecker (HddsVolumeChecker.java:checkAllVolumes(203)) - Scheduled health check for volume org.apache.hadoop.ozone.container.common.volume.HddsVolume@5bc63e20
2019-07-13 08:33:31,466 INFO  commands.RetriableDatanodeEventWatcher (RetriableDatanodeEventWatcher.java:onTimeout(47)) - RetriableDatanodeCommand type=deleteBlocksCommand with id=1563006805853 timed out. Retrying.
2019-07-13 08:33:31,483 INFO  commands.RetriableDatanodeEventWatcher (RetriableDatanodeEventWatcher.java:onTimeout(47)) - RetriableDatanodeCommand type=deleteBlocksCommand with id=1563006805863 timed out. Retrying.
2019-07-13 08:33:31,498 INFO  commands.RetriableDatanodeEventWatcher (RetriableDatanodeEventWatcher.java:onTimeout(47)) - RetriableDatanodeCommand type=deleteBlocksCommand with id=1563006805873 timed out. Retrying.
2019-07-13 08:33:31,512 INFO  commands.RetriableDatanodeEventWatcher (RetriableDatanodeEventWatcher.java:onTimeout(47)) - RetriableDatanodeCommand type=deleteBlocksCommand with id=1563006805883 timed out. Retrying.
2019-07-13 08:33:31,532 DEBUG block.SCMBlockDeletingService (SCMBlockDeletingService.java:call(138)) - Running DeletedBlockTransactionScanner
2019-07-13 08:33:31,532 DEBUG block.SCMBlockDeletingService (SCMBlockDeletingService.java:call(155)) - Scanned deleted blocks log and got 3 delTX to process.
2019-07-13 08:33:31,533 DEBUG block.SCMBlockDeletingService (SCMBlockDeletingService.java:call(171)) - Added delete block command for datanode 912a7d3b-e3f1-4985-b06b-5f0a929b8060 in the queue, number of delete block transactions: 3, TxID list: 1,2,3
2019-07-13 08:33:31,533 INFO  block.SCMBlockDeletingService (SCMBlockDeletingService.java:call(182)) - Totally added 3 delete blocks command for 1 datanodes, task elapsed time: 2ms
2019-07-13 08:33:31,554 INFO  commands.RetriableDatanodeEventWatcher (RetriableDatanodeEventWatcher.java:onTimeout(47)) - RetriableDatanodeCommand type=deleteBlocksCommand with id=1563006805844 timed out. Retrying.
2019-07-13 08:33:31,570 INFO  commands.RetriableDatanodeEventWatcher (RetriableDatanodeEventWatcher.java:onTimeout(47)) - RetriableDatanodeCommand type=deleteBlocksCommand with id=1563006805854 timed out. Retrying.
2019-07-13 08:33:31,574 INFO  impl.RaftServerProxy (ConfUtils.java:logGet(43)) - raft.rpc.type = GRPC (default)
2019-07-13 08:33:31,575 INFO  grpc.GrpcFactory (GrpcFactory.java:checkPooledByteBufAllocatorUseCacheForAllThreads(45)) - PERFORMANCE WARNING: useCacheForAllThreads is true that may cause Netty to create a lot garbage objects and, as a result, trigger GC.
	It is recommended to disable useCacheForAllThreads by setting -Dorg.apache.ratis.thirdparty.io.netty.allocator.useCacheForAllThreads=false in command line.
2019-07-13 08:33:31,575 INFO  grpc.GrpcConfigKeys$Server (ConfUtils.java:logGet(43)) - raft.grpc.server.port = 41276 (custom)
2019-07-13 08:33:31,576 INFO  server.GrpcService (ConfUtils.java:logGet(43)) - raft.grpc.message.size.max = 33570816 (custom)
2019-07-13 08:33:31,576 INFO  server.RaftServerConfigKeys (ConfUtils.java:logGet(43)) - raft.server.log.appender.buffer.byte-limit = 33554432 (custom)
2019-07-13 08:33:31,576 INFO  server.GrpcService (ConfUtils.java:logGet(43)) - raft.grpc.flow.control.window = 1MB (=1048576) (default)
2019-07-13 08:33:31,577 INFO  server.RaftServerConfigKeys (ConfUtils.java:logGet(43)) - raft.server.rpc.request.timeout = 3000ms (default)
2019-07-13 08:33:31,578 INFO  server.RaftServerConfigKeys (ConfUtils.java:logGet(43)) - raft.server.storage.dir = [/tmp/workdir/hadoop-ozone/integration-test/target/test-dir/MiniOzoneClusterImpl-fcf0d58b-7225-411a-ad54-b01eec0cccf5/datanode-0/data/ratis] (custom)
2019-07-13 08:33:31,579 INFO  impl.RaftServerProxy (RaftServerProxy.java:lambda$null$0(191)) - 912a7d3b-e3f1-4985-b06b-5f0a929b8060: found a subdirectory /tmp/workdir/hadoop-ozone/integration-test/target/test-dir/MiniOzoneClusterImpl-fcf0d58b-7225-411a-ad54-b01eec0cccf5/datanode-0/data/ratis/79064fed-927d-47b0-99ab-3636e5e7603c
2019-07-13 08:33:31,580 INFO  impl.RaftServerProxy (RaftServerProxy.java:addNew(89)) - 912a7d3b-e3f1-4985-b06b-5f0a929b8060: addNew group-3636E5E7603C:[] returns group-3636E5E7603C:java.util.concurrent.CompletableFuture@7a388990[Not completed]
2019-07-13 08:33:31,588 INFO  replication.SimpleContainerDownloader (RetriableDatanodeEventWatcher.java:onTimeout(47)) - RetriableDatanodeCommand type=deleteBlocksCommand with id=1563006805864 timed out. Retrying.
SimpleContainerDownloader.java:<init>(72)) - Starting container downloader service to copy containers to replicate.
2019-07-13 08:33:31,585 INFO  commands.RetriableDatanodeEventWatcher (RetriableDatanodeEventWatcher.java:onTimeout(47)) - RetriableDatanodeCommand type=deleteBlocksCommand with id=1563006805864 timed out. Retrying.
2019-07-13 08:33:31,605 INFO  commands.RetriableDatanodeEventWatcher (RetriableDatanodeEventWatcher.java:onTimeout(47)) - RetriableDatanodeCommand type=deleteBlocksCommand with id=1563006805874 timed out. Retrying.
2019-07-13 08:33:31,606 INFO  impl.RaftServerImpl (RaftServerImpl.java:<init>(93)) - 912a7d3b-e3f1-4985-b06b-5f0a929b8060: new RaftServerImpl for group-3636E5E7603C:[] with ContainerStateMachine:uninitialized
2019-07-13 08:33:31,607 INFO  server.RaftServerConfigKeys (ConfUtils.java:logGet(43)) - raft.server.rpc.timeout.min = 5s (custom)
2019-07-13 08:33:31,607 INFO  server.RaftServerConfigKeys (ConfUtils.java:logGet(43)) - raft.server.rpc.timeout.max = 5200ms (custom)
2019-07-13 08:33:31,607 INFO  server.RaftServerConfigKeys (ConfUtils.java:logGet(43)) - raft.server.rpcslowness.timeout = 120s (custom)
2019-07-13 08:33:31,607 INFO  server.RaftServerConfigKeys (ConfUtils.java:logGet(43)) - raft.server.sleep.deviation.threshold = 300 (default)
2019-07-13 08:33:31,608 INFO  server.RaftServerConfigKeys (ConfUtils.java:logGet(43)) - raft.server.log.appender.install.snapshot.enabled = false (custom)
2019-07-13 08:33:31,608 INFO  impl.RaftServerImpl (ServerState.java:<init>(105)) - 912a7d3b-e3f1-4985-b06b-5f0a929b8060:group-3636E5E7603C ConfigurationManager, init=-1: [], old=null, confs=<EMPTY_MAP>
2019-07-13 08:33:31,608 INFO  server.RaftServerConfigKeys (ConfUtils.java:logGet(43)) - raft.server.storage.dir = [/tmp/workdir/hadoop-ozone/integration-test/target/test-dir/MiniOzoneClusterImpl-fcf0d58b-7225-411a-ad54-b01eec0cccf5/datanode-0/data/ratis] (custom)
2019-07-13 08:33:31,609 INFO  hdfs.DFSUtil (DFSUtil.java:httpServerTemplateForNNAndJN(1641)) - Starting Web-server for hddsDatanode at: http://0.0.0.0:40593
2019-07-13 08:33:31,612 INFO  server.AuthenticationFilter (AuthenticationFilter.java:constructSecretProvider(240)) - Unable to initialize FileSignerSecretProvider, falling back to use random secrets.
2019-07-13 08:33:31,613 WARN  http.HttpRequestLog (HttpRequestLog.java:getRequestLog(97)) - Jetty request log can only be enabled using Log4j
2019-07-13 08:33:31,614 INFO  commands.RetriableDatanodeEventWatcher (RetriableDatanodeEventWatcher.java:onTimeout(47)) - RetriableDatanodeCommand type=deleteBlocksCommand with id=1563006805884 timed out. Retrying.
2019-07-13 08:33:31,616 INFO  http.HttpServer2 (HttpServer2.java:addGlobalFilter(975)) - Added global filter 'safety' (class=org.apache.hadoop.http.HttpServer2$QuotingInputFilter)
2019-07-13 08:33:31,617 INFO  http.HttpServer2 (HttpServer2.java:addFilter(948)) - Added filter static_user_filter (class=org.apache.hadoop.http.lib.StaticUserWebFilter$StaticUserFilter) to context hddsDatanode
2019-07-13 08:33:31,617 INFO  http.HttpServer2 (HttpServer2.java:addFilter(958)) - Added filter static_user_filter (class=org.apache.hadoop.http.lib.StaticUserWebFilter$StaticUserFilter) to context logs
2019-07-13 08:33:31,617 INFO  http.HttpServer2 (HttpServer2.java:addFilter(958)) - Added filter static_user_filter (class=org.apache.hadoop.http.lib.StaticUserWebFilter$StaticUserFilter) to context static
2019-07-13 08:33:31,619 INFO  http.HttpServer2 (HttpServer2.java:bindListener(1191)) - Jetty bound to port 40593
2019-07-13 08:33:31,619 INFO  server.Server (Server.java:doStart(351)) - jetty-9.3.24.v20180605, build timestamp: 2018-06-05T17:11:56Z, git hash: 84205aa28f11a4f31f2a3b86d1bba2cc8ab69827
2019-07-13 08:33:31,622 INFO  handler.ContextHandler (ContextHandler.java:doStart(781)) - Started o.e.j.s.ServletContextHandler@2d28fb02{/logs,file:///tmp/workdir/hadoop-ozone/integration-test/target/log,AVAILABLE}
2019-07-13 08:33:31,622 INFO  handler.ContextHandler (ContextHandler.java:doStart(781)) - Started o.e.j.s.ServletContextHandler@402f8592{/static,jar:file:/home/user/.m2/repository/org/apache/hadoop/hadoop-hdds-container-service/0.5.0-SNAPSHOT/hadoop-hdds-container-service-0.5.0-SNAPSHOT.jar!/webapps/static,AVAILABLE}
2019-07-13 08:33:31,630 INFO  storage.RaftStorageDirectory (RaftStorageDirectory.java:tryLock(328)) - Lock on /tmp/workdir/hadoop-ozone/integration-test/target/test-dir/MiniOzoneClusterImpl-fcf0d58b-7225-411a-ad54-b01eec0cccf5/datanode-0/data/ratis/79064fed-927d-47b0-99ab-3636e5e7603c/in_use.lock acquired by nodename 2274@trunk-nightly-hmp62-43275749
2019-07-13 08:33:31,634 DEBUG block.SCMBlockDeletingService (SCMBlockDeletingService.java:call(138)) - Running DeletedBlockTransactionScanner
2019-07-13 08:33:31,634 DEBUG block.SCMBlockDeletingService (SCMBlockDeletingService.java:call(155)) - Scanned deleted blocks log and got 3 delTX to process.
2019-07-13 08:33:31,634 DEBUG block.SCMBlockDeletingService (SCMBlockDeletingService.java:call(171)) - Added delete block command for datanode 912a7d3b-e3f1-4985-b06b-5f0a929b8060 in the queue, number of delete block transactions: 3, TxID list: 1,2,3
2019-07-13 08:33:31,635 INFO  block.SCMBlockDeletingService (SCMBlockDeletingService.java:call(182)) - Totally added 3 delete blocks command for 1 datanodes, task elapsed time: 1ms
2019-07-13 08:33:31,636 INFO  ratis.ContainerStateMachine (ContainerStateMachine.java:loadSnapshot(210)) - Setting the last applied index to (t:1, i:6238)
2019-07-13 08:33:31,641 INFO  impl.RaftServerImpl (ServerState.java:setRaftConf(361)) - 912a7d3b-e3f1-4985-b06b-5f0a929b8060:group-3636E5E7603C set configuration 0: [912a7d3b-e3f1-4985-b06b-5f0a929b8060:192.168.69.96:41276], old=null at 0
2019-07-13 08:33:31,641 INFO  server.RaftServerConfigKeys (ConfUtils.java:logGet(43)) - raft.server.leader.election.timeout = 120s (custom)
2019-07-13 08:33:31,641 INFO  server.RaftServerConfigKeys (ConfUtils.java:logGet(43)) - raft.server.log.use.memory = false (default)
2019-07-13 08:33:31,642 INFO  server.RaftServerConfigKeys (ConfUtils.java:logGet(43)) - raft.server.log.purge.gap = 1000000000 (custom)
2019-07-13 08:33:31,642 INFO  server.RaftServerConfigKeys (ConfUtils.java:logGet(43)) - raft.server.log.appender.buffer.byte-limit = 33554432 (custom)
2019-07-13 08:33:31,642 INFO  server.RaftServerConfigKeys (ConfUtils.java:logGet(43)) - raft.server.log.segment.size.max = 1048576 (custom)
2019-07-13 08:33:31,642 INFO  server.RaftServerConfigKeys (ConfUtils.java:logGet(43)) - raft.server.log.segment.cache.num.max = 2 (custom)
2019-07-13 08:33:31,642 INFO  segmented.SegmentedRaftLogWorker (SegmentedRaftLogWorker.java:<init>(172)) - new 912a7d3b-e3f1-4985-b06b-5f0a929b8060-SegmentedRaftLogWorker:Storage Directory /tmp/workdir/hadoop-ozone/integration-test/target/test-dir/MiniOzoneClusterImpl-fcf0d58b-7225-411a-ad54-b01eec0cccf5/datanode-0/data/ratis/79064fed-927d-47b0-99ab-3636e5e7603c for RaftStorage:Storage Directory /tmp/workdir/hadoop-ozone/integration-test/target/test-dir/MiniOzoneClusterImpl-fcf0d58b-7225-411a-ad54-b01eec0cccf5/datanode-0/data/ratis/79064fed-927d-47b0-99ab-3636e5e7603c
2019-07-13 08:33:31,643 INFO  server.RaftServerConfigKeys (ConfUtils.java:logGet(43)) - raft.server.log.queue.byte-limit = 2147483647 (custom)
2019-07-13 08:33:31,643 INFO  server.RaftServerConfigKeys (ConfUtils.java:logGet(43)) - raft.server.log.queue.element-limit = 1024 (custom)
2019-07-13 08:33:31,643 INFO  server.RaftServerConfigKeys (ConfUtils.java:logGet(43)) - raft.server.log.segment.size.max = 1048576 (custom)
2019-07-13 08:33:31,643 INFO  server.RaftServerConfigKeys (ConfUtils.java:logGet(43)) - raft.server.log.preallocated.size = 16384 (custom)
2019-07-13 08:33:31,643 INFO  server.RaftServerConfigKeys (ConfUtils.java:logGet(43)) - raft.server.log.write.buffer.size = 33554432 (custom)
2019-07-13 08:33:31,644 INFO  server.RaftServerConfigKeys (ConfUtils.java:logGet(43)) - raft.server.log.force.sync.num = 128 (default)
2019-07-13 08:33:31,644 INFO  server.RaftServerConfigKeys (ConfUtils.java:logGet(43)) - raft.server.log.statemachine.data.sync = true (default)
2019-07-13 08:33:31,644 INFO  server.RaftServerConfigKeys (ConfUtils.java:logGet(43)) - raft.server.log.statemachine.data.sync.timeout = 10s (default)
2019-07-13 08:33:31,644 INFO  server.RaftServerConfigKeys (ConfUtils.java:logGet(43)) - raft.server.log.statemachine.data.sync.timeout.retry = -1 (default)
2019-07-13 08:33:31,644 INFO  server.RaftServerConfigKeys (ConfUtils.java:logGet(43)) - raft.server.log.statemachine.data.caching.enabled = true (custom)
2019-07-13 08:33:31,653 INFO  impl.RaftServerImpl (ServerState.java:setRaftConf(361)) - 912a7d3b-e3f1-4985-b06b-5f0a929b8060:group-3636E5E7603C set configuration 0: [912a7d3b-e3f1-4985-b06b-5f0a929b8060:192.168.69.96:41276], old=null at 0
2019-07-13 08:33:31,655 INFO  commands.RetriableDatanodeEventWatcher (RetriableDatanodeEventWatcher.java:onTimeout(47)) - RetriableDatanodeCommand type=deleteBlocksCommand with id=1563006805845 timed out. Retrying.
2019-07-13 08:33:31,668 INFO  handler.ContextHandler (ContextHandler.java:doStart(781)) - Started o.e.j.w.WebAppContext@113f9078{/,file:///tmp/jetty-0.0.0.0-40593-hddsDatanode-_-any-474161448372741813.dir/webapp/,AVAILABLE}{/hddsDatanode}
2019-07-13 08:33:31,669 INFO  commands.RetriableDatanodeEventWatcher (AbstractConnector.java:doStart(278)) - Started ServerConnector@7c1503a3{HTTP/1.1,[http/1.1]}{0.0.0.0:40593}
2019-07-13 08:33:31,669 INFO  server.Server (RetriableDatanodeEventWatcher.java:onTimeout(47)) - RetriableDatanodeCommand type=deleteBlocksCommand with id=1563006805855 timed out. Retrying.
Server.java:doStart(419)) - Started @100495ms
2019-07-13 08:33:31,669 INFO  commands.RetriableDatanodeEventWatcher (RetriableDatanodeEventWatcher.java:onTimeout(47)) - RetriableDatanodeCommand type=deleteBlocksCommand with id=1563006805855 timed out. Retrying.
2019-07-13 08:33:31,672 INFO  server.BaseHttpServer (BaseHttpServer.java:updateConnectorAddress(207)) - HTTP server of HDDSDATANODE is listening at http://0.0.0.0:40593
2019-07-13 08:33:31,686 INFO  commands.RetriableDatanodeEventWatcher (RetriableDatanodeEventWatcher.java:onTimeout(47)) - RetriableDatanodeCommand type=deleteBlocksCommand with id=1563006805865 timed out. Retrying.
2019-07-13 08:33:31,701 INFO  commands.RetriableDatanodeEventWatcher (RetriableDatanodeEventWatcher.java:onTimeout(47)) - RetriableDatanodeCommand type=deleteBlocksCommand with id=1563006805875 timed out. Retrying.
2019-07-13 08:33:31,708 INFO  segmented.LogSegment (LogSegment.java:loadSegment(145)) - Successfully read 4036 entries from segment file /tmp/workdir/hadoop-ozone/integration-test/target/test-dir/MiniOzoneClusterImpl-fcf0d58b-7225-411a-ad54-b01eec0cccf5/datanode-0/data/ratis/79064fed-927d-47b0-99ab-3636e5e7603c/current/log_0-4035
2019-07-13 08:33:31,714 INFO  commands.RetriableDatanodeEventWatcher (RetriableDatanodeEventWatcher.java:onTimeout(47)) - RetriableDatanodeCommand type=deleteBlocksCommand with id=1563006805885 timed out. Retrying.
2019-07-13 08:33:31,719 INFO  segmented.LogSegment (LogSegment.java:loadSegment(145)) - Successfully read 2203 entries from segment file /tmp/workdir/hadoop-ozone/integration-test/target/test-dir/MiniOzoneClusterImpl-fcf0d58b-7225-411a-ad54-b01eec0cccf5/datanode-0/data/ratis/79064fed-927d-47b0-99ab-3636e5e7603c/current/log_inprogress_4036
2019-07-13 08:33:31,720 INFO  segmented.SegmentedRaftLogWorker (SegmentedRaftLogWorker.java:lambda$new$0(132)) - 912a7d3b-e3f1-4985-b06b-5f0a929b8060-SegmentedRaftLogWorker:Storage Directory /tmp/workdir/hadoop-ozone/integration-test/target/test-dir/MiniOzoneClusterImpl-fcf0d58b-7225-411a-ad54-b01eec0cccf5/datanode-0/data/ratis/79064fed-927d-47b0-99ab-3636e5e7603c: flushIndex: setUnconditionally 0 -> 6238
2019-07-13 08:33:31,735 INFO  raftlog.RaftLog (RaftLog.java:lambda$new$0(62)) - 912a7d3b-e3f1-4985-b06b-5f0a929b8060: commitIndex: updateToMax old=6238, new=6237, updated? false
2019-07-13 08:33:31,735 DEBUG block.SCMBlockDeletingService (SCMBlockDeletingService.java:call(138)) - Running DeletedBlockTransactionScanner
2019-07-13 08:33:31,735 INFO  server.RaftServerConfigKeys (ConfUtils.java:logGet(43)) - raft.server.snapshot.auto.trigger.enabled = true (custom)
2019-07-13 08:33:31,735 INFO  server.RaftServerConfigKeys (ConfUtils.java:logGet(43)) - raft.server.snapshot.auto.trigger.threshold = 10000 (custom)
2019-07-13 08:33:31,735 DEBUG block.SCMBlockDeletingService (SCMBlockDeletingService.java:call(155)) - Scanned deleted blocks log and got 3 delTX to process.
2019-07-13 08:33:31,736 INFO  server.RaftServerConfigKeys (ConfUtils.java:logGet(43)) - raft.server.retrycache.expirytime = 600000ms (custom)
2019-07-13 08:33:31,736 DEBUG block.SCMBlockDeletingService (SCMBlockDeletingService.java:call(171)) - Added delete block command for datanode 912a7d3b-e3f1-4985-b06b-5f0a929b8060 in the queue, number of delete block transactions: 3, TxID list: 1,2,3
2019-07-13 08:33:31,736 INFO  block.SCMBlockDeletingService (SCMBlockDeletingService.java:call(182)) - Totally added 3 delete blocks command for 1 datanodes, task elapsed time: 1ms
2019-07-13 08:33:31,756 INFO  commands.RetriableDatanodeEventWatcher (RetriableDatanodeEventWatcher.java:onTimeout(47)) - RetriableDatanodeCommand type=deleteBlocksCommand with id=1563006805846 timed out. Retrying.
2019-07-13 08:33:31,773 INFO  commands.RetriableDatanodeEventWatcher (RetriableDatanodeEventWatcher.java:onTimeout(47)) - RetriableDatanodeCommand type=deleteBlocksCommand with id=1563006805856 timed out. Retrying.
2019-07-13 08:33:31,787 INFO  commands.RetriableDatanodeEventWatcher (RetriableDatanodeEventWatcher.java:onTimeout(47)) - RetriableDatanodeCommand type=deleteBlocksCommand with id=1563006805866 timed out. Retrying.
2019-07-13 08:33:31,803 INFO  commands.RetriableDatanodeEventWatcher (RetriableDatanodeEventWatcher.java:onTimeout(47)) - RetriableDatanodeCommand type=deleteBlocksCommand with id=1563006805876 timed out. Retrying.
2019-07-13 08:33:31,817 INFO  commands.RetriableDatanodeEventWatcher (RetriableDatanodeEventWatcher.java:onTimeout(47)) - RetriableDatanodeCommand type=deleteBlocksCommand with id=1563006805886 timed out. Retrying.
2019-07-13 08:33:31,836 INFO  ozone.HddsDatanodeService (HddsDatanodeService.java:startPlugins(396)) - Started plug-in org.apache.hadoop.ozone.web.OzoneHddsDatanodeService@437ed416
2019-07-13 08:33:31,836 INFO  ozone.MiniOzoneClusterImpl (MiniOzoneClusterImpl.java:lambda$waitForClusterToBeReady$0(142)) - Waiting for cluster to be ready. Got 0 of 1 DN Heartbeats.
2019-07-13 08:33:31,836 DEBUG block.SCMBlockDeletingService (SCMBlockDeletingService.java:call(138)) - Running DeletedBlockTransactionScanner
2019-07-13 08:33:31,837 DEBUG block.SCMBlockDeletingService (SCMBlockDeletingService.java:call(155)) - Scanned deleted blocks log and got 3 delTX to process.
2019-07-13 08:33:31,837 DEBUG block.SCMBlockDeletingService (SCMBlockDeletingService.java:call(171)) - Added delete block command for datanode 912a7d3b-e3f1-4985-b06b-5f0a929b8060 in the queue, number of delete block transactions: 3, TxID list: 1,2,3
2019-07-13 08:33:31,838 INFO  block.SCMBlockDeletingService (SCMBlockDeletingService.java:call(182)) - Totally added 3 delete blocks command for 1 datanodes, task elapsed time: 1ms
2019-07-13 08:33:31,838 INFO  util.JvmPauseMonitor (JvmPauseMonitor.java:run(188)) - Starting JVM pause monitor
2019-07-13 08:33:31,845 INFO  commands.RetriableDatanodeEventWatcher (RetriableDatanodeEventWatcher.java:onTimeout(47)) - RetriableDatanodeCommand type=deleteBlocksCommand with id=1563006805837 timed out. Retrying.
2019-07-13 08:33:31,858 INFO  commands.RetriableDatanodeEventWatcher (RetriableDatanodeEventWatcher.java:onTimeout(47)) - RetriableDatanodeCommand type=deleteBlocksCommand with id=1563006805847 timed out. Retrying.
2019-07-13 08:33:31,875 INFO  commands.RetriableDatanodeEventWatcher (RetriableDatanodeEventWatcher.java:onTimeout(47)) - RetriableDatanodeCommand type=deleteBlocksCommand with id=1563006805857 timed out. Retrying.
2019-07-13 08:33:31,889 INFO  commands.RetriableDatanodeEventWatcher (RetriableDatanodeEventWatcher.java:onTimeout(47)) - RetriableDatanodeCommand type=deleteBlocksCommand with id=1563006805867 timed out. Retrying.
2019-07-13 08:33:31,907 INFO  commands.RetriableDatanodeEventWatcher (RetriableDatanodeEventWatcher.java:onTimeout(47)) - RetriableDatanodeCommand type=deleteBlocksCommand with id=1563006805877 timed out. Retrying.
2019-07-13 08:33:31,923 INFO  commands.RetriableDatanodeEventWatcher (RetriableDatanodeEventWatcher.java:onTimeout(47)) - RetriableDatanodeCommand type=deleteBlocksCommand with id=1563006805887 timed out. Retrying.
2019-07-13 08:33:31,938 DEBUG block.SCMBlockDeletingService (SCMBlockDeletingService.java:call(138)) - Running DeletedBlockTransactionScanner
2019-07-13 08:33:31,938 DEBUG block.SCMBlockDeletingService (SCMBlockDeletingService.java:call(155)) - Scanned deleted blocks log and got 3 delTX to process.
2019-07-13 08:33:31,939 DEBUG block.SCMBlockDeletingService (SCMBlockDeletingService.java:call(171)) - Added delete block command for datanode 912a7d3b-e3f1-4985-b06b-5f0a929b8060 in the queue, number of delete block transactions: 3, TxID list: 1,2,3
2019-07-13 08:33:31,939 INFO  block.SCMBlockDeletingService (SCMBlockDeletingService.java:call(182)) - Totally added 3 delete blocks command for 1 datanodes, task elapsed time: 1ms
2019-07-13 08:33:31,943 INFO  commands.RetriableDatanodeEventWatcher (RetriableDatanodeEventWatcher.java:onTimeout(47)) - RetriableDatanodeCommand type=deleteBlocksCommand with id=1563006805838 timed out. Retrying.
2019-07-13 08:33:31,960 INFO  commands.RetriableDatanodeEventWatcher (RetriableDatanodeEventWatcher.java:onTimeout(47)) - RetriableDatanodeCommand type=deleteBlocksCommand with id=1563006805848 timed out. Retrying.
2019-07-13 08:33:31,975 INFO  commands.RetriableDatanodeEventWatcher (RetriableDatanodeEventWatcher.java:onTimeout(47)) - RetriableDatanodeCommand type=deleteBlocksCommand with id=1563006805858 timed out. Retrying.
2019-07-13 08:33:31,990 INFO  commands.RetriableDatanodeEventWatcher (RetriableDatanodeEventWatcher.java:onTimeout(47)) - RetriableDatanodeCommand type=deleteBlocksCommand with id=1563006805868 timed out. Retrying.
2019-07-13 08:33:32,006 INFO  commands.RetriableDatanodeEventWatcher (RetriableDatanodeEventWatcher.java:onTimeout(47)) - RetriableDatanodeCommand type=deleteBlocksCommand with id=1563006805878 timed out. Retrying.
2019-07-13 08:33:32,025 INFO  commands.RetriableDatanodeEventWatcher (RetriableDatanodeEventWatcher.java:onTimeout(47)) - RetriableDatanodeCommand type=deleteBlocksCommand with id=1563006805888 timed out. Retrying.
2019-07-13 08:33:32,040 DEBUG block.SCMBlockDeletingService (SCMBlockDeletingService.java:call(138)) - Running DeletedBlockTransactionScanner
2019-07-13 08:33:32,041 DEBUG block.SCMBlockDeletingService (SCMBlockDeletingService.java:call(155)) - Scanned deleted blocks log and got 3 delTX to process.
2019-07-13 08:33:32,041 DEBUG block.SCMBlockDeletingService (SCMBlockDeletingService.java:call(171)) - Added delete block command for datanode 912a7d3b-e3f1-4985-b06b-5f0a929b8060 in the queue, number of delete block transactions: 3, TxID list: 1,2,3
2019-07-13 08:33:32,041 INFO  block.SCMBlockDeletingService (SCMBlockDeletingService.java:call(182)) - Totally added 3 delete blocks command for 1 datanodes, task elapsed time: 2ms
2019-07-13 08:33:32,047 INFO  commands.RetriableDatanodeEventWatcher (RetriableDatanodeEventWatcher.java:onTimeout(47)) - RetriableDatanodeCommand type=deleteBlocksCommand with id=1563006805839 timed out. Retrying.
2019-07-13 08:33:32,061 INFO  commands.RetriableDatanodeEventWatcher (RetriableDatanodeEventWatcher.java:onTimeout(47)) - RetriableDatanodeCommand type=deleteBlocksCommand with id=1563006805849 timed out. Retrying.
2019-07-13 08:33:32,077 INFO  commands.RetriableDatanodeEventWatcher (RetriableDatanodeEventWatcher.java:onTimeout(47)) - RetriableDatanodeCommand type=deleteBlocksCommand with id=1563006805859 timed out. Retrying.
2019-07-13 08:33:32,094 INFO  commands.RetriableDatanodeEventWatcher (RetriableDatanodeEventWatcher.java:onTimeout(47)) - RetriableDatanodeCommand type=deleteBlocksCommand with id=1563006805869 timed out. Retrying.
2019-07-13 08:33:32,106 INFO  commands.RetriableDatanodeEventWatcher (RetriableDatanodeEventWatcher.java:onTimeout(47)) - RetriableDatanodeCommand type=deleteBlocksCommand with id=1563006805879 timed out. Retrying.
2019-07-13 08:33:32,127 INFO  commands.RetriableDatanodeEventWatcher (RetriableDatanodeEventWatcher.java:onTimeout(47)) - RetriableDatanodeCommand type=deleteBlocksCommand with id=1563006805889 timed out. Retrying.
2019-07-13 08:33:32,142 DEBUG block.SCMBlockDeletingService (SCMBlockDeletingService.java:call(138)) - Running DeletedBlockTransactionScanner
2019-07-13 08:33:32,142 DEBUG block.SCMBlockDeletingService (SCMBlockDeletingService.java:call(155)) - Scanned deleted blocks log and got 3 delTX to process.
2019-07-13 08:33:32,143 DEBUG block.SCMBlockDeletingService (SCMBlockDeletingService.java:call(171)) - Added delete block command for datanode 912a7d3b-e3f1-4985-b06b-5f0a929b8060 in the queue, number of delete block transactions: 3, TxID list: 1,2,3
2019-07-13 08:33:32,143 INFO  block.SCMBlockDeletingService (SCMBlockDeletingService.java:call(182)) - Totally added 3 delete blocks command for 1 datanodes, task elapsed time: 1ms
2019-07-13 08:33:32,148 INFO  commands.RetriableDatanodeEventWatcher (RetriableDatanodeEventWatcher.java:onTimeout(47)) - RetriableDatanodeCommand type=deleteBlocksCommand with id=1563006805840 timed out. Retrying.
2019-07-13 08:33:32,164 INFO  commands.RetriableDatanodeEventWatcher (RetriableDatanodeEventWatcher.java:onTimeout(47)) - RetriableDatanodeCommand type=deleteBlocksCommand with id=1563006805850 timed out. Retrying.
2019-07-13 08:33:32,179 INFO  commands.RetriableDatanodeEventWatcher (RetriableDatanodeEventWatcher.java:onTimeout(47)) - RetriableDatanodeCommand type=deleteBlocksCommand with id=1563006805860 timed out. Retrying.
2019-07-13 08:33:32,193 INFO  commands.RetriableDatanodeEventWatcher (RetriableDatanodeEventWatcher.java:onTimeout(47)) - RetriableDatanodeCommand type=deleteBlocksCommand with id=1563006805870 timed out. Retrying.
2019-07-13 08:33:32,208 INFO  commands.RetriableDatanodeEventWatcher (RetriableDatanodeEventWatcher.java:onTimeout(47)) - RetriableDatanodeCommand type=deleteBlocksCommand with id=1563006805880 timed out. Retrying.
2019-07-13 08:33:32,228 INFO  commands.RetriableDatanodeEventWatcher (RetriableDatanodeEventWatcher.java:onTimeout(47)) - RetriableDatanodeCommand type=deleteBlocksCommand with id=1563006805890 timed out. Retrying.
2019-07-13 08:33:32,243 DEBUG block.SCMBlockDeletingService (SCMBlockDeletingService.java:call(138)) - Running DeletedBlockTransactionScanner
2019-07-13 08:33:32,244 DEBUG block.SCMBlockDeletingService (SCMBlockDeletingService.java:call(155)) - Scanned deleted blocks log and got 3 delTX to process.
2019-07-13 08:33:32,244 DEBUG block.SCMBlockDeletingService (SCMBlockDeletingService.java:call(171)) - Added delete block command for datanode 912a7d3b-e3f1-4985-b06b-5f0a929b8060 in the queue, number of delete block transactions: 3, TxID list: 1,2,3
2019-07-13 08:33:32,245 INFO  block.SCMBlockDeletingService (SCMBlockDeletingService.java:call(182)) - Totally added 3 delete blocks command for 1 datanodes, task elapsed time: 1ms
2019-07-13 08:33:32,250 INFO  commands.RetriableDatanodeEventWatcher (RetriableDatanodeEventWatcher.java:onTimeout(47)) - RetriableDatanodeCommand type=deleteBlocksCommand with id=1563006805841 timed out. Retrying.
2019-07-13 08:33:32,264 INFO  commands.RetriableDatanodeEventWatcher (RetriableDatanodeEventWatcher.java:onTimeout(47)) - RetriableDatanodeCommand type=deleteBlocksCommand with id=1563006805851 timed out. Retrying.
2019-07-13 08:33:32,280 INFO  commands.RetriableDatanodeEventWatcher (RetriableDatanodeEventWatcher.java:onTimeout(47)) - RetriableDatanodeCommand type=deleteBlocksCommand with id=1563006805861 timed out. Retrying.
2019-07-13 08:33:32,297 INFO  commands.RetriableDatanodeEventWatcher (RetriableDatanodeEventWatcher.java:onTimeout(47)) - RetriableDatanodeCommand type=deleteBlocksCommand with id=1563006805871 timed out. Retrying.
2019-07-13 08:33:32,309 INFO  commands.RetriableDatanodeEventWatcher (RetriableDatanodeEventWatcher.java:onTimeout(47)) - RetriableDatanodeCommand type=deleteBlocksCommand with id=1563006805881 timed out. Retrying.
2019-07-13 08:33:32,330 INFO  commands.RetriableDatanodeEventWatcher (RetriableDatanodeEventWatcher.java:onTimeout(47)) - RetriableDatanodeCommand type=deleteBlocksCommand with id=1563006805891 timed out. Retrying.
2019-07-13 08:33:32,345 DEBUG block.SCMBlockDeletingService (SCMBlockDeletingService.java:call(138)) - Running DeletedBlockTransactionScanner
2019-07-13 08:33:32,345 DEBUG block.SCMBlockDeletingService (SCMBlockDeletingService.java:call(155)) - Scanned deleted blocks log and got 3 delTX to process.
2019-07-13 08:33:32,346 DEBUG block.SCMBlockDeletingService (SCMBlockDeletingService.java:call(171)) - Added delete block command for datanode 912a7d3b-e3f1-4985-b06b-5f0a929b8060 in the queue, number of delete block transactions: 3, TxID list: 1,2,3
2019-07-13 08:33:32,346 INFO  block.SCMBlockDeletingService (SCMBlockDeletingService.java:call(182)) - Totally added 3 delete blocks command for 1 datanodes, task elapsed time: 1ms
2019-07-13 08:33:32,352 INFO  commands.RetriableDatanodeEventWatcher (RetriableDatanodeEventWatcher.java:onTimeout(47)) - RetriableDatanodeCommand type=deleteBlocksCommand with id=1563006805842 timed out. Retrying.
2019-07-13 08:33:32,367 INFO  commands.RetriableDatanodeEventWatcher (RetriableDatanodeEventWatcher.java:onTimeout(47)) - RetriableDatanodeCommand type=deleteBlocksCommand with id=1563006805852 timed out. Retrying.
2019-07-13 08:33:32,382 INFO  commands.RetriableDatanodeEventWatcher (RetriableDatanodeEventWatcher.java:onTimeout(47)) - RetriableDatanodeCommand type=deleteBlocksCommand with id=1563006805862 timed out. Retrying.
2019-07-13 08:33:32,397 INFO  commands.RetriableDatanodeEventWatcher (RetriableDatanodeEventWatcher.java:onTimeout(47)) - RetriableDatanodeCommand type=deleteBlocksCommand with id=1563006805872 timed out. Retrying.
2019-07-13 08:33:32,410 INFO  commands.RetriableDatanodeEventWatcher (RetriableDatanodeEventWatcher.java:onTimeout(47)) - RetriableDatanodeCommand type=deleteBlocksCommand with id=1563006805882 timed out. Retrying.
2019-07-13 08:33:32,432 INFO  commands.RetriableDatanodeEventWatcher (RetriableDatanodeEventWatcher.java:onTimeout(47)) - RetriableDatanodeCommand type=deleteBlocksCommand with id=1563006805892 timed out. Retrying.
2019-07-13 08:33:32,447 DEBUG block.SCMBlockDeletingService (SCMBlockDeletingService.java:call(138)) - Running DeletedBlockTransactionScanner
2019-07-13 08:33:32,447 DEBUG block.SCMBlockDeletingService (SCMBlockDeletingService.java:call(155)) - Scanned deleted blocks log and got 3 delTX to process.
2019-07-13 08:33:32,447 DEBUG block.SCMBlockDeletingService (SCMBlockDeletingService.java:call(171)) - Added delete block command for datanode 912a7d3b-e3f1-4985-b06b-5f0a929b8060 in the queue, number of delete block transactions: 3, TxID list: 1,2,3
2019-07-13 08:33:32,448 INFO  block.SCMBlockDeletingService (SCMBlockDeletingService.java:call(182)) - Totally added 3 delete blocks command for 1 datanodes, task elapsed time: 2ms
2019-07-13 08:33:32,453 INFO  commands.RetriableDatanodeEventWatcher (RetriableDatanodeEventWatcher.java:onTimeout(47)) - RetriableDatanodeCommand type=deleteBlocksCommand with id=1563006805843 timed out. Retrying.
2019-07-13 08:33:32,466 INFO  commands.RetriableDatanodeEventWatcher (RetriableDatanodeEventWatcher.java:onTimeout(47)) - RetriableDatanodeCommand type=deleteBlocksCommand with id=1563006805853 timed out. Retrying.
2019-07-13 08:33:32,484 INFO  commands.RetriableDatanodeEventWatcher (RetriableDatanodeEventWatcher.java:onTimeout(47)) - RetriableDatanodeCommand type=deleteBlocksCommand with id=1563006805863 timed out. Retrying.
2019-07-13 08:33:32,499 INFO  commands.RetriableDatanodeEventWatcher (RetriableDatanodeEventWatcher.java:onTimeout(47)) - RetriableDatanodeCommand type=deleteBlocksCommand with id=1563006805873 timed out. Retrying.
2019-07-13 08:33:32,511 INFO  commands.RetriableDatanodeEventWatcher (RetriableDatanodeEventWatcher.java:onTimeout(47)) - RetriableDatanodeCommand type=deleteBlocksCommand with id=1563006805883 timed out. Retrying.
2019-07-13 08:33:32,533 INFO  commands.RetriableDatanodeEventWatcher (RetriableDatanodeEventWatcher.java:onTimeout(47)) - RetriableDatanodeCommand type=deleteBlocksCommand with id=1563006805893 timed out. Retrying.
2019-07-13 08:33:32,548 DEBUG block.SCMBlockDeletingService (SCMBlockDeletingService.java:call(138)) - Running DeletedBlockTransactionScanner
2019-07-13 08:33:32,549 DEBUG block.SCMBlockDeletingService (SCMBlockDeletingService.java:call(155)) - Scanned deleted blocks log and got 3 delTX to process.
2019-07-13 08:33:32,549 DEBUG block.SCMBlockDeletingService (SCMBlockDeletingService.java:call(171)) - Added delete block command for datanode 912a7d3b-e3f1-4985-b06b-5f0a929b8060 in the queue, number of delete block transactions: 3, TxID list: 1,2,3
2019-07-13 08:33:32,550 INFO  block.SCMBlockDeletingService (SCMBlockDeletingService.java:call(182)) - Totally added 3 delete blocks command for 1 datanodes, task elapsed time: 1ms
2019-07-13 08:33:32,554 INFO  commands.RetriableDatanodeEventWatcher (RetriableDatanodeEventWatcher.java:onTimeout(47)) - RetriableDatanodeCommand type=deleteBlocksCommand with id=1563006805844 timed out. Retrying.
2019-07-13 08:33:32,571 INFO  commands.RetriableDatanodeEventWatcher (RetriableDatanodeEventWatcher.java:onTimeout(47)) - RetriableDatanodeCommand type=deleteBlocksCommand with id=1563006805854 timed out. Retrying.
2019-07-13 08:33:32,606 INFO  commands.RetriableDatanodeEventWatcher (RetriableDatanodeEventWatcher.java:onTimeout(47)) - RetriableDatanodeCommand type=deleteBlocksCommand with id=1563006805874 timed out. Retrying.
2019-07-13 08:33:32,606 INFO  commands.RetriableDatanodeEventWatcher (RetriableDatanodeEventWatcher.java:onTimeout(47)) - RetriableDatanodeCommand type=deleteBlocksCommand with id=1563006805864 timed out. Retrying.
2019-07-13 08:33:32,615 INFO  commands.RetriableDatanodeEventWatcher (RetriableDatanodeEventWatcher.java:onTimeout(47)) - RetriableDatanodeCommand type=deleteBlocksCommand with id=1563006805884 timed out. Retrying.
2019-07-13 08:33:32,634 INFO  commands.RetriableDatanodeEventWatcher (RetriableDatanodeEventWatcher.java:onTimeout(47)) - RetriableDatanodeCommand type=deleteBlocksCommand with id=1563006805894 timed out. Retrying.
2019-07-13 08:33:32,650 DEBUG block.SCMBlockDeletingService (SCMBlockDeletingService.java:call(138)) - Running DeletedBlockTransactionScanner
2019-07-13 08:33:32,650 DEBUG block.SCMBlockDeletingService (SCMBlockDeletingService.java:call(155)) - Scanned deleted blocks log and got 3 delTX to process.
2019-07-13 08:33:32,651 DEBUG block.SCMBlockDeletingService (SCMBlockDeletingService.java:call(171)) - Added delete block command for datanode 912a7d3b-e3f1-4985-b06b-5f0a929b8060 in the queue, number of delete block transactions: 3, TxID list: 1,2,3
2019-07-13 08:33:32,651 INFO  block.SCMBlockDeletingService (SCMBlockDeletingService.java:call(182)) - Totally added 3 delete blocks command for 1 datanodes, task elapsed time: 1ms
2019-07-13 08:33:32,656 INFO  commands.RetriableDatanodeEventWatcher (RetriableDatanodeEventWatcher.java:onTimeout(47)) - RetriableDatanodeCommand type=deleteBlocksCommand with id=1563006805845 timed out. Retrying.
2019-07-13 08:33:32,670 INFO  commands.RetriableDatanodeEventWatcher (RetriableDatanodeEventWatcher.java:onTimeout(47)) - RetriableDatanodeCommand type=deleteBlocksCommand with id=1563006805855 timed out. Retrying.
2019-07-13 08:33:32,686 INFO  commands.RetriableDatanodeEventWatcher (RetriableDatanodeEventWatcher.java:onTimeout(47)) - RetriableDatanodeCommand type=deleteBlocksCommand with id=1563006805865 timed out. Retrying.
2019-07-13 08:33:32,702 INFO  commands.RetriableDatanodeEventWatcher (RetriableDatanodeEventWatcher.java:onTimeout(47)) - RetriableDatanodeCommand type=deleteBlocksCommand with id=1563006805875 timed out. Retrying.
2019-07-13 08:33:32,714 INFO  commands.RetriableDatanodeEventWatcher (RetriableDatanodeEventWatcher.java:onTimeout(47)) - RetriableDatanodeCommand type=deleteBlocksCommand with id=1563006805885 timed out. Retrying.
2019-07-13 08:33:32,736 INFO  commands.RetriableDatanodeEventWatcher (RetriableDatanodeEventWatcher.java:onTimeout(47)) - RetriableDatanodeCommand type=deleteBlocksCommand with id=1563006805895 timed out. Retrying.
2019-07-13 08:33:32,751 DEBUG block.SCMBlockDeletingService (SCMBlockDeletingService.java:call(138)) - Running DeletedBlockTransactionScanner
2019-07-13 08:33:32,752 DEBUG block.SCMBlockDeletingService (SCMBlockDeletingService.java:call(155)) - Scanned deleted blocks log and got 3 delTX to process.
2019-07-13 08:33:32,752 DEBUG block.SCMBlockDeletingService (SCMBlockDeletingService.java:call(171)) - Added delete block command for datanode 912a7d3b-e3f1-4985-b06b-5f0a929b8060 in the queue, number of delete block transactions: 3, TxID list: 1,2,3
2019-07-13 08:33:32,753 INFO  block.SCMBlockDeletingService (SCMBlockDeletingService.java:call(182)) - Totally added 3 delete blocks command for 1 datanodes, task elapsed time: 1ms
2019-07-13 08:33:32,756 INFO  commands.RetriableDatanodeEventWatcher (RetriableDatanodeEventWatcher.java:onTimeout(47)) - RetriableDatanodeCommand type=deleteBlocksCommand with id=1563006805846 timed out. Retrying.
2019-07-13 08:33:32,774 INFO  commands.RetriableDatanodeEventWatcher (RetriableDatanodeEventWatcher.java:onTimeout(47)) - RetriableDatanodeCommand type=deleteBlocksCommand with id=1563006805856 timed out. Retrying.
2019-07-13 08:33:32,788 INFO  commands.RetriableDatanodeEventWatcher (RetriableDatanodeEventWatcher.java:onTimeout(47)) - RetriableDatanodeCommand type=deleteBlocksCommand with id=1563006805866 timed out. Retrying.
2019-07-13 08:33:32,803 INFO  commands.RetriableDatanodeEventWatcher (RetriableDatanodeEventWatcher.java:onTimeout(47)) - RetriableDatanodeCommand type=deleteBlocksCommand with id=1563006805876 timed out. Retrying.
2019-07-13 08:33:32,817 INFO  commands.RetriableDatanodeEventWatcher (RetriableDatanodeEventWatcher.java:onTimeout(47)) - RetriableDatanodeCommand type=deleteBlocksCommand with id=1563006805886 timed out. Retrying.
2019-07-13 08:33:32,837 INFO  ozone.MiniOzoneClusterImpl (MiniOzoneClusterImpl.java:lambda$waitForClusterToBeReady$0(142)) - Waiting for cluster to be ready. Got 0 of 1 DN Heartbeats.
2019-07-13 08:33:32,838 INFO  commands.RetriableDatanodeEventWatcher (RetriableDatanodeEventWatcher.java:onTimeout(47)) - RetriableDatanodeCommand type=deleteBlocksCommand with id=1563006805896 timed out. Retrying.
2019-07-13 08:33:32,844 INFO  commands.RetriableDatanodeEventWatcher (RetriableDatanodeEventWatcher.java:onTimeout(47)) - RetriableDatanodeCommand type=deleteBlocksCommand with id=1563006805837 timed out. Retrying.
2019-07-13 08:33:32,853 DEBUG block.SCMBlockDeletingService (SCMBlockDeletingService.java:call(138)) - Running DeletedBlockTransactionScanner
2019-07-13 08:33:32,853 DEBUG block.SCMBlockDeletingService (SCMBlockDeletingService.java:call(155)) - Scanned deleted blocks log and got 3 delTX to process.
2019-07-13 08:33:32,854 DEBUG block.SCMBlockDeletingService (SCMBlockDeletingService.java:call(171)) - Added delete block command for datanode 912a7d3b-e3f1-4985-b06b-5f0a929b8060 in the queue, number of delete block transactions: 3, TxID list: 1,2,3
2019-07-13 08:33:32,854 INFO  block.SCMBlockDeletingService (SCMBlockDeletingService.java:call(182)) - Totally added 3 delete blocks command for 1 datanodes, task elapsed time: 1ms
2019-07-13 08:33:32,859 INFO  commands.RetriableDatanodeEventWatcher (RetriableDatanodeEventWatcher.java:onTimeout(47)) - RetriableDatanodeCommand type=deleteBlocksCommand with id=1563006805847 timed out. Retrying.
2019-07-13 08:33:32,875 INFO  commands.RetriableDatanodeEventWatcher (RetriableDatanodeEventWatcher.java:onTimeout(47)) - RetriableDatanodeCommand type=deleteBlocksCommand with id=1563006805857 timed out. Retrying.
2019-07-13 08:33:32,890 INFO  commands.RetriableDatanodeEventWatcher (RetriableDatanodeEventWatcher.java:onTimeout(47)) - RetriableDatanodeCommand type=deleteBlocksCommand with id=1563006805867 timed out. Retrying.
2019-07-13 08:33:32,907 INFO  commands.RetriableDatanodeEventWatcher (RetriableDatanodeEventWatcher.java:onTimeout(47)) - RetriableDatanodeCommand type=deleteBlocksCommand with id=1563006805877 timed out. Retrying.
2019-07-13 08:33:32,923 INFO  commands.RetriableDatanodeEventWatcher (RetriableDatanodeEventWatcher.java:onTimeout(47)) - RetriableDatanodeCommand type=deleteBlocksCommand with id=1563006805887 timed out. Retrying.
2019-07-13 08:33:32,939 INFO  commands.RetriableDatanodeEventWatcher (RetriableDatanodeEventWatcher.java:onTimeout(47)) - RetriableDatanodeCommand type=deleteBlocksCommand with id=1563006805897 timed out. Retrying.
2019-07-13 08:33:32,944 INFO  commands.RetriableDatanodeEventWatcher (RetriableDatanodeEventWatcher.java:onTimeout(47)) - RetriableDatanodeCommand type=deleteBlocksCommand with id=1563006805838 timed out. Retrying.
2019-07-13 08:33:32,954 DEBUG block.SCMBlockDeletingService (SCMBlockDeletingService.java:call(138)) - Running DeletedBlockTransactionScanner
2019-07-13 08:33:32,955 DEBUG block.SCMBlockDeletingService (SCMBlockDeletingService.java:call(155)) - Scanned deleted blocks log and got 3 delTX to process.
2019-07-13 08:33:32,955 DEBUG block.SCMBlockDeletingService (SCMBlockDeletingService.java:call(171)) - Added delete block command for datanode 912a7d3b-e3f1-4985-b06b-5f0a929b8060 in the queue, number of delete block transactions: 3, TxID list: 1,2,3
2019-07-13 08:33:32,955 INFO  block.SCMBlockDeletingService (SCMBlockDeletingService.java:call(182)) - Totally added 3 delete blocks command for 1 datanodes, task elapsed time: 1ms
2019-07-13 08:33:32,960 INFO  commands.RetriableDatanodeEventWatcher (RetriableDatanodeEventWatcher.java:onTimeout(47)) - RetriableDatanodeCommand type=deleteBlocksCommand with id=1563006805848 timed out. Retrying.
2019-07-13 08:33:32,976 INFO  commands.RetriableDatanodeEventWatcher (RetriableDatanodeEventWatcher.java:onTimeout(47)) - RetriableDatanodeCommand type=deleteBlocksCommand with id=1563006805858 timed out. Retrying.
2019-07-13 08:33:32,990 INFO  commands.RetriableDatanodeEventWatcher (RetriableDatanodeEventWatcher.java:onTimeout(47)) - RetriableDatanodeCommand type=deleteBlocksCommand with id=1563006805868 timed out. Retrying.
2019-07-13 08:33:33,006 INFO  commands.RetriableDatanodeEventWatcher (RetriableDatanodeEventWatcher.java:onTimeout(47)) - RetriableDatanodeCommand type=deleteBlocksCommand with id=1563006805878 timed out. Retrying.
2019-07-13 08:33:33,025 INFO  commands.RetriableDatanodeEventWatcher (RetriableDatanodeEventWatcher.java:onTimeout(47)) - RetriableDatanodeCommand type=deleteBlocksCommand with id=1563006805888 timed out. Retrying.
2019-07-13 08:33:33,042 INFO  commands.RetriableDatanodeEventWatcher (RetriableDatanodeEventWatcher.java:onTimeout(47)) - RetriableDatanodeCommand type=deleteBlocksCommand with id=1563006805898 timed out. Retrying.
2019-07-13 08:33:33,048 INFO  commands.RetriableDatanodeEventWatcher (RetriableDatanodeEventWatcher.java:onTimeout(47)) - RetriableDatanodeCommand type=deleteBlocksCommand with id=1563006805839 timed out. Retrying.
2019-07-13 08:33:33,056 DEBUG block.SCMBlockDeletingService (SCMBlockDeletingService.java:call(138)) - Running DeletedBlockTransactionScanner
2019-07-13 08:33:33,056 DEBUG block.SCMBlockDeletingService (SCMBlockDeletingService.java:call(155)) - Scanned deleted blocks log and got 3 delTX to process.
2019-07-13 08:33:33,056 DEBUG block.SCMBlockDeletingService (SCMBlockDeletingService.java:call(171)) - Added delete block command for datanode 912a7d3b-e3f1-4985-b06b-5f0a929b8060 in the queue, number of delete block transactions: 3, TxID list: 1,2,3
2019-07-13 08:33:33,057 INFO  block.SCMBlockDeletingService (SCMBlockDeletingService.java:call(182)) - Totally added 3 delete blocks command for 1 datanodes, task elapsed time: 0ms
2019-07-13 08:33:33,062 INFO  commands.RetriableDatanodeEventWatcher (RetriableDatanodeEventWatcher.java:onTimeout(47)) - RetriableDatanodeCommand type=deleteBlocksCommand with id=1563006805849 timed out. Retrying.
2019-07-13 08:33:33,077 INFO  commands.RetriableDatanodeEventWatcher (RetriableDatanodeEventWatcher.java:onTimeout(47)) - RetriableDatanodeCommand type=deleteBlocksCommand with id=1563006805859 timed out. Retrying.
2019-07-13 08:33:33,095 INFO  commands.RetriableDatanodeEventWatcher (RetriableDatanodeEventWatcher.java:onTimeout(47)) - RetriableDatanodeCommand type=deleteBlocksCommand with id=1563006805869 timed out. Retrying.
2019-07-13 08:33:33,107 INFO  commands.RetriableDatanodeEventWatcher (RetriableDatanodeEventWatcher.java:onTimeout(47)) - RetriableDatanodeCommand type=deleteBlocksCommand with id=1563006805879 timed out. Retrying.
2019-07-13 08:33:33,127 INFO  commands.RetriableDatanodeEventWatcher (RetriableDatanodeEventWatcher.java:onTimeout(47)) - RetriableDatanodeCommand type=deleteBlocksCommand with id=1563006805889 timed out. Retrying.
2019-07-13 08:33:33,143 INFO  commands.RetriableDatanodeEventWatcher (RetriableDatanodeEventWatcher.java:onTimeout(47)) - RetriableDatanodeCommand type=deleteBlocksCommand with id=1563006805899 timed out. Retrying.
2019-07-13 08:33:33,149 INFO  commands.RetriableDatanodeEventWatcher (RetriableDatanodeEventWatcher.java:onTimeout(47)) - RetriableDatanodeCommand type=deleteBlocksCommand with id=1563006805840 timed out. Retrying.
2019-07-13 08:33:33,157 DEBUG block.SCMBlockDeletingService (SCMBlockDeletingService.java:call(138)) - Running DeletedBlockTransactionScanner
2019-07-13 08:33:33,158 DEBUG block.SCMBlockDeletingService (SCMBlockDeletingService.java:call(155)) - Scanned deleted blocks log and got 3 delTX to process.
2019-07-13 08:33:33,158 DEBUG block.SCMBlockDeletingService (SCMBlockDeletingService.java:call(171)) - Added delete block command for datanode 912a7d3b-e3f1-4985-b06b-5f0a929b8060 in the queue, number of delete block transactions: 3, TxID list: 1,2,3
2019-07-13 08:33:33,158 INFO  block.SCMBlockDeletingService (SCMBlockDeletingService.java:call(182)) - Totally added 3 delete blocks command for 1 datanodes, task elapsed time: 1ms
2019-07-13 08:33:33,163 INFO  commands.RetriableDatanodeEventWatcher (RetriableDatanodeEventWatcher.java:onTimeout(47)) - RetriableDatanodeCommand type=deleteBlocksCommand with id=1563006805850 timed out. Retrying.
2019-07-13 08:33:33,180 INFO  commands.RetriableDatanodeEventWatcher (RetriableDatanodeEventWatcher.java:onTimeout(47)) - RetriableDatanodeCommand type=deleteBlocksCommand with id=1563006805860 timed out. Retrying.
2019-07-13 08:33:33,194 INFO  commands.RetriableDatanodeEventWatcher (RetriableDatanodeEventWatcher.java:onTimeout(47)) - RetriableDatanodeCommand type=deleteBlocksCommand with id=1563006805870 timed out. Retrying.
2019-07-13 08:33:33,208 INFO  commands.RetriableDatanodeEventWatcher (RetriableDatanodeEventWatcher.java:onTimeout(47)) - RetriableDatanodeCommand type=deleteBlocksCommand with id=1563006805880 timed out. Retrying.
2019-07-13 08:33:33,229 INFO  commands.RetriableDatanodeEventWatcher (RetriableDatanodeEventWatcher.java:onTimeout(47)) - RetriableDatanodeCommand type=deleteBlocksCommand with id=1563006805890 timed out. Retrying.
2019-07-13 08:33:33,245 INFO  commands.RetriableDatanodeEventWatcher (RetriableDatanodeEventWatcher.java:onTimeout(47)) - RetriableDatanodeCommand type=deleteBlocksCommand with id=1563006805900 timed out. Retrying.
2019-07-13 08:33:33,250 INFO  commands.RetriableDatanodeEventWatcher (RetriableDatanodeEventWatcher.java:onTimeout(47)) - RetriableDatanodeCommand type=deleteBlocksCommand with id=1563006805841 timed out. Retrying.
2019-07-13 08:33:33,259 DEBUG block.SCMBlockDeletingService (SCMBlockDeletingService.java:call(138)) - Running DeletedBlockTransactionScanner
2019-07-13 08:33:33,259 DEBUG block.SCMBlockDeletingService (SCMBlockDeletingService.java:call(155)) - Scanned deleted blocks log and got 3 delTX to process.
2019-07-13 08:33:33,259 DEBUG block.SCMBlockDeletingService (SCMBlockDeletingService.java:call(171)) - Added delete block command for datanode 912a7d3b-e3f1-4985-b06b-5f0a929b8060 in the queue, number of delete block transactions: 3, TxID list: 1,2,3
2019-07-13 08:33:33,260 INFO  block.SCMBlockDeletingService (SCMBlockDeletingService.java:call(182)) - Totally added 3 delete blocks command for 1 datanodes, task elapsed time: 1ms
2019-07-13 08:33:33,265 INFO  commands.RetriableDatanodeEventWatcher (RetriableDatanodeEventWatcher.java:onTimeout(47)) - RetriableDatanodeCommand type=deleteBlocksCommand with id=1563006805851 timed out. Retrying.
2019-07-13 08:33:33,280 INFO  commands.RetriableDatanodeEventWatcher (RetriableDatanodeEventWatcher.java:onTimeout(47)) - RetriableDatanodeCommand type=deleteBlocksCommand with id=1563006805861 timed out. Retrying.
2019-07-13 08:33:33,298 INFO  commands.RetriableDatanodeEventWatcher (RetriableDatanodeEventWatcher.java:onTimeout(47)) - RetriableDatanodeCommand type=deleteBlocksCommand with id=1563006805871 timed out. Retrying.
2019-07-13 08:33:33,310 INFO  commands.RetriableDatanodeEventWatcher (RetriableDatanodeEventWatcher.java:onTimeout(47)) - RetriableDatanodeCommand type=deleteBlocksCommand with id=1563006805881 timed out. Retrying.
2019-07-13 08:33:33,330 INFO  commands.RetriableDatanodeEventWatcher (RetriableDatanodeEventWatcher.java:onTimeout(47)) - RetriableDatanodeCommand type=deleteBlocksCommand with id=1563006805891 timed out. Retrying.
2019-07-13 08:33:33,346 INFO  commands.RetriableDatanodeEventWatcher (RetriableDatanodeEventWatcher.java:onTimeout(47)) - RetriableDatanodeCommand type=deleteBlocksCommand with id=1563006805901 timed out. Retrying.
2019-07-13 08:33:33,352 INFO  commands.RetriableDatanodeEventWatcher (RetriableDatanodeEventWatcher.java:onTimeout(47)) - RetriableDatanodeCommand type=deleteBlocksCommand with id=1563006805842 timed out. Retrying.
2019-07-13 08:33:33,360 DEBUG block.SCMBlockDeletingService (SCMBlockDeletingService.java:call(138)) - Running DeletedBlockTransactionScanner
2019-07-13 08:33:33,361 DEBUG block.SCMBlockDeletingService (SCMBlockDeletingService.java:call(155)) - Scanned deleted blocks log and got 3 delTX to process.
2019-07-13 08:33:33,361 DEBUG block.SCMBlockDeletingService (SCMBlockDeletingService.java:call(171)) - Added delete block command for datanode 912a7d3b-e3f1-4985-b06b-5f0a929b8060 in the queue, number of delete block transactions: 3, TxID list: 1,2,3
2019-07-13 08:33:33,361 INFO  block.SCMBlockDeletingService (SCMBlockDeletingService.java:call(182)) - Totally added 3 delete blocks command for 1 datanodes, task elapsed time: 1ms
2019-07-13 08:33:33,366 INFO  commands.RetriableDatanodeEventWatcher (RetriableDatanodeEventWatcher.java:onTimeout(47)) - RetriableDatanodeCommand type=deleteBlocksCommand with id=1563006805852 timed out. Retrying.
2019-07-13 08:33:33,383 INFO  commands.RetriableDatanodeEventWatcher (RetriableDatanodeEventWatcher.java:onTimeout(47)) - RetriableDatanodeCommand type=deleteBlocksCommand with id=1563006805862 timed out. Retrying.
2019-07-13 08:33:33,397 INFO  commands.RetriableDatanodeEventWatcher (RetriableDatanodeEventWatcher.java:onTimeout(47)) - RetriableDatanodeCommand type=deleteBlocksCommand with id=1563006805872 timed out. Retrying.
2019-07-13 08:33:33,411 INFO  commands.RetriableDatanodeEventWatcher (RetriableDatanodeEventWatcher.java:onTimeout(47)) - RetriableDatanodeCommand type=deleteBlocksCommand with id=1563006805882 timed out. Retrying.
2019-07-13 08:33:33,433 INFO  commands.RetriableDatanodeEventWatcher (RetriableDatanodeEventWatcher.java:onTimeout(47)) - RetriableDatanodeCommand type=deleteBlocksCommand with id=1563006805892 timed out. Retrying.
2019-07-13 08:33:33,447 INFO  commands.RetriableDatanodeEventWatcher (RetriableDatanodeEventWatcher.java:onTimeout(47)) - RetriableDatanodeCommand type=deleteBlocksCommand with id=1563006805902 timed out. Retrying.
2019-07-13 08:33:33,454 INFO  commands.RetriableDatanodeEventWatcher (RetriableDatanodeEventWatcher.java:onTimeout(47)) - RetriableDatanodeCommand type=deleteBlocksCommand with id=1563006805843 timed out. Retrying.
2019-07-13 08:33:33,462 DEBUG block.SCMBlockDeletingService (SCMBlockDeletingService.java:call(138)) - Running DeletedBlockTransactionScanner
2019-07-13 08:33:33,462 DEBUG block.SCMBlockDeletingService (SCMBlockDeletingService.java:call(155)) - Scanned deleted blocks log and got 3 delTX to process.
2019-07-13 08:33:33,462 DEBUG block.SCMBlockDeletingService (SCMBlockDeletingService.java:call(171)) - Added delete block command for datanode 912a7d3b-e3f1-4985-b06b-5f0a929b8060 in the queue, number of delete block transactions: 3, TxID list: 1,2,3
2019-07-13 08:33:33,463 INFO  block.SCMBlockDeletingService (SCMBlockDeletingService.java:call(182)) - Totally added 3 delete blocks command for 1 datanodes, task elapsed time: 1ms
2019-07-13 08:33:33,467 INFO  commands.RetriableDatanodeEventWatcher (RetriableDatanodeEventWatcher.java:onTimeout(47)) - RetriableDatanodeCommand type=deleteBlocksCommand with id=1563006805853 timed out. Retrying.
2019-07-13 08:33:33,484 INFO  commands.RetriableDatanodeEventWatcher (RetriableDatanodeEventWatcher.java:onTimeout(47)) - RetriableDatanodeCommand type=deleteBlocksCommand with id=1563006805863 timed out. Retrying.
2019-07-13 08:33:33,500 INFO  commands.RetriableDatanodeEventWatcher (RetriableDatanodeEventWatcher.java:onTimeout(47)) - RetriableDatanodeCommand type=deleteBlocksCommand with id=1563006805873 timed out. Retrying.
2019-07-13 08:33:33,512 INFO  commands.RetriableDatanodeEventWatcher (RetriableDatanodeEventWatcher.java:onTimeout(47)) - RetriableDatanodeCommand type=deleteBlocksCommand with id=1563006805883 timed out. Retrying.
2019-07-13 08:33:33,533 INFO  commands.RetriableDatanodeEventWatcher (RetriableDatanodeEventWatcher.java:onTimeout(47)) - RetriableDatanodeCommand type=deleteBlocksCommand with id=1563006805893 timed out. Retrying.
2019-07-13 08:33:33,550 INFO  commands.RetriableDatanodeEventWatcher (RetriableDatanodeEventWatcher.java:onTimeout(47)) - RetriableDatanodeCommand type=deleteBlocksCommand with id=1563006805903 timed out. Retrying.
2019-07-13 08:33:33,554 INFO  commands.RetriableDatanodeEventWatcher (RetriableDatanodeEventWatcher.java:onTimeout(47)) - RetriableDatanodeCommand type=deleteBlocksCommand with id=1563006805844 timed out. Retrying.
2019-07-13 08:33:33,563 DEBUG block.SCMBlockDeletingService (SCMBlockDeletingService.java:call(138)) - Running DeletedBlockTransactionScanner
2019-07-13 08:33:33,564 DEBUG block.SCMBlockDeletingService (SCMBlockDeletingService.java:call(155)) - Scanned deleted blocks log and got 3 delTX to process.
2019-07-13 08:33:33,564 DEBUG block.SCMBlockDeletingService (SCMBlockDeletingService.java:call(171)) - Added delete block command for datanode 912a7d3b-e3f1-4985-b06b-5f0a929b8060 in the queue, number of delete block transactions: 3, TxID list: 1,2,3
2019-07-13 08:33:33,564 INFO  block.SCMBlockDeletingService (SCMBlockDeletingService.java:call(182)) - Totally added 3 delete blocks command for 1 datanodes, task elapsed time: 1ms
2019-07-13 08:33:33,571 INFO  commands.RetriableDatanodeEventWatcher (RetriableDatanodeEventWatcher.java:onTimeout(47)) - RetriableDatanodeCommand type=deleteBlocksCommand with id=1563006805854 timed out. Retrying.
2019-07-13 08:33:33,607 INFO  commands.RetriableDatanodeEventWatcher (RetriableDatanodeEventWatcher.java:onTimeout(47)) - RetriableDatanodeCommand type=deleteBlocksCommand with id=1563006805874 timed out. Retrying.
2019-07-13 08:33:33,607 INFO  commands.RetriableDatanodeEventWatcher (RetriableDatanodeEventWatcher.java:onTimeout(47)) - RetriableDatanodeCommand type=deleteBlocksCommand with id=1563006805864 timed out. Retrying.
2019-07-13 08:33:33,615 INFO  commands.RetriableDatanodeEventWatcher (RetriableDatanodeEventWatcher.java:onTimeout(47)) - RetriableDatanodeCommand type=deleteBlocksCommand with id=1563006805884 timed out. Retrying.
2019-07-13 08:33:33,634 INFO  commands.RetriableDatanodeEventWatcher (RetriableDatanodeEventWatcher.java:onTimeout(47)) - RetriableDatanodeCommand type=deleteBlocksCommand with id=1563006805894 timed out. Retrying.
2019-07-13 08:33:33,651 INFO  commands.RetriableDatanodeEventWatcher (RetriableDatanodeEventWatcher.java:onTimeout(47)) - RetriableDatanodeCommand type=deleteBlocksCommand with id=1563006805904 timed out. Retrying.
2019-07-13 08:33:33,657 INFO  commands.RetriableDatanodeEventWatcher (RetriableDatanodeEventWatcher.java:onTimeout(47)) - RetriableDatanodeCommand type=deleteBlocksCommand with id=1563006805845 timed out. Retrying.
2019-07-13 08:33:33,665 DEBUG block.SCMBlockDeletingService (SCMBlockDeletingService.java:call(138)) - Running DeletedBlockTransactionScanner
2019-07-13 08:33:33,665 DEBUG block.SCMBlockDeletingService (SCMBlockDeletingService.java:call(155)) - Scanned deleted blocks log and got 3 delTX to process.
2019-07-13 08:33:33,665 DEBUG block.SCMBlockDeletingService (SCMBlockDeletingService.java:call(171)) - Added delete block command for datanode 912a7d3b-e3f1-4985-b06b-5f0a929b8060 in the queue, number of delete block transactions: 3, TxID list: 1,2,3
2019-07-13 08:33:33,666 INFO  block.SCMBlockDeletingService (SCMBlockDeletingService.java:call(182)) - Totally added 3 delete blocks command for 1 datanodes, task elapsed time: 1ms
2019-07-13 08:33:33,670 INFO  commands.RetriableDatanodeEventWatcher (RetriableDatanodeEventWatcher.java:onTimeout(47)) - RetriableDatanodeCommand type=deleteBlocksCommand with id=1563006805855 timed out. Retrying.
2019-07-13 08:33:33,686 INFO  commands.RetriableDatanodeEventWatcher (RetriableDatanodeEventWatcher.java:onTimeout(47)) - RetriableDatanodeCommand type=deleteBlocksCommand with id=1563006805865 timed out. Retrying.
2019-07-13 08:33:33,702 INFO  commands.RetriableDatanodeEventWatcher (RetriableDatanodeEventWatcher.java:onTimeout(47)) - RetriableDatanodeCommand type=deleteBlocksCommand with id=1563006805875 timed out. Retrying.
2019-07-13 08:33:33,715 INFO  commands.RetriableDatanodeEventWatcher (RetriableDatanodeEventWatcher.java:onTimeout(47)) - RetriableDatanodeCommand type=deleteBlocksCommand with id=1563006805885 timed out. Retrying.
2019-07-13 08:33:33,737 INFO  commands.RetriableDatanodeEventWatcher (RetriableDatanodeEventWatcher.java:onTimeout(47)) - RetriableDatanodeCommand type=deleteBlocksCommand with id=1563006805895 timed out. Retrying.
2019-07-13 08:33:33,752 INFO  commands.RetriableDatanodeEventWatcher (RetriableDatanodeEventWatcher.java:onTimeout(47)) - RetriableDatanodeCommand type=deleteBlocksCommand with id=1563006805905 timed out. Retrying.
2019-07-13 08:33:33,757 INFO  commands.RetriableDatanodeEventWatcher (RetriableDatanodeEventWatcher.java:onTimeout(47)) - RetriableDatanodeCommand type=deleteBlocksCommand with id=1563006805846 timed out. Retrying.
2019-07-13 08:33:33,766 DEBUG block.SCMBlockDeletingService (SCMBlockDeletingService.java:call(138)) - Running DeletedBlockTransactionScanner
2019-07-13 08:33:33,767 DEBUG block.SCMBlockDeletingService (SCMBlockDeletingService.java:call(155)) - Scanned deleted blocks log and got 3 delTX to process.
2019-07-13 08:33:33,767 DEBUG block.SCMBlockDeletingService (SCMBlockDeletingService.java:call(171)) - Added delete block command for datanode 912a7d3b-e3f1-4985-b06b-5f0a929b8060 in the queue, number of delete block transactions: 3, TxID list: 1,2,3
2019-07-13 08:33:33,767 INFO  block.SCMBlockDeletingService (SCMBlockDeletingService.java:call(182)) - Totally added 3 delete blocks command for 1 datanodes, task elapsed time: 1ms
2019-07-13 08:33:33,774 INFO  commands.RetriableDatanodeEventWatcher (RetriableDatanodeEventWatcher.java:onTimeout(47)) - RetriableDatanodeCommand type=deleteBlocksCommand with id=1563006805856 timed out. Retrying.
2019-07-13 08:33:33,789 INFO  commands.RetriableDatanodeEventWatcher (RetriableDatanodeEventWatcher.java:onTimeout(47)) - RetriableDatanodeCommand type=deleteBlocksCommand with id=1563006805866 timed out. Retrying.
2019-07-13 08:33:33,804 INFO  commands.RetriableDatanodeEventWatcher (RetriableDatanodeEventWatcher.java:onTimeout(47)) - RetriableDatanodeCommand type=deleteBlocksCommand with id=1563006805876 timed out. Retrying.
2019-07-13 08:33:33,817 INFO  commands.RetriableDatanodeEventWatcher (RetriableDatanodeEventWatcher.java:onTimeout(47)) - RetriableDatanodeCommand type=deleteBlocksCommand with id=1563006805886 timed out. Retrying.
2019-07-13 08:33:33,837 INFO  ozone.MiniOzoneClusterImpl (MiniOzoneClusterImpl.java:lambda$waitForClusterToBeReady$0(142)) - Waiting for cluster to be ready. Got 0 of 1 DN Heartbeats.
2019-07-13 08:33:33,838 INFO  commands.RetriableDatanodeEventWatcher (RetriableDatanodeEventWatcher.java:onTimeout(47)) - RetriableDatanodeCommand type=deleteBlocksCommand with id=1563006805896 timed out. Retrying.
2019-07-13 08:33:33,841 INFO  ozoneimpl.OzoneContainer (OzoneContainer.java:start(186)) - Attempting to start container services.
2019-07-13 08:33:33,842 INFO  ozoneimpl.OzoneContainer (OzoneContainer.java:startContainerScrub(160)) - Background container scrubber has been disabled by hdds.containerscrub.enabled
2019-07-13 08:33:33,843 INFO  ratis.XceiverServerRatis (XceiverServerRatis.java:start(418)) - Starting XceiverServerRatis 912a7d3b-e3f1-4985-b06b-5f0a929b8060 at port 41276
2019-07-13 08:33:33,844 INFO  commands.RetriableDatanodeEventWatcher (RetriableDatanodeEventWatcher.java:onTimeout(47)) - RetriableDatanodeCommand type=deleteBlocksCommand with id=1563006805837 timed out. Retrying.
2019-07-13 08:33:33,852 INFO  impl.RaftServerImpl (RaftServerImpl.java:start(180)) - 912a7d3b-e3f1-4985-b06b-5f0a929b8060: start group-3636E5E7603C
2019-07-13 08:33:33,853 INFO  impl.RaftServerImpl (RetriableDatanodeEventWatcher.java:onTimeout(47)) - RetriableDatanodeCommand type=deleteBlocksCommand with id=1563006805906 timed out. Retrying.
RaftServerImpl.java:setRole(171)) - 912a7d3b-e3f1-4985-b06b-5f0a929b8060:group-3636E5E7603C changes role from null to FOLLOWER at term 1 for startAsFollower
2019-07-13 08:33:33,853 INFO  commands.RetriableDatanodeEventWatcher (RetriableDatanodeEventWatcher.java:onTimeout(47)) - RetriableDatanodeCommand type=deleteBlocksCommand with id=1563006805906 timed out. Retrying.
2019-07-13 08:33:33,854 INFO  impl.RoleInfo (RoleInfo.java:updateAndGet(143)) - 912a7d3b-e3f1-4985-b06b-5f0a929b8060: start FollowerState
2019-07-13 08:33:33,855 INFO  util.JmxRegister (JmxRegister.java:tryRegister(44)) - Successfully registered JMX Bean with object name Ratis:service=RaftServer,group=group-3636E5E7603C,id=912a7d3b-e3f1-4985-b06b-5f0a929b8060
2019-07-13 08:33:33,856 INFO  impl.RaftServerProxy (RaftServerProxy.java:lambda$start$3(299)) - 912a7d3b-e3f1-4985-b06b-5f0a929b8060: start RPC server
2019-07-13 08:33:33,859 INFO  commands.RetriableDatanodeEventWatcher (RetriableDatanodeEventWatcher.java:onTimeout(47)) - RetriableDatanodeCommand type=deleteBlocksCommand with id=1563006805847 timed out. Retrying.
2019-07-13 08:33:33,859 INFO  server.GrpcService (GrpcService.java:startImpl(149)) - 912a7d3b-e3f1-4985-b06b-5f0a929b8060: GrpcService started, listening on 0.0.0.0/0.0.0.0:41276
2019-07-13 08:33:33,868 DEBUG block.SCMBlockDeletingService (SCMBlockDeletingService.java:call(138)) - Running DeletedBlockTransactionScanner
2019-07-13 08:33:33,868 DEBUG block.SCMBlockDeletingService (SCMBlockDeletingService.java:call(155)) - Scanned deleted blocks log and got 3 delTX to process.
2019-07-13 08:33:33,868 DEBUG block.SCMBlockDeletingService (SCMBlockDeletingService.java:call(171)) - Added delete block command for datanode 912a7d3b-e3f1-4985-b06b-5f0a929b8060 in the queue, number of delete block transactions: 3, TxID list: 1,2,3
2019-07-13 08:33:33,869 INFO  block.SCMBlockDeletingService (SCMBlockDeletingService.java:call(182)) - Totally added 3 delete blocks command for 1 datanodes, task elapsed time: 1ms
2019-07-13 08:33:33,875 INFO  commands.RetriableDatanodeEventWatcher (RetriableDatanodeEventWatcher.java:onTimeout(47)) - RetriableDatanodeCommand type=deleteBlocksCommand with id=1563006805857 timed out. Retrying.
2019-07-13 08:33:33,890 INFO  commands.RetriableDatanodeEventWatcher (RetriableDatanodeEventWatcher.java:onTimeout(47)) - RetriableDatanodeCommand type=deleteBlocksCommand with id=1563006805867 timed out. Retrying.
2019-07-13 08:33:33,908 INFO  commands.RetriableDatanodeEventWatcher (RetriableDatanodeEventWatcher.java:onTimeout(47)) - RetriableDatanodeCommand type=deleteBlocksCommand with id=1563006805877 timed out. Retrying.
2019-07-13 08:33:33,923 INFO  commands.RetriableDatanodeEventWatcher (RetriableDatanodeEventWatcher.java:onTimeout(47)) - RetriableDatanodeCommand type=deleteBlocksCommand with id=1563006805887 timed out. Retrying.
2019-07-13 08:33:33,940 INFO  commands.RetriableDatanodeEventWatcher (RetriableDatanodeEventWatcher.java:onTimeout(47)) - RetriableDatanodeCommand type=deleteBlocksCommand with id=1563006805897 timed out. Retrying.
2019-07-13 08:33:33,945 INFO  commands.RetriableDatanodeEventWatcher (RetriableDatanodeEventWatcher.java:onTimeout(47)) - RetriableDatanodeCommand type=deleteBlocksCommand with id=1563006805838 timed out. Retrying.
2019-07-13 08:33:33,955 INFO  commands.RetriableDatanodeEventWatcher (RetriableDatanodeEventWatcher.java:onTimeout(47)) - RetriableDatanodeCommand type=deleteBlocksCommand with id=1563006805907 timed out. Retrying.
2019-07-13 08:33:33,961 INFO  commands.RetriableDatanodeEventWatcher (RetriableDatanodeEventWatcher.java:onTimeout(47)) - RetriableDatanodeCommand type=deleteBlocksCommand with id=1563006805848 timed out. Retrying.
2019-07-13 08:33:33,969 DEBUG block.SCMBlockDeletingService (SCMBlockDeletingService.java:call(138)) - Running DeletedBlockTransactionScanner
2019-07-13 08:33:33,970 DEBUG block.SCMBlockDeletingService (SCMBlockDeletingService.java:call(155)) - Scanned deleted blocks log and got 3 delTX to process.
2019-07-13 08:33:33,970 DEBUG block.SCMBlockDeletingService (SCMBlockDeletingService.java:call(171)) - Added delete block command for datanode 912a7d3b-e3f1-4985-b06b-5f0a929b8060 in the queue, number of delete block transactions: 3, TxID list: 1,2,3
2019-07-13 08:33:33,970 INFO  block.SCMBlockDeletingService (SCMBlockDeletingService.java:call(182)) - Totally added 3 delete blocks command for 1 datanodes, task elapsed time: 1ms
2019-07-13 08:33:33,976 INFO  commands.RetriableDatanodeEventWatcher (RetriableDatanodeEventWatcher.java:onTimeout(47)) - RetriableDatanodeCommand type=deleteBlocksCommand with id=1563006805858 timed out. Retrying.
2019-07-13 08:33:33,991 INFO  commands.RetriableDatanodeEventWatcher (RetriableDatanodeEventWatcher.java:onTimeout(47)) - RetriableDatanodeCommand type=deleteBlocksCommand with id=1563006805868 timed out. Retrying.
2019-07-13 08:33:34,006 INFO  commands.RetriableDatanodeEventWatcher (RetriableDatanodeEventWatcher.java:onTimeout(47)) - RetriableDatanodeCommand type=deleteBlocksCommand with id=1563006805878 timed out. Retrying.
2019-07-13 08:33:34,026 INFO  commands.RetriableDatanodeEventWatcher (RetriableDatanodeEventWatcher.java:onTimeout(47)) - RetriableDatanodeCommand type=deleteBlocksCommand with id=1563006805888 timed out. Retrying.
2019-07-13 08:33:34,041 INFO  commands.RetriableDatanodeEventWatcher (RetriableDatanodeEventWatcher.java:onTimeout(47)) - RetriableDatanodeCommand type=deleteBlocksCommand with id=1563006805898 timed out. Retrying.
2019-07-13 08:33:34,049 INFO  commands.RetriableDatanodeEventWatcher (RetriableDatanodeEventWatcher.java:onTimeout(47)) - RetriableDatanodeCommand type=deleteBlocksCommand with id=1563006805839 timed out. Retrying.
2019-07-13 08:33:34,057 INFO  commands.RetriableDatanodeEventWatcher (RetriableDatanodeEventWatcher.java:onTimeout(47)) - RetriableDatanodeCommand type=deleteBlocksCommand with id=1563006805908 timed out. Retrying.
2019-07-13 08:33:34,062 INFO  commands.RetriableDatanodeEventWatcher (RetriableDatanodeEventWatcher.java:onTimeout(47)) - RetriableDatanodeCommand type=deleteBlocksCommand with id=1563006805849 timed out. Retrying.
2019-07-13 08:33:34,071 DEBUG block.SCMBlockDeletingService (SCMBlockDeletingService.java:call(138)) - Running DeletedBlockTransactionScanner
2019-07-13 08:33:34,071 DEBUG block.SCMBlockDeletingService (SCMBlockDeletingService.java:call(155)) - Scanned deleted blocks log and got 3 delTX to process.
2019-07-13 08:33:34,072 DEBUG block.SCMBlockDeletingService (SCMBlockDeletingService.java:call(171)) - Added delete block command for datanode 912a7d3b-e3f1-4985-b06b-5f0a929b8060 in the queue, number of delete block transactions: 3, TxID list: 1,2,3
2019-07-13 08:33:34,072 INFO  block.SCMBlockDeletingService (SCMBlockDeletingService.java:call(182)) - Totally added 3 delete blocks command for 1 datanodes, task elapsed time: 2ms
2019-07-13 08:33:34,078 INFO  commands.RetriableDatanodeEventWatcher (RetriableDatanodeEventWatcher.java:onTimeout(47)) - RetriableDatanodeCommand type=deleteBlocksCommand with id=1563006805859 timed out. Retrying.
2019-07-13 08:33:34,096 INFO  commands.RetriableDatanodeEventWatcher (RetriableDatanodeEventWatcher.java:onTimeout(47)) - RetriableDatanodeCommand type=deleteBlocksCommand with id=1563006805869 timed out. Retrying.
2019-07-13 08:33:34,106 INFO  commands.RetriableDatanodeEventWatcher (RetriableDatanodeEventWatcher.java:onTimeout(47)) - RetriableDatanodeCommand type=deleteBlocksCommand with id=1563006805879 timed out. Retrying.
2019-07-13 08:33:34,128 INFO  commands.RetriableDatanodeEventWatcher (RetriableDatanodeEventWatcher.java:onTimeout(47)) - RetriableDatanodeCommand type=deleteBlocksCommand with id=1563006805889 timed out. Retrying.
2019-07-13 08:33:34,143 INFO  commands.RetriableDatanodeEventWatcher (RetriableDatanodeEventWatcher.java:onTimeout(47)) - RetriableDatanodeCommand type=deleteBlocksCommand with id=1563006805899 timed out. Retrying.
2019-07-13 08:33:34,150 INFO  commands.RetriableDatanodeEventWatcher (RetriableDatanodeEventWatcher.java:onTimeout(47)) - RetriableDatanodeCommand type=deleteBlocksCommand with id=1563006805840 timed out. Retrying.
2019-07-13 08:33:34,158 INFO  commands.RetriableDatanodeEventWatcher (RetriableDatanodeEventWatcher.java:onTimeout(47)) - RetriableDatanodeCommand type=deleteBlocksCommand with id=1563006805909 timed out. Retrying.
2019-07-13 08:33:34,164 INFO  commands.RetriableDatanodeEventWatcher (RetriableDatanodeEventWatcher.java:onTimeout(47)) - RetriableDatanodeCommand type=deleteBlocksCommand with id=1563006805850 timed out. Retrying.
2019-07-13 08:33:34,172 DEBUG block.SCMBlockDeletingService (SCMBlockDeletingService.java:call(138)) - Running DeletedBlockTransactionScanner
2019-07-13 08:33:34,173 DEBUG block.SCMBlockDeletingService (SCMBlockDeletingService.java:call(155)) - Scanned deleted blocks log and got 3 delTX to process.
2019-07-13 08:33:34,173 DEBUG block.SCMBlockDeletingService (SCMBlockDeletingService.java:call(171)) - Added delete block command for datanode 912a7d3b-e3f1-4985-b06b-5f0a929b8060 in the queue, number of delete block transactions: 3, TxID list: 1,2,3
2019-07-13 08:33:34,173 INFO  block.SCMBlockDeletingService (SCMBlockDeletingService.java:call(182)) - Totally added 3 delete blocks command for 1 datanodes, task elapsed time: 1ms
2019-07-13 08:33:34,180 INFO  commands.RetriableDatanodeEventWatcher (RetriableDatanodeEventWatcher.java:onTimeout(47)) - RetriableDatanodeCommand type=deleteBlocksCommand with id=1563006805860 timed out. Retrying.
2019-07-13 08:33:34,195 INFO  commands.RetriableDatanodeEventWatcher (RetriableDatanodeEventWatcher.java:onTimeout(47)) - RetriableDatanodeCommand type=deleteBlocksCommand with id=1563006805870 timed out. Retrying.
2019-07-13 08:33:34,209 INFO  commands.RetriableDatanodeEventWatcher (RetriableDatanodeEventWatcher.java:onTimeout(47)) - RetriableDatanodeCommand type=deleteBlocksCommand with id=1563006805880 timed out. Retrying.
2019-07-13 08:33:34,229 INFO  commands.RetriableDatanodeEventWatcher (RetriableDatanodeEventWatcher.java:onTimeout(47)) - RetriableDatanodeCommand type=deleteBlocksCommand with id=1563006805890 timed out. Retrying.
2019-07-13 08:33:34,245 INFO  commands.RetriableDatanodeEventWatcher (RetriableDatanodeEventWatcher.java:onTimeout(47)) - RetriableDatanodeCommand type=deleteBlocksCommand with id=1563006805900 timed out. Retrying.
2019-07-13 08:33:34,251 INFO  commands.RetriableDatanodeEventWatcher (RetriableDatanodeEventWatcher.java:onTimeout(47)) - RetriableDatanodeCommand type=deleteBlocksCommand with id=1563006805841 timed out. Retrying.
2019-07-13 08:33:34,259 INFO  commands.RetriableDatanodeEventWatcher (RetriableDatanodeEventWatcher.java:onTimeout(47)) - RetriableDatanodeCommand type=deleteBlocksCommand with id=1563006805910 timed out. Retrying.
2019-07-13 08:33:34,266 INFO  commands.RetriableDatanodeEventWatcher (RetriableDatanodeEventWatcher.java:onTimeout(47)) - RetriableDatanodeCommand type=deleteBlocksCommand with id=1563006805851 timed out. Retrying.
2019-07-13 08:33:34,274 DEBUG block.SCMBlockDeletingService (SCMBlockDeletingService.java:call(138)) - Running DeletedBlockTransactionScanner
2019-07-13 08:33:34,274 DEBUG block.SCMBlockDeletingService (SCMBlockDeletingService.java:call(155)) - Scanned deleted blocks log and got 3 delTX to process.
2019-07-13 08:33:34,274 DEBUG block.SCMBlockDeletingService (SCMBlockDeletingService.java:call(171)) - Added delete block command for datanode 912a7d3b-e3f1-4985-b06b-5f0a929b8060 in the queue, number of delete block transactions: 3, TxID list: 1,2,3
2019-07-13 08:33:34,275 INFO  block.SCMBlockDeletingService (SCMBlockDeletingService.java:call(182)) - Totally added 3 delete blocks command for 1 datanodes, task elapsed time: 1ms
2019-07-13 08:33:34,281 INFO  commands.RetriableDatanodeEventWatcher (RetriableDatanodeEventWatcher.java:onTimeout(47)) - RetriableDatanodeCommand type=deleteBlocksCommand with id=1563006805861 timed out. Retrying.
2019-07-13 08:33:34,299 INFO  commands.RetriableDatanodeEventWatcher (RetriableDatanodeEventWatcher.java:onTimeout(47)) - RetriableDatanodeCommand type=deleteBlocksCommand with id=1563006805871 timed out. Retrying.
2019-07-13 08:33:34,310 INFO  commands.RetriableDatanodeEventWatcher (RetriableDatanodeEventWatcher.java:onTimeout(47)) - RetriableDatanodeCommand type=deleteBlocksCommand with id=1563006805881 timed out. Retrying.
2019-07-13 08:33:34,331 INFO  commands.RetriableDatanodeEventWatcher (RetriableDatanodeEventWatcher.java:onTimeout(47)) - RetriableDatanodeCommand type=deleteBlocksCommand with id=1563006805891 timed out. Retrying.
2019-07-13 08:33:34,347 INFO  commands.RetriableDatanodeEventWatcher (RetriableDatanodeEventWatcher.java:onTimeout(47)) - RetriableDatanodeCommand type=deleteBlocksCommand with id=1563006805901 timed out. Retrying.
2019-07-13 08:33:34,352 INFO  commands.RetriableDatanodeEventWatcher (RetriableDatanodeEventWatcher.java:onTimeout(47)) - RetriableDatanodeCommand type=deleteBlocksCommand with id=1563006805842 timed out. Retrying.
2019-07-13 08:33:34,361 INFO  commands.RetriableDatanodeEventWatcher (RetriableDatanodeEventWatcher.java:onTimeout(47)) - RetriableDatanodeCommand type=deleteBlocksCommand with id=1563006805911 timed out. Retrying.
2019-07-13 08:33:34,366 INFO  commands.RetriableDatanodeEventWatcher (RetriableDatanodeEventWatcher.java:onTimeout(47)) - RetriableDatanodeCommand type=deleteBlocksCommand with id=1563006805852 timed out. Retrying.
2019-07-13 08:33:34,375 DEBUG block.SCMBlockDeletingService (SCMBlockDeletingService.java:call(138)) - Running DeletedBlockTransactionScanner
2019-07-13 08:33:34,376 DEBUG block.SCMBlockDeletingService (SCMBlockDeletingService.java:call(155)) - Scanned deleted blocks log and got 3 delTX to process.
2019-07-13 08:33:34,376 DEBUG block.SCMBlockDeletingService (SCMBlockDeletingService.java:call(171)) - Added delete block command for datanode 912a7d3b-e3f1-4985-b06b-5f0a929b8060 in the queue, number of delete block transactions: 3, TxID list: 1,2,3
2019-07-13 08:33:34,376 INFO  block.SCMBlockDeletingService (SCMBlockDeletingService.java:call(182)) - Totally added 3 delete blocks command for 1 datanodes, task elapsed time: 1ms
2019-07-13 08:33:34,383 INFO  commands.RetriableDatanodeEventWatcher (RetriableDatanodeEventWatcher.java:onTimeout(47)) - RetriableDatanodeCommand type=deleteBlocksCommand with id=1563006805862 timed out. Retrying.
2019-07-13 08:33:34,398 INFO  commands.RetriableDatanodeEventWatcher (RetriableDatanodeEventWatcher.java:onTimeout(47)) - RetriableDatanodeCommand type=deleteBlocksCommand with id=1563006805872 timed out. Retrying.
2019-07-13 08:33:34,412 INFO  commands.RetriableDatanodeEventWatcher (RetriableDatanodeEventWatcher.java:onTimeout(47)) - RetriableDatanodeCommand type=deleteBlocksCommand with id=1563006805882 timed out. Retrying.
2019-07-13 08:33:34,433 INFO  commands.RetriableDatanodeEventWatcher (RetriableDatanodeEventWatcher.java:onTimeout(47)) - RetriableDatanodeCommand type=deleteBlocksCommand with id=1563006805892 timed out. Retrying.
2019-07-13 08:33:34,448 INFO  commands.RetriableDatanodeEventWatcher (RetriableDatanodeEventWatcher.java:onTimeout(47)) - RetriableDatanodeCommand type=deleteBlocksCommand with id=1563006805902 timed out. Retrying.
2019-07-13 08:33:34,455 INFO  commands.RetriableDatanodeEventWatcher (RetriableDatanodeEventWatcher.java:onTimeout(47)) - RetriableDatanodeCommand type=deleteBlocksCommand with id=1563006805843 timed out. Retrying.
2019-07-13 08:33:34,463 INFO  commands.RetriableDatanodeEventWatcher (RetriableDatanodeEventWatcher.java:onTimeout(47)) - RetriableDatanodeCommand type=deleteBlocksCommand with id=1563006805912 timed out. Retrying.
2019-07-13 08:33:34,467 INFO  commands.RetriableDatanodeEventWatcher (RetriableDatanodeEventWatcher.java:onTimeout(47)) - RetriableDatanodeCommand type=deleteBlocksCommand with id=1563006805853 timed out. Retrying.
2019-07-13 08:33:34,477 DEBUG block.SCMBlockDeletingService (SCMBlockDeletingService.java:call(138)) - Running DeletedBlockTransactionScanner
2019-07-13 08:33:34,477 DEBUG block.SCMBlockDeletingService (SCMBlockDeletingService.java:call(155)) - Scanned deleted blocks log and got 3 delTX to process.
2019-07-13 08:33:34,478 DEBUG block.SCMBlockDeletingService (SCMBlockDeletingService.java:call(171)) - Added delete block command for datanode 912a7d3b-e3f1-4985-b06b-5f0a929b8060 in the queue, number of delete block transactions: 3, TxID list: 1,2,3
2019-07-13 08:33:34,478 INFO  block.SCMBlockDeletingService (SCMBlockDeletingService.java:call(182)) - Totally added 3 delete blocks command for 1 datanodes, task elapsed time: 1ms
2019-07-13 08:33:34,485 INFO  commands.RetriableDatanodeEventWatcher (RetriableDatanodeEventWatcher.java:onTimeout(47)) - RetriableDatanodeCommand type=deleteBlocksCommand with id=1563006805863 timed out. Retrying.
2019-07-13 08:33:34,501 INFO  commands.RetriableDatanodeEventWatcher (RetriableDatanodeEventWatcher.java:onTimeout(47)) - RetriableDatanodeCommand type=deleteBlocksCommand with id=1563006805873 timed out. Retrying.
2019-07-13 08:33:34,512 INFO  commands.RetriableDatanodeEventWatcher (RetriableDatanodeEventWatcher.java:onTimeout(47)) - RetriableDatanodeCommand type=deleteBlocksCommand with id=1563006805883 timed out. Retrying.
2019-07-13 08:33:34,534 INFO  commands.RetriableDatanodeEventWatcher (RetriableDatanodeEventWatcher.java:onTimeout(47)) - RetriableDatanodeCommand type=deleteBlocksCommand with id=1563006805893 timed out. Retrying.
2019-07-13 08:33:34,550 INFO  commands.RetriableDatanodeEventWatcher (RetriableDatanodeEventWatcher.java:onTimeout(47)) - RetriableDatanodeCommand type=deleteBlocksCommand with id=1563006805903 timed out. Retrying.
2019-07-13 08:33:34,555 INFO  commands.RetriableDatanodeEventWatcher (RetriableDatanodeEventWatcher.java:onTimeout(47)) - RetriableDatanodeCommand type=deleteBlocksCommand with id=1563006805844 timed out. Retrying.
2019-07-13 08:33:34,564 INFO  commands.RetriableDatanodeEventWatcher (RetriableDatanodeEventWatcher.java:onTimeout(47)) - RetriableDatanodeCommand type=deleteBlocksCommand with id=1563006805913 timed out. Retrying.
2019-07-13 08:33:34,571 INFO  commands.RetriableDatanodeEventWatcher (RetriableDatanodeEventWatcher.java:onTimeout(47)) - RetriableDatanodeCommand type=deleteBlocksCommand with id=1563006805854 timed out. Retrying.
2019-07-13 08:33:34,578 DEBUG block.SCMBlockDeletingService (SCMBlockDeletingService.java:call(138)) - Running DeletedBlockTransactionScanner
2019-07-13 08:33:34,579 DEBUG block.SCMBlockDeletingService (SCMBlockDeletingService.java:call(155)) - Scanned deleted blocks log and got 3 delTX to process.
2019-07-13 08:33:34,579 DEBUG block.SCMBlockDeletingService (SCMBlockDeletingService.java:call(171)) - Added delete block command for datanode 912a7d3b-e3f1-4985-b06b-5f0a929b8060 in the queue, number of delete block transactions: 3, TxID list: 1,2,3
2019-07-13 08:33:34,580 INFO  block.SCMBlockDeletingService (SCMBlockDeletingService.java:call(182)) - Totally added 3 delete blocks command for 1 datanodes, task elapsed time: 1ms
2019-07-13 08:33:34,608 INFO  commands.RetriableDatanodeEventWatcher (RetriableDatanodeEventWatcher.java:onTimeout(47)) - RetriableDatanodeCommand type=deleteBlocksCommand with id=1563006805874 timed out. Retrying.
2019-07-13 08:33:34,608 INFO  commands.RetriableDatanodeEventWatcher (RetriableDatanodeEventWatcher.java:onTimeout(47)) - RetriableDatanodeCommand type=deleteBlocksCommand with id=1563006805864 timed out. Retrying.
2019-07-13 08:33:34,615 INFO  commands.RetriableDatanodeEventWatcher (RetriableDatanodeEventWatcher.java:onTimeout(47)) - RetriableDatanodeCommand type=deleteBlocksCommand with id=1563006805884 timed out. Retrying.
2019-07-13 08:33:34,635 INFO  commands.RetriableDatanodeEventWatcher (RetriableDatanodeEventWatcher.java:onTimeout(47)) - RetriableDatanodeCommand type=deleteBlocksCommand with id=1563006805894 timed out. Retrying.
2019-07-13 08:33:34,651 INFO  commands.RetriableDatanodeEventWatcher (RetriableDatanodeEventWatcher.java:onTimeout(47)) - RetriableDatanodeCommand type=deleteBlocksCommand with id=1563006805904 timed out. Retrying.
2019-07-13 08:33:34,657 INFO  commands.RetriableDatanodeEventWatcher (RetriableDatanodeEventWatcher.java:onTimeout(47)) - RetriableDatanodeCommand type=deleteBlocksCommand with id=1563006805845 timed out. Retrying.
2019-07-13 08:33:34,666 INFO  commands.RetriableDatanodeEventWatcher (RetriableDatanodeEventWatcher.java:onTimeout(47)) - RetriableDatanodeCommand type=deleteBlocksCommand with id=1563006805914 timed out. Retrying.
2019-07-13 08:33:34,671 INFO  commands.RetriableDatanodeEventWatcher (RetriableDatanodeEventWatcher.java:onTimeout(47)) - RetriableDatanodeCommand type=deleteBlocksCommand with id=1563006805855 timed out. Retrying.
2019-07-13 08:33:34,680 DEBUG block.SCMBlockDeletingService (SCMBlockDeletingService.java:call(138)) - Running DeletedBlockTransactionScanner
2019-07-13 08:33:34,680 DEBUG block.SCMBlockDeletingService (SCMBlockDeletingService.java:call(155)) - Scanned deleted blocks log and got 3 delTX to process.
2019-07-13 08:33:34,681 DEBUG block.SCMBlockDeletingService (SCMBlockDeletingService.java:call(171)) - Added delete block command for datanode 912a7d3b-e3f1-4985-b06b-5f0a929b8060 in the queue, number of delete block transactions: 3, TxID list: 1,2,3
2019-07-13 08:33:34,681 INFO  block.SCMBlockDeletingService (SCMBlockDeletingService.java:call(182)) - Totally added 3 delete blocks command for 1 datanodes, task elapsed time: 1ms
2019-07-13 08:33:34,687 INFO  commands.RetriableDatanodeEventWatcher (RetriableDatanodeEventWatcher.java:onTimeout(47)) - RetriableDatanodeCommand type=deleteBlocksCommand with id=1563006805865 timed out. Retrying.
2019-07-13 08:33:34,703 INFO  commands.RetriableDatanodeEventWatcher (RetriableDatanodeEventWatcher.java:onTimeout(47)) - RetriableDatanodeCommand type=deleteBlocksCommand with id=1563006805875 timed out. Retrying.
2019-07-13 08:33:34,715 INFO  commands.RetriableDatanodeEventWatcher (RetriableDatanodeEventWatcher.java:onTimeout(47)) - RetriableDatanodeCommand type=deleteBlocksCommand with id=1563006805885 timed out. Retrying.
2019-07-13 08:33:34,737 INFO  commands.RetriableDatanodeEventWatcher (RetriableDatanodeEventWatcher.java:onTimeout(47)) - RetriableDatanodeCommand type=deleteBlocksCommand with id=1563006805895 timed out. Retrying.
2019-07-13 08:33:34,753 INFO  commands.RetriableDatanodeEventWatcher (RetriableDatanodeEventWatcher.java:onTimeout(47)) - RetriableDatanodeCommand type=deleteBlocksCommand with id=1563006805905 timed out. Retrying.
2019-07-13 08:33:34,758 INFO  commands.RetriableDatanodeEventWatcher (RetriableDatanodeEventWatcher.java:onTimeout(47)) - RetriableDatanodeCommand type=deleteBlocksCommand with id=1563006805846 timed out. Retrying.
2019-07-13 08:33:34,768 INFO  commands.RetriableDatanodeEventWatcher (RetriableDatanodeEventWatcher.java:onTimeout(47)) - RetriableDatanodeCommand type=deleteBlocksCommand with id=1563006805915 timed out. Retrying.
2019-07-13 08:33:34,774 INFO  commands.RetriableDatanodeEventWatcher (RetriableDatanodeEventWatcher.java:onTimeout(47)) - RetriableDatanodeCommand type=deleteBlocksCommand with id=1563006805856 timed out. Retrying.
2019-07-13 08:33:34,782 DEBUG block.SCMBlockDeletingService (SCMBlockDeletingService.java:call(138)) - Running DeletedBlockTransactionScanner
2019-07-13 08:33:34,782 DEBUG block.SCMBlockDeletingService (SCMBlockDeletingService.java:call(155)) - Scanned deleted blocks log and got 3 delTX to process.
2019-07-13 08:33:34,782 DEBUG block.SCMBlockDeletingService (SCMBlockDeletingService.java:call(171)) - Added delete block command for datanode 912a7d3b-e3f1-4985-b06b-5f0a929b8060 in the queue, number of delete block transactions: 3, TxID list: 1,2,3
2019-07-13 08:33:34,783 INFO  block.SCMBlockDeletingService (SCMBlockDeletingService.java:call(182)) - Totally added 3 delete blocks command for 1 datanodes, task elapsed time: 1ms
2019-07-13 08:33:34,790 INFO  commands.RetriableDatanodeEventWatcher (RetriableDatanodeEventWatcher.java:onTimeout(47)) - RetriableDatanodeCommand type=deleteBlocksCommand with id=1563006805866 timed out. Retrying.
2019-07-13 08:33:34,804 INFO  commands.RetriableDatanodeEventWatcher (RetriableDatanodeEventWatcher.java:onTimeout(47)) - RetriableDatanodeCommand type=deleteBlocksCommand with id=1563006805876 timed out. Retrying.
2019-07-13 08:33:34,818 INFO  commands.RetriableDatanodeEventWatcher (RetriableDatanodeEventWatcher.java:onTimeout(47)) - RetriableDatanodeCommand type=deleteBlocksCommand with id=1563006805886 timed out. Retrying.
2019-07-13 08:33:34,838 INFO  ozone.MiniOzoneClusterImpl (MiniOzoneClusterImpl.java:lambda$waitForClusterToBeReady$0(142)) - Waiting for cluster to be ready. Got 0 of 1 DN Heartbeats.
2019-07-13 08:33:34,838 INFO  commands.RetriableDatanodeEventWatcher (RetriableDatanodeEventWatcher.java:onTimeout(47)) - RetriableDatanodeCommand type=deleteBlocksCommand with id=1563006805896 timed out. Retrying.
2019-07-13 08:33:34,845 INFO  commands.RetriableDatanodeEventWatcher (RetriableDatanodeEventWatcher.java:onTimeout(47)) - RetriableDatanodeCommand type=deleteBlocksCommand with id=1563006805837 timed out. Retrying.
2019-07-13 08:33:34,853 INFO  commands.RetriableDatanodeEventWatcher (RetriableDatanodeEventWatcher.java:onTimeout(47)) - RetriableDatanodeCommand type=deleteBlocksCommand with id=1563006805906 timed out. Retrying.
2019-07-13 08:33:34,860 INFO  commands.RetriableDatanodeEventWatcher (RetriableDatanodeEventWatcher.java:onTimeout(47)) - RetriableDatanodeCommand type=deleteBlocksCommand with id=1563006805847 timed out. Retrying.
2019-07-13 08:33:34,868 INFO  commands.RetriableDatanodeEventWatcher (RetriableDatanodeEventWatcher.java:onTimeout(47)) - RetriableDatanodeCommand type=deleteBlocksCommand with id=1563006805916 timed out. Retrying.
2019-07-13 08:33:34,876 INFO  commands.RetriableDatanodeEventWatcher (RetriableDatanodeEventWatcher.java:onTimeout(47)) - RetriableDatanodeCommand type=deleteBlocksCommand with id=1563006805857 timed out. Retrying.
2019-07-13 08:33:34,883 DEBUG block.SCMBlockDeletingService (SCMBlockDeletingService.java:call(138)) - Running DeletedBlockTransactionScanner
2019-07-13 08:33:34,884 DEBUG block.SCMBlockDeletingService (SCMBlockDeletingService.java:call(155)) - Scanned deleted blocks log and got 3 delTX to process.
2019-07-13 08:33:34,884 DEBUG block.SCMBlockDeletingService (SCMBlockDeletingService.java:call(171)) - Added delete block command for datanode 912a7d3b-e3f1-4985-b06b-5f0a929b8060 in the queue, number of delete block transactions: 3, TxID list: 1,2,3
2019-07-13 08:33:34,884 INFO  block.SCMBlockDeletingService (SCMBlockDeletingService.java:call(182)) - Totally added 3 delete blocks command for 1 datanodes, task elapsed time: 1ms
2019-07-13 08:33:34,890 INFO  commands.RetriableDatanodeEventWatcher (RetriableDatanodeEventWatcher.java:onTimeout(47)) - RetriableDatanodeCommand type=deleteBlocksCommand with id=1563006805867 timed out. Retrying.
2019-07-13 08:33:34,909 INFO  commands.RetriableDatanodeEventWatcher (RetriableDatanodeEventWatcher.java:onTimeout(47)) - RetriableDatanodeCommand type=deleteBlocksCommand with id=1563006805877 timed out. Retrying.
2019-07-13 08:33:34,923 INFO  commands.RetriableDatanodeEventWatcher (RetriableDatanodeEventWatcher.java:onTimeout(47)) - RetriableDatanodeCommand type=deleteBlocksCommand with id=1563006805887 timed out. Retrying.
2019-07-13 08:33:34,941 INFO  commands.RetriableDatanodeEventWatcher (RetriableDatanodeEventWatcher.java:onTimeout(47)) - RetriableDatanodeCommand type=deleteBlocksCommand with id=1563006805897 timed out. Retrying.
2019-07-13 08:33:34,944 INFO  commands.RetriableDatanodeEventWatcher (RetriableDatanodeEventWatcher.java:onTimeout(47)) - RetriableDatanodeCommand type=deleteBlocksCommand with id=1563006805838 timed out. Retrying.
2019-07-13 08:33:34,956 INFO  commands.RetriableDatanodeEventWatcher (RetriableDatanodeEventWatcher.java:onTimeout(47)) - RetriableDatanodeCommand type=deleteBlocksCommand with id=1563006805907 timed out. Retrying.
2019-07-13 08:33:34,961 INFO  commands.RetriableDatanodeEventWatcher (RetriableDatanodeEventWatcher.java:onTimeout(47)) - RetriableDatanodeCommand type=deleteBlocksCommand with id=1563006805848 timed out. Retrying.
2019-07-13 08:33:34,970 INFO  commands.RetriableDatanodeEventWatcher (RetriableDatanodeEventWatcher.java:onTimeout(47)) - RetriableDatanodeCommand type=deleteBlocksCommand with id=1563006805917 timed out. Retrying.
2019-07-13 08:33:34,977 INFO  commands.RetriableDatanodeEventWatcher (RetriableDatanodeEventWatcher.java:onTimeout(47)) - RetriableDatanodeCommand type=deleteBlocksCommand with id=1563006805858 timed out. Retrying.
2019-07-13 08:33:34,985 DEBUG block.SCMBlockDeletingService (SCMBlockDeletingService.java:call(138)) - Running DeletedBlockTransactionScanner
2019-07-13 08:33:34,985 DEBUG block.SCMBlockDeletingService (SCMBlockDeletingService.java:call(155)) - Scanned deleted blocks log and got 3 delTX to process.
2019-07-13 08:33:34,985 DEBUG block.SCMBlockDeletingService (SCMBlockDeletingService.java:call(171)) - Added delete block command for datanode 912a7d3b-e3f1-4985-b06b-5f0a929b8060 in the queue, number of delete block transactions: 3, TxID list: 1,2,3
2019-07-13 08:33:34,986 INFO  block.SCMBlockDeletingService (SCMBlockDeletingService.java:call(182)) - Totally added 3 delete blocks command for 1 datanodes, task elapsed time: 1ms
2019-07-13 08:33:34,992 INFO  commands.RetriableDatanodeEventWatcher (RetriableDatanodeEventWatcher.java:onTimeout(47)) - RetriableDatanodeCommand type=deleteBlocksCommand with id=1563006805868 timed out. Retrying.
2019-07-13 08:33:35,006 INFO  commands.RetriableDatanodeEventWatcher (RetriableDatanodeEventWatcher.java:onTimeout(47)) - RetriableDatanodeCommand type=deleteBlocksCommand with id=1563006805878 timed out. Retrying.
2019-07-13 08:33:35,027 INFO  commands.RetriableDatanodeEventWatcher (RetriableDatanodeEventWatcher.java:onTimeout(47)) - RetriableDatanodeCommand type=deleteBlocksCommand with id=1563006805888 timed out. Retrying.
2019-07-13 08:33:35,041 INFO  commands.RetriableDatanodeEventWatcher (RetriableDatanodeEventWatcher.java:onTimeout(47)) - RetriableDatanodeCommand type=deleteBlocksCommand with id=1563006805898 timed out. Retrying.
2019-07-13 08:33:35,050 INFO  commands.RetriableDatanodeEventWatcher (RetriableDatanodeEventWatcher.java:onTimeout(47)) - RetriableDatanodeCommand type=deleteBlocksCommand with id=1563006805839 timed out. Retrying.
2019-07-13 08:33:35,057 INFO  commands.RetriableDatanodeEventWatcher (RetriableDatanodeEventWatcher.java:onTimeout(47)) - RetriableDatanodeCommand type=deleteBlocksCommand with id=1563006805908 timed out. Retrying.
2019-07-13 08:33:35,062 INFO  commands.RetriableDatanodeEventWatcher (RetriableDatanodeEventWatcher.java:onTimeout(47)) - RetriableDatanodeCommand type=deleteBlocksCommand with id=1563006805849 timed out. Retrying.
2019-07-13 08:33:35,072 INFO  commands.RetriableDatanodeEventWatcher (RetriableDatanodeEventWatcher.java:onTimeout(47)) - RetriableDatanodeCommand type=deleteBlocksCommand with id=1563006805918 timed out. Retrying.
2019-07-13 08:33:35,078 INFO  commands.RetriableDatanodeEventWatcher (RetriableDatanodeEventWatcher.java:onTimeout(47)) - RetriableDatanodeCommand type=deleteBlocksCommand with id=1563006805859 timed out. Retrying.
2019-07-13 08:33:35,086 DEBUG block.SCMBlockDeletingService (SCMBlockDeletingService.java:call(138)) - Running DeletedBlockTransactionScanner
2019-07-13 08:33:35,087 DEBUG block.SCMBlockDeletingService (SCMBlockDeletingService.java:call(155)) - Scanned deleted blocks log and got 3 delTX to process.
2019-07-13 08:33:35,087 DEBUG block.SCMBlockDeletingService (SCMBlockDeletingService.java:call(171)) - Added delete block command for datanode 912a7d3b-e3f1-4985-b06b-5f0a929b8060 in the queue, number of delete block transactions: 3, TxID list: 1,2,3
2019-07-13 08:33:35,087 INFO  block.SCMBlockDeletingService (SCMBlockDeletingService.java:call(182)) - Totally added 3 delete blocks command for 1 datanodes, task elapsed time: 1ms
2019-07-13 08:33:35,095 INFO  commands.RetriableDatanodeEventWatcher (RetriableDatanodeEventWatcher.java:onTimeout(47)) - RetriableDatanodeCommand type=deleteBlocksCommand with id=1563006805869 timed out. Retrying.
2019-07-13 08:33:35,107 INFO  commands.RetriableDatanodeEventWatcher (RetriableDatanodeEventWatcher.java:onTimeout(47)) - RetriableDatanodeCommand type=deleteBlocksCommand with id=1563006805879 timed out. Retrying.
2019-07-13 08:33:35,128 INFO  commands.RetriableDatanodeEventWatcher (RetriableDatanodeEventWatcher.java:onTimeout(47)) - RetriableDatanodeCommand type=deleteBlocksCommand with id=1563006805889 timed out. Retrying.
2019-07-13 08:33:35,144 INFO  commands.RetriableDatanodeEventWatcher (RetriableDatanodeEventWatcher.java:onTimeout(47)) - RetriableDatanodeCommand type=deleteBlocksCommand with id=1563006805899 timed out. Retrying.
2019-07-13 08:33:35,150 INFO  commands.RetriableDatanodeEventWatcher (RetriableDatanodeEventWatcher.java:onTimeout(47)) - RetriableDatanodeCommand type=deleteBlocksCommand with id=1563006805840 timed out. Retrying.
2019-07-13 08:33:35,158 INFO  commands.RetriableDatanodeEventWatcher (RetriableDatanodeEventWatcher.java:onTimeout(47)) - RetriableDatanodeCommand type=deleteBlocksCommand with id=1563006805909 timed out. Retrying.
2019-07-13 08:33:35,165 INFO  commands.RetriableDatanodeEventWatcher (RetriableDatanodeEventWatcher.java:onTimeout(47)) - RetriableDatanodeCommand type=deleteBlocksCommand with id=1563006805850 timed out. Retrying.
2019-07-13 08:33:35,173 INFO  commands.RetriableDatanodeEventWatcher (RetriableDatanodeEventWatcher.java:onTimeout(47)) - RetriableDatanodeCommand type=deleteBlocksCommand with id=1563006805919 timed out. Retrying.
2019-07-13 08:33:35,181 INFO  commands.RetriableDatanodeEventWatcher (RetriableDatanodeEventWatcher.java:onTimeout(47)) - RetriableDatanodeCommand type=deleteBlocksCommand with id=1563006805860 timed out. Retrying.
2019-07-13 08:33:35,188 DEBUG block.SCMBlockDeletingService (SCMBlockDeletingService.java:call(138)) - Running DeletedBlockTransactionScanner
2019-07-13 08:33:35,188 DEBUG block.SCMBlockDeletingService (SCMBlockDeletingService.java:call(155)) - Scanned deleted blocks log and got 3 delTX to process.
2019-07-13 08:33:35,188 DEBUG block.SCMBlockDeletingService (SCMBlockDeletingService.java:call(171)) - Added delete block command for datanode 912a7d3b-e3f1-4985-b06b-5f0a929b8060 in the queue, number of delete block transactions: 3, TxID list: 1,2,3
2019-07-13 08:33:35,189 INFO  block.SCMBlockDeletingService (SCMBlockDeletingService.java:call(182)) - Totally added 3 delete blocks command for 1 datanodes, task elapsed time: 1ms
2019-07-13 08:33:35,196 INFO  commands.RetriableDatanodeEventWatcher (RetriableDatanodeEventWatcher.java:onTimeout(47)) - RetriableDatanodeCommand type=deleteBlocksCommand with id=1563006805870 timed out. Retrying.
2019-07-13 08:33:35,208 INFO  commands.RetriableDatanodeEventWatcher (RetriableDatanodeEventWatcher.java:onTimeout(47)) - RetriableDatanodeCommand type=deleteBlocksCommand with id=1563006805880 timed out. Retrying.
2019-07-13 08:33:35,230 INFO  commands.RetriableDatanodeEventWatcher (RetriableDatanodeEventWatcher.java:onTimeout(47)) - RetriableDatanodeCommand type=deleteBlocksCommand with id=1563006805890 timed out. Retrying.
2019-07-13 08:33:35,245 INFO  commands.RetriableDatanodeEventWatcher (RetriableDatanodeEventWatcher.java:onTimeout(47)) - RetriableDatanodeCommand type=deleteBlocksCommand with id=1563006805900 timed out. Retrying.
2019-07-13 08:33:35,251 INFO  commands.RetriableDatanodeEventWatcher (RetriableDatanodeEventWatcher.java:onTimeout(47)) - RetriableDatanodeCommand type=deleteBlocksCommand with id=1563006805841 timed out. Retrying.
2019-07-13 08:33:35,259 INFO  commands.RetriableDatanodeEventWatcher (RetriableDatanodeEventWatcher.java:onTimeout(47)) - RetriableDatanodeCommand type=deleteBlocksCommand with id=1563006805910 timed out. Retrying.
2019-07-13 08:33:35,267 INFO  commands.RetriableDatanodeEventWatcher (RetriableDatanodeEventWatcher.java:onTimeout(47)) - RetriableDatanodeCommand type=deleteBlocksCommand with id=1563006805851 timed out. Retrying.
2019-07-13 08:33:35,275 INFO  commands.RetriableDatanodeEventWatcher (RetriableDatanodeEventWatcher.java:onTimeout(47)) - RetriableDatanodeCommand type=deleteBlocksCommand with id=1563006805920 timed out. Retrying.
2019-07-13 08:33:35,281 INFO  commands.RetriableDatanodeEventWatcher (RetriableDatanodeEventWatcher.java:onTimeout(47)) - RetriableDatanodeCommand type=deleteBlocksCommand with id=1563006805861 timed out. Retrying.
2019-07-13 08:33:35,289 DEBUG block.SCMBlockDeletingService (SCMBlockDeletingService.java:call(138)) - Running DeletedBlockTransactionScanner
2019-07-13 08:33:35,289 DEBUG block.SCMBlockDeletingService (SCMBlockDeletingService.java:call(155)) - Scanned deleted blocks log and got 3 delTX to process.
2019-07-13 08:33:35,290 DEBUG block.SCMBlockDeletingService (SCMBlockDeletingService.java:call(171)) - Added delete block command for datanode 912a7d3b-e3f1-4985-b06b-5f0a929b8060 in the queue, number of delete block transactions: 3, TxID list: 1,2,3
2019-07-13 08:33:35,290 INFO  block.SCMBlockDeletingService (SCMBlockDeletingService.java:call(182)) - Totally added 3 delete blocks command for 1 datanodes, task elapsed time: 1ms
2019-07-13 08:33:35,299 INFO  commands.RetriableDatanodeEventWatcher (RetriableDatanodeEventWatcher.java:onTimeout(47)) - RetriableDatanodeCommand type=deleteBlocksCommand with id=1563006805871 timed out. Retrying.
2019-07-13 08:33:35,311 INFO  commands.RetriableDatanodeEventWatcher (RetriableDatanodeEventWatcher.java:onTimeout(47)) - RetriableDatanodeCommand type=deleteBlocksCommand with id=1563006805881 timed out. Retrying.
2019-07-13 08:33:35,332 INFO  commands.RetriableDatanodeEventWatcher (RetriableDatanodeEventWatcher.java:onTimeout(47)) - RetriableDatanodeCommand type=deleteBlocksCommand with id=1563006805891 timed out. Retrying.
2019-07-13 08:33:35,347 INFO  commands.RetriableDatanodeEventWatcher (RetriableDatanodeEventWatcher.java:onTimeout(47)) - RetriableDatanodeCommand type=deleteBlocksCommand with id=1563006805901 timed out. Retrying.
2019-07-13 08:33:35,352 INFO  commands.RetriableDatanodeEventWatcher (RetriableDatanodeEventWatcher.java:onTimeout(47)) - RetriableDatanodeCommand type=deleteBlocksCommand with id=1563006805842 timed out. Retrying.
2019-07-13 08:33:35,362 INFO  commands.RetriableDatanodeEventWatcher (RetriableDatanodeEventWatcher.java:onTimeout(47)) - RetriableDatanodeCommand type=deleteBlocksCommand with id=1563006805911 timed out. Retrying.
2019-07-13 08:33:35,366 INFO  commands.RetriableDatanodeEventWatcher (RetriableDatanodeEventWatcher.java:onTimeout(47)) - RetriableDatanodeCommand type=deleteBlocksCommand with id=1563006805852 timed out. Retrying.
2019-07-13 08:33:35,377 INFO  commands.RetriableDatanodeEventWatcher (RetriableDatanodeEventWatcher.java:onTimeout(47)) - RetriableDatanodeCommand type=deleteBlocksCommand with id=1563006805921 timed out. Retrying.
2019-07-13 08:33:35,383 INFO  commands.RetriableDatanodeEventWatcher (RetriableDatanodeEventWatcher.java:onTimeout(47)) - RetriableDatanodeCommand type=deleteBlocksCommand with id=1563006805862 timed out. Retrying.
2019-07-13 08:33:35,390 DEBUG block.SCMBlockDeletingService (SCMBlockDeletingService.java:call(138)) - Running DeletedBlockTransactionScanner
2019-07-13 08:33:35,391 DEBUG block.SCMBlockDeletingService (SCMBlockDeletingService.java:call(155)) - Scanned deleted blocks log and got 3 delTX to process.
2019-07-13 08:33:35,391 DEBUG block.SCMBlockDeletingService (SCMBlockDeletingService.java:call(171)) - Added delete block command for datanode 912a7d3b-e3f1-4985-b06b-5f0a929b8060 in the queue, number of delete block transactions: 3, TxID list: 1,2,3
2019-07-13 08:33:35,391 INFO  block.SCMBlockDeletingService (SCMBlockDeletingService.java:call(182)) - Totally added 3 delete blocks command for 1 datanodes, task elapsed time: 1ms
2019-07-13 08:33:35,398 INFO  commands.RetriableDatanodeEventWatcher (RetriableDatanodeEventWatcher.java:onTimeout(47)) - RetriableDatanodeCommand type=deleteBlocksCommand with id=1563006805872 timed out. Retrying.
2019-07-13 08:33:35,413 INFO  commands.RetriableDatanodeEventWatcher (RetriableDatanodeEventWatcher.java:onTimeout(47)) - RetriableDatanodeCommand type=deleteBlocksCommand with id=1563006805882 timed out. Retrying.
2019-07-13 08:33:35,433 INFO  commands.RetriableDatanodeEventWatcher (RetriableDatanodeEventWatcher.java:onTimeout(47)) - RetriableDatanodeCommand type=deleteBlocksCommand with id=1563006805892 timed out. Retrying.
2019-07-13 08:33:35,449 INFO  commands.RetriableDatanodeEventWatcher (RetriableDatanodeEventWatcher.java:onTimeout(47)) - RetriableDatanodeCommand type=deleteBlocksCommand with id=1563006805902 timed out. Retrying.
2019-07-13 08:33:35,455 INFO  commands.RetriableDatanodeEventWatcher (RetriableDatanodeEventWatcher.java:onTimeout(47)) - RetriableDatanodeCommand type=deleteBlocksCommand with id=1563006805843 timed out. Retrying.
2019-07-13 08:33:35,464 INFO  commands.RetriableDatanodeEventWatcher (RetriableDatanodeEventWatcher.java:onTimeout(47)) - RetriableDatanodeCommand type=deleteBlocksCommand with id=1563006805912 timed out. Retrying.
2019-07-13 08:33:35,467 INFO  commands.RetriableDatanodeEventWatcher (RetriableDatanodeEventWatcher.java:onTimeout(47)) - RetriableDatanodeCommand type=deleteBlocksCommand with id=1563006805853 timed out. Retrying.
2019-07-13 08:33:35,478 INFO  commands.RetriableDatanodeEventWatcher (RetriableDatanodeEventWatcher.java:onTimeout(47)) - RetriableDatanodeCommand type=deleteBlocksCommand with id=1563006805922 timed out. Retrying.
2019-07-13 08:33:35,485 INFO  commands.RetriableDatanodeEventWatcher (RetriableDatanodeEventWatcher.java:onTimeout(47)) - RetriableDatanodeCommand type=deleteBlocksCommand with id=1563006805863 timed out. Retrying.
2019-07-13 08:33:35,492 DEBUG block.SCMBlockDeletingService (SCMBlockDeletingService.java:call(138)) - Running DeletedBlockTransactionScanner
2019-07-13 08:33:35,492 DEBUG block.SCMBlockDeletingService (SCMBlockDeletingService.java:call(155)) - Scanned deleted blocks log and got 3 delTX to process.
2019-07-13 08:33:35,492 DEBUG block.SCMBlockDeletingService (SCMBlockDeletingService.java:call(171)) - Added delete block command for datanode 912a7d3b-e3f1-4985-b06b-5f0a929b8060 in the queue, number of delete block transactions: 3, TxID list: 1,2,3
2019-07-13 08:33:35,493 INFO  block.SCMBlockDeletingService (SCMBlockDeletingService.java:call(182)) - Totally added 3 delete blocks command for 1 datanodes, task elapsed time: 1ms
2019-07-13 08:33:35,501 INFO  commands.RetriableDatanodeEventWatcher (RetriableDatanodeEventWatcher.java:onTimeout(47)) - RetriableDatanodeCommand type=deleteBlocksCommand with id=1563006805873 timed out. Retrying.
2019-07-13 08:33:35,513 INFO  commands.RetriableDatanodeEventWatcher (RetriableDatanodeEventWatcher.java:onTimeout(47)) - RetriableDatanodeCommand type=deleteBlocksCommand with id=1563006805883 timed out. Retrying.
2019-07-13 08:33:35,534 INFO  commands.RetriableDatanodeEventWatcher (RetriableDatanodeEventWatcher.java:onTimeout(47)) - RetriableDatanodeCommand type=deleteBlocksCommand with id=1563006805893 timed out. Retrying.
2019-07-13 08:33:35,551 INFO  commands.RetriableDatanodeEventWatcher (RetriableDatanodeEventWatcher.java:onTimeout(47)) - RetriableDatanodeCommand type=deleteBlocksCommand with id=1563006805903 timed out. Retrying.
2019-07-13 08:33:35,555 INFO  commands.RetriableDatanodeEventWatcher (RetriableDatanodeEventWatcher.java:onTimeout(47)) - RetriableDatanodeCommand type=deleteBlocksCommand with id=1563006805844 timed out. Retrying.
2019-07-13 08:33:35,565 INFO  commands.RetriableDatanodeEventWatcher (RetriableDatanodeEventWatcher.java:onTimeout(47)) - RetriableDatanodeCommand type=deleteBlocksCommand with id=1563006805913 timed out. Retrying.
2019-07-13 08:33:35,572 INFO  commands.RetriableDatanodeEventWatcher (RetriableDatanodeEventWatcher.java:onTimeout(47)) - RetriableDatanodeCommand type=deleteBlocksCommand with id=1563006805854 timed out. Retrying.
2019-07-13 08:33:35,579 INFO  commands.RetriableDatanodeEventWatcher (RetriableDatanodeEventWatcher.java:onTimeout(47)) - RetriableDatanodeCommand type=deleteBlocksCommand with id=1563006805923 timed out. Retrying.
2019-07-13 08:33:35,593 DEBUG block.SCMBlockDeletingService (SCMBlockDeletingService.java:call(138)) - Running DeletedBlockTransactionScanner
2019-07-13 08:33:35,594 DEBUG block.SCMBlockDeletingService (SCMBlockDeletingService.java:call(155)) - Scanned deleted blocks log and got 3 delTX to process.
2019-07-13 08:33:35,594 DEBUG block.SCMBlockDeletingService (SCMBlockDeletingService.java:call(171)) - Added delete block command for datanode 912a7d3b-e3f1-4985-b06b-5f0a929b8060 in the queue, number of delete block transactions: 3, TxID list: 1,2,3
2019-07-13 08:33:35,594 INFO  block.SCMBlockDeletingService (SCMBlockDeletingService.java:call(182)) - Totally added 3 delete blocks command for 1 datanodes, task elapsed time: 1ms
2019-07-13 08:33:35,607 INFO  commands.RetriableDatanodeEventWatcher (RetriableDatanodeEventWatcher.java:onTimeout(47)) - RetriableDatanodeCommand type=deleteBlocksCommand with id=1563006805874 timed out. Retrying.
2019-07-13 08:33:35,609 INFO  commands.RetriableDatanodeEventWatcher (RetriableDatanodeEventWatcher.java:onTimeout(47)) - RetriableDatanodeCommand type=deleteBlocksCommand with id=1563006805864 timed out. Retrying.
2019-07-13 08:33:35,615 INFO  commands.RetriableDatanodeEventWatcher (RetriableDatanodeEventWatcher.java:onTimeout(47)) - RetriableDatanodeCommand type=deleteBlocksCommand with id=1563006805884 timed out. Retrying.
2019-07-13 08:33:35,636 INFO  commands.RetriableDatanodeEventWatcher (RetriableDatanodeEventWatcher.java:onTimeout(47)) - RetriableDatanodeCommand type=deleteBlocksCommand with id=1563006805894 timed out. Retrying.
2019-07-13 08:33:35,651 INFO  commands.RetriableDatanodeEventWatcher (RetriableDatanodeEventWatcher.java:onTimeout(47)) - RetriableDatanodeCommand type=deleteBlocksCommand with id=1563006805904 timed out. Retrying.
2019-07-13 08:33:35,658 INFO  commands.RetriableDatanodeEventWatcher (RetriableDatanodeEventWatcher.java:onTimeout(47)) - RetriableDatanodeCommand type=deleteBlocksCommand with id=1563006805845 timed out. Retrying.
2019-07-13 08:33:35,666 INFO  commands.RetriableDatanodeEventWatcher (RetriableDatanodeEventWatcher.java:onTimeout(47)) - RetriableDatanodeCommand type=deleteBlocksCommand with id=1563006805914 timed out. Retrying.
2019-07-13 08:33:35,671 INFO  commands.RetriableDatanodeEventWatcher (RetriableDatanodeEventWatcher.java:onTimeout(47)) - RetriableDatanodeCommand type=deleteBlocksCommand with id=1563006805855 timed out. Retrying.
2019-07-13 08:33:35,681 INFO  commands.RetriableDatanodeEventWatcher (RetriableDatanodeEventWatcher.java:onTimeout(47)) - RetriableDatanodeCommand type=deleteBlocksCommand with id=1563006805924 timed out. Retrying.
2019-07-13 08:33:35,687 INFO  commands.RetriableDatanodeEventWatcher (RetriableDatanodeEventWatcher.java:onTimeout(47)) - RetriableDatanodeCommand type=deleteBlocksCommand with id=1563006805865 timed out. Retrying.
2019-07-13 08:33:35,695 DEBUG block.SCMBlockDeletingService (SCMBlockDeletingService.java:call(138)) - Running DeletedBlockTransactionScanner
2019-07-13 08:33:35,695 DEBUG block.SCMBlockDeletingService (SCMBlockDeletingService.java:call(155)) - Scanned deleted blocks log and got 3 delTX to process.
2019-07-13 08:33:35,695 DEBUG block.SCMBlockDeletingService (SCMBlockDeletingService.java:call(171)) - Added delete block command for datanode 912a7d3b-e3f1-4985-b06b-5f0a929b8060 in the queue, number of delete block transactions: 3, TxID list: 1,2,3
2019-07-13 08:33:35,696 INFO  block.SCMBlockDeletingService (SCMBlockDeletingService.java:call(182)) - Totally added 3 delete blocks command for 1 datanodes, task elapsed time: 1ms
2019-07-13 08:33:35,704 INFO  commands.RetriableDatanodeEventWatcher (RetriableDatanodeEventWatcher.java:onTimeout(47)) - RetriableDatanodeCommand type=deleteBlocksCommand with id=1563006805875 timed out. Retrying.
2019-07-13 08:33:35,716 INFO  commands.RetriableDatanodeEventWatcher (RetriableDatanodeEventWatcher.java:onTimeout(47)) - RetriableDatanodeCommand type=deleteBlocksCommand with id=1563006805885 timed out. Retrying.
2019-07-13 08:33:35,738 INFO  commands.RetriableDatanodeEventWatcher (RetriableDatanodeEventWatcher.java:onTimeout(47)) - RetriableDatanodeCommand type=deleteBlocksCommand with id=1563006805895 timed out. Retrying.
2019-07-13 08:33:35,752 INFO  commands.RetriableDatanodeEventWatcher (RetriableDatanodeEventWatcher.java:onTimeout(47)) - RetriableDatanodeCommand type=deleteBlocksCommand with id=1563006805905 timed out. Retrying.
2019-07-13 08:33:35,759 INFO  commands.RetriableDatanodeEventWatcher (RetriableDatanodeEventWatcher.java:onTimeout(47)) - RetriableDatanodeCommand type=deleteBlocksCommand with id=1563006805846 timed out. Retrying.
2019-07-13 08:33:35,768 INFO  commands.RetriableDatanodeEventWatcher (RetriableDatanodeEventWatcher.java:onTimeout(47)) - RetriableDatanodeCommand type=deleteBlocksCommand with id=1563006805915 timed out. Retrying.
2019-07-13 08:33:35,775 INFO  commands.RetriableDatanodeEventWatcher (RetriableDatanodeEventWatcher.java:onTimeout(47)) - RetriableDatanodeCommand type=deleteBlocksCommand with id=1563006805856 timed out. Retrying.
2019-07-13 08:33:35,782 INFO  commands.RetriableDatanodeEventWatcher (RetriableDatanodeEventWatcher.java:onTimeout(47)) - RetriableDatanodeCommand type=deleteBlocksCommand with id=1563006805925 timed out. Retrying.
2019-07-13 08:33:35,791 INFO  commands.RetriableDatanodeEventWatcher (RetriableDatanodeEventWatcher.java:onTimeout(47)) - RetriableDatanodeCommand type=deleteBlocksCommand with id=1563006805866 timed out. Retrying.
2019-07-13 08:33:35,796 DEBUG block.SCMBlockDeletingService (SCMBlockDeletingService.java:call(138)) - Running DeletedBlockTransactionScanner
2019-07-13 08:33:35,796 DEBUG block.SCMBlockDeletingService (SCMBlockDeletingService.java:call(155)) - Scanned deleted blocks log and got 3 delTX to process.
2019-07-13 08:33:35,797 DEBUG block.SCMBlockDeletingService (SCMBlockDeletingService.java:call(171)) - Added delete block command for datanode 912a7d3b-e3f1-4985-b06b-5f0a929b8060 in the queue, number of delete block transactions: 3, TxID list: 1,2,3
2019-07-13 08:33:35,797 INFO  block.SCMBlockDeletingService (SCMBlockDeletingService.java:call(182)) - Totally added 3 delete blocks command for 1 datanodes, task elapsed time: 1ms
2019-07-13 08:33:35,805 INFO  commands.RetriableDatanodeEventWatcher (RetriableDatanodeEventWatcher.java:onTimeout(47)) - RetriableDatanodeCommand type=deleteBlocksCommand with id=1563006805876 timed out. Retrying.
2019-07-13 08:33:35,818 INFO  commands.RetriableDatanodeEventWatcher (RetriableDatanodeEventWatcher.java:onTimeout(47)) - RetriableDatanodeCommand type=deleteBlocksCommand with id=1563006805886 timed out. Retrying.
2019-07-13 08:33:35,838 INFO  ozone.MiniOzoneClusterImpl (MiniOzoneClusterImpl.java:lambda$waitForClusterToBeReady$0(142)) - Waiting for cluster to be ready. Got 0 of 1 DN Heartbeats.
2019-07-13 08:33:35,839 INFO  commands.RetriableDatanodeEventWatcher (RetriableDatanodeEventWatcher.java:onTimeout(47)) - RetriableDatanodeCommand type=deleteBlocksCommand with id=1563006805896 timed out. Retrying.
2019-07-13 08:33:35,842 INFO  block.SCMBlockDeletingService (SCMBlockDeletingService.java:handlePendingDeletes(115)) - Block deletion txnID mismatch in datanode 912a7d3b-e3f1-4985-b06b-5f0a929b8060 for containerID 1. Datanode delete txnID: 0, SCM txnID: 1
2019-07-13 08:33:35,842 INFO  block.SCMBlockDeletingService (SCMBlockDeletingService.java:handlePendingDeletes(115)) - Block deletion txnID mismatch in datanode 912a7d3b-e3f1-4985-b06b-5f0a929b8060 for containerID 2. Datanode delete txnID: 0, SCM txnID: 2
2019-07-13 08:33:35,842 INFO  block.SCMBlockDeletingService (SCMBlockDeletingService.java:handlePendingDeletes(115)) - Block deletion txnID mismatch in datanode 912a7d3b-e3f1-4985-b06b-5f0a929b8060 for containerID 3. Datanode delete txnID: 0, SCM txnID: 3
2019-07-13 08:33:35,845 INFO  commands.RetriableDatanodeEventWatcher (RetriableDatanodeEventWatcher.java:onTimeout(47)) - RetriableDatanodeCommand type=deleteBlocksCommand with id=1563006805837 timed out. Retrying.
2019-07-13 08:33:35,854 INFO  commands.RetriableDatanodeEventWatcher (RetriableDatanodeEventWatcher.java:onTimeout(47)) - RetriableDatanodeCommand type=deleteBlocksCommand with id=1563006805906 timed out. Retrying.
2019-07-13 08:33:35,860 INFO  commands.RetriableDatanodeEventWatcher (RetriableDatanodeEventWatcher.java:onTimeout(47)) - RetriableDatanodeCommand type=deleteBlocksCommand with id=1563006805847 timed out. Retrying.
2019-07-13 08:33:35,869 INFO  commands.RetriableDatanodeEventWatcher (RetriableDatanodeEventWatcher.java:onTimeout(47)) - RetriableDatanodeCommand type=deleteBlocksCommand with id=1563006805916 timed out. Retrying.
2019-07-13 08:33:35,877 INFO  commands.RetriableDatanodeEventWatcher (RetriableDatanodeEventWatcher.java:onTimeout(47)) - RetriableDatanodeCommand type=deleteBlocksCommand with id=1563006805857 timed out. Retrying.
2019-07-13 08:33:35,885 INFO  commands.RetriableDatanodeEventWatcher (RetriableDatanodeEventWatcher.java:onTimeout(47)) - RetriableDatanodeCommand type=deleteBlocksCommand with id=1563006805926 timed out. Retrying.
2019-07-13 08:33:35,891 INFO  commands.RetriableDatanodeEventWatcher (RetriableDatanodeEventWatcher.java:onTimeout(47)) - RetriableDatanodeCommand type=deleteBlocksCommand with id=1563006805867 timed out. Retrying.
2019-07-13 08:33:35,897 DEBUG block.SCMBlockDeletingService (SCMBlockDeletingService.java:call(138)) - Running DeletedBlockTransactionScanner
2019-07-13 08:33:35,898 DEBUG block.SCMBlockDeletingService (SCMBlockDeletingService.java:call(155)) - Scanned deleted blocks log and got 3 delTX to process.
2019-07-13 08:33:35,898 DEBUG block.SCMBlockDeletingService (SCMBlockDeletingService.java:call(171)) - Added delete block command for datanode 912a7d3b-e3f1-4985-b06b-5f0a929b8060 in the queue, number of delete block transactions: 3, TxID list: 1,2,3
2019-07-13 08:33:35,898 INFO  block.SCMBlockDeletingService (SCMBlockDeletingService.java:call(182)) - Totally added 3 delete blocks command for 1 datanodes, task elapsed time: 1ms
2019-07-13 08:33:35,909 INFO  commands.RetriableDatanodeEventWatcher (RetriableDatanodeEventWatcher.java:onTimeout(47)) - RetriableDatanodeCommand type=deleteBlocksCommand with id=1563006805877 timed out. Retrying.
2019-07-13 08:33:35,924 INFO  commands.RetriableDatanodeEventWatcher (RetriableDatanodeEventWatcher.java:onTimeout(47)) - RetriableDatanodeCommand type=deleteBlocksCommand with id=1563006805887 timed out. Retrying.
2019-07-13 08:33:35,941 INFO  commands.RetriableDatanodeEventWatcher (RetriableDatanodeEventWatcher.java:onTimeout(47)) - RetriableDatanodeCommand type=deleteBlocksCommand with id=1563006805897 timed out. Retrying.
2019-07-13 08:33:35,945 INFO  commands.RetriableDatanodeEventWatcher (RetriableDatanodeEventWatcher.java:onTimeout(47)) - RetriableDatanodeCommand type=deleteBlocksCommand with id=1563006805838 timed out. Retrying.
2019-07-13 08:33:35,956 INFO  commands.RetriableDatanodeEventWatcher (RetriableDatanodeEventWatcher.java:onTimeout(47)) - RetriableDatanodeCommand type=deleteBlocksCommand with id=1563006805907 timed out. Retrying.
2019-07-13 08:33:35,961 INFO  commands.RetriableDatanodeEventWatcher (RetriableDatanodeEventWatcher.java:onTimeout(47)) - RetriableDatanodeCommand type=deleteBlocksCommand with id=1563006805848 timed out. Retrying.
2019-07-13 08:33:35,971 INFO  commands.RetriableDatanodeEventWatcher (RetriableDatanodeEventWatcher.java:onTimeout(47)) - RetriableDatanodeCommand type=deleteBlocksCommand with id=1563006805917 timed out. Retrying.
2019-07-13 08:33:35,977 INFO  commands.RetriableDatanodeEventWatcher (RetriableDatanodeEventWatcher.java:onTimeout(47)) - RetriableDatanodeCommand type=deleteBlocksCommand with id=1563006805858 timed out. Retrying.
2019-07-13 08:33:35,986 INFO  commands.RetriableDatanodeEventWatcher (RetriableDatanodeEventWatcher.java:onTimeout(47)) - RetriableDatanodeCommand type=deleteBlocksCommand with id=1563006805927 timed out. Retrying.
2019-07-13 08:33:35,991 INFO  commands.RetriableDatanodeEventWatcher (RetriableDatanodeEventWatcher.java:onTimeout(47)) - RetriableDatanodeCommand type=deleteBlocksCommand with id=1563006805868 timed out. Retrying.
2019-07-13 08:33:35,999 DEBUG block.SCMBlockDeletingService (SCMBlockDeletingService.java:call(138)) - Running DeletedBlockTransactionScanner
2019-07-13 08:33:35,999 DEBUG block.SCMBlockDeletingService (SCMBlockDeletingService.java:call(155)) - Scanned deleted blocks log and got 3 delTX to process.
2019-07-13 08:33:35,999 DEBUG block.SCMBlockDeletingService (SCMBlockDeletingService.java:call(171)) - Added delete block command for datanode 912a7d3b-e3f1-4985-b06b-5f0a929b8060 in the queue, number of delete block transactions: 3, TxID list: 1,2,3
2019-07-13 08:33:36,000 INFO  block.SCMBlockDeletingService (SCMBlockDeletingService.java:call(182)) - Totally added 3 delete blocks command for 1 datanodes, task elapsed time: 1ms
2019-07-13 08:33:36,007 INFO  commands.RetriableDatanodeEventWatcher (RetriableDatanodeEventWatcher.java:onTimeout(47)) - RetriableDatanodeCommand type=deleteBlocksCommand with id=1563006805878 timed out. Retrying.
2019-07-13 08:33:36,027 INFO  commands.RetriableDatanodeEventWatcher (RetriableDatanodeEventWatcher.java:onTimeout(47)) - RetriableDatanodeCommand type=deleteBlocksCommand with id=1563006805888 timed out. Retrying.
2019-07-13 08:33:36,042 INFO  commands.RetriableDatanodeEventWatcher (RetriableDatanodeEventWatcher.java:onTimeout(47)) - RetriableDatanodeCommand type=deleteBlocksCommand with id=1563006805898 timed out. Retrying.
2019-07-13 08:33:36,050 INFO  commands.RetriableDatanodeEventWatcher (RetriableDatanodeEventWatcher.java:onTimeout(47)) - RetriableDatanodeCommand type=deleteBlocksCommand with id=1563006805839 timed out. Retrying.
2019-07-13 08:33:36,057 INFO  commands.RetriableDatanodeEventWatcher (RetriableDatanodeEventWatcher.java:onTimeout(47)) - RetriableDatanodeCommand type=deleteBlocksCommand with id=1563006805908 timed out. Retrying.
2019-07-13 08:33:36,062 INFO  commands.RetriableDatanodeEventWatcher (RetriableDatanodeEventWatcher.java:onTimeout(47)) - RetriableDatanodeCommand type=deleteBlocksCommand with id=1563006805849 timed out. Retrying.
2019-07-13 08:33:36,073 INFO  commands.RetriableDatanodeEventWatcher (RetriableDatanodeEventWatcher.java:onTimeout(47)) - RetriableDatanodeCommand type=deleteBlocksCommand with id=1563006805918 timed out. Retrying.
2019-07-13 08:33:36,078 INFO  commands.RetriableDatanodeEventWatcher (RetriableDatanodeEventWatcher.java:onTimeout(47)) - RetriableDatanodeCommand type=deleteBlocksCommand with id=1563006805859 timed out. Retrying.
2019-07-13 08:33:36,087 INFO  commands.RetriableDatanodeEventWatcher (RetriableDatanodeEventWatcher.java:onTimeout(47)) - RetriableDatanodeCommand type=deleteBlocksCommand with id=1563006805928 timed out. Retrying.
2019-07-13 08:33:36,095 INFO  commands.RetriableDatanodeEventWatcher (RetriableDatanodeEventWatcher.java:onTimeout(47)) - RetriableDatanodeCommand type=deleteBlocksCommand with id=1563006805869 timed out. Retrying.
2019-07-13 08:33:36,100 DEBUG block.SCMBlockDeletingService (SCMBlockDeletingService.java:call(138)) - Running DeletedBlockTransactionScanner
2019-07-13 08:33:36,101 DEBUG block.SCMBlockDeletingService (SCMBlockDeletingService.java:call(155)) - Scanned deleted blocks log and got 3 delTX to process.
2019-07-13 08:33:36,101 DEBUG block.SCMBlockDeletingService (SCMBlockDeletingService.java:call(171)) - Added delete block command for datanode 912a7d3b-e3f1-4985-b06b-5f0a929b8060 in the queue, number of delete block transactions: 3, TxID list: 1,2,3
2019-07-13 08:33:36,101 INFO  block.SCMBlockDeletingService (SCMBlockDeletingService.java:call(182)) - Totally added 3 delete blocks command for 1 datanodes, task elapsed time: 1ms
2019-07-13 08:33:36,107 INFO  commands.RetriableDatanodeEventWatcher (RetriableDatanodeEventWatcher.java:onTimeout(47)) - RetriableDatanodeCommand type=deleteBlocksCommand with id=1563006805879 timed out. Retrying.
2019-07-13 08:33:36,129 INFO  commands.RetriableDatanodeEventWatcher (RetriableDatanodeEventWatcher.java:onTimeout(47)) - RetriableDatanodeCommand type=deleteBlocksCommand with id=1563006805889 timed out. Retrying.
2019-07-13 08:33:36,145 INFO  commands.RetriableDatanodeEventWatcher (RetriableDatanodeEventWatcher.java:onTimeout(47)) - RetriableDatanodeCommand type=deleteBlocksCommand with id=1563006805899 timed out. Retrying.
2019-07-13 08:33:36,150 INFO  commands.RetriableDatanodeEventWatcher (RetriableDatanodeEventWatcher.java:onTimeout(47)) - RetriableDatanodeCommand type=deleteBlocksCommand with id=1563006805840 timed out. Retrying.
2019-07-13 08:33:36,159 INFO  commands.RetriableDatanodeEventWatcher (RetriableDatanodeEventWatcher.java:onTimeout(47)) - RetriableDatanodeCommand type=deleteBlocksCommand with id=1563006805909 timed out. Retrying.
2019-07-13 08:33:36,164 INFO  commands.RetriableDatanodeEventWatcher (RetriableDatanodeEventWatcher.java:onTimeout(47)) - RetriableDatanodeCommand type=deleteBlocksCommand with id=1563006805850 timed out. Retrying.
2019-07-13 08:33:36,174 INFO  commands.RetriableDatanodeEventWatcher (RetriableDatanodeEventWatcher.java:onTimeout(47)) - RetriableDatanodeCommand type=deleteBlocksCommand with id=1563006805919 timed out. Retrying.
2019-07-13 08:33:36,181 INFO  commands.RetriableDatanodeEventWatcher (RetriableDatanodeEventWatcher.java:onTimeout(47)) - RetriableDatanodeCommand type=deleteBlocksCommand with id=1563006805860 timed out. Retrying.
2019-07-13 08:33:36,189 INFO  commands.RetriableDatanodeEventWatcher (RetriableDatanodeEventWatcher.java:onTimeout(47)) - RetriableDatanodeCommand type=deleteBlocksCommand with id=1563006805929 timed out. Retrying.
2019-07-13 08:33:36,195 INFO  commands.RetriableDatanodeEventWatcher (RetriableDatanodeEventWatcher.java:onTimeout(47)) - RetriableDatanodeCommand type=deleteBlocksCommand with id=1563006805870 timed out. Retrying.
2019-07-13 08:33:36,202 DEBUG block.SCMBlockDeletingService (SCMBlockDeletingService.java:call(138)) - Running DeletedBlockTransactionScanner
2019-07-13 08:33:36,202 DEBUG block.SCMBlockDeletingService (SCMBlockDeletingService.java:call(155)) - Scanned deleted blocks log and got 3 delTX to process.
2019-07-13 08:33:36,203 DEBUG block.SCMBlockDeletingService (SCMBlockDeletingService.java:call(171)) - Added delete block command for datanode 912a7d3b-e3f1-4985-b06b-5f0a929b8060 in the queue, number of delete block transactions: 3, TxID list: 1,2,3
2019-07-13 08:33:36,203 INFO  block.SCMBlockDeletingService (SCMBlockDeletingService.java:call(182)) - Totally added 3 delete blocks command for 1 datanodes, task elapsed time: 1ms
2019-07-13 08:33:36,209 INFO  commands.RetriableDatanodeEventWatcher (RetriableDatanodeEventWatcher.java:onTimeout(47)) - RetriableDatanodeCommand type=deleteBlocksCommand with id=1563006805880 timed out. Retrying.
2019-07-13 08:33:36,230 INFO  commands.RetriableDatanodeEventWatcher (RetriableDatanodeEventWatcher.java:onTimeout(47)) - RetriableDatanodeCommand type=deleteBlocksCommand with id=1563006805890 timed out. Retrying.
2019-07-13 08:33:36,246 INFO  commands.RetriableDatanodeEventWatcher (RetriableDatanodeEventWatcher.java:onTimeout(47)) - RetriableDatanodeCommand type=deleteBlocksCommand with id=1563006805900 timed out. Retrying.
2019-07-13 08:33:36,251 INFO  commands.RetriableDatanodeEventWatcher (RetriableDatanodeEventWatcher.java:onTimeout(47)) - RetriableDatanodeCommand type=deleteBlocksCommand with id=1563006805841 timed out. Retrying.
2019-07-13 08:33:36,260 INFO  commands.RetriableDatanodeEventWatcher (RetriableDatanodeEventWatcher.java:onTimeout(47)) - RetriableDatanodeCommand type=deleteBlocksCommand with id=1563006805910 timed out. Retrying.
2019-07-13 08:33:36,268 INFO  commands.RetriableDatanodeEventWatcher (RetriableDatanodeEventWatcher.java:onTimeout(47)) - RetriableDatanodeCommand type=deleteBlocksCommand with id=1563006805851 timed out. Retrying.
2019-07-13 08:33:36,274 INFO  commands.RetriableDatanodeEventWatcher (RetriableDatanodeEventWatcher.java:onTimeout(47)) - RetriableDatanodeCommand type=deleteBlocksCommand with id=1563006805920 timed out. Retrying.
2019-07-13 08:33:36,282 INFO  commands.RetriableDatanodeEventWatcher (RetriableDatanodeEventWatcher.java:onTimeout(47)) - RetriableDatanodeCommand type=deleteBlocksCommand with id=1563006805861 timed out. Retrying.
2019-07-13 08:33:36,289 INFO  commands.RetriableDatanodeEventWatcher (RetriableDatanodeEventWatcher.java:onTimeout(47)) - RetriableDatanodeCommand type=deleteBlocksCommand with id=1563006805930 timed out. Retrying.
2019-07-13 08:33:36,300 INFO  commands.RetriableDatanodeEventWatcher (RetriableDatanodeEventWatcher.java:onTimeout(47)) - RetriableDatanodeCommand type=deleteBlocksCommand with id=1563006805871 timed out. Retrying.
2019-07-13 08:33:36,303 DEBUG block.SCMBlockDeletingService (SCMBlockDeletingService.java:call(138)) - Running DeletedBlockTransactionScanner
2019-07-13 08:33:36,304 DEBUG block.SCMBlockDeletingService (SCMBlockDeletingService.java:call(155)) - Scanned deleted blocks log and got 3 delTX to process.
2019-07-13 08:33:36,304 DEBUG block.SCMBlockDeletingService (SCMBlockDeletingService.java:call(171)) - Added delete block command for datanode 912a7d3b-e3f1-4985-b06b-5f0a929b8060 in the queue, number of delete block transactions: 3, TxID list: 1,2,3
2019-07-13 08:33:36,305 INFO  block.SCMBlockDeletingService (SCMBlockDeletingService.java:call(182)) - Totally added 3 delete blocks command for 1 datanodes, task elapsed time: 1ms
2019-07-13 08:33:36,310 INFO  commands.RetriableDatanodeEventWatcher (RetriableDatanodeEventWatcher.java:onTimeout(47)) - RetriableDatanodeCommand type=deleteBlocksCommand with id=1563006805881 timed out. Retrying.
2019-07-13 08:33:36,333 INFO  commands.RetriableDatanodeEventWatcher (RetriableDatanodeEventWatcher.java:onTimeout(47)) - RetriableDatanodeCommand type=deleteBlocksCommand with id=1563006805891 timed out. Retrying.
2019-07-13 08:33:36,347 INFO  commands.RetriableDatanodeEventWatcher (RetriableDatanodeEventWatcher.java:onTimeout(47)) - RetriableDatanodeCommand type=deleteBlocksCommand with id=1563006805901 timed out. Retrying.
2019-07-13 08:33:36,352 INFO  commands.RetriableDatanodeEventWatcher (RetriableDatanodeEventWatcher.java:onTimeout(47)) - RetriableDatanodeCommand type=deleteBlocksCommand with id=1563006805842 timed out. Retrying.
2019-07-13 08:33:36,362 INFO  commands.RetriableDatanodeEventWatcher (RetriableDatanodeEventWatcher.java:onTimeout(47)) - RetriableDatanodeCommand type=deleteBlocksCommand with id=1563006805911 timed out. Retrying.
2019-07-13 08:33:36,366 INFO  commands.RetriableDatanodeEventWatcher (RetriableDatanodeEventWatcher.java:onTimeout(47)) - RetriableDatanodeCommand type=deleteBlocksCommand with id=1563006805852 timed out. Retrying.
2019-07-13 08:33:36,378 INFO  commands.RetriableDatanodeEventWatcher (RetriableDatanodeEventWatcher.java:onTimeout(47)) - RetriableDatanodeCommand type=deleteBlocksCommand with id=1563006805921 timed out. Retrying.
2019-07-13 08:33:36,383 INFO  commands.RetriableDatanodeEventWatcher (RetriableDatanodeEventWatcher.java:onTimeout(47)) - RetriableDatanodeCommand type=deleteBlocksCommand with id=1563006805862 timed out. Retrying.
2019-07-13 08:33:36,392 INFO  commands.RetriableDatanodeEventWatcher (RetriableDatanodeEventWatcher.java:onTimeout(47)) - RetriableDatanodeCommand type=deleteBlocksCommand with id=1563006805931 timed out. Retrying.
2019-07-13 08:33:36,398 INFO  commands.RetriableDatanodeEventWatcher (RetriableDatanodeEventWatcher.java:onTimeout(47)) - RetriableDatanodeCommand type=deleteBlocksCommand with id=1563006805872 timed out. Retrying.
2019-07-13 08:33:36,405 DEBUG block.SCMBlockDeletingService (SCMBlockDeletingService.java:call(138)) - Running DeletedBlockTransactionScanner
2019-07-13 08:33:36,405 DEBUG block.SCMBlockDeletingService (SCMBlockDeletingService.java:call(155)) - Scanned deleted blocks log and got 3 delTX to process.
2019-07-13 08:33:36,406 DEBUG block.SCMBlockDeletingService (SCMBlockDeletingService.java:call(171)) - Added delete block command for datanode 912a7d3b-e3f1-4985-b06b-5f0a929b8060 in the queue, number of delete block transactions: 3, TxID list: 1,2,3
2019-07-13 08:33:36,406 INFO  block.SCMBlockDeletingService (SCMBlockDeletingService.java:call(182)) - Totally added 3 delete blocks command for 1 datanodes, task elapsed time: 1ms
2019-07-13 08:33:36,414 INFO  commands.RetriableDatanodeEventWatcher (RetriableDatanodeEventWatcher.java:onTimeout(47)) - RetriableDatanodeCommand type=deleteBlocksCommand with id=1563006805882 timed out. Retrying.
2019-07-13 08:33:36,433 INFO  commands.RetriableDatanodeEventWatcher (RetriableDatanodeEventWatcher.java:onTimeout(47)) - RetriableDatanodeCommand type=deleteBlocksCommand with id=1563006805892 timed out. Retrying.
2019-07-13 08:33:36,450 INFO  commands.RetriableDatanodeEventWatcher (RetriableDatanodeEventWatcher.java:onTimeout(47)) - RetriableDatanodeCommand type=deleteBlocksCommand with id=1563006805902 timed out. Retrying.
2019-07-13 08:33:36,455 INFO  commands.RetriableDatanodeEventWatcher (RetriableDatanodeEventWatcher.java:onTimeout(47)) - RetriableDatanodeCommand type=deleteBlocksCommand with id=1563006805843 timed out. Retrying.
2019-07-13 08:33:36,465 INFO  commands.RetriableDatanodeEventWatcher (RetriableDatanodeEventWatcher.java:onTimeout(47)) - RetriableDatanodeCommand type=deleteBlocksCommand with id=1563006805912 timed out. Retrying.
2019-07-13 08:33:36,468 INFO  commands.RetriableDatanodeEventWatcher (RetriableDatanodeEventWatcher.java:onTimeout(47)) - RetriableDatanodeCommand type=deleteBlocksCommand with id=1563006805853 timed out. Retrying.
2019-07-13 08:33:36,478 INFO  commands.RetriableDatanodeEventWatcher (RetriableDatanodeEventWatcher.java:onTimeout(47)) - RetriableDatanodeCommand type=deleteBlocksCommand with id=1563006805922 timed out. Retrying.
2019-07-13 08:33:36,486 INFO  commands.RetriableDatanodeEventWatcher (RetriableDatanodeEventWatcher.java:onTimeout(47)) - RetriableDatanodeCommand type=deleteBlocksCommand with id=1563006805863 timed out. Retrying.
2019-07-13 08:33:36,492 INFO  commands.RetriableDatanodeEventWatcher (RetriableDatanodeEventWatcher.java:onTimeout(47)) - RetriableDatanodeCommand type=deleteBlocksCommand with id=1563006805932 timed out. Retrying.
2019-07-13 08:33:36,502 INFO  commands.RetriableDatanodeEventWatcher (RetriableDatanodeEventWatcher.java:onTimeout(47)) - RetriableDatanodeCommand type=deleteBlocksCommand with id=1563006805873 timed out. Retrying.
2019-07-13 08:33:36,506 DEBUG block.SCMBlockDeletingService (SCMBlockDeletingService.java:call(138)) - Running DeletedBlockTransactionScanner
2019-07-13 08:33:36,507 DEBUG block.SCMBlockDeletingService (SCMBlockDeletingService.java:call(155)) - Scanned deleted blocks log and got 3 delTX to process.
2019-07-13 08:33:36,507 DEBUG block.SCMBlockDeletingService (SCMBlockDeletingService.java:call(171)) - Added delete block command for datanode 912a7d3b-e3f1-4985-b06b-5f0a929b8060 in the queue, number of delete block transactions: 3, TxID list: 1,2,3
2019-07-13 08:33:36,507 INFO  block.SCMBlockDeletingService (SCMBlockDeletingService.java:call(182)) - Totally added 3 delete blocks command for 1 datanodes, task elapsed time: 1ms
2019-07-13 08:33:36,513 INFO  commands.RetriableDatanodeEventWatcher (RetriableDatanodeEventWatcher.java:onTimeout(47)) - RetriableDatanodeCommand type=deleteBlocksCommand with id=1563006805883 timed out. Retrying.
2019-07-13 08:33:36,535 INFO  commands.RetriableDatanodeEventWatcher (RetriableDatanodeEventWatcher.java:onTimeout(47)) - RetriableDatanodeCommand type=deleteBlocksCommand with id=1563006805893 timed out. Retrying.
2019-07-13 08:33:36,551 INFO  commands.RetriableDatanodeEventWatcher (RetriableDatanodeEventWatcher.java:onTimeout(47)) - RetriableDatanodeCommand type=deleteBlocksCommand with id=1563006805903 timed out. Retrying.
2019-07-13 08:33:36,556 INFO  commands.RetriableDatanodeEventWatcher (RetriableDatanodeEventWatcher.java:onTimeout(47)) - RetriableDatanodeCommand type=deleteBlocksCommand with id=1563006805844 timed out. Retrying.
2019-07-13 08:33:36,565 INFO  commands.RetriableDatanodeEventWatcher (RetriableDatanodeEventWatcher.java:onTimeout(47)) - RetriableDatanodeCommand type=deleteBlocksCommand with id=1563006805913 timed out. Retrying.
2019-07-13 08:33:36,572 INFO  commands.RetriableDatanodeEventWatcher (RetriableDatanodeEventWatcher.java:onTimeout(47)) - RetriableDatanodeCommand type=deleteBlocksCommand with id=1563006805854 timed out. Retrying.
2019-07-13 08:33:36,580 INFO  commands.RetriableDatanodeEventWatcher (RetriableDatanodeEventWatcher.java:onTimeout(47)) - RetriableDatanodeCommand type=deleteBlocksCommand with id=1563006805923 timed out. Retrying.
2019-07-13 08:33:36,594 INFO  commands.RetriableDatanodeEventWatcher (RetriableDatanodeEventWatcher.java:onTimeout(47)) - RetriableDatanodeCommand type=deleteBlocksCommand with id=1563006805933 timed out. Retrying.
RetriableDatanodeEventWatcher.java:onTimeout(47)) - RetriableDatanodeCommand type=deleteBlocksCommand with id=1563006805874 timed out. Retrying.
2019-07-13 08:33:36,608 DEBUG block.SCMBlockDeletingService (SCMBlockDeletingService.java:call(138)) - Running DeletedBlockTransactionScanner
2019-07-13 08:33:36,608 INFO  commands.RetriableDatanodeEventWatcher (RetriableDatanodeEventWatcher.java:onTimeout(47)) - RetriableDatanodeCommand type=deleteBlocksCommand with id=1563006805874 timed out. Retrying.
2019-07-13 08:33:36,608 DEBUG block.SCMBlockDeletingService (SCMBlockDeletingService.java:call(155)) - Scanned deleted blocks log and got 3 delTX to process.
2019-07-13 08:33:36,609 DEBUG block.SCMBlockDeletingService (SCMBlockDeletingService.java:call(171)) - Added delete block command for datanode 912a7d3b-e3f1-4985-b06b-5f0a929b8060 in the queue, number of delete block transactions: 3, TxID list: 1,2,3
2019-07-13 08:33:36,609 INFO  block.SCMBlockDeletingService (SCMBlockDeletingService.java:call(182)) - Totally added 3 delete blocks command for 1 datanodes, task elapsed time: 1ms
2019-07-13 08:33:36,610 INFO  commands.RetriableDatanodeEventWatcher (RetriableDatanodeEventWatcher.java:onTimeout(47)) - RetriableDatanodeCommand type=deleteBlocksCommand with id=1563006805864 timed out. Retrying.
2019-07-13 08:33:36,615 INFO  commands.RetriableDatanodeEventWatcher (RetriableDatanodeEventWatcher.java:onTimeout(47)) - RetriableDatanodeCommand type=deleteBlocksCommand with id=1563006805884 timed out. Retrying.
2019-07-13 08:33:36,637 INFO  commands.RetriableDatanodeEventWatcher (RetriableDatanodeEventWatcher.java:onTimeout(47)) - RetriableDatanodeCommand type=deleteBlocksCommand with id=1563006805894 timed out. Retrying.
2019-07-13 08:33:36,651 INFO  commands.RetriableDatanodeEventWatcher (RetriableDatanodeEventWatcher.java:onTimeout(47)) - RetriableDatanodeCommand type=deleteBlocksCommand with id=1563006805904 timed out. Retrying.
2019-07-13 08:33:36,659 INFO  commands.RetriableDatanodeEventWatcher (RetriableDatanodeEventWatcher.java:onTimeout(47)) - RetriableDatanodeCommand type=deleteBlocksCommand with id=1563006805845 timed out. Retrying.
2019-07-13 08:33:36,665 INFO  commands.RetriableDatanodeEventWatcher (RetriableDatanodeEventWatcher.java:onTimeout(47)) - RetriableDatanodeCommand type=deleteBlocksCommand with id=1563006805914 timed out. Retrying.
2019-07-13 08:33:36,672 INFO  commands.RetriableDatanodeEventWatcher (RetriableDatanodeEventWatcher.java:onTimeout(47)) - RetriableDatanodeCommand type=deleteBlocksCommand with id=1563006805855 timed out. Retrying.
2019-07-13 08:33:36,680 INFO  commands.RetriableDatanodeEventWatcher (RetriableDatanodeEventWatcher.java:onTimeout(47)) - RetriableDatanodeCommand type=deleteBlocksCommand with id=1563006805924 timed out. Retrying.
2019-07-13 08:33:36,688 INFO  commands.RetriableDatanodeEventWatcher (RetriableDatanodeEventWatcher.java:onTimeout(47)) - RetriableDatanodeCommand type=deleteBlocksCommand with id=1563006805865 timed out. Retrying.
2019-07-13 08:33:36,695 INFO  commands.RetriableDatanodeEventWatcher (RetriableDatanodeEventWatcher.java:onTimeout(47)) - RetriableDatanodeCommand type=deleteBlocksCommand with id=1563006805934 timed out. Retrying.
2019-07-13 08:33:36,704 INFO  commands.RetriableDatanodeEventWatcher (RetriableDatanodeEventWatcher.java:onTimeout(47)) - RetriableDatanodeCommand type=deleteBlocksCommand with id=1563006805875 timed out. Retrying.
2019-07-13 08:33:36,709 DEBUG block.SCMBlockDeletingService (SCMBlockDeletingService.java:call(138)) - Running DeletedBlockTransactionScanner
2019-07-13 08:33:36,710 DEBUG block.SCMBlockDeletingService (SCMBlockDeletingService.java:call(155)) - Scanned deleted blocks log and got 3 delTX to process.
2019-07-13 08:33:36,710 DEBUG block.SCMBlockDeletingService (SCMBlockDeletingService.java:call(171)) - Added delete block command for datanode 912a7d3b-e3f1-4985-b06b-5f0a929b8060 in the queue, number of delete block transactions: 3, TxID list: 1,2,3
2019-07-13 08:33:36,710 INFO  block.SCMBlockDeletingService (SCMBlockDeletingService.java:call(182)) - Totally added 3 delete blocks command for 1 datanodes, task elapsed time: 1ms
2019-07-13 08:33:36,716 INFO  commands.RetriableDatanodeEventWatcher (RetriableDatanodeEventWatcher.java:onTimeout(47)) - RetriableDatanodeCommand type=deleteBlocksCommand with id=1563006805885 timed out. Retrying.
2019-07-13 08:33:36,738 INFO  commands.RetriableDatanodeEventWatcher (RetriableDatanodeEventWatcher.java:onTimeout(47)) - RetriableDatanodeCommand type=deleteBlocksCommand with id=1563006805895 timed out. Retrying.
2019-07-13 08:33:36,752 INFO  commands.RetriableDatanodeEventWatcher (RetriableDatanodeEventWatcher.java:onTimeout(47)) - RetriableDatanodeCommand type=deleteBlocksCommand with id=1563006805905 timed out. Retrying.
2019-07-13 08:33:36,759 INFO  commands.RetriableDatanodeEventWatcher (RetriableDatanodeEventWatcher.java:onTimeout(47)) - RetriableDatanodeCommand type=deleteBlocksCommand with id=1563006805846 timed out. Retrying.
2019-07-13 08:33:36,769 INFO  commands.RetriableDatanodeEventWatcher (RetriableDatanodeEventWatcher.java:onTimeout(47)) - RetriableDatanodeCommand type=deleteBlocksCommand with id=1563006805915 timed out. Retrying.
2019-07-13 08:33:36,774 INFO  commands.RetriableDatanodeEventWatcher (RetriableDatanodeEventWatcher.java:onTimeout(47)) - RetriableDatanodeCommand type=deleteBlocksCommand with id=1563006805856 timed out. Retrying.
2019-07-13 08:33:36,783 INFO  commands.RetriableDatanodeEventWatcher (RetriableDatanodeEventWatcher.java:onTimeout(47)) - RetriableDatanodeCommand type=deleteBlocksCommand with id=1563006805925 timed out. Retrying.
2019-07-13 08:33:36,790 INFO  commands.RetriableDatanodeEventWatcher (RetriableDatanodeEventWatcher.java:onTimeout(47)) - RetriableDatanodeCommand type=deleteBlocksCommand with id=1563006805866 timed out. Retrying.
2019-07-13 08:33:36,797 INFO  commands.RetriableDatanodeEventWatcher (RetriableDatanodeEventWatcher.java:onTimeout(47)) - RetriableDatanodeCommand type=deleteBlocksCommand with id=1563006805935 timed out. Retrying.
2019-07-13 08:33:36,805 INFO  commands.RetriableDatanodeEventWatcher (RetriableDatanodeEventWatcher.java:onTimeout(47)) - RetriableDatanodeCommand type=deleteBlocksCommand with id=1563006805876 timed out. Retrying.
2019-07-13 08:33:36,811 DEBUG block.SCMBlockDeletingService (SCMBlockDeletingService.java:call(138)) - Running DeletedBlockTransactionScanner
2019-07-13 08:33:36,811 DEBUG block.SCMBlockDeletingService (SCMBlockDeletingService.java:call(155)) - Scanned deleted blocks log and got 3 delTX to process.
2019-07-13 08:33:36,812 DEBUG block.SCMBlockDeletingService (SCMBlockDeletingService.java:call(171)) - Added delete block command for datanode 912a7d3b-e3f1-4985-b06b-5f0a929b8060 in the queue, number of delete block transactions: 3, TxID list: 1,2,3
2019-07-13 08:33:36,812 INFO  block.SCMBlockDeletingService (SCMBlockDeletingService.java:call(182)) - Totally added 3 delete blocks command for 1 datanodes, task elapsed time: 2ms
2019-07-13 08:33:36,819 INFO  commands.RetriableDatanodeEventWatcher (RetriableDatanodeEventWatcher.java:onTimeout(47)) - RetriableDatanodeCommand type=deleteBlocksCommand with id=1563006805886 timed out. Retrying.
2019-07-13 08:33:36,839 INFO  ozone.MiniOzoneClusterImpl (MiniOzoneClusterImpl.java:lambda$waitForClusterToBeReady$0(142)) - Waiting for cluster to be ready. Got 0 of 1 DN Heartbeats.
2019-07-13 08:33:36,839 INFO  commands.RetriableDatanodeEventWatcher (RetriableDatanodeEventWatcher.java:onTimeout(47)) - RetriableDatanodeCommand type=deleteBlocksCommand with id=1563006805896 timed out. Retrying.
2019-07-13 08:33:36,846 INFO  commands.RetriableDatanodeEventWatcher (RetriableDatanodeEventWatcher.java:onTimeout(47)) - RetriableDatanodeCommand type=deleteBlocksCommand with id=1563006805837 timed out. Retrying.
2019-07-13 08:33:36,855 INFO  commands.RetriableDatanodeEventWatcher (RetriableDatanodeEventWatcher.java:onTimeout(47)) - RetriableDatanodeCommand type=deleteBlocksCommand with id=1563006805906 timed out. Retrying.
2019-07-13 08:33:36,860 INFO  commands.RetriableDatanodeEventWatcher (RetriableDatanodeEventWatcher.java:onTimeout(47)) - RetriableDatanodeCommand type=deleteBlocksCommand with id=1563006805847 timed out. Retrying.
2019-07-13 08:33:36,870 INFO  commands.RetriableDatanodeEventWatcher (RetriableDatanodeEventWatcher.java:onTimeout(47)) - RetriableDatanodeCommand type=deleteBlocksCommand with id=1563006805916 timed out. Retrying.
2019-07-13 08:33:36,876 INFO  commands.RetriableDatanodeEventWatcher (RetriableDatanodeEventWatcher.java:onTimeout(47)) - RetriableDatanodeCommand type=deleteBlocksCommand with id=1563006805857 timed out. Retrying.
2019-07-13 08:33:36,886 INFO  commands.RetriableDatanodeEventWatcher (RetriableDatanodeEventWatcher.java:onTimeout(47)) - RetriableDatanodeCommand type=deleteBlocksCommand with id=1563006805926 timed out. Retrying.
2019-07-13 08:33:36,890 INFO  commands.RetriableDatanodeEventWatcher (RetriableDatanodeEventWatcher.java:onTimeout(47)) - RetriableDatanodeCommand type=deleteBlocksCommand with id=1563006805867 timed out. Retrying.
2019-07-13 08:33:36,899 INFO  commands.RetriableDatanodeEventWatcher (RetriableDatanodeEventWatcher.java:onTimeout(47)) - RetriableDatanodeCommand type=deleteBlocksCommand with id=1563006805936 timed out. Retrying.
2019-07-13 08:33:36,909 INFO  commands.RetriableDatanodeEventWatcher (RetriableDatanodeEventWatcher.java:onTimeout(47)) - RetriableDatanodeCommand type=deleteBlocksCommand with id=1563006805877 timed out. Retrying.
2019-07-13 08:33:36,912 DEBUG block.SCMBlockDeletingService (SCMBlockDeletingService.java:call(138)) - Running DeletedBlockTransactionScanner
2019-07-13 08:33:36,913 DEBUG block.SCMBlockDeletingService (SCMBlockDeletingService.java:call(155)) - Scanned deleted blocks log and got 3 delTX to process.
2019-07-13 08:33:36,913 DEBUG block.SCMBlockDeletingService (SCMBlockDeletingService.java:call(171)) - Added delete block command for datanode 912a7d3b-e3f1-4985-b06b-5f0a929b8060 in the queue, number of delete block transactions: 3, TxID list: 1,2,3
2019-07-13 08:33:36,913 INFO  block.SCMBlockDeletingService (SCMBlockDeletingService.java:call(182)) - Totally added 3 delete blocks command for 1 datanodes, task elapsed time: 1ms
2019-07-13 08:33:36,924 INFO  commands.RetriableDatanodeEventWatcher (RetriableDatanodeEventWatcher.java:onTimeout(47)) - RetriableDatanodeCommand type=deleteBlocksCommand with id=1563006805887 timed out. Retrying.
2019-07-13 08:33:36,942 INFO  commands.RetriableDatanodeEventWatcher (RetriableDatanodeEventWatcher.java:onTimeout(47)) - RetriableDatanodeCommand type=deleteBlocksCommand with id=1563006805897 timed out. Retrying.
2019-07-13 08:33:36,945 INFO  commands.RetriableDatanodeEventWatcher (RetriableDatanodeEventWatcher.java:onTimeout(47)) - RetriableDatanodeCommand type=deleteBlocksCommand with id=1563006805838 timed out. Retrying.
2019-07-13 08:33:36,957 INFO  commands.RetriableDatanodeEventWatcher (RetriableDatanodeEventWatcher.java:onTimeout(47)) - RetriableDatanodeCommand type=deleteBlocksCommand with id=1563006805907 timed out. Retrying.
2019-07-13 08:33:36,962 INFO  commands.RetriableDatanodeEventWatcher (RetriableDatanodeEventWatcher.java:onTimeout(47)) - RetriableDatanodeCommand type=deleteBlocksCommand with id=1563006805848 timed out. Retrying.
2019-07-13 08:33:36,970 INFO  commands.RetriableDatanodeEventWatcher (RetriableDatanodeEventWatcher.java:onTimeout(47)) - RetriableDatanodeCommand type=deleteBlocksCommand with id=1563006805917 timed out. Retrying.
2019-07-13 08:33:36,978 INFO  commands.RetriableDatanodeEventWatcher (RetriableDatanodeEventWatcher.java:onTimeout(47)) - RetriableDatanodeCommand type=deleteBlocksCommand with id=1563006805858 timed out. Retrying.
2019-07-13 08:33:36,985 INFO  commands.RetriableDatanodeEventWatcher (RetriableDatanodeEventWatcher.java:onTimeout(47)) - RetriableDatanodeCommand type=deleteBlocksCommand with id=1563006805927 timed out. Retrying.
2019-07-13 08:33:36,992 INFO  commands.RetriableDatanodeEventWatcher (RetriableDatanodeEventWatcher.java:onTimeout(47)) - RetriableDatanodeCommand type=deleteBlocksCommand with id=1563006805868 timed out. Retrying.
2019-07-13 08:33:36,999 INFO  commands.RetriableDatanodeEventWatcher (RetriableDatanodeEventWatcher.java:onTimeout(47)) - RetriableDatanodeCommand type=deleteBlocksCommand with id=1563006805937 timed out. Retrying.
2019-07-13 08:33:37,008 INFO  commands.RetriableDatanodeEventWatcher (RetriableDatanodeEventWatcher.java:onTimeout(47)) - RetriableDatanodeCommand type=deleteBlocksCommand with id=1563006805878 timed out. Retrying.
2019-07-13 08:33:37,014 DEBUG block.SCMBlockDeletingService (SCMBlockDeletingService.java:call(138)) - Running DeletedBlockTransactionScanner
2019-07-13 08:33:37,014 DEBUG block.SCMBlockDeletingService (SCMBlockDeletingService.java:call(155)) - Scanned deleted blocks log and got 3 delTX to process.
2019-07-13 08:33:37,014 DEBUG block.SCMBlockDeletingService (SCMBlockDeletingService.java:call(171)) - Added delete block command for datanode 912a7d3b-e3f1-4985-b06b-5f0a929b8060 in the queue, number of delete block transactions: 3, TxID list: 1,2,3
2019-07-13 08:33:37,015 INFO  block.SCMBlockDeletingService (SCMBlockDeletingService.java:call(182)) - Totally added 3 delete blocks command for 1 datanodes, task elapsed time: 1ms
2019-07-13 08:33:37,028 INFO  commands.RetriableDatanodeEventWatcher (RetriableDatanodeEventWatcher.java:onTimeout(47)) - RetriableDatanodeCommand type=deleteBlocksCommand with id=1563006805888 timed out. Retrying.
2019-07-13 08:33:37,042 INFO  commands.RetriableDatanodeEventWatcher (RetriableDatanodeEventWatcher.java:onTimeout(47)) - RetriableDatanodeCommand type=deleteBlocksCommand with id=1563006805898 timed out. Retrying.
2019-07-13 08:33:37,051 INFO  commands.RetriableDatanodeEventWatcher (RetriableDatanodeEventWatcher.java:onTimeout(47)) - RetriableDatanodeCommand type=deleteBlocksCommand with id=1563006805839 timed out. Retrying.
2019-07-13 08:33:37,057 INFO  commands.RetriableDatanodeEventWatcher (RetriableDatanodeEventWatcher.java:onTimeout(47)) - RetriableDatanodeCommand type=deleteBlocksCommand with id=1563006805908 timed out. Retrying.
2019-07-13 08:33:37,063 INFO  commands.RetriableDatanodeEventWatcher (RetriableDatanodeEventWatcher.java:onTimeout(47)) - RetriableDatanodeCommand type=deleteBlocksCommand with id=1563006805849 timed out. Retrying.
2019-07-13 08:33:37,074 INFO  commands.RetriableDatanodeEventWatcher (RetriableDatanodeEventWatcher.java:onTimeout(47)) - RetriableDatanodeCommand type=deleteBlocksCommand with id=1563006805918 timed out. Retrying.
2019-07-13 08:33:37,078 INFO  commands.RetriableDatanodeEventWatcher (RetriableDatanodeEventWatcher.java:onTimeout(47)) - RetriableDatanodeCommand type=deleteBlocksCommand with id=1563006805859 timed out. Retrying.
2019-07-13 08:33:37,088 INFO  commands.RetriableDatanodeEventWatcher (RetriableDatanodeEventWatcher.java:onTimeout(47)) - RetriableDatanodeCommand type=deleteBlocksCommand with id=1563006805928 timed out. Retrying.
2019-07-13 08:33:37,095 INFO  commands.RetriableDatanodeEventWatcher (RetriableDatanodeEventWatcher.java:onTimeout(47)) - RetriableDatanodeCommand type=deleteBlocksCommand with id=1563006805869 timed out. Retrying.
2019-07-13 08:33:37,102 INFO  commands.RetriableDatanodeEventWatcher (RetriableDatanodeEventWatcher.java:onTimeout(47)) - RetriableDatanodeCommand type=deleteBlocksCommand with id=1563006805938 timed out. Retrying.
2019-07-13 08:33:37,107 INFO  commands.RetriableDatanodeEventWatcher (RetriableDatanodeEventWatcher.java:onTimeout(47)) - RetriableDatanodeCommand type=deleteBlocksCommand with id=1563006805879 timed out. Retrying.
2019-07-13 08:33:37,115 DEBUG block.SCMBlockDeletingService (SCMBlockDeletingService.java:call(138)) - Running DeletedBlockTransactionScanner
2019-07-13 08:33:37,116 DEBUG block.SCMBlockDeletingService (SCMBlockDeletingService.java:call(155)) - Scanned deleted blocks log and got 3 delTX to process.
2019-07-13 08:33:37,116 DEBUG block.SCMBlockDeletingService (SCMBlockDeletingService.java:call(171)) - Added delete block command for datanode 912a7d3b-e3f1-4985-b06b-5f0a929b8060 in the queue, number of delete block transactions: 3, TxID list: 1,2,3
2019-07-13 08:33:37,116 INFO  block.SCMBlockDeletingService (SCMBlockDeletingService.java:call(182)) - Totally added 3 delete blocks command for 1 datanodes, task elapsed time: 1ms
2019-07-13 08:33:37,129 INFO  commands.RetriableDatanodeEventWatcher (RetriableDatanodeEventWatcher.java:onTimeout(47)) - RetriableDatanodeCommand type=deleteBlocksCommand with id=1563006805889 timed out. Retrying.
2019-07-13 08:33:37,145 INFO  commands.RetriableDatanodeEventWatcher (RetriableDatanodeEventWatcher.java:onTimeout(47)) - RetriableDatanodeCommand type=deleteBlocksCommand with id=1563006805899 timed out. Retrying.
2019-07-13 08:33:37,150 INFO  commands.RetriableDatanodeEventWatcher (RetriableDatanodeEventWatcher.java:onTimeout(47)) - RetriableDatanodeCommand type=deleteBlocksCommand with id=1563006805840 timed out. Retrying.
2019-07-13 08:33:37,160 INFO  commands.RetriableDatanodeEventWatcher (RetriableDatanodeEventWatcher.java:onTimeout(47)) - RetriableDatanodeCommand type=deleteBlocksCommand with id=1563006805909 timed out. Retrying.
2019-07-13 08:33:37,164 INFO  commands.RetriableDatanodeEventWatcher (RetriableDatanodeEventWatcher.java:onTimeout(47)) - RetriableDatanodeCommand type=deleteBlocksCommand with id=1563006805850 timed out. Retrying.
2019-07-13 08:33:37,175 INFO  commands.RetriableDatanodeEventWatcher (RetriableDatanodeEventWatcher.java:onTimeout(47)) - RetriableDatanodeCommand type=deleteBlocksCommand with id=1563006805919 timed out. Retrying.
2019-07-13 08:33:37,181 INFO  commands.RetriableDatanodeEventWatcher (RetriableDatanodeEventWatcher.java:onTimeout(47)) - RetriableDatanodeCommand type=deleteBlocksCommand with id=1563006805860 timed out. Retrying.
2019-07-13 08:33:37,190 INFO  commands.RetriableDatanodeEventWatcher (RetriableDatanodeEventWatcher.java:onTimeout(47)) - RetriableDatanodeCommand type=deleteBlocksCommand with id=1563006805929 timed out. Retrying.
2019-07-13 08:33:37,195 INFO  commands.RetriableDatanodeEventWatcher (RetriableDatanodeEventWatcher.java:onTimeout(47)) - RetriableDatanodeCommand type=deleteBlocksCommand with id=1563006805870 timed out. Retrying.
2019-07-13 08:33:37,203 INFO  commands.RetriableDatanodeEventWatcher (RetriableDatanodeEventWatcher.java:onTimeout(47)) - RetriableDatanodeCommand type=deleteBlocksCommand with id=1563006805939 timed out. Retrying.
2019-07-13 08:33:37,209 INFO  commands.RetriableDatanodeEventWatcher (RetriableDatanodeEventWatcher.java:onTimeout(47)) - RetriableDatanodeCommand type=deleteBlocksCommand with id=1563006805880 timed out. Retrying.
2019-07-13 08:33:37,217 DEBUG block.SCMBlockDeletingService (SCMBlockDeletingService.java:call(138)) - Running DeletedBlockTransactionScanner
2019-07-13 08:33:37,217 DEBUG block.SCMBlockDeletingService (SCMBlockDeletingService.java:call(155)) - Scanned deleted blocks log and got 3 delTX to process.
2019-07-13 08:33:37,217 DEBUG block.SCMBlockDeletingService (SCMBlockDeletingService.java:call(171)) - Added delete block command for datanode 912a7d3b-e3f1-4985-b06b-5f0a929b8060 in the queue, number of delete block transactions: 3, TxID list: 1,2,3
2019-07-13 08:33:37,218 INFO  block.SCMBlockDeletingService (SCMBlockDeletingService.java:call(182)) - Totally added 3 delete blocks command for 1 datanodes, task elapsed time: 1ms
2019-07-13 08:33:37,231 INFO  commands.RetriableDatanodeEventWatcher (RetriableDatanodeEventWatcher.java:onTimeout(47)) - RetriableDatanodeCommand type=deleteBlocksCommand with id=1563006805890 timed out. Retrying.
2019-07-13 08:33:37,246 INFO  commands.RetriableDatanodeEventWatcher (RetriableDatanodeEventWatcher.java:onTimeout(47)) - RetriableDatanodeCommand type=deleteBlocksCommand with id=1563006805900 timed out. Retrying.
2019-07-13 08:33:37,252 INFO  commands.RetriableDatanodeEventWatcher (RetriableDatanodeEventWatcher.java:onTimeout(47)) - RetriableDatanodeCommand type=deleteBlocksCommand with id=1563006805841 timed out. Retrying.
2019-07-13 08:33:37,260 INFO  commands.RetriableDatanodeEventWatcher (RetriableDatanodeEventWatcher.java:onTimeout(47)) - RetriableDatanodeCommand type=deleteBlocksCommand with id=1563006805910 timed out. Retrying.
2019-07-13 08:33:37,268 INFO  commands.RetriableDatanodeEventWatcher (RetriableDatanodeEventWatcher.java:onTimeout(47)) - RetriableDatanodeCommand type=deleteBlocksCommand with id=1563006805851 timed out. Retrying.
2019-07-13 08:33:37,274 INFO  commands.RetriableDatanodeEventWatcher (RetriableDatanodeEventWatcher.java:onTimeout(47)) - RetriableDatanodeCommand type=deleteBlocksCommand with id=1563006805920 timed out. Retrying.
2019-07-13 08:33:37,283 INFO  commands.RetriableDatanodeEventWatcher (RetriableDatanodeEventWatcher.java:onTimeout(47)) - RetriableDatanodeCommand type=deleteBlocksCommand with id=1563006805861 timed out. Retrying.
2019-07-13 08:33:37,289 INFO  commands.RetriableDatanodeEventWatcher (RetriableDatanodeEventWatcher.java:onTimeout(47)) - RetriableDatanodeCommand type=deleteBlocksCommand with id=1563006805930 timed out. Retrying.
2019-07-13 08:33:37,301 INFO  commands.RetriableDatanodeEventWatcher (RetriableDatanodeEventWatcher.java:onTimeout(47)) - RetriableDatanodeCommand type=deleteBlocksCommand with id=1563006805871 timed out. Retrying.
2019-07-13 08:33:37,304 INFO  commands.RetriableDatanodeEventWatcher (RetriableDatanodeEventWatcher.java:onTimeout(47)) - RetriableDatanodeCommand type=deleteBlocksCommand with id=1563006805940 timed out. Retrying.
2019-07-13 08:33:37,311 INFO  commands.RetriableDatanodeEventWatcher (RetriableDatanodeEventWatcher.java:onTimeout(47)) - RetriableDatanodeCommand type=deleteBlocksCommand with id=1563006805881 timed out. Retrying.
2019-07-13 08:33:37,318 DEBUG block.SCMBlockDeletingService (SCMBlockDeletingService.java:call(138)) - Running DeletedBlockTransactionScanner
2019-07-13 08:33:37,318 DEBUG block.SCMBlockDeletingService (SCMBlockDeletingService.java:call(155)) - Scanned deleted blocks log and got 3 delTX to process.
2019-07-13 08:33:37,319 DEBUG block.SCMBlockDeletingService (SCMBlockDeletingService.java:call(171)) - Added delete block command for datanode 912a7d3b-e3f1-4985-b06b-5f0a929b8060 in the queue, number of delete block transactions: 3, TxID list: 1,2,3
2019-07-13 08:33:37,319 INFO  block.SCMBlockDeletingService (SCMBlockDeletingService.java:call(182)) - Totally added 3 delete blocks command for 1 datanodes, task elapsed time: 1ms
2019-07-13 08:33:37,334 INFO  commands.RetriableDatanodeEventWatcher (RetriableDatanodeEventWatcher.java:onTimeout(47)) - RetriableDatanodeCommand type=deleteBlocksCommand with id=1563006805891 timed out. Retrying.
2019-07-13 08:33:37,347 INFO  commands.RetriableDatanodeEventWatcher (RetriableDatanodeEventWatcher.java:onTimeout(47)) - RetriableDatanodeCommand type=deleteBlocksCommand with id=1563006805901 timed out. Retrying.
2019-07-13 08:33:37,352 INFO  commands.RetriableDatanodeEventWatcher (RetriableDatanodeEventWatcher.java:onTimeout(47)) - RetriableDatanodeCommand type=deleteBlocksCommand with id=1563006805842 timed out. Retrying.
2019-07-13 08:33:37,362 INFO  commands.RetriableDatanodeEventWatcher (RetriableDatanodeEventWatcher.java:onTimeout(47)) - RetriableDatanodeCommand type=deleteBlocksCommand with id=1563006805911 timed out. Retrying.
2019-07-13 08:33:37,366 INFO  commands.RetriableDatanodeEventWatcher (RetriableDatanodeEventWatcher.java:onTimeout(47)) - RetriableDatanodeCommand type=deleteBlocksCommand with id=1563006805852 timed out. Retrying.
2019-07-13 08:33:37,379 INFO  commands.RetriableDatanodeEventWatcher (RetriableDatanodeEventWatcher.java:onTimeout(47)) - RetriableDatanodeCommand type=deleteBlocksCommand with id=1563006805921 timed out. Retrying.
2019-07-13 08:33:37,383 INFO  commands.RetriableDatanodeEventWatcher (RetriableDatanodeEventWatcher.java:onTimeout(47)) - RetriableDatanodeCommand type=deleteBlocksCommand with id=1563006805862 timed out. Retrying.
2019-07-13 08:33:37,393 INFO  commands.RetriableDatanodeEventWatcher (RetriableDatanodeEventWatcher.java:onTimeout(47)) - RetriableDatanodeCommand type=deleteBlocksCommand with id=1563006805931 timed out. Retrying.
2019-07-13 08:33:37,398 INFO  commands.RetriableDatanodeEventWatcher (RetriableDatanodeEventWatcher.java:onTimeout(47)) - RetriableDatanodeCommand type=deleteBlocksCommand with id=1563006805872 timed out. Retrying.
2019-07-13 08:33:37,406 INFO  commands.RetriableDatanodeEventWatcher (RetriableDatanodeEventWatcher.java:onTimeout(47)) - RetriableDatanodeCommand type=deleteBlocksCommand with id=1563006805941 timed out. Retrying.
2019-07-13 08:33:37,414 INFO  commands.RetriableDatanodeEventWatcher (RetriableDatanodeEventWatcher.java:onTimeout(47)) - RetriableDatanodeCommand type=deleteBlocksCommand with id=1563006805882 timed out. Retrying.
2019-07-13 08:33:37,420 DEBUG block.SCMBlockDeletingService (SCMBlockDeletingService.java:call(138)) - Running DeletedBlockTransactionScanner
2019-07-13 08:33:37,420 DEBUG block.SCMBlockDeletingService (SCMBlockDeletingService.java:call(155)) - Scanned deleted blocks log and got 3 delTX to process.
2019-07-13 08:33:37,420 DEBUG block.SCMBlockDeletingService (SCMBlockDeletingService.java:call(171)) - Added delete block command for datanode 912a7d3b-e3f1-4985-b06b-5f0a929b8060 in the queue, number of delete block transactions: 3, TxID list: 1,2,3
2019-07-13 08:33:37,420 INFO  block.SCMBlockDeletingService (SCMBlockDeletingService.java:call(182)) - Totally added 3 delete blocks command for 1 datanodes, task elapsed time: 1ms
2019-07-13 08:33:37,433 INFO  commands.RetriableDatanodeEventWatcher (RetriableDatanodeEventWatcher.java:onTimeout(47)) - RetriableDatanodeCommand type=deleteBlocksCommand with id=1563006805892 timed out. Retrying.
2019-07-13 08:33:37,451 INFO  commands.RetriableDatanodeEventWatcher (RetriableDatanodeEventWatcher.java:onTimeout(47)) - RetriableDatanodeCommand type=deleteBlocksCommand with id=1563006805902 timed out. Retrying.
2019-07-13 08:33:37,455 INFO  commands.RetriableDatanodeEventWatcher (RetriableDatanodeEventWatcher.java:onTimeout(47)) - RetriableDatanodeCommand type=deleteBlocksCommand with id=1563006805843 timed out. Retrying.
2019-07-13 08:33:37,466 INFO  commands.RetriableDatanodeEventWatcher (RetriableDatanodeEventWatcher.java:onTimeout(47)) - RetriableDatanodeCommand type=deleteBlocksCommand with id=1563006805912 timed out. Retrying.
2019-07-13 08:33:37,467 INFO  commands.RetriableDatanodeEventWatcher (RetriableDatanodeEventWatcher.java:onTimeout(47)) - RetriableDatanodeCommand type=deleteBlocksCommand with id=1563006805853 timed out. Retrying.
2019-07-13 08:33:37,479 INFO  commands.RetriableDatanodeEventWatcher (RetriableDatanodeEventWatcher.java:onTimeout(47)) - RetriableDatanodeCommand type=deleteBlocksCommand with id=1563006805922 timed out. Retrying.
2019-07-13 08:33:37,486 INFO  commands.RetriableDatanodeEventWatcher (RetriableDatanodeEventWatcher.java:onTimeout(47)) - RetriableDatanodeCommand type=deleteBlocksCommand with id=1563006805863 timed out. Retrying.
2019-07-13 08:33:37,493 INFO  commands.RetriableDatanodeEventWatcher (RetriableDatanodeEventWatcher.java:onTimeout(47)) - RetriableDatanodeCommand type=deleteBlocksCommand with id=1563006805932 timed out. Retrying.
2019-07-13 08:33:37,503 INFO  commands.RetriableDatanodeEventWatcher (RetriableDatanodeEventWatcher.java:onTimeout(47)) - RetriableDatanodeCommand type=deleteBlocksCommand with id=1563006805873 timed out. Retrying.
2019-07-13 08:33:37,507 INFO  commands.RetriableDatanodeEventWatcher (RetriableDatanodeEventWatcher.java:onTimeout(47)) - RetriableDatanodeCommand type=deleteBlocksCommand with id=1563006805942 timed out. Retrying.
2019-07-13 08:33:37,514 INFO  commands.RetriableDatanodeEventWatcher (RetriableDatanodeEventWatcher.java:onTimeout(47)) - RetriableDatanodeCommand type=deleteBlocksCommand with id=1563006805883 timed out. Retrying.
2019-07-13 08:33:37,521 DEBUG block.SCMBlockDeletingService (SCMBlockDeletingService.java:call(138)) - Running DeletedBlockTransactionScanner
2019-07-13 08:33:37,521 DEBUG block.SCMBlockDeletingService (SCMBlockDeletingService.java:call(155)) - Scanned deleted blocks log and got 3 delTX to process.
2019-07-13 08:33:37,522 DEBUG block.SCMBlockDeletingService (SCMBlockDeletingService.java:call(171)) - Added delete block command for datanode 912a7d3b-e3f1-4985-b06b-5f0a929b8060 in the queue, number of delete block transactions: 3, TxID list: 1,2,3
2019-07-13 08:33:37,522 INFO  block.SCMBlockDeletingService (SCMBlockDeletingService.java:call(182)) - Totally added 3 delete blocks command for 1 datanodes, task elapsed time: 1ms
2019-07-13 08:33:37,536 INFO  commands.RetriableDatanodeEventWatcher (RetriableDatanodeEventWatcher.java:onTimeout(47)) - RetriableDatanodeCommand type=deleteBlocksCommand with id=1563006805893 timed out. Retrying.
2019-07-13 08:33:37,552 INFO  commands.RetriableDatanodeEventWatcher (RetriableDatanodeEventWatcher.java:onTimeout(47)) - RetriableDatanodeCommand type=deleteBlocksCommand with id=1563006805903 timed out. Retrying.
2019-07-13 08:33:37,556 INFO  commands.RetriableDatanodeEventWatcher (RetriableDatanodeEventWatcher.java:onTimeout(47)) - RetriableDatanodeCommand type=deleteBlocksCommand with id=1563006805844 timed out. Retrying.
2019-07-13 08:33:37,566 INFO  commands.RetriableDatanodeEventWatcher (RetriableDatanodeEventWatcher.java:onTimeout(47)) - RetriableDatanodeCommand type=deleteBlocksCommand with id=1563006805913 timed out. Retrying.
2019-07-13 08:33:37,572 INFO  commands.RetriableDatanodeEventWatcher (RetriableDatanodeEventWatcher.java:onTimeout(47)) - RetriableDatanodeCommand type=deleteBlocksCommand with id=1563006805854 timed out. Retrying.
2019-07-13 08:33:37,580 INFO  commands.RetriableDatanodeEventWatcher (RetriableDatanodeEventWatcher.java:onTimeout(47)) - RetriableDatanodeCommand type=deleteBlocksCommand with id=1563006805923 timed out. Retrying.
2019-07-13 08:33:37,594 INFO  commands.RetriableDatanodeEventWatcher (RetriableDatanodeEventWatcher.java:onTimeout(47)) - RetriableDatanodeCommand type=deleteBlocksCommand with id=1563006805933 timed out. Retrying.
2019-07-13 08:33:37,609 INFO  commands.RetriableDatanodeEventWatcher (RetriableDatanodeEventWatcher.java:onTimeout(47)) - RetriableDatanodeCommand type=deleteBlocksCommand with id=1563006805874 timed out. Retrying.
2019-07-13 08:33:37,609 INFO  commands.RetriableDatanodeEventWatcher (RetriableDatanodeEventWatcher.java:onTimeout(47)) - RetriableDatanodeCommand type=deleteBlocksCommand with id=1563006805864 timed out. Retrying.
2019-07-13 08:33:37,610 INFO  commands.RetriableDatanodeEventWatcher (RetriableDatanodeEventWatcher.java:onTimeout(47)) - RetriableDatanodeCommand type=deleteBlocksCommand with id=1563006805943 timed out. Retrying.
2019-07-13 08:33:37,615 INFO  commands.RetriableDatanodeEventWatcher (RetriableDatanodeEventWatcher.java:onTimeout(47)) - RetriableDatanodeCommand type=deleteBlocksCommand with id=1563006805884 timed out. Retrying.
2019-07-13 08:33:37,623 DEBUG block.SCMBlockDeletingService (SCMBlockDeletingService.java:call(138)) - Running DeletedBlockTransactionScanner
2019-07-13 08:33:37,623 DEBUG block.SCMBlockDeletingService (SCMBlockDeletingService.java:call(155)) - Scanned deleted blocks log and got 3 delTX to process.
2019-07-13 08:33:37,623 DEBUG block.SCMBlockDeletingService (SCMBlockDeletingService.java:call(171)) - Added delete block command for datanode 912a7d3b-e3f1-4985-b06b-5f0a929b8060 in the queue, number of delete block transactions: 3, TxID list: 1,2,3
2019-07-13 08:33:37,624 INFO  block.SCMBlockDeletingService (SCMBlockDeletingService.java:call(182)) - Totally added 3 delete blocks command for 1 datanodes, task elapsed time: 1ms
2019-07-13 08:33:37,638 INFO  commands.RetriableDatanodeEventWatcher (RetriableDatanodeEventWatcher.java:onTimeout(47)) - RetriableDatanodeCommand type=deleteBlocksCommand with id=1563006805894 timed out. Retrying.
2019-07-13 08:33:37,651 INFO  commands.RetriableDatanodeEventWatcher (RetriableDatanodeEventWatcher.java:onTimeout(47)) - RetriableDatanodeCommand type=deleteBlocksCommand with id=1563006805904 timed out. Retrying.
2019-07-13 08:33:37,660 INFO  commands.RetriableDatanodeEventWatcher (RetriableDatanodeEventWatcher.java:onTimeout(47)) - RetriableDatanodeCommand type=deleteBlocksCommand with id=1563006805845 timed out. Retrying.
2019-07-13 08:33:37,665 INFO  commands.RetriableDatanodeEventWatcher (RetriableDatanodeEventWatcher.java:onTimeout(47)) - RetriableDatanodeCommand type=deleteBlocksCommand with id=1563006805914 timed out. Retrying.
2019-07-13 08:33:37,672 INFO  commands.RetriableDatanodeEventWatcher (RetriableDatanodeEventWatcher.java:onTimeout(47)) - RetriableDatanodeCommand type=deleteBlocksCommand with id=1563006805855 timed out. Retrying.
2019-07-13 08:33:37,681 INFO  commands.RetriableDatanodeEventWatcher (RetriableDatanodeEventWatcher.java:onTimeout(47)) - RetriableDatanodeCommand type=deleteBlocksCommand with id=1563006805924 timed out. Retrying.
2019-07-13 08:33:37,687 INFO  commands.RetriableDatanodeEventWatcher (RetriableDatanodeEventWatcher.java:onTimeout(47)) - RetriableDatanodeCommand type=deleteBlocksCommand with id=1563006805865 timed out. Retrying.
2019-07-13 08:33:37,696 INFO  commands.RetriableDatanodeEventWatcher (RetriableDatanodeEventWatcher.java:onTimeout(47)) - RetriableDatanodeCommand type=deleteBlocksCommand with id=1563006805934 timed out. Retrying.
2019-07-13 08:33:37,705 INFO  commands.RetriableDatanodeEventWatcher (RetriableDatanodeEventWatcher.java:onTimeout(47)) - RetriableDatanodeCommand type=deleteBlocksCommand with id=1563006805875 timed out. Retrying.
2019-07-13 08:33:37,710 INFO  commands.RetriableDatanodeEventWatcher (RetriableDatanodeEventWatcher.java:onTimeout(47)) - RetriableDatanodeCommand type=deleteBlocksCommand with id=1563006805944 timed out. Retrying.
2019-07-13 08:33:37,717 INFO  commands.RetriableDatanodeEventWatcher (RetriableDatanodeEventWatcher.java:onTimeout(47)) - RetriableDatanodeCommand type=deleteBlocksCommand with id=1563006805885 timed out. Retrying.
2019-07-13 08:33:37,724 DEBUG block.SCMBlockDeletingService (SCMBlockDeletingService.java:call(138)) - Running DeletedBlockTransactionScanner
2019-07-13 08:33:37,724 DEBUG block.SCMBlockDeletingService (SCMBlockDeletingService.java:call(155)) - Scanned deleted blocks log and got 3 delTX to process.
2019-07-13 08:33:37,725 DEBUG block.SCMBlockDeletingService (SCMBlockDeletingService.java:call(171)) - Added delete block command for datanode 912a7d3b-e3f1-4985-b06b-5f0a929b8060 in the queue, number of delete block transactions: 3, TxID list: 1,2,3
2019-07-13 08:33:37,725 INFO  block.SCMBlockDeletingService (SCMBlockDeletingService.java:call(182)) - Totally added 3 delete blocks command for 1 datanodes, task elapsed time: 1ms
2019-07-13 08:33:37,739 INFO  commands.RetriableDatanodeEventWatcher (RetriableDatanodeEventWatcher.java:onTimeout(47)) - RetriableDatanodeCommand type=deleteBlocksCommand with id=1563006805895 timed out. Retrying.
2019-07-13 08:33:37,753 INFO  commands.RetriableDatanodeEventWatcher (RetriableDatanodeEventWatcher.java:onTimeout(47)) - RetriableDatanodeCommand type=deleteBlocksCommand with id=1563006805905 timed out. Retrying.
2019-07-13 08:33:37,759 INFO  commands.RetriableDatanodeEventWatcher (RetriableDatanodeEventWatcher.java:onTimeout(47)) - RetriableDatanodeCommand type=deleteBlocksCommand with id=1563006805846 timed out. Retrying.
2019-07-13 08:33:37,769 INFO  commands.RetriableDatanodeEventWatcher (RetriableDatanodeEventWatcher.java:onTimeout(47)) - RetriableDatanodeCommand type=deleteBlocksCommand with id=1563006805915 timed out. Retrying.
2019-07-13 08:33:37,774 INFO  commands.RetriableDatanodeEventWatcher (RetriableDatanodeEventWatcher.java:onTimeout(47)) - RetriableDatanodeCommand type=deleteBlocksCommand with id=1563006805856 timed out. Retrying.
2019-07-13 08:33:37,784 INFO  commands.RetriableDatanodeEventWatcher (RetriableDatanodeEventWatcher.java:onTimeout(47)) - RetriableDatanodeCommand type=deleteBlocksCommand with id=1563006805925 timed out. Retrying.
2019-07-13 08:33:37,791 INFO  commands.RetriableDatanodeEventWatcher (RetriableDatanodeEventWatcher.java:onTimeout(47)) - RetriableDatanodeCommand type=deleteBlocksCommand with id=1563006805866 timed out. Retrying.
2019-07-13 08:33:37,797 INFO  commands.RetriableDatanodeEventWatcher (RetriableDatanodeEventWatcher.java:onTimeout(47)) - RetriableDatanodeCommand type=deleteBlocksCommand with id=1563006805935 timed out. Retrying.
2019-07-13 08:33:37,806 INFO  commands.RetriableDatanodeEventWatcher (RetriableDatanodeEventWatcher.java:onTimeout(47)) - RetriableDatanodeCommand type=deleteBlocksCommand with id=1563006805876 timed out. Retrying.
2019-07-13 08:33:37,811 INFO  commands.RetriableDatanodeEventWatcher (RetriableDatanodeEventWatcher.java:onTimeout(47)) - RetriableDatanodeCommand type=deleteBlocksCommand with id=1563006805945 timed out. Retrying.
2019-07-13 08:33:37,820 INFO  commands.RetriableDatanodeEventWatcher (RetriableDatanodeEventWatcher.java:onTimeout(47)) - RetriableDatanodeCommand type=deleteBlocksCommand with id=1563006805886 timed out. Retrying.
2019-07-13 08:33:37,825 DEBUG block.SCMBlockDeletingService (SCMBlockDeletingService.java:call(138)) - Running DeletedBlockTransactionScanner
2019-07-13 08:33:37,826 DEBUG block.SCMBlockDeletingService (SCMBlockDeletingService.java:call(155)) - Scanned deleted blocks log and got 3 delTX to process.
2019-07-13 08:33:37,826 DEBUG block.SCMBlockDeletingService (SCMBlockDeletingService.java:call(171)) - Added delete block command for datanode 912a7d3b-e3f1-4985-b06b-5f0a929b8060 in the queue, number of delete block transactions: 3, TxID list: 1,2,3
2019-07-13 08:33:37,827 INFO  block.SCMBlockDeletingService (SCMBlockDeletingService.java:call(182)) - Totally added 3 delete blocks command for 1 datanodes, task elapsed time: 1ms
2019-07-13 08:33:37,839 INFO  ozone.MiniOzoneClusterImpl (MiniOzoneClusterImpl.java:lambda$waitForClusterToBeReady$0(142)) - Waiting for cluster to be ready. Got 0 of 1 DN Heartbeats.
2019-07-13 08:33:37,839 INFO  commands.RetriableDatanodeEventWatcher (RetriableDatanodeEventWatcher.java:onTimeout(47)) - RetriableDatanodeCommand type=deleteBlocksCommand with id=1563006805896 timed out. Retrying.
2019-07-13 08:33:37,840 INFO  block.SCMBlockDeletingService (SCMBlockDeletingService.java:handlePendingDeletes(115)) - Block deletion txnID mismatch in datanode 912a7d3b-e3f1-4985-b06b-5f0a929b8060 for containerID 1. Datanode delete txnID: 0, SCM txnID: 1
2019-07-13 08:33:37,840 INFO  block.SCMBlockDeletingService (SCMBlockDeletingService.java:handlePendingDeletes(115)) - Block deletion txnID mismatch in datanode 912a7d3b-e3f1-4985-b06b-5f0a929b8060 for containerID 2. Datanode delete txnID: 0, SCM txnID: 2
2019-07-13 08:33:37,841 INFO  block.SCMBlockDeletingService (SCMBlockDeletingService.java:handlePendingDeletes(115)) - Block deletion txnID mismatch in datanode 912a7d3b-e3f1-4985-b06b-5f0a929b8060 for containerID 3. Datanode delete txnID: 0, SCM txnID: 3
2019-07-13 08:33:37,847 INFO  commands.RetriableDatanodeEventWatcher (RetriableDatanodeEventWatcher.java:onTimeout(47)) - RetriableDatanodeCommand type=deleteBlocksCommand with id=1563006805837 timed out. Retrying.
2019-07-13 08:33:37,854 INFO  commands.RetriableDatanodeEventWatcher (RetriableDatanodeEventWatcher.java:onTimeout(47)) - RetriableDatanodeCommand type=deleteBlocksCommand with id=1563006805906 timed out. Retrying.
2019-07-13 08:33:37,861 INFO  commands.RetriableDatanodeEventWatcher (RetriableDatanodeEventWatcher.java:onTimeout(47)) - RetriableDatanodeCommand type=deleteBlocksCommand with id=1563006805847 timed out. Retrying.
2019-07-13 08:33:37,870 INFO  commands.RetriableDatanodeEventWatcher (RetriableDatanodeEventWatcher.java:onTimeout(47)) - RetriableDatanodeCommand type=deleteBlocksCommand with id=1563006805916 timed out. Retrying.
2019-07-13 08:33:37,877 INFO  commands.RetriableDatanodeEventWatcher (RetriableDatanodeEventWatcher.java:onTimeout(47)) - RetriableDatanodeCommand type=deleteBlocksCommand with id=1563006805857 timed out. Retrying.
2019-07-13 08:33:37,886 INFO  commands.RetriableDatanodeEventWatcher (RetriableDatanodeEventWatcher.java:onTimeout(47)) - RetriableDatanodeCommand type=deleteBlocksCommand with id=1563006805926 timed out. Retrying.
2019-07-13 08:33:37,891 INFO  commands.RetriableDatanodeEventWatcher (RetriableDatanodeEventWatcher.java:onTimeout(47)) - RetriableDatanodeCommand type=deleteBlocksCommand with id=1563006805867 timed out. Retrying.
2019-07-13 08:33:37,900 INFO  commands.RetriableDatanodeEventWatcher (RetriableDatanodeEventWatcher.java:onTimeout(47)) - RetriableDatanodeCommand type=deleteBlocksCommand with id=1563006805936 timed out. Retrying.
2019-07-13 08:33:37,910 INFO  commands.RetriableDatanodeEventWatcher (RetriableDatanodeEventWatcher.java:onTimeout(47)) - RetriableDatanodeCommand type=deleteBlocksCommand with id=1563006805877 timed out. Retrying.
2019-07-13 08:33:37,914 INFO  commands.RetriableDatanodeEventWatcher (RetriableDatanodeEventWatcher.java:onTimeout(47)) - RetriableDatanodeCommand type=deleteBlocksCommand with id=1563006805946 timed out. Retrying.
2019-07-13 08:33:37,914 INFO  impl.RaftServerProxy (RaftServerProxy.java:addNew(89)) - 912a7d3b-e3f1-4985-b06b-5f0a929b8060: addNew group-8BF21BA45D5B:[912a7d3b-e3f1-4985-b06b-5f0a929b8060:192.168.69.96:41276] returns group-8BF21BA45D5B:java.util.concurrent.CompletableFuture@7cd7d136[Not completed]
2019-07-13 08:33:37,916 INFO  impl.RaftServerImpl (RaftServerImpl.java:<init>(93)) - 912a7d3b-e3f1-4985-b06b-5f0a929b8060: new RaftServerImpl for group-8BF21BA45D5B:[912a7d3b-e3f1-4985-b06b-5f0a929b8060:192.168.69.96:41276] with ContainerStateMachine:uninitialized
2019-07-13 08:33:37,917 INFO  server.RaftServerConfigKeys (ConfUtils.java:logGet(43)) - raft.server.rpc.timeout.min = 5s (custom)
2019-07-13 08:33:37,917 INFO  server.RaftServerConfigKeys (ConfUtils.java:logGet(43)) - raft.server.rpc.timeout.max = 5200ms (custom)
2019-07-13 08:33:37,917 INFO  server.RaftServerConfigKeys (ConfUtils.java:logGet(43)) - raft.server.rpcslowness.timeout = 120s (custom)
2019-07-13 08:33:37,917 INFO  server.RaftServerConfigKeys (ConfUtils.java:logGet(43)) - raft.server.sleep.deviation.threshold = 300 (default)
2019-07-13 08:33:37,917 INFO  server.RaftServerConfigKeys (ConfUtils.java:logGet(43)) - raft.server.log.appender.install.snapshot.enabled = false (custom)
2019-07-13 08:33:37,918 INFO  impl.RaftServerImpl (ServerState.java:<init>(105)) - 912a7d3b-e3f1-4985-b06b-5f0a929b8060:group-8BF21BA45D5B ConfigurationManager, init=-1: [912a7d3b-e3f1-4985-b06b-5f0a929b8060:192.168.69.96:41276], old=null, confs=<EMPTY_MAP>
2019-07-13 08:33:37,918 INFO  server.RaftServerConfigKeys (ConfUtils.java:logGet(43)) - raft.server.storage.dir = [/tmp/workdir/hadoop-ozone/integration-test/target/test-dir/MiniOzoneClusterImpl-fcf0d58b-7225-411a-ad54-b01eec0cccf5/datanode-0/data/ratis] (custom)
2019-07-13 08:33:37,918 INFO  storage.RaftStorageDirectory (RaftStorageDirectory.java:analyzeStorage(246)) - The storage directory /tmp/workdir/hadoop-ozone/integration-test/target/test-dir/MiniOzoneClusterImpl-fcf0d58b-7225-411a-ad54-b01eec0cccf5/datanode-0/data/ratis/efb83e9f-c0fb-4936-ae5c-8bf21ba45d5b does not exist. Creating ...
2019-07-13 08:33:37,924 INFO  commands.RetriableDatanodeEventWatcher (RetriableDatanodeEventWatcher.java:onTimeout(47)) - RetriableDatanodeCommand type=deleteBlocksCommand with id=1563006805887 timed out. Retrying.
2019-07-13 08:33:37,927 DEBUG block.SCMBlockDeletingService (SCMBlockDeletingService.java:call(138)) - Running DeletedBlockTransactionScanner
2019-07-13 08:33:37,928 DEBUG block.SCMBlockDeletingService (SCMBlockDeletingService.java:call(155)) - Scanned deleted blocks log and got 3 delTX to process.
2019-07-13 08:33:37,928 DEBUG block.SCMBlockDeletingService (SCMBlockDeletingService.java:call(171)) - Added delete block command for datanode 912a7d3b-e3f1-4985-b06b-5f0a929b8060 in the queue, number of delete block transactions: 3, TxID list: 1,2,3
2019-07-13 08:33:37,929 INFO  block.SCMBlockDeletingService (SCMBlockDeletingService.java:call(182)) - Totally added 3 delete blocks command for 1 datanodes, task elapsed time: 1ms
2019-07-13 08:33:37,943 INFO  commands.RetriableDatanodeEventWatcher (RetriableDatanodeEventWatcher.java:onTimeout(47)) - RetriableDatanodeCommand type=deleteBlocksCommand with id=1563006805897 timed out. Retrying.
2019-07-13 08:33:37,944 INFO  storage.RaftStorageDirectory (RaftStorageDirectory.java:tryLock(328)) - Lock on /tmp/workdir/hadoop-ozone/integration-test/target/test-dir/MiniOzoneClusterImpl-fcf0d58b-7225-411a-ad54-b01eec0cccf5/datanode-0/data/ratis/efb83e9f-c0fb-4936-ae5c-8bf21ba45d5b/in_use.lock acquired by nodename 2274@trunk-nightly-hmp62-43275749
2019-07-13 08:33:37,945 INFO  commands.RetriableDatanodeEventWatcher (RetriableDatanodeEventWatcher.java:onTimeout(47)) - RetriableDatanodeCommand type=deleteBlocksCommand with id=1563006805838 timed out. Retrying.
2019-07-13 08:33:37,958 INFO  commands.RetriableDatanodeEventWatcher (RetriableDatanodeEventWatcher.java:onTimeout(47)) - RetriableDatanodeCommand type=deleteBlocksCommand with id=1563006805907 timed out. Retrying.
2019-07-13 08:33:37,959 INFO  storage.RaftStorage (RaftStorage.java:format(72)) - Storage directory /tmp/workdir/hadoop-ozone/integration-test/target/test-dir/MiniOzoneClusterImpl-fcf0d58b-7225-411a-ad54-b01eec0cccf5/datanode-0/data/ratis/efb83e9f-c0fb-4936-ae5c-8bf21ba45d5b has been successfully formatted.
2019-07-13 08:33:37,961 INFO  ratis.ContainerStateMachine (ContainerStateMachine.java:loadSnapshot(200)) - The snapshot info is null.Setting the last applied index to:(t:0, i:~)
2019-07-13 08:33:37,961 INFO  commands.RetriableDatanodeEventWatcher (ConfUtils.java:logGet(43)) - raft.server.leader.election.timeout = 120s (custom)
2019-07-13 08:33:37,961 INFO  commands.RetriableDatanodeEventWatcher (RetriableDatanodeEventWatcher.java:onTimeout(47)) - RetriableDatanodeCommand type=deleteBlocksCommand with id=1563006805848 timed out. Retrying.
2019-07-13 08:33:37,961 INFO  server.RaftServerConfigKeys (ConfUtils.java:logGet(43)) - raft.server.log.use.memory = false (default)
2019-07-13 08:33:37,961 INFO  server.RaftServerConfigKeys (ConfUtils.java:logGet(43)) - raft.server.log.purge.gap = 1000000000 (custom)
2019-07-13 08:33:37,962 INFO  server.RaftServerConfigKeys (ConfUtils.java:logGet(43)) - raft.server.log.appender.buffer.byte-limit = 33554432 (custom)
2019-07-13 08:33:37,962 INFO  server.RaftServerConfigKeys (ConfUtils.java:logGet(43)) - raft.server.log.segment.size.max = 1048576 (custom)
2019-07-13 08:33:37,962 INFO  server.RaftServerConfigKeys (ConfUtils.java:logGet(43)) - raft.server.log.segment.cache.num.max = 2 (custom)
2019-07-13 08:33:37,962 INFO  segmented.SegmentedRaftLogWorker (SegmentedRaftLogWorker.java:<init>(172)) - new 912a7d3b-e3f1-4985-b06b-5f0a929b8060-SegmentedRaftLogWorker:Storage Directory /tmp/workdir/hadoop-ozone/integration-test/target/test-dir/MiniOzoneClusterImpl-fcf0d58b-7225-411a-ad54-b01eec0cccf5/datanode-0/data/ratis/efb83e9f-c0fb-4936-ae5c-8bf21ba45d5b for RaftStorage:Storage Directory /tmp/workdir/hadoop-ozone/integration-test/target/test-dir/MiniOzoneClusterImpl-fcf0d58b-7225-411a-ad54-b01eec0cccf5/datanode-0/data/ratis/efb83e9f-c0fb-4936-ae5c-8bf21ba45d5b
2019-07-13 08:33:37,963 INFO  server.RaftServerConfigKeys (ConfUtils.java:logGet(43)) - raft.server.log.queue.byte-limit = 2147483647 (custom)
2019-07-13 08:33:37,963 INFO  server.RaftServerConfigKeys (ConfUtils.java:logGet(43)) - raft.server.log.queue.element-limit = 1024 (custom)
2019-07-13 08:33:37,963 INFO  server.RaftServerConfigKeys (ConfUtils.java:logGet(43)) - raft.server.log.segment.size.max = 1048576 (custom)
2019-07-13 08:33:37,963 INFO  server.RaftServerConfigKeys (ConfUtils.java:logGet(43)) - raft.server.log.preallocated.size = 16384 (custom)
2019-07-13 08:33:37,963 INFO  server.RaftServerConfigKeys (ConfUtils.java:logGet(43)) - raft.server.log.write.buffer.size = 33554432 (custom)
2019-07-13 08:33:37,964 INFO  server.RaftServerConfigKeys (ConfUtils.java:logGet(43)) - raft.server.log.force.sync.num = 128 (default)
2019-07-13 08:33:37,964 INFO  server.RaftServerConfigKeys (ConfUtils.java:logGet(43)) - raft.server.log.statemachine.data.sync = true (default)
2019-07-13 08:33:37,964 INFO  server.RaftServerConfigKeys (ConfUtils.java:logGet(43)) - raft.server.log.statemachine.data.sync.timeout = 10s (default)
2019-07-13 08:33:37,964 INFO  server.RaftServerConfigKeys (ConfUtils.java:logGet(43)) - raft.server.log.statemachine.data.sync.timeout.retry = -1 (default)
2019-07-13 08:33:37,964 INFO  server.RaftServerConfigKeys (ConfUtils.java:logGet(43)) - raft.server.log.statemachine.data.caching.enabled = true (custom)
2019-07-13 08:33:37,965 INFO  segmented.SegmentedRaftLogWorker (SegmentedRaftLogWorker.java:lambda$new$0(132)) - 912a7d3b-e3f1-4985-b06b-5f0a929b8060-SegmentedRaftLogWorker:Storage Directory /tmp/workdir/hadoop-ozone/integration-test/target/test-dir/MiniOzoneClusterImpl-fcf0d58b-7225-411a-ad54-b01eec0cccf5/datanode-0/data/ratis/efb83e9f-c0fb-4936-ae5c-8bf21ba45d5b: flushIndex: setUnconditionally 0 -> -1
2019-07-13 08:33:37,966 INFO  server.RaftServerConfigKeys (ConfUtils.java:logGet(43)) - raft.server.snapshot.auto.trigger.enabled = true (custom)
2019-07-13 08:33:37,966 INFO  server.RaftServerConfigKeys (ConfUtils.java:logGet(43)) - raft.server.snapshot.auto.trigger.threshold = 10000 (custom)
2019-07-13 08:33:37,966 INFO  server.RaftServerConfigKeys (ConfUtils.java:logGet(43)) - raft.server.retrycache.expirytime = 600000ms (custom)
2019-07-13 08:33:37,967 INFO  impl.RaftServerImpl (RaftServerImpl.java:start(180)) - 912a7d3b-e3f1-4985-b06b-5f0a929b8060: start group-8BF21BA45D5B
2019-07-13 08:33:37,967 INFO  impl.RaftServerImpl (RaftServerImpl.java:setRole(171)) - 912a7d3b-e3f1-4985-b06b-5f0a929b8060:group-8BF21BA45D5B changes role from null to FOLLOWER at term 0 for startAsFollower
2019-07-13 08:33:37,967 INFO  impl.RoleInfo (RoleInfo.java:updateAndGet(143)) - 912a7d3b-e3f1-4985-b06b-5f0a929b8060: start FollowerState
2019-07-13 08:33:37,968 INFO  util.JmxRegister (JmxRegister.java:tryRegister(44)) - Successfully registered JMX Bean with object name Ratis:service=RaftServer,group=group-8BF21BA45D5B,id=912a7d3b-e3f1-4985-b06b-5f0a929b8060
2019-07-13 08:33:37,972 INFO  commands.RetriableDatanodeEventWatcher (RetriableDatanodeEventWatcher.java:onTimeout(47)) - RetriableDatanodeCommand type=deleteBlocksCommand with id=1563006805917 timed out. Retrying.
2019-07-13 08:33:37,977 INFO  pipeline.PipelineStateManager (PipelineStateManager.java:addPipeline(56)) - Created pipeline Pipeline[ Id: efb83e9f-c0fb-4936-ae5c-8bf21ba45d5b, Nodes: 912a7d3b-e3f1-4985-b06b-5f0a929b8060{ip: 192.168.69.96, host: trunk-nightly-hmp62-43275749, networkLocation: /default-rack, certSerialId: null}, Type:RATIS, Factor:ONE, State:OPEN]
2019-07-13 08:33:37,978 INFO  commands.RetriableDatanodeEventWatcher (RetriableDatanodeEventWatcher.java:onTimeout(47)) - RetriableDatanodeCommand type=deleteBlocksCommand with id=1563006805858 timed out. Retrying.
2019-07-13 08:33:37,986 INFO  commands.RetriableDatanodeEventWatcher (RetriableDatanodeEventWatcher.java:onTimeout(47)) - RetriableDatanodeCommand type=deleteBlocksCommand with id=1563006805927 timed out. Retrying.
2019-07-13 08:33:37,992 INFO  commands.RetriableDatanodeEventWatcher (RetriableDatanodeEventWatcher.java:onTimeout(47)) - RetriableDatanodeCommand type=deleteBlocksCommand with id=1563006805868 timed out. Retrying.
2019-07-13 08:33:38,000 INFO  commands.RetriableDatanodeEventWatcher (RetriableDatanodeEventWatcher.java:onTimeout(47)) - RetriableDatanodeCommand type=deleteBlocksCommand with id=1563006805937 timed out. Retrying.
2019-07-13 08:33:38,009 INFO  commands.RetriableDatanodeEventWatcher (RetriableDatanodeEventWatcher.java:onTimeout(47)) - RetriableDatanodeCommand type=deleteBlocksCommand with id=1563006805878 timed out. Retrying.
2019-07-13 08:33:38,015 INFO  commands.RetriableDatanodeEventWatcher (RetriableDatanodeEventWatcher.java:onTimeout(47)) - RetriableDatanodeCommand type=deleteBlocksCommand with id=1563006805947 timed out. Retrying.
2019-07-13 08:33:38,029 INFO  commands.RetriableDatanodeEventWatcher (RetriableDatanodeEventWatcher.java:onTimeout(47)) - RetriableDatanodeCommand type=deleteBlocksCommand with id=1563006805888 timed out. Retrying.
SCMBlockDeletingService.java:call(138)) - Running DeletedBlockTransactionScanner
2019-07-13 08:33:38,029 INFO  commands.RetriableDatanodeEventWatcher (RetriableDatanodeEventWatcher.java:onTimeout(47)) - RetriableDatanodeCommand type=deleteBlocksCommand with id=1563006805888 timed out. Retrying.
2019-07-13 08:33:38,030 DEBUG block.SCMBlockDeletingService (SCMBlockDeletingService.java:call(155)) - Scanned deleted blocks log and got 3 delTX to process.
2019-07-13 08:33:38,030 DEBUG block.SCMBlockDeletingService (SCMBlockDeletingService.java:call(171)) - Added delete block command for datanode 912a7d3b-e3f1-4985-b06b-5f0a929b8060 in the queue, number of delete block transactions: 3, TxID list: 1,2,3
2019-07-13 08:33:38,030 INFO  block.SCMBlockDeletingService (SCMBlockDeletingService.java:call(182)) - Totally added 3 delete blocks command for 1 datanodes, task elapsed time: 1ms
2019-07-13 08:33:38,042 INFO  commands.RetriableDatanodeEventWatcher (RetriableDatanodeEventWatcher.java:onTimeout(47)) - RetriableDatanodeCommand type=deleteBlocksCommand with id=1563006805898 timed out. Retrying.
2019-07-13 08:33:38,052 INFO  commands.RetriableDatanodeEventWatcher (RetriableDatanodeEventWatcher.java:onTimeout(47)) - RetriableDatanodeCommand type=deleteBlocksCommand with id=1563006805839 timed out. Retrying.
2019-07-13 08:33:38,057 INFO  commands.RetriableDatanodeEventWatcher (RetriableDatanodeEventWatcher.java:onTimeout(47)) - RetriableDatanodeCommand type=deleteBlocksCommand with id=1563006805908 timed out. Retrying.
2019-07-13 08:33:38,064 INFO  commands.RetriableDatanodeEventWatcher (RetriableDatanodeEventWatcher.java:onTimeout(47)) - RetriableDatanodeCommand type=deleteBlocksCommand with id=1563006805849 timed out. Retrying.
2019-07-13 08:33:38,073 INFO  commands.RetriableDatanodeEventWatcher (RetriableDatanodeEventWatcher.java:onTimeout(47)) - RetriableDatanodeCommand type=deleteBlocksCommand with id=1563006805918 timed out. Retrying.
2019-07-13 08:33:38,079 INFO  commands.RetriableDatanodeEventWatcher (RetriableDatanodeEventWatcher.java:onTimeout(47)) - RetriableDatanodeCommand type=deleteBlocksCommand with id=1563006805859 timed out. Retrying.
2019-07-13 08:33:38,088 INFO  commands.RetriableDatanodeEventWatcher (RetriableDatanodeEventWatcher.java:onTimeout(47)) - RetriableDatanodeCommand type=deleteBlocksCommand with id=1563006805928 timed out. Retrying.
2019-07-13 08:33:38,096 INFO  commands.RetriableDatanodeEventWatcher (RetriableDatanodeEventWatcher.java:onTimeout(47)) - RetriableDatanodeCommand type=deleteBlocksCommand with id=1563006805869 timed out. Retrying.
2019-07-13 08:33:38,102 INFO  commands.RetriableDatanodeEventWatcher (RetriableDatanodeEventWatcher.java:onTimeout(47)) - RetriableDatanodeCommand type=deleteBlocksCommand with id=1563006805938 timed out. Retrying.
2019-07-13 08:33:38,108 INFO  commands.RetriableDatanodeEventWatcher (RetriableDatanodeEventWatcher.java:onTimeout(47)) - RetriableDatanodeCommand type=deleteBlocksCommand with id=1563006805879 timed out. Retrying.
2019-07-13 08:33:38,115 INFO  commands.RetriableDatanodeEventWatcher (RetriableDatanodeEventWatcher.java:onTimeout(47)) - RetriableDatanodeCommand type=deleteBlocksCommand with id=1563006805948 timed out. Retrying.
2019-07-13 08:33:38,181 DEBUG block.SCMBlockDeletingService (RetriableDatanodeEventWatcher.java:onTimeout(47)) - RetriableDatanodeCommand type=deleteBlocksCommand with id=1563006805850 timed out. Retrying.
SCMBlockDeletingService.java:call(138)) - Running DeletedBlockTransactionScanner
2019-07-13 08:33:38,181 INFO  commands.RetriableDatanodeEventWatcher (RetriableDatanodeEventWatcher.java:onTimeout(47)) - RetriableDatanodeCommand type=deleteBlocksCommand with id=1563006805850 timed out. Retrying.
2019-07-13 08:33:38,182 DEBUG block.SCMBlockDeletingService (RetriableDatanodeEventWatcher.java:onTimeout(47)) - RetriableDatanodeCommand type=deleteBlocksCommand with id=1563006805919 timed out. Retrying.
SCMBlockDeletingService.java:call(155)) - Scanned deleted blocks log and got 3 delTX to process.
2019-07-13 08:33:38,182 INFO  commands.RetriableDatanodeEventWatcher (RetriableDatanodeEventWatcher.java:onTimeout(47)) - RetriableDatanodeCommand type=deleteBlocksCommand with id=1563006805919 timed out. Retrying.
2019-07-13 08:33:38,194 DEBUG block.SCMBlockDeletingService (SCMBlockDeletingService.java:call(171)) - Added delete block command for datanode 912a7d3b-e3f1-4985-b06b-5f0a929b8060 in the queue, number of delete block transactions: 3, TxID list: 1,2,3
RetriableDatanodeEventWatcher.java:onTimeout(47)) - RetriableDatanodeCommand type=deleteBlocksCommand with id=1563006805889 timed out. Retrying.
2019-07-13 08:33:38,190 INFO  commands.RetriableDatanodeEventWatcher (RetriableDatanodeEventWatcher.java:onTimeout(47)) - RetriableDatanodeCommand type=deleteBlocksCommand with id=1563006805889 timed out. Retrying.
2019-07-13 08:33:38,203 INFO  commands.RetriableDatanodeEventWatcher (RetriableDatanodeEventWatcher.java:onTimeout(47)) - RetriableDatanodeCommand type=deleteBlocksCommand with id=1563006805909 timed out. Retrying.
2019-07-13 08:33:38,203 INFO  block.SCMBlockDeletingService (RetriableDatanodeEventWatcher.java:onTimeout(47)) - RetriableDatanodeCommand type=deleteBlocksCommand with id=1563006805899 timed out. Retrying.
SCMBlockDeletingService.java:call(182)) - Totally added 3 delete blocks command for 1 datanodes, task elapsed time: 22ms
2019-07-13 08:33:38,203 INFO  commands.RetriableDatanodeEventWatcher (RetriableDatanodeEventWatcher.java:onTimeout(47)) - RetriableDatanodeCommand type=deleteBlocksCommand with id=1563006805899 timed out. Retrying.
2019-07-13 08:33:38,204 INFO  commands.RetriableDatanodeEventWatcher (RetriableDatanodeEventWatcher.java:onTimeout(47)) - RetriableDatanodeCommand type=deleteBlocksCommand with id=1563006805860 timed out. Retrying.
2019-07-13 08:33:38,204 INFO  commands.RetriableDatanodeEventWatcher (RetriableDatanodeEventWatcher.java:onTimeout(47)) - RetriableDatanodeCommand type=deleteBlocksCommand with id=1563006805840 timed out. Retrying.
2019-07-13 08:33:38,204 INFO  commands.RetriableDatanodeEventWatcher (RetriableDatanodeEventWatcher.java:onTimeout(47)) - RetriableDatanodeCommand type=deleteBlocksCommand with id=1563006805939 timed out. Retrying.
2019-07-13 08:33:38,204 INFO  commands.RetriableDatanodeEventWatcher (RetriableDatanodeEventWatcher.java:onTimeout(47)) - RetriableDatanodeCommand type=deleteBlocksCommand with id=1563006805870 timed out. Retrying.
2019-07-13 08:33:38,205 INFO  commands.RetriableDatanodeEventWatcher (RetriableDatanodeEventWatcher.java:onTimeout(47)) - RetriableDatanodeCommand type=deleteBlocksCommand with id=1563006805929 timed out. Retrying.
2019-07-13 08:33:38,209 INFO  commands.RetriableDatanodeEventWatcher (RetriableDatanodeEventWatcher.java:onTimeout(47)) - RetriableDatanodeCommand type=deleteBlocksCommand with id=1563006805880 timed out. Retrying.
2019-07-13 08:33:38,218 INFO  commands.RetriableDatanodeEventWatcher (RetriableDatanodeEventWatcher.java:onTimeout(47)) - RetriableDatanodeCommand type=deleteBlocksCommand with id=1563006805949 timed out. Retrying.
2019-07-13 08:33:38,230 INFO  commands.RetriableDatanodeEventWatcher (RetriableDatanodeEventWatcher.java:onTimeout(47)) - RetriableDatanodeCommand type=deleteBlocksCommand with id=1563006805890 timed out. Retrying.
2019-07-13 08:33:38,247 INFO  commands.RetriableDatanodeEventWatcher (RetriableDatanodeEventWatcher.java:onTimeout(47)) - RetriableDatanodeCommand type=deleteBlocksCommand with id=1563006805900 timed out. Retrying.
2019-07-13 08:33:38,253 INFO  commands.RetriableDatanodeEventWatcher (RetriableDatanodeEventWatcher.java:onTimeout(47)) - RetriableDatanodeCommand type=deleteBlocksCommand with id=1563006805841 timed out. Retrying.
2019-07-13 08:33:38,260 INFO  commands.RetriableDatanodeEventWatcher (RetriableDatanodeEventWatcher.java:onTimeout(47)) - RetriableDatanodeCommand type=deleteBlocksCommand with id=1563006805910 timed out. Retrying.
2019-07-13 08:33:38,269 INFO  commands.RetriableDatanodeEventWatcher (RetriableDatanodeEventWatcher.java:onTimeout(47)) - RetriableDatanodeCommand type=deleteBlocksCommand with id=1563006805851 timed out. Retrying.
2019-07-13 08:33:38,275 INFO  commands.RetriableDatanodeEventWatcher (RetriableDatanodeEventWatcher.java:onTimeout(47)) - RetriableDatanodeCommand type=deleteBlocksCommand with id=1563006805920 timed out. Retrying.
2019-07-13 08:33:38,283 INFO  commands.RetriableDatanodeEventWatcher (RetriableDatanodeEventWatcher.java:onTimeout(47)) - RetriableDatanodeCommand type=deleteBlocksCommand with id=1563006805861 timed out. Retrying.
2019-07-13 08:33:38,290 INFO  commands.RetriableDatanodeEventWatcher (RetriableDatanodeEventWatcher.java:onTimeout(47)) - RetriableDatanodeCommand type=deleteBlocksCommand with id=1563006805930 timed out. Retrying.
2019-07-13 08:33:38,301 INFO  commands.RetriableDatanodeEventWatcher (RetriableDatanodeEventWatcher.java:onTimeout(47)) - RetriableDatanodeCommand type=deleteBlocksCommand with id=1563006805871 timed out. Retrying.
2019-07-13 08:33:38,304 DEBUG block.SCMBlockDeletingService (SCMBlockDeletingService.java:call(138)) - Running DeletedBlockTransactionScanner
2019-07-13 08:33:38,304 DEBUG block.SCMBlockDeletingService (SCMBlockDeletingService.java:call(155)) - Scanned deleted blocks log and got 3 delTX to process.
2019-07-13 08:33:38,305 INFO  commands.RetriableDatanodeEventWatcher (SCMBlockDeletingService.java:call(171)) - Added delete block command for datanode 912a7d3b-e3f1-4985-b06b-5f0a929b8060 in the queue, number of delete block transactions: 3, TxID list: 1,2,3
2019-07-13 08:33:38,305 INFO  commands.RetriableDatanodeEventWatcher (RetriableDatanodeEventWatcher.java:onTimeout(47)) - RetriableDatanodeCommand type=deleteBlocksCommand with id=1563006805940 timed out. Retrying.
2019-07-13 08:33:38,305 INFO  block.SCMBlockDeletingService (SCMBlockDeletingService.java:call(182)) - Totally added 3 delete blocks command for 1 datanodes, task elapsed time: 2ms
2019-07-13 08:33:38,311 INFO  commands.RetriableDatanodeEventWatcher (RetriableDatanodeEventWatcher.java:onTimeout(47)) - RetriableDatanodeCommand type=deleteBlocksCommand with id=1563006805881 timed out. Retrying.
2019-07-13 08:33:38,319 INFO  commands.RetriableDatanodeEventWatcher (RetriableDatanodeEventWatcher.java:onTimeout(47)) - RetriableDatanodeCommand type=deleteBlocksCommand with id=1563006805950 timed out. Retrying.
2019-07-13 08:33:38,334 INFO  commands.RetriableDatanodeEventWatcher (RetriableDatanodeEventWatcher.java:onTimeout(47)) - RetriableDatanodeCommand type=deleteBlocksCommand with id=1563006805891 timed out. Retrying.
2019-07-13 08:33:38,347 INFO  commands.RetriableDatanodeEventWatcher (RetriableDatanodeEventWatcher.java:onTimeout(47)) - RetriableDatanodeCommand type=deleteBlocksCommand with id=1563006805901 timed out. Retrying.
2019-07-13 08:33:38,353 INFO  commands.RetriableDatanodeEventWatcher (RetriableDatanodeEventWatcher.java:onTimeout(47)) - RetriableDatanodeCommand type=deleteBlocksCommand with id=1563006805842 timed out. Retrying.
2019-07-13 08:33:38,361 INFO  commands.RetriableDatanodeEventWatcher (RetriableDatanodeEventWatcher.java:onTimeout(47)) - RetriableDatanodeCommand type=deleteBlocksCommand with id=1563006805911 timed out. Retrying.
2019-07-13 08:33:38,367 INFO  commands.RetriableDatanodeEventWatcher (RetriableDatanodeEventWatcher.java:onTimeout(47)) - RetriableDatanodeCommand type=deleteBlocksCommand with id=1563006805852 timed out. Retrying.
2019-07-13 08:33:38,379 INFO  commands.RetriableDatanodeEventWatcher (RetriableDatanodeEventWatcher.java:onTimeout(47)) - RetriableDatanodeCommand type=deleteBlocksCommand with id=1563006805921 timed out. Retrying.
2019-07-13 08:33:38,384 INFO  commands.RetriableDatanodeEventWatcher (RetriableDatanodeEventWatcher.java:onTimeout(47)) - RetriableDatanodeCommand type=deleteBlocksCommand with id=1563006805862 timed out. Retrying.
2019-07-13 08:33:38,393 INFO  commands.RetriableDatanodeEventWatcher (RetriableDatanodeEventWatcher.java:onTimeout(47)) - RetriableDatanodeCommand type=deleteBlocksCommand with id=1563006805931 timed out. Retrying.
2019-07-13 08:33:38,399 INFO  commands.RetriableDatanodeEventWatcher (RetriableDatanodeEventWatcher.java:onTimeout(47)) - RetriableDatanodeCommand type=deleteBlocksCommand with id=1563006805872 timed out. Retrying.
2019-07-13 08:33:38,405 INFO  commands.RetriableDatanodeEventWatcher (RetriableDatanodeEventWatcher.java:onTimeout(47)) - RetriableDatanodeCommand type=deleteBlocksCommand with id=1563006805941 timed out. Retrying.
2019-07-13 08:33:38,406 DEBUG block.SCMBlockDeletingService (SCMBlockDeletingService.java:call(138)) - Running DeletedBlockTransactionScanner
2019-07-13 08:33:38,407 DEBUG block.SCMBlockDeletingService (SCMBlockDeletingService.java:call(155)) - Scanned deleted blocks log and got 3 delTX to process.
2019-07-13 08:33:38,407 DEBUG block.SCMBlockDeletingService (SCMBlockDeletingService.java:call(171)) - Added delete block command for datanode 912a7d3b-e3f1-4985-b06b-5f0a929b8060 in the queue, number of delete block transactions: 3, TxID list: 1,2,3
2019-07-13 08:33:38,407 INFO  block.SCMBlockDeletingService (SCMBlockDeletingService.java:call(182)) - Totally added 3 delete blocks command for 1 datanodes, task elapsed time: 2ms
2019-07-13 08:33:38,415 INFO  commands.RetriableDatanodeEventWatcher (RetriableDatanodeEventWatcher.java:onTimeout(47)) - RetriableDatanodeCommand type=deleteBlocksCommand with id=1563006805882 timed out. Retrying.
2019-07-13 08:33:38,421 INFO  commands.RetriableDatanodeEventWatcher (RetriableDatanodeEventWatcher.java:onTimeout(47)) - RetriableDatanodeCommand type=deleteBlocksCommand with id=1563006805951 timed out. Retrying.
2019-07-13 08:33:38,433 INFO  commands.RetriableDatanodeEventWatcher (RetriableDatanodeEventWatcher.java:onTimeout(47)) - RetriableDatanodeCommand type=deleteBlocksCommand with id=1563006805892 timed out. Retrying.
2019-07-13 08:33:38,452 INFO  commands.RetriableDatanodeEventWatcher (RetriableDatanodeEventWatcher.java:onTimeout(47)) - RetriableDatanodeCommand type=deleteBlocksCommand with id=1563006805902 timed out. Retrying.
2019-07-13 08:33:38,455 INFO  commands.RetriableDatanodeEventWatcher (RetriableDatanodeEventWatcher.java:onTimeout(47)) - RetriableDatanodeCommand type=deleteBlocksCommand with id=1563006805843 timed out. Retrying.
2019-07-13 08:33:38,467 INFO  commands.RetriableDatanodeEventWatcher (RetriableDatanodeEventWatcher.java:onTimeout(47)) - RetriableDatanodeCommand type=deleteBlocksCommand with id=1563006805912 timed out. Retrying.
2019-07-13 08:33:38,467 INFO  commands.RetriableDatanodeEventWatcher (RetriableDatanodeEventWatcher.java:onTimeout(47)) - RetriableDatanodeCommand type=deleteBlocksCommand with id=1563006805853 timed out. Retrying.
2019-07-13 08:33:38,480 INFO  commands.RetriableDatanodeEventWatcher (RetriableDatanodeEventWatcher.java:onTimeout(47)) - RetriableDatanodeCommand type=deleteBlocksCommand with id=1563006805922 timed out. Retrying.
2019-07-13 08:33:38,486 INFO  commands.RetriableDatanodeEventWatcher (RetriableDatanodeEventWatcher.java:onTimeout(47)) - RetriableDatanodeCommand type=deleteBlocksCommand with id=1563006805863 timed out. Retrying.
2019-07-13 08:33:38,494 INFO  commands.RetriableDatanodeEventWatcher (RetriableDatanodeEventWatcher.java:onTimeout(47)) - RetriableDatanodeCommand type=deleteBlocksCommand with id=1563006805932 timed out. Retrying.
2019-07-13 08:33:38,502 INFO  commands.RetriableDatanodeEventWatcher (RetriableDatanodeEventWatcher.java:onTimeout(47)) - RetriableDatanodeCommand type=deleteBlocksCommand with id=1563006805873 timed out. Retrying.
2019-07-13 08:33:38,508 DEBUG block.SCMBlockDeletingService (SCMBlockDeletingService.java:call(138)) - Running DeletedBlockTransactionScanner
2019-07-13 08:33:38,508 INFO  commands.RetriableDatanodeEventWatcher (RetriableDatanodeEventWatcher.java:onTimeout(47)) - RetriableDatanodeCommand type=deleteBlocksCommand with id=1563006805942 timed out. Retrying.
2019-07-13 08:33:38,508 DEBUG block.SCMBlockDeletingService (SCMBlockDeletingService.java:call(155)) - Scanned deleted blocks log and got 3 delTX to process.
2019-07-13 08:33:38,508 DEBUG block.SCMBlockDeletingService (SCMBlockDeletingService.java:call(171)) - Added delete block command for datanode 912a7d3b-e3f1-4985-b06b-5f0a929b8060 in the queue, number of delete block transactions: 3, TxID list: 1,2,3
2019-07-13 08:33:38,509 INFO  block.SCMBlockDeletingService (SCMBlockDeletingService.java:call(182)) - Totally added 3 delete blocks command for 1 datanodes, task elapsed time: 1ms
2019-07-13 08:33:38,513 INFO  commands.RetriableDatanodeEventWatcher (RetriableDatanodeEventWatcher.java:onTimeout(47)) - RetriableDatanodeCommand type=deleteBlocksCommand with id=1563006805883 timed out. Retrying.
2019-07-13 08:33:38,522 INFO  commands.RetriableDatanodeEventWatcher (RetriableDatanodeEventWatcher.java:onTimeout(47)) - RetriableDatanodeCommand type=deleteBlocksCommand with id=1563006805952 timed out. Retrying.
2019-07-13 08:33:38,536 INFO  commands.RetriableDatanodeEventWatcher (RetriableDatanodeEventWatcher.java:onTimeout(47)) - RetriableDatanodeCommand type=deleteBlocksCommand with id=1563006805893 timed out. Retrying.
2019-07-13 08:33:38,552 INFO  commands.RetriableDatanodeEventWatcher (RetriableDatanodeEventWatcher.java:onTimeout(47)) - RetriableDatanodeCommand type=deleteBlocksCommand with id=1563006805903 timed out. Retrying.
2019-07-13 08:33:38,556 INFO  commands.RetriableDatanodeEventWatcher (RetriableDatanodeEventWatcher.java:onTimeout(47)) - RetriableDatanodeCommand type=deleteBlocksCommand with id=1563006805844 timed out. Retrying.
2019-07-13 08:33:38,567 INFO  commands.RetriableDatanodeEventWatcher (RetriableDatanodeEventWatcher.java:onTimeout(47)) - RetriableDatanodeCommand type=deleteBlocksCommand with id=1563006805913 timed out. Retrying.
2019-07-13 08:33:38,572 INFO  commands.RetriableDatanodeEventWatcher (RetriableDatanodeEventWatcher.java:onTimeout(47)) - RetriableDatanodeCommand type=deleteBlocksCommand with id=1563006805854 timed out. Retrying.
2019-07-13 08:33:38,581 INFO  commands.RetriableDatanodeEventWatcher (RetriableDatanodeEventWatcher.java:onTimeout(47)) - RetriableDatanodeCommand type=deleteBlocksCommand with id=1563006805923 timed out. Retrying.
2019-07-13 08:33:38,595 INFO  commands.RetriableDatanodeEventWatcher (RetriableDatanodeEventWatcher.java:onTimeout(47)) - RetriableDatanodeCommand type=deleteBlocksCommand with id=1563006805933 timed out. Retrying.
2019-07-13 08:33:38,609 DEBUG block.SCMBlockDeletingService (SCMBlockDeletingService.java:call(138)) - Running DeletedBlockTransactionScanner
2019-07-13 08:33:38,609 DEBUG block.SCMBlockDeletingService (SCMBlockDeletingService.java:call(155)) - Scanned deleted blocks log and got 3 delTX to process.
2019-07-13 08:33:38,610 DEBUG block.SCMBlockDeletingService (SCMBlockDeletingService.java:call(171)) - Added delete block command for datanode 912a7d3b-e3f1-4985-b06b-5f0a929b8060 in the queue, number of delete block transactions: 3, TxID list: 1,2,3
2019-07-13 08:33:38,610 INFO  commands.RetriableDatanodeEventWatcher (RetriableDatanodeEventWatcher.java:onTimeout(47)) - RetriableDatanodeCommand type=deleteBlocksCommand with id=1563006805874 timed out. Retrying.
2019-07-13 08:33:38,610 INFO  block.SCMBlockDeletingService (SCMBlockDeletingService.java:call(182)) - Totally added 3 delete blocks command for 1 datanodes, task elapsed time: 1ms
2019-07-13 08:33:38,610 INFO  commands.RetriableDatanodeEventWatcher (RetriableDatanodeEventWatcher.java:onTimeout(47)) - RetriableDatanodeCommand type=deleteBlocksCommand with id=1563006805864 timed out. Retrying.
2019-07-13 08:33:38,610 INFO  commands.RetriableDatanodeEventWatcher (RetriableDatanodeEventWatcher.java:onTimeout(47)) - RetriableDatanodeCommand type=deleteBlocksCommand with id=1563006805943 timed out. Retrying.
2019-07-13 08:33:38,616 INFO  commands.RetriableDatanodeEventWatcher (RetriableDatanodeEventWatcher.java:onTimeout(47)) - RetriableDatanodeCommand type=deleteBlocksCommand with id=1563006805884 timed out. Retrying.
2019-07-13 08:33:38,624 INFO  commands.RetriableDatanodeEventWatcher (RetriableDatanodeEventWatcher.java:onTimeout(47)) - RetriableDatanodeCommand type=deleteBlocksCommand with id=1563006805953 timed out. Retrying.
2019-07-13 08:33:38,637 INFO  commands.RetriableDatanodeEventWatcher (RetriableDatanodeEventWatcher.java:onTimeout(47)) - RetriableDatanodeCommand type=deleteBlocksCommand with id=1563006805894 timed out. Retrying.
2019-07-13 08:33:38,652 INFO  commands.RetriableDatanodeEventWatcher (RetriableDatanodeEventWatcher.java:onTimeout(47)) - RetriableDatanodeCommand type=deleteBlocksCommand with id=1563006805904 timed out. Retrying.
2019-07-13 08:33:38,661 INFO  commands.RetriableDatanodeEventWatcher (RetriableDatanodeEventWatcher.java:onTimeout(47)) - RetriableDatanodeCommand type=deleteBlocksCommand with id=1563006805845 timed out. Retrying.
2019-07-13 08:33:38,665 INFO  commands.RetriableDatanodeEventWatcher (RetriableDatanodeEventWatcher.java:onTimeout(47)) - RetriableDatanodeCommand type=deleteBlocksCommand with id=1563006805914 timed out. Retrying.
2019-07-13 08:33:38,710 INFO  commands.RetriableDatanodeEventWatcher (RetriableDatanodeEventWatcher.java:onTimeout(47)) - RetriableDatanodeCommand type=deleteBlocksCommand with id=1563006805875 timed out. Retrying.
2019-07-13 08:33:38,710 INFO  commands.RetriableDatanodeEventWatcher (RetriableDatanodeEventWatcher.java:onTimeout(47)) - RetriableDatanodeCommand type=deleteBlocksCommand with id=1563006805924 timed out. Retrying.
2019-07-13 08:33:38,710 INFO  commands.RetriableDatanodeEventWatcher (RetriableDatanodeEventWatcher.java:onTimeout(47)) - RetriableDatanodeCommand type=deleteBlocksCommand with id=1563006805865 timed out. Retrying.
2019-07-13 08:33:38,711 INFO  commands.RetriableDatanodeEventWatcher (SCMBlockDeletingService.java:call(138)) - Running DeletedBlockTransactionScanner
2019-07-13 08:33:38,711 INFO  commands.RetriableDatanodeEventWatcher (RetriableDatanodeEventWatcher.java:onTimeout(47)) - RetriableDatanodeCommand type=deleteBlocksCommand with id=1563006805855 timed out. Retrying.
2019-07-13 08:33:38,711 INFO  commands.RetriableDatanodeEventWatcher (RetriableDatanodeEventWatcher.java:onTimeout(47)) - RetriableDatanodeCommand type=deleteBlocksCommand with id=1563006805934 timed out. Retrying.
2019-07-13 08:33:38,711 DEBUG block.SCMBlockDeletingService (RetriableDatanodeEventWatcher.java:onTimeout(47)) - RetriableDatanodeCommand type=deleteBlocksCommand with id=1563006805944 timed out. Retrying.
SCMBlockDeletingService.java:call(155)) - Scanned deleted blocks log and got 3 delTX to process.
2019-07-13 08:33:38,711 INFO  commands.RetriableDatanodeEventWatcher (RetriableDatanodeEventWatcher.java:onTimeout(47)) - RetriableDatanodeCommand type=deleteBlocksCommand with id=1563006805944 timed out. Retrying.
2019-07-13 08:33:38,711 DEBUG block.SCMBlockDeletingService (SCMBlockDeletingService.java:call(171)) - Added delete block command for datanode 912a7d3b-e3f1-4985-b06b-5f0a929b8060 in the queue, number of delete block transactions: 3, TxID list: 1,2,3
2019-07-13 08:33:38,712 INFO  block.SCMBlockDeletingService (SCMBlockDeletingService.java:call(182)) - Totally added 3 delete blocks command for 1 datanodes, task elapsed time: 2ms
2019-07-13 08:33:38,718 INFO  commands.RetriableDatanodeEventWatcher (RetriableDatanodeEventWatcher.java:onTimeout(47)) - RetriableDatanodeCommand type=deleteBlocksCommand with id=1563006805885 timed out. Retrying.
2019-07-13 08:33:38,724 INFO  commands.RetriableDatanodeEventWatcher (RetriableDatanodeEventWatcher.java:onTimeout(47)) - RetriableDatanodeCommand type=deleteBlocksCommand with id=1563006805954 timed out. Retrying.
2019-07-13 08:33:38,740 INFO  commands.RetriableDatanodeEventWatcher (RetriableDatanodeEventWatcher.java:onTimeout(47)) - RetriableDatanodeCommand type=deleteBlocksCommand with id=1563006805895 timed out. Retrying.
2019-07-13 08:33:38,752 INFO  commands.RetriableDatanodeEventWatcher (RetriableDatanodeEventWatcher.java:onTimeout(47)) - RetriableDatanodeCommand type=deleteBlocksCommand with id=1563006805905 timed out. Retrying.
2019-07-13 08:33:38,760 INFO  commands.RetriableDatanodeEventWatcher (RetriableDatanodeEventWatcher.java:onTimeout(47)) - RetriableDatanodeCommand type=deleteBlocksCommand with id=1563006805846 timed out. Retrying.
2019-07-13 08:33:38,768 INFO  commands.RetriableDatanodeEventWatcher (RetriableDatanodeEventWatcher.java:onTimeout(47)) - RetriableDatanodeCommand type=deleteBlocksCommand with id=1563006805915 timed out. Retrying.
2019-07-13 08:33:38,775 INFO  commands.RetriableDatanodeEventWatcher (RetriableDatanodeEventWatcher.java:onTimeout(47)) - RetriableDatanodeCommand type=deleteBlocksCommand with id=1563006805856 timed out. Retrying.
2019-07-13 08:33:38,783 INFO  commands.RetriableDatanodeEventWatcher (RetriableDatanodeEventWatcher.java:onTimeout(47)) - RetriableDatanodeCommand type=deleteBlocksCommand with id=1563006805925 timed out. Retrying.
2019-07-13 08:33:38,792 INFO  commands.RetriableDatanodeEventWatcher (RetriableDatanodeEventWatcher.java:onTimeout(47)) - RetriableDatanodeCommand type=deleteBlocksCommand with id=1563006805866 timed out. Retrying.
2019-07-13 08:33:38,797 INFO  commands.RetriableDatanodeEventWatcher (RetriableDatanodeEventWatcher.java:onTimeout(47)) - RetriableDatanodeCommand type=deleteBlocksCommand with id=1563006805935 timed out. Retrying.
2019-07-13 08:33:38,807 INFO  commands.RetriableDatanodeEventWatcher (RetriableDatanodeEventWatcher.java:onTimeout(47)) - RetriableDatanodeCommand type=deleteBlocksCommand with id=1563006805876 timed out. Retrying.
2019-07-13 08:33:38,812 INFO  commands.RetriableDatanodeEventWatcher (RetriableDatanodeEventWatcher.java:onTimeout(47)) - RetriableDatanodeCommand type=deleteBlocksCommand with id=1563006805945 timed out. Retrying.
2019-07-13 08:33:38,812 DEBUG block.SCMBlockDeletingService (SCMBlockDeletingService.java:call(138)) - Running DeletedBlockTransactionScanner
2019-07-13 08:33:38,813 DEBUG block.SCMBlockDeletingService (SCMBlockDeletingService.java:call(155)) - Scanned deleted blocks log and got 3 delTX to process.
2019-07-13 08:33:38,813 DEBUG block.SCMBlockDeletingService (SCMBlockDeletingService.java:call(171)) - Added delete block command for datanode 912a7d3b-e3f1-4985-b06b-5f0a929b8060 in the queue, number of delete block transactions: 3, TxID list: 1,2,3
2019-07-13 08:33:38,814 INFO  block.SCMBlockDeletingService (SCMBlockDeletingService.java:call(182)) - Totally added 3 delete blocks command for 1 datanodes, task elapsed time: 1ms
2019-07-13 08:33:38,820 INFO  commands.RetriableDatanodeEventWatcher (RetriableDatanodeEventWatcher.java:onTimeout(47)) - RetriableDatanodeCommand type=deleteBlocksCommand with id=1563006805886 timed out. Retrying.
2019-07-13 08:33:38,827 INFO  commands.RetriableDatanodeEventWatcher (RetriableDatanodeEventWatcher.java:onTimeout(47)) - RetriableDatanodeCommand type=deleteBlocksCommand with id=1563006805955 timed out. Retrying.
2019-07-13 08:33:38,839 INFO  commands.RetriableDatanodeEventWatcher (RetriableDatanodeEventWatcher.java:onTimeout(47)) - RetriableDatanodeCommand type=deleteBlocksCommand with id=1563006805896 timed out. Retrying.
2019-07-13 08:33:38,840 INFO  ozone.MiniOzoneClusterImpl (MiniOzoneClusterImpl.java:lambda$waitForClusterToBeReady$0(142)) - Cluster is ready. Got 1 of 1 DN Heartbeats.
2019-07-13 08:33:38,846 ERROR statemachine.EndpointStateMachine (EndpointStateMachine.java:logIfNeeded(204)) - Unable to communicate to SCM server at 0.0.0.0:44789 for past 0 seconds.
java.net.SocketTimeoutException: Call From trunk-nightly-hmp62-43275749/192.168.69.96 to 0.0.0.0:44789 failed on socket timeout exception: java.net.SocketTimeoutException: 1000 millis timeout while waiting for channel to be ready for read. ch : java.nio.channels.SocketChannel[connected local=/192.168.69.96:59568 remote=/0.0.0.0:44789]; For more details see:  http://wiki.apache.org/hadoop/SocketTimeout
	at sun.reflect.NativeConstructorAccessorImpl.newInstance0(Native Method)
	at sun.reflect.NativeConstructorAccessorImpl.newInstance(NativeConstructorAccessorImpl.java:62)
	at sun.reflect.DelegatingConstructorAccessorImpl.newInstance(DelegatingConstructorAccessorImpl.java:45)
	at java.lang.reflect.Constructor.newInstance(Constructor.java:423)
	at org.apache.hadoop.net.NetUtils.wrapWithMessage(NetUtils.java:831)
	at org.apache.hadoop.net.NetUtils.wrapException(NetUtils.java:775)
	at org.apache.hadoop.ipc.Client.getRpcResponse(Client.java:1515)
	at org.apache.hadoop.ipc.Client.call(Client.java:1457)
	at org.apache.hadoop.ipc.Client.call(Client.java:1367)
	at org.apache.hadoop.ipc.ProtobufRpcEngine$Invoker.invoke(ProtobufRpcEngine.java:228)
	at org.apache.hadoop.ipc.ProtobufRpcEngine$Invoker.invoke(ProtobufRpcEngine.java:116)
	at com.sun.proxy.$Proxy83.sendHeartbeat(Unknown Source)
	at org.apache.hadoop.ozone.protocolPB.StorageContainerDatanodeProtocolClientSideTranslatorPB.sendHeartbeat(StorageContainerDatanodeProtocolClientSideTranslatorPB.java:131)
	at org.apache.hadoop.ozone.container.common.states.endpoint.HeartbeatEndpointTask.call(HeartbeatEndpointTask.java:143)
	at org.apache.hadoop.ozone.container.common.states.endpoint.HeartbeatEndpointTask.call(HeartbeatEndpointTask.java:74)
	at java.util.concurrent.FutureTask.run(FutureTask.java:266)
	at java.util.concurrent.Executors$RunnableAdapter.call(Executors.java:511)
	at java.util.concurrent.FutureTask.run(FutureTask.java:266)
	at java.util.concurrent.ThreadPoolExecutor.runWorker(ThreadPoolExecutor.java:1149)
	at java.util.concurrent.ThreadPoolExecutor$Worker.run(ThreadPoolExecutor.java:624)
	at java.lang.Thread.run(Thread.java:748)
Caused by: java.net.SocketTimeoutException: 1000 millis timeout while waiting for channel to be ready for read. ch : java.nio.channels.SocketChannel[connected local=/192.168.69.96:59568 remote=/0.0.0.0:44789]
	at org.apache.hadoop.net.SocketIOWithTimeout.doIO(SocketIOWithTimeout.java:164)
	at org.apache.hadoop.net.SocketInputStream.read(SocketInputStream.java:161)
	at org.apache.hadoop.net.SocketInputStream.read(SocketInputStream.java:131)
	at java.io.FilterInputStream.read(FilterInputStream.java:133)
	at java.io.BufferedInputStream.fill(BufferedInputStream.java:246)
	at java.io.BufferedInputStream.read(BufferedInputStream.java:265)
	at java.io.FilterInputStream.read(FilterInputStream.java:83)
	at java.io.FilterInputStream.read(FilterInputStream.java:83)
	at org.apache.hadoop.ipc.Client$Connection$PingInputStream.read(Client.java:557)
	at java.io.DataInputStream.readInt(DataInputStream.java:387)
	at org.apache.hadoop.ipc.Client$IpcStreams.readResponse(Client.java:1816)
	at org.apache.hadoop.ipc.Client$Connection.receiveRpcResponse(Client.java:1173)
	at org.apache.hadoop.ipc.Client$Connection.run(Client.java:1069)
2019-07-13 08:33:38,848 INFO  commands.RetriableDatanodeEventWatcher (RetriableDatanodeEventWatcher.java:onTimeout(47)) - RetriableDatanodeCommand type=deleteBlocksCommand with id=1563006805837 timed out. Retrying.
2019-07-13 08:33:38,859 INFO  commands.RetriableDatanodeEventWatcher (RetriableDatanodeEventWatcher.java:onTimeout(47)) - RetriableDatanodeCommand type=deleteBlocksCommand with id=1563006805906 timed out. Retrying.
2019-07-13 08:33:38,861 INFO  block.SCMBlockDeletingService (SCMBlockDeletingService.java:handlePendingDeletes(115)) - Block deletion txnID mismatch in datanode 912a7d3b-e3f1-4985-b06b-5f0a929b8060 for containerID 1. Datanode delete txnID: 0, SCM txnID: 1
2019-07-13 08:33:38,861 INFO  block.SCMBlockDeletingService (SCMBlockDeletingService.java:handlePendingDeletes(115)) - Block deletion txnID mismatch in datanode 912a7d3b-e3f1-4985-b06b-5f0a929b8060 for containerID 2. Datanode delete txnID: 0, SCM txnID: 2
2019-07-13 08:33:38,861 INFO  block.SCMBlockDeletingService (SCMBlockDeletingService.java:handlePendingDeletes(115)) - Block deletion txnID mismatch in datanode 912a7d3b-e3f1-4985-b06b-5f0a929b8060 for containerID 3. Datanode delete txnID: 0, SCM txnID: 3
2019-07-13 08:33:38,862 INFO  commands.RetriableDatanodeEventWatcher (RetriableDatanodeEventWatcher.java:onTimeout(47)) - RetriableDatanodeCommand type=deleteBlocksCommand with id=1563006805847 timed out. Retrying.
2019-07-13 08:33:38,870 INFO  commands.RetriableDatanodeEventWatcher (RetriableDatanodeEventWatcher.java:onTimeout(47)) - RetriableDatanodeCommand type=deleteBlocksCommand with id=1563006805916 timed out. Retrying.
2019-07-13 08:33:38,878 INFO  commands.RetriableDatanodeEventWatcher (RetriableDatanodeEventWatcher.java:onTimeout(47)) - RetriableDatanodeCommand type=deleteBlocksCommand with id=1563006805857 timed out. Retrying.
2019-07-13 08:33:38,886 INFO  commands.RetriableDatanodeEventWatcher (RetriableDatanodeEventWatcher.java:onTimeout(47)) - RetriableDatanodeCommand type=deleteBlocksCommand with id=1563006805926 timed out. Retrying.
2019-07-13 08:33:38,892 INFO  commands.RetriableDatanodeEventWatcher (RetriableDatanodeEventWatcher.java:onTimeout(47)) - RetriableDatanodeCommand type=deleteBlocksCommand with id=1563006805867 timed out. Retrying.
2019-07-13 08:33:38,899 INFO  commands.RetriableDatanodeEventWatcher (RetriableDatanodeEventWatcher.java:onTimeout(47)) - RetriableDatanodeCommand type=deleteBlocksCommand with id=1563006805936 timed out. Retrying.
2019-07-13 08:33:38,911 INFO  commands.RetriableDatanodeEventWatcher (RetriableDatanodeEventWatcher.java:onTimeout(47)) - RetriableDatanodeCommand type=deleteBlocksCommand with id=1563006805877 timed out. Retrying.
2019-07-13 08:33:38,914 DEBUG block.SCMBlockDeletingService (RetriableDatanodeEventWatcher.java:onTimeout(47)) - RetriableDatanodeCommand type=deleteBlocksCommand with id=1563006805946 timed out. Retrying.
SCMBlockDeletingService.java:call(138)) - Running DeletedBlockTransactionScanner
2019-07-13 08:33:38,914 INFO  commands.RetriableDatanodeEventWatcher (RetriableDatanodeEventWatcher.java:onTimeout(47)) - RetriableDatanodeCommand type=deleteBlocksCommand with id=1563006805946 timed out. Retrying.
2019-07-13 08:33:38,915 DEBUG block.SCMBlockDeletingService (SCMBlockDeletingService.java:call(155)) - Scanned deleted blocks log and got 3 delTX to process.
2019-07-13 08:33:38,915 DEBUG block.SCMBlockDeletingService (SCMBlockDeletingService.java:call(171)) - Added delete block command for datanode 912a7d3b-e3f1-4985-b06b-5f0a929b8060 in the queue, number of delete block transactions: 3, TxID list: 1,2,3
2019-07-13 08:33:38,916 INFO  block.SCMBlockDeletingService (SCMBlockDeletingService.java:call(182)) - Totally added 3 delete blocks command for 1 datanodes, task elapsed time: 1ms
2019-07-13 08:33:38,924 INFO  commands.RetriableDatanodeEventWatcher (RetriableDatanodeEventWatcher.java:onTimeout(47)) - RetriableDatanodeCommand type=deleteBlocksCommand with id=1563006805887 timed out. Retrying.
2019-07-13 08:33:38,929 INFO  commands.RetriableDatanodeEventWatcher (RetriableDatanodeEventWatcher.java:onTimeout(47)) - RetriableDatanodeCommand type=deleteBlocksCommand with id=1563006805956 timed out. Retrying.
2019-07-13 08:33:38,942 INFO  commands.RetriableDatanodeEventWatcher (RetriableDatanodeEventWatcher.java:onTimeout(47)) - RetriableDatanodeCommand type=deleteBlocksCommand with id=1563006805897 timed out. Retrying.
2019-07-13 08:33:38,946 INFO  commands.RetriableDatanodeEventWatcher (RetriableDatanodeEventWatcher.java:onTimeout(47)) - RetriableDatanodeCommand type=deleteBlocksCommand with id=1563006805838 timed out. Retrying.
2019-07-13 08:33:38,957 INFO  commands.RetriableDatanodeEventWatcher (RetriableDatanodeEventWatcher.java:onTimeout(47)) - RetriableDatanodeCommand type=deleteBlocksCommand with id=1563006805907 timed out. Retrying.
2019-07-13 08:33:38,962 INFO  commands.RetriableDatanodeEventWatcher (RetriableDatanodeEventWatcher.java:onTimeout(47)) - RetriableDatanodeCommand type=deleteBlocksCommand with id=1563006805848 timed out. Retrying.
2019-07-13 08:33:38,974 INFO  commands.RetriableDatanodeEventWatcher (RetriableDatanodeEventWatcher.java:onTimeout(47)) - RetriableDatanodeCommand type=deleteBlocksCommand with id=1563006805917 timed out. Retrying.
2019-07-13 08:33:38,979 INFO  commands.RetriableDatanodeEventWatcher (RetriableDatanodeEventWatcher.java:onTimeout(47)) - RetriableDatanodeCommand type=deleteBlocksCommand with id=1563006805858 timed out. Retrying.
2019-07-13 08:33:38,985 INFO  commands.RetriableDatanodeEventWatcher (RetriableDatanodeEventWatcher.java:onTimeout(47)) - RetriableDatanodeCommand type=deleteBlocksCommand with id=1563006805927 timed out. Retrying.
2019-07-13 08:33:38,993 INFO  commands.RetriableDatanodeEventWatcher (RetriableDatanodeEventWatcher.java:onTimeout(47)) - RetriableDatanodeCommand type=deleteBlocksCommand with id=1563006805868 timed out. Retrying.
2019-07-13 08:33:38,999 INFO  commands.RetriableDatanodeEventWatcher (RetriableDatanodeEventWatcher.java:onTimeout(47)) - RetriableDatanodeCommand type=deleteBlocksCommand with id=1563006805937 timed out. Retrying.
2019-07-13 08:33:39,010 INFO  commands.RetriableDatanodeEventWatcher (RetriableDatanodeEventWatcher.java:onTimeout(47)) - RetriableDatanodeCommand type=deleteBlocksCommand with id=1563006805878 timed out. Retrying.
2019-07-13 08:33:39,012 INFO  impl.FollowerState (FollowerState.java:run(106)) - 912a7d3b-e3f1-4985-b06b-5f0a929b8060:group-3636E5E7603C changes to CANDIDATE, lastRpcTime:5157, electionTimeout:5157ms
2019-07-13 08:33:39,013 INFO  impl.RoleInfo (RoleInfo.java:shutdownFollowerState(121)) - 912a7d3b-e3f1-4985-b06b-5f0a929b8060: shutdown FollowerState
2019-07-13 08:33:39,013 INFO  impl.RaftServerImpl (RaftServerImpl.java:setRole(171)) - 912a7d3b-e3f1-4985-b06b-5f0a929b8060:group-3636E5E7603C changes role from FOLLOWER to CANDIDATE at term 1 for changeToCandidate
2019-07-13 08:33:39,014 INFO  impl.RoleInfo (RoleInfo.java:updateAndGet(143)) - 912a7d3b-e3f1-4985-b06b-5f0a929b8060: start LeaderElection
2019-07-13 08:33:39,015 INFO  commands.RetriableDatanodeEventWatcher (RetriableDatanodeEventWatcher.java:onTimeout(47)) - RetriableDatanodeCommand type=deleteBlocksCommand with id=1563006805947 timed out. Retrying.
2019-07-13 08:33:39,016 DEBUG block.SCMBlockDeletingService (SCMBlockDeletingService.java:call(138)) - Running DeletedBlockTransactionScanner
2019-07-13 08:33:39,017 DEBUG block.SCMBlockDeletingService (SCMBlockDeletingService.java:call(155)) - Scanned deleted blocks log and got 3 delTX to process.
2019-07-13 08:33:39,017 DEBUG block.SCMBlockDeletingService (SCMBlockDeletingService.java:call(171)) - Added delete block command for datanode 912a7d3b-e3f1-4985-b06b-5f0a929b8060 in the queue, number of delete block transactions: 3, TxID list: 1,2,3
2019-07-13 08:33:39,017 INFO  block.SCMBlockDeletingService (SCMBlockDeletingService.java:call(182)) - Totally added 3 delete blocks command for 1 datanodes, task elapsed time: 1ms
2019-07-13 08:33:39,030 INFO  commands.RetriableDatanodeEventWatcher (RetriableDatanodeEventWatcher.java:onTimeout(47)) - RetriableDatanodeCommand type=deleteBlocksCommand with id=1563006805957 timed out. Retrying.
2019-07-13 08:33:39,030 INFO  commands.RetriableDatanodeEventWatcher (RetriableDatanodeEventWatcher.java:onTimeout(47)) - RetriableDatanodeCommand type=deleteBlocksCommand with id=1563006805888 timed out. Retrying.
2019-07-13 08:33:39,043 INFO  commands.RetriableDatanodeEventWatcher (RetriableDatanodeEventWatcher.java:onTimeout(47)) - RetriableDatanodeCommand type=deleteBlocksCommand with id=1563006805898 timed out. Retrying.
2019-07-13 08:33:39,052 INFO  commands.RetriableDatanodeEventWatcher (RetriableDatanodeEventWatcher.java:onTimeout(47)) - RetriableDatanodeCommand type=deleteBlocksCommand with id=1563006805839 timed out. Retrying.
2019-07-13 08:33:39,058 INFO  commands.RetriableDatanodeEventWatcher (RetriableDatanodeEventWatcher.java:onTimeout(47)) - RetriableDatanodeCommand type=deleteBlocksCommand with id=1563006805908 timed out. Retrying.
2019-07-13 08:33:39,063 INFO  commands.RetriableDatanodeEventWatcher (RetriableDatanodeEventWatcher.java:onTimeout(47)) - RetriableDatanodeCommand type=deleteBlocksCommand with id=1563006805849 timed out. Retrying.
2019-07-13 08:33:39,074 INFO  commands.RetriableDatanodeEventWatcher (RetriableDatanodeEventWatcher.java:onTimeout(47)) - RetriableDatanodeCommand type=deleteBlocksCommand with id=1563006805918 timed out. Retrying.
2019-07-13 08:33:39,078 INFO  commands.RetriableDatanodeEventWatcher (RetriableDatanodeEventWatcher.java:onTimeout(47)) - RetriableDatanodeCommand type=deleteBlocksCommand with id=1563006805859 timed out. Retrying.
2019-07-13 08:33:39,112 INFO  commands.RetriableDatanodeEventWatcher (RetriableDatanodeEventWatcher.java:onTimeout(47)) - RetriableDatanodeCommand type=deleteBlocksCommand with id=1563006805879 timed out. Retrying.
2019-07-13 08:33:39,112 INFO  commands.RetriableDatanodeEventWatcher (RetriableDatanodeEventWatcher.java:onTimeout(47)) - RetriableDatanodeCommand type=deleteBlocksCommand with id=1563006805938 timed out. Retrying.
2019-07-13 08:33:39,112 INFO  commands.RetriableDatanodeEventWatcher (RetriableDatanodeEventWatcher.java:onTimeout(47)) - RetriableDatanodeCommand type=deleteBlocksCommand with id=1563006805869 timed out. Retrying.
2019-07-13 08:33:39,112 INFO  commands.RetriableDatanodeEventWatcher (RetriableDatanodeEventWatcher.java:onTimeout(47)) - RetriableDatanodeCommand type=deleteBlocksCommand with id=1563006805928 timed out. Retrying.
2019-07-13 08:33:39,116 INFO  commands.RetriableDatanodeEventWatcher (RetriableDatanodeEventWatcher.java:onTimeout(47)) - RetriableDatanodeCommand type=deleteBlocksCommand with id=1563006805948 timed out. Retrying.
2019-07-13 08:33:39,118 DEBUG block.SCMBlockDeletingService (SCMBlockDeletingService.java:call(138)) - Running DeletedBlockTransactionScanner
2019-07-13 08:33:39,118 DEBUG block.SCMBlockDeletingService (SCMBlockDeletingService.java:call(155)) - Scanned deleted blocks log and got 3 delTX to process.
2019-07-13 08:33:39,118 DEBUG block.SCMBlockDeletingService (SCMBlockDeletingService.java:call(171)) - Added delete block command for datanode 912a7d3b-e3f1-4985-b06b-5f0a929b8060 in the queue, number of delete block transactions: 3, TxID list: 1,2,3
2019-07-13 08:33:39,119 INFO  block.SCMBlockDeletingService (SCMBlockDeletingService.java:call(182)) - Totally added 3 delete blocks command for 1 datanodes, task elapsed time: 1ms
2019-07-13 08:33:39,170 INFO  block.SCMBlockDeletingService (SCMBlockDeletingService.java:handlePendingDeletes(115)) - Block deletion txnID mismatch in datanode 912a7d3b-e3f1-4985-b06b-5f0a929b8060 for containerID 1. Datanode delete txnID: 0, SCM txnID: 1
2019-07-13 08:33:39,170 INFO  block.SCMBlockDeletingService (SCMBlockDeletingService.java:handlePendingDeletes(115)) - Block deletion txnID mismatch in datanode 912a7d3b-e3f1-4985-b06b-5f0a929b8060 for containerID 2. Datanode delete txnID: 0, SCM txnID: 2
2019-07-13 08:33:39,170 INFO  block.SCMBlockDeletingService (SCMBlockDeletingService.java:handlePendingDeletes(115)) - Block deletion txnID mismatch in datanode 912a7d3b-e3f1-4985-b06b-5f0a929b8060 for containerID 3. Datanode delete txnID: 0, SCM txnID: 3
2019-07-13 08:33:39,204 INFO  commands.RetriableDatanodeEventWatcher (RetriableDatanodeEventWatcher.java:onTimeout(47)) - RetriableDatanodeCommand type=deleteBlocksCommand with id=1563006805850 timed out. Retrying.
2019-07-13 08:33:39,204 WARN  ipc.Server (RetriableDatanodeEventWatcher.java:onTimeout(47)) - Server.java:setupResponse(2950)) - Large response size 4312802 for call Call#2069 Retry#0 org.apache.hadoop.ozone.protocol.StorageContainerDatanodeProtocol.sendHeartbeat from 192.168.69.96:59568
2019-07-13 08:33:39,204 INFO  commands.RetriableDatanodeEventWatcher (RetriableDatanodeEventWatcher.java:onTimeout(47)) - RetriableDatanodeCommand type=deleteBlocksCommand with id=1563006805958 timed out. Retrying.
2019-07-13 08:33:39,205 INFO  commands.RetriableDatanodeEventWatcher (Server.java:processResponse(1523)) - IPC Server handler 17 on 44789, call Call#2069 Retry#0 org.apache.hadoop.ozone.protocol.StorageContainerDatanodeProtocol.sendHeartbeat from 192.168.69.96:59568: output error
2019-07-13 08:33:39,205 INFO  commands.RetriableDatanodeEventWatcher (RetriableDatanodeEventWatcher.java:onTimeout(47)) - RetriableDatanodeCommand type=deleteBlocksCommand with id=1563006805840 timed out. Retrying.
2019-07-13 08:33:39,206 INFO  commands.RetriableDatanodeEventWatcher (Server.java:run(2695)) - IPC Server handler 17 on 44789 caught an exception
java.nio.channels.ClosedChannelException
	at sun.nio.ch.SocketChannelImpl.ensureWriteOpen(SocketChannelImpl.java:270)
	at sun.nio.ch.SocketChannelImpl.write(SocketChannelImpl.java:461)
	at org.apache.hadoop.ipc.Server.channelIO(Server.java:3298)
	at org.apache.hadoop.ipc.Server.channelWrite(Server.java:3250)
	at org.apache.hadoop.ipc.Server.access$1700(Server.java:137)
	at org.apache.hadoop.ipc.Server$Responder.processResponse(Server.java:1473)
	at org.apache.hadoop.ipc.Server$Responder.doRespond(Server.java:1543)
	at org.apache.hadoop.ipc.Server$Connection.sendResponse(Server.java:2593)
	at org.apache.hadoop.ipc.Server$Connection.access$300(Server.java:1615)
	at org.apache.hadoop.ipc.Server$RpcCall.doResponse(Server.java:940)
	at org.apache.hadoop.ipc.Server$Call.sendResponse(Server.java:774)
	at org.apache.hadoop.ipc.Server$RpcCall.run(Server.java:885)
	at org.apache.hadoop.ipc.Server$RpcCall.run(Server.java:822)
	at java.security.AccessController.doPrivileged(Native Method)
	at javax.security.auth.Subject.doAs(Subject.java:422)
	at org.apache.hadoop.security.UserGroupInformation.doAs(UserGroupInformation.java:1730)
	at org.apache.hadoop.ipc.Server$Handler.run(Server.java:2682)
2019-07-13 08:33:39,206 INFO  commands.RetriableDatanodeEventWatcher (RetriableDatanodeEventWatcher.java:onTimeout(47)) - RetriableDatanodeCommand type=deleteBlocksCommand with id=1563006805870 timed out. Retrying.
2019-07-13 08:33:39,207 INFO  commands.RetriableDatanodeEventWatcher (RetriableDatanodeEventWatcher.java:onTimeout(47)) - RetriableDatanodeCommand type=deleteBlocksCommand with id=1563006805889 timed out. Retrying.
2019-07-13 08:33:39,207 INFO  commands.RetriableDatanodeEventWatcher (RetriableDatanodeEventWatcher.java:onTimeout(47)) - RetriableDatanodeCommand type=deleteBlocksCommand with id=1563006805899 timed out. Retrying.
2019-07-13 08:33:39,208 INFO  commands.RetriableDatanodeEventWatcher (RetriableDatanodeEventWatcher.java:onTimeout(47)) - RetriableDatanodeCommand type=deleteBlocksCommand with id=1563006805909 timed out. Retrying.
2019-07-13 08:33:39,208 INFO  commands.RetriableDatanodeEventWatcher (RetriableDatanodeEventWatcher.java:onTimeout(47)) - RetriableDatanodeCommand type=deleteBlocksCommand with id=1563006805919 timed out. Retrying.
2019-07-13 08:33:39,208 INFO  commands.RetriableDatanodeEventWatcher (RetriableDatanodeEventWatcher.java:onTimeout(47)) - RetriableDatanodeCommand type=deleteBlocksCommand with id=1563006805860 timed out. Retrying.
2019-07-13 08:33:39,208 INFO  commands.RetriableDatanodeEventWatcher (RetriableDatanodeEventWatcher.java:onTimeout(47)) - RetriableDatanodeCommand type=deleteBlocksCommand with id=1563006805939 timed out. Retrying.
2019-07-13 08:33:39,209 INFO  commands.RetriableDatanodeEventWatcher (RetriableDatanodeEventWatcher.java:onTimeout(47)) - RetriableDatanodeCommand type=deleteBlocksCommand with id=1563006805929 timed out. Retrying.
2019-07-13 08:33:39,209 INFO  commands.RetriableDatanodeEventWatcher (RetriableDatanodeEventWatcher.java:onTimeout(47)) - RetriableDatanodeCommand type=deleteBlocksCommand with id=1563006805880 timed out. Retrying.
2019-07-13 08:33:39,218 INFO  commands.RetriableDatanodeEventWatcher (RetriableDatanodeEventWatcher.java:onTimeout(47)) - RetriableDatanodeCommand type=deleteBlocksCommand with id=1563006805949 timed out. Retrying.
2019-07-13 08:33:39,219 DEBUG block.SCMBlockDeletingService (SCMBlockDeletingService.java:call(138)) - Running DeletedBlockTransactionScanner
2019-07-13 08:33:39,220 DEBUG block.SCMBlockDeletingService (SCMBlockDeletingService.java:call(155)) - Scanned deleted blocks log and got 3 delTX to process.
2019-07-13 08:33:39,220 DEBUG block.SCMBlockDeletingService (SCMBlockDeletingService.java:call(171)) - Added delete block command for datanode 912a7d3b-e3f1-4985-b06b-5f0a929b8060 in the queue, number of delete block transactions: 3, TxID list: 1,2,3
2019-07-13 08:33:39,221 INFO  block.SCMBlockDeletingService (SCMBlockDeletingService.java:call(182)) - Totally added 3 delete blocks command for 1 datanodes, task elapsed time: 2ms
2019-07-13 08:33:39,230 INFO  commands.RetriableDatanodeEventWatcher (RetriableDatanodeEventWatcher.java:onTimeout(47)) - RetriableDatanodeCommand type=deleteBlocksCommand with id=1563006805890 timed out. Retrying.
2019-07-13 08:33:39,248 INFO  commands.RetriableDatanodeEventWatcher (RetriableDatanodeEventWatcher.java:onTimeout(47)) - RetriableDatanodeCommand type=deleteBlocksCommand with id=1563006805900 timed out. Retrying.
2019-07-13 08:33:39,253 INFO  commands.RetriableDatanodeEventWatcher (RetriableDatanodeEventWatcher.java:onTimeout(47)) - RetriableDatanodeCommand type=deleteBlocksCommand with id=1563006805841 timed out. Retrying.
2019-07-13 08:33:39,261 INFO  commands.RetriableDatanodeEventWatcher (RetriableDatanodeEventWatcher.java:onTimeout(47)) - RetriableDatanodeCommand type=deleteBlocksCommand with id=1563006805910 timed out. Retrying.
2019-07-13 08:33:39,269 INFO  commands.RetriableDatanodeEventWatcher (RetriableDatanodeEventWatcher.java:onTimeout(47)) - RetriableDatanodeCommand type=deleteBlocksCommand with id=1563006805851 timed out. Retrying.
2019-07-13 08:33:39,276 INFO  commands.RetriableDatanodeEventWatcher (RetriableDatanodeEventWatcher.java:onTimeout(47)) - RetriableDatanodeCommand type=deleteBlocksCommand with id=1563006805920 timed out. Retrying.
2019-07-13 08:33:39,284 INFO  commands.RetriableDatanodeEventWatcher (RetriableDatanodeEventWatcher.java:onTimeout(47)) - RetriableDatanodeCommand type=deleteBlocksCommand with id=1563006805861 timed out. Retrying.
2019-07-13 08:33:39,290 INFO  commands.RetriableDatanodeEventWatcher (RetriableDatanodeEventWatcher.java:onTimeout(47)) - RetriableDatanodeCommand type=deleteBlocksCommand with id=1563006805930 timed out. Retrying.
2019-07-13 08:33:39,302 INFO  commands.RetriableDatanodeEventWatcher (RetriableDatanodeEventWatcher.java:onTimeout(47)) - RetriableDatanodeCommand type=deleteBlocksCommand with id=1563006805871 timed out. Retrying.
2019-07-13 08:33:39,304 INFO  commands.RetriableDatanodeEventWatcher (RetriableDatanodeEventWatcher.java:onTimeout(47)) - RetriableDatanodeCommand type=deleteBlocksCommand with id=1563006805959 timed out. Retrying.
2019-07-13 08:33:39,306 INFO  commands.RetriableDatanodeEventWatcher (RetriableDatanodeEventWatcher.java:onTimeout(47)) - RetriableDatanodeCommand type=deleteBlocksCommand with id=1563006805940 timed out. Retrying.
2019-07-13 08:33:39,311 INFO  commands.RetriableDatanodeEventWatcher (RetriableDatanodeEventWatcher.java:onTimeout(47)) - RetriableDatanodeCommand type=deleteBlocksCommand with id=1563006805881 timed out. Retrying.
2019-07-13 08:33:39,320 INFO  commands.RetriableDatanodeEventWatcher (RetriableDatanodeEventWatcher.java:onTimeout(47)) - RetriableDatanodeCommand type=deleteBlocksCommand with id=1563006805950 timed out. Retrying.
2019-07-13 08:33:39,321 DEBUG block.SCMBlockDeletingService (SCMBlockDeletingService.java:call(138)) - Running DeletedBlockTransactionScanner
2019-07-13 08:33:39,322 DEBUG block.SCMBlockDeletingService (SCMBlockDeletingService.java:call(155)) - Scanned deleted blocks log and got 3 delTX to process.
2019-07-13 08:33:39,323 DEBUG block.SCMBlockDeletingService (SCMBlockDeletingService.java:call(171)) - Added delete block command for datanode 912a7d3b-e3f1-4985-b06b-5f0a929b8060 in the queue, number of delete block transactions: 3, TxID list: 1,2,3
2019-07-13 08:33:39,324 INFO  block.SCMBlockDeletingService (SCMBlockDeletingService.java:call(182)) - Totally added 3 delete blocks command for 1 datanodes, task elapsed time: 2ms
2019-07-13 08:33:39,335 INFO  commands.RetriableDatanodeEventWatcher (RetriableDatanodeEventWatcher.java:onTimeout(47)) - RetriableDatanodeCommand type=deleteBlocksCommand with id=1563006805891 timed out. Retrying.
2019-07-13 08:33:39,347 INFO  commands.RetriableDatanodeEventWatcher (RetriableDatanodeEventWatcher.java:onTimeout(47)) - RetriableDatanodeCommand type=deleteBlocksCommand with id=1563006805901 timed out. Retrying.
2019-07-13 08:33:39,352 INFO  commands.RetriableDatanodeEventWatcher (RetriableDatanodeEventWatcher.java:onTimeout(47)) - RetriableDatanodeCommand type=deleteBlocksCommand with id=1563006805842 timed out. Retrying.
2019-07-13 08:33:39,362 INFO  commands.RetriableDatanodeEventWatcher (RetriableDatanodeEventWatcher.java:onTimeout(47)) - RetriableDatanodeCommand type=deleteBlocksCommand with id=1563006805911 timed out. Retrying.
2019-07-13 08:33:39,366 INFO  commands.RetriableDatanodeEventWatcher (RetriableDatanodeEventWatcher.java:onTimeout(47)) - RetriableDatanodeCommand type=deleteBlocksCommand with id=1563006805852 timed out. Retrying.
2019-07-13 08:33:39,379 INFO  commands.RetriableDatanodeEventWatcher (RetriableDatanodeEventWatcher.java:onTimeout(47)) - RetriableDatanodeCommand type=deleteBlocksCommand with id=1563006805921 timed out. Retrying.
2019-07-13 08:33:39,385 INFO  commands.RetriableDatanodeEventWatcher (RetriableDatanodeEventWatcher.java:onTimeout(47)) - RetriableDatanodeCommand type=deleteBlocksCommand with id=1563006805862 timed out. Retrying.
2019-07-13 08:33:39,393 INFO  commands.RetriableDatanodeEventWatcher (RetriableDatanodeEventWatcher.java:onTimeout(47)) - RetriableDatanodeCommand type=deleteBlocksCommand with id=1563006805931 timed out. Retrying.
2019-07-13 08:33:39,399 INFO  commands.RetriableDatanodeEventWatcher (RetriableDatanodeEventWatcher.java:onTimeout(47)) - RetriableDatanodeCommand type=deleteBlocksCommand with id=1563006805872 timed out. Retrying.
2019-07-13 08:33:39,406 INFO  commands.RetriableDatanodeEventWatcher (RetriableDatanodeEventWatcher.java:onTimeout(47)) - RetriableDatanodeCommand type=deleteBlocksCommand with id=1563006805941 timed out. Retrying.
2019-07-13 08:33:39,406 INFO  commands.RetriableDatanodeEventWatcher (RetriableDatanodeEventWatcher.java:onTimeout(47)) - RetriableDatanodeCommand type=deleteBlocksCommand with id=1563006805960 timed out. Retrying.
2019-07-13 08:33:39,415 INFO  commands.RetriableDatanodeEventWatcher (RetriableDatanodeEventWatcher.java:onTimeout(47)) - RetriableDatanodeCommand type=deleteBlocksCommand with id=1563006805882 timed out. Retrying.
2019-07-13 08:33:39,422 INFO  commands.RetriableDatanodeEventWatcher (RetriableDatanodeEventWatcher.java:onTimeout(47)) - RetriableDatanodeCommand type=deleteBlocksCommand with id=1563006805951 timed out. Retrying.
2019-07-13 08:33:39,424 DEBUG block.SCMBlockDeletingService (SCMBlockDeletingService.java:call(138)) - Running DeletedBlockTransactionScanner
2019-07-13 08:33:39,424 DEBUG block.SCMBlockDeletingService (SCMBlockDeletingService.java:call(155)) - Scanned deleted blocks log and got 3 delTX to process.
2019-07-13 08:33:39,425 DEBUG block.SCMBlockDeletingService (SCMBlockDeletingService.java:call(171)) - Added delete block command for datanode 912a7d3b-e3f1-4985-b06b-5f0a929b8060 in the queue, number of delete block transactions: 3, TxID list: 1,2,3
2019-07-13 08:33:39,425 INFO  block.SCMBlockDeletingService (SCMBlockDeletingService.java:call(182)) - Totally added 3 delete blocks command for 1 datanodes, task elapsed time: 0ms
2019-07-13 08:33:39,434 INFO  commands.RetriableDatanodeEventWatcher (RetriableDatanodeEventWatcher.java:onTimeout(47)) - RetriableDatanodeCommand type=deleteBlocksCommand with id=1563006805892 timed out. Retrying.
2019-07-13 08:33:39,447 INFO  block.SCMBlockDeletingService (SCMBlockDeletingService.java:handlePendingDeletes(115)) - Block deletion txnID mismatch in datanode 912a7d3b-e3f1-4985-b06b-5f0a929b8060 for containerID 1. Datanode delete txnID: 0, SCM txnID: 1
2019-07-13 08:33:39,448 INFO  block.SCMBlockDeletingService (SCMBlockDeletingService.java:handlePendingDeletes(115)) - Block deletion txnID mismatch in datanode 912a7d3b-e3f1-4985-b06b-5f0a929b8060 for containerID 2. Datanode delete txnID: 0, SCM txnID: 2
2019-07-13 08:33:39,448 INFO  block.SCMBlockDeletingService (SCMBlockDeletingService.java:handlePendingDeletes(115)) - Block deletion txnID mismatch in datanode 912a7d3b-e3f1-4985-b06b-5f0a929b8060 for containerID 3. Datanode delete txnID: 0, SCM txnID: 3
2019-07-13 08:33:39,452 INFO  commands.RetriableDatanodeEventWatcher (RetriableDatanodeEventWatcher.java:onTimeout(47)) - RetriableDatanodeCommand type=deleteBlocksCommand with id=1563006805902 timed out. Retrying.
2019-07-13 08:33:39,455 INFO  commands.RetriableDatanodeEventWatcher (RetriableDatanodeEventWatcher.java:onTimeout(47)) - RetriableDatanodeCommand type=deleteBlocksCommand with id=1563006805843 timed out. Retrying.
2019-07-13 08:33:39,468 INFO  commands.RetriableDatanodeEventWatcher (RetriableDatanodeEventWatcher.java:onTimeout(47)) - RetriableDatanodeCommand type=deleteBlocksCommand with id=1563006805853 timed out. Retrying.
2019-07-13 08:33:39,468 INFO  commands.RetriableDatanodeEventWatcher (RetriableDatanodeEventWatcher.java:onTimeout(47)) - RetriableDatanodeCommand type=deleteBlocksCommand with id=1563006805912 timed out. Retrying.
2019-07-13 08:33:39,479 INFO  commands.RetriableDatanodeEventWatcher (RetriableDatanodeEventWatcher.java:onTimeout(47)) - RetriableDatanodeCommand type=deleteBlocksCommand with id=1563006805922 timed out. Retrying.
2019-07-13 08:33:39,487 INFO  commands.RetriableDatanodeEventWatcher (RetriableDatanodeEventWatcher.java:onTimeout(47)) - RetriableDatanodeCommand type=deleteBlocksCommand with id=1563006805863 timed out. Retrying.
2019-07-13 08:33:39,493 INFO  commands.RetriableDatanodeEventWatcher (RetriableDatanodeEventWatcher.java:onTimeout(47)) - RetriableDatanodeCommand type=deleteBlocksCommand with id=1563006805932 timed out. Retrying.
2019-07-13 08:33:39,503 INFO  commands.RetriableDatanodeEventWatcher (RetriableDatanodeEventWatcher.java:onTimeout(47)) - RetriableDatanodeCommand type=deleteBlocksCommand with id=1563006805873 timed out. Retrying.
2019-07-13 08:33:39,508 INFO  commands.RetriableDatanodeEventWatcher (RetriableDatanodeEventWatcher.java:onTimeout(47)) - RetriableDatanodeCommand type=deleteBlocksCommand with id=1563006805961 timed out. Retrying.
2019-07-13 08:33:39,508 INFO  commands.RetriableDatanodeEventWatcher (RetriableDatanodeEventWatcher.java:onTimeout(47)) - RetriableDatanodeCommand type=deleteBlocksCommand with id=1563006805942 timed out. Retrying.
2019-07-13 08:33:39,514 INFO  commands.RetriableDatanodeEventWatcher (RetriableDatanodeEventWatcher.java:onTimeout(47)) - RetriableDatanodeCommand type=deleteBlocksCommand with id=1563006805883 timed out. Retrying.
2019-07-13 08:33:39,522 INFO  commands.RetriableDatanodeEventWatcher (RetriableDatanodeEventWatcher.java:onTimeout(47)) - RetriableDatanodeCommand type=deleteBlocksCommand with id=1563006805952 timed out. Retrying.
2019-07-13 08:33:39,525 DEBUG block.SCMBlockDeletingService (SCMBlockDeletingService.java:call(138)) - Running DeletedBlockTransactionScanner
2019-07-13 08:33:39,526 DEBUG block.SCMBlockDeletingService (SCMBlockDeletingService.java:call(155)) - Scanned deleted blocks log and got 3 delTX to process.
2019-07-13 08:33:39,526 DEBUG block.SCMBlockDeletingService (SCMBlockDeletingService.java:call(171)) - Added delete block command for datanode 912a7d3b-e3f1-4985-b06b-5f0a929b8060 in the queue, number of delete block transactions: 3, TxID list: 1,2,3
2019-07-13 08:33:39,527 INFO  block.SCMBlockDeletingService (SCMBlockDeletingService.java:call(182)) - Totally added 3 delete blocks command for 1 datanodes, task elapsed time: 1ms
2019-07-13 08:33:39,536 INFO  commands.RetriableDatanodeEventWatcher (RetriableDatanodeEventWatcher.java:onTimeout(47)) - RetriableDatanodeCommand type=deleteBlocksCommand with id=1563006805893 timed out. Retrying.
2019-07-13 08:33:39,553 INFO  commands.RetriableDatanodeEventWatcher (RetriableDatanodeEventWatcher.java:onTimeout(47)) - RetriableDatanodeCommand type=deleteBlocksCommand with id=1563006805903 timed out. Retrying.
2019-07-13 08:33:39,557 INFO  commands.RetriableDatanodeEventWatcher (RetriableDatanodeEventWatcher.java:onTimeout(47)) - RetriableDatanodeCommand type=deleteBlocksCommand with id=1563006805844 timed out. Retrying.
2019-07-13 08:33:39,568 INFO  commands.RetriableDatanodeEventWatcher (RetriableDatanodeEventWatcher.java:onTimeout(47)) - RetriableDatanodeCommand type=deleteBlocksCommand with id=1563006805913 timed out. Retrying.
2019-07-13 08:33:39,573 INFO  commands.RetriableDatanodeEventWatcher (RetriableDatanodeEventWatcher.java:onTimeout(47)) - RetriableDatanodeCommand type=deleteBlocksCommand with id=1563006805854 timed out. Retrying.
2019-07-13 08:33:39,581 INFO  commands.RetriableDatanodeEventWatcher (RetriableDatanodeEventWatcher.java:onTimeout(47)) - RetriableDatanodeCommand type=deleteBlocksCommand with id=1563006805923 timed out. Retrying.
2019-07-13 08:33:39,595 INFO  commands.RetriableDatanodeEventWatcher (RetriableDatanodeEventWatcher.java:onTimeout(47)) - RetriableDatanodeCommand type=deleteBlocksCommand with id=1563006805933 timed out. Retrying.
2019-07-13 08:33:39,609 INFO  commands.RetriableDatanodeEventWatcher (RetriableDatanodeEventWatcher.java:onTimeout(47)) - RetriableDatanodeCommand type=deleteBlocksCommand with id=1563006805962 timed out. Retrying.
2019-07-13 08:33:39,611 INFO  commands.RetriableDatanodeEventWatcher (RetriableDatanodeEventWatcher.java:onTimeout(47)) - RetriableDatanodeCommand type=deleteBlocksCommand with id=1563006805874 timed out. Retrying.
2019-07-13 08:33:39,611 INFO  commands.RetriableDatanodeEventWatcher (RetriableDatanodeEventWatcher.java:onTimeout(47)) - RetriableDatanodeCommand type=deleteBlocksCommand with id=1563006805943 timed out. Retrying.
2019-07-13 08:33:39,611 INFO  commands.RetriableDatanodeEventWatcher (RetriableDatanodeEventWatcher.java:onTimeout(47)) - RetriableDatanodeCommand type=deleteBlocksCommand with id=1563006805864 timed out. Retrying.
2019-07-13 08:33:39,617 INFO  commands.RetriableDatanodeEventWatcher (RetriableDatanodeEventWatcher.java:onTimeout(47)) - RetriableDatanodeCommand type=deleteBlocksCommand with id=1563006805884 timed out. Retrying.
2019-07-13 08:33:39,624 INFO  commands.RetriableDatanodeEventWatcher (RetriableDatanodeEventWatcher.java:onTimeout(47)) - RetriableDatanodeCommand type=deleteBlocksCommand with id=1563006805953 timed out. Retrying.
2019-07-13 08:33:39,627 DEBUG block.SCMBlockDeletingService (SCMBlockDeletingService.java:call(138)) - Running DeletedBlockTransactionScanner
2019-07-13 08:33:39,627 DEBUG block.SCMBlockDeletingService (SCMBlockDeletingService.java:call(155)) - Scanned deleted blocks log and got 3 delTX to process.
2019-07-13 08:33:39,628 DEBUG block.SCMBlockDeletingService (SCMBlockDeletingService.java:call(171)) - Added delete block command for datanode 912a7d3b-e3f1-4985-b06b-5f0a929b8060 in the queue, number of delete block transactions: 3, TxID list: 1,2,3
2019-07-13 08:33:39,628 INFO  block.SCMBlockDeletingService (SCMBlockDeletingService.java:call(182)) - Totally added 3 delete blocks command for 1 datanodes, task elapsed time: 0ms
2019-07-13 08:33:39,638 INFO  commands.RetriableDatanodeEventWatcher (RetriableDatanodeEventWatcher.java:onTimeout(47)) - RetriableDatanodeCommand type=deleteBlocksCommand with id=1563006805894 timed out. Retrying.
2019-07-13 08:33:39,652 INFO  commands.RetriableDatanodeEventWatcher (RetriableDatanodeEventWatcher.java:onTimeout(47)) - RetriableDatanodeCommand type=deleteBlocksCommand with id=1563006805904 timed out. Retrying.
2019-07-13 08:33:39,661 INFO  commands.RetriableDatanodeEventWatcher (RetriableDatanodeEventWatcher.java:onTimeout(47)) - RetriableDatanodeCommand type=deleteBlocksCommand with id=1563006805845 timed out. Retrying.
2019-07-13 08:33:39,665 INFO  commands.RetriableDatanodeEventWatcher (RetriableDatanodeEventWatcher.java:onTimeout(47)) - RetriableDatanodeCommand type=deleteBlocksCommand with id=1563006805914 timed out. Retrying.
2019-07-13 08:33:39,712 INFO  commands.RetriableDatanodeEventWatcher (RetriableDatanodeEventWatcher.java:onTimeout(47)) - RetriableDatanodeCommand type=deleteBlocksCommand with id=1563006805855 timed out. Retrying.
2019-07-13 08:33:39,712 INFO  commands.RetriableDatanodeEventWatcher (RetriableDatanodeEventWatcher.java:onTimeout(47)) - RetriableDatanodeCommand type=deleteBlocksCommand with id=1563006805963 timed out. Retrying.
2019-07-13 08:33:39,712 INFO  commands.RetriableDatanodeEventWatcher (RetriableDatanodeEventWatcher.java:onTimeout(47)) - RetriableDatanodeCommand type=deleteBlocksCommand with id=1563006805934 timed out. Retrying.
2019-07-13 08:33:39,713 INFO  commands.RetriableDatanodeEventWatcher (RetriableDatanodeEventWatcher.java:onTimeout(47)) - RetriableDatanodeCommand type=deleteBlocksCommand with id=1563006805924 timed out. Retrying.
2019-07-13 08:33:39,713 INFO  commands.RetriableDatanodeEventWatcher (RetriableDatanodeEventWatcher.java:onTimeout(47)) - RetriableDatanodeCommand type=deleteBlocksCommand with id=1563006805944 timed out. Retrying.
2019-07-13 08:33:39,713 INFO  commands.RetriableDatanodeEventWatcher (RetriableDatanodeEventWatcher.java:onTimeout(47)) - RetriableDatanodeCommand type=deleteBlocksCommand with id=1563006805865 timed out. Retrying.
2019-07-13 08:33:39,713 INFO  commands.RetriableDatanodeEventWatcher (RetriableDatanodeEventWatcher.java:onTimeout(47)) - RetriableDatanodeCommand type=deleteBlocksCommand with id=1563006805875 timed out. Retrying.
2019-07-13 08:33:39,718 INFO  commands.RetriableDatanodeEventWatcher (RetriableDatanodeEventWatcher.java:onTimeout(47)) - RetriableDatanodeCommand type=deleteBlocksCommand with id=1563006805885 timed out. Retrying.
2019-07-13 08:33:39,724 INFO  commands.RetriableDatanodeEventWatcher (RetriableDatanodeEventWatcher.java:onTimeout(47)) - RetriableDatanodeCommand type=deleteBlocksCommand with id=1563006805954 timed out. Retrying.
2019-07-13 08:33:39,728 DEBUG block.SCMBlockDeletingService (SCMBlockDeletingService.java:call(138)) - Running DeletedBlockTransactionScanner
2019-07-13 08:33:39,729 DEBUG block.SCMBlockDeletingService (SCMBlockDeletingService.java:call(155)) - Scanned deleted blocks log and got 3 delTX to process.
2019-07-13 08:33:39,729 DEBUG block.SCMBlockDeletingService (SCMBlockDeletingService.java:call(171)) - Added delete block command for datanode 912a7d3b-e3f1-4985-b06b-5f0a929b8060 in the queue, number of delete block transactions: 3, TxID list: 1,2,3
2019-07-13 08:33:39,729 INFO  block.SCMBlockDeletingService (SCMBlockDeletingService.java:call(182)) - Totally added 3 delete blocks command for 1 datanodes, task elapsed time: 1ms
2019-07-13 08:33:39,740 INFO  commands.RetriableDatanodeEventWatcher (RetriableDatanodeEventWatcher.java:onTimeout(47)) - RetriableDatanodeCommand type=deleteBlocksCommand with id=1563006805895 timed out. Retrying.
2019-07-13 08:33:39,753 INFO  commands.RetriableDatanodeEventWatcher (RetriableDatanodeEventWatcher.java:onTimeout(47)) - RetriableDatanodeCommand type=deleteBlocksCommand with id=1563006805905 timed out. Retrying.
2019-07-13 08:33:39,760 INFO  commands.RetriableDatanodeEventWatcher (RetriableDatanodeEventWatcher.java:onTimeout(47)) - RetriableDatanodeCommand type=deleteBlocksCommand with id=1563006805846 timed out. Retrying.
2019-07-13 08:33:39,769 INFO  commands.RetriableDatanodeEventWatcher (RetriableDatanodeEventWatcher.java:onTimeout(47)) - RetriableDatanodeCommand type=deleteBlocksCommand with id=1563006805915 timed out. Retrying.
2019-07-13 08:33:39,775 INFO  commands.RetriableDatanodeEventWatcher (RetriableDatanodeEventWatcher.java:onTimeout(47)) - RetriableDatanodeCommand type=deleteBlocksCommand with id=1563006805856 timed out. Retrying.
2019-07-13 08:33:39,784 INFO  commands.RetriableDatanodeEventWatcher (RetriableDatanodeEventWatcher.java:onTimeout(47)) - RetriableDatanodeCommand type=deleteBlocksCommand with id=1563006805925 timed out. Retrying.
2019-07-13 08:33:39,792 INFO  commands.RetriableDatanodeEventWatcher (RetriableDatanodeEventWatcher.java:onTimeout(47)) - RetriableDatanodeCommand type=deleteBlocksCommand with id=1563006805866 timed out. Retrying.
2019-07-13 08:33:39,798 INFO  commands.RetriableDatanodeEventWatcher (RetriableDatanodeEventWatcher.java:onTimeout(47)) - RetriableDatanodeCommand type=deleteBlocksCommand with id=1563006805935 timed out. Retrying.
2019-07-13 08:33:39,807 INFO  commands.RetriableDatanodeEventWatcher (RetriableDatanodeEventWatcher.java:onTimeout(47)) - RetriableDatanodeCommand type=deleteBlocksCommand with id=1563006805876 timed out. Retrying.
2019-07-13 08:33:39,812 INFO  commands.RetriableDatanodeEventWatcher (RetriableDatanodeEventWatcher.java:onTimeout(47)) - RetriableDatanodeCommand type=deleteBlocksCommand with id=1563006805945 timed out. Retrying.
2019-07-13 08:33:39,814 INFO  commands.RetriableDatanodeEventWatcher (RetriableDatanodeEventWatcher.java:onTimeout(47)) - RetriableDatanodeCommand type=deleteBlocksCommand with id=1563006805964 timed out. Retrying.
2019-07-13 08:33:39,821 INFO  commands.RetriableDatanodeEventWatcher (RetriableDatanodeEventWatcher.java:onTimeout(47)) - RetriableDatanodeCommand type=deleteBlocksCommand with id=1563006805886 timed out. Retrying.
2019-07-13 08:33:39,828 INFO  commands.RetriableDatanodeEventWatcher (RetriableDatanodeEventWatcher.java:onTimeout(47)) - RetriableDatanodeCommand type=deleteBlocksCommand with id=1563006805955 timed out. Retrying.
2019-07-13 08:33:39,830 DEBUG block.SCMBlockDeletingService (SCMBlockDeletingService.java:call(138)) - Running DeletedBlockTransactionScanner
2019-07-13 08:33:39,830 DEBUG block.SCMBlockDeletingService (SCMBlockDeletingService.java:call(155)) - Scanned deleted blocks log and got 3 delTX to process.
2019-07-13 08:33:39,830 DEBUG block.SCMBlockDeletingService (SCMBlockDeletingService.java:call(171)) - Added delete block command for datanode 912a7d3b-e3f1-4985-b06b-5f0a929b8060 in the queue, number of delete block transactions: 3, TxID list: 1,2,3
2019-07-13 08:33:39,840 INFO  commands.RetriableDatanodeEventWatcher (RetriableDatanodeEventWatcher.java:onTimeout(47)) - RetriableDatanodeCommand type=deleteBlocksCommand with id=1563006805896 timed out. Retrying.
2019-07-13 08:33:39,845 INFO  block.SCMBlockDeletingService (SCMBlockDeletingService.java:handlePendingDeletes(115)) - Block deletion txnID mismatch in datanode 912a7d3b-e3f1-4985-b06b-5f0a929b8060 for containerID 1. Datanode delete txnID: 0, SCM txnID: 1
2019-07-13 08:33:39,845 INFO  block.SCMBlockDeletingService (SCMBlockDeletingService.java:handlePendingDeletes(115)) - Block deletion txnID mismatch in datanode 912a7d3b-e3f1-4985-b06b-5f0a929b8060 for containerID 2. Datanode delete txnID: 0, SCM txnID: 2
2019-07-13 08:33:39,845 INFO  block.SCMBlockDeletingService (SCMBlockDeletingService.java:handlePendingDeletes(115)) - Block deletion txnID mismatch in datanode 912a7d3b-e3f1-4985-b06b-5f0a929b8060 for containerID 3. Datanode delete txnID: 0, SCM txnID: 3
2019-07-13 08:33:39,846 INFO  commandhandler.DeleteBlocksCommandHandler (DeleteBlocksCommandHandler.java:handle(106)) - Start to delete container blocks, TXIDs=[1(0),2(0),3(0)], numOfContainers=3, numOfBlocks=553
2019-07-13 08:33:39,851 INFO  commands.RetriableDatanodeEventWatcher (RetriableDatanodeEventWatcher.java:onTimeout(47)) - RetriableDatanodeCommand type=deleteBlocksCommand with id=1563006805837 timed out. Retrying.
2019-07-13 08:33:39,859 INFO  commands.RetriableDatanodeEventWatcher (RetriableDatanodeEventWatcher.java:onTimeout(47)) - RetriableDatanodeCommand type=deleteBlocksCommand with id=1563006805906 timed out. Retrying.
2019-07-13 08:33:39,862 INFO  commands.RetriableDatanodeEventWatcher (RetriableDatanodeEventWatcher.java:onTimeout(47)) - RetriableDatanodeCommand type=deleteBlocksCommand with id=1563006805847 timed out. Retrying.
2019-07-13 08:33:39,870 INFO  commands.RetriableDatanodeEventWatcher (RetriableDatanodeEventWatcher.java:onTimeout(47)) - RetriableDatanodeCommand type=deleteBlocksCommand with id=1563006805916 timed out. Retrying.
2019-07-13 08:33:39,878 INFO  commands.RetriableDatanodeEventWatcher (RetriableDatanodeEventWatcher.java:onTimeout(47)) - RetriableDatanodeCommand type=deleteBlocksCommand with id=1563006805857 timed out. Retrying.
2019-07-13 08:33:39,887 INFO  commands.RetriableDatanodeEventWatcher (RetriableDatanodeEventWatcher.java:onTimeout(47)) - RetriableDatanodeCommand type=deleteBlocksCommand with id=1563006805926 timed out. Retrying.
2019-07-13 08:33:39,891 INFO  commands.RetriableDatanodeEventWatcher (RetriableDatanodeEventWatcher.java:onTimeout(47)) - RetriableDatanodeCommand type=deleteBlocksCommand with id=1563006805867 timed out. Retrying.
2019-07-13 08:33:39,896 INFO  commandhandler.DeleteBlocksCommandHandler (DeleteBlocksCommandHandler.java:handle(106)) - Start to delete container blocks, TXIDs=[1(0),2(0),3(0)], numOfContainers=3, numOfBlocks=553
2019-07-13 08:33:39,897 INFO  commandhandler.DeleteBlocksCommandHandler (DeleteBlocksCommandHandler.java:handle(106)) - Start to delete container blocks, TXIDs=[1(0),2(0),3(0)], numOfContainers=3, numOfBlocks=553
2019-07-13 08:33:39,899 INFO  commandhandler.DeleteBlocksCommandHandler (DeleteBlocksCommandHandler.java:handle(106)) - Start to delete container blocks, TXIDs=[1(0),2(0),3(0)], numOfContainers=3, numOfBlocks=553
2019-07-13 08:33:39,900 INFO  commands.RetriableDatanodeEventWatcher (RetriableDatanodeEventWatcher.java:onTimeout(47)) - RetriableDatanodeCommand type=deleteBlocksCommand with id=1563006805936 timed out. Retrying.
2019-07-13 08:33:39,900 INFO  commandhandler.DeleteBlocksCommandHandler (DeleteBlocksCommandHandler.java:handle(106)) - Start to delete container blocks, TXIDs=[1(0),2(0),3(0)], numOfContainers=3, numOfBlocks=553
2019-07-13 08:33:39,902 INFO  commandhandler.DeleteBlocksCommandHandler (DeleteBlocksCommandHandler.java:handle(106)) - Start to delete container blocks, TXIDs=[1(0),2(0),3(0)], numOfContainers=3, numOfBlocks=553
2019-07-13 08:33:39,903 INFO  commandhandler.DeleteBlocksCommandHandler (DeleteBlocksCommandHandler.java:handle(106)) - Start to delete container blocks, TXIDs=[1(0),2(0),3(0)], numOfContainers=3, numOfBlocks=553
2019-07-13 08:33:39,905 INFO  commandhandler.DeleteBlocksCommandHandler (DeleteBlocksCommandHandler.java:handle(106)) - Start to delete container blocks, TXIDs=[1(0),2(0),3(0)], numOfContainers=3, numOfBlocks=553
2019-07-13 08:33:39,907 INFO  commandhandler.DeleteBlocksCommandHandler (DeleteBlocksCommandHandler.java:handle(106)) - Start to delete container blocks, TXIDs=[1(0),2(0),3(0)], numOfContainers=3, numOfBlocks=553
2019-07-13 08:33:39,908 INFO  commandhandler.DeleteBlocksCommandHandler (DeleteBlocksCommandHandler.java:handle(106)) - Start to delete container blocks, TXIDs=[1(0),2(0),3(0)], numOfContainers=3, numOfBlocks=553
2019-07-13 08:33:39,910 INFO  commandhandler.DeleteBlocksCommandHandler (DeleteBlocksCommandHandler.java:handle(106)) - Start to delete container blocks, TXIDs=[1(0),2(0),3(0)], numOfContainers=3, numOfBlocks=553
2019-07-13 08:33:39,910 INFO  commands.RetriableDatanodeEventWatcher (RetriableDatanodeEventWatcher.java:onTimeout(47)) - RetriableDatanodeCommand type=deleteBlocksCommand with id=1563006805877 timed out. Retrying.
2019-07-13 08:33:39,911 INFO  commandhandler.DeleteBlocksCommandHandler (DeleteBlocksCommandHandler.java:handle(106)) - Start to delete container blocks, TXIDs=[1(149),2(149),3(149)], numOfContainers=3, numOfBlocks=553
2019-07-13 08:33:39,912 INFO  commandhandler.DeleteBlocksCommandHandler (DeleteBlocksCommandHandler.java:handle(106)) - Start to delete container blocks, TXIDs=[1(0),2(0),3(0)], numOfContainers=3, numOfBlocks=553
2019-07-13 08:33:39,913 INFO  background.BlockDeletingService (BlockDeletingService.java:getTasks(123)) - Plan to choose 10 containers for block deletion, actually returns 3 valid containers.
2019-07-13 08:33:39,914 INFO  commandhandler.DeleteBlocksCommandHandler (DeleteBlocksCommandHandler.java:handle(106)) - Start to delete container blocks, TXIDs=[1(0),2(0),3(0)], numOfContainers=3, numOfBlocks=553
2019-07-13 08:33:39,915 INFO  commands.RetriableDatanodeEventWatcher (RetriableDatanodeEventWatcher.java:onTimeout(47)) - RetriableDatanodeCommand type=deleteBlocksCommand with id=1563006805946 timed out. Retrying.
2019-07-13 08:33:39,916 INFO  commandhandler.DeleteBlocksCommandHandler (DeleteBlocksCommandHandler.java:handle(106)) - Start to delete container blocks, TXIDs=[1(0),2(0),3(0)], numOfContainers=3, numOfBlocks=553
2019-07-13 08:33:39,916 INFO  commands.RetriableDatanodeEventWatcher (RetriableDatanodeEventWatcher.java:onTimeout(47)) - RetriableDatanodeCommand type=deleteBlocksCommand with id=1563006805965 timed out. Retrying.
2019-07-13 08:33:39,925 INFO  commands.RetriableDatanodeEventWatcher (RetriableDatanodeEventWatcher.java:onTimeout(47)) - RetriableDatanodeCommand type=deleteBlocksCommand with id=1563006805887 timed out. Retrying.
2019-07-13 08:33:39,927 INFO  commandhandler.DeleteBlocksCommandHandler (DeleteBlocksCommandHandler.java:handle(106)) - Start to delete container blocks, TXIDs=[1(0),2(0),3(0)], numOfContainers=3, numOfBlocks=553
2019-07-13 08:33:39,929 INFO  commandhandler.DeleteBlocksCommandHandler (DeleteBlocksCommandHandler.java:handle(106)) - Start to delete container blocks, TXIDs=[1(0),2(0),3(0)], numOfContainers=3, numOfBlocks=553
2019-07-13 08:33:39,930 INFO  commands.RetriableDatanodeEventWatcher (RetriableDatanodeEventWatcher.java:onTimeout(47)) - RetriableDatanodeCommand type=deleteBlocksCommand with id=1563006805956 timed out. Retrying.
2019-07-13 08:33:39,931 INFO  commandhandler.DeleteBlocksCommandHandler (DeleteBlocksCommandHandler.java:handle(106)) - Start to delete container blocks, TXIDs=[1(0),2(0),3(0)], numOfContainers=3, numOfBlocks=553
2019-07-13 08:33:39,933 INFO  commandhandler.DeleteBlocksCommandHandler (DeleteBlocksCommandHandler.java:handle(106)) - Start to delete container blocks, TXIDs=[1(0),2(0),3(0)], numOfContainers=3, numOfBlocks=553
2019-07-13 08:33:39,935 INFO  commandhandler.DeleteBlocksCommandHandler (DeleteBlocksCommandHandler.java:handle(106)) - Start to delete container blocks, TXIDs=[1(0),2(0),3(0)], numOfContainers=3, numOfBlocks=553
2019-07-13 08:33:39,937 INFO  commandhandler.DeleteBlocksCommandHandler (DeleteBlocksCommandHandler.java:handle(106)) - Start to delete container blocks, TXIDs=[1(0),2(0),3(0)], numOfContainers=3, numOfBlocks=553
2019-07-13 08:33:39,939 INFO  commandhandler.DeleteBlocksCommandHandler (DeleteBlocksCommandHandler.java:handle(106)) - Start to delete container blocks, TXIDs=[1(0),2(0),3(0)], numOfContainers=3, numOfBlocks=553
2019-07-13 08:33:39,941 INFO  commandhandler.DeleteBlocksCommandHandler (DeleteBlocksCommandHandler.java:handle(106)) - Start to delete container blocks, TXIDs=[1(0),2(0),3(0)], numOfContainers=3, numOfBlocks=553
2019-07-13 08:33:39,942 INFO  commands.RetriableDatanodeEventWatcher (RetriableDatanodeEventWatcher.java:onTimeout(47)) - RetriableDatanodeCommand type=deleteBlocksCommand with id=1563006805897 timed out. Retrying.
2019-07-13 08:33:39,942 INFO  commandhandler.DeleteBlocksCommandHandler (DeleteBlocksCommandHandler.java:handle(106)) - Start to delete container blocks, TXIDs=[1(0),2(0),3(0)], numOfContainers=3, numOfBlocks=553
2019-07-13 08:33:39,944 INFO  commandhandler.DeleteBlocksCommandHandler (DeleteBlocksCommandHandler.java:handle(106)) - Start to delete container blocks, TXIDs=[1(489),2(489),3(489)], numOfContainers=3, numOfBlocks=553
2019-07-13 08:33:39,946 INFO  commandhandler.DeleteBlocksCommandHandler (DeleteBlocksCommandHandler.java:handle(106)) - Start to delete container blocks, TXIDs=[1(0),2(0),3(0)], numOfContainers=3, numOfBlocks=553
2019-07-13 08:33:39,947 INFO  commands.RetriableDatanodeEventWatcher (RetriableDatanodeEventWatcher.java:onTimeout(47)) - RetriableDatanodeCommand type=deleteBlocksCommand with id=1563006805838 timed out. Retrying.
2019-07-13 08:33:39,948 INFO  commandhandler.DeleteBlocksCommandHandler (DeleteBlocksCommandHandler.java:handle(106)) - Start to delete container blocks, TXIDs=[1(0),2(0),3(0)], numOfContainers=3, numOfBlocks=553
2019-07-13 08:33:39,950 INFO  commandhandler.DeleteBlocksCommandHandler (DeleteBlocksCommandHandler.java:handle(106)) - Start to delete container blocks, TXIDs=[1(0),2(0),3(0)], numOfContainers=3, numOfBlocks=553
2019-07-13 08:33:39,952 INFO  commandhandler.DeleteBlocksCommandHandler (DeleteBlocksCommandHandler.java:handle(106)) - Start to delete container blocks, TXIDs=[1(0),2(0),3(0)], numOfContainers=3, numOfBlocks=553
2019-07-13 08:33:39,954 INFO  commandhandler.DeleteBlocksCommandHandler (DeleteBlocksCommandHandler.java:handle(106)) - Start to delete container blocks, TXIDs=[1(0),2(0),3(0)], numOfContainers=3, numOfBlocks=553
2019-07-13 08:33:39,955 INFO  commandhandler.DeleteBlocksCommandHandler (DeleteBlocksCommandHandler.java:handle(106)) - Start to delete container blocks, TXIDs=[1(0),2(0),3(0)], numOfContainers=3, numOfBlocks=553
2019-07-13 08:33:39,957 INFO  commands.RetriableDatanodeEventWatcher (RetriableDatanodeEventWatcher.java:onTimeout(47)) - RetriableDatanodeCommand type=deleteBlocksCommand with id=1563006805907 timed out. Retrying.
2019-07-13 08:33:39,957 INFO  commandhandler.DeleteBlocksCommandHandler (DeleteBlocksCommandHandler.java:handle(106)) - Start to delete container blocks, TXIDs=[1(0),2(0),3(0)], numOfContainers=3, numOfBlocks=553
2019-07-13 08:33:39,959 INFO  commandhandler.DeleteBlocksCommandHandler (DeleteBlocksCommandHandler.java:handle(106)) - Start to delete container blocks, TXIDs=[1(0),2(0),3(0)], numOfContainers=3, numOfBlocks=553
2019-07-13 08:33:39,961 INFO  commandhandler.DeleteBlocksCommandHandler (DeleteBlocksCommandHandler.java:handle(106)) - Start to delete container blocks, TXIDs=[1(0),2(0),3(0)], numOfContainers=3, numOfBlocks=553
2019-07-13 08:33:39,962 INFO  commands.RetriableDatanodeEventWatcher (RetriableDatanodeEventWatcher.java:onTimeout(47)) - RetriableDatanodeCommand type=deleteBlocksCommand with id=1563006805848 timed out. Retrying.
2019-07-13 08:33:39,963 INFO  commandhandler.DeleteBlocksCommandHandler (DeleteBlocksCommandHandler.java:handle(106)) - Start to delete container blocks, TXIDs=[1(0),2(0),3(0)], numOfContainers=3, numOfBlocks=553
2019-07-13 08:33:39,965 INFO  commandhandler.DeleteBlocksCommandHandler (DeleteBlocksCommandHandler.java:handle(106)) - Start to delete container blocks, TXIDs=[1(0),2(0),3(0)], numOfContainers=3, numOfBlocks=553
2019-07-13 08:33:39,967 INFO  commandhandler.DeleteBlocksCommandHandler (DeleteBlocksCommandHandler.java:handle(106)) - Start to delete container blocks, TXIDs=[1(0),2(0),3(0)], numOfContainers=3, numOfBlocks=553
2019-07-13 08:33:39,968 INFO  commandhandler.DeleteBlocksCommandHandler (DeleteBlocksCommandHandler.java:handle(106)) - Start to delete container blocks, TXIDs=[1(774),2(774),3(774)], numOfContainers=3, numOfBlocks=553
2019-07-13 08:33:39,970 INFO  commandhandler.DeleteBlocksCommandHandler (DeleteBlocksCommandHandler.java:handle(106)) - Start to delete container blocks, TXIDs=[1(0),2(0),3(0)], numOfContainers=3, numOfBlocks=553
2019-07-13 08:33:39,972 INFO  commandhandler.DeleteBlocksCommandHandler (DeleteBlocksCommandHandler.java:handle(106)) - Start to delete container blocks, TXIDs=[1(0),2(0),3(0)], numOfContainers=3, numOfBlocks=553
2019-07-13 08:33:39,974 INFO  commandhandler.DeleteBlocksCommandHandler (DeleteBlocksCommandHandler.java:handle(106)) - Start to delete container blocks, TXIDs=[1(0),2(0),3(0)], numOfContainers=3, numOfBlocks=553
2019-07-13 08:33:39,975 INFO  commands.RetriableDatanodeEventWatcher (RetriableDatanodeEventWatcher.java:onTimeout(47)) - RetriableDatanodeCommand type=deleteBlocksCommand with id=1563006805917 timed out. Retrying.
2019-07-13 08:33:39,976 INFO  commandhandler.DeleteBlocksCommandHandler (DeleteBlocksCommandHandler.java:handle(106)) - Start to delete container blocks, TXIDs=[1(0),2(0),3(0)], numOfContainers=3, numOfBlocks=553
2019-07-13 08:33:39,978 INFO  commandhandler.DeleteBlocksCommandHandler (DeleteBlocksCommandHandler.java:handle(106)) - Start to delete container blocks, TXIDs=[1(0),2(0),3(0)], numOfContainers=3, numOfBlocks=553
2019-07-13 08:33:39,978 INFO  commands.RetriableDatanodeEventWatcher (RetriableDatanodeEventWatcher.java:onTimeout(47)) - RetriableDatanodeCommand type=deleteBlocksCommand with id=1563006805858 timed out. Retrying.
2019-07-13 08:33:39,979 INFO  commandhandler.DeleteBlocksCommandHandler (DeleteBlocksCommandHandler.java:handle(106)) - Start to delete container blocks, TXIDs=[1(0),2(0),3(0)], numOfContainers=3, numOfBlocks=553
2019-07-13 08:33:39,980 INFO  commandhandler.DeleteBlocksCommandHandler (DeleteBlocksCommandHandler.java:handle(106)) - Start to delete container blocks, TXIDs=[1(0),2(0),3(0)], numOfContainers=3, numOfBlocks=553
2019-07-13 08:33:39,982 INFO  commandhandler.DeleteBlocksCommandHandler (DeleteBlocksCommandHandler.java:handle(106)) - Start to delete container blocks, TXIDs=[1(0),2(0),3(0)], numOfContainers=3, numOfBlocks=553
2019-07-13 08:33:39,983 INFO  commandhandler.DeleteBlocksCommandHandler (DeleteBlocksCommandHandler.java:handle(106)) - Start to delete container blocks, TXIDs=[1(0),2(0),3(0)], numOfContainers=3, numOfBlocks=553
2019-07-13 08:33:39,984 INFO  commandhandler.DeleteBlocksCommandHandler (DeleteBlocksCommandHandler.java:handle(106)) - Start to delete container blocks, TXIDs=[1(0),2(0),3(0)], numOfContainers=3, numOfBlocks=553
2019-07-13 08:33:39,985 INFO  commandhandler.DeleteBlocksCommandHandler (DeleteBlocksCommandHandler.java:handle(106)) - Start to delete container blocks, TXIDs=[1(0),2(0),3(0)], numOfContainers=3, numOfBlocks=553
2019-07-13 08:33:39,986 INFO  commandhandler.DeleteBlocksCommandHandler (DeleteBlocksCommandHandler.java:handle(106)) - Start to delete container blocks, TXIDs=[1(0),2(0),3(0)], numOfContainers=3, numOfBlocks=553
2019-07-13 08:33:39,986 INFO  commands.RetriableDatanodeEventWatcher (RetriableDatanodeEventWatcher.java:onTimeout(47)) - RetriableDatanodeCommand type=deleteBlocksCommand with id=1563006805927 timed out. Retrying.
2019-07-13 08:33:39,987 INFO  commandhandler.DeleteBlocksCommandHandler (DeleteBlocksCommandHandler.java:handle(106)) - Start to delete container blocks, TXIDs=[1(0),2(0),3(0)], numOfContainers=3, numOfBlocks=553
2019-07-13 08:33:39,988 INFO  commandhandler.DeleteBlocksCommandHandler (DeleteBlocksCommandHandler.java:handle(106)) - Start to delete container blocks, TXIDs=[1(0),2(0),3(0)], numOfContainers=3, numOfBlocks=553
2019-07-13 08:33:39,989 INFO  commandhandler.DeleteBlocksCommandHandler (DeleteBlocksCommandHandler.java:handle(106)) - Start to delete container blocks, TXIDs=[1(0),2(0),3(0)], numOfContainers=3, numOfBlocks=553
2019-07-13 08:33:39,989 INFO  commandhandler.DeleteBlocksCommandHandler (DeleteBlocksCommandHandler.java:handle(106)) - Start to delete container blocks, TXIDs=[1(0),2(0),3(0)], numOfContainers=3, numOfBlocks=553
2019-07-13 08:33:39,990 INFO  commandhandler.DeleteBlocksCommandHandler (DeleteBlocksCommandHandler.java:handle(106)) - Start to delete container blocks, TXIDs=[1(0),2(0),3(0)], numOfContainers=3, numOfBlocks=553
2019-07-13 08:33:39,991 INFO  commandhandler.DeleteBlocksCommandHandler (DeleteBlocksCommandHandler.java:handle(106)) - Start to delete container blocks, TXIDs=[1(0),2(0),3(0)], numOfContainers=3, numOfBlocks=553
2019-07-13 08:33:39,992 INFO  commandhandler.DeleteBlocksCommandHandler (DeleteBlocksCommandHandler.java:handle(106)) - Start to delete container blocks, TXIDs=[1(0),2(0),3(0)], numOfContainers=3, numOfBlocks=553
2019-07-13 08:33:39,993 INFO  commandhandler.DeleteBlocksCommandHandler (DeleteBlocksCommandHandler.java:handle(106)) - Start to delete container blocks, TXIDs=[1(0),2(0),3(0)], numOfContainers=3, numOfBlocks=553
2019-07-13 08:33:39,993 INFO  commands.RetriableDatanodeEventWatcher (RetriableDatanodeEventWatcher.java:onTimeout(47)) - RetriableDatanodeCommand type=deleteBlocksCommand with id=1563006805868 timed out. Retrying.
2019-07-13 08:33:39,994 INFO  commandhandler.DeleteBlocksCommandHandler (DeleteBlocksCommandHandler.java:handle(106)) - Start to delete container blocks, TXIDs=[1(774),2(774),3(774)], numOfContainers=3, numOfBlocks=553
2019-07-13 08:33:39,995 INFO  commandhandler.DeleteBlocksCommandHandler (DeleteBlocksCommandHandler.java:handle(106)) - Start to delete container blocks, TXIDs=[1(0),2(0),3(0)], numOfContainers=3, numOfBlocks=553
2019-07-13 08:33:39,996 INFO  commandhandler.DeleteBlocksCommandHandler (DeleteBlocksCommandHandler.java:handle(106)) - Start to delete container blocks, TXIDs=[1(0),2(0),3(0)], numOfContainers=3, numOfBlocks=553
2019-07-13 08:33:39,996 INFO  commandhandler.DeleteBlocksCommandHandler (DeleteBlocksCommandHandler.java:handle(106)) - Start to delete container blocks, TXIDs=[1(0),2(0),3(0)], numOfContainers=3, numOfBlocks=553
2019-07-13 08:33:39,997 INFO  commandhandler.DeleteBlocksCommandHandler (DeleteBlocksCommandHandler.java:handle(106)) - Start to delete container blocks, TXIDs=[1(0),2(0),3(0)], numOfContainers=3, numOfBlocks=553
2019-07-13 08:33:39,998 INFO  commandhandler.DeleteBlocksCommandHandler (DeleteBlocksCommandHandler.java:handle(106)) - Start to delete container blocks, TXIDs=[1(0),2(0),3(0)], numOfContainers=3, numOfBlocks=553
2019-07-13 08:33:39,999 INFO  commandhandler.DeleteBlocksCommandHandler (DeleteBlocksCommandHandler.java:handle(106)) - Start to delete container blocks, TXIDs=[1(0),2(0),3(0)], numOfContainers=3, numOfBlocks=553
2019-07-13 08:33:40,000 INFO  commandhandler.DeleteBlocksCommandHandler (DeleteBlocksCommandHandler.java:handle(106)) - Start to delete container blocks, TXIDs=[1(0),2(0),3(0)], numOfContainers=3, numOfBlocks=553
2019-07-13 08:33:40,000 INFO  commands.RetriableDatanodeEventWatcher (RetriableDatanodeEventWatcher.java:onTimeout(47)) - RetriableDatanodeCommand type=deleteBlocksCommand with id=1563006805937 timed out. Retrying.
2019-07-13 08:33:40,001 INFO  commandhandler.DeleteBlocksCommandHandler (DeleteBlocksCommandHandler.java:handle(106)) - Start to delete container blocks, TXIDs=[1(0),2(0),3(0)], numOfContainers=3, numOfBlocks=553
2019-07-13 08:33:40,002 INFO  commandhandler.DeleteBlocksCommandHandler (DeleteBlocksCommandHandler.java:handle(106)) - Start to delete container blocks, TXIDs=[1(0),2(0),3(0)], numOfContainers=3, numOfBlocks=553
2019-07-13 08:33:40,002 INFO  commandhandler.DeleteBlocksCommandHandler (DeleteBlocksCommandHandler.java:handle(106)) - Start to delete container blocks, TXIDs=[1(0),2(0),3(0)], numOfContainers=3, numOfBlocks=553
2019-07-13 08:33:40,003 INFO  commandhandler.DeleteBlocksCommandHandler (DeleteBlocksCommandHandler.java:handle(106)) - Start to delete container blocks, TXIDs=[1(0),2(0),3(0)], numOfContainers=3, numOfBlocks=553
2019-07-13 08:33:40,004 INFO  commandhandler.DeleteBlocksCommandHandler (DeleteBlocksCommandHandler.java:handle(106)) - Start to delete container blocks, TXIDs=[1(0),2(0),3(0)], numOfContainers=3, numOfBlocks=553
2019-07-13 08:33:40,005 INFO  commandhandler.DeleteBlocksCommandHandler (DeleteBlocksCommandHandler.java:handle(106)) - Start to delete container blocks, TXIDs=[1(0),2(0),3(0)], numOfContainers=3, numOfBlocks=553
2019-07-13 08:33:40,006 INFO  commandhandler.DeleteBlocksCommandHandler (DeleteBlocksCommandHandler.java:handle(106)) - Start to delete container blocks, TXIDs=[1(774),2(774),3(774)], numOfContainers=3, numOfBlocks=553
2019-07-13 08:33:40,007 INFO  commandhandler.DeleteBlocksCommandHandler (DeleteBlocksCommandHandler.java:handle(106)) - Start to delete container blocks, TXIDs=[1(0),2(0),3(0)], numOfContainers=3, numOfBlocks=553
2019-07-13 08:33:40,008 INFO  commandhandler.DeleteBlocksCommandHandler (DeleteBlocksCommandHandler.java:handle(106)) - Start to delete container blocks, TXIDs=[1(0),2(0),3(0)], numOfContainers=3, numOfBlocks=553
2019-07-13 08:33:40,009 INFO  commandhandler.DeleteBlocksCommandHandler (DeleteBlocksCommandHandler.java:handle(106)) - Start to delete container blocks, TXIDs=[1(0),2(0),3(0)], numOfContainers=3, numOfBlocks=553
2019-07-13 08:33:40,009 INFO  commandhandler.DeleteBlocksCommandHandler (DeleteBlocksCommandHandler.java:handle(106)) - Start to delete container blocks, TXIDs=[1(0),2(0),3(0)], numOfContainers=3, numOfBlocks=553
2019-07-13 08:33:40,010 INFO  commands.RetriableDatanodeEventWatcher (RetriableDatanodeEventWatcher.java:onTimeout(47)) - RetriableDatanodeCommand type=deleteBlocksCommand with id=1563006805878 timed out. Retrying.
2019-07-13 08:33:40,010 INFO  commandhandler.DeleteBlocksCommandHandler (DeleteBlocksCommandHandler.java:handle(106)) - Start to delete container blocks, TXIDs=[1(0),2(0),3(0)], numOfContainers=3, numOfBlocks=553
2019-07-13 08:33:40,011 INFO  commandhandler.DeleteBlocksCommandHandler (DeleteBlocksCommandHandler.java:handle(106)) - Start to delete container blocks, TXIDs=[1(0),2(0),3(0)], numOfContainers=3, numOfBlocks=553
2019-07-13 08:33:40,012 INFO  commandhandler.DeleteBlocksCommandHandler (DeleteBlocksCommandHandler.java:handle(106)) - Start to delete container blocks, TXIDs=[1(0),2(0),3(0)], numOfContainers=3, numOfBlocks=553
2019-07-13 08:33:40,013 INFO  commandhandler.DeleteBlocksCommandHandler (DeleteBlocksCommandHandler.java:handle(106)) - Start to delete container blocks, TXIDs=[1(0),2(0),3(0)], numOfContainers=3, numOfBlocks=553
2019-07-13 08:33:40,014 INFO  commandhandler.DeleteBlocksCommandHandler (DeleteBlocksCommandHandler.java:handle(106)) - Start to delete container blocks, TXIDs=[1(0),2(0),3(0)], numOfContainers=3, numOfBlocks=553
2019-07-13 08:33:40,015 INFO  commandhandler.DeleteBlocksCommandHandler (DeleteBlocksCommandHandler.java:handle(106)) - Start to delete container blocks, TXIDs=[1(0),2(0),3(0)], numOfContainers=3, numOfBlocks=553
2019-07-13 08:33:40,016 INFO  commandhandler.DeleteBlocksCommandHandler (DeleteBlocksCommandHandler.java:handle(106)) - Start to delete container blocks, TXIDs=[1(0),2(0),3(0)], numOfContainers=3, numOfBlocks=553
2019-07-13 08:33:40,016 INFO  commands.RetriableDatanodeEventWatcher (RetriableDatanodeEventWatcher.java:onTimeout(47)) - RetriableDatanodeCommand type=deleteBlocksCommand with id=1563006805947 timed out. Retrying.
2019-07-13 08:33:40,016 INFO  commands.RetriableDatanodeEventWatcher (RetriableDatanodeEventWatcher.java:onTimeout(47)) - RetriableDatanodeCommand type=deleteBlocksCommand with id=1563006805966 timed out. Retrying.
2019-07-13 08:33:40,017 INFO  commandhandler.DeleteBlocksCommandHandler (DeleteBlocksCommandHandler.java:handle(106)) - Start to delete container blocks, TXIDs=[1(0),2(0),3(0)], numOfContainers=3, numOfBlocks=553
2019-07-13 08:33:40,017 INFO  commandhandler.DeleteBlocksCommandHandler (DeleteBlocksCommandHandler.java:handle(106)) - Start to delete container blocks, TXIDs=[1(774),2(774),3(774)], numOfContainers=3, numOfBlocks=553
2019-07-13 08:33:40,018 INFO  commandhandler.DeleteBlocksCommandHandler (DeleteBlocksCommandHandler.java:handle(106)) - Start to delete container blocks, TXIDs=[1(0),2(0),3(0)], numOfContainers=3, numOfBlocks=553
2019-07-13 08:33:40,019 INFO  commandhandler.DeleteBlocksCommandHandler (DeleteBlocksCommandHandler.java:handle(106)) - Start to delete container blocks, TXIDs=[1(0),2(0),3(0)], numOfContainers=3, numOfBlocks=553
2019-07-13 08:33:40,020 INFO  commandhandler.DeleteBlocksCommandHandler (DeleteBlocksCommandHandler.java:handle(106)) - Start to delete container blocks, TXIDs=[1(0),2(0),3(0)], numOfContainers=3, numOfBlocks=553
2019-07-13 08:33:40,021 INFO  commandhandler.DeleteBlocksCommandHandler (DeleteBlocksCommandHandler.java:handle(106)) - Start to delete container blocks, TXIDs=[1(0),2(0),3(0)], numOfContainers=3, numOfBlocks=553
2019-07-13 08:33:40,022 INFO  commandhandler.DeleteBlocksCommandHandler (DeleteBlocksCommandHandler.java:handle(106)) - Start to delete container blocks, TXIDs=[1(0),2(0),3(0)], numOfContainers=3, numOfBlocks=553
2019-07-13 08:33:40,023 INFO  commandhandler.DeleteBlocksCommandHandler (DeleteBlocksCommandHandler.java:handle(106)) - Start to delete container blocks, TXIDs=[1(0),2(0),3(0)], numOfContainers=3, numOfBlocks=553
2019-07-13 08:33:40,024 INFO  commandhandler.DeleteBlocksCommandHandler (DeleteBlocksCommandHandler.java:handle(106)) - Start to delete container blocks, TXIDs=[1(0),2(0),3(0)], numOfContainers=3, numOfBlocks=553
2019-07-13 08:33:40,025 INFO  commandhandler.DeleteBlocksCommandHandler (DeleteBlocksCommandHandler.java:handle(106)) - Start to delete container blocks, TXIDs=[1(0),2(0),3(0)], numOfContainers=3, numOfBlocks=553
2019-07-13 08:33:40,026 INFO  commandhandler.DeleteBlocksCommandHandler (DeleteBlocksCommandHandler.java:handle(106)) - Start to delete container blocks, TXIDs=[1(0),2(0),3(0)], numOfContainers=3, numOfBlocks=553
2019-07-13 08:33:40,027 INFO  commandhandler.DeleteBlocksCommandHandler (DeleteBlocksCommandHandler.java:handle(106)) - Start to delete container blocks, TXIDs=[1(774),2(774),3(774)], numOfContainers=3, numOfBlocks=553
2019-07-13 08:33:40,028 INFO  commandhandler.DeleteBlocksCommandHandler (DeleteBlocksCommandHandler.java:handle(106)) - Start to delete container blocks, TXIDs=[1(0),2(0),3(0)], numOfContainers=3, numOfBlocks=553
2019-07-13 08:33:40,029 INFO  commandhandler.DeleteBlocksCommandHandler (DeleteBlocksCommandHandler.java:handle(106)) - Start to delete container blocks, TXIDs=[1(0),2(0),3(0)], numOfContainers=3, numOfBlocks=553
2019-07-13 08:33:40,029 INFO  commandhandler.DeleteBlocksCommandHandler (DeleteBlocksCommandHandler.java:handle(106)) - Start to delete container blocks, TXIDs=[1(0),2(0),3(0)], numOfContainers=3, numOfBlocks=553
2019-07-13 08:33:40,030 INFO  commandhandler.DeleteBlocksCommandHandler (DeleteBlocksCommandHandler.java:handle(106)) - Start to delete container blocks, TXIDs=[1(0),2(0),3(0)], numOfContainers=3, numOfBlocks=553
2019-07-13 08:33:40,030 INFO  commands.RetriableDatanodeEventWatcher (RetriableDatanodeEventWatcher.java:onTimeout(47)) - RetriableDatanodeCommand type=deleteBlocksCommand with id=1563006805888 timed out. Retrying.
2019-07-13 08:33:40,031 INFO  commands.RetriableDatanodeEventWatcher (RetriableDatanodeEventWatcher.java:onTimeout(47)) - RetriableDatanodeCommand type=deleteBlocksCommand with id=1563006805957 timed out. Retrying.
2019-07-13 08:33:40,031 INFO  commandhandler.DeleteBlocksCommandHandler (DeleteBlocksCommandHandler.java:handle(106)) - Start to delete container blocks, TXIDs=[1(0),2(0),3(0)], numOfContainers=3, numOfBlocks=553
2019-07-13 08:33:40,032 INFO  commandhandler.DeleteBlocksCommandHandler (DeleteBlocksCommandHandler.java:handle(106)) - Start to delete container blocks, TXIDs=[1(0),2(0),3(0)], numOfContainers=3, numOfBlocks=553
2019-07-13 08:33:40,033 INFO  commandhandler.DeleteBlocksCommandHandler (DeleteBlocksCommandHandler.java:handle(106)) - Start to delete container blocks, TXIDs=[1(0),2(0),3(0)], numOfContainers=3, numOfBlocks=553
2019-07-13 08:33:40,034 INFO  commandhandler.DeleteBlocksCommandHandler (DeleteBlocksCommandHandler.java:handle(106)) - Start to delete container blocks, TXIDs=[1(0),2(0),3(0)], numOfContainers=3, numOfBlocks=553
2019-07-13 08:33:40,034 INFO  commandhandler.DeleteBlocksCommandHandler (DeleteBlocksCommandHandler.java:handle(106)) - Start to delete container blocks, TXIDs=[1(0),2(0),3(0)], numOfContainers=3, numOfBlocks=553
2019-07-13 08:33:40,035 INFO  commandhandler.DeleteBlocksCommandHandler (DeleteBlocksCommandHandler.java:handle(106)) - Start to delete container blocks, TXIDs=[1(0),2(0),3(0)], numOfContainers=3, numOfBlocks=553
2019-07-13 08:33:40,036 INFO  commandhandler.DeleteBlocksCommandHandler (DeleteBlocksCommandHandler.java:handle(106)) - Start to delete container blocks, TXIDs=[1(0),2(0),3(0)], numOfContainers=3, numOfBlocks=553
2019-07-13 08:33:40,037 INFO  commandhandler.DeleteBlocksCommandHandler (DeleteBlocksCommandHandler.java:handle(106)) - Start to delete container blocks, TXIDs=[1(0),2(0),3(0)], numOfContainers=3, numOfBlocks=553
2019-07-13 08:33:40,038 INFO  commandhandler.DeleteBlocksCommandHandler (DeleteBlocksCommandHandler.java:handle(106)) - Start to delete container blocks, TXIDs=[1(0),2(0),3(0)], numOfContainers=3, numOfBlocks=553
2019-07-13 08:33:40,039 INFO  commandhandler.DeleteBlocksCommandHandler (DeleteBlocksCommandHandler.java:handle(106)) - Start to delete container blocks, TXIDs=[1(0),2(0),3(0)], numOfContainers=3, numOfBlocks=553
2019-07-13 08:33:40,040 INFO  commandhandler.DeleteBlocksCommandHandler (DeleteBlocksCommandHandler.java:handle(106)) - Start to delete container blocks, TXIDs=[1(0),2(0),3(0)], numOfContainers=3, numOfBlocks=553
2019-07-13 08:33:40,040 INFO  commandhandler.DeleteBlocksCommandHandler (DeleteBlocksCommandHandler.java:handle(106)) - Start to delete container blocks, TXIDs=[1(774),2(774),3(774)], numOfContainers=3, numOfBlocks=553
2019-07-13 08:33:40,041 INFO  commandhandler.DeleteBlocksCommandHandler (DeleteBlocksCommandHandler.java:handle(106)) - Start to delete container blocks, TXIDs=[1(0),2(0),3(0)], numOfContainers=3, numOfBlocks=553
2019-07-13 08:33:40,042 INFO  commandhandler.DeleteBlocksCommandHandler (DeleteBlocksCommandHandler.java:handle(106)) - Start to delete container blocks, TXIDs=[1(0),2(0),3(0)], numOfContainers=3, numOfBlocks=553
2019-07-13 08:33:40,043 INFO  commandhandler.DeleteBlocksCommandHandler (DeleteBlocksCommandHandler.java:handle(106)) - Start to delete container blocks, TXIDs=[1(0),2(0),3(0)], numOfContainers=3, numOfBlocks=553
2019-07-13 08:33:40,043 INFO  commands.RetriableDatanodeEventWatcher (RetriableDatanodeEventWatcher.java:onTimeout(47)) - RetriableDatanodeCommand type=deleteBlocksCommand with id=1563006805898 timed out. Retrying.
2019-07-13 08:33:40,044 INFO  commandhandler.DeleteBlocksCommandHandler (DeleteBlocksCommandHandler.java:handle(106)) - Start to delete container blocks, TXIDs=[1(0),2(0),3(0)], numOfContainers=3, numOfBlocks=553
2019-07-13 08:33:40,045 INFO  commandhandler.DeleteBlocksCommandHandler (DeleteBlocksCommandHandler.java:handle(106)) - Start to delete container blocks, TXIDs=[1(0),2(0),3(0)], numOfContainers=3, numOfBlocks=553
2019-07-13 08:33:40,046 INFO  commandhandler.DeleteBlocksCommandHandler (DeleteBlocksCommandHandler.java:handle(106)) - Start to delete container blocks, TXIDs=[1(0),2(0),3(0)], numOfContainers=3, numOfBlocks=553
2019-07-13 08:33:40,047 INFO  commandhandler.DeleteBlocksCommandHandler (DeleteBlocksCommandHandler.java:handle(106)) - Start to delete container blocks, TXIDs=[1(0),2(0),3(0)], numOfContainers=3, numOfBlocks=553
2019-07-13 08:33:40,047 INFO  commandhandler.DeleteBlocksCommandHandler (DeleteBlocksCommandHandler.java:handle(106)) - Start to delete container blocks, TXIDs=[1(0),2(0),3(0)], numOfContainers=3, numOfBlocks=553
2019-07-13 08:33:40,048 INFO  commandhandler.DeleteBlocksCommandHandler (DeleteBlocksCommandHandler.java:handle(106)) - Start to delete container blocks, TXIDs=[1(0),2(0),3(0)], numOfContainers=3, numOfBlocks=553
2019-07-13 08:33:40,049 INFO  commandhandler.DeleteBlocksCommandHandler (DeleteBlocksCommandHandler.java:handle(106)) - Start to delete container blocks, TXIDs=[1(0),2(0),3(0)], numOfContainers=3, numOfBlocks=553
2019-07-13 08:33:40,050 INFO  commandhandler.DeleteBlocksCommandHandler (DeleteBlocksCommandHandler.java:handle(106)) - Start to delete container blocks, TXIDs=[1(0),2(0),3(0)], numOfContainers=3, numOfBlocks=553
2019-07-13 08:33:40,051 INFO  commandhandler.DeleteBlocksCommandHandler (DeleteBlocksCommandHandler.java:handle(106)) - Start to delete container blocks, TXIDs=[1(0),2(0),3(0)], numOfContainers=3, numOfBlocks=553
2019-07-13 08:33:40,052 INFO  commandhandler.DeleteBlocksCommandHandler (DeleteBlocksCommandHandler.java:handle(106)) - Start to delete container blocks, TXIDs=[1(774),2(774),3(774)], numOfContainers=3, numOfBlocks=553
2019-07-13 08:33:40,052 INFO  commands.RetriableDatanodeEventWatcher (RetriableDatanodeEventWatcher.java:onTimeout(47)) - RetriableDatanodeCommand type=deleteBlocksCommand with id=1563006805839 timed out. Retrying.
2019-07-13 08:33:40,053 INFO  commandhandler.DeleteBlocksCommandHandler (DeleteBlocksCommandHandler.java:handle(106)) - Start to delete container blocks, TXIDs=[1(0),2(0),3(0)], numOfContainers=3, numOfBlocks=553
2019-07-13 08:33:40,053 INFO  commandhandler.DeleteBlocksCommandHandler (DeleteBlocksCommandHandler.java:handle(106)) - Start to delete container blocks, TXIDs=[1(0),2(0),3(0)], numOfContainers=3, numOfBlocks=553
2019-07-13 08:33:40,054 INFO  commandhandler.DeleteBlocksCommandHandler (DeleteBlocksCommandHandler.java:handle(106)) - Start to delete container blocks, TXIDs=[1(0),2(0),3(0)], numOfContainers=3, numOfBlocks=553
2019-07-13 08:33:40,055 INFO  commandhandler.DeleteBlocksCommandHandler (DeleteBlocksCommandHandler.java:handle(106)) - Start to delete container blocks, TXIDs=[1(0),2(0),3(0)], numOfContainers=3, numOfBlocks=553
2019-07-13 08:33:40,056 INFO  commandhandler.DeleteBlocksCommandHandler (DeleteBlocksCommandHandler.java:handle(106)) - Start to delete container blocks, TXIDs=[1(0),2(0),3(0)], numOfContainers=3, numOfBlocks=553
2019-07-13 08:33:40,057 INFO  commandhandler.DeleteBlocksCommandHandler (DeleteBlocksCommandHandler.java:handle(106)) - Start to delete container blocks, TXIDs=[1(0),2(0),3(0)], numOfContainers=3, numOfBlocks=553
2019-07-13 08:33:40,058 INFO  commandhandler.DeleteBlocksCommandHandler (DeleteBlocksCommandHandler.java:handle(106)) - Start to delete container blocks, TXIDs=[1(0),2(0),3(0)], numOfContainers=3, numOfBlocks=553
2019-07-13 08:33:40,059 INFO  commandhandler.DeleteBlocksCommandHandler (DeleteBlocksCommandHandler.java:handle(106)) - Start to delete container blocks, TXIDs=[1(0),2(0),3(0)], numOfContainers=3, numOfBlocks=553
2019-07-13 08:33:40,059 INFO  commands.RetriableDatanodeEventWatcher (RetriableDatanodeEventWatcher.java:onTimeout(47)) - RetriableDatanodeCommand type=deleteBlocksCommand with id=1563006805908 timed out. Retrying.
2019-07-13 08:33:40,060 INFO  commandhandler.DeleteBlocksCommandHandler (DeleteBlocksCommandHandler.java:handle(106)) - Start to delete container blocks, TXIDs=[1(0),2(0),3(0)], numOfContainers=3, numOfBlocks=553
2019-07-13 08:33:40,060 INFO  commandhandler.DeleteBlocksCommandHandler (DeleteBlocksCommandHandler.java:handle(106)) - Start to delete container blocks, TXIDs=[1(0),2(0),3(0)], numOfContainers=3, numOfBlocks=553
2019-07-13 08:33:40,061 INFO  commandhandler.DeleteBlocksCommandHandler (DeleteBlocksCommandHandler.java:handle(106)) - Start to delete container blocks, TXIDs=[1(0),2(0),3(0)], numOfContainers=3, numOfBlocks=553
2019-07-13 08:33:40,062 INFO  commandhandler.DeleteBlocksCommandHandler (DeleteBlocksCommandHandler.java:handle(106)) - Start to delete container blocks, TXIDs=[1(0),2(0),3(0)], numOfContainers=3, numOfBlocks=553
2019-07-13 08:33:40,063 INFO  commandhandler.DeleteBlocksCommandHandler (DeleteBlocksCommandHandler.java:handle(106)) - Start to delete container blocks, TXIDs=[1(0),2(0),3(0)], numOfContainers=3, numOfBlocks=553
2019-07-13 08:33:40,063 INFO  commands.RetriableDatanodeEventWatcher (RetriableDatanodeEventWatcher.java:onTimeout(47)) - RetriableDatanodeCommand type=deleteBlocksCommand with id=1563006805849 timed out. Retrying.
2019-07-13 08:33:40,064 INFO  commandhandler.DeleteBlocksCommandHandler (DeleteBlocksCommandHandler.java:handle(106)) - Start to delete container blocks, TXIDs=[1(904),2(904),3(904)], numOfContainers=3, numOfBlocks=553
2019-07-13 08:33:40,065 INFO  commandhandler.DeleteBlocksCommandHandler (DeleteBlocksCommandHandler.java:handle(106)) - Start to delete container blocks, TXIDs=[1(0),2(0),3(0)], numOfContainers=3, numOfBlocks=553
2019-07-13 08:33:40,066 INFO  commandhandler.DeleteBlocksCommandHandler (DeleteBlocksCommandHandler.java:handle(106)) - Start to delete container blocks, TXIDs=[1(149),2(149),3(149)], numOfContainers=3, numOfBlocks=553
2019-07-13 08:33:40,066 INFO  commandhandler.DeleteBlocksCommandHandler (DeleteBlocksCommandHandler.java:handle(106)) - Start to delete container blocks, TXIDs=[1(0),2(0),3(0)], numOfContainers=3, numOfBlocks=553
2019-07-13 08:33:40,067 INFO  commandhandler.DeleteBlocksCommandHandler (DeleteBlocksCommandHandler.java:handle(106)) - Start to delete container blocks, TXIDs=[1(0),2(0),3(0)], numOfContainers=3, numOfBlocks=553
2019-07-13 08:33:40,068 INFO  commandhandler.DeleteBlocksCommandHandler (DeleteBlocksCommandHandler.java:handle(106)) - Start to delete container blocks, TXIDs=[1(0),2(0),3(0)], numOfContainers=3, numOfBlocks=553
2019-07-13 08:33:40,069 INFO  commandhandler.DeleteBlocksCommandHandler (DeleteBlocksCommandHandler.java:handle(106)) - Start to delete container blocks, TXIDs=[1(0),2(0),3(0)], numOfContainers=3, numOfBlocks=553
2019-07-13 08:33:40,070 INFO  commandhandler.DeleteBlocksCommandHandler (DeleteBlocksCommandHandler.java:handle(106)) - Start to delete container blocks, TXIDs=[1(0),2(0),3(0)], numOfContainers=3, numOfBlocks=553
2019-07-13 08:33:40,071 INFO  commandhandler.DeleteBlocksCommandHandler (DeleteBlocksCommandHandler.java:handle(106)) - Start to delete container blocks, TXIDs=[1(0),2(0),3(0)], numOfContainers=3, numOfBlocks=553
2019-07-13 08:33:40,071 INFO  commandhandler.DeleteBlocksCommandHandler (DeleteBlocksCommandHandler.java:handle(106)) - Start to delete container blocks, TXIDs=[1(0),2(0),3(0)], numOfContainers=3, numOfBlocks=553
2019-07-13 08:33:40,072 INFO  commandhandler.DeleteBlocksCommandHandler (DeleteBlocksCommandHandler.java:handle(106)) - Start to delete container blocks, TXIDs=[1(0),2(0),3(0)], numOfContainers=3, numOfBlocks=553
2019-07-13 08:33:40,073 INFO  commandhandler.DeleteBlocksCommandHandler (DeleteBlocksCommandHandler.java:handle(106)) - Start to delete container blocks, TXIDs=[1(0),2(0),3(0)], numOfContainers=3, numOfBlocks=553
2019-07-13 08:33:40,074 INFO  commandhandler.DeleteBlocksCommandHandler (DeleteBlocksCommandHandler.java:handle(106)) - Start to delete container blocks, TXIDs=[1(0),2(0),3(0)], numOfContainers=3, numOfBlocks=553
2019-07-13 08:33:40,075 INFO  commands.RetriableDatanodeEventWatcher (RetriableDatanodeEventWatcher.java:onTimeout(47)) - RetriableDatanodeCommand type=deleteBlocksCommand with id=1563006805918 timed out. Retrying.
2019-07-13 08:33:40,075 INFO  commandhandler.DeleteBlocksCommandHandler (DeleteBlocksCommandHandler.java:handle(106)) - Start to delete container blocks, TXIDs=[1(0),2(0),3(0)], numOfContainers=3, numOfBlocks=553
2019-07-13 08:33:40,076 INFO  commandhandler.DeleteBlocksCommandHandler (DeleteBlocksCommandHandler.java:handle(106)) - Start to delete container blocks, TXIDs=[1(904),2(904),3(904)], numOfContainers=3, numOfBlocks=553
2019-07-13 08:33:40,076 INFO  commandhandler.DeleteBlocksCommandHandler (DeleteBlocksCommandHandler.java:handle(106)) - Start to delete container blocks, TXIDs=[1(489),2(489),3(489)], numOfContainers=3, numOfBlocks=553
2019-07-13 08:33:40,077 INFO  commandhandler.DeleteBlocksCommandHandler (DeleteBlocksCommandHandler.java:handle(106)) - Start to delete container blocks, TXIDs=[1(0),2(0),3(0)], numOfContainers=3, numOfBlocks=553
2019-07-13 08:33:40,078 INFO  commandhandler.DeleteBlocksCommandHandler (DeleteBlocksCommandHandler.java:handle(106)) - Start to delete container blocks, TXIDs=[1(0),2(0),3(0)], numOfContainers=3, numOfBlocks=553
2019-07-13 08:33:40,079 INFO  commandhandler.DeleteBlocksCommandHandler (DeleteBlocksCommandHandler.java:handle(106)) - Start to delete container blocks, TXIDs=[1(0),2(0),3(0)], numOfContainers=3, numOfBlocks=553
2019-07-13 08:33:40,079 INFO  commands.RetriableDatanodeEventWatcher (RetriableDatanodeEventWatcher.java:onTimeout(47)) - RetriableDatanodeCommand type=deleteBlocksCommand with id=1563006805859 timed out. Retrying.
2019-07-13 08:33:40,080 INFO  commandhandler.DeleteBlocksCommandHandler (DeleteBlocksCommandHandler.java:handle(106)) - Start to delete container blocks, TXIDs=[1(0),2(0),3(0)], numOfContainers=3, numOfBlocks=553
2019-07-13 08:33:40,081 INFO  commandhandler.DeleteBlocksCommandHandler (DeleteBlocksCommandHandler.java:handle(106)) - Start to delete container blocks, TXIDs=[1(0),2(0),3(0)], numOfContainers=3, numOfBlocks=553
2019-07-13 08:33:40,081 INFO  commandhandler.DeleteBlocksCommandHandler (DeleteBlocksCommandHandler.java:handle(106)) - Start to delete container blocks, TXIDs=[1(0),2(0),3(0)], numOfContainers=3, numOfBlocks=553
2019-07-13 08:33:40,082 INFO  commandhandler.DeleteBlocksCommandHandler (DeleteBlocksCommandHandler.java:handle(106)) - Start to delete container blocks, TXIDs=[1(0),2(0),3(0)], numOfContainers=3, numOfBlocks=553
2019-07-13 08:33:40,083 INFO  commandhandler.DeleteBlocksCommandHandler (DeleteBlocksCommandHandler.java:handle(106)) - Start to delete container blocks, TXIDs=[1(0),2(0),3(0)], numOfContainers=3, numOfBlocks=553
2019-07-13 08:33:40,084 INFO  commandhandler.DeleteBlocksCommandHandler (DeleteBlocksCommandHandler.java:handle(106)) - Start to delete container blocks, TXIDs=[1(0),2(0),3(0)], numOfContainers=3, numOfBlocks=553
2019-07-13 08:33:40,085 INFO  commandhandler.DeleteBlocksCommandHandler (DeleteBlocksCommandHandler.java:handle(106)) - Start to delete container blocks, TXIDs=[1(0),2(0),3(0)], numOfContainers=3, numOfBlocks=553
2019-07-13 08:33:40,086 INFO  commandhandler.DeleteBlocksCommandHandler (DeleteBlocksCommandHandler.java:handle(106)) - Start to delete container blocks, TXIDs=[1(0),2(0),3(0)], numOfContainers=3, numOfBlocks=553
2019-07-13 08:33:40,086 INFO  commandhandler.DeleteBlocksCommandHandler (DeleteBlocksCommandHandler.java:handle(106)) - Start to delete container blocks, TXIDs=[1(0),2(0),3(0)], numOfContainers=3, numOfBlocks=553
2019-07-13 08:33:40,088 INFO  commandhandler.DeleteBlocksCommandHandler (DeleteBlocksCommandHandler.java:handle(106)) - Start to delete container blocks, TXIDs=[1(933),2(933),3(933)], numOfContainers=3, numOfBlocks=553
2019-07-13 08:33:40,089 INFO  commandhandler.DeleteBlocksCommandHandler (DeleteBlocksCommandHandler.java:handle(106)) - Start to delete container blocks, TXIDs=[1(0),2(0),3(0)], numOfContainers=3, numOfBlocks=553
2019-07-13 08:33:40,089 INFO  commandhandler.DeleteBlocksCommandHandler (DeleteBlocksCommandHandler.java:handle(106)) - Start to delete container blocks, TXIDs=[1(774),2(774),3(774)], numOfContainers=3, numOfBlocks=553
2019-07-13 08:33:40,090 INFO  commandhandler.DeleteBlocksCommandHandler (DeleteBlocksCommandHandler.java:handle(106)) - Start to delete container blocks, TXIDs=[1(0),2(0),3(0)], numOfContainers=3, numOfBlocks=553
2019-07-13 08:33:40,091 INFO  commandhandler.DeleteBlocksCommandHandler (DeleteBlocksCommandHandler.java:handle(106)) - Start to delete container blocks, TXIDs=[1(0),2(0),3(0)], numOfContainers=3, numOfBlocks=553
2019-07-13 08:33:40,092 INFO  commandhandler.DeleteBlocksCommandHandler (DeleteBlocksCommandHandler.java:handle(106)) - Start to delete container blocks, TXIDs=[1(0),2(0),3(0)], numOfContainers=3, numOfBlocks=553
2019-07-13 08:33:40,093 INFO  commandhandler.DeleteBlocksCommandHandler (DeleteBlocksCommandHandler.java:handle(106)) - Start to delete container blocks, TXIDs=[1(0),2(0),3(0)], numOfContainers=3, numOfBlocks=553
2019-07-13 08:33:40,094 INFO  commandhandler.DeleteBlocksCommandHandler (DeleteBlocksCommandHandler.java:handle(106)) - Start to delete container blocks, TXIDs=[1(0),2(0),3(0)], numOfContainers=3, numOfBlocks=553
2019-07-13 08:33:40,095 INFO  commandhandler.DeleteBlocksCommandHandler (DeleteBlocksCommandHandler.java:handle(106)) - Start to delete container blocks, TXIDs=[1(0),2(0),3(0)], numOfContainers=3, numOfBlocks=553
2019-07-13 08:33:40,096 INFO  commandhandler.DeleteBlocksCommandHandler (DeleteBlocksCommandHandler.java:handle(106)) - Start to delete container blocks, TXIDs=[1(0),2(0),3(0)], numOfContainers=3, numOfBlocks=553
2019-07-13 08:33:40,096 INFO  commandhandler.DeleteBlocksCommandHandler (DeleteBlocksCommandHandler.java:handle(106)) - Start to delete container blocks, TXIDs=[1(0),2(0),3(0)], numOfContainers=3, numOfBlocks=553
2019-07-13 08:33:40,097 INFO  commandhandler.DeleteBlocksCommandHandler (DeleteBlocksCommandHandler.java:handle(106)) - Start to delete container blocks, TXIDs=[1(0),2(0),3(0)], numOfContainers=3, numOfBlocks=553
2019-07-13 08:33:40,098 INFO  commandhandler.DeleteBlocksCommandHandler (DeleteBlocksCommandHandler.java:handle(106)) - Start to delete container blocks, TXIDs=[1(0),2(0),3(0)], numOfContainers=3, numOfBlocks=553
2019-07-13 08:33:40,099 INFO  commandhandler.DeleteBlocksCommandHandler (DeleteBlocksCommandHandler.java:handle(106)) - Start to delete container blocks, TXIDs=[1(0),2(0),3(0)], numOfContainers=3, numOfBlocks=553
2019-07-13 08:33:40,100 INFO  commandhandler.DeleteBlocksCommandHandler (DeleteBlocksCommandHandler.java:handle(106)) - Start to delete container blocks, TXIDs=[1(941),2(941),3(941)], numOfContainers=3, numOfBlocks=553
2019-07-13 08:33:40,100 INFO  commandhandler.DeleteBlocksCommandHandler (DeleteBlocksCommandHandler.java:handle(106)) - Start to delete container blocks, TXIDs=[1(0),2(0),3(0)], numOfContainers=3, numOfBlocks=553
2019-07-13 08:33:40,101 INFO  commandhandler.DeleteBlocksCommandHandler (DeleteBlocksCommandHandler.java:handle(106)) - Start to delete container blocks, TXIDs=[1(0),2(0),3(0)], numOfContainers=3, numOfBlocks=553
2019-07-13 08:33:40,102 INFO  commandhandler.DeleteBlocksCommandHandler (DeleteBlocksCommandHandler.java:handle(106)) - Start to delete container blocks, TXIDs=[1(0),2(0),3(0)], numOfContainers=3, numOfBlocks=553
2019-07-13 08:33:40,103 INFO  commandhandler.DeleteBlocksCommandHandler (DeleteBlocksCommandHandler.java:handle(106)) - Start to delete container blocks, TXIDs=[1(0),2(0),3(0)], numOfContainers=3, numOfBlocks=553
2019-07-13 08:33:40,104 INFO  commandhandler.DeleteBlocksCommandHandler (DeleteBlocksCommandHandler.java:handle(106)) - Start to delete container blocks, TXIDs=[1(0),2(0),3(0)], numOfContainers=3, numOfBlocks=553
2019-07-13 08:33:40,105 INFO  commandhandler.DeleteBlocksCommandHandler (DeleteBlocksCommandHandler.java:handle(106)) - Start to delete container blocks, TXIDs=[1(0),2(0),3(0)], numOfContainers=3, numOfBlocks=553
2019-07-13 08:33:40,105 INFO  commandhandler.DeleteBlocksCommandHandler (DeleteBlocksCommandHandler.java:handle(106)) - Start to delete container blocks, TXIDs=[1(0),2(0),3(0)], numOfContainers=3, numOfBlocks=553
2019-07-13 08:33:40,106 INFO  commandhandler.DeleteBlocksCommandHandler (DeleteBlocksCommandHandler.java:handle(106)) - Start to delete container blocks, TXIDs=[1(0),2(0),3(0)], numOfContainers=3, numOfBlocks=553
2019-07-13 08:33:40,107 INFO  commandhandler.DeleteBlocksCommandHandler (DeleteBlocksCommandHandler.java:handle(106)) - Start to delete container blocks, TXIDs=[1(0),2(0),3(0)], numOfContainers=3, numOfBlocks=553
2019-07-13 08:33:40,108 INFO  commandhandler.DeleteBlocksCommandHandler (DeleteBlocksCommandHandler.java:handle(106)) - Start to delete container blocks, TXIDs=[1(774),2(774),3(774)], numOfContainers=3, numOfBlocks=553
2019-07-13 08:33:40,109 INFO  commandhandler.DeleteBlocksCommandHandler (DeleteBlocksCommandHandler.java:handle(106)) - Start to delete container blocks, TXIDs=[1(0),2(0),3(0)], numOfContainers=3, numOfBlocks=553
2019-07-13 08:33:40,110 INFO  commandhandler.DeleteBlocksCommandHandler (DeleteBlocksCommandHandler.java:handle(106)) - Start to delete container blocks, TXIDs=[1(0),2(0),3(0)], numOfContainers=3, numOfBlocks=553
2019-07-13 08:33:40,110 INFO  commandhandler.DeleteBlocksCommandHandler (DeleteBlocksCommandHandler.java:handle(106)) - Start to delete container blocks, TXIDs=[1(0),2(0),3(0)], numOfContainers=3, numOfBlocks=553
2019-07-13 08:33:40,111 INFO  commandhandler.DeleteBlocksCommandHandler (DeleteBlocksCommandHandler.java:handle(106)) - Start to delete container blocks, TXIDs=[1(956),2(956),3(956)], numOfContainers=3, numOfBlocks=553
2019-07-13 08:33:40,112 INFO  commandhandler.DeleteBlocksCommandHandler (DeleteBlocksCommandHandler.java:handle(106)) - Start to delete container blocks, TXIDs=[1(0),2(0),3(0)], numOfContainers=3, numOfBlocks=553
2019-07-13 08:33:40,112 INFO  commands.RetriableDatanodeEventWatcher (RetriableDatanodeEventWatcher.java:onTimeout(47)) - RetriableDatanodeCommand type=deleteBlocksCommand with id=1563006805879 timed out. Retrying.
2019-07-13 08:33:40,113 INFO  commands.RetriableDatanodeEventWatcher (RetriableDatanodeEventWatcher.java:onTimeout(47)) - RetriableDatanodeCommand type=deleteBlocksCommand with id=1563006805928 timed out. Retrying.
2019-07-13 08:33:40,113 INFO  commands.RetriableDatanodeEventWatcher (RetriableDatanodeEventWatcher.java:onTimeout(47)) - RetriableDatanodeCommand type=deleteBlocksCommand with id=1563006805869 timed out. Retrying.
2019-07-13 08:33:40,113 INFO  commandhandler.DeleteBlocksCommandHandler (DeleteBlocksCommandHandler.java:handle(106)) - Start to delete container blocks, TXIDs=[1(0),2(0),3(0)], numOfContainers=3, numOfBlocks=553
2019-07-13 08:33:40,113 INFO  commands.RetriableDatanodeEventWatcher (RetriableDatanodeEventWatcher.java:onTimeout(47)) - RetriableDatanodeCommand type=deleteBlocksCommand with id=1563006805938 timed out. Retrying.
2019-07-13 08:33:40,114 INFO  commandhandler.DeleteBlocksCommandHandler (DeleteBlocksCommandHandler.java:handle(106)) - Start to delete container blocks, TXIDs=[1(0),2(0),3(0)], numOfContainers=3, numOfBlocks=553
2019-07-13 08:33:40,115 INFO  commandhandler.DeleteBlocksCommandHandler (DeleteBlocksCommandHandler.java:handle(106)) - Start to delete container blocks, TXIDs=[1(0),2(0),3(0)], numOfContainers=3, numOfBlocks=553
2019-07-13 08:33:40,115 INFO  commandhandler.DeleteBlocksCommandHandler (DeleteBlocksCommandHandler.java:handle(106)) - Start to delete container blocks, TXIDs=[1(0),2(0),3(0)], numOfContainers=3, numOfBlocks=553
2019-07-13 08:33:40,116 INFO  commandhandler.DeleteBlocksCommandHandler (DeleteBlocksCommandHandler.java:handle(106)) - Start to delete container blocks, TXIDs=[1(0),2(0),3(0)], numOfContainers=3, numOfBlocks=553
2019-07-13 08:33:40,117 INFO  commands.RetriableDatanodeEventWatcher (RetriableDatanodeEventWatcher.java:onTimeout(47)) - RetriableDatanodeCommand type=deleteBlocksCommand with id=1563006805948 timed out. Retrying.
2019-07-13 08:33:40,117 INFO  commandhandler.DeleteBlocksCommandHandler (DeleteBlocksCommandHandler.java:handle(106)) - Start to delete container blocks, TXIDs=[1(0),2(0),3(0)], numOfContainers=3, numOfBlocks=553
2019-07-13 08:33:40,118 INFO  commandhandler.DeleteBlocksCommandHandler (DeleteBlocksCommandHandler.java:handle(106)) - Start to delete container blocks, TXIDs=[1(0),2(0),3(0)], numOfContainers=3, numOfBlocks=553
2019-07-13 08:33:40,118 INFO  commands.RetriableDatanodeEventWatcher (RetriableDatanodeEventWatcher.java:onTimeout(47)) - RetriableDatanodeCommand type=deleteBlocksCommand with id=1563006805967 timed out. Retrying.
2019-07-13 08:33:40,119 INFO  commandhandler.DeleteBlocksCommandHandler (DeleteBlocksCommandHandler.java:handle(106)) - Start to delete container blocks, TXIDs=[1(0),2(0),3(0)], numOfContainers=3, numOfBlocks=553
2019-07-13 08:33:40,119 INFO  commandhandler.DeleteBlocksCommandHandler (DeleteBlocksCommandHandler.java:handle(106)) - Start to delete container blocks, TXIDs=[1(0),2(0),3(0)], numOfContainers=3, numOfBlocks=553
2019-07-13 08:33:40,120 INFO  commandhandler.DeleteBlocksCommandHandler (DeleteBlocksCommandHandler.java:handle(106)) - Start to delete container blocks, TXIDs=[1(774),2(774),3(774)], numOfContainers=3, numOfBlocks=553
2019-07-13 08:33:40,121 INFO  commandhandler.DeleteBlocksCommandHandler (DeleteBlocksCommandHandler.java:handle(106)) - Start to delete container blocks, TXIDs=[1(0),2(0),3(0)], numOfContainers=3, numOfBlocks=553
2019-07-13 08:33:40,122 INFO  commandhandler.DeleteBlocksCommandHandler (DeleteBlocksCommandHandler.java:handle(106)) - Start to delete container blocks, TXIDs=[1(0),2(0),3(0)], numOfContainers=3, numOfBlocks=553
2019-07-13 08:33:40,123 INFO  commandhandler.DeleteBlocksCommandHandler (DeleteBlocksCommandHandler.java:handle(106)) - Start to delete container blocks, TXIDs=[1(956),2(956),3(956)], numOfContainers=3, numOfBlocks=553
2019-07-13 08:33:40,124 INFO  commandhandler.DeleteBlocksCommandHandler (DeleteBlocksCommandHandler.java:handle(106)) - Start to delete container blocks, TXIDs=[1(0),2(0),3(0)], numOfContainers=3, numOfBlocks=553
2019-07-13 08:33:40,124 INFO  commandhandler.DeleteBlocksCommandHandler (DeleteBlocksCommandHandler.java:handle(106)) - Start to delete container blocks, TXIDs=[1(0),2(0),3(0)], numOfContainers=3, numOfBlocks=553
2019-07-13 08:33:40,125 INFO  commandhandler.DeleteBlocksCommandHandler (DeleteBlocksCommandHandler.java:handle(106)) - Start to delete container blocks, TXIDs=[1(0),2(0),3(0)], numOfContainers=3, numOfBlocks=553
2019-07-13 08:33:40,126 INFO  commandhandler.DeleteBlocksCommandHandler (DeleteBlocksCommandHandler.java:handle(106)) - Start to delete container blocks, TXIDs=[1(0),2(0),3(0)], numOfContainers=3, numOfBlocks=553
2019-07-13 08:33:40,127 INFO  commandhandler.DeleteBlocksCommandHandler (DeleteBlocksCommandHandler.java:handle(106)) - Start to delete container blocks, TXIDs=[1(0),2(0),3(0)], numOfContainers=3, numOfBlocks=553
2019-07-13 08:33:40,128 INFO  commandhandler.DeleteBlocksCommandHandler (DeleteBlocksCommandHandler.java:handle(106)) - Start to delete container blocks, TXIDs=[1(0),2(0),3(0)], numOfContainers=3, numOfBlocks=553
2019-07-13 08:33:40,129 INFO  commandhandler.DeleteBlocksCommandHandler (DeleteBlocksCommandHandler.java:handle(106)) - Start to delete container blocks, TXIDs=[1(0),2(0),3(0)], numOfContainers=3, numOfBlocks=553
2019-07-13 08:33:40,129 INFO  commandhandler.DeleteBlocksCommandHandler (DeleteBlocksCommandHandler.java:handle(106)) - Start to delete container blocks, TXIDs=[1(0),2(0),3(0)], numOfContainers=3, numOfBlocks=553
2019-07-13 08:33:40,130 INFO  commandhandler.DeleteBlocksCommandHandler (DeleteBlocksCommandHandler.java:handle(106)) - Start to delete container blocks, TXIDs=[1(0),2(0),3(0)], numOfContainers=3, numOfBlocks=553
2019-07-13 08:33:40,131 INFO  commandhandler.DeleteBlocksCommandHandler (DeleteBlocksCommandHandler.java:handle(106)) - Start to delete container blocks, TXIDs=[1(774),2(774),3(774)], numOfContainers=3, numOfBlocks=553
2019-07-13 08:33:40,132 INFO  commandhandler.DeleteBlocksCommandHandler (DeleteBlocksCommandHandler.java:handle(106)) - Start to delete container blocks, TXIDs=[1(0),2(0),3(0)], numOfContainers=3, numOfBlocks=553
2019-07-13 08:33:40,133 INFO  commandhandler.DeleteBlocksCommandHandler (DeleteBlocksCommandHandler.java:handle(106)) - Start to delete container blocks, TXIDs=[1(0),2(0),3(0)], numOfContainers=3, numOfBlocks=553
2019-07-13 08:33:40,133 INFO  commandhandler.DeleteBlocksCommandHandler (DeleteBlocksCommandHandler.java:handle(106)) - Start to delete container blocks, TXIDs=[1(0),2(0),3(0)], numOfContainers=3, numOfBlocks=553
2019-07-13 08:33:40,134 INFO  commandhandler.DeleteBlocksCommandHandler (DeleteBlocksCommandHandler.java:handle(106)) - Start to delete container blocks, TXIDs=[1(984),2(984),3(984)], numOfContainers=3, numOfBlocks=553
2019-07-13 08:33:40,135 INFO  commandhandler.DeleteBlocksCommandHandler (DeleteBlocksCommandHandler.java:handle(106)) - Start to delete container blocks, TXIDs=[1(0),2(0),3(0)], numOfContainers=3, numOfBlocks=553
2019-07-13 08:33:40,136 INFO  commandhandler.DeleteBlocksCommandHandler (DeleteBlocksCommandHandler.java:handle(106)) - Start to delete container blocks, TXIDs=[1(0),2(0),3(0)], numOfContainers=3, numOfBlocks=553
2019-07-13 08:33:40,137 INFO  commandhandler.DeleteBlocksCommandHandler (DeleteBlocksCommandHandler.java:handle(106)) - Start to delete container blocks, TXIDs=[1(0),2(0),3(0)], numOfContainers=3, numOfBlocks=553
2019-07-13 08:33:40,138 INFO  commandhandler.DeleteBlocksCommandHandler (DeleteBlocksCommandHandler.java:handle(106)) - Start to delete container blocks, TXIDs=[1(0),2(0),3(0)], numOfContainers=3, numOfBlocks=553
2019-07-13 08:33:40,138 INFO  commandhandler.DeleteBlocksCommandHandler (DeleteBlocksCommandHandler.java:handle(106)) - Start to delete container blocks, TXIDs=[1(0),2(0),3(0)], numOfContainers=3, numOfBlocks=553
2019-07-13 08:33:40,139 INFO  commandhandler.DeleteBlocksCommandHandler (DeleteBlocksCommandHandler.java:handle(106)) - Start to delete container blocks, TXIDs=[1(0),2(0),3(0)], numOfContainers=3, numOfBlocks=553
2019-07-13 08:33:40,140 INFO  commandhandler.DeleteBlocksCommandHandler (DeleteBlocksCommandHandler.java:handle(106)) - Start to delete container blocks, TXIDs=[1(0),2(0),3(0)], numOfContainers=3, numOfBlocks=553
2019-07-13 08:33:40,141 INFO  commandhandler.DeleteBlocksCommandHandler (DeleteBlocksCommandHandler.java:handle(106)) - Start to delete container blocks, TXIDs=[1(774),2(774),3(774)], numOfContainers=3, numOfBlocks=553
2019-07-13 08:33:40,142 INFO  commandhandler.DeleteBlocksCommandHandler (DeleteBlocksCommandHandler.java:handle(106)) - Start to delete container blocks, TXIDs=[1(0),2(0),3(0)], numOfContainers=3, numOfBlocks=553
2019-07-13 08:33:40,142 INFO  commandhandler.DeleteBlocksCommandHandler (DeleteBlocksCommandHandler.java:handle(106)) - Start to delete container blocks, TXIDs=[1(0),2(0),3(0)], numOfContainers=3, numOfBlocks=553
2019-07-13 08:33:40,143 INFO  commandhandler.DeleteBlocksCommandHandler (DeleteBlocksCommandHandler.java:handle(106)) - Start to delete container blocks, TXIDs=[1(0),2(0),3(0)], numOfContainers=3, numOfBlocks=553
2019-07-13 08:33:40,144 INFO  commandhandler.DeleteBlocksCommandHandler (DeleteBlocksCommandHandler.java:handle(106)) - Start to delete container blocks, TXIDs=[1(0),2(0),3(0)], numOfContainers=3, numOfBlocks=553
2019-07-13 08:33:40,145 INFO  commandhandler.DeleteBlocksCommandHandler (DeleteBlocksCommandHandler.java:handle(106)) - Start to delete container blocks, TXIDs=[1(0),2(0),3(0)], numOfContainers=3, numOfBlocks=553
2019-07-13 08:33:40,146 INFO  commandhandler.DeleteBlocksCommandHandler (DeleteBlocksCommandHandler.java:handle(106)) - Start to delete container blocks, TXIDs=[1(984),2(984),3(984)], numOfContainers=3, numOfBlocks=553
2019-07-13 08:33:40,147 INFO  commandhandler.DeleteBlocksCommandHandler (DeleteBlocksCommandHandler.java:handle(106)) - Start to delete container blocks, TXIDs=[1(0),2(0),3(0)], numOfContainers=3, numOfBlocks=553
2019-07-13 08:33:40,162 INFO  block.SCMBlockDeletingService (SCMBlockDeletingService.java:call(182)) - Totally added 3 delete blocks command for 1 datanodes, task elapsed time: 332ms
2019-07-13 08:33:40,165 INFO  impl.LeaderElection (LeaderElection.java:askForVotes(181)) - 912a7d3b-e3f1-4985-b06b-5f0a929b8060:group-3636E5E7603C:LeaderElection2: begin an election at term 2 for 0: [912a7d3b-e3f1-4985-b06b-5f0a929b8060:192.168.69.96:41276], old=null
2019-07-13 08:33:40,166 INFO  impl.RoleInfo (RoleInfo.java:shutdownLeaderElection(134)) - 912a7d3b-e3f1-4985-b06b-5f0a929b8060: shutdown LeaderElection
2019-07-13 08:33:40,166 INFO  impl.RaftServerImpl (RaftServerImpl.java:setRole(171)) - 912a7d3b-e3f1-4985-b06b-5f0a929b8060:group-3636E5E7603C changes role from CANDIDATE to LEADER at term 2 for changeToLeader
2019-07-13 08:33:40,166 INFO  impl.RaftServerImpl (ServerState.java:setLeader(263)) - 912a7d3b-e3f1-4985-b06b-5f0a929b8060:group-3636E5E7603C change Leader from null to 912a7d3b-e3f1-4985-b06b-5f0a929b8060 at term 2 for becomeLeader, leader elected after 8525ms
2019-07-13 08:33:40,167 INFO  server.RaftServerConfigKeys (ConfUtils.java:logGet(43)) - raft.server.staging.catchup.gap = 1000 (default)
2019-07-13 08:33:40,167 INFO  server.RaftServerConfigKeys (ConfUtils.java:logGet(43)) - raft.server.rpc.sleep.time = 25ms (default)
2019-07-13 08:33:40,168 INFO  server.RaftServerConfigKeys (ConfUtils.java:logGet(43)) - raft.server.write.element-limit = 4096 (default)
2019-07-13 08:33:40,168 INFO  server.RaftServerConfigKeys (ConfUtils.java:logGet(43)) - raft.server.watch.timeout = 10s (default)
2019-07-13 08:33:40,168 INFO  server.RaftServerConfigKeys (ConfUtils.java:logGet(43)) - raft.server.watch.timeout.denomination = 1s (default)
2019-07-13 08:33:40,168 INFO  server.RaftServerConfigKeys (ConfUtils.java:logGet(43)) - raft.server.watch.element-limit = 65536 (default)
2019-07-13 08:33:40,169 INFO  impl.RoleInfo (RoleInfo.java:updateAndGet(143)) - 912a7d3b-e3f1-4985-b06b-5f0a929b8060: start LeaderState
2019-07-13 08:33:40,170 INFO  segmented.SegmentedRaftLogWorker (SegmentedRaftLogWorker.java:rollLogSegment(385)) - 912a7d3b-e3f1-4985-b06b-5f0a929b8060-SegmentedRaftLogWorker:Storage Directory /tmp/workdir/hadoop-ozone/integration-test/target/test-dir/MiniOzoneClusterImpl-fcf0d58b-7225-411a-ad54-b01eec0cccf5/datanode-0/data/ratis/79064fed-927d-47b0-99ab-3636e5e7603c: Rolling segment log-4036_6238 to index:6238
2019-07-13 08:33:40,173 INFO  segmented.SegmentedRaftLogWorker (SegmentedRaftLogWorker.java:execute(526)) - 912a7d3b-e3f1-4985-b06b-5f0a929b8060-SegmentedRaftLogWorker:Storage Directory /tmp/workdir/hadoop-ozone/integration-test/target/test-dir/MiniOzoneClusterImpl-fcf0d58b-7225-411a-ad54-b01eec0cccf5/datanode-0/data/ratis/79064fed-927d-47b0-99ab-3636e5e7603c: Rolled log segment from /tmp/workdir/hadoop-ozone/integration-test/target/test-dir/MiniOzoneClusterImpl-fcf0d58b-7225-411a-ad54-b01eec0cccf5/datanode-0/data/ratis/79064fed-927d-47b0-99ab-3636e5e7603c/current/log_inprogress_4036 to /tmp/workdir/hadoop-ozone/integration-test/target/test-dir/MiniOzoneClusterImpl-fcf0d58b-7225-411a-ad54-b01eec0cccf5/datanode-0/data/ratis/79064fed-927d-47b0-99ab-3636e5e7603c/current/log_4036-6238
2019-07-13 08:33:40,173 INFO  impl.RaftServerImpl (ServerState.java:setRaftConf(361)) - 912a7d3b-e3f1-4985-b06b-5f0a929b8060:group-3636E5E7603C set configuration 6239: [912a7d3b-e3f1-4985-b06b-5f0a929b8060:192.168.69.96:41276], old=null at 6239
2019-07-13 08:33:40,205 INFO  commands.RetriableDatanodeEventWatcher (RetriableDatanodeEventWatcher.java:onTimeout(47)) - RetriableDatanodeCommand type=deleteBlocksCommand with id=1563006805850 timed out. Retrying.
2019-07-13 08:33:40,206 INFO  commands.RetriableDatanodeEventWatcher (RetriableDatanodeEventWatcher.java:onTimeout(47)) - RetriableDatanodeCommand type=deleteBlocksCommand with id=1563006805958 timed out. Retrying.
2019-07-13 08:33:40,209 INFO  commands.RetriableDatanodeEventWatcher (RetriableDatanodeEventWatcher.java:onTimeout(47)) - RetriableDatanodeCommand type=deleteBlocksCommand with id=1563006805880 timed out. Retrying.
2019-07-13 08:33:40,209 INFO  commands.RetriableDatanodeEventWatcher (RetriableDatanodeEventWatcher.java:onTimeout(47)) - RetriableDatanodeCommand type=deleteBlocksCommand with id=1563006805899 timed out. Retrying.
2019-07-13 08:33:40,209 INFO  commands.RetriableDatanodeEventWatcher (RetriableDatanodeEventWatcher.java:onTimeout(47)) - RetriableDatanodeCommand type=deleteBlocksCommand with id=1563006805909 timed out. Retrying.
2019-07-13 08:33:40,210 INFO  commands.RetriableDatanodeEventWatcher (RetriableDatanodeEventWatcher.java:onTimeout(47)) - RetriableDatanodeCommand type=deleteBlocksCommand with id=1563006805870 timed out. Retrying.
2019-07-13 08:33:40,210 INFO  commands.RetriableDatanodeEventWatcher (RetriableDatanodeEventWatcher.java:onTimeout(47)) - RetriableDatanodeCommand type=deleteBlocksCommand with id=1563006805889 timed out. Retrying.
2019-07-13 08:33:40,210 INFO  commands.RetriableDatanodeEventWatcher (RetriableDatanodeEventWatcher.java:onTimeout(47)) - RetriableDatanodeCommand type=deleteBlocksCommand with id=1563006805840 timed out. Retrying.
2019-07-13 08:33:40,210 INFO  commands.RetriableDatanodeEventWatcher (RetriableDatanodeEventWatcher.java:onTimeout(47)) - RetriableDatanodeCommand type=deleteBlocksCommand with id=1563006805919 timed out. Retrying.
2019-07-13 08:33:40,210 INFO  commands.RetriableDatanodeEventWatcher (RetriableDatanodeEventWatcher.java:onTimeout(47)) - RetriableDatanodeCommand type=deleteBlocksCommand with id=1563006805860 timed out. Retrying.
2019-07-13 08:33:40,211 INFO  commands.RetriableDatanodeEventWatcher (RetriableDatanodeEventWatcher.java:onTimeout(47)) - RetriableDatanodeCommand type=deleteBlocksCommand with id=1563006805929 timed out. Retrying.
2019-07-13 08:33:40,211 INFO  commands.RetriableDatanodeEventWatcher (RetriableDatanodeEventWatcher.java:onTimeout(47)) - RetriableDatanodeCommand type=deleteBlocksCommand with id=1563006805939 timed out. Retrying.
2019-07-13 08:33:40,218 INFO  commands.RetriableDatanodeEventWatcher (RetriableDatanodeEventWatcher.java:onTimeout(47)) - RetriableDatanodeCommand type=deleteBlocksCommand with id=1563006805949 timed out. Retrying.
2019-07-13 08:33:40,221 INFO  commands.RetriableDatanodeEventWatcher (RetriableDatanodeEventWatcher.java:onTimeout(47)) - RetriableDatanodeCommand type=deleteBlocksCommand with id=1563006805968 timed out. Retrying.
2019-07-13 08:33:40,230 INFO  commands.RetriableDatanodeEventWatcher (RetriableDatanodeEventWatcher.java:onTimeout(47)) - RetriableDatanodeCommand type=deleteBlocksCommand with id=1563006805890 timed out. Retrying.
2019-07-13 08:33:40,244 DEBUG block.DeletedBlockLogImpl (DeletedBlockLogImpl.java:isTransactionFailed(245)) - Got block deletion ACK from datanode, TXIDs=1, success=true
2019-07-13 08:33:40,245 DEBUG block.DeletedBlockLogImpl (DeletedBlockLogImpl.java:commitTransactions(227)) - Purging txId=1 from block deletion log
2019-07-13 08:33:40,246 DEBUG block.DeletedBlockLogImpl (DeletedBlockLogImpl.java:commitTransactions(231)) - Datanode txId=1 containerId=#1 committed by dnId=912a7d3b-e3f1-4985-b06b-5f0a929b8060
2019-07-13 08:33:40,246 DEBUG block.DeletedBlockLogImpl (DeletedBlockLogImpl.java:isTransactionFailed(245)) - Got block deletion ACK from datanode, TXIDs=2, success=true
2019-07-13 08:33:40,246 DEBUG block.DeletedBlockLogImpl (DeletedBlockLogImpl.java:commitTransactions(227)) - Purging txId=2 from block deletion log
2019-07-13 08:33:40,246 DEBUG block.DeletedBlockLogImpl (DeletedBlockLogImpl.java:commitTransactions(231)) - Datanode txId=2 containerId=#2 committed by dnId=912a7d3b-e3f1-4985-b06b-5f0a929b8060
2019-07-13 08:33:40,246 DEBUG block.DeletedBlockLogImpl (DeletedBlockLogImpl.java:isTransactionFailed(245)) - Got block deletion ACK from datanode, TXIDs=3, success=true
2019-07-13 08:33:40,246 DEBUG block.DeletedBlockLogImpl (DeletedBlockLogImpl.java:commitTransactions(227)) - Purging txId=3 from block deletion log
2019-07-13 08:33:40,247 DEBUG block.DeletedBlockLogImpl (DeletedBlockLogImpl.java:commitTransactions(231)) - Datanode txId=3 containerId=#3 committed by dnId=912a7d3b-e3f1-4985-b06b-5f0a929b8060
2019-07-13 08:33:40,247 DEBUG block.DeletedBlockLogImpl (DeletedBlockLogImpl.java:isTransactionFailed(245)) - Got block deletion ACK from datanode, TXIDs=1, success=true
2019-07-13 08:33:40,247 WARN  block.DeletedBlockLogImpl (DeletedBlockLogImpl.java:commitTransactions(205)) - Transaction txId=1 commit by dnId=912a7d3b-e3f1-4985-b06b-5f0a929b8060 for containerID=#1 failed. Corresponding entry not found.
2019-07-13 08:33:40,247 DEBUG block.DeletedBlockLogImpl (DeletedBlockLogImpl.java:isTransactionFailed(245)) - Got block deletion ACK from datanode, TXIDs=1, success=true
2019-07-13 08:33:40,247 WARN  block.DeletedBlockLogImpl (DeletedBlockLogImpl.java:commitTransactions(205)) - Transaction txId=1 commit by dnId=912a7d3b-e3f1-4985-b06b-5f0a929b8060 for containerID=#1 failed. Corresponding entry not found.
2019-07-13 08:33:40,247 DEBUG block.DeletedBlockLogImpl (DeletedBlockLogImpl.java:isTransactionFailed(245)) - Got block deletion ACK from datanode, TXIDs=1, success=true
2019-07-13 08:33:40,247 WARN  block.DeletedBlockLogImpl (DeletedBlockLogImpl.java:commitTransactions(205)) - Transaction txId=1 commit by dnId=912a7d3b-e3f1-4985-b06b-5f0a929b8060 for containerID=#1 failed. Corresponding entry not found.
2019-07-13 08:33:40,247 DEBUG block.DeletedBlockLogImpl (DeletedBlockLogImpl.java:isTransactionFailed(245)) - Got block deletion ACK from datanode, TXIDs=1, success=true
2019-07-13 08:33:40,247 WARN  block.DeletedBlockLogImpl (DeletedBlockLogImpl.java:commitTransactions(205)) - Transaction txId=1 commit by dnId=912a7d3b-e3f1-4985-b06b-5f0a929b8060 for containerID=#1 failed. Corresponding entry not found.
2019-07-13 08:33:40,248 DEBUG block.DeletedBlockLogImpl (DeletedBlockLogImpl.java:isTransactionFailed(245)) - Got block deletion ACK from datanode, TXIDs=1, success=true
2019-07-13 08:33:40,248 WARN  block.DeletedBlockLogImpl (DeletedBlockLogImpl.java:commitTransactions(205)) - Transaction txId=1 commit by dnId=912a7d3b-e3f1-4985-b06b-5f0a929b8060 for containerID=#1 failed. Corresponding entry not found.
2019-07-13 08:33:40,248 DEBUG block.DeletedBlockLogImpl (DeletedBlockLogImpl.java:isTransactionFailed(245)) - Got block deletion ACK from datanode, TXIDs=1, success=true
2019-07-13 08:33:40,248 WARN  block.DeletedBlockLogImpl (DeletedBlockLogImpl.java:commitTransactions(205)) - Transaction txId=1 commit by dnId=912a7d3b-e3f1-4985-b06b-5f0a929b8060 for containerID=#1 failed. Corresponding entry not found.
2019-07-13 08:33:40,248 DEBUG block.DeletedBlockLogImpl (DeletedBlockLogImpl.java:isTransactionFailed(245)) - Got block deletion ACK from datanode, TXIDs=1, success=true
2019-07-13 08:33:40,248 WARN  block.DeletedBlockLogImpl (DeletedBlockLogImpl.java:commitTransactions(205)) - Transaction txId=1 commit by dnId=912a7d3b-e3f1-4985-b06b-5f0a929b8060 for containerID=#1 failed. Corresponding entry not found.
2019-07-13 08:33:40,248 DEBUG block.DeletedBlockLogImpl (DeletedBlockLogImpl.java:isTransactionFailed(245)) - Got block deletion ACK from datanode, TXIDs=1, success=true
2019-07-13 08:33:40,248 WARN  block.DeletedBlockLogImpl (DeletedBlockLogImpl.java:commitTransactions(205)) - Transaction txId=1 commit by dnId=912a7d3b-e3f1-4985-b06b-5f0a929b8060 for containerID=#1 failed. Corresponding entry not found.
2019-07-13 08:33:40,248 DEBUG block.DeletedBlockLogImpl (DeletedBlockLogImpl.java:isTransactionFailed(245)) - Got block deletion ACK from datanode, TXIDs=1, success=true
2019-07-13 08:33:40,248 WARN  block.DeletedBlockLogImpl (DeletedBlockLogImpl.java:commitTransactions(205)) - Transaction txId=1 commit by dnId=912a7d3b-e3f1-4985-b06b-5f0a929b8060 for containerID=#1 failed. Corresponding entry not found.
2019-07-13 08:33:40,249 DEBUG block.DeletedBlockLogImpl (DeletedBlockLogImpl.java:isTransactionFailed(245)) - Got block deletion ACK from datanode, TXIDs=1, success=true
2019-07-13 08:33:40,249 WARN  block.DeletedBlockLogImpl (DeletedBlockLogImpl.java:commitTransactions(205)) - Transaction txId=1 commit by dnId=912a7d3b-e3f1-4985-b06b-5f0a929b8060 for containerID=#1 failed. Corresponding entry not found.
2019-07-13 08:33:40,249 DEBUG block.DeletedBlockLogImpl (DeletedBlockLogImpl.java:isTransactionFailed(245)) - Got block deletion ACK from datanode, TXIDs=1, success=true
2019-07-13 08:33:40,249 WARN  block.DeletedBlockLogImpl (DeletedBlockLogImpl.java:commitTransactions(205)) - Transaction txId=1 commit by dnId=912a7d3b-e3f1-4985-b06b-5f0a929b8060 for containerID=#1 failed. Corresponding entry not found.
2019-07-13 08:33:40,249 DEBUG block.DeletedBlockLogImpl (DeletedBlockLogImpl.java:isTransactionFailed(245)) - Got block deletion ACK from datanode, TXIDs=1, success=true
2019-07-13 08:33:40,249 WARN  block.DeletedBlockLogImpl (DeletedBlockLogImpl.java:commitTransactions(205)) - Transaction txId=1 commit by dnId=912a7d3b-e3f1-4985-b06b-5f0a929b8060 for containerID=#1 failed. Corresponding entry not found.
2019-07-13 08:33:40,249 DEBUG block.DeletedBlockLogImpl (DeletedBlockLogImpl.java:isTransactionFailed(245)) - Got block deletion ACK from datanode, TXIDs=1, success=true
2019-07-13 08:33:40,249 WARN  block.DeletedBlockLogImpl (DeletedBlockLogImpl.java:commitTransactions(205)) - Transaction txId=1 commit by dnId=912a7d3b-e3f1-4985-b06b-5f0a929b8060 for containerID=#1 failed. Corresponding entry not found.
2019-07-13 08:33:40,249 DEBUG block.DeletedBlockLogImpl (DeletedBlockLogImpl.java:isTransactionFailed(245)) - Got block deletion ACK from datanode, TXIDs=1, success=true
2019-07-13 08:33:40,249 WARN  block.DeletedBlockLogImpl (DeletedBlockLogImpl.java:commitTransactions(205)) - Transaction txId=1 commit by dnId=912a7d3b-e3f1-4985-b06b-5f0a929b8060 for containerID=#1 failed. Corresponding entry not found.
2019-07-13 08:33:40,250 DEBUG block.DeletedBlockLogImpl (DeletedBlockLogImpl.java:isTransactionFailed(245)) - Got block deletion ACK from datanode, TXIDs=1, success=true
2019-07-13 08:33:40,250 WARN  block.DeletedBlockLogImpl (DeletedBlockLogImpl.java:commitTransactions(205)) - Transaction txId=1 commit by dnId=912a7d3b-e3f1-4985-b06b-5f0a929b8060 for containerID=#1 failed. Corresponding entry not found.
2019-07-13 08:33:40,250 DEBUG block.DeletedBlockLogImpl (DeletedBlockLogImpl.java:isTransactionFailed(245)) - Got block deletion ACK from datanode, TXIDs=1, success=true
2019-07-13 08:33:40,250 WARN  block.DeletedBlockLogImpl (DeletedBlockLogImpl.java:commitTransactions(205)) - Transaction txId=1 commit by dnId=912a7d3b-e3f1-4985-b06b-5f0a929b8060 for containerID=#1 failed. Corresponding entry not found.
2019-07-13 08:33:40,250 DEBUG block.DeletedBlockLogImpl (DeletedBlockLogImpl.java:isTransactionFailed(245)) - Got block deletion ACK from datanode, TXIDs=1, success=true
2019-07-13 08:33:40,250 WARN  block.DeletedBlockLogImpl (DeletedBlockLogImpl.java:commitTransactions(205)) - Transaction txId=1 commit by dnId=912a7d3b-e3f1-4985-b06b-5f0a929b8060 for containerID=#1 failed. Corresponding entry not found.
2019-07-13 08:33:40,250 DEBUG block.DeletedBlockLogImpl (DeletedBlockLogImpl.java:isTransactionFailed(245)) - Got block deletion ACK from datanode, TXIDs=1, success=true
2019-07-13 08:33:40,250 WARN  block.DeletedBlockLogImpl (DeletedBlockLogImpl.java:commitTransactions(205)) - Transaction txId=1 commit by dnId=912a7d3b-e3f1-4985-b06b-5f0a929b8060 for containerID=#1 failed. Corresponding entry not found.
2019-07-13 08:33:40,250 DEBUG block.DeletedBlockLogImpl (DeletedBlockLogImpl.java:isTransactionFailed(245)) - Got block deletion ACK from datanode, TXIDs=1, success=true
2019-07-13 08:33:40,250 WARN  block.DeletedBlockLogImpl (DeletedBlockLogImpl.java:commitTransactions(205)) - Transaction txId=1 commit by dnId=912a7d3b-e3f1-4985-b06b-5f0a929b8060 for containerID=#1 failed. Corresponding entry not found.
2019-07-13 08:33:40,251 DEBUG block.DeletedBlockLogImpl (DeletedBlockLogImpl.java:isTransactionFailed(245)) - Got block deletion ACK from datanode, TXIDs=1, success=true
2019-07-13 08:33:40,251 WARN  block.DeletedBlockLogImpl (DeletedBlockLogImpl.java:commitTransactions(205)) - Transaction txId=1 commit by dnId=912a7d3b-e3f1-4985-b06b-5f0a929b8060 for containerID=#1 failed. Corresponding entry not found.
2019-07-13 08:33:40,251 WARN  block.DeletedBlockLogImpl (DeletedBlockLogImpl.java:incrementCount(141)) - Deleted TXID not found.
2019-07-13 08:33:40,251 WARN  block.DeletedBlockLogImpl (DeletedBlockLogImpl.java:incrementCount(141)) - Deleted TXID not found.
2019-07-13 08:33:40,251 WARN  block.DeletedBlockLogImpl (DeletedBlockLogImpl.java:incrementCount(141)) - Deleted TXID not found.
2019-07-13 08:33:40,251 DEBUG block.DeletedBlockLogImpl (DeletedBlockLogImpl.java:isTransactionFailed(245)) - Got block deletion ACK from datanode, TXIDs=1, success=true
2019-07-13 08:33:40,251 WARN  block.DeletedBlockLogImpl (DeletedBlockLogImpl.java:commitTransactions(205)) - Transaction txId=1 commit by dnId=912a7d3b-e3f1-4985-b06b-5f0a929b8060 for containerID=#1 failed. Corresponding entry not found.
2019-07-13 08:33:40,252 WARN  block.DeletedBlockLogImpl (DeletedBlockLogImpl.java:incrementCount(141)) - Deleted TXID not found.
2019-07-13 08:33:40,252 WARN  block.DeletedBlockLogImpl (DeletedBlockLogImpl.java:incrementCount(141)) - Deleted TXID not found.
2019-07-13 08:33:40,252 WARN  block.DeletedBlockLogImpl (DeletedBlockLogImpl.java:incrementCount(141)) - Deleted TXID not found.
2019-07-13 08:33:40,252 DEBUG block.DeletedBlockLogImpl (DeletedBlockLogImpl.java:isTransactionFailed(245)) - Got block deletion ACK from datanode, TXIDs=1, success=true
2019-07-13 08:33:40,252 WARN  block.DeletedBlockLogImpl (DeletedBlockLogImpl.java:commitTransactions(205)) - Transaction txId=1 commit by dnId=912a7d3b-e3f1-4985-b06b-5f0a929b8060 for containerID=#1 failed. Corresponding entry not found.
2019-07-13 08:33:40,252 DEBUG block.DeletedBlockLogImpl (DeletedBlockLogImpl.java:isTransactionFailed(245)) - Got block deletion ACK from datanode, TXIDs=1, success=true
2019-07-13 08:33:40,252 WARN  block.DeletedBlockLogImpl (DeletedBlockLogImpl.java:commitTransactions(205)) - Transaction txId=1 commit by dnId=912a7d3b-e3f1-4985-b06b-5f0a929b8060 for containerID=#1 failed. Corresponding entry not found.
2019-07-13 08:33:40,252 WARN  block.DeletedBlockLogImpl (DeletedBlockLogImpl.java:incrementCount(141)) - Deleted TXID not found.
2019-07-13 08:33:40,252 WARN  block.DeletedBlockLogImpl (DeletedBlockLogImpl.java:incrementCount(141)) - Deleted TXID not found.
2019-07-13 08:33:40,253 WARN  block.DeletedBlockLogImpl (DeletedBlockLogImpl.java:incrementCount(141)) - Deleted TXID not found.
2019-07-13 08:33:40,253 DEBUG block.DeletedBlockLogImpl (DeletedBlockLogImpl.java:isTransactionFailed(245)) - Got block deletion ACK from datanode, TXIDs=1, success=true
2019-07-13 08:33:40,253 WARN  block.DeletedBlockLogImpl (DeletedBlockLogImpl.java:commitTransactions(205)) - Transaction txId=1 commit by dnId=912a7d3b-e3f1-4985-b06b-5f0a929b8060 for containerID=#1 failed. Corresponding entry not found.
2019-07-13 08:33:40,253 DEBUG block.DeletedBlockLogImpl (DeletedBlockLogImpl.java:isTransactionFailed(245)) - Got block deletion ACK from datanode, TXIDs=1, success=true
2019-07-13 08:33:40,253 WARN  block.DeletedBlockLogImpl (DeletedBlockLogImpl.java:commitTransactions(205)) - Transaction txId=1 commit by dnId=912a7d3b-e3f1-4985-b06b-5f0a929b8060 for containerID=#1 failed. Corresponding entry not found.
2019-07-13 08:33:40,253 WARN  block.DeletedBlockLogImpl (DeletedBlockLogImpl.java:incrementCount(141)) - Deleted TXID not found.
2019-07-13 08:33:40,253 WARN  block.DeletedBlockLogImpl (DeletedBlockLogImpl.java:incrementCount(141)) - Deleted TXID not found.
2019-07-13 08:33:40,253 WARN  block.DeletedBlockLogImpl (DeletedBlockLogImpl.java:incrementCount(141)) - Deleted TXID not found.
2019-07-13 08:33:40,253 DEBUG block.DeletedBlockLogImpl (DeletedBlockLogImpl.java:isTransactionFailed(245)) - Got block deletion ACK from datanode, TXIDs=1, success=true
2019-07-13 08:33:40,254 WARN  block.DeletedBlockLogImpl (DeletedBlockLogImpl.java:commitTransactions(205)) - Transaction txId=1 commit by dnId=912a7d3b-e3f1-4985-b06b-5f0a929b8060 for containerID=#1 failed. Corresponding entry not found.
2019-07-13 08:33:40,254 DEBUG block.DeletedBlockLogImpl (DeletedBlockLogImpl.java:isTransactionFailed(245)) - Got block deletion ACK from datanode, TXIDs=1, success=true
2019-07-13 08:33:40,254 WARN  block.DeletedBlockLogImpl (DeletedBlockLogImpl.java:commitTransactions(205)) - Transaction txId=1 commit by dnId=912a7d3b-e3f1-4985-b06b-5f0a929b8060 for containerID=#1 failed. Corresponding entry not found.
2019-07-13 08:33:40,254 DEBUG block.DeletedBlockLogImpl (DeletedBlockLogImpl.java:isTransactionFailed(245)) - Got block deletion ACK from datanode, TXIDs=1, success=true
2019-07-13 08:33:40,254 WARN  block.DeletedBlockLogImpl (DeletedBlockLogImpl.java:commitTransactions(205)) - Transaction txId=1 commit by dnId=912a7d3b-e3f1-4985-b06b-5f0a929b8060 for containerID=#1 failed. Corresponding entry not found.
2019-07-13 08:33:40,254 DEBUG block.DeletedBlockLogImpl (DeletedBlockLogImpl.java:isTransactionFailed(245)) - Got block deletion ACK from datanode, TXIDs=1, success=true
2019-07-13 08:33:40,254 WARN  block.DeletedBlockLogImpl (DeletedBlockLogImpl.java:commitTransactions(205)) - Transaction txId=1 commit by dnId=912a7d3b-e3f1-4985-b06b-5f0a929b8060 for containerID=#1 failed. Corresponding entry not found.
2019-07-13 08:33:40,254 DEBUG block.DeletedBlockLogImpl (DeletedBlockLogImpl.java:isTransactionFailed(245)) - Got block deletion ACK from datanode, TXIDs=1, success=true
2019-07-13 08:33:40,254 WARN  block.DeletedBlockLogImpl (DeletedBlockLogImpl.java:commitTransactions(205)) - Transaction txId=1 commit by dnId=912a7d3b-e3f1-4985-b06b-5f0a929b8060 for containerID=#1 failed. Corresponding entry not found.
2019-07-13 08:33:40,254 DEBUG block.DeletedBlockLogImpl (DeletedBlockLogImpl.java:isTransactionFailed(245)) - Got block deletion ACK from datanode, TXIDs=1, success=true
2019-07-13 08:33:40,254 WARN  block.DeletedBlockLogImpl (DeletedBlockLogImpl.java:commitTransactions(205)) - Transaction txId=1 commit by dnId=912a7d3b-e3f1-4985-b06b-5f0a929b8060 for containerID=#1 failed. Corresponding entry not found.
2019-07-13 08:33:40,255 DEBUG block.DeletedBlockLogImpl (DeletedBlockLogImpl.java:isTransactionFailed(245)) - Got block deletion ACK from datanode, TXIDs=1, success=true
2019-07-13 08:33:40,255 WARN  block.DeletedBlockLogImpl (DeletedBlockLogImpl.java:commitTransactions(205)) - Transaction txId=1 commit by dnId=912a7d3b-e3f1-4985-b06b-5f0a929b8060 for containerID=#1 failed. Corresponding entry not found.
2019-07-13 08:33:40,255 DEBUG block.DeletedBlockLogImpl (DeletedBlockLogImpl.java:isTransactionFailed(245)) - Got block deletion ACK from datanode, TXIDs=1, success=true
2019-07-13 08:33:40,255 WARN  block.DeletedBlockLogImpl (DeletedBlockLogImpl.java:commitTransactions(205)) - Transaction txId=1 commit by dnId=912a7d3b-e3f1-4985-b06b-5f0a929b8060 for containerID=#1 failed. Corresponding entry not found.
2019-07-13 08:33:40,255 DEBUG block.DeletedBlockLogImpl (DeletedBlockLogImpl.java:isTransactionFailed(245)) - Got block deletion ACK from datanode, TXIDs=1, success=true
2019-07-13 08:33:40,255 WARN  block.DeletedBlockLogImpl (DeletedBlockLogImpl.java:commitTransactions(205)) - Transaction txId=1 commit by dnId=912a7d3b-e3f1-4985-b06b-5f0a929b8060 for containerID=#1 failed. Corresponding entry not found.
2019-07-13 08:33:40,255 DEBUG block.DeletedBlockLogImpl (DeletedBlockLogImpl.java:isTransactionFailed(245)) - Got block deletion ACK from datanode, TXIDs=1, success=true
2019-07-13 08:33:40,255 WARN  block.DeletedBlockLogImpl (DeletedBlockLogImpl.java:commitTransactions(205)) - Transaction txId=1 commit by dnId=912a7d3b-e3f1-4985-b06b-5f0a929b8060 for containerID=#1 failed. Corresponding entry not found.
2019-07-13 08:33:40,255 DEBUG block.DeletedBlockLogImpl (DeletedBlockLogImpl.java:isTransactionFailed(245)) - Got block deletion ACK from datanode, TXIDs=1, success=true
2019-07-13 08:33:40,255 WARN  block.DeletedBlockLogImpl (DeletedBlockLogImpl.java:commitTransactions(205)) - Transaction txId=1 commit by dnId=912a7d3b-e3f1-4985-b06b-5f0a929b8060 for containerID=#1 failed. Corresponding entry not found.
2019-07-13 08:33:40,256 DEBUG block.DeletedBlockLogImpl (DeletedBlockLogImpl.java:isTransactionFailed(245)) - Got block deletion ACK from datanode, TXIDs=1, success=true
2019-07-13 08:33:40,256 WARN  block.DeletedBlockLogImpl (DeletedBlockLogImpl.java:commitTransactions(205)) - Transaction txId=1 commit by dnId=912a7d3b-e3f1-4985-b06b-5f0a929b8060 for containerID=#1 failed. Corresponding entry not found.
2019-07-13 08:33:40,256 DEBUG block.DeletedBlockLogImpl (DeletedBlockLogImpl.java:isTransactionFailed(245)) - Got block deletion ACK from datanode, TXIDs=1, success=true
2019-07-13 08:33:40,256 WARN  block.DeletedBlockLogImpl (DeletedBlockLogImpl.java:commitTransactions(205)) - Transaction txId=1 commit by dnId=912a7d3b-e3f1-4985-b06b-5f0a929b8060 for containerID=#1 failed. Corresponding entry not found.
2019-07-13 08:33:40,256 DEBUG block.DeletedBlockLogImpl (DeletedBlockLogImpl.java:isTransactionFailed(245)) - Got block deletion ACK from datanode, TXIDs=1, success=true
2019-07-13 08:33:40,256 WARN  block.DeletedBlockLogImpl (DeletedBlockLogImpl.java:commitTransactions(205)) - Transaction txId=1 commit by dnId=912a7d3b-e3f1-4985-b06b-5f0a929b8060 for containerID=#1 failed. Corresponding entry not found.
2019-07-13 08:33:40,256 DEBUG block.DeletedBlockLogImpl (DeletedBlockLogImpl.java:isTransactionFailed(245)) - Got block deletion ACK from datanode, TXIDs=1, success=true
2019-07-13 08:33:40,256 WARN  block.DeletedBlockLogImpl (DeletedBlockLogImpl.java:commitTransactions(205)) - Transaction txId=1 commit by dnId=912a7d3b-e3f1-4985-b06b-5f0a929b8060 for containerID=#1 failed. Corresponding entry not found.
2019-07-13 08:33:40,256 DEBUG block.DeletedBlockLogImpl (DeletedBlockLogImpl.java:isTransactionFailed(245)) - Got block deletion ACK from datanode, TXIDs=1, success=true
2019-07-13 08:33:40,256 WARN  block.DeletedBlockLogImpl (DeletedBlockLogImpl.java:commitTransactions(205)) - Transaction txId=1 commit by dnId=912a7d3b-e3f1-4985-b06b-5f0a929b8060 for containerID=#1 failed. Corresponding entry not found.
2019-07-13 08:33:40,257 DEBUG block.DeletedBlockLogImpl (DeletedBlockLogImpl.java:isTransactionFailed(245)) - Got block deletion ACK from datanode, TXIDs=1, success=true
2019-07-13 08:33:40,257 WARN  block.DeletedBlockLogImpl (DeletedBlockLogImpl.java:commitTransactions(205)) - Transaction txId=1 commit by dnId=912a7d3b-e3f1-4985-b06b-5f0a929b8060 for containerID=#1 failed. Corresponding entry not found.
2019-07-13 08:33:40,257 DEBUG block.DeletedBlockLogImpl (DeletedBlockLogImpl.java:isTransactionFailed(245)) - Got block deletion ACK from datanode, TXIDs=1, success=true
2019-07-13 08:33:40,257 WARN  block.DeletedBlockLogImpl (DeletedBlockLogImpl.java:commitTransactions(205)) - Transaction txId=1 commit by dnId=912a7d3b-e3f1-4985-b06b-5f0a929b8060 for containerID=#1 failed. Corresponding entry not found.
2019-07-13 08:33:40,257 DEBUG block.DeletedBlockLogImpl (DeletedBlockLogImpl.java:isTransactionFailed(245)) - Got block deletion ACK from datanode, TXIDs=1, success=true
2019-07-13 08:33:40,257 WARN  block.DeletedBlockLogImpl (DeletedBlockLogImpl.java:commitTransactions(205)) - Transaction txId=1 commit by dnId=912a7d3b-e3f1-4985-b06b-5f0a929b8060 for containerID=#1 failed. Corresponding entry not found.
2019-07-13 08:33:40,257 DEBUG block.DeletedBlockLogImpl (DeletedBlockLogImpl.java:isTransactionFailed(245)) - Got block deletion ACK from datanode, TXIDs=1, success=true
2019-07-13 08:33:40,257 WARN  block.DeletedBlockLogImpl (DeletedBlockLogImpl.java:commitTransactions(205)) - Transaction txId=1 commit by dnId=912a7d3b-e3f1-4985-b06b-5f0a929b8060 for containerID=#1 failed. Corresponding entry not found.
2019-07-13 08:33:40,257 DEBUG block.DeletedBlockLogImpl (DeletedBlockLogImpl.java:isTransactionFailed(245)) - Got block deletion ACK from datanode, TXIDs=1, success=true
2019-07-13 08:33:40,257 WARN  block.DeletedBlockLogImpl (DeletedBlockLogImpl.java:commitTransactions(205)) - Transaction txId=1 commit by dnId=912a7d3b-e3f1-4985-b06b-5f0a929b8060 for containerID=#1 failed. Corresponding entry not found.
2019-07-13 08:33:40,257 DEBUG block.DeletedBlockLogImpl (DeletedBlockLogImpl.java:isTransactionFailed(245)) - Got block deletion ACK from datanode, TXIDs=1, success=true
2019-07-13 08:33:40,258 WARN  block.DeletedBlockLogImpl (DeletedBlockLogImpl.java:commitTransactions(205)) - Transaction txId=1 commit by dnId=912a7d3b-e3f1-4985-b06b-5f0a929b8060 for containerID=#1 failed. Corresponding entry not found.
2019-07-13 08:33:40,258 DEBUG block.DeletedBlockLogImpl (DeletedBlockLogImpl.java:isTransactionFailed(245)) - Got block deletion ACK from datanode, TXIDs=1, success=true
2019-07-13 08:33:40,258 WARN  block.DeletedBlockLogImpl (DeletedBlockLogImpl.java:commitTransactions(205)) - Transaction txId=1 commit by dnId=912a7d3b-e3f1-4985-b06b-5f0a929b8060 for containerID=#1 failed. Corresponding entry not found.
2019-07-13 08:33:40,258 DEBUG block.DeletedBlockLogImpl (DeletedBlockLogImpl.java:isTransactionFailed(245)) - Got block deletion ACK from datanode, TXIDs=1, success=true
2019-07-13 08:33:40,258 WARN  block.DeletedBlockLogImpl (DeletedBlockLogImpl.java:commitTransactions(205)) - Transaction txId=1 commit by dnId=912a7d3b-e3f1-4985-b06b-5f0a929b8060 for containerID=#1 failed. Corresponding entry not found.
2019-07-13 08:33:40,258 DEBUG block.DeletedBlockLogImpl (DeletedBlockLogImpl.java:isTransactionFailed(245)) - Got block deletion ACK from datanode, TXIDs=1, success=true
2019-07-13 08:33:40,258 WARN  block.DeletedBlockLogImpl (DeletedBlockLogImpl.java:commitTransactions(205)) - Transaction txId=1 commit by dnId=912a7d3b-e3f1-4985-b06b-5f0a929b8060 for containerID=#1 failed. Corresponding entry not found.
2019-07-13 08:33:40,258 DEBUG block.DeletedBlockLogImpl (DeletedBlockLogImpl.java:isTransactionFailed(245)) - Got block deletion ACK from datanode, TXIDs=1, success=true
2019-07-13 08:33:40,258 WARN  block.DeletedBlockLogImpl (DeletedBlockLogImpl.java:commitTransactions(205)) - Transaction txId=1 commit by dnId=912a7d3b-e3f1-4985-b06b-5f0a929b8060 for containerID=#1 failed. Corresponding entry not found.
2019-07-13 08:33:40,258 DEBUG block.DeletedBlockLogImpl (DeletedBlockLogImpl.java:isTransactionFailed(245)) - Got block deletion ACK from datanode, TXIDs=1, success=true
2019-07-13 08:33:40,259 WARN  block.DeletedBlockLogImpl (DeletedBlockLogImpl.java:commitTransactions(205)) - Transaction txId=1 commit by dnId=912a7d3b-e3f1-4985-b06b-5f0a929b8060 for containerID=#1 failed. Corresponding entry not found.
2019-07-13 08:33:40,259 DEBUG block.DeletedBlockLogImpl (DeletedBlockLogImpl.java:isTransactionFailed(245)) - Got block deletion ACK from datanode, TXIDs=1, success=true
2019-07-13 08:33:40,259 WARN  block.DeletedBlockLogImpl (DeletedBlockLogImpl.java:commitTransactions(205)) - Transaction txId=1 commit by dnId=912a7d3b-e3f1-4985-b06b-5f0a929b8060 for containerID=#1 failed. Corresponding entry not found.
2019-07-13 08:33:40,259 DEBUG block.DeletedBlockLogImpl (DeletedBlockLogImpl.java:isTransactionFailed(245)) - Got block deletion ACK from datanode, TXIDs=1, success=true
2019-07-13 08:33:40,259 WARN  block.DeletedBlockLogImpl (DeletedBlockLogImpl.java:commitTransactions(205)) - Transaction txId=1 commit by dnId=912a7d3b-e3f1-4985-b06b-5f0a929b8060 for containerID=#1 failed. Corresponding entry not found.
2019-07-13 08:33:40,259 DEBUG block.DeletedBlockLogImpl (DeletedBlockLogImpl.java:isTransactionFailed(245)) - Got block deletion ACK from datanode, TXIDs=1, success=true
2019-07-13 08:33:40,259 WARN  block.DeletedBlockLogImpl (DeletedBlockLogImpl.java:commitTransactions(205)) - Transaction txId=1 commit by dnId=912a7d3b-e3f1-4985-b06b-5f0a929b8060 for containerID=#1 failed. Corresponding entry not found.
2019-07-13 08:33:40,259 WARN  block.DeletedBlockLogImpl (DeletedBlockLogImpl.java:incrementCount(141)) - Deleted TXID not found.
2019-07-13 08:33:40,259 WARN  block.DeletedBlockLogImpl (DeletedBlockLogImpl.java:incrementCount(141)) - Deleted TXID not found.
2019-07-13 08:33:40,259 WARN  block.DeletedBlockLogImpl (DeletedBlockLogImpl.java:incrementCount(141)) - Deleted TXID not found.
2019-07-13 08:33:40,260 DEBUG block.DeletedBlockLogImpl (DeletedBlockLogImpl.java:isTransactionFailed(245)) - Got block deletion ACK from datanode, TXIDs=1, success=true
2019-07-13 08:33:40,260 WARN  block.DeletedBlockLogImpl (DeletedBlockLogImpl.java:commitTransactions(205)) - Transaction txId=1 commit by dnId=912a7d3b-e3f1-4985-b06b-5f0a929b8060 for containerID=#1 failed. Corresponding entry not found.
2019-07-13 08:33:40,260 DEBUG block.DeletedBlockLogImpl (DeletedBlockLogImpl.java:isTransactionFailed(245)) - Got block deletion ACK from datanode, TXIDs=1, success=true
2019-07-13 08:33:40,260 WARN  block.DeletedBlockLogImpl (DeletedBlockLogImpl.java:commitTransactions(205)) - Transaction txId=1 commit by dnId=912a7d3b-e3f1-4985-b06b-5f0a929b8060 for containerID=#1 failed. Corresponding entry not found.
2019-07-13 08:33:40,260 DEBUG block.DeletedBlockLogImpl (DeletedBlockLogImpl.java:isTransactionFailed(245)) - Got block deletion ACK from datanode, TXIDs=1, success=true
2019-07-13 08:33:40,260 WARN  block.DeletedBlockLogImpl (DeletedBlockLogImpl.java:commitTransactions(205)) - Transaction txId=1 commit by dnId=912a7d3b-e3f1-4985-b06b-5f0a929b8060 for containerID=#1 failed. Corresponding entry not found.
2019-07-13 08:33:40,260 DEBUG block.DeletedBlockLogImpl (DeletedBlockLogImpl.java:isTransactionFailed(245)) - Got block deletion ACK from datanode, TXIDs=1, success=true
2019-07-13 08:33:40,260 WARN  block.DeletedBlockLogImpl (DeletedBlockLogImpl.java:commitTransactions(205)) - Transaction txId=1 commit by dnId=912a7d3b-e3f1-4985-b06b-5f0a929b8060 for containerID=#1 failed. Corresponding entry not found.
2019-07-13 08:33:40,260 DEBUG block.DeletedBlockLogImpl (DeletedBlockLogImpl.java:isTransactionFailed(245)) - Got block deletion ACK from datanode, TXIDs=1, success=true
2019-07-13 08:33:40,260 WARN  block.DeletedBlockLogImpl (DeletedBlockLogImpl.java:commitTransactions(205)) - Transaction txId=1 commit by dnId=912a7d3b-e3f1-4985-b06b-5f0a929b8060 for containerID=#1 failed. Corresponding entry not found.
2019-07-13 08:33:40,260 DEBUG block.DeletedBlockLogImpl (DeletedBlockLogImpl.java:isTransactionFailed(245)) - Got block deletion ACK from datanode, TXIDs=1, success=true
2019-07-13 08:33:40,261 WARN  block.DeletedBlockLogImpl (DeletedBlockLogImpl.java:commitTransactions(205)) - Transaction txId=1 commit by dnId=912a7d3b-e3f1-4985-b06b-5f0a929b8060 for containerID=#1 failed. Corresponding entry not found.
2019-07-13 08:33:40,261 DEBUG block.DeletedBlockLogImpl (DeletedBlockLogImpl.java:isTransactionFailed(245)) - Got block deletion ACK from datanode, TXIDs=1, success=true
2019-07-13 08:33:40,261 WARN  block.DeletedBlockLogImpl (DeletedBlockLogImpl.java:commitTransactions(205)) - Transaction txId=1 commit by dnId=912a7d3b-e3f1-4985-b06b-5f0a929b8060 for containerID=#1 failed. Corresponding entry not found.
2019-07-13 08:33:40,261 WARN  block.DeletedBlockLogImpl (DeletedBlockLogImpl.java:incrementCount(141)) - Deleted TXID not found.
2019-07-13 08:33:40,261 WARN  block.DeletedBlockLogImpl (DeletedBlockLogImpl.java:incrementCount(141)) - Deleted TXID not found.
2019-07-13 08:33:40,261 WARN  block.DeletedBlockLogImpl (DeletedBlockLogImpl.java:incrementCount(141)) - Deleted TXID not found.
2019-07-13 08:33:40,261 DEBUG block.DeletedBlockLogImpl (DeletedBlockLogImpl.java:isTransactionFailed(245)) - Got block deletion ACK from datanode, TXIDs=1, success=true
2019-07-13 08:33:40,261 WARN  block.DeletedBlockLogImpl (DeletedBlockLogImpl.java:commitTransactions(205)) - Transaction txId=1 commit by dnId=912a7d3b-e3f1-4985-b06b-5f0a929b8060 for containerID=#1 failed. Corresponding entry not found.
2019-07-13 08:33:40,261 DEBUG block.DeletedBlockLogImpl (DeletedBlockLogImpl.java:isTransactionFailed(245)) - Got block deletion ACK from datanode, TXIDs=1, success=true
2019-07-13 08:33:40,261 WARN  block.DeletedBlockLogImpl (DeletedBlockLogImpl.java:commitTransactions(205)) - Transaction txId=1 commit by dnId=912a7d3b-e3f1-4985-b06b-5f0a929b8060 for containerID=#1 failed. Corresponding entry not found.
2019-07-13 08:33:40,262 WARN  block.DeletedBlockLogImpl (DeletedBlockLogImpl.java:incrementCount(141)) - Deleted TXID not found.
2019-07-13 08:33:40,262 WARN  block.DeletedBlockLogImpl (DeletedBlockLogImpl.java:incrementCount(141)) - Deleted TXID not found.
2019-07-13 08:33:40,262 WARN  block.DeletedBlockLogImpl (DeletedBlockLogImpl.java:incrementCount(141)) - Deleted TXID not found.
2019-07-13 08:33:40,262 DEBUG block.DeletedBlockLogImpl (DeletedBlockLogImpl.java:isTransactionFailed(245)) - Got block deletion ACK from datanode, TXIDs=1, success=true
2019-07-13 08:33:40,262 WARN  block.DeletedBlockLogImpl (DeletedBlockLogImpl.java:commitTransactions(205)) - Transaction txId=1 commit by dnId=912a7d3b-e3f1-4985-b06b-5f0a929b8060 for containerID=#1 failed. Corresponding entry not found.
2019-07-13 08:33:40,262 DEBUG block.DeletedBlockLogImpl (DeletedBlockLogImpl.java:isTransactionFailed(245)) - Got block deletion ACK from datanode, TXIDs=1, success=true
2019-07-13 08:33:40,262 WARN  block.DeletedBlockLogImpl (DeletedBlockLogImpl.java:commitTransactions(205)) - Transaction txId=1 commit by dnId=912a7d3b-e3f1-4985-b06b-5f0a929b8060 for containerID=#1 failed. Corresponding entry not found.
2019-07-13 08:33:40,262 DEBUG block.DeletedBlockLogImpl (DeletedBlockLogImpl.java:isTransactionFailed(245)) - Got block deletion ACK from datanode, TXIDs=1, success=true
2019-07-13 08:33:40,262 WARN  block.DeletedBlockLogImpl (DeletedBlockLogImpl.java:commitTransactions(205)) - Transaction txId=1 commit by dnId=912a7d3b-e3f1-4985-b06b-5f0a929b8060 for containerID=#1 failed. Corresponding entry not found.
2019-07-13 08:33:40,262 DEBUG block.DeletedBlockLogImpl (DeletedBlockLogImpl.java:isTransactionFailed(245)) - Got block deletion ACK from datanode, TXIDs=1, success=true
2019-07-13 08:33:40,263 WARN  block.DeletedBlockLogImpl (DeletedBlockLogImpl.java:commitTransactions(205)) - Transaction txId=1 commit by dnId=912a7d3b-e3f1-4985-b06b-5f0a929b8060 for containerID=#1 failed. Corresponding entry not found.
2019-07-13 08:33:40,263 DEBUG block.DeletedBlockLogImpl (DeletedBlockLogImpl.java:isTransactionFailed(245)) - Got block deletion ACK from datanode, TXIDs=1, success=true
2019-07-13 08:33:40,263 WARN  block.DeletedBlockLogImpl (DeletedBlockLogImpl.java:commitTransactions(205)) - Transaction txId=1 commit by dnId=912a7d3b-e3f1-4985-b06b-5f0a929b8060 for containerID=#1 failed. Corresponding entry not found.
2019-07-13 08:33:40,263 DEBUG block.DeletedBlockLogImpl (DeletedBlockLogImpl.java:isTransactionFailed(245)) - Got block deletion ACK from datanode, TXIDs=1, success=true
2019-07-13 08:33:40,263 DEBUG block.SCMBlockDeletingService (SCMBlockDeletingService.java:call(138)) - Running DeletedBlockTransactionScanner
2019-07-13 08:33:40,263 WARN  block.DeletedBlockLogImpl (DeletedBlockLogImpl.java:commitTransactions(205)) - Transaction txId=1 commit by dnId=912a7d3b-e3f1-4985-b06b-5f0a929b8060 for containerID=#1 failed. Corresponding entry not found.
2019-07-13 08:33:40,263 DEBUG block.DeletedBlockLogImpl (DeletedBlockLogImpl.java:isTransactionFailed(245)) - Got block deletion ACK from datanode, TXIDs=1, success=true
2019-07-13 08:33:40,263 WARN  block.DeletedBlockLogImpl (DeletedBlockLogImpl.java:commitTransactions(205)) - Transaction txId=1 commit by dnId=912a7d3b-e3f1-4985-b06b-5f0a929b8060 for containerID=#1 failed. Corresponding entry not found.
2019-07-13 08:33:40,263 DEBUG block.DeletedBlockLogImpl (DeletedBlockLogImpl.java:isTransactionFailed(245)) - Got block deletion ACK from datanode, TXIDs=1, success=true
2019-07-13 08:33:40,263 WARN  block.DeletedBlockLogImpl (DeletedBlockLogImpl.java:commitTransactions(205)) - Transaction txId=1 commit by dnId=912a7d3b-e3f1-4985-b06b-5f0a929b8060 for containerID=#1 failed. Corresponding entry not found.
2019-07-13 08:33:40,264 DEBUG block.DeletedBlockLogImpl (DeletedBlockLogImpl.java:isTransactionFailed(245)) - Got block deletion ACK from datanode, TXIDs=1, success=true
2019-07-13 08:33:40,264 WARN  block.DeletedBlockLogImpl (DeletedBlockLogImpl.java:commitTransactions(205)) - Transaction txId=1 commit by dnId=912a7d3b-e3f1-4985-b06b-5f0a929b8060 for containerID=#1 failed. Corresponding entry not found.
2019-07-13 08:33:40,264 DEBUG block.DeletedBlockLogImpl (DeletedBlockLogImpl.java:isTransactionFailed(245)) - Got block deletion ACK from datanode, TXIDs=1, success=true
2019-07-13 08:33:40,264 WARN  block.DeletedBlockLogImpl (DeletedBlockLogImpl.java:commitTransactions(205)) - Transaction txId=1 commit by dnId=912a7d3b-e3f1-4985-b06b-5f0a929b8060 for containerID=#1 failed. Corresponding entry not found.
2019-07-13 08:33:40,264 DEBUG block.DeletedBlockLogImpl (DeletedBlockLogImpl.java:isTransactionFailed(245)) - Got block deletion ACK from datanode, TXIDs=1, success=true
2019-07-13 08:33:40,264 WARN  block.DeletedBlockLogImpl (DeletedBlockLogImpl.java:commitTransactions(205)) - Transaction txId=1 commit by dnId=912a7d3b-e3f1-4985-b06b-5f0a929b8060 for containerID=#1 failed. Corresponding entry not found.
2019-07-13 08:33:40,264 DEBUG block.DeletedBlockLogImpl (DeletedBlockLogImpl.java:isTransactionFailed(245)) - Got block deletion ACK from datanode, TXIDs=1, success=true
2019-07-13 08:33:40,264 WARN  block.DeletedBlockLogImpl (DeletedBlockLogImpl.java:commitTransactions(205)) - Transaction txId=1 commit by dnId=912a7d3b-e3f1-4985-b06b-5f0a929b8060 for containerID=#1 failed. Corresponding entry not found.
2019-07-13 08:33:40,264 DEBUG block.DeletedBlockLogImpl (DeletedBlockLogImpl.java:isTransactionFailed(245)) - Got block deletion ACK from datanode, TXIDs=1, success=true
2019-07-13 08:33:40,264 WARN  block.DeletedBlockLogImpl (DeletedBlockLogImpl.java:commitTransactions(205)) - Transaction txId=1 commit by dnId=912a7d3b-e3f1-4985-b06b-5f0a929b8060 for containerID=#1 failed. Corresponding entry not found.
2019-07-13 08:33:40,264 DEBUG block.DeletedBlockLogImpl (DeletedBlockLogImpl.java:isTransactionFailed(245)) - Got block deletion ACK from datanode, TXIDs=1, success=true
2019-07-13 08:33:40,265 WARN  block.DeletedBlockLogImpl (DeletedBlockLogImpl.java:commitTransactions(205)) - Transaction txId=1 commit by dnId=912a7d3b-e3f1-4985-b06b-5f0a929b8060 for containerID=#1 failed. Corresponding entry not found.
2019-07-13 08:33:40,265 DEBUG block.DeletedBlockLogImpl (DeletedBlockLogImpl.java:isTransactionFailed(245)) - Got block deletion ACK from datanode, TXIDs=1, success=true
2019-07-13 08:33:40,265 WARN  block.DeletedBlockLogImpl (DeletedBlockLogImpl.java:commitTransactions(205)) - Transaction txId=1 commit by dnId=912a7d3b-e3f1-4985-b06b-5f0a929b8060 for containerID=#1 failed. Corresponding entry not found.
2019-07-13 08:33:40,265 DEBUG block.DeletedBlockLogImpl (DeletedBlockLogImpl.java:isTransactionFailed(245)) - Got block deletion ACK from datanode, TXIDs=1, success=true
2019-07-13 08:33:40,265 WARN  block.DeletedBlockLogImpl (DeletedBlockLogImpl.java:commitTransactions(205)) - Transaction txId=1 commit by dnId=912a7d3b-e3f1-4985-b06b-5f0a929b8060 for containerID=#1 failed. Corresponding entry not found.
2019-07-13 08:33:40,265 DEBUG block.DeletedBlockLogImpl (DeletedBlockLogImpl.java:isTransactionFailed(245)) - Got block deletion ACK from datanode, TXIDs=1, success=true
2019-07-13 08:33:40,265 WARN  block.DeletedBlockLogImpl (DeletedBlockLogImpl.java:commitTransactions(205)) - Transaction txId=1 commit by dnId=912a7d3b-e3f1-4985-b06b-5f0a929b8060 for containerID=#1 failed. Corresponding entry not found.
2019-07-13 08:33:40,265 DEBUG block.DeletedBlockLogImpl (DeletedBlockLogImpl.java:isTransactionFailed(245)) - Got block deletion ACK from datanode, TXIDs=1, success=true
2019-07-13 08:33:40,265 WARN  block.DeletedBlockLogImpl (DeletedBlockLogImpl.java:commitTransactions(205)) - Transaction txId=1 commit by dnId=912a7d3b-e3f1-4985-b06b-5f0a929b8060 for containerID=#1 failed. Corresponding entry not found.
2019-07-13 08:33:40,265 DEBUG block.DeletedBlockLogImpl (DeletedBlockLogImpl.java:isTransactionFailed(245)) - Got block deletion ACK from datanode, TXIDs=1, success=true
2019-07-13 08:33:40,265 WARN  block.DeletedBlockLogImpl (DeletedBlockLogImpl.java:commitTransactions(205)) - Transaction txId=1 commit by dnId=912a7d3b-e3f1-4985-b06b-5f0a929b8060 for containerID=#1 failed. Corresponding entry not found.
2019-07-13 08:33:40,266 DEBUG block.DeletedBlockLogImpl (DeletedBlockLogImpl.java:isTransactionFailed(245)) - Got block deletion ACK from datanode, TXIDs=1, success=true
2019-07-13 08:33:40,266 WARN  block.DeletedBlockLogImpl (DeletedBlockLogImpl.java:commitTransactions(205)) - Transaction txId=1 commit by dnId=912a7d3b-e3f1-4985-b06b-5f0a929b8060 for containerID=#1 failed. Corresponding entry not found.
2019-07-13 08:33:40,266 DEBUG block.DeletedBlockLogImpl (DeletedBlockLogImpl.java:isTransactionFailed(245)) - Got block deletion ACK from datanode, TXIDs=1, success=true
2019-07-13 08:33:40,266 WARN  block.DeletedBlockLogImpl (DeletedBlockLogImpl.java:commitTransactions(205)) - Transaction txId=1 commit by dnId=912a7d3b-e3f1-4985-b06b-5f0a929b8060 for containerID=#1 failed. Corresponding entry not found.
2019-07-13 08:33:40,266 DEBUG block.DeletedBlockLogImpl (DeletedBlockLogImpl.java:isTransactionFailed(245)) - Got block deletion ACK from datanode, TXIDs=1, success=true
2019-07-13 08:33:40,266 WARN  block.DeletedBlockLogImpl (DeletedBlockLogImpl.java:commitTransactions(205)) - Transaction txId=1 commit by dnId=912a7d3b-e3f1-4985-b06b-5f0a929b8060 for containerID=#1 failed. Corresponding entry not found.
2019-07-13 08:33:40,266 DEBUG block.DeletedBlockLogImpl (DeletedBlockLogImpl.java:isTransactionFailed(245)) - Got block deletion ACK from datanode, TXIDs=1, success=true
2019-07-13 08:33:40,266 WARN  block.DeletedBlockLogImpl (DeletedBlockLogImpl.java:commitTransactions(205)) - Transaction txId=1 commit by dnId=912a7d3b-e3f1-4985-b06b-5f0a929b8060 for containerID=#1 failed. Corresponding entry not found.
2019-07-13 08:33:40,266 DEBUG block.DeletedBlockLogImpl (DeletedBlockLogImpl.java:isTransactionFailed(245)) - Got block deletion ACK from datanode, TXIDs=1, success=true
2019-07-13 08:33:40,266 WARN  block.DeletedBlockLogImpl (DeletedBlockLogImpl.java:commitTransactions(205)) - Transaction txId=1 commit by dnId=912a7d3b-e3f1-4985-b06b-5f0a929b8060 for containerID=#1 failed. Corresponding entry not found.
2019-07-13 08:33:40,266 DEBUG block.DeletedBlockLogImpl (DeletedBlockLogImpl.java:isTransactionFailed(245)) - Got block deletion ACK from datanode, TXIDs=1, success=true
2019-07-13 08:33:40,267 WARN  block.DeletedBlockLogImpl (DeletedBlockLogImpl.java:commitTransactions(205)) - Transaction txId=1 commit by dnId=912a7d3b-e3f1-4985-b06b-5f0a929b8060 for containerID=#1 failed. Corresponding entry not found.
2019-07-13 08:33:40,267 DEBUG block.DeletedBlockLogImpl (DeletedBlockLogImpl.java:isTransactionFailed(245)) - Got block deletion ACK from datanode, TXIDs=1, success=true
2019-07-13 08:33:40,267 WARN  block.DeletedBlockLogImpl (DeletedBlockLogImpl.java:commitTransactions(205)) - Transaction txId=1 commit by dnId=912a7d3b-e3f1-4985-b06b-5f0a929b8060 for containerID=#1 failed. Corresponding entry not found.
2019-07-13 08:33:40,267 DEBUG block.DeletedBlockLogImpl (DeletedBlockLogImpl.java:isTransactionFailed(245)) - Got block deletion ACK from datanode, TXIDs=1, success=true
2019-07-13 08:33:40,267 WARN  block.DeletedBlockLogImpl (DeletedBlockLogImpl.java:commitTransactions(205)) - Transaction txId=1 commit by dnId=912a7d3b-e3f1-4985-b06b-5f0a929b8060 for containerID=#1 failed. Corresponding entry not found.
2019-07-13 08:33:40,267 DEBUG block.DeletedBlockLogImpl (DeletedBlockLogImpl.java:isTransactionFailed(245)) - Got block deletion ACK from datanode, TXIDs=1, success=true
2019-07-13 08:33:40,267 WARN  block.DeletedBlockLogImpl (DeletedBlockLogImpl.java:commitTransactions(205)) - Transaction txId=1 commit by dnId=912a7d3b-e3f1-4985-b06b-5f0a929b8060 for containerID=#1 failed. Corresponding entry not found.
2019-07-13 08:33:40,267 DEBUG block.DeletedBlockLogImpl (DeletedBlockLogImpl.java:isTransactionFailed(245)) - Got block deletion ACK from datanode, TXIDs=1, success=true
2019-07-13 08:33:40,267 WARN  block.DeletedBlockLogImpl (DeletedBlockLogImpl.java:commitTransactions(205)) - Transaction txId=1 commit by dnId=912a7d3b-e3f1-4985-b06b-5f0a929b8060 for containerID=#1 failed. Corresponding entry not found.
2019-07-13 08:33:40,267 DEBUG block.DeletedBlockLogImpl (DeletedBlockLogImpl.java:isTransactionFailed(245)) - Got block deletion ACK from datanode, TXIDs=1, success=true
2019-07-13 08:33:40,267 WARN  block.DeletedBlockLogImpl (DeletedBlockLogImpl.java:commitTransactions(205)) - Transaction txId=1 commit by dnId=912a7d3b-e3f1-4985-b06b-5f0a929b8060 for containerID=#1 failed. Corresponding entry not found.
2019-07-13 08:33:40,268 DEBUG block.DeletedBlockLogImpl (DeletedBlockLogImpl.java:isTransactionFailed(245)) - Got block deletion ACK from datanode, TXIDs=1, success=true
2019-07-13 08:33:40,268 WARN  block.DeletedBlockLogImpl (DeletedBlockLogImpl.java:commitTransactions(205)) - Transaction txId=1 commit by dnId=912a7d3b-e3f1-4985-b06b-5f0a929b8060 for containerID=#1 failed. Corresponding entry not found.
2019-07-13 08:33:40,268 DEBUG block.DeletedBlockLogImpl (DeletedBlockLogImpl.java:isTransactionFailed(245)) - Got block deletion ACK from datanode, TXIDs=1, success=true
2019-07-13 08:33:40,268 WARN  block.DeletedBlockLogImpl (DeletedBlockLogImpl.java:commitTransactions(205)) - Transaction txId=1 commit by dnId=912a7d3b-e3f1-4985-b06b-5f0a929b8060 for containerID=#1 failed. Corresponding entry not found.
2019-07-13 08:33:40,268 DEBUG block.DeletedBlockLogImpl (DeletedBlockLogImpl.java:isTransactionFailed(245)) - Got block deletion ACK from datanode, TXIDs=1, success=true
2019-07-13 08:33:40,268 WARN  block.DeletedBlockLogImpl (DeletedBlockLogImpl.java:commitTransactions(205)) - Transaction txId=1 commit by dnId=912a7d3b-e3f1-4985-b06b-5f0a929b8060 for containerID=#1 failed. Corresponding entry not found.
2019-07-13 08:33:40,268 DEBUG block.DeletedBlockLogImpl (DeletedBlockLogImpl.java:isTransactionFailed(245)) - Got block deletion ACK from datanode, TXIDs=1, success=true
2019-07-13 08:33:40,268 WARN  block.DeletedBlockLogImpl (DeletedBlockLogImpl.java:commitTransactions(205)) - Transaction txId=1 commit by dnId=912a7d3b-e3f1-4985-b06b-5f0a929b8060 for containerID=#1 failed. Corresponding entry not found.
2019-07-13 08:33:40,268 DEBUG block.DeletedBlockLogImpl (DeletedBlockLogImpl.java:isTransactionFailed(245)) - Got block deletion ACK from datanode, TXIDs=1, success=true
2019-07-13 08:33:40,268 WARN  block.DeletedBlockLogImpl (DeletedBlockLogImpl.java:commitTransactions(205)) - Transaction txId=1 commit by dnId=912a7d3b-e3f1-4985-b06b-5f0a929b8060 for containerID=#1 failed. Corresponding entry not found.
2019-07-13 08:33:40,268 DEBUG block.DeletedBlockLogImpl (DeletedBlockLogImpl.java:isTransactionFailed(245)) - Got block deletion ACK from datanode, TXIDs=1, success=true
2019-07-13 08:33:40,269 WARN  block.DeletedBlockLogImpl (DeletedBlockLogImpl.java:commitTransactions(205)) - Transaction txId=1 commit by dnId=912a7d3b-e3f1-4985-b06b-5f0a929b8060 for containerID=#1 failed. Corresponding entry not found.
2019-07-13 08:33:40,269 DEBUG block.DeletedBlockLogImpl (DeletedBlockLogImpl.java:isTransactionFailed(245)) - Got block deletion ACK from datanode, TXIDs=1, success=true
2019-07-13 08:33:40,269 WARN  block.DeletedBlockLogImpl (DeletedBlockLogImpl.java:commitTransactions(205)) - Transaction txId=1 commit by dnId=912a7d3b-e3f1-4985-b06b-5f0a929b8060 for containerID=#1 failed. Corresponding entry not found.
2019-07-13 08:33:40,269 DEBUG block.DeletedBlockLogImpl (DeletedBlockLogImpl.java:isTransactionFailed(245)) - Got block deletion ACK from datanode, TXIDs=1, success=true
2019-07-13 08:33:40,269 WARN  block.DeletedBlockLogImpl (DeletedBlockLogImpl.java:commitTransactions(205)) - Transaction txId=1 commit by dnId=912a7d3b-e3f1-4985-b06b-5f0a929b8060 for containerID=#1 failed. Corresponding entry not found.
2019-07-13 08:33:40,269 DEBUG block.DeletedBlockLogImpl (DeletedBlockLogImpl.java:isTransactionFailed(245)) - Got block deletion ACK from datanode, TXIDs=1, success=true
2019-07-13 08:33:40,269 WARN  block.DeletedBlockLogImpl (DeletedBlockLogImpl.java:commitTransactions(205)) - Transaction txId=1 commit by dnId=912a7d3b-e3f1-4985-b06b-5f0a929b8060 for containerID=#1 failed. Corresponding entry not found.
2019-07-13 08:33:40,269 DEBUG block.DeletedBlockLogImpl (DeletedBlockLogImpl.java:isTransactionFailed(245)) - Got block deletion ACK from datanode, TXIDs=1, success=true
2019-07-13 08:33:40,269 WARN  block.DeletedBlockLogImpl (DeletedBlockLogImpl.java:commitTransactions(205)) - Transaction txId=1 commit by dnId=912a7d3b-e3f1-4985-b06b-5f0a929b8060 for containerID=#1 failed. Corresponding entry not found.
2019-07-13 08:33:40,269 DEBUG block.DeletedBlockLogImpl (DeletedBlockLogImpl.java:isTransactionFailed(245)) - Got block deletion ACK from datanode, TXIDs=1, success=true
2019-07-13 08:33:40,269 WARN  block.DeletedBlockLogImpl (DeletedBlockLogImpl.java:commitTransactions(205)) - Transaction txId=1 commit by dnId=912a7d3b-e3f1-4985-b06b-5f0a929b8060 for containerID=#1 failed. Corresponding entry not found.
2019-07-13 08:33:40,270 DEBUG block.DeletedBlockLogImpl (DeletedBlockLogImpl.java:isTransactionFailed(245)) - Got block deletion ACK from datanode, TXIDs=1, success=true
2019-07-13 08:33:40,270 WARN  block.DeletedBlockLogImpl (DeletedBlockLogImpl.java:commitTransactions(205)) - Transaction txId=1 commit by dnId=912a7d3b-e3f1-4985-b06b-5f0a929b8060 for containerID=#1 failed. Corresponding entry not found.
2019-07-13 08:33:40,270 DEBUG block.DeletedBlockLogImpl (DeletedBlockLogImpl.java:isTransactionFailed(245)) - Got block deletion ACK from datanode, TXIDs=1, success=true
2019-07-13 08:33:40,270 WARN  block.DeletedBlockLogImpl (DeletedBlockLogImpl.java:commitTransactions(205)) - Transaction txId=1 commit by dnId=912a7d3b-e3f1-4985-b06b-5f0a929b8060 for containerID=#1 failed. Corresponding entry not found.
2019-07-13 08:33:40,270 DEBUG block.DeletedBlockLogImpl (DeletedBlockLogImpl.java:isTransactionFailed(245)) - Got block deletion ACK from datanode, TXIDs=1, success=true
2019-07-13 08:33:40,270 WARN  block.DeletedBlockLogImpl (DeletedBlockLogImpl.java:commitTransactions(205)) - Transaction txId=1 commit by dnId=912a7d3b-e3f1-4985-b06b-5f0a929b8060 for containerID=#1 failed. Corresponding entry not found.
2019-07-13 08:33:40,270 DEBUG block.DeletedBlockLogImpl (DeletedBlockLogImpl.java:isTransactionFailed(245)) - Got block deletion ACK from datanode, TXIDs=1, success=true
2019-07-13 08:33:40,270 WARN  block.DeletedBlockLogImpl (DeletedBlockLogImpl.java:commitTransactions(205)) - Transaction txId=1 commit by dnId=912a7d3b-e3f1-4985-b06b-5f0a929b8060 for containerID=#1 failed. Corresponding entry not found.
2019-07-13 08:33:40,270 DEBUG block.DeletedBlockLogImpl (DeletedBlockLogImpl.java:isTransactionFailed(245)) - Got block deletion ACK from datanode, TXIDs=1, success=true
2019-07-13 08:33:40,270 WARN  block.DeletedBlockLogImpl (DeletedBlockLogImpl.java:commitTransactions(205)) - Transaction txId=1 commit by dnId=912a7d3b-e3f1-4985-b06b-5f0a929b8060 for containerID=#1 failed. Corresponding entry not found.
2019-07-13 08:33:40,270 DEBUG block.DeletedBlockLogImpl (DeletedBlockLogImpl.java:isTransactionFailed(245)) - Got block deletion ACK from datanode, TXIDs=1, success=true
2019-07-13 08:33:40,270 WARN  block.DeletedBlockLogImpl (DeletedBlockLogImpl.java:commitTransactions(205)) - Transaction txId=1 commit by dnId=912a7d3b-e3f1-4985-b06b-5f0a929b8060 for containerID=#1 failed. Corresponding entry not found.
2019-07-13 08:33:40,271 DEBUG block.DeletedBlockLogImpl (DeletedBlockLogImpl.java:isTransactionFailed(245)) - Got block deletion ACK from datanode, TXIDs=1, success=true
2019-07-13 08:33:40,271 WARN  block.DeletedBlockLogImpl (DeletedBlockLogImpl.java:commitTransactions(205)) - Transaction txId=1 commit by dnId=912a7d3b-e3f1-4985-b06b-5f0a929b8060 for containerID=#1 failed. Corresponding entry not found.
2019-07-13 08:33:40,271 DEBUG block.DeletedBlockLogImpl (DeletedBlockLogImpl.java:isTransactionFailed(245)) - Got block deletion ACK from datanode, TXIDs=1, success=true
2019-07-13 08:33:40,271 WARN  block.DeletedBlockLogImpl (DeletedBlockLogImpl.java:commitTransactions(205)) - Transaction txId=1 commit by dnId=912a7d3b-e3f1-4985-b06b-5f0a929b8060 for containerID=#1 failed. Corresponding entry not found.
2019-07-13 08:33:40,271 DEBUG block.DeletedBlockLogImpl (DeletedBlockLogImpl.java:isTransactionFailed(245)) - Got block deletion ACK from datanode, TXIDs=1, success=true
2019-07-13 08:33:40,271 WARN  block.DeletedBlockLogImpl (DeletedBlockLogImpl.java:commitTransactions(205)) - Transaction txId=1 commit by dnId=912a7d3b-e3f1-4985-b06b-5f0a929b8060 for containerID=#1 failed. Corresponding entry not found.
2019-07-13 08:33:40,271 DEBUG block.DeletedBlockLogImpl (DeletedBlockLogImpl.java:isTransactionFailed(245)) - Got block deletion ACK from datanode, TXIDs=1, success=true
2019-07-13 08:33:40,271 WARN  block.DeletedBlockLogImpl (DeletedBlockLogImpl.java:commitTransactions(205)) - Transaction txId=1 commit by dnId=912a7d3b-e3f1-4985-b06b-5f0a929b8060 for containerID=#1 failed. Corresponding entry not found.
2019-07-13 08:33:40,271 DEBUG block.DeletedBlockLogImpl (DeletedBlockLogImpl.java:isTransactionFailed(245)) - Got block deletion ACK from datanode, TXIDs=1, success=true
2019-07-13 08:33:40,271 WARN  block.DeletedBlockLogImpl (DeletedBlockLogImpl.java:commitTransactions(205)) - Transaction txId=1 commit by dnId=912a7d3b-e3f1-4985-b06b-5f0a929b8060 for containerID=#1 failed. Corresponding entry not found.
2019-07-13 08:33:40,271 DEBUG block.DeletedBlockLogImpl (DeletedBlockLogImpl.java:isTransactionFailed(245)) - Got block deletion ACK from datanode, TXIDs=1, success=true
2019-07-13 08:33:40,272 WARN  block.DeletedBlockLogImpl (DeletedBlockLogImpl.java:commitTransactions(205)) - Transaction txId=1 commit by dnId=912a7d3b-e3f1-4985-b06b-5f0a929b8060 for containerID=#1 failed. Corresponding entry not found.
2019-07-13 08:33:40,272 DEBUG block.DeletedBlockLogImpl (DeletedBlockLogImpl.java:isTransactionFailed(245)) - Got block deletion ACK from datanode, TXIDs=1, success=true
2019-07-13 08:33:40,272 WARN  block.DeletedBlockLogImpl (DeletedBlockLogImpl.java:commitTransactions(205)) - Transaction txId=1 commit by dnId=912a7d3b-e3f1-4985-b06b-5f0a929b8060 for containerID=#1 failed. Corresponding entry not found.
2019-07-13 08:33:40,272 DEBUG block.DeletedBlockLogImpl (DeletedBlockLogImpl.java:isTransactionFailed(245)) - Got block deletion ACK from datanode, TXIDs=1, success=true
2019-07-13 08:33:40,272 WARN  block.DeletedBlockLogImpl (DeletedBlockLogImpl.java:commitTransactions(205)) - Transaction txId=1 commit by dnId=912a7d3b-e3f1-4985-b06b-5f0a929b8060 for containerID=#1 failed. Corresponding entry not found.
2019-07-13 08:33:40,272 DEBUG block.DeletedBlockLogImpl (DeletedBlockLogImpl.java:isTransactionFailed(245)) - Got block deletion ACK from datanode, TXIDs=1, success=true
2019-07-13 08:33:40,272 WARN  block.DeletedBlockLogImpl (DeletedBlockLogImpl.java:commitTransactions(205)) - Transaction txId=1 commit by dnId=912a7d3b-e3f1-4985-b06b-5f0a929b8060 for containerID=#1 failed. Corresponding entry not found.
2019-07-13 08:33:40,272 WARN  block.DeletedBlockLogImpl (DeletedBlockLogImpl.java:incrementCount(141)) - Deleted TXID not found.
2019-07-13 08:33:40,272 WARN  block.DeletedBlockLogImpl (DeletedBlockLogImpl.java:incrementCount(141)) - Deleted TXID not found.
2019-07-13 08:33:40,272 WARN  block.DeletedBlockLogImpl (DeletedBlockLogImpl.java:incrementCount(141)) - Deleted TXID not found.
2019-07-13 08:33:40,273 DEBUG block.SCMBlockDeletingService (SCMBlockDeletingService.java:call(155)) - Scanned deleted blocks log and got 0 delTX to process.
2019-07-13 08:33:40,273 WARN  block.DeletedBlockLogImpl (DeletedBlockLogImpl.java:incrementCount(141)) - Deleted TXID not found.
2019-07-13 08:33:40,273 WARN  block.DeletedBlockLogImpl (DeletedBlockLogImpl.java:incrementCount(141)) - Deleted TXID not found.
2019-07-13 08:33:40,273 WARN  block.DeletedBlockLogImpl (DeletedBlockLogImpl.java:incrementCount(141)) - Deleted TXID not found.
2019-07-13 08:33:40,273 WARN  block.DeletedBlockLogImpl (DeletedBlockLogImpl.java:incrementCount(141)) - Deleted TXID not found.
2019-07-13 08:33:40,273 WARN  block.DeletedBlockLogImpl (DeletedBlockLogImpl.java:incrementCount(141)) - Deleted TXID not found.
2019-07-13 08:33:40,274 WARN  block.DeletedBlockLogImpl (DeletedBlockLogImpl.java:incrementCount(141)) - Deleted TXID not found.
2019-07-13 08:33:40,274 WARN  block.DeletedBlockLogImpl (DeletedBlockLogImpl.java:incrementCount(141)) - Deleted TXID not found.
2019-07-13 08:33:40,274 WARN  block.DeletedBlockLogImpl (DeletedBlockLogImpl.java:incrementCount(141)) - Deleted TXID not found.
2019-07-13 08:33:40,274 WARN  block.DeletedBlockLogImpl (DeletedBlockLogImpl.java:incrementCount(141)) - Deleted TXID not found.
2019-07-13 08:33:40,274 WARN  block.DeletedBlockLogImpl (DeletedBlockLogImpl.java:incrementCount(141)) - Deleted TXID not found.
2019-07-13 08:33:40,274 WARN  block.DeletedBlockLogImpl (DeletedBlockLogImpl.java:incrementCount(141)) - Deleted TXID not found.
2019-07-13 08:33:40,274 WARN  block.DeletedBlockLogImpl (DeletedBlockLogImpl.java:incrementCount(141)) - Deleted TXID not found.
2019-07-13 08:33:40,275 WARN  block.DeletedBlockLogImpl (DeletedBlockLogImpl.java:incrementCount(141)) - Deleted TXID not found.
2019-07-13 08:33:40,275 WARN  block.DeletedBlockLogImpl (DeletedBlockLogImpl.java:incrementCount(141)) - Deleted TXID not found.
2019-07-13 08:33:40,275 WARN  block.DeletedBlockLogImpl (DeletedBlockLogImpl.java:incrementCount(141)) - Deleted TXID not found.
2019-07-13 08:33:40,275 WARN  block.DeletedBlockLogImpl (DeletedBlockLogImpl.java:incrementCount(141)) - Deleted TXID not found.
2019-07-13 08:33:40,275 WARN  block.DeletedBlockLogImpl (DeletedBlockLogImpl.java:incrementCount(141)) - Deleted TXID not found.
2019-07-13 08:33:40,275 WARN  block.DeletedBlockLogImpl (DeletedBlockLogImpl.java:incrementCount(141)) - Deleted TXID not found.
2019-07-13 08:33:40,275 WARN  block.DeletedBlockLogImpl (DeletedBlockLogImpl.java:incrementCount(141)) - Deleted TXID not found.
2019-07-13 08:33:40,276 WARN  block.DeletedBlockLogImpl (DeletedBlockLogImpl.java:incrementCount(141)) - Deleted TXID not found.
2019-07-13 08:33:40,276 WARN  block.DeletedBlockLogImpl (DeletedBlockLogImpl.java:incrementCount(141)) - Deleted TXID not found.
2019-07-13 08:33:40,276 WARN  block.DeletedBlockLogImpl (DeletedBlockLogImpl.java:incrementCount(141)) - Deleted TXID not found.
2019-07-13 08:33:40,276 WARN  block.DeletedBlockLogImpl (DeletedBlockLogImpl.java:incrementCount(141)) - Deleted TXID not found.
2019-07-13 08:33:40,276 WARN  block.DeletedBlockLogImpl (DeletedBlockLogImpl.java:incrementCount(141)) - Deleted TXID not found.
2019-07-13 08:33:40,276 WARN  block.DeletedBlockLogImpl (DeletedBlockLogImpl.java:incrementCount(141)) - Deleted TXID not found.
2019-07-13 08:33:40,276 WARN  block.DeletedBlockLogImpl (DeletedBlockLogImpl.java:incrementCount(141)) - Deleted TXID not found.
2019-07-13 08:33:40,277 WARN  block.DeletedBlockLogImpl (DeletedBlockLogImpl.java:incrementCount(141)) - Deleted TXID not found.
2019-07-13 08:33:40,277 WARN  block.DeletedBlockLogImpl (DeletedBlockLogImpl.java:incrementCount(141)) - Deleted TXID not found.
2019-07-13 08:33:40,277 WARN  block.DeletedBlockLogImpl (DeletedBlockLogImpl.java:incrementCount(141)) - Deleted TXID not found.
2019-07-13 08:33:40,277 WARN  block.DeletedBlockLogImpl (DeletedBlockLogImpl.java:incrementCount(141)) - Deleted TXID not found.
2019-07-13 08:33:40,277 WARN  block.DeletedBlockLogImpl (DeletedBlockLogImpl.java:incrementCount(141)) - Deleted TXID not found.
2019-07-13 08:33:40,277 WARN  block.DeletedBlockLogImpl (DeletedBlockLogImpl.java:incrementCount(141)) - Deleted TXID not found.
2019-07-13 08:33:40,277 WARN  block.DeletedBlockLogImpl (DeletedBlockLogImpl.java:incrementCount(141)) - Deleted TXID not found.
2019-07-13 08:33:40,277 WARN  block.DeletedBlockLogImpl (DeletedBlockLogImpl.java:incrementCount(141)) - Deleted TXID not found.
2019-07-13 08:33:40,278 WARN  block.DeletedBlockLogImpl (DeletedBlockLogImpl.java:incrementCount(141)) - Deleted TXID not found.
2019-07-13 08:33:40,278 WARN  block.DeletedBlockLogImpl (DeletedBlockLogImpl.java:incrementCount(141)) - Deleted TXID not found.
2019-07-13 08:33:40,278 WARN  block.DeletedBlockLogImpl (DeletedBlockLogImpl.java:incrementCount(141)) - Deleted TXID not found.
2019-07-13 08:33:40,278 WARN  block.DeletedBlockLogImpl (DeletedBlockLogImpl.java:incrementCount(141)) - Deleted TXID not found.
2019-07-13 08:33:40,278 WARN  block.DeletedBlockLogImpl (DeletedBlockLogImpl.java:incrementCount(141)) - Deleted TXID not found.
2019-07-13 08:33:40,278 WARN  block.DeletedBlockLogImpl (DeletedBlockLogImpl.java:incrementCount(141)) - Deleted TXID not found.
2019-07-13 08:33:40,278 WARN  block.DeletedBlockLogImpl (DeletedBlockLogImpl.java:incrementCount(141)) - Deleted TXID not found.
2019-07-13 08:33:40,278 WARN  block.DeletedBlockLogImpl (DeletedBlockLogImpl.java:incrementCount(141)) - Deleted TXID not found.
2019-07-13 08:33:40,279 WARN  block.DeletedBlockLogImpl (DeletedBlockLogImpl.java:incrementCount(141)) - Deleted TXID not found.
2019-07-13 08:33:40,279 WARN  block.DeletedBlockLogImpl (DeletedBlockLogImpl.java:incrementCount(141)) - Deleted TXID not found.
2019-07-13 08:33:40,279 WARN  block.DeletedBlockLogImpl (DeletedBlockLogImpl.java:incrementCount(141)) - Deleted TXID not found.
2019-07-13 08:33:40,279 WARN  block.DeletedBlockLogImpl (DeletedBlockLogImpl.java:incrementCount(141)) - Deleted TXID not found.
2019-07-13 08:33:40,279 WARN  block.DeletedBlockLogImpl (DeletedBlockLogImpl.java:incrementCount(141)) - Deleted TXID not found.
2019-07-13 08:33:40,279 WARN  block.DeletedBlockLogImpl (DeletedBlockLogImpl.java:incrementCount(141)) - Deleted TXID not found.
2019-07-13 08:33:40,279 WARN  block.DeletedBlockLogImpl (DeletedBlockLogImpl.java:incrementCount(141)) - Deleted TXID not found.
2019-07-13 08:33:40,280 WARN  block.DeletedBlockLogImpl (DeletedBlockLogImpl.java:incrementCount(141)) - Deleted TXID not found.
2019-07-13 08:33:40,280 WARN  block.DeletedBlockLogImpl (DeletedBlockLogImpl.java:incrementCount(141)) - Deleted TXID not found.
2019-07-13 08:33:40,280 WARN  block.DeletedBlockLogImpl (DeletedBlockLogImpl.java:incrementCount(141)) - Deleted TXID not found.
2019-07-13 08:33:40,280 WARN  block.DeletedBlockLogImpl (DeletedBlockLogImpl.java:incrementCount(141)) - Deleted TXID not found.
2019-07-13 08:33:40,280 WARN  block.DeletedBlockLogImpl (DeletedBlockLogImpl.java:incrementCount(141)) - Deleted TXID not found.
2019-07-13 08:33:40,280 WARN  block.DeletedBlockLogImpl (DeletedBlockLogImpl.java:incrementCount(141)) - Deleted TXID not found.
2019-07-13 08:33:40,280 WARN  block.DeletedBlockLogImpl (DeletedBlockLogImpl.java:incrementCount(141)) - Deleted TXID not found.
2019-07-13 08:33:40,280 WARN  block.DeletedBlockLogImpl (DeletedBlockLogImpl.java:incrementCount(141)) - Deleted TXID not found.
2019-07-13 08:33:40,281 WARN  block.DeletedBlockLogImpl (DeletedBlockLogImpl.java:incrementCount(141)) - Deleted TXID not found.
2019-07-13 08:33:40,281 WARN  block.DeletedBlockLogImpl (DeletedBlockLogImpl.java:incrementCount(141)) - Deleted TXID not found.
2019-07-13 08:33:40,281 WARN  block.DeletedBlockLogImpl (DeletedBlockLogImpl.java:incrementCount(141)) - Deleted TXID not found.
2019-07-13 08:33:40,281 WARN  block.DeletedBlockLogImpl (DeletedBlockLogImpl.java:incrementCount(141)) - Deleted TXID not found.
2019-07-13 08:33:40,281 WARN  block.DeletedBlockLogImpl (DeletedBlockLogImpl.java:incrementCount(141)) - Deleted TXID not found.
2019-07-13 08:33:40,281 WARN  block.DeletedBlockLogImpl (DeletedBlockLogImpl.java:incrementCount(141)) - Deleted TXID not found.
2019-07-13 08:33:40,281 WARN  block.DeletedBlockLogImpl (DeletedBlockLogImpl.java:incrementCount(141)) - Deleted TXID not found.
2019-07-13 08:33:40,282 WARN  block.DeletedBlockLogImpl (DeletedBlockLogImpl.java:incrementCount(141)) - Deleted TXID not found.
2019-07-13 08:33:40,282 WARN  block.DeletedBlockLogImpl (DeletedBlockLogImpl.java:incrementCount(141)) - Deleted TXID not found.
2019-07-13 08:33:40,282 WARN  block.DeletedBlockLogImpl (DeletedBlockLogImpl.java:incrementCount(141)) - Deleted TXID not found.
2019-07-13 08:33:40,282 WARN  block.DeletedBlockLogImpl (DeletedBlockLogImpl.java:incrementCount(141)) - Deleted TXID not found.
2019-07-13 08:33:40,282 WARN  block.DeletedBlockLogImpl (DeletedBlockLogImpl.java:incrementCount(141)) - Deleted TXID not found.
2019-07-13 08:33:40,282 WARN  block.DeletedBlockLogImpl (DeletedBlockLogImpl.java:incrementCount(141)) - Deleted TXID not found.
2019-07-13 08:33:40,282 WARN  block.DeletedBlockLogImpl (DeletedBlockLogImpl.java:incrementCount(141)) - Deleted TXID not found.
2019-07-13 08:33:40,282 WARN  block.DeletedBlockLogImpl (DeletedBlockLogImpl.java:incrementCount(141)) - Deleted TXID not found.
2019-07-13 08:33:40,283 WARN  block.DeletedBlockLogImpl (DeletedBlockLogImpl.java:incrementCount(141)) - Deleted TXID not found.
2019-07-13 08:33:40,283 WARN  block.DeletedBlockLogImpl (DeletedBlockLogImpl.java:incrementCount(141)) - Deleted TXID not found.
2019-07-13 08:33:40,283 WARN  block.DeletedBlockLogImpl (DeletedBlockLogImpl.java:incrementCount(141)) - Deleted TXID not found.
2019-07-13 08:33:40,283 WARN  block.DeletedBlockLogImpl (DeletedBlockLogImpl.java:incrementCount(141)) - Deleted TXID not found.
2019-07-13 08:33:40,283 WARN  block.DeletedBlockLogImpl (DeletedBlockLogImpl.java:incrementCount(141)) - Deleted TXID not found.
2019-07-13 08:33:40,283 WARN  block.DeletedBlockLogImpl (DeletedBlockLogImpl.java:incrementCount(141)) - Deleted TXID not found.
2019-07-13 08:33:40,283 WARN  block.DeletedBlockLogImpl (DeletedBlockLogImpl.java:incrementCount(141)) - Deleted TXID not found.
2019-07-13 08:33:40,284 WARN  block.DeletedBlockLogImpl (DeletedBlockLogImpl.java:incrementCount(141)) - Deleted TXID not found.
2019-07-13 08:33:40,284 WARN  block.DeletedBlockLogImpl (DeletedBlockLogImpl.java:incrementCount(141)) - Deleted TXID not found.
2019-07-13 08:33:40,284 WARN  block.DeletedBlockLogImpl (DeletedBlockLogImpl.java:incrementCount(141)) - Deleted TXID not found.
2019-07-13 08:33:40,284 WARN  block.DeletedBlockLogImpl (DeletedBlockLogImpl.java:incrementCount(141)) - Deleted TXID not found.
2019-07-13 08:33:40,284 WARN  block.DeletedBlockLogImpl (DeletedBlockLogImpl.java:incrementCount(141)) - Deleted TXID not found.
2019-07-13 08:33:40,284 WARN  block.DeletedBlockLogImpl (DeletedBlockLogImpl.java:incrementCount(141)) - Deleted TXID not found.
2019-07-13 08:33:40,284 WARN  block.DeletedBlockLogImpl (DeletedBlockLogImpl.java:incrementCount(141)) - Deleted TXID not found.
2019-07-13 08:33:40,284 WARN  block.DeletedBlockLogImpl (DeletedBlockLogImpl.java:incrementCount(141)) - Deleted TXID not found.
2019-07-13 08:33:40,285 WARN  block.DeletedBlockLogImpl (DeletedBlockLogImpl.java:incrementCount(141)) - Deleted TXID not found.
2019-07-13 08:33:40,285 WARN  block.DeletedBlockLogImpl (DeletedBlockLogImpl.java:incrementCount(141)) - Deleted TXID not found.
2019-07-13 08:33:40,285 WARN  block.DeletedBlockLogImpl (DeletedBlockLogImpl.java:incrementCount(141)) - Deleted TXID not found.
2019-07-13 08:33:40,285 WARN  block.DeletedBlockLogImpl (DeletedBlockLogImpl.java:incrementCount(141)) - Deleted TXID not found.
2019-07-13 08:33:40,285 WARN  block.DeletedBlockLogImpl (DeletedBlockLogImpl.java:incrementCount(141)) - Deleted TXID not found.
2019-07-13 08:33:40,285 WARN  block.DeletedBlockLogImpl (DeletedBlockLogImpl.java:incrementCount(141)) - Deleted TXID not found.
2019-07-13 08:33:40,285 WARN  block.DeletedBlockLogImpl (DeletedBlockLogImpl.java:incrementCount(141)) - Deleted TXID not found.
2019-07-13 08:33:40,285 WARN  block.DeletedBlockLogImpl (DeletedBlockLogImpl.java:incrementCount(141)) - Deleted TXID not found.
2019-07-13 08:33:40,286 WARN  block.DeletedBlockLogImpl (DeletedBlockLogImpl.java:incrementCount(141)) - Deleted TXID not found.
2019-07-13 08:33:40,286 WARN  block.DeletedBlockLogImpl (DeletedBlockLogImpl.java:incrementCount(141)) - Deleted TXID not found.
2019-07-13 08:33:40,286 WARN  block.DeletedBlockLogImpl (DeletedBlockLogImpl.java:incrementCount(141)) - Deleted TXID not found.
2019-07-13 08:33:40,286 WARN  block.DeletedBlockLogImpl (DeletedBlockLogImpl.java:incrementCount(141)) - Deleted TXID not found.
2019-07-13 08:33:40,286 WARN  block.DeletedBlockLogImpl (DeletedBlockLogImpl.java:incrementCount(141)) - Deleted TXID not found.
2019-07-13 08:33:40,286 WARN  block.DeletedBlockLogImpl (DeletedBlockLogImpl.java:incrementCount(141)) - Deleted TXID not found.
2019-07-13 08:33:40,286 WARN  block.DeletedBlockLogImpl (DeletedBlockLogImpl.java:incrementCount(141)) - Deleted TXID not found.
2019-07-13 08:33:40,287 WARN  block.DeletedBlockLogImpl (DeletedBlockLogImpl.java:incrementCount(141)) - Deleted TXID not found.
2019-07-13 08:33:40,287 WARN  block.DeletedBlockLogImpl (DeletedBlockLogImpl.java:incrementCount(141)) - Deleted TXID not found.
2019-07-13 08:33:40,287 WARN  block.DeletedBlockLogImpl (DeletedBlockLogImpl.java:incrementCount(141)) - Deleted TXID not found.
2019-07-13 08:33:40,287 WARN  block.DeletedBlockLogImpl (DeletedBlockLogImpl.java:incrementCount(141)) - Deleted TXID not found.
2019-07-13 08:33:40,287 WARN  block.DeletedBlockLogImpl (DeletedBlockLogImpl.java:incrementCount(141)) - Deleted TXID not found.
2019-07-13 08:33:40,287 WARN  block.DeletedBlockLogImpl (DeletedBlockLogImpl.java:incrementCount(141)) - Deleted TXID not found.
2019-07-13 08:33:40,287 WARN  block.DeletedBlockLogImpl (DeletedBlockLogImpl.java:incrementCount(141)) - Deleted TXID not found.
2019-07-13 08:33:40,287 WARN  block.DeletedBlockLogImpl (DeletedBlockLogImpl.java:incrementCount(141)) - Deleted TXID not found.
2019-07-13 08:33:40,288 WARN  block.DeletedBlockLogImpl (DeletedBlockLogImpl.java:incrementCount(141)) - Deleted TXID not found.
2019-07-13 08:33:40,288 WARN  block.DeletedBlockLogImpl (DeletedBlockLogImpl.java:incrementCount(141)) - Deleted TXID not found.
2019-07-13 08:33:40,288 WARN  block.DeletedBlockLogImpl (DeletedBlockLogImpl.java:incrementCount(141)) - Deleted TXID not found.
2019-07-13 08:33:40,288 WARN  block.DeletedBlockLogImpl (DeletedBlockLogImpl.java:incrementCount(141)) - Deleted TXID not found.
2019-07-13 08:33:40,288 WARN  block.DeletedBlockLogImpl (DeletedBlockLogImpl.java:incrementCount(141)) - Deleted TXID not found.
2019-07-13 08:33:40,288 WARN  block.DeletedBlockLogImpl (DeletedBlockLogImpl.java:incrementCount(141)) - Deleted TXID not found.
2019-07-13 08:33:40,288 WARN  block.DeletedBlockLogImpl (DeletedBlockLogImpl.java:incrementCount(141)) - Deleted TXID not found.
2019-07-13 08:33:40,288 WARN  block.DeletedBlockLogImpl (DeletedBlockLogImpl.java:incrementCount(141)) - Deleted TXID not found.
2019-07-13 08:33:40,289 WARN  block.DeletedBlockLogImpl (DeletedBlockLogImpl.java:incrementCount(141)) - Deleted TXID not found.
2019-07-13 08:33:40,289 WARN  block.DeletedBlockLogImpl (DeletedBlockLogImpl.java:incrementCount(141)) - Deleted TXID not found.
2019-07-13 08:33:40,289 WARN  block.DeletedBlockLogImpl (DeletedBlockLogImpl.java:incrementCount(141)) - Deleted TXID not found.
2019-07-13 08:33:40,289 WARN  block.DeletedBlockLogImpl (DeletedBlockLogImpl.java:incrementCount(141)) - Deleted TXID not found.
2019-07-13 08:33:40,289 WARN  block.DeletedBlockLogImpl (DeletedBlockLogImpl.java:incrementCount(141)) - Deleted TXID not found.
2019-07-13 08:33:40,333 INFO  commands.RetriableDatanodeEventWatcher (RetriableDatanodeEventWatcher.java:onTimeout(47)) - RetriableDatanodeCommand type=deleteBlocksCommand with id=1563006805969 timed out. Retrying.
2019-07-13 08:33:40,373 DEBUG block.SCMBlockDeletingService (SCMBlockDeletingService.java:call(138)) - Running DeletedBlockTransactionScanner
2019-07-13 08:33:40,373 DEBUG block.SCMBlockDeletingService (SCMBlockDeletingService.java:call(155)) - Scanned deleted blocks log and got 0 delTX to process.
2019-07-13 08:33:40,387 WARN  block.DeletedBlockLogImpl (DeletedBlockLogImpl.java:incrementCount(141)) - Deleted TXID not found.
2019-07-13 08:33:40,387 WARN  block.DeletedBlockLogImpl (DeletedBlockLogImpl.java:incrementCount(141)) - Deleted TXID not found.
2019-07-13 08:33:40,388 WARN  block.DeletedBlockLogImpl (DeletedBlockLogImpl.java:incrementCount(141)) - Deleted TXID not found.
2019-07-13 08:33:40,388 DEBUG block.DeletedBlockLogImpl (DeletedBlockLogImpl.java:isTransactionFailed(245)) - Got block deletion ACK from datanode, TXIDs=1, success=true
2019-07-13 08:33:40,388 WARN  block.DeletedBlockLogImpl (DeletedBlockLogImpl.java:commitTransactions(205)) - Transaction txId=1 commit by dnId=912a7d3b-e3f1-4985-b06b-5f0a929b8060 for containerID=#1 failed. Corresponding entry not found.
2019-07-13 08:33:40,388 DEBUG block.DeletedBlockLogImpl (DeletedBlockLogImpl.java:isTransactionFailed(245)) - Got block deletion ACK from datanode, TXIDs=1, success=true
2019-07-13 08:33:40,388 WARN  block.DeletedBlockLogImpl (DeletedBlockLogImpl.java:commitTransactions(205)) - Transaction txId=1 commit by dnId=912a7d3b-e3f1-4985-b06b-5f0a929b8060 for containerID=#1 failed. Corresponding entry not found.
2019-07-13 08:33:40,388 DEBUG block.DeletedBlockLogImpl (DeletedBlockLogImpl.java:isTransactionFailed(245)) - Got block deletion ACK from datanode, TXIDs=1, success=true
2019-07-13 08:33:40,388 WARN  block.DeletedBlockLogImpl (DeletedBlockLogImpl.java:commitTransactions(205)) - Transaction txId=1 commit by dnId=912a7d3b-e3f1-4985-b06b-5f0a929b8060 for containerID=#1 failed. Corresponding entry not found.
2019-07-13 08:33:40,389 DEBUG block.DeletedBlockLogImpl (DeletedBlockLogImpl.java:isTransactionFailed(245)) - Got block deletion ACK from datanode, TXIDs=1, success=true
2019-07-13 08:33:40,389 WARN  block.DeletedBlockLogImpl (DeletedBlockLogImpl.java:commitTransactions(205)) - Transaction txId=1 commit by dnId=912a7d3b-e3f1-4985-b06b-5f0a929b8060 for containerID=#1 failed. Corresponding entry not found.
2019-07-13 08:33:40,389 DEBUG block.DeletedBlockLogImpl (DeletedBlockLogImpl.java:isTransactionFailed(245)) - Got block deletion ACK from datanode, TXIDs=1, success=true
2019-07-13 08:33:40,389 WARN  block.DeletedBlockLogImpl (DeletedBlockLogImpl.java:commitTransactions(205)) - Transaction txId=1 commit by dnId=912a7d3b-e3f1-4985-b06b-5f0a929b8060 for containerID=#1 failed. Corresponding entry not found.
2019-07-13 08:33:40,389 DEBUG block.DeletedBlockLogImpl (DeletedBlockLogImpl.java:isTransactionFailed(245)) - Got block deletion ACK from datanode, TXIDs=1, success=true
2019-07-13 08:33:40,389 WARN  block.DeletedBlockLogImpl (DeletedBlockLogImpl.java:commitTransactions(205)) - Transaction txId=1 commit by dnId=912a7d3b-e3f1-4985-b06b-5f0a929b8060 for containerID=#1 failed. Corresponding entry not found.
2019-07-13 08:33:40,389 DEBUG block.DeletedBlockLogImpl (DeletedBlockLogImpl.java:isTransactionFailed(245)) - Got block deletion ACK from datanode, TXIDs=1, success=true
2019-07-13 08:33:40,389 WARN  block.DeletedBlockLogImpl (DeletedBlockLogImpl.java:commitTransactions(205)) - Transaction txId=1 commit by dnId=912a7d3b-e3f1-4985-b06b-5f0a929b8060 for containerID=#1 failed. Corresponding entry not found.
2019-07-13 08:33:40,389 DEBUG block.DeletedBlockLogImpl (DeletedBlockLogImpl.java:isTransactionFailed(245)) - Got block deletion ACK from datanode, TXIDs=1, success=true
2019-07-13 08:33:40,390 WARN  block.DeletedBlockLogImpl (DeletedBlockLogImpl.java:commitTransactions(205)) - Transaction txId=1 commit by dnId=912a7d3b-e3f1-4985-b06b-5f0a929b8060 for containerID=#1 failed. Corresponding entry not found.
2019-07-13 08:33:40,474 DEBUG block.SCMBlockDeletingService (SCMBlockDeletingService.java:call(138)) - Running DeletedBlockTransactionScanner
2019-07-13 08:33:40,474 DEBUG block.SCMBlockDeletingService (SCMBlockDeletingService.java:call(155)) - Scanned deleted blocks log and got 0 delTX to process.
2019-07-13 08:33:40,575 DEBUG block.SCMBlockDeletingService (SCMBlockDeletingService.java:call(138)) - Running DeletedBlockTransactionScanner
2019-07-13 08:33:40,575 DEBUG block.SCMBlockDeletingService (SCMBlockDeletingService.java:call(155)) - Scanned deleted blocks log and got 0 delTX to process.
2019-07-13 08:33:40,675 DEBUG block.SCMBlockDeletingService (SCMBlockDeletingService.java:call(138)) - Running DeletedBlockTransactionScanner
2019-07-13 08:33:40,675 DEBUG block.SCMBlockDeletingService (SCMBlockDeletingService.java:call(155)) - Scanned deleted blocks log and got 0 delTX to process.
2019-07-13 08:33:40,730 INFO  commands.RetriableDatanodeEventWatcher (RetriableDatanodeEventWatcher.java:onTimeout(47)) - RetriableDatanodeCommand type=deleteBlocksCommand with id=1563006805973 timed out. Retrying.
2019-07-13 08:33:40,776 DEBUG block.SCMBlockDeletingService (SCMBlockDeletingService.java:call(138)) - Running DeletedBlockTransactionScanner
2019-07-13 08:33:40,776 DEBUG block.SCMBlockDeletingService (SCMBlockDeletingService.java:call(155)) - Scanned deleted blocks log and got 0 delTX to process.
2019-07-13 08:33:40,799 INFO  commands.RetriableDatanodeEventWatcher (RetriableDatanodeEventWatcher.java:onTimeout(47)) - RetriableDatanodeCommand type=deleteBlocksCommand with id=1563006805935 timed out. Retrying.
2019-07-13 08:33:40,806 INFO  commands.RetriableDatanodeEventWatcher (RetriableDatanodeEventWatcher.java:onTimeout(47)) - RetriableDatanodeCommand type=deleteBlocksCommand with id=1563006805876 timed out. Retrying.
2019-07-13 08:33:40,812 INFO  commands.RetriableDatanodeEventWatcher (RetriableDatanodeEventWatcher.java:onTimeout(47)) - RetriableDatanodeCommand type=deleteBlocksCommand with id=1563006805945 timed out. Retrying.
2019-07-13 08:33:40,814 INFO  commands.RetriableDatanodeEventWatcher (RetriableDatanodeEventWatcher.java:onTimeout(47)) - RetriableDatanodeCommand type=deleteBlocksCommand with id=1563006805964 timed out. Retrying.
2019-07-13 08:33:40,821 INFO  commands.RetriableDatanodeEventWatcher (RetriableDatanodeEventWatcher.java:onTimeout(47)) - RetriableDatanodeCommand type=deleteBlocksCommand with id=1563006805886 timed out. Retrying.
2019-07-13 08:33:40,828 INFO  commands.RetriableDatanodeEventWatcher (RetriableDatanodeEventWatcher.java:onTimeout(47)) - RetriableDatanodeCommand type=deleteBlocksCommand with id=1563006805955 timed out. Retrying.
2019-07-13 08:33:40,831 INFO  commands.RetriableDatanodeEventWatcher (RetriableDatanodeEventWatcher.java:onTimeout(47)) - RetriableDatanodeCommand type=deleteBlocksCommand with id=1563006805974 timed out. Retrying.
2019-07-13 08:33:40,841 INFO  commands.RetriableDatanodeEventWatcher (RetriableDatanodeEventWatcher.java:onTimeout(47)) - RetriableDatanodeCommand type=deleteBlocksCommand with id=1563006805896 timed out. Retrying.
2019-07-13 08:33:40,844 WARN  block.DeletedBlockLogImpl (DeletedBlockLogImpl.java:incrementCount(141)) - Deleted TXID not found.
2019-07-13 08:33:40,844 WARN  block.DeletedBlockLogImpl (DeletedBlockLogImpl.java:incrementCount(141)) - Deleted TXID not found.
2019-07-13 08:33:40,844 WARN  block.DeletedBlockLogImpl (DeletedBlockLogImpl.java:incrementCount(141)) - Deleted TXID not found.
2019-07-13 08:33:40,844 WARN  block.DeletedBlockLogImpl (DeletedBlockLogImpl.java:incrementCount(141)) - Deleted TXID not found.
2019-07-13 08:33:40,845 WARN  block.DeletedBlockLogImpl (DeletedBlockLogImpl.java:incrementCount(141)) - Deleted TXID not found.
2019-07-13 08:33:40,845 WARN  block.DeletedBlockLogImpl (DeletedBlockLogImpl.java:incrementCount(141)) - Deleted TXID not found.
2019-07-13 08:33:40,845 WARN  block.DeletedBlockLogImpl (DeletedBlockLogImpl.java:incrementCount(141)) - Deleted TXID not found.
2019-07-13 08:33:40,845 WARN  block.DeletedBlockLogImpl (DeletedBlockLogImpl.java:incrementCount(141)) - Deleted TXID not found.
2019-07-13 08:33:40,845 WARN  block.DeletedBlockLogImpl (DeletedBlockLogImpl.java:incrementCount(141)) - Deleted TXID not found.
2019-07-13 08:33:40,845 WARN  block.DeletedBlockLogImpl (DeletedBlockLogImpl.java:incrementCount(141)) - Deleted TXID not found.
2019-07-13 08:33:40,845 WARN  block.DeletedBlockLogImpl (DeletedBlockLogImpl.java:incrementCount(141)) - Deleted TXID not found.
2019-07-13 08:33:40,846 WARN  block.DeletedBlockLogImpl (DeletedBlockLogImpl.java:incrementCount(141)) - Deleted TXID not found.
2019-07-13 08:33:40,846 WARN  block.DeletedBlockLogImpl (DeletedBlockLogImpl.java:incrementCount(141)) - Deleted TXID not found.
2019-07-13 08:33:40,846 WARN  block.DeletedBlockLogImpl (DeletedBlockLogImpl.java:incrementCount(141)) - Deleted TXID not found.
2019-07-13 08:33:40,846 WARN  block.DeletedBlockLogImpl (DeletedBlockLogImpl.java:incrementCount(141)) - Deleted TXID not found.
2019-07-13 08:33:40,846 WARN  block.DeletedBlockLogImpl (DeletedBlockLogImpl.java:incrementCount(141)) - Deleted TXID not found.
2019-07-13 08:33:40,846 WARN  block.DeletedBlockLogImpl (DeletedBlockLogImpl.java:incrementCount(141)) - Deleted TXID not found.
2019-07-13 08:33:40,846 WARN  block.DeletedBlockLogImpl (DeletedBlockLogImpl.java:incrementCount(141)) - Deleted TXID not found.
2019-07-13 08:33:40,846 WARN  block.DeletedBlockLogImpl (DeletedBlockLogImpl.java:incrementCount(141)) - Deleted TXID not found.
2019-07-13 08:33:40,847 WARN  block.DeletedBlockLogImpl (DeletedBlockLogImpl.java:incrementCount(141)) - Deleted TXID not found.
2019-07-13 08:33:40,847 WARN  block.DeletedBlockLogImpl (DeletedBlockLogImpl.java:incrementCount(141)) - Deleted TXID not found.
2019-07-13 08:33:40,847 WARN  block.DeletedBlockLogImpl (DeletedBlockLogImpl.java:incrementCount(141)) - Deleted TXID not found.
2019-07-13 08:33:40,847 WARN  block.DeletedBlockLogImpl (DeletedBlockLogImpl.java:incrementCount(141)) - Deleted TXID not found.
2019-07-13 08:33:40,847 WARN  block.DeletedBlockLogImpl (DeletedBlockLogImpl.java:incrementCount(141)) - Deleted TXID not found.
2019-07-13 08:33:40,847 WARN  block.DeletedBlockLogImpl (DeletedBlockLogImpl.java:incrementCount(141)) - Deleted TXID not found.
2019-07-13 08:33:40,847 WARN  block.DeletedBlockLogImpl (DeletedBlockLogImpl.java:incrementCount(141)) - Deleted TXID not found.
2019-07-13 08:33:40,847 WARN  block.DeletedBlockLogImpl (DeletedBlockLogImpl.java:incrementCount(141)) - Deleted TXID not found.
2019-07-13 08:33:40,877 DEBUG block.SCMBlockDeletingService (SCMBlockDeletingService.java:call(138)) - Running DeletedBlockTransactionScanner
2019-07-13 08:33:40,877 DEBUG block.SCMBlockDeletingService (SCMBlockDeletingService.java:call(155)) - Scanned deleted blocks log and got 0 delTX to process.
2019-07-13 08:33:40,977 DEBUG block.SCMBlockDeletingService (SCMBlockDeletingService.java:call(138)) - Running DeletedBlockTransactionScanner
2019-07-13 08:33:40,977 DEBUG block.SCMBlockDeletingService (SCMBlockDeletingService.java:call(155)) - Scanned deleted blocks log and got 0 delTX to process.
2019-07-13 08:33:41,078 DEBUG block.SCMBlockDeletingService (SCMBlockDeletingService.java:call(138)) - Running DeletedBlockTransactionScanner
2019-07-13 08:33:41,078 DEBUG block.SCMBlockDeletingService (SCMBlockDeletingService.java:call(155)) - Scanned deleted blocks log and got 0 delTX to process.
2019-07-13 08:33:41,179 DEBUG block.SCMBlockDeletingService (SCMBlockDeletingService.java:call(138)) - Running DeletedBlockTransactionScanner
2019-07-13 08:33:41,179 DEBUG block.SCMBlockDeletingService (SCMBlockDeletingService.java:call(155)) - Scanned deleted blocks log and got 0 delTX to process.
2019-07-13 08:33:41,244 INFO  commandhandler.DeleteBlocksCommandHandler (DeleteBlocksCommandHandler.java:handle(106)) - Start to delete container blocks, TXIDs=[1(0),2(0),3(0)], numOfContainers=3, numOfBlocks=553
2019-07-13 08:33:41,246 INFO  commandhandler.DeleteBlocksCommandHandler (DeleteBlocksCommandHandler.java:handle(106)) - Start to delete container blocks, TXIDs=[1(0),2(0),3(0)], numOfContainers=3, numOfBlocks=553
2019-07-13 08:33:41,248 INFO  commandhandler.DeleteBlocksCommandHandler (DeleteBlocksCommandHandler.java:handle(106)) - Start to delete container blocks, TXIDs=[1(0),2(0),3(0)], numOfContainers=3, numOfBlocks=553
2019-07-13 08:33:41,250 INFO  commandhandler.DeleteBlocksCommandHandler (DeleteBlocksCommandHandler.java:handle(106)) - Start to delete container blocks, TXIDs=[1(0),2(0),3(0)], numOfContainers=3, numOfBlocks=553
2019-07-13 08:33:41,251 INFO  commandhandler.DeleteBlocksCommandHandler (DeleteBlocksCommandHandler.java:handle(106)) - Start to delete container blocks, TXIDs=[1(774),2(774),3(774)], numOfContainers=3, numOfBlocks=553
2019-07-13 08:33:41,253 INFO  commandhandler.DeleteBlocksCommandHandler (DeleteBlocksCommandHandler.java:handle(106)) - Start to delete container blocks, TXIDs=[1(0),2(0),3(0)], numOfContainers=3, numOfBlocks=553
2019-07-13 08:33:41,255 INFO  commandhandler.DeleteBlocksCommandHandler (DeleteBlocksCommandHandler.java:handle(106)) - Start to delete container blocks, TXIDs=[1(0),2(0),3(0)], numOfContainers=3, numOfBlocks=553
2019-07-13 08:33:41,256 INFO  commandhandler.DeleteBlocksCommandHandler (DeleteBlocksCommandHandler.java:handle(106)) - Start to delete container blocks, TXIDs=[1(0),2(0),3(0)], numOfContainers=3, numOfBlocks=553
2019-07-13 08:33:41,258 INFO  commandhandler.DeleteBlocksCommandHandler (DeleteBlocksCommandHandler.java:handle(106)) - Start to delete container blocks, TXIDs=[1(0),2(0),3(0)], numOfContainers=3, numOfBlocks=553
2019-07-13 08:33:41,260 INFO  commandhandler.DeleteBlocksCommandHandler (DeleteBlocksCommandHandler.java:handle(106)) - Start to delete container blocks, TXIDs=[1(0),2(0),3(0)], numOfContainers=3, numOfBlocks=553
2019-07-13 08:33:41,262 INFO  commandhandler.DeleteBlocksCommandHandler (DeleteBlocksCommandHandler.java:handle(106)) - Start to delete container blocks, TXIDs=[1(0),2(0),3(0)], numOfContainers=3, numOfBlocks=553
2019-07-13 08:33:41,263 INFO  commandhandler.DeleteBlocksCommandHandler (DeleteBlocksCommandHandler.java:handle(106)) - Start to delete container blocks, TXIDs=[1(0),2(0),3(0)], numOfContainers=3, numOfBlocks=553
2019-07-13 08:33:41,265 INFO  commandhandler.DeleteBlocksCommandHandler (DeleteBlocksCommandHandler.java:handle(106)) - Start to delete container blocks, TXIDs=[1(1012),2(1012),3(1012)], numOfContainers=3, numOfBlocks=553
2019-07-13 08:33:41,266 INFO  commandhandler.DeleteBlocksCommandHandler (DeleteBlocksCommandHandler.java:handle(106)) - Start to delete container blocks, TXIDs=[1(0),2(0),3(0)], numOfContainers=3, numOfBlocks=553
2019-07-13 08:33:41,268 INFO  commandhandler.DeleteBlocksCommandHandler (DeleteBlocksCommandHandler.java:handle(106)) - Start to delete container blocks, TXIDs=[1(0),2(0),3(0)], numOfContainers=3, numOfBlocks=553
2019-07-13 08:33:41,269 INFO  commandhandler.DeleteBlocksCommandHandler (DeleteBlocksCommandHandler.java:handle(106)) - Start to delete container blocks, TXIDs=[1(0),2(0),3(0)], numOfContainers=3, numOfBlocks=553
2019-07-13 08:33:41,271 INFO  commandhandler.DeleteBlocksCommandHandler (DeleteBlocksCommandHandler.java:handle(106)) - Start to delete container blocks, TXIDs=[1(0),2(0),3(0)], numOfContainers=3, numOfBlocks=553
2019-07-13 08:33:41,272 INFO  commandhandler.DeleteBlocksCommandHandler (DeleteBlocksCommandHandler.java:handle(106)) - Start to delete container blocks, TXIDs=[1(0),2(0),3(0)], numOfContainers=3, numOfBlocks=553
2019-07-13 08:33:41,274 INFO  commandhandler.DeleteBlocksCommandHandler (DeleteBlocksCommandHandler.java:handle(106)) - Start to delete container blocks, TXIDs=[1(0),2(0),3(0)], numOfContainers=3, numOfBlocks=553
2019-07-13 08:33:41,276 INFO  commandhandler.DeleteBlocksCommandHandler (DeleteBlocksCommandHandler.java:handle(106)) - Start to delete container blocks, TXIDs=[1(0),2(0),3(0)], numOfContainers=3, numOfBlocks=553
2019-07-13 08:33:41,277 INFO  commandhandler.DeleteBlocksCommandHandler (DeleteBlocksCommandHandler.java:handle(106)) - Start to delete container blocks, TXIDs=[1(0),2(0),3(0)], numOfContainers=3, numOfBlocks=553
2019-07-13 08:33:41,278 INFO  commandhandler.DeleteBlocksCommandHandler (DeleteBlocksCommandHandler.java:handle(106)) - Start to delete container blocks, TXIDs=[1(0),2(0),3(0)], numOfContainers=3, numOfBlocks=553
2019-07-13 08:33:41,279 DEBUG block.SCMBlockDeletingService (SCMBlockDeletingService.java:call(138)) - Running DeletedBlockTransactionScanner
2019-07-13 08:33:41,279 DEBUG block.SCMBlockDeletingService (SCMBlockDeletingService.java:call(155)) - Scanned deleted blocks log and got 0 delTX to process.
2019-07-13 08:33:41,280 INFO  commandhandler.DeleteBlocksCommandHandler (DeleteBlocksCommandHandler.java:handle(106)) - Start to delete container blocks, TXIDs=[1(0),2(0),3(0)], numOfContainers=3, numOfBlocks=553
2019-07-13 08:33:41,281 INFO  commandhandler.DeleteBlocksCommandHandler (DeleteBlocksCommandHandler.java:handle(106)) - Start to delete container blocks, TXIDs=[1(774),2(774),3(774)], numOfContainers=3, numOfBlocks=553
2019-07-13 08:33:41,283 INFO  commandhandler.DeleteBlocksCommandHandler (DeleteBlocksCommandHandler.java:handle(106)) - Start to delete container blocks, TXIDs=[1(0),2(0),3(0)], numOfContainers=3, numOfBlocks=553
2019-07-13 08:33:41,284 INFO  commandhandler.DeleteBlocksCommandHandler (DeleteBlocksCommandHandler.java:handle(106)) - Start to delete container blocks, TXIDs=[1(0),2(0),3(0)], numOfContainers=3, numOfBlocks=553
2019-07-13 08:33:41,286 INFO  commandhandler.DeleteBlocksCommandHandler (DeleteBlocksCommandHandler.java:handle(106)) - Start to delete container blocks, TXIDs=[1(1012),2(1012),3(1012)], numOfContainers=3, numOfBlocks=553
2019-07-13 08:33:41,287 INFO  commandhandler.DeleteBlocksCommandHandler (DeleteBlocksCommandHandler.java:handle(106)) - Start to delete container blocks, TXIDs=[1(0),2(0),3(0)], numOfContainers=3, numOfBlocks=553
2019-07-13 08:33:41,289 INFO  commandhandler.DeleteBlocksCommandHandler (DeleteBlocksCommandHandler.java:handle(106)) - Start to delete container blocks, TXIDs=[1(0),2(0),3(0)], numOfContainers=3, numOfBlocks=553
2019-07-13 08:33:41,290 INFO  commandhandler.DeleteBlocksCommandHandler (DeleteBlocksCommandHandler.java:handle(106)) - Start to delete container blocks, TXIDs=[1(0),2(0),3(0)], numOfContainers=3, numOfBlocks=553
2019-07-13 08:33:41,291 INFO  commandhandler.DeleteBlocksCommandHandler (DeleteBlocksCommandHandler.java:handle(106)) - Start to delete container blocks, TXIDs=[1(0),2(0),3(0)], numOfContainers=3, numOfBlocks=553
2019-07-13 08:33:41,292 INFO  commandhandler.DeleteBlocksCommandHandler (DeleteBlocksCommandHandler.java:handle(106)) - Start to delete container blocks, TXIDs=[1(0),2(0),3(0)], numOfContainers=3, numOfBlocks=553
2019-07-13 08:33:41,294 INFO  commandhandler.DeleteBlocksCommandHandler (DeleteBlocksCommandHandler.java:handle(106)) - Start to delete container blocks, TXIDs=[1(0),2(0),3(0)], numOfContainers=3, numOfBlocks=553
2019-07-13 08:33:41,295 INFO  commandhandler.DeleteBlocksCommandHandler (DeleteBlocksCommandHandler.java:handle(106)) - Start to delete container blocks, TXIDs=[1(0),2(0),3(0)], numOfContainers=3, numOfBlocks=553
2019-07-13 08:33:41,296 INFO  commandhandler.DeleteBlocksCommandHandler (DeleteBlocksCommandHandler.java:handle(106)) - Start to delete container blocks, TXIDs=[1(0),2(0),3(0)], numOfContainers=3, numOfBlocks=553
2019-07-13 08:33:41,298 INFO  commandhandler.DeleteBlocksCommandHandler (DeleteBlocksCommandHandler.java:handle(106)) - Start to delete container blocks, TXIDs=[1(0),2(0),3(0)], numOfContainers=3, numOfBlocks=553
2019-07-13 08:33:41,299 INFO  commandhandler.DeleteBlocksCommandHandler (DeleteBlocksCommandHandler.java:handle(106)) - Start to delete container blocks, TXIDs=[1(0),2(0),3(0)], numOfContainers=3, numOfBlocks=553
2019-07-13 08:33:41,300 INFO  commandhandler.DeleteBlocksCommandHandler (DeleteBlocksCommandHandler.java:handle(106)) - Start to delete container blocks, TXIDs=[1(0),2(0),3(0)], numOfContainers=3, numOfBlocks=553
2019-07-13 08:33:41,301 INFO  commandhandler.DeleteBlocksCommandHandler (DeleteBlocksCommandHandler.java:handle(106)) - Start to delete container blocks, TXIDs=[1(904),2(904),3(904)], numOfContainers=3, numOfBlocks=553
2019-07-13 08:33:41,303 INFO  commandhandler.DeleteBlocksCommandHandler (DeleteBlocksCommandHandler.java:handle(106)) - Start to delete container blocks, TXIDs=[1(0),2(0),3(0)], numOfContainers=3, numOfBlocks=553
2019-07-13 08:33:41,304 INFO  commandhandler.DeleteBlocksCommandHandler (DeleteBlocksCommandHandler.java:handle(106)) - Start to delete container blocks, TXIDs=[1(149),2(149),3(149)], numOfContainers=3, numOfBlocks=553
2019-07-13 08:33:41,305 INFO  commandhandler.DeleteBlocksCommandHandler (DeleteBlocksCommandHandler.java:handle(106)) - Start to delete container blocks, TXIDs=[1(0),2(0),3(0)], numOfContainers=3, numOfBlocks=553
2019-07-13 08:33:41,306 INFO  commandhandler.DeleteBlocksCommandHandler (DeleteBlocksCommandHandler.java:handle(106)) - Start to delete container blocks, TXIDs=[1(0),2(0),3(0)], numOfContainers=3, numOfBlocks=553
2019-07-13 08:33:41,307 INFO  commandhandler.DeleteBlocksCommandHandler (DeleteBlocksCommandHandler.java:handle(106)) - Start to delete container blocks, TXIDs=[1(0),2(0),3(0)], numOfContainers=3, numOfBlocks=553
2019-07-13 08:33:41,309 INFO  commandhandler.DeleteBlocksCommandHandler (DeleteBlocksCommandHandler.java:handle(106)) - Start to delete container blocks, TXIDs=[1(0),2(0),3(0)], numOfContainers=3, numOfBlocks=553
2019-07-13 08:33:41,310 INFO  commandhandler.DeleteBlocksCommandHandler (DeleteBlocksCommandHandler.java:handle(106)) - Start to delete container blocks, TXIDs=[1(0),2(0),3(0)], numOfContainers=3, numOfBlocks=553
2019-07-13 08:33:41,311 INFO  commandhandler.DeleteBlocksCommandHandler (DeleteBlocksCommandHandler.java:handle(106)) - Start to delete container blocks, TXIDs=[1(0),2(0),3(0)], numOfContainers=3, numOfBlocks=553
2019-07-13 08:33:41,312 INFO  commandhandler.DeleteBlocksCommandHandler (DeleteBlocksCommandHandler.java:handle(106)) - Start to delete container blocks, TXIDs=[1(0),2(0),3(0)], numOfContainers=3, numOfBlocks=553
2019-07-13 08:33:41,313 INFO  commandhandler.DeleteBlocksCommandHandler (DeleteBlocksCommandHandler.java:handle(106)) - Start to delete container blocks, TXIDs=[1(0),2(0),3(0)], numOfContainers=3, numOfBlocks=553
2019-07-13 08:33:41,314 INFO  commandhandler.DeleteBlocksCommandHandler (DeleteBlocksCommandHandler.java:handle(106)) - Start to delete container blocks, TXIDs=[1(0),2(0),3(0)], numOfContainers=3, numOfBlocks=553
2019-07-13 08:33:41,315 INFO  commandhandler.DeleteBlocksCommandHandler (DeleteBlocksCommandHandler.java:handle(106)) - Start to delete container blocks, TXIDs=[1(0),2(0),3(0)], numOfContainers=3, numOfBlocks=553
2019-07-13 08:33:41,317 INFO  commandhandler.DeleteBlocksCommandHandler (DeleteBlocksCommandHandler.java:handle(106)) - Start to delete container blocks, TXIDs=[1(0),2(0),3(0)], numOfContainers=3, numOfBlocks=553
2019-07-13 08:33:41,318 INFO  commandhandler.DeleteBlocksCommandHandler (DeleteBlocksCommandHandler.java:handle(106)) - Start to delete container blocks, TXIDs=[1(904),2(904),3(904)], numOfContainers=3, numOfBlocks=553
2019-07-13 08:33:41,319 INFO  commandhandler.DeleteBlocksCommandHandler (DeleteBlocksCommandHandler.java:handle(106)) - Start to delete container blocks, TXIDs=[1(0),2(0),3(0)], numOfContainers=3, numOfBlocks=553
2019-07-13 08:33:41,320 INFO  commandhandler.DeleteBlocksCommandHandler (DeleteBlocksCommandHandler.java:handle(106)) - Start to delete container blocks, TXIDs=[1(489),2(489),3(489)], numOfContainers=3, numOfBlocks=553
2019-07-13 08:33:41,321 INFO  commandhandler.DeleteBlocksCommandHandler (DeleteBlocksCommandHandler.java:handle(106)) - Start to delete container blocks, TXIDs=[1(0),2(0),3(0)], numOfContainers=3, numOfBlocks=553
2019-07-13 08:33:41,322 INFO  commandhandler.DeleteBlocksCommandHandler (DeleteBlocksCommandHandler.java:handle(106)) - Start to delete container blocks, TXIDs=[1(0),2(0),3(0)], numOfContainers=3, numOfBlocks=553
2019-07-13 08:33:41,323 INFO  commandhandler.DeleteBlocksCommandHandler (DeleteBlocksCommandHandler.java:handle(106)) - Start to delete container blocks, TXIDs=[1(0),2(0),3(0)], numOfContainers=3, numOfBlocks=553
2019-07-13 08:33:41,324 INFO  commandhandler.DeleteBlocksCommandHandler (DeleteBlocksCommandHandler.java:handle(106)) - Start to delete container blocks, TXIDs=[1(0),2(0),3(0)], numOfContainers=3, numOfBlocks=553
2019-07-13 08:33:41,325 INFO  commandhandler.DeleteBlocksCommandHandler (DeleteBlocksCommandHandler.java:handle(106)) - Start to delete container blocks, TXIDs=[1(0),2(0),3(0)], numOfContainers=3, numOfBlocks=553
2019-07-13 08:33:41,327 INFO  commandhandler.DeleteBlocksCommandHandler (DeleteBlocksCommandHandler.java:handle(106)) - Start to delete container blocks, TXIDs=[1(0),2(0),3(0)], numOfContainers=3, numOfBlocks=553
2019-07-13 08:33:41,328 INFO  commandhandler.DeleteBlocksCommandHandler (DeleteBlocksCommandHandler.java:handle(106)) - Start to delete container blocks, TXIDs=[1(0),2(0),3(0)], numOfContainers=3, numOfBlocks=553
2019-07-13 08:33:41,329 INFO  commandhandler.DeleteBlocksCommandHandler (DeleteBlocksCommandHandler.java:handle(106)) - Start to delete container blocks, TXIDs=[1(0),2(0),3(0)], numOfContainers=3, numOfBlocks=553
2019-07-13 08:33:41,330 INFO  commandhandler.DeleteBlocksCommandHandler (DeleteBlocksCommandHandler.java:handle(106)) - Start to delete container blocks, TXIDs=[1(0),2(0),3(0)], numOfContainers=3, numOfBlocks=553
2019-07-13 08:33:41,331 INFO  commandhandler.DeleteBlocksCommandHandler (DeleteBlocksCommandHandler.java:handle(106)) - Start to delete container blocks, TXIDs=[1(0),2(0),3(0)], numOfContainers=3, numOfBlocks=553
2019-07-13 08:33:41,332 INFO  commandhandler.DeleteBlocksCommandHandler (DeleteBlocksCommandHandler.java:handle(106)) - Start to delete container blocks, TXIDs=[1(0),2(0),3(0)], numOfContainers=3, numOfBlocks=553
2019-07-13 08:33:41,333 INFO  commandhandler.DeleteBlocksCommandHandler (DeleteBlocksCommandHandler.java:handle(106)) - Start to delete container blocks, TXIDs=[1(933),2(933),3(933)], numOfContainers=3, numOfBlocks=553
2019-07-13 08:33:41,335 INFO  commandhandler.DeleteBlocksCommandHandler (DeleteBlocksCommandHandler.java:handle(106)) - Start to delete container blocks, TXIDs=[1(0),2(0),3(0)], numOfContainers=3, numOfBlocks=553
2019-07-13 08:33:41,336 INFO  commandhandler.DeleteBlocksCommandHandler (DeleteBlocksCommandHandler.java:handle(106)) - Start to delete container blocks, TXIDs=[1(774),2(774),3(774)], numOfContainers=3, numOfBlocks=553
2019-07-13 08:33:41,337 INFO  commandhandler.DeleteBlocksCommandHandler (DeleteBlocksCommandHandler.java:handle(106)) - Start to delete container blocks, TXIDs=[1(0),2(0),3(0)], numOfContainers=3, numOfBlocks=553
2019-07-13 08:33:41,338 INFO  commandhandler.DeleteBlocksCommandHandler (DeleteBlocksCommandHandler.java:handle(106)) - Start to delete container blocks, TXIDs=[1(0),2(0),3(0)], numOfContainers=3, numOfBlocks=553
2019-07-13 08:33:41,339 INFO  commandhandler.DeleteBlocksCommandHandler (DeleteBlocksCommandHandler.java:handle(106)) - Start to delete container blocks, TXIDs=[1(0),2(0),3(0)], numOfContainers=3, numOfBlocks=553
2019-07-13 08:33:41,340 INFO  commandhandler.DeleteBlocksCommandHandler (DeleteBlocksCommandHandler.java:handle(106)) - Start to delete container blocks, TXIDs=[1(0),2(0),3(0)], numOfContainers=3, numOfBlocks=553
2019-07-13 08:33:41,341 INFO  commandhandler.DeleteBlocksCommandHandler (DeleteBlocksCommandHandler.java:handle(106)) - Start to delete container blocks, TXIDs=[1(0),2(0),3(0)], numOfContainers=3, numOfBlocks=553
2019-07-13 08:33:41,342 INFO  commandhandler.DeleteBlocksCommandHandler (DeleteBlocksCommandHandler.java:handle(106)) - Start to delete container blocks, TXIDs=[1(0),2(0),3(0)], numOfContainers=3, numOfBlocks=553
2019-07-13 08:33:41,343 INFO  commandhandler.DeleteBlocksCommandHandler (DeleteBlocksCommandHandler.java:handle(106)) - Start to delete container blocks, TXIDs=[1(0),2(0),3(0)], numOfContainers=3, numOfBlocks=553
2019-07-13 08:33:41,344 INFO  commandhandler.DeleteBlocksCommandHandler (DeleteBlocksCommandHandler.java:handle(106)) - Start to delete container blocks, TXIDs=[1(0),2(0),3(0)], numOfContainers=3, numOfBlocks=553
2019-07-13 08:33:41,345 INFO  commandhandler.DeleteBlocksCommandHandler (DeleteBlocksCommandHandler.java:handle(106)) - Start to delete container blocks, TXIDs=[1(0),2(0),3(0)], numOfContainers=3, numOfBlocks=553
2019-07-13 08:33:41,346 INFO  commandhandler.DeleteBlocksCommandHandler (DeleteBlocksCommandHandler.java:handle(106)) - Start to delete container blocks, TXIDs=[1(0),2(0),3(0)], numOfContainers=3, numOfBlocks=553
2019-07-13 08:33:41,348 INFO  commandhandler.DeleteBlocksCommandHandler (DeleteBlocksCommandHandler.java:handle(106)) - Start to delete container blocks, TXIDs=[1(0),2(0),3(0)], numOfContainers=3, numOfBlocks=553
2019-07-13 08:33:41,349 INFO  commandhandler.DeleteBlocksCommandHandler (DeleteBlocksCommandHandler.java:handle(106)) - Start to delete container blocks, TXIDs=[1(941),2(941),3(941)], numOfContainers=3, numOfBlocks=553
2019-07-13 08:33:41,350 INFO  commandhandler.DeleteBlocksCommandHandler (DeleteBlocksCommandHandler.java:handle(106)) - Start to delete container blocks, TXIDs=[1(0),2(0),3(0)], numOfContainers=3, numOfBlocks=553
2019-07-13 08:33:41,351 INFO  commandhandler.DeleteBlocksCommandHandler (DeleteBlocksCommandHandler.java:handle(106)) - Start to delete container blocks, TXIDs=[1(956),2(956),3(956)], numOfContainers=3, numOfBlocks=553
2019-07-13 08:33:41,352 INFO  commandhandler.DeleteBlocksCommandHandler (DeleteBlocksCommandHandler.java:handle(106)) - Start to delete container blocks, TXIDs=[1(1012),2(1012),3(1012)], numOfContainers=3, numOfBlocks=553
2019-07-13 08:33:41,353 INFO  commandhandler.DeleteBlocksCommandHandler (DeleteBlocksCommandHandler.java:handle(106)) - Start to delete container blocks, TXIDs=[1(0),2(0),3(0)], numOfContainers=3, numOfBlocks=553
2019-07-13 08:33:41,354 INFO  commandhandler.DeleteBlocksCommandHandler (DeleteBlocksCommandHandler.java:handle(106)) - Start to delete container blocks, TXIDs=[1(0),2(0),3(0)], numOfContainers=3, numOfBlocks=553
2019-07-13 08:33:41,354 INFO  commandhandler.DeleteBlocksCommandHandler (DeleteBlocksCommandHandler.java:handle(106)) - Start to delete container blocks, TXIDs=[1(0),2(0),3(0)], numOfContainers=3, numOfBlocks=553
2019-07-13 08:33:41,356 INFO  commandhandler.DeleteBlocksCommandHandler (DeleteBlocksCommandHandler.java:handle(106)) - Start to delete container blocks, TXIDs=[1(774),2(774),3(774)], numOfContainers=3, numOfBlocks=553
2019-07-13 08:33:41,356 INFO  commandhandler.DeleteBlocksCommandHandler (DeleteBlocksCommandHandler.java:handle(106)) - Start to delete container blocks, TXIDs=[1(0),2(0),3(0)], numOfContainers=3, numOfBlocks=553
2019-07-13 08:33:41,357 INFO  commandhandler.DeleteBlocksCommandHandler (DeleteBlocksCommandHandler.java:handle(106)) - Start to delete container blocks, TXIDs=[1(0),2(0),3(0)], numOfContainers=3, numOfBlocks=553
2019-07-13 08:33:41,358 INFO  commandhandler.DeleteBlocksCommandHandler (DeleteBlocksCommandHandler.java:handle(106)) - Start to delete container blocks, TXIDs=[1(1012),2(1012),3(1012)], numOfContainers=3, numOfBlocks=553
]]></system-out>
    <system-err><![CDATA[ERROR StatusLogger No Log4j 2 configuration file found. Using default configuration (logging only errors to the console), or user programmatically provided configurations. Set system property 'log4j2.debug' to show Log4j 2 internal initialization logging. See https://logging.apache.org/log4j/2.x/manual/configuration.html for instructions on how to configure Log4j 2
Jul 13, 2019 8:31:56 AM com.sun.jersey.server.impl.application.WebApplicationImpl _initiate
INFO: Initiating Jersey application, version 'Jersey: 1.19 02/11/2015 03:25 AM'
Jul 13, 2019 8:33:31 AM com.sun.jersey.server.impl.application.WebApplicationImpl _initiate
INFO: Initiating Jersey application, version 'Jersey: 1.19 02/11/2015 03:25 AM'
]]></system-err>
  </testcase>
</testsuite>