<?xml version="1.0" encoding="UTF-8"?>
<testsuite xmlns:xsi="http://www.w3.org/2001/XMLSchema-instance" xsi:noNamespaceSchemaLocation="https://maven.apache.org/surefire/maven-surefire-plugin/xsd/surefire-test-report.xsd" name="org.apache.hadoop.ozone.client.rpc.TestBlockOutputStreamWithFailures" time="673.529" tests="8" errors="4" skipped="0" failures="2">
  <properties>
    <property name="awt.toolkit" value="sun.awt.X11.XToolkit"/>
    <property name="file.encoding.pkg" value="sun.io"/>
    <property name="java.specification.version" value="1.8"/>
    <property name="sun.cpu.isalist" value=""/>
    <property name="sun.jnu.encoding" value="UTF-8"/>
    <property name="java.class.path" value="/tmp/workdir/hadoop-ozone/integration-test/target/test-classes:/tmp/workdir/hadoop-ozone/integration-test/target/classes:/home/user/.m2/repository/org/apache/hadoop/hadoop-ozone-common/0.5.0-SNAPSHOT/hadoop-ozone-common-0.5.0-SNAPSHOT.jar:/home/user/.m2/repository/org/apache/commons/commons-compress/1.4.1/commons-compress-1.4.1.jar:/home/user/.m2/repository/org/tukaani/xz/1.0/xz-1.0.jar:/home/user/.m2/repository/org/apache/hadoop/hadoop-common/3.2.0/hadoop-common-3.2.0.jar:/home/user/.m2/repository/org/apache/hadoop/hadoop-hdfs/3.2.0/hadoop-hdfs-3.2.0.jar:/home/user/.m2/repository/org/apache/hadoop/hadoop-hdfs-client/3.2.0/hadoop-hdfs-client-3.2.0.jar:/home/user/.m2/repository/com/fasterxml/jackson/core/jackson-annotations/2.9.5/jackson-annotations-2.9.5.jar:/home/user/.m2/repository/org/apache/hadoop/hadoop-hdds-common/0.5.0-SNAPSHOT/hadoop-hdds-common-0.5.0-SNAPSHOT.jar:/home/user/.m2/repository/javax/annotation/javax.annotation-api/1.2/javax.annotation-api-1.2.jar:/home/user/.m2/repository/org/apache/ratis/ratis-server/0.4.0-2337318-SNAPSHOT/ratis-server-0.4.0-2337318-SNAPSHOT.jar:/home/user/.m2/repository/org/apache/ratis/ratis-thirdparty-misc/0.2.0/ratis-thirdparty-misc-0.2.0.jar:/home/user/.m2/repository/org/apache/ratis/ratis-proto/0.4.0-2337318-SNAPSHOT/ratis-proto-0.4.0-2337318-SNAPSHOT.jar:/home/user/.m2/repository/org/apache/ratis/ratis-common/0.4.0-2337318-SNAPSHOT/ratis-common-0.4.0-2337318-SNAPSHOT.jar:/home/user/.m2/repository/org/apache/ratis/ratis-client/0.4.0-2337318-SNAPSHOT/ratis-client-0.4.0-2337318-SNAPSHOT.jar:/home/user/.m2/repository/org/apache/ratis/ratis-metrics/0.4.0-2337318-SNAPSHOT/ratis-metrics-0.4.0-2337318-SNAPSHOT.jar:/home/user/.m2/repository/org/apache/ratis/ratis-netty/0.4.0-2337318-SNAPSHOT/ratis-netty-0.4.0-2337318-SNAPSHOT.jar:/home/user/.m2/repository/org/apache/ratis/ratis-grpc/0.4.0-2337318-SNAPSHOT/ratis-grpc-0.4.0-2337318-SNAPSHOT.jar:/home/user/.m2/repository/org/rocksdb/rocksdbjni/6.0.1/rocksdbjni-6.0.1.jar:/home/user/.m2/repository/org/apache/logging/log4j/log4j-api/2.11.0/log4j-api-2.11.0.jar:/home/user/.m2/repository/org/apache/logging/log4j/log4j-core/2.11.0/log4j-core-2.11.0.jar:/home/user/.m2/repository/com/lmax/disruptor/3.4.2/disruptor-3.4.2.jar:/home/user/.m2/repository/org/apache/commons/commons-pool2/2.6.0/commons-pool2-2.6.0.jar:/home/user/.m2/repository/org/bouncycastle/bcpkix-jdk15on/1.60/bcpkix-jdk15on-1.60.jar:/home/user/.m2/repository/commons-validator/commons-validator/1.6/commons-validator-1.6.jar:/home/user/.m2/repository/commons-digester/commons-digester/1.8.1/commons-digester-1.8.1.jar:/home/user/.m2/repository/io/jaegertracing/jaeger-client/0.33.1/jaeger-client-0.33.1.jar:/home/user/.m2/repository/io/jaegertracing/jaeger-thrift/0.33.1/jaeger-thrift-0.33.1.jar:/home/user/.m2/repository/org/apache/thrift/libthrift/0.11.0/libthrift-0.11.0.jar:/home/user/.m2/repository/com/squareup/okhttp3/okhttp/3.9.0/okhttp-3.9.0.jar:/home/user/.m2/repository/com/squareup/okio/okio/1.13.0/okio-1.13.0.jar:/home/user/.m2/repository/io/jaegertracing/jaeger-core/0.33.1/jaeger-core-0.33.1.jar:/home/user/.m2/repository/io/jaegertracing/jaeger-tracerresolver/0.33.1/jaeger-tracerresolver-0.33.1.jar:/home/user/.m2/repository/io/opentracing/contrib/opentracing-tracerresolver/0.1.5/opentracing-tracerresolver-0.1.5.jar:/home/user/.m2/repository/io/opentracing/opentracing-util/0.31.0/opentracing-util-0.31.0.jar:/home/user/.m2/repository/io/opentracing/opentracing-api/0.31.0/opentracing-api-0.31.0.jar:/home/user/.m2/repository/io/opentracing/opentracing-noop/0.31.0/opentracing-noop-0.31.0.jar:/home/user/.m2/repository/org/apache/hadoop/hadoop-hdds-server-framework/0.5.0-SNAPSHOT/hadoop-hdds-server-framework-0.5.0-SNAPSHOT.jar:/home/user/.m2/repository/org/apache/hadoop/hadoop-hdds-container-service/0.5.0-SNAPSHOT/hadoop-hdds-container-service-0.5.0-SNAPSHOT.jar:/home/user/.m2/repository/org/apache/hadoop/hadoop-hdds-client/0.5.0-SNAPSHOT/hadoop-hdds-client-0.5.0-SNAPSHOT.jar:/home/user/.m2/repository/org/apache/hadoop/hadoop-hdds-tools/0.5.0-SNAPSHOT/hadoop-hdds-tools-0.5.0-SNAPSHOT.jar:/home/user/.m2/repository/org/apache/hadoop/hadoop-hdds-server-scm/0.5.0-SNAPSHOT/hadoop-hdds-server-scm-0.5.0-SNAPSHOT.jar:/home/user/.m2/repository/org/apache/hadoop/hadoop-hdds-docs/0.5.0-SNAPSHOT/hadoop-hdds-docs-0.5.0-SNAPSHOT.jar:/home/user/.m2/repository/io/dropwizard/metrics/metrics-core/3.2.4/metrics-core-3.2.4.jar:/home/user/.m2/repository/org/hamcrest/hamcrest-all/1.3/hamcrest-all-1.3.jar:/home/user/.m2/repository/org/bouncycastle/bcprov-jdk15on/1.60/bcprov-jdk15on-1.60.jar:/home/user/.m2/repository/info/picocli/picocli/3.9.6/picocli-3.9.6.jar:/home/user/.m2/repository/com/google/protobuf/protobuf-java/2.5.0/protobuf-java-2.5.0.jar:/home/user/.m2/repository/com/google/guava/guava/11.0.2/guava-11.0.2.jar:/home/user/.m2/repository/org/apache/hadoop/hadoop-ozone-ozone-manager/0.5.0-SNAPSHOT/hadoop-ozone-ozone-manager-0.5.0-SNAPSHOT.jar:/home/user/.m2/repository/org/apache/hadoop/hadoop-minikdc/3.2.0/hadoop-minikdc-3.2.0.jar:/home/user/.m2/repository/commons-io/commons-io/2.5/commons-io-2.5.jar:/home/user/.m2/repository/org/apache/kerby/kerb-simplekdc/1.0.1/kerb-simplekdc-1.0.1.jar:/home/user/.m2/repository/org/apache/kerby/kerb-client/1.0.1/kerb-client-1.0.1.jar:/home/user/.m2/repository/org/apache/kerby/kerby-config/1.0.1/kerby-config-1.0.1.jar:/home/user/.m2/repository/org/apache/kerby/kerb-core/1.0.1/kerb-core-1.0.1.jar:/home/user/.m2/repository/org/apache/kerby/kerby-pkix/1.0.1/kerby-pkix-1.0.1.jar:/home/user/.m2/repository/org/apache/kerby/kerby-asn1/1.0.1/kerby-asn1-1.0.1.jar:/home/user/.m2/repository/org/apache/kerby/kerby-util/1.0.1/kerby-util-1.0.1.jar:/home/user/.m2/repository/org/apache/kerby/kerb-common/1.0.1/kerb-common-1.0.1.jar:/home/user/.m2/repository/org/apache/kerby/kerb-crypto/1.0.1/kerb-crypto-1.0.1.jar:/home/user/.m2/repository/org/apache/kerby/kerb-util/1.0.1/kerb-util-1.0.1.jar:/home/user/.m2/repository/org/apache/kerby/token-provider/1.0.1/token-provider-1.0.1.jar:/home/user/.m2/repository/org/apache/kerby/kerb-admin/1.0.1/kerb-admin-1.0.1.jar:/home/user/.m2/repository/org/apache/kerby/kerb-server/1.0.1/kerb-server-1.0.1.jar:/home/user/.m2/repository/org/apache/kerby/kerb-identity/1.0.1/kerb-identity-1.0.1.jar:/home/user/.m2/repository/org/apache/kerby/kerby-xdr/1.0.1/kerby-xdr-1.0.1.jar:/home/user/.m2/repository/org/slf4j/slf4j-log4j12/1.7.25/slf4j-log4j12-1.7.25.jar:/home/user/.m2/repository/org/apache/hadoop/hadoop-ozone-objectstore-service/0.5.0-SNAPSHOT/hadoop-ozone-objectstore-service-0.5.0-SNAPSHOT.jar:/home/user/.m2/repository/org/apache/hadoop/hadoop-ozone-s3gateway/0.5.0-SNAPSHOT/hadoop-ozone-s3gateway-0.5.0-SNAPSHOT.jar:/home/user/.m2/repository/org/jboss/weld/servlet/weld-servlet/2.4.7.Final/weld-servlet-2.4.7.Final.jar:/home/user/.m2/repository/org/glassfish/jersey/containers/jersey-container-servlet-core/2.27/jersey-container-servlet-core-2.27.jar:/home/user/.m2/repository/org/glassfish/hk2/external/javax.inject/2.5.0-b42/javax.inject-2.5.0-b42.jar:/home/user/.m2/repository/org/glassfish/jersey/core/jersey-common/2.27/jersey-common-2.27.jar:/home/user/.m2/repository/org/glassfish/hk2/osgi-resource-locator/1.0.1/osgi-resource-locator-1.0.1.jar:/home/user/.m2/repository/javax/ws/rs/javax.ws.rs-api/2.1/javax.ws.rs-api-2.1.jar:/home/user/.m2/repository/org/glassfish/jersey/ext/cdi/jersey-cdi1x/2.27/jersey-cdi1x-2.27.jar:/home/user/.m2/repository/org/glassfish/jersey/inject/jersey-hk2/2.27/jersey-hk2-2.27.jar:/home/user/.m2/repository/org/glassfish/hk2/hk2-locator/2.5.0-b42/hk2-locator-2.5.0-b42.jar:/home/user/.m2/repository/org/javassist/javassist/3.22.0-CR2/javassist-3.22.0-CR2.jar:/home/user/.m2/repository/org/glassfish/hk2/hk2-api/2.5.0/hk2-api-2.5.0.jar:/home/user/.m2/repository/org/glassfish/hk2/external/jakarta.inject/2.5.0/jakarta.inject-2.5.0.jar:/home/user/.m2/repository/org/glassfish/hk2/hk2-utils/2.5.0/hk2-utils-2.5.0.jar:/home/user/.m2/repository/jakarta/annotation/jakarta.annotation-api/1.3.4/jakarta.annotation-api-1.3.4.jar:/home/user/.m2/repository/org/glassfish/hk2/external/aopalliance-repackaged/2.5.0/aopalliance-repackaged-2.5.0.jar:/home/user/.m2/repository/com/fasterxml/jackson/dataformat/jackson-dataformat-xml/2.9.0/jackson-dataformat-xml-2.9.0.jar:/home/user/.m2/repository/com/fasterxml/jackson/core/jackson-core/2.9.5/jackson-core-2.9.5.jar:/home/user/.m2/repository/com/fasterxml/jackson/module/jackson-module-jaxb-annotations/2.9.5/jackson-module-jaxb-annotations-2.9.5.jar:/home/user/.m2/repository/javax/enterprise/cdi-api/1.2/cdi-api-1.2.jar:/home/user/.m2/repository/javax/el/javax.el-api/3.0.0/javax.el-api-3.0.0.jar:/home/user/.m2/repository/javax/interceptor/javax.interceptor-api/1.2/javax.interceptor-api-1.2.jar:/home/user/.m2/repository/javax/inject/javax.inject/1/javax.inject-1.jar:/home/user/.m2/repository/com/sun/xml/bind/jaxb-impl/2.3.0.1/jaxb-impl-2.3.0.1.jar:/home/user/.m2/repository/com/sun/xml/bind/jaxb-core/2.3.0.1/jaxb-core-2.3.0.1.jar:/home/user/.m2/repository/javax/xml/bind/jaxb-api/2.3.0/jaxb-api-2.3.0.jar:/home/user/.m2/repository/javax/activation/activation/1.1.1/activation-1.1.1.jar:/home/user/.m2/repository/org/apache/hadoop/hadoop-ozone-csi/0.5.0-SNAPSHOT/hadoop-ozone-csi-0.5.0-SNAPSHOT.jar:/home/user/.m2/repository/com/google/protobuf/protobuf-java-util/3.5.1/protobuf-java-util-3.5.1.jar:/home/user/.m2/repository/org/apache/hadoop/hadoop-hdds-config/0.5.0-SNAPSHOT/hadoop-hdds-config-0.5.0-SNAPSHOT.jar:/home/user/.m2/repository/io/grpc/grpc-netty/1.17.1/grpc-netty-1.17.1.jar:/home/user/.m2/repository/io/grpc/grpc-core/1.17.1/grpc-core-1.17.1.jar:/home/user/.m2/repository/io/grpc/grpc-context/1.17.1/grpc-context-1.17.1.jar:/home/user/.m2/repository/com/google/errorprone/error_prone_annotations/2.2.0/error_prone_annotations-2.2.0.jar:/home/user/.m2/repository/org/codehaus/mojo/animal-sniffer-annotations/1.17/animal-sniffer-annotations-1.17.jar:/home/user/.m2/repository/io/opencensus/opencensus-api/0.17.0/opencensus-api-0.17.0.jar:/home/user/.m2/repository/io/opencensus/opencensus-contrib-grpc-metrics/0.17.0/opencensus-contrib-grpc-metrics-0.17.0.jar:/home/user/.m2/repository/io/netty/netty-codec-http2/4.1.30.Final/netty-codec-http2-4.1.30.Final.jar:/home/user/.m2/repository/io/netty/netty-codec-http/4.1.30.Final/netty-codec-http-4.1.30.Final.jar:/home/user/.m2/repository/io/netty/netty-codec/4.1.30.Final/netty-codec-4.1.30.Final.jar:/home/user/.m2/repository/io/netty/netty-handler/4.1.30.Final/netty-handler-4.1.30.Final.jar:/home/user/.m2/repository/io/netty/netty-handler-proxy/4.1.30.Final/netty-handler-proxy-4.1.30.Final.jar:/home/user/.m2/repository/io/netty/netty-codec-socks/4.1.30.Final/netty-codec-socks-4.1.30.Final.jar:/home/user/.m2/repository/io/netty/netty-transport-native-epoll/4.1.30.Final/netty-transport-native-epoll-4.1.30.Final.jar:/home/user/.m2/repository/io/netty/netty-common/4.1.30.Final/netty-common-4.1.30.Final.jar:/home/user/.m2/repository/io/netty/netty-buffer/4.1.30.Final/netty-buffer-4.1.30.Final.jar:/home/user/.m2/repository/io/netty/netty-transport/4.1.30.Final/netty-transport-4.1.30.Final.jar:/home/user/.m2/repository/io/netty/netty-resolver/4.1.30.Final/netty-resolver-4.1.30.Final.jar:/home/user/.m2/repository/io/netty/netty-transport-native-unix-common/4.1.30.Final/netty-transport-native-unix-common-4.1.30.Final.jar:/home/user/.m2/repository/io/grpc/grpc-protobuf/1.17.1/grpc-protobuf-1.17.1.jar:/home/user/.m2/repository/com/google/api/grpc/proto-google-common-protos/1.0.0/proto-google-common-protos-1.0.0.jar:/home/user/.m2/repository/io/grpc/grpc-protobuf-lite/1.17.1/grpc-protobuf-lite-1.17.1.jar:/home/user/.m2/repository/io/grpc/grpc-stub/1.17.1/grpc-stub-1.17.1.jar:/home/user/.m2/repository/org/apache/hadoop/hadoop-ozone-recon/0.5.0-SNAPSHOT/hadoop-ozone-recon-0.5.0-SNAPSHOT.jar:/home/user/.m2/repository/org/apache/hadoop/hadoop-ozone-reconcodegen/0.5.0-SNAPSHOT/hadoop-ozone-reconcodegen-0.5.0-SNAPSHOT.jar:/home/user/.m2/repository/com/google/inject/extensions/guice-multibindings/4.0/guice-multibindings-4.0.jar:/home/user/.m2/repository/com/google/inject/guice/4.0/guice-4.0.jar:/home/user/.m2/repository/aopalliance/aopalliance/1.0/aopalliance-1.0.jar:/home/user/.m2/repository/com/google/inject/extensions/guice-servlet/4.0/guice-servlet-4.0.jar:/home/user/.m2/repository/org/glassfish/jersey/containers/jersey-container-servlet/2.27/jersey-container-servlet-2.27.jar:/home/user/.m2/repository/org/glassfish/hk2/guice-bridge/2.5.0/guice-bridge-2.5.0.jar:/home/user/.m2/repository/org/glassfish/jersey/core/jersey-server/2.27/jersey-server-2.27.jar:/home/user/.m2/repository/org/glassfish/jersey/core/jersey-client/2.27/jersey-client-2.27.jar:/home/user/.m2/repository/org/glassfish/jersey/media/jersey-media-jaxb/2.27/jersey-media-jaxb-2.27.jar:/home/user/.m2/repository/javax/validation/validation-api/1.1.0.Final/validation-api-1.1.0.Final.jar:/home/user/.m2/repository/org/glassfish/jersey/media/jersey-media-json-jackson/2.27/jersey-media-json-jackson-2.27.jar:/home/user/.m2/repository/org/glassfish/jersey/ext/jersey-entity-filtering/2.27/jersey-entity-filtering-2.27.jar:/home/user/.m2/repository/com/google/inject/extensions/guice-assistedinject/4.0/guice-assistedinject-4.0.jar:/home/user/.m2/repository/org/jooq/jooq/3.11.10/jooq-3.11.10.jar:/home/user/.m2/repository/org/jooq/jooq-meta/3.11.10/jooq-meta-3.11.10.jar:/home/user/.m2/repository/org/jooq/jooq-codegen/3.11.10/jooq-codegen-3.11.10.jar:/home/user/.m2/repository/com/jolbox/bonecp/0.8.0.RELEASE/bonecp-0.8.0.RELEASE.jar:/home/user/.m2/repository/org/xerial/sqlite-jdbc/3.25.2/sqlite-jdbc-3.25.2.jar:/home/user/.m2/repository/org/springframework/spring-jdbc/5.1.3.RELEASE/spring-jdbc-5.1.3.RELEASE.jar:/home/user/.m2/repository/org/springframework/spring-beans/5.1.3.RELEASE/spring-beans-5.1.3.RELEASE.jar:/home/user/.m2/repository/org/springframework/spring-core/5.1.3.RELEASE/spring-core-5.1.3.RELEASE.jar:/home/user/.m2/repository/org/springframework/spring-jcl/5.1.3.RELEASE/spring-jcl-5.1.3.RELEASE.jar:/home/user/.m2/repository/org/springframework/spring-tx/5.1.3.RELEASE/spring-tx-5.1.3.RELEASE.jar:/home/user/.m2/repository/org/apache/hadoop/hadoop-ozone-client/0.5.0-SNAPSHOT/hadoop-ozone-client-0.5.0-SNAPSHOT.jar:/home/user/.m2/repository/commons-lang/commons-lang/2.6/commons-lang-2.6.jar:/home/user/.m2/repository/org/apache/hadoop/hadoop-ozone-ozone-manager/0.5.0-SNAPSHOT/hadoop-ozone-ozone-manager-0.5.0-SNAPSHOT-tests.jar:/home/user/.m2/repository/junit/junit/4.11/junit-4.11.jar:/home/user/.m2/repository/org/hamcrest/hamcrest-core/1.3/hamcrest-core-1.3.jar:/home/user/.m2/repository/org/openjdk/jmh/jmh-core/1.19/jmh-core-1.19.jar:/home/user/.m2/repository/net/sf/jopt-simple/jopt-simple/4.6/jopt-simple-4.6.jar:/home/user/.m2/repository/org/apache/commons/commons-math3/3.1.1/commons-math3-3.1.1.jar:/home/user/.m2/repository/org/openjdk/jmh/jmh-generator-annprocess/1.19/jmh-generator-annprocess-1.19.jar:/home/user/.m2/repository/org/mockito/mockito-all/1.8.5/mockito-all-1.8.5.jar:/home/user/.m2/repository/org/apache/hadoop/hadoop-kms/3.2.0/hadoop-kms-3.2.0.jar:/home/user/.m2/repository/org/apache/hadoop/hadoop-auth/3.2.0/hadoop-auth-3.2.0.jar:/home/user/.m2/repository/com/nimbusds/nimbus-jose-jwt/4.41.1/nimbus-jose-jwt-4.41.1.jar:/home/user/.m2/repository/com/github/stephenc/jcip/jcip-annotations/1.0-1/jcip-annotations-1.0-1.jar:/home/user/.m2/repository/net/minidev/json-smart/2.3/json-smart-2.3.jar:/home/user/.m2/repository/net/minidev/accessors-smart/1.2/accessors-smart-1.2.jar:/home/user/.m2/repository/org/ow2/asm/asm/5.0.4/asm-5.0.4.jar:/home/user/.m2/repository/org/apache/curator/curator-framework/2.12.0/curator-framework-2.12.0.jar:/home/user/.m2/repository/com/sun/jersey/jersey-core/1.19/jersey-core-1.19.jar:/home/user/.m2/repository/javax/ws/rs/jsr311-api/1.1.1/jsr311-api-1.1.1.jar:/home/user/.m2/repository/com/sun/jersey/jersey-server/1.19/jersey-server-1.19.jar:/home/user/.m2/repository/javax/servlet/javax.servlet-api/3.1.0/javax.servlet-api-3.1.0.jar:/home/user/.m2/repository/org/eclipse/jetty/jetty-server/9.3.24.v20180605/jetty-server-9.3.24.v20180605.jar:/home/user/.m2/repository/org/eclipse/jetty/jetty-http/9.3.24.v20180605/jetty-http-9.3.24.v20180605.jar:/home/user/.m2/repository/org/eclipse/jetty/jetty-io/9.3.24.v20180605/jetty-io-9.3.24.v20180605.jar:/home/user/.m2/repository/org/eclipse/jetty/jetty-webapp/9.3.24.v20180605/jetty-webapp-9.3.24.v20180605.jar:/home/user/.m2/repository/org/eclipse/jetty/jetty-xml/9.3.24.v20180605/jetty-xml-9.3.24.v20180605.jar:/home/user/.m2/repository/log4j/log4j/1.2.17/log4j-1.2.17.jar:/home/user/.m2/repository/org/slf4j/slf4j-api/1.7.25/slf4j-api-1.7.25.jar:/home/user/.m2/repository/org/slf4j/jul-to-slf4j/1.7.25/jul-to-slf4j-1.7.25.jar:/home/user/.m2/repository/org/eclipse/jetty/jetty-util/9.3.24.v20180605/jetty-util-9.3.24.v20180605.jar:/home/user/.m2/repository/com/fasterxml/jackson/core/jackson-databind/2.9.5/jackson-databind-2.9.5.jar:/home/user/.m2/repository/org/apache/hadoop/hadoop-kms/3.2.0/hadoop-kms-3.2.0-tests.jar:/home/user/.m2/repository/org/apache/hadoop/hadoop-hdds-server-scm/0.5.0-SNAPSHOT/hadoop-hdds-server-scm-0.5.0-SNAPSHOT-tests.jar:/home/user/.m2/repository/org/apache/hadoop/hadoop-hdds-container-service/0.5.0-SNAPSHOT/hadoop-hdds-container-service-0.5.0-SNAPSHOT-tests.jar:/home/user/.m2/repository/org/yaml/snakeyaml/1.16/snakeyaml-1.16.jar:/home/user/.m2/repository/org/apache/hadoop/hadoop-common/3.2.0/hadoop-common-3.2.0-tests.jar:/home/user/.m2/repository/org/apache/hadoop/hadoop-annotations/3.2.0/hadoop-annotations-3.2.0.jar:/usr/lib/jvm/java-1.8-openjdk/jre/../lib/tools.jar:/home/user/.m2/repository/commons-cli/commons-cli/1.2/commons-cli-1.2.jar:/home/user/.m2/repository/org/apache/httpcomponents/httpclient/4.5.2/httpclient-4.5.2.jar:/home/user/.m2/repository/org/apache/httpcomponents/httpcore/4.4.4/httpcore-4.4.4.jar:/home/user/.m2/repository/commons-codec/commons-codec/1.11/commons-codec-1.11.jar:/home/user/.m2/repository/commons-net/commons-net/3.6/commons-net-3.6.jar:/home/user/.m2/repository/commons-collections/commons-collections/3.2.2/commons-collections-3.2.2.jar:/home/user/.m2/repository/org/eclipse/jetty/jetty-servlet/9.3.24.v20180605/jetty-servlet-9.3.24.v20180605.jar:/home/user/.m2/repository/org/eclipse/jetty/jetty-security/9.3.24.v20180605/jetty-security-9.3.24.v20180605.jar:/home/user/.m2/repository/javax/servlet/jsp/jsp-api/2.1/jsp-api-2.1.jar:/home/user/.m2/repository/com/sun/jersey/jersey-servlet/1.19/jersey-servlet-1.19.jar:/home/user/.m2/repository/com/sun/jersey/jersey-json/1.19/jersey-json-1.19.jar:/home/user/.m2/repository/org/codehaus/jettison/jettison/1.1/jettison-1.1.jar:/home/user/.m2/repository/org/codehaus/jackson/jackson-core-asl/1.9.13/jackson-core-asl-1.9.13.jar:/home/user/.m2/repository/org/codehaus/jackson/jackson-mapper-asl/1.9.13/jackson-mapper-asl-1.9.13.jar:/home/user/.m2/repository/org/codehaus/jackson/jackson-jaxrs/1.9.13/jackson-jaxrs-1.9.13.jar:/home/user/.m2/repository/org/codehaus/jackson/jackson-xc/1.9.13/jackson-xc-1.9.13.jar:/home/user/.m2/repository/commons-logging/commons-logging/1.1.3/commons-logging-1.1.3.jar:/home/user/.m2/repository/commons-beanutils/commons-beanutils/1.9.3/commons-beanutils-1.9.3.jar:/home/user/.m2/repository/org/apache/commons/commons-configuration2/2.1.1/commons-configuration2-2.1.1.jar:/home/user/.m2/repository/org/apache/commons/commons-lang3/3.7/commons-lang3-3.7.jar:/home/user/.m2/repository/org/apache/commons/commons-text/1.4/commons-text-1.4.jar:/home/user/.m2/repository/org/apache/avro/avro/1.7.7/avro-1.7.7.jar:/home/user/.m2/repository/com/thoughtworks/paranamer/paranamer/2.3/paranamer-2.3.jar:/home/user/.m2/repository/org/xerial/snappy/snappy-java/1.0.5/snappy-java-1.0.5.jar:/home/user/.m2/repository/com/google/re2j/re2j/1.1/re2j-1.1.jar:/home/user/.m2/repository/com/google/code/gson/gson/2.2.4/gson-2.2.4.jar:/home/user/.m2/repository/com/jcraft/jsch/0.1.54/jsch-0.1.54.jar:/home/user/.m2/repository/org/apache/curator/curator-client/2.12.0/curator-client-2.12.0.jar:/home/user/.m2/repository/org/apache/curator/curator-recipes/2.12.0/curator-recipes-2.12.0.jar:/home/user/.m2/repository/com/google/code/findbugs/jsr305/3.0.0/jsr305-3.0.0.jar:/home/user/.m2/repository/org/apache/htrace/htrace-core4/4.1.0-incubating/htrace-core4-4.1.0-incubating.jar:/home/user/.m2/repository/org/apache/zookeeper/zookeeper/3.4.13/zookeeper-3.4.13.jar:/home/user/.m2/repository/org/apache/yetus/audience-annotations/0.5.0/audience-annotations-0.5.0.jar:/home/user/.m2/repository/org/codehaus/woodstox/stax2-api/3.1.4/stax2-api-3.1.4.jar:/home/user/.m2/repository/com/fasterxml/woodstox/woodstox-core/5.0.3/woodstox-core-5.0.3.jar:/home/user/.m2/repository/dnsjava/dnsjava/2.1.7/dnsjava-2.1.7.jar:/home/user/.m2/repository/org/apache/hadoop/hadoop-hdfs/3.2.0/hadoop-hdfs-3.2.0-tests.jar:/home/user/.m2/repository/org/eclipse/jetty/jetty-util-ajax/9.3.24.v20180605/jetty-util-ajax-9.3.24.v20180605.jar:/home/user/.m2/repository/commons-daemon/commons-daemon/1.0.13/commons-daemon-1.0.13.jar:/home/user/.m2/repository/io/netty/netty/3.10.5.Final/netty-3.10.5.Final.jar:/home/user/.m2/repository/io/netty/netty-all/4.0.52.Final/netty-all-4.0.52.Final.jar:/home/user/.m2/repository/org/fusesource/leveldbjni/leveldbjni-all/1.8/leveldbjni-all-1.8.jar:"/>
    <property name="java.vm.vendor" value="IcedTea"/>
    <property name="sun.arch.data.model" value="64"/>
    <property name="test.build.dir" value="/tmp/workdir/hadoop-ozone/integration-test/target/test-dir"/>
    <property name="test.cache.data" value=""/>
    <property name="java.vendor.url" value="https://icedtea.classpath.org"/>
    <property name="user.timezone" value=""/>
    <property name="java.vm.specification.version" value="1.8"/>
    <property name="os.name" value="Linux"/>
    <property name="test.build.data" value="/tmp/workdir/hadoop-ozone/integration-test/target/test-dir"/>
    <property name="user.country" value="US"/>
    <property name="sun.java.launcher" value="SUN_STANDARD"/>
    <property name="sun.boot.library.path" value="/usr/lib/jvm/java-1.8-openjdk/jre/lib/amd64"/>
    <property name="sun.java.command" value="/tmp/workdir/hadoop-ozone/integration-test/target/surefire/surefirebooter7402571802234876664.jar /tmp/workdir/hadoop-ozone/integration-test/target/surefire 2019-07-13T08-10-58_825-jvmRun1 surefire5898742957316646394tmp surefire_697287170032212338817tmp"/>
    <property name="surefire.test.class.path" value="/tmp/workdir/hadoop-ozone/integration-test/target/test-classes:/tmp/workdir/hadoop-ozone/integration-test/target/classes:/home/user/.m2/repository/org/apache/hadoop/hadoop-ozone-common/0.5.0-SNAPSHOT/hadoop-ozone-common-0.5.0-SNAPSHOT.jar:/home/user/.m2/repository/org/apache/commons/commons-compress/1.4.1/commons-compress-1.4.1.jar:/home/user/.m2/repository/org/tukaani/xz/1.0/xz-1.0.jar:/home/user/.m2/repository/org/apache/hadoop/hadoop-common/3.2.0/hadoop-common-3.2.0.jar:/home/user/.m2/repository/org/apache/hadoop/hadoop-hdfs/3.2.0/hadoop-hdfs-3.2.0.jar:/home/user/.m2/repository/org/apache/hadoop/hadoop-hdfs-client/3.2.0/hadoop-hdfs-client-3.2.0.jar:/home/user/.m2/repository/com/fasterxml/jackson/core/jackson-annotations/2.9.5/jackson-annotations-2.9.5.jar:/home/user/.m2/repository/org/apache/hadoop/hadoop-hdds-common/0.5.0-SNAPSHOT/hadoop-hdds-common-0.5.0-SNAPSHOT.jar:/home/user/.m2/repository/javax/annotation/javax.annotation-api/1.2/javax.annotation-api-1.2.jar:/home/user/.m2/repository/org/apache/ratis/ratis-server/0.4.0-2337318-SNAPSHOT/ratis-server-0.4.0-2337318-SNAPSHOT.jar:/home/user/.m2/repository/org/apache/ratis/ratis-thirdparty-misc/0.2.0/ratis-thirdparty-misc-0.2.0.jar:/home/user/.m2/repository/org/apache/ratis/ratis-proto/0.4.0-2337318-SNAPSHOT/ratis-proto-0.4.0-2337318-SNAPSHOT.jar:/home/user/.m2/repository/org/apache/ratis/ratis-common/0.4.0-2337318-SNAPSHOT/ratis-common-0.4.0-2337318-SNAPSHOT.jar:/home/user/.m2/repository/org/apache/ratis/ratis-client/0.4.0-2337318-SNAPSHOT/ratis-client-0.4.0-2337318-SNAPSHOT.jar:/home/user/.m2/repository/org/apache/ratis/ratis-metrics/0.4.0-2337318-SNAPSHOT/ratis-metrics-0.4.0-2337318-SNAPSHOT.jar:/home/user/.m2/repository/org/apache/ratis/ratis-netty/0.4.0-2337318-SNAPSHOT/ratis-netty-0.4.0-2337318-SNAPSHOT.jar:/home/user/.m2/repository/org/apache/ratis/ratis-grpc/0.4.0-2337318-SNAPSHOT/ratis-grpc-0.4.0-2337318-SNAPSHOT.jar:/home/user/.m2/repository/org/rocksdb/rocksdbjni/6.0.1/rocksdbjni-6.0.1.jar:/home/user/.m2/repository/org/apache/logging/log4j/log4j-api/2.11.0/log4j-api-2.11.0.jar:/home/user/.m2/repository/org/apache/logging/log4j/log4j-core/2.11.0/log4j-core-2.11.0.jar:/home/user/.m2/repository/com/lmax/disruptor/3.4.2/disruptor-3.4.2.jar:/home/user/.m2/repository/org/apache/commons/commons-pool2/2.6.0/commons-pool2-2.6.0.jar:/home/user/.m2/repository/org/bouncycastle/bcpkix-jdk15on/1.60/bcpkix-jdk15on-1.60.jar:/home/user/.m2/repository/commons-validator/commons-validator/1.6/commons-validator-1.6.jar:/home/user/.m2/repository/commons-digester/commons-digester/1.8.1/commons-digester-1.8.1.jar:/home/user/.m2/repository/io/jaegertracing/jaeger-client/0.33.1/jaeger-client-0.33.1.jar:/home/user/.m2/repository/io/jaegertracing/jaeger-thrift/0.33.1/jaeger-thrift-0.33.1.jar:/home/user/.m2/repository/org/apache/thrift/libthrift/0.11.0/libthrift-0.11.0.jar:/home/user/.m2/repository/com/squareup/okhttp3/okhttp/3.9.0/okhttp-3.9.0.jar:/home/user/.m2/repository/com/squareup/okio/okio/1.13.0/okio-1.13.0.jar:/home/user/.m2/repository/io/jaegertracing/jaeger-core/0.33.1/jaeger-core-0.33.1.jar:/home/user/.m2/repository/io/jaegertracing/jaeger-tracerresolver/0.33.1/jaeger-tracerresolver-0.33.1.jar:/home/user/.m2/repository/io/opentracing/contrib/opentracing-tracerresolver/0.1.5/opentracing-tracerresolver-0.1.5.jar:/home/user/.m2/repository/io/opentracing/opentracing-util/0.31.0/opentracing-util-0.31.0.jar:/home/user/.m2/repository/io/opentracing/opentracing-api/0.31.0/opentracing-api-0.31.0.jar:/home/user/.m2/repository/io/opentracing/opentracing-noop/0.31.0/opentracing-noop-0.31.0.jar:/home/user/.m2/repository/org/apache/hadoop/hadoop-hdds-server-framework/0.5.0-SNAPSHOT/hadoop-hdds-server-framework-0.5.0-SNAPSHOT.jar:/home/user/.m2/repository/org/apache/hadoop/hadoop-hdds-container-service/0.5.0-SNAPSHOT/hadoop-hdds-container-service-0.5.0-SNAPSHOT.jar:/home/user/.m2/repository/org/apache/hadoop/hadoop-hdds-client/0.5.0-SNAPSHOT/hadoop-hdds-client-0.5.0-SNAPSHOT.jar:/home/user/.m2/repository/org/apache/hadoop/hadoop-hdds-tools/0.5.0-SNAPSHOT/hadoop-hdds-tools-0.5.0-SNAPSHOT.jar:/home/user/.m2/repository/org/apache/hadoop/hadoop-hdds-server-scm/0.5.0-SNAPSHOT/hadoop-hdds-server-scm-0.5.0-SNAPSHOT.jar:/home/user/.m2/repository/org/apache/hadoop/hadoop-hdds-docs/0.5.0-SNAPSHOT/hadoop-hdds-docs-0.5.0-SNAPSHOT.jar:/home/user/.m2/repository/io/dropwizard/metrics/metrics-core/3.2.4/metrics-core-3.2.4.jar:/home/user/.m2/repository/org/hamcrest/hamcrest-all/1.3/hamcrest-all-1.3.jar:/home/user/.m2/repository/org/bouncycastle/bcprov-jdk15on/1.60/bcprov-jdk15on-1.60.jar:/home/user/.m2/repository/info/picocli/picocli/3.9.6/picocli-3.9.6.jar:/home/user/.m2/repository/com/google/protobuf/protobuf-java/2.5.0/protobuf-java-2.5.0.jar:/home/user/.m2/repository/com/google/guava/guava/11.0.2/guava-11.0.2.jar:/home/user/.m2/repository/org/apache/hadoop/hadoop-ozone-ozone-manager/0.5.0-SNAPSHOT/hadoop-ozone-ozone-manager-0.5.0-SNAPSHOT.jar:/home/user/.m2/repository/org/apache/hadoop/hadoop-minikdc/3.2.0/hadoop-minikdc-3.2.0.jar:/home/user/.m2/repository/commons-io/commons-io/2.5/commons-io-2.5.jar:/home/user/.m2/repository/org/apache/kerby/kerb-simplekdc/1.0.1/kerb-simplekdc-1.0.1.jar:/home/user/.m2/repository/org/apache/kerby/kerb-client/1.0.1/kerb-client-1.0.1.jar:/home/user/.m2/repository/org/apache/kerby/kerby-config/1.0.1/kerby-config-1.0.1.jar:/home/user/.m2/repository/org/apache/kerby/kerb-core/1.0.1/kerb-core-1.0.1.jar:/home/user/.m2/repository/org/apache/kerby/kerby-pkix/1.0.1/kerby-pkix-1.0.1.jar:/home/user/.m2/repository/org/apache/kerby/kerby-asn1/1.0.1/kerby-asn1-1.0.1.jar:/home/user/.m2/repository/org/apache/kerby/kerby-util/1.0.1/kerby-util-1.0.1.jar:/home/user/.m2/repository/org/apache/kerby/kerb-common/1.0.1/kerb-common-1.0.1.jar:/home/user/.m2/repository/org/apache/kerby/kerb-crypto/1.0.1/kerb-crypto-1.0.1.jar:/home/user/.m2/repository/org/apache/kerby/kerb-util/1.0.1/kerb-util-1.0.1.jar:/home/user/.m2/repository/org/apache/kerby/token-provider/1.0.1/token-provider-1.0.1.jar:/home/user/.m2/repository/org/apache/kerby/kerb-admin/1.0.1/kerb-admin-1.0.1.jar:/home/user/.m2/repository/org/apache/kerby/kerb-server/1.0.1/kerb-server-1.0.1.jar:/home/user/.m2/repository/org/apache/kerby/kerb-identity/1.0.1/kerb-identity-1.0.1.jar:/home/user/.m2/repository/org/apache/kerby/kerby-xdr/1.0.1/kerby-xdr-1.0.1.jar:/home/user/.m2/repository/org/slf4j/slf4j-log4j12/1.7.25/slf4j-log4j12-1.7.25.jar:/home/user/.m2/repository/org/apache/hadoop/hadoop-ozone-objectstore-service/0.5.0-SNAPSHOT/hadoop-ozone-objectstore-service-0.5.0-SNAPSHOT.jar:/home/user/.m2/repository/org/apache/hadoop/hadoop-ozone-s3gateway/0.5.0-SNAPSHOT/hadoop-ozone-s3gateway-0.5.0-SNAPSHOT.jar:/home/user/.m2/repository/org/jboss/weld/servlet/weld-servlet/2.4.7.Final/weld-servlet-2.4.7.Final.jar:/home/user/.m2/repository/org/glassfish/jersey/containers/jersey-container-servlet-core/2.27/jersey-container-servlet-core-2.27.jar:/home/user/.m2/repository/org/glassfish/hk2/external/javax.inject/2.5.0-b42/javax.inject-2.5.0-b42.jar:/home/user/.m2/repository/org/glassfish/jersey/core/jersey-common/2.27/jersey-common-2.27.jar:/home/user/.m2/repository/org/glassfish/hk2/osgi-resource-locator/1.0.1/osgi-resource-locator-1.0.1.jar:/home/user/.m2/repository/javax/ws/rs/javax.ws.rs-api/2.1/javax.ws.rs-api-2.1.jar:/home/user/.m2/repository/org/glassfish/jersey/ext/cdi/jersey-cdi1x/2.27/jersey-cdi1x-2.27.jar:/home/user/.m2/repository/org/glassfish/jersey/inject/jersey-hk2/2.27/jersey-hk2-2.27.jar:/home/user/.m2/repository/org/glassfish/hk2/hk2-locator/2.5.0-b42/hk2-locator-2.5.0-b42.jar:/home/user/.m2/repository/org/javassist/javassist/3.22.0-CR2/javassist-3.22.0-CR2.jar:/home/user/.m2/repository/org/glassfish/hk2/hk2-api/2.5.0/hk2-api-2.5.0.jar:/home/user/.m2/repository/org/glassfish/hk2/external/jakarta.inject/2.5.0/jakarta.inject-2.5.0.jar:/home/user/.m2/repository/org/glassfish/hk2/hk2-utils/2.5.0/hk2-utils-2.5.0.jar:/home/user/.m2/repository/jakarta/annotation/jakarta.annotation-api/1.3.4/jakarta.annotation-api-1.3.4.jar:/home/user/.m2/repository/org/glassfish/hk2/external/aopalliance-repackaged/2.5.0/aopalliance-repackaged-2.5.0.jar:/home/user/.m2/repository/com/fasterxml/jackson/dataformat/jackson-dataformat-xml/2.9.0/jackson-dataformat-xml-2.9.0.jar:/home/user/.m2/repository/com/fasterxml/jackson/core/jackson-core/2.9.5/jackson-core-2.9.5.jar:/home/user/.m2/repository/com/fasterxml/jackson/module/jackson-module-jaxb-annotations/2.9.5/jackson-module-jaxb-annotations-2.9.5.jar:/home/user/.m2/repository/javax/enterprise/cdi-api/1.2/cdi-api-1.2.jar:/home/user/.m2/repository/javax/el/javax.el-api/3.0.0/javax.el-api-3.0.0.jar:/home/user/.m2/repository/javax/interceptor/javax.interceptor-api/1.2/javax.interceptor-api-1.2.jar:/home/user/.m2/repository/javax/inject/javax.inject/1/javax.inject-1.jar:/home/user/.m2/repository/com/sun/xml/bind/jaxb-impl/2.3.0.1/jaxb-impl-2.3.0.1.jar:/home/user/.m2/repository/com/sun/xml/bind/jaxb-core/2.3.0.1/jaxb-core-2.3.0.1.jar:/home/user/.m2/repository/javax/xml/bind/jaxb-api/2.3.0/jaxb-api-2.3.0.jar:/home/user/.m2/repository/javax/activation/activation/1.1.1/activation-1.1.1.jar:/home/user/.m2/repository/org/apache/hadoop/hadoop-ozone-csi/0.5.0-SNAPSHOT/hadoop-ozone-csi-0.5.0-SNAPSHOT.jar:/home/user/.m2/repository/com/google/protobuf/protobuf-java-util/3.5.1/protobuf-java-util-3.5.1.jar:/home/user/.m2/repository/org/apache/hadoop/hadoop-hdds-config/0.5.0-SNAPSHOT/hadoop-hdds-config-0.5.0-SNAPSHOT.jar:/home/user/.m2/repository/io/grpc/grpc-netty/1.17.1/grpc-netty-1.17.1.jar:/home/user/.m2/repository/io/grpc/grpc-core/1.17.1/grpc-core-1.17.1.jar:/home/user/.m2/repository/io/grpc/grpc-context/1.17.1/grpc-context-1.17.1.jar:/home/user/.m2/repository/com/google/errorprone/error_prone_annotations/2.2.0/error_prone_annotations-2.2.0.jar:/home/user/.m2/repository/org/codehaus/mojo/animal-sniffer-annotations/1.17/animal-sniffer-annotations-1.17.jar:/home/user/.m2/repository/io/opencensus/opencensus-api/0.17.0/opencensus-api-0.17.0.jar:/home/user/.m2/repository/io/opencensus/opencensus-contrib-grpc-metrics/0.17.0/opencensus-contrib-grpc-metrics-0.17.0.jar:/home/user/.m2/repository/io/netty/netty-codec-http2/4.1.30.Final/netty-codec-http2-4.1.30.Final.jar:/home/user/.m2/repository/io/netty/netty-codec-http/4.1.30.Final/netty-codec-http-4.1.30.Final.jar:/home/user/.m2/repository/io/netty/netty-codec/4.1.30.Final/netty-codec-4.1.30.Final.jar:/home/user/.m2/repository/io/netty/netty-handler/4.1.30.Final/netty-handler-4.1.30.Final.jar:/home/user/.m2/repository/io/netty/netty-handler-proxy/4.1.30.Final/netty-handler-proxy-4.1.30.Final.jar:/home/user/.m2/repository/io/netty/netty-codec-socks/4.1.30.Final/netty-codec-socks-4.1.30.Final.jar:/home/user/.m2/repository/io/netty/netty-transport-native-epoll/4.1.30.Final/netty-transport-native-epoll-4.1.30.Final.jar:/home/user/.m2/repository/io/netty/netty-common/4.1.30.Final/netty-common-4.1.30.Final.jar:/home/user/.m2/repository/io/netty/netty-buffer/4.1.30.Final/netty-buffer-4.1.30.Final.jar:/home/user/.m2/repository/io/netty/netty-transport/4.1.30.Final/netty-transport-4.1.30.Final.jar:/home/user/.m2/repository/io/netty/netty-resolver/4.1.30.Final/netty-resolver-4.1.30.Final.jar:/home/user/.m2/repository/io/netty/netty-transport-native-unix-common/4.1.30.Final/netty-transport-native-unix-common-4.1.30.Final.jar:/home/user/.m2/repository/io/grpc/grpc-protobuf/1.17.1/grpc-protobuf-1.17.1.jar:/home/user/.m2/repository/com/google/api/grpc/proto-google-common-protos/1.0.0/proto-google-common-protos-1.0.0.jar:/home/user/.m2/repository/io/grpc/grpc-protobuf-lite/1.17.1/grpc-protobuf-lite-1.17.1.jar:/home/user/.m2/repository/io/grpc/grpc-stub/1.17.1/grpc-stub-1.17.1.jar:/home/user/.m2/repository/org/apache/hadoop/hadoop-ozone-recon/0.5.0-SNAPSHOT/hadoop-ozone-recon-0.5.0-SNAPSHOT.jar:/home/user/.m2/repository/org/apache/hadoop/hadoop-ozone-reconcodegen/0.5.0-SNAPSHOT/hadoop-ozone-reconcodegen-0.5.0-SNAPSHOT.jar:/home/user/.m2/repository/com/google/inject/extensions/guice-multibindings/4.0/guice-multibindings-4.0.jar:/home/user/.m2/repository/com/google/inject/guice/4.0/guice-4.0.jar:/home/user/.m2/repository/aopalliance/aopalliance/1.0/aopalliance-1.0.jar:/home/user/.m2/repository/com/google/inject/extensions/guice-servlet/4.0/guice-servlet-4.0.jar:/home/user/.m2/repository/org/glassfish/jersey/containers/jersey-container-servlet/2.27/jersey-container-servlet-2.27.jar:/home/user/.m2/repository/org/glassfish/hk2/guice-bridge/2.5.0/guice-bridge-2.5.0.jar:/home/user/.m2/repository/org/glassfish/jersey/core/jersey-server/2.27/jersey-server-2.27.jar:/home/user/.m2/repository/org/glassfish/jersey/core/jersey-client/2.27/jersey-client-2.27.jar:/home/user/.m2/repository/org/glassfish/jersey/media/jersey-media-jaxb/2.27/jersey-media-jaxb-2.27.jar:/home/user/.m2/repository/javax/validation/validation-api/1.1.0.Final/validation-api-1.1.0.Final.jar:/home/user/.m2/repository/org/glassfish/jersey/media/jersey-media-json-jackson/2.27/jersey-media-json-jackson-2.27.jar:/home/user/.m2/repository/org/glassfish/jersey/ext/jersey-entity-filtering/2.27/jersey-entity-filtering-2.27.jar:/home/user/.m2/repository/com/google/inject/extensions/guice-assistedinject/4.0/guice-assistedinject-4.0.jar:/home/user/.m2/repository/org/jooq/jooq/3.11.10/jooq-3.11.10.jar:/home/user/.m2/repository/org/jooq/jooq-meta/3.11.10/jooq-meta-3.11.10.jar:/home/user/.m2/repository/org/jooq/jooq-codegen/3.11.10/jooq-codegen-3.11.10.jar:/home/user/.m2/repository/com/jolbox/bonecp/0.8.0.RELEASE/bonecp-0.8.0.RELEASE.jar:/home/user/.m2/repository/org/xerial/sqlite-jdbc/3.25.2/sqlite-jdbc-3.25.2.jar:/home/user/.m2/repository/org/springframework/spring-jdbc/5.1.3.RELEASE/spring-jdbc-5.1.3.RELEASE.jar:/home/user/.m2/repository/org/springframework/spring-beans/5.1.3.RELEASE/spring-beans-5.1.3.RELEASE.jar:/home/user/.m2/repository/org/springframework/spring-core/5.1.3.RELEASE/spring-core-5.1.3.RELEASE.jar:/home/user/.m2/repository/org/springframework/spring-jcl/5.1.3.RELEASE/spring-jcl-5.1.3.RELEASE.jar:/home/user/.m2/repository/org/springframework/spring-tx/5.1.3.RELEASE/spring-tx-5.1.3.RELEASE.jar:/home/user/.m2/repository/org/apache/hadoop/hadoop-ozone-client/0.5.0-SNAPSHOT/hadoop-ozone-client-0.5.0-SNAPSHOT.jar:/home/user/.m2/repository/commons-lang/commons-lang/2.6/commons-lang-2.6.jar:/home/user/.m2/repository/org/apache/hadoop/hadoop-ozone-ozone-manager/0.5.0-SNAPSHOT/hadoop-ozone-ozone-manager-0.5.0-SNAPSHOT-tests.jar:/home/user/.m2/repository/junit/junit/4.11/junit-4.11.jar:/home/user/.m2/repository/org/hamcrest/hamcrest-core/1.3/hamcrest-core-1.3.jar:/home/user/.m2/repository/org/openjdk/jmh/jmh-core/1.19/jmh-core-1.19.jar:/home/user/.m2/repository/net/sf/jopt-simple/jopt-simple/4.6/jopt-simple-4.6.jar:/home/user/.m2/repository/org/apache/commons/commons-math3/3.1.1/commons-math3-3.1.1.jar:/home/user/.m2/repository/org/openjdk/jmh/jmh-generator-annprocess/1.19/jmh-generator-annprocess-1.19.jar:/home/user/.m2/repository/org/mockito/mockito-all/1.8.5/mockito-all-1.8.5.jar:/home/user/.m2/repository/org/apache/hadoop/hadoop-kms/3.2.0/hadoop-kms-3.2.0.jar:/home/user/.m2/repository/org/apache/hadoop/hadoop-auth/3.2.0/hadoop-auth-3.2.0.jar:/home/user/.m2/repository/com/nimbusds/nimbus-jose-jwt/4.41.1/nimbus-jose-jwt-4.41.1.jar:/home/user/.m2/repository/com/github/stephenc/jcip/jcip-annotations/1.0-1/jcip-annotations-1.0-1.jar:/home/user/.m2/repository/net/minidev/json-smart/2.3/json-smart-2.3.jar:/home/user/.m2/repository/net/minidev/accessors-smart/1.2/accessors-smart-1.2.jar:/home/user/.m2/repository/org/ow2/asm/asm/5.0.4/asm-5.0.4.jar:/home/user/.m2/repository/org/apache/curator/curator-framework/2.12.0/curator-framework-2.12.0.jar:/home/user/.m2/repository/com/sun/jersey/jersey-core/1.19/jersey-core-1.19.jar:/home/user/.m2/repository/javax/ws/rs/jsr311-api/1.1.1/jsr311-api-1.1.1.jar:/home/user/.m2/repository/com/sun/jersey/jersey-server/1.19/jersey-server-1.19.jar:/home/user/.m2/repository/javax/servlet/javax.servlet-api/3.1.0/javax.servlet-api-3.1.0.jar:/home/user/.m2/repository/org/eclipse/jetty/jetty-server/9.3.24.v20180605/jetty-server-9.3.24.v20180605.jar:/home/user/.m2/repository/org/eclipse/jetty/jetty-http/9.3.24.v20180605/jetty-http-9.3.24.v20180605.jar:/home/user/.m2/repository/org/eclipse/jetty/jetty-io/9.3.24.v20180605/jetty-io-9.3.24.v20180605.jar:/home/user/.m2/repository/org/eclipse/jetty/jetty-webapp/9.3.24.v20180605/jetty-webapp-9.3.24.v20180605.jar:/home/user/.m2/repository/org/eclipse/jetty/jetty-xml/9.3.24.v20180605/jetty-xml-9.3.24.v20180605.jar:/home/user/.m2/repository/log4j/log4j/1.2.17/log4j-1.2.17.jar:/home/user/.m2/repository/org/slf4j/slf4j-api/1.7.25/slf4j-api-1.7.25.jar:/home/user/.m2/repository/org/slf4j/jul-to-slf4j/1.7.25/jul-to-slf4j-1.7.25.jar:/home/user/.m2/repository/org/eclipse/jetty/jetty-util/9.3.24.v20180605/jetty-util-9.3.24.v20180605.jar:/home/user/.m2/repository/com/fasterxml/jackson/core/jackson-databind/2.9.5/jackson-databind-2.9.5.jar:/home/user/.m2/repository/org/apache/hadoop/hadoop-kms/3.2.0/hadoop-kms-3.2.0-tests.jar:/home/user/.m2/repository/org/apache/hadoop/hadoop-hdds-server-scm/0.5.0-SNAPSHOT/hadoop-hdds-server-scm-0.5.0-SNAPSHOT-tests.jar:/home/user/.m2/repository/org/apache/hadoop/hadoop-hdds-container-service/0.5.0-SNAPSHOT/hadoop-hdds-container-service-0.5.0-SNAPSHOT-tests.jar:/home/user/.m2/repository/org/yaml/snakeyaml/1.16/snakeyaml-1.16.jar:/home/user/.m2/repository/org/apache/hadoop/hadoop-common/3.2.0/hadoop-common-3.2.0-tests.jar:/home/user/.m2/repository/org/apache/hadoop/hadoop-annotations/3.2.0/hadoop-annotations-3.2.0.jar:/usr/lib/jvm/java-1.8-openjdk/jre/../lib/tools.jar:/home/user/.m2/repository/commons-cli/commons-cli/1.2/commons-cli-1.2.jar:/home/user/.m2/repository/org/apache/httpcomponents/httpclient/4.5.2/httpclient-4.5.2.jar:/home/user/.m2/repository/org/apache/httpcomponents/httpcore/4.4.4/httpcore-4.4.4.jar:/home/user/.m2/repository/commons-codec/commons-codec/1.11/commons-codec-1.11.jar:/home/user/.m2/repository/commons-net/commons-net/3.6/commons-net-3.6.jar:/home/user/.m2/repository/commons-collections/commons-collections/3.2.2/commons-collections-3.2.2.jar:/home/user/.m2/repository/org/eclipse/jetty/jetty-servlet/9.3.24.v20180605/jetty-servlet-9.3.24.v20180605.jar:/home/user/.m2/repository/org/eclipse/jetty/jetty-security/9.3.24.v20180605/jetty-security-9.3.24.v20180605.jar:/home/user/.m2/repository/javax/servlet/jsp/jsp-api/2.1/jsp-api-2.1.jar:/home/user/.m2/repository/com/sun/jersey/jersey-servlet/1.19/jersey-servlet-1.19.jar:/home/user/.m2/repository/com/sun/jersey/jersey-json/1.19/jersey-json-1.19.jar:/home/user/.m2/repository/org/codehaus/jettison/jettison/1.1/jettison-1.1.jar:/home/user/.m2/repository/org/codehaus/jackson/jackson-core-asl/1.9.13/jackson-core-asl-1.9.13.jar:/home/user/.m2/repository/org/codehaus/jackson/jackson-mapper-asl/1.9.13/jackson-mapper-asl-1.9.13.jar:/home/user/.m2/repository/org/codehaus/jackson/jackson-jaxrs/1.9.13/jackson-jaxrs-1.9.13.jar:/home/user/.m2/repository/org/codehaus/jackson/jackson-xc/1.9.13/jackson-xc-1.9.13.jar:/home/user/.m2/repository/commons-logging/commons-logging/1.1.3/commons-logging-1.1.3.jar:/home/user/.m2/repository/commons-beanutils/commons-beanutils/1.9.3/commons-beanutils-1.9.3.jar:/home/user/.m2/repository/org/apache/commons/commons-configuration2/2.1.1/commons-configuration2-2.1.1.jar:/home/user/.m2/repository/org/apache/commons/commons-lang3/3.7/commons-lang3-3.7.jar:/home/user/.m2/repository/org/apache/commons/commons-text/1.4/commons-text-1.4.jar:/home/user/.m2/repository/org/apache/avro/avro/1.7.7/avro-1.7.7.jar:/home/user/.m2/repository/com/thoughtworks/paranamer/paranamer/2.3/paranamer-2.3.jar:/home/user/.m2/repository/org/xerial/snappy/snappy-java/1.0.5/snappy-java-1.0.5.jar:/home/user/.m2/repository/com/google/re2j/re2j/1.1/re2j-1.1.jar:/home/user/.m2/repository/com/google/code/gson/gson/2.2.4/gson-2.2.4.jar:/home/user/.m2/repository/com/jcraft/jsch/0.1.54/jsch-0.1.54.jar:/home/user/.m2/repository/org/apache/curator/curator-client/2.12.0/curator-client-2.12.0.jar:/home/user/.m2/repository/org/apache/curator/curator-recipes/2.12.0/curator-recipes-2.12.0.jar:/home/user/.m2/repository/com/google/code/findbugs/jsr305/3.0.0/jsr305-3.0.0.jar:/home/user/.m2/repository/org/apache/htrace/htrace-core4/4.1.0-incubating/htrace-core4-4.1.0-incubating.jar:/home/user/.m2/repository/org/apache/zookeeper/zookeeper/3.4.13/zookeeper-3.4.13.jar:/home/user/.m2/repository/org/apache/yetus/audience-annotations/0.5.0/audience-annotations-0.5.0.jar:/home/user/.m2/repository/org/codehaus/woodstox/stax2-api/3.1.4/stax2-api-3.1.4.jar:/home/user/.m2/repository/com/fasterxml/woodstox/woodstox-core/5.0.3/woodstox-core-5.0.3.jar:/home/user/.m2/repository/dnsjava/dnsjava/2.1.7/dnsjava-2.1.7.jar:/home/user/.m2/repository/org/apache/hadoop/hadoop-hdfs/3.2.0/hadoop-hdfs-3.2.0-tests.jar:/home/user/.m2/repository/org/eclipse/jetty/jetty-util-ajax/9.3.24.v20180605/jetty-util-ajax-9.3.24.v20180605.jar:/home/user/.m2/repository/commons-daemon/commons-daemon/1.0.13/commons-daemon-1.0.13.jar:/home/user/.m2/repository/io/netty/netty/3.10.5.Final/netty-3.10.5.Final.jar:/home/user/.m2/repository/io/netty/netty-all/4.0.52.Final/netty-all-4.0.52.Final.jar:/home/user/.m2/repository/org/fusesource/leveldbjni/leveldbjni-all/1.8/leveldbjni-all-1.8.jar:"/>
    <property name="sun.cpu.endian" value="little"/>
    <property name="user.home" value="/home/user"/>
    <property name="user.language" value="en"/>
    <property name="java.specification.vendor" value="Oracle Corporation"/>
    <property name="java.home" value="/usr/lib/jvm/java-1.8-openjdk/jre"/>
    <property name="java.security.krb5.conf" value="/tmp/workdir/hadoop-ozone/integration-test/target/test-classes/krb5.conf"/>
    <property name="basedir" value="/tmp/workdir/hadoop-ozone/integration-test"/>
    <property name="file.separator" value="/"/>
    <property name="line.separator" value="&#10;"/>
    <property name="java.vm.specification.vendor" value="Oracle Corporation"/>
    <property name="java.specification.name" value="Java Platform API Specification"/>
    <property name="java.awt.graphicsenv" value="sun.awt.X11GraphicsEnvironment"/>
    <property name="surefire.real.class.path" value="/tmp/workdir/hadoop-ozone/integration-test/target/surefire/surefirebooter7402571802234876664.jar"/>
    <property name="hadoop.log.dir" value="/tmp/workdir/hadoop-ozone/integration-test/target/log"/>
    <property name="sun.boot.class.path" value="/usr/lib/jvm/java-1.8-openjdk/jre/lib/resources.jar:/usr/lib/jvm/java-1.8-openjdk/jre/lib/rt.jar:/usr/lib/jvm/java-1.8-openjdk/jre/lib/sunrsasign.jar:/usr/lib/jvm/java-1.8-openjdk/jre/lib/jsse.jar:/usr/lib/jvm/java-1.8-openjdk/jre/lib/jce.jar:/usr/lib/jvm/java-1.8-openjdk/jre/lib/charsets.jar:/usr/lib/jvm/java-1.8-openjdk/jre/lib/jfr.jar:/usr/lib/jvm/java-1.8-openjdk/jre/classes"/>
    <property name="sun.management.compiler" value="HotSpot 64-Bit Tiered Compilers"/>
    <property name="java.runtime.version" value="1.8.0_212-b04"/>
    <property name="java.net.preferIPv4Stack" value="true"/>
    <property name="user.name" value="jenkins1000"/>
    <property name="path.separator" value=":"/>
    <property name="java.security.egd" value="file:///dev/urandom"/>
    <property name="os.version" value="3.10.0-957.12.2.el7.x86_64"/>
    <property name="java.endorsed.dirs" value="/usr/lib/jvm/java-1.8-openjdk/jre/lib/endorsed"/>
    <property name="java.runtime.name" value="OpenJDK Runtime Environment"/>
    <property name="file.encoding" value="UTF-8"/>
    <property name="java.vm.name" value="OpenJDK 64-Bit Server VM"/>
    <property name="test.build.webapps" value=""/>
    <property name="localRepository" value="/home/user/.m2/repository"/>
    <property name="java.vendor.url.bug" value="https://icedtea.classpath.org/bugzilla"/>
    <property name="java.io.tmpdir" value="/tmp"/>
    <property name="require.test.libhadoop" value=""/>
    <property name="java.version" value="1.8.0_212"/>
    <property name="user.dir" value="/tmp/workdir/hadoop-ozone/integration-test"/>
    <property name="os.arch" value="amd64"/>
    <property name="java.vm.specification.name" value="Java Virtual Machine Specification"/>
    <property name="test.build.classes" value="/tmp/workdir/hadoop-ozone/integration-test/target/test-classes"/>
    <property name="java.awt.printerjob" value="sun.print.PSPrinterJob"/>
    <property name="sun.os.patch.level" value="unknown"/>
    <property name="hadoop.tmp.dir" value="/tmp/workdir/hadoop-ozone/integration-test/target/tmp"/>
    <property name="java.library.path" value="/usr/lib/jvm/java-1.8-openjdk/jre/lib/amd64/server:/usr/lib/jvm/java-1.8-openjdk/jre/lib/amd64:/usr/lib/jvm/java-1.8-openjdk/jre/../lib/amd64:/tmp/workdir/hadoop-ozone/integration-test/target/native/target/usr/local/lib:/tmp/workdir/hadoop-ozone/integration-test/../../hadoop-common-project/hadoop-common/target/native/target/usr/local/lib:/usr/java/packages/lib/amd64:/usr/lib64:/lib64:/lib:/usr/lib"/>
    <property name="java.vm.info" value="mixed mode"/>
    <property name="java.vendor" value="IcedTea"/>
    <property name="java.vm.version" value="25.212-b04"/>
    <property name="java.ext.dirs" value="/usr/lib/jvm/java-1.8-openjdk/jre/lib/ext:/usr/java/packages/lib/ext"/>
    <property name="sun.io.unicode.encoding" value="UnicodeLittle"/>
    <property name="java.class.version" value="52.0"/>
  </properties>
  <testcase name="test2DatanodesFailure" classname="org.apache.hadoop.ozone.client.rpc.TestBlockOutputStreamWithFailures" time="44.496">
    <failure type="java.lang.AssertionError">java.lang.AssertionError
	at org.junit.Assert.fail(Assert.java:86)
	at org.junit.Assert.assertTrue(Assert.java:41)
	at org.junit.Assert.assertTrue(Assert.java:52)
	at org.apache.hadoop.ozone.client.rpc.TestBlockOutputStreamWithFailures.test2DatanodesFailure(TestBlockOutputStreamWithFailures.java:507)
	at sun.reflect.NativeMethodAccessorImpl.invoke0(Native Method)
	at sun.reflect.NativeMethodAccessorImpl.invoke(NativeMethodAccessorImpl.java:62)
	at sun.reflect.DelegatingMethodAccessorImpl.invoke(DelegatingMethodAccessorImpl.java:43)
	at java.lang.reflect.Method.invoke(Method.java:498)
	at org.junit.runners.model.FrameworkMethod$1.runReflectiveCall(FrameworkMethod.java:47)
	at org.junit.internal.runners.model.ReflectiveCallable.run(ReflectiveCallable.java:12)
	at org.junit.runners.model.FrameworkMethod.invokeExplosively(FrameworkMethod.java:44)
	at org.junit.internal.runners.statements.InvokeMethod.evaluate(InvokeMethod.java:17)
	at org.junit.internal.runners.statements.RunBefores.evaluate(RunBefores.java:26)
	at org.junit.internal.runners.statements.RunAfters.evaluate(RunAfters.java:27)
	at org.junit.runners.ParentRunner.runLeaf(ParentRunner.java:271)
	at org.junit.runners.BlockJUnit4ClassRunner.runChild(BlockJUnit4ClassRunner.java:70)
	at org.junit.runners.BlockJUnit4ClassRunner.runChild(BlockJUnit4ClassRunner.java:50)
	at org.junit.runners.ParentRunner$3.run(ParentRunner.java:238)
	at org.junit.runners.ParentRunner$1.schedule(ParentRunner.java:63)
	at org.junit.runners.ParentRunner.runChildren(ParentRunner.java:236)
	at org.junit.runners.ParentRunner.access$000(ParentRunner.java:53)
	at org.junit.runners.ParentRunner$2.evaluate(ParentRunner.java:229)
	at org.junit.runners.ParentRunner.run(ParentRunner.java:309)
	at org.apache.maven.surefire.junit4.JUnit4Provider.execute(JUnit4Provider.java:365)
	at org.apache.maven.surefire.junit4.JUnit4Provider.executeWithRerun(JUnit4Provider.java:273)
	at org.apache.maven.surefire.junit4.JUnit4Provider.executeTestSet(JUnit4Provider.java:238)
	at org.apache.maven.surefire.junit4.JUnit4Provider.invoke(JUnit4Provider.java:159)
	at org.apache.maven.surefire.booter.ForkedBooter.invokeProviderInSameClassLoader(ForkedBooter.java:384)
	at org.apache.maven.surefire.booter.ForkedBooter.runSuitesInProcess(ForkedBooter.java:345)
	at org.apache.maven.surefire.booter.ForkedBooter.execute(ForkedBooter.java:126)
	at org.apache.maven.surefire.booter.ForkedBooter.main(ForkedBooter.java:418)
</failure>
    <system-out><![CDATA[2019-07-13 09:07:45,476 WARN  server.ServerUtils (ServerUtils.java:getScmDbDir(145)) - ozone.scm.db.dirs is not configured. We recommend adding this setting. Falling back to ozone.metadata.dirs instead.
2019-07-13 09:07:45,586 WARN  server.ServerUtils (ServerUtils.java:getScmDbDir(145)) - ozone.scm.db.dirs is not configured. We recommend adding this setting. Falling back to ozone.metadata.dirs instead.
2019-07-13 09:07:45,588 WARN  server.ServerUtils (ServerUtils.java:getScmDbDir(145)) - ozone.scm.db.dirs is not configured. We recommend adding this setting. Falling back to ozone.metadata.dirs instead.
2019-07-13 09:07:45,602 INFO  util.log (Log.java:initialized(192)) - Logging initialized @844ms
2019-07-13 09:07:45,679 INFO  db.DBStoreBuilder (DBStoreBuilder.java:addTable(110)) - using custom profile for table: deletedBlocks
2019-07-13 09:07:45,679 INFO  db.DBStoreBuilder (DBStoreBuilder.java:processTables(161)) - Using default column profile:DBProfile.DISK for Table:deletedBlocks
2019-07-13 09:07:45,679 INFO  db.DBStoreBuilder (DBStoreBuilder.java:addTable(110)) - using custom profile for table: validCerts
2019-07-13 09:07:45,680 INFO  db.DBStoreBuilder (DBStoreBuilder.java:processTables(161)) - Using default column profile:DBProfile.DISK for Table:validCerts
2019-07-13 09:07:45,680 INFO  db.DBStoreBuilder (DBStoreBuilder.java:addTable(110)) - using custom profile for table: revokedCerts
2019-07-13 09:07:45,680 INFO  db.DBStoreBuilder (DBStoreBuilder.java:processTables(161)) - Using default column profile:DBProfile.DISK for Table:revokedCerts
2019-07-13 09:07:45,689 INFO  db.DBStoreBuilder (DBStoreBuilder.java:addTable(110)) - using custom profile for table: default
2019-07-13 09:07:45,690 INFO  db.DBStoreBuilder (DBStoreBuilder.java:processTables(167)) - Using default column profile:DBProfile.DISK for Table:default
2019-07-13 09:07:45,690 INFO  db.DBStoreBuilder (DBStoreBuilder.java:getDbProfile(198)) - Using default options. DBProfile.DISK
2019-07-13 09:07:45,846 INFO  net.NodeSchemaLoader (NodeSchemaLoader.java:loadSchemaFromFile(125)) - Loading file from sun.misc.CompoundEnumeration@3835c46
2019-07-13 09:07:45,848 INFO  net.NodeSchemaLoader (NodeSchemaLoader.java:loadSchema(171)) - Loading network topology layer schema file
2019-07-13 09:07:45,900 INFO  node.SCMNodeManager (SCMNodeManager.java:<init>(119)) - Entering startup safe mode.
2019-07-13 09:07:46,007 WARN  server.ServerUtils (ServerUtils.java:getScmDbDir(145)) - ozone.scm.db.dirs is not configured. We recommend adding this setting. Falling back to ozone.metadata.dirs instead.
2019-07-13 09:07:46,068 INFO  pipeline.SCMPipelineManager (SCMPipelineManager.java:initializePipelineState(126)) - No pipeline exists in current db
2019-07-13 09:07:46,070 WARN  server.ServerUtils (ServerUtils.java:getScmDbDir(145)) - ozone.scm.db.dirs is not configured. We recommend adding this setting. Falling back to ozone.metadata.dirs instead.
2019-07-13 09:07:46,186 WARN  events.EventQueue (EventQueue.java:fireEvent(175)) - No event handler registered for event TypedEvent{payloadType=SafeModeStatus, name='SafeModeStatus'}
2019-07-13 09:07:46,520 INFO  ipc.CallQueueManager (CallQueueManager.java:<init>(84)) - Using callQueue: class java.util.concurrent.LinkedBlockingQueue, queueCapacity: 2000, scheduler: class org.apache.hadoop.ipc.DefaultRpcScheduler, ipcBackoff: false.
2019-07-13 09:07:46,547 INFO  ipc.Server (Server.java:run(1074)) - Starting Socket Reader #1 for port 38599
2019-07-13 09:07:46,570 INFO  ipc.CallQueueManager (CallQueueManager.java:<init>(84)) - Using callQueue: class java.util.concurrent.LinkedBlockingQueue, queueCapacity: 2000, scheduler: class org.apache.hadoop.ipc.DefaultRpcScheduler, ipcBackoff: false.
2019-07-13 09:07:46,571 INFO  ipc.Server (Server.java:run(1074)) - Starting Socket Reader #1 for port 43492
2019-07-13 09:07:46,577 INFO  ipc.CallQueueManager (CallQueueManager.java:<init>(84)) - Using callQueue: class java.util.concurrent.LinkedBlockingQueue, queueCapacity: 2000, scheduler: class org.apache.hadoop.ipc.DefaultRpcScheduler, ipcBackoff: false.
2019-07-13 09:07:46,578 INFO  ipc.Server (Server.java:run(1074)) - Starting Socket Reader #1 for port 38871
2019-07-13 09:07:46,706 INFO  hdfs.DFSUtil (DFSUtil.java:httpServerTemplateForNNAndJN(1641)) - Starting Web-server for scm at: http://0.0.0.0:0
2019-07-13 09:07:46,882 INFO  server.AuthenticationFilter (AuthenticationFilter.java:constructSecretProvider(240)) - Unable to initialize FileSignerSecretProvider, falling back to use random secrets.
2019-07-13 09:07:46,891 WARN  http.HttpRequestLog (HttpRequestLog.java:getRequestLog(97)) - Jetty request log can only be enabled using Log4j
2019-07-13 09:07:46,901 INFO  http.HttpServer2 (HttpServer2.java:addGlobalFilter(975)) - Added global filter 'safety' (class=org.apache.hadoop.http.HttpServer2$QuotingInputFilter)
2019-07-13 09:07:46,903 INFO  http.HttpServer2 (HttpServer2.java:addFilter(948)) - Added filter static_user_filter (class=org.apache.hadoop.http.lib.StaticUserWebFilter$StaticUserFilter) to context scm
2019-07-13 09:07:46,904 INFO  http.HttpServer2 (HttpServer2.java:addFilter(958)) - Added filter static_user_filter (class=org.apache.hadoop.http.lib.StaticUserWebFilter$StaticUserFilter) to context static
2019-07-13 09:07:46,904 INFO  http.HttpServer2 (HttpServer2.java:addFilter(958)) - Added filter static_user_filter (class=org.apache.hadoop.http.lib.StaticUserWebFilter$StaticUserFilter) to context logs
2019-07-13 09:07:46,933 INFO  server.StorageContainerManager (StorageContainerManager.java:start(759)) - StorageContainerLocationProtocol RPC server is listening at /0.0.0.0:38871
2019-07-13 09:07:46,994 WARN  impl.MetricsConfig (MetricsConfig.java:loadFirst(134)) - Cannot locate configuration: tried hadoop-metrics2-storagecontainermanager.properties,hadoop-metrics2.properties
2019-07-13 09:07:47,007 INFO  impl.MetricsSystemImpl (MetricsSystemImpl.java:startTimer(374)) - Scheduled Metric snapshot period at 10 second(s).
2019-07-13 09:07:47,008 INFO  impl.MetricsSystemImpl (MetricsSystemImpl.java:start(191)) - StorageContainerManager metrics system started
2019-07-13 09:07:47,230 INFO  server.SCMClientProtocolServer (SCMClientProtocolServer.java:start(149)) - RPC server for Client  is listening at /0.0.0.0:38871
2019-07-13 09:07:47,232 INFO  ipc.Server (Server.java:run(1314)) - IPC Server Responder: starting
2019-07-13 09:07:47,232 INFO  ipc.Server (Server.java:run(1153)) - IPC Server listener on 38871: starting
2019-07-13 09:07:47,236 INFO  server.StorageContainerManager (StorageContainerManager.java:start(768)) - ScmBlockLocationProtocol RPC server is listening at /0.0.0.0:43492
2019-07-13 09:07:47,236 INFO  server.SCMBlockProtocolServer (SCMBlockProtocolServer.java:start(140)) - RPC server for Block Protocol is listening at /0.0.0.0:43492
2019-07-13 09:07:47,236 INFO  ipc.Server (Server.java:run(1314)) - IPC Server Responder: starting
2019-07-13 09:07:47,237 INFO  ipc.Server (Server.java:run(1153)) - IPC Server listener on 43492: starting
2019-07-13 09:07:47,245 INFO  server.StorageContainerManager (StorageContainerManager.java:start(772)) - ScmDatanodeProtocl RPC server is listening at /0.0.0.0:38599
2019-07-13 09:07:47,245 INFO  server.SCMDatanodeProtocolServer (SCMDatanodeProtocolServer.java:start(191)) - RPC server for DataNodes is listening at /0.0.0.0:38599
2019-07-13 09:07:47,247 INFO  ipc.Server (Server.java:run(1314)) - IPC Server Responder: starting
2019-07-13 09:07:47,248 INFO  ipc.Server (Server.java:run(1153)) - IPC Server listener on 38599: starting
2019-07-13 09:07:47,260 INFO  http.HttpServer2 (HttpServer2.java:bindListener(1191)) - Jetty bound to port 35994
2019-07-13 09:07:47,262 INFO  server.Server (Server.java:doStart(351)) - jetty-9.3.24.v20180605, build timestamp: 2018-06-05T17:11:56Z, git hash: 84205aa28f11a4f31f2a3b86d1bba2cc8ab69827
2019-07-13 09:07:47,304 INFO  handler.ContextHandler (ContextHandler.java:doStart(781)) - Started o.e.j.s.ServletContextHandler@6bbe2511{/logs,file:///tmp/workdir/hadoop-ozone/integration-test/target/log,AVAILABLE}
2019-07-13 09:07:47,305 INFO  handler.ContextHandler (ContextHandler.java:doStart(781)) - Started o.e.j.s.ServletContextHandler@76012793{/static,file:///tmp/workdir/hadoop-ozone/integration-test/target/test-classes/webapps/static,AVAILABLE}
2019-07-13 09:07:47,336 INFO  handler.ContextHandler (ContextHandler.java:doStart(781)) - Started o.e.j.w.WebAppContext@6a1d204a{/,file:///tmp/workdir/hadoop-ozone/integration-test/target/test-classes/webapps/scm/,AVAILABLE}{/scm}
2019-07-13 09:07:47,342 INFO  server.AbstractConnector (AbstractConnector.java:doStart(278)) - Started ServerConnector@9d157ff{HTTP/1.1,[http/1.1]}{0.0.0.0:35994}
2019-07-13 09:07:47,342 INFO  server.Server (Server.java:doStart(419)) - Started @2584ms
2019-07-13 09:07:47,343 INFO  server.BaseHttpServer (BaseHttpServer.java:updateConnectorAddress(207)) - HTTP server of SCM is listening at http://0.0.0.0:35994
2019-07-13 09:07:47,353 INFO  util.JvmPauseMonitor (JvmPauseMonitor.java:run(188)) - Starting JVM pause monitor
2019-07-13 09:07:47,357 WARN  server.ServerUtils (ServerUtils.java:getDBPath(222)) - ozone.om.db.dirs is not configured. We recommend adding this setting. Falling back to ozone.metadata.dirs instead.
2019-07-13 09:07:47,469 WARN  server.ServerUtils (ServerUtils.java:getDBPath(222)) - ozone.om.db.dirs is not configured. We recommend adding this setting. Falling back to ozone.metadata.dirs instead.
2019-07-13 09:07:47,470 INFO  om.OzoneManager (OzoneManager.java:setOMNodeDetails(630)) - OM Service ID is not set. Setting it to the default ID: omServiceIdDefault
2019-07-13 09:07:47,470 INFO  om.OzoneManager (OzoneManager.java:setOMNodeDetails(636)) - OM Node ID is not set. Setting it to the OmStorage's OmID: 865a4cda-e37b-437b-b939-ff837c462098
2019-07-13 09:07:47,471 INFO  om.OzoneManager (OzoneManager.java:loadOMHAConfigs(587)) - Found matching OM address with OMServiceId: null, OMNodeId: null, RPC Address: localhost:0 and Ratis port: 9872
2019-07-13 09:07:47,740 WARN  server.ServerUtils (ServerUtils.java:getDBPath(222)) - ozone.om.db.dirs is not configured. We recommend adding this setting. Falling back to ozone.metadata.dirs instead.
2019-07-13 09:07:47,752 INFO  db.DBStoreBuilder (DBStoreBuilder.java:addTable(110)) - using custom profile for table: userTable
2019-07-13 09:07:47,753 INFO  db.DBStoreBuilder (DBStoreBuilder.java:processTables(161)) - Using default column profile:DBProfile.DISK for Table:userTable
2019-07-13 09:07:47,753 INFO  db.DBStoreBuilder (DBStoreBuilder.java:addTable(110)) - using custom profile for table: volumeTable
2019-07-13 09:07:47,754 INFO  db.DBStoreBuilder (DBStoreBuilder.java:processTables(161)) - Using default column profile:DBProfile.DISK for Table:volumeTable
2019-07-13 09:07:47,754 INFO  db.DBStoreBuilder (DBStoreBuilder.java:addTable(110)) - using custom profile for table: bucketTable
2019-07-13 09:07:47,755 INFO  db.DBStoreBuilder (DBStoreBuilder.java:processTables(161)) - Using default column profile:DBProfile.DISK for Table:bucketTable
2019-07-13 09:07:47,755 INFO  db.DBStoreBuilder (DBStoreBuilder.java:addTable(110)) - using custom profile for table: keyTable
2019-07-13 09:07:47,755 INFO  db.DBStoreBuilder (DBStoreBuilder.java:processTables(161)) - Using default column profile:DBProfile.DISK for Table:keyTable
2019-07-13 09:07:47,756 INFO  db.DBStoreBuilder (DBStoreBuilder.java:addTable(110)) - using custom profile for table: deletedTable
2019-07-13 09:07:47,756 INFO  db.DBStoreBuilder (DBStoreBuilder.java:processTables(161)) - Using default column profile:DBProfile.DISK for Table:deletedTable
2019-07-13 09:07:47,757 INFO  db.DBStoreBuilder (DBStoreBuilder.java:addTable(110)) - using custom profile for table: openKeyTable
2019-07-13 09:07:47,757 INFO  db.DBStoreBuilder (DBStoreBuilder.java:processTables(161)) - Using default column profile:DBProfile.DISK for Table:openKeyTable
2019-07-13 09:07:47,757 INFO  db.DBStoreBuilder (DBStoreBuilder.java:addTable(110)) - using custom profile for table: s3Table
2019-07-13 09:07:47,758 INFO  db.DBStoreBuilder (DBStoreBuilder.java:processTables(161)) - Using default column profile:DBProfile.DISK for Table:s3Table
2019-07-13 09:07:47,758 INFO  db.DBStoreBuilder (DBStoreBuilder.java:addTable(110)) - using custom profile for table: multipartInfoTable
2019-07-13 09:07:47,759 INFO  db.DBStoreBuilder (DBStoreBuilder.java:processTables(161)) - Using default column profile:DBProfile.DISK for Table:multipartInfoTable
2019-07-13 09:07:47,759 INFO  db.DBStoreBuilder (DBStoreBuilder.java:addTable(110)) - using custom profile for table: dTokenTable
2019-07-13 09:07:47,759 INFO  db.DBStoreBuilder (DBStoreBuilder.java:processTables(161)) - Using default column profile:DBProfile.DISK for Table:dTokenTable
2019-07-13 09:07:47,760 INFO  db.DBStoreBuilder (DBStoreBuilder.java:addTable(110)) - using custom profile for table: s3SecretTable
2019-07-13 09:07:47,760 INFO  db.DBStoreBuilder (DBStoreBuilder.java:processTables(161)) - Using default column profile:DBProfile.DISK for Table:s3SecretTable
2019-07-13 09:07:47,761 INFO  db.DBStoreBuilder (DBStoreBuilder.java:addTable(110)) - using custom profile for table: prefixTable
2019-07-13 09:07:47,761 INFO  db.DBStoreBuilder (DBStoreBuilder.java:processTables(161)) - Using default column profile:DBProfile.DISK for Table:prefixTable
2019-07-13 09:07:47,762 INFO  db.DBStoreBuilder (DBStoreBuilder.java:addTable(110)) - using custom profile for table: default
2019-07-13 09:07:47,762 INFO  db.DBStoreBuilder (DBStoreBuilder.java:processTables(167)) - Using default column profile:DBProfile.DISK for Table:default
2019-07-13 09:07:47,762 INFO  db.DBStoreBuilder (DBStoreBuilder.java:getDbProfile(198)) - Using default options. DBProfile.DISK
2019-07-13 09:07:48,685 INFO  ipc.CallQueueManager (CallQueueManager.java:<init>(84)) - Using callQueue: class java.util.concurrent.LinkedBlockingQueue, queueCapacity: 2000, scheduler: class org.apache.hadoop.ipc.DefaultRpcScheduler, ipcBackoff: false.
2019-07-13 09:07:48,687 INFO  ipc.Server (Server.java:run(1074)) - Starting Socket Reader #1 for port 45745
2019-07-13 09:07:48,714 WARN  server.ServerUtils (ServerUtils.java:getDBPath(222)) - ozone.om.db.dirs is not configured. We recommend adding this setting. Falling back to ozone.metadata.dirs instead.
2019-07-13 09:07:48,715 INFO  om.OzoneManager (OzoneManager.java:start(1228)) - OzoneManager RPC server is listening at localhost/127.0.0.1:45745
2019-07-13 09:07:48,715 INFO  impl.MetricsSystemImpl (MetricsSystemImpl.java:init(158)) - OzoneManager metrics system started (again)
2019-07-13 09:07:48,717 INFO  ipc.Server (Server.java:run(1314)) - IPC Server Responder: starting
2019-07-13 09:07:48,717 INFO  ipc.Server (Server.java:run(1153)) - IPC Server listener on 45745: starting
2019-07-13 09:07:48,732 INFO  hdfs.DFSUtil (DFSUtil.java:httpServerTemplateForNNAndJN(1641)) - Starting Web-server for ozoneManager at: http://0.0.0.0:0
2019-07-13 09:07:48,735 INFO  server.AuthenticationFilter (AuthenticationFilter.java:constructSecretProvider(240)) - Unable to initialize FileSignerSecretProvider, falling back to use random secrets.
2019-07-13 09:07:48,736 WARN  http.HttpRequestLog (HttpRequestLog.java:getRequestLog(97)) - Jetty request log can only be enabled using Log4j
2019-07-13 09:07:48,739 INFO  http.HttpServer2 (HttpServer2.java:addGlobalFilter(975)) - Added global filter 'safety' (class=org.apache.hadoop.http.HttpServer2$QuotingInputFilter)
2019-07-13 09:07:48,740 INFO  http.HttpServer2 (HttpServer2.java:addFilter(948)) - Added filter static_user_filter (class=org.apache.hadoop.http.lib.StaticUserWebFilter$StaticUserFilter) to context ozoneManager
2019-07-13 09:07:48,741 INFO  http.HttpServer2 (HttpServer2.java:addFilter(958)) - Added filter static_user_filter (class=org.apache.hadoop.http.lib.StaticUserWebFilter$StaticUserFilter) to context static
2019-07-13 09:07:48,741 INFO  http.HttpServer2 (HttpServer2.java:addFilter(958)) - Added filter static_user_filter (class=org.apache.hadoop.http.lib.StaticUserWebFilter$StaticUserFilter) to context logs
2019-07-13 09:07:48,744 INFO  http.HttpServer2 (HttpServer2.java:bindListener(1191)) - Jetty bound to port 39426
2019-07-13 09:07:48,744 INFO  server.Server (Server.java:doStart(351)) - jetty-9.3.24.v20180605, build timestamp: 2018-06-05T17:11:56Z, git hash: 84205aa28f11a4f31f2a3b86d1bba2cc8ab69827
2019-07-13 09:07:48,747 INFO  handler.ContextHandler (ContextHandler.java:doStart(781)) - Started o.e.j.s.ServletContextHandler@6ac97b84{/logs,file:///tmp/workdir/hadoop-ozone/integration-test/target/log,AVAILABLE}
2019-07-13 09:07:48,748 INFO  handler.ContextHandler (ContextHandler.java:doStart(781)) - Started o.e.j.s.ServletContextHandler@35c09b94{/static,file:///tmp/workdir/hadoop-ozone/integration-test/target/test-classes/webapps/static,AVAILABLE}
2019-07-13 09:07:48,768 INFO  handler.ContextHandler (ContextHandler.java:doStart(781)) - Started o.e.j.w.WebAppContext@1b9c1b51{/,file:///tmp/workdir/hadoop-ozone/integration-test/target/test-classes/webapps/ozoneManager/,AVAILABLE}{/ozoneManager}
2019-07-13 09:07:48,769 INFO  server.AbstractConnector (AbstractConnector.java:doStart(278)) - Started ServerConnector@2e52fb3e{HTTP/1.1,[http/1.1]}{0.0.0.0:39426}
2019-07-13 09:07:48,769 INFO  server.Server (Server.java:doStart(419)) - Started @4012ms
2019-07-13 09:07:48,770 INFO  server.BaseHttpServer (BaseHttpServer.java:updateConnectorAddress(207)) - HTTP server of OZONEMANAGER is listening at http://0.0.0.0:39426
2019-07-13 09:07:49,040 INFO  impl.MetricsSystemImpl (MetricsSystemImpl.java:init(158)) - HddsDatanode metrics system started (again)
2019-07-13 09:07:49,123 INFO  ozone.HddsDatanodeService (HddsDatanodeService.java:start(185)) - HddsDatanodeService host:trunk-nightly-hmp62-43275749 ip:192.168.69.96
2019-07-13 09:07:49,153 INFO  volume.HddsVolume (HddsVolume.java:<init>(176)) - Creating Volume: /tmp/workdir/hadoop-ozone/integration-test/target/test-dir/MiniOzoneClusterImpl-2aef17b0-a2ec-4c0b-b11c-ca76bc81bdbb/datanode-0/data/containers/hdds of  storage type : DISK and capacity : 52710309888
2019-07-13 09:07:49,154 INFO  volume.VolumeSet (VolumeSet.java:initializeVolumeSet(170)) - Added Volume : /tmp/workdir/hadoop-ozone/integration-test/target/test-dir/MiniOzoneClusterImpl-2aef17b0-a2ec-4c0b-b11c-ca76bc81bdbb/datanode-0/data/containers/hdds to VolumeSet
2019-07-13 09:07:49,157 INFO  volume.ThrottledAsyncChecker (ThrottledAsyncChecker.java:schedule(140)) - Scheduling a check for org.apache.hadoop.ozone.container.common.volume.HddsVolume@6fc3e1a4
2019-07-13 09:07:49,175 INFO  volume.HddsVolumeChecker (HddsVolumeChecker.java:checkAllVolumes(203)) - Scheduled health check for volume org.apache.hadoop.ozone.container.common.volume.HddsVolume@6fc3e1a4
2019-07-13 09:07:49,284 INFO  impl.RaftServerProxy (ConfUtils.java:logGet(43)) - raft.rpc.type = GRPC (default)
2019-07-13 09:07:49,348 INFO  grpc.GrpcFactory (GrpcFactory.java:checkPooledByteBufAllocatorUseCacheForAllThreads(45)) - PERFORMANCE WARNING: useCacheForAllThreads is true that may cause Netty to create a lot garbage objects and, as a result, trigger GC.
	It is recommended to disable useCacheForAllThreads by setting -Dorg.apache.ratis.thirdparty.io.netty.allocator.useCacheForAllThreads=false in command line.
2019-07-13 09:07:49,352 INFO  grpc.GrpcConfigKeys$Server (ConfUtils.java:logGet(43)) - raft.grpc.server.port = 0 (default)
2019-07-13 09:07:49,353 INFO  server.GrpcService (ConfUtils.java:logGet(43)) - raft.grpc.message.size.max = 33570816 (custom)
2019-07-13 09:07:49,354 INFO  server.RaftServerConfigKeys (ConfUtils.java:logGet(43)) - raft.server.log.appender.buffer.byte-limit = 33554432 (custom)
2019-07-13 09:07:49,355 INFO  server.GrpcService (ConfUtils.java:logGet(43)) - raft.grpc.flow.control.window = 1MB (=1048576) (default)
2019-07-13 09:07:49,356 INFO  server.RaftServerConfigKeys (ConfUtils.java:logGet(43)) - raft.server.rpc.request.timeout = 3000ms (default)
2019-07-13 09:07:49,518 INFO  server.RaftServerConfigKeys (ConfUtils.java:logGet(43)) - raft.server.storage.dir = [/tmp/workdir/hadoop-ozone/integration-test/target/test-dir/MiniOzoneClusterImpl-2aef17b0-a2ec-4c0b-b11c-ca76bc81bdbb/datanode-0/data/ratis] (custom)
2019-07-13 09:07:49,568 INFO  replication.SimpleContainerDownloader (SimpleContainerDownloader.java:<init>(72)) - Starting container downloader service to copy containers to replicate.
2019-07-13 09:07:49,583 INFO  hdfs.DFSUtil (DFSUtil.java:httpServerTemplateForNNAndJN(1641)) - Starting Web-server for hddsDatanode at: http://0.0.0.0:0
2019-07-13 09:07:49,586 INFO  server.AuthenticationFilter (AuthenticationFilter.java:constructSecretProvider(240)) - Unable to initialize FileSignerSecretProvider, falling back to use random secrets.
2019-07-13 09:07:49,587 WARN  http.HttpRequestLog (HttpRequestLog.java:getRequestLog(97)) - Jetty request log can only be enabled using Log4j
2019-07-13 09:07:49,590 INFO  http.HttpServer2 (HttpServer2.java:addGlobalFilter(975)) - Added global filter 'safety' (class=org.apache.hadoop.http.HttpServer2$QuotingInputFilter)
2019-07-13 09:07:49,591 INFO  http.HttpServer2 (HttpServer2.java:addFilter(948)) - Added filter static_user_filter (class=org.apache.hadoop.http.lib.StaticUserWebFilter$StaticUserFilter) to context hddsDatanode
2019-07-13 09:07:49,591 INFO  http.HttpServer2 (HttpServer2.java:addFilter(958)) - Added filter static_user_filter (class=org.apache.hadoop.http.lib.StaticUserWebFilter$StaticUserFilter) to context logs
2019-07-13 09:07:49,592 INFO  http.HttpServer2 (HttpServer2.java:addFilter(958)) - Added filter static_user_filter (class=org.apache.hadoop.http.lib.StaticUserWebFilter$StaticUserFilter) to context static
2019-07-13 09:07:49,593 INFO  http.HttpServer2 (HttpServer2.java:bindListener(1191)) - Jetty bound to port 34764
2019-07-13 09:07:49,593 INFO  server.Server (Server.java:doStart(351)) - jetty-9.3.24.v20180605, build timestamp: 2018-06-05T17:11:56Z, git hash: 84205aa28f11a4f31f2a3b86d1bba2cc8ab69827
2019-07-13 09:07:49,596 INFO  handler.ContextHandler (ContextHandler.java:doStart(781)) - Started o.e.j.s.ServletContextHandler@304d0259{/logs,file:///tmp/workdir/hadoop-ozone/integration-test/target/log,AVAILABLE}
2019-07-13 09:07:49,597 INFO  handler.ContextHandler (ContextHandler.java:doStart(781)) - Started o.e.j.s.ServletContextHandler@2133661d{/static,jar:file:/home/user/.m2/repository/org/apache/hadoop/hadoop-hdds-container-service/0.5.0-SNAPSHOT/hadoop-hdds-container-service-0.5.0-SNAPSHOT.jar!/webapps/static,AVAILABLE}
2019-07-13 09:07:49,646 INFO  handler.ContextHandler (ContextHandler.java:doStart(781)) - Started o.e.j.w.WebAppContext@24e83d19{/,file:///tmp/jetty-0.0.0.0-34764-hddsDatanode-_-any-1550319184581466754.dir/webapp/,AVAILABLE}{/hddsDatanode}
2019-07-13 09:07:49,646 INFO  server.AbstractConnector (AbstractConnector.java:doStart(278)) - Started ServerConnector@5c080ef3{HTTP/1.1,[http/1.1]}{0.0.0.0:34764}
2019-07-13 09:07:49,647 INFO  server.Server (Server.java:doStart(419)) - Started @4889ms
2019-07-13 09:07:49,648 INFO  server.BaseHttpServer (BaseHttpServer.java:updateConnectorAddress(207)) - HTTP server of HDDSDATANODE is listening at http://0.0.0.0:34764
2019-07-13 09:07:50,833 INFO  ozone.HddsDatanodeService (HddsDatanodeService.java:startPlugins(396)) - Started plug-in org.apache.hadoop.ozone.web.OzoneHddsDatanodeService@b4732dc
2019-07-13 09:07:50,837 INFO  impl.MetricsSystemImpl (MetricsSystemImpl.java:init(158)) - HddsDatanode metrics system started (again)
2019-07-13 09:07:50,839 INFO  ozone.HddsDatanodeService (HddsDatanodeService.java:start(185)) - HddsDatanodeService host:trunk-nightly-hmp62-43275749 ip:192.168.69.96
2019-07-13 09:07:50,846 INFO  util.JvmPauseMonitor (JvmPauseMonitor.java:run(188)) - Starting JVM pause monitor
2019-07-13 09:07:50,851 INFO  volume.HddsVolume (HddsVolume.java:<init>(176)) - Creating Volume: /tmp/workdir/hadoop-ozone/integration-test/target/test-dir/MiniOzoneClusterImpl-2aef17b0-a2ec-4c0b-b11c-ca76bc81bdbb/datanode-1/data/containers/hdds of  storage type : DISK and capacity : 52710309888
2019-07-13 09:07:50,852 INFO  volume.VolumeSet (VolumeSet.java:initializeVolumeSet(170)) - Added Volume : /tmp/workdir/hadoop-ozone/integration-test/target/test-dir/MiniOzoneClusterImpl-2aef17b0-a2ec-4c0b-b11c-ca76bc81bdbb/datanode-1/data/containers/hdds to VolumeSet
2019-07-13 09:07:50,852 INFO  volume.ThrottledAsyncChecker (ThrottledAsyncChecker.java:schedule(140)) - Scheduling a check for org.apache.hadoop.ozone.container.common.volume.HddsVolume@778a1250
2019-07-13 09:07:50,854 INFO  volume.HddsVolumeChecker (HddsVolumeChecker.java:checkAllVolumes(203)) - Scheduled health check for volume org.apache.hadoop.ozone.container.common.volume.HddsVolume@778a1250
2019-07-13 09:07:50,879 INFO  impl.RaftServerProxy (ConfUtils.java:logGet(43)) - raft.rpc.type = GRPC (default)
2019-07-13 09:07:50,879 INFO  grpc.GrpcFactory (GrpcFactory.java:checkPooledByteBufAllocatorUseCacheForAllThreads(45)) - PERFORMANCE WARNING: useCacheForAllThreads is true that may cause Netty to create a lot garbage objects and, as a result, trigger GC.
	It is recommended to disable useCacheForAllThreads by setting -Dorg.apache.ratis.thirdparty.io.netty.allocator.useCacheForAllThreads=false in command line.
2019-07-13 09:07:50,879 INFO  grpc.GrpcConfigKeys$Server (ConfUtils.java:logGet(43)) - raft.grpc.server.port = 0 (default)
2019-07-13 09:07:50,879 INFO  server.GrpcService (ConfUtils.java:logGet(43)) - raft.grpc.message.size.max = 33570816 (custom)
2019-07-13 09:07:50,880 INFO  server.RaftServerConfigKeys (ConfUtils.java:logGet(43)) - raft.server.log.appender.buffer.byte-limit = 33554432 (custom)
2019-07-13 09:07:50,880 INFO  server.GrpcService (ConfUtils.java:logGet(43)) - raft.grpc.flow.control.window = 1MB (=1048576) (default)
2019-07-13 09:07:50,880 INFO  server.RaftServerConfigKeys (ConfUtils.java:logGet(43)) - raft.server.rpc.request.timeout = 3000ms (default)
2019-07-13 09:07:50,881 INFO  server.RaftServerConfigKeys (ConfUtils.java:logGet(43)) - raft.server.storage.dir = [/tmp/workdir/hadoop-ozone/integration-test/target/test-dir/MiniOzoneClusterImpl-2aef17b0-a2ec-4c0b-b11c-ca76bc81bdbb/datanode-1/data/ratis] (custom)
2019-07-13 09:07:50,882 INFO  replication.SimpleContainerDownloader (SimpleContainerDownloader.java:<init>(72)) - Starting container downloader service to copy containers to replicate.
2019-07-13 09:07:50,885 INFO  hdfs.DFSUtil (DFSUtil.java:httpServerTemplateForNNAndJN(1641)) - Starting Web-server for hddsDatanode at: http://0.0.0.0:0
2019-07-13 09:07:50,889 INFO  server.AuthenticationFilter (AuthenticationFilter.java:constructSecretProvider(240)) - Unable to initialize FileSignerSecretProvider, falling back to use random secrets.
2019-07-13 09:07:50,891 WARN  http.HttpRequestLog (HttpRequestLog.java:getRequestLog(97)) - Jetty request log can only be enabled using Log4j
2019-07-13 09:07:50,894 INFO  http.HttpServer2 (HttpServer2.java:addGlobalFilter(975)) - Added global filter 'safety' (class=org.apache.hadoop.http.HttpServer2$QuotingInputFilter)
2019-07-13 09:07:50,896 INFO  http.HttpServer2 (HttpServer2.java:addFilter(948)) - Added filter static_user_filter (class=org.apache.hadoop.http.lib.StaticUserWebFilter$StaticUserFilter) to context hddsDatanode
2019-07-13 09:07:50,896 INFO  http.HttpServer2 (HttpServer2.java:addFilter(958)) - Added filter static_user_filter (class=org.apache.hadoop.http.lib.StaticUserWebFilter$StaticUserFilter) to context static
2019-07-13 09:07:50,897 INFO  http.HttpServer2 (HttpServer2.java:addFilter(958)) - Added filter static_user_filter (class=org.apache.hadoop.http.lib.StaticUserWebFilter$StaticUserFilter) to context logs
2019-07-13 09:07:50,899 INFO  http.HttpServer2 (HttpServer2.java:bindListener(1191)) - Jetty bound to port 40006
2019-07-13 09:07:50,899 INFO  server.Server (Server.java:doStart(351)) - jetty-9.3.24.v20180605, build timestamp: 2018-06-05T17:11:56Z, git hash: 84205aa28f11a4f31f2a3b86d1bba2cc8ab69827
2019-07-13 09:07:50,904 INFO  handler.ContextHandler (ContextHandler.java:doStart(781)) - Started o.e.j.s.ServletContextHandler@359066bc{/logs,file:///tmp/workdir/hadoop-ozone/integration-test/target/log,AVAILABLE}
2019-07-13 09:07:50,905 INFO  handler.ContextHandler (ContextHandler.java:doStart(781)) - Started o.e.j.s.ServletContextHandler@364fd4ae{/static,jar:file:/home/user/.m2/repository/org/apache/hadoop/hadoop-hdds-container-service/0.5.0-SNAPSHOT/hadoop-hdds-container-service-0.5.0-SNAPSHOT.jar!/webapps/static,AVAILABLE}
2019-07-13 09:07:50,947 INFO  handler.ContextHandler (ContextHandler.java:doStart(781)) - Started o.e.j.w.WebAppContext@2e1eb85f{/,file:///tmp/jetty-0.0.0.0-40006-hddsDatanode-_-any-5454400873008295117.dir/webapp/,AVAILABLE}{/hddsDatanode}
2019-07-13 09:07:50,949 INFO  server.AbstractConnector (AbstractConnector.java:doStart(278)) - Started ServerConnector@ea7a4c3{HTTP/1.1,[http/1.1]}{0.0.0.0:40006}
2019-07-13 09:07:50,951 INFO  server.Server (Server.java:doStart(419)) - Started @6193ms
2019-07-13 09:07:50,952 INFO  server.BaseHttpServer (BaseHttpServer.java:updateConnectorAddress(207)) - HTTP server of HDDSDATANODE is listening at http://0.0.0.0:40006
2019-07-13 09:07:50,988 INFO  datanode.InitDatanodeState (InitDatanodeState.java:persistContainerDatanodeDetails(140)) - DatanodeDetails is persisted to /tmp/workdir/hadoop-ozone/integration-test/target/test-dir/MiniOzoneClusterImpl-2aef17b0-a2ec-4c0b-b11c-ca76bc81bdbb/datanode-0/meta/datanode.id
2019-07-13 09:07:51,100 INFO  ozone.HddsDatanodeService (HddsDatanodeService.java:startPlugins(396)) - Started plug-in org.apache.hadoop.ozone.web.OzoneHddsDatanodeService@5729b410
2019-07-13 09:07:51,100 INFO  impl.MetricsSystemImpl (MetricsSystemImpl.java:init(158)) - HddsDatanode metrics system started (again)
2019-07-13 09:07:51,101 INFO  ozone.HddsDatanodeService (HddsDatanodeService.java:start(185)) - HddsDatanodeService host:trunk-nightly-hmp62-43275749 ip:192.168.69.96
2019-07-13 09:07:51,103 INFO  util.JvmPauseMonitor (JvmPauseMonitor.java:run(188)) - Starting JVM pause monitor
2019-07-13 09:07:51,111 INFO  volume.HddsVolume (HddsVolume.java:<init>(176)) - Creating Volume: /tmp/workdir/hadoop-ozone/integration-test/target/test-dir/MiniOzoneClusterImpl-2aef17b0-a2ec-4c0b-b11c-ca76bc81bdbb/datanode-2/data/containers/hdds of  storage type : DISK and capacity : 52710309888
2019-07-13 09:07:51,112 INFO  volume.VolumeSet (VolumeSet.java:initializeVolumeSet(170)) - Added Volume : /tmp/workdir/hadoop-ozone/integration-test/target/test-dir/MiniOzoneClusterImpl-2aef17b0-a2ec-4c0b-b11c-ca76bc81bdbb/datanode-2/data/containers/hdds to VolumeSet
2019-07-13 09:07:51,112 INFO  volume.ThrottledAsyncChecker (ThrottledAsyncChecker.java:schedule(140)) - Scheduling a check for org.apache.hadoop.ozone.container.common.volume.HddsVolume@52b959df
2019-07-13 09:07:51,112 INFO  volume.HddsVolumeChecker (HddsVolumeChecker.java:checkAllVolumes(203)) - Scheduled health check for volume org.apache.hadoop.ozone.container.common.volume.HddsVolume@52b959df
2019-07-13 09:07:51,113 INFO  datanode.InitDatanodeState (InitDatanodeState.java:persistContainerDatanodeDetails(140)) - DatanodeDetails is persisted to /tmp/workdir/hadoop-ozone/integration-test/target/test-dir/MiniOzoneClusterImpl-2aef17b0-a2ec-4c0b-b11c-ca76bc81bdbb/datanode-1/meta/datanode.id
2019-07-13 09:07:51,127 INFO  impl.RaftServerProxy (ConfUtils.java:logGet(43)) - raft.rpc.type = GRPC (default)
2019-07-13 09:07:51,127 INFO  grpc.GrpcFactory (GrpcFactory.java:checkPooledByteBufAllocatorUseCacheForAllThreads(45)) - PERFORMANCE WARNING: useCacheForAllThreads is true that may cause Netty to create a lot garbage objects and, as a result, trigger GC.
	It is recommended to disable useCacheForAllThreads by setting -Dorg.apache.ratis.thirdparty.io.netty.allocator.useCacheForAllThreads=false in command line.
2019-07-13 09:07:51,127 INFO  grpc.GrpcConfigKeys$Server (ConfUtils.java:logGet(43)) - raft.grpc.server.port = 0 (default)
2019-07-13 09:07:51,128 INFO  server.GrpcService (ConfUtils.java:logGet(43)) - raft.grpc.message.size.max = 33570816 (custom)
2019-07-13 09:07:51,128 INFO  server.RaftServerConfigKeys (ConfUtils.java:logGet(43)) - raft.server.log.appender.buffer.byte-limit = 33554432 (custom)
2019-07-13 09:07:51,128 INFO  server.GrpcService (ConfUtils.java:logGet(43)) - raft.grpc.flow.control.window = 1MB (=1048576) (default)
2019-07-13 09:07:51,128 INFO  server.RaftServerConfigKeys (ConfUtils.java:logGet(43)) - raft.server.rpc.request.timeout = 3000ms (default)
2019-07-13 09:07:51,129 INFO  server.RaftServerConfigKeys (ConfUtils.java:logGet(43)) - raft.server.storage.dir = [/tmp/workdir/hadoop-ozone/integration-test/target/test-dir/MiniOzoneClusterImpl-2aef17b0-a2ec-4c0b-b11c-ca76bc81bdbb/datanode-2/data/ratis] (custom)
2019-07-13 09:07:51,130 INFO  replication.SimpleContainerDownloader (SimpleContainerDownloader.java:<init>(72)) - Starting container downloader service to copy containers to replicate.
2019-07-13 09:07:51,131 INFO  hdfs.DFSUtil (DFSUtil.java:httpServerTemplateForNNAndJN(1641)) - Starting Web-server for hddsDatanode at: http://0.0.0.0:0
2019-07-13 09:07:51,132 INFO  server.AuthenticationFilter (AuthenticationFilter.java:constructSecretProvider(240)) - Unable to initialize FileSignerSecretProvider, falling back to use random secrets.
2019-07-13 09:07:51,133 WARN  http.HttpRequestLog (HttpRequestLog.java:getRequestLog(97)) - Jetty request log can only be enabled using Log4j
2019-07-13 09:07:51,134 INFO  http.HttpServer2 (HttpServer2.java:addGlobalFilter(975)) - Added global filter 'safety' (class=org.apache.hadoop.http.HttpServer2$QuotingInputFilter)
2019-07-13 09:07:51,135 INFO  http.HttpServer2 (HttpServer2.java:addFilter(948)) - Added filter static_user_filter (class=org.apache.hadoop.http.lib.StaticUserWebFilter$StaticUserFilter) to context hddsDatanode
2019-07-13 09:07:51,135 INFO  http.HttpServer2 (HttpServer2.java:addFilter(958)) - Added filter static_user_filter (class=org.apache.hadoop.http.lib.StaticUserWebFilter$StaticUserFilter) to context static
2019-07-13 09:07:51,135 INFO  http.HttpServer2 (HttpServer2.java:addFilter(958)) - Added filter static_user_filter (class=org.apache.hadoop.http.lib.StaticUserWebFilter$StaticUserFilter) to context logs
2019-07-13 09:07:51,136 INFO  http.HttpServer2 (HttpServer2.java:bindListener(1191)) - Jetty bound to port 44161
2019-07-13 09:07:51,136 INFO  server.Server (Server.java:doStart(351)) - jetty-9.3.24.v20180605, build timestamp: 2018-06-05T17:11:56Z, git hash: 84205aa28f11a4f31f2a3b86d1bba2cc8ab69827
2019-07-13 09:07:51,139 INFO  handler.ContextHandler (ContextHandler.java:doStart(781)) - Started o.e.j.s.ServletContextHandler@631c6d11{/logs,file:///tmp/workdir/hadoop-ozone/integration-test/target/log,AVAILABLE}
2019-07-13 09:07:51,140 INFO  handler.ContextHandler (ContextHandler.java:doStart(781)) - Started o.e.j.s.ServletContextHandler@62ade015{/static,jar:file:/home/user/.m2/repository/org/apache/hadoop/hadoop-hdds-container-service/0.5.0-SNAPSHOT/hadoop-hdds-container-service-0.5.0-SNAPSHOT.jar!/webapps/static,AVAILABLE}
2019-07-13 09:07:51,168 INFO  handler.ContextHandler (ContextHandler.java:doStart(781)) - Started o.e.j.w.WebAppContext@7197b07f{/,file:///tmp/jetty-0.0.0.0-44161-hddsDatanode-_-any-2834806088463426706.dir/webapp/,AVAILABLE}{/hddsDatanode}
2019-07-13 09:07:51,168 INFO  server.AbstractConnector (AbstractConnector.java:doStart(278)) - Started ServerConnector@1f10fec6{HTTP/1.1,[http/1.1]}{0.0.0.0:44161}
2019-07-13 09:07:51,169 INFO  server.Server (Server.java:doStart(419)) - Started @6411ms
2019-07-13 09:07:51,170 INFO  server.BaseHttpServer (BaseHttpServer.java:updateConnectorAddress(207)) - HTTP server of HDDSDATANODE is listening at http://0.0.0.0:44161
2019-07-13 09:07:51,308 INFO  ozone.HddsDatanodeService (HddsDatanodeService.java:startPlugins(396)) - Started plug-in org.apache.hadoop.ozone.web.OzoneHddsDatanodeService@7436364d
2019-07-13 09:07:51,308 INFO  impl.MetricsSystemImpl (MetricsSystemImpl.java:init(158)) - HddsDatanode metrics system started (again)
2019-07-13 09:07:51,310 INFO  ozone.HddsDatanodeService (HddsDatanodeService.java:start(185)) - HddsDatanodeService host:trunk-nightly-hmp62-43275749 ip:192.168.69.96
2019-07-13 09:07:51,312 INFO  util.JvmPauseMonitor (JvmPauseMonitor.java:run(188)) - Starting JVM pause monitor
2019-07-13 09:07:51,314 INFO  datanode.InitDatanodeState (InitDatanodeState.java:persistContainerDatanodeDetails(140)) - DatanodeDetails is persisted to /tmp/workdir/hadoop-ozone/integration-test/target/test-dir/MiniOzoneClusterImpl-2aef17b0-a2ec-4c0b-b11c-ca76bc81bdbb/datanode-2/meta/datanode.id
2019-07-13 09:07:51,320 INFO  volume.HddsVolume (HddsVolume.java:<init>(176)) - Creating Volume: /tmp/workdir/hadoop-ozone/integration-test/target/test-dir/MiniOzoneClusterImpl-2aef17b0-a2ec-4c0b-b11c-ca76bc81bdbb/datanode-3/data/containers/hdds of  storage type : DISK and capacity : 52710309888
2019-07-13 09:07:51,321 INFO  volume.VolumeSet (VolumeSet.java:initializeVolumeSet(170)) - Added Volume : /tmp/workdir/hadoop-ozone/integration-test/target/test-dir/MiniOzoneClusterImpl-2aef17b0-a2ec-4c0b-b11c-ca76bc81bdbb/datanode-3/data/containers/hdds to VolumeSet
2019-07-13 09:07:51,321 INFO  volume.ThrottledAsyncChecker (ThrottledAsyncChecker.java:schedule(140)) - Scheduling a check for org.apache.hadoop.ozone.container.common.volume.HddsVolume@517704
2019-07-13 09:07:51,322 INFO  volume.HddsVolumeChecker (HddsVolumeChecker.java:checkAllVolumes(203)) - Scheduled health check for volume org.apache.hadoop.ozone.container.common.volume.HddsVolume@517704
2019-07-13 09:07:51,345 INFO  impl.RaftServerProxy (ConfUtils.java:logGet(43)) - raft.rpc.type = GRPC (default)
2019-07-13 09:07:51,345 INFO  grpc.GrpcFactory (GrpcFactory.java:checkPooledByteBufAllocatorUseCacheForAllThreads(45)) - PERFORMANCE WARNING: useCacheForAllThreads is true that may cause Netty to create a lot garbage objects and, as a result, trigger GC.
	It is recommended to disable useCacheForAllThreads by setting -Dorg.apache.ratis.thirdparty.io.netty.allocator.useCacheForAllThreads=false in command line.
2019-07-13 09:07:51,345 INFO  grpc.GrpcConfigKeys$Server (ConfUtils.java:logGet(43)) - raft.grpc.server.port = 0 (default)
2019-07-13 09:07:51,346 INFO  server.GrpcService (ConfUtils.java:logGet(43)) - raft.grpc.message.size.max = 33570816 (custom)
2019-07-13 09:07:51,346 INFO  server.RaftServerConfigKeys (ConfUtils.java:logGet(43)) - raft.server.log.appender.buffer.byte-limit = 33554432 (custom)
2019-07-13 09:07:51,346 INFO  server.GrpcService (ConfUtils.java:logGet(43)) - raft.grpc.flow.control.window = 1MB (=1048576) (default)
2019-07-13 09:07:51,347 INFO  server.RaftServerConfigKeys (ConfUtils.java:logGet(43)) - raft.server.rpc.request.timeout = 3000ms (default)
2019-07-13 09:07:51,348 INFO  server.RaftServerConfigKeys (ConfUtils.java:logGet(43)) - raft.server.storage.dir = [/tmp/workdir/hadoop-ozone/integration-test/target/test-dir/MiniOzoneClusterImpl-2aef17b0-a2ec-4c0b-b11c-ca76bc81bdbb/datanode-3/data/ratis] (custom)
2019-07-13 09:07:51,349 INFO  replication.SimpleContainerDownloader (SimpleContainerDownloader.java:<init>(72)) - Starting container downloader service to copy containers to replicate.
2019-07-13 09:07:51,350 INFO  hdfs.DFSUtil (DFSUtil.java:httpServerTemplateForNNAndJN(1641)) - Starting Web-server for hddsDatanode at: http://0.0.0.0:0
2019-07-13 09:07:51,352 INFO  server.AuthenticationFilter (AuthenticationFilter.java:constructSecretProvider(240)) - Unable to initialize FileSignerSecretProvider, falling back to use random secrets.
2019-07-13 09:07:51,352 WARN  http.HttpRequestLog (HttpRequestLog.java:getRequestLog(97)) - Jetty request log can only be enabled using Log4j
2019-07-13 09:07:51,355 INFO  http.HttpServer2 (HttpServer2.java:addGlobalFilter(975)) - Added global filter 'safety' (class=org.apache.hadoop.http.HttpServer2$QuotingInputFilter)
2019-07-13 09:07:51,356 INFO  http.HttpServer2 (HttpServer2.java:addFilter(948)) - Added filter static_user_filter (class=org.apache.hadoop.http.lib.StaticUserWebFilter$StaticUserFilter) to context hddsDatanode
2019-07-13 09:07:51,356 INFO  http.HttpServer2 (HttpServer2.java:addFilter(958)) - Added filter static_user_filter (class=org.apache.hadoop.http.lib.StaticUserWebFilter$StaticUserFilter) to context static
2019-07-13 09:07:51,357 INFO  http.HttpServer2 (HttpServer2.java:addFilter(958)) - Added filter static_user_filter (class=org.apache.hadoop.http.lib.StaticUserWebFilter$StaticUserFilter) to context logs
2019-07-13 09:07:51,358 INFO  http.HttpServer2 (HttpServer2.java:bindListener(1191)) - Jetty bound to port 35188
2019-07-13 09:07:51,358 INFO  server.Server (Server.java:doStart(351)) - jetty-9.3.24.v20180605, build timestamp: 2018-06-05T17:11:56Z, git hash: 84205aa28f11a4f31f2a3b86d1bba2cc8ab69827
2019-07-13 09:07:51,361 INFO  handler.ContextHandler (ContextHandler.java:doStart(781)) - Started o.e.j.s.ServletContextHandler@1e30db85{/logs,file:///tmp/workdir/hadoop-ozone/integration-test/target/log,AVAILABLE}
2019-07-13 09:07:51,362 INFO  handler.ContextHandler (ContextHandler.java:doStart(781)) - Started o.e.j.s.ServletContextHandler@cc9ef8d{/static,jar:file:/home/user/.m2/repository/org/apache/hadoop/hadoop-hdds-container-service/0.5.0-SNAPSHOT/hadoop-hdds-container-service-0.5.0-SNAPSHOT.jar!/webapps/static,AVAILABLE}
2019-07-13 09:07:51,403 INFO  handler.ContextHandler (ContextHandler.java:doStart(781)) - Started o.e.j.w.WebAppContext@6a2d867d{/,file:///tmp/jetty-0.0.0.0-35188-hddsDatanode-_-any-3720144808719660125.dir/webapp/,AVAILABLE}{/hddsDatanode}
2019-07-13 09:07:51,405 INFO  server.AbstractConnector (AbstractConnector.java:doStart(278)) - Started ServerConnector@73bb1337{HTTP/1.1,[http/1.1]}{0.0.0.0:35188}
2019-07-13 09:07:51,407 INFO  server.Server (Server.java:doStart(419)) - Started @6649ms
2019-07-13 09:07:51,408 INFO  server.BaseHttpServer (BaseHttpServer.java:updateConnectorAddress(207)) - HTTP server of HDDSDATANODE is listening at http://0.0.0.0:35188
2019-07-13 09:07:51,546 INFO  ozone.HddsDatanodeService (HddsDatanodeService.java:startPlugins(396)) - Started plug-in org.apache.hadoop.ozone.web.OzoneHddsDatanodeService@65da01f4
2019-07-13 09:07:51,546 INFO  impl.MetricsSystemImpl (MetricsSystemImpl.java:init(158)) - HddsDatanode metrics system started (again)
2019-07-13 09:07:51,548 INFO  ozone.HddsDatanodeService (HddsDatanodeService.java:start(185)) - HddsDatanodeService host:trunk-nightly-hmp62-43275749 ip:192.168.69.96
2019-07-13 09:07:51,549 INFO  util.JvmPauseMonitor (JvmPauseMonitor.java:run(188)) - Starting JVM pause monitor
2019-07-13 09:07:51,553 INFO  datanode.InitDatanodeState (InitDatanodeState.java:persistContainerDatanodeDetails(140)) - DatanodeDetails is persisted to /tmp/workdir/hadoop-ozone/integration-test/target/test-dir/MiniOzoneClusterImpl-2aef17b0-a2ec-4c0b-b11c-ca76bc81bdbb/datanode-3/meta/datanode.id
2019-07-13 09:07:51,556 INFO  volume.HddsVolume (HddsVolume.java:<init>(176)) - Creating Volume: /tmp/workdir/hadoop-ozone/integration-test/target/test-dir/MiniOzoneClusterImpl-2aef17b0-a2ec-4c0b-b11c-ca76bc81bdbb/datanode-4/data/containers/hdds of  storage type : DISK and capacity : 52710309888
2019-07-13 09:07:51,556 INFO  volume.VolumeSet (VolumeSet.java:initializeVolumeSet(170)) - Added Volume : /tmp/workdir/hadoop-ozone/integration-test/target/test-dir/MiniOzoneClusterImpl-2aef17b0-a2ec-4c0b-b11c-ca76bc81bdbb/datanode-4/data/containers/hdds to VolumeSet
2019-07-13 09:07:51,556 INFO  volume.ThrottledAsyncChecker (ThrottledAsyncChecker.java:schedule(140)) - Scheduling a check for org.apache.hadoop.ozone.container.common.volume.HddsVolume@6b2fdffc
2019-07-13 09:07:51,557 INFO  volume.HddsVolumeChecker (HddsVolumeChecker.java:checkAllVolumes(203)) - Scheduled health check for volume org.apache.hadoop.ozone.container.common.volume.HddsVolume@6b2fdffc
2019-07-13 09:07:51,571 INFO  impl.RaftServerProxy (ConfUtils.java:logGet(43)) - raft.rpc.type = GRPC (default)
2019-07-13 09:07:51,572 INFO  grpc.GrpcFactory (GrpcFactory.java:checkPooledByteBufAllocatorUseCacheForAllThreads(45)) - PERFORMANCE WARNING: useCacheForAllThreads is true that may cause Netty to create a lot garbage objects and, as a result, trigger GC.
	It is recommended to disable useCacheForAllThreads by setting -Dorg.apache.ratis.thirdparty.io.netty.allocator.useCacheForAllThreads=false in command line.
2019-07-13 09:07:51,572 INFO  grpc.GrpcConfigKeys$Server (ConfUtils.java:logGet(43)) - raft.grpc.server.port = 0 (default)
2019-07-13 09:07:51,572 INFO  server.GrpcService (ConfUtils.java:logGet(43)) - raft.grpc.message.size.max = 33570816 (custom)
2019-07-13 09:07:51,572 INFO  server.RaftServerConfigKeys (ConfUtils.java:logGet(43)) - raft.server.log.appender.buffer.byte-limit = 33554432 (custom)
2019-07-13 09:07:51,573 INFO  server.GrpcService (ConfUtils.java:logGet(43)) - raft.grpc.flow.control.window = 1MB (=1048576) (default)
2019-07-13 09:07:51,573 INFO  server.RaftServerConfigKeys (ConfUtils.java:logGet(43)) - raft.server.rpc.request.timeout = 3000ms (default)
2019-07-13 09:07:51,573 INFO  server.RaftServerConfigKeys (ConfUtils.java:logGet(43)) - raft.server.storage.dir = [/tmp/workdir/hadoop-ozone/integration-test/target/test-dir/MiniOzoneClusterImpl-2aef17b0-a2ec-4c0b-b11c-ca76bc81bdbb/datanode-4/data/ratis] (custom)
2019-07-13 09:07:51,574 INFO  replication.SimpleContainerDownloader (SimpleContainerDownloader.java:<init>(72)) - Starting container downloader service to copy containers to replicate.
2019-07-13 09:07:51,575 INFO  hdfs.DFSUtil (DFSUtil.java:httpServerTemplateForNNAndJN(1641)) - Starting Web-server for hddsDatanode at: http://0.0.0.0:0
2019-07-13 09:07:51,576 INFO  server.AuthenticationFilter (AuthenticationFilter.java:constructSecretProvider(240)) - Unable to initialize FileSignerSecretProvider, falling back to use random secrets.
2019-07-13 09:07:51,577 WARN  http.HttpRequestLog (HttpRequestLog.java:getRequestLog(97)) - Jetty request log can only be enabled using Log4j
2019-07-13 09:07:51,578 INFO  http.HttpServer2 (HttpServer2.java:addGlobalFilter(975)) - Added global filter 'safety' (class=org.apache.hadoop.http.HttpServer2$QuotingInputFilter)
2019-07-13 09:07:51,579 INFO  http.HttpServer2 (HttpServer2.java:addFilter(948)) - Added filter static_user_filter (class=org.apache.hadoop.http.lib.StaticUserWebFilter$StaticUserFilter) to context hddsDatanode
2019-07-13 09:07:51,579 INFO  http.HttpServer2 (HttpServer2.java:addFilter(958)) - Added filter static_user_filter (class=org.apache.hadoop.http.lib.StaticUserWebFilter$StaticUserFilter) to context logs
2019-07-13 09:07:51,579 INFO  http.HttpServer2 (HttpServer2.java:addFilter(958)) - Added filter static_user_filter (class=org.apache.hadoop.http.lib.StaticUserWebFilter$StaticUserFilter) to context static
2019-07-13 09:07:51,580 INFO  http.HttpServer2 (HttpServer2.java:bindListener(1191)) - Jetty bound to port 41265
2019-07-13 09:07:51,580 INFO  server.Server (Server.java:doStart(351)) - jetty-9.3.24.v20180605, build timestamp: 2018-06-05T17:11:56Z, git hash: 84205aa28f11a4f31f2a3b86d1bba2cc8ab69827
2019-07-13 09:07:51,585 INFO  handler.ContextHandler (ContextHandler.java:doStart(781)) - Started o.e.j.s.ServletContextHandler@615db358{/logs,file:///tmp/workdir/hadoop-ozone/integration-test/target/log,AVAILABLE}
2019-07-13 09:07:51,585 INFO  handler.ContextHandler (ContextHandler.java:doStart(781)) - Started o.e.j.s.ServletContextHandler@5fef0c19{/static,jar:file:/home/user/.m2/repository/org/apache/hadoop/hadoop-hdds-container-service/0.5.0-SNAPSHOT/hadoop-hdds-container-service-0.5.0-SNAPSHOT.jar!/webapps/static,AVAILABLE}
2019-07-13 09:07:51,613 INFO  handler.ContextHandler (ContextHandler.java:doStart(781)) - Started o.e.j.w.WebAppContext@367d34c0{/,file:///tmp/jetty-0.0.0.0-41265-hddsDatanode-_-any-262160245760465470.dir/webapp/,AVAILABLE}{/hddsDatanode}
2019-07-13 09:07:51,615 INFO  server.AbstractConnector (AbstractConnector.java:doStart(278)) - Started ServerConnector@4ce25e47{HTTP/1.1,[http/1.1]}{0.0.0.0:41265}
2019-07-13 09:07:51,615 INFO  server.Server (Server.java:doStart(419)) - Started @6857ms
2019-07-13 09:07:51,616 INFO  server.BaseHttpServer (BaseHttpServer.java:updateConnectorAddress(207)) - HTTP server of HDDSDATANODE is listening at http://0.0.0.0:41265
2019-07-13 09:07:51,741 INFO  ozone.HddsDatanodeService (HddsDatanodeService.java:startPlugins(396)) - Started plug-in org.apache.hadoop.ozone.web.OzoneHddsDatanodeService@15d236fd
2019-07-13 09:07:51,741 INFO  impl.MetricsSystemImpl (MetricsSystemImpl.java:init(158)) - HddsDatanode metrics system started (again)
2019-07-13 09:07:51,743 INFO  ozone.HddsDatanodeService (HddsDatanodeService.java:start(185)) - HddsDatanodeService host:trunk-nightly-hmp62-43275749 ip:192.168.69.96
2019-07-13 09:07:51,745 INFO  util.JvmPauseMonitor (JvmPauseMonitor.java:run(188)) - Starting JVM pause monitor
2019-07-13 09:07:51,748 INFO  datanode.InitDatanodeState (InitDatanodeState.java:persistContainerDatanodeDetails(140)) - DatanodeDetails is persisted to /tmp/workdir/hadoop-ozone/integration-test/target/test-dir/MiniOzoneClusterImpl-2aef17b0-a2ec-4c0b-b11c-ca76bc81bdbb/datanode-4/meta/datanode.id
2019-07-13 09:07:51,752 INFO  volume.HddsVolume (HddsVolume.java:<init>(176)) - Creating Volume: /tmp/workdir/hadoop-ozone/integration-test/target/test-dir/MiniOzoneClusterImpl-2aef17b0-a2ec-4c0b-b11c-ca76bc81bdbb/datanode-5/data/containers/hdds of  storage type : DISK and capacity : 52710309888
2019-07-13 09:07:51,752 INFO  volume.VolumeSet (VolumeSet.java:initializeVolumeSet(170)) - Added Volume : /tmp/workdir/hadoop-ozone/integration-test/target/test-dir/MiniOzoneClusterImpl-2aef17b0-a2ec-4c0b-b11c-ca76bc81bdbb/datanode-5/data/containers/hdds to VolumeSet
2019-07-13 09:07:51,752 INFO  volume.ThrottledAsyncChecker (ThrottledAsyncChecker.java:schedule(140)) - Scheduling a check for org.apache.hadoop.ozone.container.common.volume.HddsVolume@33eb0d4
2019-07-13 09:07:51,753 INFO  volume.HddsVolumeChecker (HddsVolumeChecker.java:checkAllVolumes(203)) - Scheduled health check for volume org.apache.hadoop.ozone.container.common.volume.HddsVolume@33eb0d4
2019-07-13 09:07:51,767 INFO  impl.RaftServerProxy (ConfUtils.java:logGet(43)) - raft.rpc.type = GRPC (default)
2019-07-13 09:07:51,767 INFO  grpc.GrpcFactory (GrpcFactory.java:checkPooledByteBufAllocatorUseCacheForAllThreads(45)) - PERFORMANCE WARNING: useCacheForAllThreads is true that may cause Netty to create a lot garbage objects and, as a result, trigger GC.
	It is recommended to disable useCacheForAllThreads by setting -Dorg.apache.ratis.thirdparty.io.netty.allocator.useCacheForAllThreads=false in command line.
2019-07-13 09:07:51,767 INFO  grpc.GrpcConfigKeys$Server (ConfUtils.java:logGet(43)) - raft.grpc.server.port = 0 (default)
2019-07-13 09:07:51,767 INFO  server.GrpcService (ConfUtils.java:logGet(43)) - raft.grpc.message.size.max = 33570816 (custom)
2019-07-13 09:07:51,768 INFO  server.RaftServerConfigKeys (ConfUtils.java:logGet(43)) - raft.server.log.appender.buffer.byte-limit = 33554432 (custom)
2019-07-13 09:07:51,768 INFO  server.GrpcService (ConfUtils.java:logGet(43)) - raft.grpc.flow.control.window = 1MB (=1048576) (default)
2019-07-13 09:07:51,768 INFO  server.RaftServerConfigKeys (ConfUtils.java:logGet(43)) - raft.server.rpc.request.timeout = 3000ms (default)
2019-07-13 09:07:51,769 INFO  server.RaftServerConfigKeys (ConfUtils.java:logGet(43)) - raft.server.storage.dir = [/tmp/workdir/hadoop-ozone/integration-test/target/test-dir/MiniOzoneClusterImpl-2aef17b0-a2ec-4c0b-b11c-ca76bc81bdbb/datanode-5/data/ratis] (custom)
2019-07-13 09:07:51,769 INFO  replication.SimpleContainerDownloader (SimpleContainerDownloader.java:<init>(72)) - Starting container downloader service to copy containers to replicate.
2019-07-13 09:07:51,770 INFO  hdfs.DFSUtil (DFSUtil.java:httpServerTemplateForNNAndJN(1641)) - Starting Web-server for hddsDatanode at: http://0.0.0.0:0
2019-07-13 09:07:51,771 INFO  server.AuthenticationFilter (AuthenticationFilter.java:constructSecretProvider(240)) - Unable to initialize FileSignerSecretProvider, falling back to use random secrets.
2019-07-13 09:07:51,772 WARN  http.HttpRequestLog (HttpRequestLog.java:getRequestLog(97)) - Jetty request log can only be enabled using Log4j
2019-07-13 09:07:51,773 INFO  http.HttpServer2 (HttpServer2.java:addGlobalFilter(975)) - Added global filter 'safety' (class=org.apache.hadoop.http.HttpServer2$QuotingInputFilter)
2019-07-13 09:07:51,773 INFO  http.HttpServer2 (HttpServer2.java:addFilter(948)) - Added filter static_user_filter (class=org.apache.hadoop.http.lib.StaticUserWebFilter$StaticUserFilter) to context hddsDatanode
2019-07-13 09:07:51,774 INFO  http.HttpServer2 (HttpServer2.java:addFilter(958)) - Added filter static_user_filter (class=org.apache.hadoop.http.lib.StaticUserWebFilter$StaticUserFilter) to context static
2019-07-13 09:07:51,774 INFO  http.HttpServer2 (HttpServer2.java:addFilter(958)) - Added filter static_user_filter (class=org.apache.hadoop.http.lib.StaticUserWebFilter$StaticUserFilter) to context logs
2019-07-13 09:07:51,774 INFO  http.HttpServer2 (HttpServer2.java:bindListener(1191)) - Jetty bound to port 36698
2019-07-13 09:07:51,775 INFO  server.Server (Server.java:doStart(351)) - jetty-9.3.24.v20180605, build timestamp: 2018-06-05T17:11:56Z, git hash: 84205aa28f11a4f31f2a3b86d1bba2cc8ab69827
2019-07-13 09:07:51,777 INFO  handler.ContextHandler (ContextHandler.java:doStart(781)) - Started o.e.j.s.ServletContextHandler@6885ed19{/logs,file:///tmp/workdir/hadoop-ozone/integration-test/target/log,AVAILABLE}
2019-07-13 09:07:51,777 INFO  handler.ContextHandler (ContextHandler.java:doStart(781)) - Started o.e.j.s.ServletContextHandler@2d4a3e13{/static,jar:file:/home/user/.m2/repository/org/apache/hadoop/hadoop-hdds-container-service/0.5.0-SNAPSHOT/hadoop-hdds-container-service-0.5.0-SNAPSHOT.jar!/webapps/static,AVAILABLE}
2019-07-13 09:07:51,804 INFO  handler.ContextHandler (ContextHandler.java:doStart(781)) - Started o.e.j.w.WebAppContext@561f9d92{/,file:///tmp/jetty-0.0.0.0-36698-hddsDatanode-_-any-6279877412299734732.dir/webapp/,AVAILABLE}{/hddsDatanode}
2019-07-13 09:07:51,806 INFO  server.AbstractConnector (AbstractConnector.java:doStart(278)) - Started ServerConnector@1c84d80a{HTTP/1.1,[http/1.1]}{0.0.0.0:36698}
2019-07-13 09:07:51,806 INFO  server.Server (Server.java:doStart(419)) - Started @7048ms
2019-07-13 09:07:51,806 INFO  server.BaseHttpServer (BaseHttpServer.java:updateConnectorAddress(207)) - HTTP server of HDDSDATANODE is listening at http://0.0.0.0:36698
2019-07-13 09:07:51,935 INFO  ozone.HddsDatanodeService (HddsDatanodeService.java:startPlugins(396)) - Started plug-in org.apache.hadoop.ozone.web.OzoneHddsDatanodeService@16f15ae9
2019-07-13 09:07:51,935 INFO  impl.MetricsSystemImpl (MetricsSystemImpl.java:init(158)) - HddsDatanode metrics system started (again)
2019-07-13 09:07:51,937 INFO  ozone.HddsDatanodeService (HddsDatanodeService.java:start(185)) - HddsDatanodeService host:trunk-nightly-hmp62-43275749 ip:192.168.69.96
2019-07-13 09:07:51,985 INFO  util.JvmPauseMonitor (JvmPauseMonitor.java:run(188)) - Starting JVM pause monitor
2019-07-13 09:07:51,993 INFO  datanode.InitDatanodeState (InitDatanodeState.java:persistContainerDatanodeDetails(140)) - DatanodeDetails is persisted to /tmp/workdir/hadoop-ozone/integration-test/target/test-dir/MiniOzoneClusterImpl-2aef17b0-a2ec-4c0b-b11c-ca76bc81bdbb/datanode-5/meta/datanode.id
2019-07-13 09:07:51,995 INFO  volume.HddsVolume (HddsVolume.java:<init>(176)) - Creating Volume: /tmp/workdir/hadoop-ozone/integration-test/target/test-dir/MiniOzoneClusterImpl-2aef17b0-a2ec-4c0b-b11c-ca76bc81bdbb/datanode-6/data/containers/hdds of  storage type : DISK and capacity : 52710309888
2019-07-13 09:07:51,997 INFO  volume.VolumeSet (VolumeSet.java:initializeVolumeSet(170)) - Added Volume : /tmp/workdir/hadoop-ozone/integration-test/target/test-dir/MiniOzoneClusterImpl-2aef17b0-a2ec-4c0b-b11c-ca76bc81bdbb/datanode-6/data/containers/hdds to VolumeSet
2019-07-13 09:07:51,997 INFO  volume.ThrottledAsyncChecker (ThrottledAsyncChecker.java:schedule(140)) - Scheduling a check for org.apache.hadoop.ozone.container.common.volume.HddsVolume@2b79c8ff
2019-07-13 09:07:51,998 INFO  volume.HddsVolumeChecker (HddsVolumeChecker.java:checkAllVolumes(203)) - Scheduled health check for volume org.apache.hadoop.ozone.container.common.volume.HddsVolume@2b79c8ff
2019-07-13 09:07:52,039 INFO  impl.RaftServerProxy (ConfUtils.java:logGet(43)) - raft.rpc.type = GRPC (default)
2019-07-13 09:07:52,039 INFO  grpc.GrpcFactory (GrpcFactory.java:checkPooledByteBufAllocatorUseCacheForAllThreads(45)) - PERFORMANCE WARNING: useCacheForAllThreads is true that may cause Netty to create a lot garbage objects and, as a result, trigger GC.
	It is recommended to disable useCacheForAllThreads by setting -Dorg.apache.ratis.thirdparty.io.netty.allocator.useCacheForAllThreads=false in command line.
2019-07-13 09:07:52,039 INFO  grpc.GrpcConfigKeys$Server (ConfUtils.java:logGet(43)) - raft.grpc.server.port = 0 (default)
2019-07-13 09:07:52,040 INFO  server.GrpcService (ConfUtils.java:logGet(43)) - raft.grpc.message.size.max = 33570816 (custom)
2019-07-13 09:07:52,040 INFO  server.RaftServerConfigKeys (ConfUtils.java:logGet(43)) - raft.server.log.appender.buffer.byte-limit = 33554432 (custom)
2019-07-13 09:07:52,040 INFO  server.GrpcService (ConfUtils.java:logGet(43)) - raft.grpc.flow.control.window = 1MB (=1048576) (default)
2019-07-13 09:07:52,041 INFO  server.RaftServerConfigKeys (ConfUtils.java:logGet(43)) - raft.server.rpc.request.timeout = 3000ms (default)
2019-07-13 09:07:52,041 INFO  server.RaftServerConfigKeys (ConfUtils.java:logGet(43)) - raft.server.storage.dir = [/tmp/workdir/hadoop-ozone/integration-test/target/test-dir/MiniOzoneClusterImpl-2aef17b0-a2ec-4c0b-b11c-ca76bc81bdbb/datanode-6/data/ratis] (custom)
2019-07-13 09:07:52,042 INFO  replication.SimpleContainerDownloader (SimpleContainerDownloader.java:<init>(72)) - Starting container downloader service to copy containers to replicate.
2019-07-13 09:07:52,044 INFO  hdfs.DFSUtil (DFSUtil.java:httpServerTemplateForNNAndJN(1641)) - Starting Web-server for hddsDatanode at: http://0.0.0.0:0
2019-07-13 09:07:52,045 INFO  server.AuthenticationFilter (AuthenticationFilter.java:constructSecretProvider(240)) - Unable to initialize FileSignerSecretProvider, falling back to use random secrets.
2019-07-13 09:07:52,046 WARN  http.HttpRequestLog (HttpRequestLog.java:getRequestLog(97)) - Jetty request log can only be enabled using Log4j
2019-07-13 09:07:52,048 INFO  http.HttpServer2 (HttpServer2.java:addGlobalFilter(975)) - Added global filter 'safety' (class=org.apache.hadoop.http.HttpServer2$QuotingInputFilter)
2019-07-13 09:07:52,049 INFO  http.HttpServer2 (HttpServer2.java:addFilter(948)) - Added filter static_user_filter (class=org.apache.hadoop.http.lib.StaticUserWebFilter$StaticUserFilter) to context hddsDatanode
2019-07-13 09:07:52,049 INFO  http.HttpServer2 (HttpServer2.java:addFilter(958)) - Added filter static_user_filter (class=org.apache.hadoop.http.lib.StaticUserWebFilter$StaticUserFilter) to context logs
2019-07-13 09:07:52,049 INFO  http.HttpServer2 (HttpServer2.java:addFilter(958)) - Added filter static_user_filter (class=org.apache.hadoop.http.lib.StaticUserWebFilter$StaticUserFilter) to context static
2019-07-13 09:07:52,050 INFO  http.HttpServer2 (HttpServer2.java:bindListener(1191)) - Jetty bound to port 41900
2019-07-13 09:07:52,050 INFO  server.Server (Server.java:doStart(351)) - jetty-9.3.24.v20180605, build timestamp: 2018-06-05T17:11:56Z, git hash: 84205aa28f11a4f31f2a3b86d1bba2cc8ab69827
2019-07-13 09:07:52,052 INFO  handler.ContextHandler (ContextHandler.java:doStart(781)) - Started o.e.j.s.ServletContextHandler@6568f998{/logs,file:///tmp/workdir/hadoop-ozone/integration-test/target/log,AVAILABLE}
2019-07-13 09:07:52,053 INFO  handler.ContextHandler (ContextHandler.java:doStart(781)) - Started o.e.j.s.ServletContextHandler@782fd504{/static,jar:file:/home/user/.m2/repository/org/apache/hadoop/hadoop-hdds-container-service/0.5.0-SNAPSHOT/hadoop-hdds-container-service-0.5.0-SNAPSHOT.jar!/webapps/static,AVAILABLE}
2019-07-13 09:07:52,086 INFO  handler.ContextHandler (ContextHandler.java:doStart(781)) - Started o.e.j.w.WebAppContext@418f0534{/,file:///tmp/jetty-0.0.0.0-41900-hddsDatanode-_-any-8759079447047511980.dir/webapp/,AVAILABLE}{/hddsDatanode}
2019-07-13 09:07:52,087 INFO  server.AbstractConnector (AbstractConnector.java:doStart(278)) - Started ServerConnector@3dfd7eaa{HTTP/1.1,[http/1.1]}{0.0.0.0:41900}
2019-07-13 09:07:52,088 INFO  server.Server (Server.java:doStart(419)) - Started @7330ms
2019-07-13 09:07:52,089 INFO  server.BaseHttpServer (BaseHttpServer.java:updateConnectorAddress(207)) - HTTP server of HDDSDATANODE is listening at http://0.0.0.0:41900
2019-07-13 09:07:52,223 INFO  ozone.HddsDatanodeService (HddsDatanodeService.java:startPlugins(396)) - Started plug-in org.apache.hadoop.ozone.web.OzoneHddsDatanodeService@28e7bb31
2019-07-13 09:07:52,226 INFO  ozone.MiniOzoneClusterImpl (MiniOzoneClusterImpl.java:lambda$waitForClusterToBeReady$0(142)) - Waiting for cluster to be ready. Got 0 of 7 DN Heartbeats.
2019-07-13 09:07:52,227 INFO  util.JvmPauseMonitor (JvmPauseMonitor.java:run(188)) - Starting JVM pause monitor
2019-07-13 09:07:52,230 INFO  datanode.InitDatanodeState (InitDatanodeState.java:persistContainerDatanodeDetails(140)) - DatanodeDetails is persisted to /tmp/workdir/hadoop-ozone/integration-test/target/test-dir/MiniOzoneClusterImpl-2aef17b0-a2ec-4c0b-b11c-ca76bc81bdbb/datanode-6/meta/datanode.id
2019-07-13 09:07:52,906 INFO  ozoneimpl.OzoneContainer (OzoneContainer.java:start(186)) - Attempting to start container services.
2019-07-13 09:07:52,908 INFO  ozoneimpl.OzoneContainer (OzoneContainer.java:startContainerScrub(160)) - Background container scrubber has been disabled by hdds.containerscrub.enabled
2019-07-13 09:07:52,908 INFO  ratis.XceiverServerRatis (XceiverServerRatis.java:start(418)) - Starting XceiverServerRatis c6904f5f-bfcb-458f-a61a-755892db6ce7 at port 0
2019-07-13 09:07:52,931 INFO  impl.RaftServerProxy (RaftServerProxy.java:lambda$start$3(299)) - c6904f5f-bfcb-458f-a61a-755892db6ce7: start RPC server
2019-07-13 09:07:53,059 INFO  server.GrpcService (GrpcService.java:startImpl(149)) - c6904f5f-bfcb-458f-a61a-755892db6ce7: GrpcService started, listening on 0.0.0.0/0.0.0.0:43724
2019-07-13 09:07:53,060 INFO  ratis.XceiverServerRatis (XceiverServerRatis.java:start(428)) - XceiverServerRatis c6904f5f-bfcb-458f-a61a-755892db6ce7 is started using port 43724
2019-07-13 09:07:53,063 INFO  server.XceiverServerGrpc (XceiverServerGrpc.java:start(161)) - XceiverServerGrpc c6904f5f-bfcb-458f-a61a-755892db6ce7 is started using port 36558
2019-07-13 09:07:53,120 INFO  ozoneimpl.OzoneContainer (OzoneContainer.java:start(186)) - Attempting to start container services.
2019-07-13 09:07:53,123 INFO  ozoneimpl.OzoneContainer (OzoneContainer.java:startContainerScrub(160)) - Background container scrubber has been disabled by hdds.containerscrub.enabled
2019-07-13 09:07:53,123 INFO  ratis.XceiverServerRatis (XceiverServerRatis.java:start(418)) - Starting XceiverServerRatis d872ec85-094f-4f67-bb7b-979955782da1 at port 0
2019-07-13 09:07:53,133 INFO  impl.RaftServerProxy (RaftServerProxy.java:lambda$start$3(299)) - d872ec85-094f-4f67-bb7b-979955782da1: start RPC server
2019-07-13 09:07:53,137 INFO  server.GrpcService (GrpcService.java:startImpl(149)) - d872ec85-094f-4f67-bb7b-979955782da1: GrpcService started, listening on 0.0.0.0/0.0.0.0:41649
2019-07-13 09:07:53,138 INFO  ratis.XceiverServerRatis (XceiverServerRatis.java:start(428)) - XceiverServerRatis d872ec85-094f-4f67-bb7b-979955782da1 is started using port 41649
2019-07-13 09:07:53,140 INFO  server.XceiverServerGrpc (XceiverServerGrpc.java:start(161)) - XceiverServerGrpc d872ec85-094f-4f67-bb7b-979955782da1 is started using port 43454
2019-07-13 09:07:53,226 INFO  ozone.MiniOzoneClusterImpl (MiniOzoneClusterImpl.java:lambda$waitForClusterToBeReady$0(142)) - Waiting for cluster to be ready. Got 0 of 7 DN Heartbeats.
2019-07-13 09:07:53,329 INFO  ozoneimpl.OzoneContainer (OzoneContainer.java:start(186)) - Attempting to start container services.
2019-07-13 09:07:53,332 INFO  ozoneimpl.OzoneContainer (OzoneContainer.java:startContainerScrub(160)) - Background container scrubber has been disabled by hdds.containerscrub.enabled
2019-07-13 09:07:53,332 INFO  ratis.XceiverServerRatis (XceiverServerRatis.java:start(418)) - Starting XceiverServerRatis 8edcd2ad-5eae-4055-a5d5-7c2840f9d683 at port 0
2019-07-13 09:07:53,340 INFO  impl.RaftServerProxy (RaftServerProxy.java:lambda$start$3(299)) - 8edcd2ad-5eae-4055-a5d5-7c2840f9d683: start RPC server
2019-07-13 09:07:53,344 INFO  server.GrpcService (GrpcService.java:startImpl(149)) - 8edcd2ad-5eae-4055-a5d5-7c2840f9d683: GrpcService started, listening on 0.0.0.0/0.0.0.0:42606
2019-07-13 09:07:53,344 INFO  ratis.XceiverServerRatis (XceiverServerRatis.java:start(428)) - XceiverServerRatis 8edcd2ad-5eae-4055-a5d5-7c2840f9d683 is started using port 42606
2019-07-13 09:07:53,347 INFO  server.XceiverServerGrpc (XceiverServerGrpc.java:start(161)) - XceiverServerGrpc 8edcd2ad-5eae-4055-a5d5-7c2840f9d683 is started using port 40560
2019-07-13 09:07:53,567 INFO  ozoneimpl.OzoneContainer (OzoneContainer.java:start(186)) - Attempting to start container services.
2019-07-13 09:07:53,573 INFO  ozoneimpl.OzoneContainer (OzoneContainer.java:startContainerScrub(160)) - Background container scrubber has been disabled by hdds.containerscrub.enabled
2019-07-13 09:07:53,573 INFO  ratis.XceiverServerRatis (XceiverServerRatis.java:start(418)) - Starting XceiverServerRatis 39e80c9a-c9e7-465a-ac1a-e4eea8dfe517 at port 0
2019-07-13 09:07:53,583 INFO  impl.RaftServerProxy (RaftServerProxy.java:lambda$start$3(299)) - 39e80c9a-c9e7-465a-ac1a-e4eea8dfe517: start RPC server
2019-07-13 09:07:53,587 INFO  server.GrpcService (GrpcService.java:startImpl(149)) - 39e80c9a-c9e7-465a-ac1a-e4eea8dfe517: GrpcService started, listening on 0.0.0.0/0.0.0.0:45167
2019-07-13 09:07:53,587 INFO  ratis.XceiverServerRatis (XceiverServerRatis.java:start(428)) - XceiverServerRatis 39e80c9a-c9e7-465a-ac1a-e4eea8dfe517 is started using port 45167
2019-07-13 09:07:53,590 INFO  server.XceiverServerGrpc (XceiverServerGrpc.java:start(161)) - XceiverServerGrpc 39e80c9a-c9e7-465a-ac1a-e4eea8dfe517 is started using port 34869
2019-07-13 09:07:53,763 INFO  ozoneimpl.OzoneContainer (OzoneContainer.java:start(186)) - Attempting to start container services.
2019-07-13 09:07:53,763 INFO  ozoneimpl.OzoneContainer (OzoneContainer.java:startContainerScrub(160)) - Background container scrubber has been disabled by hdds.containerscrub.enabled
2019-07-13 09:07:53,764 INFO  ratis.XceiverServerRatis (XceiverServerRatis.java:start(418)) - Starting XceiverServerRatis 64012248-86ed-4703-b229-4c36d10a7c01 at port 0
2019-07-13 09:07:53,775 INFO  impl.RaftServerProxy (RaftServerProxy.java:lambda$start$3(299)) - 64012248-86ed-4703-b229-4c36d10a7c01: start RPC server
2019-07-13 09:07:53,779 INFO  server.GrpcService (GrpcService.java:startImpl(149)) - 64012248-86ed-4703-b229-4c36d10a7c01: GrpcService started, listening on 0.0.0.0/0.0.0.0:45564
2019-07-13 09:07:53,779 INFO  ratis.XceiverServerRatis (XceiverServerRatis.java:start(428)) - XceiverServerRatis 64012248-86ed-4703-b229-4c36d10a7c01 is started using port 45564
2019-07-13 09:07:53,782 INFO  server.XceiverServerGrpc (XceiverServerGrpc.java:start(161)) - XceiverServerGrpc 64012248-86ed-4703-b229-4c36d10a7c01 is started using port 39651
2019-07-13 09:07:54,001 INFO  ozoneimpl.OzoneContainer (OzoneContainer.java:start(186)) - Attempting to start container services.
2019-07-13 09:07:54,002 INFO  ozoneimpl.OzoneContainer (OzoneContainer.java:startContainerScrub(160)) - Background container scrubber has been disabled by hdds.containerscrub.enabled
2019-07-13 09:07:54,002 INFO  ratis.XceiverServerRatis (XceiverServerRatis.java:start(418)) - Starting XceiverServerRatis 11484358-c926-4416-aa94-f10ef9437c77 at port 0
2019-07-13 09:07:54,012 INFO  impl.RaftServerProxy (RaftServerProxy.java:lambda$start$3(299)) - 11484358-c926-4416-aa94-f10ef9437c77: start RPC server
2019-07-13 09:07:54,016 INFO  server.GrpcService (GrpcService.java:startImpl(149)) - 11484358-c926-4416-aa94-f10ef9437c77: GrpcService started, listening on 0.0.0.0/0.0.0.0:38854
2019-07-13 09:07:54,016 INFO  ratis.XceiverServerRatis (XceiverServerRatis.java:start(428)) - XceiverServerRatis 11484358-c926-4416-aa94-f10ef9437c77 is started using port 38854
2019-07-13 09:07:54,020 INFO  server.XceiverServerGrpc (XceiverServerGrpc.java:start(161)) - XceiverServerGrpc 11484358-c926-4416-aa94-f10ef9437c77 is started using port 33661
2019-07-13 09:07:54,241 INFO  ozone.MiniOzoneClusterImpl (MiniOzoneClusterImpl.java:lambda$waitForClusterToBeReady$0(142)) - Waiting for cluster to be ready. Got 0 of 7 DN Heartbeats.
2019-07-13 09:07:54,260 INFO  ozoneimpl.OzoneContainer (OzoneContainer.java:start(186)) - Attempting to start container services.
2019-07-13 09:07:54,261 INFO  ozoneimpl.OzoneContainer (OzoneContainer.java:startContainerScrub(160)) - Background container scrubber has been disabled by hdds.containerscrub.enabled
2019-07-13 09:07:54,261 INFO  ratis.XceiverServerRatis (XceiverServerRatis.java:start(418)) - Starting XceiverServerRatis 7952b4da-c295-453a-923b-6406a50e8e36 at port 0
2019-07-13 09:07:54,271 INFO  impl.RaftServerProxy (RaftServerProxy.java:lambda$start$3(299)) - 7952b4da-c295-453a-923b-6406a50e8e36: start RPC server
2019-07-13 09:07:54,275 INFO  server.GrpcService (GrpcService.java:startImpl(149)) - 7952b4da-c295-453a-923b-6406a50e8e36: GrpcService started, listening on 0.0.0.0/0.0.0.0:37562
2019-07-13 09:07:54,276 INFO  ratis.XceiverServerRatis (XceiverServerRatis.java:start(428)) - XceiverServerRatis 7952b4da-c295-453a-923b-6406a50e8e36 is started using port 37562
2019-07-13 09:07:54,280 INFO  server.XceiverServerGrpc (XceiverServerGrpc.java:start(161)) - XceiverServerGrpc 7952b4da-c295-453a-923b-6406a50e8e36 is started using port 39486
2019-07-13 09:07:54,895 INFO  net.NetworkTopology (NetworkTopologyImpl.java:add(110)) - Added a new node: /default-rack/192.168.69.96
2019-07-13 09:07:54,896 INFO  node.SCMNodeManager (SCMNodeManager.java:register(269)) - Registered Data node : c6904f5f-bfcb-458f-a61a-755892db6ce7{ip: 192.168.69.96, host: trunk-nightly-hmp62-43275749, networkLocation: /default-rack, certSerialId: null}
2019-07-13 09:07:54,902 INFO  safemode.SCMSafeModeManager (DataNodeSafeModeRule.java:process(71)) - SCM in safe mode. 1 DataNodes registered, 1 required.
2019-07-13 09:07:54,903 INFO  safemode.SCMSafeModeManager (SCMSafeModeManager.java:validateSafeModeExitRules(177)) - ScmSafeModeManager, all rules are successfully validated
2019-07-13 09:07:54,903 INFO  safemode.SCMSafeModeManager (SCMSafeModeManager.java:exitSafeMode(193)) - SCM exiting safe mode.
2019-07-13 09:07:55,108 INFO  node.SCMNodeManager (SCMNodeManager.java:register(269)) - Registered Data node : d872ec85-094f-4f67-bb7b-979955782da1{ip: 192.168.69.96, host: trunk-nightly-hmp62-43275749, networkLocation: /default-rack, certSerialId: null}
2019-07-13 09:07:55,246 INFO  ozone.MiniOzoneClusterImpl (MiniOzoneClusterImpl.java:lambda$waitForClusterToBeReady$0(142)) - Waiting for cluster to be ready. Got 2 of 7 DN Heartbeats.
2019-07-13 09:07:55,317 INFO  node.SCMNodeManager (SCMNodeManager.java:register(269)) - Registered Data node : 8edcd2ad-5eae-4055-a5d5-7c2840f9d683{ip: 192.168.69.96, host: trunk-nightly-hmp62-43275749, networkLocation: /default-rack, certSerialId: null}
2019-07-13 09:07:55,895 INFO  node.SCMNodeManager (SCMNodeManager.java:register(269)) - Registered Data node : 64012248-86ed-4703-b229-4c36d10a7c01{ip: 192.168.69.96, host: trunk-nightly-hmp62-43275749, networkLocation: /default-rack, certSerialId: null}
2019-07-13 09:07:55,895 INFO  node.SCMNodeManager (SCMNodeManager.java:register(269)) - Registered Data node : 39e80c9a-c9e7-465a-ac1a-e4eea8dfe517{ip: 192.168.69.96, host: trunk-nightly-hmp62-43275749, networkLocation: /default-rack, certSerialId: null}
2019-07-13 09:07:55,920 INFO  impl.RaftServerProxy (RaftServerProxy.java:addNew(89)) - c6904f5f-bfcb-458f-a61a-755892db6ce7: addNew group-4E52BF739840:[c6904f5f-bfcb-458f-a61a-755892db6ce7:192.168.69.96:43724] returns group-4E52BF739840:java.util.concurrent.CompletableFuture@3bc7f4b8[Not completed]
2019-07-13 09:07:55,940 INFO  impl.RaftServerImpl (RaftServerImpl.java:<init>(93)) - c6904f5f-bfcb-458f-a61a-755892db6ce7: new RaftServerImpl for group-4E52BF739840:[c6904f5f-bfcb-458f-a61a-755892db6ce7:192.168.69.96:43724] with ContainerStateMachine:uninitialized
2019-07-13 09:07:55,942 INFO  server.RaftServerConfigKeys (ConfUtils.java:logGet(43)) - raft.server.rpc.timeout.min = 5s (custom)
2019-07-13 09:07:55,944 INFO  server.RaftServerConfigKeys (ConfUtils.java:logGet(43)) - raft.server.rpc.timeout.max = 5200ms (custom)
2019-07-13 09:07:55,944 INFO  server.RaftServerConfigKeys (ConfUtils.java:logGet(43)) - raft.server.rpcslowness.timeout = 120s (custom)
2019-07-13 09:07:55,945 INFO  server.RaftServerConfigKeys (ConfUtils.java:logGet(43)) - raft.server.sleep.deviation.threshold = 300 (default)
2019-07-13 09:07:55,946 INFO  server.RaftServerConfigKeys (ConfUtils.java:logGet(43)) - raft.server.log.appender.install.snapshot.enabled = false (custom)
2019-07-13 09:07:55,957 INFO  impl.RaftServerImpl (ServerState.java:<init>(105)) - c6904f5f-bfcb-458f-a61a-755892db6ce7:group-4E52BF739840 ConfigurationManager, init=-1: [c6904f5f-bfcb-458f-a61a-755892db6ce7:192.168.69.96:43724], old=null, confs=<EMPTY_MAP>
2019-07-13 09:07:55,957 INFO  server.RaftServerConfigKeys (ConfUtils.java:logGet(43)) - raft.server.storage.dir = [/tmp/workdir/hadoop-ozone/integration-test/target/test-dir/MiniOzoneClusterImpl-2aef17b0-a2ec-4c0b-b11c-ca76bc81bdbb/datanode-0/data/ratis] (custom)
2019-07-13 09:07:55,967 INFO  storage.RaftStorageDirectory (RaftStorageDirectory.java:analyzeStorage(246)) - The storage directory /tmp/workdir/hadoop-ozone/integration-test/target/test-dir/MiniOzoneClusterImpl-2aef17b0-a2ec-4c0b-b11c-ca76bc81bdbb/datanode-0/data/ratis/08e6437a-26bd-4078-8466-4e52bf739840 does not exist. Creating ...
2019-07-13 09:07:55,987 INFO  storage.RaftStorageDirectory (RaftStorageDirectory.java:tryLock(328)) - Lock on /tmp/workdir/hadoop-ozone/integration-test/target/test-dir/MiniOzoneClusterImpl-2aef17b0-a2ec-4c0b-b11c-ca76bc81bdbb/datanode-0/data/ratis/08e6437a-26bd-4078-8466-4e52bf739840/in_use.lock acquired by nodename 8548@trunk-nightly-hmp62-43275749
2019-07-13 09:07:55,988 INFO  node.SCMNodeManager (SCMNodeManager.java:register(269)) - Registered Data node : 11484358-c926-4416-aa94-f10ef9437c77{ip: 192.168.69.96, host: trunk-nightly-hmp62-43275749, networkLocation: /default-rack, certSerialId: null}
2019-07-13 09:07:56,003 INFO  storage.RaftStorage (RaftStorage.java:format(72)) - Storage directory /tmp/workdir/hadoop-ozone/integration-test/target/test-dir/MiniOzoneClusterImpl-2aef17b0-a2ec-4c0b-b11c-ca76bc81bdbb/datanode-0/data/ratis/08e6437a-26bd-4078-8466-4e52bf739840 has been successfully formatted.
2019-07-13 09:07:56,006 INFO  ratis.ContainerStateMachine (ContainerStateMachine.java:loadSnapshot(200)) - The snapshot info is null.Setting the last applied index to:(t:0, i:~)
2019-07-13 09:07:56,006 INFO  server.RaftServerConfigKeys (ConfUtils.java:logGet(43)) - raft.server.leader.election.timeout = 120s (custom)
2019-07-13 09:07:56,009 INFO  server.RaftServerConfigKeys (ConfUtils.java:logGet(43)) - raft.server.log.use.memory = false (default)
2019-07-13 09:07:56,016 INFO  server.RaftServerConfigKeys (ConfUtils.java:logGet(43)) - raft.server.log.purge.gap = 1000000000 (custom)
2019-07-13 09:07:56,016 INFO  server.RaftServerConfigKeys (ConfUtils.java:logGet(43)) - raft.server.log.appender.buffer.byte-limit = 33554432 (custom)
2019-07-13 09:07:56,018 INFO  server.RaftServerConfigKeys (ConfUtils.java:logGet(43)) - raft.server.log.segment.size.max = 1048576 (custom)
2019-07-13 09:07:56,024 INFO  server.RaftServerConfigKeys (ConfUtils.java:logGet(43)) - raft.server.log.segment.cache.num.max = 2 (custom)
2019-07-13 09:07:56,031 INFO  segmented.SegmentedRaftLogWorker (SegmentedRaftLogWorker.java:<init>(172)) - new c6904f5f-bfcb-458f-a61a-755892db6ce7-SegmentedRaftLogWorker:Storage Directory /tmp/workdir/hadoop-ozone/integration-test/target/test-dir/MiniOzoneClusterImpl-2aef17b0-a2ec-4c0b-b11c-ca76bc81bdbb/datanode-0/data/ratis/08e6437a-26bd-4078-8466-4e52bf739840 for RaftStorage:Storage Directory /tmp/workdir/hadoop-ozone/integration-test/target/test-dir/MiniOzoneClusterImpl-2aef17b0-a2ec-4c0b-b11c-ca76bc81bdbb/datanode-0/data/ratis/08e6437a-26bd-4078-8466-4e52bf739840
2019-07-13 09:07:56,045 INFO  server.RaftServerConfigKeys (ConfUtils.java:logGet(43)) - raft.server.log.queue.byte-limit = 2147483647 (custom)
2019-07-13 09:07:56,045 INFO  server.RaftServerConfigKeys (ConfUtils.java:logGet(43)) - raft.server.log.queue.element-limit = 1024 (custom)
2019-07-13 09:07:56,050 INFO  server.RaftServerConfigKeys (ConfUtils.java:logGet(43)) - raft.server.log.segment.size.max = 1048576 (custom)
2019-07-13 09:07:56,051 INFO  server.RaftServerConfigKeys (ConfUtils.java:logGet(43)) - raft.server.log.preallocated.size = 16384 (custom)
2019-07-13 09:07:56,051 INFO  server.RaftServerConfigKeys (ConfUtils.java:logGet(43)) - raft.server.log.write.buffer.size = 33554432 (custom)
2019-07-13 09:07:56,052 INFO  server.RaftServerConfigKeys (ConfUtils.java:logGet(43)) - raft.server.log.force.sync.num = 128 (default)
2019-07-13 09:07:56,053 INFO  server.RaftServerConfigKeys (ConfUtils.java:logGet(43)) - raft.server.log.statemachine.data.sync = true (default)
2019-07-13 09:07:56,053 INFO  server.RaftServerConfigKeys (ConfUtils.java:logGet(43)) - raft.server.log.statemachine.data.sync.timeout = 10s (default)
2019-07-13 09:07:56,054 INFO  server.RaftServerConfigKeys (ConfUtils.java:logGet(43)) - raft.server.log.statemachine.data.sync.timeout.retry = -1 (default)
2019-07-13 09:07:56,063 INFO  server.RaftServerConfigKeys (ConfUtils.java:logGet(43)) - raft.server.log.statemachine.data.caching.enabled = true (custom)
2019-07-13 09:07:56,067 INFO  segmented.SegmentedRaftLogWorker (SegmentedRaftLogWorker.java:lambda$new$0(132)) - c6904f5f-bfcb-458f-a61a-755892db6ce7-SegmentedRaftLogWorker:Storage Directory /tmp/workdir/hadoop-ozone/integration-test/target/test-dir/MiniOzoneClusterImpl-2aef17b0-a2ec-4c0b-b11c-ca76bc81bdbb/datanode-0/data/ratis/08e6437a-26bd-4078-8466-4e52bf739840: flushIndex: setUnconditionally 0 -> -1
2019-07-13 09:07:56,072 INFO  server.RaftServerConfigKeys (ConfUtils.java:logGet(43)) - raft.server.snapshot.auto.trigger.enabled = true (custom)
2019-07-13 09:07:56,073 INFO  server.RaftServerConfigKeys (ConfUtils.java:logGet(43)) - raft.server.snapshot.auto.trigger.threshold = 10000 (custom)
2019-07-13 09:07:56,073 INFO  server.RaftServerConfigKeys (ConfUtils.java:logGet(43)) - raft.server.retrycache.expirytime = 600000ms (custom)
2019-07-13 09:07:56,094 INFO  impl.RaftServerImpl (RaftServerImpl.java:start(180)) - c6904f5f-bfcb-458f-a61a-755892db6ce7: start group-4E52BF739840
2019-07-13 09:07:56,095 INFO  impl.RaftServerImpl (RaftServerImpl.java:setRole(171)) - c6904f5f-bfcb-458f-a61a-755892db6ce7:group-4E52BF739840 changes role from null to FOLLOWER at term 0 for startAsFollower
2019-07-13 09:07:56,096 INFO  impl.RoleInfo (RoleInfo.java:updateAndGet(143)) - c6904f5f-bfcb-458f-a61a-755892db6ce7: start FollowerState
2019-07-13 09:07:56,098 INFO  util.JmxRegister (JmxRegister.java:tryRegister(44)) - Successfully registered JMX Bean with object name Ratis:service=RaftServer,group=group-4E52BF739840,id=c6904f5f-bfcb-458f-a61a-755892db6ce7
2019-07-13 09:07:56,165 INFO  pipeline.PipelineStateManager (PipelineStateManager.java:addPipeline(56)) - Created pipeline Pipeline[ Id: 08e6437a-26bd-4078-8466-4e52bf739840, Nodes: c6904f5f-bfcb-458f-a61a-755892db6ce7{ip: 192.168.69.96, host: trunk-nightly-hmp62-43275749, networkLocation: /default-rack, certSerialId: null}, Type:RATIS, Factor:ONE, State:OPEN]
2019-07-13 09:07:56,200 INFO  impl.RaftServerProxy (RaftServerProxy.java:addNew(89)) - 64012248-86ed-4703-b229-4c36d10a7c01: addNew group-69CA5D2E4986:[64012248-86ed-4703-b229-4c36d10a7c01:192.168.69.96:45564] returns group-69CA5D2E4986:java.util.concurrent.CompletableFuture@1496ae25[Not completed]
2019-07-13 09:07:56,250 INFO  impl.RaftServerImpl (RaftServerImpl.java:<init>(93)) - 64012248-86ed-4703-b229-4c36d10a7c01: new RaftServerImpl for group-69CA5D2E4986:[64012248-86ed-4703-b229-4c36d10a7c01:192.168.69.96:45564] with ContainerStateMachine:uninitialized
2019-07-13 09:07:56,252 INFO  server.RaftServerConfigKeys (ConfUtils.java:logGet(43)) - raft.server.rpc.timeout.min = 5s (custom)
2019-07-13 09:07:56,252 INFO  server.RaftServerConfigKeys (ConfUtils.java:logGet(43)) - raft.server.rpc.timeout.max = 5200ms (custom)
2019-07-13 09:07:56,252 INFO  server.RaftServerConfigKeys (ConfUtils.java:logGet(43)) - raft.server.rpcslowness.timeout = 120s (custom)
2019-07-13 09:07:56,252 INFO  ozone.MiniOzoneClusterImpl (MiniOzoneClusterImpl.java:lambda$waitForClusterToBeReady$0(142)) - Waiting for cluster to be ready. Got 6 of 7 DN Heartbeats.
2019-07-13 09:07:56,252 INFO  server.RaftServerConfigKeys (ConfUtils.java:logGet(43)) - raft.server.sleep.deviation.threshold = 300 (default)
2019-07-13 09:07:56,252 INFO  server.RaftServerConfigKeys (ConfUtils.java:logGet(43)) - raft.server.log.appender.install.snapshot.enabled = false (custom)
2019-07-13 09:07:56,253 INFO  impl.RaftServerImpl (ServerState.java:<init>(105)) - 64012248-86ed-4703-b229-4c36d10a7c01:group-69CA5D2E4986 ConfigurationManager, init=-1: [64012248-86ed-4703-b229-4c36d10a7c01:192.168.69.96:45564], old=null, confs=<EMPTY_MAP>
2019-07-13 09:07:56,253 INFO  server.RaftServerConfigKeys (ConfUtils.java:logGet(43)) - raft.server.storage.dir = [/tmp/workdir/hadoop-ozone/integration-test/target/test-dir/MiniOzoneClusterImpl-2aef17b0-a2ec-4c0b-b11c-ca76bc81bdbb/datanode-4/data/ratis] (custom)
2019-07-13 09:07:56,255 INFO  storage.RaftStorageDirectory (RaftStorageDirectory.java:analyzeStorage(246)) - The storage directory /tmp/workdir/hadoop-ozone/integration-test/target/test-dir/MiniOzoneClusterImpl-2aef17b0-a2ec-4c0b-b11c-ca76bc81bdbb/datanode-4/data/ratis/43382fa5-fcd8-41fa-b37b-69ca5d2e4986 does not exist. Creating ...
2019-07-13 09:07:56,256 INFO  node.SCMNodeManager (SCMNodeManager.java:register(269)) - Registered Data node : 7952b4da-c295-453a-923b-6406a50e8e36{ip: 192.168.69.96, host: trunk-nightly-hmp62-43275749, networkLocation: /default-rack, certSerialId: null}
2019-07-13 09:07:56,269 INFO  storage.RaftStorageDirectory (RaftStorageDirectory.java:tryLock(328)) - Lock on /tmp/workdir/hadoop-ozone/integration-test/target/test-dir/MiniOzoneClusterImpl-2aef17b0-a2ec-4c0b-b11c-ca76bc81bdbb/datanode-4/data/ratis/43382fa5-fcd8-41fa-b37b-69ca5d2e4986/in_use.lock acquired by nodename 8548@trunk-nightly-hmp62-43275749
2019-07-13 09:07:56,284 INFO  storage.RaftStorage (RaftStorage.java:format(72)) - Storage directory /tmp/workdir/hadoop-ozone/integration-test/target/test-dir/MiniOzoneClusterImpl-2aef17b0-a2ec-4c0b-b11c-ca76bc81bdbb/datanode-4/data/ratis/43382fa5-fcd8-41fa-b37b-69ca5d2e4986 has been successfully formatted.
2019-07-13 09:07:56,286 INFO  ratis.ContainerStateMachine (ContainerStateMachine.java:loadSnapshot(200)) - The snapshot info is null.Setting the last applied index to:(t:0, i:~)
2019-07-13 09:07:56,287 INFO  server.RaftServerConfigKeys (ConfUtils.java:logGet(43)) - raft.server.leader.election.timeout = 120s (custom)
2019-07-13 09:07:56,287 INFO  server.RaftServerConfigKeys (ConfUtils.java:logGet(43)) - raft.server.log.use.memory = false (default)
2019-07-13 09:07:56,288 INFO  server.RaftServerConfigKeys (ConfUtils.java:logGet(43)) - raft.server.log.purge.gap = 1000000000 (custom)
2019-07-13 09:07:56,288 INFO  server.RaftServerConfigKeys (ConfUtils.java:logGet(43)) - raft.server.log.appender.buffer.byte-limit = 33554432 (custom)
2019-07-13 09:07:56,288 INFO  server.RaftServerConfigKeys (ConfUtils.java:logGet(43)) - raft.server.log.segment.size.max = 1048576 (custom)
2019-07-13 09:07:56,288 INFO  server.RaftServerConfigKeys (ConfUtils.java:logGet(43)) - raft.server.log.segment.cache.num.max = 2 (custom)
2019-07-13 09:07:56,288 INFO  segmented.SegmentedRaftLogWorker (SegmentedRaftLogWorker.java:<init>(172)) - new 64012248-86ed-4703-b229-4c36d10a7c01-SegmentedRaftLogWorker:Storage Directory /tmp/workdir/hadoop-ozone/integration-test/target/test-dir/MiniOzoneClusterImpl-2aef17b0-a2ec-4c0b-b11c-ca76bc81bdbb/datanode-4/data/ratis/43382fa5-fcd8-41fa-b37b-69ca5d2e4986 for RaftStorage:Storage Directory /tmp/workdir/hadoop-ozone/integration-test/target/test-dir/MiniOzoneClusterImpl-2aef17b0-a2ec-4c0b-b11c-ca76bc81bdbb/datanode-4/data/ratis/43382fa5-fcd8-41fa-b37b-69ca5d2e4986
2019-07-13 09:07:56,290 INFO  server.RaftServerConfigKeys (ConfUtils.java:logGet(43)) - raft.server.log.queue.byte-limit = 2147483647 (custom)
2019-07-13 09:07:56,290 INFO  server.RaftServerConfigKeys (ConfUtils.java:logGet(43)) - raft.server.log.queue.element-limit = 1024 (custom)
2019-07-13 09:07:56,290 INFO  server.RaftServerConfigKeys (ConfUtils.java:logGet(43)) - raft.server.log.segment.size.max = 1048576 (custom)
2019-07-13 09:07:56,290 INFO  server.RaftServerConfigKeys (ConfUtils.java:logGet(43)) - raft.server.log.preallocated.size = 16384 (custom)
2019-07-13 09:07:56,291 INFO  server.RaftServerConfigKeys (ConfUtils.java:logGet(43)) - raft.server.log.write.buffer.size = 33554432 (custom)
2019-07-13 09:07:56,291 INFO  server.RaftServerConfigKeys (ConfUtils.java:logGet(43)) - raft.server.log.force.sync.num = 128 (default)
2019-07-13 09:07:56,291 INFO  server.RaftServerConfigKeys (ConfUtils.java:logGet(43)) - raft.server.log.statemachine.data.sync = true (default)
2019-07-13 09:07:56,291 INFO  server.RaftServerConfigKeys (ConfUtils.java:logGet(43)) - raft.server.log.statemachine.data.sync.timeout = 10s (default)
2019-07-13 09:07:56,291 INFO  server.RaftServerConfigKeys (ConfUtils.java:logGet(43)) - raft.server.log.statemachine.data.sync.timeout.retry = -1 (default)
2019-07-13 09:07:56,292 INFO  server.RaftServerConfigKeys (ConfUtils.java:logGet(43)) - raft.server.log.statemachine.data.caching.enabled = true (custom)
2019-07-13 09:07:56,292 INFO  segmented.SegmentedRaftLogWorker (SegmentedRaftLogWorker.java:lambda$new$0(132)) - 64012248-86ed-4703-b229-4c36d10a7c01-SegmentedRaftLogWorker:Storage Directory /tmp/workdir/hadoop-ozone/integration-test/target/test-dir/MiniOzoneClusterImpl-2aef17b0-a2ec-4c0b-b11c-ca76bc81bdbb/datanode-4/data/ratis/43382fa5-fcd8-41fa-b37b-69ca5d2e4986: flushIndex: setUnconditionally 0 -> -1
2019-07-13 09:07:56,293 INFO  server.RaftServerConfigKeys (ConfUtils.java:logGet(43)) - raft.server.snapshot.auto.trigger.enabled = true (custom)
2019-07-13 09:07:56,293 INFO  server.RaftServerConfigKeys (ConfUtils.java:logGet(43)) - raft.server.snapshot.auto.trigger.threshold = 10000 (custom)
2019-07-13 09:07:56,293 INFO  server.RaftServerConfigKeys (ConfUtils.java:logGet(43)) - raft.server.retrycache.expirytime = 600000ms (custom)
2019-07-13 09:07:56,294 INFO  impl.RaftServerImpl (RaftServerImpl.java:start(180)) - 64012248-86ed-4703-b229-4c36d10a7c01: start group-69CA5D2E4986
2019-07-13 09:07:56,294 INFO  impl.RaftServerImpl (RaftServerImpl.java:setRole(171)) - 64012248-86ed-4703-b229-4c36d10a7c01:group-69CA5D2E4986 changes role from null to FOLLOWER at term 0 for startAsFollower
2019-07-13 09:07:56,294 INFO  impl.RoleInfo (RoleInfo.java:updateAndGet(143)) - 64012248-86ed-4703-b229-4c36d10a7c01: start FollowerState
2019-07-13 09:07:56,296 INFO  util.JmxRegister (JmxRegister.java:tryRegister(44)) - Successfully registered JMX Bean with object name Ratis:service=RaftServer,group=group-69CA5D2E4986,id=64012248-86ed-4703-b229-4c36d10a7c01
2019-07-13 09:07:56,309 INFO  pipeline.PipelineStateManager (PipelineStateManager.java:addPipeline(56)) - Created pipeline Pipeline[ Id: 43382fa5-fcd8-41fa-b37b-69ca5d2e4986, Nodes: 64012248-86ed-4703-b229-4c36d10a7c01{ip: 192.168.69.96, host: trunk-nightly-hmp62-43275749, networkLocation: /default-rack, certSerialId: null}, Type:RATIS, Factor:ONE, State:OPEN]
2019-07-13 09:07:56,335 INFO  impl.RaftServerProxy (RaftServerProxy.java:addNew(89)) - 7952b4da-c295-453a-923b-6406a50e8e36: addNew group-7645B44C5A9E:[7952b4da-c295-453a-923b-6406a50e8e36:192.168.69.96:37562] returns group-7645B44C5A9E:java.util.concurrent.CompletableFuture@47076a16[Not completed]
2019-07-13 09:07:56,345 INFO  impl.RaftServerImpl (RaftServerImpl.java:<init>(93)) - 7952b4da-c295-453a-923b-6406a50e8e36: new RaftServerImpl for group-7645B44C5A9E:[7952b4da-c295-453a-923b-6406a50e8e36:192.168.69.96:37562] with ContainerStateMachine:uninitialized
2019-07-13 09:07:56,345 INFO  server.RaftServerConfigKeys (ConfUtils.java:logGet(43)) - raft.server.rpc.timeout.min = 5s (custom)
2019-07-13 09:07:56,345 INFO  server.RaftServerConfigKeys (ConfUtils.java:logGet(43)) - raft.server.rpc.timeout.max = 5200ms (custom)
2019-07-13 09:07:56,345 INFO  server.RaftServerConfigKeys (ConfUtils.java:logGet(43)) - raft.server.rpcslowness.timeout = 120s (custom)
2019-07-13 09:07:56,345 INFO  server.RaftServerConfigKeys (ConfUtils.java:logGet(43)) - raft.server.sleep.deviation.threshold = 300 (default)
2019-07-13 09:07:56,346 INFO  server.RaftServerConfigKeys (ConfUtils.java:logGet(43)) - raft.server.log.appender.install.snapshot.enabled = false (custom)
2019-07-13 09:07:56,346 INFO  impl.RaftServerImpl (ServerState.java:<init>(105)) - 7952b4da-c295-453a-923b-6406a50e8e36:group-7645B44C5A9E ConfigurationManager, init=-1: [7952b4da-c295-453a-923b-6406a50e8e36:192.168.69.96:37562], old=null, confs=<EMPTY_MAP>
2019-07-13 09:07:56,346 INFO  server.RaftServerConfigKeys (ConfUtils.java:logGet(43)) - raft.server.storage.dir = [/tmp/workdir/hadoop-ozone/integration-test/target/test-dir/MiniOzoneClusterImpl-2aef17b0-a2ec-4c0b-b11c-ca76bc81bdbb/datanode-6/data/ratis] (custom)
2019-07-13 09:07:56,347 INFO  storage.RaftStorageDirectory (RaftStorageDirectory.java:analyzeStorage(246)) - The storage directory /tmp/workdir/hadoop-ozone/integration-test/target/test-dir/MiniOzoneClusterImpl-2aef17b0-a2ec-4c0b-b11c-ca76bc81bdbb/datanode-6/data/ratis/ece9c7d4-f278-4793-8124-7645b44c5a9e does not exist. Creating ...
2019-07-13 09:07:56,360 INFO  storage.RaftStorageDirectory (RaftStorageDirectory.java:tryLock(328)) - Lock on /tmp/workdir/hadoop-ozone/integration-test/target/test-dir/MiniOzoneClusterImpl-2aef17b0-a2ec-4c0b-b11c-ca76bc81bdbb/datanode-6/data/ratis/ece9c7d4-f278-4793-8124-7645b44c5a9e/in_use.lock acquired by nodename 8548@trunk-nightly-hmp62-43275749
2019-07-13 09:07:56,373 INFO  storage.RaftStorage (RaftStorage.java:format(72)) - Storage directory /tmp/workdir/hadoop-ozone/integration-test/target/test-dir/MiniOzoneClusterImpl-2aef17b0-a2ec-4c0b-b11c-ca76bc81bdbb/datanode-6/data/ratis/ece9c7d4-f278-4793-8124-7645b44c5a9e has been successfully formatted.
2019-07-13 09:07:56,374 INFO  ratis.ContainerStateMachine (ContainerStateMachine.java:loadSnapshot(200)) - The snapshot info is null.Setting the last applied index to:(t:0, i:~)
2019-07-13 09:07:56,374 INFO  server.RaftServerConfigKeys (ConfUtils.java:logGet(43)) - raft.server.leader.election.timeout = 120s (custom)
2019-07-13 09:07:56,374 INFO  server.RaftServerConfigKeys (ConfUtils.java:logGet(43)) - raft.server.log.use.memory = false (default)
2019-07-13 09:07:56,374 INFO  server.RaftServerConfigKeys (ConfUtils.java:logGet(43)) - raft.server.log.purge.gap = 1000000000 (custom)
2019-07-13 09:07:56,374 INFO  server.RaftServerConfigKeys (ConfUtils.java:logGet(43)) - raft.server.log.appender.buffer.byte-limit = 33554432 (custom)
2019-07-13 09:07:56,375 INFO  server.RaftServerConfigKeys (ConfUtils.java:logGet(43)) - raft.server.log.segment.size.max = 1048576 (custom)
2019-07-13 09:07:56,375 INFO  server.RaftServerConfigKeys (ConfUtils.java:logGet(43)) - raft.server.log.segment.cache.num.max = 2 (custom)
2019-07-13 09:07:56,375 INFO  segmented.SegmentedRaftLogWorker (SegmentedRaftLogWorker.java:<init>(172)) - new 7952b4da-c295-453a-923b-6406a50e8e36-SegmentedRaftLogWorker:Storage Directory /tmp/workdir/hadoop-ozone/integration-test/target/test-dir/MiniOzoneClusterImpl-2aef17b0-a2ec-4c0b-b11c-ca76bc81bdbb/datanode-6/data/ratis/ece9c7d4-f278-4793-8124-7645b44c5a9e for RaftStorage:Storage Directory /tmp/workdir/hadoop-ozone/integration-test/target/test-dir/MiniOzoneClusterImpl-2aef17b0-a2ec-4c0b-b11c-ca76bc81bdbb/datanode-6/data/ratis/ece9c7d4-f278-4793-8124-7645b44c5a9e
2019-07-13 09:07:56,375 INFO  server.RaftServerConfigKeys (ConfUtils.java:logGet(43)) - raft.server.log.queue.byte-limit = 2147483647 (custom)
2019-07-13 09:07:56,376 INFO  server.RaftServerConfigKeys (ConfUtils.java:logGet(43)) - raft.server.log.queue.element-limit = 1024 (custom)
2019-07-13 09:07:56,376 INFO  server.RaftServerConfigKeys (ConfUtils.java:logGet(43)) - raft.server.log.segment.size.max = 1048576 (custom)
2019-07-13 09:07:56,376 INFO  server.RaftServerConfigKeys (ConfUtils.java:logGet(43)) - raft.server.log.preallocated.size = 16384 (custom)
2019-07-13 09:07:56,377 INFO  server.RaftServerConfigKeys (ConfUtils.java:logGet(43)) - raft.server.log.write.buffer.size = 33554432 (custom)
2019-07-13 09:07:56,377 INFO  server.RaftServerConfigKeys (ConfUtils.java:logGet(43)) - raft.server.log.force.sync.num = 128 (default)
2019-07-13 09:07:56,377 INFO  server.RaftServerConfigKeys (ConfUtils.java:logGet(43)) - raft.server.log.statemachine.data.sync = true (default)
2019-07-13 09:07:56,377 INFO  server.RaftServerConfigKeys (ConfUtils.java:logGet(43)) - raft.server.log.statemachine.data.sync.timeout = 10s (default)
2019-07-13 09:07:56,377 INFO  server.RaftServerConfigKeys (ConfUtils.java:logGet(43)) - raft.server.log.statemachine.data.sync.timeout.retry = -1 (default)
2019-07-13 09:07:56,378 INFO  server.RaftServerConfigKeys (ConfUtils.java:logGet(43)) - raft.server.log.statemachine.data.caching.enabled = true (custom)
2019-07-13 09:07:56,379 INFO  segmented.SegmentedRaftLogWorker (SegmentedRaftLogWorker.java:lambda$new$0(132)) - 7952b4da-c295-453a-923b-6406a50e8e36-SegmentedRaftLogWorker:Storage Directory /tmp/workdir/hadoop-ozone/integration-test/target/test-dir/MiniOzoneClusterImpl-2aef17b0-a2ec-4c0b-b11c-ca76bc81bdbb/datanode-6/data/ratis/ece9c7d4-f278-4793-8124-7645b44c5a9e: flushIndex: setUnconditionally 0 -> -1
2019-07-13 09:07:56,379 INFO  server.RaftServerConfigKeys (ConfUtils.java:logGet(43)) - raft.server.snapshot.auto.trigger.enabled = true (custom)
2019-07-13 09:07:56,379 INFO  server.RaftServerConfigKeys (ConfUtils.java:logGet(43)) - raft.server.snapshot.auto.trigger.threshold = 10000 (custom)
2019-07-13 09:07:56,380 INFO  server.RaftServerConfigKeys (ConfUtils.java:logGet(43)) - raft.server.retrycache.expirytime = 600000ms (custom)
2019-07-13 09:07:56,380 INFO  impl.RaftServerImpl (RaftServerImpl.java:start(180)) - 7952b4da-c295-453a-923b-6406a50e8e36: start group-7645B44C5A9E
2019-07-13 09:07:56,380 INFO  impl.RaftServerImpl (RaftServerImpl.java:setRole(171)) - 7952b4da-c295-453a-923b-6406a50e8e36:group-7645B44C5A9E changes role from null to FOLLOWER at term 0 for startAsFollower
2019-07-13 09:07:56,380 INFO  impl.RoleInfo (RoleInfo.java:updateAndGet(143)) - 7952b4da-c295-453a-923b-6406a50e8e36: start FollowerState
2019-07-13 09:07:56,381 INFO  util.JmxRegister (JmxRegister.java:tryRegister(44)) - Successfully registered JMX Bean with object name Ratis:service=RaftServer,group=group-7645B44C5A9E,id=7952b4da-c295-453a-923b-6406a50e8e36
2019-07-13 09:07:56,395 INFO  pipeline.PipelineStateManager (PipelineStateManager.java:addPipeline(56)) - Created pipeline Pipeline[ Id: ece9c7d4-f278-4793-8124-7645b44c5a9e, Nodes: 7952b4da-c295-453a-923b-6406a50e8e36{ip: 192.168.69.96, host: trunk-nightly-hmp62-43275749, networkLocation: /default-rack, certSerialId: null}, Type:RATIS, Factor:ONE, State:OPEN]
2019-07-13 09:07:56,420 INFO  impl.RaftServerProxy (RaftServerProxy.java:addNew(89)) - 39e80c9a-c9e7-465a-ac1a-e4eea8dfe517: addNew group-41A7048372FA:[39e80c9a-c9e7-465a-ac1a-e4eea8dfe517:192.168.69.96:45167] returns group-41A7048372FA:java.util.concurrent.CompletableFuture@6d20c175[Not completed]
2019-07-13 09:07:56,421 INFO  impl.RaftServerImpl (RaftServerImpl.java:<init>(93)) - 39e80c9a-c9e7-465a-ac1a-e4eea8dfe517: new RaftServerImpl for group-41A7048372FA:[39e80c9a-c9e7-465a-ac1a-e4eea8dfe517:192.168.69.96:45167] with ContainerStateMachine:uninitialized
2019-07-13 09:07:56,422 INFO  server.RaftServerConfigKeys (ConfUtils.java:logGet(43)) - raft.server.rpc.timeout.min = 5s (custom)
2019-07-13 09:07:56,422 INFO  server.RaftServerConfigKeys (ConfUtils.java:logGet(43)) - raft.server.rpc.timeout.max = 5200ms (custom)
2019-07-13 09:07:56,422 INFO  server.RaftServerConfigKeys (ConfUtils.java:logGet(43)) - raft.server.rpcslowness.timeout = 120s (custom)
2019-07-13 09:07:56,422 INFO  server.RaftServerConfigKeys (ConfUtils.java:logGet(43)) - raft.server.sleep.deviation.threshold = 300 (default)
2019-07-13 09:07:56,422 INFO  server.RaftServerConfigKeys (ConfUtils.java:logGet(43)) - raft.server.log.appender.install.snapshot.enabled = false (custom)
2019-07-13 09:07:56,422 INFO  impl.RaftServerImpl (ServerState.java:<init>(105)) - 39e80c9a-c9e7-465a-ac1a-e4eea8dfe517:group-41A7048372FA ConfigurationManager, init=-1: [39e80c9a-c9e7-465a-ac1a-e4eea8dfe517:192.168.69.96:45167], old=null, confs=<EMPTY_MAP>
2019-07-13 09:07:56,423 INFO  server.RaftServerConfigKeys (ConfUtils.java:logGet(43)) - raft.server.storage.dir = [/tmp/workdir/hadoop-ozone/integration-test/target/test-dir/MiniOzoneClusterImpl-2aef17b0-a2ec-4c0b-b11c-ca76bc81bdbb/datanode-3/data/ratis] (custom)
2019-07-13 09:07:56,423 INFO  storage.RaftStorageDirectory (RaftStorageDirectory.java:analyzeStorage(246)) - The storage directory /tmp/workdir/hadoop-ozone/integration-test/target/test-dir/MiniOzoneClusterImpl-2aef17b0-a2ec-4c0b-b11c-ca76bc81bdbb/datanode-3/data/ratis/298427f3-4a01-4c2e-933f-41a7048372fa does not exist. Creating ...
2019-07-13 09:07:56,436 INFO  storage.RaftStorageDirectory (RaftStorageDirectory.java:tryLock(328)) - Lock on /tmp/workdir/hadoop-ozone/integration-test/target/test-dir/MiniOzoneClusterImpl-2aef17b0-a2ec-4c0b-b11c-ca76bc81bdbb/datanode-3/data/ratis/298427f3-4a01-4c2e-933f-41a7048372fa/in_use.lock acquired by nodename 8548@trunk-nightly-hmp62-43275749
2019-07-13 09:07:56,449 INFO  storage.RaftStorage (RaftStorage.java:format(72)) - Storage directory /tmp/workdir/hadoop-ozone/integration-test/target/test-dir/MiniOzoneClusterImpl-2aef17b0-a2ec-4c0b-b11c-ca76bc81bdbb/datanode-3/data/ratis/298427f3-4a01-4c2e-933f-41a7048372fa has been successfully formatted.
2019-07-13 09:07:56,450 INFO  ratis.ContainerStateMachine (ContainerStateMachine.java:loadSnapshot(200)) - The snapshot info is null.Setting the last applied index to:(t:0, i:~)
2019-07-13 09:07:56,450 INFO  server.RaftServerConfigKeys (ConfUtils.java:logGet(43)) - raft.server.leader.election.timeout = 120s (custom)
2019-07-13 09:07:56,450 INFO  server.RaftServerConfigKeys (ConfUtils.java:logGet(43)) - raft.server.log.use.memory = false (default)
2019-07-13 09:07:56,450 INFO  server.RaftServerConfigKeys (ConfUtils.java:logGet(43)) - raft.server.log.purge.gap = 1000000000 (custom)
2019-07-13 09:07:56,450 INFO  server.RaftServerConfigKeys (ConfUtils.java:logGet(43)) - raft.server.log.appender.buffer.byte-limit = 33554432 (custom)
2019-07-13 09:07:56,451 INFO  server.RaftServerConfigKeys (ConfUtils.java:logGet(43)) - raft.server.log.segment.size.max = 1048576 (custom)
2019-07-13 09:07:56,451 INFO  server.RaftServerConfigKeys (ConfUtils.java:logGet(43)) - raft.server.log.segment.cache.num.max = 2 (custom)
2019-07-13 09:07:56,451 INFO  segmented.SegmentedRaftLogWorker (SegmentedRaftLogWorker.java:<init>(172)) - new 39e80c9a-c9e7-465a-ac1a-e4eea8dfe517-SegmentedRaftLogWorker:Storage Directory /tmp/workdir/hadoop-ozone/integration-test/target/test-dir/MiniOzoneClusterImpl-2aef17b0-a2ec-4c0b-b11c-ca76bc81bdbb/datanode-3/data/ratis/298427f3-4a01-4c2e-933f-41a7048372fa for RaftStorage:Storage Directory /tmp/workdir/hadoop-ozone/integration-test/target/test-dir/MiniOzoneClusterImpl-2aef17b0-a2ec-4c0b-b11c-ca76bc81bdbb/datanode-3/data/ratis/298427f3-4a01-4c2e-933f-41a7048372fa
2019-07-13 09:07:56,451 INFO  server.RaftServerConfigKeys (ConfUtils.java:logGet(43)) - raft.server.log.queue.byte-limit = 2147483647 (custom)
2019-07-13 09:07:56,451 INFO  server.RaftServerConfigKeys (ConfUtils.java:logGet(43)) - raft.server.log.queue.element-limit = 1024 (custom)
2019-07-13 09:07:56,452 INFO  server.RaftServerConfigKeys (ConfUtils.java:logGet(43)) - raft.server.log.segment.size.max = 1048576 (custom)
2019-07-13 09:07:56,452 INFO  server.RaftServerConfigKeys (ConfUtils.java:logGet(43)) - raft.server.log.preallocated.size = 16384 (custom)
2019-07-13 09:07:56,452 INFO  server.RaftServerConfigKeys (ConfUtils.java:logGet(43)) - raft.server.log.write.buffer.size = 33554432 (custom)
2019-07-13 09:07:56,452 INFO  server.RaftServerConfigKeys (ConfUtils.java:logGet(43)) - raft.server.log.force.sync.num = 128 (default)
2019-07-13 09:07:56,452 INFO  server.RaftServerConfigKeys (ConfUtils.java:logGet(43)) - raft.server.log.statemachine.data.sync = true (default)
2019-07-13 09:07:56,452 INFO  server.RaftServerConfigKeys (ConfUtils.java:logGet(43)) - raft.server.log.statemachine.data.sync.timeout = 10s (default)
2019-07-13 09:07:56,453 INFO  server.RaftServerConfigKeys (ConfUtils.java:logGet(43)) - raft.server.log.statemachine.data.sync.timeout.retry = -1 (default)
2019-07-13 09:07:56,453 INFO  server.RaftServerConfigKeys (ConfUtils.java:logGet(43)) - raft.server.log.statemachine.data.caching.enabled = true (custom)
2019-07-13 09:07:56,453 INFO  segmented.SegmentedRaftLogWorker (SegmentedRaftLogWorker.java:lambda$new$0(132)) - 39e80c9a-c9e7-465a-ac1a-e4eea8dfe517-SegmentedRaftLogWorker:Storage Directory /tmp/workdir/hadoop-ozone/integration-test/target/test-dir/MiniOzoneClusterImpl-2aef17b0-a2ec-4c0b-b11c-ca76bc81bdbb/datanode-3/data/ratis/298427f3-4a01-4c2e-933f-41a7048372fa: flushIndex: setUnconditionally 0 -> -1
2019-07-13 09:07:56,454 INFO  server.RaftServerConfigKeys (ConfUtils.java:logGet(43)) - raft.server.snapshot.auto.trigger.enabled = true (custom)
2019-07-13 09:07:56,454 INFO  server.RaftServerConfigKeys (ConfUtils.java:logGet(43)) - raft.server.snapshot.auto.trigger.threshold = 10000 (custom)
2019-07-13 09:07:56,454 INFO  server.RaftServerConfigKeys (ConfUtils.java:logGet(43)) - raft.server.retrycache.expirytime = 600000ms (custom)
2019-07-13 09:07:56,454 INFO  impl.RaftServerImpl (RaftServerImpl.java:start(180)) - 39e80c9a-c9e7-465a-ac1a-e4eea8dfe517: start group-41A7048372FA
2019-07-13 09:07:56,454 INFO  impl.RaftServerImpl (RaftServerImpl.java:setRole(171)) - 39e80c9a-c9e7-465a-ac1a-e4eea8dfe517:group-41A7048372FA changes role from null to FOLLOWER at term 0 for startAsFollower
2019-07-13 09:07:56,455 INFO  impl.RoleInfo (RoleInfo.java:updateAndGet(143)) - 39e80c9a-c9e7-465a-ac1a-e4eea8dfe517: start FollowerState
2019-07-13 09:07:56,455 INFO  util.JmxRegister (JmxRegister.java:tryRegister(44)) - Successfully registered JMX Bean with object name Ratis:service=RaftServer,group=group-41A7048372FA,id=39e80c9a-c9e7-465a-ac1a-e4eea8dfe517
2019-07-13 09:07:56,470 INFO  pipeline.PipelineStateManager (PipelineStateManager.java:addPipeline(56)) - Created pipeline Pipeline[ Id: 298427f3-4a01-4c2e-933f-41a7048372fa, Nodes: 39e80c9a-c9e7-465a-ac1a-e4eea8dfe517{ip: 192.168.69.96, host: trunk-nightly-hmp62-43275749, networkLocation: /default-rack, certSerialId: null}, Type:RATIS, Factor:ONE, State:OPEN]
2019-07-13 09:07:56,496 INFO  impl.RaftServerProxy (RaftServerProxy.java:addNew(89)) - d872ec85-094f-4f67-bb7b-979955782da1: addNew group-5D9E089895C2:[d872ec85-094f-4f67-bb7b-979955782da1:192.168.69.96:41649] returns group-5D9E089895C2:java.util.concurrent.CompletableFuture@5a21814d[Not completed]
2019-07-13 09:07:56,498 INFO  impl.RaftServerImpl (RaftServerImpl.java:<init>(93)) - d872ec85-094f-4f67-bb7b-979955782da1: new RaftServerImpl for group-5D9E089895C2:[d872ec85-094f-4f67-bb7b-979955782da1:192.168.69.96:41649] with ContainerStateMachine:uninitialized
2019-07-13 09:07:56,499 INFO  server.RaftServerConfigKeys (ConfUtils.java:logGet(43)) - raft.server.rpc.timeout.min = 5s (custom)
2019-07-13 09:07:56,499 INFO  server.RaftServerConfigKeys (ConfUtils.java:logGet(43)) - raft.server.rpc.timeout.max = 5200ms (custom)
2019-07-13 09:07:56,499 INFO  server.RaftServerConfigKeys (ConfUtils.java:logGet(43)) - raft.server.rpcslowness.timeout = 120s (custom)
2019-07-13 09:07:56,499 INFO  server.RaftServerConfigKeys (ConfUtils.java:logGet(43)) - raft.server.sleep.deviation.threshold = 300 (default)
2019-07-13 09:07:56,499 INFO  server.RaftServerConfigKeys (ConfUtils.java:logGet(43)) - raft.server.log.appender.install.snapshot.enabled = false (custom)
2019-07-13 09:07:56,499 INFO  impl.RaftServerImpl (ServerState.java:<init>(105)) - d872ec85-094f-4f67-bb7b-979955782da1:group-5D9E089895C2 ConfigurationManager, init=-1: [d872ec85-094f-4f67-bb7b-979955782da1:192.168.69.96:41649], old=null, confs=<EMPTY_MAP>
2019-07-13 09:07:56,500 INFO  server.RaftServerConfigKeys (ConfUtils.java:logGet(43)) - raft.server.storage.dir = [/tmp/workdir/hadoop-ozone/integration-test/target/test-dir/MiniOzoneClusterImpl-2aef17b0-a2ec-4c0b-b11c-ca76bc81bdbb/datanode-1/data/ratis] (custom)
2019-07-13 09:07:56,500 INFO  storage.RaftStorageDirectory (RaftStorageDirectory.java:analyzeStorage(246)) - The storage directory /tmp/workdir/hadoop-ozone/integration-test/target/test-dir/MiniOzoneClusterImpl-2aef17b0-a2ec-4c0b-b11c-ca76bc81bdbb/datanode-1/data/ratis/3353267e-16cd-4b4b-99b2-5d9e089895c2 does not exist. Creating ...
2019-07-13 09:07:56,513 INFO  storage.RaftStorageDirectory (RaftStorageDirectory.java:tryLock(328)) - Lock on /tmp/workdir/hadoop-ozone/integration-test/target/test-dir/MiniOzoneClusterImpl-2aef17b0-a2ec-4c0b-b11c-ca76bc81bdbb/datanode-1/data/ratis/3353267e-16cd-4b4b-99b2-5d9e089895c2/in_use.lock acquired by nodename 8548@trunk-nightly-hmp62-43275749
2019-07-13 09:07:56,526 INFO  storage.RaftStorage (RaftStorage.java:format(72)) - Storage directory /tmp/workdir/hadoop-ozone/integration-test/target/test-dir/MiniOzoneClusterImpl-2aef17b0-a2ec-4c0b-b11c-ca76bc81bdbb/datanode-1/data/ratis/3353267e-16cd-4b4b-99b2-5d9e089895c2 has been successfully formatted.
2019-07-13 09:07:56,526 INFO  ratis.ContainerStateMachine (ContainerStateMachine.java:loadSnapshot(200)) - The snapshot info is null.Setting the last applied index to:(t:0, i:~)
2019-07-13 09:07:56,527 INFO  server.RaftServerConfigKeys (ConfUtils.java:logGet(43)) - raft.server.leader.election.timeout = 120s (custom)
2019-07-13 09:07:56,527 INFO  server.RaftServerConfigKeys (ConfUtils.java:logGet(43)) - raft.server.log.use.memory = false (default)
2019-07-13 09:07:56,527 INFO  server.RaftServerConfigKeys (ConfUtils.java:logGet(43)) - raft.server.log.purge.gap = 1000000000 (custom)
2019-07-13 09:07:56,527 INFO  server.RaftServerConfigKeys (ConfUtils.java:logGet(43)) - raft.server.log.appender.buffer.byte-limit = 33554432 (custom)
2019-07-13 09:07:56,527 INFO  server.RaftServerConfigKeys (ConfUtils.java:logGet(43)) - raft.server.log.segment.size.max = 1048576 (custom)
2019-07-13 09:07:56,528 INFO  server.RaftServerConfigKeys (ConfUtils.java:logGet(43)) - raft.server.log.segment.cache.num.max = 2 (custom)
2019-07-13 09:07:56,528 INFO  segmented.SegmentedRaftLogWorker (SegmentedRaftLogWorker.java:<init>(172)) - new d872ec85-094f-4f67-bb7b-979955782da1-SegmentedRaftLogWorker:Storage Directory /tmp/workdir/hadoop-ozone/integration-test/target/test-dir/MiniOzoneClusterImpl-2aef17b0-a2ec-4c0b-b11c-ca76bc81bdbb/datanode-1/data/ratis/3353267e-16cd-4b4b-99b2-5d9e089895c2 for RaftStorage:Storage Directory /tmp/workdir/hadoop-ozone/integration-test/target/test-dir/MiniOzoneClusterImpl-2aef17b0-a2ec-4c0b-b11c-ca76bc81bdbb/datanode-1/data/ratis/3353267e-16cd-4b4b-99b2-5d9e089895c2
2019-07-13 09:07:56,528 INFO  server.RaftServerConfigKeys (ConfUtils.java:logGet(43)) - raft.server.log.queue.byte-limit = 2147483647 (custom)
2019-07-13 09:07:56,528 INFO  server.RaftServerConfigKeys (ConfUtils.java:logGet(43)) - raft.server.log.queue.element-limit = 1024 (custom)
2019-07-13 09:07:56,529 INFO  server.RaftServerConfigKeys (ConfUtils.java:logGet(43)) - raft.server.log.segment.size.max = 1048576 (custom)
2019-07-13 09:07:56,529 INFO  server.RaftServerConfigKeys (ConfUtils.java:logGet(43)) - raft.server.log.preallocated.size = 16384 (custom)
2019-07-13 09:07:56,529 INFO  server.RaftServerConfigKeys (ConfUtils.java:logGet(43)) - raft.server.log.write.buffer.size = 33554432 (custom)
2019-07-13 09:07:56,529 INFO  server.RaftServerConfigKeys (ConfUtils.java:logGet(43)) - raft.server.log.force.sync.num = 128 (default)
2019-07-13 09:07:56,529 INFO  server.RaftServerConfigKeys (ConfUtils.java:logGet(43)) - raft.server.log.statemachine.data.sync = true (default)
2019-07-13 09:07:56,530 INFO  server.RaftServerConfigKeys (ConfUtils.java:logGet(43)) - raft.server.log.statemachine.data.sync.timeout = 10s (default)
2019-07-13 09:07:56,530 INFO  server.RaftServerConfigKeys (ConfUtils.java:logGet(43)) - raft.server.log.statemachine.data.sync.timeout.retry = -1 (default)
2019-07-13 09:07:56,530 INFO  server.RaftServerConfigKeys (ConfUtils.java:logGet(43)) - raft.server.log.statemachine.data.caching.enabled = true (custom)
2019-07-13 09:07:56,531 INFO  segmented.SegmentedRaftLogWorker (SegmentedRaftLogWorker.java:lambda$new$0(132)) - d872ec85-094f-4f67-bb7b-979955782da1-SegmentedRaftLogWorker:Storage Directory /tmp/workdir/hadoop-ozone/integration-test/target/test-dir/MiniOzoneClusterImpl-2aef17b0-a2ec-4c0b-b11c-ca76bc81bdbb/datanode-1/data/ratis/3353267e-16cd-4b4b-99b2-5d9e089895c2: flushIndex: setUnconditionally 0 -> -1
2019-07-13 09:07:56,531 INFO  server.RaftServerConfigKeys (ConfUtils.java:logGet(43)) - raft.server.snapshot.auto.trigger.enabled = true (custom)
2019-07-13 09:07:56,531 INFO  server.RaftServerConfigKeys (ConfUtils.java:logGet(43)) - raft.server.snapshot.auto.trigger.threshold = 10000 (custom)
2019-07-13 09:07:56,532 INFO  server.RaftServerConfigKeys (ConfUtils.java:logGet(43)) - raft.server.retrycache.expirytime = 600000ms (custom)
2019-07-13 09:07:56,532 INFO  impl.RaftServerImpl (RaftServerImpl.java:start(180)) - d872ec85-094f-4f67-bb7b-979955782da1: start group-5D9E089895C2
2019-07-13 09:07:56,532 INFO  impl.RaftServerImpl (RaftServerImpl.java:setRole(171)) - d872ec85-094f-4f67-bb7b-979955782da1:group-5D9E089895C2 changes role from null to FOLLOWER at term 0 for startAsFollower
2019-07-13 09:07:56,532 INFO  impl.RoleInfo (RoleInfo.java:updateAndGet(143)) - d872ec85-094f-4f67-bb7b-979955782da1: start FollowerState
2019-07-13 09:07:56,533 INFO  util.JmxRegister (JmxRegister.java:tryRegister(44)) - Successfully registered JMX Bean with object name Ratis:service=RaftServer,group=group-5D9E089895C2,id=d872ec85-094f-4f67-bb7b-979955782da1
2019-07-13 09:07:56,548 INFO  pipeline.PipelineStateManager (PipelineStateManager.java:addPipeline(56)) - Created pipeline Pipeline[ Id: 3353267e-16cd-4b4b-99b2-5d9e089895c2, Nodes: d872ec85-094f-4f67-bb7b-979955782da1{ip: 192.168.69.96, host: trunk-nightly-hmp62-43275749, networkLocation: /default-rack, certSerialId: null}, Type:RATIS, Factor:ONE, State:OPEN]
2019-07-13 09:07:56,575 INFO  impl.RaftServerProxy (RaftServerProxy.java:addNew(89)) - 8edcd2ad-5eae-4055-a5d5-7c2840f9d683: addNew group-4A3A42A415E6:[8edcd2ad-5eae-4055-a5d5-7c2840f9d683:192.168.69.96:42606] returns group-4A3A42A415E6:java.util.concurrent.CompletableFuture@7003e8a9[Not completed]
2019-07-13 09:07:56,577 INFO  impl.RaftServerImpl (RaftServerImpl.java:<init>(93)) - 8edcd2ad-5eae-4055-a5d5-7c2840f9d683: new RaftServerImpl for group-4A3A42A415E6:[8edcd2ad-5eae-4055-a5d5-7c2840f9d683:192.168.69.96:42606] with ContainerStateMachine:uninitialized
2019-07-13 09:07:56,577 INFO  server.RaftServerConfigKeys (ConfUtils.java:logGet(43)) - raft.server.rpc.timeout.min = 5s (custom)
2019-07-13 09:07:56,578 INFO  server.RaftServerConfigKeys (ConfUtils.java:logGet(43)) - raft.server.rpc.timeout.max = 5200ms (custom)
2019-07-13 09:07:56,578 INFO  server.RaftServerConfigKeys (ConfUtils.java:logGet(43)) - raft.server.rpcslowness.timeout = 120s (custom)
2019-07-13 09:07:56,578 INFO  server.RaftServerConfigKeys (ConfUtils.java:logGet(43)) - raft.server.sleep.deviation.threshold = 300 (default)
2019-07-13 09:07:56,578 INFO  server.RaftServerConfigKeys (ConfUtils.java:logGet(43)) - raft.server.log.appender.install.snapshot.enabled = false (custom)
2019-07-13 09:07:56,578 INFO  impl.RaftServerImpl (ServerState.java:<init>(105)) - 8edcd2ad-5eae-4055-a5d5-7c2840f9d683:group-4A3A42A415E6 ConfigurationManager, init=-1: [8edcd2ad-5eae-4055-a5d5-7c2840f9d683:192.168.69.96:42606], old=null, confs=<EMPTY_MAP>
2019-07-13 09:07:56,579 INFO  server.RaftServerConfigKeys (ConfUtils.java:logGet(43)) - raft.server.storage.dir = [/tmp/workdir/hadoop-ozone/integration-test/target/test-dir/MiniOzoneClusterImpl-2aef17b0-a2ec-4c0b-b11c-ca76bc81bdbb/datanode-2/data/ratis] (custom)
2019-07-13 09:07:56,579 INFO  storage.RaftStorageDirectory (RaftStorageDirectory.java:analyzeStorage(246)) - The storage directory /tmp/workdir/hadoop-ozone/integration-test/target/test-dir/MiniOzoneClusterImpl-2aef17b0-a2ec-4c0b-b11c-ca76bc81bdbb/datanode-2/data/ratis/9ee09cc8-e941-4977-8ff4-4a3a42a415e6 does not exist. Creating ...
2019-07-13 09:07:56,593 INFO  storage.RaftStorageDirectory (RaftStorageDirectory.java:tryLock(328)) - Lock on /tmp/workdir/hadoop-ozone/integration-test/target/test-dir/MiniOzoneClusterImpl-2aef17b0-a2ec-4c0b-b11c-ca76bc81bdbb/datanode-2/data/ratis/9ee09cc8-e941-4977-8ff4-4a3a42a415e6/in_use.lock acquired by nodename 8548@trunk-nightly-hmp62-43275749
2019-07-13 09:07:56,606 INFO  storage.RaftStorage (RaftStorage.java:format(72)) - Storage directory /tmp/workdir/hadoop-ozone/integration-test/target/test-dir/MiniOzoneClusterImpl-2aef17b0-a2ec-4c0b-b11c-ca76bc81bdbb/datanode-2/data/ratis/9ee09cc8-e941-4977-8ff4-4a3a42a415e6 has been successfully formatted.
2019-07-13 09:07:56,607 INFO  ratis.ContainerStateMachine (ContainerStateMachine.java:loadSnapshot(200)) - The snapshot info is null.Setting the last applied index to:(t:0, i:~)
2019-07-13 09:07:56,607 INFO  server.RaftServerConfigKeys (ConfUtils.java:logGet(43)) - raft.server.leader.election.timeout = 120s (custom)
2019-07-13 09:07:56,607 INFO  server.RaftServerConfigKeys (ConfUtils.java:logGet(43)) - raft.server.log.use.memory = false (default)
2019-07-13 09:07:56,607 INFO  server.RaftServerConfigKeys (ConfUtils.java:logGet(43)) - raft.server.log.purge.gap = 1000000000 (custom)
2019-07-13 09:07:56,607 INFO  server.RaftServerConfigKeys (ConfUtils.java:logGet(43)) - raft.server.log.appender.buffer.byte-limit = 33554432 (custom)
2019-07-13 09:07:56,608 INFO  server.RaftServerConfigKeys (ConfUtils.java:logGet(43)) - raft.server.log.segment.size.max = 1048576 (custom)
2019-07-13 09:07:56,608 INFO  server.RaftServerConfigKeys (ConfUtils.java:logGet(43)) - raft.server.log.segment.cache.num.max = 2 (custom)
2019-07-13 09:07:56,608 INFO  segmented.SegmentedRaftLogWorker (SegmentedRaftLogWorker.java:<init>(172)) - new 8edcd2ad-5eae-4055-a5d5-7c2840f9d683-SegmentedRaftLogWorker:Storage Directory /tmp/workdir/hadoop-ozone/integration-test/target/test-dir/MiniOzoneClusterImpl-2aef17b0-a2ec-4c0b-b11c-ca76bc81bdbb/datanode-2/data/ratis/9ee09cc8-e941-4977-8ff4-4a3a42a415e6 for RaftStorage:Storage Directory /tmp/workdir/hadoop-ozone/integration-test/target/test-dir/MiniOzoneClusterImpl-2aef17b0-a2ec-4c0b-b11c-ca76bc81bdbb/datanode-2/data/ratis/9ee09cc8-e941-4977-8ff4-4a3a42a415e6
2019-07-13 09:07:56,608 INFO  server.RaftServerConfigKeys (ConfUtils.java:logGet(43)) - raft.server.log.queue.byte-limit = 2147483647 (custom)
2019-07-13 09:07:56,608 INFO  server.RaftServerConfigKeys (ConfUtils.java:logGet(43)) - raft.server.log.queue.element-limit = 1024 (custom)
2019-07-13 09:07:56,609 INFO  server.RaftServerConfigKeys (ConfUtils.java:logGet(43)) - raft.server.log.segment.size.max = 1048576 (custom)
2019-07-13 09:07:56,609 INFO  server.RaftServerConfigKeys (ConfUtils.java:logGet(43)) - raft.server.log.preallocated.size = 16384 (custom)
2019-07-13 09:07:56,609 INFO  server.RaftServerConfigKeys (ConfUtils.java:logGet(43)) - raft.server.log.write.buffer.size = 33554432 (custom)
2019-07-13 09:07:56,609 INFO  server.RaftServerConfigKeys (ConfUtils.java:logGet(43)) - raft.server.log.force.sync.num = 128 (default)
2019-07-13 09:07:56,609 INFO  server.RaftServerConfigKeys (ConfUtils.java:logGet(43)) - raft.server.log.statemachine.data.sync = true (default)
2019-07-13 09:07:56,610 INFO  server.RaftServerConfigKeys (ConfUtils.java:logGet(43)) - raft.server.log.statemachine.data.sync.timeout = 10s (default)
2019-07-13 09:07:56,610 INFO  server.RaftServerConfigKeys (ConfUtils.java:logGet(43)) - raft.server.log.statemachine.data.sync.timeout.retry = -1 (default)
2019-07-13 09:07:56,610 INFO  server.RaftServerConfigKeys (ConfUtils.java:logGet(43)) - raft.server.log.statemachine.data.caching.enabled = true (custom)
2019-07-13 09:07:56,611 INFO  segmented.SegmentedRaftLogWorker (SegmentedRaftLogWorker.java:lambda$new$0(132)) - 8edcd2ad-5eae-4055-a5d5-7c2840f9d683-SegmentedRaftLogWorker:Storage Directory /tmp/workdir/hadoop-ozone/integration-test/target/test-dir/MiniOzoneClusterImpl-2aef17b0-a2ec-4c0b-b11c-ca76bc81bdbb/datanode-2/data/ratis/9ee09cc8-e941-4977-8ff4-4a3a42a415e6: flushIndex: setUnconditionally 0 -> -1
2019-07-13 09:07:56,611 INFO  server.RaftServerConfigKeys (ConfUtils.java:logGet(43)) - raft.server.snapshot.auto.trigger.enabled = true (custom)
2019-07-13 09:07:56,611 INFO  server.RaftServerConfigKeys (ConfUtils.java:logGet(43)) - raft.server.snapshot.auto.trigger.threshold = 10000 (custom)
2019-07-13 09:07:56,612 INFO  server.RaftServerConfigKeys (ConfUtils.java:logGet(43)) - raft.server.retrycache.expirytime = 600000ms (custom)
2019-07-13 09:07:56,612 INFO  impl.RaftServerImpl (RaftServerImpl.java:start(180)) - 8edcd2ad-5eae-4055-a5d5-7c2840f9d683: start group-4A3A42A415E6
2019-07-13 09:07:56,612 INFO  impl.RaftServerImpl (RaftServerImpl.java:setRole(171)) - 8edcd2ad-5eae-4055-a5d5-7c2840f9d683:group-4A3A42A415E6 changes role from null to FOLLOWER at term 0 for startAsFollower
2019-07-13 09:07:56,612 INFO  impl.RoleInfo (RoleInfo.java:updateAndGet(143)) - 8edcd2ad-5eae-4055-a5d5-7c2840f9d683: start FollowerState
2019-07-13 09:07:56,613 INFO  util.JmxRegister (JmxRegister.java:tryRegister(44)) - Successfully registered JMX Bean with object name Ratis:service=RaftServer,group=group-4A3A42A415E6,id=8edcd2ad-5eae-4055-a5d5-7c2840f9d683
2019-07-13 09:07:56,625 INFO  pipeline.PipelineStateManager (PipelineStateManager.java:addPipeline(56)) - Created pipeline Pipeline[ Id: 9ee09cc8-e941-4977-8ff4-4a3a42a415e6, Nodes: 8edcd2ad-5eae-4055-a5d5-7c2840f9d683{ip: 192.168.69.96, host: trunk-nightly-hmp62-43275749, networkLocation: /default-rack, certSerialId: null}, Type:RATIS, Factor:ONE, State:OPEN]
2019-07-13 09:07:56,643 INFO  impl.RaftServerProxy (RaftServerProxy.java:addNew(89)) - 11484358-c926-4416-aa94-f10ef9437c77: addNew group-2004A16A1C59:[11484358-c926-4416-aa94-f10ef9437c77:192.168.69.96:38854] returns group-2004A16A1C59:java.util.concurrent.CompletableFuture@285c631a[Not completed]
2019-07-13 09:07:56,644 INFO  impl.RaftServerImpl (RaftServerImpl.java:<init>(93)) - 11484358-c926-4416-aa94-f10ef9437c77: new RaftServerImpl for group-2004A16A1C59:[11484358-c926-4416-aa94-f10ef9437c77:192.168.69.96:38854] with ContainerStateMachine:uninitialized
2019-07-13 09:07:56,645 INFO  server.RaftServerConfigKeys (ConfUtils.java:logGet(43)) - raft.server.rpc.timeout.min = 5s (custom)
2019-07-13 09:07:56,645 INFO  server.RaftServerConfigKeys (ConfUtils.java:logGet(43)) - raft.server.rpc.timeout.max = 5200ms (custom)
2019-07-13 09:07:56,645 INFO  server.RaftServerConfigKeys (ConfUtils.java:logGet(43)) - raft.server.rpcslowness.timeout = 120s (custom)
2019-07-13 09:07:56,645 INFO  server.RaftServerConfigKeys (ConfUtils.java:logGet(43)) - raft.server.sleep.deviation.threshold = 300 (default)
2019-07-13 09:07:56,645 INFO  server.RaftServerConfigKeys (ConfUtils.java:logGet(43)) - raft.server.log.appender.install.snapshot.enabled = false (custom)
2019-07-13 09:07:56,645 INFO  impl.RaftServerImpl (ServerState.java:<init>(105)) - 11484358-c926-4416-aa94-f10ef9437c77:group-2004A16A1C59 ConfigurationManager, init=-1: [11484358-c926-4416-aa94-f10ef9437c77:192.168.69.96:38854], old=null, confs=<EMPTY_MAP>
2019-07-13 09:07:56,646 INFO  server.RaftServerConfigKeys (ConfUtils.java:logGet(43)) - raft.server.storage.dir = [/tmp/workdir/hadoop-ozone/integration-test/target/test-dir/MiniOzoneClusterImpl-2aef17b0-a2ec-4c0b-b11c-ca76bc81bdbb/datanode-5/data/ratis] (custom)
2019-07-13 09:07:56,646 INFO  storage.RaftStorageDirectory (RaftStorageDirectory.java:analyzeStorage(246)) - The storage directory /tmp/workdir/hadoop-ozone/integration-test/target/test-dir/MiniOzoneClusterImpl-2aef17b0-a2ec-4c0b-b11c-ca76bc81bdbb/datanode-5/data/ratis/15f133cd-73f0-4168-b766-2004a16a1c59 does not exist. Creating ...
2019-07-13 09:07:56,659 INFO  storage.RaftStorageDirectory (RaftStorageDirectory.java:tryLock(328)) - Lock on /tmp/workdir/hadoop-ozone/integration-test/target/test-dir/MiniOzoneClusterImpl-2aef17b0-a2ec-4c0b-b11c-ca76bc81bdbb/datanode-5/data/ratis/15f133cd-73f0-4168-b766-2004a16a1c59/in_use.lock acquired by nodename 8548@trunk-nightly-hmp62-43275749
2019-07-13 09:07:56,673 INFO  storage.RaftStorage (RaftStorage.java:format(72)) - Storage directory /tmp/workdir/hadoop-ozone/integration-test/target/test-dir/MiniOzoneClusterImpl-2aef17b0-a2ec-4c0b-b11c-ca76bc81bdbb/datanode-5/data/ratis/15f133cd-73f0-4168-b766-2004a16a1c59 has been successfully formatted.
2019-07-13 09:07:56,673 INFO  ratis.ContainerStateMachine (ContainerStateMachine.java:loadSnapshot(200)) - The snapshot info is null.Setting the last applied index to:(t:0, i:~)
2019-07-13 09:07:56,673 INFO  server.RaftServerConfigKeys (ConfUtils.java:logGet(43)) - raft.server.leader.election.timeout = 120s (custom)
2019-07-13 09:07:56,673 INFO  server.RaftServerConfigKeys (ConfUtils.java:logGet(43)) - raft.server.log.use.memory = false (default)
2019-07-13 09:07:56,674 INFO  server.RaftServerConfigKeys (ConfUtils.java:logGet(43)) - raft.server.log.purge.gap = 1000000000 (custom)
2019-07-13 09:07:56,674 INFO  server.RaftServerConfigKeys (ConfUtils.java:logGet(43)) - raft.server.log.appender.buffer.byte-limit = 33554432 (custom)
2019-07-13 09:07:56,674 INFO  server.RaftServerConfigKeys (ConfUtils.java:logGet(43)) - raft.server.log.segment.size.max = 1048576 (custom)
2019-07-13 09:07:56,674 INFO  server.RaftServerConfigKeys (ConfUtils.java:logGet(43)) - raft.server.log.segment.cache.num.max = 2 (custom)
2019-07-13 09:07:56,674 INFO  segmented.SegmentedRaftLogWorker (SegmentedRaftLogWorker.java:<init>(172)) - new 11484358-c926-4416-aa94-f10ef9437c77-SegmentedRaftLogWorker:Storage Directory /tmp/workdir/hadoop-ozone/integration-test/target/test-dir/MiniOzoneClusterImpl-2aef17b0-a2ec-4c0b-b11c-ca76bc81bdbb/datanode-5/data/ratis/15f133cd-73f0-4168-b766-2004a16a1c59 for RaftStorage:Storage Directory /tmp/workdir/hadoop-ozone/integration-test/target/test-dir/MiniOzoneClusterImpl-2aef17b0-a2ec-4c0b-b11c-ca76bc81bdbb/datanode-5/data/ratis/15f133cd-73f0-4168-b766-2004a16a1c59
2019-07-13 09:07:56,674 INFO  server.RaftServerConfigKeys (ConfUtils.java:logGet(43)) - raft.server.log.queue.byte-limit = 2147483647 (custom)
2019-07-13 09:07:56,675 INFO  server.RaftServerConfigKeys (ConfUtils.java:logGet(43)) - raft.server.log.queue.element-limit = 1024 (custom)
2019-07-13 09:07:56,675 INFO  server.RaftServerConfigKeys (ConfUtils.java:logGet(43)) - raft.server.log.segment.size.max = 1048576 (custom)
2019-07-13 09:07:56,675 INFO  server.RaftServerConfigKeys (ConfUtils.java:logGet(43)) - raft.server.log.preallocated.size = 16384 (custom)
2019-07-13 09:07:56,675 INFO  server.RaftServerConfigKeys (ConfUtils.java:logGet(43)) - raft.server.log.write.buffer.size = 33554432 (custom)
2019-07-13 09:07:56,676 INFO  server.RaftServerConfigKeys (ConfUtils.java:logGet(43)) - raft.server.log.force.sync.num = 128 (default)
2019-07-13 09:07:56,676 INFO  server.RaftServerConfigKeys (ConfUtils.java:logGet(43)) - raft.server.log.statemachine.data.sync = true (default)
2019-07-13 09:07:56,676 INFO  server.RaftServerConfigKeys (ConfUtils.java:logGet(43)) - raft.server.log.statemachine.data.sync.timeout = 10s (default)
2019-07-13 09:07:56,676 INFO  server.RaftServerConfigKeys (ConfUtils.java:logGet(43)) - raft.server.log.statemachine.data.sync.timeout.retry = -1 (default)
2019-07-13 09:07:56,676 INFO  server.RaftServerConfigKeys (ConfUtils.java:logGet(43)) - raft.server.log.statemachine.data.caching.enabled = true (custom)
2019-07-13 09:07:56,677 INFO  segmented.SegmentedRaftLogWorker (SegmentedRaftLogWorker.java:lambda$new$0(132)) - 11484358-c926-4416-aa94-f10ef9437c77-SegmentedRaftLogWorker:Storage Directory /tmp/workdir/hadoop-ozone/integration-test/target/test-dir/MiniOzoneClusterImpl-2aef17b0-a2ec-4c0b-b11c-ca76bc81bdbb/datanode-5/data/ratis/15f133cd-73f0-4168-b766-2004a16a1c59: flushIndex: setUnconditionally 0 -> -1
2019-07-13 09:07:56,677 INFO  server.RaftServerConfigKeys (ConfUtils.java:logGet(43)) - raft.server.snapshot.auto.trigger.enabled = true (custom)
2019-07-13 09:07:56,677 INFO  server.RaftServerConfigKeys (ConfUtils.java:logGet(43)) - raft.server.snapshot.auto.trigger.threshold = 10000 (custom)
2019-07-13 09:07:56,678 INFO  server.RaftServerConfigKeys (ConfUtils.java:logGet(43)) - raft.server.retrycache.expirytime = 600000ms (custom)
2019-07-13 09:07:56,678 INFO  impl.RaftServerImpl (RaftServerImpl.java:start(180)) - 11484358-c926-4416-aa94-f10ef9437c77: start group-2004A16A1C59
2019-07-13 09:07:56,678 INFO  impl.RaftServerImpl (RaftServerImpl.java:setRole(171)) - 11484358-c926-4416-aa94-f10ef9437c77:group-2004A16A1C59 changes role from null to FOLLOWER at term 0 for startAsFollower
2019-07-13 09:07:56,678 INFO  impl.RoleInfo (RoleInfo.java:updateAndGet(143)) - 11484358-c926-4416-aa94-f10ef9437c77: start FollowerState
2019-07-13 09:07:56,679 INFO  util.JmxRegister (JmxRegister.java:tryRegister(44)) - Successfully registered JMX Bean with object name Ratis:service=RaftServer,group=group-2004A16A1C59,id=11484358-c926-4416-aa94-f10ef9437c77
2019-07-13 09:07:56,698 INFO  pipeline.PipelineStateManager (PipelineStateManager.java:addPipeline(56)) - Created pipeline Pipeline[ Id: 15f133cd-73f0-4168-b766-2004a16a1c59, Nodes: 11484358-c926-4416-aa94-f10ef9437c77{ip: 192.168.69.96, host: trunk-nightly-hmp62-43275749, networkLocation: /default-rack, certSerialId: null}, Type:RATIS, Factor:ONE, State:OPEN]
2019-07-13 09:07:56,740 INFO  impl.RaftServerProxy (RaftServerProxy.java:addNew(89)) - 64012248-86ed-4703-b229-4c36d10a7c01: addNew group-3173C632CE4A:[39e80c9a-c9e7-465a-ac1a-e4eea8dfe517:192.168.69.96:45167, 64012248-86ed-4703-b229-4c36d10a7c01:192.168.69.96:45564, 7952b4da-c295-453a-923b-6406a50e8e36:192.168.69.96:37562] returns group-3173C632CE4A:java.util.concurrent.CompletableFuture@38c8fc54[Not completed]
2019-07-13 09:07:56,741 INFO  impl.RaftServerProxy (RaftServerProxy.java:addNew(89)) - 7952b4da-c295-453a-923b-6406a50e8e36: addNew group-3173C632CE4A:[39e80c9a-c9e7-465a-ac1a-e4eea8dfe517:192.168.69.96:45167, 64012248-86ed-4703-b229-4c36d10a7c01:192.168.69.96:45564, 7952b4da-c295-453a-923b-6406a50e8e36:192.168.69.96:37562] returns group-3173C632CE4A:java.util.concurrent.CompletableFuture@1b75b8f4[Not completed]
2019-07-13 09:07:56,741 INFO  impl.RaftServerProxy (RaftServerProxy.java:addNew(89)) - 39e80c9a-c9e7-465a-ac1a-e4eea8dfe517: addNew group-3173C632CE4A:[39e80c9a-c9e7-465a-ac1a-e4eea8dfe517:192.168.69.96:45167, 64012248-86ed-4703-b229-4c36d10a7c01:192.168.69.96:45564, 7952b4da-c295-453a-923b-6406a50e8e36:192.168.69.96:37562] returns group-3173C632CE4A:java.util.concurrent.CompletableFuture@10fc9ab7[Not completed]
2019-07-13 09:07:56,742 INFO  impl.RaftServerImpl (RaftServerImpl.java:<init>(93)) - 64012248-86ed-4703-b229-4c36d10a7c01: new RaftServerImpl for group-3173C632CE4A:[39e80c9a-c9e7-465a-ac1a-e4eea8dfe517:192.168.69.96:45167, 64012248-86ed-4703-b229-4c36d10a7c01:192.168.69.96:45564, 7952b4da-c295-453a-923b-6406a50e8e36:192.168.69.96:37562] with ContainerStateMachine:uninitialized
2019-07-13 09:07:56,742 INFO  server.RaftServerConfigKeys (ConfUtils.java:logGet(43)) - raft.server.rpc.timeout.min = 5s (custom)
2019-07-13 09:07:56,743 INFO  server.RaftServerConfigKeys (ConfUtils.java:logGet(43)) - raft.server.rpc.timeout.max = 5200ms (custom)
2019-07-13 09:07:56,743 INFO  server.RaftServerConfigKeys (ConfUtils.java:logGet(43)) - raft.server.rpcslowness.timeout = 120s (custom)
2019-07-13 09:07:56,743 INFO  server.RaftServerConfigKeys (ConfUtils.java:logGet(43)) - raft.server.sleep.deviation.threshold = 300 (default)
2019-07-13 09:07:56,743 INFO  server.RaftServerConfigKeys (ConfUtils.java:logGet(43)) - raft.server.log.appender.install.snapshot.enabled = false (custom)
2019-07-13 09:07:56,743 INFO  impl.RaftServerImpl (RaftServerImpl.java:<init>(93)) - 39e80c9a-c9e7-465a-ac1a-e4eea8dfe517: new RaftServerImpl for group-3173C632CE4A:[39e80c9a-c9e7-465a-ac1a-e4eea8dfe517:192.168.69.96:45167, 64012248-86ed-4703-b229-4c36d10a7c01:192.168.69.96:45564, 7952b4da-c295-453a-923b-6406a50e8e36:192.168.69.96:37562] with ContainerStateMachine:uninitialized
2019-07-13 09:07:56,743 INFO  impl.RaftServerImpl (ServerState.java:<init>(105)) - 64012248-86ed-4703-b229-4c36d10a7c01:group-3173C632CE4A ConfigurationManager, init=-1: [39e80c9a-c9e7-465a-ac1a-e4eea8dfe517:192.168.69.96:45167, 64012248-86ed-4703-b229-4c36d10a7c01:192.168.69.96:45564, 7952b4da-c295-453a-923b-6406a50e8e36:192.168.69.96:37562], old=null, confs=<EMPTY_MAP>
2019-07-13 09:07:56,743 INFO  server.RaftServerConfigKeys (ConfUtils.java:logGet(43)) - raft.server.rpc.timeout.min = 5s (custom)
2019-07-13 09:07:56,744 INFO  server.RaftServerConfigKeys (ConfUtils.java:logGet(43)) - raft.server.storage.dir = [/tmp/workdir/hadoop-ozone/integration-test/target/test-dir/MiniOzoneClusterImpl-2aef17b0-a2ec-4c0b-b11c-ca76bc81bdbb/datanode-4/data/ratis] (custom)
2019-07-13 09:07:56,744 INFO  server.RaftServerConfigKeys (ConfUtils.java:logGet(43)) - raft.server.rpc.timeout.max = 5200ms (custom)
2019-07-13 09:07:56,744 INFO  impl.RaftServerImpl (RaftServerImpl.java:<init>(93)) - 7952b4da-c295-453a-923b-6406a50e8e36: new RaftServerImpl for group-3173C632CE4A:[39e80c9a-c9e7-465a-ac1a-e4eea8dfe517:192.168.69.96:45167, 64012248-86ed-4703-b229-4c36d10a7c01:192.168.69.96:45564, 7952b4da-c295-453a-923b-6406a50e8e36:192.168.69.96:37562] with ContainerStateMachine:uninitialized
2019-07-13 09:07:56,744 INFO  server.RaftServerConfigKeys (ConfUtils.java:logGet(43)) - raft.server.rpcslowness.timeout = 120s (custom)
2019-07-13 09:07:56,744 INFO  storage.RaftStorageDirectory (RaftStorageDirectory.java:analyzeStorage(246)) - The storage directory /tmp/workdir/hadoop-ozone/integration-test/target/test-dir/MiniOzoneClusterImpl-2aef17b0-a2ec-4c0b-b11c-ca76bc81bdbb/datanode-4/data/ratis/faae35ee-a3b9-42d7-9a02-3173c632ce4a does not exist. Creating ...
2019-07-13 09:07:56,744 INFO  server.RaftServerConfigKeys (ConfUtils.java:logGet(43)) - raft.server.rpc.timeout.min = 5s (custom)
2019-07-13 09:07:56,744 INFO  server.RaftServerConfigKeys (ConfUtils.java:logGet(43)) - raft.server.sleep.deviation.threshold = 300 (default)
2019-07-13 09:07:56,745 INFO  server.RaftServerConfigKeys (ConfUtils.java:logGet(43)) - raft.server.rpc.timeout.max = 5200ms (custom)
2019-07-13 09:07:56,745 INFO  server.RaftServerConfigKeys (ConfUtils.java:logGet(43)) - raft.server.log.appender.install.snapshot.enabled = false (custom)
2019-07-13 09:07:56,745 INFO  server.RaftServerConfigKeys (ConfUtils.java:logGet(43)) - raft.server.rpcslowness.timeout = 120s (custom)
2019-07-13 09:07:56,745 INFO  impl.RaftServerImpl (ServerState.java:<init>(105)) - 39e80c9a-c9e7-465a-ac1a-e4eea8dfe517:group-3173C632CE4A ConfigurationManager, init=-1: [39e80c9a-c9e7-465a-ac1a-e4eea8dfe517:192.168.69.96:45167, 64012248-86ed-4703-b229-4c36d10a7c01:192.168.69.96:45564, 7952b4da-c295-453a-923b-6406a50e8e36:192.168.69.96:37562], old=null, confs=<EMPTY_MAP>
2019-07-13 09:07:56,745 INFO  server.RaftServerConfigKeys (ConfUtils.java:logGet(43)) - raft.server.sleep.deviation.threshold = 300 (default)
2019-07-13 09:07:56,745 INFO  server.RaftServerConfigKeys (ConfUtils.java:logGet(43)) - raft.server.storage.dir = [/tmp/workdir/hadoop-ozone/integration-test/target/test-dir/MiniOzoneClusterImpl-2aef17b0-a2ec-4c0b-b11c-ca76bc81bdbb/datanode-3/data/ratis] (custom)
2019-07-13 09:07:56,745 INFO  server.RaftServerConfigKeys (ConfUtils.java:logGet(43)) - raft.server.log.appender.install.snapshot.enabled = false (custom)
2019-07-13 09:07:56,746 INFO  impl.RaftServerImpl (ServerState.java:<init>(105)) - 7952b4da-c295-453a-923b-6406a50e8e36:group-3173C632CE4A ConfigurationManager, init=-1: [39e80c9a-c9e7-465a-ac1a-e4eea8dfe517:192.168.69.96:45167, 64012248-86ed-4703-b229-4c36d10a7c01:192.168.69.96:45564, 7952b4da-c295-453a-923b-6406a50e8e36:192.168.69.96:37562], old=null, confs=<EMPTY_MAP>
2019-07-13 09:07:56,746 INFO  storage.RaftStorageDirectory (RaftStorageDirectory.java:analyzeStorage(246)) - The storage directory /tmp/workdir/hadoop-ozone/integration-test/target/test-dir/MiniOzoneClusterImpl-2aef17b0-a2ec-4c0b-b11c-ca76bc81bdbb/datanode-3/data/ratis/faae35ee-a3b9-42d7-9a02-3173c632ce4a does not exist. Creating ...
2019-07-13 09:07:56,746 INFO  server.RaftServerConfigKeys (ConfUtils.java:logGet(43)) - raft.server.storage.dir = [/tmp/workdir/hadoop-ozone/integration-test/target/test-dir/MiniOzoneClusterImpl-2aef17b0-a2ec-4c0b-b11c-ca76bc81bdbb/datanode-6/data/ratis] (custom)
2019-07-13 09:07:56,746 INFO  storage.RaftStorageDirectory (RaftStorageDirectory.java:analyzeStorage(246)) - The storage directory /tmp/workdir/hadoop-ozone/integration-test/target/test-dir/MiniOzoneClusterImpl-2aef17b0-a2ec-4c0b-b11c-ca76bc81bdbb/datanode-6/data/ratis/faae35ee-a3b9-42d7-9a02-3173c632ce4a does not exist. Creating ...
2019-07-13 09:07:56,758 INFO  storage.RaftStorageDirectory (RaftStorageDirectory.java:tryLock(328)) - Lock on /tmp/workdir/hadoop-ozone/integration-test/target/test-dir/MiniOzoneClusterImpl-2aef17b0-a2ec-4c0b-b11c-ca76bc81bdbb/datanode-6/data/ratis/faae35ee-a3b9-42d7-9a02-3173c632ce4a/in_use.lock acquired by nodename 8548@trunk-nightly-hmp62-43275749
2019-07-13 09:07:56,758 INFO  storage.RaftStorageDirectory (RaftStorageDirectory.java:tryLock(328)) - Lock on /tmp/workdir/hadoop-ozone/integration-test/target/test-dir/MiniOzoneClusterImpl-2aef17b0-a2ec-4c0b-b11c-ca76bc81bdbb/datanode-4/data/ratis/faae35ee-a3b9-42d7-9a02-3173c632ce4a/in_use.lock acquired by nodename 8548@trunk-nightly-hmp62-43275749
2019-07-13 09:07:56,758 INFO  storage.RaftStorageDirectory (RaftStorageDirectory.java:tryLock(328)) - Lock on /tmp/workdir/hadoop-ozone/integration-test/target/test-dir/MiniOzoneClusterImpl-2aef17b0-a2ec-4c0b-b11c-ca76bc81bdbb/datanode-3/data/ratis/faae35ee-a3b9-42d7-9a02-3173c632ce4a/in_use.lock acquired by nodename 8548@trunk-nightly-hmp62-43275749
2019-07-13 09:07:56,772 INFO  storage.RaftStorage (RaftStorage.java:format(72)) - Storage directory /tmp/workdir/hadoop-ozone/integration-test/target/test-dir/MiniOzoneClusterImpl-2aef17b0-a2ec-4c0b-b11c-ca76bc81bdbb/datanode-4/data/ratis/faae35ee-a3b9-42d7-9a02-3173c632ce4a has been successfully formatted.
2019-07-13 09:07:56,772 INFO  storage.RaftStorage (RaftStorage.java:format(72)) - Storage directory /tmp/workdir/hadoop-ozone/integration-test/target/test-dir/MiniOzoneClusterImpl-2aef17b0-a2ec-4c0b-b11c-ca76bc81bdbb/datanode-6/data/ratis/faae35ee-a3b9-42d7-9a02-3173c632ce4a has been successfully formatted.
2019-07-13 09:07:56,772 INFO  ratis.ContainerStateMachine (ContainerStateMachine.java:loadSnapshot(200)) - The snapshot info is null.Setting the last applied index to:(t:0, i:~)
2019-07-13 09:07:56,773 INFO  ratis.ContainerStateMachine (ContainerStateMachine.java:loadSnapshot(200)) - The snapshot info is null.Setting the last applied index to:(t:0, i:~)
2019-07-13 09:07:56,772 INFO  storage.RaftStorage (RaftStorage.java:format(72)) - Storage directory /tmp/workdir/hadoop-ozone/integration-test/target/test-dir/MiniOzoneClusterImpl-2aef17b0-a2ec-4c0b-b11c-ca76bc81bdbb/datanode-3/data/ratis/faae35ee-a3b9-42d7-9a02-3173c632ce4a has been successfully formatted.
2019-07-13 09:07:56,773 INFO  server.RaftServerConfigKeys (ConfUtils.java:logGet(43)) - raft.server.leader.election.timeout = 120s (custom)
2019-07-13 09:07:56,773 INFO  server.RaftServerConfigKeys (ConfUtils.java:logGet(43)) - raft.server.leader.election.timeout = 120s (custom)
2019-07-13 09:07:56,773 INFO  ratis.ContainerStateMachine (ContainerStateMachine.java:loadSnapshot(200)) - The snapshot info is null.Setting the last applied index to:(t:0, i:~)
2019-07-13 09:07:56,773 INFO  server.RaftServerConfigKeys (ConfUtils.java:logGet(43)) - raft.server.log.use.memory = false (default)
2019-07-13 09:07:56,774 INFO  server.RaftServerConfigKeys (ConfUtils.java:logGet(43)) - raft.server.leader.election.timeout = 120s (custom)
2019-07-13 09:07:56,773 INFO  server.RaftServerConfigKeys (ConfUtils.java:logGet(43)) - raft.server.log.use.memory = false (default)
2019-07-13 09:07:56,774 INFO  server.RaftServerConfigKeys (ConfUtils.java:logGet(43)) - raft.server.log.use.memory = false (default)
2019-07-13 09:07:56,774 INFO  server.RaftServerConfigKeys (ConfUtils.java:logGet(43)) - raft.server.log.purge.gap = 1000000000 (custom)
2019-07-13 09:07:56,774 INFO  server.RaftServerConfigKeys (ConfUtils.java:logGet(43)) - raft.server.log.purge.gap = 1000000000 (custom)
2019-07-13 09:07:56,774 INFO  server.RaftServerConfigKeys (ConfUtils.java:logGet(43)) - raft.server.log.purge.gap = 1000000000 (custom)
2019-07-13 09:07:56,775 INFO  server.RaftServerConfigKeys (ConfUtils.java:logGet(43)) - raft.server.log.appender.buffer.byte-limit = 33554432 (custom)
2019-07-13 09:07:56,774 INFO  server.RaftServerConfigKeys (ConfUtils.java:logGet(43)) - raft.server.log.appender.buffer.byte-limit = 33554432 (custom)
2019-07-13 09:07:56,775 INFO  server.RaftServerConfigKeys (ConfUtils.java:logGet(43)) - raft.server.log.segment.size.max = 1048576 (custom)
2019-07-13 09:07:56,775 INFO  server.RaftServerConfigKeys (ConfUtils.java:logGet(43)) - raft.server.log.appender.buffer.byte-limit = 33554432 (custom)
2019-07-13 09:07:56,775 INFO  server.RaftServerConfigKeys (ConfUtils.java:logGet(43)) - raft.server.log.segment.cache.num.max = 2 (custom)
2019-07-13 09:07:56,775 INFO  server.RaftServerConfigKeys (ConfUtils.java:logGet(43)) - raft.server.log.segment.size.max = 1048576 (custom)
2019-07-13 09:07:56,776 INFO  segmented.SegmentedRaftLogWorker (SegmentedRaftLogWorker.java:<init>(172)) - new 39e80c9a-c9e7-465a-ac1a-e4eea8dfe517-SegmentedRaftLogWorker:Storage Directory /tmp/workdir/hadoop-ozone/integration-test/target/test-dir/MiniOzoneClusterImpl-2aef17b0-a2ec-4c0b-b11c-ca76bc81bdbb/datanode-3/data/ratis/faae35ee-a3b9-42d7-9a02-3173c632ce4a for RaftStorage:Storage Directory /tmp/workdir/hadoop-ozone/integration-test/target/test-dir/MiniOzoneClusterImpl-2aef17b0-a2ec-4c0b-b11c-ca76bc81bdbb/datanode-3/data/ratis/faae35ee-a3b9-42d7-9a02-3173c632ce4a
2019-07-13 09:07:56,775 INFO  server.RaftServerConfigKeys (ConfUtils.java:logGet(43)) - raft.server.log.segment.size.max = 1048576 (custom)
2019-07-13 09:07:56,776 INFO  server.RaftServerConfigKeys (ConfUtils.java:logGet(43)) - raft.server.log.queue.byte-limit = 2147483647 (custom)
2019-07-13 09:07:56,776 INFO  server.RaftServerConfigKeys (ConfUtils.java:logGet(43)) - raft.server.log.segment.cache.num.max = 2 (custom)
2019-07-13 09:07:56,778 INFO  server.RaftServerConfigKeys (ConfUtils.java:logGet(43)) - raft.server.log.queue.element-limit = 1024 (custom)
2019-07-13 09:07:56,776 INFO  server.RaftServerConfigKeys (ConfUtils.java:logGet(43)) - raft.server.log.segment.cache.num.max = 2 (custom)
2019-07-13 09:07:56,778 INFO  server.RaftServerConfigKeys (ConfUtils.java:logGet(43)) - raft.server.log.segment.size.max = 1048576 (custom)
2019-07-13 09:07:56,778 INFO  segmented.SegmentedRaftLogWorker (SegmentedRaftLogWorker.java:<init>(172)) - new 7952b4da-c295-453a-923b-6406a50e8e36-SegmentedRaftLogWorker:Storage Directory /tmp/workdir/hadoop-ozone/integration-test/target/test-dir/MiniOzoneClusterImpl-2aef17b0-a2ec-4c0b-b11c-ca76bc81bdbb/datanode-6/data/ratis/faae35ee-a3b9-42d7-9a02-3173c632ce4a for RaftStorage:Storage Directory /tmp/workdir/hadoop-ozone/integration-test/target/test-dir/MiniOzoneClusterImpl-2aef17b0-a2ec-4c0b-b11c-ca76bc81bdbb/datanode-6/data/ratis/faae35ee-a3b9-42d7-9a02-3173c632ce4a
2019-07-13 09:07:56,779 INFO  server.RaftServerConfigKeys (ConfUtils.java:logGet(43)) - raft.server.log.preallocated.size = 16384 (custom)
2019-07-13 09:07:56,779 INFO  segmented.SegmentedRaftLogWorker (SegmentedRaftLogWorker.java:<init>(172)) - new 64012248-86ed-4703-b229-4c36d10a7c01-SegmentedRaftLogWorker:Storage Directory /tmp/workdir/hadoop-ozone/integration-test/target/test-dir/MiniOzoneClusterImpl-2aef17b0-a2ec-4c0b-b11c-ca76bc81bdbb/datanode-4/data/ratis/faae35ee-a3b9-42d7-9a02-3173c632ce4a for RaftStorage:Storage Directory /tmp/workdir/hadoop-ozone/integration-test/target/test-dir/MiniOzoneClusterImpl-2aef17b0-a2ec-4c0b-b11c-ca76bc81bdbb/datanode-4/data/ratis/faae35ee-a3b9-42d7-9a02-3173c632ce4a
2019-07-13 09:07:56,780 INFO  server.RaftServerConfigKeys (ConfUtils.java:logGet(43)) - raft.server.log.write.buffer.size = 33554432 (custom)
2019-07-13 09:07:56,779 INFO  server.RaftServerConfigKeys (ConfUtils.java:logGet(43)) - raft.server.log.queue.byte-limit = 2147483647 (custom)
2019-07-13 09:07:56,781 INFO  server.RaftServerConfigKeys (ConfUtils.java:logGet(43)) - raft.server.log.force.sync.num = 128 (default)
2019-07-13 09:07:56,781 INFO  server.RaftServerConfigKeys (ConfUtils.java:logGet(43)) - raft.server.log.queue.byte-limit = 2147483647 (custom)
2019-07-13 09:07:56,783 INFO  server.RaftServerConfigKeys (ConfUtils.java:logGet(43)) - raft.server.log.statemachine.data.sync = true (default)
2019-07-13 09:07:56,783 INFO  server.RaftServerConfigKeys (ConfUtils.java:logGet(43)) - raft.server.log.queue.element-limit = 1024 (custom)
2019-07-13 09:07:56,783 INFO  server.RaftServerConfigKeys (ConfUtils.java:logGet(43)) - raft.server.log.statemachine.data.sync.timeout = 10s (default)
2019-07-13 09:07:56,783 INFO  server.RaftServerConfigKeys (ConfUtils.java:logGet(43)) - raft.server.log.queue.element-limit = 1024 (custom)
2019-07-13 09:07:56,784 INFO  server.RaftServerConfigKeys (ConfUtils.java:logGet(43)) - raft.server.log.statemachine.data.sync.timeout.retry = -1 (default)
2019-07-13 09:07:56,783 INFO  server.RaftServerConfigKeys (ConfUtils.java:logGet(43)) - raft.server.log.segment.size.max = 1048576 (custom)
2019-07-13 09:07:56,784 INFO  server.RaftServerConfigKeys (ConfUtils.java:logGet(43)) - raft.server.log.statemachine.data.caching.enabled = true (custom)
2019-07-13 09:07:56,784 INFO  server.RaftServerConfigKeys (ConfUtils.java:logGet(43)) - raft.server.log.segment.size.max = 1048576 (custom)
2019-07-13 09:07:56,785 INFO  server.RaftServerConfigKeys (ConfUtils.java:logGet(43)) - raft.server.log.preallocated.size = 16384 (custom)
2019-07-13 09:07:56,784 INFO  server.RaftServerConfigKeys (ConfUtils.java:logGet(43)) - raft.server.log.preallocated.size = 16384 (custom)
2019-07-13 09:07:56,785 INFO  server.RaftServerConfigKeys (ConfUtils.java:logGet(43)) - raft.server.log.write.buffer.size = 33554432 (custom)
2019-07-13 09:07:56,785 INFO  segmented.SegmentedRaftLogWorker (SegmentedRaftLogWorker.java:lambda$new$0(132)) - 39e80c9a-c9e7-465a-ac1a-e4eea8dfe517-SegmentedRaftLogWorker:Storage Directory /tmp/workdir/hadoop-ozone/integration-test/target/test-dir/MiniOzoneClusterImpl-2aef17b0-a2ec-4c0b-b11c-ca76bc81bdbb/datanode-3/data/ratis/faae35ee-a3b9-42d7-9a02-3173c632ce4a: flushIndex: setUnconditionally 0 -> -1
2019-07-13 09:07:56,785 INFO  server.RaftServerConfigKeys (ConfUtils.java:logGet(43)) - raft.server.log.force.sync.num = 128 (default)
2019-07-13 09:07:56,785 INFO  server.RaftServerConfigKeys (ConfUtils.java:logGet(43)) - raft.server.log.statemachine.data.sync = true (default)
2019-07-13 09:07:56,786 INFO  server.RaftServerConfigKeys (ConfUtils.java:logGet(43)) - raft.server.log.statemachine.data.sync.timeout = 10s (default)
2019-07-13 09:07:56,786 INFO  server.RaftServerConfigKeys (ConfUtils.java:logGet(43)) - raft.server.log.statemachine.data.sync.timeout.retry = -1 (default)
2019-07-13 09:07:56,786 INFO  server.RaftServerConfigKeys (ConfUtils.java:logGet(43)) - raft.server.log.statemachine.data.caching.enabled = true (custom)
2019-07-13 09:07:56,785 INFO  server.RaftServerConfigKeys (ConfUtils.java:logGet(43)) - raft.server.log.write.buffer.size = 33554432 (custom)
2019-07-13 09:07:56,786 INFO  segmented.SegmentedRaftLogWorker (SegmentedRaftLogWorker.java:lambda$new$0(132)) - 64012248-86ed-4703-b229-4c36d10a7c01-SegmentedRaftLogWorker:Storage Directory /tmp/workdir/hadoop-ozone/integration-test/target/test-dir/MiniOzoneClusterImpl-2aef17b0-a2ec-4c0b-b11c-ca76bc81bdbb/datanode-4/data/ratis/faae35ee-a3b9-42d7-9a02-3173c632ce4a: flushIndex: setUnconditionally 0 -> -1
2019-07-13 09:07:56,786 INFO  server.RaftServerConfigKeys (ConfUtils.java:logGet(43)) - raft.server.snapshot.auto.trigger.enabled = true (custom)
2019-07-13 09:07:56,787 INFO  server.RaftServerConfigKeys (ConfUtils.java:logGet(43)) - raft.server.log.force.sync.num = 128 (default)
2019-07-13 09:07:56,787 INFO  server.RaftServerConfigKeys (ConfUtils.java:logGet(43)) - raft.server.snapshot.auto.trigger.threshold = 10000 (custom)
2019-07-13 09:07:56,787 INFO  server.RaftServerConfigKeys (ConfUtils.java:logGet(43)) - raft.server.snapshot.auto.trigger.enabled = true (custom)
2019-07-13 09:07:56,787 INFO  server.RaftServerConfigKeys (ConfUtils.java:logGet(43)) - raft.server.log.statemachine.data.sync = true (default)
2019-07-13 09:07:56,787 INFO  server.RaftServerConfigKeys (ConfUtils.java:logGet(43)) - raft.server.retrycache.expirytime = 600000ms (custom)
2019-07-13 09:07:56,787 INFO  server.RaftServerConfigKeys (ConfUtils.java:logGet(43)) - raft.server.snapshot.auto.trigger.threshold = 10000 (custom)
2019-07-13 09:07:56,788 INFO  server.RaftServerConfigKeys (ConfUtils.java:logGet(43)) - raft.server.log.statemachine.data.sync.timeout = 10s (default)
2019-07-13 09:07:56,788 INFO  server.RaftServerConfigKeys (ConfUtils.java:logGet(43)) - raft.server.retrycache.expirytime = 600000ms (custom)
2019-07-13 09:07:56,788 INFO  impl.RaftServerImpl (RaftServerImpl.java:start(180)) - 39e80c9a-c9e7-465a-ac1a-e4eea8dfe517: start group-3173C632CE4A
2019-07-13 09:07:56,788 INFO  impl.RaftServerImpl (RaftServerImpl.java:start(180)) - 64012248-86ed-4703-b229-4c36d10a7c01: start group-3173C632CE4A
2019-07-13 09:07:56,788 INFO  server.RaftServerConfigKeys (ConfUtils.java:logGet(43)) - raft.server.log.statemachine.data.sync.timeout.retry = -1 (default)
2019-07-13 09:07:56,789 INFO  impl.RaftServerImpl (RaftServerImpl.java:setRole(171)) - 64012248-86ed-4703-b229-4c36d10a7c01:group-3173C632CE4A changes role from null to FOLLOWER at term 0 for startAsFollower
2019-07-13 09:07:56,788 INFO  impl.RaftServerImpl (RaftServerImpl.java:setRole(171)) - 39e80c9a-c9e7-465a-ac1a-e4eea8dfe517:group-3173C632CE4A changes role from null to FOLLOWER at term 0 for startAsFollower
2019-07-13 09:07:56,789 INFO  impl.RoleInfo (RoleInfo.java:updateAndGet(143)) - 64012248-86ed-4703-b229-4c36d10a7c01: start FollowerState
2019-07-13 09:07:56,789 INFO  server.RaftServerConfigKeys (ConfUtils.java:logGet(43)) - raft.server.log.statemachine.data.caching.enabled = true (custom)
2019-07-13 09:07:56,789 INFO  impl.RoleInfo (RoleInfo.java:updateAndGet(143)) - 39e80c9a-c9e7-465a-ac1a-e4eea8dfe517: start FollowerState
2019-07-13 09:07:56,790 INFO  util.JmxRegister (JmxRegister.java:tryRegister(44)) - Successfully registered JMX Bean with object name Ratis:service=RaftServer,group=group-3173C632CE4A,id=64012248-86ed-4703-b229-4c36d10a7c01
2019-07-13 09:07:56,790 INFO  segmented.SegmentedRaftLogWorker (SegmentedRaftLogWorker.java:lambda$new$0(132)) - 7952b4da-c295-453a-923b-6406a50e8e36-SegmentedRaftLogWorker:Storage Directory /tmp/workdir/hadoop-ozone/integration-test/target/test-dir/MiniOzoneClusterImpl-2aef17b0-a2ec-4c0b-b11c-ca76bc81bdbb/datanode-6/data/ratis/faae35ee-a3b9-42d7-9a02-3173c632ce4a: flushIndex: setUnconditionally 0 -> -1
2019-07-13 09:07:56,790 INFO  util.JmxRegister (JmxRegister.java:tryRegister(44)) - Successfully registered JMX Bean with object name Ratis:service=RaftServer,group=group-3173C632CE4A,id=39e80c9a-c9e7-465a-ac1a-e4eea8dfe517
2019-07-13 09:07:56,790 INFO  server.RaftServerConfigKeys (ConfUtils.java:logGet(43)) - raft.server.snapshot.auto.trigger.enabled = true (custom)
2019-07-13 09:07:56,790 INFO  server.RaftServerConfigKeys (ConfUtils.java:logGet(43)) - raft.server.snapshot.auto.trigger.threshold = 10000 (custom)
2019-07-13 09:07:56,791 INFO  server.RaftServerConfigKeys (ConfUtils.java:logGet(43)) - raft.server.retrycache.expirytime = 600000ms (custom)
2019-07-13 09:07:56,791 INFO  impl.RaftServerImpl (RaftServerImpl.java:start(180)) - 7952b4da-c295-453a-923b-6406a50e8e36: start group-3173C632CE4A
2019-07-13 09:07:56,791 INFO  impl.RaftServerImpl (RaftServerImpl.java:setRole(171)) - 7952b4da-c295-453a-923b-6406a50e8e36:group-3173C632CE4A changes role from null to FOLLOWER at term 0 for startAsFollower
2019-07-13 09:07:56,791 INFO  impl.RoleInfo (RoleInfo.java:updateAndGet(143)) - 7952b4da-c295-453a-923b-6406a50e8e36: start FollowerState
2019-07-13 09:07:56,792 INFO  util.JmxRegister (JmxRegister.java:tryRegister(44)) - Successfully registered JMX Bean with object name Ratis:service=RaftServer,group=group-3173C632CE4A,id=7952b4da-c295-453a-923b-6406a50e8e36
2019-07-13 09:07:56,814 INFO  pipeline.PipelineStateManager (PipelineStateManager.java:addPipeline(56)) - Created pipeline Pipeline[ Id: faae35ee-a3b9-42d7-9a02-3173c632ce4a, Nodes: 7952b4da-c295-453a-923b-6406a50e8e36{ip: 192.168.69.96, host: trunk-nightly-hmp62-43275749, networkLocation: /default-rack, certSerialId: null}64012248-86ed-4703-b229-4c36d10a7c01{ip: 192.168.69.96, host: trunk-nightly-hmp62-43275749, networkLocation: /default-rack, certSerialId: null}39e80c9a-c9e7-465a-ac1a-e4eea8dfe517{ip: 192.168.69.96, host: trunk-nightly-hmp62-43275749, networkLocation: /default-rack, certSerialId: null}, Type:RATIS, Factor:THREE, State:OPEN]
2019-07-13 09:07:56,859 INFO  impl.RaftServerProxy (RaftServerProxy.java:addNew(89)) - d872ec85-094f-4f67-bb7b-979955782da1: addNew group-94584C2FECE3:[8edcd2ad-5eae-4055-a5d5-7c2840f9d683:192.168.69.96:42606, c6904f5f-bfcb-458f-a61a-755892db6ce7:192.168.69.96:43724, d872ec85-094f-4f67-bb7b-979955782da1:192.168.69.96:41649] returns group-94584C2FECE3:java.util.concurrent.CompletableFuture@4b754403[Not completed]
2019-07-13 09:07:56,859 INFO  impl.RaftServerProxy (RaftServerProxy.java:addNew(89)) - c6904f5f-bfcb-458f-a61a-755892db6ce7: addNew group-94584C2FECE3:[8edcd2ad-5eae-4055-a5d5-7c2840f9d683:192.168.69.96:42606, c6904f5f-bfcb-458f-a61a-755892db6ce7:192.168.69.96:43724, d872ec85-094f-4f67-bb7b-979955782da1:192.168.69.96:41649] returns group-94584C2FECE3:java.util.concurrent.CompletableFuture@4104da3e[Not completed]
2019-07-13 09:07:56,859 INFO  impl.RaftServerProxy (RaftServerProxy.java:addNew(89)) - 8edcd2ad-5eae-4055-a5d5-7c2840f9d683: addNew group-94584C2FECE3:[8edcd2ad-5eae-4055-a5d5-7c2840f9d683:192.168.69.96:42606, c6904f5f-bfcb-458f-a61a-755892db6ce7:192.168.69.96:43724, d872ec85-094f-4f67-bb7b-979955782da1:192.168.69.96:41649] returns group-94584C2FECE3:java.util.concurrent.CompletableFuture@2199dc47[Not completed]
2019-07-13 09:07:56,864 INFO  impl.RaftServerImpl (RaftServerImpl.java:<init>(93)) - 8edcd2ad-5eae-4055-a5d5-7c2840f9d683: new RaftServerImpl for group-94584C2FECE3:[8edcd2ad-5eae-4055-a5d5-7c2840f9d683:192.168.69.96:42606, c6904f5f-bfcb-458f-a61a-755892db6ce7:192.168.69.96:43724, d872ec85-094f-4f67-bb7b-979955782da1:192.168.69.96:41649] with ContainerStateMachine:uninitialized
2019-07-13 09:07:56,865 INFO  server.RaftServerConfigKeys (ConfUtils.java:logGet(43)) - raft.server.rpc.timeout.min = 5s (custom)
2019-07-13 09:07:56,865 INFO  server.RaftServerConfigKeys (ConfUtils.java:logGet(43)) - raft.server.rpc.timeout.max = 5200ms (custom)
2019-07-13 09:07:56,865 INFO  server.RaftServerConfigKeys (ConfUtils.java:logGet(43)) - raft.server.rpcslowness.timeout = 120s (custom)
2019-07-13 09:07:56,865 INFO  server.RaftServerConfigKeys (ConfUtils.java:logGet(43)) - raft.server.sleep.deviation.threshold = 300 (default)
2019-07-13 09:07:56,865 INFO  server.RaftServerConfigKeys (ConfUtils.java:logGet(43)) - raft.server.log.appender.install.snapshot.enabled = false (custom)
2019-07-13 09:07:56,866 INFO  impl.RaftServerImpl (ServerState.java:<init>(105)) - 8edcd2ad-5eae-4055-a5d5-7c2840f9d683:group-94584C2FECE3 ConfigurationManager, init=-1: [8edcd2ad-5eae-4055-a5d5-7c2840f9d683:192.168.69.96:42606, c6904f5f-bfcb-458f-a61a-755892db6ce7:192.168.69.96:43724, d872ec85-094f-4f67-bb7b-979955782da1:192.168.69.96:41649], old=null, confs=<EMPTY_MAP>
2019-07-13 09:07:56,866 INFO  impl.RaftServerImpl (RaftServerImpl.java:<init>(93)) - c6904f5f-bfcb-458f-a61a-755892db6ce7: new RaftServerImpl for group-94584C2FECE3:[8edcd2ad-5eae-4055-a5d5-7c2840f9d683:192.168.69.96:42606, c6904f5f-bfcb-458f-a61a-755892db6ce7:192.168.69.96:43724, d872ec85-094f-4f67-bb7b-979955782da1:192.168.69.96:41649] with ContainerStateMachine:uninitialized
2019-07-13 09:07:56,866 INFO  server.RaftServerConfigKeys (ConfUtils.java:logGet(43)) - raft.server.storage.dir = [/tmp/workdir/hadoop-ozone/integration-test/target/test-dir/MiniOzoneClusterImpl-2aef17b0-a2ec-4c0b-b11c-ca76bc81bdbb/datanode-2/data/ratis] (custom)
2019-07-13 09:07:56,866 INFO  server.RaftServerConfigKeys (ConfUtils.java:logGet(43)) - raft.server.rpc.timeout.min = 5s (custom)
2019-07-13 09:07:56,866 INFO  server.RaftServerConfigKeys (ConfUtils.java:logGet(43)) - raft.server.rpc.timeout.max = 5200ms (custom)
2019-07-13 09:07:56,866 INFO  storage.RaftStorageDirectory (RaftStorageDirectory.java:analyzeStorage(246)) - The storage directory /tmp/workdir/hadoop-ozone/integration-test/target/test-dir/MiniOzoneClusterImpl-2aef17b0-a2ec-4c0b-b11c-ca76bc81bdbb/datanode-2/data/ratis/ed42a99f-166f-403c-928d-94584c2fece3 does not exist. Creating ...
2019-07-13 09:07:56,867 INFO  server.RaftServerConfigKeys (ConfUtils.java:logGet(43)) - raft.server.rpcslowness.timeout = 120s (custom)
2019-07-13 09:07:56,867 INFO  impl.RaftServerImpl (RaftServerImpl.java:<init>(93)) - d872ec85-094f-4f67-bb7b-979955782da1: new RaftServerImpl for group-94584C2FECE3:[8edcd2ad-5eae-4055-a5d5-7c2840f9d683:192.168.69.96:42606, c6904f5f-bfcb-458f-a61a-755892db6ce7:192.168.69.96:43724, d872ec85-094f-4f67-bb7b-979955782da1:192.168.69.96:41649] with ContainerStateMachine:uninitialized
2019-07-13 09:07:56,869 INFO  server.RaftServerConfigKeys (ConfUtils.java:logGet(43)) - raft.server.sleep.deviation.threshold = 300 (default)
2019-07-13 09:07:56,869 INFO  server.RaftServerConfigKeys (ConfUtils.java:logGet(43)) - raft.server.rpc.timeout.min = 5s (custom)
2019-07-13 09:07:56,869 INFO  server.RaftServerConfigKeys (ConfUtils.java:logGet(43)) - raft.server.log.appender.install.snapshot.enabled = false (custom)
2019-07-13 09:07:56,869 INFO  server.RaftServerConfigKeys (ConfUtils.java:logGet(43)) - raft.server.rpc.timeout.max = 5200ms (custom)
2019-07-13 09:07:56,869 INFO  impl.RaftServerImpl (ServerState.java:<init>(105)) - c6904f5f-bfcb-458f-a61a-755892db6ce7:group-94584C2FECE3 ConfigurationManager, init=-1: [8edcd2ad-5eae-4055-a5d5-7c2840f9d683:192.168.69.96:42606, c6904f5f-bfcb-458f-a61a-755892db6ce7:192.168.69.96:43724, d872ec85-094f-4f67-bb7b-979955782da1:192.168.69.96:41649], old=null, confs=<EMPTY_MAP>
2019-07-13 09:07:56,870 INFO  server.RaftServerConfigKeys (ConfUtils.java:logGet(43)) - raft.server.rpcslowness.timeout = 120s (custom)
2019-07-13 09:07:56,870 INFO  server.RaftServerConfigKeys (ConfUtils.java:logGet(43)) - raft.server.storage.dir = [/tmp/workdir/hadoop-ozone/integration-test/target/test-dir/MiniOzoneClusterImpl-2aef17b0-a2ec-4c0b-b11c-ca76bc81bdbb/datanode-0/data/ratis] (custom)
2019-07-13 09:07:56,870 INFO  server.RaftServerConfigKeys (ConfUtils.java:logGet(43)) - raft.server.sleep.deviation.threshold = 300 (default)
2019-07-13 09:07:56,870 INFO  server.RaftServerConfigKeys (ConfUtils.java:logGet(43)) - raft.server.log.appender.install.snapshot.enabled = false (custom)
2019-07-13 09:07:56,870 INFO  storage.RaftStorageDirectory (RaftStorageDirectory.java:analyzeStorage(246)) - The storage directory /tmp/workdir/hadoop-ozone/integration-test/target/test-dir/MiniOzoneClusterImpl-2aef17b0-a2ec-4c0b-b11c-ca76bc81bdbb/datanode-0/data/ratis/ed42a99f-166f-403c-928d-94584c2fece3 does not exist. Creating ...
2019-07-13 09:07:56,870 INFO  impl.RaftServerImpl (ServerState.java:<init>(105)) - d872ec85-094f-4f67-bb7b-979955782da1:group-94584C2FECE3 ConfigurationManager, init=-1: [8edcd2ad-5eae-4055-a5d5-7c2840f9d683:192.168.69.96:42606, c6904f5f-bfcb-458f-a61a-755892db6ce7:192.168.69.96:43724, d872ec85-094f-4f67-bb7b-979955782da1:192.168.69.96:41649], old=null, confs=<EMPTY_MAP>
2019-07-13 09:07:56,871 INFO  server.RaftServerConfigKeys (ConfUtils.java:logGet(43)) - raft.server.storage.dir = [/tmp/workdir/hadoop-ozone/integration-test/target/test-dir/MiniOzoneClusterImpl-2aef17b0-a2ec-4c0b-b11c-ca76bc81bdbb/datanode-1/data/ratis] (custom)
2019-07-13 09:07:56,871 INFO  storage.RaftStorageDirectory (RaftStorageDirectory.java:analyzeStorage(246)) - The storage directory /tmp/workdir/hadoop-ozone/integration-test/target/test-dir/MiniOzoneClusterImpl-2aef17b0-a2ec-4c0b-b11c-ca76bc81bdbb/datanode-1/data/ratis/ed42a99f-166f-403c-928d-94584c2fece3 does not exist. Creating ...
2019-07-13 09:07:56,882 INFO  storage.RaftStorageDirectory (RaftStorageDirectory.java:tryLock(328)) - Lock on /tmp/workdir/hadoop-ozone/integration-test/target/test-dir/MiniOzoneClusterImpl-2aef17b0-a2ec-4c0b-b11c-ca76bc81bdbb/datanode-1/data/ratis/ed42a99f-166f-403c-928d-94584c2fece3/in_use.lock acquired by nodename 8548@trunk-nightly-hmp62-43275749
2019-07-13 09:07:56,882 INFO  storage.RaftStorageDirectory (RaftStorageDirectory.java:tryLock(328)) - Lock on /tmp/workdir/hadoop-ozone/integration-test/target/test-dir/MiniOzoneClusterImpl-2aef17b0-a2ec-4c0b-b11c-ca76bc81bdbb/datanode-2/data/ratis/ed42a99f-166f-403c-928d-94584c2fece3/in_use.lock acquired by nodename 8548@trunk-nightly-hmp62-43275749
2019-07-13 09:07:56,882 INFO  storage.RaftStorageDirectory (RaftStorageDirectory.java:tryLock(328)) - Lock on /tmp/workdir/hadoop-ozone/integration-test/target/test-dir/MiniOzoneClusterImpl-2aef17b0-a2ec-4c0b-b11c-ca76bc81bdbb/datanode-0/data/ratis/ed42a99f-166f-403c-928d-94584c2fece3/in_use.lock acquired by nodename 8548@trunk-nightly-hmp62-43275749
2019-07-13 09:07:56,896 INFO  storage.RaftStorage (RaftStorage.java:format(72)) - Storage directory /tmp/workdir/hadoop-ozone/integration-test/target/test-dir/MiniOzoneClusterImpl-2aef17b0-a2ec-4c0b-b11c-ca76bc81bdbb/datanode-2/data/ratis/ed42a99f-166f-403c-928d-94584c2fece3 has been successfully formatted.
2019-07-13 09:07:56,896 INFO  storage.RaftStorage (RaftStorage.java:format(72)) - Storage directory /tmp/workdir/hadoop-ozone/integration-test/target/test-dir/MiniOzoneClusterImpl-2aef17b0-a2ec-4c0b-b11c-ca76bc81bdbb/datanode-0/data/ratis/ed42a99f-166f-403c-928d-94584c2fece3 has been successfully formatted.
2019-07-13 09:07:56,897 INFO  ratis.ContainerStateMachine (ContainerStateMachine.java:loadSnapshot(200)) - The snapshot info is null.Setting the last applied index to:(t:0, i:~)
2019-07-13 09:07:56,896 INFO  storage.RaftStorage (RaftStorage.java:format(72)) - Storage directory /tmp/workdir/hadoop-ozone/integration-test/target/test-dir/MiniOzoneClusterImpl-2aef17b0-a2ec-4c0b-b11c-ca76bc81bdbb/datanode-1/data/ratis/ed42a99f-166f-403c-928d-94584c2fece3 has been successfully formatted.
2019-07-13 09:07:56,897 INFO  server.RaftServerConfigKeys (ConfUtils.java:logGet(43)) - raft.server.leader.election.timeout = 120s (custom)
2019-07-13 09:07:56,897 INFO  ratis.ContainerStateMachine (ContainerStateMachine.java:loadSnapshot(200)) - The snapshot info is null.Setting the last applied index to:(t:0, i:~)
2019-07-13 09:07:56,897 INFO  server.RaftServerConfigKeys (ConfUtils.java:logGet(43)) - raft.server.log.use.memory = false (default)
2019-07-13 09:07:56,897 INFO  ratis.ContainerStateMachine (ContainerStateMachine.java:loadSnapshot(200)) - The snapshot info is null.Setting the last applied index to:(t:0, i:~)
2019-07-13 09:07:56,898 INFO  server.RaftServerConfigKeys (ConfUtils.java:logGet(43)) - raft.server.log.purge.gap = 1000000000 (custom)
2019-07-13 09:07:56,897 INFO  server.RaftServerConfigKeys (ConfUtils.java:logGet(43)) - raft.server.leader.election.timeout = 120s (custom)
2019-07-13 09:07:56,898 INFO  server.RaftServerConfigKeys (ConfUtils.java:logGet(43)) - raft.server.log.appender.buffer.byte-limit = 33554432 (custom)
2019-07-13 09:07:56,898 INFO  server.RaftServerConfigKeys (ConfUtils.java:logGet(43)) - raft.server.leader.election.timeout = 120s (custom)
2019-07-13 09:07:56,898 INFO  server.RaftServerConfigKeys (ConfUtils.java:logGet(43)) - raft.server.log.segment.size.max = 1048576 (custom)
2019-07-13 09:07:56,898 INFO  server.RaftServerConfigKeys (ConfUtils.java:logGet(43)) - raft.server.log.use.memory = false (default)
2019-07-13 09:07:56,899 INFO  server.RaftServerConfigKeys (ConfUtils.java:logGet(43)) - raft.server.log.segment.cache.num.max = 2 (custom)
2019-07-13 09:07:56,898 INFO  server.RaftServerConfigKeys (ConfUtils.java:logGet(43)) - raft.server.log.use.memory = false (default)
2019-07-13 09:07:56,899 INFO  segmented.SegmentedRaftLogWorker (SegmentedRaftLogWorker.java:<init>(172)) - new 8edcd2ad-5eae-4055-a5d5-7c2840f9d683-SegmentedRaftLogWorker:Storage Directory /tmp/workdir/hadoop-ozone/integration-test/target/test-dir/MiniOzoneClusterImpl-2aef17b0-a2ec-4c0b-b11c-ca76bc81bdbb/datanode-2/data/ratis/ed42a99f-166f-403c-928d-94584c2fece3 for RaftStorage:Storage Directory /tmp/workdir/hadoop-ozone/integration-test/target/test-dir/MiniOzoneClusterImpl-2aef17b0-a2ec-4c0b-b11c-ca76bc81bdbb/datanode-2/data/ratis/ed42a99f-166f-403c-928d-94584c2fece3
2019-07-13 09:07:56,899 INFO  server.RaftServerConfigKeys (ConfUtils.java:logGet(43)) - raft.server.log.purge.gap = 1000000000 (custom)
2019-07-13 09:07:56,899 INFO  server.RaftServerConfigKeys (ConfUtils.java:logGet(43)) - raft.server.log.queue.byte-limit = 2147483647 (custom)
2019-07-13 09:07:56,899 INFO  server.RaftServerConfigKeys (ConfUtils.java:logGet(43)) - raft.server.log.purge.gap = 1000000000 (custom)
2019-07-13 09:07:56,902 INFO  server.RaftServerConfigKeys (ConfUtils.java:logGet(43)) - raft.server.log.queue.element-limit = 1024 (custom)
2019-07-13 09:07:56,899 INFO  server.RaftServerConfigKeys (ConfUtils.java:logGet(43)) - raft.server.log.appender.buffer.byte-limit = 33554432 (custom)
2019-07-13 09:07:56,902 INFO  server.RaftServerConfigKeys (ConfUtils.java:logGet(43)) - raft.server.log.segment.size.max = 1048576 (custom)
2019-07-13 09:07:56,902 INFO  server.RaftServerConfigKeys (ConfUtils.java:logGet(43)) - raft.server.log.appender.buffer.byte-limit = 33554432 (custom)
2019-07-13 09:07:56,902 INFO  server.RaftServerConfigKeys (ConfUtils.java:logGet(43)) - raft.server.log.preallocated.size = 16384 (custom)
2019-07-13 09:07:56,902 INFO  server.RaftServerConfigKeys (ConfUtils.java:logGet(43)) - raft.server.log.segment.size.max = 1048576 (custom)
2019-07-13 09:07:56,903 INFO  server.RaftServerConfigKeys (ConfUtils.java:logGet(43)) - raft.server.log.write.buffer.size = 33554432 (custom)
2019-07-13 09:07:56,903 INFO  server.RaftServerConfigKeys (ConfUtils.java:logGet(43)) - raft.server.log.segment.size.max = 1048576 (custom)
2019-07-13 09:07:56,903 INFO  server.RaftServerConfigKeys (ConfUtils.java:logGet(43)) - raft.server.log.force.sync.num = 128 (default)
2019-07-13 09:07:56,903 INFO  server.RaftServerConfigKeys (ConfUtils.java:logGet(43)) - raft.server.log.segment.cache.num.max = 2 (custom)
2019-07-13 09:07:56,904 INFO  server.RaftServerConfigKeys (ConfUtils.java:logGet(43)) - raft.server.log.statemachine.data.sync = true (default)
2019-07-13 09:07:56,903 INFO  server.RaftServerConfigKeys (ConfUtils.java:logGet(43)) - raft.server.log.segment.cache.num.max = 2 (custom)
2019-07-13 09:07:56,904 INFO  server.RaftServerConfigKeys (ConfUtils.java:logGet(43)) - raft.server.log.statemachine.data.sync.timeout = 10s (default)
2019-07-13 09:07:56,904 INFO  server.RaftServerConfigKeys (ConfUtils.java:logGet(43)) - raft.server.log.statemachine.data.sync.timeout.retry = -1 (default)
2019-07-13 09:07:56,904 INFO  segmented.SegmentedRaftLogWorker (SegmentedRaftLogWorker.java:<init>(172)) - new c6904f5f-bfcb-458f-a61a-755892db6ce7-SegmentedRaftLogWorker:Storage Directory /tmp/workdir/hadoop-ozone/integration-test/target/test-dir/MiniOzoneClusterImpl-2aef17b0-a2ec-4c0b-b11c-ca76bc81bdbb/datanode-0/data/ratis/ed42a99f-166f-403c-928d-94584c2fece3 for RaftStorage:Storage Directory /tmp/workdir/hadoop-ozone/integration-test/target/test-dir/MiniOzoneClusterImpl-2aef17b0-a2ec-4c0b-b11c-ca76bc81bdbb/datanode-0/data/ratis/ed42a99f-166f-403c-928d-94584c2fece3
2019-07-13 09:07:56,905 INFO  server.RaftServerConfigKeys (ConfUtils.java:logGet(43)) - raft.server.log.statemachine.data.caching.enabled = true (custom)
2019-07-13 09:07:56,904 INFO  segmented.SegmentedRaftLogWorker (SegmentedRaftLogWorker.java:<init>(172)) - new d872ec85-094f-4f67-bb7b-979955782da1-SegmentedRaftLogWorker:Storage Directory /tmp/workdir/hadoop-ozone/integration-test/target/test-dir/MiniOzoneClusterImpl-2aef17b0-a2ec-4c0b-b11c-ca76bc81bdbb/datanode-1/data/ratis/ed42a99f-166f-403c-928d-94584c2fece3 for RaftStorage:Storage Directory /tmp/workdir/hadoop-ozone/integration-test/target/test-dir/MiniOzoneClusterImpl-2aef17b0-a2ec-4c0b-b11c-ca76bc81bdbb/datanode-1/data/ratis/ed42a99f-166f-403c-928d-94584c2fece3
2019-07-13 09:07:56,905 INFO  server.RaftServerConfigKeys (ConfUtils.java:logGet(43)) - raft.server.log.queue.byte-limit = 2147483647 (custom)
2019-07-13 09:07:56,907 INFO  server.RaftServerConfigKeys (ConfUtils.java:logGet(43)) - raft.server.log.queue.byte-limit = 2147483647 (custom)
2019-07-13 09:07:56,907 INFO  segmented.SegmentedRaftLogWorker (SegmentedRaftLogWorker.java:lambda$new$0(132)) - 8edcd2ad-5eae-4055-a5d5-7c2840f9d683-SegmentedRaftLogWorker:Storage Directory /tmp/workdir/hadoop-ozone/integration-test/target/test-dir/MiniOzoneClusterImpl-2aef17b0-a2ec-4c0b-b11c-ca76bc81bdbb/datanode-2/data/ratis/ed42a99f-166f-403c-928d-94584c2fece3: flushIndex: setUnconditionally 0 -> -1
2019-07-13 09:07:56,909 INFO  server.RaftServerConfigKeys (ConfUtils.java:logGet(43)) - raft.server.log.queue.element-limit = 1024 (custom)
2019-07-13 09:07:56,907 INFO  server.RaftServerConfigKeys (ConfUtils.java:logGet(43)) - raft.server.log.queue.element-limit = 1024 (custom)
2019-07-13 09:07:56,910 INFO  server.RaftServerConfigKeys (ConfUtils.java:logGet(43)) - raft.server.log.segment.size.max = 1048576 (custom)
2019-07-13 09:07:56,910 INFO  server.RaftServerConfigKeys (ConfUtils.java:logGet(43)) - raft.server.snapshot.auto.trigger.enabled = true (custom)
2019-07-13 09:07:56,910 INFO  server.RaftServerConfigKeys (ConfUtils.java:logGet(43)) - raft.server.log.preallocated.size = 16384 (custom)
2019-07-13 09:07:56,910 INFO  server.RaftServerConfigKeys (ConfUtils.java:logGet(43)) - raft.server.log.segment.size.max = 1048576 (custom)
2019-07-13 09:07:56,911 INFO  server.RaftServerConfigKeys (ConfUtils.java:logGet(43)) - raft.server.log.write.buffer.size = 33554432 (custom)
2019-07-13 09:07:56,910 INFO  server.RaftServerConfigKeys (ConfUtils.java:logGet(43)) - raft.server.snapshot.auto.trigger.threshold = 10000 (custom)
2019-07-13 09:07:56,911 INFO  server.RaftServerConfigKeys (ConfUtils.java:logGet(43)) - raft.server.log.force.sync.num = 128 (default)
2019-07-13 09:07:56,911 INFO  server.RaftServerConfigKeys (ConfUtils.java:logGet(43)) - raft.server.retrycache.expirytime = 600000ms (custom)
2019-07-13 09:07:56,911 INFO  server.RaftServerConfigKeys (ConfUtils.java:logGet(43)) - raft.server.log.preallocated.size = 16384 (custom)
2019-07-13 09:07:56,911 INFO  impl.RaftServerImpl (RaftServerImpl.java:start(180)) - 8edcd2ad-5eae-4055-a5d5-7c2840f9d683: start group-94584C2FECE3
2019-07-13 09:07:56,912 INFO  impl.RaftServerImpl (RaftServerImpl.java:setRole(171)) - 8edcd2ad-5eae-4055-a5d5-7c2840f9d683:group-94584C2FECE3 changes role from null to FOLLOWER at term 0 for startAsFollower
2019-07-13 09:07:56,911 INFO  server.RaftServerConfigKeys (ConfUtils.java:logGet(43)) - raft.server.log.statemachine.data.sync = true (default)
2019-07-13 09:07:56,912 INFO  impl.RoleInfo (RoleInfo.java:updateAndGet(143)) - 8edcd2ad-5eae-4055-a5d5-7c2840f9d683: start FollowerState
2019-07-13 09:07:56,912 INFO  server.RaftServerConfigKeys (ConfUtils.java:logGet(43)) - raft.server.log.write.buffer.size = 33554432 (custom)
2019-07-13 09:07:56,912 INFO  server.RaftServerConfigKeys (ConfUtils.java:logGet(43)) - raft.server.log.statemachine.data.sync.timeout = 10s (default)
2019-07-13 09:07:56,912 INFO  util.JmxRegister (JmxRegister.java:tryRegister(44)) - Successfully registered JMX Bean with object name Ratis:service=RaftServer,group=group-94584C2FECE3,id=8edcd2ad-5eae-4055-a5d5-7c2840f9d683
2019-07-13 09:07:56,912 INFO  server.RaftServerConfigKeys (ConfUtils.java:logGet(43)) - raft.server.log.force.sync.num = 128 (default)
2019-07-13 09:07:56,913 INFO  server.RaftServerConfigKeys (ConfUtils.java:logGet(43)) - raft.server.log.statemachine.data.sync.timeout.retry = -1 (default)
2019-07-13 09:07:56,913 INFO  server.RaftServerConfigKeys (ConfUtils.java:logGet(43)) - raft.server.log.statemachine.data.sync = true (default)
2019-07-13 09:07:56,913 INFO  server.RaftServerConfigKeys (ConfUtils.java:logGet(43)) - raft.server.log.statemachine.data.caching.enabled = true (custom)
2019-07-13 09:07:56,913 INFO  server.RaftServerConfigKeys (ConfUtils.java:logGet(43)) - raft.server.log.statemachine.data.sync.timeout = 10s (default)
2019-07-13 09:07:56,914 INFO  server.RaftServerConfigKeys (ConfUtils.java:logGet(43)) - raft.server.log.statemachine.data.sync.timeout.retry = -1 (default)
2019-07-13 09:07:56,914 INFO  segmented.SegmentedRaftLogWorker (SegmentedRaftLogWorker.java:lambda$new$0(132)) - d872ec85-094f-4f67-bb7b-979955782da1-SegmentedRaftLogWorker:Storage Directory /tmp/workdir/hadoop-ozone/integration-test/target/test-dir/MiniOzoneClusterImpl-2aef17b0-a2ec-4c0b-b11c-ca76bc81bdbb/datanode-1/data/ratis/ed42a99f-166f-403c-928d-94584c2fece3: flushIndex: setUnconditionally 0 -> -1
2019-07-13 09:07:56,914 INFO  server.RaftServerConfigKeys (ConfUtils.java:logGet(43)) - raft.server.log.statemachine.data.caching.enabled = true (custom)
2019-07-13 09:07:56,914 INFO  server.RaftServerConfigKeys (ConfUtils.java:logGet(43)) - raft.server.snapshot.auto.trigger.enabled = true (custom)
2019-07-13 09:07:56,914 INFO  server.RaftServerConfigKeys (ConfUtils.java:logGet(43)) - raft.server.snapshot.auto.trigger.threshold = 10000 (custom)
2019-07-13 09:07:56,914 INFO  segmented.SegmentedRaftLogWorker (SegmentedRaftLogWorker.java:lambda$new$0(132)) - c6904f5f-bfcb-458f-a61a-755892db6ce7-SegmentedRaftLogWorker:Storage Directory /tmp/workdir/hadoop-ozone/integration-test/target/test-dir/MiniOzoneClusterImpl-2aef17b0-a2ec-4c0b-b11c-ca76bc81bdbb/datanode-0/data/ratis/ed42a99f-166f-403c-928d-94584c2fece3: flushIndex: setUnconditionally 0 -> -1
2019-07-13 09:07:56,917 INFO  server.RaftServerConfigKeys (ConfUtils.java:logGet(43)) - raft.server.retrycache.expirytime = 600000ms (custom)
2019-07-13 09:07:56,917 INFO  server.RaftServerConfigKeys (ConfUtils.java:logGet(43)) - raft.server.snapshot.auto.trigger.enabled = true (custom)
2019-07-13 09:07:56,917 INFO  impl.RaftServerImpl (RaftServerImpl.java:start(180)) - d872ec85-094f-4f67-bb7b-979955782da1: start group-94584C2FECE3
2019-07-13 09:07:56,917 INFO  server.RaftServerConfigKeys (ConfUtils.java:logGet(43)) - raft.server.snapshot.auto.trigger.threshold = 10000 (custom)
2019-07-13 09:07:56,920 INFO  impl.RaftServerImpl (RaftServerImpl.java:setRole(171)) - d872ec85-094f-4f67-bb7b-979955782da1:group-94584C2FECE3 changes role from null to FOLLOWER at term 0 for startAsFollower
2019-07-13 09:07:56,920 INFO  server.RaftServerConfigKeys (ConfUtils.java:logGet(43)) - raft.server.retrycache.expirytime = 600000ms (custom)
2019-07-13 09:07:56,920 INFO  impl.RoleInfo (RoleInfo.java:updateAndGet(143)) - d872ec85-094f-4f67-bb7b-979955782da1: start FollowerState
2019-07-13 09:07:56,922 INFO  impl.RaftServerImpl (RaftServerImpl.java:start(180)) - c6904f5f-bfcb-458f-a61a-755892db6ce7: start group-94584C2FECE3
2019-07-13 09:07:56,925 INFO  util.JmxRegister (JmxRegister.java:tryRegister(44)) - Successfully registered JMX Bean with object name Ratis:service=RaftServer,group=group-94584C2FECE3,id=d872ec85-094f-4f67-bb7b-979955782da1
2019-07-13 09:07:56,925 INFO  impl.RaftServerImpl (RaftServerImpl.java:setRole(171)) - c6904f5f-bfcb-458f-a61a-755892db6ce7:group-94584C2FECE3 changes role from null to FOLLOWER at term 0 for startAsFollower
2019-07-13 09:07:56,925 INFO  impl.RoleInfo (RoleInfo.java:updateAndGet(143)) - c6904f5f-bfcb-458f-a61a-755892db6ce7: start FollowerState
2019-07-13 09:07:56,926 INFO  util.JmxRegister (JmxRegister.java:tryRegister(44)) - Successfully registered JMX Bean with object name Ratis:service=RaftServer,group=group-94584C2FECE3,id=c6904f5f-bfcb-458f-a61a-755892db6ce7
2019-07-13 09:07:56,946 INFO  pipeline.PipelineStateManager (PipelineStateManager.java:addPipeline(56)) - Created pipeline Pipeline[ Id: ed42a99f-166f-403c-928d-94584c2fece3, Nodes: d872ec85-094f-4f67-bb7b-979955782da1{ip: 192.168.69.96, host: trunk-nightly-hmp62-43275749, networkLocation: /default-rack, certSerialId: null}c6904f5f-bfcb-458f-a61a-755892db6ce7{ip: 192.168.69.96, host: trunk-nightly-hmp62-43275749, networkLocation: /default-rack, certSerialId: null}8edcd2ad-5eae-4055-a5d5-7c2840f9d683{ip: 192.168.69.96, host: trunk-nightly-hmp62-43275749, networkLocation: /default-rack, certSerialId: null}, Type:RATIS, Factor:THREE, State:OPEN]
2019-07-13 09:07:57,253 INFO  ozone.MiniOzoneClusterImpl (MiniOzoneClusterImpl.java:lambda$waitForClusterToBeReady$0(142)) - Cluster is ready. Got 7 of 7 DN Heartbeats.
2019-07-13 09:07:57,573 INFO  rpc.RpcClient (RpcClient.java:createVolume(287)) - Creating Volume: testblockoutputstream, with jenkins1000 as owner.
2019-07-13 09:07:57,631 INFO  rpc.RpcClient (RpcClient.java:createBucket(424)) - Creating Bucket: testblockoutputstream/testblockoutputstream, with Versioning false and Storage Type set to DISK and Encryption set to false 
2019-07-13 09:07:57,905 INFO  container.ReplicationManager (ReplicationManager.java:start(155)) - Starting Replication Monitor Thread.
2019-07-13 09:07:57,912 INFO  container.ReplicationManager (ReplicationManager.java:run(207)) - Replication Monitor Thread took 4 milliseconds for processing 1 containers.
2019-07-13 09:07:57,943 INFO  client.GrpcClientProtocolClient (GrpcClientProtocolClient.java:onNext(255)) - client-0A49F413FC8F->d872ec85-094f-4f67-bb7b-979955782da1: receive RaftClientReply:client-0A49F413FC8F->d872ec85-094f-4f67-bb7b-979955782da1@group-94584C2FECE3, cid=13, FAILED org.apache.ratis.protocol.NotLeaderException: Server d872ec85-094f-4f67-bb7b-979955782da1 is not the leader (null). Request must be sent to leader., logIndex=0, commits[d872ec85-094f-4f67-bb7b-979955782da1:c-1]
2019-07-13 09:07:58,991 INFO  client.GrpcClientProtocolClient (GrpcClientProtocolClient.java:onNext(255)) - client-0A49F413FC8F->8edcd2ad-5eae-4055-a5d5-7c2840f9d683: receive RaftClientReply:client-0A49F413FC8F->8edcd2ad-5eae-4055-a5d5-7c2840f9d683@group-94584C2FECE3, cid=13, FAILED org.apache.ratis.protocol.NotLeaderException: Server 8edcd2ad-5eae-4055-a5d5-7c2840f9d683 is not the leader (null). Request must be sent to leader., logIndex=0, commits[8edcd2ad-5eae-4055-a5d5-7c2840f9d683:c-1]
2019-07-13 09:08:00,018 INFO  client.GrpcClientProtocolClient (GrpcClientProtocolClient.java:onNext(255)) - client-0A49F413FC8F->d872ec85-094f-4f67-bb7b-979955782da1: receive RaftClientReply:client-0A49F413FC8F->d872ec85-094f-4f67-bb7b-979955782da1@group-94584C2FECE3, cid=13, FAILED org.apache.ratis.protocol.NotLeaderException: Server d872ec85-094f-4f67-bb7b-979955782da1 is not the leader (null). Request must be sent to leader., logIndex=0, commits[d872ec85-094f-4f67-bb7b-979955782da1:c-1]
2019-07-13 09:08:01,042 INFO  client.GrpcClientProtocolClient (GrpcClientProtocolClient.java:onNext(255)) - client-0A49F413FC8F->8edcd2ad-5eae-4055-a5d5-7c2840f9d683: receive RaftClientReply:client-0A49F413FC8F->8edcd2ad-5eae-4055-a5d5-7c2840f9d683@group-94584C2FECE3, cid=13, FAILED org.apache.ratis.protocol.NotLeaderException: Server 8edcd2ad-5eae-4055-a5d5-7c2840f9d683 is not the leader (null). Request must be sent to leader., logIndex=0, commits[8edcd2ad-5eae-4055-a5d5-7c2840f9d683:c-1]
2019-07-13 09:08:01,259 INFO  impl.FollowerState (FollowerState.java:run(106)) - c6904f5f-bfcb-458f-a61a-755892db6ce7:group-4E52BF739840 changes to CANDIDATE, lastRpcTime:5163, electionTimeout:5162ms
2019-07-13 09:08:01,259 INFO  impl.RoleInfo (RoleInfo.java:shutdownFollowerState(121)) - c6904f5f-bfcb-458f-a61a-755892db6ce7: shutdown FollowerState
2019-07-13 09:08:01,259 INFO  impl.RaftServerImpl (RaftServerImpl.java:setRole(171)) - c6904f5f-bfcb-458f-a61a-755892db6ce7:group-4E52BF739840 changes role from FOLLOWER to CANDIDATE at term 0 for changeToCandidate
2019-07-13 09:08:01,267 INFO  impl.RoleInfo (RoleInfo.java:updateAndGet(143)) - c6904f5f-bfcb-458f-a61a-755892db6ce7: start LeaderElection
2019-07-13 09:08:01,289 INFO  impl.LeaderElection (LeaderElection.java:askForVotes(181)) - c6904f5f-bfcb-458f-a61a-755892db6ce7:group-4E52BF739840:LeaderElection1: begin an election at term 1 for -1: [c6904f5f-bfcb-458f-a61a-755892db6ce7:192.168.69.96:43724], old=null
2019-07-13 09:08:01,291 INFO  impl.RoleInfo (RoleInfo.java:shutdownLeaderElection(134)) - c6904f5f-bfcb-458f-a61a-755892db6ce7: shutdown LeaderElection
2019-07-13 09:08:01,292 INFO  impl.RaftServerImpl (RaftServerImpl.java:setRole(171)) - c6904f5f-bfcb-458f-a61a-755892db6ce7:group-4E52BF739840 changes role from CANDIDATE to LEADER at term 1 for changeToLeader
2019-07-13 09:08:01,292 INFO  impl.RaftServerImpl (ServerState.java:setLeader(263)) - c6904f5f-bfcb-458f-a61a-755892db6ce7:group-4E52BF739840 change Leader from null to c6904f5f-bfcb-458f-a61a-755892db6ce7 at term 1 for becomeLeader, leader elected after 5285ms
2019-07-13 09:08:01,301 INFO  server.RaftServerConfigKeys (ConfUtils.java:logGet(43)) - raft.server.staging.catchup.gap = 1000 (default)
2019-07-13 09:08:01,302 INFO  server.RaftServerConfigKeys (ConfUtils.java:logGet(43)) - raft.server.rpc.sleep.time = 25ms (default)
2019-07-13 09:08:01,305 INFO  server.RaftServerConfigKeys (ConfUtils.java:logGet(43)) - raft.server.write.element-limit = 4096 (default)
2019-07-13 09:08:01,308 INFO  server.RaftServerConfigKeys (ConfUtils.java:logGet(43)) - raft.server.watch.timeout = 10s (default)
2019-07-13 09:08:01,309 INFO  server.RaftServerConfigKeys (ConfUtils.java:logGet(43)) - raft.server.watch.timeout.denomination = 1s (default)
2019-07-13 09:08:01,310 INFO  server.RaftServerConfigKeys (ConfUtils.java:logGet(43)) - raft.server.watch.element-limit = 65536 (default)
2019-07-13 09:08:01,321 INFO  impl.RoleInfo (RoleInfo.java:updateAndGet(143)) - c6904f5f-bfcb-458f-a61a-755892db6ce7: start LeaderState
2019-07-13 09:08:01,348 INFO  segmented.SegmentedRaftLogWorker (SegmentedRaftLogWorker.java:startLogSegment(380)) - c6904f5f-bfcb-458f-a61a-755892db6ce7-SegmentedRaftLogWorker:Storage Directory /tmp/workdir/hadoop-ozone/integration-test/target/test-dir/MiniOzoneClusterImpl-2aef17b0-a2ec-4c0b-b11c-ca76bc81bdbb/datanode-0/data/ratis/08e6437a-26bd-4078-8466-4e52bf739840: Starting segment from index:0
2019-07-13 09:08:01,373 INFO  impl.RaftServerImpl (ServerState.java:setRaftConf(361)) - c6904f5f-bfcb-458f-a61a-755892db6ce7:group-4E52BF739840 set configuration 0: [c6904f5f-bfcb-458f-a61a-755892db6ce7:192.168.69.96:43724], old=null at 0
2019-07-13 09:08:01,481 INFO  impl.FollowerState (FollowerState.java:run(106)) - 64012248-86ed-4703-b229-4c36d10a7c01:group-69CA5D2E4986 changes to CANDIDATE, lastRpcTime:5186, electionTimeout:5185ms
2019-07-13 09:08:01,483 INFO  impl.RoleInfo (RoleInfo.java:shutdownFollowerState(121)) - 64012248-86ed-4703-b229-4c36d10a7c01: shutdown FollowerState
2019-07-13 09:08:01,483 INFO  impl.RaftServerImpl (RaftServerImpl.java:setRole(171)) - 64012248-86ed-4703-b229-4c36d10a7c01:group-69CA5D2E4986 changes role from FOLLOWER to CANDIDATE at term 0 for changeToCandidate
2019-07-13 09:08:01,483 INFO  impl.RoleInfo (RoleInfo.java:updateAndGet(143)) - 64012248-86ed-4703-b229-4c36d10a7c01: start LeaderElection
2019-07-13 09:08:01,503 INFO  impl.LeaderElection (LeaderElection.java:askForVotes(181)) - 64012248-86ed-4703-b229-4c36d10a7c01:group-69CA5D2E4986:LeaderElection2: begin an election at term 1 for -1: [64012248-86ed-4703-b229-4c36d10a7c01:192.168.69.96:45564], old=null
2019-07-13 09:08:01,514 INFO  impl.FollowerState (FollowerState.java:run(106)) - 39e80c9a-c9e7-465a-ac1a-e4eea8dfe517:group-41A7048372FA changes to CANDIDATE, lastRpcTime:5058, electionTimeout:5052ms
2019-07-13 09:08:01,514 INFO  impl.RoleInfo (RoleInfo.java:shutdownLeaderElection(134)) - 64012248-86ed-4703-b229-4c36d10a7c01: shutdown LeaderElection
2019-07-13 09:08:01,514 INFO  impl.RoleInfo (RoleInfo.java:shutdownFollowerState(121)) - 39e80c9a-c9e7-465a-ac1a-e4eea8dfe517: shutdown FollowerState
2019-07-13 09:08:01,514 INFO  impl.RaftServerImpl (RaftServerImpl.java:setRole(171)) - 39e80c9a-c9e7-465a-ac1a-e4eea8dfe517:group-41A7048372FA changes role from FOLLOWER to CANDIDATE at term 0 for changeToCandidate
2019-07-13 09:08:01,514 INFO  impl.RaftServerImpl (RaftServerImpl.java:setRole(171)) - 64012248-86ed-4703-b229-4c36d10a7c01:group-69CA5D2E4986 changes role from CANDIDATE to LEADER at term 1 for changeToLeader
2019-07-13 09:08:01,514 INFO  impl.RoleInfo (RoleInfo.java:updateAndGet(143)) - 39e80c9a-c9e7-465a-ac1a-e4eea8dfe517: start LeaderElection
2019-07-13 09:08:01,514 INFO  impl.RaftServerImpl (ServerState.java:setLeader(263)) - 64012248-86ed-4703-b229-4c36d10a7c01:group-69CA5D2E4986 change Leader from null to 64012248-86ed-4703-b229-4c36d10a7c01 at term 1 for becomeLeader, leader elected after 5227ms
2019-07-13 09:08:01,518 INFO  server.RaftServerConfigKeys (ConfUtils.java:logGet(43)) - raft.server.staging.catchup.gap = 1000 (default)
2019-07-13 09:08:01,520 INFO  server.RaftServerConfigKeys (ConfUtils.java:logGet(43)) - raft.server.rpc.sleep.time = 25ms (default)
2019-07-13 09:08:01,520 INFO  server.RaftServerConfigKeys (ConfUtils.java:logGet(43)) - raft.server.write.element-limit = 4096 (default)
2019-07-13 09:08:01,521 INFO  server.RaftServerConfigKeys (ConfUtils.java:logGet(43)) - raft.server.watch.timeout = 10s (default)
2019-07-13 09:08:01,521 INFO  server.RaftServerConfigKeys (ConfUtils.java:logGet(43)) - raft.server.watch.timeout.denomination = 1s (default)
2019-07-13 09:08:01,521 INFO  server.RaftServerConfigKeys (ConfUtils.java:logGet(43)) - raft.server.watch.element-limit = 65536 (default)
2019-07-13 09:08:01,521 INFO  impl.RoleInfo (RoleInfo.java:updateAndGet(143)) - 64012248-86ed-4703-b229-4c36d10a7c01: start LeaderState
2019-07-13 09:08:01,523 INFO  segmented.SegmentedRaftLogWorker (SegmentedRaftLogWorker.java:startLogSegment(380)) - 64012248-86ed-4703-b229-4c36d10a7c01-SegmentedRaftLogWorker:Storage Directory /tmp/workdir/hadoop-ozone/integration-test/target/test-dir/MiniOzoneClusterImpl-2aef17b0-a2ec-4c0b-b11c-ca76bc81bdbb/datanode-4/data/ratis/43382fa5-fcd8-41fa-b37b-69ca5d2e4986: Starting segment from index:0
2019-07-13 09:08:01,524 INFO  impl.RaftServerImpl (ServerState.java:setRaftConf(361)) - 64012248-86ed-4703-b229-4c36d10a7c01:group-69CA5D2E4986 set configuration 0: [64012248-86ed-4703-b229-4c36d10a7c01:192.168.69.96:45564], old=null at 0
2019-07-13 09:08:01,542 INFO  segmented.SegmentedRaftLogWorker (SegmentedRaftLogWorker.java:execute(569)) - c6904f5f-bfcb-458f-a61a-755892db6ce7-SegmentedRaftLogWorker:Storage Directory /tmp/workdir/hadoop-ozone/integration-test/target/test-dir/MiniOzoneClusterImpl-2aef17b0-a2ec-4c0b-b11c-ca76bc81bdbb/datanode-0/data/ratis/08e6437a-26bd-4078-8466-4e52bf739840: created new log segment /tmp/workdir/hadoop-ozone/integration-test/target/test-dir/MiniOzoneClusterImpl-2aef17b0-a2ec-4c0b-b11c-ca76bc81bdbb/datanode-0/data/ratis/08e6437a-26bd-4078-8466-4e52bf739840/current/log_inprogress_0
2019-07-13 09:08:01,542 INFO  impl.LeaderElection (LeaderElection.java:askForVotes(181)) - 39e80c9a-c9e7-465a-ac1a-e4eea8dfe517:group-41A7048372FA:LeaderElection3: begin an election at term 1 for -1: [39e80c9a-c9e7-465a-ac1a-e4eea8dfe517:192.168.69.96:45167], old=null
2019-07-13 09:08:01,542 INFO  impl.RoleInfo (RoleInfo.java:shutdownLeaderElection(134)) - 39e80c9a-c9e7-465a-ac1a-e4eea8dfe517: shutdown LeaderElection
2019-07-13 09:08:01,543 INFO  impl.RaftServerImpl (RaftServerImpl.java:setRole(171)) - 39e80c9a-c9e7-465a-ac1a-e4eea8dfe517:group-41A7048372FA changes role from CANDIDATE to LEADER at term 1 for changeToLeader
2019-07-13 09:08:01,543 INFO  impl.RaftServerImpl (ServerState.java:setLeader(263)) - 39e80c9a-c9e7-465a-ac1a-e4eea8dfe517:group-41A7048372FA change Leader from null to 39e80c9a-c9e7-465a-ac1a-e4eea8dfe517 at term 1 for becomeLeader, leader elected after 5092ms
2019-07-13 09:08:01,545 INFO  server.RaftServerConfigKeys (ConfUtils.java:logGet(43)) - raft.server.staging.catchup.gap = 1000 (default)
2019-07-13 09:08:01,545 INFO  server.RaftServerConfigKeys (ConfUtils.java:logGet(43)) - raft.server.rpc.sleep.time = 25ms (default)
2019-07-13 09:08:01,545 INFO  server.RaftServerConfigKeys (ConfUtils.java:logGet(43)) - raft.server.write.element-limit = 4096 (default)
2019-07-13 09:08:01,546 INFO  server.RaftServerConfigKeys (ConfUtils.java:logGet(43)) - raft.server.watch.timeout = 10s (default)
2019-07-13 09:08:01,546 INFO  server.RaftServerConfigKeys (ConfUtils.java:logGet(43)) - raft.server.watch.timeout.denomination = 1s (default)
2019-07-13 09:08:01,546 INFO  server.RaftServerConfigKeys (ConfUtils.java:logGet(43)) - raft.server.watch.element-limit = 65536 (default)
2019-07-13 09:08:01,546 INFO  impl.RoleInfo (RoleInfo.java:updateAndGet(143)) - 39e80c9a-c9e7-465a-ac1a-e4eea8dfe517: start LeaderState
2019-07-13 09:08:01,547 INFO  segmented.SegmentedRaftLogWorker (SegmentedRaftLogWorker.java:startLogSegment(380)) - 39e80c9a-c9e7-465a-ac1a-e4eea8dfe517-SegmentedRaftLogWorker:Storage Directory /tmp/workdir/hadoop-ozone/integration-test/target/test-dir/MiniOzoneClusterImpl-2aef17b0-a2ec-4c0b-b11c-ca76bc81bdbb/datanode-3/data/ratis/298427f3-4a01-4c2e-933f-41a7048372fa: Starting segment from index:0
2019-07-13 09:08:01,547 INFO  impl.RaftServerImpl (ServerState.java:setRaftConf(361)) - 39e80c9a-c9e7-465a-ac1a-e4eea8dfe517:group-41A7048372FA set configuration 0: [39e80c9a-c9e7-465a-ac1a-e4eea8dfe517:192.168.69.96:45167], old=null at 0
2019-07-13 09:08:01,565 INFO  impl.FollowerState (FollowerState.java:run(106)) - 7952b4da-c295-453a-923b-6406a50e8e36:group-7645B44C5A9E changes to CANDIDATE, lastRpcTime:5184, electionTimeout:5180ms
2019-07-13 09:08:01,567 INFO  segmented.SegmentedRaftLogWorker (SegmentedRaftLogWorker.java:execute(569)) - 64012248-86ed-4703-b229-4c36d10a7c01-SegmentedRaftLogWorker:Storage Directory /tmp/workdir/hadoop-ozone/integration-test/target/test-dir/MiniOzoneClusterImpl-2aef17b0-a2ec-4c0b-b11c-ca76bc81bdbb/datanode-4/data/ratis/43382fa5-fcd8-41fa-b37b-69ca5d2e4986: created new log segment /tmp/workdir/hadoop-ozone/integration-test/target/test-dir/MiniOzoneClusterImpl-2aef17b0-a2ec-4c0b-b11c-ca76bc81bdbb/datanode-4/data/ratis/43382fa5-fcd8-41fa-b37b-69ca5d2e4986/current/log_inprogress_0
2019-07-13 09:08:01,567 INFO  impl.RoleInfo (RoleInfo.java:shutdownFollowerState(121)) - 7952b4da-c295-453a-923b-6406a50e8e36: shutdown FollowerState
2019-07-13 09:08:01,567 INFO  impl.RaftServerImpl (RaftServerImpl.java:setRole(171)) - 7952b4da-c295-453a-923b-6406a50e8e36:group-7645B44C5A9E changes role from FOLLOWER to CANDIDATE at term 0 for changeToCandidate
2019-07-13 09:08:01,567 INFO  impl.RoleInfo (RoleInfo.java:updateAndGet(143)) - 7952b4da-c295-453a-923b-6406a50e8e36: start LeaderElection
2019-07-13 09:08:01,580 INFO  segmented.SegmentedRaftLogWorker (SegmentedRaftLogWorker.java:execute(569)) - 39e80c9a-c9e7-465a-ac1a-e4eea8dfe517-SegmentedRaftLogWorker:Storage Directory /tmp/workdir/hadoop-ozone/integration-test/target/test-dir/MiniOzoneClusterImpl-2aef17b0-a2ec-4c0b-b11c-ca76bc81bdbb/datanode-3/data/ratis/298427f3-4a01-4c2e-933f-41a7048372fa: created new log segment /tmp/workdir/hadoop-ozone/integration-test/target/test-dir/MiniOzoneClusterImpl-2aef17b0-a2ec-4c0b-b11c-ca76bc81bdbb/datanode-3/data/ratis/298427f3-4a01-4c2e-933f-41a7048372fa/current/log_inprogress_0
2019-07-13 09:08:01,582 INFO  impl.LeaderElection (LeaderElection.java:askForVotes(181)) - 7952b4da-c295-453a-923b-6406a50e8e36:group-7645B44C5A9E:LeaderElection4: begin an election at term 1 for -1: [7952b4da-c295-453a-923b-6406a50e8e36:192.168.69.96:37562], old=null
2019-07-13 09:08:01,582 INFO  impl.RoleInfo (RoleInfo.java:shutdownLeaderElection(134)) - 7952b4da-c295-453a-923b-6406a50e8e36: shutdown LeaderElection
2019-07-13 09:08:01,583 INFO  impl.RaftServerImpl (RaftServerImpl.java:setRole(171)) - 7952b4da-c295-453a-923b-6406a50e8e36:group-7645B44C5A9E changes role from CANDIDATE to LEADER at term 1 for changeToLeader
2019-07-13 09:08:01,583 INFO  impl.RaftServerImpl (ServerState.java:setLeader(263)) - 7952b4da-c295-453a-923b-6406a50e8e36:group-7645B44C5A9E change Leader from null to 7952b4da-c295-453a-923b-6406a50e8e36 at term 1 for becomeLeader, leader elected after 5208ms
2019-07-13 09:08:01,584 INFO  server.RaftServerConfigKeys (ConfUtils.java:logGet(43)) - raft.server.staging.catchup.gap = 1000 (default)
2019-07-13 09:08:01,585 INFO  server.RaftServerConfigKeys (ConfUtils.java:logGet(43)) - raft.server.rpc.sleep.time = 25ms (default)
2019-07-13 09:08:01,585 INFO  server.RaftServerConfigKeys (ConfUtils.java:logGet(43)) - raft.server.write.element-limit = 4096 (default)
2019-07-13 09:08:01,585 INFO  server.RaftServerConfigKeys (ConfUtils.java:logGet(43)) - raft.server.watch.timeout = 10s (default)
2019-07-13 09:08:01,585 INFO  server.RaftServerConfigKeys (ConfUtils.java:logGet(43)) - raft.server.watch.timeout.denomination = 1s (default)
2019-07-13 09:08:01,586 INFO  server.RaftServerConfigKeys (ConfUtils.java:logGet(43)) - raft.server.watch.element-limit = 65536 (default)
2019-07-13 09:08:01,586 INFO  impl.RoleInfo (RoleInfo.java:updateAndGet(143)) - 7952b4da-c295-453a-923b-6406a50e8e36: start LeaderState
2019-07-13 09:08:01,586 INFO  segmented.SegmentedRaftLogWorker (SegmentedRaftLogWorker.java:startLogSegment(380)) - 7952b4da-c295-453a-923b-6406a50e8e36-SegmentedRaftLogWorker:Storage Directory /tmp/workdir/hadoop-ozone/integration-test/target/test-dir/MiniOzoneClusterImpl-2aef17b0-a2ec-4c0b-b11c-ca76bc81bdbb/datanode-6/data/ratis/ece9c7d4-f278-4793-8124-7645b44c5a9e: Starting segment from index:0
2019-07-13 09:08:01,587 INFO  impl.RaftServerImpl (ServerState.java:setRaftConf(361)) - 7952b4da-c295-453a-923b-6406a50e8e36:group-7645B44C5A9E set configuration 0: [7952b4da-c295-453a-923b-6406a50e8e36:192.168.69.96:37562], old=null at 0
2019-07-13 09:08:01,618 INFO  segmented.SegmentedRaftLogWorker (SegmentedRaftLogWorker.java:execute(569)) - 7952b4da-c295-453a-923b-6406a50e8e36-SegmentedRaftLogWorker:Storage Directory /tmp/workdir/hadoop-ozone/integration-test/target/test-dir/MiniOzoneClusterImpl-2aef17b0-a2ec-4c0b-b11c-ca76bc81bdbb/datanode-6/data/ratis/ece9c7d4-f278-4793-8124-7645b44c5a9e: created new log segment /tmp/workdir/hadoop-ozone/integration-test/target/test-dir/MiniOzoneClusterImpl-2aef17b0-a2ec-4c0b-b11c-ca76bc81bdbb/datanode-6/data/ratis/ece9c7d4-f278-4793-8124-7645b44c5a9e/current/log_inprogress_0
2019-07-13 09:08:01,709 INFO  impl.FollowerState (FollowerState.java:run(106)) - d872ec85-094f-4f67-bb7b-979955782da1:group-5D9E089895C2 changes to CANDIDATE, lastRpcTime:5176, electionTimeout:5176ms
2019-07-13 09:08:01,709 INFO  impl.RoleInfo (RoleInfo.java:shutdownFollowerState(121)) - d872ec85-094f-4f67-bb7b-979955782da1: shutdown FollowerState
2019-07-13 09:08:01,709 INFO  impl.RaftServerImpl (RaftServerImpl.java:setRole(171)) - d872ec85-094f-4f67-bb7b-979955782da1:group-5D9E089895C2 changes role from FOLLOWER to CANDIDATE at term 0 for changeToCandidate
2019-07-13 09:08:01,709 INFO  impl.RoleInfo (RoleInfo.java:updateAndGet(143)) - d872ec85-094f-4f67-bb7b-979955782da1: start LeaderElection
2019-07-13 09:08:01,728 INFO  impl.LeaderElection (LeaderElection.java:askForVotes(181)) - d872ec85-094f-4f67-bb7b-979955782da1:group-5D9E089895C2:LeaderElection5: begin an election at term 1 for -1: [d872ec85-094f-4f67-bb7b-979955782da1:192.168.69.96:41649], old=null
2019-07-13 09:08:01,730 INFO  impl.RoleInfo (RoleInfo.java:shutdownLeaderElection(134)) - d872ec85-094f-4f67-bb7b-979955782da1: shutdown LeaderElection
2019-07-13 09:08:01,731 INFO  impl.RaftServerImpl (RaftServerImpl.java:setRole(171)) - d872ec85-094f-4f67-bb7b-979955782da1:group-5D9E089895C2 changes role from CANDIDATE to LEADER at term 1 for changeToLeader
2019-07-13 09:08:01,731 INFO  impl.RaftServerImpl (ServerState.java:setLeader(263)) - d872ec85-094f-4f67-bb7b-979955782da1:group-5D9E089895C2 change Leader from null to d872ec85-094f-4f67-bb7b-979955782da1 at term 1 for becomeLeader, leader elected after 5204ms
2019-07-13 09:08:01,733 INFO  server.RaftServerConfigKeys (ConfUtils.java:logGet(43)) - raft.server.staging.catchup.gap = 1000 (default)
2019-07-13 09:08:01,733 INFO  server.RaftServerConfigKeys (ConfUtils.java:logGet(43)) - raft.server.rpc.sleep.time = 25ms (default)
2019-07-13 09:08:01,733 INFO  server.RaftServerConfigKeys (ConfUtils.java:logGet(43)) - raft.server.write.element-limit = 4096 (default)
2019-07-13 09:08:01,733 INFO  server.RaftServerConfigKeys (ConfUtils.java:logGet(43)) - raft.server.watch.timeout = 10s (default)
2019-07-13 09:08:01,733 INFO  server.RaftServerConfigKeys (ConfUtils.java:logGet(43)) - raft.server.watch.timeout.denomination = 1s (default)
2019-07-13 09:08:01,734 INFO  server.RaftServerConfigKeys (ConfUtils.java:logGet(43)) - raft.server.watch.element-limit = 65536 (default)
2019-07-13 09:08:01,734 INFO  impl.RoleInfo (RoleInfo.java:updateAndGet(143)) - d872ec85-094f-4f67-bb7b-979955782da1: start LeaderState
2019-07-13 09:08:01,734 INFO  segmented.SegmentedRaftLogWorker (SegmentedRaftLogWorker.java:startLogSegment(380)) - d872ec85-094f-4f67-bb7b-979955782da1-SegmentedRaftLogWorker:Storage Directory /tmp/workdir/hadoop-ozone/integration-test/target/test-dir/MiniOzoneClusterImpl-2aef17b0-a2ec-4c0b-b11c-ca76bc81bdbb/datanode-1/data/ratis/3353267e-16cd-4b4b-99b2-5d9e089895c2: Starting segment from index:0
2019-07-13 09:08:01,735 INFO  impl.RaftServerImpl (ServerState.java:setRaftConf(361)) - d872ec85-094f-4f67-bb7b-979955782da1:group-5D9E089895C2 set configuration 0: [d872ec85-094f-4f67-bb7b-979955782da1:192.168.69.96:41649], old=null at 0
2019-07-13 09:08:01,768 INFO  segmented.SegmentedRaftLogWorker (SegmentedRaftLogWorker.java:execute(569)) - d872ec85-094f-4f67-bb7b-979955782da1-SegmentedRaftLogWorker:Storage Directory /tmp/workdir/hadoop-ozone/integration-test/target/test-dir/MiniOzoneClusterImpl-2aef17b0-a2ec-4c0b-b11c-ca76bc81bdbb/datanode-1/data/ratis/3353267e-16cd-4b4b-99b2-5d9e089895c2: created new log segment /tmp/workdir/hadoop-ozone/integration-test/target/test-dir/MiniOzoneClusterImpl-2aef17b0-a2ec-4c0b-b11c-ca76bc81bdbb/datanode-1/data/ratis/3353267e-16cd-4b4b-99b2-5d9e089895c2/current/log_inprogress_0
2019-07-13 09:08:01,796 INFO  impl.FollowerState (FollowerState.java:run(106)) - 7952b4da-c295-453a-923b-6406a50e8e36:group-3173C632CE4A changes to CANDIDATE, lastRpcTime:5004, electionTimeout:5004ms
2019-07-13 09:08:01,796 INFO  impl.RoleInfo (RoleInfo.java:shutdownFollowerState(121)) - 7952b4da-c295-453a-923b-6406a50e8e36: shutdown FollowerState
2019-07-13 09:08:01,796 INFO  impl.RaftServerImpl (RaftServerImpl.java:setRole(171)) - 7952b4da-c295-453a-923b-6406a50e8e36:group-3173C632CE4A changes role from FOLLOWER to CANDIDATE at term 0 for changeToCandidate
2019-07-13 09:08:01,797 INFO  impl.RoleInfo (RoleInfo.java:updateAndGet(143)) - 7952b4da-c295-453a-923b-6406a50e8e36: start LeaderElection
2019-07-13 09:08:01,813 INFO  impl.FollowerState (FollowerState.java:run(106)) - 8edcd2ad-5eae-4055-a5d5-7c2840f9d683:group-4A3A42A415E6 changes to CANDIDATE, lastRpcTime:5200, electionTimeout:5200ms
2019-07-13 09:08:01,822 INFO  impl.RoleInfo (RoleInfo.java:shutdownFollowerState(121)) - 8edcd2ad-5eae-4055-a5d5-7c2840f9d683: shutdown FollowerState
2019-07-13 09:08:01,822 INFO  impl.RaftServerImpl (RaftServerImpl.java:setRole(171)) - 8edcd2ad-5eae-4055-a5d5-7c2840f9d683:group-4A3A42A415E6 changes role from FOLLOWER to CANDIDATE at term 0 for changeToCandidate
2019-07-13 09:08:01,822 INFO  impl.RoleInfo (RoleInfo.java:updateAndGet(143)) - 8edcd2ad-5eae-4055-a5d5-7c2840f9d683: start LeaderElection
2019-07-13 09:08:01,843 INFO  impl.FollowerState (FollowerState.java:run(106)) - 11484358-c926-4416-aa94-f10ef9437c77:group-2004A16A1C59 changes to CANDIDATE, lastRpcTime:5164, electionTimeout:5164ms
2019-07-13 09:08:01,845 INFO  impl.RoleInfo (RoleInfo.java:shutdownFollowerState(121)) - 11484358-c926-4416-aa94-f10ef9437c77: shutdown FollowerState
2019-07-13 09:08:01,845 INFO  impl.RaftServerImpl (RaftServerImpl.java:setRole(171)) - 11484358-c926-4416-aa94-f10ef9437c77:group-2004A16A1C59 changes role from FOLLOWER to CANDIDATE at term 0 for changeToCandidate
2019-07-13 09:08:01,845 INFO  impl.RoleInfo (RoleInfo.java:updateAndGet(143)) - 11484358-c926-4416-aa94-f10ef9437c77: start LeaderElection
2019-07-13 09:08:01,861 INFO  impl.LeaderElection (LeaderElection.java:askForVotes(181)) - 7952b4da-c295-453a-923b-6406a50e8e36:group-3173C632CE4A:LeaderElection6: begin an election at term 1 for -1: [39e80c9a-c9e7-465a-ac1a-e4eea8dfe517:192.168.69.96:45167, 64012248-86ed-4703-b229-4c36d10a7c01:192.168.69.96:45564, 7952b4da-c295-453a-923b-6406a50e8e36:192.168.69.96:37562], old=null
2019-07-13 09:08:01,861 INFO  impl.LeaderElection (LeaderElection.java:askForVotes(181)) - 11484358-c926-4416-aa94-f10ef9437c77:group-2004A16A1C59:LeaderElection8: begin an election at term 1 for -1: [11484358-c926-4416-aa94-f10ef9437c77:192.168.69.96:38854], old=null
2019-07-13 09:08:01,861 INFO  impl.LeaderElection (LeaderElection.java:askForVotes(181)) - 8edcd2ad-5eae-4055-a5d5-7c2840f9d683:group-4A3A42A415E6:LeaderElection7: begin an election at term 1 for -1: [8edcd2ad-5eae-4055-a5d5-7c2840f9d683:192.168.69.96:42606], old=null
2019-07-13 09:08:01,862 INFO  impl.RoleInfo (RoleInfo.java:shutdownLeaderElection(134)) - 11484358-c926-4416-aa94-f10ef9437c77: shutdown LeaderElection
2019-07-13 09:08:01,862 INFO  impl.RoleInfo (RoleInfo.java:shutdownLeaderElection(134)) - 8edcd2ad-5eae-4055-a5d5-7c2840f9d683: shutdown LeaderElection
2019-07-13 09:08:01,862 INFO  impl.RaftServerImpl (RaftServerImpl.java:setRole(171)) - 11484358-c926-4416-aa94-f10ef9437c77:group-2004A16A1C59 changes role from CANDIDATE to LEADER at term 1 for changeToLeader
2019-07-13 09:08:01,862 INFO  impl.RaftServerImpl (RaftServerImpl.java:setRole(171)) - 8edcd2ad-5eae-4055-a5d5-7c2840f9d683:group-4A3A42A415E6 changes role from CANDIDATE to LEADER at term 1 for changeToLeader
2019-07-13 09:08:01,862 INFO  impl.RaftServerImpl (ServerState.java:setLeader(263)) - 11484358-c926-4416-aa94-f10ef9437c77:group-2004A16A1C59 change Leader from null to 11484358-c926-4416-aa94-f10ef9437c77 at term 1 for becomeLeader, leader elected after 5189ms
2019-07-13 09:08:01,863 INFO  impl.RaftServerImpl (ServerState.java:setLeader(263)) - 8edcd2ad-5eae-4055-a5d5-7c2840f9d683:group-4A3A42A415E6 change Leader from null to 8edcd2ad-5eae-4055-a5d5-7c2840f9d683 at term 1 for becomeLeader, leader elected after 5255ms
2019-07-13 09:08:01,865 INFO  server.RaftServerConfigKeys (ConfUtils.java:logGet(43)) - raft.server.staging.catchup.gap = 1000 (default)
2019-07-13 09:08:01,866 INFO  server.RaftServerConfigKeys (ConfUtils.java:logGet(43)) - raft.server.staging.catchup.gap = 1000 (default)
2019-07-13 09:08:01,867 INFO  server.RaftServerConfigKeys (ConfUtils.java:logGet(43)) - raft.server.rpc.sleep.time = 25ms (default)
2019-07-13 09:08:01,867 INFO  server.RaftServerConfigKeys (ConfUtils.java:logGet(43)) - raft.server.rpc.sleep.time = 25ms (default)
2019-07-13 09:08:01,867 INFO  server.RaftServerConfigKeys (ConfUtils.java:logGet(43)) - raft.server.write.element-limit = 4096 (default)
2019-07-13 09:08:01,867 INFO  server.RaftServerConfigKeys (ConfUtils.java:logGet(43)) - raft.server.write.element-limit = 4096 (default)
2019-07-13 09:08:01,867 INFO  server.RaftServerConfigKeys (ConfUtils.java:logGet(43)) - raft.server.watch.timeout = 10s (default)
2019-07-13 09:08:01,868 INFO  server.RaftServerConfigKeys (ConfUtils.java:logGet(43)) - raft.server.watch.timeout = 10s (default)
2019-07-13 09:08:01,868 INFO  server.RaftServerConfigKeys (ConfUtils.java:logGet(43)) - raft.server.watch.timeout.denomination = 1s (default)
2019-07-13 09:08:01,868 INFO  server.RaftServerConfigKeys (ConfUtils.java:logGet(43)) - raft.server.watch.timeout.denomination = 1s (default)
2019-07-13 09:08:01,868 INFO  server.RaftServerConfigKeys (ConfUtils.java:logGet(43)) - raft.server.watch.element-limit = 65536 (default)
2019-07-13 09:08:01,868 INFO  server.RaftServerConfigKeys (ConfUtils.java:logGet(43)) - raft.server.watch.element-limit = 65536 (default)
2019-07-13 09:08:01,869 INFO  impl.RoleInfo (RoleInfo.java:updateAndGet(143)) - 11484358-c926-4416-aa94-f10ef9437c77: start LeaderState
2019-07-13 09:08:01,869 INFO  impl.RoleInfo (RoleInfo.java:updateAndGet(143)) - 8edcd2ad-5eae-4055-a5d5-7c2840f9d683: start LeaderState
2019-07-13 09:08:01,869 INFO  segmented.SegmentedRaftLogWorker (SegmentedRaftLogWorker.java:startLogSegment(380)) - 11484358-c926-4416-aa94-f10ef9437c77-SegmentedRaftLogWorker:Storage Directory /tmp/workdir/hadoop-ozone/integration-test/target/test-dir/MiniOzoneClusterImpl-2aef17b0-a2ec-4c0b-b11c-ca76bc81bdbb/datanode-5/data/ratis/15f133cd-73f0-4168-b766-2004a16a1c59: Starting segment from index:0
2019-07-13 09:08:01,869 INFO  segmented.SegmentedRaftLogWorker (SegmentedRaftLogWorker.java:startLogSegment(380)) - 8edcd2ad-5eae-4055-a5d5-7c2840f9d683-SegmentedRaftLogWorker:Storage Directory /tmp/workdir/hadoop-ozone/integration-test/target/test-dir/MiniOzoneClusterImpl-2aef17b0-a2ec-4c0b-b11c-ca76bc81bdbb/datanode-2/data/ratis/9ee09cc8-e941-4977-8ff4-4a3a42a415e6: Starting segment from index:0
2019-07-13 09:08:01,870 INFO  impl.RaftServerImpl (ServerState.java:setRaftConf(361)) - 11484358-c926-4416-aa94-f10ef9437c77:group-2004A16A1C59 set configuration 0: [11484358-c926-4416-aa94-f10ef9437c77:192.168.69.96:38854], old=null at 0
2019-07-13 09:08:01,891 INFO  impl.FollowerState (FollowerState.java:run(106)) - 64012248-86ed-4703-b229-4c36d10a7c01:group-3173C632CE4A changes to CANDIDATE, lastRpcTime:5102, electionTimeout:5087ms
2019-07-13 09:08:01,892 INFO  impl.RaftServerImpl (ServerState.java:setRaftConf(361)) - 8edcd2ad-5eae-4055-a5d5-7c2840f9d683:group-4A3A42A415E6 set configuration 0: [8edcd2ad-5eae-4055-a5d5-7c2840f9d683:192.168.69.96:42606], old=null at 0
2019-07-13 09:08:01,892 INFO  impl.RoleInfo (RoleInfo.java:shutdownFollowerState(121)) - 64012248-86ed-4703-b229-4c36d10a7c01: shutdown FollowerState
2019-07-13 09:08:01,894 INFO  impl.RaftServerImpl (RaftServerImpl.java:setRole(171)) - 64012248-86ed-4703-b229-4c36d10a7c01:group-3173C632CE4A changes role from FOLLOWER to CANDIDATE at term 0 for changeToCandidate
2019-07-13 09:08:01,894 INFO  impl.RoleInfo (RoleInfo.java:updateAndGet(143)) - 64012248-86ed-4703-b229-4c36d10a7c01: start LeaderElection
2019-07-13 09:08:01,905 INFO  segmented.SegmentedRaftLogWorker (SegmentedRaftLogWorker.java:execute(569)) - 11484358-c926-4416-aa94-f10ef9437c77-SegmentedRaftLogWorker:Storage Directory /tmp/workdir/hadoop-ozone/integration-test/target/test-dir/MiniOzoneClusterImpl-2aef17b0-a2ec-4c0b-b11c-ca76bc81bdbb/datanode-5/data/ratis/15f133cd-73f0-4168-b766-2004a16a1c59: created new log segment /tmp/workdir/hadoop-ozone/integration-test/target/test-dir/MiniOzoneClusterImpl-2aef17b0-a2ec-4c0b-b11c-ca76bc81bdbb/datanode-5/data/ratis/15f133cd-73f0-4168-b766-2004a16a1c59/current/log_inprogress_0
2019-07-13 09:08:01,905 INFO  segmented.SegmentedRaftLogWorker (SegmentedRaftLogWorker.java:execute(569)) - 8edcd2ad-5eae-4055-a5d5-7c2840f9d683-SegmentedRaftLogWorker:Storage Directory /tmp/workdir/hadoop-ozone/integration-test/target/test-dir/MiniOzoneClusterImpl-2aef17b0-a2ec-4c0b-b11c-ca76bc81bdbb/datanode-2/data/ratis/9ee09cc8-e941-4977-8ff4-4a3a42a415e6: created new log segment /tmp/workdir/hadoop-ozone/integration-test/target/test-dir/MiniOzoneClusterImpl-2aef17b0-a2ec-4c0b-b11c-ca76bc81bdbb/datanode-2/data/ratis/9ee09cc8-e941-4977-8ff4-4a3a42a415e6/current/log_inprogress_0
2019-07-13 09:08:01,906 INFO  impl.LeaderElection (LeaderElection.java:askForVotes(181)) - 64012248-86ed-4703-b229-4c36d10a7c01:group-3173C632CE4A:LeaderElection9: begin an election at term 1 for -1: [39e80c9a-c9e7-465a-ac1a-e4eea8dfe517:192.168.69.96:45167, 64012248-86ed-4703-b229-4c36d10a7c01:192.168.69.96:45564, 7952b4da-c295-453a-923b-6406a50e8e36:192.168.69.96:37562], old=null
2019-07-13 09:08:01,908 INFO  impl.FollowerState (FollowerState.java:run(106)) - 39e80c9a-c9e7-465a-ac1a-e4eea8dfe517:group-3173C632CE4A changes to CANDIDATE, lastRpcTime:5118, electionTimeout:5116ms
2019-07-13 09:08:01,910 INFO  impl.RoleInfo (RoleInfo.java:shutdownFollowerState(121)) - 39e80c9a-c9e7-465a-ac1a-e4eea8dfe517: shutdown FollowerState
2019-07-13 09:08:01,910 INFO  impl.RaftServerImpl (RaftServerImpl.java:setRole(171)) - 39e80c9a-c9e7-465a-ac1a-e4eea8dfe517:group-3173C632CE4A changes role from FOLLOWER to CANDIDATE at term 0 for changeToCandidate
2019-07-13 09:08:01,911 INFO  impl.RoleInfo (RoleInfo.java:updateAndGet(143)) - 39e80c9a-c9e7-465a-ac1a-e4eea8dfe517: start LeaderElection
2019-07-13 09:08:01,941 INFO  impl.LeaderElection (LeaderElection.java:askForVotes(181)) - 39e80c9a-c9e7-465a-ac1a-e4eea8dfe517:group-3173C632CE4A:LeaderElection10: begin an election at term 1 for -1: [39e80c9a-c9e7-465a-ac1a-e4eea8dfe517:192.168.69.96:45167, 64012248-86ed-4703-b229-4c36d10a7c01:192.168.69.96:45564, 7952b4da-c295-453a-923b-6406a50e8e36:192.168.69.96:37562], old=null
2019-07-13 09:08:01,978 INFO  impl.FollowerState (FollowerState.java:run(106)) - 8edcd2ad-5eae-4055-a5d5-7c2840f9d683:group-94584C2FECE3 changes to CANDIDATE, lastRpcTime:5065, electionTimeout:5065ms
2019-07-13 09:08:01,978 INFO  impl.RoleInfo (RoleInfo.java:shutdownFollowerState(121)) - 8edcd2ad-5eae-4055-a5d5-7c2840f9d683: shutdown FollowerState
2019-07-13 09:08:01,978 INFO  impl.RaftServerImpl (RaftServerImpl.java:setRole(171)) - 8edcd2ad-5eae-4055-a5d5-7c2840f9d683:group-94584C2FECE3 changes role from FOLLOWER to CANDIDATE at term 0 for changeToCandidate
2019-07-13 09:08:01,980 INFO  impl.RoleInfo (RoleInfo.java:updateAndGet(143)) - 8edcd2ad-5eae-4055-a5d5-7c2840f9d683: start LeaderElection
2019-07-13 09:08:01,989 INFO  impl.LeaderElection (LeaderElection.java:logAndReturn(56)) - 7952b4da-c295-453a-923b-6406a50e8e36:group-3173C632CE4A:LeaderElection6: Election REJECTED; received 2 response(s) [7952b4da-c295-453a-923b-6406a50e8e36<-39e80c9a-c9e7-465a-ac1a-e4eea8dfe517#0:FAIL-t1, 7952b4da-c295-453a-923b-6406a50e8e36<-64012248-86ed-4703-b229-4c36d10a7c01#0:FAIL-t1] and 0 exception(s); 7952b4da-c295-453a-923b-6406a50e8e36:t1, leader=null, voted=7952b4da-c295-453a-923b-6406a50e8e36, raftlog=7952b4da-c295-453a-923b-6406a50e8e36-SegmentedRaftLog:OPENED:c-1,f-1,i0, conf=-1: [39e80c9a-c9e7-465a-ac1a-e4eea8dfe517:192.168.69.96:45167, 64012248-86ed-4703-b229-4c36d10a7c01:192.168.69.96:45564, 7952b4da-c295-453a-923b-6406a50e8e36:192.168.69.96:37562], old=null
2019-07-13 09:08:01,989 INFO  impl.LeaderElection (LeaderElection.java:logAndReturn(56)) - 64012248-86ed-4703-b229-4c36d10a7c01:group-3173C632CE4A:LeaderElection9: Election REJECTED; received 2 response(s) [64012248-86ed-4703-b229-4c36d10a7c01<-39e80c9a-c9e7-465a-ac1a-e4eea8dfe517#0:FAIL-t1, 64012248-86ed-4703-b229-4c36d10a7c01<-7952b4da-c295-453a-923b-6406a50e8e36#0:FAIL-t1] and 0 exception(s); 64012248-86ed-4703-b229-4c36d10a7c01:t1, leader=null, voted=64012248-86ed-4703-b229-4c36d10a7c01, raftlog=64012248-86ed-4703-b229-4c36d10a7c01-SegmentedRaftLog:OPENED:c-1,f-1,i0, conf=-1: [39e80c9a-c9e7-465a-ac1a-e4eea8dfe517:192.168.69.96:45167, 64012248-86ed-4703-b229-4c36d10a7c01:192.168.69.96:45564, 7952b4da-c295-453a-923b-6406a50e8e36:192.168.69.96:37562], old=null
2019-07-13 09:08:01,995 INFO  impl.RaftServerImpl (RaftServerImpl.java:setRole(171)) - 7952b4da-c295-453a-923b-6406a50e8e36:group-3173C632CE4A changes role from CANDIDATE to FOLLOWER at term 1 for DISCOVERED_A_NEW_TERM
2019-07-13 09:08:01,999 INFO  impl.RoleInfo (RoleInfo.java:shutdownLeaderElection(134)) - 7952b4da-c295-453a-923b-6406a50e8e36: shutdown LeaderElection
2019-07-13 09:08:01,995 INFO  impl.RaftServerImpl (RaftServerImpl.java:setRole(171)) - 64012248-86ed-4703-b229-4c36d10a7c01:group-3173C632CE4A changes role from CANDIDATE to FOLLOWER at term 1 for DISCOVERED_A_NEW_TERM
2019-07-13 09:08:02,001 INFO  impl.RoleInfo (RoleInfo.java:updateAndGet(143)) - 7952b4da-c295-453a-923b-6406a50e8e36: start FollowerState
2019-07-13 09:08:01,999 INFO  impl.LeaderElection (LeaderElection.java:askForVotes(181)) - 8edcd2ad-5eae-4055-a5d5-7c2840f9d683:group-94584C2FECE3:LeaderElection11: begin an election at term 1 for -1: [8edcd2ad-5eae-4055-a5d5-7c2840f9d683:192.168.69.96:42606, c6904f5f-bfcb-458f-a61a-755892db6ce7:192.168.69.96:43724, d872ec85-094f-4f67-bb7b-979955782da1:192.168.69.96:41649], old=null
2019-07-13 09:08:02,001 INFO  impl.RoleInfo (RoleInfo.java:shutdownLeaderElection(134)) - 64012248-86ed-4703-b229-4c36d10a7c01: shutdown LeaderElection
2019-07-13 09:08:02,003 INFO  impl.LeaderElection (LeaderElection.java:logAndReturn(56)) - 39e80c9a-c9e7-465a-ac1a-e4eea8dfe517:group-3173C632CE4A:LeaderElection10: Election REJECTED; received 2 response(s) [39e80c9a-c9e7-465a-ac1a-e4eea8dfe517<-64012248-86ed-4703-b229-4c36d10a7c01#0:FAIL-t1, 39e80c9a-c9e7-465a-ac1a-e4eea8dfe517<-7952b4da-c295-453a-923b-6406a50e8e36#0:FAIL-t1] and 0 exception(s); 39e80c9a-c9e7-465a-ac1a-e4eea8dfe517:t1, leader=null, voted=39e80c9a-c9e7-465a-ac1a-e4eea8dfe517, raftlog=39e80c9a-c9e7-465a-ac1a-e4eea8dfe517-SegmentedRaftLog:OPENED:c-1,f-1,i0, conf=-1: [39e80c9a-c9e7-465a-ac1a-e4eea8dfe517:192.168.69.96:45167, 64012248-86ed-4703-b229-4c36d10a7c01:192.168.69.96:45564, 7952b4da-c295-453a-923b-6406a50e8e36:192.168.69.96:37562], old=null
2019-07-13 09:08:02,003 INFO  impl.RoleInfo (RoleInfo.java:updateAndGet(143)) - 64012248-86ed-4703-b229-4c36d10a7c01: start FollowerState
2019-07-13 09:08:02,003 INFO  impl.RaftServerImpl (RaftServerImpl.java:setRole(171)) - 39e80c9a-c9e7-465a-ac1a-e4eea8dfe517:group-3173C632CE4A changes role from CANDIDATE to FOLLOWER at term 1 for DISCOVERED_A_NEW_TERM
2019-07-13 09:08:02,005 INFO  impl.RoleInfo (RoleInfo.java:shutdownLeaderElection(134)) - 39e80c9a-c9e7-465a-ac1a-e4eea8dfe517: shutdown LeaderElection
2019-07-13 09:08:02,007 INFO  impl.RoleInfo (RoleInfo.java:updateAndGet(143)) - 39e80c9a-c9e7-465a-ac1a-e4eea8dfe517: start FollowerState
2019-07-13 09:08:02,022 INFO  impl.RaftServerImpl (RaftServerImpl.java:setRole(171)) - d872ec85-094f-4f67-bb7b-979955782da1:group-94584C2FECE3 changes role from FOLLOWER to FOLLOWER at term 1 for recognizeCandidate:8edcd2ad-5eae-4055-a5d5-7c2840f9d683
2019-07-13 09:08:02,024 INFO  impl.RaftServerImpl (RaftServerImpl.java:setRole(171)) - c6904f5f-bfcb-458f-a61a-755892db6ce7:group-94584C2FECE3 changes role from FOLLOWER to FOLLOWER at term 1 for recognizeCandidate:8edcd2ad-5eae-4055-a5d5-7c2840f9d683
2019-07-13 09:08:02,024 INFO  impl.RoleInfo (RoleInfo.java:shutdownFollowerState(121)) - d872ec85-094f-4f67-bb7b-979955782da1: shutdown FollowerState
2019-07-13 09:08:02,025 INFO  impl.RoleInfo (RoleInfo.java:shutdownFollowerState(121)) - c6904f5f-bfcb-458f-a61a-755892db6ce7: shutdown FollowerState
2019-07-13 09:08:02,025 INFO  impl.RoleInfo (RoleInfo.java:updateAndGet(143)) - d872ec85-094f-4f67-bb7b-979955782da1: start FollowerState
2019-07-13 09:08:02,025 INFO  impl.RoleInfo (RoleInfo.java:updateAndGet(143)) - c6904f5f-bfcb-458f-a61a-755892db6ce7: start FollowerState
2019-07-13 09:08:02,025 INFO  impl.FollowerState (FollowerState.java:run(114)) - d872ec85-094f-4f67-bb7b-979955782da1: FollowerState was interrupted: java.lang.InterruptedException: sleep interrupted
2019-07-13 09:08:02,025 INFO  impl.FollowerState (FollowerState.java:run(114)) - c6904f5f-bfcb-458f-a61a-755892db6ce7: FollowerState was interrupted: java.lang.InterruptedException: sleep interrupted
2019-07-13 09:08:02,052 INFO  impl.LeaderElection (LeaderElection.java:logAndReturn(56)) - 8edcd2ad-5eae-4055-a5d5-7c2840f9d683:group-94584C2FECE3:LeaderElection11: Election PASSED; received 1 response(s) [8edcd2ad-5eae-4055-a5d5-7c2840f9d683<-c6904f5f-bfcb-458f-a61a-755892db6ce7#0:OK-t1] and 0 exception(s); 8edcd2ad-5eae-4055-a5d5-7c2840f9d683:t1, leader=null, voted=8edcd2ad-5eae-4055-a5d5-7c2840f9d683, raftlog=8edcd2ad-5eae-4055-a5d5-7c2840f9d683-SegmentedRaftLog:OPENED:c-1,f-1,i0, conf=-1: [8edcd2ad-5eae-4055-a5d5-7c2840f9d683:192.168.69.96:42606, c6904f5f-bfcb-458f-a61a-755892db6ce7:192.168.69.96:43724, d872ec85-094f-4f67-bb7b-979955782da1:192.168.69.96:41649], old=null
2019-07-13 09:08:02,053 INFO  impl.RoleInfo (RoleInfo.java:shutdownLeaderElection(134)) - 8edcd2ad-5eae-4055-a5d5-7c2840f9d683: shutdown LeaderElection
2019-07-13 09:08:02,055 INFO  impl.RaftServerImpl (RaftServerImpl.java:setRole(171)) - 8edcd2ad-5eae-4055-a5d5-7c2840f9d683:group-94584C2FECE3 changes role from CANDIDATE to LEADER at term 1 for changeToLeader
2019-07-13 09:08:02,055 INFO  impl.RaftServerImpl (ServerState.java:setLeader(263)) - 8edcd2ad-5eae-4055-a5d5-7c2840f9d683:group-94584C2FECE3 change Leader from null to 8edcd2ad-5eae-4055-a5d5-7c2840f9d683 at term 1 for becomeLeader, leader elected after 5158ms
2019-07-13 09:08:02,055 INFO  server.RaftServerConfigKeys (ConfUtils.java:logGet(43)) - raft.server.staging.catchup.gap = 1000 (default)
2019-07-13 09:08:02,056 INFO  server.RaftServerConfigKeys (ConfUtils.java:logGet(43)) - raft.server.rpc.sleep.time = 25ms (default)
2019-07-13 09:08:02,056 INFO  server.RaftServerConfigKeys (ConfUtils.java:logGet(43)) - raft.server.write.element-limit = 4096 (default)
2019-07-13 09:08:02,056 INFO  server.RaftServerConfigKeys (ConfUtils.java:logGet(43)) - raft.server.watch.timeout = 10s (default)
2019-07-13 09:08:02,056 INFO  server.RaftServerConfigKeys (ConfUtils.java:logGet(43)) - raft.server.watch.timeout.denomination = 1s (default)
2019-07-13 09:08:02,056 INFO  server.RaftServerConfigKeys (ConfUtils.java:logGet(43)) - raft.server.watch.element-limit = 65536 (default)
2019-07-13 09:08:02,059 INFO  server.RaftServerConfigKeys (ConfUtils.java:logGet(43)) - raft.server.log.appender.snapshot.chunk.size.max = 16MB (=16777216) (default)
2019-07-13 09:08:02,060 INFO  server.RaftServerConfigKeys (ConfUtils.java:logGet(43)) - raft.server.log.appender.buffer.byte-limit = 33554432 (custom)
2019-07-13 09:08:02,062 INFO  server.RaftServerConfigKeys (ConfUtils.java:logGet(43)) - raft.server.log.appender.buffer.element-limit = 1 (custom)
2019-07-13 09:08:02,065 INFO  client.GrpcClientProtocolClient (GrpcClientProtocolClient.java:onNext(255)) - client-0A49F413FC8F->d872ec85-094f-4f67-bb7b-979955782da1: receive RaftClientReply:client-0A49F413FC8F->d872ec85-094f-4f67-bb7b-979955782da1@group-94584C2FECE3, cid=13, FAILED org.apache.ratis.protocol.NotLeaderException: Server d872ec85-094f-4f67-bb7b-979955782da1 is not the leader (null). Request must be sent to leader., logIndex=0, commits[d872ec85-094f-4f67-bb7b-979955782da1:c-1]
2019-07-13 09:08:02,078 INFO  grpc.GrpcConfigKeys$Server (ConfUtils.java:logGet(43)) - raft.grpc.server.leader.outstanding.appends.max = 128 (default)
2019-07-13 09:08:02,080 INFO  server.RaftServerConfigKeys (ConfUtils.java:logGet(43)) - raft.server.rpc.request.timeout = 3000ms (default)
2019-07-13 09:08:02,080 INFO  server.RaftServerConfigKeys (ConfUtils.java:logGet(43)) - raft.server.log.appender.install.snapshot.enabled = false (custom)
2019-07-13 09:08:02,080 INFO  server.RaftServerConfigKeys (ConfUtils.java:logGet(43)) - raft.server.log.appender.snapshot.chunk.size.max = 16MB (=16777216) (default)
2019-07-13 09:08:02,080 INFO  server.RaftServerConfigKeys (ConfUtils.java:logGet(43)) - raft.server.log.appender.buffer.byte-limit = 33554432 (custom)
2019-07-13 09:08:02,081 INFO  server.RaftServerConfigKeys (ConfUtils.java:logGet(43)) - raft.server.log.appender.buffer.element-limit = 1 (custom)
2019-07-13 09:08:02,081 INFO  grpc.GrpcConfigKeys$Server (ConfUtils.java:logGet(43)) - raft.grpc.server.leader.outstanding.appends.max = 128 (default)
2019-07-13 09:08:02,081 INFO  server.RaftServerConfigKeys (ConfUtils.java:logGet(43)) - raft.server.rpc.request.timeout = 3000ms (default)
2019-07-13 09:08:02,081 INFO  server.RaftServerConfigKeys (ConfUtils.java:logGet(43)) - raft.server.log.appender.install.snapshot.enabled = false (custom)
2019-07-13 09:08:02,083 INFO  impl.RoleInfo (RoleInfo.java:updateAndGet(143)) - 8edcd2ad-5eae-4055-a5d5-7c2840f9d683: start LeaderState
2019-07-13 09:08:02,084 INFO  segmented.SegmentedRaftLogWorker (SegmentedRaftLogWorker.java:startLogSegment(380)) - 8edcd2ad-5eae-4055-a5d5-7c2840f9d683-SegmentedRaftLogWorker:Storage Directory /tmp/workdir/hadoop-ozone/integration-test/target/test-dir/MiniOzoneClusterImpl-2aef17b0-a2ec-4c0b-b11c-ca76bc81bdbb/datanode-2/data/ratis/ed42a99f-166f-403c-928d-94584c2fece3: Starting segment from index:0
2019-07-13 09:08:02,085 INFO  impl.RaftServerImpl (ServerState.java:setRaftConf(361)) - 8edcd2ad-5eae-4055-a5d5-7c2840f9d683:group-94584C2FECE3 set configuration 0: [8edcd2ad-5eae-4055-a5d5-7c2840f9d683:192.168.69.96:42606, c6904f5f-bfcb-458f-a61a-755892db6ce7:192.168.69.96:43724, d872ec85-094f-4f67-bb7b-979955782da1:192.168.69.96:41649], old=null at 0
2019-07-13 09:08:02,118 INFO  segmented.SegmentedRaftLogWorker (SegmentedRaftLogWorker.java:execute(569)) - 8edcd2ad-5eae-4055-a5d5-7c2840f9d683-SegmentedRaftLogWorker:Storage Directory /tmp/workdir/hadoop-ozone/integration-test/target/test-dir/MiniOzoneClusterImpl-2aef17b0-a2ec-4c0b-b11c-ca76bc81bdbb/datanode-2/data/ratis/ed42a99f-166f-403c-928d-94584c2fece3: created new log segment /tmp/workdir/hadoop-ozone/integration-test/target/test-dir/MiniOzoneClusterImpl-2aef17b0-a2ec-4c0b-b11c-ca76bc81bdbb/datanode-2/data/ratis/ed42a99f-166f-403c-928d-94584c2fece3/current/log_inprogress_0
2019-07-13 09:08:02,129 INFO  impl.RaftServerImpl (ServerState.java:setLeader(263)) - c6904f5f-bfcb-458f-a61a-755892db6ce7:group-94584C2FECE3 change Leader from null to 8edcd2ad-5eae-4055-a5d5-7c2840f9d683 at term 1 for appendEntries, leader elected after 5230ms
2019-07-13 09:08:02,129 INFO  impl.RaftServerImpl (ServerState.java:setLeader(263)) - d872ec85-094f-4f67-bb7b-979955782da1:group-94584C2FECE3 change Leader from null to 8edcd2ad-5eae-4055-a5d5-7c2840f9d683 at term 1 for appendEntries, leader elected after 5231ms
2019-07-13 09:08:02,170 INFO  impl.RaftServerImpl (ServerState.java:setRaftConf(361)) - d872ec85-094f-4f67-bb7b-979955782da1:group-94584C2FECE3 set configuration 0: [8edcd2ad-5eae-4055-a5d5-7c2840f9d683:192.168.69.96:42606, c6904f5f-bfcb-458f-a61a-755892db6ce7:192.168.69.96:43724, d872ec85-094f-4f67-bb7b-979955782da1:192.168.69.96:41649], old=null at 0
2019-07-13 09:08:02,170 INFO  impl.RaftServerImpl (ServerState.java:setRaftConf(361)) - c6904f5f-bfcb-458f-a61a-755892db6ce7:group-94584C2FECE3 set configuration 0: [8edcd2ad-5eae-4055-a5d5-7c2840f9d683:192.168.69.96:42606, c6904f5f-bfcb-458f-a61a-755892db6ce7:192.168.69.96:43724, d872ec85-094f-4f67-bb7b-979955782da1:192.168.69.96:41649], old=null at 0
2019-07-13 09:08:02,171 INFO  segmented.SegmentedRaftLogWorker (SegmentedRaftLogWorker.java:startLogSegment(380)) - d872ec85-094f-4f67-bb7b-979955782da1-SegmentedRaftLogWorker:Storage Directory /tmp/workdir/hadoop-ozone/integration-test/target/test-dir/MiniOzoneClusterImpl-2aef17b0-a2ec-4c0b-b11c-ca76bc81bdbb/datanode-1/data/ratis/ed42a99f-166f-403c-928d-94584c2fece3: Starting segment from index:0
2019-07-13 09:08:02,171 INFO  segmented.SegmentedRaftLogWorker (SegmentedRaftLogWorker.java:startLogSegment(380)) - c6904f5f-bfcb-458f-a61a-755892db6ce7-SegmentedRaftLogWorker:Storage Directory /tmp/workdir/hadoop-ozone/integration-test/target/test-dir/MiniOzoneClusterImpl-2aef17b0-a2ec-4c0b-b11c-ca76bc81bdbb/datanode-0/data/ratis/ed42a99f-166f-403c-928d-94584c2fece3: Starting segment from index:0
2019-07-13 09:08:02,203 INFO  segmented.SegmentedRaftLogWorker (SegmentedRaftLogWorker.java:execute(569)) - d872ec85-094f-4f67-bb7b-979955782da1-SegmentedRaftLogWorker:Storage Directory /tmp/workdir/hadoop-ozone/integration-test/target/test-dir/MiniOzoneClusterImpl-2aef17b0-a2ec-4c0b-b11c-ca76bc81bdbb/datanode-1/data/ratis/ed42a99f-166f-403c-928d-94584c2fece3: created new log segment /tmp/workdir/hadoop-ozone/integration-test/target/test-dir/MiniOzoneClusterImpl-2aef17b0-a2ec-4c0b-b11c-ca76bc81bdbb/datanode-1/data/ratis/ed42a99f-166f-403c-928d-94584c2fece3/current/log_inprogress_0
2019-07-13 09:08:02,203 INFO  segmented.SegmentedRaftLogWorker (SegmentedRaftLogWorker.java:execute(569)) - c6904f5f-bfcb-458f-a61a-755892db6ce7-SegmentedRaftLogWorker:Storage Directory /tmp/workdir/hadoop-ozone/integration-test/target/test-dir/MiniOzoneClusterImpl-2aef17b0-a2ec-4c0b-b11c-ca76bc81bdbb/datanode-0/data/ratis/ed42a99f-166f-403c-928d-94584c2fece3: created new log segment /tmp/workdir/hadoop-ozone/integration-test/target/test-dir/MiniOzoneClusterImpl-2aef17b0-a2ec-4c0b-b11c-ca76bc81bdbb/datanode-0/data/ratis/ed42a99f-166f-403c-928d-94584c2fece3/current/log_inprogress_0
2019-07-13 09:08:03,091 INFO  client.GrpcClientProtocolClient (GrpcClientProtocolClient.java:onNext(255)) - client-0A49F413FC8F->c6904f5f-bfcb-458f-a61a-755892db6ce7: receive RaftClientReply:client-0A49F413FC8F->c6904f5f-bfcb-458f-a61a-755892db6ce7@group-94584C2FECE3, cid=13, FAILED org.apache.ratis.protocol.NotLeaderException: Server c6904f5f-bfcb-458f-a61a-755892db6ce7 is not the leader (8edcd2ad-5eae-4055-a5d5-7c2840f9d683:192.168.69.96:42606). Request must be sent to leader., logIndex=0, commits[c6904f5f-bfcb-458f-a61a-755892db6ce7:c0, 8edcd2ad-5eae-4055-a5d5-7c2840f9d683:c0, d872ec85-094f-4f67-bb7b-979955782da1:c-1]
2019-07-13 09:08:03,368 INFO  client.GrpcClientProtocolClient (GrpcClientProtocolClient.java:onNext(255)) - client-0A49F413FC8F->8edcd2ad-5eae-4055-a5d5-7c2840f9d683: receive RaftClientReply:client-0A49F413FC8F->8edcd2ad-5eae-4055-a5d5-7c2840f9d683@group-94584C2FECE3, cid=13, SUCCESS, logIndex=1, commits[8edcd2ad-5eae-4055-a5d5-7c2840f9d683:c1, c6904f5f-bfcb-458f-a61a-755892db6ce7:c0, d872ec85-094f-4f67-bb7b-979955782da1:c0]
2019-07-13 09:08:03,417 INFO  client.GrpcClientProtocolClient (GrpcClientProtocolClient.java:onNext(255)) - client-0A49F413FC8F->8edcd2ad-5eae-4055-a5d5-7c2840f9d683: receive RaftClientReply:client-0A49F413FC8F->8edcd2ad-5eae-4055-a5d5-7c2840f9d683@group-94584C2FECE3, cid=14, SUCCESS, logIndex=3, commits[8edcd2ad-5eae-4055-a5d5-7c2840f9d683:c3, c6904f5f-bfcb-458f-a61a-755892db6ce7:c2, d872ec85-094f-4f67-bb7b-979955782da1:c2]
2019-07-13 09:08:03,551 INFO  client.GrpcClientProtocolClient (GrpcClientProtocolClient.java:onNext(255)) - client-0A49F413FC8F->8edcd2ad-5eae-4055-a5d5-7c2840f9d683: receive RaftClientReply:client-0A49F413FC8F->8edcd2ad-5eae-4055-a5d5-7c2840f9d683@group-94584C2FECE3, cid=15, SUCCESS, logIndex=4, commits[8edcd2ad-5eae-4055-a5d5-7c2840f9d683:c12, c6904f5f-bfcb-458f-a61a-755892db6ce7:c7, d872ec85-094f-4f67-bb7b-979955782da1:c7]
2019-07-13 09:08:03,555 INFO  client.GrpcClientProtocolClient (GrpcClientProtocolClient.java:onNext(255)) - client-0A49F413FC8F->8edcd2ad-5eae-4055-a5d5-7c2840f9d683: receive RaftClientReply:client-0A49F413FC8F->8edcd2ad-5eae-4055-a5d5-7c2840f9d683@group-94584C2FECE3, cid=16, SUCCESS, logIndex=5, commits[8edcd2ad-5eae-4055-a5d5-7c2840f9d683:c12, c6904f5f-bfcb-458f-a61a-755892db6ce7:c7, d872ec85-094f-4f67-bb7b-979955782da1:c7]
2019-07-13 09:08:03,556 INFO  client.GrpcClientProtocolClient (GrpcClientProtocolClient.java:onNext(255)) - client-0A49F413FC8F->8edcd2ad-5eae-4055-a5d5-7c2840f9d683: receive RaftClientReply:client-0A49F413FC8F->8edcd2ad-5eae-4055-a5d5-7c2840f9d683@group-94584C2FECE3, cid=17, SUCCESS, logIndex=6, commits[8edcd2ad-5eae-4055-a5d5-7c2840f9d683:c12, c6904f5f-bfcb-458f-a61a-755892db6ce7:c7, d872ec85-094f-4f67-bb7b-979955782da1:c7]
2019-07-13 09:08:03,597 INFO  client.GrpcClientProtocolClient (GrpcClientProtocolClient.java:onNext(255)) - client-0A49F413FC8F->8edcd2ad-5eae-4055-a5d5-7c2840f9d683: receive RaftClientReply:client-0A49F413FC8F->8edcd2ad-5eae-4055-a5d5-7c2840f9d683@group-94584C2FECE3, cid=18, SUCCESS, logIndex=7, commits[8edcd2ad-5eae-4055-a5d5-7c2840f9d683:c12, c6904f5f-bfcb-458f-a61a-755892db6ce7:c7, d872ec85-094f-4f67-bb7b-979955782da1:c7]
2019-07-13 09:08:03,639 INFO  client.GrpcClientProtocolClient (GrpcClientProtocolClient.java:onNext(255)) - client-0A49F413FC8F->8edcd2ad-5eae-4055-a5d5-7c2840f9d683: receive RaftClientReply:client-0A49F413FC8F->8edcd2ad-5eae-4055-a5d5-7c2840f9d683@group-94584C2FECE3, cid=19, SUCCESS, logIndex=13, commits[8edcd2ad-5eae-4055-a5d5-7c2840f9d683:c14, c6904f5f-bfcb-458f-a61a-755892db6ce7:c12, d872ec85-094f-4f67-bb7b-979955782da1:c12]
2019-07-13 09:08:03,641 INFO  client.GrpcClientProtocolClient (GrpcClientProtocolClient.java:onNext(255)) - client-0A49F413FC8F->8edcd2ad-5eae-4055-a5d5-7c2840f9d683: receive RaftClientReply:client-0A49F413FC8F->8edcd2ad-5eae-4055-a5d5-7c2840f9d683@group-94584C2FECE3, cid=20, SUCCESS, logIndex=14, commits[8edcd2ad-5eae-4055-a5d5-7c2840f9d683:c14, c6904f5f-bfcb-458f-a61a-755892db6ce7:c12, d872ec85-094f-4f67-bb7b-979955782da1:c12]
2019-07-13 09:08:03,662 INFO  client.GrpcClientProtocolClient (GrpcClientProtocolClient.java:onNext(255)) - client-0A49F413FC8F->8edcd2ad-5eae-4055-a5d5-7c2840f9d683: receive RaftClientReply:client-0A49F413FC8F->8edcd2ad-5eae-4055-a5d5-7c2840f9d683@group-94584C2FECE3, cid=21, SUCCESS, logIndex=0, commits[8edcd2ad-5eae-4055-a5d5-7c2840f9d683:c16, c6904f5f-bfcb-458f-a61a-755892db6ce7:c14, d872ec85-094f-4f67-bb7b-979955782da1:c14]
2019-07-13 09:08:03,664 INFO  datanode.ObjectStoreHandler (ObjectStoreHandler.java:close(155)) - Closing ObjectStoreHandler.
2019-07-13 09:08:03,665 INFO  ozone.HddsDatanodeService (HddsDatanodeService.java:stop(452)) - Stopped plug-in org.apache.hadoop.ozone.web.OzoneHddsDatanodeService@5729b410
2019-07-13 09:08:04,334 INFO  statemachine.DatanodeStateMachine (DatanodeStateMachine.java:lambda$startDaemon$0(350)) - Ozone container server started.
2019-07-13 09:08:07,043 INFO  impl.FollowerState (FollowerState.java:run(106)) - 7952b4da-c295-453a-923b-6406a50e8e36:group-3173C632CE4A changes to CANDIDATE, lastRpcTime:5042, electionTimeout:5040ms
2019-07-13 09:08:07,043 INFO  impl.RoleInfo (RoleInfo.java:shutdownFollowerState(121)) - 7952b4da-c295-453a-923b-6406a50e8e36: shutdown FollowerState
2019-07-13 09:08:07,043 INFO  impl.RaftServerImpl (RaftServerImpl.java:setRole(171)) - 7952b4da-c295-453a-923b-6406a50e8e36:group-3173C632CE4A changes role from FOLLOWER to CANDIDATE at term 1 for changeToCandidate
2019-07-13 09:08:07,044 INFO  impl.RoleInfo (RoleInfo.java:updateAndGet(143)) - 7952b4da-c295-453a-923b-6406a50e8e36: start LeaderElection
2019-07-13 09:08:07,064 INFO  impl.LeaderElection (LeaderElection.java:askForVotes(181)) - 7952b4da-c295-453a-923b-6406a50e8e36:group-3173C632CE4A:LeaderElection12: begin an election at term 2 for -1: [39e80c9a-c9e7-465a-ac1a-e4eea8dfe517:192.168.69.96:45167, 64012248-86ed-4703-b229-4c36d10a7c01:192.168.69.96:45564, 7952b4da-c295-453a-923b-6406a50e8e36:192.168.69.96:37562], old=null
2019-07-13 09:08:07,074 INFO  impl.RaftServerImpl (RaftServerImpl.java:setRole(171)) - 39e80c9a-c9e7-465a-ac1a-e4eea8dfe517:group-3173C632CE4A changes role from FOLLOWER to FOLLOWER at term 2 for recognizeCandidate:7952b4da-c295-453a-923b-6406a50e8e36
2019-07-13 09:08:07,074 INFO  impl.RaftServerImpl (RaftServerImpl.java:setRole(171)) - 64012248-86ed-4703-b229-4c36d10a7c01:group-3173C632CE4A changes role from FOLLOWER to FOLLOWER at term 2 for recognizeCandidate:7952b4da-c295-453a-923b-6406a50e8e36
2019-07-13 09:08:07,075 INFO  impl.RoleInfo (RoleInfo.java:shutdownFollowerState(121)) - 39e80c9a-c9e7-465a-ac1a-e4eea8dfe517: shutdown FollowerState
2019-07-13 09:08:07,075 INFO  impl.RoleInfo (RoleInfo.java:shutdownFollowerState(121)) - 64012248-86ed-4703-b229-4c36d10a7c01: shutdown FollowerState
2019-07-13 09:08:07,075 INFO  impl.FollowerState (FollowerState.java:run(114)) - 39e80c9a-c9e7-465a-ac1a-e4eea8dfe517: FollowerState was interrupted: java.lang.InterruptedException: sleep interrupted
2019-07-13 09:08:07,075 INFO  impl.RoleInfo (RoleInfo.java:updateAndGet(143)) - 39e80c9a-c9e7-465a-ac1a-e4eea8dfe517: start FollowerState
2019-07-13 09:08:07,078 INFO  impl.FollowerState (FollowerState.java:run(114)) - 64012248-86ed-4703-b229-4c36d10a7c01: FollowerState was interrupted: java.lang.InterruptedException: sleep interrupted
2019-07-13 09:08:07,076 INFO  impl.RoleInfo (RoleInfo.java:updateAndGet(143)) - 64012248-86ed-4703-b229-4c36d10a7c01: start FollowerState
2019-07-13 09:08:07,098 INFO  impl.LeaderElection (LeaderElection.java:logAndReturn(56)) - 7952b4da-c295-453a-923b-6406a50e8e36:group-3173C632CE4A:LeaderElection12: Election PASSED; received 1 response(s) [7952b4da-c295-453a-923b-6406a50e8e36<-64012248-86ed-4703-b229-4c36d10a7c01#0:OK-t2] and 0 exception(s); 7952b4da-c295-453a-923b-6406a50e8e36:t2, leader=null, voted=7952b4da-c295-453a-923b-6406a50e8e36, raftlog=7952b4da-c295-453a-923b-6406a50e8e36-SegmentedRaftLog:OPENED:c-1,f-1,i0, conf=-1: [39e80c9a-c9e7-465a-ac1a-e4eea8dfe517:192.168.69.96:45167, 64012248-86ed-4703-b229-4c36d10a7c01:192.168.69.96:45564, 7952b4da-c295-453a-923b-6406a50e8e36:192.168.69.96:37562], old=null
2019-07-13 09:08:07,098 INFO  impl.RoleInfo (RoleInfo.java:shutdownLeaderElection(134)) - 7952b4da-c295-453a-923b-6406a50e8e36: shutdown LeaderElection
2019-07-13 09:08:07,118 INFO  impl.RaftServerImpl (RaftServerImpl.java:setRole(171)) - 7952b4da-c295-453a-923b-6406a50e8e36:group-3173C632CE4A changes role from CANDIDATE to LEADER at term 2 for changeToLeader
2019-07-13 09:08:07,118 INFO  impl.RaftServerImpl (ServerState.java:setLeader(263)) - 7952b4da-c295-453a-923b-6406a50e8e36:group-3173C632CE4A change Leader from null to 7952b4da-c295-453a-923b-6406a50e8e36 at term 2 for becomeLeader, leader elected after 10344ms
2019-07-13 09:08:07,118 INFO  server.RaftServerConfigKeys (ConfUtils.java:logGet(43)) - raft.server.staging.catchup.gap = 1000 (default)
2019-07-13 09:08:07,118 INFO  server.RaftServerConfigKeys (ConfUtils.java:logGet(43)) - raft.server.rpc.sleep.time = 25ms (default)
2019-07-13 09:08:07,119 INFO  server.RaftServerConfigKeys (ConfUtils.java:logGet(43)) - raft.server.write.element-limit = 4096 (default)
2019-07-13 09:08:07,119 INFO  server.RaftServerConfigKeys (ConfUtils.java:logGet(43)) - raft.server.watch.timeout = 10s (default)
2019-07-13 09:08:07,119 INFO  server.RaftServerConfigKeys (ConfUtils.java:logGet(43)) - raft.server.watch.timeout.denomination = 1s (default)
2019-07-13 09:08:07,119 INFO  server.RaftServerConfigKeys (ConfUtils.java:logGet(43)) - raft.server.watch.element-limit = 65536 (default)
2019-07-13 09:08:07,120 INFO  server.RaftServerConfigKeys (ConfUtils.java:logGet(43)) - raft.server.log.appender.snapshot.chunk.size.max = 16MB (=16777216) (default)
2019-07-13 09:08:07,120 INFO  server.RaftServerConfigKeys (ConfUtils.java:logGet(43)) - raft.server.log.appender.buffer.byte-limit = 33554432 (custom)
2019-07-13 09:08:07,121 INFO  server.RaftServerConfigKeys (ConfUtils.java:logGet(43)) - raft.server.log.appender.buffer.element-limit = 1 (custom)
2019-07-13 09:08:07,121 INFO  grpc.GrpcConfigKeys$Server (ConfUtils.java:logGet(43)) - raft.grpc.server.leader.outstanding.appends.max = 128 (default)
2019-07-13 09:08:07,121 INFO  server.RaftServerConfigKeys (ConfUtils.java:logGet(43)) - raft.server.rpc.request.timeout = 3000ms (default)
2019-07-13 09:08:07,122 INFO  server.RaftServerConfigKeys (ConfUtils.java:logGet(43)) - raft.server.log.appender.install.snapshot.enabled = false (custom)
2019-07-13 09:08:07,122 INFO  server.RaftServerConfigKeys (ConfUtils.java:logGet(43)) - raft.server.log.appender.snapshot.chunk.size.max = 16MB (=16777216) (default)
2019-07-13 09:08:07,122 INFO  server.RaftServerConfigKeys (ConfUtils.java:logGet(43)) - raft.server.log.appender.buffer.byte-limit = 33554432 (custom)
2019-07-13 09:08:07,122 INFO  server.RaftServerConfigKeys (ConfUtils.java:logGet(43)) - raft.server.log.appender.buffer.element-limit = 1 (custom)
2019-07-13 09:08:07,123 INFO  grpc.GrpcConfigKeys$Server (ConfUtils.java:logGet(43)) - raft.grpc.server.leader.outstanding.appends.max = 128 (default)
2019-07-13 09:08:07,123 INFO  server.RaftServerConfigKeys (ConfUtils.java:logGet(43)) - raft.server.rpc.request.timeout = 3000ms (default)
2019-07-13 09:08:07,123 INFO  server.RaftServerConfigKeys (ConfUtils.java:logGet(43)) - raft.server.log.appender.install.snapshot.enabled = false (custom)
2019-07-13 09:08:07,124 INFO  impl.RoleInfo (RoleInfo.java:updateAndGet(143)) - 7952b4da-c295-453a-923b-6406a50e8e36: start LeaderState
2019-07-13 09:08:07,124 INFO  segmented.SegmentedRaftLogWorker (SegmentedRaftLogWorker.java:startLogSegment(380)) - 7952b4da-c295-453a-923b-6406a50e8e36-SegmentedRaftLogWorker:Storage Directory /tmp/workdir/hadoop-ozone/integration-test/target/test-dir/MiniOzoneClusterImpl-2aef17b0-a2ec-4c0b-b11c-ca76bc81bdbb/datanode-6/data/ratis/faae35ee-a3b9-42d7-9a02-3173c632ce4a: Starting segment from index:0
2019-07-13 09:08:07,126 INFO  impl.RaftServerImpl (ServerState.java:setRaftConf(361)) - 7952b4da-c295-453a-923b-6406a50e8e36:group-3173C632CE4A set configuration 0: [39e80c9a-c9e7-465a-ac1a-e4eea8dfe517:192.168.69.96:45167, 64012248-86ed-4703-b229-4c36d10a7c01:192.168.69.96:45564, 7952b4da-c295-453a-923b-6406a50e8e36:192.168.69.96:37562], old=null at 0
2019-07-13 09:08:07,153 INFO  impl.RaftServerImpl (ServerState.java:setLeader(263)) - 39e80c9a-c9e7-465a-ac1a-e4eea8dfe517:group-3173C632CE4A change Leader from null to 7952b4da-c295-453a-923b-6406a50e8e36 at term 2 for appendEntries, leader elected after 10379ms
2019-07-13 09:08:07,155 INFO  impl.RaftServerImpl (ServerState.java:setLeader(263)) - 64012248-86ed-4703-b229-4c36d10a7c01:group-3173C632CE4A change Leader from null to 7952b4da-c295-453a-923b-6406a50e8e36 at term 2 for appendEntries, leader elected after 10382ms
2019-07-13 09:08:07,160 INFO  segmented.SegmentedRaftLogWorker (SegmentedRaftLogWorker.java:execute(569)) - 7952b4da-c295-453a-923b-6406a50e8e36-SegmentedRaftLogWorker:Storage Directory /tmp/workdir/hadoop-ozone/integration-test/target/test-dir/MiniOzoneClusterImpl-2aef17b0-a2ec-4c0b-b11c-ca76bc81bdbb/datanode-6/data/ratis/faae35ee-a3b9-42d7-9a02-3173c632ce4a: created new log segment /tmp/workdir/hadoop-ozone/integration-test/target/test-dir/MiniOzoneClusterImpl-2aef17b0-a2ec-4c0b-b11c-ca76bc81bdbb/datanode-6/data/ratis/faae35ee-a3b9-42d7-9a02-3173c632ce4a/current/log_inprogress_0
2019-07-13 09:08:07,163 INFO  impl.RaftServerImpl (ServerState.java:setRaftConf(361)) - 39e80c9a-c9e7-465a-ac1a-e4eea8dfe517:group-3173C632CE4A set configuration 0: [39e80c9a-c9e7-465a-ac1a-e4eea8dfe517:192.168.69.96:45167, 64012248-86ed-4703-b229-4c36d10a7c01:192.168.69.96:45564, 7952b4da-c295-453a-923b-6406a50e8e36:192.168.69.96:37562], old=null at 0
2019-07-13 09:08:07,164 INFO  impl.RaftServerImpl (ServerState.java:setRaftConf(361)) - 64012248-86ed-4703-b229-4c36d10a7c01:group-3173C632CE4A set configuration 0: [39e80c9a-c9e7-465a-ac1a-e4eea8dfe517:192.168.69.96:45167, 64012248-86ed-4703-b229-4c36d10a7c01:192.168.69.96:45564, 7952b4da-c295-453a-923b-6406a50e8e36:192.168.69.96:37562], old=null at 0
2019-07-13 09:08:07,169 INFO  segmented.SegmentedRaftLogWorker (SegmentedRaftLogWorker.java:startLogSegment(380)) - 39e80c9a-c9e7-465a-ac1a-e4eea8dfe517-SegmentedRaftLogWorker:Storage Directory /tmp/workdir/hadoop-ozone/integration-test/target/test-dir/MiniOzoneClusterImpl-2aef17b0-a2ec-4c0b-b11c-ca76bc81bdbb/datanode-3/data/ratis/faae35ee-a3b9-42d7-9a02-3173c632ce4a: Starting segment from index:0
2019-07-13 09:08:07,169 INFO  segmented.SegmentedRaftLogWorker (SegmentedRaftLogWorker.java:startLogSegment(380)) - 64012248-86ed-4703-b229-4c36d10a7c01-SegmentedRaftLogWorker:Storage Directory /tmp/workdir/hadoop-ozone/integration-test/target/test-dir/MiniOzoneClusterImpl-2aef17b0-a2ec-4c0b-b11c-ca76bc81bdbb/datanode-4/data/ratis/faae35ee-a3b9-42d7-9a02-3173c632ce4a: Starting segment from index:0
2019-07-13 09:08:07,195 INFO  segmented.SegmentedRaftLogWorker (SegmentedRaftLogWorker.java:execute(569)) - 39e80c9a-c9e7-465a-ac1a-e4eea8dfe517-SegmentedRaftLogWorker:Storage Directory /tmp/workdir/hadoop-ozone/integration-test/target/test-dir/MiniOzoneClusterImpl-2aef17b0-a2ec-4c0b-b11c-ca76bc81bdbb/datanode-3/data/ratis/faae35ee-a3b9-42d7-9a02-3173c632ce4a: created new log segment /tmp/workdir/hadoop-ozone/integration-test/target/test-dir/MiniOzoneClusterImpl-2aef17b0-a2ec-4c0b-b11c-ca76bc81bdbb/datanode-3/data/ratis/faae35ee-a3b9-42d7-9a02-3173c632ce4a/current/log_inprogress_0
2019-07-13 09:08:07,195 INFO  segmented.SegmentedRaftLogWorker (SegmentedRaftLogWorker.java:execute(569)) - 64012248-86ed-4703-b229-4c36d10a7c01-SegmentedRaftLogWorker:Storage Directory /tmp/workdir/hadoop-ozone/integration-test/target/test-dir/MiniOzoneClusterImpl-2aef17b0-a2ec-4c0b-b11c-ca76bc81bdbb/datanode-4/data/ratis/faae35ee-a3b9-42d7-9a02-3173c632ce4a: created new log segment /tmp/workdir/hadoop-ozone/integration-test/target/test-dir/MiniOzoneClusterImpl-2aef17b0-a2ec-4c0b-b11c-ca76bc81bdbb/datanode-4/data/ratis/faae35ee-a3b9-42d7-9a02-3173c632ce4a/current/log_inprogress_0
2019-07-13 09:08:08,422 INFO  node.StaleNodeHandler (StaleNodeHandler.java:onMessage(58)) - Datanode d872ec85-094f-4f67-bb7b-979955782da1{ip: 192.168.69.96, host: trunk-nightly-hmp62-43275749, networkLocation: /default-rack, certSerialId: null} moved to stale state. Finalizing its pipelines [PipelineID=ed42a99f-166f-403c-928d-94584c2fece3, PipelineID=3353267e-16cd-4b4b-99b2-5d9e089895c2]
2019-07-13 09:08:08,426 INFO  pipeline.SCMPipelineManager (SCMPipelineManager.java:finalizeAndDestroyPipeline(309)) - destroying pipeline:Pipeline[ Id: ed42a99f-166f-403c-928d-94584c2fece3, Nodes: d872ec85-094f-4f67-bb7b-979955782da1{ip: 192.168.69.96, host: trunk-nightly-hmp62-43275749, networkLocation: /default-rack, certSerialId: null}c6904f5f-bfcb-458f-a61a-755892db6ce7{ip: 192.168.69.96, host: trunk-nightly-hmp62-43275749, networkLocation: /default-rack, certSerialId: null}8edcd2ad-5eae-4055-a5d5-7c2840f9d683{ip: 192.168.69.96, host: trunk-nightly-hmp62-43275749, networkLocation: /default-rack, certSerialId: null}, Type:RATIS, Factor:THREE, State:OPEN]
2019-07-13 09:08:08,429 INFO  pipeline.PipelineStateManager (PipelineStateManager.java:finalizePipeline(123)) - Pipeline Pipeline[ Id: ed42a99f-166f-403c-928d-94584c2fece3, Nodes: d872ec85-094f-4f67-bb7b-979955782da1{ip: 192.168.69.96, host: trunk-nightly-hmp62-43275749, networkLocation: /default-rack, certSerialId: null}c6904f5f-bfcb-458f-a61a-755892db6ce7{ip: 192.168.69.96, host: trunk-nightly-hmp62-43275749, networkLocation: /default-rack, certSerialId: null}8edcd2ad-5eae-4055-a5d5-7c2840f9d683{ip: 192.168.69.96, host: trunk-nightly-hmp62-43275749, networkLocation: /default-rack, certSerialId: null}, Type:RATIS, Factor:THREE, State:CLOSED] moved to CLOSED state
2019-07-13 09:08:08,430 INFO  container.CloseContainerEventHandler (CloseContainerEventHandler.java:onMessage(61)) - Close container Event triggered for container : #1
2019-07-13 09:08:08,434 INFO  pipeline.SCMPipelineManager (SCMPipelineManager.java:finalizeAndDestroyPipeline(309)) - destroying pipeline:Pipeline[ Id: 3353267e-16cd-4b4b-99b2-5d9e089895c2, Nodes: d872ec85-094f-4f67-bb7b-979955782da1{ip: 192.168.69.96, host: trunk-nightly-hmp62-43275749, networkLocation: /default-rack, certSerialId: null}, Type:RATIS, Factor:ONE, State:OPEN]
2019-07-13 09:08:08,436 INFO  pipeline.PipelineStateManager (PipelineStateManager.java:finalizePipeline(123)) - Pipeline Pipeline[ Id: 3353267e-16cd-4b4b-99b2-5d9e089895c2, Nodes: d872ec85-094f-4f67-bb7b-979955782da1{ip: 192.168.69.96, host: trunk-nightly-hmp62-43275749, networkLocation: /default-rack, certSerialId: null}, Type:RATIS, Factor:ONE, State:CLOSED] moved to CLOSED state
2019-07-13 09:08:08,668 INFO  ozoneimpl.OzoneContainer (OzoneContainer.java:stop(199)) - Attempting to stop container services.
2019-07-13 09:08:08,670 INFO  impl.RaftServerProxy (RaftServerProxy.java:lambda$close$4(314)) - d872ec85-094f-4f67-bb7b-979955782da1: close
2019-07-13 09:08:08,672 INFO  impl.RaftServerImpl (RaftServerImpl.java:lambda$shutdown$3(245)) - d872ec85-094f-4f67-bb7b-979955782da1: shutdown group-94584C2FECE3
2019-07-13 09:08:08,672 INFO  impl.RaftServerImpl (RaftServerImpl.java:lambda$shutdown$3(245)) - d872ec85-094f-4f67-bb7b-979955782da1: shutdown group-5D9E089895C2
2019-07-13 09:08:08,673 INFO  util.JmxRegister (JmxRegister.java:unregister(73)) - Successfully un-registered JMX Bean with object name Ratis:service=RaftServer,group=group-94584C2FECE3,id=d872ec85-094f-4f67-bb7b-979955782da1
2019-07-13 09:08:08,673 INFO  util.JmxRegister (JmxRegister.java:unregister(73)) - Successfully un-registered JMX Bean with object name Ratis:service=RaftServer,group=group-5D9E089895C2,id=d872ec85-094f-4f67-bb7b-979955782da1
2019-07-13 09:08:08,673 INFO  impl.RoleInfo (RoleInfo.java:shutdownFollowerState(121)) - d872ec85-094f-4f67-bb7b-979955782da1: shutdown FollowerState
2019-07-13 09:08:08,674 INFO  impl.RoleInfo (RoleInfo.java:shutdownLeaderState(104)) - d872ec85-094f-4f67-bb7b-979955782da1: shutdown LeaderState
2019-07-13 09:08:08,674 INFO  impl.FollowerState (FollowerState.java:run(114)) - d872ec85-094f-4f67-bb7b-979955782da1: FollowerState was interrupted: java.lang.InterruptedException: sleep interrupted
2019-07-13 09:08:08,674 INFO  impl.StateMachineUpdater (StateMachineUpdater.java:stopAndJoin(115)) - StateMachineUpdater:d872ec85-094f-4f67-bb7b-979955782da1:group-94584C2FECE3: set stopIndex = 16
2019-07-13 09:08:08,674 INFO  ratis.ContainerStateMachine (ContainerStateMachine.java:takeSnapshot(246)) - Taking snapshot at termIndex:(t:1, i:14)
2019-07-13 09:08:08,680 INFO  impl.PendingRequests (PendingRequests.java:sendNotLeaderResponses(202)) - d872ec85-094f-4f67-bb7b-979955782da1-PendingRequests: sendNotLeaderResponses
2019-07-13 09:08:08,681 INFO  ratis.ContainerStateMachine (ContainerStateMachine.java:takeSnapshot(250)) - Taking a snapshot to file /tmp/workdir/hadoop-ozone/integration-test/target/test-dir/MiniOzoneClusterImpl-2aef17b0-a2ec-4c0b-b11c-ca76bc81bdbb/datanode-1/data/ratis/ed42a99f-166f-403c-928d-94584c2fece3/sm/snapshot.1_14
2019-07-13 09:08:08,683 INFO  impl.StateMachineUpdater (StateMachineUpdater.java:stopAndJoin(115)) - StateMachineUpdater:d872ec85-094f-4f67-bb7b-979955782da1:group-5D9E089895C2: set stopIndex = 0
2019-07-13 09:08:08,685 INFO  ratis.ContainerStateMachine (ContainerStateMachine.java:takeSnapshot(246)) - Taking snapshot at termIndex:(t:0, i:~)
2019-07-13 09:08:08,686 INFO  impl.RaftServerImpl (ServerState.java:close(394)) - d872ec85-094f-4f67-bb7b-979955782da1:group-5D9E089895C2 closes. The last applied log index is 0
2019-07-13 09:08:08,688 INFO  segmented.SegmentedRaftLogWorker (SegmentedRaftLogWorker.java:run(313)) - d872ec85-094f-4f67-bb7b-979955782da1-SegmentedRaftLogWorker:Storage Directory /tmp/workdir/hadoop-ozone/integration-test/target/test-dir/MiniOzoneClusterImpl-2aef17b0-a2ec-4c0b-b11c-ca76bc81bdbb/datanode-1/data/ratis/3353267e-16cd-4b4b-99b2-5d9e089895c2 was interrupted, exiting. There are 0 tasks remaining in the queue.
2019-07-13 09:08:08,691 INFO  segmented.SegmentedRaftLogWorker (SegmentedRaftLogWorker.java:close(228)) - d872ec85-094f-4f67-bb7b-979955782da1-SegmentedRaftLogWorker:Storage Directory /tmp/workdir/hadoop-ozone/integration-test/target/test-dir/MiniOzoneClusterImpl-2aef17b0-a2ec-4c0b-b11c-ca76bc81bdbb/datanode-1/data/ratis/3353267e-16cd-4b4b-99b2-5d9e089895c2 close()
2019-07-13 09:08:08,703 INFO  impl.StateMachineUpdater (StateMachineUpdater.java:takeSnapshot(242)) - StateMachineUpdater:d872ec85-094f-4f67-bb7b-979955782da1:group-94584C2FECE3: Took a snapshot at index 14
2019-07-13 09:08:08,703 INFO  impl.StateMachineUpdater (StateMachineUpdater.java:lambda$new$0(80)) - StateMachineUpdater:d872ec85-094f-4f67-bb7b-979955782da1:group-94584C2FECE3: snapshotIndex: updateIncreasingly -1 -> 14
2019-07-13 09:08:08,709 INFO  impl.RaftServerImpl (ServerState.java:close(394)) - d872ec85-094f-4f67-bb7b-979955782da1:group-94584C2FECE3 closes. The last applied log index is 16
2019-07-13 09:08:08,709 INFO  segmented.SegmentedRaftLogWorker (SegmentedRaftLogWorker.java:run(313)) - d872ec85-094f-4f67-bb7b-979955782da1-SegmentedRaftLogWorker:Storage Directory /tmp/workdir/hadoop-ozone/integration-test/target/test-dir/MiniOzoneClusterImpl-2aef17b0-a2ec-4c0b-b11c-ca76bc81bdbb/datanode-1/data/ratis/ed42a99f-166f-403c-928d-94584c2fece3 was interrupted, exiting. There are 0 tasks remaining in the queue.
2019-07-13 09:08:08,712 INFO  segmented.SegmentedRaftLogWorker (SegmentedRaftLogWorker.java:close(228)) - d872ec85-094f-4f67-bb7b-979955782da1-SegmentedRaftLogWorker:Storage Directory /tmp/workdir/hadoop-ozone/integration-test/target/test-dir/MiniOzoneClusterImpl-2aef17b0-a2ec-4c0b-b11c-ca76bc81bdbb/datanode-1/data/ratis/ed42a99f-166f-403c-928d-94584c2fece3 close()
2019-07-13 09:08:08,716 INFO  server.GrpcService (GrpcService.java:closeImpl(155)) - d872ec85-094f-4f67-bb7b-979955782da1: shutdown server with port 41649 now
2019-07-13 09:08:08,725 INFO  server.GrpcService (GrpcService.java:closeImpl(163)) - d872ec85-094f-4f67-bb7b-979955782da1: shutdown server with port 41649 successfully
2019-07-13 09:08:08,725 WARN  server.GrpcServerProtocolService (LogUtils.java:warn(134)) - d872ec85-094f-4f67-bb7b-979955782da1: appendEntries onError: org.apache.ratis.thirdparty.io.grpc.StatusRuntimeException: CANCELLED: cancelled before receiving half close
2019-07-13 09:08:08,726 WARN  server.GrpcLogAppender (LogUtils.java:warn(134)) - 8edcd2ad-5eae-4055-a5d5-7c2840f9d683->d872ec85-094f-4f67-bb7b-979955782da1: Failed appendEntries: org.apache.ratis.thirdparty.io.grpc.StatusRuntimeException: CANCELLED: HTTP/2 error code: CANCEL
Received Rst Stream
2019-07-13 09:08:08,731 INFO  impl.FollowerInfo (FollowerInfo.java:lambda$new$0(50)) - 8edcd2ad-5eae-4055-a5d5-7c2840f9d683->d872ec85-094f-4f67-bb7b-979955782da1: nextIndex: updateUnconditionally 17 -> 16
2019-07-13 09:08:08,745 INFO  utils.BackgroundService (BackgroundService.java:shutdown(148)) - Shutting down service BlockDeletingService
2019-07-13 09:08:08,746 WARN  fs.CachingGetSpaceUsed (CachingGetSpaceUsed.java:run(183)) - Thread Interrupted waiting to refresh disk information: sleep interrupted
2019-07-13 09:08:08,768 INFO  statemachine.DatanodeStateMachine (DatanodeStateMachine.java:stopDaemon(395)) - Ozone container server stopped.
2019-07-13 09:08:08,780 INFO  handler.ContextHandler (ContextHandler.java:doStop(910)) - Stopped o.e.j.w.WebAppContext@2e1eb85f{/,null,UNAVAILABLE}{/hddsDatanode}
2019-07-13 09:08:08,787 INFO  server.AbstractConnector (AbstractConnector.java:doStop(318)) - Stopped ServerConnector@ea7a4c3{HTTP/1.1,[http/1.1]}{0.0.0.0:0}
2019-07-13 09:08:08,787 INFO  handler.ContextHandler (ContextHandler.java:doStop(910)) - Stopped o.e.j.s.ServletContextHandler@364fd4ae{/static,jar:file:/home/user/.m2/repository/org/apache/hadoop/hadoop-hdds-container-service/0.5.0-SNAPSHOT/hadoop-hdds-container-service-0.5.0-SNAPSHOT.jar!/webapps/static,UNAVAILABLE}
2019-07-13 09:08:08,787 INFO  handler.ContextHandler (ContextHandler.java:doStop(910)) - Stopped o.e.j.s.ServletContextHandler@359066bc{/logs,file:///tmp/workdir/hadoop-ozone/integration-test/target/log,UNAVAILABLE}
2019-07-13 09:08:08,790 INFO  datanode.ObjectStoreHandler (ObjectStoreHandler.java:close(155)) - Closing ObjectStoreHandler.
2019-07-13 09:08:08,791 INFO  ozone.HddsDatanodeService (HddsDatanodeService.java:stop(452)) - Stopped plug-in org.apache.hadoop.ozone.web.OzoneHddsDatanodeService@b4732dc
2019-07-13 09:08:09,336 INFO  statemachine.DatanodeStateMachine (DatanodeStateMachine.java:lambda$startDaemon$0(350)) - Ozone container server started.
2019-07-13 09:08:10,279 WARN  server.GrpcLogAppender (LogUtils.java:warn(134)) - 8edcd2ad-5eae-4055-a5d5-7c2840f9d683->d872ec85-094f-4f67-bb7b-979955782da1: Failed appendEntries: org.apache.ratis.thirdparty.io.grpc.StatusRuntimeException: UNAVAILABLE: io exception
2019-07-13 09:08:10,282 INFO  impl.FollowerInfo (FollowerInfo.java:lambda$new$0(50)) - 8edcd2ad-5eae-4055-a5d5-7c2840f9d683->d872ec85-094f-4f67-bb7b-979955782da1: nextIndex: updateUnconditionally 17 -> 16
2019-07-13 09:08:10,289 WARN  server.GrpcLogAppender (LogUtils.java:warn(134)) - 8edcd2ad-5eae-4055-a5d5-7c2840f9d683->d872ec85-094f-4f67-bb7b-979955782da1: Failed appendEntries: org.apache.ratis.thirdparty.io.grpc.StatusRuntimeException: UNAVAILABLE: io exception
2019-07-13 09:08:10,293 INFO  impl.FollowerInfo (FollowerInfo.java:lambda$new$0(50)) - 8edcd2ad-5eae-4055-a5d5-7c2840f9d683->d872ec85-094f-4f67-bb7b-979955782da1: nextIndex: updateUnconditionally 17 -> 16
2019-07-13 09:08:10,314 INFO  interfaces.Container (KeyValueContainer.java:compactDB(356)) - Container 1 is closed with bcsId 14.
2019-07-13 09:08:10,341 INFO  interfaces.Container (KeyValueContainer.java:compactDB(356)) - Container 1 is closed with bcsId 14.
2019-07-13 09:08:12,792 WARN  server.GrpcLogAppender (LogUtils.java:warn(134)) - 8edcd2ad-5eae-4055-a5d5-7c2840f9d683->d872ec85-094f-4f67-bb7b-979955782da1: Failed appendEntries: org.apache.ratis.thirdparty.io.grpc.StatusRuntimeException: UNAVAILABLE: io exception
2019-07-13 09:08:12,794 INFO  impl.FollowerInfo (FollowerInfo.java:lambda$new$0(50)) - 8edcd2ad-5eae-4055-a5d5-7c2840f9d683->d872ec85-094f-4f67-bb7b-979955782da1: nextIndex: updateUnconditionally 16 -> 15
2019-07-13 09:08:13,433 INFO  node.StaleNodeHandler (StaleNodeHandler.java:onMessage(58)) - Datanode c6904f5f-bfcb-458f-a61a-755892db6ce7{ip: 192.168.69.96, host: trunk-nightly-hmp62-43275749, networkLocation: /default-rack, certSerialId: null} moved to stale state. Finalizing its pipelines [PipelineID=ed42a99f-166f-403c-928d-94584c2fece3, PipelineID=08e6437a-26bd-4078-8466-4e52bf739840]
2019-07-13 09:08:13,433 INFO  pipeline.SCMPipelineManager (SCMPipelineManager.java:finalizeAndDestroyPipeline(309)) - destroying pipeline:Pipeline[ Id: ed42a99f-166f-403c-928d-94584c2fece3, Nodes: d872ec85-094f-4f67-bb7b-979955782da1{ip: 192.168.69.96, host: trunk-nightly-hmp62-43275749, networkLocation: /default-rack, certSerialId: null}c6904f5f-bfcb-458f-a61a-755892db6ce7{ip: 192.168.69.96, host: trunk-nightly-hmp62-43275749, networkLocation: /default-rack, certSerialId: null}8edcd2ad-5eae-4055-a5d5-7c2840f9d683{ip: 192.168.69.96, host: trunk-nightly-hmp62-43275749, networkLocation: /default-rack, certSerialId: null}, Type:RATIS, Factor:THREE, State:CLOSED]
2019-07-13 09:08:13,434 INFO  pipeline.SCMPipelineManager (SCMPipelineManager.java:finalizeAndDestroyPipeline(309)) - destroying pipeline:Pipeline[ Id: 08e6437a-26bd-4078-8466-4e52bf739840, Nodes: c6904f5f-bfcb-458f-a61a-755892db6ce7{ip: 192.168.69.96, host: trunk-nightly-hmp62-43275749, networkLocation: /default-rack, certSerialId: null}, Type:RATIS, Factor:ONE, State:OPEN]
2019-07-13 09:08:13,434 INFO  pipeline.PipelineStateManager (PipelineStateManager.java:finalizePipeline(123)) - Pipeline Pipeline[ Id: 08e6437a-26bd-4078-8466-4e52bf739840, Nodes: c6904f5f-bfcb-458f-a61a-755892db6ce7{ip: 192.168.69.96, host: trunk-nightly-hmp62-43275749, networkLocation: /default-rack, certSerialId: null}, Type:RATIS, Factor:ONE, State:CLOSED] moved to CLOSED state
2019-07-13 09:08:13,792 INFO  ozoneimpl.OzoneContainer (OzoneContainer.java:stop(199)) - Attempting to stop container services.
2019-07-13 09:08:13,796 INFO  impl.RaftServerProxy (RaftServerProxy.java:lambda$close$4(314)) - c6904f5f-bfcb-458f-a61a-755892db6ce7: close
2019-07-13 09:08:13,797 INFO  impl.RaftServerImpl (RaftServerImpl.java:lambda$shutdown$3(245)) - c6904f5f-bfcb-458f-a61a-755892db6ce7: shutdown group-94584C2FECE3
2019-07-13 09:08:13,797 INFO  impl.RaftServerImpl (RaftServerImpl.java:lambda$shutdown$3(245)) - c6904f5f-bfcb-458f-a61a-755892db6ce7: shutdown group-4E52BF739840
2019-07-13 09:08:13,797 INFO  util.JmxRegister (JmxRegister.java:unregister(73)) - Successfully un-registered JMX Bean with object name Ratis:service=RaftServer,group=group-94584C2FECE3,id=c6904f5f-bfcb-458f-a61a-755892db6ce7
2019-07-13 09:08:13,798 INFO  util.JmxRegister (JmxRegister.java:unregister(73)) - Successfully un-registered JMX Bean with object name Ratis:service=RaftServer,group=group-4E52BF739840,id=c6904f5f-bfcb-458f-a61a-755892db6ce7
2019-07-13 09:08:13,798 INFO  impl.RoleInfo (RoleInfo.java:shutdownFollowerState(121)) - c6904f5f-bfcb-458f-a61a-755892db6ce7: shutdown FollowerState
2019-07-13 09:08:13,798 INFO  impl.RoleInfo (RoleInfo.java:shutdownLeaderState(104)) - c6904f5f-bfcb-458f-a61a-755892db6ce7: shutdown LeaderState
2019-07-13 09:08:13,799 INFO  impl.FollowerState (FollowerState.java:run(114)) - c6904f5f-bfcb-458f-a61a-755892db6ce7: FollowerState was interrupted: java.lang.InterruptedException: sleep interrupted
2019-07-13 09:08:13,798 INFO  impl.StateMachineUpdater (StateMachineUpdater.java:stopAndJoin(115)) - StateMachineUpdater:c6904f5f-bfcb-458f-a61a-755892db6ce7:group-94584C2FECE3: set stopIndex = 18
2019-07-13 09:08:13,799 INFO  impl.PendingRequests (PendingRequests.java:sendNotLeaderResponses(202)) - c6904f5f-bfcb-458f-a61a-755892db6ce7-PendingRequests: sendNotLeaderResponses
2019-07-13 09:08:13,799 INFO  ratis.ContainerStateMachine (ContainerStateMachine.java:takeSnapshot(246)) - Taking snapshot at termIndex:(t:1, i:17)
2019-07-13 09:08:13,802 INFO  ratis.ContainerStateMachine (ContainerStateMachine.java:takeSnapshot(250)) - Taking a snapshot to file /tmp/workdir/hadoop-ozone/integration-test/target/test-dir/MiniOzoneClusterImpl-2aef17b0-a2ec-4c0b-b11c-ca76bc81bdbb/datanode-0/data/ratis/ed42a99f-166f-403c-928d-94584c2fece3/sm/snapshot.1_17
2019-07-13 09:08:13,802 INFO  impl.StateMachineUpdater (StateMachineUpdater.java:stopAndJoin(115)) - StateMachineUpdater:c6904f5f-bfcb-458f-a61a-755892db6ce7:group-4E52BF739840: set stopIndex = 0
2019-07-13 09:08:13,802 INFO  ratis.ContainerStateMachine (ContainerStateMachine.java:takeSnapshot(246)) - Taking snapshot at termIndex:(t:0, i:~)
2019-07-13 09:08:13,802 INFO  impl.RaftServerImpl (ServerState.java:close(394)) - c6904f5f-bfcb-458f-a61a-755892db6ce7:group-4E52BF739840 closes. The last applied log index is 0
2019-07-13 09:08:13,803 INFO  impl.StateMachineUpdater (StateMachineUpdater.java:takeSnapshot(242)) - StateMachineUpdater:c6904f5f-bfcb-458f-a61a-755892db6ce7:group-94584C2FECE3: Took a snapshot at index 17
2019-07-13 09:08:13,803 INFO  impl.StateMachineUpdater (StateMachineUpdater.java:lambda$new$0(80)) - StateMachineUpdater:c6904f5f-bfcb-458f-a61a-755892db6ce7:group-94584C2FECE3: snapshotIndex: updateIncreasingly -1 -> 17
2019-07-13 09:08:13,803 INFO  segmented.SegmentedRaftLogWorker (SegmentedRaftLogWorker.java:run(313)) - c6904f5f-bfcb-458f-a61a-755892db6ce7-SegmentedRaftLogWorker:Storage Directory /tmp/workdir/hadoop-ozone/integration-test/target/test-dir/MiniOzoneClusterImpl-2aef17b0-a2ec-4c0b-b11c-ca76bc81bdbb/datanode-0/data/ratis/08e6437a-26bd-4078-8466-4e52bf739840 was interrupted, exiting. There are 0 tasks remaining in the queue.
2019-07-13 09:08:13,805 INFO  impl.RaftServerImpl (ServerState.java:close(394)) - c6904f5f-bfcb-458f-a61a-755892db6ce7:group-94584C2FECE3 closes. The last applied log index is 18
2019-07-13 09:08:13,805 INFO  segmented.SegmentedRaftLogWorker (SegmentedRaftLogWorker.java:close(228)) - c6904f5f-bfcb-458f-a61a-755892db6ce7-SegmentedRaftLogWorker:Storage Directory /tmp/workdir/hadoop-ozone/integration-test/target/test-dir/MiniOzoneClusterImpl-2aef17b0-a2ec-4c0b-b11c-ca76bc81bdbb/datanode-0/data/ratis/08e6437a-26bd-4078-8466-4e52bf739840 close()
2019-07-13 09:08:13,806 INFO  segmented.SegmentedRaftLogWorker (SegmentedRaftLogWorker.java:run(313)) - c6904f5f-bfcb-458f-a61a-755892db6ce7-SegmentedRaftLogWorker:Storage Directory /tmp/workdir/hadoop-ozone/integration-test/target/test-dir/MiniOzoneClusterImpl-2aef17b0-a2ec-4c0b-b11c-ca76bc81bdbb/datanode-0/data/ratis/ed42a99f-166f-403c-928d-94584c2fece3 was interrupted, exiting. There are 0 tasks remaining in the queue.
2019-07-13 09:08:13,811 INFO  segmented.SegmentedRaftLogWorker (SegmentedRaftLogWorker.java:close(228)) - c6904f5f-bfcb-458f-a61a-755892db6ce7-SegmentedRaftLogWorker:Storage Directory /tmp/workdir/hadoop-ozone/integration-test/target/test-dir/MiniOzoneClusterImpl-2aef17b0-a2ec-4c0b-b11c-ca76bc81bdbb/datanode-0/data/ratis/ed42a99f-166f-403c-928d-94584c2fece3 close()
2019-07-13 09:08:13,815 INFO  server.GrpcService (GrpcService.java:closeImpl(155)) - c6904f5f-bfcb-458f-a61a-755892db6ce7: shutdown server with port 43724 now
2019-07-13 09:08:13,818 WARN  server.GrpcServerProtocolService (LogUtils.java:warn(134)) - c6904f5f-bfcb-458f-a61a-755892db6ce7: appendEntries onError: org.apache.ratis.thirdparty.io.grpc.StatusRuntimeException: CANCELLED: cancelled before receiving half close
2019-07-13 09:08:13,819 INFO  server.GrpcService (GrpcService.java:closeImpl(163)) - c6904f5f-bfcb-458f-a61a-755892db6ce7: shutdown server with port 43724 successfully
2019-07-13 09:08:13,820 WARN  server.GrpcLogAppender (LogUtils.java:warn(134)) - 8edcd2ad-5eae-4055-a5d5-7c2840f9d683->c6904f5f-bfcb-458f-a61a-755892db6ce7: Failed appendEntries: org.apache.ratis.thirdparty.io.grpc.StatusRuntimeException: CANCELLED: HTTP/2 error code: CANCEL
Received Rst Stream
2019-07-13 09:08:13,822 INFO  utils.BackgroundService (BackgroundService.java:shutdown(148)) - Shutting down service BlockDeletingService
2019-07-13 09:08:13,822 INFO  impl.FollowerInfo (FollowerInfo.java:lambda$new$0(50)) - 8edcd2ad-5eae-4055-a5d5-7c2840f9d683->c6904f5f-bfcb-458f-a61a-755892db6ce7: nextIndex: updateUnconditionally 19 -> 18
2019-07-13 09:08:13,824 WARN  fs.CachingGetSpaceUsed (CachingGetSpaceUsed.java:run(183)) - Thread Interrupted waiting to refresh disk information: sleep interrupted
2019-07-13 09:08:13,847 INFO  statemachine.DatanodeStateMachine (DatanodeStateMachine.java:stopDaemon(395)) - Ozone container server stopped.
2019-07-13 09:08:13,849 INFO  handler.ContextHandler (ContextHandler.java:doStop(910)) - Stopped o.e.j.w.WebAppContext@24e83d19{/,null,UNAVAILABLE}{/hddsDatanode}
2019-07-13 09:08:13,850 INFO  server.AbstractConnector (AbstractConnector.java:doStop(318)) - Stopped ServerConnector@5c080ef3{HTTP/1.1,[http/1.1]}{0.0.0.0:0}
2019-07-13 09:08:13,851 INFO  handler.ContextHandler (ContextHandler.java:doStop(910)) - Stopped o.e.j.s.ServletContextHandler@2133661d{/static,jar:file:/home/user/.m2/repository/org/apache/hadoop/hadoop-hdds-container-service/0.5.0-SNAPSHOT/hadoop-hdds-container-service-0.5.0-SNAPSHOT.jar!/webapps/static,UNAVAILABLE}
2019-07-13 09:08:13,851 INFO  handler.ContextHandler (ContextHandler.java:doStop(910)) - Stopped o.e.j.s.ServletContextHandler@304d0259{/logs,file:///tmp/workdir/hadoop-ozone/integration-test/target/log,UNAVAILABLE}
09:08:13.861 [grpc-default-executor-4] ERROR DNAudit - user=null | ip=null | op=WRITE_CHUNK {blockData=conID: 1 locID: 102433349812879361 bcsId: 14} | ret=FAILURE
org.apache.hadoop.hdds.scm.container.common.helpers.ContainerNotOpenException: Container 1 in CLOSED state
	at org.apache.hadoop.ozone.container.common.impl.HddsDispatcher.validateContainerCommand(HddsDispatcher.java:408) ~[hadoop-hdds-container-service-0.5.0-SNAPSHOT.jar:?]
	at org.apache.hadoop.ozone.container.common.transport.server.ratis.ContainerStateMachine.startTransaction(ContainerStateMachine.java:271) ~[hadoop-hdds-container-service-0.5.0-SNAPSHOT.jar:?]
	at org.apache.ratis.server.impl.RaftServerImpl.submitClientRequestAsync(RaftServerImpl.java:566) ~[ratis-server-0.4.0-2337318-SNAPSHOT.jar:0.4.0-2337318-SNAPSHOT]
	at org.apache.ratis.server.impl.RaftServerProxy.lambda$submitClientRequestAsync$7(RaftServerProxy.java:333) ~[ratis-server-0.4.0-2337318-SNAPSHOT.jar:0.4.0-2337318-SNAPSHOT]
	at org.apache.ratis.server.impl.RaftServerProxy.lambda$null$5(RaftServerProxy.java:328) ~[ratis-server-0.4.0-2337318-SNAPSHOT.jar:0.4.0-2337318-SNAPSHOT]
	at org.apache.ratis.util.JavaUtils.callAsUnchecked(JavaUtils.java:109) ~[ratis-common-0.4.0-2337318-SNAPSHOT.jar:0.4.0-2337318-SNAPSHOT]
	at org.apache.ratis.server.impl.RaftServerProxy.lambda$submitRequest$6(RaftServerProxy.java:328) ~[ratis-server-0.4.0-2337318-SNAPSHOT.jar:0.4.0-2337318-SNAPSHOT]
	at java.util.concurrent.CompletableFuture.uniComposeStage(CompletableFuture.java:981) ~[?:1.8.0_212]
	at java.util.concurrent.CompletableFuture.thenCompose(CompletableFuture.java:2124) ~[?:1.8.0_212]
	at org.apache.ratis.server.impl.RaftServerProxy.submitRequest(RaftServerProxy.java:327) ~[ratis-server-0.4.0-2337318-SNAPSHOT.jar:0.4.0-2337318-SNAPSHOT]
	at org.apache.ratis.server.impl.RaftServerProxy.submitClientRequestAsync(RaftServerProxy.java:333) ~[ratis-server-0.4.0-2337318-SNAPSHOT.jar:0.4.0-2337318-SNAPSHOT]
	at org.apache.ratis.grpc.client.GrpcClientProtocolService$RequestStreamObserver.processClientRequest(GrpcClientProtocolService.java:220) ~[ratis-grpc-0.4.0-2337318-SNAPSHOT.jar:0.4.0-2337318-SNAPSHOT]
	at org.apache.ratis.grpc.client.GrpcClientProtocolService$OrderedRequestStreamObserver.processClientRequest(GrpcClientProtocolService.java:326) ~[ratis-grpc-0.4.0-2337318-SNAPSHOT.jar:0.4.0-2337318-SNAPSHOT]
	at org.apache.ratis.util.SlidingWindow$Server.processRequestsFromHead(SlidingWindow.java:429) [ratis-common-0.4.0-2337318-SNAPSHOT.jar:0.4.0-2337318-SNAPSHOT]
	at org.apache.ratis.util.SlidingWindow$Server.receivedRequest(SlidingWindow.java:421) [ratis-common-0.4.0-2337318-SNAPSHOT.jar:0.4.0-2337318-SNAPSHOT]
	at org.apache.ratis.grpc.client.GrpcClientProtocolService$OrderedRequestStreamObserver.processClientRequest(GrpcClientProtocolService.java:345) [ratis-grpc-0.4.0-2337318-SNAPSHOT.jar:0.4.0-2337318-SNAPSHOT]
	at org.apache.ratis.grpc.client.GrpcClientProtocolService$RequestStreamObserver.onNext(GrpcClientProtocolService.java:240) [ratis-grpc-0.4.0-2337318-SNAPSHOT.jar:0.4.0-2337318-SNAPSHOT]
	at org.apache.ratis.grpc.client.GrpcClientProtocolService$RequestStreamObserver.onNext(GrpcClientProtocolService.java:168) [ratis-grpc-0.4.0-2337318-SNAPSHOT.jar:0.4.0-2337318-SNAPSHOT]
	at org.apache.ratis.thirdparty.io.grpc.stub.ServerCalls$StreamingServerCallHandler$StreamingServerCallListener.onMessage(ServerCalls.java:248) [ratis-thirdparty-misc-0.2.0.jar:0.2.0]
	at org.apache.ratis.thirdparty.io.grpc.internal.ServerCallImpl$ServerStreamListenerImpl.messagesAvailable(ServerCallImpl.java:263) [ratis-thirdparty-misc-0.2.0.jar:0.2.0]
	at org.apache.ratis.thirdparty.io.grpc.internal.ServerImpl$JumpToApplicationThreadServerStreamListener$1MessagesAvailable.runInContext(ServerImpl.java:686) [ratis-thirdparty-misc-0.2.0.jar:0.2.0]
	at org.apache.ratis.thirdparty.io.grpc.internal.ContextRunnable.run(ContextRunnable.java:37) [ratis-thirdparty-misc-0.2.0.jar:0.2.0]
	at org.apache.ratis.thirdparty.io.grpc.internal.SerializingExecutor.run(SerializingExecutor.java:123) [ratis-thirdparty-misc-0.2.0.jar:0.2.0]
	at java.util.concurrent.ThreadPoolExecutor.runWorker(ThreadPoolExecutor.java:1149) [?:1.8.0_212]
	at java.util.concurrent.ThreadPoolExecutor$Worker.run(ThreadPoolExecutor.java:624) [?:1.8.0_212]
	at java.lang.Thread.run(Thread.java:748) [?:1.8.0_212]
09:08:13.903 [grpc-default-executor-4] ERROR DNAudit - user=null | ip=null | op=WRITE_CHUNK {blockData=conID: 1 locID: 102433349812879361 bcsId: 14} | ret=FAILURE
org.apache.hadoop.hdds.scm.container.common.helpers.ContainerNotOpenException: Container 1 in CLOSED state
	at org.apache.hadoop.ozone.container.common.impl.HddsDispatcher.validateContainerCommand(HddsDispatcher.java:408) ~[hadoop-hdds-container-service-0.5.0-SNAPSHOT.jar:?]
	at org.apache.hadoop.ozone.container.common.transport.server.ratis.ContainerStateMachine.startTransaction(ContainerStateMachine.java:271) ~[hadoop-hdds-container-service-0.5.0-SNAPSHOT.jar:?]
	at org.apache.ratis.server.impl.RaftServerImpl.submitClientRequestAsync(RaftServerImpl.java:566) ~[ratis-server-0.4.0-2337318-SNAPSHOT.jar:0.4.0-2337318-SNAPSHOT]
	at org.apache.ratis.server.impl.RaftServerProxy.lambda$submitClientRequestAsync$7(RaftServerProxy.java:333) ~[ratis-server-0.4.0-2337318-SNAPSHOT.jar:0.4.0-2337318-SNAPSHOT]
	at org.apache.ratis.server.impl.RaftServerProxy.lambda$null$5(RaftServerProxy.java:328) ~[ratis-server-0.4.0-2337318-SNAPSHOT.jar:0.4.0-2337318-SNAPSHOT]
	at org.apache.ratis.util.JavaUtils.callAsUnchecked(JavaUtils.java:109) ~[ratis-common-0.4.0-2337318-SNAPSHOT.jar:0.4.0-2337318-SNAPSHOT]
	at org.apache.ratis.server.impl.RaftServerProxy.lambda$submitRequest$6(RaftServerProxy.java:328) ~[ratis-server-0.4.0-2337318-SNAPSHOT.jar:0.4.0-2337318-SNAPSHOT]
	at java.util.concurrent.CompletableFuture.uniComposeStage(CompletableFuture.java:981) ~[?:1.8.0_212]
	at java.util.concurrent.CompletableFuture.thenCompose(CompletableFuture.java:2124) ~[?:1.8.0_212]
	at org.apache.ratis.server.impl.RaftServerProxy.submitRequest(RaftServerProxy.java:327) ~[ratis-server-0.4.0-2337318-SNAPSHOT.jar:0.4.0-2337318-SNAPSHOT]
	at org.apache.ratis.server.impl.RaftServerProxy.submitClientRequestAsync(RaftServerProxy.java:333) ~[ratis-server-0.4.0-2337318-SNAPSHOT.jar:0.4.0-2337318-SNAPSHOT]
	at org.apache.ratis.grpc.client.GrpcClientProtocolService$RequestStreamObserver.processClientRequest(GrpcClientProtocolService.java:220) ~[ratis-grpc-0.4.0-2337318-SNAPSHOT.jar:0.4.0-2337318-SNAPSHOT]
	at org.apache.ratis.grpc.client.GrpcClientProtocolService$OrderedRequestStreamObserver.processClientRequest(GrpcClientProtocolService.java:326) ~[ratis-grpc-0.4.0-2337318-SNAPSHOT.jar:0.4.0-2337318-SNAPSHOT]
	at org.apache.ratis.util.SlidingWindow$Server.processRequestsFromHead(SlidingWindow.java:429) [ratis-common-0.4.0-2337318-SNAPSHOT.jar:0.4.0-2337318-SNAPSHOT]
	at org.apache.ratis.util.SlidingWindow$Server.receivedRequest(SlidingWindow.java:421) [ratis-common-0.4.0-2337318-SNAPSHOT.jar:0.4.0-2337318-SNAPSHOT]
	at org.apache.ratis.grpc.client.GrpcClientProtocolService$OrderedRequestStreamObserver.processClientRequest(GrpcClientProtocolService.java:345) [ratis-grpc-0.4.0-2337318-SNAPSHOT.jar:0.4.0-2337318-SNAPSHOT]
	at org.apache.ratis.grpc.client.GrpcClientProtocolService$RequestStreamObserver.onNext(GrpcClientProtocolService.java:240) [ratis-grpc-0.4.0-2337318-SNAPSHOT.jar:0.4.0-2337318-SNAPSHOT]
	at org.apache.ratis.grpc.client.GrpcClientProtocolService$RequestStreamObserver.onNext(GrpcClientProtocolService.java:168) [ratis-grpc-0.4.0-2337318-SNAPSHOT.jar:0.4.0-2337318-SNAPSHOT]
	at org.apache.ratis.thirdparty.io.grpc.stub.ServerCalls$StreamingServerCallHandler$StreamingServerCallListener.onMessage(ServerCalls.java:248) [ratis-thirdparty-misc-0.2.0.jar:0.2.0]
	at org.apache.ratis.thirdparty.io.grpc.internal.ServerCallImpl$ServerStreamListenerImpl.messagesAvailable(ServerCallImpl.java:263) [ratis-thirdparty-misc-0.2.0.jar:0.2.0]
	at org.apache.ratis.thirdparty.io.grpc.internal.ServerImpl$JumpToApplicationThreadServerStreamListener$1MessagesAvailable.runInContext(ServerImpl.java:686) [ratis-thirdparty-misc-0.2.0.jar:0.2.0]
	at org.apache.ratis.thirdparty.io.grpc.internal.ContextRunnable.run(ContextRunnable.java:37) [ratis-thirdparty-misc-0.2.0.jar:0.2.0]
	at org.apache.ratis.thirdparty.io.grpc.internal.SerializingExecutor.run(SerializingExecutor.java:123) [ratis-thirdparty-misc-0.2.0.jar:0.2.0]
	at java.util.concurrent.ThreadPoolExecutor.runWorker(ThreadPoolExecutor.java:1149) [?:1.8.0_212]
	at java.util.concurrent.ThreadPoolExecutor$Worker.run(ThreadPoolExecutor.java:624) [?:1.8.0_212]
	at java.lang.Thread.run(Thread.java:748) [?:1.8.0_212]
09:08:13.910 [grpc-default-executor-4] ERROR DNAudit - user=null | ip=null | op=PUT_BLOCK {blockData=[blockId=conID: 1 locID: 102433349812879361 bcsId: 0,size=650]} | ret=FAILURE
org.apache.hadoop.hdds.scm.container.common.helpers.ContainerNotOpenException: Container 1 in CLOSED state
	at org.apache.hadoop.ozone.container.common.impl.HddsDispatcher.validateContainerCommand(HddsDispatcher.java:408) ~[hadoop-hdds-container-service-0.5.0-SNAPSHOT.jar:?]
	at org.apache.hadoop.ozone.container.common.transport.server.ratis.ContainerStateMachine.startTransaction(ContainerStateMachine.java:271) ~[hadoop-hdds-container-service-0.5.0-SNAPSHOT.jar:?]
	at org.apache.ratis.server.impl.RaftServerImpl.submitClientRequestAsync(RaftServerImpl.java:566) ~[ratis-server-0.4.0-2337318-SNAPSHOT.jar:0.4.0-2337318-SNAPSHOT]
	at org.apache.ratis.server.impl.RaftServerProxy.lambda$submitClientRequestAsync$7(RaftServerProxy.java:333) ~[ratis-server-0.4.0-2337318-SNAPSHOT.jar:0.4.0-2337318-SNAPSHOT]
	at org.apache.ratis.server.impl.RaftServerProxy.lambda$null$5(RaftServerProxy.java:328) ~[ratis-server-0.4.0-2337318-SNAPSHOT.jar:0.4.0-2337318-SNAPSHOT]
	at org.apache.ratis.util.JavaUtils.callAsUnchecked(JavaUtils.java:109) ~[ratis-common-0.4.0-2337318-SNAPSHOT.jar:0.4.0-2337318-SNAPSHOT]
	at org.apache.ratis.server.impl.RaftServerProxy.lambda$submitRequest$6(RaftServerProxy.java:328) ~[ratis-server-0.4.0-2337318-SNAPSHOT.jar:0.4.0-2337318-SNAPSHOT]
	at java.util.concurrent.CompletableFuture.uniComposeStage(CompletableFuture.java:981) ~[?:1.8.0_212]
	at java.util.concurrent.CompletableFuture.thenCompose(CompletableFuture.java:2124) ~[?:1.8.0_212]
	at org.apache.ratis.server.impl.RaftServerProxy.submitRequest(RaftServerProxy.java:327) ~[ratis-server-0.4.0-2337318-SNAPSHOT.jar:0.4.0-2337318-SNAPSHOT]
	at org.apache.ratis.server.impl.RaftServerProxy.submitClientRequestAsync(RaftServerProxy.java:333) ~[ratis-server-0.4.0-2337318-SNAPSHOT.jar:0.4.0-2337318-SNAPSHOT]
	at org.apache.ratis.grpc.client.GrpcClientProtocolService$RequestStreamObserver.processClientRequest(GrpcClientProtocolService.java:220) ~[ratis-grpc-0.4.0-2337318-SNAPSHOT.jar:0.4.0-2337318-SNAPSHOT]
	at org.apache.ratis.grpc.client.GrpcClientProtocolService$OrderedRequestStreamObserver.processClientRequest(GrpcClientProtocolService.java:326) ~[ratis-grpc-0.4.0-2337318-SNAPSHOT.jar:0.4.0-2337318-SNAPSHOT]
	at org.apache.ratis.util.SlidingWindow$Server.processRequestsFromHead(SlidingWindow.java:429) [ratis-common-0.4.0-2337318-SNAPSHOT.jar:0.4.0-2337318-SNAPSHOT]
	at org.apache.ratis.util.SlidingWindow$Server.receivedRequest(SlidingWindow.java:421) [ratis-common-0.4.0-2337318-SNAPSHOT.jar:0.4.0-2337318-SNAPSHOT]
	at org.apache.ratis.grpc.client.GrpcClientProtocolService$OrderedRequestStreamObserver.processClientRequest(GrpcClientProtocolService.java:345) [ratis-grpc-0.4.0-2337318-SNAPSHOT.jar:0.4.0-2337318-SNAPSHOT]
	at org.apache.ratis.grpc.client.GrpcClientProtocolService$RequestStreamObserver.onNext(GrpcClientProtocolService.java:240) [ratis-grpc-0.4.0-2337318-SNAPSHOT.jar:0.4.0-2337318-SNAPSHOT]
	at org.apache.ratis.grpc.client.GrpcClientProtocolService$RequestStreamObserver.onNext(GrpcClientProtocolService.java:168) [ratis-grpc-0.4.0-2337318-SNAPSHOT.jar:0.4.0-2337318-SNAPSHOT]
	at org.apache.ratis.thirdparty.io.grpc.stub.ServerCalls$StreamingServerCallHandler$StreamingServerCallListener.onMessage(ServerCalls.java:248) [ratis-thirdparty-misc-0.2.0.jar:0.2.0]
	at org.apache.ratis.thirdparty.io.grpc.internal.ServerCallImpl$ServerStreamListenerImpl.messagesAvailable(ServerCallImpl.java:263) [ratis-thirdparty-misc-0.2.0.jar:0.2.0]
	at org.apache.ratis.thirdparty.io.grpc.internal.ServerImpl$JumpToApplicationThreadServerStreamListener$1MessagesAvailable.runInContext(ServerImpl.java:686) [ratis-thirdparty-misc-0.2.0.jar:0.2.0]
	at org.apache.ratis.thirdparty.io.grpc.internal.ContextRunnable.run(ContextRunnable.java:37) [ratis-thirdparty-misc-0.2.0.jar:0.2.0]
	at org.apache.ratis.thirdparty.io.grpc.internal.SerializingExecutor.run(SerializingExecutor.java:123) [ratis-thirdparty-misc-0.2.0.jar:0.2.0]
	at java.util.concurrent.ThreadPoolExecutor.runWorker(ThreadPoolExecutor.java:1149) [?:1.8.0_212]
	at java.util.concurrent.ThreadPoolExecutor$Worker.run(ThreadPoolExecutor.java:624) [?:1.8.0_212]
	at java.lang.Thread.run(Thread.java:748) [?:1.8.0_212]
09:08:13.918 [grpc-default-executor-4] ERROR DNAudit - user=null | ip=null | op=WRITE_CHUNK {blockData=conID: 1 locID: 102433349812879361 bcsId: 14} | ret=FAILURE
org.apache.hadoop.hdds.scm.container.common.helpers.ContainerNotOpenException: Container 1 in CLOSED state
	at org.apache.hadoop.ozone.container.common.impl.HddsDispatcher.validateContainerCommand(HddsDispatcher.java:408) ~[hadoop-hdds-container-service-0.5.0-SNAPSHOT.jar:?]
	at org.apache.hadoop.ozone.container.common.transport.server.ratis.ContainerStateMachine.startTransaction(ContainerStateMachine.java:271) ~[hadoop-hdds-container-service-0.5.0-SNAPSHOT.jar:?]
	at org.apache.ratis.server.impl.RaftServerImpl.submitClientRequestAsync(RaftServerImpl.java:566) ~[ratis-server-0.4.0-2337318-SNAPSHOT.jar:0.4.0-2337318-SNAPSHOT]
	at org.apache.ratis.server.impl.RaftServerProxy.lambda$submitClientRequestAsync$7(RaftServerProxy.java:333) ~[ratis-server-0.4.0-2337318-SNAPSHOT.jar:0.4.0-2337318-SNAPSHOT]
	at org.apache.ratis.server.impl.RaftServerProxy.lambda$null$5(RaftServerProxy.java:328) ~[ratis-server-0.4.0-2337318-SNAPSHOT.jar:0.4.0-2337318-SNAPSHOT]
	at org.apache.ratis.util.JavaUtils.callAsUnchecked(JavaUtils.java:109) ~[ratis-common-0.4.0-2337318-SNAPSHOT.jar:0.4.0-2337318-SNAPSHOT]
	at org.apache.ratis.server.impl.RaftServerProxy.lambda$submitRequest$6(RaftServerProxy.java:328) ~[ratis-server-0.4.0-2337318-SNAPSHOT.jar:0.4.0-2337318-SNAPSHOT]
	at java.util.concurrent.CompletableFuture.uniComposeStage(CompletableFuture.java:981) ~[?:1.8.0_212]
	at java.util.concurrent.CompletableFuture.thenCompose(CompletableFuture.java:2124) ~[?:1.8.0_212]
	at org.apache.ratis.server.impl.RaftServerProxy.submitRequest(RaftServerProxy.java:327) ~[ratis-server-0.4.0-2337318-SNAPSHOT.jar:0.4.0-2337318-SNAPSHOT]
	at org.apache.ratis.server.impl.RaftServerProxy.submitClientRequestAsync(RaftServerProxy.java:333) ~[ratis-server-0.4.0-2337318-SNAPSHOT.jar:0.4.0-2337318-SNAPSHOT]
	at org.apache.ratis.grpc.client.GrpcClientProtocolService$RequestStreamObserver.processClientRequest(GrpcClientProtocolService.java:220) ~[ratis-grpc-0.4.0-2337318-SNAPSHOT.jar:0.4.0-2337318-SNAPSHOT]
	at org.apache.ratis.grpc.client.GrpcClientProtocolService$OrderedRequestStreamObserver.processClientRequest(GrpcClientProtocolService.java:326) ~[ratis-grpc-0.4.0-2337318-SNAPSHOT.jar:0.4.0-2337318-SNAPSHOT]
	at org.apache.ratis.util.SlidingWindow$Server.processRequestsFromHead(SlidingWindow.java:429) [ratis-common-0.4.0-2337318-SNAPSHOT.jar:0.4.0-2337318-SNAPSHOT]
	at org.apache.ratis.util.SlidingWindow$Server.receivedRequest(SlidingWindow.java:421) [ratis-common-0.4.0-2337318-SNAPSHOT.jar:0.4.0-2337318-SNAPSHOT]
	at org.apache.ratis.grpc.client.GrpcClientProtocolService$OrderedRequestStreamObserver.processClientRequest(GrpcClientProtocolService.java:345) [ratis-grpc-0.4.0-2337318-SNAPSHOT.jar:0.4.0-2337318-SNAPSHOT]
	at org.apache.ratis.grpc.client.GrpcClientProtocolService$RequestStreamObserver.onNext(GrpcClientProtocolService.java:240) [ratis-grpc-0.4.0-2337318-SNAPSHOT.jar:0.4.0-2337318-SNAPSHOT]
	at org.apache.ratis.grpc.client.GrpcClientProtocolService$RequestStreamObserver.onNext(GrpcClientProtocolService.java:168) [ratis-grpc-0.4.0-2337318-SNAPSHOT.jar:0.4.0-2337318-SNAPSHOT]
	at org.apache.ratis.thirdparty.io.grpc.stub.ServerCalls$StreamingServerCallHandler$StreamingServerCallListener.onMessage(ServerCalls.java:248) [ratis-thirdparty-misc-0.2.0.jar:0.2.0]
	at org.apache.ratis.thirdparty.io.grpc.internal.ServerCallImpl$ServerStreamListenerImpl.messagesAvailable(ServerCallImpl.java:263) [ratis-thirdparty-misc-0.2.0.jar:0.2.0]
	at org.apache.ratis.thirdparty.io.grpc.internal.ServerImpl$JumpToApplicationThreadServerStreamListener$1MessagesAvailable.runInContext(ServerImpl.java:686) [ratis-thirdparty-misc-0.2.0.jar:0.2.0]
	at org.apache.ratis.thirdparty.io.grpc.internal.ContextRunnable.run(ContextRunnable.java:37) [ratis-thirdparty-misc-0.2.0.jar:0.2.0]
	at org.apache.ratis.thirdparty.io.grpc.internal.SerializingExecutor.run(SerializingExecutor.java:123) [ratis-thirdparty-misc-0.2.0.jar:0.2.0]
	at java.util.concurrent.ThreadPoolExecutor.runWorker(ThreadPoolExecutor.java:1149) [?:1.8.0_212]
	at java.util.concurrent.ThreadPoolExecutor$Worker.run(ThreadPoolExecutor.java:624) [?:1.8.0_212]
	at java.lang.Thread.run(Thread.java:748) [?:1.8.0_212]
2019-07-13 09:08:13,918 INFO  client.GrpcClientProtocolClient (GrpcClientProtocolClient.java:onNext(255)) - client-0A49F413FC8F->8edcd2ad-5eae-4055-a5d5-7c2840f9d683: receive RaftClientReply:client-0A49F413FC8F->8edcd2ad-5eae-4055-a5d5-7c2840f9d683@group-94584C2FECE3, cid=22, FAILED org.apache.ratis.protocol.StateMachineException: org.apache.hadoop.hdds.scm.container.common.helpers.ContainerNotOpenException from Server 8edcd2ad-5eae-4055-a5d5-7c2840f9d683: Container 1 in CLOSED state, logIndex=0, commits[8edcd2ad-5eae-4055-a5d5-7c2840f9d683:c18, c6904f5f-bfcb-458f-a61a-755892db6ce7:c18, d872ec85-094f-4f67-bb7b-979955782da1:c16]
09:08:13.924 [grpc-default-executor-4] ERROR DNAudit - user=null | ip=null | op=WRITE_CHUNK {blockData=conID: 1 locID: 102433349812879361 bcsId: 14} | ret=FAILURE
org.apache.hadoop.hdds.scm.container.common.helpers.ContainerNotOpenException: Container 1 in CLOSED state
	at org.apache.hadoop.ozone.container.common.impl.HddsDispatcher.validateContainerCommand(HddsDispatcher.java:408) ~[hadoop-hdds-container-service-0.5.0-SNAPSHOT.jar:?]
	at org.apache.hadoop.ozone.container.common.transport.server.ratis.ContainerStateMachine.startTransaction(ContainerStateMachine.java:271) ~[hadoop-hdds-container-service-0.5.0-SNAPSHOT.jar:?]
	at org.apache.ratis.server.impl.RaftServerImpl.submitClientRequestAsync(RaftServerImpl.java:566) ~[ratis-server-0.4.0-2337318-SNAPSHOT.jar:0.4.0-2337318-SNAPSHOT]
	at org.apache.ratis.server.impl.RaftServerProxy.lambda$submitClientRequestAsync$7(RaftServerProxy.java:333) ~[ratis-server-0.4.0-2337318-SNAPSHOT.jar:0.4.0-2337318-SNAPSHOT]
	at org.apache.ratis.server.impl.RaftServerProxy.lambda$null$5(RaftServerProxy.java:328) ~[ratis-server-0.4.0-2337318-SNAPSHOT.jar:0.4.0-2337318-SNAPSHOT]
	at org.apache.ratis.util.JavaUtils.callAsUnchecked(JavaUtils.java:109) ~[ratis-common-0.4.0-2337318-SNAPSHOT.jar:0.4.0-2337318-SNAPSHOT]
	at org.apache.ratis.server.impl.RaftServerProxy.lambda$submitRequest$6(RaftServerProxy.java:328) ~[ratis-server-0.4.0-2337318-SNAPSHOT.jar:0.4.0-2337318-SNAPSHOT]
	at java.util.concurrent.CompletableFuture.uniComposeStage(CompletableFuture.java:981) ~[?:1.8.0_212]
	at java.util.concurrent.CompletableFuture.thenCompose(CompletableFuture.java:2124) ~[?:1.8.0_212]
	at org.apache.ratis.server.impl.RaftServerProxy.submitRequest(RaftServerProxy.java:327) ~[ratis-server-0.4.0-2337318-SNAPSHOT.jar:0.4.0-2337318-SNAPSHOT]
	at org.apache.ratis.server.impl.RaftServerProxy.submitClientRequestAsync(RaftServerProxy.java:333) ~[ratis-server-0.4.0-2337318-SNAPSHOT.jar:0.4.0-2337318-SNAPSHOT]
	at org.apache.ratis.grpc.client.GrpcClientProtocolService$RequestStreamObserver.processClientRequest(GrpcClientProtocolService.java:220) ~[ratis-grpc-0.4.0-2337318-SNAPSHOT.jar:0.4.0-2337318-SNAPSHOT]
	at org.apache.ratis.grpc.client.GrpcClientProtocolService$OrderedRequestStreamObserver.processClientRequest(GrpcClientProtocolService.java:326) ~[ratis-grpc-0.4.0-2337318-SNAPSHOT.jar:0.4.0-2337318-SNAPSHOT]
	at org.apache.ratis.util.SlidingWindow$Server.processRequestsFromHead(SlidingWindow.java:429) [ratis-common-0.4.0-2337318-SNAPSHOT.jar:0.4.0-2337318-SNAPSHOT]
	at org.apache.ratis.util.SlidingWindow$Server.receivedRequest(SlidingWindow.java:421) [ratis-common-0.4.0-2337318-SNAPSHOT.jar:0.4.0-2337318-SNAPSHOT]
	at org.apache.ratis.grpc.client.GrpcClientProtocolService$OrderedRequestStreamObserver.processClientRequest(GrpcClientProtocolService.java:345) [ratis-grpc-0.4.0-2337318-SNAPSHOT.jar:0.4.0-2337318-SNAPSHOT]
	at org.apache.ratis.grpc.client.GrpcClientProtocolService$RequestStreamObserver.onNext(GrpcClientProtocolService.java:240) [ratis-grpc-0.4.0-2337318-SNAPSHOT.jar:0.4.0-2337318-SNAPSHOT]
	at org.apache.ratis.grpc.client.GrpcClientProtocolService$RequestStreamObserver.onNext(GrpcClientProtocolService.java:168) [ratis-grpc-0.4.0-2337318-SNAPSHOT.jar:0.4.0-2337318-SNAPSHOT]
	at org.apache.ratis.thirdparty.io.grpc.stub.ServerCalls$StreamingServerCallHandler$StreamingServerCallListener.onMessage(ServerCalls.java:248) [ratis-thirdparty-misc-0.2.0.jar:0.2.0]
	at org.apache.ratis.thirdparty.io.grpc.internal.ServerCallImpl$ServerStreamListenerImpl.messagesAvailable(ServerCallImpl.java:263) [ratis-thirdparty-misc-0.2.0.jar:0.2.0]
	at org.apache.ratis.thirdparty.io.grpc.internal.ServerImpl$JumpToApplicationThreadServerStreamListener$1MessagesAvailable.runInContext(ServerImpl.java:686) [ratis-thirdparty-misc-0.2.0.jar:0.2.0]
	at org.apache.ratis.thirdparty.io.grpc.internal.ContextRunnable.run(ContextRunnable.java:37) [ratis-thirdparty-misc-0.2.0.jar:0.2.0]
	at org.apache.ratis.thirdparty.io.grpc.internal.SerializingExecutor.run(SerializingExecutor.java:123) [ratis-thirdparty-misc-0.2.0.jar:0.2.0]
	at java.util.concurrent.ThreadPoolExecutor.runWorker(ThreadPoolExecutor.java:1149) [?:1.8.0_212]
	at java.util.concurrent.ThreadPoolExecutor$Worker.run(ThreadPoolExecutor.java:624) [?:1.8.0_212]
	at java.lang.Thread.run(Thread.java:748) [?:1.8.0_212]
2019-07-13 09:08:13,925 INFO  client.GrpcClientProtocolClient (GrpcClientProtocolClient.java:onNext(255)) - client-0A49F413FC8F->8edcd2ad-5eae-4055-a5d5-7c2840f9d683: receive RaftClientReply:client-0A49F413FC8F->8edcd2ad-5eae-4055-a5d5-7c2840f9d683@group-94584C2FECE3, cid=23, FAILED org.apache.ratis.protocol.StateMachineException: org.apache.hadoop.hdds.scm.container.common.helpers.ContainerNotOpenException from Server 8edcd2ad-5eae-4055-a5d5-7c2840f9d683: Container 1 in CLOSED state, logIndex=0, commits[8edcd2ad-5eae-4055-a5d5-7c2840f9d683:c18, c6904f5f-bfcb-458f-a61a-755892db6ce7:c18, d872ec85-094f-4f67-bb7b-979955782da1:c16]
2019-07-13 09:08:13,929 INFO  client.GrpcClientProtocolClient (GrpcClientProtocolClient.java:onNext(255)) - client-0A49F413FC8F->8edcd2ad-5eae-4055-a5d5-7c2840f9d683: receive RaftClientReply:client-0A49F413FC8F->8edcd2ad-5eae-4055-a5d5-7c2840f9d683@group-94584C2FECE3, cid=24, FAILED org.apache.ratis.protocol.StateMachineException: org.apache.hadoop.hdds.scm.container.common.helpers.ContainerNotOpenException from Server 8edcd2ad-5eae-4055-a5d5-7c2840f9d683: Container 1 in CLOSED state, logIndex=0, commits[8edcd2ad-5eae-4055-a5d5-7c2840f9d683:c18, c6904f5f-bfcb-458f-a61a-755892db6ce7:c18, d872ec85-094f-4f67-bb7b-979955782da1:c16]
09:08:13.928 [grpc-default-executor-3] ERROR DNAudit - user=null | ip=null | op=PUT_BLOCK {blockData=[blockId=conID: 1 locID: 102433349812879361 bcsId: 0,size=800]} | ret=FAILURE
org.apache.hadoop.hdds.scm.container.common.helpers.ContainerNotOpenException: Container 1 in CLOSED state
	at org.apache.hadoop.ozone.container.common.impl.HddsDispatcher.validateContainerCommand(HddsDispatcher.java:408) ~[hadoop-hdds-container-service-0.5.0-SNAPSHOT.jar:?]
	at org.apache.hadoop.ozone.container.common.transport.server.ratis.ContainerStateMachine.startTransaction(ContainerStateMachine.java:271) ~[hadoop-hdds-container-service-0.5.0-SNAPSHOT.jar:?]
	at org.apache.ratis.server.impl.RaftServerImpl.submitClientRequestAsync(RaftServerImpl.java:566) ~[ratis-server-0.4.0-2337318-SNAPSHOT.jar:0.4.0-2337318-SNAPSHOT]
	at org.apache.ratis.server.impl.RaftServerProxy.lambda$submitClientRequestAsync$7(RaftServerProxy.java:333) ~[ratis-server-0.4.0-2337318-SNAPSHOT.jar:0.4.0-2337318-SNAPSHOT]
	at org.apache.ratis.server.impl.RaftServerProxy.lambda$null$5(RaftServerProxy.java:328) ~[ratis-server-0.4.0-2337318-SNAPSHOT.jar:0.4.0-2337318-SNAPSHOT]
	at org.apache.ratis.util.JavaUtils.callAsUnchecked(JavaUtils.java:109) ~[ratis-common-0.4.0-2337318-SNAPSHOT.jar:0.4.0-2337318-SNAPSHOT]
	at org.apache.ratis.server.impl.RaftServerProxy.lambda$submitRequest$6(RaftServerProxy.java:328) ~[ratis-server-0.4.0-2337318-SNAPSHOT.jar:0.4.0-2337318-SNAPSHOT]
	at java.util.concurrent.CompletableFuture.uniComposeStage(CompletableFuture.java:981) ~[?:1.8.0_212]
	at java.util.concurrent.CompletableFuture.thenCompose(CompletableFuture.java:2124) ~[?:1.8.0_212]
	at org.apache.ratis.server.impl.RaftServerProxy.submitRequest(RaftServerProxy.java:327) ~[ratis-server-0.4.0-2337318-SNAPSHOT.jar:0.4.0-2337318-SNAPSHOT]
	at org.apache.ratis.server.impl.RaftServerProxy.submitClientRequestAsync(RaftServerProxy.java:333) ~[ratis-server-0.4.0-2337318-SNAPSHOT.jar:0.4.0-2337318-SNAPSHOT]
	at org.apache.ratis.grpc.client.GrpcClientProtocolService$RequestStreamObserver.processClientRequest(GrpcClientProtocolService.java:220) ~[ratis-grpc-0.4.0-2337318-SNAPSHOT.jar:0.4.0-2337318-SNAPSHOT]
	at org.apache.ratis.grpc.client.GrpcClientProtocolService$OrderedRequestStreamObserver.processClientRequest(GrpcClientProtocolService.java:326) ~[ratis-grpc-0.4.0-2337318-SNAPSHOT.jar:0.4.0-2337318-SNAPSHOT]
	at org.apache.ratis.util.SlidingWindow$Server.processRequestsFromHead(SlidingWindow.java:429) [ratis-common-0.4.0-2337318-SNAPSHOT.jar:0.4.0-2337318-SNAPSHOT]
	at org.apache.ratis.util.SlidingWindow$Server.receivedRequest(SlidingWindow.java:421) [ratis-common-0.4.0-2337318-SNAPSHOT.jar:0.4.0-2337318-SNAPSHOT]
	at org.apache.ratis.grpc.client.GrpcClientProtocolService$OrderedRequestStreamObserver.processClientRequest(GrpcClientProtocolService.java:345) [ratis-grpc-0.4.0-2337318-SNAPSHOT.jar:0.4.0-2337318-SNAPSHOT]
	at org.apache.ratis.grpc.client.GrpcClientProtocolService$RequestStreamObserver.onNext(GrpcClientProtocolService.java:240) [ratis-grpc-0.4.0-2337318-SNAPSHOT.jar:0.4.0-2337318-SNAPSHOT]
	at org.apache.ratis.grpc.client.GrpcClientProtocolService$RequestStreamObserver.onNext(GrpcClientProtocolService.java:168) [ratis-grpc-0.4.0-2337318-SNAPSHOT.jar:0.4.0-2337318-SNAPSHOT]
	at org.apache.ratis.thirdparty.io.grpc.stub.ServerCalls$StreamingServerCallHandler$StreamingServerCallListener.onMessage(ServerCalls.java:248) [ratis-thirdparty-misc-0.2.0.jar:0.2.0]
	at org.apache.ratis.thirdparty.io.grpc.internal.ServerCallImpl$ServerStreamListenerImpl.messagesAvailable(ServerCallImpl.java:263) [ratis-thirdparty-misc-0.2.0.jar:0.2.0]
	at org.apache.ratis.thirdparty.io.grpc.internal.ServerImpl$JumpToApplicationThreadServerStreamListener$1MessagesAvailable.runInContext(ServerImpl.java:686) [ratis-thirdparty-misc-0.2.0.jar:0.2.0]
	at org.apache.ratis.thirdparty.io.grpc.internal.ContextRunnable.run(ContextRunnable.java:37) [ratis-thirdparty-misc-0.2.0.jar:0.2.0]
	at org.apache.ratis.thirdparty.io.grpc.internal.SerializingExecutor.run(SerializingExecutor.java:123) [ratis-thirdparty-misc-0.2.0.jar:0.2.0]
	at java.util.concurrent.ThreadPoolExecutor.runWorker(ThreadPoolExecutor.java:1149) [?:1.8.0_212]
	at java.util.concurrent.ThreadPoolExecutor$Worker.run(ThreadPoolExecutor.java:624) [?:1.8.0_212]
	at java.lang.Thread.run(Thread.java:748) [?:1.8.0_212]
2019-07-13 09:08:13,936 INFO  client.GrpcClientProtocolClient (GrpcClientProtocolClient.java:onNext(255)) - client-0A49F413FC8F->8edcd2ad-5eae-4055-a5d5-7c2840f9d683: receive RaftClientReply:client-0A49F413FC8F->8edcd2ad-5eae-4055-a5d5-7c2840f9d683@group-94584C2FECE3, cid=25, FAILED org.apache.ratis.protocol.StateMachineException: org.apache.hadoop.hdds.scm.container.common.helpers.ContainerNotOpenException from Server 8edcd2ad-5eae-4055-a5d5-7c2840f9d683: Container 1 in CLOSED state, logIndex=0, commits[8edcd2ad-5eae-4055-a5d5-7c2840f9d683:c18, c6904f5f-bfcb-458f-a61a-755892db6ce7:c18, d872ec85-094f-4f67-bb7b-979955782da1:c16]
2019-07-13 09:08:13,942 INFO  client.GrpcClientProtocolClient (GrpcClientProtocolClient.java:onNext(255)) - client-0A49F413FC8F->8edcd2ad-5eae-4055-a5d5-7c2840f9d683: receive RaftClientReply:client-0A49F413FC8F->8edcd2ad-5eae-4055-a5d5-7c2840f9d683@group-94584C2FECE3, cid=26, FAILED org.apache.ratis.protocol.StateMachineException: org.apache.hadoop.hdds.scm.container.common.helpers.ContainerNotOpenException from Server 8edcd2ad-5eae-4055-a5d5-7c2840f9d683: Container 1 in CLOSED state, logIndex=0, commits[8edcd2ad-5eae-4055-a5d5-7c2840f9d683:c18, c6904f5f-bfcb-458f-a61a-755892db6ce7:c18, d872ec85-094f-4f67-bb7b-979955782da1:c16]
2019-07-13 09:08:13,943 INFO  client.GrpcClientProtocolClient (GrpcClientProtocolClient.java:onNext(255)) - client-0A49F413FC8F->8edcd2ad-5eae-4055-a5d5-7c2840f9d683: receive RaftClientReply:client-0A49F413FC8F->8edcd2ad-5eae-4055-a5d5-7c2840f9d683@group-94584C2FECE3, cid=27, FAILED org.apache.ratis.protocol.StateMachineException: org.apache.hadoop.hdds.scm.container.common.helpers.ContainerNotOpenException from Server 8edcd2ad-5eae-4055-a5d5-7c2840f9d683: Container 1 in CLOSED state, logIndex=0, commits[8edcd2ad-5eae-4055-a5d5-7c2840f9d683:c18, c6904f5f-bfcb-458f-a61a-755892db6ce7:c18, d872ec85-094f-4f67-bb7b-979955782da1:c16]
2019-07-13 09:08:14,146 INFO  client.GrpcClientProtocolClient (GrpcClientProtocolClient.java:onNext(255)) - client-08DF42A20607->7952b4da-c295-453a-923b-6406a50e8e36: receive RaftClientReply:client-08DF42A20607->7952b4da-c295-453a-923b-6406a50e8e36@group-3173C632CE4A, cid=28, SUCCESS, logIndex=1, commits[7952b4da-c295-453a-923b-6406a50e8e36:c1, 39e80c9a-c9e7-465a-ac1a-e4eea8dfe517:c0, 64012248-86ed-4703-b229-4c36d10a7c01:c0]
2019-07-13 09:08:14,182 INFO  client.GrpcClientProtocolClient (GrpcClientProtocolClient.java:onNext(255)) - client-08DF42A20607->7952b4da-c295-453a-923b-6406a50e8e36: receive RaftClientReply:client-08DF42A20607->7952b4da-c295-453a-923b-6406a50e8e36@group-3173C632CE4A, cid=29, SUCCESS, logIndex=3, commits[7952b4da-c295-453a-923b-6406a50e8e36:c4, 39e80c9a-c9e7-465a-ac1a-e4eea8dfe517:c2, 64012248-86ed-4703-b229-4c36d10a7c01:c2]
2019-07-13 09:08:14,231 INFO  client.GrpcClientProtocolClient (GrpcClientProtocolClient.java:onNext(255)) - client-08DF42A20607->7952b4da-c295-453a-923b-6406a50e8e36: receive RaftClientReply:client-08DF42A20607->7952b4da-c295-453a-923b-6406a50e8e36@group-3173C632CE4A, cid=30, SUCCESS, logIndex=4, commits[7952b4da-c295-453a-923b-6406a50e8e36:c12, 39e80c9a-c9e7-465a-ac1a-e4eea8dfe517:c7, 64012248-86ed-4703-b229-4c36d10a7c01:c7]
2019-07-13 09:08:14,237 INFO  client.GrpcClientProtocolClient (GrpcClientProtocolClient.java:onNext(255)) - client-08DF42A20607->7952b4da-c295-453a-923b-6406a50e8e36: receive RaftClientReply:client-08DF42A20607->7952b4da-c295-453a-923b-6406a50e8e36@group-3173C632CE4A, cid=31, SUCCESS, logIndex=5, commits[7952b4da-c295-453a-923b-6406a50e8e36:c12, 39e80c9a-c9e7-465a-ac1a-e4eea8dfe517:c7, 64012248-86ed-4703-b229-4c36d10a7c01:c7]
2019-07-13 09:08:14,238 INFO  client.GrpcClientProtocolClient (GrpcClientProtocolClient.java:onNext(255)) - client-08DF42A20607->7952b4da-c295-453a-923b-6406a50e8e36: receive RaftClientReply:client-08DF42A20607->7952b4da-c295-453a-923b-6406a50e8e36@group-3173C632CE4A, cid=32, SUCCESS, logIndex=6, commits[7952b4da-c295-453a-923b-6406a50e8e36:c12, 39e80c9a-c9e7-465a-ac1a-e4eea8dfe517:c7, 64012248-86ed-4703-b229-4c36d10a7c01:c7]
2019-07-13 09:08:14,265 INFO  client.GrpcClientProtocolClient (GrpcClientProtocolClient.java:onNext(255)) - client-08DF42A20607->7952b4da-c295-453a-923b-6406a50e8e36: receive RaftClientReply:client-08DF42A20607->7952b4da-c295-453a-923b-6406a50e8e36@group-3173C632CE4A, cid=33, SUCCESS, logIndex=7, commits[7952b4da-c295-453a-923b-6406a50e8e36:c12, 39e80c9a-c9e7-465a-ac1a-e4eea8dfe517:c7, 64012248-86ed-4703-b229-4c36d10a7c01:c7]
2019-07-13 09:08:14,301 INFO  client.GrpcClientProtocolClient (GrpcClientProtocolClient.java:onNext(255)) - client-08DF42A20607->7952b4da-c295-453a-923b-6406a50e8e36: receive RaftClientReply:client-08DF42A20607->7952b4da-c295-453a-923b-6406a50e8e36@group-3173C632CE4A, cid=34, SUCCESS, logIndex=13, commits[7952b4da-c295-453a-923b-6406a50e8e36:c14, 39e80c9a-c9e7-465a-ac1a-e4eea8dfe517:c12, 64012248-86ed-4703-b229-4c36d10a7c01:c12]
2019-07-13 09:08:14,302 INFO  client.GrpcClientProtocolClient (GrpcClientProtocolClient.java:onNext(255)) - client-08DF42A20607->7952b4da-c295-453a-923b-6406a50e8e36: receive RaftClientReply:client-08DF42A20607->7952b4da-c295-453a-923b-6406a50e8e36@group-3173C632CE4A, cid=35, SUCCESS, logIndex=14, commits[7952b4da-c295-453a-923b-6406a50e8e36:c14, 39e80c9a-c9e7-465a-ac1a-e4eea8dfe517:c12, 64012248-86ed-4703-b229-4c36d10a7c01:c12]
2019-07-13 09:08:14,316 INFO  client.GrpcClientProtocolClient (GrpcClientProtocolClient.java:onNext(255)) - client-08DF42A20607->7952b4da-c295-453a-923b-6406a50e8e36: receive RaftClientReply:client-08DF42A20607->7952b4da-c295-453a-923b-6406a50e8e36@group-3173C632CE4A, cid=36, SUCCESS, logIndex=0, commits[7952b4da-c295-453a-923b-6406a50e8e36:c15, 39e80c9a-c9e7-465a-ac1a-e4eea8dfe517:c14, 64012248-86ed-4703-b229-4c36d10a7c01:c14]
2019-07-13 09:08:14,317 INFO  ozone.MiniOzoneClusterImpl (MiniOzoneClusterImpl.java:shutdown(321)) - Shutting down the Mini Ozone Cluster
2019-07-13 09:08:14,318 INFO  ozone.MiniOzoneClusterImpl (MiniOzoneClusterImpl.java:stop(336)) - Stopping the Mini Ozone Cluster
2019-07-13 09:08:14,318 INFO  ozone.MiniOzoneClusterImpl (MiniOzoneClusterImpl.java:stop(338)) - Stopping the OzoneManager
2019-07-13 09:08:14,319 INFO  ipc.Server (Server.java:stop(3082)) - Stopping server on 45745
2019-07-13 09:08:14,319 INFO  ipc.Server (Server.java:run(1185)) - Stopping IPC Server listener on 45745
2019-07-13 09:08:14,320 INFO  utils.BackgroundService (BackgroundService.java:shutdown(148)) - Shutting down service KeyDeletingService
2019-07-13 09:08:14,321 INFO  ipc.Server (Server.java:run(1319)) - Stopping IPC Server Responder
2019-07-13 09:08:14,324 INFO  handler.ContextHandler (ContextHandler.java:doStop(910)) - Stopped o.e.j.w.WebAppContext@1b9c1b51{/,null,UNAVAILABLE}{/ozoneManager}
2019-07-13 09:08:14,326 INFO  server.AbstractConnector (AbstractConnector.java:doStop(318)) - Stopped ServerConnector@2e52fb3e{HTTP/1.1,[http/1.1]}{0.0.0.0:0}
2019-07-13 09:08:14,326 INFO  handler.ContextHandler (ContextHandler.java:doStop(910)) - Stopped o.e.j.s.ServletContextHandler@35c09b94{/static,file:///tmp/workdir/hadoop-ozone/integration-test/target/test-classes/webapps/static,UNAVAILABLE}
2019-07-13 09:08:14,326 INFO  handler.ContextHandler (ContextHandler.java:doStop(910)) - Stopped o.e.j.s.ServletContextHandler@6ac97b84{/logs,file:///tmp/workdir/hadoop-ozone/integration-test/target/log,UNAVAILABLE}
2019-07-13 09:08:14,343 INFO  ozone.MiniOzoneClusterImpl (MiniOzoneClusterImpl.java:stop(344)) - Shutting the HddsDatanodes
2019-07-13 09:08:14,343 INFO  datanode.ObjectStoreHandler (ObjectStoreHandler.java:close(155)) - Closing ObjectStoreHandler.
2019-07-13 09:08:14,344 INFO  datanode.ObjectStoreHandler (ObjectStoreHandler.java:close(155)) - Closing ObjectStoreHandler.
2019-07-13 09:08:14,346 INFO  ozone.HddsDatanodeService (HddsDatanodeService.java:stop(452)) - Stopped plug-in org.apache.hadoop.ozone.web.OzoneHddsDatanodeService@15d236fd
2019-07-13 09:08:14,346 INFO  ozone.HddsDatanodeService (HddsDatanodeService.java:stop(452)) - Stopped plug-in org.apache.hadoop.ozone.web.OzoneHddsDatanodeService@7436364d
2019-07-13 09:08:15,122 INFO  statemachine.DatanodeStateMachine (DatanodeStateMachine.java:lambda$startDaemon$0(350)) - Ozone container server started.
2019-07-13 09:08:15,297 WARN  server.GrpcLogAppender (LogUtils.java:warn(134)) - 8edcd2ad-5eae-4055-a5d5-7c2840f9d683->d872ec85-094f-4f67-bb7b-979955782da1: Failed appendEntries: org.apache.ratis.thirdparty.io.grpc.StatusRuntimeException: UNAVAILABLE: io exception
2019-07-13 09:08:15,300 WARN  server.GrpcLogAppender (LogUtils.java:warn(134)) - 8edcd2ad-5eae-4055-a5d5-7c2840f9d683->c6904f5f-bfcb-458f-a61a-755892db6ce7: Failed appendEntries: org.apache.ratis.thirdparty.io.grpc.StatusRuntimeException: UNAVAILABLE: io exception
2019-07-13 09:08:15,300 INFO  impl.FollowerInfo (FollowerInfo.java:lambda$new$0(50)) - 8edcd2ad-5eae-4055-a5d5-7c2840f9d683->d872ec85-094f-4f67-bb7b-979955782da1: nextIndex: updateUnconditionally 15 -> 14
2019-07-13 09:08:15,302 INFO  impl.FollowerInfo (FollowerInfo.java:lambda$new$0(50)) - 8edcd2ad-5eae-4055-a5d5-7c2840f9d683->c6904f5f-bfcb-458f-a61a-755892db6ce7: nextIndex: updateUnconditionally 18 -> 17
2019-07-13 09:08:15,314 INFO  statemachine.DatanodeStateMachine (DatanodeStateMachine.java:lambda$startDaemon$0(350)) - Ozone container server started.
2019-07-13 09:08:17,801 WARN  server.GrpcLogAppender (LogUtils.java:warn(134)) - 8edcd2ad-5eae-4055-a5d5-7c2840f9d683->d872ec85-094f-4f67-bb7b-979955782da1: Failed appendEntries: org.apache.ratis.thirdparty.io.grpc.StatusRuntimeException: UNAVAILABLE: io exception
2019-07-13 09:08:17,802 WARN  server.GrpcLogAppender (LogUtils.java:warn(134)) - 8edcd2ad-5eae-4055-a5d5-7c2840f9d683->c6904f5f-bfcb-458f-a61a-755892db6ce7: Failed appendEntries: org.apache.ratis.thirdparty.io.grpc.StatusRuntimeException: UNAVAILABLE: io exception
2019-07-13 09:08:17,803 INFO  impl.FollowerInfo (FollowerInfo.java:lambda$new$0(50)) - 8edcd2ad-5eae-4055-a5d5-7c2840f9d683->d872ec85-094f-4f67-bb7b-979955782da1: nextIndex: updateUnconditionally 14 -> 13
2019-07-13 09:08:17,805 INFO  impl.FollowerInfo (FollowerInfo.java:lambda$new$0(50)) - 8edcd2ad-5eae-4055-a5d5-7c2840f9d683->c6904f5f-bfcb-458f-a61a-755892db6ce7: nextIndex: updateUnconditionally 17 -> 16
2019-07-13 09:08:19,144 INFO  node.StaleNodeHandler (StaleNodeHandler.java:onMessage(58)) - Datanode 64012248-86ed-4703-b229-4c36d10a7c01{ip: 192.168.69.96, host: trunk-nightly-hmp62-43275749, networkLocation: /default-rack, certSerialId: null} moved to stale state. Finalizing its pipelines [PipelineID=43382fa5-fcd8-41fa-b37b-69ca5d2e4986, PipelineID=faae35ee-a3b9-42d7-9a02-3173c632ce4a]
2019-07-13 09:08:19,144 INFO  pipeline.SCMPipelineManager (SCMPipelineManager.java:finalizeAndDestroyPipeline(309)) - destroying pipeline:Pipeline[ Id: 43382fa5-fcd8-41fa-b37b-69ca5d2e4986, Nodes: 64012248-86ed-4703-b229-4c36d10a7c01{ip: 192.168.69.96, host: trunk-nightly-hmp62-43275749, networkLocation: /default-rack, certSerialId: null}, Type:RATIS, Factor:ONE, State:OPEN]
2019-07-13 09:08:19,144 INFO  pipeline.PipelineStateManager (PipelineStateManager.java:finalizePipeline(123)) - Pipeline Pipeline[ Id: 43382fa5-fcd8-41fa-b37b-69ca5d2e4986, Nodes: 64012248-86ed-4703-b229-4c36d10a7c01{ip: 192.168.69.96, host: trunk-nightly-hmp62-43275749, networkLocation: /default-rack, certSerialId: null}, Type:RATIS, Factor:ONE, State:CLOSED] moved to CLOSED state
2019-07-13 09:08:19,145 INFO  pipeline.SCMPipelineManager (SCMPipelineManager.java:finalizeAndDestroyPipeline(309)) - destroying pipeline:Pipeline[ Id: faae35ee-a3b9-42d7-9a02-3173c632ce4a, Nodes: 7952b4da-c295-453a-923b-6406a50e8e36{ip: 192.168.69.96, host: trunk-nightly-hmp62-43275749, networkLocation: /default-rack, certSerialId: null}64012248-86ed-4703-b229-4c36d10a7c01{ip: 192.168.69.96, host: trunk-nightly-hmp62-43275749, networkLocation: /default-rack, certSerialId: null}39e80c9a-c9e7-465a-ac1a-e4eea8dfe517{ip: 192.168.69.96, host: trunk-nightly-hmp62-43275749, networkLocation: /default-rack, certSerialId: null}, Type:RATIS, Factor:THREE, State:OPEN]
2019-07-13 09:08:19,145 INFO  pipeline.PipelineStateManager (PipelineStateManager.java:finalizePipeline(123)) - Pipeline Pipeline[ Id: faae35ee-a3b9-42d7-9a02-3173c632ce4a, Nodes: 7952b4da-c295-453a-923b-6406a50e8e36{ip: 192.168.69.96, host: trunk-nightly-hmp62-43275749, networkLocation: /default-rack, certSerialId: null}64012248-86ed-4703-b229-4c36d10a7c01{ip: 192.168.69.96, host: trunk-nightly-hmp62-43275749, networkLocation: /default-rack, certSerialId: null}39e80c9a-c9e7-465a-ac1a-e4eea8dfe517{ip: 192.168.69.96, host: trunk-nightly-hmp62-43275749, networkLocation: /default-rack, certSerialId: null}, Type:RATIS, Factor:THREE, State:CLOSED] moved to CLOSED state
2019-07-13 09:08:19,145 INFO  container.CloseContainerEventHandler (CloseContainerEventHandler.java:onMessage(61)) - Close container Event triggered for container : #2
2019-07-13 09:08:19,344 INFO  node.StaleNodeHandler (StaleNodeHandler.java:onMessage(58)) - Datanode 8edcd2ad-5eae-4055-a5d5-7c2840f9d683{ip: 192.168.69.96, host: trunk-nightly-hmp62-43275749, networkLocation: /default-rack, certSerialId: null} moved to stale state. Finalizing its pipelines [PipelineID=9ee09cc8-e941-4977-8ff4-4a3a42a415e6, PipelineID=ed42a99f-166f-403c-928d-94584c2fece3]
2019-07-13 09:08:19,344 INFO  pipeline.SCMPipelineManager (SCMPipelineManager.java:finalizeAndDestroyPipeline(309)) - destroying pipeline:Pipeline[ Id: 9ee09cc8-e941-4977-8ff4-4a3a42a415e6, Nodes: 8edcd2ad-5eae-4055-a5d5-7c2840f9d683{ip: 192.168.69.96, host: trunk-nightly-hmp62-43275749, networkLocation: /default-rack, certSerialId: null}, Type:RATIS, Factor:ONE, State:OPEN]
2019-07-13 09:08:19,345 INFO  pipeline.PipelineStateManager (PipelineStateManager.java:finalizePipeline(123)) - Pipeline Pipeline[ Id: 9ee09cc8-e941-4977-8ff4-4a3a42a415e6, Nodes: 8edcd2ad-5eae-4055-a5d5-7c2840f9d683{ip: 192.168.69.96, host: trunk-nightly-hmp62-43275749, networkLocation: /default-rack, certSerialId: null}, Type:RATIS, Factor:ONE, State:CLOSED] moved to CLOSED state
2019-07-13 09:08:19,345 INFO  pipeline.SCMPipelineManager (SCMPipelineManager.java:finalizeAndDestroyPipeline(309)) - destroying pipeline:Pipeline[ Id: ed42a99f-166f-403c-928d-94584c2fece3, Nodes: d872ec85-094f-4f67-bb7b-979955782da1{ip: 192.168.69.96, host: trunk-nightly-hmp62-43275749, networkLocation: /default-rack, certSerialId: null}c6904f5f-bfcb-458f-a61a-755892db6ce7{ip: 192.168.69.96, host: trunk-nightly-hmp62-43275749, networkLocation: /default-rack, certSerialId: null}8edcd2ad-5eae-4055-a5d5-7c2840f9d683{ip: 192.168.69.96, host: trunk-nightly-hmp62-43275749, networkLocation: /default-rack, certSerialId: null}, Type:RATIS, Factor:THREE, State:CLOSED]
2019-07-13 09:08:19,347 INFO  ozoneimpl.OzoneContainer (OzoneContainer.java:stop(199)) - Attempting to stop container services.
2019-07-13 09:08:19,347 INFO  ozoneimpl.OzoneContainer (OzoneContainer.java:stop(199)) - Attempting to stop container services.
2019-07-13 09:08:19,348 INFO  impl.RaftServerProxy (RaftServerProxy.java:lambda$close$4(314)) - 64012248-86ed-4703-b229-4c36d10a7c01: close
2019-07-13 09:08:19,349 INFO  impl.RaftServerProxy (RaftServerProxy.java:lambda$close$4(314)) - 8edcd2ad-5eae-4055-a5d5-7c2840f9d683: close
2019-07-13 09:08:19,349 INFO  impl.RaftServerImpl (RaftServerImpl.java:lambda$shutdown$3(245)) - 64012248-86ed-4703-b229-4c36d10a7c01: shutdown group-69CA5D2E4986
2019-07-13 09:08:19,349 INFO  impl.RaftServerImpl (RaftServerImpl.java:lambda$shutdown$3(245)) - 8edcd2ad-5eae-4055-a5d5-7c2840f9d683: shutdown group-4A3A42A415E6
2019-07-13 09:08:19,349 INFO  util.JmxRegister (JmxRegister.java:unregister(73)) - Successfully un-registered JMX Bean with object name Ratis:service=RaftServer,group=group-69CA5D2E4986,id=64012248-86ed-4703-b229-4c36d10a7c01
2019-07-13 09:08:19,350 INFO  util.JmxRegister (JmxRegister.java:unregister(73)) - Successfully un-registered JMX Bean with object name Ratis:service=RaftServer,group=group-4A3A42A415E6,id=8edcd2ad-5eae-4055-a5d5-7c2840f9d683
2019-07-13 09:08:19,350 INFO  impl.RoleInfo (RoleInfo.java:shutdownLeaderState(104)) - 64012248-86ed-4703-b229-4c36d10a7c01: shutdown LeaderState
2019-07-13 09:08:19,350 INFO  impl.RoleInfo (RoleInfo.java:shutdownLeaderState(104)) - 8edcd2ad-5eae-4055-a5d5-7c2840f9d683: shutdown LeaderState
2019-07-13 09:08:19,351 INFO  impl.PendingRequests (PendingRequests.java:sendNotLeaderResponses(202)) - 64012248-86ed-4703-b229-4c36d10a7c01-PendingRequests: sendNotLeaderResponses
2019-07-13 09:08:19,354 INFO  impl.PendingRequests (PendingRequests.java:sendNotLeaderResponses(202)) - 8edcd2ad-5eae-4055-a5d5-7c2840f9d683-PendingRequests: sendNotLeaderResponses
2019-07-13 09:08:19,354 INFO  impl.StateMachineUpdater (StateMachineUpdater.java:stopAndJoin(115)) - StateMachineUpdater:64012248-86ed-4703-b229-4c36d10a7c01:group-69CA5D2E4986: set stopIndex = 0
2019-07-13 09:08:19,355 INFO  ratis.ContainerStateMachine (ContainerStateMachine.java:takeSnapshot(246)) - Taking snapshot at termIndex:(t:0, i:~)
2019-07-13 09:08:19,355 INFO  impl.StateMachineUpdater (StateMachineUpdater.java:stopAndJoin(115)) - StateMachineUpdater:8edcd2ad-5eae-4055-a5d5-7c2840f9d683:group-4A3A42A415E6: set stopIndex = 0
2019-07-13 09:08:19,356 INFO  impl.RaftServerImpl (ServerState.java:close(394)) - 8edcd2ad-5eae-4055-a5d5-7c2840f9d683:group-4A3A42A415E6 closes. The last applied log index is 0
2019-07-13 09:08:19,355 INFO  ratis.ContainerStateMachine (ContainerStateMachine.java:takeSnapshot(246)) - Taking snapshot at termIndex:(t:0, i:~)
2019-07-13 09:08:19,356 INFO  segmented.SegmentedRaftLogWorker (SegmentedRaftLogWorker.java:run(313)) - 8edcd2ad-5eae-4055-a5d5-7c2840f9d683-SegmentedRaftLogWorker:Storage Directory /tmp/workdir/hadoop-ozone/integration-test/target/test-dir/MiniOzoneClusterImpl-2aef17b0-a2ec-4c0b-b11c-ca76bc81bdbb/datanode-2/data/ratis/9ee09cc8-e941-4977-8ff4-4a3a42a415e6 was interrupted, exiting. There are 0 tasks remaining in the queue.
2019-07-13 09:08:19,356 INFO  impl.RaftServerImpl (ServerState.java:close(394)) - 64012248-86ed-4703-b229-4c36d10a7c01:group-69CA5D2E4986 closes. The last applied log index is 0
2019-07-13 09:08:19,358 INFO  segmented.SegmentedRaftLogWorker (SegmentedRaftLogWorker.java:close(228)) - 8edcd2ad-5eae-4055-a5d5-7c2840f9d683-SegmentedRaftLogWorker:Storage Directory /tmp/workdir/hadoop-ozone/integration-test/target/test-dir/MiniOzoneClusterImpl-2aef17b0-a2ec-4c0b-b11c-ca76bc81bdbb/datanode-2/data/ratis/9ee09cc8-e941-4977-8ff4-4a3a42a415e6 close()
2019-07-13 09:08:19,359 INFO  segmented.SegmentedRaftLogWorker (SegmentedRaftLogWorker.java:run(313)) - 64012248-86ed-4703-b229-4c36d10a7c01-SegmentedRaftLogWorker:Storage Directory /tmp/workdir/hadoop-ozone/integration-test/target/test-dir/MiniOzoneClusterImpl-2aef17b0-a2ec-4c0b-b11c-ca76bc81bdbb/datanode-4/data/ratis/43382fa5-fcd8-41fa-b37b-69ca5d2e4986 was interrupted, exiting. There are 0 tasks remaining in the queue.
2019-07-13 09:08:19,362 INFO  impl.RaftServerImpl (RaftServerImpl.java:lambda$shutdown$3(245)) - 8edcd2ad-5eae-4055-a5d5-7c2840f9d683: shutdown group-94584C2FECE3
2019-07-13 09:08:19,364 INFO  segmented.SegmentedRaftLogWorker (SegmentedRaftLogWorker.java:close(228)) - 64012248-86ed-4703-b229-4c36d10a7c01-SegmentedRaftLogWorker:Storage Directory /tmp/workdir/hadoop-ozone/integration-test/target/test-dir/MiniOzoneClusterImpl-2aef17b0-a2ec-4c0b-b11c-ca76bc81bdbb/datanode-4/data/ratis/43382fa5-fcd8-41fa-b37b-69ca5d2e4986 close()
2019-07-13 09:08:19,364 INFO  util.JmxRegister (JmxRegister.java:unregister(73)) - Successfully un-registered JMX Bean with object name Ratis:service=RaftServer,group=group-94584C2FECE3,id=8edcd2ad-5eae-4055-a5d5-7c2840f9d683
2019-07-13 09:08:19,368 INFO  impl.RaftServerImpl (RaftServerImpl.java:lambda$shutdown$3(245)) - 64012248-86ed-4703-b229-4c36d10a7c01: shutdown group-3173C632CE4A
2019-07-13 09:08:19,368 INFO  impl.RoleInfo (RoleInfo.java:shutdownLeaderState(104)) - 8edcd2ad-5eae-4055-a5d5-7c2840f9d683: shutdown LeaderState
2019-07-13 09:08:19,368 INFO  util.JmxRegister (JmxRegister.java:unregister(73)) - Successfully un-registered JMX Bean with object name Ratis:service=RaftServer,group=group-3173C632CE4A,id=64012248-86ed-4703-b229-4c36d10a7c01
2019-07-13 09:08:19,372 WARN  server.GrpcLogAppender (GrpcLogAppender.java:mayWait(143)) - GrpcLogAppender(8edcd2ad-5eae-4055-a5d5-7c2840f9d683->c6904f5f-bfcb-458f-a61a-755892db6ce7): Wait interrupted by java.lang.InterruptedException
2019-07-13 09:08:19,372 WARN  server.GrpcLogAppender (GrpcLogAppender.java:mayWait(143)) - GrpcLogAppender(8edcd2ad-5eae-4055-a5d5-7c2840f9d683->d872ec85-094f-4f67-bb7b-979955782da1): Wait interrupted by java.lang.InterruptedException
2019-07-13 09:08:19,372 INFO  impl.PendingRequests (PendingRequests.java:sendNotLeaderResponses(202)) - 8edcd2ad-5eae-4055-a5d5-7c2840f9d683-PendingRequests: sendNotLeaderResponses
2019-07-13 09:08:19,372 INFO  impl.RoleInfo (RoleInfo.java:shutdownFollowerState(121)) - 64012248-86ed-4703-b229-4c36d10a7c01: shutdown FollowerState
2019-07-13 09:08:19,376 INFO  ratis.ContainerStateMachine (ContainerStateMachine.java:takeSnapshot(246)) - Taking snapshot at termIndex:(t:1, i:18)
2019-07-13 09:08:19,377 INFO  ratis.ContainerStateMachine (ContainerStateMachine.java:takeSnapshot(246)) - Taking snapshot at termIndex:(t:2, i:14)
2019-07-13 09:08:19,376 INFO  impl.StateMachineUpdater (StateMachineUpdater.java:stopAndJoin(115)) - StateMachineUpdater:8edcd2ad-5eae-4055-a5d5-7c2840f9d683:group-94584C2FECE3: set stopIndex = 18
2019-07-13 09:08:19,377 INFO  ratis.ContainerStateMachine (ContainerStateMachine.java:takeSnapshot(250)) - Taking a snapshot to file /tmp/workdir/hadoop-ozone/integration-test/target/test-dir/MiniOzoneClusterImpl-2aef17b0-a2ec-4c0b-b11c-ca76bc81bdbb/datanode-4/data/ratis/faae35ee-a3b9-42d7-9a02-3173c632ce4a/sm/snapshot.2_14
2019-07-13 09:08:19,377 INFO  ratis.ContainerStateMachine (ContainerStateMachine.java:takeSnapshot(250)) - Taking a snapshot to file /tmp/workdir/hadoop-ozone/integration-test/target/test-dir/MiniOzoneClusterImpl-2aef17b0-a2ec-4c0b-b11c-ca76bc81bdbb/datanode-2/data/ratis/ed42a99f-166f-403c-928d-94584c2fece3/sm/snapshot.1_18
2019-07-13 09:08:19,377 INFO  impl.FollowerState (FollowerState.java:run(114)) - 64012248-86ed-4703-b229-4c36d10a7c01: FollowerState was interrupted: java.lang.InterruptedException: sleep interrupted
2019-07-13 09:08:19,378 INFO  impl.StateMachineUpdater (StateMachineUpdater.java:takeSnapshot(242)) - StateMachineUpdater:64012248-86ed-4703-b229-4c36d10a7c01:group-3173C632CE4A: Took a snapshot at index 14
2019-07-13 09:08:19,379 INFO  impl.StateMachineUpdater (StateMachineUpdater.java:takeSnapshot(242)) - StateMachineUpdater:8edcd2ad-5eae-4055-a5d5-7c2840f9d683:group-94584C2FECE3: Took a snapshot at index 18
2019-07-13 09:08:19,377 INFO  impl.StateMachineUpdater (StateMachineUpdater.java:stopAndJoin(115)) - StateMachineUpdater:64012248-86ed-4703-b229-4c36d10a7c01:group-3173C632CE4A: set stopIndex = 16
2019-07-13 09:08:19,380 INFO  impl.StateMachineUpdater (StateMachineUpdater.java:lambda$new$0(80)) - StateMachineUpdater:8edcd2ad-5eae-4055-a5d5-7c2840f9d683:group-94584C2FECE3: snapshotIndex: updateIncreasingly -1 -> 18
2019-07-13 09:08:19,379 INFO  impl.StateMachineUpdater (StateMachineUpdater.java:lambda$new$0(80)) - StateMachineUpdater:64012248-86ed-4703-b229-4c36d10a7c01:group-3173C632CE4A: snapshotIndex: updateIncreasingly -1 -> 14
2019-07-13 09:08:19,380 INFO  impl.RaftServerImpl (ServerState.java:close(394)) - 8edcd2ad-5eae-4055-a5d5-7c2840f9d683:group-94584C2FECE3 closes. The last applied log index is 18
2019-07-13 09:08:19,381 INFO  impl.RaftServerImpl (ServerState.java:close(394)) - 64012248-86ed-4703-b229-4c36d10a7c01:group-3173C632CE4A closes. The last applied log index is 16
2019-07-13 09:08:19,381 INFO  segmented.SegmentedRaftLogWorker (SegmentedRaftLogWorker.java:run(313)) - 8edcd2ad-5eae-4055-a5d5-7c2840f9d683-SegmentedRaftLogWorker:Storage Directory /tmp/workdir/hadoop-ozone/integration-test/target/test-dir/MiniOzoneClusterImpl-2aef17b0-a2ec-4c0b-b11c-ca76bc81bdbb/datanode-2/data/ratis/ed42a99f-166f-403c-928d-94584c2fece3 was interrupted, exiting. There are 0 tasks remaining in the queue.
2019-07-13 09:08:19,381 INFO  segmented.SegmentedRaftLogWorker (SegmentedRaftLogWorker.java:run(313)) - 64012248-86ed-4703-b229-4c36d10a7c01-SegmentedRaftLogWorker:Storage Directory /tmp/workdir/hadoop-ozone/integration-test/target/test-dir/MiniOzoneClusterImpl-2aef17b0-a2ec-4c0b-b11c-ca76bc81bdbb/datanode-4/data/ratis/faae35ee-a3b9-42d7-9a02-3173c632ce4a was interrupted, exiting. There are 0 tasks remaining in the queue.
2019-07-13 09:08:19,383 INFO  segmented.SegmentedRaftLogWorker (SegmentedRaftLogWorker.java:close(228)) - 8edcd2ad-5eae-4055-a5d5-7c2840f9d683-SegmentedRaftLogWorker:Storage Directory /tmp/workdir/hadoop-ozone/integration-test/target/test-dir/MiniOzoneClusterImpl-2aef17b0-a2ec-4c0b-b11c-ca76bc81bdbb/datanode-2/data/ratis/ed42a99f-166f-403c-928d-94584c2fece3 close()
2019-07-13 09:08:19,385 INFO  segmented.SegmentedRaftLogWorker (SegmentedRaftLogWorker.java:close(228)) - 64012248-86ed-4703-b229-4c36d10a7c01-SegmentedRaftLogWorker:Storage Directory /tmp/workdir/hadoop-ozone/integration-test/target/test-dir/MiniOzoneClusterImpl-2aef17b0-a2ec-4c0b-b11c-ca76bc81bdbb/datanode-4/data/ratis/faae35ee-a3b9-42d7-9a02-3173c632ce4a close()
2019-07-13 09:08:19,388 INFO  server.GrpcService (GrpcService.java:closeImpl(155)) - 8edcd2ad-5eae-4055-a5d5-7c2840f9d683: shutdown server with port 42606 now
2019-07-13 09:08:19,391 INFO  server.GrpcService (GrpcService.java:closeImpl(155)) - 64012248-86ed-4703-b229-4c36d10a7c01: shutdown server with port 45564 now
2019-07-13 09:08:19,391 INFO  server.GrpcService (GrpcService.java:closeImpl(163)) - 8edcd2ad-5eae-4055-a5d5-7c2840f9d683: shutdown server with port 42606 successfully
2019-07-13 09:08:19,399 INFO  utils.BackgroundService (BackgroundService.java:shutdown(148)) - Shutting down service BlockDeletingService
2019-07-13 09:08:19,400 WARN  server.GrpcServerProtocolService (LogUtils.java:warn(134)) - 64012248-86ed-4703-b229-4c36d10a7c01: appendEntries onError: org.apache.ratis.thirdparty.io.grpc.StatusRuntimeException: CANCELLED: cancelled before receiving half close
2019-07-13 09:08:19,402 INFO  server.GrpcService (GrpcService.java:closeImpl(163)) - 64012248-86ed-4703-b229-4c36d10a7c01: shutdown server with port 45564 successfully
2019-07-13 09:08:19,402 WARN  server.GrpcLogAppender (LogUtils.java:warn(134)) - 7952b4da-c295-453a-923b-6406a50e8e36->64012248-86ed-4703-b229-4c36d10a7c01: Failed appendEntries: org.apache.ratis.thirdparty.io.grpc.StatusRuntimeException: CANCELLED: HTTP/2 error code: CANCEL
Received Rst Stream
2019-07-13 09:08:19,405 INFO  impl.FollowerInfo (FollowerInfo.java:lambda$new$0(50)) - 7952b4da-c295-453a-923b-6406a50e8e36->64012248-86ed-4703-b229-4c36d10a7c01: nextIndex: updateUnconditionally 17 -> 16
2019-07-13 09:08:19,406 WARN  fs.CachingGetSpaceUsed (CachingGetSpaceUsed.java:run(183)) - Thread Interrupted waiting to refresh disk information: sleep interrupted
2019-07-13 09:08:19,427 INFO  utils.BackgroundService (BackgroundService.java:shutdown(148)) - Shutting down service BlockDeletingService
2019-07-13 09:08:19,432 INFO  statemachine.DatanodeStateMachine (DatanodeStateMachine.java:stopDaemon(395)) - Ozone container server stopped.
2019-07-13 09:08:19,436 WARN  fs.CachingGetSpaceUsed (CachingGetSpaceUsed.java:run(183)) - Thread Interrupted waiting to refresh disk information: sleep interrupted
2019-07-13 09:08:19,438 INFO  handler.ContextHandler (ContextHandler.java:doStop(910)) - Stopped o.e.j.w.WebAppContext@7197b07f{/,null,UNAVAILABLE}{/hddsDatanode}
2019-07-13 09:08:19,441 INFO  server.AbstractConnector (AbstractConnector.java:doStop(318)) - Stopped ServerConnector@1f10fec6{HTTP/1.1,[http/1.1]}{0.0.0.0:0}
2019-07-13 09:08:19,443 INFO  handler.ContextHandler (ContextHandler.java:doStop(910)) - Stopped o.e.j.s.ServletContextHandler@62ade015{/static,jar:file:/home/user/.m2/repository/org/apache/hadoop/hadoop-hdds-container-service/0.5.0-SNAPSHOT/hadoop-hdds-container-service-0.5.0-SNAPSHOT.jar!/webapps/static,UNAVAILABLE}
2019-07-13 09:08:19,444 INFO  handler.ContextHandler (ContextHandler.java:doStop(910)) - Stopped o.e.j.s.ServletContextHandler@631c6d11{/logs,file:///tmp/workdir/hadoop-ozone/integration-test/target/log,UNAVAILABLE}
2019-07-13 09:08:19,446 INFO  datanode.ObjectStoreHandler (ObjectStoreHandler.java:close(155)) - Closing ObjectStoreHandler.
2019-07-13 09:08:19,446 INFO  ozone.HddsDatanodeService (HddsDatanodeService.java:stop(452)) - Stopped plug-in org.apache.hadoop.ozone.web.OzoneHddsDatanodeService@28e7bb31
2019-07-13 09:08:19,458 INFO  statemachine.DatanodeStateMachine (DatanodeStateMachine.java:stopDaemon(395)) - Ozone container server stopped.
2019-07-13 09:08:19,459 INFO  handler.ContextHandler (ContextHandler.java:doStop(910)) - Stopped o.e.j.w.WebAppContext@367d34c0{/,null,UNAVAILABLE}{/hddsDatanode}
2019-07-13 09:08:19,459 INFO  server.AbstractConnector (AbstractConnector.java:doStop(318)) - Stopped ServerConnector@4ce25e47{HTTP/1.1,[http/1.1]}{0.0.0.0:0}
2019-07-13 09:08:19,460 INFO  handler.ContextHandler (ContextHandler.java:doStop(910)) - Stopped o.e.j.s.ServletContextHandler@5fef0c19{/static,jar:file:/home/user/.m2/repository/org/apache/hadoop/hadoop-hdds-container-service/0.5.0-SNAPSHOT/hadoop-hdds-container-service-0.5.0-SNAPSHOT.jar!/webapps/static,UNAVAILABLE}
2019-07-13 09:08:19,460 INFO  handler.ContextHandler (ContextHandler.java:doStop(910)) - Stopped o.e.j.s.ServletContextHandler@615db358{/logs,file:///tmp/workdir/hadoop-ozone/integration-test/target/log,UNAVAILABLE}
2019-07-13 09:08:19,462 INFO  datanode.ObjectStoreHandler (ObjectStoreHandler.java:close(155)) - Closing ObjectStoreHandler.
2019-07-13 09:08:19,463 INFO  ozone.HddsDatanodeService (HddsDatanodeService.java:stop(452)) - Stopped plug-in org.apache.hadoop.ozone.web.OzoneHddsDatanodeService@65da01f4
2019-07-13 09:08:20,116 INFO  statemachine.DatanodeStateMachine (DatanodeStateMachine.java:lambda$startDaemon$0(350)) - Ozone container server started.
2019-07-13 09:08:20,120 INFO  statemachine.DatanodeStateMachine (DatanodeStateMachine.java:lambda$startDaemon$0(350)) - Ozone container server started.
2019-07-13 09:08:21,828 WARN  server.GrpcLogAppender (LogUtils.java:warn(134)) - 7952b4da-c295-453a-923b-6406a50e8e36->64012248-86ed-4703-b229-4c36d10a7c01: Failed appendEntries: org.apache.ratis.thirdparty.io.grpc.StatusRuntimeException: UNAVAILABLE: io exception
2019-07-13 09:08:21,834 INFO  impl.FollowerInfo (FollowerInfo.java:lambda$new$0(50)) - 7952b4da-c295-453a-923b-6406a50e8e36->64012248-86ed-4703-b229-4c36d10a7c01: nextIndex: updateUnconditionally 16 -> 15
2019-07-13 09:08:24,152 INFO  node.StaleNodeHandler (StaleNodeHandler.java:onMessage(58)) - Datanode 7952b4da-c295-453a-923b-6406a50e8e36{ip: 192.168.69.96, host: trunk-nightly-hmp62-43275749, networkLocation: /default-rack, certSerialId: null} moved to stale state. Finalizing its pipelines [PipelineID=ece9c7d4-f278-4793-8124-7645b44c5a9e, PipelineID=faae35ee-a3b9-42d7-9a02-3173c632ce4a]
2019-07-13 09:08:24,153 INFO  pipeline.SCMPipelineManager (SCMPipelineManager.java:finalizeAndDestroyPipeline(309)) - destroying pipeline:Pipeline[ Id: ece9c7d4-f278-4793-8124-7645b44c5a9e, Nodes: 7952b4da-c295-453a-923b-6406a50e8e36{ip: 192.168.69.96, host: trunk-nightly-hmp62-43275749, networkLocation: /default-rack, certSerialId: null}, Type:RATIS, Factor:ONE, State:OPEN]
2019-07-13 09:08:24,153 INFO  pipeline.PipelineStateManager (PipelineStateManager.java:finalizePipeline(123)) - Pipeline Pipeline[ Id: ece9c7d4-f278-4793-8124-7645b44c5a9e, Nodes: 7952b4da-c295-453a-923b-6406a50e8e36{ip: 192.168.69.96, host: trunk-nightly-hmp62-43275749, networkLocation: /default-rack, certSerialId: null}, Type:RATIS, Factor:ONE, State:CLOSED] moved to CLOSED state
2019-07-13 09:08:24,153 INFO  pipeline.SCMPipelineManager (SCMPipelineManager.java:finalizeAndDestroyPipeline(309)) - destroying pipeline:Pipeline[ Id: faae35ee-a3b9-42d7-9a02-3173c632ce4a, Nodes: 7952b4da-c295-453a-923b-6406a50e8e36{ip: 192.168.69.96, host: trunk-nightly-hmp62-43275749, networkLocation: /default-rack, certSerialId: null}64012248-86ed-4703-b229-4c36d10a7c01{ip: 192.168.69.96, host: trunk-nightly-hmp62-43275749, networkLocation: /default-rack, certSerialId: null}39e80c9a-c9e7-465a-ac1a-e4eea8dfe517{ip: 192.168.69.96, host: trunk-nightly-hmp62-43275749, networkLocation: /default-rack, certSerialId: null}, Type:RATIS, Factor:THREE, State:CLOSED]
2019-07-13 09:08:24,154 INFO  node.StaleNodeHandler (StaleNodeHandler.java:onMessage(58)) - Datanode 39e80c9a-c9e7-465a-ac1a-e4eea8dfe517{ip: 192.168.69.96, host: trunk-nightly-hmp62-43275749, networkLocation: /default-rack, certSerialId: null} moved to stale state. Finalizing its pipelines [PipelineID=faae35ee-a3b9-42d7-9a02-3173c632ce4a, PipelineID=298427f3-4a01-4c2e-933f-41a7048372fa]
2019-07-13 09:08:24,154 INFO  pipeline.SCMPipelineManager (SCMPipelineManager.java:finalizeAndDestroyPipeline(309)) - destroying pipeline:Pipeline[ Id: faae35ee-a3b9-42d7-9a02-3173c632ce4a, Nodes: 7952b4da-c295-453a-923b-6406a50e8e36{ip: 192.168.69.96, host: trunk-nightly-hmp62-43275749, networkLocation: /default-rack, certSerialId: null}64012248-86ed-4703-b229-4c36d10a7c01{ip: 192.168.69.96, host: trunk-nightly-hmp62-43275749, networkLocation: /default-rack, certSerialId: null}39e80c9a-c9e7-465a-ac1a-e4eea8dfe517{ip: 192.168.69.96, host: trunk-nightly-hmp62-43275749, networkLocation: /default-rack, certSerialId: null}, Type:RATIS, Factor:THREE, State:CLOSED]
2019-07-13 09:08:24,154 INFO  pipeline.SCMPipelineManager (SCMPipelineManager.java:finalizeAndDestroyPipeline(309)) - destroying pipeline:Pipeline[ Id: 298427f3-4a01-4c2e-933f-41a7048372fa, Nodes: 39e80c9a-c9e7-465a-ac1a-e4eea8dfe517{ip: 192.168.69.96, host: trunk-nightly-hmp62-43275749, networkLocation: /default-rack, certSerialId: null}, Type:RATIS, Factor:ONE, State:OPEN]
2019-07-13 09:08:24,154 INFO  pipeline.PipelineStateManager (PipelineStateManager.java:finalizePipeline(123)) - Pipeline Pipeline[ Id: 298427f3-4a01-4c2e-933f-41a7048372fa, Nodes: 39e80c9a-c9e7-465a-ac1a-e4eea8dfe517{ip: 192.168.69.96, host: trunk-nightly-hmp62-43275749, networkLocation: /default-rack, certSerialId: null}, Type:RATIS, Factor:ONE, State:CLOSED] moved to CLOSED state
2019-07-13 09:08:24,330 WARN  server.GrpcLogAppender (LogUtils.java:warn(134)) - 7952b4da-c295-453a-923b-6406a50e8e36->64012248-86ed-4703-b229-4c36d10a7c01: Failed appendEntries: org.apache.ratis.thirdparty.io.grpc.StatusRuntimeException: UNAVAILABLE: io exception
2019-07-13 09:08:24,333 INFO  impl.FollowerInfo (FollowerInfo.java:lambda$new$0(50)) - 7952b4da-c295-453a-923b-6406a50e8e36->64012248-86ed-4703-b229-4c36d10a7c01: nextIndex: updateUnconditionally 15 -> 14
2019-07-13 09:08:24,447 INFO  ozoneimpl.OzoneContainer (OzoneContainer.java:stop(199)) - Attempting to stop container services.
2019-07-13 09:08:24,448 INFO  impl.RaftServerProxy (RaftServerProxy.java:lambda$close$4(314)) - 7952b4da-c295-453a-923b-6406a50e8e36: close
2019-07-13 09:08:24,448 INFO  impl.RaftServerImpl (RaftServerImpl.java:lambda$shutdown$3(245)) - 7952b4da-c295-453a-923b-6406a50e8e36: shutdown group-7645B44C5A9E
2019-07-13 09:08:24,448 INFO  util.JmxRegister (JmxRegister.java:unregister(73)) - Successfully un-registered JMX Bean with object name Ratis:service=RaftServer,group=group-7645B44C5A9E,id=7952b4da-c295-453a-923b-6406a50e8e36
2019-07-13 09:08:24,449 INFO  impl.RoleInfo (RoleInfo.java:shutdownLeaderState(104)) - 7952b4da-c295-453a-923b-6406a50e8e36: shutdown LeaderState
2019-07-13 09:08:24,449 INFO  impl.PendingRequests (PendingRequests.java:sendNotLeaderResponses(202)) - 7952b4da-c295-453a-923b-6406a50e8e36-PendingRequests: sendNotLeaderResponses
2019-07-13 09:08:24,449 INFO  impl.StateMachineUpdater (StateMachineUpdater.java:stopAndJoin(115)) - StateMachineUpdater:7952b4da-c295-453a-923b-6406a50e8e36:group-7645B44C5A9E: set stopIndex = 0
2019-07-13 09:08:24,450 INFO  ratis.ContainerStateMachine (ContainerStateMachine.java:takeSnapshot(246)) - Taking snapshot at termIndex:(t:0, i:~)
2019-07-13 09:08:24,450 INFO  impl.RaftServerImpl (ServerState.java:close(394)) - 7952b4da-c295-453a-923b-6406a50e8e36:group-7645B44C5A9E closes. The last applied log index is 0
2019-07-13 09:08:24,450 INFO  segmented.SegmentedRaftLogWorker (SegmentedRaftLogWorker.java:run(313)) - 7952b4da-c295-453a-923b-6406a50e8e36-SegmentedRaftLogWorker:Storage Directory /tmp/workdir/hadoop-ozone/integration-test/target/test-dir/MiniOzoneClusterImpl-2aef17b0-a2ec-4c0b-b11c-ca76bc81bdbb/datanode-6/data/ratis/ece9c7d4-f278-4793-8124-7645b44c5a9e was interrupted, exiting. There are 0 tasks remaining in the queue.
2019-07-13 09:08:24,452 INFO  segmented.SegmentedRaftLogWorker (SegmentedRaftLogWorker.java:close(228)) - 7952b4da-c295-453a-923b-6406a50e8e36-SegmentedRaftLogWorker:Storage Directory /tmp/workdir/hadoop-ozone/integration-test/target/test-dir/MiniOzoneClusterImpl-2aef17b0-a2ec-4c0b-b11c-ca76bc81bdbb/datanode-6/data/ratis/ece9c7d4-f278-4793-8124-7645b44c5a9e close()
2019-07-13 09:08:24,455 INFO  impl.RaftServerImpl (RaftServerImpl.java:lambda$shutdown$3(245)) - 7952b4da-c295-453a-923b-6406a50e8e36: shutdown group-3173C632CE4A
2019-07-13 09:08:24,456 INFO  util.JmxRegister (JmxRegister.java:unregister(73)) - Successfully un-registered JMX Bean with object name Ratis:service=RaftServer,group=group-3173C632CE4A,id=7952b4da-c295-453a-923b-6406a50e8e36
2019-07-13 09:08:24,456 INFO  impl.RoleInfo (RoleInfo.java:shutdownLeaderState(104)) - 7952b4da-c295-453a-923b-6406a50e8e36: shutdown LeaderState
2019-07-13 09:08:24,459 WARN  server.GrpcLogAppender (GrpcLogAppender.java:mayWait(143)) - GrpcLogAppender(7952b4da-c295-453a-923b-6406a50e8e36->39e80c9a-c9e7-465a-ac1a-e4eea8dfe517): Wait interrupted by java.lang.InterruptedException
2019-07-13 09:08:24,459 INFO  impl.PendingRequests (PendingRequests.java:sendNotLeaderResponses(202)) - 7952b4da-c295-453a-923b-6406a50e8e36-PendingRequests: sendNotLeaderResponses
2019-07-13 09:08:24,459 WARN  server.GrpcLogAppender (GrpcLogAppender.java:mayWait(143)) - GrpcLogAppender(7952b4da-c295-453a-923b-6406a50e8e36->64012248-86ed-4703-b229-4c36d10a7c01): Wait interrupted by java.lang.InterruptedException
2019-07-13 09:08:24,463 INFO  server.GrpcServerProtocolService (GrpcServerProtocolService.java:onCompleted(104)) - 39e80c9a-c9e7-465a-ac1a-e4eea8dfe517: appendEntries completed
2019-07-13 09:08:24,463 INFO  impl.StateMachineUpdater (StateMachineUpdater.java:stopAndJoin(115)) - StateMachineUpdater:7952b4da-c295-453a-923b-6406a50e8e36:group-3173C632CE4A: set stopIndex = 16
2019-07-13 09:08:24,464 INFO  ratis.ContainerStateMachine (ContainerStateMachine.java:takeSnapshot(246)) - Taking snapshot at termIndex:(t:2, i:14)
2019-07-13 09:08:24,463 INFO  ozoneimpl.OzoneContainer (OzoneContainer.java:stop(199)) - Attempting to stop container services.
2019-07-13 09:08:24,464 INFO  ratis.ContainerStateMachine (ContainerStateMachine.java:takeSnapshot(250)) - Taking a snapshot to file /tmp/workdir/hadoop-ozone/integration-test/target/test-dir/MiniOzoneClusterImpl-2aef17b0-a2ec-4c0b-b11c-ca76bc81bdbb/datanode-6/data/ratis/faae35ee-a3b9-42d7-9a02-3173c632ce4a/sm/snapshot.2_14
2019-07-13 09:08:24,466 INFO  impl.RaftServerProxy (RaftServerProxy.java:lambda$close$4(314)) - 39e80c9a-c9e7-465a-ac1a-e4eea8dfe517: close
2019-07-13 09:08:24,467 INFO  server.GrpcLogAppender (GrpcLogAppender.java:onCompleted(292)) - 7952b4da-c295-453a-923b-6406a50e8e36->39e80c9a-c9e7-465a-ac1a-e4eea8dfe517: follower responses appendEntries COMPLETED
2019-07-13 09:08:24,467 INFO  impl.RaftServerImpl (RaftServerImpl.java:lambda$shutdown$3(245)) - 39e80c9a-c9e7-465a-ac1a-e4eea8dfe517: shutdown group-3173C632CE4A
2019-07-13 09:08:24,467 INFO  impl.StateMachineUpdater (StateMachineUpdater.java:takeSnapshot(242)) - StateMachineUpdater:7952b4da-c295-453a-923b-6406a50e8e36:group-3173C632CE4A: Took a snapshot at index 14
2019-07-13 09:08:24,468 INFO  util.JmxRegister (JmxRegister.java:unregister(73)) - Successfully un-registered JMX Bean with object name Ratis:service=RaftServer,group=group-3173C632CE4A,id=39e80c9a-c9e7-465a-ac1a-e4eea8dfe517
2019-07-13 09:08:24,468 INFO  impl.RoleInfo (RoleInfo.java:shutdownFollowerState(121)) - 39e80c9a-c9e7-465a-ac1a-e4eea8dfe517: shutdown FollowerState
2019-07-13 09:08:24,469 INFO  impl.StateMachineUpdater (StateMachineUpdater.java:stopAndJoin(115)) - StateMachineUpdater:39e80c9a-c9e7-465a-ac1a-e4eea8dfe517:group-3173C632CE4A: set stopIndex = 16
2019-07-13 09:08:24,467 INFO  impl.FollowerInfo (FollowerInfo.java:lambda$new$0(50)) - 7952b4da-c295-453a-923b-6406a50e8e36->39e80c9a-c9e7-465a-ac1a-e4eea8dfe517: nextIndex: updateUnconditionally 17 -> 16
2019-07-13 09:08:24,469 INFO  ratis.ContainerStateMachine (ContainerStateMachine.java:takeSnapshot(246)) - Taking snapshot at termIndex:(t:2, i:14)
2019-07-13 09:08:24,469 INFO  impl.FollowerState (FollowerState.java:run(114)) - 39e80c9a-c9e7-465a-ac1a-e4eea8dfe517: FollowerState was interrupted: java.lang.InterruptedException: sleep interrupted
2019-07-13 09:08:24,468 INFO  impl.StateMachineUpdater (StateMachineUpdater.java:lambda$new$0(80)) - StateMachineUpdater:7952b4da-c295-453a-923b-6406a50e8e36:group-3173C632CE4A: snapshotIndex: updateIncreasingly -1 -> 14
2019-07-13 09:08:24,470 INFO  ratis.ContainerStateMachine (ContainerStateMachine.java:takeSnapshot(250)) - Taking a snapshot to file /tmp/workdir/hadoop-ozone/integration-test/target/test-dir/MiniOzoneClusterImpl-2aef17b0-a2ec-4c0b-b11c-ca76bc81bdbb/datanode-3/data/ratis/faae35ee-a3b9-42d7-9a02-3173c632ce4a/sm/snapshot.2_14
2019-07-13 09:08:24,475 INFO  impl.RaftServerImpl (ServerState.java:close(394)) - 7952b4da-c295-453a-923b-6406a50e8e36:group-3173C632CE4A closes. The last applied log index is 16
2019-07-13 09:08:24,475 INFO  impl.StateMachineUpdater (StateMachineUpdater.java:takeSnapshot(242)) - StateMachineUpdater:39e80c9a-c9e7-465a-ac1a-e4eea8dfe517:group-3173C632CE4A: Took a snapshot at index 14
2019-07-13 09:08:24,475 INFO  segmented.SegmentedRaftLogWorker (SegmentedRaftLogWorker.java:run(313)) - 7952b4da-c295-453a-923b-6406a50e8e36-SegmentedRaftLogWorker:Storage Directory /tmp/workdir/hadoop-ozone/integration-test/target/test-dir/MiniOzoneClusterImpl-2aef17b0-a2ec-4c0b-b11c-ca76bc81bdbb/datanode-6/data/ratis/faae35ee-a3b9-42d7-9a02-3173c632ce4a was interrupted, exiting. There are 0 tasks remaining in the queue.
2019-07-13 09:08:24,475 INFO  impl.StateMachineUpdater (StateMachineUpdater.java:lambda$new$0(80)) - StateMachineUpdater:39e80c9a-c9e7-465a-ac1a-e4eea8dfe517:group-3173C632CE4A: snapshotIndex: updateIncreasingly -1 -> 14
2019-07-13 09:08:24,477 INFO  segmented.SegmentedRaftLogWorker (SegmentedRaftLogWorker.java:close(228)) - 7952b4da-c295-453a-923b-6406a50e8e36-SegmentedRaftLogWorker:Storage Directory /tmp/workdir/hadoop-ozone/integration-test/target/test-dir/MiniOzoneClusterImpl-2aef17b0-a2ec-4c0b-b11c-ca76bc81bdbb/datanode-6/data/ratis/faae35ee-a3b9-42d7-9a02-3173c632ce4a close()
2019-07-13 09:08:24,477 INFO  impl.RaftServerImpl (ServerState.java:close(394)) - 39e80c9a-c9e7-465a-ac1a-e4eea8dfe517:group-3173C632CE4A closes. The last applied log index is 16
2019-07-13 09:08:24,482 INFO  server.GrpcService (GrpcService.java:closeImpl(155)) - 7952b4da-c295-453a-923b-6406a50e8e36: shutdown server with port 37562 now
2019-07-13 09:08:24,483 INFO  segmented.SegmentedRaftLogWorker (SegmentedRaftLogWorker.java:run(313)) - 39e80c9a-c9e7-465a-ac1a-e4eea8dfe517-SegmentedRaftLogWorker:Storage Directory /tmp/workdir/hadoop-ozone/integration-test/target/test-dir/MiniOzoneClusterImpl-2aef17b0-a2ec-4c0b-b11c-ca76bc81bdbb/datanode-3/data/ratis/faae35ee-a3b9-42d7-9a02-3173c632ce4a was interrupted, exiting. There are 0 tasks remaining in the queue.
2019-07-13 09:08:24,483 INFO  segmented.SegmentedRaftLogWorker (SegmentedRaftLogWorker.java:close(228)) - 39e80c9a-c9e7-465a-ac1a-e4eea8dfe517-SegmentedRaftLogWorker:Storage Directory /tmp/workdir/hadoop-ozone/integration-test/target/test-dir/MiniOzoneClusterImpl-2aef17b0-a2ec-4c0b-b11c-ca76bc81bdbb/datanode-3/data/ratis/faae35ee-a3b9-42d7-9a02-3173c632ce4a close()
2019-07-13 09:08:24,486 INFO  impl.RaftServerImpl (RaftServerImpl.java:lambda$shutdown$3(245)) - 39e80c9a-c9e7-465a-ac1a-e4eea8dfe517: shutdown group-41A7048372FA
2019-07-13 09:08:24,486 INFO  server.GrpcService (GrpcService.java:closeImpl(163)) - 7952b4da-c295-453a-923b-6406a50e8e36: shutdown server with port 37562 successfully
2019-07-13 09:08:24,487 WARN  client.GrpcClientProtocolService (LogUtils.java:warn(134)) - 1-UnorderedRequestStreamObserver1: onError: org.apache.ratis.thirdparty.io.grpc.StatusRuntimeException: CANCELLED: cancelled before receiving half close
2019-07-13 09:08:24,486 INFO  util.JmxRegister (JmxRegister.java:unregister(73)) - Successfully un-registered JMX Bean with object name Ratis:service=RaftServer,group=group-41A7048372FA,id=39e80c9a-c9e7-465a-ac1a-e4eea8dfe517
2019-07-13 09:08:24,489 INFO  impl.RoleInfo (RoleInfo.java:shutdownLeaderState(104)) - 39e80c9a-c9e7-465a-ac1a-e4eea8dfe517: shutdown LeaderState
2019-07-13 09:08:24,489 INFO  impl.PendingRequests (PendingRequests.java:sendNotLeaderResponses(202)) - 39e80c9a-c9e7-465a-ac1a-e4eea8dfe517-PendingRequests: sendNotLeaderResponses
2019-07-13 09:08:24,490 INFO  impl.StateMachineUpdater (StateMachineUpdater.java:stopAndJoin(115)) - StateMachineUpdater:39e80c9a-c9e7-465a-ac1a-e4eea8dfe517:group-41A7048372FA: set stopIndex = 0
2019-07-13 09:08:24,490 INFO  ratis.ContainerStateMachine (ContainerStateMachine.java:takeSnapshot(246)) - Taking snapshot at termIndex:(t:0, i:~)
2019-07-13 09:08:24,490 INFO  utils.BackgroundService (BackgroundService.java:shutdown(148)) - Shutting down service BlockDeletingService
2019-07-13 09:08:24,491 INFO  impl.RaftServerImpl (ServerState.java:close(394)) - 39e80c9a-c9e7-465a-ac1a-e4eea8dfe517:group-41A7048372FA closes. The last applied log index is 0
2019-07-13 09:08:24,492 INFO  segmented.SegmentedRaftLogWorker (SegmentedRaftLogWorker.java:run(313)) - 39e80c9a-c9e7-465a-ac1a-e4eea8dfe517-SegmentedRaftLogWorker:Storage Directory /tmp/workdir/hadoop-ozone/integration-test/target/test-dir/MiniOzoneClusterImpl-2aef17b0-a2ec-4c0b-b11c-ca76bc81bdbb/datanode-3/data/ratis/298427f3-4a01-4c2e-933f-41a7048372fa was interrupted, exiting. There are 0 tasks remaining in the queue.
2019-07-13 09:08:24,492 INFO  segmented.SegmentedRaftLogWorker (SegmentedRaftLogWorker.java:close(228)) - 39e80c9a-c9e7-465a-ac1a-e4eea8dfe517-SegmentedRaftLogWorker:Storage Directory /tmp/workdir/hadoop-ozone/integration-test/target/test-dir/MiniOzoneClusterImpl-2aef17b0-a2ec-4c0b-b11c-ca76bc81bdbb/datanode-3/data/ratis/298427f3-4a01-4c2e-933f-41a7048372fa close()
2019-07-13 09:08:24,494 INFO  server.GrpcService (GrpcService.java:closeImpl(155)) - 39e80c9a-c9e7-465a-ac1a-e4eea8dfe517: shutdown server with port 45167 now
2019-07-13 09:08:24,494 WARN  fs.CachingGetSpaceUsed (CachingGetSpaceUsed.java:run(183)) - Thread Interrupted waiting to refresh disk information: sleep interrupted
2019-07-13 09:08:24,495 INFO  server.GrpcService (GrpcService.java:closeImpl(163)) - 39e80c9a-c9e7-465a-ac1a-e4eea8dfe517: shutdown server with port 45167 successfully
2019-07-13 09:08:24,497 INFO  utils.BackgroundService (BackgroundService.java:shutdown(148)) - Shutting down service BlockDeletingService
2019-07-13 09:08:24,499 WARN  fs.CachingGetSpaceUsed (CachingGetSpaceUsed.java:run(183)) - Thread Interrupted waiting to refresh disk information: sleep interrupted
2019-07-13 09:08:24,521 INFO  statemachine.DatanodeStateMachine (DatanodeStateMachine.java:stopDaemon(395)) - Ozone container server stopped.
2019-07-13 09:08:24,526 INFO  statemachine.DatanodeStateMachine (DatanodeStateMachine.java:stopDaemon(395)) - Ozone container server stopped.
2019-07-13 09:08:24,533 INFO  handler.ContextHandler (ContextHandler.java:doStop(910)) - Stopped o.e.j.w.WebAppContext@6a2d867d{/,null,UNAVAILABLE}{/hddsDatanode}
2019-07-13 09:08:24,534 INFO  handler.ContextHandler (ContextHandler.java:doStop(910)) - Stopped o.e.j.w.WebAppContext@418f0534{/,null,UNAVAILABLE}{/hddsDatanode}
2019-07-13 09:08:24,535 INFO  server.AbstractConnector (AbstractConnector.java:doStop(318)) - Stopped ServerConnector@73bb1337{HTTP/1.1,[http/1.1]}{0.0.0.0:0}
2019-07-13 09:08:24,535 INFO  server.AbstractConnector (AbstractConnector.java:doStop(318)) - Stopped ServerConnector@3dfd7eaa{HTTP/1.1,[http/1.1]}{0.0.0.0:0}
2019-07-13 09:08:24,537 INFO  handler.ContextHandler (ContextHandler.java:doStop(910)) - Stopped o.e.j.s.ServletContextHandler@cc9ef8d{/static,jar:file:/home/user/.m2/repository/org/apache/hadoop/hadoop-hdds-container-service/0.5.0-SNAPSHOT/hadoop-hdds-container-service-0.5.0-SNAPSHOT.jar!/webapps/static,UNAVAILABLE}
2019-07-13 09:08:24,538 INFO  handler.ContextHandler (ContextHandler.java:doStop(910)) - Stopped o.e.j.s.ServletContextHandler@782fd504{/static,jar:file:/home/user/.m2/repository/org/apache/hadoop/hadoop-hdds-container-service/0.5.0-SNAPSHOT/hadoop-hdds-container-service-0.5.0-SNAPSHOT.jar!/webapps/static,UNAVAILABLE}
2019-07-13 09:08:24,538 INFO  handler.ContextHandler (ContextHandler.java:doStop(910)) - Stopped o.e.j.s.ServletContextHandler@1e30db85{/logs,file:///tmp/workdir/hadoop-ozone/integration-test/target/log,UNAVAILABLE}
2019-07-13 09:08:24,539 INFO  handler.ContextHandler (ContextHandler.java:doStop(910)) - Stopped o.e.j.s.ServletContextHandler@6568f998{/logs,file:///tmp/workdir/hadoop-ozone/integration-test/target/log,UNAVAILABLE}
2019-07-13 09:08:24,542 INFO  datanode.ObjectStoreHandler (ObjectStoreHandler.java:close(155)) - Closing ObjectStoreHandler.
2019-07-13 09:08:24,542 INFO  ozone.HddsDatanodeService (HddsDatanodeService.java:stop(452)) - Stopped plug-in org.apache.hadoop.ozone.web.OzoneHddsDatanodeService@16f15ae9
2019-07-13 09:08:24,986 INFO  statemachine.DatanodeStateMachine (DatanodeStateMachine.java:lambda$startDaemon$0(350)) - Ozone container server started.
2019-07-13 09:08:29,062 INFO  node.StaleNodeHandler (StaleNodeHandler.java:onMessage(58)) - Datanode 11484358-c926-4416-aa94-f10ef9437c77{ip: 192.168.69.96, host: trunk-nightly-hmp62-43275749, networkLocation: /default-rack, certSerialId: null} moved to stale state. Finalizing its pipelines [PipelineID=15f133cd-73f0-4168-b766-2004a16a1c59]
2019-07-13 09:08:29,062 INFO  pipeline.SCMPipelineManager (SCMPipelineManager.java:finalizeAndDestroyPipeline(309)) - destroying pipeline:Pipeline[ Id: 15f133cd-73f0-4168-b766-2004a16a1c59, Nodes: 11484358-c926-4416-aa94-f10ef9437c77{ip: 192.168.69.96, host: trunk-nightly-hmp62-43275749, networkLocation: /default-rack, certSerialId: null}, Type:RATIS, Factor:ONE, State:OPEN]
2019-07-13 09:08:29,062 INFO  pipeline.PipelineStateManager (PipelineStateManager.java:finalizePipeline(123)) - Pipeline Pipeline[ Id: 15f133cd-73f0-4168-b766-2004a16a1c59, Nodes: 11484358-c926-4416-aa94-f10ef9437c77{ip: 192.168.69.96, host: trunk-nightly-hmp62-43275749, networkLocation: /default-rack, certSerialId: null}, Type:RATIS, Factor:ONE, State:CLOSED] moved to CLOSED state
2019-07-13 09:08:29,543 INFO  ozoneimpl.OzoneContainer (OzoneContainer.java:stop(199)) - Attempting to stop container services.
2019-07-13 09:08:29,544 INFO  impl.RaftServerProxy (RaftServerProxy.java:lambda$close$4(314)) - 11484358-c926-4416-aa94-f10ef9437c77: close
2019-07-13 09:08:29,545 INFO  impl.RaftServerImpl (RaftServerImpl.java:lambda$shutdown$3(245)) - 11484358-c926-4416-aa94-f10ef9437c77: shutdown group-2004A16A1C59
2019-07-13 09:08:29,545 INFO  util.JmxRegister (JmxRegister.java:unregister(73)) - Successfully un-registered JMX Bean with object name Ratis:service=RaftServer,group=group-2004A16A1C59,id=11484358-c926-4416-aa94-f10ef9437c77
2019-07-13 09:08:29,546 INFO  impl.RoleInfo (RoleInfo.java:shutdownLeaderState(104)) - 11484358-c926-4416-aa94-f10ef9437c77: shutdown LeaderState
2019-07-13 09:08:29,546 INFO  impl.PendingRequests (PendingRequests.java:sendNotLeaderResponses(202)) - 11484358-c926-4416-aa94-f10ef9437c77-PendingRequests: sendNotLeaderResponses
2019-07-13 09:08:29,547 INFO  impl.StateMachineUpdater (StateMachineUpdater.java:stopAndJoin(115)) - StateMachineUpdater:11484358-c926-4416-aa94-f10ef9437c77:group-2004A16A1C59: set stopIndex = 0
2019-07-13 09:08:29,547 INFO  ratis.ContainerStateMachine (ContainerStateMachine.java:takeSnapshot(246)) - Taking snapshot at termIndex:(t:0, i:~)
2019-07-13 09:08:29,548 INFO  impl.RaftServerImpl (ServerState.java:close(394)) - 11484358-c926-4416-aa94-f10ef9437c77:group-2004A16A1C59 closes. The last applied log index is 0
2019-07-13 09:08:29,548 INFO  segmented.SegmentedRaftLogWorker (SegmentedRaftLogWorker.java:run(313)) - 11484358-c926-4416-aa94-f10ef9437c77-SegmentedRaftLogWorker:Storage Directory /tmp/workdir/hadoop-ozone/integration-test/target/test-dir/MiniOzoneClusterImpl-2aef17b0-a2ec-4c0b-b11c-ca76bc81bdbb/datanode-5/data/ratis/15f133cd-73f0-4168-b766-2004a16a1c59 was interrupted, exiting. There are 0 tasks remaining in the queue.
2019-07-13 09:08:29,549 INFO  segmented.SegmentedRaftLogWorker (SegmentedRaftLogWorker.java:close(228)) - 11484358-c926-4416-aa94-f10ef9437c77-SegmentedRaftLogWorker:Storage Directory /tmp/workdir/hadoop-ozone/integration-test/target/test-dir/MiniOzoneClusterImpl-2aef17b0-a2ec-4c0b-b11c-ca76bc81bdbb/datanode-5/data/ratis/15f133cd-73f0-4168-b766-2004a16a1c59 close()
2019-07-13 09:08:29,551 INFO  server.GrpcService (GrpcService.java:closeImpl(155)) - 11484358-c926-4416-aa94-f10ef9437c77: shutdown server with port 38854 now
2019-07-13 09:08:29,552 INFO  server.GrpcService (GrpcService.java:closeImpl(163)) - 11484358-c926-4416-aa94-f10ef9437c77: shutdown server with port 38854 successfully
2019-07-13 09:08:29,554 INFO  utils.BackgroundService (BackgroundService.java:shutdown(148)) - Shutting down service BlockDeletingService
2019-07-13 09:08:29,557 WARN  fs.CachingGetSpaceUsed (CachingGetSpaceUsed.java:run(183)) - Thread Interrupted waiting to refresh disk information: sleep interrupted
2019-07-13 09:08:29,576 INFO  statemachine.DatanodeStateMachine (DatanodeStateMachine.java:stopDaemon(395)) - Ozone container server stopped.
2019-07-13 09:08:29,589 INFO  handler.ContextHandler (ContextHandler.java:doStop(910)) - Stopped o.e.j.w.WebAppContext@561f9d92{/,null,UNAVAILABLE}{/hddsDatanode}
2019-07-13 09:08:29,590 INFO  server.AbstractConnector (AbstractConnector.java:doStop(318)) - Stopped ServerConnector@1c84d80a{HTTP/1.1,[http/1.1]}{0.0.0.0:0}
2019-07-13 09:08:29,591 INFO  handler.ContextHandler (ContextHandler.java:doStop(910)) - Stopped o.e.j.s.ServletContextHandler@2d4a3e13{/static,jar:file:/home/user/.m2/repository/org/apache/hadoop/hadoop-hdds-container-service/0.5.0-SNAPSHOT/hadoop-hdds-container-service-0.5.0-SNAPSHOT.jar!/webapps/static,UNAVAILABLE}
2019-07-13 09:08:29,591 INFO  handler.ContextHandler (ContextHandler.java:doStop(910)) - Stopped o.e.j.s.ServletContextHandler@6885ed19{/logs,file:///tmp/workdir/hadoop-ozone/integration-test/target/log,UNAVAILABLE}
2019-07-13 09:08:29,593 INFO  ozone.MiniOzoneClusterImpl (MiniOzoneClusterImpl.java:stop(353)) - Stopping the StorageContainerManager
2019-07-13 09:08:29,594 INFO  server.StorageContainerManager (StorageContainerManager.java:stop(796)) - Stopping Replication Manager Service.
2019-07-13 09:08:29,594 INFO  container.ReplicationManager (ReplicationManager.java:stop(187)) - Stopping Replication Monitor Thread.
2019-07-13 09:08:29,594 INFO  server.StorageContainerManager (StorageContainerManager.java:stop(803)) - Stopping Lease Manager of the command watchers
2019-07-13 09:08:29,595 INFO  server.StorageContainerManager (StorageContainerManager.java:stop(810)) - Stopping datanode service RPC server
2019-07-13 09:08:29,595 INFO  server.SCMDatanodeProtocolServer (SCMDatanodeProtocolServer.java:stop(375)) - Stopping the RPC server for DataNodes
2019-07-13 09:08:29,595 INFO  ipc.Server (Server.java:stop(3082)) - Stopping server on 38599
2019-07-13 09:08:29,598 INFO  ipc.Server (Server.java:run(1185)) - Stopping IPC Server listener on 38599
2019-07-13 09:08:29,598 INFO  ipc.Server (Server.java:run(1319)) - Stopping IPC Server Responder
2019-07-13 09:08:29,662 WARN  node.NodeStateManager (NodeStateManager.java:scheduleNextHealthCheck(631)) - Current Thread is interrupted, shutting down HB processing thread for Node Manager.
2019-07-13 09:08:29,663 INFO  server.StorageContainerManager (StorageContainerManager.java:stop(818)) - Stopping block service RPC server
2019-07-13 09:08:29,663 INFO  server.SCMBlockProtocolServer (SCMBlockProtocolServer.java:stop(148)) - Stopping the RPC server for Block Protocol
2019-07-13 09:08:29,663 INFO  ipc.Server (Server.java:stop(3082)) - Stopping server on 43492
2019-07-13 09:08:29,664 INFO  ipc.Server (Server.java:run(1185)) - Stopping IPC Server listener on 43492
2019-07-13 09:08:29,664 INFO  server.StorageContainerManager (StorageContainerManager.java:stop(825)) - Stopping the StorageContainerLocationProtocol RPC server
2019-07-13 09:08:29,665 INFO  server.SCMClientProtocolServer (SCMClientProtocolServer.java:stop(157)) - Stopping the RPC server for Client Protocol
2019-07-13 09:08:29,665 INFO  ipc.Server (Server.java:stop(3082)) - Stopping server on 38871
2019-07-13 09:08:29,668 INFO  ipc.Server (Server.java:run(1319)) - Stopping IPC Server Responder
2019-07-13 09:08:29,668 INFO  ipc.Server (Server.java:run(1185)) - Stopping IPC Server listener on 38871
2019-07-13 09:08:29,668 INFO  server.StorageContainerManager (StorageContainerManager.java:stop(832)) - Stopping Storage Container Manager HTTP server.
2019-07-13 09:08:29,669 INFO  ipc.Server (Server.java:run(1319)) - Stopping IPC Server Responder
2019-07-13 09:08:29,669 INFO  handler.ContextHandler (ContextHandler.java:doStop(910)) - Stopped o.e.j.w.WebAppContext@6a1d204a{/,null,UNAVAILABLE}{/scm}
2019-07-13 09:08:29,671 INFO  server.AbstractConnector (AbstractConnector.java:doStop(318)) - Stopped ServerConnector@9d157ff{HTTP/1.1,[http/1.1]}{0.0.0.0:0}
2019-07-13 09:08:29,671 INFO  handler.ContextHandler (ContextHandler.java:doStop(910)) - Stopped o.e.j.s.ServletContextHandler@76012793{/static,file:///tmp/workdir/hadoop-ozone/integration-test/target/test-classes/webapps/static,UNAVAILABLE}
2019-07-13 09:08:29,672 INFO  handler.ContextHandler (ContextHandler.java:doStop(910)) - Stopped o.e.j.s.ServletContextHandler@6bbe2511{/logs,file:///tmp/workdir/hadoop-ozone/integration-test/target/log,UNAVAILABLE}
2019-07-13 09:08:29,673 INFO  server.StorageContainerManager (StorageContainerManager.java:stop(843)) - Stopping Block Manager Service.
2019-07-13 09:08:29,674 INFO  utils.BackgroundService (BackgroundService.java:shutdown(148)) - Shutting down service SCMBlockDeletingService
2019-07-13 09:08:29,675 INFO  utils.BackgroundService (BackgroundService.java:shutdown(148)) - Shutting down service SCMBlockDeletingService
2019-07-13 09:08:29,676 INFO  server.StorageContainerManager (StorageContainerManager.java:stop(865)) - Stopping SCM Event Queue.
2019-07-13 09:08:29,706 INFO  impl.MetricsSystemImpl (MetricsSystemImpl.java:stop(210)) - Stopping HddsDatanode metrics system...
2019-07-13 09:08:29,714 INFO  impl.MetricsSystemImpl (MetricsSystemImpl.java:stop(216)) - HddsDatanode metrics system stopped.
]]></system-out>
    <system-err><![CDATA[ERROR StatusLogger No Log4j 2 configuration file found. Using default configuration (logging only errors to the console), or user programmatically provided configurations. Set system property 'log4j2.debug' to show Log4j 2 internal initialization logging. See https://logging.apache.org/log4j/2.x/manual/configuration.html for instructions on how to configure Log4j 2
Jul 13, 2019 9:07:49 AM com.sun.jersey.server.impl.application.WebApplicationImpl _initiate
INFO: Initiating Jersey application, version 'Jersey: 1.19 02/11/2015 03:25 AM'
Jul 13, 2019 9:07:50 AM com.sun.jersey.server.impl.application.WebApplicationImpl _initiate
INFO: Initiating Jersey application, version 'Jersey: 1.19 02/11/2015 03:25 AM'
Jul 13, 2019 9:07:51 AM com.sun.jersey.server.impl.application.WebApplicationImpl _initiate
INFO: Initiating Jersey application, version 'Jersey: 1.19 02/11/2015 03:25 AM'
Jul 13, 2019 9:07:51 AM com.sun.jersey.server.impl.application.WebApplicationImpl _initiate
INFO: Initiating Jersey application, version 'Jersey: 1.19 02/11/2015 03:25 AM'
Jul 13, 2019 9:07:51 AM com.sun.jersey.server.impl.application.WebApplicationImpl _initiate
INFO: Initiating Jersey application, version 'Jersey: 1.19 02/11/2015 03:25 AM'
Jul 13, 2019 9:07:51 AM com.sun.jersey.server.impl.application.WebApplicationImpl _initiate
INFO: Initiating Jersey application, version 'Jersey: 1.19 02/11/2015 03:25 AM'
Jul 13, 2019 9:07:52 AM com.sun.jersey.server.impl.application.WebApplicationImpl _initiate
INFO: Initiating Jersey application, version 'Jersey: 1.19 02/11/2015 03:25 AM'
]]></system-err>
  </testcase>
  <testcase name="testDatanodeFailureWithPreAllocation" classname="org.apache.hadoop.ozone.client.rpc.TestBlockOutputStreamWithFailures" time="225.26"/>
  <testcase name="testDatanodeFailureWithSingleNodeRatis" classname="org.apache.hadoop.ozone.client.rpc.TestBlockOutputStreamWithFailures" time="224.887"/>
  <testcase name="testWatchForCommitWithSingleNodeRatis" classname="org.apache.hadoop.ozone.client.rpc.TestBlockOutputStreamWithFailures" time="34.082">
    <error type="java.lang.IllegalArgumentException">java.lang.IllegalArgumentException
	at com.google.common.base.Preconditions.checkArgument(Preconditions.java:72)
	at org.apache.hadoop.hdds.scm.XceiverClientManager.acquireClient(XceiverClientManager.java:150)
	at org.apache.hadoop.hdds.scm.XceiverClientManager.acquireClientForReadData(XceiverClientManager.java:143)
	at org.apache.hadoop.hdds.scm.storage.BlockInputStream.getChunkInfos(BlockInputStream.java:154)
	at org.apache.hadoop.hdds.scm.storage.BlockInputStream.initialize(BlockInputStream.java:118)
	at org.apache.hadoop.hdds.scm.storage.BlockInputStream.read(BlockInputStream.java:222)
	at org.apache.hadoop.ozone.client.io.KeyInputStream.read(KeyInputStream.java:171)
	at org.apache.hadoop.ozone.client.io.OzoneInputStream.read(OzoneInputStream.java:47)
	at java.io.InputStream.read(InputStream.java:101)
	at org.apache.hadoop.ozone.container.ContainerTestHelper.validateData(ContainerTestHelper.java:709)
	at org.apache.hadoop.ozone.client.rpc.TestBlockOutputStreamWithFailures.validateData(TestBlockOutputStreamWithFailures.java:1212)
	at org.apache.hadoop.ozone.client.rpc.TestBlockOutputStreamWithFailures.testWatchForCommitWithSingleNodeRatis(TestBlockOutputStreamWithFailures.java:914)
	at sun.reflect.NativeMethodAccessorImpl.invoke0(Native Method)
	at sun.reflect.NativeMethodAccessorImpl.invoke(NativeMethodAccessorImpl.java:62)
	at sun.reflect.DelegatingMethodAccessorImpl.invoke(DelegatingMethodAccessorImpl.java:43)
	at java.lang.reflect.Method.invoke(Method.java:498)
	at org.junit.runners.model.FrameworkMethod$1.runReflectiveCall(FrameworkMethod.java:47)
	at org.junit.internal.runners.model.ReflectiveCallable.run(ReflectiveCallable.java:12)
	at org.junit.runners.model.FrameworkMethod.invokeExplosively(FrameworkMethod.java:44)
	at org.junit.internal.runners.statements.InvokeMethod.evaluate(InvokeMethod.java:17)
	at org.junit.internal.runners.statements.RunBefores.evaluate(RunBefores.java:26)
	at org.junit.internal.runners.statements.RunAfters.evaluate(RunAfters.java:27)
	at org.junit.runners.ParentRunner.runLeaf(ParentRunner.java:271)
	at org.junit.runners.BlockJUnit4ClassRunner.runChild(BlockJUnit4ClassRunner.java:70)
	at org.junit.runners.BlockJUnit4ClassRunner.runChild(BlockJUnit4ClassRunner.java:50)
	at org.junit.runners.ParentRunner$3.run(ParentRunner.java:238)
	at org.junit.runners.ParentRunner$1.schedule(ParentRunner.java:63)
	at org.junit.runners.ParentRunner.runChildren(ParentRunner.java:236)
	at org.junit.runners.ParentRunner.access$000(ParentRunner.java:53)
	at org.junit.runners.ParentRunner$2.evaluate(ParentRunner.java:229)
	at org.junit.runners.ParentRunner.run(ParentRunner.java:309)
	at org.apache.maven.surefire.junit4.JUnit4Provider.execute(JUnit4Provider.java:365)
	at org.apache.maven.surefire.junit4.JUnit4Provider.executeWithRerun(JUnit4Provider.java:273)
	at org.apache.maven.surefire.junit4.JUnit4Provider.executeTestSet(JUnit4Provider.java:238)
	at org.apache.maven.surefire.junit4.JUnit4Provider.invoke(JUnit4Provider.java:159)
	at org.apache.maven.surefire.booter.ForkedBooter.invokeProviderInSameClassLoader(ForkedBooter.java:384)
	at org.apache.maven.surefire.booter.ForkedBooter.runSuitesInProcess(ForkedBooter.java:345)
	at org.apache.maven.surefire.booter.ForkedBooter.execute(ForkedBooter.java:126)
	at org.apache.maven.surefire.booter.ForkedBooter.main(ForkedBooter.java:418)
</error>
    <system-out><![CDATA[2019-07-13 09:15:59,979 WARN  server.ServerUtils (ServerUtils.java:getScmDbDir(145)) - ozone.scm.db.dirs is not configured. We recommend adding this setting. Falling back to ozone.metadata.dirs instead.
2019-07-13 09:15:59,994 WARN  server.ServerUtils (ServerUtils.java:getScmDbDir(145)) - ozone.scm.db.dirs is not configured. We recommend adding this setting. Falling back to ozone.metadata.dirs instead.
2019-07-13 09:15:59,995 WARN  server.ServerUtils (ServerUtils.java:getScmDbDir(145)) - ozone.scm.db.dirs is not configured. We recommend adding this setting. Falling back to ozone.metadata.dirs instead.
2019-07-13 09:15:59,996 INFO  db.DBStoreBuilder (DBStoreBuilder.java:addTable(110)) - using custom profile for table: deletedBlocks
2019-07-13 09:15:59,996 INFO  db.DBStoreBuilder (DBStoreBuilder.java:processTables(161)) - Using default column profile:DBProfile.DISK for Table:deletedBlocks
2019-07-13 09:15:59,996 INFO  db.DBStoreBuilder (DBStoreBuilder.java:addTable(110)) - using custom profile for table: validCerts
2019-07-13 09:15:59,996 INFO  db.DBStoreBuilder (DBStoreBuilder.java:processTables(161)) - Using default column profile:DBProfile.DISK for Table:validCerts
2019-07-13 09:15:59,996 INFO  db.DBStoreBuilder (DBStoreBuilder.java:addTable(110)) - using custom profile for table: revokedCerts
2019-07-13 09:15:59,997 INFO  db.DBStoreBuilder (DBStoreBuilder.java:processTables(161)) - Using default column profile:DBProfile.DISK for Table:revokedCerts
2019-07-13 09:15:59,997 INFO  db.DBStoreBuilder (DBStoreBuilder.java:addTable(110)) - using custom profile for table: default
2019-07-13 09:15:59,997 INFO  db.DBStoreBuilder (DBStoreBuilder.java:processTables(167)) - Using default column profile:DBProfile.DISK for Table:default
2019-07-13 09:15:59,997 INFO  db.DBStoreBuilder (DBStoreBuilder.java:getDbProfile(198)) - Using default options. DBProfile.DISK
2019-07-13 09:16:00,159 INFO  net.NodeSchemaLoader (NodeSchemaLoader.java:loadSchemaFromFile(125)) - Loading file from sun.misc.CompoundEnumeration@51b11186
2019-07-13 09:16:00,160 INFO  net.NodeSchemaLoader (NodeSchemaLoader.java:loadSchema(171)) - Loading network topology layer schema file
2019-07-13 09:16:00,167 INFO  node.SCMNodeManager (SCMNodeManager.java:<init>(119)) - Entering startup safe mode.
2019-07-13 09:16:00,168 WARN  server.ServerUtils (ServerUtils.java:getScmDbDir(145)) - ozone.scm.db.dirs is not configured. We recommend adding this setting. Falling back to ozone.metadata.dirs instead.
2019-07-13 09:16:00,221 INFO  pipeline.SCMPipelineManager (SCMPipelineManager.java:initializePipelineState(126)) - No pipeline exists in current db
2019-07-13 09:16:00,221 WARN  server.ServerUtils (ServerUtils.java:getScmDbDir(145)) - ozone.scm.db.dirs is not configured. We recommend adding this setting. Falling back to ozone.metadata.dirs instead.
2019-07-13 09:16:00,276 WARN  events.EventQueue (EventQueue.java:fireEvent(175)) - No event handler registered for event TypedEvent{payloadType=SafeModeStatus, name='SafeModeStatus'}
2019-07-13 09:16:00,277 INFO  ipc.CallQueueManager (CallQueueManager.java:<init>(84)) - Using callQueue: class java.util.concurrent.LinkedBlockingQueue, queueCapacity: 2000, scheduler: class org.apache.hadoop.ipc.DefaultRpcScheduler, ipcBackoff: false.
2019-07-13 09:16:00,278 INFO  ipc.Server (Server.java:run(1074)) - Starting Socket Reader #1 for port 37970
2019-07-13 09:16:00,280 INFO  ipc.CallQueueManager (CallQueueManager.java:<init>(84)) - Using callQueue: class java.util.concurrent.LinkedBlockingQueue, queueCapacity: 2000, scheduler: class org.apache.hadoop.ipc.DefaultRpcScheduler, ipcBackoff: false.
2019-07-13 09:16:00,280 INFO  ipc.Server (Server.java:run(1074)) - Starting Socket Reader #1 for port 45275
2019-07-13 09:16:00,282 INFO  ipc.CallQueueManager (CallQueueManager.java:<init>(84)) - Using callQueue: class java.util.concurrent.LinkedBlockingQueue, queueCapacity: 2000, scheduler: class org.apache.hadoop.ipc.DefaultRpcScheduler, ipcBackoff: false.
2019-07-13 09:16:00,284 INFO  ipc.Server (Server.java:run(1074)) - Starting Socket Reader #1 for port 45326
2019-07-13 09:16:00,285 INFO  hdfs.DFSUtil (DFSUtil.java:httpServerTemplateForNNAndJN(1641)) - Starting Web-server for scm at: http://0.0.0.0:0
2019-07-13 09:16:00,287 INFO  server.AuthenticationFilter (AuthenticationFilter.java:constructSecretProvider(240)) - Unable to initialize FileSignerSecretProvider, falling back to use random secrets.
2019-07-13 09:16:00,288 WARN  http.HttpRequestLog (HttpRequestLog.java:getRequestLog(97)) - Jetty request log can only be enabled using Log4j
2019-07-13 09:16:00,290 INFO  http.HttpServer2 (HttpServer2.java:addGlobalFilter(975)) - Added global filter 'safety' (class=org.apache.hadoop.http.HttpServer2$QuotingInputFilter)
2019-07-13 09:16:00,290 INFO  http.HttpServer2 (HttpServer2.java:addFilter(948)) - Added filter static_user_filter (class=org.apache.hadoop.http.lib.StaticUserWebFilter$StaticUserFilter) to context scm
2019-07-13 09:16:00,291 INFO  http.HttpServer2 (HttpServer2.java:addFilter(958)) - Added filter static_user_filter (class=org.apache.hadoop.http.lib.StaticUserWebFilter$StaticUserFilter) to context logs
2019-07-13 09:16:00,291 INFO  http.HttpServer2 (HttpServer2.java:addFilter(958)) - Added filter static_user_filter (class=org.apache.hadoop.http.lib.StaticUserWebFilter$StaticUserFilter) to context static
2019-07-13 09:16:00,294 INFO  server.StorageContainerManager (StorageContainerManager.java:start(759)) - StorageContainerLocationProtocol RPC server is listening at /0.0.0.0:45326
2019-07-13 09:16:00,297 WARN  impl.MetricsConfig (MetricsConfig.java:loadFirst(134)) - Cannot locate configuration: tried hadoop-metrics2-storagecontainermanager.properties,hadoop-metrics2.properties
2019-07-13 09:16:00,298 INFO  impl.MetricsSystemImpl (MetricsSystemImpl.java:startTimer(374)) - Scheduled Metric snapshot period at 10 second(s).
2019-07-13 09:16:00,298 INFO  impl.MetricsSystemImpl (MetricsSystemImpl.java:start(191)) - StorageContainerManager metrics system started
2019-07-13 09:16:00,367 INFO  server.SCMClientProtocolServer (SCMClientProtocolServer.java:start(149)) - RPC server for Client  is listening at /0.0.0.0:45326
2019-07-13 09:16:00,369 INFO  ipc.Server (Server.java:run(1314)) - IPC Server Responder: starting
2019-07-13 09:16:00,369 INFO  ipc.Server (Server.java:run(1153)) - IPC Server listener on 45326: starting
2019-07-13 09:16:00,373 INFO  server.StorageContainerManager (StorageContainerManager.java:start(768)) - ScmBlockLocationProtocol RPC server is listening at /0.0.0.0:45275
2019-07-13 09:16:00,373 INFO  server.SCMBlockProtocolServer (SCMBlockProtocolServer.java:start(140)) - RPC server for Block Protocol is listening at /0.0.0.0:45275
2019-07-13 09:16:00,374 INFO  ipc.Server (Server.java:run(1314)) - IPC Server Responder: starting
2019-07-13 09:16:00,374 INFO  ipc.Server (Server.java:run(1153)) - IPC Server listener on 45275: starting
2019-07-13 09:16:00,378 INFO  server.StorageContainerManager (StorageContainerManager.java:start(772)) - ScmDatanodeProtocl RPC server is listening at /0.0.0.0:37970
2019-07-13 09:16:00,378 INFO  server.SCMDatanodeProtocolServer (SCMDatanodeProtocolServer.java:start(191)) - RPC server for DataNodes is listening at /0.0.0.0:37970
2019-07-13 09:16:00,378 INFO  ipc.Server (Server.java:run(1314)) - IPC Server Responder: starting
2019-07-13 09:16:00,379 INFO  ipc.Server (Server.java:run(1153)) - IPC Server listener on 37970: starting
2019-07-13 09:16:00,384 INFO  http.HttpServer2 (HttpServer2.java:bindListener(1191)) - Jetty bound to port 38305
2019-07-13 09:16:00,384 INFO  server.Server (Server.java:doStart(351)) - jetty-9.3.24.v20180605, build timestamp: 2018-06-05T17:11:56Z, git hash: 84205aa28f11a4f31f2a3b86d1bba2cc8ab69827
2019-07-13 09:16:00,386 INFO  handler.ContextHandler (ContextHandler.java:doStart(781)) - Started o.e.j.s.ServletContextHandler@2bed5828{/logs,file:///tmp/workdir/hadoop-ozone/integration-test/target/log,AVAILABLE}
2019-07-13 09:16:00,387 INFO  handler.ContextHandler (ContextHandler.java:doStart(781)) - Started o.e.j.s.ServletContextHandler@7c0035dd{/static,file:///tmp/workdir/hadoop-ozone/integration-test/target/test-classes/webapps/static,AVAILABLE}
2019-07-13 09:16:00,392 INFO  handler.ContextHandler (ContextHandler.java:doStart(781)) - Started o.e.j.w.WebAppContext@68fa8ea5{/,file:///tmp/workdir/hadoop-ozone/integration-test/target/test-classes/webapps/scm/,AVAILABLE}{/scm}
2019-07-13 09:16:00,393 INFO  server.AbstractConnector (AbstractConnector.java:doStart(278)) - Started ServerConnector@68c47cf9{HTTP/1.1,[http/1.1]}{0.0.0.0:38305}
2019-07-13 09:16:00,394 INFO  server.Server (Server.java:doStart(419)) - Started @495636ms
2019-07-13 09:16:00,396 INFO  server.BaseHttpServer (BaseHttpServer.java:updateConnectorAddress(207)) - HTTP server of SCM is listening at http://0.0.0.0:38305
2019-07-13 09:16:00,396 WARN  server.ServerUtils (ServerUtils.java:getDBPath(222)) - ozone.om.db.dirs is not configured. We recommend adding this setting. Falling back to ozone.metadata.dirs instead.
2019-07-13 09:16:00,397 INFO  util.JvmPauseMonitor (JvmPauseMonitor.java:run(188)) - Starting JVM pause monitor
2019-07-13 09:16:00,402 WARN  server.ServerUtils (ServerUtils.java:getDBPath(222)) - ozone.om.db.dirs is not configured. We recommend adding this setting. Falling back to ozone.metadata.dirs instead.
2019-07-13 09:16:00,403 INFO  om.OzoneManager (OzoneManager.java:setOMNodeDetails(630)) - OM Service ID is not set. Setting it to the default ID: omServiceIdDefault
2019-07-13 09:16:00,403 INFO  om.OzoneManager (OzoneManager.java:setOMNodeDetails(636)) - OM Node ID is not set. Setting it to the OmStorage's OmID: 918a45ee-e038-461b-9467-be2940d1ce31
2019-07-13 09:16:00,403 INFO  om.OzoneManager (OzoneManager.java:loadOMHAConfigs(587)) - Found matching OM address with OMServiceId: null, OMNodeId: null, RPC Address: localhost:0 and Ratis port: 9872
2019-07-13 09:16:00,409 WARN  server.ServerUtils (ServerUtils.java:getDBPath(222)) - ozone.om.db.dirs is not configured. We recommend adding this setting. Falling back to ozone.metadata.dirs instead.
2019-07-13 09:16:00,410 INFO  db.DBStoreBuilder (DBStoreBuilder.java:addTable(110)) - using custom profile for table: userTable
2019-07-13 09:16:00,410 INFO  db.DBStoreBuilder (DBStoreBuilder.java:processTables(161)) - Using default column profile:DBProfile.DISK for Table:userTable
2019-07-13 09:16:00,410 INFO  db.DBStoreBuilder (DBStoreBuilder.java:addTable(110)) - using custom profile for table: volumeTable
2019-07-13 09:16:00,410 INFO  db.DBStoreBuilder (DBStoreBuilder.java:processTables(161)) - Using default column profile:DBProfile.DISK for Table:volumeTable
2019-07-13 09:16:00,411 INFO  db.DBStoreBuilder (DBStoreBuilder.java:addTable(110)) - using custom profile for table: bucketTable
2019-07-13 09:16:00,411 INFO  db.DBStoreBuilder (DBStoreBuilder.java:processTables(161)) - Using default column profile:DBProfile.DISK for Table:bucketTable
2019-07-13 09:16:00,411 INFO  db.DBStoreBuilder (DBStoreBuilder.java:addTable(110)) - using custom profile for table: keyTable
2019-07-13 09:16:00,411 INFO  db.DBStoreBuilder (DBStoreBuilder.java:processTables(161)) - Using default column profile:DBProfile.DISK for Table:keyTable
2019-07-13 09:16:00,411 INFO  db.DBStoreBuilder (DBStoreBuilder.java:addTable(110)) - using custom profile for table: deletedTable
2019-07-13 09:16:00,412 INFO  db.DBStoreBuilder (DBStoreBuilder.java:processTables(161)) - Using default column profile:DBProfile.DISK for Table:deletedTable
2019-07-13 09:16:00,412 INFO  db.DBStoreBuilder (DBStoreBuilder.java:addTable(110)) - using custom profile for table: openKeyTable
2019-07-13 09:16:00,412 INFO  db.DBStoreBuilder (DBStoreBuilder.java:processTables(161)) - Using default column profile:DBProfile.DISK for Table:openKeyTable
2019-07-13 09:16:00,412 INFO  db.DBStoreBuilder (DBStoreBuilder.java:addTable(110)) - using custom profile for table: s3Table
2019-07-13 09:16:00,412 INFO  db.DBStoreBuilder (DBStoreBuilder.java:processTables(161)) - Using default column profile:DBProfile.DISK for Table:s3Table
2019-07-13 09:16:00,412 INFO  db.DBStoreBuilder (DBStoreBuilder.java:addTable(110)) - using custom profile for table: multipartInfoTable
2019-07-13 09:16:00,413 INFO  db.DBStoreBuilder (DBStoreBuilder.java:processTables(161)) - Using default column profile:DBProfile.DISK for Table:multipartInfoTable
2019-07-13 09:16:00,413 INFO  db.DBStoreBuilder (DBStoreBuilder.java:addTable(110)) - using custom profile for table: dTokenTable
2019-07-13 09:16:00,413 INFO  db.DBStoreBuilder (DBStoreBuilder.java:processTables(161)) - Using default column profile:DBProfile.DISK for Table:dTokenTable
2019-07-13 09:16:00,413 INFO  db.DBStoreBuilder (DBStoreBuilder.java:addTable(110)) - using custom profile for table: s3SecretTable
2019-07-13 09:16:00,413 INFO  db.DBStoreBuilder (DBStoreBuilder.java:processTables(161)) - Using default column profile:DBProfile.DISK for Table:s3SecretTable
2019-07-13 09:16:00,414 INFO  db.DBStoreBuilder (DBStoreBuilder.java:addTable(110)) - using custom profile for table: prefixTable
2019-07-13 09:16:00,414 INFO  db.DBStoreBuilder (DBStoreBuilder.java:processTables(161)) - Using default column profile:DBProfile.DISK for Table:prefixTable
2019-07-13 09:16:00,414 INFO  db.DBStoreBuilder (DBStoreBuilder.java:addTable(110)) - using custom profile for table: default
2019-07-13 09:16:00,414 INFO  db.DBStoreBuilder (DBStoreBuilder.java:processTables(167)) - Using default column profile:DBProfile.DISK for Table:default
2019-07-13 09:16:00,414 INFO  db.DBStoreBuilder (DBStoreBuilder.java:getDbProfile(198)) - Using default options. DBProfile.DISK
2019-07-13 09:16:00,885 INFO  ipc.CallQueueManager (CallQueueManager.java:<init>(84)) - Using callQueue: class java.util.concurrent.LinkedBlockingQueue, queueCapacity: 2000, scheduler: class org.apache.hadoop.ipc.DefaultRpcScheduler, ipcBackoff: false.
2019-07-13 09:16:00,886 INFO  ipc.Server (Server.java:run(1074)) - Starting Socket Reader #1 for port 32963
2019-07-13 09:16:00,900 WARN  server.ServerUtils (ServerUtils.java:getDBPath(222)) - ozone.om.db.dirs is not configured. We recommend adding this setting. Falling back to ozone.metadata.dirs instead.
2019-07-13 09:16:00,900 INFO  om.OzoneManager (OzoneManager.java:start(1228)) - OzoneManager RPC server is listening at localhost/127.0.0.1:32963
2019-07-13 09:16:00,900 INFO  impl.MetricsSystemImpl (MetricsSystemImpl.java:init(158)) - OzoneManager metrics system started (again)
2019-07-13 09:16:00,903 INFO  ipc.Server (Server.java:run(1314)) - IPC Server Responder: starting
2019-07-13 09:16:00,903 INFO  ipc.Server (Server.java:run(1153)) - IPC Server listener on 32963: starting
2019-07-13 09:16:00,909 INFO  hdfs.DFSUtil (DFSUtil.java:httpServerTemplateForNNAndJN(1641)) - Starting Web-server for ozoneManager at: http://0.0.0.0:0
2019-07-13 09:16:00,910 INFO  server.AuthenticationFilter (AuthenticationFilter.java:constructSecretProvider(240)) - Unable to initialize FileSignerSecretProvider, falling back to use random secrets.
2019-07-13 09:16:00,910 WARN  http.HttpRequestLog (HttpRequestLog.java:getRequestLog(97)) - Jetty request log can only be enabled using Log4j
2019-07-13 09:16:00,912 INFO  http.HttpServer2 (HttpServer2.java:addGlobalFilter(975)) - Added global filter 'safety' (class=org.apache.hadoop.http.HttpServer2$QuotingInputFilter)
2019-07-13 09:16:00,912 INFO  http.HttpServer2 (HttpServer2.java:addFilter(948)) - Added filter static_user_filter (class=org.apache.hadoop.http.lib.StaticUserWebFilter$StaticUserFilter) to context ozoneManager
2019-07-13 09:16:00,912 INFO  http.HttpServer2 (HttpServer2.java:addFilter(958)) - Added filter static_user_filter (class=org.apache.hadoop.http.lib.StaticUserWebFilter$StaticUserFilter) to context static
2019-07-13 09:16:00,912 INFO  http.HttpServer2 (HttpServer2.java:addFilter(958)) - Added filter static_user_filter (class=org.apache.hadoop.http.lib.StaticUserWebFilter$StaticUserFilter) to context logs
2019-07-13 09:16:00,913 INFO  http.HttpServer2 (HttpServer2.java:bindListener(1191)) - Jetty bound to port 39440
2019-07-13 09:16:00,913 INFO  server.Server (Server.java:doStart(351)) - jetty-9.3.24.v20180605, build timestamp: 2018-06-05T17:11:56Z, git hash: 84205aa28f11a4f31f2a3b86d1bba2cc8ab69827
2019-07-13 09:16:00,915 INFO  handler.ContextHandler (ContextHandler.java:doStart(781)) - Started o.e.j.s.ServletContextHandler@36ce0bc2{/logs,file:///tmp/workdir/hadoop-ozone/integration-test/target/log,AVAILABLE}
2019-07-13 09:16:00,916 INFO  handler.ContextHandler (ContextHandler.java:doStart(781)) - Started o.e.j.s.ServletContextHandler@477906cf{/static,file:///tmp/workdir/hadoop-ozone/integration-test/target/test-classes/webapps/static,AVAILABLE}
2019-07-13 09:16:00,920 INFO  handler.ContextHandler (ContextHandler.java:doStart(781)) - Started o.e.j.w.WebAppContext@b666366{/,file:///tmp/workdir/hadoop-ozone/integration-test/target/test-classes/webapps/ozoneManager/,AVAILABLE}{/ozoneManager}
2019-07-13 09:16:00,920 INFO  server.AbstractConnector (AbstractConnector.java:doStart(278)) - Started ServerConnector@362fd4e9{HTTP/1.1,[http/1.1]}{0.0.0.0:39440}
2019-07-13 09:16:00,921 INFO  server.Server (Server.java:doStart(419)) - Started @496163ms
2019-07-13 09:16:00,922 INFO  server.BaseHttpServer (BaseHttpServer.java:updateConnectorAddress(207)) - HTTP server of OZONEMANAGER is listening at http://0.0.0.0:39440
2019-07-13 09:16:00,934 INFO  impl.MetricsSystemImpl (MetricsSystemImpl.java:init(158)) - HddsDatanode metrics system started (again)
2019-07-13 09:16:00,934 INFO  ozone.HddsDatanodeService (HddsDatanodeService.java:start(185)) - HddsDatanodeService host:trunk-nightly-hmp62-43275749 ip:192.168.69.96
2019-07-13 09:16:00,944 INFO  volume.HddsVolume (HddsVolume.java:<init>(176)) - Creating Volume: /tmp/workdir/hadoop-ozone/integration-test/target/test-dir/MiniOzoneClusterImpl-92b618a0-2021-43d7-b9f6-a6987319673f/datanode-0/data/containers/hdds of  storage type : DISK and capacity : 52710309888
2019-07-13 09:16:00,944 INFO  volume.VolumeSet (VolumeSet.java:initializeVolumeSet(170)) - Added Volume : /tmp/workdir/hadoop-ozone/integration-test/target/test-dir/MiniOzoneClusterImpl-92b618a0-2021-43d7-b9f6-a6987319673f/datanode-0/data/containers/hdds to VolumeSet
2019-07-13 09:16:00,944 INFO  volume.ThrottledAsyncChecker (ThrottledAsyncChecker.java:schedule(140)) - Scheduling a check for org.apache.hadoop.ozone.container.common.volume.HddsVolume@23e297d9
2019-07-13 09:16:00,945 INFO  volume.HddsVolumeChecker (HddsVolumeChecker.java:checkAllVolumes(203)) - Scheduled health check for volume org.apache.hadoop.ozone.container.common.volume.HddsVolume@23e297d9
2019-07-13 09:16:00,959 INFO  impl.RaftServerProxy (ConfUtils.java:logGet(43)) - raft.rpc.type = GRPC (default)
2019-07-13 09:16:00,959 INFO  grpc.GrpcFactory (GrpcFactory.java:checkPooledByteBufAllocatorUseCacheForAllThreads(45)) - PERFORMANCE WARNING: useCacheForAllThreads is true that may cause Netty to create a lot garbage objects and, as a result, trigger GC.
	It is recommended to disable useCacheForAllThreads by setting -Dorg.apache.ratis.thirdparty.io.netty.allocator.useCacheForAllThreads=false in command line.
2019-07-13 09:16:00,959 INFO  grpc.GrpcConfigKeys$Server (ConfUtils.java:logGet(43)) - raft.grpc.server.port = 0 (default)
2019-07-13 09:16:00,960 INFO  server.GrpcService (ConfUtils.java:logGet(43)) - raft.grpc.message.size.max = 33570816 (custom)
2019-07-13 09:16:00,960 INFO  server.RaftServerConfigKeys (ConfUtils.java:logGet(43)) - raft.server.log.appender.buffer.byte-limit = 33554432 (custom)
2019-07-13 09:16:00,960 INFO  server.GrpcService (ConfUtils.java:logGet(43)) - raft.grpc.flow.control.window = 1MB (=1048576) (default)
2019-07-13 09:16:00,960 INFO  server.RaftServerConfigKeys (ConfUtils.java:logGet(43)) - raft.server.rpc.request.timeout = 3000ms (default)
2019-07-13 09:16:00,960 INFO  server.RaftServerConfigKeys (ConfUtils.java:logGet(43)) - raft.server.storage.dir = [/tmp/workdir/hadoop-ozone/integration-test/target/test-dir/MiniOzoneClusterImpl-92b618a0-2021-43d7-b9f6-a6987319673f/datanode-0/data/ratis] (custom)
2019-07-13 09:16:00,961 INFO  replication.SimpleContainerDownloader (SimpleContainerDownloader.java:<init>(72)) - Starting container downloader service to copy containers to replicate.
2019-07-13 09:16:00,962 INFO  hdfs.DFSUtil (DFSUtil.java:httpServerTemplateForNNAndJN(1641)) - Starting Web-server for hddsDatanode at: http://0.0.0.0:0
2019-07-13 09:16:00,963 INFO  server.AuthenticationFilter (AuthenticationFilter.java:constructSecretProvider(240)) - Unable to initialize FileSignerSecretProvider, falling back to use random secrets.
2019-07-13 09:16:00,963 WARN  http.HttpRequestLog (HttpRequestLog.java:getRequestLog(97)) - Jetty request log can only be enabled using Log4j
2019-07-13 09:16:00,964 INFO  http.HttpServer2 (HttpServer2.java:addGlobalFilter(975)) - Added global filter 'safety' (class=org.apache.hadoop.http.HttpServer2$QuotingInputFilter)
2019-07-13 09:16:00,965 INFO  http.HttpServer2 (HttpServer2.java:addFilter(948)) - Added filter static_user_filter (class=org.apache.hadoop.http.lib.StaticUserWebFilter$StaticUserFilter) to context hddsDatanode
2019-07-13 09:16:00,965 INFO  http.HttpServer2 (HttpServer2.java:addFilter(958)) - Added filter static_user_filter (class=org.apache.hadoop.http.lib.StaticUserWebFilter$StaticUserFilter) to context logs
2019-07-13 09:16:00,965 INFO  http.HttpServer2 (HttpServer2.java:addFilter(958)) - Added filter static_user_filter (class=org.apache.hadoop.http.lib.StaticUserWebFilter$StaticUserFilter) to context static
2019-07-13 09:16:00,966 INFO  http.HttpServer2 (HttpServer2.java:bindListener(1191)) - Jetty bound to port 46057
2019-07-13 09:16:00,966 INFO  server.Server (Server.java:doStart(351)) - jetty-9.3.24.v20180605, build timestamp: 2018-06-05T17:11:56Z, git hash: 84205aa28f11a4f31f2a3b86d1bba2cc8ab69827
2019-07-13 09:16:00,968 INFO  handler.ContextHandler (ContextHandler.java:doStart(781)) - Started o.e.j.s.ServletContextHandler@f6e3b67{/logs,file:///tmp/workdir/hadoop-ozone/integration-test/target/log,AVAILABLE}
2019-07-13 09:16:00,968 INFO  handler.ContextHandler (ContextHandler.java:doStart(781)) - Started o.e.j.s.ServletContextHandler@579ee82{/static,jar:file:/home/user/.m2/repository/org/apache/hadoop/hadoop-hdds-container-service/0.5.0-SNAPSHOT/hadoop-hdds-container-service-0.5.0-SNAPSHOT.jar!/webapps/static,AVAILABLE}
2019-07-13 09:16:00,995 INFO  handler.ContextHandler (ContextHandler.java:doStart(781)) - Started o.e.j.w.WebAppContext@5b0d480c{/,file:///tmp/jetty-0.0.0.0-46057-hddsDatanode-_-any-1695878261376139933.dir/webapp/,AVAILABLE}{/hddsDatanode}
2019-07-13 09:16:00,995 INFO  server.AbstractConnector (AbstractConnector.java:doStart(278)) - Started ServerConnector@3f2169e9{HTTP/1.1,[http/1.1]}{0.0.0.0:46057}
2019-07-13 09:16:00,996 INFO  server.Server (Server.java:doStart(419)) - Started @496239ms
2019-07-13 09:16:00,997 INFO  server.BaseHttpServer (BaseHttpServer.java:updateConnectorAddress(207)) - HTTP server of HDDSDATANODE is listening at http://0.0.0.0:46057
2019-07-13 09:16:01,097 INFO  ozone.HddsDatanodeService (HddsDatanodeService.java:startPlugins(396)) - Started plug-in org.apache.hadoop.ozone.web.OzoneHddsDatanodeService@362e709e
2019-07-13 09:16:01,098 INFO  impl.MetricsSystemImpl (MetricsSystemImpl.java:init(158)) - HddsDatanode metrics system started (again)
2019-07-13 09:16:01,100 INFO  ozone.HddsDatanodeService (HddsDatanodeService.java:start(185)) - HddsDatanodeService host:trunk-nightly-hmp62-43275749 ip:192.168.69.96
2019-07-13 09:16:01,101 INFO  util.JvmPauseMonitor (JvmPauseMonitor.java:run(188)) - Starting JVM pause monitor
2019-07-13 09:16:01,102 INFO  datanode.InitDatanodeState (InitDatanodeState.java:persistContainerDatanodeDetails(140)) - DatanodeDetails is persisted to /tmp/workdir/hadoop-ozone/integration-test/target/test-dir/MiniOzoneClusterImpl-92b618a0-2021-43d7-b9f6-a6987319673f/datanode-0/meta/datanode.id
2019-07-13 09:16:01,109 INFO  volume.HddsVolume (HddsVolume.java:<init>(176)) - Creating Volume: /tmp/workdir/hadoop-ozone/integration-test/target/test-dir/MiniOzoneClusterImpl-92b618a0-2021-43d7-b9f6-a6987319673f/datanode-1/data/containers/hdds of  storage type : DISK and capacity : 52710309888
2019-07-13 09:16:01,110 INFO  volume.VolumeSet (VolumeSet.java:initializeVolumeSet(170)) - Added Volume : /tmp/workdir/hadoop-ozone/integration-test/target/test-dir/MiniOzoneClusterImpl-92b618a0-2021-43d7-b9f6-a6987319673f/datanode-1/data/containers/hdds to VolumeSet
2019-07-13 09:16:01,110 INFO  volume.ThrottledAsyncChecker (ThrottledAsyncChecker.java:schedule(140)) - Scheduling a check for org.apache.hadoop.ozone.container.common.volume.HddsVolume@7d2a4598
2019-07-13 09:16:01,110 INFO  volume.HddsVolumeChecker (HddsVolumeChecker.java:checkAllVolumes(203)) - Scheduled health check for volume org.apache.hadoop.ozone.container.common.volume.HddsVolume@7d2a4598
2019-07-13 09:16:01,124 INFO  impl.RaftServerProxy (ConfUtils.java:logGet(43)) - raft.rpc.type = GRPC (default)
2019-07-13 09:16:01,124 INFO  grpc.GrpcFactory (GrpcFactory.java:checkPooledByteBufAllocatorUseCacheForAllThreads(45)) - PERFORMANCE WARNING: useCacheForAllThreads is true that may cause Netty to create a lot garbage objects and, as a result, trigger GC.
	It is recommended to disable useCacheForAllThreads by setting -Dorg.apache.ratis.thirdparty.io.netty.allocator.useCacheForAllThreads=false in command line.
2019-07-13 09:16:01,124 INFO  grpc.GrpcConfigKeys$Server (ConfUtils.java:logGet(43)) - raft.grpc.server.port = 0 (default)
2019-07-13 09:16:01,124 INFO  server.GrpcService (ConfUtils.java:logGet(43)) - raft.grpc.message.size.max = 33570816 (custom)
2019-07-13 09:16:01,124 INFO  server.RaftServerConfigKeys (ConfUtils.java:logGet(43)) - raft.server.log.appender.buffer.byte-limit = 33554432 (custom)
2019-07-13 09:16:01,125 INFO  server.GrpcService (ConfUtils.java:logGet(43)) - raft.grpc.flow.control.window = 1MB (=1048576) (default)
2019-07-13 09:16:01,125 INFO  server.RaftServerConfigKeys (ConfUtils.java:logGet(43)) - raft.server.rpc.request.timeout = 3000ms (default)
2019-07-13 09:16:01,125 INFO  server.RaftServerConfigKeys (ConfUtils.java:logGet(43)) - raft.server.storage.dir = [/tmp/workdir/hadoop-ozone/integration-test/target/test-dir/MiniOzoneClusterImpl-92b618a0-2021-43d7-b9f6-a6987319673f/datanode-1/data/ratis] (custom)
2019-07-13 09:16:01,125 INFO  replication.SimpleContainerDownloader (SimpleContainerDownloader.java:<init>(72)) - Starting container downloader service to copy containers to replicate.
2019-07-13 09:16:01,126 INFO  hdfs.DFSUtil (DFSUtil.java:httpServerTemplateForNNAndJN(1641)) - Starting Web-server for hddsDatanode at: http://0.0.0.0:0
2019-07-13 09:16:01,128 INFO  server.AuthenticationFilter (AuthenticationFilter.java:constructSecretProvider(240)) - Unable to initialize FileSignerSecretProvider, falling back to use random secrets.
2019-07-13 09:16:01,128 WARN  http.HttpRequestLog (HttpRequestLog.java:getRequestLog(97)) - Jetty request log can only be enabled using Log4j
2019-07-13 09:16:01,129 INFO  http.HttpServer2 (HttpServer2.java:addGlobalFilter(975)) - Added global filter 'safety' (class=org.apache.hadoop.http.HttpServer2$QuotingInputFilter)
2019-07-13 09:16:01,129 INFO  http.HttpServer2 (HttpServer2.java:addFilter(948)) - Added filter static_user_filter (class=org.apache.hadoop.http.lib.StaticUserWebFilter$StaticUserFilter) to context hddsDatanode
2019-07-13 09:16:01,130 INFO  http.HttpServer2 (HttpServer2.java:addFilter(958)) - Added filter static_user_filter (class=org.apache.hadoop.http.lib.StaticUserWebFilter$StaticUserFilter) to context logs
2019-07-13 09:16:01,130 INFO  http.HttpServer2 (HttpServer2.java:addFilter(958)) - Added filter static_user_filter (class=org.apache.hadoop.http.lib.StaticUserWebFilter$StaticUserFilter) to context static
2019-07-13 09:16:01,130 INFO  http.HttpServer2 (HttpServer2.java:bindListener(1191)) - Jetty bound to port 46446
2019-07-13 09:16:01,130 INFO  server.Server (Server.java:doStart(351)) - jetty-9.3.24.v20180605, build timestamp: 2018-06-05T17:11:56Z, git hash: 84205aa28f11a4f31f2a3b86d1bba2cc8ab69827
2019-07-13 09:16:01,132 INFO  handler.ContextHandler (ContextHandler.java:doStart(781)) - Started o.e.j.s.ServletContextHandler@6b35b0f4{/logs,file:///tmp/workdir/hadoop-ozone/integration-test/target/log,AVAILABLE}
2019-07-13 09:16:01,133 INFO  handler.ContextHandler (ContextHandler.java:doStart(781)) - Started o.e.j.s.ServletContextHandler@1dd6e400{/static,jar:file:/home/user/.m2/repository/org/apache/hadoop/hadoop-hdds-container-service/0.5.0-SNAPSHOT/hadoop-hdds-container-service-0.5.0-SNAPSHOT.jar!/webapps/static,AVAILABLE}
2019-07-13 09:16:01,159 INFO  handler.ContextHandler (ContextHandler.java:doStart(781)) - Started o.e.j.w.WebAppContext@27bc2650{/,file:///tmp/jetty-0.0.0.0-46446-hddsDatanode-_-any-905702774849343472.dir/webapp/,AVAILABLE}{/hddsDatanode}
2019-07-13 09:16:01,159 INFO  server.AbstractConnector (AbstractConnector.java:doStart(278)) - Started ServerConnector@5c40402c{HTTP/1.1,[http/1.1]}{0.0.0.0:46446}
2019-07-13 09:16:01,159 INFO  server.Server (Server.java:doStart(419)) - Started @496402ms
2019-07-13 09:16:01,161 INFO  server.BaseHttpServer (BaseHttpServer.java:updateConnectorAddress(207)) - HTTP server of HDDSDATANODE is listening at http://0.0.0.0:46446
2019-07-13 09:16:01,470 INFO  ozone.HddsDatanodeService (HddsDatanodeService.java:startPlugins(396)) - Started plug-in org.apache.hadoop.ozone.web.OzoneHddsDatanodeService@11267e87
2019-07-13 09:16:01,470 INFO  impl.MetricsSystemImpl (MetricsSystemImpl.java:init(158)) - HddsDatanode metrics system started (again)
2019-07-13 09:16:01,472 INFO  ozone.HddsDatanodeService (HddsDatanodeService.java:start(185)) - HddsDatanodeService host:trunk-nightly-hmp62-43275749 ip:192.168.69.96
2019-07-13 09:16:01,474 INFO  util.JvmPauseMonitor (JvmPauseMonitor.java:run(188)) - Starting JVM pause monitor
2019-07-13 09:16:01,475 INFO  datanode.InitDatanodeState (InitDatanodeState.java:persistContainerDatanodeDetails(140)) - DatanodeDetails is persisted to /tmp/workdir/hadoop-ozone/integration-test/target/test-dir/MiniOzoneClusterImpl-92b618a0-2021-43d7-b9f6-a6987319673f/datanode-1/meta/datanode.id
2019-07-13 09:16:01,483 INFO  volume.HddsVolume (HddsVolume.java:<init>(176)) - Creating Volume: /tmp/workdir/hadoop-ozone/integration-test/target/test-dir/MiniOzoneClusterImpl-92b618a0-2021-43d7-b9f6-a6987319673f/datanode-2/data/containers/hdds of  storage type : DISK and capacity : 52710309888
2019-07-13 09:16:01,484 INFO  volume.VolumeSet (VolumeSet.java:initializeVolumeSet(170)) - Added Volume : /tmp/workdir/hadoop-ozone/integration-test/target/test-dir/MiniOzoneClusterImpl-92b618a0-2021-43d7-b9f6-a6987319673f/datanode-2/data/containers/hdds to VolumeSet
2019-07-13 09:16:01,484 INFO  volume.ThrottledAsyncChecker (ThrottledAsyncChecker.java:schedule(140)) - Scheduling a check for org.apache.hadoop.ozone.container.common.volume.HddsVolume@7a491a60
2019-07-13 09:16:01,484 INFO  volume.HddsVolumeChecker (HddsVolumeChecker.java:checkAllVolumes(203)) - Scheduled health check for volume org.apache.hadoop.ozone.container.common.volume.HddsVolume@7a491a60
2019-07-13 09:16:01,500 INFO  impl.RaftServerProxy (ConfUtils.java:logGet(43)) - raft.rpc.type = GRPC (default)
2019-07-13 09:16:01,500 INFO  grpc.GrpcFactory (GrpcFactory.java:checkPooledByteBufAllocatorUseCacheForAllThreads(45)) - PERFORMANCE WARNING: useCacheForAllThreads is true that may cause Netty to create a lot garbage objects and, as a result, trigger GC.
	It is recommended to disable useCacheForAllThreads by setting -Dorg.apache.ratis.thirdparty.io.netty.allocator.useCacheForAllThreads=false in command line.
2019-07-13 09:16:01,500 INFO  grpc.GrpcConfigKeys$Server (ConfUtils.java:logGet(43)) - raft.grpc.server.port = 0 (default)
2019-07-13 09:16:01,500 INFO  server.GrpcService (ConfUtils.java:logGet(43)) - raft.grpc.message.size.max = 33570816 (custom)
2019-07-13 09:16:01,500 INFO  server.RaftServerConfigKeys (ConfUtils.java:logGet(43)) - raft.server.log.appender.buffer.byte-limit = 33554432 (custom)
2019-07-13 09:16:01,501 INFO  server.GrpcService (ConfUtils.java:logGet(43)) - raft.grpc.flow.control.window = 1MB (=1048576) (default)
2019-07-13 09:16:01,501 INFO  server.RaftServerConfigKeys (ConfUtils.java:logGet(43)) - raft.server.rpc.request.timeout = 3000ms (default)
2019-07-13 09:16:01,501 INFO  server.RaftServerConfigKeys (ConfUtils.java:logGet(43)) - raft.server.storage.dir = [/tmp/workdir/hadoop-ozone/integration-test/target/test-dir/MiniOzoneClusterImpl-92b618a0-2021-43d7-b9f6-a6987319673f/datanode-2/data/ratis] (custom)
2019-07-13 09:16:01,502 INFO  replication.SimpleContainerDownloader (SimpleContainerDownloader.java:<init>(72)) - Starting container downloader service to copy containers to replicate.
2019-07-13 09:16:01,503 INFO  hdfs.DFSUtil (DFSUtil.java:httpServerTemplateForNNAndJN(1641)) - Starting Web-server for hddsDatanode at: http://0.0.0.0:0
2019-07-13 09:16:01,504 INFO  server.AuthenticationFilter (AuthenticationFilter.java:constructSecretProvider(240)) - Unable to initialize FileSignerSecretProvider, falling back to use random secrets.
2019-07-13 09:16:01,504 WARN  http.HttpRequestLog (HttpRequestLog.java:getRequestLog(97)) - Jetty request log can only be enabled using Log4j
2019-07-13 09:16:01,505 INFO  http.HttpServer2 (HttpServer2.java:addGlobalFilter(975)) - Added global filter 'safety' (class=org.apache.hadoop.http.HttpServer2$QuotingInputFilter)
2019-07-13 09:16:01,506 INFO  http.HttpServer2 (HttpServer2.java:addFilter(948)) - Added filter static_user_filter (class=org.apache.hadoop.http.lib.StaticUserWebFilter$StaticUserFilter) to context hddsDatanode
2019-07-13 09:16:01,506 INFO  http.HttpServer2 (HttpServer2.java:addFilter(958)) - Added filter static_user_filter (class=org.apache.hadoop.http.lib.StaticUserWebFilter$StaticUserFilter) to context logs
2019-07-13 09:16:01,506 INFO  http.HttpServer2 (HttpServer2.java:addFilter(958)) - Added filter static_user_filter (class=org.apache.hadoop.http.lib.StaticUserWebFilter$StaticUserFilter) to context static
2019-07-13 09:16:01,507 INFO  http.HttpServer2 (HttpServer2.java:bindListener(1191)) - Jetty bound to port 38648
2019-07-13 09:16:01,507 INFO  server.Server (Server.java:doStart(351)) - jetty-9.3.24.v20180605, build timestamp: 2018-06-05T17:11:56Z, git hash: 84205aa28f11a4f31f2a3b86d1bba2cc8ab69827
2019-07-13 09:16:01,508 INFO  handler.ContextHandler (ContextHandler.java:doStart(781)) - Started o.e.j.s.ServletContextHandler@3e265811{/logs,file:///tmp/workdir/hadoop-ozone/integration-test/target/log,AVAILABLE}
2019-07-13 09:16:01,509 INFO  handler.ContextHandler (ContextHandler.java:doStart(781)) - Started o.e.j.s.ServletContextHandler@33986be7{/static,jar:file:/home/user/.m2/repository/org/apache/hadoop/hadoop-hdds-container-service/0.5.0-SNAPSHOT/hadoop-hdds-container-service-0.5.0-SNAPSHOT.jar!/webapps/static,AVAILABLE}
2019-07-13 09:16:01,535 INFO  handler.ContextHandler (ContextHandler.java:doStart(781)) - Started o.e.j.w.WebAppContext@22a2e581{/,file:///tmp/jetty-0.0.0.0-38648-hddsDatanode-_-any-4580176333617734295.dir/webapp/,AVAILABLE}{/hddsDatanode}
2019-07-13 09:16:01,535 INFO  server.AbstractConnector (AbstractConnector.java:doStart(278)) - Started ServerConnector@7ca8f5d7{HTTP/1.1,[http/1.1]}{0.0.0.0:38648}
2019-07-13 09:16:01,537 INFO  server.Server (Server.java:doStart(419)) - Started @496779ms
2019-07-13 09:16:01,537 INFO  server.BaseHttpServer (BaseHttpServer.java:updateConnectorAddress(207)) - HTTP server of HDDSDATANODE is listening at http://0.0.0.0:38648
2019-07-13 09:16:01,636 INFO  ozone.HddsDatanodeService (HddsDatanodeService.java:startPlugins(396)) - Started plug-in org.apache.hadoop.ozone.web.OzoneHddsDatanodeService@5d1eb214
2019-07-13 09:16:01,636 INFO  impl.MetricsSystemImpl (MetricsSystemImpl.java:init(158)) - HddsDatanode metrics system started (again)
2019-07-13 09:16:01,639 INFO  ozone.HddsDatanodeService (HddsDatanodeService.java:start(185)) - HddsDatanodeService host:trunk-nightly-hmp62-43275749 ip:192.168.69.96
2019-07-13 09:16:01,640 INFO  util.JvmPauseMonitor (JvmPauseMonitor.java:run(188)) - Starting JVM pause monitor
2019-07-13 09:16:01,641 INFO  datanode.InitDatanodeState (InitDatanodeState.java:persistContainerDatanodeDetails(140)) - DatanodeDetails is persisted to /tmp/workdir/hadoop-ozone/integration-test/target/test-dir/MiniOzoneClusterImpl-92b618a0-2021-43d7-b9f6-a6987319673f/datanode-2/meta/datanode.id
2019-07-13 09:16:01,649 INFO  volume.HddsVolume (HddsVolume.java:<init>(176)) - Creating Volume: /tmp/workdir/hadoop-ozone/integration-test/target/test-dir/MiniOzoneClusterImpl-92b618a0-2021-43d7-b9f6-a6987319673f/datanode-3/data/containers/hdds of  storage type : DISK and capacity : 52710309888
2019-07-13 09:16:01,649 INFO  volume.VolumeSet (VolumeSet.java:initializeVolumeSet(170)) - Added Volume : /tmp/workdir/hadoop-ozone/integration-test/target/test-dir/MiniOzoneClusterImpl-92b618a0-2021-43d7-b9f6-a6987319673f/datanode-3/data/containers/hdds to VolumeSet
2019-07-13 09:16:01,649 INFO  volume.ThrottledAsyncChecker (ThrottledAsyncChecker.java:schedule(140)) - Scheduling a check for org.apache.hadoop.ozone.container.common.volume.HddsVolume@1e9a10e9
2019-07-13 09:16:01,650 INFO  volume.HddsVolumeChecker (HddsVolumeChecker.java:checkAllVolumes(203)) - Scheduled health check for volume org.apache.hadoop.ozone.container.common.volume.HddsVolume@1e9a10e9
2019-07-13 09:16:01,663 INFO  impl.RaftServerProxy (ConfUtils.java:logGet(43)) - raft.rpc.type = GRPC (default)
2019-07-13 09:16:01,663 INFO  grpc.GrpcFactory (GrpcFactory.java:checkPooledByteBufAllocatorUseCacheForAllThreads(45)) - PERFORMANCE WARNING: useCacheForAllThreads is true that may cause Netty to create a lot garbage objects and, as a result, trigger GC.
	It is recommended to disable useCacheForAllThreads by setting -Dorg.apache.ratis.thirdparty.io.netty.allocator.useCacheForAllThreads=false in command line.
2019-07-13 09:16:01,663 INFO  grpc.GrpcConfigKeys$Server (ConfUtils.java:logGet(43)) - raft.grpc.server.port = 0 (default)
2019-07-13 09:16:01,663 INFO  server.GrpcService (ConfUtils.java:logGet(43)) - raft.grpc.message.size.max = 33570816 (custom)
2019-07-13 09:16:01,663 INFO  server.RaftServerConfigKeys (ConfUtils.java:logGet(43)) - raft.server.log.appender.buffer.byte-limit = 33554432 (custom)
2019-07-13 09:16:01,664 INFO  server.GrpcService (ConfUtils.java:logGet(43)) - raft.grpc.flow.control.window = 1MB (=1048576) (default)
2019-07-13 09:16:01,664 INFO  server.RaftServerConfigKeys (ConfUtils.java:logGet(43)) - raft.server.rpc.request.timeout = 3000ms (default)
2019-07-13 09:16:01,664 INFO  server.RaftServerConfigKeys (ConfUtils.java:logGet(43)) - raft.server.storage.dir = [/tmp/workdir/hadoop-ozone/integration-test/target/test-dir/MiniOzoneClusterImpl-92b618a0-2021-43d7-b9f6-a6987319673f/datanode-3/data/ratis] (custom)
2019-07-13 09:16:01,665 INFO  replication.SimpleContainerDownloader (SimpleContainerDownloader.java:<init>(72)) - Starting container downloader service to copy containers to replicate.
2019-07-13 09:16:01,665 INFO  hdfs.DFSUtil (DFSUtil.java:httpServerTemplateForNNAndJN(1641)) - Starting Web-server for hddsDatanode at: http://0.0.0.0:0
2019-07-13 09:16:01,667 INFO  server.AuthenticationFilter (AuthenticationFilter.java:constructSecretProvider(240)) - Unable to initialize FileSignerSecretProvider, falling back to use random secrets.
2019-07-13 09:16:01,667 WARN  http.HttpRequestLog (HttpRequestLog.java:getRequestLog(97)) - Jetty request log can only be enabled using Log4j
2019-07-13 09:16:01,668 INFO  http.HttpServer2 (HttpServer2.java:addGlobalFilter(975)) - Added global filter 'safety' (class=org.apache.hadoop.http.HttpServer2$QuotingInputFilter)
2019-07-13 09:16:01,668 INFO  http.HttpServer2 (HttpServer2.java:addFilter(948)) - Added filter static_user_filter (class=org.apache.hadoop.http.lib.StaticUserWebFilter$StaticUserFilter) to context hddsDatanode
2019-07-13 09:16:01,668 INFO  http.HttpServer2 (HttpServer2.java:addFilter(958)) - Added filter static_user_filter (class=org.apache.hadoop.http.lib.StaticUserWebFilter$StaticUserFilter) to context static
2019-07-13 09:16:01,669 INFO  http.HttpServer2 (HttpServer2.java:addFilter(958)) - Added filter static_user_filter (class=org.apache.hadoop.http.lib.StaticUserWebFilter$StaticUserFilter) to context logs
2019-07-13 09:16:01,669 INFO  http.HttpServer2 (HttpServer2.java:bindListener(1191)) - Jetty bound to port 39771
2019-07-13 09:16:01,669 INFO  server.Server (Server.java:doStart(351)) - jetty-9.3.24.v20180605, build timestamp: 2018-06-05T17:11:56Z, git hash: 84205aa28f11a4f31f2a3b86d1bba2cc8ab69827
2019-07-13 09:16:01,671 INFO  handler.ContextHandler (ContextHandler.java:doStart(781)) - Started o.e.j.s.ServletContextHandler@ef59aee{/logs,file:///tmp/workdir/hadoop-ozone/integration-test/target/log,AVAILABLE}
2019-07-13 09:16:01,671 INFO  handler.ContextHandler (ContextHandler.java:doStart(781)) - Started o.e.j.s.ServletContextHandler@45a4587d{/static,jar:file:/home/user/.m2/repository/org/apache/hadoop/hadoop-hdds-container-service/0.5.0-SNAPSHOT/hadoop-hdds-container-service-0.5.0-SNAPSHOT.jar!/webapps/static,AVAILABLE}
2019-07-13 09:16:01,698 INFO  handler.ContextHandler (ContextHandler.java:doStart(781)) - Started o.e.j.w.WebAppContext@4b3eaf39{/,file:///tmp/jetty-0.0.0.0-39771-hddsDatanode-_-any-7144802411708696481.dir/webapp/,AVAILABLE}{/hddsDatanode}
2019-07-13 09:16:01,698 INFO  server.AbstractConnector (AbstractConnector.java:doStart(278)) - Started ServerConnector@d6879bf{HTTP/1.1,[http/1.1]}{0.0.0.0:39771}
2019-07-13 09:16:01,699 INFO  server.Server (Server.java:doStart(419)) - Started @496941ms
2019-07-13 09:16:01,700 INFO  server.BaseHttpServer (BaseHttpServer.java:updateConnectorAddress(207)) - HTTP server of HDDSDATANODE is listening at http://0.0.0.0:39771
2019-07-13 09:16:01,799 INFO  ozone.HddsDatanodeService (HddsDatanodeService.java:startPlugins(396)) - Started plug-in org.apache.hadoop.ozone.web.OzoneHddsDatanodeService@2d26c6a2
2019-07-13 09:16:01,799 INFO  impl.MetricsSystemImpl (MetricsSystemImpl.java:init(158)) - HddsDatanode metrics system started (again)
2019-07-13 09:16:01,801 INFO  ozone.HddsDatanodeService (HddsDatanodeService.java:start(185)) - HddsDatanodeService host:trunk-nightly-hmp62-43275749 ip:192.168.69.96
2019-07-13 09:16:01,803 INFO  util.JvmPauseMonitor (JvmPauseMonitor.java:run(188)) - Starting JVM pause monitor
2019-07-13 09:16:01,804 INFO  datanode.InitDatanodeState (InitDatanodeState.java:persistContainerDatanodeDetails(140)) - DatanodeDetails is persisted to /tmp/workdir/hadoop-ozone/integration-test/target/test-dir/MiniOzoneClusterImpl-92b618a0-2021-43d7-b9f6-a6987319673f/datanode-3/meta/datanode.id
2019-07-13 09:16:01,812 INFO  volume.HddsVolume (HddsVolume.java:<init>(176)) - Creating Volume: /tmp/workdir/hadoop-ozone/integration-test/target/test-dir/MiniOzoneClusterImpl-92b618a0-2021-43d7-b9f6-a6987319673f/datanode-4/data/containers/hdds of  storage type : DISK and capacity : 52710309888
2019-07-13 09:16:01,812 INFO  volume.VolumeSet (VolumeSet.java:initializeVolumeSet(170)) - Added Volume : /tmp/workdir/hadoop-ozone/integration-test/target/test-dir/MiniOzoneClusterImpl-92b618a0-2021-43d7-b9f6-a6987319673f/datanode-4/data/containers/hdds to VolumeSet
2019-07-13 09:16:01,812 INFO  volume.ThrottledAsyncChecker (ThrottledAsyncChecker.java:schedule(140)) - Scheduling a check for org.apache.hadoop.ozone.container.common.volume.HddsVolume@37a36194
2019-07-13 09:16:01,812 INFO  volume.HddsVolumeChecker (HddsVolumeChecker.java:checkAllVolumes(203)) - Scheduled health check for volume org.apache.hadoop.ozone.container.common.volume.HddsVolume@37a36194
2019-07-13 09:16:01,826 INFO  impl.RaftServerProxy (ConfUtils.java:logGet(43)) - raft.rpc.type = GRPC (default)
2019-07-13 09:16:01,826 INFO  grpc.GrpcFactory (GrpcFactory.java:checkPooledByteBufAllocatorUseCacheForAllThreads(45)) - PERFORMANCE WARNING: useCacheForAllThreads is true that may cause Netty to create a lot garbage objects and, as a result, trigger GC.
	It is recommended to disable useCacheForAllThreads by setting -Dorg.apache.ratis.thirdparty.io.netty.allocator.useCacheForAllThreads=false in command line.
2019-07-13 09:16:01,827 INFO  grpc.GrpcConfigKeys$Server (ConfUtils.java:logGet(43)) - raft.grpc.server.port = 0 (default)
2019-07-13 09:16:01,827 INFO  server.GrpcService (ConfUtils.java:logGet(43)) - raft.grpc.message.size.max = 33570816 (custom)
2019-07-13 09:16:01,827 INFO  server.RaftServerConfigKeys (ConfUtils.java:logGet(43)) - raft.server.log.appender.buffer.byte-limit = 33554432 (custom)
2019-07-13 09:16:01,827 INFO  server.GrpcService (ConfUtils.java:logGet(43)) - raft.grpc.flow.control.window = 1MB (=1048576) (default)
2019-07-13 09:16:01,827 INFO  server.RaftServerConfigKeys (ConfUtils.java:logGet(43)) - raft.server.rpc.request.timeout = 3000ms (default)
2019-07-13 09:16:01,828 INFO  server.RaftServerConfigKeys (ConfUtils.java:logGet(43)) - raft.server.storage.dir = [/tmp/workdir/hadoop-ozone/integration-test/target/test-dir/MiniOzoneClusterImpl-92b618a0-2021-43d7-b9f6-a6987319673f/datanode-4/data/ratis] (custom)
2019-07-13 09:16:01,828 INFO  replication.SimpleContainerDownloader (SimpleContainerDownloader.java:<init>(72)) - Starting container downloader service to copy containers to replicate.
2019-07-13 09:16:01,829 INFO  hdfs.DFSUtil (DFSUtil.java:httpServerTemplateForNNAndJN(1641)) - Starting Web-server for hddsDatanode at: http://0.0.0.0:0
2019-07-13 09:16:01,830 INFO  server.AuthenticationFilter (AuthenticationFilter.java:constructSecretProvider(240)) - Unable to initialize FileSignerSecretProvider, falling back to use random secrets.
2019-07-13 09:16:01,830 WARN  http.HttpRequestLog (HttpRequestLog.java:getRequestLog(97)) - Jetty request log can only be enabled using Log4j
2019-07-13 09:16:01,832 INFO  http.HttpServer2 (HttpServer2.java:addGlobalFilter(975)) - Added global filter 'safety' (class=org.apache.hadoop.http.HttpServer2$QuotingInputFilter)
2019-07-13 09:16:01,832 INFO  http.HttpServer2 (HttpServer2.java:addFilter(948)) - Added filter static_user_filter (class=org.apache.hadoop.http.lib.StaticUserWebFilter$StaticUserFilter) to context hddsDatanode
2019-07-13 09:16:01,832 INFO  http.HttpServer2 (HttpServer2.java:addFilter(958)) - Added filter static_user_filter (class=org.apache.hadoop.http.lib.StaticUserWebFilter$StaticUserFilter) to context logs
2019-07-13 09:16:01,832 INFO  http.HttpServer2 (HttpServer2.java:addFilter(958)) - Added filter static_user_filter (class=org.apache.hadoop.http.lib.StaticUserWebFilter$StaticUserFilter) to context static
2019-07-13 09:16:01,833 INFO  http.HttpServer2 (HttpServer2.java:bindListener(1191)) - Jetty bound to port 46500
2019-07-13 09:16:01,833 INFO  server.Server (Server.java:doStart(351)) - jetty-9.3.24.v20180605, build timestamp: 2018-06-05T17:11:56Z, git hash: 84205aa28f11a4f31f2a3b86d1bba2cc8ab69827
2019-07-13 09:16:01,834 INFO  handler.ContextHandler (ContextHandler.java:doStart(781)) - Started o.e.j.s.ServletContextHandler@759c53e5{/logs,file:///tmp/workdir/hadoop-ozone/integration-test/target/log,AVAILABLE}
2019-07-13 09:16:01,835 INFO  handler.ContextHandler (ContextHandler.java:doStart(781)) - Started o.e.j.s.ServletContextHandler@2c02cf78{/static,jar:file:/home/user/.m2/repository/org/apache/hadoop/hadoop-hdds-container-service/0.5.0-SNAPSHOT/hadoop-hdds-container-service-0.5.0-SNAPSHOT.jar!/webapps/static,AVAILABLE}
2019-07-13 09:16:01,861 INFO  handler.ContextHandler (ContextHandler.java:doStart(781)) - Started o.e.j.w.WebAppContext@37fc7e3c{/,file:///tmp/jetty-0.0.0.0-46500-hddsDatanode-_-any-3568269471237094716.dir/webapp/,AVAILABLE}{/hddsDatanode}
2019-07-13 09:16:01,862 INFO  server.AbstractConnector (AbstractConnector.java:doStart(278)) - Started ServerConnector@1c96bf1e{HTTP/1.1,[http/1.1]}{0.0.0.0:46500}
2019-07-13 09:16:01,863 INFO  server.Server (Server.java:doStart(419)) - Started @497105ms
2019-07-13 09:16:01,864 INFO  server.BaseHttpServer (BaseHttpServer.java:updateConnectorAddress(207)) - HTTP server of HDDSDATANODE is listening at http://0.0.0.0:46500
2019-07-13 09:16:01,961 INFO  ozone.HddsDatanodeService (HddsDatanodeService.java:startPlugins(396)) - Started plug-in org.apache.hadoop.ozone.web.OzoneHddsDatanodeService@3054cdd3
2019-07-13 09:16:01,961 INFO  impl.MetricsSystemImpl (MetricsSystemImpl.java:init(158)) - HddsDatanode metrics system started (again)
2019-07-13 09:16:01,964 INFO  ozone.HddsDatanodeService (HddsDatanodeService.java:start(185)) - HddsDatanodeService host:trunk-nightly-hmp62-43275749 ip:192.168.69.96
2019-07-13 09:16:01,965 INFO  util.JvmPauseMonitor (JvmPauseMonitor.java:run(188)) - Starting JVM pause monitor
2019-07-13 09:16:01,966 INFO  datanode.InitDatanodeState (InitDatanodeState.java:persistContainerDatanodeDetails(140)) - DatanodeDetails is persisted to /tmp/workdir/hadoop-ozone/integration-test/target/test-dir/MiniOzoneClusterImpl-92b618a0-2021-43d7-b9f6-a6987319673f/datanode-4/meta/datanode.id
2019-07-13 09:16:01,974 INFO  volume.HddsVolume (HddsVolume.java:<init>(176)) - Creating Volume: /tmp/workdir/hadoop-ozone/integration-test/target/test-dir/MiniOzoneClusterImpl-92b618a0-2021-43d7-b9f6-a6987319673f/datanode-5/data/containers/hdds of  storage type : DISK and capacity : 52710309888
2019-07-13 09:16:01,975 INFO  volume.VolumeSet (VolumeSet.java:initializeVolumeSet(170)) - Added Volume : /tmp/workdir/hadoop-ozone/integration-test/target/test-dir/MiniOzoneClusterImpl-92b618a0-2021-43d7-b9f6-a6987319673f/datanode-5/data/containers/hdds to VolumeSet
2019-07-13 09:16:01,975 INFO  volume.ThrottledAsyncChecker (ThrottledAsyncChecker.java:schedule(140)) - Scheduling a check for org.apache.hadoop.ozone.container.common.volume.HddsVolume@37e28b20
2019-07-13 09:16:01,975 INFO  volume.HddsVolumeChecker (HddsVolumeChecker.java:checkAllVolumes(203)) - Scheduled health check for volume org.apache.hadoop.ozone.container.common.volume.HddsVolume@37e28b20
2019-07-13 09:16:01,989 INFO  impl.RaftServerProxy (ConfUtils.java:logGet(43)) - raft.rpc.type = GRPC (default)
2019-07-13 09:16:01,989 INFO  grpc.GrpcFactory (GrpcFactory.java:checkPooledByteBufAllocatorUseCacheForAllThreads(45)) - PERFORMANCE WARNING: useCacheForAllThreads is true that may cause Netty to create a lot garbage objects and, as a result, trigger GC.
	It is recommended to disable useCacheForAllThreads by setting -Dorg.apache.ratis.thirdparty.io.netty.allocator.useCacheForAllThreads=false in command line.
2019-07-13 09:16:01,989 INFO  grpc.GrpcConfigKeys$Server (ConfUtils.java:logGet(43)) - raft.grpc.server.port = 0 (default)
2019-07-13 09:16:01,989 INFO  server.GrpcService (ConfUtils.java:logGet(43)) - raft.grpc.message.size.max = 33570816 (custom)
2019-07-13 09:16:01,990 INFO  server.RaftServerConfigKeys (ConfUtils.java:logGet(43)) - raft.server.log.appender.buffer.byte-limit = 33554432 (custom)
2019-07-13 09:16:01,990 INFO  server.GrpcService (ConfUtils.java:logGet(43)) - raft.grpc.flow.control.window = 1MB (=1048576) (default)
2019-07-13 09:16:01,990 INFO  server.RaftServerConfigKeys (ConfUtils.java:logGet(43)) - raft.server.rpc.request.timeout = 3000ms (default)
2019-07-13 09:16:01,990 INFO  server.RaftServerConfigKeys (ConfUtils.java:logGet(43)) - raft.server.storage.dir = [/tmp/workdir/hadoop-ozone/integration-test/target/test-dir/MiniOzoneClusterImpl-92b618a0-2021-43d7-b9f6-a6987319673f/datanode-5/data/ratis] (custom)
2019-07-13 09:16:01,991 INFO  replication.SimpleContainerDownloader (SimpleContainerDownloader.java:<init>(72)) - Starting container downloader service to copy containers to replicate.
2019-07-13 09:16:01,992 INFO  hdfs.DFSUtil (DFSUtil.java:httpServerTemplateForNNAndJN(1641)) - Starting Web-server for hddsDatanode at: http://0.0.0.0:0
2019-07-13 09:16:01,993 INFO  server.AuthenticationFilter (AuthenticationFilter.java:constructSecretProvider(240)) - Unable to initialize FileSignerSecretProvider, falling back to use random secrets.
2019-07-13 09:16:01,993 WARN  http.HttpRequestLog (HttpRequestLog.java:getRequestLog(97)) - Jetty request log can only be enabled using Log4j
2019-07-13 09:16:01,994 INFO  http.HttpServer2 (HttpServer2.java:addGlobalFilter(975)) - Added global filter 'safety' (class=org.apache.hadoop.http.HttpServer2$QuotingInputFilter)
2019-07-13 09:16:01,995 INFO  http.HttpServer2 (HttpServer2.java:addFilter(948)) - Added filter static_user_filter (class=org.apache.hadoop.http.lib.StaticUserWebFilter$StaticUserFilter) to context hddsDatanode
2019-07-13 09:16:01,995 INFO  http.HttpServer2 (HttpServer2.java:addFilter(958)) - Added filter static_user_filter (class=org.apache.hadoop.http.lib.StaticUserWebFilter$StaticUserFilter) to context logs
2019-07-13 09:16:01,995 INFO  http.HttpServer2 (HttpServer2.java:addFilter(958)) - Added filter static_user_filter (class=org.apache.hadoop.http.lib.StaticUserWebFilter$StaticUserFilter) to context static
2019-07-13 09:16:01,996 INFO  http.HttpServer2 (HttpServer2.java:bindListener(1191)) - Jetty bound to port 45877
2019-07-13 09:16:01,996 INFO  server.Server (Server.java:doStart(351)) - jetty-9.3.24.v20180605, build timestamp: 2018-06-05T17:11:56Z, git hash: 84205aa28f11a4f31f2a3b86d1bba2cc8ab69827
2019-07-13 09:16:01,997 INFO  handler.ContextHandler (ContextHandler.java:doStart(781)) - Started o.e.j.s.ServletContextHandler@1a4c6e74{/logs,file:///tmp/workdir/hadoop-ozone/integration-test/target/log,AVAILABLE}
2019-07-13 09:16:01,998 INFO  handler.ContextHandler (ContextHandler.java:doStart(781)) - Started o.e.j.s.ServletContextHandler@51d6c42d{/static,jar:file:/home/user/.m2/repository/org/apache/hadoop/hadoop-hdds-container-service/0.5.0-SNAPSHOT/hadoop-hdds-container-service-0.5.0-SNAPSHOT.jar!/webapps/static,AVAILABLE}
2019-07-13 09:16:02,029 INFO  handler.ContextHandler (ContextHandler.java:doStart(781)) - Started o.e.j.w.WebAppContext@737ae41a{/,file:///tmp/jetty-0.0.0.0-45877-hddsDatanode-_-any-6035422252361328488.dir/webapp/,AVAILABLE}{/hddsDatanode}
2019-07-13 09:16:02,030 INFO  server.AbstractConnector (AbstractConnector.java:doStart(278)) - Started ServerConnector@7a05cdc8{HTTP/1.1,[http/1.1]}{0.0.0.0:45877}
2019-07-13 09:16:02,031 INFO  server.Server (Server.java:doStart(419)) - Started @497274ms
2019-07-13 09:16:02,032 INFO  server.BaseHttpServer (BaseHttpServer.java:updateConnectorAddress(207)) - HTTP server of HDDSDATANODE is listening at http://0.0.0.0:45877
2019-07-13 09:16:02,132 INFO  ozone.HddsDatanodeService (HddsDatanodeService.java:startPlugins(396)) - Started plug-in org.apache.hadoop.ozone.web.OzoneHddsDatanodeService@28468162
2019-07-13 09:16:02,133 INFO  impl.MetricsSystemImpl (MetricsSystemImpl.java:init(158)) - HddsDatanode metrics system started (again)
2019-07-13 09:16:02,136 INFO  ozone.HddsDatanodeService (HddsDatanodeService.java:start(185)) - HddsDatanodeService host:trunk-nightly-hmp62-43275749 ip:192.168.69.96
2019-07-13 09:16:02,136 INFO  util.JvmPauseMonitor (JvmPauseMonitor.java:run(188)) - Starting JVM pause monitor
2019-07-13 09:16:02,138 INFO  datanode.InitDatanodeState (InitDatanodeState.java:persistContainerDatanodeDetails(140)) - DatanodeDetails is persisted to /tmp/workdir/hadoop-ozone/integration-test/target/test-dir/MiniOzoneClusterImpl-92b618a0-2021-43d7-b9f6-a6987319673f/datanode-5/meta/datanode.id
2019-07-13 09:16:02,146 INFO  volume.HddsVolume (HddsVolume.java:<init>(176)) - Creating Volume: /tmp/workdir/hadoop-ozone/integration-test/target/test-dir/MiniOzoneClusterImpl-92b618a0-2021-43d7-b9f6-a6987319673f/datanode-6/data/containers/hdds of  storage type : DISK and capacity : 52710309888
2019-07-13 09:16:02,146 INFO  volume.VolumeSet (VolumeSet.java:initializeVolumeSet(170)) - Added Volume : /tmp/workdir/hadoop-ozone/integration-test/target/test-dir/MiniOzoneClusterImpl-92b618a0-2021-43d7-b9f6-a6987319673f/datanode-6/data/containers/hdds to VolumeSet
2019-07-13 09:16:02,146 INFO  volume.ThrottledAsyncChecker (ThrottledAsyncChecker.java:schedule(140)) - Scheduling a check for org.apache.hadoop.ozone.container.common.volume.HddsVolume@f3c27e9
2019-07-13 09:16:02,147 INFO  volume.HddsVolumeChecker (HddsVolumeChecker.java:checkAllVolumes(203)) - Scheduled health check for volume org.apache.hadoop.ozone.container.common.volume.HddsVolume@f3c27e9
2019-07-13 09:16:02,161 INFO  impl.RaftServerProxy (ConfUtils.java:logGet(43)) - raft.rpc.type = GRPC (default)
2019-07-13 09:16:02,161 INFO  grpc.GrpcFactory (GrpcFactory.java:checkPooledByteBufAllocatorUseCacheForAllThreads(45)) - PERFORMANCE WARNING: useCacheForAllThreads is true that may cause Netty to create a lot garbage objects and, as a result, trigger GC.
	It is recommended to disable useCacheForAllThreads by setting -Dorg.apache.ratis.thirdparty.io.netty.allocator.useCacheForAllThreads=false in command line.
2019-07-13 09:16:02,162 INFO  grpc.GrpcConfigKeys$Server (ConfUtils.java:logGet(43)) - raft.grpc.server.port = 0 (default)
2019-07-13 09:16:02,162 INFO  server.GrpcService (ConfUtils.java:logGet(43)) - raft.grpc.message.size.max = 33570816 (custom)
2019-07-13 09:16:02,162 INFO  server.RaftServerConfigKeys (ConfUtils.java:logGet(43)) - raft.server.log.appender.buffer.byte-limit = 33554432 (custom)
2019-07-13 09:16:02,162 INFO  server.GrpcService (ConfUtils.java:logGet(43)) - raft.grpc.flow.control.window = 1MB (=1048576) (default)
2019-07-13 09:16:02,162 INFO  server.RaftServerConfigKeys (ConfUtils.java:logGet(43)) - raft.server.rpc.request.timeout = 3000ms (default)
2019-07-13 09:16:02,163 INFO  server.RaftServerConfigKeys (ConfUtils.java:logGet(43)) - raft.server.storage.dir = [/tmp/workdir/hadoop-ozone/integration-test/target/test-dir/MiniOzoneClusterImpl-92b618a0-2021-43d7-b9f6-a6987319673f/datanode-6/data/ratis] (custom)
2019-07-13 09:16:02,163 INFO  replication.SimpleContainerDownloader (SimpleContainerDownloader.java:<init>(72)) - Starting container downloader service to copy containers to replicate.
2019-07-13 09:16:02,166 INFO  hdfs.DFSUtil (DFSUtil.java:httpServerTemplateForNNAndJN(1641)) - Starting Web-server for hddsDatanode at: http://0.0.0.0:0
2019-07-13 09:16:02,167 INFO  server.AuthenticationFilter (AuthenticationFilter.java:constructSecretProvider(240)) - Unable to initialize FileSignerSecretProvider, falling back to use random secrets.
2019-07-13 09:16:02,167 WARN  http.HttpRequestLog (HttpRequestLog.java:getRequestLog(97)) - Jetty request log can only be enabled using Log4j
2019-07-13 09:16:02,168 INFO  http.HttpServer2 (HttpServer2.java:addGlobalFilter(975)) - Added global filter 'safety' (class=org.apache.hadoop.http.HttpServer2$QuotingInputFilter)
2019-07-13 09:16:02,169 INFO  http.HttpServer2 (HttpServer2.java:addFilter(948)) - Added filter static_user_filter (class=org.apache.hadoop.http.lib.StaticUserWebFilter$StaticUserFilter) to context hddsDatanode
2019-07-13 09:16:02,169 INFO  http.HttpServer2 (HttpServer2.java:addFilter(958)) - Added filter static_user_filter (class=org.apache.hadoop.http.lib.StaticUserWebFilter$StaticUserFilter) to context static
2019-07-13 09:16:02,169 INFO  http.HttpServer2 (HttpServer2.java:addFilter(958)) - Added filter static_user_filter (class=org.apache.hadoop.http.lib.StaticUserWebFilter$StaticUserFilter) to context logs
2019-07-13 09:16:02,170 INFO  http.HttpServer2 (HttpServer2.java:bindListener(1191)) - Jetty bound to port 42692
2019-07-13 09:16:02,170 INFO  server.Server (Server.java:doStart(351)) - jetty-9.3.24.v20180605, build timestamp: 2018-06-05T17:11:56Z, git hash: 84205aa28f11a4f31f2a3b86d1bba2cc8ab69827
2019-07-13 09:16:02,171 INFO  handler.ContextHandler (ContextHandler.java:doStart(781)) - Started o.e.j.s.ServletContextHandler@3811464b{/logs,file:///tmp/workdir/hadoop-ozone/integration-test/target/log,AVAILABLE}
2019-07-13 09:16:02,172 INFO  handler.ContextHandler (ContextHandler.java:doStart(781)) - Started o.e.j.s.ServletContextHandler@c6db00d{/static,jar:file:/home/user/.m2/repository/org/apache/hadoop/hadoop-hdds-container-service/0.5.0-SNAPSHOT/hadoop-hdds-container-service-0.5.0-SNAPSHOT.jar!/webapps/static,AVAILABLE}
2019-07-13 09:16:02,199 INFO  handler.ContextHandler (ContextHandler.java:doStart(781)) - Started o.e.j.w.WebAppContext@373fb666{/,file:///tmp/jetty-0.0.0.0-42692-hddsDatanode-_-any-157638573362486824.dir/webapp/,AVAILABLE}{/hddsDatanode}
2019-07-13 09:16:02,200 INFO  server.AbstractConnector (AbstractConnector.java:doStart(278)) - Started ServerConnector@7894a250{HTTP/1.1,[http/1.1]}{0.0.0.0:42692}
2019-07-13 09:16:02,200 INFO  server.Server (Server.java:doStart(419)) - Started @497442ms
2019-07-13 09:16:02,202 INFO  server.BaseHttpServer (BaseHttpServer.java:updateConnectorAddress(207)) - HTTP server of HDDSDATANODE is listening at http://0.0.0.0:42692
2019-07-13 09:16:02,301 INFO  ozone.HddsDatanodeService (HddsDatanodeService.java:startPlugins(396)) - Started plug-in org.apache.hadoop.ozone.web.OzoneHddsDatanodeService@d91e8c7
2019-07-13 09:16:02,301 INFO  ozone.MiniOzoneClusterImpl (MiniOzoneClusterImpl.java:lambda$waitForClusterToBeReady$0(142)) - Waiting for cluster to be ready. Got 0 of 7 DN Heartbeats.
2019-07-13 09:16:02,309 INFO  util.JvmPauseMonitor (JvmPauseMonitor.java:run(188)) - Starting JVM pause monitor
2019-07-13 09:16:02,311 INFO  datanode.InitDatanodeState (InitDatanodeState.java:persistContainerDatanodeDetails(140)) - DatanodeDetails is persisted to /tmp/workdir/hadoop-ozone/integration-test/target/test-dir/MiniOzoneClusterImpl-92b618a0-2021-43d7-b9f6-a6987319673f/datanode-6/meta/datanode.id
2019-07-13 09:16:03,126 INFO  ozoneimpl.OzoneContainer (OzoneContainer.java:start(186)) - Attempting to start container services.
2019-07-13 09:16:03,126 INFO  ozoneimpl.OzoneContainer (OzoneContainer.java:startContainerScrub(160)) - Background container scrubber has been disabled by hdds.containerscrub.enabled
2019-07-13 09:16:03,126 INFO  ratis.XceiverServerRatis (XceiverServerRatis.java:start(418)) - Starting XceiverServerRatis b56c3050-e7d5-43b7-8d2e-a575394b13c1 at port 0
2019-07-13 09:16:03,133 INFO  impl.RaftServerProxy (RaftServerProxy.java:lambda$start$3(299)) - b56c3050-e7d5-43b7-8d2e-a575394b13c1: start RPC server
2019-07-13 09:16:03,135 INFO  server.GrpcService (GrpcService.java:startImpl(149)) - b56c3050-e7d5-43b7-8d2e-a575394b13c1: GrpcService started, listening on 0.0.0.0/0.0.0.0:44905
2019-07-13 09:16:03,135 INFO  ratis.XceiverServerRatis (XceiverServerRatis.java:start(428)) - XceiverServerRatis b56c3050-e7d5-43b7-8d2e-a575394b13c1 is started using port 44905
2019-07-13 09:16:03,143 INFO  server.XceiverServerGrpc (XceiverServerGrpc.java:start(161)) - XceiverServerGrpc b56c3050-e7d5-43b7-8d2e-a575394b13c1 is started using port 43618
2019-07-13 09:16:03,301 INFO  ozone.MiniOzoneClusterImpl (MiniOzoneClusterImpl.java:lambda$waitForClusterToBeReady$0(142)) - Waiting for cluster to be ready. Got 0 of 7 DN Heartbeats.
2019-07-13 09:16:03,488 INFO  ozoneimpl.OzoneContainer (OzoneContainer.java:start(186)) - Attempting to start container services.
2019-07-13 09:16:03,489 INFO  ozoneimpl.OzoneContainer (OzoneContainer.java:startContainerScrub(160)) - Background container scrubber has been disabled by hdds.containerscrub.enabled
2019-07-13 09:16:03,489 INFO  ratis.XceiverServerRatis (XceiverServerRatis.java:start(418)) - Starting XceiverServerRatis 12f5dd82-e4ae-404e-b35a-e9ca0b02af0c at port 0
2019-07-13 09:16:03,497 INFO  impl.RaftServerProxy (RaftServerProxy.java:lambda$start$3(299)) - 12f5dd82-e4ae-404e-b35a-e9ca0b02af0c: start RPC server
2019-07-13 09:16:03,497 INFO  server.GrpcService (GrpcService.java:startImpl(149)) - 12f5dd82-e4ae-404e-b35a-e9ca0b02af0c: GrpcService started, listening on 0.0.0.0/0.0.0.0:42019
2019-07-13 09:16:03,498 INFO  ratis.XceiverServerRatis (XceiverServerRatis.java:start(428)) - XceiverServerRatis 12f5dd82-e4ae-404e-b35a-e9ca0b02af0c is started using port 42019
2019-07-13 09:16:03,500 INFO  server.XceiverServerGrpc (XceiverServerGrpc.java:start(161)) - XceiverServerGrpc 12f5dd82-e4ae-404e-b35a-e9ca0b02af0c is started using port 37854
2019-07-13 09:16:03,655 INFO  ozoneimpl.OzoneContainer (OzoneContainer.java:start(186)) - Attempting to start container services.
2019-07-13 09:16:03,656 INFO  ozoneimpl.OzoneContainer (OzoneContainer.java:startContainerScrub(160)) - Background container scrubber has been disabled by hdds.containerscrub.enabled
2019-07-13 09:16:03,656 INFO  ratis.XceiverServerRatis (XceiverServerRatis.java:start(418)) - Starting XceiverServerRatis 63dd3901-f8a4-46fd-9ca1-94af92e34249 at port 0
2019-07-13 09:16:03,663 INFO  impl.RaftServerProxy (RaftServerProxy.java:lambda$start$3(299)) - 63dd3901-f8a4-46fd-9ca1-94af92e34249: start RPC server
2019-07-13 09:16:03,663 INFO  server.GrpcService (GrpcService.java:startImpl(149)) - 63dd3901-f8a4-46fd-9ca1-94af92e34249: GrpcService started, listening on 0.0.0.0/0.0.0.0:40777
2019-07-13 09:16:03,663 INFO  ratis.XceiverServerRatis (XceiverServerRatis.java:start(428)) - XceiverServerRatis 63dd3901-f8a4-46fd-9ca1-94af92e34249 is started using port 40777
2019-07-13 09:16:03,664 INFO  server.XceiverServerGrpc (XceiverServerGrpc.java:start(161)) - XceiverServerGrpc 63dd3901-f8a4-46fd-9ca1-94af92e34249 is started using port 45757
2019-07-13 09:16:03,816 INFO  ozoneimpl.OzoneContainer (OzoneContainer.java:start(186)) - Attempting to start container services.
2019-07-13 09:16:03,817 INFO  ozoneimpl.OzoneContainer (OzoneContainer.java:startContainerScrub(160)) - Background container scrubber has been disabled by hdds.containerscrub.enabled
2019-07-13 09:16:03,817 INFO  ratis.XceiverServerRatis (XceiverServerRatis.java:start(418)) - Starting XceiverServerRatis f32e78eb-8ace-4da1-be61-402c772c2dbc at port 0
2019-07-13 09:16:03,823 INFO  impl.RaftServerProxy (RaftServerProxy.java:lambda$start$3(299)) - f32e78eb-8ace-4da1-be61-402c772c2dbc: start RPC server
2019-07-13 09:16:03,826 INFO  server.GrpcService (GrpcService.java:startImpl(149)) - f32e78eb-8ace-4da1-be61-402c772c2dbc: GrpcService started, listening on 0.0.0.0/0.0.0.0:39915
2019-07-13 09:16:03,826 INFO  ratis.XceiverServerRatis (XceiverServerRatis.java:start(428)) - XceiverServerRatis f32e78eb-8ace-4da1-be61-402c772c2dbc is started using port 39915
2019-07-13 09:16:03,826 INFO  server.XceiverServerGrpc (XceiverServerGrpc.java:start(161)) - XceiverServerGrpc f32e78eb-8ace-4da1-be61-402c772c2dbc is started using port 34038
2019-07-13 09:16:03,980 INFO  ozoneimpl.OzoneContainer (OzoneContainer.java:start(186)) - Attempting to start container services.
2019-07-13 09:16:03,980 INFO  ozoneimpl.OzoneContainer (OzoneContainer.java:startContainerScrub(160)) - Background container scrubber has been disabled by hdds.containerscrub.enabled
2019-07-13 09:16:03,980 INFO  ratis.XceiverServerRatis (XceiverServerRatis.java:start(418)) - Starting XceiverServerRatis af8cb241-e95a-4041-9c02-16b1a4e582f8 at port 0
2019-07-13 09:16:03,988 INFO  impl.RaftServerProxy (RaftServerProxy.java:lambda$start$3(299)) - af8cb241-e95a-4041-9c02-16b1a4e582f8: start RPC server
2019-07-13 09:16:03,989 INFO  server.GrpcService (GrpcService.java:startImpl(149)) - af8cb241-e95a-4041-9c02-16b1a4e582f8: GrpcService started, listening on 0.0.0.0/0.0.0.0:37677
2019-07-13 09:16:03,989 INFO  ratis.XceiverServerRatis (XceiverServerRatis.java:start(428)) - XceiverServerRatis af8cb241-e95a-4041-9c02-16b1a4e582f8 is started using port 37677
2019-07-13 09:16:03,990 INFO  server.XceiverServerGrpc (XceiverServerGrpc.java:start(161)) - XceiverServerGrpc af8cb241-e95a-4041-9c02-16b1a4e582f8 is started using port 33593
2019-07-13 09:16:04,151 INFO  ozoneimpl.OzoneContainer (OzoneContainer.java:start(186)) - Attempting to start container services.
2019-07-13 09:16:04,151 INFO  ozoneimpl.OzoneContainer (OzoneContainer.java:startContainerScrub(160)) - Background container scrubber has been disabled by hdds.containerscrub.enabled
2019-07-13 09:16:04,152 INFO  ratis.XceiverServerRatis (XceiverServerRatis.java:start(418)) - Starting XceiverServerRatis b1cf789f-56ae-4e76-ab41-e93215d4786a at port 0
2019-07-13 09:16:04,159 INFO  impl.RaftServerProxy (RaftServerProxy.java:lambda$start$3(299)) - b1cf789f-56ae-4e76-ab41-e93215d4786a: start RPC server
2019-07-13 09:16:04,159 INFO  server.GrpcService (GrpcService.java:startImpl(149)) - b1cf789f-56ae-4e76-ab41-e93215d4786a: GrpcService started, listening on 0.0.0.0/0.0.0.0:39268
2019-07-13 09:16:04,160 INFO  ratis.XceiverServerRatis (XceiverServerRatis.java:start(428)) - XceiverServerRatis b1cf789f-56ae-4e76-ab41-e93215d4786a is started using port 39268
2019-07-13 09:16:04,160 INFO  server.XceiverServerGrpc (XceiverServerGrpc.java:start(161)) - XceiverServerGrpc b1cf789f-56ae-4e76-ab41-e93215d4786a is started using port 35365
2019-07-13 09:16:04,302 INFO  ozone.MiniOzoneClusterImpl (MiniOzoneClusterImpl.java:lambda$waitForClusterToBeReady$0(142)) - Waiting for cluster to be ready. Got 0 of 7 DN Heartbeats.
2019-07-13 09:16:04,323 INFO  ozoneimpl.OzoneContainer (OzoneContainer.java:start(186)) - Attempting to start container services.
2019-07-13 09:16:04,324 INFO  ozoneimpl.OzoneContainer (OzoneContainer.java:startContainerScrub(160)) - Background container scrubber has been disabled by hdds.containerscrub.enabled
2019-07-13 09:16:04,324 INFO  ratis.XceiverServerRatis (XceiverServerRatis.java:start(418)) - Starting XceiverServerRatis 231a7809-3683-49d2-9fc9-79974c1fe57d at port 0
2019-07-13 09:16:04,331 INFO  impl.RaftServerProxy (RaftServerProxy.java:lambda$start$3(299)) - 231a7809-3683-49d2-9fc9-79974c1fe57d: start RPC server
2019-07-13 09:16:04,344 INFO  server.GrpcService (GrpcService.java:startImpl(149)) - 231a7809-3683-49d2-9fc9-79974c1fe57d: GrpcService started, listening on 0.0.0.0/0.0.0.0:36781
2019-07-13 09:16:04,344 INFO  ratis.XceiverServerRatis (XceiverServerRatis.java:start(428)) - XceiverServerRatis 231a7809-3683-49d2-9fc9-79974c1fe57d is started using port 36781
2019-07-13 09:16:04,344 INFO  server.XceiverServerGrpc (XceiverServerGrpc.java:start(161)) - XceiverServerGrpc 231a7809-3683-49d2-9fc9-79974c1fe57d is started using port 36695
2019-07-13 09:16:05,105 INFO  net.NetworkTopology (NetworkTopologyImpl.java:add(110)) - Added a new node: /default-rack/192.168.69.96
2019-07-13 09:16:05,108 INFO  node.SCMNodeManager (SCMNodeManager.java:register(269)) - Registered Data node : b56c3050-e7d5-43b7-8d2e-a575394b13c1{ip: 192.168.69.96, host: trunk-nightly-hmp62-43275749, networkLocation: /default-rack, certSerialId: null}
2019-07-13 09:16:05,109 INFO  safemode.SCMSafeModeManager (DataNodeSafeModeRule.java:process(71)) - SCM in safe mode. 1 DataNodes registered, 1 required.
2019-07-13 09:16:05,112 INFO  safemode.SCMSafeModeManager (SCMSafeModeManager.java:validateSafeModeExitRules(177)) - ScmSafeModeManager, all rules are successfully validated
2019-07-13 09:16:05,112 INFO  safemode.SCMSafeModeManager (SCMSafeModeManager.java:exitSafeMode(193)) - SCM exiting safe mode.
2019-07-13 09:16:05,137 INFO  impl.RaftServerProxy (RaftServerProxy.java:addNew(89)) - b56c3050-e7d5-43b7-8d2e-a575394b13c1: addNew group-0B56978D8787:[b56c3050-e7d5-43b7-8d2e-a575394b13c1:192.168.69.96:44905] returns group-0B56978D8787:java.util.concurrent.CompletableFuture@7442f02e[Not completed]
2019-07-13 09:16:05,139 INFO  impl.RaftServerImpl (RaftServerImpl.java:<init>(93)) - b56c3050-e7d5-43b7-8d2e-a575394b13c1: new RaftServerImpl for group-0B56978D8787:[b56c3050-e7d5-43b7-8d2e-a575394b13c1:192.168.69.96:44905] with ContainerStateMachine:uninitialized
2019-07-13 09:16:05,139 INFO  server.RaftServerConfigKeys (ConfUtils.java:logGet(43)) - raft.server.rpc.timeout.min = 5s (custom)
2019-07-13 09:16:05,139 INFO  server.RaftServerConfigKeys (ConfUtils.java:logGet(43)) - raft.server.rpc.timeout.max = 5200ms (custom)
2019-07-13 09:16:05,139 INFO  server.RaftServerConfigKeys (ConfUtils.java:logGet(43)) - raft.server.rpcslowness.timeout = 120s (custom)
2019-07-13 09:16:05,139 INFO  server.RaftServerConfigKeys (ConfUtils.java:logGet(43)) - raft.server.sleep.deviation.threshold = 300 (default)
2019-07-13 09:16:05,139 INFO  server.RaftServerConfigKeys (ConfUtils.java:logGet(43)) - raft.server.log.appender.install.snapshot.enabled = false (custom)
2019-07-13 09:16:05,140 INFO  impl.RaftServerImpl (ServerState.java:<init>(105)) - b56c3050-e7d5-43b7-8d2e-a575394b13c1:group-0B56978D8787 ConfigurationManager, init=-1: [b56c3050-e7d5-43b7-8d2e-a575394b13c1:192.168.69.96:44905], old=null, confs=<EMPTY_MAP>
2019-07-13 09:16:05,140 INFO  server.RaftServerConfigKeys (ConfUtils.java:logGet(43)) - raft.server.storage.dir = [/tmp/workdir/hadoop-ozone/integration-test/target/test-dir/MiniOzoneClusterImpl-92b618a0-2021-43d7-b9f6-a6987319673f/datanode-0/data/ratis] (custom)
2019-07-13 09:16:05,140 INFO  storage.RaftStorageDirectory (RaftStorageDirectory.java:analyzeStorage(246)) - The storage directory /tmp/workdir/hadoop-ozone/integration-test/target/test-dir/MiniOzoneClusterImpl-92b618a0-2021-43d7-b9f6-a6987319673f/datanode-0/data/ratis/d537eac7-f303-440d-9e80-0b56978d8787 does not exist. Creating ...
2019-07-13 09:16:05,155 INFO  storage.RaftStorageDirectory (RaftStorageDirectory.java:tryLock(328)) - Lock on /tmp/workdir/hadoop-ozone/integration-test/target/test-dir/MiniOzoneClusterImpl-92b618a0-2021-43d7-b9f6-a6987319673f/datanode-0/data/ratis/d537eac7-f303-440d-9e80-0b56978d8787/in_use.lock acquired by nodename 8548@trunk-nightly-hmp62-43275749
2019-07-13 09:16:05,170 INFO  storage.RaftStorage (RaftStorage.java:format(72)) - Storage directory /tmp/workdir/hadoop-ozone/integration-test/target/test-dir/MiniOzoneClusterImpl-92b618a0-2021-43d7-b9f6-a6987319673f/datanode-0/data/ratis/d537eac7-f303-440d-9e80-0b56978d8787 has been successfully formatted.
2019-07-13 09:16:05,171 INFO  ratis.ContainerStateMachine (ContainerStateMachine.java:loadSnapshot(200)) - The snapshot info is null.Setting the last applied index to:(t:0, i:~)
2019-07-13 09:16:05,171 INFO  server.RaftServerConfigKeys (ConfUtils.java:logGet(43)) - raft.server.leader.election.timeout = 120s (custom)
2019-07-13 09:16:05,171 INFO  server.RaftServerConfigKeys (ConfUtils.java:logGet(43)) - raft.server.log.use.memory = false (default)
2019-07-13 09:16:05,171 INFO  server.RaftServerConfigKeys (ConfUtils.java:logGet(43)) - raft.server.log.purge.gap = 1000000000 (custom)
2019-07-13 09:16:05,171 INFO  server.RaftServerConfigKeys (ConfUtils.java:logGet(43)) - raft.server.log.appender.buffer.byte-limit = 33554432 (custom)
2019-07-13 09:16:05,172 INFO  server.RaftServerConfigKeys (ConfUtils.java:logGet(43)) - raft.server.log.segment.size.max = 1048576 (custom)
2019-07-13 09:16:05,172 INFO  server.RaftServerConfigKeys (ConfUtils.java:logGet(43)) - raft.server.log.segment.cache.num.max = 2 (custom)
2019-07-13 09:16:05,172 INFO  segmented.SegmentedRaftLogWorker (SegmentedRaftLogWorker.java:<init>(172)) - new b56c3050-e7d5-43b7-8d2e-a575394b13c1-SegmentedRaftLogWorker:Storage Directory /tmp/workdir/hadoop-ozone/integration-test/target/test-dir/MiniOzoneClusterImpl-92b618a0-2021-43d7-b9f6-a6987319673f/datanode-0/data/ratis/d537eac7-f303-440d-9e80-0b56978d8787 for RaftStorage:Storage Directory /tmp/workdir/hadoop-ozone/integration-test/target/test-dir/MiniOzoneClusterImpl-92b618a0-2021-43d7-b9f6-a6987319673f/datanode-0/data/ratis/d537eac7-f303-440d-9e80-0b56978d8787
2019-07-13 09:16:05,172 INFO  server.RaftServerConfigKeys (ConfUtils.java:logGet(43)) - raft.server.log.queue.byte-limit = 2147483647 (custom)
2019-07-13 09:16:05,172 INFO  server.RaftServerConfigKeys (ConfUtils.java:logGet(43)) - raft.server.log.queue.element-limit = 1024 (custom)
2019-07-13 09:16:05,173 INFO  server.RaftServerConfigKeys (ConfUtils.java:logGet(43)) - raft.server.log.segment.size.max = 1048576 (custom)
2019-07-13 09:16:05,173 INFO  server.RaftServerConfigKeys (ConfUtils.java:logGet(43)) - raft.server.log.preallocated.size = 16384 (custom)
2019-07-13 09:16:05,173 INFO  server.RaftServerConfigKeys (ConfUtils.java:logGet(43)) - raft.server.log.write.buffer.size = 33554432 (custom)
2019-07-13 09:16:05,173 INFO  server.RaftServerConfigKeys (ConfUtils.java:logGet(43)) - raft.server.log.force.sync.num = 128 (default)
2019-07-13 09:16:05,173 INFO  server.RaftServerConfigKeys (ConfUtils.java:logGet(43)) - raft.server.log.statemachine.data.sync = true (default)
2019-07-13 09:16:05,173 INFO  server.RaftServerConfigKeys (ConfUtils.java:logGet(43)) - raft.server.log.statemachine.data.sync.timeout = 10s (default)
2019-07-13 09:16:05,174 INFO  server.RaftServerConfigKeys (ConfUtils.java:logGet(43)) - raft.server.log.statemachine.data.sync.timeout.retry = -1 (default)
2019-07-13 09:16:05,174 INFO  server.RaftServerConfigKeys (ConfUtils.java:logGet(43)) - raft.server.log.statemachine.data.caching.enabled = true (custom)
2019-07-13 09:16:05,174 INFO  segmented.SegmentedRaftLogWorker (SegmentedRaftLogWorker.java:lambda$new$0(132)) - b56c3050-e7d5-43b7-8d2e-a575394b13c1-SegmentedRaftLogWorker:Storage Directory /tmp/workdir/hadoop-ozone/integration-test/target/test-dir/MiniOzoneClusterImpl-92b618a0-2021-43d7-b9f6-a6987319673f/datanode-0/data/ratis/d537eac7-f303-440d-9e80-0b56978d8787: flushIndex: setUnconditionally 0 -> -1
2019-07-13 09:16:05,175 INFO  server.RaftServerConfigKeys (ConfUtils.java:logGet(43)) - raft.server.snapshot.auto.trigger.enabled = true (custom)
2019-07-13 09:16:05,175 INFO  server.RaftServerConfigKeys (ConfUtils.java:logGet(43)) - raft.server.snapshot.auto.trigger.threshold = 10000 (custom)
2019-07-13 09:16:05,175 INFO  server.RaftServerConfigKeys (ConfUtils.java:logGet(43)) - raft.server.retrycache.expirytime = 600000ms (custom)
2019-07-13 09:16:05,175 INFO  impl.RaftServerImpl (RaftServerImpl.java:start(180)) - b56c3050-e7d5-43b7-8d2e-a575394b13c1: start group-0B56978D8787
2019-07-13 09:16:05,175 INFO  impl.RaftServerImpl (RaftServerImpl.java:setRole(171)) - b56c3050-e7d5-43b7-8d2e-a575394b13c1:group-0B56978D8787 changes role from null to FOLLOWER at term 0 for startAsFollower
2019-07-13 09:16:05,176 INFO  impl.RoleInfo (RoleInfo.java:updateAndGet(143)) - b56c3050-e7d5-43b7-8d2e-a575394b13c1: start FollowerState
2019-07-13 09:16:05,178 INFO  util.JmxRegister (JmxRegister.java:tryRegister(44)) - Successfully registered JMX Bean with object name Ratis:service=RaftServer,group=group-0B56978D8787,id=b56c3050-e7d5-43b7-8d2e-a575394b13c1
2019-07-13 09:16:05,184 INFO  pipeline.PipelineStateManager (PipelineStateManager.java:addPipeline(56)) - Created pipeline Pipeline[ Id: d537eac7-f303-440d-9e80-0b56978d8787, Nodes: b56c3050-e7d5-43b7-8d2e-a575394b13c1{ip: 192.168.69.96, host: trunk-nightly-hmp62-43275749, networkLocation: /default-rack, certSerialId: null}, Type:RATIS, Factor:ONE, State:OPEN]
2019-07-13 09:16:05,302 INFO  ozone.MiniOzoneClusterImpl (MiniOzoneClusterImpl.java:lambda$waitForClusterToBeReady$0(142)) - Waiting for cluster to be ready. Got 1 of 7 DN Heartbeats.
2019-07-13 09:16:05,475 INFO  node.SCMNodeManager (SCMNodeManager.java:register(269)) - Registered Data node : 12f5dd82-e4ae-404e-b35a-e9ca0b02af0c{ip: 192.168.69.96, host: trunk-nightly-hmp62-43275749, networkLocation: /default-rack, certSerialId: null}
2019-07-13 09:16:05,483 INFO  impl.RaftServerProxy (RaftServerProxy.java:addNew(89)) - 12f5dd82-e4ae-404e-b35a-e9ca0b02af0c: addNew group-F48F92110910:[12f5dd82-e4ae-404e-b35a-e9ca0b02af0c:192.168.69.96:42019] returns group-F48F92110910:java.util.concurrent.CompletableFuture@33138b5e[Not completed]
2019-07-13 09:16:05,484 INFO  impl.RaftServerImpl (RaftServerImpl.java:<init>(93)) - 12f5dd82-e4ae-404e-b35a-e9ca0b02af0c: new RaftServerImpl for group-F48F92110910:[12f5dd82-e4ae-404e-b35a-e9ca0b02af0c:192.168.69.96:42019] with ContainerStateMachine:uninitialized
2019-07-13 09:16:05,485 INFO  server.RaftServerConfigKeys (ConfUtils.java:logGet(43)) - raft.server.rpc.timeout.min = 5s (custom)
2019-07-13 09:16:05,485 INFO  server.RaftServerConfigKeys (ConfUtils.java:logGet(43)) - raft.server.rpc.timeout.max = 5200ms (custom)
2019-07-13 09:16:05,485 INFO  server.RaftServerConfigKeys (ConfUtils.java:logGet(43)) - raft.server.rpcslowness.timeout = 120s (custom)
2019-07-13 09:16:05,485 INFO  server.RaftServerConfigKeys (ConfUtils.java:logGet(43)) - raft.server.sleep.deviation.threshold = 300 (default)
2019-07-13 09:16:05,485 INFO  server.RaftServerConfigKeys (ConfUtils.java:logGet(43)) - raft.server.log.appender.install.snapshot.enabled = false (custom)
2019-07-13 09:16:05,485 INFO  impl.RaftServerImpl (ServerState.java:<init>(105)) - 12f5dd82-e4ae-404e-b35a-e9ca0b02af0c:group-F48F92110910 ConfigurationManager, init=-1: [12f5dd82-e4ae-404e-b35a-e9ca0b02af0c:192.168.69.96:42019], old=null, confs=<EMPTY_MAP>
2019-07-13 09:16:05,486 INFO  server.RaftServerConfigKeys (ConfUtils.java:logGet(43)) - raft.server.storage.dir = [/tmp/workdir/hadoop-ozone/integration-test/target/test-dir/MiniOzoneClusterImpl-92b618a0-2021-43d7-b9f6-a6987319673f/datanode-1/data/ratis] (custom)
2019-07-13 09:16:05,486 INFO  storage.RaftStorageDirectory (RaftStorageDirectory.java:analyzeStorage(246)) - The storage directory /tmp/workdir/hadoop-ozone/integration-test/target/test-dir/MiniOzoneClusterImpl-92b618a0-2021-43d7-b9f6-a6987319673f/datanode-1/data/ratis/f8324046-6565-47c7-ae49-f48f92110910 does not exist. Creating ...
2019-07-13 09:16:05,499 INFO  storage.RaftStorageDirectory (RaftStorageDirectory.java:tryLock(328)) - Lock on /tmp/workdir/hadoop-ozone/integration-test/target/test-dir/MiniOzoneClusterImpl-92b618a0-2021-43d7-b9f6-a6987319673f/datanode-1/data/ratis/f8324046-6565-47c7-ae49-f48f92110910/in_use.lock acquired by nodename 8548@trunk-nightly-hmp62-43275749
2019-07-13 09:16:05,513 INFO  storage.RaftStorage (RaftStorage.java:format(72)) - Storage directory /tmp/workdir/hadoop-ozone/integration-test/target/test-dir/MiniOzoneClusterImpl-92b618a0-2021-43d7-b9f6-a6987319673f/datanode-1/data/ratis/f8324046-6565-47c7-ae49-f48f92110910 has been successfully formatted.
2019-07-13 09:16:05,513 INFO  ratis.ContainerStateMachine (ContainerStateMachine.java:loadSnapshot(200)) - The snapshot info is null.Setting the last applied index to:(t:0, i:~)
2019-07-13 09:16:05,513 INFO  server.RaftServerConfigKeys (ConfUtils.java:logGet(43)) - raft.server.leader.election.timeout = 120s (custom)
2019-07-13 09:16:05,514 INFO  server.RaftServerConfigKeys (ConfUtils.java:logGet(43)) - raft.server.log.use.memory = false (default)
2019-07-13 09:16:05,514 INFO  server.RaftServerConfigKeys (ConfUtils.java:logGet(43)) - raft.server.log.purge.gap = 1000000000 (custom)
2019-07-13 09:16:05,514 INFO  server.RaftServerConfigKeys (ConfUtils.java:logGet(43)) - raft.server.log.appender.buffer.byte-limit = 33554432 (custom)
2019-07-13 09:16:05,514 INFO  server.RaftServerConfigKeys (ConfUtils.java:logGet(43)) - raft.server.log.segment.size.max = 1048576 (custom)
2019-07-13 09:16:05,514 INFO  server.RaftServerConfigKeys (ConfUtils.java:logGet(43)) - raft.server.log.segment.cache.num.max = 2 (custom)
2019-07-13 09:16:05,514 INFO  segmented.SegmentedRaftLogWorker (SegmentedRaftLogWorker.java:<init>(172)) - new 12f5dd82-e4ae-404e-b35a-e9ca0b02af0c-SegmentedRaftLogWorker:Storage Directory /tmp/workdir/hadoop-ozone/integration-test/target/test-dir/MiniOzoneClusterImpl-92b618a0-2021-43d7-b9f6-a6987319673f/datanode-1/data/ratis/f8324046-6565-47c7-ae49-f48f92110910 for RaftStorage:Storage Directory /tmp/workdir/hadoop-ozone/integration-test/target/test-dir/MiniOzoneClusterImpl-92b618a0-2021-43d7-b9f6-a6987319673f/datanode-1/data/ratis/f8324046-6565-47c7-ae49-f48f92110910
2019-07-13 09:16:05,514 INFO  server.RaftServerConfigKeys (ConfUtils.java:logGet(43)) - raft.server.log.queue.byte-limit = 2147483647 (custom)
2019-07-13 09:16:05,515 INFO  server.RaftServerConfigKeys (ConfUtils.java:logGet(43)) - raft.server.log.queue.element-limit = 1024 (custom)
2019-07-13 09:16:05,515 INFO  server.RaftServerConfigKeys (ConfUtils.java:logGet(43)) - raft.server.log.segment.size.max = 1048576 (custom)
2019-07-13 09:16:05,515 INFO  server.RaftServerConfigKeys (ConfUtils.java:logGet(43)) - raft.server.log.preallocated.size = 16384 (custom)
2019-07-13 09:16:05,515 INFO  server.RaftServerConfigKeys (ConfUtils.java:logGet(43)) - raft.server.log.write.buffer.size = 33554432 (custom)
2019-07-13 09:16:05,515 INFO  server.RaftServerConfigKeys (ConfUtils.java:logGet(43)) - raft.server.log.force.sync.num = 128 (default)
2019-07-13 09:16:05,515 INFO  server.RaftServerConfigKeys (ConfUtils.java:logGet(43)) - raft.server.log.statemachine.data.sync = true (default)
2019-07-13 09:16:05,515 INFO  server.RaftServerConfigKeys (ConfUtils.java:logGet(43)) - raft.server.log.statemachine.data.sync.timeout = 10s (default)
2019-07-13 09:16:05,516 INFO  server.RaftServerConfigKeys (ConfUtils.java:logGet(43)) - raft.server.log.statemachine.data.sync.timeout.retry = -1 (default)
2019-07-13 09:16:05,516 INFO  server.RaftServerConfigKeys (ConfUtils.java:logGet(43)) - raft.server.log.statemachine.data.caching.enabled = true (custom)
2019-07-13 09:16:05,516 INFO  segmented.SegmentedRaftLogWorker (SegmentedRaftLogWorker.java:lambda$new$0(132)) - 12f5dd82-e4ae-404e-b35a-e9ca0b02af0c-SegmentedRaftLogWorker:Storage Directory /tmp/workdir/hadoop-ozone/integration-test/target/test-dir/MiniOzoneClusterImpl-92b618a0-2021-43d7-b9f6-a6987319673f/datanode-1/data/ratis/f8324046-6565-47c7-ae49-f48f92110910: flushIndex: setUnconditionally 0 -> -1
2019-07-13 09:16:05,517 INFO  server.RaftServerConfigKeys (ConfUtils.java:logGet(43)) - raft.server.snapshot.auto.trigger.enabled = true (custom)
2019-07-13 09:16:05,517 INFO  server.RaftServerConfigKeys (ConfUtils.java:logGet(43)) - raft.server.snapshot.auto.trigger.threshold = 10000 (custom)
2019-07-13 09:16:05,517 INFO  server.RaftServerConfigKeys (ConfUtils.java:logGet(43)) - raft.server.retrycache.expirytime = 600000ms (custom)
2019-07-13 09:16:05,517 INFO  impl.RaftServerImpl (RaftServerImpl.java:start(180)) - 12f5dd82-e4ae-404e-b35a-e9ca0b02af0c: start group-F48F92110910
2019-07-13 09:16:05,517 INFO  impl.RaftServerImpl (RaftServerImpl.java:setRole(171)) - 12f5dd82-e4ae-404e-b35a-e9ca0b02af0c:group-F48F92110910 changes role from null to FOLLOWER at term 0 for startAsFollower
2019-07-13 09:16:05,517 INFO  impl.RoleInfo (RoleInfo.java:updateAndGet(143)) - 12f5dd82-e4ae-404e-b35a-e9ca0b02af0c: start FollowerState
2019-07-13 09:16:05,518 INFO  util.JmxRegister (JmxRegister.java:tryRegister(44)) - Successfully registered JMX Bean with object name Ratis:service=RaftServer,group=group-F48F92110910,id=12f5dd82-e4ae-404e-b35a-e9ca0b02af0c
2019-07-13 09:16:05,522 INFO  pipeline.PipelineStateManager (PipelineStateManager.java:addPipeline(56)) - Created pipeline Pipeline[ Id: f8324046-6565-47c7-ae49-f48f92110910, Nodes: 12f5dd82-e4ae-404e-b35a-e9ca0b02af0c{ip: 192.168.69.96, host: trunk-nightly-hmp62-43275749, networkLocation: /default-rack, certSerialId: null}, Type:RATIS, Factor:ONE, State:OPEN]
2019-07-13 09:16:05,640 INFO  node.SCMNodeManager (SCMNodeManager.java:register(269)) - Registered Data node : 63dd3901-f8a4-46fd-9ca1-94af92e34249{ip: 192.168.69.96, host: trunk-nightly-hmp62-43275749, networkLocation: /default-rack, certSerialId: null}
2019-07-13 09:16:05,647 INFO  impl.RaftServerProxy (RaftServerProxy.java:addNew(89)) - 63dd3901-f8a4-46fd-9ca1-94af92e34249: addNew group-5C3AA5A749B0:[63dd3901-f8a4-46fd-9ca1-94af92e34249:192.168.69.96:40777] returns group-5C3AA5A749B0:java.util.concurrent.CompletableFuture@3544cef1[Not completed]
2019-07-13 09:16:05,648 INFO  impl.RaftServerImpl (RaftServerImpl.java:<init>(93)) - 63dd3901-f8a4-46fd-9ca1-94af92e34249: new RaftServerImpl for group-5C3AA5A749B0:[63dd3901-f8a4-46fd-9ca1-94af92e34249:192.168.69.96:40777] with ContainerStateMachine:uninitialized
2019-07-13 09:16:05,648 INFO  server.RaftServerConfigKeys (ConfUtils.java:logGet(43)) - raft.server.rpc.timeout.min = 5s (custom)
2019-07-13 09:16:05,648 INFO  server.RaftServerConfigKeys (ConfUtils.java:logGet(43)) - raft.server.rpc.timeout.max = 5200ms (custom)
2019-07-13 09:16:05,648 INFO  server.RaftServerConfigKeys (ConfUtils.java:logGet(43)) - raft.server.rpcslowness.timeout = 120s (custom)
2019-07-13 09:16:05,648 INFO  server.RaftServerConfigKeys (ConfUtils.java:logGet(43)) - raft.server.sleep.deviation.threshold = 300 (default)
2019-07-13 09:16:05,648 INFO  server.RaftServerConfigKeys (ConfUtils.java:logGet(43)) - raft.server.log.appender.install.snapshot.enabled = false (custom)
2019-07-13 09:16:05,649 INFO  impl.RaftServerImpl (ServerState.java:<init>(105)) - 63dd3901-f8a4-46fd-9ca1-94af92e34249:group-5C3AA5A749B0 ConfigurationManager, init=-1: [63dd3901-f8a4-46fd-9ca1-94af92e34249:192.168.69.96:40777], old=null, confs=<EMPTY_MAP>
2019-07-13 09:16:05,649 INFO  server.RaftServerConfigKeys (ConfUtils.java:logGet(43)) - raft.server.storage.dir = [/tmp/workdir/hadoop-ozone/integration-test/target/test-dir/MiniOzoneClusterImpl-92b618a0-2021-43d7-b9f6-a6987319673f/datanode-2/data/ratis] (custom)
2019-07-13 09:16:05,649 INFO  storage.RaftStorageDirectory (RaftStorageDirectory.java:analyzeStorage(246)) - The storage directory /tmp/workdir/hadoop-ozone/integration-test/target/test-dir/MiniOzoneClusterImpl-92b618a0-2021-43d7-b9f6-a6987319673f/datanode-2/data/ratis/178a060f-79fa-4a4f-864a-5c3aa5a749b0 does not exist. Creating ...
2019-07-13 09:16:05,663 INFO  storage.RaftStorageDirectory (RaftStorageDirectory.java:tryLock(328)) - Lock on /tmp/workdir/hadoop-ozone/integration-test/target/test-dir/MiniOzoneClusterImpl-92b618a0-2021-43d7-b9f6-a6987319673f/datanode-2/data/ratis/178a060f-79fa-4a4f-864a-5c3aa5a749b0/in_use.lock acquired by nodename 8548@trunk-nightly-hmp62-43275749
2019-07-13 09:16:05,676 INFO  storage.RaftStorage (RaftStorage.java:format(72)) - Storage directory /tmp/workdir/hadoop-ozone/integration-test/target/test-dir/MiniOzoneClusterImpl-92b618a0-2021-43d7-b9f6-a6987319673f/datanode-2/data/ratis/178a060f-79fa-4a4f-864a-5c3aa5a749b0 has been successfully formatted.
2019-07-13 09:16:05,677 INFO  ratis.ContainerStateMachine (ContainerStateMachine.java:loadSnapshot(200)) - The snapshot info is null.Setting the last applied index to:(t:0, i:~)
2019-07-13 09:16:05,677 INFO  server.RaftServerConfigKeys (ConfUtils.java:logGet(43)) - raft.server.leader.election.timeout = 120s (custom)
2019-07-13 09:16:05,677 INFO  server.RaftServerConfigKeys (ConfUtils.java:logGet(43)) - raft.server.log.use.memory = false (default)
2019-07-13 09:16:05,677 INFO  server.RaftServerConfigKeys (ConfUtils.java:logGet(43)) - raft.server.log.purge.gap = 1000000000 (custom)
2019-07-13 09:16:05,677 INFO  server.RaftServerConfigKeys (ConfUtils.java:logGet(43)) - raft.server.log.appender.buffer.byte-limit = 33554432 (custom)
2019-07-13 09:16:05,678 INFO  server.RaftServerConfigKeys (ConfUtils.java:logGet(43)) - raft.server.log.segment.size.max = 1048576 (custom)
2019-07-13 09:16:05,678 INFO  server.RaftServerConfigKeys (ConfUtils.java:logGet(43)) - raft.server.log.segment.cache.num.max = 2 (custom)
2019-07-13 09:16:05,678 INFO  segmented.SegmentedRaftLogWorker (SegmentedRaftLogWorker.java:<init>(172)) - new 63dd3901-f8a4-46fd-9ca1-94af92e34249-SegmentedRaftLogWorker:Storage Directory /tmp/workdir/hadoop-ozone/integration-test/target/test-dir/MiniOzoneClusterImpl-92b618a0-2021-43d7-b9f6-a6987319673f/datanode-2/data/ratis/178a060f-79fa-4a4f-864a-5c3aa5a749b0 for RaftStorage:Storage Directory /tmp/workdir/hadoop-ozone/integration-test/target/test-dir/MiniOzoneClusterImpl-92b618a0-2021-43d7-b9f6-a6987319673f/datanode-2/data/ratis/178a060f-79fa-4a4f-864a-5c3aa5a749b0
2019-07-13 09:16:05,678 INFO  server.RaftServerConfigKeys (ConfUtils.java:logGet(43)) - raft.server.log.queue.byte-limit = 2147483647 (custom)
2019-07-13 09:16:05,678 INFO  server.RaftServerConfigKeys (ConfUtils.java:logGet(43)) - raft.server.log.queue.element-limit = 1024 (custom)
2019-07-13 09:16:05,678 INFO  server.RaftServerConfigKeys (ConfUtils.java:logGet(43)) - raft.server.log.segment.size.max = 1048576 (custom)
2019-07-13 09:16:05,679 INFO  server.RaftServerConfigKeys (ConfUtils.java:logGet(43)) - raft.server.log.preallocated.size = 16384 (custom)
2019-07-13 09:16:05,679 INFO  server.RaftServerConfigKeys (ConfUtils.java:logGet(43)) - raft.server.log.write.buffer.size = 33554432 (custom)
2019-07-13 09:16:05,679 INFO  server.RaftServerConfigKeys (ConfUtils.java:logGet(43)) - raft.server.log.force.sync.num = 128 (default)
2019-07-13 09:16:05,679 INFO  server.RaftServerConfigKeys (ConfUtils.java:logGet(43)) - raft.server.log.statemachine.data.sync = true (default)
2019-07-13 09:16:05,679 INFO  server.RaftServerConfigKeys (ConfUtils.java:logGet(43)) - raft.server.log.statemachine.data.sync.timeout = 10s (default)
2019-07-13 09:16:05,679 INFO  server.RaftServerConfigKeys (ConfUtils.java:logGet(43)) - raft.server.log.statemachine.data.sync.timeout.retry = -1 (default)
2019-07-13 09:16:05,680 INFO  server.RaftServerConfigKeys (ConfUtils.java:logGet(43)) - raft.server.log.statemachine.data.caching.enabled = true (custom)
2019-07-13 09:16:05,680 INFO  segmented.SegmentedRaftLogWorker (SegmentedRaftLogWorker.java:lambda$new$0(132)) - 63dd3901-f8a4-46fd-9ca1-94af92e34249-SegmentedRaftLogWorker:Storage Directory /tmp/workdir/hadoop-ozone/integration-test/target/test-dir/MiniOzoneClusterImpl-92b618a0-2021-43d7-b9f6-a6987319673f/datanode-2/data/ratis/178a060f-79fa-4a4f-864a-5c3aa5a749b0: flushIndex: setUnconditionally 0 -> -1
2019-07-13 09:16:05,680 INFO  server.RaftServerConfigKeys (ConfUtils.java:logGet(43)) - raft.server.snapshot.auto.trigger.enabled = true (custom)
2019-07-13 09:16:05,681 INFO  server.RaftServerConfigKeys (ConfUtils.java:logGet(43)) - raft.server.snapshot.auto.trigger.threshold = 10000 (custom)
2019-07-13 09:16:05,681 INFO  server.RaftServerConfigKeys (ConfUtils.java:logGet(43)) - raft.server.retrycache.expirytime = 600000ms (custom)
2019-07-13 09:16:05,681 INFO  impl.RaftServerImpl (RaftServerImpl.java:start(180)) - 63dd3901-f8a4-46fd-9ca1-94af92e34249: start group-5C3AA5A749B0
2019-07-13 09:16:05,681 INFO  impl.RaftServerImpl (RaftServerImpl.java:setRole(171)) - 63dd3901-f8a4-46fd-9ca1-94af92e34249:group-5C3AA5A749B0 changes role from null to FOLLOWER at term 0 for startAsFollower
2019-07-13 09:16:05,681 INFO  impl.RoleInfo (RoleInfo.java:updateAndGet(143)) - 63dd3901-f8a4-46fd-9ca1-94af92e34249: start FollowerState
2019-07-13 09:16:05,682 INFO  util.JmxRegister (JmxRegister.java:tryRegister(44)) - Successfully registered JMX Bean with object name Ratis:service=RaftServer,group=group-5C3AA5A749B0,id=63dd3901-f8a4-46fd-9ca1-94af92e34249
2019-07-13 09:16:05,695 INFO  pipeline.PipelineStateManager (PipelineStateManager.java:addPipeline(56)) - Created pipeline Pipeline[ Id: 178a060f-79fa-4a4f-864a-5c3aa5a749b0, Nodes: 63dd3901-f8a4-46fd-9ca1-94af92e34249{ip: 192.168.69.96, host: trunk-nightly-hmp62-43275749, networkLocation: /default-rack, certSerialId: null}, Type:RATIS, Factor:ONE, State:OPEN]
2019-07-13 09:16:05,708 INFO  impl.RaftServerProxy (RaftServerProxy.java:addNew(89)) - 12f5dd82-e4ae-404e-b35a-e9ca0b02af0c: addNew group-94D12A9E6643:[b56c3050-e7d5-43b7-8d2e-a575394b13c1:192.168.69.96:44905, 12f5dd82-e4ae-404e-b35a-e9ca0b02af0c:192.168.69.96:42019, 63dd3901-f8a4-46fd-9ca1-94af92e34249:192.168.69.96:40777] returns group-94D12A9E6643:java.util.concurrent.CompletableFuture@39547f05[Not completed]
2019-07-13 09:16:05,708 INFO  impl.RaftServerProxy (RaftServerProxy.java:addNew(89)) - 63dd3901-f8a4-46fd-9ca1-94af92e34249: addNew group-94D12A9E6643:[b56c3050-e7d5-43b7-8d2e-a575394b13c1:192.168.69.96:44905, 12f5dd82-e4ae-404e-b35a-e9ca0b02af0c:192.168.69.96:42019, 63dd3901-f8a4-46fd-9ca1-94af92e34249:192.168.69.96:40777] returns group-94D12A9E6643:java.util.concurrent.CompletableFuture@542b70e4[Not completed]
2019-07-13 09:16:05,708 INFO  impl.RaftServerProxy (RaftServerProxy.java:addNew(89)) - b56c3050-e7d5-43b7-8d2e-a575394b13c1: addNew group-94D12A9E6643:[b56c3050-e7d5-43b7-8d2e-a575394b13c1:192.168.69.96:44905, 12f5dd82-e4ae-404e-b35a-e9ca0b02af0c:192.168.69.96:42019, 63dd3901-f8a4-46fd-9ca1-94af92e34249:192.168.69.96:40777] returns group-94D12A9E6643:java.util.concurrent.CompletableFuture@199c702[Not completed]
2019-07-13 09:16:05,709 INFO  impl.RaftServerImpl (RaftServerImpl.java:<init>(93)) - 12f5dd82-e4ae-404e-b35a-e9ca0b02af0c: new RaftServerImpl for group-94D12A9E6643:[b56c3050-e7d5-43b7-8d2e-a575394b13c1:192.168.69.96:44905, 12f5dd82-e4ae-404e-b35a-e9ca0b02af0c:192.168.69.96:42019, 63dd3901-f8a4-46fd-9ca1-94af92e34249:192.168.69.96:40777] with ContainerStateMachine:uninitialized
2019-07-13 09:16:05,709 INFO  server.RaftServerConfigKeys (ConfUtils.java:logGet(43)) - raft.server.rpc.timeout.min = 5s (custom)
2019-07-13 09:16:05,709 INFO  server.RaftServerConfigKeys (ConfUtils.java:logGet(43)) - raft.server.rpc.timeout.max = 5200ms (custom)
2019-07-13 09:16:05,709 INFO  server.RaftServerConfigKeys (ConfUtils.java:logGet(43)) - raft.server.rpcslowness.timeout = 120s (custom)
2019-07-13 09:16:05,709 INFO  impl.RaftServerImpl (RaftServerImpl.java:<init>(93)) - 63dd3901-f8a4-46fd-9ca1-94af92e34249: new RaftServerImpl for group-94D12A9E6643:[b56c3050-e7d5-43b7-8d2e-a575394b13c1:192.168.69.96:44905, 12f5dd82-e4ae-404e-b35a-e9ca0b02af0c:192.168.69.96:42019, 63dd3901-f8a4-46fd-9ca1-94af92e34249:192.168.69.96:40777] with ContainerStateMachine:uninitialized
2019-07-13 09:16:05,709 INFO  server.RaftServerConfigKeys (ConfUtils.java:logGet(43)) - raft.server.sleep.deviation.threshold = 300 (default)
2019-07-13 09:16:05,710 INFO  server.RaftServerConfigKeys (ConfUtils.java:logGet(43)) - raft.server.rpc.timeout.min = 5s (custom)
2019-07-13 09:16:05,710 INFO  server.RaftServerConfigKeys (ConfUtils.java:logGet(43)) - raft.server.log.appender.install.snapshot.enabled = false (custom)
2019-07-13 09:16:05,710 INFO  impl.RaftServerImpl (RaftServerImpl.java:<init>(93)) - b56c3050-e7d5-43b7-8d2e-a575394b13c1: new RaftServerImpl for group-94D12A9E6643:[b56c3050-e7d5-43b7-8d2e-a575394b13c1:192.168.69.96:44905, 12f5dd82-e4ae-404e-b35a-e9ca0b02af0c:192.168.69.96:42019, 63dd3901-f8a4-46fd-9ca1-94af92e34249:192.168.69.96:40777] with ContainerStateMachine:uninitialized
2019-07-13 09:16:05,710 INFO  server.RaftServerConfigKeys (ConfUtils.java:logGet(43)) - raft.server.rpc.timeout.max = 5200ms (custom)
2019-07-13 09:16:05,710 INFO  server.RaftServerConfigKeys (ConfUtils.java:logGet(43)) - raft.server.rpc.timeout.min = 5s (custom)
2019-07-13 09:16:05,710 INFO  server.RaftServerConfigKeys (ConfUtils.java:logGet(43)) - raft.server.rpc.timeout.max = 5200ms (custom)
2019-07-13 09:16:05,710 INFO  impl.RaftServerImpl (ServerState.java:<init>(105)) - 12f5dd82-e4ae-404e-b35a-e9ca0b02af0c:group-94D12A9E6643 ConfigurationManager, init=-1: [b56c3050-e7d5-43b7-8d2e-a575394b13c1:192.168.69.96:44905, 12f5dd82-e4ae-404e-b35a-e9ca0b02af0c:192.168.69.96:42019, 63dd3901-f8a4-46fd-9ca1-94af92e34249:192.168.69.96:40777], old=null, confs=<EMPTY_MAP>
2019-07-13 09:16:05,711 INFO  server.RaftServerConfigKeys (ConfUtils.java:logGet(43)) - raft.server.rpcslowness.timeout = 120s (custom)
2019-07-13 09:16:05,710 INFO  server.RaftServerConfigKeys (ConfUtils.java:logGet(43)) - raft.server.rpcslowness.timeout = 120s (custom)
2019-07-13 09:16:05,711 INFO  server.RaftServerConfigKeys (ConfUtils.java:logGet(43)) - raft.server.sleep.deviation.threshold = 300 (default)
2019-07-13 09:16:05,711 INFO  server.RaftServerConfigKeys (ConfUtils.java:logGet(43)) - raft.server.log.appender.install.snapshot.enabled = false (custom)
2019-07-13 09:16:05,711 INFO  server.RaftServerConfigKeys (ConfUtils.java:logGet(43)) - raft.server.storage.dir = [/tmp/workdir/hadoop-ozone/integration-test/target/test-dir/MiniOzoneClusterImpl-92b618a0-2021-43d7-b9f6-a6987319673f/datanode-1/data/ratis] (custom)
2019-07-13 09:16:05,711 INFO  impl.RaftServerImpl (ServerState.java:<init>(105)) - b56c3050-e7d5-43b7-8d2e-a575394b13c1:group-94D12A9E6643 ConfigurationManager, init=-1: [b56c3050-e7d5-43b7-8d2e-a575394b13c1:192.168.69.96:44905, 12f5dd82-e4ae-404e-b35a-e9ca0b02af0c:192.168.69.96:42019, 63dd3901-f8a4-46fd-9ca1-94af92e34249:192.168.69.96:40777], old=null, confs=<EMPTY_MAP>
2019-07-13 09:16:05,711 INFO  server.RaftServerConfigKeys (ConfUtils.java:logGet(43)) - raft.server.sleep.deviation.threshold = 300 (default)
2019-07-13 09:16:05,712 INFO  storage.RaftStorageDirectory (RaftStorageDirectory.java:analyzeStorage(246)) - The storage directory /tmp/workdir/hadoop-ozone/integration-test/target/test-dir/MiniOzoneClusterImpl-92b618a0-2021-43d7-b9f6-a6987319673f/datanode-1/data/ratis/e210bc5f-1b98-4bf0-99db-94d12a9e6643 does not exist. Creating ...
2019-07-13 09:16:05,712 INFO  server.RaftServerConfigKeys (ConfUtils.java:logGet(43)) - raft.server.storage.dir = [/tmp/workdir/hadoop-ozone/integration-test/target/test-dir/MiniOzoneClusterImpl-92b618a0-2021-43d7-b9f6-a6987319673f/datanode-0/data/ratis] (custom)
2019-07-13 09:16:05,712 INFO  server.RaftServerConfigKeys (ConfUtils.java:logGet(43)) - raft.server.log.appender.install.snapshot.enabled = false (custom)
2019-07-13 09:16:05,712 INFO  impl.RaftServerImpl (ServerState.java:<init>(105)) - 63dd3901-f8a4-46fd-9ca1-94af92e34249:group-94D12A9E6643 ConfigurationManager, init=-1: [b56c3050-e7d5-43b7-8d2e-a575394b13c1:192.168.69.96:44905, 12f5dd82-e4ae-404e-b35a-e9ca0b02af0c:192.168.69.96:42019, 63dd3901-f8a4-46fd-9ca1-94af92e34249:192.168.69.96:40777], old=null, confs=<EMPTY_MAP>
2019-07-13 09:16:05,712 INFO  storage.RaftStorageDirectory (RaftStorageDirectory.java:analyzeStorage(246)) - The storage directory /tmp/workdir/hadoop-ozone/integration-test/target/test-dir/MiniOzoneClusterImpl-92b618a0-2021-43d7-b9f6-a6987319673f/datanode-0/data/ratis/e210bc5f-1b98-4bf0-99db-94d12a9e6643 does not exist. Creating ...
2019-07-13 09:16:05,712 INFO  server.RaftServerConfigKeys (ConfUtils.java:logGet(43)) - raft.server.storage.dir = [/tmp/workdir/hadoop-ozone/integration-test/target/test-dir/MiniOzoneClusterImpl-92b618a0-2021-43d7-b9f6-a6987319673f/datanode-2/data/ratis] (custom)
2019-07-13 09:16:05,713 INFO  storage.RaftStorageDirectory (RaftStorageDirectory.java:analyzeStorage(246)) - The storage directory /tmp/workdir/hadoop-ozone/integration-test/target/test-dir/MiniOzoneClusterImpl-92b618a0-2021-43d7-b9f6-a6987319673f/datanode-2/data/ratis/e210bc5f-1b98-4bf0-99db-94d12a9e6643 does not exist. Creating ...
2019-07-13 09:16:05,725 INFO  storage.RaftStorageDirectory (RaftStorageDirectory.java:tryLock(328)) - Lock on /tmp/workdir/hadoop-ozone/integration-test/target/test-dir/MiniOzoneClusterImpl-92b618a0-2021-43d7-b9f6-a6987319673f/datanode-2/data/ratis/e210bc5f-1b98-4bf0-99db-94d12a9e6643/in_use.lock acquired by nodename 8548@trunk-nightly-hmp62-43275749
2019-07-13 09:16:05,725 INFO  storage.RaftStorageDirectory (RaftStorageDirectory.java:tryLock(328)) - Lock on /tmp/workdir/hadoop-ozone/integration-test/target/test-dir/MiniOzoneClusterImpl-92b618a0-2021-43d7-b9f6-a6987319673f/datanode-0/data/ratis/e210bc5f-1b98-4bf0-99db-94d12a9e6643/in_use.lock acquired by nodename 8548@trunk-nightly-hmp62-43275749
2019-07-13 09:16:05,725 INFO  storage.RaftStorageDirectory (RaftStorageDirectory.java:tryLock(328)) - Lock on /tmp/workdir/hadoop-ozone/integration-test/target/test-dir/MiniOzoneClusterImpl-92b618a0-2021-43d7-b9f6-a6987319673f/datanode-1/data/ratis/e210bc5f-1b98-4bf0-99db-94d12a9e6643/in_use.lock acquired by nodename 8548@trunk-nightly-hmp62-43275749
2019-07-13 09:16:05,739 INFO  storage.RaftStorage (RaftStorage.java:format(72)) - Storage directory /tmp/workdir/hadoop-ozone/integration-test/target/test-dir/MiniOzoneClusterImpl-92b618a0-2021-43d7-b9f6-a6987319673f/datanode-2/data/ratis/e210bc5f-1b98-4bf0-99db-94d12a9e6643 has been successfully formatted.
2019-07-13 09:16:05,739 INFO  storage.RaftStorage (RaftStorage.java:format(72)) - Storage directory /tmp/workdir/hadoop-ozone/integration-test/target/test-dir/MiniOzoneClusterImpl-92b618a0-2021-43d7-b9f6-a6987319673f/datanode-1/data/ratis/e210bc5f-1b98-4bf0-99db-94d12a9e6643 has been successfully formatted.
2019-07-13 09:16:05,739 INFO  storage.RaftStorage (RaftStorage.java:format(72)) - Storage directory /tmp/workdir/hadoop-ozone/integration-test/target/test-dir/MiniOzoneClusterImpl-92b618a0-2021-43d7-b9f6-a6987319673f/datanode-0/data/ratis/e210bc5f-1b98-4bf0-99db-94d12a9e6643 has been successfully formatted.
2019-07-13 09:16:05,740 INFO  ratis.ContainerStateMachine (ContainerStateMachine.java:loadSnapshot(200)) - The snapshot info is null.Setting the last applied index to:(t:0, i:~)
2019-07-13 09:16:05,740 INFO  ratis.ContainerStateMachine (ContainerStateMachine.java:loadSnapshot(200)) - The snapshot info is null.Setting the last applied index to:(t:0, i:~)
2019-07-13 09:16:05,740 INFO  server.RaftServerConfigKeys (ConfUtils.java:logGet(43)) - raft.server.leader.election.timeout = 120s (custom)
2019-07-13 09:16:05,740 INFO  ratis.ContainerStateMachine (ContainerStateMachine.java:loadSnapshot(200)) - The snapshot info is null.Setting the last applied index to:(t:0, i:~)
2019-07-13 09:16:05,740 INFO  server.RaftServerConfigKeys (ConfUtils.java:logGet(43)) - raft.server.log.use.memory = false (default)
2019-07-13 09:16:05,740 INFO  server.RaftServerConfigKeys (ConfUtils.java:logGet(43)) - raft.server.leader.election.timeout = 120s (custom)
2019-07-13 09:16:05,741 INFO  server.RaftServerConfigKeys (ConfUtils.java:logGet(43)) - raft.server.log.purge.gap = 1000000000 (custom)
2019-07-13 09:16:05,740 INFO  server.RaftServerConfigKeys (ConfUtils.java:logGet(43)) - raft.server.leader.election.timeout = 120s (custom)
2019-07-13 09:16:05,741 INFO  server.RaftServerConfigKeys (ConfUtils.java:logGet(43)) - raft.server.log.appender.buffer.byte-limit = 33554432 (custom)
2019-07-13 09:16:05,741 INFO  server.RaftServerConfigKeys (ConfUtils.java:logGet(43)) - raft.server.log.use.memory = false (default)
2019-07-13 09:16:05,741 INFO  server.RaftServerConfigKeys (ConfUtils.java:logGet(43)) - raft.server.log.segment.size.max = 1048576 (custom)
2019-07-13 09:16:05,741 INFO  server.RaftServerConfigKeys (ConfUtils.java:logGet(43)) - raft.server.log.use.memory = false (default)
2019-07-13 09:16:05,742 INFO  server.RaftServerConfigKeys (ConfUtils.java:logGet(43)) - raft.server.log.segment.cache.num.max = 2 (custom)
2019-07-13 09:16:05,741 INFO  server.RaftServerConfigKeys (ConfUtils.java:logGet(43)) - raft.server.log.purge.gap = 1000000000 (custom)
2019-07-13 09:16:05,742 INFO  segmented.SegmentedRaftLogWorker (SegmentedRaftLogWorker.java:<init>(172)) - new 12f5dd82-e4ae-404e-b35a-e9ca0b02af0c-SegmentedRaftLogWorker:Storage Directory /tmp/workdir/hadoop-ozone/integration-test/target/test-dir/MiniOzoneClusterImpl-92b618a0-2021-43d7-b9f6-a6987319673f/datanode-1/data/ratis/e210bc5f-1b98-4bf0-99db-94d12a9e6643 for RaftStorage:Storage Directory /tmp/workdir/hadoop-ozone/integration-test/target/test-dir/MiniOzoneClusterImpl-92b618a0-2021-43d7-b9f6-a6987319673f/datanode-1/data/ratis/e210bc5f-1b98-4bf0-99db-94d12a9e6643
2019-07-13 09:16:05,742 INFO  server.RaftServerConfigKeys (ConfUtils.java:logGet(43)) - raft.server.log.purge.gap = 1000000000 (custom)
2019-07-13 09:16:05,742 INFO  server.RaftServerConfigKeys (ConfUtils.java:logGet(43)) - raft.server.log.queue.byte-limit = 2147483647 (custom)
2019-07-13 09:16:05,742 INFO  server.RaftServerConfigKeys (ConfUtils.java:logGet(43)) - raft.server.log.appender.buffer.byte-limit = 33554432 (custom)
2019-07-13 09:16:05,743 INFO  server.RaftServerConfigKeys (ConfUtils.java:logGet(43)) - raft.server.log.queue.element-limit = 1024 (custom)
2019-07-13 09:16:05,742 INFO  server.RaftServerConfigKeys (ConfUtils.java:logGet(43)) - raft.server.log.appender.buffer.byte-limit = 33554432 (custom)
2019-07-13 09:16:05,743 INFO  server.RaftServerConfigKeys (ConfUtils.java:logGet(43)) - raft.server.log.segment.size.max = 1048576 (custom)
2019-07-13 09:16:05,743 INFO  server.RaftServerConfigKeys (ConfUtils.java:logGet(43)) - raft.server.log.preallocated.size = 16384 (custom)
2019-07-13 09:16:05,743 INFO  server.RaftServerConfigKeys (ConfUtils.java:logGet(43)) - raft.server.log.segment.size.max = 1048576 (custom)
2019-07-13 09:16:05,743 INFO  server.RaftServerConfigKeys (ConfUtils.java:logGet(43)) - raft.server.log.write.buffer.size = 33554432 (custom)
2019-07-13 09:16:05,743 INFO  server.RaftServerConfigKeys (ConfUtils.java:logGet(43)) - raft.server.log.segment.size.max = 1048576 (custom)
2019-07-13 09:16:05,744 INFO  server.RaftServerConfigKeys (ConfUtils.java:logGet(43)) - raft.server.log.force.sync.num = 128 (default)
2019-07-13 09:16:05,744 INFO  server.RaftServerConfigKeys (ConfUtils.java:logGet(43)) - raft.server.log.segment.cache.num.max = 2 (custom)
2019-07-13 09:16:05,744 INFO  server.RaftServerConfigKeys (ConfUtils.java:logGet(43)) - raft.server.log.statemachine.data.sync = true (default)
2019-07-13 09:16:05,744 INFO  server.RaftServerConfigKeys (ConfUtils.java:logGet(43)) - raft.server.log.statemachine.data.sync.timeout = 10s (default)
2019-07-13 09:16:05,744 INFO  server.RaftServerConfigKeys (ConfUtils.java:logGet(43)) - raft.server.log.segment.cache.num.max = 2 (custom)
2019-07-13 09:16:05,744 INFO  server.RaftServerConfigKeys (ConfUtils.java:logGet(43)) - raft.server.log.statemachine.data.sync.timeout.retry = -1 (default)
2019-07-13 09:16:05,744 INFO  segmented.SegmentedRaftLogWorker (SegmentedRaftLogWorker.java:<init>(172)) - new 63dd3901-f8a4-46fd-9ca1-94af92e34249-SegmentedRaftLogWorker:Storage Directory /tmp/workdir/hadoop-ozone/integration-test/target/test-dir/MiniOzoneClusterImpl-92b618a0-2021-43d7-b9f6-a6987319673f/datanode-2/data/ratis/e210bc5f-1b98-4bf0-99db-94d12a9e6643 for RaftStorage:Storage Directory /tmp/workdir/hadoop-ozone/integration-test/target/test-dir/MiniOzoneClusterImpl-92b618a0-2021-43d7-b9f6-a6987319673f/datanode-2/data/ratis/e210bc5f-1b98-4bf0-99db-94d12a9e6643
2019-07-13 09:16:05,745 INFO  server.RaftServerConfigKeys (ConfUtils.java:logGet(43)) - raft.server.log.statemachine.data.caching.enabled = true (custom)
2019-07-13 09:16:05,745 INFO  segmented.SegmentedRaftLogWorker (SegmentedRaftLogWorker.java:<init>(172)) - new b56c3050-e7d5-43b7-8d2e-a575394b13c1-SegmentedRaftLogWorker:Storage Directory /tmp/workdir/hadoop-ozone/integration-test/target/test-dir/MiniOzoneClusterImpl-92b618a0-2021-43d7-b9f6-a6987319673f/datanode-0/data/ratis/e210bc5f-1b98-4bf0-99db-94d12a9e6643 for RaftStorage:Storage Directory /tmp/workdir/hadoop-ozone/integration-test/target/test-dir/MiniOzoneClusterImpl-92b618a0-2021-43d7-b9f6-a6987319673f/datanode-0/data/ratis/e210bc5f-1b98-4bf0-99db-94d12a9e6643
2019-07-13 09:16:05,745 INFO  server.RaftServerConfigKeys (ConfUtils.java:logGet(43)) - raft.server.log.queue.byte-limit = 2147483647 (custom)
2019-07-13 09:16:05,745 INFO  server.RaftServerConfigKeys (ConfUtils.java:logGet(43)) - raft.server.log.queue.byte-limit = 2147483647 (custom)
2019-07-13 09:16:05,745 INFO  segmented.SegmentedRaftLogWorker (SegmentedRaftLogWorker.java:lambda$new$0(132)) - 12f5dd82-e4ae-404e-b35a-e9ca0b02af0c-SegmentedRaftLogWorker:Storage Directory /tmp/workdir/hadoop-ozone/integration-test/target/test-dir/MiniOzoneClusterImpl-92b618a0-2021-43d7-b9f6-a6987319673f/datanode-1/data/ratis/e210bc5f-1b98-4bf0-99db-94d12a9e6643: flushIndex: setUnconditionally 0 -> -1
2019-07-13 09:16:05,746 INFO  server.RaftServerConfigKeys (ConfUtils.java:logGet(43)) - raft.server.log.queue.element-limit = 1024 (custom)
2019-07-13 09:16:05,745 INFO  server.RaftServerConfigKeys (ConfUtils.java:logGet(43)) - raft.server.log.queue.element-limit = 1024 (custom)
2019-07-13 09:16:05,746 INFO  server.RaftServerConfigKeys (ConfUtils.java:logGet(43)) - raft.server.snapshot.auto.trigger.enabled = true (custom)
2019-07-13 09:16:05,746 INFO  server.RaftServerConfigKeys (ConfUtils.java:logGet(43)) - raft.server.log.segment.size.max = 1048576 (custom)
2019-07-13 09:16:05,746 INFO  server.RaftServerConfigKeys (ConfUtils.java:logGet(43)) - raft.server.snapshot.auto.trigger.threshold = 10000 (custom)
2019-07-13 09:16:05,746 INFO  server.RaftServerConfigKeys (ConfUtils.java:logGet(43)) - raft.server.log.segment.size.max = 1048576 (custom)
2019-07-13 09:16:05,747 INFO  server.RaftServerConfigKeys (ConfUtils.java:logGet(43)) - raft.server.retrycache.expirytime = 600000ms (custom)
2019-07-13 09:16:05,746 INFO  server.RaftServerConfigKeys (ConfUtils.java:logGet(43)) - raft.server.log.preallocated.size = 16384 (custom)
2019-07-13 09:16:05,747 INFO  impl.RaftServerImpl (RaftServerImpl.java:start(180)) - 12f5dd82-e4ae-404e-b35a-e9ca0b02af0c: start group-94D12A9E6643
2019-07-13 09:16:05,747 INFO  impl.RaftServerImpl (RaftServerImpl.java:setRole(171)) - 12f5dd82-e4ae-404e-b35a-e9ca0b02af0c:group-94D12A9E6643 changes role from null to FOLLOWER at term 0 for startAsFollower
2019-07-13 09:16:05,747 INFO  server.RaftServerConfigKeys (ConfUtils.java:logGet(43)) - raft.server.log.preallocated.size = 16384 (custom)
2019-07-13 09:16:05,747 INFO  impl.RoleInfo (RoleInfo.java:updateAndGet(143)) - 12f5dd82-e4ae-404e-b35a-e9ca0b02af0c: start FollowerState
2019-07-13 09:16:05,747 INFO  server.RaftServerConfigKeys (ConfUtils.java:logGet(43)) - raft.server.log.write.buffer.size = 33554432 (custom)
2019-07-13 09:16:05,747 INFO  server.RaftServerConfigKeys (ConfUtils.java:logGet(43)) - raft.server.log.write.buffer.size = 33554432 (custom)
2019-07-13 09:16:05,748 INFO  server.RaftServerConfigKeys (ConfUtils.java:logGet(43)) - raft.server.log.force.sync.num = 128 (default)
2019-07-13 09:16:05,748 INFO  server.RaftServerConfigKeys (ConfUtils.java:logGet(43)) - raft.server.log.force.sync.num = 128 (default)
2019-07-13 09:16:05,748 INFO  util.JmxRegister (JmxRegister.java:tryRegister(44)) - Successfully registered JMX Bean with object name Ratis:service=RaftServer,group=group-94D12A9E6643,id=12f5dd82-e4ae-404e-b35a-e9ca0b02af0c
2019-07-13 09:16:05,748 INFO  server.RaftServerConfigKeys (ConfUtils.java:logGet(43)) - raft.server.log.statemachine.data.sync = true (default)
2019-07-13 09:16:05,748 INFO  server.RaftServerConfigKeys (ConfUtils.java:logGet(43)) - raft.server.log.statemachine.data.sync = true (default)
2019-07-13 09:16:05,749 INFO  server.RaftServerConfigKeys (ConfUtils.java:logGet(43)) - raft.server.log.statemachine.data.sync.timeout = 10s (default)
2019-07-13 09:16:05,749 INFO  server.RaftServerConfigKeys (ConfUtils.java:logGet(43)) - raft.server.log.statemachine.data.sync.timeout = 10s (default)
2019-07-13 09:16:05,749 INFO  server.RaftServerConfigKeys (ConfUtils.java:logGet(43)) - raft.server.log.statemachine.data.sync.timeout.retry = -1 (default)
2019-07-13 09:16:05,749 INFO  server.RaftServerConfigKeys (ConfUtils.java:logGet(43)) - raft.server.log.statemachine.data.sync.timeout.retry = -1 (default)
2019-07-13 09:16:05,749 INFO  server.RaftServerConfigKeys (ConfUtils.java:logGet(43)) - raft.server.log.statemachine.data.caching.enabled = true (custom)
2019-07-13 09:16:05,752 INFO  server.RaftServerConfigKeys (ConfUtils.java:logGet(43)) - raft.server.log.statemachine.data.caching.enabled = true (custom)
2019-07-13 09:16:05,752 INFO  segmented.SegmentedRaftLogWorker (SegmentedRaftLogWorker.java:lambda$new$0(132)) - 63dd3901-f8a4-46fd-9ca1-94af92e34249-SegmentedRaftLogWorker:Storage Directory /tmp/workdir/hadoop-ozone/integration-test/target/test-dir/MiniOzoneClusterImpl-92b618a0-2021-43d7-b9f6-a6987319673f/datanode-2/data/ratis/e210bc5f-1b98-4bf0-99db-94d12a9e6643: flushIndex: setUnconditionally 0 -> -1
2019-07-13 09:16:05,753 INFO  segmented.SegmentedRaftLogWorker (SegmentedRaftLogWorker.java:lambda$new$0(132)) - b56c3050-e7d5-43b7-8d2e-a575394b13c1-SegmentedRaftLogWorker:Storage Directory /tmp/workdir/hadoop-ozone/integration-test/target/test-dir/MiniOzoneClusterImpl-92b618a0-2021-43d7-b9f6-a6987319673f/datanode-0/data/ratis/e210bc5f-1b98-4bf0-99db-94d12a9e6643: flushIndex: setUnconditionally 0 -> -1
2019-07-13 09:16:05,753 INFO  server.RaftServerConfigKeys (ConfUtils.java:logGet(43)) - raft.server.snapshot.auto.trigger.enabled = true (custom)
2019-07-13 09:16:05,753 INFO  server.RaftServerConfigKeys (ConfUtils.java:logGet(43)) - raft.server.snapshot.auto.trigger.threshold = 10000 (custom)
2019-07-13 09:16:05,753 INFO  server.RaftServerConfigKeys (ConfUtils.java:logGet(43)) - raft.server.snapshot.auto.trigger.enabled = true (custom)
2019-07-13 09:16:05,753 INFO  server.RaftServerConfigKeys (ConfUtils.java:logGet(43)) - raft.server.retrycache.expirytime = 600000ms (custom)
2019-07-13 09:16:05,753 INFO  server.RaftServerConfigKeys (ConfUtils.java:logGet(43)) - raft.server.snapshot.auto.trigger.threshold = 10000 (custom)
2019-07-13 09:16:05,754 INFO  impl.RaftServerImpl (RaftServerImpl.java:start(180)) - 63dd3901-f8a4-46fd-9ca1-94af92e34249: start group-94D12A9E6643
2019-07-13 09:16:05,754 INFO  server.RaftServerConfigKeys (ConfUtils.java:logGet(43)) - raft.server.retrycache.expirytime = 600000ms (custom)
2019-07-13 09:16:05,754 INFO  impl.RaftServerImpl (RaftServerImpl.java:setRole(171)) - 63dd3901-f8a4-46fd-9ca1-94af92e34249:group-94D12A9E6643 changes role from null to FOLLOWER at term 0 for startAsFollower
2019-07-13 09:16:05,754 INFO  impl.RaftServerImpl (RaftServerImpl.java:start(180)) - b56c3050-e7d5-43b7-8d2e-a575394b13c1: start group-94D12A9E6643
2019-07-13 09:16:05,754 INFO  impl.RoleInfo (RoleInfo.java:updateAndGet(143)) - 63dd3901-f8a4-46fd-9ca1-94af92e34249: start FollowerState
2019-07-13 09:16:05,754 INFO  impl.RaftServerImpl (RaftServerImpl.java:setRole(171)) - b56c3050-e7d5-43b7-8d2e-a575394b13c1:group-94D12A9E6643 changes role from null to FOLLOWER at term 0 for startAsFollower
2019-07-13 09:16:05,754 INFO  impl.RoleInfo (RoleInfo.java:updateAndGet(143)) - b56c3050-e7d5-43b7-8d2e-a575394b13c1: start FollowerState
2019-07-13 09:16:05,755 INFO  util.JmxRegister (JmxRegister.java:tryRegister(44)) - Successfully registered JMX Bean with object name Ratis:service=RaftServer,group=group-94D12A9E6643,id=63dd3901-f8a4-46fd-9ca1-94af92e34249
2019-07-13 09:16:05,755 INFO  util.JmxRegister (JmxRegister.java:tryRegister(44)) - Successfully registered JMX Bean with object name Ratis:service=RaftServer,group=group-94D12A9E6643,id=b56c3050-e7d5-43b7-8d2e-a575394b13c1
2019-07-13 09:16:05,762 INFO  pipeline.PipelineStateManager (PipelineStateManager.java:addPipeline(56)) - Created pipeline Pipeline[ Id: e210bc5f-1b98-4bf0-99db-94d12a9e6643, Nodes: 63dd3901-f8a4-46fd-9ca1-94af92e34249{ip: 192.168.69.96, host: trunk-nightly-hmp62-43275749, networkLocation: /default-rack, certSerialId: null}12f5dd82-e4ae-404e-b35a-e9ca0b02af0c{ip: 192.168.69.96, host: trunk-nightly-hmp62-43275749, networkLocation: /default-rack, certSerialId: null}b56c3050-e7d5-43b7-8d2e-a575394b13c1{ip: 192.168.69.96, host: trunk-nightly-hmp62-43275749, networkLocation: /default-rack, certSerialId: null}, Type:RATIS, Factor:THREE, State:OPEN]
2019-07-13 09:16:05,804 INFO  node.SCMNodeManager (SCMNodeManager.java:register(269)) - Registered Data node : f32e78eb-8ace-4da1-be61-402c772c2dbc{ip: 192.168.69.96, host: trunk-nightly-hmp62-43275749, networkLocation: /default-rack, certSerialId: null}
2019-07-13 09:16:05,811 INFO  impl.RaftServerProxy (RaftServerProxy.java:addNew(89)) - f32e78eb-8ace-4da1-be61-402c772c2dbc: addNew group-C999D86C376B:[f32e78eb-8ace-4da1-be61-402c772c2dbc:192.168.69.96:39915] returns group-C999D86C376B:java.util.concurrent.CompletableFuture@25eb1084[Not completed]
2019-07-13 09:16:05,812 INFO  impl.RaftServerImpl (RaftServerImpl.java:<init>(93)) - f32e78eb-8ace-4da1-be61-402c772c2dbc: new RaftServerImpl for group-C999D86C376B:[f32e78eb-8ace-4da1-be61-402c772c2dbc:192.168.69.96:39915] with ContainerStateMachine:uninitialized
2019-07-13 09:16:05,812 INFO  server.RaftServerConfigKeys (ConfUtils.java:logGet(43)) - raft.server.rpc.timeout.min = 5s (custom)
2019-07-13 09:16:05,812 INFO  server.RaftServerConfigKeys (ConfUtils.java:logGet(43)) - raft.server.rpc.timeout.max = 5200ms (custom)
2019-07-13 09:16:05,812 INFO  server.RaftServerConfigKeys (ConfUtils.java:logGet(43)) - raft.server.rpcslowness.timeout = 120s (custom)
2019-07-13 09:16:05,812 INFO  server.RaftServerConfigKeys (ConfUtils.java:logGet(43)) - raft.server.sleep.deviation.threshold = 300 (default)
2019-07-13 09:16:05,813 INFO  server.RaftServerConfigKeys (ConfUtils.java:logGet(43)) - raft.server.log.appender.install.snapshot.enabled = false (custom)
2019-07-13 09:16:05,813 INFO  impl.RaftServerImpl (ServerState.java:<init>(105)) - f32e78eb-8ace-4da1-be61-402c772c2dbc:group-C999D86C376B ConfigurationManager, init=-1: [f32e78eb-8ace-4da1-be61-402c772c2dbc:192.168.69.96:39915], old=null, confs=<EMPTY_MAP>
2019-07-13 09:16:05,813 INFO  server.RaftServerConfigKeys (ConfUtils.java:logGet(43)) - raft.server.storage.dir = [/tmp/workdir/hadoop-ozone/integration-test/target/test-dir/MiniOzoneClusterImpl-92b618a0-2021-43d7-b9f6-a6987319673f/datanode-3/data/ratis] (custom)
2019-07-13 09:16:05,813 INFO  storage.RaftStorageDirectory (RaftStorageDirectory.java:analyzeStorage(246)) - The storage directory /tmp/workdir/hadoop-ozone/integration-test/target/test-dir/MiniOzoneClusterImpl-92b618a0-2021-43d7-b9f6-a6987319673f/datanode-3/data/ratis/422aacda-95fe-4270-83b2-c999d86c376b does not exist. Creating ...
2019-07-13 09:16:05,827 INFO  storage.RaftStorageDirectory (RaftStorageDirectory.java:tryLock(328)) - Lock on /tmp/workdir/hadoop-ozone/integration-test/target/test-dir/MiniOzoneClusterImpl-92b618a0-2021-43d7-b9f6-a6987319673f/datanode-3/data/ratis/422aacda-95fe-4270-83b2-c999d86c376b/in_use.lock acquired by nodename 8548@trunk-nightly-hmp62-43275749
2019-07-13 09:16:05,840 INFO  storage.RaftStorage (RaftStorage.java:format(72)) - Storage directory /tmp/workdir/hadoop-ozone/integration-test/target/test-dir/MiniOzoneClusterImpl-92b618a0-2021-43d7-b9f6-a6987319673f/datanode-3/data/ratis/422aacda-95fe-4270-83b2-c999d86c376b has been successfully formatted.
2019-07-13 09:16:05,841 INFO  ratis.ContainerStateMachine (ContainerStateMachine.java:loadSnapshot(200)) - The snapshot info is null.Setting the last applied index to:(t:0, i:~)
2019-07-13 09:16:05,841 INFO  server.RaftServerConfigKeys (ConfUtils.java:logGet(43)) - raft.server.leader.election.timeout = 120s (custom)
2019-07-13 09:16:05,841 INFO  server.RaftServerConfigKeys (ConfUtils.java:logGet(43)) - raft.server.log.use.memory = false (default)
2019-07-13 09:16:05,841 INFO  server.RaftServerConfigKeys (ConfUtils.java:logGet(43)) - raft.server.log.purge.gap = 1000000000 (custom)
2019-07-13 09:16:05,841 INFO  server.RaftServerConfigKeys (ConfUtils.java:logGet(43)) - raft.server.log.appender.buffer.byte-limit = 33554432 (custom)
2019-07-13 09:16:05,841 INFO  server.RaftServerConfigKeys (ConfUtils.java:logGet(43)) - raft.server.log.segment.size.max = 1048576 (custom)
2019-07-13 09:16:05,842 INFO  server.RaftServerConfigKeys (ConfUtils.java:logGet(43)) - raft.server.log.segment.cache.num.max = 2 (custom)
2019-07-13 09:16:05,842 INFO  segmented.SegmentedRaftLogWorker (SegmentedRaftLogWorker.java:<init>(172)) - new f32e78eb-8ace-4da1-be61-402c772c2dbc-SegmentedRaftLogWorker:Storage Directory /tmp/workdir/hadoop-ozone/integration-test/target/test-dir/MiniOzoneClusterImpl-92b618a0-2021-43d7-b9f6-a6987319673f/datanode-3/data/ratis/422aacda-95fe-4270-83b2-c999d86c376b for RaftStorage:Storage Directory /tmp/workdir/hadoop-ozone/integration-test/target/test-dir/MiniOzoneClusterImpl-92b618a0-2021-43d7-b9f6-a6987319673f/datanode-3/data/ratis/422aacda-95fe-4270-83b2-c999d86c376b
2019-07-13 09:16:05,842 INFO  server.RaftServerConfigKeys (ConfUtils.java:logGet(43)) - raft.server.log.queue.byte-limit = 2147483647 (custom)
2019-07-13 09:16:05,842 INFO  server.RaftServerConfigKeys (ConfUtils.java:logGet(43)) - raft.server.log.queue.element-limit = 1024 (custom)
2019-07-13 09:16:05,842 INFO  server.RaftServerConfigKeys (ConfUtils.java:logGet(43)) - raft.server.log.segment.size.max = 1048576 (custom)
2019-07-13 09:16:05,843 INFO  server.RaftServerConfigKeys (ConfUtils.java:logGet(43)) - raft.server.log.preallocated.size = 16384 (custom)
2019-07-13 09:16:05,843 INFO  server.RaftServerConfigKeys (ConfUtils.java:logGet(43)) - raft.server.log.write.buffer.size = 33554432 (custom)
2019-07-13 09:16:05,843 INFO  server.RaftServerConfigKeys (ConfUtils.java:logGet(43)) - raft.server.log.force.sync.num = 128 (default)
2019-07-13 09:16:05,843 INFO  server.RaftServerConfigKeys (ConfUtils.java:logGet(43)) - raft.server.log.statemachine.data.sync = true (default)
2019-07-13 09:16:05,843 INFO  server.RaftServerConfigKeys (ConfUtils.java:logGet(43)) - raft.server.log.statemachine.data.sync.timeout = 10s (default)
2019-07-13 09:16:05,843 INFO  server.RaftServerConfigKeys (ConfUtils.java:logGet(43)) - raft.server.log.statemachine.data.sync.timeout.retry = -1 (default)
2019-07-13 09:16:05,844 INFO  server.RaftServerConfigKeys (ConfUtils.java:logGet(43)) - raft.server.log.statemachine.data.caching.enabled = true (custom)
2019-07-13 09:16:05,844 INFO  segmented.SegmentedRaftLogWorker (SegmentedRaftLogWorker.java:lambda$new$0(132)) - f32e78eb-8ace-4da1-be61-402c772c2dbc-SegmentedRaftLogWorker:Storage Directory /tmp/workdir/hadoop-ozone/integration-test/target/test-dir/MiniOzoneClusterImpl-92b618a0-2021-43d7-b9f6-a6987319673f/datanode-3/data/ratis/422aacda-95fe-4270-83b2-c999d86c376b: flushIndex: setUnconditionally 0 -> -1
2019-07-13 09:16:05,844 INFO  server.RaftServerConfigKeys (ConfUtils.java:logGet(43)) - raft.server.snapshot.auto.trigger.enabled = true (custom)
2019-07-13 09:16:05,845 INFO  server.RaftServerConfigKeys (ConfUtils.java:logGet(43)) - raft.server.snapshot.auto.trigger.threshold = 10000 (custom)
2019-07-13 09:16:05,845 INFO  server.RaftServerConfigKeys (ConfUtils.java:logGet(43)) - raft.server.retrycache.expirytime = 600000ms (custom)
2019-07-13 09:16:05,845 INFO  impl.RaftServerImpl (RaftServerImpl.java:start(180)) - f32e78eb-8ace-4da1-be61-402c772c2dbc: start group-C999D86C376B
2019-07-13 09:16:05,845 INFO  impl.RaftServerImpl (RaftServerImpl.java:setRole(171)) - f32e78eb-8ace-4da1-be61-402c772c2dbc:group-C999D86C376B changes role from null to FOLLOWER at term 0 for startAsFollower
2019-07-13 09:16:05,845 INFO  impl.RoleInfo (RoleInfo.java:updateAndGet(143)) - f32e78eb-8ace-4da1-be61-402c772c2dbc: start FollowerState
2019-07-13 09:16:05,846 INFO  util.JmxRegister (JmxRegister.java:tryRegister(44)) - Successfully registered JMX Bean with object name Ratis:service=RaftServer,group=group-C999D86C376B,id=f32e78eb-8ace-4da1-be61-402c772c2dbc
2019-07-13 09:16:05,850 INFO  pipeline.PipelineStateManager (PipelineStateManager.java:addPipeline(56)) - Created pipeline Pipeline[ Id: 422aacda-95fe-4270-83b2-c999d86c376b, Nodes: f32e78eb-8ace-4da1-be61-402c772c2dbc{ip: 192.168.69.96, host: trunk-nightly-hmp62-43275749, networkLocation: /default-rack, certSerialId: null}, Type:RATIS, Factor:ONE, State:OPEN]
2019-07-13 09:16:05,966 INFO  node.SCMNodeManager (SCMNodeManager.java:register(269)) - Registered Data node : af8cb241-e95a-4041-9c02-16b1a4e582f8{ip: 192.168.69.96, host: trunk-nightly-hmp62-43275749, networkLocation: /default-rack, certSerialId: null}
2019-07-13 09:16:05,973 INFO  impl.RaftServerProxy (RaftServerProxy.java:addNew(89)) - af8cb241-e95a-4041-9c02-16b1a4e582f8: addNew group-AE6611D1F30C:[af8cb241-e95a-4041-9c02-16b1a4e582f8:192.168.69.96:37677] returns group-AE6611D1F30C:java.util.concurrent.CompletableFuture@26d240b1[Not completed]
2019-07-13 09:16:05,974 INFO  impl.RaftServerImpl (RaftServerImpl.java:<init>(93)) - af8cb241-e95a-4041-9c02-16b1a4e582f8: new RaftServerImpl for group-AE6611D1F30C:[af8cb241-e95a-4041-9c02-16b1a4e582f8:192.168.69.96:37677] with ContainerStateMachine:uninitialized
2019-07-13 09:16:05,974 INFO  server.RaftServerConfigKeys (ConfUtils.java:logGet(43)) - raft.server.rpc.timeout.min = 5s (custom)
2019-07-13 09:16:05,974 INFO  server.RaftServerConfigKeys (ConfUtils.java:logGet(43)) - raft.server.rpc.timeout.max = 5200ms (custom)
2019-07-13 09:16:05,974 INFO  server.RaftServerConfigKeys (ConfUtils.java:logGet(43)) - raft.server.rpcslowness.timeout = 120s (custom)
2019-07-13 09:16:05,975 INFO  server.RaftServerConfigKeys (ConfUtils.java:logGet(43)) - raft.server.sleep.deviation.threshold = 300 (default)
2019-07-13 09:16:05,975 INFO  server.RaftServerConfigKeys (ConfUtils.java:logGet(43)) - raft.server.log.appender.install.snapshot.enabled = false (custom)
2019-07-13 09:16:05,975 INFO  impl.RaftServerImpl (ServerState.java:<init>(105)) - af8cb241-e95a-4041-9c02-16b1a4e582f8:group-AE6611D1F30C ConfigurationManager, init=-1: [af8cb241-e95a-4041-9c02-16b1a4e582f8:192.168.69.96:37677], old=null, confs=<EMPTY_MAP>
2019-07-13 09:16:05,975 INFO  server.RaftServerConfigKeys (ConfUtils.java:logGet(43)) - raft.server.storage.dir = [/tmp/workdir/hadoop-ozone/integration-test/target/test-dir/MiniOzoneClusterImpl-92b618a0-2021-43d7-b9f6-a6987319673f/datanode-4/data/ratis] (custom)
2019-07-13 09:16:05,975 INFO  storage.RaftStorageDirectory (RaftStorageDirectory.java:analyzeStorage(246)) - The storage directory /tmp/workdir/hadoop-ozone/integration-test/target/test-dir/MiniOzoneClusterImpl-92b618a0-2021-43d7-b9f6-a6987319673f/datanode-4/data/ratis/801c3359-64ed-445d-bdcc-ae6611d1f30c does not exist. Creating ...
2019-07-13 09:16:05,988 INFO  storage.RaftStorageDirectory (RaftStorageDirectory.java:tryLock(328)) - Lock on /tmp/workdir/hadoop-ozone/integration-test/target/test-dir/MiniOzoneClusterImpl-92b618a0-2021-43d7-b9f6-a6987319673f/datanode-4/data/ratis/801c3359-64ed-445d-bdcc-ae6611d1f30c/in_use.lock acquired by nodename 8548@trunk-nightly-hmp62-43275749
2019-07-13 09:16:06,002 INFO  storage.RaftStorage (RaftStorage.java:format(72)) - Storage directory /tmp/workdir/hadoop-ozone/integration-test/target/test-dir/MiniOzoneClusterImpl-92b618a0-2021-43d7-b9f6-a6987319673f/datanode-4/data/ratis/801c3359-64ed-445d-bdcc-ae6611d1f30c has been successfully formatted.
2019-07-13 09:16:06,002 INFO  ratis.ContainerStateMachine (ContainerStateMachine.java:loadSnapshot(200)) - The snapshot info is null.Setting the last applied index to:(t:0, i:~)
2019-07-13 09:16:06,003 INFO  server.RaftServerConfigKeys (ConfUtils.java:logGet(43)) - raft.server.leader.election.timeout = 120s (custom)
2019-07-13 09:16:06,003 INFO  server.RaftServerConfigKeys (ConfUtils.java:logGet(43)) - raft.server.log.use.memory = false (default)
2019-07-13 09:16:06,003 INFO  server.RaftServerConfigKeys (ConfUtils.java:logGet(43)) - raft.server.log.purge.gap = 1000000000 (custom)
2019-07-13 09:16:06,003 INFO  server.RaftServerConfigKeys (ConfUtils.java:logGet(43)) - raft.server.log.appender.buffer.byte-limit = 33554432 (custom)
2019-07-13 09:16:06,003 INFO  server.RaftServerConfigKeys (ConfUtils.java:logGet(43)) - raft.server.log.segment.size.max = 1048576 (custom)
2019-07-13 09:16:06,003 INFO  server.RaftServerConfigKeys (ConfUtils.java:logGet(43)) - raft.server.log.segment.cache.num.max = 2 (custom)
2019-07-13 09:16:06,003 INFO  segmented.SegmentedRaftLogWorker (SegmentedRaftLogWorker.java:<init>(172)) - new af8cb241-e95a-4041-9c02-16b1a4e582f8-SegmentedRaftLogWorker:Storage Directory /tmp/workdir/hadoop-ozone/integration-test/target/test-dir/MiniOzoneClusterImpl-92b618a0-2021-43d7-b9f6-a6987319673f/datanode-4/data/ratis/801c3359-64ed-445d-bdcc-ae6611d1f30c for RaftStorage:Storage Directory /tmp/workdir/hadoop-ozone/integration-test/target/test-dir/MiniOzoneClusterImpl-92b618a0-2021-43d7-b9f6-a6987319673f/datanode-4/data/ratis/801c3359-64ed-445d-bdcc-ae6611d1f30c
2019-07-13 09:16:06,004 INFO  server.RaftServerConfigKeys (ConfUtils.java:logGet(43)) - raft.server.log.queue.byte-limit = 2147483647 (custom)
2019-07-13 09:16:06,004 INFO  server.RaftServerConfigKeys (ConfUtils.java:logGet(43)) - raft.server.log.queue.element-limit = 1024 (custom)
2019-07-13 09:16:06,004 INFO  server.RaftServerConfigKeys (ConfUtils.java:logGet(43)) - raft.server.log.segment.size.max = 1048576 (custom)
2019-07-13 09:16:06,004 INFO  server.RaftServerConfigKeys (ConfUtils.java:logGet(43)) - raft.server.log.preallocated.size = 16384 (custom)
2019-07-13 09:16:06,004 INFO  server.RaftServerConfigKeys (ConfUtils.java:logGet(43)) - raft.server.log.write.buffer.size = 33554432 (custom)
2019-07-13 09:16:06,004 INFO  server.RaftServerConfigKeys (ConfUtils.java:logGet(43)) - raft.server.log.force.sync.num = 128 (default)
2019-07-13 09:16:06,005 INFO  server.RaftServerConfigKeys (ConfUtils.java:logGet(43)) - raft.server.log.statemachine.data.sync = true (default)
2019-07-13 09:16:06,005 INFO  server.RaftServerConfigKeys (ConfUtils.java:logGet(43)) - raft.server.log.statemachine.data.sync.timeout = 10s (default)
2019-07-13 09:16:06,005 INFO  server.RaftServerConfigKeys (ConfUtils.java:logGet(43)) - raft.server.log.statemachine.data.sync.timeout.retry = -1 (default)
2019-07-13 09:16:06,005 INFO  server.RaftServerConfigKeys (ConfUtils.java:logGet(43)) - raft.server.log.statemachine.data.caching.enabled = true (custom)
2019-07-13 09:16:06,006 INFO  segmented.SegmentedRaftLogWorker (SegmentedRaftLogWorker.java:lambda$new$0(132)) - af8cb241-e95a-4041-9c02-16b1a4e582f8-SegmentedRaftLogWorker:Storage Directory /tmp/workdir/hadoop-ozone/integration-test/target/test-dir/MiniOzoneClusterImpl-92b618a0-2021-43d7-b9f6-a6987319673f/datanode-4/data/ratis/801c3359-64ed-445d-bdcc-ae6611d1f30c: flushIndex: setUnconditionally 0 -> -1
2019-07-13 09:16:06,006 INFO  server.RaftServerConfigKeys (ConfUtils.java:logGet(43)) - raft.server.snapshot.auto.trigger.enabled = true (custom)
2019-07-13 09:16:06,006 INFO  server.RaftServerConfigKeys (ConfUtils.java:logGet(43)) - raft.server.snapshot.auto.trigger.threshold = 10000 (custom)
2019-07-13 09:16:06,006 INFO  server.RaftServerConfigKeys (ConfUtils.java:logGet(43)) - raft.server.retrycache.expirytime = 600000ms (custom)
2019-07-13 09:16:06,006 INFO  impl.RaftServerImpl (RaftServerImpl.java:start(180)) - af8cb241-e95a-4041-9c02-16b1a4e582f8: start group-AE6611D1F30C
2019-07-13 09:16:06,006 INFO  impl.RaftServerImpl (RaftServerImpl.java:setRole(171)) - af8cb241-e95a-4041-9c02-16b1a4e582f8:group-AE6611D1F30C changes role from null to FOLLOWER at term 0 for startAsFollower
2019-07-13 09:16:06,007 INFO  impl.RoleInfo (RoleInfo.java:updateAndGet(143)) - af8cb241-e95a-4041-9c02-16b1a4e582f8: start FollowerState
2019-07-13 09:16:06,007 INFO  util.JmxRegister (JmxRegister.java:tryRegister(44)) - Successfully registered JMX Bean with object name Ratis:service=RaftServer,group=group-AE6611D1F30C,id=af8cb241-e95a-4041-9c02-16b1a4e582f8
2019-07-13 09:16:06,011 INFO  pipeline.PipelineStateManager (PipelineStateManager.java:addPipeline(56)) - Created pipeline Pipeline[ Id: 801c3359-64ed-445d-bdcc-ae6611d1f30c, Nodes: af8cb241-e95a-4041-9c02-16b1a4e582f8{ip: 192.168.69.96, host: trunk-nightly-hmp62-43275749, networkLocation: /default-rack, certSerialId: null}, Type:RATIS, Factor:ONE, State:OPEN]
2019-07-13 09:16:06,138 INFO  node.SCMNodeManager (SCMNodeManager.java:register(269)) - Registered Data node : b1cf789f-56ae-4e76-ab41-e93215d4786a{ip: 192.168.69.96, host: trunk-nightly-hmp62-43275749, networkLocation: /default-rack, certSerialId: null}
2019-07-13 09:16:06,144 INFO  impl.RaftServerProxy (RaftServerProxy.java:addNew(89)) - b1cf789f-56ae-4e76-ab41-e93215d4786a: addNew group-FD20E7E1F9C3:[b1cf789f-56ae-4e76-ab41-e93215d4786a:192.168.69.96:39268] returns group-FD20E7E1F9C3:java.util.concurrent.CompletableFuture@e89425f[Not completed]
2019-07-13 09:16:06,145 INFO  impl.RaftServerImpl (RaftServerImpl.java:<init>(93)) - b1cf789f-56ae-4e76-ab41-e93215d4786a: new RaftServerImpl for group-FD20E7E1F9C3:[b1cf789f-56ae-4e76-ab41-e93215d4786a:192.168.69.96:39268] with ContainerStateMachine:uninitialized
2019-07-13 09:16:06,146 INFO  server.RaftServerConfigKeys (ConfUtils.java:logGet(43)) - raft.server.rpc.timeout.min = 5s (custom)
2019-07-13 09:16:06,146 INFO  server.RaftServerConfigKeys (ConfUtils.java:logGet(43)) - raft.server.rpc.timeout.max = 5200ms (custom)
2019-07-13 09:16:06,146 INFO  server.RaftServerConfigKeys (ConfUtils.java:logGet(43)) - raft.server.rpcslowness.timeout = 120s (custom)
2019-07-13 09:16:06,146 INFO  server.RaftServerConfigKeys (ConfUtils.java:logGet(43)) - raft.server.sleep.deviation.threshold = 300 (default)
2019-07-13 09:16:06,146 INFO  server.RaftServerConfigKeys (ConfUtils.java:logGet(43)) - raft.server.log.appender.install.snapshot.enabled = false (custom)
2019-07-13 09:16:06,147 INFO  impl.RaftServerImpl (ServerState.java:<init>(105)) - b1cf789f-56ae-4e76-ab41-e93215d4786a:group-FD20E7E1F9C3 ConfigurationManager, init=-1: [b1cf789f-56ae-4e76-ab41-e93215d4786a:192.168.69.96:39268], old=null, confs=<EMPTY_MAP>
2019-07-13 09:16:06,147 INFO  server.RaftServerConfigKeys (ConfUtils.java:logGet(43)) - raft.server.storage.dir = [/tmp/workdir/hadoop-ozone/integration-test/target/test-dir/MiniOzoneClusterImpl-92b618a0-2021-43d7-b9f6-a6987319673f/datanode-5/data/ratis] (custom)
2019-07-13 09:16:06,147 INFO  storage.RaftStorageDirectory (RaftStorageDirectory.java:analyzeStorage(246)) - The storage directory /tmp/workdir/hadoop-ozone/integration-test/target/test-dir/MiniOzoneClusterImpl-92b618a0-2021-43d7-b9f6-a6987319673f/datanode-5/data/ratis/00d0d9bf-c31d-4445-b761-fd20e7e1f9c3 does not exist. Creating ...
2019-07-13 09:16:06,161 INFO  storage.RaftStorageDirectory (RaftStorageDirectory.java:tryLock(328)) - Lock on /tmp/workdir/hadoop-ozone/integration-test/target/test-dir/MiniOzoneClusterImpl-92b618a0-2021-43d7-b9f6-a6987319673f/datanode-5/data/ratis/00d0d9bf-c31d-4445-b761-fd20e7e1f9c3/in_use.lock acquired by nodename 8548@trunk-nightly-hmp62-43275749
2019-07-13 09:16:06,175 INFO  storage.RaftStorage (RaftStorage.java:format(72)) - Storage directory /tmp/workdir/hadoop-ozone/integration-test/target/test-dir/MiniOzoneClusterImpl-92b618a0-2021-43d7-b9f6-a6987319673f/datanode-5/data/ratis/00d0d9bf-c31d-4445-b761-fd20e7e1f9c3 has been successfully formatted.
2019-07-13 09:16:06,175 INFO  ratis.ContainerStateMachine (ContainerStateMachine.java:loadSnapshot(200)) - The snapshot info is null.Setting the last applied index to:(t:0, i:~)
2019-07-13 09:16:06,175 INFO  server.RaftServerConfigKeys (ConfUtils.java:logGet(43)) - raft.server.leader.election.timeout = 120s (custom)
2019-07-13 09:16:06,175 INFO  server.RaftServerConfigKeys (ConfUtils.java:logGet(43)) - raft.server.log.use.memory = false (default)
2019-07-13 09:16:06,176 INFO  server.RaftServerConfigKeys (ConfUtils.java:logGet(43)) - raft.server.log.purge.gap = 1000000000 (custom)
2019-07-13 09:16:06,176 INFO  server.RaftServerConfigKeys (ConfUtils.java:logGet(43)) - raft.server.log.appender.buffer.byte-limit = 33554432 (custom)
2019-07-13 09:16:06,176 INFO  server.RaftServerConfigKeys (ConfUtils.java:logGet(43)) - raft.server.log.segment.size.max = 1048576 (custom)
2019-07-13 09:16:06,176 INFO  server.RaftServerConfigKeys (ConfUtils.java:logGet(43)) - raft.server.log.segment.cache.num.max = 2 (custom)
2019-07-13 09:16:06,176 INFO  segmented.SegmentedRaftLogWorker (SegmentedRaftLogWorker.java:<init>(172)) - new b1cf789f-56ae-4e76-ab41-e93215d4786a-SegmentedRaftLogWorker:Storage Directory /tmp/workdir/hadoop-ozone/integration-test/target/test-dir/MiniOzoneClusterImpl-92b618a0-2021-43d7-b9f6-a6987319673f/datanode-5/data/ratis/00d0d9bf-c31d-4445-b761-fd20e7e1f9c3 for RaftStorage:Storage Directory /tmp/workdir/hadoop-ozone/integration-test/target/test-dir/MiniOzoneClusterImpl-92b618a0-2021-43d7-b9f6-a6987319673f/datanode-5/data/ratis/00d0d9bf-c31d-4445-b761-fd20e7e1f9c3
2019-07-13 09:16:06,177 INFO  server.RaftServerConfigKeys (ConfUtils.java:logGet(43)) - raft.server.log.queue.byte-limit = 2147483647 (custom)
2019-07-13 09:16:06,177 INFO  server.RaftServerConfigKeys (ConfUtils.java:logGet(43)) - raft.server.log.queue.element-limit = 1024 (custom)
2019-07-13 09:16:06,177 INFO  server.RaftServerConfigKeys (ConfUtils.java:logGet(43)) - raft.server.log.segment.size.max = 1048576 (custom)
2019-07-13 09:16:06,177 INFO  server.RaftServerConfigKeys (ConfUtils.java:logGet(43)) - raft.server.log.preallocated.size = 16384 (custom)
2019-07-13 09:16:06,177 INFO  server.RaftServerConfigKeys (ConfUtils.java:logGet(43)) - raft.server.log.write.buffer.size = 33554432 (custom)
2019-07-13 09:16:06,178 INFO  server.RaftServerConfigKeys (ConfUtils.java:logGet(43)) - raft.server.log.force.sync.num = 128 (default)
2019-07-13 09:16:06,178 INFO  server.RaftServerConfigKeys (ConfUtils.java:logGet(43)) - raft.server.log.statemachine.data.sync = true (default)
2019-07-13 09:16:06,178 INFO  server.RaftServerConfigKeys (ConfUtils.java:logGet(43)) - raft.server.log.statemachine.data.sync.timeout = 10s (default)
2019-07-13 09:16:06,178 INFO  server.RaftServerConfigKeys (ConfUtils.java:logGet(43)) - raft.server.log.statemachine.data.sync.timeout.retry = -1 (default)
2019-07-13 09:16:06,178 INFO  server.RaftServerConfigKeys (ConfUtils.java:logGet(43)) - raft.server.log.statemachine.data.caching.enabled = true (custom)
2019-07-13 09:16:06,179 INFO  segmented.SegmentedRaftLogWorker (SegmentedRaftLogWorker.java:lambda$new$0(132)) - b1cf789f-56ae-4e76-ab41-e93215d4786a-SegmentedRaftLogWorker:Storage Directory /tmp/workdir/hadoop-ozone/integration-test/target/test-dir/MiniOzoneClusterImpl-92b618a0-2021-43d7-b9f6-a6987319673f/datanode-5/data/ratis/00d0d9bf-c31d-4445-b761-fd20e7e1f9c3: flushIndex: setUnconditionally 0 -> -1
2019-07-13 09:16:06,179 INFO  server.RaftServerConfigKeys (ConfUtils.java:logGet(43)) - raft.server.snapshot.auto.trigger.enabled = true (custom)
2019-07-13 09:16:06,179 INFO  server.RaftServerConfigKeys (ConfUtils.java:logGet(43)) - raft.server.snapshot.auto.trigger.threshold = 10000 (custom)
2019-07-13 09:16:06,179 INFO  server.RaftServerConfigKeys (ConfUtils.java:logGet(43)) - raft.server.retrycache.expirytime = 600000ms (custom)
2019-07-13 09:16:06,180 INFO  impl.RaftServerImpl (RaftServerImpl.java:start(180)) - b1cf789f-56ae-4e76-ab41-e93215d4786a: start group-FD20E7E1F9C3
2019-07-13 09:16:06,180 INFO  impl.RaftServerImpl (RaftServerImpl.java:setRole(171)) - b1cf789f-56ae-4e76-ab41-e93215d4786a:group-FD20E7E1F9C3 changes role from null to FOLLOWER at term 0 for startAsFollower
2019-07-13 09:16:06,180 INFO  impl.RoleInfo (RoleInfo.java:updateAndGet(143)) - b1cf789f-56ae-4e76-ab41-e93215d4786a: start FollowerState
2019-07-13 09:16:06,180 INFO  util.JmxRegister (JmxRegister.java:tryRegister(44)) - Successfully registered JMX Bean with object name Ratis:service=RaftServer,group=group-FD20E7E1F9C3,id=b1cf789f-56ae-4e76-ab41-e93215d4786a
2019-07-13 09:16:06,185 INFO  pipeline.PipelineStateManager (PipelineStateManager.java:addPipeline(56)) - Created pipeline Pipeline[ Id: 00d0d9bf-c31d-4445-b761-fd20e7e1f9c3, Nodes: b1cf789f-56ae-4e76-ab41-e93215d4786a{ip: 192.168.69.96, host: trunk-nightly-hmp62-43275749, networkLocation: /default-rack, certSerialId: null}, Type:RATIS, Factor:ONE, State:OPEN]
2019-07-13 09:16:06,199 INFO  impl.RaftServerProxy (RaftServerProxy.java:addNew(89)) - f32e78eb-8ace-4da1-be61-402c772c2dbc: addNew group-EEDAE6C705A4:[f32e78eb-8ace-4da1-be61-402c772c2dbc:192.168.69.96:39915, af8cb241-e95a-4041-9c02-16b1a4e582f8:192.168.69.96:37677, b1cf789f-56ae-4e76-ab41-e93215d4786a:192.168.69.96:39268] returns group-EEDAE6C705A4:java.util.concurrent.CompletableFuture@2f8a4a08[Not completed]
2019-07-13 09:16:06,199 INFO  impl.RaftServerProxy (RaftServerProxy.java:addNew(89)) - b1cf789f-56ae-4e76-ab41-e93215d4786a: addNew group-EEDAE6C705A4:[f32e78eb-8ace-4da1-be61-402c772c2dbc:192.168.69.96:39915, af8cb241-e95a-4041-9c02-16b1a4e582f8:192.168.69.96:37677, b1cf789f-56ae-4e76-ab41-e93215d4786a:192.168.69.96:39268] returns group-EEDAE6C705A4:java.util.concurrent.CompletableFuture@612f3696[Not completed]
2019-07-13 09:16:06,199 INFO  impl.RaftServerProxy (RaftServerProxy.java:addNew(89)) - af8cb241-e95a-4041-9c02-16b1a4e582f8: addNew group-EEDAE6C705A4:[f32e78eb-8ace-4da1-be61-402c772c2dbc:192.168.69.96:39915, af8cb241-e95a-4041-9c02-16b1a4e582f8:192.168.69.96:37677, b1cf789f-56ae-4e76-ab41-e93215d4786a:192.168.69.96:39268] returns group-EEDAE6C705A4:java.util.concurrent.CompletableFuture@465bee9e[Not completed]
2019-07-13 09:16:06,201 INFO  impl.RaftServerImpl (RaftServerImpl.java:<init>(93)) - af8cb241-e95a-4041-9c02-16b1a4e582f8: new RaftServerImpl for group-EEDAE6C705A4:[f32e78eb-8ace-4da1-be61-402c772c2dbc:192.168.69.96:39915, af8cb241-e95a-4041-9c02-16b1a4e582f8:192.168.69.96:37677, b1cf789f-56ae-4e76-ab41-e93215d4786a:192.168.69.96:39268] with ContainerStateMachine:uninitialized
2019-07-13 09:16:06,201 INFO  server.RaftServerConfigKeys (ConfUtils.java:logGet(43)) - raft.server.rpc.timeout.min = 5s (custom)
2019-07-13 09:16:06,201 INFO  server.RaftServerConfigKeys (ConfUtils.java:logGet(43)) - raft.server.rpc.timeout.max = 5200ms (custom)
2019-07-13 09:16:06,201 INFO  server.RaftServerConfigKeys (ConfUtils.java:logGet(43)) - raft.server.rpcslowness.timeout = 120s (custom)
2019-07-13 09:16:06,202 INFO  server.RaftServerConfigKeys (ConfUtils.java:logGet(43)) - raft.server.sleep.deviation.threshold = 300 (default)
2019-07-13 09:16:06,202 INFO  server.RaftServerConfigKeys (ConfUtils.java:logGet(43)) - raft.server.log.appender.install.snapshot.enabled = false (custom)
2019-07-13 09:16:06,202 INFO  impl.RaftServerImpl (RaftServerImpl.java:<init>(93)) - b1cf789f-56ae-4e76-ab41-e93215d4786a: new RaftServerImpl for group-EEDAE6C705A4:[f32e78eb-8ace-4da1-be61-402c772c2dbc:192.168.69.96:39915, af8cb241-e95a-4041-9c02-16b1a4e582f8:192.168.69.96:37677, b1cf789f-56ae-4e76-ab41-e93215d4786a:192.168.69.96:39268] with ContainerStateMachine:uninitialized
2019-07-13 09:16:06,202 INFO  impl.RaftServerImpl (ServerState.java:<init>(105)) - af8cb241-e95a-4041-9c02-16b1a4e582f8:group-EEDAE6C705A4 ConfigurationManager, init=-1: [f32e78eb-8ace-4da1-be61-402c772c2dbc:192.168.69.96:39915, af8cb241-e95a-4041-9c02-16b1a4e582f8:192.168.69.96:37677, b1cf789f-56ae-4e76-ab41-e93215d4786a:192.168.69.96:39268], old=null, confs=<EMPTY_MAP>
2019-07-13 09:16:06,202 INFO  server.RaftServerConfigKeys (ConfUtils.java:logGet(43)) - raft.server.rpc.timeout.min = 5s (custom)
2019-07-13 09:16:06,202 INFO  server.RaftServerConfigKeys (ConfUtils.java:logGet(43)) - raft.server.storage.dir = [/tmp/workdir/hadoop-ozone/integration-test/target/test-dir/MiniOzoneClusterImpl-92b618a0-2021-43d7-b9f6-a6987319673f/datanode-4/data/ratis] (custom)
2019-07-13 09:16:06,203 INFO  server.RaftServerConfigKeys (ConfUtils.java:logGet(43)) - raft.server.rpc.timeout.max = 5200ms (custom)
2019-07-13 09:16:06,203 INFO  impl.RaftServerImpl (RaftServerImpl.java:<init>(93)) - f32e78eb-8ace-4da1-be61-402c772c2dbc: new RaftServerImpl for group-EEDAE6C705A4:[f32e78eb-8ace-4da1-be61-402c772c2dbc:192.168.69.96:39915, af8cb241-e95a-4041-9c02-16b1a4e582f8:192.168.69.96:37677, b1cf789f-56ae-4e76-ab41-e93215d4786a:192.168.69.96:39268] with ContainerStateMachine:uninitialized
2019-07-13 09:16:06,203 INFO  storage.RaftStorageDirectory (RaftStorageDirectory.java:analyzeStorage(246)) - The storage directory /tmp/workdir/hadoop-ozone/integration-test/target/test-dir/MiniOzoneClusterImpl-92b618a0-2021-43d7-b9f6-a6987319673f/datanode-4/data/ratis/a530fc7c-6f90-45ca-90bd-eedae6c705a4 does not exist. Creating ...
2019-07-13 09:16:06,203 INFO  server.RaftServerConfigKeys (ConfUtils.java:logGet(43)) - raft.server.rpcslowness.timeout = 120s (custom)
2019-07-13 09:16:06,203 INFO  server.RaftServerConfigKeys (ConfUtils.java:logGet(43)) - raft.server.rpc.timeout.min = 5s (custom)
2019-07-13 09:16:06,203 INFO  server.RaftServerConfigKeys (ConfUtils.java:logGet(43)) - raft.server.sleep.deviation.threshold = 300 (default)
2019-07-13 09:16:06,204 INFO  server.RaftServerConfigKeys (ConfUtils.java:logGet(43)) - raft.server.rpc.timeout.max = 5200ms (custom)
2019-07-13 09:16:06,204 INFO  server.RaftServerConfigKeys (ConfUtils.java:logGet(43)) - raft.server.log.appender.install.snapshot.enabled = false (custom)
2019-07-13 09:16:06,204 INFO  server.RaftServerConfigKeys (ConfUtils.java:logGet(43)) - raft.server.rpcslowness.timeout = 120s (custom)
2019-07-13 09:16:06,204 INFO  impl.RaftServerImpl (ServerState.java:<init>(105)) - b1cf789f-56ae-4e76-ab41-e93215d4786a:group-EEDAE6C705A4 ConfigurationManager, init=-1: [f32e78eb-8ace-4da1-be61-402c772c2dbc:192.168.69.96:39915, af8cb241-e95a-4041-9c02-16b1a4e582f8:192.168.69.96:37677, b1cf789f-56ae-4e76-ab41-e93215d4786a:192.168.69.96:39268], old=null, confs=<EMPTY_MAP>
2019-07-13 09:16:06,205 INFO  server.RaftServerConfigKeys (ConfUtils.java:logGet(43)) - raft.server.sleep.deviation.threshold = 300 (default)
2019-07-13 09:16:06,205 INFO  server.RaftServerConfigKeys (ConfUtils.java:logGet(43)) - raft.server.storage.dir = [/tmp/workdir/hadoop-ozone/integration-test/target/test-dir/MiniOzoneClusterImpl-92b618a0-2021-43d7-b9f6-a6987319673f/datanode-5/data/ratis] (custom)
2019-07-13 09:16:06,205 INFO  server.RaftServerConfigKeys (ConfUtils.java:logGet(43)) - raft.server.log.appender.install.snapshot.enabled = false (custom)
2019-07-13 09:16:06,205 INFO  impl.RaftServerImpl (ServerState.java:<init>(105)) - f32e78eb-8ace-4da1-be61-402c772c2dbc:group-EEDAE6C705A4 ConfigurationManager, init=-1: [f32e78eb-8ace-4da1-be61-402c772c2dbc:192.168.69.96:39915, af8cb241-e95a-4041-9c02-16b1a4e582f8:192.168.69.96:37677, b1cf789f-56ae-4e76-ab41-e93215d4786a:192.168.69.96:39268], old=null, confs=<EMPTY_MAP>
2019-07-13 09:16:06,205 INFO  storage.RaftStorageDirectory (RaftStorageDirectory.java:analyzeStorage(246)) - The storage directory /tmp/workdir/hadoop-ozone/integration-test/target/test-dir/MiniOzoneClusterImpl-92b618a0-2021-43d7-b9f6-a6987319673f/datanode-5/data/ratis/a530fc7c-6f90-45ca-90bd-eedae6c705a4 does not exist. Creating ...
2019-07-13 09:16:06,205 INFO  server.RaftServerConfigKeys (ConfUtils.java:logGet(43)) - raft.server.storage.dir = [/tmp/workdir/hadoop-ozone/integration-test/target/test-dir/MiniOzoneClusterImpl-92b618a0-2021-43d7-b9f6-a6987319673f/datanode-3/data/ratis] (custom)
2019-07-13 09:16:06,206 INFO  storage.RaftStorageDirectory (RaftStorageDirectory.java:analyzeStorage(246)) - The storage directory /tmp/workdir/hadoop-ozone/integration-test/target/test-dir/MiniOzoneClusterImpl-92b618a0-2021-43d7-b9f6-a6987319673f/datanode-3/data/ratis/a530fc7c-6f90-45ca-90bd-eedae6c705a4 does not exist. Creating ...
2019-07-13 09:16:06,217 INFO  storage.RaftStorageDirectory (RaftStorageDirectory.java:tryLock(328)) - Lock on /tmp/workdir/hadoop-ozone/integration-test/target/test-dir/MiniOzoneClusterImpl-92b618a0-2021-43d7-b9f6-a6987319673f/datanode-5/data/ratis/a530fc7c-6f90-45ca-90bd-eedae6c705a4/in_use.lock acquired by nodename 8548@trunk-nightly-hmp62-43275749
2019-07-13 09:16:06,217 INFO  storage.RaftStorageDirectory (RaftStorageDirectory.java:tryLock(328)) - Lock on /tmp/workdir/hadoop-ozone/integration-test/target/test-dir/MiniOzoneClusterImpl-92b618a0-2021-43d7-b9f6-a6987319673f/datanode-3/data/ratis/a530fc7c-6f90-45ca-90bd-eedae6c705a4/in_use.lock acquired by nodename 8548@trunk-nightly-hmp62-43275749
2019-07-13 09:16:06,217 INFO  storage.RaftStorageDirectory (RaftStorageDirectory.java:tryLock(328)) - Lock on /tmp/workdir/hadoop-ozone/integration-test/target/test-dir/MiniOzoneClusterImpl-92b618a0-2021-43d7-b9f6-a6987319673f/datanode-4/data/ratis/a530fc7c-6f90-45ca-90bd-eedae6c705a4/in_use.lock acquired by nodename 8548@trunk-nightly-hmp62-43275749
2019-07-13 09:16:06,231 INFO  storage.RaftStorage (RaftStorage.java:format(72)) - Storage directory /tmp/workdir/hadoop-ozone/integration-test/target/test-dir/MiniOzoneClusterImpl-92b618a0-2021-43d7-b9f6-a6987319673f/datanode-5/data/ratis/a530fc7c-6f90-45ca-90bd-eedae6c705a4 has been successfully formatted.
2019-07-13 09:16:06,231 INFO  storage.RaftStorage (RaftStorage.java:format(72)) - Storage directory /tmp/workdir/hadoop-ozone/integration-test/target/test-dir/MiniOzoneClusterImpl-92b618a0-2021-43d7-b9f6-a6987319673f/datanode-4/data/ratis/a530fc7c-6f90-45ca-90bd-eedae6c705a4 has been successfully formatted.
2019-07-13 09:16:06,231 INFO  ratis.ContainerStateMachine (ContainerStateMachine.java:loadSnapshot(200)) - The snapshot info is null.Setting the last applied index to:(t:0, i:~)
2019-07-13 09:16:06,231 INFO  storage.RaftStorage (RaftStorage.java:format(72)) - Storage directory /tmp/workdir/hadoop-ozone/integration-test/target/test-dir/MiniOzoneClusterImpl-92b618a0-2021-43d7-b9f6-a6987319673f/datanode-3/data/ratis/a530fc7c-6f90-45ca-90bd-eedae6c705a4 has been successfully formatted.
2019-07-13 09:16:06,232 INFO  server.RaftServerConfigKeys (ConfUtils.java:logGet(43)) - raft.server.leader.election.timeout = 120s (custom)
2019-07-13 09:16:06,232 INFO  ratis.ContainerStateMachine (ContainerStateMachine.java:loadSnapshot(200)) - The snapshot info is null.Setting the last applied index to:(t:0, i:~)
2019-07-13 09:16:06,232 INFO  server.RaftServerConfigKeys (ConfUtils.java:logGet(43)) - raft.server.log.use.memory = false (default)
2019-07-13 09:16:06,232 INFO  ratis.ContainerStateMachine (ContainerStateMachine.java:loadSnapshot(200)) - The snapshot info is null.Setting the last applied index to:(t:0, i:~)
2019-07-13 09:16:06,232 INFO  server.RaftServerConfigKeys (ConfUtils.java:logGet(43)) - raft.server.log.purge.gap = 1000000000 (custom)
2019-07-13 09:16:06,233 INFO  server.RaftServerConfigKeys (ConfUtils.java:logGet(43)) - raft.server.log.appender.buffer.byte-limit = 33554432 (custom)
2019-07-13 09:16:06,232 INFO  server.RaftServerConfigKeys (ConfUtils.java:logGet(43)) - raft.server.leader.election.timeout = 120s (custom)
2019-07-13 09:16:06,233 INFO  server.RaftServerConfigKeys (ConfUtils.java:logGet(43)) - raft.server.log.segment.size.max = 1048576 (custom)
2019-07-13 09:16:06,232 INFO  server.RaftServerConfigKeys (ConfUtils.java:logGet(43)) - raft.server.leader.election.timeout = 120s (custom)
2019-07-13 09:16:06,233 INFO  server.RaftServerConfigKeys (ConfUtils.java:logGet(43)) - raft.server.log.segment.cache.num.max = 2 (custom)
2019-07-13 09:16:06,233 INFO  server.RaftServerConfigKeys (ConfUtils.java:logGet(43)) - raft.server.log.use.memory = false (default)
2019-07-13 09:16:06,233 INFO  segmented.SegmentedRaftLogWorker (SegmentedRaftLogWorker.java:<init>(172)) - new b1cf789f-56ae-4e76-ab41-e93215d4786a-SegmentedRaftLogWorker:Storage Directory /tmp/workdir/hadoop-ozone/integration-test/target/test-dir/MiniOzoneClusterImpl-92b618a0-2021-43d7-b9f6-a6987319673f/datanode-5/data/ratis/a530fc7c-6f90-45ca-90bd-eedae6c705a4 for RaftStorage:Storage Directory /tmp/workdir/hadoop-ozone/integration-test/target/test-dir/MiniOzoneClusterImpl-92b618a0-2021-43d7-b9f6-a6987319673f/datanode-5/data/ratis/a530fc7c-6f90-45ca-90bd-eedae6c705a4
2019-07-13 09:16:06,233 INFO  server.RaftServerConfigKeys (ConfUtils.java:logGet(43)) - raft.server.log.use.memory = false (default)
2019-07-13 09:16:06,234 INFO  server.RaftServerConfigKeys (ConfUtils.java:logGet(43)) - raft.server.log.queue.byte-limit = 2147483647 (custom)
2019-07-13 09:16:06,233 INFO  server.RaftServerConfigKeys (ConfUtils.java:logGet(43)) - raft.server.log.purge.gap = 1000000000 (custom)
2019-07-13 09:16:06,234 INFO  server.RaftServerConfigKeys (ConfUtils.java:logGet(43)) - raft.server.log.queue.element-limit = 1024 (custom)
2019-07-13 09:16:06,234 INFO  server.RaftServerConfigKeys (ConfUtils.java:logGet(43)) - raft.server.log.purge.gap = 1000000000 (custom)
2019-07-13 09:16:06,234 INFO  server.RaftServerConfigKeys (ConfUtils.java:logGet(43)) - raft.server.log.segment.size.max = 1048576 (custom)
2019-07-13 09:16:06,235 INFO  server.RaftServerConfigKeys (ConfUtils.java:logGet(43)) - raft.server.log.preallocated.size = 16384 (custom)
2019-07-13 09:16:06,234 INFO  server.RaftServerConfigKeys (ConfUtils.java:logGet(43)) - raft.server.log.appender.buffer.byte-limit = 33554432 (custom)
2019-07-13 09:16:06,235 INFO  server.RaftServerConfigKeys (ConfUtils.java:logGet(43)) - raft.server.log.write.buffer.size = 33554432 (custom)
2019-07-13 09:16:06,234 INFO  server.RaftServerConfigKeys (ConfUtils.java:logGet(43)) - raft.server.log.appender.buffer.byte-limit = 33554432 (custom)
2019-07-13 09:16:06,235 INFO  server.RaftServerConfigKeys (ConfUtils.java:logGet(43)) - raft.server.log.force.sync.num = 128 (default)
2019-07-13 09:16:06,235 INFO  server.RaftServerConfigKeys (ConfUtils.java:logGet(43)) - raft.server.log.segment.size.max = 1048576 (custom)
2019-07-13 09:16:06,235 INFO  server.RaftServerConfigKeys (ConfUtils.java:logGet(43)) - raft.server.log.statemachine.data.sync = true (default)
2019-07-13 09:16:06,235 INFO  server.RaftServerConfigKeys (ConfUtils.java:logGet(43)) - raft.server.log.segment.size.max = 1048576 (custom)
2019-07-13 09:16:06,236 INFO  server.RaftServerConfigKeys (ConfUtils.java:logGet(43)) - raft.server.log.statemachine.data.sync.timeout = 10s (default)
2019-07-13 09:16:06,236 INFO  server.RaftServerConfigKeys (ConfUtils.java:logGet(43)) - raft.server.log.segment.cache.num.max = 2 (custom)
2019-07-13 09:16:06,236 INFO  server.RaftServerConfigKeys (ConfUtils.java:logGet(43)) - raft.server.log.statemachine.data.sync.timeout.retry = -1 (default)
2019-07-13 09:16:06,236 INFO  server.RaftServerConfigKeys (ConfUtils.java:logGet(43)) - raft.server.log.segment.cache.num.max = 2 (custom)
2019-07-13 09:16:06,236 INFO  server.RaftServerConfigKeys (ConfUtils.java:logGet(43)) - raft.server.log.statemachine.data.caching.enabled = true (custom)
2019-07-13 09:16:06,236 INFO  segmented.SegmentedRaftLogWorker (SegmentedRaftLogWorker.java:<init>(172)) - new af8cb241-e95a-4041-9c02-16b1a4e582f8-SegmentedRaftLogWorker:Storage Directory /tmp/workdir/hadoop-ozone/integration-test/target/test-dir/MiniOzoneClusterImpl-92b618a0-2021-43d7-b9f6-a6987319673f/datanode-4/data/ratis/a530fc7c-6f90-45ca-90bd-eedae6c705a4 for RaftStorage:Storage Directory /tmp/workdir/hadoop-ozone/integration-test/target/test-dir/MiniOzoneClusterImpl-92b618a0-2021-43d7-b9f6-a6987319673f/datanode-4/data/ratis/a530fc7c-6f90-45ca-90bd-eedae6c705a4
2019-07-13 09:16:06,236 INFO  segmented.SegmentedRaftLogWorker (SegmentedRaftLogWorker.java:<init>(172)) - new f32e78eb-8ace-4da1-be61-402c772c2dbc-SegmentedRaftLogWorker:Storage Directory /tmp/workdir/hadoop-ozone/integration-test/target/test-dir/MiniOzoneClusterImpl-92b618a0-2021-43d7-b9f6-a6987319673f/datanode-3/data/ratis/a530fc7c-6f90-45ca-90bd-eedae6c705a4 for RaftStorage:Storage Directory /tmp/workdir/hadoop-ozone/integration-test/target/test-dir/MiniOzoneClusterImpl-92b618a0-2021-43d7-b9f6-a6987319673f/datanode-3/data/ratis/a530fc7c-6f90-45ca-90bd-eedae6c705a4
2019-07-13 09:16:06,237 INFO  segmented.SegmentedRaftLogWorker (SegmentedRaftLogWorker.java:lambda$new$0(132)) - b1cf789f-56ae-4e76-ab41-e93215d4786a-SegmentedRaftLogWorker:Storage Directory /tmp/workdir/hadoop-ozone/integration-test/target/test-dir/MiniOzoneClusterImpl-92b618a0-2021-43d7-b9f6-a6987319673f/datanode-5/data/ratis/a530fc7c-6f90-45ca-90bd-eedae6c705a4: flushIndex: setUnconditionally 0 -> -1
2019-07-13 09:16:06,237 INFO  server.RaftServerConfigKeys (ConfUtils.java:logGet(43)) - raft.server.log.queue.byte-limit = 2147483647 (custom)
2019-07-13 09:16:06,237 INFO  server.RaftServerConfigKeys (ConfUtils.java:logGet(43)) - raft.server.log.queue.byte-limit = 2147483647 (custom)
2019-07-13 09:16:06,237 INFO  server.RaftServerConfigKeys (ConfUtils.java:logGet(43)) - raft.server.snapshot.auto.trigger.enabled = true (custom)
2019-07-13 09:16:06,237 INFO  server.RaftServerConfigKeys (ConfUtils.java:logGet(43)) - raft.server.log.queue.element-limit = 1024 (custom)
2019-07-13 09:16:06,238 INFO  server.RaftServerConfigKeys (ConfUtils.java:logGet(43)) - raft.server.snapshot.auto.trigger.threshold = 10000 (custom)
2019-07-13 09:16:06,237 INFO  server.RaftServerConfigKeys (ConfUtils.java:logGet(43)) - raft.server.log.queue.element-limit = 1024 (custom)
2019-07-13 09:16:06,238 INFO  server.RaftServerConfigKeys (ConfUtils.java:logGet(43)) - raft.server.retrycache.expirytime = 600000ms (custom)
2019-07-13 09:16:06,238 INFO  server.RaftServerConfigKeys (ConfUtils.java:logGet(43)) - raft.server.log.segment.size.max = 1048576 (custom)
2019-07-13 09:16:06,238 INFO  server.RaftServerConfigKeys (ConfUtils.java:logGet(43)) - raft.server.log.preallocated.size = 16384 (custom)
2019-07-13 09:16:06,238 INFO  impl.RaftServerImpl (RaftServerImpl.java:start(180)) - b1cf789f-56ae-4e76-ab41-e93215d4786a: start group-EEDAE6C705A4
2019-07-13 09:16:06,238 INFO  server.RaftServerConfigKeys (ConfUtils.java:logGet(43)) - raft.server.log.segment.size.max = 1048576 (custom)
2019-07-13 09:16:06,239 INFO  impl.RaftServerImpl (RaftServerImpl.java:setRole(171)) - b1cf789f-56ae-4e76-ab41-e93215d4786a:group-EEDAE6C705A4 changes role from null to FOLLOWER at term 0 for startAsFollower
2019-07-13 09:16:06,238 INFO  server.RaftServerConfigKeys (ConfUtils.java:logGet(43)) - raft.server.log.write.buffer.size = 33554432 (custom)
2019-07-13 09:16:06,239 INFO  impl.RoleInfo (RoleInfo.java:updateAndGet(143)) - b1cf789f-56ae-4e76-ab41-e93215d4786a: start FollowerState
2019-07-13 09:16:06,239 INFO  server.RaftServerConfigKeys (ConfUtils.java:logGet(43)) - raft.server.log.preallocated.size = 16384 (custom)
2019-07-13 09:16:06,239 INFO  server.RaftServerConfigKeys (ConfUtils.java:logGet(43)) - raft.server.log.force.sync.num = 128 (default)
2019-07-13 09:16:06,239 INFO  server.RaftServerConfigKeys (ConfUtils.java:logGet(43)) - raft.server.log.write.buffer.size = 33554432 (custom)
2019-07-13 09:16:06,239 INFO  util.JmxRegister (JmxRegister.java:tryRegister(44)) - Successfully registered JMX Bean with object name Ratis:service=RaftServer,group=group-EEDAE6C705A4,id=b1cf789f-56ae-4e76-ab41-e93215d4786a
2019-07-13 09:16:06,239 INFO  server.RaftServerConfigKeys (ConfUtils.java:logGet(43)) - raft.server.log.statemachine.data.sync = true (default)
2019-07-13 09:16:06,240 INFO  server.RaftServerConfigKeys (ConfUtils.java:logGet(43)) - raft.server.log.force.sync.num = 128 (default)
2019-07-13 09:16:06,240 INFO  server.RaftServerConfigKeys (ConfUtils.java:logGet(43)) - raft.server.log.statemachine.data.sync.timeout = 10s (default)
2019-07-13 09:16:06,240 INFO  server.RaftServerConfigKeys (ConfUtils.java:logGet(43)) - raft.server.log.statemachine.data.sync = true (default)
2019-07-13 09:16:06,240 INFO  server.RaftServerConfigKeys (ConfUtils.java:logGet(43)) - raft.server.log.statemachine.data.sync.timeout.retry = -1 (default)
2019-07-13 09:16:06,240 INFO  server.RaftServerConfigKeys (ConfUtils.java:logGet(43)) - raft.server.log.statemachine.data.sync.timeout = 10s (default)
2019-07-13 09:16:06,241 INFO  server.RaftServerConfigKeys (ConfUtils.java:logGet(43)) - raft.server.log.statemachine.data.caching.enabled = true (custom)
2019-07-13 09:16:06,241 INFO  server.RaftServerConfigKeys (ConfUtils.java:logGet(43)) - raft.server.log.statemachine.data.sync.timeout.retry = -1 (default)
2019-07-13 09:16:06,244 INFO  server.RaftServerConfigKeys (ConfUtils.java:logGet(43)) - raft.server.log.statemachine.data.caching.enabled = true (custom)
2019-07-13 09:16:06,244 INFO  segmented.SegmentedRaftLogWorker (SegmentedRaftLogWorker.java:lambda$new$0(132)) - af8cb241-e95a-4041-9c02-16b1a4e582f8-SegmentedRaftLogWorker:Storage Directory /tmp/workdir/hadoop-ozone/integration-test/target/test-dir/MiniOzoneClusterImpl-92b618a0-2021-43d7-b9f6-a6987319673f/datanode-4/data/ratis/a530fc7c-6f90-45ca-90bd-eedae6c705a4: flushIndex: setUnconditionally 0 -> -1
2019-07-13 09:16:06,244 INFO  segmented.SegmentedRaftLogWorker (SegmentedRaftLogWorker.java:lambda$new$0(132)) - f32e78eb-8ace-4da1-be61-402c772c2dbc-SegmentedRaftLogWorker:Storage Directory /tmp/workdir/hadoop-ozone/integration-test/target/test-dir/MiniOzoneClusterImpl-92b618a0-2021-43d7-b9f6-a6987319673f/datanode-3/data/ratis/a530fc7c-6f90-45ca-90bd-eedae6c705a4: flushIndex: setUnconditionally 0 -> -1
2019-07-13 09:16:06,245 INFO  server.RaftServerConfigKeys (ConfUtils.java:logGet(43)) - raft.server.snapshot.auto.trigger.enabled = true (custom)
2019-07-13 09:16:06,245 INFO  server.RaftServerConfigKeys (ConfUtils.java:logGet(43)) - raft.server.snapshot.auto.trigger.threshold = 10000 (custom)
2019-07-13 09:16:06,245 INFO  server.RaftServerConfigKeys (ConfUtils.java:logGet(43)) - raft.server.snapshot.auto.trigger.enabled = true (custom)
2019-07-13 09:16:06,245 INFO  server.RaftServerConfigKeys (ConfUtils.java:logGet(43)) - raft.server.retrycache.expirytime = 600000ms (custom)
2019-07-13 09:16:06,245 INFO  server.RaftServerConfigKeys (ConfUtils.java:logGet(43)) - raft.server.snapshot.auto.trigger.threshold = 10000 (custom)
2019-07-13 09:16:06,245 INFO  impl.RaftServerImpl (RaftServerImpl.java:start(180)) - af8cb241-e95a-4041-9c02-16b1a4e582f8: start group-EEDAE6C705A4
2019-07-13 09:16:06,245 INFO  server.RaftServerConfigKeys (ConfUtils.java:logGet(43)) - raft.server.retrycache.expirytime = 600000ms (custom)
2019-07-13 09:16:06,245 INFO  impl.RaftServerImpl (RaftServerImpl.java:setRole(171)) - af8cb241-e95a-4041-9c02-16b1a4e582f8:group-EEDAE6C705A4 changes role from null to FOLLOWER at term 0 for startAsFollower
2019-07-13 09:16:06,246 INFO  impl.RaftServerImpl (RaftServerImpl.java:start(180)) - f32e78eb-8ace-4da1-be61-402c772c2dbc: start group-EEDAE6C705A4
2019-07-13 09:16:06,246 INFO  impl.RoleInfo (RoleInfo.java:updateAndGet(143)) - af8cb241-e95a-4041-9c02-16b1a4e582f8: start FollowerState
2019-07-13 09:16:06,246 INFO  impl.RaftServerImpl (RaftServerImpl.java:setRole(171)) - f32e78eb-8ace-4da1-be61-402c772c2dbc:group-EEDAE6C705A4 changes role from null to FOLLOWER at term 0 for startAsFollower
2019-07-13 09:16:06,246 INFO  impl.RoleInfo (RoleInfo.java:updateAndGet(143)) - f32e78eb-8ace-4da1-be61-402c772c2dbc: start FollowerState
2019-07-13 09:16:06,246 INFO  util.JmxRegister (JmxRegister.java:tryRegister(44)) - Successfully registered JMX Bean with object name Ratis:service=RaftServer,group=group-EEDAE6C705A4,id=af8cb241-e95a-4041-9c02-16b1a4e582f8
2019-07-13 09:16:06,246 INFO  util.JmxRegister (JmxRegister.java:tryRegister(44)) - Successfully registered JMX Bean with object name Ratis:service=RaftServer,group=group-EEDAE6C705A4,id=f32e78eb-8ace-4da1-be61-402c772c2dbc
2019-07-13 09:16:06,254 INFO  pipeline.PipelineStateManager (PipelineStateManager.java:addPipeline(56)) - Created pipeline Pipeline[ Id: a530fc7c-6f90-45ca-90bd-eedae6c705a4, Nodes: b1cf789f-56ae-4e76-ab41-e93215d4786a{ip: 192.168.69.96, host: trunk-nightly-hmp62-43275749, networkLocation: /default-rack, certSerialId: null}f32e78eb-8ace-4da1-be61-402c772c2dbc{ip: 192.168.69.96, host: trunk-nightly-hmp62-43275749, networkLocation: /default-rack, certSerialId: null}af8cb241-e95a-4041-9c02-16b1a4e582f8{ip: 192.168.69.96, host: trunk-nightly-hmp62-43275749, networkLocation: /default-rack, certSerialId: null}, Type:RATIS, Factor:THREE, State:OPEN]
2019-07-13 09:16:06,303 INFO  ozone.MiniOzoneClusterImpl (MiniOzoneClusterImpl.java:lambda$waitForClusterToBeReady$0(142)) - Waiting for cluster to be ready. Got 6 of 7 DN Heartbeats.
2019-07-13 09:16:06,310 INFO  node.SCMNodeManager (SCMNodeManager.java:register(269)) - Registered Data node : 231a7809-3683-49d2-9fc9-79974c1fe57d{ip: 192.168.69.96, host: trunk-nightly-hmp62-43275749, networkLocation: /default-rack, certSerialId: null}
2019-07-13 09:16:06,334 INFO  impl.RaftServerProxy (RaftServerProxy.java:addNew(89)) - 231a7809-3683-49d2-9fc9-79974c1fe57d: addNew group-B00746477F3E:[231a7809-3683-49d2-9fc9-79974c1fe57d:192.168.69.96:36781] returns group-B00746477F3E:java.util.concurrent.CompletableFuture@4dfa3654[Not completed]
2019-07-13 09:16:06,335 INFO  impl.RaftServerImpl (RaftServerImpl.java:<init>(93)) - 231a7809-3683-49d2-9fc9-79974c1fe57d: new RaftServerImpl for group-B00746477F3E:[231a7809-3683-49d2-9fc9-79974c1fe57d:192.168.69.96:36781] with ContainerStateMachine:uninitialized
2019-07-13 09:16:06,335 INFO  server.RaftServerConfigKeys (ConfUtils.java:logGet(43)) - raft.server.rpc.timeout.min = 5s (custom)
2019-07-13 09:16:06,335 INFO  server.RaftServerConfigKeys (ConfUtils.java:logGet(43)) - raft.server.rpc.timeout.max = 5200ms (custom)
2019-07-13 09:16:06,335 INFO  server.RaftServerConfigKeys (ConfUtils.java:logGet(43)) - raft.server.rpcslowness.timeout = 120s (custom)
2019-07-13 09:16:06,335 INFO  server.RaftServerConfigKeys (ConfUtils.java:logGet(43)) - raft.server.sleep.deviation.threshold = 300 (default)
2019-07-13 09:16:06,335 INFO  server.RaftServerConfigKeys (ConfUtils.java:logGet(43)) - raft.server.log.appender.install.snapshot.enabled = false (custom)
2019-07-13 09:16:06,336 INFO  impl.RaftServerImpl (ServerState.java:<init>(105)) - 231a7809-3683-49d2-9fc9-79974c1fe57d:group-B00746477F3E ConfigurationManager, init=-1: [231a7809-3683-49d2-9fc9-79974c1fe57d:192.168.69.96:36781], old=null, confs=<EMPTY_MAP>
2019-07-13 09:16:06,336 INFO  server.RaftServerConfigKeys (ConfUtils.java:logGet(43)) - raft.server.storage.dir = [/tmp/workdir/hadoop-ozone/integration-test/target/test-dir/MiniOzoneClusterImpl-92b618a0-2021-43d7-b9f6-a6987319673f/datanode-6/data/ratis] (custom)
2019-07-13 09:16:06,336 INFO  storage.RaftStorageDirectory (RaftStorageDirectory.java:analyzeStorage(246)) - The storage directory /tmp/workdir/hadoop-ozone/integration-test/target/test-dir/MiniOzoneClusterImpl-92b618a0-2021-43d7-b9f6-a6987319673f/datanode-6/data/ratis/a21e7ff4-adc5-4edd-a4a5-b00746477f3e does not exist. Creating ...
2019-07-13 09:16:06,349 INFO  storage.RaftStorageDirectory (RaftStorageDirectory.java:tryLock(328)) - Lock on /tmp/workdir/hadoop-ozone/integration-test/target/test-dir/MiniOzoneClusterImpl-92b618a0-2021-43d7-b9f6-a6987319673f/datanode-6/data/ratis/a21e7ff4-adc5-4edd-a4a5-b00746477f3e/in_use.lock acquired by nodename 8548@trunk-nightly-hmp62-43275749
2019-07-13 09:16:06,387 INFO  storage.RaftStorage (RaftStorage.java:format(72)) - Storage directory /tmp/workdir/hadoop-ozone/integration-test/target/test-dir/MiniOzoneClusterImpl-92b618a0-2021-43d7-b9f6-a6987319673f/datanode-6/data/ratis/a21e7ff4-adc5-4edd-a4a5-b00746477f3e has been successfully formatted.
2019-07-13 09:16:06,387 INFO  ratis.ContainerStateMachine (ContainerStateMachine.java:loadSnapshot(200)) - The snapshot info is null.Setting the last applied index to:(t:0, i:~)
2019-07-13 09:16:06,387 INFO  server.RaftServerConfigKeys (ConfUtils.java:logGet(43)) - raft.server.leader.election.timeout = 120s (custom)
2019-07-13 09:16:06,387 INFO  server.RaftServerConfigKeys (ConfUtils.java:logGet(43)) - raft.server.log.use.memory = false (default)
2019-07-13 09:16:06,388 INFO  server.RaftServerConfigKeys (ConfUtils.java:logGet(43)) - raft.server.log.purge.gap = 1000000000 (custom)
2019-07-13 09:16:06,388 INFO  server.RaftServerConfigKeys (ConfUtils.java:logGet(43)) - raft.server.log.appender.buffer.byte-limit = 33554432 (custom)
2019-07-13 09:16:06,388 INFO  server.RaftServerConfigKeys (ConfUtils.java:logGet(43)) - raft.server.log.segment.size.max = 1048576 (custom)
2019-07-13 09:16:06,388 INFO  server.RaftServerConfigKeys (ConfUtils.java:logGet(43)) - raft.server.log.segment.cache.num.max = 2 (custom)
2019-07-13 09:16:06,388 INFO  segmented.SegmentedRaftLogWorker (SegmentedRaftLogWorker.java:<init>(172)) - new 231a7809-3683-49d2-9fc9-79974c1fe57d-SegmentedRaftLogWorker:Storage Directory /tmp/workdir/hadoop-ozone/integration-test/target/test-dir/MiniOzoneClusterImpl-92b618a0-2021-43d7-b9f6-a6987319673f/datanode-6/data/ratis/a21e7ff4-adc5-4edd-a4a5-b00746477f3e for RaftStorage:Storage Directory /tmp/workdir/hadoop-ozone/integration-test/target/test-dir/MiniOzoneClusterImpl-92b618a0-2021-43d7-b9f6-a6987319673f/datanode-6/data/ratis/a21e7ff4-adc5-4edd-a4a5-b00746477f3e
2019-07-13 09:16:06,389 INFO  server.RaftServerConfigKeys (ConfUtils.java:logGet(43)) - raft.server.log.queue.byte-limit = 2147483647 (custom)
2019-07-13 09:16:06,389 INFO  server.RaftServerConfigKeys (ConfUtils.java:logGet(43)) - raft.server.log.queue.element-limit = 1024 (custom)
2019-07-13 09:16:06,389 INFO  server.RaftServerConfigKeys (ConfUtils.java:logGet(43)) - raft.server.log.segment.size.max = 1048576 (custom)
2019-07-13 09:16:06,389 INFO  server.RaftServerConfigKeys (ConfUtils.java:logGet(43)) - raft.server.log.preallocated.size = 16384 (custom)
2019-07-13 09:16:06,389 INFO  server.RaftServerConfigKeys (ConfUtils.java:logGet(43)) - raft.server.log.write.buffer.size = 33554432 (custom)
2019-07-13 09:16:06,390 INFO  server.RaftServerConfigKeys (ConfUtils.java:logGet(43)) - raft.server.log.force.sync.num = 128 (default)
2019-07-13 09:16:06,390 INFO  server.RaftServerConfigKeys (ConfUtils.java:logGet(43)) - raft.server.log.statemachine.data.sync = true (default)
2019-07-13 09:16:06,390 INFO  server.RaftServerConfigKeys (ConfUtils.java:logGet(43)) - raft.server.log.statemachine.data.sync.timeout = 10s (default)
2019-07-13 09:16:06,390 INFO  server.RaftServerConfigKeys (ConfUtils.java:logGet(43)) - raft.server.log.statemachine.data.sync.timeout.retry = -1 (default)
2019-07-13 09:16:06,391 INFO  server.RaftServerConfigKeys (ConfUtils.java:logGet(43)) - raft.server.log.statemachine.data.caching.enabled = true (custom)
2019-07-13 09:16:06,391 INFO  segmented.SegmentedRaftLogWorker (SegmentedRaftLogWorker.java:lambda$new$0(132)) - 231a7809-3683-49d2-9fc9-79974c1fe57d-SegmentedRaftLogWorker:Storage Directory /tmp/workdir/hadoop-ozone/integration-test/target/test-dir/MiniOzoneClusterImpl-92b618a0-2021-43d7-b9f6-a6987319673f/datanode-6/data/ratis/a21e7ff4-adc5-4edd-a4a5-b00746477f3e: flushIndex: setUnconditionally 0 -> -1
2019-07-13 09:16:06,391 INFO  server.RaftServerConfigKeys (ConfUtils.java:logGet(43)) - raft.server.snapshot.auto.trigger.enabled = true (custom)
2019-07-13 09:16:06,392 INFO  server.RaftServerConfigKeys (ConfUtils.java:logGet(43)) - raft.server.snapshot.auto.trigger.threshold = 10000 (custom)
2019-07-13 09:16:06,392 INFO  server.RaftServerConfigKeys (ConfUtils.java:logGet(43)) - raft.server.retrycache.expirytime = 600000ms (custom)
2019-07-13 09:16:06,392 INFO  impl.RaftServerImpl (RaftServerImpl.java:start(180)) - 231a7809-3683-49d2-9fc9-79974c1fe57d: start group-B00746477F3E
2019-07-13 09:16:06,392 INFO  impl.RaftServerImpl (RaftServerImpl.java:setRole(171)) - 231a7809-3683-49d2-9fc9-79974c1fe57d:group-B00746477F3E changes role from null to FOLLOWER at term 0 for startAsFollower
2019-07-13 09:16:06,392 INFO  impl.RoleInfo (RoleInfo.java:updateAndGet(143)) - 231a7809-3683-49d2-9fc9-79974c1fe57d: start FollowerState
2019-07-13 09:16:06,393 INFO  util.JmxRegister (JmxRegister.java:tryRegister(44)) - Successfully registered JMX Bean with object name Ratis:service=RaftServer,group=group-B00746477F3E,id=231a7809-3683-49d2-9fc9-79974c1fe57d
2019-07-13 09:16:06,398 INFO  pipeline.PipelineStateManager (PipelineStateManager.java:addPipeline(56)) - Created pipeline Pipeline[ Id: a21e7ff4-adc5-4edd-a4a5-b00746477f3e, Nodes: 231a7809-3683-49d2-9fc9-79974c1fe57d{ip: 192.168.69.96, host: trunk-nightly-hmp62-43275749, networkLocation: /default-rack, certSerialId: null}, Type:RATIS, Factor:ONE, State:OPEN]
2019-07-13 09:16:07,303 INFO  ozone.MiniOzoneClusterImpl (MiniOzoneClusterImpl.java:lambda$waitForClusterToBeReady$0(142)) - Cluster is ready. Got 7 of 7 DN Heartbeats.
2019-07-13 09:16:07,373 INFO  rpc.RpcClient (RpcClient.java:createVolume(287)) - Creating Volume: testblockoutputstream, with jenkins1000 as owner.
2019-07-13 09:16:07,399 INFO  rpc.RpcClient (RpcClient.java:createBucket(424)) - Creating Bucket: testblockoutputstream/testblockoutputstream, with Versioning false and Storage Type set to DISK and Encryption set to false 
2019-07-13 09:16:07,436 INFO  client.GrpcClientProtocolClient (GrpcClientProtocolClient.java:onNext(255)) - client-070BE3A1585E->f32e78eb-8ace-4da1-be61-402c772c2dbc: receive RaftClientReply:client-070BE3A1585E->f32e78eb-8ace-4da1-be61-402c772c2dbc@group-C999D86C376B, cid=140, FAILED org.apache.ratis.protocol.NotLeaderException: Server f32e78eb-8ace-4da1-be61-402c772c2dbc is not the leader (null). Request must be sent to leader., logIndex=0, commits[f32e78eb-8ace-4da1-be61-402c772c2dbc:c-1]
2019-07-13 09:16:08,118 INFO  container.ReplicationManager (ReplicationManager.java:start(155)) - Starting Replication Monitor Thread.
2019-07-13 09:16:08,122 INFO  container.ReplicationManager (ReplicationManager.java:run(207)) - Replication Monitor Thread took 0 milliseconds for processing 1 containers.
2019-07-13 09:16:09,454 INFO  client.GrpcClientProtocolClient (GrpcClientProtocolClient.java:onNext(255)) - client-070BE3A1585E->f32e78eb-8ace-4da1-be61-402c772c2dbc: receive RaftClientReply:client-070BE3A1585E->f32e78eb-8ace-4da1-be61-402c772c2dbc@group-C999D86C376B, cid=140, FAILED org.apache.ratis.protocol.NotLeaderException: Server f32e78eb-8ace-4da1-be61-402c772c2dbc is not the leader (null). Request must be sent to leader., logIndex=0, commits[f32e78eb-8ace-4da1-be61-402c772c2dbc:c-1]
2019-07-13 09:16:10,356 INFO  impl.FollowerState (FollowerState.java:run(106)) - b56c3050-e7d5-43b7-8d2e-a575394b13c1:group-0B56978D8787 changes to CANDIDATE, lastRpcTime:5180, electionTimeout:5180ms
2019-07-13 09:16:10,356 INFO  impl.RoleInfo (RoleInfo.java:shutdownFollowerState(121)) - b56c3050-e7d5-43b7-8d2e-a575394b13c1: shutdown FollowerState
2019-07-13 09:16:10,357 INFO  impl.RaftServerImpl (RaftServerImpl.java:setRole(171)) - b56c3050-e7d5-43b7-8d2e-a575394b13c1:group-0B56978D8787 changes role from FOLLOWER to CANDIDATE at term 0 for changeToCandidate
2019-07-13 09:16:10,357 INFO  impl.RoleInfo (RoleInfo.java:updateAndGet(143)) - b56c3050-e7d5-43b7-8d2e-a575394b13c1: start LeaderElection
2019-07-13 09:16:10,379 INFO  impl.LeaderElection (LeaderElection.java:askForVotes(181)) - b56c3050-e7d5-43b7-8d2e-a575394b13c1:group-0B56978D8787:LeaderElection42: begin an election at term 1 for -1: [b56c3050-e7d5-43b7-8d2e-a575394b13c1:192.168.69.96:44905], old=null
2019-07-13 09:16:10,379 INFO  impl.RoleInfo (RoleInfo.java:shutdownLeaderElection(134)) - b56c3050-e7d5-43b7-8d2e-a575394b13c1: shutdown LeaderElection
2019-07-13 09:16:10,380 INFO  impl.RaftServerImpl (RaftServerImpl.java:setRole(171)) - b56c3050-e7d5-43b7-8d2e-a575394b13c1:group-0B56978D8787 changes role from CANDIDATE to LEADER at term 1 for changeToLeader
2019-07-13 09:16:10,380 INFO  impl.RaftServerImpl (ServerState.java:setLeader(263)) - b56c3050-e7d5-43b7-8d2e-a575394b13c1:group-0B56978D8787 change Leader from null to b56c3050-e7d5-43b7-8d2e-a575394b13c1 at term 1 for becomeLeader, leader elected after 5208ms
2019-07-13 09:16:10,382 INFO  server.RaftServerConfigKeys (ConfUtils.java:logGet(43)) - raft.server.staging.catchup.gap = 1000 (default)
2019-07-13 09:16:10,382 INFO  server.RaftServerConfigKeys (ConfUtils.java:logGet(43)) - raft.server.rpc.sleep.time = 25ms (default)
2019-07-13 09:16:10,382 INFO  server.RaftServerConfigKeys (ConfUtils.java:logGet(43)) - raft.server.write.element-limit = 4096 (default)
2019-07-13 09:16:10,383 INFO  server.RaftServerConfigKeys (ConfUtils.java:logGet(43)) - raft.server.watch.timeout = 10s (default)
2019-07-13 09:16:10,383 INFO  server.RaftServerConfigKeys (ConfUtils.java:logGet(43)) - raft.server.watch.timeout.denomination = 1s (default)
2019-07-13 09:16:10,383 INFO  server.RaftServerConfigKeys (ConfUtils.java:logGet(43)) - raft.server.watch.element-limit = 65536 (default)
2019-07-13 09:16:10,383 INFO  impl.RoleInfo (RoleInfo.java:updateAndGet(143)) - b56c3050-e7d5-43b7-8d2e-a575394b13c1: start LeaderState
2019-07-13 09:16:10,383 INFO  segmented.SegmentedRaftLogWorker (SegmentedRaftLogWorker.java:startLogSegment(380)) - b56c3050-e7d5-43b7-8d2e-a575394b13c1-SegmentedRaftLogWorker:Storage Directory /tmp/workdir/hadoop-ozone/integration-test/target/test-dir/MiniOzoneClusterImpl-92b618a0-2021-43d7-b9f6-a6987319673f/datanode-0/data/ratis/d537eac7-f303-440d-9e80-0b56978d8787: Starting segment from index:0
2019-07-13 09:16:10,384 INFO  impl.RaftServerImpl (ServerState.java:setRaftConf(361)) - b56c3050-e7d5-43b7-8d2e-a575394b13c1:group-0B56978D8787 set configuration 0: [b56c3050-e7d5-43b7-8d2e-a575394b13c1:192.168.69.96:44905], old=null at 0
2019-07-13 09:16:10,415 INFO  segmented.SegmentedRaftLogWorker (SegmentedRaftLogWorker.java:execute(569)) - b56c3050-e7d5-43b7-8d2e-a575394b13c1-SegmentedRaftLogWorker:Storage Directory /tmp/workdir/hadoop-ozone/integration-test/target/test-dir/MiniOzoneClusterImpl-92b618a0-2021-43d7-b9f6-a6987319673f/datanode-0/data/ratis/d537eac7-f303-440d-9e80-0b56978d8787: created new log segment /tmp/workdir/hadoop-ozone/integration-test/target/test-dir/MiniOzoneClusterImpl-92b618a0-2021-43d7-b9f6-a6987319673f/datanode-0/data/ratis/d537eac7-f303-440d-9e80-0b56978d8787/current/log_inprogress_0
2019-07-13 09:16:10,652 INFO  impl.FollowerState (FollowerState.java:run(106)) - 12f5dd82-e4ae-404e-b35a-e9ca0b02af0c:group-F48F92110910 changes to CANDIDATE, lastRpcTime:5134, electionTimeout:5134ms
2019-07-13 09:16:10,652 INFO  impl.RoleInfo (RoleInfo.java:shutdownFollowerState(121)) - 12f5dd82-e4ae-404e-b35a-e9ca0b02af0c: shutdown FollowerState
2019-07-13 09:16:10,652 INFO  impl.RaftServerImpl (RaftServerImpl.java:setRole(171)) - 12f5dd82-e4ae-404e-b35a-e9ca0b02af0c:group-F48F92110910 changes role from FOLLOWER to CANDIDATE at term 0 for changeToCandidate
2019-07-13 09:16:10,652 INFO  impl.RoleInfo (RoleInfo.java:updateAndGet(143)) - 12f5dd82-e4ae-404e-b35a-e9ca0b02af0c: start LeaderElection
2019-07-13 09:16:10,673 INFO  impl.LeaderElection (LeaderElection.java:askForVotes(181)) - 12f5dd82-e4ae-404e-b35a-e9ca0b02af0c:group-F48F92110910:LeaderElection43: begin an election at term 1 for -1: [12f5dd82-e4ae-404e-b35a-e9ca0b02af0c:192.168.69.96:42019], old=null
2019-07-13 09:16:10,673 INFO  impl.RoleInfo (RoleInfo.java:shutdownLeaderElection(134)) - 12f5dd82-e4ae-404e-b35a-e9ca0b02af0c: shutdown LeaderElection
2019-07-13 09:16:10,674 INFO  impl.RaftServerImpl (RaftServerImpl.java:setRole(171)) - 12f5dd82-e4ae-404e-b35a-e9ca0b02af0c:group-F48F92110910 changes role from CANDIDATE to LEADER at term 1 for changeToLeader
2019-07-13 09:16:10,674 INFO  impl.RaftServerImpl (ServerState.java:setLeader(263)) - 12f5dd82-e4ae-404e-b35a-e9ca0b02af0c:group-F48F92110910 change Leader from null to 12f5dd82-e4ae-404e-b35a-e9ca0b02af0c at term 1 for becomeLeader, leader elected after 5160ms
2019-07-13 09:16:10,676 INFO  server.RaftServerConfigKeys (ConfUtils.java:logGet(43)) - raft.server.staging.catchup.gap = 1000 (default)
2019-07-13 09:16:10,676 INFO  server.RaftServerConfigKeys (ConfUtils.java:logGet(43)) - raft.server.rpc.sleep.time = 25ms (default)
2019-07-13 09:16:10,676 INFO  server.RaftServerConfigKeys (ConfUtils.java:logGet(43)) - raft.server.write.element-limit = 4096 (default)
2019-07-13 09:16:10,677 INFO  server.RaftServerConfigKeys (ConfUtils.java:logGet(43)) - raft.server.watch.timeout = 10s (default)
2019-07-13 09:16:10,677 INFO  server.RaftServerConfigKeys (ConfUtils.java:logGet(43)) - raft.server.watch.timeout.denomination = 1s (default)
2019-07-13 09:16:10,677 INFO  server.RaftServerConfigKeys (ConfUtils.java:logGet(43)) - raft.server.watch.element-limit = 65536 (default)
2019-07-13 09:16:10,677 INFO  impl.RoleInfo (RoleInfo.java:updateAndGet(143)) - 12f5dd82-e4ae-404e-b35a-e9ca0b02af0c: start LeaderState
2019-07-13 09:16:10,677 INFO  segmented.SegmentedRaftLogWorker (SegmentedRaftLogWorker.java:startLogSegment(380)) - 12f5dd82-e4ae-404e-b35a-e9ca0b02af0c-SegmentedRaftLogWorker:Storage Directory /tmp/workdir/hadoop-ozone/integration-test/target/test-dir/MiniOzoneClusterImpl-92b618a0-2021-43d7-b9f6-a6987319673f/datanode-1/data/ratis/f8324046-6565-47c7-ae49-f48f92110910: Starting segment from index:0
2019-07-13 09:16:10,678 INFO  impl.RaftServerImpl (ServerState.java:setRaftConf(361)) - 12f5dd82-e4ae-404e-b35a-e9ca0b02af0c:group-F48F92110910 set configuration 0: [12f5dd82-e4ae-404e-b35a-e9ca0b02af0c:192.168.69.96:42019], old=null at 0
2019-07-13 09:16:10,688 INFO  impl.FollowerState (FollowerState.java:run(106)) - 63dd3901-f8a4-46fd-9ca1-94af92e34249:group-5C3AA5A749B0 changes to CANDIDATE, lastRpcTime:5006, electionTimeout:5006ms
2019-07-13 09:16:10,688 INFO  impl.RoleInfo (RoleInfo.java:shutdownFollowerState(121)) - 63dd3901-f8a4-46fd-9ca1-94af92e34249: shutdown FollowerState
2019-07-13 09:16:10,688 INFO  impl.RaftServerImpl (RaftServerImpl.java:setRole(171)) - 63dd3901-f8a4-46fd-9ca1-94af92e34249:group-5C3AA5A749B0 changes role from FOLLOWER to CANDIDATE at term 0 for changeToCandidate
2019-07-13 09:16:10,688 INFO  impl.RoleInfo (RoleInfo.java:updateAndGet(143)) - 63dd3901-f8a4-46fd-9ca1-94af92e34249: start LeaderElection
2019-07-13 09:16:10,715 INFO  segmented.SegmentedRaftLogWorker (SegmentedRaftLogWorker.java:execute(569)) - 12f5dd82-e4ae-404e-b35a-e9ca0b02af0c-SegmentedRaftLogWorker:Storage Directory /tmp/workdir/hadoop-ozone/integration-test/target/test-dir/MiniOzoneClusterImpl-92b618a0-2021-43d7-b9f6-a6987319673f/datanode-1/data/ratis/f8324046-6565-47c7-ae49-f48f92110910: created new log segment /tmp/workdir/hadoop-ozone/integration-test/target/test-dir/MiniOzoneClusterImpl-92b618a0-2021-43d7-b9f6-a6987319673f/datanode-1/data/ratis/f8324046-6565-47c7-ae49-f48f92110910/current/log_inprogress_0
2019-07-13 09:16:10,715 INFO  impl.LeaderElection (LeaderElection.java:askForVotes(181)) - 63dd3901-f8a4-46fd-9ca1-94af92e34249:group-5C3AA5A749B0:LeaderElection44: begin an election at term 1 for -1: [63dd3901-f8a4-46fd-9ca1-94af92e34249:192.168.69.96:40777], old=null
2019-07-13 09:16:10,715 INFO  impl.RoleInfo (RoleInfo.java:shutdownLeaderElection(134)) - 63dd3901-f8a4-46fd-9ca1-94af92e34249: shutdown LeaderElection
2019-07-13 09:16:10,715 INFO  impl.RaftServerImpl (RaftServerImpl.java:setRole(171)) - 63dd3901-f8a4-46fd-9ca1-94af92e34249:group-5C3AA5A749B0 changes role from CANDIDATE to LEADER at term 1 for changeToLeader
2019-07-13 09:16:10,715 INFO  impl.RaftServerImpl (ServerState.java:setLeader(263)) - 63dd3901-f8a4-46fd-9ca1-94af92e34249:group-5C3AA5A749B0 change Leader from null to 63dd3901-f8a4-46fd-9ca1-94af92e34249 at term 1 for becomeLeader, leader elected after 5038ms
2019-07-13 09:16:10,717 INFO  server.RaftServerConfigKeys (ConfUtils.java:logGet(43)) - raft.server.staging.catchup.gap = 1000 (default)
2019-07-13 09:16:10,717 INFO  server.RaftServerConfigKeys (ConfUtils.java:logGet(43)) - raft.server.rpc.sleep.time = 25ms (default)
2019-07-13 09:16:10,718 INFO  server.RaftServerConfigKeys (ConfUtils.java:logGet(43)) - raft.server.write.element-limit = 4096 (default)
2019-07-13 09:16:10,718 INFO  server.RaftServerConfigKeys (ConfUtils.java:logGet(43)) - raft.server.watch.timeout = 10s (default)
2019-07-13 09:16:10,718 INFO  server.RaftServerConfigKeys (ConfUtils.java:logGet(43)) - raft.server.watch.timeout.denomination = 1s (default)
2019-07-13 09:16:10,718 INFO  server.RaftServerConfigKeys (ConfUtils.java:logGet(43)) - raft.server.watch.element-limit = 65536 (default)
2019-07-13 09:16:10,718 INFO  impl.RoleInfo (RoleInfo.java:updateAndGet(143)) - 63dd3901-f8a4-46fd-9ca1-94af92e34249: start LeaderState
2019-07-13 09:16:10,719 INFO  segmented.SegmentedRaftLogWorker (SegmentedRaftLogWorker.java:startLogSegment(380)) - 63dd3901-f8a4-46fd-9ca1-94af92e34249-SegmentedRaftLogWorker:Storage Directory /tmp/workdir/hadoop-ozone/integration-test/target/test-dir/MiniOzoneClusterImpl-92b618a0-2021-43d7-b9f6-a6987319673f/datanode-2/data/ratis/178a060f-79fa-4a4f-864a-5c3aa5a749b0: Starting segment from index:0
2019-07-13 09:16:10,719 INFO  impl.RaftServerImpl (ServerState.java:setRaftConf(361)) - 63dd3901-f8a4-46fd-9ca1-94af92e34249:group-5C3AA5A749B0 set configuration 0: [63dd3901-f8a4-46fd-9ca1-94af92e34249:192.168.69.96:40777], old=null at 0
2019-07-13 09:16:10,751 INFO  segmented.SegmentedRaftLogWorker (SegmentedRaftLogWorker.java:execute(569)) - 63dd3901-f8a4-46fd-9ca1-94af92e34249-SegmentedRaftLogWorker:Storage Directory /tmp/workdir/hadoop-ozone/integration-test/target/test-dir/MiniOzoneClusterImpl-92b618a0-2021-43d7-b9f6-a6987319673f/datanode-2/data/ratis/178a060f-79fa-4a4f-864a-5c3aa5a749b0: created new log segment /tmp/workdir/hadoop-ozone/integration-test/target/test-dir/MiniOzoneClusterImpl-92b618a0-2021-43d7-b9f6-a6987319673f/datanode-2/data/ratis/178a060f-79fa-4a4f-864a-5c3aa5a749b0/current/log_inprogress_0
2019-07-13 09:16:10,788 INFO  impl.FollowerState (FollowerState.java:run(106)) - 12f5dd82-e4ae-404e-b35a-e9ca0b02af0c:group-94D12A9E6643 changes to CANDIDATE, lastRpcTime:5040, electionTimeout:5040ms
2019-07-13 09:16:10,788 INFO  impl.RoleInfo (RoleInfo.java:shutdownFollowerState(121)) - 12f5dd82-e4ae-404e-b35a-e9ca0b02af0c: shutdown FollowerState
2019-07-13 09:16:10,788 INFO  impl.RaftServerImpl (RaftServerImpl.java:setRole(171)) - 12f5dd82-e4ae-404e-b35a-e9ca0b02af0c:group-94D12A9E6643 changes role from FOLLOWER to CANDIDATE at term 0 for changeToCandidate
2019-07-13 09:16:10,788 INFO  impl.RoleInfo (RoleInfo.java:updateAndGet(143)) - 12f5dd82-e4ae-404e-b35a-e9ca0b02af0c: start LeaderElection
2019-07-13 09:16:10,811 INFO  impl.LeaderElection (LeaderElection.java:askForVotes(181)) - 12f5dd82-e4ae-404e-b35a-e9ca0b02af0c:group-94D12A9E6643:LeaderElection45: begin an election at term 1 for -1: [b56c3050-e7d5-43b7-8d2e-a575394b13c1:192.168.69.96:44905, 12f5dd82-e4ae-404e-b35a-e9ca0b02af0c:192.168.69.96:42019, 63dd3901-f8a4-46fd-9ca1-94af92e34249:192.168.69.96:40777], old=null
2019-07-13 09:16:10,817 INFO  impl.FollowerState (FollowerState.java:run(106)) - 63dd3901-f8a4-46fd-9ca1-94af92e34249:group-94D12A9E6643 changes to CANDIDATE, lastRpcTime:5062, electionTimeout:5062ms
2019-07-13 09:16:10,817 INFO  impl.RoleInfo (RoleInfo.java:shutdownFollowerState(121)) - 63dd3901-f8a4-46fd-9ca1-94af92e34249: shutdown FollowerState
2019-07-13 09:16:10,817 INFO  impl.RaftServerImpl (RaftServerImpl.java:setRole(171)) - 63dd3901-f8a4-46fd-9ca1-94af92e34249:group-94D12A9E6643 changes role from FOLLOWER to CANDIDATE at term 0 for changeToCandidate
2019-07-13 09:16:10,817 INFO  impl.RoleInfo (RoleInfo.java:updateAndGet(143)) - 63dd3901-f8a4-46fd-9ca1-94af92e34249: start LeaderElection
2019-07-13 09:16:10,828 INFO  impl.RaftServerImpl (RaftServerImpl.java:setRole(171)) - b56c3050-e7d5-43b7-8d2e-a575394b13c1:group-94D12A9E6643 changes role from FOLLOWER to FOLLOWER at term 1 for recognizeCandidate:12f5dd82-e4ae-404e-b35a-e9ca0b02af0c
2019-07-13 09:16:10,828 INFO  impl.RoleInfo (RoleInfo.java:shutdownFollowerState(121)) - b56c3050-e7d5-43b7-8d2e-a575394b13c1: shutdown FollowerState
2019-07-13 09:16:10,828 INFO  impl.RoleInfo (RoleInfo.java:updateAndGet(143)) - b56c3050-e7d5-43b7-8d2e-a575394b13c1: start FollowerState
2019-07-13 09:16:10,828 INFO  impl.FollowerState (FollowerState.java:run(114)) - b56c3050-e7d5-43b7-8d2e-a575394b13c1: FollowerState was interrupted: java.lang.InterruptedException: sleep interrupted
2019-07-13 09:16:10,839 INFO  impl.LeaderElection (LeaderElection.java:askForVotes(181)) - 63dd3901-f8a4-46fd-9ca1-94af92e34249:group-94D12A9E6643:LeaderElection46: begin an election at term 1 for -1: [b56c3050-e7d5-43b7-8d2e-a575394b13c1:192.168.69.96:44905, 12f5dd82-e4ae-404e-b35a-e9ca0b02af0c:192.168.69.96:42019, 63dd3901-f8a4-46fd-9ca1-94af92e34249:192.168.69.96:40777], old=null
2019-07-13 09:16:10,857 INFO  impl.LeaderElection (LeaderElection.java:logAndReturn(56)) - 12f5dd82-e4ae-404e-b35a-e9ca0b02af0c:group-94D12A9E6643:LeaderElection45: Election PASSED; received 2 response(s) [12f5dd82-e4ae-404e-b35a-e9ca0b02af0c<-b56c3050-e7d5-43b7-8d2e-a575394b13c1#0:OK-t1, 12f5dd82-e4ae-404e-b35a-e9ca0b02af0c<-63dd3901-f8a4-46fd-9ca1-94af92e34249#0:FAIL-t1] and 0 exception(s); 12f5dd82-e4ae-404e-b35a-e9ca0b02af0c:t1, leader=null, voted=12f5dd82-e4ae-404e-b35a-e9ca0b02af0c, raftlog=12f5dd82-e4ae-404e-b35a-e9ca0b02af0c-SegmentedRaftLog:OPENED:c-1,f-1,i0, conf=-1: [b56c3050-e7d5-43b7-8d2e-a575394b13c1:192.168.69.96:44905, 12f5dd82-e4ae-404e-b35a-e9ca0b02af0c:192.168.69.96:42019, 63dd3901-f8a4-46fd-9ca1-94af92e34249:192.168.69.96:40777], old=null
2019-07-13 09:16:10,857 INFO  impl.RoleInfo (RoleInfo.java:shutdownLeaderElection(134)) - 12f5dd82-e4ae-404e-b35a-e9ca0b02af0c: shutdown LeaderElection
2019-07-13 09:16:10,858 INFO  impl.LeaderElection (LeaderElection.java:logAndReturn(56)) - 63dd3901-f8a4-46fd-9ca1-94af92e34249:group-94D12A9E6643:LeaderElection46: Election REJECTED; received 2 response(s) [63dd3901-f8a4-46fd-9ca1-94af92e34249<-b56c3050-e7d5-43b7-8d2e-a575394b13c1#0:FAIL-t1, 63dd3901-f8a4-46fd-9ca1-94af92e34249<-12f5dd82-e4ae-404e-b35a-e9ca0b02af0c#0:FAIL-t1] and 0 exception(s); 63dd3901-f8a4-46fd-9ca1-94af92e34249:t1, leader=null, voted=63dd3901-f8a4-46fd-9ca1-94af92e34249, raftlog=63dd3901-f8a4-46fd-9ca1-94af92e34249-SegmentedRaftLog:OPENED:c-1,f-1,i0, conf=-1: [b56c3050-e7d5-43b7-8d2e-a575394b13c1:192.168.69.96:44905, 12f5dd82-e4ae-404e-b35a-e9ca0b02af0c:192.168.69.96:42019, 63dd3901-f8a4-46fd-9ca1-94af92e34249:192.168.69.96:40777], old=null
2019-07-13 09:16:10,858 INFO  impl.RaftServerImpl (RaftServerImpl.java:setRole(171)) - 12f5dd82-e4ae-404e-b35a-e9ca0b02af0c:group-94D12A9E6643 changes role from CANDIDATE to LEADER at term 1 for changeToLeader
2019-07-13 09:16:10,858 INFO  impl.RaftServerImpl (RaftServerImpl.java:setRole(171)) - 63dd3901-f8a4-46fd-9ca1-94af92e34249:group-94D12A9E6643 changes role from CANDIDATE to FOLLOWER at term 1 for DISCOVERED_A_NEW_TERM
2019-07-13 09:16:10,858 INFO  impl.RaftServerImpl (ServerState.java:setLeader(263)) - 12f5dd82-e4ae-404e-b35a-e9ca0b02af0c:group-94D12A9E6643 change Leader from null to 12f5dd82-e4ae-404e-b35a-e9ca0b02af0c at term 1 for becomeLeader, leader elected after 5117ms
2019-07-13 09:16:10,858 INFO  impl.RoleInfo (RoleInfo.java:shutdownLeaderElection(134)) - 63dd3901-f8a4-46fd-9ca1-94af92e34249: shutdown LeaderElection
2019-07-13 09:16:10,858 INFO  server.RaftServerConfigKeys (ConfUtils.java:logGet(43)) - raft.server.staging.catchup.gap = 1000 (default)
2019-07-13 09:16:10,858 INFO  impl.RoleInfo (RoleInfo.java:updateAndGet(143)) - 63dd3901-f8a4-46fd-9ca1-94af92e34249: start FollowerState
2019-07-13 09:16:10,858 INFO  server.RaftServerConfigKeys (ConfUtils.java:logGet(43)) - raft.server.rpc.sleep.time = 25ms (default)
2019-07-13 09:16:10,859 INFO  server.RaftServerConfigKeys (ConfUtils.java:logGet(43)) - raft.server.write.element-limit = 4096 (default)
2019-07-13 09:16:10,859 INFO  server.RaftServerConfigKeys (ConfUtils.java:logGet(43)) - raft.server.watch.timeout = 10s (default)
2019-07-13 09:16:10,859 INFO  server.RaftServerConfigKeys (ConfUtils.java:logGet(43)) - raft.server.watch.timeout.denomination = 1s (default)
2019-07-13 09:16:10,859 INFO  server.RaftServerConfigKeys (ConfUtils.java:logGet(43)) - raft.server.watch.element-limit = 65536 (default)
2019-07-13 09:16:10,859 INFO  server.RaftServerConfigKeys (ConfUtils.java:logGet(43)) - raft.server.log.appender.snapshot.chunk.size.max = 16MB (=16777216) (default)
2019-07-13 09:16:10,860 INFO  server.RaftServerConfigKeys (ConfUtils.java:logGet(43)) - raft.server.log.appender.buffer.byte-limit = 33554432 (custom)
2019-07-13 09:16:10,860 INFO  server.RaftServerConfigKeys (ConfUtils.java:logGet(43)) - raft.server.log.appender.buffer.element-limit = 1 (custom)
2019-07-13 09:16:10,860 INFO  grpc.GrpcConfigKeys$Server (ConfUtils.java:logGet(43)) - raft.grpc.server.leader.outstanding.appends.max = 128 (default)
2019-07-13 09:16:10,860 INFO  server.RaftServerConfigKeys (ConfUtils.java:logGet(43)) - raft.server.rpc.request.timeout = 3000ms (default)
2019-07-13 09:16:10,860 INFO  server.RaftServerConfigKeys (ConfUtils.java:logGet(43)) - raft.server.log.appender.install.snapshot.enabled = false (custom)
2019-07-13 09:16:10,861 INFO  server.RaftServerConfigKeys (ConfUtils.java:logGet(43)) - raft.server.log.appender.snapshot.chunk.size.max = 16MB (=16777216) (default)
2019-07-13 09:16:10,861 INFO  server.RaftServerConfigKeys (ConfUtils.java:logGet(43)) - raft.server.log.appender.buffer.byte-limit = 33554432 (custom)
2019-07-13 09:16:10,861 INFO  server.RaftServerConfigKeys (ConfUtils.java:logGet(43)) - raft.server.log.appender.buffer.element-limit = 1 (custom)
2019-07-13 09:16:10,861 INFO  grpc.GrpcConfigKeys$Server (ConfUtils.java:logGet(43)) - raft.grpc.server.leader.outstanding.appends.max = 128 (default)
2019-07-13 09:16:10,861 INFO  server.RaftServerConfigKeys (ConfUtils.java:logGet(43)) - raft.server.rpc.request.timeout = 3000ms (default)
2019-07-13 09:16:10,862 INFO  server.RaftServerConfigKeys (ConfUtils.java:logGet(43)) - raft.server.log.appender.install.snapshot.enabled = false (custom)
2019-07-13 09:16:10,862 INFO  impl.RoleInfo (RoleInfo.java:updateAndGet(143)) - 12f5dd82-e4ae-404e-b35a-e9ca0b02af0c: start LeaderState
2019-07-13 09:16:10,862 INFO  segmented.SegmentedRaftLogWorker (SegmentedRaftLogWorker.java:startLogSegment(380)) - 12f5dd82-e4ae-404e-b35a-e9ca0b02af0c-SegmentedRaftLogWorker:Storage Directory /tmp/workdir/hadoop-ozone/integration-test/target/test-dir/MiniOzoneClusterImpl-92b618a0-2021-43d7-b9f6-a6987319673f/datanode-1/data/ratis/e210bc5f-1b98-4bf0-99db-94d12a9e6643: Starting segment from index:0
2019-07-13 09:16:10,863 INFO  impl.RaftServerImpl (ServerState.java:setRaftConf(361)) - 12f5dd82-e4ae-404e-b35a-e9ca0b02af0c:group-94D12A9E6643 set configuration 0: [b56c3050-e7d5-43b7-8d2e-a575394b13c1:192.168.69.96:44905, 12f5dd82-e4ae-404e-b35a-e9ca0b02af0c:192.168.69.96:42019, 63dd3901-f8a4-46fd-9ca1-94af92e34249:192.168.69.96:40777], old=null at 0
2019-07-13 09:16:10,866 INFO  impl.RaftServerImpl (ServerState.java:setLeader(263)) - b56c3050-e7d5-43b7-8d2e-a575394b13c1:group-94D12A9E6643 change Leader from null to 12f5dd82-e4ae-404e-b35a-e9ca0b02af0c at term 1 for appendEntries, leader elected after 5125ms
2019-07-13 09:16:10,866 INFO  impl.RaftServerImpl (ServerState.java:setLeader(263)) - 63dd3901-f8a4-46fd-9ca1-94af92e34249:group-94D12A9E6643 change Leader from null to 12f5dd82-e4ae-404e-b35a-e9ca0b02af0c at term 1 for appendEntries, leader elected after 5125ms
2019-07-13 09:16:10,870 INFO  impl.RaftServerImpl (ServerState.java:setRaftConf(361)) - 63dd3901-f8a4-46fd-9ca1-94af92e34249:group-94D12A9E6643 set configuration 0: [b56c3050-e7d5-43b7-8d2e-a575394b13c1:192.168.69.96:44905, 12f5dd82-e4ae-404e-b35a-e9ca0b02af0c:192.168.69.96:42019, 63dd3901-f8a4-46fd-9ca1-94af92e34249:192.168.69.96:40777], old=null at 0
2019-07-13 09:16:10,870 INFO  impl.RaftServerImpl (ServerState.java:setRaftConf(361)) - b56c3050-e7d5-43b7-8d2e-a575394b13c1:group-94D12A9E6643 set configuration 0: [b56c3050-e7d5-43b7-8d2e-a575394b13c1:192.168.69.96:44905, 12f5dd82-e4ae-404e-b35a-e9ca0b02af0c:192.168.69.96:42019, 63dd3901-f8a4-46fd-9ca1-94af92e34249:192.168.69.96:40777], old=null at 0
2019-07-13 09:16:10,870 INFO  segmented.SegmentedRaftLogWorker (SegmentedRaftLogWorker.java:startLogSegment(380)) - 63dd3901-f8a4-46fd-9ca1-94af92e34249-SegmentedRaftLogWorker:Storage Directory /tmp/workdir/hadoop-ozone/integration-test/target/test-dir/MiniOzoneClusterImpl-92b618a0-2021-43d7-b9f6-a6987319673f/datanode-2/data/ratis/e210bc5f-1b98-4bf0-99db-94d12a9e6643: Starting segment from index:0
2019-07-13 09:16:10,871 INFO  segmented.SegmentedRaftLogWorker (SegmentedRaftLogWorker.java:startLogSegment(380)) - b56c3050-e7d5-43b7-8d2e-a575394b13c1-SegmentedRaftLogWorker:Storage Directory /tmp/workdir/hadoop-ozone/integration-test/target/test-dir/MiniOzoneClusterImpl-92b618a0-2021-43d7-b9f6-a6987319673f/datanode-0/data/ratis/e210bc5f-1b98-4bf0-99db-94d12a9e6643: Starting segment from index:0
2019-07-13 09:16:10,895 INFO  segmented.SegmentedRaftLogWorker (SegmentedRaftLogWorker.java:execute(569)) - 63dd3901-f8a4-46fd-9ca1-94af92e34249-SegmentedRaftLogWorker:Storage Directory /tmp/workdir/hadoop-ozone/integration-test/target/test-dir/MiniOzoneClusterImpl-92b618a0-2021-43d7-b9f6-a6987319673f/datanode-2/data/ratis/e210bc5f-1b98-4bf0-99db-94d12a9e6643: created new log segment /tmp/workdir/hadoop-ozone/integration-test/target/test-dir/MiniOzoneClusterImpl-92b618a0-2021-43d7-b9f6-a6987319673f/datanode-2/data/ratis/e210bc5f-1b98-4bf0-99db-94d12a9e6643/current/log_inprogress_0
2019-07-13 09:16:10,895 INFO  segmented.SegmentedRaftLogWorker (SegmentedRaftLogWorker.java:execute(569)) - 12f5dd82-e4ae-404e-b35a-e9ca0b02af0c-SegmentedRaftLogWorker:Storage Directory /tmp/workdir/hadoop-ozone/integration-test/target/test-dir/MiniOzoneClusterImpl-92b618a0-2021-43d7-b9f6-a6987319673f/datanode-1/data/ratis/e210bc5f-1b98-4bf0-99db-94d12a9e6643: created new log segment /tmp/workdir/hadoop-ozone/integration-test/target/test-dir/MiniOzoneClusterImpl-92b618a0-2021-43d7-b9f6-a6987319673f/datanode-1/data/ratis/e210bc5f-1b98-4bf0-99db-94d12a9e6643/current/log_inprogress_0
2019-07-13 09:16:10,895 INFO  segmented.SegmentedRaftLogWorker (SegmentedRaftLogWorker.java:execute(569)) - b56c3050-e7d5-43b7-8d2e-a575394b13c1-SegmentedRaftLogWorker:Storage Directory /tmp/workdir/hadoop-ozone/integration-test/target/test-dir/MiniOzoneClusterImpl-92b618a0-2021-43d7-b9f6-a6987319673f/datanode-0/data/ratis/e210bc5f-1b98-4bf0-99db-94d12a9e6643: created new log segment /tmp/workdir/hadoop-ozone/integration-test/target/test-dir/MiniOzoneClusterImpl-92b618a0-2021-43d7-b9f6-a6987319673f/datanode-0/data/ratis/e210bc5f-1b98-4bf0-99db-94d12a9e6643/current/log_inprogress_0
2019-07-13 09:16:10,991 INFO  impl.FollowerState (FollowerState.java:run(106)) - f32e78eb-8ace-4da1-be61-402c772c2dbc:group-C999D86C376B changes to CANDIDATE, lastRpcTime:5145, electionTimeout:5145ms
2019-07-13 09:16:10,991 INFO  impl.RoleInfo (RoleInfo.java:shutdownFollowerState(121)) - f32e78eb-8ace-4da1-be61-402c772c2dbc: shutdown FollowerState
2019-07-13 09:16:10,991 INFO  impl.RaftServerImpl (RaftServerImpl.java:setRole(171)) - f32e78eb-8ace-4da1-be61-402c772c2dbc:group-C999D86C376B changes role from FOLLOWER to CANDIDATE at term 0 for changeToCandidate
2019-07-13 09:16:10,991 INFO  impl.RoleInfo (RoleInfo.java:updateAndGet(143)) - f32e78eb-8ace-4da1-be61-402c772c2dbc: start LeaderElection
2019-07-13 09:16:11,010 INFO  impl.LeaderElection (LeaderElection.java:askForVotes(181)) - f32e78eb-8ace-4da1-be61-402c772c2dbc:group-C999D86C376B:LeaderElection47: begin an election at term 1 for -1: [f32e78eb-8ace-4da1-be61-402c772c2dbc:192.168.69.96:39915], old=null
2019-07-13 09:16:11,010 INFO  impl.RoleInfo (RoleInfo.java:shutdownLeaderElection(134)) - f32e78eb-8ace-4da1-be61-402c772c2dbc: shutdown LeaderElection
2019-07-13 09:16:11,010 INFO  impl.RaftServerImpl (RaftServerImpl.java:setRole(171)) - f32e78eb-8ace-4da1-be61-402c772c2dbc:group-C999D86C376B changes role from CANDIDATE to LEADER at term 1 for changeToLeader
2019-07-13 09:16:11,010 INFO  impl.RaftServerImpl (ServerState.java:setLeader(263)) - f32e78eb-8ace-4da1-be61-402c772c2dbc:group-C999D86C376B change Leader from null to f32e78eb-8ace-4da1-be61-402c772c2dbc at term 1 for becomeLeader, leader elected after 5169ms
2019-07-13 09:16:11,010 INFO  impl.FollowerState (FollowerState.java:run(106)) - af8cb241-e95a-4041-9c02-16b1a4e582f8:group-AE6611D1F30C changes to CANDIDATE, lastRpcTime:5003, electionTimeout:5003ms
2019-07-13 09:16:11,012 INFO  server.RaftServerConfigKeys (ConfUtils.java:logGet(43)) - raft.server.staging.catchup.gap = 1000 (default)
2019-07-13 09:16:11,012 INFO  impl.RoleInfo (RoleInfo.java:shutdownFollowerState(121)) - af8cb241-e95a-4041-9c02-16b1a4e582f8: shutdown FollowerState
2019-07-13 09:16:11,013 INFO  server.RaftServerConfigKeys (ConfUtils.java:logGet(43)) - raft.server.rpc.sleep.time = 25ms (default)
2019-07-13 09:16:11,013 INFO  impl.RaftServerImpl (RaftServerImpl.java:setRole(171)) - af8cb241-e95a-4041-9c02-16b1a4e582f8:group-AE6611D1F30C changes role from FOLLOWER to CANDIDATE at term 0 for changeToCandidate
2019-07-13 09:16:11,013 INFO  server.RaftServerConfigKeys (ConfUtils.java:logGet(43)) - raft.server.write.element-limit = 4096 (default)
2019-07-13 09:16:11,013 INFO  impl.RoleInfo (RoleInfo.java:updateAndGet(143)) - af8cb241-e95a-4041-9c02-16b1a4e582f8: start LeaderElection
2019-07-13 09:16:11,013 INFO  server.RaftServerConfigKeys (ConfUtils.java:logGet(43)) - raft.server.watch.timeout = 10s (default)
2019-07-13 09:16:11,013 INFO  server.RaftServerConfigKeys (ConfUtils.java:logGet(43)) - raft.server.watch.timeout.denomination = 1s (default)
2019-07-13 09:16:11,014 INFO  server.RaftServerConfigKeys (ConfUtils.java:logGet(43)) - raft.server.watch.element-limit = 65536 (default)
2019-07-13 09:16:11,019 INFO  impl.RoleInfo (RoleInfo.java:updateAndGet(143)) - f32e78eb-8ace-4da1-be61-402c772c2dbc: start LeaderState
2019-07-13 09:16:11,019 INFO  segmented.SegmentedRaftLogWorker (SegmentedRaftLogWorker.java:startLogSegment(380)) - f32e78eb-8ace-4da1-be61-402c772c2dbc-SegmentedRaftLogWorker:Storage Directory /tmp/workdir/hadoop-ozone/integration-test/target/test-dir/MiniOzoneClusterImpl-92b618a0-2021-43d7-b9f6-a6987319673f/datanode-3/data/ratis/422aacda-95fe-4270-83b2-c999d86c376b: Starting segment from index:0
2019-07-13 09:16:11,020 INFO  impl.RaftServerImpl (ServerState.java:setRaftConf(361)) - f32e78eb-8ace-4da1-be61-402c772c2dbc:group-C999D86C376B set configuration 0: [f32e78eb-8ace-4da1-be61-402c772c2dbc:192.168.69.96:39915], old=null at 0
2019-07-13 09:16:11,032 INFO  impl.LeaderElection (LeaderElection.java:askForVotes(181)) - af8cb241-e95a-4041-9c02-16b1a4e582f8:group-AE6611D1F30C:LeaderElection48: begin an election at term 1 for -1: [af8cb241-e95a-4041-9c02-16b1a4e582f8:192.168.69.96:37677], old=null
2019-07-13 09:16:11,033 INFO  impl.RoleInfo (RoleInfo.java:shutdownLeaderElection(134)) - af8cb241-e95a-4041-9c02-16b1a4e582f8: shutdown LeaderElection
2019-07-13 09:16:11,033 INFO  impl.RaftServerImpl (RaftServerImpl.java:setRole(171)) - af8cb241-e95a-4041-9c02-16b1a4e582f8:group-AE6611D1F30C changes role from CANDIDATE to LEADER at term 1 for changeToLeader
2019-07-13 09:16:11,033 INFO  impl.RaftServerImpl (ServerState.java:setLeader(263)) - af8cb241-e95a-4041-9c02-16b1a4e582f8:group-AE6611D1F30C change Leader from null to af8cb241-e95a-4041-9c02-16b1a4e582f8 at term 1 for becomeLeader, leader elected after 5030ms
2019-07-13 09:16:11,041 INFO  server.RaftServerConfigKeys (ConfUtils.java:logGet(43)) - raft.server.staging.catchup.gap = 1000 (default)
2019-07-13 09:16:11,041 INFO  server.RaftServerConfigKeys (ConfUtils.java:logGet(43)) - raft.server.rpc.sleep.time = 25ms (default)
2019-07-13 09:16:11,041 INFO  server.RaftServerConfigKeys (ConfUtils.java:logGet(43)) - raft.server.write.element-limit = 4096 (default)
2019-07-13 09:16:11,041 INFO  server.RaftServerConfigKeys (ConfUtils.java:logGet(43)) - raft.server.watch.timeout = 10s (default)
2019-07-13 09:16:11,042 INFO  server.RaftServerConfigKeys (ConfUtils.java:logGet(43)) - raft.server.watch.timeout.denomination = 1s (default)
2019-07-13 09:16:11,042 INFO  server.RaftServerConfigKeys (ConfUtils.java:logGet(43)) - raft.server.watch.element-limit = 65536 (default)
2019-07-13 09:16:11,042 INFO  impl.RoleInfo (RoleInfo.java:updateAndGet(143)) - af8cb241-e95a-4041-9c02-16b1a4e582f8: start LeaderState
2019-07-13 09:16:11,042 INFO  segmented.SegmentedRaftLogWorker (SegmentedRaftLogWorker.java:startLogSegment(380)) - af8cb241-e95a-4041-9c02-16b1a4e582f8-SegmentedRaftLogWorker:Storage Directory /tmp/workdir/hadoop-ozone/integration-test/target/test-dir/MiniOzoneClusterImpl-92b618a0-2021-43d7-b9f6-a6987319673f/datanode-4/data/ratis/801c3359-64ed-445d-bdcc-ae6611d1f30c: Starting segment from index:0
2019-07-13 09:16:11,043 INFO  impl.RaftServerImpl (ServerState.java:setRaftConf(361)) - af8cb241-e95a-4041-9c02-16b1a4e582f8:group-AE6611D1F30C set configuration 0: [af8cb241-e95a-4041-9c02-16b1a4e582f8:192.168.69.96:37677], old=null at 0
2019-07-13 09:16:11,054 INFO  segmented.SegmentedRaftLogWorker (SegmentedRaftLogWorker.java:execute(569)) - f32e78eb-8ace-4da1-be61-402c772c2dbc-SegmentedRaftLogWorker:Storage Directory /tmp/workdir/hadoop-ozone/integration-test/target/test-dir/MiniOzoneClusterImpl-92b618a0-2021-43d7-b9f6-a6987319673f/datanode-3/data/ratis/422aacda-95fe-4270-83b2-c999d86c376b: created new log segment /tmp/workdir/hadoop-ozone/integration-test/target/test-dir/MiniOzoneClusterImpl-92b618a0-2021-43d7-b9f6-a6987319673f/datanode-3/data/ratis/422aacda-95fe-4270-83b2-c999d86c376b/current/log_inprogress_0
2019-07-13 09:16:11,075 INFO  segmented.SegmentedRaftLogWorker (SegmentedRaftLogWorker.java:execute(569)) - af8cb241-e95a-4041-9c02-16b1a4e582f8-SegmentedRaftLogWorker:Storage Directory /tmp/workdir/hadoop-ozone/integration-test/target/test-dir/MiniOzoneClusterImpl-92b618a0-2021-43d7-b9f6-a6987319673f/datanode-4/data/ratis/801c3359-64ed-445d-bdcc-ae6611d1f30c: created new log segment /tmp/workdir/hadoop-ozone/integration-test/target/test-dir/MiniOzoneClusterImpl-92b618a0-2021-43d7-b9f6-a6987319673f/datanode-4/data/ratis/801c3359-64ed-445d-bdcc-ae6611d1f30c/current/log_inprogress_0
2019-07-13 09:16:11,197 INFO  impl.FollowerState (FollowerState.java:run(106)) - b1cf789f-56ae-4e76-ab41-e93215d4786a:group-FD20E7E1F9C3 changes to CANDIDATE, lastRpcTime:5016, electionTimeout:5016ms
2019-07-13 09:16:11,197 INFO  impl.RoleInfo (RoleInfo.java:shutdownFollowerState(121)) - b1cf789f-56ae-4e76-ab41-e93215d4786a: shutdown FollowerState
2019-07-13 09:16:11,197 INFO  impl.RaftServerImpl (RaftServerImpl.java:setRole(171)) - b1cf789f-56ae-4e76-ab41-e93215d4786a:group-FD20E7E1F9C3 changes role from FOLLOWER to CANDIDATE at term 0 for changeToCandidate
2019-07-13 09:16:11,197 INFO  impl.RoleInfo (RoleInfo.java:updateAndGet(143)) - b1cf789f-56ae-4e76-ab41-e93215d4786a: start LeaderElection
2019-07-13 09:16:11,215 INFO  impl.LeaderElection (LeaderElection.java:askForVotes(181)) - b1cf789f-56ae-4e76-ab41-e93215d4786a:group-FD20E7E1F9C3:LeaderElection49: begin an election at term 1 for -1: [b1cf789f-56ae-4e76-ab41-e93215d4786a:192.168.69.96:39268], old=null
2019-07-13 09:16:11,216 INFO  impl.RoleInfo (RoleInfo.java:shutdownLeaderElection(134)) - b1cf789f-56ae-4e76-ab41-e93215d4786a: shutdown LeaderElection
2019-07-13 09:16:11,216 INFO  impl.RaftServerImpl (RaftServerImpl.java:setRole(171)) - b1cf789f-56ae-4e76-ab41-e93215d4786a:group-FD20E7E1F9C3 changes role from CANDIDATE to LEADER at term 1 for changeToLeader
2019-07-13 09:16:11,216 INFO  impl.RaftServerImpl (ServerState.java:setLeader(263)) - b1cf789f-56ae-4e76-ab41-e93215d4786a:group-FD20E7E1F9C3 change Leader from null to b1cf789f-56ae-4e76-ab41-e93215d4786a at term 1 for becomeLeader, leader elected after 5040ms
2019-07-13 09:16:11,218 INFO  server.RaftServerConfigKeys (ConfUtils.java:logGet(43)) - raft.server.staging.catchup.gap = 1000 (default)
2019-07-13 09:16:11,219 INFO  server.RaftServerConfigKeys (ConfUtils.java:logGet(43)) - raft.server.rpc.sleep.time = 25ms (default)
2019-07-13 09:16:11,219 INFO  server.RaftServerConfigKeys (ConfUtils.java:logGet(43)) - raft.server.write.element-limit = 4096 (default)
2019-07-13 09:16:11,219 INFO  server.RaftServerConfigKeys (ConfUtils.java:logGet(43)) - raft.server.watch.timeout = 10s (default)
2019-07-13 09:16:11,219 INFO  server.RaftServerConfigKeys (ConfUtils.java:logGet(43)) - raft.server.watch.timeout.denomination = 1s (default)
2019-07-13 09:16:11,219 INFO  server.RaftServerConfigKeys (ConfUtils.java:logGet(43)) - raft.server.watch.element-limit = 65536 (default)
2019-07-13 09:16:11,219 INFO  impl.RoleInfo (RoleInfo.java:updateAndGet(143)) - b1cf789f-56ae-4e76-ab41-e93215d4786a: start LeaderState
2019-07-13 09:16:11,220 INFO  segmented.SegmentedRaftLogWorker (SegmentedRaftLogWorker.java:startLogSegment(380)) - b1cf789f-56ae-4e76-ab41-e93215d4786a-SegmentedRaftLogWorker:Storage Directory /tmp/workdir/hadoop-ozone/integration-test/target/test-dir/MiniOzoneClusterImpl-92b618a0-2021-43d7-b9f6-a6987319673f/datanode-5/data/ratis/00d0d9bf-c31d-4445-b761-fd20e7e1f9c3: Starting segment from index:0
2019-07-13 09:16:11,220 INFO  impl.RaftServerImpl (ServerState.java:setRaftConf(361)) - b1cf789f-56ae-4e76-ab41-e93215d4786a:group-FD20E7E1F9C3 set configuration 0: [b1cf789f-56ae-4e76-ab41-e93215d4786a:192.168.69.96:39268], old=null at 0
2019-07-13 09:16:11,252 INFO  segmented.SegmentedRaftLogWorker (SegmentedRaftLogWorker.java:execute(569)) - b1cf789f-56ae-4e76-ab41-e93215d4786a-SegmentedRaftLogWorker:Storage Directory /tmp/workdir/hadoop-ozone/integration-test/target/test-dir/MiniOzoneClusterImpl-92b618a0-2021-43d7-b9f6-a6987319673f/datanode-5/data/ratis/00d0d9bf-c31d-4445-b761-fd20e7e1f9c3: created new log segment /tmp/workdir/hadoop-ozone/integration-test/target/test-dir/MiniOzoneClusterImpl-92b618a0-2021-43d7-b9f6-a6987319673f/datanode-5/data/ratis/00d0d9bf-c31d-4445-b761-fd20e7e1f9c3/current/log_inprogress_0
2019-07-13 09:16:11,253 INFO  impl.FollowerState (FollowerState.java:run(106)) - af8cb241-e95a-4041-9c02-16b1a4e582f8:group-EEDAE6C705A4 changes to CANDIDATE, lastRpcTime:5007, electionTimeout:5007ms
2019-07-13 09:16:11,253 INFO  impl.RoleInfo (RoleInfo.java:shutdownFollowerState(121)) - af8cb241-e95a-4041-9c02-16b1a4e582f8: shutdown FollowerState
2019-07-13 09:16:11,253 INFO  impl.RaftServerImpl (RaftServerImpl.java:setRole(171)) - af8cb241-e95a-4041-9c02-16b1a4e582f8:group-EEDAE6C705A4 changes role from FOLLOWER to CANDIDATE at term 0 for changeToCandidate
2019-07-13 09:16:11,254 INFO  impl.RoleInfo (RoleInfo.java:updateAndGet(143)) - af8cb241-e95a-4041-9c02-16b1a4e582f8: start LeaderElection
2019-07-13 09:16:11,265 INFO  impl.LeaderElection (LeaderElection.java:askForVotes(181)) - af8cb241-e95a-4041-9c02-16b1a4e582f8:group-EEDAE6C705A4:LeaderElection50: begin an election at term 1 for -1: [f32e78eb-8ace-4da1-be61-402c772c2dbc:192.168.69.96:39915, af8cb241-e95a-4041-9c02-16b1a4e582f8:192.168.69.96:37677, b1cf789f-56ae-4e76-ab41-e93215d4786a:192.168.69.96:39268], old=null
2019-07-13 09:16:11,270 INFO  impl.FollowerState (FollowerState.java:run(106)) - b1cf789f-56ae-4e76-ab41-e93215d4786a:group-EEDAE6C705A4 changes to CANDIDATE, lastRpcTime:5031, electionTimeout:5029ms
2019-07-13 09:16:11,270 INFO  impl.RoleInfo (RoleInfo.java:shutdownFollowerState(121)) - b1cf789f-56ae-4e76-ab41-e93215d4786a: shutdown FollowerState
2019-07-13 09:16:11,270 INFO  impl.RaftServerImpl (RaftServerImpl.java:setRole(171)) - b1cf789f-56ae-4e76-ab41-e93215d4786a:group-EEDAE6C705A4 changes role from FOLLOWER to CANDIDATE at term 0 for changeToCandidate
2019-07-13 09:16:11,270 INFO  impl.RoleInfo (RoleInfo.java:updateAndGet(143)) - b1cf789f-56ae-4e76-ab41-e93215d4786a: start LeaderElection
2019-07-13 09:16:11,280 INFO  impl.RaftServerImpl (RaftServerImpl.java:setRole(171)) - f32e78eb-8ace-4da1-be61-402c772c2dbc:group-EEDAE6C705A4 changes role from FOLLOWER to FOLLOWER at term 1 for recognizeCandidate:af8cb241-e95a-4041-9c02-16b1a4e582f8
2019-07-13 09:16:11,280 INFO  impl.RoleInfo (RoleInfo.java:shutdownFollowerState(121)) - f32e78eb-8ace-4da1-be61-402c772c2dbc: shutdown FollowerState
2019-07-13 09:16:11,280 INFO  impl.RoleInfo (RoleInfo.java:updateAndGet(143)) - f32e78eb-8ace-4da1-be61-402c772c2dbc: start FollowerState
2019-07-13 09:16:11,280 INFO  impl.FollowerState (FollowerState.java:run(114)) - f32e78eb-8ace-4da1-be61-402c772c2dbc: FollowerState was interrupted: java.lang.InterruptedException: sleep interrupted
2019-07-13 09:16:11,289 INFO  impl.LeaderElection (LeaderElection.java:askForVotes(181)) - b1cf789f-56ae-4e76-ab41-e93215d4786a:group-EEDAE6C705A4:LeaderElection51: begin an election at term 1 for -1: [f32e78eb-8ace-4da1-be61-402c772c2dbc:192.168.69.96:39915, af8cb241-e95a-4041-9c02-16b1a4e582f8:192.168.69.96:37677, b1cf789f-56ae-4e76-ab41-e93215d4786a:192.168.69.96:39268], old=null
2019-07-13 09:16:11,295 INFO  impl.LeaderElection (LeaderElection.java:logAndReturn(56)) - af8cb241-e95a-4041-9c02-16b1a4e582f8:group-EEDAE6C705A4:LeaderElection50: Election PASSED; received 2 response(s) [af8cb241-e95a-4041-9c02-16b1a4e582f8<-f32e78eb-8ace-4da1-be61-402c772c2dbc#0:OK-t1, af8cb241-e95a-4041-9c02-16b1a4e582f8<-b1cf789f-56ae-4e76-ab41-e93215d4786a#0:FAIL-t1] and 0 exception(s); af8cb241-e95a-4041-9c02-16b1a4e582f8:t1, leader=null, voted=af8cb241-e95a-4041-9c02-16b1a4e582f8, raftlog=af8cb241-e95a-4041-9c02-16b1a4e582f8-SegmentedRaftLog:OPENED:c-1,f-1,i0, conf=-1: [f32e78eb-8ace-4da1-be61-402c772c2dbc:192.168.69.96:39915, af8cb241-e95a-4041-9c02-16b1a4e582f8:192.168.69.96:37677, b1cf789f-56ae-4e76-ab41-e93215d4786a:192.168.69.96:39268], old=null
2019-07-13 09:16:11,296 INFO  impl.RoleInfo (RoleInfo.java:shutdownLeaderElection(134)) - af8cb241-e95a-4041-9c02-16b1a4e582f8: shutdown LeaderElection
2019-07-13 09:16:11,296 INFO  impl.RaftServerImpl (RaftServerImpl.java:setRole(171)) - af8cb241-e95a-4041-9c02-16b1a4e582f8:group-EEDAE6C705A4 changes role from CANDIDATE to LEADER at term 1 for changeToLeader
2019-07-13 09:16:11,296 INFO  impl.RaftServerImpl (ServerState.java:setLeader(263)) - af8cb241-e95a-4041-9c02-16b1a4e582f8:group-EEDAE6C705A4 change Leader from null to af8cb241-e95a-4041-9c02-16b1a4e582f8 at term 1 for becomeLeader, leader elected after 5063ms
2019-07-13 09:16:11,296 INFO  server.RaftServerConfigKeys (ConfUtils.java:logGet(43)) - raft.server.staging.catchup.gap = 1000 (default)
2019-07-13 09:16:11,296 INFO  server.RaftServerConfigKeys (ConfUtils.java:logGet(43)) - raft.server.rpc.sleep.time = 25ms (default)
2019-07-13 09:16:11,296 INFO  server.RaftServerConfigKeys (ConfUtils.java:logGet(43)) - raft.server.write.element-limit = 4096 (default)
2019-07-13 09:16:11,297 INFO  server.RaftServerConfigKeys (ConfUtils.java:logGet(43)) - raft.server.watch.timeout = 10s (default)
2019-07-13 09:16:11,297 INFO  server.RaftServerConfigKeys (ConfUtils.java:logGet(43)) - raft.server.watch.timeout.denomination = 1s (default)
2019-07-13 09:16:11,297 INFO  server.RaftServerConfigKeys (ConfUtils.java:logGet(43)) - raft.server.watch.element-limit = 65536 (default)
2019-07-13 09:16:11,297 INFO  server.RaftServerConfigKeys (ConfUtils.java:logGet(43)) - raft.server.log.appender.snapshot.chunk.size.max = 16MB (=16777216) (default)
2019-07-13 09:16:11,297 INFO  server.RaftServerConfigKeys (ConfUtils.java:logGet(43)) - raft.server.log.appender.buffer.byte-limit = 33554432 (custom)
2019-07-13 09:16:11,298 INFO  server.RaftServerConfigKeys (ConfUtils.java:logGet(43)) - raft.server.log.appender.buffer.element-limit = 1 (custom)
2019-07-13 09:16:11,298 INFO  grpc.GrpcConfigKeys$Server (ConfUtils.java:logGet(43)) - raft.grpc.server.leader.outstanding.appends.max = 128 (default)
2019-07-13 09:16:11,298 INFO  server.RaftServerConfigKeys (ConfUtils.java:logGet(43)) - raft.server.rpc.request.timeout = 3000ms (default)
2019-07-13 09:16:11,298 INFO  server.RaftServerConfigKeys (ConfUtils.java:logGet(43)) - raft.server.log.appender.install.snapshot.enabled = false (custom)
2019-07-13 09:16:11,301 INFO  server.RaftServerConfigKeys (ConfUtils.java:logGet(43)) - raft.server.log.appender.snapshot.chunk.size.max = 16MB (=16777216) (default)
2019-07-13 09:16:11,301 INFO  server.RaftServerConfigKeys (ConfUtils.java:logGet(43)) - raft.server.log.appender.buffer.byte-limit = 33554432 (custom)
2019-07-13 09:16:11,301 INFO  server.RaftServerConfigKeys (ConfUtils.java:logGet(43)) - raft.server.log.appender.buffer.element-limit = 1 (custom)
2019-07-13 09:16:11,302 INFO  grpc.GrpcConfigKeys$Server (ConfUtils.java:logGet(43)) - raft.grpc.server.leader.outstanding.appends.max = 128 (default)
2019-07-13 09:16:11,302 INFO  server.RaftServerConfigKeys (ConfUtils.java:logGet(43)) - raft.server.rpc.request.timeout = 3000ms (default)
2019-07-13 09:16:11,302 INFO  server.RaftServerConfigKeys (ConfUtils.java:logGet(43)) - raft.server.log.appender.install.snapshot.enabled = false (custom)
2019-07-13 09:16:11,302 INFO  impl.RoleInfo (RoleInfo.java:updateAndGet(143)) - af8cb241-e95a-4041-9c02-16b1a4e582f8: start LeaderState
2019-07-13 09:16:11,302 INFO  segmented.SegmentedRaftLogWorker (SegmentedRaftLogWorker.java:startLogSegment(380)) - af8cb241-e95a-4041-9c02-16b1a4e582f8-SegmentedRaftLogWorker:Storage Directory /tmp/workdir/hadoop-ozone/integration-test/target/test-dir/MiniOzoneClusterImpl-92b618a0-2021-43d7-b9f6-a6987319673f/datanode-4/data/ratis/a530fc7c-6f90-45ca-90bd-eedae6c705a4: Starting segment from index:0
2019-07-13 09:16:11,303 INFO  impl.RaftServerImpl (ServerState.java:setRaftConf(361)) - af8cb241-e95a-4041-9c02-16b1a4e582f8:group-EEDAE6C705A4 set configuration 0: [f32e78eb-8ace-4da1-be61-402c772c2dbc:192.168.69.96:39915, af8cb241-e95a-4041-9c02-16b1a4e582f8:192.168.69.96:37677, b1cf789f-56ae-4e76-ab41-e93215d4786a:192.168.69.96:39268], old=null at 0
2019-07-13 09:16:11,304 INFO  impl.RaftServerImpl (RaftServerImpl.java:requestVote(754)) - af8cb241-e95a-4041-9c02-16b1a4e582f8-LEADER: Withhold vote from candidate b1cf789f-56ae-4e76-ab41-e93215d4786a with term 1. State: leader=af8cb241-e95a-4041-9c02-16b1a4e582f8, term=1, lastRpcElapsed=null
2019-07-13 09:16:11,323 INFO  impl.RaftServerImpl (ServerState.java:setLeader(263)) - f32e78eb-8ace-4da1-be61-402c772c2dbc:group-EEDAE6C705A4 change Leader from null to af8cb241-e95a-4041-9c02-16b1a4e582f8 at term 1 for appendEntries, leader elected after 5090ms
2019-07-13 09:16:11,324 INFO  impl.RaftServerImpl (RaftServerImpl.java:setRole(171)) - b1cf789f-56ae-4e76-ab41-e93215d4786a:group-EEDAE6C705A4 changes role from CANDIDATE to FOLLOWER at term 1 for appendEntries
2019-07-13 09:16:11,339 INFO  impl.RoleInfo (RoleInfo.java:shutdownLeaderElection(134)) - b1cf789f-56ae-4e76-ab41-e93215d4786a: shutdown LeaderElection
2019-07-13 09:16:11,339 INFO  segmented.SegmentedRaftLogWorker (SegmentedRaftLogWorker.java:execute(569)) - af8cb241-e95a-4041-9c02-16b1a4e582f8-SegmentedRaftLogWorker:Storage Directory /tmp/workdir/hadoop-ozone/integration-test/target/test-dir/MiniOzoneClusterImpl-92b618a0-2021-43d7-b9f6-a6987319673f/datanode-4/data/ratis/a530fc7c-6f90-45ca-90bd-eedae6c705a4: created new log segment /tmp/workdir/hadoop-ozone/integration-test/target/test-dir/MiniOzoneClusterImpl-92b618a0-2021-43d7-b9f6-a6987319673f/datanode-4/data/ratis/a530fc7c-6f90-45ca-90bd-eedae6c705a4/current/log_inprogress_0
2019-07-13 09:16:11,340 INFO  impl.RoleInfo (RoleInfo.java:updateAndGet(143)) - b1cf789f-56ae-4e76-ab41-e93215d4786a: start FollowerState
2019-07-13 09:16:11,340 INFO  impl.LeaderElection (LeaderElection.java:logAndReturn(56)) - b1cf789f-56ae-4e76-ab41-e93215d4786a:group-EEDAE6C705A4:LeaderElection51: Election REJECTED; received 2 response(s) [b1cf789f-56ae-4e76-ab41-e93215d4786a<-f32e78eb-8ace-4da1-be61-402c772c2dbc#0:FAIL-t1, b1cf789f-56ae-4e76-ab41-e93215d4786a<-af8cb241-e95a-4041-9c02-16b1a4e582f8#0:FAIL-t1] and 0 exception(s); b1cf789f-56ae-4e76-ab41-e93215d4786a:t1, leader=null, voted=b1cf789f-56ae-4e76-ab41-e93215d4786a, raftlog=b1cf789f-56ae-4e76-ab41-e93215d4786a-SegmentedRaftLog:OPENED:c-1,f-1,i0, conf=-1: [f32e78eb-8ace-4da1-be61-402c772c2dbc:192.168.69.96:39915, af8cb241-e95a-4041-9c02-16b1a4e582f8:192.168.69.96:37677, b1cf789f-56ae-4e76-ab41-e93215d4786a:192.168.69.96:39268], old=null
2019-07-13 09:16:11,340 INFO  impl.RaftServerImpl (ServerState.java:setLeader(263)) - b1cf789f-56ae-4e76-ab41-e93215d4786a:group-EEDAE6C705A4 change Leader from null to af8cb241-e95a-4041-9c02-16b1a4e582f8 at term 1 for appendEntries, leader elected after 5108ms
2019-07-13 09:16:11,341 INFO  impl.RaftServerImpl (ServerState.java:setRaftConf(361)) - f32e78eb-8ace-4da1-be61-402c772c2dbc:group-EEDAE6C705A4 set configuration 0: [f32e78eb-8ace-4da1-be61-402c772c2dbc:192.168.69.96:39915, af8cb241-e95a-4041-9c02-16b1a4e582f8:192.168.69.96:37677, b1cf789f-56ae-4e76-ab41-e93215d4786a:192.168.69.96:39268], old=null at 0
2019-07-13 09:16:11,341 INFO  segmented.SegmentedRaftLogWorker (SegmentedRaftLogWorker.java:startLogSegment(380)) - f32e78eb-8ace-4da1-be61-402c772c2dbc-SegmentedRaftLogWorker:Storage Directory /tmp/workdir/hadoop-ozone/integration-test/target/test-dir/MiniOzoneClusterImpl-92b618a0-2021-43d7-b9f6-a6987319673f/datanode-3/data/ratis/a530fc7c-6f90-45ca-90bd-eedae6c705a4: Starting segment from index:0
2019-07-13 09:16:11,342 INFO  impl.RaftServerImpl (ServerState.java:setRaftConf(361)) - b1cf789f-56ae-4e76-ab41-e93215d4786a:group-EEDAE6C705A4 set configuration 0: [f32e78eb-8ace-4da1-be61-402c772c2dbc:192.168.69.96:39915, af8cb241-e95a-4041-9c02-16b1a4e582f8:192.168.69.96:37677, b1cf789f-56ae-4e76-ab41-e93215d4786a:192.168.69.96:39268], old=null at 0
2019-07-13 09:16:11,343 INFO  segmented.SegmentedRaftLogWorker (SegmentedRaftLogWorker.java:startLogSegment(380)) - b1cf789f-56ae-4e76-ab41-e93215d4786a-SegmentedRaftLogWorker:Storage Directory /tmp/workdir/hadoop-ozone/integration-test/target/test-dir/MiniOzoneClusterImpl-92b618a0-2021-43d7-b9f6-a6987319673f/datanode-5/data/ratis/a530fc7c-6f90-45ca-90bd-eedae6c705a4: Starting segment from index:0
2019-07-13 09:16:11,370 INFO  segmented.SegmentedRaftLogWorker (SegmentedRaftLogWorker.java:execute(569)) - b1cf789f-56ae-4e76-ab41-e93215d4786a-SegmentedRaftLogWorker:Storage Directory /tmp/workdir/hadoop-ozone/integration-test/target/test-dir/MiniOzoneClusterImpl-92b618a0-2021-43d7-b9f6-a6987319673f/datanode-5/data/ratis/a530fc7c-6f90-45ca-90bd-eedae6c705a4: created new log segment /tmp/workdir/hadoop-ozone/integration-test/target/test-dir/MiniOzoneClusterImpl-92b618a0-2021-43d7-b9f6-a6987319673f/datanode-5/data/ratis/a530fc7c-6f90-45ca-90bd-eedae6c705a4/current/log_inprogress_0
2019-07-13 09:16:11,370 INFO  segmented.SegmentedRaftLogWorker (SegmentedRaftLogWorker.java:execute(569)) - f32e78eb-8ace-4da1-be61-402c772c2dbc-SegmentedRaftLogWorker:Storage Directory /tmp/workdir/hadoop-ozone/integration-test/target/test-dir/MiniOzoneClusterImpl-92b618a0-2021-43d7-b9f6-a6987319673f/datanode-3/data/ratis/a530fc7c-6f90-45ca-90bd-eedae6c705a4: created new log segment /tmp/workdir/hadoop-ozone/integration-test/target/test-dir/MiniOzoneClusterImpl-92b618a0-2021-43d7-b9f6-a6987319673f/datanode-3/data/ratis/a530fc7c-6f90-45ca-90bd-eedae6c705a4/current/log_inprogress_0
2019-07-13 09:16:11,476 INFO  impl.FollowerState (FollowerState.java:run(106)) - 231a7809-3683-49d2-9fc9-79974c1fe57d:group-B00746477F3E changes to CANDIDATE, lastRpcTime:5083, electionTimeout:5083ms
2019-07-13 09:16:11,476 INFO  impl.RoleInfo (RoleInfo.java:shutdownFollowerState(121)) - 231a7809-3683-49d2-9fc9-79974c1fe57d: shutdown FollowerState
2019-07-13 09:16:11,476 INFO  impl.RaftServerImpl (RaftServerImpl.java:setRole(171)) - 231a7809-3683-49d2-9fc9-79974c1fe57d:group-B00746477F3E changes role from FOLLOWER to CANDIDATE at term 0 for changeToCandidate
2019-07-13 09:16:11,476 INFO  impl.RoleInfo (RoleInfo.java:updateAndGet(143)) - 231a7809-3683-49d2-9fc9-79974c1fe57d: start LeaderElection
2019-07-13 09:16:11,485 INFO  impl.LeaderElection (LeaderElection.java:askForVotes(181)) - 231a7809-3683-49d2-9fc9-79974c1fe57d:group-B00746477F3E:LeaderElection52: begin an election at term 1 for -1: [231a7809-3683-49d2-9fc9-79974c1fe57d:192.168.69.96:36781], old=null
2019-07-13 09:16:11,485 INFO  impl.RoleInfo (RoleInfo.java:shutdownLeaderElection(134)) - 231a7809-3683-49d2-9fc9-79974c1fe57d: shutdown LeaderElection
2019-07-13 09:16:11,485 INFO  impl.RaftServerImpl (RaftServerImpl.java:setRole(171)) - 231a7809-3683-49d2-9fc9-79974c1fe57d:group-B00746477F3E changes role from CANDIDATE to LEADER at term 1 for changeToLeader
2019-07-13 09:16:11,485 INFO  impl.RaftServerImpl (ServerState.java:setLeader(263)) - 231a7809-3683-49d2-9fc9-79974c1fe57d:group-B00746477F3E change Leader from null to 231a7809-3683-49d2-9fc9-79974c1fe57d at term 1 for becomeLeader, leader elected after 5098ms
2019-07-13 09:16:11,488 INFO  server.RaftServerConfigKeys (ConfUtils.java:logGet(43)) - raft.server.staging.catchup.gap = 1000 (default)
2019-07-13 09:16:11,488 INFO  server.RaftServerConfigKeys (ConfUtils.java:logGet(43)) - raft.server.rpc.sleep.time = 25ms (default)
2019-07-13 09:16:11,488 INFO  server.RaftServerConfigKeys (ConfUtils.java:logGet(43)) - raft.server.write.element-limit = 4096 (default)
2019-07-13 09:16:11,488 INFO  server.RaftServerConfigKeys (ConfUtils.java:logGet(43)) - raft.server.watch.timeout = 10s (default)
2019-07-13 09:16:11,488 INFO  server.RaftServerConfigKeys (ConfUtils.java:logGet(43)) - raft.server.watch.timeout.denomination = 1s (default)
2019-07-13 09:16:11,488 INFO  server.RaftServerConfigKeys (ConfUtils.java:logGet(43)) - raft.server.watch.element-limit = 65536 (default)
2019-07-13 09:16:11,489 INFO  impl.RoleInfo (RoleInfo.java:updateAndGet(143)) - 231a7809-3683-49d2-9fc9-79974c1fe57d: start LeaderState
2019-07-13 09:16:11,489 INFO  segmented.SegmentedRaftLogWorker (SegmentedRaftLogWorker.java:startLogSegment(380)) - 231a7809-3683-49d2-9fc9-79974c1fe57d-SegmentedRaftLogWorker:Storage Directory /tmp/workdir/hadoop-ozone/integration-test/target/test-dir/MiniOzoneClusterImpl-92b618a0-2021-43d7-b9f6-a6987319673f/datanode-6/data/ratis/a21e7ff4-adc5-4edd-a4a5-b00746477f3e: Starting segment from index:0
2019-07-13 09:16:11,489 INFO  impl.RaftServerImpl (ServerState.java:setRaftConf(361)) - 231a7809-3683-49d2-9fc9-79974c1fe57d:group-B00746477F3E set configuration 0: [231a7809-3683-49d2-9fc9-79974c1fe57d:192.168.69.96:36781], old=null at 0
2019-07-13 09:16:11,520 INFO  segmented.SegmentedRaftLogWorker (SegmentedRaftLogWorker.java:execute(569)) - 231a7809-3683-49d2-9fc9-79974c1fe57d-SegmentedRaftLogWorker:Storage Directory /tmp/workdir/hadoop-ozone/integration-test/target/test-dir/MiniOzoneClusterImpl-92b618a0-2021-43d7-b9f6-a6987319673f/datanode-6/data/ratis/a21e7ff4-adc5-4edd-a4a5-b00746477f3e: created new log segment /tmp/workdir/hadoop-ozone/integration-test/target/test-dir/MiniOzoneClusterImpl-92b618a0-2021-43d7-b9f6-a6987319673f/datanode-6/data/ratis/a21e7ff4-adc5-4edd-a4a5-b00746477f3e/current/log_inprogress_0
2019-07-13 09:16:11,554 INFO  client.GrpcClientProtocolClient (GrpcClientProtocolClient.java:onNext(255)) - client-070BE3A1585E->f32e78eb-8ace-4da1-be61-402c772c2dbc: receive RaftClientReply:client-070BE3A1585E->f32e78eb-8ace-4da1-be61-402c772c2dbc@group-C999D86C376B, cid=140, SUCCESS, logIndex=1, commits[f32e78eb-8ace-4da1-be61-402c772c2dbc:c1]
2019-07-13 09:16:11,575 INFO  client.GrpcClientProtocolClient (GrpcClientProtocolClient.java:onNext(255)) - client-070BE3A1585E->f32e78eb-8ace-4da1-be61-402c772c2dbc: receive RaftClientReply:client-070BE3A1585E->f32e78eb-8ace-4da1-be61-402c772c2dbc@group-C999D86C376B, cid=141, SUCCESS, logIndex=3, commits[f32e78eb-8ace-4da1-be61-402c772c2dbc:c3]
2019-07-13 09:16:11,640 INFO  client.GrpcClientProtocolClient (GrpcClientProtocolClient.java:onNext(255)) - client-070BE3A1585E->f32e78eb-8ace-4da1-be61-402c772c2dbc: receive RaftClientReply:client-070BE3A1585E->f32e78eb-8ace-4da1-be61-402c772c2dbc@group-C999D86C376B, cid=142, SUCCESS, logIndex=4, commits[f32e78eb-8ace-4da1-be61-402c772c2dbc:c9]
2019-07-13 09:16:11,641 INFO  client.GrpcClientProtocolClient (GrpcClientProtocolClient.java:onNext(255)) - client-070BE3A1585E->f32e78eb-8ace-4da1-be61-402c772c2dbc: receive RaftClientReply:client-070BE3A1585E->f32e78eb-8ace-4da1-be61-402c772c2dbc@group-C999D86C376B, cid=143, SUCCESS, logIndex=5, commits[f32e78eb-8ace-4da1-be61-402c772c2dbc:c9]
2019-07-13 09:16:11,642 INFO  client.GrpcClientProtocolClient (GrpcClientProtocolClient.java:onNext(255)) - client-070BE3A1585E->f32e78eb-8ace-4da1-be61-402c772c2dbc: receive RaftClientReply:client-070BE3A1585E->f32e78eb-8ace-4da1-be61-402c772c2dbc@group-C999D86C376B, cid=144, SUCCESS, logIndex=6, commits[f32e78eb-8ace-4da1-be61-402c772c2dbc:c9]
2019-07-13 09:16:11,643 INFO  client.GrpcClientProtocolClient (GrpcClientProtocolClient.java:onNext(255)) - client-070BE3A1585E->f32e78eb-8ace-4da1-be61-402c772c2dbc: receive RaftClientReply:client-070BE3A1585E->f32e78eb-8ace-4da1-be61-402c772c2dbc@group-C999D86C376B, cid=145, SUCCESS, logIndex=7, commits[f32e78eb-8ace-4da1-be61-402c772c2dbc:c9]
2019-07-13 09:16:11,660 INFO  client.GrpcClientProtocolClient (GrpcClientProtocolClient.java:onNext(255)) - client-070BE3A1585E->f32e78eb-8ace-4da1-be61-402c772c2dbc: receive RaftClientReply:client-070BE3A1585E->f32e78eb-8ace-4da1-be61-402c772c2dbc@group-C999D86C376B, cid=146, SUCCESS, logIndex=10, commits[f32e78eb-8ace-4da1-be61-402c772c2dbc:c11]
2019-07-13 09:16:11,660 INFO  client.GrpcClientProtocolClient (GrpcClientProtocolClient.java:onNext(255)) - client-070BE3A1585E->f32e78eb-8ace-4da1-be61-402c772c2dbc: receive RaftClientReply:client-070BE3A1585E->f32e78eb-8ace-4da1-be61-402c772c2dbc@group-C999D86C376B, cid=147, SUCCESS, logIndex=11, commits[f32e78eb-8ace-4da1-be61-402c772c2dbc:c11]
2019-07-13 09:16:11,663 INFO  container.CloseContainerEventHandler (CloseContainerEventHandler.java:onMessage(61)) - Close container Event triggered for container : #1
2019-07-13 09:16:12,867 INFO  interfaces.Container (KeyValueContainer.java:compactDB(356)) - Container 1 is closed with bcsId 11.
09:16:13.166 [grpc-default-executor-8] ERROR DNAudit - user=null | ip=null | op=WRITE_CHUNK {blockData=conID: 1 locID: 102433381902909451 bcsId: 11} | ret=FAILURE
org.apache.hadoop.hdds.scm.container.common.helpers.ContainerNotOpenException: Container 1 in CLOSED state
	at org.apache.hadoop.ozone.container.common.impl.HddsDispatcher.validateContainerCommand(HddsDispatcher.java:408) ~[hadoop-hdds-container-service-0.5.0-SNAPSHOT.jar:?]
	at org.apache.hadoop.ozone.container.common.transport.server.ratis.ContainerStateMachine.startTransaction(ContainerStateMachine.java:271) ~[hadoop-hdds-container-service-0.5.0-SNAPSHOT.jar:?]
	at org.apache.ratis.server.impl.RaftServerImpl.submitClientRequestAsync(RaftServerImpl.java:566) ~[ratis-server-0.4.0-2337318-SNAPSHOT.jar:0.4.0-2337318-SNAPSHOT]
	at org.apache.ratis.server.impl.RaftServerProxy.lambda$submitClientRequestAsync$7(RaftServerProxy.java:333) ~[ratis-server-0.4.0-2337318-SNAPSHOT.jar:0.4.0-2337318-SNAPSHOT]
	at org.apache.ratis.server.impl.RaftServerProxy.lambda$null$5(RaftServerProxy.java:328) ~[ratis-server-0.4.0-2337318-SNAPSHOT.jar:0.4.0-2337318-SNAPSHOT]
	at org.apache.ratis.util.JavaUtils.callAsUnchecked(JavaUtils.java:109) ~[ratis-common-0.4.0-2337318-SNAPSHOT.jar:0.4.0-2337318-SNAPSHOT]
	at org.apache.ratis.server.impl.RaftServerProxy.lambda$submitRequest$6(RaftServerProxy.java:328) ~[ratis-server-0.4.0-2337318-SNAPSHOT.jar:0.4.0-2337318-SNAPSHOT]
	at java.util.concurrent.CompletableFuture.uniComposeStage(CompletableFuture.java:981) ~[?:1.8.0_212]
	at java.util.concurrent.CompletableFuture.thenCompose(CompletableFuture.java:2124) ~[?:1.8.0_212]
	at org.apache.ratis.server.impl.RaftServerProxy.submitRequest(RaftServerProxy.java:327) ~[ratis-server-0.4.0-2337318-SNAPSHOT.jar:0.4.0-2337318-SNAPSHOT]
	at org.apache.ratis.server.impl.RaftServerProxy.submitClientRequestAsync(RaftServerProxy.java:333) ~[ratis-server-0.4.0-2337318-SNAPSHOT.jar:0.4.0-2337318-SNAPSHOT]
	at org.apache.ratis.grpc.client.GrpcClientProtocolService$RequestStreamObserver.processClientRequest(GrpcClientProtocolService.java:220) ~[ratis-grpc-0.4.0-2337318-SNAPSHOT.jar:0.4.0-2337318-SNAPSHOT]
	at org.apache.ratis.grpc.client.GrpcClientProtocolService$OrderedRequestStreamObserver.processClientRequest(GrpcClientProtocolService.java:326) ~[ratis-grpc-0.4.0-2337318-SNAPSHOT.jar:0.4.0-2337318-SNAPSHOT]
	at org.apache.ratis.util.SlidingWindow$Server.processRequestsFromHead(SlidingWindow.java:429) [ratis-common-0.4.0-2337318-SNAPSHOT.jar:0.4.0-2337318-SNAPSHOT]
	at org.apache.ratis.util.SlidingWindow$Server.receivedRequest(SlidingWindow.java:421) [ratis-common-0.4.0-2337318-SNAPSHOT.jar:0.4.0-2337318-SNAPSHOT]
	at org.apache.ratis.grpc.client.GrpcClientProtocolService$OrderedRequestStreamObserver.processClientRequest(GrpcClientProtocolService.java:345) [ratis-grpc-0.4.0-2337318-SNAPSHOT.jar:0.4.0-2337318-SNAPSHOT]
	at org.apache.ratis.grpc.client.GrpcClientProtocolService$RequestStreamObserver.onNext(GrpcClientProtocolService.java:240) [ratis-grpc-0.4.0-2337318-SNAPSHOT.jar:0.4.0-2337318-SNAPSHOT]
	at org.apache.ratis.grpc.client.GrpcClientProtocolService$RequestStreamObserver.onNext(GrpcClientProtocolService.java:168) [ratis-grpc-0.4.0-2337318-SNAPSHOT.jar:0.4.0-2337318-SNAPSHOT]
	at org.apache.ratis.thirdparty.io.grpc.stub.ServerCalls$StreamingServerCallHandler$StreamingServerCallListener.onMessage(ServerCalls.java:248) [ratis-thirdparty-misc-0.2.0.jar:0.2.0]
	at org.apache.ratis.thirdparty.io.grpc.internal.ServerCallImpl$ServerStreamListenerImpl.messagesAvailable(ServerCallImpl.java:263) [ratis-thirdparty-misc-0.2.0.jar:0.2.0]
	at org.apache.ratis.thirdparty.io.grpc.internal.ServerImpl$JumpToApplicationThreadServerStreamListener$1MessagesAvailable.runInContext(ServerImpl.java:686) [ratis-thirdparty-misc-0.2.0.jar:0.2.0]
	at org.apache.ratis.thirdparty.io.grpc.internal.ContextRunnable.run(ContextRunnable.java:37) [ratis-thirdparty-misc-0.2.0.jar:0.2.0]
	at org.apache.ratis.thirdparty.io.grpc.internal.SerializingExecutor.run(SerializingExecutor.java:123) [ratis-thirdparty-misc-0.2.0.jar:0.2.0]
	at java.util.concurrent.ThreadPoolExecutor.runWorker(ThreadPoolExecutor.java:1149) [?:1.8.0_212]
	at java.util.concurrent.ThreadPoolExecutor$Worker.run(ThreadPoolExecutor.java:624) [?:1.8.0_212]
	at java.lang.Thread.run(Thread.java:748) [?:1.8.0_212]
09:16:13.175 [grpc-default-executor-8] ERROR DNAudit - user=null | ip=null | op=WRITE_CHUNK {blockData=conID: 1 locID: 102433381902909451 bcsId: 11} | ret=FAILURE
org.apache.hadoop.hdds.scm.container.common.helpers.ContainerNotOpenException: Container 1 in CLOSED state
	at org.apache.hadoop.ozone.container.common.impl.HddsDispatcher.validateContainerCommand(HddsDispatcher.java:408) ~[hadoop-hdds-container-service-0.5.0-SNAPSHOT.jar:?]
	at org.apache.hadoop.ozone.container.common.transport.server.ratis.ContainerStateMachine.startTransaction(ContainerStateMachine.java:271) ~[hadoop-hdds-container-service-0.5.0-SNAPSHOT.jar:?]
	at org.apache.ratis.server.impl.RaftServerImpl.submitClientRequestAsync(RaftServerImpl.java:566) ~[ratis-server-0.4.0-2337318-SNAPSHOT.jar:0.4.0-2337318-SNAPSHOT]
	at org.apache.ratis.server.impl.RaftServerProxy.lambda$submitClientRequestAsync$7(RaftServerProxy.java:333) ~[ratis-server-0.4.0-2337318-SNAPSHOT.jar:0.4.0-2337318-SNAPSHOT]
	at org.apache.ratis.server.impl.RaftServerProxy.lambda$null$5(RaftServerProxy.java:328) ~[ratis-server-0.4.0-2337318-SNAPSHOT.jar:0.4.0-2337318-SNAPSHOT]
	at org.apache.ratis.util.JavaUtils.callAsUnchecked(JavaUtils.java:109) ~[ratis-common-0.4.0-2337318-SNAPSHOT.jar:0.4.0-2337318-SNAPSHOT]
	at org.apache.ratis.server.impl.RaftServerProxy.lambda$submitRequest$6(RaftServerProxy.java:328) ~[ratis-server-0.4.0-2337318-SNAPSHOT.jar:0.4.0-2337318-SNAPSHOT]
	at java.util.concurrent.CompletableFuture.uniComposeStage(CompletableFuture.java:981) ~[?:1.8.0_212]
	at java.util.concurrent.CompletableFuture.thenCompose(CompletableFuture.java:2124) ~[?:1.8.0_212]
	at org.apache.ratis.server.impl.RaftServerProxy.submitRequest(RaftServerProxy.java:327) ~[ratis-server-0.4.0-2337318-SNAPSHOT.jar:0.4.0-2337318-SNAPSHOT]
	at org.apache.ratis.server.impl.RaftServerProxy.submitClientRequestAsync(RaftServerProxy.java:333) ~[ratis-server-0.4.0-2337318-SNAPSHOT.jar:0.4.0-2337318-SNAPSHOT]
	at org.apache.ratis.grpc.client.GrpcClientProtocolService$RequestStreamObserver.processClientRequest(GrpcClientProtocolService.java:220) ~[ratis-grpc-0.4.0-2337318-SNAPSHOT.jar:0.4.0-2337318-SNAPSHOT]
	at org.apache.ratis.grpc.client.GrpcClientProtocolService$OrderedRequestStreamObserver.processClientRequest(GrpcClientProtocolService.java:326) ~[ratis-grpc-0.4.0-2337318-SNAPSHOT.jar:0.4.0-2337318-SNAPSHOT]
	at org.apache.ratis.util.SlidingWindow$Server.processRequestsFromHead(SlidingWindow.java:429) [ratis-common-0.4.0-2337318-SNAPSHOT.jar:0.4.0-2337318-SNAPSHOT]
	at org.apache.ratis.util.SlidingWindow$Server.receivedRequest(SlidingWindow.java:421) [ratis-common-0.4.0-2337318-SNAPSHOT.jar:0.4.0-2337318-SNAPSHOT]
	at org.apache.ratis.grpc.client.GrpcClientProtocolService$OrderedRequestStreamObserver.processClientRequest(GrpcClientProtocolService.java:345) [ratis-grpc-0.4.0-2337318-SNAPSHOT.jar:0.4.0-2337318-SNAPSHOT]
	at org.apache.ratis.grpc.client.GrpcClientProtocolService$RequestStreamObserver.onNext(GrpcClientProtocolService.java:240) [ratis-grpc-0.4.0-2337318-SNAPSHOT.jar:0.4.0-2337318-SNAPSHOT]
	at org.apache.ratis.grpc.client.GrpcClientProtocolService$RequestStreamObserver.onNext(GrpcClientProtocolService.java:168) [ratis-grpc-0.4.0-2337318-SNAPSHOT.jar:0.4.0-2337318-SNAPSHOT]
	at org.apache.ratis.thirdparty.io.grpc.stub.ServerCalls$StreamingServerCallHandler$StreamingServerCallListener.onMessage(ServerCalls.java:248) [ratis-thirdparty-misc-0.2.0.jar:0.2.0]
	at org.apache.ratis.thirdparty.io.grpc.internal.ServerCallImpl$ServerStreamListenerImpl.messagesAvailable(ServerCallImpl.java:263) [ratis-thirdparty-misc-0.2.0.jar:0.2.0]
	at org.apache.ratis.thirdparty.io.grpc.internal.ServerImpl$JumpToApplicationThreadServerStreamListener$1MessagesAvailable.runInContext(ServerImpl.java:686) [ratis-thirdparty-misc-0.2.0.jar:0.2.0]
	at org.apache.ratis.thirdparty.io.grpc.internal.ContextRunnable.run(ContextRunnable.java:37) [ratis-thirdparty-misc-0.2.0.jar:0.2.0]
	at org.apache.ratis.thirdparty.io.grpc.internal.SerializingExecutor.run(SerializingExecutor.java:123) [ratis-thirdparty-misc-0.2.0.jar:0.2.0]
	at java.util.concurrent.ThreadPoolExecutor.runWorker(ThreadPoolExecutor.java:1149) [?:1.8.0_212]
	at java.util.concurrent.ThreadPoolExecutor$Worker.run(ThreadPoolExecutor.java:624) [?:1.8.0_212]
	at java.lang.Thread.run(Thread.java:748) [?:1.8.0_212]
2019-07-13 09:16:13,182 INFO  client.GrpcClientProtocolClient (GrpcClientProtocolClient.java:onNext(255)) - client-070BE3A1585E->f32e78eb-8ace-4da1-be61-402c772c2dbc: receive RaftClientReply:client-070BE3A1585E->f32e78eb-8ace-4da1-be61-402c772c2dbc@group-C999D86C376B, cid=148, FAILED org.apache.ratis.protocol.StateMachineException: org.apache.hadoop.hdds.scm.container.common.helpers.ContainerNotOpenException from Server f32e78eb-8ace-4da1-be61-402c772c2dbc: Container 1 in CLOSED state, logIndex=0, commits[f32e78eb-8ace-4da1-be61-402c772c2dbc:c14]
09:16:13.183 [grpc-default-executor-8] ERROR DNAudit - user=null | ip=null | op=PUT_BLOCK {blockData=[blockId=conID: 1 locID: 102433381902909451 bcsId: 0,size=650]} | ret=FAILURE
org.apache.hadoop.hdds.scm.container.common.helpers.ContainerNotOpenException: Container 1 in CLOSED state
	at org.apache.hadoop.ozone.container.common.impl.HddsDispatcher.validateContainerCommand(HddsDispatcher.java:408) ~[hadoop-hdds-container-service-0.5.0-SNAPSHOT.jar:?]
	at org.apache.hadoop.ozone.container.common.transport.server.ratis.ContainerStateMachine.startTransaction(ContainerStateMachine.java:271) ~[hadoop-hdds-container-service-0.5.0-SNAPSHOT.jar:?]
	at org.apache.ratis.server.impl.RaftServerImpl.submitClientRequestAsync(RaftServerImpl.java:566) ~[ratis-server-0.4.0-2337318-SNAPSHOT.jar:0.4.0-2337318-SNAPSHOT]
	at org.apache.ratis.server.impl.RaftServerProxy.lambda$submitClientRequestAsync$7(RaftServerProxy.java:333) ~[ratis-server-0.4.0-2337318-SNAPSHOT.jar:0.4.0-2337318-SNAPSHOT]
	at org.apache.ratis.server.impl.RaftServerProxy.lambda$null$5(RaftServerProxy.java:328) ~[ratis-server-0.4.0-2337318-SNAPSHOT.jar:0.4.0-2337318-SNAPSHOT]
	at org.apache.ratis.util.JavaUtils.callAsUnchecked(JavaUtils.java:109) ~[ratis-common-0.4.0-2337318-SNAPSHOT.jar:0.4.0-2337318-SNAPSHOT]
	at org.apache.ratis.server.impl.RaftServerProxy.lambda$submitRequest$6(RaftServerProxy.java:328) ~[ratis-server-0.4.0-2337318-SNAPSHOT.jar:0.4.0-2337318-SNAPSHOT]
	at java.util.concurrent.CompletableFuture.uniComposeStage(CompletableFuture.java:981) ~[?:1.8.0_212]
	at java.util.concurrent.CompletableFuture.thenCompose(CompletableFuture.java:2124) ~[?:1.8.0_212]
	at org.apache.ratis.server.impl.RaftServerProxy.submitRequest(RaftServerProxy.java:327) ~[ratis-server-0.4.0-2337318-SNAPSHOT.jar:0.4.0-2337318-SNAPSHOT]
	at org.apache.ratis.server.impl.RaftServerProxy.submitClientRequestAsync(RaftServerProxy.java:333) ~[ratis-server-0.4.0-2337318-SNAPSHOT.jar:0.4.0-2337318-SNAPSHOT]
	at org.apache.ratis.grpc.client.GrpcClientProtocolService$RequestStreamObserver.processClientRequest(GrpcClientProtocolService.java:220) ~[ratis-grpc-0.4.0-2337318-SNAPSHOT.jar:0.4.0-2337318-SNAPSHOT]
	at org.apache.ratis.grpc.client.GrpcClientProtocolService$OrderedRequestStreamObserver.processClientRequest(GrpcClientProtocolService.java:326) ~[ratis-grpc-0.4.0-2337318-SNAPSHOT.jar:0.4.0-2337318-SNAPSHOT]
	at org.apache.ratis.util.SlidingWindow$Server.processRequestsFromHead(SlidingWindow.java:429) [ratis-common-0.4.0-2337318-SNAPSHOT.jar:0.4.0-2337318-SNAPSHOT]
	at org.apache.ratis.util.SlidingWindow$Server.receivedRequest(SlidingWindow.java:421) [ratis-common-0.4.0-2337318-SNAPSHOT.jar:0.4.0-2337318-SNAPSHOT]
	at org.apache.ratis.grpc.client.GrpcClientProtocolService$OrderedRequestStreamObserver.processClientRequest(GrpcClientProtocolService.java:345) [ratis-grpc-0.4.0-2337318-SNAPSHOT.jar:0.4.0-2337318-SNAPSHOT]
	at org.apache.ratis.grpc.client.GrpcClientProtocolService$RequestStreamObserver.onNext(GrpcClientProtocolService.java:240) [ratis-grpc-0.4.0-2337318-SNAPSHOT.jar:0.4.0-2337318-SNAPSHOT]
	at org.apache.ratis.grpc.client.GrpcClientProtocolService$RequestStreamObserver.onNext(GrpcClientProtocolService.java:168) [ratis-grpc-0.4.0-2337318-SNAPSHOT.jar:0.4.0-2337318-SNAPSHOT]
	at org.apache.ratis.thirdparty.io.grpc.stub.ServerCalls$StreamingServerCallHandler$StreamingServerCallListener.onMessage(ServerCalls.java:248) [ratis-thirdparty-misc-0.2.0.jar:0.2.0]
	at org.apache.ratis.thirdparty.io.grpc.internal.ServerCallImpl$ServerStreamListenerImpl.messagesAvailable(ServerCallImpl.java:263) [ratis-thirdparty-misc-0.2.0.jar:0.2.0]
	at org.apache.ratis.thirdparty.io.grpc.internal.ServerImpl$JumpToApplicationThreadServerStreamListener$1MessagesAvailable.runInContext(ServerImpl.java:686) [ratis-thirdparty-misc-0.2.0.jar:0.2.0]
	at org.apache.ratis.thirdparty.io.grpc.internal.ContextRunnable.run(ContextRunnable.java:37) [ratis-thirdparty-misc-0.2.0.jar:0.2.0]
	at org.apache.ratis.thirdparty.io.grpc.internal.SerializingExecutor.run(SerializingExecutor.java:123) [ratis-thirdparty-misc-0.2.0.jar:0.2.0]
	at java.util.concurrent.ThreadPoolExecutor.runWorker(ThreadPoolExecutor.java:1149) [?:1.8.0_212]
	at java.util.concurrent.ThreadPoolExecutor$Worker.run(ThreadPoolExecutor.java:624) [?:1.8.0_212]
	at java.lang.Thread.run(Thread.java:748) [?:1.8.0_212]
2019-07-13 09:16:13,184 INFO  client.GrpcClientProtocolClient (GrpcClientProtocolClient.java:onNext(255)) - client-070BE3A1585E->f32e78eb-8ace-4da1-be61-402c772c2dbc: receive RaftClientReply:client-070BE3A1585E->f32e78eb-8ace-4da1-be61-402c772c2dbc@group-C999D86C376B, cid=149, FAILED org.apache.ratis.protocol.StateMachineException: org.apache.hadoop.hdds.scm.container.common.helpers.ContainerNotOpenException from Server f32e78eb-8ace-4da1-be61-402c772c2dbc: Container 1 in CLOSED state, logIndex=0, commits[f32e78eb-8ace-4da1-be61-402c772c2dbc:c14]
09:16:13.191 [grpc-default-executor-0] ERROR DNAudit - user=null | ip=null | op=WRITE_CHUNK {blockData=conID: 1 locID: 102433381902909451 bcsId: 11} | ret=FAILURE
org.apache.hadoop.hdds.scm.container.common.helpers.ContainerNotOpenException: Container 1 in CLOSED state
	at org.apache.hadoop.ozone.container.common.impl.HddsDispatcher.validateContainerCommand(HddsDispatcher.java:408) ~[hadoop-hdds-container-service-0.5.0-SNAPSHOT.jar:?]
	at org.apache.hadoop.ozone.container.common.transport.server.ratis.ContainerStateMachine.startTransaction(ContainerStateMachine.java:271) ~[hadoop-hdds-container-service-0.5.0-SNAPSHOT.jar:?]
	at org.apache.ratis.server.impl.RaftServerImpl.submitClientRequestAsync(RaftServerImpl.java:566) ~[ratis-server-0.4.0-2337318-SNAPSHOT.jar:0.4.0-2337318-SNAPSHOT]
	at org.apache.ratis.server.impl.RaftServerProxy.lambda$submitClientRequestAsync$7(RaftServerProxy.java:333) ~[ratis-server-0.4.0-2337318-SNAPSHOT.jar:0.4.0-2337318-SNAPSHOT]
	at org.apache.ratis.server.impl.RaftServerProxy.lambda$null$5(RaftServerProxy.java:328) ~[ratis-server-0.4.0-2337318-SNAPSHOT.jar:0.4.0-2337318-SNAPSHOT]
	at org.apache.ratis.util.JavaUtils.callAsUnchecked(JavaUtils.java:109) ~[ratis-common-0.4.0-2337318-SNAPSHOT.jar:0.4.0-2337318-SNAPSHOT]
	at org.apache.ratis.server.impl.RaftServerProxy.lambda$submitRequest$6(RaftServerProxy.java:328) ~[ratis-server-0.4.0-2337318-SNAPSHOT.jar:0.4.0-2337318-SNAPSHOT]
	at java.util.concurrent.CompletableFuture.uniComposeStage(CompletableFuture.java:981) ~[?:1.8.0_212]
	at java.util.concurrent.CompletableFuture.thenCompose(CompletableFuture.java:2124) ~[?:1.8.0_212]
	at org.apache.ratis.server.impl.RaftServerProxy.submitRequest(RaftServerProxy.java:327) ~[ratis-server-0.4.0-2337318-SNAPSHOT.jar:0.4.0-2337318-SNAPSHOT]
	at org.apache.ratis.server.impl.RaftServerProxy.submitClientRequestAsync(RaftServerProxy.java:333) ~[ratis-server-0.4.0-2337318-SNAPSHOT.jar:0.4.0-2337318-SNAPSHOT]
	at org.apache.ratis.grpc.client.GrpcClientProtocolService$RequestStreamObserver.processClientRequest(GrpcClientProtocolService.java:220) ~[ratis-grpc-0.4.0-2337318-SNAPSHOT.jar:0.4.0-2337318-SNAPSHOT]
	at org.apache.ratis.grpc.client.GrpcClientProtocolService$OrderedRequestStreamObserver.processClientRequest(GrpcClientProtocolService.java:326) ~[ratis-grpc-0.4.0-2337318-SNAPSHOT.jar:0.4.0-2337318-SNAPSHOT]
	at org.apache.ratis.util.SlidingWindow$Server.processRequestsFromHead(SlidingWindow.java:429) [ratis-common-0.4.0-2337318-SNAPSHOT.jar:0.4.0-2337318-SNAPSHOT]
	at org.apache.ratis.util.SlidingWindow$Server.receivedRequest(SlidingWindow.java:421) [ratis-common-0.4.0-2337318-SNAPSHOT.jar:0.4.0-2337318-SNAPSHOT]
	at org.apache.ratis.grpc.client.GrpcClientProtocolService$OrderedRequestStreamObserver.processClientRequest(GrpcClientProtocolService.java:345) [ratis-grpc-0.4.0-2337318-SNAPSHOT.jar:0.4.0-2337318-SNAPSHOT]
	at org.apache.ratis.grpc.client.GrpcClientProtocolService$RequestStreamObserver.onNext(GrpcClientProtocolService.java:240) [ratis-grpc-0.4.0-2337318-SNAPSHOT.jar:0.4.0-2337318-SNAPSHOT]
	at org.apache.ratis.grpc.client.GrpcClientProtocolService$RequestStreamObserver.onNext(GrpcClientProtocolService.java:168) [ratis-grpc-0.4.0-2337318-SNAPSHOT.jar:0.4.0-2337318-SNAPSHOT]
	at org.apache.ratis.thirdparty.io.grpc.stub.ServerCalls$StreamingServerCallHandler$StreamingServerCallListener.onMessage(ServerCalls.java:248) [ratis-thirdparty-misc-0.2.0.jar:0.2.0]
	at org.apache.ratis.thirdparty.io.grpc.internal.ServerCallImpl$ServerStreamListenerImpl.messagesAvailable(ServerCallImpl.java:263) [ratis-thirdparty-misc-0.2.0.jar:0.2.0]
	at org.apache.ratis.thirdparty.io.grpc.internal.ServerImpl$JumpToApplicationThreadServerStreamListener$1MessagesAvailable.runInContext(ServerImpl.java:686) [ratis-thirdparty-misc-0.2.0.jar:0.2.0]
	at org.apache.ratis.thirdparty.io.grpc.internal.ContextRunnable.run(ContextRunnable.java:37) [ratis-thirdparty-misc-0.2.0.jar:0.2.0]
	at org.apache.ratis.thirdparty.io.grpc.internal.SerializingExecutor.run(SerializingExecutor.java:123) [ratis-thirdparty-misc-0.2.0.jar:0.2.0]
	at java.util.concurrent.ThreadPoolExecutor.runWorker(ThreadPoolExecutor.java:1149) [?:1.8.0_212]
	at java.util.concurrent.ThreadPoolExecutor$Worker.run(ThreadPoolExecutor.java:624) [?:1.8.0_212]
	at java.lang.Thread.run(Thread.java:748) [?:1.8.0_212]
2019-07-13 09:16:13,192 INFO  client.GrpcClientProtocolClient (GrpcClientProtocolClient.java:onNext(255)) - client-070BE3A1585E->f32e78eb-8ace-4da1-be61-402c772c2dbc: receive RaftClientReply:client-070BE3A1585E->f32e78eb-8ace-4da1-be61-402c772c2dbc@group-C999D86C376B, cid=150, FAILED org.apache.ratis.protocol.StateMachineException: org.apache.hadoop.hdds.scm.container.common.helpers.ContainerNotOpenException from Server f32e78eb-8ace-4da1-be61-402c772c2dbc: Container 1 in CLOSED state, logIndex=0, commits[f32e78eb-8ace-4da1-be61-402c772c2dbc:c14]
09:16:13.199 [grpc-default-executor-0] ERROR DNAudit - user=null | ip=null | op=WRITE_CHUNK {blockData=conID: 1 locID: 102433381902909451 bcsId: 11} | ret=FAILURE
org.apache.hadoop.hdds.scm.container.common.helpers.ContainerNotOpenException: Container 1 in CLOSED state
	at org.apache.hadoop.ozone.container.common.impl.HddsDispatcher.validateContainerCommand(HddsDispatcher.java:408) ~[hadoop-hdds-container-service-0.5.0-SNAPSHOT.jar:?]
	at org.apache.hadoop.ozone.container.common.transport.server.ratis.ContainerStateMachine.startTransaction(ContainerStateMachine.java:271) ~[hadoop-hdds-container-service-0.5.0-SNAPSHOT.jar:?]
	at org.apache.ratis.server.impl.RaftServerImpl.submitClientRequestAsync(RaftServerImpl.java:566) ~[ratis-server-0.4.0-2337318-SNAPSHOT.jar:0.4.0-2337318-SNAPSHOT]
	at org.apache.ratis.server.impl.RaftServerProxy.lambda$submitClientRequestAsync$7(RaftServerProxy.java:333) ~[ratis-server-0.4.0-2337318-SNAPSHOT.jar:0.4.0-2337318-SNAPSHOT]
	at org.apache.ratis.server.impl.RaftServerProxy.lambda$null$5(RaftServerProxy.java:328) ~[ratis-server-0.4.0-2337318-SNAPSHOT.jar:0.4.0-2337318-SNAPSHOT]
	at org.apache.ratis.util.JavaUtils.callAsUnchecked(JavaUtils.java:109) ~[ratis-common-0.4.0-2337318-SNAPSHOT.jar:0.4.0-2337318-SNAPSHOT]
	at org.apache.ratis.server.impl.RaftServerProxy.lambda$submitRequest$6(RaftServerProxy.java:328) ~[ratis-server-0.4.0-2337318-SNAPSHOT.jar:0.4.0-2337318-SNAPSHOT]
	at java.util.concurrent.CompletableFuture.uniComposeStage(CompletableFuture.java:981) ~[?:1.8.0_212]
	at java.util.concurrent.CompletableFuture.thenCompose(CompletableFuture.java:2124) ~[?:1.8.0_212]
	at org.apache.ratis.server.impl.RaftServerProxy.submitRequest(RaftServerProxy.java:327) ~[ratis-server-0.4.0-2337318-SNAPSHOT.jar:0.4.0-2337318-SNAPSHOT]
	at org.apache.ratis.server.impl.RaftServerProxy.submitClientRequestAsync(RaftServerProxy.java:333) ~[ratis-server-0.4.0-2337318-SNAPSHOT.jar:0.4.0-2337318-SNAPSHOT]
	at org.apache.ratis.grpc.client.GrpcClientProtocolService$RequestStreamObserver.processClientRequest(GrpcClientProtocolService.java:220) ~[ratis-grpc-0.4.0-2337318-SNAPSHOT.jar:0.4.0-2337318-SNAPSHOT]
	at org.apache.ratis.grpc.client.GrpcClientProtocolService$OrderedRequestStreamObserver.processClientRequest(GrpcClientProtocolService.java:326) ~[ratis-grpc-0.4.0-2337318-SNAPSHOT.jar:0.4.0-2337318-SNAPSHOT]
	at org.apache.ratis.util.SlidingWindow$Server.processRequestsFromHead(SlidingWindow.java:429) [ratis-common-0.4.0-2337318-SNAPSHOT.jar:0.4.0-2337318-SNAPSHOT]
	at org.apache.ratis.util.SlidingWindow$Server.receivedRequest(SlidingWindow.java:421) [ratis-common-0.4.0-2337318-SNAPSHOT.jar:0.4.0-2337318-SNAPSHOT]
	at org.apache.ratis.grpc.client.GrpcClientProtocolService$OrderedRequestStreamObserver.processClientRequest(GrpcClientProtocolService.java:345) [ratis-grpc-0.4.0-2337318-SNAPSHOT.jar:0.4.0-2337318-SNAPSHOT]
	at org.apache.ratis.grpc.client.GrpcClientProtocolService$RequestStreamObserver.onNext(GrpcClientProtocolService.java:240) [ratis-grpc-0.4.0-2337318-SNAPSHOT.jar:0.4.0-2337318-SNAPSHOT]
	at org.apache.ratis.grpc.client.GrpcClientProtocolService$RequestStreamObserver.onNext(GrpcClientProtocolService.java:168) [ratis-grpc-0.4.0-2337318-SNAPSHOT.jar:0.4.0-2337318-SNAPSHOT]
	at org.apache.ratis.thirdparty.io.grpc.stub.ServerCalls$StreamingServerCallHandler$StreamingServerCallListener.onMessage(ServerCalls.java:248) [ratis-thirdparty-misc-0.2.0.jar:0.2.0]
	at org.apache.ratis.thirdparty.io.grpc.internal.ServerCallImpl$ServerStreamListenerImpl.messagesAvailable(ServerCallImpl.java:263) [ratis-thirdparty-misc-0.2.0.jar:0.2.0]
	at org.apache.ratis.thirdparty.io.grpc.internal.ServerImpl$JumpToApplicationThreadServerStreamListener$1MessagesAvailable.runInContext(ServerImpl.java:686) [ratis-thirdparty-misc-0.2.0.jar:0.2.0]
	at org.apache.ratis.thirdparty.io.grpc.internal.ContextRunnable.run(ContextRunnable.java:37) [ratis-thirdparty-misc-0.2.0.jar:0.2.0]
	at org.apache.ratis.thirdparty.io.grpc.internal.SerializingExecutor.run(SerializingExecutor.java:123) [ratis-thirdparty-misc-0.2.0.jar:0.2.0]
	at java.util.concurrent.ThreadPoolExecutor.runWorker(ThreadPoolExecutor.java:1149) [?:1.8.0_212]
	at java.util.concurrent.ThreadPoolExecutor$Worker.run(ThreadPoolExecutor.java:624) [?:1.8.0_212]
	at java.lang.Thread.run(Thread.java:748) [?:1.8.0_212]
2019-07-13 09:16:13,200 INFO  client.GrpcClientProtocolClient (GrpcClientProtocolClient.java:onNext(255)) - client-070BE3A1585E->f32e78eb-8ace-4da1-be61-402c772c2dbc: receive RaftClientReply:client-070BE3A1585E->f32e78eb-8ace-4da1-be61-402c772c2dbc@group-C999D86C376B, cid=151, FAILED org.apache.ratis.protocol.StateMachineException: org.apache.hadoop.hdds.scm.container.common.helpers.ContainerNotOpenException from Server f32e78eb-8ace-4da1-be61-402c772c2dbc: Container 1 in CLOSED state, logIndex=0, commits[f32e78eb-8ace-4da1-be61-402c772c2dbc:c14]
09:16:13.206 [grpc-default-executor-0] ERROR DNAudit - user=null | ip=null | op=PUT_BLOCK {blockData=[blockId=conID: 1 locID: 102433381902909451 bcsId: 0,size=800]} | ret=FAILURE
org.apache.hadoop.hdds.scm.container.common.helpers.ContainerNotOpenException: Container 1 in CLOSED state
	at org.apache.hadoop.ozone.container.common.impl.HddsDispatcher.validateContainerCommand(HddsDispatcher.java:408) ~[hadoop-hdds-container-service-0.5.0-SNAPSHOT.jar:?]
	at org.apache.hadoop.ozone.container.common.transport.server.ratis.ContainerStateMachine.startTransaction(ContainerStateMachine.java:271) ~[hadoop-hdds-container-service-0.5.0-SNAPSHOT.jar:?]
	at org.apache.ratis.server.impl.RaftServerImpl.submitClientRequestAsync(RaftServerImpl.java:566) ~[ratis-server-0.4.0-2337318-SNAPSHOT.jar:0.4.0-2337318-SNAPSHOT]
	at org.apache.ratis.server.impl.RaftServerProxy.lambda$submitClientRequestAsync$7(RaftServerProxy.java:333) ~[ratis-server-0.4.0-2337318-SNAPSHOT.jar:0.4.0-2337318-SNAPSHOT]
	at org.apache.ratis.server.impl.RaftServerProxy.lambda$null$5(RaftServerProxy.java:328) ~[ratis-server-0.4.0-2337318-SNAPSHOT.jar:0.4.0-2337318-SNAPSHOT]
	at org.apache.ratis.util.JavaUtils.callAsUnchecked(JavaUtils.java:109) ~[ratis-common-0.4.0-2337318-SNAPSHOT.jar:0.4.0-2337318-SNAPSHOT]
	at org.apache.ratis.server.impl.RaftServerProxy.lambda$submitRequest$6(RaftServerProxy.java:328) ~[ratis-server-0.4.0-2337318-SNAPSHOT.jar:0.4.0-2337318-SNAPSHOT]
	at java.util.concurrent.CompletableFuture.uniComposeStage(CompletableFuture.java:981) ~[?:1.8.0_212]
	at java.util.concurrent.CompletableFuture.thenCompose(CompletableFuture.java:2124) ~[?:1.8.0_212]
	at org.apache.ratis.server.impl.RaftServerProxy.submitRequest(RaftServerProxy.java:327) ~[ratis-server-0.4.0-2337318-SNAPSHOT.jar:0.4.0-2337318-SNAPSHOT]
	at org.apache.ratis.server.impl.RaftServerProxy.submitClientRequestAsync(RaftServerProxy.java:333) ~[ratis-server-0.4.0-2337318-SNAPSHOT.jar:0.4.0-2337318-SNAPSHOT]
	at org.apache.ratis.grpc.client.GrpcClientProtocolService$RequestStreamObserver.processClientRequest(GrpcClientProtocolService.java:220) ~[ratis-grpc-0.4.0-2337318-SNAPSHOT.jar:0.4.0-2337318-SNAPSHOT]
	at org.apache.ratis.grpc.client.GrpcClientProtocolService$OrderedRequestStreamObserver.processClientRequest(GrpcClientProtocolService.java:326) ~[ratis-grpc-0.4.0-2337318-SNAPSHOT.jar:0.4.0-2337318-SNAPSHOT]
	at org.apache.ratis.util.SlidingWindow$Server.processRequestsFromHead(SlidingWindow.java:429) [ratis-common-0.4.0-2337318-SNAPSHOT.jar:0.4.0-2337318-SNAPSHOT]
	at org.apache.ratis.util.SlidingWindow$Server.receivedRequest(SlidingWindow.java:421) [ratis-common-0.4.0-2337318-SNAPSHOT.jar:0.4.0-2337318-SNAPSHOT]
	at org.apache.ratis.grpc.client.GrpcClientProtocolService$OrderedRequestStreamObserver.processClientRequest(GrpcClientProtocolService.java:345) [ratis-grpc-0.4.0-2337318-SNAPSHOT.jar:0.4.0-2337318-SNAPSHOT]
	at org.apache.ratis.grpc.client.GrpcClientProtocolService$RequestStreamObserver.onNext(GrpcClientProtocolService.java:240) [ratis-grpc-0.4.0-2337318-SNAPSHOT.jar:0.4.0-2337318-SNAPSHOT]
	at org.apache.ratis.grpc.client.GrpcClientProtocolService$RequestStreamObserver.onNext(GrpcClientProtocolService.java:168) [ratis-grpc-0.4.0-2337318-SNAPSHOT.jar:0.4.0-2337318-SNAPSHOT]
	at org.apache.ratis.thirdparty.io.grpc.stub.ServerCalls$StreamingServerCallHandler$StreamingServerCallListener.onMessage(ServerCalls.java:248) [ratis-thirdparty-misc-0.2.0.jar:0.2.0]
	at org.apache.ratis.thirdparty.io.grpc.internal.ServerCallImpl$ServerStreamListenerImpl.messagesAvailable(ServerCallImpl.java:263) [ratis-thirdparty-misc-0.2.0.jar:0.2.0]
	at org.apache.ratis.thirdparty.io.grpc.internal.ServerImpl$JumpToApplicationThreadServerStreamListener$1MessagesAvailable.runInContext(ServerImpl.java:686) [ratis-thirdparty-misc-0.2.0.jar:0.2.0]
	at org.apache.ratis.thirdparty.io.grpc.internal.ContextRunnable.run(ContextRunnable.java:37) [ratis-thirdparty-misc-0.2.0.jar:0.2.0]
	at org.apache.ratis.thirdparty.io.grpc.internal.SerializingExecutor.run(SerializingExecutor.java:123) [ratis-thirdparty-misc-0.2.0.jar:0.2.0]
	at java.util.concurrent.ThreadPoolExecutor.runWorker(ThreadPoolExecutor.java:1149) [?:1.8.0_212]
	at java.util.concurrent.ThreadPoolExecutor$Worker.run(ThreadPoolExecutor.java:624) [?:1.8.0_212]
	at java.lang.Thread.run(Thread.java:748) [?:1.8.0_212]
2019-07-13 09:16:13,208 INFO  client.GrpcClientProtocolClient (GrpcClientProtocolClient.java:onNext(255)) - client-070BE3A1585E->f32e78eb-8ace-4da1-be61-402c772c2dbc: receive RaftClientReply:client-070BE3A1585E->f32e78eb-8ace-4da1-be61-402c772c2dbc@group-C999D86C376B, cid=152, FAILED org.apache.ratis.protocol.StateMachineException: org.apache.hadoop.hdds.scm.container.common.helpers.ContainerNotOpenException from Server f32e78eb-8ace-4da1-be61-402c772c2dbc: Container 1 in CLOSED state, logIndex=0, commits[f32e78eb-8ace-4da1-be61-402c772c2dbc:c14]
2019-07-13 09:16:13,215 INFO  client.GrpcClientProtocolClient (GrpcClientProtocolClient.java:onNext(255)) - client-070BE3A1585E->f32e78eb-8ace-4da1-be61-402c772c2dbc: receive RaftClientReply:client-070BE3A1585E->f32e78eb-8ace-4da1-be61-402c772c2dbc@group-C999D86C376B, cid=153, FAILED org.apache.ratis.protocol.StateMachineException: org.apache.hadoop.hdds.scm.container.common.helpers.ContainerNotOpenException from Server f32e78eb-8ace-4da1-be61-402c772c2dbc: Container 1 in CLOSED state, logIndex=0, commits[f32e78eb-8ace-4da1-be61-402c772c2dbc:c14]
2019-07-13 09:16:13,358 INFO  client.GrpcClientProtocolClient (GrpcClientProtocolClient.java:onNext(255)) - client-24543168127D->af8cb241-e95a-4041-9c02-16b1a4e582f8: receive RaftClientReply:client-24543168127D->af8cb241-e95a-4041-9c02-16b1a4e582f8@group-AE6611D1F30C, cid=154, SUCCESS, logIndex=1, commits[af8cb241-e95a-4041-9c02-16b1a4e582f8:c1]
2019-07-13 09:16:13,389 INFO  client.GrpcClientProtocolClient (GrpcClientProtocolClient.java:onNext(255)) - client-24543168127D->af8cb241-e95a-4041-9c02-16b1a4e582f8: receive RaftClientReply:client-24543168127D->af8cb241-e95a-4041-9c02-16b1a4e582f8@group-AE6611D1F30C, cid=155, SUCCESS, logIndex=3, commits[af8cb241-e95a-4041-9c02-16b1a4e582f8:c7]
2019-07-13 09:16:13,456 INFO  client.GrpcClientProtocolClient (GrpcClientProtocolClient.java:onNext(255)) - client-24543168127D->af8cb241-e95a-4041-9c02-16b1a4e582f8: receive RaftClientReply:client-24543168127D->af8cb241-e95a-4041-9c02-16b1a4e582f8@group-AE6611D1F30C, cid=156, SUCCESS, logIndex=4, commits[af8cb241-e95a-4041-9c02-16b1a4e582f8:c9]
2019-07-13 09:16:13,456 INFO  client.GrpcClientProtocolClient (GrpcClientProtocolClient.java:onNext(255)) - client-24543168127D->af8cb241-e95a-4041-9c02-16b1a4e582f8: receive RaftClientReply:client-24543168127D->af8cb241-e95a-4041-9c02-16b1a4e582f8@group-AE6611D1F30C, cid=157, SUCCESS, logIndex=5, commits[af8cb241-e95a-4041-9c02-16b1a4e582f8:c9]
2019-07-13 09:16:13,457 INFO  client.GrpcClientProtocolClient (GrpcClientProtocolClient.java:onNext(255)) - client-24543168127D->af8cb241-e95a-4041-9c02-16b1a4e582f8: receive RaftClientReply:client-24543168127D->af8cb241-e95a-4041-9c02-16b1a4e582f8@group-AE6611D1F30C, cid=158, SUCCESS, logIndex=6, commits[af8cb241-e95a-4041-9c02-16b1a4e582f8:c9]
2019-07-13 09:16:13,458 INFO  client.GrpcClientProtocolClient (GrpcClientProtocolClient.java:onNext(255)) - client-24543168127D->af8cb241-e95a-4041-9c02-16b1a4e582f8: receive RaftClientReply:client-24543168127D->af8cb241-e95a-4041-9c02-16b1a4e582f8@group-AE6611D1F30C, cid=159, SUCCESS, logIndex=7, commits[af8cb241-e95a-4041-9c02-16b1a4e582f8:c9]
2019-07-13 09:16:13,475 INFO  client.GrpcClientProtocolClient (GrpcClientProtocolClient.java:onNext(255)) - client-24543168127D->af8cb241-e95a-4041-9c02-16b1a4e582f8: receive RaftClientReply:client-24543168127D->af8cb241-e95a-4041-9c02-16b1a4e582f8@group-AE6611D1F30C, cid=160, SUCCESS, logIndex=10, commits[af8cb241-e95a-4041-9c02-16b1a4e582f8:c11]
2019-07-13 09:16:13,475 INFO  client.GrpcClientProtocolClient (GrpcClientProtocolClient.java:onNext(255)) - client-24543168127D->af8cb241-e95a-4041-9c02-16b1a4e582f8: receive RaftClientReply:client-24543168127D->af8cb241-e95a-4041-9c02-16b1a4e582f8@group-AE6611D1F30C, cid=161, SUCCESS, logIndex=11, commits[af8cb241-e95a-4041-9c02-16b1a4e582f8:c12]
2019-07-13 09:16:13,493 INFO  pipeline.Pipeline (Pipeline.java:getProtobufMessage(195)) - Serialize pipeline PipelineID=801c3359-64ed-445d-bdcc-ae6611d1f30c with nodesInOrder{ }
2019-07-13 09:16:13,495 INFO  ozone.MiniOzoneClusterImpl (MiniOzoneClusterImpl.java:shutdown(321)) - Shutting down the Mini Ozone Cluster
2019-07-13 09:16:13,495 INFO  ozone.MiniOzoneClusterImpl (MiniOzoneClusterImpl.java:stop(336)) - Stopping the Mini Ozone Cluster
2019-07-13 09:16:13,495 INFO  ozone.MiniOzoneClusterImpl (MiniOzoneClusterImpl.java:stop(338)) - Stopping the OzoneManager
2019-07-13 09:16:13,495 INFO  ipc.Server (Server.java:stop(3082)) - Stopping server on 32963
2019-07-13 09:16:13,510 INFO  utils.BackgroundService (BackgroundService.java:shutdown(148)) - Shutting down service KeyDeletingService
2019-07-13 09:16:13,510 INFO  ipc.Server (Server.java:run(1185)) - Stopping IPC Server listener on 32963
2019-07-13 09:16:13,510 INFO  ipc.Server (Server.java:run(1319)) - Stopping IPC Server Responder
2019-07-13 09:16:13,531 INFO  handler.ContextHandler (ContextHandler.java:doStop(910)) - Stopped o.e.j.w.WebAppContext@b666366{/,null,UNAVAILABLE}{/ozoneManager}
2019-07-13 09:16:13,546 INFO  server.AbstractConnector (AbstractConnector.java:doStop(318)) - Stopped ServerConnector@362fd4e9{HTTP/1.1,[http/1.1]}{0.0.0.0:0}
2019-07-13 09:16:13,546 INFO  handler.ContextHandler (ContextHandler.java:doStop(910)) - Stopped o.e.j.s.ServletContextHandler@477906cf{/static,file:///tmp/workdir/hadoop-ozone/integration-test/target/test-classes/webapps/static,UNAVAILABLE}
2019-07-13 09:16:13,547 INFO  handler.ContextHandler (ContextHandler.java:doStop(910)) - Stopped o.e.j.s.ServletContextHandler@36ce0bc2{/logs,file:///tmp/workdir/hadoop-ozone/integration-test/target/log,UNAVAILABLE}
2019-07-13 09:16:13,560 INFO  ozone.MiniOzoneClusterImpl (MiniOzoneClusterImpl.java:stop(344)) - Shutting the HddsDatanodes
2019-07-13 09:16:13,560 INFO  datanode.ObjectStoreHandler (ObjectStoreHandler.java:close(155)) - Closing ObjectStoreHandler.
2019-07-13 09:16:13,560 INFO  datanode.ObjectStoreHandler (ObjectStoreHandler.java:close(155)) - Closing ObjectStoreHandler.
2019-07-13 09:16:13,561 INFO  ozone.HddsDatanodeService (HddsDatanodeService.java:stop(452)) - Stopped plug-in org.apache.hadoop.ozone.web.OzoneHddsDatanodeService@3054cdd3
2019-07-13 09:16:13,561 INFO  ozone.HddsDatanodeService (HddsDatanodeService.java:stop(452)) - Stopped plug-in org.apache.hadoop.ozone.web.OzoneHddsDatanodeService@11267e87
2019-07-13 09:16:14,326 INFO  statemachine.DatanodeStateMachine (DatanodeStateMachine.java:lambda$startDaemon$0(350)) - Ozone container server started.
2019-07-13 09:16:14,475 INFO  statemachine.DatanodeStateMachine (DatanodeStateMachine.java:lambda$startDaemon$0(350)) - Ozone container server started.
2019-07-13 09:16:18,364 INFO  node.StaleNodeHandler (StaleNodeHandler.java:onMessage(58)) - Datanode af8cb241-e95a-4041-9c02-16b1a4e582f8{ip: 192.168.69.96, host: trunk-nightly-hmp62-43275749, networkLocation: /default-rack, certSerialId: null} moved to stale state. Finalizing its pipelines [PipelineID=801c3359-64ed-445d-bdcc-ae6611d1f30c, PipelineID=a530fc7c-6f90-45ca-90bd-eedae6c705a4]
2019-07-13 09:16:18,364 INFO  pipeline.SCMPipelineManager (SCMPipelineManager.java:finalizeAndDestroyPipeline(309)) - destroying pipeline:Pipeline[ Id: 801c3359-64ed-445d-bdcc-ae6611d1f30c, Nodes: af8cb241-e95a-4041-9c02-16b1a4e582f8{ip: 192.168.69.96, host: trunk-nightly-hmp62-43275749, networkLocation: /default-rack, certSerialId: null}, Type:RATIS, Factor:ONE, State:OPEN]
2019-07-13 09:16:18,364 INFO  pipeline.PipelineStateManager (PipelineStateManager.java:finalizePipeline(123)) - Pipeline Pipeline[ Id: 801c3359-64ed-445d-bdcc-ae6611d1f30c, Nodes: af8cb241-e95a-4041-9c02-16b1a4e582f8{ip: 192.168.69.96, host: trunk-nightly-hmp62-43275749, networkLocation: /default-rack, certSerialId: null}, Type:RATIS, Factor:ONE, State:CLOSED] moved to CLOSED state
2019-07-13 09:16:18,365 INFO  container.CloseContainerEventHandler (CloseContainerEventHandler.java:onMessage(61)) - Close container Event triggered for container : #2
2019-07-13 09:16:18,365 INFO  pipeline.SCMPipelineManager (SCMPipelineManager.java:finalizeAndDestroyPipeline(309)) - destroying pipeline:Pipeline[ Id: a530fc7c-6f90-45ca-90bd-eedae6c705a4, Nodes: b1cf789f-56ae-4e76-ab41-e93215d4786a{ip: 192.168.69.96, host: trunk-nightly-hmp62-43275749, networkLocation: /default-rack, certSerialId: null}f32e78eb-8ace-4da1-be61-402c772c2dbc{ip: 192.168.69.96, host: trunk-nightly-hmp62-43275749, networkLocation: /default-rack, certSerialId: null}af8cb241-e95a-4041-9c02-16b1a4e582f8{ip: 192.168.69.96, host: trunk-nightly-hmp62-43275749, networkLocation: /default-rack, certSerialId: null}, Type:RATIS, Factor:THREE, State:OPEN]
2019-07-13 09:16:18,365 INFO  pipeline.PipelineStateManager (PipelineStateManager.java:finalizePipeline(123)) - Pipeline Pipeline[ Id: a530fc7c-6f90-45ca-90bd-eedae6c705a4, Nodes: b1cf789f-56ae-4e76-ab41-e93215d4786a{ip: 192.168.69.96, host: trunk-nightly-hmp62-43275749, networkLocation: /default-rack, certSerialId: null}f32e78eb-8ace-4da1-be61-402c772c2dbc{ip: 192.168.69.96, host: trunk-nightly-hmp62-43275749, networkLocation: /default-rack, certSerialId: null}af8cb241-e95a-4041-9c02-16b1a4e582f8{ip: 192.168.69.96, host: trunk-nightly-hmp62-43275749, networkLocation: /default-rack, certSerialId: null}, Type:RATIS, Factor:THREE, State:CLOSED] moved to CLOSED state
2019-07-13 09:16:18,561 INFO  ozoneimpl.OzoneContainer (OzoneContainer.java:stop(199)) - Attempting to stop container services.
2019-07-13 09:16:18,561 INFO  ozoneimpl.OzoneContainer (OzoneContainer.java:stop(199)) - Attempting to stop container services.
2019-07-13 09:16:18,562 INFO  impl.RaftServerProxy (RaftServerProxy.java:lambda$close$4(314)) - af8cb241-e95a-4041-9c02-16b1a4e582f8: close
2019-07-13 09:16:18,562 INFO  impl.RaftServerProxy (RaftServerProxy.java:lambda$close$4(314)) - 12f5dd82-e4ae-404e-b35a-e9ca0b02af0c: close
2019-07-13 09:16:18,562 INFO  impl.RaftServerImpl (RaftServerImpl.java:lambda$shutdown$3(245)) - af8cb241-e95a-4041-9c02-16b1a4e582f8: shutdown group-AE6611D1F30C
2019-07-13 09:16:18,562 INFO  impl.RaftServerImpl (RaftServerImpl.java:lambda$shutdown$3(245)) - 12f5dd82-e4ae-404e-b35a-e9ca0b02af0c: shutdown group-94D12A9E6643
2019-07-13 09:16:18,563 INFO  util.JmxRegister (JmxRegister.java:unregister(73)) - Successfully un-registered JMX Bean with object name Ratis:service=RaftServer,group=group-AE6611D1F30C,id=af8cb241-e95a-4041-9c02-16b1a4e582f8
2019-07-13 09:16:18,563 INFO  util.JmxRegister (JmxRegister.java:unregister(73)) - Successfully un-registered JMX Bean with object name Ratis:service=RaftServer,group=group-94D12A9E6643,id=12f5dd82-e4ae-404e-b35a-e9ca0b02af0c
2019-07-13 09:16:18,564 INFO  impl.RoleInfo (RoleInfo.java:shutdownLeaderState(104)) - af8cb241-e95a-4041-9c02-16b1a4e582f8: shutdown LeaderState
2019-07-13 09:16:18,564 INFO  node.StaleNodeHandler (StaleNodeHandler.java:onMessage(58)) - Datanode 12f5dd82-e4ae-404e-b35a-e9ca0b02af0c{ip: 192.168.69.96, host: trunk-nightly-hmp62-43275749, networkLocation: /default-rack, certSerialId: null} moved to stale state. Finalizing its pipelines [PipelineID=e210bc5f-1b98-4bf0-99db-94d12a9e6643, PipelineID=f8324046-6565-47c7-ae49-f48f92110910]
2019-07-13 09:16:18,564 INFO  impl.RoleInfo (RoleInfo.java:shutdownLeaderState(104)) - 12f5dd82-e4ae-404e-b35a-e9ca0b02af0c: shutdown LeaderState
2019-07-13 09:16:18,564 INFO  pipeline.SCMPipelineManager (SCMPipelineManager.java:finalizeAndDestroyPipeline(309)) - destroying pipeline:Pipeline[ Id: e210bc5f-1b98-4bf0-99db-94d12a9e6643, Nodes: 63dd3901-f8a4-46fd-9ca1-94af92e34249{ip: 192.168.69.96, host: trunk-nightly-hmp62-43275749, networkLocation: /default-rack, certSerialId: null}12f5dd82-e4ae-404e-b35a-e9ca0b02af0c{ip: 192.168.69.96, host: trunk-nightly-hmp62-43275749, networkLocation: /default-rack, certSerialId: null}b56c3050-e7d5-43b7-8d2e-a575394b13c1{ip: 192.168.69.96, host: trunk-nightly-hmp62-43275749, networkLocation: /default-rack, certSerialId: null}, Type:RATIS, Factor:THREE, State:OPEN]
2019-07-13 09:16:18,564 INFO  impl.PendingRequests (PendingRequests.java:sendNotLeaderResponses(202)) - af8cb241-e95a-4041-9c02-16b1a4e582f8-PendingRequests: sendNotLeaderResponses
2019-07-13 09:16:18,569 INFO  pipeline.PipelineStateManager (PipelineStateManager.java:finalizePipeline(123)) - Pipeline Pipeline[ Id: e210bc5f-1b98-4bf0-99db-94d12a9e6643, Nodes: 63dd3901-f8a4-46fd-9ca1-94af92e34249{ip: 192.168.69.96, host: trunk-nightly-hmp62-43275749, networkLocation: /default-rack, certSerialId: null}12f5dd82-e4ae-404e-b35a-e9ca0b02af0c{ip: 192.168.69.96, host: trunk-nightly-hmp62-43275749, networkLocation: /default-rack, certSerialId: null}b56c3050-e7d5-43b7-8d2e-a575394b13c1{ip: 192.168.69.96, host: trunk-nightly-hmp62-43275749, networkLocation: /default-rack, certSerialId: null}, Type:RATIS, Factor:THREE, State:CLOSED] moved to CLOSED state
2019-07-13 09:16:18,569 WARN  server.GrpcLogAppender (GrpcLogAppender.java:mayWait(143)) - GrpcLogAppender(12f5dd82-e4ae-404e-b35a-e9ca0b02af0c->63dd3901-f8a4-46fd-9ca1-94af92e34249): Wait interrupted by java.lang.InterruptedException
2019-07-13 09:16:18,569 WARN  server.GrpcLogAppender (GrpcLogAppender.java:mayWait(143)) - GrpcLogAppender(12f5dd82-e4ae-404e-b35a-e9ca0b02af0c->b56c3050-e7d5-43b7-8d2e-a575394b13c1): Wait interrupted by java.lang.InterruptedException
2019-07-13 09:16:18,569 INFO  impl.PendingRequests (PendingRequests.java:sendNotLeaderResponses(202)) - 12f5dd82-e4ae-404e-b35a-e9ca0b02af0c-PendingRequests: sendNotLeaderResponses
2019-07-13 09:16:18,579 INFO  server.GrpcServerProtocolService (GrpcServerProtocolService.java:onCompleted(104)) - b56c3050-e7d5-43b7-8d2e-a575394b13c1: appendEntries completed
2019-07-13 09:16:18,580 INFO  server.GrpcServerProtocolService (GrpcServerProtocolService.java:onCompleted(104)) - 63dd3901-f8a4-46fd-9ca1-94af92e34249: appendEntries completed
2019-07-13 09:16:18,579 INFO  ratis.ContainerStateMachine (ContainerStateMachine.java:takeSnapshot(246)) - Taking snapshot at termIndex:(t:1, i:12)
2019-07-13 09:16:18,579 INFO  impl.StateMachineUpdater (StateMachineUpdater.java:stopAndJoin(115)) - StateMachineUpdater:af8cb241-e95a-4041-9c02-16b1a4e582f8:group-AE6611D1F30C: set stopIndex = 13
2019-07-13 09:16:18,579 INFO  pipeline.SCMPipelineManager (SCMPipelineManager.java:finalizeAndDestroyPipeline(309)) - destroying pipeline:Pipeline[ Id: f8324046-6565-47c7-ae49-f48f92110910, Nodes: 12f5dd82-e4ae-404e-b35a-e9ca0b02af0c{ip: 192.168.69.96, host: trunk-nightly-hmp62-43275749, networkLocation: /default-rack, certSerialId: null}, Type:RATIS, Factor:ONE, State:OPEN]
2019-07-13 09:16:18,580 INFO  server.GrpcLogAppender (GrpcLogAppender.java:onCompleted(292)) - 12f5dd82-e4ae-404e-b35a-e9ca0b02af0c->63dd3901-f8a4-46fd-9ca1-94af92e34249: follower responses appendEntries COMPLETED
2019-07-13 09:16:18,580 INFO  server.GrpcLogAppender (GrpcLogAppender.java:onCompleted(292)) - 12f5dd82-e4ae-404e-b35a-e9ca0b02af0c->b56c3050-e7d5-43b7-8d2e-a575394b13c1: follower responses appendEntries COMPLETED
2019-07-13 09:16:18,580 INFO  ratis.ContainerStateMachine (ContainerStateMachine.java:takeSnapshot(250)) - Taking a snapshot to file /tmp/workdir/hadoop-ozone/integration-test/target/test-dir/MiniOzoneClusterImpl-92b618a0-2021-43d7-b9f6-a6987319673f/datanode-4/data/ratis/801c3359-64ed-445d-bdcc-ae6611d1f30c/sm/snapshot.1_12
2019-07-13 09:16:18,581 INFO  impl.FollowerInfo (FollowerInfo.java:lambda$new$0(50)) - 12f5dd82-e4ae-404e-b35a-e9ca0b02af0c->b56c3050-e7d5-43b7-8d2e-a575394b13c1: nextIndex: updateUnconditionally 1 -> 0
2019-07-13 09:16:18,579 INFO  ratis.ContainerStateMachine (ContainerStateMachine.java:takeSnapshot(246)) - Taking snapshot at termIndex:(t:0, i:~)
2019-07-13 09:16:18,579 INFO  impl.StateMachineUpdater (StateMachineUpdater.java:stopAndJoin(115)) - StateMachineUpdater:12f5dd82-e4ae-404e-b35a-e9ca0b02af0c:group-94D12A9E6643: set stopIndex = 0
2019-07-13 09:16:18,581 INFO  impl.FollowerInfo (FollowerInfo.java:lambda$new$0(50)) - 12f5dd82-e4ae-404e-b35a-e9ca0b02af0c->63dd3901-f8a4-46fd-9ca1-94af92e34249: nextIndex: updateUnconditionally 1 -> 0
2019-07-13 09:16:18,581 INFO  pipeline.PipelineStateManager (PipelineStateManager.java:finalizePipeline(123)) - Pipeline Pipeline[ Id: f8324046-6565-47c7-ae49-f48f92110910, Nodes: 12f5dd82-e4ae-404e-b35a-e9ca0b02af0c{ip: 192.168.69.96, host: trunk-nightly-hmp62-43275749, networkLocation: /default-rack, certSerialId: null}, Type:RATIS, Factor:ONE, State:CLOSED] moved to CLOSED state
2019-07-13 09:16:18,582 INFO  impl.RaftServerImpl (ServerState.java:close(394)) - 12f5dd82-e4ae-404e-b35a-e9ca0b02af0c:group-94D12A9E6643 closes. The last applied log index is 0
2019-07-13 09:16:18,583 INFO  impl.StateMachineUpdater (StateMachineUpdater.java:takeSnapshot(242)) - StateMachineUpdater:af8cb241-e95a-4041-9c02-16b1a4e582f8:group-AE6611D1F30C: Took a snapshot at index 12
2019-07-13 09:16:18,583 INFO  impl.StateMachineUpdater (StateMachineUpdater.java:lambda$new$0(80)) - StateMachineUpdater:af8cb241-e95a-4041-9c02-16b1a4e582f8:group-AE6611D1F30C: snapshotIndex: updateIncreasingly -1 -> 12
2019-07-13 09:16:18,583 INFO  segmented.SegmentedRaftLogWorker (SegmentedRaftLogWorker.java:run(313)) - 12f5dd82-e4ae-404e-b35a-e9ca0b02af0c-SegmentedRaftLogWorker:Storage Directory /tmp/workdir/hadoop-ozone/integration-test/target/test-dir/MiniOzoneClusterImpl-92b618a0-2021-43d7-b9f6-a6987319673f/datanode-1/data/ratis/e210bc5f-1b98-4bf0-99db-94d12a9e6643 was interrupted, exiting. There are 0 tasks remaining in the queue.
2019-07-13 09:16:18,583 INFO  impl.RaftServerImpl (ServerState.java:close(394)) - af8cb241-e95a-4041-9c02-16b1a4e582f8:group-AE6611D1F30C closes. The last applied log index is 13
2019-07-13 09:16:18,586 INFO  segmented.SegmentedRaftLogWorker (SegmentedRaftLogWorker.java:close(228)) - 12f5dd82-e4ae-404e-b35a-e9ca0b02af0c-SegmentedRaftLogWorker:Storage Directory /tmp/workdir/hadoop-ozone/integration-test/target/test-dir/MiniOzoneClusterImpl-92b618a0-2021-43d7-b9f6-a6987319673f/datanode-1/data/ratis/e210bc5f-1b98-4bf0-99db-94d12a9e6643 close()
2019-07-13 09:16:18,586 INFO  segmented.SegmentedRaftLogWorker (SegmentedRaftLogWorker.java:run(313)) - af8cb241-e95a-4041-9c02-16b1a4e582f8-SegmentedRaftLogWorker:Storage Directory /tmp/workdir/hadoop-ozone/integration-test/target/test-dir/MiniOzoneClusterImpl-92b618a0-2021-43d7-b9f6-a6987319673f/datanode-4/data/ratis/801c3359-64ed-445d-bdcc-ae6611d1f30c was interrupted, exiting. There are 0 tasks remaining in the queue.
2019-07-13 09:16:18,603 INFO  impl.RaftServerImpl (RaftServerImpl.java:lambda$shutdown$3(245)) - 12f5dd82-e4ae-404e-b35a-e9ca0b02af0c: shutdown group-F48F92110910
2019-07-13 09:16:18,605 INFO  segmented.SegmentedRaftLogWorker (SegmentedRaftLogWorker.java:close(228)) - af8cb241-e95a-4041-9c02-16b1a4e582f8-SegmentedRaftLogWorker:Storage Directory /tmp/workdir/hadoop-ozone/integration-test/target/test-dir/MiniOzoneClusterImpl-92b618a0-2021-43d7-b9f6-a6987319673f/datanode-4/data/ratis/801c3359-64ed-445d-bdcc-ae6611d1f30c close()
2019-07-13 09:16:18,605 INFO  util.JmxRegister (JmxRegister.java:unregister(73)) - Successfully un-registered JMX Bean with object name Ratis:service=RaftServer,group=group-F48F92110910,id=12f5dd82-e4ae-404e-b35a-e9ca0b02af0c
2019-07-13 09:16:18,608 INFO  impl.RaftServerImpl (RaftServerImpl.java:lambda$shutdown$3(245)) - af8cb241-e95a-4041-9c02-16b1a4e582f8: shutdown group-EEDAE6C705A4
2019-07-13 09:16:18,608 INFO  impl.RoleInfo (RoleInfo.java:shutdownLeaderState(104)) - 12f5dd82-e4ae-404e-b35a-e9ca0b02af0c: shutdown LeaderState
2019-07-13 09:16:18,608 INFO  util.JmxRegister (JmxRegister.java:unregister(73)) - Successfully un-registered JMX Bean with object name Ratis:service=RaftServer,group=group-EEDAE6C705A4,id=af8cb241-e95a-4041-9c02-16b1a4e582f8
2019-07-13 09:16:18,609 INFO  impl.PendingRequests (PendingRequests.java:sendNotLeaderResponses(202)) - 12f5dd82-e4ae-404e-b35a-e9ca0b02af0c-PendingRequests: sendNotLeaderResponses
2019-07-13 09:16:18,609 INFO  impl.RoleInfo (RoleInfo.java:shutdownLeaderState(104)) - af8cb241-e95a-4041-9c02-16b1a4e582f8: shutdown LeaderState
2019-07-13 09:16:18,609 INFO  ratis.ContainerStateMachine (ContainerStateMachine.java:takeSnapshot(246)) - Taking snapshot at termIndex:(t:0, i:~)
2019-07-13 09:16:18,614 WARN  server.GrpcLogAppender (GrpcLogAppender.java:mayWait(143)) - GrpcLogAppender(af8cb241-e95a-4041-9c02-16b1a4e582f8->f32e78eb-8ace-4da1-be61-402c772c2dbc): Wait interrupted by java.lang.InterruptedException
2019-07-13 09:16:18,609 INFO  impl.StateMachineUpdater (StateMachineUpdater.java:stopAndJoin(115)) - StateMachineUpdater:12f5dd82-e4ae-404e-b35a-e9ca0b02af0c:group-F48F92110910: set stopIndex = 0
2019-07-13 09:16:18,614 INFO  impl.RaftServerImpl (ServerState.java:close(394)) - 12f5dd82-e4ae-404e-b35a-e9ca0b02af0c:group-F48F92110910 closes. The last applied log index is 0
2019-07-13 09:16:18,614 WARN  server.GrpcLogAppender (GrpcLogAppender.java:mayWait(143)) - GrpcLogAppender(af8cb241-e95a-4041-9c02-16b1a4e582f8->b1cf789f-56ae-4e76-ab41-e93215d4786a): Wait interrupted by java.lang.InterruptedException
2019-07-13 09:16:18,613 INFO  impl.PendingRequests (PendingRequests.java:sendNotLeaderResponses(202)) - af8cb241-e95a-4041-9c02-16b1a4e582f8-PendingRequests: sendNotLeaderResponses
2019-07-13 09:16:18,615 INFO  server.GrpcServerProtocolService (GrpcServerProtocolService.java:onCompleted(104)) - b1cf789f-56ae-4e76-ab41-e93215d4786a: appendEntries completed
2019-07-13 09:16:18,614 INFO  segmented.SegmentedRaftLogWorker (SegmentedRaftLogWorker.java:run(313)) - 12f5dd82-e4ae-404e-b35a-e9ca0b02af0c-SegmentedRaftLogWorker:Storage Directory /tmp/workdir/hadoop-ozone/integration-test/target/test-dir/MiniOzoneClusterImpl-92b618a0-2021-43d7-b9f6-a6987319673f/datanode-1/data/ratis/f8324046-6565-47c7-ae49-f48f92110910 was interrupted, exiting. There are 0 tasks remaining in the queue.
2019-07-13 09:16:18,614 INFO  server.GrpcServerProtocolService (GrpcServerProtocolService.java:onCompleted(104)) - f32e78eb-8ace-4da1-be61-402c772c2dbc: appendEntries completed
2019-07-13 09:16:18,615 INFO  ratis.ContainerStateMachine (ContainerStateMachine.java:takeSnapshot(246)) - Taking snapshot at termIndex:(t:0, i:~)
2019-07-13 09:16:18,618 INFO  server.GrpcLogAppender (GrpcLogAppender.java:onCompleted(292)) - af8cb241-e95a-4041-9c02-16b1a4e582f8->b1cf789f-56ae-4e76-ab41-e93215d4786a: follower responses appendEntries COMPLETED
2019-07-13 09:16:18,615 INFO  impl.StateMachineUpdater (StateMachineUpdater.java:stopAndJoin(115)) - StateMachineUpdater:af8cb241-e95a-4041-9c02-16b1a4e582f8:group-EEDAE6C705A4: set stopIndex = 0
2019-07-13 09:16:18,618 INFO  server.GrpcLogAppender (GrpcLogAppender.java:onCompleted(292)) - af8cb241-e95a-4041-9c02-16b1a4e582f8->f32e78eb-8ace-4da1-be61-402c772c2dbc: follower responses appendEntries COMPLETED
2019-07-13 09:16:18,618 INFO  impl.FollowerInfo (FollowerInfo.java:lambda$new$0(50)) - af8cb241-e95a-4041-9c02-16b1a4e582f8->b1cf789f-56ae-4e76-ab41-e93215d4786a: nextIndex: updateUnconditionally 1 -> 0
2019-07-13 09:16:18,617 INFO  segmented.SegmentedRaftLogWorker (SegmentedRaftLogWorker.java:close(228)) - 12f5dd82-e4ae-404e-b35a-e9ca0b02af0c-SegmentedRaftLogWorker:Storage Directory /tmp/workdir/hadoop-ozone/integration-test/target/test-dir/MiniOzoneClusterImpl-92b618a0-2021-43d7-b9f6-a6987319673f/datanode-1/data/ratis/f8324046-6565-47c7-ae49-f48f92110910 close()
2019-07-13 09:16:18,619 INFO  impl.FollowerInfo (FollowerInfo.java:lambda$new$0(50)) - af8cb241-e95a-4041-9c02-16b1a4e582f8->f32e78eb-8ace-4da1-be61-402c772c2dbc: nextIndex: updateUnconditionally 1 -> 0
2019-07-13 09:16:18,618 INFO  impl.RaftServerImpl (ServerState.java:close(394)) - af8cb241-e95a-4041-9c02-16b1a4e582f8:group-EEDAE6C705A4 closes. The last applied log index is 0
2019-07-13 09:16:18,622 INFO  server.GrpcService (GrpcService.java:closeImpl(155)) - 12f5dd82-e4ae-404e-b35a-e9ca0b02af0c: shutdown server with port 42019 now
2019-07-13 09:16:18,622 INFO  segmented.SegmentedRaftLogWorker (SegmentedRaftLogWorker.java:run(313)) - af8cb241-e95a-4041-9c02-16b1a4e582f8-SegmentedRaftLogWorker:Storage Directory /tmp/workdir/hadoop-ozone/integration-test/target/test-dir/MiniOzoneClusterImpl-92b618a0-2021-43d7-b9f6-a6987319673f/datanode-4/data/ratis/a530fc7c-6f90-45ca-90bd-eedae6c705a4 was interrupted, exiting. There are 0 tasks remaining in the queue.
2019-07-13 09:16:18,625 INFO  segmented.SegmentedRaftLogWorker (SegmentedRaftLogWorker.java:close(228)) - af8cb241-e95a-4041-9c02-16b1a4e582f8-SegmentedRaftLogWorker:Storage Directory /tmp/workdir/hadoop-ozone/integration-test/target/test-dir/MiniOzoneClusterImpl-92b618a0-2021-43d7-b9f6-a6987319673f/datanode-4/data/ratis/a530fc7c-6f90-45ca-90bd-eedae6c705a4 close()
2019-07-13 09:16:18,625 INFO  server.GrpcService (GrpcService.java:closeImpl(163)) - 12f5dd82-e4ae-404e-b35a-e9ca0b02af0c: shutdown server with port 42019 successfully
2019-07-13 09:16:18,628 INFO  server.GrpcService (GrpcService.java:closeImpl(155)) - af8cb241-e95a-4041-9c02-16b1a4e582f8: shutdown server with port 37677 now
2019-07-13 09:16:18,629 INFO  server.GrpcService (GrpcService.java:closeImpl(163)) - af8cb241-e95a-4041-9c02-16b1a4e582f8: shutdown server with port 37677 successfully
2019-07-13 09:16:18,629 INFO  utils.BackgroundService (BackgroundService.java:shutdown(148)) - Shutting down service BlockDeletingService
2019-07-13 09:16:18,630 WARN  fs.CachingGetSpaceUsed (CachingGetSpaceUsed.java:run(183)) - Thread Interrupted waiting to refresh disk information: sleep interrupted
2019-07-13 09:16:18,632 INFO  utils.BackgroundService (BackgroundService.java:shutdown(148)) - Shutting down service BlockDeletingService
2019-07-13 09:16:18,633 WARN  fs.CachingGetSpaceUsed (CachingGetSpaceUsed.java:run(183)) - Thread Interrupted waiting to refresh disk information: sleep interrupted
2019-07-13 09:16:18,654 INFO  statemachine.DatanodeStateMachine (DatanodeStateMachine.java:stopDaemon(395)) - Ozone container server stopped.
2019-07-13 09:16:18,656 INFO  statemachine.DatanodeStateMachine (DatanodeStateMachine.java:stopDaemon(395)) - Ozone container server stopped.
2019-07-13 09:16:18,661 INFO  handler.ContextHandler (ContextHandler.java:doStop(910)) - Stopped o.e.j.w.WebAppContext@27bc2650{/,null,UNAVAILABLE}{/hddsDatanode}
2019-07-13 09:16:18,662 INFO  handler.ContextHandler (ContextHandler.java:doStop(910)) - Stopped o.e.j.w.WebAppContext@37fc7e3c{/,null,UNAVAILABLE}{/hddsDatanode}
2019-07-13 09:16:18,662 INFO  server.AbstractConnector (AbstractConnector.java:doStop(318)) - Stopped ServerConnector@5c40402c{HTTP/1.1,[http/1.1]}{0.0.0.0:0}
2019-07-13 09:16:18,664 INFO  handler.ContextHandler (ContextHandler.java:doStop(910)) - Stopped o.e.j.s.ServletContextHandler@1dd6e400{/static,jar:file:/home/user/.m2/repository/org/apache/hadoop/hadoop-hdds-container-service/0.5.0-SNAPSHOT/hadoop-hdds-container-service-0.5.0-SNAPSHOT.jar!/webapps/static,UNAVAILABLE}
2019-07-13 09:16:18,664 INFO  server.AbstractConnector (AbstractConnector.java:doStop(318)) - Stopped ServerConnector@1c96bf1e{HTTP/1.1,[http/1.1]}{0.0.0.0:0}
2019-07-13 09:16:18,666 INFO  handler.ContextHandler (ContextHandler.java:doStop(910)) - Stopped o.e.j.s.ServletContextHandler@6b35b0f4{/logs,file:///tmp/workdir/hadoop-ozone/integration-test/target/log,UNAVAILABLE}
2019-07-13 09:16:18,666 INFO  handler.ContextHandler (ContextHandler.java:doStop(910)) - Stopped o.e.j.s.ServletContextHandler@2c02cf78{/static,jar:file:/home/user/.m2/repository/org/apache/hadoop/hadoop-hdds-container-service/0.5.0-SNAPSHOT/hadoop-hdds-container-service-0.5.0-SNAPSHOT.jar!/webapps/static,UNAVAILABLE}
2019-07-13 09:16:18,667 INFO  datanode.ObjectStoreHandler (ObjectStoreHandler.java:close(155)) - Closing ObjectStoreHandler.
2019-07-13 09:16:18,667 INFO  handler.ContextHandler (ContextHandler.java:doStop(910)) - Stopped o.e.j.s.ServletContextHandler@759c53e5{/logs,file:///tmp/workdir/hadoop-ozone/integration-test/target/log,UNAVAILABLE}
2019-07-13 09:16:18,668 INFO  ozone.HddsDatanodeService (HddsDatanodeService.java:stop(452)) - Stopped plug-in org.apache.hadoop.ozone.web.OzoneHddsDatanodeService@5d1eb214
2019-07-13 09:16:18,668 INFO  datanode.ObjectStoreHandler (ObjectStoreHandler.java:close(155)) - Closing ObjectStoreHandler.
2019-07-13 09:16:18,669 INFO  ozone.HddsDatanodeService (HddsDatanodeService.java:stop(452)) - Stopped plug-in org.apache.hadoop.ozone.web.OzoneHddsDatanodeService@2d26c6a2
2019-07-13 09:16:18,872 INFO  statemachine.DatanodeStateMachine (DatanodeStateMachine.java:lambda$startDaemon$0(350)) - Ozone container server started.
2019-07-13 09:16:19,644 INFO  statemachine.DatanodeStateMachine (DatanodeStateMachine.java:lambda$startDaemon$0(350)) - Ozone container server started.
2019-07-13 09:16:21,565 INFO  impl.FollowerState (FollowerState.java:run(106)) - b1cf789f-56ae-4e76-ab41-e93215d4786a:group-EEDAE6C705A4 changes to CANDIDATE, lastRpcTime:5178, electionTimeout:5099ms
2019-07-13 09:16:21,565 INFO  impl.RoleInfo (RoleInfo.java:shutdownFollowerState(121)) - b1cf789f-56ae-4e76-ab41-e93215d4786a: shutdown FollowerState
2019-07-13 09:16:21,565 INFO  impl.RaftServerImpl (RaftServerImpl.java:setRole(171)) - b1cf789f-56ae-4e76-ab41-e93215d4786a:group-EEDAE6C705A4 changes role from FOLLOWER to CANDIDATE at term 1 for changeToCandidate
2019-07-13 09:16:21,565 INFO  impl.RoleInfo (RoleInfo.java:updateAndGet(143)) - b1cf789f-56ae-4e76-ab41-e93215d4786a: start LeaderElection
2019-07-13 09:16:21,568 INFO  impl.RaftServerImpl (ServerState.java:setLeader(263)) - b1cf789f-56ae-4e76-ab41-e93215d4786a:group-EEDAE6C705A4 change Leader from af8cb241-e95a-4041-9c02-16b1a4e582f8 to null at term 1 for initElection
2019-07-13 09:16:21,582 INFO  impl.LeaderElection (LeaderElection.java:askForVotes(181)) - b1cf789f-56ae-4e76-ab41-e93215d4786a:group-EEDAE6C705A4:LeaderElection53: begin an election at term 2 for 0: [f32e78eb-8ace-4da1-be61-402c772c2dbc:192.168.69.96:39915, af8cb241-e95a-4041-9c02-16b1a4e582f8:192.168.69.96:37677, b1cf789f-56ae-4e76-ab41-e93215d4786a:192.168.69.96:39268], old=null
2019-07-13 09:16:21,585 INFO  impl.LeaderElection (LogUtils.java:infoOrTrace(149)) - b1cf789f-56ae-4e76-ab41-e93215d4786a:group-EEDAE6C705A4:LeaderElection53 got exception when requesting votes: {}
java.util.concurrent.ExecutionException: org.apache.ratis.thirdparty.io.grpc.StatusRuntimeException: UNAVAILABLE: io exception
	at java.util.concurrent.FutureTask.report(FutureTask.java:122)
	at java.util.concurrent.FutureTask.get(FutureTask.java:192)
	at org.apache.ratis.server.impl.LeaderElection.waitForResults(LeaderElection.java:262)
	at org.apache.ratis.server.impl.LeaderElection.askForVotes(LeaderElection.java:200)
	at org.apache.ratis.server.impl.LeaderElection.run(LeaderElection.java:130)
	at java.lang.Thread.run(Thread.java:748)
Caused by: org.apache.ratis.thirdparty.io.grpc.StatusRuntimeException: UNAVAILABLE: io exception
	at org.apache.ratis.thirdparty.io.grpc.stub.ClientCalls.toStatusRuntimeException(ClientCalls.java:233)
	at org.apache.ratis.thirdparty.io.grpc.stub.ClientCalls.getUnchecked(ClientCalls.java:214)
	at org.apache.ratis.thirdparty.io.grpc.stub.ClientCalls.blockingUnaryCall(ClientCalls.java:139)
	at org.apache.ratis.proto.grpc.RaftServerProtocolServiceGrpc$RaftServerProtocolServiceBlockingStub.requestVote(RaftServerProtocolServiceGrpc.java:265)
	at org.apache.ratis.grpc.server.GrpcServerProtocolClient.requestVote(GrpcServerProtocolClient.java:83)
	at org.apache.ratis.grpc.server.GrpcService.requestVote(GrpcService.java:195)
	at org.apache.ratis.server.impl.LeaderElection.lambda$submitRequests$1(LeaderElection.java:237)
	at java.util.concurrent.FutureTask.run(FutureTask.java:266)
	at java.util.concurrent.Executors$RunnableAdapter.call(Executors.java:511)
	at java.util.concurrent.FutureTask.run(FutureTask.java:266)
	at java.util.concurrent.ThreadPoolExecutor.runWorker(ThreadPoolExecutor.java:1149)
	at java.util.concurrent.ThreadPoolExecutor$Worker.run(ThreadPoolExecutor.java:624)
	... 1 more
Caused by: org.apache.ratis.thirdparty.io.netty.channel.AbstractChannel$AnnotatedConnectException: Connection refused: /192.168.69.96:37677
	at sun.nio.ch.SocketChannelImpl.checkConnect(Native Method)
	at sun.nio.ch.SocketChannelImpl.finishConnect(SocketChannelImpl.java:717)
	at org.apache.ratis.thirdparty.io.netty.channel.socket.nio.NioSocketChannel.doFinishConnect(NioSocketChannel.java:327)
	at org.apache.ratis.thirdparty.io.netty.channel.nio.AbstractNioChannel$AbstractNioUnsafe.finishConnect(AbstractNioChannel.java:340)
	at org.apache.ratis.thirdparty.io.netty.channel.nio.NioEventLoop.processSelectedKey(NioEventLoop.java:632)
	at org.apache.ratis.thirdparty.io.netty.channel.nio.NioEventLoop.processSelectedKeysOptimized(NioEventLoop.java:579)
	at org.apache.ratis.thirdparty.io.netty.channel.nio.NioEventLoop.processSelectedKeys(NioEventLoop.java:496)
	at org.apache.ratis.thirdparty.io.netty.channel.nio.NioEventLoop.run(NioEventLoop.java:458)
	at org.apache.ratis.thirdparty.io.netty.util.concurrent.SingleThreadEventExecutor$5.run(SingleThreadEventExecutor.java:897)
	at org.apache.ratis.thirdparty.io.netty.util.concurrent.FastThreadLocalRunnable.run(FastThreadLocalRunnable.java:30)
	... 1 more
Caused by: java.net.ConnectException: Connection refused
	... 11 more
2019-07-13 09:16:21,585 INFO  impl.RaftServerImpl (ServerState.java:setLeader(263)) - f32e78eb-8ace-4da1-be61-402c772c2dbc:group-EEDAE6C705A4 change Leader from af8cb241-e95a-4041-9c02-16b1a4e582f8 to null at term 2 for updateCurrentTerm
2019-07-13 09:16:21,588 INFO  impl.RaftServerImpl (RaftServerImpl.java:setRole(171)) - f32e78eb-8ace-4da1-be61-402c772c2dbc:group-EEDAE6C705A4 changes role from FOLLOWER to FOLLOWER at term 2 for recognizeCandidate:b1cf789f-56ae-4e76-ab41-e93215d4786a
2019-07-13 09:16:21,588 INFO  impl.RoleInfo (RoleInfo.java:shutdownFollowerState(121)) - f32e78eb-8ace-4da1-be61-402c772c2dbc: shutdown FollowerState
2019-07-13 09:16:21,588 INFO  impl.RoleInfo (RoleInfo.java:updateAndGet(143)) - f32e78eb-8ace-4da1-be61-402c772c2dbc: start FollowerState
2019-07-13 09:16:21,588 INFO  impl.FollowerState (FollowerState.java:run(114)) - f32e78eb-8ace-4da1-be61-402c772c2dbc: FollowerState was interrupted: java.lang.InterruptedException: sleep interrupted
2019-07-13 09:16:21,605 INFO  impl.LeaderElection (LeaderElection.java:logAndReturn(56)) - b1cf789f-56ae-4e76-ab41-e93215d4786a:group-EEDAE6C705A4:LeaderElection53: Election PASSED; received 1 response(s) [b1cf789f-56ae-4e76-ab41-e93215d4786a<-f32e78eb-8ace-4da1-be61-402c772c2dbc#0:OK-t2] and 1 exception(s); b1cf789f-56ae-4e76-ab41-e93215d4786a:t2, leader=null, voted=b1cf789f-56ae-4e76-ab41-e93215d4786a, raftlog=b1cf789f-56ae-4e76-ab41-e93215d4786a-SegmentedRaftLog:OPENED:c0,f0,i0, conf=0: [f32e78eb-8ace-4da1-be61-402c772c2dbc:192.168.69.96:39915, af8cb241-e95a-4041-9c02-16b1a4e582f8:192.168.69.96:37677, b1cf789f-56ae-4e76-ab41-e93215d4786a:192.168.69.96:39268], old=null
2019-07-13 09:16:21,605 INFO  impl.LeaderElection (LogUtils.java:infoOrTrace(149)) -   Exception 0: {}
java.util.concurrent.ExecutionException: org.apache.ratis.thirdparty.io.grpc.StatusRuntimeException: UNAVAILABLE: io exception
	at java.util.concurrent.FutureTask.report(FutureTask.java:122)
	at java.util.concurrent.FutureTask.get(FutureTask.java:192)
	at org.apache.ratis.server.impl.LeaderElection.waitForResults(LeaderElection.java:262)
	at org.apache.ratis.server.impl.LeaderElection.askForVotes(LeaderElection.java:200)
	at org.apache.ratis.server.impl.LeaderElection.run(LeaderElection.java:130)
	at java.lang.Thread.run(Thread.java:748)
Caused by: org.apache.ratis.thirdparty.io.grpc.StatusRuntimeException: UNAVAILABLE: io exception
	at org.apache.ratis.thirdparty.io.grpc.stub.ClientCalls.toStatusRuntimeException(ClientCalls.java:233)
	at org.apache.ratis.thirdparty.io.grpc.stub.ClientCalls.getUnchecked(ClientCalls.java:214)
	at org.apache.ratis.thirdparty.io.grpc.stub.ClientCalls.blockingUnaryCall(ClientCalls.java:139)
	at org.apache.ratis.proto.grpc.RaftServerProtocolServiceGrpc$RaftServerProtocolServiceBlockingStub.requestVote(RaftServerProtocolServiceGrpc.java:265)
	at org.apache.ratis.grpc.server.GrpcServerProtocolClient.requestVote(GrpcServerProtocolClient.java:83)
	at org.apache.ratis.grpc.server.GrpcService.requestVote(GrpcService.java:195)
	at org.apache.ratis.server.impl.LeaderElection.lambda$submitRequests$1(LeaderElection.java:237)
	at java.util.concurrent.FutureTask.run(FutureTask.java:266)
	at java.util.concurrent.Executors$RunnableAdapter.call(Executors.java:511)
	at java.util.concurrent.FutureTask.run(FutureTask.java:266)
	at java.util.concurrent.ThreadPoolExecutor.runWorker(ThreadPoolExecutor.java:1149)
	at java.util.concurrent.ThreadPoolExecutor$Worker.run(ThreadPoolExecutor.java:624)
	... 1 more
Caused by: org.apache.ratis.thirdparty.io.netty.channel.AbstractChannel$AnnotatedConnectException: Connection refused: /192.168.69.96:37677
	at sun.nio.ch.SocketChannelImpl.checkConnect(Native Method)
	at sun.nio.ch.SocketChannelImpl.finishConnect(SocketChannelImpl.java:717)
	at org.apache.ratis.thirdparty.io.netty.channel.socket.nio.NioSocketChannel.doFinishConnect(NioSocketChannel.java:327)
	at org.apache.ratis.thirdparty.io.netty.channel.nio.AbstractNioChannel$AbstractNioUnsafe.finishConnect(AbstractNioChannel.java:340)
	at org.apache.ratis.thirdparty.io.netty.channel.nio.NioEventLoop.processSelectedKey(NioEventLoop.java:632)
	at org.apache.ratis.thirdparty.io.netty.channel.nio.NioEventLoop.processSelectedKeysOptimized(NioEventLoop.java:579)
	at org.apache.ratis.thirdparty.io.netty.channel.nio.NioEventLoop.processSelectedKeys(NioEventLoop.java:496)
	at org.apache.ratis.thirdparty.io.netty.channel.nio.NioEventLoop.run(NioEventLoop.java:458)
	at org.apache.ratis.thirdparty.io.netty.util.concurrent.SingleThreadEventExecutor$5.run(SingleThreadEventExecutor.java:897)
	at org.apache.ratis.thirdparty.io.netty.util.concurrent.FastThreadLocalRunnable.run(FastThreadLocalRunnable.java:30)
	... 1 more
Caused by: java.net.ConnectException: Connection refused
	... 11 more
2019-07-13 09:16:21,606 INFO  impl.RoleInfo (RoleInfo.java:shutdownLeaderElection(134)) - b1cf789f-56ae-4e76-ab41-e93215d4786a: shutdown LeaderElection
2019-07-13 09:16:21,606 INFO  impl.RaftServerImpl (RaftServerImpl.java:setRole(171)) - b1cf789f-56ae-4e76-ab41-e93215d4786a:group-EEDAE6C705A4 changes role from CANDIDATE to LEADER at term 2 for changeToLeader
2019-07-13 09:16:21,606 INFO  impl.RaftServerImpl (ServerState.java:setLeader(263)) - b1cf789f-56ae-4e76-ab41-e93215d4786a:group-EEDAE6C705A4 change Leader from null to b1cf789f-56ae-4e76-ab41-e93215d4786a at term 2 for becomeLeader, leader elected after 38ms
2019-07-13 09:16:21,606 INFO  server.RaftServerConfigKeys (ConfUtils.java:logGet(43)) - raft.server.staging.catchup.gap = 1000 (default)
2019-07-13 09:16:21,606 INFO  server.RaftServerConfigKeys (ConfUtils.java:logGet(43)) - raft.server.rpc.sleep.time = 25ms (default)
2019-07-13 09:16:21,606 INFO  server.RaftServerConfigKeys (ConfUtils.java:logGet(43)) - raft.server.write.element-limit = 4096 (default)
2019-07-13 09:16:21,607 INFO  server.RaftServerConfigKeys (ConfUtils.java:logGet(43)) - raft.server.watch.timeout = 10s (default)
2019-07-13 09:16:21,607 INFO  server.RaftServerConfigKeys (ConfUtils.java:logGet(43)) - raft.server.watch.timeout.denomination = 1s (default)
2019-07-13 09:16:21,607 INFO  server.RaftServerConfigKeys (ConfUtils.java:logGet(43)) - raft.server.watch.element-limit = 65536 (default)
2019-07-13 09:16:21,607 INFO  server.RaftServerConfigKeys (ConfUtils.java:logGet(43)) - raft.server.log.appender.snapshot.chunk.size.max = 16MB (=16777216) (default)
2019-07-13 09:16:21,607 INFO  server.RaftServerConfigKeys (ConfUtils.java:logGet(43)) - raft.server.log.appender.buffer.byte-limit = 33554432 (custom)
2019-07-13 09:16:21,608 INFO  server.RaftServerConfigKeys (ConfUtils.java:logGet(43)) - raft.server.log.appender.buffer.element-limit = 1 (custom)
2019-07-13 09:16:21,608 INFO  grpc.GrpcConfigKeys$Server (ConfUtils.java:logGet(43)) - raft.grpc.server.leader.outstanding.appends.max = 128 (default)
2019-07-13 09:16:21,608 INFO  server.RaftServerConfigKeys (ConfUtils.java:logGet(43)) - raft.server.rpc.request.timeout = 3000ms (default)
2019-07-13 09:16:21,608 INFO  server.RaftServerConfigKeys (ConfUtils.java:logGet(43)) - raft.server.log.appender.install.snapshot.enabled = false (custom)
2019-07-13 09:16:21,608 INFO  server.RaftServerConfigKeys (ConfUtils.java:logGet(43)) - raft.server.log.appender.snapshot.chunk.size.max = 16MB (=16777216) (default)
2019-07-13 09:16:21,609 INFO  server.RaftServerConfigKeys (ConfUtils.java:logGet(43)) - raft.server.log.appender.buffer.byte-limit = 33554432 (custom)
2019-07-13 09:16:21,609 INFO  server.RaftServerConfigKeys (ConfUtils.java:logGet(43)) - raft.server.log.appender.buffer.element-limit = 1 (custom)
2019-07-13 09:16:21,609 INFO  grpc.GrpcConfigKeys$Server (ConfUtils.java:logGet(43)) - raft.grpc.server.leader.outstanding.appends.max = 128 (default)
2019-07-13 09:16:21,609 INFO  server.RaftServerConfigKeys (ConfUtils.java:logGet(43)) - raft.server.rpc.request.timeout = 3000ms (default)
2019-07-13 09:16:21,609 INFO  server.RaftServerConfigKeys (ConfUtils.java:logGet(43)) - raft.server.log.appender.install.snapshot.enabled = false (custom)
2019-07-13 09:16:21,609 INFO  impl.RoleInfo (RoleInfo.java:updateAndGet(143)) - b1cf789f-56ae-4e76-ab41-e93215d4786a: start LeaderState
2019-07-13 09:16:21,610 INFO  segmented.SegmentedRaftLogWorker (SegmentedRaftLogWorker.java:rollLogSegment(385)) - b1cf789f-56ae-4e76-ab41-e93215d4786a-SegmentedRaftLogWorker:Storage Directory /tmp/workdir/hadoop-ozone/integration-test/target/test-dir/MiniOzoneClusterImpl-92b618a0-2021-43d7-b9f6-a6987319673f/datanode-5/data/ratis/a530fc7c-6f90-45ca-90bd-eedae6c705a4: Rolling segment log-0_0 to index:0
2019-07-13 09:16:21,611 INFO  segmented.SegmentedRaftLogWorker (SegmentedRaftLogWorker.java:execute(526)) - b1cf789f-56ae-4e76-ab41-e93215d4786a-SegmentedRaftLogWorker:Storage Directory /tmp/workdir/hadoop-ozone/integration-test/target/test-dir/MiniOzoneClusterImpl-92b618a0-2021-43d7-b9f6-a6987319673f/datanode-5/data/ratis/a530fc7c-6f90-45ca-90bd-eedae6c705a4: Rolled log segment from /tmp/workdir/hadoop-ozone/integration-test/target/test-dir/MiniOzoneClusterImpl-92b618a0-2021-43d7-b9f6-a6987319673f/datanode-5/data/ratis/a530fc7c-6f90-45ca-90bd-eedae6c705a4/current/log_inprogress_0 to /tmp/workdir/hadoop-ozone/integration-test/target/test-dir/MiniOzoneClusterImpl-92b618a0-2021-43d7-b9f6-a6987319673f/datanode-5/data/ratis/a530fc7c-6f90-45ca-90bd-eedae6c705a4/current/log_0-0
2019-07-13 09:16:21,611 INFO  impl.RaftServerImpl (ServerState.java:setRaftConf(361)) - b1cf789f-56ae-4e76-ab41-e93215d4786a:group-EEDAE6C705A4 set configuration 1: [f32e78eb-8ace-4da1-be61-402c772c2dbc:192.168.69.96:39915, af8cb241-e95a-4041-9c02-16b1a4e582f8:192.168.69.96:37677, b1cf789f-56ae-4e76-ab41-e93215d4786a:192.168.69.96:39268], old=null at 1
2019-07-13 09:16:21,611 WARN  server.GrpcLogAppender (LogUtils.java:warn(134)) - b1cf789f-56ae-4e76-ab41-e93215d4786a->af8cb241-e95a-4041-9c02-16b1a4e582f8: Failed appendEntries: org.apache.ratis.thirdparty.io.grpc.StatusRuntimeException: UNAVAILABLE: io exception
2019-07-13 09:16:21,612 INFO  impl.FollowerInfo (FollowerInfo.java:lambda$new$0(50)) - b1cf789f-56ae-4e76-ab41-e93215d4786a->af8cb241-e95a-4041-9c02-16b1a4e582f8: nextIndex: updateUnconditionally 1 -> 0
2019-07-13 09:16:21,612 INFO  impl.RaftServerImpl (ServerState.java:setLeader(263)) - f32e78eb-8ace-4da1-be61-402c772c2dbc:group-EEDAE6C705A4 change Leader from null to b1cf789f-56ae-4e76-ab41-e93215d4786a at term 2 for appendEntries, leader elected after 27ms
2019-07-13 09:16:21,614 INFO  impl.RaftServerImpl (ServerState.java:setRaftConf(361)) - f32e78eb-8ace-4da1-be61-402c772c2dbc:group-EEDAE6C705A4 set configuration 1: [f32e78eb-8ace-4da1-be61-402c772c2dbc:192.168.69.96:39915, af8cb241-e95a-4041-9c02-16b1a4e582f8:192.168.69.96:37677, b1cf789f-56ae-4e76-ab41-e93215d4786a:192.168.69.96:39268], old=null at 1
2019-07-13 09:16:21,615 INFO  segmented.SegmentedRaftLogWorker (SegmentedRaftLogWorker.java:rollLogSegment(385)) - f32e78eb-8ace-4da1-be61-402c772c2dbc-SegmentedRaftLogWorker:Storage Directory /tmp/workdir/hadoop-ozone/integration-test/target/test-dir/MiniOzoneClusterImpl-92b618a0-2021-43d7-b9f6-a6987319673f/datanode-3/data/ratis/a530fc7c-6f90-45ca-90bd-eedae6c705a4: Rolling segment log-0_0 to index:0
2019-07-13 09:16:21,615 INFO  segmented.SegmentedRaftLogWorker (SegmentedRaftLogWorker.java:execute(526)) - f32e78eb-8ace-4da1-be61-402c772c2dbc-SegmentedRaftLogWorker:Storage Directory /tmp/workdir/hadoop-ozone/integration-test/target/test-dir/MiniOzoneClusterImpl-92b618a0-2021-43d7-b9f6-a6987319673f/datanode-3/data/ratis/a530fc7c-6f90-45ca-90bd-eedae6c705a4: Rolled log segment from /tmp/workdir/hadoop-ozone/integration-test/target/test-dir/MiniOzoneClusterImpl-92b618a0-2021-43d7-b9f6-a6987319673f/datanode-3/data/ratis/a530fc7c-6f90-45ca-90bd-eedae6c705a4/current/log_inprogress_0 to /tmp/workdir/hadoop-ozone/integration-test/target/test-dir/MiniOzoneClusterImpl-92b618a0-2021-43d7-b9f6-a6987319673f/datanode-3/data/ratis/a530fc7c-6f90-45ca-90bd-eedae6c705a4/current/log_0-0
2019-07-13 09:16:21,642 INFO  segmented.SegmentedRaftLogWorker (SegmentedRaftLogWorker.java:execute(569)) - f32e78eb-8ace-4da1-be61-402c772c2dbc-SegmentedRaftLogWorker:Storage Directory /tmp/workdir/hadoop-ozone/integration-test/target/test-dir/MiniOzoneClusterImpl-92b618a0-2021-43d7-b9f6-a6987319673f/datanode-3/data/ratis/a530fc7c-6f90-45ca-90bd-eedae6c705a4: created new log segment /tmp/workdir/hadoop-ozone/integration-test/target/test-dir/MiniOzoneClusterImpl-92b618a0-2021-43d7-b9f6-a6987319673f/datanode-3/data/ratis/a530fc7c-6f90-45ca-90bd-eedae6c705a4/current/log_inprogress_1
2019-07-13 09:16:21,642 INFO  segmented.SegmentedRaftLogWorker (SegmentedRaftLogWorker.java:execute(569)) - b1cf789f-56ae-4e76-ab41-e93215d4786a-SegmentedRaftLogWorker:Storage Directory /tmp/workdir/hadoop-ozone/integration-test/target/test-dir/MiniOzoneClusterImpl-92b618a0-2021-43d7-b9f6-a6987319673f/datanode-5/data/ratis/a530fc7c-6f90-45ca-90bd-eedae6c705a4: created new log segment /tmp/workdir/hadoop-ozone/integration-test/target/test-dir/MiniOzoneClusterImpl-92b618a0-2021-43d7-b9f6-a6987319673f/datanode-5/data/ratis/a530fc7c-6f90-45ca-90bd-eedae6c705a4/current/log_inprogress_1
2019-07-13 09:16:21,657 WARN  server.GrpcLogAppender (LogUtils.java:warn(134)) - b1cf789f-56ae-4e76-ab41-e93215d4786a->af8cb241-e95a-4041-9c02-16b1a4e582f8: Failed appendEntries: org.apache.ratis.thirdparty.io.grpc.StatusRuntimeException: UNAVAILABLE: io exception
2019-07-13 09:16:21,658 INFO  impl.FollowerInfo (FollowerInfo.java:lambda$new$0(50)) - b1cf789f-56ae-4e76-ab41-e93215d4786a->af8cb241-e95a-4041-9c02-16b1a4e582f8: nextIndex: updateUnconditionally 1 -> 0
2019-07-13 09:16:21,670 WARN  server.GrpcLogAppender (LogUtils.java:warn(134)) - b1cf789f-56ae-4e76-ab41-e93215d4786a->af8cb241-e95a-4041-9c02-16b1a4e582f8: Failed appendEntries: org.apache.ratis.thirdparty.io.grpc.StatusRuntimeException: UNAVAILABLE: io exception
2019-07-13 09:16:21,670 INFO  impl.FollowerInfo (FollowerInfo.java:lambda$new$0(50)) - b1cf789f-56ae-4e76-ab41-e93215d4786a->af8cb241-e95a-4041-9c02-16b1a4e582f8: nextIndex: updateUnconditionally 1 -> 0
2019-07-13 09:16:22,970 INFO  node.StaleNodeHandler (StaleNodeHandler.java:onMessage(58)) - Datanode f32e78eb-8ace-4da1-be61-402c772c2dbc{ip: 192.168.69.96, host: trunk-nightly-hmp62-43275749, networkLocation: /default-rack, certSerialId: null} moved to stale state. Finalizing its pipelines [PipelineID=422aacda-95fe-4270-83b2-c999d86c376b, PipelineID=a530fc7c-6f90-45ca-90bd-eedae6c705a4]
2019-07-13 09:16:22,970 INFO  pipeline.SCMPipelineManager (SCMPipelineManager.java:finalizeAndDestroyPipeline(309)) - destroying pipeline:Pipeline[ Id: 422aacda-95fe-4270-83b2-c999d86c376b, Nodes: f32e78eb-8ace-4da1-be61-402c772c2dbc{ip: 192.168.69.96, host: trunk-nightly-hmp62-43275749, networkLocation: /default-rack, certSerialId: null}, Type:RATIS, Factor:ONE, State:OPEN]
2019-07-13 09:16:22,970 INFO  pipeline.PipelineStateManager (PipelineStateManager.java:finalizePipeline(123)) - Pipeline Pipeline[ Id: 422aacda-95fe-4270-83b2-c999d86c376b, Nodes: f32e78eb-8ace-4da1-be61-402c772c2dbc{ip: 192.168.69.96, host: trunk-nightly-hmp62-43275749, networkLocation: /default-rack, certSerialId: null}, Type:RATIS, Factor:ONE, State:CLOSED] moved to CLOSED state
2019-07-13 09:16:22,971 INFO  pipeline.SCMPipelineManager (SCMPipelineManager.java:finalizeAndDestroyPipeline(309)) - destroying pipeline:Pipeline[ Id: a530fc7c-6f90-45ca-90bd-eedae6c705a4, Nodes: b1cf789f-56ae-4e76-ab41-e93215d4786a{ip: 192.168.69.96, host: trunk-nightly-hmp62-43275749, networkLocation: /default-rack, certSerialId: null}f32e78eb-8ace-4da1-be61-402c772c2dbc{ip: 192.168.69.96, host: trunk-nightly-hmp62-43275749, networkLocation: /default-rack, certSerialId: null}af8cb241-e95a-4041-9c02-16b1a4e582f8{ip: 192.168.69.96, host: trunk-nightly-hmp62-43275749, networkLocation: /default-rack, certSerialId: null}, Type:RATIS, Factor:THREE, State:CLOSED]
2019-07-13 09:16:23,669 INFO  ozoneimpl.OzoneContainer (OzoneContainer.java:stop(199)) - Attempting to stop container services.
2019-07-13 09:16:23,669 INFO  impl.RaftServerProxy (RaftServerProxy.java:lambda$close$4(314)) - 63dd3901-f8a4-46fd-9ca1-94af92e34249: close
2019-07-13 09:16:23,670 INFO  impl.RaftServerImpl (RaftServerImpl.java:lambda$shutdown$3(245)) - 63dd3901-f8a4-46fd-9ca1-94af92e34249: shutdown group-94D12A9E6643
2019-07-13 09:16:23,670 INFO  ozoneimpl.OzoneContainer (OzoneContainer.java:stop(199)) - Attempting to stop container services.
2019-07-13 09:16:23,670 INFO  util.JmxRegister (JmxRegister.java:unregister(73)) - Successfully un-registered JMX Bean with object name Ratis:service=RaftServer,group=group-94D12A9E6643,id=63dd3901-f8a4-46fd-9ca1-94af92e34249
2019-07-13 09:16:23,670 INFO  impl.RaftServerProxy (RaftServerProxy.java:lambda$close$4(314)) - f32e78eb-8ace-4da1-be61-402c772c2dbc: close
2019-07-13 09:16:23,671 INFO  node.StaleNodeHandler (StaleNodeHandler.java:onMessage(58)) - Datanode 63dd3901-f8a4-46fd-9ca1-94af92e34249{ip: 192.168.69.96, host: trunk-nightly-hmp62-43275749, networkLocation: /default-rack, certSerialId: null} moved to stale state. Finalizing its pipelines [PipelineID=e210bc5f-1b98-4bf0-99db-94d12a9e6643, PipelineID=178a060f-79fa-4a4f-864a-5c3aa5a749b0]
2019-07-13 09:16:23,671 INFO  impl.RoleInfo (RoleInfo.java:shutdownFollowerState(121)) - 63dd3901-f8a4-46fd-9ca1-94af92e34249: shutdown FollowerState
2019-07-13 09:16:23,671 INFO  pipeline.SCMPipelineManager (SCMPipelineManager.java:finalizeAndDestroyPipeline(309)) - destroying pipeline:Pipeline[ Id: e210bc5f-1b98-4bf0-99db-94d12a9e6643, Nodes: 63dd3901-f8a4-46fd-9ca1-94af92e34249{ip: 192.168.69.96, host: trunk-nightly-hmp62-43275749, networkLocation: /default-rack, certSerialId: null}12f5dd82-e4ae-404e-b35a-e9ca0b02af0c{ip: 192.168.69.96, host: trunk-nightly-hmp62-43275749, networkLocation: /default-rack, certSerialId: null}b56c3050-e7d5-43b7-8d2e-a575394b13c1{ip: 192.168.69.96, host: trunk-nightly-hmp62-43275749, networkLocation: /default-rack, certSerialId: null}, Type:RATIS, Factor:THREE, State:CLOSED]
2019-07-13 09:16:23,672 INFO  impl.FollowerState (FollowerState.java:run(114)) - 63dd3901-f8a4-46fd-9ca1-94af92e34249: FollowerState was interrupted: java.lang.InterruptedException: sleep interrupted
2019-07-13 09:16:23,671 INFO  impl.RaftServerImpl (RaftServerImpl.java:lambda$shutdown$3(245)) - f32e78eb-8ace-4da1-be61-402c772c2dbc: shutdown group-C999D86C376B
2019-07-13 09:16:23,672 INFO  pipeline.SCMPipelineManager (SCMPipelineManager.java:finalizeAndDestroyPipeline(309)) - destroying pipeline:Pipeline[ Id: 178a060f-79fa-4a4f-864a-5c3aa5a749b0, Nodes: 63dd3901-f8a4-46fd-9ca1-94af92e34249{ip: 192.168.69.96, host: trunk-nightly-hmp62-43275749, networkLocation: /default-rack, certSerialId: null}, Type:RATIS, Factor:ONE, State:OPEN]
2019-07-13 09:16:23,672 INFO  ratis.ContainerStateMachine (ContainerStateMachine.java:takeSnapshot(246)) - Taking snapshot at termIndex:(t:0, i:~)
2019-07-13 09:16:23,672 INFO  impl.StateMachineUpdater (StateMachineUpdater.java:stopAndJoin(115)) - StateMachineUpdater:63dd3901-f8a4-46fd-9ca1-94af92e34249:group-94D12A9E6643: set stopIndex = 0
2019-07-13 09:16:23,676 INFO  impl.RaftServerImpl (ServerState.java:close(394)) - 63dd3901-f8a4-46fd-9ca1-94af92e34249:group-94D12A9E6643 closes. The last applied log index is 0
2019-07-13 09:16:23,675 INFO  pipeline.PipelineStateManager (PipelineStateManager.java:finalizePipeline(123)) - Pipeline Pipeline[ Id: 178a060f-79fa-4a4f-864a-5c3aa5a749b0, Nodes: 63dd3901-f8a4-46fd-9ca1-94af92e34249{ip: 192.168.69.96, host: trunk-nightly-hmp62-43275749, networkLocation: /default-rack, certSerialId: null}, Type:RATIS, Factor:ONE, State:CLOSED] moved to CLOSED state
2019-07-13 09:16:23,675 INFO  util.JmxRegister (JmxRegister.java:unregister(73)) - Successfully un-registered JMX Bean with object name Ratis:service=RaftServer,group=group-C999D86C376B,id=f32e78eb-8ace-4da1-be61-402c772c2dbc
2019-07-13 09:16:23,677 INFO  impl.RoleInfo (RoleInfo.java:shutdownLeaderState(104)) - f32e78eb-8ace-4da1-be61-402c772c2dbc: shutdown LeaderState
2019-07-13 09:16:23,676 INFO  segmented.SegmentedRaftLogWorker (SegmentedRaftLogWorker.java:run(313)) - 63dd3901-f8a4-46fd-9ca1-94af92e34249-SegmentedRaftLogWorker:Storage Directory /tmp/workdir/hadoop-ozone/integration-test/target/test-dir/MiniOzoneClusterImpl-92b618a0-2021-43d7-b9f6-a6987319673f/datanode-2/data/ratis/e210bc5f-1b98-4bf0-99db-94d12a9e6643 was interrupted, exiting. There are 0 tasks remaining in the queue.
2019-07-13 09:16:23,677 INFO  impl.PendingRequests (PendingRequests.java:sendNotLeaderResponses(202)) - f32e78eb-8ace-4da1-be61-402c772c2dbc-PendingRequests: sendNotLeaderResponses
2019-07-13 09:16:23,680 INFO  segmented.SegmentedRaftLogWorker (SegmentedRaftLogWorker.java:close(228)) - 63dd3901-f8a4-46fd-9ca1-94af92e34249-SegmentedRaftLogWorker:Storage Directory /tmp/workdir/hadoop-ozone/integration-test/target/test-dir/MiniOzoneClusterImpl-92b618a0-2021-43d7-b9f6-a6987319673f/datanode-2/data/ratis/e210bc5f-1b98-4bf0-99db-94d12a9e6643 close()
2019-07-13 09:16:23,689 INFO  impl.StateMachineUpdater (StateMachineUpdater.java:stopAndJoin(115)) - StateMachineUpdater:f32e78eb-8ace-4da1-be61-402c772c2dbc:group-C999D86C376B: set stopIndex = 14
2019-07-13 09:16:23,689 INFO  ratis.ContainerStateMachine (ContainerStateMachine.java:takeSnapshot(246)) - Taking snapshot at termIndex:(t:1, i:14)
2019-07-13 09:16:23,690 INFO  ratis.ContainerStateMachine (ContainerStateMachine.java:takeSnapshot(250)) - Taking a snapshot to file /tmp/workdir/hadoop-ozone/integration-test/target/test-dir/MiniOzoneClusterImpl-92b618a0-2021-43d7-b9f6-a6987319673f/datanode-3/data/ratis/422aacda-95fe-4270-83b2-c999d86c376b/sm/snapshot.1_14
2019-07-13 09:16:23,689 INFO  impl.RaftServerImpl (RaftServerImpl.java:lambda$shutdown$3(245)) - 63dd3901-f8a4-46fd-9ca1-94af92e34249: shutdown group-5C3AA5A749B0
2019-07-13 09:16:23,690 INFO  util.JmxRegister (JmxRegister.java:unregister(73)) - Successfully un-registered JMX Bean with object name Ratis:service=RaftServer,group=group-5C3AA5A749B0,id=63dd3901-f8a4-46fd-9ca1-94af92e34249
2019-07-13 09:16:23,690 INFO  impl.StateMachineUpdater (StateMachineUpdater.java:takeSnapshot(242)) - StateMachineUpdater:f32e78eb-8ace-4da1-be61-402c772c2dbc:group-C999D86C376B: Took a snapshot at index 14
2019-07-13 09:16:23,690 INFO  impl.RoleInfo (RoleInfo.java:shutdownLeaderState(104)) - 63dd3901-f8a4-46fd-9ca1-94af92e34249: shutdown LeaderState
2019-07-13 09:16:23,691 INFO  impl.StateMachineUpdater (StateMachineUpdater.java:lambda$new$0(80)) - StateMachineUpdater:f32e78eb-8ace-4da1-be61-402c772c2dbc:group-C999D86C376B: snapshotIndex: updateIncreasingly -1 -> 14
2019-07-13 09:16:23,691 INFO  impl.PendingRequests (PendingRequests.java:sendNotLeaderResponses(202)) - 63dd3901-f8a4-46fd-9ca1-94af92e34249-PendingRequests: sendNotLeaderResponses
2019-07-13 09:16:23,691 INFO  impl.RaftServerImpl (ServerState.java:close(394)) - f32e78eb-8ace-4da1-be61-402c772c2dbc:group-C999D86C376B closes. The last applied log index is 14
2019-07-13 09:16:23,691 INFO  ratis.ContainerStateMachine (ContainerStateMachine.java:takeSnapshot(246)) - Taking snapshot at termIndex:(t:0, i:~)
2019-07-13 09:16:23,691 INFO  impl.StateMachineUpdater (StateMachineUpdater.java:stopAndJoin(115)) - StateMachineUpdater:63dd3901-f8a4-46fd-9ca1-94af92e34249:group-5C3AA5A749B0: set stopIndex = 0
2019-07-13 09:16:23,692 INFO  segmented.SegmentedRaftLogWorker (SegmentedRaftLogWorker.java:run(313)) - f32e78eb-8ace-4da1-be61-402c772c2dbc-SegmentedRaftLogWorker:Storage Directory /tmp/workdir/hadoop-ozone/integration-test/target/test-dir/MiniOzoneClusterImpl-92b618a0-2021-43d7-b9f6-a6987319673f/datanode-3/data/ratis/422aacda-95fe-4270-83b2-c999d86c376b was interrupted, exiting. There are 0 tasks remaining in the queue.
2019-07-13 09:16:23,692 INFO  impl.RaftServerImpl (ServerState.java:close(394)) - 63dd3901-f8a4-46fd-9ca1-94af92e34249:group-5C3AA5A749B0 closes. The last applied log index is 0
2019-07-13 09:16:23,694 INFO  segmented.SegmentedRaftLogWorker (SegmentedRaftLogWorker.java:close(228)) - f32e78eb-8ace-4da1-be61-402c772c2dbc-SegmentedRaftLogWorker:Storage Directory /tmp/workdir/hadoop-ozone/integration-test/target/test-dir/MiniOzoneClusterImpl-92b618a0-2021-43d7-b9f6-a6987319673f/datanode-3/data/ratis/422aacda-95fe-4270-83b2-c999d86c376b close()
2019-07-13 09:16:23,695 INFO  segmented.SegmentedRaftLogWorker (SegmentedRaftLogWorker.java:run(313)) - 63dd3901-f8a4-46fd-9ca1-94af92e34249-SegmentedRaftLogWorker:Storage Directory /tmp/workdir/hadoop-ozone/integration-test/target/test-dir/MiniOzoneClusterImpl-92b618a0-2021-43d7-b9f6-a6987319673f/datanode-2/data/ratis/178a060f-79fa-4a4f-864a-5c3aa5a749b0 was interrupted, exiting. There are 0 tasks remaining in the queue.
2019-07-13 09:16:23,697 INFO  impl.RaftServerImpl (RaftServerImpl.java:lambda$shutdown$3(245)) - f32e78eb-8ace-4da1-be61-402c772c2dbc: shutdown group-EEDAE6C705A4
2019-07-13 09:16:23,699 INFO  segmented.SegmentedRaftLogWorker (SegmentedRaftLogWorker.java:close(228)) - 63dd3901-f8a4-46fd-9ca1-94af92e34249-SegmentedRaftLogWorker:Storage Directory /tmp/workdir/hadoop-ozone/integration-test/target/test-dir/MiniOzoneClusterImpl-92b618a0-2021-43d7-b9f6-a6987319673f/datanode-2/data/ratis/178a060f-79fa-4a4f-864a-5c3aa5a749b0 close()
2019-07-13 09:16:23,699 INFO  util.JmxRegister (JmxRegister.java:unregister(73)) - Successfully un-registered JMX Bean with object name Ratis:service=RaftServer,group=group-EEDAE6C705A4,id=f32e78eb-8ace-4da1-be61-402c772c2dbc
2019-07-13 09:16:23,702 INFO  impl.RoleInfo (RoleInfo.java:shutdownFollowerState(121)) - f32e78eb-8ace-4da1-be61-402c772c2dbc: shutdown FollowerState
2019-07-13 09:16:23,701 INFO  server.GrpcService (GrpcService.java:closeImpl(155)) - 63dd3901-f8a4-46fd-9ca1-94af92e34249: shutdown server with port 40777 now
2019-07-13 09:16:23,702 INFO  impl.FollowerState (FollowerState.java:run(114)) - f32e78eb-8ace-4da1-be61-402c772c2dbc: FollowerState was interrupted: java.lang.InterruptedException: sleep interrupted
2019-07-13 09:16:23,702 INFO  ratis.ContainerStateMachine (ContainerStateMachine.java:takeSnapshot(246)) - Taking snapshot at termIndex:(t:0, i:~)
2019-07-13 09:16:23,702 INFO  impl.StateMachineUpdater (StateMachineUpdater.java:stopAndJoin(115)) - StateMachineUpdater:f32e78eb-8ace-4da1-be61-402c772c2dbc:group-EEDAE6C705A4: set stopIndex = 1
2019-07-13 09:16:23,705 INFO  server.GrpcService (GrpcService.java:closeImpl(163)) - 63dd3901-f8a4-46fd-9ca1-94af92e34249: shutdown server with port 40777 successfully
2019-07-13 09:16:23,705 INFO  impl.RaftServerImpl (ServerState.java:close(394)) - f32e78eb-8ace-4da1-be61-402c772c2dbc:group-EEDAE6C705A4 closes. The last applied log index is 1
2019-07-13 09:16:23,706 INFO  segmented.SegmentedRaftLogWorker (SegmentedRaftLogWorker.java:run(313)) - f32e78eb-8ace-4da1-be61-402c772c2dbc-SegmentedRaftLogWorker:Storage Directory /tmp/workdir/hadoop-ozone/integration-test/target/test-dir/MiniOzoneClusterImpl-92b618a0-2021-43d7-b9f6-a6987319673f/datanode-3/data/ratis/a530fc7c-6f90-45ca-90bd-eedae6c705a4 was interrupted, exiting. There are 0 tasks remaining in the queue.
2019-07-13 09:16:23,708 INFO  utils.BackgroundService (BackgroundService.java:shutdown(148)) - Shutting down service BlockDeletingService
2019-07-13 09:16:23,708 INFO  segmented.SegmentedRaftLogWorker (SegmentedRaftLogWorker.java:close(228)) - f32e78eb-8ace-4da1-be61-402c772c2dbc-SegmentedRaftLogWorker:Storage Directory /tmp/workdir/hadoop-ozone/integration-test/target/test-dir/MiniOzoneClusterImpl-92b618a0-2021-43d7-b9f6-a6987319673f/datanode-3/data/ratis/a530fc7c-6f90-45ca-90bd-eedae6c705a4 close()
2019-07-13 09:16:23,712 INFO  server.GrpcService (GrpcService.java:closeImpl(155)) - f32e78eb-8ace-4da1-be61-402c772c2dbc: shutdown server with port 39915 now
2019-07-13 09:16:23,712 WARN  fs.CachingGetSpaceUsed (CachingGetSpaceUsed.java:run(183)) - Thread Interrupted waiting to refresh disk information: sleep interrupted
2019-07-13 09:16:23,713 WARN  server.GrpcServerProtocolService (LogUtils.java:warn(134)) - f32e78eb-8ace-4da1-be61-402c772c2dbc: appendEntries onError: org.apache.ratis.thirdparty.io.grpc.StatusRuntimeException: CANCELLED: cancelled before receiving half close
2019-07-13 09:16:23,713 INFO  server.GrpcService (GrpcService.java:closeImpl(163)) - f32e78eb-8ace-4da1-be61-402c772c2dbc: shutdown server with port 39915 successfully
2019-07-13 09:16:23,713 WARN  server.GrpcLogAppender (LogUtils.java:warn(134)) - b1cf789f-56ae-4e76-ab41-e93215d4786a->f32e78eb-8ace-4da1-be61-402c772c2dbc: Failed appendEntries: org.apache.ratis.thirdparty.io.grpc.StatusRuntimeException: CANCELLED: HTTP/2 error code: CANCEL
Received Rst Stream
2019-07-13 09:16:23,714 INFO  impl.FollowerInfo (FollowerInfo.java:lambda$new$0(50)) - b1cf789f-56ae-4e76-ab41-e93215d4786a->f32e78eb-8ace-4da1-be61-402c772c2dbc: nextIndex: updateUnconditionally 3 -> 2
2019-07-13 09:16:23,715 INFO  utils.BackgroundService (BackgroundService.java:shutdown(148)) - Shutting down service BlockDeletingService
2019-07-13 09:16:23,720 WARN  fs.CachingGetSpaceUsed (CachingGetSpaceUsed.java:run(183)) - Thread Interrupted waiting to refresh disk information: sleep interrupted
2019-07-13 09:16:23,733 INFO  statemachine.DatanodeStateMachine (DatanodeStateMachine.java:stopDaemon(395)) - Ozone container server stopped.
2019-07-13 09:16:23,739 INFO  handler.ContextHandler (ContextHandler.java:doStop(910)) - Stopped o.e.j.w.WebAppContext@22a2e581{/,null,UNAVAILABLE}{/hddsDatanode}
2019-07-13 09:16:23,739 INFO  server.AbstractConnector (AbstractConnector.java:doStop(318)) - Stopped ServerConnector@7ca8f5d7{HTTP/1.1,[http/1.1]}{0.0.0.0:0}
2019-07-13 09:16:23,741 INFO  handler.ContextHandler (ContextHandler.java:doStop(910)) - Stopped o.e.j.s.ServletContextHandler@33986be7{/static,jar:file:/home/user/.m2/repository/org/apache/hadoop/hadoop-hdds-container-service/0.5.0-SNAPSHOT/hadoop-hdds-container-service-0.5.0-SNAPSHOT.jar!/webapps/static,UNAVAILABLE}
2019-07-13 09:16:23,743 INFO  handler.ContextHandler (ContextHandler.java:doStop(910)) - Stopped o.e.j.s.ServletContextHandler@3e265811{/logs,file:///tmp/workdir/hadoop-ozone/integration-test/target/log,UNAVAILABLE}
2019-07-13 09:16:23,743 INFO  datanode.ObjectStoreHandler (ObjectStoreHandler.java:close(155)) - Closing ObjectStoreHandler.
2019-07-13 09:16:23,744 INFO  ozone.HddsDatanodeService (HddsDatanodeService.java:stop(452)) - Stopped plug-in org.apache.hadoop.ozone.web.OzoneHddsDatanodeService@362e709e
2019-07-13 09:16:23,750 INFO  statemachine.DatanodeStateMachine (DatanodeStateMachine.java:stopDaemon(395)) - Ozone container server stopped.
2019-07-13 09:16:23,751 INFO  handler.ContextHandler (ContextHandler.java:doStop(910)) - Stopped o.e.j.w.WebAppContext@4b3eaf39{/,null,UNAVAILABLE}{/hddsDatanode}
2019-07-13 09:16:23,752 INFO  server.AbstractConnector (AbstractConnector.java:doStop(318)) - Stopped ServerConnector@d6879bf{HTTP/1.1,[http/1.1]}{0.0.0.0:0}
2019-07-13 09:16:23,752 INFO  handler.ContextHandler (ContextHandler.java:doStop(910)) - Stopped o.e.j.s.ServletContextHandler@45a4587d{/static,jar:file:/home/user/.m2/repository/org/apache/hadoop/hadoop-hdds-container-service/0.5.0-SNAPSHOT/hadoop-hdds-container-service-0.5.0-SNAPSHOT.jar!/webapps/static,UNAVAILABLE}
2019-07-13 09:16:23,753 INFO  handler.ContextHandler (ContextHandler.java:doStop(910)) - Stopped o.e.j.s.ServletContextHandler@ef59aee{/logs,file:///tmp/workdir/hadoop-ozone/integration-test/target/log,UNAVAILABLE}
2019-07-13 09:16:23,753 INFO  datanode.ObjectStoreHandler (ObjectStoreHandler.java:close(155)) - Closing ObjectStoreHandler.
2019-07-13 09:16:23,754 INFO  ozone.HddsDatanodeService (HddsDatanodeService.java:stop(452)) - Stopped plug-in org.apache.hadoop.ozone.web.OzoneHddsDatanodeService@d91e8c7
2019-07-13 09:16:24,102 INFO  statemachine.DatanodeStateMachine (DatanodeStateMachine.java:lambda$startDaemon$0(350)) - Ozone container server started.
2019-07-13 09:16:24,170 WARN  server.GrpcLogAppender (LogUtils.java:warn(134)) - b1cf789f-56ae-4e76-ab41-e93215d4786a->af8cb241-e95a-4041-9c02-16b1a4e582f8: Failed appendEntries: org.apache.ratis.thirdparty.io.grpc.StatusRuntimeException: UNAVAILABLE: io exception
2019-07-13 09:16:24,171 INFO  impl.FollowerInfo (FollowerInfo.java:lambda$new$0(50)) - b1cf789f-56ae-4e76-ab41-e93215d4786a->af8cb241-e95a-4041-9c02-16b1a4e582f8: nextIndex: updateUnconditionally 0 -> 0
2019-07-13 09:16:24,171 WARN  server.GrpcLogAppender (LogUtils.java:warn(134)) - b1cf789f-56ae-4e76-ab41-e93215d4786a->f32e78eb-8ace-4da1-be61-402c772c2dbc: Failed appendEntries: org.apache.ratis.thirdparty.io.grpc.StatusRuntimeException: UNAVAILABLE: io exception
2019-07-13 09:16:24,172 INFO  impl.FollowerInfo (FollowerInfo.java:lambda$new$0(50)) - b1cf789f-56ae-4e76-ab41-e93215d4786a->f32e78eb-8ace-4da1-be61-402c772c2dbc: nextIndex: updateUnconditionally 2 -> 1
2019-07-13 09:16:24,323 INFO  statemachine.DatanodeStateMachine (DatanodeStateMachine.java:lambda$startDaemon$0(350)) - Ozone container server started.
2019-07-13 09:16:26,168 INFO  impl.FollowerState (FollowerState.java:run(106)) - b56c3050-e7d5-43b7-8d2e-a575394b13c1:group-94D12A9E6643 changes to CANDIDATE, lastRpcTime:7754, electionTimeout:5072ms
2019-07-13 09:16:26,168 INFO  impl.RoleInfo (RoleInfo.java:shutdownFollowerState(121)) - b56c3050-e7d5-43b7-8d2e-a575394b13c1: shutdown FollowerState
2019-07-13 09:16:26,169 INFO  impl.RaftServerImpl (RaftServerImpl.java:setRole(171)) - b56c3050-e7d5-43b7-8d2e-a575394b13c1:group-94D12A9E6643 changes role from FOLLOWER to CANDIDATE at term 1 for changeToCandidate
2019-07-13 09:16:26,169 INFO  impl.RoleInfo (RoleInfo.java:updateAndGet(143)) - b56c3050-e7d5-43b7-8d2e-a575394b13c1: start LeaderElection
2019-07-13 09:16:26,169 INFO  impl.RaftServerImpl (ServerState.java:setLeader(263)) - b56c3050-e7d5-43b7-8d2e-a575394b13c1:group-94D12A9E6643 change Leader from 12f5dd82-e4ae-404e-b35a-e9ca0b02af0c to null at term 1 for initElection
2019-07-13 09:16:26,185 INFO  impl.LeaderElection (LeaderElection.java:askForVotes(181)) - b56c3050-e7d5-43b7-8d2e-a575394b13c1:group-94D12A9E6643:LeaderElection54: begin an election at term 2 for 0: [b56c3050-e7d5-43b7-8d2e-a575394b13c1:192.168.69.96:44905, 12f5dd82-e4ae-404e-b35a-e9ca0b02af0c:192.168.69.96:42019, 63dd3901-f8a4-46fd-9ca1-94af92e34249:192.168.69.96:40777], old=null
2019-07-13 09:16:26,188 INFO  impl.LeaderElection (LogUtils.java:infoOrTrace(149)) - b56c3050-e7d5-43b7-8d2e-a575394b13c1:group-94D12A9E6643:LeaderElection54 got exception when requesting votes: {}
java.util.concurrent.ExecutionException: org.apache.ratis.thirdparty.io.grpc.StatusRuntimeException: UNAVAILABLE: io exception
	at java.util.concurrent.FutureTask.report(FutureTask.java:122)
	at java.util.concurrent.FutureTask.get(FutureTask.java:192)
	at org.apache.ratis.server.impl.LeaderElection.waitForResults(LeaderElection.java:262)
	at org.apache.ratis.server.impl.LeaderElection.askForVotes(LeaderElection.java:200)
	at org.apache.ratis.server.impl.LeaderElection.run(LeaderElection.java:130)
	at java.lang.Thread.run(Thread.java:748)
Caused by: org.apache.ratis.thirdparty.io.grpc.StatusRuntimeException: UNAVAILABLE: io exception
	at org.apache.ratis.thirdparty.io.grpc.stub.ClientCalls.toStatusRuntimeException(ClientCalls.java:233)
	at org.apache.ratis.thirdparty.io.grpc.stub.ClientCalls.getUnchecked(ClientCalls.java:214)
	at org.apache.ratis.thirdparty.io.grpc.stub.ClientCalls.blockingUnaryCall(ClientCalls.java:139)
	at org.apache.ratis.proto.grpc.RaftServerProtocolServiceGrpc$RaftServerProtocolServiceBlockingStub.requestVote(RaftServerProtocolServiceGrpc.java:265)
	at org.apache.ratis.grpc.server.GrpcServerProtocolClient.requestVote(GrpcServerProtocolClient.java:83)
	at org.apache.ratis.grpc.server.GrpcService.requestVote(GrpcService.java:195)
	at org.apache.ratis.server.impl.LeaderElection.lambda$submitRequests$1(LeaderElection.java:237)
	at java.util.concurrent.FutureTask.run(FutureTask.java:266)
	at java.util.concurrent.Executors$RunnableAdapter.call(Executors.java:511)
	at java.util.concurrent.FutureTask.run(FutureTask.java:266)
	at java.util.concurrent.ThreadPoolExecutor.runWorker(ThreadPoolExecutor.java:1149)
	at java.util.concurrent.ThreadPoolExecutor$Worker.run(ThreadPoolExecutor.java:624)
	... 1 more
Caused by: org.apache.ratis.thirdparty.io.netty.channel.AbstractChannel$AnnotatedConnectException: Connection refused: /192.168.69.96:40777
	at sun.nio.ch.SocketChannelImpl.checkConnect(Native Method)
	at sun.nio.ch.SocketChannelImpl.finishConnect(SocketChannelImpl.java:717)
	at org.apache.ratis.thirdparty.io.netty.channel.socket.nio.NioSocketChannel.doFinishConnect(NioSocketChannel.java:327)
	at org.apache.ratis.thirdparty.io.netty.channel.nio.AbstractNioChannel$AbstractNioUnsafe.finishConnect(AbstractNioChannel.java:340)
	at org.apache.ratis.thirdparty.io.netty.channel.nio.NioEventLoop.processSelectedKey(NioEventLoop.java:632)
	at org.apache.ratis.thirdparty.io.netty.channel.nio.NioEventLoop.processSelectedKeysOptimized(NioEventLoop.java:579)
	at org.apache.ratis.thirdparty.io.netty.channel.nio.NioEventLoop.processSelectedKeys(NioEventLoop.java:496)
	at org.apache.ratis.thirdparty.io.netty.channel.nio.NioEventLoop.run(NioEventLoop.java:458)
	at org.apache.ratis.thirdparty.io.netty.util.concurrent.SingleThreadEventExecutor$5.run(SingleThreadEventExecutor.java:897)
	at org.apache.ratis.thirdparty.io.netty.util.concurrent.FastThreadLocalRunnable.run(FastThreadLocalRunnable.java:30)
	... 1 more
Caused by: java.net.ConnectException: Connection refused
	... 11 more
2019-07-13 09:16:26,191 INFO  impl.LeaderElection (LogUtils.java:infoOrTrace(149)) - b56c3050-e7d5-43b7-8d2e-a575394b13c1:group-94D12A9E6643:LeaderElection54 got exception when requesting votes: {}
java.util.concurrent.ExecutionException: org.apache.ratis.thirdparty.io.grpc.StatusRuntimeException: UNAVAILABLE: io exception
	at java.util.concurrent.FutureTask.report(FutureTask.java:122)
	at java.util.concurrent.FutureTask.get(FutureTask.java:192)
	at org.apache.ratis.server.impl.LeaderElection.waitForResults(LeaderElection.java:262)
	at org.apache.ratis.server.impl.LeaderElection.askForVotes(LeaderElection.java:200)
	at org.apache.ratis.server.impl.LeaderElection.run(LeaderElection.java:130)
	at java.lang.Thread.run(Thread.java:748)
Caused by: org.apache.ratis.thirdparty.io.grpc.StatusRuntimeException: UNAVAILABLE: io exception
	at org.apache.ratis.thirdparty.io.grpc.stub.ClientCalls.toStatusRuntimeException(ClientCalls.java:233)
	at org.apache.ratis.thirdparty.io.grpc.stub.ClientCalls.getUnchecked(ClientCalls.java:214)
	at org.apache.ratis.thirdparty.io.grpc.stub.ClientCalls.blockingUnaryCall(ClientCalls.java:139)
	at org.apache.ratis.proto.grpc.RaftServerProtocolServiceGrpc$RaftServerProtocolServiceBlockingStub.requestVote(RaftServerProtocolServiceGrpc.java:265)
	at org.apache.ratis.grpc.server.GrpcServerProtocolClient.requestVote(GrpcServerProtocolClient.java:83)
	at org.apache.ratis.grpc.server.GrpcService.requestVote(GrpcService.java:195)
	at org.apache.ratis.server.impl.LeaderElection.lambda$submitRequests$1(LeaderElection.java:237)
	at java.util.concurrent.FutureTask.run(FutureTask.java:266)
	at java.util.concurrent.Executors$RunnableAdapter.call(Executors.java:511)
	at java.util.concurrent.FutureTask.run(FutureTask.java:266)
	at java.util.concurrent.ThreadPoolExecutor.runWorker(ThreadPoolExecutor.java:1149)
	at java.util.concurrent.ThreadPoolExecutor$Worker.run(ThreadPoolExecutor.java:624)
	... 1 more
Caused by: org.apache.ratis.thirdparty.io.netty.channel.AbstractChannel$AnnotatedConnectException: Connection refused: /192.168.69.96:42019
	at sun.nio.ch.SocketChannelImpl.checkConnect(Native Method)
	at sun.nio.ch.SocketChannelImpl.finishConnect(SocketChannelImpl.java:717)
	at org.apache.ratis.thirdparty.io.netty.channel.socket.nio.NioSocketChannel.doFinishConnect(NioSocketChannel.java:327)
	at org.apache.ratis.thirdparty.io.netty.channel.nio.AbstractNioChannel$AbstractNioUnsafe.finishConnect(AbstractNioChannel.java:340)
	at org.apache.ratis.thirdparty.io.netty.channel.nio.NioEventLoop.processSelectedKey(NioEventLoop.java:632)
	at org.apache.ratis.thirdparty.io.netty.channel.nio.NioEventLoop.processSelectedKeysOptimized(NioEventLoop.java:579)
	at org.apache.ratis.thirdparty.io.netty.channel.nio.NioEventLoop.processSelectedKeys(NioEventLoop.java:496)
	at org.apache.ratis.thirdparty.io.netty.channel.nio.NioEventLoop.run(NioEventLoop.java:458)
	at org.apache.ratis.thirdparty.io.netty.util.concurrent.SingleThreadEventExecutor$5.run(SingleThreadEventExecutor.java:897)
	at org.apache.ratis.thirdparty.io.netty.util.concurrent.FastThreadLocalRunnable.run(FastThreadLocalRunnable.java:30)
	... 1 more
Caused by: java.net.ConnectException: Connection refused
	... 11 more
2019-07-13 09:16:26,192 INFO  impl.LeaderElection (LeaderElection.java:logAndReturn(56)) - b56c3050-e7d5-43b7-8d2e-a575394b13c1:group-94D12A9E6643:LeaderElection54: Election REJECTED; received 0 response(s) [] and 2 exception(s); b56c3050-e7d5-43b7-8d2e-a575394b13c1:t2, leader=null, voted=b56c3050-e7d5-43b7-8d2e-a575394b13c1, raftlog=b56c3050-e7d5-43b7-8d2e-a575394b13c1-SegmentedRaftLog:OPENED:c0,f0,i0, conf=0: [b56c3050-e7d5-43b7-8d2e-a575394b13c1:192.168.69.96:44905, 12f5dd82-e4ae-404e-b35a-e9ca0b02af0c:192.168.69.96:42019, 63dd3901-f8a4-46fd-9ca1-94af92e34249:192.168.69.96:40777], old=null
2019-07-13 09:16:26,193 INFO  impl.LeaderElection (LogUtils.java:infoOrTrace(149)) -   Exception 0: {}
java.util.concurrent.ExecutionException: org.apache.ratis.thirdparty.io.grpc.StatusRuntimeException: UNAVAILABLE: io exception
	at java.util.concurrent.FutureTask.report(FutureTask.java:122)
	at java.util.concurrent.FutureTask.get(FutureTask.java:192)
	at org.apache.ratis.server.impl.LeaderElection.waitForResults(LeaderElection.java:262)
	at org.apache.ratis.server.impl.LeaderElection.askForVotes(LeaderElection.java:200)
	at org.apache.ratis.server.impl.LeaderElection.run(LeaderElection.java:130)
	at java.lang.Thread.run(Thread.java:748)
Caused by: org.apache.ratis.thirdparty.io.grpc.StatusRuntimeException: UNAVAILABLE: io exception
	at org.apache.ratis.thirdparty.io.grpc.stub.ClientCalls.toStatusRuntimeException(ClientCalls.java:233)
	at org.apache.ratis.thirdparty.io.grpc.stub.ClientCalls.getUnchecked(ClientCalls.java:214)
	at org.apache.ratis.thirdparty.io.grpc.stub.ClientCalls.blockingUnaryCall(ClientCalls.java:139)
	at org.apache.ratis.proto.grpc.RaftServerProtocolServiceGrpc$RaftServerProtocolServiceBlockingStub.requestVote(RaftServerProtocolServiceGrpc.java:265)
	at org.apache.ratis.grpc.server.GrpcServerProtocolClient.requestVote(GrpcServerProtocolClient.java:83)
	at org.apache.ratis.grpc.server.GrpcService.requestVote(GrpcService.java:195)
	at org.apache.ratis.server.impl.LeaderElection.lambda$submitRequests$1(LeaderElection.java:237)
	at java.util.concurrent.FutureTask.run(FutureTask.java:266)
	at java.util.concurrent.Executors$RunnableAdapter.call(Executors.java:511)
	at java.util.concurrent.FutureTask.run(FutureTask.java:266)
	at java.util.concurrent.ThreadPoolExecutor.runWorker(ThreadPoolExecutor.java:1149)
	at java.util.concurrent.ThreadPoolExecutor$Worker.run(ThreadPoolExecutor.java:624)
	... 1 more
Caused by: org.apache.ratis.thirdparty.io.netty.channel.AbstractChannel$AnnotatedConnectException: Connection refused: /192.168.69.96:40777
	at sun.nio.ch.SocketChannelImpl.checkConnect(Native Method)
	at sun.nio.ch.SocketChannelImpl.finishConnect(SocketChannelImpl.java:717)
	at org.apache.ratis.thirdparty.io.netty.channel.socket.nio.NioSocketChannel.doFinishConnect(NioSocketChannel.java:327)
	at org.apache.ratis.thirdparty.io.netty.channel.nio.AbstractNioChannel$AbstractNioUnsafe.finishConnect(AbstractNioChannel.java:340)
	at org.apache.ratis.thirdparty.io.netty.channel.nio.NioEventLoop.processSelectedKey(NioEventLoop.java:632)
	at org.apache.ratis.thirdparty.io.netty.channel.nio.NioEventLoop.processSelectedKeysOptimized(NioEventLoop.java:579)
	at org.apache.ratis.thirdparty.io.netty.channel.nio.NioEventLoop.processSelectedKeys(NioEventLoop.java:496)
	at org.apache.ratis.thirdparty.io.netty.channel.nio.NioEventLoop.run(NioEventLoop.java:458)
	at org.apache.ratis.thirdparty.io.netty.util.concurrent.SingleThreadEventExecutor$5.run(SingleThreadEventExecutor.java:897)
	at org.apache.ratis.thirdparty.io.netty.util.concurrent.FastThreadLocalRunnable.run(FastThreadLocalRunnable.java:30)
	... 1 more
Caused by: java.net.ConnectException: Connection refused
	... 11 more
2019-07-13 09:16:26,193 INFO  impl.LeaderElection (LogUtils.java:infoOrTrace(149)) -   Exception 1: {}
java.util.concurrent.ExecutionException: org.apache.ratis.thirdparty.io.grpc.StatusRuntimeException: UNAVAILABLE: io exception
	at java.util.concurrent.FutureTask.report(FutureTask.java:122)
	at java.util.concurrent.FutureTask.get(FutureTask.java:192)
	at org.apache.ratis.server.impl.LeaderElection.waitForResults(LeaderElection.java:262)
	at org.apache.ratis.server.impl.LeaderElection.askForVotes(LeaderElection.java:200)
	at org.apache.ratis.server.impl.LeaderElection.run(LeaderElection.java:130)
	at java.lang.Thread.run(Thread.java:748)
Caused by: org.apache.ratis.thirdparty.io.grpc.StatusRuntimeException: UNAVAILABLE: io exception
	at org.apache.ratis.thirdparty.io.grpc.stub.ClientCalls.toStatusRuntimeException(ClientCalls.java:233)
	at org.apache.ratis.thirdparty.io.grpc.stub.ClientCalls.getUnchecked(ClientCalls.java:214)
	at org.apache.ratis.thirdparty.io.grpc.stub.ClientCalls.blockingUnaryCall(ClientCalls.java:139)
	at org.apache.ratis.proto.grpc.RaftServerProtocolServiceGrpc$RaftServerProtocolServiceBlockingStub.requestVote(RaftServerProtocolServiceGrpc.java:265)
	at org.apache.ratis.grpc.server.GrpcServerProtocolClient.requestVote(GrpcServerProtocolClient.java:83)
	at org.apache.ratis.grpc.server.GrpcService.requestVote(GrpcService.java:195)
	at org.apache.ratis.server.impl.LeaderElection.lambda$submitRequests$1(LeaderElection.java:237)
	at java.util.concurrent.FutureTask.run(FutureTask.java:266)
	at java.util.concurrent.Executors$RunnableAdapter.call(Executors.java:511)
	at java.util.concurrent.FutureTask.run(FutureTask.java:266)
	at java.util.concurrent.ThreadPoolExecutor.runWorker(ThreadPoolExecutor.java:1149)
	at java.util.concurrent.ThreadPoolExecutor$Worker.run(ThreadPoolExecutor.java:624)
	... 1 more
Caused by: org.apache.ratis.thirdparty.io.netty.channel.AbstractChannel$AnnotatedConnectException: Connection refused: /192.168.69.96:42019
	at sun.nio.ch.SocketChannelImpl.checkConnect(Native Method)
	at sun.nio.ch.SocketChannelImpl.finishConnect(SocketChannelImpl.java:717)
	at org.apache.ratis.thirdparty.io.netty.channel.socket.nio.NioSocketChannel.doFinishConnect(NioSocketChannel.java:327)
	at org.apache.ratis.thirdparty.io.netty.channel.nio.AbstractNioChannel$AbstractNioUnsafe.finishConnect(AbstractNioChannel.java:340)
	at org.apache.ratis.thirdparty.io.netty.channel.nio.NioEventLoop.processSelectedKey(NioEventLoop.java:632)
	at org.apache.ratis.thirdparty.io.netty.channel.nio.NioEventLoop.processSelectedKeysOptimized(NioEventLoop.java:579)
	at org.apache.ratis.thirdparty.io.netty.channel.nio.NioEventLoop.processSelectedKeys(NioEventLoop.java:496)
	at org.apache.ratis.thirdparty.io.netty.channel.nio.NioEventLoop.run(NioEventLoop.java:458)
	at org.apache.ratis.thirdparty.io.netty.util.concurrent.SingleThreadEventExecutor$5.run(SingleThreadEventExecutor.java:897)
	at org.apache.ratis.thirdparty.io.netty.util.concurrent.FastThreadLocalRunnable.run(FastThreadLocalRunnable.java:30)
	... 1 more
Caused by: java.net.ConnectException: Connection refused
	... 11 more
2019-07-13 09:16:26,193 INFO  impl.RaftServerImpl (RaftServerImpl.java:setRole(171)) - b56c3050-e7d5-43b7-8d2e-a575394b13c1:group-94D12A9E6643 changes role from CANDIDATE to FOLLOWER at term 2 for DISCOVERED_A_NEW_TERM
2019-07-13 09:16:26,193 INFO  impl.RoleInfo (RoleInfo.java:shutdownLeaderElection(134)) - b56c3050-e7d5-43b7-8d2e-a575394b13c1: shutdown LeaderElection
2019-07-13 09:16:26,193 INFO  impl.RoleInfo (RoleInfo.java:updateAndGet(143)) - b56c3050-e7d5-43b7-8d2e-a575394b13c1: start FollowerState
2019-07-13 09:16:26,671 WARN  server.GrpcLogAppender (LogUtils.java:warn(134)) - b1cf789f-56ae-4e76-ab41-e93215d4786a->f32e78eb-8ace-4da1-be61-402c772c2dbc: Failed appendEntries: org.apache.ratis.thirdparty.io.grpc.StatusRuntimeException: UNAVAILABLE: io exception
2019-07-13 09:16:26,671 INFO  impl.FollowerInfo (FollowerInfo.java:lambda$new$0(50)) - b1cf789f-56ae-4e76-ab41-e93215d4786a->f32e78eb-8ace-4da1-be61-402c772c2dbc: nextIndex: updateUnconditionally 1 -> 0
2019-07-13 09:16:26,671 WARN  server.GrpcLogAppender (LogUtils.java:warn(134)) - b1cf789f-56ae-4e76-ab41-e93215d4786a->af8cb241-e95a-4041-9c02-16b1a4e582f8: Failed appendEntries: org.apache.ratis.thirdparty.io.grpc.StatusRuntimeException: UNAVAILABLE: io exception
2019-07-13 09:16:26,672 INFO  impl.FollowerInfo (FollowerInfo.java:lambda$new$0(50)) - b1cf789f-56ae-4e76-ab41-e93215d4786a->af8cb241-e95a-4041-9c02-16b1a4e582f8: nextIndex: updateUnconditionally 0 -> 0
2019-07-13 09:16:28,177 INFO  node.StaleNodeHandler (StaleNodeHandler.java:onMessage(58)) - Datanode b56c3050-e7d5-43b7-8d2e-a575394b13c1{ip: 192.168.69.96, host: trunk-nightly-hmp62-43275749, networkLocation: /default-rack, certSerialId: null} moved to stale state. Finalizing its pipelines [PipelineID=e210bc5f-1b98-4bf0-99db-94d12a9e6643, PipelineID=d537eac7-f303-440d-9e80-0b56978d8787]
2019-07-13 09:16:28,177 INFO  pipeline.SCMPipelineManager (SCMPipelineManager.java:finalizeAndDestroyPipeline(309)) - destroying pipeline:Pipeline[ Id: e210bc5f-1b98-4bf0-99db-94d12a9e6643, Nodes: 63dd3901-f8a4-46fd-9ca1-94af92e34249{ip: 192.168.69.96, host: trunk-nightly-hmp62-43275749, networkLocation: /default-rack, certSerialId: null}12f5dd82-e4ae-404e-b35a-e9ca0b02af0c{ip: 192.168.69.96, host: trunk-nightly-hmp62-43275749, networkLocation: /default-rack, certSerialId: null}b56c3050-e7d5-43b7-8d2e-a575394b13c1{ip: 192.168.69.96, host: trunk-nightly-hmp62-43275749, networkLocation: /default-rack, certSerialId: null}, Type:RATIS, Factor:THREE, State:CLOSED]
2019-07-13 09:16:28,177 INFO  pipeline.SCMPipelineManager (SCMPipelineManager.java:finalizeAndDestroyPipeline(309)) - destroying pipeline:Pipeline[ Id: d537eac7-f303-440d-9e80-0b56978d8787, Nodes: b56c3050-e7d5-43b7-8d2e-a575394b13c1{ip: 192.168.69.96, host: trunk-nightly-hmp62-43275749, networkLocation: /default-rack, certSerialId: null}, Type:RATIS, Factor:ONE, State:OPEN]
2019-07-13 09:16:28,178 INFO  pipeline.PipelineStateManager (PipelineStateManager.java:finalizePipeline(123)) - Pipeline Pipeline[ Id: d537eac7-f303-440d-9e80-0b56978d8787, Nodes: b56c3050-e7d5-43b7-8d2e-a575394b13c1{ip: 192.168.69.96, host: trunk-nightly-hmp62-43275749, networkLocation: /default-rack, certSerialId: null}, Type:RATIS, Factor:ONE, State:CLOSED] moved to CLOSED state
2019-07-13 09:16:28,377 INFO  node.StaleNodeHandler (StaleNodeHandler.java:onMessage(58)) - Datanode 231a7809-3683-49d2-9fc9-79974c1fe57d{ip: 192.168.69.96, host: trunk-nightly-hmp62-43275749, networkLocation: /default-rack, certSerialId: null} moved to stale state. Finalizing its pipelines [PipelineID=a21e7ff4-adc5-4edd-a4a5-b00746477f3e]
2019-07-13 09:16:28,377 INFO  pipeline.SCMPipelineManager (SCMPipelineManager.java:finalizeAndDestroyPipeline(309)) - destroying pipeline:Pipeline[ Id: a21e7ff4-adc5-4edd-a4a5-b00746477f3e, Nodes: 231a7809-3683-49d2-9fc9-79974c1fe57d{ip: 192.168.69.96, host: trunk-nightly-hmp62-43275749, networkLocation: /default-rack, certSerialId: null}, Type:RATIS, Factor:ONE, State:OPEN]
2019-07-13 09:16:28,378 INFO  pipeline.PipelineStateManager (PipelineStateManager.java:finalizePipeline(123)) - Pipeline Pipeline[ Id: a21e7ff4-adc5-4edd-a4a5-b00746477f3e, Nodes: 231a7809-3683-49d2-9fc9-79974c1fe57d{ip: 192.168.69.96, host: trunk-nightly-hmp62-43275749, networkLocation: /default-rack, certSerialId: null}, Type:RATIS, Factor:ONE, State:CLOSED] moved to CLOSED state
2019-07-13 09:16:28,744 INFO  ozoneimpl.OzoneContainer (OzoneContainer.java:stop(199)) - Attempting to stop container services.
2019-07-13 09:16:28,745 INFO  impl.RaftServerProxy (RaftServerProxy.java:lambda$close$4(314)) - b56c3050-e7d5-43b7-8d2e-a575394b13c1: close
2019-07-13 09:16:28,745 INFO  impl.RaftServerImpl (RaftServerImpl.java:lambda$shutdown$3(245)) - b56c3050-e7d5-43b7-8d2e-a575394b13c1: shutdown group-94D12A9E6643
2019-07-13 09:16:28,745 INFO  util.JmxRegister (JmxRegister.java:unregister(73)) - Successfully un-registered JMX Bean with object name Ratis:service=RaftServer,group=group-94D12A9E6643,id=b56c3050-e7d5-43b7-8d2e-a575394b13c1
2019-07-13 09:16:28,746 INFO  impl.RoleInfo (RoleInfo.java:shutdownFollowerState(121)) - b56c3050-e7d5-43b7-8d2e-a575394b13c1: shutdown FollowerState
2019-07-13 09:16:28,746 INFO  impl.StateMachineUpdater (StateMachineUpdater.java:stopAndJoin(115)) - StateMachineUpdater:b56c3050-e7d5-43b7-8d2e-a575394b13c1:group-94D12A9E6643: set stopIndex = 0
2019-07-13 09:16:28,746 INFO  impl.FollowerState (FollowerState.java:run(114)) - b56c3050-e7d5-43b7-8d2e-a575394b13c1: FollowerState was interrupted: java.lang.InterruptedException: sleep interrupted
2019-07-13 09:16:28,746 INFO  ratis.ContainerStateMachine (ContainerStateMachine.java:takeSnapshot(246)) - Taking snapshot at termIndex:(t:0, i:~)
2019-07-13 09:16:28,749 INFO  impl.RaftServerImpl (ServerState.java:close(394)) - b56c3050-e7d5-43b7-8d2e-a575394b13c1:group-94D12A9E6643 closes. The last applied log index is 0
2019-07-13 09:16:28,749 INFO  segmented.SegmentedRaftLogWorker (SegmentedRaftLogWorker.java:run(313)) - b56c3050-e7d5-43b7-8d2e-a575394b13c1-SegmentedRaftLogWorker:Storage Directory /tmp/workdir/hadoop-ozone/integration-test/target/test-dir/MiniOzoneClusterImpl-92b618a0-2021-43d7-b9f6-a6987319673f/datanode-0/data/ratis/e210bc5f-1b98-4bf0-99db-94d12a9e6643 was interrupted, exiting. There are 0 tasks remaining in the queue.
2019-07-13 09:16:28,751 INFO  segmented.SegmentedRaftLogWorker (SegmentedRaftLogWorker.java:close(228)) - b56c3050-e7d5-43b7-8d2e-a575394b13c1-SegmentedRaftLogWorker:Storage Directory /tmp/workdir/hadoop-ozone/integration-test/target/test-dir/MiniOzoneClusterImpl-92b618a0-2021-43d7-b9f6-a6987319673f/datanode-0/data/ratis/e210bc5f-1b98-4bf0-99db-94d12a9e6643 close()
2019-07-13 09:16:28,753 INFO  impl.RaftServerImpl (RaftServerImpl.java:lambda$shutdown$3(245)) - b56c3050-e7d5-43b7-8d2e-a575394b13c1: shutdown group-0B56978D8787
2019-07-13 09:16:28,753 INFO  util.JmxRegister (JmxRegister.java:unregister(73)) - Successfully un-registered JMX Bean with object name Ratis:service=RaftServer,group=group-0B56978D8787,id=b56c3050-e7d5-43b7-8d2e-a575394b13c1
2019-07-13 09:16:28,753 INFO  impl.RoleInfo (RoleInfo.java:shutdownLeaderState(104)) - b56c3050-e7d5-43b7-8d2e-a575394b13c1: shutdown LeaderState
2019-07-13 09:16:28,754 INFO  impl.PendingRequests (PendingRequests.java:sendNotLeaderResponses(202)) - b56c3050-e7d5-43b7-8d2e-a575394b13c1-PendingRequests: sendNotLeaderResponses
2019-07-13 09:16:28,754 INFO  impl.StateMachineUpdater (StateMachineUpdater.java:stopAndJoin(115)) - StateMachineUpdater:b56c3050-e7d5-43b7-8d2e-a575394b13c1:group-0B56978D8787: set stopIndex = 0
2019-07-13 09:16:28,754 INFO  ratis.ContainerStateMachine (ContainerStateMachine.java:takeSnapshot(246)) - Taking snapshot at termIndex:(t:0, i:~)
2019-07-13 09:16:28,755 INFO  ozoneimpl.OzoneContainer (OzoneContainer.java:stop(199)) - Attempting to stop container services.
2019-07-13 09:16:28,755 INFO  impl.RaftServerImpl (ServerState.java:close(394)) - b56c3050-e7d5-43b7-8d2e-a575394b13c1:group-0B56978D8787 closes. The last applied log index is 0
2019-07-13 09:16:28,755 INFO  impl.RaftServerProxy (RaftServerProxy.java:lambda$close$4(314)) - 231a7809-3683-49d2-9fc9-79974c1fe57d: close
2019-07-13 09:16:28,756 INFO  segmented.SegmentedRaftLogWorker (SegmentedRaftLogWorker.java:run(313)) - b56c3050-e7d5-43b7-8d2e-a575394b13c1-SegmentedRaftLogWorker:Storage Directory /tmp/workdir/hadoop-ozone/integration-test/target/test-dir/MiniOzoneClusterImpl-92b618a0-2021-43d7-b9f6-a6987319673f/datanode-0/data/ratis/d537eac7-f303-440d-9e80-0b56978d8787 was interrupted, exiting. There are 0 tasks remaining in the queue.
2019-07-13 09:16:28,756 INFO  impl.RaftServerImpl (RaftServerImpl.java:lambda$shutdown$3(245)) - 231a7809-3683-49d2-9fc9-79974c1fe57d: shutdown group-B00746477F3E
2019-07-13 09:16:28,758 INFO  segmented.SegmentedRaftLogWorker (SegmentedRaftLogWorker.java:close(228)) - b56c3050-e7d5-43b7-8d2e-a575394b13c1-SegmentedRaftLogWorker:Storage Directory /tmp/workdir/hadoop-ozone/integration-test/target/test-dir/MiniOzoneClusterImpl-92b618a0-2021-43d7-b9f6-a6987319673f/datanode-0/data/ratis/d537eac7-f303-440d-9e80-0b56978d8787 close()
2019-07-13 09:16:28,758 INFO  util.JmxRegister (JmxRegister.java:unregister(73)) - Successfully un-registered JMX Bean with object name Ratis:service=RaftServer,group=group-B00746477F3E,id=231a7809-3683-49d2-9fc9-79974c1fe57d
2019-07-13 09:16:28,764 INFO  server.GrpcService (GrpcService.java:closeImpl(155)) - b56c3050-e7d5-43b7-8d2e-a575394b13c1: shutdown server with port 44905 now
2019-07-13 09:16:28,765 INFO  impl.RoleInfo (RoleInfo.java:shutdownLeaderState(104)) - 231a7809-3683-49d2-9fc9-79974c1fe57d: shutdown LeaderState
2019-07-13 09:16:28,765 INFO  server.GrpcService (GrpcService.java:closeImpl(163)) - b56c3050-e7d5-43b7-8d2e-a575394b13c1: shutdown server with port 44905 successfully
2019-07-13 09:16:28,765 INFO  impl.PendingRequests (PendingRequests.java:sendNotLeaderResponses(202)) - 231a7809-3683-49d2-9fc9-79974c1fe57d-PendingRequests: sendNotLeaderResponses
2019-07-13 09:16:28,766 INFO  impl.StateMachineUpdater (StateMachineUpdater.java:stopAndJoin(115)) - StateMachineUpdater:231a7809-3683-49d2-9fc9-79974c1fe57d:group-B00746477F3E: set stopIndex = 0
2019-07-13 09:16:28,766 INFO  utils.BackgroundService (BackgroundService.java:shutdown(148)) - Shutting down service BlockDeletingService
2019-07-13 09:16:28,766 INFO  ratis.ContainerStateMachine (ContainerStateMachine.java:takeSnapshot(246)) - Taking snapshot at termIndex:(t:0, i:~)
2019-07-13 09:16:28,767 INFO  impl.RaftServerImpl (ServerState.java:close(394)) - 231a7809-3683-49d2-9fc9-79974c1fe57d:group-B00746477F3E closes. The last applied log index is 0
2019-07-13 09:16:28,768 INFO  segmented.SegmentedRaftLogWorker (SegmentedRaftLogWorker.java:run(313)) - 231a7809-3683-49d2-9fc9-79974c1fe57d-SegmentedRaftLogWorker:Storage Directory /tmp/workdir/hadoop-ozone/integration-test/target/test-dir/MiniOzoneClusterImpl-92b618a0-2021-43d7-b9f6-a6987319673f/datanode-6/data/ratis/a21e7ff4-adc5-4edd-a4a5-b00746477f3e was interrupted, exiting. There are 0 tasks remaining in the queue.
2019-07-13 09:16:28,768 INFO  segmented.SegmentedRaftLogWorker (SegmentedRaftLogWorker.java:close(228)) - 231a7809-3683-49d2-9fc9-79974c1fe57d-SegmentedRaftLogWorker:Storage Directory /tmp/workdir/hadoop-ozone/integration-test/target/test-dir/MiniOzoneClusterImpl-92b618a0-2021-43d7-b9f6-a6987319673f/datanode-6/data/ratis/a21e7ff4-adc5-4edd-a4a5-b00746477f3e close()
2019-07-13 09:16:28,768 INFO  server.GrpcService (GrpcService.java:closeImpl(155)) - 231a7809-3683-49d2-9fc9-79974c1fe57d: shutdown server with port 36781 now
2019-07-13 09:16:28,771 INFO  server.GrpcService (GrpcService.java:closeImpl(163)) - 231a7809-3683-49d2-9fc9-79974c1fe57d: shutdown server with port 36781 successfully
2019-07-13 09:16:28,771 WARN  fs.CachingGetSpaceUsed (CachingGetSpaceUsed.java:run(183)) - Thread Interrupted waiting to refresh disk information: sleep interrupted
2019-07-13 09:16:28,773 INFO  utils.BackgroundService (BackgroundService.java:shutdown(148)) - Shutting down service BlockDeletingService
2019-07-13 09:16:28,774 WARN  fs.CachingGetSpaceUsed (CachingGetSpaceUsed.java:run(183)) - Thread Interrupted waiting to refresh disk information: sleep interrupted
2019-07-13 09:16:28,800 INFO  statemachine.DatanodeStateMachine (DatanodeStateMachine.java:stopDaemon(395)) - Ozone container server stopped.
2019-07-13 09:16:28,802 INFO  statemachine.DatanodeStateMachine (DatanodeStateMachine.java:stopDaemon(395)) - Ozone container server stopped.
2019-07-13 09:16:28,827 INFO  handler.ContextHandler (ContextHandler.java:doStop(910)) - Stopped o.e.j.w.WebAppContext@373fb666{/,null,UNAVAILABLE}{/hddsDatanode}
2019-07-13 09:16:28,827 INFO  handler.ContextHandler (ContextHandler.java:doStop(910)) - Stopped o.e.j.w.WebAppContext@5b0d480c{/,null,UNAVAILABLE}{/hddsDatanode}
2019-07-13 09:16:28,828 INFO  server.AbstractConnector (AbstractConnector.java:doStop(318)) - Stopped ServerConnector@7894a250{HTTP/1.1,[http/1.1]}{0.0.0.0:0}
2019-07-13 09:16:28,828 INFO  server.AbstractConnector (AbstractConnector.java:doStop(318)) - Stopped ServerConnector@3f2169e9{HTTP/1.1,[http/1.1]}{0.0.0.0:0}
2019-07-13 09:16:28,828 INFO  handler.ContextHandler (ContextHandler.java:doStop(910)) - Stopped o.e.j.s.ServletContextHandler@c6db00d{/static,jar:file:/home/user/.m2/repository/org/apache/hadoop/hadoop-hdds-container-service/0.5.0-SNAPSHOT/hadoop-hdds-container-service-0.5.0-SNAPSHOT.jar!/webapps/static,UNAVAILABLE}
2019-07-13 09:16:28,829 INFO  handler.ContextHandler (ContextHandler.java:doStop(910)) - Stopped o.e.j.s.ServletContextHandler@579ee82{/static,jar:file:/home/user/.m2/repository/org/apache/hadoop/hadoop-hdds-container-service/0.5.0-SNAPSHOT/hadoop-hdds-container-service-0.5.0-SNAPSHOT.jar!/webapps/static,UNAVAILABLE}
2019-07-13 09:16:28,830 INFO  handler.ContextHandler (ContextHandler.java:doStop(910)) - Stopped o.e.j.s.ServletContextHandler@3811464b{/logs,file:///tmp/workdir/hadoop-ozone/integration-test/target/log,UNAVAILABLE}
2019-07-13 09:16:28,831 INFO  handler.ContextHandler (ContextHandler.java:doStop(910)) - Stopped o.e.j.s.ServletContextHandler@f6e3b67{/logs,file:///tmp/workdir/hadoop-ozone/integration-test/target/log,UNAVAILABLE}
2019-07-13 09:16:28,832 INFO  datanode.ObjectStoreHandler (ObjectStoreHandler.java:close(155)) - Closing ObjectStoreHandler.
2019-07-13 09:16:28,834 INFO  ozone.HddsDatanodeService (HddsDatanodeService.java:stop(452)) - Stopped plug-in org.apache.hadoop.ozone.web.OzoneHddsDatanodeService@28468162
2019-07-13 09:16:29,138 INFO  statemachine.DatanodeStateMachine (DatanodeStateMachine.java:lambda$startDaemon$0(350)) - Ozone container server started.
2019-07-13 09:16:29,173 WARN  server.GrpcLogAppender (LogUtils.java:warn(134)) - b1cf789f-56ae-4e76-ab41-e93215d4786a->af8cb241-e95a-4041-9c02-16b1a4e582f8: Failed appendEntries: org.apache.ratis.thirdparty.io.grpc.StatusRuntimeException: UNAVAILABLE: io exception
2019-07-13 09:16:29,173 WARN  server.GrpcLogAppender (LogUtils.java:warn(134)) - b1cf789f-56ae-4e76-ab41-e93215d4786a->f32e78eb-8ace-4da1-be61-402c772c2dbc: Failed appendEntries: org.apache.ratis.thirdparty.io.grpc.StatusRuntimeException: UNAVAILABLE: io exception
2019-07-13 09:16:29,173 INFO  impl.FollowerInfo (FollowerInfo.java:lambda$new$0(50)) - b1cf789f-56ae-4e76-ab41-e93215d4786a->af8cb241-e95a-4041-9c02-16b1a4e582f8: nextIndex: updateUnconditionally 0 -> 0
2019-07-13 09:16:29,174 INFO  impl.FollowerInfo (FollowerInfo.java:lambda$new$0(50)) - b1cf789f-56ae-4e76-ab41-e93215d4786a->f32e78eb-8ace-4da1-be61-402c772c2dbc: nextIndex: updateUnconditionally 0 -> 0
2019-07-13 09:16:31,673 WARN  server.GrpcLogAppender (LogUtils.java:warn(134)) - b1cf789f-56ae-4e76-ab41-e93215d4786a->af8cb241-e95a-4041-9c02-16b1a4e582f8: Failed appendEntries: org.apache.ratis.thirdparty.io.grpc.StatusRuntimeException: UNAVAILABLE: io exception
2019-07-13 09:16:31,673 WARN  server.GrpcLogAppender (LogUtils.java:warn(134)) - b1cf789f-56ae-4e76-ab41-e93215d4786a->f32e78eb-8ace-4da1-be61-402c772c2dbc: Failed appendEntries: org.apache.ratis.thirdparty.io.grpc.StatusRuntimeException: UNAVAILABLE: io exception
2019-07-13 09:16:31,674 INFO  impl.FollowerInfo (FollowerInfo.java:lambda$new$0(50)) - b1cf789f-56ae-4e76-ab41-e93215d4786a->af8cb241-e95a-4041-9c02-16b1a4e582f8: nextIndex: updateUnconditionally 0 -> 0
2019-07-13 09:16:31,674 INFO  impl.FollowerInfo (FollowerInfo.java:lambda$new$0(50)) - b1cf789f-56ae-4e76-ab41-e93215d4786a->f32e78eb-8ace-4da1-be61-402c772c2dbc: nextIndex: updateUnconditionally 0 -> 0
2019-07-13 09:16:33,184 INFO  node.StaleNodeHandler (StaleNodeHandler.java:onMessage(58)) - Datanode b1cf789f-56ae-4e76-ab41-e93215d4786a{ip: 192.168.69.96, host: trunk-nightly-hmp62-43275749, networkLocation: /default-rack, certSerialId: null} moved to stale state. Finalizing its pipelines [PipelineID=a530fc7c-6f90-45ca-90bd-eedae6c705a4, PipelineID=00d0d9bf-c31d-4445-b761-fd20e7e1f9c3]
2019-07-13 09:16:33,185 INFO  pipeline.SCMPipelineManager (SCMPipelineManager.java:finalizeAndDestroyPipeline(309)) - destroying pipeline:Pipeline[ Id: a530fc7c-6f90-45ca-90bd-eedae6c705a4, Nodes: b1cf789f-56ae-4e76-ab41-e93215d4786a{ip: 192.168.69.96, host: trunk-nightly-hmp62-43275749, networkLocation: /default-rack, certSerialId: null}f32e78eb-8ace-4da1-be61-402c772c2dbc{ip: 192.168.69.96, host: trunk-nightly-hmp62-43275749, networkLocation: /default-rack, certSerialId: null}af8cb241-e95a-4041-9c02-16b1a4e582f8{ip: 192.168.69.96, host: trunk-nightly-hmp62-43275749, networkLocation: /default-rack, certSerialId: null}, Type:RATIS, Factor:THREE, State:CLOSED]
2019-07-13 09:16:33,185 INFO  pipeline.SCMPipelineManager (SCMPipelineManager.java:finalizeAndDestroyPipeline(309)) - destroying pipeline:Pipeline[ Id: 00d0d9bf-c31d-4445-b761-fd20e7e1f9c3, Nodes: b1cf789f-56ae-4e76-ab41-e93215d4786a{ip: 192.168.69.96, host: trunk-nightly-hmp62-43275749, networkLocation: /default-rack, certSerialId: null}, Type:RATIS, Factor:ONE, State:OPEN]
2019-07-13 09:16:33,185 INFO  pipeline.PipelineStateManager (PipelineStateManager.java:finalizePipeline(123)) - Pipeline Pipeline[ Id: 00d0d9bf-c31d-4445-b761-fd20e7e1f9c3, Nodes: b1cf789f-56ae-4e76-ab41-e93215d4786a{ip: 192.168.69.96, host: trunk-nightly-hmp62-43275749, networkLocation: /default-rack, certSerialId: null}, Type:RATIS, Factor:ONE, State:CLOSED] moved to CLOSED state
2019-07-13 09:16:33,835 INFO  ozoneimpl.OzoneContainer (OzoneContainer.java:stop(199)) - Attempting to stop container services.
2019-07-13 09:16:33,836 INFO  impl.RaftServerProxy (RaftServerProxy.java:lambda$close$4(314)) - b1cf789f-56ae-4e76-ab41-e93215d4786a: close
2019-07-13 09:16:33,836 INFO  impl.RaftServerImpl (RaftServerImpl.java:lambda$shutdown$3(245)) - b1cf789f-56ae-4e76-ab41-e93215d4786a: shutdown group-EEDAE6C705A4
2019-07-13 09:16:33,837 INFO  util.JmxRegister (JmxRegister.java:unregister(73)) - Successfully un-registered JMX Bean with object name Ratis:service=RaftServer,group=group-EEDAE6C705A4,id=b1cf789f-56ae-4e76-ab41-e93215d4786a
2019-07-13 09:16:33,838 INFO  impl.RoleInfo (RoleInfo.java:shutdownLeaderState(104)) - b1cf789f-56ae-4e76-ab41-e93215d4786a: shutdown LeaderState
2019-07-13 09:16:33,841 WARN  server.GrpcLogAppender (GrpcLogAppender.java:mayWait(143)) - GrpcLogAppender(b1cf789f-56ae-4e76-ab41-e93215d4786a->f32e78eb-8ace-4da1-be61-402c772c2dbc): Wait interrupted by java.lang.InterruptedException
2019-07-13 09:16:33,841 WARN  server.GrpcLogAppender (GrpcLogAppender.java:mayWait(143)) - GrpcLogAppender(b1cf789f-56ae-4e76-ab41-e93215d4786a->af8cb241-e95a-4041-9c02-16b1a4e582f8): Wait interrupted by java.lang.InterruptedException
2019-07-13 09:16:33,841 INFO  impl.PendingRequests (PendingRequests.java:sendNotLeaderResponses(202)) - b1cf789f-56ae-4e76-ab41-e93215d4786a-PendingRequests: sendNotLeaderResponses
2019-07-13 09:16:33,844 INFO  impl.StateMachineUpdater (StateMachineUpdater.java:stopAndJoin(115)) - StateMachineUpdater:b1cf789f-56ae-4e76-ab41-e93215d4786a:group-EEDAE6C705A4: set stopIndex = 2
2019-07-13 09:16:33,844 INFO  ratis.ContainerStateMachine (ContainerStateMachine.java:takeSnapshot(246)) - Taking snapshot at termIndex:(t:0, i:~)
2019-07-13 09:16:33,844 INFO  impl.RaftServerImpl (ServerState.java:close(394)) - b1cf789f-56ae-4e76-ab41-e93215d4786a:group-EEDAE6C705A4 closes. The last applied log index is 2
2019-07-13 09:16:33,845 INFO  segmented.SegmentedRaftLogWorker (SegmentedRaftLogWorker.java:run(313)) - b1cf789f-56ae-4e76-ab41-e93215d4786a-SegmentedRaftLogWorker:Storage Directory /tmp/workdir/hadoop-ozone/integration-test/target/test-dir/MiniOzoneClusterImpl-92b618a0-2021-43d7-b9f6-a6987319673f/datanode-5/data/ratis/a530fc7c-6f90-45ca-90bd-eedae6c705a4 was interrupted, exiting. There are 0 tasks remaining in the queue.
2019-07-13 09:16:33,846 INFO  segmented.SegmentedRaftLogWorker (SegmentedRaftLogWorker.java:close(228)) - b1cf789f-56ae-4e76-ab41-e93215d4786a-SegmentedRaftLogWorker:Storage Directory /tmp/workdir/hadoop-ozone/integration-test/target/test-dir/MiniOzoneClusterImpl-92b618a0-2021-43d7-b9f6-a6987319673f/datanode-5/data/ratis/a530fc7c-6f90-45ca-90bd-eedae6c705a4 close()
2019-07-13 09:16:33,846 INFO  impl.RaftServerImpl (RaftServerImpl.java:lambda$shutdown$3(245)) - b1cf789f-56ae-4e76-ab41-e93215d4786a: shutdown group-FD20E7E1F9C3
2019-07-13 09:16:33,847 INFO  util.JmxRegister (JmxRegister.java:unregister(73)) - Successfully un-registered JMX Bean with object name Ratis:service=RaftServer,group=group-FD20E7E1F9C3,id=b1cf789f-56ae-4e76-ab41-e93215d4786a
2019-07-13 09:16:33,847 INFO  impl.RoleInfo (RoleInfo.java:shutdownLeaderState(104)) - b1cf789f-56ae-4e76-ab41-e93215d4786a: shutdown LeaderState
2019-07-13 09:16:33,847 INFO  impl.PendingRequests (PendingRequests.java:sendNotLeaderResponses(202)) - b1cf789f-56ae-4e76-ab41-e93215d4786a-PendingRequests: sendNotLeaderResponses
2019-07-13 09:16:33,848 INFO  impl.StateMachineUpdater (StateMachineUpdater.java:stopAndJoin(115)) - StateMachineUpdater:b1cf789f-56ae-4e76-ab41-e93215d4786a:group-FD20E7E1F9C3: set stopIndex = 0
2019-07-13 09:16:33,848 INFO  ratis.ContainerStateMachine (ContainerStateMachine.java:takeSnapshot(246)) - Taking snapshot at termIndex:(t:0, i:~)
2019-07-13 09:16:33,849 INFO  impl.RaftServerImpl (ServerState.java:close(394)) - b1cf789f-56ae-4e76-ab41-e93215d4786a:group-FD20E7E1F9C3 closes. The last applied log index is 0
2019-07-13 09:16:33,849 INFO  segmented.SegmentedRaftLogWorker (SegmentedRaftLogWorker.java:run(313)) - b1cf789f-56ae-4e76-ab41-e93215d4786a-SegmentedRaftLogWorker:Storage Directory /tmp/workdir/hadoop-ozone/integration-test/target/test-dir/MiniOzoneClusterImpl-92b618a0-2021-43d7-b9f6-a6987319673f/datanode-5/data/ratis/00d0d9bf-c31d-4445-b761-fd20e7e1f9c3 was interrupted, exiting. There are 0 tasks remaining in the queue.
2019-07-13 09:16:33,849 INFO  segmented.SegmentedRaftLogWorker (SegmentedRaftLogWorker.java:close(228)) - b1cf789f-56ae-4e76-ab41-e93215d4786a-SegmentedRaftLogWorker:Storage Directory /tmp/workdir/hadoop-ozone/integration-test/target/test-dir/MiniOzoneClusterImpl-92b618a0-2021-43d7-b9f6-a6987319673f/datanode-5/data/ratis/00d0d9bf-c31d-4445-b761-fd20e7e1f9c3 close()
2019-07-13 09:16:33,850 INFO  server.GrpcService (GrpcService.java:closeImpl(155)) - b1cf789f-56ae-4e76-ab41-e93215d4786a: shutdown server with port 39268 now
2019-07-13 09:16:33,850 INFO  server.GrpcService (GrpcService.java:closeImpl(163)) - b1cf789f-56ae-4e76-ab41-e93215d4786a: shutdown server with port 39268 successfully
2019-07-13 09:16:33,855 INFO  utils.BackgroundService (BackgroundService.java:shutdown(148)) - Shutting down service BlockDeletingService
2019-07-13 09:16:33,857 WARN  fs.CachingGetSpaceUsed (CachingGetSpaceUsed.java:run(183)) - Thread Interrupted waiting to refresh disk information: sleep interrupted
2019-07-13 09:16:33,875 INFO  statemachine.DatanodeStateMachine (DatanodeStateMachine.java:stopDaemon(395)) - Ozone container server stopped.
2019-07-13 09:16:33,888 INFO  handler.ContextHandler (ContextHandler.java:doStop(910)) - Stopped o.e.j.w.WebAppContext@737ae41a{/,null,UNAVAILABLE}{/hddsDatanode}
2019-07-13 09:16:33,889 INFO  server.AbstractConnector (AbstractConnector.java:doStop(318)) - Stopped ServerConnector@7a05cdc8{HTTP/1.1,[http/1.1]}{0.0.0.0:0}
2019-07-13 09:16:33,890 INFO  handler.ContextHandler (ContextHandler.java:doStop(910)) - Stopped o.e.j.s.ServletContextHandler@51d6c42d{/static,jar:file:/home/user/.m2/repository/org/apache/hadoop/hadoop-hdds-container-service/0.5.0-SNAPSHOT/hadoop-hdds-container-service-0.5.0-SNAPSHOT.jar!/webapps/static,UNAVAILABLE}
2019-07-13 09:16:33,891 INFO  handler.ContextHandler (ContextHandler.java:doStop(910)) - Stopped o.e.j.s.ServletContextHandler@1a4c6e74{/logs,file:///tmp/workdir/hadoop-ozone/integration-test/target/log,UNAVAILABLE}
2019-07-13 09:16:33,892 INFO  ozone.MiniOzoneClusterImpl (MiniOzoneClusterImpl.java:stop(353)) - Stopping the StorageContainerManager
2019-07-13 09:16:33,892 INFO  server.StorageContainerManager (StorageContainerManager.java:stop(796)) - Stopping Replication Manager Service.
2019-07-13 09:16:33,892 INFO  container.ReplicationManager (ReplicationManager.java:stop(187)) - Stopping Replication Monitor Thread.
2019-07-13 09:16:33,892 INFO  server.StorageContainerManager (StorageContainerManager.java:stop(803)) - Stopping Lease Manager of the command watchers
2019-07-13 09:16:33,892 INFO  server.StorageContainerManager (StorageContainerManager.java:stop(810)) - Stopping datanode service RPC server
2019-07-13 09:16:33,893 INFO  server.SCMDatanodeProtocolServer (SCMDatanodeProtocolServer.java:stop(375)) - Stopping the RPC server for DataNodes
2019-07-13 09:16:33,893 INFO  ipc.Server (Server.java:stop(3082)) - Stopping server on 37970
2019-07-13 09:16:33,896 INFO  ipc.Server (Server.java:run(1185)) - Stopping IPC Server listener on 37970
2019-07-13 09:16:33,896 INFO  ipc.Server (Server.java:run(1319)) - Stopping IPC Server Responder
2019-07-13 09:16:33,984 WARN  node.NodeStateManager (NodeStateManager.java:scheduleNextHealthCheck(631)) - Current Thread is interrupted, shutting down HB processing thread for Node Manager.
2019-07-13 09:16:33,985 INFO  server.StorageContainerManager (StorageContainerManager.java:stop(818)) - Stopping block service RPC server
2019-07-13 09:16:33,985 INFO  server.SCMBlockProtocolServer (SCMBlockProtocolServer.java:stop(148)) - Stopping the RPC server for Block Protocol
2019-07-13 09:16:33,985 INFO  ipc.Server (Server.java:stop(3082)) - Stopping server on 45275
2019-07-13 09:16:33,988 INFO  ipc.Server (Server.java:run(1185)) - Stopping IPC Server listener on 45275
2019-07-13 09:16:33,988 INFO  ipc.Server (Server.java:run(1319)) - Stopping IPC Server Responder
2019-07-13 09:16:33,988 INFO  server.StorageContainerManager (StorageContainerManager.java:stop(825)) - Stopping the StorageContainerLocationProtocol RPC server
2019-07-13 09:16:33,988 INFO  server.SCMClientProtocolServer (SCMClientProtocolServer.java:stop(157)) - Stopping the RPC server for Client Protocol
2019-07-13 09:16:33,990 INFO  ipc.Server (Server.java:stop(3082)) - Stopping server on 45326
2019-07-13 09:16:33,991 INFO  ipc.Server (Server.java:run(1185)) - Stopping IPC Server listener on 45326
2019-07-13 09:16:33,992 INFO  ipc.Server (Server.java:run(1319)) - Stopping IPC Server Responder
2019-07-13 09:16:33,991 INFO  server.StorageContainerManager (StorageContainerManager.java:stop(832)) - Stopping Storage Container Manager HTTP server.
2019-07-13 09:16:33,994 INFO  handler.ContextHandler (ContextHandler.java:doStop(910)) - Stopped o.e.j.w.WebAppContext@68fa8ea5{/,null,UNAVAILABLE}{/scm}
2019-07-13 09:16:33,995 INFO  server.AbstractConnector (AbstractConnector.java:doStop(318)) - Stopped ServerConnector@68c47cf9{HTTP/1.1,[http/1.1]}{0.0.0.0:0}
2019-07-13 09:16:33,995 INFO  handler.ContextHandler (ContextHandler.java:doStop(910)) - Stopped o.e.j.s.ServletContextHandler@7c0035dd{/static,file:///tmp/workdir/hadoop-ozone/integration-test/target/test-classes/webapps/static,UNAVAILABLE}
2019-07-13 09:16:33,995 INFO  handler.ContextHandler (ContextHandler.java:doStop(910)) - Stopped o.e.j.s.ServletContextHandler@2bed5828{/logs,file:///tmp/workdir/hadoop-ozone/integration-test/target/log,UNAVAILABLE}
2019-07-13 09:16:33,997 INFO  server.StorageContainerManager (StorageContainerManager.java:stop(843)) - Stopping Block Manager Service.
2019-07-13 09:16:33,997 INFO  utils.BackgroundService (BackgroundService.java:shutdown(148)) - Shutting down service SCMBlockDeletingService
2019-07-13 09:16:33,997 INFO  utils.BackgroundService (BackgroundService.java:shutdown(148)) - Shutting down service SCMBlockDeletingService
2019-07-13 09:16:33,998 INFO  server.StorageContainerManager (StorageContainerManager.java:stop(865)) - Stopping SCM Event Queue.
2019-07-13 09:16:34,014 INFO  impl.MetricsSystemImpl (MetricsSystemImpl.java:stop(210)) - Stopping HddsDatanode metrics system...
2019-07-13 09:16:34,018 INFO  impl.MetricsSystemImpl (MetricsSystemImpl.java:stop(216)) - HddsDatanode metrics system stopped.
]]></system-out>
    <system-err><![CDATA[Jul 13, 2019 9:16:00 AM com.sun.jersey.server.impl.application.WebApplicationImpl _initiate
INFO: Initiating Jersey application, version 'Jersey: 1.19 02/11/2015 03:25 AM'
Jul 13, 2019 9:16:01 AM com.sun.jersey.server.impl.application.WebApplicationImpl _initiate
INFO: Initiating Jersey application, version 'Jersey: 1.19 02/11/2015 03:25 AM'
Jul 13, 2019 9:16:01 AM com.sun.jersey.server.impl.application.WebApplicationImpl _initiate
INFO: Initiating Jersey application, version 'Jersey: 1.19 02/11/2015 03:25 AM'
Jul 13, 2019 9:16:01 AM com.sun.jersey.server.impl.application.WebApplicationImpl _initiate
INFO: Initiating Jersey application, version 'Jersey: 1.19 02/11/2015 03:25 AM'
Jul 13, 2019 9:16:01 AM com.sun.jersey.server.impl.application.WebApplicationImpl _initiate
INFO: Initiating Jersey application, version 'Jersey: 1.19 02/11/2015 03:25 AM'
Jul 13, 2019 9:16:02 AM com.sun.jersey.server.impl.application.WebApplicationImpl _initiate
INFO: Initiating Jersey application, version 'Jersey: 1.19 02/11/2015 03:25 AM'
Jul 13, 2019 9:16:02 AM com.sun.jersey.server.impl.application.WebApplicationImpl _initiate
INFO: Initiating Jersey application, version 'Jersey: 1.19 02/11/2015 03:25 AM'
Jul 13, 2019 9:16:05 AM org.apache.ratis.thirdparty.io.grpc.internal.ManagedChannelOrphanWrapper$ManagedChannelReference cleanQueue
SEVERE: *~*~*~ Channel ManagedChannelImpl{logId=2351, target=192.168.69.96:42983} was not shutdown properly!!! ~*~*~*
    Make sure to call shutdown()/shutdownNow() and wait until awaitTermination() returns true.
java.lang.RuntimeException: ManagedChannel allocation site
	at org.apache.ratis.thirdparty.io.grpc.internal.ManagedChannelOrphanWrapper$ManagedChannelReference.<init>(ManagedChannelOrphanWrapper.java:103)
	at org.apache.ratis.thirdparty.io.grpc.internal.ManagedChannelOrphanWrapper.<init>(ManagedChannelOrphanWrapper.java:53)
	at org.apache.ratis.thirdparty.io.grpc.internal.ManagedChannelOrphanWrapper.<init>(ManagedChannelOrphanWrapper.java:44)
	at org.apache.ratis.thirdparty.io.grpc.internal.AbstractManagedChannelImplBuilder.build(AbstractManagedChannelImplBuilder.java:411)
	at org.apache.ratis.grpc.client.GrpcClientProtocolClient.<init>(GrpcClientProtocolClient.java:119)
	at org.apache.ratis.grpc.client.GrpcClientRpc.lambda$new$0(GrpcClientRpc.java:55)
	at org.apache.ratis.util.PeerProxyMap$PeerAndProxy.lambda$getProxy$0(PeerProxyMap.java:61)
	at org.apache.ratis.util.LifeCycle.startAndTransition(LifeCycle.java:202)
	at org.apache.ratis.util.PeerProxyMap$PeerAndProxy.getProxy(PeerProxyMap.java:60)
	at org.apache.ratis.util.PeerProxyMap.getProxy(PeerProxyMap.java:107)
	at org.apache.ratis.grpc.client.GrpcClientRpc.sendRequestAsync(GrpcClientRpc.java:66)
	at org.apache.ratis.client.impl.OrderedAsync.sendRequest(OrderedAsync.java:208)
	at org.apache.ratis.client.impl.OrderedAsync.sendRequestWithRetry(OrderedAsync.java:169)
	at org.apache.ratis.util.SlidingWindow$Client.sendOrDelayRequest(SlidingWindow.java:278)
	at org.apache.ratis.util.SlidingWindow$Client.retry(SlidingWindow.java:294)
	at org.apache.ratis.client.impl.OrderedAsync.lambda$scheduleWithTimeout$7(OrderedAsync.java:195)
	at org.apache.ratis.util.TimeoutScheduler.lambda$onTimeout$0(TimeoutScheduler.java:85)
	at org.apache.ratis.util.TimeoutScheduler.lambda$onTimeout$1(TimeoutScheduler.java:104)
	at org.apache.ratis.util.LogUtils.runAndLog(LogUtils.java:50)
	at org.apache.ratis.util.LogUtils$1.run(LogUtils.java:91)
	at java.util.concurrent.Executors$RunnableAdapter.call(Executors.java:511)
	at java.util.concurrent.FutureTask.run(FutureTask.java:266)
	at java.util.concurrent.ScheduledThreadPoolExecutor$ScheduledFutureTask.access$201(ScheduledThreadPoolExecutor.java:180)
	at java.util.concurrent.ScheduledThreadPoolExecutor$ScheduledFutureTask.run(ScheduledThreadPoolExecutor.java:293)
	at java.util.concurrent.ThreadPoolExecutor.runWorker(ThreadPoolExecutor.java:1149)
	at java.util.concurrent.ThreadPoolExecutor$Worker.run(ThreadPoolExecutor.java:624)
	at java.lang.Thread.run(Thread.java:748)

Jul 13, 2019 9:16:05 AM org.apache.ratis.thirdparty.io.grpc.internal.ManagedChannelOrphanWrapper$ManagedChannelReference cleanQueue
SEVERE: *~*~*~ Channel ManagedChannelImpl{logId=2390, target=192.168.69.96:40198} was not shutdown properly!!! ~*~*~*
    Make sure to call shutdown()/shutdownNow() and wait until awaitTermination() returns true.
java.lang.RuntimeException: ManagedChannel allocation site
	at org.apache.ratis.thirdparty.io.grpc.internal.ManagedChannelOrphanWrapper$ManagedChannelReference.<init>(ManagedChannelOrphanWrapper.java:103)
	at org.apache.ratis.thirdparty.io.grpc.internal.ManagedChannelOrphanWrapper.<init>(ManagedChannelOrphanWrapper.java:53)
	at org.apache.ratis.thirdparty.io.grpc.internal.ManagedChannelOrphanWrapper.<init>(ManagedChannelOrphanWrapper.java:44)
	at org.apache.ratis.thirdparty.io.grpc.internal.AbstractManagedChannelImplBuilder.build(AbstractManagedChannelImplBuilder.java:411)
	at org.apache.hadoop.hdds.scm.XceiverClientGrpc.connectToDatanode(XceiverClientGrpc.java:172)
	at org.apache.hadoop.hdds.scm.XceiverClientGrpc.reconnect(XceiverClientGrpc.java:417)
	at org.apache.hadoop.hdds.scm.XceiverClientGrpc.sendCommandAsync(XceiverClientGrpc.java:366)
	at org.apache.hadoop.hdds.scm.XceiverClientGrpc.sendCommandWithRetry(XceiverClientGrpc.java:279)
	at org.apache.hadoop.hdds.scm.XceiverClientGrpc.sendCommandWithTraceIDAndRetry(XceiverClientGrpc.java:248)
	at org.apache.hadoop.hdds.scm.XceiverClientGrpc.sendCommand(XceiverClientGrpc.java:231)
	at org.apache.hadoop.hdds.scm.storage.ContainerProtocolCalls.getBlock(ContainerProtocolCalls.java:118)
	at org.apache.hadoop.hdds.scm.storage.BlockInputStream.getChunkInfos(BlockInputStream.java:167)
	at org.apache.hadoop.hdds.scm.storage.BlockInputStream.initialize(BlockInputStream.java:118)
	at org.apache.hadoop.hdds.scm.storage.BlockInputStream.read(BlockInputStream.java:222)
	at org.apache.hadoop.ozone.client.io.KeyInputStream.read(KeyInputStream.java:171)
	at org.apache.hadoop.ozone.client.io.OzoneInputStream.read(OzoneInputStream.java:47)
	at java.io.InputStream.read(InputStream.java:101)
	at org.apache.hadoop.ozone.container.ContainerTestHelper.validateData(ContainerTestHelper.java:709)
	at org.apache.hadoop.ozone.client.rpc.TestBlockOutputStreamWithFailures.validateData(TestBlockOutputStreamWithFailures.java:1212)
	at org.apache.hadoop.ozone.client.rpc.TestBlockOutputStreamWithFailures.testDatanodeFailureWithSingleNodeRatis(TestBlockOutputStreamWithFailures.java:1054)
	at sun.reflect.NativeMethodAccessorImpl.invoke0(Native Method)
	at sun.reflect.NativeMethodAccessorImpl.invoke(NativeMethodAccessorImpl.java:62)
	at sun.reflect.DelegatingMethodAccessorImpl.invoke(DelegatingMethodAccessorImpl.java:43)
	at java.lang.reflect.Method.invoke(Method.java:498)
	at org.junit.runners.model.FrameworkMethod$1.runReflectiveCall(FrameworkMethod.java:47)
	at org.junit.internal.runners.model.ReflectiveCallable.run(ReflectiveCallable.java:12)
	at org.junit.runners.model.FrameworkMethod.invokeExplosively(FrameworkMethod.java:44)
	at org.junit.internal.runners.statements.InvokeMethod.evaluate(InvokeMethod.java:17)
	at org.junit.internal.runners.statements.RunBefores.evaluate(RunBefores.java:26)
	at org.junit.internal.runners.statements.RunAfters.evaluate(RunAfters.java:27)
	at org.junit.runners.ParentRunner.runLeaf(ParentRunner.java:271)
	at org.junit.runners.BlockJUnit4ClassRunner.runChild(BlockJUnit4ClassRunner.java:70)
	at org.junit.runners.BlockJUnit4ClassRunner.runChild(BlockJUnit4ClassRunner.java:50)
	at org.junit.runners.ParentRunner$3.run(ParentRunner.java:238)
	at org.junit.runners.ParentRunner$1.schedule(ParentRunner.java:63)
	at org.junit.runners.ParentRunner.runChildren(ParentRunner.java:236)
	at org.junit.runners.ParentRunner.access$000(ParentRunner.java:53)
	at org.junit.runners.ParentRunner$2.evaluate(ParentRunner.java:229)
	at org.junit.runners.ParentRunner.run(ParentRunner.java:309)
	at org.apache.maven.surefire.junit4.JUnit4Provider.execute(JUnit4Provider.java:365)
	at org.apache.maven.surefire.junit4.JUnit4Provider.executeWithRerun(JUnit4Provider.java:273)
	at org.apache.maven.surefire.junit4.JUnit4Provider.executeTestSet(JUnit4Provider.java:238)
	at org.apache.maven.surefire.junit4.JUnit4Provider.invoke(JUnit4Provider.java:159)
	at org.apache.maven.surefire.booter.ForkedBooter.invokeProviderInSameClassLoader(ForkedBooter.java:384)
	at org.apache.maven.surefire.booter.ForkedBooter.runSuitesInProcess(ForkedBooter.java:345)
	at org.apache.maven.surefire.booter.ForkedBooter.execute(ForkedBooter.java:126)
	at org.apache.maven.surefire.booter.ForkedBooter.main(ForkedBooter.java:418)

Jul 13, 2019 9:16:05 AM org.apache.ratis.thirdparty.io.grpc.internal.ManagedChannelOrphanWrapper$ManagedChannelReference cleanQueue
SEVERE: *~*~*~ Channel ManagedChannelImpl{logId=2355, target=192.168.69.96:39660} was not shutdown properly!!! ~*~*~*
    Make sure to call shutdown()/shutdownNow() and wait until awaitTermination() returns true.
java.lang.RuntimeException: ManagedChannel allocation site
	at org.apache.ratis.thirdparty.io.grpc.internal.ManagedChannelOrphanWrapper$ManagedChannelReference.<init>(ManagedChannelOrphanWrapper.java:103)
	at org.apache.ratis.thirdparty.io.grpc.internal.ManagedChannelOrphanWrapper.<init>(ManagedChannelOrphanWrapper.java:53)
	at org.apache.ratis.thirdparty.io.grpc.internal.ManagedChannelOrphanWrapper.<init>(ManagedChannelOrphanWrapper.java:44)
	at org.apache.ratis.thirdparty.io.grpc.internal.AbstractManagedChannelImplBuilder.build(AbstractManagedChannelImplBuilder.java:411)
	at org.apache.ratis.grpc.client.GrpcClientProtocolClient.<init>(GrpcClientProtocolClient.java:119)
	at org.apache.ratis.grpc.client.GrpcClientRpc.lambda$new$0(GrpcClientRpc.java:55)
	at org.apache.ratis.util.PeerProxyMap$PeerAndProxy.lambda$getProxy$0(PeerProxyMap.java:61)
	at org.apache.ratis.util.LifeCycle.startAndTransition(LifeCycle.java:202)
	at org.apache.ratis.util.PeerProxyMap$PeerAndProxy.getProxy(PeerProxyMap.java:60)
	at org.apache.ratis.util.PeerProxyMap.getProxy(PeerProxyMap.java:107)
	at org.apache.ratis.grpc.client.GrpcClientRpc.sendRequestAsync(GrpcClientRpc.java:66)
	at org.apache.ratis.client.impl.OrderedAsync.sendRequest(OrderedAsync.java:208)
	at org.apache.ratis.client.impl.OrderedAsync.sendRequestWithRetry(OrderedAsync.java:169)
	at org.apache.ratis.util.SlidingWindow$Client.sendOrDelayRequest(SlidingWindow.java:278)
	at org.apache.ratis.util.SlidingWindow$Client.submitNewRequest(SlidingWindow.java:257)
	at org.apache.ratis.client.impl.OrderedAsync.send(OrderedAsync.java:155)
	at org.apache.ratis.client.impl.RaftClientImpl.sendAsync(RaftClientImpl.java:145)
	at org.apache.ratis.client.impl.RaftClientImpl.sendAsync(RaftClientImpl.java:125)
	at org.apache.hadoop.hdds.scm.XceiverClientRatis.sendRequestAsync(XceiverClientRatis.java:224)
	at org.apache.hadoop.hdds.scm.XceiverClientRatis.sendCommandAsync(XceiverClientRatis.java:302)
	at org.apache.hadoop.hdds.scm.storage.ContainerProtocolCalls.writeChunkAsync(ContainerProtocolCalls.java:310)
	at org.apache.hadoop.hdds.scm.storage.BlockOutputStream.writeChunkToContainer(BlockOutputStream.java:610)
	at org.apache.hadoop.hdds.scm.storage.BlockOutputStream.writeChunk(BlockOutputStream.java:467)
	at org.apache.hadoop.hdds.scm.storage.BlockOutputStream.writeOnRetry(BlockOutputStream.java:293)
	at org.apache.hadoop.ozone.client.io.BlockOutputStreamEntry.writeOnRetry(BlockOutputStreamEntry.java:200)
	at org.apache.hadoop.ozone.client.io.KeyOutputStream.handleWrite(KeyOutputStream.java:209)
	at org.apache.hadoop.ozone.client.io.KeyOutputStream.handleRetry(KeyOutputStream.java:376)
	at org.apache.hadoop.ozone.client.io.KeyOutputStream.handleException(KeyOutputStream.java:325)
	at org.apache.hadoop.ozone.client.io.KeyOutputStream.handleFlushOrClose(KeyOutputStream.java:448)
	at org.apache.hadoop.ozone.client.io.KeyOutputStream.handleWrite(KeyOutputStream.java:235)
	at org.apache.hadoop.ozone.client.io.KeyOutputStream.write(KeyOutputStream.java:193)
	at org.apache.hadoop.ozone.client.io.OzoneOutputStream.write(OzoneOutputStream.java:49)
	at java.io.OutputStream.write(OutputStream.java:75)
	at org.apache.hadoop.ozone.client.rpc.TestBlockOutputStreamWithFailures.testDatanodeFailureWithSingleNodeRatis(TestBlockOutputStreamWithFailures.java:1017)
	at sun.reflect.NativeMethodAccessorImpl.invoke0(Native Method)
	at sun.reflect.NativeMethodAccessorImpl.invoke(NativeMethodAccessorImpl.java:62)
	at sun.reflect.DelegatingMethodAccessorImpl.invoke(DelegatingMethodAccessorImpl.java:43)
	at java.lang.reflect.Method.invoke(Method.java:498)
	at org.junit.runners.model.FrameworkMethod$1.runReflectiveCall(FrameworkMethod.java:47)
	at org.junit.internal.runners.model.ReflectiveCallable.run(ReflectiveCallable.java:12)
	at org.junit.runners.model.FrameworkMethod.invokeExplosively(FrameworkMethod.java:44)
	at org.junit.internal.runners.statements.InvokeMethod.evaluate(InvokeMethod.java:17)
	at org.junit.internal.runners.statements.RunBefores.evaluate(RunBefores.java:26)
	at org.junit.internal.runners.statements.RunAfters.evaluate(RunAfters.java:27)
	at org.junit.runners.ParentRunner.runLeaf(ParentRunner.java:271)
	at org.junit.runners.BlockJUnit4ClassRunner.runChild(BlockJUnit4ClassRunner.java:70)
	at org.junit.runners.BlockJUnit4ClassRunner.runChild(BlockJUnit4ClassRunner.java:50)
	at org.junit.runners.ParentRunner$3.run(ParentRunner.java:238)
	at org.junit.runners.ParentRunner$1.schedule(ParentRunner.java:63)
	at org.junit.runners.ParentRunner.runChildren(ParentRunner.java:236)
	at org.junit.runners.ParentRunner.access$000(ParentRunner.java:53)
	at org.junit.runners.ParentRunner$2.evaluate(ParentRunner.java:229)
	at org.junit.runners.ParentRunner.run(ParentRunner.java:309)
	at org.apache.maven.surefire.junit4.JUnit4Provider.execute(JUnit4Provider.java:365)
	at org.apache.maven.surefire.junit4.JUnit4Provider.executeWithRerun(JUnit4Provider.java:273)
	at org.apache.maven.surefire.junit4.JUnit4Provider.executeTestSet(JUnit4Provider.java:238)
	at org.apache.maven.surefire.junit4.JUnit4Provider.invoke(JUnit4Provider.java:159)
	at org.apache.maven.surefire.booter.ForkedBooter.invokeProviderInSameClassLoader(ForkedBooter.java:384)
	at org.apache.maven.surefire.booter.ForkedBooter.runSuitesInProcess(ForkedBooter.java:345)
	at org.apache.maven.surefire.booter.ForkedBooter.execute(ForkedBooter.java:126)
	at org.apache.maven.surefire.booter.ForkedBooter.main(ForkedBooter.java:418)

Jul 13, 2019 9:16:05 AM org.apache.ratis.thirdparty.io.grpc.internal.ManagedChannelOrphanWrapper$ManagedChannelReference cleanQueue
SEVERE: *~*~*~ Channel ManagedChannelImpl{logId=2385, target=192.168.69.96:38462} was not shutdown properly!!! ~*~*~*
    Make sure to call shutdown()/shutdownNow() and wait until awaitTermination() returns true.
java.lang.RuntimeException: ManagedChannel allocation site
	at org.apache.ratis.thirdparty.io.grpc.internal.ManagedChannelOrphanWrapper$ManagedChannelReference.<init>(ManagedChannelOrphanWrapper.java:103)
	at org.apache.ratis.thirdparty.io.grpc.internal.ManagedChannelOrphanWrapper.<init>(ManagedChannelOrphanWrapper.java:53)
	at org.apache.ratis.thirdparty.io.grpc.internal.ManagedChannelOrphanWrapper.<init>(ManagedChannelOrphanWrapper.java:44)
	at org.apache.ratis.thirdparty.io.grpc.internal.AbstractManagedChannelImplBuilder.build(AbstractManagedChannelImplBuilder.java:411)
	at org.apache.hadoop.hdds.scm.XceiverClientGrpc.connectToDatanode(XceiverClientGrpc.java:172)
	at org.apache.hadoop.hdds.scm.XceiverClientGrpc.reconnect(XceiverClientGrpc.java:417)
	at org.apache.hadoop.hdds.scm.XceiverClientGrpc.sendCommandAsync(XceiverClientGrpc.java:366)
	at org.apache.hadoop.hdds.scm.XceiverClientGrpc.sendCommandWithRetry(XceiverClientGrpc.java:279)
	at org.apache.hadoop.hdds.scm.XceiverClientGrpc.sendCommandWithTraceIDAndRetry(XceiverClientGrpc.java:248)
	at org.apache.hadoop.hdds.scm.XceiverClientGrpc.sendCommand(XceiverClientGrpc.java:231)
	at org.apache.hadoop.hdds.scm.storage.ContainerProtocolCalls.getBlock(ContainerProtocolCalls.java:118)
	at org.apache.hadoop.hdds.scm.storage.BlockInputStream.getChunkInfos(BlockInputStream.java:167)
	at org.apache.hadoop.hdds.scm.storage.BlockInputStream.initialize(BlockInputStream.java:118)
	at org.apache.hadoop.hdds.scm.storage.BlockInputStream.read(BlockInputStream.java:222)
	at org.apache.hadoop.ozone.client.io.KeyInputStream.read(KeyInputStream.java:171)
	at org.apache.hadoop.ozone.client.io.OzoneInputStream.read(OzoneInputStream.java:47)
	at java.io.InputStream.read(InputStream.java:101)
	at org.apache.hadoop.ozone.container.ContainerTestHelper.validateData(ContainerTestHelper.java:709)
	at org.apache.hadoop.ozone.client.rpc.TestBlockOutputStreamWithFailures.validateData(TestBlockOutputStreamWithFailures.java:1212)
	at org.apache.hadoop.ozone.client.rpc.TestBlockOutputStreamWithFailures.testDatanodeFailureWithSingleNodeRatis(TestBlockOutputStreamWithFailures.java:1054)
	at sun.reflect.NativeMethodAccessorImpl.invoke0(Native Method)
	at sun.reflect.NativeMethodAccessorImpl.invoke(NativeMethodAccessorImpl.java:62)
	at sun.reflect.DelegatingMethodAccessorImpl.invoke(DelegatingMethodAccessorImpl.java:43)
	at java.lang.reflect.Method.invoke(Method.java:498)
	at org.junit.runners.model.FrameworkMethod$1.runReflectiveCall(FrameworkMethod.java:47)
	at org.junit.internal.runners.model.ReflectiveCallable.run(ReflectiveCallable.java:12)
	at org.junit.runners.model.FrameworkMethod.invokeExplosively(FrameworkMethod.java:44)
	at org.junit.internal.runners.statements.InvokeMethod.evaluate(InvokeMethod.java:17)
	at org.junit.internal.runners.statements.RunBefores.evaluate(RunBefores.java:26)
	at org.junit.internal.runners.statements.RunAfters.evaluate(RunAfters.java:27)
	at org.junit.runners.ParentRunner.runLeaf(ParentRunner.java:271)
	at org.junit.runners.BlockJUnit4ClassRunner.runChild(BlockJUnit4ClassRunner.java:70)
	at org.junit.runners.BlockJUnit4ClassRunner.runChild(BlockJUnit4ClassRunner.java:50)
	at org.junit.runners.ParentRunner$3.run(ParentRunner.java:238)
	at org.junit.runners.ParentRunner$1.schedule(ParentRunner.java:63)
	at org.junit.runners.ParentRunner.runChildren(ParentRunner.java:236)
	at org.junit.runners.ParentRunner.access$000(ParentRunner.java:53)
	at org.junit.runners.ParentRunner$2.evaluate(ParentRunner.java:229)
	at org.junit.runners.ParentRunner.run(ParentRunner.java:309)
	at org.apache.maven.surefire.junit4.JUnit4Provider.execute(JUnit4Provider.java:365)
	at org.apache.maven.surefire.junit4.JUnit4Provider.executeWithRerun(JUnit4Provider.java:273)
	at org.apache.maven.surefire.junit4.JUnit4Provider.executeTestSet(JUnit4Provider.java:238)
	at org.apache.maven.surefire.junit4.JUnit4Provider.invoke(JUnit4Provider.java:159)
	at org.apache.maven.surefire.booter.ForkedBooter.invokeProviderInSameClassLoader(ForkedBooter.java:384)
	at org.apache.maven.surefire.booter.ForkedBooter.runSuitesInProcess(ForkedBooter.java:345)
	at org.apache.maven.surefire.booter.ForkedBooter.execute(ForkedBooter.java:126)
	at org.apache.maven.surefire.booter.ForkedBooter.main(ForkedBooter.java:418)

]]></system-err>
  </testcase>
  <testcase name="testWatchForCommitDatanodeFailure" classname="org.apache.hadoop.ozone.client.rpc.TestBlockOutputStreamWithFailures" time="41.834">
    <failure message="expected:&lt;2&gt; but was:&lt;3&gt;" type="java.lang.AssertionError"><![CDATA[java.lang.AssertionError: expected:<2> but was:<3>
	at org.junit.Assert.fail(Assert.java:88)
	at org.junit.Assert.failNotEquals(Assert.java:743)
	at org.junit.Assert.assertEquals(Assert.java:118)
	at org.junit.Assert.assertEquals(Assert.java:555)
	at org.junit.Assert.assertEquals(Assert.java:542)
	at org.apache.hadoop.ozone.client.rpc.TestBlockOutputStreamWithFailures.testWatchForCommitDatanodeFailure(TestBlockOutputStreamWithFailures.java:366)
	at sun.reflect.NativeMethodAccessorImpl.invoke0(Native Method)
	at sun.reflect.NativeMethodAccessorImpl.invoke(NativeMethodAccessorImpl.java:62)
	at sun.reflect.DelegatingMethodAccessorImpl.invoke(DelegatingMethodAccessorImpl.java:43)
	at java.lang.reflect.Method.invoke(Method.java:498)
	at org.junit.runners.model.FrameworkMethod$1.runReflectiveCall(FrameworkMethod.java:47)
	at org.junit.internal.runners.model.ReflectiveCallable.run(ReflectiveCallable.java:12)
	at org.junit.runners.model.FrameworkMethod.invokeExplosively(FrameworkMethod.java:44)
	at org.junit.internal.runners.statements.InvokeMethod.evaluate(InvokeMethod.java:17)
	at org.junit.internal.runners.statements.RunBefores.evaluate(RunBefores.java:26)
	at org.junit.internal.runners.statements.RunAfters.evaluate(RunAfters.java:27)
	at org.junit.runners.ParentRunner.runLeaf(ParentRunner.java:271)
	at org.junit.runners.BlockJUnit4ClassRunner.runChild(BlockJUnit4ClassRunner.java:70)
	at org.junit.runners.BlockJUnit4ClassRunner.runChild(BlockJUnit4ClassRunner.java:50)
	at org.junit.runners.ParentRunner$3.run(ParentRunner.java:238)
	at org.junit.runners.ParentRunner$1.schedule(ParentRunner.java:63)
	at org.junit.runners.ParentRunner.runChildren(ParentRunner.java:236)
	at org.junit.runners.ParentRunner.access$000(ParentRunner.java:53)
	at org.junit.runners.ParentRunner$2.evaluate(ParentRunner.java:229)
	at org.junit.runners.ParentRunner.run(ParentRunner.java:309)
	at org.apache.maven.surefire.junit4.JUnit4Provider.execute(JUnit4Provider.java:365)
	at org.apache.maven.surefire.junit4.JUnit4Provider.executeWithRerun(JUnit4Provider.java:273)
	at org.apache.maven.surefire.junit4.JUnit4Provider.executeTestSet(JUnit4Provider.java:238)
	at org.apache.maven.surefire.junit4.JUnit4Provider.invoke(JUnit4Provider.java:159)
	at org.apache.maven.surefire.booter.ForkedBooter.invokeProviderInSameClassLoader(ForkedBooter.java:384)
	at org.apache.maven.surefire.booter.ForkedBooter.runSuitesInProcess(ForkedBooter.java:345)
	at org.apache.maven.surefire.booter.ForkedBooter.execute(ForkedBooter.java:126)
	at org.apache.maven.surefire.booter.ForkedBooter.main(ForkedBooter.java:418)
]]></failure>
    <system-out><![CDATA[2019-07-13 09:16:34,064 WARN  server.ServerUtils (ServerUtils.java:getScmDbDir(145)) - ozone.scm.db.dirs is not configured. We recommend adding this setting. Falling back to ozone.metadata.dirs instead.
2019-07-13 09:16:34,081 WARN  server.ServerUtils (ServerUtils.java:getScmDbDir(145)) - ozone.scm.db.dirs is not configured. We recommend adding this setting. Falling back to ozone.metadata.dirs instead.
2019-07-13 09:16:34,081 WARN  server.ServerUtils (ServerUtils.java:getScmDbDir(145)) - ozone.scm.db.dirs is not configured. We recommend adding this setting. Falling back to ozone.metadata.dirs instead.
2019-07-13 09:16:34,082 INFO  db.DBStoreBuilder (DBStoreBuilder.java:addTable(110)) - using custom profile for table: deletedBlocks
2019-07-13 09:16:34,082 INFO  db.DBStoreBuilder (DBStoreBuilder.java:processTables(161)) - Using default column profile:DBProfile.DISK for Table:deletedBlocks
2019-07-13 09:16:34,082 INFO  db.DBStoreBuilder (DBStoreBuilder.java:addTable(110)) - using custom profile for table: validCerts
2019-07-13 09:16:34,082 INFO  db.DBStoreBuilder (DBStoreBuilder.java:processTables(161)) - Using default column profile:DBProfile.DISK for Table:validCerts
2019-07-13 09:16:34,083 INFO  db.DBStoreBuilder (DBStoreBuilder.java:addTable(110)) - using custom profile for table: revokedCerts
2019-07-13 09:16:34,083 INFO  db.DBStoreBuilder (DBStoreBuilder.java:processTables(161)) - Using default column profile:DBProfile.DISK for Table:revokedCerts
2019-07-13 09:16:34,083 INFO  db.DBStoreBuilder (DBStoreBuilder.java:addTable(110)) - using custom profile for table: default
2019-07-13 09:16:34,083 INFO  db.DBStoreBuilder (DBStoreBuilder.java:processTables(167)) - Using default column profile:DBProfile.DISK for Table:default
2019-07-13 09:16:34,083 INFO  db.DBStoreBuilder (DBStoreBuilder.java:getDbProfile(198)) - Using default options. DBProfile.DISK
2019-07-13 09:16:34,242 INFO  net.NodeSchemaLoader (NodeSchemaLoader.java:loadSchemaFromFile(125)) - Loading file from sun.misc.CompoundEnumeration@119f035f
2019-07-13 09:16:34,242 INFO  net.NodeSchemaLoader (NodeSchemaLoader.java:loadSchema(171)) - Loading network topology layer schema file
2019-07-13 09:16:34,247 INFO  node.SCMNodeManager (SCMNodeManager.java:<init>(119)) - Entering startup safe mode.
2019-07-13 09:16:34,248 WARN  server.ServerUtils (ServerUtils.java:getScmDbDir(145)) - ozone.scm.db.dirs is not configured. We recommend adding this setting. Falling back to ozone.metadata.dirs instead.
2019-07-13 09:16:34,288 INFO  pipeline.SCMPipelineManager (SCMPipelineManager.java:initializePipelineState(126)) - No pipeline exists in current db
2019-07-13 09:16:34,288 WARN  server.ServerUtils (ServerUtils.java:getScmDbDir(145)) - ozone.scm.db.dirs is not configured. We recommend adding this setting. Falling back to ozone.metadata.dirs instead.
2019-07-13 09:16:34,338 WARN  events.EventQueue (EventQueue.java:fireEvent(175)) - No event handler registered for event TypedEvent{payloadType=SafeModeStatus, name='SafeModeStatus'}
2019-07-13 09:16:34,339 INFO  ipc.CallQueueManager (CallQueueManager.java:<init>(84)) - Using callQueue: class java.util.concurrent.LinkedBlockingQueue, queueCapacity: 2000, scheduler: class org.apache.hadoop.ipc.DefaultRpcScheduler, ipcBackoff: false.
2019-07-13 09:16:34,340 INFO  ipc.Server (Server.java:run(1074)) - Starting Socket Reader #1 for port 46108
2019-07-13 09:16:34,341 INFO  ipc.CallQueueManager (CallQueueManager.java:<init>(84)) - Using callQueue: class java.util.concurrent.LinkedBlockingQueue, queueCapacity: 2000, scheduler: class org.apache.hadoop.ipc.DefaultRpcScheduler, ipcBackoff: false.
2019-07-13 09:16:34,342 INFO  ipc.Server (Server.java:run(1074)) - Starting Socket Reader #1 for port 45593
2019-07-13 09:16:34,343 INFO  ipc.CallQueueManager (CallQueueManager.java:<init>(84)) - Using callQueue: class java.util.concurrent.LinkedBlockingQueue, queueCapacity: 2000, scheduler: class org.apache.hadoop.ipc.DefaultRpcScheduler, ipcBackoff: false.
2019-07-13 09:16:34,344 INFO  ipc.Server (Server.java:run(1074)) - Starting Socket Reader #1 for port 41326
2019-07-13 09:16:34,349 INFO  hdfs.DFSUtil (DFSUtil.java:httpServerTemplateForNNAndJN(1641)) - Starting Web-server for scm at: http://0.0.0.0:0
2019-07-13 09:16:34,351 INFO  server.AuthenticationFilter (AuthenticationFilter.java:constructSecretProvider(240)) - Unable to initialize FileSignerSecretProvider, falling back to use random secrets.
2019-07-13 09:16:34,351 WARN  http.HttpRequestLog (HttpRequestLog.java:getRequestLog(97)) - Jetty request log can only be enabled using Log4j
2019-07-13 09:16:34,353 INFO  http.HttpServer2 (HttpServer2.java:addGlobalFilter(975)) - Added global filter 'safety' (class=org.apache.hadoop.http.HttpServer2$QuotingInputFilter)
2019-07-13 09:16:34,354 INFO  http.HttpServer2 (HttpServer2.java:addFilter(948)) - Added filter static_user_filter (class=org.apache.hadoop.http.lib.StaticUserWebFilter$StaticUserFilter) to context scm
2019-07-13 09:16:34,354 INFO  http.HttpServer2 (HttpServer2.java:addFilter(958)) - Added filter static_user_filter (class=org.apache.hadoop.http.lib.StaticUserWebFilter$StaticUserFilter) to context logs
2019-07-13 09:16:34,354 INFO  http.HttpServer2 (HttpServer2.java:addFilter(958)) - Added filter static_user_filter (class=org.apache.hadoop.http.lib.StaticUserWebFilter$StaticUserFilter) to context static
2019-07-13 09:16:34,356 INFO  server.StorageContainerManager (StorageContainerManager.java:start(759)) - StorageContainerLocationProtocol RPC server is listening at /0.0.0.0:41326
2019-07-13 09:16:34,358 WARN  impl.MetricsConfig (MetricsConfig.java:loadFirst(134)) - Cannot locate configuration: tried hadoop-metrics2-storagecontainermanager.properties,hadoop-metrics2.properties
2019-07-13 09:16:34,359 INFO  impl.MetricsSystemImpl (MetricsSystemImpl.java:startTimer(374)) - Scheduled Metric snapshot period at 10 second(s).
2019-07-13 09:16:34,359 INFO  impl.MetricsSystemImpl (MetricsSystemImpl.java:start(191)) - StorageContainerManager metrics system started
2019-07-13 09:16:34,404 INFO  server.SCMClientProtocolServer (SCMClientProtocolServer.java:start(149)) - RPC server for Client  is listening at /0.0.0.0:41326
2019-07-13 09:16:34,405 INFO  ipc.Server (Server.java:run(1314)) - IPC Server Responder: starting
2019-07-13 09:16:34,406 INFO  ipc.Server (Server.java:run(1153)) - IPC Server listener on 41326: starting
2019-07-13 09:16:34,409 INFO  server.StorageContainerManager (StorageContainerManager.java:start(768)) - ScmBlockLocationProtocol RPC server is listening at /0.0.0.0:45593
2019-07-13 09:16:34,409 INFO  server.SCMBlockProtocolServer (SCMBlockProtocolServer.java:start(140)) - RPC server for Block Protocol is listening at /0.0.0.0:45593
2019-07-13 09:16:34,410 INFO  ipc.Server (Server.java:run(1314)) - IPC Server Responder: starting
2019-07-13 09:16:34,410 INFO  ipc.Server (Server.java:run(1153)) - IPC Server listener on 45593: starting
2019-07-13 09:16:34,414 INFO  server.StorageContainerManager (StorageContainerManager.java:start(772)) - ScmDatanodeProtocl RPC server is listening at /0.0.0.0:46108
2019-07-13 09:16:34,414 INFO  server.SCMDatanodeProtocolServer (SCMDatanodeProtocolServer.java:start(191)) - RPC server for DataNodes is listening at /0.0.0.0:46108
2019-07-13 09:16:34,415 INFO  ipc.Server (Server.java:run(1314)) - IPC Server Responder: starting
2019-07-13 09:16:34,415 INFO  ipc.Server (Server.java:run(1153)) - IPC Server listener on 46108: starting
2019-07-13 09:16:34,419 INFO  http.HttpServer2 (HttpServer2.java:bindListener(1191)) - Jetty bound to port 40280
2019-07-13 09:16:34,419 INFO  server.Server (Server.java:doStart(351)) - jetty-9.3.24.v20180605, build timestamp: 2018-06-05T17:11:56Z, git hash: 84205aa28f11a4f31f2a3b86d1bba2cc8ab69827
2019-07-13 09:16:34,421 INFO  handler.ContextHandler (ContextHandler.java:doStart(781)) - Started o.e.j.s.ServletContextHandler@7053a864{/logs,file:///tmp/workdir/hadoop-ozone/integration-test/target/log,AVAILABLE}
2019-07-13 09:16:34,421 INFO  handler.ContextHandler (ContextHandler.java:doStart(781)) - Started o.e.j.s.ServletContextHandler@3d6c7152{/static,file:///tmp/workdir/hadoop-ozone/integration-test/target/test-classes/webapps/static,AVAILABLE}
2019-07-13 09:16:34,425 INFO  handler.ContextHandler (ContextHandler.java:doStart(781)) - Started o.e.j.w.WebAppContext@686ace1f{/,file:///tmp/workdir/hadoop-ozone/integration-test/target/test-classes/webapps/scm/,AVAILABLE}{/scm}
2019-07-13 09:16:34,426 INFO  server.AbstractConnector (AbstractConnector.java:doStart(278)) - Started ServerConnector@7dd92a36{HTTP/1.1,[http/1.1]}{0.0.0.0:40280}
2019-07-13 09:16:34,426 INFO  server.Server (Server.java:doStart(419)) - Started @529669ms
2019-07-13 09:16:34,427 INFO  server.BaseHttpServer (BaseHttpServer.java:updateConnectorAddress(207)) - HTTP server of SCM is listening at http://0.0.0.0:40280
2019-07-13 09:16:34,428 WARN  server.ServerUtils (ServerUtils.java:getDBPath(222)) - ozone.om.db.dirs is not configured. We recommend adding this setting. Falling back to ozone.metadata.dirs instead.
2019-07-13 09:16:34,428 INFO  util.JvmPauseMonitor (JvmPauseMonitor.java:run(188)) - Starting JVM pause monitor
2019-07-13 09:16:34,442 WARN  server.ServerUtils (ServerUtils.java:getDBPath(222)) - ozone.om.db.dirs is not configured. We recommend adding this setting. Falling back to ozone.metadata.dirs instead.
2019-07-13 09:16:34,442 INFO  om.OzoneManager (OzoneManager.java:setOMNodeDetails(630)) - OM Service ID is not set. Setting it to the default ID: omServiceIdDefault
2019-07-13 09:16:34,443 INFO  om.OzoneManager (OzoneManager.java:setOMNodeDetails(636)) - OM Node ID is not set. Setting it to the OmStorage's OmID: dde565f3-e625-4727-b00f-5ec509a8e04a
2019-07-13 09:16:34,443 INFO  om.OzoneManager (OzoneManager.java:loadOMHAConfigs(587)) - Found matching OM address with OMServiceId: null, OMNodeId: null, RPC Address: localhost:0 and Ratis port: 9872
2019-07-13 09:16:34,449 WARN  server.ServerUtils (ServerUtils.java:getDBPath(222)) - ozone.om.db.dirs is not configured. We recommend adding this setting. Falling back to ozone.metadata.dirs instead.
2019-07-13 09:16:34,449 INFO  db.DBStoreBuilder (DBStoreBuilder.java:addTable(110)) - using custom profile for table: userTable
2019-07-13 09:16:34,449 INFO  db.DBStoreBuilder (DBStoreBuilder.java:processTables(161)) - Using default column profile:DBProfile.DISK for Table:userTable
2019-07-13 09:16:34,449 INFO  db.DBStoreBuilder (DBStoreBuilder.java:addTable(110)) - using custom profile for table: volumeTable
2019-07-13 09:16:34,450 INFO  db.DBStoreBuilder (DBStoreBuilder.java:processTables(161)) - Using default column profile:DBProfile.DISK for Table:volumeTable
2019-07-13 09:16:34,450 INFO  db.DBStoreBuilder (DBStoreBuilder.java:addTable(110)) - using custom profile for table: bucketTable
2019-07-13 09:16:34,450 INFO  db.DBStoreBuilder (DBStoreBuilder.java:processTables(161)) - Using default column profile:DBProfile.DISK for Table:bucketTable
2019-07-13 09:16:34,450 INFO  db.DBStoreBuilder (DBStoreBuilder.java:addTable(110)) - using custom profile for table: keyTable
2019-07-13 09:16:34,450 INFO  db.DBStoreBuilder (DBStoreBuilder.java:processTables(161)) - Using default column profile:DBProfile.DISK for Table:keyTable
2019-07-13 09:16:34,450 INFO  db.DBStoreBuilder (DBStoreBuilder.java:addTable(110)) - using custom profile for table: deletedTable
2019-07-13 09:16:34,451 INFO  db.DBStoreBuilder (DBStoreBuilder.java:processTables(161)) - Using default column profile:DBProfile.DISK for Table:deletedTable
2019-07-13 09:16:34,451 INFO  db.DBStoreBuilder (DBStoreBuilder.java:addTable(110)) - using custom profile for table: openKeyTable
2019-07-13 09:16:34,451 INFO  db.DBStoreBuilder (DBStoreBuilder.java:processTables(161)) - Using default column profile:DBProfile.DISK for Table:openKeyTable
2019-07-13 09:16:34,451 INFO  db.DBStoreBuilder (DBStoreBuilder.java:addTable(110)) - using custom profile for table: s3Table
2019-07-13 09:16:34,451 INFO  db.DBStoreBuilder (DBStoreBuilder.java:processTables(161)) - Using default column profile:DBProfile.DISK for Table:s3Table
2019-07-13 09:16:34,452 INFO  db.DBStoreBuilder (DBStoreBuilder.java:addTable(110)) - using custom profile for table: multipartInfoTable
2019-07-13 09:16:34,452 INFO  db.DBStoreBuilder (DBStoreBuilder.java:processTables(161)) - Using default column profile:DBProfile.DISK for Table:multipartInfoTable
2019-07-13 09:16:34,452 INFO  db.DBStoreBuilder (DBStoreBuilder.java:addTable(110)) - using custom profile for table: dTokenTable
2019-07-13 09:16:34,452 INFO  db.DBStoreBuilder (DBStoreBuilder.java:processTables(161)) - Using default column profile:DBProfile.DISK for Table:dTokenTable
2019-07-13 09:16:34,452 INFO  db.DBStoreBuilder (DBStoreBuilder.java:addTable(110)) - using custom profile for table: s3SecretTable
2019-07-13 09:16:34,452 INFO  db.DBStoreBuilder (DBStoreBuilder.java:processTables(161)) - Using default column profile:DBProfile.DISK for Table:s3SecretTable
2019-07-13 09:16:34,453 INFO  db.DBStoreBuilder (DBStoreBuilder.java:addTable(110)) - using custom profile for table: prefixTable
2019-07-13 09:16:34,453 INFO  db.DBStoreBuilder (DBStoreBuilder.java:processTables(161)) - Using default column profile:DBProfile.DISK for Table:prefixTable
2019-07-13 09:16:34,453 INFO  db.DBStoreBuilder (DBStoreBuilder.java:addTable(110)) - using custom profile for table: default
2019-07-13 09:16:34,453 INFO  db.DBStoreBuilder (DBStoreBuilder.java:processTables(167)) - Using default column profile:DBProfile.DISK for Table:default
2019-07-13 09:16:34,453 INFO  db.DBStoreBuilder (DBStoreBuilder.java:getDbProfile(198)) - Using default options. DBProfile.DISK
2019-07-13 09:16:34,895 INFO  ipc.CallQueueManager (CallQueueManager.java:<init>(84)) - Using callQueue: class java.util.concurrent.LinkedBlockingQueue, queueCapacity: 2000, scheduler: class org.apache.hadoop.ipc.DefaultRpcScheduler, ipcBackoff: false.
2019-07-13 09:16:34,896 INFO  ipc.Server (Server.java:run(1074)) - Starting Socket Reader #1 for port 41527
2019-07-13 09:16:34,914 WARN  server.ServerUtils (ServerUtils.java:getDBPath(222)) - ozone.om.db.dirs is not configured. We recommend adding this setting. Falling back to ozone.metadata.dirs instead.
2019-07-13 09:16:34,914 INFO  om.OzoneManager (OzoneManager.java:start(1228)) - OzoneManager RPC server is listening at localhost/127.0.0.1:41527
2019-07-13 09:16:34,914 INFO  impl.MetricsSystemImpl (MetricsSystemImpl.java:init(158)) - OzoneManager metrics system started (again)
2019-07-13 09:16:34,915 INFO  ipc.Server (Server.java:run(1314)) - IPC Server Responder: starting
2019-07-13 09:16:34,915 INFO  ipc.Server (Server.java:run(1153)) - IPC Server listener on 41527: starting
2019-07-13 09:16:34,921 INFO  hdfs.DFSUtil (DFSUtil.java:httpServerTemplateForNNAndJN(1641)) - Starting Web-server for ozoneManager at: http://0.0.0.0:0
2019-07-13 09:16:34,923 INFO  server.AuthenticationFilter (AuthenticationFilter.java:constructSecretProvider(240)) - Unable to initialize FileSignerSecretProvider, falling back to use random secrets.
2019-07-13 09:16:34,924 WARN  http.HttpRequestLog (HttpRequestLog.java:getRequestLog(97)) - Jetty request log can only be enabled using Log4j
2019-07-13 09:16:34,926 INFO  http.HttpServer2 (HttpServer2.java:addGlobalFilter(975)) - Added global filter 'safety' (class=org.apache.hadoop.http.HttpServer2$QuotingInputFilter)
2019-07-13 09:16:34,926 INFO  http.HttpServer2 (HttpServer2.java:addFilter(948)) - Added filter static_user_filter (class=org.apache.hadoop.http.lib.StaticUserWebFilter$StaticUserFilter) to context ozoneManager
2019-07-13 09:16:34,927 INFO  http.HttpServer2 (HttpServer2.java:addFilter(958)) - Added filter static_user_filter (class=org.apache.hadoop.http.lib.StaticUserWebFilter$StaticUserFilter) to context logs
2019-07-13 09:16:34,927 INFO  http.HttpServer2 (HttpServer2.java:addFilter(958)) - Added filter static_user_filter (class=org.apache.hadoop.http.lib.StaticUserWebFilter$StaticUserFilter) to context static
2019-07-13 09:16:34,928 INFO  http.HttpServer2 (HttpServer2.java:bindListener(1191)) - Jetty bound to port 37241
2019-07-13 09:16:34,928 INFO  server.Server (Server.java:doStart(351)) - jetty-9.3.24.v20180605, build timestamp: 2018-06-05T17:11:56Z, git hash: 84205aa28f11a4f31f2a3b86d1bba2cc8ab69827
2019-07-13 09:16:34,930 INFO  handler.ContextHandler (ContextHandler.java:doStart(781)) - Started o.e.j.s.ServletContextHandler@5d3f583d{/logs,file:///tmp/workdir/hadoop-ozone/integration-test/target/log,AVAILABLE}
2019-07-13 09:16:34,931 INFO  handler.ContextHandler (ContextHandler.java:doStart(781)) - Started o.e.j.s.ServletContextHandler@22cca101{/static,file:///tmp/workdir/hadoop-ozone/integration-test/target/test-classes/webapps/static,AVAILABLE}
2019-07-13 09:16:34,936 INFO  handler.ContextHandler (ContextHandler.java:doStart(781)) - Started o.e.j.w.WebAppContext@15ab0461{/,file:///tmp/workdir/hadoop-ozone/integration-test/target/test-classes/webapps/ozoneManager/,AVAILABLE}{/ozoneManager}
2019-07-13 09:16:34,937 INFO  server.AbstractConnector (AbstractConnector.java:doStart(278)) - Started ServerConnector@2f403d0a{HTTP/1.1,[http/1.1]}{0.0.0.0:37241}
2019-07-13 09:16:34,938 INFO  server.Server (Server.java:doStart(419)) - Started @530181ms
2019-07-13 09:16:34,939 INFO  server.BaseHttpServer (BaseHttpServer.java:updateConnectorAddress(207)) - HTTP server of OZONEMANAGER is listening at http://0.0.0.0:37241
2019-07-13 09:16:34,955 INFO  impl.MetricsSystemImpl (MetricsSystemImpl.java:init(158)) - HddsDatanode metrics system started (again)
2019-07-13 09:16:34,956 INFO  ozone.HddsDatanodeService (HddsDatanodeService.java:start(185)) - HddsDatanodeService host:trunk-nightly-hmp62-43275749 ip:192.168.69.96
2019-07-13 09:16:34,966 INFO  volume.HddsVolume (HddsVolume.java:<init>(176)) - Creating Volume: /tmp/workdir/hadoop-ozone/integration-test/target/test-dir/MiniOzoneClusterImpl-eb9fb254-c95f-4215-83bc-e762092ecf51/datanode-0/data/containers/hdds of  storage type : DISK and capacity : 52710309888
2019-07-13 09:16:34,966 INFO  volume.VolumeSet (VolumeSet.java:initializeVolumeSet(170)) - Added Volume : /tmp/workdir/hadoop-ozone/integration-test/target/test-dir/MiniOzoneClusterImpl-eb9fb254-c95f-4215-83bc-e762092ecf51/datanode-0/data/containers/hdds to VolumeSet
2019-07-13 09:16:34,967 INFO  volume.ThrottledAsyncChecker (ThrottledAsyncChecker.java:schedule(140)) - Scheduling a check for org.apache.hadoop.ozone.container.common.volume.HddsVolume@6ba516ff
2019-07-13 09:16:34,967 INFO  volume.HddsVolumeChecker (HddsVolumeChecker.java:checkAllVolumes(203)) - Scheduled health check for volume org.apache.hadoop.ozone.container.common.volume.HddsVolume@6ba516ff
2019-07-13 09:16:34,985 INFO  impl.RaftServerProxy (ConfUtils.java:logGet(43)) - raft.rpc.type = GRPC (default)
2019-07-13 09:16:34,985 INFO  grpc.GrpcFactory (GrpcFactory.java:checkPooledByteBufAllocatorUseCacheForAllThreads(45)) - PERFORMANCE WARNING: useCacheForAllThreads is true that may cause Netty to create a lot garbage objects and, as a result, trigger GC.
	It is recommended to disable useCacheForAllThreads by setting -Dorg.apache.ratis.thirdparty.io.netty.allocator.useCacheForAllThreads=false in command line.
2019-07-13 09:16:34,985 INFO  grpc.GrpcConfigKeys$Server (ConfUtils.java:logGet(43)) - raft.grpc.server.port = 0 (default)
2019-07-13 09:16:34,985 INFO  server.GrpcService (ConfUtils.java:logGet(43)) - raft.grpc.message.size.max = 33570816 (custom)
2019-07-13 09:16:34,986 INFO  server.RaftServerConfigKeys (ConfUtils.java:logGet(43)) - raft.server.log.appender.buffer.byte-limit = 33554432 (custom)
2019-07-13 09:16:34,986 INFO  server.GrpcService (ConfUtils.java:logGet(43)) - raft.grpc.flow.control.window = 1MB (=1048576) (default)
2019-07-13 09:16:34,986 INFO  server.RaftServerConfigKeys (ConfUtils.java:logGet(43)) - raft.server.rpc.request.timeout = 3000ms (default)
2019-07-13 09:16:34,987 INFO  server.RaftServerConfigKeys (ConfUtils.java:logGet(43)) - raft.server.storage.dir = [/tmp/workdir/hadoop-ozone/integration-test/target/test-dir/MiniOzoneClusterImpl-eb9fb254-c95f-4215-83bc-e762092ecf51/datanode-0/data/ratis] (custom)
2019-07-13 09:16:34,987 INFO  replication.SimpleContainerDownloader (SimpleContainerDownloader.java:<init>(72)) - Starting container downloader service to copy containers to replicate.
2019-07-13 09:16:34,988 INFO  hdfs.DFSUtil (DFSUtil.java:httpServerTemplateForNNAndJN(1641)) - Starting Web-server for hddsDatanode at: http://0.0.0.0:0
2019-07-13 09:16:34,992 INFO  server.AuthenticationFilter (AuthenticationFilter.java:constructSecretProvider(240)) - Unable to initialize FileSignerSecretProvider, falling back to use random secrets.
2019-07-13 09:16:34,993 WARN  http.HttpRequestLog (HttpRequestLog.java:getRequestLog(97)) - Jetty request log can only be enabled using Log4j
2019-07-13 09:16:34,994 INFO  http.HttpServer2 (HttpServer2.java:addGlobalFilter(975)) - Added global filter 'safety' (class=org.apache.hadoop.http.HttpServer2$QuotingInputFilter)
2019-07-13 09:16:34,995 INFO  http.HttpServer2 (HttpServer2.java:addFilter(948)) - Added filter static_user_filter (class=org.apache.hadoop.http.lib.StaticUserWebFilter$StaticUserFilter) to context hddsDatanode
2019-07-13 09:16:34,995 INFO  http.HttpServer2 (HttpServer2.java:addFilter(958)) - Added filter static_user_filter (class=org.apache.hadoop.http.lib.StaticUserWebFilter$StaticUserFilter) to context static
2019-07-13 09:16:34,995 INFO  http.HttpServer2 (HttpServer2.java:addFilter(958)) - Added filter static_user_filter (class=org.apache.hadoop.http.lib.StaticUserWebFilter$StaticUserFilter) to context logs
2019-07-13 09:16:34,996 INFO  http.HttpServer2 (HttpServer2.java:bindListener(1191)) - Jetty bound to port 46686
2019-07-13 09:16:34,997 INFO  server.Server (Server.java:doStart(351)) - jetty-9.3.24.v20180605, build timestamp: 2018-06-05T17:11:56Z, git hash: 84205aa28f11a4f31f2a3b86d1bba2cc8ab69827
2019-07-13 09:16:34,998 INFO  handler.ContextHandler (ContextHandler.java:doStart(781)) - Started o.e.j.s.ServletContextHandler@5bd191c2{/logs,file:///tmp/workdir/hadoop-ozone/integration-test/target/log,AVAILABLE}
2019-07-13 09:16:34,999 INFO  handler.ContextHandler (ContextHandler.java:doStart(781)) - Started o.e.j.s.ServletContextHandler@56afbace{/static,jar:file:/home/user/.m2/repository/org/apache/hadoop/hadoop-hdds-container-service/0.5.0-SNAPSHOT/hadoop-hdds-container-service-0.5.0-SNAPSHOT.jar!/webapps/static,AVAILABLE}
2019-07-13 09:16:35,028 INFO  handler.ContextHandler (ContextHandler.java:doStart(781)) - Started o.e.j.w.WebAppContext@73796ae5{/,file:///tmp/jetty-0.0.0.0-46686-hddsDatanode-_-any-7736351387101480430.dir/webapp/,AVAILABLE}{/hddsDatanode}
2019-07-13 09:16:35,029 INFO  server.AbstractConnector (AbstractConnector.java:doStart(278)) - Started ServerConnector@3956e933{HTTP/1.1,[http/1.1]}{0.0.0.0:46686}
2019-07-13 09:16:35,033 INFO  server.Server (Server.java:doStart(419)) - Started @530275ms
2019-07-13 09:16:35,034 INFO  server.BaseHttpServer (BaseHttpServer.java:updateConnectorAddress(207)) - HTTP server of HDDSDATANODE is listening at http://0.0.0.0:46686
2019-07-13 09:16:35,139 INFO  ozone.HddsDatanodeService (HddsDatanodeService.java:startPlugins(396)) - Started plug-in org.apache.hadoop.ozone.web.OzoneHddsDatanodeService@549b26d7
2019-07-13 09:16:35,140 INFO  impl.MetricsSystemImpl (MetricsSystemImpl.java:init(158)) - HddsDatanode metrics system started (again)
2019-07-13 09:16:35,142 INFO  ozone.HddsDatanodeService (HddsDatanodeService.java:start(185)) - HddsDatanodeService host:trunk-nightly-hmp62-43275749 ip:192.168.69.96
2019-07-13 09:16:35,143 INFO  util.JvmPauseMonitor (JvmPauseMonitor.java:run(188)) - Starting JVM pause monitor
2019-07-13 09:16:35,145 INFO  datanode.InitDatanodeState (InitDatanodeState.java:persistContainerDatanodeDetails(140)) - DatanodeDetails is persisted to /tmp/workdir/hadoop-ozone/integration-test/target/test-dir/MiniOzoneClusterImpl-eb9fb254-c95f-4215-83bc-e762092ecf51/datanode-0/meta/datanode.id
2019-07-13 09:16:35,153 INFO  volume.HddsVolume (HddsVolume.java:<init>(176)) - Creating Volume: /tmp/workdir/hadoop-ozone/integration-test/target/test-dir/MiniOzoneClusterImpl-eb9fb254-c95f-4215-83bc-e762092ecf51/datanode-1/data/containers/hdds of  storage type : DISK and capacity : 52710309888
2019-07-13 09:16:35,153 INFO  volume.VolumeSet (VolumeSet.java:initializeVolumeSet(170)) - Added Volume : /tmp/workdir/hadoop-ozone/integration-test/target/test-dir/MiniOzoneClusterImpl-eb9fb254-c95f-4215-83bc-e762092ecf51/datanode-1/data/containers/hdds to VolumeSet
2019-07-13 09:16:35,153 INFO  volume.ThrottledAsyncChecker (ThrottledAsyncChecker.java:schedule(140)) - Scheduling a check for org.apache.hadoop.ozone.container.common.volume.HddsVolume@360432d3
2019-07-13 09:16:35,154 INFO  volume.HddsVolumeChecker (HddsVolumeChecker.java:checkAllVolumes(203)) - Scheduled health check for volume org.apache.hadoop.ozone.container.common.volume.HddsVolume@360432d3
2019-07-13 09:16:35,167 INFO  impl.RaftServerProxy (ConfUtils.java:logGet(43)) - raft.rpc.type = GRPC (default)
2019-07-13 09:16:35,167 INFO  grpc.GrpcFactory (GrpcFactory.java:checkPooledByteBufAllocatorUseCacheForAllThreads(45)) - PERFORMANCE WARNING: useCacheForAllThreads is true that may cause Netty to create a lot garbage objects and, as a result, trigger GC.
	It is recommended to disable useCacheForAllThreads by setting -Dorg.apache.ratis.thirdparty.io.netty.allocator.useCacheForAllThreads=false in command line.
2019-07-13 09:16:35,167 INFO  grpc.GrpcConfigKeys$Server (ConfUtils.java:logGet(43)) - raft.grpc.server.port = 0 (default)
2019-07-13 09:16:35,167 INFO  server.GrpcService (ConfUtils.java:logGet(43)) - raft.grpc.message.size.max = 33570816 (custom)
2019-07-13 09:16:35,168 INFO  server.RaftServerConfigKeys (ConfUtils.java:logGet(43)) - raft.server.log.appender.buffer.byte-limit = 33554432 (custom)
2019-07-13 09:16:35,168 INFO  server.GrpcService (ConfUtils.java:logGet(43)) - raft.grpc.flow.control.window = 1MB (=1048576) (default)
2019-07-13 09:16:35,168 INFO  server.RaftServerConfigKeys (ConfUtils.java:logGet(43)) - raft.server.rpc.request.timeout = 3000ms (default)
2019-07-13 09:16:35,169 INFO  server.RaftServerConfigKeys (ConfUtils.java:logGet(43)) - raft.server.storage.dir = [/tmp/workdir/hadoop-ozone/integration-test/target/test-dir/MiniOzoneClusterImpl-eb9fb254-c95f-4215-83bc-e762092ecf51/datanode-1/data/ratis] (custom)
2019-07-13 09:16:35,169 INFO  replication.SimpleContainerDownloader (SimpleContainerDownloader.java:<init>(72)) - Starting container downloader service to copy containers to replicate.
2019-07-13 09:16:35,172 INFO  hdfs.DFSUtil (DFSUtil.java:httpServerTemplateForNNAndJN(1641)) - Starting Web-server for hddsDatanode at: http://0.0.0.0:0
2019-07-13 09:16:35,173 INFO  server.AuthenticationFilter (AuthenticationFilter.java:constructSecretProvider(240)) - Unable to initialize FileSignerSecretProvider, falling back to use random secrets.
2019-07-13 09:16:35,173 WARN  http.HttpRequestLog (HttpRequestLog.java:getRequestLog(97)) - Jetty request log can only be enabled using Log4j
2019-07-13 09:16:35,174 INFO  http.HttpServer2 (HttpServer2.java:addGlobalFilter(975)) - Added global filter 'safety' (class=org.apache.hadoop.http.HttpServer2$QuotingInputFilter)
2019-07-13 09:16:35,175 INFO  http.HttpServer2 (HttpServer2.java:addFilter(948)) - Added filter static_user_filter (class=org.apache.hadoop.http.lib.StaticUserWebFilter$StaticUserFilter) to context hddsDatanode
2019-07-13 09:16:35,175 INFO  http.HttpServer2 (HttpServer2.java:addFilter(958)) - Added filter static_user_filter (class=org.apache.hadoop.http.lib.StaticUserWebFilter$StaticUserFilter) to context static
2019-07-13 09:16:35,175 INFO  http.HttpServer2 (HttpServer2.java:addFilter(958)) - Added filter static_user_filter (class=org.apache.hadoop.http.lib.StaticUserWebFilter$StaticUserFilter) to context logs
2019-07-13 09:16:35,175 INFO  http.HttpServer2 (HttpServer2.java:bindListener(1191)) - Jetty bound to port 41437
2019-07-13 09:16:35,176 INFO  server.Server (Server.java:doStart(351)) - jetty-9.3.24.v20180605, build timestamp: 2018-06-05T17:11:56Z, git hash: 84205aa28f11a4f31f2a3b86d1bba2cc8ab69827
2019-07-13 09:16:35,178 INFO  handler.ContextHandler (ContextHandler.java:doStart(781)) - Started o.e.j.s.ServletContextHandler@34e1c23d{/logs,file:///tmp/workdir/hadoop-ozone/integration-test/target/log,AVAILABLE}
2019-07-13 09:16:35,178 INFO  handler.ContextHandler (ContextHandler.java:doStart(781)) - Started o.e.j.s.ServletContextHandler@4fb3c670{/static,jar:file:/home/user/.m2/repository/org/apache/hadoop/hadoop-hdds-container-service/0.5.0-SNAPSHOT/hadoop-hdds-container-service-0.5.0-SNAPSHOT.jar!/webapps/static,AVAILABLE}
2019-07-13 09:16:35,205 INFO  handler.ContextHandler (ContextHandler.java:doStart(781)) - Started o.e.j.w.WebAppContext@4667c6d9{/,file:///tmp/jetty-0.0.0.0-41437-hddsDatanode-_-any-4680461727758749458.dir/webapp/,AVAILABLE}{/hddsDatanode}
2019-07-13 09:16:35,205 INFO  server.AbstractConnector (AbstractConnector.java:doStart(278)) - Started ServerConnector@5efa05f9{HTTP/1.1,[http/1.1]}{0.0.0.0:41437}
2019-07-13 09:16:35,205 INFO  server.Server (Server.java:doStart(419)) - Started @530448ms
2019-07-13 09:16:35,207 INFO  server.BaseHttpServer (BaseHttpServer.java:updateConnectorAddress(207)) - HTTP server of HDDSDATANODE is listening at http://0.0.0.0:41437
2019-07-13 09:16:35,313 INFO  ozone.HddsDatanodeService (HddsDatanodeService.java:startPlugins(396)) - Started plug-in org.apache.hadoop.ozone.web.OzoneHddsDatanodeService@7a458c73
2019-07-13 09:16:35,313 INFO  impl.MetricsSystemImpl (MetricsSystemImpl.java:init(158)) - HddsDatanode metrics system started (again)
2019-07-13 09:16:35,316 INFO  ozone.HddsDatanodeService (HddsDatanodeService.java:start(185)) - HddsDatanodeService host:trunk-nightly-hmp62-43275749 ip:192.168.69.96
2019-07-13 09:16:35,317 INFO  util.JvmPauseMonitor (JvmPauseMonitor.java:run(188)) - Starting JVM pause monitor
2019-07-13 09:16:35,320 INFO  datanode.InitDatanodeState (InitDatanodeState.java:persistContainerDatanodeDetails(140)) - DatanodeDetails is persisted to /tmp/workdir/hadoop-ozone/integration-test/target/test-dir/MiniOzoneClusterImpl-eb9fb254-c95f-4215-83bc-e762092ecf51/datanode-1/meta/datanode.id
2019-07-13 09:16:35,328 INFO  volume.HddsVolume (HddsVolume.java:<init>(176)) - Creating Volume: /tmp/workdir/hadoop-ozone/integration-test/target/test-dir/MiniOzoneClusterImpl-eb9fb254-c95f-4215-83bc-e762092ecf51/datanode-2/data/containers/hdds of  storage type : DISK and capacity : 52710309888
2019-07-13 09:16:35,328 INFO  volume.VolumeSet (VolumeSet.java:initializeVolumeSet(170)) - Added Volume : /tmp/workdir/hadoop-ozone/integration-test/target/test-dir/MiniOzoneClusterImpl-eb9fb254-c95f-4215-83bc-e762092ecf51/datanode-2/data/containers/hdds to VolumeSet
2019-07-13 09:16:35,328 INFO  volume.ThrottledAsyncChecker (ThrottledAsyncChecker.java:schedule(140)) - Scheduling a check for org.apache.hadoop.ozone.container.common.volume.HddsVolume@2f6ede9
2019-07-13 09:16:35,329 INFO  volume.HddsVolumeChecker (HddsVolumeChecker.java:checkAllVolumes(203)) - Scheduled health check for volume org.apache.hadoop.ozone.container.common.volume.HddsVolume@2f6ede9
2019-07-13 09:16:35,344 INFO  impl.RaftServerProxy (ConfUtils.java:logGet(43)) - raft.rpc.type = GRPC (default)
2019-07-13 09:16:35,344 INFO  grpc.GrpcFactory (GrpcFactory.java:checkPooledByteBufAllocatorUseCacheForAllThreads(45)) - PERFORMANCE WARNING: useCacheForAllThreads is true that may cause Netty to create a lot garbage objects and, as a result, trigger GC.
	It is recommended to disable useCacheForAllThreads by setting -Dorg.apache.ratis.thirdparty.io.netty.allocator.useCacheForAllThreads=false in command line.
2019-07-13 09:16:35,344 INFO  grpc.GrpcConfigKeys$Server (ConfUtils.java:logGet(43)) - raft.grpc.server.port = 0 (default)
2019-07-13 09:16:35,344 INFO  server.GrpcService (ConfUtils.java:logGet(43)) - raft.grpc.message.size.max = 33570816 (custom)
2019-07-13 09:16:35,345 INFO  server.RaftServerConfigKeys (ConfUtils.java:logGet(43)) - raft.server.log.appender.buffer.byte-limit = 33554432 (custom)
2019-07-13 09:16:35,345 INFO  server.GrpcService (ConfUtils.java:logGet(43)) - raft.grpc.flow.control.window = 1MB (=1048576) (default)
2019-07-13 09:16:35,345 INFO  server.RaftServerConfigKeys (ConfUtils.java:logGet(43)) - raft.server.rpc.request.timeout = 3000ms (default)
2019-07-13 09:16:35,345 INFO  server.RaftServerConfigKeys (ConfUtils.java:logGet(43)) - raft.server.storage.dir = [/tmp/workdir/hadoop-ozone/integration-test/target/test-dir/MiniOzoneClusterImpl-eb9fb254-c95f-4215-83bc-e762092ecf51/datanode-2/data/ratis] (custom)
2019-07-13 09:16:35,346 INFO  replication.SimpleContainerDownloader (SimpleContainerDownloader.java:<init>(72)) - Starting container downloader service to copy containers to replicate.
2019-07-13 09:16:35,347 INFO  hdfs.DFSUtil (DFSUtil.java:httpServerTemplateForNNAndJN(1641)) - Starting Web-server for hddsDatanode at: http://0.0.0.0:0
2019-07-13 09:16:35,348 INFO  server.AuthenticationFilter (AuthenticationFilter.java:constructSecretProvider(240)) - Unable to initialize FileSignerSecretProvider, falling back to use random secrets.
2019-07-13 09:16:35,349 WARN  http.HttpRequestLog (HttpRequestLog.java:getRequestLog(97)) - Jetty request log can only be enabled using Log4j
2019-07-13 09:16:35,350 INFO  http.HttpServer2 (HttpServer2.java:addGlobalFilter(975)) - Added global filter 'safety' (class=org.apache.hadoop.http.HttpServer2$QuotingInputFilter)
2019-07-13 09:16:35,350 INFO  http.HttpServer2 (HttpServer2.java:addFilter(948)) - Added filter static_user_filter (class=org.apache.hadoop.http.lib.StaticUserWebFilter$StaticUserFilter) to context hddsDatanode
2019-07-13 09:16:35,351 INFO  http.HttpServer2 (HttpServer2.java:addFilter(958)) - Added filter static_user_filter (class=org.apache.hadoop.http.lib.StaticUserWebFilter$StaticUserFilter) to context logs
2019-07-13 09:16:35,351 INFO  http.HttpServer2 (HttpServer2.java:addFilter(958)) - Added filter static_user_filter (class=org.apache.hadoop.http.lib.StaticUserWebFilter$StaticUserFilter) to context static
2019-07-13 09:16:35,351 INFO  http.HttpServer2 (HttpServer2.java:bindListener(1191)) - Jetty bound to port 34114
2019-07-13 09:16:35,352 INFO  server.Server (Server.java:doStart(351)) - jetty-9.3.24.v20180605, build timestamp: 2018-06-05T17:11:56Z, git hash: 84205aa28f11a4f31f2a3b86d1bba2cc8ab69827
2019-07-13 09:16:35,354 INFO  handler.ContextHandler (ContextHandler.java:doStart(781)) - Started o.e.j.s.ServletContextHandler@6ff05f85{/logs,file:///tmp/workdir/hadoop-ozone/integration-test/target/log,AVAILABLE}
2019-07-13 09:16:35,354 INFO  handler.ContextHandler (ContextHandler.java:doStart(781)) - Started o.e.j.s.ServletContextHandler@71979130{/static,jar:file:/home/user/.m2/repository/org/apache/hadoop/hadoop-hdds-container-service/0.5.0-SNAPSHOT/hadoop-hdds-container-service-0.5.0-SNAPSHOT.jar!/webapps/static,AVAILABLE}
2019-07-13 09:16:35,381 INFO  handler.ContextHandler (ContextHandler.java:doStart(781)) - Started o.e.j.w.WebAppContext@51c0346d{/,file:///tmp/jetty-0.0.0.0-34114-hddsDatanode-_-any-3790447950945287804.dir/webapp/,AVAILABLE}{/hddsDatanode}
2019-07-13 09:16:35,381 INFO  server.AbstractConnector (AbstractConnector.java:doStart(278)) - Started ServerConnector@32cda33c{HTTP/1.1,[http/1.1]}{0.0.0.0:34114}
2019-07-13 09:16:35,382 INFO  server.Server (Server.java:doStart(419)) - Started @530624ms
2019-07-13 09:16:35,383 INFO  server.BaseHttpServer (BaseHttpServer.java:updateConnectorAddress(207)) - HTTP server of HDDSDATANODE is listening at http://0.0.0.0:34114
2019-07-13 09:16:35,482 INFO  ozone.HddsDatanodeService (HddsDatanodeService.java:startPlugins(396)) - Started plug-in org.apache.hadoop.ozone.web.OzoneHddsDatanodeService@3f54fabc
2019-07-13 09:16:35,482 INFO  impl.MetricsSystemImpl (MetricsSystemImpl.java:init(158)) - HddsDatanode metrics system started (again)
2019-07-13 09:16:35,483 INFO  ozone.HddsDatanodeService (HddsDatanodeService.java:start(185)) - HddsDatanodeService host:trunk-nightly-hmp62-43275749 ip:192.168.69.96
2019-07-13 09:16:35,486 INFO  util.JvmPauseMonitor (JvmPauseMonitor.java:run(188)) - Starting JVM pause monitor
2019-07-13 09:16:35,487 INFO  datanode.InitDatanodeState (InitDatanodeState.java:persistContainerDatanodeDetails(140)) - DatanodeDetails is persisted to /tmp/workdir/hadoop-ozone/integration-test/target/test-dir/MiniOzoneClusterImpl-eb9fb254-c95f-4215-83bc-e762092ecf51/datanode-2/meta/datanode.id
2019-07-13 09:16:35,496 INFO  volume.HddsVolume (HddsVolume.java:<init>(176)) - Creating Volume: /tmp/workdir/hadoop-ozone/integration-test/target/test-dir/MiniOzoneClusterImpl-eb9fb254-c95f-4215-83bc-e762092ecf51/datanode-3/data/containers/hdds of  storage type : DISK and capacity : 52710309888
2019-07-13 09:16:35,496 INFO  volume.VolumeSet (VolumeSet.java:initializeVolumeSet(170)) - Added Volume : /tmp/workdir/hadoop-ozone/integration-test/target/test-dir/MiniOzoneClusterImpl-eb9fb254-c95f-4215-83bc-e762092ecf51/datanode-3/data/containers/hdds to VolumeSet
2019-07-13 09:16:35,496 INFO  volume.ThrottledAsyncChecker (ThrottledAsyncChecker.java:schedule(140)) - Scheduling a check for org.apache.hadoop.ozone.container.common.volume.HddsVolume@cfb462
2019-07-13 09:16:35,497 INFO  volume.HddsVolumeChecker (HddsVolumeChecker.java:checkAllVolumes(203)) - Scheduled health check for volume org.apache.hadoop.ozone.container.common.volume.HddsVolume@cfb462
2019-07-13 09:16:35,509 INFO  impl.RaftServerProxy (ConfUtils.java:logGet(43)) - raft.rpc.type = GRPC (default)
2019-07-13 09:16:35,509 INFO  grpc.GrpcFactory (GrpcFactory.java:checkPooledByteBufAllocatorUseCacheForAllThreads(45)) - PERFORMANCE WARNING: useCacheForAllThreads is true that may cause Netty to create a lot garbage objects and, as a result, trigger GC.
	It is recommended to disable useCacheForAllThreads by setting -Dorg.apache.ratis.thirdparty.io.netty.allocator.useCacheForAllThreads=false in command line.
2019-07-13 09:16:35,509 INFO  grpc.GrpcConfigKeys$Server (ConfUtils.java:logGet(43)) - raft.grpc.server.port = 0 (default)
2019-07-13 09:16:35,510 INFO  server.GrpcService (ConfUtils.java:logGet(43)) - raft.grpc.message.size.max = 33570816 (custom)
2019-07-13 09:16:35,511 INFO  server.RaftServerConfigKeys (ConfUtils.java:logGet(43)) - raft.server.log.appender.buffer.byte-limit = 33554432 (custom)
2019-07-13 09:16:35,511 INFO  server.GrpcService (ConfUtils.java:logGet(43)) - raft.grpc.flow.control.window = 1MB (=1048576) (default)
2019-07-13 09:16:35,511 INFO  server.RaftServerConfigKeys (ConfUtils.java:logGet(43)) - raft.server.rpc.request.timeout = 3000ms (default)
2019-07-13 09:16:35,512 INFO  server.RaftServerConfigKeys (ConfUtils.java:logGet(43)) - raft.server.storage.dir = [/tmp/workdir/hadoop-ozone/integration-test/target/test-dir/MiniOzoneClusterImpl-eb9fb254-c95f-4215-83bc-e762092ecf51/datanode-3/data/ratis] (custom)
2019-07-13 09:16:35,512 INFO  replication.SimpleContainerDownloader (SimpleContainerDownloader.java:<init>(72)) - Starting container downloader service to copy containers to replicate.
2019-07-13 09:16:35,513 INFO  hdfs.DFSUtil (DFSUtil.java:httpServerTemplateForNNAndJN(1641)) - Starting Web-server for hddsDatanode at: http://0.0.0.0:0
2019-07-13 09:16:35,514 INFO  server.AuthenticationFilter (AuthenticationFilter.java:constructSecretProvider(240)) - Unable to initialize FileSignerSecretProvider, falling back to use random secrets.
2019-07-13 09:16:35,514 WARN  http.HttpRequestLog (HttpRequestLog.java:getRequestLog(97)) - Jetty request log can only be enabled using Log4j
2019-07-13 09:16:35,515 INFO  http.HttpServer2 (HttpServer2.java:addGlobalFilter(975)) - Added global filter 'safety' (class=org.apache.hadoop.http.HttpServer2$QuotingInputFilter)
2019-07-13 09:16:35,516 INFO  http.HttpServer2 (HttpServer2.java:addFilter(948)) - Added filter static_user_filter (class=org.apache.hadoop.http.lib.StaticUserWebFilter$StaticUserFilter) to context hddsDatanode
2019-07-13 09:16:35,516 INFO  http.HttpServer2 (HttpServer2.java:addFilter(958)) - Added filter static_user_filter (class=org.apache.hadoop.http.lib.StaticUserWebFilter$StaticUserFilter) to context logs
2019-07-13 09:16:35,516 INFO  http.HttpServer2 (HttpServer2.java:addFilter(958)) - Added filter static_user_filter (class=org.apache.hadoop.http.lib.StaticUserWebFilter$StaticUserFilter) to context static
2019-07-13 09:16:35,517 INFO  http.HttpServer2 (HttpServer2.java:bindListener(1191)) - Jetty bound to port 37974
2019-07-13 09:16:35,517 INFO  server.Server (Server.java:doStart(351)) - jetty-9.3.24.v20180605, build timestamp: 2018-06-05T17:11:56Z, git hash: 84205aa28f11a4f31f2a3b86d1bba2cc8ab69827
2019-07-13 09:16:35,518 INFO  handler.ContextHandler (ContextHandler.java:doStart(781)) - Started o.e.j.s.ServletContextHandler@420c9959{/logs,file:///tmp/workdir/hadoop-ozone/integration-test/target/log,AVAILABLE}
2019-07-13 09:16:35,518 INFO  handler.ContextHandler (ContextHandler.java:doStart(781)) - Started o.e.j.s.ServletContextHandler@5f113867{/static,jar:file:/home/user/.m2/repository/org/apache/hadoop/hadoop-hdds-container-service/0.5.0-SNAPSHOT/hadoop-hdds-container-service-0.5.0-SNAPSHOT.jar!/webapps/static,AVAILABLE}
2019-07-13 09:16:35,544 INFO  handler.ContextHandler (ContextHandler.java:doStart(781)) - Started o.e.j.w.WebAppContext@3a5244a1{/,file:///tmp/jetty-0.0.0.0-37974-hddsDatanode-_-any-1565953581116927350.dir/webapp/,AVAILABLE}{/hddsDatanode}
2019-07-13 09:16:35,545 INFO  server.AbstractConnector (AbstractConnector.java:doStart(278)) - Started ServerConnector@4d37c996{HTTP/1.1,[http/1.1]}{0.0.0.0:37974}
2019-07-13 09:16:35,545 INFO  server.Server (Server.java:doStart(419)) - Started @530788ms
2019-07-13 09:16:35,547 INFO  server.BaseHttpServer (BaseHttpServer.java:updateConnectorAddress(207)) - HTTP server of HDDSDATANODE is listening at http://0.0.0.0:37974
2019-07-13 09:16:35,676 INFO  ozone.HddsDatanodeService (HddsDatanodeService.java:startPlugins(396)) - Started plug-in org.apache.hadoop.ozone.web.OzoneHddsDatanodeService@5d28e108
2019-07-13 09:16:35,676 INFO  impl.MetricsSystemImpl (MetricsSystemImpl.java:init(158)) - HddsDatanode metrics system started (again)
2019-07-13 09:16:35,678 INFO  ozone.HddsDatanodeService (HddsDatanodeService.java:start(185)) - HddsDatanodeService host:trunk-nightly-hmp62-43275749 ip:192.168.69.96
2019-07-13 09:16:35,679 INFO  util.JvmPauseMonitor (JvmPauseMonitor.java:run(188)) - Starting JVM pause monitor
2019-07-13 09:16:35,681 INFO  datanode.InitDatanodeState (InitDatanodeState.java:persistContainerDatanodeDetails(140)) - DatanodeDetails is persisted to /tmp/workdir/hadoop-ozone/integration-test/target/test-dir/MiniOzoneClusterImpl-eb9fb254-c95f-4215-83bc-e762092ecf51/datanode-3/meta/datanode.id
2019-07-13 09:16:35,689 INFO  volume.HddsVolume (HddsVolume.java:<init>(176)) - Creating Volume: /tmp/workdir/hadoop-ozone/integration-test/target/test-dir/MiniOzoneClusterImpl-eb9fb254-c95f-4215-83bc-e762092ecf51/datanode-4/data/containers/hdds of  storage type : DISK and capacity : 52710309888
2019-07-13 09:16:35,689 INFO  volume.VolumeSet (VolumeSet.java:initializeVolumeSet(170)) - Added Volume : /tmp/workdir/hadoop-ozone/integration-test/target/test-dir/MiniOzoneClusterImpl-eb9fb254-c95f-4215-83bc-e762092ecf51/datanode-4/data/containers/hdds to VolumeSet
2019-07-13 09:16:35,690 INFO  volume.ThrottledAsyncChecker (ThrottledAsyncChecker.java:schedule(140)) - Scheduling a check for org.apache.hadoop.ozone.container.common.volume.HddsVolume@46c7c593
2019-07-13 09:16:35,690 INFO  volume.HddsVolumeChecker (HddsVolumeChecker.java:checkAllVolumes(203)) - Scheduled health check for volume org.apache.hadoop.ozone.container.common.volume.HddsVolume@46c7c593
2019-07-13 09:16:35,705 INFO  impl.RaftServerProxy (ConfUtils.java:logGet(43)) - raft.rpc.type = GRPC (default)
2019-07-13 09:16:35,705 INFO  grpc.GrpcFactory (GrpcFactory.java:checkPooledByteBufAllocatorUseCacheForAllThreads(45)) - PERFORMANCE WARNING: useCacheForAllThreads is true that may cause Netty to create a lot garbage objects and, as a result, trigger GC.
	It is recommended to disable useCacheForAllThreads by setting -Dorg.apache.ratis.thirdparty.io.netty.allocator.useCacheForAllThreads=false in command line.
2019-07-13 09:16:35,706 INFO  grpc.GrpcConfigKeys$Server (ConfUtils.java:logGet(43)) - raft.grpc.server.port = 0 (default)
2019-07-13 09:16:35,706 INFO  server.GrpcService (ConfUtils.java:logGet(43)) - raft.grpc.message.size.max = 33570816 (custom)
2019-07-13 09:16:35,706 INFO  server.RaftServerConfigKeys (ConfUtils.java:logGet(43)) - raft.server.log.appender.buffer.byte-limit = 33554432 (custom)
2019-07-13 09:16:35,706 INFO  server.GrpcService (ConfUtils.java:logGet(43)) - raft.grpc.flow.control.window = 1MB (=1048576) (default)
2019-07-13 09:16:35,706 INFO  server.RaftServerConfigKeys (ConfUtils.java:logGet(43)) - raft.server.rpc.request.timeout = 3000ms (default)
2019-07-13 09:16:35,707 INFO  server.RaftServerConfigKeys (ConfUtils.java:logGet(43)) - raft.server.storage.dir = [/tmp/workdir/hadoop-ozone/integration-test/target/test-dir/MiniOzoneClusterImpl-eb9fb254-c95f-4215-83bc-e762092ecf51/datanode-4/data/ratis] (custom)
2019-07-13 09:16:35,707 INFO  replication.SimpleContainerDownloader (SimpleContainerDownloader.java:<init>(72)) - Starting container downloader service to copy containers to replicate.
2019-07-13 09:16:35,708 INFO  hdfs.DFSUtil (DFSUtil.java:httpServerTemplateForNNAndJN(1641)) - Starting Web-server for hddsDatanode at: http://0.0.0.0:0
2019-07-13 09:16:35,711 INFO  server.AuthenticationFilter (AuthenticationFilter.java:constructSecretProvider(240)) - Unable to initialize FileSignerSecretProvider, falling back to use random secrets.
2019-07-13 09:16:35,712 WARN  http.HttpRequestLog (HttpRequestLog.java:getRequestLog(97)) - Jetty request log can only be enabled using Log4j
2019-07-13 09:16:35,714 INFO  http.HttpServer2 (HttpServer2.java:addGlobalFilter(975)) - Added global filter 'safety' (class=org.apache.hadoop.http.HttpServer2$QuotingInputFilter)
2019-07-13 09:16:35,715 INFO  http.HttpServer2 (HttpServer2.java:addFilter(948)) - Added filter static_user_filter (class=org.apache.hadoop.http.lib.StaticUserWebFilter$StaticUserFilter) to context hddsDatanode
2019-07-13 09:16:35,715 INFO  http.HttpServer2 (HttpServer2.java:addFilter(958)) - Added filter static_user_filter (class=org.apache.hadoop.http.lib.StaticUserWebFilter$StaticUserFilter) to context logs
2019-07-13 09:16:35,716 INFO  http.HttpServer2 (HttpServer2.java:addFilter(958)) - Added filter static_user_filter (class=org.apache.hadoop.http.lib.StaticUserWebFilter$StaticUserFilter) to context static
2019-07-13 09:16:35,717 INFO  http.HttpServer2 (HttpServer2.java:bindListener(1191)) - Jetty bound to port 35452
2019-07-13 09:16:35,717 INFO  server.Server (Server.java:doStart(351)) - jetty-9.3.24.v20180605, build timestamp: 2018-06-05T17:11:56Z, git hash: 84205aa28f11a4f31f2a3b86d1bba2cc8ab69827
2019-07-13 09:16:35,720 INFO  handler.ContextHandler (ContextHandler.java:doStart(781)) - Started o.e.j.s.ServletContextHandler@183e8c8a{/logs,file:///tmp/workdir/hadoop-ozone/integration-test/target/log,AVAILABLE}
2019-07-13 09:16:35,720 INFO  handler.ContextHandler (ContextHandler.java:doStart(781)) - Started o.e.j.s.ServletContextHandler@509bf2d5{/static,jar:file:/home/user/.m2/repository/org/apache/hadoop/hadoop-hdds-container-service/0.5.0-SNAPSHOT/hadoop-hdds-container-service-0.5.0-SNAPSHOT.jar!/webapps/static,AVAILABLE}
2019-07-13 09:16:35,760 INFO  handler.ContextHandler (ContextHandler.java:doStart(781)) - Started o.e.j.w.WebAppContext@77eb76f{/,file:///tmp/jetty-0.0.0.0-35452-hddsDatanode-_-any-5829384705546395076.dir/webapp/,AVAILABLE}{/hddsDatanode}
2019-07-13 09:16:35,761 INFO  server.AbstractConnector (AbstractConnector.java:doStart(278)) - Started ServerConnector@be56353{HTTP/1.1,[http/1.1]}{0.0.0.0:35452}
2019-07-13 09:16:35,762 INFO  server.Server (Server.java:doStart(419)) - Started @531005ms
2019-07-13 09:16:35,763 INFO  server.BaseHttpServer (BaseHttpServer.java:updateConnectorAddress(207)) - HTTP server of HDDSDATANODE is listening at http://0.0.0.0:35452
2019-07-13 09:16:35,987 INFO  ozone.HddsDatanodeService (HddsDatanodeService.java:startPlugins(396)) - Started plug-in org.apache.hadoop.ozone.web.OzoneHddsDatanodeService@6db160b4
2019-07-13 09:16:35,989 INFO  impl.MetricsSystemImpl (MetricsSystemImpl.java:init(158)) - HddsDatanode metrics system started (again)
2019-07-13 09:16:35,992 INFO  ozone.HddsDatanodeService (HddsDatanodeService.java:start(185)) - HddsDatanodeService host:trunk-nightly-hmp62-43275749 ip:192.168.69.96
2019-07-13 09:16:36,002 INFO  util.JvmPauseMonitor (JvmPauseMonitor.java:run(188)) - Starting JVM pause monitor
2019-07-13 09:16:36,007 INFO  datanode.InitDatanodeState (InitDatanodeState.java:persistContainerDatanodeDetails(140)) - DatanodeDetails is persisted to /tmp/workdir/hadoop-ozone/integration-test/target/test-dir/MiniOzoneClusterImpl-eb9fb254-c95f-4215-83bc-e762092ecf51/datanode-4/meta/datanode.id
2019-07-13 09:16:36,013 INFO  volume.HddsVolume (HddsVolume.java:<init>(176)) - Creating Volume: /tmp/workdir/hadoop-ozone/integration-test/target/test-dir/MiniOzoneClusterImpl-eb9fb254-c95f-4215-83bc-e762092ecf51/datanode-5/data/containers/hdds of  storage type : DISK and capacity : 52710309888
2019-07-13 09:16:36,016 INFO  volume.VolumeSet (VolumeSet.java:initializeVolumeSet(170)) - Added Volume : /tmp/workdir/hadoop-ozone/integration-test/target/test-dir/MiniOzoneClusterImpl-eb9fb254-c95f-4215-83bc-e762092ecf51/datanode-5/data/containers/hdds to VolumeSet
2019-07-13 09:16:36,018 INFO  volume.ThrottledAsyncChecker (ThrottledAsyncChecker.java:schedule(140)) - Scheduling a check for org.apache.hadoop.ozone.container.common.volume.HddsVolume@16021f6e
2019-07-13 09:16:36,018 INFO  volume.HddsVolumeChecker (HddsVolumeChecker.java:checkAllVolumes(203)) - Scheduled health check for volume org.apache.hadoop.ozone.container.common.volume.HddsVolume@16021f6e
2019-07-13 09:16:36,033 INFO  impl.RaftServerProxy (ConfUtils.java:logGet(43)) - raft.rpc.type = GRPC (default)
2019-07-13 09:16:36,033 INFO  grpc.GrpcFactory (GrpcFactory.java:checkPooledByteBufAllocatorUseCacheForAllThreads(45)) - PERFORMANCE WARNING: useCacheForAllThreads is true that may cause Netty to create a lot garbage objects and, as a result, trigger GC.
	It is recommended to disable useCacheForAllThreads by setting -Dorg.apache.ratis.thirdparty.io.netty.allocator.useCacheForAllThreads=false in command line.
2019-07-13 09:16:36,033 INFO  grpc.GrpcConfigKeys$Server (ConfUtils.java:logGet(43)) - raft.grpc.server.port = 0 (default)
2019-07-13 09:16:36,033 INFO  server.GrpcService (ConfUtils.java:logGet(43)) - raft.grpc.message.size.max = 33570816 (custom)
2019-07-13 09:16:36,033 INFO  server.RaftServerConfigKeys (ConfUtils.java:logGet(43)) - raft.server.log.appender.buffer.byte-limit = 33554432 (custom)
2019-07-13 09:16:36,034 INFO  server.GrpcService (ConfUtils.java:logGet(43)) - raft.grpc.flow.control.window = 1MB (=1048576) (default)
2019-07-13 09:16:36,034 INFO  server.RaftServerConfigKeys (ConfUtils.java:logGet(43)) - raft.server.rpc.request.timeout = 3000ms (default)
2019-07-13 09:16:36,034 INFO  server.RaftServerConfigKeys (ConfUtils.java:logGet(43)) - raft.server.storage.dir = [/tmp/workdir/hadoop-ozone/integration-test/target/test-dir/MiniOzoneClusterImpl-eb9fb254-c95f-4215-83bc-e762092ecf51/datanode-5/data/ratis] (custom)
2019-07-13 09:16:36,035 INFO  replication.SimpleContainerDownloader (SimpleContainerDownloader.java:<init>(72)) - Starting container downloader service to copy containers to replicate.
2019-07-13 09:16:36,036 INFO  hdfs.DFSUtil (DFSUtil.java:httpServerTemplateForNNAndJN(1641)) - Starting Web-server for hddsDatanode at: http://0.0.0.0:0
2019-07-13 09:16:36,037 INFO  server.AuthenticationFilter (AuthenticationFilter.java:constructSecretProvider(240)) - Unable to initialize FileSignerSecretProvider, falling back to use random secrets.
2019-07-13 09:16:36,038 WARN  http.HttpRequestLog (HttpRequestLog.java:getRequestLog(97)) - Jetty request log can only be enabled using Log4j
2019-07-13 09:16:36,039 INFO  http.HttpServer2 (HttpServer2.java:addGlobalFilter(975)) - Added global filter 'safety' (class=org.apache.hadoop.http.HttpServer2$QuotingInputFilter)
2019-07-13 09:16:36,039 INFO  http.HttpServer2 (HttpServer2.java:addFilter(948)) - Added filter static_user_filter (class=org.apache.hadoop.http.lib.StaticUserWebFilter$StaticUserFilter) to context hddsDatanode
2019-07-13 09:16:36,039 INFO  http.HttpServer2 (HttpServer2.java:addFilter(958)) - Added filter static_user_filter (class=org.apache.hadoop.http.lib.StaticUserWebFilter$StaticUserFilter) to context static
2019-07-13 09:16:36,039 INFO  http.HttpServer2 (HttpServer2.java:addFilter(958)) - Added filter static_user_filter (class=org.apache.hadoop.http.lib.StaticUserWebFilter$StaticUserFilter) to context logs
2019-07-13 09:16:36,040 INFO  http.HttpServer2 (HttpServer2.java:bindListener(1191)) - Jetty bound to port 39516
2019-07-13 09:16:36,040 INFO  server.Server (Server.java:doStart(351)) - jetty-9.3.24.v20180605, build timestamp: 2018-06-05T17:11:56Z, git hash: 84205aa28f11a4f31f2a3b86d1bba2cc8ab69827
2019-07-13 09:16:36,042 INFO  handler.ContextHandler (ContextHandler.java:doStart(781)) - Started o.e.j.s.ServletContextHandler@483f19c0{/logs,file:///tmp/workdir/hadoop-ozone/integration-test/target/log,AVAILABLE}
2019-07-13 09:16:36,042 INFO  handler.ContextHandler (ContextHandler.java:doStart(781)) - Started o.e.j.s.ServletContextHandler@35d44cd3{/static,jar:file:/home/user/.m2/repository/org/apache/hadoop/hadoop-hdds-container-service/0.5.0-SNAPSHOT/hadoop-hdds-container-service-0.5.0-SNAPSHOT.jar!/webapps/static,AVAILABLE}
2019-07-13 09:16:36,069 INFO  handler.ContextHandler (ContextHandler.java:doStart(781)) - Started o.e.j.w.WebAppContext@2fedae96{/,file:///tmp/jetty-0.0.0.0-39516-hddsDatanode-_-any-8853867016907686439.dir/webapp/,AVAILABLE}{/hddsDatanode}
2019-07-13 09:16:36,069 INFO  server.AbstractConnector (AbstractConnector.java:doStart(278)) - Started ServerConnector@4945cd1f{HTTP/1.1,[http/1.1]}{0.0.0.0:39516}
2019-07-13 09:16:36,070 INFO  server.Server (Server.java:doStart(419)) - Started @531312ms
2019-07-13 09:16:36,072 INFO  server.BaseHttpServer (BaseHttpServer.java:updateConnectorAddress(207)) - HTTP server of HDDSDATANODE is listening at http://0.0.0.0:39516
2019-07-13 09:16:36,169 INFO  ozone.HddsDatanodeService (HddsDatanodeService.java:startPlugins(396)) - Started plug-in org.apache.hadoop.ozone.web.OzoneHddsDatanodeService@105e8710
2019-07-13 09:16:36,169 INFO  impl.MetricsSystemImpl (MetricsSystemImpl.java:init(158)) - HddsDatanode metrics system started (again)
2019-07-13 09:16:36,172 INFO  ozone.HddsDatanodeService (HddsDatanodeService.java:start(185)) - HddsDatanodeService host:trunk-nightly-hmp62-43275749 ip:192.168.69.96
2019-07-13 09:16:36,173 INFO  util.JvmPauseMonitor (JvmPauseMonitor.java:run(188)) - Starting JVM pause monitor
2019-07-13 09:16:36,175 INFO  datanode.InitDatanodeState (InitDatanodeState.java:persistContainerDatanodeDetails(140)) - DatanodeDetails is persisted to /tmp/workdir/hadoop-ozone/integration-test/target/test-dir/MiniOzoneClusterImpl-eb9fb254-c95f-4215-83bc-e762092ecf51/datanode-5/meta/datanode.id
2019-07-13 09:16:36,184 INFO  volume.HddsVolume (HddsVolume.java:<init>(176)) - Creating Volume: /tmp/workdir/hadoop-ozone/integration-test/target/test-dir/MiniOzoneClusterImpl-eb9fb254-c95f-4215-83bc-e762092ecf51/datanode-6/data/containers/hdds of  storage type : DISK and capacity : 52710309888
2019-07-13 09:16:36,184 INFO  volume.VolumeSet (VolumeSet.java:initializeVolumeSet(170)) - Added Volume : /tmp/workdir/hadoop-ozone/integration-test/target/test-dir/MiniOzoneClusterImpl-eb9fb254-c95f-4215-83bc-e762092ecf51/datanode-6/data/containers/hdds to VolumeSet
2019-07-13 09:16:36,184 INFO  volume.ThrottledAsyncChecker (ThrottledAsyncChecker.java:schedule(140)) - Scheduling a check for org.apache.hadoop.ozone.container.common.volume.HddsVolume@4ac7927a
2019-07-13 09:16:36,185 INFO  volume.HddsVolumeChecker (HddsVolumeChecker.java:checkAllVolumes(203)) - Scheduled health check for volume org.apache.hadoop.ozone.container.common.volume.HddsVolume@4ac7927a
2019-07-13 09:16:36,203 INFO  impl.RaftServerProxy (ConfUtils.java:logGet(43)) - raft.rpc.type = GRPC (default)
2019-07-13 09:16:36,204 INFO  grpc.GrpcFactory (GrpcFactory.java:checkPooledByteBufAllocatorUseCacheForAllThreads(45)) - PERFORMANCE WARNING: useCacheForAllThreads is true that may cause Netty to create a lot garbage objects and, as a result, trigger GC.
	It is recommended to disable useCacheForAllThreads by setting -Dorg.apache.ratis.thirdparty.io.netty.allocator.useCacheForAllThreads=false in command line.
2019-07-13 09:16:36,204 INFO  grpc.GrpcConfigKeys$Server (ConfUtils.java:logGet(43)) - raft.grpc.server.port = 0 (default)
2019-07-13 09:16:36,204 INFO  server.GrpcService (ConfUtils.java:logGet(43)) - raft.grpc.message.size.max = 33570816 (custom)
2019-07-13 09:16:36,204 INFO  server.RaftServerConfigKeys (ConfUtils.java:logGet(43)) - raft.server.log.appender.buffer.byte-limit = 33554432 (custom)
2019-07-13 09:16:36,204 INFO  server.GrpcService (ConfUtils.java:logGet(43)) - raft.grpc.flow.control.window = 1MB (=1048576) (default)
2019-07-13 09:16:36,204 INFO  server.RaftServerConfigKeys (ConfUtils.java:logGet(43)) - raft.server.rpc.request.timeout = 3000ms (default)
2019-07-13 09:16:36,205 INFO  server.RaftServerConfigKeys (ConfUtils.java:logGet(43)) - raft.server.storage.dir = [/tmp/workdir/hadoop-ozone/integration-test/target/test-dir/MiniOzoneClusterImpl-eb9fb254-c95f-4215-83bc-e762092ecf51/datanode-6/data/ratis] (custom)
2019-07-13 09:16:36,205 INFO  replication.SimpleContainerDownloader (SimpleContainerDownloader.java:<init>(72)) - Starting container downloader service to copy containers to replicate.
2019-07-13 09:16:36,206 INFO  hdfs.DFSUtil (DFSUtil.java:httpServerTemplateForNNAndJN(1641)) - Starting Web-server for hddsDatanode at: http://0.0.0.0:0
2019-07-13 09:16:36,207 INFO  server.AuthenticationFilter (AuthenticationFilter.java:constructSecretProvider(240)) - Unable to initialize FileSignerSecretProvider, falling back to use random secrets.
2019-07-13 09:16:36,208 WARN  http.HttpRequestLog (HttpRequestLog.java:getRequestLog(97)) - Jetty request log can only be enabled using Log4j
2019-07-13 09:16:36,209 INFO  http.HttpServer2 (HttpServer2.java:addGlobalFilter(975)) - Added global filter 'safety' (class=org.apache.hadoop.http.HttpServer2$QuotingInputFilter)
2019-07-13 09:16:36,209 INFO  http.HttpServer2 (HttpServer2.java:addFilter(948)) - Added filter static_user_filter (class=org.apache.hadoop.http.lib.StaticUserWebFilter$StaticUserFilter) to context hddsDatanode
2019-07-13 09:16:36,209 INFO  http.HttpServer2 (HttpServer2.java:addFilter(958)) - Added filter static_user_filter (class=org.apache.hadoop.http.lib.StaticUserWebFilter$StaticUserFilter) to context logs
2019-07-13 09:16:36,209 INFO  http.HttpServer2 (HttpServer2.java:addFilter(958)) - Added filter static_user_filter (class=org.apache.hadoop.http.lib.StaticUserWebFilter$StaticUserFilter) to context static
2019-07-13 09:16:36,210 INFO  http.HttpServer2 (HttpServer2.java:bindListener(1191)) - Jetty bound to port 36168
2019-07-13 09:16:36,210 INFO  server.Server (Server.java:doStart(351)) - jetty-9.3.24.v20180605, build timestamp: 2018-06-05T17:11:56Z, git hash: 84205aa28f11a4f31f2a3b86d1bba2cc8ab69827
2019-07-13 09:16:36,212 INFO  handler.ContextHandler (ContextHandler.java:doStart(781)) - Started o.e.j.s.ServletContextHandler@6b8f1c62{/logs,file:///tmp/workdir/hadoop-ozone/integration-test/target/log,AVAILABLE}
2019-07-13 09:16:36,212 INFO  handler.ContextHandler (ContextHandler.java:doStart(781)) - Started o.e.j.s.ServletContextHandler@3d3e9163{/static,jar:file:/home/user/.m2/repository/org/apache/hadoop/hadoop-hdds-container-service/0.5.0-SNAPSHOT/hadoop-hdds-container-service-0.5.0-SNAPSHOT.jar!/webapps/static,AVAILABLE}
2019-07-13 09:16:36,238 INFO  handler.ContextHandler (ContextHandler.java:doStart(781)) - Started o.e.j.w.WebAppContext@6ee34fe4{/,file:///tmp/jetty-0.0.0.0-36168-hddsDatanode-_-any-7591036331526819624.dir/webapp/,AVAILABLE}{/hddsDatanode}
2019-07-13 09:16:36,239 INFO  server.AbstractConnector (AbstractConnector.java:doStart(278)) - Started ServerConnector@5aa0e9c6{HTTP/1.1,[http/1.1]}{0.0.0.0:36168}
2019-07-13 09:16:36,239 INFO  server.Server (Server.java:doStart(419)) - Started @531481ms
2019-07-13 09:16:36,243 INFO  server.BaseHttpServer (BaseHttpServer.java:updateConnectorAddress(207)) - HTTP server of HDDSDATANODE is listening at http://0.0.0.0:36168
2019-07-13 09:16:36,341 INFO  ozone.HddsDatanodeService (HddsDatanodeService.java:startPlugins(396)) - Started plug-in org.apache.hadoop.ozone.web.OzoneHddsDatanodeService@718198db
2019-07-13 09:16:36,341 INFO  ozone.MiniOzoneClusterImpl (MiniOzoneClusterImpl.java:lambda$waitForClusterToBeReady$0(142)) - Waiting for cluster to be ready. Got 0 of 7 DN Heartbeats.
2019-07-13 09:16:36,345 INFO  util.JvmPauseMonitor (JvmPauseMonitor.java:run(188)) - Starting JVM pause monitor
2019-07-13 09:16:36,346 INFO  datanode.InitDatanodeState (InitDatanodeState.java:persistContainerDatanodeDetails(140)) - DatanodeDetails is persisted to /tmp/workdir/hadoop-ozone/integration-test/target/test-dir/MiniOzoneClusterImpl-eb9fb254-c95f-4215-83bc-e762092ecf51/datanode-6/meta/datanode.id
2019-07-13 09:16:37,168 INFO  ozoneimpl.OzoneContainer (OzoneContainer.java:start(186)) - Attempting to start container services.
2019-07-13 09:16:37,171 INFO  ozoneimpl.OzoneContainer (OzoneContainer.java:startContainerScrub(160)) - Background container scrubber has been disabled by hdds.containerscrub.enabled
2019-07-13 09:16:37,171 INFO  ratis.XceiverServerRatis (XceiverServerRatis.java:start(418)) - Starting XceiverServerRatis 5f8d45b4-7e19-4436-96e2-91ecbc2674b2 at port 0
2019-07-13 09:16:37,179 INFO  impl.RaftServerProxy (RaftServerProxy.java:lambda$start$3(299)) - 5f8d45b4-7e19-4436-96e2-91ecbc2674b2: start RPC server
2019-07-13 09:16:37,180 INFO  server.GrpcService (GrpcService.java:startImpl(149)) - 5f8d45b4-7e19-4436-96e2-91ecbc2674b2: GrpcService started, listening on 0.0.0.0/0.0.0.0:33025
2019-07-13 09:16:37,181 INFO  ratis.XceiverServerRatis (XceiverServerRatis.java:start(428)) - XceiverServerRatis 5f8d45b4-7e19-4436-96e2-91ecbc2674b2 is started using port 33025
2019-07-13 09:16:37,181 INFO  server.XceiverServerGrpc (XceiverServerGrpc.java:start(161)) - XceiverServerGrpc 5f8d45b4-7e19-4436-96e2-91ecbc2674b2 is started using port 33332
2019-07-13 09:16:37,332 INFO  ozoneimpl.OzoneContainer (OzoneContainer.java:start(186)) - Attempting to start container services.
2019-07-13 09:16:37,335 INFO  ozoneimpl.OzoneContainer (OzoneContainer.java:startContainerScrub(160)) - Background container scrubber has been disabled by hdds.containerscrub.enabled
2019-07-13 09:16:37,335 INFO  ratis.XceiverServerRatis (XceiverServerRatis.java:start(418)) - Starting XceiverServerRatis 6559c360-20de-4236-9585-ab0e4b55fe93 at port 0
2019-07-13 09:16:37,342 INFO  ozone.MiniOzoneClusterImpl (MiniOzoneClusterImpl.java:lambda$waitForClusterToBeReady$0(142)) - Waiting for cluster to be ready. Got 0 of 7 DN Heartbeats.
2019-07-13 09:16:37,343 INFO  impl.RaftServerProxy (RaftServerProxy.java:lambda$start$3(299)) - 6559c360-20de-4236-9585-ab0e4b55fe93: start RPC server
2019-07-13 09:16:37,343 INFO  server.GrpcService (GrpcService.java:startImpl(149)) - 6559c360-20de-4236-9585-ab0e4b55fe93: GrpcService started, listening on 0.0.0.0/0.0.0.0:34517
2019-07-13 09:16:37,344 INFO  ratis.XceiverServerRatis (XceiverServerRatis.java:start(428)) - XceiverServerRatis 6559c360-20de-4236-9585-ab0e4b55fe93 is started using port 34517
2019-07-13 09:16:37,344 INFO  server.XceiverServerGrpc (XceiverServerGrpc.java:start(161)) - XceiverServerGrpc 6559c360-20de-4236-9585-ab0e4b55fe93 is started using port 45298
2019-07-13 09:16:37,501 INFO  ozoneimpl.OzoneContainer (OzoneContainer.java:start(186)) - Attempting to start container services.
2019-07-13 09:16:37,507 INFO  ozoneimpl.OzoneContainer (OzoneContainer.java:startContainerScrub(160)) - Background container scrubber has been disabled by hdds.containerscrub.enabled
2019-07-13 09:16:37,507 INFO  ratis.XceiverServerRatis (XceiverServerRatis.java:start(418)) - Starting XceiverServerRatis 2096ab94-c10e-4212-ad33-fbb1e95f68e0 at port 0
2019-07-13 09:16:37,516 INFO  impl.RaftServerProxy (RaftServerProxy.java:lambda$start$3(299)) - 2096ab94-c10e-4212-ad33-fbb1e95f68e0: start RPC server
2019-07-13 09:16:37,516 INFO  server.GrpcService (GrpcService.java:startImpl(149)) - 2096ab94-c10e-4212-ad33-fbb1e95f68e0: GrpcService started, listening on 0.0.0.0/0.0.0.0:36231
2019-07-13 09:16:37,517 INFO  ratis.XceiverServerRatis (XceiverServerRatis.java:start(428)) - XceiverServerRatis 2096ab94-c10e-4212-ad33-fbb1e95f68e0 is started using port 36231
2019-07-13 09:16:37,517 INFO  server.XceiverServerGrpc (XceiverServerGrpc.java:start(161)) - XceiverServerGrpc 2096ab94-c10e-4212-ad33-fbb1e95f68e0 is started using port 46072
2019-07-13 09:16:37,694 INFO  ozoneimpl.OzoneContainer (OzoneContainer.java:start(186)) - Attempting to start container services.
2019-07-13 09:16:37,694 INFO  ozoneimpl.OzoneContainer (OzoneContainer.java:startContainerScrub(160)) - Background container scrubber has been disabled by hdds.containerscrub.enabled
2019-07-13 09:16:37,694 INFO  ratis.XceiverServerRatis (XceiverServerRatis.java:start(418)) - Starting XceiverServerRatis dc98be44-39a7-44a3-a001-d81f6637fe10 at port 0
2019-07-13 09:16:37,702 INFO  impl.RaftServerProxy (RaftServerProxy.java:lambda$start$3(299)) - dc98be44-39a7-44a3-a001-d81f6637fe10: start RPC server
2019-07-13 09:16:37,703 INFO  server.GrpcService (GrpcService.java:startImpl(149)) - dc98be44-39a7-44a3-a001-d81f6637fe10: GrpcService started, listening on 0.0.0.0/0.0.0.0:33463
2019-07-13 09:16:37,703 INFO  ratis.XceiverServerRatis (XceiverServerRatis.java:start(428)) - XceiverServerRatis dc98be44-39a7-44a3-a001-d81f6637fe10 is started using port 33463
2019-07-13 09:16:37,704 INFO  server.XceiverServerGrpc (XceiverServerGrpc.java:start(161)) - XceiverServerGrpc dc98be44-39a7-44a3-a001-d81f6637fe10 is started using port 46297
2019-07-13 09:16:38,017 INFO  ozoneimpl.OzoneContainer (OzoneContainer.java:start(186)) - Attempting to start container services.
2019-07-13 09:16:38,017 INFO  ozoneimpl.OzoneContainer (OzoneContainer.java:startContainerScrub(160)) - Background container scrubber has been disabled by hdds.containerscrub.enabled
2019-07-13 09:16:38,017 INFO  ratis.XceiverServerRatis (XceiverServerRatis.java:start(418)) - Starting XceiverServerRatis c2327460-9b06-49cb-86b3-02d4da1c959b at port 0
2019-07-13 09:16:38,025 INFO  impl.RaftServerProxy (RaftServerProxy.java:lambda$start$3(299)) - c2327460-9b06-49cb-86b3-02d4da1c959b: start RPC server
2019-07-13 09:16:38,026 INFO  server.GrpcService (GrpcService.java:startImpl(149)) - c2327460-9b06-49cb-86b3-02d4da1c959b: GrpcService started, listening on 0.0.0.0/0.0.0.0:35402
2019-07-13 09:16:38,026 INFO  ratis.XceiverServerRatis (XceiverServerRatis.java:start(428)) - XceiverServerRatis c2327460-9b06-49cb-86b3-02d4da1c959b is started using port 35402
2019-07-13 09:16:38,027 INFO  server.XceiverServerGrpc (XceiverServerGrpc.java:start(161)) - XceiverServerGrpc c2327460-9b06-49cb-86b3-02d4da1c959b is started using port 41567
2019-07-13 09:16:38,188 INFO  ozoneimpl.OzoneContainer (OzoneContainer.java:start(186)) - Attempting to start container services.
2019-07-13 09:16:38,188 INFO  ozoneimpl.OzoneContainer (OzoneContainer.java:startContainerScrub(160)) - Background container scrubber has been disabled by hdds.containerscrub.enabled
2019-07-13 09:16:38,189 INFO  ratis.XceiverServerRatis (XceiverServerRatis.java:start(418)) - Starting XceiverServerRatis 9a544c2a-8f47-4cb4-8d3c-fa206030b87a at port 0
2019-07-13 09:16:38,196 INFO  impl.RaftServerProxy (RaftServerProxy.java:lambda$start$3(299)) - 9a544c2a-8f47-4cb4-8d3c-fa206030b87a: start RPC server
2019-07-13 09:16:38,197 INFO  server.GrpcService (GrpcService.java:startImpl(149)) - 9a544c2a-8f47-4cb4-8d3c-fa206030b87a: GrpcService started, listening on 0.0.0.0/0.0.0.0:45479
2019-07-13 09:16:38,197 INFO  ratis.XceiverServerRatis (XceiverServerRatis.java:start(428)) - XceiverServerRatis 9a544c2a-8f47-4cb4-8d3c-fa206030b87a is started using port 45479
2019-07-13 09:16:38,201 INFO  server.XceiverServerGrpc (XceiverServerGrpc.java:start(161)) - XceiverServerGrpc 9a544c2a-8f47-4cb4-8d3c-fa206030b87a is started using port 44273
2019-07-13 09:16:38,343 INFO  ozone.MiniOzoneClusterImpl (MiniOzoneClusterImpl.java:lambda$waitForClusterToBeReady$0(142)) - Waiting for cluster to be ready. Got 0 of 7 DN Heartbeats.
2019-07-13 09:16:38,359 INFO  ozoneimpl.OzoneContainer (OzoneContainer.java:start(186)) - Attempting to start container services.
2019-07-13 09:16:38,360 INFO  ozoneimpl.OzoneContainer (OzoneContainer.java:startContainerScrub(160)) - Background container scrubber has been disabled by hdds.containerscrub.enabled
2019-07-13 09:16:38,360 INFO  ratis.XceiverServerRatis (XceiverServerRatis.java:start(418)) - Starting XceiverServerRatis 7dad2a5a-e038-440b-a217-bbbb2c48d4bb at port 0
2019-07-13 09:16:38,367 INFO  impl.RaftServerProxy (RaftServerProxy.java:lambda$start$3(299)) - 7dad2a5a-e038-440b-a217-bbbb2c48d4bb: start RPC server
2019-07-13 09:16:38,367 INFO  server.GrpcService (GrpcService.java:startImpl(149)) - 7dad2a5a-e038-440b-a217-bbbb2c48d4bb: GrpcService started, listening on 0.0.0.0/0.0.0.0:40277
2019-07-13 09:16:38,367 INFO  ratis.XceiverServerRatis (XceiverServerRatis.java:start(428)) - XceiverServerRatis 7dad2a5a-e038-440b-a217-bbbb2c48d4bb is started using port 40277
2019-07-13 09:16:38,368 INFO  server.XceiverServerGrpc (XceiverServerGrpc.java:start(161)) - XceiverServerGrpc 7dad2a5a-e038-440b-a217-bbbb2c48d4bb is started using port 43046
2019-07-13 09:16:39,149 INFO  net.NetworkTopology (NetworkTopologyImpl.java:add(110)) - Added a new node: /default-rack/192.168.69.96
2019-07-13 09:16:39,152 INFO  node.SCMNodeManager (SCMNodeManager.java:register(269)) - Registered Data node : 5f8d45b4-7e19-4436-96e2-91ecbc2674b2{ip: 192.168.69.96, host: trunk-nightly-hmp62-43275749, networkLocation: /default-rack, certSerialId: null}
2019-07-13 09:16:39,153 INFO  safemode.SCMSafeModeManager (DataNodeSafeModeRule.java:process(71)) - SCM in safe mode. 1 DataNodes registered, 1 required.
2019-07-13 09:16:39,155 INFO  safemode.SCMSafeModeManager (SCMSafeModeManager.java:validateSafeModeExitRules(177)) - ScmSafeModeManager, all rules are successfully validated
2019-07-13 09:16:39,156 INFO  safemode.SCMSafeModeManager (SCMSafeModeManager.java:exitSafeMode(193)) - SCM exiting safe mode.
2019-07-13 09:16:39,176 INFO  impl.RaftServerProxy (RaftServerProxy.java:addNew(89)) - 5f8d45b4-7e19-4436-96e2-91ecbc2674b2: addNew group-516B1DA9AED8:[5f8d45b4-7e19-4436-96e2-91ecbc2674b2:192.168.69.96:33025] returns group-516B1DA9AED8:java.util.concurrent.CompletableFuture@faa7ad1[Not completed]
2019-07-13 09:16:39,177 INFO  impl.RaftServerImpl (RaftServerImpl.java:<init>(93)) - 5f8d45b4-7e19-4436-96e2-91ecbc2674b2: new RaftServerImpl for group-516B1DA9AED8:[5f8d45b4-7e19-4436-96e2-91ecbc2674b2:192.168.69.96:33025] with ContainerStateMachine:uninitialized
2019-07-13 09:16:39,177 INFO  server.RaftServerConfigKeys (ConfUtils.java:logGet(43)) - raft.server.rpc.timeout.min = 5s (custom)
2019-07-13 09:16:39,177 INFO  server.RaftServerConfigKeys (ConfUtils.java:logGet(43)) - raft.server.rpc.timeout.max = 5200ms (custom)
2019-07-13 09:16:39,178 INFO  server.RaftServerConfigKeys (ConfUtils.java:logGet(43)) - raft.server.rpcslowness.timeout = 120s (custom)
2019-07-13 09:16:39,178 INFO  server.RaftServerConfigKeys (ConfUtils.java:logGet(43)) - raft.server.sleep.deviation.threshold = 300 (default)
2019-07-13 09:16:39,178 INFO  server.RaftServerConfigKeys (ConfUtils.java:logGet(43)) - raft.server.log.appender.install.snapshot.enabled = false (custom)
2019-07-13 09:16:39,178 INFO  impl.RaftServerImpl (ServerState.java:<init>(105)) - 5f8d45b4-7e19-4436-96e2-91ecbc2674b2:group-516B1DA9AED8 ConfigurationManager, init=-1: [5f8d45b4-7e19-4436-96e2-91ecbc2674b2:192.168.69.96:33025], old=null, confs=<EMPTY_MAP>
2019-07-13 09:16:39,178 INFO  server.RaftServerConfigKeys (ConfUtils.java:logGet(43)) - raft.server.storage.dir = [/tmp/workdir/hadoop-ozone/integration-test/target/test-dir/MiniOzoneClusterImpl-eb9fb254-c95f-4215-83bc-e762092ecf51/datanode-0/data/ratis] (custom)
2019-07-13 09:16:39,179 INFO  storage.RaftStorageDirectory (RaftStorageDirectory.java:analyzeStorage(246)) - The storage directory /tmp/workdir/hadoop-ozone/integration-test/target/test-dir/MiniOzoneClusterImpl-eb9fb254-c95f-4215-83bc-e762092ecf51/datanode-0/data/ratis/51dc7a34-1102-4718-bd46-516b1da9aed8 does not exist. Creating ...
2019-07-13 09:16:39,192 INFO  storage.RaftStorageDirectory (RaftStorageDirectory.java:tryLock(328)) - Lock on /tmp/workdir/hadoop-ozone/integration-test/target/test-dir/MiniOzoneClusterImpl-eb9fb254-c95f-4215-83bc-e762092ecf51/datanode-0/data/ratis/51dc7a34-1102-4718-bd46-516b1da9aed8/in_use.lock acquired by nodename 8548@trunk-nightly-hmp62-43275749
2019-07-13 09:16:39,206 INFO  storage.RaftStorage (RaftStorage.java:format(72)) - Storage directory /tmp/workdir/hadoop-ozone/integration-test/target/test-dir/MiniOzoneClusterImpl-eb9fb254-c95f-4215-83bc-e762092ecf51/datanode-0/data/ratis/51dc7a34-1102-4718-bd46-516b1da9aed8 has been successfully formatted.
2019-07-13 09:16:39,206 INFO  ratis.ContainerStateMachine (ContainerStateMachine.java:loadSnapshot(200)) - The snapshot info is null.Setting the last applied index to:(t:0, i:~)
2019-07-13 09:16:39,207 INFO  server.RaftServerConfigKeys (ConfUtils.java:logGet(43)) - raft.server.leader.election.timeout = 120s (custom)
2019-07-13 09:16:39,207 INFO  server.RaftServerConfigKeys (ConfUtils.java:logGet(43)) - raft.server.log.use.memory = false (default)
2019-07-13 09:16:39,207 INFO  server.RaftServerConfigKeys (ConfUtils.java:logGet(43)) - raft.server.log.purge.gap = 1000000000 (custom)
2019-07-13 09:16:39,207 INFO  server.RaftServerConfigKeys (ConfUtils.java:logGet(43)) - raft.server.log.appender.buffer.byte-limit = 33554432 (custom)
2019-07-13 09:16:39,207 INFO  server.RaftServerConfigKeys (ConfUtils.java:logGet(43)) - raft.server.log.segment.size.max = 1048576 (custom)
2019-07-13 09:16:39,207 INFO  server.RaftServerConfigKeys (ConfUtils.java:logGet(43)) - raft.server.log.segment.cache.num.max = 2 (custom)
2019-07-13 09:16:39,208 INFO  segmented.SegmentedRaftLogWorker (SegmentedRaftLogWorker.java:<init>(172)) - new 5f8d45b4-7e19-4436-96e2-91ecbc2674b2-SegmentedRaftLogWorker:Storage Directory /tmp/workdir/hadoop-ozone/integration-test/target/test-dir/MiniOzoneClusterImpl-eb9fb254-c95f-4215-83bc-e762092ecf51/datanode-0/data/ratis/51dc7a34-1102-4718-bd46-516b1da9aed8 for RaftStorage:Storage Directory /tmp/workdir/hadoop-ozone/integration-test/target/test-dir/MiniOzoneClusterImpl-eb9fb254-c95f-4215-83bc-e762092ecf51/datanode-0/data/ratis/51dc7a34-1102-4718-bd46-516b1da9aed8
2019-07-13 09:16:39,208 INFO  server.RaftServerConfigKeys (ConfUtils.java:logGet(43)) - raft.server.log.queue.byte-limit = 2147483647 (custom)
2019-07-13 09:16:39,208 INFO  server.RaftServerConfigKeys (ConfUtils.java:logGet(43)) - raft.server.log.queue.element-limit = 1024 (custom)
2019-07-13 09:16:39,209 INFO  server.RaftServerConfigKeys (ConfUtils.java:logGet(43)) - raft.server.log.segment.size.max = 1048576 (custom)
2019-07-13 09:16:39,209 INFO  server.RaftServerConfigKeys (ConfUtils.java:logGet(43)) - raft.server.log.preallocated.size = 16384 (custom)
2019-07-13 09:16:39,209 INFO  server.RaftServerConfigKeys (ConfUtils.java:logGet(43)) - raft.server.log.write.buffer.size = 33554432 (custom)
2019-07-13 09:16:39,209 INFO  server.RaftServerConfigKeys (ConfUtils.java:logGet(43)) - raft.server.log.force.sync.num = 128 (default)
2019-07-13 09:16:39,209 INFO  server.RaftServerConfigKeys (ConfUtils.java:logGet(43)) - raft.server.log.statemachine.data.sync = true (default)
2019-07-13 09:16:39,209 INFO  server.RaftServerConfigKeys (ConfUtils.java:logGet(43)) - raft.server.log.statemachine.data.sync.timeout = 10s (default)
2019-07-13 09:16:39,210 INFO  server.RaftServerConfigKeys (ConfUtils.java:logGet(43)) - raft.server.log.statemachine.data.sync.timeout.retry = -1 (default)
2019-07-13 09:16:39,210 INFO  server.RaftServerConfigKeys (ConfUtils.java:logGet(43)) - raft.server.log.statemachine.data.caching.enabled = true (custom)
2019-07-13 09:16:39,210 INFO  segmented.SegmentedRaftLogWorker (SegmentedRaftLogWorker.java:lambda$new$0(132)) - 5f8d45b4-7e19-4436-96e2-91ecbc2674b2-SegmentedRaftLogWorker:Storage Directory /tmp/workdir/hadoop-ozone/integration-test/target/test-dir/MiniOzoneClusterImpl-eb9fb254-c95f-4215-83bc-e762092ecf51/datanode-0/data/ratis/51dc7a34-1102-4718-bd46-516b1da9aed8: flushIndex: setUnconditionally 0 -> -1
2019-07-13 09:16:39,211 INFO  server.RaftServerConfigKeys (ConfUtils.java:logGet(43)) - raft.server.snapshot.auto.trigger.enabled = true (custom)
2019-07-13 09:16:39,211 INFO  server.RaftServerConfigKeys (ConfUtils.java:logGet(43)) - raft.server.snapshot.auto.trigger.threshold = 10000 (custom)
2019-07-13 09:16:39,211 INFO  server.RaftServerConfigKeys (ConfUtils.java:logGet(43)) - raft.server.retrycache.expirytime = 600000ms (custom)
2019-07-13 09:16:39,212 INFO  impl.RaftServerImpl (RaftServerImpl.java:start(180)) - 5f8d45b4-7e19-4436-96e2-91ecbc2674b2: start group-516B1DA9AED8
2019-07-13 09:16:39,212 INFO  impl.RaftServerImpl (RaftServerImpl.java:setRole(171)) - 5f8d45b4-7e19-4436-96e2-91ecbc2674b2:group-516B1DA9AED8 changes role from null to FOLLOWER at term 0 for startAsFollower
2019-07-13 09:16:39,212 INFO  impl.RoleInfo (RoleInfo.java:updateAndGet(143)) - 5f8d45b4-7e19-4436-96e2-91ecbc2674b2: start FollowerState
2019-07-13 09:16:39,213 INFO  util.JmxRegister (JmxRegister.java:tryRegister(44)) - Successfully registered JMX Bean with object name Ratis:service=RaftServer,group=group-516B1DA9AED8,id=5f8d45b4-7e19-4436-96e2-91ecbc2674b2
2019-07-13 09:16:39,219 INFO  pipeline.PipelineStateManager (PipelineStateManager.java:addPipeline(56)) - Created pipeline Pipeline[ Id: 51dc7a34-1102-4718-bd46-516b1da9aed8, Nodes: 5f8d45b4-7e19-4436-96e2-91ecbc2674b2{ip: 192.168.69.96, host: trunk-nightly-hmp62-43275749, networkLocation: /default-rack, certSerialId: null}, Type:RATIS, Factor:ONE, State:OPEN]
2019-07-13 09:16:39,317 INFO  node.SCMNodeManager (SCMNodeManager.java:register(269)) - Registered Data node : 6559c360-20de-4236-9585-ab0e4b55fe93{ip: 192.168.69.96, host: trunk-nightly-hmp62-43275749, networkLocation: /default-rack, certSerialId: null}
2019-07-13 09:16:39,325 INFO  impl.RaftServerProxy (RaftServerProxy.java:addNew(89)) - 6559c360-20de-4236-9585-ab0e4b55fe93: addNew group-4B6637B9739A:[6559c360-20de-4236-9585-ab0e4b55fe93:192.168.69.96:34517] returns group-4B6637B9739A:java.util.concurrent.CompletableFuture@15a390d5[Not completed]
2019-07-13 09:16:39,325 INFO  impl.RaftServerImpl (RaftServerImpl.java:<init>(93)) - 6559c360-20de-4236-9585-ab0e4b55fe93: new RaftServerImpl for group-4B6637B9739A:[6559c360-20de-4236-9585-ab0e4b55fe93:192.168.69.96:34517] with ContainerStateMachine:uninitialized
2019-07-13 09:16:39,326 INFO  server.RaftServerConfigKeys (ConfUtils.java:logGet(43)) - raft.server.rpc.timeout.min = 5s (custom)
2019-07-13 09:16:39,326 INFO  server.RaftServerConfigKeys (ConfUtils.java:logGet(43)) - raft.server.rpc.timeout.max = 5200ms (custom)
2019-07-13 09:16:39,326 INFO  server.RaftServerConfigKeys (ConfUtils.java:logGet(43)) - raft.server.rpcslowness.timeout = 120s (custom)
2019-07-13 09:16:39,326 INFO  server.RaftServerConfigKeys (ConfUtils.java:logGet(43)) - raft.server.sleep.deviation.threshold = 300 (default)
2019-07-13 09:16:39,326 INFO  server.RaftServerConfigKeys (ConfUtils.java:logGet(43)) - raft.server.log.appender.install.snapshot.enabled = false (custom)
2019-07-13 09:16:39,326 INFO  impl.RaftServerImpl (ServerState.java:<init>(105)) - 6559c360-20de-4236-9585-ab0e4b55fe93:group-4B6637B9739A ConfigurationManager, init=-1: [6559c360-20de-4236-9585-ab0e4b55fe93:192.168.69.96:34517], old=null, confs=<EMPTY_MAP>
2019-07-13 09:16:39,327 INFO  server.RaftServerConfigKeys (ConfUtils.java:logGet(43)) - raft.server.storage.dir = [/tmp/workdir/hadoop-ozone/integration-test/target/test-dir/MiniOzoneClusterImpl-eb9fb254-c95f-4215-83bc-e762092ecf51/datanode-1/data/ratis] (custom)
2019-07-13 09:16:39,327 INFO  storage.RaftStorageDirectory (RaftStorageDirectory.java:analyzeStorage(246)) - The storage directory /tmp/workdir/hadoop-ozone/integration-test/target/test-dir/MiniOzoneClusterImpl-eb9fb254-c95f-4215-83bc-e762092ecf51/datanode-1/data/ratis/8115923d-66ff-49f7-9c80-4b6637b9739a does not exist. Creating ...
2019-07-13 09:16:39,340 INFO  storage.RaftStorageDirectory (RaftStorageDirectory.java:tryLock(328)) - Lock on /tmp/workdir/hadoop-ozone/integration-test/target/test-dir/MiniOzoneClusterImpl-eb9fb254-c95f-4215-83bc-e762092ecf51/datanode-1/data/ratis/8115923d-66ff-49f7-9c80-4b6637b9739a/in_use.lock acquired by nodename 8548@trunk-nightly-hmp62-43275749
2019-07-13 09:16:39,343 INFO  ozone.MiniOzoneClusterImpl (MiniOzoneClusterImpl.java:lambda$waitForClusterToBeReady$0(142)) - Waiting for cluster to be ready. Got 2 of 7 DN Heartbeats.
2019-07-13 09:16:39,354 INFO  storage.RaftStorage (RaftStorage.java:format(72)) - Storage directory /tmp/workdir/hadoop-ozone/integration-test/target/test-dir/MiniOzoneClusterImpl-eb9fb254-c95f-4215-83bc-e762092ecf51/datanode-1/data/ratis/8115923d-66ff-49f7-9c80-4b6637b9739a has been successfully formatted.
2019-07-13 09:16:39,354 INFO  ratis.ContainerStateMachine (ContainerStateMachine.java:loadSnapshot(200)) - The snapshot info is null.Setting the last applied index to:(t:0, i:~)
2019-07-13 09:16:39,354 INFO  server.RaftServerConfigKeys (ConfUtils.java:logGet(43)) - raft.server.leader.election.timeout = 120s (custom)
2019-07-13 09:16:39,354 INFO  server.RaftServerConfigKeys (ConfUtils.java:logGet(43)) - raft.server.log.use.memory = false (default)
2019-07-13 09:16:39,354 INFO  server.RaftServerConfigKeys (ConfUtils.java:logGet(43)) - raft.server.log.purge.gap = 1000000000 (custom)
2019-07-13 09:16:39,355 INFO  server.RaftServerConfigKeys (ConfUtils.java:logGet(43)) - raft.server.log.appender.buffer.byte-limit = 33554432 (custom)
2019-07-13 09:16:39,355 INFO  server.RaftServerConfigKeys (ConfUtils.java:logGet(43)) - raft.server.log.segment.size.max = 1048576 (custom)
2019-07-13 09:16:39,355 INFO  server.RaftServerConfigKeys (ConfUtils.java:logGet(43)) - raft.server.log.segment.cache.num.max = 2 (custom)
2019-07-13 09:16:39,355 INFO  segmented.SegmentedRaftLogWorker (SegmentedRaftLogWorker.java:<init>(172)) - new 6559c360-20de-4236-9585-ab0e4b55fe93-SegmentedRaftLogWorker:Storage Directory /tmp/workdir/hadoop-ozone/integration-test/target/test-dir/MiniOzoneClusterImpl-eb9fb254-c95f-4215-83bc-e762092ecf51/datanode-1/data/ratis/8115923d-66ff-49f7-9c80-4b6637b9739a for RaftStorage:Storage Directory /tmp/workdir/hadoop-ozone/integration-test/target/test-dir/MiniOzoneClusterImpl-eb9fb254-c95f-4215-83bc-e762092ecf51/datanode-1/data/ratis/8115923d-66ff-49f7-9c80-4b6637b9739a
2019-07-13 09:16:39,355 INFO  server.RaftServerConfigKeys (ConfUtils.java:logGet(43)) - raft.server.log.queue.byte-limit = 2147483647 (custom)
2019-07-13 09:16:39,355 INFO  server.RaftServerConfigKeys (ConfUtils.java:logGet(43)) - raft.server.log.queue.element-limit = 1024 (custom)
2019-07-13 09:16:39,356 INFO  server.RaftServerConfigKeys (ConfUtils.java:logGet(43)) - raft.server.log.segment.size.max = 1048576 (custom)
2019-07-13 09:16:39,356 INFO  server.RaftServerConfigKeys (ConfUtils.java:logGet(43)) - raft.server.log.preallocated.size = 16384 (custom)
2019-07-13 09:16:39,356 INFO  server.RaftServerConfigKeys (ConfUtils.java:logGet(43)) - raft.server.log.write.buffer.size = 33554432 (custom)
2019-07-13 09:16:39,356 INFO  server.RaftServerConfigKeys (ConfUtils.java:logGet(43)) - raft.server.log.force.sync.num = 128 (default)
2019-07-13 09:16:39,356 INFO  server.RaftServerConfigKeys (ConfUtils.java:logGet(43)) - raft.server.log.statemachine.data.sync = true (default)
2019-07-13 09:16:39,356 INFO  server.RaftServerConfigKeys (ConfUtils.java:logGet(43)) - raft.server.log.statemachine.data.sync.timeout = 10s (default)
2019-07-13 09:16:39,357 INFO  server.RaftServerConfigKeys (ConfUtils.java:logGet(43)) - raft.server.log.statemachine.data.sync.timeout.retry = -1 (default)
2019-07-13 09:16:39,357 INFO  server.RaftServerConfigKeys (ConfUtils.java:logGet(43)) - raft.server.log.statemachine.data.caching.enabled = true (custom)
2019-07-13 09:16:39,357 INFO  segmented.SegmentedRaftLogWorker (SegmentedRaftLogWorker.java:lambda$new$0(132)) - 6559c360-20de-4236-9585-ab0e4b55fe93-SegmentedRaftLogWorker:Storage Directory /tmp/workdir/hadoop-ozone/integration-test/target/test-dir/MiniOzoneClusterImpl-eb9fb254-c95f-4215-83bc-e762092ecf51/datanode-1/data/ratis/8115923d-66ff-49f7-9c80-4b6637b9739a: flushIndex: setUnconditionally 0 -> -1
2019-07-13 09:16:39,357 INFO  server.RaftServerConfigKeys (ConfUtils.java:logGet(43)) - raft.server.snapshot.auto.trigger.enabled = true (custom)
2019-07-13 09:16:39,358 INFO  server.RaftServerConfigKeys (ConfUtils.java:logGet(43)) - raft.server.snapshot.auto.trigger.threshold = 10000 (custom)
2019-07-13 09:16:39,358 INFO  server.RaftServerConfigKeys (ConfUtils.java:logGet(43)) - raft.server.retrycache.expirytime = 600000ms (custom)
2019-07-13 09:16:39,358 INFO  impl.RaftServerImpl (RaftServerImpl.java:start(180)) - 6559c360-20de-4236-9585-ab0e4b55fe93: start group-4B6637B9739A
2019-07-13 09:16:39,358 INFO  impl.RaftServerImpl (RaftServerImpl.java:setRole(171)) - 6559c360-20de-4236-9585-ab0e4b55fe93:group-4B6637B9739A changes role from null to FOLLOWER at term 0 for startAsFollower
2019-07-13 09:16:39,358 INFO  impl.RoleInfo (RoleInfo.java:updateAndGet(143)) - 6559c360-20de-4236-9585-ab0e4b55fe93: start FollowerState
2019-07-13 09:16:39,359 INFO  util.JmxRegister (JmxRegister.java:tryRegister(44)) - Successfully registered JMX Bean with object name Ratis:service=RaftServer,group=group-4B6637B9739A,id=6559c360-20de-4236-9585-ab0e4b55fe93
2019-07-13 09:16:39,361 INFO  pipeline.PipelineStateManager (PipelineStateManager.java:addPipeline(56)) - Created pipeline Pipeline[ Id: 8115923d-66ff-49f7-9c80-4b6637b9739a, Nodes: 6559c360-20de-4236-9585-ab0e4b55fe93{ip: 192.168.69.96, host: trunk-nightly-hmp62-43275749, networkLocation: /default-rack, certSerialId: null}, Type:RATIS, Factor:ONE, State:OPEN]
2019-07-13 09:16:39,487 INFO  node.SCMNodeManager (SCMNodeManager.java:register(269)) - Registered Data node : 2096ab94-c10e-4212-ad33-fbb1e95f68e0{ip: 192.168.69.96, host: trunk-nightly-hmp62-43275749, networkLocation: /default-rack, certSerialId: null}
2019-07-13 09:16:39,494 INFO  impl.RaftServerProxy (RaftServerProxy.java:addNew(89)) - 2096ab94-c10e-4212-ad33-fbb1e95f68e0: addNew group-D1C08505AC92:[2096ab94-c10e-4212-ad33-fbb1e95f68e0:192.168.69.96:36231] returns group-D1C08505AC92:java.util.concurrent.CompletableFuture@4122e31d[Not completed]
2019-07-13 09:16:39,495 INFO  impl.RaftServerImpl (RaftServerImpl.java:<init>(93)) - 2096ab94-c10e-4212-ad33-fbb1e95f68e0: new RaftServerImpl for group-D1C08505AC92:[2096ab94-c10e-4212-ad33-fbb1e95f68e0:192.168.69.96:36231] with ContainerStateMachine:uninitialized
2019-07-13 09:16:39,495 INFO  server.RaftServerConfigKeys (ConfUtils.java:logGet(43)) - raft.server.rpc.timeout.min = 5s (custom)
2019-07-13 09:16:39,496 INFO  server.RaftServerConfigKeys (ConfUtils.java:logGet(43)) - raft.server.rpc.timeout.max = 5200ms (custom)
2019-07-13 09:16:39,496 INFO  server.RaftServerConfigKeys (ConfUtils.java:logGet(43)) - raft.server.rpcslowness.timeout = 120s (custom)
2019-07-13 09:16:39,496 INFO  server.RaftServerConfigKeys (ConfUtils.java:logGet(43)) - raft.server.sleep.deviation.threshold = 300 (default)
2019-07-13 09:16:39,496 INFO  server.RaftServerConfigKeys (ConfUtils.java:logGet(43)) - raft.server.log.appender.install.snapshot.enabled = false (custom)
2019-07-13 09:16:39,496 INFO  impl.RaftServerImpl (ServerState.java:<init>(105)) - 2096ab94-c10e-4212-ad33-fbb1e95f68e0:group-D1C08505AC92 ConfigurationManager, init=-1: [2096ab94-c10e-4212-ad33-fbb1e95f68e0:192.168.69.96:36231], old=null, confs=<EMPTY_MAP>
2019-07-13 09:16:39,496 INFO  server.RaftServerConfigKeys (ConfUtils.java:logGet(43)) - raft.server.storage.dir = [/tmp/workdir/hadoop-ozone/integration-test/target/test-dir/MiniOzoneClusterImpl-eb9fb254-c95f-4215-83bc-e762092ecf51/datanode-2/data/ratis] (custom)
2019-07-13 09:16:39,497 INFO  storage.RaftStorageDirectory (RaftStorageDirectory.java:analyzeStorage(246)) - The storage directory /tmp/workdir/hadoop-ozone/integration-test/target/test-dir/MiniOzoneClusterImpl-eb9fb254-c95f-4215-83bc-e762092ecf51/datanode-2/data/ratis/d7225bcd-708e-46bf-9604-d1c08505ac92 does not exist. Creating ...
2019-07-13 09:16:39,510 INFO  storage.RaftStorageDirectory (RaftStorageDirectory.java:tryLock(328)) - Lock on /tmp/workdir/hadoop-ozone/integration-test/target/test-dir/MiniOzoneClusterImpl-eb9fb254-c95f-4215-83bc-e762092ecf51/datanode-2/data/ratis/d7225bcd-708e-46bf-9604-d1c08505ac92/in_use.lock acquired by nodename 8548@trunk-nightly-hmp62-43275749
2019-07-13 09:16:39,524 INFO  storage.RaftStorage (RaftStorage.java:format(72)) - Storage directory /tmp/workdir/hadoop-ozone/integration-test/target/test-dir/MiniOzoneClusterImpl-eb9fb254-c95f-4215-83bc-e762092ecf51/datanode-2/data/ratis/d7225bcd-708e-46bf-9604-d1c08505ac92 has been successfully formatted.
2019-07-13 09:16:39,524 INFO  ratis.ContainerStateMachine (ContainerStateMachine.java:loadSnapshot(200)) - The snapshot info is null.Setting the last applied index to:(t:0, i:~)
2019-07-13 09:16:39,524 INFO  server.RaftServerConfigKeys (ConfUtils.java:logGet(43)) - raft.server.leader.election.timeout = 120s (custom)
2019-07-13 09:16:39,524 INFO  server.RaftServerConfigKeys (ConfUtils.java:logGet(43)) - raft.server.log.use.memory = false (default)
2019-07-13 09:16:39,525 INFO  server.RaftServerConfigKeys (ConfUtils.java:logGet(43)) - raft.server.log.purge.gap = 1000000000 (custom)
2019-07-13 09:16:39,525 INFO  server.RaftServerConfigKeys (ConfUtils.java:logGet(43)) - raft.server.log.appender.buffer.byte-limit = 33554432 (custom)
2019-07-13 09:16:39,525 INFO  server.RaftServerConfigKeys (ConfUtils.java:logGet(43)) - raft.server.log.segment.size.max = 1048576 (custom)
2019-07-13 09:16:39,525 INFO  server.RaftServerConfigKeys (ConfUtils.java:logGet(43)) - raft.server.log.segment.cache.num.max = 2 (custom)
2019-07-13 09:16:39,525 INFO  segmented.SegmentedRaftLogWorker (SegmentedRaftLogWorker.java:<init>(172)) - new 2096ab94-c10e-4212-ad33-fbb1e95f68e0-SegmentedRaftLogWorker:Storage Directory /tmp/workdir/hadoop-ozone/integration-test/target/test-dir/MiniOzoneClusterImpl-eb9fb254-c95f-4215-83bc-e762092ecf51/datanode-2/data/ratis/d7225bcd-708e-46bf-9604-d1c08505ac92 for RaftStorage:Storage Directory /tmp/workdir/hadoop-ozone/integration-test/target/test-dir/MiniOzoneClusterImpl-eb9fb254-c95f-4215-83bc-e762092ecf51/datanode-2/data/ratis/d7225bcd-708e-46bf-9604-d1c08505ac92
2019-07-13 09:16:39,525 INFO  server.RaftServerConfigKeys (ConfUtils.java:logGet(43)) - raft.server.log.queue.byte-limit = 2147483647 (custom)
2019-07-13 09:16:39,526 INFO  server.RaftServerConfigKeys (ConfUtils.java:logGet(43)) - raft.server.log.queue.element-limit = 1024 (custom)
2019-07-13 09:16:39,526 INFO  server.RaftServerConfigKeys (ConfUtils.java:logGet(43)) - raft.server.log.segment.size.max = 1048576 (custom)
2019-07-13 09:16:39,526 INFO  server.RaftServerConfigKeys (ConfUtils.java:logGet(43)) - raft.server.log.preallocated.size = 16384 (custom)
2019-07-13 09:16:39,526 INFO  server.RaftServerConfigKeys (ConfUtils.java:logGet(43)) - raft.server.log.write.buffer.size = 33554432 (custom)
2019-07-13 09:16:39,526 INFO  server.RaftServerConfigKeys (ConfUtils.java:logGet(43)) - raft.server.log.force.sync.num = 128 (default)
2019-07-13 09:16:39,526 INFO  server.RaftServerConfigKeys (ConfUtils.java:logGet(43)) - raft.server.log.statemachine.data.sync = true (default)
2019-07-13 09:16:39,527 INFO  server.RaftServerConfigKeys (ConfUtils.java:logGet(43)) - raft.server.log.statemachine.data.sync.timeout = 10s (default)
2019-07-13 09:16:39,527 INFO  server.RaftServerConfigKeys (ConfUtils.java:logGet(43)) - raft.server.log.statemachine.data.sync.timeout.retry = -1 (default)
2019-07-13 09:16:39,527 INFO  server.RaftServerConfigKeys (ConfUtils.java:logGet(43)) - raft.server.log.statemachine.data.caching.enabled = true (custom)
2019-07-13 09:16:39,527 INFO  segmented.SegmentedRaftLogWorker (SegmentedRaftLogWorker.java:lambda$new$0(132)) - 2096ab94-c10e-4212-ad33-fbb1e95f68e0-SegmentedRaftLogWorker:Storage Directory /tmp/workdir/hadoop-ozone/integration-test/target/test-dir/MiniOzoneClusterImpl-eb9fb254-c95f-4215-83bc-e762092ecf51/datanode-2/data/ratis/d7225bcd-708e-46bf-9604-d1c08505ac92: flushIndex: setUnconditionally 0 -> -1
2019-07-13 09:16:39,528 INFO  server.RaftServerConfigKeys (ConfUtils.java:logGet(43)) - raft.server.snapshot.auto.trigger.enabled = true (custom)
2019-07-13 09:16:39,528 INFO  server.RaftServerConfigKeys (ConfUtils.java:logGet(43)) - raft.server.snapshot.auto.trigger.threshold = 10000 (custom)
2019-07-13 09:16:39,528 INFO  server.RaftServerConfigKeys (ConfUtils.java:logGet(43)) - raft.server.retrycache.expirytime = 600000ms (custom)
2019-07-13 09:16:39,528 INFO  impl.RaftServerImpl (RaftServerImpl.java:start(180)) - 2096ab94-c10e-4212-ad33-fbb1e95f68e0: start group-D1C08505AC92
2019-07-13 09:16:39,528 INFO  impl.RaftServerImpl (RaftServerImpl.java:setRole(171)) - 2096ab94-c10e-4212-ad33-fbb1e95f68e0:group-D1C08505AC92 changes role from null to FOLLOWER at term 0 for startAsFollower
2019-07-13 09:16:39,528 INFO  impl.RoleInfo (RoleInfo.java:updateAndGet(143)) - 2096ab94-c10e-4212-ad33-fbb1e95f68e0: start FollowerState
2019-07-13 09:16:39,529 INFO  util.JmxRegister (JmxRegister.java:tryRegister(44)) - Successfully registered JMX Bean with object name Ratis:service=RaftServer,group=group-D1C08505AC92,id=2096ab94-c10e-4212-ad33-fbb1e95f68e0
2019-07-13 09:16:39,531 INFO  pipeline.PipelineStateManager (PipelineStateManager.java:addPipeline(56)) - Created pipeline Pipeline[ Id: d7225bcd-708e-46bf-9604-d1c08505ac92, Nodes: 2096ab94-c10e-4212-ad33-fbb1e95f68e0{ip: 192.168.69.96, host: trunk-nightly-hmp62-43275749, networkLocation: /default-rack, certSerialId: null}, Type:RATIS, Factor:ONE, State:OPEN]
2019-07-13 09:16:39,555 INFO  impl.RaftServerProxy (RaftServerProxy.java:addNew(89)) - 5f8d45b4-7e19-4436-96e2-91ecbc2674b2: addNew group-532BB50822D7:[5f8d45b4-7e19-4436-96e2-91ecbc2674b2:192.168.69.96:33025, 2096ab94-c10e-4212-ad33-fbb1e95f68e0:192.168.69.96:36231, 6559c360-20de-4236-9585-ab0e4b55fe93:192.168.69.96:34517] returns group-532BB50822D7:java.util.concurrent.CompletableFuture@8941c0a[Not completed]
2019-07-13 09:16:39,555 INFO  impl.RaftServerProxy (RaftServerProxy.java:addNew(89)) - 6559c360-20de-4236-9585-ab0e4b55fe93: addNew group-532BB50822D7:[5f8d45b4-7e19-4436-96e2-91ecbc2674b2:192.168.69.96:33025, 2096ab94-c10e-4212-ad33-fbb1e95f68e0:192.168.69.96:36231, 6559c360-20de-4236-9585-ab0e4b55fe93:192.168.69.96:34517] returns group-532BB50822D7:java.util.concurrent.CompletableFuture@193e129b[Not completed]
2019-07-13 09:16:39,555 INFO  impl.RaftServerProxy (RaftServerProxy.java:addNew(89)) - 2096ab94-c10e-4212-ad33-fbb1e95f68e0: addNew group-532BB50822D7:[5f8d45b4-7e19-4436-96e2-91ecbc2674b2:192.168.69.96:33025, 2096ab94-c10e-4212-ad33-fbb1e95f68e0:192.168.69.96:36231, 6559c360-20de-4236-9585-ab0e4b55fe93:192.168.69.96:34517] returns group-532BB50822D7:java.util.concurrent.CompletableFuture@60d7c388[Not completed]
2019-07-13 09:16:39,556 INFO  impl.RaftServerImpl (RaftServerImpl.java:<init>(93)) - 5f8d45b4-7e19-4436-96e2-91ecbc2674b2: new RaftServerImpl for group-532BB50822D7:[5f8d45b4-7e19-4436-96e2-91ecbc2674b2:192.168.69.96:33025, 2096ab94-c10e-4212-ad33-fbb1e95f68e0:192.168.69.96:36231, 6559c360-20de-4236-9585-ab0e4b55fe93:192.168.69.96:34517] with ContainerStateMachine:uninitialized
2019-07-13 09:16:39,556 INFO  server.RaftServerConfigKeys (ConfUtils.java:logGet(43)) - raft.server.rpc.timeout.min = 5s (custom)
2019-07-13 09:16:39,556 INFO  server.RaftServerConfigKeys (ConfUtils.java:logGet(43)) - raft.server.rpc.timeout.max = 5200ms (custom)
2019-07-13 09:16:39,556 INFO  server.RaftServerConfigKeys (ConfUtils.java:logGet(43)) - raft.server.rpcslowness.timeout = 120s (custom)
2019-07-13 09:16:39,556 INFO  server.RaftServerConfigKeys (ConfUtils.java:logGet(43)) - raft.server.sleep.deviation.threshold = 300 (default)
2019-07-13 09:16:39,556 INFO  server.RaftServerConfigKeys (ConfUtils.java:logGet(43)) - raft.server.log.appender.install.snapshot.enabled = false (custom)
2019-07-13 09:16:39,556 INFO  impl.RaftServerImpl (RaftServerImpl.java:<init>(93)) - 6559c360-20de-4236-9585-ab0e4b55fe93: new RaftServerImpl for group-532BB50822D7:[5f8d45b4-7e19-4436-96e2-91ecbc2674b2:192.168.69.96:33025, 2096ab94-c10e-4212-ad33-fbb1e95f68e0:192.168.69.96:36231, 6559c360-20de-4236-9585-ab0e4b55fe93:192.168.69.96:34517] with ContainerStateMachine:uninitialized
2019-07-13 09:16:39,556 INFO  impl.RaftServerImpl (ServerState.java:<init>(105)) - 5f8d45b4-7e19-4436-96e2-91ecbc2674b2:group-532BB50822D7 ConfigurationManager, init=-1: [5f8d45b4-7e19-4436-96e2-91ecbc2674b2:192.168.69.96:33025, 2096ab94-c10e-4212-ad33-fbb1e95f68e0:192.168.69.96:36231, 6559c360-20de-4236-9585-ab0e4b55fe93:192.168.69.96:34517], old=null, confs=<EMPTY_MAP>
2019-07-13 09:16:39,557 INFO  server.RaftServerConfigKeys (ConfUtils.java:logGet(43)) - raft.server.rpc.timeout.min = 5s (custom)
2019-07-13 09:16:39,557 INFO  server.RaftServerConfigKeys (ConfUtils.java:logGet(43)) - raft.server.storage.dir = [/tmp/workdir/hadoop-ozone/integration-test/target/test-dir/MiniOzoneClusterImpl-eb9fb254-c95f-4215-83bc-e762092ecf51/datanode-0/data/ratis] (custom)
2019-07-13 09:16:39,557 INFO  server.RaftServerConfigKeys (ConfUtils.java:logGet(43)) - raft.server.rpc.timeout.max = 5200ms (custom)
2019-07-13 09:16:39,557 INFO  impl.RaftServerImpl (RaftServerImpl.java:<init>(93)) - 2096ab94-c10e-4212-ad33-fbb1e95f68e0: new RaftServerImpl for group-532BB50822D7:[5f8d45b4-7e19-4436-96e2-91ecbc2674b2:192.168.69.96:33025, 2096ab94-c10e-4212-ad33-fbb1e95f68e0:192.168.69.96:36231, 6559c360-20de-4236-9585-ab0e4b55fe93:192.168.69.96:34517] with ContainerStateMachine:uninitialized
2019-07-13 09:16:39,557 INFO  storage.RaftStorageDirectory (RaftStorageDirectory.java:analyzeStorage(246)) - The storage directory /tmp/workdir/hadoop-ozone/integration-test/target/test-dir/MiniOzoneClusterImpl-eb9fb254-c95f-4215-83bc-e762092ecf51/datanode-0/data/ratis/3e1734b0-2f3f-4384-98d5-532bb50822d7 does not exist. Creating ...
2019-07-13 09:16:39,557 INFO  server.RaftServerConfigKeys (ConfUtils.java:logGet(43)) - raft.server.rpcslowness.timeout = 120s (custom)
2019-07-13 09:16:39,557 INFO  server.RaftServerConfigKeys (ConfUtils.java:logGet(43)) - raft.server.rpc.timeout.min = 5s (custom)
2019-07-13 09:16:39,558 INFO  server.RaftServerConfigKeys (ConfUtils.java:logGet(43)) - raft.server.sleep.deviation.threshold = 300 (default)
2019-07-13 09:16:39,558 INFO  server.RaftServerConfigKeys (ConfUtils.java:logGet(43)) - raft.server.rpc.timeout.max = 5200ms (custom)
2019-07-13 09:16:39,558 INFO  server.RaftServerConfigKeys (ConfUtils.java:logGet(43)) - raft.server.log.appender.install.snapshot.enabled = false (custom)
2019-07-13 09:16:39,558 INFO  server.RaftServerConfigKeys (ConfUtils.java:logGet(43)) - raft.server.rpcslowness.timeout = 120s (custom)
2019-07-13 09:16:39,558 INFO  impl.RaftServerImpl (ServerState.java:<init>(105)) - 6559c360-20de-4236-9585-ab0e4b55fe93:group-532BB50822D7 ConfigurationManager, init=-1: [5f8d45b4-7e19-4436-96e2-91ecbc2674b2:192.168.69.96:33025, 2096ab94-c10e-4212-ad33-fbb1e95f68e0:192.168.69.96:36231, 6559c360-20de-4236-9585-ab0e4b55fe93:192.168.69.96:34517], old=null, confs=<EMPTY_MAP>
2019-07-13 09:16:39,558 INFO  server.RaftServerConfigKeys (ConfUtils.java:logGet(43)) - raft.server.sleep.deviation.threshold = 300 (default)
2019-07-13 09:16:39,558 INFO  server.RaftServerConfigKeys (ConfUtils.java:logGet(43)) - raft.server.storage.dir = [/tmp/workdir/hadoop-ozone/integration-test/target/test-dir/MiniOzoneClusterImpl-eb9fb254-c95f-4215-83bc-e762092ecf51/datanode-1/data/ratis] (custom)
2019-07-13 09:16:39,559 INFO  server.RaftServerConfigKeys (ConfUtils.java:logGet(43)) - raft.server.log.appender.install.snapshot.enabled = false (custom)
2019-07-13 09:16:39,559 INFO  impl.RaftServerImpl (ServerState.java:<init>(105)) - 2096ab94-c10e-4212-ad33-fbb1e95f68e0:group-532BB50822D7 ConfigurationManager, init=-1: [5f8d45b4-7e19-4436-96e2-91ecbc2674b2:192.168.69.96:33025, 2096ab94-c10e-4212-ad33-fbb1e95f68e0:192.168.69.96:36231, 6559c360-20de-4236-9585-ab0e4b55fe93:192.168.69.96:34517], old=null, confs=<EMPTY_MAP>
2019-07-13 09:16:39,559 INFO  storage.RaftStorageDirectory (RaftStorageDirectory.java:analyzeStorage(246)) - The storage directory /tmp/workdir/hadoop-ozone/integration-test/target/test-dir/MiniOzoneClusterImpl-eb9fb254-c95f-4215-83bc-e762092ecf51/datanode-1/data/ratis/3e1734b0-2f3f-4384-98d5-532bb50822d7 does not exist. Creating ...
2019-07-13 09:16:39,559 INFO  server.RaftServerConfigKeys (ConfUtils.java:logGet(43)) - raft.server.storage.dir = [/tmp/workdir/hadoop-ozone/integration-test/target/test-dir/MiniOzoneClusterImpl-eb9fb254-c95f-4215-83bc-e762092ecf51/datanode-2/data/ratis] (custom)
2019-07-13 09:16:39,560 INFO  storage.RaftStorageDirectory (RaftStorageDirectory.java:analyzeStorage(246)) - The storage directory /tmp/workdir/hadoop-ozone/integration-test/target/test-dir/MiniOzoneClusterImpl-eb9fb254-c95f-4215-83bc-e762092ecf51/datanode-2/data/ratis/3e1734b0-2f3f-4384-98d5-532bb50822d7 does not exist. Creating ...
2019-07-13 09:16:39,571 INFO  storage.RaftStorageDirectory (RaftStorageDirectory.java:tryLock(328)) - Lock on /tmp/workdir/hadoop-ozone/integration-test/target/test-dir/MiniOzoneClusterImpl-eb9fb254-c95f-4215-83bc-e762092ecf51/datanode-1/data/ratis/3e1734b0-2f3f-4384-98d5-532bb50822d7/in_use.lock acquired by nodename 8548@trunk-nightly-hmp62-43275749
2019-07-13 09:16:39,571 INFO  storage.RaftStorageDirectory (RaftStorageDirectory.java:tryLock(328)) - Lock on /tmp/workdir/hadoop-ozone/integration-test/target/test-dir/MiniOzoneClusterImpl-eb9fb254-c95f-4215-83bc-e762092ecf51/datanode-2/data/ratis/3e1734b0-2f3f-4384-98d5-532bb50822d7/in_use.lock acquired by nodename 8548@trunk-nightly-hmp62-43275749
2019-07-13 09:16:39,571 INFO  storage.RaftStorageDirectory (RaftStorageDirectory.java:tryLock(328)) - Lock on /tmp/workdir/hadoop-ozone/integration-test/target/test-dir/MiniOzoneClusterImpl-eb9fb254-c95f-4215-83bc-e762092ecf51/datanode-0/data/ratis/3e1734b0-2f3f-4384-98d5-532bb50822d7/in_use.lock acquired by nodename 8548@trunk-nightly-hmp62-43275749
2019-07-13 09:16:39,586 INFO  storage.RaftStorage (RaftStorage.java:format(72)) - Storage directory /tmp/workdir/hadoop-ozone/integration-test/target/test-dir/MiniOzoneClusterImpl-eb9fb254-c95f-4215-83bc-e762092ecf51/datanode-1/data/ratis/3e1734b0-2f3f-4384-98d5-532bb50822d7 has been successfully formatted.
2019-07-13 09:16:39,586 INFO  storage.RaftStorage (RaftStorage.java:format(72)) - Storage directory /tmp/workdir/hadoop-ozone/integration-test/target/test-dir/MiniOzoneClusterImpl-eb9fb254-c95f-4215-83bc-e762092ecf51/datanode-2/data/ratis/3e1734b0-2f3f-4384-98d5-532bb50822d7 has been successfully formatted.
2019-07-13 09:16:39,586 INFO  storage.RaftStorage (RaftStorage.java:format(72)) - Storage directory /tmp/workdir/hadoop-ozone/integration-test/target/test-dir/MiniOzoneClusterImpl-eb9fb254-c95f-4215-83bc-e762092ecf51/datanode-0/data/ratis/3e1734b0-2f3f-4384-98d5-532bb50822d7 has been successfully formatted.
2019-07-13 09:16:39,586 INFO  ratis.ContainerStateMachine (ContainerStateMachine.java:loadSnapshot(200)) - The snapshot info is null.Setting the last applied index to:(t:0, i:~)
2019-07-13 09:16:39,586 INFO  ratis.ContainerStateMachine (ContainerStateMachine.java:loadSnapshot(200)) - The snapshot info is null.Setting the last applied index to:(t:0, i:~)
2019-07-13 09:16:39,587 INFO  server.RaftServerConfigKeys (ConfUtils.java:logGet(43)) - raft.server.leader.election.timeout = 120s (custom)
2019-07-13 09:16:39,587 INFO  ratis.ContainerStateMachine (ContainerStateMachine.java:loadSnapshot(200)) - The snapshot info is null.Setting the last applied index to:(t:0, i:~)
2019-07-13 09:16:39,587 INFO  server.RaftServerConfigKeys (ConfUtils.java:logGet(43)) - raft.server.log.use.memory = false (default)
2019-07-13 09:16:39,587 INFO  server.RaftServerConfigKeys (ConfUtils.java:logGet(43)) - raft.server.leader.election.timeout = 120s (custom)
2019-07-13 09:16:39,587 INFO  server.RaftServerConfigKeys (ConfUtils.java:logGet(43)) - raft.server.log.purge.gap = 1000000000 (custom)
2019-07-13 09:16:39,587 INFO  server.RaftServerConfigKeys (ConfUtils.java:logGet(43)) - raft.server.leader.election.timeout = 120s (custom)
2019-07-13 09:16:39,588 INFO  server.RaftServerConfigKeys (ConfUtils.java:logGet(43)) - raft.server.log.appender.buffer.byte-limit = 33554432 (custom)
2019-07-13 09:16:39,588 INFO  server.RaftServerConfigKeys (ConfUtils.java:logGet(43)) - raft.server.log.use.memory = false (default)
2019-07-13 09:16:39,588 INFO  server.RaftServerConfigKeys (ConfUtils.java:logGet(43)) - raft.server.log.segment.size.max = 1048576 (custom)
2019-07-13 09:16:39,588 INFO  server.RaftServerConfigKeys (ConfUtils.java:logGet(43)) - raft.server.log.use.memory = false (default)
2019-07-13 09:16:39,588 INFO  server.RaftServerConfigKeys (ConfUtils.java:logGet(43)) - raft.server.log.segment.cache.num.max = 2 (custom)
2019-07-13 09:16:39,588 INFO  server.RaftServerConfigKeys (ConfUtils.java:logGet(43)) - raft.server.log.purge.gap = 1000000000 (custom)
2019-07-13 09:16:39,589 INFO  segmented.SegmentedRaftLogWorker (SegmentedRaftLogWorker.java:<init>(172)) - new 2096ab94-c10e-4212-ad33-fbb1e95f68e0-SegmentedRaftLogWorker:Storage Directory /tmp/workdir/hadoop-ozone/integration-test/target/test-dir/MiniOzoneClusterImpl-eb9fb254-c95f-4215-83bc-e762092ecf51/datanode-2/data/ratis/3e1734b0-2f3f-4384-98d5-532bb50822d7 for RaftStorage:Storage Directory /tmp/workdir/hadoop-ozone/integration-test/target/test-dir/MiniOzoneClusterImpl-eb9fb254-c95f-4215-83bc-e762092ecf51/datanode-2/data/ratis/3e1734b0-2f3f-4384-98d5-532bb50822d7
2019-07-13 09:16:39,589 INFO  server.RaftServerConfigKeys (ConfUtils.java:logGet(43)) - raft.server.log.purge.gap = 1000000000 (custom)
2019-07-13 09:16:39,589 INFO  server.RaftServerConfigKeys (ConfUtils.java:logGet(43)) - raft.server.log.queue.byte-limit = 2147483647 (custom)
2019-07-13 09:16:39,589 INFO  server.RaftServerConfigKeys (ConfUtils.java:logGet(43)) - raft.server.log.appender.buffer.byte-limit = 33554432 (custom)
2019-07-13 09:16:39,589 INFO  server.RaftServerConfigKeys (ConfUtils.java:logGet(43)) - raft.server.log.queue.element-limit = 1024 (custom)
2019-07-13 09:16:39,589 INFO  server.RaftServerConfigKeys (ConfUtils.java:logGet(43)) - raft.server.log.appender.buffer.byte-limit = 33554432 (custom)
2019-07-13 09:16:39,590 INFO  server.RaftServerConfigKeys (ConfUtils.java:logGet(43)) - raft.server.log.segment.size.max = 1048576 (custom)
2019-07-13 09:16:39,590 INFO  server.RaftServerConfigKeys (ConfUtils.java:logGet(43)) - raft.server.log.segment.size.max = 1048576 (custom)
2019-07-13 09:16:39,590 INFO  server.RaftServerConfigKeys (ConfUtils.java:logGet(43)) - raft.server.log.preallocated.size = 16384 (custom)
2019-07-13 09:16:39,590 INFO  server.RaftServerConfigKeys (ConfUtils.java:logGet(43)) - raft.server.log.segment.size.max = 1048576 (custom)
2019-07-13 09:16:39,590 INFO  server.RaftServerConfigKeys (ConfUtils.java:logGet(43)) - raft.server.log.write.buffer.size = 33554432 (custom)
2019-07-13 09:16:39,591 INFO  server.RaftServerConfigKeys (ConfUtils.java:logGet(43)) - raft.server.log.force.sync.num = 128 (default)
2019-07-13 09:16:39,590 INFO  server.RaftServerConfigKeys (ConfUtils.java:logGet(43)) - raft.server.log.segment.cache.num.max = 2 (custom)
2019-07-13 09:16:39,591 INFO  server.RaftServerConfigKeys (ConfUtils.java:logGet(43)) - raft.server.log.statemachine.data.sync = true (default)
2019-07-13 09:16:39,591 INFO  server.RaftServerConfigKeys (ConfUtils.java:logGet(43)) - raft.server.log.statemachine.data.sync.timeout = 10s (default)
2019-07-13 09:16:39,591 INFO  server.RaftServerConfigKeys (ConfUtils.java:logGet(43)) - raft.server.log.segment.cache.num.max = 2 (custom)
2019-07-13 09:16:39,591 INFO  server.RaftServerConfigKeys (ConfUtils.java:logGet(43)) - raft.server.log.statemachine.data.sync.timeout.retry = -1 (default)
2019-07-13 09:16:39,591 INFO  segmented.SegmentedRaftLogWorker (SegmentedRaftLogWorker.java:<init>(172)) - new 6559c360-20de-4236-9585-ab0e4b55fe93-SegmentedRaftLogWorker:Storage Directory /tmp/workdir/hadoop-ozone/integration-test/target/test-dir/MiniOzoneClusterImpl-eb9fb254-c95f-4215-83bc-e762092ecf51/datanode-1/data/ratis/3e1734b0-2f3f-4384-98d5-532bb50822d7 for RaftStorage:Storage Directory /tmp/workdir/hadoop-ozone/integration-test/target/test-dir/MiniOzoneClusterImpl-eb9fb254-c95f-4215-83bc-e762092ecf51/datanode-1/data/ratis/3e1734b0-2f3f-4384-98d5-532bb50822d7
2019-07-13 09:16:39,592 INFO  server.RaftServerConfigKeys (ConfUtils.java:logGet(43)) - raft.server.log.statemachine.data.caching.enabled = true (custom)
2019-07-13 09:16:39,592 INFO  segmented.SegmentedRaftLogWorker (SegmentedRaftLogWorker.java:<init>(172)) - new 5f8d45b4-7e19-4436-96e2-91ecbc2674b2-SegmentedRaftLogWorker:Storage Directory /tmp/workdir/hadoop-ozone/integration-test/target/test-dir/MiniOzoneClusterImpl-eb9fb254-c95f-4215-83bc-e762092ecf51/datanode-0/data/ratis/3e1734b0-2f3f-4384-98d5-532bb50822d7 for RaftStorage:Storage Directory /tmp/workdir/hadoop-ozone/integration-test/target/test-dir/MiniOzoneClusterImpl-eb9fb254-c95f-4215-83bc-e762092ecf51/datanode-0/data/ratis/3e1734b0-2f3f-4384-98d5-532bb50822d7
2019-07-13 09:16:39,592 INFO  server.RaftServerConfigKeys (ConfUtils.java:logGet(43)) - raft.server.log.queue.byte-limit = 2147483647 (custom)
2019-07-13 09:16:39,592 INFO  segmented.SegmentedRaftLogWorker (SegmentedRaftLogWorker.java:lambda$new$0(132)) - 2096ab94-c10e-4212-ad33-fbb1e95f68e0-SegmentedRaftLogWorker:Storage Directory /tmp/workdir/hadoop-ozone/integration-test/target/test-dir/MiniOzoneClusterImpl-eb9fb254-c95f-4215-83bc-e762092ecf51/datanode-2/data/ratis/3e1734b0-2f3f-4384-98d5-532bb50822d7: flushIndex: setUnconditionally 0 -> -1
2019-07-13 09:16:39,592 INFO  server.RaftServerConfigKeys (ConfUtils.java:logGet(43)) - raft.server.log.queue.byte-limit = 2147483647 (custom)
2019-07-13 09:16:39,593 INFO  server.RaftServerConfigKeys (ConfUtils.java:logGet(43)) - raft.server.log.queue.element-limit = 1024 (custom)
2019-07-13 09:16:39,592 INFO  server.RaftServerConfigKeys (ConfUtils.java:logGet(43)) - raft.server.log.queue.element-limit = 1024 (custom)
2019-07-13 09:16:39,593 INFO  server.RaftServerConfigKeys (ConfUtils.java:logGet(43)) - raft.server.log.segment.size.max = 1048576 (custom)
2019-07-13 09:16:39,593 INFO  server.RaftServerConfigKeys (ConfUtils.java:logGet(43)) - raft.server.snapshot.auto.trigger.enabled = true (custom)
2019-07-13 09:16:39,593 INFO  server.RaftServerConfigKeys (ConfUtils.java:logGet(43)) - raft.server.log.preallocated.size = 16384 (custom)
2019-07-13 09:16:39,594 INFO  server.RaftServerConfigKeys (ConfUtils.java:logGet(43)) - raft.server.log.write.buffer.size = 33554432 (custom)
2019-07-13 09:16:39,593 INFO  server.RaftServerConfigKeys (ConfUtils.java:logGet(43)) - raft.server.log.segment.size.max = 1048576 (custom)
2019-07-13 09:16:39,594 INFO  server.RaftServerConfigKeys (ConfUtils.java:logGet(43)) - raft.server.log.force.sync.num = 128 (default)
2019-07-13 09:16:39,593 INFO  server.RaftServerConfigKeys (ConfUtils.java:logGet(43)) - raft.server.snapshot.auto.trigger.threshold = 10000 (custom)
2019-07-13 09:16:39,594 INFO  server.RaftServerConfigKeys (ConfUtils.java:logGet(43)) - raft.server.log.statemachine.data.sync = true (default)
2019-07-13 09:16:39,594 INFO  server.RaftServerConfigKeys (ConfUtils.java:logGet(43)) - raft.server.log.statemachine.data.sync.timeout = 10s (default)
2019-07-13 09:16:39,594 INFO  server.RaftServerConfigKeys (ConfUtils.java:logGet(43)) - raft.server.log.preallocated.size = 16384 (custom)
2019-07-13 09:16:39,595 INFO  server.RaftServerConfigKeys (ConfUtils.java:logGet(43)) - raft.server.log.statemachine.data.sync.timeout.retry = -1 (default)
2019-07-13 09:16:39,594 INFO  server.RaftServerConfigKeys (ConfUtils.java:logGet(43)) - raft.server.retrycache.expirytime = 600000ms (custom)
2019-07-13 09:16:39,595 INFO  server.RaftServerConfigKeys (ConfUtils.java:logGet(43)) - raft.server.log.statemachine.data.caching.enabled = true (custom)
2019-07-13 09:16:39,595 INFO  server.RaftServerConfigKeys (ConfUtils.java:logGet(43)) - raft.server.log.write.buffer.size = 33554432 (custom)
2019-07-13 09:16:39,595 INFO  segmented.SegmentedRaftLogWorker (SegmentedRaftLogWorker.java:lambda$new$0(132)) - 5f8d45b4-7e19-4436-96e2-91ecbc2674b2-SegmentedRaftLogWorker:Storage Directory /tmp/workdir/hadoop-ozone/integration-test/target/test-dir/MiniOzoneClusterImpl-eb9fb254-c95f-4215-83bc-e762092ecf51/datanode-0/data/ratis/3e1734b0-2f3f-4384-98d5-532bb50822d7: flushIndex: setUnconditionally 0 -> -1
2019-07-13 09:16:39,595 INFO  impl.RaftServerImpl (RaftServerImpl.java:start(180)) - 2096ab94-c10e-4212-ad33-fbb1e95f68e0: start group-532BB50822D7
2019-07-13 09:16:39,596 INFO  impl.RaftServerImpl (RaftServerImpl.java:setRole(171)) - 2096ab94-c10e-4212-ad33-fbb1e95f68e0:group-532BB50822D7 changes role from null to FOLLOWER at term 0 for startAsFollower
2019-07-13 09:16:39,595 INFO  server.RaftServerConfigKeys (ConfUtils.java:logGet(43)) - raft.server.log.force.sync.num = 128 (default)
2019-07-13 09:16:39,596 INFO  impl.RoleInfo (RoleInfo.java:updateAndGet(143)) - 2096ab94-c10e-4212-ad33-fbb1e95f68e0: start FollowerState
2019-07-13 09:16:39,596 INFO  server.RaftServerConfigKeys (ConfUtils.java:logGet(43)) - raft.server.snapshot.auto.trigger.enabled = true (custom)
2019-07-13 09:16:39,596 INFO  server.RaftServerConfigKeys (ConfUtils.java:logGet(43)) - raft.server.log.statemachine.data.sync = true (default)
2019-07-13 09:16:39,596 INFO  server.RaftServerConfigKeys (ConfUtils.java:logGet(43)) - raft.server.snapshot.auto.trigger.threshold = 10000 (custom)
2019-07-13 09:16:39,607 INFO  server.RaftServerConfigKeys (ConfUtils.java:logGet(43)) - raft.server.log.statemachine.data.sync.timeout = 10s (default)
2019-07-13 09:16:39,608 INFO  server.RaftServerConfigKeys (ConfUtils.java:logGet(43)) - raft.server.log.statemachine.data.sync.timeout.retry = -1 (default)
2019-07-13 09:16:39,607 INFO  util.JmxRegister (JmxRegister.java:tryRegister(44)) - Successfully registered JMX Bean with object name Ratis:service=RaftServer,group=group-532BB50822D7,id=2096ab94-c10e-4212-ad33-fbb1e95f68e0
2019-07-13 09:16:39,608 INFO  server.RaftServerConfigKeys (ConfUtils.java:logGet(43)) - raft.server.log.statemachine.data.caching.enabled = true (custom)
2019-07-13 09:16:39,608 INFO  server.RaftServerConfigKeys (ConfUtils.java:logGet(43)) - raft.server.retrycache.expirytime = 600000ms (custom)
2019-07-13 09:16:39,608 INFO  segmented.SegmentedRaftLogWorker (SegmentedRaftLogWorker.java:lambda$new$0(132)) - 6559c360-20de-4236-9585-ab0e4b55fe93-SegmentedRaftLogWorker:Storage Directory /tmp/workdir/hadoop-ozone/integration-test/target/test-dir/MiniOzoneClusterImpl-eb9fb254-c95f-4215-83bc-e762092ecf51/datanode-1/data/ratis/3e1734b0-2f3f-4384-98d5-532bb50822d7: flushIndex: setUnconditionally 0 -> -1
2019-07-13 09:16:39,617 INFO  impl.RaftServerImpl (RaftServerImpl.java:start(180)) - 5f8d45b4-7e19-4436-96e2-91ecbc2674b2: start group-532BB50822D7
2019-07-13 09:16:39,617 INFO  impl.RaftServerImpl (RaftServerImpl.java:setRole(171)) - 5f8d45b4-7e19-4436-96e2-91ecbc2674b2:group-532BB50822D7 changes role from null to FOLLOWER at term 0 for startAsFollower
2019-07-13 09:16:39,617 INFO  server.RaftServerConfigKeys (ConfUtils.java:logGet(43)) - raft.server.snapshot.auto.trigger.enabled = true (custom)
2019-07-13 09:16:39,617 INFO  impl.RoleInfo (RoleInfo.java:updateAndGet(143)) - 5f8d45b4-7e19-4436-96e2-91ecbc2674b2: start FollowerState
2019-07-13 09:16:39,617 INFO  server.RaftServerConfigKeys (ConfUtils.java:logGet(43)) - raft.server.snapshot.auto.trigger.threshold = 10000 (custom)
2019-07-13 09:16:39,618 INFO  server.RaftServerConfigKeys (ConfUtils.java:logGet(43)) - raft.server.retrycache.expirytime = 600000ms (custom)
2019-07-13 09:16:39,618 INFO  util.JmxRegister (JmxRegister.java:tryRegister(44)) - Successfully registered JMX Bean with object name Ratis:service=RaftServer,group=group-532BB50822D7,id=5f8d45b4-7e19-4436-96e2-91ecbc2674b2
2019-07-13 09:16:39,618 INFO  impl.RaftServerImpl (RaftServerImpl.java:start(180)) - 6559c360-20de-4236-9585-ab0e4b55fe93: start group-532BB50822D7
2019-07-13 09:16:39,618 INFO  impl.RaftServerImpl (RaftServerImpl.java:setRole(171)) - 6559c360-20de-4236-9585-ab0e4b55fe93:group-532BB50822D7 changes role from null to FOLLOWER at term 0 for startAsFollower
2019-07-13 09:16:39,618 INFO  impl.RoleInfo (RoleInfo.java:updateAndGet(143)) - 6559c360-20de-4236-9585-ab0e4b55fe93: start FollowerState
2019-07-13 09:16:39,619 INFO  util.JmxRegister (JmxRegister.java:tryRegister(44)) - Successfully registered JMX Bean with object name Ratis:service=RaftServer,group=group-532BB50822D7,id=6559c360-20de-4236-9585-ab0e4b55fe93
2019-07-13 09:16:39,621 INFO  pipeline.PipelineStateManager (PipelineStateManager.java:addPipeline(56)) - Created pipeline Pipeline[ Id: 3e1734b0-2f3f-4384-98d5-532bb50822d7, Nodes: 2096ab94-c10e-4212-ad33-fbb1e95f68e0{ip: 192.168.69.96, host: trunk-nightly-hmp62-43275749, networkLocation: /default-rack, certSerialId: null}5f8d45b4-7e19-4436-96e2-91ecbc2674b2{ip: 192.168.69.96, host: trunk-nightly-hmp62-43275749, networkLocation: /default-rack, certSerialId: null}6559c360-20de-4236-9585-ab0e4b55fe93{ip: 192.168.69.96, host: trunk-nightly-hmp62-43275749, networkLocation: /default-rack, certSerialId: null}, Type:RATIS, Factor:THREE, State:OPEN]
2019-07-13 09:16:39,681 INFO  node.SCMNodeManager (SCMNodeManager.java:register(269)) - Registered Data node : dc98be44-39a7-44a3-a001-d81f6637fe10{ip: 192.168.69.96, host: trunk-nightly-hmp62-43275749, networkLocation: /default-rack, certSerialId: null}
2019-07-13 09:16:39,689 INFO  impl.RaftServerProxy (RaftServerProxy.java:addNew(89)) - dc98be44-39a7-44a3-a001-d81f6637fe10: addNew group-1730585E4304:[dc98be44-39a7-44a3-a001-d81f6637fe10:192.168.69.96:33463] returns group-1730585E4304:java.util.concurrent.CompletableFuture@76adfc99[Not completed]
2019-07-13 09:16:39,690 INFO  impl.RaftServerImpl (RaftServerImpl.java:<init>(93)) - dc98be44-39a7-44a3-a001-d81f6637fe10: new RaftServerImpl for group-1730585E4304:[dc98be44-39a7-44a3-a001-d81f6637fe10:192.168.69.96:33463] with ContainerStateMachine:uninitialized
2019-07-13 09:16:39,690 INFO  server.RaftServerConfigKeys (ConfUtils.java:logGet(43)) - raft.server.rpc.timeout.min = 5s (custom)
2019-07-13 09:16:39,690 INFO  server.RaftServerConfigKeys (ConfUtils.java:logGet(43)) - raft.server.rpc.timeout.max = 5200ms (custom)
2019-07-13 09:16:39,690 INFO  server.RaftServerConfigKeys (ConfUtils.java:logGet(43)) - raft.server.rpcslowness.timeout = 120s (custom)
2019-07-13 09:16:39,690 INFO  server.RaftServerConfigKeys (ConfUtils.java:logGet(43)) - raft.server.sleep.deviation.threshold = 300 (default)
2019-07-13 09:16:39,690 INFO  server.RaftServerConfigKeys (ConfUtils.java:logGet(43)) - raft.server.log.appender.install.snapshot.enabled = false (custom)
2019-07-13 09:16:39,691 INFO  impl.RaftServerImpl (ServerState.java:<init>(105)) - dc98be44-39a7-44a3-a001-d81f6637fe10:group-1730585E4304 ConfigurationManager, init=-1: [dc98be44-39a7-44a3-a001-d81f6637fe10:192.168.69.96:33463], old=null, confs=<EMPTY_MAP>
2019-07-13 09:16:39,691 INFO  server.RaftServerConfigKeys (ConfUtils.java:logGet(43)) - raft.server.storage.dir = [/tmp/workdir/hadoop-ozone/integration-test/target/test-dir/MiniOzoneClusterImpl-eb9fb254-c95f-4215-83bc-e762092ecf51/datanode-3/data/ratis] (custom)
2019-07-13 09:16:39,691 INFO  storage.RaftStorageDirectory (RaftStorageDirectory.java:analyzeStorage(246)) - The storage directory /tmp/workdir/hadoop-ozone/integration-test/target/test-dir/MiniOzoneClusterImpl-eb9fb254-c95f-4215-83bc-e762092ecf51/datanode-3/data/ratis/b1cca1f9-7efe-471e-a948-1730585e4304 does not exist. Creating ...
2019-07-13 09:16:39,704 INFO  storage.RaftStorageDirectory (RaftStorageDirectory.java:tryLock(328)) - Lock on /tmp/workdir/hadoop-ozone/integration-test/target/test-dir/MiniOzoneClusterImpl-eb9fb254-c95f-4215-83bc-e762092ecf51/datanode-3/data/ratis/b1cca1f9-7efe-471e-a948-1730585e4304/in_use.lock acquired by nodename 8548@trunk-nightly-hmp62-43275749
2019-07-13 09:16:39,717 INFO  storage.RaftStorage (RaftStorage.java:format(72)) - Storage directory /tmp/workdir/hadoop-ozone/integration-test/target/test-dir/MiniOzoneClusterImpl-eb9fb254-c95f-4215-83bc-e762092ecf51/datanode-3/data/ratis/b1cca1f9-7efe-471e-a948-1730585e4304 has been successfully formatted.
2019-07-13 09:16:39,718 INFO  ratis.ContainerStateMachine (ContainerStateMachine.java:loadSnapshot(200)) - The snapshot info is null.Setting the last applied index to:(t:0, i:~)
2019-07-13 09:16:39,718 INFO  server.RaftServerConfigKeys (ConfUtils.java:logGet(43)) - raft.server.leader.election.timeout = 120s (custom)
2019-07-13 09:16:39,718 INFO  server.RaftServerConfigKeys (ConfUtils.java:logGet(43)) - raft.server.log.use.memory = false (default)
2019-07-13 09:16:39,718 INFO  server.RaftServerConfigKeys (ConfUtils.java:logGet(43)) - raft.server.log.purge.gap = 1000000000 (custom)
2019-07-13 09:16:39,718 INFO  server.RaftServerConfigKeys (ConfUtils.java:logGet(43)) - raft.server.log.appender.buffer.byte-limit = 33554432 (custom)
2019-07-13 09:16:39,718 INFO  server.RaftServerConfigKeys (ConfUtils.java:logGet(43)) - raft.server.log.segment.size.max = 1048576 (custom)
2019-07-13 09:16:39,719 INFO  server.RaftServerConfigKeys (ConfUtils.java:logGet(43)) - raft.server.log.segment.cache.num.max = 2 (custom)
2019-07-13 09:16:39,719 INFO  segmented.SegmentedRaftLogWorker (SegmentedRaftLogWorker.java:<init>(172)) - new dc98be44-39a7-44a3-a001-d81f6637fe10-SegmentedRaftLogWorker:Storage Directory /tmp/workdir/hadoop-ozone/integration-test/target/test-dir/MiniOzoneClusterImpl-eb9fb254-c95f-4215-83bc-e762092ecf51/datanode-3/data/ratis/b1cca1f9-7efe-471e-a948-1730585e4304 for RaftStorage:Storage Directory /tmp/workdir/hadoop-ozone/integration-test/target/test-dir/MiniOzoneClusterImpl-eb9fb254-c95f-4215-83bc-e762092ecf51/datanode-3/data/ratis/b1cca1f9-7efe-471e-a948-1730585e4304
2019-07-13 09:16:39,719 INFO  server.RaftServerConfigKeys (ConfUtils.java:logGet(43)) - raft.server.log.queue.byte-limit = 2147483647 (custom)
2019-07-13 09:16:39,719 INFO  server.RaftServerConfigKeys (ConfUtils.java:logGet(43)) - raft.server.log.queue.element-limit = 1024 (custom)
2019-07-13 09:16:39,719 INFO  server.RaftServerConfigKeys (ConfUtils.java:logGet(43)) - raft.server.log.segment.size.max = 1048576 (custom)
2019-07-13 09:16:39,720 INFO  server.RaftServerConfigKeys (ConfUtils.java:logGet(43)) - raft.server.log.preallocated.size = 16384 (custom)
2019-07-13 09:16:39,720 INFO  server.RaftServerConfigKeys (ConfUtils.java:logGet(43)) - raft.server.log.write.buffer.size = 33554432 (custom)
2019-07-13 09:16:39,720 INFO  server.RaftServerConfigKeys (ConfUtils.java:logGet(43)) - raft.server.log.force.sync.num = 128 (default)
2019-07-13 09:16:39,720 INFO  server.RaftServerConfigKeys (ConfUtils.java:logGet(43)) - raft.server.log.statemachine.data.sync = true (default)
2019-07-13 09:16:39,720 INFO  server.RaftServerConfigKeys (ConfUtils.java:logGet(43)) - raft.server.log.statemachine.data.sync.timeout = 10s (default)
2019-07-13 09:16:39,720 INFO  server.RaftServerConfigKeys (ConfUtils.java:logGet(43)) - raft.server.log.statemachine.data.sync.timeout.retry = -1 (default)
2019-07-13 09:16:39,721 INFO  server.RaftServerConfigKeys (ConfUtils.java:logGet(43)) - raft.server.log.statemachine.data.caching.enabled = true (custom)
2019-07-13 09:16:39,721 INFO  segmented.SegmentedRaftLogWorker (SegmentedRaftLogWorker.java:lambda$new$0(132)) - dc98be44-39a7-44a3-a001-d81f6637fe10-SegmentedRaftLogWorker:Storage Directory /tmp/workdir/hadoop-ozone/integration-test/target/test-dir/MiniOzoneClusterImpl-eb9fb254-c95f-4215-83bc-e762092ecf51/datanode-3/data/ratis/b1cca1f9-7efe-471e-a948-1730585e4304: flushIndex: setUnconditionally 0 -> -1
2019-07-13 09:16:39,721 INFO  server.RaftServerConfigKeys (ConfUtils.java:logGet(43)) - raft.server.snapshot.auto.trigger.enabled = true (custom)
2019-07-13 09:16:39,721 INFO  server.RaftServerConfigKeys (ConfUtils.java:logGet(43)) - raft.server.snapshot.auto.trigger.threshold = 10000 (custom)
2019-07-13 09:16:39,722 INFO  server.RaftServerConfigKeys (ConfUtils.java:logGet(43)) - raft.server.retrycache.expirytime = 600000ms (custom)
2019-07-13 09:16:39,722 INFO  impl.RaftServerImpl (RaftServerImpl.java:start(180)) - dc98be44-39a7-44a3-a001-d81f6637fe10: start group-1730585E4304
2019-07-13 09:16:39,722 INFO  impl.RaftServerImpl (RaftServerImpl.java:setRole(171)) - dc98be44-39a7-44a3-a001-d81f6637fe10:group-1730585E4304 changes role from null to FOLLOWER at term 0 for startAsFollower
2019-07-13 09:16:39,722 INFO  impl.RoleInfo (RoleInfo.java:updateAndGet(143)) - dc98be44-39a7-44a3-a001-d81f6637fe10: start FollowerState
2019-07-13 09:16:39,723 INFO  util.JmxRegister (JmxRegister.java:tryRegister(44)) - Successfully registered JMX Bean with object name Ratis:service=RaftServer,group=group-1730585E4304,id=dc98be44-39a7-44a3-a001-d81f6637fe10
2019-07-13 09:16:39,725 INFO  pipeline.PipelineStateManager (PipelineStateManager.java:addPipeline(56)) - Created pipeline Pipeline[ Id: b1cca1f9-7efe-471e-a948-1730585e4304, Nodes: dc98be44-39a7-44a3-a001-d81f6637fe10{ip: 192.168.69.96, host: trunk-nightly-hmp62-43275749, networkLocation: /default-rack, certSerialId: null}, Type:RATIS, Factor:ONE, State:OPEN]
2019-07-13 09:16:40,003 INFO  node.SCMNodeManager (SCMNodeManager.java:register(269)) - Registered Data node : c2327460-9b06-49cb-86b3-02d4da1c959b{ip: 192.168.69.96, host: trunk-nightly-hmp62-43275749, networkLocation: /default-rack, certSerialId: null}
2019-07-13 09:16:40,014 INFO  impl.RaftServerProxy (RaftServerProxy.java:addNew(89)) - c2327460-9b06-49cb-86b3-02d4da1c959b: addNew group-8470C7DB8DA5:[c2327460-9b06-49cb-86b3-02d4da1c959b:192.168.69.96:35402] returns group-8470C7DB8DA5:java.util.concurrent.CompletableFuture@a8ea8e5[Not completed]
2019-07-13 09:16:40,015 INFO  impl.RaftServerImpl (RaftServerImpl.java:<init>(93)) - c2327460-9b06-49cb-86b3-02d4da1c959b: new RaftServerImpl for group-8470C7DB8DA5:[c2327460-9b06-49cb-86b3-02d4da1c959b:192.168.69.96:35402] with ContainerStateMachine:uninitialized
2019-07-13 09:16:40,015 INFO  server.RaftServerConfigKeys (ConfUtils.java:logGet(43)) - raft.server.rpc.timeout.min = 5s (custom)
2019-07-13 09:16:40,015 INFO  server.RaftServerConfigKeys (ConfUtils.java:logGet(43)) - raft.server.rpc.timeout.max = 5200ms (custom)
2019-07-13 09:16:40,015 INFO  server.RaftServerConfigKeys (ConfUtils.java:logGet(43)) - raft.server.rpcslowness.timeout = 120s (custom)
2019-07-13 09:16:40,015 INFO  server.RaftServerConfigKeys (ConfUtils.java:logGet(43)) - raft.server.sleep.deviation.threshold = 300 (default)
2019-07-13 09:16:40,016 INFO  server.RaftServerConfigKeys (ConfUtils.java:logGet(43)) - raft.server.log.appender.install.snapshot.enabled = false (custom)
2019-07-13 09:16:40,016 INFO  impl.RaftServerImpl (ServerState.java:<init>(105)) - c2327460-9b06-49cb-86b3-02d4da1c959b:group-8470C7DB8DA5 ConfigurationManager, init=-1: [c2327460-9b06-49cb-86b3-02d4da1c959b:192.168.69.96:35402], old=null, confs=<EMPTY_MAP>
2019-07-13 09:16:40,016 INFO  server.RaftServerConfigKeys (ConfUtils.java:logGet(43)) - raft.server.storage.dir = [/tmp/workdir/hadoop-ozone/integration-test/target/test-dir/MiniOzoneClusterImpl-eb9fb254-c95f-4215-83bc-e762092ecf51/datanode-4/data/ratis] (custom)
2019-07-13 09:16:40,016 INFO  storage.RaftStorageDirectory (RaftStorageDirectory.java:analyzeStorage(246)) - The storage directory /tmp/workdir/hadoop-ozone/integration-test/target/test-dir/MiniOzoneClusterImpl-eb9fb254-c95f-4215-83bc-e762092ecf51/datanode-4/data/ratis/f2bc31bd-fe5d-49bc-9246-8470c7db8da5 does not exist. Creating ...
2019-07-13 09:16:40,029 INFO  storage.RaftStorageDirectory (RaftStorageDirectory.java:tryLock(328)) - Lock on /tmp/workdir/hadoop-ozone/integration-test/target/test-dir/MiniOzoneClusterImpl-eb9fb254-c95f-4215-83bc-e762092ecf51/datanode-4/data/ratis/f2bc31bd-fe5d-49bc-9246-8470c7db8da5/in_use.lock acquired by nodename 8548@trunk-nightly-hmp62-43275749
2019-07-13 09:16:40,044 INFO  storage.RaftStorage (RaftStorage.java:format(72)) - Storage directory /tmp/workdir/hadoop-ozone/integration-test/target/test-dir/MiniOzoneClusterImpl-eb9fb254-c95f-4215-83bc-e762092ecf51/datanode-4/data/ratis/f2bc31bd-fe5d-49bc-9246-8470c7db8da5 has been successfully formatted.
2019-07-13 09:16:40,044 INFO  ratis.ContainerStateMachine (ContainerStateMachine.java:loadSnapshot(200)) - The snapshot info is null.Setting the last applied index to:(t:0, i:~)
2019-07-13 09:16:40,044 INFO  server.RaftServerConfigKeys (ConfUtils.java:logGet(43)) - raft.server.leader.election.timeout = 120s (custom)
2019-07-13 09:16:40,044 INFO  server.RaftServerConfigKeys (ConfUtils.java:logGet(43)) - raft.server.log.use.memory = false (default)
2019-07-13 09:16:40,045 INFO  server.RaftServerConfigKeys (ConfUtils.java:logGet(43)) - raft.server.log.purge.gap = 1000000000 (custom)
2019-07-13 09:16:40,045 INFO  server.RaftServerConfigKeys (ConfUtils.java:logGet(43)) - raft.server.log.appender.buffer.byte-limit = 33554432 (custom)
2019-07-13 09:16:40,045 INFO  server.RaftServerConfigKeys (ConfUtils.java:logGet(43)) - raft.server.log.segment.size.max = 1048576 (custom)
2019-07-13 09:16:40,045 INFO  server.RaftServerConfigKeys (ConfUtils.java:logGet(43)) - raft.server.log.segment.cache.num.max = 2 (custom)
2019-07-13 09:16:40,045 INFO  segmented.SegmentedRaftLogWorker (SegmentedRaftLogWorker.java:<init>(172)) - new c2327460-9b06-49cb-86b3-02d4da1c959b-SegmentedRaftLogWorker:Storage Directory /tmp/workdir/hadoop-ozone/integration-test/target/test-dir/MiniOzoneClusterImpl-eb9fb254-c95f-4215-83bc-e762092ecf51/datanode-4/data/ratis/f2bc31bd-fe5d-49bc-9246-8470c7db8da5 for RaftStorage:Storage Directory /tmp/workdir/hadoop-ozone/integration-test/target/test-dir/MiniOzoneClusterImpl-eb9fb254-c95f-4215-83bc-e762092ecf51/datanode-4/data/ratis/f2bc31bd-fe5d-49bc-9246-8470c7db8da5
2019-07-13 09:16:40,045 INFO  server.RaftServerConfigKeys (ConfUtils.java:logGet(43)) - raft.server.log.queue.byte-limit = 2147483647 (custom)
2019-07-13 09:16:40,046 INFO  server.RaftServerConfigKeys (ConfUtils.java:logGet(43)) - raft.server.log.queue.element-limit = 1024 (custom)
2019-07-13 09:16:40,046 INFO  server.RaftServerConfigKeys (ConfUtils.java:logGet(43)) - raft.server.log.segment.size.max = 1048576 (custom)
2019-07-13 09:16:40,046 INFO  server.RaftServerConfigKeys (ConfUtils.java:logGet(43)) - raft.server.log.preallocated.size = 16384 (custom)
2019-07-13 09:16:40,046 INFO  server.RaftServerConfigKeys (ConfUtils.java:logGet(43)) - raft.server.log.write.buffer.size = 33554432 (custom)
2019-07-13 09:16:40,046 INFO  server.RaftServerConfigKeys (ConfUtils.java:logGet(43)) - raft.server.log.force.sync.num = 128 (default)
2019-07-13 09:16:40,046 INFO  server.RaftServerConfigKeys (ConfUtils.java:logGet(43)) - raft.server.log.statemachine.data.sync = true (default)
2019-07-13 09:16:40,046 INFO  server.RaftServerConfigKeys (ConfUtils.java:logGet(43)) - raft.server.log.statemachine.data.sync.timeout = 10s (default)
2019-07-13 09:16:40,047 INFO  server.RaftServerConfigKeys (ConfUtils.java:logGet(43)) - raft.server.log.statemachine.data.sync.timeout.retry = -1 (default)
2019-07-13 09:16:40,047 INFO  server.RaftServerConfigKeys (ConfUtils.java:logGet(43)) - raft.server.log.statemachine.data.caching.enabled = true (custom)
2019-07-13 09:16:40,047 INFO  segmented.SegmentedRaftLogWorker (SegmentedRaftLogWorker.java:lambda$new$0(132)) - c2327460-9b06-49cb-86b3-02d4da1c959b-SegmentedRaftLogWorker:Storage Directory /tmp/workdir/hadoop-ozone/integration-test/target/test-dir/MiniOzoneClusterImpl-eb9fb254-c95f-4215-83bc-e762092ecf51/datanode-4/data/ratis/f2bc31bd-fe5d-49bc-9246-8470c7db8da5: flushIndex: setUnconditionally 0 -> -1
2019-07-13 09:16:40,048 INFO  server.RaftServerConfigKeys (ConfUtils.java:logGet(43)) - raft.server.snapshot.auto.trigger.enabled = true (custom)
2019-07-13 09:16:40,048 INFO  server.RaftServerConfigKeys (ConfUtils.java:logGet(43)) - raft.server.snapshot.auto.trigger.threshold = 10000 (custom)
2019-07-13 09:16:40,048 INFO  server.RaftServerConfigKeys (ConfUtils.java:logGet(43)) - raft.server.retrycache.expirytime = 600000ms (custom)
2019-07-13 09:16:40,048 INFO  impl.RaftServerImpl (RaftServerImpl.java:start(180)) - c2327460-9b06-49cb-86b3-02d4da1c959b: start group-8470C7DB8DA5
2019-07-13 09:16:40,048 INFO  impl.RaftServerImpl (RaftServerImpl.java:setRole(171)) - c2327460-9b06-49cb-86b3-02d4da1c959b:group-8470C7DB8DA5 changes role from null to FOLLOWER at term 0 for startAsFollower
2019-07-13 09:16:40,048 INFO  impl.RoleInfo (RoleInfo.java:updateAndGet(143)) - c2327460-9b06-49cb-86b3-02d4da1c959b: start FollowerState
2019-07-13 09:16:40,049 INFO  util.JmxRegister (JmxRegister.java:tryRegister(44)) - Successfully registered JMX Bean with object name Ratis:service=RaftServer,group=group-8470C7DB8DA5,id=c2327460-9b06-49cb-86b3-02d4da1c959b
2019-07-13 09:16:40,051 INFO  pipeline.PipelineStateManager (PipelineStateManager.java:addPipeline(56)) - Created pipeline Pipeline[ Id: f2bc31bd-fe5d-49bc-9246-8470c7db8da5, Nodes: c2327460-9b06-49cb-86b3-02d4da1c959b{ip: 192.168.69.96, host: trunk-nightly-hmp62-43275749, networkLocation: /default-rack, certSerialId: null}, Type:RATIS, Factor:ONE, State:OPEN]
2019-07-13 09:16:40,175 INFO  node.SCMNodeManager (SCMNodeManager.java:register(269)) - Registered Data node : 9a544c2a-8f47-4cb4-8d3c-fa206030b87a{ip: 192.168.69.96, host: trunk-nightly-hmp62-43275749, networkLocation: /default-rack, certSerialId: null}
2019-07-13 09:16:40,182 INFO  impl.RaftServerProxy (RaftServerProxy.java:addNew(89)) - 9a544c2a-8f47-4cb4-8d3c-fa206030b87a: addNew group-FE1752CB896E:[9a544c2a-8f47-4cb4-8d3c-fa206030b87a:192.168.69.96:45479] returns group-FE1752CB896E:java.util.concurrent.CompletableFuture@17fe8ea4[Not completed]
2019-07-13 09:16:40,183 INFO  impl.RaftServerImpl (RaftServerImpl.java:<init>(93)) - 9a544c2a-8f47-4cb4-8d3c-fa206030b87a: new RaftServerImpl for group-FE1752CB896E:[9a544c2a-8f47-4cb4-8d3c-fa206030b87a:192.168.69.96:45479] with ContainerStateMachine:uninitialized
2019-07-13 09:16:40,183 INFO  server.RaftServerConfigKeys (ConfUtils.java:logGet(43)) - raft.server.rpc.timeout.min = 5s (custom)
2019-07-13 09:16:40,183 INFO  server.RaftServerConfigKeys (ConfUtils.java:logGet(43)) - raft.server.rpc.timeout.max = 5200ms (custom)
2019-07-13 09:16:40,184 INFO  server.RaftServerConfigKeys (ConfUtils.java:logGet(43)) - raft.server.rpcslowness.timeout = 120s (custom)
2019-07-13 09:16:40,184 INFO  server.RaftServerConfigKeys (ConfUtils.java:logGet(43)) - raft.server.sleep.deviation.threshold = 300 (default)
2019-07-13 09:16:40,184 INFO  server.RaftServerConfigKeys (ConfUtils.java:logGet(43)) - raft.server.log.appender.install.snapshot.enabled = false (custom)
2019-07-13 09:16:40,184 INFO  impl.RaftServerImpl (ServerState.java:<init>(105)) - 9a544c2a-8f47-4cb4-8d3c-fa206030b87a:group-FE1752CB896E ConfigurationManager, init=-1: [9a544c2a-8f47-4cb4-8d3c-fa206030b87a:192.168.69.96:45479], old=null, confs=<EMPTY_MAP>
2019-07-13 09:16:40,184 INFO  server.RaftServerConfigKeys (ConfUtils.java:logGet(43)) - raft.server.storage.dir = [/tmp/workdir/hadoop-ozone/integration-test/target/test-dir/MiniOzoneClusterImpl-eb9fb254-c95f-4215-83bc-e762092ecf51/datanode-5/data/ratis] (custom)
2019-07-13 09:16:40,185 INFO  storage.RaftStorageDirectory (RaftStorageDirectory.java:analyzeStorage(246)) - The storage directory /tmp/workdir/hadoop-ozone/integration-test/target/test-dir/MiniOzoneClusterImpl-eb9fb254-c95f-4215-83bc-e762092ecf51/datanode-5/data/ratis/ab36c033-7809-42a7-8733-fe1752cb896e does not exist. Creating ...
2019-07-13 09:16:40,198 INFO  storage.RaftStorageDirectory (RaftStorageDirectory.java:tryLock(328)) - Lock on /tmp/workdir/hadoop-ozone/integration-test/target/test-dir/MiniOzoneClusterImpl-eb9fb254-c95f-4215-83bc-e762092ecf51/datanode-5/data/ratis/ab36c033-7809-42a7-8733-fe1752cb896e/in_use.lock acquired by nodename 8548@trunk-nightly-hmp62-43275749
2019-07-13 09:16:40,212 INFO  storage.RaftStorage (RaftStorage.java:format(72)) - Storage directory /tmp/workdir/hadoop-ozone/integration-test/target/test-dir/MiniOzoneClusterImpl-eb9fb254-c95f-4215-83bc-e762092ecf51/datanode-5/data/ratis/ab36c033-7809-42a7-8733-fe1752cb896e has been successfully formatted.
2019-07-13 09:16:40,212 INFO  ratis.ContainerStateMachine (ContainerStateMachine.java:loadSnapshot(200)) - The snapshot info is null.Setting the last applied index to:(t:0, i:~)
2019-07-13 09:16:40,212 INFO  server.RaftServerConfigKeys (ConfUtils.java:logGet(43)) - raft.server.leader.election.timeout = 120s (custom)
2019-07-13 09:16:40,212 INFO  server.RaftServerConfigKeys (ConfUtils.java:logGet(43)) - raft.server.log.use.memory = false (default)
2019-07-13 09:16:40,213 INFO  server.RaftServerConfigKeys (ConfUtils.java:logGet(43)) - raft.server.log.purge.gap = 1000000000 (custom)
2019-07-13 09:16:40,213 INFO  server.RaftServerConfigKeys (ConfUtils.java:logGet(43)) - raft.server.log.appender.buffer.byte-limit = 33554432 (custom)
2019-07-13 09:16:40,213 INFO  server.RaftServerConfigKeys (ConfUtils.java:logGet(43)) - raft.server.log.segment.size.max = 1048576 (custom)
2019-07-13 09:16:40,213 INFO  server.RaftServerConfigKeys (ConfUtils.java:logGet(43)) - raft.server.log.segment.cache.num.max = 2 (custom)
2019-07-13 09:16:40,213 INFO  segmented.SegmentedRaftLogWorker (SegmentedRaftLogWorker.java:<init>(172)) - new 9a544c2a-8f47-4cb4-8d3c-fa206030b87a-SegmentedRaftLogWorker:Storage Directory /tmp/workdir/hadoop-ozone/integration-test/target/test-dir/MiniOzoneClusterImpl-eb9fb254-c95f-4215-83bc-e762092ecf51/datanode-5/data/ratis/ab36c033-7809-42a7-8733-fe1752cb896e for RaftStorage:Storage Directory /tmp/workdir/hadoop-ozone/integration-test/target/test-dir/MiniOzoneClusterImpl-eb9fb254-c95f-4215-83bc-e762092ecf51/datanode-5/data/ratis/ab36c033-7809-42a7-8733-fe1752cb896e
2019-07-13 09:16:40,213 INFO  server.RaftServerConfigKeys (ConfUtils.java:logGet(43)) - raft.server.log.queue.byte-limit = 2147483647 (custom)
2019-07-13 09:16:40,214 INFO  server.RaftServerConfigKeys (ConfUtils.java:logGet(43)) - raft.server.log.queue.element-limit = 1024 (custom)
2019-07-13 09:16:40,214 INFO  server.RaftServerConfigKeys (ConfUtils.java:logGet(43)) - raft.server.log.segment.size.max = 1048576 (custom)
2019-07-13 09:16:40,214 INFO  server.RaftServerConfigKeys (ConfUtils.java:logGet(43)) - raft.server.log.preallocated.size = 16384 (custom)
2019-07-13 09:16:40,214 INFO  server.RaftServerConfigKeys (ConfUtils.java:logGet(43)) - raft.server.log.write.buffer.size = 33554432 (custom)
2019-07-13 09:16:40,214 INFO  server.RaftServerConfigKeys (ConfUtils.java:logGet(43)) - raft.server.log.force.sync.num = 128 (default)
2019-07-13 09:16:40,214 INFO  server.RaftServerConfigKeys (ConfUtils.java:logGet(43)) - raft.server.log.statemachine.data.sync = true (default)
2019-07-13 09:16:40,215 INFO  server.RaftServerConfigKeys (ConfUtils.java:logGet(43)) - raft.server.log.statemachine.data.sync.timeout = 10s (default)
2019-07-13 09:16:40,215 INFO  server.RaftServerConfigKeys (ConfUtils.java:logGet(43)) - raft.server.log.statemachine.data.sync.timeout.retry = -1 (default)
2019-07-13 09:16:40,215 INFO  server.RaftServerConfigKeys (ConfUtils.java:logGet(43)) - raft.server.log.statemachine.data.caching.enabled = true (custom)
2019-07-13 09:16:40,215 INFO  segmented.SegmentedRaftLogWorker (SegmentedRaftLogWorker.java:lambda$new$0(132)) - 9a544c2a-8f47-4cb4-8d3c-fa206030b87a-SegmentedRaftLogWorker:Storage Directory /tmp/workdir/hadoop-ozone/integration-test/target/test-dir/MiniOzoneClusterImpl-eb9fb254-c95f-4215-83bc-e762092ecf51/datanode-5/data/ratis/ab36c033-7809-42a7-8733-fe1752cb896e: flushIndex: setUnconditionally 0 -> -1
2019-07-13 09:16:40,216 INFO  server.RaftServerConfigKeys (ConfUtils.java:logGet(43)) - raft.server.snapshot.auto.trigger.enabled = true (custom)
2019-07-13 09:16:40,216 INFO  server.RaftServerConfigKeys (ConfUtils.java:logGet(43)) - raft.server.snapshot.auto.trigger.threshold = 10000 (custom)
2019-07-13 09:16:40,216 INFO  server.RaftServerConfigKeys (ConfUtils.java:logGet(43)) - raft.server.retrycache.expirytime = 600000ms (custom)
2019-07-13 09:16:40,216 INFO  impl.RaftServerImpl (RaftServerImpl.java:start(180)) - 9a544c2a-8f47-4cb4-8d3c-fa206030b87a: start group-FE1752CB896E
2019-07-13 09:16:40,217 INFO  impl.RaftServerImpl (RaftServerImpl.java:setRole(171)) - 9a544c2a-8f47-4cb4-8d3c-fa206030b87a:group-FE1752CB896E changes role from null to FOLLOWER at term 0 for startAsFollower
2019-07-13 09:16:40,217 INFO  impl.RoleInfo (RoleInfo.java:updateAndGet(143)) - 9a544c2a-8f47-4cb4-8d3c-fa206030b87a: start FollowerState
2019-07-13 09:16:40,217 INFO  util.JmxRegister (JmxRegister.java:tryRegister(44)) - Successfully registered JMX Bean with object name Ratis:service=RaftServer,group=group-FE1752CB896E,id=9a544c2a-8f47-4cb4-8d3c-fa206030b87a
2019-07-13 09:16:40,219 INFO  pipeline.PipelineStateManager (PipelineStateManager.java:addPipeline(56)) - Created pipeline Pipeline[ Id: ab36c033-7809-42a7-8733-fe1752cb896e, Nodes: 9a544c2a-8f47-4cb4-8d3c-fa206030b87a{ip: 192.168.69.96, host: trunk-nightly-hmp62-43275749, networkLocation: /default-rack, certSerialId: null}, Type:RATIS, Factor:ONE, State:OPEN]
2019-07-13 09:16:40,232 INFO  impl.RaftServerProxy (RaftServerProxy.java:addNew(89)) - dc98be44-39a7-44a3-a001-d81f6637fe10: addNew group-D27F074936C1:[c2327460-9b06-49cb-86b3-02d4da1c959b:192.168.69.96:35402, dc98be44-39a7-44a3-a001-d81f6637fe10:192.168.69.96:33463, 9a544c2a-8f47-4cb4-8d3c-fa206030b87a:192.168.69.96:45479] returns group-D27F074936C1:java.util.concurrent.CompletableFuture@6687a30c[Not completed]
2019-07-13 09:16:40,232 INFO  impl.RaftServerProxy (RaftServerProxy.java:addNew(89)) - c2327460-9b06-49cb-86b3-02d4da1c959b: addNew group-D27F074936C1:[c2327460-9b06-49cb-86b3-02d4da1c959b:192.168.69.96:35402, dc98be44-39a7-44a3-a001-d81f6637fe10:192.168.69.96:33463, 9a544c2a-8f47-4cb4-8d3c-fa206030b87a:192.168.69.96:45479] returns group-D27F074936C1:java.util.concurrent.CompletableFuture@d53aa32[Not completed]
2019-07-13 09:16:40,232 INFO  impl.RaftServerProxy (RaftServerProxy.java:addNew(89)) - 9a544c2a-8f47-4cb4-8d3c-fa206030b87a: addNew group-D27F074936C1:[c2327460-9b06-49cb-86b3-02d4da1c959b:192.168.69.96:35402, dc98be44-39a7-44a3-a001-d81f6637fe10:192.168.69.96:33463, 9a544c2a-8f47-4cb4-8d3c-fa206030b87a:192.168.69.96:45479] returns group-D27F074936C1:java.util.concurrent.CompletableFuture@39d6f792[Not completed]
2019-07-13 09:16:40,233 INFO  impl.RaftServerImpl (RaftServerImpl.java:<init>(93)) - 9a544c2a-8f47-4cb4-8d3c-fa206030b87a: new RaftServerImpl for group-D27F074936C1:[c2327460-9b06-49cb-86b3-02d4da1c959b:192.168.69.96:35402, dc98be44-39a7-44a3-a001-d81f6637fe10:192.168.69.96:33463, 9a544c2a-8f47-4cb4-8d3c-fa206030b87a:192.168.69.96:45479] with ContainerStateMachine:uninitialized
2019-07-13 09:16:40,233 INFO  server.RaftServerConfigKeys (ConfUtils.java:logGet(43)) - raft.server.rpc.timeout.min = 5s (custom)
2019-07-13 09:16:40,234 INFO  server.RaftServerConfigKeys (ConfUtils.java:logGet(43)) - raft.server.rpc.timeout.max = 5200ms (custom)
2019-07-13 09:16:40,234 INFO  server.RaftServerConfigKeys (ConfUtils.java:logGet(43)) - raft.server.rpcslowness.timeout = 120s (custom)
2019-07-13 09:16:40,234 INFO  impl.RaftServerImpl (RaftServerImpl.java:<init>(93)) - dc98be44-39a7-44a3-a001-d81f6637fe10: new RaftServerImpl for group-D27F074936C1:[c2327460-9b06-49cb-86b3-02d4da1c959b:192.168.69.96:35402, dc98be44-39a7-44a3-a001-d81f6637fe10:192.168.69.96:33463, 9a544c2a-8f47-4cb4-8d3c-fa206030b87a:192.168.69.96:45479] with ContainerStateMachine:uninitialized
2019-07-13 09:16:40,234 INFO  server.RaftServerConfigKeys (ConfUtils.java:logGet(43)) - raft.server.sleep.deviation.threshold = 300 (default)
2019-07-13 09:16:40,234 INFO  impl.RaftServerImpl (RaftServerImpl.java:<init>(93)) - c2327460-9b06-49cb-86b3-02d4da1c959b: new RaftServerImpl for group-D27F074936C1:[c2327460-9b06-49cb-86b3-02d4da1c959b:192.168.69.96:35402, dc98be44-39a7-44a3-a001-d81f6637fe10:192.168.69.96:33463, 9a544c2a-8f47-4cb4-8d3c-fa206030b87a:192.168.69.96:45479] with ContainerStateMachine:uninitialized
2019-07-13 09:16:40,234 INFO  server.RaftServerConfigKeys (ConfUtils.java:logGet(43)) - raft.server.rpc.timeout.min = 5s (custom)
2019-07-13 09:16:40,234 INFO  server.RaftServerConfigKeys (ConfUtils.java:logGet(43)) - raft.server.rpc.timeout.min = 5s (custom)
2019-07-13 09:16:40,235 INFO  server.RaftServerConfigKeys (ConfUtils.java:logGet(43)) - raft.server.rpc.timeout.max = 5200ms (custom)
2019-07-13 09:16:40,234 INFO  server.RaftServerConfigKeys (ConfUtils.java:logGet(43)) - raft.server.log.appender.install.snapshot.enabled = false (custom)
2019-07-13 09:16:40,235 INFO  server.RaftServerConfigKeys (ConfUtils.java:logGet(43)) - raft.server.rpcslowness.timeout = 120s (custom)
2019-07-13 09:16:40,235 INFO  server.RaftServerConfigKeys (ConfUtils.java:logGet(43)) - raft.server.sleep.deviation.threshold = 300 (default)
2019-07-13 09:16:40,234 INFO  server.RaftServerConfigKeys (ConfUtils.java:logGet(43)) - raft.server.rpc.timeout.max = 5200ms (custom)
2019-07-13 09:16:40,235 INFO  server.RaftServerConfigKeys (ConfUtils.java:logGet(43)) - raft.server.log.appender.install.snapshot.enabled = false (custom)
2019-07-13 09:16:40,235 INFO  impl.RaftServerImpl (ServerState.java:<init>(105)) - 9a544c2a-8f47-4cb4-8d3c-fa206030b87a:group-D27F074936C1 ConfigurationManager, init=-1: [c2327460-9b06-49cb-86b3-02d4da1c959b:192.168.69.96:35402, dc98be44-39a7-44a3-a001-d81f6637fe10:192.168.69.96:33463, 9a544c2a-8f47-4cb4-8d3c-fa206030b87a:192.168.69.96:45479], old=null, confs=<EMPTY_MAP>
2019-07-13 09:16:40,236 INFO  impl.RaftServerImpl (ServerState.java:<init>(105)) - c2327460-9b06-49cb-86b3-02d4da1c959b:group-D27F074936C1 ConfigurationManager, init=-1: [c2327460-9b06-49cb-86b3-02d4da1c959b:192.168.69.96:35402, dc98be44-39a7-44a3-a001-d81f6637fe10:192.168.69.96:33463, 9a544c2a-8f47-4cb4-8d3c-fa206030b87a:192.168.69.96:45479], old=null, confs=<EMPTY_MAP>
2019-07-13 09:16:40,235 INFO  server.RaftServerConfigKeys (ConfUtils.java:logGet(43)) - raft.server.rpcslowness.timeout = 120s (custom)
2019-07-13 09:16:40,236 INFO  server.RaftServerConfigKeys (ConfUtils.java:logGet(43)) - raft.server.storage.dir = [/tmp/workdir/hadoop-ozone/integration-test/target/test-dir/MiniOzoneClusterImpl-eb9fb254-c95f-4215-83bc-e762092ecf51/datanode-4/data/ratis] (custom)
2019-07-13 09:16:40,236 INFO  server.RaftServerConfigKeys (ConfUtils.java:logGet(43)) - raft.server.storage.dir = [/tmp/workdir/hadoop-ozone/integration-test/target/test-dir/MiniOzoneClusterImpl-eb9fb254-c95f-4215-83bc-e762092ecf51/datanode-5/data/ratis] (custom)
2019-07-13 09:16:40,236 INFO  server.RaftServerConfigKeys (ConfUtils.java:logGet(43)) - raft.server.sleep.deviation.threshold = 300 (default)
2019-07-13 09:16:40,236 INFO  storage.RaftStorageDirectory (RaftStorageDirectory.java:analyzeStorage(246)) - The storage directory /tmp/workdir/hadoop-ozone/integration-test/target/test-dir/MiniOzoneClusterImpl-eb9fb254-c95f-4215-83bc-e762092ecf51/datanode-4/data/ratis/d8345fb5-b3f6-4798-9263-d27f074936c1 does not exist. Creating ...
2019-07-13 09:16:40,237 INFO  storage.RaftStorageDirectory (RaftStorageDirectory.java:analyzeStorage(246)) - The storage directory /tmp/workdir/hadoop-ozone/integration-test/target/test-dir/MiniOzoneClusterImpl-eb9fb254-c95f-4215-83bc-e762092ecf51/datanode-5/data/ratis/d8345fb5-b3f6-4798-9263-d27f074936c1 does not exist. Creating ...
2019-07-13 09:16:40,236 INFO  server.RaftServerConfigKeys (ConfUtils.java:logGet(43)) - raft.server.log.appender.install.snapshot.enabled = false (custom)
2019-07-13 09:16:40,237 INFO  impl.RaftServerImpl (ServerState.java:<init>(105)) - dc98be44-39a7-44a3-a001-d81f6637fe10:group-D27F074936C1 ConfigurationManager, init=-1: [c2327460-9b06-49cb-86b3-02d4da1c959b:192.168.69.96:35402, dc98be44-39a7-44a3-a001-d81f6637fe10:192.168.69.96:33463, 9a544c2a-8f47-4cb4-8d3c-fa206030b87a:192.168.69.96:45479], old=null, confs=<EMPTY_MAP>
2019-07-13 09:16:40,237 INFO  server.RaftServerConfigKeys (ConfUtils.java:logGet(43)) - raft.server.storage.dir = [/tmp/workdir/hadoop-ozone/integration-test/target/test-dir/MiniOzoneClusterImpl-eb9fb254-c95f-4215-83bc-e762092ecf51/datanode-3/data/ratis] (custom)
2019-07-13 09:16:40,237 INFO  storage.RaftStorageDirectory (RaftStorageDirectory.java:analyzeStorage(246)) - The storage directory /tmp/workdir/hadoop-ozone/integration-test/target/test-dir/MiniOzoneClusterImpl-eb9fb254-c95f-4215-83bc-e762092ecf51/datanode-3/data/ratis/d8345fb5-b3f6-4798-9263-d27f074936c1 does not exist. Creating ...
2019-07-13 09:16:40,250 INFO  storage.RaftStorageDirectory (RaftStorageDirectory.java:tryLock(328)) - Lock on /tmp/workdir/hadoop-ozone/integration-test/target/test-dir/MiniOzoneClusterImpl-eb9fb254-c95f-4215-83bc-e762092ecf51/datanode-4/data/ratis/d8345fb5-b3f6-4798-9263-d27f074936c1/in_use.lock acquired by nodename 8548@trunk-nightly-hmp62-43275749
2019-07-13 09:16:40,250 INFO  storage.RaftStorageDirectory (RaftStorageDirectory.java:tryLock(328)) - Lock on /tmp/workdir/hadoop-ozone/integration-test/target/test-dir/MiniOzoneClusterImpl-eb9fb254-c95f-4215-83bc-e762092ecf51/datanode-3/data/ratis/d8345fb5-b3f6-4798-9263-d27f074936c1/in_use.lock acquired by nodename 8548@trunk-nightly-hmp62-43275749
2019-07-13 09:16:40,250 INFO  storage.RaftStorageDirectory (RaftStorageDirectory.java:tryLock(328)) - Lock on /tmp/workdir/hadoop-ozone/integration-test/target/test-dir/MiniOzoneClusterImpl-eb9fb254-c95f-4215-83bc-e762092ecf51/datanode-5/data/ratis/d8345fb5-b3f6-4798-9263-d27f074936c1/in_use.lock acquired by nodename 8548@trunk-nightly-hmp62-43275749
2019-07-13 09:16:40,264 INFO  storage.RaftStorage (RaftStorage.java:format(72)) - Storage directory /tmp/workdir/hadoop-ozone/integration-test/target/test-dir/MiniOzoneClusterImpl-eb9fb254-c95f-4215-83bc-e762092ecf51/datanode-4/data/ratis/d8345fb5-b3f6-4798-9263-d27f074936c1 has been successfully formatted.
2019-07-13 09:16:40,264 INFO  storage.RaftStorage (RaftStorage.java:format(72)) - Storage directory /tmp/workdir/hadoop-ozone/integration-test/target/test-dir/MiniOzoneClusterImpl-eb9fb254-c95f-4215-83bc-e762092ecf51/datanode-5/data/ratis/d8345fb5-b3f6-4798-9263-d27f074936c1 has been successfully formatted.
2019-07-13 09:16:40,264 INFO  storage.RaftStorage (RaftStorage.java:format(72)) - Storage directory /tmp/workdir/hadoop-ozone/integration-test/target/test-dir/MiniOzoneClusterImpl-eb9fb254-c95f-4215-83bc-e762092ecf51/datanode-3/data/ratis/d8345fb5-b3f6-4798-9263-d27f074936c1 has been successfully formatted.
2019-07-13 09:16:40,265 INFO  ratis.ContainerStateMachine (ContainerStateMachine.java:loadSnapshot(200)) - The snapshot info is null.Setting the last applied index to:(t:0, i:~)
2019-07-13 09:16:40,264 INFO  ratis.ContainerStateMachine (ContainerStateMachine.java:loadSnapshot(200)) - The snapshot info is null.Setting the last applied index to:(t:0, i:~)
2019-07-13 09:16:40,265 INFO  server.RaftServerConfigKeys (ConfUtils.java:logGet(43)) - raft.server.leader.election.timeout = 120s (custom)
2019-07-13 09:16:40,265 INFO  ratis.ContainerStateMachine (ContainerStateMachine.java:loadSnapshot(200)) - The snapshot info is null.Setting the last applied index to:(t:0, i:~)
2019-07-13 09:16:40,265 INFO  server.RaftServerConfigKeys (ConfUtils.java:logGet(43)) - raft.server.log.use.memory = false (default)
2019-07-13 09:16:40,265 INFO  server.RaftServerConfigKeys (ConfUtils.java:logGet(43)) - raft.server.leader.election.timeout = 120s (custom)
2019-07-13 09:16:40,266 INFO  server.RaftServerConfigKeys (ConfUtils.java:logGet(43)) - raft.server.log.purge.gap = 1000000000 (custom)
2019-07-13 09:16:40,266 INFO  server.RaftServerConfigKeys (ConfUtils.java:logGet(43)) - raft.server.log.appender.buffer.byte-limit = 33554432 (custom)
2019-07-13 09:16:40,265 INFO  server.RaftServerConfigKeys (ConfUtils.java:logGet(43)) - raft.server.leader.election.timeout = 120s (custom)
2019-07-13 09:16:40,266 INFO  server.RaftServerConfigKeys (ConfUtils.java:logGet(43)) - raft.server.log.segment.size.max = 1048576 (custom)
2019-07-13 09:16:40,266 INFO  server.RaftServerConfigKeys (ConfUtils.java:logGet(43)) - raft.server.log.use.memory = false (default)
2019-07-13 09:16:40,266 INFO  server.RaftServerConfigKeys (ConfUtils.java:logGet(43)) - raft.server.log.segment.cache.num.max = 2 (custom)
2019-07-13 09:16:40,266 INFO  server.RaftServerConfigKeys (ConfUtils.java:logGet(43)) - raft.server.log.use.memory = false (default)
2019-07-13 09:16:40,267 INFO  segmented.SegmentedRaftLogWorker (SegmentedRaftLogWorker.java:<init>(172)) - new 9a544c2a-8f47-4cb4-8d3c-fa206030b87a-SegmentedRaftLogWorker:Storage Directory /tmp/workdir/hadoop-ozone/integration-test/target/test-dir/MiniOzoneClusterImpl-eb9fb254-c95f-4215-83bc-e762092ecf51/datanode-5/data/ratis/d8345fb5-b3f6-4798-9263-d27f074936c1 for RaftStorage:Storage Directory /tmp/workdir/hadoop-ozone/integration-test/target/test-dir/MiniOzoneClusterImpl-eb9fb254-c95f-4215-83bc-e762092ecf51/datanode-5/data/ratis/d8345fb5-b3f6-4798-9263-d27f074936c1
2019-07-13 09:16:40,266 INFO  server.RaftServerConfigKeys (ConfUtils.java:logGet(43)) - raft.server.log.purge.gap = 1000000000 (custom)
2019-07-13 09:16:40,267 INFO  server.RaftServerConfigKeys (ConfUtils.java:logGet(43)) - raft.server.log.queue.byte-limit = 2147483647 (custom)
2019-07-13 09:16:40,267 INFO  server.RaftServerConfigKeys (ConfUtils.java:logGet(43)) - raft.server.log.queue.element-limit = 1024 (custom)
2019-07-13 09:16:40,267 INFO  server.RaftServerConfigKeys (ConfUtils.java:logGet(43)) - raft.server.log.purge.gap = 1000000000 (custom)
2019-07-13 09:16:40,267 INFO  server.RaftServerConfigKeys (ConfUtils.java:logGet(43)) - raft.server.log.segment.size.max = 1048576 (custom)
2019-07-13 09:16:40,267 INFO  server.RaftServerConfigKeys (ConfUtils.java:logGet(43)) - raft.server.log.appender.buffer.byte-limit = 33554432 (custom)
2019-07-13 09:16:40,268 INFO  server.RaftServerConfigKeys (ConfUtils.java:logGet(43)) - raft.server.log.preallocated.size = 16384 (custom)
2019-07-13 09:16:40,268 INFO  server.RaftServerConfigKeys (ConfUtils.java:logGet(43)) - raft.server.log.appender.buffer.byte-limit = 33554432 (custom)
2019-07-13 09:16:40,268 INFO  server.RaftServerConfigKeys (ConfUtils.java:logGet(43)) - raft.server.log.write.buffer.size = 33554432 (custom)
2019-07-13 09:16:40,268 INFO  server.RaftServerConfigKeys (ConfUtils.java:logGet(43)) - raft.server.log.segment.size.max = 1048576 (custom)
2019-07-13 09:16:40,268 INFO  server.RaftServerConfigKeys (ConfUtils.java:logGet(43)) - raft.server.log.force.sync.num = 128 (default)
2019-07-13 09:16:40,269 INFO  server.RaftServerConfigKeys (ConfUtils.java:logGet(43)) - raft.server.log.statemachine.data.sync = true (default)
2019-07-13 09:16:40,268 INFO  server.RaftServerConfigKeys (ConfUtils.java:logGet(43)) - raft.server.log.segment.size.max = 1048576 (custom)
2019-07-13 09:16:40,269 INFO  server.RaftServerConfigKeys (ConfUtils.java:logGet(43)) - raft.server.log.statemachine.data.sync.timeout = 10s (default)
2019-07-13 09:16:40,268 INFO  server.RaftServerConfigKeys (ConfUtils.java:logGet(43)) - raft.server.log.segment.cache.num.max = 2 (custom)
2019-07-13 09:16:40,269 INFO  server.RaftServerConfigKeys (ConfUtils.java:logGet(43)) - raft.server.log.statemachine.data.sync.timeout.retry = -1 (default)
2019-07-13 09:16:40,269 INFO  server.RaftServerConfigKeys (ConfUtils.java:logGet(43)) - raft.server.log.segment.cache.num.max = 2 (custom)
2019-07-13 09:16:40,270 INFO  server.RaftServerConfigKeys (ConfUtils.java:logGet(43)) - raft.server.log.statemachine.data.caching.enabled = true (custom)
2019-07-13 09:16:40,269 INFO  segmented.SegmentedRaftLogWorker (SegmentedRaftLogWorker.java:<init>(172)) - new c2327460-9b06-49cb-86b3-02d4da1c959b-SegmentedRaftLogWorker:Storage Directory /tmp/workdir/hadoop-ozone/integration-test/target/test-dir/MiniOzoneClusterImpl-eb9fb254-c95f-4215-83bc-e762092ecf51/datanode-4/data/ratis/d8345fb5-b3f6-4798-9263-d27f074936c1 for RaftStorage:Storage Directory /tmp/workdir/hadoop-ozone/integration-test/target/test-dir/MiniOzoneClusterImpl-eb9fb254-c95f-4215-83bc-e762092ecf51/datanode-4/data/ratis/d8345fb5-b3f6-4798-9263-d27f074936c1
2019-07-13 09:16:40,270 INFO  segmented.SegmentedRaftLogWorker (SegmentedRaftLogWorker.java:<init>(172)) - new dc98be44-39a7-44a3-a001-d81f6637fe10-SegmentedRaftLogWorker:Storage Directory /tmp/workdir/hadoop-ozone/integration-test/target/test-dir/MiniOzoneClusterImpl-eb9fb254-c95f-4215-83bc-e762092ecf51/datanode-3/data/ratis/d8345fb5-b3f6-4798-9263-d27f074936c1 for RaftStorage:Storage Directory /tmp/workdir/hadoop-ozone/integration-test/target/test-dir/MiniOzoneClusterImpl-eb9fb254-c95f-4215-83bc-e762092ecf51/datanode-3/data/ratis/d8345fb5-b3f6-4798-9263-d27f074936c1
2019-07-13 09:16:40,270 INFO  server.RaftServerConfigKeys (ConfUtils.java:logGet(43)) - raft.server.log.queue.byte-limit = 2147483647 (custom)
2019-07-13 09:16:40,270 INFO  server.RaftServerConfigKeys (ConfUtils.java:logGet(43)) - raft.server.log.queue.byte-limit = 2147483647 (custom)
2019-07-13 09:16:40,270 INFO  server.RaftServerConfigKeys (ConfUtils.java:logGet(43)) - raft.server.log.queue.element-limit = 1024 (custom)
2019-07-13 09:16:40,270 INFO  server.RaftServerConfigKeys (ConfUtils.java:logGet(43)) - raft.server.log.queue.element-limit = 1024 (custom)
2019-07-13 09:16:40,271 INFO  segmented.SegmentedRaftLogWorker (SegmentedRaftLogWorker.java:lambda$new$0(132)) - 9a544c2a-8f47-4cb4-8d3c-fa206030b87a-SegmentedRaftLogWorker:Storage Directory /tmp/workdir/hadoop-ozone/integration-test/target/test-dir/MiniOzoneClusterImpl-eb9fb254-c95f-4215-83bc-e762092ecf51/datanode-5/data/ratis/d8345fb5-b3f6-4798-9263-d27f074936c1: flushIndex: setUnconditionally 0 -> -1
2019-07-13 09:16:40,271 INFO  server.RaftServerConfigKeys (ConfUtils.java:logGet(43)) - raft.server.log.segment.size.max = 1048576 (custom)
2019-07-13 09:16:40,271 INFO  server.RaftServerConfigKeys (ConfUtils.java:logGet(43)) - raft.server.log.segment.size.max = 1048576 (custom)
2019-07-13 09:16:40,271 INFO  server.RaftServerConfigKeys (ConfUtils.java:logGet(43)) - raft.server.snapshot.auto.trigger.enabled = true (custom)
2019-07-13 09:16:40,271 INFO  server.RaftServerConfigKeys (ConfUtils.java:logGet(43)) - raft.server.log.preallocated.size = 16384 (custom)
2019-07-13 09:16:40,271 INFO  server.RaftServerConfigKeys (ConfUtils.java:logGet(43)) - raft.server.snapshot.auto.trigger.threshold = 10000 (custom)
2019-07-13 09:16:40,271 INFO  server.RaftServerConfigKeys (ConfUtils.java:logGet(43)) - raft.server.log.preallocated.size = 16384 (custom)
2019-07-13 09:16:40,272 INFO  server.RaftServerConfigKeys (ConfUtils.java:logGet(43)) - raft.server.retrycache.expirytime = 600000ms (custom)
2019-07-13 09:16:40,271 INFO  server.RaftServerConfigKeys (ConfUtils.java:logGet(43)) - raft.server.log.write.buffer.size = 33554432 (custom)
2019-07-13 09:16:40,272 INFO  impl.RaftServerImpl (RaftServerImpl.java:start(180)) - 9a544c2a-8f47-4cb4-8d3c-fa206030b87a: start group-D27F074936C1
2019-07-13 09:16:40,272 INFO  server.RaftServerConfigKeys (ConfUtils.java:logGet(43)) - raft.server.log.write.buffer.size = 33554432 (custom)
2019-07-13 09:16:40,272 INFO  impl.RaftServerImpl (RaftServerImpl.java:setRole(171)) - 9a544c2a-8f47-4cb4-8d3c-fa206030b87a:group-D27F074936C1 changes role from null to FOLLOWER at term 0 for startAsFollower
2019-07-13 09:16:40,272 INFO  server.RaftServerConfigKeys (ConfUtils.java:logGet(43)) - raft.server.log.force.sync.num = 128 (default)
2019-07-13 09:16:40,273 INFO  impl.RoleInfo (RoleInfo.java:updateAndGet(143)) - 9a544c2a-8f47-4cb4-8d3c-fa206030b87a: start FollowerState
2019-07-13 09:16:40,272 INFO  server.RaftServerConfigKeys (ConfUtils.java:logGet(43)) - raft.server.log.force.sync.num = 128 (default)
2019-07-13 09:16:40,273 INFO  server.RaftServerConfigKeys (ConfUtils.java:logGet(43)) - raft.server.log.statemachine.data.sync = true (default)
2019-07-13 09:16:40,273 INFO  server.RaftServerConfigKeys (ConfUtils.java:logGet(43)) - raft.server.log.statemachine.data.sync = true (default)
2019-07-13 09:16:40,273 INFO  server.RaftServerConfigKeys (ConfUtils.java:logGet(43)) - raft.server.log.statemachine.data.sync.timeout = 10s (default)
2019-07-13 09:16:40,273 INFO  util.JmxRegister (JmxRegister.java:tryRegister(44)) - Successfully registered JMX Bean with object name Ratis:service=RaftServer,group=group-D27F074936C1,id=9a544c2a-8f47-4cb4-8d3c-fa206030b87a
2019-07-13 09:16:40,274 INFO  server.RaftServerConfigKeys (ConfUtils.java:logGet(43)) - raft.server.log.statemachine.data.sync.timeout.retry = -1 (default)
2019-07-13 09:16:40,273 INFO  server.RaftServerConfigKeys (ConfUtils.java:logGet(43)) - raft.server.log.statemachine.data.sync.timeout = 10s (default)
2019-07-13 09:16:40,274 INFO  server.RaftServerConfigKeys (ConfUtils.java:logGet(43)) - raft.server.log.statemachine.data.caching.enabled = true (custom)
2019-07-13 09:16:40,274 INFO  server.RaftServerConfigKeys (ConfUtils.java:logGet(43)) - raft.server.log.statemachine.data.sync.timeout.retry = -1 (default)
2019-07-13 09:16:40,274 INFO  server.RaftServerConfigKeys (ConfUtils.java:logGet(43)) - raft.server.log.statemachine.data.caching.enabled = true (custom)
2019-07-13 09:16:40,274 INFO  segmented.SegmentedRaftLogWorker (SegmentedRaftLogWorker.java:lambda$new$0(132)) - dc98be44-39a7-44a3-a001-d81f6637fe10-SegmentedRaftLogWorker:Storage Directory /tmp/workdir/hadoop-ozone/integration-test/target/test-dir/MiniOzoneClusterImpl-eb9fb254-c95f-4215-83bc-e762092ecf51/datanode-3/data/ratis/d8345fb5-b3f6-4798-9263-d27f074936c1: flushIndex: setUnconditionally 0 -> -1
2019-07-13 09:16:40,275 INFO  segmented.SegmentedRaftLogWorker (SegmentedRaftLogWorker.java:lambda$new$0(132)) - c2327460-9b06-49cb-86b3-02d4da1c959b-SegmentedRaftLogWorker:Storage Directory /tmp/workdir/hadoop-ozone/integration-test/target/test-dir/MiniOzoneClusterImpl-eb9fb254-c95f-4215-83bc-e762092ecf51/datanode-4/data/ratis/d8345fb5-b3f6-4798-9263-d27f074936c1: flushIndex: setUnconditionally 0 -> -1
2019-07-13 09:16:40,275 INFO  server.RaftServerConfigKeys (ConfUtils.java:logGet(43)) - raft.server.snapshot.auto.trigger.enabled = true (custom)
2019-07-13 09:16:40,275 INFO  server.RaftServerConfigKeys (ConfUtils.java:logGet(43)) - raft.server.snapshot.auto.trigger.threshold = 10000 (custom)
2019-07-13 09:16:40,275 INFO  server.RaftServerConfigKeys (ConfUtils.java:logGet(43)) - raft.server.snapshot.auto.trigger.enabled = true (custom)
2019-07-13 09:16:40,275 INFO  server.RaftServerConfigKeys (ConfUtils.java:logGet(43)) - raft.server.retrycache.expirytime = 600000ms (custom)
2019-07-13 09:16:40,275 INFO  server.RaftServerConfigKeys (ConfUtils.java:logGet(43)) - raft.server.snapshot.auto.trigger.threshold = 10000 (custom)
2019-07-13 09:16:40,276 INFO  impl.RaftServerImpl (RaftServerImpl.java:start(180)) - dc98be44-39a7-44a3-a001-d81f6637fe10: start group-D27F074936C1
2019-07-13 09:16:40,276 INFO  server.RaftServerConfigKeys (ConfUtils.java:logGet(43)) - raft.server.retrycache.expirytime = 600000ms (custom)
2019-07-13 09:16:40,276 INFO  impl.RaftServerImpl (RaftServerImpl.java:setRole(171)) - dc98be44-39a7-44a3-a001-d81f6637fe10:group-D27F074936C1 changes role from null to FOLLOWER at term 0 for startAsFollower
2019-07-13 09:16:40,276 INFO  impl.RaftServerImpl (RaftServerImpl.java:start(180)) - c2327460-9b06-49cb-86b3-02d4da1c959b: start group-D27F074936C1
2019-07-13 09:16:40,276 INFO  impl.RoleInfo (RoleInfo.java:updateAndGet(143)) - dc98be44-39a7-44a3-a001-d81f6637fe10: start FollowerState
2019-07-13 09:16:40,276 INFO  impl.RaftServerImpl (RaftServerImpl.java:setRole(171)) - c2327460-9b06-49cb-86b3-02d4da1c959b:group-D27F074936C1 changes role from null to FOLLOWER at term 0 for startAsFollower
2019-07-13 09:16:40,276 INFO  impl.RoleInfo (RoleInfo.java:updateAndGet(143)) - c2327460-9b06-49cb-86b3-02d4da1c959b: start FollowerState
2019-07-13 09:16:40,277 INFO  util.JmxRegister (JmxRegister.java:tryRegister(44)) - Successfully registered JMX Bean with object name Ratis:service=RaftServer,group=group-D27F074936C1,id=dc98be44-39a7-44a3-a001-d81f6637fe10
2019-07-13 09:16:40,277 INFO  util.JmxRegister (JmxRegister.java:tryRegister(44)) - Successfully registered JMX Bean with object name Ratis:service=RaftServer,group=group-D27F074936C1,id=c2327460-9b06-49cb-86b3-02d4da1c959b
2019-07-13 09:16:40,279 INFO  pipeline.PipelineStateManager (PipelineStateManager.java:addPipeline(56)) - Created pipeline Pipeline[ Id: d8345fb5-b3f6-4798-9263-d27f074936c1, Nodes: dc98be44-39a7-44a3-a001-d81f6637fe10{ip: 192.168.69.96, host: trunk-nightly-hmp62-43275749, networkLocation: /default-rack, certSerialId: null}9a544c2a-8f47-4cb4-8d3c-fa206030b87a{ip: 192.168.69.96, host: trunk-nightly-hmp62-43275749, networkLocation: /default-rack, certSerialId: null}c2327460-9b06-49cb-86b3-02d4da1c959b{ip: 192.168.69.96, host: trunk-nightly-hmp62-43275749, networkLocation: /default-rack, certSerialId: null}, Type:RATIS, Factor:THREE, State:OPEN]
2019-07-13 09:16:40,344 INFO  ozone.MiniOzoneClusterImpl (MiniOzoneClusterImpl.java:lambda$waitForClusterToBeReady$0(142)) - Waiting for cluster to be ready. Got 6 of 7 DN Heartbeats.
2019-07-13 09:16:40,346 INFO  node.SCMNodeManager (SCMNodeManager.java:register(269)) - Registered Data node : 7dad2a5a-e038-440b-a217-bbbb2c48d4bb{ip: 192.168.69.96, host: trunk-nightly-hmp62-43275749, networkLocation: /default-rack, certSerialId: null}
2019-07-13 09:16:40,354 INFO  impl.RaftServerProxy (RaftServerProxy.java:addNew(89)) - 7dad2a5a-e038-440b-a217-bbbb2c48d4bb: addNew group-EDEB7FDB3342:[7dad2a5a-e038-440b-a217-bbbb2c48d4bb:192.168.69.96:40277] returns group-EDEB7FDB3342:java.util.concurrent.CompletableFuture@2b864630[Not completed]
2019-07-13 09:16:40,355 INFO  impl.RaftServerImpl (RaftServerImpl.java:<init>(93)) - 7dad2a5a-e038-440b-a217-bbbb2c48d4bb: new RaftServerImpl for group-EDEB7FDB3342:[7dad2a5a-e038-440b-a217-bbbb2c48d4bb:192.168.69.96:40277] with ContainerStateMachine:uninitialized
2019-07-13 09:16:40,355 INFO  server.RaftServerConfigKeys (ConfUtils.java:logGet(43)) - raft.server.rpc.timeout.min = 5s (custom)
2019-07-13 09:16:40,355 INFO  server.RaftServerConfigKeys (ConfUtils.java:logGet(43)) - raft.server.rpc.timeout.max = 5200ms (custom)
2019-07-13 09:16:40,355 INFO  server.RaftServerConfigKeys (ConfUtils.java:logGet(43)) - raft.server.rpcslowness.timeout = 120s (custom)
2019-07-13 09:16:40,355 INFO  server.RaftServerConfigKeys (ConfUtils.java:logGet(43)) - raft.server.sleep.deviation.threshold = 300 (default)
2019-07-13 09:16:40,355 INFO  server.RaftServerConfigKeys (ConfUtils.java:logGet(43)) - raft.server.log.appender.install.snapshot.enabled = false (custom)
2019-07-13 09:16:40,356 INFO  impl.RaftServerImpl (ServerState.java:<init>(105)) - 7dad2a5a-e038-440b-a217-bbbb2c48d4bb:group-EDEB7FDB3342 ConfigurationManager, init=-1: [7dad2a5a-e038-440b-a217-bbbb2c48d4bb:192.168.69.96:40277], old=null, confs=<EMPTY_MAP>
2019-07-13 09:16:40,356 INFO  server.RaftServerConfigKeys (ConfUtils.java:logGet(43)) - raft.server.storage.dir = [/tmp/workdir/hadoop-ozone/integration-test/target/test-dir/MiniOzoneClusterImpl-eb9fb254-c95f-4215-83bc-e762092ecf51/datanode-6/data/ratis] (custom)
2019-07-13 09:16:40,356 INFO  storage.RaftStorageDirectory (RaftStorageDirectory.java:analyzeStorage(246)) - The storage directory /tmp/workdir/hadoop-ozone/integration-test/target/test-dir/MiniOzoneClusterImpl-eb9fb254-c95f-4215-83bc-e762092ecf51/datanode-6/data/ratis/f51c7a13-d803-4cd6-ab22-edeb7fdb3342 does not exist. Creating ...
2019-07-13 09:16:40,369 INFO  storage.RaftStorageDirectory (RaftStorageDirectory.java:tryLock(328)) - Lock on /tmp/workdir/hadoop-ozone/integration-test/target/test-dir/MiniOzoneClusterImpl-eb9fb254-c95f-4215-83bc-e762092ecf51/datanode-6/data/ratis/f51c7a13-d803-4cd6-ab22-edeb7fdb3342/in_use.lock acquired by nodename 8548@trunk-nightly-hmp62-43275749
2019-07-13 09:16:40,383 INFO  storage.RaftStorage (RaftStorage.java:format(72)) - Storage directory /tmp/workdir/hadoop-ozone/integration-test/target/test-dir/MiniOzoneClusterImpl-eb9fb254-c95f-4215-83bc-e762092ecf51/datanode-6/data/ratis/f51c7a13-d803-4cd6-ab22-edeb7fdb3342 has been successfully formatted.
2019-07-13 09:16:40,383 INFO  ratis.ContainerStateMachine (ContainerStateMachine.java:loadSnapshot(200)) - The snapshot info is null.Setting the last applied index to:(t:0, i:~)
2019-07-13 09:16:40,383 INFO  server.RaftServerConfigKeys (ConfUtils.java:logGet(43)) - raft.server.leader.election.timeout = 120s (custom)
2019-07-13 09:16:40,384 INFO  server.RaftServerConfigKeys (ConfUtils.java:logGet(43)) - raft.server.log.use.memory = false (default)
2019-07-13 09:16:40,384 INFO  server.RaftServerConfigKeys (ConfUtils.java:logGet(43)) - raft.server.log.purge.gap = 1000000000 (custom)
2019-07-13 09:16:40,384 INFO  server.RaftServerConfigKeys (ConfUtils.java:logGet(43)) - raft.server.log.appender.buffer.byte-limit = 33554432 (custom)
2019-07-13 09:16:40,384 INFO  server.RaftServerConfigKeys (ConfUtils.java:logGet(43)) - raft.server.log.segment.size.max = 1048576 (custom)
2019-07-13 09:16:40,384 INFO  server.RaftServerConfigKeys (ConfUtils.java:logGet(43)) - raft.server.log.segment.cache.num.max = 2 (custom)
2019-07-13 09:16:40,384 INFO  segmented.SegmentedRaftLogWorker (SegmentedRaftLogWorker.java:<init>(172)) - new 7dad2a5a-e038-440b-a217-bbbb2c48d4bb-SegmentedRaftLogWorker:Storage Directory /tmp/workdir/hadoop-ozone/integration-test/target/test-dir/MiniOzoneClusterImpl-eb9fb254-c95f-4215-83bc-e762092ecf51/datanode-6/data/ratis/f51c7a13-d803-4cd6-ab22-edeb7fdb3342 for RaftStorage:Storage Directory /tmp/workdir/hadoop-ozone/integration-test/target/test-dir/MiniOzoneClusterImpl-eb9fb254-c95f-4215-83bc-e762092ecf51/datanode-6/data/ratis/f51c7a13-d803-4cd6-ab22-edeb7fdb3342
2019-07-13 09:16:40,385 INFO  server.RaftServerConfigKeys (ConfUtils.java:logGet(43)) - raft.server.log.queue.byte-limit = 2147483647 (custom)
2019-07-13 09:16:40,385 INFO  server.RaftServerConfigKeys (ConfUtils.java:logGet(43)) - raft.server.log.queue.element-limit = 1024 (custom)
2019-07-13 09:16:40,385 INFO  server.RaftServerConfigKeys (ConfUtils.java:logGet(43)) - raft.server.log.segment.size.max = 1048576 (custom)
2019-07-13 09:16:40,385 INFO  server.RaftServerConfigKeys (ConfUtils.java:logGet(43)) - raft.server.log.preallocated.size = 16384 (custom)
2019-07-13 09:16:40,385 INFO  server.RaftServerConfigKeys (ConfUtils.java:logGet(43)) - raft.server.log.write.buffer.size = 33554432 (custom)
2019-07-13 09:16:40,385 INFO  server.RaftServerConfigKeys (ConfUtils.java:logGet(43)) - raft.server.log.force.sync.num = 128 (default)
2019-07-13 09:16:40,386 INFO  server.RaftServerConfigKeys (ConfUtils.java:logGet(43)) - raft.server.log.statemachine.data.sync = true (default)
2019-07-13 09:16:40,386 INFO  server.RaftServerConfigKeys (ConfUtils.java:logGet(43)) - raft.server.log.statemachine.data.sync.timeout = 10s (default)
2019-07-13 09:16:40,386 INFO  server.RaftServerConfigKeys (ConfUtils.java:logGet(43)) - raft.server.log.statemachine.data.sync.timeout.retry = -1 (default)
2019-07-13 09:16:40,386 INFO  server.RaftServerConfigKeys (ConfUtils.java:logGet(43)) - raft.server.log.statemachine.data.caching.enabled = true (custom)
2019-07-13 09:16:40,386 INFO  segmented.SegmentedRaftLogWorker (SegmentedRaftLogWorker.java:lambda$new$0(132)) - 7dad2a5a-e038-440b-a217-bbbb2c48d4bb-SegmentedRaftLogWorker:Storage Directory /tmp/workdir/hadoop-ozone/integration-test/target/test-dir/MiniOzoneClusterImpl-eb9fb254-c95f-4215-83bc-e762092ecf51/datanode-6/data/ratis/f51c7a13-d803-4cd6-ab22-edeb7fdb3342: flushIndex: setUnconditionally 0 -> -1
2019-07-13 09:16:40,387 INFO  server.RaftServerConfigKeys (ConfUtils.java:logGet(43)) - raft.server.snapshot.auto.trigger.enabled = true (custom)
2019-07-13 09:16:40,387 INFO  server.RaftServerConfigKeys (ConfUtils.java:logGet(43)) - raft.server.snapshot.auto.trigger.threshold = 10000 (custom)
2019-07-13 09:16:40,387 INFO  server.RaftServerConfigKeys (ConfUtils.java:logGet(43)) - raft.server.retrycache.expirytime = 600000ms (custom)
2019-07-13 09:16:40,387 INFO  impl.RaftServerImpl (RaftServerImpl.java:start(180)) - 7dad2a5a-e038-440b-a217-bbbb2c48d4bb: start group-EDEB7FDB3342
2019-07-13 09:16:40,387 INFO  impl.RaftServerImpl (RaftServerImpl.java:setRole(171)) - 7dad2a5a-e038-440b-a217-bbbb2c48d4bb:group-EDEB7FDB3342 changes role from null to FOLLOWER at term 0 for startAsFollower
2019-07-13 09:16:40,388 INFO  impl.RoleInfo (RoleInfo.java:updateAndGet(143)) - 7dad2a5a-e038-440b-a217-bbbb2c48d4bb: start FollowerState
2019-07-13 09:16:40,388 INFO  util.JmxRegister (JmxRegister.java:tryRegister(44)) - Successfully registered JMX Bean with object name Ratis:service=RaftServer,group=group-EDEB7FDB3342,id=7dad2a5a-e038-440b-a217-bbbb2c48d4bb
2019-07-13 09:16:40,390 INFO  pipeline.PipelineStateManager (PipelineStateManager.java:addPipeline(56)) - Created pipeline Pipeline[ Id: f51c7a13-d803-4cd6-ab22-edeb7fdb3342, Nodes: 7dad2a5a-e038-440b-a217-bbbb2c48d4bb{ip: 192.168.69.96, host: trunk-nightly-hmp62-43275749, networkLocation: /default-rack, certSerialId: null}, Type:RATIS, Factor:ONE, State:OPEN]
2019-07-13 09:16:41,344 INFO  ozone.MiniOzoneClusterImpl (MiniOzoneClusterImpl.java:lambda$waitForClusterToBeReady$0(142)) - Cluster is ready. Got 7 of 7 DN Heartbeats.
2019-07-13 09:16:41,388 INFO  rpc.RpcClient (RpcClient.java:createVolume(287)) - Creating Volume: testblockoutputstream, with jenkins1000 as owner.
2019-07-13 09:16:41,403 INFO  rpc.RpcClient (RpcClient.java:createBucket(424)) - Creating Bucket: testblockoutputstream/testblockoutputstream, with Versioning false and Storage Type set to DISK and Encryption set to false 
2019-07-13 09:16:41,434 INFO  client.GrpcClientProtocolClient (GrpcClientProtocolClient.java:onNext(255)) - client-981C387EA4FC->2096ab94-c10e-4212-ad33-fbb1e95f68e0: receive RaftClientReply:client-981C387EA4FC->2096ab94-c10e-4212-ad33-fbb1e95f68e0@group-532BB50822D7, cid=175, FAILED org.apache.ratis.protocol.NotLeaderException: Server 2096ab94-c10e-4212-ad33-fbb1e95f68e0 is not the leader (null). Request must be sent to leader., logIndex=0, commits[2096ab94-c10e-4212-ad33-fbb1e95f68e0:c-1]
2019-07-13 09:16:42,161 INFO  container.ReplicationManager (ReplicationManager.java:start(155)) - Starting Replication Monitor Thread.
2019-07-13 09:16:42,164 INFO  container.ReplicationManager (ReplicationManager.java:run(207)) - Replication Monitor Thread took 0 milliseconds for processing 1 containers.
2019-07-13 09:16:42,452 INFO  client.GrpcClientProtocolClient (GrpcClientProtocolClient.java:onNext(255)) - client-981C387EA4FC->6559c360-20de-4236-9585-ab0e4b55fe93: receive RaftClientReply:client-981C387EA4FC->6559c360-20de-4236-9585-ab0e4b55fe93@group-532BB50822D7, cid=175, FAILED org.apache.ratis.protocol.NotLeaderException: Server 6559c360-20de-4236-9585-ab0e4b55fe93 is not the leader (null). Request must be sent to leader., logIndex=0, commits[6559c360-20de-4236-9585-ab0e4b55fe93:c-1]
2019-07-13 09:16:43,467 INFO  client.GrpcClientProtocolClient (GrpcClientProtocolClient.java:onNext(255)) - client-981C387EA4FC->5f8d45b4-7e19-4436-96e2-91ecbc2674b2: receive RaftClientReply:client-981C387EA4FC->5f8d45b4-7e19-4436-96e2-91ecbc2674b2@group-532BB50822D7, cid=175, FAILED org.apache.ratis.protocol.NotLeaderException: Server 5f8d45b4-7e19-4436-96e2-91ecbc2674b2 is not the leader (null). Request must be sent to leader., logIndex=0, commits[5f8d45b4-7e19-4436-96e2-91ecbc2674b2:c-1]
2019-07-13 09:16:44,349 INFO  impl.FollowerState (FollowerState.java:run(106)) - 5f8d45b4-7e19-4436-96e2-91ecbc2674b2:group-516B1DA9AED8 changes to CANDIDATE, lastRpcTime:5136, electionTimeout:5136ms
2019-07-13 09:16:44,349 INFO  impl.RoleInfo (RoleInfo.java:shutdownFollowerState(121)) - 5f8d45b4-7e19-4436-96e2-91ecbc2674b2: shutdown FollowerState
2019-07-13 09:16:44,349 INFO  impl.RaftServerImpl (RaftServerImpl.java:setRole(171)) - 5f8d45b4-7e19-4436-96e2-91ecbc2674b2:group-516B1DA9AED8 changes role from FOLLOWER to CANDIDATE at term 0 for changeToCandidate
2019-07-13 09:16:44,349 INFO  impl.RoleInfo (RoleInfo.java:updateAndGet(143)) - 5f8d45b4-7e19-4436-96e2-91ecbc2674b2: start LeaderElection
2019-07-13 09:16:44,378 INFO  impl.LeaderElection (LeaderElection.java:askForVotes(181)) - 5f8d45b4-7e19-4436-96e2-91ecbc2674b2:group-516B1DA9AED8:LeaderElection55: begin an election at term 1 for -1: [5f8d45b4-7e19-4436-96e2-91ecbc2674b2:192.168.69.96:33025], old=null
2019-07-13 09:16:44,378 INFO  impl.RoleInfo (RoleInfo.java:shutdownLeaderElection(134)) - 5f8d45b4-7e19-4436-96e2-91ecbc2674b2: shutdown LeaderElection
2019-07-13 09:16:44,378 INFO  impl.RaftServerImpl (RaftServerImpl.java:setRole(171)) - 5f8d45b4-7e19-4436-96e2-91ecbc2674b2:group-516B1DA9AED8 changes role from CANDIDATE to LEADER at term 1 for changeToLeader
2019-07-13 09:16:44,378 INFO  impl.RaftServerImpl (ServerState.java:setLeader(263)) - 5f8d45b4-7e19-4436-96e2-91ecbc2674b2:group-516B1DA9AED8 change Leader from null to 5f8d45b4-7e19-4436-96e2-91ecbc2674b2 at term 1 for becomeLeader, leader elected after 5171ms
2019-07-13 09:16:44,380 INFO  server.RaftServerConfigKeys (ConfUtils.java:logGet(43)) - raft.server.staging.catchup.gap = 1000 (default)
2019-07-13 09:16:44,381 INFO  server.RaftServerConfigKeys (ConfUtils.java:logGet(43)) - raft.server.rpc.sleep.time = 25ms (default)
2019-07-13 09:16:44,381 INFO  server.RaftServerConfigKeys (ConfUtils.java:logGet(43)) - raft.server.write.element-limit = 4096 (default)
2019-07-13 09:16:44,381 INFO  server.RaftServerConfigKeys (ConfUtils.java:logGet(43)) - raft.server.watch.timeout = 10s (default)
2019-07-13 09:16:44,381 INFO  server.RaftServerConfigKeys (ConfUtils.java:logGet(43)) - raft.server.watch.timeout.denomination = 1s (default)
2019-07-13 09:16:44,381 INFO  server.RaftServerConfigKeys (ConfUtils.java:logGet(43)) - raft.server.watch.element-limit = 65536 (default)
2019-07-13 09:16:44,382 INFO  impl.RoleInfo (RoleInfo.java:updateAndGet(143)) - 5f8d45b4-7e19-4436-96e2-91ecbc2674b2: start LeaderState
2019-07-13 09:16:44,382 INFO  segmented.SegmentedRaftLogWorker (SegmentedRaftLogWorker.java:startLogSegment(380)) - 5f8d45b4-7e19-4436-96e2-91ecbc2674b2-SegmentedRaftLogWorker:Storage Directory /tmp/workdir/hadoop-ozone/integration-test/target/test-dir/MiniOzoneClusterImpl-eb9fb254-c95f-4215-83bc-e762092ecf51/datanode-0/data/ratis/51dc7a34-1102-4718-bd46-516b1da9aed8: Starting segment from index:0
2019-07-13 09:16:44,383 INFO  impl.RaftServerImpl (ServerState.java:setRaftConf(361)) - 5f8d45b4-7e19-4436-96e2-91ecbc2674b2:group-516B1DA9AED8 set configuration 0: [5f8d45b4-7e19-4436-96e2-91ecbc2674b2:192.168.69.96:33025], old=null at 0
2019-07-13 09:16:44,418 INFO  segmented.SegmentedRaftLogWorker (SegmentedRaftLogWorker.java:execute(569)) - 5f8d45b4-7e19-4436-96e2-91ecbc2674b2-SegmentedRaftLogWorker:Storage Directory /tmp/workdir/hadoop-ozone/integration-test/target/test-dir/MiniOzoneClusterImpl-eb9fb254-c95f-4215-83bc-e762092ecf51/datanode-0/data/ratis/51dc7a34-1102-4718-bd46-516b1da9aed8: created new log segment /tmp/workdir/hadoop-ozone/integration-test/target/test-dir/MiniOzoneClusterImpl-eb9fb254-c95f-4215-83bc-e762092ecf51/datanode-0/data/ratis/51dc7a34-1102-4718-bd46-516b1da9aed8/current/log_inprogress_0
2019-07-13 09:16:44,476 INFO  client.GrpcClientProtocolClient (GrpcClientProtocolClient.java:onNext(255)) - client-981C387EA4FC->2096ab94-c10e-4212-ad33-fbb1e95f68e0: receive RaftClientReply:client-981C387EA4FC->2096ab94-c10e-4212-ad33-fbb1e95f68e0@group-532BB50822D7, cid=175, FAILED org.apache.ratis.protocol.NotLeaderException: Server 2096ab94-c10e-4212-ad33-fbb1e95f68e0 is not the leader (null). Request must be sent to leader., logIndex=0, commits[2096ab94-c10e-4212-ad33-fbb1e95f68e0:c-1]
2019-07-13 09:16:44,519 INFO  impl.FollowerState (FollowerState.java:run(106)) - 6559c360-20de-4236-9585-ab0e4b55fe93:group-4B6637B9739A changes to CANDIDATE, lastRpcTime:5160, electionTimeout:5160ms
2019-07-13 09:16:44,519 INFO  impl.RoleInfo (RoleInfo.java:shutdownFollowerState(121)) - 6559c360-20de-4236-9585-ab0e4b55fe93: shutdown FollowerState
2019-07-13 09:16:44,519 INFO  impl.RaftServerImpl (RaftServerImpl.java:setRole(171)) - 6559c360-20de-4236-9585-ab0e4b55fe93:group-4B6637B9739A changes role from FOLLOWER to CANDIDATE at term 0 for changeToCandidate
2019-07-13 09:16:44,519 INFO  impl.RoleInfo (RoleInfo.java:updateAndGet(143)) - 6559c360-20de-4236-9585-ab0e4b55fe93: start LeaderElection
2019-07-13 09:16:44,538 INFO  impl.LeaderElection (LeaderElection.java:askForVotes(181)) - 6559c360-20de-4236-9585-ab0e4b55fe93:group-4B6637B9739A:LeaderElection56: begin an election at term 1 for -1: [6559c360-20de-4236-9585-ab0e4b55fe93:192.168.69.96:34517], old=null
2019-07-13 09:16:44,538 INFO  impl.RoleInfo (RoleInfo.java:shutdownLeaderElection(134)) - 6559c360-20de-4236-9585-ab0e4b55fe93: shutdown LeaderElection
2019-07-13 09:16:44,538 INFO  impl.RaftServerImpl (RaftServerImpl.java:setRole(171)) - 6559c360-20de-4236-9585-ab0e4b55fe93:group-4B6637B9739A changes role from CANDIDATE to LEADER at term 1 for changeToLeader
2019-07-13 09:16:44,538 INFO  impl.RaftServerImpl (ServerState.java:setLeader(263)) - 6559c360-20de-4236-9585-ab0e4b55fe93:group-4B6637B9739A change Leader from null to 6559c360-20de-4236-9585-ab0e4b55fe93 at term 1 for becomeLeader, leader elected after 5184ms
2019-07-13 09:16:44,541 INFO  server.RaftServerConfigKeys (ConfUtils.java:logGet(43)) - raft.server.staging.catchup.gap = 1000 (default)
2019-07-13 09:16:44,541 INFO  server.RaftServerConfigKeys (ConfUtils.java:logGet(43)) - raft.server.rpc.sleep.time = 25ms (default)
2019-07-13 09:16:44,541 INFO  server.RaftServerConfigKeys (ConfUtils.java:logGet(43)) - raft.server.write.element-limit = 4096 (default)
2019-07-13 09:16:44,541 INFO  server.RaftServerConfigKeys (ConfUtils.java:logGet(43)) - raft.server.watch.timeout = 10s (default)
2019-07-13 09:16:44,542 INFO  server.RaftServerConfigKeys (ConfUtils.java:logGet(43)) - raft.server.watch.timeout.denomination = 1s (default)
2019-07-13 09:16:44,542 INFO  server.RaftServerConfigKeys (ConfUtils.java:logGet(43)) - raft.server.watch.element-limit = 65536 (default)
2019-07-13 09:16:44,542 INFO  impl.RoleInfo (RoleInfo.java:updateAndGet(143)) - 6559c360-20de-4236-9585-ab0e4b55fe93: start LeaderState
2019-07-13 09:16:44,542 INFO  segmented.SegmentedRaftLogWorker (SegmentedRaftLogWorker.java:startLogSegment(380)) - 6559c360-20de-4236-9585-ab0e4b55fe93-SegmentedRaftLogWorker:Storage Directory /tmp/workdir/hadoop-ozone/integration-test/target/test-dir/MiniOzoneClusterImpl-eb9fb254-c95f-4215-83bc-e762092ecf51/datanode-1/data/ratis/8115923d-66ff-49f7-9c80-4b6637b9739a: Starting segment from index:0
2019-07-13 09:16:44,543 INFO  impl.RaftServerImpl (ServerState.java:setRaftConf(361)) - 6559c360-20de-4236-9585-ab0e4b55fe93:group-4B6637B9739A set configuration 0: [6559c360-20de-4236-9585-ab0e4b55fe93:192.168.69.96:34517], old=null at 0
2019-07-13 09:16:44,578 INFO  segmented.SegmentedRaftLogWorker (SegmentedRaftLogWorker.java:execute(569)) - 6559c360-20de-4236-9585-ab0e4b55fe93-SegmentedRaftLogWorker:Storage Directory /tmp/workdir/hadoop-ozone/integration-test/target/test-dir/MiniOzoneClusterImpl-eb9fb254-c95f-4215-83bc-e762092ecf51/datanode-1/data/ratis/8115923d-66ff-49f7-9c80-4b6637b9739a: created new log segment /tmp/workdir/hadoop-ozone/integration-test/target/test-dir/MiniOzoneClusterImpl-eb9fb254-c95f-4215-83bc-e762092ecf51/datanode-1/data/ratis/8115923d-66ff-49f7-9c80-4b6637b9739a/current/log_inprogress_0
2019-07-13 09:16:44,652 INFO  impl.FollowerState (FollowerState.java:run(106)) - 2096ab94-c10e-4212-ad33-fbb1e95f68e0:group-532BB50822D7 changes to CANDIDATE, lastRpcTime:5055, electionTimeout:5055ms
2019-07-13 09:16:44,652 INFO  impl.RoleInfo (RoleInfo.java:shutdownFollowerState(121)) - 2096ab94-c10e-4212-ad33-fbb1e95f68e0: shutdown FollowerState
2019-07-13 09:16:44,652 INFO  impl.RaftServerImpl (RaftServerImpl.java:setRole(171)) - 2096ab94-c10e-4212-ad33-fbb1e95f68e0:group-532BB50822D7 changes role from FOLLOWER to CANDIDATE at term 0 for changeToCandidate
2019-07-13 09:16:44,652 INFO  impl.RoleInfo (RoleInfo.java:updateAndGet(143)) - 2096ab94-c10e-4212-ad33-fbb1e95f68e0: start LeaderElection
2019-07-13 09:16:44,661 INFO  impl.FollowerState (FollowerState.java:run(106)) - 6559c360-20de-4236-9585-ab0e4b55fe93:group-532BB50822D7 changes to CANDIDATE, lastRpcTime:5042, electionTimeout:5042ms
2019-07-13 09:16:44,661 INFO  impl.RoleInfo (RoleInfo.java:shutdownFollowerState(121)) - 6559c360-20de-4236-9585-ab0e4b55fe93: shutdown FollowerState
2019-07-13 09:16:44,661 INFO  impl.RaftServerImpl (RaftServerImpl.java:setRole(171)) - 6559c360-20de-4236-9585-ab0e4b55fe93:group-532BB50822D7 changes role from FOLLOWER to CANDIDATE at term 0 for changeToCandidate
2019-07-13 09:16:44,662 INFO  impl.RoleInfo (RoleInfo.java:updateAndGet(143)) - 6559c360-20de-4236-9585-ab0e4b55fe93: start LeaderElection
2019-07-13 09:16:44,672 INFO  impl.LeaderElection (LeaderElection.java:askForVotes(181)) - 2096ab94-c10e-4212-ad33-fbb1e95f68e0:group-532BB50822D7:LeaderElection57: begin an election at term 1 for -1: [5f8d45b4-7e19-4436-96e2-91ecbc2674b2:192.168.69.96:33025, 2096ab94-c10e-4212-ad33-fbb1e95f68e0:192.168.69.96:36231, 6559c360-20de-4236-9585-ab0e4b55fe93:192.168.69.96:34517], old=null
2019-07-13 09:16:44,672 INFO  impl.LeaderElection (LeaderElection.java:askForVotes(181)) - 6559c360-20de-4236-9585-ab0e4b55fe93:group-532BB50822D7:LeaderElection58: begin an election at term 1 for -1: [5f8d45b4-7e19-4436-96e2-91ecbc2674b2:192.168.69.96:33025, 2096ab94-c10e-4212-ad33-fbb1e95f68e0:192.168.69.96:36231, 6559c360-20de-4236-9585-ab0e4b55fe93:192.168.69.96:34517], old=null
2019-07-13 09:16:44,676 INFO  impl.RaftServerImpl (RaftServerImpl.java:setRole(171)) - 5f8d45b4-7e19-4436-96e2-91ecbc2674b2:group-532BB50822D7 changes role from FOLLOWER to FOLLOWER at term 1 for recognizeCandidate:2096ab94-c10e-4212-ad33-fbb1e95f68e0
2019-07-13 09:16:44,680 INFO  impl.RoleInfo (RoleInfo.java:shutdownFollowerState(121)) - 5f8d45b4-7e19-4436-96e2-91ecbc2674b2: shutdown FollowerState
2019-07-13 09:16:44,680 INFO  impl.RoleInfo (RoleInfo.java:updateAndGet(143)) - 5f8d45b4-7e19-4436-96e2-91ecbc2674b2: start FollowerState
2019-07-13 09:16:44,680 INFO  impl.FollowerState (FollowerState.java:run(114)) - 5f8d45b4-7e19-4436-96e2-91ecbc2674b2: FollowerState was interrupted: java.lang.InterruptedException: sleep interrupted
2019-07-13 09:16:44,680 INFO  impl.FollowerState (FollowerState.java:run(106)) - 2096ab94-c10e-4212-ad33-fbb1e95f68e0:group-D1C08505AC92 changes to CANDIDATE, lastRpcTime:5151, electionTimeout:5151ms
2019-07-13 09:16:44,683 INFO  impl.RoleInfo (RoleInfo.java:shutdownFollowerState(121)) - 2096ab94-c10e-4212-ad33-fbb1e95f68e0: shutdown FollowerState
2019-07-13 09:16:44,683 INFO  impl.RaftServerImpl (RaftServerImpl.java:setRole(171)) - 2096ab94-c10e-4212-ad33-fbb1e95f68e0:group-D1C08505AC92 changes role from FOLLOWER to CANDIDATE at term 0 for changeToCandidate
2019-07-13 09:16:44,683 INFO  impl.RoleInfo (RoleInfo.java:updateAndGet(143)) - 2096ab94-c10e-4212-ad33-fbb1e95f68e0: start LeaderElection
2019-07-13 09:16:44,697 INFO  impl.LeaderElection (LeaderElection.java:logAndReturn(56)) - 2096ab94-c10e-4212-ad33-fbb1e95f68e0:group-532BB50822D7:LeaderElection57: Election PASSED; received 2 response(s) [2096ab94-c10e-4212-ad33-fbb1e95f68e0<-5f8d45b4-7e19-4436-96e2-91ecbc2674b2#0:OK-t1, 2096ab94-c10e-4212-ad33-fbb1e95f68e0<-6559c360-20de-4236-9585-ab0e4b55fe93#0:FAIL-t1] and 0 exception(s); 2096ab94-c10e-4212-ad33-fbb1e95f68e0:t1, leader=null, voted=2096ab94-c10e-4212-ad33-fbb1e95f68e0, raftlog=2096ab94-c10e-4212-ad33-fbb1e95f68e0-SegmentedRaftLog:OPENED:c-1,f-1,i0, conf=-1: [5f8d45b4-7e19-4436-96e2-91ecbc2674b2:192.168.69.96:33025, 2096ab94-c10e-4212-ad33-fbb1e95f68e0:192.168.69.96:36231, 6559c360-20de-4236-9585-ab0e4b55fe93:192.168.69.96:34517], old=null
2019-07-13 09:16:44,697 INFO  impl.LeaderElection (LeaderElection.java:logAndReturn(56)) - 6559c360-20de-4236-9585-ab0e4b55fe93:group-532BB50822D7:LeaderElection58: Election REJECTED; received 2 response(s) [6559c360-20de-4236-9585-ab0e4b55fe93<-5f8d45b4-7e19-4436-96e2-91ecbc2674b2#0:FAIL-t1, 6559c360-20de-4236-9585-ab0e4b55fe93<-2096ab94-c10e-4212-ad33-fbb1e95f68e0#0:FAIL-t1] and 0 exception(s); 6559c360-20de-4236-9585-ab0e4b55fe93:t1, leader=null, voted=6559c360-20de-4236-9585-ab0e4b55fe93, raftlog=6559c360-20de-4236-9585-ab0e4b55fe93-SegmentedRaftLog:OPENED:c-1,f-1,i0, conf=-1: [5f8d45b4-7e19-4436-96e2-91ecbc2674b2:192.168.69.96:33025, 2096ab94-c10e-4212-ad33-fbb1e95f68e0:192.168.69.96:36231, 6559c360-20de-4236-9585-ab0e4b55fe93:192.168.69.96:34517], old=null
2019-07-13 09:16:44,697 INFO  impl.RoleInfo (RoleInfo.java:shutdownLeaderElection(134)) - 2096ab94-c10e-4212-ad33-fbb1e95f68e0: shutdown LeaderElection
2019-07-13 09:16:44,697 INFO  impl.RaftServerImpl (RaftServerImpl.java:setRole(171)) - 6559c360-20de-4236-9585-ab0e4b55fe93:group-532BB50822D7 changes role from CANDIDATE to FOLLOWER at term 1 for DISCOVERED_A_NEW_TERM
2019-07-13 09:16:44,698 INFO  impl.RaftServerImpl (RaftServerImpl.java:setRole(171)) - 2096ab94-c10e-4212-ad33-fbb1e95f68e0:group-532BB50822D7 changes role from CANDIDATE to LEADER at term 1 for changeToLeader
2019-07-13 09:16:44,698 INFO  impl.RoleInfo (RoleInfo.java:shutdownLeaderElection(134)) - 6559c360-20de-4236-9585-ab0e4b55fe93: shutdown LeaderElection
2019-07-13 09:16:44,698 INFO  impl.RaftServerImpl (ServerState.java:setLeader(263)) - 2096ab94-c10e-4212-ad33-fbb1e95f68e0:group-532BB50822D7 change Leader from null to 2096ab94-c10e-4212-ad33-fbb1e95f68e0 at term 1 for becomeLeader, leader elected after 5111ms
2019-07-13 09:16:44,698 INFO  impl.RoleInfo (RoleInfo.java:updateAndGet(143)) - 6559c360-20de-4236-9585-ab0e4b55fe93: start FollowerState
2019-07-13 09:16:44,700 INFO  server.RaftServerConfigKeys (ConfUtils.java:logGet(43)) - raft.server.staging.catchup.gap = 1000 (default)
2019-07-13 09:16:44,700 INFO  server.RaftServerConfigKeys (ConfUtils.java:logGet(43)) - raft.server.rpc.sleep.time = 25ms (default)
2019-07-13 09:16:44,700 INFO  server.RaftServerConfigKeys (ConfUtils.java:logGet(43)) - raft.server.write.element-limit = 4096 (default)
2019-07-13 09:16:44,701 INFO  server.RaftServerConfigKeys (ConfUtils.java:logGet(43)) - raft.server.watch.timeout = 10s (default)
2019-07-13 09:16:44,701 INFO  server.RaftServerConfigKeys (ConfUtils.java:logGet(43)) - raft.server.watch.timeout.denomination = 1s (default)
2019-07-13 09:16:44,701 INFO  server.RaftServerConfigKeys (ConfUtils.java:logGet(43)) - raft.server.watch.element-limit = 65536 (default)
2019-07-13 09:16:44,701 INFO  server.RaftServerConfigKeys (ConfUtils.java:logGet(43)) - raft.server.log.appender.snapshot.chunk.size.max = 16MB (=16777216) (default)
2019-07-13 09:16:44,701 INFO  server.RaftServerConfigKeys (ConfUtils.java:logGet(43)) - raft.server.log.appender.buffer.byte-limit = 33554432 (custom)
2019-07-13 09:16:44,701 INFO  server.RaftServerConfigKeys (ConfUtils.java:logGet(43)) - raft.server.log.appender.buffer.element-limit = 1 (custom)
2019-07-13 09:16:44,702 INFO  grpc.GrpcConfigKeys$Server (ConfUtils.java:logGet(43)) - raft.grpc.server.leader.outstanding.appends.max = 128 (default)
2019-07-13 09:16:44,702 INFO  server.RaftServerConfigKeys (ConfUtils.java:logGet(43)) - raft.server.rpc.request.timeout = 3000ms (default)
2019-07-13 09:16:44,702 INFO  server.RaftServerConfigKeys (ConfUtils.java:logGet(43)) - raft.server.log.appender.install.snapshot.enabled = false (custom)
2019-07-13 09:16:44,702 INFO  server.RaftServerConfigKeys (ConfUtils.java:logGet(43)) - raft.server.log.appender.snapshot.chunk.size.max = 16MB (=16777216) (default)
2019-07-13 09:16:44,702 INFO  server.RaftServerConfigKeys (ConfUtils.java:logGet(43)) - raft.server.log.appender.buffer.byte-limit = 33554432 (custom)
2019-07-13 09:16:44,702 INFO  server.RaftServerConfigKeys (ConfUtils.java:logGet(43)) - raft.server.log.appender.buffer.element-limit = 1 (custom)
2019-07-13 09:16:44,703 INFO  grpc.GrpcConfigKeys$Server (ConfUtils.java:logGet(43)) - raft.grpc.server.leader.outstanding.appends.max = 128 (default)
2019-07-13 09:16:44,703 INFO  server.RaftServerConfigKeys (ConfUtils.java:logGet(43)) - raft.server.rpc.request.timeout = 3000ms (default)
2019-07-13 09:16:44,703 INFO  server.RaftServerConfigKeys (ConfUtils.java:logGet(43)) - raft.server.log.appender.install.snapshot.enabled = false (custom)
2019-07-13 09:16:44,703 INFO  impl.RoleInfo (RoleInfo.java:updateAndGet(143)) - 2096ab94-c10e-4212-ad33-fbb1e95f68e0: start LeaderState
2019-07-13 09:16:44,703 INFO  segmented.SegmentedRaftLogWorker (SegmentedRaftLogWorker.java:startLogSegment(380)) - 2096ab94-c10e-4212-ad33-fbb1e95f68e0-SegmentedRaftLogWorker:Storage Directory /tmp/workdir/hadoop-ozone/integration-test/target/test-dir/MiniOzoneClusterImpl-eb9fb254-c95f-4215-83bc-e762092ecf51/datanode-2/data/ratis/3e1734b0-2f3f-4384-98d5-532bb50822d7: Starting segment from index:0
2019-07-13 09:16:44,704 INFO  impl.RaftServerImpl (ServerState.java:setRaftConf(361)) - 2096ab94-c10e-4212-ad33-fbb1e95f68e0:group-532BB50822D7 set configuration 0: [5f8d45b4-7e19-4436-96e2-91ecbc2674b2:192.168.69.96:33025, 2096ab94-c10e-4212-ad33-fbb1e95f68e0:192.168.69.96:36231, 6559c360-20de-4236-9585-ab0e4b55fe93:192.168.69.96:34517], old=null at 0
2019-07-13 09:16:44,705 INFO  impl.RaftServerImpl (ServerState.java:setLeader(263)) - 5f8d45b4-7e19-4436-96e2-91ecbc2674b2:group-532BB50822D7 change Leader from null to 2096ab94-c10e-4212-ad33-fbb1e95f68e0 at term 1 for appendEntries, leader elected after 5118ms
2019-07-13 09:16:44,705 INFO  impl.RaftServerImpl (ServerState.java:setLeader(263)) - 6559c360-20de-4236-9585-ab0e4b55fe93:group-532BB50822D7 change Leader from null to 2096ab94-c10e-4212-ad33-fbb1e95f68e0 at term 1 for appendEntries, leader elected after 5118ms
2019-07-13 09:16:44,710 INFO  impl.RaftServerImpl (ServerState.java:setRaftConf(361)) - 5f8d45b4-7e19-4436-96e2-91ecbc2674b2:group-532BB50822D7 set configuration 0: [5f8d45b4-7e19-4436-96e2-91ecbc2674b2:192.168.69.96:33025, 2096ab94-c10e-4212-ad33-fbb1e95f68e0:192.168.69.96:36231, 6559c360-20de-4236-9585-ab0e4b55fe93:192.168.69.96:34517], old=null at 0
2019-07-13 09:16:44,710 INFO  impl.RaftServerImpl (ServerState.java:setRaftConf(361)) - 6559c360-20de-4236-9585-ab0e4b55fe93:group-532BB50822D7 set configuration 0: [5f8d45b4-7e19-4436-96e2-91ecbc2674b2:192.168.69.96:33025, 2096ab94-c10e-4212-ad33-fbb1e95f68e0:192.168.69.96:36231, 6559c360-20de-4236-9585-ab0e4b55fe93:192.168.69.96:34517], old=null at 0
2019-07-13 09:16:44,710 INFO  segmented.SegmentedRaftLogWorker (SegmentedRaftLogWorker.java:startLogSegment(380)) - 5f8d45b4-7e19-4436-96e2-91ecbc2674b2-SegmentedRaftLogWorker:Storage Directory /tmp/workdir/hadoop-ozone/integration-test/target/test-dir/MiniOzoneClusterImpl-eb9fb254-c95f-4215-83bc-e762092ecf51/datanode-0/data/ratis/3e1734b0-2f3f-4384-98d5-532bb50822d7: Starting segment from index:0
2019-07-13 09:16:44,711 INFO  segmented.SegmentedRaftLogWorker (SegmentedRaftLogWorker.java:startLogSegment(380)) - 6559c360-20de-4236-9585-ab0e4b55fe93-SegmentedRaftLogWorker:Storage Directory /tmp/workdir/hadoop-ozone/integration-test/target/test-dir/MiniOzoneClusterImpl-eb9fb254-c95f-4215-83bc-e762092ecf51/datanode-1/data/ratis/3e1734b0-2f3f-4384-98d5-532bb50822d7: Starting segment from index:0
2019-07-13 09:16:44,714 INFO  impl.LeaderElection (LeaderElection.java:askForVotes(181)) - 2096ab94-c10e-4212-ad33-fbb1e95f68e0:group-D1C08505AC92:LeaderElection59: begin an election at term 1 for -1: [2096ab94-c10e-4212-ad33-fbb1e95f68e0:192.168.69.96:36231], old=null
2019-07-13 09:16:44,714 INFO  impl.RoleInfo (RoleInfo.java:shutdownLeaderElection(134)) - 2096ab94-c10e-4212-ad33-fbb1e95f68e0: shutdown LeaderElection
2019-07-13 09:16:44,714 INFO  impl.RaftServerImpl (RaftServerImpl.java:setRole(171)) - 2096ab94-c10e-4212-ad33-fbb1e95f68e0:group-D1C08505AC92 changes role from CANDIDATE to LEADER at term 1 for changeToLeader
2019-07-13 09:16:44,714 INFO  impl.RaftServerImpl (ServerState.java:setLeader(263)) - 2096ab94-c10e-4212-ad33-fbb1e95f68e0:group-D1C08505AC92 change Leader from null to 2096ab94-c10e-4212-ad33-fbb1e95f68e0 at term 1 for becomeLeader, leader elected after 5189ms
2019-07-13 09:16:44,714 INFO  server.RaftServerConfigKeys (ConfUtils.java:logGet(43)) - raft.server.staging.catchup.gap = 1000 (default)
2019-07-13 09:16:44,714 INFO  server.RaftServerConfigKeys (ConfUtils.java:logGet(43)) - raft.server.rpc.sleep.time = 25ms (default)
2019-07-13 09:16:44,714 INFO  server.RaftServerConfigKeys (ConfUtils.java:logGet(43)) - raft.server.write.element-limit = 4096 (default)
2019-07-13 09:16:44,714 INFO  server.RaftServerConfigKeys (ConfUtils.java:logGet(43)) - raft.server.watch.timeout = 10s (default)
2019-07-13 09:16:44,715 INFO  server.RaftServerConfigKeys (ConfUtils.java:logGet(43)) - raft.server.watch.timeout.denomination = 1s (default)
2019-07-13 09:16:44,715 INFO  server.RaftServerConfigKeys (ConfUtils.java:logGet(43)) - raft.server.watch.element-limit = 65536 (default)
2019-07-13 09:16:44,715 INFO  impl.RoleInfo (RoleInfo.java:updateAndGet(143)) - 2096ab94-c10e-4212-ad33-fbb1e95f68e0: start LeaderState
2019-07-13 09:16:44,715 INFO  segmented.SegmentedRaftLogWorker (SegmentedRaftLogWorker.java:startLogSegment(380)) - 2096ab94-c10e-4212-ad33-fbb1e95f68e0-SegmentedRaftLogWorker:Storage Directory /tmp/workdir/hadoop-ozone/integration-test/target/test-dir/MiniOzoneClusterImpl-eb9fb254-c95f-4215-83bc-e762092ecf51/datanode-2/data/ratis/d7225bcd-708e-46bf-9604-d1c08505ac92: Starting segment from index:0
2019-07-13 09:16:44,717 INFO  impl.RaftServerImpl (ServerState.java:setRaftConf(361)) - 2096ab94-c10e-4212-ad33-fbb1e95f68e0:group-D1C08505AC92 set configuration 0: [2096ab94-c10e-4212-ad33-fbb1e95f68e0:192.168.69.96:36231], old=null at 0
2019-07-13 09:16:44,742 INFO  impl.FollowerState (FollowerState.java:run(106)) - dc98be44-39a7-44a3-a001-d81f6637fe10:group-1730585E4304 changes to CANDIDATE, lastRpcTime:5020, electionTimeout:5005ms
2019-07-13 09:16:44,743 INFO  impl.RoleInfo (RoleInfo.java:shutdownFollowerState(121)) - dc98be44-39a7-44a3-a001-d81f6637fe10: shutdown FollowerState
2019-07-13 09:16:44,743 INFO  impl.RaftServerImpl (RaftServerImpl.java:setRole(171)) - dc98be44-39a7-44a3-a001-d81f6637fe10:group-1730585E4304 changes role from FOLLOWER to CANDIDATE at term 0 for changeToCandidate
2019-07-13 09:16:44,743 INFO  impl.RoleInfo (RoleInfo.java:updateAndGet(143)) - dc98be44-39a7-44a3-a001-d81f6637fe10: start LeaderElection
2019-07-13 09:16:44,757 INFO  segmented.SegmentedRaftLogWorker (SegmentedRaftLogWorker.java:execute(569)) - 6559c360-20de-4236-9585-ab0e4b55fe93-SegmentedRaftLogWorker:Storage Directory /tmp/workdir/hadoop-ozone/integration-test/target/test-dir/MiniOzoneClusterImpl-eb9fb254-c95f-4215-83bc-e762092ecf51/datanode-1/data/ratis/3e1734b0-2f3f-4384-98d5-532bb50822d7: created new log segment /tmp/workdir/hadoop-ozone/integration-test/target/test-dir/MiniOzoneClusterImpl-eb9fb254-c95f-4215-83bc-e762092ecf51/datanode-1/data/ratis/3e1734b0-2f3f-4384-98d5-532bb50822d7/current/log_inprogress_0
2019-07-13 09:16:44,757 INFO  impl.LeaderElection (LeaderElection.java:askForVotes(181)) - dc98be44-39a7-44a3-a001-d81f6637fe10:group-1730585E4304:LeaderElection60: begin an election at term 1 for -1: [dc98be44-39a7-44a3-a001-d81f6637fe10:192.168.69.96:33463], old=null
2019-07-13 09:16:44,757 INFO  segmented.SegmentedRaftLogWorker (SegmentedRaftLogWorker.java:execute(569)) - 2096ab94-c10e-4212-ad33-fbb1e95f68e0-SegmentedRaftLogWorker:Storage Directory /tmp/workdir/hadoop-ozone/integration-test/target/test-dir/MiniOzoneClusterImpl-eb9fb254-c95f-4215-83bc-e762092ecf51/datanode-2/data/ratis/3e1734b0-2f3f-4384-98d5-532bb50822d7: created new log segment /tmp/workdir/hadoop-ozone/integration-test/target/test-dir/MiniOzoneClusterImpl-eb9fb254-c95f-4215-83bc-e762092ecf51/datanode-2/data/ratis/3e1734b0-2f3f-4384-98d5-532bb50822d7/current/log_inprogress_0
2019-07-13 09:16:44,757 INFO  segmented.SegmentedRaftLogWorker (SegmentedRaftLogWorker.java:execute(569)) - 5f8d45b4-7e19-4436-96e2-91ecbc2674b2-SegmentedRaftLogWorker:Storage Directory /tmp/workdir/hadoop-ozone/integration-test/target/test-dir/MiniOzoneClusterImpl-eb9fb254-c95f-4215-83bc-e762092ecf51/datanode-0/data/ratis/3e1734b0-2f3f-4384-98d5-532bb50822d7: created new log segment /tmp/workdir/hadoop-ozone/integration-test/target/test-dir/MiniOzoneClusterImpl-eb9fb254-c95f-4215-83bc-e762092ecf51/datanode-0/data/ratis/3e1734b0-2f3f-4384-98d5-532bb50822d7/current/log_inprogress_0
2019-07-13 09:16:44,757 INFO  segmented.SegmentedRaftLogWorker (SegmentedRaftLogWorker.java:execute(569)) - 2096ab94-c10e-4212-ad33-fbb1e95f68e0-SegmentedRaftLogWorker:Storage Directory /tmp/workdir/hadoop-ozone/integration-test/target/test-dir/MiniOzoneClusterImpl-eb9fb254-c95f-4215-83bc-e762092ecf51/datanode-2/data/ratis/d7225bcd-708e-46bf-9604-d1c08505ac92: created new log segment /tmp/workdir/hadoop-ozone/integration-test/target/test-dir/MiniOzoneClusterImpl-eb9fb254-c95f-4215-83bc-e762092ecf51/datanode-2/data/ratis/d7225bcd-708e-46bf-9604-d1c08505ac92/current/log_inprogress_0
2019-07-13 09:16:44,757 INFO  impl.RoleInfo (RoleInfo.java:shutdownLeaderElection(134)) - dc98be44-39a7-44a3-a001-d81f6637fe10: shutdown LeaderElection
2019-07-13 09:16:44,758 INFO  impl.RaftServerImpl (RaftServerImpl.java:setRole(171)) - dc98be44-39a7-44a3-a001-d81f6637fe10:group-1730585E4304 changes role from CANDIDATE to LEADER at term 1 for changeToLeader
2019-07-13 09:16:44,758 INFO  impl.RaftServerImpl (ServerState.java:setLeader(263)) - dc98be44-39a7-44a3-a001-d81f6637fe10:group-1730585E4304 change Leader from null to dc98be44-39a7-44a3-a001-d81f6637fe10 at term 1 for becomeLeader, leader elected after 5040ms
2019-07-13 09:16:44,760 INFO  server.RaftServerConfigKeys (ConfUtils.java:logGet(43)) - raft.server.staging.catchup.gap = 1000 (default)
2019-07-13 09:16:44,760 INFO  server.RaftServerConfigKeys (ConfUtils.java:logGet(43)) - raft.server.rpc.sleep.time = 25ms (default)
2019-07-13 09:16:44,761 INFO  server.RaftServerConfigKeys (ConfUtils.java:logGet(43)) - raft.server.write.element-limit = 4096 (default)
2019-07-13 09:16:44,761 INFO  server.RaftServerConfigKeys (ConfUtils.java:logGet(43)) - raft.server.watch.timeout = 10s (default)
2019-07-13 09:16:44,761 INFO  server.RaftServerConfigKeys (ConfUtils.java:logGet(43)) - raft.server.watch.timeout.denomination = 1s (default)
2019-07-13 09:16:44,761 INFO  server.RaftServerConfigKeys (ConfUtils.java:logGet(43)) - raft.server.watch.element-limit = 65536 (default)
2019-07-13 09:16:44,761 INFO  impl.RoleInfo (RoleInfo.java:updateAndGet(143)) - dc98be44-39a7-44a3-a001-d81f6637fe10: start LeaderState
2019-07-13 09:16:44,761 INFO  segmented.SegmentedRaftLogWorker (SegmentedRaftLogWorker.java:startLogSegment(380)) - dc98be44-39a7-44a3-a001-d81f6637fe10-SegmentedRaftLogWorker:Storage Directory /tmp/workdir/hadoop-ozone/integration-test/target/test-dir/MiniOzoneClusterImpl-eb9fb254-c95f-4215-83bc-e762092ecf51/datanode-3/data/ratis/b1cca1f9-7efe-471e-a948-1730585e4304: Starting segment from index:0
2019-07-13 09:16:44,762 INFO  impl.RaftServerImpl (ServerState.java:setRaftConf(361)) - dc98be44-39a7-44a3-a001-d81f6637fe10:group-1730585E4304 set configuration 0: [dc98be44-39a7-44a3-a001-d81f6637fe10:192.168.69.96:33463], old=null at 0
2019-07-13 09:16:44,794 INFO  segmented.SegmentedRaftLogWorker (SegmentedRaftLogWorker.java:execute(569)) - dc98be44-39a7-44a3-a001-d81f6637fe10-SegmentedRaftLogWorker:Storage Directory /tmp/workdir/hadoop-ozone/integration-test/target/test-dir/MiniOzoneClusterImpl-eb9fb254-c95f-4215-83bc-e762092ecf51/datanode-3/data/ratis/b1cca1f9-7efe-471e-a948-1730585e4304: created new log segment /tmp/workdir/hadoop-ozone/integration-test/target/test-dir/MiniOzoneClusterImpl-eb9fb254-c95f-4215-83bc-e762092ecf51/datanode-3/data/ratis/b1cca1f9-7efe-471e-a948-1730585e4304/current/log_inprogress_0
2019-07-13 09:16:45,221 INFO  impl.FollowerState (FollowerState.java:run(106)) - c2327460-9b06-49cb-86b3-02d4da1c959b:group-8470C7DB8DA5 changes to CANDIDATE, lastRpcTime:5172, electionTimeout:5172ms
2019-07-13 09:16:45,221 INFO  impl.RoleInfo (RoleInfo.java:shutdownFollowerState(121)) - c2327460-9b06-49cb-86b3-02d4da1c959b: shutdown FollowerState
2019-07-13 09:16:45,221 INFO  impl.RaftServerImpl (RaftServerImpl.java:setRole(171)) - c2327460-9b06-49cb-86b3-02d4da1c959b:group-8470C7DB8DA5 changes role from FOLLOWER to CANDIDATE at term 0 for changeToCandidate
2019-07-13 09:16:45,221 INFO  impl.RoleInfo (RoleInfo.java:updateAndGet(143)) - c2327460-9b06-49cb-86b3-02d4da1c959b: start LeaderElection
2019-07-13 09:16:45,241 INFO  impl.LeaderElection (LeaderElection.java:askForVotes(181)) - c2327460-9b06-49cb-86b3-02d4da1c959b:group-8470C7DB8DA5:LeaderElection61: begin an election at term 1 for -1: [c2327460-9b06-49cb-86b3-02d4da1c959b:192.168.69.96:35402], old=null
2019-07-13 09:16:45,241 INFO  impl.RoleInfo (RoleInfo.java:shutdownLeaderElection(134)) - c2327460-9b06-49cb-86b3-02d4da1c959b: shutdown LeaderElection
2019-07-13 09:16:45,241 INFO  impl.RaftServerImpl (RaftServerImpl.java:setRole(171)) - c2327460-9b06-49cb-86b3-02d4da1c959b:group-8470C7DB8DA5 changes role from CANDIDATE to LEADER at term 1 for changeToLeader
2019-07-13 09:16:45,241 INFO  impl.RaftServerImpl (ServerState.java:setLeader(263)) - c2327460-9b06-49cb-86b3-02d4da1c959b:group-8470C7DB8DA5 change Leader from null to c2327460-9b06-49cb-86b3-02d4da1c959b at term 1 for becomeLeader, leader elected after 5196ms
2019-07-13 09:16:45,244 INFO  server.RaftServerConfigKeys (ConfUtils.java:logGet(43)) - raft.server.staging.catchup.gap = 1000 (default)
2019-07-13 09:16:45,244 INFO  server.RaftServerConfigKeys (ConfUtils.java:logGet(43)) - raft.server.rpc.sleep.time = 25ms (default)
2019-07-13 09:16:45,244 INFO  server.RaftServerConfigKeys (ConfUtils.java:logGet(43)) - raft.server.write.element-limit = 4096 (default)
2019-07-13 09:16:45,244 INFO  server.RaftServerConfigKeys (ConfUtils.java:logGet(43)) - raft.server.watch.timeout = 10s (default)
2019-07-13 09:16:45,244 INFO  server.RaftServerConfigKeys (ConfUtils.java:logGet(43)) - raft.server.watch.timeout.denomination = 1s (default)
2019-07-13 09:16:45,245 INFO  server.RaftServerConfigKeys (ConfUtils.java:logGet(43)) - raft.server.watch.element-limit = 65536 (default)
2019-07-13 09:16:45,245 INFO  impl.RoleInfo (RoleInfo.java:updateAndGet(143)) - c2327460-9b06-49cb-86b3-02d4da1c959b: start LeaderState
2019-07-13 09:16:45,245 INFO  segmented.SegmentedRaftLogWorker (SegmentedRaftLogWorker.java:startLogSegment(380)) - c2327460-9b06-49cb-86b3-02d4da1c959b-SegmentedRaftLogWorker:Storage Directory /tmp/workdir/hadoop-ozone/integration-test/target/test-dir/MiniOzoneClusterImpl-eb9fb254-c95f-4215-83bc-e762092ecf51/datanode-4/data/ratis/f2bc31bd-fe5d-49bc-9246-8470c7db8da5: Starting segment from index:0
2019-07-13 09:16:45,246 INFO  impl.RaftServerImpl (ServerState.java:setRaftConf(361)) - c2327460-9b06-49cb-86b3-02d4da1c959b:group-8470C7DB8DA5 set configuration 0: [c2327460-9b06-49cb-86b3-02d4da1c959b:192.168.69.96:35402], old=null at 0
2019-07-13 09:16:45,280 INFO  segmented.SegmentedRaftLogWorker (SegmentedRaftLogWorker.java:execute(569)) - c2327460-9b06-49cb-86b3-02d4da1c959b-SegmentedRaftLogWorker:Storage Directory /tmp/workdir/hadoop-ozone/integration-test/target/test-dir/MiniOzoneClusterImpl-eb9fb254-c95f-4215-83bc-e762092ecf51/datanode-4/data/ratis/f2bc31bd-fe5d-49bc-9246-8470c7db8da5: created new log segment /tmp/workdir/hadoop-ozone/integration-test/target/test-dir/MiniOzoneClusterImpl-eb9fb254-c95f-4215-83bc-e762092ecf51/datanode-4/data/ratis/f2bc31bd-fe5d-49bc-9246-8470c7db8da5/current/log_inprogress_0
2019-07-13 09:16:45,295 INFO  impl.FollowerState (FollowerState.java:run(106)) - 9a544c2a-8f47-4cb4-8d3c-fa206030b87a:group-FE1752CB896E changes to CANDIDATE, lastRpcTime:5078, electionTimeout:5078ms
2019-07-13 09:16:45,295 INFO  impl.RoleInfo (RoleInfo.java:shutdownFollowerState(121)) - 9a544c2a-8f47-4cb4-8d3c-fa206030b87a: shutdown FollowerState
2019-07-13 09:16:45,296 INFO  impl.RaftServerImpl (RaftServerImpl.java:setRole(171)) - 9a544c2a-8f47-4cb4-8d3c-fa206030b87a:group-FE1752CB896E changes role from FOLLOWER to CANDIDATE at term 0 for changeToCandidate
2019-07-13 09:16:45,296 INFO  impl.RoleInfo (RoleInfo.java:updateAndGet(143)) - 9a544c2a-8f47-4cb4-8d3c-fa206030b87a: start LeaderElection
2019-07-13 09:16:45,309 INFO  impl.LeaderElection (LeaderElection.java:askForVotes(181)) - 9a544c2a-8f47-4cb4-8d3c-fa206030b87a:group-FE1752CB896E:LeaderElection62: begin an election at term 1 for -1: [9a544c2a-8f47-4cb4-8d3c-fa206030b87a:192.168.69.96:45479], old=null
2019-07-13 09:16:45,309 INFO  impl.RoleInfo (RoleInfo.java:shutdownLeaderElection(134)) - 9a544c2a-8f47-4cb4-8d3c-fa206030b87a: shutdown LeaderElection
2019-07-13 09:16:45,309 INFO  impl.RaftServerImpl (RaftServerImpl.java:setRole(171)) - 9a544c2a-8f47-4cb4-8d3c-fa206030b87a:group-FE1752CB896E changes role from CANDIDATE to LEADER at term 1 for changeToLeader
2019-07-13 09:16:45,309 INFO  impl.RaftServerImpl (ServerState.java:setLeader(263)) - 9a544c2a-8f47-4cb4-8d3c-fa206030b87a:group-FE1752CB896E change Leader from null to 9a544c2a-8f47-4cb4-8d3c-fa206030b87a at term 1 for becomeLeader, leader elected after 5096ms
2019-07-13 09:16:45,311 INFO  server.RaftServerConfigKeys (ConfUtils.java:logGet(43)) - raft.server.staging.catchup.gap = 1000 (default)
2019-07-13 09:16:45,312 INFO  server.RaftServerConfigKeys (ConfUtils.java:logGet(43)) - raft.server.rpc.sleep.time = 25ms (default)
2019-07-13 09:16:45,312 INFO  server.RaftServerConfigKeys (ConfUtils.java:logGet(43)) - raft.server.write.element-limit = 4096 (default)
2019-07-13 09:16:45,312 INFO  server.RaftServerConfigKeys (ConfUtils.java:logGet(43)) - raft.server.watch.timeout = 10s (default)
2019-07-13 09:16:45,312 INFO  server.RaftServerConfigKeys (ConfUtils.java:logGet(43)) - raft.server.watch.timeout.denomination = 1s (default)
2019-07-13 09:16:45,312 INFO  server.RaftServerConfigKeys (ConfUtils.java:logGet(43)) - raft.server.watch.element-limit = 65536 (default)
2019-07-13 09:16:45,312 INFO  impl.RoleInfo (RoleInfo.java:updateAndGet(143)) - 9a544c2a-8f47-4cb4-8d3c-fa206030b87a: start LeaderState
2019-07-13 09:16:45,313 INFO  segmented.SegmentedRaftLogWorker (SegmentedRaftLogWorker.java:startLogSegment(380)) - 9a544c2a-8f47-4cb4-8d3c-fa206030b87a-SegmentedRaftLogWorker:Storage Directory /tmp/workdir/hadoop-ozone/integration-test/target/test-dir/MiniOzoneClusterImpl-eb9fb254-c95f-4215-83bc-e762092ecf51/datanode-5/data/ratis/ab36c033-7809-42a7-8733-fe1752cb896e: Starting segment from index:0
2019-07-13 09:16:45,313 INFO  impl.RaftServerImpl (ServerState.java:setRaftConf(361)) - 9a544c2a-8f47-4cb4-8d3c-fa206030b87a:group-FE1752CB896E set configuration 0: [9a544c2a-8f47-4cb4-8d3c-fa206030b87a:192.168.69.96:45479], old=null at 0
2019-07-13 09:16:45,348 INFO  segmented.SegmentedRaftLogWorker (SegmentedRaftLogWorker.java:execute(569)) - 9a544c2a-8f47-4cb4-8d3c-fa206030b87a-SegmentedRaftLogWorker:Storage Directory /tmp/workdir/hadoop-ozone/integration-test/target/test-dir/MiniOzoneClusterImpl-eb9fb254-c95f-4215-83bc-e762092ecf51/datanode-5/data/ratis/ab36c033-7809-42a7-8733-fe1752cb896e: created new log segment /tmp/workdir/hadoop-ozone/integration-test/target/test-dir/MiniOzoneClusterImpl-eb9fb254-c95f-4215-83bc-e762092ecf51/datanode-5/data/ratis/ab36c033-7809-42a7-8733-fe1752cb896e/current/log_inprogress_0
2019-07-13 09:16:45,361 INFO  impl.FollowerState (FollowerState.java:run(106)) - c2327460-9b06-49cb-86b3-02d4da1c959b:group-D27F074936C1 changes to CANDIDATE, lastRpcTime:5084, electionTimeout:5084ms
2019-07-13 09:16:45,361 INFO  impl.RoleInfo (RoleInfo.java:shutdownFollowerState(121)) - c2327460-9b06-49cb-86b3-02d4da1c959b: shutdown FollowerState
2019-07-13 09:16:45,361 INFO  impl.RaftServerImpl (RaftServerImpl.java:setRole(171)) - c2327460-9b06-49cb-86b3-02d4da1c959b:group-D27F074936C1 changes role from FOLLOWER to CANDIDATE at term 0 for changeToCandidate
2019-07-13 09:16:45,361 INFO  impl.RoleInfo (RoleInfo.java:updateAndGet(143)) - c2327460-9b06-49cb-86b3-02d4da1c959b: start LeaderElection
2019-07-13 09:16:45,380 INFO  impl.LeaderElection (LeaderElection.java:askForVotes(181)) - c2327460-9b06-49cb-86b3-02d4da1c959b:group-D27F074936C1:LeaderElection63: begin an election at term 1 for -1: [c2327460-9b06-49cb-86b3-02d4da1c959b:192.168.69.96:35402, dc98be44-39a7-44a3-a001-d81f6637fe10:192.168.69.96:33463, 9a544c2a-8f47-4cb4-8d3c-fa206030b87a:192.168.69.96:45479], old=null
2019-07-13 09:16:45,385 INFO  impl.RaftServerImpl (RaftServerImpl.java:setRole(171)) - dc98be44-39a7-44a3-a001-d81f6637fe10:group-D27F074936C1 changes role from FOLLOWER to FOLLOWER at term 1 for recognizeCandidate:c2327460-9b06-49cb-86b3-02d4da1c959b
2019-07-13 09:16:45,385 INFO  impl.RaftServerImpl (RaftServerImpl.java:setRole(171)) - 9a544c2a-8f47-4cb4-8d3c-fa206030b87a:group-D27F074936C1 changes role from FOLLOWER to FOLLOWER at term 1 for recognizeCandidate:c2327460-9b06-49cb-86b3-02d4da1c959b
2019-07-13 09:16:45,385 INFO  impl.RoleInfo (RoleInfo.java:shutdownFollowerState(121)) - dc98be44-39a7-44a3-a001-d81f6637fe10: shutdown FollowerState
2019-07-13 09:16:45,385 INFO  impl.RoleInfo (RoleInfo.java:shutdownFollowerState(121)) - 9a544c2a-8f47-4cb4-8d3c-fa206030b87a: shutdown FollowerState
2019-07-13 09:16:45,386 INFO  impl.FollowerState (FollowerState.java:run(114)) - dc98be44-39a7-44a3-a001-d81f6637fe10: FollowerState was interrupted: java.lang.InterruptedException: sleep interrupted
2019-07-13 09:16:45,386 INFO  impl.FollowerState (FollowerState.java:run(114)) - 9a544c2a-8f47-4cb4-8d3c-fa206030b87a: FollowerState was interrupted: java.lang.InterruptedException: sleep interrupted
2019-07-13 09:16:45,386 INFO  impl.RoleInfo (RoleInfo.java:updateAndGet(143)) - dc98be44-39a7-44a3-a001-d81f6637fe10: start FollowerState
2019-07-13 09:16:45,386 INFO  impl.RoleInfo (RoleInfo.java:updateAndGet(143)) - 9a544c2a-8f47-4cb4-8d3c-fa206030b87a: start FollowerState
2019-07-13 09:16:45,406 INFO  impl.LeaderElection (LeaderElection.java:logAndReturn(56)) - c2327460-9b06-49cb-86b3-02d4da1c959b:group-D27F074936C1:LeaderElection63: Election PASSED; received 1 response(s) [c2327460-9b06-49cb-86b3-02d4da1c959b<-9a544c2a-8f47-4cb4-8d3c-fa206030b87a#0:OK-t1] and 0 exception(s); c2327460-9b06-49cb-86b3-02d4da1c959b:t1, leader=null, voted=c2327460-9b06-49cb-86b3-02d4da1c959b, raftlog=c2327460-9b06-49cb-86b3-02d4da1c959b-SegmentedRaftLog:OPENED:c-1,f-1,i0, conf=-1: [c2327460-9b06-49cb-86b3-02d4da1c959b:192.168.69.96:35402, dc98be44-39a7-44a3-a001-d81f6637fe10:192.168.69.96:33463, 9a544c2a-8f47-4cb4-8d3c-fa206030b87a:192.168.69.96:45479], old=null
2019-07-13 09:16:45,406 INFO  impl.RoleInfo (RoleInfo.java:shutdownLeaderElection(134)) - c2327460-9b06-49cb-86b3-02d4da1c959b: shutdown LeaderElection
2019-07-13 09:16:45,406 INFO  impl.RaftServerImpl (RaftServerImpl.java:setRole(171)) - c2327460-9b06-49cb-86b3-02d4da1c959b:group-D27F074936C1 changes role from CANDIDATE to LEADER at term 1 for changeToLeader
2019-07-13 09:16:45,406 INFO  impl.RaftServerImpl (ServerState.java:setLeader(263)) - c2327460-9b06-49cb-86b3-02d4da1c959b:group-D27F074936C1 change Leader from null to c2327460-9b06-49cb-86b3-02d4da1c959b at term 1 for becomeLeader, leader elected after 5141ms
2019-07-13 09:16:45,406 INFO  server.RaftServerConfigKeys (ConfUtils.java:logGet(43)) - raft.server.staging.catchup.gap = 1000 (default)
2019-07-13 09:16:45,406 INFO  server.RaftServerConfigKeys (ConfUtils.java:logGet(43)) - raft.server.rpc.sleep.time = 25ms (default)
2019-07-13 09:16:45,407 INFO  server.RaftServerConfigKeys (ConfUtils.java:logGet(43)) - raft.server.write.element-limit = 4096 (default)
2019-07-13 09:16:45,407 INFO  server.RaftServerConfigKeys (ConfUtils.java:logGet(43)) - raft.server.watch.timeout = 10s (default)
2019-07-13 09:16:45,407 INFO  server.RaftServerConfigKeys (ConfUtils.java:logGet(43)) - raft.server.watch.timeout.denomination = 1s (default)
2019-07-13 09:16:45,407 INFO  server.RaftServerConfigKeys (ConfUtils.java:logGet(43)) - raft.server.watch.element-limit = 65536 (default)
2019-07-13 09:16:45,407 INFO  server.RaftServerConfigKeys (ConfUtils.java:logGet(43)) - raft.server.log.appender.snapshot.chunk.size.max = 16MB (=16777216) (default)
2019-07-13 09:16:45,408 INFO  server.RaftServerConfigKeys (ConfUtils.java:logGet(43)) - raft.server.log.appender.buffer.byte-limit = 33554432 (custom)
2019-07-13 09:16:45,408 INFO  server.RaftServerConfigKeys (ConfUtils.java:logGet(43)) - raft.server.log.appender.buffer.element-limit = 1 (custom)
2019-07-13 09:16:45,408 INFO  grpc.GrpcConfigKeys$Server (ConfUtils.java:logGet(43)) - raft.grpc.server.leader.outstanding.appends.max = 128 (default)
2019-07-13 09:16:45,408 INFO  server.RaftServerConfigKeys (ConfUtils.java:logGet(43)) - raft.server.rpc.request.timeout = 3000ms (default)
2019-07-13 09:16:45,409 INFO  server.RaftServerConfigKeys (ConfUtils.java:logGet(43)) - raft.server.log.appender.install.snapshot.enabled = false (custom)
2019-07-13 09:16:45,409 INFO  server.RaftServerConfigKeys (ConfUtils.java:logGet(43)) - raft.server.log.appender.snapshot.chunk.size.max = 16MB (=16777216) (default)
2019-07-13 09:16:45,409 INFO  server.RaftServerConfigKeys (ConfUtils.java:logGet(43)) - raft.server.log.appender.buffer.byte-limit = 33554432 (custom)
2019-07-13 09:16:45,410 INFO  server.RaftServerConfigKeys (ConfUtils.java:logGet(43)) - raft.server.log.appender.buffer.element-limit = 1 (custom)
2019-07-13 09:16:45,410 INFO  grpc.GrpcConfigKeys$Server (ConfUtils.java:logGet(43)) - raft.grpc.server.leader.outstanding.appends.max = 128 (default)
2019-07-13 09:16:45,410 INFO  server.RaftServerConfigKeys (ConfUtils.java:logGet(43)) - raft.server.rpc.request.timeout = 3000ms (default)
2019-07-13 09:16:45,411 INFO  server.RaftServerConfigKeys (ConfUtils.java:logGet(43)) - raft.server.log.appender.install.snapshot.enabled = false (custom)
2019-07-13 09:16:45,411 INFO  impl.RoleInfo (RoleInfo.java:updateAndGet(143)) - c2327460-9b06-49cb-86b3-02d4da1c959b: start LeaderState
2019-07-13 09:16:45,411 INFO  segmented.SegmentedRaftLogWorker (SegmentedRaftLogWorker.java:startLogSegment(380)) - c2327460-9b06-49cb-86b3-02d4da1c959b-SegmentedRaftLogWorker:Storage Directory /tmp/workdir/hadoop-ozone/integration-test/target/test-dir/MiniOzoneClusterImpl-eb9fb254-c95f-4215-83bc-e762092ecf51/datanode-4/data/ratis/d8345fb5-b3f6-4798-9263-d27f074936c1: Starting segment from index:0
2019-07-13 09:16:45,413 INFO  impl.RaftServerImpl (ServerState.java:setRaftConf(361)) - c2327460-9b06-49cb-86b3-02d4da1c959b:group-D27F074936C1 set configuration 0: [c2327460-9b06-49cb-86b3-02d4da1c959b:192.168.69.96:35402, dc98be44-39a7-44a3-a001-d81f6637fe10:192.168.69.96:33463, 9a544c2a-8f47-4cb4-8d3c-fa206030b87a:192.168.69.96:45479], old=null at 0
2019-07-13 09:16:45,437 INFO  impl.RaftServerImpl (ServerState.java:setLeader(263)) - 9a544c2a-8f47-4cb4-8d3c-fa206030b87a:group-D27F074936C1 change Leader from null to c2327460-9b06-49cb-86b3-02d4da1c959b at term 1 for appendEntries, leader elected after 5172ms
2019-07-13 09:16:45,437 INFO  impl.RaftServerImpl (ServerState.java:setLeader(263)) - dc98be44-39a7-44a3-a001-d81f6637fe10:group-D27F074936C1 change Leader from null to c2327460-9b06-49cb-86b3-02d4da1c959b at term 1 for appendEntries, leader elected after 5171ms
2019-07-13 09:16:45,447 INFO  impl.RaftServerImpl (ServerState.java:setRaftConf(361)) - dc98be44-39a7-44a3-a001-d81f6637fe10:group-D27F074936C1 set configuration 0: [c2327460-9b06-49cb-86b3-02d4da1c959b:192.168.69.96:35402, dc98be44-39a7-44a3-a001-d81f6637fe10:192.168.69.96:33463, 9a544c2a-8f47-4cb4-8d3c-fa206030b87a:192.168.69.96:45479], old=null at 0
2019-07-13 09:16:45,447 INFO  impl.RaftServerImpl (ServerState.java:setRaftConf(361)) - 9a544c2a-8f47-4cb4-8d3c-fa206030b87a:group-D27F074936C1 set configuration 0: [c2327460-9b06-49cb-86b3-02d4da1c959b:192.168.69.96:35402, dc98be44-39a7-44a3-a001-d81f6637fe10:192.168.69.96:33463, 9a544c2a-8f47-4cb4-8d3c-fa206030b87a:192.168.69.96:45479], old=null at 0
2019-07-13 09:16:45,447 INFO  segmented.SegmentedRaftLogWorker (SegmentedRaftLogWorker.java:execute(569)) - c2327460-9b06-49cb-86b3-02d4da1c959b-SegmentedRaftLogWorker:Storage Directory /tmp/workdir/hadoop-ozone/integration-test/target/test-dir/MiniOzoneClusterImpl-eb9fb254-c95f-4215-83bc-e762092ecf51/datanode-4/data/ratis/d8345fb5-b3f6-4798-9263-d27f074936c1: created new log segment /tmp/workdir/hadoop-ozone/integration-test/target/test-dir/MiniOzoneClusterImpl-eb9fb254-c95f-4215-83bc-e762092ecf51/datanode-4/data/ratis/d8345fb5-b3f6-4798-9263-d27f074936c1/current/log_inprogress_0
2019-07-13 09:16:45,447 INFO  segmented.SegmentedRaftLogWorker (SegmentedRaftLogWorker.java:startLogSegment(380)) - dc98be44-39a7-44a3-a001-d81f6637fe10-SegmentedRaftLogWorker:Storage Directory /tmp/workdir/hadoop-ozone/integration-test/target/test-dir/MiniOzoneClusterImpl-eb9fb254-c95f-4215-83bc-e762092ecf51/datanode-3/data/ratis/d8345fb5-b3f6-4798-9263-d27f074936c1: Starting segment from index:0
2019-07-13 09:16:45,448 INFO  segmented.SegmentedRaftLogWorker (SegmentedRaftLogWorker.java:startLogSegment(380)) - 9a544c2a-8f47-4cb4-8d3c-fa206030b87a-SegmentedRaftLogWorker:Storage Directory /tmp/workdir/hadoop-ozone/integration-test/target/test-dir/MiniOzoneClusterImpl-eb9fb254-c95f-4215-83bc-e762092ecf51/datanode-5/data/ratis/d8345fb5-b3f6-4798-9263-d27f074936c1: Starting segment from index:0
2019-07-13 09:16:45,479 INFO  segmented.SegmentedRaftLogWorker (SegmentedRaftLogWorker.java:execute(569)) - 9a544c2a-8f47-4cb4-8d3c-fa206030b87a-SegmentedRaftLogWorker:Storage Directory /tmp/workdir/hadoop-ozone/integration-test/target/test-dir/MiniOzoneClusterImpl-eb9fb254-c95f-4215-83bc-e762092ecf51/datanode-5/data/ratis/d8345fb5-b3f6-4798-9263-d27f074936c1: created new log segment /tmp/workdir/hadoop-ozone/integration-test/target/test-dir/MiniOzoneClusterImpl-eb9fb254-c95f-4215-83bc-e762092ecf51/datanode-5/data/ratis/d8345fb5-b3f6-4798-9263-d27f074936c1/current/log_inprogress_0
2019-07-13 09:16:45,479 INFO  segmented.SegmentedRaftLogWorker (SegmentedRaftLogWorker.java:execute(569)) - dc98be44-39a7-44a3-a001-d81f6637fe10-SegmentedRaftLogWorker:Storage Directory /tmp/workdir/hadoop-ozone/integration-test/target/test-dir/MiniOzoneClusterImpl-eb9fb254-c95f-4215-83bc-e762092ecf51/datanode-3/data/ratis/d8345fb5-b3f6-4798-9263-d27f074936c1: created new log segment /tmp/workdir/hadoop-ozone/integration-test/target/test-dir/MiniOzoneClusterImpl-eb9fb254-c95f-4215-83bc-e762092ecf51/datanode-3/data/ratis/d8345fb5-b3f6-4798-9263-d27f074936c1/current/log_inprogress_0
2019-07-13 09:16:45,487 INFO  client.GrpcClientProtocolClient (GrpcClientProtocolClient.java:onNext(255)) - client-981C387EA4FC->5f8d45b4-7e19-4436-96e2-91ecbc2674b2: receive RaftClientReply:client-981C387EA4FC->5f8d45b4-7e19-4436-96e2-91ecbc2674b2@group-532BB50822D7, cid=175, FAILED org.apache.ratis.protocol.NotLeaderException: Server 5f8d45b4-7e19-4436-96e2-91ecbc2674b2 is not the leader (2096ab94-c10e-4212-ad33-fbb1e95f68e0:192.168.69.96:36231). Request must be sent to leader., logIndex=0, commits[5f8d45b4-7e19-4436-96e2-91ecbc2674b2:c-1, 2096ab94-c10e-4212-ad33-fbb1e95f68e0:c-1, 6559c360-20de-4236-9585-ab0e4b55fe93:c-1]
2019-07-13 09:16:45,498 INFO  impl.FollowerState (FollowerState.java:run(106)) - 7dad2a5a-e038-440b-a217-bbbb2c48d4bb:group-EDEB7FDB3342 changes to CANDIDATE, lastRpcTime:5109, electionTimeout:5108ms
2019-07-13 09:16:45,500 INFO  impl.RoleInfo (RoleInfo.java:shutdownFollowerState(121)) - 7dad2a5a-e038-440b-a217-bbbb2c48d4bb: shutdown FollowerState
2019-07-13 09:16:45,500 INFO  impl.RaftServerImpl (RaftServerImpl.java:setRole(171)) - 7dad2a5a-e038-440b-a217-bbbb2c48d4bb:group-EDEB7FDB3342 changes role from FOLLOWER to CANDIDATE at term 0 for changeToCandidate
2019-07-13 09:16:45,500 INFO  impl.RoleInfo (RoleInfo.java:updateAndGet(143)) - 7dad2a5a-e038-440b-a217-bbbb2c48d4bb: start LeaderElection
2019-07-13 09:16:45,515 INFO  impl.LeaderElection (LeaderElection.java:askForVotes(181)) - 7dad2a5a-e038-440b-a217-bbbb2c48d4bb:group-EDEB7FDB3342:LeaderElection64: begin an election at term 1 for -1: [7dad2a5a-e038-440b-a217-bbbb2c48d4bb:192.168.69.96:40277], old=null
2019-07-13 09:16:45,515 INFO  impl.RoleInfo (RoleInfo.java:shutdownLeaderElection(134)) - 7dad2a5a-e038-440b-a217-bbbb2c48d4bb: shutdown LeaderElection
2019-07-13 09:16:45,515 INFO  impl.RaftServerImpl (RaftServerImpl.java:setRole(171)) - 7dad2a5a-e038-440b-a217-bbbb2c48d4bb:group-EDEB7FDB3342 changes role from CANDIDATE to LEADER at term 1 for changeToLeader
2019-07-13 09:16:45,516 INFO  impl.RaftServerImpl (ServerState.java:setLeader(263)) - 7dad2a5a-e038-440b-a217-bbbb2c48d4bb:group-EDEB7FDB3342 change Leader from null to 7dad2a5a-e038-440b-a217-bbbb2c48d4bb at term 1 for becomeLeader, leader elected after 5132ms
2019-07-13 09:16:45,518 INFO  server.RaftServerConfigKeys (ConfUtils.java:logGet(43)) - raft.server.staging.catchup.gap = 1000 (default)
2019-07-13 09:16:45,518 INFO  server.RaftServerConfigKeys (ConfUtils.java:logGet(43)) - raft.server.rpc.sleep.time = 25ms (default)
2019-07-13 09:16:45,518 INFO  server.RaftServerConfigKeys (ConfUtils.java:logGet(43)) - raft.server.write.element-limit = 4096 (default)
2019-07-13 09:16:45,518 INFO  server.RaftServerConfigKeys (ConfUtils.java:logGet(43)) - raft.server.watch.timeout = 10s (default)
2019-07-13 09:16:45,518 INFO  server.RaftServerConfigKeys (ConfUtils.java:logGet(43)) - raft.server.watch.timeout.denomination = 1s (default)
2019-07-13 09:16:45,519 INFO  server.RaftServerConfigKeys (ConfUtils.java:logGet(43)) - raft.server.watch.element-limit = 65536 (default)
2019-07-13 09:16:45,519 INFO  impl.RoleInfo (RoleInfo.java:updateAndGet(143)) - 7dad2a5a-e038-440b-a217-bbbb2c48d4bb: start LeaderState
2019-07-13 09:16:45,519 INFO  segmented.SegmentedRaftLogWorker (SegmentedRaftLogWorker.java:startLogSegment(380)) - 7dad2a5a-e038-440b-a217-bbbb2c48d4bb-SegmentedRaftLogWorker:Storage Directory /tmp/workdir/hadoop-ozone/integration-test/target/test-dir/MiniOzoneClusterImpl-eb9fb254-c95f-4215-83bc-e762092ecf51/datanode-6/data/ratis/f51c7a13-d803-4cd6-ab22-edeb7fdb3342: Starting segment from index:0
2019-07-13 09:16:45,520 INFO  impl.RaftServerImpl (ServerState.java:setRaftConf(361)) - 7dad2a5a-e038-440b-a217-bbbb2c48d4bb:group-EDEB7FDB3342 set configuration 0: [7dad2a5a-e038-440b-a217-bbbb2c48d4bb:192.168.69.96:40277], old=null at 0
2019-07-13 09:16:45,544 INFO  segmented.SegmentedRaftLogWorker (SegmentedRaftLogWorker.java:execute(569)) - 7dad2a5a-e038-440b-a217-bbbb2c48d4bb-SegmentedRaftLogWorker:Storage Directory /tmp/workdir/hadoop-ozone/integration-test/target/test-dir/MiniOzoneClusterImpl-eb9fb254-c95f-4215-83bc-e762092ecf51/datanode-6/data/ratis/f51c7a13-d803-4cd6-ab22-edeb7fdb3342: created new log segment /tmp/workdir/hadoop-ozone/integration-test/target/test-dir/MiniOzoneClusterImpl-eb9fb254-c95f-4215-83bc-e762092ecf51/datanode-6/data/ratis/f51c7a13-d803-4cd6-ab22-edeb7fdb3342/current/log_inprogress_0
2019-07-13 09:16:45,627 INFO  client.GrpcClientProtocolClient (GrpcClientProtocolClient.java:onNext(255)) - client-981C387EA4FC->2096ab94-c10e-4212-ad33-fbb1e95f68e0: receive RaftClientReply:client-981C387EA4FC->2096ab94-c10e-4212-ad33-fbb1e95f68e0@group-532BB50822D7, cid=175, SUCCESS, logIndex=1, commits[2096ab94-c10e-4212-ad33-fbb1e95f68e0:c1, 5f8d45b4-7e19-4436-96e2-91ecbc2674b2:c0, 6559c360-20de-4236-9585-ab0e4b55fe93:c0]
2019-07-13 09:16:45,642 INFO  client.GrpcClientProtocolClient (GrpcClientProtocolClient.java:onNext(255)) - client-981C387EA4FC->2096ab94-c10e-4212-ad33-fbb1e95f68e0: receive RaftClientReply:client-981C387EA4FC->2096ab94-c10e-4212-ad33-fbb1e95f68e0@group-532BB50822D7, cid=176, SUCCESS, logIndex=3, commits[2096ab94-c10e-4212-ad33-fbb1e95f68e0:c5, 5f8d45b4-7e19-4436-96e2-91ecbc2674b2:c1, 6559c360-20de-4236-9585-ab0e4b55fe93:c1]
2019-07-13 09:16:45,685 INFO  client.GrpcClientProtocolClient (GrpcClientProtocolClient.java:onNext(255)) - client-981C387EA4FC->2096ab94-c10e-4212-ad33-fbb1e95f68e0: receive RaftClientReply:client-981C387EA4FC->2096ab94-c10e-4212-ad33-fbb1e95f68e0@group-532BB50822D7, cid=177, SUCCESS, logIndex=4, commits[2096ab94-c10e-4212-ad33-fbb1e95f68e0:c12, 5f8d45b4-7e19-4436-96e2-91ecbc2674b2:c7, 6559c360-20de-4236-9585-ab0e4b55fe93:c7]
2019-07-13 09:16:45,686 INFO  client.GrpcClientProtocolClient (GrpcClientProtocolClient.java:onNext(255)) - client-981C387EA4FC->2096ab94-c10e-4212-ad33-fbb1e95f68e0: receive RaftClientReply:client-981C387EA4FC->2096ab94-c10e-4212-ad33-fbb1e95f68e0@group-532BB50822D7, cid=178, SUCCESS, logIndex=5, commits[2096ab94-c10e-4212-ad33-fbb1e95f68e0:c12, 5f8d45b4-7e19-4436-96e2-91ecbc2674b2:c7, 6559c360-20de-4236-9585-ab0e4b55fe93:c7]
2019-07-13 09:16:45,686 INFO  client.GrpcClientProtocolClient (GrpcClientProtocolClient.java:onNext(255)) - client-981C387EA4FC->2096ab94-c10e-4212-ad33-fbb1e95f68e0: receive RaftClientReply:client-981C387EA4FC->2096ab94-c10e-4212-ad33-fbb1e95f68e0@group-532BB50822D7, cid=179, SUCCESS, logIndex=6, commits[2096ab94-c10e-4212-ad33-fbb1e95f68e0:c12, 5f8d45b4-7e19-4436-96e2-91ecbc2674b2:c7, 6559c360-20de-4236-9585-ab0e4b55fe93:c7]
2019-07-13 09:16:45,766 INFO  client.GrpcClientProtocolClient (GrpcClientProtocolClient.java:onNext(255)) - client-981C387EA4FC->2096ab94-c10e-4212-ad33-fbb1e95f68e0: receive RaftClientReply:client-981C387EA4FC->2096ab94-c10e-4212-ad33-fbb1e95f68e0@group-532BB50822D7, cid=180, SUCCESS, logIndex=7, commits[2096ab94-c10e-4212-ad33-fbb1e95f68e0:c12, 5f8d45b4-7e19-4436-96e2-91ecbc2674b2:c7, 6559c360-20de-4236-9585-ab0e4b55fe93:c7]
2019-07-13 09:16:45,784 INFO  client.GrpcClientProtocolClient (GrpcClientProtocolClient.java:onNext(255)) - client-981C387EA4FC->2096ab94-c10e-4212-ad33-fbb1e95f68e0: receive RaftClientReply:client-981C387EA4FC->2096ab94-c10e-4212-ad33-fbb1e95f68e0@group-532BB50822D7, cid=181, SUCCESS, logIndex=13, commits[2096ab94-c10e-4212-ad33-fbb1e95f68e0:c14, 5f8d45b4-7e19-4436-96e2-91ecbc2674b2:c12, 6559c360-20de-4236-9585-ab0e4b55fe93:c12]
2019-07-13 09:16:45,785 INFO  client.GrpcClientProtocolClient (GrpcClientProtocolClient.java:onNext(255)) - client-981C387EA4FC->2096ab94-c10e-4212-ad33-fbb1e95f68e0: receive RaftClientReply:client-981C387EA4FC->2096ab94-c10e-4212-ad33-fbb1e95f68e0@group-532BB50822D7, cid=182, SUCCESS, logIndex=14, commits[2096ab94-c10e-4212-ad33-fbb1e95f68e0:c14, 5f8d45b4-7e19-4436-96e2-91ecbc2674b2:c12, 6559c360-20de-4236-9585-ab0e4b55fe93:c12]
2019-07-13 09:16:45,800 INFO  client.GrpcClientProtocolClient (GrpcClientProtocolClient.java:onNext(255)) - client-981C387EA4FC->2096ab94-c10e-4212-ad33-fbb1e95f68e0: receive RaftClientReply:client-981C387EA4FC->2096ab94-c10e-4212-ad33-fbb1e95f68e0@group-532BB50822D7, cid=183, SUCCESS, logIndex=0, commits[2096ab94-c10e-4212-ad33-fbb1e95f68e0:c15, 5f8d45b4-7e19-4436-96e2-91ecbc2674b2:c14, 6559c360-20de-4236-9585-ab0e4b55fe93:c14]
2019-07-13 09:16:45,801 INFO  datanode.ObjectStoreHandler (ObjectStoreHandler.java:close(155)) - Closing ObjectStoreHandler.
2019-07-13 09:16:45,801 INFO  ozone.HddsDatanodeService (HddsDatanodeService.java:stop(452)) - Stopped plug-in org.apache.hadoop.ozone.web.OzoneHddsDatanodeService@3f54fabc
2019-07-13 09:16:46,617 INFO  statemachine.DatanodeStateMachine (DatanodeStateMachine.java:lambda$startDaemon$0(350)) - Ozone container server started.
2019-07-13 09:16:50,714 INFO  node.StaleNodeHandler (StaleNodeHandler.java:onMessage(58)) - Datanode 2096ab94-c10e-4212-ad33-fbb1e95f68e0{ip: 192.168.69.96, host: trunk-nightly-hmp62-43275749, networkLocation: /default-rack, certSerialId: null} moved to stale state. Finalizing its pipelines [PipelineID=d7225bcd-708e-46bf-9604-d1c08505ac92, PipelineID=3e1734b0-2f3f-4384-98d5-532bb50822d7]
2019-07-13 09:16:50,714 INFO  pipeline.SCMPipelineManager (SCMPipelineManager.java:finalizeAndDestroyPipeline(309)) - destroying pipeline:Pipeline[ Id: d7225bcd-708e-46bf-9604-d1c08505ac92, Nodes: 2096ab94-c10e-4212-ad33-fbb1e95f68e0{ip: 192.168.69.96, host: trunk-nightly-hmp62-43275749, networkLocation: /default-rack, certSerialId: null}, Type:RATIS, Factor:ONE, State:OPEN]
2019-07-13 09:16:50,714 INFO  pipeline.PipelineStateManager (PipelineStateManager.java:finalizePipeline(123)) - Pipeline Pipeline[ Id: d7225bcd-708e-46bf-9604-d1c08505ac92, Nodes: 2096ab94-c10e-4212-ad33-fbb1e95f68e0{ip: 192.168.69.96, host: trunk-nightly-hmp62-43275749, networkLocation: /default-rack, certSerialId: null}, Type:RATIS, Factor:ONE, State:CLOSED] moved to CLOSED state
2019-07-13 09:16:50,714 INFO  pipeline.SCMPipelineManager (SCMPipelineManager.java:finalizeAndDestroyPipeline(309)) - destroying pipeline:Pipeline[ Id: 3e1734b0-2f3f-4384-98d5-532bb50822d7, Nodes: 2096ab94-c10e-4212-ad33-fbb1e95f68e0{ip: 192.168.69.96, host: trunk-nightly-hmp62-43275749, networkLocation: /default-rack, certSerialId: null}5f8d45b4-7e19-4436-96e2-91ecbc2674b2{ip: 192.168.69.96, host: trunk-nightly-hmp62-43275749, networkLocation: /default-rack, certSerialId: null}6559c360-20de-4236-9585-ab0e4b55fe93{ip: 192.168.69.96, host: trunk-nightly-hmp62-43275749, networkLocation: /default-rack, certSerialId: null}, Type:RATIS, Factor:THREE, State:OPEN]
2019-07-13 09:16:50,715 INFO  pipeline.PipelineStateManager (PipelineStateManager.java:finalizePipeline(123)) - Pipeline Pipeline[ Id: 3e1734b0-2f3f-4384-98d5-532bb50822d7, Nodes: 2096ab94-c10e-4212-ad33-fbb1e95f68e0{ip: 192.168.69.96, host: trunk-nightly-hmp62-43275749, networkLocation: /default-rack, certSerialId: null}5f8d45b4-7e19-4436-96e2-91ecbc2674b2{ip: 192.168.69.96, host: trunk-nightly-hmp62-43275749, networkLocation: /default-rack, certSerialId: null}6559c360-20de-4236-9585-ab0e4b55fe93{ip: 192.168.69.96, host: trunk-nightly-hmp62-43275749, networkLocation: /default-rack, certSerialId: null}, Type:RATIS, Factor:THREE, State:CLOSED] moved to CLOSED state
2019-07-13 09:16:50,715 INFO  container.CloseContainerEventHandler (CloseContainerEventHandler.java:onMessage(61)) - Close container Event triggered for container : #1
2019-07-13 09:16:50,802 INFO  ozoneimpl.OzoneContainer (OzoneContainer.java:stop(199)) - Attempting to stop container services.
2019-07-13 09:16:50,803 INFO  impl.RaftServerProxy (RaftServerProxy.java:lambda$close$4(314)) - 2096ab94-c10e-4212-ad33-fbb1e95f68e0: close
2019-07-13 09:16:50,808 INFO  impl.RaftServerImpl (RaftServerImpl.java:lambda$shutdown$3(245)) - 2096ab94-c10e-4212-ad33-fbb1e95f68e0: shutdown group-D1C08505AC92
2019-07-13 09:16:50,808 INFO  util.JmxRegister (JmxRegister.java:unregister(73)) - Successfully un-registered JMX Bean with object name Ratis:service=RaftServer,group=group-D1C08505AC92,id=2096ab94-c10e-4212-ad33-fbb1e95f68e0
2019-07-13 09:16:50,809 INFO  impl.RoleInfo (RoleInfo.java:shutdownLeaderState(104)) - 2096ab94-c10e-4212-ad33-fbb1e95f68e0: shutdown LeaderState
2019-07-13 09:16:50,809 INFO  impl.PendingRequests (PendingRequests.java:sendNotLeaderResponses(202)) - 2096ab94-c10e-4212-ad33-fbb1e95f68e0-PendingRequests: sendNotLeaderResponses
2019-07-13 09:16:50,810 INFO  impl.StateMachineUpdater (StateMachineUpdater.java:stopAndJoin(115)) - StateMachineUpdater:2096ab94-c10e-4212-ad33-fbb1e95f68e0:group-D1C08505AC92: set stopIndex = 0
2019-07-13 09:16:50,810 INFO  ratis.ContainerStateMachine (ContainerStateMachine.java:takeSnapshot(246)) - Taking snapshot at termIndex:(t:0, i:~)
2019-07-13 09:16:50,810 INFO  impl.RaftServerImpl (ServerState.java:close(394)) - 2096ab94-c10e-4212-ad33-fbb1e95f68e0:group-D1C08505AC92 closes. The last applied log index is 0
2019-07-13 09:16:50,811 INFO  segmented.SegmentedRaftLogWorker (SegmentedRaftLogWorker.java:run(313)) - 2096ab94-c10e-4212-ad33-fbb1e95f68e0-SegmentedRaftLogWorker:Storage Directory /tmp/workdir/hadoop-ozone/integration-test/target/test-dir/MiniOzoneClusterImpl-eb9fb254-c95f-4215-83bc-e762092ecf51/datanode-2/data/ratis/d7225bcd-708e-46bf-9604-d1c08505ac92 was interrupted, exiting. There are 0 tasks remaining in the queue.
2019-07-13 09:16:50,814 INFO  segmented.SegmentedRaftLogWorker (SegmentedRaftLogWorker.java:close(228)) - 2096ab94-c10e-4212-ad33-fbb1e95f68e0-SegmentedRaftLogWorker:Storage Directory /tmp/workdir/hadoop-ozone/integration-test/target/test-dir/MiniOzoneClusterImpl-eb9fb254-c95f-4215-83bc-e762092ecf51/datanode-2/data/ratis/d7225bcd-708e-46bf-9604-d1c08505ac92 close()
2019-07-13 09:16:50,819 INFO  impl.RaftServerImpl (RaftServerImpl.java:lambda$shutdown$3(245)) - 2096ab94-c10e-4212-ad33-fbb1e95f68e0: shutdown group-532BB50822D7
2019-07-13 09:16:50,819 INFO  util.JmxRegister (JmxRegister.java:unregister(73)) - Successfully un-registered JMX Bean with object name Ratis:service=RaftServer,group=group-532BB50822D7,id=2096ab94-c10e-4212-ad33-fbb1e95f68e0
2019-07-13 09:16:50,820 INFO  impl.RoleInfo (RoleInfo.java:shutdownLeaderState(104)) - 2096ab94-c10e-4212-ad33-fbb1e95f68e0: shutdown LeaderState
2019-07-13 09:16:50,825 WARN  server.GrpcLogAppender (GrpcLogAppender.java:mayWait(143)) - GrpcLogAppender(2096ab94-c10e-4212-ad33-fbb1e95f68e0->5f8d45b4-7e19-4436-96e2-91ecbc2674b2): Wait interrupted by java.lang.InterruptedException
2019-07-13 09:16:50,825 INFO  impl.PendingRequests (PendingRequests.java:sendNotLeaderResponses(202)) - 2096ab94-c10e-4212-ad33-fbb1e95f68e0-PendingRequests: sendNotLeaderResponses
2019-07-13 09:16:50,825 INFO  server.GrpcServerProtocolService (GrpcServerProtocolService.java:onCompleted(104)) - 5f8d45b4-7e19-4436-96e2-91ecbc2674b2: appendEntries completed
2019-07-13 09:16:50,825 WARN  server.GrpcLogAppender (GrpcLogAppender.java:mayWait(143)) - GrpcLogAppender(2096ab94-c10e-4212-ad33-fbb1e95f68e0->6559c360-20de-4236-9585-ab0e4b55fe93): Wait interrupted by java.lang.InterruptedException
2019-07-13 09:16:50,832 INFO  impl.StateMachineUpdater (StateMachineUpdater.java:stopAndJoin(115)) - StateMachineUpdater:2096ab94-c10e-4212-ad33-fbb1e95f68e0:group-532BB50822D7: set stopIndex = 16
2019-07-13 09:16:50,833 INFO  server.GrpcLogAppender (GrpcLogAppender.java:onCompleted(292)) - 2096ab94-c10e-4212-ad33-fbb1e95f68e0->5f8d45b4-7e19-4436-96e2-91ecbc2674b2: follower responses appendEntries COMPLETED
2019-07-13 09:16:50,833 INFO  server.GrpcServerProtocolService (GrpcServerProtocolService.java:onCompleted(104)) - 6559c360-20de-4236-9585-ab0e4b55fe93: appendEntries completed
2019-07-13 09:16:50,832 INFO  ratis.ContainerStateMachine (ContainerStateMachine.java:takeSnapshot(246)) - Taking snapshot at termIndex:(t:1, i:14)
2019-07-13 09:16:50,833 INFO  impl.FollowerInfo (FollowerInfo.java:lambda$new$0(50)) - 2096ab94-c10e-4212-ad33-fbb1e95f68e0->5f8d45b4-7e19-4436-96e2-91ecbc2674b2: nextIndex: updateUnconditionally 17 -> 16
2019-07-13 09:16:50,834 INFO  server.GrpcLogAppender (GrpcLogAppender.java:onCompleted(292)) - 2096ab94-c10e-4212-ad33-fbb1e95f68e0->6559c360-20de-4236-9585-ab0e4b55fe93: follower responses appendEntries COMPLETED
2019-07-13 09:16:50,834 INFO  ratis.ContainerStateMachine (ContainerStateMachine.java:takeSnapshot(250)) - Taking a snapshot to file /tmp/workdir/hadoop-ozone/integration-test/target/test-dir/MiniOzoneClusterImpl-eb9fb254-c95f-4215-83bc-e762092ecf51/datanode-2/data/ratis/3e1734b0-2f3f-4384-98d5-532bb50822d7/sm/snapshot.1_14
2019-07-13 09:16:50,834 INFO  impl.FollowerInfo (FollowerInfo.java:lambda$new$0(50)) - 2096ab94-c10e-4212-ad33-fbb1e95f68e0->6559c360-20de-4236-9585-ab0e4b55fe93: nextIndex: updateUnconditionally 17 -> 16
2019-07-13 09:16:50,835 INFO  impl.StateMachineUpdater (StateMachineUpdater.java:takeSnapshot(242)) - StateMachineUpdater:2096ab94-c10e-4212-ad33-fbb1e95f68e0:group-532BB50822D7: Took a snapshot at index 14
2019-07-13 09:16:50,835 INFO  impl.StateMachineUpdater (StateMachineUpdater.java:lambda$new$0(80)) - StateMachineUpdater:2096ab94-c10e-4212-ad33-fbb1e95f68e0:group-532BB50822D7: snapshotIndex: updateIncreasingly -1 -> 14
2019-07-13 09:16:50,835 INFO  impl.RaftServerImpl (ServerState.java:close(394)) - 2096ab94-c10e-4212-ad33-fbb1e95f68e0:group-532BB50822D7 closes. The last applied log index is 16
2019-07-13 09:16:50,836 INFO  segmented.SegmentedRaftLogWorker (SegmentedRaftLogWorker.java:run(313)) - 2096ab94-c10e-4212-ad33-fbb1e95f68e0-SegmentedRaftLogWorker:Storage Directory /tmp/workdir/hadoop-ozone/integration-test/target/test-dir/MiniOzoneClusterImpl-eb9fb254-c95f-4215-83bc-e762092ecf51/datanode-2/data/ratis/3e1734b0-2f3f-4384-98d5-532bb50822d7 was interrupted, exiting. There are 0 tasks remaining in the queue.
2019-07-13 09:16:50,838 INFO  segmented.SegmentedRaftLogWorker (SegmentedRaftLogWorker.java:close(228)) - 2096ab94-c10e-4212-ad33-fbb1e95f68e0-SegmentedRaftLogWorker:Storage Directory /tmp/workdir/hadoop-ozone/integration-test/target/test-dir/MiniOzoneClusterImpl-eb9fb254-c95f-4215-83bc-e762092ecf51/datanode-2/data/ratis/3e1734b0-2f3f-4384-98d5-532bb50822d7 close()
2019-07-13 09:16:50,843 INFO  server.GrpcService (GrpcService.java:closeImpl(155)) - 2096ab94-c10e-4212-ad33-fbb1e95f68e0: shutdown server with port 36231 now
2019-07-13 09:16:50,844 WARN  client.GrpcClientProtocolService (LogUtils.java:warn(134)) - 3-UnorderedRequestStreamObserver3: onError: org.apache.ratis.thirdparty.io.grpc.StatusRuntimeException: CANCELLED: cancelled before receiving half close
2019-07-13 09:16:50,846 INFO  server.GrpcService (GrpcService.java:closeImpl(163)) - 2096ab94-c10e-4212-ad33-fbb1e95f68e0: shutdown server with port 36231 successfully
2019-07-13 09:16:50,848 INFO  utils.BackgroundService (BackgroundService.java:shutdown(148)) - Shutting down service BlockDeletingService
2019-07-13 09:16:50,849 WARN  fs.CachingGetSpaceUsed (CachingGetSpaceUsed.java:run(183)) - Thread Interrupted waiting to refresh disk information: sleep interrupted
2019-07-13 09:16:50,871 INFO  statemachine.DatanodeStateMachine (DatanodeStateMachine.java:stopDaemon(395)) - Ozone container server stopped.
2019-07-13 09:16:50,872 INFO  handler.ContextHandler (ContextHandler.java:doStop(910)) - Stopped o.e.j.w.WebAppContext@51c0346d{/,null,UNAVAILABLE}{/hddsDatanode}
2019-07-13 09:16:50,873 INFO  server.AbstractConnector (AbstractConnector.java:doStop(318)) - Stopped ServerConnector@32cda33c{HTTP/1.1,[http/1.1]}{0.0.0.0:0}
2019-07-13 09:16:50,873 INFO  handler.ContextHandler (ContextHandler.java:doStop(910)) - Stopped o.e.j.s.ServletContextHandler@71979130{/static,jar:file:/home/user/.m2/repository/org/apache/hadoop/hadoop-hdds-container-service/0.5.0-SNAPSHOT/hadoop-hdds-container-service-0.5.0-SNAPSHOT.jar!/webapps/static,UNAVAILABLE}
2019-07-13 09:16:50,874 INFO  handler.ContextHandler (ContextHandler.java:doStop(910)) - Stopped o.e.j.s.ServletContextHandler@6ff05f85{/logs,file:///tmp/workdir/hadoop-ozone/integration-test/target/log,UNAVAILABLE}
2019-07-13 09:16:52,886 INFO  client.GrpcClientProtocolClient (GrpcClientProtocolClient.java:onNext(255)) - client-981C387EA4FC->6559c360-20de-4236-9585-ab0e4b55fe93: receive RaftClientReply:client-981C387EA4FC->6559c360-20de-4236-9585-ab0e4b55fe93@group-532BB50822D7, cid=184, FAILED org.apache.ratis.protocol.NotLeaderException: Server 6559c360-20de-4236-9585-ab0e4b55fe93 is not the leader (2096ab94-c10e-4212-ad33-fbb1e95f68e0:192.168.69.96:36231). Request must be sent to leader., logIndex=0, commits[6559c360-20de-4236-9585-ab0e4b55fe93:c16, 5f8d45b4-7e19-4436-96e2-91ecbc2674b2:c16, 2096ab94-c10e-4212-ad33-fbb1e95f68e0:c16]
2019-07-13 09:16:53,899 INFO  client.GrpcClientProtocolClient (GrpcClientProtocolClient.java:onNext(255)) - client-981C387EA4FC->5f8d45b4-7e19-4436-96e2-91ecbc2674b2: receive RaftClientReply:client-981C387EA4FC->5f8d45b4-7e19-4436-96e2-91ecbc2674b2@group-532BB50822D7, cid=184, FAILED org.apache.ratis.protocol.NotLeaderException: Server 5f8d45b4-7e19-4436-96e2-91ecbc2674b2 is not the leader (2096ab94-c10e-4212-ad33-fbb1e95f68e0:192.168.69.96:36231). Request must be sent to leader., logIndex=0, commits[5f8d45b4-7e19-4436-96e2-91ecbc2674b2:c16, 2096ab94-c10e-4212-ad33-fbb1e95f68e0:c16, 6559c360-20de-4236-9585-ab0e4b55fe93:c16]
2019-07-13 09:16:54,912 INFO  client.GrpcClientProtocolClient (GrpcClientProtocolClient.java:onNext(255)) - client-981C387EA4FC->5f8d45b4-7e19-4436-96e2-91ecbc2674b2: receive RaftClientReply:client-981C387EA4FC->5f8d45b4-7e19-4436-96e2-91ecbc2674b2@group-532BB50822D7, cid=184, FAILED org.apache.ratis.protocol.NotLeaderException: Server 5f8d45b4-7e19-4436-96e2-91ecbc2674b2 is not the leader (2096ab94-c10e-4212-ad33-fbb1e95f68e0:192.168.69.96:36231). Request must be sent to leader., logIndex=0, commits[5f8d45b4-7e19-4436-96e2-91ecbc2674b2:c16, 2096ab94-c10e-4212-ad33-fbb1e95f68e0:c16, 6559c360-20de-4236-9585-ab0e4b55fe93:c16]
2019-07-13 09:16:55,926 INFO  client.GrpcClientProtocolClient (GrpcClientProtocolClient.java:onNext(255)) - client-981C387EA4FC->5f8d45b4-7e19-4436-96e2-91ecbc2674b2: receive RaftClientReply:client-981C387EA4FC->5f8d45b4-7e19-4436-96e2-91ecbc2674b2@group-532BB50822D7, cid=184, FAILED org.apache.ratis.protocol.NotLeaderException: Server 5f8d45b4-7e19-4436-96e2-91ecbc2674b2 is not the leader (2096ab94-c10e-4212-ad33-fbb1e95f68e0:192.168.69.96:36231). Request must be sent to leader., logIndex=0, commits[5f8d45b4-7e19-4436-96e2-91ecbc2674b2:c16, 2096ab94-c10e-4212-ad33-fbb1e95f68e0:c16, 6559c360-20de-4236-9585-ab0e4b55fe93:c16]
2019-07-13 09:16:56,940 INFO  client.GrpcClientProtocolClient (GrpcClientProtocolClient.java:onNext(255)) - client-981C387EA4FC->6559c360-20de-4236-9585-ab0e4b55fe93: receive RaftClientReply:client-981C387EA4FC->6559c360-20de-4236-9585-ab0e4b55fe93@group-532BB50822D7, cid=184, FAILED org.apache.ratis.protocol.NotLeaderException: Server 6559c360-20de-4236-9585-ab0e4b55fe93 is not the leader (2096ab94-c10e-4212-ad33-fbb1e95f68e0:192.168.69.96:36231). Request must be sent to leader., logIndex=0, commits[6559c360-20de-4236-9585-ab0e4b55fe93:c16, 5f8d45b4-7e19-4436-96e2-91ecbc2674b2:c16, 2096ab94-c10e-4212-ad33-fbb1e95f68e0:c16]
2019-07-13 09:16:57,954 INFO  client.GrpcClientProtocolClient (GrpcClientProtocolClient.java:onNext(255)) - client-981C387EA4FC->6559c360-20de-4236-9585-ab0e4b55fe93: receive RaftClientReply:client-981C387EA4FC->6559c360-20de-4236-9585-ab0e4b55fe93@group-532BB50822D7, cid=184, FAILED org.apache.ratis.protocol.NotLeaderException: Server 6559c360-20de-4236-9585-ab0e4b55fe93 is not the leader (2096ab94-c10e-4212-ad33-fbb1e95f68e0:192.168.69.96:36231). Request must be sent to leader., logIndex=0, commits[6559c360-20de-4236-9585-ab0e4b55fe93:c16, 5f8d45b4-7e19-4436-96e2-91ecbc2674b2:c16, 2096ab94-c10e-4212-ad33-fbb1e95f68e0:c16]
2019-07-13 09:16:58,969 INFO  client.GrpcClientProtocolClient (GrpcClientProtocolClient.java:onNext(255)) - client-981C387EA4FC->6559c360-20de-4236-9585-ab0e4b55fe93: receive RaftClientReply:client-981C387EA4FC->6559c360-20de-4236-9585-ab0e4b55fe93@group-532BB50822D7, cid=184, FAILED org.apache.ratis.protocol.NotLeaderException: Server 6559c360-20de-4236-9585-ab0e4b55fe93 is not the leader (2096ab94-c10e-4212-ad33-fbb1e95f68e0:192.168.69.96:36231). Request must be sent to leader., logIndex=0, commits[6559c360-20de-4236-9585-ab0e4b55fe93:c16, 5f8d45b4-7e19-4436-96e2-91ecbc2674b2:c16, 2096ab94-c10e-4212-ad33-fbb1e95f68e0:c16]
2019-07-13 09:16:59,880 INFO  impl.FollowerState (FollowerState.java:run(106)) - 5f8d45b4-7e19-4436-96e2-91ecbc2674b2:group-532BB50822D7 changes to CANDIDATE, lastRpcTime:9079, electionTimeout:5034ms
2019-07-13 09:16:59,880 INFO  impl.RoleInfo (RoleInfo.java:shutdownFollowerState(121)) - 5f8d45b4-7e19-4436-96e2-91ecbc2674b2: shutdown FollowerState
2019-07-13 09:16:59,880 INFO  impl.RaftServerImpl (RaftServerImpl.java:setRole(171)) - 5f8d45b4-7e19-4436-96e2-91ecbc2674b2:group-532BB50822D7 changes role from FOLLOWER to CANDIDATE at term 1 for changeToCandidate
2019-07-13 09:16:59,880 INFO  impl.RoleInfo (RoleInfo.java:updateAndGet(143)) - 5f8d45b4-7e19-4436-96e2-91ecbc2674b2: start LeaderElection
2019-07-13 09:16:59,883 INFO  impl.RaftServerImpl (ServerState.java:setLeader(263)) - 5f8d45b4-7e19-4436-96e2-91ecbc2674b2:group-532BB50822D7 change Leader from 2096ab94-c10e-4212-ad33-fbb1e95f68e0 to null at term 1 for initElection
2019-07-13 09:16:59,897 INFO  impl.LeaderElection (LeaderElection.java:askForVotes(181)) - 5f8d45b4-7e19-4436-96e2-91ecbc2674b2:group-532BB50822D7:LeaderElection65: begin an election at term 2 for 0: [5f8d45b4-7e19-4436-96e2-91ecbc2674b2:192.168.69.96:33025, 2096ab94-c10e-4212-ad33-fbb1e95f68e0:192.168.69.96:36231, 6559c360-20de-4236-9585-ab0e4b55fe93:192.168.69.96:34517], old=null
2019-07-13 09:16:59,900 INFO  impl.LeaderElection (LogUtils.java:infoOrTrace(149)) - 5f8d45b4-7e19-4436-96e2-91ecbc2674b2:group-532BB50822D7:LeaderElection65 got exception when requesting votes: {}
java.util.concurrent.ExecutionException: org.apache.ratis.thirdparty.io.grpc.StatusRuntimeException: UNAVAILABLE: io exception
	at java.util.concurrent.FutureTask.report(FutureTask.java:122)
	at java.util.concurrent.FutureTask.get(FutureTask.java:192)
	at org.apache.ratis.server.impl.LeaderElection.waitForResults(LeaderElection.java:262)
	at org.apache.ratis.server.impl.LeaderElection.askForVotes(LeaderElection.java:200)
	at org.apache.ratis.server.impl.LeaderElection.run(LeaderElection.java:130)
	at java.lang.Thread.run(Thread.java:748)
Caused by: org.apache.ratis.thirdparty.io.grpc.StatusRuntimeException: UNAVAILABLE: io exception
	at org.apache.ratis.thirdparty.io.grpc.stub.ClientCalls.toStatusRuntimeException(ClientCalls.java:233)
	at org.apache.ratis.thirdparty.io.grpc.stub.ClientCalls.getUnchecked(ClientCalls.java:214)
	at org.apache.ratis.thirdparty.io.grpc.stub.ClientCalls.blockingUnaryCall(ClientCalls.java:139)
	at org.apache.ratis.proto.grpc.RaftServerProtocolServiceGrpc$RaftServerProtocolServiceBlockingStub.requestVote(RaftServerProtocolServiceGrpc.java:265)
	at org.apache.ratis.grpc.server.GrpcServerProtocolClient.requestVote(GrpcServerProtocolClient.java:83)
	at org.apache.ratis.grpc.server.GrpcService.requestVote(GrpcService.java:195)
	at org.apache.ratis.server.impl.LeaderElection.lambda$submitRequests$1(LeaderElection.java:237)
	at java.util.concurrent.FutureTask.run(FutureTask.java:266)
	at java.util.concurrent.Executors$RunnableAdapter.call(Executors.java:511)
	at java.util.concurrent.FutureTask.run(FutureTask.java:266)
	at java.util.concurrent.ThreadPoolExecutor.runWorker(ThreadPoolExecutor.java:1149)
	at java.util.concurrent.ThreadPoolExecutor$Worker.run(ThreadPoolExecutor.java:624)
	... 1 more
Caused by: org.apache.ratis.thirdparty.io.netty.channel.AbstractChannel$AnnotatedConnectException: Connection refused: /192.168.69.96:36231
	at sun.nio.ch.SocketChannelImpl.checkConnect(Native Method)
	at sun.nio.ch.SocketChannelImpl.finishConnect(SocketChannelImpl.java:717)
	at org.apache.ratis.thirdparty.io.netty.channel.socket.nio.NioSocketChannel.doFinishConnect(NioSocketChannel.java:327)
	at org.apache.ratis.thirdparty.io.netty.channel.nio.AbstractNioChannel$AbstractNioUnsafe.finishConnect(AbstractNioChannel.java:340)
	at org.apache.ratis.thirdparty.io.netty.channel.nio.NioEventLoop.processSelectedKey(NioEventLoop.java:632)
	at org.apache.ratis.thirdparty.io.netty.channel.nio.NioEventLoop.processSelectedKeysOptimized(NioEventLoop.java:579)
	at org.apache.ratis.thirdparty.io.netty.channel.nio.NioEventLoop.processSelectedKeys(NioEventLoop.java:496)
	at org.apache.ratis.thirdparty.io.netty.channel.nio.NioEventLoop.run(NioEventLoop.java:458)
	at org.apache.ratis.thirdparty.io.netty.util.concurrent.SingleThreadEventExecutor$5.run(SingleThreadEventExecutor.java:897)
	at org.apache.ratis.thirdparty.io.netty.util.concurrent.FastThreadLocalRunnable.run(FastThreadLocalRunnable.java:30)
	... 1 more
Caused by: java.net.ConnectException: Connection refused
	... 11 more
2019-07-13 09:16:59,904 INFO  impl.RaftServerImpl (ServerState.java:setLeader(263)) - 6559c360-20de-4236-9585-ab0e4b55fe93:group-532BB50822D7 change Leader from 2096ab94-c10e-4212-ad33-fbb1e95f68e0 to null at term 2 for updateCurrentTerm
2019-07-13 09:16:59,904 INFO  impl.RaftServerImpl (RaftServerImpl.java:setRole(171)) - 6559c360-20de-4236-9585-ab0e4b55fe93:group-532BB50822D7 changes role from FOLLOWER to FOLLOWER at term 2 for recognizeCandidate:5f8d45b4-7e19-4436-96e2-91ecbc2674b2
2019-07-13 09:16:59,905 INFO  impl.RoleInfo (RoleInfo.java:shutdownFollowerState(121)) - 6559c360-20de-4236-9585-ab0e4b55fe93: shutdown FollowerState
2019-07-13 09:16:59,905 INFO  impl.RoleInfo (RoleInfo.java:updateAndGet(143)) - 6559c360-20de-4236-9585-ab0e4b55fe93: start FollowerState
2019-07-13 09:16:59,905 INFO  impl.FollowerState (FollowerState.java:run(114)) - 6559c360-20de-4236-9585-ab0e4b55fe93: FollowerState was interrupted: java.lang.InterruptedException: sleep interrupted
2019-07-13 09:16:59,922 INFO  impl.LeaderElection (LeaderElection.java:logAndReturn(56)) - 5f8d45b4-7e19-4436-96e2-91ecbc2674b2:group-532BB50822D7:LeaderElection65: Election PASSED; received 1 response(s) [5f8d45b4-7e19-4436-96e2-91ecbc2674b2<-6559c360-20de-4236-9585-ab0e4b55fe93#0:OK-t2] and 1 exception(s); 5f8d45b4-7e19-4436-96e2-91ecbc2674b2:t2, leader=null, voted=5f8d45b4-7e19-4436-96e2-91ecbc2674b2, raftlog=5f8d45b4-7e19-4436-96e2-91ecbc2674b2-SegmentedRaftLog:OPENED:c16,f16,i16, conf=0: [5f8d45b4-7e19-4436-96e2-91ecbc2674b2:192.168.69.96:33025, 2096ab94-c10e-4212-ad33-fbb1e95f68e0:192.168.69.96:36231, 6559c360-20de-4236-9585-ab0e4b55fe93:192.168.69.96:34517], old=null
2019-07-13 09:16:59,922 INFO  impl.LeaderElection (LogUtils.java:infoOrTrace(149)) -   Exception 0: {}
java.util.concurrent.ExecutionException: org.apache.ratis.thirdparty.io.grpc.StatusRuntimeException: UNAVAILABLE: io exception
	at java.util.concurrent.FutureTask.report(FutureTask.java:122)
	at java.util.concurrent.FutureTask.get(FutureTask.java:192)
	at org.apache.ratis.server.impl.LeaderElection.waitForResults(LeaderElection.java:262)
	at org.apache.ratis.server.impl.LeaderElection.askForVotes(LeaderElection.java:200)
	at org.apache.ratis.server.impl.LeaderElection.run(LeaderElection.java:130)
	at java.lang.Thread.run(Thread.java:748)
Caused by: org.apache.ratis.thirdparty.io.grpc.StatusRuntimeException: UNAVAILABLE: io exception
	at org.apache.ratis.thirdparty.io.grpc.stub.ClientCalls.toStatusRuntimeException(ClientCalls.java:233)
	at org.apache.ratis.thirdparty.io.grpc.stub.ClientCalls.getUnchecked(ClientCalls.java:214)
	at org.apache.ratis.thirdparty.io.grpc.stub.ClientCalls.blockingUnaryCall(ClientCalls.java:139)
	at org.apache.ratis.proto.grpc.RaftServerProtocolServiceGrpc$RaftServerProtocolServiceBlockingStub.requestVote(RaftServerProtocolServiceGrpc.java:265)
	at org.apache.ratis.grpc.server.GrpcServerProtocolClient.requestVote(GrpcServerProtocolClient.java:83)
	at org.apache.ratis.grpc.server.GrpcService.requestVote(GrpcService.java:195)
	at org.apache.ratis.server.impl.LeaderElection.lambda$submitRequests$1(LeaderElection.java:237)
	at java.util.concurrent.FutureTask.run(FutureTask.java:266)
	at java.util.concurrent.Executors$RunnableAdapter.call(Executors.java:511)
	at java.util.concurrent.FutureTask.run(FutureTask.java:266)
	at java.util.concurrent.ThreadPoolExecutor.runWorker(ThreadPoolExecutor.java:1149)
	at java.util.concurrent.ThreadPoolExecutor$Worker.run(ThreadPoolExecutor.java:624)
	... 1 more
Caused by: org.apache.ratis.thirdparty.io.netty.channel.AbstractChannel$AnnotatedConnectException: Connection refused: /192.168.69.96:36231
	at sun.nio.ch.SocketChannelImpl.checkConnect(Native Method)
	at sun.nio.ch.SocketChannelImpl.finishConnect(SocketChannelImpl.java:717)
	at org.apache.ratis.thirdparty.io.netty.channel.socket.nio.NioSocketChannel.doFinishConnect(NioSocketChannel.java:327)
	at org.apache.ratis.thirdparty.io.netty.channel.nio.AbstractNioChannel$AbstractNioUnsafe.finishConnect(AbstractNioChannel.java:340)
	at org.apache.ratis.thirdparty.io.netty.channel.nio.NioEventLoop.processSelectedKey(NioEventLoop.java:632)
	at org.apache.ratis.thirdparty.io.netty.channel.nio.NioEventLoop.processSelectedKeysOptimized(NioEventLoop.java:579)
	at org.apache.ratis.thirdparty.io.netty.channel.nio.NioEventLoop.processSelectedKeys(NioEventLoop.java:496)
	at org.apache.ratis.thirdparty.io.netty.channel.nio.NioEventLoop.run(NioEventLoop.java:458)
	at org.apache.ratis.thirdparty.io.netty.util.concurrent.SingleThreadEventExecutor$5.run(SingleThreadEventExecutor.java:897)
	at org.apache.ratis.thirdparty.io.netty.util.concurrent.FastThreadLocalRunnable.run(FastThreadLocalRunnable.java:30)
	... 1 more
Caused by: java.net.ConnectException: Connection refused
	... 11 more
2019-07-13 09:16:59,922 INFO  impl.RoleInfo (RoleInfo.java:shutdownLeaderElection(134)) - 5f8d45b4-7e19-4436-96e2-91ecbc2674b2: shutdown LeaderElection
2019-07-13 09:16:59,922 INFO  impl.RaftServerImpl (RaftServerImpl.java:setRole(171)) - 5f8d45b4-7e19-4436-96e2-91ecbc2674b2:group-532BB50822D7 changes role from CANDIDATE to LEADER at term 2 for changeToLeader
2019-07-13 09:16:59,923 INFO  impl.RaftServerImpl (ServerState.java:setLeader(263)) - 5f8d45b4-7e19-4436-96e2-91ecbc2674b2:group-532BB50822D7 change Leader from null to 5f8d45b4-7e19-4436-96e2-91ecbc2674b2 at term 2 for becomeLeader, leader elected after 39ms
2019-07-13 09:16:59,923 INFO  server.RaftServerConfigKeys (ConfUtils.java:logGet(43)) - raft.server.staging.catchup.gap = 1000 (default)
2019-07-13 09:16:59,923 INFO  server.RaftServerConfigKeys (ConfUtils.java:logGet(43)) - raft.server.rpc.sleep.time = 25ms (default)
2019-07-13 09:16:59,923 INFO  server.RaftServerConfigKeys (ConfUtils.java:logGet(43)) - raft.server.write.element-limit = 4096 (default)
2019-07-13 09:16:59,923 INFO  server.RaftServerConfigKeys (ConfUtils.java:logGet(43)) - raft.server.watch.timeout = 10s (default)
2019-07-13 09:16:59,923 INFO  server.RaftServerConfigKeys (ConfUtils.java:logGet(43)) - raft.server.watch.timeout.denomination = 1s (default)
2019-07-13 09:16:59,923 INFO  server.RaftServerConfigKeys (ConfUtils.java:logGet(43)) - raft.server.watch.element-limit = 65536 (default)
2019-07-13 09:16:59,924 INFO  server.RaftServerConfigKeys (ConfUtils.java:logGet(43)) - raft.server.log.appender.snapshot.chunk.size.max = 16MB (=16777216) (default)
2019-07-13 09:16:59,924 INFO  server.RaftServerConfigKeys (ConfUtils.java:logGet(43)) - raft.server.log.appender.buffer.byte-limit = 33554432 (custom)
2019-07-13 09:16:59,924 INFO  server.RaftServerConfigKeys (ConfUtils.java:logGet(43)) - raft.server.log.appender.buffer.element-limit = 1 (custom)
2019-07-13 09:16:59,925 INFO  grpc.GrpcConfigKeys$Server (ConfUtils.java:logGet(43)) - raft.grpc.server.leader.outstanding.appends.max = 128 (default)
2019-07-13 09:16:59,925 INFO  server.RaftServerConfigKeys (ConfUtils.java:logGet(43)) - raft.server.rpc.request.timeout = 3000ms (default)
2019-07-13 09:16:59,925 INFO  server.RaftServerConfigKeys (ConfUtils.java:logGet(43)) - raft.server.log.appender.install.snapshot.enabled = false (custom)
2019-07-13 09:16:59,925 INFO  server.RaftServerConfigKeys (ConfUtils.java:logGet(43)) - raft.server.log.appender.snapshot.chunk.size.max = 16MB (=16777216) (default)
2019-07-13 09:16:59,925 INFO  server.RaftServerConfigKeys (ConfUtils.java:logGet(43)) - raft.server.log.appender.buffer.byte-limit = 33554432 (custom)
2019-07-13 09:16:59,925 INFO  server.RaftServerConfigKeys (ConfUtils.java:logGet(43)) - raft.server.log.appender.buffer.element-limit = 1 (custom)
2019-07-13 09:16:59,926 INFO  grpc.GrpcConfigKeys$Server (ConfUtils.java:logGet(43)) - raft.grpc.server.leader.outstanding.appends.max = 128 (default)
2019-07-13 09:16:59,926 INFO  server.RaftServerConfigKeys (ConfUtils.java:logGet(43)) - raft.server.rpc.request.timeout = 3000ms (default)
2019-07-13 09:16:59,926 INFO  server.RaftServerConfigKeys (ConfUtils.java:logGet(43)) - raft.server.log.appender.install.snapshot.enabled = false (custom)
2019-07-13 09:16:59,926 INFO  impl.RoleInfo (RoleInfo.java:updateAndGet(143)) - 5f8d45b4-7e19-4436-96e2-91ecbc2674b2: start LeaderState
2019-07-13 09:16:59,927 INFO  segmented.SegmentedRaftLogWorker (SegmentedRaftLogWorker.java:rollLogSegment(385)) - 5f8d45b4-7e19-4436-96e2-91ecbc2674b2-SegmentedRaftLogWorker:Storage Directory /tmp/workdir/hadoop-ozone/integration-test/target/test-dir/MiniOzoneClusterImpl-eb9fb254-c95f-4215-83bc-e762092ecf51/datanode-0/data/ratis/3e1734b0-2f3f-4384-98d5-532bb50822d7: Rolling segment log-0_16 to index:16
2019-07-13 09:16:59,927 INFO  segmented.SegmentedRaftLogWorker (SegmentedRaftLogWorker.java:execute(526)) - 5f8d45b4-7e19-4436-96e2-91ecbc2674b2-SegmentedRaftLogWorker:Storage Directory /tmp/workdir/hadoop-ozone/integration-test/target/test-dir/MiniOzoneClusterImpl-eb9fb254-c95f-4215-83bc-e762092ecf51/datanode-0/data/ratis/3e1734b0-2f3f-4384-98d5-532bb50822d7: Rolled log segment from /tmp/workdir/hadoop-ozone/integration-test/target/test-dir/MiniOzoneClusterImpl-eb9fb254-c95f-4215-83bc-e762092ecf51/datanode-0/data/ratis/3e1734b0-2f3f-4384-98d5-532bb50822d7/current/log_inprogress_0 to /tmp/workdir/hadoop-ozone/integration-test/target/test-dir/MiniOzoneClusterImpl-eb9fb254-c95f-4215-83bc-e762092ecf51/datanode-0/data/ratis/3e1734b0-2f3f-4384-98d5-532bb50822d7/current/log_0-16
2019-07-13 09:16:59,928 INFO  impl.RaftServerImpl (ServerState.java:setRaftConf(361)) - 5f8d45b4-7e19-4436-96e2-91ecbc2674b2:group-532BB50822D7 set configuration 17: [5f8d45b4-7e19-4436-96e2-91ecbc2674b2:192.168.69.96:33025, 2096ab94-c10e-4212-ad33-fbb1e95f68e0:192.168.69.96:36231, 6559c360-20de-4236-9585-ab0e4b55fe93:192.168.69.96:34517], old=null at 17
2019-07-13 09:16:59,928 WARN  server.GrpcLogAppender (LogUtils.java:warn(134)) - 5f8d45b4-7e19-4436-96e2-91ecbc2674b2->2096ab94-c10e-4212-ad33-fbb1e95f68e0: Failed appendEntries: org.apache.ratis.thirdparty.io.grpc.StatusRuntimeException: UNAVAILABLE: io exception
2019-07-13 09:16:59,928 INFO  impl.FollowerInfo (FollowerInfo.java:lambda$new$0(50)) - 5f8d45b4-7e19-4436-96e2-91ecbc2674b2->2096ab94-c10e-4212-ad33-fbb1e95f68e0: nextIndex: updateUnconditionally 17 -> 1
2019-07-13 09:16:59,929 INFO  impl.RaftServerImpl (ServerState.java:setLeader(263)) - 6559c360-20de-4236-9585-ab0e4b55fe93:group-532BB50822D7 change Leader from null to 5f8d45b4-7e19-4436-96e2-91ecbc2674b2 at term 2 for appendEntries, leader elected after 24ms
2019-07-13 09:16:59,931 INFO  impl.RaftServerImpl (ServerState.java:setRaftConf(361)) - 6559c360-20de-4236-9585-ab0e4b55fe93:group-532BB50822D7 set configuration 17: [5f8d45b4-7e19-4436-96e2-91ecbc2674b2:192.168.69.96:33025, 2096ab94-c10e-4212-ad33-fbb1e95f68e0:192.168.69.96:36231, 6559c360-20de-4236-9585-ab0e4b55fe93:192.168.69.96:34517], old=null at 17
2019-07-13 09:16:59,932 INFO  segmented.SegmentedRaftLogWorker (SegmentedRaftLogWorker.java:rollLogSegment(385)) - 6559c360-20de-4236-9585-ab0e4b55fe93-SegmentedRaftLogWorker:Storage Directory /tmp/workdir/hadoop-ozone/integration-test/target/test-dir/MiniOzoneClusterImpl-eb9fb254-c95f-4215-83bc-e762092ecf51/datanode-1/data/ratis/3e1734b0-2f3f-4384-98d5-532bb50822d7: Rolling segment log-0_16 to index:16
2019-07-13 09:16:59,932 INFO  segmented.SegmentedRaftLogWorker (SegmentedRaftLogWorker.java:execute(526)) - 6559c360-20de-4236-9585-ab0e4b55fe93-SegmentedRaftLogWorker:Storage Directory /tmp/workdir/hadoop-ozone/integration-test/target/test-dir/MiniOzoneClusterImpl-eb9fb254-c95f-4215-83bc-e762092ecf51/datanode-1/data/ratis/3e1734b0-2f3f-4384-98d5-532bb50822d7: Rolled log segment from /tmp/workdir/hadoop-ozone/integration-test/target/test-dir/MiniOzoneClusterImpl-eb9fb254-c95f-4215-83bc-e762092ecf51/datanode-1/data/ratis/3e1734b0-2f3f-4384-98d5-532bb50822d7/current/log_inprogress_0 to /tmp/workdir/hadoop-ozone/integration-test/target/test-dir/MiniOzoneClusterImpl-eb9fb254-c95f-4215-83bc-e762092ecf51/datanode-1/data/ratis/3e1734b0-2f3f-4384-98d5-532bb50822d7/current/log_0-16
2019-07-13 09:16:59,961 INFO  segmented.SegmentedRaftLogWorker (SegmentedRaftLogWorker.java:execute(569)) - 6559c360-20de-4236-9585-ab0e4b55fe93-SegmentedRaftLogWorker:Storage Directory /tmp/workdir/hadoop-ozone/integration-test/target/test-dir/MiniOzoneClusterImpl-eb9fb254-c95f-4215-83bc-e762092ecf51/datanode-1/data/ratis/3e1734b0-2f3f-4384-98d5-532bb50822d7: created new log segment /tmp/workdir/hadoop-ozone/integration-test/target/test-dir/MiniOzoneClusterImpl-eb9fb254-c95f-4215-83bc-e762092ecf51/datanode-1/data/ratis/3e1734b0-2f3f-4384-98d5-532bb50822d7/current/log_inprogress_17
2019-07-13 09:16:59,961 INFO  segmented.SegmentedRaftLogWorker (SegmentedRaftLogWorker.java:execute(569)) - 5f8d45b4-7e19-4436-96e2-91ecbc2674b2-SegmentedRaftLogWorker:Storage Directory /tmp/workdir/hadoop-ozone/integration-test/target/test-dir/MiniOzoneClusterImpl-eb9fb254-c95f-4215-83bc-e762092ecf51/datanode-0/data/ratis/3e1734b0-2f3f-4384-98d5-532bb50822d7: created new log segment /tmp/workdir/hadoop-ozone/integration-test/target/test-dir/MiniOzoneClusterImpl-eb9fb254-c95f-4215-83bc-e762092ecf51/datanode-0/data/ratis/3e1734b0-2f3f-4384-98d5-532bb50822d7/current/log_inprogress_17
2019-07-13 09:17:00,004 WARN  server.GrpcLogAppender (LogUtils.java:warn(134)) - 5f8d45b4-7e19-4436-96e2-91ecbc2674b2->2096ab94-c10e-4212-ad33-fbb1e95f68e0: Failed appendEntries: org.apache.ratis.thirdparty.io.grpc.StatusRuntimeException: UNAVAILABLE: io exception
2019-07-13 09:17:00,004 INFO  client.GrpcClientProtocolClient (GrpcClientProtocolClient.java:onNext(255)) - client-981C387EA4FC->6559c360-20de-4236-9585-ab0e4b55fe93: receive RaftClientReply:client-981C387EA4FC->6559c360-20de-4236-9585-ab0e4b55fe93@group-532BB50822D7, cid=184, FAILED org.apache.ratis.protocol.NotLeaderException: Server 6559c360-20de-4236-9585-ab0e4b55fe93 is not the leader (5f8d45b4-7e19-4436-96e2-91ecbc2674b2:192.168.69.96:33025). Request must be sent to leader., logIndex=0, commits[6559c360-20de-4236-9585-ab0e4b55fe93:c16, 5f8d45b4-7e19-4436-96e2-91ecbc2674b2:c17, 2096ab94-c10e-4212-ad33-fbb1e95f68e0:c16]
2019-07-13 09:17:00,004 INFO  impl.FollowerInfo (FollowerInfo.java:lambda$new$0(50)) - 5f8d45b4-7e19-4436-96e2-91ecbc2674b2->2096ab94-c10e-4212-ad33-fbb1e95f68e0: nextIndex: updateUnconditionally 2 -> 1
09:17:00.011 [grpc-default-executor-8] ERROR DNAudit - user=null | ip=null | op=WRITE_CHUNK {blockData=conID: 1 locID: 102433384131461134 bcsId: 14} | ret=FAILURE
org.apache.hadoop.hdds.scm.container.common.helpers.ContainerNotOpenException: Container 1 in CLOSING state
	at org.apache.hadoop.ozone.container.common.impl.HddsDispatcher.validateContainerCommand(HddsDispatcher.java:408) ~[hadoop-hdds-container-service-0.5.0-SNAPSHOT.jar:?]
	at org.apache.hadoop.ozone.container.common.transport.server.ratis.ContainerStateMachine.startTransaction(ContainerStateMachine.java:271) ~[hadoop-hdds-container-service-0.5.0-SNAPSHOT.jar:?]
	at org.apache.ratis.server.impl.RaftServerImpl.submitClientRequestAsync(RaftServerImpl.java:566) ~[ratis-server-0.4.0-2337318-SNAPSHOT.jar:0.4.0-2337318-SNAPSHOT]
	at org.apache.ratis.server.impl.RaftServerProxy.lambda$submitClientRequestAsync$7(RaftServerProxy.java:333) ~[ratis-server-0.4.0-2337318-SNAPSHOT.jar:0.4.0-2337318-SNAPSHOT]
	at org.apache.ratis.server.impl.RaftServerProxy.lambda$null$5(RaftServerProxy.java:328) ~[ratis-server-0.4.0-2337318-SNAPSHOT.jar:0.4.0-2337318-SNAPSHOT]
	at org.apache.ratis.util.JavaUtils.callAsUnchecked(JavaUtils.java:109) ~[ratis-common-0.4.0-2337318-SNAPSHOT.jar:0.4.0-2337318-SNAPSHOT]
	at org.apache.ratis.server.impl.RaftServerProxy.lambda$submitRequest$6(RaftServerProxy.java:328) ~[ratis-server-0.4.0-2337318-SNAPSHOT.jar:0.4.0-2337318-SNAPSHOT]
	at java.util.concurrent.CompletableFuture.uniComposeStage(CompletableFuture.java:981) ~[?:1.8.0_212]
	at java.util.concurrent.CompletableFuture.thenCompose(CompletableFuture.java:2124) ~[?:1.8.0_212]
	at org.apache.ratis.server.impl.RaftServerProxy.submitRequest(RaftServerProxy.java:327) ~[ratis-server-0.4.0-2337318-SNAPSHOT.jar:0.4.0-2337318-SNAPSHOT]
	at org.apache.ratis.server.impl.RaftServerProxy.submitClientRequestAsync(RaftServerProxy.java:333) ~[ratis-server-0.4.0-2337318-SNAPSHOT.jar:0.4.0-2337318-SNAPSHOT]
	at org.apache.ratis.grpc.client.GrpcClientProtocolService$RequestStreamObserver.processClientRequest(GrpcClientProtocolService.java:220) ~[ratis-grpc-0.4.0-2337318-SNAPSHOT.jar:0.4.0-2337318-SNAPSHOT]
	at org.apache.ratis.grpc.client.GrpcClientProtocolService$OrderedRequestStreamObserver.processClientRequest(GrpcClientProtocolService.java:326) ~[ratis-grpc-0.4.0-2337318-SNAPSHOT.jar:0.4.0-2337318-SNAPSHOT]
	at org.apache.ratis.util.SlidingWindow$Server.processRequestsFromHead(SlidingWindow.java:429) [ratis-common-0.4.0-2337318-SNAPSHOT.jar:0.4.0-2337318-SNAPSHOT]
	at org.apache.ratis.util.SlidingWindow$Server.receivedRequest(SlidingWindow.java:421) [ratis-common-0.4.0-2337318-SNAPSHOT.jar:0.4.0-2337318-SNAPSHOT]
	at org.apache.ratis.grpc.client.GrpcClientProtocolService$OrderedRequestStreamObserver.processClientRequest(GrpcClientProtocolService.java:345) [ratis-grpc-0.4.0-2337318-SNAPSHOT.jar:0.4.0-2337318-SNAPSHOT]
	at org.apache.ratis.grpc.client.GrpcClientProtocolService$RequestStreamObserver.onNext(GrpcClientProtocolService.java:240) [ratis-grpc-0.4.0-2337318-SNAPSHOT.jar:0.4.0-2337318-SNAPSHOT]
	at org.apache.ratis.grpc.client.GrpcClientProtocolService$RequestStreamObserver.onNext(GrpcClientProtocolService.java:168) [ratis-grpc-0.4.0-2337318-SNAPSHOT.jar:0.4.0-2337318-SNAPSHOT]
	at org.apache.ratis.thirdparty.io.grpc.stub.ServerCalls$StreamingServerCallHandler$StreamingServerCallListener.onMessage(ServerCalls.java:248) [ratis-thirdparty-misc-0.2.0.jar:0.2.0]
	at org.apache.ratis.thirdparty.io.grpc.internal.ServerCallImpl$ServerStreamListenerImpl.messagesAvailable(ServerCallImpl.java:263) [ratis-thirdparty-misc-0.2.0.jar:0.2.0]
	at org.apache.ratis.thirdparty.io.grpc.internal.ServerImpl$JumpToApplicationThreadServerStreamListener$1MessagesAvailable.runInContext(ServerImpl.java:686) [ratis-thirdparty-misc-0.2.0.jar:0.2.0]
	at org.apache.ratis.thirdparty.io.grpc.internal.ContextRunnable.run(ContextRunnable.java:37) [ratis-thirdparty-misc-0.2.0.jar:0.2.0]
	at org.apache.ratis.thirdparty.io.grpc.internal.SerializingExecutor.run(SerializingExecutor.java:123) [ratis-thirdparty-misc-0.2.0.jar:0.2.0]
	at java.util.concurrent.ThreadPoolExecutor.runWorker(ThreadPoolExecutor.java:1149) [?:1.8.0_212]
	at java.util.concurrent.ThreadPoolExecutor$Worker.run(ThreadPoolExecutor.java:624) [?:1.8.0_212]
	at java.lang.Thread.run(Thread.java:748) [?:1.8.0_212]
2019-07-13 09:17:00,021 INFO  client.GrpcClientProtocolClient (GrpcClientProtocolClient.java:onNext(255)) - client-981C387EA4FC->5f8d45b4-7e19-4436-96e2-91ecbc2674b2: receive RaftClientReply:client-981C387EA4FC->5f8d45b4-7e19-4436-96e2-91ecbc2674b2@group-532BB50822D7, cid=184, FAILED org.apache.ratis.protocol.StateMachineException: org.apache.hadoop.hdds.scm.container.common.helpers.ContainerNotOpenException from Server 5f8d45b4-7e19-4436-96e2-91ecbc2674b2: Container 1 in CLOSING state, logIndex=0, commits[5f8d45b4-7e19-4436-96e2-91ecbc2674b2:c18, 2096ab94-c10e-4212-ad33-fbb1e95f68e0:c16, 6559c360-20de-4236-9585-ab0e4b55fe93:c17]
09:17:00.023 [grpc-default-executor-7] ERROR DNAudit - user=null | ip=null | op=WRITE_CHUNK {blockData=conID: 1 locID: 102433384131461134 bcsId: 14} | ret=FAILURE
org.apache.hadoop.hdds.scm.container.common.helpers.ContainerNotOpenException: Container 1 in CLOSING state
	at org.apache.hadoop.ozone.container.common.impl.HddsDispatcher.validateContainerCommand(HddsDispatcher.java:408) ~[hadoop-hdds-container-service-0.5.0-SNAPSHOT.jar:?]
	at org.apache.hadoop.ozone.container.common.transport.server.ratis.ContainerStateMachine.startTransaction(ContainerStateMachine.java:271) ~[hadoop-hdds-container-service-0.5.0-SNAPSHOT.jar:?]
	at org.apache.ratis.server.impl.RaftServerImpl.submitClientRequestAsync(RaftServerImpl.java:566) ~[ratis-server-0.4.0-2337318-SNAPSHOT.jar:0.4.0-2337318-SNAPSHOT]
	at org.apache.ratis.server.impl.RaftServerProxy.lambda$submitClientRequestAsync$7(RaftServerProxy.java:333) ~[ratis-server-0.4.0-2337318-SNAPSHOT.jar:0.4.0-2337318-SNAPSHOT]
	at org.apache.ratis.server.impl.RaftServerProxy.lambda$null$5(RaftServerProxy.java:328) ~[ratis-server-0.4.0-2337318-SNAPSHOT.jar:0.4.0-2337318-SNAPSHOT]
	at org.apache.ratis.util.JavaUtils.callAsUnchecked(JavaUtils.java:109) ~[ratis-common-0.4.0-2337318-SNAPSHOT.jar:0.4.0-2337318-SNAPSHOT]
	at org.apache.ratis.server.impl.RaftServerProxy.lambda$submitRequest$6(RaftServerProxy.java:328) ~[ratis-server-0.4.0-2337318-SNAPSHOT.jar:0.4.0-2337318-SNAPSHOT]
	at java.util.concurrent.CompletableFuture.uniComposeStage(CompletableFuture.java:981) ~[?:1.8.0_212]
	at java.util.concurrent.CompletableFuture.thenCompose(CompletableFuture.java:2124) ~[?:1.8.0_212]
	at org.apache.ratis.server.impl.RaftServerProxy.submitRequest(RaftServerProxy.java:327) ~[ratis-server-0.4.0-2337318-SNAPSHOT.jar:0.4.0-2337318-SNAPSHOT]
	at org.apache.ratis.server.impl.RaftServerProxy.submitClientRequestAsync(RaftServerProxy.java:333) ~[ratis-server-0.4.0-2337318-SNAPSHOT.jar:0.4.0-2337318-SNAPSHOT]
	at org.apache.ratis.grpc.client.GrpcClientProtocolService$RequestStreamObserver.processClientRequest(GrpcClientProtocolService.java:220) ~[ratis-grpc-0.4.0-2337318-SNAPSHOT.jar:0.4.0-2337318-SNAPSHOT]
	at org.apache.ratis.grpc.client.GrpcClientProtocolService$OrderedRequestStreamObserver.processClientRequest(GrpcClientProtocolService.java:326) ~[ratis-grpc-0.4.0-2337318-SNAPSHOT.jar:0.4.0-2337318-SNAPSHOT]
	at org.apache.ratis.util.SlidingWindow$Server.processRequestsFromHead(SlidingWindow.java:429) [ratis-common-0.4.0-2337318-SNAPSHOT.jar:0.4.0-2337318-SNAPSHOT]
	at org.apache.ratis.util.SlidingWindow$Server.receivedRequest(SlidingWindow.java:421) [ratis-common-0.4.0-2337318-SNAPSHOT.jar:0.4.0-2337318-SNAPSHOT]
	at org.apache.ratis.grpc.client.GrpcClientProtocolService$OrderedRequestStreamObserver.processClientRequest(GrpcClientProtocolService.java:345) [ratis-grpc-0.4.0-2337318-SNAPSHOT.jar:0.4.0-2337318-SNAPSHOT]
	at org.apache.ratis.grpc.client.GrpcClientProtocolService$RequestStreamObserver.onNext(GrpcClientProtocolService.java:240) [ratis-grpc-0.4.0-2337318-SNAPSHOT.jar:0.4.0-2337318-SNAPSHOT]
	at org.apache.ratis.grpc.client.GrpcClientProtocolService$RequestStreamObserver.onNext(GrpcClientProtocolService.java:168) [ratis-grpc-0.4.0-2337318-SNAPSHOT.jar:0.4.0-2337318-SNAPSHOT]
	at org.apache.ratis.thirdparty.io.grpc.stub.ServerCalls$StreamingServerCallHandler$StreamingServerCallListener.onMessage(ServerCalls.java:248) [ratis-thirdparty-misc-0.2.0.jar:0.2.0]
	at org.apache.ratis.thirdparty.io.grpc.internal.ServerCallImpl$ServerStreamListenerImpl.messagesAvailable(ServerCallImpl.java:263) [ratis-thirdparty-misc-0.2.0.jar:0.2.0]
	at org.apache.ratis.thirdparty.io.grpc.internal.ServerImpl$JumpToApplicationThreadServerStreamListener$1MessagesAvailable.runInContext(ServerImpl.java:686) [ratis-thirdparty-misc-0.2.0.jar:0.2.0]
	at org.apache.ratis.thirdparty.io.grpc.internal.ContextRunnable.run(ContextRunnable.java:37) [ratis-thirdparty-misc-0.2.0.jar:0.2.0]
	at org.apache.ratis.thirdparty.io.grpc.internal.SerializingExecutor.run(SerializingExecutor.java:123) [ratis-thirdparty-misc-0.2.0.jar:0.2.0]
	at java.util.concurrent.ThreadPoolExecutor.runWorker(ThreadPoolExecutor.java:1149) [?:1.8.0_212]
	at java.util.concurrent.ThreadPoolExecutor$Worker.run(ThreadPoolExecutor.java:624) [?:1.8.0_212]
	at java.lang.Thread.run(Thread.java:748) [?:1.8.0_212]
2019-07-13 09:17:00,032 INFO  client.GrpcClientProtocolClient (GrpcClientProtocolClient.java:onNext(255)) - client-981C387EA4FC->5f8d45b4-7e19-4436-96e2-91ecbc2674b2: receive RaftClientReply:client-981C387EA4FC->5f8d45b4-7e19-4436-96e2-91ecbc2674b2@group-532BB50822D7, cid=185, FAILED org.apache.ratis.protocol.StateMachineException: org.apache.hadoop.hdds.scm.container.common.helpers.ContainerNotOpenException from Server 5f8d45b4-7e19-4436-96e2-91ecbc2674b2: Container 1 in CLOSING state, logIndex=0, commits[5f8d45b4-7e19-4436-96e2-91ecbc2674b2:c18, 2096ab94-c10e-4212-ad33-fbb1e95f68e0:c16, 6559c360-20de-4236-9585-ab0e4b55fe93:c17]
09:17:00.032 [grpc-default-executor-7] ERROR DNAudit - user=null | ip=null | op=PUT_BLOCK {blockData=[blockId=conID: 1 locID: 102433384131461134 bcsId: 0,size=650]} | ret=FAILURE
org.apache.hadoop.hdds.scm.container.common.helpers.ContainerNotOpenException: Container 1 in CLOSING state
	at org.apache.hadoop.ozone.container.common.impl.HddsDispatcher.validateContainerCommand(HddsDispatcher.java:408) ~[hadoop-hdds-container-service-0.5.0-SNAPSHOT.jar:?]
	at org.apache.hadoop.ozone.container.common.transport.server.ratis.ContainerStateMachine.startTransaction(ContainerStateMachine.java:271) ~[hadoop-hdds-container-service-0.5.0-SNAPSHOT.jar:?]
	at org.apache.ratis.server.impl.RaftServerImpl.submitClientRequestAsync(RaftServerImpl.java:566) ~[ratis-server-0.4.0-2337318-SNAPSHOT.jar:0.4.0-2337318-SNAPSHOT]
	at org.apache.ratis.server.impl.RaftServerProxy.lambda$submitClientRequestAsync$7(RaftServerProxy.java:333) ~[ratis-server-0.4.0-2337318-SNAPSHOT.jar:0.4.0-2337318-SNAPSHOT]
	at org.apache.ratis.server.impl.RaftServerProxy.lambda$null$5(RaftServerProxy.java:328) ~[ratis-server-0.4.0-2337318-SNAPSHOT.jar:0.4.0-2337318-SNAPSHOT]
	at org.apache.ratis.util.JavaUtils.callAsUnchecked(JavaUtils.java:109) ~[ratis-common-0.4.0-2337318-SNAPSHOT.jar:0.4.0-2337318-SNAPSHOT]
	at org.apache.ratis.server.impl.RaftServerProxy.lambda$submitRequest$6(RaftServerProxy.java:328) ~[ratis-server-0.4.0-2337318-SNAPSHOT.jar:0.4.0-2337318-SNAPSHOT]
	at java.util.concurrent.CompletableFuture.uniComposeStage(CompletableFuture.java:981) ~[?:1.8.0_212]
	at java.util.concurrent.CompletableFuture.thenCompose(CompletableFuture.java:2124) ~[?:1.8.0_212]
	at org.apache.ratis.server.impl.RaftServerProxy.submitRequest(RaftServerProxy.java:327) ~[ratis-server-0.4.0-2337318-SNAPSHOT.jar:0.4.0-2337318-SNAPSHOT]
	at org.apache.ratis.server.impl.RaftServerProxy.submitClientRequestAsync(RaftServerProxy.java:333) ~[ratis-server-0.4.0-2337318-SNAPSHOT.jar:0.4.0-2337318-SNAPSHOT]
	at org.apache.ratis.grpc.client.GrpcClientProtocolService$RequestStreamObserver.processClientRequest(GrpcClientProtocolService.java:220) ~[ratis-grpc-0.4.0-2337318-SNAPSHOT.jar:0.4.0-2337318-SNAPSHOT]
	at org.apache.ratis.grpc.client.GrpcClientProtocolService$OrderedRequestStreamObserver.processClientRequest(GrpcClientProtocolService.java:326) ~[ratis-grpc-0.4.0-2337318-SNAPSHOT.jar:0.4.0-2337318-SNAPSHOT]
	at org.apache.ratis.util.SlidingWindow$Server.processRequestsFromHead(SlidingWindow.java:429) [ratis-common-0.4.0-2337318-SNAPSHOT.jar:0.4.0-2337318-SNAPSHOT]
	at org.apache.ratis.util.SlidingWindow$Server.receivedRequest(SlidingWindow.java:421) [ratis-common-0.4.0-2337318-SNAPSHOT.jar:0.4.0-2337318-SNAPSHOT]
	at org.apache.ratis.grpc.client.GrpcClientProtocolService$OrderedRequestStreamObserver.processClientRequest(GrpcClientProtocolService.java:345) [ratis-grpc-0.4.0-2337318-SNAPSHOT.jar:0.4.0-2337318-SNAPSHOT]
	at org.apache.ratis.grpc.client.GrpcClientProtocolService$RequestStreamObserver.onNext(GrpcClientProtocolService.java:240) [ratis-grpc-0.4.0-2337318-SNAPSHOT.jar:0.4.0-2337318-SNAPSHOT]
	at org.apache.ratis.grpc.client.GrpcClientProtocolService$RequestStreamObserver.onNext(GrpcClientProtocolService.java:168) [ratis-grpc-0.4.0-2337318-SNAPSHOT.jar:0.4.0-2337318-SNAPSHOT]
	at org.apache.ratis.thirdparty.io.grpc.stub.ServerCalls$StreamingServerCallHandler$StreamingServerCallListener.onMessage(ServerCalls.java:248) [ratis-thirdparty-misc-0.2.0.jar:0.2.0]
	at org.apache.ratis.thirdparty.io.grpc.internal.ServerCallImpl$ServerStreamListenerImpl.messagesAvailable(ServerCallImpl.java:263) [ratis-thirdparty-misc-0.2.0.jar:0.2.0]
	at org.apache.ratis.thirdparty.io.grpc.internal.ServerImpl$JumpToApplicationThreadServerStreamListener$1MessagesAvailable.runInContext(ServerImpl.java:686) [ratis-thirdparty-misc-0.2.0.jar:0.2.0]
	at org.apache.ratis.thirdparty.io.grpc.internal.ContextRunnable.run(ContextRunnable.java:37) [ratis-thirdparty-misc-0.2.0.jar:0.2.0]
	at org.apache.ratis.thirdparty.io.grpc.internal.SerializingExecutor.run(SerializingExecutor.java:123) [ratis-thirdparty-misc-0.2.0.jar:0.2.0]
	at java.util.concurrent.ThreadPoolExecutor.runWorker(ThreadPoolExecutor.java:1149) [?:1.8.0_212]
	at java.util.concurrent.ThreadPoolExecutor$Worker.run(ThreadPoolExecutor.java:624) [?:1.8.0_212]
	at java.lang.Thread.run(Thread.java:748) [?:1.8.0_212]
2019-07-13 09:17:00,039 INFO  client.GrpcClientProtocolClient (GrpcClientProtocolClient.java:onNext(255)) - client-981C387EA4FC->5f8d45b4-7e19-4436-96e2-91ecbc2674b2: receive RaftClientReply:client-981C387EA4FC->5f8d45b4-7e19-4436-96e2-91ecbc2674b2@group-532BB50822D7, cid=186, FAILED org.apache.ratis.protocol.StateMachineException: org.apache.hadoop.hdds.scm.container.common.helpers.ContainerNotOpenException from Server 5f8d45b4-7e19-4436-96e2-91ecbc2674b2: Container 1 in CLOSING state, logIndex=0, commits[5f8d45b4-7e19-4436-96e2-91ecbc2674b2:c18, 2096ab94-c10e-4212-ad33-fbb1e95f68e0:c16, 6559c360-20de-4236-9585-ab0e4b55fe93:c17]
09:17:00.038 [grpc-default-executor-7] ERROR DNAudit - user=null | ip=null | op=WRITE_CHUNK {blockData=conID: 1 locID: 102433384131461134 bcsId: 14} | ret=FAILURE
org.apache.hadoop.hdds.scm.container.common.helpers.ContainerNotOpenException: Container 1 in CLOSING state
	at org.apache.hadoop.ozone.container.common.impl.HddsDispatcher.validateContainerCommand(HddsDispatcher.java:408) ~[hadoop-hdds-container-service-0.5.0-SNAPSHOT.jar:?]
	at org.apache.hadoop.ozone.container.common.transport.server.ratis.ContainerStateMachine.startTransaction(ContainerStateMachine.java:271) ~[hadoop-hdds-container-service-0.5.0-SNAPSHOT.jar:?]
	at org.apache.ratis.server.impl.RaftServerImpl.submitClientRequestAsync(RaftServerImpl.java:566) ~[ratis-server-0.4.0-2337318-SNAPSHOT.jar:0.4.0-2337318-SNAPSHOT]
	at org.apache.ratis.server.impl.RaftServerProxy.lambda$submitClientRequestAsync$7(RaftServerProxy.java:333) ~[ratis-server-0.4.0-2337318-SNAPSHOT.jar:0.4.0-2337318-SNAPSHOT]
	at org.apache.ratis.server.impl.RaftServerProxy.lambda$null$5(RaftServerProxy.java:328) ~[ratis-server-0.4.0-2337318-SNAPSHOT.jar:0.4.0-2337318-SNAPSHOT]
	at org.apache.ratis.util.JavaUtils.callAsUnchecked(JavaUtils.java:109) ~[ratis-common-0.4.0-2337318-SNAPSHOT.jar:0.4.0-2337318-SNAPSHOT]
	at org.apache.ratis.server.impl.RaftServerProxy.lambda$submitRequest$6(RaftServerProxy.java:328) ~[ratis-server-0.4.0-2337318-SNAPSHOT.jar:0.4.0-2337318-SNAPSHOT]
	at java.util.concurrent.CompletableFuture.uniComposeStage(CompletableFuture.java:981) ~[?:1.8.0_212]
	at java.util.concurrent.CompletableFuture.thenCompose(CompletableFuture.java:2124) ~[?:1.8.0_212]
	at org.apache.ratis.server.impl.RaftServerProxy.submitRequest(RaftServerProxy.java:327) ~[ratis-server-0.4.0-2337318-SNAPSHOT.jar:0.4.0-2337318-SNAPSHOT]
	at org.apache.ratis.server.impl.RaftServerProxy.submitClientRequestAsync(RaftServerProxy.java:333) ~[ratis-server-0.4.0-2337318-SNAPSHOT.jar:0.4.0-2337318-SNAPSHOT]
	at org.apache.ratis.grpc.client.GrpcClientProtocolService$RequestStreamObserver.processClientRequest(GrpcClientProtocolService.java:220) ~[ratis-grpc-0.4.0-2337318-SNAPSHOT.jar:0.4.0-2337318-SNAPSHOT]
	at org.apache.ratis.grpc.client.GrpcClientProtocolService$OrderedRequestStreamObserver.processClientRequest(GrpcClientProtocolService.java:326) ~[ratis-grpc-0.4.0-2337318-SNAPSHOT.jar:0.4.0-2337318-SNAPSHOT]
	at org.apache.ratis.util.SlidingWindow$Server.processRequestsFromHead(SlidingWindow.java:429) [ratis-common-0.4.0-2337318-SNAPSHOT.jar:0.4.0-2337318-SNAPSHOT]
	at org.apache.ratis.util.SlidingWindow$Server.receivedRequest(SlidingWindow.java:421) [ratis-common-0.4.0-2337318-SNAPSHOT.jar:0.4.0-2337318-SNAPSHOT]
	at org.apache.ratis.grpc.client.GrpcClientProtocolService$OrderedRequestStreamObserver.processClientRequest(GrpcClientProtocolService.java:345) [ratis-grpc-0.4.0-2337318-SNAPSHOT.jar:0.4.0-2337318-SNAPSHOT]
	at org.apache.ratis.grpc.client.GrpcClientProtocolService$RequestStreamObserver.onNext(GrpcClientProtocolService.java:240) [ratis-grpc-0.4.0-2337318-SNAPSHOT.jar:0.4.0-2337318-SNAPSHOT]
	at org.apache.ratis.grpc.client.GrpcClientProtocolService$RequestStreamObserver.onNext(GrpcClientProtocolService.java:168) [ratis-grpc-0.4.0-2337318-SNAPSHOT.jar:0.4.0-2337318-SNAPSHOT]
	at org.apache.ratis.thirdparty.io.grpc.stub.ServerCalls$StreamingServerCallHandler$StreamingServerCallListener.onMessage(ServerCalls.java:248) [ratis-thirdparty-misc-0.2.0.jar:0.2.0]
	at org.apache.ratis.thirdparty.io.grpc.internal.ServerCallImpl$ServerStreamListenerImpl.messagesAvailable(ServerCallImpl.java:263) [ratis-thirdparty-misc-0.2.0.jar:0.2.0]
	at org.apache.ratis.thirdparty.io.grpc.internal.ServerImpl$JumpToApplicationThreadServerStreamListener$1MessagesAvailable.runInContext(ServerImpl.java:686) [ratis-thirdparty-misc-0.2.0.jar:0.2.0]
	at org.apache.ratis.thirdparty.io.grpc.internal.ContextRunnable.run(ContextRunnable.java:37) [ratis-thirdparty-misc-0.2.0.jar:0.2.0]
	at org.apache.ratis.thirdparty.io.grpc.internal.SerializingExecutor.run(SerializingExecutor.java:123) [ratis-thirdparty-misc-0.2.0.jar:0.2.0]
	at java.util.concurrent.ThreadPoolExecutor.runWorker(ThreadPoolExecutor.java:1149) [?:1.8.0_212]
	at java.util.concurrent.ThreadPoolExecutor$Worker.run(ThreadPoolExecutor.java:624) [?:1.8.0_212]
	at java.lang.Thread.run(Thread.java:748) [?:1.8.0_212]
09:17:00.044 [grpc-default-executor-7] ERROR DNAudit - user=null | ip=null | op=WRITE_CHUNK {blockData=conID: 1 locID: 102433384131461134 bcsId: 14} | ret=FAILURE
org.apache.hadoop.hdds.scm.container.common.helpers.ContainerNotOpenException: Container 1 in CLOSING state
	at org.apache.hadoop.ozone.container.common.impl.HddsDispatcher.validateContainerCommand(HddsDispatcher.java:408) ~[hadoop-hdds-container-service-0.5.0-SNAPSHOT.jar:?]
	at org.apache.hadoop.ozone.container.common.transport.server.ratis.ContainerStateMachine.startTransaction(ContainerStateMachine.java:271) ~[hadoop-hdds-container-service-0.5.0-SNAPSHOT.jar:?]
	at org.apache.ratis.server.impl.RaftServerImpl.submitClientRequestAsync(RaftServerImpl.java:566) ~[ratis-server-0.4.0-2337318-SNAPSHOT.jar:0.4.0-2337318-SNAPSHOT]
	at org.apache.ratis.server.impl.RaftServerProxy.lambda$submitClientRequestAsync$7(RaftServerProxy.java:333) ~[ratis-server-0.4.0-2337318-SNAPSHOT.jar:0.4.0-2337318-SNAPSHOT]
	at org.apache.ratis.server.impl.RaftServerProxy.lambda$null$5(RaftServerProxy.java:328) ~[ratis-server-0.4.0-2337318-SNAPSHOT.jar:0.4.0-2337318-SNAPSHOT]
	at org.apache.ratis.util.JavaUtils.callAsUnchecked(JavaUtils.java:109) ~[ratis-common-0.4.0-2337318-SNAPSHOT.jar:0.4.0-2337318-SNAPSHOT]
	at org.apache.ratis.server.impl.RaftServerProxy.lambda$submitRequest$6(RaftServerProxy.java:328) ~[ratis-server-0.4.0-2337318-SNAPSHOT.jar:0.4.0-2337318-SNAPSHOT]
	at java.util.concurrent.CompletableFuture.uniComposeStage(CompletableFuture.java:981) ~[?:1.8.0_212]
	at java.util.concurrent.CompletableFuture.thenCompose(CompletableFuture.java:2124) ~[?:1.8.0_212]
	at org.apache.ratis.server.impl.RaftServerProxy.submitRequest(RaftServerProxy.java:327) ~[ratis-server-0.4.0-2337318-SNAPSHOT.jar:0.4.0-2337318-SNAPSHOT]
	at org.apache.ratis.server.impl.RaftServerProxy.submitClientRequestAsync(RaftServerProxy.java:333) ~[ratis-server-0.4.0-2337318-SNAPSHOT.jar:0.4.0-2337318-SNAPSHOT]
	at org.apache.ratis.grpc.client.GrpcClientProtocolService$RequestStreamObserver.processClientRequest(GrpcClientProtocolService.java:220) ~[ratis-grpc-0.4.0-2337318-SNAPSHOT.jar:0.4.0-2337318-SNAPSHOT]
	at org.apache.ratis.grpc.client.GrpcClientProtocolService$OrderedRequestStreamObserver.processClientRequest(GrpcClientProtocolService.java:326) ~[ratis-grpc-0.4.0-2337318-SNAPSHOT.jar:0.4.0-2337318-SNAPSHOT]
	at org.apache.ratis.util.SlidingWindow$Server.processRequestsFromHead(SlidingWindow.java:429) [ratis-common-0.4.0-2337318-SNAPSHOT.jar:0.4.0-2337318-SNAPSHOT]
	at org.apache.ratis.util.SlidingWindow$Server.receivedRequest(SlidingWindow.java:421) [ratis-common-0.4.0-2337318-SNAPSHOT.jar:0.4.0-2337318-SNAPSHOT]
	at org.apache.ratis.grpc.client.GrpcClientProtocolService$OrderedRequestStreamObserver.processClientRequest(GrpcClientProtocolService.java:345) [ratis-grpc-0.4.0-2337318-SNAPSHOT.jar:0.4.0-2337318-SNAPSHOT]
	at org.apache.ratis.grpc.client.GrpcClientProtocolService$RequestStreamObserver.onNext(GrpcClientProtocolService.java:240) [ratis-grpc-0.4.0-2337318-SNAPSHOT.jar:0.4.0-2337318-SNAPSHOT]
	at org.apache.ratis.grpc.client.GrpcClientProtocolService$RequestStreamObserver.onNext(GrpcClientProtocolService.java:168) [ratis-grpc-0.4.0-2337318-SNAPSHOT.jar:0.4.0-2337318-SNAPSHOT]
	at org.apache.ratis.thirdparty.io.grpc.stub.ServerCalls$StreamingServerCallHandler$StreamingServerCallListener.onMessage(ServerCalls.java:248) [ratis-thirdparty-misc-0.2.0.jar:0.2.0]
	at org.apache.ratis.thirdparty.io.grpc.internal.ServerCallImpl$ServerStreamListenerImpl.messagesAvailable(ServerCallImpl.java:263) [ratis-thirdparty-misc-0.2.0.jar:0.2.0]
	at org.apache.ratis.thirdparty.io.grpc.internal.ServerImpl$JumpToApplicationThreadServerStreamListener$1MessagesAvailable.runInContext(ServerImpl.java:686) [ratis-thirdparty-misc-0.2.0.jar:0.2.0]
	at org.apache.ratis.thirdparty.io.grpc.internal.ContextRunnable.run(ContextRunnable.java:37) [ratis-thirdparty-misc-0.2.0.jar:0.2.0]
	at org.apache.ratis.thirdparty.io.grpc.internal.SerializingExecutor.run(SerializingExecutor.java:123) [ratis-thirdparty-misc-0.2.0.jar:0.2.0]
	at java.util.concurrent.ThreadPoolExecutor.runWorker(ThreadPoolExecutor.java:1149) [?:1.8.0_212]
	at java.util.concurrent.ThreadPoolExecutor$Worker.run(ThreadPoolExecutor.java:624) [?:1.8.0_212]
	at java.lang.Thread.run(Thread.java:748) [?:1.8.0_212]
2019-07-13 09:17:00,046 INFO  client.GrpcClientProtocolClient (GrpcClientProtocolClient.java:onNext(255)) - client-981C387EA4FC->5f8d45b4-7e19-4436-96e2-91ecbc2674b2: receive RaftClientReply:client-981C387EA4FC->5f8d45b4-7e19-4436-96e2-91ecbc2674b2@group-532BB50822D7, cid=187, FAILED org.apache.ratis.protocol.StateMachineException: org.apache.hadoop.hdds.scm.container.common.helpers.ContainerNotOpenException from Server 5f8d45b4-7e19-4436-96e2-91ecbc2674b2: Container 1 in CLOSING state, logIndex=0, commits[5f8d45b4-7e19-4436-96e2-91ecbc2674b2:c18, 2096ab94-c10e-4212-ad33-fbb1e95f68e0:c16, 6559c360-20de-4236-9585-ab0e4b55fe93:c17]
2019-07-13 09:17:00,052 INFO  client.GrpcClientProtocolClient (GrpcClientProtocolClient.java:onNext(255)) - client-981C387EA4FC->5f8d45b4-7e19-4436-96e2-91ecbc2674b2: receive RaftClientReply:client-981C387EA4FC->5f8d45b4-7e19-4436-96e2-91ecbc2674b2@group-532BB50822D7, cid=188, FAILED org.apache.ratis.protocol.StateMachineException: org.apache.hadoop.hdds.scm.container.common.helpers.ContainerNotOpenException from Server 5f8d45b4-7e19-4436-96e2-91ecbc2674b2: Container 1 in CLOSING state, logIndex=0, commits[5f8d45b4-7e19-4436-96e2-91ecbc2674b2:c18, 2096ab94-c10e-4212-ad33-fbb1e95f68e0:c16, 6559c360-20de-4236-9585-ab0e4b55fe93:c17]
09:17:00.051 [grpc-default-executor-7] ERROR DNAudit - user=null | ip=null | op=PUT_BLOCK {blockData=[blockId=conID: 1 locID: 102433384131461134 bcsId: 0,size=800]} | ret=FAILURE
org.apache.hadoop.hdds.scm.container.common.helpers.ContainerNotOpenException: Container 1 in CLOSING state
	at org.apache.hadoop.ozone.container.common.impl.HddsDispatcher.validateContainerCommand(HddsDispatcher.java:408) ~[hadoop-hdds-container-service-0.5.0-SNAPSHOT.jar:?]
	at org.apache.hadoop.ozone.container.common.transport.server.ratis.ContainerStateMachine.startTransaction(ContainerStateMachine.java:271) ~[hadoop-hdds-container-service-0.5.0-SNAPSHOT.jar:?]
	at org.apache.ratis.server.impl.RaftServerImpl.submitClientRequestAsync(RaftServerImpl.java:566) ~[ratis-server-0.4.0-2337318-SNAPSHOT.jar:0.4.0-2337318-SNAPSHOT]
	at org.apache.ratis.server.impl.RaftServerProxy.lambda$submitClientRequestAsync$7(RaftServerProxy.java:333) ~[ratis-server-0.4.0-2337318-SNAPSHOT.jar:0.4.0-2337318-SNAPSHOT]
	at org.apache.ratis.server.impl.RaftServerProxy.lambda$null$5(RaftServerProxy.java:328) ~[ratis-server-0.4.0-2337318-SNAPSHOT.jar:0.4.0-2337318-SNAPSHOT]
	at org.apache.ratis.util.JavaUtils.callAsUnchecked(JavaUtils.java:109) ~[ratis-common-0.4.0-2337318-SNAPSHOT.jar:0.4.0-2337318-SNAPSHOT]
	at org.apache.ratis.server.impl.RaftServerProxy.lambda$submitRequest$6(RaftServerProxy.java:328) ~[ratis-server-0.4.0-2337318-SNAPSHOT.jar:0.4.0-2337318-SNAPSHOT]
	at java.util.concurrent.CompletableFuture.uniComposeStage(CompletableFuture.java:981) ~[?:1.8.0_212]
	at java.util.concurrent.CompletableFuture.thenCompose(CompletableFuture.java:2124) ~[?:1.8.0_212]
	at org.apache.ratis.server.impl.RaftServerProxy.submitRequest(RaftServerProxy.java:327) ~[ratis-server-0.4.0-2337318-SNAPSHOT.jar:0.4.0-2337318-SNAPSHOT]
	at org.apache.ratis.server.impl.RaftServerProxy.submitClientRequestAsync(RaftServerProxy.java:333) ~[ratis-server-0.4.0-2337318-SNAPSHOT.jar:0.4.0-2337318-SNAPSHOT]
	at org.apache.ratis.grpc.client.GrpcClientProtocolService$RequestStreamObserver.processClientRequest(GrpcClientProtocolService.java:220) ~[ratis-grpc-0.4.0-2337318-SNAPSHOT.jar:0.4.0-2337318-SNAPSHOT]
	at org.apache.ratis.grpc.client.GrpcClientProtocolService$OrderedRequestStreamObserver.processClientRequest(GrpcClientProtocolService.java:326) ~[ratis-grpc-0.4.0-2337318-SNAPSHOT.jar:0.4.0-2337318-SNAPSHOT]
	at org.apache.ratis.util.SlidingWindow$Server.processRequestsFromHead(SlidingWindow.java:429) [ratis-common-0.4.0-2337318-SNAPSHOT.jar:0.4.0-2337318-SNAPSHOT]
	at org.apache.ratis.util.SlidingWindow$Server.receivedRequest(SlidingWindow.java:421) [ratis-common-0.4.0-2337318-SNAPSHOT.jar:0.4.0-2337318-SNAPSHOT]
	at org.apache.ratis.grpc.client.GrpcClientProtocolService$OrderedRequestStreamObserver.processClientRequest(GrpcClientProtocolService.java:345) [ratis-grpc-0.4.0-2337318-SNAPSHOT.jar:0.4.0-2337318-SNAPSHOT]
	at org.apache.ratis.grpc.client.GrpcClientProtocolService$RequestStreamObserver.onNext(GrpcClientProtocolService.java:240) [ratis-grpc-0.4.0-2337318-SNAPSHOT.jar:0.4.0-2337318-SNAPSHOT]
	at org.apache.ratis.grpc.client.GrpcClientProtocolService$RequestStreamObserver.onNext(GrpcClientProtocolService.java:168) [ratis-grpc-0.4.0-2337318-SNAPSHOT.jar:0.4.0-2337318-SNAPSHOT]
	at org.apache.ratis.thirdparty.io.grpc.stub.ServerCalls$StreamingServerCallHandler$StreamingServerCallListener.onMessage(ServerCalls.java:248) [ratis-thirdparty-misc-0.2.0.jar:0.2.0]
	at org.apache.ratis.thirdparty.io.grpc.internal.ServerCallImpl$ServerStreamListenerImpl.messagesAvailable(ServerCallImpl.java:263) [ratis-thirdparty-misc-0.2.0.jar:0.2.0]
	at org.apache.ratis.thirdparty.io.grpc.internal.ServerImpl$JumpToApplicationThreadServerStreamListener$1MessagesAvailable.runInContext(ServerImpl.java:686) [ratis-thirdparty-misc-0.2.0.jar:0.2.0]
	at org.apache.ratis.thirdparty.io.grpc.internal.ContextRunnable.run(ContextRunnable.java:37) [ratis-thirdparty-misc-0.2.0.jar:0.2.0]
	at org.apache.ratis.thirdparty.io.grpc.internal.SerializingExecutor.run(SerializingExecutor.java:123) [ratis-thirdparty-misc-0.2.0.jar:0.2.0]
	at java.util.concurrent.ThreadPoolExecutor.runWorker(ThreadPoolExecutor.java:1149) [?:1.8.0_212]
	at java.util.concurrent.ThreadPoolExecutor$Worker.run(ThreadPoolExecutor.java:624) [?:1.8.0_212]
	at java.lang.Thread.run(Thread.java:748) [?:1.8.0_212]
2019-07-13 09:17:00,065 INFO  client.GrpcClientProtocolClient (GrpcClientProtocolClient.java:onNext(255)) - client-981C387EA4FC->5f8d45b4-7e19-4436-96e2-91ecbc2674b2: receive RaftClientReply:client-981C387EA4FC->5f8d45b4-7e19-4436-96e2-91ecbc2674b2@group-532BB50822D7, cid=189, FAILED org.apache.ratis.protocol.StateMachineException: org.apache.hadoop.hdds.scm.container.common.helpers.ContainerNotOpenException from Server 5f8d45b4-7e19-4436-96e2-91ecbc2674b2: Container 1 in CLOSING state, logIndex=0, commits[5f8d45b4-7e19-4436-96e2-91ecbc2674b2:c18, 2096ab94-c10e-4212-ad33-fbb1e95f68e0:c16, 6559c360-20de-4236-9585-ab0e4b55fe93:c17]
2019-07-13 09:17:00,115 INFO  client.GrpcClientProtocolClient (GrpcClientProtocolClient.java:onNext(255)) - client-4C292C4A037C->dc98be44-39a7-44a3-a001-d81f6637fe10: receive RaftClientReply:client-4C292C4A037C->dc98be44-39a7-44a3-a001-d81f6637fe10@group-D27F074936C1, cid=190, FAILED org.apache.ratis.protocol.NotLeaderException: Server dc98be44-39a7-44a3-a001-d81f6637fe10 is not the leader (c2327460-9b06-49cb-86b3-02d4da1c959b:192.168.69.96:35402). Request must be sent to leader., logIndex=0, commits[dc98be44-39a7-44a3-a001-d81f6637fe10:c0, c2327460-9b06-49cb-86b3-02d4da1c959b:c0, 9a544c2a-8f47-4cb4-8d3c-fa206030b87a:c0]
2019-07-13 09:17:00,252 INFO  client.GrpcClientProtocolClient (GrpcClientProtocolClient.java:onNext(255)) - client-4C292C4A037C->c2327460-9b06-49cb-86b3-02d4da1c959b: receive RaftClientReply:client-4C292C4A037C->c2327460-9b06-49cb-86b3-02d4da1c959b@group-D27F074936C1, cid=190, SUCCESS, logIndex=1, commits[c2327460-9b06-49cb-86b3-02d4da1c959b:c1, dc98be44-39a7-44a3-a001-d81f6637fe10:c0, 9a544c2a-8f47-4cb4-8d3c-fa206030b87a:c0]
2019-07-13 09:17:00,266 INFO  client.GrpcClientProtocolClient (GrpcClientProtocolClient.java:onNext(255)) - client-4C292C4A037C->c2327460-9b06-49cb-86b3-02d4da1c959b: receive RaftClientReply:client-4C292C4A037C->c2327460-9b06-49cb-86b3-02d4da1c959b@group-D27F074936C1, cid=191, SUCCESS, logIndex=3, commits[c2327460-9b06-49cb-86b3-02d4da1c959b:c4, dc98be44-39a7-44a3-a001-d81f6637fe10:c1, 9a544c2a-8f47-4cb4-8d3c-fa206030b87a:c1]
2019-07-13 09:17:00,311 INFO  client.GrpcClientProtocolClient (GrpcClientProtocolClient.java:onNext(255)) - client-4C292C4A037C->c2327460-9b06-49cb-86b3-02d4da1c959b: receive RaftClientReply:client-4C292C4A037C->c2327460-9b06-49cb-86b3-02d4da1c959b@group-D27F074936C1, cid=192, SUCCESS, logIndex=4, commits[c2327460-9b06-49cb-86b3-02d4da1c959b:c11, dc98be44-39a7-44a3-a001-d81f6637fe10:c7, 9a544c2a-8f47-4cb4-8d3c-fa206030b87a:c7]
2019-07-13 09:17:00,312 INFO  client.GrpcClientProtocolClient (GrpcClientProtocolClient.java:onNext(255)) - client-4C292C4A037C->c2327460-9b06-49cb-86b3-02d4da1c959b: receive RaftClientReply:client-4C292C4A037C->c2327460-9b06-49cb-86b3-02d4da1c959b@group-D27F074936C1, cid=193, SUCCESS, logIndex=5, commits[c2327460-9b06-49cb-86b3-02d4da1c959b:c11, dc98be44-39a7-44a3-a001-d81f6637fe10:c7, 9a544c2a-8f47-4cb4-8d3c-fa206030b87a:c7]
2019-07-13 09:17:00,313 INFO  client.GrpcClientProtocolClient (GrpcClientProtocolClient.java:onNext(255)) - client-4C292C4A037C->c2327460-9b06-49cb-86b3-02d4da1c959b: receive RaftClientReply:client-4C292C4A037C->c2327460-9b06-49cb-86b3-02d4da1c959b@group-D27F074936C1, cid=194, SUCCESS, logIndex=6, commits[c2327460-9b06-49cb-86b3-02d4da1c959b:c11, dc98be44-39a7-44a3-a001-d81f6637fe10:c7, 9a544c2a-8f47-4cb4-8d3c-fa206030b87a:c7]
2019-07-13 09:17:00,399 INFO  client.GrpcClientProtocolClient (GrpcClientProtocolClient.java:onNext(255)) - client-4C292C4A037C->c2327460-9b06-49cb-86b3-02d4da1c959b: receive RaftClientReply:client-4C292C4A037C->c2327460-9b06-49cb-86b3-02d4da1c959b@group-D27F074936C1, cid=195, SUCCESS, logIndex=7, commits[c2327460-9b06-49cb-86b3-02d4da1c959b:c11, dc98be44-39a7-44a3-a001-d81f6637fe10:c7, 9a544c2a-8f47-4cb4-8d3c-fa206030b87a:c7]
2019-07-13 09:17:00,410 INFO  client.GrpcClientProtocolClient (GrpcClientProtocolClient.java:onNext(255)) - client-4C292C4A037C->c2327460-9b06-49cb-86b3-02d4da1c959b: receive RaftClientReply:client-4C292C4A037C->c2327460-9b06-49cb-86b3-02d4da1c959b@group-D27F074936C1, cid=196, SUCCESS, logIndex=12, commits[c2327460-9b06-49cb-86b3-02d4da1c959b:c13, dc98be44-39a7-44a3-a001-d81f6637fe10:c11, 9a544c2a-8f47-4cb4-8d3c-fa206030b87a:c11]
2019-07-13 09:17:00,411 INFO  client.GrpcClientProtocolClient (GrpcClientProtocolClient.java:onNext(255)) - client-4C292C4A037C->c2327460-9b06-49cb-86b3-02d4da1c959b: receive RaftClientReply:client-4C292C4A037C->c2327460-9b06-49cb-86b3-02d4da1c959b@group-D27F074936C1, cid=197, SUCCESS, logIndex=13, commits[c2327460-9b06-49cb-86b3-02d4da1c959b:c13, dc98be44-39a7-44a3-a001-d81f6637fe10:c11, 9a544c2a-8f47-4cb4-8d3c-fa206030b87a:c11]
2019-07-13 09:17:00,433 INFO  client.GrpcClientProtocolClient (GrpcClientProtocolClient.java:onNext(255)) - client-4C292C4A037C->c2327460-9b06-49cb-86b3-02d4da1c959b: receive RaftClientReply:client-4C292C4A037C->c2327460-9b06-49cb-86b3-02d4da1c959b@group-D27F074936C1, cid=198, SUCCESS, logIndex=0, commits[c2327460-9b06-49cb-86b3-02d4da1c959b:c15, dc98be44-39a7-44a3-a001-d81f6637fe10:c13, 9a544c2a-8f47-4cb4-8d3c-fa206030b87a:c13]
2019-07-13 09:17:00,434 INFO  ozone.MiniOzoneClusterImpl (MiniOzoneClusterImpl.java:shutdown(321)) - Shutting down the Mini Ozone Cluster
2019-07-13 09:17:00,435 INFO  ozone.MiniOzoneClusterImpl (MiniOzoneClusterImpl.java:stop(336)) - Stopping the Mini Ozone Cluster
2019-07-13 09:17:00,435 INFO  ozone.MiniOzoneClusterImpl (MiniOzoneClusterImpl.java:stop(338)) - Stopping the OzoneManager
2019-07-13 09:17:00,435 INFO  ipc.Server (Server.java:stop(3082)) - Stopping server on 41527
2019-07-13 09:17:00,449 INFO  ipc.Server (Server.java:run(1185)) - Stopping IPC Server listener on 41527
2019-07-13 09:17:00,449 INFO  utils.BackgroundService (BackgroundService.java:shutdown(148)) - Shutting down service KeyDeletingService
2019-07-13 09:17:00,453 INFO  ipc.Server (Server.java:run(1319)) - Stopping IPC Server Responder
2019-07-13 09:17:00,470 INFO  handler.ContextHandler (ContextHandler.java:doStop(910)) - Stopped o.e.j.w.WebAppContext@15ab0461{/,null,UNAVAILABLE}{/ozoneManager}
2019-07-13 09:17:00,470 INFO  server.AbstractConnector (AbstractConnector.java:doStop(318)) - Stopped ServerConnector@2f403d0a{HTTP/1.1,[http/1.1]}{0.0.0.0:0}
2019-07-13 09:17:00,471 INFO  handler.ContextHandler (ContextHandler.java:doStop(910)) - Stopped o.e.j.s.ServletContextHandler@22cca101{/static,file:///tmp/workdir/hadoop-ozone/integration-test/target/test-classes/webapps/static,UNAVAILABLE}
2019-07-13 09:17:00,471 INFO  handler.ContextHandler (ContextHandler.java:doStop(910)) - Stopped o.e.j.s.ServletContextHandler@5d3f583d{/logs,file:///tmp/workdir/hadoop-ozone/integration-test/target/log,UNAVAILABLE}
2019-07-13 09:17:00,484 INFO  ozone.MiniOzoneClusterImpl (MiniOzoneClusterImpl.java:stop(344)) - Shutting the HddsDatanodes
2019-07-13 09:17:00,485 INFO  datanode.ObjectStoreHandler (ObjectStoreHandler.java:close(155)) - Closing ObjectStoreHandler.
2019-07-13 09:17:00,485 INFO  datanode.ObjectStoreHandler (ObjectStoreHandler.java:close(155)) - Closing ObjectStoreHandler.
2019-07-13 09:17:00,485 INFO  ozone.HddsDatanodeService (HddsDatanodeService.java:stop(452)) - Stopped plug-in org.apache.hadoop.ozone.web.OzoneHddsDatanodeService@6db160b4
2019-07-13 09:17:00,485 INFO  ozone.HddsDatanodeService (HddsDatanodeService.java:stop(452)) - Stopped plug-in org.apache.hadoop.ozone.web.OzoneHddsDatanodeService@7a458c73
2019-07-13 09:17:00,621 INFO  statemachine.DatanodeStateMachine (DatanodeStateMachine.java:lambda$startDaemon$0(350)) - Ozone container server started.
2019-07-13 09:17:01,243 INFO  statemachine.DatanodeStateMachine (DatanodeStateMachine.java:lambda$startDaemon$0(350)) - Ozone container server started.
2019-07-13 09:17:02,510 WARN  server.GrpcLogAppender (LogUtils.java:warn(134)) - 5f8d45b4-7e19-4436-96e2-91ecbc2674b2->2096ab94-c10e-4212-ad33-fbb1e95f68e0: Failed appendEntries: org.apache.ratis.thirdparty.io.grpc.StatusRuntimeException: UNAVAILABLE: io exception
2019-07-13 09:17:02,510 INFO  impl.FollowerInfo (FollowerInfo.java:lambda$new$0(50)) - 5f8d45b4-7e19-4436-96e2-91ecbc2674b2->2096ab94-c10e-4212-ad33-fbb1e95f68e0: nextIndex: updateUnconditionally 1 -> 0
2019-07-13 09:17:04,632 INFO  node.StaleNodeHandler (StaleNodeHandler.java:onMessage(58)) - Datanode 6559c360-20de-4236-9585-ab0e4b55fe93{ip: 192.168.69.96, host: trunk-nightly-hmp62-43275749, networkLocation: /default-rack, certSerialId: null} moved to stale state. Finalizing its pipelines [PipelineID=8115923d-66ff-49f7-9c80-4b6637b9739a, PipelineID=3e1734b0-2f3f-4384-98d5-532bb50822d7]
2019-07-13 09:17:04,632 INFO  pipeline.SCMPipelineManager (SCMPipelineManager.java:finalizeAndDestroyPipeline(309)) - destroying pipeline:Pipeline[ Id: 8115923d-66ff-49f7-9c80-4b6637b9739a, Nodes: 6559c360-20de-4236-9585-ab0e4b55fe93{ip: 192.168.69.96, host: trunk-nightly-hmp62-43275749, networkLocation: /default-rack, certSerialId: null}, Type:RATIS, Factor:ONE, State:OPEN]
2019-07-13 09:17:04,632 INFO  pipeline.PipelineStateManager (PipelineStateManager.java:finalizePipeline(123)) - Pipeline Pipeline[ Id: 8115923d-66ff-49f7-9c80-4b6637b9739a, Nodes: 6559c360-20de-4236-9585-ab0e4b55fe93{ip: 192.168.69.96, host: trunk-nightly-hmp62-43275749, networkLocation: /default-rack, certSerialId: null}, Type:RATIS, Factor:ONE, State:CLOSED] moved to CLOSED state
2019-07-13 09:17:04,632 INFO  pipeline.SCMPipelineManager (SCMPipelineManager.java:finalizeAndDestroyPipeline(309)) - destroying pipeline:Pipeline[ Id: 3e1734b0-2f3f-4384-98d5-532bb50822d7, Nodes: 2096ab94-c10e-4212-ad33-fbb1e95f68e0{ip: 192.168.69.96, host: trunk-nightly-hmp62-43275749, networkLocation: /default-rack, certSerialId: null}5f8d45b4-7e19-4436-96e2-91ecbc2674b2{ip: 192.168.69.96, host: trunk-nightly-hmp62-43275749, networkLocation: /default-rack, certSerialId: null}6559c360-20de-4236-9585-ab0e4b55fe93{ip: 192.168.69.96, host: trunk-nightly-hmp62-43275749, networkLocation: /default-rack, certSerialId: null}, Type:RATIS, Factor:THREE, State:CLOSED]
2019-07-13 09:17:05,008 WARN  server.GrpcLogAppender (LogUtils.java:warn(134)) - 5f8d45b4-7e19-4436-96e2-91ecbc2674b2->2096ab94-c10e-4212-ad33-fbb1e95f68e0: Failed appendEntries: org.apache.ratis.thirdparty.io.grpc.StatusRuntimeException: UNAVAILABLE: io exception
2019-07-13 09:17:05,009 INFO  impl.FollowerInfo (FollowerInfo.java:lambda$new$0(50)) - 5f8d45b4-7e19-4436-96e2-91ecbc2674b2->2096ab94-c10e-4212-ad33-fbb1e95f68e0: nextIndex: updateUnconditionally 0 -> 0
2019-07-13 09:17:05,332 INFO  node.StaleNodeHandler (StaleNodeHandler.java:onMessage(58)) - Datanode c2327460-9b06-49cb-86b3-02d4da1c959b{ip: 192.168.69.96, host: trunk-nightly-hmp62-43275749, networkLocation: /default-rack, certSerialId: null} moved to stale state. Finalizing its pipelines [PipelineID=f2bc31bd-fe5d-49bc-9246-8470c7db8da5, PipelineID=d8345fb5-b3f6-4798-9263-d27f074936c1]
2019-07-13 09:17:05,333 INFO  pipeline.SCMPipelineManager (SCMPipelineManager.java:finalizeAndDestroyPipeline(309)) - destroying pipeline:Pipeline[ Id: f2bc31bd-fe5d-49bc-9246-8470c7db8da5, Nodes: c2327460-9b06-49cb-86b3-02d4da1c959b{ip: 192.168.69.96, host: trunk-nightly-hmp62-43275749, networkLocation: /default-rack, certSerialId: null}, Type:RATIS, Factor:ONE, State:OPEN]
2019-07-13 09:17:05,333 INFO  pipeline.PipelineStateManager (PipelineStateManager.java:finalizePipeline(123)) - Pipeline Pipeline[ Id: f2bc31bd-fe5d-49bc-9246-8470c7db8da5, Nodes: c2327460-9b06-49cb-86b3-02d4da1c959b{ip: 192.168.69.96, host: trunk-nightly-hmp62-43275749, networkLocation: /default-rack, certSerialId: null}, Type:RATIS, Factor:ONE, State:CLOSED] moved to CLOSED state
2019-07-13 09:17:05,333 INFO  pipeline.SCMPipelineManager (SCMPipelineManager.java:finalizeAndDestroyPipeline(309)) - destroying pipeline:Pipeline[ Id: d8345fb5-b3f6-4798-9263-d27f074936c1, Nodes: dc98be44-39a7-44a3-a001-d81f6637fe10{ip: 192.168.69.96, host: trunk-nightly-hmp62-43275749, networkLocation: /default-rack, certSerialId: null}9a544c2a-8f47-4cb4-8d3c-fa206030b87a{ip: 192.168.69.96, host: trunk-nightly-hmp62-43275749, networkLocation: /default-rack, certSerialId: null}c2327460-9b06-49cb-86b3-02d4da1c959b{ip: 192.168.69.96, host: trunk-nightly-hmp62-43275749, networkLocation: /default-rack, certSerialId: null}, Type:RATIS, Factor:THREE, State:OPEN]
2019-07-13 09:17:05,333 INFO  pipeline.PipelineStateManager (PipelineStateManager.java:finalizePipeline(123)) - Pipeline Pipeline[ Id: d8345fb5-b3f6-4798-9263-d27f074936c1, Nodes: dc98be44-39a7-44a3-a001-d81f6637fe10{ip: 192.168.69.96, host: trunk-nightly-hmp62-43275749, networkLocation: /default-rack, certSerialId: null}9a544c2a-8f47-4cb4-8d3c-fa206030b87a{ip: 192.168.69.96, host: trunk-nightly-hmp62-43275749, networkLocation: /default-rack, certSerialId: null}c2327460-9b06-49cb-86b3-02d4da1c959b{ip: 192.168.69.96, host: trunk-nightly-hmp62-43275749, networkLocation: /default-rack, certSerialId: null}, Type:RATIS, Factor:THREE, State:CLOSED] moved to CLOSED state
2019-07-13 09:17:05,334 INFO  container.CloseContainerEventHandler (CloseContainerEventHandler.java:onMessage(61)) - Close container Event triggered for container : #2
2019-07-13 09:17:05,486 INFO  ozoneimpl.OzoneContainer (OzoneContainer.java:stop(199)) - Attempting to stop container services.
2019-07-13 09:17:05,486 INFO  ozoneimpl.OzoneContainer (OzoneContainer.java:stop(199)) - Attempting to stop container services.
2019-07-13 09:17:05,487 INFO  impl.RaftServerProxy (RaftServerProxy.java:lambda$close$4(314)) - c2327460-9b06-49cb-86b3-02d4da1c959b: close
2019-07-13 09:17:05,487 INFO  impl.RaftServerProxy (RaftServerProxy.java:lambda$close$4(314)) - 6559c360-20de-4236-9585-ab0e4b55fe93: close
2019-07-13 09:17:05,487 INFO  impl.RaftServerImpl (RaftServerImpl.java:lambda$shutdown$3(245)) - c2327460-9b06-49cb-86b3-02d4da1c959b: shutdown group-8470C7DB8DA5
2019-07-13 09:17:05,488 INFO  impl.RaftServerImpl (RaftServerImpl.java:lambda$shutdown$3(245)) - 6559c360-20de-4236-9585-ab0e4b55fe93: shutdown group-4B6637B9739A
2019-07-13 09:17:05,488 INFO  util.JmxRegister (JmxRegister.java:unregister(73)) - Successfully un-registered JMX Bean with object name Ratis:service=RaftServer,group=group-8470C7DB8DA5,id=c2327460-9b06-49cb-86b3-02d4da1c959b
2019-07-13 09:17:05,488 INFO  util.JmxRegister (JmxRegister.java:unregister(73)) - Successfully un-registered JMX Bean with object name Ratis:service=RaftServer,group=group-4B6637B9739A,id=6559c360-20de-4236-9585-ab0e4b55fe93
2019-07-13 09:17:05,489 INFO  impl.RoleInfo (RoleInfo.java:shutdownLeaderState(104)) - c2327460-9b06-49cb-86b3-02d4da1c959b: shutdown LeaderState
2019-07-13 09:17:05,489 INFO  impl.RoleInfo (RoleInfo.java:shutdownLeaderState(104)) - 6559c360-20de-4236-9585-ab0e4b55fe93: shutdown LeaderState
2019-07-13 09:17:05,490 INFO  impl.PendingRequests (PendingRequests.java:sendNotLeaderResponses(202)) - c2327460-9b06-49cb-86b3-02d4da1c959b-PendingRequests: sendNotLeaderResponses
2019-07-13 09:17:05,490 INFO  impl.PendingRequests (PendingRequests.java:sendNotLeaderResponses(202)) - 6559c360-20de-4236-9585-ab0e4b55fe93-PendingRequests: sendNotLeaderResponses
2019-07-13 09:17:05,491 INFO  ratis.ContainerStateMachine (ContainerStateMachine.java:takeSnapshot(246)) - Taking snapshot at termIndex:(t:0, i:~)
2019-07-13 09:17:05,490 INFO  impl.StateMachineUpdater (StateMachineUpdater.java:stopAndJoin(115)) - StateMachineUpdater:c2327460-9b06-49cb-86b3-02d4da1c959b:group-8470C7DB8DA5: set stopIndex = 0
2019-07-13 09:17:05,491 INFO  ratis.ContainerStateMachine (ContainerStateMachine.java:takeSnapshot(246)) - Taking snapshot at termIndex:(t:0, i:~)
2019-07-13 09:17:05,491 INFO  impl.StateMachineUpdater (StateMachineUpdater.java:stopAndJoin(115)) - StateMachineUpdater:6559c360-20de-4236-9585-ab0e4b55fe93:group-4B6637B9739A: set stopIndex = 0
2019-07-13 09:17:05,491 INFO  impl.RaftServerImpl (ServerState.java:close(394)) - c2327460-9b06-49cb-86b3-02d4da1c959b:group-8470C7DB8DA5 closes. The last applied log index is 0
2019-07-13 09:17:05,492 INFO  impl.RaftServerImpl (ServerState.java:close(394)) - 6559c360-20de-4236-9585-ab0e4b55fe93:group-4B6637B9739A closes. The last applied log index is 0
2019-07-13 09:17:05,492 INFO  segmented.SegmentedRaftLogWorker (SegmentedRaftLogWorker.java:run(313)) - c2327460-9b06-49cb-86b3-02d4da1c959b-SegmentedRaftLogWorker:Storage Directory /tmp/workdir/hadoop-ozone/integration-test/target/test-dir/MiniOzoneClusterImpl-eb9fb254-c95f-4215-83bc-e762092ecf51/datanode-4/data/ratis/f2bc31bd-fe5d-49bc-9246-8470c7db8da5 was interrupted, exiting. There are 0 tasks remaining in the queue.
2019-07-13 09:17:05,493 INFO  segmented.SegmentedRaftLogWorker (SegmentedRaftLogWorker.java:run(313)) - 6559c360-20de-4236-9585-ab0e4b55fe93-SegmentedRaftLogWorker:Storage Directory /tmp/workdir/hadoop-ozone/integration-test/target/test-dir/MiniOzoneClusterImpl-eb9fb254-c95f-4215-83bc-e762092ecf51/datanode-1/data/ratis/8115923d-66ff-49f7-9c80-4b6637b9739a was interrupted, exiting. There are 0 tasks remaining in the queue.
2019-07-13 09:17:05,499 INFO  segmented.SegmentedRaftLogWorker (SegmentedRaftLogWorker.java:close(228)) - c2327460-9b06-49cb-86b3-02d4da1c959b-SegmentedRaftLogWorker:Storage Directory /tmp/workdir/hadoop-ozone/integration-test/target/test-dir/MiniOzoneClusterImpl-eb9fb254-c95f-4215-83bc-e762092ecf51/datanode-4/data/ratis/f2bc31bd-fe5d-49bc-9246-8470c7db8da5 close()
2019-07-13 09:17:05,504 INFO  impl.RaftServerImpl (RaftServerImpl.java:lambda$shutdown$3(245)) - c2327460-9b06-49cb-86b3-02d4da1c959b: shutdown group-D27F074936C1
2019-07-13 09:17:05,504 INFO  util.JmxRegister (JmxRegister.java:unregister(73)) - Successfully un-registered JMX Bean with object name Ratis:service=RaftServer,group=group-D27F074936C1,id=c2327460-9b06-49cb-86b3-02d4da1c959b
2019-07-13 09:17:05,505 INFO  impl.RoleInfo (RoleInfo.java:shutdownLeaderState(104)) - c2327460-9b06-49cb-86b3-02d4da1c959b: shutdown LeaderState
2019-07-13 09:17:05,509 INFO  impl.PendingRequests (PendingRequests.java:sendNotLeaderResponses(202)) - c2327460-9b06-49cb-86b3-02d4da1c959b-PendingRequests: sendNotLeaderResponses
2019-07-13 09:17:05,509 WARN  server.GrpcLogAppender (GrpcLogAppender.java:mayWait(143)) - GrpcLogAppender(c2327460-9b06-49cb-86b3-02d4da1c959b->9a544c2a-8f47-4cb4-8d3c-fa206030b87a): Wait interrupted by java.lang.InterruptedException
2019-07-13 09:17:05,514 INFO  segmented.SegmentedRaftLogWorker (SegmentedRaftLogWorker.java:close(228)) - 6559c360-20de-4236-9585-ab0e4b55fe93-SegmentedRaftLogWorker:Storage Directory /tmp/workdir/hadoop-ozone/integration-test/target/test-dir/MiniOzoneClusterImpl-eb9fb254-c95f-4215-83bc-e762092ecf51/datanode-1/data/ratis/8115923d-66ff-49f7-9c80-4b6637b9739a close()
2019-07-13 09:17:05,509 WARN  server.GrpcLogAppender (GrpcLogAppender.java:mayWait(143)) - GrpcLogAppender(c2327460-9b06-49cb-86b3-02d4da1c959b->dc98be44-39a7-44a3-a001-d81f6637fe10): Wait interrupted by java.lang.InterruptedException
2019-07-13 09:17:05,519 INFO  impl.RaftServerImpl (RaftServerImpl.java:lambda$shutdown$3(245)) - 6559c360-20de-4236-9585-ab0e4b55fe93: shutdown group-532BB50822D7
2019-07-13 09:17:05,514 INFO  server.GrpcServerProtocolService (GrpcServerProtocolService.java:onCompleted(104)) - 9a544c2a-8f47-4cb4-8d3c-fa206030b87a: appendEntries completed
2019-07-13 09:17:05,514 INFO  ratis.ContainerStateMachine (ContainerStateMachine.java:takeSnapshot(246)) - Taking snapshot at termIndex:(t:1, i:13)
2019-07-13 09:17:05,519 INFO  ratis.ContainerStateMachine (ContainerStateMachine.java:takeSnapshot(250)) - Taking a snapshot to file /tmp/workdir/hadoop-ozone/integration-test/target/test-dir/MiniOzoneClusterImpl-eb9fb254-c95f-4215-83bc-e762092ecf51/datanode-4/data/ratis/d8345fb5-b3f6-4798-9263-d27f074936c1/sm/snapshot.1_13
2019-07-13 09:17:05,514 INFO  impl.StateMachineUpdater (StateMachineUpdater.java:stopAndJoin(115)) - StateMachineUpdater:c2327460-9b06-49cb-86b3-02d4da1c959b:group-D27F074936C1: set stopIndex = 15
2019-07-13 09:17:05,520 INFO  impl.StateMachineUpdater (StateMachineUpdater.java:takeSnapshot(242)) - StateMachineUpdater:c2327460-9b06-49cb-86b3-02d4da1c959b:group-D27F074936C1: Took a snapshot at index 13
2019-07-13 09:17:05,520 INFO  server.GrpcLogAppender (GrpcLogAppender.java:onCompleted(292)) - c2327460-9b06-49cb-86b3-02d4da1c959b->9a544c2a-8f47-4cb4-8d3c-fa206030b87a: follower responses appendEntries COMPLETED
2019-07-13 09:17:05,519 INFO  server.GrpcServerProtocolService (GrpcServerProtocolService.java:onCompleted(104)) - dc98be44-39a7-44a3-a001-d81f6637fe10: appendEntries completed
2019-07-13 09:17:05,519 INFO  util.JmxRegister (JmxRegister.java:unregister(73)) - Successfully un-registered JMX Bean with object name Ratis:service=RaftServer,group=group-532BB50822D7,id=6559c360-20de-4236-9585-ab0e4b55fe93
2019-07-13 09:17:05,520 INFO  impl.FollowerInfo (FollowerInfo.java:lambda$new$0(50)) - c2327460-9b06-49cb-86b3-02d4da1c959b->9a544c2a-8f47-4cb4-8d3c-fa206030b87a: nextIndex: updateUnconditionally 16 -> 15
2019-07-13 09:17:05,520 INFO  impl.StateMachineUpdater (StateMachineUpdater.java:lambda$new$0(80)) - StateMachineUpdater:c2327460-9b06-49cb-86b3-02d4da1c959b:group-D27F074936C1: snapshotIndex: updateIncreasingly -1 -> 13
2019-07-13 09:17:05,521 INFO  server.GrpcLogAppender (GrpcLogAppender.java:onCompleted(292)) - c2327460-9b06-49cb-86b3-02d4da1c959b->dc98be44-39a7-44a3-a001-d81f6637fe10: follower responses appendEntries COMPLETED
2019-07-13 09:17:05,521 INFO  impl.RoleInfo (RoleInfo.java:shutdownFollowerState(121)) - 6559c360-20de-4236-9585-ab0e4b55fe93: shutdown FollowerState
2019-07-13 09:17:05,522 INFO  impl.FollowerInfo (FollowerInfo.java:lambda$new$0(50)) - c2327460-9b06-49cb-86b3-02d4da1c959b->dc98be44-39a7-44a3-a001-d81f6637fe10: nextIndex: updateUnconditionally 16 -> 15
2019-07-13 09:17:05,521 INFO  impl.RaftServerImpl (ServerState.java:close(394)) - c2327460-9b06-49cb-86b3-02d4da1c959b:group-D27F074936C1 closes. The last applied log index is 15
2019-07-13 09:17:05,522 INFO  impl.FollowerState (FollowerState.java:run(114)) - 6559c360-20de-4236-9585-ab0e4b55fe93: FollowerState was interrupted: java.lang.InterruptedException: sleep interrupted
2019-07-13 09:17:05,523 INFO  segmented.SegmentedRaftLogWorker (SegmentedRaftLogWorker.java:run(313)) - c2327460-9b06-49cb-86b3-02d4da1c959b-SegmentedRaftLogWorker:Storage Directory /tmp/workdir/hadoop-ozone/integration-test/target/test-dir/MiniOzoneClusterImpl-eb9fb254-c95f-4215-83bc-e762092ecf51/datanode-4/data/ratis/d8345fb5-b3f6-4798-9263-d27f074936c1 was interrupted, exiting. There are 0 tasks remaining in the queue.
2019-07-13 09:17:05,522 INFO  ratis.ContainerStateMachine (ContainerStateMachine.java:takeSnapshot(246)) - Taking snapshot at termIndex:(t:1, i:14)
2019-07-13 09:17:05,527 INFO  segmented.SegmentedRaftLogWorker (SegmentedRaftLogWorker.java:close(228)) - c2327460-9b06-49cb-86b3-02d4da1c959b-SegmentedRaftLogWorker:Storage Directory /tmp/workdir/hadoop-ozone/integration-test/target/test-dir/MiniOzoneClusterImpl-eb9fb254-c95f-4215-83bc-e762092ecf51/datanode-4/data/ratis/d8345fb5-b3f6-4798-9263-d27f074936c1 close()
2019-07-13 09:17:05,522 INFO  impl.StateMachineUpdater (StateMachineUpdater.java:stopAndJoin(115)) - StateMachineUpdater:6559c360-20de-4236-9585-ab0e4b55fe93:group-532BB50822D7: set stopIndex = 18
2019-07-13 09:17:05,532 INFO  server.GrpcService (GrpcService.java:closeImpl(155)) - c2327460-9b06-49cb-86b3-02d4da1c959b: shutdown server with port 35402 now
2019-07-13 09:17:05,527 INFO  ratis.ContainerStateMachine (ContainerStateMachine.java:takeSnapshot(250)) - Taking a snapshot to file /tmp/workdir/hadoop-ozone/integration-test/target/test-dir/MiniOzoneClusterImpl-eb9fb254-c95f-4215-83bc-e762092ecf51/datanode-1/data/ratis/3e1734b0-2f3f-4384-98d5-532bb50822d7/sm/snapshot.1_14
2019-07-13 09:17:05,532 INFO  impl.StateMachineUpdater (StateMachineUpdater.java:takeSnapshot(242)) - StateMachineUpdater:6559c360-20de-4236-9585-ab0e4b55fe93:group-532BB50822D7: Took a snapshot at index 14
2019-07-13 09:17:05,533 WARN  client.GrpcClientProtocolService (LogUtils.java:warn(134)) - 1-UnorderedRequestStreamObserver1: onError: org.apache.ratis.thirdparty.io.grpc.StatusRuntimeException: CANCELLED: cancelled before receiving half close
2019-07-13 09:17:05,533 INFO  server.GrpcService (GrpcService.java:closeImpl(163)) - c2327460-9b06-49cb-86b3-02d4da1c959b: shutdown server with port 35402 successfully
2019-07-13 09:17:05,533 INFO  impl.StateMachineUpdater (StateMachineUpdater.java:lambda$new$0(80)) - StateMachineUpdater:6559c360-20de-4236-9585-ab0e4b55fe93:group-532BB50822D7: snapshotIndex: updateIncreasingly -1 -> 14
2019-07-13 09:17:05,534 INFO  impl.RaftServerImpl (ServerState.java:close(394)) - 6559c360-20de-4236-9585-ab0e4b55fe93:group-532BB50822D7 closes. The last applied log index is 18
2019-07-13 09:17:05,534 INFO  segmented.SegmentedRaftLogWorker (SegmentedRaftLogWorker.java:run(313)) - 6559c360-20de-4236-9585-ab0e4b55fe93-SegmentedRaftLogWorker:Storage Directory /tmp/workdir/hadoop-ozone/integration-test/target/test-dir/MiniOzoneClusterImpl-eb9fb254-c95f-4215-83bc-e762092ecf51/datanode-1/data/ratis/3e1734b0-2f3f-4384-98d5-532bb50822d7 was interrupted, exiting. There are 0 tasks remaining in the queue.
2019-07-13 09:17:05,537 INFO  segmented.SegmentedRaftLogWorker (SegmentedRaftLogWorker.java:close(228)) - 6559c360-20de-4236-9585-ab0e4b55fe93-SegmentedRaftLogWorker:Storage Directory /tmp/workdir/hadoop-ozone/integration-test/target/test-dir/MiniOzoneClusterImpl-eb9fb254-c95f-4215-83bc-e762092ecf51/datanode-1/data/ratis/3e1734b0-2f3f-4384-98d5-532bb50822d7 close()
2019-07-13 09:17:05,542 INFO  server.GrpcService (GrpcService.java:closeImpl(155)) - 6559c360-20de-4236-9585-ab0e4b55fe93: shutdown server with port 34517 now
2019-07-13 09:17:05,543 WARN  server.GrpcServerProtocolService (LogUtils.java:warn(134)) - 6559c360-20de-4236-9585-ab0e4b55fe93: appendEntries onError: org.apache.ratis.thirdparty.io.grpc.StatusRuntimeException: CANCELLED: cancelled before receiving half close
2019-07-13 09:17:05,543 INFO  server.GrpcService (GrpcService.java:closeImpl(163)) - 6559c360-20de-4236-9585-ab0e4b55fe93: shutdown server with port 34517 successfully
2019-07-13 09:17:05,543 WARN  server.GrpcLogAppender (LogUtils.java:warn(134)) - 5f8d45b4-7e19-4436-96e2-91ecbc2674b2->6559c360-20de-4236-9585-ab0e4b55fe93: Failed appendEntries: org.apache.ratis.thirdparty.io.grpc.StatusRuntimeException: CANCELLED: HTTP/2 error code: CANCEL
Received Rst Stream
2019-07-13 09:17:05,544 INFO  impl.FollowerInfo (FollowerInfo.java:lambda$new$0(50)) - 5f8d45b4-7e19-4436-96e2-91ecbc2674b2->6559c360-20de-4236-9585-ab0e4b55fe93: nextIndex: updateUnconditionally 19 -> 18
2019-07-13 09:17:05,544 INFO  utils.BackgroundService (BackgroundService.java:shutdown(148)) - Shutting down service BlockDeletingService
2019-07-13 09:17:05,546 INFO  utils.BackgroundService (BackgroundService.java:shutdown(148)) - Shutting down service BlockDeletingService
2019-07-13 09:17:05,547 WARN  fs.CachingGetSpaceUsed (CachingGetSpaceUsed.java:run(183)) - Thread Interrupted waiting to refresh disk information: sleep interrupted
2019-07-13 09:17:05,548 WARN  fs.CachingGetSpaceUsed (CachingGetSpaceUsed.java:run(183)) - Thread Interrupted waiting to refresh disk information: sleep interrupted
2019-07-13 09:17:05,567 INFO  statemachine.DatanodeStateMachine (DatanodeStateMachine.java:stopDaemon(395)) - Ozone container server stopped.
2019-07-13 09:17:05,572 INFO  handler.ContextHandler (ContextHandler.java:doStop(910)) - Stopped o.e.j.w.WebAppContext@4667c6d9{/,null,UNAVAILABLE}{/hddsDatanode}
2019-07-13 09:17:05,576 INFO  statemachine.DatanodeStateMachine (DatanodeStateMachine.java:stopDaemon(395)) - Ozone container server stopped.
2019-07-13 09:17:05,576 INFO  server.AbstractConnector (AbstractConnector.java:doStop(318)) - Stopped ServerConnector@5efa05f9{HTTP/1.1,[http/1.1]}{0.0.0.0:0}
2019-07-13 09:17:05,578 INFO  handler.ContextHandler (ContextHandler.java:doStop(910)) - Stopped o.e.j.s.ServletContextHandler@4fb3c670{/static,jar:file:/home/user/.m2/repository/org/apache/hadoop/hadoop-hdds-container-service/0.5.0-SNAPSHOT/hadoop-hdds-container-service-0.5.0-SNAPSHOT.jar!/webapps/static,UNAVAILABLE}
2019-07-13 09:17:05,578 INFO  handler.ContextHandler (ContextHandler.java:doStop(910)) - Stopped o.e.j.w.WebAppContext@77eb76f{/,null,UNAVAILABLE}{/hddsDatanode}
2019-07-13 09:17:05,580 INFO  handler.ContextHandler (ContextHandler.java:doStop(910)) - Stopped o.e.j.s.ServletContextHandler@34e1c23d{/logs,file:///tmp/workdir/hadoop-ozone/integration-test/target/log,UNAVAILABLE}
2019-07-13 09:17:05,580 INFO  server.AbstractConnector (AbstractConnector.java:doStop(318)) - Stopped ServerConnector@be56353{HTTP/1.1,[http/1.1]}{0.0.0.0:0}
2019-07-13 09:17:05,581 INFO  datanode.ObjectStoreHandler (ObjectStoreHandler.java:close(155)) - Closing ObjectStoreHandler.
2019-07-13 09:17:05,581 INFO  handler.ContextHandler (ContextHandler.java:doStop(910)) - Stopped o.e.j.s.ServletContextHandler@509bf2d5{/static,jar:file:/home/user/.m2/repository/org/apache/hadoop/hadoop-hdds-container-service/0.5.0-SNAPSHOT/hadoop-hdds-container-service-0.5.0-SNAPSHOT.jar!/webapps/static,UNAVAILABLE}
2019-07-13 09:17:05,581 INFO  ozone.HddsDatanodeService (HddsDatanodeService.java:stop(452)) - Stopped plug-in org.apache.hadoop.ozone.web.OzoneHddsDatanodeService@549b26d7
2019-07-13 09:17:05,581 INFO  handler.ContextHandler (ContextHandler.java:doStop(910)) - Stopped o.e.j.s.ServletContextHandler@183e8c8a{/logs,file:///tmp/workdir/hadoop-ozone/integration-test/target/log,UNAVAILABLE}
2019-07-13 09:17:05,582 INFO  datanode.ObjectStoreHandler (ObjectStoreHandler.java:close(155)) - Closing ObjectStoreHandler.
2019-07-13 09:17:05,583 INFO  ozone.HddsDatanodeService (HddsDatanodeService.java:stop(452)) - Stopped plug-in org.apache.hadoop.ozone.web.OzoneHddsDatanodeService@5d28e108
2019-07-13 09:17:05,620 INFO  statemachine.DatanodeStateMachine (DatanodeStateMachine.java:lambda$startDaemon$0(350)) - Ozone container server started.
2019-07-13 09:17:06,240 INFO  statemachine.DatanodeStateMachine (DatanodeStateMachine.java:lambda$startDaemon$0(350)) - Ozone container server started.
2019-07-13 09:17:07,508 WARN  server.GrpcLogAppender (LogUtils.java:warn(134)) - 5f8d45b4-7e19-4436-96e2-91ecbc2674b2->2096ab94-c10e-4212-ad33-fbb1e95f68e0: Failed appendEntries: org.apache.ratis.thirdparty.io.grpc.StatusRuntimeException: UNAVAILABLE: io exception
2019-07-13 09:17:07,509 INFO  impl.FollowerInfo (FollowerInfo.java:lambda$new$0(50)) - 5f8d45b4-7e19-4436-96e2-91ecbc2674b2->2096ab94-c10e-4212-ad33-fbb1e95f68e0: nextIndex: updateUnconditionally 0 -> 0
2019-07-13 09:17:07,510 WARN  server.GrpcLogAppender (LogUtils.java:warn(134)) - 5f8d45b4-7e19-4436-96e2-91ecbc2674b2->6559c360-20de-4236-9585-ab0e4b55fe93: Failed appendEntries: org.apache.ratis.thirdparty.io.grpc.StatusRuntimeException: UNAVAILABLE: io exception
2019-07-13 09:17:07,510 INFO  impl.FollowerInfo (FollowerInfo.java:lambda$new$0(50)) - 5f8d45b4-7e19-4436-96e2-91ecbc2674b2->6559c360-20de-4236-9585-ab0e4b55fe93: nextIndex: updateUnconditionally 18 -> 17
2019-07-13 09:17:09,638 INFO  node.StaleNodeHandler (StaleNodeHandler.java:onMessage(58)) - Datanode 5f8d45b4-7e19-4436-96e2-91ecbc2674b2{ip: 192.168.69.96, host: trunk-nightly-hmp62-43275749, networkLocation: /default-rack, certSerialId: null} moved to stale state. Finalizing its pipelines [PipelineID=3e1734b0-2f3f-4384-98d5-532bb50822d7, PipelineID=51dc7a34-1102-4718-bd46-516b1da9aed8]
2019-07-13 09:17:09,639 INFO  pipeline.SCMPipelineManager (SCMPipelineManager.java:finalizeAndDestroyPipeline(309)) - destroying pipeline:Pipeline[ Id: 3e1734b0-2f3f-4384-98d5-532bb50822d7, Nodes: 2096ab94-c10e-4212-ad33-fbb1e95f68e0{ip: 192.168.69.96, host: trunk-nightly-hmp62-43275749, networkLocation: /default-rack, certSerialId: null}5f8d45b4-7e19-4436-96e2-91ecbc2674b2{ip: 192.168.69.96, host: trunk-nightly-hmp62-43275749, networkLocation: /default-rack, certSerialId: null}6559c360-20de-4236-9585-ab0e4b55fe93{ip: 192.168.69.96, host: trunk-nightly-hmp62-43275749, networkLocation: /default-rack, certSerialId: null}, Type:RATIS, Factor:THREE, State:CLOSED]
2019-07-13 09:17:09,639 INFO  pipeline.SCMPipelineManager (SCMPipelineManager.java:finalizeAndDestroyPipeline(309)) - destroying pipeline:Pipeline[ Id: 51dc7a34-1102-4718-bd46-516b1da9aed8, Nodes: 5f8d45b4-7e19-4436-96e2-91ecbc2674b2{ip: 192.168.69.96, host: trunk-nightly-hmp62-43275749, networkLocation: /default-rack, certSerialId: null}, Type:RATIS, Factor:ONE, State:OPEN]
2019-07-13 09:17:09,639 INFO  pipeline.PipelineStateManager (PipelineStateManager.java:finalizePipeline(123)) - Pipeline Pipeline[ Id: 51dc7a34-1102-4718-bd46-516b1da9aed8, Nodes: 5f8d45b4-7e19-4436-96e2-91ecbc2674b2{ip: 192.168.69.96, host: trunk-nightly-hmp62-43275749, networkLocation: /default-rack, certSerialId: null}, Type:RATIS, Factor:ONE, State:CLOSED] moved to CLOSED state
2019-07-13 09:17:10,009 WARN  server.GrpcLogAppender (LogUtils.java:warn(134)) - 5f8d45b4-7e19-4436-96e2-91ecbc2674b2->2096ab94-c10e-4212-ad33-fbb1e95f68e0: Failed appendEntries: org.apache.ratis.thirdparty.io.grpc.StatusRuntimeException: UNAVAILABLE: io exception
2019-07-13 09:17:10,009 INFO  impl.FollowerInfo (FollowerInfo.java:lambda$new$0(50)) - 5f8d45b4-7e19-4436-96e2-91ecbc2674b2->2096ab94-c10e-4212-ad33-fbb1e95f68e0: nextIndex: updateUnconditionally 0 -> 0
2019-07-13 09:17:10,011 WARN  server.GrpcLogAppender (LogUtils.java:warn(134)) - 5f8d45b4-7e19-4436-96e2-91ecbc2674b2->6559c360-20de-4236-9585-ab0e4b55fe93: Failed appendEntries: org.apache.ratis.thirdparty.io.grpc.StatusRuntimeException: UNAVAILABLE: io exception
2019-07-13 09:17:10,011 INFO  impl.FollowerInfo (FollowerInfo.java:lambda$new$0(50)) - 5f8d45b4-7e19-4436-96e2-91ecbc2674b2->6559c360-20de-4236-9585-ab0e4b55fe93: nextIndex: updateUnconditionally 17 -> 16
2019-07-13 09:17:10,339 INFO  node.StaleNodeHandler (StaleNodeHandler.java:onMessage(58)) - Datanode dc98be44-39a7-44a3-a001-d81f6637fe10{ip: 192.168.69.96, host: trunk-nightly-hmp62-43275749, networkLocation: /default-rack, certSerialId: null} moved to stale state. Finalizing its pipelines [PipelineID=b1cca1f9-7efe-471e-a948-1730585e4304, PipelineID=d8345fb5-b3f6-4798-9263-d27f074936c1]
2019-07-13 09:17:10,340 INFO  pipeline.SCMPipelineManager (SCMPipelineManager.java:finalizeAndDestroyPipeline(309)) - destroying pipeline:Pipeline[ Id: b1cca1f9-7efe-471e-a948-1730585e4304, Nodes: dc98be44-39a7-44a3-a001-d81f6637fe10{ip: 192.168.69.96, host: trunk-nightly-hmp62-43275749, networkLocation: /default-rack, certSerialId: null}, Type:RATIS, Factor:ONE, State:OPEN]
2019-07-13 09:17:10,340 INFO  pipeline.PipelineStateManager (PipelineStateManager.java:finalizePipeline(123)) - Pipeline Pipeline[ Id: b1cca1f9-7efe-471e-a948-1730585e4304, Nodes: dc98be44-39a7-44a3-a001-d81f6637fe10{ip: 192.168.69.96, host: trunk-nightly-hmp62-43275749, networkLocation: /default-rack, certSerialId: null}, Type:RATIS, Factor:ONE, State:CLOSED] moved to CLOSED state
2019-07-13 09:17:10,340 INFO  pipeline.SCMPipelineManager (SCMPipelineManager.java:finalizeAndDestroyPipeline(309)) - destroying pipeline:Pipeline[ Id: d8345fb5-b3f6-4798-9263-d27f074936c1, Nodes: dc98be44-39a7-44a3-a001-d81f6637fe10{ip: 192.168.69.96, host: trunk-nightly-hmp62-43275749, networkLocation: /default-rack, certSerialId: null}9a544c2a-8f47-4cb4-8d3c-fa206030b87a{ip: 192.168.69.96, host: trunk-nightly-hmp62-43275749, networkLocation: /default-rack, certSerialId: null}c2327460-9b06-49cb-86b3-02d4da1c959b{ip: 192.168.69.96, host: trunk-nightly-hmp62-43275749, networkLocation: /default-rack, certSerialId: null}, Type:RATIS, Factor:THREE, State:CLOSED]
2019-07-13 09:17:10,583 INFO  ozoneimpl.OzoneContainer (OzoneContainer.java:stop(199)) - Attempting to stop container services.
2019-07-13 09:17:10,583 INFO  ozoneimpl.OzoneContainer (OzoneContainer.java:stop(199)) - Attempting to stop container services.
2019-07-13 09:17:10,583 INFO  impl.RaftServerProxy (RaftServerProxy.java:lambda$close$4(314)) - 5f8d45b4-7e19-4436-96e2-91ecbc2674b2: close
2019-07-13 09:17:10,584 INFO  impl.RaftServerProxy (RaftServerProxy.java:lambda$close$4(314)) - dc98be44-39a7-44a3-a001-d81f6637fe10: close
2019-07-13 09:17:10,584 INFO  impl.RaftServerImpl (RaftServerImpl.java:lambda$shutdown$3(245)) - 5f8d45b4-7e19-4436-96e2-91ecbc2674b2: shutdown group-532BB50822D7
2019-07-13 09:17:10,584 INFO  impl.RaftServerImpl (RaftServerImpl.java:lambda$shutdown$3(245)) - dc98be44-39a7-44a3-a001-d81f6637fe10: shutdown group-1730585E4304
2019-07-13 09:17:10,585 INFO  util.JmxRegister (JmxRegister.java:unregister(73)) - Successfully un-registered JMX Bean with object name Ratis:service=RaftServer,group=group-532BB50822D7,id=5f8d45b4-7e19-4436-96e2-91ecbc2674b2
2019-07-13 09:17:10,585 INFO  util.JmxRegister (JmxRegister.java:unregister(73)) - Successfully un-registered JMX Bean with object name Ratis:service=RaftServer,group=group-1730585E4304,id=dc98be44-39a7-44a3-a001-d81f6637fe10
2019-07-13 09:17:10,586 INFO  impl.RoleInfo (RoleInfo.java:shutdownLeaderState(104)) - dc98be44-39a7-44a3-a001-d81f6637fe10: shutdown LeaderState
2019-07-13 09:17:10,585 INFO  impl.RoleInfo (RoleInfo.java:shutdownLeaderState(104)) - 5f8d45b4-7e19-4436-96e2-91ecbc2674b2: shutdown LeaderState
2019-07-13 09:17:10,586 INFO  impl.PendingRequests (PendingRequests.java:sendNotLeaderResponses(202)) - dc98be44-39a7-44a3-a001-d81f6637fe10-PendingRequests: sendNotLeaderResponses
2019-07-13 09:17:10,590 WARN  server.GrpcLogAppender (GrpcLogAppender.java:mayWait(143)) - GrpcLogAppender(5f8d45b4-7e19-4436-96e2-91ecbc2674b2->2096ab94-c10e-4212-ad33-fbb1e95f68e0): Wait interrupted by java.lang.InterruptedException
2019-07-13 09:17:10,590 WARN  server.GrpcLogAppender (GrpcLogAppender.java:mayWait(143)) - GrpcLogAppender(5f8d45b4-7e19-4436-96e2-91ecbc2674b2->6559c360-20de-4236-9585-ab0e4b55fe93): Wait interrupted by java.lang.InterruptedException
2019-07-13 09:17:10,590 INFO  impl.PendingRequests (PendingRequests.java:sendNotLeaderResponses(202)) - 5f8d45b4-7e19-4436-96e2-91ecbc2674b2-PendingRequests: sendNotLeaderResponses
2019-07-13 09:17:10,591 INFO  ratis.ContainerStateMachine (ContainerStateMachine.java:takeSnapshot(246)) - Taking snapshot at termIndex:(t:0, i:~)
2019-07-13 09:17:10,591 INFO  impl.StateMachineUpdater (StateMachineUpdater.java:stopAndJoin(115)) - StateMachineUpdater:dc98be44-39a7-44a3-a001-d81f6637fe10:group-1730585E4304: set stopIndex = 0
2019-07-13 09:17:10,594 INFO  impl.RaftServerImpl (ServerState.java:close(394)) - dc98be44-39a7-44a3-a001-d81f6637fe10:group-1730585E4304 closes. The last applied log index is 0
2019-07-13 09:17:10,593 INFO  ratis.ContainerStateMachine (ContainerStateMachine.java:takeSnapshot(246)) - Taking snapshot at termIndex:(t:1, i:14)
2019-07-13 09:17:10,595 INFO  segmented.SegmentedRaftLogWorker (SegmentedRaftLogWorker.java:run(313)) - dc98be44-39a7-44a3-a001-d81f6637fe10-SegmentedRaftLogWorker:Storage Directory /tmp/workdir/hadoop-ozone/integration-test/target/test-dir/MiniOzoneClusterImpl-eb9fb254-c95f-4215-83bc-e762092ecf51/datanode-3/data/ratis/b1cca1f9-7efe-471e-a948-1730585e4304 was interrupted, exiting. There are 0 tasks remaining in the queue.
2019-07-13 09:17:10,593 INFO  impl.StateMachineUpdater (StateMachineUpdater.java:stopAndJoin(115)) - StateMachineUpdater:5f8d45b4-7e19-4436-96e2-91ecbc2674b2:group-532BB50822D7: set stopIndex = 18
2019-07-13 09:17:10,597 INFO  segmented.SegmentedRaftLogWorker (SegmentedRaftLogWorker.java:close(228)) - dc98be44-39a7-44a3-a001-d81f6637fe10-SegmentedRaftLogWorker:Storage Directory /tmp/workdir/hadoop-ozone/integration-test/target/test-dir/MiniOzoneClusterImpl-eb9fb254-c95f-4215-83bc-e762092ecf51/datanode-3/data/ratis/b1cca1f9-7efe-471e-a948-1730585e4304 close()
2019-07-13 09:17:10,595 INFO  ratis.ContainerStateMachine (ContainerStateMachine.java:takeSnapshot(250)) - Taking a snapshot to file /tmp/workdir/hadoop-ozone/integration-test/target/test-dir/MiniOzoneClusterImpl-eb9fb254-c95f-4215-83bc-e762092ecf51/datanode-0/data/ratis/3e1734b0-2f3f-4384-98d5-532bb50822d7/sm/snapshot.1_14
2019-07-13 09:17:10,601 INFO  impl.RaftServerImpl (RaftServerImpl.java:lambda$shutdown$3(245)) - dc98be44-39a7-44a3-a001-d81f6637fe10: shutdown group-D27F074936C1
2019-07-13 09:17:10,601 INFO  impl.StateMachineUpdater (StateMachineUpdater.java:takeSnapshot(242)) - StateMachineUpdater:5f8d45b4-7e19-4436-96e2-91ecbc2674b2:group-532BB50822D7: Took a snapshot at index 14
2019-07-13 09:17:10,601 INFO  util.JmxRegister (JmxRegister.java:unregister(73)) - Successfully un-registered JMX Bean with object name Ratis:service=RaftServer,group=group-D27F074936C1,id=dc98be44-39a7-44a3-a001-d81f6637fe10
2019-07-13 09:17:10,601 INFO  impl.StateMachineUpdater (StateMachineUpdater.java:lambda$new$0(80)) - StateMachineUpdater:5f8d45b4-7e19-4436-96e2-91ecbc2674b2:group-532BB50822D7: snapshotIndex: updateIncreasingly -1 -> 14
2019-07-13 09:17:10,602 INFO  impl.RoleInfo (RoleInfo.java:shutdownFollowerState(121)) - dc98be44-39a7-44a3-a001-d81f6637fe10: shutdown FollowerState
2019-07-13 09:17:10,602 INFO  impl.RaftServerImpl (ServerState.java:close(394)) - 5f8d45b4-7e19-4436-96e2-91ecbc2674b2:group-532BB50822D7 closes. The last applied log index is 18
2019-07-13 09:17:10,603 INFO  impl.FollowerState (FollowerState.java:run(114)) - dc98be44-39a7-44a3-a001-d81f6637fe10: FollowerState was interrupted: java.lang.InterruptedException: sleep interrupted
2019-07-13 09:17:10,603 INFO  ratis.ContainerStateMachine (ContainerStateMachine.java:takeSnapshot(246)) - Taking snapshot at termIndex:(t:1, i:13)
2019-07-13 09:17:10,602 INFO  impl.StateMachineUpdater (StateMachineUpdater.java:stopAndJoin(115)) - StateMachineUpdater:dc98be44-39a7-44a3-a001-d81f6637fe10:group-D27F074936C1: set stopIndex = 15
2019-07-13 09:17:10,605 INFO  ratis.ContainerStateMachine (ContainerStateMachine.java:takeSnapshot(250)) - Taking a snapshot to file /tmp/workdir/hadoop-ozone/integration-test/target/test-dir/MiniOzoneClusterImpl-eb9fb254-c95f-4215-83bc-e762092ecf51/datanode-3/data/ratis/d8345fb5-b3f6-4798-9263-d27f074936c1/sm/snapshot.1_13
2019-07-13 09:17:10,603 INFO  segmented.SegmentedRaftLogWorker (SegmentedRaftLogWorker.java:run(313)) - 5f8d45b4-7e19-4436-96e2-91ecbc2674b2-SegmentedRaftLogWorker:Storage Directory /tmp/workdir/hadoop-ozone/integration-test/target/test-dir/MiniOzoneClusterImpl-eb9fb254-c95f-4215-83bc-e762092ecf51/datanode-0/data/ratis/3e1734b0-2f3f-4384-98d5-532bb50822d7 was interrupted, exiting. There are 0 tasks remaining in the queue.
2019-07-13 09:17:10,606 INFO  impl.StateMachineUpdater (StateMachineUpdater.java:takeSnapshot(242)) - StateMachineUpdater:dc98be44-39a7-44a3-a001-d81f6637fe10:group-D27F074936C1: Took a snapshot at index 13
2019-07-13 09:17:10,607 INFO  segmented.SegmentedRaftLogWorker (SegmentedRaftLogWorker.java:close(228)) - 5f8d45b4-7e19-4436-96e2-91ecbc2674b2-SegmentedRaftLogWorker:Storage Directory /tmp/workdir/hadoop-ozone/integration-test/target/test-dir/MiniOzoneClusterImpl-eb9fb254-c95f-4215-83bc-e762092ecf51/datanode-0/data/ratis/3e1734b0-2f3f-4384-98d5-532bb50822d7 close()
2019-07-13 09:17:10,607 INFO  impl.StateMachineUpdater (StateMachineUpdater.java:lambda$new$0(80)) - StateMachineUpdater:dc98be44-39a7-44a3-a001-d81f6637fe10:group-D27F074936C1: snapshotIndex: updateIncreasingly -1 -> 13
2019-07-13 09:17:10,611 INFO  impl.RaftServerImpl (RaftServerImpl.java:lambda$shutdown$3(245)) - 5f8d45b4-7e19-4436-96e2-91ecbc2674b2: shutdown group-516B1DA9AED8
2019-07-13 09:17:10,611 INFO  impl.RaftServerImpl (ServerState.java:close(394)) - dc98be44-39a7-44a3-a001-d81f6637fe10:group-D27F074936C1 closes. The last applied log index is 15
2019-07-13 09:17:10,611 INFO  util.JmxRegister (JmxRegister.java:unregister(73)) - Successfully un-registered JMX Bean with object name Ratis:service=RaftServer,group=group-516B1DA9AED8,id=5f8d45b4-7e19-4436-96e2-91ecbc2674b2
2019-07-13 09:17:10,612 INFO  segmented.SegmentedRaftLogWorker (SegmentedRaftLogWorker.java:run(313)) - dc98be44-39a7-44a3-a001-d81f6637fe10-SegmentedRaftLogWorker:Storage Directory /tmp/workdir/hadoop-ozone/integration-test/target/test-dir/MiniOzoneClusterImpl-eb9fb254-c95f-4215-83bc-e762092ecf51/datanode-3/data/ratis/d8345fb5-b3f6-4798-9263-d27f074936c1 was interrupted, exiting. There are 0 tasks remaining in the queue.
2019-07-13 09:17:10,612 INFO  impl.RoleInfo (RoleInfo.java:shutdownLeaderState(104)) - 5f8d45b4-7e19-4436-96e2-91ecbc2674b2: shutdown LeaderState
2019-07-13 09:17:10,614 INFO  segmented.SegmentedRaftLogWorker (SegmentedRaftLogWorker.java:close(228)) - dc98be44-39a7-44a3-a001-d81f6637fe10-SegmentedRaftLogWorker:Storage Directory /tmp/workdir/hadoop-ozone/integration-test/target/test-dir/MiniOzoneClusterImpl-eb9fb254-c95f-4215-83bc-e762092ecf51/datanode-3/data/ratis/d8345fb5-b3f6-4798-9263-d27f074936c1 close()
2019-07-13 09:17:10,614 INFO  impl.PendingRequests (PendingRequests.java:sendNotLeaderResponses(202)) - 5f8d45b4-7e19-4436-96e2-91ecbc2674b2-PendingRequests: sendNotLeaderResponses
2019-07-13 09:17:10,618 INFO  server.GrpcService (GrpcService.java:closeImpl(155)) - dc98be44-39a7-44a3-a001-d81f6637fe10: shutdown server with port 33463 now
2019-07-13 09:17:10,618 INFO  ratis.ContainerStateMachine (ContainerStateMachine.java:takeSnapshot(246)) - Taking snapshot at termIndex:(t:0, i:~)
2019-07-13 09:17:10,618 INFO  impl.StateMachineUpdater (StateMachineUpdater.java:stopAndJoin(115)) - StateMachineUpdater:5f8d45b4-7e19-4436-96e2-91ecbc2674b2:group-516B1DA9AED8: set stopIndex = 0
2019-07-13 09:17:10,619 INFO  impl.RaftServerImpl (ServerState.java:close(394)) - 5f8d45b4-7e19-4436-96e2-91ecbc2674b2:group-516B1DA9AED8 closes. The last applied log index is 0
2019-07-13 09:17:10,619 INFO  server.GrpcService (GrpcService.java:closeImpl(163)) - dc98be44-39a7-44a3-a001-d81f6637fe10: shutdown server with port 33463 successfully
2019-07-13 09:17:10,619 INFO  segmented.SegmentedRaftLogWorker (SegmentedRaftLogWorker.java:run(313)) - 5f8d45b4-7e19-4436-96e2-91ecbc2674b2-SegmentedRaftLogWorker:Storage Directory /tmp/workdir/hadoop-ozone/integration-test/target/test-dir/MiniOzoneClusterImpl-eb9fb254-c95f-4215-83bc-e762092ecf51/datanode-0/data/ratis/51dc7a34-1102-4718-bd46-516b1da9aed8 was interrupted, exiting. There are 0 tasks remaining in the queue.
2019-07-13 09:17:10,622 INFO  segmented.SegmentedRaftLogWorker (SegmentedRaftLogWorker.java:close(228)) - 5f8d45b4-7e19-4436-96e2-91ecbc2674b2-SegmentedRaftLogWorker:Storage Directory /tmp/workdir/hadoop-ozone/integration-test/target/test-dir/MiniOzoneClusterImpl-eb9fb254-c95f-4215-83bc-e762092ecf51/datanode-0/data/ratis/51dc7a34-1102-4718-bd46-516b1da9aed8 close()
2019-07-13 09:17:10,625 INFO  server.GrpcService (GrpcService.java:closeImpl(155)) - 5f8d45b4-7e19-4436-96e2-91ecbc2674b2: shutdown server with port 33025 now
2019-07-13 09:17:10,626 INFO  server.GrpcService (GrpcService.java:closeImpl(163)) - 5f8d45b4-7e19-4436-96e2-91ecbc2674b2: shutdown server with port 33025 successfully
2019-07-13 09:17:10,626 INFO  utils.BackgroundService (BackgroundService.java:shutdown(148)) - Shutting down service BlockDeletingService
2019-07-13 09:17:10,628 WARN  fs.CachingGetSpaceUsed (CachingGetSpaceUsed.java:run(183)) - Thread Interrupted waiting to refresh disk information: sleep interrupted
2019-07-13 09:17:10,629 INFO  utils.BackgroundService (BackgroundService.java:shutdown(148)) - Shutting down service BlockDeletingService
2019-07-13 09:17:10,635 WARN  fs.CachingGetSpaceUsed (CachingGetSpaceUsed.java:run(183)) - Thread Interrupted waiting to refresh disk information: sleep interrupted
2019-07-13 09:17:10,647 INFO  statemachine.DatanodeStateMachine (DatanodeStateMachine.java:stopDaemon(395)) - Ozone container server stopped.
2019-07-13 09:17:10,648 INFO  handler.ContextHandler (ContextHandler.java:doStop(910)) - Stopped o.e.j.w.WebAppContext@3a5244a1{/,null,UNAVAILABLE}{/hddsDatanode}
2019-07-13 09:17:10,649 INFO  server.AbstractConnector (AbstractConnector.java:doStop(318)) - Stopped ServerConnector@4d37c996{HTTP/1.1,[http/1.1]}{0.0.0.0:0}
2019-07-13 09:17:10,650 INFO  handler.ContextHandler (ContextHandler.java:doStop(910)) - Stopped o.e.j.s.ServletContextHandler@5f113867{/static,jar:file:/home/user/.m2/repository/org/apache/hadoop/hadoop-hdds-container-service/0.5.0-SNAPSHOT/hadoop-hdds-container-service-0.5.0-SNAPSHOT.jar!/webapps/static,UNAVAILABLE}
2019-07-13 09:17:10,650 INFO  handler.ContextHandler (ContextHandler.java:doStop(910)) - Stopped o.e.j.s.ServletContextHandler@420c9959{/logs,file:///tmp/workdir/hadoop-ozone/integration-test/target/log,UNAVAILABLE}
2019-07-13 09:17:10,651 INFO  datanode.ObjectStoreHandler (ObjectStoreHandler.java:close(155)) - Closing ObjectStoreHandler.
2019-07-13 09:17:10,656 INFO  statemachine.DatanodeStateMachine (DatanodeStateMachine.java:stopDaemon(395)) - Ozone container server stopped.
2019-07-13 09:17:10,656 INFO  ozone.HddsDatanodeService (HddsDatanodeService.java:stop(452)) - Stopped plug-in org.apache.hadoop.ozone.web.OzoneHddsDatanodeService@718198db
2019-07-13 09:17:10,660 INFO  handler.ContextHandler (ContextHandler.java:doStop(910)) - Stopped o.e.j.w.WebAppContext@73796ae5{/,null,UNAVAILABLE}{/hddsDatanode}
2019-07-13 09:17:10,661 INFO  server.AbstractConnector (AbstractConnector.java:doStop(318)) - Stopped ServerConnector@3956e933{HTTP/1.1,[http/1.1]}{0.0.0.0:0}
2019-07-13 09:17:10,662 INFO  handler.ContextHandler (ContextHandler.java:doStop(910)) - Stopped o.e.j.s.ServletContextHandler@56afbace{/static,jar:file:/home/user/.m2/repository/org/apache/hadoop/hadoop-hdds-container-service/0.5.0-SNAPSHOT/hadoop-hdds-container-service-0.5.0-SNAPSHOT.jar!/webapps/static,UNAVAILABLE}
2019-07-13 09:17:10,663 INFO  handler.ContextHandler (ContextHandler.java:doStop(910)) - Stopped o.e.j.s.ServletContextHandler@5bd191c2{/logs,file:///tmp/workdir/hadoop-ozone/integration-test/target/log,UNAVAILABLE}
2019-07-13 09:17:10,664 INFO  datanode.ObjectStoreHandler (ObjectStoreHandler.java:close(155)) - Closing ObjectStoreHandler.
2019-07-13 09:17:10,664 INFO  ozone.HddsDatanodeService (HddsDatanodeService.java:stop(452)) - Stopped plug-in org.apache.hadoop.ozone.web.OzoneHddsDatanodeService@105e8710
2019-07-13 09:17:10,938 INFO  impl.FollowerState (FollowerState.java:run(106)) - 9a544c2a-8f47-4cb4-8d3c-fa206030b87a:group-D27F074936C1 changes to CANDIDATE, lastRpcTime:5505, electionTimeout:5178ms
2019-07-13 09:17:10,938 INFO  impl.RoleInfo (RoleInfo.java:shutdownFollowerState(121)) - 9a544c2a-8f47-4cb4-8d3c-fa206030b87a: shutdown FollowerState
2019-07-13 09:17:10,938 INFO  impl.RaftServerImpl (RaftServerImpl.java:setRole(171)) - 9a544c2a-8f47-4cb4-8d3c-fa206030b87a:group-D27F074936C1 changes role from FOLLOWER to CANDIDATE at term 1 for changeToCandidate
2019-07-13 09:17:10,938 INFO  impl.RoleInfo (RoleInfo.java:updateAndGet(143)) - 9a544c2a-8f47-4cb4-8d3c-fa206030b87a: start LeaderElection
2019-07-13 09:17:10,940 INFO  impl.RaftServerImpl (ServerState.java:setLeader(263)) - 9a544c2a-8f47-4cb4-8d3c-fa206030b87a:group-D27F074936C1 change Leader from c2327460-9b06-49cb-86b3-02d4da1c959b to null at term 1 for initElection
2019-07-13 09:17:10,955 INFO  impl.LeaderElection (LeaderElection.java:askForVotes(181)) - 9a544c2a-8f47-4cb4-8d3c-fa206030b87a:group-D27F074936C1:LeaderElection66: begin an election at term 2 for 0: [c2327460-9b06-49cb-86b3-02d4da1c959b:192.168.69.96:35402, dc98be44-39a7-44a3-a001-d81f6637fe10:192.168.69.96:33463, 9a544c2a-8f47-4cb4-8d3c-fa206030b87a:192.168.69.96:45479], old=null
2019-07-13 09:17:10,958 INFO  impl.LeaderElection (LogUtils.java:infoOrTrace(149)) - 9a544c2a-8f47-4cb4-8d3c-fa206030b87a:group-D27F074936C1:LeaderElection66 got exception when requesting votes: {}
java.util.concurrent.ExecutionException: org.apache.ratis.thirdparty.io.grpc.StatusRuntimeException: UNAVAILABLE: io exception
	at java.util.concurrent.FutureTask.report(FutureTask.java:122)
	at java.util.concurrent.FutureTask.get(FutureTask.java:192)
	at org.apache.ratis.server.impl.LeaderElection.waitForResults(LeaderElection.java:262)
	at org.apache.ratis.server.impl.LeaderElection.askForVotes(LeaderElection.java:200)
	at org.apache.ratis.server.impl.LeaderElection.run(LeaderElection.java:130)
	at java.lang.Thread.run(Thread.java:748)
Caused by: org.apache.ratis.thirdparty.io.grpc.StatusRuntimeException: UNAVAILABLE: io exception
	at org.apache.ratis.thirdparty.io.grpc.stub.ClientCalls.toStatusRuntimeException(ClientCalls.java:233)
	at org.apache.ratis.thirdparty.io.grpc.stub.ClientCalls.getUnchecked(ClientCalls.java:214)
	at org.apache.ratis.thirdparty.io.grpc.stub.ClientCalls.blockingUnaryCall(ClientCalls.java:139)
	at org.apache.ratis.proto.grpc.RaftServerProtocolServiceGrpc$RaftServerProtocolServiceBlockingStub.requestVote(RaftServerProtocolServiceGrpc.java:265)
	at org.apache.ratis.grpc.server.GrpcServerProtocolClient.requestVote(GrpcServerProtocolClient.java:83)
	at org.apache.ratis.grpc.server.GrpcService.requestVote(GrpcService.java:195)
	at org.apache.ratis.server.impl.LeaderElection.lambda$submitRequests$1(LeaderElection.java:237)
	at java.util.concurrent.FutureTask.run(FutureTask.java:266)
	at java.util.concurrent.Executors$RunnableAdapter.call(Executors.java:511)
	at java.util.concurrent.FutureTask.run(FutureTask.java:266)
	at java.util.concurrent.ThreadPoolExecutor.runWorker(ThreadPoolExecutor.java:1149)
	at java.util.concurrent.ThreadPoolExecutor$Worker.run(ThreadPoolExecutor.java:624)
	... 1 more
Caused by: org.apache.ratis.thirdparty.io.netty.channel.AbstractChannel$AnnotatedConnectException: Connection refused: /192.168.69.96:33463
	at sun.nio.ch.SocketChannelImpl.checkConnect(Native Method)
	at sun.nio.ch.SocketChannelImpl.finishConnect(SocketChannelImpl.java:717)
	at org.apache.ratis.thirdparty.io.netty.channel.socket.nio.NioSocketChannel.doFinishConnect(NioSocketChannel.java:327)
	at org.apache.ratis.thirdparty.io.netty.channel.nio.AbstractNioChannel$AbstractNioUnsafe.finishConnect(AbstractNioChannel.java:340)
	at org.apache.ratis.thirdparty.io.netty.channel.nio.NioEventLoop.processSelectedKey(NioEventLoop.java:632)
	at org.apache.ratis.thirdparty.io.netty.channel.nio.NioEventLoop.processSelectedKeysOptimized(NioEventLoop.java:579)
	at org.apache.ratis.thirdparty.io.netty.channel.nio.NioEventLoop.processSelectedKeys(NioEventLoop.java:496)
	at org.apache.ratis.thirdparty.io.netty.channel.nio.NioEventLoop.run(NioEventLoop.java:458)
	at org.apache.ratis.thirdparty.io.netty.util.concurrent.SingleThreadEventExecutor$5.run(SingleThreadEventExecutor.java:897)
	at org.apache.ratis.thirdparty.io.netty.util.concurrent.FastThreadLocalRunnable.run(FastThreadLocalRunnable.java:30)
	... 1 more
Caused by: java.net.ConnectException: Connection refused
	... 11 more
2019-07-13 09:17:10,960 INFO  impl.LeaderElection (LogUtils.java:infoOrTrace(149)) - 9a544c2a-8f47-4cb4-8d3c-fa206030b87a:group-D27F074936C1:LeaderElection66 got exception when requesting votes: {}
java.util.concurrent.ExecutionException: org.apache.ratis.thirdparty.io.grpc.StatusRuntimeException: UNAVAILABLE: io exception
	at java.util.concurrent.FutureTask.report(FutureTask.java:122)
	at java.util.concurrent.FutureTask.get(FutureTask.java:192)
	at org.apache.ratis.server.impl.LeaderElection.waitForResults(LeaderElection.java:262)
	at org.apache.ratis.server.impl.LeaderElection.askForVotes(LeaderElection.java:200)
	at org.apache.ratis.server.impl.LeaderElection.run(LeaderElection.java:130)
	at java.lang.Thread.run(Thread.java:748)
Caused by: org.apache.ratis.thirdparty.io.grpc.StatusRuntimeException: UNAVAILABLE: io exception
	at org.apache.ratis.thirdparty.io.grpc.stub.ClientCalls.toStatusRuntimeException(ClientCalls.java:233)
	at org.apache.ratis.thirdparty.io.grpc.stub.ClientCalls.getUnchecked(ClientCalls.java:214)
	at org.apache.ratis.thirdparty.io.grpc.stub.ClientCalls.blockingUnaryCall(ClientCalls.java:139)
	at org.apache.ratis.proto.grpc.RaftServerProtocolServiceGrpc$RaftServerProtocolServiceBlockingStub.requestVote(RaftServerProtocolServiceGrpc.java:265)
	at org.apache.ratis.grpc.server.GrpcServerProtocolClient.requestVote(GrpcServerProtocolClient.java:83)
	at org.apache.ratis.grpc.server.GrpcService.requestVote(GrpcService.java:195)
	at org.apache.ratis.server.impl.LeaderElection.lambda$submitRequests$1(LeaderElection.java:237)
	at java.util.concurrent.FutureTask.run(FutureTask.java:266)
	at java.util.concurrent.Executors$RunnableAdapter.call(Executors.java:511)
	at java.util.concurrent.FutureTask.run(FutureTask.java:266)
	at java.util.concurrent.ThreadPoolExecutor.runWorker(ThreadPoolExecutor.java:1149)
	at java.util.concurrent.ThreadPoolExecutor$Worker.run(ThreadPoolExecutor.java:624)
	... 1 more
Caused by: org.apache.ratis.thirdparty.io.netty.channel.AbstractChannel$AnnotatedConnectException: Connection refused: /192.168.69.96:35402
	at sun.nio.ch.SocketChannelImpl.checkConnect(Native Method)
	at sun.nio.ch.SocketChannelImpl.finishConnect(SocketChannelImpl.java:717)
	at org.apache.ratis.thirdparty.io.netty.channel.socket.nio.NioSocketChannel.doFinishConnect(NioSocketChannel.java:327)
	at org.apache.ratis.thirdparty.io.netty.channel.nio.AbstractNioChannel$AbstractNioUnsafe.finishConnect(AbstractNioChannel.java:340)
	at org.apache.ratis.thirdparty.io.netty.channel.nio.NioEventLoop.processSelectedKey(NioEventLoop.java:632)
	at org.apache.ratis.thirdparty.io.netty.channel.nio.NioEventLoop.processSelectedKeysOptimized(NioEventLoop.java:579)
	at org.apache.ratis.thirdparty.io.netty.channel.nio.NioEventLoop.processSelectedKeys(NioEventLoop.java:496)
	at org.apache.ratis.thirdparty.io.netty.channel.nio.NioEventLoop.run(NioEventLoop.java:458)
	at org.apache.ratis.thirdparty.io.netty.util.concurrent.SingleThreadEventExecutor$5.run(SingleThreadEventExecutor.java:897)
	at org.apache.ratis.thirdparty.io.netty.util.concurrent.FastThreadLocalRunnable.run(FastThreadLocalRunnable.java:30)
	... 1 more
Caused by: java.net.ConnectException: Connection refused
	... 11 more
2019-07-13 09:17:10,962 INFO  impl.LeaderElection (LeaderElection.java:logAndReturn(56)) - 9a544c2a-8f47-4cb4-8d3c-fa206030b87a:group-D27F074936C1:LeaderElection66: Election REJECTED; received 0 response(s) [] and 2 exception(s); 9a544c2a-8f47-4cb4-8d3c-fa206030b87a:t2, leader=null, voted=9a544c2a-8f47-4cb4-8d3c-fa206030b87a, raftlog=9a544c2a-8f47-4cb4-8d3c-fa206030b87a-SegmentedRaftLog:OPENED:c15,f15,i15, conf=0: [c2327460-9b06-49cb-86b3-02d4da1c959b:192.168.69.96:35402, dc98be44-39a7-44a3-a001-d81f6637fe10:192.168.69.96:33463, 9a544c2a-8f47-4cb4-8d3c-fa206030b87a:192.168.69.96:45479], old=null
2019-07-13 09:17:10,962 INFO  impl.LeaderElection (LogUtils.java:infoOrTrace(149)) -   Exception 0: {}
java.util.concurrent.ExecutionException: org.apache.ratis.thirdparty.io.grpc.StatusRuntimeException: UNAVAILABLE: io exception
	at java.util.concurrent.FutureTask.report(FutureTask.java:122)
	at java.util.concurrent.FutureTask.get(FutureTask.java:192)
	at org.apache.ratis.server.impl.LeaderElection.waitForResults(LeaderElection.java:262)
	at org.apache.ratis.server.impl.LeaderElection.askForVotes(LeaderElection.java:200)
	at org.apache.ratis.server.impl.LeaderElection.run(LeaderElection.java:130)
	at java.lang.Thread.run(Thread.java:748)
Caused by: org.apache.ratis.thirdparty.io.grpc.StatusRuntimeException: UNAVAILABLE: io exception
	at org.apache.ratis.thirdparty.io.grpc.stub.ClientCalls.toStatusRuntimeException(ClientCalls.java:233)
	at org.apache.ratis.thirdparty.io.grpc.stub.ClientCalls.getUnchecked(ClientCalls.java:214)
	at org.apache.ratis.thirdparty.io.grpc.stub.ClientCalls.blockingUnaryCall(ClientCalls.java:139)
	at org.apache.ratis.proto.grpc.RaftServerProtocolServiceGrpc$RaftServerProtocolServiceBlockingStub.requestVote(RaftServerProtocolServiceGrpc.java:265)
	at org.apache.ratis.grpc.server.GrpcServerProtocolClient.requestVote(GrpcServerProtocolClient.java:83)
	at org.apache.ratis.grpc.server.GrpcService.requestVote(GrpcService.java:195)
	at org.apache.ratis.server.impl.LeaderElection.lambda$submitRequests$1(LeaderElection.java:237)
	at java.util.concurrent.FutureTask.run(FutureTask.java:266)
	at java.util.concurrent.Executors$RunnableAdapter.call(Executors.java:511)
	at java.util.concurrent.FutureTask.run(FutureTask.java:266)
	at java.util.concurrent.ThreadPoolExecutor.runWorker(ThreadPoolExecutor.java:1149)
	at java.util.concurrent.ThreadPoolExecutor$Worker.run(ThreadPoolExecutor.java:624)
	... 1 more
Caused by: org.apache.ratis.thirdparty.io.netty.channel.AbstractChannel$AnnotatedConnectException: Connection refused: /192.168.69.96:33463
	at sun.nio.ch.SocketChannelImpl.checkConnect(Native Method)
	at sun.nio.ch.SocketChannelImpl.finishConnect(SocketChannelImpl.java:717)
	at org.apache.ratis.thirdparty.io.netty.channel.socket.nio.NioSocketChannel.doFinishConnect(NioSocketChannel.java:327)
	at org.apache.ratis.thirdparty.io.netty.channel.nio.AbstractNioChannel$AbstractNioUnsafe.finishConnect(AbstractNioChannel.java:340)
	at org.apache.ratis.thirdparty.io.netty.channel.nio.NioEventLoop.processSelectedKey(NioEventLoop.java:632)
	at org.apache.ratis.thirdparty.io.netty.channel.nio.NioEventLoop.processSelectedKeysOptimized(NioEventLoop.java:579)
	at org.apache.ratis.thirdparty.io.netty.channel.nio.NioEventLoop.processSelectedKeys(NioEventLoop.java:496)
	at org.apache.ratis.thirdparty.io.netty.channel.nio.NioEventLoop.run(NioEventLoop.java:458)
	at org.apache.ratis.thirdparty.io.netty.util.concurrent.SingleThreadEventExecutor$5.run(SingleThreadEventExecutor.java:897)
	at org.apache.ratis.thirdparty.io.netty.util.concurrent.FastThreadLocalRunnable.run(FastThreadLocalRunnable.java:30)
	... 1 more
Caused by: java.net.ConnectException: Connection refused
	... 11 more
2019-07-13 09:17:10,962 INFO  impl.LeaderElection (LogUtils.java:infoOrTrace(149)) -   Exception 1: {}
java.util.concurrent.ExecutionException: org.apache.ratis.thirdparty.io.grpc.StatusRuntimeException: UNAVAILABLE: io exception
	at java.util.concurrent.FutureTask.report(FutureTask.java:122)
	at java.util.concurrent.FutureTask.get(FutureTask.java:192)
	at org.apache.ratis.server.impl.LeaderElection.waitForResults(LeaderElection.java:262)
	at org.apache.ratis.server.impl.LeaderElection.askForVotes(LeaderElection.java:200)
	at org.apache.ratis.server.impl.LeaderElection.run(LeaderElection.java:130)
	at java.lang.Thread.run(Thread.java:748)
Caused by: org.apache.ratis.thirdparty.io.grpc.StatusRuntimeException: UNAVAILABLE: io exception
	at org.apache.ratis.thirdparty.io.grpc.stub.ClientCalls.toStatusRuntimeException(ClientCalls.java:233)
	at org.apache.ratis.thirdparty.io.grpc.stub.ClientCalls.getUnchecked(ClientCalls.java:214)
	at org.apache.ratis.thirdparty.io.grpc.stub.ClientCalls.blockingUnaryCall(ClientCalls.java:139)
	at org.apache.ratis.proto.grpc.RaftServerProtocolServiceGrpc$RaftServerProtocolServiceBlockingStub.requestVote(RaftServerProtocolServiceGrpc.java:265)
	at org.apache.ratis.grpc.server.GrpcServerProtocolClient.requestVote(GrpcServerProtocolClient.java:83)
	at org.apache.ratis.grpc.server.GrpcService.requestVote(GrpcService.java:195)
	at org.apache.ratis.server.impl.LeaderElection.lambda$submitRequests$1(LeaderElection.java:237)
	at java.util.concurrent.FutureTask.run(FutureTask.java:266)
	at java.util.concurrent.Executors$RunnableAdapter.call(Executors.java:511)
	at java.util.concurrent.FutureTask.run(FutureTask.java:266)
	at java.util.concurrent.ThreadPoolExecutor.runWorker(ThreadPoolExecutor.java:1149)
	at java.util.concurrent.ThreadPoolExecutor$Worker.run(ThreadPoolExecutor.java:624)
	... 1 more
Caused by: org.apache.ratis.thirdparty.io.netty.channel.AbstractChannel$AnnotatedConnectException: Connection refused: /192.168.69.96:35402
	at sun.nio.ch.SocketChannelImpl.checkConnect(Native Method)
	at sun.nio.ch.SocketChannelImpl.finishConnect(SocketChannelImpl.java:717)
	at org.apache.ratis.thirdparty.io.netty.channel.socket.nio.NioSocketChannel.doFinishConnect(NioSocketChannel.java:327)
	at org.apache.ratis.thirdparty.io.netty.channel.nio.AbstractNioChannel$AbstractNioUnsafe.finishConnect(AbstractNioChannel.java:340)
	at org.apache.ratis.thirdparty.io.netty.channel.nio.NioEventLoop.processSelectedKey(NioEventLoop.java:632)
	at org.apache.ratis.thirdparty.io.netty.channel.nio.NioEventLoop.processSelectedKeysOptimized(NioEventLoop.java:579)
	at org.apache.ratis.thirdparty.io.netty.channel.nio.NioEventLoop.processSelectedKeys(NioEventLoop.java:496)
	at org.apache.ratis.thirdparty.io.netty.channel.nio.NioEventLoop.run(NioEventLoop.java:458)
	at org.apache.ratis.thirdparty.io.netty.util.concurrent.SingleThreadEventExecutor$5.run(SingleThreadEventExecutor.java:897)
	at org.apache.ratis.thirdparty.io.netty.util.concurrent.FastThreadLocalRunnable.run(FastThreadLocalRunnable.java:30)
	... 1 more
Caused by: java.net.ConnectException: Connection refused
	... 11 more
2019-07-13 09:17:10,963 INFO  impl.RaftServerImpl (RaftServerImpl.java:setRole(171)) - 9a544c2a-8f47-4cb4-8d3c-fa206030b87a:group-D27F074936C1 changes role from CANDIDATE to FOLLOWER at term 2 for DISCOVERED_A_NEW_TERM
2019-07-13 09:17:10,963 INFO  impl.RoleInfo (RoleInfo.java:shutdownLeaderElection(134)) - 9a544c2a-8f47-4cb4-8d3c-fa206030b87a: shutdown LeaderElection
2019-07-13 09:17:10,963 INFO  impl.RoleInfo (RoleInfo.java:updateAndGet(143)) - 9a544c2a-8f47-4cb4-8d3c-fa206030b87a: start FollowerState
2019-07-13 09:17:11,245 INFO  statemachine.DatanodeStateMachine (DatanodeStateMachine.java:lambda$startDaemon$0(350)) - Ozone container server started.
2019-07-13 09:17:11,351 INFO  statemachine.DatanodeStateMachine (DatanodeStateMachine.java:lambda$startDaemon$0(350)) - Ozone container server started.
2019-07-13 09:17:15,346 INFO  node.StaleNodeHandler (StaleNodeHandler.java:onMessage(58)) - Datanode 9a544c2a-8f47-4cb4-8d3c-fa206030b87a{ip: 192.168.69.96, host: trunk-nightly-hmp62-43275749, networkLocation: /default-rack, certSerialId: null} moved to stale state. Finalizing its pipelines [PipelineID=ab36c033-7809-42a7-8733-fe1752cb896e, PipelineID=d8345fb5-b3f6-4798-9263-d27f074936c1]
2019-07-13 09:17:15,346 INFO  pipeline.SCMPipelineManager (SCMPipelineManager.java:finalizeAndDestroyPipeline(309)) - destroying pipeline:Pipeline[ Id: ab36c033-7809-42a7-8733-fe1752cb896e, Nodes: 9a544c2a-8f47-4cb4-8d3c-fa206030b87a{ip: 192.168.69.96, host: trunk-nightly-hmp62-43275749, networkLocation: /default-rack, certSerialId: null}, Type:RATIS, Factor:ONE, State:OPEN]
2019-07-13 09:17:15,347 INFO  pipeline.PipelineStateManager (PipelineStateManager.java:finalizePipeline(123)) - Pipeline Pipeline[ Id: ab36c033-7809-42a7-8733-fe1752cb896e, Nodes: 9a544c2a-8f47-4cb4-8d3c-fa206030b87a{ip: 192.168.69.96, host: trunk-nightly-hmp62-43275749, networkLocation: /default-rack, certSerialId: null}, Type:RATIS, Factor:ONE, State:CLOSED] moved to CLOSED state
2019-07-13 09:17:15,347 INFO  pipeline.SCMPipelineManager (SCMPipelineManager.java:finalizeAndDestroyPipeline(309)) - destroying pipeline:Pipeline[ Id: d8345fb5-b3f6-4798-9263-d27f074936c1, Nodes: dc98be44-39a7-44a3-a001-d81f6637fe10{ip: 192.168.69.96, host: trunk-nightly-hmp62-43275749, networkLocation: /default-rack, certSerialId: null}9a544c2a-8f47-4cb4-8d3c-fa206030b87a{ip: 192.168.69.96, host: trunk-nightly-hmp62-43275749, networkLocation: /default-rack, certSerialId: null}c2327460-9b06-49cb-86b3-02d4da1c959b{ip: 192.168.69.96, host: trunk-nightly-hmp62-43275749, networkLocation: /default-rack, certSerialId: null}, Type:RATIS, Factor:THREE, State:CLOSED]
2019-07-13 09:17:15,446 INFO  node.StaleNodeHandler (StaleNodeHandler.java:onMessage(58)) - Datanode 7dad2a5a-e038-440b-a217-bbbb2c48d4bb{ip: 192.168.69.96, host: trunk-nightly-hmp62-43275749, networkLocation: /default-rack, certSerialId: null} moved to stale state. Finalizing its pipelines [PipelineID=f51c7a13-d803-4cd6-ab22-edeb7fdb3342]
2019-07-13 09:17:15,447 INFO  pipeline.SCMPipelineManager (SCMPipelineManager.java:finalizeAndDestroyPipeline(309)) - destroying pipeline:Pipeline[ Id: f51c7a13-d803-4cd6-ab22-edeb7fdb3342, Nodes: 7dad2a5a-e038-440b-a217-bbbb2c48d4bb{ip: 192.168.69.96, host: trunk-nightly-hmp62-43275749, networkLocation: /default-rack, certSerialId: null}, Type:RATIS, Factor:ONE, State:OPEN]
2019-07-13 09:17:15,447 INFO  pipeline.PipelineStateManager (PipelineStateManager.java:finalizePipeline(123)) - Pipeline Pipeline[ Id: f51c7a13-d803-4cd6-ab22-edeb7fdb3342, Nodes: 7dad2a5a-e038-440b-a217-bbbb2c48d4bb{ip: 192.168.69.96, host: trunk-nightly-hmp62-43275749, networkLocation: /default-rack, certSerialId: null}, Type:RATIS, Factor:ONE, State:CLOSED] moved to CLOSED state
2019-07-13 09:17:15,659 INFO  ozoneimpl.OzoneContainer (OzoneContainer.java:stop(199)) - Attempting to stop container services.
2019-07-13 09:17:15,660 INFO  impl.RaftServerProxy (RaftServerProxy.java:lambda$close$4(314)) - 7dad2a5a-e038-440b-a217-bbbb2c48d4bb: close
2019-07-13 09:17:15,660 INFO  impl.RaftServerImpl (RaftServerImpl.java:lambda$shutdown$3(245)) - 7dad2a5a-e038-440b-a217-bbbb2c48d4bb: shutdown group-EDEB7FDB3342
2019-07-13 09:17:15,661 INFO  util.JmxRegister (JmxRegister.java:unregister(73)) - Successfully un-registered JMX Bean with object name Ratis:service=RaftServer,group=group-EDEB7FDB3342,id=7dad2a5a-e038-440b-a217-bbbb2c48d4bb
2019-07-13 09:17:15,661 INFO  impl.RoleInfo (RoleInfo.java:shutdownLeaderState(104)) - 7dad2a5a-e038-440b-a217-bbbb2c48d4bb: shutdown LeaderState
2019-07-13 09:17:15,662 INFO  impl.PendingRequests (PendingRequests.java:sendNotLeaderResponses(202)) - 7dad2a5a-e038-440b-a217-bbbb2c48d4bb-PendingRequests: sendNotLeaderResponses
2019-07-13 09:17:15,662 INFO  impl.StateMachineUpdater (StateMachineUpdater.java:stopAndJoin(115)) - StateMachineUpdater:7dad2a5a-e038-440b-a217-bbbb2c48d4bb:group-EDEB7FDB3342: set stopIndex = 0
2019-07-13 09:17:15,663 INFO  ratis.ContainerStateMachine (ContainerStateMachine.java:takeSnapshot(246)) - Taking snapshot at termIndex:(t:0, i:~)
2019-07-13 09:17:15,663 INFO  impl.RaftServerImpl (ServerState.java:close(394)) - 7dad2a5a-e038-440b-a217-bbbb2c48d4bb:group-EDEB7FDB3342 closes. The last applied log index is 0
2019-07-13 09:17:15,664 INFO  segmented.SegmentedRaftLogWorker (SegmentedRaftLogWorker.java:run(313)) - 7dad2a5a-e038-440b-a217-bbbb2c48d4bb-SegmentedRaftLogWorker:Storage Directory /tmp/workdir/hadoop-ozone/integration-test/target/test-dir/MiniOzoneClusterImpl-eb9fb254-c95f-4215-83bc-e762092ecf51/datanode-6/data/ratis/f51c7a13-d803-4cd6-ab22-edeb7fdb3342 was interrupted, exiting. There are 0 tasks remaining in the queue.
2019-07-13 09:17:15,665 INFO  ozoneimpl.OzoneContainer (OzoneContainer.java:stop(199)) - Attempting to stop container services.
2019-07-13 09:17:15,666 INFO  impl.RaftServerProxy (RaftServerProxy.java:lambda$close$4(314)) - 9a544c2a-8f47-4cb4-8d3c-fa206030b87a: close
2019-07-13 09:17:15,666 INFO  impl.RaftServerImpl (RaftServerImpl.java:lambda$shutdown$3(245)) - 9a544c2a-8f47-4cb4-8d3c-fa206030b87a: shutdown group-FE1752CB896E
2019-07-13 09:17:15,666 INFO  segmented.SegmentedRaftLogWorker (SegmentedRaftLogWorker.java:close(228)) - 7dad2a5a-e038-440b-a217-bbbb2c48d4bb-SegmentedRaftLogWorker:Storage Directory /tmp/workdir/hadoop-ozone/integration-test/target/test-dir/MiniOzoneClusterImpl-eb9fb254-c95f-4215-83bc-e762092ecf51/datanode-6/data/ratis/f51c7a13-d803-4cd6-ab22-edeb7fdb3342 close()
2019-07-13 09:17:15,666 INFO  util.JmxRegister (JmxRegister.java:unregister(73)) - Successfully un-registered JMX Bean with object name Ratis:service=RaftServer,group=group-FE1752CB896E,id=9a544c2a-8f47-4cb4-8d3c-fa206030b87a
2019-07-13 09:17:15,669 INFO  server.GrpcService (GrpcService.java:closeImpl(155)) - 7dad2a5a-e038-440b-a217-bbbb2c48d4bb: shutdown server with port 40277 now
2019-07-13 09:17:15,670 INFO  impl.RoleInfo (RoleInfo.java:shutdownLeaderState(104)) - 9a544c2a-8f47-4cb4-8d3c-fa206030b87a: shutdown LeaderState
2019-07-13 09:17:15,672 INFO  server.GrpcService (GrpcService.java:closeImpl(163)) - 7dad2a5a-e038-440b-a217-bbbb2c48d4bb: shutdown server with port 40277 successfully
2019-07-13 09:17:15,672 INFO  impl.PendingRequests (PendingRequests.java:sendNotLeaderResponses(202)) - 9a544c2a-8f47-4cb4-8d3c-fa206030b87a-PendingRequests: sendNotLeaderResponses
2019-07-13 09:17:15,672 INFO  impl.StateMachineUpdater (StateMachineUpdater.java:stopAndJoin(115)) - StateMachineUpdater:9a544c2a-8f47-4cb4-8d3c-fa206030b87a:group-FE1752CB896E: set stopIndex = 0
2019-07-13 09:17:15,672 INFO  ratis.ContainerStateMachine (ContainerStateMachine.java:takeSnapshot(246)) - Taking snapshot at termIndex:(t:0, i:~)
2019-07-13 09:17:15,673 INFO  impl.RaftServerImpl (ServerState.java:close(394)) - 9a544c2a-8f47-4cb4-8d3c-fa206030b87a:group-FE1752CB896E closes. The last applied log index is 0
2019-07-13 09:17:15,673 INFO  segmented.SegmentedRaftLogWorker (SegmentedRaftLogWorker.java:run(313)) - 9a544c2a-8f47-4cb4-8d3c-fa206030b87a-SegmentedRaftLogWorker:Storage Directory /tmp/workdir/hadoop-ozone/integration-test/target/test-dir/MiniOzoneClusterImpl-eb9fb254-c95f-4215-83bc-e762092ecf51/datanode-5/data/ratis/ab36c033-7809-42a7-8733-fe1752cb896e was interrupted, exiting. There are 0 tasks remaining in the queue.
2019-07-13 09:17:15,680 INFO  segmented.SegmentedRaftLogWorker (SegmentedRaftLogWorker.java:close(228)) - 9a544c2a-8f47-4cb4-8d3c-fa206030b87a-SegmentedRaftLogWorker:Storage Directory /tmp/workdir/hadoop-ozone/integration-test/target/test-dir/MiniOzoneClusterImpl-eb9fb254-c95f-4215-83bc-e762092ecf51/datanode-5/data/ratis/ab36c033-7809-42a7-8733-fe1752cb896e close()
2019-07-13 09:17:15,682 INFO  impl.RaftServerImpl (RaftServerImpl.java:lambda$shutdown$3(245)) - 9a544c2a-8f47-4cb4-8d3c-fa206030b87a: shutdown group-D27F074936C1
2019-07-13 09:17:15,683 INFO  util.JmxRegister (JmxRegister.java:unregister(73)) - Successfully un-registered JMX Bean with object name Ratis:service=RaftServer,group=group-D27F074936C1,id=9a544c2a-8f47-4cb4-8d3c-fa206030b87a
2019-07-13 09:17:15,683 INFO  impl.RoleInfo (RoleInfo.java:shutdownFollowerState(121)) - 9a544c2a-8f47-4cb4-8d3c-fa206030b87a: shutdown FollowerState
2019-07-13 09:17:15,683 INFO  impl.StateMachineUpdater (StateMachineUpdater.java:stopAndJoin(115)) - StateMachineUpdater:9a544c2a-8f47-4cb4-8d3c-fa206030b87a:group-D27F074936C1: set stopIndex = 15
2019-07-13 09:17:15,683 INFO  impl.FollowerState (FollowerState.java:run(114)) - 9a544c2a-8f47-4cb4-8d3c-fa206030b87a: FollowerState was interrupted: java.lang.InterruptedException: sleep interrupted
2019-07-13 09:17:15,684 INFO  utils.BackgroundService (BackgroundService.java:shutdown(148)) - Shutting down service BlockDeletingService
2019-07-13 09:17:15,683 INFO  ratis.ContainerStateMachine (ContainerStateMachine.java:takeSnapshot(246)) - Taking snapshot at termIndex:(t:1, i:13)
2019-07-13 09:17:15,686 INFO  ratis.ContainerStateMachine (ContainerStateMachine.java:takeSnapshot(250)) - Taking a snapshot to file /tmp/workdir/hadoop-ozone/integration-test/target/test-dir/MiniOzoneClusterImpl-eb9fb254-c95f-4215-83bc-e762092ecf51/datanode-5/data/ratis/d8345fb5-b3f6-4798-9263-d27f074936c1/sm/snapshot.1_13
2019-07-13 09:17:15,687 INFO  impl.StateMachineUpdater (StateMachineUpdater.java:takeSnapshot(242)) - StateMachineUpdater:9a544c2a-8f47-4cb4-8d3c-fa206030b87a:group-D27F074936C1: Took a snapshot at index 13
2019-07-13 09:17:15,687 INFO  impl.StateMachineUpdater (StateMachineUpdater.java:lambda$new$0(80)) - StateMachineUpdater:9a544c2a-8f47-4cb4-8d3c-fa206030b87a:group-D27F074936C1: snapshotIndex: updateIncreasingly -1 -> 13
2019-07-13 09:17:15,687 WARN  fs.CachingGetSpaceUsed (CachingGetSpaceUsed.java:run(183)) - Thread Interrupted waiting to refresh disk information: sleep interrupted
2019-07-13 09:17:15,688 INFO  impl.RaftServerImpl (ServerState.java:close(394)) - 9a544c2a-8f47-4cb4-8d3c-fa206030b87a:group-D27F074936C1 closes. The last applied log index is 15
2019-07-13 09:17:15,688 INFO  segmented.SegmentedRaftLogWorker (SegmentedRaftLogWorker.java:run(313)) - 9a544c2a-8f47-4cb4-8d3c-fa206030b87a-SegmentedRaftLogWorker:Storage Directory /tmp/workdir/hadoop-ozone/integration-test/target/test-dir/MiniOzoneClusterImpl-eb9fb254-c95f-4215-83bc-e762092ecf51/datanode-5/data/ratis/d8345fb5-b3f6-4798-9263-d27f074936c1 was interrupted, exiting. There are 0 tasks remaining in the queue.
2019-07-13 09:17:15,688 INFO  segmented.SegmentedRaftLogWorker (SegmentedRaftLogWorker.java:close(228)) - 9a544c2a-8f47-4cb4-8d3c-fa206030b87a-SegmentedRaftLogWorker:Storage Directory /tmp/workdir/hadoop-ozone/integration-test/target/test-dir/MiniOzoneClusterImpl-eb9fb254-c95f-4215-83bc-e762092ecf51/datanode-5/data/ratis/d8345fb5-b3f6-4798-9263-d27f074936c1 close()
2019-07-13 09:17:15,690 INFO  server.GrpcService (GrpcService.java:closeImpl(155)) - 9a544c2a-8f47-4cb4-8d3c-fa206030b87a: shutdown server with port 45479 now
2019-07-13 09:17:15,690 INFO  server.GrpcService (GrpcService.java:closeImpl(163)) - 9a544c2a-8f47-4cb4-8d3c-fa206030b87a: shutdown server with port 45479 successfully
2019-07-13 09:17:15,694 INFO  utils.BackgroundService (BackgroundService.java:shutdown(148)) - Shutting down service BlockDeletingService
2019-07-13 09:17:15,698 WARN  fs.CachingGetSpaceUsed (CachingGetSpaceUsed.java:run(183)) - Thread Interrupted waiting to refresh disk information: sleep interrupted
2019-07-13 09:17:15,717 INFO  statemachine.DatanodeStateMachine (DatanodeStateMachine.java:stopDaemon(395)) - Ozone container server stopped.
2019-07-13 09:17:15,718 INFO  handler.ContextHandler (ContextHandler.java:doStop(910)) - Stopped o.e.j.w.WebAppContext@6ee34fe4{/,null,UNAVAILABLE}{/hddsDatanode}
2019-07-13 09:17:15,720 INFO  server.AbstractConnector (AbstractConnector.java:doStop(318)) - Stopped ServerConnector@5aa0e9c6{HTTP/1.1,[http/1.1]}{0.0.0.0:0}
2019-07-13 09:17:15,721 INFO  handler.ContextHandler (ContextHandler.java:doStop(910)) - Stopped o.e.j.s.ServletContextHandler@3d3e9163{/static,jar:file:/home/user/.m2/repository/org/apache/hadoop/hadoop-hdds-container-service/0.5.0-SNAPSHOT/hadoop-hdds-container-service-0.5.0-SNAPSHOT.jar!/webapps/static,UNAVAILABLE}
2019-07-13 09:17:15,721 INFO  handler.ContextHandler (ContextHandler.java:doStop(910)) - Stopped o.e.j.s.ServletContextHandler@6b8f1c62{/logs,file:///tmp/workdir/hadoop-ozone/integration-test/target/log,UNAVAILABLE}
2019-07-13 09:17:15,726 INFO  statemachine.DatanodeStateMachine (DatanodeStateMachine.java:stopDaemon(395)) - Ozone container server stopped.
2019-07-13 09:17:15,730 INFO  handler.ContextHandler (ContextHandler.java:doStop(910)) - Stopped o.e.j.w.WebAppContext@2fedae96{/,null,UNAVAILABLE}{/hddsDatanode}
2019-07-13 09:17:15,731 INFO  server.AbstractConnector (AbstractConnector.java:doStop(318)) - Stopped ServerConnector@4945cd1f{HTTP/1.1,[http/1.1]}{0.0.0.0:0}
2019-07-13 09:17:15,732 INFO  handler.ContextHandler (ContextHandler.java:doStop(910)) - Stopped o.e.j.s.ServletContextHandler@35d44cd3{/static,jar:file:/home/user/.m2/repository/org/apache/hadoop/hadoop-hdds-container-service/0.5.0-SNAPSHOT/hadoop-hdds-container-service-0.5.0-SNAPSHOT.jar!/webapps/static,UNAVAILABLE}
2019-07-13 09:17:15,733 INFO  handler.ContextHandler (ContextHandler.java:doStop(910)) - Stopped o.e.j.s.ServletContextHandler@483f19c0{/logs,file:///tmp/workdir/hadoop-ozone/integration-test/target/log,UNAVAILABLE}
2019-07-13 09:17:15,734 INFO  ozone.MiniOzoneClusterImpl (MiniOzoneClusterImpl.java:stop(353)) - Stopping the StorageContainerManager
2019-07-13 09:17:15,735 INFO  server.StorageContainerManager (StorageContainerManager.java:stop(796)) - Stopping Replication Manager Service.
2019-07-13 09:17:15,735 INFO  container.ReplicationManager (ReplicationManager.java:stop(187)) - Stopping Replication Monitor Thread.
2019-07-13 09:17:15,735 INFO  server.StorageContainerManager (StorageContainerManager.java:stop(803)) - Stopping Lease Manager of the command watchers
2019-07-13 09:17:15,735 INFO  server.StorageContainerManager (StorageContainerManager.java:stop(810)) - Stopping datanode service RPC server
2019-07-13 09:17:15,735 INFO  server.SCMDatanodeProtocolServer (SCMDatanodeProtocolServer.java:stop(375)) - Stopping the RPC server for DataNodes
2019-07-13 09:17:15,736 INFO  ipc.Server (Server.java:stop(3082)) - Stopping server on 46108
2019-07-13 09:17:15,738 INFO  ipc.Server (Server.java:run(1185)) - Stopping IPC Server listener on 46108
2019-07-13 09:17:15,740 INFO  ipc.Server (Server.java:run(1319)) - Stopping IPC Server Responder
2019-07-13 09:17:15,747 WARN  node.NodeStateManager (NodeStateManager.java:scheduleNextHealthCheck(631)) - Current Thread is interrupted, shutting down HB processing thread for Node Manager.
2019-07-13 09:17:15,747 INFO  server.StorageContainerManager (StorageContainerManager.java:stop(818)) - Stopping block service RPC server
2019-07-13 09:17:15,747 INFO  server.SCMBlockProtocolServer (SCMBlockProtocolServer.java:stop(148)) - Stopping the RPC server for Block Protocol
2019-07-13 09:17:15,747 INFO  ipc.Server (Server.java:stop(3082)) - Stopping server on 45593
2019-07-13 09:17:15,750 INFO  ipc.Server (Server.java:run(1185)) - Stopping IPC Server listener on 45593
2019-07-13 09:17:15,750 INFO  server.StorageContainerManager (StorageContainerManager.java:stop(825)) - Stopping the StorageContainerLocationProtocol RPC server
2019-07-13 09:17:15,751 INFO  server.SCMClientProtocolServer (SCMClientProtocolServer.java:stop(157)) - Stopping the RPC server for Client Protocol
2019-07-13 09:17:15,751 INFO  ipc.Server (Server.java:stop(3082)) - Stopping server on 41326
2019-07-13 09:17:15,751 INFO  ipc.Server (Server.java:run(1319)) - Stopping IPC Server Responder
2019-07-13 09:17:15,754 INFO  ipc.Server (Server.java:run(1185)) - Stopping IPC Server listener on 41326
2019-07-13 09:17:15,754 INFO  server.StorageContainerManager (StorageContainerManager.java:stop(832)) - Stopping Storage Container Manager HTTP server.
2019-07-13 09:17:15,754 INFO  ipc.Server (Server.java:run(1319)) - Stopping IPC Server Responder
2019-07-13 09:17:15,755 INFO  handler.ContextHandler (ContextHandler.java:doStop(910)) - Stopped o.e.j.w.WebAppContext@686ace1f{/,null,UNAVAILABLE}{/scm}
2019-07-13 09:17:15,756 INFO  server.AbstractConnector (AbstractConnector.java:doStop(318)) - Stopped ServerConnector@7dd92a36{HTTP/1.1,[http/1.1]}{0.0.0.0:0}
2019-07-13 09:17:15,756 INFO  handler.ContextHandler (ContextHandler.java:doStop(910)) - Stopped o.e.j.s.ServletContextHandler@3d6c7152{/static,file:///tmp/workdir/hadoop-ozone/integration-test/target/test-classes/webapps/static,UNAVAILABLE}
2019-07-13 09:17:15,757 INFO  handler.ContextHandler (ContextHandler.java:doStop(910)) - Stopped o.e.j.s.ServletContextHandler@7053a864{/logs,file:///tmp/workdir/hadoop-ozone/integration-test/target/log,UNAVAILABLE}
2019-07-13 09:17:15,758 INFO  server.StorageContainerManager (StorageContainerManager.java:stop(843)) - Stopping Block Manager Service.
2019-07-13 09:17:15,758 INFO  utils.BackgroundService (BackgroundService.java:shutdown(148)) - Shutting down service SCMBlockDeletingService
2019-07-13 09:17:15,759 INFO  utils.BackgroundService (BackgroundService.java:shutdown(148)) - Shutting down service SCMBlockDeletingService
2019-07-13 09:17:15,759 INFO  server.StorageContainerManager (StorageContainerManager.java:stop(865)) - Stopping SCM Event Queue.
2019-07-13 09:17:15,789 INFO  impl.MetricsSystemImpl (MetricsSystemImpl.java:stop(210)) - Stopping HddsDatanode metrics system...
2019-07-13 09:17:15,799 INFO  impl.MetricsSystemImpl (MetricsSystemImpl.java:stop(216)) - HddsDatanode metrics system stopped.
]]></system-out>
    <system-err><![CDATA[Jul 13, 2019 9:16:35 AM com.sun.jersey.server.impl.application.WebApplicationImpl _initiate
INFO: Initiating Jersey application, version 'Jersey: 1.19 02/11/2015 03:25 AM'
Jul 13, 2019 9:16:35 AM com.sun.jersey.server.impl.application.WebApplicationImpl _initiate
INFO: Initiating Jersey application, version 'Jersey: 1.19 02/11/2015 03:25 AM'
Jul 13, 2019 9:16:35 AM com.sun.jersey.server.impl.application.WebApplicationImpl _initiate
INFO: Initiating Jersey application, version 'Jersey: 1.19 02/11/2015 03:25 AM'
Jul 13, 2019 9:16:35 AM com.sun.jersey.server.impl.application.WebApplicationImpl _initiate
INFO: Initiating Jersey application, version 'Jersey: 1.19 02/11/2015 03:25 AM'
Jul 13, 2019 9:16:35 AM com.sun.jersey.server.impl.application.WebApplicationImpl _initiate
INFO: Initiating Jersey application, version 'Jersey: 1.19 02/11/2015 03:25 AM'
Jul 13, 2019 9:16:36 AM com.sun.jersey.server.impl.application.WebApplicationImpl _initiate
INFO: Initiating Jersey application, version 'Jersey: 1.19 02/11/2015 03:25 AM'
Jul 13, 2019 9:16:36 AM com.sun.jersey.server.impl.application.WebApplicationImpl _initiate
INFO: Initiating Jersey application, version 'Jersey: 1.19 02/11/2015 03:25 AM'
Jul 13, 2019 9:16:39 AM org.apache.ratis.thirdparty.io.grpc.internal.ManagedChannelOrphanWrapper$ManagedChannelReference cleanQueue
SEVERE: *~*~*~ Channel ManagedChannelImpl{logId=2589, target=192.168.69.96:37677} was not shutdown properly!!! ~*~*~*
    Make sure to call shutdown()/shutdownNow() and wait until awaitTermination() returns true.
java.lang.RuntimeException: ManagedChannel allocation site
	at org.apache.ratis.thirdparty.io.grpc.internal.ManagedChannelOrphanWrapper$ManagedChannelReference.<init>(ManagedChannelOrphanWrapper.java:103)
	at org.apache.ratis.thirdparty.io.grpc.internal.ManagedChannelOrphanWrapper.<init>(ManagedChannelOrphanWrapper.java:53)
	at org.apache.ratis.thirdparty.io.grpc.internal.ManagedChannelOrphanWrapper.<init>(ManagedChannelOrphanWrapper.java:44)
	at org.apache.ratis.thirdparty.io.grpc.internal.AbstractManagedChannelImplBuilder.build(AbstractManagedChannelImplBuilder.java:411)
	at org.apache.ratis.grpc.client.GrpcClientProtocolClient.<init>(GrpcClientProtocolClient.java:119)
	at org.apache.ratis.grpc.client.GrpcClientRpc.lambda$new$0(GrpcClientRpc.java:55)
	at org.apache.ratis.util.PeerProxyMap$PeerAndProxy.lambda$getProxy$0(PeerProxyMap.java:61)
	at org.apache.ratis.util.LifeCycle.startAndTransition(LifeCycle.java:202)
	at org.apache.ratis.util.PeerProxyMap$PeerAndProxy.getProxy(PeerProxyMap.java:60)
	at org.apache.ratis.util.PeerProxyMap.getProxy(PeerProxyMap.java:107)
	at org.apache.ratis.grpc.client.GrpcClientRpc.sendRequestAsync(GrpcClientRpc.java:66)
	at org.apache.ratis.client.impl.OrderedAsync.sendRequest(OrderedAsync.java:208)
	at org.apache.ratis.client.impl.OrderedAsync.sendRequestWithRetry(OrderedAsync.java:169)
	at org.apache.ratis.util.SlidingWindow$Client.sendOrDelayRequest(SlidingWindow.java:278)
	at org.apache.ratis.util.SlidingWindow$Client.submitNewRequest(SlidingWindow.java:257)
	at org.apache.ratis.client.impl.OrderedAsync.send(OrderedAsync.java:155)
	at org.apache.ratis.client.impl.RaftClientImpl.sendAsync(RaftClientImpl.java:145)
	at org.apache.ratis.client.impl.RaftClientImpl.sendAsync(RaftClientImpl.java:125)
	at org.apache.hadoop.hdds.scm.XceiverClientRatis.sendRequestAsync(XceiverClientRatis.java:224)
	at org.apache.hadoop.hdds.scm.XceiverClientRatis.sendCommandAsync(XceiverClientRatis.java:302)
	at org.apache.hadoop.hdds.scm.storage.ContainerProtocolCalls.writeChunkAsync(ContainerProtocolCalls.java:310)
	at org.apache.hadoop.hdds.scm.storage.BlockOutputStream.writeChunkToContainer(BlockOutputStream.java:610)
	at org.apache.hadoop.hdds.scm.storage.BlockOutputStream.writeChunk(BlockOutputStream.java:467)
	at org.apache.hadoop.hdds.scm.storage.BlockOutputStream.writeOnRetry(BlockOutputStream.java:293)
	at org.apache.hadoop.ozone.client.io.BlockOutputStreamEntry.writeOnRetry(BlockOutputStreamEntry.java:200)
	at org.apache.hadoop.ozone.client.io.KeyOutputStream.handleWrite(KeyOutputStream.java:209)
	at org.apache.hadoop.ozone.client.io.KeyOutputStream.handleRetry(KeyOutputStream.java:376)
	at org.apache.hadoop.ozone.client.io.KeyOutputStream.handleException(KeyOutputStream.java:325)
	at org.apache.hadoop.ozone.client.io.KeyOutputStream.handleFlushOrClose(KeyOutputStream.java:448)
	at org.apache.hadoop.ozone.client.io.KeyOutputStream.handleWrite(KeyOutputStream.java:235)
	at org.apache.hadoop.ozone.client.io.KeyOutputStream.write(KeyOutputStream.java:193)
	at org.apache.hadoop.ozone.client.io.OzoneOutputStream.write(OzoneOutputStream.java:49)
	at java.io.OutputStream.write(OutputStream.java:75)
	at org.apache.hadoop.ozone.client.rpc.TestBlockOutputStreamWithFailures.testWatchForCommitWithSingleNodeRatis(TestBlockOutputStreamWithFailures.java:881)
	at sun.reflect.NativeMethodAccessorImpl.invoke0(Native Method)
	at sun.reflect.NativeMethodAccessorImpl.invoke(NativeMethodAccessorImpl.java:62)
	at sun.reflect.DelegatingMethodAccessorImpl.invoke(DelegatingMethodAccessorImpl.java:43)
	at java.lang.reflect.Method.invoke(Method.java:498)
	at org.junit.runners.model.FrameworkMethod$1.runReflectiveCall(FrameworkMethod.java:47)
	at org.junit.internal.runners.model.ReflectiveCallable.run(ReflectiveCallable.java:12)
	at org.junit.runners.model.FrameworkMethod.invokeExplosively(FrameworkMethod.java:44)
	at org.junit.internal.runners.statements.InvokeMethod.evaluate(InvokeMethod.java:17)
	at org.junit.internal.runners.statements.RunBefores.evaluate(RunBefores.java:26)
	at org.junit.internal.runners.statements.RunAfters.evaluate(RunAfters.java:27)
	at org.junit.runners.ParentRunner.runLeaf(ParentRunner.java:271)
	at org.junit.runners.BlockJUnit4ClassRunner.runChild(BlockJUnit4ClassRunner.java:70)
	at org.junit.runners.BlockJUnit4ClassRunner.runChild(BlockJUnit4ClassRunner.java:50)
	at org.junit.runners.ParentRunner$3.run(ParentRunner.java:238)
	at org.junit.runners.ParentRunner$1.schedule(ParentRunner.java:63)
	at org.junit.runners.ParentRunner.runChildren(ParentRunner.java:236)
	at org.junit.runners.ParentRunner.access$000(ParentRunner.java:53)
	at org.junit.runners.ParentRunner$2.evaluate(ParentRunner.java:229)
	at org.junit.runners.ParentRunner.run(ParentRunner.java:309)
	at org.apache.maven.surefire.junit4.JUnit4Provider.execute(JUnit4Provider.java:365)
	at org.apache.maven.surefire.junit4.JUnit4Provider.executeWithRerun(JUnit4Provider.java:273)
	at org.apache.maven.surefire.junit4.JUnit4Provider.executeTestSet(JUnit4Provider.java:238)
	at org.apache.maven.surefire.junit4.JUnit4Provider.invoke(JUnit4Provider.java:159)
	at org.apache.maven.surefire.booter.ForkedBooter.invokeProviderInSameClassLoader(ForkedBooter.java:384)
	at org.apache.maven.surefire.booter.ForkedBooter.runSuitesInProcess(ForkedBooter.java:345)
	at org.apache.maven.surefire.booter.ForkedBooter.execute(ForkedBooter.java:126)
	at org.apache.maven.surefire.booter.ForkedBooter.main(ForkedBooter.java:418)

Jul 13, 2019 9:16:39 AM org.apache.ratis.thirdparty.io.grpc.internal.ManagedChannelOrphanWrapper$ManagedChannelReference cleanQueue
SEVERE: *~*~*~ Channel ManagedChannelImpl{logId=2584, target=192.168.69.96:39915} was not shutdown properly!!! ~*~*~*
    Make sure to call shutdown()/shutdownNow() and wait until awaitTermination() returns true.
java.lang.RuntimeException: ManagedChannel allocation site
	at org.apache.ratis.thirdparty.io.grpc.internal.ManagedChannelOrphanWrapper$ManagedChannelReference.<init>(ManagedChannelOrphanWrapper.java:103)
	at org.apache.ratis.thirdparty.io.grpc.internal.ManagedChannelOrphanWrapper.<init>(ManagedChannelOrphanWrapper.java:53)
	at org.apache.ratis.thirdparty.io.grpc.internal.ManagedChannelOrphanWrapper.<init>(ManagedChannelOrphanWrapper.java:44)
	at org.apache.ratis.thirdparty.io.grpc.internal.AbstractManagedChannelImplBuilder.build(AbstractManagedChannelImplBuilder.java:411)
	at org.apache.ratis.grpc.client.GrpcClientProtocolClient.<init>(GrpcClientProtocolClient.java:119)
	at org.apache.ratis.grpc.client.GrpcClientRpc.lambda$new$0(GrpcClientRpc.java:55)
	at org.apache.ratis.util.PeerProxyMap$PeerAndProxy.lambda$getProxy$0(PeerProxyMap.java:61)
	at org.apache.ratis.util.LifeCycle.startAndTransition(LifeCycle.java:202)
	at org.apache.ratis.util.PeerProxyMap$PeerAndProxy.getProxy(PeerProxyMap.java:60)
	at org.apache.ratis.util.PeerProxyMap.getProxy(PeerProxyMap.java:107)
	at org.apache.ratis.grpc.client.GrpcClientRpc.sendRequestAsync(GrpcClientRpc.java:66)
	at org.apache.ratis.client.impl.OrderedAsync.sendRequest(OrderedAsync.java:208)
	at org.apache.ratis.client.impl.OrderedAsync.sendRequestWithRetry(OrderedAsync.java:169)
	at org.apache.ratis.util.SlidingWindow$Client.sendOrDelayRequest(SlidingWindow.java:278)
	at org.apache.ratis.util.SlidingWindow$Client.retry(SlidingWindow.java:294)
	at org.apache.ratis.client.impl.OrderedAsync.lambda$scheduleWithTimeout$7(OrderedAsync.java:195)
	at org.apache.ratis.util.TimeoutScheduler.lambda$onTimeout$0(TimeoutScheduler.java:85)
	at org.apache.ratis.util.TimeoutScheduler.lambda$onTimeout$1(TimeoutScheduler.java:104)
	at org.apache.ratis.util.LogUtils.runAndLog(LogUtils.java:50)
	at org.apache.ratis.util.LogUtils$1.run(LogUtils.java:91)
	at java.util.concurrent.Executors$RunnableAdapter.call(Executors.java:511)
	at java.util.concurrent.FutureTask.run(FutureTask.java:266)
	at java.util.concurrent.ScheduledThreadPoolExecutor$ScheduledFutureTask.access$201(ScheduledThreadPoolExecutor.java:180)
	at java.util.concurrent.ScheduledThreadPoolExecutor$ScheduledFutureTask.run(ScheduledThreadPoolExecutor.java:293)
	at java.util.concurrent.ThreadPoolExecutor.runWorker(ThreadPoolExecutor.java:1149)
	at java.util.concurrent.ThreadPoolExecutor$Worker.run(ThreadPoolExecutor.java:624)
	at java.lang.Thread.run(Thread.java:748)

]]></system-err>
  </testcase>
  <testcase name="testFailureWithPrimeSizedData" classname="org.apache.hadoop.ozone.client.rpc.TestBlockOutputStreamWithFailures" time="34.459">
    <error type="java.lang.IllegalArgumentException">java.lang.IllegalArgumentException
	at com.google.common.base.Preconditions.checkArgument(Preconditions.java:72)
	at org.apache.hadoop.hdds.scm.XceiverClientManager.acquireClient(XceiverClientManager.java:150)
	at org.apache.hadoop.hdds.scm.XceiverClientManager.acquireClientForReadData(XceiverClientManager.java:143)
	at org.apache.hadoop.hdds.scm.storage.BlockInputStream.getChunkInfos(BlockInputStream.java:154)
	at org.apache.hadoop.hdds.scm.storage.BlockInputStream.initialize(BlockInputStream.java:118)
	at org.apache.hadoop.hdds.scm.storage.BlockInputStream.read(BlockInputStream.java:222)
	at org.apache.hadoop.ozone.client.io.KeyInputStream.read(KeyInputStream.java:171)
	at org.apache.hadoop.ozone.client.io.OzoneInputStream.read(OzoneInputStream.java:47)
	at java.io.InputStream.read(InputStream.java:101)
	at org.apache.hadoop.ozone.container.ContainerTestHelper.validateData(ContainerTestHelper.java:709)
	at org.apache.hadoop.ozone.client.rpc.TestBlockOutputStreamWithFailures.validateData(TestBlockOutputStreamWithFailures.java:1212)
	at org.apache.hadoop.ozone.client.rpc.TestBlockOutputStreamWithFailures.testFailureWithPrimeSizedData(TestBlockOutputStreamWithFailures.java:658)
	at sun.reflect.NativeMethodAccessorImpl.invoke0(Native Method)
	at sun.reflect.NativeMethodAccessorImpl.invoke(NativeMethodAccessorImpl.java:62)
	at sun.reflect.DelegatingMethodAccessorImpl.invoke(DelegatingMethodAccessorImpl.java:43)
	at java.lang.reflect.Method.invoke(Method.java:498)
	at org.junit.runners.model.FrameworkMethod$1.runReflectiveCall(FrameworkMethod.java:47)
	at org.junit.internal.runners.model.ReflectiveCallable.run(ReflectiveCallable.java:12)
	at org.junit.runners.model.FrameworkMethod.invokeExplosively(FrameworkMethod.java:44)
	at org.junit.internal.runners.statements.InvokeMethod.evaluate(InvokeMethod.java:17)
	at org.junit.internal.runners.statements.RunBefores.evaluate(RunBefores.java:26)
	at org.junit.internal.runners.statements.RunAfters.evaluate(RunAfters.java:27)
	at org.junit.runners.ParentRunner.runLeaf(ParentRunner.java:271)
	at org.junit.runners.BlockJUnit4ClassRunner.runChild(BlockJUnit4ClassRunner.java:70)
	at org.junit.runners.BlockJUnit4ClassRunner.runChild(BlockJUnit4ClassRunner.java:50)
	at org.junit.runners.ParentRunner$3.run(ParentRunner.java:238)
	at org.junit.runners.ParentRunner$1.schedule(ParentRunner.java:63)
	at org.junit.runners.ParentRunner.runChildren(ParentRunner.java:236)
	at org.junit.runners.ParentRunner.access$000(ParentRunner.java:53)
	at org.junit.runners.ParentRunner$2.evaluate(ParentRunner.java:229)
	at org.junit.runners.ParentRunner.run(ParentRunner.java:309)
	at org.apache.maven.surefire.junit4.JUnit4Provider.execute(JUnit4Provider.java:365)
	at org.apache.maven.surefire.junit4.JUnit4Provider.executeWithRerun(JUnit4Provider.java:273)
	at org.apache.maven.surefire.junit4.JUnit4Provider.executeTestSet(JUnit4Provider.java:238)
	at org.apache.maven.surefire.junit4.JUnit4Provider.invoke(JUnit4Provider.java:159)
	at org.apache.maven.surefire.booter.ForkedBooter.invokeProviderInSameClassLoader(ForkedBooter.java:384)
	at org.apache.maven.surefire.booter.ForkedBooter.runSuitesInProcess(ForkedBooter.java:345)
	at org.apache.maven.surefire.booter.ForkedBooter.execute(ForkedBooter.java:126)
	at org.apache.maven.surefire.booter.ForkedBooter.main(ForkedBooter.java:418)
</error>
    <system-out><![CDATA[2019-07-13 09:17:15,899 WARN  server.ServerUtils (ServerUtils.java:getScmDbDir(145)) - ozone.scm.db.dirs is not configured. We recommend adding this setting. Falling back to ozone.metadata.dirs instead.
2019-07-13 09:17:15,916 WARN  server.ServerUtils (ServerUtils.java:getScmDbDir(145)) - ozone.scm.db.dirs is not configured. We recommend adding this setting. Falling back to ozone.metadata.dirs instead.
2019-07-13 09:17:15,916 WARN  server.ServerUtils (ServerUtils.java:getScmDbDir(145)) - ozone.scm.db.dirs is not configured. We recommend adding this setting. Falling back to ozone.metadata.dirs instead.
2019-07-13 09:17:15,917 INFO  db.DBStoreBuilder (DBStoreBuilder.java:addTable(110)) - using custom profile for table: deletedBlocks
2019-07-13 09:17:15,917 INFO  db.DBStoreBuilder (DBStoreBuilder.java:processTables(161)) - Using default column profile:DBProfile.DISK for Table:deletedBlocks
2019-07-13 09:17:15,917 INFO  db.DBStoreBuilder (DBStoreBuilder.java:addTable(110)) - using custom profile for table: validCerts
2019-07-13 09:17:15,918 INFO  db.DBStoreBuilder (DBStoreBuilder.java:processTables(161)) - Using default column profile:DBProfile.DISK for Table:validCerts
2019-07-13 09:17:15,918 INFO  db.DBStoreBuilder (DBStoreBuilder.java:addTable(110)) - using custom profile for table: revokedCerts
2019-07-13 09:17:15,918 INFO  db.DBStoreBuilder (DBStoreBuilder.java:processTables(161)) - Using default column profile:DBProfile.DISK for Table:revokedCerts
2019-07-13 09:17:15,918 INFO  db.DBStoreBuilder (DBStoreBuilder.java:addTable(110)) - using custom profile for table: default
2019-07-13 09:17:15,919 INFO  db.DBStoreBuilder (DBStoreBuilder.java:processTables(167)) - Using default column profile:DBProfile.DISK for Table:default
2019-07-13 09:17:15,919 INFO  db.DBStoreBuilder (DBStoreBuilder.java:getDbProfile(198)) - Using default options. DBProfile.DISK
2019-07-13 09:17:16,065 INFO  net.NodeSchemaLoader (NodeSchemaLoader.java:loadSchemaFromFile(125)) - Loading file from sun.misc.CompoundEnumeration@12ff0e4f
2019-07-13 09:17:16,065 INFO  net.NodeSchemaLoader (NodeSchemaLoader.java:loadSchema(171)) - Loading network topology layer schema file
2019-07-13 09:17:16,072 INFO  node.SCMNodeManager (SCMNodeManager.java:<init>(119)) - Entering startup safe mode.
2019-07-13 09:17:16,073 WARN  server.ServerUtils (ServerUtils.java:getScmDbDir(145)) - ozone.scm.db.dirs is not configured. We recommend adding this setting. Falling back to ozone.metadata.dirs instead.
2019-07-13 09:17:16,122 INFO  pipeline.SCMPipelineManager (SCMPipelineManager.java:initializePipelineState(126)) - No pipeline exists in current db
2019-07-13 09:17:16,122 WARN  server.ServerUtils (ServerUtils.java:getScmDbDir(145)) - ozone.scm.db.dirs is not configured. We recommend adding this setting. Falling back to ozone.metadata.dirs instead.
2019-07-13 09:17:16,173 WARN  events.EventQueue (EventQueue.java:fireEvent(175)) - No event handler registered for event TypedEvent{payloadType=SafeModeStatus, name='SafeModeStatus'}
2019-07-13 09:17:16,174 INFO  ipc.CallQueueManager (CallQueueManager.java:<init>(84)) - Using callQueue: class java.util.concurrent.LinkedBlockingQueue, queueCapacity: 2000, scheduler: class org.apache.hadoop.ipc.DefaultRpcScheduler, ipcBackoff: false.
2019-07-13 09:17:16,175 INFO  ipc.Server (Server.java:run(1074)) - Starting Socket Reader #1 for port 38749
2019-07-13 09:17:16,177 INFO  ipc.CallQueueManager (CallQueueManager.java:<init>(84)) - Using callQueue: class java.util.concurrent.LinkedBlockingQueue, queueCapacity: 2000, scheduler: class org.apache.hadoop.ipc.DefaultRpcScheduler, ipcBackoff: false.
2019-07-13 09:17:16,177 INFO  ipc.Server (Server.java:run(1074)) - Starting Socket Reader #1 for port 37205
2019-07-13 09:17:16,179 INFO  ipc.CallQueueManager (CallQueueManager.java:<init>(84)) - Using callQueue: class java.util.concurrent.LinkedBlockingQueue, queueCapacity: 2000, scheduler: class org.apache.hadoop.ipc.DefaultRpcScheduler, ipcBackoff: false.
2019-07-13 09:17:16,179 INFO  ipc.Server (Server.java:run(1074)) - Starting Socket Reader #1 for port 32842
2019-07-13 09:17:16,183 INFO  hdfs.DFSUtil (DFSUtil.java:httpServerTemplateForNNAndJN(1641)) - Starting Web-server for scm at: http://0.0.0.0:0
2019-07-13 09:17:16,190 INFO  server.AuthenticationFilter (AuthenticationFilter.java:constructSecretProvider(240)) - Unable to initialize FileSignerSecretProvider, falling back to use random secrets.
2019-07-13 09:17:16,191 WARN  http.HttpRequestLog (HttpRequestLog.java:getRequestLog(97)) - Jetty request log can only be enabled using Log4j
2019-07-13 09:17:16,193 INFO  http.HttpServer2 (HttpServer2.java:addGlobalFilter(975)) - Added global filter 'safety' (class=org.apache.hadoop.http.HttpServer2$QuotingInputFilter)
2019-07-13 09:17:16,194 INFO  http.HttpServer2 (HttpServer2.java:addFilter(948)) - Added filter static_user_filter (class=org.apache.hadoop.http.lib.StaticUserWebFilter$StaticUserFilter) to context scm
2019-07-13 09:17:16,194 INFO  http.HttpServer2 (HttpServer2.java:addFilter(958)) - Added filter static_user_filter (class=org.apache.hadoop.http.lib.StaticUserWebFilter$StaticUserFilter) to context logs
2019-07-13 09:17:16,195 INFO  http.HttpServer2 (HttpServer2.java:addFilter(958)) - Added filter static_user_filter (class=org.apache.hadoop.http.lib.StaticUserWebFilter$StaticUserFilter) to context static
2019-07-13 09:17:16,197 INFO  server.StorageContainerManager (StorageContainerManager.java:start(759)) - StorageContainerLocationProtocol RPC server is listening at /0.0.0.0:32842
2019-07-13 09:17:16,199 WARN  impl.MetricsConfig (MetricsConfig.java:loadFirst(134)) - Cannot locate configuration: tried hadoop-metrics2-storagecontainermanager.properties,hadoop-metrics2.properties
2019-07-13 09:17:16,200 INFO  impl.MetricsSystemImpl (MetricsSystemImpl.java:startTimer(374)) - Scheduled Metric snapshot period at 10 second(s).
2019-07-13 09:17:16,201 INFO  impl.MetricsSystemImpl (MetricsSystemImpl.java:start(191)) - StorageContainerManager metrics system started
2019-07-13 09:17:16,268 INFO  server.SCMClientProtocolServer (SCMClientProtocolServer.java:start(149)) - RPC server for Client  is listening at /0.0.0.0:32842
2019-07-13 09:17:16,269 INFO  ipc.Server (Server.java:run(1314)) - IPC Server Responder: starting
2019-07-13 09:17:16,269 INFO  ipc.Server (Server.java:run(1153)) - IPC Server listener on 32842: starting
2019-07-13 09:17:16,273 INFO  server.StorageContainerManager (StorageContainerManager.java:start(768)) - ScmBlockLocationProtocol RPC server is listening at /0.0.0.0:37205
2019-07-13 09:17:16,273 INFO  server.SCMBlockProtocolServer (SCMBlockProtocolServer.java:start(140)) - RPC server for Block Protocol is listening at /0.0.0.0:37205
2019-07-13 09:17:16,274 INFO  ipc.Server (Server.java:run(1314)) - IPC Server Responder: starting
2019-07-13 09:17:16,275 INFO  ipc.Server (Server.java:run(1153)) - IPC Server listener on 37205: starting
2019-07-13 09:17:16,278 INFO  server.StorageContainerManager (StorageContainerManager.java:start(772)) - ScmDatanodeProtocl RPC server is listening at /0.0.0.0:38749
2019-07-13 09:17:16,279 INFO  server.SCMDatanodeProtocolServer (SCMDatanodeProtocolServer.java:start(191)) - RPC server for DataNodes is listening at /0.0.0.0:38749
2019-07-13 09:17:16,279 INFO  ipc.Server (Server.java:run(1314)) - IPC Server Responder: starting
2019-07-13 09:17:16,279 INFO  ipc.Server (Server.java:run(1153)) - IPC Server listener on 38749: starting
2019-07-13 09:17:16,284 INFO  http.HttpServer2 (HttpServer2.java:bindListener(1191)) - Jetty bound to port 33667
2019-07-13 09:17:16,284 INFO  server.Server (Server.java:doStart(351)) - jetty-9.3.24.v20180605, build timestamp: 2018-06-05T17:11:56Z, git hash: 84205aa28f11a4f31f2a3b86d1bba2cc8ab69827
2019-07-13 09:17:16,286 INFO  handler.ContextHandler (ContextHandler.java:doStart(781)) - Started o.e.j.s.ServletContextHandler@1469015e{/logs,file:///tmp/workdir/hadoop-ozone/integration-test/target/log,AVAILABLE}
2019-07-13 09:17:16,287 INFO  handler.ContextHandler (ContextHandler.java:doStart(781)) - Started o.e.j.s.ServletContextHandler@1c11a496{/static,file:///tmp/workdir/hadoop-ozone/integration-test/target/test-classes/webapps/static,AVAILABLE}
2019-07-13 09:17:16,291 INFO  handler.ContextHandler (ContextHandler.java:doStart(781)) - Started o.e.j.w.WebAppContext@1484cb57{/,file:///tmp/workdir/hadoop-ozone/integration-test/target/test-classes/webapps/scm/,AVAILABLE}{/scm}
2019-07-13 09:17:16,292 INFO  server.AbstractConnector (AbstractConnector.java:doStart(278)) - Started ServerConnector@1e250539{HTTP/1.1,[http/1.1]}{0.0.0.0:33667}
2019-07-13 09:17:16,293 INFO  server.Server (Server.java:doStart(419)) - Started @571535ms
2019-07-13 09:17:16,295 INFO  server.BaseHttpServer (BaseHttpServer.java:updateConnectorAddress(207)) - HTTP server of SCM is listening at http://0.0.0.0:33667
2019-07-13 09:17:16,296 WARN  server.ServerUtils (ServerUtils.java:getDBPath(222)) - ozone.om.db.dirs is not configured. We recommend adding this setting. Falling back to ozone.metadata.dirs instead.
2019-07-13 09:17:16,297 INFO  util.JvmPauseMonitor (JvmPauseMonitor.java:run(188)) - Starting JVM pause monitor
2019-07-13 09:17:16,304 WARN  server.ServerUtils (ServerUtils.java:getDBPath(222)) - ozone.om.db.dirs is not configured. We recommend adding this setting. Falling back to ozone.metadata.dirs instead.
2019-07-13 09:17:16,304 INFO  om.OzoneManager (OzoneManager.java:setOMNodeDetails(630)) - OM Service ID is not set. Setting it to the default ID: omServiceIdDefault
2019-07-13 09:17:16,304 INFO  om.OzoneManager (OzoneManager.java:setOMNodeDetails(636)) - OM Node ID is not set. Setting it to the OmStorage's OmID: 4c195ea9-0e37-47d7-91dc-aa7f671afabc
2019-07-13 09:17:16,305 INFO  om.OzoneManager (OzoneManager.java:loadOMHAConfigs(587)) - Found matching OM address with OMServiceId: null, OMNodeId: null, RPC Address: localhost:0 and Ratis port: 9872
2019-07-13 09:17:16,312 WARN  server.ServerUtils (ServerUtils.java:getDBPath(222)) - ozone.om.db.dirs is not configured. We recommend adding this setting. Falling back to ozone.metadata.dirs instead.
2019-07-13 09:17:16,312 INFO  db.DBStoreBuilder (DBStoreBuilder.java:addTable(110)) - using custom profile for table: userTable
2019-07-13 09:17:16,312 INFO  db.DBStoreBuilder (DBStoreBuilder.java:processTables(161)) - Using default column profile:DBProfile.DISK for Table:userTable
2019-07-13 09:17:16,312 INFO  db.DBStoreBuilder (DBStoreBuilder.java:addTable(110)) - using custom profile for table: volumeTable
2019-07-13 09:17:16,313 INFO  db.DBStoreBuilder (DBStoreBuilder.java:processTables(161)) - Using default column profile:DBProfile.DISK for Table:volumeTable
2019-07-13 09:17:16,313 INFO  db.DBStoreBuilder (DBStoreBuilder.java:addTable(110)) - using custom profile for table: bucketTable
2019-07-13 09:17:16,313 INFO  db.DBStoreBuilder (DBStoreBuilder.java:processTables(161)) - Using default column profile:DBProfile.DISK for Table:bucketTable
2019-07-13 09:17:16,313 INFO  db.DBStoreBuilder (DBStoreBuilder.java:addTable(110)) - using custom profile for table: keyTable
2019-07-13 09:17:16,313 INFO  db.DBStoreBuilder (DBStoreBuilder.java:processTables(161)) - Using default column profile:DBProfile.DISK for Table:keyTable
2019-07-13 09:17:16,314 INFO  db.DBStoreBuilder (DBStoreBuilder.java:addTable(110)) - using custom profile for table: deletedTable
2019-07-13 09:17:16,314 INFO  db.DBStoreBuilder (DBStoreBuilder.java:processTables(161)) - Using default column profile:DBProfile.DISK for Table:deletedTable
2019-07-13 09:17:16,314 INFO  db.DBStoreBuilder (DBStoreBuilder.java:addTable(110)) - using custom profile for table: openKeyTable
2019-07-13 09:17:16,314 INFO  db.DBStoreBuilder (DBStoreBuilder.java:processTables(161)) - Using default column profile:DBProfile.DISK for Table:openKeyTable
2019-07-13 09:17:16,314 INFO  db.DBStoreBuilder (DBStoreBuilder.java:addTable(110)) - using custom profile for table: s3Table
2019-07-13 09:17:16,315 INFO  db.DBStoreBuilder (DBStoreBuilder.java:processTables(161)) - Using default column profile:DBProfile.DISK for Table:s3Table
2019-07-13 09:17:16,315 INFO  db.DBStoreBuilder (DBStoreBuilder.java:addTable(110)) - using custom profile for table: multipartInfoTable
2019-07-13 09:17:16,315 INFO  db.DBStoreBuilder (DBStoreBuilder.java:processTables(161)) - Using default column profile:DBProfile.DISK for Table:multipartInfoTable
2019-07-13 09:17:16,315 INFO  db.DBStoreBuilder (DBStoreBuilder.java:addTable(110)) - using custom profile for table: dTokenTable
2019-07-13 09:17:16,315 INFO  db.DBStoreBuilder (DBStoreBuilder.java:processTables(161)) - Using default column profile:DBProfile.DISK for Table:dTokenTable
2019-07-13 09:17:16,316 INFO  db.DBStoreBuilder (DBStoreBuilder.java:addTable(110)) - using custom profile for table: s3SecretTable
2019-07-13 09:17:16,316 INFO  db.DBStoreBuilder (DBStoreBuilder.java:processTables(161)) - Using default column profile:DBProfile.DISK for Table:s3SecretTable
2019-07-13 09:17:16,316 INFO  db.DBStoreBuilder (DBStoreBuilder.java:addTable(110)) - using custom profile for table: prefixTable
2019-07-13 09:17:16,316 INFO  db.DBStoreBuilder (DBStoreBuilder.java:processTables(161)) - Using default column profile:DBProfile.DISK for Table:prefixTable
2019-07-13 09:17:16,316 INFO  db.DBStoreBuilder (DBStoreBuilder.java:addTable(110)) - using custom profile for table: default
2019-07-13 09:17:16,316 INFO  db.DBStoreBuilder (DBStoreBuilder.java:processTables(167)) - Using default column profile:DBProfile.DISK for Table:default
2019-07-13 09:17:16,317 INFO  db.DBStoreBuilder (DBStoreBuilder.java:getDbProfile(198)) - Using default options. DBProfile.DISK
2019-07-13 09:17:16,743 INFO  ipc.CallQueueManager (CallQueueManager.java:<init>(84)) - Using callQueue: class java.util.concurrent.LinkedBlockingQueue, queueCapacity: 2000, scheduler: class org.apache.hadoop.ipc.DefaultRpcScheduler, ipcBackoff: false.
2019-07-13 09:17:16,744 INFO  ipc.Server (Server.java:run(1074)) - Starting Socket Reader #1 for port 41414
2019-07-13 09:17:16,765 WARN  server.ServerUtils (ServerUtils.java:getDBPath(222)) - ozone.om.db.dirs is not configured. We recommend adding this setting. Falling back to ozone.metadata.dirs instead.
2019-07-13 09:17:16,766 INFO  om.OzoneManager (OzoneManager.java:start(1228)) - OzoneManager RPC server is listening at localhost/127.0.0.1:41414
2019-07-13 09:17:16,766 INFO  impl.MetricsSystemImpl (MetricsSystemImpl.java:init(158)) - OzoneManager metrics system started (again)
2019-07-13 09:17:16,767 INFO  ipc.Server (Server.java:run(1314)) - IPC Server Responder: starting
2019-07-13 09:17:16,767 INFO  ipc.Server (Server.java:run(1153)) - IPC Server listener on 41414: starting
2019-07-13 09:17:16,777 INFO  hdfs.DFSUtil (DFSUtil.java:httpServerTemplateForNNAndJN(1641)) - Starting Web-server for ozoneManager at: http://0.0.0.0:0
2019-07-13 09:17:16,778 INFO  server.AuthenticationFilter (AuthenticationFilter.java:constructSecretProvider(240)) - Unable to initialize FileSignerSecretProvider, falling back to use random secrets.
2019-07-13 09:17:16,779 WARN  http.HttpRequestLog (HttpRequestLog.java:getRequestLog(97)) - Jetty request log can only be enabled using Log4j
2019-07-13 09:17:16,780 INFO  http.HttpServer2 (HttpServer2.java:addGlobalFilter(975)) - Added global filter 'safety' (class=org.apache.hadoop.http.HttpServer2$QuotingInputFilter)
2019-07-13 09:17:16,781 INFO  http.HttpServer2 (HttpServer2.java:addFilter(948)) - Added filter static_user_filter (class=org.apache.hadoop.http.lib.StaticUserWebFilter$StaticUserFilter) to context ozoneManager
2019-07-13 09:17:16,781 INFO  http.HttpServer2 (HttpServer2.java:addFilter(958)) - Added filter static_user_filter (class=org.apache.hadoop.http.lib.StaticUserWebFilter$StaticUserFilter) to context static
2019-07-13 09:17:16,781 INFO  http.HttpServer2 (HttpServer2.java:addFilter(958)) - Added filter static_user_filter (class=org.apache.hadoop.http.lib.StaticUserWebFilter$StaticUserFilter) to context logs
2019-07-13 09:17:16,782 INFO  http.HttpServer2 (HttpServer2.java:bindListener(1191)) - Jetty bound to port 35577
2019-07-13 09:17:16,782 INFO  server.Server (Server.java:doStart(351)) - jetty-9.3.24.v20180605, build timestamp: 2018-06-05T17:11:56Z, git hash: 84205aa28f11a4f31f2a3b86d1bba2cc8ab69827
2019-07-13 09:17:16,784 INFO  handler.ContextHandler (ContextHandler.java:doStart(781)) - Started o.e.j.s.ServletContextHandler@9a932a4{/logs,file:///tmp/workdir/hadoop-ozone/integration-test/target/log,AVAILABLE}
2019-07-13 09:17:16,784 INFO  handler.ContextHandler (ContextHandler.java:doStart(781)) - Started o.e.j.s.ServletContextHandler@343b3399{/static,file:///tmp/workdir/hadoop-ozone/integration-test/target/test-classes/webapps/static,AVAILABLE}
2019-07-13 09:17:16,788 INFO  handler.ContextHandler (ContextHandler.java:doStart(781)) - Started o.e.j.w.WebAppContext@2197990b{/,file:///tmp/workdir/hadoop-ozone/integration-test/target/test-classes/webapps/ozoneManager/,AVAILABLE}{/ozoneManager}
2019-07-13 09:17:16,789 INFO  server.AbstractConnector (AbstractConnector.java:doStart(278)) - Started ServerConnector@17eb5661{HTTP/1.1,[http/1.1]}{0.0.0.0:35577}
2019-07-13 09:17:16,790 INFO  server.Server (Server.java:doStart(419)) - Started @572032ms
2019-07-13 09:17:16,790 INFO  server.BaseHttpServer (BaseHttpServer.java:updateConnectorAddress(207)) - HTTP server of OZONEMANAGER is listening at http://0.0.0.0:35577
2019-07-13 09:17:16,804 INFO  impl.MetricsSystemImpl (MetricsSystemImpl.java:init(158)) - HddsDatanode metrics system started (again)
2019-07-13 09:17:16,804 INFO  ozone.HddsDatanodeService (HddsDatanodeService.java:start(185)) - HddsDatanodeService host:trunk-nightly-hmp62-43275749 ip:192.168.69.96
2019-07-13 09:17:16,816 INFO  volume.HddsVolume (HddsVolume.java:<init>(176)) - Creating Volume: /tmp/workdir/hadoop-ozone/integration-test/target/test-dir/MiniOzoneClusterImpl-a27e8836-a1ea-400b-8a52-a5991d85b080/datanode-0/data/containers/hdds of  storage type : DISK and capacity : 52710309888
2019-07-13 09:17:16,816 INFO  volume.VolumeSet (VolumeSet.java:initializeVolumeSet(170)) - Added Volume : /tmp/workdir/hadoop-ozone/integration-test/target/test-dir/MiniOzoneClusterImpl-a27e8836-a1ea-400b-8a52-a5991d85b080/datanode-0/data/containers/hdds to VolumeSet
2019-07-13 09:17:16,817 INFO  volume.ThrottledAsyncChecker (ThrottledAsyncChecker.java:schedule(140)) - Scheduling a check for org.apache.hadoop.ozone.container.common.volume.HddsVolume@41a18b54
2019-07-13 09:17:16,817 INFO  volume.HddsVolumeChecker (HddsVolumeChecker.java:checkAllVolumes(203)) - Scheduled health check for volume org.apache.hadoop.ozone.container.common.volume.HddsVolume@41a18b54
2019-07-13 09:17:16,832 INFO  impl.RaftServerProxy (ConfUtils.java:logGet(43)) - raft.rpc.type = GRPC (default)
2019-07-13 09:17:16,833 INFO  grpc.GrpcFactory (GrpcFactory.java:checkPooledByteBufAllocatorUseCacheForAllThreads(45)) - PERFORMANCE WARNING: useCacheForAllThreads is true that may cause Netty to create a lot garbage objects and, as a result, trigger GC.
	It is recommended to disable useCacheForAllThreads by setting -Dorg.apache.ratis.thirdparty.io.netty.allocator.useCacheForAllThreads=false in command line.
2019-07-13 09:17:16,833 INFO  grpc.GrpcConfigKeys$Server (ConfUtils.java:logGet(43)) - raft.grpc.server.port = 0 (default)
2019-07-13 09:17:16,833 INFO  server.GrpcService (ConfUtils.java:logGet(43)) - raft.grpc.message.size.max = 33570816 (custom)
2019-07-13 09:17:16,833 INFO  server.RaftServerConfigKeys (ConfUtils.java:logGet(43)) - raft.server.log.appender.buffer.byte-limit = 33554432 (custom)
2019-07-13 09:17:16,833 INFO  server.GrpcService (ConfUtils.java:logGet(43)) - raft.grpc.flow.control.window = 1MB (=1048576) (default)
2019-07-13 09:17:16,834 INFO  server.RaftServerConfigKeys (ConfUtils.java:logGet(43)) - raft.server.rpc.request.timeout = 3000ms (default)
2019-07-13 09:17:16,834 INFO  server.RaftServerConfigKeys (ConfUtils.java:logGet(43)) - raft.server.storage.dir = [/tmp/workdir/hadoop-ozone/integration-test/target/test-dir/MiniOzoneClusterImpl-a27e8836-a1ea-400b-8a52-a5991d85b080/datanode-0/data/ratis] (custom)
2019-07-13 09:17:16,835 INFO  replication.SimpleContainerDownloader (SimpleContainerDownloader.java:<init>(72)) - Starting container downloader service to copy containers to replicate.
2019-07-13 09:17:16,835 INFO  hdfs.DFSUtil (DFSUtil.java:httpServerTemplateForNNAndJN(1641)) - Starting Web-server for hddsDatanode at: http://0.0.0.0:0
2019-07-13 09:17:16,836 INFO  server.AuthenticationFilter (AuthenticationFilter.java:constructSecretProvider(240)) - Unable to initialize FileSignerSecretProvider, falling back to use random secrets.
2019-07-13 09:17:16,837 WARN  http.HttpRequestLog (HttpRequestLog.java:getRequestLog(97)) - Jetty request log can only be enabled using Log4j
2019-07-13 09:17:16,838 INFO  http.HttpServer2 (HttpServer2.java:addGlobalFilter(975)) - Added global filter 'safety' (class=org.apache.hadoop.http.HttpServer2$QuotingInputFilter)
2019-07-13 09:17:16,838 INFO  http.HttpServer2 (HttpServer2.java:addFilter(948)) - Added filter static_user_filter (class=org.apache.hadoop.http.lib.StaticUserWebFilter$StaticUserFilter) to context hddsDatanode
2019-07-13 09:17:16,838 INFO  http.HttpServer2 (HttpServer2.java:addFilter(958)) - Added filter static_user_filter (class=org.apache.hadoop.http.lib.StaticUserWebFilter$StaticUserFilter) to context static
2019-07-13 09:17:16,839 INFO  http.HttpServer2 (HttpServer2.java:addFilter(958)) - Added filter static_user_filter (class=org.apache.hadoop.http.lib.StaticUserWebFilter$StaticUserFilter) to context logs
2019-07-13 09:17:16,839 INFO  http.HttpServer2 (HttpServer2.java:bindListener(1191)) - Jetty bound to port 42353
2019-07-13 09:17:16,839 INFO  server.Server (Server.java:doStart(351)) - jetty-9.3.24.v20180605, build timestamp: 2018-06-05T17:11:56Z, git hash: 84205aa28f11a4f31f2a3b86d1bba2cc8ab69827
2019-07-13 09:17:16,841 INFO  handler.ContextHandler (ContextHandler.java:doStart(781)) - Started o.e.j.s.ServletContextHandler@50479c2b{/logs,file:///tmp/workdir/hadoop-ozone/integration-test/target/log,AVAILABLE}
2019-07-13 09:17:16,841 INFO  handler.ContextHandler (ContextHandler.java:doStart(781)) - Started o.e.j.s.ServletContextHandler@318d69ea{/static,jar:file:/home/user/.m2/repository/org/apache/hadoop/hadoop-hdds-container-service/0.5.0-SNAPSHOT/hadoop-hdds-container-service-0.5.0-SNAPSHOT.jar!/webapps/static,AVAILABLE}
2019-07-13 09:17:16,868 INFO  handler.ContextHandler (ContextHandler.java:doStart(781)) - Started o.e.j.w.WebAppContext@1e8fd198{/,file:///tmp/jetty-0.0.0.0-42353-hddsDatanode-_-any-1195398183572327631.dir/webapp/,AVAILABLE}{/hddsDatanode}
2019-07-13 09:17:16,868 INFO  server.AbstractConnector (AbstractConnector.java:doStart(278)) - Started ServerConnector@4f75c627{HTTP/1.1,[http/1.1]}{0.0.0.0:42353}
2019-07-13 09:17:16,868 INFO  server.Server (Server.java:doStart(419)) - Started @572111ms
2019-07-13 09:17:16,870 INFO  server.BaseHttpServer (BaseHttpServer.java:updateConnectorAddress(207)) - HTTP server of HDDSDATANODE is listening at http://0.0.0.0:42353
2019-07-13 09:17:16,969 INFO  ozone.HddsDatanodeService (HddsDatanodeService.java:startPlugins(396)) - Started plug-in org.apache.hadoop.ozone.web.OzoneHddsDatanodeService@2aa176de
2019-07-13 09:17:16,969 INFO  impl.MetricsSystemImpl (MetricsSystemImpl.java:init(158)) - HddsDatanode metrics system started (again)
2019-07-13 09:17:16,972 INFO  ozone.HddsDatanodeService (HddsDatanodeService.java:start(185)) - HddsDatanodeService host:trunk-nightly-hmp62-43275749 ip:192.168.69.96
2019-07-13 09:17:16,973 INFO  util.JvmPauseMonitor (JvmPauseMonitor.java:run(188)) - Starting JVM pause monitor
2019-07-13 09:17:16,974 INFO  datanode.InitDatanodeState (InitDatanodeState.java:persistContainerDatanodeDetails(140)) - DatanodeDetails is persisted to /tmp/workdir/hadoop-ozone/integration-test/target/test-dir/MiniOzoneClusterImpl-a27e8836-a1ea-400b-8a52-a5991d85b080/datanode-0/meta/datanode.id
2019-07-13 09:17:16,984 INFO  volume.HddsVolume (HddsVolume.java:<init>(176)) - Creating Volume: /tmp/workdir/hadoop-ozone/integration-test/target/test-dir/MiniOzoneClusterImpl-a27e8836-a1ea-400b-8a52-a5991d85b080/datanode-1/data/containers/hdds of  storage type : DISK and capacity : 52710309888
2019-07-13 09:17:16,984 INFO  volume.VolumeSet (VolumeSet.java:initializeVolumeSet(170)) - Added Volume : /tmp/workdir/hadoop-ozone/integration-test/target/test-dir/MiniOzoneClusterImpl-a27e8836-a1ea-400b-8a52-a5991d85b080/datanode-1/data/containers/hdds to VolumeSet
2019-07-13 09:17:16,984 INFO  volume.ThrottledAsyncChecker (ThrottledAsyncChecker.java:schedule(140)) - Scheduling a check for org.apache.hadoop.ozone.container.common.volume.HddsVolume@6deb2b19
2019-07-13 09:17:16,985 INFO  volume.HddsVolumeChecker (HddsVolumeChecker.java:checkAllVolumes(203)) - Scheduled health check for volume org.apache.hadoop.ozone.container.common.volume.HddsVolume@6deb2b19
2019-07-13 09:17:16,999 INFO  impl.RaftServerProxy (ConfUtils.java:logGet(43)) - raft.rpc.type = GRPC (default)
2019-07-13 09:17:16,999 INFO  grpc.GrpcFactory (GrpcFactory.java:checkPooledByteBufAllocatorUseCacheForAllThreads(45)) - PERFORMANCE WARNING: useCacheForAllThreads is true that may cause Netty to create a lot garbage objects and, as a result, trigger GC.
	It is recommended to disable useCacheForAllThreads by setting -Dorg.apache.ratis.thirdparty.io.netty.allocator.useCacheForAllThreads=false in command line.
2019-07-13 09:17:16,999 INFO  grpc.GrpcConfigKeys$Server (ConfUtils.java:logGet(43)) - raft.grpc.server.port = 0 (default)
2019-07-13 09:17:16,999 INFO  server.GrpcService (ConfUtils.java:logGet(43)) - raft.grpc.message.size.max = 33570816 (custom)
2019-07-13 09:17:16,999 INFO  server.RaftServerConfigKeys (ConfUtils.java:logGet(43)) - raft.server.log.appender.buffer.byte-limit = 33554432 (custom)
2019-07-13 09:17:17,000 INFO  server.GrpcService (ConfUtils.java:logGet(43)) - raft.grpc.flow.control.window = 1MB (=1048576) (default)
2019-07-13 09:17:17,000 INFO  server.RaftServerConfigKeys (ConfUtils.java:logGet(43)) - raft.server.rpc.request.timeout = 3000ms (default)
2019-07-13 09:17:17,000 INFO  server.RaftServerConfigKeys (ConfUtils.java:logGet(43)) - raft.server.storage.dir = [/tmp/workdir/hadoop-ozone/integration-test/target/test-dir/MiniOzoneClusterImpl-a27e8836-a1ea-400b-8a52-a5991d85b080/datanode-1/data/ratis] (custom)
2019-07-13 09:17:17,001 INFO  replication.SimpleContainerDownloader (SimpleContainerDownloader.java:<init>(72)) - Starting container downloader service to copy containers to replicate.
2019-07-13 09:17:17,002 INFO  hdfs.DFSUtil (DFSUtil.java:httpServerTemplateForNNAndJN(1641)) - Starting Web-server for hddsDatanode at: http://0.0.0.0:0
2019-07-13 09:17:17,003 INFO  server.AuthenticationFilter (AuthenticationFilter.java:constructSecretProvider(240)) - Unable to initialize FileSignerSecretProvider, falling back to use random secrets.
2019-07-13 09:17:17,003 WARN  http.HttpRequestLog (HttpRequestLog.java:getRequestLog(97)) - Jetty request log can only be enabled using Log4j
2019-07-13 09:17:17,004 INFO  http.HttpServer2 (HttpServer2.java:addGlobalFilter(975)) - Added global filter 'safety' (class=org.apache.hadoop.http.HttpServer2$QuotingInputFilter)
2019-07-13 09:17:17,005 INFO  http.HttpServer2 (HttpServer2.java:addFilter(948)) - Added filter static_user_filter (class=org.apache.hadoop.http.lib.StaticUserWebFilter$StaticUserFilter) to context hddsDatanode
2019-07-13 09:17:17,005 INFO  http.HttpServer2 (HttpServer2.java:addFilter(958)) - Added filter static_user_filter (class=org.apache.hadoop.http.lib.StaticUserWebFilter$StaticUserFilter) to context static
2019-07-13 09:17:17,005 INFO  http.HttpServer2 (HttpServer2.java:addFilter(958)) - Added filter static_user_filter (class=org.apache.hadoop.http.lib.StaticUserWebFilter$StaticUserFilter) to context logs
2019-07-13 09:17:17,005 INFO  http.HttpServer2 (HttpServer2.java:bindListener(1191)) - Jetty bound to port 39663
2019-07-13 09:17:17,006 INFO  server.Server (Server.java:doStart(351)) - jetty-9.3.24.v20180605, build timestamp: 2018-06-05T17:11:56Z, git hash: 84205aa28f11a4f31f2a3b86d1bba2cc8ab69827
2019-07-13 09:17:17,007 INFO  handler.ContextHandler (ContextHandler.java:doStart(781)) - Started o.e.j.s.ServletContextHandler@2d854c13{/logs,file:///tmp/workdir/hadoop-ozone/integration-test/target/log,AVAILABLE}
2019-07-13 09:17:17,008 INFO  handler.ContextHandler (ContextHandler.java:doStart(781)) - Started o.e.j.s.ServletContextHandler@76140ca5{/static,jar:file:/home/user/.m2/repository/org/apache/hadoop/hadoop-hdds-container-service/0.5.0-SNAPSHOT/hadoop-hdds-container-service-0.5.0-SNAPSHOT.jar!/webapps/static,AVAILABLE}
2019-07-13 09:17:17,034 INFO  handler.ContextHandler (ContextHandler.java:doStart(781)) - Started o.e.j.w.WebAppContext@7f50b08a{/,file:///tmp/jetty-0.0.0.0-39663-hddsDatanode-_-any-1422342882642210494.dir/webapp/,AVAILABLE}{/hddsDatanode}
2019-07-13 09:17:17,035 INFO  server.AbstractConnector (AbstractConnector.java:doStart(278)) - Started ServerConnector@56a69c47{HTTP/1.1,[http/1.1]}{0.0.0.0:39663}
2019-07-13 09:17:17,035 INFO  server.Server (Server.java:doStart(419)) - Started @572277ms
2019-07-13 09:17:17,037 INFO  server.BaseHttpServer (BaseHttpServer.java:updateConnectorAddress(207)) - HTTP server of HDDSDATANODE is listening at http://0.0.0.0:39663
2019-07-13 09:17:17,136 INFO  ozone.HddsDatanodeService (HddsDatanodeService.java:startPlugins(396)) - Started plug-in org.apache.hadoop.ozone.web.OzoneHddsDatanodeService@3846ba32
2019-07-13 09:17:17,136 INFO  impl.MetricsSystemImpl (MetricsSystemImpl.java:init(158)) - HddsDatanode metrics system started (again)
2019-07-13 09:17:17,137 INFO  ozone.HddsDatanodeService (HddsDatanodeService.java:start(185)) - HddsDatanodeService host:trunk-nightly-hmp62-43275749 ip:192.168.69.96
2019-07-13 09:17:17,140 INFO  util.JvmPauseMonitor (JvmPauseMonitor.java:run(188)) - Starting JVM pause monitor
2019-07-13 09:17:17,142 INFO  datanode.InitDatanodeState (InitDatanodeState.java:persistContainerDatanodeDetails(140)) - DatanodeDetails is persisted to /tmp/workdir/hadoop-ozone/integration-test/target/test-dir/MiniOzoneClusterImpl-a27e8836-a1ea-400b-8a52-a5991d85b080/datanode-1/meta/datanode.id
2019-07-13 09:17:17,151 INFO  volume.HddsVolume (HddsVolume.java:<init>(176)) - Creating Volume: /tmp/workdir/hadoop-ozone/integration-test/target/test-dir/MiniOzoneClusterImpl-a27e8836-a1ea-400b-8a52-a5991d85b080/datanode-2/data/containers/hdds of  storage type : DISK and capacity : 52710309888
2019-07-13 09:17:17,151 INFO  volume.VolumeSet (VolumeSet.java:initializeVolumeSet(170)) - Added Volume : /tmp/workdir/hadoop-ozone/integration-test/target/test-dir/MiniOzoneClusterImpl-a27e8836-a1ea-400b-8a52-a5991d85b080/datanode-2/data/containers/hdds to VolumeSet
2019-07-13 09:17:17,151 INFO  volume.ThrottledAsyncChecker (ThrottledAsyncChecker.java:schedule(140)) - Scheduling a check for org.apache.hadoop.ozone.container.common.volume.HddsVolume@7ebc2975
2019-07-13 09:17:17,152 INFO  volume.HddsVolumeChecker (HddsVolumeChecker.java:checkAllVolumes(203)) - Scheduled health check for volume org.apache.hadoop.ozone.container.common.volume.HddsVolume@7ebc2975
2019-07-13 09:17:17,164 INFO  impl.RaftServerProxy (ConfUtils.java:logGet(43)) - raft.rpc.type = GRPC (default)
2019-07-13 09:17:17,165 INFO  grpc.GrpcFactory (GrpcFactory.java:checkPooledByteBufAllocatorUseCacheForAllThreads(45)) - PERFORMANCE WARNING: useCacheForAllThreads is true that may cause Netty to create a lot garbage objects and, as a result, trigger GC.
	It is recommended to disable useCacheForAllThreads by setting -Dorg.apache.ratis.thirdparty.io.netty.allocator.useCacheForAllThreads=false in command line.
2019-07-13 09:17:17,165 INFO  grpc.GrpcConfigKeys$Server (ConfUtils.java:logGet(43)) - raft.grpc.server.port = 0 (default)
2019-07-13 09:17:17,165 INFO  server.GrpcService (ConfUtils.java:logGet(43)) - raft.grpc.message.size.max = 33570816 (custom)
2019-07-13 09:17:17,165 INFO  server.RaftServerConfigKeys (ConfUtils.java:logGet(43)) - raft.server.log.appender.buffer.byte-limit = 33554432 (custom)
2019-07-13 09:17:17,165 INFO  server.GrpcService (ConfUtils.java:logGet(43)) - raft.grpc.flow.control.window = 1MB (=1048576) (default)
2019-07-13 09:17:17,166 INFO  server.RaftServerConfigKeys (ConfUtils.java:logGet(43)) - raft.server.rpc.request.timeout = 3000ms (default)
2019-07-13 09:17:17,166 INFO  server.RaftServerConfigKeys (ConfUtils.java:logGet(43)) - raft.server.storage.dir = [/tmp/workdir/hadoop-ozone/integration-test/target/test-dir/MiniOzoneClusterImpl-a27e8836-a1ea-400b-8a52-a5991d85b080/datanode-2/data/ratis] (custom)
2019-07-13 09:17:17,166 INFO  replication.SimpleContainerDownloader (SimpleContainerDownloader.java:<init>(72)) - Starting container downloader service to copy containers to replicate.
2019-07-13 09:17:17,167 INFO  hdfs.DFSUtil (DFSUtil.java:httpServerTemplateForNNAndJN(1641)) - Starting Web-server for hddsDatanode at: http://0.0.0.0:0
2019-07-13 09:17:17,169 INFO  server.AuthenticationFilter (AuthenticationFilter.java:constructSecretProvider(240)) - Unable to initialize FileSignerSecretProvider, falling back to use random secrets.
2019-07-13 09:17:17,169 WARN  http.HttpRequestLog (HttpRequestLog.java:getRequestLog(97)) - Jetty request log can only be enabled using Log4j
2019-07-13 09:17:17,170 INFO  http.HttpServer2 (HttpServer2.java:addGlobalFilter(975)) - Added global filter 'safety' (class=org.apache.hadoop.http.HttpServer2$QuotingInputFilter)
2019-07-13 09:17:17,170 INFO  http.HttpServer2 (HttpServer2.java:addFilter(948)) - Added filter static_user_filter (class=org.apache.hadoop.http.lib.StaticUserWebFilter$StaticUserFilter) to context hddsDatanode
2019-07-13 09:17:17,171 INFO  http.HttpServer2 (HttpServer2.java:addFilter(958)) - Added filter static_user_filter (class=org.apache.hadoop.http.lib.StaticUserWebFilter$StaticUserFilter) to context logs
2019-07-13 09:17:17,171 INFO  http.HttpServer2 (HttpServer2.java:addFilter(958)) - Added filter static_user_filter (class=org.apache.hadoop.http.lib.StaticUserWebFilter$StaticUserFilter) to context static
2019-07-13 09:17:17,171 INFO  http.HttpServer2 (HttpServer2.java:bindListener(1191)) - Jetty bound to port 35423
2019-07-13 09:17:17,171 INFO  server.Server (Server.java:doStart(351)) - jetty-9.3.24.v20180605, build timestamp: 2018-06-05T17:11:56Z, git hash: 84205aa28f11a4f31f2a3b86d1bba2cc8ab69827
2019-07-13 09:17:17,173 INFO  handler.ContextHandler (ContextHandler.java:doStart(781)) - Started o.e.j.s.ServletContextHandler@20a3118{/logs,file:///tmp/workdir/hadoop-ozone/integration-test/target/log,AVAILABLE}
2019-07-13 09:17:17,174 INFO  handler.ContextHandler (ContextHandler.java:doStart(781)) - Started o.e.j.s.ServletContextHandler@3d8c3d0a{/static,jar:file:/home/user/.m2/repository/org/apache/hadoop/hadoop-hdds-container-service/0.5.0-SNAPSHOT/hadoop-hdds-container-service-0.5.0-SNAPSHOT.jar!/webapps/static,AVAILABLE}
2019-07-13 09:17:17,201 INFO  handler.ContextHandler (ContextHandler.java:doStart(781)) - Started o.e.j.w.WebAppContext@2c1ffb9{/,file:///tmp/jetty-0.0.0.0-35423-hddsDatanode-_-any-8827349518421136085.dir/webapp/,AVAILABLE}{/hddsDatanode}
2019-07-13 09:17:17,201 INFO  server.AbstractConnector (AbstractConnector.java:doStart(278)) - Started ServerConnector@1bd97254{HTTP/1.1,[http/1.1]}{0.0.0.0:35423}
2019-07-13 09:17:17,201 INFO  server.Server (Server.java:doStart(419)) - Started @572444ms
2019-07-13 09:17:17,203 INFO  server.BaseHttpServer (BaseHttpServer.java:updateConnectorAddress(207)) - HTTP server of HDDSDATANODE is listening at http://0.0.0.0:35423
2019-07-13 09:17:17,299 INFO  ozone.HddsDatanodeService (HddsDatanodeService.java:startPlugins(396)) - Started plug-in org.apache.hadoop.ozone.web.OzoneHddsDatanodeService@422ab2ff
2019-07-13 09:17:17,300 INFO  impl.MetricsSystemImpl (MetricsSystemImpl.java:init(158)) - HddsDatanode metrics system started (again)
2019-07-13 09:17:17,300 INFO  ozone.HddsDatanodeService (HddsDatanodeService.java:start(185)) - HddsDatanodeService host:trunk-nightly-hmp62-43275749 ip:192.168.69.96
2019-07-13 09:17:17,304 INFO  util.JvmPauseMonitor (JvmPauseMonitor.java:run(188)) - Starting JVM pause monitor
2019-07-13 09:17:17,305 INFO  datanode.InitDatanodeState (InitDatanodeState.java:persistContainerDatanodeDetails(140)) - DatanodeDetails is persisted to /tmp/workdir/hadoop-ozone/integration-test/target/test-dir/MiniOzoneClusterImpl-a27e8836-a1ea-400b-8a52-a5991d85b080/datanode-2/meta/datanode.id
2019-07-13 09:17:17,314 INFO  volume.HddsVolume (HddsVolume.java:<init>(176)) - Creating Volume: /tmp/workdir/hadoop-ozone/integration-test/target/test-dir/MiniOzoneClusterImpl-a27e8836-a1ea-400b-8a52-a5991d85b080/datanode-3/data/containers/hdds of  storage type : DISK and capacity : 52710309888
2019-07-13 09:17:17,315 INFO  volume.VolumeSet (VolumeSet.java:initializeVolumeSet(170)) - Added Volume : /tmp/workdir/hadoop-ozone/integration-test/target/test-dir/MiniOzoneClusterImpl-a27e8836-a1ea-400b-8a52-a5991d85b080/datanode-3/data/containers/hdds to VolumeSet
2019-07-13 09:17:17,315 INFO  volume.ThrottledAsyncChecker (ThrottledAsyncChecker.java:schedule(140)) - Scheduling a check for org.apache.hadoop.ozone.container.common.volume.HddsVolume@1b6824c1
2019-07-13 09:17:17,315 INFO  volume.HddsVolumeChecker (HddsVolumeChecker.java:checkAllVolumes(203)) - Scheduled health check for volume org.apache.hadoop.ozone.container.common.volume.HddsVolume@1b6824c1
2019-07-13 09:17:17,330 INFO  impl.RaftServerProxy (ConfUtils.java:logGet(43)) - raft.rpc.type = GRPC (default)
2019-07-13 09:17:17,330 INFO  grpc.GrpcFactory (GrpcFactory.java:checkPooledByteBufAllocatorUseCacheForAllThreads(45)) - PERFORMANCE WARNING: useCacheForAllThreads is true that may cause Netty to create a lot garbage objects and, as a result, trigger GC.
	It is recommended to disable useCacheForAllThreads by setting -Dorg.apache.ratis.thirdparty.io.netty.allocator.useCacheForAllThreads=false in command line.
2019-07-13 09:17:17,330 INFO  grpc.GrpcConfigKeys$Server (ConfUtils.java:logGet(43)) - raft.grpc.server.port = 0 (default)
2019-07-13 09:17:17,331 INFO  server.GrpcService (ConfUtils.java:logGet(43)) - raft.grpc.message.size.max = 33570816 (custom)
2019-07-13 09:17:17,331 INFO  server.RaftServerConfigKeys (ConfUtils.java:logGet(43)) - raft.server.log.appender.buffer.byte-limit = 33554432 (custom)
2019-07-13 09:17:17,331 INFO  server.GrpcService (ConfUtils.java:logGet(43)) - raft.grpc.flow.control.window = 1MB (=1048576) (default)
2019-07-13 09:17:17,331 INFO  server.RaftServerConfigKeys (ConfUtils.java:logGet(43)) - raft.server.rpc.request.timeout = 3000ms (default)
2019-07-13 09:17:17,332 INFO  server.RaftServerConfigKeys (ConfUtils.java:logGet(43)) - raft.server.storage.dir = [/tmp/workdir/hadoop-ozone/integration-test/target/test-dir/MiniOzoneClusterImpl-a27e8836-a1ea-400b-8a52-a5991d85b080/datanode-3/data/ratis] (custom)
2019-07-13 09:17:17,332 INFO  replication.SimpleContainerDownloader (SimpleContainerDownloader.java:<init>(72)) - Starting container downloader service to copy containers to replicate.
2019-07-13 09:17:17,333 INFO  hdfs.DFSUtil (DFSUtil.java:httpServerTemplateForNNAndJN(1641)) - Starting Web-server for hddsDatanode at: http://0.0.0.0:0
2019-07-13 09:17:17,334 INFO  server.AuthenticationFilter (AuthenticationFilter.java:constructSecretProvider(240)) - Unable to initialize FileSignerSecretProvider, falling back to use random secrets.
2019-07-13 09:17:17,335 WARN  http.HttpRequestLog (HttpRequestLog.java:getRequestLog(97)) - Jetty request log can only be enabled using Log4j
2019-07-13 09:17:17,336 INFO  http.HttpServer2 (HttpServer2.java:addGlobalFilter(975)) - Added global filter 'safety' (class=org.apache.hadoop.http.HttpServer2$QuotingInputFilter)
2019-07-13 09:17:17,336 INFO  http.HttpServer2 (HttpServer2.java:addFilter(948)) - Added filter static_user_filter (class=org.apache.hadoop.http.lib.StaticUserWebFilter$StaticUserFilter) to context hddsDatanode
2019-07-13 09:17:17,336 INFO  http.HttpServer2 (HttpServer2.java:addFilter(958)) - Added filter static_user_filter (class=org.apache.hadoop.http.lib.StaticUserWebFilter$StaticUserFilter) to context static
2019-07-13 09:17:17,337 INFO  http.HttpServer2 (HttpServer2.java:addFilter(958)) - Added filter static_user_filter (class=org.apache.hadoop.http.lib.StaticUserWebFilter$StaticUserFilter) to context logs
2019-07-13 09:17:17,337 INFO  http.HttpServer2 (HttpServer2.java:bindListener(1191)) - Jetty bound to port 41656
2019-07-13 09:17:17,337 INFO  server.Server (Server.java:doStart(351)) - jetty-9.3.24.v20180605, build timestamp: 2018-06-05T17:11:56Z, git hash: 84205aa28f11a4f31f2a3b86d1bba2cc8ab69827
2019-07-13 09:17:17,339 INFO  handler.ContextHandler (ContextHandler.java:doStart(781)) - Started o.e.j.s.ServletContextHandler@4bdd6fe0{/logs,file:///tmp/workdir/hadoop-ozone/integration-test/target/log,AVAILABLE}
2019-07-13 09:17:17,339 INFO  handler.ContextHandler (ContextHandler.java:doStart(781)) - Started o.e.j.s.ServletContextHandler@25f688d5{/static,jar:file:/home/user/.m2/repository/org/apache/hadoop/hadoop-hdds-container-service/0.5.0-SNAPSHOT/hadoop-hdds-container-service-0.5.0-SNAPSHOT.jar!/webapps/static,AVAILABLE}
2019-07-13 09:17:17,366 INFO  handler.ContextHandler (ContextHandler.java:doStart(781)) - Started o.e.j.w.WebAppContext@6316b9e3{/,file:///tmp/jetty-0.0.0.0-41656-hddsDatanode-_-any-1811235818767756209.dir/webapp/,AVAILABLE}{/hddsDatanode}
2019-07-13 09:17:17,366 INFO  server.AbstractConnector (AbstractConnector.java:doStart(278)) - Started ServerConnector@186f7553{HTTP/1.1,[http/1.1]}{0.0.0.0:41656}
2019-07-13 09:17:17,367 INFO  server.Server (Server.java:doStart(419)) - Started @572609ms
2019-07-13 09:17:17,368 INFO  server.BaseHttpServer (BaseHttpServer.java:updateConnectorAddress(207)) - HTTP server of HDDSDATANODE is listening at http://0.0.0.0:41656
2019-07-13 09:17:17,464 INFO  ozone.HddsDatanodeService (HddsDatanodeService.java:startPlugins(396)) - Started plug-in org.apache.hadoop.ozone.web.OzoneHddsDatanodeService@14432052
2019-07-13 09:17:17,465 INFO  impl.MetricsSystemImpl (MetricsSystemImpl.java:init(158)) - HddsDatanode metrics system started (again)
2019-07-13 09:17:17,466 INFO  ozone.HddsDatanodeService (HddsDatanodeService.java:start(185)) - HddsDatanodeService host:trunk-nightly-hmp62-43275749 ip:192.168.69.96
2019-07-13 09:17:17,469 INFO  util.JvmPauseMonitor (JvmPauseMonitor.java:run(188)) - Starting JVM pause monitor
2019-07-13 09:17:17,470 INFO  datanode.InitDatanodeState (InitDatanodeState.java:persistContainerDatanodeDetails(140)) - DatanodeDetails is persisted to /tmp/workdir/hadoop-ozone/integration-test/target/test-dir/MiniOzoneClusterImpl-a27e8836-a1ea-400b-8a52-a5991d85b080/datanode-3/meta/datanode.id
2019-07-13 09:17:17,491 INFO  volume.HddsVolume (HddsVolume.java:<init>(176)) - Creating Volume: /tmp/workdir/hadoop-ozone/integration-test/target/test-dir/MiniOzoneClusterImpl-a27e8836-a1ea-400b-8a52-a5991d85b080/datanode-4/data/containers/hdds of  storage type : DISK and capacity : 52710309888
2019-07-13 09:17:17,492 INFO  volume.VolumeSet (VolumeSet.java:initializeVolumeSet(170)) - Added Volume : /tmp/workdir/hadoop-ozone/integration-test/target/test-dir/MiniOzoneClusterImpl-a27e8836-a1ea-400b-8a52-a5991d85b080/datanode-4/data/containers/hdds to VolumeSet
2019-07-13 09:17:17,492 INFO  volume.ThrottledAsyncChecker (ThrottledAsyncChecker.java:schedule(140)) - Scheduling a check for org.apache.hadoop.ozone.container.common.volume.HddsVolume@56394880
2019-07-13 09:17:17,493 INFO  volume.HddsVolumeChecker (HddsVolumeChecker.java:checkAllVolumes(203)) - Scheduled health check for volume org.apache.hadoop.ozone.container.common.volume.HddsVolume@56394880
2019-07-13 09:17:17,511 INFO  impl.RaftServerProxy (ConfUtils.java:logGet(43)) - raft.rpc.type = GRPC (default)
2019-07-13 09:17:17,511 INFO  grpc.GrpcFactory (GrpcFactory.java:checkPooledByteBufAllocatorUseCacheForAllThreads(45)) - PERFORMANCE WARNING: useCacheForAllThreads is true that may cause Netty to create a lot garbage objects and, as a result, trigger GC.
	It is recommended to disable useCacheForAllThreads by setting -Dorg.apache.ratis.thirdparty.io.netty.allocator.useCacheForAllThreads=false in command line.
2019-07-13 09:17:17,512 INFO  grpc.GrpcConfigKeys$Server (ConfUtils.java:logGet(43)) - raft.grpc.server.port = 0 (default)
2019-07-13 09:17:17,512 INFO  server.GrpcService (ConfUtils.java:logGet(43)) - raft.grpc.message.size.max = 33570816 (custom)
2019-07-13 09:17:17,512 INFO  server.RaftServerConfigKeys (ConfUtils.java:logGet(43)) - raft.server.log.appender.buffer.byte-limit = 33554432 (custom)
2019-07-13 09:17:17,512 INFO  server.GrpcService (ConfUtils.java:logGet(43)) - raft.grpc.flow.control.window = 1MB (=1048576) (default)
2019-07-13 09:17:17,513 INFO  server.RaftServerConfigKeys (ConfUtils.java:logGet(43)) - raft.server.rpc.request.timeout = 3000ms (default)
2019-07-13 09:17:17,513 INFO  server.RaftServerConfigKeys (ConfUtils.java:logGet(43)) - raft.server.storage.dir = [/tmp/workdir/hadoop-ozone/integration-test/target/test-dir/MiniOzoneClusterImpl-a27e8836-a1ea-400b-8a52-a5991d85b080/datanode-4/data/ratis] (custom)
2019-07-13 09:17:17,514 INFO  replication.SimpleContainerDownloader (SimpleContainerDownloader.java:<init>(72)) - Starting container downloader service to copy containers to replicate.
2019-07-13 09:17:17,515 INFO  hdfs.DFSUtil (DFSUtil.java:httpServerTemplateForNNAndJN(1641)) - Starting Web-server for hddsDatanode at: http://0.0.0.0:0
2019-07-13 09:17:17,516 INFO  server.AuthenticationFilter (AuthenticationFilter.java:constructSecretProvider(240)) - Unable to initialize FileSignerSecretProvider, falling back to use random secrets.
2019-07-13 09:17:17,516 WARN  http.HttpRequestLog (HttpRequestLog.java:getRequestLog(97)) - Jetty request log can only be enabled using Log4j
2019-07-13 09:17:17,518 INFO  http.HttpServer2 (HttpServer2.java:addGlobalFilter(975)) - Added global filter 'safety' (class=org.apache.hadoop.http.HttpServer2$QuotingInputFilter)
2019-07-13 09:17:17,518 INFO  http.HttpServer2 (HttpServer2.java:addFilter(948)) - Added filter static_user_filter (class=org.apache.hadoop.http.lib.StaticUserWebFilter$StaticUserFilter) to context hddsDatanode
2019-07-13 09:17:17,518 INFO  http.HttpServer2 (HttpServer2.java:addFilter(958)) - Added filter static_user_filter (class=org.apache.hadoop.http.lib.StaticUserWebFilter$StaticUserFilter) to context logs
2019-07-13 09:17:17,518 INFO  http.HttpServer2 (HttpServer2.java:addFilter(958)) - Added filter static_user_filter (class=org.apache.hadoop.http.lib.StaticUserWebFilter$StaticUserFilter) to context static
2019-07-13 09:17:17,519 INFO  http.HttpServer2 (HttpServer2.java:bindListener(1191)) - Jetty bound to port 40034
2019-07-13 09:17:17,519 INFO  server.Server (Server.java:doStart(351)) - jetty-9.3.24.v20180605, build timestamp: 2018-06-05T17:11:56Z, git hash: 84205aa28f11a4f31f2a3b86d1bba2cc8ab69827
2019-07-13 09:17:17,520 INFO  handler.ContextHandler (ContextHandler.java:doStart(781)) - Started o.e.j.s.ServletContextHandler@63f1d374{/logs,file:///tmp/workdir/hadoop-ozone/integration-test/target/log,AVAILABLE}
2019-07-13 09:17:17,521 INFO  handler.ContextHandler (ContextHandler.java:doStart(781)) - Started o.e.j.s.ServletContextHandler@3b6b9981{/static,jar:file:/home/user/.m2/repository/org/apache/hadoop/hadoop-hdds-container-service/0.5.0-SNAPSHOT/hadoop-hdds-container-service-0.5.0-SNAPSHOT.jar!/webapps/static,AVAILABLE}
2019-07-13 09:17:17,548 INFO  handler.ContextHandler (ContextHandler.java:doStart(781)) - Started o.e.j.w.WebAppContext@509e4bc4{/,file:///tmp/jetty-0.0.0.0-40034-hddsDatanode-_-any-9045830197577703870.dir/webapp/,AVAILABLE}{/hddsDatanode}
2019-07-13 09:17:17,548 INFO  server.AbstractConnector (AbstractConnector.java:doStart(278)) - Started ServerConnector@1ba00c0c{HTTP/1.1,[http/1.1]}{0.0.0.0:40034}
2019-07-13 09:17:17,548 INFO  server.Server (Server.java:doStart(419)) - Started @572791ms
2019-07-13 09:17:17,550 INFO  server.BaseHttpServer (BaseHttpServer.java:updateConnectorAddress(207)) - HTTP server of HDDSDATANODE is listening at http://0.0.0.0:40034
2019-07-13 09:17:17,662 INFO  ozone.HddsDatanodeService (HddsDatanodeService.java:startPlugins(396)) - Started plug-in org.apache.hadoop.ozone.web.OzoneHddsDatanodeService@2db15764
2019-07-13 09:17:17,662 INFO  impl.MetricsSystemImpl (MetricsSystemImpl.java:init(158)) - HddsDatanode metrics system started (again)
2019-07-13 09:17:17,665 INFO  ozone.HddsDatanodeService (HddsDatanodeService.java:start(185)) - HddsDatanodeService host:trunk-nightly-hmp62-43275749 ip:192.168.69.96
2019-07-13 09:17:17,666 INFO  util.JvmPauseMonitor (JvmPauseMonitor.java:run(188)) - Starting JVM pause monitor
2019-07-13 09:17:17,668 INFO  datanode.InitDatanodeState (InitDatanodeState.java:persistContainerDatanodeDetails(140)) - DatanodeDetails is persisted to /tmp/workdir/hadoop-ozone/integration-test/target/test-dir/MiniOzoneClusterImpl-a27e8836-a1ea-400b-8a52-a5991d85b080/datanode-4/meta/datanode.id
2019-07-13 09:17:17,678 INFO  volume.HddsVolume (HddsVolume.java:<init>(176)) - Creating Volume: /tmp/workdir/hadoop-ozone/integration-test/target/test-dir/MiniOzoneClusterImpl-a27e8836-a1ea-400b-8a52-a5991d85b080/datanode-5/data/containers/hdds of  storage type : DISK and capacity : 52710309888
2019-07-13 09:17:17,678 INFO  volume.VolumeSet (VolumeSet.java:initializeVolumeSet(170)) - Added Volume : /tmp/workdir/hadoop-ozone/integration-test/target/test-dir/MiniOzoneClusterImpl-a27e8836-a1ea-400b-8a52-a5991d85b080/datanode-5/data/containers/hdds to VolumeSet
2019-07-13 09:17:17,678 INFO  volume.ThrottledAsyncChecker (ThrottledAsyncChecker.java:schedule(140)) - Scheduling a check for org.apache.hadoop.ozone.container.common.volume.HddsVolume@5f83b506
2019-07-13 09:17:17,679 INFO  volume.HddsVolumeChecker (HddsVolumeChecker.java:checkAllVolumes(203)) - Scheduled health check for volume org.apache.hadoop.ozone.container.common.volume.HddsVolume@5f83b506
2019-07-13 09:17:17,691 INFO  impl.RaftServerProxy (ConfUtils.java:logGet(43)) - raft.rpc.type = GRPC (default)
2019-07-13 09:17:17,692 INFO  grpc.GrpcFactory (GrpcFactory.java:checkPooledByteBufAllocatorUseCacheForAllThreads(45)) - PERFORMANCE WARNING: useCacheForAllThreads is true that may cause Netty to create a lot garbage objects and, as a result, trigger GC.
	It is recommended to disable useCacheForAllThreads by setting -Dorg.apache.ratis.thirdparty.io.netty.allocator.useCacheForAllThreads=false in command line.
2019-07-13 09:17:17,692 INFO  grpc.GrpcConfigKeys$Server (ConfUtils.java:logGet(43)) - raft.grpc.server.port = 0 (default)
2019-07-13 09:17:17,692 INFO  server.GrpcService (ConfUtils.java:logGet(43)) - raft.grpc.message.size.max = 33570816 (custom)
2019-07-13 09:17:17,692 INFO  server.RaftServerConfigKeys (ConfUtils.java:logGet(43)) - raft.server.log.appender.buffer.byte-limit = 33554432 (custom)
2019-07-13 09:17:17,692 INFO  server.GrpcService (ConfUtils.java:logGet(43)) - raft.grpc.flow.control.window = 1MB (=1048576) (default)
2019-07-13 09:17:17,693 INFO  server.RaftServerConfigKeys (ConfUtils.java:logGet(43)) - raft.server.rpc.request.timeout = 3000ms (default)
2019-07-13 09:17:17,693 INFO  server.RaftServerConfigKeys (ConfUtils.java:logGet(43)) - raft.server.storage.dir = [/tmp/workdir/hadoop-ozone/integration-test/target/test-dir/MiniOzoneClusterImpl-a27e8836-a1ea-400b-8a52-a5991d85b080/datanode-5/data/ratis] (custom)
2019-07-13 09:17:17,693 INFO  replication.SimpleContainerDownloader (SimpleContainerDownloader.java:<init>(72)) - Starting container downloader service to copy containers to replicate.
2019-07-13 09:17:17,694 INFO  hdfs.DFSUtil (DFSUtil.java:httpServerTemplateForNNAndJN(1641)) - Starting Web-server for hddsDatanode at: http://0.0.0.0:0
2019-07-13 09:17:17,695 INFO  server.AuthenticationFilter (AuthenticationFilter.java:constructSecretProvider(240)) - Unable to initialize FileSignerSecretProvider, falling back to use random secrets.
2019-07-13 09:17:17,696 WARN  http.HttpRequestLog (HttpRequestLog.java:getRequestLog(97)) - Jetty request log can only be enabled using Log4j
2019-07-13 09:17:17,697 INFO  http.HttpServer2 (HttpServer2.java:addGlobalFilter(975)) - Added global filter 'safety' (class=org.apache.hadoop.http.HttpServer2$QuotingInputFilter)
2019-07-13 09:17:17,697 INFO  http.HttpServer2 (HttpServer2.java:addFilter(948)) - Added filter static_user_filter (class=org.apache.hadoop.http.lib.StaticUserWebFilter$StaticUserFilter) to context hddsDatanode
2019-07-13 09:17:17,697 INFO  http.HttpServer2 (HttpServer2.java:addFilter(958)) - Added filter static_user_filter (class=org.apache.hadoop.http.lib.StaticUserWebFilter$StaticUserFilter) to context logs
2019-07-13 09:17:17,697 INFO  http.HttpServer2 (HttpServer2.java:addFilter(958)) - Added filter static_user_filter (class=org.apache.hadoop.http.lib.StaticUserWebFilter$StaticUserFilter) to context static
2019-07-13 09:17:17,698 INFO  http.HttpServer2 (HttpServer2.java:bindListener(1191)) - Jetty bound to port 34479
2019-07-13 09:17:17,698 INFO  server.Server (Server.java:doStart(351)) - jetty-9.3.24.v20180605, build timestamp: 2018-06-05T17:11:56Z, git hash: 84205aa28f11a4f31f2a3b86d1bba2cc8ab69827
2019-07-13 09:17:17,700 INFO  handler.ContextHandler (ContextHandler.java:doStart(781)) - Started o.e.j.s.ServletContextHandler@1b9075c9{/logs,file:///tmp/workdir/hadoop-ozone/integration-test/target/log,AVAILABLE}
2019-07-13 09:17:17,701 INFO  handler.ContextHandler (ContextHandler.java:doStart(781)) - Started o.e.j.s.ServletContextHandler@63793f16{/static,jar:file:/home/user/.m2/repository/org/apache/hadoop/hadoop-hdds-container-service/0.5.0-SNAPSHOT/hadoop-hdds-container-service-0.5.0-SNAPSHOT.jar!/webapps/static,AVAILABLE}
2019-07-13 09:17:17,727 INFO  handler.ContextHandler (ContextHandler.java:doStart(781)) - Started o.e.j.w.WebAppContext@6193340e{/,file:///tmp/jetty-0.0.0.0-34479-hddsDatanode-_-any-6441743690584323357.dir/webapp/,AVAILABLE}{/hddsDatanode}
2019-07-13 09:17:17,727 INFO  server.AbstractConnector (AbstractConnector.java:doStart(278)) - Started ServerConnector@3bced0d2{HTTP/1.1,[http/1.1]}{0.0.0.0:34479}
2019-07-13 09:17:17,728 INFO  server.Server (Server.java:doStart(419)) - Started @572971ms
2019-07-13 09:17:17,729 INFO  server.BaseHttpServer (BaseHttpServer.java:updateConnectorAddress(207)) - HTTP server of HDDSDATANODE is listening at http://0.0.0.0:34479
2019-07-13 09:17:17,833 INFO  ozone.HddsDatanodeService (HddsDatanodeService.java:startPlugins(396)) - Started plug-in org.apache.hadoop.ozone.web.OzoneHddsDatanodeService@2fc378cd
2019-07-13 09:17:17,834 INFO  impl.MetricsSystemImpl (MetricsSystemImpl.java:init(158)) - HddsDatanode metrics system started (again)
2019-07-13 09:17:17,836 INFO  ozone.HddsDatanodeService (HddsDatanodeService.java:start(185)) - HddsDatanodeService host:trunk-nightly-hmp62-43275749 ip:192.168.69.96
2019-07-13 09:17:17,838 INFO  util.JvmPauseMonitor (JvmPauseMonitor.java:run(188)) - Starting JVM pause monitor
2019-07-13 09:17:17,839 INFO  datanode.InitDatanodeState (InitDatanodeState.java:persistContainerDatanodeDetails(140)) - DatanodeDetails is persisted to /tmp/workdir/hadoop-ozone/integration-test/target/test-dir/MiniOzoneClusterImpl-a27e8836-a1ea-400b-8a52-a5991d85b080/datanode-5/meta/datanode.id
2019-07-13 09:17:17,850 INFO  volume.HddsVolume (HddsVolume.java:<init>(176)) - Creating Volume: /tmp/workdir/hadoop-ozone/integration-test/target/test-dir/MiniOzoneClusterImpl-a27e8836-a1ea-400b-8a52-a5991d85b080/datanode-6/data/containers/hdds of  storage type : DISK and capacity : 52710309888
2019-07-13 09:17:17,850 INFO  volume.VolumeSet (VolumeSet.java:initializeVolumeSet(170)) - Added Volume : /tmp/workdir/hadoop-ozone/integration-test/target/test-dir/MiniOzoneClusterImpl-a27e8836-a1ea-400b-8a52-a5991d85b080/datanode-6/data/containers/hdds to VolumeSet
2019-07-13 09:17:17,850 INFO  volume.ThrottledAsyncChecker (ThrottledAsyncChecker.java:schedule(140)) - Scheduling a check for org.apache.hadoop.ozone.container.common.volume.HddsVolume@222e9ace
2019-07-13 09:17:17,851 INFO  volume.HddsVolumeChecker (HddsVolumeChecker.java:checkAllVolumes(203)) - Scheduled health check for volume org.apache.hadoop.ozone.container.common.volume.HddsVolume@222e9ace
2019-07-13 09:17:17,865 INFO  impl.RaftServerProxy (ConfUtils.java:logGet(43)) - raft.rpc.type = GRPC (default)
2019-07-13 09:17:17,866 INFO  grpc.GrpcFactory (GrpcFactory.java:checkPooledByteBufAllocatorUseCacheForAllThreads(45)) - PERFORMANCE WARNING: useCacheForAllThreads is true that may cause Netty to create a lot garbage objects and, as a result, trigger GC.
	It is recommended to disable useCacheForAllThreads by setting -Dorg.apache.ratis.thirdparty.io.netty.allocator.useCacheForAllThreads=false in command line.
2019-07-13 09:17:17,866 INFO  grpc.GrpcConfigKeys$Server (ConfUtils.java:logGet(43)) - raft.grpc.server.port = 0 (default)
2019-07-13 09:17:17,866 INFO  server.GrpcService (ConfUtils.java:logGet(43)) - raft.grpc.message.size.max = 33570816 (custom)
2019-07-13 09:17:17,866 INFO  server.RaftServerConfigKeys (ConfUtils.java:logGet(43)) - raft.server.log.appender.buffer.byte-limit = 33554432 (custom)
2019-07-13 09:17:17,866 INFO  server.GrpcService (ConfUtils.java:logGet(43)) - raft.grpc.flow.control.window = 1MB (=1048576) (default)
2019-07-13 09:17:17,866 INFO  server.RaftServerConfigKeys (ConfUtils.java:logGet(43)) - raft.server.rpc.request.timeout = 3000ms (default)
2019-07-13 09:17:17,867 INFO  server.RaftServerConfigKeys (ConfUtils.java:logGet(43)) - raft.server.storage.dir = [/tmp/workdir/hadoop-ozone/integration-test/target/test-dir/MiniOzoneClusterImpl-a27e8836-a1ea-400b-8a52-a5991d85b080/datanode-6/data/ratis] (custom)
2019-07-13 09:17:17,867 INFO  replication.SimpleContainerDownloader (SimpleContainerDownloader.java:<init>(72)) - Starting container downloader service to copy containers to replicate.
2019-07-13 09:17:17,868 INFO  hdfs.DFSUtil (DFSUtil.java:httpServerTemplateForNNAndJN(1641)) - Starting Web-server for hddsDatanode at: http://0.0.0.0:0
2019-07-13 09:17:17,869 INFO  server.AuthenticationFilter (AuthenticationFilter.java:constructSecretProvider(240)) - Unable to initialize FileSignerSecretProvider, falling back to use random secrets.
2019-07-13 09:17:17,870 WARN  http.HttpRequestLog (HttpRequestLog.java:getRequestLog(97)) - Jetty request log can only be enabled using Log4j
2019-07-13 09:17:17,871 INFO  http.HttpServer2 (HttpServer2.java:addGlobalFilter(975)) - Added global filter 'safety' (class=org.apache.hadoop.http.HttpServer2$QuotingInputFilter)
2019-07-13 09:17:17,871 INFO  http.HttpServer2 (HttpServer2.java:addFilter(948)) - Added filter static_user_filter (class=org.apache.hadoop.http.lib.StaticUserWebFilter$StaticUserFilter) to context hddsDatanode
2019-07-13 09:17:17,871 INFO  http.HttpServer2 (HttpServer2.java:addFilter(958)) - Added filter static_user_filter (class=org.apache.hadoop.http.lib.StaticUserWebFilter$StaticUserFilter) to context static
2019-07-13 09:17:17,871 INFO  http.HttpServer2 (HttpServer2.java:addFilter(958)) - Added filter static_user_filter (class=org.apache.hadoop.http.lib.StaticUserWebFilter$StaticUserFilter) to context logs
2019-07-13 09:17:17,872 INFO  http.HttpServer2 (HttpServer2.java:bindListener(1191)) - Jetty bound to port 37117
2019-07-13 09:17:17,872 INFO  server.Server (Server.java:doStart(351)) - jetty-9.3.24.v20180605, build timestamp: 2018-06-05T17:11:56Z, git hash: 84205aa28f11a4f31f2a3b86d1bba2cc8ab69827
2019-07-13 09:17:17,874 INFO  handler.ContextHandler (ContextHandler.java:doStart(781)) - Started o.e.j.s.ServletContextHandler@55d607b{/logs,file:///tmp/workdir/hadoop-ozone/integration-test/target/log,AVAILABLE}
2019-07-13 09:17:17,874 INFO  handler.ContextHandler (ContextHandler.java:doStart(781)) - Started o.e.j.s.ServletContextHandler@23d16a81{/static,jar:file:/home/user/.m2/repository/org/apache/hadoop/hadoop-hdds-container-service/0.5.0-SNAPSHOT/hadoop-hdds-container-service-0.5.0-SNAPSHOT.jar!/webapps/static,AVAILABLE}
2019-07-13 09:17:17,900 INFO  handler.ContextHandler (ContextHandler.java:doStart(781)) - Started o.e.j.w.WebAppContext@199dee18{/,file:///tmp/jetty-0.0.0.0-37117-hddsDatanode-_-any-3102969702186968186.dir/webapp/,AVAILABLE}{/hddsDatanode}
2019-07-13 09:17:17,900 INFO  server.AbstractConnector (AbstractConnector.java:doStart(278)) - Started ServerConnector@521d455c{HTTP/1.1,[http/1.1]}{0.0.0.0:37117}
2019-07-13 09:17:17,901 INFO  server.Server (Server.java:doStart(419)) - Started @573143ms
2019-07-13 09:17:17,903 INFO  server.BaseHttpServer (BaseHttpServer.java:updateConnectorAddress(207)) - HTTP server of HDDSDATANODE is listening at http://0.0.0.0:37117
2019-07-13 09:17:18,169 INFO  ozone.HddsDatanodeService (HddsDatanodeService.java:startPlugins(396)) - Started plug-in org.apache.hadoop.ozone.web.OzoneHddsDatanodeService@7217e615
2019-07-13 09:17:18,170 INFO  ozone.MiniOzoneClusterImpl (MiniOzoneClusterImpl.java:lambda$waitForClusterToBeReady$0(142)) - Waiting for cluster to be ready. Got 0 of 7 DN Heartbeats.
2019-07-13 09:17:18,173 INFO  util.JvmPauseMonitor (JvmPauseMonitor.java:run(188)) - Starting JVM pause monitor
2019-07-13 09:17:18,174 INFO  datanode.InitDatanodeState (InitDatanodeState.java:persistContainerDatanodeDetails(140)) - DatanodeDetails is persisted to /tmp/workdir/hadoop-ozone/integration-test/target/test-dir/MiniOzoneClusterImpl-a27e8836-a1ea-400b-8a52-a5991d85b080/datanode-6/meta/datanode.id
2019-07-13 09:17:19,030 INFO  ozoneimpl.OzoneContainer (OzoneContainer.java:start(186)) - Attempting to start container services.
2019-07-13 09:17:19,033 INFO  ozoneimpl.OzoneContainer (OzoneContainer.java:startContainerScrub(160)) - Background container scrubber has been disabled by hdds.containerscrub.enabled
2019-07-13 09:17:19,033 INFO  ratis.XceiverServerRatis (XceiverServerRatis.java:start(418)) - Starting XceiverServerRatis 46d1ed4c-2327-4dbf-9133-f8bf3f2fab15 at port 0
2019-07-13 09:17:19,041 INFO  impl.RaftServerProxy (RaftServerProxy.java:lambda$start$3(299)) - 46d1ed4c-2327-4dbf-9133-f8bf3f2fab15: start RPC server
2019-07-13 09:17:19,043 INFO  server.GrpcService (GrpcService.java:startImpl(149)) - 46d1ed4c-2327-4dbf-9133-f8bf3f2fab15: GrpcService started, listening on 0.0.0.0/0.0.0.0:33435
2019-07-13 09:17:19,043 INFO  ratis.XceiverServerRatis (XceiverServerRatis.java:start(428)) - XceiverServerRatis 46d1ed4c-2327-4dbf-9133-f8bf3f2fab15 is started using port 33435
2019-07-13 09:17:19,043 INFO  server.XceiverServerGrpc (XceiverServerGrpc.java:start(161)) - XceiverServerGrpc 46d1ed4c-2327-4dbf-9133-f8bf3f2fab15 is started using port 46056
2019-07-13 09:17:19,156 INFO  ozoneimpl.OzoneContainer (OzoneContainer.java:start(186)) - Attempting to start container services.
2019-07-13 09:17:19,159 INFO  ozoneimpl.OzoneContainer (OzoneContainer.java:startContainerScrub(160)) - Background container scrubber has been disabled by hdds.containerscrub.enabled
2019-07-13 09:17:19,159 INFO  ratis.XceiverServerRatis (XceiverServerRatis.java:start(418)) - Starting XceiverServerRatis db1cd3a5-8394-42bf-b811-7c7c73654225 at port 0
2019-07-13 09:17:19,168 INFO  impl.RaftServerProxy (RaftServerProxy.java:lambda$start$3(299)) - db1cd3a5-8394-42bf-b811-7c7c73654225: start RPC server
2019-07-13 09:17:19,176 INFO  ozone.MiniOzoneClusterImpl (MiniOzoneClusterImpl.java:lambda$waitForClusterToBeReady$0(142)) - Waiting for cluster to be ready. Got 0 of 7 DN Heartbeats.
2019-07-13 09:17:19,176 INFO  server.GrpcService (GrpcService.java:startImpl(149)) - db1cd3a5-8394-42bf-b811-7c7c73654225: GrpcService started, listening on 0.0.0.0/0.0.0.0:42799
2019-07-13 09:17:19,176 INFO  ratis.XceiverServerRatis (XceiverServerRatis.java:start(428)) - XceiverServerRatis db1cd3a5-8394-42bf-b811-7c7c73654225 is started using port 42799
2019-07-13 09:17:19,177 INFO  server.XceiverServerGrpc (XceiverServerGrpc.java:start(161)) - XceiverServerGrpc db1cd3a5-8394-42bf-b811-7c7c73654225 is started using port 43218
2019-07-13 09:17:19,318 INFO  ozoneimpl.OzoneContainer (OzoneContainer.java:start(186)) - Attempting to start container services.
2019-07-13 09:17:19,324 INFO  ozoneimpl.OzoneContainer (OzoneContainer.java:startContainerScrub(160)) - Background container scrubber has been disabled by hdds.containerscrub.enabled
2019-07-13 09:17:19,324 INFO  ratis.XceiverServerRatis (XceiverServerRatis.java:start(418)) - Starting XceiverServerRatis 63cd217a-0258-4f28-b228-e26ebd42505a at port 0
2019-07-13 09:17:19,333 INFO  impl.RaftServerProxy (RaftServerProxy.java:lambda$start$3(299)) - 63cd217a-0258-4f28-b228-e26ebd42505a: start RPC server
2019-07-13 09:17:19,333 INFO  server.GrpcService (GrpcService.java:startImpl(149)) - 63cd217a-0258-4f28-b228-e26ebd42505a: GrpcService started, listening on 0.0.0.0/0.0.0.0:33676
2019-07-13 09:17:19,333 INFO  ratis.XceiverServerRatis (XceiverServerRatis.java:start(428)) - XceiverServerRatis 63cd217a-0258-4f28-b228-e26ebd42505a is started using port 33676
2019-07-13 09:17:19,342 INFO  server.XceiverServerGrpc (XceiverServerGrpc.java:start(161)) - XceiverServerGrpc 63cd217a-0258-4f28-b228-e26ebd42505a is started using port 40913
2019-07-13 09:17:19,483 INFO  ozoneimpl.OzoneContainer (OzoneContainer.java:start(186)) - Attempting to start container services.
2019-07-13 09:17:19,483 INFO  ozoneimpl.OzoneContainer (OzoneContainer.java:startContainerScrub(160)) - Background container scrubber has been disabled by hdds.containerscrub.enabled
2019-07-13 09:17:19,483 INFO  ratis.XceiverServerRatis (XceiverServerRatis.java:start(418)) - Starting XceiverServerRatis 23c23bdb-c138-4b83-89f5-8b546d32104e at port 0
2019-07-13 09:17:19,491 INFO  impl.RaftServerProxy (RaftServerProxy.java:lambda$start$3(299)) - 23c23bdb-c138-4b83-89f5-8b546d32104e: start RPC server
2019-07-13 09:17:19,491 INFO  server.GrpcService (GrpcService.java:startImpl(149)) - 23c23bdb-c138-4b83-89f5-8b546d32104e: GrpcService started, listening on 0.0.0.0/0.0.0.0:35637
2019-07-13 09:17:19,492 INFO  ratis.XceiverServerRatis (XceiverServerRatis.java:start(428)) - XceiverServerRatis 23c23bdb-c138-4b83-89f5-8b546d32104e is started using port 35637
2019-07-13 09:17:19,492 INFO  server.XceiverServerGrpc (XceiverServerGrpc.java:start(161)) - XceiverServerGrpc 23c23bdb-c138-4b83-89f5-8b546d32104e is started using port 43945
2019-07-13 09:17:19,681 INFO  ozoneimpl.OzoneContainer (OzoneContainer.java:start(186)) - Attempting to start container services.
2019-07-13 09:17:19,681 INFO  ozoneimpl.OzoneContainer (OzoneContainer.java:startContainerScrub(160)) - Background container scrubber has been disabled by hdds.containerscrub.enabled
2019-07-13 09:17:19,682 INFO  ratis.XceiverServerRatis (XceiverServerRatis.java:start(418)) - Starting XceiverServerRatis 84ca7385-e608-43fb-87bd-3376edbb1672 at port 0
2019-07-13 09:17:19,689 INFO  impl.RaftServerProxy (RaftServerProxy.java:lambda$start$3(299)) - 84ca7385-e608-43fb-87bd-3376edbb1672: start RPC server
2019-07-13 09:17:19,692 INFO  server.GrpcService (GrpcService.java:startImpl(149)) - 84ca7385-e608-43fb-87bd-3376edbb1672: GrpcService started, listening on 0.0.0.0/0.0.0.0:36158
2019-07-13 09:17:19,692 INFO  ratis.XceiverServerRatis (XceiverServerRatis.java:start(428)) - XceiverServerRatis 84ca7385-e608-43fb-87bd-3376edbb1672 is started using port 36158
2019-07-13 09:17:19,693 INFO  server.XceiverServerGrpc (XceiverServerGrpc.java:start(161)) - XceiverServerGrpc 84ca7385-e608-43fb-87bd-3376edbb1672 is started using port 38391
2019-07-13 09:17:19,852 INFO  ozoneimpl.OzoneContainer (OzoneContainer.java:start(186)) - Attempting to start container services.
2019-07-13 09:17:19,852 INFO  ozoneimpl.OzoneContainer (OzoneContainer.java:startContainerScrub(160)) - Background container scrubber has been disabled by hdds.containerscrub.enabled
2019-07-13 09:17:19,852 INFO  ratis.XceiverServerRatis (XceiverServerRatis.java:start(418)) - Starting XceiverServerRatis fcf6d4b8-506b-42b6-93f2-dcb5bcbe3b8d at port 0
2019-07-13 09:17:19,860 INFO  impl.RaftServerProxy (RaftServerProxy.java:lambda$start$3(299)) - fcf6d4b8-506b-42b6-93f2-dcb5bcbe3b8d: start RPC server
2019-07-13 09:17:19,863 INFO  server.GrpcService (GrpcService.java:startImpl(149)) - fcf6d4b8-506b-42b6-93f2-dcb5bcbe3b8d: GrpcService started, listening on 0.0.0.0/0.0.0.0:44346
2019-07-13 09:17:19,864 INFO  ratis.XceiverServerRatis (XceiverServerRatis.java:start(428)) - XceiverServerRatis fcf6d4b8-506b-42b6-93f2-dcb5bcbe3b8d is started using port 44346
2019-07-13 09:17:19,864 INFO  server.XceiverServerGrpc (XceiverServerGrpc.java:start(161)) - XceiverServerGrpc fcf6d4b8-506b-42b6-93f2-dcb5bcbe3b8d is started using port 41088
2019-07-13 09:17:20,176 INFO  ozone.MiniOzoneClusterImpl (MiniOzoneClusterImpl.java:lambda$waitForClusterToBeReady$0(142)) - Waiting for cluster to be ready. Got 0 of 7 DN Heartbeats.
2019-07-13 09:17:20,187 INFO  ozoneimpl.OzoneContainer (OzoneContainer.java:start(186)) - Attempting to start container services.
2019-07-13 09:17:20,187 INFO  ozoneimpl.OzoneContainer (OzoneContainer.java:startContainerScrub(160)) - Background container scrubber has been disabled by hdds.containerscrub.enabled
2019-07-13 09:17:20,187 INFO  ratis.XceiverServerRatis (XceiverServerRatis.java:start(418)) - Starting XceiverServerRatis 21344e2b-dee5-4662-b70e-029b55df8245 at port 0
2019-07-13 09:17:20,195 INFO  impl.RaftServerProxy (RaftServerProxy.java:lambda$start$3(299)) - 21344e2b-dee5-4662-b70e-029b55df8245: start RPC server
2019-07-13 09:17:20,198 INFO  server.GrpcService (GrpcService.java:startImpl(149)) - 21344e2b-dee5-4662-b70e-029b55df8245: GrpcService started, listening on 0.0.0.0/0.0.0.0:35953
2019-07-13 09:17:20,199 INFO  ratis.XceiverServerRatis (XceiverServerRatis.java:start(428)) - XceiverServerRatis 21344e2b-dee5-4662-b70e-029b55df8245 is started using port 35953
2019-07-13 09:17:20,202 INFO  server.XceiverServerGrpc (XceiverServerGrpc.java:start(161)) - XceiverServerGrpc 21344e2b-dee5-4662-b70e-029b55df8245 is started using port 42114
2019-07-13 09:17:20,978 INFO  net.NetworkTopology (NetworkTopologyImpl.java:add(110)) - Added a new node: /default-rack/192.168.69.96
2019-07-13 09:17:20,981 INFO  node.SCMNodeManager (SCMNodeManager.java:register(269)) - Registered Data node : 46d1ed4c-2327-4dbf-9133-f8bf3f2fab15{ip: 192.168.69.96, host: trunk-nightly-hmp62-43275749, networkLocation: /default-rack, certSerialId: null}
2019-07-13 09:17:20,981 INFO  safemode.SCMSafeModeManager (DataNodeSafeModeRule.java:process(71)) - SCM in safe mode. 1 DataNodes registered, 1 required.
2019-07-13 09:17:20,984 INFO  safemode.SCMSafeModeManager (SCMSafeModeManager.java:validateSafeModeExitRules(177)) - ScmSafeModeManager, all rules are successfully validated
2019-07-13 09:17:20,984 INFO  safemode.SCMSafeModeManager (SCMSafeModeManager.java:exitSafeMode(193)) - SCM exiting safe mode.
2019-07-13 09:17:21,000 INFO  impl.RaftServerProxy (RaftServerProxy.java:addNew(89)) - 46d1ed4c-2327-4dbf-9133-f8bf3f2fab15: addNew group-017ABB422FDE:[46d1ed4c-2327-4dbf-9133-f8bf3f2fab15:192.168.69.96:33435] returns group-017ABB422FDE:java.util.concurrent.CompletableFuture@15b68129[Not completed]
2019-07-13 09:17:21,002 INFO  impl.RaftServerImpl (RaftServerImpl.java:<init>(93)) - 46d1ed4c-2327-4dbf-9133-f8bf3f2fab15: new RaftServerImpl for group-017ABB422FDE:[46d1ed4c-2327-4dbf-9133-f8bf3f2fab15:192.168.69.96:33435] with ContainerStateMachine:uninitialized
2019-07-13 09:17:21,002 INFO  server.RaftServerConfigKeys (ConfUtils.java:logGet(43)) - raft.server.rpc.timeout.min = 5s (custom)
2019-07-13 09:17:21,002 INFO  server.RaftServerConfigKeys (ConfUtils.java:logGet(43)) - raft.server.rpc.timeout.max = 5200ms (custom)
2019-07-13 09:17:21,002 INFO  server.RaftServerConfigKeys (ConfUtils.java:logGet(43)) - raft.server.rpcslowness.timeout = 120s (custom)
2019-07-13 09:17:21,002 INFO  server.RaftServerConfigKeys (ConfUtils.java:logGet(43)) - raft.server.sleep.deviation.threshold = 300 (default)
2019-07-13 09:17:21,002 INFO  server.RaftServerConfigKeys (ConfUtils.java:logGet(43)) - raft.server.log.appender.install.snapshot.enabled = false (custom)
2019-07-13 09:17:21,003 INFO  impl.RaftServerImpl (ServerState.java:<init>(105)) - 46d1ed4c-2327-4dbf-9133-f8bf3f2fab15:group-017ABB422FDE ConfigurationManager, init=-1: [46d1ed4c-2327-4dbf-9133-f8bf3f2fab15:192.168.69.96:33435], old=null, confs=<EMPTY_MAP>
2019-07-13 09:17:21,003 INFO  server.RaftServerConfigKeys (ConfUtils.java:logGet(43)) - raft.server.storage.dir = [/tmp/workdir/hadoop-ozone/integration-test/target/test-dir/MiniOzoneClusterImpl-a27e8836-a1ea-400b-8a52-a5991d85b080/datanode-0/data/ratis] (custom)
2019-07-13 09:17:21,003 INFO  storage.RaftStorageDirectory (RaftStorageDirectory.java:analyzeStorage(246)) - The storage directory /tmp/workdir/hadoop-ozone/integration-test/target/test-dir/MiniOzoneClusterImpl-a27e8836-a1ea-400b-8a52-a5991d85b080/datanode-0/data/ratis/9d4890c9-a5c7-4dd6-8329-017abb422fde does not exist. Creating ...
2019-07-13 09:17:21,017 INFO  storage.RaftStorageDirectory (RaftStorageDirectory.java:tryLock(328)) - Lock on /tmp/workdir/hadoop-ozone/integration-test/target/test-dir/MiniOzoneClusterImpl-a27e8836-a1ea-400b-8a52-a5991d85b080/datanode-0/data/ratis/9d4890c9-a5c7-4dd6-8329-017abb422fde/in_use.lock acquired by nodename 8548@trunk-nightly-hmp62-43275749
2019-07-13 09:17:21,031 INFO  storage.RaftStorage (RaftStorage.java:format(72)) - Storage directory /tmp/workdir/hadoop-ozone/integration-test/target/test-dir/MiniOzoneClusterImpl-a27e8836-a1ea-400b-8a52-a5991d85b080/datanode-0/data/ratis/9d4890c9-a5c7-4dd6-8329-017abb422fde has been successfully formatted.
2019-07-13 09:17:21,031 INFO  ratis.ContainerStateMachine (ContainerStateMachine.java:loadSnapshot(200)) - The snapshot info is null.Setting the last applied index to:(t:0, i:~)
2019-07-13 09:17:21,031 INFO  server.RaftServerConfigKeys (ConfUtils.java:logGet(43)) - raft.server.leader.election.timeout = 120s (custom)
2019-07-13 09:17:21,031 INFO  server.RaftServerConfigKeys (ConfUtils.java:logGet(43)) - raft.server.log.use.memory = false (default)
2019-07-13 09:17:21,032 INFO  server.RaftServerConfigKeys (ConfUtils.java:logGet(43)) - raft.server.log.purge.gap = 1000000000 (custom)
2019-07-13 09:17:21,032 INFO  server.RaftServerConfigKeys (ConfUtils.java:logGet(43)) - raft.server.log.appender.buffer.byte-limit = 33554432 (custom)
2019-07-13 09:17:21,032 INFO  server.RaftServerConfigKeys (ConfUtils.java:logGet(43)) - raft.server.log.segment.size.max = 1048576 (custom)
2019-07-13 09:17:21,032 INFO  server.RaftServerConfigKeys (ConfUtils.java:logGet(43)) - raft.server.log.segment.cache.num.max = 2 (custom)
2019-07-13 09:17:21,032 INFO  segmented.SegmentedRaftLogWorker (SegmentedRaftLogWorker.java:<init>(172)) - new 46d1ed4c-2327-4dbf-9133-f8bf3f2fab15-SegmentedRaftLogWorker:Storage Directory /tmp/workdir/hadoop-ozone/integration-test/target/test-dir/MiniOzoneClusterImpl-a27e8836-a1ea-400b-8a52-a5991d85b080/datanode-0/data/ratis/9d4890c9-a5c7-4dd6-8329-017abb422fde for RaftStorage:Storage Directory /tmp/workdir/hadoop-ozone/integration-test/target/test-dir/MiniOzoneClusterImpl-a27e8836-a1ea-400b-8a52-a5991d85b080/datanode-0/data/ratis/9d4890c9-a5c7-4dd6-8329-017abb422fde
2019-07-13 09:17:21,033 INFO  server.RaftServerConfigKeys (ConfUtils.java:logGet(43)) - raft.server.log.queue.byte-limit = 2147483647 (custom)
2019-07-13 09:17:21,033 INFO  server.RaftServerConfigKeys (ConfUtils.java:logGet(43)) - raft.server.log.queue.element-limit = 1024 (custom)
2019-07-13 09:17:21,033 INFO  server.RaftServerConfigKeys (ConfUtils.java:logGet(43)) - raft.server.log.segment.size.max = 1048576 (custom)
2019-07-13 09:17:21,033 INFO  server.RaftServerConfigKeys (ConfUtils.java:logGet(43)) - raft.server.log.preallocated.size = 16384 (custom)
2019-07-13 09:17:21,033 INFO  server.RaftServerConfigKeys (ConfUtils.java:logGet(43)) - raft.server.log.write.buffer.size = 33554432 (custom)
2019-07-13 09:17:21,034 INFO  server.RaftServerConfigKeys (ConfUtils.java:logGet(43)) - raft.server.log.force.sync.num = 128 (default)
2019-07-13 09:17:21,034 INFO  server.RaftServerConfigKeys (ConfUtils.java:logGet(43)) - raft.server.log.statemachine.data.sync = true (default)
2019-07-13 09:17:21,034 INFO  server.RaftServerConfigKeys (ConfUtils.java:logGet(43)) - raft.server.log.statemachine.data.sync.timeout = 10s (default)
2019-07-13 09:17:21,034 INFO  server.RaftServerConfigKeys (ConfUtils.java:logGet(43)) - raft.server.log.statemachine.data.sync.timeout.retry = -1 (default)
2019-07-13 09:17:21,034 INFO  server.RaftServerConfigKeys (ConfUtils.java:logGet(43)) - raft.server.log.statemachine.data.caching.enabled = true (custom)
2019-07-13 09:17:21,035 INFO  segmented.SegmentedRaftLogWorker (SegmentedRaftLogWorker.java:lambda$new$0(132)) - 46d1ed4c-2327-4dbf-9133-f8bf3f2fab15-SegmentedRaftLogWorker:Storage Directory /tmp/workdir/hadoop-ozone/integration-test/target/test-dir/MiniOzoneClusterImpl-a27e8836-a1ea-400b-8a52-a5991d85b080/datanode-0/data/ratis/9d4890c9-a5c7-4dd6-8329-017abb422fde: flushIndex: setUnconditionally 0 -> -1
2019-07-13 09:17:21,035 INFO  server.RaftServerConfigKeys (ConfUtils.java:logGet(43)) - raft.server.snapshot.auto.trigger.enabled = true (custom)
2019-07-13 09:17:21,035 INFO  server.RaftServerConfigKeys (ConfUtils.java:logGet(43)) - raft.server.snapshot.auto.trigger.threshold = 10000 (custom)
2019-07-13 09:17:21,035 INFO  server.RaftServerConfigKeys (ConfUtils.java:logGet(43)) - raft.server.retrycache.expirytime = 600000ms (custom)
2019-07-13 09:17:21,036 INFO  impl.RaftServerImpl (RaftServerImpl.java:start(180)) - 46d1ed4c-2327-4dbf-9133-f8bf3f2fab15: start group-017ABB422FDE
2019-07-13 09:17:21,036 INFO  impl.RaftServerImpl (RaftServerImpl.java:setRole(171)) - 46d1ed4c-2327-4dbf-9133-f8bf3f2fab15:group-017ABB422FDE changes role from null to FOLLOWER at term 0 for startAsFollower
2019-07-13 09:17:21,036 INFO  impl.RoleInfo (RoleInfo.java:updateAndGet(143)) - 46d1ed4c-2327-4dbf-9133-f8bf3f2fab15: start FollowerState
2019-07-13 09:17:21,037 INFO  util.JmxRegister (JmxRegister.java:tryRegister(44)) - Successfully registered JMX Bean with object name Ratis:service=RaftServer,group=group-017ABB422FDE,id=46d1ed4c-2327-4dbf-9133-f8bf3f2fab15
2019-07-13 09:17:21,040 INFO  pipeline.PipelineStateManager (PipelineStateManager.java:addPipeline(56)) - Created pipeline Pipeline[ Id: 9d4890c9-a5c7-4dd6-8329-017abb422fde, Nodes: 46d1ed4c-2327-4dbf-9133-f8bf3f2fab15{ip: 192.168.69.96, host: trunk-nightly-hmp62-43275749, networkLocation: /default-rack, certSerialId: null}, Type:RATIS, Factor:ONE, State:OPEN]
2019-07-13 09:17:21,141 INFO  node.SCMNodeManager (SCMNodeManager.java:register(269)) - Registered Data node : db1cd3a5-8394-42bf-b811-7c7c73654225{ip: 192.168.69.96, host: trunk-nightly-hmp62-43275749, networkLocation: /default-rack, certSerialId: null}
2019-07-13 09:17:21,148 INFO  impl.RaftServerProxy (RaftServerProxy.java:addNew(89)) - db1cd3a5-8394-42bf-b811-7c7c73654225: addNew group-5786F9071330:[db1cd3a5-8394-42bf-b811-7c7c73654225:192.168.69.96:42799] returns group-5786F9071330:java.util.concurrent.CompletableFuture@76bd0330[Not completed]
2019-07-13 09:17:21,149 INFO  impl.RaftServerImpl (RaftServerImpl.java:<init>(93)) - db1cd3a5-8394-42bf-b811-7c7c73654225: new RaftServerImpl for group-5786F9071330:[db1cd3a5-8394-42bf-b811-7c7c73654225:192.168.69.96:42799] with ContainerStateMachine:uninitialized
2019-07-13 09:17:21,149 INFO  server.RaftServerConfigKeys (ConfUtils.java:logGet(43)) - raft.server.rpc.timeout.min = 5s (custom)
2019-07-13 09:17:21,149 INFO  server.RaftServerConfigKeys (ConfUtils.java:logGet(43)) - raft.server.rpc.timeout.max = 5200ms (custom)
2019-07-13 09:17:21,150 INFO  server.RaftServerConfigKeys (ConfUtils.java:logGet(43)) - raft.server.rpcslowness.timeout = 120s (custom)
2019-07-13 09:17:21,150 INFO  server.RaftServerConfigKeys (ConfUtils.java:logGet(43)) - raft.server.sleep.deviation.threshold = 300 (default)
2019-07-13 09:17:21,150 INFO  server.RaftServerConfigKeys (ConfUtils.java:logGet(43)) - raft.server.log.appender.install.snapshot.enabled = false (custom)
2019-07-13 09:17:21,150 INFO  impl.RaftServerImpl (ServerState.java:<init>(105)) - db1cd3a5-8394-42bf-b811-7c7c73654225:group-5786F9071330 ConfigurationManager, init=-1: [db1cd3a5-8394-42bf-b811-7c7c73654225:192.168.69.96:42799], old=null, confs=<EMPTY_MAP>
2019-07-13 09:17:21,150 INFO  server.RaftServerConfigKeys (ConfUtils.java:logGet(43)) - raft.server.storage.dir = [/tmp/workdir/hadoop-ozone/integration-test/target/test-dir/MiniOzoneClusterImpl-a27e8836-a1ea-400b-8a52-a5991d85b080/datanode-1/data/ratis] (custom)
2019-07-13 09:17:21,151 INFO  storage.RaftStorageDirectory (RaftStorageDirectory.java:analyzeStorage(246)) - The storage directory /tmp/workdir/hadoop-ozone/integration-test/target/test-dir/MiniOzoneClusterImpl-a27e8836-a1ea-400b-8a52-a5991d85b080/datanode-1/data/ratis/61dab9b4-df04-4e49-96e9-5786f9071330 does not exist. Creating ...
2019-07-13 09:17:21,163 INFO  storage.RaftStorageDirectory (RaftStorageDirectory.java:tryLock(328)) - Lock on /tmp/workdir/hadoop-ozone/integration-test/target/test-dir/MiniOzoneClusterImpl-a27e8836-a1ea-400b-8a52-a5991d85b080/datanode-1/data/ratis/61dab9b4-df04-4e49-96e9-5786f9071330/in_use.lock acquired by nodename 8548@trunk-nightly-hmp62-43275749
2019-07-13 09:17:21,177 INFO  ozone.MiniOzoneClusterImpl (MiniOzoneClusterImpl.java:lambda$waitForClusterToBeReady$0(142)) - Waiting for cluster to be ready. Got 2 of 7 DN Heartbeats.
2019-07-13 09:17:21,177 INFO  storage.RaftStorage (RaftStorage.java:format(72)) - Storage directory /tmp/workdir/hadoop-ozone/integration-test/target/test-dir/MiniOzoneClusterImpl-a27e8836-a1ea-400b-8a52-a5991d85b080/datanode-1/data/ratis/61dab9b4-df04-4e49-96e9-5786f9071330 has been successfully formatted.
2019-07-13 09:17:21,177 INFO  ratis.ContainerStateMachine (ContainerStateMachine.java:loadSnapshot(200)) - The snapshot info is null.Setting the last applied index to:(t:0, i:~)
2019-07-13 09:17:21,178 INFO  server.RaftServerConfigKeys (ConfUtils.java:logGet(43)) - raft.server.leader.election.timeout = 120s (custom)
2019-07-13 09:17:21,178 INFO  server.RaftServerConfigKeys (ConfUtils.java:logGet(43)) - raft.server.log.use.memory = false (default)
2019-07-13 09:17:21,178 INFO  server.RaftServerConfigKeys (ConfUtils.java:logGet(43)) - raft.server.log.purge.gap = 1000000000 (custom)
2019-07-13 09:17:21,178 INFO  server.RaftServerConfigKeys (ConfUtils.java:logGet(43)) - raft.server.log.appender.buffer.byte-limit = 33554432 (custom)
2019-07-13 09:17:21,178 INFO  server.RaftServerConfigKeys (ConfUtils.java:logGet(43)) - raft.server.log.segment.size.max = 1048576 (custom)
2019-07-13 09:17:21,178 INFO  server.RaftServerConfigKeys (ConfUtils.java:logGet(43)) - raft.server.log.segment.cache.num.max = 2 (custom)
2019-07-13 09:17:21,178 INFO  segmented.SegmentedRaftLogWorker (SegmentedRaftLogWorker.java:<init>(172)) - new db1cd3a5-8394-42bf-b811-7c7c73654225-SegmentedRaftLogWorker:Storage Directory /tmp/workdir/hadoop-ozone/integration-test/target/test-dir/MiniOzoneClusterImpl-a27e8836-a1ea-400b-8a52-a5991d85b080/datanode-1/data/ratis/61dab9b4-df04-4e49-96e9-5786f9071330 for RaftStorage:Storage Directory /tmp/workdir/hadoop-ozone/integration-test/target/test-dir/MiniOzoneClusterImpl-a27e8836-a1ea-400b-8a52-a5991d85b080/datanode-1/data/ratis/61dab9b4-df04-4e49-96e9-5786f9071330
2019-07-13 09:17:21,179 INFO  server.RaftServerConfigKeys (ConfUtils.java:logGet(43)) - raft.server.log.queue.byte-limit = 2147483647 (custom)
2019-07-13 09:17:21,179 INFO  server.RaftServerConfigKeys (ConfUtils.java:logGet(43)) - raft.server.log.queue.element-limit = 1024 (custom)
2019-07-13 09:17:21,179 INFO  server.RaftServerConfigKeys (ConfUtils.java:logGet(43)) - raft.server.log.segment.size.max = 1048576 (custom)
2019-07-13 09:17:21,179 INFO  server.RaftServerConfigKeys (ConfUtils.java:logGet(43)) - raft.server.log.preallocated.size = 16384 (custom)
2019-07-13 09:17:21,179 INFO  server.RaftServerConfigKeys (ConfUtils.java:logGet(43)) - raft.server.log.write.buffer.size = 33554432 (custom)
2019-07-13 09:17:21,179 INFO  server.RaftServerConfigKeys (ConfUtils.java:logGet(43)) - raft.server.log.force.sync.num = 128 (default)
2019-07-13 09:17:21,180 INFO  server.RaftServerConfigKeys (ConfUtils.java:logGet(43)) - raft.server.log.statemachine.data.sync = true (default)
2019-07-13 09:17:21,180 INFO  server.RaftServerConfigKeys (ConfUtils.java:logGet(43)) - raft.server.log.statemachine.data.sync.timeout = 10s (default)
2019-07-13 09:17:21,180 INFO  server.RaftServerConfigKeys (ConfUtils.java:logGet(43)) - raft.server.log.statemachine.data.sync.timeout.retry = -1 (default)
2019-07-13 09:17:21,180 INFO  server.RaftServerConfigKeys (ConfUtils.java:logGet(43)) - raft.server.log.statemachine.data.caching.enabled = true (custom)
2019-07-13 09:17:21,181 INFO  segmented.SegmentedRaftLogWorker (SegmentedRaftLogWorker.java:lambda$new$0(132)) - db1cd3a5-8394-42bf-b811-7c7c73654225-SegmentedRaftLogWorker:Storage Directory /tmp/workdir/hadoop-ozone/integration-test/target/test-dir/MiniOzoneClusterImpl-a27e8836-a1ea-400b-8a52-a5991d85b080/datanode-1/data/ratis/61dab9b4-df04-4e49-96e9-5786f9071330: flushIndex: setUnconditionally 0 -> -1
2019-07-13 09:17:21,181 INFO  server.RaftServerConfigKeys (ConfUtils.java:logGet(43)) - raft.server.snapshot.auto.trigger.enabled = true (custom)
2019-07-13 09:17:21,181 INFO  server.RaftServerConfigKeys (ConfUtils.java:logGet(43)) - raft.server.snapshot.auto.trigger.threshold = 10000 (custom)
2019-07-13 09:17:21,181 INFO  server.RaftServerConfigKeys (ConfUtils.java:logGet(43)) - raft.server.retrycache.expirytime = 600000ms (custom)
2019-07-13 09:17:21,181 INFO  impl.RaftServerImpl (RaftServerImpl.java:start(180)) - db1cd3a5-8394-42bf-b811-7c7c73654225: start group-5786F9071330
2019-07-13 09:17:21,182 INFO  impl.RaftServerImpl (RaftServerImpl.java:setRole(171)) - db1cd3a5-8394-42bf-b811-7c7c73654225:group-5786F9071330 changes role from null to FOLLOWER at term 0 for startAsFollower
2019-07-13 09:17:21,182 INFO  impl.RoleInfo (RoleInfo.java:updateAndGet(143)) - db1cd3a5-8394-42bf-b811-7c7c73654225: start FollowerState
2019-07-13 09:17:21,182 INFO  util.JmxRegister (JmxRegister.java:tryRegister(44)) - Successfully registered JMX Bean with object name Ratis:service=RaftServer,group=group-5786F9071330,id=db1cd3a5-8394-42bf-b811-7c7c73654225
2019-07-13 09:17:21,184 INFO  pipeline.PipelineStateManager (PipelineStateManager.java:addPipeline(56)) - Created pipeline Pipeline[ Id: 61dab9b4-df04-4e49-96e9-5786f9071330, Nodes: db1cd3a5-8394-42bf-b811-7c7c73654225{ip: 192.168.69.96, host: trunk-nightly-hmp62-43275749, networkLocation: /default-rack, certSerialId: null}, Type:RATIS, Factor:ONE, State:OPEN]
2019-07-13 09:17:21,304 INFO  node.SCMNodeManager (SCMNodeManager.java:register(269)) - Registered Data node : 63cd217a-0258-4f28-b228-e26ebd42505a{ip: 192.168.69.96, host: trunk-nightly-hmp62-43275749, networkLocation: /default-rack, certSerialId: null}
2019-07-13 09:17:21,311 INFO  impl.RaftServerProxy (RaftServerProxy.java:addNew(89)) - 63cd217a-0258-4f28-b228-e26ebd42505a: addNew group-EB92630B1AAF:[63cd217a-0258-4f28-b228-e26ebd42505a:192.168.69.96:33676] returns group-EB92630B1AAF:java.util.concurrent.CompletableFuture@5cf188e6[Not completed]
2019-07-13 09:17:21,312 INFO  impl.RaftServerImpl (RaftServerImpl.java:<init>(93)) - 63cd217a-0258-4f28-b228-e26ebd42505a: new RaftServerImpl for group-EB92630B1AAF:[63cd217a-0258-4f28-b228-e26ebd42505a:192.168.69.96:33676] with ContainerStateMachine:uninitialized
2019-07-13 09:17:21,312 INFO  server.RaftServerConfigKeys (ConfUtils.java:logGet(43)) - raft.server.rpc.timeout.min = 5s (custom)
2019-07-13 09:17:21,312 INFO  server.RaftServerConfigKeys (ConfUtils.java:logGet(43)) - raft.server.rpc.timeout.max = 5200ms (custom)
2019-07-13 09:17:21,312 INFO  server.RaftServerConfigKeys (ConfUtils.java:logGet(43)) - raft.server.rpcslowness.timeout = 120s (custom)
2019-07-13 09:17:21,312 INFO  server.RaftServerConfigKeys (ConfUtils.java:logGet(43)) - raft.server.sleep.deviation.threshold = 300 (default)
2019-07-13 09:17:21,313 INFO  server.RaftServerConfigKeys (ConfUtils.java:logGet(43)) - raft.server.log.appender.install.snapshot.enabled = false (custom)
2019-07-13 09:17:21,313 INFO  impl.RaftServerImpl (ServerState.java:<init>(105)) - 63cd217a-0258-4f28-b228-e26ebd42505a:group-EB92630B1AAF ConfigurationManager, init=-1: [63cd217a-0258-4f28-b228-e26ebd42505a:192.168.69.96:33676], old=null, confs=<EMPTY_MAP>
2019-07-13 09:17:21,313 INFO  server.RaftServerConfigKeys (ConfUtils.java:logGet(43)) - raft.server.storage.dir = [/tmp/workdir/hadoop-ozone/integration-test/target/test-dir/MiniOzoneClusterImpl-a27e8836-a1ea-400b-8a52-a5991d85b080/datanode-2/data/ratis] (custom)
2019-07-13 09:17:21,313 INFO  storage.RaftStorageDirectory (RaftStorageDirectory.java:analyzeStorage(246)) - The storage directory /tmp/workdir/hadoop-ozone/integration-test/target/test-dir/MiniOzoneClusterImpl-a27e8836-a1ea-400b-8a52-a5991d85b080/datanode-2/data/ratis/afca5fb7-0328-4c12-8287-eb92630b1aaf does not exist. Creating ...
2019-07-13 09:17:21,326 INFO  storage.RaftStorageDirectory (RaftStorageDirectory.java:tryLock(328)) - Lock on /tmp/workdir/hadoop-ozone/integration-test/target/test-dir/MiniOzoneClusterImpl-a27e8836-a1ea-400b-8a52-a5991d85b080/datanode-2/data/ratis/afca5fb7-0328-4c12-8287-eb92630b1aaf/in_use.lock acquired by nodename 8548@trunk-nightly-hmp62-43275749
2019-07-13 09:17:21,343 INFO  storage.RaftStorage (RaftStorage.java:format(72)) - Storage directory /tmp/workdir/hadoop-ozone/integration-test/target/test-dir/MiniOzoneClusterImpl-a27e8836-a1ea-400b-8a52-a5991d85b080/datanode-2/data/ratis/afca5fb7-0328-4c12-8287-eb92630b1aaf has been successfully formatted.
2019-07-13 09:17:21,344 INFO  ratis.ContainerStateMachine (ContainerStateMachine.java:loadSnapshot(200)) - The snapshot info is null.Setting the last applied index to:(t:0, i:~)
2019-07-13 09:17:21,344 INFO  server.RaftServerConfigKeys (ConfUtils.java:logGet(43)) - raft.server.leader.election.timeout = 120s (custom)
2019-07-13 09:17:21,344 INFO  server.RaftServerConfigKeys (ConfUtils.java:logGet(43)) - raft.server.log.use.memory = false (default)
2019-07-13 09:17:21,344 INFO  server.RaftServerConfigKeys (ConfUtils.java:logGet(43)) - raft.server.log.purge.gap = 1000000000 (custom)
2019-07-13 09:17:21,344 INFO  server.RaftServerConfigKeys (ConfUtils.java:logGet(43)) - raft.server.log.appender.buffer.byte-limit = 33554432 (custom)
2019-07-13 09:17:21,344 INFO  server.RaftServerConfigKeys (ConfUtils.java:logGet(43)) - raft.server.log.segment.size.max = 1048576 (custom)
2019-07-13 09:17:21,344 INFO  server.RaftServerConfigKeys (ConfUtils.java:logGet(43)) - raft.server.log.segment.cache.num.max = 2 (custom)
2019-07-13 09:17:21,345 INFO  segmented.SegmentedRaftLogWorker (SegmentedRaftLogWorker.java:<init>(172)) - new 63cd217a-0258-4f28-b228-e26ebd42505a-SegmentedRaftLogWorker:Storage Directory /tmp/workdir/hadoop-ozone/integration-test/target/test-dir/MiniOzoneClusterImpl-a27e8836-a1ea-400b-8a52-a5991d85b080/datanode-2/data/ratis/afca5fb7-0328-4c12-8287-eb92630b1aaf for RaftStorage:Storage Directory /tmp/workdir/hadoop-ozone/integration-test/target/test-dir/MiniOzoneClusterImpl-a27e8836-a1ea-400b-8a52-a5991d85b080/datanode-2/data/ratis/afca5fb7-0328-4c12-8287-eb92630b1aaf
2019-07-13 09:17:21,345 INFO  server.RaftServerConfigKeys (ConfUtils.java:logGet(43)) - raft.server.log.queue.byte-limit = 2147483647 (custom)
2019-07-13 09:17:21,345 INFO  server.RaftServerConfigKeys (ConfUtils.java:logGet(43)) - raft.server.log.queue.element-limit = 1024 (custom)
2019-07-13 09:17:21,345 INFO  server.RaftServerConfigKeys (ConfUtils.java:logGet(43)) - raft.server.log.segment.size.max = 1048576 (custom)
2019-07-13 09:17:21,345 INFO  server.RaftServerConfigKeys (ConfUtils.java:logGet(43)) - raft.server.log.preallocated.size = 16384 (custom)
2019-07-13 09:17:21,346 INFO  server.RaftServerConfigKeys (ConfUtils.java:logGet(43)) - raft.server.log.write.buffer.size = 33554432 (custom)
2019-07-13 09:17:21,346 INFO  server.RaftServerConfigKeys (ConfUtils.java:logGet(43)) - raft.server.log.force.sync.num = 128 (default)
2019-07-13 09:17:21,346 INFO  server.RaftServerConfigKeys (ConfUtils.java:logGet(43)) - raft.server.log.statemachine.data.sync = true (default)
2019-07-13 09:17:21,346 INFO  server.RaftServerConfigKeys (ConfUtils.java:logGet(43)) - raft.server.log.statemachine.data.sync.timeout = 10s (default)
2019-07-13 09:17:21,346 INFO  server.RaftServerConfigKeys (ConfUtils.java:logGet(43)) - raft.server.log.statemachine.data.sync.timeout.retry = -1 (default)
2019-07-13 09:17:21,346 INFO  server.RaftServerConfigKeys (ConfUtils.java:logGet(43)) - raft.server.log.statemachine.data.caching.enabled = true (custom)
2019-07-13 09:17:21,347 INFO  segmented.SegmentedRaftLogWorker (SegmentedRaftLogWorker.java:lambda$new$0(132)) - 63cd217a-0258-4f28-b228-e26ebd42505a-SegmentedRaftLogWorker:Storage Directory /tmp/workdir/hadoop-ozone/integration-test/target/test-dir/MiniOzoneClusterImpl-a27e8836-a1ea-400b-8a52-a5991d85b080/datanode-2/data/ratis/afca5fb7-0328-4c12-8287-eb92630b1aaf: flushIndex: setUnconditionally 0 -> -1
2019-07-13 09:17:21,347 INFO  server.RaftServerConfigKeys (ConfUtils.java:logGet(43)) - raft.server.snapshot.auto.trigger.enabled = true (custom)
2019-07-13 09:17:21,347 INFO  server.RaftServerConfigKeys (ConfUtils.java:logGet(43)) - raft.server.snapshot.auto.trigger.threshold = 10000 (custom)
2019-07-13 09:17:21,347 INFO  server.RaftServerConfigKeys (ConfUtils.java:logGet(43)) - raft.server.retrycache.expirytime = 600000ms (custom)
2019-07-13 09:17:21,348 INFO  impl.RaftServerImpl (RaftServerImpl.java:start(180)) - 63cd217a-0258-4f28-b228-e26ebd42505a: start group-EB92630B1AAF
2019-07-13 09:17:21,348 INFO  impl.RaftServerImpl (RaftServerImpl.java:setRole(171)) - 63cd217a-0258-4f28-b228-e26ebd42505a:group-EB92630B1AAF changes role from null to FOLLOWER at term 0 for startAsFollower
2019-07-13 09:17:21,348 INFO  impl.RoleInfo (RoleInfo.java:updateAndGet(143)) - 63cd217a-0258-4f28-b228-e26ebd42505a: start FollowerState
2019-07-13 09:17:21,348 INFO  util.JmxRegister (JmxRegister.java:tryRegister(44)) - Successfully registered JMX Bean with object name Ratis:service=RaftServer,group=group-EB92630B1AAF,id=63cd217a-0258-4f28-b228-e26ebd42505a
2019-07-13 09:17:21,350 INFO  pipeline.PipelineStateManager (PipelineStateManager.java:addPipeline(56)) - Created pipeline Pipeline[ Id: afca5fb7-0328-4c12-8287-eb92630b1aaf, Nodes: 63cd217a-0258-4f28-b228-e26ebd42505a{ip: 192.168.69.96, host: trunk-nightly-hmp62-43275749, networkLocation: /default-rack, certSerialId: null}, Type:RATIS, Factor:ONE, State:OPEN]
2019-07-13 09:17:21,372 INFO  impl.RaftServerProxy (RaftServerProxy.java:addNew(89)) - 63cd217a-0258-4f28-b228-e26ebd42505a: addNew group-EA19A076ACB4:[46d1ed4c-2327-4dbf-9133-f8bf3f2fab15:192.168.69.96:33435, db1cd3a5-8394-42bf-b811-7c7c73654225:192.168.69.96:42799, 63cd217a-0258-4f28-b228-e26ebd42505a:192.168.69.96:33676] returns group-EA19A076ACB4:java.util.concurrent.CompletableFuture@5c6e8bc2[Not completed]
2019-07-13 09:17:21,373 INFO  impl.RaftServerProxy (RaftServerProxy.java:addNew(89)) - db1cd3a5-8394-42bf-b811-7c7c73654225: addNew group-EA19A076ACB4:[46d1ed4c-2327-4dbf-9133-f8bf3f2fab15:192.168.69.96:33435, db1cd3a5-8394-42bf-b811-7c7c73654225:192.168.69.96:42799, 63cd217a-0258-4f28-b228-e26ebd42505a:192.168.69.96:33676] returns group-EA19A076ACB4:java.util.concurrent.CompletableFuture@6917ce0c[Not completed]
2019-07-13 09:17:21,373 INFO  impl.RaftServerProxy (RaftServerProxy.java:addNew(89)) - 46d1ed4c-2327-4dbf-9133-f8bf3f2fab15: addNew group-EA19A076ACB4:[46d1ed4c-2327-4dbf-9133-f8bf3f2fab15:192.168.69.96:33435, db1cd3a5-8394-42bf-b811-7c7c73654225:192.168.69.96:42799, 63cd217a-0258-4f28-b228-e26ebd42505a:192.168.69.96:33676] returns group-EA19A076ACB4:java.util.concurrent.CompletableFuture@e7c84d6[Not completed]
2019-07-13 09:17:21,373 INFO  impl.RaftServerImpl (RaftServerImpl.java:<init>(93)) - 63cd217a-0258-4f28-b228-e26ebd42505a: new RaftServerImpl for group-EA19A076ACB4:[46d1ed4c-2327-4dbf-9133-f8bf3f2fab15:192.168.69.96:33435, db1cd3a5-8394-42bf-b811-7c7c73654225:192.168.69.96:42799, 63cd217a-0258-4f28-b228-e26ebd42505a:192.168.69.96:33676] with ContainerStateMachine:uninitialized
2019-07-13 09:17:21,373 INFO  server.RaftServerConfigKeys (ConfUtils.java:logGet(43)) - raft.server.rpc.timeout.min = 5s (custom)
2019-07-13 09:17:21,373 INFO  server.RaftServerConfigKeys (ConfUtils.java:logGet(43)) - raft.server.rpc.timeout.max = 5200ms (custom)
2019-07-13 09:17:21,374 INFO  impl.RaftServerImpl (RaftServerImpl.java:<init>(93)) - db1cd3a5-8394-42bf-b811-7c7c73654225: new RaftServerImpl for group-EA19A076ACB4:[46d1ed4c-2327-4dbf-9133-f8bf3f2fab15:192.168.69.96:33435, db1cd3a5-8394-42bf-b811-7c7c73654225:192.168.69.96:42799, 63cd217a-0258-4f28-b228-e26ebd42505a:192.168.69.96:33676] with ContainerStateMachine:uninitialized
2019-07-13 09:17:21,374 INFO  server.RaftServerConfigKeys (ConfUtils.java:logGet(43)) - raft.server.rpcslowness.timeout = 120s (custom)
2019-07-13 09:17:21,374 INFO  server.RaftServerConfigKeys (ConfUtils.java:logGet(43)) - raft.server.rpc.timeout.min = 5s (custom)
2019-07-13 09:17:21,374 INFO  impl.RaftServerImpl (RaftServerImpl.java:<init>(93)) - 46d1ed4c-2327-4dbf-9133-f8bf3f2fab15: new RaftServerImpl for group-EA19A076ACB4:[46d1ed4c-2327-4dbf-9133-f8bf3f2fab15:192.168.69.96:33435, db1cd3a5-8394-42bf-b811-7c7c73654225:192.168.69.96:42799, 63cd217a-0258-4f28-b228-e26ebd42505a:192.168.69.96:33676] with ContainerStateMachine:uninitialized
2019-07-13 09:17:21,374 INFO  server.RaftServerConfigKeys (ConfUtils.java:logGet(43)) - raft.server.sleep.deviation.threshold = 300 (default)
2019-07-13 09:17:21,374 INFO  server.RaftServerConfigKeys (ConfUtils.java:logGet(43)) - raft.server.rpc.timeout.min = 5s (custom)
2019-07-13 09:17:21,374 INFO  server.RaftServerConfigKeys (ConfUtils.java:logGet(43)) - raft.server.rpc.timeout.max = 5200ms (custom)
2019-07-13 09:17:21,374 INFO  server.RaftServerConfigKeys (ConfUtils.java:logGet(43)) - raft.server.rpc.timeout.max = 5200ms (custom)
2019-07-13 09:17:21,374 INFO  server.RaftServerConfigKeys (ConfUtils.java:logGet(43)) - raft.server.log.appender.install.snapshot.enabled = false (custom)
2019-07-13 09:17:21,375 INFO  server.RaftServerConfigKeys (ConfUtils.java:logGet(43)) - raft.server.rpcslowness.timeout = 120s (custom)
2019-07-13 09:17:21,375 INFO  server.RaftServerConfigKeys (ConfUtils.java:logGet(43)) - raft.server.sleep.deviation.threshold = 300 (default)
2019-07-13 09:17:21,375 INFO  server.RaftServerConfigKeys (ConfUtils.java:logGet(43)) - raft.server.rpcslowness.timeout = 120s (custom)
2019-07-13 09:17:21,375 INFO  server.RaftServerConfigKeys (ConfUtils.java:logGet(43)) - raft.server.log.appender.install.snapshot.enabled = false (custom)
2019-07-13 09:17:21,375 INFO  impl.RaftServerImpl (ServerState.java:<init>(105)) - 63cd217a-0258-4f28-b228-e26ebd42505a:group-EA19A076ACB4 ConfigurationManager, init=-1: [46d1ed4c-2327-4dbf-9133-f8bf3f2fab15:192.168.69.96:33435, db1cd3a5-8394-42bf-b811-7c7c73654225:192.168.69.96:42799, 63cd217a-0258-4f28-b228-e26ebd42505a:192.168.69.96:33676], old=null, confs=<EMPTY_MAP>
2019-07-13 09:17:21,375 INFO  impl.RaftServerImpl (ServerState.java:<init>(105)) - 46d1ed4c-2327-4dbf-9133-f8bf3f2fab15:group-EA19A076ACB4 ConfigurationManager, init=-1: [46d1ed4c-2327-4dbf-9133-f8bf3f2fab15:192.168.69.96:33435, db1cd3a5-8394-42bf-b811-7c7c73654225:192.168.69.96:42799, 63cd217a-0258-4f28-b228-e26ebd42505a:192.168.69.96:33676], old=null, confs=<EMPTY_MAP>
2019-07-13 09:17:21,375 INFO  server.RaftServerConfigKeys (ConfUtils.java:logGet(43)) - raft.server.sleep.deviation.threshold = 300 (default)
2019-07-13 09:17:21,376 INFO  server.RaftServerConfigKeys (ConfUtils.java:logGet(43)) - raft.server.storage.dir = [/tmp/workdir/hadoop-ozone/integration-test/target/test-dir/MiniOzoneClusterImpl-a27e8836-a1ea-400b-8a52-a5991d85b080/datanode-0/data/ratis] (custom)
2019-07-13 09:17:21,376 INFO  server.RaftServerConfigKeys (ConfUtils.java:logGet(43)) - raft.server.storage.dir = [/tmp/workdir/hadoop-ozone/integration-test/target/test-dir/MiniOzoneClusterImpl-a27e8836-a1ea-400b-8a52-a5991d85b080/datanode-2/data/ratis] (custom)
2019-07-13 09:17:21,376 INFO  server.RaftServerConfigKeys (ConfUtils.java:logGet(43)) - raft.server.log.appender.install.snapshot.enabled = false (custom)
2019-07-13 09:17:21,376 INFO  storage.RaftStorageDirectory (RaftStorageDirectory.java:analyzeStorage(246)) - The storage directory /tmp/workdir/hadoop-ozone/integration-test/target/test-dir/MiniOzoneClusterImpl-a27e8836-a1ea-400b-8a52-a5991d85b080/datanode-0/data/ratis/e22db35d-9461-4082-baef-ea19a076acb4 does not exist. Creating ...
2019-07-13 09:17:21,376 INFO  storage.RaftStorageDirectory (RaftStorageDirectory.java:analyzeStorage(246)) - The storage directory /tmp/workdir/hadoop-ozone/integration-test/target/test-dir/MiniOzoneClusterImpl-a27e8836-a1ea-400b-8a52-a5991d85b080/datanode-2/data/ratis/e22db35d-9461-4082-baef-ea19a076acb4 does not exist. Creating ...
2019-07-13 09:17:21,376 INFO  impl.RaftServerImpl (ServerState.java:<init>(105)) - db1cd3a5-8394-42bf-b811-7c7c73654225:group-EA19A076ACB4 ConfigurationManager, init=-1: [46d1ed4c-2327-4dbf-9133-f8bf3f2fab15:192.168.69.96:33435, db1cd3a5-8394-42bf-b811-7c7c73654225:192.168.69.96:42799, 63cd217a-0258-4f28-b228-e26ebd42505a:192.168.69.96:33676], old=null, confs=<EMPTY_MAP>
2019-07-13 09:17:21,377 INFO  server.RaftServerConfigKeys (ConfUtils.java:logGet(43)) - raft.server.storage.dir = [/tmp/workdir/hadoop-ozone/integration-test/target/test-dir/MiniOzoneClusterImpl-a27e8836-a1ea-400b-8a52-a5991d85b080/datanode-1/data/ratis] (custom)
2019-07-13 09:17:21,377 INFO  storage.RaftStorageDirectory (RaftStorageDirectory.java:analyzeStorage(246)) - The storage directory /tmp/workdir/hadoop-ozone/integration-test/target/test-dir/MiniOzoneClusterImpl-a27e8836-a1ea-400b-8a52-a5991d85b080/datanode-1/data/ratis/e22db35d-9461-4082-baef-ea19a076acb4 does not exist. Creating ...
2019-07-13 09:17:21,391 INFO  storage.RaftStorageDirectory (RaftStorageDirectory.java:tryLock(328)) - Lock on /tmp/workdir/hadoop-ozone/integration-test/target/test-dir/MiniOzoneClusterImpl-a27e8836-a1ea-400b-8a52-a5991d85b080/datanode-1/data/ratis/e22db35d-9461-4082-baef-ea19a076acb4/in_use.lock acquired by nodename 8548@trunk-nightly-hmp62-43275749
2019-07-13 09:17:21,391 INFO  storage.RaftStorageDirectory (RaftStorageDirectory.java:tryLock(328)) - Lock on /tmp/workdir/hadoop-ozone/integration-test/target/test-dir/MiniOzoneClusterImpl-a27e8836-a1ea-400b-8a52-a5991d85b080/datanode-2/data/ratis/e22db35d-9461-4082-baef-ea19a076acb4/in_use.lock acquired by nodename 8548@trunk-nightly-hmp62-43275749
2019-07-13 09:17:21,391 INFO  storage.RaftStorageDirectory (RaftStorageDirectory.java:tryLock(328)) - Lock on /tmp/workdir/hadoop-ozone/integration-test/target/test-dir/MiniOzoneClusterImpl-a27e8836-a1ea-400b-8a52-a5991d85b080/datanode-0/data/ratis/e22db35d-9461-4082-baef-ea19a076acb4/in_use.lock acquired by nodename 8548@trunk-nightly-hmp62-43275749
2019-07-13 09:17:21,406 INFO  storage.RaftStorage (RaftStorage.java:format(72)) - Storage directory /tmp/workdir/hadoop-ozone/integration-test/target/test-dir/MiniOzoneClusterImpl-a27e8836-a1ea-400b-8a52-a5991d85b080/datanode-2/data/ratis/e22db35d-9461-4082-baef-ea19a076acb4 has been successfully formatted.
2019-07-13 09:17:21,406 INFO  storage.RaftStorage (RaftStorage.java:format(72)) - Storage directory /tmp/workdir/hadoop-ozone/integration-test/target/test-dir/MiniOzoneClusterImpl-a27e8836-a1ea-400b-8a52-a5991d85b080/datanode-1/data/ratis/e22db35d-9461-4082-baef-ea19a076acb4 has been successfully formatted.
2019-07-13 09:17:21,406 INFO  storage.RaftStorage (RaftStorage.java:format(72)) - Storage directory /tmp/workdir/hadoop-ozone/integration-test/target/test-dir/MiniOzoneClusterImpl-a27e8836-a1ea-400b-8a52-a5991d85b080/datanode-0/data/ratis/e22db35d-9461-4082-baef-ea19a076acb4 has been successfully formatted.
2019-07-13 09:17:21,406 INFO  ratis.ContainerStateMachine (ContainerStateMachine.java:loadSnapshot(200)) - The snapshot info is null.Setting the last applied index to:(t:0, i:~)
2019-07-13 09:17:21,406 INFO  ratis.ContainerStateMachine (ContainerStateMachine.java:loadSnapshot(200)) - The snapshot info is null.Setting the last applied index to:(t:0, i:~)
2019-07-13 09:17:21,406 INFO  server.RaftServerConfigKeys (ConfUtils.java:logGet(43)) - raft.server.leader.election.timeout = 120s (custom)
2019-07-13 09:17:21,407 INFO  server.RaftServerConfigKeys (ConfUtils.java:logGet(43)) - raft.server.log.use.memory = false (default)
2019-07-13 09:17:21,406 INFO  ratis.ContainerStateMachine (ContainerStateMachine.java:loadSnapshot(200)) - The snapshot info is null.Setting the last applied index to:(t:0, i:~)
2019-07-13 09:17:21,407 INFO  server.RaftServerConfigKeys (ConfUtils.java:logGet(43)) - raft.server.log.purge.gap = 1000000000 (custom)
2019-07-13 09:17:21,406 INFO  server.RaftServerConfigKeys (ConfUtils.java:logGet(43)) - raft.server.leader.election.timeout = 120s (custom)
2019-07-13 09:17:21,407 INFO  server.RaftServerConfigKeys (ConfUtils.java:logGet(43)) - raft.server.log.appender.buffer.byte-limit = 33554432 (custom)
2019-07-13 09:17:21,407 INFO  server.RaftServerConfigKeys (ConfUtils.java:logGet(43)) - raft.server.leader.election.timeout = 120s (custom)
2019-07-13 09:17:21,407 INFO  server.RaftServerConfigKeys (ConfUtils.java:logGet(43)) - raft.server.log.segment.size.max = 1048576 (custom)
2019-07-13 09:17:21,407 INFO  server.RaftServerConfigKeys (ConfUtils.java:logGet(43)) - raft.server.log.use.memory = false (default)
2019-07-13 09:17:21,408 INFO  server.RaftServerConfigKeys (ConfUtils.java:logGet(43)) - raft.server.log.segment.cache.num.max = 2 (custom)
2019-07-13 09:17:21,408 INFO  server.RaftServerConfigKeys (ConfUtils.java:logGet(43)) - raft.server.log.use.memory = false (default)
2019-07-13 09:17:21,408 INFO  segmented.SegmentedRaftLogWorker (SegmentedRaftLogWorker.java:<init>(172)) - new db1cd3a5-8394-42bf-b811-7c7c73654225-SegmentedRaftLogWorker:Storage Directory /tmp/workdir/hadoop-ozone/integration-test/target/test-dir/MiniOzoneClusterImpl-a27e8836-a1ea-400b-8a52-a5991d85b080/datanode-1/data/ratis/e22db35d-9461-4082-baef-ea19a076acb4 for RaftStorage:Storage Directory /tmp/workdir/hadoop-ozone/integration-test/target/test-dir/MiniOzoneClusterImpl-a27e8836-a1ea-400b-8a52-a5991d85b080/datanode-1/data/ratis/e22db35d-9461-4082-baef-ea19a076acb4
2019-07-13 09:17:21,408 INFO  server.RaftServerConfigKeys (ConfUtils.java:logGet(43)) - raft.server.log.purge.gap = 1000000000 (custom)
2019-07-13 09:17:21,408 INFO  server.RaftServerConfigKeys (ConfUtils.java:logGet(43)) - raft.server.log.queue.byte-limit = 2147483647 (custom)
2019-07-13 09:17:21,409 INFO  server.RaftServerConfigKeys (ConfUtils.java:logGet(43)) - raft.server.log.queue.element-limit = 1024 (custom)
2019-07-13 09:17:21,408 INFO  server.RaftServerConfigKeys (ConfUtils.java:logGet(43)) - raft.server.log.purge.gap = 1000000000 (custom)
2019-07-13 09:17:21,409 INFO  server.RaftServerConfigKeys (ConfUtils.java:logGet(43)) - raft.server.log.segment.size.max = 1048576 (custom)
2019-07-13 09:17:21,409 INFO  server.RaftServerConfigKeys (ConfUtils.java:logGet(43)) - raft.server.log.preallocated.size = 16384 (custom)
2019-07-13 09:17:21,409 INFO  server.RaftServerConfigKeys (ConfUtils.java:logGet(43)) - raft.server.log.appender.buffer.byte-limit = 33554432 (custom)
2019-07-13 09:17:21,409 INFO  server.RaftServerConfigKeys (ConfUtils.java:logGet(43)) - raft.server.log.write.buffer.size = 33554432 (custom)
2019-07-13 09:17:21,409 INFO  server.RaftServerConfigKeys (ConfUtils.java:logGet(43)) - raft.server.log.appender.buffer.byte-limit = 33554432 (custom)
2019-07-13 09:17:21,410 INFO  server.RaftServerConfigKeys (ConfUtils.java:logGet(43)) - raft.server.log.force.sync.num = 128 (default)
2019-07-13 09:17:21,410 INFO  server.RaftServerConfigKeys (ConfUtils.java:logGet(43)) - raft.server.log.segment.size.max = 1048576 (custom)
2019-07-13 09:17:21,410 INFO  server.RaftServerConfigKeys (ConfUtils.java:logGet(43)) - raft.server.log.statemachine.data.sync = true (default)
2019-07-13 09:17:21,410 INFO  server.RaftServerConfigKeys (ConfUtils.java:logGet(43)) - raft.server.log.segment.size.max = 1048576 (custom)
2019-07-13 09:17:21,410 INFO  server.RaftServerConfigKeys (ConfUtils.java:logGet(43)) - raft.server.log.statemachine.data.sync.timeout = 10s (default)
2019-07-13 09:17:21,411 INFO  server.RaftServerConfigKeys (ConfUtils.java:logGet(43)) - raft.server.log.statemachine.data.sync.timeout.retry = -1 (default)
2019-07-13 09:17:21,410 INFO  server.RaftServerConfigKeys (ConfUtils.java:logGet(43)) - raft.server.log.segment.cache.num.max = 2 (custom)
2019-07-13 09:17:21,411 INFO  server.RaftServerConfigKeys (ConfUtils.java:logGet(43)) - raft.server.log.statemachine.data.caching.enabled = true (custom)
2019-07-13 09:17:21,410 INFO  server.RaftServerConfigKeys (ConfUtils.java:logGet(43)) - raft.server.log.segment.cache.num.max = 2 (custom)
2019-07-13 09:17:21,411 INFO  segmented.SegmentedRaftLogWorker (SegmentedRaftLogWorker.java:lambda$new$0(132)) - db1cd3a5-8394-42bf-b811-7c7c73654225-SegmentedRaftLogWorker:Storage Directory /tmp/workdir/hadoop-ozone/integration-test/target/test-dir/MiniOzoneClusterImpl-a27e8836-a1ea-400b-8a52-a5991d85b080/datanode-1/data/ratis/e22db35d-9461-4082-baef-ea19a076acb4: flushIndex: setUnconditionally 0 -> -1
2019-07-13 09:17:21,411 INFO  segmented.SegmentedRaftLogWorker (SegmentedRaftLogWorker.java:<init>(172)) - new 63cd217a-0258-4f28-b228-e26ebd42505a-SegmentedRaftLogWorker:Storage Directory /tmp/workdir/hadoop-ozone/integration-test/target/test-dir/MiniOzoneClusterImpl-a27e8836-a1ea-400b-8a52-a5991d85b080/datanode-2/data/ratis/e22db35d-9461-4082-baef-ea19a076acb4 for RaftStorage:Storage Directory /tmp/workdir/hadoop-ozone/integration-test/target/test-dir/MiniOzoneClusterImpl-a27e8836-a1ea-400b-8a52-a5991d85b080/datanode-2/data/ratis/e22db35d-9461-4082-baef-ea19a076acb4
2019-07-13 09:17:21,411 INFO  segmented.SegmentedRaftLogWorker (SegmentedRaftLogWorker.java:<init>(172)) - new 46d1ed4c-2327-4dbf-9133-f8bf3f2fab15-SegmentedRaftLogWorker:Storage Directory /tmp/workdir/hadoop-ozone/integration-test/target/test-dir/MiniOzoneClusterImpl-a27e8836-a1ea-400b-8a52-a5991d85b080/datanode-0/data/ratis/e22db35d-9461-4082-baef-ea19a076acb4 for RaftStorage:Storage Directory /tmp/workdir/hadoop-ozone/integration-test/target/test-dir/MiniOzoneClusterImpl-a27e8836-a1ea-400b-8a52-a5991d85b080/datanode-0/data/ratis/e22db35d-9461-4082-baef-ea19a076acb4
2019-07-13 09:17:21,412 INFO  server.RaftServerConfigKeys (ConfUtils.java:logGet(43)) - raft.server.log.queue.byte-limit = 2147483647 (custom)
2019-07-13 09:17:21,412 INFO  server.RaftServerConfigKeys (ConfUtils.java:logGet(43)) - raft.server.snapshot.auto.trigger.enabled = true (custom)
2019-07-13 09:17:21,412 INFO  server.RaftServerConfigKeys (ConfUtils.java:logGet(43)) - raft.server.log.queue.element-limit = 1024 (custom)
2019-07-13 09:17:21,412 INFO  server.RaftServerConfigKeys (ConfUtils.java:logGet(43)) - raft.server.log.queue.byte-limit = 2147483647 (custom)
2019-07-13 09:17:21,412 INFO  server.RaftServerConfigKeys (ConfUtils.java:logGet(43)) - raft.server.log.segment.size.max = 1048576 (custom)
2019-07-13 09:17:21,412 INFO  server.RaftServerConfigKeys (ConfUtils.java:logGet(43)) - raft.server.snapshot.auto.trigger.threshold = 10000 (custom)
2019-07-13 09:17:21,413 INFO  server.RaftServerConfigKeys (ConfUtils.java:logGet(43)) - raft.server.log.preallocated.size = 16384 (custom)
2019-07-13 09:17:21,413 INFO  server.RaftServerConfigKeys (ConfUtils.java:logGet(43)) - raft.server.log.queue.element-limit = 1024 (custom)
2019-07-13 09:17:21,413 INFO  server.RaftServerConfigKeys (ConfUtils.java:logGet(43)) - raft.server.log.write.buffer.size = 33554432 (custom)
2019-07-13 09:17:21,413 INFO  server.RaftServerConfigKeys (ConfUtils.java:logGet(43)) - raft.server.retrycache.expirytime = 600000ms (custom)
2019-07-13 09:17:21,413 INFO  server.RaftServerConfigKeys (ConfUtils.java:logGet(43)) - raft.server.log.force.sync.num = 128 (default)
2019-07-13 09:17:21,413 INFO  server.RaftServerConfigKeys (ConfUtils.java:logGet(43)) - raft.server.log.segment.size.max = 1048576 (custom)
2019-07-13 09:17:21,414 INFO  server.RaftServerConfigKeys (ConfUtils.java:logGet(43)) - raft.server.log.statemachine.data.sync = true (default)
2019-07-13 09:17:21,414 INFO  impl.RaftServerImpl (RaftServerImpl.java:start(180)) - db1cd3a5-8394-42bf-b811-7c7c73654225: start group-EA19A076ACB4
2019-07-13 09:17:21,414 INFO  server.RaftServerConfigKeys (ConfUtils.java:logGet(43)) - raft.server.log.statemachine.data.sync.timeout = 10s (default)
2019-07-13 09:17:21,414 INFO  server.RaftServerConfigKeys (ConfUtils.java:logGet(43)) - raft.server.log.preallocated.size = 16384 (custom)
2019-07-13 09:17:21,414 INFO  server.RaftServerConfigKeys (ConfUtils.java:logGet(43)) - raft.server.log.statemachine.data.sync.timeout.retry = -1 (default)
2019-07-13 09:17:21,414 INFO  impl.RaftServerImpl (RaftServerImpl.java:setRole(171)) - db1cd3a5-8394-42bf-b811-7c7c73654225:group-EA19A076ACB4 changes role from null to FOLLOWER at term 0 for startAsFollower
2019-07-13 09:17:21,415 INFO  server.RaftServerConfigKeys (ConfUtils.java:logGet(43)) - raft.server.log.statemachine.data.caching.enabled = true (custom)
2019-07-13 09:17:21,414 INFO  server.RaftServerConfigKeys (ConfUtils.java:logGet(43)) - raft.server.log.write.buffer.size = 33554432 (custom)
2019-07-13 09:17:21,415 INFO  segmented.SegmentedRaftLogWorker (SegmentedRaftLogWorker.java:lambda$new$0(132)) - 63cd217a-0258-4f28-b228-e26ebd42505a-SegmentedRaftLogWorker:Storage Directory /tmp/workdir/hadoop-ozone/integration-test/target/test-dir/MiniOzoneClusterImpl-a27e8836-a1ea-400b-8a52-a5991d85b080/datanode-2/data/ratis/e22db35d-9461-4082-baef-ea19a076acb4: flushIndex: setUnconditionally 0 -> -1
2019-07-13 09:17:21,415 INFO  impl.RoleInfo (RoleInfo.java:updateAndGet(143)) - db1cd3a5-8394-42bf-b811-7c7c73654225: start FollowerState
2019-07-13 09:17:21,415 INFO  server.RaftServerConfigKeys (ConfUtils.java:logGet(43)) - raft.server.log.force.sync.num = 128 (default)
2019-07-13 09:17:21,416 INFO  server.RaftServerConfigKeys (ConfUtils.java:logGet(43)) - raft.server.snapshot.auto.trigger.enabled = true (custom)
2019-07-13 09:17:21,416 INFO  server.RaftServerConfigKeys (ConfUtils.java:logGet(43)) - raft.server.log.statemachine.data.sync = true (default)
2019-07-13 09:17:21,416 INFO  util.JmxRegister (JmxRegister.java:tryRegister(44)) - Successfully registered JMX Bean with object name Ratis:service=RaftServer,group=group-EA19A076ACB4,id=db1cd3a5-8394-42bf-b811-7c7c73654225
2019-07-13 09:17:21,416 INFO  server.RaftServerConfigKeys (ConfUtils.java:logGet(43)) - raft.server.snapshot.auto.trigger.threshold = 10000 (custom)
2019-07-13 09:17:21,416 INFO  server.RaftServerConfigKeys (ConfUtils.java:logGet(43)) - raft.server.log.statemachine.data.sync.timeout = 10s (default)
2019-07-13 09:17:21,416 INFO  server.RaftServerConfigKeys (ConfUtils.java:logGet(43)) - raft.server.retrycache.expirytime = 600000ms (custom)
2019-07-13 09:17:21,416 INFO  server.RaftServerConfigKeys (ConfUtils.java:logGet(43)) - raft.server.log.statemachine.data.sync.timeout.retry = -1 (default)
2019-07-13 09:17:21,417 INFO  impl.RaftServerImpl (RaftServerImpl.java:start(180)) - 63cd217a-0258-4f28-b228-e26ebd42505a: start group-EA19A076ACB4
2019-07-13 09:17:21,417 INFO  server.RaftServerConfigKeys (ConfUtils.java:logGet(43)) - raft.server.log.statemachine.data.caching.enabled = true (custom)
2019-07-13 09:17:21,417 INFO  impl.RaftServerImpl (RaftServerImpl.java:setRole(171)) - 63cd217a-0258-4f28-b228-e26ebd42505a:group-EA19A076ACB4 changes role from null to FOLLOWER at term 0 for startAsFollower
2019-07-13 09:17:21,417 INFO  segmented.SegmentedRaftLogWorker (SegmentedRaftLogWorker.java:lambda$new$0(132)) - 46d1ed4c-2327-4dbf-9133-f8bf3f2fab15-SegmentedRaftLogWorker:Storage Directory /tmp/workdir/hadoop-ozone/integration-test/target/test-dir/MiniOzoneClusterImpl-a27e8836-a1ea-400b-8a52-a5991d85b080/datanode-0/data/ratis/e22db35d-9461-4082-baef-ea19a076acb4: flushIndex: setUnconditionally 0 -> -1
2019-07-13 09:17:21,417 INFO  impl.RoleInfo (RoleInfo.java:updateAndGet(143)) - 63cd217a-0258-4f28-b228-e26ebd42505a: start FollowerState
2019-07-13 09:17:21,418 INFO  server.RaftServerConfigKeys (ConfUtils.java:logGet(43)) - raft.server.snapshot.auto.trigger.enabled = true (custom)
2019-07-13 09:17:21,418 INFO  server.RaftServerConfigKeys (ConfUtils.java:logGet(43)) - raft.server.snapshot.auto.trigger.threshold = 10000 (custom)
2019-07-13 09:17:21,418 INFO  util.JmxRegister (JmxRegister.java:tryRegister(44)) - Successfully registered JMX Bean with object name Ratis:service=RaftServer,group=group-EA19A076ACB4,id=63cd217a-0258-4f28-b228-e26ebd42505a
2019-07-13 09:17:21,418 INFO  server.RaftServerConfigKeys (ConfUtils.java:logGet(43)) - raft.server.retrycache.expirytime = 600000ms (custom)
2019-07-13 09:17:21,418 INFO  impl.RaftServerImpl (RaftServerImpl.java:start(180)) - 46d1ed4c-2327-4dbf-9133-f8bf3f2fab15: start group-EA19A076ACB4
2019-07-13 09:17:21,418 INFO  impl.RaftServerImpl (RaftServerImpl.java:setRole(171)) - 46d1ed4c-2327-4dbf-9133-f8bf3f2fab15:group-EA19A076ACB4 changes role from null to FOLLOWER at term 0 for startAsFollower
2019-07-13 09:17:21,419 INFO  impl.RoleInfo (RoleInfo.java:updateAndGet(143)) - 46d1ed4c-2327-4dbf-9133-f8bf3f2fab15: start FollowerState
2019-07-13 09:17:21,419 INFO  util.JmxRegister (JmxRegister.java:tryRegister(44)) - Successfully registered JMX Bean with object name Ratis:service=RaftServer,group=group-EA19A076ACB4,id=46d1ed4c-2327-4dbf-9133-f8bf3f2fab15
2019-07-13 09:17:21,421 INFO  pipeline.PipelineStateManager (PipelineStateManager.java:addPipeline(56)) - Created pipeline Pipeline[ Id: e22db35d-9461-4082-baef-ea19a076acb4, Nodes: 46d1ed4c-2327-4dbf-9133-f8bf3f2fab15{ip: 192.168.69.96, host: trunk-nightly-hmp62-43275749, networkLocation: /default-rack, certSerialId: null}63cd217a-0258-4f28-b228-e26ebd42505a{ip: 192.168.69.96, host: trunk-nightly-hmp62-43275749, networkLocation: /default-rack, certSerialId: null}db1cd3a5-8394-42bf-b811-7c7c73654225{ip: 192.168.69.96, host: trunk-nightly-hmp62-43275749, networkLocation: /default-rack, certSerialId: null}, Type:RATIS, Factor:THREE, State:OPEN]
2019-07-13 09:17:21,470 INFO  node.SCMNodeManager (SCMNodeManager.java:register(269)) - Registered Data node : 23c23bdb-c138-4b83-89f5-8b546d32104e{ip: 192.168.69.96, host: trunk-nightly-hmp62-43275749, networkLocation: /default-rack, certSerialId: null}
2019-07-13 09:17:21,480 INFO  impl.RaftServerProxy (RaftServerProxy.java:addNew(89)) - 23c23bdb-c138-4b83-89f5-8b546d32104e: addNew group-9938FB5252AA:[23c23bdb-c138-4b83-89f5-8b546d32104e:192.168.69.96:35637] returns group-9938FB5252AA:java.util.concurrent.CompletableFuture@4e8b4ee9[Not completed]
2019-07-13 09:17:21,481 INFO  impl.RaftServerImpl (RaftServerImpl.java:<init>(93)) - 23c23bdb-c138-4b83-89f5-8b546d32104e: new RaftServerImpl for group-9938FB5252AA:[23c23bdb-c138-4b83-89f5-8b546d32104e:192.168.69.96:35637] with ContainerStateMachine:uninitialized
2019-07-13 09:17:21,481 INFO  server.RaftServerConfigKeys (ConfUtils.java:logGet(43)) - raft.server.rpc.timeout.min = 5s (custom)
2019-07-13 09:17:21,481 INFO  server.RaftServerConfigKeys (ConfUtils.java:logGet(43)) - raft.server.rpc.timeout.max = 5200ms (custom)
2019-07-13 09:17:21,482 INFO  server.RaftServerConfigKeys (ConfUtils.java:logGet(43)) - raft.server.rpcslowness.timeout = 120s (custom)
2019-07-13 09:17:21,482 INFO  server.RaftServerConfigKeys (ConfUtils.java:logGet(43)) - raft.server.sleep.deviation.threshold = 300 (default)
2019-07-13 09:17:21,482 INFO  server.RaftServerConfigKeys (ConfUtils.java:logGet(43)) - raft.server.log.appender.install.snapshot.enabled = false (custom)
2019-07-13 09:17:21,482 INFO  impl.RaftServerImpl (ServerState.java:<init>(105)) - 23c23bdb-c138-4b83-89f5-8b546d32104e:group-9938FB5252AA ConfigurationManager, init=-1: [23c23bdb-c138-4b83-89f5-8b546d32104e:192.168.69.96:35637], old=null, confs=<EMPTY_MAP>
2019-07-13 09:17:21,482 INFO  server.RaftServerConfigKeys (ConfUtils.java:logGet(43)) - raft.server.storage.dir = [/tmp/workdir/hadoop-ozone/integration-test/target/test-dir/MiniOzoneClusterImpl-a27e8836-a1ea-400b-8a52-a5991d85b080/datanode-3/data/ratis] (custom)
2019-07-13 09:17:21,483 INFO  storage.RaftStorageDirectory (RaftStorageDirectory.java:analyzeStorage(246)) - The storage directory /tmp/workdir/hadoop-ozone/integration-test/target/test-dir/MiniOzoneClusterImpl-a27e8836-a1ea-400b-8a52-a5991d85b080/datanode-3/data/ratis/276d3271-1e94-4b4a-b965-9938fb5252aa does not exist. Creating ...
2019-07-13 09:17:21,496 INFO  storage.RaftStorageDirectory (RaftStorageDirectory.java:tryLock(328)) - Lock on /tmp/workdir/hadoop-ozone/integration-test/target/test-dir/MiniOzoneClusterImpl-a27e8836-a1ea-400b-8a52-a5991d85b080/datanode-3/data/ratis/276d3271-1e94-4b4a-b965-9938fb5252aa/in_use.lock acquired by nodename 8548@trunk-nightly-hmp62-43275749
2019-07-13 09:17:21,509 INFO  storage.RaftStorage (RaftStorage.java:format(72)) - Storage directory /tmp/workdir/hadoop-ozone/integration-test/target/test-dir/MiniOzoneClusterImpl-a27e8836-a1ea-400b-8a52-a5991d85b080/datanode-3/data/ratis/276d3271-1e94-4b4a-b965-9938fb5252aa has been successfully formatted.
2019-07-13 09:17:21,509 INFO  ratis.ContainerStateMachine (ContainerStateMachine.java:loadSnapshot(200)) - The snapshot info is null.Setting the last applied index to:(t:0, i:~)
2019-07-13 09:17:21,509 INFO  server.RaftServerConfigKeys (ConfUtils.java:logGet(43)) - raft.server.leader.election.timeout = 120s (custom)
2019-07-13 09:17:21,509 INFO  server.RaftServerConfigKeys (ConfUtils.java:logGet(43)) - raft.server.log.use.memory = false (default)
2019-07-13 09:17:21,509 INFO  server.RaftServerConfigKeys (ConfUtils.java:logGet(43)) - raft.server.log.purge.gap = 1000000000 (custom)
2019-07-13 09:17:21,510 INFO  server.RaftServerConfigKeys (ConfUtils.java:logGet(43)) - raft.server.log.appender.buffer.byte-limit = 33554432 (custom)
2019-07-13 09:17:21,510 INFO  server.RaftServerConfigKeys (ConfUtils.java:logGet(43)) - raft.server.log.segment.size.max = 1048576 (custom)
2019-07-13 09:17:21,510 INFO  server.RaftServerConfigKeys (ConfUtils.java:logGet(43)) - raft.server.log.segment.cache.num.max = 2 (custom)
2019-07-13 09:17:21,510 INFO  segmented.SegmentedRaftLogWorker (SegmentedRaftLogWorker.java:<init>(172)) - new 23c23bdb-c138-4b83-89f5-8b546d32104e-SegmentedRaftLogWorker:Storage Directory /tmp/workdir/hadoop-ozone/integration-test/target/test-dir/MiniOzoneClusterImpl-a27e8836-a1ea-400b-8a52-a5991d85b080/datanode-3/data/ratis/276d3271-1e94-4b4a-b965-9938fb5252aa for RaftStorage:Storage Directory /tmp/workdir/hadoop-ozone/integration-test/target/test-dir/MiniOzoneClusterImpl-a27e8836-a1ea-400b-8a52-a5991d85b080/datanode-3/data/ratis/276d3271-1e94-4b4a-b965-9938fb5252aa
2019-07-13 09:17:21,510 INFO  server.RaftServerConfigKeys (ConfUtils.java:logGet(43)) - raft.server.log.queue.byte-limit = 2147483647 (custom)
2019-07-13 09:17:21,510 INFO  server.RaftServerConfigKeys (ConfUtils.java:logGet(43)) - raft.server.log.queue.element-limit = 1024 (custom)
2019-07-13 09:17:21,511 INFO  server.RaftServerConfigKeys (ConfUtils.java:logGet(43)) - raft.server.log.segment.size.max = 1048576 (custom)
2019-07-13 09:17:21,511 INFO  server.RaftServerConfigKeys (ConfUtils.java:logGet(43)) - raft.server.log.preallocated.size = 16384 (custom)
2019-07-13 09:17:21,511 INFO  server.RaftServerConfigKeys (ConfUtils.java:logGet(43)) - raft.server.log.write.buffer.size = 33554432 (custom)
2019-07-13 09:17:21,511 INFO  server.RaftServerConfigKeys (ConfUtils.java:logGet(43)) - raft.server.log.force.sync.num = 128 (default)
2019-07-13 09:17:21,511 INFO  server.RaftServerConfigKeys (ConfUtils.java:logGet(43)) - raft.server.log.statemachine.data.sync = true (default)
2019-07-13 09:17:21,511 INFO  server.RaftServerConfigKeys (ConfUtils.java:logGet(43)) - raft.server.log.statemachine.data.sync.timeout = 10s (default)
2019-07-13 09:17:21,511 INFO  server.RaftServerConfigKeys (ConfUtils.java:logGet(43)) - raft.server.log.statemachine.data.sync.timeout.retry = -1 (default)
2019-07-13 09:17:21,512 INFO  server.RaftServerConfigKeys (ConfUtils.java:logGet(43)) - raft.server.log.statemachine.data.caching.enabled = true (custom)
2019-07-13 09:17:21,512 INFO  segmented.SegmentedRaftLogWorker (SegmentedRaftLogWorker.java:lambda$new$0(132)) - 23c23bdb-c138-4b83-89f5-8b546d32104e-SegmentedRaftLogWorker:Storage Directory /tmp/workdir/hadoop-ozone/integration-test/target/test-dir/MiniOzoneClusterImpl-a27e8836-a1ea-400b-8a52-a5991d85b080/datanode-3/data/ratis/276d3271-1e94-4b4a-b965-9938fb5252aa: flushIndex: setUnconditionally 0 -> -1
2019-07-13 09:17:21,512 INFO  server.RaftServerConfigKeys (ConfUtils.java:logGet(43)) - raft.server.snapshot.auto.trigger.enabled = true (custom)
2019-07-13 09:17:21,513 INFO  server.RaftServerConfigKeys (ConfUtils.java:logGet(43)) - raft.server.snapshot.auto.trigger.threshold = 10000 (custom)
2019-07-13 09:17:21,513 INFO  server.RaftServerConfigKeys (ConfUtils.java:logGet(43)) - raft.server.retrycache.expirytime = 600000ms (custom)
2019-07-13 09:17:21,513 INFO  impl.RaftServerImpl (RaftServerImpl.java:start(180)) - 23c23bdb-c138-4b83-89f5-8b546d32104e: start group-9938FB5252AA
2019-07-13 09:17:21,513 INFO  impl.RaftServerImpl (RaftServerImpl.java:setRole(171)) - 23c23bdb-c138-4b83-89f5-8b546d32104e:group-9938FB5252AA changes role from null to FOLLOWER at term 0 for startAsFollower
2019-07-13 09:17:21,513 INFO  impl.RoleInfo (RoleInfo.java:updateAndGet(143)) - 23c23bdb-c138-4b83-89f5-8b546d32104e: start FollowerState
2019-07-13 09:17:21,514 INFO  util.JmxRegister (JmxRegister.java:tryRegister(44)) - Successfully registered JMX Bean with object name Ratis:service=RaftServer,group=group-9938FB5252AA,id=23c23bdb-c138-4b83-89f5-8b546d32104e
2019-07-13 09:17:21,516 INFO  pipeline.PipelineStateManager (PipelineStateManager.java:addPipeline(56)) - Created pipeline Pipeline[ Id: 276d3271-1e94-4b4a-b965-9938fb5252aa, Nodes: 23c23bdb-c138-4b83-89f5-8b546d32104e{ip: 192.168.69.96, host: trunk-nightly-hmp62-43275749, networkLocation: /default-rack, certSerialId: null}, Type:RATIS, Factor:ONE, State:OPEN]
2019-07-13 09:17:21,667 INFO  node.SCMNodeManager (SCMNodeManager.java:register(269)) - Registered Data node : 84ca7385-e608-43fb-87bd-3376edbb1672{ip: 192.168.69.96, host: trunk-nightly-hmp62-43275749, networkLocation: /default-rack, certSerialId: null}
2019-07-13 09:17:21,682 INFO  impl.RaftServerProxy (RaftServerProxy.java:addNew(89)) - 84ca7385-e608-43fb-87bd-3376edbb1672: addNew group-8D4B6A80EE39:[84ca7385-e608-43fb-87bd-3376edbb1672:192.168.69.96:36158] returns group-8D4B6A80EE39:java.util.concurrent.CompletableFuture@44ce45b6[Not completed]
2019-07-13 09:17:21,683 INFO  impl.RaftServerImpl (RaftServerImpl.java:<init>(93)) - 84ca7385-e608-43fb-87bd-3376edbb1672: new RaftServerImpl for group-8D4B6A80EE39:[84ca7385-e608-43fb-87bd-3376edbb1672:192.168.69.96:36158] with ContainerStateMachine:uninitialized
2019-07-13 09:17:21,684 INFO  server.RaftServerConfigKeys (ConfUtils.java:logGet(43)) - raft.server.rpc.timeout.min = 5s (custom)
2019-07-13 09:17:21,684 INFO  server.RaftServerConfigKeys (ConfUtils.java:logGet(43)) - raft.server.rpc.timeout.max = 5200ms (custom)
2019-07-13 09:17:21,684 INFO  server.RaftServerConfigKeys (ConfUtils.java:logGet(43)) - raft.server.rpcslowness.timeout = 120s (custom)
2019-07-13 09:17:21,684 INFO  server.RaftServerConfigKeys (ConfUtils.java:logGet(43)) - raft.server.sleep.deviation.threshold = 300 (default)
2019-07-13 09:17:21,684 INFO  server.RaftServerConfigKeys (ConfUtils.java:logGet(43)) - raft.server.log.appender.install.snapshot.enabled = false (custom)
2019-07-13 09:17:21,684 INFO  impl.RaftServerImpl (ServerState.java:<init>(105)) - 84ca7385-e608-43fb-87bd-3376edbb1672:group-8D4B6A80EE39 ConfigurationManager, init=-1: [84ca7385-e608-43fb-87bd-3376edbb1672:192.168.69.96:36158], old=null, confs=<EMPTY_MAP>
2019-07-13 09:17:21,685 INFO  server.RaftServerConfigKeys (ConfUtils.java:logGet(43)) - raft.server.storage.dir = [/tmp/workdir/hadoop-ozone/integration-test/target/test-dir/MiniOzoneClusterImpl-a27e8836-a1ea-400b-8a52-a5991d85b080/datanode-4/data/ratis] (custom)
2019-07-13 09:17:21,685 INFO  storage.RaftStorageDirectory (RaftStorageDirectory.java:analyzeStorage(246)) - The storage directory /tmp/workdir/hadoop-ozone/integration-test/target/test-dir/MiniOzoneClusterImpl-a27e8836-a1ea-400b-8a52-a5991d85b080/datanode-4/data/ratis/4fe7dfdc-063b-420d-a6c9-8d4b6a80ee39 does not exist. Creating ...
2019-07-13 09:17:21,698 INFO  storage.RaftStorageDirectory (RaftStorageDirectory.java:tryLock(328)) - Lock on /tmp/workdir/hadoop-ozone/integration-test/target/test-dir/MiniOzoneClusterImpl-a27e8836-a1ea-400b-8a52-a5991d85b080/datanode-4/data/ratis/4fe7dfdc-063b-420d-a6c9-8d4b6a80ee39/in_use.lock acquired by nodename 8548@trunk-nightly-hmp62-43275749
2019-07-13 09:17:21,711 INFO  storage.RaftStorage (RaftStorage.java:format(72)) - Storage directory /tmp/workdir/hadoop-ozone/integration-test/target/test-dir/MiniOzoneClusterImpl-a27e8836-a1ea-400b-8a52-a5991d85b080/datanode-4/data/ratis/4fe7dfdc-063b-420d-a6c9-8d4b6a80ee39 has been successfully formatted.
2019-07-13 09:17:21,711 INFO  ratis.ContainerStateMachine (ContainerStateMachine.java:loadSnapshot(200)) - The snapshot info is null.Setting the last applied index to:(t:0, i:~)
2019-07-13 09:17:21,712 INFO  server.RaftServerConfigKeys (ConfUtils.java:logGet(43)) - raft.server.leader.election.timeout = 120s (custom)
2019-07-13 09:17:21,712 INFO  server.RaftServerConfigKeys (ConfUtils.java:logGet(43)) - raft.server.log.use.memory = false (default)
2019-07-13 09:17:21,712 INFO  server.RaftServerConfigKeys (ConfUtils.java:logGet(43)) - raft.server.log.purge.gap = 1000000000 (custom)
2019-07-13 09:17:21,712 INFO  server.RaftServerConfigKeys (ConfUtils.java:logGet(43)) - raft.server.log.appender.buffer.byte-limit = 33554432 (custom)
2019-07-13 09:17:21,712 INFO  server.RaftServerConfigKeys (ConfUtils.java:logGet(43)) - raft.server.log.segment.size.max = 1048576 (custom)
2019-07-13 09:17:21,712 INFO  server.RaftServerConfigKeys (ConfUtils.java:logGet(43)) - raft.server.log.segment.cache.num.max = 2 (custom)
2019-07-13 09:17:21,713 INFO  segmented.SegmentedRaftLogWorker (SegmentedRaftLogWorker.java:<init>(172)) - new 84ca7385-e608-43fb-87bd-3376edbb1672-SegmentedRaftLogWorker:Storage Directory /tmp/workdir/hadoop-ozone/integration-test/target/test-dir/MiniOzoneClusterImpl-a27e8836-a1ea-400b-8a52-a5991d85b080/datanode-4/data/ratis/4fe7dfdc-063b-420d-a6c9-8d4b6a80ee39 for RaftStorage:Storage Directory /tmp/workdir/hadoop-ozone/integration-test/target/test-dir/MiniOzoneClusterImpl-a27e8836-a1ea-400b-8a52-a5991d85b080/datanode-4/data/ratis/4fe7dfdc-063b-420d-a6c9-8d4b6a80ee39
2019-07-13 09:17:21,713 INFO  server.RaftServerConfigKeys (ConfUtils.java:logGet(43)) - raft.server.log.queue.byte-limit = 2147483647 (custom)
2019-07-13 09:17:21,713 INFO  server.RaftServerConfigKeys (ConfUtils.java:logGet(43)) - raft.server.log.queue.element-limit = 1024 (custom)
2019-07-13 09:17:21,713 INFO  server.RaftServerConfigKeys (ConfUtils.java:logGet(43)) - raft.server.log.segment.size.max = 1048576 (custom)
2019-07-13 09:17:21,713 INFO  server.RaftServerConfigKeys (ConfUtils.java:logGet(43)) - raft.server.log.preallocated.size = 16384 (custom)
2019-07-13 09:17:21,713 INFO  server.RaftServerConfigKeys (ConfUtils.java:logGet(43)) - raft.server.log.write.buffer.size = 33554432 (custom)
2019-07-13 09:17:21,714 INFO  server.RaftServerConfigKeys (ConfUtils.java:logGet(43)) - raft.server.log.force.sync.num = 128 (default)
2019-07-13 09:17:21,714 INFO  server.RaftServerConfigKeys (ConfUtils.java:logGet(43)) - raft.server.log.statemachine.data.sync = true (default)
2019-07-13 09:17:21,714 INFO  server.RaftServerConfigKeys (ConfUtils.java:logGet(43)) - raft.server.log.statemachine.data.sync.timeout = 10s (default)
2019-07-13 09:17:21,714 INFO  server.RaftServerConfigKeys (ConfUtils.java:logGet(43)) - raft.server.log.statemachine.data.sync.timeout.retry = -1 (default)
2019-07-13 09:17:21,714 INFO  server.RaftServerConfigKeys (ConfUtils.java:logGet(43)) - raft.server.log.statemachine.data.caching.enabled = true (custom)
2019-07-13 09:17:21,715 INFO  segmented.SegmentedRaftLogWorker (SegmentedRaftLogWorker.java:lambda$new$0(132)) - 84ca7385-e608-43fb-87bd-3376edbb1672-SegmentedRaftLogWorker:Storage Directory /tmp/workdir/hadoop-ozone/integration-test/target/test-dir/MiniOzoneClusterImpl-a27e8836-a1ea-400b-8a52-a5991d85b080/datanode-4/data/ratis/4fe7dfdc-063b-420d-a6c9-8d4b6a80ee39: flushIndex: setUnconditionally 0 -> -1
2019-07-13 09:17:21,715 INFO  server.RaftServerConfigKeys (ConfUtils.java:logGet(43)) - raft.server.snapshot.auto.trigger.enabled = true (custom)
2019-07-13 09:17:21,715 INFO  server.RaftServerConfigKeys (ConfUtils.java:logGet(43)) - raft.server.snapshot.auto.trigger.threshold = 10000 (custom)
2019-07-13 09:17:21,715 INFO  server.RaftServerConfigKeys (ConfUtils.java:logGet(43)) - raft.server.retrycache.expirytime = 600000ms (custom)
2019-07-13 09:17:21,716 INFO  impl.RaftServerImpl (RaftServerImpl.java:start(180)) - 84ca7385-e608-43fb-87bd-3376edbb1672: start group-8D4B6A80EE39
2019-07-13 09:17:21,716 INFO  impl.RaftServerImpl (RaftServerImpl.java:setRole(171)) - 84ca7385-e608-43fb-87bd-3376edbb1672:group-8D4B6A80EE39 changes role from null to FOLLOWER at term 0 for startAsFollower
2019-07-13 09:17:21,716 INFO  impl.RoleInfo (RoleInfo.java:updateAndGet(143)) - 84ca7385-e608-43fb-87bd-3376edbb1672: start FollowerState
2019-07-13 09:17:21,716 INFO  util.JmxRegister (JmxRegister.java:tryRegister(44)) - Successfully registered JMX Bean with object name Ratis:service=RaftServer,group=group-8D4B6A80EE39,id=84ca7385-e608-43fb-87bd-3376edbb1672
2019-07-13 09:17:21,718 INFO  pipeline.PipelineStateManager (PipelineStateManager.java:addPipeline(56)) - Created pipeline Pipeline[ Id: 4fe7dfdc-063b-420d-a6c9-8d4b6a80ee39, Nodes: 84ca7385-e608-43fb-87bd-3376edbb1672{ip: 192.168.69.96, host: trunk-nightly-hmp62-43275749, networkLocation: /default-rack, certSerialId: null}, Type:RATIS, Factor:ONE, State:OPEN]
2019-07-13 09:17:21,839 INFO  node.SCMNodeManager (SCMNodeManager.java:register(269)) - Registered Data node : fcf6d4b8-506b-42b6-93f2-dcb5bcbe3b8d{ip: 192.168.69.96, host: trunk-nightly-hmp62-43275749, networkLocation: /default-rack, certSerialId: null}
2019-07-13 09:17:21,845 INFO  impl.RaftServerProxy (RaftServerProxy.java:addNew(89)) - fcf6d4b8-506b-42b6-93f2-dcb5bcbe3b8d: addNew group-0F294C427F04:[fcf6d4b8-506b-42b6-93f2-dcb5bcbe3b8d:192.168.69.96:44346] returns group-0F294C427F04:java.util.concurrent.CompletableFuture@6cc39dbd[Not completed]
2019-07-13 09:17:21,846 INFO  impl.RaftServerImpl (RaftServerImpl.java:<init>(93)) - fcf6d4b8-506b-42b6-93f2-dcb5bcbe3b8d: new RaftServerImpl for group-0F294C427F04:[fcf6d4b8-506b-42b6-93f2-dcb5bcbe3b8d:192.168.69.96:44346] with ContainerStateMachine:uninitialized
2019-07-13 09:17:21,847 INFO  server.RaftServerConfigKeys (ConfUtils.java:logGet(43)) - raft.server.rpc.timeout.min = 5s (custom)
2019-07-13 09:17:21,847 INFO  server.RaftServerConfigKeys (ConfUtils.java:logGet(43)) - raft.server.rpc.timeout.max = 5200ms (custom)
2019-07-13 09:17:21,847 INFO  server.RaftServerConfigKeys (ConfUtils.java:logGet(43)) - raft.server.rpcslowness.timeout = 120s (custom)
2019-07-13 09:17:21,847 INFO  server.RaftServerConfigKeys (ConfUtils.java:logGet(43)) - raft.server.sleep.deviation.threshold = 300 (default)
2019-07-13 09:17:21,847 INFO  server.RaftServerConfigKeys (ConfUtils.java:logGet(43)) - raft.server.log.appender.install.snapshot.enabled = false (custom)
2019-07-13 09:17:21,847 INFO  impl.RaftServerImpl (ServerState.java:<init>(105)) - fcf6d4b8-506b-42b6-93f2-dcb5bcbe3b8d:group-0F294C427F04 ConfigurationManager, init=-1: [fcf6d4b8-506b-42b6-93f2-dcb5bcbe3b8d:192.168.69.96:44346], old=null, confs=<EMPTY_MAP>
2019-07-13 09:17:21,847 INFO  server.RaftServerConfigKeys (ConfUtils.java:logGet(43)) - raft.server.storage.dir = [/tmp/workdir/hadoop-ozone/integration-test/target/test-dir/MiniOzoneClusterImpl-a27e8836-a1ea-400b-8a52-a5991d85b080/datanode-5/data/ratis] (custom)
2019-07-13 09:17:21,848 INFO  storage.RaftStorageDirectory (RaftStorageDirectory.java:analyzeStorage(246)) - The storage directory /tmp/workdir/hadoop-ozone/integration-test/target/test-dir/MiniOzoneClusterImpl-a27e8836-a1ea-400b-8a52-a5991d85b080/datanode-5/data/ratis/1000c677-a0ef-427c-946c-0f294c427f04 does not exist. Creating ...
2019-07-13 09:17:21,861 INFO  storage.RaftStorageDirectory (RaftStorageDirectory.java:tryLock(328)) - Lock on /tmp/workdir/hadoop-ozone/integration-test/target/test-dir/MiniOzoneClusterImpl-a27e8836-a1ea-400b-8a52-a5991d85b080/datanode-5/data/ratis/1000c677-a0ef-427c-946c-0f294c427f04/in_use.lock acquired by nodename 8548@trunk-nightly-hmp62-43275749
2019-07-13 09:17:21,877 INFO  storage.RaftStorage (RaftStorage.java:format(72)) - Storage directory /tmp/workdir/hadoop-ozone/integration-test/target/test-dir/MiniOzoneClusterImpl-a27e8836-a1ea-400b-8a52-a5991d85b080/datanode-5/data/ratis/1000c677-a0ef-427c-946c-0f294c427f04 has been successfully formatted.
2019-07-13 09:17:21,878 INFO  ratis.ContainerStateMachine (ContainerStateMachine.java:loadSnapshot(200)) - The snapshot info is null.Setting the last applied index to:(t:0, i:~)
2019-07-13 09:17:21,878 INFO  server.RaftServerConfigKeys (ConfUtils.java:logGet(43)) - raft.server.leader.election.timeout = 120s (custom)
2019-07-13 09:17:21,878 INFO  server.RaftServerConfigKeys (ConfUtils.java:logGet(43)) - raft.server.log.use.memory = false (default)
2019-07-13 09:17:21,878 INFO  server.RaftServerConfigKeys (ConfUtils.java:logGet(43)) - raft.server.log.purge.gap = 1000000000 (custom)
2019-07-13 09:17:21,878 INFO  server.RaftServerConfigKeys (ConfUtils.java:logGet(43)) - raft.server.log.appender.buffer.byte-limit = 33554432 (custom)
2019-07-13 09:17:21,878 INFO  server.RaftServerConfigKeys (ConfUtils.java:logGet(43)) - raft.server.log.segment.size.max = 1048576 (custom)
2019-07-13 09:17:21,879 INFO  server.RaftServerConfigKeys (ConfUtils.java:logGet(43)) - raft.server.log.segment.cache.num.max = 2 (custom)
2019-07-13 09:17:21,879 INFO  segmented.SegmentedRaftLogWorker (SegmentedRaftLogWorker.java:<init>(172)) - new fcf6d4b8-506b-42b6-93f2-dcb5bcbe3b8d-SegmentedRaftLogWorker:Storage Directory /tmp/workdir/hadoop-ozone/integration-test/target/test-dir/MiniOzoneClusterImpl-a27e8836-a1ea-400b-8a52-a5991d85b080/datanode-5/data/ratis/1000c677-a0ef-427c-946c-0f294c427f04 for RaftStorage:Storage Directory /tmp/workdir/hadoop-ozone/integration-test/target/test-dir/MiniOzoneClusterImpl-a27e8836-a1ea-400b-8a52-a5991d85b080/datanode-5/data/ratis/1000c677-a0ef-427c-946c-0f294c427f04
2019-07-13 09:17:21,879 INFO  server.RaftServerConfigKeys (ConfUtils.java:logGet(43)) - raft.server.log.queue.byte-limit = 2147483647 (custom)
2019-07-13 09:17:21,879 INFO  server.RaftServerConfigKeys (ConfUtils.java:logGet(43)) - raft.server.log.queue.element-limit = 1024 (custom)
2019-07-13 09:17:21,879 INFO  server.RaftServerConfigKeys (ConfUtils.java:logGet(43)) - raft.server.log.segment.size.max = 1048576 (custom)
2019-07-13 09:17:21,879 INFO  server.RaftServerConfigKeys (ConfUtils.java:logGet(43)) - raft.server.log.preallocated.size = 16384 (custom)
2019-07-13 09:17:21,880 INFO  server.RaftServerConfigKeys (ConfUtils.java:logGet(43)) - raft.server.log.write.buffer.size = 33554432 (custom)
2019-07-13 09:17:21,880 INFO  server.RaftServerConfigKeys (ConfUtils.java:logGet(43)) - raft.server.log.force.sync.num = 128 (default)
2019-07-13 09:17:21,880 INFO  server.RaftServerConfigKeys (ConfUtils.java:logGet(43)) - raft.server.log.statemachine.data.sync = true (default)
2019-07-13 09:17:21,880 INFO  server.RaftServerConfigKeys (ConfUtils.java:logGet(43)) - raft.server.log.statemachine.data.sync.timeout = 10s (default)
2019-07-13 09:17:21,880 INFO  server.RaftServerConfigKeys (ConfUtils.java:logGet(43)) - raft.server.log.statemachine.data.sync.timeout.retry = -1 (default)
2019-07-13 09:17:21,880 INFO  server.RaftServerConfigKeys (ConfUtils.java:logGet(43)) - raft.server.log.statemachine.data.caching.enabled = true (custom)
2019-07-13 09:17:21,881 INFO  segmented.SegmentedRaftLogWorker (SegmentedRaftLogWorker.java:lambda$new$0(132)) - fcf6d4b8-506b-42b6-93f2-dcb5bcbe3b8d-SegmentedRaftLogWorker:Storage Directory /tmp/workdir/hadoop-ozone/integration-test/target/test-dir/MiniOzoneClusterImpl-a27e8836-a1ea-400b-8a52-a5991d85b080/datanode-5/data/ratis/1000c677-a0ef-427c-946c-0f294c427f04: flushIndex: setUnconditionally 0 -> -1
2019-07-13 09:17:21,881 INFO  server.RaftServerConfigKeys (ConfUtils.java:logGet(43)) - raft.server.snapshot.auto.trigger.enabled = true (custom)
2019-07-13 09:17:21,881 INFO  server.RaftServerConfigKeys (ConfUtils.java:logGet(43)) - raft.server.snapshot.auto.trigger.threshold = 10000 (custom)
2019-07-13 09:17:21,881 INFO  server.RaftServerConfigKeys (ConfUtils.java:logGet(43)) - raft.server.retrycache.expirytime = 600000ms (custom)
2019-07-13 09:17:21,882 INFO  impl.RaftServerImpl (RaftServerImpl.java:start(180)) - fcf6d4b8-506b-42b6-93f2-dcb5bcbe3b8d: start group-0F294C427F04
2019-07-13 09:17:21,882 INFO  impl.RaftServerImpl (RaftServerImpl.java:setRole(171)) - fcf6d4b8-506b-42b6-93f2-dcb5bcbe3b8d:group-0F294C427F04 changes role from null to FOLLOWER at term 0 for startAsFollower
2019-07-13 09:17:21,882 INFO  impl.RoleInfo (RoleInfo.java:updateAndGet(143)) - fcf6d4b8-506b-42b6-93f2-dcb5bcbe3b8d: start FollowerState
2019-07-13 09:17:21,882 INFO  util.JmxRegister (JmxRegister.java:tryRegister(44)) - Successfully registered JMX Bean with object name Ratis:service=RaftServer,group=group-0F294C427F04,id=fcf6d4b8-506b-42b6-93f2-dcb5bcbe3b8d
2019-07-13 09:17:21,884 INFO  pipeline.PipelineStateManager (PipelineStateManager.java:addPipeline(56)) - Created pipeline Pipeline[ Id: 1000c677-a0ef-427c-946c-0f294c427f04, Nodes: fcf6d4b8-506b-42b6-93f2-dcb5bcbe3b8d{ip: 192.168.69.96, host: trunk-nightly-hmp62-43275749, networkLocation: /default-rack, certSerialId: null}, Type:RATIS, Factor:ONE, State:OPEN]
2019-07-13 09:17:21,899 INFO  impl.RaftServerProxy (RaftServerProxy.java:addNew(89)) - 84ca7385-e608-43fb-87bd-3376edbb1672: addNew group-FA5034E93053:[23c23bdb-c138-4b83-89f5-8b546d32104e:192.168.69.96:35637, fcf6d4b8-506b-42b6-93f2-dcb5bcbe3b8d:192.168.69.96:44346, 84ca7385-e608-43fb-87bd-3376edbb1672:192.168.69.96:36158] returns group-FA5034E93053:java.util.concurrent.CompletableFuture@638a24b9[Not completed]
2019-07-13 09:17:21,899 INFO  impl.RaftServerProxy (RaftServerProxy.java:addNew(89)) - 23c23bdb-c138-4b83-89f5-8b546d32104e: addNew group-FA5034E93053:[23c23bdb-c138-4b83-89f5-8b546d32104e:192.168.69.96:35637, fcf6d4b8-506b-42b6-93f2-dcb5bcbe3b8d:192.168.69.96:44346, 84ca7385-e608-43fb-87bd-3376edbb1672:192.168.69.96:36158] returns group-FA5034E93053:java.util.concurrent.CompletableFuture@2628e276[Not completed]
2019-07-13 09:17:21,899 INFO  impl.RaftServerProxy (RaftServerProxy.java:addNew(89)) - fcf6d4b8-506b-42b6-93f2-dcb5bcbe3b8d: addNew group-FA5034E93053:[23c23bdb-c138-4b83-89f5-8b546d32104e:192.168.69.96:35637, fcf6d4b8-506b-42b6-93f2-dcb5bcbe3b8d:192.168.69.96:44346, 84ca7385-e608-43fb-87bd-3376edbb1672:192.168.69.96:36158] returns group-FA5034E93053:java.util.concurrent.CompletableFuture@3feba253[Not completed]
2019-07-13 09:17:21,900 INFO  impl.RaftServerImpl (RaftServerImpl.java:<init>(93)) - 23c23bdb-c138-4b83-89f5-8b546d32104e: new RaftServerImpl for group-FA5034E93053:[23c23bdb-c138-4b83-89f5-8b546d32104e:192.168.69.96:35637, fcf6d4b8-506b-42b6-93f2-dcb5bcbe3b8d:192.168.69.96:44346, 84ca7385-e608-43fb-87bd-3376edbb1672:192.168.69.96:36158] with ContainerStateMachine:uninitialized
2019-07-13 09:17:21,900 INFO  server.RaftServerConfigKeys (ConfUtils.java:logGet(43)) - raft.server.rpc.timeout.min = 5s (custom)
2019-07-13 09:17:21,900 INFO  server.RaftServerConfigKeys (ConfUtils.java:logGet(43)) - raft.server.rpc.timeout.max = 5200ms (custom)
2019-07-13 09:17:21,900 INFO  impl.RaftServerImpl (RaftServerImpl.java:<init>(93)) - fcf6d4b8-506b-42b6-93f2-dcb5bcbe3b8d: new RaftServerImpl for group-FA5034E93053:[23c23bdb-c138-4b83-89f5-8b546d32104e:192.168.69.96:35637, fcf6d4b8-506b-42b6-93f2-dcb5bcbe3b8d:192.168.69.96:44346, 84ca7385-e608-43fb-87bd-3376edbb1672:192.168.69.96:36158] with ContainerStateMachine:uninitialized
2019-07-13 09:17:21,900 INFO  server.RaftServerConfigKeys (ConfUtils.java:logGet(43)) - raft.server.rpcslowness.timeout = 120s (custom)
2019-07-13 09:17:21,901 INFO  server.RaftServerConfigKeys (ConfUtils.java:logGet(43)) - raft.server.rpc.timeout.min = 5s (custom)
2019-07-13 09:17:21,901 INFO  impl.RaftServerImpl (RaftServerImpl.java:<init>(93)) - 84ca7385-e608-43fb-87bd-3376edbb1672: new RaftServerImpl for group-FA5034E93053:[23c23bdb-c138-4b83-89f5-8b546d32104e:192.168.69.96:35637, fcf6d4b8-506b-42b6-93f2-dcb5bcbe3b8d:192.168.69.96:44346, 84ca7385-e608-43fb-87bd-3376edbb1672:192.168.69.96:36158] with ContainerStateMachine:uninitialized
2019-07-13 09:17:21,901 INFO  server.RaftServerConfigKeys (ConfUtils.java:logGet(43)) - raft.server.sleep.deviation.threshold = 300 (default)
2019-07-13 09:17:21,901 INFO  server.RaftServerConfigKeys (ConfUtils.java:logGet(43)) - raft.server.rpc.timeout.min = 5s (custom)
2019-07-13 09:17:21,901 INFO  server.RaftServerConfigKeys (ConfUtils.java:logGet(43)) - raft.server.rpc.timeout.max = 5200ms (custom)
2019-07-13 09:17:21,901 INFO  server.RaftServerConfigKeys (ConfUtils.java:logGet(43)) - raft.server.rpc.timeout.max = 5200ms (custom)
2019-07-13 09:17:21,902 INFO  server.RaftServerConfigKeys (ConfUtils.java:logGet(43)) - raft.server.rpcslowness.timeout = 120s (custom)
2019-07-13 09:17:21,901 INFO  server.RaftServerConfigKeys (ConfUtils.java:logGet(43)) - raft.server.log.appender.install.snapshot.enabled = false (custom)
2019-07-13 09:17:21,902 INFO  server.RaftServerConfigKeys (ConfUtils.java:logGet(43)) - raft.server.sleep.deviation.threshold = 300 (default)
2019-07-13 09:17:21,901 INFO  server.RaftServerConfigKeys (ConfUtils.java:logGet(43)) - raft.server.rpcslowness.timeout = 120s (custom)
2019-07-13 09:17:21,902 INFO  server.RaftServerConfigKeys (ConfUtils.java:logGet(43)) - raft.server.log.appender.install.snapshot.enabled = false (custom)
2019-07-13 09:17:21,902 INFO  impl.RaftServerImpl (ServerState.java:<init>(105)) - 23c23bdb-c138-4b83-89f5-8b546d32104e:group-FA5034E93053 ConfigurationManager, init=-1: [23c23bdb-c138-4b83-89f5-8b546d32104e:192.168.69.96:35637, fcf6d4b8-506b-42b6-93f2-dcb5bcbe3b8d:192.168.69.96:44346, 84ca7385-e608-43fb-87bd-3376edbb1672:192.168.69.96:36158], old=null, confs=<EMPTY_MAP>
2019-07-13 09:17:21,902 INFO  impl.RaftServerImpl (ServerState.java:<init>(105)) - 84ca7385-e608-43fb-87bd-3376edbb1672:group-FA5034E93053 ConfigurationManager, init=-1: [23c23bdb-c138-4b83-89f5-8b546d32104e:192.168.69.96:35637, fcf6d4b8-506b-42b6-93f2-dcb5bcbe3b8d:192.168.69.96:44346, 84ca7385-e608-43fb-87bd-3376edbb1672:192.168.69.96:36158], old=null, confs=<EMPTY_MAP>
2019-07-13 09:17:21,902 INFO  server.RaftServerConfigKeys (ConfUtils.java:logGet(43)) - raft.server.sleep.deviation.threshold = 300 (default)
2019-07-13 09:17:21,903 INFO  server.RaftServerConfigKeys (ConfUtils.java:logGet(43)) - raft.server.storage.dir = [/tmp/workdir/hadoop-ozone/integration-test/target/test-dir/MiniOzoneClusterImpl-a27e8836-a1ea-400b-8a52-a5991d85b080/datanode-4/data/ratis] (custom)
2019-07-13 09:17:21,902 INFO  server.RaftServerConfigKeys (ConfUtils.java:logGet(43)) - raft.server.storage.dir = [/tmp/workdir/hadoop-ozone/integration-test/target/test-dir/MiniOzoneClusterImpl-a27e8836-a1ea-400b-8a52-a5991d85b080/datanode-3/data/ratis] (custom)
2019-07-13 09:17:21,903 INFO  server.RaftServerConfigKeys (ConfUtils.java:logGet(43)) - raft.server.log.appender.install.snapshot.enabled = false (custom)
2019-07-13 09:17:21,903 INFO  storage.RaftStorageDirectory (RaftStorageDirectory.java:analyzeStorage(246)) - The storage directory /tmp/workdir/hadoop-ozone/integration-test/target/test-dir/MiniOzoneClusterImpl-a27e8836-a1ea-400b-8a52-a5991d85b080/datanode-4/data/ratis/c193916d-813e-4def-a346-fa5034e93053 does not exist. Creating ...
2019-07-13 09:17:21,903 INFO  storage.RaftStorageDirectory (RaftStorageDirectory.java:analyzeStorage(246)) - The storage directory /tmp/workdir/hadoop-ozone/integration-test/target/test-dir/MiniOzoneClusterImpl-a27e8836-a1ea-400b-8a52-a5991d85b080/datanode-3/data/ratis/c193916d-813e-4def-a346-fa5034e93053 does not exist. Creating ...
2019-07-13 09:17:21,903 INFO  impl.RaftServerImpl (ServerState.java:<init>(105)) - fcf6d4b8-506b-42b6-93f2-dcb5bcbe3b8d:group-FA5034E93053 ConfigurationManager, init=-1: [23c23bdb-c138-4b83-89f5-8b546d32104e:192.168.69.96:35637, fcf6d4b8-506b-42b6-93f2-dcb5bcbe3b8d:192.168.69.96:44346, 84ca7385-e608-43fb-87bd-3376edbb1672:192.168.69.96:36158], old=null, confs=<EMPTY_MAP>
2019-07-13 09:17:21,904 INFO  server.RaftServerConfigKeys (ConfUtils.java:logGet(43)) - raft.server.storage.dir = [/tmp/workdir/hadoop-ozone/integration-test/target/test-dir/MiniOzoneClusterImpl-a27e8836-a1ea-400b-8a52-a5991d85b080/datanode-5/data/ratis] (custom)
2019-07-13 09:17:21,904 INFO  storage.RaftStorageDirectory (RaftStorageDirectory.java:analyzeStorage(246)) - The storage directory /tmp/workdir/hadoop-ozone/integration-test/target/test-dir/MiniOzoneClusterImpl-a27e8836-a1ea-400b-8a52-a5991d85b080/datanode-5/data/ratis/c193916d-813e-4def-a346-fa5034e93053 does not exist. Creating ...
2019-07-13 09:17:21,917 INFO  storage.RaftStorageDirectory (RaftStorageDirectory.java:tryLock(328)) - Lock on /tmp/workdir/hadoop-ozone/integration-test/target/test-dir/MiniOzoneClusterImpl-a27e8836-a1ea-400b-8a52-a5991d85b080/datanode-4/data/ratis/c193916d-813e-4def-a346-fa5034e93053/in_use.lock acquired by nodename 8548@trunk-nightly-hmp62-43275749
2019-07-13 09:17:21,918 INFO  storage.RaftStorageDirectory (RaftStorageDirectory.java:tryLock(328)) - Lock on /tmp/workdir/hadoop-ozone/integration-test/target/test-dir/MiniOzoneClusterImpl-a27e8836-a1ea-400b-8a52-a5991d85b080/datanode-3/data/ratis/c193916d-813e-4def-a346-fa5034e93053/in_use.lock acquired by nodename 8548@trunk-nightly-hmp62-43275749
2019-07-13 09:17:21,917 INFO  storage.RaftStorageDirectory (RaftStorageDirectory.java:tryLock(328)) - Lock on /tmp/workdir/hadoop-ozone/integration-test/target/test-dir/MiniOzoneClusterImpl-a27e8836-a1ea-400b-8a52-a5991d85b080/datanode-5/data/ratis/c193916d-813e-4def-a346-fa5034e93053/in_use.lock acquired by nodename 8548@trunk-nightly-hmp62-43275749
2019-07-13 09:17:21,932 INFO  storage.RaftStorage (RaftStorage.java:format(72)) - Storage directory /tmp/workdir/hadoop-ozone/integration-test/target/test-dir/MiniOzoneClusterImpl-a27e8836-a1ea-400b-8a52-a5991d85b080/datanode-4/data/ratis/c193916d-813e-4def-a346-fa5034e93053 has been successfully formatted.
2019-07-13 09:17:21,932 INFO  storage.RaftStorage (RaftStorage.java:format(72)) - Storage directory /tmp/workdir/hadoop-ozone/integration-test/target/test-dir/MiniOzoneClusterImpl-a27e8836-a1ea-400b-8a52-a5991d85b080/datanode-3/data/ratis/c193916d-813e-4def-a346-fa5034e93053 has been successfully formatted.
2019-07-13 09:17:21,932 INFO  storage.RaftStorage (RaftStorage.java:format(72)) - Storage directory /tmp/workdir/hadoop-ozone/integration-test/target/test-dir/MiniOzoneClusterImpl-a27e8836-a1ea-400b-8a52-a5991d85b080/datanode-5/data/ratis/c193916d-813e-4def-a346-fa5034e93053 has been successfully formatted.
2019-07-13 09:17:21,932 INFO  ratis.ContainerStateMachine (ContainerStateMachine.java:loadSnapshot(200)) - The snapshot info is null.Setting the last applied index to:(t:0, i:~)
2019-07-13 09:17:21,932 INFO  ratis.ContainerStateMachine (ContainerStateMachine.java:loadSnapshot(200)) - The snapshot info is null.Setting the last applied index to:(t:0, i:~)
2019-07-13 09:17:21,932 INFO  ratis.ContainerStateMachine (ContainerStateMachine.java:loadSnapshot(200)) - The snapshot info is null.Setting the last applied index to:(t:0, i:~)
2019-07-13 09:17:21,932 INFO  server.RaftServerConfigKeys (ConfUtils.java:logGet(43)) - raft.server.leader.election.timeout = 120s (custom)
2019-07-13 09:17:21,932 INFO  server.RaftServerConfigKeys (ConfUtils.java:logGet(43)) - raft.server.leader.election.timeout = 120s (custom)
2019-07-13 09:17:21,933 INFO  server.RaftServerConfigKeys (ConfUtils.java:logGet(43)) - raft.server.log.use.memory = false (default)
2019-07-13 09:17:21,933 INFO  server.RaftServerConfigKeys (ConfUtils.java:logGet(43)) - raft.server.leader.election.timeout = 120s (custom)
2019-07-13 09:17:21,933 INFO  server.RaftServerConfigKeys (ConfUtils.java:logGet(43)) - raft.server.log.purge.gap = 1000000000 (custom)
2019-07-13 09:17:21,933 INFO  server.RaftServerConfigKeys (ConfUtils.java:logGet(43)) - raft.server.log.use.memory = false (default)
2019-07-13 09:17:21,933 INFO  server.RaftServerConfigKeys (ConfUtils.java:logGet(43)) - raft.server.log.appender.buffer.byte-limit = 33554432 (custom)
2019-07-13 09:17:21,933 INFO  server.RaftServerConfigKeys (ConfUtils.java:logGet(43)) - raft.server.log.use.memory = false (default)
2019-07-13 09:17:21,934 INFO  server.RaftServerConfigKeys (ConfUtils.java:logGet(43)) - raft.server.log.segment.size.max = 1048576 (custom)
2019-07-13 09:17:21,933 INFO  server.RaftServerConfigKeys (ConfUtils.java:logGet(43)) - raft.server.log.purge.gap = 1000000000 (custom)
2019-07-13 09:17:21,934 INFO  server.RaftServerConfigKeys (ConfUtils.java:logGet(43)) - raft.server.log.segment.cache.num.max = 2 (custom)
2019-07-13 09:17:21,934 INFO  segmented.SegmentedRaftLogWorker (SegmentedRaftLogWorker.java:<init>(172)) - new fcf6d4b8-506b-42b6-93f2-dcb5bcbe3b8d-SegmentedRaftLogWorker:Storage Directory /tmp/workdir/hadoop-ozone/integration-test/target/test-dir/MiniOzoneClusterImpl-a27e8836-a1ea-400b-8a52-a5991d85b080/datanode-5/data/ratis/c193916d-813e-4def-a346-fa5034e93053 for RaftStorage:Storage Directory /tmp/workdir/hadoop-ozone/integration-test/target/test-dir/MiniOzoneClusterImpl-a27e8836-a1ea-400b-8a52-a5991d85b080/datanode-5/data/ratis/c193916d-813e-4def-a346-fa5034e93053
2019-07-13 09:17:21,934 INFO  server.RaftServerConfigKeys (ConfUtils.java:logGet(43)) - raft.server.log.purge.gap = 1000000000 (custom)
2019-07-13 09:17:21,934 INFO  server.RaftServerConfigKeys (ConfUtils.java:logGet(43)) - raft.server.log.queue.byte-limit = 2147483647 (custom)
2019-07-13 09:17:21,935 INFO  server.RaftServerConfigKeys (ConfUtils.java:logGet(43)) - raft.server.log.queue.element-limit = 1024 (custom)
2019-07-13 09:17:21,934 INFO  server.RaftServerConfigKeys (ConfUtils.java:logGet(43)) - raft.server.log.appender.buffer.byte-limit = 33554432 (custom)
2019-07-13 09:17:21,935 INFO  server.RaftServerConfigKeys (ConfUtils.java:logGet(43)) - raft.server.log.segment.size.max = 1048576 (custom)
2019-07-13 09:17:21,935 INFO  server.RaftServerConfigKeys (ConfUtils.java:logGet(43)) - raft.server.log.preallocated.size = 16384 (custom)
2019-07-13 09:17:21,935 INFO  server.RaftServerConfigKeys (ConfUtils.java:logGet(43)) - raft.server.log.appender.buffer.byte-limit = 33554432 (custom)
2019-07-13 09:17:21,935 INFO  server.RaftServerConfigKeys (ConfUtils.java:logGet(43)) - raft.server.log.write.buffer.size = 33554432 (custom)
2019-07-13 09:17:21,935 INFO  server.RaftServerConfigKeys (ConfUtils.java:logGet(43)) - raft.server.log.segment.size.max = 1048576 (custom)
2019-07-13 09:17:21,936 INFO  server.RaftServerConfigKeys (ConfUtils.java:logGet(43)) - raft.server.log.force.sync.num = 128 (default)
2019-07-13 09:17:21,936 INFO  server.RaftServerConfigKeys (ConfUtils.java:logGet(43)) - raft.server.log.segment.size.max = 1048576 (custom)
2019-07-13 09:17:21,936 INFO  server.RaftServerConfigKeys (ConfUtils.java:logGet(43)) - raft.server.log.statemachine.data.sync = true (default)
2019-07-13 09:17:21,936 INFO  server.RaftServerConfigKeys (ConfUtils.java:logGet(43)) - raft.server.log.statemachine.data.sync.timeout = 10s (default)
2019-07-13 09:17:21,936 INFO  server.RaftServerConfigKeys (ConfUtils.java:logGet(43)) - raft.server.log.segment.cache.num.max = 2 (custom)
2019-07-13 09:17:21,936 INFO  server.RaftServerConfigKeys (ConfUtils.java:logGet(43)) - raft.server.log.statemachine.data.sync.timeout.retry = -1 (default)
2019-07-13 09:17:21,936 INFO  server.RaftServerConfigKeys (ConfUtils.java:logGet(43)) - raft.server.log.segment.cache.num.max = 2 (custom)
2019-07-13 09:17:21,937 INFO  server.RaftServerConfigKeys (ConfUtils.java:logGet(43)) - raft.server.log.statemachine.data.caching.enabled = true (custom)
2019-07-13 09:17:21,937 INFO  segmented.SegmentedRaftLogWorker (SegmentedRaftLogWorker.java:<init>(172)) - new 23c23bdb-c138-4b83-89f5-8b546d32104e-SegmentedRaftLogWorker:Storage Directory /tmp/workdir/hadoop-ozone/integration-test/target/test-dir/MiniOzoneClusterImpl-a27e8836-a1ea-400b-8a52-a5991d85b080/datanode-3/data/ratis/c193916d-813e-4def-a346-fa5034e93053 for RaftStorage:Storage Directory /tmp/workdir/hadoop-ozone/integration-test/target/test-dir/MiniOzoneClusterImpl-a27e8836-a1ea-400b-8a52-a5991d85b080/datanode-3/data/ratis/c193916d-813e-4def-a346-fa5034e93053
2019-07-13 09:17:21,937 INFO  segmented.SegmentedRaftLogWorker (SegmentedRaftLogWorker.java:<init>(172)) - new 84ca7385-e608-43fb-87bd-3376edbb1672-SegmentedRaftLogWorker:Storage Directory /tmp/workdir/hadoop-ozone/integration-test/target/test-dir/MiniOzoneClusterImpl-a27e8836-a1ea-400b-8a52-a5991d85b080/datanode-4/data/ratis/c193916d-813e-4def-a346-fa5034e93053 for RaftStorage:Storage Directory /tmp/workdir/hadoop-ozone/integration-test/target/test-dir/MiniOzoneClusterImpl-a27e8836-a1ea-400b-8a52-a5991d85b080/datanode-4/data/ratis/c193916d-813e-4def-a346-fa5034e93053
2019-07-13 09:17:21,937 INFO  segmented.SegmentedRaftLogWorker (SegmentedRaftLogWorker.java:lambda$new$0(132)) - fcf6d4b8-506b-42b6-93f2-dcb5bcbe3b8d-SegmentedRaftLogWorker:Storage Directory /tmp/workdir/hadoop-ozone/integration-test/target/test-dir/MiniOzoneClusterImpl-a27e8836-a1ea-400b-8a52-a5991d85b080/datanode-5/data/ratis/c193916d-813e-4def-a346-fa5034e93053: flushIndex: setUnconditionally 0 -> -1
2019-07-13 09:17:21,937 INFO  server.RaftServerConfigKeys (ConfUtils.java:logGet(43)) - raft.server.log.queue.byte-limit = 2147483647 (custom)
2019-07-13 09:17:21,937 INFO  server.RaftServerConfigKeys (ConfUtils.java:logGet(43)) - raft.server.log.queue.byte-limit = 2147483647 (custom)
2019-07-13 09:17:21,938 INFO  server.RaftServerConfigKeys (ConfUtils.java:logGet(43)) - raft.server.snapshot.auto.trigger.enabled = true (custom)
2019-07-13 09:17:21,938 INFO  server.RaftServerConfigKeys (ConfUtils.java:logGet(43)) - raft.server.log.queue.element-limit = 1024 (custom)
2019-07-13 09:17:21,938 INFO  server.RaftServerConfigKeys (ConfUtils.java:logGet(43)) - raft.server.snapshot.auto.trigger.threshold = 10000 (custom)
2019-07-13 09:17:21,938 INFO  server.RaftServerConfigKeys (ConfUtils.java:logGet(43)) - raft.server.log.queue.element-limit = 1024 (custom)
2019-07-13 09:17:21,938 INFO  server.RaftServerConfigKeys (ConfUtils.java:logGet(43)) - raft.server.retrycache.expirytime = 600000ms (custom)
2019-07-13 09:17:21,938 INFO  server.RaftServerConfigKeys (ConfUtils.java:logGet(43)) - raft.server.log.segment.size.max = 1048576 (custom)
2019-07-13 09:17:21,939 INFO  impl.RaftServerImpl (RaftServerImpl.java:start(180)) - fcf6d4b8-506b-42b6-93f2-dcb5bcbe3b8d: start group-FA5034E93053
2019-07-13 09:17:21,939 INFO  server.RaftServerConfigKeys (ConfUtils.java:logGet(43)) - raft.server.log.segment.size.max = 1048576 (custom)
2019-07-13 09:17:21,939 INFO  impl.RaftServerImpl (RaftServerImpl.java:setRole(171)) - fcf6d4b8-506b-42b6-93f2-dcb5bcbe3b8d:group-FA5034E93053 changes role from null to FOLLOWER at term 0 for startAsFollower
2019-07-13 09:17:21,939 INFO  server.RaftServerConfigKeys (ConfUtils.java:logGet(43)) - raft.server.log.preallocated.size = 16384 (custom)
2019-07-13 09:17:21,939 INFO  impl.RoleInfo (RoleInfo.java:updateAndGet(143)) - fcf6d4b8-506b-42b6-93f2-dcb5bcbe3b8d: start FollowerState
2019-07-13 09:17:21,939 INFO  server.RaftServerConfigKeys (ConfUtils.java:logGet(43)) - raft.server.log.preallocated.size = 16384 (custom)
2019-07-13 09:17:21,939 INFO  server.RaftServerConfigKeys (ConfUtils.java:logGet(43)) - raft.server.log.write.buffer.size = 33554432 (custom)
2019-07-13 09:17:21,940 INFO  util.JmxRegister (JmxRegister.java:tryRegister(44)) - Successfully registered JMX Bean with object name Ratis:service=RaftServer,group=group-FA5034E93053,id=fcf6d4b8-506b-42b6-93f2-dcb5bcbe3b8d
2019-07-13 09:17:21,940 INFO  server.RaftServerConfigKeys (ConfUtils.java:logGet(43)) - raft.server.log.write.buffer.size = 33554432 (custom)
2019-07-13 09:17:21,940 INFO  server.RaftServerConfigKeys (ConfUtils.java:logGet(43)) - raft.server.log.force.sync.num = 128 (default)
2019-07-13 09:17:21,940 INFO  server.RaftServerConfigKeys (ConfUtils.java:logGet(43)) - raft.server.log.force.sync.num = 128 (default)
2019-07-13 09:17:21,940 INFO  server.RaftServerConfigKeys (ConfUtils.java:logGet(43)) - raft.server.log.statemachine.data.sync = true (default)
2019-07-13 09:17:21,940 INFO  server.RaftServerConfigKeys (ConfUtils.java:logGet(43)) - raft.server.log.statemachine.data.sync = true (default)
2019-07-13 09:17:21,941 INFO  server.RaftServerConfigKeys (ConfUtils.java:logGet(43)) - raft.server.log.statemachine.data.sync.timeout = 10s (default)
2019-07-13 09:17:21,941 INFO  server.RaftServerConfigKeys (ConfUtils.java:logGet(43)) - raft.server.log.statemachine.data.sync.timeout = 10s (default)
2019-07-13 09:17:21,941 INFO  server.RaftServerConfigKeys (ConfUtils.java:logGet(43)) - raft.server.log.statemachine.data.sync.timeout.retry = -1 (default)
2019-07-13 09:17:21,941 INFO  server.RaftServerConfigKeys (ConfUtils.java:logGet(43)) - raft.server.log.statemachine.data.sync.timeout.retry = -1 (default)
2019-07-13 09:17:21,941 INFO  server.RaftServerConfigKeys (ConfUtils.java:logGet(43)) - raft.server.log.statemachine.data.caching.enabled = true (custom)
2019-07-13 09:17:21,941 INFO  server.RaftServerConfigKeys (ConfUtils.java:logGet(43)) - raft.server.log.statemachine.data.caching.enabled = true (custom)
2019-07-13 09:17:21,942 INFO  segmented.SegmentedRaftLogWorker (SegmentedRaftLogWorker.java:lambda$new$0(132)) - 23c23bdb-c138-4b83-89f5-8b546d32104e-SegmentedRaftLogWorker:Storage Directory /tmp/workdir/hadoop-ozone/integration-test/target/test-dir/MiniOzoneClusterImpl-a27e8836-a1ea-400b-8a52-a5991d85b080/datanode-3/data/ratis/c193916d-813e-4def-a346-fa5034e93053: flushIndex: setUnconditionally 0 -> -1
2019-07-13 09:17:21,942 INFO  segmented.SegmentedRaftLogWorker (SegmentedRaftLogWorker.java:lambda$new$0(132)) - 84ca7385-e608-43fb-87bd-3376edbb1672-SegmentedRaftLogWorker:Storage Directory /tmp/workdir/hadoop-ozone/integration-test/target/test-dir/MiniOzoneClusterImpl-a27e8836-a1ea-400b-8a52-a5991d85b080/datanode-4/data/ratis/c193916d-813e-4def-a346-fa5034e93053: flushIndex: setUnconditionally 0 -> -1
2019-07-13 09:17:21,942 INFO  server.RaftServerConfigKeys (ConfUtils.java:logGet(43)) - raft.server.snapshot.auto.trigger.enabled = true (custom)
2019-07-13 09:17:21,942 INFO  server.RaftServerConfigKeys (ConfUtils.java:logGet(43)) - raft.server.snapshot.auto.trigger.threshold = 10000 (custom)
2019-07-13 09:17:21,942 INFO  server.RaftServerConfigKeys (ConfUtils.java:logGet(43)) - raft.server.snapshot.auto.trigger.enabled = true (custom)
2019-07-13 09:17:21,942 INFO  server.RaftServerConfigKeys (ConfUtils.java:logGet(43)) - raft.server.retrycache.expirytime = 600000ms (custom)
2019-07-13 09:17:21,942 INFO  server.RaftServerConfigKeys (ConfUtils.java:logGet(43)) - raft.server.snapshot.auto.trigger.threshold = 10000 (custom)
2019-07-13 09:17:21,943 INFO  impl.RaftServerImpl (RaftServerImpl.java:start(180)) - 23c23bdb-c138-4b83-89f5-8b546d32104e: start group-FA5034E93053
2019-07-13 09:17:21,943 INFO  server.RaftServerConfigKeys (ConfUtils.java:logGet(43)) - raft.server.retrycache.expirytime = 600000ms (custom)
2019-07-13 09:17:21,943 INFO  impl.RaftServerImpl (RaftServerImpl.java:setRole(171)) - 23c23bdb-c138-4b83-89f5-8b546d32104e:group-FA5034E93053 changes role from null to FOLLOWER at term 0 for startAsFollower
2019-07-13 09:17:21,943 INFO  impl.RaftServerImpl (RaftServerImpl.java:start(180)) - 84ca7385-e608-43fb-87bd-3376edbb1672: start group-FA5034E93053
2019-07-13 09:17:21,943 INFO  impl.RoleInfo (RoleInfo.java:updateAndGet(143)) - 23c23bdb-c138-4b83-89f5-8b546d32104e: start FollowerState
2019-07-13 09:17:21,943 INFO  impl.RaftServerImpl (RaftServerImpl.java:setRole(171)) - 84ca7385-e608-43fb-87bd-3376edbb1672:group-FA5034E93053 changes role from null to FOLLOWER at term 0 for startAsFollower
2019-07-13 09:17:21,943 INFO  impl.RoleInfo (RoleInfo.java:updateAndGet(143)) - 84ca7385-e608-43fb-87bd-3376edbb1672: start FollowerState
2019-07-13 09:17:21,944 INFO  util.JmxRegister (JmxRegister.java:tryRegister(44)) - Successfully registered JMX Bean with object name Ratis:service=RaftServer,group=group-FA5034E93053,id=23c23bdb-c138-4b83-89f5-8b546d32104e
2019-07-13 09:17:21,944 INFO  util.JmxRegister (JmxRegister.java:tryRegister(44)) - Successfully registered JMX Bean with object name Ratis:service=RaftServer,group=group-FA5034E93053,id=84ca7385-e608-43fb-87bd-3376edbb1672
2019-07-13 09:17:21,946 INFO  pipeline.PipelineStateManager (PipelineStateManager.java:addPipeline(56)) - Created pipeline Pipeline[ Id: c193916d-813e-4def-a346-fa5034e93053, Nodes: fcf6d4b8-506b-42b6-93f2-dcb5bcbe3b8d{ip: 192.168.69.96, host: trunk-nightly-hmp62-43275749, networkLocation: /default-rack, certSerialId: null}84ca7385-e608-43fb-87bd-3376edbb1672{ip: 192.168.69.96, host: trunk-nightly-hmp62-43275749, networkLocation: /default-rack, certSerialId: null}23c23bdb-c138-4b83-89f5-8b546d32104e{ip: 192.168.69.96, host: trunk-nightly-hmp62-43275749, networkLocation: /default-rack, certSerialId: null}, Type:RATIS, Factor:THREE, State:OPEN]
2019-07-13 09:17:22,174 INFO  node.SCMNodeManager (SCMNodeManager.java:register(269)) - Registered Data node : 21344e2b-dee5-4662-b70e-029b55df8245{ip: 192.168.69.96, host: trunk-nightly-hmp62-43275749, networkLocation: /default-rack, certSerialId: null}
2019-07-13 09:17:22,177 INFO  ozone.MiniOzoneClusterImpl (MiniOzoneClusterImpl.java:lambda$waitForClusterToBeReady$0(142)) - Cluster is ready. Got 7 of 7 DN Heartbeats.
2019-07-13 09:17:22,190 INFO  impl.RaftServerProxy (RaftServerProxy.java:addNew(89)) - 21344e2b-dee5-4662-b70e-029b55df8245: addNew group-B8528E2AFBB7:[21344e2b-dee5-4662-b70e-029b55df8245:192.168.69.96:35953] returns group-B8528E2AFBB7:java.util.concurrent.CompletableFuture@7d83cb53[Not completed]
2019-07-13 09:17:22,194 INFO  impl.RaftServerImpl (RaftServerImpl.java:<init>(93)) - 21344e2b-dee5-4662-b70e-029b55df8245: new RaftServerImpl for group-B8528E2AFBB7:[21344e2b-dee5-4662-b70e-029b55df8245:192.168.69.96:35953] with ContainerStateMachine:uninitialized
2019-07-13 09:17:22,199 INFO  server.RaftServerConfigKeys (ConfUtils.java:logGet(43)) - raft.server.rpc.timeout.min = 5s (custom)
2019-07-13 09:17:22,209 INFO  server.RaftServerConfigKeys (ConfUtils.java:logGet(43)) - raft.server.rpc.timeout.max = 5200ms (custom)
2019-07-13 09:17:22,209 INFO  server.RaftServerConfigKeys (ConfUtils.java:logGet(43)) - raft.server.rpcslowness.timeout = 120s (custom)
2019-07-13 09:17:22,209 INFO  server.RaftServerConfigKeys (ConfUtils.java:logGet(43)) - raft.server.sleep.deviation.threshold = 300 (default)
2019-07-13 09:17:22,210 INFO  server.RaftServerConfigKeys (ConfUtils.java:logGet(43)) - raft.server.log.appender.install.snapshot.enabled = false (custom)
2019-07-13 09:17:22,210 INFO  impl.RaftServerImpl (ServerState.java:<init>(105)) - 21344e2b-dee5-4662-b70e-029b55df8245:group-B8528E2AFBB7 ConfigurationManager, init=-1: [21344e2b-dee5-4662-b70e-029b55df8245:192.168.69.96:35953], old=null, confs=<EMPTY_MAP>
2019-07-13 09:17:22,210 INFO  server.RaftServerConfigKeys (ConfUtils.java:logGet(43)) - raft.server.storage.dir = [/tmp/workdir/hadoop-ozone/integration-test/target/test-dir/MiniOzoneClusterImpl-a27e8836-a1ea-400b-8a52-a5991d85b080/datanode-6/data/ratis] (custom)
2019-07-13 09:17:22,210 INFO  storage.RaftStorageDirectory (RaftStorageDirectory.java:analyzeStorage(246)) - The storage directory /tmp/workdir/hadoop-ozone/integration-test/target/test-dir/MiniOzoneClusterImpl-a27e8836-a1ea-400b-8a52-a5991d85b080/datanode-6/data/ratis/ec8b926d-fe48-4adc-9486-b8528e2afbb7 does not exist. Creating ...
2019-07-13 09:17:22,212 INFO  rpc.RpcClient (RpcClient.java:createVolume(287)) - Creating Volume: testblockoutputstream, with jenkins1000 as owner.
2019-07-13 09:17:22,224 INFO  storage.RaftStorageDirectory (RaftStorageDirectory.java:tryLock(328)) - Lock on /tmp/workdir/hadoop-ozone/integration-test/target/test-dir/MiniOzoneClusterImpl-a27e8836-a1ea-400b-8a52-a5991d85b080/datanode-6/data/ratis/ec8b926d-fe48-4adc-9486-b8528e2afbb7/in_use.lock acquired by nodename 8548@trunk-nightly-hmp62-43275749
2019-07-13 09:17:22,227 INFO  rpc.RpcClient (RpcClient.java:createBucket(424)) - Creating Bucket: testblockoutputstream/testblockoutputstream, with Versioning false and Storage Type set to DISK and Encryption set to false 
2019-07-13 09:17:22,240 INFO  storage.RaftStorage (RaftStorage.java:format(72)) - Storage directory /tmp/workdir/hadoop-ozone/integration-test/target/test-dir/MiniOzoneClusterImpl-a27e8836-a1ea-400b-8a52-a5991d85b080/datanode-6/data/ratis/ec8b926d-fe48-4adc-9486-b8528e2afbb7 has been successfully formatted.
2019-07-13 09:17:22,240 INFO  ratis.ContainerStateMachine (ContainerStateMachine.java:loadSnapshot(200)) - The snapshot info is null.Setting the last applied index to:(t:0, i:~)
2019-07-13 09:17:22,240 INFO  server.RaftServerConfigKeys (ConfUtils.java:logGet(43)) - raft.server.leader.election.timeout = 120s (custom)
2019-07-13 09:17:22,240 INFO  server.RaftServerConfigKeys (ConfUtils.java:logGet(43)) - raft.server.log.use.memory = false (default)
2019-07-13 09:17:22,240 INFO  server.RaftServerConfigKeys (ConfUtils.java:logGet(43)) - raft.server.log.purge.gap = 1000000000 (custom)
2019-07-13 09:17:22,240 INFO  server.RaftServerConfigKeys (ConfUtils.java:logGet(43)) - raft.server.log.appender.buffer.byte-limit = 33554432 (custom)
2019-07-13 09:17:22,241 INFO  server.RaftServerConfigKeys (ConfUtils.java:logGet(43)) - raft.server.log.segment.size.max = 1048576 (custom)
2019-07-13 09:17:22,241 INFO  server.RaftServerConfigKeys (ConfUtils.java:logGet(43)) - raft.server.log.segment.cache.num.max = 2 (custom)
2019-07-13 09:17:22,241 INFO  segmented.SegmentedRaftLogWorker (SegmentedRaftLogWorker.java:<init>(172)) - new 21344e2b-dee5-4662-b70e-029b55df8245-SegmentedRaftLogWorker:Storage Directory /tmp/workdir/hadoop-ozone/integration-test/target/test-dir/MiniOzoneClusterImpl-a27e8836-a1ea-400b-8a52-a5991d85b080/datanode-6/data/ratis/ec8b926d-fe48-4adc-9486-b8528e2afbb7 for RaftStorage:Storage Directory /tmp/workdir/hadoop-ozone/integration-test/target/test-dir/MiniOzoneClusterImpl-a27e8836-a1ea-400b-8a52-a5991d85b080/datanode-6/data/ratis/ec8b926d-fe48-4adc-9486-b8528e2afbb7
2019-07-13 09:17:22,241 INFO  server.RaftServerConfigKeys (ConfUtils.java:logGet(43)) - raft.server.log.queue.byte-limit = 2147483647 (custom)
2019-07-13 09:17:22,241 INFO  server.RaftServerConfigKeys (ConfUtils.java:logGet(43)) - raft.server.log.queue.element-limit = 1024 (custom)
2019-07-13 09:17:22,242 INFO  server.RaftServerConfigKeys (ConfUtils.java:logGet(43)) - raft.server.log.segment.size.max = 1048576 (custom)
2019-07-13 09:17:22,242 INFO  server.RaftServerConfigKeys (ConfUtils.java:logGet(43)) - raft.server.log.preallocated.size = 16384 (custom)
2019-07-13 09:17:22,242 INFO  server.RaftServerConfigKeys (ConfUtils.java:logGet(43)) - raft.server.log.write.buffer.size = 33554432 (custom)
2019-07-13 09:17:22,242 INFO  server.RaftServerConfigKeys (ConfUtils.java:logGet(43)) - raft.server.log.force.sync.num = 128 (default)
2019-07-13 09:17:22,242 INFO  server.RaftServerConfigKeys (ConfUtils.java:logGet(43)) - raft.server.log.statemachine.data.sync = true (default)
2019-07-13 09:17:22,242 INFO  server.RaftServerConfigKeys (ConfUtils.java:logGet(43)) - raft.server.log.statemachine.data.sync.timeout = 10s (default)
2019-07-13 09:17:22,243 INFO  server.RaftServerConfigKeys (ConfUtils.java:logGet(43)) - raft.server.log.statemachine.data.sync.timeout.retry = -1 (default)
2019-07-13 09:17:22,243 INFO  server.RaftServerConfigKeys (ConfUtils.java:logGet(43)) - raft.server.log.statemachine.data.caching.enabled = true (custom)
2019-07-13 09:17:22,243 INFO  segmented.SegmentedRaftLogWorker (SegmentedRaftLogWorker.java:lambda$new$0(132)) - 21344e2b-dee5-4662-b70e-029b55df8245-SegmentedRaftLogWorker:Storage Directory /tmp/workdir/hadoop-ozone/integration-test/target/test-dir/MiniOzoneClusterImpl-a27e8836-a1ea-400b-8a52-a5991d85b080/datanode-6/data/ratis/ec8b926d-fe48-4adc-9486-b8528e2afbb7: flushIndex: setUnconditionally 0 -> -1
2019-07-13 09:17:22,244 INFO  server.RaftServerConfigKeys (ConfUtils.java:logGet(43)) - raft.server.snapshot.auto.trigger.enabled = true (custom)
2019-07-13 09:17:22,244 INFO  server.RaftServerConfigKeys (ConfUtils.java:logGet(43)) - raft.server.snapshot.auto.trigger.threshold = 10000 (custom)
2019-07-13 09:17:22,244 INFO  server.RaftServerConfigKeys (ConfUtils.java:logGet(43)) - raft.server.retrycache.expirytime = 600000ms (custom)
2019-07-13 09:17:22,244 INFO  impl.RaftServerImpl (RaftServerImpl.java:start(180)) - 21344e2b-dee5-4662-b70e-029b55df8245: start group-B8528E2AFBB7
2019-07-13 09:17:22,244 INFO  impl.RaftServerImpl (RaftServerImpl.java:setRole(171)) - 21344e2b-dee5-4662-b70e-029b55df8245:group-B8528E2AFBB7 changes role from null to FOLLOWER at term 0 for startAsFollower
2019-07-13 09:17:22,245 INFO  impl.RoleInfo (RoleInfo.java:updateAndGet(143)) - 21344e2b-dee5-4662-b70e-029b55df8245: start FollowerState
2019-07-13 09:17:22,245 INFO  util.JmxRegister (JmxRegister.java:tryRegister(44)) - Successfully registered JMX Bean with object name Ratis:service=RaftServer,group=group-B8528E2AFBB7,id=21344e2b-dee5-4662-b70e-029b55df8245
2019-07-13 09:17:22,248 INFO  pipeline.PipelineStateManager (PipelineStateManager.java:addPipeline(56)) - Created pipeline Pipeline[ Id: ec8b926d-fe48-4adc-9486-b8528e2afbb7, Nodes: 21344e2b-dee5-4662-b70e-029b55df8245{ip: 192.168.69.96, host: trunk-nightly-hmp62-43275749, networkLocation: /default-rack, certSerialId: null}, Type:RATIS, Factor:ONE, State:OPEN]
2019-07-13 09:17:22,267 INFO  client.GrpcClientProtocolClient (GrpcClientProtocolClient.java:onNext(255)) - client-355072E32163->46d1ed4c-2327-4dbf-9133-f8bf3f2fab15: receive RaftClientReply:client-355072E32163->46d1ed4c-2327-4dbf-9133-f8bf3f2fab15@group-EA19A076ACB4, cid=212, FAILED org.apache.ratis.protocol.NotLeaderException: Server 46d1ed4c-2327-4dbf-9133-f8bf3f2fab15 is not the leader (null). Request must be sent to leader., logIndex=0, commits[46d1ed4c-2327-4dbf-9133-f8bf3f2fab15:c-1]
2019-07-13 09:17:23,283 INFO  client.GrpcClientProtocolClient (GrpcClientProtocolClient.java:onNext(255)) - client-355072E32163->63cd217a-0258-4f28-b228-e26ebd42505a: receive RaftClientReply:client-355072E32163->63cd217a-0258-4f28-b228-e26ebd42505a@group-EA19A076ACB4, cid=212, FAILED org.apache.ratis.protocol.NotLeaderException: Server 63cd217a-0258-4f28-b228-e26ebd42505a is not the leader (null). Request must be sent to leader., logIndex=0, commits[63cd217a-0258-4f28-b228-e26ebd42505a:c-1]
2019-07-13 09:17:23,990 INFO  container.ReplicationManager (ReplicationManager.java:start(155)) - Starting Replication Monitor Thread.
2019-07-13 09:17:23,994 INFO  container.ReplicationManager (ReplicationManager.java:run(207)) - Replication Monitor Thread took 0 milliseconds for processing 1 containers.
2019-07-13 09:17:24,305 INFO  client.GrpcClientProtocolClient (GrpcClientProtocolClient.java:onNext(255)) - client-355072E32163->db1cd3a5-8394-42bf-b811-7c7c73654225: receive RaftClientReply:client-355072E32163->db1cd3a5-8394-42bf-b811-7c7c73654225@group-EA19A076ACB4, cid=212, FAILED org.apache.ratis.protocol.NotLeaderException: Server db1cd3a5-8394-42bf-b811-7c7c73654225 is not the leader (null). Request must be sent to leader., logIndex=0, commits[db1cd3a5-8394-42bf-b811-7c7c73654225:c-1]
2019-07-13 09:17:25,317 INFO  client.GrpcClientProtocolClient (GrpcClientProtocolClient.java:onNext(255)) - client-355072E32163->63cd217a-0258-4f28-b228-e26ebd42505a: receive RaftClientReply:client-355072E32163->63cd217a-0258-4f28-b228-e26ebd42505a@group-EA19A076ACB4, cid=212, FAILED org.apache.ratis.protocol.NotLeaderException: Server 63cd217a-0258-4f28-b228-e26ebd42505a is not the leader (null). Request must be sent to leader., logIndex=0, commits[63cd217a-0258-4f28-b228-e26ebd42505a:c-1]
2019-07-13 09:17:26,159 INFO  impl.FollowerState (FollowerState.java:run(106)) - 46d1ed4c-2327-4dbf-9133-f8bf3f2fab15:group-017ABB422FDE changes to CANDIDATE, lastRpcTime:5122, electionTimeout:5122ms
2019-07-13 09:17:26,159 INFO  impl.RoleInfo (RoleInfo.java:shutdownFollowerState(121)) - 46d1ed4c-2327-4dbf-9133-f8bf3f2fab15: shutdown FollowerState
2019-07-13 09:17:26,159 INFO  impl.RaftServerImpl (RaftServerImpl.java:setRole(171)) - 46d1ed4c-2327-4dbf-9133-f8bf3f2fab15:group-017ABB422FDE changes role from FOLLOWER to CANDIDATE at term 0 for changeToCandidate
2019-07-13 09:17:26,159 INFO  impl.RoleInfo (RoleInfo.java:updateAndGet(143)) - 46d1ed4c-2327-4dbf-9133-f8bf3f2fab15: start LeaderElection
2019-07-13 09:17:26,192 INFO  impl.LeaderElection (LeaderElection.java:askForVotes(181)) - 46d1ed4c-2327-4dbf-9133-f8bf3f2fab15:group-017ABB422FDE:LeaderElection67: begin an election at term 1 for -1: [46d1ed4c-2327-4dbf-9133-f8bf3f2fab15:192.168.69.96:33435], old=null
2019-07-13 09:17:26,192 INFO  impl.RoleInfo (RoleInfo.java:shutdownLeaderElection(134)) - 46d1ed4c-2327-4dbf-9133-f8bf3f2fab15: shutdown LeaderElection
2019-07-13 09:17:26,192 INFO  impl.RaftServerImpl (RaftServerImpl.java:setRole(171)) - 46d1ed4c-2327-4dbf-9133-f8bf3f2fab15:group-017ABB422FDE changes role from CANDIDATE to LEADER at term 1 for changeToLeader
2019-07-13 09:17:26,192 INFO  impl.RaftServerImpl (ServerState.java:setLeader(263)) - 46d1ed4c-2327-4dbf-9133-f8bf3f2fab15:group-017ABB422FDE change Leader from null to 46d1ed4c-2327-4dbf-9133-f8bf3f2fab15 at term 1 for becomeLeader, leader elected after 5160ms
2019-07-13 09:17:26,195 INFO  server.RaftServerConfigKeys (ConfUtils.java:logGet(43)) - raft.server.staging.catchup.gap = 1000 (default)
2019-07-13 09:17:26,195 INFO  server.RaftServerConfigKeys (ConfUtils.java:logGet(43)) - raft.server.rpc.sleep.time = 25ms (default)
2019-07-13 09:17:26,195 INFO  server.RaftServerConfigKeys (ConfUtils.java:logGet(43)) - raft.server.write.element-limit = 4096 (default)
2019-07-13 09:17:26,195 INFO  server.RaftServerConfigKeys (ConfUtils.java:logGet(43)) - raft.server.watch.timeout = 10s (default)
2019-07-13 09:17:26,195 INFO  server.RaftServerConfigKeys (ConfUtils.java:logGet(43)) - raft.server.watch.timeout.denomination = 1s (default)
2019-07-13 09:17:26,195 INFO  server.RaftServerConfigKeys (ConfUtils.java:logGet(43)) - raft.server.watch.element-limit = 65536 (default)
2019-07-13 09:17:26,196 INFO  impl.RoleInfo (RoleInfo.java:updateAndGet(143)) - 46d1ed4c-2327-4dbf-9133-f8bf3f2fab15: start LeaderState
2019-07-13 09:17:26,196 INFO  segmented.SegmentedRaftLogWorker (SegmentedRaftLogWorker.java:startLogSegment(380)) - 46d1ed4c-2327-4dbf-9133-f8bf3f2fab15-SegmentedRaftLogWorker:Storage Directory /tmp/workdir/hadoop-ozone/integration-test/target/test-dir/MiniOzoneClusterImpl-a27e8836-a1ea-400b-8a52-a5991d85b080/datanode-0/data/ratis/9d4890c9-a5c7-4dd6-8329-017abb422fde: Starting segment from index:0
2019-07-13 09:17:26,197 INFO  impl.RaftServerImpl (ServerState.java:setRaftConf(361)) - 46d1ed4c-2327-4dbf-9133-f8bf3f2fab15:group-017ABB422FDE set configuration 0: [46d1ed4c-2327-4dbf-9133-f8bf3f2fab15:192.168.69.96:33435], old=null at 0
2019-07-13 09:17:26,228 INFO  segmented.SegmentedRaftLogWorker (SegmentedRaftLogWorker.java:execute(569)) - 46d1ed4c-2327-4dbf-9133-f8bf3f2fab15-SegmentedRaftLogWorker:Storage Directory /tmp/workdir/hadoop-ozone/integration-test/target/test-dir/MiniOzoneClusterImpl-a27e8836-a1ea-400b-8a52-a5991d85b080/datanode-0/data/ratis/9d4890c9-a5c7-4dd6-8329-017abb422fde: created new log segment /tmp/workdir/hadoop-ozone/integration-test/target/test-dir/MiniOzoneClusterImpl-a27e8836-a1ea-400b-8a52-a5991d85b080/datanode-0/data/ratis/9d4890c9-a5c7-4dd6-8329-017abb422fde/current/log_inprogress_0
2019-07-13 09:17:26,230 INFO  impl.FollowerState (FollowerState.java:run(106)) - db1cd3a5-8394-42bf-b811-7c7c73654225:group-5786F9071330 changes to CANDIDATE, lastRpcTime:5048, electionTimeout:5048ms
2019-07-13 09:17:26,230 INFO  impl.RoleInfo (RoleInfo.java:shutdownFollowerState(121)) - db1cd3a5-8394-42bf-b811-7c7c73654225: shutdown FollowerState
2019-07-13 09:17:26,230 INFO  impl.RaftServerImpl (RaftServerImpl.java:setRole(171)) - db1cd3a5-8394-42bf-b811-7c7c73654225:group-5786F9071330 changes role from FOLLOWER to CANDIDATE at term 0 for changeToCandidate
2019-07-13 09:17:26,231 INFO  impl.RoleInfo (RoleInfo.java:updateAndGet(143)) - db1cd3a5-8394-42bf-b811-7c7c73654225: start LeaderElection
2019-07-13 09:17:26,241 INFO  impl.LeaderElection (LeaderElection.java:askForVotes(181)) - db1cd3a5-8394-42bf-b811-7c7c73654225:group-5786F9071330:LeaderElection68: begin an election at term 1 for -1: [db1cd3a5-8394-42bf-b811-7c7c73654225:192.168.69.96:42799], old=null
2019-07-13 09:17:26,241 INFO  impl.RoleInfo (RoleInfo.java:shutdownLeaderElection(134)) - db1cd3a5-8394-42bf-b811-7c7c73654225: shutdown LeaderElection
2019-07-13 09:17:26,241 INFO  impl.RaftServerImpl (RaftServerImpl.java:setRole(171)) - db1cd3a5-8394-42bf-b811-7c7c73654225:group-5786F9071330 changes role from CANDIDATE to LEADER at term 1 for changeToLeader
2019-07-13 09:17:26,241 INFO  impl.RaftServerImpl (ServerState.java:setLeader(263)) - db1cd3a5-8394-42bf-b811-7c7c73654225:group-5786F9071330 change Leader from null to db1cd3a5-8394-42bf-b811-7c7c73654225 at term 1 for becomeLeader, leader elected after 5063ms
2019-07-13 09:17:26,244 INFO  server.RaftServerConfigKeys (ConfUtils.java:logGet(43)) - raft.server.staging.catchup.gap = 1000 (default)
2019-07-13 09:17:26,244 INFO  server.RaftServerConfigKeys (ConfUtils.java:logGet(43)) - raft.server.rpc.sleep.time = 25ms (default)
2019-07-13 09:17:26,244 INFO  server.RaftServerConfigKeys (ConfUtils.java:logGet(43)) - raft.server.write.element-limit = 4096 (default)
2019-07-13 09:17:26,244 INFO  server.RaftServerConfigKeys (ConfUtils.java:logGet(43)) - raft.server.watch.timeout = 10s (default)
2019-07-13 09:17:26,245 INFO  server.RaftServerConfigKeys (ConfUtils.java:logGet(43)) - raft.server.watch.timeout.denomination = 1s (default)
2019-07-13 09:17:26,245 INFO  server.RaftServerConfigKeys (ConfUtils.java:logGet(43)) - raft.server.watch.element-limit = 65536 (default)
2019-07-13 09:17:26,245 INFO  impl.RoleInfo (RoleInfo.java:updateAndGet(143)) - db1cd3a5-8394-42bf-b811-7c7c73654225: start LeaderState
2019-07-13 09:17:26,245 INFO  segmented.SegmentedRaftLogWorker (SegmentedRaftLogWorker.java:startLogSegment(380)) - db1cd3a5-8394-42bf-b811-7c7c73654225-SegmentedRaftLogWorker:Storage Directory /tmp/workdir/hadoop-ozone/integration-test/target/test-dir/MiniOzoneClusterImpl-a27e8836-a1ea-400b-8a52-a5991d85b080/datanode-1/data/ratis/61dab9b4-df04-4e49-96e9-5786f9071330: Starting segment from index:0
2019-07-13 09:17:26,246 INFO  impl.RaftServerImpl (ServerState.java:setRaftConf(361)) - db1cd3a5-8394-42bf-b811-7c7c73654225:group-5786F9071330 set configuration 0: [db1cd3a5-8394-42bf-b811-7c7c73654225:192.168.69.96:42799], old=null at 0
2019-07-13 09:17:26,276 INFO  segmented.SegmentedRaftLogWorker (SegmentedRaftLogWorker.java:execute(569)) - db1cd3a5-8394-42bf-b811-7c7c73654225-SegmentedRaftLogWorker:Storage Directory /tmp/workdir/hadoop-ozone/integration-test/target/test-dir/MiniOzoneClusterImpl-a27e8836-a1ea-400b-8a52-a5991d85b080/datanode-1/data/ratis/61dab9b4-df04-4e49-96e9-5786f9071330: created new log segment /tmp/workdir/hadoop-ozone/integration-test/target/test-dir/MiniOzoneClusterImpl-a27e8836-a1ea-400b-8a52-a5991d85b080/datanode-1/data/ratis/61dab9b4-df04-4e49-96e9-5786f9071330/current/log_inprogress_0
2019-07-13 09:17:26,325 INFO  client.GrpcClientProtocolClient (GrpcClientProtocolClient.java:onNext(255)) - client-355072E32163->db1cd3a5-8394-42bf-b811-7c7c73654225: receive RaftClientReply:client-355072E32163->db1cd3a5-8394-42bf-b811-7c7c73654225@group-EA19A076ACB4, cid=212, FAILED org.apache.ratis.protocol.NotLeaderException: Server db1cd3a5-8394-42bf-b811-7c7c73654225 is not the leader (null). Request must be sent to leader., logIndex=0, commits[db1cd3a5-8394-42bf-b811-7c7c73654225:c-1]
2019-07-13 09:17:26,509 INFO  impl.FollowerState (FollowerState.java:run(106)) - db1cd3a5-8394-42bf-b811-7c7c73654225:group-EA19A076ACB4 changes to CANDIDATE, lastRpcTime:5094, electionTimeout:5093ms
2019-07-13 09:17:26,509 INFO  impl.RoleInfo (RoleInfo.java:shutdownFollowerState(121)) - db1cd3a5-8394-42bf-b811-7c7c73654225: shutdown FollowerState
2019-07-13 09:17:26,509 INFO  impl.RaftServerImpl (RaftServerImpl.java:setRole(171)) - db1cd3a5-8394-42bf-b811-7c7c73654225:group-EA19A076ACB4 changes role from FOLLOWER to CANDIDATE at term 0 for changeToCandidate
2019-07-13 09:17:26,509 INFO  impl.RoleInfo (RoleInfo.java:updateAndGet(143)) - db1cd3a5-8394-42bf-b811-7c7c73654225: start LeaderElection
2019-07-13 09:17:26,516 INFO  impl.FollowerState (FollowerState.java:run(106)) - 23c23bdb-c138-4b83-89f5-8b546d32104e:group-9938FB5252AA changes to CANDIDATE, lastRpcTime:5002, electionTimeout:5002ms
2019-07-13 09:17:26,516 INFO  impl.RoleInfo (RoleInfo.java:shutdownFollowerState(121)) - 23c23bdb-c138-4b83-89f5-8b546d32104e: shutdown FollowerState
2019-07-13 09:17:26,516 INFO  impl.RaftServerImpl (RaftServerImpl.java:setRole(171)) - 23c23bdb-c138-4b83-89f5-8b546d32104e:group-9938FB5252AA changes role from FOLLOWER to CANDIDATE at term 0 for changeToCandidate
2019-07-13 09:17:26,516 INFO  impl.RoleInfo (RoleInfo.java:updateAndGet(143)) - 23c23bdb-c138-4b83-89f5-8b546d32104e: start LeaderElection
2019-07-13 09:17:26,523 INFO  impl.FollowerState (FollowerState.java:run(106)) - 63cd217a-0258-4f28-b228-e26ebd42505a:group-EB92630B1AAF changes to CANDIDATE, lastRpcTime:5175, electionTimeout:5175ms
2019-07-13 09:17:26,524 INFO  impl.RoleInfo (RoleInfo.java:shutdownFollowerState(121)) - 63cd217a-0258-4f28-b228-e26ebd42505a: shutdown FollowerState
2019-07-13 09:17:26,524 INFO  impl.RaftServerImpl (RaftServerImpl.java:setRole(171)) - 63cd217a-0258-4f28-b228-e26ebd42505a:group-EB92630B1AAF changes role from FOLLOWER to CANDIDATE at term 0 for changeToCandidate
2019-07-13 09:17:26,524 INFO  impl.RoleInfo (RoleInfo.java:updateAndGet(143)) - 63cd217a-0258-4f28-b228-e26ebd42505a: start LeaderElection
2019-07-13 09:17:26,529 INFO  impl.LeaderElection (LeaderElection.java:askForVotes(181)) - 23c23bdb-c138-4b83-89f5-8b546d32104e:group-9938FB5252AA:LeaderElection70: begin an election at term 1 for -1: [23c23bdb-c138-4b83-89f5-8b546d32104e:192.168.69.96:35637], old=null
2019-07-13 09:17:26,529 INFO  impl.LeaderElection (LeaderElection.java:askForVotes(181)) - db1cd3a5-8394-42bf-b811-7c7c73654225:group-EA19A076ACB4:LeaderElection69: begin an election at term 1 for -1: [46d1ed4c-2327-4dbf-9133-f8bf3f2fab15:192.168.69.96:33435, db1cd3a5-8394-42bf-b811-7c7c73654225:192.168.69.96:42799, 63cd217a-0258-4f28-b228-e26ebd42505a:192.168.69.96:33676], old=null
2019-07-13 09:17:26,529 INFO  impl.RoleInfo (RoleInfo.java:shutdownLeaderElection(134)) - 23c23bdb-c138-4b83-89f5-8b546d32104e: shutdown LeaderElection
2019-07-13 09:17:26,529 INFO  impl.RaftServerImpl (RaftServerImpl.java:setRole(171)) - 23c23bdb-c138-4b83-89f5-8b546d32104e:group-9938FB5252AA changes role from CANDIDATE to LEADER at term 1 for changeToLeader
2019-07-13 09:17:26,530 INFO  impl.RaftServerImpl (ServerState.java:setLeader(263)) - 23c23bdb-c138-4b83-89f5-8b546d32104e:group-9938FB5252AA change Leader from null to 23c23bdb-c138-4b83-89f5-8b546d32104e at term 1 for becomeLeader, leader elected after 5020ms
2019-07-13 09:17:26,532 INFO  impl.FollowerState (FollowerState.java:run(106)) - 46d1ed4c-2327-4dbf-9133-f8bf3f2fab15:group-EA19A076ACB4 changes to CANDIDATE, lastRpcTime:5113, electionTimeout:5112ms
2019-07-13 09:17:26,532 INFO  server.RaftServerConfigKeys (ConfUtils.java:logGet(43)) - raft.server.staging.catchup.gap = 1000 (default)
2019-07-13 09:17:26,532 INFO  impl.RoleInfo (RoleInfo.java:shutdownFollowerState(121)) - 46d1ed4c-2327-4dbf-9133-f8bf3f2fab15: shutdown FollowerState
2019-07-13 09:17:26,533 INFO  server.RaftServerConfigKeys (ConfUtils.java:logGet(43)) - raft.server.rpc.sleep.time = 25ms (default)
2019-07-13 09:17:26,533 INFO  impl.RaftServerImpl (RaftServerImpl.java:setRole(171)) - 46d1ed4c-2327-4dbf-9133-f8bf3f2fab15:group-EA19A076ACB4 changes role from FOLLOWER to CANDIDATE at term 0 for changeToCandidate
2019-07-13 09:17:26,533 INFO  server.RaftServerConfigKeys (ConfUtils.java:logGet(43)) - raft.server.write.element-limit = 4096 (default)
2019-07-13 09:17:26,533 INFO  impl.RoleInfo (RoleInfo.java:updateAndGet(143)) - 46d1ed4c-2327-4dbf-9133-f8bf3f2fab15: start LeaderElection
2019-07-13 09:17:26,533 INFO  server.RaftServerConfigKeys (ConfUtils.java:logGet(43)) - raft.server.watch.timeout = 10s (default)
2019-07-13 09:17:26,534 INFO  server.RaftServerConfigKeys (ConfUtils.java:logGet(43)) - raft.server.watch.timeout.denomination = 1s (default)
2019-07-13 09:17:26,534 INFO  server.RaftServerConfigKeys (ConfUtils.java:logGet(43)) - raft.server.watch.element-limit = 65536 (default)
2019-07-13 09:17:26,536 INFO  impl.RoleInfo (RoleInfo.java:updateAndGet(143)) - 23c23bdb-c138-4b83-89f5-8b546d32104e: start LeaderState
2019-07-13 09:17:26,537 INFO  segmented.SegmentedRaftLogWorker (SegmentedRaftLogWorker.java:startLogSegment(380)) - 23c23bdb-c138-4b83-89f5-8b546d32104e-SegmentedRaftLogWorker:Storage Directory /tmp/workdir/hadoop-ozone/integration-test/target/test-dir/MiniOzoneClusterImpl-a27e8836-a1ea-400b-8a52-a5991d85b080/datanode-3/data/ratis/276d3271-1e94-4b4a-b965-9938fb5252aa: Starting segment from index:0
2019-07-13 09:17:26,537 INFO  impl.RaftServerImpl (ServerState.java:setRaftConf(361)) - 23c23bdb-c138-4b83-89f5-8b546d32104e:group-9938FB5252AA set configuration 0: [23c23bdb-c138-4b83-89f5-8b546d32104e:192.168.69.96:35637], old=null at 0
2019-07-13 09:17:26,538 INFO  impl.RaftServerImpl (RaftServerImpl.java:setRole(171)) - 63cd217a-0258-4f28-b228-e26ebd42505a:group-EA19A076ACB4 changes role from FOLLOWER to FOLLOWER at term 1 for recognizeCandidate:db1cd3a5-8394-42bf-b811-7c7c73654225
2019-07-13 09:17:26,538 INFO  impl.RoleInfo (RoleInfo.java:shutdownFollowerState(121)) - 63cd217a-0258-4f28-b228-e26ebd42505a: shutdown FollowerState
2019-07-13 09:17:26,538 INFO  impl.RoleInfo (RoleInfo.java:updateAndGet(143)) - 63cd217a-0258-4f28-b228-e26ebd42505a: start FollowerState
2019-07-13 09:17:26,538 INFO  impl.FollowerState (FollowerState.java:run(114)) - 63cd217a-0258-4f28-b228-e26ebd42505a: FollowerState was interrupted: java.lang.InterruptedException: sleep interrupted
2019-07-13 09:17:26,543 INFO  impl.LeaderElection (LeaderElection.java:askForVotes(181)) - 63cd217a-0258-4f28-b228-e26ebd42505a:group-EB92630B1AAF:LeaderElection71: begin an election at term 1 for -1: [63cd217a-0258-4f28-b228-e26ebd42505a:192.168.69.96:33676], old=null
2019-07-13 09:17:26,543 INFO  impl.LeaderElection (LeaderElection.java:askForVotes(181)) - 46d1ed4c-2327-4dbf-9133-f8bf3f2fab15:group-EA19A076ACB4:LeaderElection72: begin an election at term 1 for -1: [46d1ed4c-2327-4dbf-9133-f8bf3f2fab15:192.168.69.96:33435, db1cd3a5-8394-42bf-b811-7c7c73654225:192.168.69.96:42799, 63cd217a-0258-4f28-b228-e26ebd42505a:192.168.69.96:33676], old=null
2019-07-13 09:17:26,543 INFO  impl.RoleInfo (RoleInfo.java:shutdownLeaderElection(134)) - 63cd217a-0258-4f28-b228-e26ebd42505a: shutdown LeaderElection
2019-07-13 09:17:26,544 INFO  impl.RaftServerImpl (RaftServerImpl.java:setRole(171)) - 63cd217a-0258-4f28-b228-e26ebd42505a:group-EB92630B1AAF changes role from CANDIDATE to LEADER at term 1 for changeToLeader
2019-07-13 09:17:26,544 INFO  impl.RaftServerImpl (ServerState.java:setLeader(263)) - 63cd217a-0258-4f28-b228-e26ebd42505a:group-EB92630B1AAF change Leader from null to 63cd217a-0258-4f28-b228-e26ebd42505a at term 1 for becomeLeader, leader elected after 5200ms
2019-07-13 09:17:26,558 INFO  server.RaftServerConfigKeys (ConfUtils.java:logGet(43)) - raft.server.staging.catchup.gap = 1000 (default)
2019-07-13 09:17:26,558 INFO  impl.LeaderElection (LeaderElection.java:logAndReturn(56)) - db1cd3a5-8394-42bf-b811-7c7c73654225:group-EA19A076ACB4:LeaderElection69: Election PASSED; received 1 response(s) [db1cd3a5-8394-42bf-b811-7c7c73654225<-63cd217a-0258-4f28-b228-e26ebd42505a#0:OK-t1] and 0 exception(s); db1cd3a5-8394-42bf-b811-7c7c73654225:t1, leader=null, voted=db1cd3a5-8394-42bf-b811-7c7c73654225, raftlog=db1cd3a5-8394-42bf-b811-7c7c73654225-SegmentedRaftLog:OPENED:c-1,f-1,i0, conf=-1: [46d1ed4c-2327-4dbf-9133-f8bf3f2fab15:192.168.69.96:33435, db1cd3a5-8394-42bf-b811-7c7c73654225:192.168.69.96:42799, 63cd217a-0258-4f28-b228-e26ebd42505a:192.168.69.96:33676], old=null
2019-07-13 09:17:26,559 INFO  server.RaftServerConfigKeys (ConfUtils.java:logGet(43)) - raft.server.rpc.sleep.time = 25ms (default)
2019-07-13 09:17:26,559 INFO  impl.RoleInfo (RoleInfo.java:shutdownLeaderElection(134)) - db1cd3a5-8394-42bf-b811-7c7c73654225: shutdown LeaderElection
2019-07-13 09:17:26,559 INFO  server.RaftServerConfigKeys (ConfUtils.java:logGet(43)) - raft.server.write.element-limit = 4096 (default)
2019-07-13 09:17:26,559 INFO  impl.RaftServerImpl (RaftServerImpl.java:setRole(171)) - db1cd3a5-8394-42bf-b811-7c7c73654225:group-EA19A076ACB4 changes role from CANDIDATE to LEADER at term 1 for changeToLeader
2019-07-13 09:17:26,559 INFO  server.RaftServerConfigKeys (ConfUtils.java:logGet(43)) - raft.server.watch.timeout = 10s (default)
2019-07-13 09:17:26,559 INFO  server.RaftServerConfigKeys (ConfUtils.java:logGet(43)) - raft.server.watch.timeout.denomination = 1s (default)
2019-07-13 09:17:26,559 INFO  impl.RaftServerImpl (ServerState.java:setLeader(263)) - db1cd3a5-8394-42bf-b811-7c7c73654225:group-EA19A076ACB4 change Leader from null to db1cd3a5-8394-42bf-b811-7c7c73654225 at term 1 for becomeLeader, leader elected after 5153ms
2019-07-13 09:17:26,560 INFO  server.RaftServerConfigKeys (ConfUtils.java:logGet(43)) - raft.server.watch.element-limit = 65536 (default)
2019-07-13 09:17:26,560 INFO  server.RaftServerConfigKeys (ConfUtils.java:logGet(43)) - raft.server.staging.catchup.gap = 1000 (default)
2019-07-13 09:17:26,560 INFO  server.RaftServerConfigKeys (ConfUtils.java:logGet(43)) - raft.server.rpc.sleep.time = 25ms (default)
2019-07-13 09:17:26,560 INFO  impl.RoleInfo (RoleInfo.java:updateAndGet(143)) - 63cd217a-0258-4f28-b228-e26ebd42505a: start LeaderState
2019-07-13 09:17:26,560 INFO  server.RaftServerConfigKeys (ConfUtils.java:logGet(43)) - raft.server.write.element-limit = 4096 (default)
2019-07-13 09:17:26,561 INFO  server.RaftServerConfigKeys (ConfUtils.java:logGet(43)) - raft.server.watch.timeout = 10s (default)
2019-07-13 09:17:26,561 INFO  segmented.SegmentedRaftLogWorker (SegmentedRaftLogWorker.java:startLogSegment(380)) - 63cd217a-0258-4f28-b228-e26ebd42505a-SegmentedRaftLogWorker:Storage Directory /tmp/workdir/hadoop-ozone/integration-test/target/test-dir/MiniOzoneClusterImpl-a27e8836-a1ea-400b-8a52-a5991d85b080/datanode-2/data/ratis/afca5fb7-0328-4c12-8287-eb92630b1aaf: Starting segment from index:0
2019-07-13 09:17:26,561 INFO  server.RaftServerConfigKeys (ConfUtils.java:logGet(43)) - raft.server.watch.timeout.denomination = 1s (default)
2019-07-13 09:17:26,561 INFO  server.RaftServerConfigKeys (ConfUtils.java:logGet(43)) - raft.server.watch.element-limit = 65536 (default)
2019-07-13 09:17:26,561 INFO  impl.RaftServerImpl (ServerState.java:setRaftConf(361)) - 63cd217a-0258-4f28-b228-e26ebd42505a:group-EB92630B1AAF set configuration 0: [63cd217a-0258-4f28-b228-e26ebd42505a:192.168.69.96:33676], old=null at 0
2019-07-13 09:17:26,561 INFO  server.RaftServerConfigKeys (ConfUtils.java:logGet(43)) - raft.server.log.appender.snapshot.chunk.size.max = 16MB (=16777216) (default)
2019-07-13 09:17:26,562 INFO  server.RaftServerConfigKeys (ConfUtils.java:logGet(43)) - raft.server.log.appender.buffer.byte-limit = 33554432 (custom)
2019-07-13 09:17:26,562 INFO  server.RaftServerConfigKeys (ConfUtils.java:logGet(43)) - raft.server.log.appender.buffer.element-limit = 1 (custom)
2019-07-13 09:17:26,562 INFO  grpc.GrpcConfigKeys$Server (ConfUtils.java:logGet(43)) - raft.grpc.server.leader.outstanding.appends.max = 128 (default)
2019-07-13 09:17:26,562 INFO  server.RaftServerConfigKeys (ConfUtils.java:logGet(43)) - raft.server.rpc.request.timeout = 3000ms (default)
2019-07-13 09:17:26,562 INFO  server.RaftServerConfigKeys (ConfUtils.java:logGet(43)) - raft.server.log.appender.install.snapshot.enabled = false (custom)
2019-07-13 09:17:26,563 INFO  server.RaftServerConfigKeys (ConfUtils.java:logGet(43)) - raft.server.log.appender.snapshot.chunk.size.max = 16MB (=16777216) (default)
2019-07-13 09:17:26,563 INFO  server.RaftServerConfigKeys (ConfUtils.java:logGet(43)) - raft.server.log.appender.buffer.byte-limit = 33554432 (custom)
2019-07-13 09:17:26,563 INFO  server.RaftServerConfigKeys (ConfUtils.java:logGet(43)) - raft.server.log.appender.buffer.element-limit = 1 (custom)
2019-07-13 09:17:26,563 INFO  grpc.GrpcConfigKeys$Server (ConfUtils.java:logGet(43)) - raft.grpc.server.leader.outstanding.appends.max = 128 (default)
2019-07-13 09:17:26,563 INFO  server.RaftServerConfigKeys (ConfUtils.java:logGet(43)) - raft.server.rpc.request.timeout = 3000ms (default)
2019-07-13 09:17:26,564 INFO  server.RaftServerConfigKeys (ConfUtils.java:logGet(43)) - raft.server.log.appender.install.snapshot.enabled = false (custom)
2019-07-13 09:17:26,564 INFO  impl.RoleInfo (RoleInfo.java:updateAndGet(143)) - db1cd3a5-8394-42bf-b811-7c7c73654225: start LeaderState
2019-07-13 09:17:26,564 INFO  segmented.SegmentedRaftLogWorker (SegmentedRaftLogWorker.java:startLogSegment(380)) - db1cd3a5-8394-42bf-b811-7c7c73654225-SegmentedRaftLogWorker:Storage Directory /tmp/workdir/hadoop-ozone/integration-test/target/test-dir/MiniOzoneClusterImpl-a27e8836-a1ea-400b-8a52-a5991d85b080/datanode-1/data/ratis/e22db35d-9461-4082-baef-ea19a076acb4: Starting segment from index:0
2019-07-13 09:17:26,566 INFO  impl.RaftServerImpl (ServerState.java:setRaftConf(361)) - db1cd3a5-8394-42bf-b811-7c7c73654225:group-EA19A076ACB4 set configuration 0: [46d1ed4c-2327-4dbf-9133-f8bf3f2fab15:192.168.69.96:33435, db1cd3a5-8394-42bf-b811-7c7c73654225:192.168.69.96:42799, 63cd217a-0258-4f28-b228-e26ebd42505a:192.168.69.96:33676], old=null at 0
2019-07-13 09:17:26,566 INFO  impl.RaftServerImpl (RaftServerImpl.java:requestVote(754)) - db1cd3a5-8394-42bf-b811-7c7c73654225-LEADER: Withhold vote from candidate 46d1ed4c-2327-4dbf-9133-f8bf3f2fab15 with term 1. State: leader=db1cd3a5-8394-42bf-b811-7c7c73654225, term=1, lastRpcElapsed=null
2019-07-13 09:17:26,567 INFO  impl.LeaderElection (LeaderElection.java:logAndReturn(56)) - 46d1ed4c-2327-4dbf-9133-f8bf3f2fab15:group-EA19A076ACB4:LeaderElection72: Election REJECTED; received 2 response(s) [46d1ed4c-2327-4dbf-9133-f8bf3f2fab15<-db1cd3a5-8394-42bf-b811-7c7c73654225#0:FAIL-t1, 46d1ed4c-2327-4dbf-9133-f8bf3f2fab15<-63cd217a-0258-4f28-b228-e26ebd42505a#0:FAIL-t1] and 0 exception(s); 46d1ed4c-2327-4dbf-9133-f8bf3f2fab15:t1, leader=null, voted=46d1ed4c-2327-4dbf-9133-f8bf3f2fab15, raftlog=46d1ed4c-2327-4dbf-9133-f8bf3f2fab15-SegmentedRaftLog:OPENED:c-1,f-1,i0, conf=-1: [46d1ed4c-2327-4dbf-9133-f8bf3f2fab15:192.168.69.96:33435, db1cd3a5-8394-42bf-b811-7c7c73654225:192.168.69.96:42799, 63cd217a-0258-4f28-b228-e26ebd42505a:192.168.69.96:33676], old=null
2019-07-13 09:17:26,568 INFO  impl.RaftServerImpl (RaftServerImpl.java:setRole(171)) - 46d1ed4c-2327-4dbf-9133-f8bf3f2fab15:group-EA19A076ACB4 changes role from CANDIDATE to FOLLOWER at term 1 for appendEntries
2019-07-13 09:17:26,568 INFO  impl.RaftServerImpl (ServerState.java:setLeader(263)) - 63cd217a-0258-4f28-b228-e26ebd42505a:group-EA19A076ACB4 change Leader from null to db1cd3a5-8394-42bf-b811-7c7c73654225 at term 1 for appendEntries, leader elected after 5161ms
2019-07-13 09:17:26,569 INFO  impl.RoleInfo (RoleInfo.java:shutdownLeaderElection(134)) - 46d1ed4c-2327-4dbf-9133-f8bf3f2fab15: shutdown LeaderElection
2019-07-13 09:17:26,570 INFO  impl.RoleInfo (RoleInfo.java:updateAndGet(143)) - 46d1ed4c-2327-4dbf-9133-f8bf3f2fab15: start FollowerState
2019-07-13 09:17:26,571 INFO  impl.RaftServerImpl (ServerState.java:setLeader(263)) - 46d1ed4c-2327-4dbf-9133-f8bf3f2fab15:group-EA19A076ACB4 change Leader from null to db1cd3a5-8394-42bf-b811-7c7c73654225 at term 1 for appendEntries, leader elected after 5164ms
2019-07-13 09:17:26,589 INFO  segmented.SegmentedRaftLogWorker (SegmentedRaftLogWorker.java:execute(569)) - 23c23bdb-c138-4b83-89f5-8b546d32104e-SegmentedRaftLogWorker:Storage Directory /tmp/workdir/hadoop-ozone/integration-test/target/test-dir/MiniOzoneClusterImpl-a27e8836-a1ea-400b-8a52-a5991d85b080/datanode-3/data/ratis/276d3271-1e94-4b4a-b965-9938fb5252aa: created new log segment /tmp/workdir/hadoop-ozone/integration-test/target/test-dir/MiniOzoneClusterImpl-a27e8836-a1ea-400b-8a52-a5991d85b080/datanode-3/data/ratis/276d3271-1e94-4b4a-b965-9938fb5252aa/current/log_inprogress_0
2019-07-13 09:17:26,590 INFO  impl.RaftServerImpl (ServerState.java:setRaftConf(361)) - 63cd217a-0258-4f28-b228-e26ebd42505a:group-EA19A076ACB4 set configuration 0: [46d1ed4c-2327-4dbf-9133-f8bf3f2fab15:192.168.69.96:33435, db1cd3a5-8394-42bf-b811-7c7c73654225:192.168.69.96:42799, 63cd217a-0258-4f28-b228-e26ebd42505a:192.168.69.96:33676], old=null at 0
2019-07-13 09:17:26,590 INFO  segmented.SegmentedRaftLogWorker (SegmentedRaftLogWorker.java:startLogSegment(380)) - 63cd217a-0258-4f28-b228-e26ebd42505a-SegmentedRaftLogWorker:Storage Directory /tmp/workdir/hadoop-ozone/integration-test/target/test-dir/MiniOzoneClusterImpl-a27e8836-a1ea-400b-8a52-a5991d85b080/datanode-2/data/ratis/e22db35d-9461-4082-baef-ea19a076acb4: Starting segment from index:0
2019-07-13 09:17:26,590 INFO  impl.RaftServerImpl (ServerState.java:setRaftConf(361)) - 46d1ed4c-2327-4dbf-9133-f8bf3f2fab15:group-EA19A076ACB4 set configuration 0: [46d1ed4c-2327-4dbf-9133-f8bf3f2fab15:192.168.69.96:33435, db1cd3a5-8394-42bf-b811-7c7c73654225:192.168.69.96:42799, 63cd217a-0258-4f28-b228-e26ebd42505a:192.168.69.96:33676], old=null at 0
2019-07-13 09:17:26,591 INFO  segmented.SegmentedRaftLogWorker (SegmentedRaftLogWorker.java:startLogSegment(380)) - 46d1ed4c-2327-4dbf-9133-f8bf3f2fab15-SegmentedRaftLogWorker:Storage Directory /tmp/workdir/hadoop-ozone/integration-test/target/test-dir/MiniOzoneClusterImpl-a27e8836-a1ea-400b-8a52-a5991d85b080/datanode-0/data/ratis/e22db35d-9461-4082-baef-ea19a076acb4: Starting segment from index:0
2019-07-13 09:17:26,602 INFO  segmented.SegmentedRaftLogWorker (SegmentedRaftLogWorker.java:execute(569)) - db1cd3a5-8394-42bf-b811-7c7c73654225-SegmentedRaftLogWorker:Storage Directory /tmp/workdir/hadoop-ozone/integration-test/target/test-dir/MiniOzoneClusterImpl-a27e8836-a1ea-400b-8a52-a5991d85b080/datanode-1/data/ratis/e22db35d-9461-4082-baef-ea19a076acb4: created new log segment /tmp/workdir/hadoop-ozone/integration-test/target/test-dir/MiniOzoneClusterImpl-a27e8836-a1ea-400b-8a52-a5991d85b080/datanode-1/data/ratis/e22db35d-9461-4082-baef-ea19a076acb4/current/log_inprogress_0
2019-07-13 09:17:26,602 INFO  segmented.SegmentedRaftLogWorker (SegmentedRaftLogWorker.java:execute(569)) - 63cd217a-0258-4f28-b228-e26ebd42505a-SegmentedRaftLogWorker:Storage Directory /tmp/workdir/hadoop-ozone/integration-test/target/test-dir/MiniOzoneClusterImpl-a27e8836-a1ea-400b-8a52-a5991d85b080/datanode-2/data/ratis/afca5fb7-0328-4c12-8287-eb92630b1aaf: created new log segment /tmp/workdir/hadoop-ozone/integration-test/target/test-dir/MiniOzoneClusterImpl-a27e8836-a1ea-400b-8a52-a5991d85b080/datanode-2/data/ratis/afca5fb7-0328-4c12-8287-eb92630b1aaf/current/log_inprogress_0
2019-07-13 09:17:26,616 INFO  segmented.SegmentedRaftLogWorker (SegmentedRaftLogWorker.java:execute(569)) - 63cd217a-0258-4f28-b228-e26ebd42505a-SegmentedRaftLogWorker:Storage Directory /tmp/workdir/hadoop-ozone/integration-test/target/test-dir/MiniOzoneClusterImpl-a27e8836-a1ea-400b-8a52-a5991d85b080/datanode-2/data/ratis/e22db35d-9461-4082-baef-ea19a076acb4: created new log segment /tmp/workdir/hadoop-ozone/integration-test/target/test-dir/MiniOzoneClusterImpl-a27e8836-a1ea-400b-8a52-a5991d85b080/datanode-2/data/ratis/e22db35d-9461-4082-baef-ea19a076acb4/current/log_inprogress_0
2019-07-13 09:17:26,616 INFO  segmented.SegmentedRaftLogWorker (SegmentedRaftLogWorker.java:execute(569)) - 46d1ed4c-2327-4dbf-9133-f8bf3f2fab15-SegmentedRaftLogWorker:Storage Directory /tmp/workdir/hadoop-ozone/integration-test/target/test-dir/MiniOzoneClusterImpl-a27e8836-a1ea-400b-8a52-a5991d85b080/datanode-0/data/ratis/e22db35d-9461-4082-baef-ea19a076acb4: created new log segment /tmp/workdir/hadoop-ozone/integration-test/target/test-dir/MiniOzoneClusterImpl-a27e8836-a1ea-400b-8a52-a5991d85b080/datanode-0/data/ratis/e22db35d-9461-4082-baef-ea19a076acb4/current/log_inprogress_0
2019-07-13 09:17:26,877 INFO  impl.FollowerState (FollowerState.java:run(106)) - 84ca7385-e608-43fb-87bd-3376edbb1672:group-8D4B6A80EE39 changes to CANDIDATE, lastRpcTime:5161, electionTimeout:5161ms
2019-07-13 09:17:26,878 INFO  impl.RoleInfo (RoleInfo.java:shutdownFollowerState(121)) - 84ca7385-e608-43fb-87bd-3376edbb1672: shutdown FollowerState
2019-07-13 09:17:26,878 INFO  impl.RaftServerImpl (RaftServerImpl.java:setRole(171)) - 84ca7385-e608-43fb-87bd-3376edbb1672:group-8D4B6A80EE39 changes role from FOLLOWER to CANDIDATE at term 0 for changeToCandidate
2019-07-13 09:17:26,878 INFO  impl.RoleInfo (RoleInfo.java:updateAndGet(143)) - 84ca7385-e608-43fb-87bd-3376edbb1672: start LeaderElection
2019-07-13 09:17:26,884 INFO  impl.FollowerState (FollowerState.java:run(106)) - fcf6d4b8-506b-42b6-93f2-dcb5bcbe3b8d:group-0F294C427F04 changes to CANDIDATE, lastRpcTime:5002, electionTimeout:5000ms
2019-07-13 09:17:26,885 INFO  impl.RoleInfo (RoleInfo.java:shutdownFollowerState(121)) - fcf6d4b8-506b-42b6-93f2-dcb5bcbe3b8d: shutdown FollowerState
2019-07-13 09:17:26,885 INFO  impl.RaftServerImpl (RaftServerImpl.java:setRole(171)) - fcf6d4b8-506b-42b6-93f2-dcb5bcbe3b8d:group-0F294C427F04 changes role from FOLLOWER to CANDIDATE at term 0 for changeToCandidate
2019-07-13 09:17:26,885 INFO  impl.RoleInfo (RoleInfo.java:updateAndGet(143)) - fcf6d4b8-506b-42b6-93f2-dcb5bcbe3b8d: start LeaderElection
2019-07-13 09:17:26,898 INFO  impl.LeaderElection (LeaderElection.java:askForVotes(181)) - fcf6d4b8-506b-42b6-93f2-dcb5bcbe3b8d:group-0F294C427F04:LeaderElection74: begin an election at term 1 for -1: [fcf6d4b8-506b-42b6-93f2-dcb5bcbe3b8d:192.168.69.96:44346], old=null
2019-07-13 09:17:26,898 INFO  impl.LeaderElection (LeaderElection.java:askForVotes(181)) - 84ca7385-e608-43fb-87bd-3376edbb1672:group-8D4B6A80EE39:LeaderElection73: begin an election at term 1 for -1: [84ca7385-e608-43fb-87bd-3376edbb1672:192.168.69.96:36158], old=null
2019-07-13 09:17:26,899 INFO  impl.RoleInfo (RoleInfo.java:shutdownLeaderElection(134)) - fcf6d4b8-506b-42b6-93f2-dcb5bcbe3b8d: shutdown LeaderElection
2019-07-13 09:17:26,899 INFO  impl.RoleInfo (RoleInfo.java:shutdownLeaderElection(134)) - 84ca7385-e608-43fb-87bd-3376edbb1672: shutdown LeaderElection
2019-07-13 09:17:26,899 INFO  impl.RaftServerImpl (RaftServerImpl.java:setRole(171)) - fcf6d4b8-506b-42b6-93f2-dcb5bcbe3b8d:group-0F294C427F04 changes role from CANDIDATE to LEADER at term 1 for changeToLeader
2019-07-13 09:17:26,899 INFO  impl.RaftServerImpl (RaftServerImpl.java:setRole(171)) - 84ca7385-e608-43fb-87bd-3376edbb1672:group-8D4B6A80EE39 changes role from CANDIDATE to LEADER at term 1 for changeToLeader
2019-07-13 09:17:26,899 INFO  impl.RaftServerImpl (ServerState.java:setLeader(263)) - fcf6d4b8-506b-42b6-93f2-dcb5bcbe3b8d:group-0F294C427F04 change Leader from null to fcf6d4b8-506b-42b6-93f2-dcb5bcbe3b8d at term 1 for becomeLeader, leader elected after 5021ms
2019-07-13 09:17:26,899 INFO  impl.RaftServerImpl (ServerState.java:setLeader(263)) - 84ca7385-e608-43fb-87bd-3376edbb1672:group-8D4B6A80EE39 change Leader from null to 84ca7385-e608-43fb-87bd-3376edbb1672 at term 1 for becomeLeader, leader elected after 5187ms
2019-07-13 09:17:26,902 INFO  server.RaftServerConfigKeys (ConfUtils.java:logGet(43)) - raft.server.staging.catchup.gap = 1000 (default)
2019-07-13 09:17:26,905 INFO  server.RaftServerConfigKeys (ConfUtils.java:logGet(43)) - raft.server.staging.catchup.gap = 1000 (default)
2019-07-13 09:17:26,905 INFO  server.RaftServerConfigKeys (ConfUtils.java:logGet(43)) - raft.server.rpc.sleep.time = 25ms (default)
2019-07-13 09:17:26,905 INFO  server.RaftServerConfigKeys (ConfUtils.java:logGet(43)) - raft.server.rpc.sleep.time = 25ms (default)
2019-07-13 09:17:26,905 INFO  server.RaftServerConfigKeys (ConfUtils.java:logGet(43)) - raft.server.write.element-limit = 4096 (default)
2019-07-13 09:17:26,905 INFO  server.RaftServerConfigKeys (ConfUtils.java:logGet(43)) - raft.server.write.element-limit = 4096 (default)
2019-07-13 09:17:26,905 INFO  server.RaftServerConfigKeys (ConfUtils.java:logGet(43)) - raft.server.watch.timeout = 10s (default)
2019-07-13 09:17:26,906 INFO  server.RaftServerConfigKeys (ConfUtils.java:logGet(43)) - raft.server.watch.timeout = 10s (default)
2019-07-13 09:17:26,906 INFO  server.RaftServerConfigKeys (ConfUtils.java:logGet(43)) - raft.server.watch.timeout.denomination = 1s (default)
2019-07-13 09:17:26,906 INFO  server.RaftServerConfigKeys (ConfUtils.java:logGet(43)) - raft.server.watch.timeout.denomination = 1s (default)
2019-07-13 09:17:26,906 INFO  server.RaftServerConfigKeys (ConfUtils.java:logGet(43)) - raft.server.watch.element-limit = 65536 (default)
2019-07-13 09:17:26,906 INFO  server.RaftServerConfigKeys (ConfUtils.java:logGet(43)) - raft.server.watch.element-limit = 65536 (default)
2019-07-13 09:17:26,906 INFO  impl.RoleInfo (RoleInfo.java:updateAndGet(143)) - fcf6d4b8-506b-42b6-93f2-dcb5bcbe3b8d: start LeaderState
2019-07-13 09:17:26,907 INFO  impl.RoleInfo (RoleInfo.java:updateAndGet(143)) - 84ca7385-e608-43fb-87bd-3376edbb1672: start LeaderState
2019-07-13 09:17:26,907 INFO  segmented.SegmentedRaftLogWorker (SegmentedRaftLogWorker.java:startLogSegment(380)) - fcf6d4b8-506b-42b6-93f2-dcb5bcbe3b8d-SegmentedRaftLogWorker:Storage Directory /tmp/workdir/hadoop-ozone/integration-test/target/test-dir/MiniOzoneClusterImpl-a27e8836-a1ea-400b-8a52-a5991d85b080/datanode-5/data/ratis/1000c677-a0ef-427c-946c-0f294c427f04: Starting segment from index:0
2019-07-13 09:17:26,907 INFO  segmented.SegmentedRaftLogWorker (SegmentedRaftLogWorker.java:startLogSegment(380)) - 84ca7385-e608-43fb-87bd-3376edbb1672-SegmentedRaftLogWorker:Storage Directory /tmp/workdir/hadoop-ozone/integration-test/target/test-dir/MiniOzoneClusterImpl-a27e8836-a1ea-400b-8a52-a5991d85b080/datanode-4/data/ratis/4fe7dfdc-063b-420d-a6c9-8d4b6a80ee39: Starting segment from index:0
2019-07-13 09:17:26,907 INFO  impl.RaftServerImpl (ServerState.java:setRaftConf(361)) - fcf6d4b8-506b-42b6-93f2-dcb5bcbe3b8d:group-0F294C427F04 set configuration 0: [fcf6d4b8-506b-42b6-93f2-dcb5bcbe3b8d:192.168.69.96:44346], old=null at 0
2019-07-13 09:17:26,907 INFO  impl.RaftServerImpl (ServerState.java:setRaftConf(361)) - 84ca7385-e608-43fb-87bd-3376edbb1672:group-8D4B6A80EE39 set configuration 0: [84ca7385-e608-43fb-87bd-3376edbb1672:192.168.69.96:36158], old=null at 0
2019-07-13 09:17:26,939 INFO  segmented.SegmentedRaftLogWorker (SegmentedRaftLogWorker.java:execute(569)) - fcf6d4b8-506b-42b6-93f2-dcb5bcbe3b8d-SegmentedRaftLogWorker:Storage Directory /tmp/workdir/hadoop-ozone/integration-test/target/test-dir/MiniOzoneClusterImpl-a27e8836-a1ea-400b-8a52-a5991d85b080/datanode-5/data/ratis/1000c677-a0ef-427c-946c-0f294c427f04: created new log segment /tmp/workdir/hadoop-ozone/integration-test/target/test-dir/MiniOzoneClusterImpl-a27e8836-a1ea-400b-8a52-a5991d85b080/datanode-5/data/ratis/1000c677-a0ef-427c-946c-0f294c427f04/current/log_inprogress_0
2019-07-13 09:17:26,939 INFO  segmented.SegmentedRaftLogWorker (SegmentedRaftLogWorker.java:execute(569)) - 84ca7385-e608-43fb-87bd-3376edbb1672-SegmentedRaftLogWorker:Storage Directory /tmp/workdir/hadoop-ozone/integration-test/target/test-dir/MiniOzoneClusterImpl-a27e8836-a1ea-400b-8a52-a5991d85b080/datanode-4/data/ratis/4fe7dfdc-063b-420d-a6c9-8d4b6a80ee39: created new log segment /tmp/workdir/hadoop-ozone/integration-test/target/test-dir/MiniOzoneClusterImpl-a27e8836-a1ea-400b-8a52-a5991d85b080/datanode-4/data/ratis/4fe7dfdc-063b-420d-a6c9-8d4b6a80ee39/current/log_inprogress_0
2019-07-13 09:17:26,970 INFO  impl.FollowerState (FollowerState.java:run(106)) - 84ca7385-e608-43fb-87bd-3376edbb1672:group-FA5034E93053 changes to CANDIDATE, lastRpcTime:5026, electionTimeout:5026ms
2019-07-13 09:17:26,970 INFO  impl.RoleInfo (RoleInfo.java:shutdownFollowerState(121)) - 84ca7385-e608-43fb-87bd-3376edbb1672: shutdown FollowerState
2019-07-13 09:17:26,970 INFO  impl.RaftServerImpl (RaftServerImpl.java:setRole(171)) - 84ca7385-e608-43fb-87bd-3376edbb1672:group-FA5034E93053 changes role from FOLLOWER to CANDIDATE at term 0 for changeToCandidate
2019-07-13 09:17:26,970 INFO  impl.RoleInfo (RoleInfo.java:updateAndGet(143)) - 84ca7385-e608-43fb-87bd-3376edbb1672: start LeaderElection
2019-07-13 09:17:26,989 INFO  impl.LeaderElection (LeaderElection.java:askForVotes(181)) - 84ca7385-e608-43fb-87bd-3376edbb1672:group-FA5034E93053:LeaderElection75: begin an election at term 1 for -1: [23c23bdb-c138-4b83-89f5-8b546d32104e:192.168.69.96:35637, fcf6d4b8-506b-42b6-93f2-dcb5bcbe3b8d:192.168.69.96:44346, 84ca7385-e608-43fb-87bd-3376edbb1672:192.168.69.96:36158], old=null
2019-07-13 09:17:26,999 INFO  impl.RaftServerImpl (RaftServerImpl.java:setRole(171)) - 23c23bdb-c138-4b83-89f5-8b546d32104e:group-FA5034E93053 changes role from FOLLOWER to FOLLOWER at term 1 for recognizeCandidate:84ca7385-e608-43fb-87bd-3376edbb1672
2019-07-13 09:17:26,999 INFO  impl.RaftServerImpl (RaftServerImpl.java:setRole(171)) - fcf6d4b8-506b-42b6-93f2-dcb5bcbe3b8d:group-FA5034E93053 changes role from FOLLOWER to FOLLOWER at term 1 for recognizeCandidate:84ca7385-e608-43fb-87bd-3376edbb1672
2019-07-13 09:17:27,000 INFO  impl.RoleInfo (RoleInfo.java:shutdownFollowerState(121)) - 23c23bdb-c138-4b83-89f5-8b546d32104e: shutdown FollowerState
2019-07-13 09:17:27,000 INFO  impl.RoleInfo (RoleInfo.java:shutdownFollowerState(121)) - fcf6d4b8-506b-42b6-93f2-dcb5bcbe3b8d: shutdown FollowerState
2019-07-13 09:17:27,000 INFO  impl.RoleInfo (RoleInfo.java:updateAndGet(143)) - 23c23bdb-c138-4b83-89f5-8b546d32104e: start FollowerState
2019-07-13 09:17:27,000 INFO  impl.FollowerState (FollowerState.java:run(114)) - fcf6d4b8-506b-42b6-93f2-dcb5bcbe3b8d: FollowerState was interrupted: java.lang.InterruptedException: sleep interrupted
2019-07-13 09:17:27,000 INFO  impl.RoleInfo (RoleInfo.java:updateAndGet(143)) - fcf6d4b8-506b-42b6-93f2-dcb5bcbe3b8d: start FollowerState
2019-07-13 09:17:27,000 INFO  impl.FollowerState (FollowerState.java:run(114)) - 23c23bdb-c138-4b83-89f5-8b546d32104e: FollowerState was interrupted: java.lang.InterruptedException: sleep interrupted
2019-07-13 09:17:27,016 INFO  impl.LeaderElection (LeaderElection.java:logAndReturn(56)) - 84ca7385-e608-43fb-87bd-3376edbb1672:group-FA5034E93053:LeaderElection75: Election PASSED; received 1 response(s) [84ca7385-e608-43fb-87bd-3376edbb1672<-fcf6d4b8-506b-42b6-93f2-dcb5bcbe3b8d#0:OK-t1] and 0 exception(s); 84ca7385-e608-43fb-87bd-3376edbb1672:t1, leader=null, voted=84ca7385-e608-43fb-87bd-3376edbb1672, raftlog=84ca7385-e608-43fb-87bd-3376edbb1672-SegmentedRaftLog:OPENED:c-1,f-1,i0, conf=-1: [23c23bdb-c138-4b83-89f5-8b546d32104e:192.168.69.96:35637, fcf6d4b8-506b-42b6-93f2-dcb5bcbe3b8d:192.168.69.96:44346, 84ca7385-e608-43fb-87bd-3376edbb1672:192.168.69.96:36158], old=null
2019-07-13 09:17:27,016 INFO  impl.RoleInfo (RoleInfo.java:shutdownLeaderElection(134)) - 84ca7385-e608-43fb-87bd-3376edbb1672: shutdown LeaderElection
2019-07-13 09:17:27,016 INFO  impl.RaftServerImpl (RaftServerImpl.java:setRole(171)) - 84ca7385-e608-43fb-87bd-3376edbb1672:group-FA5034E93053 changes role from CANDIDATE to LEADER at term 1 for changeToLeader
2019-07-13 09:17:27,016 INFO  impl.RaftServerImpl (ServerState.java:setLeader(263)) - 84ca7385-e608-43fb-87bd-3376edbb1672:group-FA5034E93053 change Leader from null to 84ca7385-e608-43fb-87bd-3376edbb1672 at term 1 for becomeLeader, leader elected after 5083ms
2019-07-13 09:17:27,016 INFO  server.RaftServerConfigKeys (ConfUtils.java:logGet(43)) - raft.server.staging.catchup.gap = 1000 (default)
2019-07-13 09:17:27,016 INFO  server.RaftServerConfigKeys (ConfUtils.java:logGet(43)) - raft.server.rpc.sleep.time = 25ms (default)
2019-07-13 09:17:27,016 INFO  server.RaftServerConfigKeys (ConfUtils.java:logGet(43)) - raft.server.write.element-limit = 4096 (default)
2019-07-13 09:17:27,017 INFO  server.RaftServerConfigKeys (ConfUtils.java:logGet(43)) - raft.server.watch.timeout = 10s (default)
2019-07-13 09:17:27,017 INFO  server.RaftServerConfigKeys (ConfUtils.java:logGet(43)) - raft.server.watch.timeout.denomination = 1s (default)
2019-07-13 09:17:27,017 INFO  server.RaftServerConfigKeys (ConfUtils.java:logGet(43)) - raft.server.watch.element-limit = 65536 (default)
2019-07-13 09:17:27,017 INFO  server.RaftServerConfigKeys (ConfUtils.java:logGet(43)) - raft.server.log.appender.snapshot.chunk.size.max = 16MB (=16777216) (default)
2019-07-13 09:17:27,017 INFO  server.RaftServerConfigKeys (ConfUtils.java:logGet(43)) - raft.server.log.appender.buffer.byte-limit = 33554432 (custom)
2019-07-13 09:17:27,017 INFO  server.RaftServerConfigKeys (ConfUtils.java:logGet(43)) - raft.server.log.appender.buffer.element-limit = 1 (custom)
2019-07-13 09:17:27,018 INFO  grpc.GrpcConfigKeys$Server (ConfUtils.java:logGet(43)) - raft.grpc.server.leader.outstanding.appends.max = 128 (default)
2019-07-13 09:17:27,018 INFO  server.RaftServerConfigKeys (ConfUtils.java:logGet(43)) - raft.server.rpc.request.timeout = 3000ms (default)
2019-07-13 09:17:27,018 INFO  server.RaftServerConfigKeys (ConfUtils.java:logGet(43)) - raft.server.log.appender.install.snapshot.enabled = false (custom)
2019-07-13 09:17:27,018 INFO  server.RaftServerConfigKeys (ConfUtils.java:logGet(43)) - raft.server.log.appender.snapshot.chunk.size.max = 16MB (=16777216) (default)
2019-07-13 09:17:27,018 INFO  server.RaftServerConfigKeys (ConfUtils.java:logGet(43)) - raft.server.log.appender.buffer.byte-limit = 33554432 (custom)
2019-07-13 09:17:27,019 INFO  server.RaftServerConfigKeys (ConfUtils.java:logGet(43)) - raft.server.log.appender.buffer.element-limit = 1 (custom)
2019-07-13 09:17:27,019 INFO  grpc.GrpcConfigKeys$Server (ConfUtils.java:logGet(43)) - raft.grpc.server.leader.outstanding.appends.max = 128 (default)
2019-07-13 09:17:27,019 INFO  server.RaftServerConfigKeys (ConfUtils.java:logGet(43)) - raft.server.rpc.request.timeout = 3000ms (default)
2019-07-13 09:17:27,019 INFO  server.RaftServerConfigKeys (ConfUtils.java:logGet(43)) - raft.server.log.appender.install.snapshot.enabled = false (custom)
2019-07-13 09:17:27,019 INFO  impl.RoleInfo (RoleInfo.java:updateAndGet(143)) - 84ca7385-e608-43fb-87bd-3376edbb1672: start LeaderState
2019-07-13 09:17:27,020 INFO  segmented.SegmentedRaftLogWorker (SegmentedRaftLogWorker.java:startLogSegment(380)) - 84ca7385-e608-43fb-87bd-3376edbb1672-SegmentedRaftLogWorker:Storage Directory /tmp/workdir/hadoop-ozone/integration-test/target/test-dir/MiniOzoneClusterImpl-a27e8836-a1ea-400b-8a52-a5991d85b080/datanode-4/data/ratis/c193916d-813e-4def-a346-fa5034e93053: Starting segment from index:0
2019-07-13 09:17:27,020 INFO  impl.RaftServerImpl (ServerState.java:setRaftConf(361)) - 84ca7385-e608-43fb-87bd-3376edbb1672:group-FA5034E93053 set configuration 0: [23c23bdb-c138-4b83-89f5-8b546d32104e:192.168.69.96:35637, fcf6d4b8-506b-42b6-93f2-dcb5bcbe3b8d:192.168.69.96:44346, 84ca7385-e608-43fb-87bd-3376edbb1672:192.168.69.96:36158], old=null at 0
2019-07-13 09:17:27,022 INFO  impl.RaftServerImpl (ServerState.java:setLeader(263)) - 23c23bdb-c138-4b83-89f5-8b546d32104e:group-FA5034E93053 change Leader from null to 84ca7385-e608-43fb-87bd-3376edbb1672 at term 1 for appendEntries, leader elected after 5089ms
2019-07-13 09:17:27,022 INFO  impl.RaftServerImpl (ServerState.java:setLeader(263)) - fcf6d4b8-506b-42b6-93f2-dcb5bcbe3b8d:group-FA5034E93053 change Leader from null to 84ca7385-e608-43fb-87bd-3376edbb1672 at term 1 for appendEntries, leader elected after 5089ms
2019-07-13 09:17:27,047 INFO  impl.RaftServerImpl (ServerState.java:setRaftConf(361)) - fcf6d4b8-506b-42b6-93f2-dcb5bcbe3b8d:group-FA5034E93053 set configuration 0: [23c23bdb-c138-4b83-89f5-8b546d32104e:192.168.69.96:35637, fcf6d4b8-506b-42b6-93f2-dcb5bcbe3b8d:192.168.69.96:44346, 84ca7385-e608-43fb-87bd-3376edbb1672:192.168.69.96:36158], old=null at 0
2019-07-13 09:17:27,047 INFO  impl.RaftServerImpl (ServerState.java:setRaftConf(361)) - 23c23bdb-c138-4b83-89f5-8b546d32104e:group-FA5034E93053 set configuration 0: [23c23bdb-c138-4b83-89f5-8b546d32104e:192.168.69.96:35637, fcf6d4b8-506b-42b6-93f2-dcb5bcbe3b8d:192.168.69.96:44346, 84ca7385-e608-43fb-87bd-3376edbb1672:192.168.69.96:36158], old=null at 0
2019-07-13 09:17:27,047 INFO  segmented.SegmentedRaftLogWorker (SegmentedRaftLogWorker.java:startLogSegment(380)) - fcf6d4b8-506b-42b6-93f2-dcb5bcbe3b8d-SegmentedRaftLogWorker:Storage Directory /tmp/workdir/hadoop-ozone/integration-test/target/test-dir/MiniOzoneClusterImpl-a27e8836-a1ea-400b-8a52-a5991d85b080/datanode-5/data/ratis/c193916d-813e-4def-a346-fa5034e93053: Starting segment from index:0
2019-07-13 09:17:27,047 INFO  segmented.SegmentedRaftLogWorker (SegmentedRaftLogWorker.java:startLogSegment(380)) - 23c23bdb-c138-4b83-89f5-8b546d32104e-SegmentedRaftLogWorker:Storage Directory /tmp/workdir/hadoop-ozone/integration-test/target/test-dir/MiniOzoneClusterImpl-a27e8836-a1ea-400b-8a52-a5991d85b080/datanode-3/data/ratis/c193916d-813e-4def-a346-fa5034e93053: Starting segment from index:0
2019-07-13 09:17:27,057 INFO  segmented.SegmentedRaftLogWorker (SegmentedRaftLogWorker.java:execute(569)) - 84ca7385-e608-43fb-87bd-3376edbb1672-SegmentedRaftLogWorker:Storage Directory /tmp/workdir/hadoop-ozone/integration-test/target/test-dir/MiniOzoneClusterImpl-a27e8836-a1ea-400b-8a52-a5991d85b080/datanode-4/data/ratis/c193916d-813e-4def-a346-fa5034e93053: created new log segment /tmp/workdir/hadoop-ozone/integration-test/target/test-dir/MiniOzoneClusterImpl-a27e8836-a1ea-400b-8a52-a5991d85b080/datanode-4/data/ratis/c193916d-813e-4def-a346-fa5034e93053/current/log_inprogress_0
2019-07-13 09:17:27,077 INFO  segmented.SegmentedRaftLogWorker (SegmentedRaftLogWorker.java:execute(569)) - fcf6d4b8-506b-42b6-93f2-dcb5bcbe3b8d-SegmentedRaftLogWorker:Storage Directory /tmp/workdir/hadoop-ozone/integration-test/target/test-dir/MiniOzoneClusterImpl-a27e8836-a1ea-400b-8a52-a5991d85b080/datanode-5/data/ratis/c193916d-813e-4def-a346-fa5034e93053: created new log segment /tmp/workdir/hadoop-ozone/integration-test/target/test-dir/MiniOzoneClusterImpl-a27e8836-a1ea-400b-8a52-a5991d85b080/datanode-5/data/ratis/c193916d-813e-4def-a346-fa5034e93053/current/log_inprogress_0
2019-07-13 09:17:27,077 INFO  segmented.SegmentedRaftLogWorker (SegmentedRaftLogWorker.java:execute(569)) - 23c23bdb-c138-4b83-89f5-8b546d32104e-SegmentedRaftLogWorker:Storage Directory /tmp/workdir/hadoop-ozone/integration-test/target/test-dir/MiniOzoneClusterImpl-a27e8836-a1ea-400b-8a52-a5991d85b080/datanode-3/data/ratis/c193916d-813e-4def-a346-fa5034e93053: created new log segment /tmp/workdir/hadoop-ozone/integration-test/target/test-dir/MiniOzoneClusterImpl-a27e8836-a1ea-400b-8a52-a5991d85b080/datanode-3/data/ratis/c193916d-813e-4def-a346-fa5034e93053/current/log_inprogress_0
2019-07-13 09:17:27,334 INFO  client.GrpcClientProtocolClient (GrpcClientProtocolClient.java:onNext(255)) - client-355072E32163->46d1ed4c-2327-4dbf-9133-f8bf3f2fab15: receive RaftClientReply:client-355072E32163->46d1ed4c-2327-4dbf-9133-f8bf3f2fab15@group-EA19A076ACB4, cid=212, FAILED org.apache.ratis.protocol.NotLeaderException: Server 46d1ed4c-2327-4dbf-9133-f8bf3f2fab15 is not the leader (db1cd3a5-8394-42bf-b811-7c7c73654225:192.168.69.96:42799). Request must be sent to leader., logIndex=0, commits[46d1ed4c-2327-4dbf-9133-f8bf3f2fab15:c-1, db1cd3a5-8394-42bf-b811-7c7c73654225:c-1, 63cd217a-0258-4f28-b228-e26ebd42505a:c-1]
2019-07-13 09:17:27,384 INFO  impl.FollowerState (FollowerState.java:run(106)) - 21344e2b-dee5-4662-b70e-029b55df8245:group-B8528E2AFBB7 changes to CANDIDATE, lastRpcTime:5139, electionTimeout:5139ms
2019-07-13 09:17:27,384 INFO  impl.RoleInfo (RoleInfo.java:shutdownFollowerState(121)) - 21344e2b-dee5-4662-b70e-029b55df8245: shutdown FollowerState
2019-07-13 09:17:27,384 INFO  impl.RaftServerImpl (RaftServerImpl.java:setRole(171)) - 21344e2b-dee5-4662-b70e-029b55df8245:group-B8528E2AFBB7 changes role from FOLLOWER to CANDIDATE at term 0 for changeToCandidate
2019-07-13 09:17:27,384 INFO  impl.RoleInfo (RoleInfo.java:updateAndGet(143)) - 21344e2b-dee5-4662-b70e-029b55df8245: start LeaderElection
2019-07-13 09:17:27,403 INFO  impl.LeaderElection (LeaderElection.java:askForVotes(181)) - 21344e2b-dee5-4662-b70e-029b55df8245:group-B8528E2AFBB7:LeaderElection76: begin an election at term 1 for -1: [21344e2b-dee5-4662-b70e-029b55df8245:192.168.69.96:35953], old=null
2019-07-13 09:17:27,404 INFO  impl.RoleInfo (RoleInfo.java:shutdownLeaderElection(134)) - 21344e2b-dee5-4662-b70e-029b55df8245: shutdown LeaderElection
2019-07-13 09:17:27,404 INFO  impl.RaftServerImpl (RaftServerImpl.java:setRole(171)) - 21344e2b-dee5-4662-b70e-029b55df8245:group-B8528E2AFBB7 changes role from CANDIDATE to LEADER at term 1 for changeToLeader
2019-07-13 09:17:27,404 INFO  impl.RaftServerImpl (ServerState.java:setLeader(263)) - 21344e2b-dee5-4662-b70e-029b55df8245:group-B8528E2AFBB7 change Leader from null to 21344e2b-dee5-4662-b70e-029b55df8245 at term 1 for becomeLeader, leader elected after 5163ms
2019-07-13 09:17:27,406 INFO  server.RaftServerConfigKeys (ConfUtils.java:logGet(43)) - raft.server.staging.catchup.gap = 1000 (default)
2019-07-13 09:17:27,406 INFO  server.RaftServerConfigKeys (ConfUtils.java:logGet(43)) - raft.server.rpc.sleep.time = 25ms (default)
2019-07-13 09:17:27,406 INFO  server.RaftServerConfigKeys (ConfUtils.java:logGet(43)) - raft.server.write.element-limit = 4096 (default)
2019-07-13 09:17:27,407 INFO  server.RaftServerConfigKeys (ConfUtils.java:logGet(43)) - raft.server.watch.timeout = 10s (default)
2019-07-13 09:17:27,407 INFO  server.RaftServerConfigKeys (ConfUtils.java:logGet(43)) - raft.server.watch.timeout.denomination = 1s (default)
2019-07-13 09:17:27,407 INFO  server.RaftServerConfigKeys (ConfUtils.java:logGet(43)) - raft.server.watch.element-limit = 65536 (default)
2019-07-13 09:17:27,407 INFO  impl.RoleInfo (RoleInfo.java:updateAndGet(143)) - 21344e2b-dee5-4662-b70e-029b55df8245: start LeaderState
2019-07-13 09:17:27,407 INFO  segmented.SegmentedRaftLogWorker (SegmentedRaftLogWorker.java:startLogSegment(380)) - 21344e2b-dee5-4662-b70e-029b55df8245-SegmentedRaftLogWorker:Storage Directory /tmp/workdir/hadoop-ozone/integration-test/target/test-dir/MiniOzoneClusterImpl-a27e8836-a1ea-400b-8a52-a5991d85b080/datanode-6/data/ratis/ec8b926d-fe48-4adc-9486-b8528e2afbb7: Starting segment from index:0
2019-07-13 09:17:27,408 INFO  impl.RaftServerImpl (ServerState.java:setRaftConf(361)) - 21344e2b-dee5-4662-b70e-029b55df8245:group-B8528E2AFBB7 set configuration 0: [21344e2b-dee5-4662-b70e-029b55df8245:192.168.69.96:35953], old=null at 0
2019-07-13 09:17:27,440 INFO  segmented.SegmentedRaftLogWorker (SegmentedRaftLogWorker.java:execute(569)) - 21344e2b-dee5-4662-b70e-029b55df8245-SegmentedRaftLogWorker:Storage Directory /tmp/workdir/hadoop-ozone/integration-test/target/test-dir/MiniOzoneClusterImpl-a27e8836-a1ea-400b-8a52-a5991d85b080/datanode-6/data/ratis/ec8b926d-fe48-4adc-9486-b8528e2afbb7: created new log segment /tmp/workdir/hadoop-ozone/integration-test/target/test-dir/MiniOzoneClusterImpl-a27e8836-a1ea-400b-8a52-a5991d85b080/datanode-6/data/ratis/ec8b926d-fe48-4adc-9486-b8528e2afbb7/current/log_inprogress_0
2019-07-13 09:17:27,476 INFO  client.GrpcClientProtocolClient (GrpcClientProtocolClient.java:onNext(255)) - client-355072E32163->db1cd3a5-8394-42bf-b811-7c7c73654225: receive RaftClientReply:client-355072E32163->db1cd3a5-8394-42bf-b811-7c7c73654225@group-EA19A076ACB4, cid=212, SUCCESS, logIndex=1, commits[db1cd3a5-8394-42bf-b811-7c7c73654225:c1, 46d1ed4c-2327-4dbf-9133-f8bf3f2fab15:c0, 63cd217a-0258-4f28-b228-e26ebd42505a:c0]
2019-07-13 09:17:27,488 INFO  client.GrpcClientProtocolClient (GrpcClientProtocolClient.java:onNext(255)) - client-355072E32163->db1cd3a5-8394-42bf-b811-7c7c73654225: receive RaftClientReply:client-355072E32163->db1cd3a5-8394-42bf-b811-7c7c73654225@group-EA19A076ACB4, cid=213, SUCCESS, logIndex=3, commits[db1cd3a5-8394-42bf-b811-7c7c73654225:c4, 46d1ed4c-2327-4dbf-9133-f8bf3f2fab15:c1, 63cd217a-0258-4f28-b228-e26ebd42505a:c1]
2019-07-13 09:17:27,534 INFO  client.GrpcClientProtocolClient (GrpcClientProtocolClient.java:onNext(255)) - client-355072E32163->db1cd3a5-8394-42bf-b811-7c7c73654225: receive RaftClientReply:client-355072E32163->db1cd3a5-8394-42bf-b811-7c7c73654225@group-EA19A076ACB4, cid=214, SUCCESS, logIndex=4, commits[db1cd3a5-8394-42bf-b811-7c7c73654225:c6, 46d1ed4c-2327-4dbf-9133-f8bf3f2fab15:c4, 63cd217a-0258-4f28-b228-e26ebd42505a:c4]
2019-07-13 09:17:27,535 INFO  container.CloseContainerEventHandler (CloseContainerEventHandler.java:onMessage(61)) - Close container Event triggered for container : #1
2019-07-13 09:17:27,536 INFO  container.CloseContainerEventHandler (CloseContainerEventHandler.java:onMessage(61)) - Close container Event triggered for container : #1
2019-07-13 09:17:27,536 INFO  container.CloseContainerEventHandler (CloseContainerEventHandler.java:onMessage(61)) - Close container Event triggered for container : #1
2019-07-13 09:17:29,518 INFO  interfaces.Container (KeyValueContainer.java:compactDB(356)) - Container 1 is closed with bcsId 4.
2019-07-13 09:17:29,523 INFO  interfaces.Container (KeyValueContainer.java:compactDB(356)) - Container 1 is closed with bcsId 4.
2019-07-13 09:17:29,537 INFO  interfaces.Container (KeyValueContainer.java:compactDB(356)) - Container 1 is closed with bcsId 4.
09:17:29.539 [grpc-default-executor-8] ERROR DNAudit - user=null | ip=null | op=WRITE_CHUNK {blockData=conID: 1 locID: 102433386807427089 bcsId: 4} | ret=FAILURE
org.apache.hadoop.hdds.scm.container.common.helpers.ContainerNotOpenException: Container 1 in CLOSED state
	at org.apache.hadoop.ozone.container.common.impl.HddsDispatcher.validateContainerCommand(HddsDispatcher.java:408) ~[hadoop-hdds-container-service-0.5.0-SNAPSHOT.jar:?]
	at org.apache.hadoop.ozone.container.common.transport.server.ratis.ContainerStateMachine.startTransaction(ContainerStateMachine.java:271) ~[hadoop-hdds-container-service-0.5.0-SNAPSHOT.jar:?]
	at org.apache.ratis.server.impl.RaftServerImpl.submitClientRequestAsync(RaftServerImpl.java:566) ~[ratis-server-0.4.0-2337318-SNAPSHOT.jar:0.4.0-2337318-SNAPSHOT]
	at org.apache.ratis.server.impl.RaftServerProxy.lambda$submitClientRequestAsync$7(RaftServerProxy.java:333) ~[ratis-server-0.4.0-2337318-SNAPSHOT.jar:0.4.0-2337318-SNAPSHOT]
	at org.apache.ratis.server.impl.RaftServerProxy.lambda$null$5(RaftServerProxy.java:328) ~[ratis-server-0.4.0-2337318-SNAPSHOT.jar:0.4.0-2337318-SNAPSHOT]
	at org.apache.ratis.util.JavaUtils.callAsUnchecked(JavaUtils.java:109) ~[ratis-common-0.4.0-2337318-SNAPSHOT.jar:0.4.0-2337318-SNAPSHOT]
	at org.apache.ratis.server.impl.RaftServerProxy.lambda$submitRequest$6(RaftServerProxy.java:328) ~[ratis-server-0.4.0-2337318-SNAPSHOT.jar:0.4.0-2337318-SNAPSHOT]
	at java.util.concurrent.CompletableFuture.uniComposeStage(CompletableFuture.java:981) ~[?:1.8.0_212]
	at java.util.concurrent.CompletableFuture.thenCompose(CompletableFuture.java:2124) ~[?:1.8.0_212]
	at org.apache.ratis.server.impl.RaftServerProxy.submitRequest(RaftServerProxy.java:327) ~[ratis-server-0.4.0-2337318-SNAPSHOT.jar:0.4.0-2337318-SNAPSHOT]
	at org.apache.ratis.server.impl.RaftServerProxy.submitClientRequestAsync(RaftServerProxy.java:333) ~[ratis-server-0.4.0-2337318-SNAPSHOT.jar:0.4.0-2337318-SNAPSHOT]
	at org.apache.ratis.grpc.client.GrpcClientProtocolService$RequestStreamObserver.processClientRequest(GrpcClientProtocolService.java:220) ~[ratis-grpc-0.4.0-2337318-SNAPSHOT.jar:0.4.0-2337318-SNAPSHOT]
	at org.apache.ratis.grpc.client.GrpcClientProtocolService$OrderedRequestStreamObserver.processClientRequest(GrpcClientProtocolService.java:326) ~[ratis-grpc-0.4.0-2337318-SNAPSHOT.jar:0.4.0-2337318-SNAPSHOT]
	at org.apache.ratis.util.SlidingWindow$Server.processRequestsFromHead(SlidingWindow.java:429) [ratis-common-0.4.0-2337318-SNAPSHOT.jar:0.4.0-2337318-SNAPSHOT]
	at org.apache.ratis.util.SlidingWindow$Server.receivedRequest(SlidingWindow.java:421) [ratis-common-0.4.0-2337318-SNAPSHOT.jar:0.4.0-2337318-SNAPSHOT]
	at org.apache.ratis.grpc.client.GrpcClientProtocolService$OrderedRequestStreamObserver.processClientRequest(GrpcClientProtocolService.java:345) [ratis-grpc-0.4.0-2337318-SNAPSHOT.jar:0.4.0-2337318-SNAPSHOT]
	at org.apache.ratis.grpc.client.GrpcClientProtocolService$RequestStreamObserver.onNext(GrpcClientProtocolService.java:240) [ratis-grpc-0.4.0-2337318-SNAPSHOT.jar:0.4.0-2337318-SNAPSHOT]
	at org.apache.ratis.grpc.client.GrpcClientProtocolService$RequestStreamObserver.onNext(GrpcClientProtocolService.java:168) [ratis-grpc-0.4.0-2337318-SNAPSHOT.jar:0.4.0-2337318-SNAPSHOT]
	at org.apache.ratis.thirdparty.io.grpc.stub.ServerCalls$StreamingServerCallHandler$StreamingServerCallListener.onMessage(ServerCalls.java:248) [ratis-thirdparty-misc-0.2.0.jar:0.2.0]
	at org.apache.ratis.thirdparty.io.grpc.internal.ServerCallImpl$ServerStreamListenerImpl.messagesAvailable(ServerCallImpl.java:263) [ratis-thirdparty-misc-0.2.0.jar:0.2.0]
	at org.apache.ratis.thirdparty.io.grpc.internal.ServerImpl$JumpToApplicationThreadServerStreamListener$1MessagesAvailable.runInContext(ServerImpl.java:686) [ratis-thirdparty-misc-0.2.0.jar:0.2.0]
	at org.apache.ratis.thirdparty.io.grpc.internal.ContextRunnable.run(ContextRunnable.java:37) [ratis-thirdparty-misc-0.2.0.jar:0.2.0]
	at org.apache.ratis.thirdparty.io.grpc.internal.SerializingExecutor.run(SerializingExecutor.java:123) [ratis-thirdparty-misc-0.2.0.jar:0.2.0]
	at java.util.concurrent.ThreadPoolExecutor.runWorker(ThreadPoolExecutor.java:1149) [?:1.8.0_212]
	at java.util.concurrent.ThreadPoolExecutor$Worker.run(ThreadPoolExecutor.java:624) [?:1.8.0_212]
	at java.lang.Thread.run(Thread.java:748) [?:1.8.0_212]
09:17:29.547 [grpc-default-executor-8] ERROR DNAudit - user=null | ip=null | op=WRITE_CHUNK {blockData=conID: 1 locID: 102433386807427089 bcsId: 4} | ret=FAILURE
org.apache.hadoop.hdds.scm.container.common.helpers.ContainerNotOpenException: Container 1 in CLOSED state
	at org.apache.hadoop.ozone.container.common.impl.HddsDispatcher.validateContainerCommand(HddsDispatcher.java:408) ~[hadoop-hdds-container-service-0.5.0-SNAPSHOT.jar:?]
	at org.apache.hadoop.ozone.container.common.transport.server.ratis.ContainerStateMachine.startTransaction(ContainerStateMachine.java:271) ~[hadoop-hdds-container-service-0.5.0-SNAPSHOT.jar:?]
	at org.apache.ratis.server.impl.RaftServerImpl.submitClientRequestAsync(RaftServerImpl.java:566) ~[ratis-server-0.4.0-2337318-SNAPSHOT.jar:0.4.0-2337318-SNAPSHOT]
	at org.apache.ratis.server.impl.RaftServerProxy.lambda$submitClientRequestAsync$7(RaftServerProxy.java:333) ~[ratis-server-0.4.0-2337318-SNAPSHOT.jar:0.4.0-2337318-SNAPSHOT]
	at org.apache.ratis.server.impl.RaftServerProxy.lambda$null$5(RaftServerProxy.java:328) ~[ratis-server-0.4.0-2337318-SNAPSHOT.jar:0.4.0-2337318-SNAPSHOT]
	at org.apache.ratis.util.JavaUtils.callAsUnchecked(JavaUtils.java:109) ~[ratis-common-0.4.0-2337318-SNAPSHOT.jar:0.4.0-2337318-SNAPSHOT]
	at org.apache.ratis.server.impl.RaftServerProxy.lambda$submitRequest$6(RaftServerProxy.java:328) ~[ratis-server-0.4.0-2337318-SNAPSHOT.jar:0.4.0-2337318-SNAPSHOT]
	at java.util.concurrent.CompletableFuture.uniComposeStage(CompletableFuture.java:981) ~[?:1.8.0_212]
	at java.util.concurrent.CompletableFuture.thenCompose(CompletableFuture.java:2124) ~[?:1.8.0_212]
	at org.apache.ratis.server.impl.RaftServerProxy.submitRequest(RaftServerProxy.java:327) ~[ratis-server-0.4.0-2337318-SNAPSHOT.jar:0.4.0-2337318-SNAPSHOT]
	at org.apache.ratis.server.impl.RaftServerProxy.submitClientRequestAsync(RaftServerProxy.java:333) ~[ratis-server-0.4.0-2337318-SNAPSHOT.jar:0.4.0-2337318-SNAPSHOT]
	at org.apache.ratis.grpc.client.GrpcClientProtocolService$RequestStreamObserver.processClientRequest(GrpcClientProtocolService.java:220) ~[ratis-grpc-0.4.0-2337318-SNAPSHOT.jar:0.4.0-2337318-SNAPSHOT]
	at org.apache.ratis.grpc.client.GrpcClientProtocolService$OrderedRequestStreamObserver.processClientRequest(GrpcClientProtocolService.java:326) ~[ratis-grpc-0.4.0-2337318-SNAPSHOT.jar:0.4.0-2337318-SNAPSHOT]
	at org.apache.ratis.util.SlidingWindow$Server.processRequestsFromHead(SlidingWindow.java:429) [ratis-common-0.4.0-2337318-SNAPSHOT.jar:0.4.0-2337318-SNAPSHOT]
	at org.apache.ratis.util.SlidingWindow$Server.receivedRequest(SlidingWindow.java:421) [ratis-common-0.4.0-2337318-SNAPSHOT.jar:0.4.0-2337318-SNAPSHOT]
	at org.apache.ratis.grpc.client.GrpcClientProtocolService$OrderedRequestStreamObserver.processClientRequest(GrpcClientProtocolService.java:345) [ratis-grpc-0.4.0-2337318-SNAPSHOT.jar:0.4.0-2337318-SNAPSHOT]
	at org.apache.ratis.grpc.client.GrpcClientProtocolService$RequestStreamObserver.onNext(GrpcClientProtocolService.java:240) [ratis-grpc-0.4.0-2337318-SNAPSHOT.jar:0.4.0-2337318-SNAPSHOT]
	at org.apache.ratis.grpc.client.GrpcClientProtocolService$RequestStreamObserver.onNext(GrpcClientProtocolService.java:168) [ratis-grpc-0.4.0-2337318-SNAPSHOT.jar:0.4.0-2337318-SNAPSHOT]
	at org.apache.ratis.thirdparty.io.grpc.stub.ServerCalls$StreamingServerCallHandler$StreamingServerCallListener.onMessage(ServerCalls.java:248) [ratis-thirdparty-misc-0.2.0.jar:0.2.0]
	at org.apache.ratis.thirdparty.io.grpc.internal.ServerCallImpl$ServerStreamListenerImpl.messagesAvailable(ServerCallImpl.java:263) [ratis-thirdparty-misc-0.2.0.jar:0.2.0]
	at org.apache.ratis.thirdparty.io.grpc.internal.ServerImpl$JumpToApplicationThreadServerStreamListener$1MessagesAvailable.runInContext(ServerImpl.java:686) [ratis-thirdparty-misc-0.2.0.jar:0.2.0]
	at org.apache.ratis.thirdparty.io.grpc.internal.ContextRunnable.run(ContextRunnable.java:37) [ratis-thirdparty-misc-0.2.0.jar:0.2.0]
	at org.apache.ratis.thirdparty.io.grpc.internal.SerializingExecutor.run(SerializingExecutor.java:123) [ratis-thirdparty-misc-0.2.0.jar:0.2.0]
	at java.util.concurrent.ThreadPoolExecutor.runWorker(ThreadPoolExecutor.java:1149) [?:1.8.0_212]
	at java.util.concurrent.ThreadPoolExecutor$Worker.run(ThreadPoolExecutor.java:624) [?:1.8.0_212]
	at java.lang.Thread.run(Thread.java:748) [?:1.8.0_212]
2019-07-13 09:17:29,549 INFO  client.GrpcClientProtocolClient (GrpcClientProtocolClient.java:onNext(255)) - client-355072E32163->db1cd3a5-8394-42bf-b811-7c7c73654225: receive RaftClientReply:client-355072E32163->db1cd3a5-8394-42bf-b811-7c7c73654225@group-EA19A076ACB4, cid=215, FAILED org.apache.ratis.protocol.StateMachineException: org.apache.hadoop.hdds.scm.container.common.helpers.ContainerNotOpenException from Server db1cd3a5-8394-42bf-b811-7c7c73654225: Container 1 in CLOSED state, logIndex=0, commits[db1cd3a5-8394-42bf-b811-7c7c73654225:c8, 46d1ed4c-2327-4dbf-9133-f8bf3f2fab15:c7, 63cd217a-0258-4f28-b228-e26ebd42505a:c7]
09:17:29.570 [grpc-default-executor-8] ERROR DNAudit - user=null | ip=null | op=PUT_BLOCK {blockData=[blockId=conID: 1 locID: 102433386807427089 bcsId: 0,size=334]} | ret=FAILURE
org.apache.hadoop.hdds.scm.container.common.helpers.ContainerNotOpenException: Container 1 in CLOSED state
	at org.apache.hadoop.ozone.container.common.impl.HddsDispatcher.validateContainerCommand(HddsDispatcher.java:408) ~[hadoop-hdds-container-service-0.5.0-SNAPSHOT.jar:?]
	at org.apache.hadoop.ozone.container.common.transport.server.ratis.ContainerStateMachine.startTransaction(ContainerStateMachine.java:271) ~[hadoop-hdds-container-service-0.5.0-SNAPSHOT.jar:?]
	at org.apache.ratis.server.impl.RaftServerImpl.submitClientRequestAsync(RaftServerImpl.java:566) ~[ratis-server-0.4.0-2337318-SNAPSHOT.jar:0.4.0-2337318-SNAPSHOT]
	at org.apache.ratis.server.impl.RaftServerProxy.lambda$submitClientRequestAsync$7(RaftServerProxy.java:333) ~[ratis-server-0.4.0-2337318-SNAPSHOT.jar:0.4.0-2337318-SNAPSHOT]
	at org.apache.ratis.server.impl.RaftServerProxy.lambda$null$5(RaftServerProxy.java:328) ~[ratis-server-0.4.0-2337318-SNAPSHOT.jar:0.4.0-2337318-SNAPSHOT]
	at org.apache.ratis.util.JavaUtils.callAsUnchecked(JavaUtils.java:109) ~[ratis-common-0.4.0-2337318-SNAPSHOT.jar:0.4.0-2337318-SNAPSHOT]
	at org.apache.ratis.server.impl.RaftServerProxy.lambda$submitRequest$6(RaftServerProxy.java:328) ~[ratis-server-0.4.0-2337318-SNAPSHOT.jar:0.4.0-2337318-SNAPSHOT]
	at java.util.concurrent.CompletableFuture.uniComposeStage(CompletableFuture.java:981) ~[?:1.8.0_212]
	at java.util.concurrent.CompletableFuture.thenCompose(CompletableFuture.java:2124) ~[?:1.8.0_212]
	at org.apache.ratis.server.impl.RaftServerProxy.submitRequest(RaftServerProxy.java:327) ~[ratis-server-0.4.0-2337318-SNAPSHOT.jar:0.4.0-2337318-SNAPSHOT]
	at org.apache.ratis.server.impl.RaftServerProxy.submitClientRequestAsync(RaftServerProxy.java:333) ~[ratis-server-0.4.0-2337318-SNAPSHOT.jar:0.4.0-2337318-SNAPSHOT]
	at org.apache.ratis.grpc.client.GrpcClientProtocolService$RequestStreamObserver.processClientRequest(GrpcClientProtocolService.java:220) ~[ratis-grpc-0.4.0-2337318-SNAPSHOT.jar:0.4.0-2337318-SNAPSHOT]
	at org.apache.ratis.grpc.client.GrpcClientProtocolService$OrderedRequestStreamObserver.processClientRequest(GrpcClientProtocolService.java:326) ~[ratis-grpc-0.4.0-2337318-SNAPSHOT.jar:0.4.0-2337318-SNAPSHOT]
	at org.apache.ratis.util.SlidingWindow$Server.processRequestsFromHead(SlidingWindow.java:429) [ratis-common-0.4.0-2337318-SNAPSHOT.jar:0.4.0-2337318-SNAPSHOT]
	at org.apache.ratis.util.SlidingWindow$Server.receivedRequest(SlidingWindow.java:421) [ratis-common-0.4.0-2337318-SNAPSHOT.jar:0.4.0-2337318-SNAPSHOT]
	at org.apache.ratis.grpc.client.GrpcClientProtocolService$OrderedRequestStreamObserver.processClientRequest(GrpcClientProtocolService.java:345) [ratis-grpc-0.4.0-2337318-SNAPSHOT.jar:0.4.0-2337318-SNAPSHOT]
	at org.apache.ratis.grpc.client.GrpcClientProtocolService$RequestStreamObserver.onNext(GrpcClientProtocolService.java:240) [ratis-grpc-0.4.0-2337318-SNAPSHOT.jar:0.4.0-2337318-SNAPSHOT]
	at org.apache.ratis.grpc.client.GrpcClientProtocolService$RequestStreamObserver.onNext(GrpcClientProtocolService.java:168) [ratis-grpc-0.4.0-2337318-SNAPSHOT.jar:0.4.0-2337318-SNAPSHOT]
	at org.apache.ratis.thirdparty.io.grpc.stub.ServerCalls$StreamingServerCallHandler$StreamingServerCallListener.onMessage(ServerCalls.java:248) [ratis-thirdparty-misc-0.2.0.jar:0.2.0]
	at org.apache.ratis.thirdparty.io.grpc.internal.ServerCallImpl$ServerStreamListenerImpl.messagesAvailable(ServerCallImpl.java:263) [ratis-thirdparty-misc-0.2.0.jar:0.2.0]
	at org.apache.ratis.thirdparty.io.grpc.internal.ServerImpl$JumpToApplicationThreadServerStreamListener$1MessagesAvailable.runInContext(ServerImpl.java:686) [ratis-thirdparty-misc-0.2.0.jar:0.2.0]
	at org.apache.ratis.thirdparty.io.grpc.internal.ContextRunnable.run(ContextRunnable.java:37) [ratis-thirdparty-misc-0.2.0.jar:0.2.0]
	at org.apache.ratis.thirdparty.io.grpc.internal.SerializingExecutor.run(SerializingExecutor.java:123) [ratis-thirdparty-misc-0.2.0.jar:0.2.0]
	at java.util.concurrent.ThreadPoolExecutor.runWorker(ThreadPoolExecutor.java:1149) [?:1.8.0_212]
	at java.util.concurrent.ThreadPoolExecutor$Worker.run(ThreadPoolExecutor.java:624) [?:1.8.0_212]
	at java.lang.Thread.run(Thread.java:748) [?:1.8.0_212]
2019-07-13 09:17:29,571 INFO  client.GrpcClientProtocolClient (GrpcClientProtocolClient.java:onNext(255)) - client-355072E32163->db1cd3a5-8394-42bf-b811-7c7c73654225: receive RaftClientReply:client-355072E32163->db1cd3a5-8394-42bf-b811-7c7c73654225@group-EA19A076ACB4, cid=216, FAILED org.apache.ratis.protocol.StateMachineException: org.apache.hadoop.hdds.scm.container.common.helpers.ContainerNotOpenException from Server db1cd3a5-8394-42bf-b811-7c7c73654225: Container 1 in CLOSED state, logIndex=0, commits[db1cd3a5-8394-42bf-b811-7c7c73654225:c8, 46d1ed4c-2327-4dbf-9133-f8bf3f2fab15:c7, 63cd217a-0258-4f28-b228-e26ebd42505a:c7]
2019-07-13 09:17:29,579 INFO  client.GrpcClientProtocolClient (GrpcClientProtocolClient.java:onNext(255)) - client-355072E32163->db1cd3a5-8394-42bf-b811-7c7c73654225: receive RaftClientReply:client-355072E32163->db1cd3a5-8394-42bf-b811-7c7c73654225@group-EA19A076ACB4, cid=217, FAILED org.apache.ratis.protocol.StateMachineException: org.apache.hadoop.hdds.scm.container.common.helpers.ContainerNotOpenException from Server db1cd3a5-8394-42bf-b811-7c7c73654225: Container 1 in CLOSED state, logIndex=0, commits[db1cd3a5-8394-42bf-b811-7c7c73654225:c8, 46d1ed4c-2327-4dbf-9133-f8bf3f2fab15:c7, 63cd217a-0258-4f28-b228-e26ebd42505a:c7]
2019-07-13 09:17:29,746 INFO  client.GrpcClientProtocolClient (GrpcClientProtocolClient.java:onNext(255)) - client-355072E32163->db1cd3a5-8394-42bf-b811-7c7c73654225: receive RaftClientReply:client-355072E32163->db1cd3a5-8394-42bf-b811-7c7c73654225@group-EA19A076ACB4, cid=218, SUCCESS, logIndex=9, commits[db1cd3a5-8394-42bf-b811-7c7c73654225:c11, 46d1ed4c-2327-4dbf-9133-f8bf3f2fab15:c8, 63cd217a-0258-4f28-b228-e26ebd42505a:c8]
2019-07-13 09:17:29,747 INFO  client.GrpcClientProtocolClient (GrpcClientProtocolClient.java:onNext(255)) - client-355072E32163->db1cd3a5-8394-42bf-b811-7c7c73654225: receive RaftClientReply:client-355072E32163->db1cd3a5-8394-42bf-b811-7c7c73654225@group-EA19A076ACB4, cid=219, SUCCESS, logIndex=10, commits[db1cd3a5-8394-42bf-b811-7c7c73654225:c11, 46d1ed4c-2327-4dbf-9133-f8bf3f2fab15:c8, 63cd217a-0258-4f28-b228-e26ebd42505a:c8]
2019-07-13 09:17:29,796 INFO  client.GrpcClientProtocolClient (GrpcClientProtocolClient.java:onNext(255)) - client-355072E32163->db1cd3a5-8394-42bf-b811-7c7c73654225: receive RaftClientReply:client-355072E32163->db1cd3a5-8394-42bf-b811-7c7c73654225@group-EA19A076ACB4, cid=220, SUCCESS, logIndex=11, commits[db1cd3a5-8394-42bf-b811-7c7c73654225:c14, 46d1ed4c-2327-4dbf-9133-f8bf3f2fab15:c11, 63cd217a-0258-4f28-b228-e26ebd42505a:c11]
2019-07-13 09:17:29,816 INFO  pipeline.Pipeline (Pipeline.java:getProtobufMessage(195)) - Serialize pipeline PipelineID=e22db35d-9461-4082-baef-ea19a076acb4 with nodesInOrder{ }
2019-07-13 09:17:29,817 INFO  ozone.MiniOzoneClusterImpl (MiniOzoneClusterImpl.java:shutdown(321)) - Shutting down the Mini Ozone Cluster
2019-07-13 09:17:29,817 INFO  ozone.MiniOzoneClusterImpl (MiniOzoneClusterImpl.java:stop(336)) - Stopping the Mini Ozone Cluster
2019-07-13 09:17:29,818 INFO  ozone.MiniOzoneClusterImpl (MiniOzoneClusterImpl.java:stop(338)) - Stopping the OzoneManager
2019-07-13 09:17:29,818 INFO  ipc.Server (Server.java:stop(3082)) - Stopping server on 41414
2019-07-13 09:17:29,833 INFO  ipc.Server (Server.java:run(1185)) - Stopping IPC Server listener on 41414
2019-07-13 09:17:29,855 INFO  ipc.Server (Server.java:run(1319)) - Stopping IPC Server Responder
2019-07-13 09:17:29,855 INFO  utils.BackgroundService (BackgroundService.java:shutdown(148)) - Shutting down service KeyDeletingService
2019-07-13 09:17:29,857 INFO  handler.ContextHandler (ContextHandler.java:doStop(910)) - Stopped o.e.j.w.WebAppContext@2197990b{/,null,UNAVAILABLE}{/ozoneManager}
2019-07-13 09:17:29,857 INFO  server.AbstractConnector (AbstractConnector.java:doStop(318)) - Stopped ServerConnector@17eb5661{HTTP/1.1,[http/1.1]}{0.0.0.0:0}
2019-07-13 09:17:29,858 INFO  handler.ContextHandler (ContextHandler.java:doStop(910)) - Stopped o.e.j.s.ServletContextHandler@343b3399{/static,file:///tmp/workdir/hadoop-ozone/integration-test/target/test-classes/webapps/static,UNAVAILABLE}
2019-07-13 09:17:29,858 INFO  handler.ContextHandler (ContextHandler.java:doStop(910)) - Stopped o.e.j.s.ServletContextHandler@9a932a4{/logs,file:///tmp/workdir/hadoop-ozone/integration-test/target/log,UNAVAILABLE}
2019-07-13 09:17:29,869 INFO  ozone.MiniOzoneClusterImpl (MiniOzoneClusterImpl.java:stop(344)) - Shutting the HddsDatanodes
2019-07-13 09:17:29,869 INFO  datanode.ObjectStoreHandler (ObjectStoreHandler.java:close(155)) - Closing ObjectStoreHandler.
2019-07-13 09:17:29,869 INFO  datanode.ObjectStoreHandler (ObjectStoreHandler.java:close(155)) - Closing ObjectStoreHandler.
2019-07-13 09:17:29,870 INFO  ozone.HddsDatanodeService (HddsDatanodeService.java:stop(452)) - Stopped plug-in org.apache.hadoop.ozone.web.OzoneHddsDatanodeService@2db15764
2019-07-13 09:17:29,870 INFO  ozone.HddsDatanodeService (HddsDatanodeService.java:stop(452)) - Stopped plug-in org.apache.hadoop.ozone.web.OzoneHddsDatanodeService@3846ba32
2019-07-13 09:17:30,667 INFO  statemachine.DatanodeStateMachine (DatanodeStateMachine.java:lambda$startDaemon$0(350)) - Ozone container server started.
2019-07-13 09:17:30,707 INFO  statemachine.DatanodeStateMachine (DatanodeStateMachine.java:lambda$startDaemon$0(350)) - Ozone container server started.
2019-07-13 09:17:34,733 INFO  node.StaleNodeHandler (StaleNodeHandler.java:onMessage(58)) - Datanode 84ca7385-e608-43fb-87bd-3376edbb1672{ip: 192.168.69.96, host: trunk-nightly-hmp62-43275749, networkLocation: /default-rack, certSerialId: null} moved to stale state. Finalizing its pipelines [PipelineID=c193916d-813e-4def-a346-fa5034e93053, PipelineID=4fe7dfdc-063b-420d-a6c9-8d4b6a80ee39]
2019-07-13 09:17:34,733 INFO  pipeline.SCMPipelineManager (SCMPipelineManager.java:finalizeAndDestroyPipeline(309)) - destroying pipeline:Pipeline[ Id: c193916d-813e-4def-a346-fa5034e93053, Nodes: fcf6d4b8-506b-42b6-93f2-dcb5bcbe3b8d{ip: 192.168.69.96, host: trunk-nightly-hmp62-43275749, networkLocation: /default-rack, certSerialId: null}84ca7385-e608-43fb-87bd-3376edbb1672{ip: 192.168.69.96, host: trunk-nightly-hmp62-43275749, networkLocation: /default-rack, certSerialId: null}23c23bdb-c138-4b83-89f5-8b546d32104e{ip: 192.168.69.96, host: trunk-nightly-hmp62-43275749, networkLocation: /default-rack, certSerialId: null}, Type:RATIS, Factor:THREE, State:OPEN]
2019-07-13 09:17:34,734 INFO  pipeline.PipelineStateManager (PipelineStateManager.java:finalizePipeline(123)) - Pipeline Pipeline[ Id: c193916d-813e-4def-a346-fa5034e93053, Nodes: fcf6d4b8-506b-42b6-93f2-dcb5bcbe3b8d{ip: 192.168.69.96, host: trunk-nightly-hmp62-43275749, networkLocation: /default-rack, certSerialId: null}84ca7385-e608-43fb-87bd-3376edbb1672{ip: 192.168.69.96, host: trunk-nightly-hmp62-43275749, networkLocation: /default-rack, certSerialId: null}23c23bdb-c138-4b83-89f5-8b546d32104e{ip: 192.168.69.96, host: trunk-nightly-hmp62-43275749, networkLocation: /default-rack, certSerialId: null}, Type:RATIS, Factor:THREE, State:CLOSED] moved to CLOSED state
2019-07-13 09:17:34,734 INFO  pipeline.SCMPipelineManager (SCMPipelineManager.java:finalizeAndDestroyPipeline(309)) - destroying pipeline:Pipeline[ Id: 4fe7dfdc-063b-420d-a6c9-8d4b6a80ee39, Nodes: 84ca7385-e608-43fb-87bd-3376edbb1672{ip: 192.168.69.96, host: trunk-nightly-hmp62-43275749, networkLocation: /default-rack, certSerialId: null}, Type:RATIS, Factor:ONE, State:OPEN]
2019-07-13 09:17:34,734 INFO  pipeline.PipelineStateManager (PipelineStateManager.java:finalizePipeline(123)) - Pipeline Pipeline[ Id: 4fe7dfdc-063b-420d-a6c9-8d4b6a80ee39, Nodes: 84ca7385-e608-43fb-87bd-3376edbb1672{ip: 192.168.69.96, host: trunk-nightly-hmp62-43275749, networkLocation: /default-rack, certSerialId: null}, Type:RATIS, Factor:ONE, State:CLOSED] moved to CLOSED state
2019-07-13 09:17:34,734 INFO  node.StaleNodeHandler (StaleNodeHandler.java:onMessage(58)) - Datanode db1cd3a5-8394-42bf-b811-7c7c73654225{ip: 192.168.69.96, host: trunk-nightly-hmp62-43275749, networkLocation: /default-rack, certSerialId: null} moved to stale state. Finalizing its pipelines [PipelineID=e22db35d-9461-4082-baef-ea19a076acb4, PipelineID=61dab9b4-df04-4e49-96e9-5786f9071330]
2019-07-13 09:17:34,734 INFO  pipeline.SCMPipelineManager (SCMPipelineManager.java:finalizeAndDestroyPipeline(309)) - destroying pipeline:Pipeline[ Id: e22db35d-9461-4082-baef-ea19a076acb4, Nodes: 46d1ed4c-2327-4dbf-9133-f8bf3f2fab15{ip: 192.168.69.96, host: trunk-nightly-hmp62-43275749, networkLocation: /default-rack, certSerialId: null}63cd217a-0258-4f28-b228-e26ebd42505a{ip: 192.168.69.96, host: trunk-nightly-hmp62-43275749, networkLocation: /default-rack, certSerialId: null}db1cd3a5-8394-42bf-b811-7c7c73654225{ip: 192.168.69.96, host: trunk-nightly-hmp62-43275749, networkLocation: /default-rack, certSerialId: null}, Type:RATIS, Factor:THREE, State:OPEN]
2019-07-13 09:17:34,734 INFO  pipeline.PipelineStateManager (PipelineStateManager.java:finalizePipeline(123)) - Pipeline Pipeline[ Id: e22db35d-9461-4082-baef-ea19a076acb4, Nodes: 46d1ed4c-2327-4dbf-9133-f8bf3f2fab15{ip: 192.168.69.96, host: trunk-nightly-hmp62-43275749, networkLocation: /default-rack, certSerialId: null}63cd217a-0258-4f28-b228-e26ebd42505a{ip: 192.168.69.96, host: trunk-nightly-hmp62-43275749, networkLocation: /default-rack, certSerialId: null}db1cd3a5-8394-42bf-b811-7c7c73654225{ip: 192.168.69.96, host: trunk-nightly-hmp62-43275749, networkLocation: /default-rack, certSerialId: null}, Type:RATIS, Factor:THREE, State:CLOSED] moved to CLOSED state
2019-07-13 09:17:34,734 INFO  pipeline.SCMPipelineManager (SCMPipelineManager.java:finalizeAndDestroyPipeline(309)) - destroying pipeline:Pipeline[ Id: 61dab9b4-df04-4e49-96e9-5786f9071330, Nodes: db1cd3a5-8394-42bf-b811-7c7c73654225{ip: 192.168.69.96, host: trunk-nightly-hmp62-43275749, networkLocation: /default-rack, certSerialId: null}, Type:RATIS, Factor:ONE, State:OPEN]
2019-07-13 09:17:34,735 INFO  container.CloseContainerEventHandler (CloseContainerEventHandler.java:onMessage(61)) - Close container Event triggered for container : #2
2019-07-13 09:17:34,735 INFO  pipeline.PipelineStateManager (PipelineStateManager.java:finalizePipeline(123)) - Pipeline Pipeline[ Id: 61dab9b4-df04-4e49-96e9-5786f9071330, Nodes: db1cd3a5-8394-42bf-b811-7c7c73654225{ip: 192.168.69.96, host: trunk-nightly-hmp62-43275749, networkLocation: /default-rack, certSerialId: null}, Type:RATIS, Factor:ONE, State:CLOSED] moved to CLOSED state
2019-07-13 09:17:34,870 INFO  ozoneimpl.OzoneContainer (OzoneContainer.java:stop(199)) - Attempting to stop container services.
2019-07-13 09:17:34,871 INFO  ozoneimpl.OzoneContainer (OzoneContainer.java:stop(199)) - Attempting to stop container services.
2019-07-13 09:17:34,871 INFO  impl.RaftServerProxy (RaftServerProxy.java:lambda$close$4(314)) - 84ca7385-e608-43fb-87bd-3376edbb1672: close
2019-07-13 09:17:34,871 INFO  impl.RaftServerProxy (RaftServerProxy.java:lambda$close$4(314)) - db1cd3a5-8394-42bf-b811-7c7c73654225: close
2019-07-13 09:17:34,872 INFO  impl.RaftServerImpl (RaftServerImpl.java:lambda$shutdown$3(245)) - 84ca7385-e608-43fb-87bd-3376edbb1672: shutdown group-FA5034E93053
2019-07-13 09:17:34,872 INFO  impl.RaftServerImpl (RaftServerImpl.java:lambda$shutdown$3(245)) - db1cd3a5-8394-42bf-b811-7c7c73654225: shutdown group-EA19A076ACB4
2019-07-13 09:17:34,872 INFO  util.JmxRegister (JmxRegister.java:unregister(73)) - Successfully un-registered JMX Bean with object name Ratis:service=RaftServer,group=group-FA5034E93053,id=84ca7385-e608-43fb-87bd-3376edbb1672
2019-07-13 09:17:34,873 INFO  impl.RoleInfo (RoleInfo.java:shutdownLeaderState(104)) - 84ca7385-e608-43fb-87bd-3376edbb1672: shutdown LeaderState
2019-07-13 09:17:34,872 INFO  util.JmxRegister (JmxRegister.java:unregister(73)) - Successfully un-registered JMX Bean with object name Ratis:service=RaftServer,group=group-EA19A076ACB4,id=db1cd3a5-8394-42bf-b811-7c7c73654225
2019-07-13 09:17:34,880 INFO  impl.RoleInfo (RoleInfo.java:shutdownLeaderState(104)) - db1cd3a5-8394-42bf-b811-7c7c73654225: shutdown LeaderState
2019-07-13 09:17:34,879 WARN  server.GrpcLogAppender (GrpcLogAppender.java:mayWait(143)) - GrpcLogAppender(84ca7385-e608-43fb-87bd-3376edbb1672->23c23bdb-c138-4b83-89f5-8b546d32104e): Wait interrupted by java.lang.InterruptedException
2019-07-13 09:17:34,885 INFO  impl.PendingRequests (PendingRequests.java:sendNotLeaderResponses(202)) - db1cd3a5-8394-42bf-b811-7c7c73654225-PendingRequests: sendNotLeaderResponses
2019-07-13 09:17:34,880 WARN  server.GrpcLogAppender (GrpcLogAppender.java:mayWait(143)) - GrpcLogAppender(84ca7385-e608-43fb-87bd-3376edbb1672->fcf6d4b8-506b-42b6-93f2-dcb5bcbe3b8d): Wait interrupted by java.lang.InterruptedException
2019-07-13 09:17:34,880 INFO  impl.PendingRequests (PendingRequests.java:sendNotLeaderResponses(202)) - 84ca7385-e608-43fb-87bd-3376edbb1672-PendingRequests: sendNotLeaderResponses
2019-07-13 09:17:34,890 INFO  server.GrpcServerProtocolService (GrpcServerProtocolService.java:onCompleted(104)) - fcf6d4b8-506b-42b6-93f2-dcb5bcbe3b8d: appendEntries completed
2019-07-13 09:17:34,890 INFO  ratis.ContainerStateMachine (ContainerStateMachine.java:takeSnapshot(246)) - Taking snapshot at termIndex:(t:1, i:14)
2019-07-13 09:17:34,890 INFO  impl.StateMachineUpdater (StateMachineUpdater.java:stopAndJoin(115)) - StateMachineUpdater:db1cd3a5-8394-42bf-b811-7c7c73654225:group-EA19A076ACB4: set stopIndex = 14
2019-07-13 09:17:34,885 INFO  server.GrpcServerProtocolService (GrpcServerProtocolService.java:onCompleted(104)) - 23c23bdb-c138-4b83-89f5-8b546d32104e: appendEntries completed
2019-07-13 09:17:34,885 WARN  server.GrpcLogAppender (GrpcLogAppender.java:mayWait(143)) - GrpcLogAppender(db1cd3a5-8394-42bf-b811-7c7c73654225->46d1ed4c-2327-4dbf-9133-f8bf3f2fab15): Wait interrupted by java.lang.InterruptedException
2019-07-13 09:17:34,885 WARN  server.GrpcLogAppender (GrpcLogAppender.java:mayWait(143)) - GrpcLogAppender(db1cd3a5-8394-42bf-b811-7c7c73654225->63cd217a-0258-4f28-b228-e26ebd42505a): Wait interrupted by java.lang.InterruptedException
2019-07-13 09:17:34,891 INFO  server.GrpcLogAppender (GrpcLogAppender.java:onCompleted(292)) - 84ca7385-e608-43fb-87bd-3376edbb1672->23c23bdb-c138-4b83-89f5-8b546d32104e: follower responses appendEntries COMPLETED
2019-07-13 09:17:34,891 INFO  server.GrpcLogAppender (GrpcLogAppender.java:onCompleted(292)) - 84ca7385-e608-43fb-87bd-3376edbb1672->fcf6d4b8-506b-42b6-93f2-dcb5bcbe3b8d: follower responses appendEntries COMPLETED
2019-07-13 09:17:34,891 INFO  ratis.ContainerStateMachine (ContainerStateMachine.java:takeSnapshot(250)) - Taking a snapshot to file /tmp/workdir/hadoop-ozone/integration-test/target/test-dir/MiniOzoneClusterImpl-a27e8836-a1ea-400b-8a52-a5991d85b080/datanode-1/data/ratis/e22db35d-9461-4082-baef-ea19a076acb4/sm/snapshot.1_14
2019-07-13 09:17:34,890 INFO  ratis.ContainerStateMachine (ContainerStateMachine.java:takeSnapshot(246)) - Taking snapshot at termIndex:(t:0, i:~)
2019-07-13 09:17:34,890 INFO  impl.StateMachineUpdater (StateMachineUpdater.java:stopAndJoin(115)) - StateMachineUpdater:84ca7385-e608-43fb-87bd-3376edbb1672:group-FA5034E93053: set stopIndex = 0
2019-07-13 09:17:34,893 INFO  impl.RaftServerImpl (ServerState.java:close(394)) - 84ca7385-e608-43fb-87bd-3376edbb1672:group-FA5034E93053 closes. The last applied log index is 0
2019-07-13 09:17:34,892 INFO  impl.StateMachineUpdater (StateMachineUpdater.java:takeSnapshot(242)) - StateMachineUpdater:db1cd3a5-8394-42bf-b811-7c7c73654225:group-EA19A076ACB4: Took a snapshot at index 14
2019-07-13 09:17:34,893 INFO  impl.StateMachineUpdater (StateMachineUpdater.java:lambda$new$0(80)) - StateMachineUpdater:db1cd3a5-8394-42bf-b811-7c7c73654225:group-EA19A076ACB4: snapshotIndex: updateIncreasingly -1 -> 14
2019-07-13 09:17:34,892 INFO  impl.FollowerInfo (FollowerInfo.java:lambda$new$0(50)) - 84ca7385-e608-43fb-87bd-3376edbb1672->fcf6d4b8-506b-42b6-93f2-dcb5bcbe3b8d: nextIndex: updateUnconditionally 1 -> 0
2019-07-13 09:17:34,892 INFO  impl.FollowerInfo (FollowerInfo.java:lambda$new$0(50)) - 84ca7385-e608-43fb-87bd-3376edbb1672->23c23bdb-c138-4b83-89f5-8b546d32104e: nextIndex: updateUnconditionally 1 -> 0
2019-07-13 09:17:34,892 INFO  server.GrpcServerProtocolService (GrpcServerProtocolService.java:onCompleted(104)) - 63cd217a-0258-4f28-b228-e26ebd42505a: appendEntries completed
2019-07-13 09:17:34,892 INFO  server.GrpcServerProtocolService (GrpcServerProtocolService.java:onCompleted(104)) - 46d1ed4c-2327-4dbf-9133-f8bf3f2fab15: appendEntries completed
2019-07-13 09:17:34,894 INFO  impl.RaftServerImpl (ServerState.java:close(394)) - db1cd3a5-8394-42bf-b811-7c7c73654225:group-EA19A076ACB4 closes. The last applied log index is 14
2019-07-13 09:17:34,893 INFO  segmented.SegmentedRaftLogWorker (SegmentedRaftLogWorker.java:run(313)) - 84ca7385-e608-43fb-87bd-3376edbb1672-SegmentedRaftLogWorker:Storage Directory /tmp/workdir/hadoop-ozone/integration-test/target/test-dir/MiniOzoneClusterImpl-a27e8836-a1ea-400b-8a52-a5991d85b080/datanode-4/data/ratis/c193916d-813e-4def-a346-fa5034e93053 was interrupted, exiting. There are 0 tasks remaining in the queue.
2019-07-13 09:17:34,895 INFO  segmented.SegmentedRaftLogWorker (SegmentedRaftLogWorker.java:run(313)) - db1cd3a5-8394-42bf-b811-7c7c73654225-SegmentedRaftLogWorker:Storage Directory /tmp/workdir/hadoop-ozone/integration-test/target/test-dir/MiniOzoneClusterImpl-a27e8836-a1ea-400b-8a52-a5991d85b080/datanode-1/data/ratis/e22db35d-9461-4082-baef-ea19a076acb4 was interrupted, exiting. There are 0 tasks remaining in the queue.
2019-07-13 09:17:34,895 INFO  server.GrpcLogAppender (GrpcLogAppender.java:onCompleted(292)) - db1cd3a5-8394-42bf-b811-7c7c73654225->46d1ed4c-2327-4dbf-9133-f8bf3f2fab15: follower responses appendEntries COMPLETED
2019-07-13 09:17:34,894 INFO  server.GrpcLogAppender (GrpcLogAppender.java:onCompleted(292)) - db1cd3a5-8394-42bf-b811-7c7c73654225->63cd217a-0258-4f28-b228-e26ebd42505a: follower responses appendEntries COMPLETED
2019-07-13 09:17:34,897 INFO  impl.FollowerInfo (FollowerInfo.java:lambda$new$0(50)) - db1cd3a5-8394-42bf-b811-7c7c73654225->46d1ed4c-2327-4dbf-9133-f8bf3f2fab15: nextIndex: updateUnconditionally 15 -> 14
2019-07-13 09:17:34,897 INFO  segmented.SegmentedRaftLogWorker (SegmentedRaftLogWorker.java:close(228)) - db1cd3a5-8394-42bf-b811-7c7c73654225-SegmentedRaftLogWorker:Storage Directory /tmp/workdir/hadoop-ozone/integration-test/target/test-dir/MiniOzoneClusterImpl-a27e8836-a1ea-400b-8a52-a5991d85b080/datanode-1/data/ratis/e22db35d-9461-4082-baef-ea19a076acb4 close()
2019-07-13 09:17:34,897 INFO  segmented.SegmentedRaftLogWorker (SegmentedRaftLogWorker.java:close(228)) - 84ca7385-e608-43fb-87bd-3376edbb1672-SegmentedRaftLogWorker:Storage Directory /tmp/workdir/hadoop-ozone/integration-test/target/test-dir/MiniOzoneClusterImpl-a27e8836-a1ea-400b-8a52-a5991d85b080/datanode-4/data/ratis/c193916d-813e-4def-a346-fa5034e93053 close()
2019-07-13 09:17:34,903 INFO  impl.RaftServerImpl (RaftServerImpl.java:lambda$shutdown$3(245)) - db1cd3a5-8394-42bf-b811-7c7c73654225: shutdown group-5786F9071330
2019-07-13 09:17:34,907 INFO  util.JmxRegister (JmxRegister.java:unregister(73)) - Successfully un-registered JMX Bean with object name Ratis:service=RaftServer,group=group-5786F9071330,id=db1cd3a5-8394-42bf-b811-7c7c73654225
2019-07-13 09:17:34,898 INFO  impl.FollowerInfo (FollowerInfo.java:lambda$new$0(50)) - db1cd3a5-8394-42bf-b811-7c7c73654225->63cd217a-0258-4f28-b228-e26ebd42505a: nextIndex: updateUnconditionally 15 -> 14
2019-07-13 09:17:34,908 INFO  impl.RoleInfo (RoleInfo.java:shutdownLeaderState(104)) - db1cd3a5-8394-42bf-b811-7c7c73654225: shutdown LeaderState
2019-07-13 09:17:34,908 INFO  impl.PendingRequests (PendingRequests.java:sendNotLeaderResponses(202)) - db1cd3a5-8394-42bf-b811-7c7c73654225-PendingRequests: sendNotLeaderResponses
2019-07-13 09:17:34,907 INFO  impl.RaftServerImpl (RaftServerImpl.java:lambda$shutdown$3(245)) - 84ca7385-e608-43fb-87bd-3376edbb1672: shutdown group-8D4B6A80EE39
2019-07-13 09:17:34,909 INFO  ratis.ContainerStateMachine (ContainerStateMachine.java:takeSnapshot(246)) - Taking snapshot at termIndex:(t:0, i:~)
2019-07-13 09:17:34,909 INFO  impl.StateMachineUpdater (StateMachineUpdater.java:stopAndJoin(115)) - StateMachineUpdater:db1cd3a5-8394-42bf-b811-7c7c73654225:group-5786F9071330: set stopIndex = 0
2019-07-13 09:17:34,909 INFO  impl.RaftServerImpl (ServerState.java:close(394)) - db1cd3a5-8394-42bf-b811-7c7c73654225:group-5786F9071330 closes. The last applied log index is 0
2019-07-13 09:17:34,909 INFO  util.JmxRegister (JmxRegister.java:unregister(73)) - Successfully un-registered JMX Bean with object name Ratis:service=RaftServer,group=group-8D4B6A80EE39,id=84ca7385-e608-43fb-87bd-3376edbb1672
2019-07-13 09:17:34,910 INFO  segmented.SegmentedRaftLogWorker (SegmentedRaftLogWorker.java:run(313)) - db1cd3a5-8394-42bf-b811-7c7c73654225-SegmentedRaftLogWorker:Storage Directory /tmp/workdir/hadoop-ozone/integration-test/target/test-dir/MiniOzoneClusterImpl-a27e8836-a1ea-400b-8a52-a5991d85b080/datanode-1/data/ratis/61dab9b4-df04-4e49-96e9-5786f9071330 was interrupted, exiting. There are 0 tasks remaining in the queue.
2019-07-13 09:17:34,910 INFO  impl.RoleInfo (RoleInfo.java:shutdownLeaderState(104)) - 84ca7385-e608-43fb-87bd-3376edbb1672: shutdown LeaderState
2019-07-13 09:17:34,914 INFO  segmented.SegmentedRaftLogWorker (SegmentedRaftLogWorker.java:close(228)) - db1cd3a5-8394-42bf-b811-7c7c73654225-SegmentedRaftLogWorker:Storage Directory /tmp/workdir/hadoop-ozone/integration-test/target/test-dir/MiniOzoneClusterImpl-a27e8836-a1ea-400b-8a52-a5991d85b080/datanode-1/data/ratis/61dab9b4-df04-4e49-96e9-5786f9071330 close()
2019-07-13 09:17:34,915 INFO  impl.PendingRequests (PendingRequests.java:sendNotLeaderResponses(202)) - 84ca7385-e608-43fb-87bd-3376edbb1672-PendingRequests: sendNotLeaderResponses
2019-07-13 09:17:34,921 INFO  server.GrpcService (GrpcService.java:closeImpl(155)) - db1cd3a5-8394-42bf-b811-7c7c73654225: shutdown server with port 42799 now
2019-07-13 09:17:34,922 INFO  ratis.ContainerStateMachine (ContainerStateMachine.java:takeSnapshot(246)) - Taking snapshot at termIndex:(t:0, i:~)
2019-07-13 09:17:34,922 INFO  impl.StateMachineUpdater (StateMachineUpdater.java:stopAndJoin(115)) - StateMachineUpdater:84ca7385-e608-43fb-87bd-3376edbb1672:group-8D4B6A80EE39: set stopIndex = 0
2019-07-13 09:17:34,922 INFO  impl.RaftServerImpl (ServerState.java:close(394)) - 84ca7385-e608-43fb-87bd-3376edbb1672:group-8D4B6A80EE39 closes. The last applied log index is 0
2019-07-13 09:17:34,923 INFO  server.GrpcService (GrpcService.java:closeImpl(163)) - db1cd3a5-8394-42bf-b811-7c7c73654225: shutdown server with port 42799 successfully
2019-07-13 09:17:34,923 INFO  segmented.SegmentedRaftLogWorker (SegmentedRaftLogWorker.java:run(313)) - 84ca7385-e608-43fb-87bd-3376edbb1672-SegmentedRaftLogWorker:Storage Directory /tmp/workdir/hadoop-ozone/integration-test/target/test-dir/MiniOzoneClusterImpl-a27e8836-a1ea-400b-8a52-a5991d85b080/datanode-4/data/ratis/4fe7dfdc-063b-420d-a6c9-8d4b6a80ee39 was interrupted, exiting. There are 0 tasks remaining in the queue.
2019-07-13 09:17:34,926 INFO  segmented.SegmentedRaftLogWorker (SegmentedRaftLogWorker.java:close(228)) - 84ca7385-e608-43fb-87bd-3376edbb1672-SegmentedRaftLogWorker:Storage Directory /tmp/workdir/hadoop-ozone/integration-test/target/test-dir/MiniOzoneClusterImpl-a27e8836-a1ea-400b-8a52-a5991d85b080/datanode-4/data/ratis/4fe7dfdc-063b-420d-a6c9-8d4b6a80ee39 close()
2019-07-13 09:17:34,926 INFO  utils.BackgroundService (BackgroundService.java:shutdown(148)) - Shutting down service BlockDeletingService
2019-07-13 09:17:34,931 INFO  server.GrpcService (GrpcService.java:closeImpl(155)) - 84ca7385-e608-43fb-87bd-3376edbb1672: shutdown server with port 36158 now
2019-07-13 09:17:34,932 INFO  server.GrpcService (GrpcService.java:closeImpl(163)) - 84ca7385-e608-43fb-87bd-3376edbb1672: shutdown server with port 36158 successfully
2019-07-13 09:17:34,934 WARN  fs.CachingGetSpaceUsed (CachingGetSpaceUsed.java:run(183)) - Thread Interrupted waiting to refresh disk information: sleep interrupted
2019-07-13 09:17:34,936 INFO  utils.BackgroundService (BackgroundService.java:shutdown(148)) - Shutting down service BlockDeletingService
2019-07-13 09:17:34,937 WARN  fs.CachingGetSpaceUsed (CachingGetSpaceUsed.java:run(183)) - Thread Interrupted waiting to refresh disk information: sleep interrupted
2019-07-13 09:17:34,952 INFO  statemachine.DatanodeStateMachine (DatanodeStateMachine.java:stopDaemon(395)) - Ozone container server stopped.
2019-07-13 09:17:34,958 INFO  handler.ContextHandler (ContextHandler.java:doStop(910)) - Stopped o.e.j.w.WebAppContext@7f50b08a{/,null,UNAVAILABLE}{/hddsDatanode}
2019-07-13 09:17:34,958 INFO  server.AbstractConnector (AbstractConnector.java:doStop(318)) - Stopped ServerConnector@56a69c47{HTTP/1.1,[http/1.1]}{0.0.0.0:0}
2019-07-13 09:17:34,970 INFO  handler.ContextHandler (ContextHandler.java:doStop(910)) - Stopped o.e.j.s.ServletContextHandler@76140ca5{/static,jar:file:/home/user/.m2/repository/org/apache/hadoop/hadoop-hdds-container-service/0.5.0-SNAPSHOT/hadoop-hdds-container-service-0.5.0-SNAPSHOT.jar!/webapps/static,UNAVAILABLE}
2019-07-13 09:17:34,970 INFO  handler.ContextHandler (ContextHandler.java:doStop(910)) - Stopped o.e.j.s.ServletContextHandler@2d854c13{/logs,file:///tmp/workdir/hadoop-ozone/integration-test/target/log,UNAVAILABLE}
2019-07-13 09:17:34,971 INFO  datanode.ObjectStoreHandler (ObjectStoreHandler.java:close(155)) - Closing ObjectStoreHandler.
2019-07-13 09:17:34,971 INFO  ozone.HddsDatanodeService (HddsDatanodeService.java:stop(452)) - Stopped plug-in org.apache.hadoop.ozone.web.OzoneHddsDatanodeService@422ab2ff
2019-07-13 09:17:34,979 INFO  statemachine.DatanodeStateMachine (DatanodeStateMachine.java:stopDaemon(395)) - Ozone container server stopped.
2019-07-13 09:17:34,980 INFO  handler.ContextHandler (ContextHandler.java:doStop(910)) - Stopped o.e.j.w.WebAppContext@509e4bc4{/,null,UNAVAILABLE}{/hddsDatanode}
2019-07-13 09:17:34,980 INFO  server.AbstractConnector (AbstractConnector.java:doStop(318)) - Stopped ServerConnector@1ba00c0c{HTTP/1.1,[http/1.1]}{0.0.0.0:0}
2019-07-13 09:17:34,980 INFO  handler.ContextHandler (ContextHandler.java:doStop(910)) - Stopped o.e.j.s.ServletContextHandler@3b6b9981{/static,jar:file:/home/user/.m2/repository/org/apache/hadoop/hadoop-hdds-container-service/0.5.0-SNAPSHOT/hadoop-hdds-container-service-0.5.0-SNAPSHOT.jar!/webapps/static,UNAVAILABLE}
2019-07-13 09:17:34,981 INFO  handler.ContextHandler (ContextHandler.java:doStop(910)) - Stopped o.e.j.s.ServletContextHandler@63f1d374{/logs,file:///tmp/workdir/hadoop-ozone/integration-test/target/log,UNAVAILABLE}
2019-07-13 09:17:34,982 INFO  datanode.ObjectStoreHandler (ObjectStoreHandler.java:close(155)) - Closing ObjectStoreHandler.
2019-07-13 09:17:34,982 INFO  ozone.HddsDatanodeService (HddsDatanodeService.java:stop(452)) - Stopped plug-in org.apache.hadoop.ozone.web.OzoneHddsDatanodeService@14432052
2019-07-13 09:17:35,473 INFO  statemachine.DatanodeStateMachine (DatanodeStateMachine.java:lambda$startDaemon$0(350)) - Ozone container server started.
2019-07-13 09:17:35,707 INFO  statemachine.DatanodeStateMachine (DatanodeStateMachine.java:lambda$startDaemon$0(350)) - Ozone container server started.
2019-07-13 09:17:39,539 INFO  node.StaleNodeHandler (StaleNodeHandler.java:onMessage(58)) - Datanode 23c23bdb-c138-4b83-89f5-8b546d32104e{ip: 192.168.69.96, host: trunk-nightly-hmp62-43275749, networkLocation: /default-rack, certSerialId: null} moved to stale state. Finalizing its pipelines [PipelineID=c193916d-813e-4def-a346-fa5034e93053, PipelineID=276d3271-1e94-4b4a-b965-9938fb5252aa]
2019-07-13 09:17:39,539 INFO  pipeline.SCMPipelineManager (SCMPipelineManager.java:finalizeAndDestroyPipeline(309)) - destroying pipeline:Pipeline[ Id: c193916d-813e-4def-a346-fa5034e93053, Nodes: fcf6d4b8-506b-42b6-93f2-dcb5bcbe3b8d{ip: 192.168.69.96, host: trunk-nightly-hmp62-43275749, networkLocation: /default-rack, certSerialId: null}84ca7385-e608-43fb-87bd-3376edbb1672{ip: 192.168.69.96, host: trunk-nightly-hmp62-43275749, networkLocation: /default-rack, certSerialId: null}23c23bdb-c138-4b83-89f5-8b546d32104e{ip: 192.168.69.96, host: trunk-nightly-hmp62-43275749, networkLocation: /default-rack, certSerialId: null}, Type:RATIS, Factor:THREE, State:CLOSED]
2019-07-13 09:17:39,540 INFO  pipeline.SCMPipelineManager (SCMPipelineManager.java:finalizeAndDestroyPipeline(309)) - destroying pipeline:Pipeline[ Id: 276d3271-1e94-4b4a-b965-9938fb5252aa, Nodes: 23c23bdb-c138-4b83-89f5-8b546d32104e{ip: 192.168.69.96, host: trunk-nightly-hmp62-43275749, networkLocation: /default-rack, certSerialId: null}, Type:RATIS, Factor:ONE, State:OPEN]
2019-07-13 09:17:39,540 INFO  pipeline.PipelineStateManager (PipelineStateManager.java:finalizePipeline(123)) - Pipeline Pipeline[ Id: 276d3271-1e94-4b4a-b965-9938fb5252aa, Nodes: 23c23bdb-c138-4b83-89f5-8b546d32104e{ip: 192.168.69.96, host: trunk-nightly-hmp62-43275749, networkLocation: /default-rack, certSerialId: null}, Type:RATIS, Factor:ONE, State:CLOSED] moved to CLOSED state
2019-07-13 09:17:39,739 INFO  node.StaleNodeHandler (StaleNodeHandler.java:onMessage(58)) - Datanode 63cd217a-0258-4f28-b228-e26ebd42505a{ip: 192.168.69.96, host: trunk-nightly-hmp62-43275749, networkLocation: /default-rack, certSerialId: null} moved to stale state. Finalizing its pipelines [PipelineID=afca5fb7-0328-4c12-8287-eb92630b1aaf, PipelineID=e22db35d-9461-4082-baef-ea19a076acb4]
2019-07-13 09:17:39,740 INFO  pipeline.SCMPipelineManager (SCMPipelineManager.java:finalizeAndDestroyPipeline(309)) - destroying pipeline:Pipeline[ Id: afca5fb7-0328-4c12-8287-eb92630b1aaf, Nodes: 63cd217a-0258-4f28-b228-e26ebd42505a{ip: 192.168.69.96, host: trunk-nightly-hmp62-43275749, networkLocation: /default-rack, certSerialId: null}, Type:RATIS, Factor:ONE, State:OPEN]
2019-07-13 09:17:39,740 INFO  pipeline.PipelineStateManager (PipelineStateManager.java:finalizePipeline(123)) - Pipeline Pipeline[ Id: afca5fb7-0328-4c12-8287-eb92630b1aaf, Nodes: 63cd217a-0258-4f28-b228-e26ebd42505a{ip: 192.168.69.96, host: trunk-nightly-hmp62-43275749, networkLocation: /default-rack, certSerialId: null}, Type:RATIS, Factor:ONE, State:CLOSED] moved to CLOSED state
2019-07-13 09:17:39,740 INFO  pipeline.SCMPipelineManager (SCMPipelineManager.java:finalizeAndDestroyPipeline(309)) - destroying pipeline:Pipeline[ Id: e22db35d-9461-4082-baef-ea19a076acb4, Nodes: 46d1ed4c-2327-4dbf-9133-f8bf3f2fab15{ip: 192.168.69.96, host: trunk-nightly-hmp62-43275749, networkLocation: /default-rack, certSerialId: null}63cd217a-0258-4f28-b228-e26ebd42505a{ip: 192.168.69.96, host: trunk-nightly-hmp62-43275749, networkLocation: /default-rack, certSerialId: null}db1cd3a5-8394-42bf-b811-7c7c73654225{ip: 192.168.69.96, host: trunk-nightly-hmp62-43275749, networkLocation: /default-rack, certSerialId: null}, Type:RATIS, Factor:THREE, State:CLOSED]
2019-07-13 09:17:39,971 INFO  ozoneimpl.OzoneContainer (OzoneContainer.java:stop(199)) - Attempting to stop container services.
2019-07-13 09:17:39,972 INFO  impl.RaftServerProxy (RaftServerProxy.java:lambda$close$4(314)) - 63cd217a-0258-4f28-b228-e26ebd42505a: close
2019-07-13 09:17:39,972 INFO  impl.RaftServerImpl (RaftServerImpl.java:lambda$shutdown$3(245)) - 63cd217a-0258-4f28-b228-e26ebd42505a: shutdown group-EB92630B1AAF
2019-07-13 09:17:39,973 INFO  util.JmxRegister (JmxRegister.java:unregister(73)) - Successfully un-registered JMX Bean with object name Ratis:service=RaftServer,group=group-EB92630B1AAF,id=63cd217a-0258-4f28-b228-e26ebd42505a
2019-07-13 09:17:39,973 INFO  impl.RoleInfo (RoleInfo.java:shutdownLeaderState(104)) - 63cd217a-0258-4f28-b228-e26ebd42505a: shutdown LeaderState
2019-07-13 09:17:39,973 INFO  impl.PendingRequests (PendingRequests.java:sendNotLeaderResponses(202)) - 63cd217a-0258-4f28-b228-e26ebd42505a-PendingRequests: sendNotLeaderResponses
2019-07-13 09:17:39,974 INFO  impl.StateMachineUpdater (StateMachineUpdater.java:stopAndJoin(115)) - StateMachineUpdater:63cd217a-0258-4f28-b228-e26ebd42505a:group-EB92630B1AAF: set stopIndex = 0
2019-07-13 09:17:39,974 INFO  ratis.ContainerStateMachine (ContainerStateMachine.java:takeSnapshot(246)) - Taking snapshot at termIndex:(t:0, i:~)
2019-07-13 09:17:39,974 INFO  impl.RaftServerImpl (ServerState.java:close(394)) - 63cd217a-0258-4f28-b228-e26ebd42505a:group-EB92630B1AAF closes. The last applied log index is 0
2019-07-13 09:17:39,975 INFO  segmented.SegmentedRaftLogWorker (SegmentedRaftLogWorker.java:run(313)) - 63cd217a-0258-4f28-b228-e26ebd42505a-SegmentedRaftLogWorker:Storage Directory /tmp/workdir/hadoop-ozone/integration-test/target/test-dir/MiniOzoneClusterImpl-a27e8836-a1ea-400b-8a52-a5991d85b080/datanode-2/data/ratis/afca5fb7-0328-4c12-8287-eb92630b1aaf was interrupted, exiting. There are 0 tasks remaining in the queue.
2019-07-13 09:17:39,978 INFO  segmented.SegmentedRaftLogWorker (SegmentedRaftLogWorker.java:close(228)) - 63cd217a-0258-4f28-b228-e26ebd42505a-SegmentedRaftLogWorker:Storage Directory /tmp/workdir/hadoop-ozone/integration-test/target/test-dir/MiniOzoneClusterImpl-a27e8836-a1ea-400b-8a52-a5991d85b080/datanode-2/data/ratis/afca5fb7-0328-4c12-8287-eb92630b1aaf close()
2019-07-13 09:17:39,983 INFO  impl.RaftServerImpl (RaftServerImpl.java:lambda$shutdown$3(245)) - 63cd217a-0258-4f28-b228-e26ebd42505a: shutdown group-EA19A076ACB4
2019-07-13 09:17:39,983 INFO  ozoneimpl.OzoneContainer (OzoneContainer.java:stop(199)) - Attempting to stop container services.
2019-07-13 09:17:39,983 INFO  util.JmxRegister (JmxRegister.java:unregister(73)) - Successfully un-registered JMX Bean with object name Ratis:service=RaftServer,group=group-EA19A076ACB4,id=63cd217a-0258-4f28-b228-e26ebd42505a
2019-07-13 09:17:39,984 INFO  impl.RaftServerProxy (RaftServerProxy.java:lambda$close$4(314)) - 23c23bdb-c138-4b83-89f5-8b546d32104e: close
2019-07-13 09:17:39,984 INFO  impl.RoleInfo (RoleInfo.java:shutdownFollowerState(121)) - 63cd217a-0258-4f28-b228-e26ebd42505a: shutdown FollowerState
2019-07-13 09:17:39,984 INFO  impl.RaftServerImpl (RaftServerImpl.java:lambda$shutdown$3(245)) - 23c23bdb-c138-4b83-89f5-8b546d32104e: shutdown group-FA5034E93053
2019-07-13 09:17:39,985 INFO  impl.FollowerState (FollowerState.java:run(114)) - 63cd217a-0258-4f28-b228-e26ebd42505a: FollowerState was interrupted: java.lang.InterruptedException: sleep interrupted
2019-07-13 09:17:39,985 INFO  ratis.ContainerStateMachine (ContainerStateMachine.java:takeSnapshot(246)) - Taking snapshot at termIndex:(t:1, i:11)
2019-07-13 09:17:39,987 INFO  ratis.ContainerStateMachine (ContainerStateMachine.java:takeSnapshot(250)) - Taking a snapshot to file /tmp/workdir/hadoop-ozone/integration-test/target/test-dir/MiniOzoneClusterImpl-a27e8836-a1ea-400b-8a52-a5991d85b080/datanode-2/data/ratis/e22db35d-9461-4082-baef-ea19a076acb4/sm/snapshot.1_11
2019-07-13 09:17:39,985 INFO  impl.StateMachineUpdater (StateMachineUpdater.java:stopAndJoin(115)) - StateMachineUpdater:63cd217a-0258-4f28-b228-e26ebd42505a:group-EA19A076ACB4: set stopIndex = 14
2019-07-13 09:17:39,985 INFO  util.JmxRegister (JmxRegister.java:unregister(73)) - Successfully un-registered JMX Bean with object name Ratis:service=RaftServer,group=group-FA5034E93053,id=23c23bdb-c138-4b83-89f5-8b546d32104e
2019-07-13 09:17:39,988 INFO  impl.RoleInfo (RoleInfo.java:shutdownFollowerState(121)) - 23c23bdb-c138-4b83-89f5-8b546d32104e: shutdown FollowerState
2019-07-13 09:17:39,989 INFO  impl.StateMachineUpdater (StateMachineUpdater.java:stopAndJoin(115)) - StateMachineUpdater:23c23bdb-c138-4b83-89f5-8b546d32104e:group-FA5034E93053: set stopIndex = 0
2019-07-13 09:17:39,989 INFO  impl.FollowerState (FollowerState.java:run(114)) - 23c23bdb-c138-4b83-89f5-8b546d32104e: FollowerState was interrupted: java.lang.InterruptedException: sleep interrupted
2019-07-13 09:17:39,989 INFO  ratis.ContainerStateMachine (ContainerStateMachine.java:takeSnapshot(246)) - Taking snapshot at termIndex:(t:0, i:~)
2019-07-13 09:17:39,991 INFO  impl.RaftServerImpl (ServerState.java:close(394)) - 23c23bdb-c138-4b83-89f5-8b546d32104e:group-FA5034E93053 closes. The last applied log index is 0
2019-07-13 09:17:39,992 INFO  segmented.SegmentedRaftLogWorker (SegmentedRaftLogWorker.java:run(313)) - 23c23bdb-c138-4b83-89f5-8b546d32104e-SegmentedRaftLogWorker:Storage Directory /tmp/workdir/hadoop-ozone/integration-test/target/test-dir/MiniOzoneClusterImpl-a27e8836-a1ea-400b-8a52-a5991d85b080/datanode-3/data/ratis/c193916d-813e-4def-a346-fa5034e93053 was interrupted, exiting. There are 0 tasks remaining in the queue.
2019-07-13 09:17:39,992 INFO  impl.StateMachineUpdater (StateMachineUpdater.java:takeSnapshot(242)) - StateMachineUpdater:63cd217a-0258-4f28-b228-e26ebd42505a:group-EA19A076ACB4: Took a snapshot at index 11
2019-07-13 09:17:39,992 INFO  impl.StateMachineUpdater (StateMachineUpdater.java:lambda$new$0(80)) - StateMachineUpdater:63cd217a-0258-4f28-b228-e26ebd42505a:group-EA19A076ACB4: snapshotIndex: updateIncreasingly -1 -> 11
2019-07-13 09:17:39,994 INFO  segmented.SegmentedRaftLogWorker (SegmentedRaftLogWorker.java:close(228)) - 23c23bdb-c138-4b83-89f5-8b546d32104e-SegmentedRaftLogWorker:Storage Directory /tmp/workdir/hadoop-ozone/integration-test/target/test-dir/MiniOzoneClusterImpl-a27e8836-a1ea-400b-8a52-a5991d85b080/datanode-3/data/ratis/c193916d-813e-4def-a346-fa5034e93053 close()
2019-07-13 09:17:39,994 INFO  impl.RaftServerImpl (ServerState.java:close(394)) - 63cd217a-0258-4f28-b228-e26ebd42505a:group-EA19A076ACB4 closes. The last applied log index is 14
2019-07-13 09:17:39,998 INFO  impl.RaftServerImpl (RaftServerImpl.java:lambda$shutdown$3(245)) - 23c23bdb-c138-4b83-89f5-8b546d32104e: shutdown group-9938FB5252AA
2019-07-13 09:17:39,999 INFO  segmented.SegmentedRaftLogWorker (SegmentedRaftLogWorker.java:run(313)) - 63cd217a-0258-4f28-b228-e26ebd42505a-SegmentedRaftLogWorker:Storage Directory /tmp/workdir/hadoop-ozone/integration-test/target/test-dir/MiniOzoneClusterImpl-a27e8836-a1ea-400b-8a52-a5991d85b080/datanode-2/data/ratis/e22db35d-9461-4082-baef-ea19a076acb4 was interrupted, exiting. There are 0 tasks remaining in the queue.
2019-07-13 09:17:39,999 INFO  util.JmxRegister (JmxRegister.java:unregister(73)) - Successfully un-registered JMX Bean with object name Ratis:service=RaftServer,group=group-9938FB5252AA,id=23c23bdb-c138-4b83-89f5-8b546d32104e
2019-07-13 09:17:40,001 INFO  impl.RoleInfo (RoleInfo.java:shutdownLeaderState(104)) - 23c23bdb-c138-4b83-89f5-8b546d32104e: shutdown LeaderState
2019-07-13 09:17:40,001 INFO  segmented.SegmentedRaftLogWorker (SegmentedRaftLogWorker.java:close(228)) - 63cd217a-0258-4f28-b228-e26ebd42505a-SegmentedRaftLogWorker:Storage Directory /tmp/workdir/hadoop-ozone/integration-test/target/test-dir/MiniOzoneClusterImpl-a27e8836-a1ea-400b-8a52-a5991d85b080/datanode-2/data/ratis/e22db35d-9461-4082-baef-ea19a076acb4 close()
2019-07-13 09:17:40,002 INFO  impl.PendingRequests (PendingRequests.java:sendNotLeaderResponses(202)) - 23c23bdb-c138-4b83-89f5-8b546d32104e-PendingRequests: sendNotLeaderResponses
2019-07-13 09:17:40,014 INFO  server.GrpcService (GrpcService.java:closeImpl(155)) - 63cd217a-0258-4f28-b228-e26ebd42505a: shutdown server with port 33676 now
2019-07-13 09:17:40,014 INFO  ratis.ContainerStateMachine (ContainerStateMachine.java:takeSnapshot(246)) - Taking snapshot at termIndex:(t:0, i:~)
2019-07-13 09:17:40,014 INFO  impl.StateMachineUpdater (StateMachineUpdater.java:stopAndJoin(115)) - StateMachineUpdater:23c23bdb-c138-4b83-89f5-8b546d32104e:group-9938FB5252AA: set stopIndex = 0
2019-07-13 09:17:40,015 INFO  impl.RaftServerImpl (ServerState.java:close(394)) - 23c23bdb-c138-4b83-89f5-8b546d32104e:group-9938FB5252AA closes. The last applied log index is 0
2019-07-13 09:17:40,015 INFO  server.GrpcService (GrpcService.java:closeImpl(163)) - 63cd217a-0258-4f28-b228-e26ebd42505a: shutdown server with port 33676 successfully
2019-07-13 09:17:40,015 INFO  segmented.SegmentedRaftLogWorker (SegmentedRaftLogWorker.java:run(313)) - 23c23bdb-c138-4b83-89f5-8b546d32104e-SegmentedRaftLogWorker:Storage Directory /tmp/workdir/hadoop-ozone/integration-test/target/test-dir/MiniOzoneClusterImpl-a27e8836-a1ea-400b-8a52-a5991d85b080/datanode-3/data/ratis/276d3271-1e94-4b4a-b965-9938fb5252aa was interrupted, exiting. There are 0 tasks remaining in the queue.
2019-07-13 09:17:40,017 INFO  segmented.SegmentedRaftLogWorker (SegmentedRaftLogWorker.java:close(228)) - 23c23bdb-c138-4b83-89f5-8b546d32104e-SegmentedRaftLogWorker:Storage Directory /tmp/workdir/hadoop-ozone/integration-test/target/test-dir/MiniOzoneClusterImpl-a27e8836-a1ea-400b-8a52-a5991d85b080/datanode-3/data/ratis/276d3271-1e94-4b4a-b965-9938fb5252aa close()
2019-07-13 09:17:40,020 INFO  server.GrpcService (GrpcService.java:closeImpl(155)) - 23c23bdb-c138-4b83-89f5-8b546d32104e: shutdown server with port 35637 now
2019-07-13 09:17:40,021 INFO  utils.BackgroundService (BackgroundService.java:shutdown(148)) - Shutting down service BlockDeletingService
2019-07-13 09:17:40,021 INFO  server.GrpcService (GrpcService.java:closeImpl(163)) - 23c23bdb-c138-4b83-89f5-8b546d32104e: shutdown server with port 35637 successfully
2019-07-13 09:17:40,022 WARN  fs.CachingGetSpaceUsed (CachingGetSpaceUsed.java:run(183)) - Thread Interrupted waiting to refresh disk information: sleep interrupted
2019-07-13 09:17:40,024 INFO  utils.BackgroundService (BackgroundService.java:shutdown(148)) - Shutting down service BlockDeletingService
2019-07-13 09:17:40,025 WARN  fs.CachingGetSpaceUsed (CachingGetSpaceUsed.java:run(183)) - Thread Interrupted waiting to refresh disk information: sleep interrupted
2019-07-13 09:17:40,048 INFO  statemachine.DatanodeStateMachine (DatanodeStateMachine.java:stopDaemon(395)) - Ozone container server stopped.
2019-07-13 09:17:40,060 INFO  statemachine.DatanodeStateMachine (DatanodeStateMachine.java:stopDaemon(395)) - Ozone container server stopped.
2019-07-13 09:17:40,060 INFO  handler.ContextHandler (ContextHandler.java:doStop(910)) - Stopped o.e.j.w.WebAppContext@2c1ffb9{/,null,UNAVAILABLE}{/hddsDatanode}
2019-07-13 09:17:40,061 INFO  server.AbstractConnector (AbstractConnector.java:doStop(318)) - Stopped ServerConnector@1bd97254{HTTP/1.1,[http/1.1]}{0.0.0.0:0}
2019-07-13 09:17:40,061 INFO  handler.ContextHandler (ContextHandler.java:doStop(910)) - Stopped o.e.j.w.WebAppContext@6316b9e3{/,null,UNAVAILABLE}{/hddsDatanode}
2019-07-13 09:17:40,061 INFO  handler.ContextHandler (ContextHandler.java:doStop(910)) - Stopped o.e.j.s.ServletContextHandler@3d8c3d0a{/static,jar:file:/home/user/.m2/repository/org/apache/hadoop/hadoop-hdds-container-service/0.5.0-SNAPSHOT/hadoop-hdds-container-service-0.5.0-SNAPSHOT.jar!/webapps/static,UNAVAILABLE}
2019-07-13 09:17:40,062 INFO  handler.ContextHandler (ContextHandler.java:doStop(910)) - Stopped o.e.j.s.ServletContextHandler@20a3118{/logs,file:///tmp/workdir/hadoop-ozone/integration-test/target/log,UNAVAILABLE}
2019-07-13 09:17:40,062 INFO  server.AbstractConnector (AbstractConnector.java:doStop(318)) - Stopped ServerConnector@186f7553{HTTP/1.1,[http/1.1]}{0.0.0.0:0}
2019-07-13 09:17:40,062 INFO  handler.ContextHandler (ContextHandler.java:doStop(910)) - Stopped o.e.j.s.ServletContextHandler@25f688d5{/static,jar:file:/home/user/.m2/repository/org/apache/hadoop/hadoop-hdds-container-service/0.5.0-SNAPSHOT/hadoop-hdds-container-service-0.5.0-SNAPSHOT.jar!/webapps/static,UNAVAILABLE}
2019-07-13 09:17:40,062 INFO  datanode.ObjectStoreHandler (ObjectStoreHandler.java:close(155)) - Closing ObjectStoreHandler.
2019-07-13 09:17:40,063 INFO  handler.ContextHandler (ContextHandler.java:doStop(910)) - Stopped o.e.j.s.ServletContextHandler@4bdd6fe0{/logs,file:///tmp/workdir/hadoop-ozone/integration-test/target/log,UNAVAILABLE}
2019-07-13 09:17:40,063 INFO  ozone.HddsDatanodeService (HddsDatanodeService.java:stop(452)) - Stopped plug-in org.apache.hadoop.ozone.web.OzoneHddsDatanodeService@2aa176de
2019-07-13 09:17:40,064 INFO  datanode.ObjectStoreHandler (ObjectStoreHandler.java:close(155)) - Closing ObjectStoreHandler.
2019-07-13 09:17:40,064 INFO  ozone.HddsDatanodeService (HddsDatanodeService.java:stop(452)) - Stopped plug-in org.apache.hadoop.ozone.web.OzoneHddsDatanodeService@7217e615
2019-07-13 09:17:40,177 INFO  statemachine.DatanodeStateMachine (DatanodeStateMachine.java:lambda$startDaemon$0(350)) - Ozone container server started.
2019-07-13 09:17:40,710 INFO  statemachine.DatanodeStateMachine (DatanodeStateMachine.java:lambda$startDaemon$0(350)) - Ozone container server started.
2019-07-13 09:17:41,865 INFO  impl.FollowerState (FollowerState.java:run(106)) - 46d1ed4c-2327-4dbf-9133-f8bf3f2fab15:group-EA19A076ACB4 changes to CANDIDATE, lastRpcTime:7101, electionTimeout:5022ms
2019-07-13 09:17:41,865 INFO  impl.RoleInfo (RoleInfo.java:shutdownFollowerState(121)) - 46d1ed4c-2327-4dbf-9133-f8bf3f2fab15: shutdown FollowerState
2019-07-13 09:17:41,865 INFO  impl.RaftServerImpl (RaftServerImpl.java:setRole(171)) - 46d1ed4c-2327-4dbf-9133-f8bf3f2fab15:group-EA19A076ACB4 changes role from FOLLOWER to CANDIDATE at term 1 for changeToCandidate
2019-07-13 09:17:41,865 INFO  impl.RoleInfo (RoleInfo.java:updateAndGet(143)) - 46d1ed4c-2327-4dbf-9133-f8bf3f2fab15: start LeaderElection
2019-07-13 09:17:41,869 INFO  impl.RaftServerImpl (ServerState.java:setLeader(263)) - 46d1ed4c-2327-4dbf-9133-f8bf3f2fab15:group-EA19A076ACB4 change Leader from db1cd3a5-8394-42bf-b811-7c7c73654225 to null at term 1 for initElection
2019-07-13 09:17:41,883 INFO  impl.LeaderElection (LeaderElection.java:askForVotes(181)) - 46d1ed4c-2327-4dbf-9133-f8bf3f2fab15:group-EA19A076ACB4:LeaderElection77: begin an election at term 2 for 0: [46d1ed4c-2327-4dbf-9133-f8bf3f2fab15:192.168.69.96:33435, db1cd3a5-8394-42bf-b811-7c7c73654225:192.168.69.96:42799, 63cd217a-0258-4f28-b228-e26ebd42505a:192.168.69.96:33676], old=null
2019-07-13 09:17:41,886 INFO  impl.LeaderElection (LogUtils.java:infoOrTrace(149)) - 46d1ed4c-2327-4dbf-9133-f8bf3f2fab15:group-EA19A076ACB4:LeaderElection77 got exception when requesting votes: {}
java.util.concurrent.ExecutionException: org.apache.ratis.thirdparty.io.grpc.StatusRuntimeException: UNAVAILABLE: io exception
	at java.util.concurrent.FutureTask.report(FutureTask.java:122)
	at java.util.concurrent.FutureTask.get(FutureTask.java:192)
	at org.apache.ratis.server.impl.LeaderElection.waitForResults(LeaderElection.java:262)
	at org.apache.ratis.server.impl.LeaderElection.askForVotes(LeaderElection.java:200)
	at org.apache.ratis.server.impl.LeaderElection.run(LeaderElection.java:130)
	at java.lang.Thread.run(Thread.java:748)
Caused by: org.apache.ratis.thirdparty.io.grpc.StatusRuntimeException: UNAVAILABLE: io exception
	at org.apache.ratis.thirdparty.io.grpc.stub.ClientCalls.toStatusRuntimeException(ClientCalls.java:233)
	at org.apache.ratis.thirdparty.io.grpc.stub.ClientCalls.getUnchecked(ClientCalls.java:214)
	at org.apache.ratis.thirdparty.io.grpc.stub.ClientCalls.blockingUnaryCall(ClientCalls.java:139)
	at org.apache.ratis.proto.grpc.RaftServerProtocolServiceGrpc$RaftServerProtocolServiceBlockingStub.requestVote(RaftServerProtocolServiceGrpc.java:265)
	at org.apache.ratis.grpc.server.GrpcServerProtocolClient.requestVote(GrpcServerProtocolClient.java:83)
	at org.apache.ratis.grpc.server.GrpcService.requestVote(GrpcService.java:195)
	at org.apache.ratis.server.impl.LeaderElection.lambda$submitRequests$1(LeaderElection.java:237)
	at java.util.concurrent.FutureTask.run(FutureTask.java:266)
	at java.util.concurrent.Executors$RunnableAdapter.call(Executors.java:511)
	at java.util.concurrent.FutureTask.run(FutureTask.java:266)
	at java.util.concurrent.ThreadPoolExecutor.runWorker(ThreadPoolExecutor.java:1149)
	at java.util.concurrent.ThreadPoolExecutor$Worker.run(ThreadPoolExecutor.java:624)
	... 1 more
Caused by: org.apache.ratis.thirdparty.io.netty.channel.AbstractChannel$AnnotatedConnectException: Connection refused: /192.168.69.96:42799
	at sun.nio.ch.SocketChannelImpl.checkConnect(Native Method)
	at sun.nio.ch.SocketChannelImpl.finishConnect(SocketChannelImpl.java:717)
	at org.apache.ratis.thirdparty.io.netty.channel.socket.nio.NioSocketChannel.doFinishConnect(NioSocketChannel.java:327)
	at org.apache.ratis.thirdparty.io.netty.channel.nio.AbstractNioChannel$AbstractNioUnsafe.finishConnect(AbstractNioChannel.java:340)
	at org.apache.ratis.thirdparty.io.netty.channel.nio.NioEventLoop.processSelectedKey(NioEventLoop.java:632)
	at org.apache.ratis.thirdparty.io.netty.channel.nio.NioEventLoop.processSelectedKeysOptimized(NioEventLoop.java:579)
	at org.apache.ratis.thirdparty.io.netty.channel.nio.NioEventLoop.processSelectedKeys(NioEventLoop.java:496)
	at org.apache.ratis.thirdparty.io.netty.channel.nio.NioEventLoop.run(NioEventLoop.java:458)
	at org.apache.ratis.thirdparty.io.netty.util.concurrent.SingleThreadEventExecutor$5.run(SingleThreadEventExecutor.java:897)
	at org.apache.ratis.thirdparty.io.netty.util.concurrent.FastThreadLocalRunnable.run(FastThreadLocalRunnable.java:30)
	... 1 more
Caused by: java.net.ConnectException: Connection refused
	... 11 more
2019-07-13 09:17:41,889 INFO  impl.LeaderElection (LogUtils.java:infoOrTrace(149)) - 46d1ed4c-2327-4dbf-9133-f8bf3f2fab15:group-EA19A076ACB4:LeaderElection77 got exception when requesting votes: {}
java.util.concurrent.ExecutionException: org.apache.ratis.thirdparty.io.grpc.StatusRuntimeException: UNAVAILABLE: io exception
	at java.util.concurrent.FutureTask.report(FutureTask.java:122)
	at java.util.concurrent.FutureTask.get(FutureTask.java:192)
	at org.apache.ratis.server.impl.LeaderElection.waitForResults(LeaderElection.java:262)
	at org.apache.ratis.server.impl.LeaderElection.askForVotes(LeaderElection.java:200)
	at org.apache.ratis.server.impl.LeaderElection.run(LeaderElection.java:130)
	at java.lang.Thread.run(Thread.java:748)
Caused by: org.apache.ratis.thirdparty.io.grpc.StatusRuntimeException: UNAVAILABLE: io exception
	at org.apache.ratis.thirdparty.io.grpc.stub.ClientCalls.toStatusRuntimeException(ClientCalls.java:233)
	at org.apache.ratis.thirdparty.io.grpc.stub.ClientCalls.getUnchecked(ClientCalls.java:214)
	at org.apache.ratis.thirdparty.io.grpc.stub.ClientCalls.blockingUnaryCall(ClientCalls.java:139)
	at org.apache.ratis.proto.grpc.RaftServerProtocolServiceGrpc$RaftServerProtocolServiceBlockingStub.requestVote(RaftServerProtocolServiceGrpc.java:265)
	at org.apache.ratis.grpc.server.GrpcServerProtocolClient.requestVote(GrpcServerProtocolClient.java:83)
	at org.apache.ratis.grpc.server.GrpcService.requestVote(GrpcService.java:195)
	at org.apache.ratis.server.impl.LeaderElection.lambda$submitRequests$1(LeaderElection.java:237)
	at java.util.concurrent.FutureTask.run(FutureTask.java:266)
	at java.util.concurrent.Executors$RunnableAdapter.call(Executors.java:511)
	at java.util.concurrent.FutureTask.run(FutureTask.java:266)
	at java.util.concurrent.ThreadPoolExecutor.runWorker(ThreadPoolExecutor.java:1149)
	at java.util.concurrent.ThreadPoolExecutor$Worker.run(ThreadPoolExecutor.java:624)
	... 1 more
Caused by: org.apache.ratis.thirdparty.io.netty.channel.AbstractChannel$AnnotatedConnectException: Connection refused: /192.168.69.96:33676
	at sun.nio.ch.SocketChannelImpl.checkConnect(Native Method)
	at sun.nio.ch.SocketChannelImpl.finishConnect(SocketChannelImpl.java:717)
	at org.apache.ratis.thirdparty.io.netty.channel.socket.nio.NioSocketChannel.doFinishConnect(NioSocketChannel.java:327)
	at org.apache.ratis.thirdparty.io.netty.channel.nio.AbstractNioChannel$AbstractNioUnsafe.finishConnect(AbstractNioChannel.java:340)
	at org.apache.ratis.thirdparty.io.netty.channel.nio.NioEventLoop.processSelectedKey(NioEventLoop.java:632)
	at org.apache.ratis.thirdparty.io.netty.channel.nio.NioEventLoop.processSelectedKeysOptimized(NioEventLoop.java:579)
	at org.apache.ratis.thirdparty.io.netty.channel.nio.NioEventLoop.processSelectedKeys(NioEventLoop.java:496)
	at org.apache.ratis.thirdparty.io.netty.channel.nio.NioEventLoop.run(NioEventLoop.java:458)
	at org.apache.ratis.thirdparty.io.netty.util.concurrent.SingleThreadEventExecutor$5.run(SingleThreadEventExecutor.java:897)
	at org.apache.ratis.thirdparty.io.netty.util.concurrent.FastThreadLocalRunnable.run(FastThreadLocalRunnable.java:30)
	... 1 more
Caused by: java.net.ConnectException: Connection refused
	... 11 more
2019-07-13 09:17:41,891 INFO  impl.LeaderElection (LeaderElection.java:logAndReturn(56)) - 46d1ed4c-2327-4dbf-9133-f8bf3f2fab15:group-EA19A076ACB4:LeaderElection77: Election REJECTED; received 0 response(s) [] and 2 exception(s); 46d1ed4c-2327-4dbf-9133-f8bf3f2fab15:t2, leader=null, voted=46d1ed4c-2327-4dbf-9133-f8bf3f2fab15, raftlog=46d1ed4c-2327-4dbf-9133-f8bf3f2fab15-SegmentedRaftLog:OPENED:c14,f14,i14, conf=0: [46d1ed4c-2327-4dbf-9133-f8bf3f2fab15:192.168.69.96:33435, db1cd3a5-8394-42bf-b811-7c7c73654225:192.168.69.96:42799, 63cd217a-0258-4f28-b228-e26ebd42505a:192.168.69.96:33676], old=null
2019-07-13 09:17:41,891 INFO  impl.LeaderElection (LogUtils.java:infoOrTrace(149)) -   Exception 0: {}
java.util.concurrent.ExecutionException: org.apache.ratis.thirdparty.io.grpc.StatusRuntimeException: UNAVAILABLE: io exception
	at java.util.concurrent.FutureTask.report(FutureTask.java:122)
	at java.util.concurrent.FutureTask.get(FutureTask.java:192)
	at org.apache.ratis.server.impl.LeaderElection.waitForResults(LeaderElection.java:262)
	at org.apache.ratis.server.impl.LeaderElection.askForVotes(LeaderElection.java:200)
	at org.apache.ratis.server.impl.LeaderElection.run(LeaderElection.java:130)
	at java.lang.Thread.run(Thread.java:748)
Caused by: org.apache.ratis.thirdparty.io.grpc.StatusRuntimeException: UNAVAILABLE: io exception
	at org.apache.ratis.thirdparty.io.grpc.stub.ClientCalls.toStatusRuntimeException(ClientCalls.java:233)
	at org.apache.ratis.thirdparty.io.grpc.stub.ClientCalls.getUnchecked(ClientCalls.java:214)
	at org.apache.ratis.thirdparty.io.grpc.stub.ClientCalls.blockingUnaryCall(ClientCalls.java:139)
	at org.apache.ratis.proto.grpc.RaftServerProtocolServiceGrpc$RaftServerProtocolServiceBlockingStub.requestVote(RaftServerProtocolServiceGrpc.java:265)
	at org.apache.ratis.grpc.server.GrpcServerProtocolClient.requestVote(GrpcServerProtocolClient.java:83)
	at org.apache.ratis.grpc.server.GrpcService.requestVote(GrpcService.java:195)
	at org.apache.ratis.server.impl.LeaderElection.lambda$submitRequests$1(LeaderElection.java:237)
	at java.util.concurrent.FutureTask.run(FutureTask.java:266)
	at java.util.concurrent.Executors$RunnableAdapter.call(Executors.java:511)
	at java.util.concurrent.FutureTask.run(FutureTask.java:266)
	at java.util.concurrent.ThreadPoolExecutor.runWorker(ThreadPoolExecutor.java:1149)
	at java.util.concurrent.ThreadPoolExecutor$Worker.run(ThreadPoolExecutor.java:624)
	... 1 more
Caused by: org.apache.ratis.thirdparty.io.netty.channel.AbstractChannel$AnnotatedConnectException: Connection refused: /192.168.69.96:42799
	at sun.nio.ch.SocketChannelImpl.checkConnect(Native Method)
	at sun.nio.ch.SocketChannelImpl.finishConnect(SocketChannelImpl.java:717)
	at org.apache.ratis.thirdparty.io.netty.channel.socket.nio.NioSocketChannel.doFinishConnect(NioSocketChannel.java:327)
	at org.apache.ratis.thirdparty.io.netty.channel.nio.AbstractNioChannel$AbstractNioUnsafe.finishConnect(AbstractNioChannel.java:340)
	at org.apache.ratis.thirdparty.io.netty.channel.nio.NioEventLoop.processSelectedKey(NioEventLoop.java:632)
	at org.apache.ratis.thirdparty.io.netty.channel.nio.NioEventLoop.processSelectedKeysOptimized(NioEventLoop.java:579)
	at org.apache.ratis.thirdparty.io.netty.channel.nio.NioEventLoop.processSelectedKeys(NioEventLoop.java:496)
	at org.apache.ratis.thirdparty.io.netty.channel.nio.NioEventLoop.run(NioEventLoop.java:458)
	at org.apache.ratis.thirdparty.io.netty.util.concurrent.SingleThreadEventExecutor$5.run(SingleThreadEventExecutor.java:897)
	at org.apache.ratis.thirdparty.io.netty.util.concurrent.FastThreadLocalRunnable.run(FastThreadLocalRunnable.java:30)
	... 1 more
Caused by: java.net.ConnectException: Connection refused
	... 11 more
2019-07-13 09:17:41,891 INFO  impl.LeaderElection (LogUtils.java:infoOrTrace(149)) -   Exception 1: {}
java.util.concurrent.ExecutionException: org.apache.ratis.thirdparty.io.grpc.StatusRuntimeException: UNAVAILABLE: io exception
	at java.util.concurrent.FutureTask.report(FutureTask.java:122)
	at java.util.concurrent.FutureTask.get(FutureTask.java:192)
	at org.apache.ratis.server.impl.LeaderElection.waitForResults(LeaderElection.java:262)
	at org.apache.ratis.server.impl.LeaderElection.askForVotes(LeaderElection.java:200)
	at org.apache.ratis.server.impl.LeaderElection.run(LeaderElection.java:130)
	at java.lang.Thread.run(Thread.java:748)
Caused by: org.apache.ratis.thirdparty.io.grpc.StatusRuntimeException: UNAVAILABLE: io exception
	at org.apache.ratis.thirdparty.io.grpc.stub.ClientCalls.toStatusRuntimeException(ClientCalls.java:233)
	at org.apache.ratis.thirdparty.io.grpc.stub.ClientCalls.getUnchecked(ClientCalls.java:214)
	at org.apache.ratis.thirdparty.io.grpc.stub.ClientCalls.blockingUnaryCall(ClientCalls.java:139)
	at org.apache.ratis.proto.grpc.RaftServerProtocolServiceGrpc$RaftServerProtocolServiceBlockingStub.requestVote(RaftServerProtocolServiceGrpc.java:265)
	at org.apache.ratis.grpc.server.GrpcServerProtocolClient.requestVote(GrpcServerProtocolClient.java:83)
	at org.apache.ratis.grpc.server.GrpcService.requestVote(GrpcService.java:195)
	at org.apache.ratis.server.impl.LeaderElection.lambda$submitRequests$1(LeaderElection.java:237)
	at java.util.concurrent.FutureTask.run(FutureTask.java:266)
	at java.util.concurrent.Executors$RunnableAdapter.call(Executors.java:511)
	at java.util.concurrent.FutureTask.run(FutureTask.java:266)
	at java.util.concurrent.ThreadPoolExecutor.runWorker(ThreadPoolExecutor.java:1149)
	at java.util.concurrent.ThreadPoolExecutor$Worker.run(ThreadPoolExecutor.java:624)
	... 1 more
Caused by: org.apache.ratis.thirdparty.io.netty.channel.AbstractChannel$AnnotatedConnectException: Connection refused: /192.168.69.96:33676
	at sun.nio.ch.SocketChannelImpl.checkConnect(Native Method)
	at sun.nio.ch.SocketChannelImpl.finishConnect(SocketChannelImpl.java:717)
	at org.apache.ratis.thirdparty.io.netty.channel.socket.nio.NioSocketChannel.doFinishConnect(NioSocketChannel.java:327)
	at org.apache.ratis.thirdparty.io.netty.channel.nio.AbstractNioChannel$AbstractNioUnsafe.finishConnect(AbstractNioChannel.java:340)
	at org.apache.ratis.thirdparty.io.netty.channel.nio.NioEventLoop.processSelectedKey(NioEventLoop.java:632)
	at org.apache.ratis.thirdparty.io.netty.channel.nio.NioEventLoop.processSelectedKeysOptimized(NioEventLoop.java:579)
	at org.apache.ratis.thirdparty.io.netty.channel.nio.NioEventLoop.processSelectedKeys(NioEventLoop.java:496)
	at org.apache.ratis.thirdparty.io.netty.channel.nio.NioEventLoop.run(NioEventLoop.java:458)
	at org.apache.ratis.thirdparty.io.netty.util.concurrent.SingleThreadEventExecutor$5.run(SingleThreadEventExecutor.java:897)
	at org.apache.ratis.thirdparty.io.netty.util.concurrent.FastThreadLocalRunnable.run(FastThreadLocalRunnable.java:30)
	... 1 more
Caused by: java.net.ConnectException: Connection refused
	... 11 more
2019-07-13 09:17:41,892 INFO  impl.RaftServerImpl (RaftServerImpl.java:setRole(171)) - 46d1ed4c-2327-4dbf-9133-f8bf3f2fab15:group-EA19A076ACB4 changes role from CANDIDATE to FOLLOWER at term 2 for DISCOVERED_A_NEW_TERM
2019-07-13 09:17:41,892 INFO  impl.RoleInfo (RoleInfo.java:shutdownLeaderElection(134)) - 46d1ed4c-2327-4dbf-9133-f8bf3f2fab15: shutdown LeaderElection
2019-07-13 09:17:41,892 INFO  impl.RoleInfo (RoleInfo.java:updateAndGet(143)) - 46d1ed4c-2327-4dbf-9133-f8bf3f2fab15: start FollowerState
2019-07-13 09:17:42,240 INFO  impl.FollowerState (FollowerState.java:run(106)) - fcf6d4b8-506b-42b6-93f2-dcb5bcbe3b8d:group-FA5034E93053 changes to CANDIDATE, lastRpcTime:7641, electionTimeout:5018ms
2019-07-13 09:17:42,241 INFO  impl.RoleInfo (RoleInfo.java:shutdownFollowerState(121)) - fcf6d4b8-506b-42b6-93f2-dcb5bcbe3b8d: shutdown FollowerState
2019-07-13 09:17:42,241 INFO  impl.RaftServerImpl (RaftServerImpl.java:setRole(171)) - fcf6d4b8-506b-42b6-93f2-dcb5bcbe3b8d:group-FA5034E93053 changes role from FOLLOWER to CANDIDATE at term 1 for changeToCandidate
2019-07-13 09:17:42,241 INFO  impl.RoleInfo (RoleInfo.java:updateAndGet(143)) - fcf6d4b8-506b-42b6-93f2-dcb5bcbe3b8d: start LeaderElection
2019-07-13 09:17:42,244 INFO  impl.RaftServerImpl (ServerState.java:setLeader(263)) - fcf6d4b8-506b-42b6-93f2-dcb5bcbe3b8d:group-FA5034E93053 change Leader from 84ca7385-e608-43fb-87bd-3376edbb1672 to null at term 1 for initElection
2019-07-13 09:17:42,258 INFO  impl.LeaderElection (LeaderElection.java:askForVotes(181)) - fcf6d4b8-506b-42b6-93f2-dcb5bcbe3b8d:group-FA5034E93053:LeaderElection78: begin an election at term 2 for 0: [23c23bdb-c138-4b83-89f5-8b546d32104e:192.168.69.96:35637, fcf6d4b8-506b-42b6-93f2-dcb5bcbe3b8d:192.168.69.96:44346, 84ca7385-e608-43fb-87bd-3376edbb1672:192.168.69.96:36158], old=null
2019-07-13 09:17:42,260 INFO  impl.LeaderElection (LogUtils.java:infoOrTrace(149)) - fcf6d4b8-506b-42b6-93f2-dcb5bcbe3b8d:group-FA5034E93053:LeaderElection78 got exception when requesting votes: {}
java.util.concurrent.ExecutionException: org.apache.ratis.thirdparty.io.grpc.StatusRuntimeException: UNAVAILABLE: io exception
	at java.util.concurrent.FutureTask.report(FutureTask.java:122)
	at java.util.concurrent.FutureTask.get(FutureTask.java:192)
	at org.apache.ratis.server.impl.LeaderElection.waitForResults(LeaderElection.java:262)
	at org.apache.ratis.server.impl.LeaderElection.askForVotes(LeaderElection.java:200)
	at org.apache.ratis.server.impl.LeaderElection.run(LeaderElection.java:130)
	at java.lang.Thread.run(Thread.java:748)
Caused by: org.apache.ratis.thirdparty.io.grpc.StatusRuntimeException: UNAVAILABLE: io exception
	at org.apache.ratis.thirdparty.io.grpc.stub.ClientCalls.toStatusRuntimeException(ClientCalls.java:233)
	at org.apache.ratis.thirdparty.io.grpc.stub.ClientCalls.getUnchecked(ClientCalls.java:214)
	at org.apache.ratis.thirdparty.io.grpc.stub.ClientCalls.blockingUnaryCall(ClientCalls.java:139)
	at org.apache.ratis.proto.grpc.RaftServerProtocolServiceGrpc$RaftServerProtocolServiceBlockingStub.requestVote(RaftServerProtocolServiceGrpc.java:265)
	at org.apache.ratis.grpc.server.GrpcServerProtocolClient.requestVote(GrpcServerProtocolClient.java:83)
	at org.apache.ratis.grpc.server.GrpcService.requestVote(GrpcService.java:195)
	at org.apache.ratis.server.impl.LeaderElection.lambda$submitRequests$1(LeaderElection.java:237)
	at java.util.concurrent.FutureTask.run(FutureTask.java:266)
	at java.util.concurrent.Executors$RunnableAdapter.call(Executors.java:511)
	at java.util.concurrent.FutureTask.run(FutureTask.java:266)
	at java.util.concurrent.ThreadPoolExecutor.runWorker(ThreadPoolExecutor.java:1149)
	at java.util.concurrent.ThreadPoolExecutor$Worker.run(ThreadPoolExecutor.java:624)
	... 1 more
Caused by: org.apache.ratis.thirdparty.io.netty.channel.AbstractChannel$AnnotatedConnectException: Connection refused: /192.168.69.96:35637
	at sun.nio.ch.SocketChannelImpl.checkConnect(Native Method)
	at sun.nio.ch.SocketChannelImpl.finishConnect(SocketChannelImpl.java:717)
	at org.apache.ratis.thirdparty.io.netty.channel.socket.nio.NioSocketChannel.doFinishConnect(NioSocketChannel.java:327)
	at org.apache.ratis.thirdparty.io.netty.channel.nio.AbstractNioChannel$AbstractNioUnsafe.finishConnect(AbstractNioChannel.java:340)
	at org.apache.ratis.thirdparty.io.netty.channel.nio.NioEventLoop.processSelectedKey(NioEventLoop.java:632)
	at org.apache.ratis.thirdparty.io.netty.channel.nio.NioEventLoop.processSelectedKeysOptimized(NioEventLoop.java:579)
	at org.apache.ratis.thirdparty.io.netty.channel.nio.NioEventLoop.processSelectedKeys(NioEventLoop.java:496)
	at org.apache.ratis.thirdparty.io.netty.channel.nio.NioEventLoop.run(NioEventLoop.java:458)
	at org.apache.ratis.thirdparty.io.netty.util.concurrent.SingleThreadEventExecutor$5.run(SingleThreadEventExecutor.java:897)
	at org.apache.ratis.thirdparty.io.netty.util.concurrent.FastThreadLocalRunnable.run(FastThreadLocalRunnable.java:30)
	... 1 more
Caused by: java.net.ConnectException: Connection refused
	... 11 more
2019-07-13 09:17:42,262 INFO  impl.LeaderElection (LogUtils.java:infoOrTrace(149)) - fcf6d4b8-506b-42b6-93f2-dcb5bcbe3b8d:group-FA5034E93053:LeaderElection78 got exception when requesting votes: {}
java.util.concurrent.ExecutionException: org.apache.ratis.thirdparty.io.grpc.StatusRuntimeException: UNAVAILABLE: io exception
	at java.util.concurrent.FutureTask.report(FutureTask.java:122)
	at java.util.concurrent.FutureTask.get(FutureTask.java:192)
	at org.apache.ratis.server.impl.LeaderElection.waitForResults(LeaderElection.java:262)
	at org.apache.ratis.server.impl.LeaderElection.askForVotes(LeaderElection.java:200)
	at org.apache.ratis.server.impl.LeaderElection.run(LeaderElection.java:130)
	at java.lang.Thread.run(Thread.java:748)
Caused by: org.apache.ratis.thirdparty.io.grpc.StatusRuntimeException: UNAVAILABLE: io exception
	at org.apache.ratis.thirdparty.io.grpc.stub.ClientCalls.toStatusRuntimeException(ClientCalls.java:233)
	at org.apache.ratis.thirdparty.io.grpc.stub.ClientCalls.getUnchecked(ClientCalls.java:214)
	at org.apache.ratis.thirdparty.io.grpc.stub.ClientCalls.blockingUnaryCall(ClientCalls.java:139)
	at org.apache.ratis.proto.grpc.RaftServerProtocolServiceGrpc$RaftServerProtocolServiceBlockingStub.requestVote(RaftServerProtocolServiceGrpc.java:265)
	at org.apache.ratis.grpc.server.GrpcServerProtocolClient.requestVote(GrpcServerProtocolClient.java:83)
	at org.apache.ratis.grpc.server.GrpcService.requestVote(GrpcService.java:195)
	at org.apache.ratis.server.impl.LeaderElection.lambda$submitRequests$1(LeaderElection.java:237)
	at java.util.concurrent.FutureTask.run(FutureTask.java:266)
	at java.util.concurrent.Executors$RunnableAdapter.call(Executors.java:511)
	at java.util.concurrent.FutureTask.run(FutureTask.java:266)
	at java.util.concurrent.ThreadPoolExecutor.runWorker(ThreadPoolExecutor.java:1149)
	at java.util.concurrent.ThreadPoolExecutor$Worker.run(ThreadPoolExecutor.java:624)
	... 1 more
Caused by: org.apache.ratis.thirdparty.io.netty.channel.AbstractChannel$AnnotatedConnectException: Connection refused: /192.168.69.96:36158
	at sun.nio.ch.SocketChannelImpl.checkConnect(Native Method)
	at sun.nio.ch.SocketChannelImpl.finishConnect(SocketChannelImpl.java:717)
	at org.apache.ratis.thirdparty.io.netty.channel.socket.nio.NioSocketChannel.doFinishConnect(NioSocketChannel.java:327)
	at org.apache.ratis.thirdparty.io.netty.channel.nio.AbstractNioChannel$AbstractNioUnsafe.finishConnect(AbstractNioChannel.java:340)
	at org.apache.ratis.thirdparty.io.netty.channel.nio.NioEventLoop.processSelectedKey(NioEventLoop.java:632)
	at org.apache.ratis.thirdparty.io.netty.channel.nio.NioEventLoop.processSelectedKeysOptimized(NioEventLoop.java:579)
	at org.apache.ratis.thirdparty.io.netty.channel.nio.NioEventLoop.processSelectedKeys(NioEventLoop.java:496)
	at org.apache.ratis.thirdparty.io.netty.channel.nio.NioEventLoop.run(NioEventLoop.java:458)
	at org.apache.ratis.thirdparty.io.netty.util.concurrent.SingleThreadEventExecutor$5.run(SingleThreadEventExecutor.java:897)
	at org.apache.ratis.thirdparty.io.netty.util.concurrent.FastThreadLocalRunnable.run(FastThreadLocalRunnable.java:30)
	... 1 more
Caused by: java.net.ConnectException: Connection refused
	... 11 more
2019-07-13 09:17:42,264 INFO  impl.LeaderElection (LeaderElection.java:logAndReturn(56)) - fcf6d4b8-506b-42b6-93f2-dcb5bcbe3b8d:group-FA5034E93053:LeaderElection78: Election REJECTED; received 0 response(s) [] and 2 exception(s); fcf6d4b8-506b-42b6-93f2-dcb5bcbe3b8d:t2, leader=null, voted=fcf6d4b8-506b-42b6-93f2-dcb5bcbe3b8d, raftlog=fcf6d4b8-506b-42b6-93f2-dcb5bcbe3b8d-SegmentedRaftLog:OPENED:c0,f0,i0, conf=0: [23c23bdb-c138-4b83-89f5-8b546d32104e:192.168.69.96:35637, fcf6d4b8-506b-42b6-93f2-dcb5bcbe3b8d:192.168.69.96:44346, 84ca7385-e608-43fb-87bd-3376edbb1672:192.168.69.96:36158], old=null
2019-07-13 09:17:42,264 INFO  impl.LeaderElection (LogUtils.java:infoOrTrace(149)) -   Exception 0: {}
java.util.concurrent.ExecutionException: org.apache.ratis.thirdparty.io.grpc.StatusRuntimeException: UNAVAILABLE: io exception
	at java.util.concurrent.FutureTask.report(FutureTask.java:122)
	at java.util.concurrent.FutureTask.get(FutureTask.java:192)
	at org.apache.ratis.server.impl.LeaderElection.waitForResults(LeaderElection.java:262)
	at org.apache.ratis.server.impl.LeaderElection.askForVotes(LeaderElection.java:200)
	at org.apache.ratis.server.impl.LeaderElection.run(LeaderElection.java:130)
	at java.lang.Thread.run(Thread.java:748)
Caused by: org.apache.ratis.thirdparty.io.grpc.StatusRuntimeException: UNAVAILABLE: io exception
	at org.apache.ratis.thirdparty.io.grpc.stub.ClientCalls.toStatusRuntimeException(ClientCalls.java:233)
	at org.apache.ratis.thirdparty.io.grpc.stub.ClientCalls.getUnchecked(ClientCalls.java:214)
	at org.apache.ratis.thirdparty.io.grpc.stub.ClientCalls.blockingUnaryCall(ClientCalls.java:139)
	at org.apache.ratis.proto.grpc.RaftServerProtocolServiceGrpc$RaftServerProtocolServiceBlockingStub.requestVote(RaftServerProtocolServiceGrpc.java:265)
	at org.apache.ratis.grpc.server.GrpcServerProtocolClient.requestVote(GrpcServerProtocolClient.java:83)
	at org.apache.ratis.grpc.server.GrpcService.requestVote(GrpcService.java:195)
	at org.apache.ratis.server.impl.LeaderElection.lambda$submitRequests$1(LeaderElection.java:237)
	at java.util.concurrent.FutureTask.run(FutureTask.java:266)
	at java.util.concurrent.Executors$RunnableAdapter.call(Executors.java:511)
	at java.util.concurrent.FutureTask.run(FutureTask.java:266)
	at java.util.concurrent.ThreadPoolExecutor.runWorker(ThreadPoolExecutor.java:1149)
	at java.util.concurrent.ThreadPoolExecutor$Worker.run(ThreadPoolExecutor.java:624)
	... 1 more
Caused by: org.apache.ratis.thirdparty.io.netty.channel.AbstractChannel$AnnotatedConnectException: Connection refused: /192.168.69.96:35637
	at sun.nio.ch.SocketChannelImpl.checkConnect(Native Method)
	at sun.nio.ch.SocketChannelImpl.finishConnect(SocketChannelImpl.java:717)
	at org.apache.ratis.thirdparty.io.netty.channel.socket.nio.NioSocketChannel.doFinishConnect(NioSocketChannel.java:327)
	at org.apache.ratis.thirdparty.io.netty.channel.nio.AbstractNioChannel$AbstractNioUnsafe.finishConnect(AbstractNioChannel.java:340)
	at org.apache.ratis.thirdparty.io.netty.channel.nio.NioEventLoop.processSelectedKey(NioEventLoop.java:632)
	at org.apache.ratis.thirdparty.io.netty.channel.nio.NioEventLoop.processSelectedKeysOptimized(NioEventLoop.java:579)
	at org.apache.ratis.thirdparty.io.netty.channel.nio.NioEventLoop.processSelectedKeys(NioEventLoop.java:496)
	at org.apache.ratis.thirdparty.io.netty.channel.nio.NioEventLoop.run(NioEventLoop.java:458)
	at org.apache.ratis.thirdparty.io.netty.util.concurrent.SingleThreadEventExecutor$5.run(SingleThreadEventExecutor.java:897)
	at org.apache.ratis.thirdparty.io.netty.util.concurrent.FastThreadLocalRunnable.run(FastThreadLocalRunnable.java:30)
	... 1 more
Caused by: java.net.ConnectException: Connection refused
	... 11 more
2019-07-13 09:17:42,264 INFO  impl.LeaderElection (LogUtils.java:infoOrTrace(149)) -   Exception 1: {}
java.util.concurrent.ExecutionException: org.apache.ratis.thirdparty.io.grpc.StatusRuntimeException: UNAVAILABLE: io exception
	at java.util.concurrent.FutureTask.report(FutureTask.java:122)
	at java.util.concurrent.FutureTask.get(FutureTask.java:192)
	at org.apache.ratis.server.impl.LeaderElection.waitForResults(LeaderElection.java:262)
	at org.apache.ratis.server.impl.LeaderElection.askForVotes(LeaderElection.java:200)
	at org.apache.ratis.server.impl.LeaderElection.run(LeaderElection.java:130)
	at java.lang.Thread.run(Thread.java:748)
Caused by: org.apache.ratis.thirdparty.io.grpc.StatusRuntimeException: UNAVAILABLE: io exception
	at org.apache.ratis.thirdparty.io.grpc.stub.ClientCalls.toStatusRuntimeException(ClientCalls.java:233)
	at org.apache.ratis.thirdparty.io.grpc.stub.ClientCalls.getUnchecked(ClientCalls.java:214)
	at org.apache.ratis.thirdparty.io.grpc.stub.ClientCalls.blockingUnaryCall(ClientCalls.java:139)
	at org.apache.ratis.proto.grpc.RaftServerProtocolServiceGrpc$RaftServerProtocolServiceBlockingStub.requestVote(RaftServerProtocolServiceGrpc.java:265)
	at org.apache.ratis.grpc.server.GrpcServerProtocolClient.requestVote(GrpcServerProtocolClient.java:83)
	at org.apache.ratis.grpc.server.GrpcService.requestVote(GrpcService.java:195)
	at org.apache.ratis.server.impl.LeaderElection.lambda$submitRequests$1(LeaderElection.java:237)
	at java.util.concurrent.FutureTask.run(FutureTask.java:266)
	at java.util.concurrent.Executors$RunnableAdapter.call(Executors.java:511)
	at java.util.concurrent.FutureTask.run(FutureTask.java:266)
	at java.util.concurrent.ThreadPoolExecutor.runWorker(ThreadPoolExecutor.java:1149)
	at java.util.concurrent.ThreadPoolExecutor$Worker.run(ThreadPoolExecutor.java:624)
	... 1 more
Caused by: org.apache.ratis.thirdparty.io.netty.channel.AbstractChannel$AnnotatedConnectException: Connection refused: /192.168.69.96:36158
	at sun.nio.ch.SocketChannelImpl.checkConnect(Native Method)
	at sun.nio.ch.SocketChannelImpl.finishConnect(SocketChannelImpl.java:717)
	at org.apache.ratis.thirdparty.io.netty.channel.socket.nio.NioSocketChannel.doFinishConnect(NioSocketChannel.java:327)
	at org.apache.ratis.thirdparty.io.netty.channel.nio.AbstractNioChannel$AbstractNioUnsafe.finishConnect(AbstractNioChannel.java:340)
	at org.apache.ratis.thirdparty.io.netty.channel.nio.NioEventLoop.processSelectedKey(NioEventLoop.java:632)
	at org.apache.ratis.thirdparty.io.netty.channel.nio.NioEventLoop.processSelectedKeysOptimized(NioEventLoop.java:579)
	at org.apache.ratis.thirdparty.io.netty.channel.nio.NioEventLoop.processSelectedKeys(NioEventLoop.java:496)
	at org.apache.ratis.thirdparty.io.netty.channel.nio.NioEventLoop.run(NioEventLoop.java:458)
	at org.apache.ratis.thirdparty.io.netty.util.concurrent.SingleThreadEventExecutor$5.run(SingleThreadEventExecutor.java:897)
	at org.apache.ratis.thirdparty.io.netty.util.concurrent.FastThreadLocalRunnable.run(FastThreadLocalRunnable.java:30)
	... 1 more
Caused by: java.net.ConnectException: Connection refused
	... 11 more
2019-07-13 09:17:42,265 INFO  impl.RaftServerImpl (RaftServerImpl.java:setRole(171)) - fcf6d4b8-506b-42b6-93f2-dcb5bcbe3b8d:group-FA5034E93053 changes role from CANDIDATE to FOLLOWER at term 2 for DISCOVERED_A_NEW_TERM
2019-07-13 09:17:42,265 INFO  impl.RoleInfo (RoleInfo.java:shutdownLeaderElection(134)) - fcf6d4b8-506b-42b6-93f2-dcb5bcbe3b8d: shutdown LeaderElection
2019-07-13 09:17:42,265 INFO  impl.RoleInfo (RoleInfo.java:updateAndGet(143)) - fcf6d4b8-506b-42b6-93f2-dcb5bcbe3b8d: start FollowerState
2019-07-13 09:17:44,247 INFO  node.StaleNodeHandler (StaleNodeHandler.java:onMessage(58)) - Datanode 21344e2b-dee5-4662-b70e-029b55df8245{ip: 192.168.69.96, host: trunk-nightly-hmp62-43275749, networkLocation: /default-rack, certSerialId: null} moved to stale state. Finalizing its pipelines [PipelineID=ec8b926d-fe48-4adc-9486-b8528e2afbb7]
2019-07-13 09:17:44,247 INFO  pipeline.SCMPipelineManager (SCMPipelineManager.java:finalizeAndDestroyPipeline(309)) - destroying pipeline:Pipeline[ Id: ec8b926d-fe48-4adc-9486-b8528e2afbb7, Nodes: 21344e2b-dee5-4662-b70e-029b55df8245{ip: 192.168.69.96, host: trunk-nightly-hmp62-43275749, networkLocation: /default-rack, certSerialId: null}, Type:RATIS, Factor:ONE, State:OPEN]
2019-07-13 09:17:44,247 INFO  pipeline.PipelineStateManager (PipelineStateManager.java:finalizePipeline(123)) - Pipeline Pipeline[ Id: ec8b926d-fe48-4adc-9486-b8528e2afbb7, Nodes: 21344e2b-dee5-4662-b70e-029b55df8245{ip: 192.168.69.96, host: trunk-nightly-hmp62-43275749, networkLocation: /default-rack, certSerialId: null}, Type:RATIS, Factor:ONE, State:CLOSED] moved to CLOSED state
2019-07-13 09:17:44,747 INFO  node.StaleNodeHandler (StaleNodeHandler.java:onMessage(58)) - Datanode 46d1ed4c-2327-4dbf-9133-f8bf3f2fab15{ip: 192.168.69.96, host: trunk-nightly-hmp62-43275749, networkLocation: /default-rack, certSerialId: null} moved to stale state. Finalizing its pipelines [PipelineID=e22db35d-9461-4082-baef-ea19a076acb4, PipelineID=9d4890c9-a5c7-4dd6-8329-017abb422fde]
2019-07-13 09:17:44,748 INFO  pipeline.SCMPipelineManager (SCMPipelineManager.java:finalizeAndDestroyPipeline(309)) - destroying pipeline:Pipeline[ Id: e22db35d-9461-4082-baef-ea19a076acb4, Nodes: 46d1ed4c-2327-4dbf-9133-f8bf3f2fab15{ip: 192.168.69.96, host: trunk-nightly-hmp62-43275749, networkLocation: /default-rack, certSerialId: null}63cd217a-0258-4f28-b228-e26ebd42505a{ip: 192.168.69.96, host: trunk-nightly-hmp62-43275749, networkLocation: /default-rack, certSerialId: null}db1cd3a5-8394-42bf-b811-7c7c73654225{ip: 192.168.69.96, host: trunk-nightly-hmp62-43275749, networkLocation: /default-rack, certSerialId: null}, Type:RATIS, Factor:THREE, State:CLOSED]
2019-07-13 09:17:44,748 INFO  pipeline.SCMPipelineManager (SCMPipelineManager.java:finalizeAndDestroyPipeline(309)) - destroying pipeline:Pipeline[ Id: 9d4890c9-a5c7-4dd6-8329-017abb422fde, Nodes: 46d1ed4c-2327-4dbf-9133-f8bf3f2fab15{ip: 192.168.69.96, host: trunk-nightly-hmp62-43275749, networkLocation: /default-rack, certSerialId: null}, Type:RATIS, Factor:ONE, State:OPEN]
2019-07-13 09:17:44,748 INFO  pipeline.PipelineStateManager (PipelineStateManager.java:finalizePipeline(123)) - Pipeline Pipeline[ Id: 9d4890c9-a5c7-4dd6-8329-017abb422fde, Nodes: 46d1ed4c-2327-4dbf-9133-f8bf3f2fab15{ip: 192.168.69.96, host: trunk-nightly-hmp62-43275749, networkLocation: /default-rack, certSerialId: null}, Type:RATIS, Factor:ONE, State:CLOSED] moved to CLOSED state
2019-07-13 09:17:45,064 INFO  ozoneimpl.OzoneContainer (OzoneContainer.java:stop(199)) - Attempting to stop container services.
2019-07-13 09:17:45,065 INFO  ozoneimpl.OzoneContainer (OzoneContainer.java:stop(199)) - Attempting to stop container services.
2019-07-13 09:17:45,065 INFO  impl.RaftServerProxy (RaftServerProxy.java:lambda$close$4(314)) - 46d1ed4c-2327-4dbf-9133-f8bf3f2fab15: close
2019-07-13 09:17:45,065 INFO  impl.RaftServerProxy (RaftServerProxy.java:lambda$close$4(314)) - 21344e2b-dee5-4662-b70e-029b55df8245: close
2019-07-13 09:17:45,066 INFO  impl.RaftServerImpl (RaftServerImpl.java:lambda$shutdown$3(245)) - 46d1ed4c-2327-4dbf-9133-f8bf3f2fab15: shutdown group-EA19A076ACB4
2019-07-13 09:17:45,066 INFO  impl.RaftServerImpl (RaftServerImpl.java:lambda$shutdown$3(245)) - 21344e2b-dee5-4662-b70e-029b55df8245: shutdown group-B8528E2AFBB7
2019-07-13 09:17:45,066 INFO  util.JmxRegister (JmxRegister.java:unregister(73)) - Successfully un-registered JMX Bean with object name Ratis:service=RaftServer,group=group-EA19A076ACB4,id=46d1ed4c-2327-4dbf-9133-f8bf3f2fab15
2019-07-13 09:17:45,067 INFO  util.JmxRegister (JmxRegister.java:unregister(73)) - Successfully un-registered JMX Bean with object name Ratis:service=RaftServer,group=group-B8528E2AFBB7,id=21344e2b-dee5-4662-b70e-029b55df8245
2019-07-13 09:17:45,067 INFO  impl.RoleInfo (RoleInfo.java:shutdownFollowerState(121)) - 46d1ed4c-2327-4dbf-9133-f8bf3f2fab15: shutdown FollowerState
2019-07-13 09:17:45,067 INFO  impl.RoleInfo (RoleInfo.java:shutdownLeaderState(104)) - 21344e2b-dee5-4662-b70e-029b55df8245: shutdown LeaderState
2019-07-13 09:17:45,068 INFO  ratis.ContainerStateMachine (ContainerStateMachine.java:takeSnapshot(246)) - Taking snapshot at termIndex:(t:1, i:11)
2019-07-13 09:17:45,068 INFO  ratis.ContainerStateMachine (ContainerStateMachine.java:takeSnapshot(250)) - Taking a snapshot to file /tmp/workdir/hadoop-ozone/integration-test/target/test-dir/MiniOzoneClusterImpl-a27e8836-a1ea-400b-8a52-a5991d85b080/datanode-0/data/ratis/e22db35d-9461-4082-baef-ea19a076acb4/sm/snapshot.1_11
2019-07-13 09:17:45,068 INFO  impl.FollowerState (FollowerState.java:run(114)) - 46d1ed4c-2327-4dbf-9133-f8bf3f2fab15: FollowerState was interrupted: java.lang.InterruptedException: sleep interrupted
2019-07-13 09:17:45,068 INFO  impl.StateMachineUpdater (StateMachineUpdater.java:stopAndJoin(115)) - StateMachineUpdater:46d1ed4c-2327-4dbf-9133-f8bf3f2fab15:group-EA19A076ACB4: set stopIndex = 14
2019-07-13 09:17:45,071 INFO  impl.StateMachineUpdater (StateMachineUpdater.java:takeSnapshot(242)) - StateMachineUpdater:46d1ed4c-2327-4dbf-9133-f8bf3f2fab15:group-EA19A076ACB4: Took a snapshot at index 11
2019-07-13 09:17:45,072 INFO  impl.StateMachineUpdater (StateMachineUpdater.java:lambda$new$0(80)) - StateMachineUpdater:46d1ed4c-2327-4dbf-9133-f8bf3f2fab15:group-EA19A076ACB4: snapshotIndex: updateIncreasingly -1 -> 11
2019-07-13 09:17:45,068 INFO  impl.PendingRequests (PendingRequests.java:sendNotLeaderResponses(202)) - 21344e2b-dee5-4662-b70e-029b55df8245-PendingRequests: sendNotLeaderResponses
2019-07-13 09:17:45,072 INFO  impl.RaftServerImpl (ServerState.java:close(394)) - 46d1ed4c-2327-4dbf-9133-f8bf3f2fab15:group-EA19A076ACB4 closes. The last applied log index is 14
2019-07-13 09:17:45,072 INFO  ratis.ContainerStateMachine (ContainerStateMachine.java:takeSnapshot(246)) - Taking snapshot at termIndex:(t:0, i:~)
2019-07-13 09:17:45,072 INFO  impl.StateMachineUpdater (StateMachineUpdater.java:stopAndJoin(115)) - StateMachineUpdater:21344e2b-dee5-4662-b70e-029b55df8245:group-B8528E2AFBB7: set stopIndex = 0
2019-07-13 09:17:45,073 INFO  impl.RaftServerImpl (ServerState.java:close(394)) - 21344e2b-dee5-4662-b70e-029b55df8245:group-B8528E2AFBB7 closes. The last applied log index is 0
2019-07-13 09:17:45,073 INFO  segmented.SegmentedRaftLogWorker (SegmentedRaftLogWorker.java:run(313)) - 46d1ed4c-2327-4dbf-9133-f8bf3f2fab15-SegmentedRaftLogWorker:Storage Directory /tmp/workdir/hadoop-ozone/integration-test/target/test-dir/MiniOzoneClusterImpl-a27e8836-a1ea-400b-8a52-a5991d85b080/datanode-0/data/ratis/e22db35d-9461-4082-baef-ea19a076acb4 was interrupted, exiting. There are 0 tasks remaining in the queue.
2019-07-13 09:17:45,074 INFO  segmented.SegmentedRaftLogWorker (SegmentedRaftLogWorker.java:run(313)) - 21344e2b-dee5-4662-b70e-029b55df8245-SegmentedRaftLogWorker:Storage Directory /tmp/workdir/hadoop-ozone/integration-test/target/test-dir/MiniOzoneClusterImpl-a27e8836-a1ea-400b-8a52-a5991d85b080/datanode-6/data/ratis/ec8b926d-fe48-4adc-9486-b8528e2afbb7 was interrupted, exiting. There are 0 tasks remaining in the queue.
2019-07-13 09:17:45,076 INFO  segmented.SegmentedRaftLogWorker (SegmentedRaftLogWorker.java:close(228)) - 46d1ed4c-2327-4dbf-9133-f8bf3f2fab15-SegmentedRaftLogWorker:Storage Directory /tmp/workdir/hadoop-ozone/integration-test/target/test-dir/MiniOzoneClusterImpl-a27e8836-a1ea-400b-8a52-a5991d85b080/datanode-0/data/ratis/e22db35d-9461-4082-baef-ea19a076acb4 close()
2019-07-13 09:17:45,076 INFO  segmented.SegmentedRaftLogWorker (SegmentedRaftLogWorker.java:close(228)) - 21344e2b-dee5-4662-b70e-029b55df8245-SegmentedRaftLogWorker:Storage Directory /tmp/workdir/hadoop-ozone/integration-test/target/test-dir/MiniOzoneClusterImpl-a27e8836-a1ea-400b-8a52-a5991d85b080/datanode-6/data/ratis/ec8b926d-fe48-4adc-9486-b8528e2afbb7 close()
2019-07-13 09:17:45,078 INFO  impl.RaftServerImpl (RaftServerImpl.java:lambda$shutdown$3(245)) - 46d1ed4c-2327-4dbf-9133-f8bf3f2fab15: shutdown group-017ABB422FDE
2019-07-13 09:17:45,080 INFO  server.GrpcService (GrpcService.java:closeImpl(155)) - 21344e2b-dee5-4662-b70e-029b55df8245: shutdown server with port 35953 now
2019-07-13 09:17:45,080 INFO  util.JmxRegister (JmxRegister.java:unregister(73)) - Successfully un-registered JMX Bean with object name Ratis:service=RaftServer,group=group-017ABB422FDE,id=46d1ed4c-2327-4dbf-9133-f8bf3f2fab15
2019-07-13 09:17:45,082 INFO  impl.RoleInfo (RoleInfo.java:shutdownLeaderState(104)) - 46d1ed4c-2327-4dbf-9133-f8bf3f2fab15: shutdown LeaderState
2019-07-13 09:17:45,082 INFO  server.GrpcService (GrpcService.java:closeImpl(163)) - 21344e2b-dee5-4662-b70e-029b55df8245: shutdown server with port 35953 successfully
2019-07-13 09:17:45,083 INFO  impl.PendingRequests (PendingRequests.java:sendNotLeaderResponses(202)) - 46d1ed4c-2327-4dbf-9133-f8bf3f2fab15-PendingRequests: sendNotLeaderResponses
2019-07-13 09:17:45,084 INFO  impl.StateMachineUpdater (StateMachineUpdater.java:stopAndJoin(115)) - StateMachineUpdater:46d1ed4c-2327-4dbf-9133-f8bf3f2fab15:group-017ABB422FDE: set stopIndex = 0
2019-07-13 09:17:45,084 INFO  ratis.ContainerStateMachine (ContainerStateMachine.java:takeSnapshot(246)) - Taking snapshot at termIndex:(t:0, i:~)
2019-07-13 09:17:45,084 INFO  impl.RaftServerImpl (ServerState.java:close(394)) - 46d1ed4c-2327-4dbf-9133-f8bf3f2fab15:group-017ABB422FDE closes. The last applied log index is 0
2019-07-13 09:17:45,085 INFO  segmented.SegmentedRaftLogWorker (SegmentedRaftLogWorker.java:run(313)) - 46d1ed4c-2327-4dbf-9133-f8bf3f2fab15-SegmentedRaftLogWorker:Storage Directory /tmp/workdir/hadoop-ozone/integration-test/target/test-dir/MiniOzoneClusterImpl-a27e8836-a1ea-400b-8a52-a5991d85b080/datanode-0/data/ratis/9d4890c9-a5c7-4dd6-8329-017abb422fde was interrupted, exiting. There are 0 tasks remaining in the queue.
2019-07-13 09:17:45,085 INFO  utils.BackgroundService (BackgroundService.java:shutdown(148)) - Shutting down service BlockDeletingService
2019-07-13 09:17:45,087 INFO  segmented.SegmentedRaftLogWorker (SegmentedRaftLogWorker.java:close(228)) - 46d1ed4c-2327-4dbf-9133-f8bf3f2fab15-SegmentedRaftLogWorker:Storage Directory /tmp/workdir/hadoop-ozone/integration-test/target/test-dir/MiniOzoneClusterImpl-a27e8836-a1ea-400b-8a52-a5991d85b080/datanode-0/data/ratis/9d4890c9-a5c7-4dd6-8329-017abb422fde close()
2019-07-13 09:17:45,090 INFO  server.GrpcService (GrpcService.java:closeImpl(155)) - 46d1ed4c-2327-4dbf-9133-f8bf3f2fab15: shutdown server with port 33435 now
2019-07-13 09:17:45,090 WARN  fs.CachingGetSpaceUsed (CachingGetSpaceUsed.java:run(183)) - Thread Interrupted waiting to refresh disk information: sleep interrupted
2019-07-13 09:17:45,091 INFO  server.GrpcService (GrpcService.java:closeImpl(163)) - 46d1ed4c-2327-4dbf-9133-f8bf3f2fab15: shutdown server with port 33435 successfully
2019-07-13 09:17:45,097 INFO  utils.BackgroundService (BackgroundService.java:shutdown(148)) - Shutting down service BlockDeletingService
2019-07-13 09:17:45,098 WARN  fs.CachingGetSpaceUsed (CachingGetSpaceUsed.java:run(183)) - Thread Interrupted waiting to refresh disk information: sleep interrupted
2019-07-13 09:17:45,111 INFO  statemachine.DatanodeStateMachine (DatanodeStateMachine.java:stopDaemon(395)) - Ozone container server stopped.
2019-07-13 09:17:45,124 INFO  statemachine.DatanodeStateMachine (DatanodeStateMachine.java:stopDaemon(395)) - Ozone container server stopped.
2019-07-13 09:17:45,126 INFO  handler.ContextHandler (ContextHandler.java:doStop(910)) - Stopped o.e.j.w.WebAppContext@199dee18{/,null,UNAVAILABLE}{/hddsDatanode}
2019-07-13 09:17:45,128 INFO  handler.ContextHandler (ContextHandler.java:doStop(910)) - Stopped o.e.j.w.WebAppContext@1e8fd198{/,null,UNAVAILABLE}{/hddsDatanode}
2019-07-13 09:17:45,128 INFO  server.AbstractConnector (AbstractConnector.java:doStop(318)) - Stopped ServerConnector@521d455c{HTTP/1.1,[http/1.1]}{0.0.0.0:0}
2019-07-13 09:17:45,129 INFO  server.AbstractConnector (AbstractConnector.java:doStop(318)) - Stopped ServerConnector@4f75c627{HTTP/1.1,[http/1.1]}{0.0.0.0:0}
2019-07-13 09:17:45,129 INFO  handler.ContextHandler (ContextHandler.java:doStop(910)) - Stopped o.e.j.s.ServletContextHandler@23d16a81{/static,jar:file:/home/user/.m2/repository/org/apache/hadoop/hadoop-hdds-container-service/0.5.0-SNAPSHOT/hadoop-hdds-container-service-0.5.0-SNAPSHOT.jar!/webapps/static,UNAVAILABLE}
2019-07-13 09:17:45,129 INFO  handler.ContextHandler (ContextHandler.java:doStop(910)) - Stopped o.e.j.s.ServletContextHandler@318d69ea{/static,jar:file:/home/user/.m2/repository/org/apache/hadoop/hadoop-hdds-container-service/0.5.0-SNAPSHOT/hadoop-hdds-container-service-0.5.0-SNAPSHOT.jar!/webapps/static,UNAVAILABLE}
2019-07-13 09:17:45,129 INFO  handler.ContextHandler (ContextHandler.java:doStop(910)) - Stopped o.e.j.s.ServletContextHandler@55d607b{/logs,file:///tmp/workdir/hadoop-ozone/integration-test/target/log,UNAVAILABLE}
2019-07-13 09:17:45,130 INFO  handler.ContextHandler (ContextHandler.java:doStop(910)) - Stopped o.e.j.s.ServletContextHandler@50479c2b{/logs,file:///tmp/workdir/hadoop-ozone/integration-test/target/log,UNAVAILABLE}
2019-07-13 09:17:45,131 INFO  datanode.ObjectStoreHandler (ObjectStoreHandler.java:close(155)) - Closing ObjectStoreHandler.
2019-07-13 09:17:45,131 INFO  ozone.HddsDatanodeService (HddsDatanodeService.java:stop(452)) - Stopped plug-in org.apache.hadoop.ozone.web.OzoneHddsDatanodeService@2fc378cd
2019-07-13 09:17:45,844 INFO  statemachine.DatanodeStateMachine (DatanodeStateMachine.java:lambda$startDaemon$0(350)) - Ozone container server started.
2019-07-13 09:17:47,300 INFO  impl.FollowerState (FollowerState.java:run(106)) - fcf6d4b8-506b-42b6-93f2-dcb5bcbe3b8d:group-FA5034E93053 changes to CANDIDATE, lastRpcTime:5035, electionTimeout:5035ms
2019-07-13 09:17:47,301 INFO  impl.RoleInfo (RoleInfo.java:shutdownFollowerState(121)) - fcf6d4b8-506b-42b6-93f2-dcb5bcbe3b8d: shutdown FollowerState
2019-07-13 09:17:47,301 INFO  impl.RaftServerImpl (RaftServerImpl.java:setRole(171)) - fcf6d4b8-506b-42b6-93f2-dcb5bcbe3b8d:group-FA5034E93053 changes role from FOLLOWER to CANDIDATE at term 2 for changeToCandidate
2019-07-13 09:17:47,301 INFO  impl.RoleInfo (RoleInfo.java:updateAndGet(143)) - fcf6d4b8-506b-42b6-93f2-dcb5bcbe3b8d: start LeaderElection
2019-07-13 09:17:47,319 INFO  impl.LeaderElection (LeaderElection.java:askForVotes(181)) - fcf6d4b8-506b-42b6-93f2-dcb5bcbe3b8d:group-FA5034E93053:LeaderElection79: begin an election at term 3 for 0: [23c23bdb-c138-4b83-89f5-8b546d32104e:192.168.69.96:35637, fcf6d4b8-506b-42b6-93f2-dcb5bcbe3b8d:192.168.69.96:44346, 84ca7385-e608-43fb-87bd-3376edbb1672:192.168.69.96:36158], old=null
2019-07-13 09:17:47,320 INFO  impl.LeaderElection (LogUtils.java:infoOrTrace(149)) - fcf6d4b8-506b-42b6-93f2-dcb5bcbe3b8d:group-FA5034E93053:LeaderElection79 got exception when requesting votes: {}
java.util.concurrent.ExecutionException: org.apache.ratis.thirdparty.io.grpc.StatusRuntimeException: UNAVAILABLE: io exception
	at java.util.concurrent.FutureTask.report(FutureTask.java:122)
	at java.util.concurrent.FutureTask.get(FutureTask.java:192)
	at org.apache.ratis.server.impl.LeaderElection.waitForResults(LeaderElection.java:262)
	at org.apache.ratis.server.impl.LeaderElection.askForVotes(LeaderElection.java:200)
	at org.apache.ratis.server.impl.LeaderElection.run(LeaderElection.java:130)
	at java.lang.Thread.run(Thread.java:748)
Caused by: org.apache.ratis.thirdparty.io.grpc.StatusRuntimeException: UNAVAILABLE: io exception
	at org.apache.ratis.thirdparty.io.grpc.stub.ClientCalls.toStatusRuntimeException(ClientCalls.java:233)
	at org.apache.ratis.thirdparty.io.grpc.stub.ClientCalls.getUnchecked(ClientCalls.java:214)
	at org.apache.ratis.thirdparty.io.grpc.stub.ClientCalls.blockingUnaryCall(ClientCalls.java:139)
	at org.apache.ratis.proto.grpc.RaftServerProtocolServiceGrpc$RaftServerProtocolServiceBlockingStub.requestVote(RaftServerProtocolServiceGrpc.java:265)
	at org.apache.ratis.grpc.server.GrpcServerProtocolClient.requestVote(GrpcServerProtocolClient.java:83)
	at org.apache.ratis.grpc.server.GrpcService.requestVote(GrpcService.java:195)
	at org.apache.ratis.server.impl.LeaderElection.lambda$submitRequests$1(LeaderElection.java:237)
	at java.util.concurrent.FutureTask.run(FutureTask.java:266)
	at java.util.concurrent.Executors$RunnableAdapter.call(Executors.java:511)
	at java.util.concurrent.FutureTask.run(FutureTask.java:266)
	at java.util.concurrent.ThreadPoolExecutor.runWorker(ThreadPoolExecutor.java:1149)
	at java.util.concurrent.ThreadPoolExecutor$Worker.run(ThreadPoolExecutor.java:624)
	... 1 more
Caused by: org.apache.ratis.thirdparty.io.netty.channel.AbstractChannel$AnnotatedConnectException: Connection refused: /192.168.69.96:35637
	at sun.nio.ch.SocketChannelImpl.checkConnect(Native Method)
	at sun.nio.ch.SocketChannelImpl.finishConnect(SocketChannelImpl.java:717)
	at org.apache.ratis.thirdparty.io.netty.channel.socket.nio.NioSocketChannel.doFinishConnect(NioSocketChannel.java:327)
	at org.apache.ratis.thirdparty.io.netty.channel.nio.AbstractNioChannel$AbstractNioUnsafe.finishConnect(AbstractNioChannel.java:340)
	at org.apache.ratis.thirdparty.io.netty.channel.nio.NioEventLoop.processSelectedKey(NioEventLoop.java:632)
	at org.apache.ratis.thirdparty.io.netty.channel.nio.NioEventLoop.processSelectedKeysOptimized(NioEventLoop.java:579)
	at org.apache.ratis.thirdparty.io.netty.channel.nio.NioEventLoop.processSelectedKeys(NioEventLoop.java:496)
	at org.apache.ratis.thirdparty.io.netty.channel.nio.NioEventLoop.run(NioEventLoop.java:458)
	at org.apache.ratis.thirdparty.io.netty.util.concurrent.SingleThreadEventExecutor$5.run(SingleThreadEventExecutor.java:897)
	at org.apache.ratis.thirdparty.io.netty.util.concurrent.FastThreadLocalRunnable.run(FastThreadLocalRunnable.java:30)
	... 1 more
Caused by: java.net.ConnectException: Connection refused
	... 11 more
2019-07-13 09:17:47,322 INFO  impl.LeaderElection (LogUtils.java:infoOrTrace(149)) - fcf6d4b8-506b-42b6-93f2-dcb5bcbe3b8d:group-FA5034E93053:LeaderElection79 got exception when requesting votes: {}
java.util.concurrent.ExecutionException: org.apache.ratis.thirdparty.io.grpc.StatusRuntimeException: UNAVAILABLE: io exception
	at java.util.concurrent.FutureTask.report(FutureTask.java:122)
	at java.util.concurrent.FutureTask.get(FutureTask.java:192)
	at org.apache.ratis.server.impl.LeaderElection.waitForResults(LeaderElection.java:262)
	at org.apache.ratis.server.impl.LeaderElection.askForVotes(LeaderElection.java:200)
	at org.apache.ratis.server.impl.LeaderElection.run(LeaderElection.java:130)
	at java.lang.Thread.run(Thread.java:748)
Caused by: org.apache.ratis.thirdparty.io.grpc.StatusRuntimeException: UNAVAILABLE: io exception
	at org.apache.ratis.thirdparty.io.grpc.stub.ClientCalls.toStatusRuntimeException(ClientCalls.java:233)
	at org.apache.ratis.thirdparty.io.grpc.stub.ClientCalls.getUnchecked(ClientCalls.java:214)
	at org.apache.ratis.thirdparty.io.grpc.stub.ClientCalls.blockingUnaryCall(ClientCalls.java:139)
	at org.apache.ratis.proto.grpc.RaftServerProtocolServiceGrpc$RaftServerProtocolServiceBlockingStub.requestVote(RaftServerProtocolServiceGrpc.java:265)
	at org.apache.ratis.grpc.server.GrpcServerProtocolClient.requestVote(GrpcServerProtocolClient.java:83)
	at org.apache.ratis.grpc.server.GrpcService.requestVote(GrpcService.java:195)
	at org.apache.ratis.server.impl.LeaderElection.lambda$submitRequests$1(LeaderElection.java:237)
	at java.util.concurrent.FutureTask.run(FutureTask.java:266)
	at java.util.concurrent.Executors$RunnableAdapter.call(Executors.java:511)
	at java.util.concurrent.FutureTask.run(FutureTask.java:266)
	at java.util.concurrent.ThreadPoolExecutor.runWorker(ThreadPoolExecutor.java:1149)
	at java.util.concurrent.ThreadPoolExecutor$Worker.run(ThreadPoolExecutor.java:624)
	... 1 more
Caused by: org.apache.ratis.thirdparty.io.netty.channel.AbstractChannel$AnnotatedConnectException: Connection refused: /192.168.69.96:36158
	at sun.nio.ch.SocketChannelImpl.checkConnect(Native Method)
	at sun.nio.ch.SocketChannelImpl.finishConnect(SocketChannelImpl.java:717)
	at org.apache.ratis.thirdparty.io.netty.channel.socket.nio.NioSocketChannel.doFinishConnect(NioSocketChannel.java:327)
	at org.apache.ratis.thirdparty.io.netty.channel.nio.AbstractNioChannel$AbstractNioUnsafe.finishConnect(AbstractNioChannel.java:340)
	at org.apache.ratis.thirdparty.io.netty.channel.nio.NioEventLoop.processSelectedKey(NioEventLoop.java:632)
	at org.apache.ratis.thirdparty.io.netty.channel.nio.NioEventLoop.processSelectedKeysOptimized(NioEventLoop.java:579)
	at org.apache.ratis.thirdparty.io.netty.channel.nio.NioEventLoop.processSelectedKeys(NioEventLoop.java:496)
	at org.apache.ratis.thirdparty.io.netty.channel.nio.NioEventLoop.run(NioEventLoop.java:458)
	at org.apache.ratis.thirdparty.io.netty.util.concurrent.SingleThreadEventExecutor$5.run(SingleThreadEventExecutor.java:897)
	at org.apache.ratis.thirdparty.io.netty.util.concurrent.FastThreadLocalRunnable.run(FastThreadLocalRunnable.java:30)
	... 1 more
Caused by: java.net.ConnectException: Connection refused
	... 11 more
2019-07-13 09:17:47,324 INFO  impl.LeaderElection (LeaderElection.java:logAndReturn(56)) - fcf6d4b8-506b-42b6-93f2-dcb5bcbe3b8d:group-FA5034E93053:LeaderElection79: Election REJECTED; received 0 response(s) [] and 2 exception(s); fcf6d4b8-506b-42b6-93f2-dcb5bcbe3b8d:t3, leader=null, voted=fcf6d4b8-506b-42b6-93f2-dcb5bcbe3b8d, raftlog=fcf6d4b8-506b-42b6-93f2-dcb5bcbe3b8d-SegmentedRaftLog:OPENED:c0,f0,i0, conf=0: [23c23bdb-c138-4b83-89f5-8b546d32104e:192.168.69.96:35637, fcf6d4b8-506b-42b6-93f2-dcb5bcbe3b8d:192.168.69.96:44346, 84ca7385-e608-43fb-87bd-3376edbb1672:192.168.69.96:36158], old=null
2019-07-13 09:17:47,324 INFO  impl.LeaderElection (LogUtils.java:infoOrTrace(149)) -   Exception 0: {}
java.util.concurrent.ExecutionException: org.apache.ratis.thirdparty.io.grpc.StatusRuntimeException: UNAVAILABLE: io exception
	at java.util.concurrent.FutureTask.report(FutureTask.java:122)
	at java.util.concurrent.FutureTask.get(FutureTask.java:192)
	at org.apache.ratis.server.impl.LeaderElection.waitForResults(LeaderElection.java:262)
	at org.apache.ratis.server.impl.LeaderElection.askForVotes(LeaderElection.java:200)
	at org.apache.ratis.server.impl.LeaderElection.run(LeaderElection.java:130)
	at java.lang.Thread.run(Thread.java:748)
Caused by: org.apache.ratis.thirdparty.io.grpc.StatusRuntimeException: UNAVAILABLE: io exception
	at org.apache.ratis.thirdparty.io.grpc.stub.ClientCalls.toStatusRuntimeException(ClientCalls.java:233)
	at org.apache.ratis.thirdparty.io.grpc.stub.ClientCalls.getUnchecked(ClientCalls.java:214)
	at org.apache.ratis.thirdparty.io.grpc.stub.ClientCalls.blockingUnaryCall(ClientCalls.java:139)
	at org.apache.ratis.proto.grpc.RaftServerProtocolServiceGrpc$RaftServerProtocolServiceBlockingStub.requestVote(RaftServerProtocolServiceGrpc.java:265)
	at org.apache.ratis.grpc.server.GrpcServerProtocolClient.requestVote(GrpcServerProtocolClient.java:83)
	at org.apache.ratis.grpc.server.GrpcService.requestVote(GrpcService.java:195)
	at org.apache.ratis.server.impl.LeaderElection.lambda$submitRequests$1(LeaderElection.java:237)
	at java.util.concurrent.FutureTask.run(FutureTask.java:266)
	at java.util.concurrent.Executors$RunnableAdapter.call(Executors.java:511)
	at java.util.concurrent.FutureTask.run(FutureTask.java:266)
	at java.util.concurrent.ThreadPoolExecutor.runWorker(ThreadPoolExecutor.java:1149)
	at java.util.concurrent.ThreadPoolExecutor$Worker.run(ThreadPoolExecutor.java:624)
	... 1 more
Caused by: org.apache.ratis.thirdparty.io.netty.channel.AbstractChannel$AnnotatedConnectException: Connection refused: /192.168.69.96:35637
	at sun.nio.ch.SocketChannelImpl.checkConnect(Native Method)
	at sun.nio.ch.SocketChannelImpl.finishConnect(SocketChannelImpl.java:717)
	at org.apache.ratis.thirdparty.io.netty.channel.socket.nio.NioSocketChannel.doFinishConnect(NioSocketChannel.java:327)
	at org.apache.ratis.thirdparty.io.netty.channel.nio.AbstractNioChannel$AbstractNioUnsafe.finishConnect(AbstractNioChannel.java:340)
	at org.apache.ratis.thirdparty.io.netty.channel.nio.NioEventLoop.processSelectedKey(NioEventLoop.java:632)
	at org.apache.ratis.thirdparty.io.netty.channel.nio.NioEventLoop.processSelectedKeysOptimized(NioEventLoop.java:579)
	at org.apache.ratis.thirdparty.io.netty.channel.nio.NioEventLoop.processSelectedKeys(NioEventLoop.java:496)
	at org.apache.ratis.thirdparty.io.netty.channel.nio.NioEventLoop.run(NioEventLoop.java:458)
	at org.apache.ratis.thirdparty.io.netty.util.concurrent.SingleThreadEventExecutor$5.run(SingleThreadEventExecutor.java:897)
	at org.apache.ratis.thirdparty.io.netty.util.concurrent.FastThreadLocalRunnable.run(FastThreadLocalRunnable.java:30)
	... 1 more
Caused by: java.net.ConnectException: Connection refused
	... 11 more
2019-07-13 09:17:47,324 INFO  impl.LeaderElection (LogUtils.java:infoOrTrace(149)) -   Exception 1: {}
java.util.concurrent.ExecutionException: org.apache.ratis.thirdparty.io.grpc.StatusRuntimeException: UNAVAILABLE: io exception
	at java.util.concurrent.FutureTask.report(FutureTask.java:122)
	at java.util.concurrent.FutureTask.get(FutureTask.java:192)
	at org.apache.ratis.server.impl.LeaderElection.waitForResults(LeaderElection.java:262)
	at org.apache.ratis.server.impl.LeaderElection.askForVotes(LeaderElection.java:200)
	at org.apache.ratis.server.impl.LeaderElection.run(LeaderElection.java:130)
	at java.lang.Thread.run(Thread.java:748)
Caused by: org.apache.ratis.thirdparty.io.grpc.StatusRuntimeException: UNAVAILABLE: io exception
	at org.apache.ratis.thirdparty.io.grpc.stub.ClientCalls.toStatusRuntimeException(ClientCalls.java:233)
	at org.apache.ratis.thirdparty.io.grpc.stub.ClientCalls.getUnchecked(ClientCalls.java:214)
	at org.apache.ratis.thirdparty.io.grpc.stub.ClientCalls.blockingUnaryCall(ClientCalls.java:139)
	at org.apache.ratis.proto.grpc.RaftServerProtocolServiceGrpc$RaftServerProtocolServiceBlockingStub.requestVote(RaftServerProtocolServiceGrpc.java:265)
	at org.apache.ratis.grpc.server.GrpcServerProtocolClient.requestVote(GrpcServerProtocolClient.java:83)
	at org.apache.ratis.grpc.server.GrpcService.requestVote(GrpcService.java:195)
	at org.apache.ratis.server.impl.LeaderElection.lambda$submitRequests$1(LeaderElection.java:237)
	at java.util.concurrent.FutureTask.run(FutureTask.java:266)
	at java.util.concurrent.Executors$RunnableAdapter.call(Executors.java:511)
	at java.util.concurrent.FutureTask.run(FutureTask.java:266)
	at java.util.concurrent.ThreadPoolExecutor.runWorker(ThreadPoolExecutor.java:1149)
	at java.util.concurrent.ThreadPoolExecutor$Worker.run(ThreadPoolExecutor.java:624)
	... 1 more
Caused by: org.apache.ratis.thirdparty.io.netty.channel.AbstractChannel$AnnotatedConnectException: Connection refused: /192.168.69.96:36158
	at sun.nio.ch.SocketChannelImpl.checkConnect(Native Method)
	at sun.nio.ch.SocketChannelImpl.finishConnect(SocketChannelImpl.java:717)
	at org.apache.ratis.thirdparty.io.netty.channel.socket.nio.NioSocketChannel.doFinishConnect(NioSocketChannel.java:327)
	at org.apache.ratis.thirdparty.io.netty.channel.nio.AbstractNioChannel$AbstractNioUnsafe.finishConnect(AbstractNioChannel.java:340)
	at org.apache.ratis.thirdparty.io.netty.channel.nio.NioEventLoop.processSelectedKey(NioEventLoop.java:632)
	at org.apache.ratis.thirdparty.io.netty.channel.nio.NioEventLoop.processSelectedKeysOptimized(NioEventLoop.java:579)
	at org.apache.ratis.thirdparty.io.netty.channel.nio.NioEventLoop.processSelectedKeys(NioEventLoop.java:496)
	at org.apache.ratis.thirdparty.io.netty.channel.nio.NioEventLoop.run(NioEventLoop.java:458)
	at org.apache.ratis.thirdparty.io.netty.util.concurrent.SingleThreadEventExecutor$5.run(SingleThreadEventExecutor.java:897)
	at org.apache.ratis.thirdparty.io.netty.util.concurrent.FastThreadLocalRunnable.run(FastThreadLocalRunnable.java:30)
	... 1 more
Caused by: java.net.ConnectException: Connection refused
	... 11 more
2019-07-13 09:17:47,325 INFO  impl.RaftServerImpl (RaftServerImpl.java:setRole(171)) - fcf6d4b8-506b-42b6-93f2-dcb5bcbe3b8d:group-FA5034E93053 changes role from CANDIDATE to FOLLOWER at term 3 for DISCOVERED_A_NEW_TERM
2019-07-13 09:17:47,325 INFO  impl.RoleInfo (RoleInfo.java:shutdownLeaderElection(134)) - fcf6d4b8-506b-42b6-93f2-dcb5bcbe3b8d: shutdown LeaderElection
2019-07-13 09:17:47,325 INFO  impl.RoleInfo (RoleInfo.java:updateAndGet(143)) - fcf6d4b8-506b-42b6-93f2-dcb5bcbe3b8d: start FollowerState
2019-07-13 09:17:49,854 INFO  node.StaleNodeHandler (StaleNodeHandler.java:onMessage(58)) - Datanode fcf6d4b8-506b-42b6-93f2-dcb5bcbe3b8d{ip: 192.168.69.96, host: trunk-nightly-hmp62-43275749, networkLocation: /default-rack, certSerialId: null} moved to stale state. Finalizing its pipelines [PipelineID=c193916d-813e-4def-a346-fa5034e93053, PipelineID=1000c677-a0ef-427c-946c-0f294c427f04]
2019-07-13 09:17:49,854 INFO  pipeline.SCMPipelineManager (SCMPipelineManager.java:finalizeAndDestroyPipeline(309)) - destroying pipeline:Pipeline[ Id: c193916d-813e-4def-a346-fa5034e93053, Nodes: fcf6d4b8-506b-42b6-93f2-dcb5bcbe3b8d{ip: 192.168.69.96, host: trunk-nightly-hmp62-43275749, networkLocation: /default-rack, certSerialId: null}84ca7385-e608-43fb-87bd-3376edbb1672{ip: 192.168.69.96, host: trunk-nightly-hmp62-43275749, networkLocation: /default-rack, certSerialId: null}23c23bdb-c138-4b83-89f5-8b546d32104e{ip: 192.168.69.96, host: trunk-nightly-hmp62-43275749, networkLocation: /default-rack, certSerialId: null}, Type:RATIS, Factor:THREE, State:CLOSED]
2019-07-13 09:17:49,855 INFO  pipeline.SCMPipelineManager (SCMPipelineManager.java:finalizeAndDestroyPipeline(309)) - destroying pipeline:Pipeline[ Id: 1000c677-a0ef-427c-946c-0f294c427f04, Nodes: fcf6d4b8-506b-42b6-93f2-dcb5bcbe3b8d{ip: 192.168.69.96, host: trunk-nightly-hmp62-43275749, networkLocation: /default-rack, certSerialId: null}, Type:RATIS, Factor:ONE, State:OPEN]
2019-07-13 09:17:49,855 INFO  pipeline.PipelineStateManager (PipelineStateManager.java:finalizePipeline(123)) - Pipeline Pipeline[ Id: 1000c677-a0ef-427c-946c-0f294c427f04, Nodes: fcf6d4b8-506b-42b6-93f2-dcb5bcbe3b8d{ip: 192.168.69.96, host: trunk-nightly-hmp62-43275749, networkLocation: /default-rack, certSerialId: null}, Type:RATIS, Factor:ONE, State:CLOSED] moved to CLOSED state
2019-07-13 09:17:50,132 INFO  ozoneimpl.OzoneContainer (OzoneContainer.java:stop(199)) - Attempting to stop container services.
2019-07-13 09:17:50,133 INFO  impl.RaftServerProxy (RaftServerProxy.java:lambda$close$4(314)) - fcf6d4b8-506b-42b6-93f2-dcb5bcbe3b8d: close
2019-07-13 09:17:50,134 INFO  impl.RaftServerImpl (RaftServerImpl.java:lambda$shutdown$3(245)) - fcf6d4b8-506b-42b6-93f2-dcb5bcbe3b8d: shutdown group-FA5034E93053
2019-07-13 09:17:50,134 INFO  util.JmxRegister (JmxRegister.java:unregister(73)) - Successfully un-registered JMX Bean with object name Ratis:service=RaftServer,group=group-FA5034E93053,id=fcf6d4b8-506b-42b6-93f2-dcb5bcbe3b8d
2019-07-13 09:17:50,135 INFO  impl.RoleInfo (RoleInfo.java:shutdownFollowerState(121)) - fcf6d4b8-506b-42b6-93f2-dcb5bcbe3b8d: shutdown FollowerState
2019-07-13 09:17:50,135 INFO  impl.StateMachineUpdater (StateMachineUpdater.java:stopAndJoin(115)) - StateMachineUpdater:fcf6d4b8-506b-42b6-93f2-dcb5bcbe3b8d:group-FA5034E93053: set stopIndex = 0
2019-07-13 09:17:50,135 INFO  impl.FollowerState (FollowerState.java:run(114)) - fcf6d4b8-506b-42b6-93f2-dcb5bcbe3b8d: FollowerState was interrupted: java.lang.InterruptedException: sleep interrupted
2019-07-13 09:17:50,136 INFO  ratis.ContainerStateMachine (ContainerStateMachine.java:takeSnapshot(246)) - Taking snapshot at termIndex:(t:0, i:~)
2019-07-13 09:17:50,138 INFO  impl.RaftServerImpl (ServerState.java:close(394)) - fcf6d4b8-506b-42b6-93f2-dcb5bcbe3b8d:group-FA5034E93053 closes. The last applied log index is 0
2019-07-13 09:17:50,139 INFO  segmented.SegmentedRaftLogWorker (SegmentedRaftLogWorker.java:run(313)) - fcf6d4b8-506b-42b6-93f2-dcb5bcbe3b8d-SegmentedRaftLogWorker:Storage Directory /tmp/workdir/hadoop-ozone/integration-test/target/test-dir/MiniOzoneClusterImpl-a27e8836-a1ea-400b-8a52-a5991d85b080/datanode-5/data/ratis/c193916d-813e-4def-a346-fa5034e93053 was interrupted, exiting. There are 0 tasks remaining in the queue.
2019-07-13 09:17:50,140 INFO  segmented.SegmentedRaftLogWorker (SegmentedRaftLogWorker.java:close(228)) - fcf6d4b8-506b-42b6-93f2-dcb5bcbe3b8d-SegmentedRaftLogWorker:Storage Directory /tmp/workdir/hadoop-ozone/integration-test/target/test-dir/MiniOzoneClusterImpl-a27e8836-a1ea-400b-8a52-a5991d85b080/datanode-5/data/ratis/c193916d-813e-4def-a346-fa5034e93053 close()
2019-07-13 09:17:50,142 INFO  impl.RaftServerImpl (RaftServerImpl.java:lambda$shutdown$3(245)) - fcf6d4b8-506b-42b6-93f2-dcb5bcbe3b8d: shutdown group-0F294C427F04
2019-07-13 09:17:50,143 INFO  util.JmxRegister (JmxRegister.java:unregister(73)) - Successfully un-registered JMX Bean with object name Ratis:service=RaftServer,group=group-0F294C427F04,id=fcf6d4b8-506b-42b6-93f2-dcb5bcbe3b8d
2019-07-13 09:17:50,143 INFO  impl.RoleInfo (RoleInfo.java:shutdownLeaderState(104)) - fcf6d4b8-506b-42b6-93f2-dcb5bcbe3b8d: shutdown LeaderState
2019-07-13 09:17:50,143 INFO  impl.PendingRequests (PendingRequests.java:sendNotLeaderResponses(202)) - fcf6d4b8-506b-42b6-93f2-dcb5bcbe3b8d-PendingRequests: sendNotLeaderResponses
2019-07-13 09:17:50,144 INFO  impl.StateMachineUpdater (StateMachineUpdater.java:stopAndJoin(115)) - StateMachineUpdater:fcf6d4b8-506b-42b6-93f2-dcb5bcbe3b8d:group-0F294C427F04: set stopIndex = 0
2019-07-13 09:17:50,144 INFO  ratis.ContainerStateMachine (ContainerStateMachine.java:takeSnapshot(246)) - Taking snapshot at termIndex:(t:0, i:~)
2019-07-13 09:17:50,144 INFO  impl.RaftServerImpl (ServerState.java:close(394)) - fcf6d4b8-506b-42b6-93f2-dcb5bcbe3b8d:group-0F294C427F04 closes. The last applied log index is 0
2019-07-13 09:17:50,145 INFO  segmented.SegmentedRaftLogWorker (SegmentedRaftLogWorker.java:run(313)) - fcf6d4b8-506b-42b6-93f2-dcb5bcbe3b8d-SegmentedRaftLogWorker:Storage Directory /tmp/workdir/hadoop-ozone/integration-test/target/test-dir/MiniOzoneClusterImpl-a27e8836-a1ea-400b-8a52-a5991d85b080/datanode-5/data/ratis/1000c677-a0ef-427c-946c-0f294c427f04 was interrupted, exiting. There are 0 tasks remaining in the queue.
2019-07-13 09:17:50,147 INFO  segmented.SegmentedRaftLogWorker (SegmentedRaftLogWorker.java:close(228)) - fcf6d4b8-506b-42b6-93f2-dcb5bcbe3b8d-SegmentedRaftLogWorker:Storage Directory /tmp/workdir/hadoop-ozone/integration-test/target/test-dir/MiniOzoneClusterImpl-a27e8836-a1ea-400b-8a52-a5991d85b080/datanode-5/data/ratis/1000c677-a0ef-427c-946c-0f294c427f04 close()
2019-07-13 09:17:50,148 INFO  server.GrpcService (GrpcService.java:closeImpl(155)) - fcf6d4b8-506b-42b6-93f2-dcb5bcbe3b8d: shutdown server with port 44346 now
2019-07-13 09:17:50,149 INFO  server.GrpcService (GrpcService.java:closeImpl(163)) - fcf6d4b8-506b-42b6-93f2-dcb5bcbe3b8d: shutdown server with port 44346 successfully
2019-07-13 09:17:50,151 INFO  utils.BackgroundService (BackgroundService.java:shutdown(148)) - Shutting down service BlockDeletingService
2019-07-13 09:17:50,152 WARN  fs.CachingGetSpaceUsed (CachingGetSpaceUsed.java:run(183)) - Thread Interrupted waiting to refresh disk information: sleep interrupted
2019-07-13 09:17:50,166 INFO  statemachine.DatanodeStateMachine (DatanodeStateMachine.java:stopDaemon(395)) - Ozone container server stopped.
2019-07-13 09:17:50,167 INFO  handler.ContextHandler (ContextHandler.java:doStop(910)) - Stopped o.e.j.w.WebAppContext@6193340e{/,null,UNAVAILABLE}{/hddsDatanode}
2019-07-13 09:17:50,168 INFO  server.AbstractConnector (AbstractConnector.java:doStop(318)) - Stopped ServerConnector@3bced0d2{HTTP/1.1,[http/1.1]}{0.0.0.0:0}
2019-07-13 09:17:50,168 INFO  handler.ContextHandler (ContextHandler.java:doStop(910)) - Stopped o.e.j.s.ServletContextHandler@63793f16{/static,jar:file:/home/user/.m2/repository/org/apache/hadoop/hadoop-hdds-container-service/0.5.0-SNAPSHOT/hadoop-hdds-container-service-0.5.0-SNAPSHOT.jar!/webapps/static,UNAVAILABLE}
2019-07-13 09:17:50,169 INFO  handler.ContextHandler (ContextHandler.java:doStop(910)) - Stopped o.e.j.s.ServletContextHandler@1b9075c9{/logs,file:///tmp/workdir/hadoop-ozone/integration-test/target/log,UNAVAILABLE}
2019-07-13 09:17:50,170 INFO  ozone.MiniOzoneClusterImpl (MiniOzoneClusterImpl.java:stop(353)) - Stopping the StorageContainerManager
2019-07-13 09:17:50,170 INFO  server.StorageContainerManager (StorageContainerManager.java:stop(796)) - Stopping Replication Manager Service.
2019-07-13 09:17:50,170 INFO  container.ReplicationManager (ReplicationManager.java:stop(187)) - Stopping Replication Monitor Thread.
2019-07-13 09:17:50,170 INFO  server.StorageContainerManager (StorageContainerManager.java:stop(803)) - Stopping Lease Manager of the command watchers
2019-07-13 09:17:50,171 INFO  server.StorageContainerManager (StorageContainerManager.java:stop(810)) - Stopping datanode service RPC server
2019-07-13 09:17:50,171 INFO  server.SCMDatanodeProtocolServer (SCMDatanodeProtocolServer.java:stop(375)) - Stopping the RPC server for DataNodes
2019-07-13 09:17:50,171 INFO  ipc.Server (Server.java:stop(3082)) - Stopping server on 38749
2019-07-13 09:17:50,173 INFO  ipc.Server (Server.java:run(1185)) - Stopping IPC Server listener on 38749
2019-07-13 09:17:50,173 INFO  ipc.Server (Server.java:run(1319)) - Stopping IPC Server Responder
2019-07-13 09:17:50,254 WARN  node.NodeStateManager (NodeStateManager.java:scheduleNextHealthCheck(631)) - Current Thread is interrupted, shutting down HB processing thread for Node Manager.
2019-07-13 09:17:50,255 INFO  server.StorageContainerManager (StorageContainerManager.java:stop(818)) - Stopping block service RPC server
2019-07-13 09:17:50,255 INFO  server.SCMBlockProtocolServer (SCMBlockProtocolServer.java:stop(148)) - Stopping the RPC server for Block Protocol
2019-07-13 09:17:50,255 INFO  ipc.Server (Server.java:stop(3082)) - Stopping server on 37205
2019-07-13 09:17:50,257 INFO  ipc.Server (Server.java:run(1185)) - Stopping IPC Server listener on 37205
2019-07-13 09:17:50,257 INFO  server.StorageContainerManager (StorageContainerManager.java:stop(825)) - Stopping the StorageContainerLocationProtocol RPC server
2019-07-13 09:17:50,259 INFO  server.SCMClientProtocolServer (SCMClientProtocolServer.java:stop(157)) - Stopping the RPC server for Client Protocol
2019-07-13 09:17:50,259 INFO  ipc.Server (Server.java:stop(3082)) - Stopping server on 32842
2019-07-13 09:17:50,257 INFO  ipc.Server (Server.java:run(1319)) - Stopping IPC Server Responder
2019-07-13 09:17:50,261 INFO  ipc.Server (Server.java:run(1185)) - Stopping IPC Server listener on 32842
2019-07-13 09:17:50,265 INFO  server.StorageContainerManager (StorageContainerManager.java:stop(832)) - Stopping Storage Container Manager HTTP server.
2019-07-13 09:17:50,265 INFO  ipc.Server (Server.java:run(1319)) - Stopping IPC Server Responder
2019-07-13 09:17:50,267 INFO  handler.ContextHandler (ContextHandler.java:doStop(910)) - Stopped o.e.j.w.WebAppContext@1484cb57{/,null,UNAVAILABLE}{/scm}
2019-07-13 09:17:50,268 INFO  server.AbstractConnector (AbstractConnector.java:doStop(318)) - Stopped ServerConnector@1e250539{HTTP/1.1,[http/1.1]}{0.0.0.0:0}
2019-07-13 09:17:50,268 INFO  handler.ContextHandler (ContextHandler.java:doStop(910)) - Stopped o.e.j.s.ServletContextHandler@1c11a496{/static,file:///tmp/workdir/hadoop-ozone/integration-test/target/test-classes/webapps/static,UNAVAILABLE}
2019-07-13 09:17:50,269 INFO  handler.ContextHandler (ContextHandler.java:doStop(910)) - Stopped o.e.j.s.ServletContextHandler@1469015e{/logs,file:///tmp/workdir/hadoop-ozone/integration-test/target/log,UNAVAILABLE}
2019-07-13 09:17:50,269 INFO  server.StorageContainerManager (StorageContainerManager.java:stop(843)) - Stopping Block Manager Service.
2019-07-13 09:17:50,270 INFO  utils.BackgroundService (BackgroundService.java:shutdown(148)) - Shutting down service SCMBlockDeletingService
2019-07-13 09:17:50,270 INFO  utils.BackgroundService (BackgroundService.java:shutdown(148)) - Shutting down service SCMBlockDeletingService
2019-07-13 09:17:50,270 INFO  server.StorageContainerManager (StorageContainerManager.java:stop(865)) - Stopping SCM Event Queue.
2019-07-13 09:17:50,275 INFO  impl.MetricsSystemImpl (MetricsSystemImpl.java:stop(210)) - Stopping HddsDatanode metrics system...
2019-07-13 09:17:50,285 INFO  impl.MetricsSystemImpl (MetricsSystemImpl.java:stop(216)) - HddsDatanode metrics system stopped.
]]></system-out>
    <system-err><![CDATA[Jul 13, 2019 9:17:16 AM com.sun.jersey.server.impl.application.WebApplicationImpl _initiate
INFO: Initiating Jersey application, version 'Jersey: 1.19 02/11/2015 03:25 AM'
Jul 13, 2019 9:17:17 AM com.sun.jersey.server.impl.application.WebApplicationImpl _initiate
INFO: Initiating Jersey application, version 'Jersey: 1.19 02/11/2015 03:25 AM'
Jul 13, 2019 9:17:17 AM com.sun.jersey.server.impl.application.WebApplicationImpl _initiate
INFO: Initiating Jersey application, version 'Jersey: 1.19 02/11/2015 03:25 AM'
Jul 13, 2019 9:17:17 AM com.sun.jersey.server.impl.application.WebApplicationImpl _initiate
INFO: Initiating Jersey application, version 'Jersey: 1.19 02/11/2015 03:25 AM'
Jul 13, 2019 9:17:17 AM com.sun.jersey.server.impl.application.WebApplicationImpl _initiate
INFO: Initiating Jersey application, version 'Jersey: 1.19 02/11/2015 03:25 AM'
Jul 13, 2019 9:17:17 AM com.sun.jersey.server.impl.application.WebApplicationImpl _initiate
INFO: Initiating Jersey application, version 'Jersey: 1.19 02/11/2015 03:25 AM'
Jul 13, 2019 9:17:17 AM com.sun.jersey.server.impl.application.WebApplicationImpl _initiate
INFO: Initiating Jersey application, version 'Jersey: 1.19 02/11/2015 03:25 AM'
Jul 13, 2019 9:17:20 AM org.apache.ratis.thirdparty.io.grpc.internal.ManagedChannelOrphanWrapper$ManagedChannelReference cleanQueue
SEVERE: *~*~*~ Channel ManagedChannelImpl{logId=2907, target=192.168.69.96:35402} was not shutdown properly!!! ~*~*~*
    Make sure to call shutdown()/shutdownNow() and wait until awaitTermination() returns true.
java.lang.RuntimeException: ManagedChannel allocation site
	at org.apache.ratis.thirdparty.io.grpc.internal.ManagedChannelOrphanWrapper$ManagedChannelReference.<init>(ManagedChannelOrphanWrapper.java:103)
	at org.apache.ratis.thirdparty.io.grpc.internal.ManagedChannelOrphanWrapper.<init>(ManagedChannelOrphanWrapper.java:53)
	at org.apache.ratis.thirdparty.io.grpc.internal.ManagedChannelOrphanWrapper.<init>(ManagedChannelOrphanWrapper.java:44)
	at org.apache.ratis.thirdparty.io.grpc.internal.AbstractManagedChannelImplBuilder.build(AbstractManagedChannelImplBuilder.java:411)
	at org.apache.ratis.grpc.client.GrpcClientProtocolClient.<init>(GrpcClientProtocolClient.java:119)
	at org.apache.ratis.grpc.client.GrpcClientRpc.lambda$new$0(GrpcClientRpc.java:55)
	at org.apache.ratis.util.PeerProxyMap$PeerAndProxy.lambda$getProxy$0(PeerProxyMap.java:61)
	at org.apache.ratis.util.LifeCycle.startAndTransition(LifeCycle.java:202)
	at org.apache.ratis.util.PeerProxyMap$PeerAndProxy.getProxy(PeerProxyMap.java:60)
	at org.apache.ratis.util.PeerProxyMap.getProxy(PeerProxyMap.java:107)
	at org.apache.ratis.grpc.client.GrpcClientRpc.sendRequestAsync(GrpcClientRpc.java:66)
	at org.apache.ratis.client.impl.OrderedAsync.sendRequest(OrderedAsync.java:208)
	at org.apache.ratis.client.impl.OrderedAsync.sendRequestWithRetry(OrderedAsync.java:169)
	at org.apache.ratis.util.SlidingWindow$Client.sendOrDelayRequest(SlidingWindow.java:278)
	at org.apache.ratis.util.SlidingWindow$Client.retry(SlidingWindow.java:294)
	at org.apache.ratis.client.impl.OrderedAsync.lambda$scheduleWithTimeout$7(OrderedAsync.java:195)
	at org.apache.ratis.util.TimeoutScheduler.lambda$onTimeout$0(TimeoutScheduler.java:85)
	at org.apache.ratis.util.TimeoutScheduler.lambda$onTimeout$1(TimeoutScheduler.java:104)
	at org.apache.ratis.util.LogUtils.runAndLog(LogUtils.java:50)
	at org.apache.ratis.util.LogUtils$1.run(LogUtils.java:91)
	at java.util.concurrent.Executors$RunnableAdapter.call(Executors.java:511)
	at java.util.concurrent.FutureTask.run(FutureTask.java:266)
	at java.util.concurrent.ScheduledThreadPoolExecutor$ScheduledFutureTask.access$201(ScheduledThreadPoolExecutor.java:180)
	at java.util.concurrent.ScheduledThreadPoolExecutor$ScheduledFutureTask.run(ScheduledThreadPoolExecutor.java:293)
	at java.util.concurrent.ThreadPoolExecutor.runWorker(ThreadPoolExecutor.java:1149)
	at java.util.concurrent.ThreadPoolExecutor$Worker.run(ThreadPoolExecutor.java:624)
	at java.lang.Thread.run(Thread.java:748)

]]></system-err>
  </testcase>
  <testcase name="testWatchForCommitWithCloseContainerException" classname="org.apache.hadoop.ozone.client.rpc.TestBlockOutputStreamWithFailures" time="34.252">
    <error type="java.lang.IllegalArgumentException">java.lang.IllegalArgumentException
	at com.google.common.base.Preconditions.checkArgument(Preconditions.java:72)
	at org.apache.hadoop.hdds.scm.XceiverClientManager.acquireClient(XceiverClientManager.java:150)
	at org.apache.hadoop.hdds.scm.XceiverClientManager.acquireClientForReadData(XceiverClientManager.java:143)
	at org.apache.hadoop.hdds.scm.storage.BlockInputStream.getChunkInfos(BlockInputStream.java:154)
	at org.apache.hadoop.hdds.scm.storage.BlockInputStream.initialize(BlockInputStream.java:118)
	at org.apache.hadoop.hdds.scm.storage.BlockInputStream.read(BlockInputStream.java:222)
	at org.apache.hadoop.ozone.client.io.KeyInputStream.read(KeyInputStream.java:171)
	at org.apache.hadoop.ozone.client.io.OzoneInputStream.read(OzoneInputStream.java:47)
	at java.io.InputStream.read(InputStream.java:101)
	at org.apache.hadoop.ozone.container.ContainerTestHelper.validateData(ContainerTestHelper.java:709)
	at org.apache.hadoop.ozone.client.rpc.TestBlockOutputStreamWithFailures.validateData(TestBlockOutputStreamWithFailures.java:1212)
	at org.apache.hadoop.ozone.client.rpc.TestBlockOutputStreamWithFailures.testWatchForCommitWithCloseContainerException(TestBlockOutputStreamWithFailures.java:260)
	at sun.reflect.NativeMethodAccessorImpl.invoke0(Native Method)
	at sun.reflect.NativeMethodAccessorImpl.invoke(NativeMethodAccessorImpl.java:62)
	at sun.reflect.DelegatingMethodAccessorImpl.invoke(DelegatingMethodAccessorImpl.java:43)
	at java.lang.reflect.Method.invoke(Method.java:498)
	at org.junit.runners.model.FrameworkMethod$1.runReflectiveCall(FrameworkMethod.java:47)
	at org.junit.internal.runners.model.ReflectiveCallable.run(ReflectiveCallable.java:12)
	at org.junit.runners.model.FrameworkMethod.invokeExplosively(FrameworkMethod.java:44)
	at org.junit.internal.runners.statements.InvokeMethod.evaluate(InvokeMethod.java:17)
	at org.junit.internal.runners.statements.RunBefores.evaluate(RunBefores.java:26)
	at org.junit.internal.runners.statements.RunAfters.evaluate(RunAfters.java:27)
	at org.junit.runners.ParentRunner.runLeaf(ParentRunner.java:271)
	at org.junit.runners.BlockJUnit4ClassRunner.runChild(BlockJUnit4ClassRunner.java:70)
	at org.junit.runners.BlockJUnit4ClassRunner.runChild(BlockJUnit4ClassRunner.java:50)
	at org.junit.runners.ParentRunner$3.run(ParentRunner.java:238)
	at org.junit.runners.ParentRunner$1.schedule(ParentRunner.java:63)
	at org.junit.runners.ParentRunner.runChildren(ParentRunner.java:236)
	at org.junit.runners.ParentRunner.access$000(ParentRunner.java:53)
	at org.junit.runners.ParentRunner$2.evaluate(ParentRunner.java:229)
	at org.junit.runners.ParentRunner.run(ParentRunner.java:309)
	at org.apache.maven.surefire.junit4.JUnit4Provider.execute(JUnit4Provider.java:365)
	at org.apache.maven.surefire.junit4.JUnit4Provider.executeWithRerun(JUnit4Provider.java:273)
	at org.apache.maven.surefire.junit4.JUnit4Provider.executeTestSet(JUnit4Provider.java:238)
	at org.apache.maven.surefire.junit4.JUnit4Provider.invoke(JUnit4Provider.java:159)
	at org.apache.maven.surefire.booter.ForkedBooter.invokeProviderInSameClassLoader(ForkedBooter.java:384)
	at org.apache.maven.surefire.booter.ForkedBooter.runSuitesInProcess(ForkedBooter.java:345)
	at org.apache.maven.surefire.booter.ForkedBooter.execute(ForkedBooter.java:126)
	at org.apache.maven.surefire.booter.ForkedBooter.main(ForkedBooter.java:418)
</error>
    <system-out><![CDATA[2019-07-13 09:17:50,358 WARN  server.ServerUtils (ServerUtils.java:getScmDbDir(145)) - ozone.scm.db.dirs is not configured. We recommend adding this setting. Falling back to ozone.metadata.dirs instead.
2019-07-13 09:17:50,374 WARN  server.ServerUtils (ServerUtils.java:getScmDbDir(145)) - ozone.scm.db.dirs is not configured. We recommend adding this setting. Falling back to ozone.metadata.dirs instead.
2019-07-13 09:17:50,375 WARN  server.ServerUtils (ServerUtils.java:getScmDbDir(145)) - ozone.scm.db.dirs is not configured. We recommend adding this setting. Falling back to ozone.metadata.dirs instead.
2019-07-13 09:17:50,375 INFO  db.DBStoreBuilder (DBStoreBuilder.java:addTable(110)) - using custom profile for table: deletedBlocks
2019-07-13 09:17:50,375 INFO  db.DBStoreBuilder (DBStoreBuilder.java:processTables(161)) - Using default column profile:DBProfile.DISK for Table:deletedBlocks
2019-07-13 09:17:50,376 INFO  db.DBStoreBuilder (DBStoreBuilder.java:addTable(110)) - using custom profile for table: validCerts
2019-07-13 09:17:50,376 INFO  db.DBStoreBuilder (DBStoreBuilder.java:processTables(161)) - Using default column profile:DBProfile.DISK for Table:validCerts
2019-07-13 09:17:50,376 INFO  db.DBStoreBuilder (DBStoreBuilder.java:addTable(110)) - using custom profile for table: revokedCerts
2019-07-13 09:17:50,376 INFO  db.DBStoreBuilder (DBStoreBuilder.java:processTables(161)) - Using default column profile:DBProfile.DISK for Table:revokedCerts
2019-07-13 09:17:50,377 INFO  db.DBStoreBuilder (DBStoreBuilder.java:addTable(110)) - using custom profile for table: default
2019-07-13 09:17:50,377 INFO  db.DBStoreBuilder (DBStoreBuilder.java:processTables(167)) - Using default column profile:DBProfile.DISK for Table:default
2019-07-13 09:17:50,377 INFO  db.DBStoreBuilder (DBStoreBuilder.java:getDbProfile(198)) - Using default options. DBProfile.DISK
2019-07-13 09:17:50,537 INFO  net.NodeSchemaLoader (NodeSchemaLoader.java:loadSchemaFromFile(125)) - Loading file from sun.misc.CompoundEnumeration@3a089620
2019-07-13 09:17:50,537 INFO  net.NodeSchemaLoader (NodeSchemaLoader.java:loadSchema(171)) - Loading network topology layer schema file
2019-07-13 09:17:50,542 INFO  node.SCMNodeManager (SCMNodeManager.java:<init>(119)) - Entering startup safe mode.
2019-07-13 09:17:50,543 WARN  server.ServerUtils (ServerUtils.java:getScmDbDir(145)) - ozone.scm.db.dirs is not configured. We recommend adding this setting. Falling back to ozone.metadata.dirs instead.
2019-07-13 09:17:50,592 INFO  pipeline.SCMPipelineManager (SCMPipelineManager.java:initializePipelineState(126)) - No pipeline exists in current db
2019-07-13 09:17:50,593 WARN  server.ServerUtils (ServerUtils.java:getScmDbDir(145)) - ozone.scm.db.dirs is not configured. We recommend adding this setting. Falling back to ozone.metadata.dirs instead.
2019-07-13 09:17:50,650 WARN  events.EventQueue (EventQueue.java:fireEvent(175)) - No event handler registered for event TypedEvent{payloadType=SafeModeStatus, name='SafeModeStatus'}
2019-07-13 09:17:50,651 INFO  ipc.CallQueueManager (CallQueueManager.java:<init>(84)) - Using callQueue: class java.util.concurrent.LinkedBlockingQueue, queueCapacity: 2000, scheduler: class org.apache.hadoop.ipc.DefaultRpcScheduler, ipcBackoff: false.
2019-07-13 09:17:50,652 INFO  ipc.Server (Server.java:run(1074)) - Starting Socket Reader #1 for port 35287
2019-07-13 09:17:50,653 INFO  ipc.CallQueueManager (CallQueueManager.java:<init>(84)) - Using callQueue: class java.util.concurrent.LinkedBlockingQueue, queueCapacity: 2000, scheduler: class org.apache.hadoop.ipc.DefaultRpcScheduler, ipcBackoff: false.
2019-07-13 09:17:50,654 INFO  ipc.Server (Server.java:run(1074)) - Starting Socket Reader #1 for port 37169
2019-07-13 09:17:50,656 INFO  ipc.CallQueueManager (CallQueueManager.java:<init>(84)) - Using callQueue: class java.util.concurrent.LinkedBlockingQueue, queueCapacity: 2000, scheduler: class org.apache.hadoop.ipc.DefaultRpcScheduler, ipcBackoff: false.
2019-07-13 09:17:50,656 INFO  ipc.Server (Server.java:run(1074)) - Starting Socket Reader #1 for port 33721
2019-07-13 09:17:50,660 INFO  hdfs.DFSUtil (DFSUtil.java:httpServerTemplateForNNAndJN(1641)) - Starting Web-server for scm at: http://0.0.0.0:0
2019-07-13 09:17:50,663 INFO  server.AuthenticationFilter (AuthenticationFilter.java:constructSecretProvider(240)) - Unable to initialize FileSignerSecretProvider, falling back to use random secrets.
2019-07-13 09:17:50,664 WARN  http.HttpRequestLog (HttpRequestLog.java:getRequestLog(97)) - Jetty request log can only be enabled using Log4j
2019-07-13 09:17:50,666 INFO  http.HttpServer2 (HttpServer2.java:addGlobalFilter(975)) - Added global filter 'safety' (class=org.apache.hadoop.http.HttpServer2$QuotingInputFilter)
2019-07-13 09:17:50,667 INFO  http.HttpServer2 (HttpServer2.java:addFilter(948)) - Added filter static_user_filter (class=org.apache.hadoop.http.lib.StaticUserWebFilter$StaticUserFilter) to context scm
2019-07-13 09:17:50,667 INFO  http.HttpServer2 (HttpServer2.java:addFilter(958)) - Added filter static_user_filter (class=org.apache.hadoop.http.lib.StaticUserWebFilter$StaticUserFilter) to context logs
2019-07-13 09:17:50,668 INFO  http.HttpServer2 (HttpServer2.java:addFilter(958)) - Added filter static_user_filter (class=org.apache.hadoop.http.lib.StaticUserWebFilter$StaticUserFilter) to context static
2019-07-13 09:17:50,670 INFO  server.StorageContainerManager (StorageContainerManager.java:start(759)) - StorageContainerLocationProtocol RPC server is listening at /0.0.0.0:33721
2019-07-13 09:17:50,673 WARN  impl.MetricsConfig (MetricsConfig.java:loadFirst(134)) - Cannot locate configuration: tried hadoop-metrics2-storagecontainermanager.properties,hadoop-metrics2.properties
2019-07-13 09:17:50,674 INFO  impl.MetricsSystemImpl (MetricsSystemImpl.java:startTimer(374)) - Scheduled Metric snapshot period at 10 second(s).
2019-07-13 09:17:50,674 INFO  impl.MetricsSystemImpl (MetricsSystemImpl.java:start(191)) - StorageContainerManager metrics system started
2019-07-13 09:17:50,744 INFO  server.SCMClientProtocolServer (SCMClientProtocolServer.java:start(149)) - RPC server for Client  is listening at /0.0.0.0:33721
2019-07-13 09:17:50,745 INFO  ipc.Server (Server.java:run(1314)) - IPC Server Responder: starting
2019-07-13 09:17:50,745 INFO  ipc.Server (Server.java:run(1153)) - IPC Server listener on 33721: starting
2019-07-13 09:17:50,749 INFO  server.StorageContainerManager (StorageContainerManager.java:start(768)) - ScmBlockLocationProtocol RPC server is listening at /0.0.0.0:37169
2019-07-13 09:17:50,749 INFO  server.SCMBlockProtocolServer (SCMBlockProtocolServer.java:start(140)) - RPC server for Block Protocol is listening at /0.0.0.0:37169
2019-07-13 09:17:50,750 INFO  ipc.Server (Server.java:run(1314)) - IPC Server Responder: starting
2019-07-13 09:17:50,750 INFO  ipc.Server (Server.java:run(1153)) - IPC Server listener on 37169: starting
2019-07-13 09:17:50,755 INFO  server.StorageContainerManager (StorageContainerManager.java:start(772)) - ScmDatanodeProtocl RPC server is listening at /0.0.0.0:35287
2019-07-13 09:17:50,755 INFO  server.SCMDatanodeProtocolServer (SCMDatanodeProtocolServer.java:start(191)) - RPC server for DataNodes is listening at /0.0.0.0:35287
2019-07-13 09:17:50,755 INFO  ipc.Server (Server.java:run(1314)) - IPC Server Responder: starting
2019-07-13 09:17:50,755 INFO  ipc.Server (Server.java:run(1153)) - IPC Server listener on 35287: starting
2019-07-13 09:17:50,760 INFO  http.HttpServer2 (HttpServer2.java:bindListener(1191)) - Jetty bound to port 41206
2019-07-13 09:17:50,760 INFO  server.Server (Server.java:doStart(351)) - jetty-9.3.24.v20180605, build timestamp: 2018-06-05T17:11:56Z, git hash: 84205aa28f11a4f31f2a3b86d1bba2cc8ab69827
2019-07-13 09:17:50,762 INFO  handler.ContextHandler (ContextHandler.java:doStart(781)) - Started o.e.j.s.ServletContextHandler@6b09fcda{/logs,file:///tmp/workdir/hadoop-ozone/integration-test/target/log,AVAILABLE}
2019-07-13 09:17:50,763 INFO  handler.ContextHandler (ContextHandler.java:doStart(781)) - Started o.e.j.s.ServletContextHandler@55cd41f7{/static,file:///tmp/workdir/hadoop-ozone/integration-test/target/test-classes/webapps/static,AVAILABLE}
2019-07-13 09:17:50,767 INFO  handler.ContextHandler (ContextHandler.java:doStart(781)) - Started o.e.j.w.WebAppContext@44f433db{/,file:///tmp/workdir/hadoop-ozone/integration-test/target/test-classes/webapps/scm/,AVAILABLE}{/scm}
2019-07-13 09:17:50,767 INFO  server.AbstractConnector (AbstractConnector.java:doStart(278)) - Started ServerConnector@38388639{HTTP/1.1,[http/1.1]}{0.0.0.0:41206}
2019-07-13 09:17:50,768 INFO  server.Server (Server.java:doStart(419)) - Started @606011ms
2019-07-13 09:17:50,769 INFO  server.BaseHttpServer (BaseHttpServer.java:updateConnectorAddress(207)) - HTTP server of SCM is listening at http://0.0.0.0:41206
2019-07-13 09:17:50,770 WARN  server.ServerUtils (ServerUtils.java:getDBPath(222)) - ozone.om.db.dirs is not configured. We recommend adding this setting. Falling back to ozone.metadata.dirs instead.
2019-07-13 09:17:50,771 INFO  util.JvmPauseMonitor (JvmPauseMonitor.java:run(188)) - Starting JVM pause monitor
2019-07-13 09:17:50,784 WARN  server.ServerUtils (ServerUtils.java:getDBPath(222)) - ozone.om.db.dirs is not configured. We recommend adding this setting. Falling back to ozone.metadata.dirs instead.
2019-07-13 09:17:50,785 INFO  om.OzoneManager (OzoneManager.java:setOMNodeDetails(630)) - OM Service ID is not set. Setting it to the default ID: omServiceIdDefault
2019-07-13 09:17:50,785 INFO  om.OzoneManager (OzoneManager.java:setOMNodeDetails(636)) - OM Node ID is not set. Setting it to the OmStorage's OmID: 028c2754-b242-4795-9c20-67a224e07d2c
2019-07-13 09:17:50,785 INFO  om.OzoneManager (OzoneManager.java:loadOMHAConfigs(587)) - Found matching OM address with OMServiceId: null, OMNodeId: null, RPC Address: localhost:0 and Ratis port: 9872
2019-07-13 09:17:50,792 WARN  server.ServerUtils (ServerUtils.java:getDBPath(222)) - ozone.om.db.dirs is not configured. We recommend adding this setting. Falling back to ozone.metadata.dirs instead.
2019-07-13 09:17:50,792 INFO  db.DBStoreBuilder (DBStoreBuilder.java:addTable(110)) - using custom profile for table: userTable
2019-07-13 09:17:50,793 INFO  db.DBStoreBuilder (DBStoreBuilder.java:processTables(161)) - Using default column profile:DBProfile.DISK for Table:userTable
2019-07-13 09:17:50,793 INFO  db.DBStoreBuilder (DBStoreBuilder.java:addTable(110)) - using custom profile for table: volumeTable
2019-07-13 09:17:50,793 INFO  db.DBStoreBuilder (DBStoreBuilder.java:processTables(161)) - Using default column profile:DBProfile.DISK for Table:volumeTable
2019-07-13 09:17:50,793 INFO  db.DBStoreBuilder (DBStoreBuilder.java:addTable(110)) - using custom profile for table: bucketTable
2019-07-13 09:17:50,793 INFO  db.DBStoreBuilder (DBStoreBuilder.java:processTables(161)) - Using default column profile:DBProfile.DISK for Table:bucketTable
2019-07-13 09:17:50,794 INFO  db.DBStoreBuilder (DBStoreBuilder.java:addTable(110)) - using custom profile for table: keyTable
2019-07-13 09:17:50,794 INFO  db.DBStoreBuilder (DBStoreBuilder.java:processTables(161)) - Using default column profile:DBProfile.DISK for Table:keyTable
2019-07-13 09:17:50,794 INFO  db.DBStoreBuilder (DBStoreBuilder.java:addTable(110)) - using custom profile for table: deletedTable
2019-07-13 09:17:50,794 INFO  db.DBStoreBuilder (DBStoreBuilder.java:processTables(161)) - Using default column profile:DBProfile.DISK for Table:deletedTable
2019-07-13 09:17:50,794 INFO  db.DBStoreBuilder (DBStoreBuilder.java:addTable(110)) - using custom profile for table: openKeyTable
2019-07-13 09:17:50,794 INFO  db.DBStoreBuilder (DBStoreBuilder.java:processTables(161)) - Using default column profile:DBProfile.DISK for Table:openKeyTable
2019-07-13 09:17:50,795 INFO  db.DBStoreBuilder (DBStoreBuilder.java:addTable(110)) - using custom profile for table: s3Table
2019-07-13 09:17:50,795 INFO  db.DBStoreBuilder (DBStoreBuilder.java:processTables(161)) - Using default column profile:DBProfile.DISK for Table:s3Table
2019-07-13 09:17:50,795 INFO  db.DBStoreBuilder (DBStoreBuilder.java:addTable(110)) - using custom profile for table: multipartInfoTable
2019-07-13 09:17:50,795 INFO  db.DBStoreBuilder (DBStoreBuilder.java:processTables(161)) - Using default column profile:DBProfile.DISK for Table:multipartInfoTable
2019-07-13 09:17:50,795 INFO  db.DBStoreBuilder (DBStoreBuilder.java:addTable(110)) - using custom profile for table: dTokenTable
2019-07-13 09:17:50,796 INFO  db.DBStoreBuilder (DBStoreBuilder.java:processTables(161)) - Using default column profile:DBProfile.DISK for Table:dTokenTable
2019-07-13 09:17:50,796 INFO  db.DBStoreBuilder (DBStoreBuilder.java:addTable(110)) - using custom profile for table: s3SecretTable
2019-07-13 09:17:50,796 INFO  db.DBStoreBuilder (DBStoreBuilder.java:processTables(161)) - Using default column profile:DBProfile.DISK for Table:s3SecretTable
2019-07-13 09:17:50,796 INFO  db.DBStoreBuilder (DBStoreBuilder.java:addTable(110)) - using custom profile for table: prefixTable
2019-07-13 09:17:50,796 INFO  db.DBStoreBuilder (DBStoreBuilder.java:processTables(161)) - Using default column profile:DBProfile.DISK for Table:prefixTable
2019-07-13 09:17:50,797 INFO  db.DBStoreBuilder (DBStoreBuilder.java:addTable(110)) - using custom profile for table: default
2019-07-13 09:17:50,797 INFO  db.DBStoreBuilder (DBStoreBuilder.java:processTables(167)) - Using default column profile:DBProfile.DISK for Table:default
2019-07-13 09:17:50,797 INFO  db.DBStoreBuilder (DBStoreBuilder.java:getDbProfile(198)) - Using default options. DBProfile.DISK
2019-07-13 09:17:51,227 INFO  ipc.CallQueueManager (CallQueueManager.java:<init>(84)) - Using callQueue: class java.util.concurrent.LinkedBlockingQueue, queueCapacity: 2000, scheduler: class org.apache.hadoop.ipc.DefaultRpcScheduler, ipcBackoff: false.
2019-07-13 09:17:51,228 INFO  ipc.Server (Server.java:run(1074)) - Starting Socket Reader #1 for port 44263
2019-07-13 09:17:51,244 WARN  server.ServerUtils (ServerUtils.java:getDBPath(222)) - ozone.om.db.dirs is not configured. We recommend adding this setting. Falling back to ozone.metadata.dirs instead.
2019-07-13 09:17:51,244 INFO  om.OzoneManager (OzoneManager.java:start(1228)) - OzoneManager RPC server is listening at localhost/127.0.0.1:44263
2019-07-13 09:17:51,244 INFO  impl.MetricsSystemImpl (MetricsSystemImpl.java:init(158)) - OzoneManager metrics system started (again)
2019-07-13 09:17:51,245 INFO  ipc.Server (Server.java:run(1314)) - IPC Server Responder: starting
2019-07-13 09:17:51,245 INFO  ipc.Server (Server.java:run(1153)) - IPC Server listener on 44263: starting
2019-07-13 09:17:51,252 INFO  hdfs.DFSUtil (DFSUtil.java:httpServerTemplateForNNAndJN(1641)) - Starting Web-server for ozoneManager at: http://0.0.0.0:0
2019-07-13 09:17:51,254 INFO  server.AuthenticationFilter (AuthenticationFilter.java:constructSecretProvider(240)) - Unable to initialize FileSignerSecretProvider, falling back to use random secrets.
2019-07-13 09:17:51,254 WARN  http.HttpRequestLog (HttpRequestLog.java:getRequestLog(97)) - Jetty request log can only be enabled using Log4j
2019-07-13 09:17:51,256 INFO  http.HttpServer2 (HttpServer2.java:addGlobalFilter(975)) - Added global filter 'safety' (class=org.apache.hadoop.http.HttpServer2$QuotingInputFilter)
2019-07-13 09:17:51,256 INFO  http.HttpServer2 (HttpServer2.java:addFilter(948)) - Added filter static_user_filter (class=org.apache.hadoop.http.lib.StaticUserWebFilter$StaticUserFilter) to context ozoneManager
2019-07-13 09:17:51,257 INFO  http.HttpServer2 (HttpServer2.java:addFilter(958)) - Added filter static_user_filter (class=org.apache.hadoop.http.lib.StaticUserWebFilter$StaticUserFilter) to context logs
2019-07-13 09:17:51,257 INFO  http.HttpServer2 (HttpServer2.java:addFilter(958)) - Added filter static_user_filter (class=org.apache.hadoop.http.lib.StaticUserWebFilter$StaticUserFilter) to context static
2019-07-13 09:17:51,257 INFO  http.HttpServer2 (HttpServer2.java:bindListener(1191)) - Jetty bound to port 41378
2019-07-13 09:17:51,258 INFO  server.Server (Server.java:doStart(351)) - jetty-9.3.24.v20180605, build timestamp: 2018-06-05T17:11:56Z, git hash: 84205aa28f11a4f31f2a3b86d1bba2cc8ab69827
2019-07-13 09:17:51,260 INFO  handler.ContextHandler (ContextHandler.java:doStart(781)) - Started o.e.j.s.ServletContextHandler@142422a4{/logs,file:///tmp/workdir/hadoop-ozone/integration-test/target/log,AVAILABLE}
2019-07-13 09:17:51,260 INFO  handler.ContextHandler (ContextHandler.java:doStart(781)) - Started o.e.j.s.ServletContextHandler@5dcbdcb9{/static,file:///tmp/workdir/hadoop-ozone/integration-test/target/test-classes/webapps/static,AVAILABLE}
2019-07-13 09:17:51,264 INFO  handler.ContextHandler (ContextHandler.java:doStart(781)) - Started o.e.j.w.WebAppContext@17a5cb99{/,file:///tmp/workdir/hadoop-ozone/integration-test/target/test-classes/webapps/ozoneManager/,AVAILABLE}{/ozoneManager}
2019-07-13 09:17:51,264 INFO  server.AbstractConnector (AbstractConnector.java:doStart(278)) - Started ServerConnector@808fa1{HTTP/1.1,[http/1.1]}{0.0.0.0:41378}
2019-07-13 09:17:51,265 INFO  server.Server (Server.java:doStart(419)) - Started @606507ms
2019-07-13 09:17:51,266 INFO  server.BaseHttpServer (BaseHttpServer.java:updateConnectorAddress(207)) - HTTP server of OZONEMANAGER is listening at http://0.0.0.0:41378
2019-07-13 09:17:51,278 INFO  impl.MetricsSystemImpl (MetricsSystemImpl.java:init(158)) - HddsDatanode metrics system started (again)
2019-07-13 09:17:51,278 INFO  ozone.HddsDatanodeService (HddsDatanodeService.java:start(185)) - HddsDatanodeService host:trunk-nightly-hmp62-43275749 ip:192.168.69.96
2019-07-13 09:17:51,291 INFO  volume.HddsVolume (HddsVolume.java:<init>(176)) - Creating Volume: /tmp/workdir/hadoop-ozone/integration-test/target/test-dir/MiniOzoneClusterImpl-c8202114-a271-4ee2-b51f-a8df28038b75/datanode-0/data/containers/hdds of  storage type : DISK and capacity : 52710309888
2019-07-13 09:17:51,291 INFO  volume.VolumeSet (VolumeSet.java:initializeVolumeSet(170)) - Added Volume : /tmp/workdir/hadoop-ozone/integration-test/target/test-dir/MiniOzoneClusterImpl-c8202114-a271-4ee2-b51f-a8df28038b75/datanode-0/data/containers/hdds to VolumeSet
2019-07-13 09:17:51,291 INFO  volume.ThrottledAsyncChecker (ThrottledAsyncChecker.java:schedule(140)) - Scheduling a check for org.apache.hadoop.ozone.container.common.volume.HddsVolume@15aa3084
2019-07-13 09:17:51,292 INFO  volume.HddsVolumeChecker (HddsVolumeChecker.java:checkAllVolumes(203)) - Scheduled health check for volume org.apache.hadoop.ozone.container.common.volume.HddsVolume@15aa3084
2019-07-13 09:17:51,305 INFO  impl.RaftServerProxy (ConfUtils.java:logGet(43)) - raft.rpc.type = GRPC (default)
2019-07-13 09:17:51,306 INFO  grpc.GrpcFactory (GrpcFactory.java:checkPooledByteBufAllocatorUseCacheForAllThreads(45)) - PERFORMANCE WARNING: useCacheForAllThreads is true that may cause Netty to create a lot garbage objects and, as a result, trigger GC.
	It is recommended to disable useCacheForAllThreads by setting -Dorg.apache.ratis.thirdparty.io.netty.allocator.useCacheForAllThreads=false in command line.
2019-07-13 09:17:51,306 INFO  grpc.GrpcConfigKeys$Server (ConfUtils.java:logGet(43)) - raft.grpc.server.port = 0 (default)
2019-07-13 09:17:51,306 INFO  server.GrpcService (ConfUtils.java:logGet(43)) - raft.grpc.message.size.max = 33570816 (custom)
2019-07-13 09:17:51,306 INFO  server.RaftServerConfigKeys (ConfUtils.java:logGet(43)) - raft.server.log.appender.buffer.byte-limit = 33554432 (custom)
2019-07-13 09:17:51,307 INFO  server.GrpcService (ConfUtils.java:logGet(43)) - raft.grpc.flow.control.window = 1MB (=1048576) (default)
2019-07-13 09:17:51,307 INFO  server.RaftServerConfigKeys (ConfUtils.java:logGet(43)) - raft.server.rpc.request.timeout = 3000ms (default)
2019-07-13 09:17:51,308 INFO  server.RaftServerConfigKeys (ConfUtils.java:logGet(43)) - raft.server.storage.dir = [/tmp/workdir/hadoop-ozone/integration-test/target/test-dir/MiniOzoneClusterImpl-c8202114-a271-4ee2-b51f-a8df28038b75/datanode-0/data/ratis] (custom)
2019-07-13 09:17:51,308 INFO  replication.SimpleContainerDownloader (SimpleContainerDownloader.java:<init>(72)) - Starting container downloader service to copy containers to replicate.
2019-07-13 09:17:51,309 INFO  hdfs.DFSUtil (DFSUtil.java:httpServerTemplateForNNAndJN(1641)) - Starting Web-server for hddsDatanode at: http://0.0.0.0:0
2019-07-13 09:17:51,310 INFO  server.AuthenticationFilter (AuthenticationFilter.java:constructSecretProvider(240)) - Unable to initialize FileSignerSecretProvider, falling back to use random secrets.
2019-07-13 09:17:51,311 WARN  http.HttpRequestLog (HttpRequestLog.java:getRequestLog(97)) - Jetty request log can only be enabled using Log4j
2019-07-13 09:17:51,312 INFO  http.HttpServer2 (HttpServer2.java:addGlobalFilter(975)) - Added global filter 'safety' (class=org.apache.hadoop.http.HttpServer2$QuotingInputFilter)
2019-07-13 09:17:51,312 INFO  http.HttpServer2 (HttpServer2.java:addFilter(948)) - Added filter static_user_filter (class=org.apache.hadoop.http.lib.StaticUserWebFilter$StaticUserFilter) to context hddsDatanode
2019-07-13 09:17:51,312 INFO  http.HttpServer2 (HttpServer2.java:addFilter(958)) - Added filter static_user_filter (class=org.apache.hadoop.http.lib.StaticUserWebFilter$StaticUserFilter) to context logs
2019-07-13 09:17:51,312 INFO  http.HttpServer2 (HttpServer2.java:addFilter(958)) - Added filter static_user_filter (class=org.apache.hadoop.http.lib.StaticUserWebFilter$StaticUserFilter) to context static
2019-07-13 09:17:51,313 INFO  http.HttpServer2 (HttpServer2.java:bindListener(1191)) - Jetty bound to port 41359
2019-07-13 09:17:51,313 INFO  server.Server (Server.java:doStart(351)) - jetty-9.3.24.v20180605, build timestamp: 2018-06-05T17:11:56Z, git hash: 84205aa28f11a4f31f2a3b86d1bba2cc8ab69827
2019-07-13 09:17:51,315 INFO  handler.ContextHandler (ContextHandler.java:doStart(781)) - Started o.e.j.s.ServletContextHandler@6b0796d4{/logs,file:///tmp/workdir/hadoop-ozone/integration-test/target/log,AVAILABLE}
2019-07-13 09:17:51,315 INFO  handler.ContextHandler (ContextHandler.java:doStart(781)) - Started o.e.j.s.ServletContextHandler@173039b5{/static,jar:file:/home/user/.m2/repository/org/apache/hadoop/hadoop-hdds-container-service/0.5.0-SNAPSHOT/hadoop-hdds-container-service-0.5.0-SNAPSHOT.jar!/webapps/static,AVAILABLE}
2019-07-13 09:17:51,342 INFO  handler.ContextHandler (ContextHandler.java:doStart(781)) - Started o.e.j.w.WebAppContext@105c253a{/,file:///tmp/jetty-0.0.0.0-41359-hddsDatanode-_-any-8116553153478652772.dir/webapp/,AVAILABLE}{/hddsDatanode}
2019-07-13 09:17:51,342 INFO  server.AbstractConnector (AbstractConnector.java:doStart(278)) - Started ServerConnector@156322ce{HTTP/1.1,[http/1.1]}{0.0.0.0:41359}
2019-07-13 09:17:51,342 INFO  server.Server (Server.java:doStart(419)) - Started @606585ms
2019-07-13 09:17:51,344 INFO  server.BaseHttpServer (BaseHttpServer.java:updateConnectorAddress(207)) - HTTP server of HDDSDATANODE is listening at http://0.0.0.0:41359
2019-07-13 09:17:51,450 INFO  ozone.HddsDatanodeService (HddsDatanodeService.java:startPlugins(396)) - Started plug-in org.apache.hadoop.ozone.web.OzoneHddsDatanodeService@27c68ccb
2019-07-13 09:17:51,451 INFO  impl.MetricsSystemImpl (MetricsSystemImpl.java:init(158)) - HddsDatanode metrics system started (again)
2019-07-13 09:17:51,454 INFO  ozone.HddsDatanodeService (HddsDatanodeService.java:start(185)) - HddsDatanodeService host:trunk-nightly-hmp62-43275749 ip:192.168.69.96
2019-07-13 09:17:51,455 INFO  util.JvmPauseMonitor (JvmPauseMonitor.java:run(188)) - Starting JVM pause monitor
2019-07-13 09:17:51,457 INFO  datanode.InitDatanodeState (InitDatanodeState.java:persistContainerDatanodeDetails(140)) - DatanodeDetails is persisted to /tmp/workdir/hadoop-ozone/integration-test/target/test-dir/MiniOzoneClusterImpl-c8202114-a271-4ee2-b51f-a8df28038b75/datanode-0/meta/datanode.id
2019-07-13 09:17:51,466 INFO  volume.HddsVolume (HddsVolume.java:<init>(176)) - Creating Volume: /tmp/workdir/hadoop-ozone/integration-test/target/test-dir/MiniOzoneClusterImpl-c8202114-a271-4ee2-b51f-a8df28038b75/datanode-1/data/containers/hdds of  storage type : DISK and capacity : 52710309888
2019-07-13 09:17:51,467 INFO  volume.VolumeSet (VolumeSet.java:initializeVolumeSet(170)) - Added Volume : /tmp/workdir/hadoop-ozone/integration-test/target/test-dir/MiniOzoneClusterImpl-c8202114-a271-4ee2-b51f-a8df28038b75/datanode-1/data/containers/hdds to VolumeSet
2019-07-13 09:17:51,467 INFO  volume.ThrottledAsyncChecker (ThrottledAsyncChecker.java:schedule(140)) - Scheduling a check for org.apache.hadoop.ozone.container.common.volume.HddsVolume@14f1db20
2019-07-13 09:17:51,467 INFO  volume.HddsVolumeChecker (HddsVolumeChecker.java:checkAllVolumes(203)) - Scheduled health check for volume org.apache.hadoop.ozone.container.common.volume.HddsVolume@14f1db20
2019-07-13 09:17:51,482 INFO  impl.RaftServerProxy (ConfUtils.java:logGet(43)) - raft.rpc.type = GRPC (default)
2019-07-13 09:17:51,482 INFO  grpc.GrpcFactory (GrpcFactory.java:checkPooledByteBufAllocatorUseCacheForAllThreads(45)) - PERFORMANCE WARNING: useCacheForAllThreads is true that may cause Netty to create a lot garbage objects and, as a result, trigger GC.
	It is recommended to disable useCacheForAllThreads by setting -Dorg.apache.ratis.thirdparty.io.netty.allocator.useCacheForAllThreads=false in command line.
2019-07-13 09:17:51,482 INFO  grpc.GrpcConfigKeys$Server (ConfUtils.java:logGet(43)) - raft.grpc.server.port = 0 (default)
2019-07-13 09:17:51,483 INFO  server.GrpcService (ConfUtils.java:logGet(43)) - raft.grpc.message.size.max = 33570816 (custom)
2019-07-13 09:17:51,483 INFO  server.RaftServerConfigKeys (ConfUtils.java:logGet(43)) - raft.server.log.appender.buffer.byte-limit = 33554432 (custom)
2019-07-13 09:17:51,483 INFO  server.GrpcService (ConfUtils.java:logGet(43)) - raft.grpc.flow.control.window = 1MB (=1048576) (default)
2019-07-13 09:17:51,483 INFO  server.RaftServerConfigKeys (ConfUtils.java:logGet(43)) - raft.server.rpc.request.timeout = 3000ms (default)
2019-07-13 09:17:51,484 INFO  server.RaftServerConfigKeys (ConfUtils.java:logGet(43)) - raft.server.storage.dir = [/tmp/workdir/hadoop-ozone/integration-test/target/test-dir/MiniOzoneClusterImpl-c8202114-a271-4ee2-b51f-a8df28038b75/datanode-1/data/ratis] (custom)
2019-07-13 09:17:51,484 INFO  replication.SimpleContainerDownloader (SimpleContainerDownloader.java:<init>(72)) - Starting container downloader service to copy containers to replicate.
2019-07-13 09:17:51,485 INFO  hdfs.DFSUtil (DFSUtil.java:httpServerTemplateForNNAndJN(1641)) - Starting Web-server for hddsDatanode at: http://0.0.0.0:0
2019-07-13 09:17:51,486 INFO  server.AuthenticationFilter (AuthenticationFilter.java:constructSecretProvider(240)) - Unable to initialize FileSignerSecretProvider, falling back to use random secrets.
2019-07-13 09:17:51,487 WARN  http.HttpRequestLog (HttpRequestLog.java:getRequestLog(97)) - Jetty request log can only be enabled using Log4j
2019-07-13 09:17:51,488 INFO  http.HttpServer2 (HttpServer2.java:addGlobalFilter(975)) - Added global filter 'safety' (class=org.apache.hadoop.http.HttpServer2$QuotingInputFilter)
2019-07-13 09:17:51,488 INFO  http.HttpServer2 (HttpServer2.java:addFilter(948)) - Added filter static_user_filter (class=org.apache.hadoop.http.lib.StaticUserWebFilter$StaticUserFilter) to context hddsDatanode
2019-07-13 09:17:51,488 INFO  http.HttpServer2 (HttpServer2.java:addFilter(958)) - Added filter static_user_filter (class=org.apache.hadoop.http.lib.StaticUserWebFilter$StaticUserFilter) to context static
2019-07-13 09:17:51,488 INFO  http.HttpServer2 (HttpServer2.java:addFilter(958)) - Added filter static_user_filter (class=org.apache.hadoop.http.lib.StaticUserWebFilter$StaticUserFilter) to context logs
2019-07-13 09:17:51,489 INFO  http.HttpServer2 (HttpServer2.java:bindListener(1191)) - Jetty bound to port 38839
2019-07-13 09:17:51,489 INFO  server.Server (Server.java:doStart(351)) - jetty-9.3.24.v20180605, build timestamp: 2018-06-05T17:11:56Z, git hash: 84205aa28f11a4f31f2a3b86d1bba2cc8ab69827
2019-07-13 09:17:51,491 INFO  handler.ContextHandler (ContextHandler.java:doStart(781)) - Started o.e.j.s.ServletContextHandler@81ac569{/logs,file:///tmp/workdir/hadoop-ozone/integration-test/target/log,AVAILABLE}
2019-07-13 09:17:51,491 INFO  handler.ContextHandler (ContextHandler.java:doStart(781)) - Started o.e.j.s.ServletContextHandler@4d162d67{/static,jar:file:/home/user/.m2/repository/org/apache/hadoop/hadoop-hdds-container-service/0.5.0-SNAPSHOT/hadoop-hdds-container-service-0.5.0-SNAPSHOT.jar!/webapps/static,AVAILABLE}
2019-07-13 09:17:51,518 INFO  handler.ContextHandler (ContextHandler.java:doStart(781)) - Started o.e.j.w.WebAppContext@56daf3b1{/,file:///tmp/jetty-0.0.0.0-38839-hddsDatanode-_-any-3850959134918320048.dir/webapp/,AVAILABLE}{/hddsDatanode}
2019-07-13 09:17:51,518 INFO  server.AbstractConnector (AbstractConnector.java:doStart(278)) - Started ServerConnector@7ba0c0e5{HTTP/1.1,[http/1.1]}{0.0.0.0:38839}
2019-07-13 09:17:51,518 INFO  server.Server (Server.java:doStart(419)) - Started @606761ms
2019-07-13 09:17:51,520 INFO  server.BaseHttpServer (BaseHttpServer.java:updateConnectorAddress(207)) - HTTP server of HDDSDATANODE is listening at http://0.0.0.0:38839
2019-07-13 09:17:51,616 INFO  ozone.HddsDatanodeService (HddsDatanodeService.java:startPlugins(396)) - Started plug-in org.apache.hadoop.ozone.web.OzoneHddsDatanodeService@7cc742d
2019-07-13 09:17:51,616 INFO  impl.MetricsSystemImpl (MetricsSystemImpl.java:init(158)) - HddsDatanode metrics system started (again)
2019-07-13 09:17:51,617 INFO  ozone.HddsDatanodeService (HddsDatanodeService.java:start(185)) - HddsDatanodeService host:trunk-nightly-hmp62-43275749 ip:192.168.69.96
2019-07-13 09:17:51,620 INFO  util.JvmPauseMonitor (JvmPauseMonitor.java:run(188)) - Starting JVM pause monitor
2019-07-13 09:17:51,621 INFO  datanode.InitDatanodeState (InitDatanodeState.java:persistContainerDatanodeDetails(140)) - DatanodeDetails is persisted to /tmp/workdir/hadoop-ozone/integration-test/target/test-dir/MiniOzoneClusterImpl-c8202114-a271-4ee2-b51f-a8df28038b75/datanode-1/meta/datanode.id
2019-07-13 09:17:51,632 INFO  volume.HddsVolume (HddsVolume.java:<init>(176)) - Creating Volume: /tmp/workdir/hadoop-ozone/integration-test/target/test-dir/MiniOzoneClusterImpl-c8202114-a271-4ee2-b51f-a8df28038b75/datanode-2/data/containers/hdds of  storage type : DISK and capacity : 52710309888
2019-07-13 09:17:51,632 INFO  volume.VolumeSet (VolumeSet.java:initializeVolumeSet(170)) - Added Volume : /tmp/workdir/hadoop-ozone/integration-test/target/test-dir/MiniOzoneClusterImpl-c8202114-a271-4ee2-b51f-a8df28038b75/datanode-2/data/containers/hdds to VolumeSet
2019-07-13 09:17:51,632 INFO  volume.ThrottledAsyncChecker (ThrottledAsyncChecker.java:schedule(140)) - Scheduling a check for org.apache.hadoop.ozone.container.common.volume.HddsVolume@4098ef14
2019-07-13 09:17:51,633 INFO  volume.HddsVolumeChecker (HddsVolumeChecker.java:checkAllVolumes(203)) - Scheduled health check for volume org.apache.hadoop.ozone.container.common.volume.HddsVolume@4098ef14
2019-07-13 09:17:51,646 INFO  impl.RaftServerProxy (ConfUtils.java:logGet(43)) - raft.rpc.type = GRPC (default)
2019-07-13 09:17:51,646 INFO  grpc.GrpcFactory (GrpcFactory.java:checkPooledByteBufAllocatorUseCacheForAllThreads(45)) - PERFORMANCE WARNING: useCacheForAllThreads is true that may cause Netty to create a lot garbage objects and, as a result, trigger GC.
	It is recommended to disable useCacheForAllThreads by setting -Dorg.apache.ratis.thirdparty.io.netty.allocator.useCacheForAllThreads=false in command line.
2019-07-13 09:17:51,646 INFO  grpc.GrpcConfigKeys$Server (ConfUtils.java:logGet(43)) - raft.grpc.server.port = 0 (default)
2019-07-13 09:17:51,647 INFO  server.GrpcService (ConfUtils.java:logGet(43)) - raft.grpc.message.size.max = 33570816 (custom)
2019-07-13 09:17:51,647 INFO  server.RaftServerConfigKeys (ConfUtils.java:logGet(43)) - raft.server.log.appender.buffer.byte-limit = 33554432 (custom)
2019-07-13 09:17:51,647 INFO  server.GrpcService (ConfUtils.java:logGet(43)) - raft.grpc.flow.control.window = 1MB (=1048576) (default)
2019-07-13 09:17:51,647 INFO  server.RaftServerConfigKeys (ConfUtils.java:logGet(43)) - raft.server.rpc.request.timeout = 3000ms (default)
2019-07-13 09:17:51,648 INFO  server.RaftServerConfigKeys (ConfUtils.java:logGet(43)) - raft.server.storage.dir = [/tmp/workdir/hadoop-ozone/integration-test/target/test-dir/MiniOzoneClusterImpl-c8202114-a271-4ee2-b51f-a8df28038b75/datanode-2/data/ratis] (custom)
2019-07-13 09:17:51,648 INFO  replication.SimpleContainerDownloader (SimpleContainerDownloader.java:<init>(72)) - Starting container downloader service to copy containers to replicate.
2019-07-13 09:17:51,649 INFO  hdfs.DFSUtil (DFSUtil.java:httpServerTemplateForNNAndJN(1641)) - Starting Web-server for hddsDatanode at: http://0.0.0.0:0
2019-07-13 09:17:51,650 INFO  server.AuthenticationFilter (AuthenticationFilter.java:constructSecretProvider(240)) - Unable to initialize FileSignerSecretProvider, falling back to use random secrets.
2019-07-13 09:17:51,650 WARN  http.HttpRequestLog (HttpRequestLog.java:getRequestLog(97)) - Jetty request log can only be enabled using Log4j
2019-07-13 09:17:51,651 INFO  http.HttpServer2 (HttpServer2.java:addGlobalFilter(975)) - Added global filter 'safety' (class=org.apache.hadoop.http.HttpServer2$QuotingInputFilter)
2019-07-13 09:17:51,652 INFO  http.HttpServer2 (HttpServer2.java:addFilter(948)) - Added filter static_user_filter (class=org.apache.hadoop.http.lib.StaticUserWebFilter$StaticUserFilter) to context hddsDatanode
2019-07-13 09:17:51,652 INFO  http.HttpServer2 (HttpServer2.java:addFilter(958)) - Added filter static_user_filter (class=org.apache.hadoop.http.lib.StaticUserWebFilter$StaticUserFilter) to context logs
2019-07-13 09:17:51,652 INFO  http.HttpServer2 (HttpServer2.java:addFilter(958)) - Added filter static_user_filter (class=org.apache.hadoop.http.lib.StaticUserWebFilter$StaticUserFilter) to context static
2019-07-13 09:17:51,653 INFO  http.HttpServer2 (HttpServer2.java:bindListener(1191)) - Jetty bound to port 39579
2019-07-13 09:17:51,653 INFO  server.Server (Server.java:doStart(351)) - jetty-9.3.24.v20180605, build timestamp: 2018-06-05T17:11:56Z, git hash: 84205aa28f11a4f31f2a3b86d1bba2cc8ab69827
2019-07-13 09:17:51,654 INFO  handler.ContextHandler (ContextHandler.java:doStart(781)) - Started o.e.j.s.ServletContextHandler@2cf7ada5{/logs,file:///tmp/workdir/hadoop-ozone/integration-test/target/log,AVAILABLE}
2019-07-13 09:17:51,655 INFO  handler.ContextHandler (ContextHandler.java:doStart(781)) - Started o.e.j.s.ServletContextHandler@c2cc406{/static,jar:file:/home/user/.m2/repository/org/apache/hadoop/hadoop-hdds-container-service/0.5.0-SNAPSHOT/hadoop-hdds-container-service-0.5.0-SNAPSHOT.jar!/webapps/static,AVAILABLE}
2019-07-13 09:17:51,681 INFO  handler.ContextHandler (ContextHandler.java:doStart(781)) - Started o.e.j.w.WebAppContext@4dbf902{/,file:///tmp/jetty-0.0.0.0-39579-hddsDatanode-_-any-6256206146713815139.dir/webapp/,AVAILABLE}{/hddsDatanode}
2019-07-13 09:17:51,681 INFO  server.AbstractConnector (AbstractConnector.java:doStart(278)) - Started ServerConnector@3c0a4c8b{HTTP/1.1,[http/1.1]}{0.0.0.0:39579}
2019-07-13 09:17:51,681 INFO  server.Server (Server.java:doStart(419)) - Started @606924ms
2019-07-13 09:17:51,683 INFO  server.BaseHttpServer (BaseHttpServer.java:updateConnectorAddress(207)) - HTTP server of HDDSDATANODE is listening at http://0.0.0.0:39579
2019-07-13 09:17:51,814 INFO  ozone.HddsDatanodeService (HddsDatanodeService.java:startPlugins(396)) - Started plug-in org.apache.hadoop.ozone.web.OzoneHddsDatanodeService@8e89c5f
2019-07-13 09:17:51,814 INFO  impl.MetricsSystemImpl (MetricsSystemImpl.java:init(158)) - HddsDatanode metrics system started (again)
2019-07-13 09:17:51,817 INFO  ozone.HddsDatanodeService (HddsDatanodeService.java:start(185)) - HddsDatanodeService host:trunk-nightly-hmp62-43275749 ip:192.168.69.96
2019-07-13 09:17:51,818 INFO  util.JvmPauseMonitor (JvmPauseMonitor.java:run(188)) - Starting JVM pause monitor
2019-07-13 09:17:51,819 INFO  datanode.InitDatanodeState (InitDatanodeState.java:persistContainerDatanodeDetails(140)) - DatanodeDetails is persisted to /tmp/workdir/hadoop-ozone/integration-test/target/test-dir/MiniOzoneClusterImpl-c8202114-a271-4ee2-b51f-a8df28038b75/datanode-2/meta/datanode.id
2019-07-13 09:17:51,830 INFO  volume.HddsVolume (HddsVolume.java:<init>(176)) - Creating Volume: /tmp/workdir/hadoop-ozone/integration-test/target/test-dir/MiniOzoneClusterImpl-c8202114-a271-4ee2-b51f-a8df28038b75/datanode-3/data/containers/hdds of  storage type : DISK and capacity : 52710309888
2019-07-13 09:17:51,830 INFO  volume.VolumeSet (VolumeSet.java:initializeVolumeSet(170)) - Added Volume : /tmp/workdir/hadoop-ozone/integration-test/target/test-dir/MiniOzoneClusterImpl-c8202114-a271-4ee2-b51f-a8df28038b75/datanode-3/data/containers/hdds to VolumeSet
2019-07-13 09:17:51,831 INFO  volume.ThrottledAsyncChecker (ThrottledAsyncChecker.java:schedule(140)) - Scheduling a check for org.apache.hadoop.ozone.container.common.volume.HddsVolume@33116b8e
2019-07-13 09:17:51,831 INFO  volume.HddsVolumeChecker (HddsVolumeChecker.java:checkAllVolumes(203)) - Scheduled health check for volume org.apache.hadoop.ozone.container.common.volume.HddsVolume@33116b8e
2019-07-13 09:17:51,847 INFO  impl.RaftServerProxy (ConfUtils.java:logGet(43)) - raft.rpc.type = GRPC (default)
2019-07-13 09:17:51,847 INFO  grpc.GrpcFactory (GrpcFactory.java:checkPooledByteBufAllocatorUseCacheForAllThreads(45)) - PERFORMANCE WARNING: useCacheForAllThreads is true that may cause Netty to create a lot garbage objects and, as a result, trigger GC.
	It is recommended to disable useCacheForAllThreads by setting -Dorg.apache.ratis.thirdparty.io.netty.allocator.useCacheForAllThreads=false in command line.
2019-07-13 09:17:51,848 INFO  grpc.GrpcConfigKeys$Server (ConfUtils.java:logGet(43)) - raft.grpc.server.port = 0 (default)
2019-07-13 09:17:51,848 INFO  server.GrpcService (ConfUtils.java:logGet(43)) - raft.grpc.message.size.max = 33570816 (custom)
2019-07-13 09:17:51,848 INFO  server.RaftServerConfigKeys (ConfUtils.java:logGet(43)) - raft.server.log.appender.buffer.byte-limit = 33554432 (custom)
2019-07-13 09:17:51,848 INFO  server.GrpcService (ConfUtils.java:logGet(43)) - raft.grpc.flow.control.window = 1MB (=1048576) (default)
2019-07-13 09:17:51,848 INFO  server.RaftServerConfigKeys (ConfUtils.java:logGet(43)) - raft.server.rpc.request.timeout = 3000ms (default)
2019-07-13 09:17:51,849 INFO  server.RaftServerConfigKeys (ConfUtils.java:logGet(43)) - raft.server.storage.dir = [/tmp/workdir/hadoop-ozone/integration-test/target/test-dir/MiniOzoneClusterImpl-c8202114-a271-4ee2-b51f-a8df28038b75/datanode-3/data/ratis] (custom)
2019-07-13 09:17:51,849 INFO  replication.SimpleContainerDownloader (SimpleContainerDownloader.java:<init>(72)) - Starting container downloader service to copy containers to replicate.
2019-07-13 09:17:51,850 INFO  hdfs.DFSUtil (DFSUtil.java:httpServerTemplateForNNAndJN(1641)) - Starting Web-server for hddsDatanode at: http://0.0.0.0:0
2019-07-13 09:17:51,852 INFO  server.AuthenticationFilter (AuthenticationFilter.java:constructSecretProvider(240)) - Unable to initialize FileSignerSecretProvider, falling back to use random secrets.
2019-07-13 09:17:51,853 WARN  http.HttpRequestLog (HttpRequestLog.java:getRequestLog(97)) - Jetty request log can only be enabled using Log4j
2019-07-13 09:17:51,855 INFO  http.HttpServer2 (HttpServer2.java:addGlobalFilter(975)) - Added global filter 'safety' (class=org.apache.hadoop.http.HttpServer2$QuotingInputFilter)
2019-07-13 09:17:51,855 INFO  http.HttpServer2 (HttpServer2.java:addFilter(948)) - Added filter static_user_filter (class=org.apache.hadoop.http.lib.StaticUserWebFilter$StaticUserFilter) to context hddsDatanode
2019-07-13 09:17:51,856 INFO  http.HttpServer2 (HttpServer2.java:addFilter(958)) - Added filter static_user_filter (class=org.apache.hadoop.http.lib.StaticUserWebFilter$StaticUserFilter) to context logs
2019-07-13 09:17:51,856 INFO  http.HttpServer2 (HttpServer2.java:addFilter(958)) - Added filter static_user_filter (class=org.apache.hadoop.http.lib.StaticUserWebFilter$StaticUserFilter) to context static
2019-07-13 09:17:51,857 INFO  http.HttpServer2 (HttpServer2.java:bindListener(1191)) - Jetty bound to port 40581
2019-07-13 09:17:51,857 INFO  server.Server (Server.java:doStart(351)) - jetty-9.3.24.v20180605, build timestamp: 2018-06-05T17:11:56Z, git hash: 84205aa28f11a4f31f2a3b86d1bba2cc8ab69827
2019-07-13 09:17:51,859 INFO  handler.ContextHandler (ContextHandler.java:doStart(781)) - Started o.e.j.s.ServletContextHandler@39ae0bff{/logs,file:///tmp/workdir/hadoop-ozone/integration-test/target/log,AVAILABLE}
2019-07-13 09:17:51,860 INFO  handler.ContextHandler (ContextHandler.java:doStart(781)) - Started o.e.j.s.ServletContextHandler@29e9d47b{/static,jar:file:/home/user/.m2/repository/org/apache/hadoop/hadoop-hdds-container-service/0.5.0-SNAPSHOT/hadoop-hdds-container-service-0.5.0-SNAPSHOT.jar!/webapps/static,AVAILABLE}
2019-07-13 09:17:51,901 INFO  handler.ContextHandler (ContextHandler.java:doStart(781)) - Started o.e.j.w.WebAppContext@196bc2c1{/,file:///tmp/jetty-0.0.0.0-40581-hddsDatanode-_-any-2653952245957347272.dir/webapp/,AVAILABLE}{/hddsDatanode}
2019-07-13 09:17:51,902 INFO  server.AbstractConnector (AbstractConnector.java:doStart(278)) - Started ServerConnector@1fd2f96d{HTTP/1.1,[http/1.1]}{0.0.0.0:40581}
2019-07-13 09:17:51,902 INFO  server.Server (Server.java:doStart(419)) - Started @607145ms
2019-07-13 09:17:51,904 INFO  server.BaseHttpServer (BaseHttpServer.java:updateConnectorAddress(207)) - HTTP server of HDDSDATANODE is listening at http://0.0.0.0:40581
2019-07-13 09:17:52,003 INFO  ozone.HddsDatanodeService (HddsDatanodeService.java:startPlugins(396)) - Started plug-in org.apache.hadoop.ozone.web.OzoneHddsDatanodeService@3e17219
2019-07-13 09:17:52,004 INFO  impl.MetricsSystemImpl (MetricsSystemImpl.java:init(158)) - HddsDatanode metrics system started (again)
2019-07-13 09:17:52,007 INFO  ozone.HddsDatanodeService (HddsDatanodeService.java:start(185)) - HddsDatanodeService host:trunk-nightly-hmp62-43275749 ip:192.168.69.96
2019-07-13 09:17:52,009 INFO  util.JvmPauseMonitor (JvmPauseMonitor.java:run(188)) - Starting JVM pause monitor
2019-07-13 09:17:52,010 INFO  datanode.InitDatanodeState (InitDatanodeState.java:persistContainerDatanodeDetails(140)) - DatanodeDetails is persisted to /tmp/workdir/hadoop-ozone/integration-test/target/test-dir/MiniOzoneClusterImpl-c8202114-a271-4ee2-b51f-a8df28038b75/datanode-3/meta/datanode.id
2019-07-13 09:17:52,018 INFO  volume.HddsVolume (HddsVolume.java:<init>(176)) - Creating Volume: /tmp/workdir/hadoop-ozone/integration-test/target/test-dir/MiniOzoneClusterImpl-c8202114-a271-4ee2-b51f-a8df28038b75/datanode-4/data/containers/hdds of  storage type : DISK and capacity : 52710309888
2019-07-13 09:17:52,018 INFO  volume.VolumeSet (VolumeSet.java:initializeVolumeSet(170)) - Added Volume : /tmp/workdir/hadoop-ozone/integration-test/target/test-dir/MiniOzoneClusterImpl-c8202114-a271-4ee2-b51f-a8df28038b75/datanode-4/data/containers/hdds to VolumeSet
2019-07-13 09:17:52,019 INFO  volume.ThrottledAsyncChecker (ThrottledAsyncChecker.java:schedule(140)) - Scheduling a check for org.apache.hadoop.ozone.container.common.volume.HddsVolume@7ee45cbe
2019-07-13 09:17:52,019 INFO  volume.HddsVolumeChecker (HddsVolumeChecker.java:checkAllVolumes(203)) - Scheduled health check for volume org.apache.hadoop.ozone.container.common.volume.HddsVolume@7ee45cbe
2019-07-13 09:17:52,032 INFO  impl.RaftServerProxy (ConfUtils.java:logGet(43)) - raft.rpc.type = GRPC (default)
2019-07-13 09:17:52,032 INFO  grpc.GrpcFactory (GrpcFactory.java:checkPooledByteBufAllocatorUseCacheForAllThreads(45)) - PERFORMANCE WARNING: useCacheForAllThreads is true that may cause Netty to create a lot garbage objects and, as a result, trigger GC.
	It is recommended to disable useCacheForAllThreads by setting -Dorg.apache.ratis.thirdparty.io.netty.allocator.useCacheForAllThreads=false in command line.
2019-07-13 09:17:52,032 INFO  grpc.GrpcConfigKeys$Server (ConfUtils.java:logGet(43)) - raft.grpc.server.port = 0 (default)
2019-07-13 09:17:52,032 INFO  server.GrpcService (ConfUtils.java:logGet(43)) - raft.grpc.message.size.max = 33570816 (custom)
2019-07-13 09:17:52,033 INFO  server.RaftServerConfigKeys (ConfUtils.java:logGet(43)) - raft.server.log.appender.buffer.byte-limit = 33554432 (custom)
2019-07-13 09:17:52,033 INFO  server.GrpcService (ConfUtils.java:logGet(43)) - raft.grpc.flow.control.window = 1MB (=1048576) (default)
2019-07-13 09:17:52,033 INFO  server.RaftServerConfigKeys (ConfUtils.java:logGet(43)) - raft.server.rpc.request.timeout = 3000ms (default)
2019-07-13 09:17:52,033 INFO  server.RaftServerConfigKeys (ConfUtils.java:logGet(43)) - raft.server.storage.dir = [/tmp/workdir/hadoop-ozone/integration-test/target/test-dir/MiniOzoneClusterImpl-c8202114-a271-4ee2-b51f-a8df28038b75/datanode-4/data/ratis] (custom)
2019-07-13 09:17:52,034 INFO  replication.SimpleContainerDownloader (SimpleContainerDownloader.java:<init>(72)) - Starting container downloader service to copy containers to replicate.
2019-07-13 09:17:52,035 INFO  hdfs.DFSUtil (DFSUtil.java:httpServerTemplateForNNAndJN(1641)) - Starting Web-server for hddsDatanode at: http://0.0.0.0:0
2019-07-13 09:17:52,036 INFO  server.AuthenticationFilter (AuthenticationFilter.java:constructSecretProvider(240)) - Unable to initialize FileSignerSecretProvider, falling back to use random secrets.
2019-07-13 09:17:52,036 WARN  http.HttpRequestLog (HttpRequestLog.java:getRequestLog(97)) - Jetty request log can only be enabled using Log4j
2019-07-13 09:17:52,037 INFO  http.HttpServer2 (HttpServer2.java:addGlobalFilter(975)) - Added global filter 'safety' (class=org.apache.hadoop.http.HttpServer2$QuotingInputFilter)
2019-07-13 09:17:52,037 INFO  http.HttpServer2 (HttpServer2.java:addFilter(948)) - Added filter static_user_filter (class=org.apache.hadoop.http.lib.StaticUserWebFilter$StaticUserFilter) to context hddsDatanode
2019-07-13 09:17:52,038 INFO  http.HttpServer2 (HttpServer2.java:addFilter(958)) - Added filter static_user_filter (class=org.apache.hadoop.http.lib.StaticUserWebFilter$StaticUserFilter) to context static
2019-07-13 09:17:52,038 INFO  http.HttpServer2 (HttpServer2.java:addFilter(958)) - Added filter static_user_filter (class=org.apache.hadoop.http.lib.StaticUserWebFilter$StaticUserFilter) to context logs
2019-07-13 09:17:52,038 INFO  http.HttpServer2 (HttpServer2.java:bindListener(1191)) - Jetty bound to port 37877
2019-07-13 09:17:52,038 INFO  server.Server (Server.java:doStart(351)) - jetty-9.3.24.v20180605, build timestamp: 2018-06-05T17:11:56Z, git hash: 84205aa28f11a4f31f2a3b86d1bba2cc8ab69827
2019-07-13 09:17:52,040 INFO  handler.ContextHandler (ContextHandler.java:doStart(781)) - Started o.e.j.s.ServletContextHandler@22152da0{/logs,file:///tmp/workdir/hadoop-ozone/integration-test/target/log,AVAILABLE}
2019-07-13 09:17:52,040 INFO  handler.ContextHandler (ContextHandler.java:doStart(781)) - Started o.e.j.s.ServletContextHandler@5039de18{/static,jar:file:/home/user/.m2/repository/org/apache/hadoop/hadoop-hdds-container-service/0.5.0-SNAPSHOT/hadoop-hdds-container-service-0.5.0-SNAPSHOT.jar!/webapps/static,AVAILABLE}
2019-07-13 09:17:52,070 INFO  handler.ContextHandler (ContextHandler.java:doStart(781)) - Started o.e.j.w.WebAppContext@60adea01{/,file:///tmp/jetty-0.0.0.0-37877-hddsDatanode-_-any-724765307628100690.dir/webapp/,AVAILABLE}{/hddsDatanode}
2019-07-13 09:17:52,070 INFO  server.AbstractConnector (AbstractConnector.java:doStart(278)) - Started ServerConnector@603042a5{HTTP/1.1,[http/1.1]}{0.0.0.0:37877}
2019-07-13 09:17:52,070 INFO  server.Server (Server.java:doStart(419)) - Started @607313ms
2019-07-13 09:17:52,072 INFO  server.BaseHttpServer (BaseHttpServer.java:updateConnectorAddress(207)) - HTTP server of HDDSDATANODE is listening at http://0.0.0.0:37877
2019-07-13 09:17:52,170 INFO  ozone.HddsDatanodeService (HddsDatanodeService.java:startPlugins(396)) - Started plug-in org.apache.hadoop.ozone.web.OzoneHddsDatanodeService@6fbfd6ed
2019-07-13 09:17:52,170 INFO  impl.MetricsSystemImpl (MetricsSystemImpl.java:init(158)) - HddsDatanode metrics system started (again)
2019-07-13 09:17:52,172 INFO  ozone.HddsDatanodeService (HddsDatanodeService.java:start(185)) - HddsDatanodeService host:trunk-nightly-hmp62-43275749 ip:192.168.69.96
2019-07-13 09:17:52,174 INFO  util.JvmPauseMonitor (JvmPauseMonitor.java:run(188)) - Starting JVM pause monitor
2019-07-13 09:17:52,175 INFO  datanode.InitDatanodeState (InitDatanodeState.java:persistContainerDatanodeDetails(140)) - DatanodeDetails is persisted to /tmp/workdir/hadoop-ozone/integration-test/target/test-dir/MiniOzoneClusterImpl-c8202114-a271-4ee2-b51f-a8df28038b75/datanode-4/meta/datanode.id
2019-07-13 09:17:52,186 INFO  volume.HddsVolume (HddsVolume.java:<init>(176)) - Creating Volume: /tmp/workdir/hadoop-ozone/integration-test/target/test-dir/MiniOzoneClusterImpl-c8202114-a271-4ee2-b51f-a8df28038b75/datanode-5/data/containers/hdds of  storage type : DISK and capacity : 52710309888
2019-07-13 09:17:52,187 INFO  volume.VolumeSet (VolumeSet.java:initializeVolumeSet(170)) - Added Volume : /tmp/workdir/hadoop-ozone/integration-test/target/test-dir/MiniOzoneClusterImpl-c8202114-a271-4ee2-b51f-a8df28038b75/datanode-5/data/containers/hdds to VolumeSet
2019-07-13 09:17:52,187 INFO  volume.ThrottledAsyncChecker (ThrottledAsyncChecker.java:schedule(140)) - Scheduling a check for org.apache.hadoop.ozone.container.common.volume.HddsVolume@58ef1543
2019-07-13 09:17:52,187 INFO  volume.HddsVolumeChecker (HddsVolumeChecker.java:checkAllVolumes(203)) - Scheduled health check for volume org.apache.hadoop.ozone.container.common.volume.HddsVolume@58ef1543
2019-07-13 09:17:52,206 INFO  impl.RaftServerProxy (ConfUtils.java:logGet(43)) - raft.rpc.type = GRPC (default)
2019-07-13 09:17:52,206 INFO  grpc.GrpcFactory (GrpcFactory.java:checkPooledByteBufAllocatorUseCacheForAllThreads(45)) - PERFORMANCE WARNING: useCacheForAllThreads is true that may cause Netty to create a lot garbage objects and, as a result, trigger GC.
	It is recommended to disable useCacheForAllThreads by setting -Dorg.apache.ratis.thirdparty.io.netty.allocator.useCacheForAllThreads=false in command line.
2019-07-13 09:17:52,206 INFO  grpc.GrpcConfigKeys$Server (ConfUtils.java:logGet(43)) - raft.grpc.server.port = 0 (default)
2019-07-13 09:17:52,206 INFO  server.GrpcService (ConfUtils.java:logGet(43)) - raft.grpc.message.size.max = 33570816 (custom)
2019-07-13 09:17:52,206 INFO  server.RaftServerConfigKeys (ConfUtils.java:logGet(43)) - raft.server.log.appender.buffer.byte-limit = 33554432 (custom)
2019-07-13 09:17:52,207 INFO  server.GrpcService (ConfUtils.java:logGet(43)) - raft.grpc.flow.control.window = 1MB (=1048576) (default)
2019-07-13 09:17:52,207 INFO  server.RaftServerConfigKeys (ConfUtils.java:logGet(43)) - raft.server.rpc.request.timeout = 3000ms (default)
2019-07-13 09:17:52,207 INFO  server.RaftServerConfigKeys (ConfUtils.java:logGet(43)) - raft.server.storage.dir = [/tmp/workdir/hadoop-ozone/integration-test/target/test-dir/MiniOzoneClusterImpl-c8202114-a271-4ee2-b51f-a8df28038b75/datanode-5/data/ratis] (custom)
2019-07-13 09:17:52,208 INFO  replication.SimpleContainerDownloader (SimpleContainerDownloader.java:<init>(72)) - Starting container downloader service to copy containers to replicate.
2019-07-13 09:17:52,209 INFO  hdfs.DFSUtil (DFSUtil.java:httpServerTemplateForNNAndJN(1641)) - Starting Web-server for hddsDatanode at: http://0.0.0.0:0
2019-07-13 09:17:52,210 INFO  server.AuthenticationFilter (AuthenticationFilter.java:constructSecretProvider(240)) - Unable to initialize FileSignerSecretProvider, falling back to use random secrets.
2019-07-13 09:17:52,211 WARN  http.HttpRequestLog (HttpRequestLog.java:getRequestLog(97)) - Jetty request log can only be enabled using Log4j
2019-07-13 09:17:52,213 INFO  http.HttpServer2 (HttpServer2.java:addGlobalFilter(975)) - Added global filter 'safety' (class=org.apache.hadoop.http.HttpServer2$QuotingInputFilter)
2019-07-13 09:17:52,214 INFO  http.HttpServer2 (HttpServer2.java:addFilter(948)) - Added filter static_user_filter (class=org.apache.hadoop.http.lib.StaticUserWebFilter$StaticUserFilter) to context hddsDatanode
2019-07-13 09:17:52,214 INFO  http.HttpServer2 (HttpServer2.java:addFilter(958)) - Added filter static_user_filter (class=org.apache.hadoop.http.lib.StaticUserWebFilter$StaticUserFilter) to context static
2019-07-13 09:17:52,214 INFO  http.HttpServer2 (HttpServer2.java:addFilter(958)) - Added filter static_user_filter (class=org.apache.hadoop.http.lib.StaticUserWebFilter$StaticUserFilter) to context logs
2019-07-13 09:17:52,215 INFO  http.HttpServer2 (HttpServer2.java:bindListener(1191)) - Jetty bound to port 41933
2019-07-13 09:17:52,215 INFO  server.Server (Server.java:doStart(351)) - jetty-9.3.24.v20180605, build timestamp: 2018-06-05T17:11:56Z, git hash: 84205aa28f11a4f31f2a3b86d1bba2cc8ab69827
2019-07-13 09:17:52,217 INFO  handler.ContextHandler (ContextHandler.java:doStart(781)) - Started o.e.j.s.ServletContextHandler@2b811d1c{/logs,file:///tmp/workdir/hadoop-ozone/integration-test/target/log,AVAILABLE}
2019-07-13 09:17:52,218 INFO  handler.ContextHandler (ContextHandler.java:doStart(781)) - Started o.e.j.s.ServletContextHandler@221ec884{/static,jar:file:/home/user/.m2/repository/org/apache/hadoop/hadoop-hdds-container-service/0.5.0-SNAPSHOT/hadoop-hdds-container-service-0.5.0-SNAPSHOT.jar!/webapps/static,AVAILABLE}
2019-07-13 09:17:52,256 INFO  handler.ContextHandler (ContextHandler.java:doStart(781)) - Started o.e.j.w.WebAppContext@46e03c31{/,file:///tmp/jetty-0.0.0.0-41933-hddsDatanode-_-any-7103965413738009308.dir/webapp/,AVAILABLE}{/hddsDatanode}
2019-07-13 09:17:52,257 INFO  server.AbstractConnector (AbstractConnector.java:doStart(278)) - Started ServerConnector@24cf1abf{HTTP/1.1,[http/1.1]}{0.0.0.0:41933}
2019-07-13 09:17:52,257 INFO  server.Server (Server.java:doStart(419)) - Started @607499ms
2019-07-13 09:17:52,259 INFO  server.BaseHttpServer (BaseHttpServer.java:updateConnectorAddress(207)) - HTTP server of HDDSDATANODE is listening at http://0.0.0.0:41933
2019-07-13 09:17:52,357 INFO  ozone.HddsDatanodeService (HddsDatanodeService.java:startPlugins(396)) - Started plug-in org.apache.hadoop.ozone.web.OzoneHddsDatanodeService@726615d7
2019-07-13 09:17:52,357 INFO  impl.MetricsSystemImpl (MetricsSystemImpl.java:init(158)) - HddsDatanode metrics system started (again)
2019-07-13 09:17:52,359 INFO  ozone.HddsDatanodeService (HddsDatanodeService.java:start(185)) - HddsDatanodeService host:trunk-nightly-hmp62-43275749 ip:192.168.69.96
2019-07-13 09:17:52,362 INFO  util.JvmPauseMonitor (JvmPauseMonitor.java:run(188)) - Starting JVM pause monitor
2019-07-13 09:17:52,363 INFO  datanode.InitDatanodeState (InitDatanodeState.java:persistContainerDatanodeDetails(140)) - DatanodeDetails is persisted to /tmp/workdir/hadoop-ozone/integration-test/target/test-dir/MiniOzoneClusterImpl-c8202114-a271-4ee2-b51f-a8df28038b75/datanode-5/meta/datanode.id
2019-07-13 09:17:52,373 INFO  volume.HddsVolume (HddsVolume.java:<init>(176)) - Creating Volume: /tmp/workdir/hadoop-ozone/integration-test/target/test-dir/MiniOzoneClusterImpl-c8202114-a271-4ee2-b51f-a8df28038b75/datanode-6/data/containers/hdds of  storage type : DISK and capacity : 52710309888
2019-07-13 09:17:52,374 INFO  volume.VolumeSet (VolumeSet.java:initializeVolumeSet(170)) - Added Volume : /tmp/workdir/hadoop-ozone/integration-test/target/test-dir/MiniOzoneClusterImpl-c8202114-a271-4ee2-b51f-a8df28038b75/datanode-6/data/containers/hdds to VolumeSet
2019-07-13 09:17:52,374 INFO  volume.ThrottledAsyncChecker (ThrottledAsyncChecker.java:schedule(140)) - Scheduling a check for org.apache.hadoop.ozone.container.common.volume.HddsVolume@5989f463
2019-07-13 09:17:52,374 INFO  volume.HddsVolumeChecker (HddsVolumeChecker.java:checkAllVolumes(203)) - Scheduled health check for volume org.apache.hadoop.ozone.container.common.volume.HddsVolume@5989f463
2019-07-13 09:17:52,393 INFO  impl.RaftServerProxy (ConfUtils.java:logGet(43)) - raft.rpc.type = GRPC (default)
2019-07-13 09:17:52,393 INFO  grpc.GrpcFactory (GrpcFactory.java:checkPooledByteBufAllocatorUseCacheForAllThreads(45)) - PERFORMANCE WARNING: useCacheForAllThreads is true that may cause Netty to create a lot garbage objects and, as a result, trigger GC.
	It is recommended to disable useCacheForAllThreads by setting -Dorg.apache.ratis.thirdparty.io.netty.allocator.useCacheForAllThreads=false in command line.
2019-07-13 09:17:52,394 INFO  grpc.GrpcConfigKeys$Server (ConfUtils.java:logGet(43)) - raft.grpc.server.port = 0 (default)
2019-07-13 09:17:52,394 INFO  server.GrpcService (ConfUtils.java:logGet(43)) - raft.grpc.message.size.max = 33570816 (custom)
2019-07-13 09:17:52,394 INFO  server.RaftServerConfigKeys (ConfUtils.java:logGet(43)) - raft.server.log.appender.buffer.byte-limit = 33554432 (custom)
2019-07-13 09:17:52,394 INFO  server.GrpcService (ConfUtils.java:logGet(43)) - raft.grpc.flow.control.window = 1MB (=1048576) (default)
2019-07-13 09:17:52,395 INFO  server.RaftServerConfigKeys (ConfUtils.java:logGet(43)) - raft.server.rpc.request.timeout = 3000ms (default)
2019-07-13 09:17:52,395 INFO  server.RaftServerConfigKeys (ConfUtils.java:logGet(43)) - raft.server.storage.dir = [/tmp/workdir/hadoop-ozone/integration-test/target/test-dir/MiniOzoneClusterImpl-c8202114-a271-4ee2-b51f-a8df28038b75/datanode-6/data/ratis] (custom)
2019-07-13 09:17:52,395 INFO  replication.SimpleContainerDownloader (SimpleContainerDownloader.java:<init>(72)) - Starting container downloader service to copy containers to replicate.
2019-07-13 09:17:52,396 INFO  hdfs.DFSUtil (DFSUtil.java:httpServerTemplateForNNAndJN(1641)) - Starting Web-server for hddsDatanode at: http://0.0.0.0:0
2019-07-13 09:17:52,397 INFO  server.AuthenticationFilter (AuthenticationFilter.java:constructSecretProvider(240)) - Unable to initialize FileSignerSecretProvider, falling back to use random secrets.
2019-07-13 09:17:52,398 WARN  http.HttpRequestLog (HttpRequestLog.java:getRequestLog(97)) - Jetty request log can only be enabled using Log4j
2019-07-13 09:17:52,399 INFO  http.HttpServer2 (HttpServer2.java:addGlobalFilter(975)) - Added global filter 'safety' (class=org.apache.hadoop.http.HttpServer2$QuotingInputFilter)
2019-07-13 09:17:52,399 INFO  http.HttpServer2 (HttpServer2.java:addFilter(948)) - Added filter static_user_filter (class=org.apache.hadoop.http.lib.StaticUserWebFilter$StaticUserFilter) to context hddsDatanode
2019-07-13 09:17:52,399 INFO  http.HttpServer2 (HttpServer2.java:addFilter(958)) - Added filter static_user_filter (class=org.apache.hadoop.http.lib.StaticUserWebFilter$StaticUserFilter) to context logs
2019-07-13 09:17:52,399 INFO  http.HttpServer2 (HttpServer2.java:addFilter(958)) - Added filter static_user_filter (class=org.apache.hadoop.http.lib.StaticUserWebFilter$StaticUserFilter) to context static
2019-07-13 09:17:52,400 INFO  http.HttpServer2 (HttpServer2.java:bindListener(1191)) - Jetty bound to port 43317
2019-07-13 09:17:52,400 INFO  server.Server (Server.java:doStart(351)) - jetty-9.3.24.v20180605, build timestamp: 2018-06-05T17:11:56Z, git hash: 84205aa28f11a4f31f2a3b86d1bba2cc8ab69827
2019-07-13 09:17:52,402 INFO  handler.ContextHandler (ContextHandler.java:doStart(781)) - Started o.e.j.s.ServletContextHandler@626e3b18{/logs,file:///tmp/workdir/hadoop-ozone/integration-test/target/log,AVAILABLE}
2019-07-13 09:17:52,402 INFO  handler.ContextHandler (ContextHandler.java:doStart(781)) - Started o.e.j.s.ServletContextHandler@113886b1{/static,jar:file:/home/user/.m2/repository/org/apache/hadoop/hadoop-hdds-container-service/0.5.0-SNAPSHOT/hadoop-hdds-container-service-0.5.0-SNAPSHOT.jar!/webapps/static,AVAILABLE}
2019-07-13 09:17:52,428 INFO  handler.ContextHandler (ContextHandler.java:doStart(781)) - Started o.e.j.w.WebAppContext@6f78eb17{/,file:///tmp/jetty-0.0.0.0-43317-hddsDatanode-_-any-9191387390370122503.dir/webapp/,AVAILABLE}{/hddsDatanode}
2019-07-13 09:17:52,429 INFO  server.AbstractConnector (AbstractConnector.java:doStart(278)) - Started ServerConnector@7d49ebf2{HTTP/1.1,[http/1.1]}{0.0.0.0:43317}
2019-07-13 09:17:52,429 INFO  server.Server (Server.java:doStart(419)) - Started @607671ms
2019-07-13 09:17:52,431 INFO  server.BaseHttpServer (BaseHttpServer.java:updateConnectorAddress(207)) - HTTP server of HDDSDATANODE is listening at http://0.0.0.0:43317
2019-07-13 09:17:52,526 INFO  ozone.HddsDatanodeService (HddsDatanodeService.java:startPlugins(396)) - Started plug-in org.apache.hadoop.ozone.web.OzoneHddsDatanodeService@64a552
2019-07-13 09:17:52,527 INFO  ozone.MiniOzoneClusterImpl (MiniOzoneClusterImpl.java:lambda$waitForClusterToBeReady$0(142)) - Waiting for cluster to be ready. Got 0 of 7 DN Heartbeats.
2019-07-13 09:17:52,531 INFO  util.JvmPauseMonitor (JvmPauseMonitor.java:run(188)) - Starting JVM pause monitor
2019-07-13 09:17:52,532 INFO  datanode.InitDatanodeState (InitDatanodeState.java:persistContainerDatanodeDetails(140)) - DatanodeDetails is persisted to /tmp/workdir/hadoop-ozone/integration-test/target/test-dir/MiniOzoneClusterImpl-c8202114-a271-4ee2-b51f-a8df28038b75/datanode-6/meta/datanode.id
2019-07-13 09:17:53,478 INFO  ozoneimpl.OzoneContainer (OzoneContainer.java:start(186)) - Attempting to start container services.
2019-07-13 09:17:53,481 INFO  ozoneimpl.OzoneContainer (OzoneContainer.java:startContainerScrub(160)) - Background container scrubber has been disabled by hdds.containerscrub.enabled
2019-07-13 09:17:53,482 INFO  ratis.XceiverServerRatis (XceiverServerRatis.java:start(418)) - Starting XceiverServerRatis db776cde-2f7f-4f7b-8f98-f09ebaa78005 at port 0
2019-07-13 09:17:53,489 INFO  impl.RaftServerProxy (RaftServerProxy.java:lambda$start$3(299)) - db776cde-2f7f-4f7b-8f98-f09ebaa78005: start RPC server
2019-07-13 09:17:53,491 INFO  server.GrpcService (GrpcService.java:startImpl(149)) - db776cde-2f7f-4f7b-8f98-f09ebaa78005: GrpcService started, listening on 0.0.0.0/0.0.0.0:42700
2019-07-13 09:17:53,491 INFO  ratis.XceiverServerRatis (XceiverServerRatis.java:start(428)) - XceiverServerRatis db776cde-2f7f-4f7b-8f98-f09ebaa78005 is started using port 42700
2019-07-13 09:17:53,499 INFO  server.XceiverServerGrpc (XceiverServerGrpc.java:start(161)) - XceiverServerGrpc db776cde-2f7f-4f7b-8f98-f09ebaa78005 is started using port 38973
2019-07-13 09:17:53,527 INFO  ozone.MiniOzoneClusterImpl (MiniOzoneClusterImpl.java:lambda$waitForClusterToBeReady$0(142)) - Waiting for cluster to be ready. Got 0 of 7 DN Heartbeats.
2019-07-13 09:17:53,635 INFO  ozoneimpl.OzoneContainer (OzoneContainer.java:start(186)) - Attempting to start container services.
2019-07-13 09:17:53,639 INFO  ozoneimpl.OzoneContainer (OzoneContainer.java:startContainerScrub(160)) - Background container scrubber has been disabled by hdds.containerscrub.enabled
2019-07-13 09:17:53,639 INFO  ratis.XceiverServerRatis (XceiverServerRatis.java:start(418)) - Starting XceiverServerRatis 1bf50807-ccef-4394-9b24-0baf88707772 at port 0
2019-07-13 09:17:53,646 INFO  impl.RaftServerProxy (RaftServerProxy.java:lambda$start$3(299)) - 1bf50807-ccef-4394-9b24-0baf88707772: start RPC server
2019-07-13 09:17:53,647 INFO  server.GrpcService (GrpcService.java:startImpl(149)) - 1bf50807-ccef-4394-9b24-0baf88707772: GrpcService started, listening on 0.0.0.0/0.0.0.0:33904
2019-07-13 09:17:53,647 INFO  ratis.XceiverServerRatis (XceiverServerRatis.java:start(428)) - XceiverServerRatis 1bf50807-ccef-4394-9b24-0baf88707772 is started using port 33904
2019-07-13 09:17:53,648 INFO  server.XceiverServerGrpc (XceiverServerGrpc.java:start(161)) - XceiverServerGrpc 1bf50807-ccef-4394-9b24-0baf88707772 is started using port 37295
2019-07-13 09:17:53,832 INFO  ozoneimpl.OzoneContainer (OzoneContainer.java:start(186)) - Attempting to start container services.
2019-07-13 09:17:53,840 INFO  ozoneimpl.OzoneContainer (OzoneContainer.java:startContainerScrub(160)) - Background container scrubber has been disabled by hdds.containerscrub.enabled
2019-07-13 09:17:53,840 INFO  ratis.XceiverServerRatis (XceiverServerRatis.java:start(418)) - Starting XceiverServerRatis 0fa1d900-de89-4631-a285-2978aa9734d3 at port 0
2019-07-13 09:17:53,848 INFO  impl.RaftServerProxy (RaftServerProxy.java:lambda$start$3(299)) - 0fa1d900-de89-4631-a285-2978aa9734d3: start RPC server
2019-07-13 09:17:53,849 INFO  server.GrpcService (GrpcService.java:startImpl(149)) - 0fa1d900-de89-4631-a285-2978aa9734d3: GrpcService started, listening on 0.0.0.0/0.0.0.0:41012
2019-07-13 09:17:53,849 INFO  ratis.XceiverServerRatis (XceiverServerRatis.java:start(428)) - XceiverServerRatis 0fa1d900-de89-4631-a285-2978aa9734d3 is started using port 41012
2019-07-13 09:17:53,850 INFO  server.XceiverServerGrpc (XceiverServerGrpc.java:start(161)) - XceiverServerGrpc 0fa1d900-de89-4631-a285-2978aa9734d3 is started using port 34082
2019-07-13 09:17:54,023 INFO  ozoneimpl.OzoneContainer (OzoneContainer.java:start(186)) - Attempting to start container services.
2019-07-13 09:17:54,023 INFO  ozoneimpl.OzoneContainer (OzoneContainer.java:startContainerScrub(160)) - Background container scrubber has been disabled by hdds.containerscrub.enabled
2019-07-13 09:17:54,023 INFO  ratis.XceiverServerRatis (XceiverServerRatis.java:start(418)) - Starting XceiverServerRatis 8cec96c7-7b7b-4772-9427-16e2c732dc6c at port 0
2019-07-13 09:17:54,031 INFO  impl.RaftServerProxy (RaftServerProxy.java:lambda$start$3(299)) - 8cec96c7-7b7b-4772-9427-16e2c732dc6c: start RPC server
2019-07-13 09:17:54,032 INFO  server.GrpcService (GrpcService.java:startImpl(149)) - 8cec96c7-7b7b-4772-9427-16e2c732dc6c: GrpcService started, listening on 0.0.0.0/0.0.0.0:34523
2019-07-13 09:17:54,032 INFO  ratis.XceiverServerRatis (XceiverServerRatis.java:start(428)) - XceiverServerRatis 8cec96c7-7b7b-4772-9427-16e2c732dc6c is started using port 34523
2019-07-13 09:17:54,033 INFO  server.XceiverServerGrpc (XceiverServerGrpc.java:start(161)) - XceiverServerGrpc 8cec96c7-7b7b-4772-9427-16e2c732dc6c is started using port 41916
2019-07-13 09:17:54,189 INFO  ozoneimpl.OzoneContainer (OzoneContainer.java:start(186)) - Attempting to start container services.
2019-07-13 09:17:54,189 INFO  ozoneimpl.OzoneContainer (OzoneContainer.java:startContainerScrub(160)) - Background container scrubber has been disabled by hdds.containerscrub.enabled
2019-07-13 09:17:54,189 INFO  ratis.XceiverServerRatis (XceiverServerRatis.java:start(418)) - Starting XceiverServerRatis fc955830-2cac-4c8b-b78a-68d87f4dec05 at port 0
2019-07-13 09:17:54,197 INFO  impl.RaftServerProxy (RaftServerProxy.java:lambda$start$3(299)) - fc955830-2cac-4c8b-b78a-68d87f4dec05: start RPC server
2019-07-13 09:17:54,198 INFO  server.GrpcService (GrpcService.java:startImpl(149)) - fc955830-2cac-4c8b-b78a-68d87f4dec05: GrpcService started, listening on 0.0.0.0/0.0.0.0:44504
2019-07-13 09:17:54,198 INFO  ratis.XceiverServerRatis (XceiverServerRatis.java:start(428)) - XceiverServerRatis fc955830-2cac-4c8b-b78a-68d87f4dec05 is started using port 44504
2019-07-13 09:17:54,198 INFO  server.XceiverServerGrpc (XceiverServerGrpc.java:start(161)) - XceiverServerGrpc fc955830-2cac-4c8b-b78a-68d87f4dec05 is started using port 33868
2019-07-13 09:17:54,375 INFO  ozoneimpl.OzoneContainer (OzoneContainer.java:start(186)) - Attempting to start container services.
2019-07-13 09:17:54,375 INFO  ozoneimpl.OzoneContainer (OzoneContainer.java:startContainerScrub(160)) - Background container scrubber has been disabled by hdds.containerscrub.enabled
2019-07-13 09:17:54,376 INFO  ratis.XceiverServerRatis (XceiverServerRatis.java:start(418)) - Starting XceiverServerRatis 69012c72-a113-4648-bf06-cf2148c5ab6d at port 0
2019-07-13 09:17:54,383 INFO  impl.RaftServerProxy (RaftServerProxy.java:lambda$start$3(299)) - 69012c72-a113-4648-bf06-cf2148c5ab6d: start RPC server
2019-07-13 09:17:54,384 INFO  server.GrpcService (GrpcService.java:startImpl(149)) - 69012c72-a113-4648-bf06-cf2148c5ab6d: GrpcService started, listening on 0.0.0.0/0.0.0.0:41915
2019-07-13 09:17:54,384 INFO  ratis.XceiverServerRatis (XceiverServerRatis.java:start(428)) - XceiverServerRatis 69012c72-a113-4648-bf06-cf2148c5ab6d is started using port 41915
2019-07-13 09:17:54,384 INFO  server.XceiverServerGrpc (XceiverServerGrpc.java:start(161)) - XceiverServerGrpc 69012c72-a113-4648-bf06-cf2148c5ab6d is started using port 41797
2019-07-13 09:17:54,528 INFO  ozone.MiniOzoneClusterImpl (MiniOzoneClusterImpl.java:lambda$waitForClusterToBeReady$0(142)) - Waiting for cluster to be ready. Got 0 of 7 DN Heartbeats.
2019-07-13 09:17:54,546 INFO  ozoneimpl.OzoneContainer (OzoneContainer.java:start(186)) - Attempting to start container services.
2019-07-13 09:17:54,547 INFO  ozoneimpl.OzoneContainer (OzoneContainer.java:startContainerScrub(160)) - Background container scrubber has been disabled by hdds.containerscrub.enabled
2019-07-13 09:17:54,547 INFO  ratis.XceiverServerRatis (XceiverServerRatis.java:start(418)) - Starting XceiverServerRatis ba4eb8a0-4f1c-4e63-a34b-456712fc2354 at port 0
2019-07-13 09:17:54,554 INFO  impl.RaftServerProxy (RaftServerProxy.java:lambda$start$3(299)) - ba4eb8a0-4f1c-4e63-a34b-456712fc2354: start RPC server
2019-07-13 09:17:54,555 INFO  server.GrpcService (GrpcService.java:startImpl(149)) - ba4eb8a0-4f1c-4e63-a34b-456712fc2354: GrpcService started, listening on 0.0.0.0/0.0.0.0:42365
2019-07-13 09:17:54,555 INFO  ratis.XceiverServerRatis (XceiverServerRatis.java:start(428)) - XceiverServerRatis ba4eb8a0-4f1c-4e63-a34b-456712fc2354 is started using port 42365
2019-07-13 09:17:54,556 INFO  server.XceiverServerGrpc (XceiverServerGrpc.java:start(161)) - XceiverServerGrpc ba4eb8a0-4f1c-4e63-a34b-456712fc2354 is started using port 45765
2019-07-13 09:17:55,460 INFO  net.NetworkTopology (NetworkTopologyImpl.java:add(110)) - Added a new node: /default-rack/192.168.69.96
2019-07-13 09:17:55,460 INFO  node.SCMNodeManager (SCMNodeManager.java:register(269)) - Registered Data node : db776cde-2f7f-4f7b-8f98-f09ebaa78005{ip: 192.168.69.96, host: trunk-nightly-hmp62-43275749, networkLocation: /default-rack, certSerialId: null}
2019-07-13 09:17:55,464 INFO  safemode.SCMSafeModeManager (DataNodeSafeModeRule.java:process(71)) - SCM in safe mode. 1 DataNodes registered, 1 required.
2019-07-13 09:17:55,467 INFO  safemode.SCMSafeModeManager (SCMSafeModeManager.java:validateSafeModeExitRules(177)) - ScmSafeModeManager, all rules are successfully validated
2019-07-13 09:17:55,467 INFO  safemode.SCMSafeModeManager (SCMSafeModeManager.java:exitSafeMode(193)) - SCM exiting safe mode.
2019-07-13 09:17:55,482 INFO  impl.RaftServerProxy (RaftServerProxy.java:addNew(89)) - db776cde-2f7f-4f7b-8f98-f09ebaa78005: addNew group-9B041578D742:[db776cde-2f7f-4f7b-8f98-f09ebaa78005:192.168.69.96:42700] returns group-9B041578D742:java.util.concurrent.CompletableFuture@586abe38[Not completed]
2019-07-13 09:17:55,483 INFO  impl.RaftServerImpl (RaftServerImpl.java:<init>(93)) - db776cde-2f7f-4f7b-8f98-f09ebaa78005: new RaftServerImpl for group-9B041578D742:[db776cde-2f7f-4f7b-8f98-f09ebaa78005:192.168.69.96:42700] with ContainerStateMachine:uninitialized
2019-07-13 09:17:55,484 INFO  server.RaftServerConfigKeys (ConfUtils.java:logGet(43)) - raft.server.rpc.timeout.min = 5s (custom)
2019-07-13 09:17:55,484 INFO  server.RaftServerConfigKeys (ConfUtils.java:logGet(43)) - raft.server.rpc.timeout.max = 5200ms (custom)
2019-07-13 09:17:55,484 INFO  server.RaftServerConfigKeys (ConfUtils.java:logGet(43)) - raft.server.rpcslowness.timeout = 120s (custom)
2019-07-13 09:17:55,484 INFO  server.RaftServerConfigKeys (ConfUtils.java:logGet(43)) - raft.server.sleep.deviation.threshold = 300 (default)
2019-07-13 09:17:55,484 INFO  server.RaftServerConfigKeys (ConfUtils.java:logGet(43)) - raft.server.log.appender.install.snapshot.enabled = false (custom)
2019-07-13 09:17:55,484 INFO  impl.RaftServerImpl (ServerState.java:<init>(105)) - db776cde-2f7f-4f7b-8f98-f09ebaa78005:group-9B041578D742 ConfigurationManager, init=-1: [db776cde-2f7f-4f7b-8f98-f09ebaa78005:192.168.69.96:42700], old=null, confs=<EMPTY_MAP>
2019-07-13 09:17:55,485 INFO  server.RaftServerConfigKeys (ConfUtils.java:logGet(43)) - raft.server.storage.dir = [/tmp/workdir/hadoop-ozone/integration-test/target/test-dir/MiniOzoneClusterImpl-c8202114-a271-4ee2-b51f-a8df28038b75/datanode-0/data/ratis] (custom)
2019-07-13 09:17:55,485 INFO  storage.RaftStorageDirectory (RaftStorageDirectory.java:analyzeStorage(246)) - The storage directory /tmp/workdir/hadoop-ozone/integration-test/target/test-dir/MiniOzoneClusterImpl-c8202114-a271-4ee2-b51f-a8df28038b75/datanode-0/data/ratis/ea0847f9-b867-4183-8516-9b041578d742 does not exist. Creating ...
2019-07-13 09:17:55,499 INFO  storage.RaftStorageDirectory (RaftStorageDirectory.java:tryLock(328)) - Lock on /tmp/workdir/hadoop-ozone/integration-test/target/test-dir/MiniOzoneClusterImpl-c8202114-a271-4ee2-b51f-a8df28038b75/datanode-0/data/ratis/ea0847f9-b867-4183-8516-9b041578d742/in_use.lock acquired by nodename 8548@trunk-nightly-hmp62-43275749
2019-07-13 09:17:55,512 INFO  storage.RaftStorage (RaftStorage.java:format(72)) - Storage directory /tmp/workdir/hadoop-ozone/integration-test/target/test-dir/MiniOzoneClusterImpl-c8202114-a271-4ee2-b51f-a8df28038b75/datanode-0/data/ratis/ea0847f9-b867-4183-8516-9b041578d742 has been successfully formatted.
2019-07-13 09:17:55,513 INFO  ratis.ContainerStateMachine (ContainerStateMachine.java:loadSnapshot(200)) - The snapshot info is null.Setting the last applied index to:(t:0, i:~)
2019-07-13 09:17:55,513 INFO  server.RaftServerConfigKeys (ConfUtils.java:logGet(43)) - raft.server.leader.election.timeout = 120s (custom)
2019-07-13 09:17:55,513 INFO  server.RaftServerConfigKeys (ConfUtils.java:logGet(43)) - raft.server.log.use.memory = false (default)
2019-07-13 09:17:55,513 INFO  server.RaftServerConfigKeys (ConfUtils.java:logGet(43)) - raft.server.log.purge.gap = 1000000000 (custom)
2019-07-13 09:17:55,513 INFO  server.RaftServerConfigKeys (ConfUtils.java:logGet(43)) - raft.server.log.appender.buffer.byte-limit = 33554432 (custom)
2019-07-13 09:17:55,514 INFO  server.RaftServerConfigKeys (ConfUtils.java:logGet(43)) - raft.server.log.segment.size.max = 1048576 (custom)
2019-07-13 09:17:55,514 INFO  server.RaftServerConfigKeys (ConfUtils.java:logGet(43)) - raft.server.log.segment.cache.num.max = 2 (custom)
2019-07-13 09:17:55,514 INFO  segmented.SegmentedRaftLogWorker (SegmentedRaftLogWorker.java:<init>(172)) - new db776cde-2f7f-4f7b-8f98-f09ebaa78005-SegmentedRaftLogWorker:Storage Directory /tmp/workdir/hadoop-ozone/integration-test/target/test-dir/MiniOzoneClusterImpl-c8202114-a271-4ee2-b51f-a8df28038b75/datanode-0/data/ratis/ea0847f9-b867-4183-8516-9b041578d742 for RaftStorage:Storage Directory /tmp/workdir/hadoop-ozone/integration-test/target/test-dir/MiniOzoneClusterImpl-c8202114-a271-4ee2-b51f-a8df28038b75/datanode-0/data/ratis/ea0847f9-b867-4183-8516-9b041578d742
2019-07-13 09:17:55,514 INFO  server.RaftServerConfigKeys (ConfUtils.java:logGet(43)) - raft.server.log.queue.byte-limit = 2147483647 (custom)
2019-07-13 09:17:55,514 INFO  server.RaftServerConfigKeys (ConfUtils.java:logGet(43)) - raft.server.log.queue.element-limit = 1024 (custom)
2019-07-13 09:17:55,515 INFO  server.RaftServerConfigKeys (ConfUtils.java:logGet(43)) - raft.server.log.segment.size.max = 1048576 (custom)
2019-07-13 09:17:55,515 INFO  server.RaftServerConfigKeys (ConfUtils.java:logGet(43)) - raft.server.log.preallocated.size = 16384 (custom)
2019-07-13 09:17:55,515 INFO  server.RaftServerConfigKeys (ConfUtils.java:logGet(43)) - raft.server.log.write.buffer.size = 33554432 (custom)
2019-07-13 09:17:55,515 INFO  server.RaftServerConfigKeys (ConfUtils.java:logGet(43)) - raft.server.log.force.sync.num = 128 (default)
2019-07-13 09:17:55,515 INFO  server.RaftServerConfigKeys (ConfUtils.java:logGet(43)) - raft.server.log.statemachine.data.sync = true (default)
2019-07-13 09:17:55,515 INFO  server.RaftServerConfigKeys (ConfUtils.java:logGet(43)) - raft.server.log.statemachine.data.sync.timeout = 10s (default)
2019-07-13 09:17:55,516 INFO  server.RaftServerConfigKeys (ConfUtils.java:logGet(43)) - raft.server.log.statemachine.data.sync.timeout.retry = -1 (default)
2019-07-13 09:17:55,516 INFO  server.RaftServerConfigKeys (ConfUtils.java:logGet(43)) - raft.server.log.statemachine.data.caching.enabled = true (custom)
2019-07-13 09:17:55,516 INFO  segmented.SegmentedRaftLogWorker (SegmentedRaftLogWorker.java:lambda$new$0(132)) - db776cde-2f7f-4f7b-8f98-f09ebaa78005-SegmentedRaftLogWorker:Storage Directory /tmp/workdir/hadoop-ozone/integration-test/target/test-dir/MiniOzoneClusterImpl-c8202114-a271-4ee2-b51f-a8df28038b75/datanode-0/data/ratis/ea0847f9-b867-4183-8516-9b041578d742: flushIndex: setUnconditionally 0 -> -1
2019-07-13 09:17:55,517 INFO  server.RaftServerConfigKeys (ConfUtils.java:logGet(43)) - raft.server.snapshot.auto.trigger.enabled = true (custom)
2019-07-13 09:17:55,517 INFO  server.RaftServerConfigKeys (ConfUtils.java:logGet(43)) - raft.server.snapshot.auto.trigger.threshold = 10000 (custom)
2019-07-13 09:17:55,517 INFO  server.RaftServerConfigKeys (ConfUtils.java:logGet(43)) - raft.server.retrycache.expirytime = 600000ms (custom)
2019-07-13 09:17:55,517 INFO  impl.RaftServerImpl (RaftServerImpl.java:start(180)) - db776cde-2f7f-4f7b-8f98-f09ebaa78005: start group-9B041578D742
2019-07-13 09:17:55,518 INFO  impl.RaftServerImpl (RaftServerImpl.java:setRole(171)) - db776cde-2f7f-4f7b-8f98-f09ebaa78005:group-9B041578D742 changes role from null to FOLLOWER at term 0 for startAsFollower
2019-07-13 09:17:55,518 INFO  impl.RoleInfo (RoleInfo.java:updateAndGet(143)) - db776cde-2f7f-4f7b-8f98-f09ebaa78005: start FollowerState
2019-07-13 09:17:55,518 INFO  util.JmxRegister (JmxRegister.java:tryRegister(44)) - Successfully registered JMX Bean with object name Ratis:service=RaftServer,group=group-9B041578D742,id=db776cde-2f7f-4f7b-8f98-f09ebaa78005
2019-07-13 09:17:55,523 INFO  pipeline.PipelineStateManager (PipelineStateManager.java:addPipeline(56)) - Created pipeline Pipeline[ Id: ea0847f9-b867-4183-8516-9b041578d742, Nodes: db776cde-2f7f-4f7b-8f98-f09ebaa78005{ip: 192.168.69.96, host: trunk-nightly-hmp62-43275749, networkLocation: /default-rack, certSerialId: null}, Type:RATIS, Factor:ONE, State:OPEN]
2019-07-13 09:17:55,528 INFO  ozone.MiniOzoneClusterImpl (MiniOzoneClusterImpl.java:lambda$waitForClusterToBeReady$0(142)) - Waiting for cluster to be ready. Got 1 of 7 DN Heartbeats.
2019-07-13 09:17:55,620 INFO  node.SCMNodeManager (SCMNodeManager.java:register(269)) - Registered Data node : 1bf50807-ccef-4394-9b24-0baf88707772{ip: 192.168.69.96, host: trunk-nightly-hmp62-43275749, networkLocation: /default-rack, certSerialId: null}
2019-07-13 09:17:55,640 INFO  impl.RaftServerProxy (RaftServerProxy.java:addNew(89)) - 1bf50807-ccef-4394-9b24-0baf88707772: addNew group-8EBA9908C1C9:[1bf50807-ccef-4394-9b24-0baf88707772:192.168.69.96:33904] returns group-8EBA9908C1C9:java.util.concurrent.CompletableFuture@4efd92c6[Not completed]
2019-07-13 09:17:55,641 INFO  impl.RaftServerImpl (RaftServerImpl.java:<init>(93)) - 1bf50807-ccef-4394-9b24-0baf88707772: new RaftServerImpl for group-8EBA9908C1C9:[1bf50807-ccef-4394-9b24-0baf88707772:192.168.69.96:33904] with ContainerStateMachine:uninitialized
2019-07-13 09:17:55,641 INFO  server.RaftServerConfigKeys (ConfUtils.java:logGet(43)) - raft.server.rpc.timeout.min = 5s (custom)
2019-07-13 09:17:55,641 INFO  server.RaftServerConfigKeys (ConfUtils.java:logGet(43)) - raft.server.rpc.timeout.max = 5200ms (custom)
2019-07-13 09:17:55,641 INFO  server.RaftServerConfigKeys (ConfUtils.java:logGet(43)) - raft.server.rpcslowness.timeout = 120s (custom)
2019-07-13 09:17:55,641 INFO  server.RaftServerConfigKeys (ConfUtils.java:logGet(43)) - raft.server.sleep.deviation.threshold = 300 (default)
2019-07-13 09:17:55,641 INFO  server.RaftServerConfigKeys (ConfUtils.java:logGet(43)) - raft.server.log.appender.install.snapshot.enabled = false (custom)
2019-07-13 09:17:55,641 INFO  impl.RaftServerImpl (ServerState.java:<init>(105)) - 1bf50807-ccef-4394-9b24-0baf88707772:group-8EBA9908C1C9 ConfigurationManager, init=-1: [1bf50807-ccef-4394-9b24-0baf88707772:192.168.69.96:33904], old=null, confs=<EMPTY_MAP>
2019-07-13 09:17:55,642 INFO  server.RaftServerConfigKeys (ConfUtils.java:logGet(43)) - raft.server.storage.dir = [/tmp/workdir/hadoop-ozone/integration-test/target/test-dir/MiniOzoneClusterImpl-c8202114-a271-4ee2-b51f-a8df28038b75/datanode-1/data/ratis] (custom)
2019-07-13 09:17:55,642 INFO  storage.RaftStorageDirectory (RaftStorageDirectory.java:analyzeStorage(246)) - The storage directory /tmp/workdir/hadoop-ozone/integration-test/target/test-dir/MiniOzoneClusterImpl-c8202114-a271-4ee2-b51f-a8df28038b75/datanode-1/data/ratis/a6692928-067b-466a-bc38-8eba9908c1c9 does not exist. Creating ...
2019-07-13 09:17:55,655 INFO  storage.RaftStorageDirectory (RaftStorageDirectory.java:tryLock(328)) - Lock on /tmp/workdir/hadoop-ozone/integration-test/target/test-dir/MiniOzoneClusterImpl-c8202114-a271-4ee2-b51f-a8df28038b75/datanode-1/data/ratis/a6692928-067b-466a-bc38-8eba9908c1c9/in_use.lock acquired by nodename 8548@trunk-nightly-hmp62-43275749
2019-07-13 09:17:55,669 INFO  storage.RaftStorage (RaftStorage.java:format(72)) - Storage directory /tmp/workdir/hadoop-ozone/integration-test/target/test-dir/MiniOzoneClusterImpl-c8202114-a271-4ee2-b51f-a8df28038b75/datanode-1/data/ratis/a6692928-067b-466a-bc38-8eba9908c1c9 has been successfully formatted.
2019-07-13 09:17:55,669 INFO  ratis.ContainerStateMachine (ContainerStateMachine.java:loadSnapshot(200)) - The snapshot info is null.Setting the last applied index to:(t:0, i:~)
2019-07-13 09:17:55,669 INFO  server.RaftServerConfigKeys (ConfUtils.java:logGet(43)) - raft.server.leader.election.timeout = 120s (custom)
2019-07-13 09:17:55,669 INFO  server.RaftServerConfigKeys (ConfUtils.java:logGet(43)) - raft.server.log.use.memory = false (default)
2019-07-13 09:17:55,669 INFO  server.RaftServerConfigKeys (ConfUtils.java:logGet(43)) - raft.server.log.purge.gap = 1000000000 (custom)
2019-07-13 09:17:55,670 INFO  server.RaftServerConfigKeys (ConfUtils.java:logGet(43)) - raft.server.log.appender.buffer.byte-limit = 33554432 (custom)
2019-07-13 09:17:55,670 INFO  server.RaftServerConfigKeys (ConfUtils.java:logGet(43)) - raft.server.log.segment.size.max = 1048576 (custom)
2019-07-13 09:17:55,670 INFO  server.RaftServerConfigKeys (ConfUtils.java:logGet(43)) - raft.server.log.segment.cache.num.max = 2 (custom)
2019-07-13 09:17:55,670 INFO  segmented.SegmentedRaftLogWorker (SegmentedRaftLogWorker.java:<init>(172)) - new 1bf50807-ccef-4394-9b24-0baf88707772-SegmentedRaftLogWorker:Storage Directory /tmp/workdir/hadoop-ozone/integration-test/target/test-dir/MiniOzoneClusterImpl-c8202114-a271-4ee2-b51f-a8df28038b75/datanode-1/data/ratis/a6692928-067b-466a-bc38-8eba9908c1c9 for RaftStorage:Storage Directory /tmp/workdir/hadoop-ozone/integration-test/target/test-dir/MiniOzoneClusterImpl-c8202114-a271-4ee2-b51f-a8df28038b75/datanode-1/data/ratis/a6692928-067b-466a-bc38-8eba9908c1c9
2019-07-13 09:17:55,670 INFO  server.RaftServerConfigKeys (ConfUtils.java:logGet(43)) - raft.server.log.queue.byte-limit = 2147483647 (custom)
2019-07-13 09:17:55,670 INFO  server.RaftServerConfigKeys (ConfUtils.java:logGet(43)) - raft.server.log.queue.element-limit = 1024 (custom)
2019-07-13 09:17:55,671 INFO  server.RaftServerConfigKeys (ConfUtils.java:logGet(43)) - raft.server.log.segment.size.max = 1048576 (custom)
2019-07-13 09:17:55,671 INFO  server.RaftServerConfigKeys (ConfUtils.java:logGet(43)) - raft.server.log.preallocated.size = 16384 (custom)
2019-07-13 09:17:55,671 INFO  server.RaftServerConfigKeys (ConfUtils.java:logGet(43)) - raft.server.log.write.buffer.size = 33554432 (custom)
2019-07-13 09:17:55,671 INFO  server.RaftServerConfigKeys (ConfUtils.java:logGet(43)) - raft.server.log.force.sync.num = 128 (default)
2019-07-13 09:17:55,671 INFO  server.RaftServerConfigKeys (ConfUtils.java:logGet(43)) - raft.server.log.statemachine.data.sync = true (default)
2019-07-13 09:17:55,671 INFO  server.RaftServerConfigKeys (ConfUtils.java:logGet(43)) - raft.server.log.statemachine.data.sync.timeout = 10s (default)
2019-07-13 09:17:55,671 INFO  server.RaftServerConfigKeys (ConfUtils.java:logGet(43)) - raft.server.log.statemachine.data.sync.timeout.retry = -1 (default)
2019-07-13 09:17:55,672 INFO  server.RaftServerConfigKeys (ConfUtils.java:logGet(43)) - raft.server.log.statemachine.data.caching.enabled = true (custom)
2019-07-13 09:17:55,672 INFO  segmented.SegmentedRaftLogWorker (SegmentedRaftLogWorker.java:lambda$new$0(132)) - 1bf50807-ccef-4394-9b24-0baf88707772-SegmentedRaftLogWorker:Storage Directory /tmp/workdir/hadoop-ozone/integration-test/target/test-dir/MiniOzoneClusterImpl-c8202114-a271-4ee2-b51f-a8df28038b75/datanode-1/data/ratis/a6692928-067b-466a-bc38-8eba9908c1c9: flushIndex: setUnconditionally 0 -> -1
2019-07-13 09:17:55,672 INFO  server.RaftServerConfigKeys (ConfUtils.java:logGet(43)) - raft.server.snapshot.auto.trigger.enabled = true (custom)
2019-07-13 09:17:55,672 INFO  server.RaftServerConfigKeys (ConfUtils.java:logGet(43)) - raft.server.snapshot.auto.trigger.threshold = 10000 (custom)
2019-07-13 09:17:55,673 INFO  server.RaftServerConfigKeys (ConfUtils.java:logGet(43)) - raft.server.retrycache.expirytime = 600000ms (custom)
2019-07-13 09:17:55,673 INFO  impl.RaftServerImpl (RaftServerImpl.java:start(180)) - 1bf50807-ccef-4394-9b24-0baf88707772: start group-8EBA9908C1C9
2019-07-13 09:17:55,673 INFO  impl.RaftServerImpl (RaftServerImpl.java:setRole(171)) - 1bf50807-ccef-4394-9b24-0baf88707772:group-8EBA9908C1C9 changes role from null to FOLLOWER at term 0 for startAsFollower
2019-07-13 09:17:55,673 INFO  impl.RoleInfo (RoleInfo.java:updateAndGet(143)) - 1bf50807-ccef-4394-9b24-0baf88707772: start FollowerState
2019-07-13 09:17:55,673 INFO  util.JmxRegister (JmxRegister.java:tryRegister(44)) - Successfully registered JMX Bean with object name Ratis:service=RaftServer,group=group-8EBA9908C1C9,id=1bf50807-ccef-4394-9b24-0baf88707772
2019-07-13 09:17:55,676 INFO  pipeline.PipelineStateManager (PipelineStateManager.java:addPipeline(56)) - Created pipeline Pipeline[ Id: a6692928-067b-466a-bc38-8eba9908c1c9, Nodes: 1bf50807-ccef-4394-9b24-0baf88707772{ip: 192.168.69.96, host: trunk-nightly-hmp62-43275749, networkLocation: /default-rack, certSerialId: null}, Type:RATIS, Factor:ONE, State:OPEN]
2019-07-13 09:17:55,819 INFO  node.SCMNodeManager (SCMNodeManager.java:register(269)) - Registered Data node : 0fa1d900-de89-4631-a285-2978aa9734d3{ip: 192.168.69.96, host: trunk-nightly-hmp62-43275749, networkLocation: /default-rack, certSerialId: null}
2019-07-13 09:17:55,828 INFO  impl.RaftServerProxy (RaftServerProxy.java:addNew(89)) - 0fa1d900-de89-4631-a285-2978aa9734d3: addNew group-091FAE259FF5:[0fa1d900-de89-4631-a285-2978aa9734d3:192.168.69.96:41012] returns group-091FAE259FF5:java.util.concurrent.CompletableFuture@437145d5[Not completed]
2019-07-13 09:17:55,829 INFO  impl.RaftServerImpl (RaftServerImpl.java:<init>(93)) - 0fa1d900-de89-4631-a285-2978aa9734d3: new RaftServerImpl for group-091FAE259FF5:[0fa1d900-de89-4631-a285-2978aa9734d3:192.168.69.96:41012] with ContainerStateMachine:uninitialized
2019-07-13 09:17:55,829 INFO  server.RaftServerConfigKeys (ConfUtils.java:logGet(43)) - raft.server.rpc.timeout.min = 5s (custom)
2019-07-13 09:17:55,829 INFO  server.RaftServerConfigKeys (ConfUtils.java:logGet(43)) - raft.server.rpc.timeout.max = 5200ms (custom)
2019-07-13 09:17:55,829 INFO  server.RaftServerConfigKeys (ConfUtils.java:logGet(43)) - raft.server.rpcslowness.timeout = 120s (custom)
2019-07-13 09:17:55,829 INFO  server.RaftServerConfigKeys (ConfUtils.java:logGet(43)) - raft.server.sleep.deviation.threshold = 300 (default)
2019-07-13 09:17:55,830 INFO  server.RaftServerConfigKeys (ConfUtils.java:logGet(43)) - raft.server.log.appender.install.snapshot.enabled = false (custom)
2019-07-13 09:17:55,830 INFO  impl.RaftServerImpl (ServerState.java:<init>(105)) - 0fa1d900-de89-4631-a285-2978aa9734d3:group-091FAE259FF5 ConfigurationManager, init=-1: [0fa1d900-de89-4631-a285-2978aa9734d3:192.168.69.96:41012], old=null, confs=<EMPTY_MAP>
2019-07-13 09:17:55,830 INFO  server.RaftServerConfigKeys (ConfUtils.java:logGet(43)) - raft.server.storage.dir = [/tmp/workdir/hadoop-ozone/integration-test/target/test-dir/MiniOzoneClusterImpl-c8202114-a271-4ee2-b51f-a8df28038b75/datanode-2/data/ratis] (custom)
2019-07-13 09:17:55,830 INFO  storage.RaftStorageDirectory (RaftStorageDirectory.java:analyzeStorage(246)) - The storage directory /tmp/workdir/hadoop-ozone/integration-test/target/test-dir/MiniOzoneClusterImpl-c8202114-a271-4ee2-b51f-a8df28038b75/datanode-2/data/ratis/58e0acfd-2d2e-4863-b72e-091fae259ff5 does not exist. Creating ...
2019-07-13 09:17:55,843 INFO  storage.RaftStorageDirectory (RaftStorageDirectory.java:tryLock(328)) - Lock on /tmp/workdir/hadoop-ozone/integration-test/target/test-dir/MiniOzoneClusterImpl-c8202114-a271-4ee2-b51f-a8df28038b75/datanode-2/data/ratis/58e0acfd-2d2e-4863-b72e-091fae259ff5/in_use.lock acquired by nodename 8548@trunk-nightly-hmp62-43275749
2019-07-13 09:17:55,857 INFO  storage.RaftStorage (RaftStorage.java:format(72)) - Storage directory /tmp/workdir/hadoop-ozone/integration-test/target/test-dir/MiniOzoneClusterImpl-c8202114-a271-4ee2-b51f-a8df28038b75/datanode-2/data/ratis/58e0acfd-2d2e-4863-b72e-091fae259ff5 has been successfully formatted.
2019-07-13 09:17:55,857 INFO  ratis.ContainerStateMachine (ContainerStateMachine.java:loadSnapshot(200)) - The snapshot info is null.Setting the last applied index to:(t:0, i:~)
2019-07-13 09:17:55,857 INFO  server.RaftServerConfigKeys (ConfUtils.java:logGet(43)) - raft.server.leader.election.timeout = 120s (custom)
2019-07-13 09:17:55,857 INFO  server.RaftServerConfigKeys (ConfUtils.java:logGet(43)) - raft.server.log.use.memory = false (default)
2019-07-13 09:17:55,858 INFO  server.RaftServerConfigKeys (ConfUtils.java:logGet(43)) - raft.server.log.purge.gap = 1000000000 (custom)
2019-07-13 09:17:55,858 INFO  server.RaftServerConfigKeys (ConfUtils.java:logGet(43)) - raft.server.log.appender.buffer.byte-limit = 33554432 (custom)
2019-07-13 09:17:55,858 INFO  server.RaftServerConfigKeys (ConfUtils.java:logGet(43)) - raft.server.log.segment.size.max = 1048576 (custom)
2019-07-13 09:17:55,858 INFO  server.RaftServerConfigKeys (ConfUtils.java:logGet(43)) - raft.server.log.segment.cache.num.max = 2 (custom)
2019-07-13 09:17:55,858 INFO  segmented.SegmentedRaftLogWorker (SegmentedRaftLogWorker.java:<init>(172)) - new 0fa1d900-de89-4631-a285-2978aa9734d3-SegmentedRaftLogWorker:Storage Directory /tmp/workdir/hadoop-ozone/integration-test/target/test-dir/MiniOzoneClusterImpl-c8202114-a271-4ee2-b51f-a8df28038b75/datanode-2/data/ratis/58e0acfd-2d2e-4863-b72e-091fae259ff5 for RaftStorage:Storage Directory /tmp/workdir/hadoop-ozone/integration-test/target/test-dir/MiniOzoneClusterImpl-c8202114-a271-4ee2-b51f-a8df28038b75/datanode-2/data/ratis/58e0acfd-2d2e-4863-b72e-091fae259ff5
2019-07-13 09:17:55,858 INFO  server.RaftServerConfigKeys (ConfUtils.java:logGet(43)) - raft.server.log.queue.byte-limit = 2147483647 (custom)
2019-07-13 09:17:55,859 INFO  server.RaftServerConfigKeys (ConfUtils.java:logGet(43)) - raft.server.log.queue.element-limit = 1024 (custom)
2019-07-13 09:17:55,859 INFO  server.RaftServerConfigKeys (ConfUtils.java:logGet(43)) - raft.server.log.segment.size.max = 1048576 (custom)
2019-07-13 09:17:55,859 INFO  server.RaftServerConfigKeys (ConfUtils.java:logGet(43)) - raft.server.log.preallocated.size = 16384 (custom)
2019-07-13 09:17:55,859 INFO  server.RaftServerConfigKeys (ConfUtils.java:logGet(43)) - raft.server.log.write.buffer.size = 33554432 (custom)
2019-07-13 09:17:55,859 INFO  server.RaftServerConfigKeys (ConfUtils.java:logGet(43)) - raft.server.log.force.sync.num = 128 (default)
2019-07-13 09:17:55,860 INFO  server.RaftServerConfigKeys (ConfUtils.java:logGet(43)) - raft.server.log.statemachine.data.sync = true (default)
2019-07-13 09:17:55,860 INFO  server.RaftServerConfigKeys (ConfUtils.java:logGet(43)) - raft.server.log.statemachine.data.sync.timeout = 10s (default)
2019-07-13 09:17:55,860 INFO  server.RaftServerConfigKeys (ConfUtils.java:logGet(43)) - raft.server.log.statemachine.data.sync.timeout.retry = -1 (default)
2019-07-13 09:17:55,860 INFO  server.RaftServerConfigKeys (ConfUtils.java:logGet(43)) - raft.server.log.statemachine.data.caching.enabled = true (custom)
2019-07-13 09:17:55,860 INFO  segmented.SegmentedRaftLogWorker (SegmentedRaftLogWorker.java:lambda$new$0(132)) - 0fa1d900-de89-4631-a285-2978aa9734d3-SegmentedRaftLogWorker:Storage Directory /tmp/workdir/hadoop-ozone/integration-test/target/test-dir/MiniOzoneClusterImpl-c8202114-a271-4ee2-b51f-a8df28038b75/datanode-2/data/ratis/58e0acfd-2d2e-4863-b72e-091fae259ff5: flushIndex: setUnconditionally 0 -> -1
2019-07-13 09:17:55,861 INFO  server.RaftServerConfigKeys (ConfUtils.java:logGet(43)) - raft.server.snapshot.auto.trigger.enabled = true (custom)
2019-07-13 09:17:55,861 INFO  server.RaftServerConfigKeys (ConfUtils.java:logGet(43)) - raft.server.snapshot.auto.trigger.threshold = 10000 (custom)
2019-07-13 09:17:55,861 INFO  server.RaftServerConfigKeys (ConfUtils.java:logGet(43)) - raft.server.retrycache.expirytime = 600000ms (custom)
2019-07-13 09:17:55,861 INFO  impl.RaftServerImpl (RaftServerImpl.java:start(180)) - 0fa1d900-de89-4631-a285-2978aa9734d3: start group-091FAE259FF5
2019-07-13 09:17:55,862 INFO  impl.RaftServerImpl (RaftServerImpl.java:setRole(171)) - 0fa1d900-de89-4631-a285-2978aa9734d3:group-091FAE259FF5 changes role from null to FOLLOWER at term 0 for startAsFollower
2019-07-13 09:17:55,862 INFO  impl.RoleInfo (RoleInfo.java:updateAndGet(143)) - 0fa1d900-de89-4631-a285-2978aa9734d3: start FollowerState
2019-07-13 09:17:55,862 INFO  util.JmxRegister (JmxRegister.java:tryRegister(44)) - Successfully registered JMX Bean with object name Ratis:service=RaftServer,group=group-091FAE259FF5,id=0fa1d900-de89-4631-a285-2978aa9734d3
2019-07-13 09:17:55,864 INFO  pipeline.PipelineStateManager (PipelineStateManager.java:addPipeline(56)) - Created pipeline Pipeline[ Id: 58e0acfd-2d2e-4863-b72e-091fae259ff5, Nodes: 0fa1d900-de89-4631-a285-2978aa9734d3{ip: 192.168.69.96, host: trunk-nightly-hmp62-43275749, networkLocation: /default-rack, certSerialId: null}, Type:RATIS, Factor:ONE, State:OPEN]
2019-07-13 09:17:55,876 INFO  impl.RaftServerProxy (RaftServerProxy.java:addNew(89)) - 0fa1d900-de89-4631-a285-2978aa9734d3: addNew group-FD78E1EC2B2F:[0fa1d900-de89-4631-a285-2978aa9734d3:192.168.69.96:41012, 1bf50807-ccef-4394-9b24-0baf88707772:192.168.69.96:33904, db776cde-2f7f-4f7b-8f98-f09ebaa78005:192.168.69.96:42700] returns group-FD78E1EC2B2F:java.util.concurrent.CompletableFuture@62d103d9[Not completed]
2019-07-13 09:17:55,876 INFO  impl.RaftServerProxy (RaftServerProxy.java:addNew(89)) - 1bf50807-ccef-4394-9b24-0baf88707772: addNew group-FD78E1EC2B2F:[0fa1d900-de89-4631-a285-2978aa9734d3:192.168.69.96:41012, 1bf50807-ccef-4394-9b24-0baf88707772:192.168.69.96:33904, db776cde-2f7f-4f7b-8f98-f09ebaa78005:192.168.69.96:42700] returns group-FD78E1EC2B2F:java.util.concurrent.CompletableFuture@7ebcf808[Not completed]
2019-07-13 09:17:55,876 INFO  impl.RaftServerProxy (RaftServerProxy.java:addNew(89)) - db776cde-2f7f-4f7b-8f98-f09ebaa78005: addNew group-FD78E1EC2B2F:[0fa1d900-de89-4631-a285-2978aa9734d3:192.168.69.96:41012, 1bf50807-ccef-4394-9b24-0baf88707772:192.168.69.96:33904, db776cde-2f7f-4f7b-8f98-f09ebaa78005:192.168.69.96:42700] returns group-FD78E1EC2B2F:java.util.concurrent.CompletableFuture@79b98731[Not completed]
2019-07-13 09:17:55,877 INFO  impl.RaftServerImpl (RaftServerImpl.java:<init>(93)) - 0fa1d900-de89-4631-a285-2978aa9734d3: new RaftServerImpl for group-FD78E1EC2B2F:[0fa1d900-de89-4631-a285-2978aa9734d3:192.168.69.96:41012, 1bf50807-ccef-4394-9b24-0baf88707772:192.168.69.96:33904, db776cde-2f7f-4f7b-8f98-f09ebaa78005:192.168.69.96:42700] with ContainerStateMachine:uninitialized
2019-07-13 09:17:55,877 INFO  server.RaftServerConfigKeys (ConfUtils.java:logGet(43)) - raft.server.rpc.timeout.min = 5s (custom)
2019-07-13 09:17:55,878 INFO  server.RaftServerConfigKeys (ConfUtils.java:logGet(43)) - raft.server.rpc.timeout.max = 5200ms (custom)
2019-07-13 09:17:55,878 INFO  server.RaftServerConfigKeys (ConfUtils.java:logGet(43)) - raft.server.rpcslowness.timeout = 120s (custom)
2019-07-13 09:17:55,878 INFO  impl.RaftServerImpl (RaftServerImpl.java:<init>(93)) - db776cde-2f7f-4f7b-8f98-f09ebaa78005: new RaftServerImpl for group-FD78E1EC2B2F:[0fa1d900-de89-4631-a285-2978aa9734d3:192.168.69.96:41012, 1bf50807-ccef-4394-9b24-0baf88707772:192.168.69.96:33904, db776cde-2f7f-4f7b-8f98-f09ebaa78005:192.168.69.96:42700] with ContainerStateMachine:uninitialized
2019-07-13 09:17:55,878 INFO  server.RaftServerConfigKeys (ConfUtils.java:logGet(43)) - raft.server.sleep.deviation.threshold = 300 (default)
2019-07-13 09:17:55,878 INFO  server.RaftServerConfigKeys (ConfUtils.java:logGet(43)) - raft.server.rpc.timeout.min = 5s (custom)
2019-07-13 09:17:55,878 INFO  impl.RaftServerImpl (RaftServerImpl.java:<init>(93)) - 1bf50807-ccef-4394-9b24-0baf88707772: new RaftServerImpl for group-FD78E1EC2B2F:[0fa1d900-de89-4631-a285-2978aa9734d3:192.168.69.96:41012, 1bf50807-ccef-4394-9b24-0baf88707772:192.168.69.96:33904, db776cde-2f7f-4f7b-8f98-f09ebaa78005:192.168.69.96:42700] with ContainerStateMachine:uninitialized
2019-07-13 09:17:55,878 INFO  server.RaftServerConfigKeys (ConfUtils.java:logGet(43)) - raft.server.log.appender.install.snapshot.enabled = false (custom)
2019-07-13 09:17:55,878 INFO  server.RaftServerConfigKeys (ConfUtils.java:logGet(43)) - raft.server.rpc.timeout.min = 5s (custom)
2019-07-13 09:17:55,878 INFO  server.RaftServerConfigKeys (ConfUtils.java:logGet(43)) - raft.server.rpc.timeout.max = 5200ms (custom)
2019-07-13 09:17:55,879 INFO  server.RaftServerConfigKeys (ConfUtils.java:logGet(43)) - raft.server.rpc.timeout.max = 5200ms (custom)
2019-07-13 09:17:55,879 INFO  server.RaftServerConfigKeys (ConfUtils.java:logGet(43)) - raft.server.rpcslowness.timeout = 120s (custom)
2019-07-13 09:17:55,879 INFO  impl.RaftServerImpl (ServerState.java:<init>(105)) - 0fa1d900-de89-4631-a285-2978aa9734d3:group-FD78E1EC2B2F ConfigurationManager, init=-1: [0fa1d900-de89-4631-a285-2978aa9734d3:192.168.69.96:41012, 1bf50807-ccef-4394-9b24-0baf88707772:192.168.69.96:33904, db776cde-2f7f-4f7b-8f98-f09ebaa78005:192.168.69.96:42700], old=null, confs=<EMPTY_MAP>
2019-07-13 09:17:55,879 INFO  server.RaftServerConfigKeys (ConfUtils.java:logGet(43)) - raft.server.sleep.deviation.threshold = 300 (default)
2019-07-13 09:17:55,879 INFO  server.RaftServerConfigKeys (ConfUtils.java:logGet(43)) - raft.server.rpcslowness.timeout = 120s (custom)
2019-07-13 09:17:55,879 INFO  server.RaftServerConfigKeys (ConfUtils.java:logGet(43)) - raft.server.log.appender.install.snapshot.enabled = false (custom)
2019-07-13 09:17:55,879 INFO  server.RaftServerConfigKeys (ConfUtils.java:logGet(43)) - raft.server.storage.dir = [/tmp/workdir/hadoop-ozone/integration-test/target/test-dir/MiniOzoneClusterImpl-c8202114-a271-4ee2-b51f-a8df28038b75/datanode-2/data/ratis] (custom)
2019-07-13 09:17:55,880 INFO  impl.RaftServerImpl (ServerState.java:<init>(105)) - 1bf50807-ccef-4394-9b24-0baf88707772:group-FD78E1EC2B2F ConfigurationManager, init=-1: [0fa1d900-de89-4631-a285-2978aa9734d3:192.168.69.96:41012, 1bf50807-ccef-4394-9b24-0baf88707772:192.168.69.96:33904, db776cde-2f7f-4f7b-8f98-f09ebaa78005:192.168.69.96:42700], old=null, confs=<EMPTY_MAP>
2019-07-13 09:17:55,880 INFO  server.RaftServerConfigKeys (ConfUtils.java:logGet(43)) - raft.server.sleep.deviation.threshold = 300 (default)
2019-07-13 09:17:55,880 INFO  storage.RaftStorageDirectory (RaftStorageDirectory.java:analyzeStorage(246)) - The storage directory /tmp/workdir/hadoop-ozone/integration-test/target/test-dir/MiniOzoneClusterImpl-c8202114-a271-4ee2-b51f-a8df28038b75/datanode-2/data/ratis/85ebcd05-b236-4501-b953-fd78e1ec2b2f does not exist. Creating ...
2019-07-13 09:17:55,880 INFO  server.RaftServerConfigKeys (ConfUtils.java:logGet(43)) - raft.server.storage.dir = [/tmp/workdir/hadoop-ozone/integration-test/target/test-dir/MiniOzoneClusterImpl-c8202114-a271-4ee2-b51f-a8df28038b75/datanode-1/data/ratis] (custom)
2019-07-13 09:17:55,880 INFO  server.RaftServerConfigKeys (ConfUtils.java:logGet(43)) - raft.server.log.appender.install.snapshot.enabled = false (custom)
2019-07-13 09:17:55,881 INFO  impl.RaftServerImpl (ServerState.java:<init>(105)) - db776cde-2f7f-4f7b-8f98-f09ebaa78005:group-FD78E1EC2B2F ConfigurationManager, init=-1: [0fa1d900-de89-4631-a285-2978aa9734d3:192.168.69.96:41012, 1bf50807-ccef-4394-9b24-0baf88707772:192.168.69.96:33904, db776cde-2f7f-4f7b-8f98-f09ebaa78005:192.168.69.96:42700], old=null, confs=<EMPTY_MAP>
2019-07-13 09:17:55,881 INFO  storage.RaftStorageDirectory (RaftStorageDirectory.java:analyzeStorage(246)) - The storage directory /tmp/workdir/hadoop-ozone/integration-test/target/test-dir/MiniOzoneClusterImpl-c8202114-a271-4ee2-b51f-a8df28038b75/datanode-1/data/ratis/85ebcd05-b236-4501-b953-fd78e1ec2b2f does not exist. Creating ...
2019-07-13 09:17:55,881 INFO  server.RaftServerConfigKeys (ConfUtils.java:logGet(43)) - raft.server.storage.dir = [/tmp/workdir/hadoop-ozone/integration-test/target/test-dir/MiniOzoneClusterImpl-c8202114-a271-4ee2-b51f-a8df28038b75/datanode-0/data/ratis] (custom)
2019-07-13 09:17:55,881 INFO  storage.RaftStorageDirectory (RaftStorageDirectory.java:analyzeStorage(246)) - The storage directory /tmp/workdir/hadoop-ozone/integration-test/target/test-dir/MiniOzoneClusterImpl-c8202114-a271-4ee2-b51f-a8df28038b75/datanode-0/data/ratis/85ebcd05-b236-4501-b953-fd78e1ec2b2f does not exist. Creating ...
2019-07-13 09:17:55,894 INFO  storage.RaftStorageDirectory (RaftStorageDirectory.java:tryLock(328)) - Lock on /tmp/workdir/hadoop-ozone/integration-test/target/test-dir/MiniOzoneClusterImpl-c8202114-a271-4ee2-b51f-a8df28038b75/datanode-0/data/ratis/85ebcd05-b236-4501-b953-fd78e1ec2b2f/in_use.lock acquired by nodename 8548@trunk-nightly-hmp62-43275749
2019-07-13 09:17:55,894 INFO  storage.RaftStorageDirectory (RaftStorageDirectory.java:tryLock(328)) - Lock on /tmp/workdir/hadoop-ozone/integration-test/target/test-dir/MiniOzoneClusterImpl-c8202114-a271-4ee2-b51f-a8df28038b75/datanode-2/data/ratis/85ebcd05-b236-4501-b953-fd78e1ec2b2f/in_use.lock acquired by nodename 8548@trunk-nightly-hmp62-43275749
2019-07-13 09:17:55,894 INFO  storage.RaftStorageDirectory (RaftStorageDirectory.java:tryLock(328)) - Lock on /tmp/workdir/hadoop-ozone/integration-test/target/test-dir/MiniOzoneClusterImpl-c8202114-a271-4ee2-b51f-a8df28038b75/datanode-1/data/ratis/85ebcd05-b236-4501-b953-fd78e1ec2b2f/in_use.lock acquired by nodename 8548@trunk-nightly-hmp62-43275749
2019-07-13 09:17:55,908 INFO  storage.RaftStorage (RaftStorage.java:format(72)) - Storage directory /tmp/workdir/hadoop-ozone/integration-test/target/test-dir/MiniOzoneClusterImpl-c8202114-a271-4ee2-b51f-a8df28038b75/datanode-1/data/ratis/85ebcd05-b236-4501-b953-fd78e1ec2b2f has been successfully formatted.
2019-07-13 09:17:55,908 INFO  storage.RaftStorage (RaftStorage.java:format(72)) - Storage directory /tmp/workdir/hadoop-ozone/integration-test/target/test-dir/MiniOzoneClusterImpl-c8202114-a271-4ee2-b51f-a8df28038b75/datanode-2/data/ratis/85ebcd05-b236-4501-b953-fd78e1ec2b2f has been successfully formatted.
2019-07-13 09:17:55,908 INFO  ratis.ContainerStateMachine (ContainerStateMachine.java:loadSnapshot(200)) - The snapshot info is null.Setting the last applied index to:(t:0, i:~)
2019-07-13 09:17:55,908 INFO  ratis.ContainerStateMachine (ContainerStateMachine.java:loadSnapshot(200)) - The snapshot info is null.Setting the last applied index to:(t:0, i:~)
2019-07-13 09:17:55,908 INFO  storage.RaftStorage (RaftStorage.java:format(72)) - Storage directory /tmp/workdir/hadoop-ozone/integration-test/target/test-dir/MiniOzoneClusterImpl-c8202114-a271-4ee2-b51f-a8df28038b75/datanode-0/data/ratis/85ebcd05-b236-4501-b953-fd78e1ec2b2f has been successfully formatted.
2019-07-13 09:17:55,909 INFO  server.RaftServerConfigKeys (ConfUtils.java:logGet(43)) - raft.server.leader.election.timeout = 120s (custom)
2019-07-13 09:17:55,909 INFO  server.RaftServerConfigKeys (ConfUtils.java:logGet(43)) - raft.server.leader.election.timeout = 120s (custom)
2019-07-13 09:17:55,909 INFO  server.RaftServerConfigKeys (ConfUtils.java:logGet(43)) - raft.server.log.use.memory = false (default)
2019-07-13 09:17:55,909 INFO  ratis.ContainerStateMachine (ContainerStateMachine.java:loadSnapshot(200)) - The snapshot info is null.Setting the last applied index to:(t:0, i:~)
2019-07-13 09:17:55,909 INFO  server.RaftServerConfigKeys (ConfUtils.java:logGet(43)) - raft.server.log.purge.gap = 1000000000 (custom)
2019-07-13 09:17:55,910 INFO  server.RaftServerConfigKeys (ConfUtils.java:logGet(43)) - raft.server.log.appender.buffer.byte-limit = 33554432 (custom)
2019-07-13 09:17:55,909 INFO  server.RaftServerConfigKeys (ConfUtils.java:logGet(43)) - raft.server.log.use.memory = false (default)
2019-07-13 09:17:55,910 INFO  server.RaftServerConfigKeys (ConfUtils.java:logGet(43)) - raft.server.log.segment.size.max = 1048576 (custom)
2019-07-13 09:17:55,910 INFO  server.RaftServerConfigKeys (ConfUtils.java:logGet(43)) - raft.server.leader.election.timeout = 120s (custom)
2019-07-13 09:17:55,910 INFO  server.RaftServerConfigKeys (ConfUtils.java:logGet(43)) - raft.server.log.segment.cache.num.max = 2 (custom)
2019-07-13 09:17:55,910 INFO  server.RaftServerConfigKeys (ConfUtils.java:logGet(43)) - raft.server.log.purge.gap = 1000000000 (custom)
2019-07-13 09:17:55,911 INFO  segmented.SegmentedRaftLogWorker (SegmentedRaftLogWorker.java:<init>(172)) - new 0fa1d900-de89-4631-a285-2978aa9734d3-SegmentedRaftLogWorker:Storage Directory /tmp/workdir/hadoop-ozone/integration-test/target/test-dir/MiniOzoneClusterImpl-c8202114-a271-4ee2-b51f-a8df28038b75/datanode-2/data/ratis/85ebcd05-b236-4501-b953-fd78e1ec2b2f for RaftStorage:Storage Directory /tmp/workdir/hadoop-ozone/integration-test/target/test-dir/MiniOzoneClusterImpl-c8202114-a271-4ee2-b51f-a8df28038b75/datanode-2/data/ratis/85ebcd05-b236-4501-b953-fd78e1ec2b2f
2019-07-13 09:17:55,910 INFO  server.RaftServerConfigKeys (ConfUtils.java:logGet(43)) - raft.server.log.use.memory = false (default)
2019-07-13 09:17:55,911 INFO  server.RaftServerConfigKeys (ConfUtils.java:logGet(43)) - raft.server.log.queue.byte-limit = 2147483647 (custom)
2019-07-13 09:17:55,911 INFO  server.RaftServerConfigKeys (ConfUtils.java:logGet(43)) - raft.server.log.queue.element-limit = 1024 (custom)
2019-07-13 09:17:55,911 INFO  server.RaftServerConfigKeys (ConfUtils.java:logGet(43)) - raft.server.log.appender.buffer.byte-limit = 33554432 (custom)
2019-07-13 09:17:55,911 INFO  server.RaftServerConfigKeys (ConfUtils.java:logGet(43)) - raft.server.log.segment.size.max = 1048576 (custom)
2019-07-13 09:17:55,911 INFO  server.RaftServerConfigKeys (ConfUtils.java:logGet(43)) - raft.server.log.purge.gap = 1000000000 (custom)
2019-07-13 09:17:55,912 INFO  server.RaftServerConfigKeys (ConfUtils.java:logGet(43)) - raft.server.log.preallocated.size = 16384 (custom)
2019-07-13 09:17:55,912 INFO  server.RaftServerConfigKeys (ConfUtils.java:logGet(43)) - raft.server.log.segment.size.max = 1048576 (custom)
2019-07-13 09:17:55,912 INFO  server.RaftServerConfigKeys (ConfUtils.java:logGet(43)) - raft.server.log.write.buffer.size = 33554432 (custom)
2019-07-13 09:17:55,912 INFO  server.RaftServerConfigKeys (ConfUtils.java:logGet(43)) - raft.server.log.force.sync.num = 128 (default)
2019-07-13 09:17:55,912 INFO  server.RaftServerConfigKeys (ConfUtils.java:logGet(43)) - raft.server.log.appender.buffer.byte-limit = 33554432 (custom)
2019-07-13 09:17:55,912 INFO  server.RaftServerConfigKeys (ConfUtils.java:logGet(43)) - raft.server.log.statemachine.data.sync = true (default)
2019-07-13 09:17:55,913 INFO  server.RaftServerConfigKeys (ConfUtils.java:logGet(43)) - raft.server.log.statemachine.data.sync.timeout = 10s (default)
2019-07-13 09:17:55,912 INFO  server.RaftServerConfigKeys (ConfUtils.java:logGet(43)) - raft.server.log.segment.cache.num.max = 2 (custom)
2019-07-13 09:17:55,913 INFO  server.RaftServerConfigKeys (ConfUtils.java:logGet(43)) - raft.server.log.statemachine.data.sync.timeout.retry = -1 (default)
2019-07-13 09:17:55,913 INFO  server.RaftServerConfigKeys (ConfUtils.java:logGet(43)) - raft.server.log.segment.size.max = 1048576 (custom)
2019-07-13 09:17:55,913 INFO  server.RaftServerConfigKeys (ConfUtils.java:logGet(43)) - raft.server.log.statemachine.data.caching.enabled = true (custom)
2019-07-13 09:17:55,913 INFO  segmented.SegmentedRaftLogWorker (SegmentedRaftLogWorker.java:<init>(172)) - new 1bf50807-ccef-4394-9b24-0baf88707772-SegmentedRaftLogWorker:Storage Directory /tmp/workdir/hadoop-ozone/integration-test/target/test-dir/MiniOzoneClusterImpl-c8202114-a271-4ee2-b51f-a8df28038b75/datanode-1/data/ratis/85ebcd05-b236-4501-b953-fd78e1ec2b2f for RaftStorage:Storage Directory /tmp/workdir/hadoop-ozone/integration-test/target/test-dir/MiniOzoneClusterImpl-c8202114-a271-4ee2-b51f-a8df28038b75/datanode-1/data/ratis/85ebcd05-b236-4501-b953-fd78e1ec2b2f
2019-07-13 09:17:55,914 INFO  server.RaftServerConfigKeys (ConfUtils.java:logGet(43)) - raft.server.log.segment.cache.num.max = 2 (custom)
2019-07-13 09:17:55,914 INFO  server.RaftServerConfigKeys (ConfUtils.java:logGet(43)) - raft.server.log.queue.byte-limit = 2147483647 (custom)
2019-07-13 09:17:55,914 INFO  segmented.SegmentedRaftLogWorker (SegmentedRaftLogWorker.java:lambda$new$0(132)) - 0fa1d900-de89-4631-a285-2978aa9734d3-SegmentedRaftLogWorker:Storage Directory /tmp/workdir/hadoop-ozone/integration-test/target/test-dir/MiniOzoneClusterImpl-c8202114-a271-4ee2-b51f-a8df28038b75/datanode-2/data/ratis/85ebcd05-b236-4501-b953-fd78e1ec2b2f: flushIndex: setUnconditionally 0 -> -1
2019-07-13 09:17:55,914 INFO  server.RaftServerConfigKeys (ConfUtils.java:logGet(43)) - raft.server.log.queue.element-limit = 1024 (custom)
2019-07-13 09:17:55,914 INFO  segmented.SegmentedRaftLogWorker (SegmentedRaftLogWorker.java:<init>(172)) - new db776cde-2f7f-4f7b-8f98-f09ebaa78005-SegmentedRaftLogWorker:Storage Directory /tmp/workdir/hadoop-ozone/integration-test/target/test-dir/MiniOzoneClusterImpl-c8202114-a271-4ee2-b51f-a8df28038b75/datanode-0/data/ratis/85ebcd05-b236-4501-b953-fd78e1ec2b2f for RaftStorage:Storage Directory /tmp/workdir/hadoop-ozone/integration-test/target/test-dir/MiniOzoneClusterImpl-c8202114-a271-4ee2-b51f-a8df28038b75/datanode-0/data/ratis/85ebcd05-b236-4501-b953-fd78e1ec2b2f
2019-07-13 09:17:55,915 INFO  server.RaftServerConfigKeys (ConfUtils.java:logGet(43)) - raft.server.snapshot.auto.trigger.enabled = true (custom)
2019-07-13 09:17:55,915 INFO  server.RaftServerConfigKeys (ConfUtils.java:logGet(43)) - raft.server.log.segment.size.max = 1048576 (custom)
2019-07-13 09:17:55,915 INFO  server.RaftServerConfigKeys (ConfUtils.java:logGet(43)) - raft.server.snapshot.auto.trigger.threshold = 10000 (custom)
2019-07-13 09:17:55,915 INFO  server.RaftServerConfigKeys (ConfUtils.java:logGet(43)) - raft.server.log.queue.byte-limit = 2147483647 (custom)
2019-07-13 09:17:55,915 INFO  server.RaftServerConfigKeys (ConfUtils.java:logGet(43)) - raft.server.retrycache.expirytime = 600000ms (custom)
2019-07-13 09:17:55,915 INFO  server.RaftServerConfigKeys (ConfUtils.java:logGet(43)) - raft.server.log.preallocated.size = 16384 (custom)
2019-07-13 09:17:55,916 INFO  impl.RaftServerImpl (RaftServerImpl.java:start(180)) - 0fa1d900-de89-4631-a285-2978aa9734d3: start group-FD78E1EC2B2F
2019-07-13 09:17:55,916 INFO  impl.RaftServerImpl (RaftServerImpl.java:setRole(171)) - 0fa1d900-de89-4631-a285-2978aa9734d3:group-FD78E1EC2B2F changes role from null to FOLLOWER at term 0 for startAsFollower
2019-07-13 09:17:55,916 INFO  server.RaftServerConfigKeys (ConfUtils.java:logGet(43)) - raft.server.log.queue.element-limit = 1024 (custom)
2019-07-13 09:17:55,916 INFO  impl.RoleInfo (RoleInfo.java:updateAndGet(143)) - 0fa1d900-de89-4631-a285-2978aa9734d3: start FollowerState
2019-07-13 09:17:55,916 INFO  server.RaftServerConfigKeys (ConfUtils.java:logGet(43)) - raft.server.log.write.buffer.size = 33554432 (custom)
2019-07-13 09:17:55,916 INFO  server.RaftServerConfigKeys (ConfUtils.java:logGet(43)) - raft.server.log.segment.size.max = 1048576 (custom)
2019-07-13 09:17:55,917 INFO  util.JmxRegister (JmxRegister.java:tryRegister(44)) - Successfully registered JMX Bean with object name Ratis:service=RaftServer,group=group-FD78E1EC2B2F,id=0fa1d900-de89-4631-a285-2978aa9734d3
2019-07-13 09:17:55,917 INFO  server.RaftServerConfigKeys (ConfUtils.java:logGet(43)) - raft.server.log.force.sync.num = 128 (default)
2019-07-13 09:17:55,917 INFO  server.RaftServerConfigKeys (ConfUtils.java:logGet(43)) - raft.server.log.preallocated.size = 16384 (custom)
2019-07-13 09:17:55,917 INFO  server.RaftServerConfigKeys (ConfUtils.java:logGet(43)) - raft.server.log.statemachine.data.sync = true (default)
2019-07-13 09:17:55,917 INFO  server.RaftServerConfigKeys (ConfUtils.java:logGet(43)) - raft.server.log.write.buffer.size = 33554432 (custom)
2019-07-13 09:17:55,918 INFO  server.RaftServerConfigKeys (ConfUtils.java:logGet(43)) - raft.server.log.statemachine.data.sync.timeout = 10s (default)
2019-07-13 09:17:55,918 INFO  server.RaftServerConfigKeys (ConfUtils.java:logGet(43)) - raft.server.log.force.sync.num = 128 (default)
2019-07-13 09:17:55,918 INFO  server.RaftServerConfigKeys (ConfUtils.java:logGet(43)) - raft.server.log.statemachine.data.sync.timeout.retry = -1 (default)
2019-07-13 09:17:55,918 INFO  server.RaftServerConfigKeys (ConfUtils.java:logGet(43)) - raft.server.log.statemachine.data.sync = true (default)
2019-07-13 09:17:55,918 INFO  server.RaftServerConfigKeys (ConfUtils.java:logGet(43)) - raft.server.log.statemachine.data.caching.enabled = true (custom)
2019-07-13 09:17:55,918 INFO  server.RaftServerConfigKeys (ConfUtils.java:logGet(43)) - raft.server.log.statemachine.data.sync.timeout = 10s (default)
2019-07-13 09:17:55,919 INFO  server.RaftServerConfigKeys (ConfUtils.java:logGet(43)) - raft.server.log.statemachine.data.sync.timeout.retry = -1 (default)
2019-07-13 09:17:55,919 INFO  segmented.SegmentedRaftLogWorker (SegmentedRaftLogWorker.java:lambda$new$0(132)) - 1bf50807-ccef-4394-9b24-0baf88707772-SegmentedRaftLogWorker:Storage Directory /tmp/workdir/hadoop-ozone/integration-test/target/test-dir/MiniOzoneClusterImpl-c8202114-a271-4ee2-b51f-a8df28038b75/datanode-1/data/ratis/85ebcd05-b236-4501-b953-fd78e1ec2b2f: flushIndex: setUnconditionally 0 -> -1
2019-07-13 09:17:55,919 INFO  server.RaftServerConfigKeys (ConfUtils.java:logGet(43)) - raft.server.log.statemachine.data.caching.enabled = true (custom)
2019-07-13 09:17:55,919 INFO  server.RaftServerConfigKeys (ConfUtils.java:logGet(43)) - raft.server.snapshot.auto.trigger.enabled = true (custom)
2019-07-13 09:17:55,919 INFO  segmented.SegmentedRaftLogWorker (SegmentedRaftLogWorker.java:lambda$new$0(132)) - db776cde-2f7f-4f7b-8f98-f09ebaa78005-SegmentedRaftLogWorker:Storage Directory /tmp/workdir/hadoop-ozone/integration-test/target/test-dir/MiniOzoneClusterImpl-c8202114-a271-4ee2-b51f-a8df28038b75/datanode-0/data/ratis/85ebcd05-b236-4501-b953-fd78e1ec2b2f: flushIndex: setUnconditionally 0 -> -1
2019-07-13 09:17:55,919 INFO  server.RaftServerConfigKeys (ConfUtils.java:logGet(43)) - raft.server.snapshot.auto.trigger.threshold = 10000 (custom)
2019-07-13 09:17:55,920 INFO  server.RaftServerConfigKeys (ConfUtils.java:logGet(43)) - raft.server.retrycache.expirytime = 600000ms (custom)
2019-07-13 09:17:55,920 INFO  server.RaftServerConfigKeys (ConfUtils.java:logGet(43)) - raft.server.snapshot.auto.trigger.enabled = true (custom)
2019-07-13 09:17:55,920 INFO  impl.RaftServerImpl (RaftServerImpl.java:start(180)) - 1bf50807-ccef-4394-9b24-0baf88707772: start group-FD78E1EC2B2F
2019-07-13 09:17:55,920 INFO  server.RaftServerConfigKeys (ConfUtils.java:logGet(43)) - raft.server.snapshot.auto.trigger.threshold = 10000 (custom)
2019-07-13 09:17:55,920 INFO  impl.RaftServerImpl (RaftServerImpl.java:setRole(171)) - 1bf50807-ccef-4394-9b24-0baf88707772:group-FD78E1EC2B2F changes role from null to FOLLOWER at term 0 for startAsFollower
2019-07-13 09:17:55,920 INFO  server.RaftServerConfigKeys (ConfUtils.java:logGet(43)) - raft.server.retrycache.expirytime = 600000ms (custom)
2019-07-13 09:17:55,921 INFO  impl.RoleInfo (RoleInfo.java:updateAndGet(143)) - 1bf50807-ccef-4394-9b24-0baf88707772: start FollowerState
2019-07-13 09:17:55,921 INFO  impl.RaftServerImpl (RaftServerImpl.java:start(180)) - db776cde-2f7f-4f7b-8f98-f09ebaa78005: start group-FD78E1EC2B2F
2019-07-13 09:17:55,921 INFO  impl.RaftServerImpl (RaftServerImpl.java:setRole(171)) - db776cde-2f7f-4f7b-8f98-f09ebaa78005:group-FD78E1EC2B2F changes role from null to FOLLOWER at term 0 for startAsFollower
2019-07-13 09:17:55,921 INFO  impl.RoleInfo (RoleInfo.java:updateAndGet(143)) - db776cde-2f7f-4f7b-8f98-f09ebaa78005: start FollowerState
2019-07-13 09:17:55,921 INFO  util.JmxRegister (JmxRegister.java:tryRegister(44)) - Successfully registered JMX Bean with object name Ratis:service=RaftServer,group=group-FD78E1EC2B2F,id=1bf50807-ccef-4394-9b24-0baf88707772
2019-07-13 09:17:55,921 INFO  util.JmxRegister (JmxRegister.java:tryRegister(44)) - Successfully registered JMX Bean with object name Ratis:service=RaftServer,group=group-FD78E1EC2B2F,id=db776cde-2f7f-4f7b-8f98-f09ebaa78005
2019-07-13 09:17:55,924 INFO  pipeline.PipelineStateManager (PipelineStateManager.java:addPipeline(56)) - Created pipeline Pipeline[ Id: 85ebcd05-b236-4501-b953-fd78e1ec2b2f, Nodes: 1bf50807-ccef-4394-9b24-0baf88707772{ip: 192.168.69.96, host: trunk-nightly-hmp62-43275749, networkLocation: /default-rack, certSerialId: null}0fa1d900-de89-4631-a285-2978aa9734d3{ip: 192.168.69.96, host: trunk-nightly-hmp62-43275749, networkLocation: /default-rack, certSerialId: null}db776cde-2f7f-4f7b-8f98-f09ebaa78005{ip: 192.168.69.96, host: trunk-nightly-hmp62-43275749, networkLocation: /default-rack, certSerialId: null}, Type:RATIS, Factor:THREE, State:OPEN]
2019-07-13 09:17:56,010 INFO  node.SCMNodeManager (SCMNodeManager.java:register(269)) - Registered Data node : 8cec96c7-7b7b-4772-9427-16e2c732dc6c{ip: 192.168.69.96, host: trunk-nightly-hmp62-43275749, networkLocation: /default-rack, certSerialId: null}
2019-07-13 09:17:56,017 INFO  impl.RaftServerProxy (RaftServerProxy.java:addNew(89)) - 8cec96c7-7b7b-4772-9427-16e2c732dc6c: addNew group-234AE4394E7D:[8cec96c7-7b7b-4772-9427-16e2c732dc6c:192.168.69.96:34523] returns group-234AE4394E7D:java.util.concurrent.CompletableFuture@4ab37cb2[Not completed]
2019-07-13 09:17:56,018 INFO  impl.RaftServerImpl (RaftServerImpl.java:<init>(93)) - 8cec96c7-7b7b-4772-9427-16e2c732dc6c: new RaftServerImpl for group-234AE4394E7D:[8cec96c7-7b7b-4772-9427-16e2c732dc6c:192.168.69.96:34523] with ContainerStateMachine:uninitialized
2019-07-13 09:17:56,018 INFO  server.RaftServerConfigKeys (ConfUtils.java:logGet(43)) - raft.server.rpc.timeout.min = 5s (custom)
2019-07-13 09:17:56,018 INFO  server.RaftServerConfigKeys (ConfUtils.java:logGet(43)) - raft.server.rpc.timeout.max = 5200ms (custom)
2019-07-13 09:17:56,019 INFO  server.RaftServerConfigKeys (ConfUtils.java:logGet(43)) - raft.server.rpcslowness.timeout = 120s (custom)
2019-07-13 09:17:56,019 INFO  server.RaftServerConfigKeys (ConfUtils.java:logGet(43)) - raft.server.sleep.deviation.threshold = 300 (default)
2019-07-13 09:17:56,019 INFO  server.RaftServerConfigKeys (ConfUtils.java:logGet(43)) - raft.server.log.appender.install.snapshot.enabled = false (custom)
2019-07-13 09:17:56,019 INFO  impl.RaftServerImpl (ServerState.java:<init>(105)) - 8cec96c7-7b7b-4772-9427-16e2c732dc6c:group-234AE4394E7D ConfigurationManager, init=-1: [8cec96c7-7b7b-4772-9427-16e2c732dc6c:192.168.69.96:34523], old=null, confs=<EMPTY_MAP>
2019-07-13 09:17:56,019 INFO  server.RaftServerConfigKeys (ConfUtils.java:logGet(43)) - raft.server.storage.dir = [/tmp/workdir/hadoop-ozone/integration-test/target/test-dir/MiniOzoneClusterImpl-c8202114-a271-4ee2-b51f-a8df28038b75/datanode-3/data/ratis] (custom)
2019-07-13 09:17:56,019 INFO  storage.RaftStorageDirectory (RaftStorageDirectory.java:analyzeStorage(246)) - The storage directory /tmp/workdir/hadoop-ozone/integration-test/target/test-dir/MiniOzoneClusterImpl-c8202114-a271-4ee2-b51f-a8df28038b75/datanode-3/data/ratis/41418eff-65d0-4420-8270-234ae4394e7d does not exist. Creating ...
2019-07-13 09:17:56,033 INFO  storage.RaftStorageDirectory (RaftStorageDirectory.java:tryLock(328)) - Lock on /tmp/workdir/hadoop-ozone/integration-test/target/test-dir/MiniOzoneClusterImpl-c8202114-a271-4ee2-b51f-a8df28038b75/datanode-3/data/ratis/41418eff-65d0-4420-8270-234ae4394e7d/in_use.lock acquired by nodename 8548@trunk-nightly-hmp62-43275749
2019-07-13 09:17:56,052 INFO  storage.RaftStorage (RaftStorage.java:format(72)) - Storage directory /tmp/workdir/hadoop-ozone/integration-test/target/test-dir/MiniOzoneClusterImpl-c8202114-a271-4ee2-b51f-a8df28038b75/datanode-3/data/ratis/41418eff-65d0-4420-8270-234ae4394e7d has been successfully formatted.
2019-07-13 09:17:56,052 INFO  ratis.ContainerStateMachine (ContainerStateMachine.java:loadSnapshot(200)) - The snapshot info is null.Setting the last applied index to:(t:0, i:~)
2019-07-13 09:17:56,052 INFO  server.RaftServerConfigKeys (ConfUtils.java:logGet(43)) - raft.server.leader.election.timeout = 120s (custom)
2019-07-13 09:17:56,053 INFO  server.RaftServerConfigKeys (ConfUtils.java:logGet(43)) - raft.server.log.use.memory = false (default)
2019-07-13 09:17:56,053 INFO  server.RaftServerConfigKeys (ConfUtils.java:logGet(43)) - raft.server.log.purge.gap = 1000000000 (custom)
2019-07-13 09:17:56,053 INFO  server.RaftServerConfigKeys (ConfUtils.java:logGet(43)) - raft.server.log.appender.buffer.byte-limit = 33554432 (custom)
2019-07-13 09:17:56,053 INFO  server.RaftServerConfigKeys (ConfUtils.java:logGet(43)) - raft.server.log.segment.size.max = 1048576 (custom)
2019-07-13 09:17:56,053 INFO  server.RaftServerConfigKeys (ConfUtils.java:logGet(43)) - raft.server.log.segment.cache.num.max = 2 (custom)
2019-07-13 09:17:56,053 INFO  segmented.SegmentedRaftLogWorker (SegmentedRaftLogWorker.java:<init>(172)) - new 8cec96c7-7b7b-4772-9427-16e2c732dc6c-SegmentedRaftLogWorker:Storage Directory /tmp/workdir/hadoop-ozone/integration-test/target/test-dir/MiniOzoneClusterImpl-c8202114-a271-4ee2-b51f-a8df28038b75/datanode-3/data/ratis/41418eff-65d0-4420-8270-234ae4394e7d for RaftStorage:Storage Directory /tmp/workdir/hadoop-ozone/integration-test/target/test-dir/MiniOzoneClusterImpl-c8202114-a271-4ee2-b51f-a8df28038b75/datanode-3/data/ratis/41418eff-65d0-4420-8270-234ae4394e7d
2019-07-13 09:17:56,054 INFO  server.RaftServerConfigKeys (ConfUtils.java:logGet(43)) - raft.server.log.queue.byte-limit = 2147483647 (custom)
2019-07-13 09:17:56,054 INFO  server.RaftServerConfigKeys (ConfUtils.java:logGet(43)) - raft.server.log.queue.element-limit = 1024 (custom)
2019-07-13 09:17:56,054 INFO  server.RaftServerConfigKeys (ConfUtils.java:logGet(43)) - raft.server.log.segment.size.max = 1048576 (custom)
2019-07-13 09:17:56,054 INFO  server.RaftServerConfigKeys (ConfUtils.java:logGet(43)) - raft.server.log.preallocated.size = 16384 (custom)
2019-07-13 09:17:56,054 INFO  server.RaftServerConfigKeys (ConfUtils.java:logGet(43)) - raft.server.log.write.buffer.size = 33554432 (custom)
2019-07-13 09:17:56,054 INFO  server.RaftServerConfigKeys (ConfUtils.java:logGet(43)) - raft.server.log.force.sync.num = 128 (default)
2019-07-13 09:17:56,055 INFO  server.RaftServerConfigKeys (ConfUtils.java:logGet(43)) - raft.server.log.statemachine.data.sync = true (default)
2019-07-13 09:17:56,055 INFO  server.RaftServerConfigKeys (ConfUtils.java:logGet(43)) - raft.server.log.statemachine.data.sync.timeout = 10s (default)
2019-07-13 09:17:56,055 INFO  server.RaftServerConfigKeys (ConfUtils.java:logGet(43)) - raft.server.log.statemachine.data.sync.timeout.retry = -1 (default)
2019-07-13 09:17:56,055 INFO  server.RaftServerConfigKeys (ConfUtils.java:logGet(43)) - raft.server.log.statemachine.data.caching.enabled = true (custom)
2019-07-13 09:17:56,055 INFO  segmented.SegmentedRaftLogWorker (SegmentedRaftLogWorker.java:lambda$new$0(132)) - 8cec96c7-7b7b-4772-9427-16e2c732dc6c-SegmentedRaftLogWorker:Storage Directory /tmp/workdir/hadoop-ozone/integration-test/target/test-dir/MiniOzoneClusterImpl-c8202114-a271-4ee2-b51f-a8df28038b75/datanode-3/data/ratis/41418eff-65d0-4420-8270-234ae4394e7d: flushIndex: setUnconditionally 0 -> -1
2019-07-13 09:17:56,056 INFO  server.RaftServerConfigKeys (ConfUtils.java:logGet(43)) - raft.server.snapshot.auto.trigger.enabled = true (custom)
2019-07-13 09:17:56,056 INFO  server.RaftServerConfigKeys (ConfUtils.java:logGet(43)) - raft.server.snapshot.auto.trigger.threshold = 10000 (custom)
2019-07-13 09:17:56,056 INFO  server.RaftServerConfigKeys (ConfUtils.java:logGet(43)) - raft.server.retrycache.expirytime = 600000ms (custom)
2019-07-13 09:17:56,056 INFO  impl.RaftServerImpl (RaftServerImpl.java:start(180)) - 8cec96c7-7b7b-4772-9427-16e2c732dc6c: start group-234AE4394E7D
2019-07-13 09:17:56,056 INFO  impl.RaftServerImpl (RaftServerImpl.java:setRole(171)) - 8cec96c7-7b7b-4772-9427-16e2c732dc6c:group-234AE4394E7D changes role from null to FOLLOWER at term 0 for startAsFollower
2019-07-13 09:17:56,057 INFO  impl.RoleInfo (RoleInfo.java:updateAndGet(143)) - 8cec96c7-7b7b-4772-9427-16e2c732dc6c: start FollowerState
2019-07-13 09:17:56,068 INFO  util.JmxRegister (JmxRegister.java:tryRegister(44)) - Successfully registered JMX Bean with object name Ratis:service=RaftServer,group=group-234AE4394E7D,id=8cec96c7-7b7b-4772-9427-16e2c732dc6c
2019-07-13 09:17:56,079 INFO  pipeline.PipelineStateManager (PipelineStateManager.java:addPipeline(56)) - Created pipeline Pipeline[ Id: 41418eff-65d0-4420-8270-234ae4394e7d, Nodes: 8cec96c7-7b7b-4772-9427-16e2c732dc6c{ip: 192.168.69.96, host: trunk-nightly-hmp62-43275749, networkLocation: /default-rack, certSerialId: null}, Type:RATIS, Factor:ONE, State:OPEN]
2019-07-13 09:17:56,176 INFO  node.SCMNodeManager (SCMNodeManager.java:register(269)) - Registered Data node : fc955830-2cac-4c8b-b78a-68d87f4dec05{ip: 192.168.69.96, host: trunk-nightly-hmp62-43275749, networkLocation: /default-rack, certSerialId: null}
2019-07-13 09:17:56,183 INFO  impl.RaftServerProxy (RaftServerProxy.java:addNew(89)) - fc955830-2cac-4c8b-b78a-68d87f4dec05: addNew group-F021FD1ED021:[fc955830-2cac-4c8b-b78a-68d87f4dec05:192.168.69.96:44504] returns group-F021FD1ED021:java.util.concurrent.CompletableFuture@3db2fa3[Not completed]
2019-07-13 09:17:56,184 INFO  impl.RaftServerImpl (RaftServerImpl.java:<init>(93)) - fc955830-2cac-4c8b-b78a-68d87f4dec05: new RaftServerImpl for group-F021FD1ED021:[fc955830-2cac-4c8b-b78a-68d87f4dec05:192.168.69.96:44504] with ContainerStateMachine:uninitialized
2019-07-13 09:17:56,184 INFO  server.RaftServerConfigKeys (ConfUtils.java:logGet(43)) - raft.server.rpc.timeout.min = 5s (custom)
2019-07-13 09:17:56,184 INFO  server.RaftServerConfigKeys (ConfUtils.java:logGet(43)) - raft.server.rpc.timeout.max = 5200ms (custom)
2019-07-13 09:17:56,184 INFO  server.RaftServerConfigKeys (ConfUtils.java:logGet(43)) - raft.server.rpcslowness.timeout = 120s (custom)
2019-07-13 09:17:56,184 INFO  server.RaftServerConfigKeys (ConfUtils.java:logGet(43)) - raft.server.sleep.deviation.threshold = 300 (default)
2019-07-13 09:17:56,184 INFO  server.RaftServerConfigKeys (ConfUtils.java:logGet(43)) - raft.server.log.appender.install.snapshot.enabled = false (custom)
2019-07-13 09:17:56,185 INFO  impl.RaftServerImpl (ServerState.java:<init>(105)) - fc955830-2cac-4c8b-b78a-68d87f4dec05:group-F021FD1ED021 ConfigurationManager, init=-1: [fc955830-2cac-4c8b-b78a-68d87f4dec05:192.168.69.96:44504], old=null, confs=<EMPTY_MAP>
2019-07-13 09:17:56,185 INFO  server.RaftServerConfigKeys (ConfUtils.java:logGet(43)) - raft.server.storage.dir = [/tmp/workdir/hadoop-ozone/integration-test/target/test-dir/MiniOzoneClusterImpl-c8202114-a271-4ee2-b51f-a8df28038b75/datanode-4/data/ratis] (custom)
2019-07-13 09:17:56,185 INFO  storage.RaftStorageDirectory (RaftStorageDirectory.java:analyzeStorage(246)) - The storage directory /tmp/workdir/hadoop-ozone/integration-test/target/test-dir/MiniOzoneClusterImpl-c8202114-a271-4ee2-b51f-a8df28038b75/datanode-4/data/ratis/3a3f5a56-68d8-4a3f-95b6-f021fd1ed021 does not exist. Creating ...
2019-07-13 09:17:56,199 INFO  storage.RaftStorageDirectory (RaftStorageDirectory.java:tryLock(328)) - Lock on /tmp/workdir/hadoop-ozone/integration-test/target/test-dir/MiniOzoneClusterImpl-c8202114-a271-4ee2-b51f-a8df28038b75/datanode-4/data/ratis/3a3f5a56-68d8-4a3f-95b6-f021fd1ed021/in_use.lock acquired by nodename 8548@trunk-nightly-hmp62-43275749
2019-07-13 09:17:56,212 INFO  storage.RaftStorage (RaftStorage.java:format(72)) - Storage directory /tmp/workdir/hadoop-ozone/integration-test/target/test-dir/MiniOzoneClusterImpl-c8202114-a271-4ee2-b51f-a8df28038b75/datanode-4/data/ratis/3a3f5a56-68d8-4a3f-95b6-f021fd1ed021 has been successfully formatted.
2019-07-13 09:17:56,213 INFO  ratis.ContainerStateMachine (ContainerStateMachine.java:loadSnapshot(200)) - The snapshot info is null.Setting the last applied index to:(t:0, i:~)
2019-07-13 09:17:56,213 INFO  server.RaftServerConfigKeys (ConfUtils.java:logGet(43)) - raft.server.leader.election.timeout = 120s (custom)
2019-07-13 09:17:56,213 INFO  server.RaftServerConfigKeys (ConfUtils.java:logGet(43)) - raft.server.log.use.memory = false (default)
2019-07-13 09:17:56,213 INFO  server.RaftServerConfigKeys (ConfUtils.java:logGet(43)) - raft.server.log.purge.gap = 1000000000 (custom)
2019-07-13 09:17:56,213 INFO  server.RaftServerConfigKeys (ConfUtils.java:logGet(43)) - raft.server.log.appender.buffer.byte-limit = 33554432 (custom)
2019-07-13 09:17:56,214 INFO  server.RaftServerConfigKeys (ConfUtils.java:logGet(43)) - raft.server.log.segment.size.max = 1048576 (custom)
2019-07-13 09:17:56,214 INFO  server.RaftServerConfigKeys (ConfUtils.java:logGet(43)) - raft.server.log.segment.cache.num.max = 2 (custom)
2019-07-13 09:17:56,214 INFO  segmented.SegmentedRaftLogWorker (SegmentedRaftLogWorker.java:<init>(172)) - new fc955830-2cac-4c8b-b78a-68d87f4dec05-SegmentedRaftLogWorker:Storage Directory /tmp/workdir/hadoop-ozone/integration-test/target/test-dir/MiniOzoneClusterImpl-c8202114-a271-4ee2-b51f-a8df28038b75/datanode-4/data/ratis/3a3f5a56-68d8-4a3f-95b6-f021fd1ed021 for RaftStorage:Storage Directory /tmp/workdir/hadoop-ozone/integration-test/target/test-dir/MiniOzoneClusterImpl-c8202114-a271-4ee2-b51f-a8df28038b75/datanode-4/data/ratis/3a3f5a56-68d8-4a3f-95b6-f021fd1ed021
2019-07-13 09:17:56,214 INFO  server.RaftServerConfigKeys (ConfUtils.java:logGet(43)) - raft.server.log.queue.byte-limit = 2147483647 (custom)
2019-07-13 09:17:56,214 INFO  server.RaftServerConfigKeys (ConfUtils.java:logGet(43)) - raft.server.log.queue.element-limit = 1024 (custom)
2019-07-13 09:17:56,214 INFO  server.RaftServerConfigKeys (ConfUtils.java:logGet(43)) - raft.server.log.segment.size.max = 1048576 (custom)
2019-07-13 09:17:56,215 INFO  server.RaftServerConfigKeys (ConfUtils.java:logGet(43)) - raft.server.log.preallocated.size = 16384 (custom)
2019-07-13 09:17:56,215 INFO  server.RaftServerConfigKeys (ConfUtils.java:logGet(43)) - raft.server.log.write.buffer.size = 33554432 (custom)
2019-07-13 09:17:56,215 INFO  server.RaftServerConfigKeys (ConfUtils.java:logGet(43)) - raft.server.log.force.sync.num = 128 (default)
2019-07-13 09:17:56,215 INFO  server.RaftServerConfigKeys (ConfUtils.java:logGet(43)) - raft.server.log.statemachine.data.sync = true (default)
2019-07-13 09:17:56,215 INFO  server.RaftServerConfigKeys (ConfUtils.java:logGet(43)) - raft.server.log.statemachine.data.sync.timeout = 10s (default)
2019-07-13 09:17:56,215 INFO  server.RaftServerConfigKeys (ConfUtils.java:logGet(43)) - raft.server.log.statemachine.data.sync.timeout.retry = -1 (default)
2019-07-13 09:17:56,216 INFO  server.RaftServerConfigKeys (ConfUtils.java:logGet(43)) - raft.server.log.statemachine.data.caching.enabled = true (custom)
2019-07-13 09:17:56,216 INFO  segmented.SegmentedRaftLogWorker (SegmentedRaftLogWorker.java:lambda$new$0(132)) - fc955830-2cac-4c8b-b78a-68d87f4dec05-SegmentedRaftLogWorker:Storage Directory /tmp/workdir/hadoop-ozone/integration-test/target/test-dir/MiniOzoneClusterImpl-c8202114-a271-4ee2-b51f-a8df28038b75/datanode-4/data/ratis/3a3f5a56-68d8-4a3f-95b6-f021fd1ed021: flushIndex: setUnconditionally 0 -> -1
2019-07-13 09:17:56,216 INFO  server.RaftServerConfigKeys (ConfUtils.java:logGet(43)) - raft.server.snapshot.auto.trigger.enabled = true (custom)
2019-07-13 09:17:56,217 INFO  server.RaftServerConfigKeys (ConfUtils.java:logGet(43)) - raft.server.snapshot.auto.trigger.threshold = 10000 (custom)
2019-07-13 09:17:56,217 INFO  server.RaftServerConfigKeys (ConfUtils.java:logGet(43)) - raft.server.retrycache.expirytime = 600000ms (custom)
2019-07-13 09:17:56,217 INFO  impl.RaftServerImpl (RaftServerImpl.java:start(180)) - fc955830-2cac-4c8b-b78a-68d87f4dec05: start group-F021FD1ED021
2019-07-13 09:17:56,217 INFO  impl.RaftServerImpl (RaftServerImpl.java:setRole(171)) - fc955830-2cac-4c8b-b78a-68d87f4dec05:group-F021FD1ED021 changes role from null to FOLLOWER at term 0 for startAsFollower
2019-07-13 09:17:56,217 INFO  impl.RoleInfo (RoleInfo.java:updateAndGet(143)) - fc955830-2cac-4c8b-b78a-68d87f4dec05: start FollowerState
2019-07-13 09:17:56,218 INFO  util.JmxRegister (JmxRegister.java:tryRegister(44)) - Successfully registered JMX Bean with object name Ratis:service=RaftServer,group=group-F021FD1ED021,id=fc955830-2cac-4c8b-b78a-68d87f4dec05
2019-07-13 09:17:56,220 INFO  pipeline.PipelineStateManager (PipelineStateManager.java:addPipeline(56)) - Created pipeline Pipeline[ Id: 3a3f5a56-68d8-4a3f-95b6-f021fd1ed021, Nodes: fc955830-2cac-4c8b-b78a-68d87f4dec05{ip: 192.168.69.96, host: trunk-nightly-hmp62-43275749, networkLocation: /default-rack, certSerialId: null}, Type:RATIS, Factor:ONE, State:OPEN]
2019-07-13 09:17:56,363 INFO  node.SCMNodeManager (SCMNodeManager.java:register(269)) - Registered Data node : 69012c72-a113-4648-bf06-cf2148c5ab6d{ip: 192.168.69.96, host: trunk-nightly-hmp62-43275749, networkLocation: /default-rack, certSerialId: null}
2019-07-13 09:17:56,370 INFO  impl.RaftServerProxy (RaftServerProxy.java:addNew(89)) - 69012c72-a113-4648-bf06-cf2148c5ab6d: addNew group-39BF5711D7D3:[69012c72-a113-4648-bf06-cf2148c5ab6d:192.168.69.96:41915] returns group-39BF5711D7D3:java.util.concurrent.CompletableFuture@2b642967[Not completed]
2019-07-13 09:17:56,371 INFO  impl.RaftServerImpl (RaftServerImpl.java:<init>(93)) - 69012c72-a113-4648-bf06-cf2148c5ab6d: new RaftServerImpl for group-39BF5711D7D3:[69012c72-a113-4648-bf06-cf2148c5ab6d:192.168.69.96:41915] with ContainerStateMachine:uninitialized
2019-07-13 09:17:56,371 INFO  server.RaftServerConfigKeys (ConfUtils.java:logGet(43)) - raft.server.rpc.timeout.min = 5s (custom)
2019-07-13 09:17:56,371 INFO  server.RaftServerConfigKeys (ConfUtils.java:logGet(43)) - raft.server.rpc.timeout.max = 5200ms (custom)
2019-07-13 09:17:56,371 INFO  server.RaftServerConfigKeys (ConfUtils.java:logGet(43)) - raft.server.rpcslowness.timeout = 120s (custom)
2019-07-13 09:17:56,371 INFO  server.RaftServerConfigKeys (ConfUtils.java:logGet(43)) - raft.server.sleep.deviation.threshold = 300 (default)
2019-07-13 09:17:56,371 INFO  server.RaftServerConfigKeys (ConfUtils.java:logGet(43)) - raft.server.log.appender.install.snapshot.enabled = false (custom)
2019-07-13 09:17:56,372 INFO  impl.RaftServerImpl (ServerState.java:<init>(105)) - 69012c72-a113-4648-bf06-cf2148c5ab6d:group-39BF5711D7D3 ConfigurationManager, init=-1: [69012c72-a113-4648-bf06-cf2148c5ab6d:192.168.69.96:41915], old=null, confs=<EMPTY_MAP>
2019-07-13 09:17:56,372 INFO  server.RaftServerConfigKeys (ConfUtils.java:logGet(43)) - raft.server.storage.dir = [/tmp/workdir/hadoop-ozone/integration-test/target/test-dir/MiniOzoneClusterImpl-c8202114-a271-4ee2-b51f-a8df28038b75/datanode-5/data/ratis] (custom)
2019-07-13 09:17:56,372 INFO  storage.RaftStorageDirectory (RaftStorageDirectory.java:analyzeStorage(246)) - The storage directory /tmp/workdir/hadoop-ozone/integration-test/target/test-dir/MiniOzoneClusterImpl-c8202114-a271-4ee2-b51f-a8df28038b75/datanode-5/data/ratis/e8966fb2-caf8-41eb-94be-39bf5711d7d3 does not exist. Creating ...
2019-07-13 09:17:56,385 INFO  storage.RaftStorageDirectory (RaftStorageDirectory.java:tryLock(328)) - Lock on /tmp/workdir/hadoop-ozone/integration-test/target/test-dir/MiniOzoneClusterImpl-c8202114-a271-4ee2-b51f-a8df28038b75/datanode-5/data/ratis/e8966fb2-caf8-41eb-94be-39bf5711d7d3/in_use.lock acquired by nodename 8548@trunk-nightly-hmp62-43275749
2019-07-13 09:17:56,399 INFO  storage.RaftStorage (RaftStorage.java:format(72)) - Storage directory /tmp/workdir/hadoop-ozone/integration-test/target/test-dir/MiniOzoneClusterImpl-c8202114-a271-4ee2-b51f-a8df28038b75/datanode-5/data/ratis/e8966fb2-caf8-41eb-94be-39bf5711d7d3 has been successfully formatted.
2019-07-13 09:17:56,399 INFO  ratis.ContainerStateMachine (ContainerStateMachine.java:loadSnapshot(200)) - The snapshot info is null.Setting the last applied index to:(t:0, i:~)
2019-07-13 09:17:56,399 INFO  server.RaftServerConfigKeys (ConfUtils.java:logGet(43)) - raft.server.leader.election.timeout = 120s (custom)
2019-07-13 09:17:56,399 INFO  server.RaftServerConfigKeys (ConfUtils.java:logGet(43)) - raft.server.log.use.memory = false (default)
2019-07-13 09:17:56,400 INFO  server.RaftServerConfigKeys (ConfUtils.java:logGet(43)) - raft.server.log.purge.gap = 1000000000 (custom)
2019-07-13 09:17:56,400 INFO  server.RaftServerConfigKeys (ConfUtils.java:logGet(43)) - raft.server.log.appender.buffer.byte-limit = 33554432 (custom)
2019-07-13 09:17:56,400 INFO  server.RaftServerConfigKeys (ConfUtils.java:logGet(43)) - raft.server.log.segment.size.max = 1048576 (custom)
2019-07-13 09:17:56,400 INFO  server.RaftServerConfigKeys (ConfUtils.java:logGet(43)) - raft.server.log.segment.cache.num.max = 2 (custom)
2019-07-13 09:17:56,400 INFO  segmented.SegmentedRaftLogWorker (SegmentedRaftLogWorker.java:<init>(172)) - new 69012c72-a113-4648-bf06-cf2148c5ab6d-SegmentedRaftLogWorker:Storage Directory /tmp/workdir/hadoop-ozone/integration-test/target/test-dir/MiniOzoneClusterImpl-c8202114-a271-4ee2-b51f-a8df28038b75/datanode-5/data/ratis/e8966fb2-caf8-41eb-94be-39bf5711d7d3 for RaftStorage:Storage Directory /tmp/workdir/hadoop-ozone/integration-test/target/test-dir/MiniOzoneClusterImpl-c8202114-a271-4ee2-b51f-a8df28038b75/datanode-5/data/ratis/e8966fb2-caf8-41eb-94be-39bf5711d7d3
2019-07-13 09:17:56,400 INFO  server.RaftServerConfigKeys (ConfUtils.java:logGet(43)) - raft.server.log.queue.byte-limit = 2147483647 (custom)
2019-07-13 09:17:56,401 INFO  server.RaftServerConfigKeys (ConfUtils.java:logGet(43)) - raft.server.log.queue.element-limit = 1024 (custom)
2019-07-13 09:17:56,401 INFO  server.RaftServerConfigKeys (ConfUtils.java:logGet(43)) - raft.server.log.segment.size.max = 1048576 (custom)
2019-07-13 09:17:56,401 INFO  server.RaftServerConfigKeys (ConfUtils.java:logGet(43)) - raft.server.log.preallocated.size = 16384 (custom)
2019-07-13 09:17:56,401 INFO  server.RaftServerConfigKeys (ConfUtils.java:logGet(43)) - raft.server.log.write.buffer.size = 33554432 (custom)
2019-07-13 09:17:56,401 INFO  server.RaftServerConfigKeys (ConfUtils.java:logGet(43)) - raft.server.log.force.sync.num = 128 (default)
2019-07-13 09:17:56,401 INFO  server.RaftServerConfigKeys (ConfUtils.java:logGet(43)) - raft.server.log.statemachine.data.sync = true (default)
2019-07-13 09:17:56,401 INFO  server.RaftServerConfigKeys (ConfUtils.java:logGet(43)) - raft.server.log.statemachine.data.sync.timeout = 10s (default)
2019-07-13 09:17:56,402 INFO  server.RaftServerConfigKeys (ConfUtils.java:logGet(43)) - raft.server.log.statemachine.data.sync.timeout.retry = -1 (default)
2019-07-13 09:17:56,402 INFO  server.RaftServerConfigKeys (ConfUtils.java:logGet(43)) - raft.server.log.statemachine.data.caching.enabled = true (custom)
2019-07-13 09:17:56,402 INFO  segmented.SegmentedRaftLogWorker (SegmentedRaftLogWorker.java:lambda$new$0(132)) - 69012c72-a113-4648-bf06-cf2148c5ab6d-SegmentedRaftLogWorker:Storage Directory /tmp/workdir/hadoop-ozone/integration-test/target/test-dir/MiniOzoneClusterImpl-c8202114-a271-4ee2-b51f-a8df28038b75/datanode-5/data/ratis/e8966fb2-caf8-41eb-94be-39bf5711d7d3: flushIndex: setUnconditionally 0 -> -1
2019-07-13 09:17:56,403 INFO  server.RaftServerConfigKeys (ConfUtils.java:logGet(43)) - raft.server.snapshot.auto.trigger.enabled = true (custom)
2019-07-13 09:17:56,403 INFO  server.RaftServerConfigKeys (ConfUtils.java:logGet(43)) - raft.server.snapshot.auto.trigger.threshold = 10000 (custom)
2019-07-13 09:17:56,403 INFO  server.RaftServerConfigKeys (ConfUtils.java:logGet(43)) - raft.server.retrycache.expirytime = 600000ms (custom)
2019-07-13 09:17:56,403 INFO  impl.RaftServerImpl (RaftServerImpl.java:start(180)) - 69012c72-a113-4648-bf06-cf2148c5ab6d: start group-39BF5711D7D3
2019-07-13 09:17:56,403 INFO  impl.RaftServerImpl (RaftServerImpl.java:setRole(171)) - 69012c72-a113-4648-bf06-cf2148c5ab6d:group-39BF5711D7D3 changes role from null to FOLLOWER at term 0 for startAsFollower
2019-07-13 09:17:56,403 INFO  impl.RoleInfo (RoleInfo.java:updateAndGet(143)) - 69012c72-a113-4648-bf06-cf2148c5ab6d: start FollowerState
2019-07-13 09:17:56,404 INFO  util.JmxRegister (JmxRegister.java:tryRegister(44)) - Successfully registered JMX Bean with object name Ratis:service=RaftServer,group=group-39BF5711D7D3,id=69012c72-a113-4648-bf06-cf2148c5ab6d
2019-07-13 09:17:56,406 INFO  pipeline.PipelineStateManager (PipelineStateManager.java:addPipeline(56)) - Created pipeline Pipeline[ Id: e8966fb2-caf8-41eb-94be-39bf5711d7d3, Nodes: 69012c72-a113-4648-bf06-cf2148c5ab6d{ip: 192.168.69.96, host: trunk-nightly-hmp62-43275749, networkLocation: /default-rack, certSerialId: null}, Type:RATIS, Factor:ONE, State:OPEN]
2019-07-13 09:17:56,423 INFO  impl.RaftServerProxy (RaftServerProxy.java:addNew(89)) - fc955830-2cac-4c8b-b78a-68d87f4dec05: addNew group-8175DF6E67B8:[fc955830-2cac-4c8b-b78a-68d87f4dec05:192.168.69.96:44504, 69012c72-a113-4648-bf06-cf2148c5ab6d:192.168.69.96:41915, 8cec96c7-7b7b-4772-9427-16e2c732dc6c:192.168.69.96:34523] returns group-8175DF6E67B8:java.util.concurrent.CompletableFuture@5e3854e2[Not completed]
2019-07-13 09:17:56,423 INFO  impl.RaftServerProxy (RaftServerProxy.java:addNew(89)) - 69012c72-a113-4648-bf06-cf2148c5ab6d: addNew group-8175DF6E67B8:[fc955830-2cac-4c8b-b78a-68d87f4dec05:192.168.69.96:44504, 69012c72-a113-4648-bf06-cf2148c5ab6d:192.168.69.96:41915, 8cec96c7-7b7b-4772-9427-16e2c732dc6c:192.168.69.96:34523] returns group-8175DF6E67B8:java.util.concurrent.CompletableFuture@3a333291[Not completed]
2019-07-13 09:17:56,423 INFO  impl.RaftServerProxy (RaftServerProxy.java:addNew(89)) - 8cec96c7-7b7b-4772-9427-16e2c732dc6c: addNew group-8175DF6E67B8:[fc955830-2cac-4c8b-b78a-68d87f4dec05:192.168.69.96:44504, 69012c72-a113-4648-bf06-cf2148c5ab6d:192.168.69.96:41915, 8cec96c7-7b7b-4772-9427-16e2c732dc6c:192.168.69.96:34523] returns group-8175DF6E67B8:java.util.concurrent.CompletableFuture@475e769f[Not completed]
2019-07-13 09:17:56,423 INFO  impl.RaftServerImpl (RaftServerImpl.java:<init>(93)) - fc955830-2cac-4c8b-b78a-68d87f4dec05: new RaftServerImpl for group-8175DF6E67B8:[fc955830-2cac-4c8b-b78a-68d87f4dec05:192.168.69.96:44504, 69012c72-a113-4648-bf06-cf2148c5ab6d:192.168.69.96:41915, 8cec96c7-7b7b-4772-9427-16e2c732dc6c:192.168.69.96:34523] with ContainerStateMachine:uninitialized
2019-07-13 09:17:56,424 INFO  server.RaftServerConfigKeys (ConfUtils.java:logGet(43)) - raft.server.rpc.timeout.min = 5s (custom)
2019-07-13 09:17:56,424 INFO  server.RaftServerConfigKeys (ConfUtils.java:logGet(43)) - raft.server.rpc.timeout.max = 5200ms (custom)
2019-07-13 09:17:56,424 INFO  impl.RaftServerImpl (RaftServerImpl.java:<init>(93)) - 69012c72-a113-4648-bf06-cf2148c5ab6d: new RaftServerImpl for group-8175DF6E67B8:[fc955830-2cac-4c8b-b78a-68d87f4dec05:192.168.69.96:44504, 69012c72-a113-4648-bf06-cf2148c5ab6d:192.168.69.96:41915, 8cec96c7-7b7b-4772-9427-16e2c732dc6c:192.168.69.96:34523] with ContainerStateMachine:uninitialized
2019-07-13 09:17:56,424 INFO  server.RaftServerConfigKeys (ConfUtils.java:logGet(43)) - raft.server.rpcslowness.timeout = 120s (custom)
2019-07-13 09:17:56,424 INFO  server.RaftServerConfigKeys (ConfUtils.java:logGet(43)) - raft.server.rpc.timeout.min = 5s (custom)
2019-07-13 09:17:56,424 INFO  server.RaftServerConfigKeys (ConfUtils.java:logGet(43)) - raft.server.sleep.deviation.threshold = 300 (default)
2019-07-13 09:17:56,424 INFO  impl.RaftServerImpl (RaftServerImpl.java:<init>(93)) - 8cec96c7-7b7b-4772-9427-16e2c732dc6c: new RaftServerImpl for group-8175DF6E67B8:[fc955830-2cac-4c8b-b78a-68d87f4dec05:192.168.69.96:44504, 69012c72-a113-4648-bf06-cf2148c5ab6d:192.168.69.96:41915, 8cec96c7-7b7b-4772-9427-16e2c732dc6c:192.168.69.96:34523] with ContainerStateMachine:uninitialized
2019-07-13 09:17:56,424 INFO  server.RaftServerConfigKeys (ConfUtils.java:logGet(43)) - raft.server.rpc.timeout.max = 5200ms (custom)
2019-07-13 09:17:56,425 INFO  server.RaftServerConfigKeys (ConfUtils.java:logGet(43)) - raft.server.rpc.timeout.min = 5s (custom)
2019-07-13 09:17:56,424 INFO  server.RaftServerConfigKeys (ConfUtils.java:logGet(43)) - raft.server.log.appender.install.snapshot.enabled = false (custom)
2019-07-13 09:17:56,425 INFO  server.RaftServerConfigKeys (ConfUtils.java:logGet(43)) - raft.server.rpc.timeout.max = 5200ms (custom)
2019-07-13 09:17:56,425 INFO  server.RaftServerConfigKeys (ConfUtils.java:logGet(43)) - raft.server.rpcslowness.timeout = 120s (custom)
2019-07-13 09:17:56,425 INFO  server.RaftServerConfigKeys (ConfUtils.java:logGet(43)) - raft.server.rpcslowness.timeout = 120s (custom)
2019-07-13 09:17:56,425 INFO  server.RaftServerConfigKeys (ConfUtils.java:logGet(43)) - raft.server.sleep.deviation.threshold = 300 (default)
2019-07-13 09:17:56,426 INFO  server.RaftServerConfigKeys (ConfUtils.java:logGet(43)) - raft.server.log.appender.install.snapshot.enabled = false (custom)
2019-07-13 09:17:56,425 INFO  impl.RaftServerImpl (ServerState.java:<init>(105)) - fc955830-2cac-4c8b-b78a-68d87f4dec05:group-8175DF6E67B8 ConfigurationManager, init=-1: [fc955830-2cac-4c8b-b78a-68d87f4dec05:192.168.69.96:44504, 69012c72-a113-4648-bf06-cf2148c5ab6d:192.168.69.96:41915, 8cec96c7-7b7b-4772-9427-16e2c732dc6c:192.168.69.96:34523], old=null, confs=<EMPTY_MAP>
2019-07-13 09:17:56,426 INFO  impl.RaftServerImpl (ServerState.java:<init>(105)) - 8cec96c7-7b7b-4772-9427-16e2c732dc6c:group-8175DF6E67B8 ConfigurationManager, init=-1: [fc955830-2cac-4c8b-b78a-68d87f4dec05:192.168.69.96:44504, 69012c72-a113-4648-bf06-cf2148c5ab6d:192.168.69.96:41915, 8cec96c7-7b7b-4772-9427-16e2c732dc6c:192.168.69.96:34523], old=null, confs=<EMPTY_MAP>
2019-07-13 09:17:56,426 INFO  server.RaftServerConfigKeys (ConfUtils.java:logGet(43)) - raft.server.sleep.deviation.threshold = 300 (default)
2019-07-13 09:17:56,426 INFO  server.RaftServerConfigKeys (ConfUtils.java:logGet(43)) - raft.server.storage.dir = [/tmp/workdir/hadoop-ozone/integration-test/target/test-dir/MiniOzoneClusterImpl-c8202114-a271-4ee2-b51f-a8df28038b75/datanode-3/data/ratis] (custom)
2019-07-13 09:17:56,426 INFO  server.RaftServerConfigKeys (ConfUtils.java:logGet(43)) - raft.server.storage.dir = [/tmp/workdir/hadoop-ozone/integration-test/target/test-dir/MiniOzoneClusterImpl-c8202114-a271-4ee2-b51f-a8df28038b75/datanode-4/data/ratis] (custom)
2019-07-13 09:17:56,426 INFO  server.RaftServerConfigKeys (ConfUtils.java:logGet(43)) - raft.server.log.appender.install.snapshot.enabled = false (custom)
2019-07-13 09:17:56,427 INFO  storage.RaftStorageDirectory (RaftStorageDirectory.java:analyzeStorage(246)) - The storage directory /tmp/workdir/hadoop-ozone/integration-test/target/test-dir/MiniOzoneClusterImpl-c8202114-a271-4ee2-b51f-a8df28038b75/datanode-3/data/ratis/365b52aa-e02d-4a72-8c2d-8175df6e67b8 does not exist. Creating ...
2019-07-13 09:17:56,427 INFO  impl.RaftServerImpl (ServerState.java:<init>(105)) - 69012c72-a113-4648-bf06-cf2148c5ab6d:group-8175DF6E67B8 ConfigurationManager, init=-1: [fc955830-2cac-4c8b-b78a-68d87f4dec05:192.168.69.96:44504, 69012c72-a113-4648-bf06-cf2148c5ab6d:192.168.69.96:41915, 8cec96c7-7b7b-4772-9427-16e2c732dc6c:192.168.69.96:34523], old=null, confs=<EMPTY_MAP>
2019-07-13 09:17:56,427 INFO  storage.RaftStorageDirectory (RaftStorageDirectory.java:analyzeStorage(246)) - The storage directory /tmp/workdir/hadoop-ozone/integration-test/target/test-dir/MiniOzoneClusterImpl-c8202114-a271-4ee2-b51f-a8df28038b75/datanode-4/data/ratis/365b52aa-e02d-4a72-8c2d-8175df6e67b8 does not exist. Creating ...
2019-07-13 09:17:56,427 INFO  server.RaftServerConfigKeys (ConfUtils.java:logGet(43)) - raft.server.storage.dir = [/tmp/workdir/hadoop-ozone/integration-test/target/test-dir/MiniOzoneClusterImpl-c8202114-a271-4ee2-b51f-a8df28038b75/datanode-5/data/ratis] (custom)
2019-07-13 09:17:56,428 INFO  storage.RaftStorageDirectory (RaftStorageDirectory.java:analyzeStorage(246)) - The storage directory /tmp/workdir/hadoop-ozone/integration-test/target/test-dir/MiniOzoneClusterImpl-c8202114-a271-4ee2-b51f-a8df28038b75/datanode-5/data/ratis/365b52aa-e02d-4a72-8c2d-8175df6e67b8 does not exist. Creating ...
2019-07-13 09:17:56,440 INFO  storage.RaftStorageDirectory (RaftStorageDirectory.java:tryLock(328)) - Lock on /tmp/workdir/hadoop-ozone/integration-test/target/test-dir/MiniOzoneClusterImpl-c8202114-a271-4ee2-b51f-a8df28038b75/datanode-4/data/ratis/365b52aa-e02d-4a72-8c2d-8175df6e67b8/in_use.lock acquired by nodename 8548@trunk-nightly-hmp62-43275749
2019-07-13 09:17:56,440 INFO  storage.RaftStorageDirectory (RaftStorageDirectory.java:tryLock(328)) - Lock on /tmp/workdir/hadoop-ozone/integration-test/target/test-dir/MiniOzoneClusterImpl-c8202114-a271-4ee2-b51f-a8df28038b75/datanode-5/data/ratis/365b52aa-e02d-4a72-8c2d-8175df6e67b8/in_use.lock acquired by nodename 8548@trunk-nightly-hmp62-43275749
2019-07-13 09:17:56,440 INFO  storage.RaftStorageDirectory (RaftStorageDirectory.java:tryLock(328)) - Lock on /tmp/workdir/hadoop-ozone/integration-test/target/test-dir/MiniOzoneClusterImpl-c8202114-a271-4ee2-b51f-a8df28038b75/datanode-3/data/ratis/365b52aa-e02d-4a72-8c2d-8175df6e67b8/in_use.lock acquired by nodename 8548@trunk-nightly-hmp62-43275749
2019-07-13 09:17:56,454 INFO  storage.RaftStorage (RaftStorage.java:format(72)) - Storage directory /tmp/workdir/hadoop-ozone/integration-test/target/test-dir/MiniOzoneClusterImpl-c8202114-a271-4ee2-b51f-a8df28038b75/datanode-3/data/ratis/365b52aa-e02d-4a72-8c2d-8175df6e67b8 has been successfully formatted.
2019-07-13 09:17:56,454 INFO  storage.RaftStorage (RaftStorage.java:format(72)) - Storage directory /tmp/workdir/hadoop-ozone/integration-test/target/test-dir/MiniOzoneClusterImpl-c8202114-a271-4ee2-b51f-a8df28038b75/datanode-5/data/ratis/365b52aa-e02d-4a72-8c2d-8175df6e67b8 has been successfully formatted.
2019-07-13 09:17:56,454 INFO  storage.RaftStorage (RaftStorage.java:format(72)) - Storage directory /tmp/workdir/hadoop-ozone/integration-test/target/test-dir/MiniOzoneClusterImpl-c8202114-a271-4ee2-b51f-a8df28038b75/datanode-4/data/ratis/365b52aa-e02d-4a72-8c2d-8175df6e67b8 has been successfully formatted.
2019-07-13 09:17:56,454 INFO  ratis.ContainerStateMachine (ContainerStateMachine.java:loadSnapshot(200)) - The snapshot info is null.Setting the last applied index to:(t:0, i:~)
2019-07-13 09:17:56,454 INFO  ratis.ContainerStateMachine (ContainerStateMachine.java:loadSnapshot(200)) - The snapshot info is null.Setting the last applied index to:(t:0, i:~)
2019-07-13 09:17:56,454 INFO  ratis.ContainerStateMachine (ContainerStateMachine.java:loadSnapshot(200)) - The snapshot info is null.Setting the last applied index to:(t:0, i:~)
2019-07-13 09:17:56,454 INFO  server.RaftServerConfigKeys (ConfUtils.java:logGet(43)) - raft.server.leader.election.timeout = 120s (custom)
2019-07-13 09:17:56,454 INFO  server.RaftServerConfigKeys (ConfUtils.java:logGet(43)) - raft.server.leader.election.timeout = 120s (custom)
2019-07-13 09:17:56,455 INFO  server.RaftServerConfigKeys (ConfUtils.java:logGet(43)) - raft.server.log.use.memory = false (default)
2019-07-13 09:17:56,455 INFO  server.RaftServerConfigKeys (ConfUtils.java:logGet(43)) - raft.server.leader.election.timeout = 120s (custom)
2019-07-13 09:17:56,455 INFO  server.RaftServerConfigKeys (ConfUtils.java:logGet(43)) - raft.server.log.purge.gap = 1000000000 (custom)
2019-07-13 09:17:56,455 INFO  server.RaftServerConfigKeys (ConfUtils.java:logGet(43)) - raft.server.log.use.memory = false (default)
2019-07-13 09:17:56,455 INFO  server.RaftServerConfigKeys (ConfUtils.java:logGet(43)) - raft.server.log.appender.buffer.byte-limit = 33554432 (custom)
2019-07-13 09:17:56,456 INFO  server.RaftServerConfigKeys (ConfUtils.java:logGet(43)) - raft.server.log.segment.size.max = 1048576 (custom)
2019-07-13 09:17:56,455 INFO  server.RaftServerConfigKeys (ConfUtils.java:logGet(43)) - raft.server.log.use.memory = false (default)
2019-07-13 09:17:56,456 INFO  server.RaftServerConfigKeys (ConfUtils.java:logGet(43)) - raft.server.log.segment.cache.num.max = 2 (custom)
2019-07-13 09:17:56,455 INFO  server.RaftServerConfigKeys (ConfUtils.java:logGet(43)) - raft.server.log.purge.gap = 1000000000 (custom)
2019-07-13 09:17:56,456 INFO  segmented.SegmentedRaftLogWorker (SegmentedRaftLogWorker.java:<init>(172)) - new fc955830-2cac-4c8b-b78a-68d87f4dec05-SegmentedRaftLogWorker:Storage Directory /tmp/workdir/hadoop-ozone/integration-test/target/test-dir/MiniOzoneClusterImpl-c8202114-a271-4ee2-b51f-a8df28038b75/datanode-4/data/ratis/365b52aa-e02d-4a72-8c2d-8175df6e67b8 for RaftStorage:Storage Directory /tmp/workdir/hadoop-ozone/integration-test/target/test-dir/MiniOzoneClusterImpl-c8202114-a271-4ee2-b51f-a8df28038b75/datanode-4/data/ratis/365b52aa-e02d-4a72-8c2d-8175df6e67b8
2019-07-13 09:17:56,456 INFO  server.RaftServerConfigKeys (ConfUtils.java:logGet(43)) - raft.server.log.purge.gap = 1000000000 (custom)
2019-07-13 09:17:56,456 INFO  server.RaftServerConfigKeys (ConfUtils.java:logGet(43)) - raft.server.log.queue.byte-limit = 2147483647 (custom)
2019-07-13 09:17:56,457 INFO  server.RaftServerConfigKeys (ConfUtils.java:logGet(43)) - raft.server.log.queue.element-limit = 1024 (custom)
2019-07-13 09:17:56,456 INFO  server.RaftServerConfigKeys (ConfUtils.java:logGet(43)) - raft.server.log.appender.buffer.byte-limit = 33554432 (custom)
2019-07-13 09:17:56,457 INFO  server.RaftServerConfigKeys (ConfUtils.java:logGet(43)) - raft.server.log.segment.size.max = 1048576 (custom)
2019-07-13 09:17:56,457 INFO  server.RaftServerConfigKeys (ConfUtils.java:logGet(43)) - raft.server.log.appender.buffer.byte-limit = 33554432 (custom)
2019-07-13 09:17:56,457 INFO  server.RaftServerConfigKeys (ConfUtils.java:logGet(43)) - raft.server.log.preallocated.size = 16384 (custom)
2019-07-13 09:17:56,457 INFO  server.RaftServerConfigKeys (ConfUtils.java:logGet(43)) - raft.server.log.segment.size.max = 1048576 (custom)
2019-07-13 09:17:56,458 INFO  server.RaftServerConfigKeys (ConfUtils.java:logGet(43)) - raft.server.log.write.buffer.size = 33554432 (custom)
2019-07-13 09:17:56,458 INFO  server.RaftServerConfigKeys (ConfUtils.java:logGet(43)) - raft.server.log.force.sync.num = 128 (default)
2019-07-13 09:17:56,457 INFO  server.RaftServerConfigKeys (ConfUtils.java:logGet(43)) - raft.server.log.segment.size.max = 1048576 (custom)
2019-07-13 09:17:56,458 INFO  server.RaftServerConfigKeys (ConfUtils.java:logGet(43)) - raft.server.log.statemachine.data.sync = true (default)
2019-07-13 09:17:56,458 INFO  server.RaftServerConfigKeys (ConfUtils.java:logGet(43)) - raft.server.log.statemachine.data.sync.timeout = 10s (default)
2019-07-13 09:17:56,458 INFO  server.RaftServerConfigKeys (ConfUtils.java:logGet(43)) - raft.server.log.segment.cache.num.max = 2 (custom)
2019-07-13 09:17:56,459 INFO  server.RaftServerConfigKeys (ConfUtils.java:logGet(43)) - raft.server.log.statemachine.data.sync.timeout.retry = -1 (default)
2019-07-13 09:17:56,458 INFO  server.RaftServerConfigKeys (ConfUtils.java:logGet(43)) - raft.server.log.segment.cache.num.max = 2 (custom)
2019-07-13 09:17:56,459 INFO  server.RaftServerConfigKeys (ConfUtils.java:logGet(43)) - raft.server.log.statemachine.data.caching.enabled = true (custom)
2019-07-13 09:17:56,459 INFO  segmented.SegmentedRaftLogWorker (SegmentedRaftLogWorker.java:<init>(172)) - new 69012c72-a113-4648-bf06-cf2148c5ab6d-SegmentedRaftLogWorker:Storage Directory /tmp/workdir/hadoop-ozone/integration-test/target/test-dir/MiniOzoneClusterImpl-c8202114-a271-4ee2-b51f-a8df28038b75/datanode-5/data/ratis/365b52aa-e02d-4a72-8c2d-8175df6e67b8 for RaftStorage:Storage Directory /tmp/workdir/hadoop-ozone/integration-test/target/test-dir/MiniOzoneClusterImpl-c8202114-a271-4ee2-b51f-a8df28038b75/datanode-5/data/ratis/365b52aa-e02d-4a72-8c2d-8175df6e67b8
2019-07-13 09:17:56,459 INFO  segmented.SegmentedRaftLogWorker (SegmentedRaftLogWorker.java:lambda$new$0(132)) - fc955830-2cac-4c8b-b78a-68d87f4dec05-SegmentedRaftLogWorker:Storage Directory /tmp/workdir/hadoop-ozone/integration-test/target/test-dir/MiniOzoneClusterImpl-c8202114-a271-4ee2-b51f-a8df28038b75/datanode-4/data/ratis/365b52aa-e02d-4a72-8c2d-8175df6e67b8: flushIndex: setUnconditionally 0 -> -1
2019-07-13 09:17:56,459 INFO  segmented.SegmentedRaftLogWorker (SegmentedRaftLogWorker.java:<init>(172)) - new 8cec96c7-7b7b-4772-9427-16e2c732dc6c-SegmentedRaftLogWorker:Storage Directory /tmp/workdir/hadoop-ozone/integration-test/target/test-dir/MiniOzoneClusterImpl-c8202114-a271-4ee2-b51f-a8df28038b75/datanode-3/data/ratis/365b52aa-e02d-4a72-8c2d-8175df6e67b8 for RaftStorage:Storage Directory /tmp/workdir/hadoop-ozone/integration-test/target/test-dir/MiniOzoneClusterImpl-c8202114-a271-4ee2-b51f-a8df28038b75/datanode-3/data/ratis/365b52aa-e02d-4a72-8c2d-8175df6e67b8
2019-07-13 09:17:56,459 INFO  server.RaftServerConfigKeys (ConfUtils.java:logGet(43)) - raft.server.log.queue.byte-limit = 2147483647 (custom)
2019-07-13 09:17:56,460 INFO  server.RaftServerConfigKeys (ConfUtils.java:logGet(43)) - raft.server.snapshot.auto.trigger.enabled = true (custom)
2019-07-13 09:17:56,460 INFO  server.RaftServerConfigKeys (ConfUtils.java:logGet(43)) - raft.server.log.queue.byte-limit = 2147483647 (custom)
2019-07-13 09:17:56,460 INFO  server.RaftServerConfigKeys (ConfUtils.java:logGet(43)) - raft.server.snapshot.auto.trigger.threshold = 10000 (custom)
2019-07-13 09:17:56,460 INFO  server.RaftServerConfigKeys (ConfUtils.java:logGet(43)) - raft.server.log.queue.element-limit = 1024 (custom)
2019-07-13 09:17:56,460 INFO  server.RaftServerConfigKeys (ConfUtils.java:logGet(43)) - raft.server.retrycache.expirytime = 600000ms (custom)
2019-07-13 09:17:56,460 INFO  server.RaftServerConfigKeys (ConfUtils.java:logGet(43)) - raft.server.log.queue.element-limit = 1024 (custom)
2019-07-13 09:17:56,461 INFO  impl.RaftServerImpl (RaftServerImpl.java:start(180)) - fc955830-2cac-4c8b-b78a-68d87f4dec05: start group-8175DF6E67B8
2019-07-13 09:17:56,461 INFO  impl.RaftServerImpl (RaftServerImpl.java:setRole(171)) - fc955830-2cac-4c8b-b78a-68d87f4dec05:group-8175DF6E67B8 changes role from null to FOLLOWER at term 0 for startAsFollower
2019-07-13 09:17:56,461 INFO  server.RaftServerConfigKeys (ConfUtils.java:logGet(43)) - raft.server.log.segment.size.max = 1048576 (custom)
2019-07-13 09:17:56,461 INFO  impl.RoleInfo (RoleInfo.java:updateAndGet(143)) - fc955830-2cac-4c8b-b78a-68d87f4dec05: start FollowerState
2019-07-13 09:17:56,461 INFO  server.RaftServerConfigKeys (ConfUtils.java:logGet(43)) - raft.server.log.segment.size.max = 1048576 (custom)
2019-07-13 09:17:56,462 INFO  server.RaftServerConfigKeys (ConfUtils.java:logGet(43)) - raft.server.log.preallocated.size = 16384 (custom)
2019-07-13 09:17:56,461 INFO  server.RaftServerConfigKeys (ConfUtils.java:logGet(43)) - raft.server.log.preallocated.size = 16384 (custom)
2019-07-13 09:17:56,462 INFO  util.JmxRegister (JmxRegister.java:tryRegister(44)) - Successfully registered JMX Bean with object name Ratis:service=RaftServer,group=group-8175DF6E67B8,id=fc955830-2cac-4c8b-b78a-68d87f4dec05
2019-07-13 09:17:56,462 INFO  server.RaftServerConfigKeys (ConfUtils.java:logGet(43)) - raft.server.log.write.buffer.size = 33554432 (custom)
2019-07-13 09:17:56,462 INFO  server.RaftServerConfigKeys (ConfUtils.java:logGet(43)) - raft.server.log.force.sync.num = 128 (default)
2019-07-13 09:17:56,462 INFO  server.RaftServerConfigKeys (ConfUtils.java:logGet(43)) - raft.server.log.write.buffer.size = 33554432 (custom)
2019-07-13 09:17:56,462 INFO  server.RaftServerConfigKeys (ConfUtils.java:logGet(43)) - raft.server.log.statemachine.data.sync = true (default)
2019-07-13 09:17:56,463 INFO  server.RaftServerConfigKeys (ConfUtils.java:logGet(43)) - raft.server.log.force.sync.num = 128 (default)
2019-07-13 09:17:56,463 INFO  server.RaftServerConfigKeys (ConfUtils.java:logGet(43)) - raft.server.log.statemachine.data.sync.timeout = 10s (default)
2019-07-13 09:17:56,463 INFO  server.RaftServerConfigKeys (ConfUtils.java:logGet(43)) - raft.server.log.statemachine.data.sync = true (default)
2019-07-13 09:17:56,463 INFO  server.RaftServerConfigKeys (ConfUtils.java:logGet(43)) - raft.server.log.statemachine.data.sync.timeout.retry = -1 (default)
2019-07-13 09:17:56,463 INFO  server.RaftServerConfigKeys (ConfUtils.java:logGet(43)) - raft.server.log.statemachine.data.sync.timeout = 10s (default)
2019-07-13 09:17:56,464 INFO  server.RaftServerConfigKeys (ConfUtils.java:logGet(43)) - raft.server.log.statemachine.data.caching.enabled = true (custom)
2019-07-13 09:17:56,464 INFO  server.RaftServerConfigKeys (ConfUtils.java:logGet(43)) - raft.server.log.statemachine.data.sync.timeout.retry = -1 (default)
2019-07-13 09:17:56,464 INFO  segmented.SegmentedRaftLogWorker (SegmentedRaftLogWorker.java:lambda$new$0(132)) - 8cec96c7-7b7b-4772-9427-16e2c732dc6c-SegmentedRaftLogWorker:Storage Directory /tmp/workdir/hadoop-ozone/integration-test/target/test-dir/MiniOzoneClusterImpl-c8202114-a271-4ee2-b51f-a8df28038b75/datanode-3/data/ratis/365b52aa-e02d-4a72-8c2d-8175df6e67b8: flushIndex: setUnconditionally 0 -> -1
2019-07-13 09:17:56,464 INFO  server.RaftServerConfigKeys (ConfUtils.java:logGet(43)) - raft.server.log.statemachine.data.caching.enabled = true (custom)
2019-07-13 09:17:56,464 INFO  server.RaftServerConfigKeys (ConfUtils.java:logGet(43)) - raft.server.snapshot.auto.trigger.enabled = true (custom)
2019-07-13 09:17:56,464 INFO  segmented.SegmentedRaftLogWorker (SegmentedRaftLogWorker.java:lambda$new$0(132)) - 69012c72-a113-4648-bf06-cf2148c5ab6d-SegmentedRaftLogWorker:Storage Directory /tmp/workdir/hadoop-ozone/integration-test/target/test-dir/MiniOzoneClusterImpl-c8202114-a271-4ee2-b51f-a8df28038b75/datanode-5/data/ratis/365b52aa-e02d-4a72-8c2d-8175df6e67b8: flushIndex: setUnconditionally 0 -> -1
2019-07-13 09:17:56,464 INFO  server.RaftServerConfigKeys (ConfUtils.java:logGet(43)) - raft.server.snapshot.auto.trigger.threshold = 10000 (custom)
2019-07-13 09:17:56,465 INFO  server.RaftServerConfigKeys (ConfUtils.java:logGet(43)) - raft.server.retrycache.expirytime = 600000ms (custom)
2019-07-13 09:17:56,465 INFO  server.RaftServerConfigKeys (ConfUtils.java:logGet(43)) - raft.server.snapshot.auto.trigger.enabled = true (custom)
2019-07-13 09:17:56,465 INFO  impl.RaftServerImpl (RaftServerImpl.java:start(180)) - 8cec96c7-7b7b-4772-9427-16e2c732dc6c: start group-8175DF6E67B8
2019-07-13 09:17:56,465 INFO  server.RaftServerConfigKeys (ConfUtils.java:logGet(43)) - raft.server.snapshot.auto.trigger.threshold = 10000 (custom)
2019-07-13 09:17:56,465 INFO  impl.RaftServerImpl (RaftServerImpl.java:setRole(171)) - 8cec96c7-7b7b-4772-9427-16e2c732dc6c:group-8175DF6E67B8 changes role from null to FOLLOWER at term 0 for startAsFollower
2019-07-13 09:17:56,465 INFO  server.RaftServerConfigKeys (ConfUtils.java:logGet(43)) - raft.server.retrycache.expirytime = 600000ms (custom)
2019-07-13 09:17:56,466 INFO  impl.RoleInfo (RoleInfo.java:updateAndGet(143)) - 8cec96c7-7b7b-4772-9427-16e2c732dc6c: start FollowerState
2019-07-13 09:17:56,466 INFO  impl.RaftServerImpl (RaftServerImpl.java:start(180)) - 69012c72-a113-4648-bf06-cf2148c5ab6d: start group-8175DF6E67B8
2019-07-13 09:17:56,466 INFO  impl.RaftServerImpl (RaftServerImpl.java:setRole(171)) - 69012c72-a113-4648-bf06-cf2148c5ab6d:group-8175DF6E67B8 changes role from null to FOLLOWER at term 0 for startAsFollower
2019-07-13 09:17:56,466 INFO  util.JmxRegister (JmxRegister.java:tryRegister(44)) - Successfully registered JMX Bean with object name Ratis:service=RaftServer,group=group-8175DF6E67B8,id=8cec96c7-7b7b-4772-9427-16e2c732dc6c
2019-07-13 09:17:56,466 INFO  impl.RoleInfo (RoleInfo.java:updateAndGet(143)) - 69012c72-a113-4648-bf06-cf2148c5ab6d: start FollowerState
2019-07-13 09:17:56,467 INFO  util.JmxRegister (JmxRegister.java:tryRegister(44)) - Successfully registered JMX Bean with object name Ratis:service=RaftServer,group=group-8175DF6E67B8,id=69012c72-a113-4648-bf06-cf2148c5ab6d
2019-07-13 09:17:56,469 INFO  pipeline.PipelineStateManager (PipelineStateManager.java:addPipeline(56)) - Created pipeline Pipeline[ Id: 365b52aa-e02d-4a72-8c2d-8175df6e67b8, Nodes: 69012c72-a113-4648-bf06-cf2148c5ab6d{ip: 192.168.69.96, host: trunk-nightly-hmp62-43275749, networkLocation: /default-rack, certSerialId: null}fc955830-2cac-4c8b-b78a-68d87f4dec05{ip: 192.168.69.96, host: trunk-nightly-hmp62-43275749, networkLocation: /default-rack, certSerialId: null}8cec96c7-7b7b-4772-9427-16e2c732dc6c{ip: 192.168.69.96, host: trunk-nightly-hmp62-43275749, networkLocation: /default-rack, certSerialId: null}, Type:RATIS, Factor:THREE, State:OPEN]
2019-07-13 09:17:56,529 INFO  ozone.MiniOzoneClusterImpl (MiniOzoneClusterImpl.java:lambda$waitForClusterToBeReady$0(142)) - Waiting for cluster to be ready. Got 6 of 7 DN Heartbeats.
2019-07-13 09:17:56,533 INFO  node.SCMNodeManager (SCMNodeManager.java:register(269)) - Registered Data node : ba4eb8a0-4f1c-4e63-a34b-456712fc2354{ip: 192.168.69.96, host: trunk-nightly-hmp62-43275749, networkLocation: /default-rack, certSerialId: null}
2019-07-13 09:17:56,557 INFO  impl.RaftServerProxy (RaftServerProxy.java:addNew(89)) - ba4eb8a0-4f1c-4e63-a34b-456712fc2354: addNew group-97312275A34A:[ba4eb8a0-4f1c-4e63-a34b-456712fc2354:192.168.69.96:42365] returns group-97312275A34A:java.util.concurrent.CompletableFuture@44eb80bc[Not completed]
2019-07-13 09:17:56,557 INFO  impl.RaftServerImpl (RaftServerImpl.java:<init>(93)) - ba4eb8a0-4f1c-4e63-a34b-456712fc2354: new RaftServerImpl for group-97312275A34A:[ba4eb8a0-4f1c-4e63-a34b-456712fc2354:192.168.69.96:42365] with ContainerStateMachine:uninitialized
2019-07-13 09:17:56,558 INFO  server.RaftServerConfigKeys (ConfUtils.java:logGet(43)) - raft.server.rpc.timeout.min = 5s (custom)
2019-07-13 09:17:56,558 INFO  server.RaftServerConfigKeys (ConfUtils.java:logGet(43)) - raft.server.rpc.timeout.max = 5200ms (custom)
2019-07-13 09:17:56,558 INFO  server.RaftServerConfigKeys (ConfUtils.java:logGet(43)) - raft.server.rpcslowness.timeout = 120s (custom)
2019-07-13 09:17:56,558 INFO  server.RaftServerConfigKeys (ConfUtils.java:logGet(43)) - raft.server.sleep.deviation.threshold = 300 (default)
2019-07-13 09:17:56,558 INFO  server.RaftServerConfigKeys (ConfUtils.java:logGet(43)) - raft.server.log.appender.install.snapshot.enabled = false (custom)
2019-07-13 09:17:56,558 INFO  impl.RaftServerImpl (ServerState.java:<init>(105)) - ba4eb8a0-4f1c-4e63-a34b-456712fc2354:group-97312275A34A ConfigurationManager, init=-1: [ba4eb8a0-4f1c-4e63-a34b-456712fc2354:192.168.69.96:42365], old=null, confs=<EMPTY_MAP>
2019-07-13 09:17:56,559 INFO  server.RaftServerConfigKeys (ConfUtils.java:logGet(43)) - raft.server.storage.dir = [/tmp/workdir/hadoop-ozone/integration-test/target/test-dir/MiniOzoneClusterImpl-c8202114-a271-4ee2-b51f-a8df28038b75/datanode-6/data/ratis] (custom)
2019-07-13 09:17:56,559 INFO  storage.RaftStorageDirectory (RaftStorageDirectory.java:analyzeStorage(246)) - The storage directory /tmp/workdir/hadoop-ozone/integration-test/target/test-dir/MiniOzoneClusterImpl-c8202114-a271-4ee2-b51f-a8df28038b75/datanode-6/data/ratis/5d53f953-c223-49cc-9737-97312275a34a does not exist. Creating ...
2019-07-13 09:17:56,573 INFO  storage.RaftStorageDirectory (RaftStorageDirectory.java:tryLock(328)) - Lock on /tmp/workdir/hadoop-ozone/integration-test/target/test-dir/MiniOzoneClusterImpl-c8202114-a271-4ee2-b51f-a8df28038b75/datanode-6/data/ratis/5d53f953-c223-49cc-9737-97312275a34a/in_use.lock acquired by nodename 8548@trunk-nightly-hmp62-43275749
2019-07-13 09:17:56,591 INFO  storage.RaftStorage (RaftStorage.java:format(72)) - Storage directory /tmp/workdir/hadoop-ozone/integration-test/target/test-dir/MiniOzoneClusterImpl-c8202114-a271-4ee2-b51f-a8df28038b75/datanode-6/data/ratis/5d53f953-c223-49cc-9737-97312275a34a has been successfully formatted.
2019-07-13 09:17:56,591 INFO  ratis.ContainerStateMachine (ContainerStateMachine.java:loadSnapshot(200)) - The snapshot info is null.Setting the last applied index to:(t:0, i:~)
2019-07-13 09:17:56,591 INFO  server.RaftServerConfigKeys (ConfUtils.java:logGet(43)) - raft.server.leader.election.timeout = 120s (custom)
2019-07-13 09:17:56,591 INFO  server.RaftServerConfigKeys (ConfUtils.java:logGet(43)) - raft.server.log.use.memory = false (default)
2019-07-13 09:17:56,592 INFO  server.RaftServerConfigKeys (ConfUtils.java:logGet(43)) - raft.server.log.purge.gap = 1000000000 (custom)
2019-07-13 09:17:56,592 INFO  server.RaftServerConfigKeys (ConfUtils.java:logGet(43)) - raft.server.log.appender.buffer.byte-limit = 33554432 (custom)
2019-07-13 09:17:56,592 INFO  server.RaftServerConfigKeys (ConfUtils.java:logGet(43)) - raft.server.log.segment.size.max = 1048576 (custom)
2019-07-13 09:17:56,592 INFO  server.RaftServerConfigKeys (ConfUtils.java:logGet(43)) - raft.server.log.segment.cache.num.max = 2 (custom)
2019-07-13 09:17:56,592 INFO  segmented.SegmentedRaftLogWorker (SegmentedRaftLogWorker.java:<init>(172)) - new ba4eb8a0-4f1c-4e63-a34b-456712fc2354-SegmentedRaftLogWorker:Storage Directory /tmp/workdir/hadoop-ozone/integration-test/target/test-dir/MiniOzoneClusterImpl-c8202114-a271-4ee2-b51f-a8df28038b75/datanode-6/data/ratis/5d53f953-c223-49cc-9737-97312275a34a for RaftStorage:Storage Directory /tmp/workdir/hadoop-ozone/integration-test/target/test-dir/MiniOzoneClusterImpl-c8202114-a271-4ee2-b51f-a8df28038b75/datanode-6/data/ratis/5d53f953-c223-49cc-9737-97312275a34a
2019-07-13 09:17:56,592 INFO  server.RaftServerConfigKeys (ConfUtils.java:logGet(43)) - raft.server.log.queue.byte-limit = 2147483647 (custom)
2019-07-13 09:17:56,593 INFO  server.RaftServerConfigKeys (ConfUtils.java:logGet(43)) - raft.server.log.queue.element-limit = 1024 (custom)
2019-07-13 09:17:56,593 INFO  server.RaftServerConfigKeys (ConfUtils.java:logGet(43)) - raft.server.log.segment.size.max = 1048576 (custom)
2019-07-13 09:17:56,593 INFO  server.RaftServerConfigKeys (ConfUtils.java:logGet(43)) - raft.server.log.preallocated.size = 16384 (custom)
2019-07-13 09:17:56,593 INFO  server.RaftServerConfigKeys (ConfUtils.java:logGet(43)) - raft.server.log.write.buffer.size = 33554432 (custom)
2019-07-13 09:17:56,593 INFO  server.RaftServerConfigKeys (ConfUtils.java:logGet(43)) - raft.server.log.force.sync.num = 128 (default)
2019-07-13 09:17:56,594 INFO  server.RaftServerConfigKeys (ConfUtils.java:logGet(43)) - raft.server.log.statemachine.data.sync = true (default)
2019-07-13 09:17:56,594 INFO  server.RaftServerConfigKeys (ConfUtils.java:logGet(43)) - raft.server.log.statemachine.data.sync.timeout = 10s (default)
2019-07-13 09:17:56,594 INFO  server.RaftServerConfigKeys (ConfUtils.java:logGet(43)) - raft.server.log.statemachine.data.sync.timeout.retry = -1 (default)
2019-07-13 09:17:56,594 INFO  server.RaftServerConfigKeys (ConfUtils.java:logGet(43)) - raft.server.log.statemachine.data.caching.enabled = true (custom)
2019-07-13 09:17:56,595 INFO  segmented.SegmentedRaftLogWorker (SegmentedRaftLogWorker.java:lambda$new$0(132)) - ba4eb8a0-4f1c-4e63-a34b-456712fc2354-SegmentedRaftLogWorker:Storage Directory /tmp/workdir/hadoop-ozone/integration-test/target/test-dir/MiniOzoneClusterImpl-c8202114-a271-4ee2-b51f-a8df28038b75/datanode-6/data/ratis/5d53f953-c223-49cc-9737-97312275a34a: flushIndex: setUnconditionally 0 -> -1
2019-07-13 09:17:56,595 INFO  server.RaftServerConfigKeys (ConfUtils.java:logGet(43)) - raft.server.snapshot.auto.trigger.enabled = true (custom)
2019-07-13 09:17:56,595 INFO  server.RaftServerConfigKeys (ConfUtils.java:logGet(43)) - raft.server.snapshot.auto.trigger.threshold = 10000 (custom)
2019-07-13 09:17:56,595 INFO  server.RaftServerConfigKeys (ConfUtils.java:logGet(43)) - raft.server.retrycache.expirytime = 600000ms (custom)
2019-07-13 09:17:56,596 INFO  impl.RaftServerImpl (RaftServerImpl.java:start(180)) - ba4eb8a0-4f1c-4e63-a34b-456712fc2354: start group-97312275A34A
2019-07-13 09:17:56,596 INFO  impl.RaftServerImpl (RaftServerImpl.java:setRole(171)) - ba4eb8a0-4f1c-4e63-a34b-456712fc2354:group-97312275A34A changes role from null to FOLLOWER at term 0 for startAsFollower
2019-07-13 09:17:56,596 INFO  impl.RoleInfo (RoleInfo.java:updateAndGet(143)) - ba4eb8a0-4f1c-4e63-a34b-456712fc2354: start FollowerState
2019-07-13 09:17:56,596 INFO  util.JmxRegister (JmxRegister.java:tryRegister(44)) - Successfully registered JMX Bean with object name Ratis:service=RaftServer,group=group-97312275A34A,id=ba4eb8a0-4f1c-4e63-a34b-456712fc2354
2019-07-13 09:17:56,598 INFO  pipeline.PipelineStateManager (PipelineStateManager.java:addPipeline(56)) - Created pipeline Pipeline[ Id: 5d53f953-c223-49cc-9737-97312275a34a, Nodes: ba4eb8a0-4f1c-4e63-a34b-456712fc2354{ip: 192.168.69.96, host: trunk-nightly-hmp62-43275749, networkLocation: /default-rack, certSerialId: null}, Type:RATIS, Factor:ONE, State:OPEN]
2019-07-13 09:17:57,529 INFO  ozone.MiniOzoneClusterImpl (MiniOzoneClusterImpl.java:lambda$waitForClusterToBeReady$0(142)) - Cluster is ready. Got 7 of 7 DN Heartbeats.
2019-07-13 09:17:57,563 INFO  rpc.RpcClient (RpcClient.java:createVolume(287)) - Creating Volume: testblockoutputstream, with jenkins1000 as owner.
2019-07-13 09:17:57,580 INFO  rpc.RpcClient (RpcClient.java:createBucket(424)) - Creating Bucket: testblockoutputstream/testblockoutputstream, with Versioning false and Storage Type set to DISK and Encryption set to false 
2019-07-13 09:17:57,611 INFO  client.GrpcClientProtocolClient (GrpcClientProtocolClient.java:onNext(255)) - client-6F49233772A1->69012c72-a113-4648-bf06-cf2148c5ab6d: receive RaftClientReply:client-6F49233772A1->69012c72-a113-4648-bf06-cf2148c5ab6d@group-8175DF6E67B8, cid=234, FAILED org.apache.ratis.protocol.NotLeaderException: Server 69012c72-a113-4648-bf06-cf2148c5ab6d is not the leader (null). Request must be sent to leader., logIndex=0, commits[69012c72-a113-4648-bf06-cf2148c5ab6d:c-1]
2019-07-13 09:17:58,473 INFO  container.ReplicationManager (ReplicationManager.java:start(155)) - Starting Replication Monitor Thread.
2019-07-13 09:17:58,478 INFO  container.ReplicationManager (ReplicationManager.java:run(207)) - Replication Monitor Thread took 0 milliseconds for processing 1 containers.
2019-07-13 09:17:58,627 INFO  client.GrpcClientProtocolClient (GrpcClientProtocolClient.java:onNext(255)) - client-6F49233772A1->8cec96c7-7b7b-4772-9427-16e2c732dc6c: receive RaftClientReply:client-6F49233772A1->8cec96c7-7b7b-4772-9427-16e2c732dc6c@group-8175DF6E67B8, cid=234, FAILED org.apache.ratis.protocol.NotLeaderException: Server 8cec96c7-7b7b-4772-9427-16e2c732dc6c is not the leader (null). Request must be sent to leader., logIndex=0, commits[8cec96c7-7b7b-4772-9427-16e2c732dc6c:c-1]
2019-07-13 09:17:59,636 INFO  client.GrpcClientProtocolClient (GrpcClientProtocolClient.java:onNext(255)) - client-6F49233772A1->69012c72-a113-4648-bf06-cf2148c5ab6d: receive RaftClientReply:client-6F49233772A1->69012c72-a113-4648-bf06-cf2148c5ab6d@group-8175DF6E67B8, cid=234, FAILED org.apache.ratis.protocol.NotLeaderException: Server 69012c72-a113-4648-bf06-cf2148c5ab6d is not the leader (null). Request must be sent to leader., logIndex=0, commits[69012c72-a113-4648-bf06-cf2148c5ab6d:c-1]
2019-07-13 09:18:00,575 INFO  impl.FollowerState (FollowerState.java:run(106)) - db776cde-2f7f-4f7b-8f98-f09ebaa78005:group-9B041578D742 changes to CANDIDATE, lastRpcTime:5057, electionTimeout:5057ms
2019-07-13 09:18:00,576 INFO  impl.RoleInfo (RoleInfo.java:shutdownFollowerState(121)) - db776cde-2f7f-4f7b-8f98-f09ebaa78005: shutdown FollowerState
2019-07-13 09:18:00,576 INFO  impl.RaftServerImpl (RaftServerImpl.java:setRole(171)) - db776cde-2f7f-4f7b-8f98-f09ebaa78005:group-9B041578D742 changes role from FOLLOWER to CANDIDATE at term 0 for changeToCandidate
2019-07-13 09:18:00,576 INFO  impl.RoleInfo (RoleInfo.java:updateAndGet(143)) - db776cde-2f7f-4f7b-8f98-f09ebaa78005: start LeaderElection
2019-07-13 09:18:00,599 INFO  impl.LeaderElection (LeaderElection.java:askForVotes(181)) - db776cde-2f7f-4f7b-8f98-f09ebaa78005:group-9B041578D742:LeaderElection80: begin an election at term 1 for -1: [db776cde-2f7f-4f7b-8f98-f09ebaa78005:192.168.69.96:42700], old=null
2019-07-13 09:18:00,599 INFO  impl.RoleInfo (RoleInfo.java:shutdownLeaderElection(134)) - db776cde-2f7f-4f7b-8f98-f09ebaa78005: shutdown LeaderElection
2019-07-13 09:18:00,600 INFO  impl.RaftServerImpl (RaftServerImpl.java:setRole(171)) - db776cde-2f7f-4f7b-8f98-f09ebaa78005:group-9B041578D742 changes role from CANDIDATE to LEADER at term 1 for changeToLeader
2019-07-13 09:18:00,600 INFO  impl.RaftServerImpl (ServerState.java:setLeader(263)) - db776cde-2f7f-4f7b-8f98-f09ebaa78005:group-9B041578D742 change Leader from null to db776cde-2f7f-4f7b-8f98-f09ebaa78005 at term 1 for becomeLeader, leader elected after 5086ms
2019-07-13 09:18:00,602 INFO  server.RaftServerConfigKeys (ConfUtils.java:logGet(43)) - raft.server.staging.catchup.gap = 1000 (default)
2019-07-13 09:18:00,602 INFO  server.RaftServerConfigKeys (ConfUtils.java:logGet(43)) - raft.server.rpc.sleep.time = 25ms (default)
2019-07-13 09:18:00,603 INFO  server.RaftServerConfigKeys (ConfUtils.java:logGet(43)) - raft.server.write.element-limit = 4096 (default)
2019-07-13 09:18:00,603 INFO  server.RaftServerConfigKeys (ConfUtils.java:logGet(43)) - raft.server.watch.timeout = 10s (default)
2019-07-13 09:18:00,603 INFO  server.RaftServerConfigKeys (ConfUtils.java:logGet(43)) - raft.server.watch.timeout.denomination = 1s (default)
2019-07-13 09:18:00,603 INFO  server.RaftServerConfigKeys (ConfUtils.java:logGet(43)) - raft.server.watch.element-limit = 65536 (default)
2019-07-13 09:18:00,603 INFO  impl.RoleInfo (RoleInfo.java:updateAndGet(143)) - db776cde-2f7f-4f7b-8f98-f09ebaa78005: start LeaderState
2019-07-13 09:18:00,604 INFO  segmented.SegmentedRaftLogWorker (SegmentedRaftLogWorker.java:startLogSegment(380)) - db776cde-2f7f-4f7b-8f98-f09ebaa78005-SegmentedRaftLogWorker:Storage Directory /tmp/workdir/hadoop-ozone/integration-test/target/test-dir/MiniOzoneClusterImpl-c8202114-a271-4ee2-b51f-a8df28038b75/datanode-0/data/ratis/ea0847f9-b867-4183-8516-9b041578d742: Starting segment from index:0
2019-07-13 09:18:00,605 INFO  impl.RaftServerImpl (ServerState.java:setRaftConf(361)) - db776cde-2f7f-4f7b-8f98-f09ebaa78005:group-9B041578D742 set configuration 0: [db776cde-2f7f-4f7b-8f98-f09ebaa78005:192.168.69.96:42700], old=null at 0
2019-07-13 09:18:00,636 INFO  segmented.SegmentedRaftLogWorker (SegmentedRaftLogWorker.java:execute(569)) - db776cde-2f7f-4f7b-8f98-f09ebaa78005-SegmentedRaftLogWorker:Storage Directory /tmp/workdir/hadoop-ozone/integration-test/target/test-dir/MiniOzoneClusterImpl-c8202114-a271-4ee2-b51f-a8df28038b75/datanode-0/data/ratis/ea0847f9-b867-4183-8516-9b041578d742: created new log segment /tmp/workdir/hadoop-ozone/integration-test/target/test-dir/MiniOzoneClusterImpl-c8202114-a271-4ee2-b51f-a8df28038b75/datanode-0/data/ratis/ea0847f9-b867-4183-8516-9b041578d742/current/log_inprogress_0
2019-07-13 09:18:00,647 INFO  client.GrpcClientProtocolClient (GrpcClientProtocolClient.java:onNext(255)) - client-6F49233772A1->fc955830-2cac-4c8b-b78a-68d87f4dec05: receive RaftClientReply:client-6F49233772A1->fc955830-2cac-4c8b-b78a-68d87f4dec05@group-8175DF6E67B8, cid=234, FAILED org.apache.ratis.protocol.NotLeaderException: Server fc955830-2cac-4c8b-b78a-68d87f4dec05 is not the leader (null). Request must be sent to leader., logIndex=0, commits[fc955830-2cac-4c8b-b78a-68d87f4dec05:c-1]
2019-07-13 09:18:00,816 INFO  impl.FollowerState (FollowerState.java:run(106)) - 1bf50807-ccef-4394-9b24-0baf88707772:group-8EBA9908C1C9 changes to CANDIDATE, lastRpcTime:5142, electionTimeout:5142ms
2019-07-13 09:18:00,816 INFO  impl.RoleInfo (RoleInfo.java:shutdownFollowerState(121)) - 1bf50807-ccef-4394-9b24-0baf88707772: shutdown FollowerState
2019-07-13 09:18:00,816 INFO  impl.RaftServerImpl (RaftServerImpl.java:setRole(171)) - 1bf50807-ccef-4394-9b24-0baf88707772:group-8EBA9908C1C9 changes role from FOLLOWER to CANDIDATE at term 0 for changeToCandidate
2019-07-13 09:18:00,816 INFO  impl.RoleInfo (RoleInfo.java:updateAndGet(143)) - 1bf50807-ccef-4394-9b24-0baf88707772: start LeaderElection
2019-07-13 09:18:00,837 INFO  impl.LeaderElection (LeaderElection.java:askForVotes(181)) - 1bf50807-ccef-4394-9b24-0baf88707772:group-8EBA9908C1C9:LeaderElection81: begin an election at term 1 for -1: [1bf50807-ccef-4394-9b24-0baf88707772:192.168.69.96:33904], old=null
2019-07-13 09:18:00,837 INFO  impl.RoleInfo (RoleInfo.java:shutdownLeaderElection(134)) - 1bf50807-ccef-4394-9b24-0baf88707772: shutdown LeaderElection
2019-07-13 09:18:00,837 INFO  impl.RaftServerImpl (RaftServerImpl.java:setRole(171)) - 1bf50807-ccef-4394-9b24-0baf88707772:group-8EBA9908C1C9 changes role from CANDIDATE to LEADER at term 1 for changeToLeader
2019-07-13 09:18:00,837 INFO  impl.RaftServerImpl (ServerState.java:setLeader(263)) - 1bf50807-ccef-4394-9b24-0baf88707772:group-8EBA9908C1C9 change Leader from null to 1bf50807-ccef-4394-9b24-0baf88707772 at term 1 for becomeLeader, leader elected after 5168ms
2019-07-13 09:18:00,841 INFO  server.RaftServerConfigKeys (ConfUtils.java:logGet(43)) - raft.server.staging.catchup.gap = 1000 (default)
2019-07-13 09:18:00,841 INFO  server.RaftServerConfigKeys (ConfUtils.java:logGet(43)) - raft.server.rpc.sleep.time = 25ms (default)
2019-07-13 09:18:00,841 INFO  server.RaftServerConfigKeys (ConfUtils.java:logGet(43)) - raft.server.write.element-limit = 4096 (default)
2019-07-13 09:18:00,842 INFO  server.RaftServerConfigKeys (ConfUtils.java:logGet(43)) - raft.server.watch.timeout = 10s (default)
2019-07-13 09:18:00,842 INFO  server.RaftServerConfigKeys (ConfUtils.java:logGet(43)) - raft.server.watch.timeout.denomination = 1s (default)
2019-07-13 09:18:00,842 INFO  server.RaftServerConfigKeys (ConfUtils.java:logGet(43)) - raft.server.watch.element-limit = 65536 (default)
2019-07-13 09:18:00,842 INFO  impl.RoleInfo (RoleInfo.java:updateAndGet(143)) - 1bf50807-ccef-4394-9b24-0baf88707772: start LeaderState
2019-07-13 09:18:00,842 INFO  segmented.SegmentedRaftLogWorker (SegmentedRaftLogWorker.java:startLogSegment(380)) - 1bf50807-ccef-4394-9b24-0baf88707772-SegmentedRaftLogWorker:Storage Directory /tmp/workdir/hadoop-ozone/integration-test/target/test-dir/MiniOzoneClusterImpl-c8202114-a271-4ee2-b51f-a8df28038b75/datanode-1/data/ratis/a6692928-067b-466a-bc38-8eba9908c1c9: Starting segment from index:0
2019-07-13 09:18:00,843 INFO  impl.RaftServerImpl (ServerState.java:setRaftConf(361)) - 1bf50807-ccef-4394-9b24-0baf88707772:group-8EBA9908C1C9 set configuration 0: [1bf50807-ccef-4394-9b24-0baf88707772:192.168.69.96:33904], old=null at 0
2019-07-13 09:18:00,874 INFO  segmented.SegmentedRaftLogWorker (SegmentedRaftLogWorker.java:execute(569)) - 1bf50807-ccef-4394-9b24-0baf88707772-SegmentedRaftLogWorker:Storage Directory /tmp/workdir/hadoop-ozone/integration-test/target/test-dir/MiniOzoneClusterImpl-c8202114-a271-4ee2-b51f-a8df28038b75/datanode-1/data/ratis/a6692928-067b-466a-bc38-8eba9908c1c9: created new log segment /tmp/workdir/hadoop-ozone/integration-test/target/test-dir/MiniOzoneClusterImpl-c8202114-a271-4ee2-b51f-a8df28038b75/datanode-1/data/ratis/a6692928-067b-466a-bc38-8eba9908c1c9/current/log_inprogress_0
2019-07-13 09:18:00,923 INFO  impl.FollowerState (FollowerState.java:run(106)) - db776cde-2f7f-4f7b-8f98-f09ebaa78005:group-FD78E1EC2B2F changes to CANDIDATE, lastRpcTime:5001, electionTimeout:5001ms
2019-07-13 09:18:00,923 INFO  impl.RoleInfo (RoleInfo.java:shutdownFollowerState(121)) - db776cde-2f7f-4f7b-8f98-f09ebaa78005: shutdown FollowerState
2019-07-13 09:18:00,923 INFO  impl.RaftServerImpl (RaftServerImpl.java:setRole(171)) - db776cde-2f7f-4f7b-8f98-f09ebaa78005:group-FD78E1EC2B2F changes role from FOLLOWER to CANDIDATE at term 0 for changeToCandidate
2019-07-13 09:18:00,923 INFO  impl.RoleInfo (RoleInfo.java:updateAndGet(143)) - db776cde-2f7f-4f7b-8f98-f09ebaa78005: start LeaderElection
2019-07-13 09:18:00,946 INFO  impl.LeaderElection (LeaderElection.java:askForVotes(181)) - db776cde-2f7f-4f7b-8f98-f09ebaa78005:group-FD78E1EC2B2F:LeaderElection82: begin an election at term 1 for -1: [0fa1d900-de89-4631-a285-2978aa9734d3:192.168.69.96:41012, 1bf50807-ccef-4394-9b24-0baf88707772:192.168.69.96:33904, db776cde-2f7f-4f7b-8f98-f09ebaa78005:192.168.69.96:42700], old=null
2019-07-13 09:18:00,961 INFO  impl.RaftServerImpl (RaftServerImpl.java:setRole(171)) - 0fa1d900-de89-4631-a285-2978aa9734d3:group-FD78E1EC2B2F changes role from FOLLOWER to FOLLOWER at term 1 for recognizeCandidate:db776cde-2f7f-4f7b-8f98-f09ebaa78005
2019-07-13 09:18:00,961 INFO  impl.RoleInfo (RoleInfo.java:shutdownFollowerState(121)) - 0fa1d900-de89-4631-a285-2978aa9734d3: shutdown FollowerState
2019-07-13 09:18:00,961 INFO  impl.RaftServerImpl (RaftServerImpl.java:setRole(171)) - 1bf50807-ccef-4394-9b24-0baf88707772:group-FD78E1EC2B2F changes role from FOLLOWER to FOLLOWER at term 1 for recognizeCandidate:db776cde-2f7f-4f7b-8f98-f09ebaa78005
2019-07-13 09:18:00,961 INFO  impl.RoleInfo (RoleInfo.java:updateAndGet(143)) - 0fa1d900-de89-4631-a285-2978aa9734d3: start FollowerState
2019-07-13 09:18:00,961 INFO  impl.FollowerState (FollowerState.java:run(114)) - 0fa1d900-de89-4631-a285-2978aa9734d3: FollowerState was interrupted: java.lang.InterruptedException: sleep interrupted
2019-07-13 09:18:00,961 INFO  impl.RoleInfo (RoleInfo.java:shutdownFollowerState(121)) - 1bf50807-ccef-4394-9b24-0baf88707772: shutdown FollowerState
2019-07-13 09:18:00,964 INFO  impl.RoleInfo (RoleInfo.java:updateAndGet(143)) - 1bf50807-ccef-4394-9b24-0baf88707772: start FollowerState
2019-07-13 09:18:00,964 INFO  impl.FollowerState (FollowerState.java:run(114)) - 1bf50807-ccef-4394-9b24-0baf88707772: FollowerState was interrupted: java.lang.InterruptedException: sleep interrupted
2019-07-13 09:18:00,982 INFO  impl.LeaderElection (LeaderElection.java:logAndReturn(56)) - db776cde-2f7f-4f7b-8f98-f09ebaa78005:group-FD78E1EC2B2F:LeaderElection82: Election PASSED; received 1 response(s) [db776cde-2f7f-4f7b-8f98-f09ebaa78005<-1bf50807-ccef-4394-9b24-0baf88707772#0:OK-t1] and 0 exception(s); db776cde-2f7f-4f7b-8f98-f09ebaa78005:t1, leader=null, voted=db776cde-2f7f-4f7b-8f98-f09ebaa78005, raftlog=db776cde-2f7f-4f7b-8f98-f09ebaa78005-SegmentedRaftLog:OPENED:c-1,f-1,i0, conf=-1: [0fa1d900-de89-4631-a285-2978aa9734d3:192.168.69.96:41012, 1bf50807-ccef-4394-9b24-0baf88707772:192.168.69.96:33904, db776cde-2f7f-4f7b-8f98-f09ebaa78005:192.168.69.96:42700], old=null
2019-07-13 09:18:00,982 INFO  impl.RoleInfo (RoleInfo.java:shutdownLeaderElection(134)) - db776cde-2f7f-4f7b-8f98-f09ebaa78005: shutdown LeaderElection
2019-07-13 09:18:00,982 INFO  impl.RaftServerImpl (RaftServerImpl.java:setRole(171)) - db776cde-2f7f-4f7b-8f98-f09ebaa78005:group-FD78E1EC2B2F changes role from CANDIDATE to LEADER at term 1 for changeToLeader
2019-07-13 09:18:00,982 INFO  impl.RaftServerImpl (ServerState.java:setLeader(263)) - db776cde-2f7f-4f7b-8f98-f09ebaa78005:group-FD78E1EC2B2F change Leader from null to db776cde-2f7f-4f7b-8f98-f09ebaa78005 at term 1 for becomeLeader, leader elected after 5072ms
2019-07-13 09:18:00,983 INFO  server.RaftServerConfigKeys (ConfUtils.java:logGet(43)) - raft.server.staging.catchup.gap = 1000 (default)
2019-07-13 09:18:00,983 INFO  server.RaftServerConfigKeys (ConfUtils.java:logGet(43)) - raft.server.rpc.sleep.time = 25ms (default)
2019-07-13 09:18:00,983 INFO  server.RaftServerConfigKeys (ConfUtils.java:logGet(43)) - raft.server.write.element-limit = 4096 (default)
2019-07-13 09:18:00,983 INFO  server.RaftServerConfigKeys (ConfUtils.java:logGet(43)) - raft.server.watch.timeout = 10s (default)
2019-07-13 09:18:00,983 INFO  server.RaftServerConfigKeys (ConfUtils.java:logGet(43)) - raft.server.watch.timeout.denomination = 1s (default)
2019-07-13 09:18:00,983 INFO  server.RaftServerConfigKeys (ConfUtils.java:logGet(43)) - raft.server.watch.element-limit = 65536 (default)
2019-07-13 09:18:00,983 INFO  server.RaftServerConfigKeys (ConfUtils.java:logGet(43)) - raft.server.log.appender.snapshot.chunk.size.max = 16MB (=16777216) (default)
2019-07-13 09:18:00,984 INFO  server.RaftServerConfigKeys (ConfUtils.java:logGet(43)) - raft.server.log.appender.buffer.byte-limit = 33554432 (custom)
2019-07-13 09:18:00,984 INFO  server.RaftServerConfigKeys (ConfUtils.java:logGet(43)) - raft.server.log.appender.buffer.element-limit = 1 (custom)
2019-07-13 09:18:00,984 INFO  grpc.GrpcConfigKeys$Server (ConfUtils.java:logGet(43)) - raft.grpc.server.leader.outstanding.appends.max = 128 (default)
2019-07-13 09:18:00,984 INFO  server.RaftServerConfigKeys (ConfUtils.java:logGet(43)) - raft.server.rpc.request.timeout = 3000ms (default)
2019-07-13 09:18:00,984 INFO  server.RaftServerConfigKeys (ConfUtils.java:logGet(43)) - raft.server.log.appender.install.snapshot.enabled = false (custom)
2019-07-13 09:18:00,985 INFO  server.RaftServerConfigKeys (ConfUtils.java:logGet(43)) - raft.server.log.appender.snapshot.chunk.size.max = 16MB (=16777216) (default)
2019-07-13 09:18:00,985 INFO  server.RaftServerConfigKeys (ConfUtils.java:logGet(43)) - raft.server.log.appender.buffer.byte-limit = 33554432 (custom)
2019-07-13 09:18:00,985 INFO  server.RaftServerConfigKeys (ConfUtils.java:logGet(43)) - raft.server.log.appender.buffer.element-limit = 1 (custom)
2019-07-13 09:18:00,985 INFO  grpc.GrpcConfigKeys$Server (ConfUtils.java:logGet(43)) - raft.grpc.server.leader.outstanding.appends.max = 128 (default)
2019-07-13 09:18:00,985 INFO  server.RaftServerConfigKeys (ConfUtils.java:logGet(43)) - raft.server.rpc.request.timeout = 3000ms (default)
2019-07-13 09:18:00,986 INFO  server.RaftServerConfigKeys (ConfUtils.java:logGet(43)) - raft.server.log.appender.install.snapshot.enabled = false (custom)
2019-07-13 09:18:00,986 INFO  impl.RoleInfo (RoleInfo.java:updateAndGet(143)) - db776cde-2f7f-4f7b-8f98-f09ebaa78005: start LeaderState
2019-07-13 09:18:00,986 INFO  segmented.SegmentedRaftLogWorker (SegmentedRaftLogWorker.java:startLogSegment(380)) - db776cde-2f7f-4f7b-8f98-f09ebaa78005-SegmentedRaftLogWorker:Storage Directory /tmp/workdir/hadoop-ozone/integration-test/target/test-dir/MiniOzoneClusterImpl-c8202114-a271-4ee2-b51f-a8df28038b75/datanode-0/data/ratis/85ebcd05-b236-4501-b953-fd78e1ec2b2f: Starting segment from index:0
2019-07-13 09:18:00,987 INFO  impl.RaftServerImpl (ServerState.java:setRaftConf(361)) - db776cde-2f7f-4f7b-8f98-f09ebaa78005:group-FD78E1EC2B2F set configuration 0: [0fa1d900-de89-4631-a285-2978aa9734d3:192.168.69.96:41012, 1bf50807-ccef-4394-9b24-0baf88707772:192.168.69.96:33904, db776cde-2f7f-4f7b-8f98-f09ebaa78005:192.168.69.96:42700], old=null at 0
2019-07-13 09:18:00,988 INFO  impl.RaftServerImpl (ServerState.java:setLeader(263)) - 1bf50807-ccef-4394-9b24-0baf88707772:group-FD78E1EC2B2F change Leader from null to db776cde-2f7f-4f7b-8f98-f09ebaa78005 at term 1 for appendEntries, leader elected after 5079ms
2019-07-13 09:18:00,988 INFO  impl.RaftServerImpl (ServerState.java:setLeader(263)) - 0fa1d900-de89-4631-a285-2978aa9734d3:group-FD78E1EC2B2F change Leader from null to db776cde-2f7f-4f7b-8f98-f09ebaa78005 at term 1 for appendEntries, leader elected after 5079ms
2019-07-13 09:18:01,013 INFO  impl.RaftServerImpl (ServerState.java:setRaftConf(361)) - 1bf50807-ccef-4394-9b24-0baf88707772:group-FD78E1EC2B2F set configuration 0: [0fa1d900-de89-4631-a285-2978aa9734d3:192.168.69.96:41012, 1bf50807-ccef-4394-9b24-0baf88707772:192.168.69.96:33904, db776cde-2f7f-4f7b-8f98-f09ebaa78005:192.168.69.96:42700], old=null at 0
2019-07-13 09:18:01,015 INFO  impl.RaftServerImpl (ServerState.java:setRaftConf(361)) - 0fa1d900-de89-4631-a285-2978aa9734d3:group-FD78E1EC2B2F set configuration 0: [0fa1d900-de89-4631-a285-2978aa9734d3:192.168.69.96:41012, 1bf50807-ccef-4394-9b24-0baf88707772:192.168.69.96:33904, db776cde-2f7f-4f7b-8f98-f09ebaa78005:192.168.69.96:42700], old=null at 0
2019-07-13 09:18:01,016 INFO  segmented.SegmentedRaftLogWorker (SegmentedRaftLogWorker.java:startLogSegment(380)) - 1bf50807-ccef-4394-9b24-0baf88707772-SegmentedRaftLogWorker:Storage Directory /tmp/workdir/hadoop-ozone/integration-test/target/test-dir/MiniOzoneClusterImpl-c8202114-a271-4ee2-b51f-a8df28038b75/datanode-1/data/ratis/85ebcd05-b236-4501-b953-fd78e1ec2b2f: Starting segment from index:0
2019-07-13 09:18:01,016 INFO  segmented.SegmentedRaftLogWorker (SegmentedRaftLogWorker.java:startLogSegment(380)) - 0fa1d900-de89-4631-a285-2978aa9734d3-SegmentedRaftLogWorker:Storage Directory /tmp/workdir/hadoop-ozone/integration-test/target/test-dir/MiniOzoneClusterImpl-c8202114-a271-4ee2-b51f-a8df28038b75/datanode-2/data/ratis/85ebcd05-b236-4501-b953-fd78e1ec2b2f: Starting segment from index:0
2019-07-13 09:18:01,023 INFO  segmented.SegmentedRaftLogWorker (SegmentedRaftLogWorker.java:execute(569)) - db776cde-2f7f-4f7b-8f98-f09ebaa78005-SegmentedRaftLogWorker:Storage Directory /tmp/workdir/hadoop-ozone/integration-test/target/test-dir/MiniOzoneClusterImpl-c8202114-a271-4ee2-b51f-a8df28038b75/datanode-0/data/ratis/85ebcd05-b236-4501-b953-fd78e1ec2b2f: created new log segment /tmp/workdir/hadoop-ozone/integration-test/target/test-dir/MiniOzoneClusterImpl-c8202114-a271-4ee2-b51f-a8df28038b75/datanode-0/data/ratis/85ebcd05-b236-4501-b953-fd78e1ec2b2f/current/log_inprogress_0
2019-07-13 09:18:01,037 INFO  segmented.SegmentedRaftLogWorker (SegmentedRaftLogWorker.java:execute(569)) - 1bf50807-ccef-4394-9b24-0baf88707772-SegmentedRaftLogWorker:Storage Directory /tmp/workdir/hadoop-ozone/integration-test/target/test-dir/MiniOzoneClusterImpl-c8202114-a271-4ee2-b51f-a8df28038b75/datanode-1/data/ratis/85ebcd05-b236-4501-b953-fd78e1ec2b2f: created new log segment /tmp/workdir/hadoop-ozone/integration-test/target/test-dir/MiniOzoneClusterImpl-c8202114-a271-4ee2-b51f-a8df28038b75/datanode-1/data/ratis/85ebcd05-b236-4501-b953-fd78e1ec2b2f/current/log_inprogress_0
2019-07-13 09:18:01,037 INFO  segmented.SegmentedRaftLogWorker (SegmentedRaftLogWorker.java:execute(569)) - 0fa1d900-de89-4631-a285-2978aa9734d3-SegmentedRaftLogWorker:Storage Directory /tmp/workdir/hadoop-ozone/integration-test/target/test-dir/MiniOzoneClusterImpl-c8202114-a271-4ee2-b51f-a8df28038b75/datanode-2/data/ratis/85ebcd05-b236-4501-b953-fd78e1ec2b2f: created new log segment /tmp/workdir/hadoop-ozone/integration-test/target/test-dir/MiniOzoneClusterImpl-c8202114-a271-4ee2-b51f-a8df28038b75/datanode-2/data/ratis/85ebcd05-b236-4501-b953-fd78e1ec2b2f/current/log_inprogress_0
2019-07-13 09:18:01,037 INFO  impl.FollowerState (FollowerState.java:run(106)) - 0fa1d900-de89-4631-a285-2978aa9734d3:group-091FAE259FF5 changes to CANDIDATE, lastRpcTime:5175, electionTimeout:5175ms
2019-07-13 09:18:01,037 INFO  impl.RoleInfo (RoleInfo.java:shutdownFollowerState(121)) - 0fa1d900-de89-4631-a285-2978aa9734d3: shutdown FollowerState
2019-07-13 09:18:01,037 INFO  impl.RaftServerImpl (RaftServerImpl.java:setRole(171)) - 0fa1d900-de89-4631-a285-2978aa9734d3:group-091FAE259FF5 changes role from FOLLOWER to CANDIDATE at term 0 for changeToCandidate
2019-07-13 09:18:01,038 INFO  impl.RoleInfo (RoleInfo.java:updateAndGet(143)) - 0fa1d900-de89-4631-a285-2978aa9734d3: start LeaderElection
2019-07-13 09:18:01,050 INFO  impl.LeaderElection (LeaderElection.java:askForVotes(181)) - 0fa1d900-de89-4631-a285-2978aa9734d3:group-091FAE259FF5:LeaderElection83: begin an election at term 1 for -1: [0fa1d900-de89-4631-a285-2978aa9734d3:192.168.69.96:41012], old=null
2019-07-13 09:18:01,050 INFO  impl.RoleInfo (RoleInfo.java:shutdownLeaderElection(134)) - 0fa1d900-de89-4631-a285-2978aa9734d3: shutdown LeaderElection
2019-07-13 09:18:01,051 INFO  impl.RaftServerImpl (RaftServerImpl.java:setRole(171)) - 0fa1d900-de89-4631-a285-2978aa9734d3:group-091FAE259FF5 changes role from CANDIDATE to LEADER at term 1 for changeToLeader
2019-07-13 09:18:01,051 INFO  impl.RaftServerImpl (ServerState.java:setLeader(263)) - 0fa1d900-de89-4631-a285-2978aa9734d3:group-091FAE259FF5 change Leader from null to 0fa1d900-de89-4631-a285-2978aa9734d3 at term 1 for becomeLeader, leader elected after 5193ms
2019-07-13 09:18:01,052 INFO  server.RaftServerConfigKeys (ConfUtils.java:logGet(43)) - raft.server.staging.catchup.gap = 1000 (default)
2019-07-13 09:18:01,052 INFO  server.RaftServerConfigKeys (ConfUtils.java:logGet(43)) - raft.server.rpc.sleep.time = 25ms (default)
2019-07-13 09:18:01,052 INFO  server.RaftServerConfigKeys (ConfUtils.java:logGet(43)) - raft.server.write.element-limit = 4096 (default)
2019-07-13 09:18:01,053 INFO  server.RaftServerConfigKeys (ConfUtils.java:logGet(43)) - raft.server.watch.timeout = 10s (default)
2019-07-13 09:18:01,053 INFO  server.RaftServerConfigKeys (ConfUtils.java:logGet(43)) - raft.server.watch.timeout.denomination = 1s (default)
2019-07-13 09:18:01,053 INFO  server.RaftServerConfigKeys (ConfUtils.java:logGet(43)) - raft.server.watch.element-limit = 65536 (default)
2019-07-13 09:18:01,053 INFO  impl.RoleInfo (RoleInfo.java:updateAndGet(143)) - 0fa1d900-de89-4631-a285-2978aa9734d3: start LeaderState
2019-07-13 09:18:01,053 INFO  segmented.SegmentedRaftLogWorker (SegmentedRaftLogWorker.java:startLogSegment(380)) - 0fa1d900-de89-4631-a285-2978aa9734d3-SegmentedRaftLogWorker:Storage Directory /tmp/workdir/hadoop-ozone/integration-test/target/test-dir/MiniOzoneClusterImpl-c8202114-a271-4ee2-b51f-a8df28038b75/datanode-2/data/ratis/58e0acfd-2d2e-4863-b72e-091fae259ff5: Starting segment from index:0
2019-07-13 09:18:01,053 INFO  impl.RaftServerImpl (ServerState.java:setRaftConf(361)) - 0fa1d900-de89-4631-a285-2978aa9734d3:group-091FAE259FF5 set configuration 0: [0fa1d900-de89-4631-a285-2978aa9734d3:192.168.69.96:41012], old=null at 0
2019-07-13 09:18:01,084 INFO  segmented.SegmentedRaftLogWorker (SegmentedRaftLogWorker.java:execute(569)) - 0fa1d900-de89-4631-a285-2978aa9734d3-SegmentedRaftLogWorker:Storage Directory /tmp/workdir/hadoop-ozone/integration-test/target/test-dir/MiniOzoneClusterImpl-c8202114-a271-4ee2-b51f-a8df28038b75/datanode-2/data/ratis/58e0acfd-2d2e-4863-b72e-091fae259ff5: created new log segment /tmp/workdir/hadoop-ozone/integration-test/target/test-dir/MiniOzoneClusterImpl-c8202114-a271-4ee2-b51f-a8df28038b75/datanode-2/data/ratis/58e0acfd-2d2e-4863-b72e-091fae259ff5/current/log_inprogress_0
2019-07-13 09:18:01,121 INFO  impl.FollowerState (FollowerState.java:run(106)) - 8cec96c7-7b7b-4772-9427-16e2c732dc6c:group-234AE4394E7D changes to CANDIDATE, lastRpcTime:5064, electionTimeout:5053ms
2019-07-13 09:18:01,121 INFO  impl.RoleInfo (RoleInfo.java:shutdownFollowerState(121)) - 8cec96c7-7b7b-4772-9427-16e2c732dc6c: shutdown FollowerState
2019-07-13 09:18:01,121 INFO  impl.RaftServerImpl (RaftServerImpl.java:setRole(171)) - 8cec96c7-7b7b-4772-9427-16e2c732dc6c:group-234AE4394E7D changes role from FOLLOWER to CANDIDATE at term 0 for changeToCandidate
2019-07-13 09:18:01,121 INFO  impl.RoleInfo (RoleInfo.java:updateAndGet(143)) - 8cec96c7-7b7b-4772-9427-16e2c732dc6c: start LeaderElection
2019-07-13 09:18:01,167 INFO  impl.LeaderElection (LeaderElection.java:askForVotes(181)) - 8cec96c7-7b7b-4772-9427-16e2c732dc6c:group-234AE4394E7D:LeaderElection84: begin an election at term 1 for -1: [8cec96c7-7b7b-4772-9427-16e2c732dc6c:192.168.69.96:34523], old=null
2019-07-13 09:18:01,167 INFO  impl.RoleInfo (RoleInfo.java:shutdownLeaderElection(134)) - 8cec96c7-7b7b-4772-9427-16e2c732dc6c: shutdown LeaderElection
2019-07-13 09:18:01,167 INFO  impl.RaftServerImpl (RaftServerImpl.java:setRole(171)) - 8cec96c7-7b7b-4772-9427-16e2c732dc6c:group-234AE4394E7D changes role from CANDIDATE to LEADER at term 1 for changeToLeader
2019-07-13 09:18:01,168 INFO  impl.RaftServerImpl (ServerState.java:setLeader(263)) - 8cec96c7-7b7b-4772-9427-16e2c732dc6c:group-234AE4394E7D change Leader from null to 8cec96c7-7b7b-4772-9427-16e2c732dc6c at term 1 for becomeLeader, leader elected after 5115ms
2019-07-13 09:18:01,170 INFO  server.RaftServerConfigKeys (ConfUtils.java:logGet(43)) - raft.server.staging.catchup.gap = 1000 (default)
2019-07-13 09:18:01,170 INFO  server.RaftServerConfigKeys (ConfUtils.java:logGet(43)) - raft.server.rpc.sleep.time = 25ms (default)
2019-07-13 09:18:01,170 INFO  server.RaftServerConfigKeys (ConfUtils.java:logGet(43)) - raft.server.write.element-limit = 4096 (default)
2019-07-13 09:18:01,171 INFO  server.RaftServerConfigKeys (ConfUtils.java:logGet(43)) - raft.server.watch.timeout = 10s (default)
2019-07-13 09:18:01,171 INFO  server.RaftServerConfigKeys (ConfUtils.java:logGet(43)) - raft.server.watch.timeout.denomination = 1s (default)
2019-07-13 09:18:01,171 INFO  server.RaftServerConfigKeys (ConfUtils.java:logGet(43)) - raft.server.watch.element-limit = 65536 (default)
2019-07-13 09:18:01,171 INFO  impl.RoleInfo (RoleInfo.java:updateAndGet(143)) - 8cec96c7-7b7b-4772-9427-16e2c732dc6c: start LeaderState
2019-07-13 09:18:01,171 INFO  segmented.SegmentedRaftLogWorker (SegmentedRaftLogWorker.java:startLogSegment(380)) - 8cec96c7-7b7b-4772-9427-16e2c732dc6c-SegmentedRaftLogWorker:Storage Directory /tmp/workdir/hadoop-ozone/integration-test/target/test-dir/MiniOzoneClusterImpl-c8202114-a271-4ee2-b51f-a8df28038b75/datanode-3/data/ratis/41418eff-65d0-4420-8270-234ae4394e7d: Starting segment from index:0
2019-07-13 09:18:01,172 INFO  impl.RaftServerImpl (ServerState.java:setRaftConf(361)) - 8cec96c7-7b7b-4772-9427-16e2c732dc6c:group-234AE4394E7D set configuration 0: [8cec96c7-7b7b-4772-9427-16e2c732dc6c:192.168.69.96:34523], old=null at 0
2019-07-13 09:18:01,207 INFO  segmented.SegmentedRaftLogWorker (SegmentedRaftLogWorker.java:execute(569)) - 8cec96c7-7b7b-4772-9427-16e2c732dc6c-SegmentedRaftLogWorker:Storage Directory /tmp/workdir/hadoop-ozone/integration-test/target/test-dir/MiniOzoneClusterImpl-c8202114-a271-4ee2-b51f-a8df28038b75/datanode-3/data/ratis/41418eff-65d0-4420-8270-234ae4394e7d: created new log segment /tmp/workdir/hadoop-ozone/integration-test/target/test-dir/MiniOzoneClusterImpl-c8202114-a271-4ee2-b51f-a8df28038b75/datanode-3/data/ratis/41418eff-65d0-4420-8270-234ae4394e7d/current/log_inprogress_0
2019-07-13 09:18:01,253 INFO  impl.FollowerState (FollowerState.java:run(106)) - fc955830-2cac-4c8b-b78a-68d87f4dec05:group-F021FD1ED021 changes to CANDIDATE, lastRpcTime:5035, electionTimeout:5035ms
2019-07-13 09:18:01,253 INFO  impl.RoleInfo (RoleInfo.java:shutdownFollowerState(121)) - fc955830-2cac-4c8b-b78a-68d87f4dec05: shutdown FollowerState
2019-07-13 09:18:01,253 INFO  impl.RaftServerImpl (RaftServerImpl.java:setRole(171)) - fc955830-2cac-4c8b-b78a-68d87f4dec05:group-F021FD1ED021 changes role from FOLLOWER to CANDIDATE at term 0 for changeToCandidate
2019-07-13 09:18:01,253 INFO  impl.RoleInfo (RoleInfo.java:updateAndGet(143)) - fc955830-2cac-4c8b-b78a-68d87f4dec05: start LeaderElection
2019-07-13 09:18:01,272 INFO  impl.LeaderElection (LeaderElection.java:askForVotes(181)) - fc955830-2cac-4c8b-b78a-68d87f4dec05:group-F021FD1ED021:LeaderElection85: begin an election at term 1 for -1: [fc955830-2cac-4c8b-b78a-68d87f4dec05:192.168.69.96:44504], old=null
2019-07-13 09:18:01,272 INFO  impl.RoleInfo (RoleInfo.java:shutdownLeaderElection(134)) - fc955830-2cac-4c8b-b78a-68d87f4dec05: shutdown LeaderElection
2019-07-13 09:18:01,273 INFO  impl.RaftServerImpl (RaftServerImpl.java:setRole(171)) - fc955830-2cac-4c8b-b78a-68d87f4dec05:group-F021FD1ED021 changes role from CANDIDATE to LEADER at term 1 for changeToLeader
2019-07-13 09:18:01,273 INFO  impl.RaftServerImpl (ServerState.java:setLeader(263)) - fc955830-2cac-4c8b-b78a-68d87f4dec05:group-F021FD1ED021 change Leader from null to fc955830-2cac-4c8b-b78a-68d87f4dec05 at term 1 for becomeLeader, leader elected after 5059ms
2019-07-13 09:18:01,275 INFO  server.RaftServerConfigKeys (ConfUtils.java:logGet(43)) - raft.server.staging.catchup.gap = 1000 (default)
2019-07-13 09:18:01,275 INFO  server.RaftServerConfigKeys (ConfUtils.java:logGet(43)) - raft.server.rpc.sleep.time = 25ms (default)
2019-07-13 09:18:01,275 INFO  server.RaftServerConfigKeys (ConfUtils.java:logGet(43)) - raft.server.write.element-limit = 4096 (default)
2019-07-13 09:18:01,275 INFO  server.RaftServerConfigKeys (ConfUtils.java:logGet(43)) - raft.server.watch.timeout = 10s (default)
2019-07-13 09:18:01,276 INFO  server.RaftServerConfigKeys (ConfUtils.java:logGet(43)) - raft.server.watch.timeout.denomination = 1s (default)
2019-07-13 09:18:01,276 INFO  server.RaftServerConfigKeys (ConfUtils.java:logGet(43)) - raft.server.watch.element-limit = 65536 (default)
2019-07-13 09:18:01,276 INFO  impl.RoleInfo (RoleInfo.java:updateAndGet(143)) - fc955830-2cac-4c8b-b78a-68d87f4dec05: start LeaderState
2019-07-13 09:18:01,276 INFO  segmented.SegmentedRaftLogWorker (SegmentedRaftLogWorker.java:startLogSegment(380)) - fc955830-2cac-4c8b-b78a-68d87f4dec05-SegmentedRaftLogWorker:Storage Directory /tmp/workdir/hadoop-ozone/integration-test/target/test-dir/MiniOzoneClusterImpl-c8202114-a271-4ee2-b51f-a8df28038b75/datanode-4/data/ratis/3a3f5a56-68d8-4a3f-95b6-f021fd1ed021: Starting segment from index:0
2019-07-13 09:18:01,277 INFO  impl.RaftServerImpl (ServerState.java:setRaftConf(361)) - fc955830-2cac-4c8b-b78a-68d87f4dec05:group-F021FD1ED021 set configuration 0: [fc955830-2cac-4c8b-b78a-68d87f4dec05:192.168.69.96:44504], old=null at 0
2019-07-13 09:18:01,310 INFO  segmented.SegmentedRaftLogWorker (SegmentedRaftLogWorker.java:execute(569)) - fc955830-2cac-4c8b-b78a-68d87f4dec05-SegmentedRaftLogWorker:Storage Directory /tmp/workdir/hadoop-ozone/integration-test/target/test-dir/MiniOzoneClusterImpl-c8202114-a271-4ee2-b51f-a8df28038b75/datanode-4/data/ratis/3a3f5a56-68d8-4a3f-95b6-f021fd1ed021: created new log segment /tmp/workdir/hadoop-ozone/integration-test/target/test-dir/MiniOzoneClusterImpl-c8202114-a271-4ee2-b51f-a8df28038b75/datanode-4/data/ratis/3a3f5a56-68d8-4a3f-95b6-f021fd1ed021/current/log_inprogress_0
2019-07-13 09:18:01,433 INFO  impl.FollowerState (FollowerState.java:run(106)) - 69012c72-a113-4648-bf06-cf2148c5ab6d:group-39BF5711D7D3 changes to CANDIDATE, lastRpcTime:5029, electionTimeout:5029ms
2019-07-13 09:18:01,433 INFO  impl.RoleInfo (RoleInfo.java:shutdownFollowerState(121)) - 69012c72-a113-4648-bf06-cf2148c5ab6d: shutdown FollowerState
2019-07-13 09:18:01,433 INFO  impl.RaftServerImpl (RaftServerImpl.java:setRole(171)) - 69012c72-a113-4648-bf06-cf2148c5ab6d:group-39BF5711D7D3 changes role from FOLLOWER to CANDIDATE at term 0 for changeToCandidate
2019-07-13 09:18:01,433 INFO  impl.RoleInfo (RoleInfo.java:updateAndGet(143)) - 69012c72-a113-4648-bf06-cf2148c5ab6d: start LeaderElection
2019-07-13 09:18:01,450 INFO  impl.LeaderElection (LeaderElection.java:askForVotes(181)) - 69012c72-a113-4648-bf06-cf2148c5ab6d:group-39BF5711D7D3:LeaderElection86: begin an election at term 1 for -1: [69012c72-a113-4648-bf06-cf2148c5ab6d:192.168.69.96:41915], old=null
2019-07-13 09:18:01,450 INFO  impl.RoleInfo (RoleInfo.java:shutdownLeaderElection(134)) - 69012c72-a113-4648-bf06-cf2148c5ab6d: shutdown LeaderElection
2019-07-13 09:18:01,450 INFO  impl.RaftServerImpl (RaftServerImpl.java:setRole(171)) - 69012c72-a113-4648-bf06-cf2148c5ab6d:group-39BF5711D7D3 changes role from CANDIDATE to LEADER at term 1 for changeToLeader
2019-07-13 09:18:01,451 INFO  impl.RaftServerImpl (ServerState.java:setLeader(263)) - 69012c72-a113-4648-bf06-cf2148c5ab6d:group-39BF5711D7D3 change Leader from null to 69012c72-a113-4648-bf06-cf2148c5ab6d at term 1 for becomeLeader, leader elected after 5051ms
2019-07-13 09:18:01,453 INFO  server.RaftServerConfigKeys (ConfUtils.java:logGet(43)) - raft.server.staging.catchup.gap = 1000 (default)
2019-07-13 09:18:01,453 INFO  server.RaftServerConfigKeys (ConfUtils.java:logGet(43)) - raft.server.rpc.sleep.time = 25ms (default)
2019-07-13 09:18:01,453 INFO  server.RaftServerConfigKeys (ConfUtils.java:logGet(43)) - raft.server.write.element-limit = 4096 (default)
2019-07-13 09:18:01,453 INFO  server.RaftServerConfigKeys (ConfUtils.java:logGet(43)) - raft.server.watch.timeout = 10s (default)
2019-07-13 09:18:01,453 INFO  server.RaftServerConfigKeys (ConfUtils.java:logGet(43)) - raft.server.watch.timeout.denomination = 1s (default)
2019-07-13 09:18:01,453 INFO  server.RaftServerConfigKeys (ConfUtils.java:logGet(43)) - raft.server.watch.element-limit = 65536 (default)
2019-07-13 09:18:01,454 INFO  impl.RoleInfo (RoleInfo.java:updateAndGet(143)) - 69012c72-a113-4648-bf06-cf2148c5ab6d: start LeaderState
2019-07-13 09:18:01,454 INFO  segmented.SegmentedRaftLogWorker (SegmentedRaftLogWorker.java:startLogSegment(380)) - 69012c72-a113-4648-bf06-cf2148c5ab6d-SegmentedRaftLogWorker:Storage Directory /tmp/workdir/hadoop-ozone/integration-test/target/test-dir/MiniOzoneClusterImpl-c8202114-a271-4ee2-b51f-a8df28038b75/datanode-5/data/ratis/e8966fb2-caf8-41eb-94be-39bf5711d7d3: Starting segment from index:0
2019-07-13 09:18:01,454 INFO  impl.RaftServerImpl (ServerState.java:setRaftConf(361)) - 69012c72-a113-4648-bf06-cf2148c5ab6d:group-39BF5711D7D3 set configuration 0: [69012c72-a113-4648-bf06-cf2148c5ab6d:192.168.69.96:41915], old=null at 0
2019-07-13 09:18:01,487 INFO  segmented.SegmentedRaftLogWorker (SegmentedRaftLogWorker.java:execute(569)) - 69012c72-a113-4648-bf06-cf2148c5ab6d-SegmentedRaftLogWorker:Storage Directory /tmp/workdir/hadoop-ozone/integration-test/target/test-dir/MiniOzoneClusterImpl-c8202114-a271-4ee2-b51f-a8df28038b75/datanode-5/data/ratis/e8966fb2-caf8-41eb-94be-39bf5711d7d3: created new log segment /tmp/workdir/hadoop-ozone/integration-test/target/test-dir/MiniOzoneClusterImpl-c8202114-a271-4ee2-b51f-a8df28038b75/datanode-5/data/ratis/e8966fb2-caf8-41eb-94be-39bf5711d7d3/current/log_inprogress_0
2019-07-13 09:18:01,508 INFO  impl.FollowerState (FollowerState.java:run(106)) - 8cec96c7-7b7b-4772-9427-16e2c732dc6c:group-8175DF6E67B8 changes to CANDIDATE, lastRpcTime:5042, electionTimeout:5042ms
2019-07-13 09:18:01,508 INFO  impl.RoleInfo (RoleInfo.java:shutdownFollowerState(121)) - 8cec96c7-7b7b-4772-9427-16e2c732dc6c: shutdown FollowerState
2019-07-13 09:18:01,508 INFO  impl.RaftServerImpl (RaftServerImpl.java:setRole(171)) - 8cec96c7-7b7b-4772-9427-16e2c732dc6c:group-8175DF6E67B8 changes role from FOLLOWER to CANDIDATE at term 0 for changeToCandidate
2019-07-13 09:18:01,508 INFO  impl.RoleInfo (RoleInfo.java:updateAndGet(143)) - 8cec96c7-7b7b-4772-9427-16e2c732dc6c: start LeaderElection
2019-07-13 09:18:01,512 INFO  impl.FollowerState (FollowerState.java:run(106)) - 69012c72-a113-4648-bf06-cf2148c5ab6d:group-8175DF6E67B8 changes to CANDIDATE, lastRpcTime:5045, electionTimeout:5043ms
2019-07-13 09:18:01,514 INFO  impl.RoleInfo (RoleInfo.java:shutdownFollowerState(121)) - 69012c72-a113-4648-bf06-cf2148c5ab6d: shutdown FollowerState
2019-07-13 09:18:01,514 INFO  impl.RaftServerImpl (RaftServerImpl.java:setRole(171)) - 69012c72-a113-4648-bf06-cf2148c5ab6d:group-8175DF6E67B8 changes role from FOLLOWER to CANDIDATE at term 0 for changeToCandidate
2019-07-13 09:18:01,514 INFO  impl.RoleInfo (RoleInfo.java:updateAndGet(143)) - 69012c72-a113-4648-bf06-cf2148c5ab6d: start LeaderElection
2019-07-13 09:18:01,528 INFO  impl.LeaderElection (LeaderElection.java:askForVotes(181)) - 8cec96c7-7b7b-4772-9427-16e2c732dc6c:group-8175DF6E67B8:LeaderElection87: begin an election at term 1 for -1: [fc955830-2cac-4c8b-b78a-68d87f4dec05:192.168.69.96:44504, 69012c72-a113-4648-bf06-cf2148c5ab6d:192.168.69.96:41915, 8cec96c7-7b7b-4772-9427-16e2c732dc6c:192.168.69.96:34523], old=null
2019-07-13 09:18:01,528 INFO  impl.LeaderElection (LeaderElection.java:askForVotes(181)) - 69012c72-a113-4648-bf06-cf2148c5ab6d:group-8175DF6E67B8:LeaderElection88: begin an election at term 1 for -1: [fc955830-2cac-4c8b-b78a-68d87f4dec05:192.168.69.96:44504, 69012c72-a113-4648-bf06-cf2148c5ab6d:192.168.69.96:41915, 8cec96c7-7b7b-4772-9427-16e2c732dc6c:192.168.69.96:34523], old=null
2019-07-13 09:18:01,532 INFO  impl.RaftServerImpl (RaftServerImpl.java:setRole(171)) - fc955830-2cac-4c8b-b78a-68d87f4dec05:group-8175DF6E67B8 changes role from FOLLOWER to FOLLOWER at term 1 for recognizeCandidate:8cec96c7-7b7b-4772-9427-16e2c732dc6c
2019-07-13 09:18:01,535 INFO  impl.RoleInfo (RoleInfo.java:shutdownFollowerState(121)) - fc955830-2cac-4c8b-b78a-68d87f4dec05: shutdown FollowerState
2019-07-13 09:18:01,535 INFO  impl.RoleInfo (RoleInfo.java:updateAndGet(143)) - fc955830-2cac-4c8b-b78a-68d87f4dec05: start FollowerState
2019-07-13 09:18:01,536 INFO  impl.FollowerState (FollowerState.java:run(114)) - fc955830-2cac-4c8b-b78a-68d87f4dec05: FollowerState was interrupted: java.lang.InterruptedException: sleep interrupted
2019-07-13 09:18:01,553 INFO  impl.LeaderElection (LeaderElection.java:logAndReturn(56)) - 69012c72-a113-4648-bf06-cf2148c5ab6d:group-8175DF6E67B8:LeaderElection88: Election REJECTED; received 2 response(s) [69012c72-a113-4648-bf06-cf2148c5ab6d<-fc955830-2cac-4c8b-b78a-68d87f4dec05#0:FAIL-t1, 69012c72-a113-4648-bf06-cf2148c5ab6d<-8cec96c7-7b7b-4772-9427-16e2c732dc6c#0:FAIL-t1] and 0 exception(s); 69012c72-a113-4648-bf06-cf2148c5ab6d:t1, leader=null, voted=69012c72-a113-4648-bf06-cf2148c5ab6d, raftlog=69012c72-a113-4648-bf06-cf2148c5ab6d-SegmentedRaftLog:OPENED:c-1,f-1,i0, conf=-1: [fc955830-2cac-4c8b-b78a-68d87f4dec05:192.168.69.96:44504, 69012c72-a113-4648-bf06-cf2148c5ab6d:192.168.69.96:41915, 8cec96c7-7b7b-4772-9427-16e2c732dc6c:192.168.69.96:34523], old=null
2019-07-13 09:18:01,553 INFO  impl.RaftServerImpl (RaftServerImpl.java:setRole(171)) - 69012c72-a113-4648-bf06-cf2148c5ab6d:group-8175DF6E67B8 changes role from CANDIDATE to FOLLOWER at term 1 for DISCOVERED_A_NEW_TERM
2019-07-13 09:18:01,553 INFO  impl.LeaderElection (LeaderElection.java:logAndReturn(56)) - 8cec96c7-7b7b-4772-9427-16e2c732dc6c:group-8175DF6E67B8:LeaderElection87: Election PASSED; received 2 response(s) [8cec96c7-7b7b-4772-9427-16e2c732dc6c<-fc955830-2cac-4c8b-b78a-68d87f4dec05#0:OK-t1, 8cec96c7-7b7b-4772-9427-16e2c732dc6c<-69012c72-a113-4648-bf06-cf2148c5ab6d#0:FAIL-t1] and 0 exception(s); 8cec96c7-7b7b-4772-9427-16e2c732dc6c:t1, leader=null, voted=8cec96c7-7b7b-4772-9427-16e2c732dc6c, raftlog=8cec96c7-7b7b-4772-9427-16e2c732dc6c-SegmentedRaftLog:OPENED:c-1,f-1,i0, conf=-1: [fc955830-2cac-4c8b-b78a-68d87f4dec05:192.168.69.96:44504, 69012c72-a113-4648-bf06-cf2148c5ab6d:192.168.69.96:41915, 8cec96c7-7b7b-4772-9427-16e2c732dc6c:192.168.69.96:34523], old=null
2019-07-13 09:18:01,553 INFO  impl.RoleInfo (RoleInfo.java:shutdownLeaderElection(134)) - 69012c72-a113-4648-bf06-cf2148c5ab6d: shutdown LeaderElection
2019-07-13 09:18:01,553 INFO  impl.RoleInfo (RoleInfo.java:shutdownLeaderElection(134)) - 8cec96c7-7b7b-4772-9427-16e2c732dc6c: shutdown LeaderElection
2019-07-13 09:18:01,553 INFO  impl.RoleInfo (RoleInfo.java:updateAndGet(143)) - 69012c72-a113-4648-bf06-cf2148c5ab6d: start FollowerState
2019-07-13 09:18:01,553 INFO  impl.RaftServerImpl (RaftServerImpl.java:setRole(171)) - 8cec96c7-7b7b-4772-9427-16e2c732dc6c:group-8175DF6E67B8 changes role from CANDIDATE to LEADER at term 1 for changeToLeader
2019-07-13 09:18:01,554 INFO  impl.RaftServerImpl (ServerState.java:setLeader(263)) - 8cec96c7-7b7b-4772-9427-16e2c732dc6c:group-8175DF6E67B8 change Leader from null to 8cec96c7-7b7b-4772-9427-16e2c732dc6c at term 1 for becomeLeader, leader elected after 5099ms
2019-07-13 09:18:01,554 INFO  server.RaftServerConfigKeys (ConfUtils.java:logGet(43)) - raft.server.staging.catchup.gap = 1000 (default)
2019-07-13 09:18:01,554 INFO  server.RaftServerConfigKeys (ConfUtils.java:logGet(43)) - raft.server.rpc.sleep.time = 25ms (default)
2019-07-13 09:18:01,554 INFO  server.RaftServerConfigKeys (ConfUtils.java:logGet(43)) - raft.server.write.element-limit = 4096 (default)
2019-07-13 09:18:01,554 INFO  server.RaftServerConfigKeys (ConfUtils.java:logGet(43)) - raft.server.watch.timeout = 10s (default)
2019-07-13 09:18:01,554 INFO  server.RaftServerConfigKeys (ConfUtils.java:logGet(43)) - raft.server.watch.timeout.denomination = 1s (default)
2019-07-13 09:18:01,554 INFO  server.RaftServerConfigKeys (ConfUtils.java:logGet(43)) - raft.server.watch.element-limit = 65536 (default)
2019-07-13 09:18:01,555 INFO  server.RaftServerConfigKeys (ConfUtils.java:logGet(43)) - raft.server.log.appender.snapshot.chunk.size.max = 16MB (=16777216) (default)
2019-07-13 09:18:01,555 INFO  server.RaftServerConfigKeys (ConfUtils.java:logGet(43)) - raft.server.log.appender.buffer.byte-limit = 33554432 (custom)
2019-07-13 09:18:01,555 INFO  server.RaftServerConfigKeys (ConfUtils.java:logGet(43)) - raft.server.log.appender.buffer.element-limit = 1 (custom)
2019-07-13 09:18:01,555 INFO  grpc.GrpcConfigKeys$Server (ConfUtils.java:logGet(43)) - raft.grpc.server.leader.outstanding.appends.max = 128 (default)
2019-07-13 09:18:01,555 INFO  server.RaftServerConfigKeys (ConfUtils.java:logGet(43)) - raft.server.rpc.request.timeout = 3000ms (default)
2019-07-13 09:18:01,556 INFO  server.RaftServerConfigKeys (ConfUtils.java:logGet(43)) - raft.server.log.appender.install.snapshot.enabled = false (custom)
2019-07-13 09:18:01,556 INFO  server.RaftServerConfigKeys (ConfUtils.java:logGet(43)) - raft.server.log.appender.snapshot.chunk.size.max = 16MB (=16777216) (default)
2019-07-13 09:18:01,556 INFO  server.RaftServerConfigKeys (ConfUtils.java:logGet(43)) - raft.server.log.appender.buffer.byte-limit = 33554432 (custom)
2019-07-13 09:18:01,556 INFO  server.RaftServerConfigKeys (ConfUtils.java:logGet(43)) - raft.server.log.appender.buffer.element-limit = 1 (custom)
2019-07-13 09:18:01,556 INFO  grpc.GrpcConfigKeys$Server (ConfUtils.java:logGet(43)) - raft.grpc.server.leader.outstanding.appends.max = 128 (default)
2019-07-13 09:18:01,557 INFO  server.RaftServerConfigKeys (ConfUtils.java:logGet(43)) - raft.server.rpc.request.timeout = 3000ms (default)
2019-07-13 09:18:01,557 INFO  server.RaftServerConfigKeys (ConfUtils.java:logGet(43)) - raft.server.log.appender.install.snapshot.enabled = false (custom)
2019-07-13 09:18:01,557 INFO  impl.RoleInfo (RoleInfo.java:updateAndGet(143)) - 8cec96c7-7b7b-4772-9427-16e2c732dc6c: start LeaderState
2019-07-13 09:18:01,557 INFO  segmented.SegmentedRaftLogWorker (SegmentedRaftLogWorker.java:startLogSegment(380)) - 8cec96c7-7b7b-4772-9427-16e2c732dc6c-SegmentedRaftLogWorker:Storage Directory /tmp/workdir/hadoop-ozone/integration-test/target/test-dir/MiniOzoneClusterImpl-c8202114-a271-4ee2-b51f-a8df28038b75/datanode-3/data/ratis/365b52aa-e02d-4a72-8c2d-8175df6e67b8: Starting segment from index:0
2019-07-13 09:18:01,558 INFO  impl.RaftServerImpl (ServerState.java:setRaftConf(361)) - 8cec96c7-7b7b-4772-9427-16e2c732dc6c:group-8175DF6E67B8 set configuration 0: [fc955830-2cac-4c8b-b78a-68d87f4dec05:192.168.69.96:44504, 69012c72-a113-4648-bf06-cf2148c5ab6d:192.168.69.96:41915, 8cec96c7-7b7b-4772-9427-16e2c732dc6c:192.168.69.96:34523], old=null at 0
2019-07-13 09:18:01,590 INFO  impl.RaftServerImpl (ServerState.java:setLeader(263)) - fc955830-2cac-4c8b-b78a-68d87f4dec05:group-8175DF6E67B8 change Leader from null to 8cec96c7-7b7b-4772-9427-16e2c732dc6c at term 1 for appendEntries, leader elected after 5135ms
2019-07-13 09:18:01,590 INFO  impl.RaftServerImpl (ServerState.java:setLeader(263)) - 69012c72-a113-4648-bf06-cf2148c5ab6d:group-8175DF6E67B8 change Leader from null to 8cec96c7-7b7b-4772-9427-16e2c732dc6c at term 1 for appendEntries, leader elected after 5136ms
2019-07-13 09:18:01,593 INFO  impl.RaftServerImpl (ServerState.java:setRaftConf(361)) - 69012c72-a113-4648-bf06-cf2148c5ab6d:group-8175DF6E67B8 set configuration 0: [fc955830-2cac-4c8b-b78a-68d87f4dec05:192.168.69.96:44504, 69012c72-a113-4648-bf06-cf2148c5ab6d:192.168.69.96:41915, 8cec96c7-7b7b-4772-9427-16e2c732dc6c:192.168.69.96:34523], old=null at 0
2019-07-13 09:18:01,593 INFO  impl.RaftServerImpl (ServerState.java:setRaftConf(361)) - fc955830-2cac-4c8b-b78a-68d87f4dec05:group-8175DF6E67B8 set configuration 0: [fc955830-2cac-4c8b-b78a-68d87f4dec05:192.168.69.96:44504, 69012c72-a113-4648-bf06-cf2148c5ab6d:192.168.69.96:41915, 8cec96c7-7b7b-4772-9427-16e2c732dc6c:192.168.69.96:34523], old=null at 0
2019-07-13 09:18:01,593 INFO  segmented.SegmentedRaftLogWorker (SegmentedRaftLogWorker.java:startLogSegment(380)) - 69012c72-a113-4648-bf06-cf2148c5ab6d-SegmentedRaftLogWorker:Storage Directory /tmp/workdir/hadoop-ozone/integration-test/target/test-dir/MiniOzoneClusterImpl-c8202114-a271-4ee2-b51f-a8df28038b75/datanode-5/data/ratis/365b52aa-e02d-4a72-8c2d-8175df6e67b8: Starting segment from index:0
2019-07-13 09:18:01,593 INFO  segmented.SegmentedRaftLogWorker (SegmentedRaftLogWorker.java:startLogSegment(380)) - fc955830-2cac-4c8b-b78a-68d87f4dec05-SegmentedRaftLogWorker:Storage Directory /tmp/workdir/hadoop-ozone/integration-test/target/test-dir/MiniOzoneClusterImpl-c8202114-a271-4ee2-b51f-a8df28038b75/datanode-4/data/ratis/365b52aa-e02d-4a72-8c2d-8175df6e67b8: Starting segment from index:0
2019-07-13 09:18:01,604 INFO  segmented.SegmentedRaftLogWorker (SegmentedRaftLogWorker.java:execute(569)) - 8cec96c7-7b7b-4772-9427-16e2c732dc6c-SegmentedRaftLogWorker:Storage Directory /tmp/workdir/hadoop-ozone/integration-test/target/test-dir/MiniOzoneClusterImpl-c8202114-a271-4ee2-b51f-a8df28038b75/datanode-3/data/ratis/365b52aa-e02d-4a72-8c2d-8175df6e67b8: created new log segment /tmp/workdir/hadoop-ozone/integration-test/target/test-dir/MiniOzoneClusterImpl-c8202114-a271-4ee2-b51f-a8df28038b75/datanode-3/data/ratis/365b52aa-e02d-4a72-8c2d-8175df6e67b8/current/log_inprogress_0
2019-07-13 09:18:01,617 INFO  segmented.SegmentedRaftLogWorker (SegmentedRaftLogWorker.java:execute(569)) - 69012c72-a113-4648-bf06-cf2148c5ab6d-SegmentedRaftLogWorker:Storage Directory /tmp/workdir/hadoop-ozone/integration-test/target/test-dir/MiniOzoneClusterImpl-c8202114-a271-4ee2-b51f-a8df28038b75/datanode-5/data/ratis/365b52aa-e02d-4a72-8c2d-8175df6e67b8: created new log segment /tmp/workdir/hadoop-ozone/integration-test/target/test-dir/MiniOzoneClusterImpl-c8202114-a271-4ee2-b51f-a8df28038b75/datanode-5/data/ratis/365b52aa-e02d-4a72-8c2d-8175df6e67b8/current/log_inprogress_0
2019-07-13 09:18:01,617 INFO  segmented.SegmentedRaftLogWorker (SegmentedRaftLogWorker.java:execute(569)) - fc955830-2cac-4c8b-b78a-68d87f4dec05-SegmentedRaftLogWorker:Storage Directory /tmp/workdir/hadoop-ozone/integration-test/target/test-dir/MiniOzoneClusterImpl-c8202114-a271-4ee2-b51f-a8df28038b75/datanode-4/data/ratis/365b52aa-e02d-4a72-8c2d-8175df6e67b8: created new log segment /tmp/workdir/hadoop-ozone/integration-test/target/test-dir/MiniOzoneClusterImpl-c8202114-a271-4ee2-b51f-a8df28038b75/datanode-4/data/ratis/365b52aa-e02d-4a72-8c2d-8175df6e67b8/current/log_inprogress_0
2019-07-13 09:18:01,714 INFO  impl.FollowerState (FollowerState.java:run(106)) - ba4eb8a0-4f1c-4e63-a34b-456712fc2354:group-97312275A34A changes to CANDIDATE, lastRpcTime:5118, electionTimeout:5118ms
2019-07-13 09:18:01,714 INFO  impl.RoleInfo (RoleInfo.java:shutdownFollowerState(121)) - ba4eb8a0-4f1c-4e63-a34b-456712fc2354: shutdown FollowerState
2019-07-13 09:18:01,715 INFO  impl.RaftServerImpl (RaftServerImpl.java:setRole(171)) - ba4eb8a0-4f1c-4e63-a34b-456712fc2354:group-97312275A34A changes role from FOLLOWER to CANDIDATE at term 0 for changeToCandidate
2019-07-13 09:18:01,715 INFO  impl.RoleInfo (RoleInfo.java:updateAndGet(143)) - ba4eb8a0-4f1c-4e63-a34b-456712fc2354: start LeaderElection
2019-07-13 09:18:01,725 INFO  impl.LeaderElection (LeaderElection.java:askForVotes(181)) - ba4eb8a0-4f1c-4e63-a34b-456712fc2354:group-97312275A34A:LeaderElection89: begin an election at term 1 for -1: [ba4eb8a0-4f1c-4e63-a34b-456712fc2354:192.168.69.96:42365], old=null
2019-07-13 09:18:01,726 INFO  impl.RoleInfo (RoleInfo.java:shutdownLeaderElection(134)) - ba4eb8a0-4f1c-4e63-a34b-456712fc2354: shutdown LeaderElection
2019-07-13 09:18:01,726 INFO  impl.RaftServerImpl (RaftServerImpl.java:setRole(171)) - ba4eb8a0-4f1c-4e63-a34b-456712fc2354:group-97312275A34A changes role from CANDIDATE to LEADER at term 1 for changeToLeader
2019-07-13 09:18:01,726 INFO  impl.RaftServerImpl (ServerState.java:setLeader(263)) - ba4eb8a0-4f1c-4e63-a34b-456712fc2354:group-97312275A34A change Leader from null to ba4eb8a0-4f1c-4e63-a34b-456712fc2354 at term 1 for becomeLeader, leader elected after 5134ms
2019-07-13 09:18:01,728 INFO  server.RaftServerConfigKeys (ConfUtils.java:logGet(43)) - raft.server.staging.catchup.gap = 1000 (default)
2019-07-13 09:18:01,729 INFO  server.RaftServerConfigKeys (ConfUtils.java:logGet(43)) - raft.server.rpc.sleep.time = 25ms (default)
2019-07-13 09:18:01,729 INFO  server.RaftServerConfigKeys (ConfUtils.java:logGet(43)) - raft.server.write.element-limit = 4096 (default)
2019-07-13 09:18:01,729 INFO  server.RaftServerConfigKeys (ConfUtils.java:logGet(43)) - raft.server.watch.timeout = 10s (default)
2019-07-13 09:18:01,729 INFO  server.RaftServerConfigKeys (ConfUtils.java:logGet(43)) - raft.server.watch.timeout.denomination = 1s (default)
2019-07-13 09:18:01,729 INFO  server.RaftServerConfigKeys (ConfUtils.java:logGet(43)) - raft.server.watch.element-limit = 65536 (default)
2019-07-13 09:18:01,729 INFO  impl.RoleInfo (RoleInfo.java:updateAndGet(143)) - ba4eb8a0-4f1c-4e63-a34b-456712fc2354: start LeaderState
2019-07-13 09:18:01,730 INFO  segmented.SegmentedRaftLogWorker (SegmentedRaftLogWorker.java:startLogSegment(380)) - ba4eb8a0-4f1c-4e63-a34b-456712fc2354-SegmentedRaftLogWorker:Storage Directory /tmp/workdir/hadoop-ozone/integration-test/target/test-dir/MiniOzoneClusterImpl-c8202114-a271-4ee2-b51f-a8df28038b75/datanode-6/data/ratis/5d53f953-c223-49cc-9737-97312275a34a: Starting segment from index:0
2019-07-13 09:18:01,730 INFO  impl.RaftServerImpl (ServerState.java:setRaftConf(361)) - ba4eb8a0-4f1c-4e63-a34b-456712fc2354:group-97312275A34A set configuration 0: [ba4eb8a0-4f1c-4e63-a34b-456712fc2354:192.168.69.96:42365], old=null at 0
2019-07-13 09:18:01,756 INFO  segmented.SegmentedRaftLogWorker (SegmentedRaftLogWorker.java:execute(569)) - ba4eb8a0-4f1c-4e63-a34b-456712fc2354-SegmentedRaftLogWorker:Storage Directory /tmp/workdir/hadoop-ozone/integration-test/target/test-dir/MiniOzoneClusterImpl-c8202114-a271-4ee2-b51f-a8df28038b75/datanode-6/data/ratis/5d53f953-c223-49cc-9737-97312275a34a: created new log segment /tmp/workdir/hadoop-ozone/integration-test/target/test-dir/MiniOzoneClusterImpl-c8202114-a271-4ee2-b51f-a8df28038b75/datanode-6/data/ratis/5d53f953-c223-49cc-9737-97312275a34a/current/log_inprogress_0
2019-07-13 09:18:01,785 INFO  client.GrpcClientProtocolClient (GrpcClientProtocolClient.java:onNext(255)) - client-6F49233772A1->8cec96c7-7b7b-4772-9427-16e2c732dc6c: receive RaftClientReply:client-6F49233772A1->8cec96c7-7b7b-4772-9427-16e2c732dc6c@group-8175DF6E67B8, cid=234, SUCCESS, logIndex=1, commits[8cec96c7-7b7b-4772-9427-16e2c732dc6c:c1, fc955830-2cac-4c8b-b78a-68d87f4dec05:c0, 69012c72-a113-4648-bf06-cf2148c5ab6d:c0]
2019-07-13 09:18:01,806 INFO  client.GrpcClientProtocolClient (GrpcClientProtocolClient.java:onNext(255)) - client-6F49233772A1->8cec96c7-7b7b-4772-9427-16e2c732dc6c: receive RaftClientReply:client-6F49233772A1->8cec96c7-7b7b-4772-9427-16e2c732dc6c@group-8175DF6E67B8, cid=235, SUCCESS, logIndex=3, commits[8cec96c7-7b7b-4772-9427-16e2c732dc6c:c4, fc955830-2cac-4c8b-b78a-68d87f4dec05:c2, 69012c72-a113-4648-bf06-cf2148c5ab6d:c2]
2019-07-13 09:18:01,842 INFO  client.GrpcClientProtocolClient (GrpcClientProtocolClient.java:onNext(255)) - client-6F49233772A1->8cec96c7-7b7b-4772-9427-16e2c732dc6c: receive RaftClientReply:client-6F49233772A1->8cec96c7-7b7b-4772-9427-16e2c732dc6c@group-8175DF6E67B8, cid=236, SUCCESS, logIndex=4, commits[8cec96c7-7b7b-4772-9427-16e2c732dc6c:c12, fc955830-2cac-4c8b-b78a-68d87f4dec05:c7, 69012c72-a113-4648-bf06-cf2148c5ab6d:c7]
2019-07-13 09:18:01,842 INFO  client.GrpcClientProtocolClient (GrpcClientProtocolClient.java:onNext(255)) - client-6F49233772A1->8cec96c7-7b7b-4772-9427-16e2c732dc6c: receive RaftClientReply:client-6F49233772A1->8cec96c7-7b7b-4772-9427-16e2c732dc6c@group-8175DF6E67B8, cid=237, SUCCESS, logIndex=5, commits[8cec96c7-7b7b-4772-9427-16e2c732dc6c:c12, fc955830-2cac-4c8b-b78a-68d87f4dec05:c7, 69012c72-a113-4648-bf06-cf2148c5ab6d:c7]
2019-07-13 09:18:01,843 INFO  client.GrpcClientProtocolClient (GrpcClientProtocolClient.java:onNext(255)) - client-6F49233772A1->8cec96c7-7b7b-4772-9427-16e2c732dc6c: receive RaftClientReply:client-6F49233772A1->8cec96c7-7b7b-4772-9427-16e2c732dc6c@group-8175DF6E67B8, cid=238, SUCCESS, logIndex=6, commits[8cec96c7-7b7b-4772-9427-16e2c732dc6c:c12, fc955830-2cac-4c8b-b78a-68d87f4dec05:c7, 69012c72-a113-4648-bf06-cf2148c5ab6d:c7]
2019-07-13 09:18:01,927 INFO  client.GrpcClientProtocolClient (GrpcClientProtocolClient.java:onNext(255)) - client-6F49233772A1->8cec96c7-7b7b-4772-9427-16e2c732dc6c: receive RaftClientReply:client-6F49233772A1->8cec96c7-7b7b-4772-9427-16e2c732dc6c@group-8175DF6E67B8, cid=239, SUCCESS, logIndex=7, commits[8cec96c7-7b7b-4772-9427-16e2c732dc6c:c12, fc955830-2cac-4c8b-b78a-68d87f4dec05:c7, 69012c72-a113-4648-bf06-cf2148c5ab6d:c7]
2019-07-13 09:18:01,947 INFO  client.GrpcClientProtocolClient (GrpcClientProtocolClient.java:onNext(255)) - client-6F49233772A1->8cec96c7-7b7b-4772-9427-16e2c732dc6c: receive RaftClientReply:client-6F49233772A1->8cec96c7-7b7b-4772-9427-16e2c732dc6c@group-8175DF6E67B8, cid=240, SUCCESS, logIndex=13, commits[8cec96c7-7b7b-4772-9427-16e2c732dc6c:c14, fc955830-2cac-4c8b-b78a-68d87f4dec05:c12, 69012c72-a113-4648-bf06-cf2148c5ab6d:c12]
2019-07-13 09:18:01,948 INFO  client.GrpcClientProtocolClient (GrpcClientProtocolClient.java:onNext(255)) - client-6F49233772A1->8cec96c7-7b7b-4772-9427-16e2c732dc6c: receive RaftClientReply:client-6F49233772A1->8cec96c7-7b7b-4772-9427-16e2c732dc6c@group-8175DF6E67B8, cid=241, SUCCESS, logIndex=14, commits[8cec96c7-7b7b-4772-9427-16e2c732dc6c:c14, fc955830-2cac-4c8b-b78a-68d87f4dec05:c12, 69012c72-a113-4648-bf06-cf2148c5ab6d:c12]
2019-07-13 09:18:01,972 INFO  client.GrpcClientProtocolClient (GrpcClientProtocolClient.java:onNext(255)) - client-6F49233772A1->8cec96c7-7b7b-4772-9427-16e2c732dc6c: receive RaftClientReply:client-6F49233772A1->8cec96c7-7b7b-4772-9427-16e2c732dc6c@group-8175DF6E67B8, cid=242, SUCCESS, logIndex=0, commits[8cec96c7-7b7b-4772-9427-16e2c732dc6c:c16, fc955830-2cac-4c8b-b78a-68d87f4dec05:c14, 69012c72-a113-4648-bf06-cf2148c5ab6d:c14]
2019-07-13 09:18:01,973 INFO  container.CloseContainerEventHandler (CloseContainerEventHandler.java:onMessage(61)) - Close container Event triggered for container : #1
2019-07-13 09:18:01,974 INFO  container.CloseContainerEventHandler (CloseContainerEventHandler.java:onMessage(61)) - Close container Event triggered for container : #1
2019-07-13 09:18:01,974 INFO  container.CloseContainerEventHandler (CloseContainerEventHandler.java:onMessage(61)) - Close container Event triggered for container : #1
2019-07-13 09:18:03,072 INFO  interfaces.Container (KeyValueContainer.java:compactDB(356)) - Container 1 is closed with bcsId 14.
2019-07-13 09:18:03,091 INFO  interfaces.Container (KeyValueContainer.java:compactDB(356)) - Container 1 is closed with bcsId 14.
2019-07-13 09:18:03,113 INFO  interfaces.Container (KeyValueContainer.java:compactDB(356)) - Container 1 is closed with bcsId 14.
09:18:03.475 [grpc-default-executor-9] ERROR DNAudit - user=null | ip=null | op=WRITE_CHUNK {blockData=conID: 1 locID: 102433389123600404 bcsId: 14} | ret=FAILURE
org.apache.hadoop.hdds.scm.container.common.helpers.ContainerNotOpenException: Container 1 in CLOSED state
	at org.apache.hadoop.ozone.container.common.impl.HddsDispatcher.validateContainerCommand(HddsDispatcher.java:408) ~[hadoop-hdds-container-service-0.5.0-SNAPSHOT.jar:?]
	at org.apache.hadoop.ozone.container.common.transport.server.ratis.ContainerStateMachine.startTransaction(ContainerStateMachine.java:271) ~[hadoop-hdds-container-service-0.5.0-SNAPSHOT.jar:?]
	at org.apache.ratis.server.impl.RaftServerImpl.submitClientRequestAsync(RaftServerImpl.java:566) ~[ratis-server-0.4.0-2337318-SNAPSHOT.jar:0.4.0-2337318-SNAPSHOT]
	at org.apache.ratis.server.impl.RaftServerProxy.lambda$submitClientRequestAsync$7(RaftServerProxy.java:333) ~[ratis-server-0.4.0-2337318-SNAPSHOT.jar:0.4.0-2337318-SNAPSHOT]
	at org.apache.ratis.server.impl.RaftServerProxy.lambda$null$5(RaftServerProxy.java:328) ~[ratis-server-0.4.0-2337318-SNAPSHOT.jar:0.4.0-2337318-SNAPSHOT]
	at org.apache.ratis.util.JavaUtils.callAsUnchecked(JavaUtils.java:109) ~[ratis-common-0.4.0-2337318-SNAPSHOT.jar:0.4.0-2337318-SNAPSHOT]
	at org.apache.ratis.server.impl.RaftServerProxy.lambda$submitRequest$6(RaftServerProxy.java:328) ~[ratis-server-0.4.0-2337318-SNAPSHOT.jar:0.4.0-2337318-SNAPSHOT]
	at java.util.concurrent.CompletableFuture.uniComposeStage(CompletableFuture.java:981) ~[?:1.8.0_212]
	at java.util.concurrent.CompletableFuture.thenCompose(CompletableFuture.java:2124) ~[?:1.8.0_212]
	at org.apache.ratis.server.impl.RaftServerProxy.submitRequest(RaftServerProxy.java:327) ~[ratis-server-0.4.0-2337318-SNAPSHOT.jar:0.4.0-2337318-SNAPSHOT]
	at org.apache.ratis.server.impl.RaftServerProxy.submitClientRequestAsync(RaftServerProxy.java:333) ~[ratis-server-0.4.0-2337318-SNAPSHOT.jar:0.4.0-2337318-SNAPSHOT]
	at org.apache.ratis.grpc.client.GrpcClientProtocolService$RequestStreamObserver.processClientRequest(GrpcClientProtocolService.java:220) ~[ratis-grpc-0.4.0-2337318-SNAPSHOT.jar:0.4.0-2337318-SNAPSHOT]
	at org.apache.ratis.grpc.client.GrpcClientProtocolService$OrderedRequestStreamObserver.processClientRequest(GrpcClientProtocolService.java:326) ~[ratis-grpc-0.4.0-2337318-SNAPSHOT.jar:0.4.0-2337318-SNAPSHOT]
	at org.apache.ratis.util.SlidingWindow$Server.processRequestsFromHead(SlidingWindow.java:429) [ratis-common-0.4.0-2337318-SNAPSHOT.jar:0.4.0-2337318-SNAPSHOT]
	at org.apache.ratis.util.SlidingWindow$Server.receivedRequest(SlidingWindow.java:421) [ratis-common-0.4.0-2337318-SNAPSHOT.jar:0.4.0-2337318-SNAPSHOT]
	at org.apache.ratis.grpc.client.GrpcClientProtocolService$OrderedRequestStreamObserver.processClientRequest(GrpcClientProtocolService.java:345) [ratis-grpc-0.4.0-2337318-SNAPSHOT.jar:0.4.0-2337318-SNAPSHOT]
	at org.apache.ratis.grpc.client.GrpcClientProtocolService$RequestStreamObserver.onNext(GrpcClientProtocolService.java:240) [ratis-grpc-0.4.0-2337318-SNAPSHOT.jar:0.4.0-2337318-SNAPSHOT]
	at org.apache.ratis.grpc.client.GrpcClientProtocolService$RequestStreamObserver.onNext(GrpcClientProtocolService.java:168) [ratis-grpc-0.4.0-2337318-SNAPSHOT.jar:0.4.0-2337318-SNAPSHOT]
	at org.apache.ratis.thirdparty.io.grpc.stub.ServerCalls$StreamingServerCallHandler$StreamingServerCallListener.onMessage(ServerCalls.java:248) [ratis-thirdparty-misc-0.2.0.jar:0.2.0]
	at org.apache.ratis.thirdparty.io.grpc.internal.ServerCallImpl$ServerStreamListenerImpl.messagesAvailable(ServerCallImpl.java:263) [ratis-thirdparty-misc-0.2.0.jar:0.2.0]
	at org.apache.ratis.thirdparty.io.grpc.internal.ServerImpl$JumpToApplicationThreadServerStreamListener$1MessagesAvailable.runInContext(ServerImpl.java:686) [ratis-thirdparty-misc-0.2.0.jar:0.2.0]
	at org.apache.ratis.thirdparty.io.grpc.internal.ContextRunnable.run(ContextRunnable.java:37) [ratis-thirdparty-misc-0.2.0.jar:0.2.0]
	at org.apache.ratis.thirdparty.io.grpc.internal.SerializingExecutor.run(SerializingExecutor.java:123) [ratis-thirdparty-misc-0.2.0.jar:0.2.0]
	at java.util.concurrent.ThreadPoolExecutor.runWorker(ThreadPoolExecutor.java:1149) [?:1.8.0_212]
	at java.util.concurrent.ThreadPoolExecutor$Worker.run(ThreadPoolExecutor.java:624) [?:1.8.0_212]
	at java.lang.Thread.run(Thread.java:748) [?:1.8.0_212]
09:18:03.478 [grpc-default-executor-9] ERROR DNAudit - user=null | ip=null | op=WRITE_CHUNK {blockData=conID: 1 locID: 102433389123600404 bcsId: 14} | ret=FAILURE
org.apache.hadoop.hdds.scm.container.common.helpers.ContainerNotOpenException: Container 1 in CLOSED state
	at org.apache.hadoop.ozone.container.common.impl.HddsDispatcher.validateContainerCommand(HddsDispatcher.java:408) ~[hadoop-hdds-container-service-0.5.0-SNAPSHOT.jar:?]
	at org.apache.hadoop.ozone.container.common.transport.server.ratis.ContainerStateMachine.startTransaction(ContainerStateMachine.java:271) ~[hadoop-hdds-container-service-0.5.0-SNAPSHOT.jar:?]
	at org.apache.ratis.server.impl.RaftServerImpl.submitClientRequestAsync(RaftServerImpl.java:566) ~[ratis-server-0.4.0-2337318-SNAPSHOT.jar:0.4.0-2337318-SNAPSHOT]
	at org.apache.ratis.server.impl.RaftServerProxy.lambda$submitClientRequestAsync$7(RaftServerProxy.java:333) ~[ratis-server-0.4.0-2337318-SNAPSHOT.jar:0.4.0-2337318-SNAPSHOT]
	at org.apache.ratis.server.impl.RaftServerProxy.lambda$null$5(RaftServerProxy.java:328) ~[ratis-server-0.4.0-2337318-SNAPSHOT.jar:0.4.0-2337318-SNAPSHOT]
	at org.apache.ratis.util.JavaUtils.callAsUnchecked(JavaUtils.java:109) ~[ratis-common-0.4.0-2337318-SNAPSHOT.jar:0.4.0-2337318-SNAPSHOT]
	at org.apache.ratis.server.impl.RaftServerProxy.lambda$submitRequest$6(RaftServerProxy.java:328) ~[ratis-server-0.4.0-2337318-SNAPSHOT.jar:0.4.0-2337318-SNAPSHOT]
	at java.util.concurrent.CompletableFuture.uniComposeStage(CompletableFuture.java:981) ~[?:1.8.0_212]
	at java.util.concurrent.CompletableFuture.thenCompose(CompletableFuture.java:2124) ~[?:1.8.0_212]
	at org.apache.ratis.server.impl.RaftServerProxy.submitRequest(RaftServerProxy.java:327) ~[ratis-server-0.4.0-2337318-SNAPSHOT.jar:0.4.0-2337318-SNAPSHOT]
	at org.apache.ratis.server.impl.RaftServerProxy.submitClientRequestAsync(RaftServerProxy.java:333) ~[ratis-server-0.4.0-2337318-SNAPSHOT.jar:0.4.0-2337318-SNAPSHOT]
	at org.apache.ratis.grpc.client.GrpcClientProtocolService$RequestStreamObserver.processClientRequest(GrpcClientProtocolService.java:220) ~[ratis-grpc-0.4.0-2337318-SNAPSHOT.jar:0.4.0-2337318-SNAPSHOT]
	at org.apache.ratis.grpc.client.GrpcClientProtocolService$OrderedRequestStreamObserver.processClientRequest(GrpcClientProtocolService.java:326) ~[ratis-grpc-0.4.0-2337318-SNAPSHOT.jar:0.4.0-2337318-SNAPSHOT]
	at org.apache.ratis.util.SlidingWindow$Server.processRequestsFromHead(SlidingWindow.java:429) [ratis-common-0.4.0-2337318-SNAPSHOT.jar:0.4.0-2337318-SNAPSHOT]
	at org.apache.ratis.util.SlidingWindow$Server.receivedRequest(SlidingWindow.java:421) [ratis-common-0.4.0-2337318-SNAPSHOT.jar:0.4.0-2337318-SNAPSHOT]
	at org.apache.ratis.grpc.client.GrpcClientProtocolService$OrderedRequestStreamObserver.processClientRequest(GrpcClientProtocolService.java:345) [ratis-grpc-0.4.0-2337318-SNAPSHOT.jar:0.4.0-2337318-SNAPSHOT]
	at org.apache.ratis.grpc.client.GrpcClientProtocolService$RequestStreamObserver.onNext(GrpcClientProtocolService.java:240) [ratis-grpc-0.4.0-2337318-SNAPSHOT.jar:0.4.0-2337318-SNAPSHOT]
	at org.apache.ratis.grpc.client.GrpcClientProtocolService$RequestStreamObserver.onNext(GrpcClientProtocolService.java:168) [ratis-grpc-0.4.0-2337318-SNAPSHOT.jar:0.4.0-2337318-SNAPSHOT]
	at org.apache.ratis.thirdparty.io.grpc.stub.ServerCalls$StreamingServerCallHandler$StreamingServerCallListener.onMessage(ServerCalls.java:248) [ratis-thirdparty-misc-0.2.0.jar:0.2.0]
	at org.apache.ratis.thirdparty.io.grpc.internal.ServerCallImpl$ServerStreamListenerImpl.messagesAvailable(ServerCallImpl.java:263) [ratis-thirdparty-misc-0.2.0.jar:0.2.0]
	at org.apache.ratis.thirdparty.io.grpc.internal.ServerImpl$JumpToApplicationThreadServerStreamListener$1MessagesAvailable.runInContext(ServerImpl.java:686) [ratis-thirdparty-misc-0.2.0.jar:0.2.0]
	at org.apache.ratis.thirdparty.io.grpc.internal.ContextRunnable.run(ContextRunnable.java:37) [ratis-thirdparty-misc-0.2.0.jar:0.2.0]
	at org.apache.ratis.thirdparty.io.grpc.internal.SerializingExecutor.run(SerializingExecutor.java:123) [ratis-thirdparty-misc-0.2.0.jar:0.2.0]
	at java.util.concurrent.ThreadPoolExecutor.runWorker(ThreadPoolExecutor.java:1149) [?:1.8.0_212]
	at java.util.concurrent.ThreadPoolExecutor$Worker.run(ThreadPoolExecutor.java:624) [?:1.8.0_212]
	at java.lang.Thread.run(Thread.java:748) [?:1.8.0_212]
2019-07-13 09:18:03,493 INFO  client.GrpcClientProtocolClient (GrpcClientProtocolClient.java:onNext(255)) - client-6F49233772A1->8cec96c7-7b7b-4772-9427-16e2c732dc6c: receive RaftClientReply:client-6F49233772A1->8cec96c7-7b7b-4772-9427-16e2c732dc6c@group-8175DF6E67B8, cid=243, FAILED org.apache.ratis.protocol.StateMachineException: org.apache.hadoop.hdds.scm.container.common.helpers.ContainerNotOpenException from Server 8cec96c7-7b7b-4772-9427-16e2c732dc6c: Container 1 in CLOSED state, logIndex=0, commits[8cec96c7-7b7b-4772-9427-16e2c732dc6c:c18, fc955830-2cac-4c8b-b78a-68d87f4dec05:c17, 69012c72-a113-4648-bf06-cf2148c5ab6d:c17]
09:18:03.493 [grpc-default-executor-9] ERROR DNAudit - user=null | ip=null | op=PUT_BLOCK {blockData=[blockId=conID: 1 locID: 102433389123600404 bcsId: 0,size=650]} | ret=FAILURE
org.apache.hadoop.hdds.scm.container.common.helpers.ContainerNotOpenException: Container 1 in CLOSED state
	at org.apache.hadoop.ozone.container.common.impl.HddsDispatcher.validateContainerCommand(HddsDispatcher.java:408) ~[hadoop-hdds-container-service-0.5.0-SNAPSHOT.jar:?]
	at org.apache.hadoop.ozone.container.common.transport.server.ratis.ContainerStateMachine.startTransaction(ContainerStateMachine.java:271) ~[hadoop-hdds-container-service-0.5.0-SNAPSHOT.jar:?]
	at org.apache.ratis.server.impl.RaftServerImpl.submitClientRequestAsync(RaftServerImpl.java:566) ~[ratis-server-0.4.0-2337318-SNAPSHOT.jar:0.4.0-2337318-SNAPSHOT]
	at org.apache.ratis.server.impl.RaftServerProxy.lambda$submitClientRequestAsync$7(RaftServerProxy.java:333) ~[ratis-server-0.4.0-2337318-SNAPSHOT.jar:0.4.0-2337318-SNAPSHOT]
	at org.apache.ratis.server.impl.RaftServerProxy.lambda$null$5(RaftServerProxy.java:328) ~[ratis-server-0.4.0-2337318-SNAPSHOT.jar:0.4.0-2337318-SNAPSHOT]
	at org.apache.ratis.util.JavaUtils.callAsUnchecked(JavaUtils.java:109) ~[ratis-common-0.4.0-2337318-SNAPSHOT.jar:0.4.0-2337318-SNAPSHOT]
	at org.apache.ratis.server.impl.RaftServerProxy.lambda$submitRequest$6(RaftServerProxy.java:328) ~[ratis-server-0.4.0-2337318-SNAPSHOT.jar:0.4.0-2337318-SNAPSHOT]
	at java.util.concurrent.CompletableFuture.uniComposeStage(CompletableFuture.java:981) ~[?:1.8.0_212]
	at java.util.concurrent.CompletableFuture.thenCompose(CompletableFuture.java:2124) ~[?:1.8.0_212]
	at org.apache.ratis.server.impl.RaftServerProxy.submitRequest(RaftServerProxy.java:327) ~[ratis-server-0.4.0-2337318-SNAPSHOT.jar:0.4.0-2337318-SNAPSHOT]
	at org.apache.ratis.server.impl.RaftServerProxy.submitClientRequestAsync(RaftServerProxy.java:333) ~[ratis-server-0.4.0-2337318-SNAPSHOT.jar:0.4.0-2337318-SNAPSHOT]
	at org.apache.ratis.grpc.client.GrpcClientProtocolService$RequestStreamObserver.processClientRequest(GrpcClientProtocolService.java:220) ~[ratis-grpc-0.4.0-2337318-SNAPSHOT.jar:0.4.0-2337318-SNAPSHOT]
	at org.apache.ratis.grpc.client.GrpcClientProtocolService$OrderedRequestStreamObserver.processClientRequest(GrpcClientProtocolService.java:326) ~[ratis-grpc-0.4.0-2337318-SNAPSHOT.jar:0.4.0-2337318-SNAPSHOT]
	at org.apache.ratis.util.SlidingWindow$Server.processRequestsFromHead(SlidingWindow.java:429) [ratis-common-0.4.0-2337318-SNAPSHOT.jar:0.4.0-2337318-SNAPSHOT]
	at org.apache.ratis.util.SlidingWindow$Server.receivedRequest(SlidingWindow.java:421) [ratis-common-0.4.0-2337318-SNAPSHOT.jar:0.4.0-2337318-SNAPSHOT]
	at org.apache.ratis.grpc.client.GrpcClientProtocolService$OrderedRequestStreamObserver.processClientRequest(GrpcClientProtocolService.java:345) [ratis-grpc-0.4.0-2337318-SNAPSHOT.jar:0.4.0-2337318-SNAPSHOT]
	at org.apache.ratis.grpc.client.GrpcClientProtocolService$RequestStreamObserver.onNext(GrpcClientProtocolService.java:240) [ratis-grpc-0.4.0-2337318-SNAPSHOT.jar:0.4.0-2337318-SNAPSHOT]
	at org.apache.ratis.grpc.client.GrpcClientProtocolService$RequestStreamObserver.onNext(GrpcClientProtocolService.java:168) [ratis-grpc-0.4.0-2337318-SNAPSHOT.jar:0.4.0-2337318-SNAPSHOT]
	at org.apache.ratis.thirdparty.io.grpc.stub.ServerCalls$StreamingServerCallHandler$StreamingServerCallListener.onMessage(ServerCalls.java:248) [ratis-thirdparty-misc-0.2.0.jar:0.2.0]
	at org.apache.ratis.thirdparty.io.grpc.internal.ServerCallImpl$ServerStreamListenerImpl.messagesAvailable(ServerCallImpl.java:263) [ratis-thirdparty-misc-0.2.0.jar:0.2.0]
	at org.apache.ratis.thirdparty.io.grpc.internal.ServerImpl$JumpToApplicationThreadServerStreamListener$1MessagesAvailable.runInContext(ServerImpl.java:686) [ratis-thirdparty-misc-0.2.0.jar:0.2.0]
	at org.apache.ratis.thirdparty.io.grpc.internal.ContextRunnable.run(ContextRunnable.java:37) [ratis-thirdparty-misc-0.2.0.jar:0.2.0]
	at org.apache.ratis.thirdparty.io.grpc.internal.SerializingExecutor.run(SerializingExecutor.java:123) [ratis-thirdparty-misc-0.2.0.jar:0.2.0]
	at java.util.concurrent.ThreadPoolExecutor.runWorker(ThreadPoolExecutor.java:1149) [?:1.8.0_212]
	at java.util.concurrent.ThreadPoolExecutor$Worker.run(ThreadPoolExecutor.java:624) [?:1.8.0_212]
	at java.lang.Thread.run(Thread.java:748) [?:1.8.0_212]
2019-07-13 09:18:03,501 INFO  client.GrpcClientProtocolClient (GrpcClientProtocolClient.java:onNext(255)) - client-6F49233772A1->8cec96c7-7b7b-4772-9427-16e2c732dc6c: receive RaftClientReply:client-6F49233772A1->8cec96c7-7b7b-4772-9427-16e2c732dc6c@group-8175DF6E67B8, cid=244, FAILED org.apache.ratis.protocol.StateMachineException: org.apache.hadoop.hdds.scm.container.common.helpers.ContainerNotOpenException from Server 8cec96c7-7b7b-4772-9427-16e2c732dc6c: Container 1 in CLOSED state, logIndex=0, commits[8cec96c7-7b7b-4772-9427-16e2c732dc6c:c18, fc955830-2cac-4c8b-b78a-68d87f4dec05:c17, 69012c72-a113-4648-bf06-cf2148c5ab6d:c17]
09:18:03.502 [grpc-default-executor-9] ERROR DNAudit - user=null | ip=null | op=WRITE_CHUNK {blockData=conID: 1 locID: 102433389123600404 bcsId: 14} | ret=FAILURE
org.apache.hadoop.hdds.scm.container.common.helpers.ContainerNotOpenException: Container 1 in CLOSED state
	at org.apache.hadoop.ozone.container.common.impl.HddsDispatcher.validateContainerCommand(HddsDispatcher.java:408) ~[hadoop-hdds-container-service-0.5.0-SNAPSHOT.jar:?]
	at org.apache.hadoop.ozone.container.common.transport.server.ratis.ContainerStateMachine.startTransaction(ContainerStateMachine.java:271) ~[hadoop-hdds-container-service-0.5.0-SNAPSHOT.jar:?]
	at org.apache.ratis.server.impl.RaftServerImpl.submitClientRequestAsync(RaftServerImpl.java:566) ~[ratis-server-0.4.0-2337318-SNAPSHOT.jar:0.4.0-2337318-SNAPSHOT]
	at org.apache.ratis.server.impl.RaftServerProxy.lambda$submitClientRequestAsync$7(RaftServerProxy.java:333) ~[ratis-server-0.4.0-2337318-SNAPSHOT.jar:0.4.0-2337318-SNAPSHOT]
	at org.apache.ratis.server.impl.RaftServerProxy.lambda$null$5(RaftServerProxy.java:328) ~[ratis-server-0.4.0-2337318-SNAPSHOT.jar:0.4.0-2337318-SNAPSHOT]
	at org.apache.ratis.util.JavaUtils.callAsUnchecked(JavaUtils.java:109) ~[ratis-common-0.4.0-2337318-SNAPSHOT.jar:0.4.0-2337318-SNAPSHOT]
	at org.apache.ratis.server.impl.RaftServerProxy.lambda$submitRequest$6(RaftServerProxy.java:328) ~[ratis-server-0.4.0-2337318-SNAPSHOT.jar:0.4.0-2337318-SNAPSHOT]
	at java.util.concurrent.CompletableFuture.uniComposeStage(CompletableFuture.java:981) ~[?:1.8.0_212]
	at java.util.concurrent.CompletableFuture.thenCompose(CompletableFuture.java:2124) ~[?:1.8.0_212]
	at org.apache.ratis.server.impl.RaftServerProxy.submitRequest(RaftServerProxy.java:327) ~[ratis-server-0.4.0-2337318-SNAPSHOT.jar:0.4.0-2337318-SNAPSHOT]
	at org.apache.ratis.server.impl.RaftServerProxy.submitClientRequestAsync(RaftServerProxy.java:333) ~[ratis-server-0.4.0-2337318-SNAPSHOT.jar:0.4.0-2337318-SNAPSHOT]
	at org.apache.ratis.grpc.client.GrpcClientProtocolService$RequestStreamObserver.processClientRequest(GrpcClientProtocolService.java:220) ~[ratis-grpc-0.4.0-2337318-SNAPSHOT.jar:0.4.0-2337318-SNAPSHOT]
	at org.apache.ratis.grpc.client.GrpcClientProtocolService$OrderedRequestStreamObserver.processClientRequest(GrpcClientProtocolService.java:326) ~[ratis-grpc-0.4.0-2337318-SNAPSHOT.jar:0.4.0-2337318-SNAPSHOT]
	at org.apache.ratis.util.SlidingWindow$Server.processRequestsFromHead(SlidingWindow.java:429) [ratis-common-0.4.0-2337318-SNAPSHOT.jar:0.4.0-2337318-SNAPSHOT]
	at org.apache.ratis.util.SlidingWindow$Server.receivedRequest(SlidingWindow.java:421) [ratis-common-0.4.0-2337318-SNAPSHOT.jar:0.4.0-2337318-SNAPSHOT]
	at org.apache.ratis.grpc.client.GrpcClientProtocolService$OrderedRequestStreamObserver.processClientRequest(GrpcClientProtocolService.java:345) [ratis-grpc-0.4.0-2337318-SNAPSHOT.jar:0.4.0-2337318-SNAPSHOT]
	at org.apache.ratis.grpc.client.GrpcClientProtocolService$RequestStreamObserver.onNext(GrpcClientProtocolService.java:240) [ratis-grpc-0.4.0-2337318-SNAPSHOT.jar:0.4.0-2337318-SNAPSHOT]
	at org.apache.ratis.grpc.client.GrpcClientProtocolService$RequestStreamObserver.onNext(GrpcClientProtocolService.java:168) [ratis-grpc-0.4.0-2337318-SNAPSHOT.jar:0.4.0-2337318-SNAPSHOT]
	at org.apache.ratis.thirdparty.io.grpc.stub.ServerCalls$StreamingServerCallHandler$StreamingServerCallListener.onMessage(ServerCalls.java:248) [ratis-thirdparty-misc-0.2.0.jar:0.2.0]
	at org.apache.ratis.thirdparty.io.grpc.internal.ServerCallImpl$ServerStreamListenerImpl.messagesAvailable(ServerCallImpl.java:263) [ratis-thirdparty-misc-0.2.0.jar:0.2.0]
	at org.apache.ratis.thirdparty.io.grpc.internal.ServerImpl$JumpToApplicationThreadServerStreamListener$1MessagesAvailable.runInContext(ServerImpl.java:686) [ratis-thirdparty-misc-0.2.0.jar:0.2.0]
	at org.apache.ratis.thirdparty.io.grpc.internal.ContextRunnable.run(ContextRunnable.java:37) [ratis-thirdparty-misc-0.2.0.jar:0.2.0]
	at org.apache.ratis.thirdparty.io.grpc.internal.SerializingExecutor.run(SerializingExecutor.java:123) [ratis-thirdparty-misc-0.2.0.jar:0.2.0]
	at java.util.concurrent.ThreadPoolExecutor.runWorker(ThreadPoolExecutor.java:1149) [?:1.8.0_212]
	at java.util.concurrent.ThreadPoolExecutor$Worker.run(ThreadPoolExecutor.java:624) [?:1.8.0_212]
	at java.lang.Thread.run(Thread.java:748) [?:1.8.0_212]
2019-07-13 09:18:03,503 INFO  client.GrpcClientProtocolClient (GrpcClientProtocolClient.java:onNext(255)) - client-6F49233772A1->8cec96c7-7b7b-4772-9427-16e2c732dc6c: receive RaftClientReply:client-6F49233772A1->8cec96c7-7b7b-4772-9427-16e2c732dc6c@group-8175DF6E67B8, cid=245, FAILED org.apache.ratis.protocol.StateMachineException: org.apache.hadoop.hdds.scm.container.common.helpers.ContainerNotOpenException from Server 8cec96c7-7b7b-4772-9427-16e2c732dc6c: Container 1 in CLOSED state, logIndex=0, commits[8cec96c7-7b7b-4772-9427-16e2c732dc6c:c18, fc955830-2cac-4c8b-b78a-68d87f4dec05:c17, 69012c72-a113-4648-bf06-cf2148c5ab6d:c17]
09:18:03.509 [grpc-default-executor-9] ERROR DNAudit - user=null | ip=null | op=WRITE_CHUNK {blockData=conID: 1 locID: 102433389123600404 bcsId: 14} | ret=FAILURE
org.apache.hadoop.hdds.scm.container.common.helpers.ContainerNotOpenException: Container 1 in CLOSED state
	at org.apache.hadoop.ozone.container.common.impl.HddsDispatcher.validateContainerCommand(HddsDispatcher.java:408) ~[hadoop-hdds-container-service-0.5.0-SNAPSHOT.jar:?]
	at org.apache.hadoop.ozone.container.common.transport.server.ratis.ContainerStateMachine.startTransaction(ContainerStateMachine.java:271) ~[hadoop-hdds-container-service-0.5.0-SNAPSHOT.jar:?]
	at org.apache.ratis.server.impl.RaftServerImpl.submitClientRequestAsync(RaftServerImpl.java:566) ~[ratis-server-0.4.0-2337318-SNAPSHOT.jar:0.4.0-2337318-SNAPSHOT]
	at org.apache.ratis.server.impl.RaftServerProxy.lambda$submitClientRequestAsync$7(RaftServerProxy.java:333) ~[ratis-server-0.4.0-2337318-SNAPSHOT.jar:0.4.0-2337318-SNAPSHOT]
	at org.apache.ratis.server.impl.RaftServerProxy.lambda$null$5(RaftServerProxy.java:328) ~[ratis-server-0.4.0-2337318-SNAPSHOT.jar:0.4.0-2337318-SNAPSHOT]
	at org.apache.ratis.util.JavaUtils.callAsUnchecked(JavaUtils.java:109) ~[ratis-common-0.4.0-2337318-SNAPSHOT.jar:0.4.0-2337318-SNAPSHOT]
	at org.apache.ratis.server.impl.RaftServerProxy.lambda$submitRequest$6(RaftServerProxy.java:328) ~[ratis-server-0.4.0-2337318-SNAPSHOT.jar:0.4.0-2337318-SNAPSHOT]
	at java.util.concurrent.CompletableFuture.uniComposeStage(CompletableFuture.java:981) ~[?:1.8.0_212]
	at java.util.concurrent.CompletableFuture.thenCompose(CompletableFuture.java:2124) ~[?:1.8.0_212]
	at org.apache.ratis.server.impl.RaftServerProxy.submitRequest(RaftServerProxy.java:327) ~[ratis-server-0.4.0-2337318-SNAPSHOT.jar:0.4.0-2337318-SNAPSHOT]
	at org.apache.ratis.server.impl.RaftServerProxy.submitClientRequestAsync(RaftServerProxy.java:333) ~[ratis-server-0.4.0-2337318-SNAPSHOT.jar:0.4.0-2337318-SNAPSHOT]
	at org.apache.ratis.grpc.client.GrpcClientProtocolService$RequestStreamObserver.processClientRequest(GrpcClientProtocolService.java:220) ~[ratis-grpc-0.4.0-2337318-SNAPSHOT.jar:0.4.0-2337318-SNAPSHOT]
	at org.apache.ratis.grpc.client.GrpcClientProtocolService$OrderedRequestStreamObserver.processClientRequest(GrpcClientProtocolService.java:326) ~[ratis-grpc-0.4.0-2337318-SNAPSHOT.jar:0.4.0-2337318-SNAPSHOT]
	at org.apache.ratis.util.SlidingWindow$Server.processRequestsFromHead(SlidingWindow.java:429) [ratis-common-0.4.0-2337318-SNAPSHOT.jar:0.4.0-2337318-SNAPSHOT]
	at org.apache.ratis.util.SlidingWindow$Server.receivedRequest(SlidingWindow.java:421) [ratis-common-0.4.0-2337318-SNAPSHOT.jar:0.4.0-2337318-SNAPSHOT]
	at org.apache.ratis.grpc.client.GrpcClientProtocolService$OrderedRequestStreamObserver.processClientRequest(GrpcClientProtocolService.java:345) [ratis-grpc-0.4.0-2337318-SNAPSHOT.jar:0.4.0-2337318-SNAPSHOT]
	at org.apache.ratis.grpc.client.GrpcClientProtocolService$RequestStreamObserver.onNext(GrpcClientProtocolService.java:240) [ratis-grpc-0.4.0-2337318-SNAPSHOT.jar:0.4.0-2337318-SNAPSHOT]
	at org.apache.ratis.grpc.client.GrpcClientProtocolService$RequestStreamObserver.onNext(GrpcClientProtocolService.java:168) [ratis-grpc-0.4.0-2337318-SNAPSHOT.jar:0.4.0-2337318-SNAPSHOT]
	at org.apache.ratis.thirdparty.io.grpc.stub.ServerCalls$StreamingServerCallHandler$StreamingServerCallListener.onMessage(ServerCalls.java:248) [ratis-thirdparty-misc-0.2.0.jar:0.2.0]
	at org.apache.ratis.thirdparty.io.grpc.internal.ServerCallImpl$ServerStreamListenerImpl.messagesAvailable(ServerCallImpl.java:263) [ratis-thirdparty-misc-0.2.0.jar:0.2.0]
	at org.apache.ratis.thirdparty.io.grpc.internal.ServerImpl$JumpToApplicationThreadServerStreamListener$1MessagesAvailable.runInContext(ServerImpl.java:686) [ratis-thirdparty-misc-0.2.0.jar:0.2.0]
	at org.apache.ratis.thirdparty.io.grpc.internal.ContextRunnable.run(ContextRunnable.java:37) [ratis-thirdparty-misc-0.2.0.jar:0.2.0]
	at org.apache.ratis.thirdparty.io.grpc.internal.SerializingExecutor.run(SerializingExecutor.java:123) [ratis-thirdparty-misc-0.2.0.jar:0.2.0]
	at java.util.concurrent.ThreadPoolExecutor.runWorker(ThreadPoolExecutor.java:1149) [?:1.8.0_212]
	at java.util.concurrent.ThreadPoolExecutor$Worker.run(ThreadPoolExecutor.java:624) [?:1.8.0_212]
	at java.lang.Thread.run(Thread.java:748) [?:1.8.0_212]
2019-07-13 09:18:03,510 INFO  client.GrpcClientProtocolClient (GrpcClientProtocolClient.java:onNext(255)) - client-6F49233772A1->8cec96c7-7b7b-4772-9427-16e2c732dc6c: receive RaftClientReply:client-6F49233772A1->8cec96c7-7b7b-4772-9427-16e2c732dc6c@group-8175DF6E67B8, cid=246, FAILED org.apache.ratis.protocol.StateMachineException: org.apache.hadoop.hdds.scm.container.common.helpers.ContainerNotOpenException from Server 8cec96c7-7b7b-4772-9427-16e2c732dc6c: Container 1 in CLOSED state, logIndex=0, commits[8cec96c7-7b7b-4772-9427-16e2c732dc6c:c18, fc955830-2cac-4c8b-b78a-68d87f4dec05:c17, 69012c72-a113-4648-bf06-cf2148c5ab6d:c17]
2019-07-13 09:18:03,517 INFO  client.GrpcClientProtocolClient (GrpcClientProtocolClient.java:onNext(255)) - client-6F49233772A1->8cec96c7-7b7b-4772-9427-16e2c732dc6c: receive RaftClientReply:client-6F49233772A1->8cec96c7-7b7b-4772-9427-16e2c732dc6c@group-8175DF6E67B8, cid=247, FAILED org.apache.ratis.protocol.StateMachineException: org.apache.hadoop.hdds.scm.container.common.helpers.ContainerNotOpenException from Server 8cec96c7-7b7b-4772-9427-16e2c732dc6c: Container 1 in CLOSED state, logIndex=0, commits[8cec96c7-7b7b-4772-9427-16e2c732dc6c:c18, fc955830-2cac-4c8b-b78a-68d87f4dec05:c17, 69012c72-a113-4648-bf06-cf2148c5ab6d:c17]
09:18:03.516 [grpc-default-executor-9] ERROR DNAudit - user=null | ip=null | op=PUT_BLOCK {blockData=[blockId=conID: 1 locID: 102433389123600404 bcsId: 0,size=800]} | ret=FAILURE
org.apache.hadoop.hdds.scm.container.common.helpers.ContainerNotOpenException: Container 1 in CLOSED state
	at org.apache.hadoop.ozone.container.common.impl.HddsDispatcher.validateContainerCommand(HddsDispatcher.java:408) ~[hadoop-hdds-container-service-0.5.0-SNAPSHOT.jar:?]
	at org.apache.hadoop.ozone.container.common.transport.server.ratis.ContainerStateMachine.startTransaction(ContainerStateMachine.java:271) ~[hadoop-hdds-container-service-0.5.0-SNAPSHOT.jar:?]
	at org.apache.ratis.server.impl.RaftServerImpl.submitClientRequestAsync(RaftServerImpl.java:566) ~[ratis-server-0.4.0-2337318-SNAPSHOT.jar:0.4.0-2337318-SNAPSHOT]
	at org.apache.ratis.server.impl.RaftServerProxy.lambda$submitClientRequestAsync$7(RaftServerProxy.java:333) ~[ratis-server-0.4.0-2337318-SNAPSHOT.jar:0.4.0-2337318-SNAPSHOT]
	at org.apache.ratis.server.impl.RaftServerProxy.lambda$null$5(RaftServerProxy.java:328) ~[ratis-server-0.4.0-2337318-SNAPSHOT.jar:0.4.0-2337318-SNAPSHOT]
	at org.apache.ratis.util.JavaUtils.callAsUnchecked(JavaUtils.java:109) ~[ratis-common-0.4.0-2337318-SNAPSHOT.jar:0.4.0-2337318-SNAPSHOT]
	at org.apache.ratis.server.impl.RaftServerProxy.lambda$submitRequest$6(RaftServerProxy.java:328) ~[ratis-server-0.4.0-2337318-SNAPSHOT.jar:0.4.0-2337318-SNAPSHOT]
	at java.util.concurrent.CompletableFuture.uniComposeStage(CompletableFuture.java:981) ~[?:1.8.0_212]
	at java.util.concurrent.CompletableFuture.thenCompose(CompletableFuture.java:2124) ~[?:1.8.0_212]
	at org.apache.ratis.server.impl.RaftServerProxy.submitRequest(RaftServerProxy.java:327) ~[ratis-server-0.4.0-2337318-SNAPSHOT.jar:0.4.0-2337318-SNAPSHOT]
	at org.apache.ratis.server.impl.RaftServerProxy.submitClientRequestAsync(RaftServerProxy.java:333) ~[ratis-server-0.4.0-2337318-SNAPSHOT.jar:0.4.0-2337318-SNAPSHOT]
	at org.apache.ratis.grpc.client.GrpcClientProtocolService$RequestStreamObserver.processClientRequest(GrpcClientProtocolService.java:220) ~[ratis-grpc-0.4.0-2337318-SNAPSHOT.jar:0.4.0-2337318-SNAPSHOT]
	at org.apache.ratis.grpc.client.GrpcClientProtocolService$OrderedRequestStreamObserver.processClientRequest(GrpcClientProtocolService.java:326) ~[ratis-grpc-0.4.0-2337318-SNAPSHOT.jar:0.4.0-2337318-SNAPSHOT]
	at org.apache.ratis.util.SlidingWindow$Server.processRequestsFromHead(SlidingWindow.java:429) [ratis-common-0.4.0-2337318-SNAPSHOT.jar:0.4.0-2337318-SNAPSHOT]
	at org.apache.ratis.util.SlidingWindow$Server.receivedRequest(SlidingWindow.java:421) [ratis-common-0.4.0-2337318-SNAPSHOT.jar:0.4.0-2337318-SNAPSHOT]
	at org.apache.ratis.grpc.client.GrpcClientProtocolService$OrderedRequestStreamObserver.processClientRequest(GrpcClientProtocolService.java:345) [ratis-grpc-0.4.0-2337318-SNAPSHOT.jar:0.4.0-2337318-SNAPSHOT]
	at org.apache.ratis.grpc.client.GrpcClientProtocolService$RequestStreamObserver.onNext(GrpcClientProtocolService.java:240) [ratis-grpc-0.4.0-2337318-SNAPSHOT.jar:0.4.0-2337318-SNAPSHOT]
	at org.apache.ratis.grpc.client.GrpcClientProtocolService$RequestStreamObserver.onNext(GrpcClientProtocolService.java:168) [ratis-grpc-0.4.0-2337318-SNAPSHOT.jar:0.4.0-2337318-SNAPSHOT]
	at org.apache.ratis.thirdparty.io.grpc.stub.ServerCalls$StreamingServerCallHandler$StreamingServerCallListener.onMessage(ServerCalls.java:248) [ratis-thirdparty-misc-0.2.0.jar:0.2.0]
	at org.apache.ratis.thirdparty.io.grpc.internal.ServerCallImpl$ServerStreamListenerImpl.messagesAvailable(ServerCallImpl.java:263) [ratis-thirdparty-misc-0.2.0.jar:0.2.0]
	at org.apache.ratis.thirdparty.io.grpc.internal.ServerImpl$JumpToApplicationThreadServerStreamListener$1MessagesAvailable.runInContext(ServerImpl.java:686) [ratis-thirdparty-misc-0.2.0.jar:0.2.0]
	at org.apache.ratis.thirdparty.io.grpc.internal.ContextRunnable.run(ContextRunnable.java:37) [ratis-thirdparty-misc-0.2.0.jar:0.2.0]
	at org.apache.ratis.thirdparty.io.grpc.internal.SerializingExecutor.run(SerializingExecutor.java:123) [ratis-thirdparty-misc-0.2.0.jar:0.2.0]
	at java.util.concurrent.ThreadPoolExecutor.runWorker(ThreadPoolExecutor.java:1149) [?:1.8.0_212]
	at java.util.concurrent.ThreadPoolExecutor$Worker.run(ThreadPoolExecutor.java:624) [?:1.8.0_212]
	at java.lang.Thread.run(Thread.java:748) [?:1.8.0_212]
2019-07-13 09:18:03,524 INFO  client.GrpcClientProtocolClient (GrpcClientProtocolClient.java:onNext(255)) - client-6F49233772A1->8cec96c7-7b7b-4772-9427-16e2c732dc6c: receive RaftClientReply:client-6F49233772A1->8cec96c7-7b7b-4772-9427-16e2c732dc6c@group-8175DF6E67B8, cid=248, FAILED org.apache.ratis.protocol.StateMachineException: org.apache.hadoop.hdds.scm.container.common.helpers.ContainerNotOpenException from Server 8cec96c7-7b7b-4772-9427-16e2c732dc6c: Container 1 in CLOSED state, logIndex=0, commits[8cec96c7-7b7b-4772-9427-16e2c732dc6c:c18, fc955830-2cac-4c8b-b78a-68d87f4dec05:c17, 69012c72-a113-4648-bf06-cf2148c5ab6d:c17]
2019-07-13 09:18:03,695 INFO  client.GrpcClientProtocolClient (GrpcClientProtocolClient.java:onNext(255)) - client-6F49233772A1->8cec96c7-7b7b-4772-9427-16e2c732dc6c: receive RaftClientReply:client-6F49233772A1->8cec96c7-7b7b-4772-9427-16e2c732dc6c@group-8175DF6E67B8, cid=249, SUCCESS, logIndex=19, commits[8cec96c7-7b7b-4772-9427-16e2c732dc6c:c24, fc955830-2cac-4c8b-b78a-68d87f4dec05:c18, 69012c72-a113-4648-bf06-cf2148c5ab6d:c18]
2019-07-13 09:18:03,696 INFO  client.GrpcClientProtocolClient (GrpcClientProtocolClient.java:onNext(255)) - client-6F49233772A1->8cec96c7-7b7b-4772-9427-16e2c732dc6c: receive RaftClientReply:client-6F49233772A1->8cec96c7-7b7b-4772-9427-16e2c732dc6c@group-8175DF6E67B8, cid=250, SUCCESS, logIndex=20, commits[8cec96c7-7b7b-4772-9427-16e2c732dc6c:c24, fc955830-2cac-4c8b-b78a-68d87f4dec05:c18, 69012c72-a113-4648-bf06-cf2148c5ab6d:c18]
2019-07-13 09:18:03,740 INFO  client.GrpcClientProtocolClient (GrpcClientProtocolClient.java:onNext(255)) - client-6F49233772A1->8cec96c7-7b7b-4772-9427-16e2c732dc6c: receive RaftClientReply:client-6F49233772A1->8cec96c7-7b7b-4772-9427-16e2c732dc6c@group-8175DF6E67B8, cid=251, SUCCESS, logIndex=21, commits[8cec96c7-7b7b-4772-9427-16e2c732dc6c:c29, fc955830-2cac-4c8b-b78a-68d87f4dec05:c24, 69012c72-a113-4648-bf06-cf2148c5ab6d:c24]
2019-07-13 09:18:03,741 INFO  client.GrpcClientProtocolClient (GrpcClientProtocolClient.java:onNext(255)) - client-6F49233772A1->8cec96c7-7b7b-4772-9427-16e2c732dc6c: receive RaftClientReply:client-6F49233772A1->8cec96c7-7b7b-4772-9427-16e2c732dc6c@group-8175DF6E67B8, cid=252, SUCCESS, logIndex=22, commits[8cec96c7-7b7b-4772-9427-16e2c732dc6c:c29, fc955830-2cac-4c8b-b78a-68d87f4dec05:c24, 69012c72-a113-4648-bf06-cf2148c5ab6d:c24]
2019-07-13 09:18:03,742 INFO  client.GrpcClientProtocolClient (GrpcClientProtocolClient.java:onNext(255)) - client-6F49233772A1->8cec96c7-7b7b-4772-9427-16e2c732dc6c: receive RaftClientReply:client-6F49233772A1->8cec96c7-7b7b-4772-9427-16e2c732dc6c@group-8175DF6E67B8, cid=253, SUCCESS, logIndex=23, commits[8cec96c7-7b7b-4772-9427-16e2c732dc6c:c29, fc955830-2cac-4c8b-b78a-68d87f4dec05:c24, 69012c72-a113-4648-bf06-cf2148c5ab6d:c24]
2019-07-13 09:18:03,833 INFO  client.GrpcClientProtocolClient (GrpcClientProtocolClient.java:onNext(255)) - client-6F49233772A1->8cec96c7-7b7b-4772-9427-16e2c732dc6c: receive RaftClientReply:client-6F49233772A1->8cec96c7-7b7b-4772-9427-16e2c732dc6c@group-8175DF6E67B8, cid=254, SUCCESS, logIndex=24, commits[8cec96c7-7b7b-4772-9427-16e2c732dc6c:c29, fc955830-2cac-4c8b-b78a-68d87f4dec05:c24, 69012c72-a113-4648-bf06-cf2148c5ab6d:c24]
2019-07-13 09:18:03,850 INFO  client.GrpcClientProtocolClient (GrpcClientProtocolClient.java:onNext(255)) - client-6F49233772A1->8cec96c7-7b7b-4772-9427-16e2c732dc6c: receive RaftClientReply:client-6F49233772A1->8cec96c7-7b7b-4772-9427-16e2c732dc6c@group-8175DF6E67B8, cid=255, SUCCESS, logIndex=30, commits[8cec96c7-7b7b-4772-9427-16e2c732dc6c:c31, fc955830-2cac-4c8b-b78a-68d87f4dec05:c29, 69012c72-a113-4648-bf06-cf2148c5ab6d:c29]
2019-07-13 09:18:03,851 INFO  client.GrpcClientProtocolClient (GrpcClientProtocolClient.java:onNext(255)) - client-6F49233772A1->8cec96c7-7b7b-4772-9427-16e2c732dc6c: receive RaftClientReply:client-6F49233772A1->8cec96c7-7b7b-4772-9427-16e2c732dc6c@group-8175DF6E67B8, cid=256, SUCCESS, logIndex=31, commits[8cec96c7-7b7b-4772-9427-16e2c732dc6c:c31, fc955830-2cac-4c8b-b78a-68d87f4dec05:c29, 69012c72-a113-4648-bf06-cf2148c5ab6d:c29]
2019-07-13 09:18:03,862 INFO  client.GrpcClientProtocolClient (GrpcClientProtocolClient.java:onNext(255)) - client-6F49233772A1->8cec96c7-7b7b-4772-9427-16e2c732dc6c: receive RaftClientReply:client-6F49233772A1->8cec96c7-7b7b-4772-9427-16e2c732dc6c@group-8175DF6E67B8, cid=257, SUCCESS, logIndex=0, commits[8cec96c7-7b7b-4772-9427-16e2c732dc6c:c32, fc955830-2cac-4c8b-b78a-68d87f4dec05:c31, 69012c72-a113-4648-bf06-cf2148c5ab6d:c31]
2019-07-13 09:18:03,881 INFO  pipeline.Pipeline (Pipeline.java:getProtobufMessage(195)) - Serialize pipeline PipelineID=365b52aa-e02d-4a72-8c2d-8175df6e67b8 with nodesInOrder{ }
2019-07-13 09:18:03,882 INFO  ozone.MiniOzoneClusterImpl (MiniOzoneClusterImpl.java:shutdown(321)) - Shutting down the Mini Ozone Cluster
2019-07-13 09:18:03,882 INFO  ozone.MiniOzoneClusterImpl (MiniOzoneClusterImpl.java:stop(336)) - Stopping the Mini Ozone Cluster
2019-07-13 09:18:03,883 INFO  ozone.MiniOzoneClusterImpl (MiniOzoneClusterImpl.java:stop(338)) - Stopping the OzoneManager
2019-07-13 09:18:03,883 INFO  ipc.Server (Server.java:stop(3082)) - Stopping server on 44263
2019-07-13 09:18:03,899 INFO  ipc.Server (Server.java:run(1185)) - Stopping IPC Server listener on 44263
2019-07-13 09:18:03,904 INFO  ipc.Server (Server.java:run(1319)) - Stopping IPC Server Responder
2019-07-13 09:18:03,904 INFO  utils.BackgroundService (BackgroundService.java:shutdown(148)) - Shutting down service KeyDeletingService
2019-07-13 09:18:03,930 INFO  handler.ContextHandler (ContextHandler.java:doStop(910)) - Stopped o.e.j.w.WebAppContext@17a5cb99{/,null,UNAVAILABLE}{/ozoneManager}
2019-07-13 09:18:03,931 INFO  server.AbstractConnector (AbstractConnector.java:doStop(318)) - Stopped ServerConnector@808fa1{HTTP/1.1,[http/1.1]}{0.0.0.0:0}
2019-07-13 09:18:03,931 INFO  handler.ContextHandler (ContextHandler.java:doStop(910)) - Stopped o.e.j.s.ServletContextHandler@5dcbdcb9{/static,file:///tmp/workdir/hadoop-ozone/integration-test/target/test-classes/webapps/static,UNAVAILABLE}
2019-07-13 09:18:03,932 INFO  handler.ContextHandler (ContextHandler.java:doStop(910)) - Stopped o.e.j.s.ServletContextHandler@142422a4{/logs,file:///tmp/workdir/hadoop-ozone/integration-test/target/log,UNAVAILABLE}
2019-07-13 09:18:03,958 INFO  ozone.MiniOzoneClusterImpl (MiniOzoneClusterImpl.java:stop(344)) - Shutting the HddsDatanodes
2019-07-13 09:18:03,958 INFO  datanode.ObjectStoreHandler (ObjectStoreHandler.java:close(155)) - Closing ObjectStoreHandler.
2019-07-13 09:18:03,958 INFO  datanode.ObjectStoreHandler (ObjectStoreHandler.java:close(155)) - Closing ObjectStoreHandler.
2019-07-13 09:18:03,959 INFO  ozone.HddsDatanodeService (HddsDatanodeService.java:stop(452)) - Stopped plug-in org.apache.hadoop.ozone.web.OzoneHddsDatanodeService@6fbfd6ed
2019-07-13 09:18:03,959 INFO  ozone.HddsDatanodeService (HddsDatanodeService.java:stop(452)) - Stopped plug-in org.apache.hadoop.ozone.web.OzoneHddsDatanodeService@7cc742d
2019-07-13 09:18:04,621 INFO  statemachine.DatanodeStateMachine (DatanodeStateMachine.java:lambda$startDaemon$0(350)) - Ozone container server started.
2019-07-13 09:18:04,682 INFO  statemachine.DatanodeStateMachine (DatanodeStateMachine.java:lambda$startDaemon$0(350)) - Ozone container server started.
2019-07-13 09:18:08,703 INFO  node.StaleNodeHandler (StaleNodeHandler.java:onMessage(58)) - Datanode 1bf50807-ccef-4394-9b24-0baf88707772{ip: 192.168.69.96, host: trunk-nightly-hmp62-43275749, networkLocation: /default-rack, certSerialId: null} moved to stale state. Finalizing its pipelines [PipelineID=85ebcd05-b236-4501-b953-fd78e1ec2b2f, PipelineID=a6692928-067b-466a-bc38-8eba9908c1c9]
2019-07-13 09:18:08,704 INFO  pipeline.SCMPipelineManager (SCMPipelineManager.java:finalizeAndDestroyPipeline(309)) - destroying pipeline:Pipeline[ Id: 85ebcd05-b236-4501-b953-fd78e1ec2b2f, Nodes: 1bf50807-ccef-4394-9b24-0baf88707772{ip: 192.168.69.96, host: trunk-nightly-hmp62-43275749, networkLocation: /default-rack, certSerialId: null}0fa1d900-de89-4631-a285-2978aa9734d3{ip: 192.168.69.96, host: trunk-nightly-hmp62-43275749, networkLocation: /default-rack, certSerialId: null}db776cde-2f7f-4f7b-8f98-f09ebaa78005{ip: 192.168.69.96, host: trunk-nightly-hmp62-43275749, networkLocation: /default-rack, certSerialId: null}, Type:RATIS, Factor:THREE, State:OPEN]
2019-07-13 09:18:08,704 INFO  pipeline.PipelineStateManager (PipelineStateManager.java:finalizePipeline(123)) - Pipeline Pipeline[ Id: 85ebcd05-b236-4501-b953-fd78e1ec2b2f, Nodes: 1bf50807-ccef-4394-9b24-0baf88707772{ip: 192.168.69.96, host: trunk-nightly-hmp62-43275749, networkLocation: /default-rack, certSerialId: null}0fa1d900-de89-4631-a285-2978aa9734d3{ip: 192.168.69.96, host: trunk-nightly-hmp62-43275749, networkLocation: /default-rack, certSerialId: null}db776cde-2f7f-4f7b-8f98-f09ebaa78005{ip: 192.168.69.96, host: trunk-nightly-hmp62-43275749, networkLocation: /default-rack, certSerialId: null}, Type:RATIS, Factor:THREE, State:CLOSED] moved to CLOSED state
2019-07-13 09:18:08,704 INFO  pipeline.SCMPipelineManager (SCMPipelineManager.java:finalizeAndDestroyPipeline(309)) - destroying pipeline:Pipeline[ Id: a6692928-067b-466a-bc38-8eba9908c1c9, Nodes: 1bf50807-ccef-4394-9b24-0baf88707772{ip: 192.168.69.96, host: trunk-nightly-hmp62-43275749, networkLocation: /default-rack, certSerialId: null}, Type:RATIS, Factor:ONE, State:OPEN]
2019-07-13 09:18:08,704 INFO  pipeline.PipelineStateManager (PipelineStateManager.java:finalizePipeline(123)) - Pipeline Pipeline[ Id: a6692928-067b-466a-bc38-8eba9908c1c9, Nodes: 1bf50807-ccef-4394-9b24-0baf88707772{ip: 192.168.69.96, host: trunk-nightly-hmp62-43275749, networkLocation: /default-rack, certSerialId: null}, Type:RATIS, Factor:ONE, State:CLOSED] moved to CLOSED state
2019-07-13 09:18:08,704 INFO  node.StaleNodeHandler (StaleNodeHandler.java:onMessage(58)) - Datanode fc955830-2cac-4c8b-b78a-68d87f4dec05{ip: 192.168.69.96, host: trunk-nightly-hmp62-43275749, networkLocation: /default-rack, certSerialId: null} moved to stale state. Finalizing its pipelines [PipelineID=365b52aa-e02d-4a72-8c2d-8175df6e67b8, PipelineID=3a3f5a56-68d8-4a3f-95b6-f021fd1ed021]
2019-07-13 09:18:08,705 INFO  pipeline.SCMPipelineManager (SCMPipelineManager.java:finalizeAndDestroyPipeline(309)) - destroying pipeline:Pipeline[ Id: 365b52aa-e02d-4a72-8c2d-8175df6e67b8, Nodes: 69012c72-a113-4648-bf06-cf2148c5ab6d{ip: 192.168.69.96, host: trunk-nightly-hmp62-43275749, networkLocation: /default-rack, certSerialId: null}fc955830-2cac-4c8b-b78a-68d87f4dec05{ip: 192.168.69.96, host: trunk-nightly-hmp62-43275749, networkLocation: /default-rack, certSerialId: null}8cec96c7-7b7b-4772-9427-16e2c732dc6c{ip: 192.168.69.96, host: trunk-nightly-hmp62-43275749, networkLocation: /default-rack, certSerialId: null}, Type:RATIS, Factor:THREE, State:OPEN]
2019-07-13 09:18:08,705 INFO  pipeline.PipelineStateManager (PipelineStateManager.java:finalizePipeline(123)) - Pipeline Pipeline[ Id: 365b52aa-e02d-4a72-8c2d-8175df6e67b8, Nodes: 69012c72-a113-4648-bf06-cf2148c5ab6d{ip: 192.168.69.96, host: trunk-nightly-hmp62-43275749, networkLocation: /default-rack, certSerialId: null}fc955830-2cac-4c8b-b78a-68d87f4dec05{ip: 192.168.69.96, host: trunk-nightly-hmp62-43275749, networkLocation: /default-rack, certSerialId: null}8cec96c7-7b7b-4772-9427-16e2c732dc6c{ip: 192.168.69.96, host: trunk-nightly-hmp62-43275749, networkLocation: /default-rack, certSerialId: null}, Type:RATIS, Factor:THREE, State:CLOSED] moved to CLOSED state
2019-07-13 09:18:08,705 INFO  pipeline.SCMPipelineManager (SCMPipelineManager.java:finalizeAndDestroyPipeline(309)) - destroying pipeline:Pipeline[ Id: 3a3f5a56-68d8-4a3f-95b6-f021fd1ed021, Nodes: fc955830-2cac-4c8b-b78a-68d87f4dec05{ip: 192.168.69.96, host: trunk-nightly-hmp62-43275749, networkLocation: /default-rack, certSerialId: null}, Type:RATIS, Factor:ONE, State:OPEN]
2019-07-13 09:18:08,705 INFO  container.CloseContainerEventHandler (CloseContainerEventHandler.java:onMessage(61)) - Close container Event triggered for container : #2
2019-07-13 09:18:08,705 INFO  pipeline.PipelineStateManager (PipelineStateManager.java:finalizePipeline(123)) - Pipeline Pipeline[ Id: 3a3f5a56-68d8-4a3f-95b6-f021fd1ed021, Nodes: fc955830-2cac-4c8b-b78a-68d87f4dec05{ip: 192.168.69.96, host: trunk-nightly-hmp62-43275749, networkLocation: /default-rack, certSerialId: null}, Type:RATIS, Factor:ONE, State:CLOSED] moved to CLOSED state
2019-07-13 09:18:08,960 INFO  ozoneimpl.OzoneContainer (OzoneContainer.java:stop(199)) - Attempting to stop container services.
2019-07-13 09:18:08,960 INFO  ozoneimpl.OzoneContainer (OzoneContainer.java:stop(199)) - Attempting to stop container services.
2019-07-13 09:18:08,960 INFO  impl.RaftServerProxy (RaftServerProxy.java:lambda$close$4(314)) - fc955830-2cac-4c8b-b78a-68d87f4dec05: close
2019-07-13 09:18:08,961 INFO  impl.RaftServerProxy (RaftServerProxy.java:lambda$close$4(314)) - 1bf50807-ccef-4394-9b24-0baf88707772: close
2019-07-13 09:18:08,961 INFO  impl.RaftServerImpl (RaftServerImpl.java:lambda$shutdown$3(245)) - fc955830-2cac-4c8b-b78a-68d87f4dec05: shutdown group-8175DF6E67B8
2019-07-13 09:18:08,962 INFO  util.JmxRegister (JmxRegister.java:unregister(73)) - Successfully un-registered JMX Bean with object name Ratis:service=RaftServer,group=group-8175DF6E67B8,id=fc955830-2cac-4c8b-b78a-68d87f4dec05
2019-07-13 09:18:08,962 INFO  impl.RoleInfo (RoleInfo.java:shutdownFollowerState(121)) - fc955830-2cac-4c8b-b78a-68d87f4dec05: shutdown FollowerState
2019-07-13 09:18:08,963 INFO  impl.StateMachineUpdater (StateMachineUpdater.java:stopAndJoin(115)) - StateMachineUpdater:fc955830-2cac-4c8b-b78a-68d87f4dec05:group-8175DF6E67B8: set stopIndex = 33
2019-07-13 09:18:08,961 INFO  impl.RaftServerImpl (RaftServerImpl.java:lambda$shutdown$3(245)) - 1bf50807-ccef-4394-9b24-0baf88707772: shutdown group-FD78E1EC2B2F
2019-07-13 09:18:08,963 INFO  ratis.ContainerStateMachine (ContainerStateMachine.java:takeSnapshot(246)) - Taking snapshot at termIndex:(t:1, i:31)
2019-07-13 09:18:08,964 INFO  ratis.ContainerStateMachine (ContainerStateMachine.java:takeSnapshot(250)) - Taking a snapshot to file /tmp/workdir/hadoop-ozone/integration-test/target/test-dir/MiniOzoneClusterImpl-c8202114-a271-4ee2-b51f-a8df28038b75/datanode-4/data/ratis/365b52aa-e02d-4a72-8c2d-8175df6e67b8/sm/snapshot.1_31
2019-07-13 09:18:08,963 INFO  impl.FollowerState (FollowerState.java:run(114)) - fc955830-2cac-4c8b-b78a-68d87f4dec05: FollowerState was interrupted: java.lang.InterruptedException: sleep interrupted
2019-07-13 09:18:08,963 INFO  util.JmxRegister (JmxRegister.java:unregister(73)) - Successfully un-registered JMX Bean with object name Ratis:service=RaftServer,group=group-FD78E1EC2B2F,id=1bf50807-ccef-4394-9b24-0baf88707772
2019-07-13 09:18:08,968 INFO  impl.StateMachineUpdater (StateMachineUpdater.java:takeSnapshot(242)) - StateMachineUpdater:fc955830-2cac-4c8b-b78a-68d87f4dec05:group-8175DF6E67B8: Took a snapshot at index 31
2019-07-13 09:18:08,968 INFO  impl.RoleInfo (RoleInfo.java:shutdownFollowerState(121)) - 1bf50807-ccef-4394-9b24-0baf88707772: shutdown FollowerState
2019-07-13 09:18:08,968 INFO  impl.StateMachineUpdater (StateMachineUpdater.java:lambda$new$0(80)) - StateMachineUpdater:fc955830-2cac-4c8b-b78a-68d87f4dec05:group-8175DF6E67B8: snapshotIndex: updateIncreasingly -1 -> 31
2019-07-13 09:18:08,969 INFO  ratis.ContainerStateMachine (ContainerStateMachine.java:takeSnapshot(246)) - Taking snapshot at termIndex:(t:0, i:~)
2019-07-13 09:18:08,968 INFO  impl.StateMachineUpdater (StateMachineUpdater.java:stopAndJoin(115)) - StateMachineUpdater:1bf50807-ccef-4394-9b24-0baf88707772:group-FD78E1EC2B2F: set stopIndex = 0
2019-07-13 09:18:08,969 INFO  impl.RaftServerImpl (ServerState.java:close(394)) - fc955830-2cac-4c8b-b78a-68d87f4dec05:group-8175DF6E67B8 closes. The last applied log index is 33
2019-07-13 09:18:08,969 INFO  impl.FollowerState (FollowerState.java:run(114)) - 1bf50807-ccef-4394-9b24-0baf88707772: FollowerState was interrupted: java.lang.InterruptedException: sleep interrupted
2019-07-13 09:18:08,969 INFO  impl.RaftServerImpl (ServerState.java:close(394)) - 1bf50807-ccef-4394-9b24-0baf88707772:group-FD78E1EC2B2F closes. The last applied log index is 0
2019-07-13 09:18:08,972 INFO  segmented.SegmentedRaftLogWorker (SegmentedRaftLogWorker.java:run(313)) - fc955830-2cac-4c8b-b78a-68d87f4dec05-SegmentedRaftLogWorker:Storage Directory /tmp/workdir/hadoop-ozone/integration-test/target/test-dir/MiniOzoneClusterImpl-c8202114-a271-4ee2-b51f-a8df28038b75/datanode-4/data/ratis/365b52aa-e02d-4a72-8c2d-8175df6e67b8 was interrupted, exiting. There are 0 tasks remaining in the queue.
2019-07-13 09:18:08,973 INFO  segmented.SegmentedRaftLogWorker (SegmentedRaftLogWorker.java:run(313)) - 1bf50807-ccef-4394-9b24-0baf88707772-SegmentedRaftLogWorker:Storage Directory /tmp/workdir/hadoop-ozone/integration-test/target/test-dir/MiniOzoneClusterImpl-c8202114-a271-4ee2-b51f-a8df28038b75/datanode-1/data/ratis/85ebcd05-b236-4501-b953-fd78e1ec2b2f was interrupted, exiting. There are 0 tasks remaining in the queue.
2019-07-13 09:18:08,976 INFO  segmented.SegmentedRaftLogWorker (SegmentedRaftLogWorker.java:close(228)) - fc955830-2cac-4c8b-b78a-68d87f4dec05-SegmentedRaftLogWorker:Storage Directory /tmp/workdir/hadoop-ozone/integration-test/target/test-dir/MiniOzoneClusterImpl-c8202114-a271-4ee2-b51f-a8df28038b75/datanode-4/data/ratis/365b52aa-e02d-4a72-8c2d-8175df6e67b8 close()
2019-07-13 09:18:08,978 INFO  segmented.SegmentedRaftLogWorker (SegmentedRaftLogWorker.java:close(228)) - 1bf50807-ccef-4394-9b24-0baf88707772-SegmentedRaftLogWorker:Storage Directory /tmp/workdir/hadoop-ozone/integration-test/target/test-dir/MiniOzoneClusterImpl-c8202114-a271-4ee2-b51f-a8df28038b75/datanode-1/data/ratis/85ebcd05-b236-4501-b953-fd78e1ec2b2f close()
2019-07-13 09:18:08,983 INFO  impl.RaftServerImpl (RaftServerImpl.java:lambda$shutdown$3(245)) - fc955830-2cac-4c8b-b78a-68d87f4dec05: shutdown group-F021FD1ED021
2019-07-13 09:18:08,988 INFO  impl.RaftServerImpl (RaftServerImpl.java:lambda$shutdown$3(245)) - 1bf50807-ccef-4394-9b24-0baf88707772: shutdown group-8EBA9908C1C9
2019-07-13 09:18:08,988 INFO  util.JmxRegister (JmxRegister.java:unregister(73)) - Successfully un-registered JMX Bean with object name Ratis:service=RaftServer,group=group-F021FD1ED021,id=fc955830-2cac-4c8b-b78a-68d87f4dec05
2019-07-13 09:18:08,989 INFO  impl.RoleInfo (RoleInfo.java:shutdownLeaderState(104)) - fc955830-2cac-4c8b-b78a-68d87f4dec05: shutdown LeaderState
2019-07-13 09:18:08,988 INFO  util.JmxRegister (JmxRegister.java:unregister(73)) - Successfully un-registered JMX Bean with object name Ratis:service=RaftServer,group=group-8EBA9908C1C9,id=1bf50807-ccef-4394-9b24-0baf88707772
2019-07-13 09:18:08,989 INFO  impl.PendingRequests (PendingRequests.java:sendNotLeaderResponses(202)) - fc955830-2cac-4c8b-b78a-68d87f4dec05-PendingRequests: sendNotLeaderResponses
2019-07-13 09:18:08,990 INFO  impl.RoleInfo (RoleInfo.java:shutdownLeaderState(104)) - 1bf50807-ccef-4394-9b24-0baf88707772: shutdown LeaderState
2019-07-13 09:18:08,990 INFO  ratis.ContainerStateMachine (ContainerStateMachine.java:takeSnapshot(246)) - Taking snapshot at termIndex:(t:0, i:~)
2019-07-13 09:18:08,990 INFO  impl.StateMachineUpdater (StateMachineUpdater.java:stopAndJoin(115)) - StateMachineUpdater:fc955830-2cac-4c8b-b78a-68d87f4dec05:group-F021FD1ED021: set stopIndex = 0
2019-07-13 09:18:08,991 INFO  impl.RaftServerImpl (ServerState.java:close(394)) - fc955830-2cac-4c8b-b78a-68d87f4dec05:group-F021FD1ED021 closes. The last applied log index is 0
2019-07-13 09:18:08,990 INFO  impl.PendingRequests (PendingRequests.java:sendNotLeaderResponses(202)) - 1bf50807-ccef-4394-9b24-0baf88707772-PendingRequests: sendNotLeaderResponses
2019-07-13 09:18:08,992 INFO  segmented.SegmentedRaftLogWorker (SegmentedRaftLogWorker.java:run(313)) - fc955830-2cac-4c8b-b78a-68d87f4dec05-SegmentedRaftLogWorker:Storage Directory /tmp/workdir/hadoop-ozone/integration-test/target/test-dir/MiniOzoneClusterImpl-c8202114-a271-4ee2-b51f-a8df28038b75/datanode-4/data/ratis/3a3f5a56-68d8-4a3f-95b6-f021fd1ed021 was interrupted, exiting. There are 0 tasks remaining in the queue.
2019-07-13 09:18:08,992 INFO  impl.StateMachineUpdater (StateMachineUpdater.java:stopAndJoin(115)) - StateMachineUpdater:1bf50807-ccef-4394-9b24-0baf88707772:group-8EBA9908C1C9: set stopIndex = 0
2019-07-13 09:18:08,994 INFO  segmented.SegmentedRaftLogWorker (SegmentedRaftLogWorker.java:close(228)) - fc955830-2cac-4c8b-b78a-68d87f4dec05-SegmentedRaftLogWorker:Storage Directory /tmp/workdir/hadoop-ozone/integration-test/target/test-dir/MiniOzoneClusterImpl-c8202114-a271-4ee2-b51f-a8df28038b75/datanode-4/data/ratis/3a3f5a56-68d8-4a3f-95b6-f021fd1ed021 close()
2019-07-13 09:18:08,992 INFO  ratis.ContainerStateMachine (ContainerStateMachine.java:takeSnapshot(246)) - Taking snapshot at termIndex:(t:0, i:~)
2019-07-13 09:18:08,999 INFO  server.GrpcService (GrpcService.java:closeImpl(155)) - fc955830-2cac-4c8b-b78a-68d87f4dec05: shutdown server with port 44504 now
2019-07-13 09:18:08,999 INFO  impl.RaftServerImpl (ServerState.java:close(394)) - 1bf50807-ccef-4394-9b24-0baf88707772:group-8EBA9908C1C9 closes. The last applied log index is 0
2019-07-13 09:18:09,000 INFO  segmented.SegmentedRaftLogWorker (SegmentedRaftLogWorker.java:run(313)) - 1bf50807-ccef-4394-9b24-0baf88707772-SegmentedRaftLogWorker:Storage Directory /tmp/workdir/hadoop-ozone/integration-test/target/test-dir/MiniOzoneClusterImpl-c8202114-a271-4ee2-b51f-a8df28038b75/datanode-1/data/ratis/a6692928-067b-466a-bc38-8eba9908c1c9 was interrupted, exiting. There are 0 tasks remaining in the queue.
2019-07-13 09:18:09,004 WARN  server.GrpcServerProtocolService (LogUtils.java:warn(134)) - fc955830-2cac-4c8b-b78a-68d87f4dec05: appendEntries onError: org.apache.ratis.thirdparty.io.grpc.StatusRuntimeException: CANCELLED: cancelled before receiving half close
2019-07-13 09:18:09,004 INFO  segmented.SegmentedRaftLogWorker (SegmentedRaftLogWorker.java:close(228)) - 1bf50807-ccef-4394-9b24-0baf88707772-SegmentedRaftLogWorker:Storage Directory /tmp/workdir/hadoop-ozone/integration-test/target/test-dir/MiniOzoneClusterImpl-c8202114-a271-4ee2-b51f-a8df28038b75/datanode-1/data/ratis/a6692928-067b-466a-bc38-8eba9908c1c9 close()
2019-07-13 09:18:09,005 WARN  server.GrpcLogAppender (LogUtils.java:warn(134)) - 8cec96c7-7b7b-4772-9427-16e2c732dc6c->fc955830-2cac-4c8b-b78a-68d87f4dec05: Failed appendEntries: org.apache.ratis.thirdparty.io.grpc.StatusRuntimeException: CANCELLED: HTTP/2 error code: CANCEL
Received Rst Stream
2019-07-13 09:18:09,004 INFO  server.GrpcService (GrpcService.java:closeImpl(163)) - fc955830-2cac-4c8b-b78a-68d87f4dec05: shutdown server with port 44504 successfully
2019-07-13 09:18:09,010 INFO  impl.FollowerInfo (FollowerInfo.java:lambda$new$0(50)) - 8cec96c7-7b7b-4772-9427-16e2c732dc6c->fc955830-2cac-4c8b-b78a-68d87f4dec05: nextIndex: updateUnconditionally 34 -> 33
2019-07-13 09:18:09,009 INFO  server.GrpcService (GrpcService.java:closeImpl(155)) - 1bf50807-ccef-4394-9b24-0baf88707772: shutdown server with port 33904 now
2019-07-13 09:18:09,013 INFO  utils.BackgroundService (BackgroundService.java:shutdown(148)) - Shutting down service BlockDeletingService
2019-07-13 09:18:09,014 WARN  server.GrpcServerProtocolService (LogUtils.java:warn(134)) - 1bf50807-ccef-4394-9b24-0baf88707772: appendEntries onError: org.apache.ratis.thirdparty.io.grpc.StatusRuntimeException: CANCELLED: cancelled before receiving half close
2019-07-13 09:18:09,014 WARN  server.GrpcLogAppender (LogUtils.java:warn(134)) - db776cde-2f7f-4f7b-8f98-f09ebaa78005->1bf50807-ccef-4394-9b24-0baf88707772: Failed appendEntries: org.apache.ratis.thirdparty.io.grpc.StatusRuntimeException: CANCELLED: HTTP/2 error code: CANCEL
Received Rst Stream
2019-07-13 09:18:09,014 INFO  server.GrpcService (GrpcService.java:closeImpl(163)) - 1bf50807-ccef-4394-9b24-0baf88707772: shutdown server with port 33904 successfully
2019-07-13 09:18:09,014 INFO  impl.FollowerInfo (FollowerInfo.java:lambda$new$0(50)) - db776cde-2f7f-4f7b-8f98-f09ebaa78005->1bf50807-ccef-4394-9b24-0baf88707772: nextIndex: updateUnconditionally 1 -> 0
2019-07-13 09:18:09,015 WARN  fs.CachingGetSpaceUsed (CachingGetSpaceUsed.java:run(183)) - Thread Interrupted waiting to refresh disk information: sleep interrupted
2019-07-13 09:18:09,018 INFO  utils.BackgroundService (BackgroundService.java:shutdown(148)) - Shutting down service BlockDeletingService
2019-07-13 09:18:09,188 WARN  fs.CachingGetSpaceUsed (CachingGetSpaceUsed.java:run(183)) - Thread Interrupted waiting to refresh disk information: sleep interrupted
2019-07-13 09:18:09,208 INFO  statemachine.DatanodeStateMachine (DatanodeStateMachine.java:stopDaemon(395)) - Ozone container server stopped.
2019-07-13 09:18:09,220 INFO  handler.ContextHandler (ContextHandler.java:doStop(910)) - Stopped o.e.j.w.WebAppContext@60adea01{/,null,UNAVAILABLE}{/hddsDatanode}
2019-07-13 09:18:09,221 INFO  server.AbstractConnector (AbstractConnector.java:doStop(318)) - Stopped ServerConnector@603042a5{HTTP/1.1,[http/1.1]}{0.0.0.0:0}
2019-07-13 09:18:09,226 INFO  statemachine.DatanodeStateMachine (DatanodeStateMachine.java:stopDaemon(395)) - Ozone container server stopped.
2019-07-13 09:18:09,226 INFO  handler.ContextHandler (ContextHandler.java:doStop(910)) - Stopped o.e.j.s.ServletContextHandler@5039de18{/static,jar:file:/home/user/.m2/repository/org/apache/hadoop/hadoop-hdds-container-service/0.5.0-SNAPSHOT/hadoop-hdds-container-service-0.5.0-SNAPSHOT.jar!/webapps/static,UNAVAILABLE}
2019-07-13 09:18:09,230 INFO  handler.ContextHandler (ContextHandler.java:doStop(910)) - Stopped o.e.j.s.ServletContextHandler@22152da0{/logs,file:///tmp/workdir/hadoop-ozone/integration-test/target/log,UNAVAILABLE}
2019-07-13 09:18:09,232 INFO  handler.ContextHandler (ContextHandler.java:doStop(910)) - Stopped o.e.j.w.WebAppContext@56daf3b1{/,null,UNAVAILABLE}{/hddsDatanode}
2019-07-13 09:18:09,232 INFO  datanode.ObjectStoreHandler (ObjectStoreHandler.java:close(155)) - Closing ObjectStoreHandler.
2019-07-13 09:18:09,233 INFO  server.AbstractConnector (AbstractConnector.java:doStop(318)) - Stopped ServerConnector@7ba0c0e5{HTTP/1.1,[http/1.1]}{0.0.0.0:0}
2019-07-13 09:18:09,233 INFO  ozone.HddsDatanodeService (HddsDatanodeService.java:stop(452)) - Stopped plug-in org.apache.hadoop.ozone.web.OzoneHddsDatanodeService@3e17219
2019-07-13 09:18:09,235 INFO  handler.ContextHandler (ContextHandler.java:doStop(910)) - Stopped o.e.j.s.ServletContextHandler@4d162d67{/static,jar:file:/home/user/.m2/repository/org/apache/hadoop/hadoop-hdds-container-service/0.5.0-SNAPSHOT/hadoop-hdds-container-service-0.5.0-SNAPSHOT.jar!/webapps/static,UNAVAILABLE}
2019-07-13 09:18:09,237 INFO  handler.ContextHandler (ContextHandler.java:doStop(910)) - Stopped o.e.j.s.ServletContextHandler@81ac569{/logs,file:///tmp/workdir/hadoop-ozone/integration-test/target/log,UNAVAILABLE}
2019-07-13 09:18:09,237 INFO  datanode.ObjectStoreHandler (ObjectStoreHandler.java:close(155)) - Closing ObjectStoreHandler.
2019-07-13 09:18:09,238 INFO  ozone.HddsDatanodeService (HddsDatanodeService.java:stop(452)) - Stopped plug-in org.apache.hadoop.ozone.web.OzoneHddsDatanodeService@8e89c5f
2019-07-13 09:18:09,685 INFO  statemachine.DatanodeStateMachine (DatanodeStateMachine.java:lambda$startDaemon$0(350)) - Ozone container server started.
2019-07-13 09:18:09,821 INFO  statemachine.DatanodeStateMachine (DatanodeStateMachine.java:lambda$startDaemon$0(350)) - Ozone container server started.
2019-07-13 09:18:11,062 WARN  server.GrpcLogAppender (LogUtils.java:warn(134)) - db776cde-2f7f-4f7b-8f98-f09ebaa78005->1bf50807-ccef-4394-9b24-0baf88707772: Failed appendEntries: org.apache.ratis.thirdparty.io.grpc.StatusRuntimeException: UNAVAILABLE: io exception
2019-07-13 09:18:11,063 INFO  impl.FollowerInfo (FollowerInfo.java:lambda$new$0(50)) - db776cde-2f7f-4f7b-8f98-f09ebaa78005->1bf50807-ccef-4394-9b24-0baf88707772: nextIndex: updateUnconditionally 0 -> 0
2019-07-13 09:18:11,369 WARN  server.GrpcLogAppender (LogUtils.java:warn(134)) - 8cec96c7-7b7b-4772-9427-16e2c732dc6c->fc955830-2cac-4c8b-b78a-68d87f4dec05: Failed appendEntries: org.apache.ratis.thirdparty.io.grpc.StatusRuntimeException: UNAVAILABLE: io exception
2019-07-13 09:18:11,369 INFO  impl.FollowerInfo (FollowerInfo.java:lambda$new$0(50)) - 8cec96c7-7b7b-4772-9427-16e2c732dc6c->fc955830-2cac-4c8b-b78a-68d87f4dec05: nextIndex: updateUnconditionally 33 -> 32
2019-07-13 09:18:13,563 WARN  server.GrpcLogAppender (LogUtils.java:warn(134)) - db776cde-2f7f-4f7b-8f98-f09ebaa78005->1bf50807-ccef-4394-9b24-0baf88707772: Failed appendEntries: org.apache.ratis.thirdparty.io.grpc.StatusRuntimeException: UNAVAILABLE: io exception
2019-07-13 09:18:13,563 INFO  impl.FollowerInfo (FollowerInfo.java:lambda$new$0(50)) - db776cde-2f7f-4f7b-8f98-f09ebaa78005->1bf50807-ccef-4394-9b24-0baf88707772: nextIndex: updateUnconditionally 0 -> 0
2019-07-13 09:18:13,695 INFO  node.StaleNodeHandler (StaleNodeHandler.java:onMessage(58)) - Datanode 8cec96c7-7b7b-4772-9427-16e2c732dc6c{ip: 192.168.69.96, host: trunk-nightly-hmp62-43275749, networkLocation: /default-rack, certSerialId: null} moved to stale state. Finalizing its pipelines [PipelineID=41418eff-65d0-4420-8270-234ae4394e7d, PipelineID=365b52aa-e02d-4a72-8c2d-8175df6e67b8]
2019-07-13 09:18:13,695 INFO  pipeline.SCMPipelineManager (SCMPipelineManager.java:finalizeAndDestroyPipeline(309)) - destroying pipeline:Pipeline[ Id: 41418eff-65d0-4420-8270-234ae4394e7d, Nodes: 8cec96c7-7b7b-4772-9427-16e2c732dc6c{ip: 192.168.69.96, host: trunk-nightly-hmp62-43275749, networkLocation: /default-rack, certSerialId: null}, Type:RATIS, Factor:ONE, State:OPEN]
2019-07-13 09:18:13,695 INFO  pipeline.PipelineStateManager (PipelineStateManager.java:finalizePipeline(123)) - Pipeline Pipeline[ Id: 41418eff-65d0-4420-8270-234ae4394e7d, Nodes: 8cec96c7-7b7b-4772-9427-16e2c732dc6c{ip: 192.168.69.96, host: trunk-nightly-hmp62-43275749, networkLocation: /default-rack, certSerialId: null}, Type:RATIS, Factor:ONE, State:CLOSED] moved to CLOSED state
2019-07-13 09:18:13,695 INFO  pipeline.SCMPipelineManager (SCMPipelineManager.java:finalizeAndDestroyPipeline(309)) - destroying pipeline:Pipeline[ Id: 365b52aa-e02d-4a72-8c2d-8175df6e67b8, Nodes: 69012c72-a113-4648-bf06-cf2148c5ab6d{ip: 192.168.69.96, host: trunk-nightly-hmp62-43275749, networkLocation: /default-rack, certSerialId: null}fc955830-2cac-4c8b-b78a-68d87f4dec05{ip: 192.168.69.96, host: trunk-nightly-hmp62-43275749, networkLocation: /default-rack, certSerialId: null}8cec96c7-7b7b-4772-9427-16e2c732dc6c{ip: 192.168.69.96, host: trunk-nightly-hmp62-43275749, networkLocation: /default-rack, certSerialId: null}, Type:RATIS, Factor:THREE, State:CLOSED]
2019-07-13 09:18:13,870 WARN  server.GrpcLogAppender (LogUtils.java:warn(134)) - 8cec96c7-7b7b-4772-9427-16e2c732dc6c->fc955830-2cac-4c8b-b78a-68d87f4dec05: Failed appendEntries: org.apache.ratis.thirdparty.io.grpc.StatusRuntimeException: UNAVAILABLE: io exception
2019-07-13 09:18:13,870 INFO  impl.FollowerInfo (FollowerInfo.java:lambda$new$0(50)) - 8cec96c7-7b7b-4772-9427-16e2c732dc6c->fc955830-2cac-4c8b-b78a-68d87f4dec05: nextIndex: updateUnconditionally 32 -> 31
2019-07-13 09:18:13,895 INFO  node.StaleNodeHandler (StaleNodeHandler.java:onMessage(58)) - Datanode 0fa1d900-de89-4631-a285-2978aa9734d3{ip: 192.168.69.96, host: trunk-nightly-hmp62-43275749, networkLocation: /default-rack, certSerialId: null} moved to stale state. Finalizing its pipelines [PipelineID=58e0acfd-2d2e-4863-b72e-091fae259ff5, PipelineID=85ebcd05-b236-4501-b953-fd78e1ec2b2f]
2019-07-13 09:18:13,895 INFO  pipeline.SCMPipelineManager (SCMPipelineManager.java:finalizeAndDestroyPipeline(309)) - destroying pipeline:Pipeline[ Id: 58e0acfd-2d2e-4863-b72e-091fae259ff5, Nodes: 0fa1d900-de89-4631-a285-2978aa9734d3{ip: 192.168.69.96, host: trunk-nightly-hmp62-43275749, networkLocation: /default-rack, certSerialId: null}, Type:RATIS, Factor:ONE, State:OPEN]
2019-07-13 09:18:13,895 INFO  pipeline.PipelineStateManager (PipelineStateManager.java:finalizePipeline(123)) - Pipeline Pipeline[ Id: 58e0acfd-2d2e-4863-b72e-091fae259ff5, Nodes: 0fa1d900-de89-4631-a285-2978aa9734d3{ip: 192.168.69.96, host: trunk-nightly-hmp62-43275749, networkLocation: /default-rack, certSerialId: null}, Type:RATIS, Factor:ONE, State:CLOSED] moved to CLOSED state
2019-07-13 09:18:13,896 INFO  pipeline.SCMPipelineManager (SCMPipelineManager.java:finalizeAndDestroyPipeline(309)) - destroying pipeline:Pipeline[ Id: 85ebcd05-b236-4501-b953-fd78e1ec2b2f, Nodes: 1bf50807-ccef-4394-9b24-0baf88707772{ip: 192.168.69.96, host: trunk-nightly-hmp62-43275749, networkLocation: /default-rack, certSerialId: null}0fa1d900-de89-4631-a285-2978aa9734d3{ip: 192.168.69.96, host: trunk-nightly-hmp62-43275749, networkLocation: /default-rack, certSerialId: null}db776cde-2f7f-4f7b-8f98-f09ebaa78005{ip: 192.168.69.96, host: trunk-nightly-hmp62-43275749, networkLocation: /default-rack, certSerialId: null}, Type:RATIS, Factor:THREE, State:CLOSED]
2019-07-13 09:18:14,235 INFO  ozoneimpl.OzoneContainer (OzoneContainer.java:stop(199)) - Attempting to stop container services.
2019-07-13 09:18:14,236 INFO  impl.RaftServerProxy (RaftServerProxy.java:lambda$close$4(314)) - 8cec96c7-7b7b-4772-9427-16e2c732dc6c: close
2019-07-13 09:18:14,236 INFO  impl.RaftServerImpl (RaftServerImpl.java:lambda$shutdown$3(245)) - 8cec96c7-7b7b-4772-9427-16e2c732dc6c: shutdown group-234AE4394E7D
2019-07-13 09:18:14,237 INFO  util.JmxRegister (JmxRegister.java:unregister(73)) - Successfully un-registered JMX Bean with object name Ratis:service=RaftServer,group=group-234AE4394E7D,id=8cec96c7-7b7b-4772-9427-16e2c732dc6c
2019-07-13 09:18:14,237 INFO  impl.RoleInfo (RoleInfo.java:shutdownLeaderState(104)) - 8cec96c7-7b7b-4772-9427-16e2c732dc6c: shutdown LeaderState
2019-07-13 09:18:14,237 INFO  impl.PendingRequests (PendingRequests.java:sendNotLeaderResponses(202)) - 8cec96c7-7b7b-4772-9427-16e2c732dc6c-PendingRequests: sendNotLeaderResponses
2019-07-13 09:18:14,238 INFO  impl.StateMachineUpdater (StateMachineUpdater.java:stopAndJoin(115)) - StateMachineUpdater:8cec96c7-7b7b-4772-9427-16e2c732dc6c:group-234AE4394E7D: set stopIndex = 0
2019-07-13 09:18:14,238 INFO  ozoneimpl.OzoneContainer (OzoneContainer.java:stop(199)) - Attempting to stop container services.
2019-07-13 09:18:14,238 INFO  ratis.ContainerStateMachine (ContainerStateMachine.java:takeSnapshot(246)) - Taking snapshot at termIndex:(t:0, i:~)
2019-07-13 09:18:14,239 INFO  impl.RaftServerProxy (RaftServerProxy.java:lambda$close$4(314)) - 0fa1d900-de89-4631-a285-2978aa9734d3: close
2019-07-13 09:18:14,239 INFO  impl.RaftServerImpl (ServerState.java:close(394)) - 8cec96c7-7b7b-4772-9427-16e2c732dc6c:group-234AE4394E7D closes. The last applied log index is 0
2019-07-13 09:18:14,239 INFO  impl.RaftServerImpl (RaftServerImpl.java:lambda$shutdown$3(245)) - 0fa1d900-de89-4631-a285-2978aa9734d3: shutdown group-091FAE259FF5
2019-07-13 09:18:14,240 INFO  segmented.SegmentedRaftLogWorker (SegmentedRaftLogWorker.java:run(313)) - 8cec96c7-7b7b-4772-9427-16e2c732dc6c-SegmentedRaftLogWorker:Storage Directory /tmp/workdir/hadoop-ozone/integration-test/target/test-dir/MiniOzoneClusterImpl-c8202114-a271-4ee2-b51f-a8df28038b75/datanode-3/data/ratis/41418eff-65d0-4420-8270-234ae4394e7d was interrupted, exiting. There are 0 tasks remaining in the queue.
2019-07-13 09:18:14,240 INFO  util.JmxRegister (JmxRegister.java:unregister(73)) - Successfully un-registered JMX Bean with object name Ratis:service=RaftServer,group=group-091FAE259FF5,id=0fa1d900-de89-4631-a285-2978aa9734d3
2019-07-13 09:18:14,244 INFO  segmented.SegmentedRaftLogWorker (SegmentedRaftLogWorker.java:close(228)) - 8cec96c7-7b7b-4772-9427-16e2c732dc6c-SegmentedRaftLogWorker:Storage Directory /tmp/workdir/hadoop-ozone/integration-test/target/test-dir/MiniOzoneClusterImpl-c8202114-a271-4ee2-b51f-a8df28038b75/datanode-3/data/ratis/41418eff-65d0-4420-8270-234ae4394e7d close()
2019-07-13 09:18:14,244 INFO  impl.RoleInfo (RoleInfo.java:shutdownLeaderState(104)) - 0fa1d900-de89-4631-a285-2978aa9734d3: shutdown LeaderState
2019-07-13 09:18:14,255 INFO  impl.RaftServerImpl (RaftServerImpl.java:lambda$shutdown$3(245)) - 8cec96c7-7b7b-4772-9427-16e2c732dc6c: shutdown group-8175DF6E67B8
2019-07-13 09:18:14,255 INFO  impl.PendingRequests (PendingRequests.java:sendNotLeaderResponses(202)) - 0fa1d900-de89-4631-a285-2978aa9734d3-PendingRequests: sendNotLeaderResponses
2019-07-13 09:18:14,256 INFO  util.JmxRegister (JmxRegister.java:unregister(73)) - Successfully un-registered JMX Bean with object name Ratis:service=RaftServer,group=group-8175DF6E67B8,id=8cec96c7-7b7b-4772-9427-16e2c732dc6c
2019-07-13 09:18:14,256 INFO  ratis.ContainerStateMachine (ContainerStateMachine.java:takeSnapshot(246)) - Taking snapshot at termIndex:(t:0, i:~)
2019-07-13 09:18:14,256 INFO  impl.StateMachineUpdater (StateMachineUpdater.java:stopAndJoin(115)) - StateMachineUpdater:0fa1d900-de89-4631-a285-2978aa9734d3:group-091FAE259FF5: set stopIndex = 0
2019-07-13 09:18:14,256 INFO  impl.RoleInfo (RoleInfo.java:shutdownLeaderState(104)) - 8cec96c7-7b7b-4772-9427-16e2c732dc6c: shutdown LeaderState
2019-07-13 09:18:14,257 INFO  impl.RaftServerImpl (ServerState.java:close(394)) - 0fa1d900-de89-4631-a285-2978aa9734d3:group-091FAE259FF5 closes. The last applied log index is 0
2019-07-13 09:18:14,261 WARN  server.GrpcLogAppender (GrpcLogAppender.java:mayWait(143)) - GrpcLogAppender(8cec96c7-7b7b-4772-9427-16e2c732dc6c->69012c72-a113-4648-bf06-cf2148c5ab6d): Wait interrupted by java.lang.InterruptedException
2019-07-13 09:18:14,261 INFO  impl.PendingRequests (PendingRequests.java:sendNotLeaderResponses(202)) - 8cec96c7-7b7b-4772-9427-16e2c732dc6c-PendingRequests: sendNotLeaderResponses
2019-07-13 09:18:14,261 WARN  server.GrpcLogAppender (GrpcLogAppender.java:mayWait(143)) - GrpcLogAppender(8cec96c7-7b7b-4772-9427-16e2c732dc6c->fc955830-2cac-4c8b-b78a-68d87f4dec05): Wait interrupted by java.lang.InterruptedException
2019-07-13 09:18:14,262 INFO  server.GrpcServerProtocolService (GrpcServerProtocolService.java:onCompleted(104)) - 69012c72-a113-4648-bf06-cf2148c5ab6d: appendEntries completed
2019-07-13 09:18:14,261 INFO  segmented.SegmentedRaftLogWorker (SegmentedRaftLogWorker.java:run(313)) - 0fa1d900-de89-4631-a285-2978aa9734d3-SegmentedRaftLogWorker:Storage Directory /tmp/workdir/hadoop-ozone/integration-test/target/test-dir/MiniOzoneClusterImpl-c8202114-a271-4ee2-b51f-a8df28038b75/datanode-2/data/ratis/58e0acfd-2d2e-4863-b72e-091fae259ff5 was interrupted, exiting. There are 0 tasks remaining in the queue.
2019-07-13 09:18:14,264 INFO  ratis.ContainerStateMachine (ContainerStateMachine.java:takeSnapshot(246)) - Taking snapshot at termIndex:(t:1, i:31)
2019-07-13 09:18:14,264 INFO  impl.StateMachineUpdater (StateMachineUpdater.java:stopAndJoin(115)) - StateMachineUpdater:8cec96c7-7b7b-4772-9427-16e2c732dc6c:group-8175DF6E67B8: set stopIndex = 33
2019-07-13 09:18:14,264 INFO  server.GrpcLogAppender (GrpcLogAppender.java:onCompleted(292)) - 8cec96c7-7b7b-4772-9427-16e2c732dc6c->69012c72-a113-4648-bf06-cf2148c5ab6d: follower responses appendEntries COMPLETED
2019-07-13 09:18:14,264 INFO  segmented.SegmentedRaftLogWorker (SegmentedRaftLogWorker.java:close(228)) - 0fa1d900-de89-4631-a285-2978aa9734d3-SegmentedRaftLogWorker:Storage Directory /tmp/workdir/hadoop-ozone/integration-test/target/test-dir/MiniOzoneClusterImpl-c8202114-a271-4ee2-b51f-a8df28038b75/datanode-2/data/ratis/58e0acfd-2d2e-4863-b72e-091fae259ff5 close()
2019-07-13 09:18:14,264 INFO  ratis.ContainerStateMachine (ContainerStateMachine.java:takeSnapshot(250)) - Taking a snapshot to file /tmp/workdir/hadoop-ozone/integration-test/target/test-dir/MiniOzoneClusterImpl-c8202114-a271-4ee2-b51f-a8df28038b75/datanode-3/data/ratis/365b52aa-e02d-4a72-8c2d-8175df6e67b8/sm/snapshot.1_31
2019-07-13 09:18:14,267 INFO  impl.RaftServerImpl (RaftServerImpl.java:lambda$shutdown$3(245)) - 0fa1d900-de89-4631-a285-2978aa9734d3: shutdown group-FD78E1EC2B2F
2019-07-13 09:18:14,265 INFO  impl.FollowerInfo (FollowerInfo.java:lambda$new$0(50)) - 8cec96c7-7b7b-4772-9427-16e2c732dc6c->69012c72-a113-4648-bf06-cf2148c5ab6d: nextIndex: updateUnconditionally 34 -> 33
2019-07-13 09:18:14,268 INFO  impl.StateMachineUpdater (StateMachineUpdater.java:takeSnapshot(242)) - StateMachineUpdater:8cec96c7-7b7b-4772-9427-16e2c732dc6c:group-8175DF6E67B8: Took a snapshot at index 31
2019-07-13 09:18:14,268 INFO  util.JmxRegister (JmxRegister.java:unregister(73)) - Successfully un-registered JMX Bean with object name Ratis:service=RaftServer,group=group-FD78E1EC2B2F,id=0fa1d900-de89-4631-a285-2978aa9734d3
2019-07-13 09:18:14,268 INFO  impl.StateMachineUpdater (StateMachineUpdater.java:lambda$new$0(80)) - StateMachineUpdater:8cec96c7-7b7b-4772-9427-16e2c732dc6c:group-8175DF6E67B8: snapshotIndex: updateIncreasingly -1 -> 31
2019-07-13 09:18:14,268 INFO  impl.RoleInfo (RoleInfo.java:shutdownFollowerState(121)) - 0fa1d900-de89-4631-a285-2978aa9734d3: shutdown FollowerState
2019-07-13 09:18:14,269 INFO  impl.RaftServerImpl (ServerState.java:close(394)) - 8cec96c7-7b7b-4772-9427-16e2c732dc6c:group-8175DF6E67B8 closes. The last applied log index is 33
2019-07-13 09:18:14,269 INFO  impl.FollowerState (FollowerState.java:run(114)) - 0fa1d900-de89-4631-a285-2978aa9734d3: FollowerState was interrupted: java.lang.InterruptedException: sleep interrupted
2019-07-13 09:18:14,269 INFO  ratis.ContainerStateMachine (ContainerStateMachine.java:takeSnapshot(246)) - Taking snapshot at termIndex:(t:0, i:~)
2019-07-13 09:18:14,269 INFO  impl.StateMachineUpdater (StateMachineUpdater.java:stopAndJoin(115)) - StateMachineUpdater:0fa1d900-de89-4631-a285-2978aa9734d3:group-FD78E1EC2B2F: set stopIndex = 0
2019-07-13 09:18:14,272 INFO  impl.RaftServerImpl (ServerState.java:close(394)) - 0fa1d900-de89-4631-a285-2978aa9734d3:group-FD78E1EC2B2F closes. The last applied log index is 0
2019-07-13 09:18:14,269 INFO  segmented.SegmentedRaftLogWorker (SegmentedRaftLogWorker.java:run(313)) - 8cec96c7-7b7b-4772-9427-16e2c732dc6c-SegmentedRaftLogWorker:Storage Directory /tmp/workdir/hadoop-ozone/integration-test/target/test-dir/MiniOzoneClusterImpl-c8202114-a271-4ee2-b51f-a8df28038b75/datanode-3/data/ratis/365b52aa-e02d-4a72-8c2d-8175df6e67b8 was interrupted, exiting. There are 0 tasks remaining in the queue.
2019-07-13 09:18:14,272 INFO  segmented.SegmentedRaftLogWorker (SegmentedRaftLogWorker.java:run(313)) - 0fa1d900-de89-4631-a285-2978aa9734d3-SegmentedRaftLogWorker:Storage Directory /tmp/workdir/hadoop-ozone/integration-test/target/test-dir/MiniOzoneClusterImpl-c8202114-a271-4ee2-b51f-a8df28038b75/datanode-2/data/ratis/85ebcd05-b236-4501-b953-fd78e1ec2b2f was interrupted, exiting. There are 0 tasks remaining in the queue.
2019-07-13 09:18:14,272 INFO  segmented.SegmentedRaftLogWorker (SegmentedRaftLogWorker.java:close(228)) - 8cec96c7-7b7b-4772-9427-16e2c732dc6c-SegmentedRaftLogWorker:Storage Directory /tmp/workdir/hadoop-ozone/integration-test/target/test-dir/MiniOzoneClusterImpl-c8202114-a271-4ee2-b51f-a8df28038b75/datanode-3/data/ratis/365b52aa-e02d-4a72-8c2d-8175df6e67b8 close()
2019-07-13 09:18:14,272 INFO  segmented.SegmentedRaftLogWorker (SegmentedRaftLogWorker.java:close(228)) - 0fa1d900-de89-4631-a285-2978aa9734d3-SegmentedRaftLogWorker:Storage Directory /tmp/workdir/hadoop-ozone/integration-test/target/test-dir/MiniOzoneClusterImpl-c8202114-a271-4ee2-b51f-a8df28038b75/datanode-2/data/ratis/85ebcd05-b236-4501-b953-fd78e1ec2b2f close()
2019-07-13 09:18:14,275 INFO  server.GrpcService (GrpcService.java:closeImpl(155)) - 8cec96c7-7b7b-4772-9427-16e2c732dc6c: shutdown server with port 34523 now
2019-07-13 09:18:14,277 INFO  server.GrpcService (GrpcService.java:closeImpl(155)) - 0fa1d900-de89-4631-a285-2978aa9734d3: shutdown server with port 41012 now
2019-07-13 09:18:14,278 WARN  client.GrpcClientProtocolService (LogUtils.java:warn(134)) - 2-UnorderedRequestStreamObserver2: onError: org.apache.ratis.thirdparty.io.grpc.StatusRuntimeException: CANCELLED: cancelled before receiving half close
2019-07-13 09:18:14,278 INFO  server.GrpcService (GrpcService.java:closeImpl(163)) - 8cec96c7-7b7b-4772-9427-16e2c732dc6c: shutdown server with port 34523 successfully
2019-07-13 09:18:14,278 WARN  server.GrpcLogAppender (LogUtils.java:warn(134)) - db776cde-2f7f-4f7b-8f98-f09ebaa78005->0fa1d900-de89-4631-a285-2978aa9734d3: Failed appendEntries: org.apache.ratis.thirdparty.io.grpc.StatusRuntimeException: CANCELLED: HTTP/2 error code: CANCEL
Received Rst Stream
2019-07-13 09:18:14,278 INFO  server.GrpcService (GrpcService.java:closeImpl(163)) - 0fa1d900-de89-4631-a285-2978aa9734d3: shutdown server with port 41012 successfully
2019-07-13 09:18:14,278 WARN  server.GrpcServerProtocolService (LogUtils.java:warn(134)) - 0fa1d900-de89-4631-a285-2978aa9734d3: appendEntries onError: org.apache.ratis.thirdparty.io.grpc.StatusRuntimeException: CANCELLED: cancelled before receiving half close
2019-07-13 09:18:14,279 INFO  impl.FollowerInfo (FollowerInfo.java:lambda$new$0(50)) - db776cde-2f7f-4f7b-8f98-f09ebaa78005->0fa1d900-de89-4631-a285-2978aa9734d3: nextIndex: updateUnconditionally 1 -> 0
2019-07-13 09:18:14,280 INFO  utils.BackgroundService (BackgroundService.java:shutdown(148)) - Shutting down service BlockDeletingService
2019-07-13 09:18:14,280 INFO  utils.BackgroundService (BackgroundService.java:shutdown(148)) - Shutting down service BlockDeletingService
2019-07-13 09:18:14,282 WARN  fs.CachingGetSpaceUsed (CachingGetSpaceUsed.java:run(183)) - Thread Interrupted waiting to refresh disk information: sleep interrupted
2019-07-13 09:18:14,288 WARN  fs.CachingGetSpaceUsed (CachingGetSpaceUsed.java:run(183)) - Thread Interrupted waiting to refresh disk information: sleep interrupted
2019-07-13 09:18:14,302 INFO  statemachine.DatanodeStateMachine (DatanodeStateMachine.java:stopDaemon(395)) - Ozone container server stopped.
2019-07-13 09:18:14,311 INFO  statemachine.DatanodeStateMachine (DatanodeStateMachine.java:stopDaemon(395)) - Ozone container server stopped.
2019-07-13 09:18:14,318 INFO  handler.ContextHandler (ContextHandler.java:doStop(910)) - Stopped o.e.j.w.WebAppContext@196bc2c1{/,null,UNAVAILABLE}{/hddsDatanode}
2019-07-13 09:18:14,324 INFO  server.AbstractConnector (AbstractConnector.java:doStop(318)) - Stopped ServerConnector@1fd2f96d{HTTP/1.1,[http/1.1]}{0.0.0.0:0}
2019-07-13 09:18:14,324 INFO  handler.ContextHandler (ContextHandler.java:doStop(910)) - Stopped o.e.j.w.WebAppContext@4dbf902{/,null,UNAVAILABLE}{/hddsDatanode}
2019-07-13 09:18:14,325 INFO  handler.ContextHandler (ContextHandler.java:doStop(910)) - Stopped o.e.j.s.ServletContextHandler@29e9d47b{/static,jar:file:/home/user/.m2/repository/org/apache/hadoop/hadoop-hdds-container-service/0.5.0-SNAPSHOT/hadoop-hdds-container-service-0.5.0-SNAPSHOT.jar!/webapps/static,UNAVAILABLE}
2019-07-13 09:18:14,325 INFO  server.AbstractConnector (AbstractConnector.java:doStop(318)) - Stopped ServerConnector@3c0a4c8b{HTTP/1.1,[http/1.1]}{0.0.0.0:0}
2019-07-13 09:18:14,325 INFO  handler.ContextHandler (ContextHandler.java:doStop(910)) - Stopped o.e.j.s.ServletContextHandler@39ae0bff{/logs,file:///tmp/workdir/hadoop-ozone/integration-test/target/log,UNAVAILABLE}
2019-07-13 09:18:14,327 INFO  handler.ContextHandler (ContextHandler.java:doStop(910)) - Stopped o.e.j.s.ServletContextHandler@c2cc406{/static,jar:file:/home/user/.m2/repository/org/apache/hadoop/hadoop-hdds-container-service/0.5.0-SNAPSHOT/hadoop-hdds-container-service-0.5.0-SNAPSHOT.jar!/webapps/static,UNAVAILABLE}
2019-07-13 09:18:14,330 INFO  handler.ContextHandler (ContextHandler.java:doStop(910)) - Stopped o.e.j.s.ServletContextHandler@2cf7ada5{/logs,file:///tmp/workdir/hadoop-ozone/integration-test/target/log,UNAVAILABLE}
2019-07-13 09:18:14,330 INFO  datanode.ObjectStoreHandler (ObjectStoreHandler.java:close(155)) - Closing ObjectStoreHandler.
2019-07-13 09:18:14,330 INFO  ozone.HddsDatanodeService (HddsDatanodeService.java:stop(452)) - Stopped plug-in org.apache.hadoop.ozone.web.OzoneHddsDatanodeService@64a552
2019-07-13 09:18:14,330 INFO  datanode.ObjectStoreHandler (ObjectStoreHandler.java:close(155)) - Closing ObjectStoreHandler.
2019-07-13 09:18:14,331 INFO  ozone.HddsDatanodeService (HddsDatanodeService.java:stop(452)) - Stopped plug-in org.apache.hadoop.ozone.web.OzoneHddsDatanodeService@27c68ccb
2019-07-13 09:18:14,477 INFO  statemachine.DatanodeStateMachine (DatanodeStateMachine.java:lambda$startDaemon$0(350)) - Ozone container server started.
2019-07-13 09:18:14,541 INFO  statemachine.DatanodeStateMachine (DatanodeStateMachine.java:lambda$startDaemon$0(350)) - Ozone container server started.
2019-07-13 09:18:16,064 WARN  server.GrpcLogAppender (LogUtils.java:warn(134)) - db776cde-2f7f-4f7b-8f98-f09ebaa78005->1bf50807-ccef-4394-9b24-0baf88707772: Failed appendEntries: org.apache.ratis.thirdparty.io.grpc.StatusRuntimeException: UNAVAILABLE: io exception
2019-07-13 09:18:16,064 INFO  impl.FollowerInfo (FollowerInfo.java:lambda$new$0(50)) - db776cde-2f7f-4f7b-8f98-f09ebaa78005->1bf50807-ccef-4394-9b24-0baf88707772: nextIndex: updateUnconditionally 0 -> 0
2019-07-13 09:18:16,068 WARN  server.GrpcLogAppender (LogUtils.java:warn(134)) - db776cde-2f7f-4f7b-8f98-f09ebaa78005->0fa1d900-de89-4631-a285-2978aa9734d3: Failed appendEntries: org.apache.ratis.thirdparty.io.grpc.StatusRuntimeException: UNAVAILABLE: io exception
2019-07-13 09:18:16,068 INFO  impl.FollowerInfo (FollowerInfo.java:lambda$new$0(50)) - db776cde-2f7f-4f7b-8f98-f09ebaa78005->0fa1d900-de89-4631-a285-2978aa9734d3: nextIndex: updateUnconditionally 0 -> 0
2019-07-13 09:18:18,501 INFO  node.StaleNodeHandler (StaleNodeHandler.java:onMessage(58)) - Datanode db776cde-2f7f-4f7b-8f98-f09ebaa78005{ip: 192.168.69.96, host: trunk-nightly-hmp62-43275749, networkLocation: /default-rack, certSerialId: null} moved to stale state. Finalizing its pipelines [PipelineID=85ebcd05-b236-4501-b953-fd78e1ec2b2f, PipelineID=ea0847f9-b867-4183-8516-9b041578d742]
2019-07-13 09:18:18,502 INFO  pipeline.SCMPipelineManager (SCMPipelineManager.java:finalizeAndDestroyPipeline(309)) - destroying pipeline:Pipeline[ Id: 85ebcd05-b236-4501-b953-fd78e1ec2b2f, Nodes: 1bf50807-ccef-4394-9b24-0baf88707772{ip: 192.168.69.96, host: trunk-nightly-hmp62-43275749, networkLocation: /default-rack, certSerialId: null}0fa1d900-de89-4631-a285-2978aa9734d3{ip: 192.168.69.96, host: trunk-nightly-hmp62-43275749, networkLocation: /default-rack, certSerialId: null}db776cde-2f7f-4f7b-8f98-f09ebaa78005{ip: 192.168.69.96, host: trunk-nightly-hmp62-43275749, networkLocation: /default-rack, certSerialId: null}, Type:RATIS, Factor:THREE, State:CLOSED]
2019-07-13 09:18:18,502 INFO  pipeline.SCMPipelineManager (SCMPipelineManager.java:finalizeAndDestroyPipeline(309)) - destroying pipeline:Pipeline[ Id: ea0847f9-b867-4183-8516-9b041578d742, Nodes: db776cde-2f7f-4f7b-8f98-f09ebaa78005{ip: 192.168.69.96, host: trunk-nightly-hmp62-43275749, networkLocation: /default-rack, certSerialId: null}, Type:RATIS, Factor:ONE, State:OPEN]
2019-07-13 09:18:18,502 INFO  pipeline.PipelineStateManager (PipelineStateManager.java:finalizePipeline(123)) - Pipeline Pipeline[ Id: ea0847f9-b867-4183-8516-9b041578d742, Nodes: db776cde-2f7f-4f7b-8f98-f09ebaa78005{ip: 192.168.69.96, host: trunk-nightly-hmp62-43275749, networkLocation: /default-rack, certSerialId: null}, Type:RATIS, Factor:ONE, State:CLOSED] moved to CLOSED state
2019-07-13 09:18:18,564 WARN  server.GrpcLogAppender (LogUtils.java:warn(134)) - db776cde-2f7f-4f7b-8f98-f09ebaa78005->1bf50807-ccef-4394-9b24-0baf88707772: Failed appendEntries: org.apache.ratis.thirdparty.io.grpc.StatusRuntimeException: UNAVAILABLE: io exception
2019-07-13 09:18:18,565 INFO  impl.FollowerInfo (FollowerInfo.java:lambda$new$0(50)) - db776cde-2f7f-4f7b-8f98-f09ebaa78005->1bf50807-ccef-4394-9b24-0baf88707772: nextIndex: updateUnconditionally 0 -> 0
2019-07-13 09:18:18,568 WARN  server.GrpcLogAppender (LogUtils.java:warn(134)) - db776cde-2f7f-4f7b-8f98-f09ebaa78005->0fa1d900-de89-4631-a285-2978aa9734d3: Failed appendEntries: org.apache.ratis.thirdparty.io.grpc.StatusRuntimeException: UNAVAILABLE: io exception
2019-07-13 09:18:18,568 INFO  impl.FollowerInfo (FollowerInfo.java:lambda$new$0(50)) - db776cde-2f7f-4f7b-8f98-f09ebaa78005->0fa1d900-de89-4631-a285-2978aa9734d3: nextIndex: updateUnconditionally 0 -> 0
2019-07-13 09:18:18,601 INFO  node.StaleNodeHandler (StaleNodeHandler.java:onMessage(58)) - Datanode ba4eb8a0-4f1c-4e63-a34b-456712fc2354{ip: 192.168.69.96, host: trunk-nightly-hmp62-43275749, networkLocation: /default-rack, certSerialId: null} moved to stale state. Finalizing its pipelines [PipelineID=5d53f953-c223-49cc-9737-97312275a34a]
2019-07-13 09:18:18,602 INFO  pipeline.SCMPipelineManager (SCMPipelineManager.java:finalizeAndDestroyPipeline(309)) - destroying pipeline:Pipeline[ Id: 5d53f953-c223-49cc-9737-97312275a34a, Nodes: ba4eb8a0-4f1c-4e63-a34b-456712fc2354{ip: 192.168.69.96, host: trunk-nightly-hmp62-43275749, networkLocation: /default-rack, certSerialId: null}, Type:RATIS, Factor:ONE, State:OPEN]
2019-07-13 09:18:18,602 INFO  pipeline.PipelineStateManager (PipelineStateManager.java:finalizePipeline(123)) - Pipeline Pipeline[ Id: 5d53f953-c223-49cc-9737-97312275a34a, Nodes: ba4eb8a0-4f1c-4e63-a34b-456712fc2354{ip: 192.168.69.96, host: trunk-nightly-hmp62-43275749, networkLocation: /default-rack, certSerialId: null}, Type:RATIS, Factor:ONE, State:CLOSED] moved to CLOSED state
2019-07-13 09:18:19,331 INFO  ozoneimpl.OzoneContainer (OzoneContainer.java:stop(199)) - Attempting to stop container services.
2019-07-13 09:18:19,332 INFO  ozoneimpl.OzoneContainer (OzoneContainer.java:stop(199)) - Attempting to stop container services.
2019-07-13 09:18:19,332 INFO  impl.RaftServerProxy (RaftServerProxy.java:lambda$close$4(314)) - ba4eb8a0-4f1c-4e63-a34b-456712fc2354: close
2019-07-13 09:18:19,332 INFO  impl.RaftServerProxy (RaftServerProxy.java:lambda$close$4(314)) - db776cde-2f7f-4f7b-8f98-f09ebaa78005: close
2019-07-13 09:18:19,333 INFO  impl.RaftServerImpl (RaftServerImpl.java:lambda$shutdown$3(245)) - ba4eb8a0-4f1c-4e63-a34b-456712fc2354: shutdown group-97312275A34A
2019-07-13 09:18:19,333 INFO  impl.RaftServerImpl (RaftServerImpl.java:lambda$shutdown$3(245)) - db776cde-2f7f-4f7b-8f98-f09ebaa78005: shutdown group-FD78E1EC2B2F
2019-07-13 09:18:19,333 INFO  util.JmxRegister (JmxRegister.java:unregister(73)) - Successfully un-registered JMX Bean with object name Ratis:service=RaftServer,group=group-97312275A34A,id=ba4eb8a0-4f1c-4e63-a34b-456712fc2354
2019-07-13 09:18:19,334 INFO  impl.RoleInfo (RoleInfo.java:shutdownLeaderState(104)) - ba4eb8a0-4f1c-4e63-a34b-456712fc2354: shutdown LeaderState
2019-07-13 09:18:19,334 INFO  util.JmxRegister (JmxRegister.java:unregister(73)) - Successfully un-registered JMX Bean with object name Ratis:service=RaftServer,group=group-FD78E1EC2B2F,id=db776cde-2f7f-4f7b-8f98-f09ebaa78005
2019-07-13 09:18:19,334 INFO  impl.PendingRequests (PendingRequests.java:sendNotLeaderResponses(202)) - ba4eb8a0-4f1c-4e63-a34b-456712fc2354-PendingRequests: sendNotLeaderResponses
2019-07-13 09:18:19,335 INFO  impl.RoleInfo (RoleInfo.java:shutdownLeaderState(104)) - db776cde-2f7f-4f7b-8f98-f09ebaa78005: shutdown LeaderState
2019-07-13 09:18:19,335 INFO  ratis.ContainerStateMachine (ContainerStateMachine.java:takeSnapshot(246)) - Taking snapshot at termIndex:(t:0, i:~)
2019-07-13 09:18:19,335 INFO  impl.StateMachineUpdater (StateMachineUpdater.java:stopAndJoin(115)) - StateMachineUpdater:ba4eb8a0-4f1c-4e63-a34b-456712fc2354:group-97312275A34A: set stopIndex = 0
2019-07-13 09:18:19,340 INFO  impl.RaftServerImpl (ServerState.java:close(394)) - ba4eb8a0-4f1c-4e63-a34b-456712fc2354:group-97312275A34A closes. The last applied log index is 0
2019-07-13 09:18:19,340 WARN  server.GrpcLogAppender (GrpcLogAppender.java:mayWait(143)) - GrpcLogAppender(db776cde-2f7f-4f7b-8f98-f09ebaa78005->1bf50807-ccef-4394-9b24-0baf88707772): Wait interrupted by java.lang.InterruptedException
2019-07-13 09:18:19,340 WARN  server.GrpcLogAppender (GrpcLogAppender.java:mayWait(143)) - GrpcLogAppender(db776cde-2f7f-4f7b-8f98-f09ebaa78005->0fa1d900-de89-4631-a285-2978aa9734d3): Wait interrupted by java.lang.InterruptedException
2019-07-13 09:18:19,340 INFO  impl.PendingRequests (PendingRequests.java:sendNotLeaderResponses(202)) - db776cde-2f7f-4f7b-8f98-f09ebaa78005-PendingRequests: sendNotLeaderResponses
2019-07-13 09:18:19,341 INFO  segmented.SegmentedRaftLogWorker (SegmentedRaftLogWorker.java:run(313)) - ba4eb8a0-4f1c-4e63-a34b-456712fc2354-SegmentedRaftLogWorker:Storage Directory /tmp/workdir/hadoop-ozone/integration-test/target/test-dir/MiniOzoneClusterImpl-c8202114-a271-4ee2-b51f-a8df28038b75/datanode-6/data/ratis/5d53f953-c223-49cc-9737-97312275a34a was interrupted, exiting. There are 0 tasks remaining in the queue.
2019-07-13 09:18:19,342 INFO  impl.StateMachineUpdater (StateMachineUpdater.java:stopAndJoin(115)) - StateMachineUpdater:db776cde-2f7f-4f7b-8f98-f09ebaa78005:group-FD78E1EC2B2F: set stopIndex = 0
2019-07-13 09:18:19,342 INFO  ratis.ContainerStateMachine (ContainerStateMachine.java:takeSnapshot(246)) - Taking snapshot at termIndex:(t:0, i:~)
2019-07-13 09:18:19,342 INFO  segmented.SegmentedRaftLogWorker (SegmentedRaftLogWorker.java:close(228)) - ba4eb8a0-4f1c-4e63-a34b-456712fc2354-SegmentedRaftLogWorker:Storage Directory /tmp/workdir/hadoop-ozone/integration-test/target/test-dir/MiniOzoneClusterImpl-c8202114-a271-4ee2-b51f-a8df28038b75/datanode-6/data/ratis/5d53f953-c223-49cc-9737-97312275a34a close()
2019-07-13 09:18:19,342 INFO  impl.RaftServerImpl (ServerState.java:close(394)) - db776cde-2f7f-4f7b-8f98-f09ebaa78005:group-FD78E1EC2B2F closes. The last applied log index is 0
2019-07-13 09:18:19,344 INFO  server.GrpcService (GrpcService.java:closeImpl(155)) - ba4eb8a0-4f1c-4e63-a34b-456712fc2354: shutdown server with port 42365 now
2019-07-13 09:18:19,345 INFO  segmented.SegmentedRaftLogWorker (SegmentedRaftLogWorker.java:run(313)) - db776cde-2f7f-4f7b-8f98-f09ebaa78005-SegmentedRaftLogWorker:Storage Directory /tmp/workdir/hadoop-ozone/integration-test/target/test-dir/MiniOzoneClusterImpl-c8202114-a271-4ee2-b51f-a8df28038b75/datanode-0/data/ratis/85ebcd05-b236-4501-b953-fd78e1ec2b2f was interrupted, exiting. There are 0 tasks remaining in the queue.
2019-07-13 09:18:19,347 INFO  server.GrpcService (GrpcService.java:closeImpl(163)) - ba4eb8a0-4f1c-4e63-a34b-456712fc2354: shutdown server with port 42365 successfully
2019-07-13 09:18:19,347 INFO  segmented.SegmentedRaftLogWorker (SegmentedRaftLogWorker.java:close(228)) - db776cde-2f7f-4f7b-8f98-f09ebaa78005-SegmentedRaftLogWorker:Storage Directory /tmp/workdir/hadoop-ozone/integration-test/target/test-dir/MiniOzoneClusterImpl-c8202114-a271-4ee2-b51f-a8df28038b75/datanode-0/data/ratis/85ebcd05-b236-4501-b953-fd78e1ec2b2f close()
2019-07-13 09:18:19,349 INFO  impl.RaftServerImpl (RaftServerImpl.java:lambda$shutdown$3(245)) - db776cde-2f7f-4f7b-8f98-f09ebaa78005: shutdown group-9B041578D742
2019-07-13 09:18:19,350 INFO  util.JmxRegister (JmxRegister.java:unregister(73)) - Successfully un-registered JMX Bean with object name Ratis:service=RaftServer,group=group-9B041578D742,id=db776cde-2f7f-4f7b-8f98-f09ebaa78005
2019-07-13 09:18:19,350 INFO  utils.BackgroundService (BackgroundService.java:shutdown(148)) - Shutting down service BlockDeletingService
2019-07-13 09:18:19,350 INFO  impl.RoleInfo (RoleInfo.java:shutdownLeaderState(104)) - db776cde-2f7f-4f7b-8f98-f09ebaa78005: shutdown LeaderState
2019-07-13 09:18:19,352 INFO  impl.PendingRequests (PendingRequests.java:sendNotLeaderResponses(202)) - db776cde-2f7f-4f7b-8f98-f09ebaa78005-PendingRequests: sendNotLeaderResponses
2019-07-13 09:18:19,353 INFO  impl.StateMachineUpdater (StateMachineUpdater.java:stopAndJoin(115)) - StateMachineUpdater:db776cde-2f7f-4f7b-8f98-f09ebaa78005:group-9B041578D742: set stopIndex = 0
2019-07-13 09:18:19,353 WARN  fs.CachingGetSpaceUsed (CachingGetSpaceUsed.java:run(183)) - Thread Interrupted waiting to refresh disk information: sleep interrupted
2019-07-13 09:18:19,353 INFO  ratis.ContainerStateMachine (ContainerStateMachine.java:takeSnapshot(246)) - Taking snapshot at termIndex:(t:0, i:~)
2019-07-13 09:18:19,354 INFO  impl.RaftServerImpl (ServerState.java:close(394)) - db776cde-2f7f-4f7b-8f98-f09ebaa78005:group-9B041578D742 closes. The last applied log index is 0
2019-07-13 09:18:19,354 INFO  segmented.SegmentedRaftLogWorker (SegmentedRaftLogWorker.java:run(313)) - db776cde-2f7f-4f7b-8f98-f09ebaa78005-SegmentedRaftLogWorker:Storage Directory /tmp/workdir/hadoop-ozone/integration-test/target/test-dir/MiniOzoneClusterImpl-c8202114-a271-4ee2-b51f-a8df28038b75/datanode-0/data/ratis/ea0847f9-b867-4183-8516-9b041578d742 was interrupted, exiting. There are 0 tasks remaining in the queue.
2019-07-13 09:18:19,354 INFO  segmented.SegmentedRaftLogWorker (SegmentedRaftLogWorker.java:close(228)) - db776cde-2f7f-4f7b-8f98-f09ebaa78005-SegmentedRaftLogWorker:Storage Directory /tmp/workdir/hadoop-ozone/integration-test/target/test-dir/MiniOzoneClusterImpl-c8202114-a271-4ee2-b51f-a8df28038b75/datanode-0/data/ratis/ea0847f9-b867-4183-8516-9b041578d742 close()
2019-07-13 09:18:19,356 INFO  server.GrpcService (GrpcService.java:closeImpl(155)) - db776cde-2f7f-4f7b-8f98-f09ebaa78005: shutdown server with port 42700 now
2019-07-13 09:18:19,357 INFO  server.GrpcService (GrpcService.java:closeImpl(163)) - db776cde-2f7f-4f7b-8f98-f09ebaa78005: shutdown server with port 42700 successfully
2019-07-13 09:18:19,358 INFO  utils.BackgroundService (BackgroundService.java:shutdown(148)) - Shutting down service BlockDeletingService
2019-07-13 09:18:19,360 WARN  fs.CachingGetSpaceUsed (CachingGetSpaceUsed.java:run(183)) - Thread Interrupted waiting to refresh disk information: sleep interrupted
2019-07-13 09:18:19,374 INFO  statemachine.DatanodeStateMachine (DatanodeStateMachine.java:stopDaemon(395)) - Ozone container server stopped.
2019-07-13 09:18:19,381 INFO  statemachine.DatanodeStateMachine (DatanodeStateMachine.java:stopDaemon(395)) - Ozone container server stopped.
2019-07-13 09:18:19,386 INFO  handler.ContextHandler (ContextHandler.java:doStop(910)) - Stopped o.e.j.w.WebAppContext@6f78eb17{/,null,UNAVAILABLE}{/hddsDatanode}
2019-07-13 09:18:19,386 INFO  handler.ContextHandler (ContextHandler.java:doStop(910)) - Stopped o.e.j.w.WebAppContext@105c253a{/,null,UNAVAILABLE}{/hddsDatanode}
2019-07-13 09:18:19,387 INFO  server.AbstractConnector (AbstractConnector.java:doStop(318)) - Stopped ServerConnector@7d49ebf2{HTTP/1.1,[http/1.1]}{0.0.0.0:0}
2019-07-13 09:18:19,387 INFO  server.AbstractConnector (AbstractConnector.java:doStop(318)) - Stopped ServerConnector@156322ce{HTTP/1.1,[http/1.1]}{0.0.0.0:0}
2019-07-13 09:18:19,387 INFO  handler.ContextHandler (ContextHandler.java:doStop(910)) - Stopped o.e.j.s.ServletContextHandler@113886b1{/static,jar:file:/home/user/.m2/repository/org/apache/hadoop/hadoop-hdds-container-service/0.5.0-SNAPSHOT/hadoop-hdds-container-service-0.5.0-SNAPSHOT.jar!/webapps/static,UNAVAILABLE}
2019-07-13 09:18:19,389 INFO  handler.ContextHandler (ContextHandler.java:doStop(910)) - Stopped o.e.j.s.ServletContextHandler@173039b5{/static,jar:file:/home/user/.m2/repository/org/apache/hadoop/hadoop-hdds-container-service/0.5.0-SNAPSHOT/hadoop-hdds-container-service-0.5.0-SNAPSHOT.jar!/webapps/static,UNAVAILABLE}
2019-07-13 09:18:19,389 INFO  handler.ContextHandler (ContextHandler.java:doStop(910)) - Stopped o.e.j.s.ServletContextHandler@626e3b18{/logs,file:///tmp/workdir/hadoop-ozone/integration-test/target/log,UNAVAILABLE}
2019-07-13 09:18:19,390 INFO  handler.ContextHandler (ContextHandler.java:doStop(910)) - Stopped o.e.j.s.ServletContextHandler@6b0796d4{/logs,file:///tmp/workdir/hadoop-ozone/integration-test/target/log,UNAVAILABLE}
2019-07-13 09:18:19,391 INFO  datanode.ObjectStoreHandler (ObjectStoreHandler.java:close(155)) - Closing ObjectStoreHandler.
2019-07-13 09:18:19,392 INFO  ozone.HddsDatanodeService (HddsDatanodeService.java:stop(452)) - Stopped plug-in org.apache.hadoop.ozone.web.OzoneHddsDatanodeService@726615d7
2019-07-13 09:18:19,684 INFO  statemachine.DatanodeStateMachine (DatanodeStateMachine.java:lambda$startDaemon$0(350)) - Ozone container server started.
2019-07-13 09:18:21,747 INFO  impl.FollowerState (FollowerState.java:run(106)) - 69012c72-a113-4648-bf06-cf2148c5ab6d:group-8175DF6E67B8 changes to CANDIDATE, lastRpcTime:7877, electionTimeout:5001ms
2019-07-13 09:18:21,748 INFO  impl.RoleInfo (RoleInfo.java:shutdownFollowerState(121)) - 69012c72-a113-4648-bf06-cf2148c5ab6d: shutdown FollowerState
2019-07-13 09:18:21,748 INFO  impl.RaftServerImpl (RaftServerImpl.java:setRole(171)) - 69012c72-a113-4648-bf06-cf2148c5ab6d:group-8175DF6E67B8 changes role from FOLLOWER to CANDIDATE at term 1 for changeToCandidate
2019-07-13 09:18:21,748 INFO  impl.RoleInfo (RoleInfo.java:updateAndGet(143)) - 69012c72-a113-4648-bf06-cf2148c5ab6d: start LeaderElection
2019-07-13 09:18:21,750 INFO  impl.RaftServerImpl (ServerState.java:setLeader(263)) - 69012c72-a113-4648-bf06-cf2148c5ab6d:group-8175DF6E67B8 change Leader from 8cec96c7-7b7b-4772-9427-16e2c732dc6c to null at term 1 for initElection
2019-07-13 09:18:21,765 INFO  impl.LeaderElection (LeaderElection.java:askForVotes(181)) - 69012c72-a113-4648-bf06-cf2148c5ab6d:group-8175DF6E67B8:LeaderElection90: begin an election at term 2 for 0: [fc955830-2cac-4c8b-b78a-68d87f4dec05:192.168.69.96:44504, 69012c72-a113-4648-bf06-cf2148c5ab6d:192.168.69.96:41915, 8cec96c7-7b7b-4772-9427-16e2c732dc6c:192.168.69.96:34523], old=null
2019-07-13 09:18:21,767 INFO  impl.LeaderElection (LogUtils.java:infoOrTrace(149)) - 69012c72-a113-4648-bf06-cf2148c5ab6d:group-8175DF6E67B8:LeaderElection90 got exception when requesting votes: {}
java.util.concurrent.ExecutionException: org.apache.ratis.thirdparty.io.grpc.StatusRuntimeException: UNAVAILABLE: io exception
	at java.util.concurrent.FutureTask.report(FutureTask.java:122)
	at java.util.concurrent.FutureTask.get(FutureTask.java:192)
	at org.apache.ratis.server.impl.LeaderElection.waitForResults(LeaderElection.java:262)
	at org.apache.ratis.server.impl.LeaderElection.askForVotes(LeaderElection.java:200)
	at org.apache.ratis.server.impl.LeaderElection.run(LeaderElection.java:130)
	at java.lang.Thread.run(Thread.java:748)
Caused by: org.apache.ratis.thirdparty.io.grpc.StatusRuntimeException: UNAVAILABLE: io exception
	at org.apache.ratis.thirdparty.io.grpc.stub.ClientCalls.toStatusRuntimeException(ClientCalls.java:233)
	at org.apache.ratis.thirdparty.io.grpc.stub.ClientCalls.getUnchecked(ClientCalls.java:214)
	at org.apache.ratis.thirdparty.io.grpc.stub.ClientCalls.blockingUnaryCall(ClientCalls.java:139)
	at org.apache.ratis.proto.grpc.RaftServerProtocolServiceGrpc$RaftServerProtocolServiceBlockingStub.requestVote(RaftServerProtocolServiceGrpc.java:265)
	at org.apache.ratis.grpc.server.GrpcServerProtocolClient.requestVote(GrpcServerProtocolClient.java:83)
	at org.apache.ratis.grpc.server.GrpcService.requestVote(GrpcService.java:195)
	at org.apache.ratis.server.impl.LeaderElection.lambda$submitRequests$1(LeaderElection.java:237)
	at java.util.concurrent.FutureTask.run(FutureTask.java:266)
	at java.util.concurrent.Executors$RunnableAdapter.call(Executors.java:511)
	at java.util.concurrent.FutureTask.run(FutureTask.java:266)
	at java.util.concurrent.ThreadPoolExecutor.runWorker(ThreadPoolExecutor.java:1149)
	at java.util.concurrent.ThreadPoolExecutor$Worker.run(ThreadPoolExecutor.java:624)
	... 1 more
Caused by: org.apache.ratis.thirdparty.io.netty.channel.AbstractChannel$AnnotatedConnectException: Connection refused: /192.168.69.96:34523
	at sun.nio.ch.SocketChannelImpl.checkConnect(Native Method)
	at sun.nio.ch.SocketChannelImpl.finishConnect(SocketChannelImpl.java:717)
	at org.apache.ratis.thirdparty.io.netty.channel.socket.nio.NioSocketChannel.doFinishConnect(NioSocketChannel.java:327)
	at org.apache.ratis.thirdparty.io.netty.channel.nio.AbstractNioChannel$AbstractNioUnsafe.finishConnect(AbstractNioChannel.java:340)
	at org.apache.ratis.thirdparty.io.netty.channel.nio.NioEventLoop.processSelectedKey(NioEventLoop.java:632)
	at org.apache.ratis.thirdparty.io.netty.channel.nio.NioEventLoop.processSelectedKeysOptimized(NioEventLoop.java:579)
	at org.apache.ratis.thirdparty.io.netty.channel.nio.NioEventLoop.processSelectedKeys(NioEventLoop.java:496)
	at org.apache.ratis.thirdparty.io.netty.channel.nio.NioEventLoop.run(NioEventLoop.java:458)
	at org.apache.ratis.thirdparty.io.netty.util.concurrent.SingleThreadEventExecutor$5.run(SingleThreadEventExecutor.java:897)
	at org.apache.ratis.thirdparty.io.netty.util.concurrent.FastThreadLocalRunnable.run(FastThreadLocalRunnable.java:30)
	... 1 more
Caused by: java.net.ConnectException: Connection refused
	... 11 more
2019-07-13 09:18:21,769 INFO  impl.LeaderElection (LogUtils.java:infoOrTrace(149)) - 69012c72-a113-4648-bf06-cf2148c5ab6d:group-8175DF6E67B8:LeaderElection90 got exception when requesting votes: {}
java.util.concurrent.ExecutionException: org.apache.ratis.thirdparty.io.grpc.StatusRuntimeException: UNAVAILABLE: io exception
	at java.util.concurrent.FutureTask.report(FutureTask.java:122)
	at java.util.concurrent.FutureTask.get(FutureTask.java:192)
	at org.apache.ratis.server.impl.LeaderElection.waitForResults(LeaderElection.java:262)
	at org.apache.ratis.server.impl.LeaderElection.askForVotes(LeaderElection.java:200)
	at org.apache.ratis.server.impl.LeaderElection.run(LeaderElection.java:130)
	at java.lang.Thread.run(Thread.java:748)
Caused by: org.apache.ratis.thirdparty.io.grpc.StatusRuntimeException: UNAVAILABLE: io exception
	at org.apache.ratis.thirdparty.io.grpc.stub.ClientCalls.toStatusRuntimeException(ClientCalls.java:233)
	at org.apache.ratis.thirdparty.io.grpc.stub.ClientCalls.getUnchecked(ClientCalls.java:214)
	at org.apache.ratis.thirdparty.io.grpc.stub.ClientCalls.blockingUnaryCall(ClientCalls.java:139)
	at org.apache.ratis.proto.grpc.RaftServerProtocolServiceGrpc$RaftServerProtocolServiceBlockingStub.requestVote(RaftServerProtocolServiceGrpc.java:265)
	at org.apache.ratis.grpc.server.GrpcServerProtocolClient.requestVote(GrpcServerProtocolClient.java:83)
	at org.apache.ratis.grpc.server.GrpcService.requestVote(GrpcService.java:195)
	at org.apache.ratis.server.impl.LeaderElection.lambda$submitRequests$1(LeaderElection.java:237)
	at java.util.concurrent.FutureTask.run(FutureTask.java:266)
	at java.util.concurrent.Executors$RunnableAdapter.call(Executors.java:511)
	at java.util.concurrent.FutureTask.run(FutureTask.java:266)
	at java.util.concurrent.ThreadPoolExecutor.runWorker(ThreadPoolExecutor.java:1149)
	at java.util.concurrent.ThreadPoolExecutor$Worker.run(ThreadPoolExecutor.java:624)
	... 1 more
Caused by: org.apache.ratis.thirdparty.io.netty.channel.AbstractChannel$AnnotatedConnectException: Connection refused: /192.168.69.96:44504
	at sun.nio.ch.SocketChannelImpl.checkConnect(Native Method)
	at sun.nio.ch.SocketChannelImpl.finishConnect(SocketChannelImpl.java:717)
	at org.apache.ratis.thirdparty.io.netty.channel.socket.nio.NioSocketChannel.doFinishConnect(NioSocketChannel.java:327)
	at org.apache.ratis.thirdparty.io.netty.channel.nio.AbstractNioChannel$AbstractNioUnsafe.finishConnect(AbstractNioChannel.java:340)
	at org.apache.ratis.thirdparty.io.netty.channel.nio.NioEventLoop.processSelectedKey(NioEventLoop.java:632)
	at org.apache.ratis.thirdparty.io.netty.channel.nio.NioEventLoop.processSelectedKeysOptimized(NioEventLoop.java:579)
	at org.apache.ratis.thirdparty.io.netty.channel.nio.NioEventLoop.processSelectedKeys(NioEventLoop.java:496)
	at org.apache.ratis.thirdparty.io.netty.channel.nio.NioEventLoop.run(NioEventLoop.java:458)
	at org.apache.ratis.thirdparty.io.netty.util.concurrent.SingleThreadEventExecutor$5.run(SingleThreadEventExecutor.java:897)
	at org.apache.ratis.thirdparty.io.netty.util.concurrent.FastThreadLocalRunnable.run(FastThreadLocalRunnable.java:30)
	... 1 more
Caused by: java.net.ConnectException: Connection refused
	... 11 more
2019-07-13 09:18:21,770 INFO  impl.LeaderElection (LeaderElection.java:logAndReturn(56)) - 69012c72-a113-4648-bf06-cf2148c5ab6d:group-8175DF6E67B8:LeaderElection90: Election REJECTED; received 0 response(s) [] and 2 exception(s); 69012c72-a113-4648-bf06-cf2148c5ab6d:t2, leader=null, voted=69012c72-a113-4648-bf06-cf2148c5ab6d, raftlog=69012c72-a113-4648-bf06-cf2148c5ab6d-SegmentedRaftLog:OPENED:c33,f33,i33, conf=0: [fc955830-2cac-4c8b-b78a-68d87f4dec05:192.168.69.96:44504, 69012c72-a113-4648-bf06-cf2148c5ab6d:192.168.69.96:41915, 8cec96c7-7b7b-4772-9427-16e2c732dc6c:192.168.69.96:34523], old=null
2019-07-13 09:18:21,770 INFO  impl.LeaderElection (LogUtils.java:infoOrTrace(149)) -   Exception 0: {}
java.util.concurrent.ExecutionException: org.apache.ratis.thirdparty.io.grpc.StatusRuntimeException: UNAVAILABLE: io exception
	at java.util.concurrent.FutureTask.report(FutureTask.java:122)
	at java.util.concurrent.FutureTask.get(FutureTask.java:192)
	at org.apache.ratis.server.impl.LeaderElection.waitForResults(LeaderElection.java:262)
	at org.apache.ratis.server.impl.LeaderElection.askForVotes(LeaderElection.java:200)
	at org.apache.ratis.server.impl.LeaderElection.run(LeaderElection.java:130)
	at java.lang.Thread.run(Thread.java:748)
Caused by: org.apache.ratis.thirdparty.io.grpc.StatusRuntimeException: UNAVAILABLE: io exception
	at org.apache.ratis.thirdparty.io.grpc.stub.ClientCalls.toStatusRuntimeException(ClientCalls.java:233)
	at org.apache.ratis.thirdparty.io.grpc.stub.ClientCalls.getUnchecked(ClientCalls.java:214)
	at org.apache.ratis.thirdparty.io.grpc.stub.ClientCalls.blockingUnaryCall(ClientCalls.java:139)
	at org.apache.ratis.proto.grpc.RaftServerProtocolServiceGrpc$RaftServerProtocolServiceBlockingStub.requestVote(RaftServerProtocolServiceGrpc.java:265)
	at org.apache.ratis.grpc.server.GrpcServerProtocolClient.requestVote(GrpcServerProtocolClient.java:83)
	at org.apache.ratis.grpc.server.GrpcService.requestVote(GrpcService.java:195)
	at org.apache.ratis.server.impl.LeaderElection.lambda$submitRequests$1(LeaderElection.java:237)
	at java.util.concurrent.FutureTask.run(FutureTask.java:266)
	at java.util.concurrent.Executors$RunnableAdapter.call(Executors.java:511)
	at java.util.concurrent.FutureTask.run(FutureTask.java:266)
	at java.util.concurrent.ThreadPoolExecutor.runWorker(ThreadPoolExecutor.java:1149)
	at java.util.concurrent.ThreadPoolExecutor$Worker.run(ThreadPoolExecutor.java:624)
	... 1 more
Caused by: org.apache.ratis.thirdparty.io.netty.channel.AbstractChannel$AnnotatedConnectException: Connection refused: /192.168.69.96:34523
	at sun.nio.ch.SocketChannelImpl.checkConnect(Native Method)
	at sun.nio.ch.SocketChannelImpl.finishConnect(SocketChannelImpl.java:717)
	at org.apache.ratis.thirdparty.io.netty.channel.socket.nio.NioSocketChannel.doFinishConnect(NioSocketChannel.java:327)
	at org.apache.ratis.thirdparty.io.netty.channel.nio.AbstractNioChannel$AbstractNioUnsafe.finishConnect(AbstractNioChannel.java:340)
	at org.apache.ratis.thirdparty.io.netty.channel.nio.NioEventLoop.processSelectedKey(NioEventLoop.java:632)
	at org.apache.ratis.thirdparty.io.netty.channel.nio.NioEventLoop.processSelectedKeysOptimized(NioEventLoop.java:579)
	at org.apache.ratis.thirdparty.io.netty.channel.nio.NioEventLoop.processSelectedKeys(NioEventLoop.java:496)
	at org.apache.ratis.thirdparty.io.netty.channel.nio.NioEventLoop.run(NioEventLoop.java:458)
	at org.apache.ratis.thirdparty.io.netty.util.concurrent.SingleThreadEventExecutor$5.run(SingleThreadEventExecutor.java:897)
	at org.apache.ratis.thirdparty.io.netty.util.concurrent.FastThreadLocalRunnable.run(FastThreadLocalRunnable.java:30)
	... 1 more
Caused by: java.net.ConnectException: Connection refused
	... 11 more
2019-07-13 09:18:21,771 INFO  impl.LeaderElection (LogUtils.java:infoOrTrace(149)) -   Exception 1: {}
java.util.concurrent.ExecutionException: org.apache.ratis.thirdparty.io.grpc.StatusRuntimeException: UNAVAILABLE: io exception
	at java.util.concurrent.FutureTask.report(FutureTask.java:122)
	at java.util.concurrent.FutureTask.get(FutureTask.java:192)
	at org.apache.ratis.server.impl.LeaderElection.waitForResults(LeaderElection.java:262)
	at org.apache.ratis.server.impl.LeaderElection.askForVotes(LeaderElection.java:200)
	at org.apache.ratis.server.impl.LeaderElection.run(LeaderElection.java:130)
	at java.lang.Thread.run(Thread.java:748)
Caused by: org.apache.ratis.thirdparty.io.grpc.StatusRuntimeException: UNAVAILABLE: io exception
	at org.apache.ratis.thirdparty.io.grpc.stub.ClientCalls.toStatusRuntimeException(ClientCalls.java:233)
	at org.apache.ratis.thirdparty.io.grpc.stub.ClientCalls.getUnchecked(ClientCalls.java:214)
	at org.apache.ratis.thirdparty.io.grpc.stub.ClientCalls.blockingUnaryCall(ClientCalls.java:139)
	at org.apache.ratis.proto.grpc.RaftServerProtocolServiceGrpc$RaftServerProtocolServiceBlockingStub.requestVote(RaftServerProtocolServiceGrpc.java:265)
	at org.apache.ratis.grpc.server.GrpcServerProtocolClient.requestVote(GrpcServerProtocolClient.java:83)
	at org.apache.ratis.grpc.server.GrpcService.requestVote(GrpcService.java:195)
	at org.apache.ratis.server.impl.LeaderElection.lambda$submitRequests$1(LeaderElection.java:237)
	at java.util.concurrent.FutureTask.run(FutureTask.java:266)
	at java.util.concurrent.Executors$RunnableAdapter.call(Executors.java:511)
	at java.util.concurrent.FutureTask.run(FutureTask.java:266)
	at java.util.concurrent.ThreadPoolExecutor.runWorker(ThreadPoolExecutor.java:1149)
	at java.util.concurrent.ThreadPoolExecutor$Worker.run(ThreadPoolExecutor.java:624)
	... 1 more
Caused by: org.apache.ratis.thirdparty.io.netty.channel.AbstractChannel$AnnotatedConnectException: Connection refused: /192.168.69.96:44504
	at sun.nio.ch.SocketChannelImpl.checkConnect(Native Method)
	at sun.nio.ch.SocketChannelImpl.finishConnect(SocketChannelImpl.java:717)
	at org.apache.ratis.thirdparty.io.netty.channel.socket.nio.NioSocketChannel.doFinishConnect(NioSocketChannel.java:327)
	at org.apache.ratis.thirdparty.io.netty.channel.nio.AbstractNioChannel$AbstractNioUnsafe.finishConnect(AbstractNioChannel.java:340)
	at org.apache.ratis.thirdparty.io.netty.channel.nio.NioEventLoop.processSelectedKey(NioEventLoop.java:632)
	at org.apache.ratis.thirdparty.io.netty.channel.nio.NioEventLoop.processSelectedKeysOptimized(NioEventLoop.java:579)
	at org.apache.ratis.thirdparty.io.netty.channel.nio.NioEventLoop.processSelectedKeys(NioEventLoop.java:496)
	at org.apache.ratis.thirdparty.io.netty.channel.nio.NioEventLoop.run(NioEventLoop.java:458)
	at org.apache.ratis.thirdparty.io.netty.util.concurrent.SingleThreadEventExecutor$5.run(SingleThreadEventExecutor.java:897)
	at org.apache.ratis.thirdparty.io.netty.util.concurrent.FastThreadLocalRunnable.run(FastThreadLocalRunnable.java:30)
	... 1 more
Caused by: java.net.ConnectException: Connection refused
	... 11 more
2019-07-13 09:18:21,771 INFO  impl.RaftServerImpl (RaftServerImpl.java:setRole(171)) - 69012c72-a113-4648-bf06-cf2148c5ab6d:group-8175DF6E67B8 changes role from CANDIDATE to FOLLOWER at term 2 for DISCOVERED_A_NEW_TERM
2019-07-13 09:18:21,771 INFO  impl.RoleInfo (RoleInfo.java:shutdownLeaderElection(134)) - 69012c72-a113-4648-bf06-cf2148c5ab6d: shutdown LeaderElection
2019-07-13 09:18:21,771 INFO  impl.RoleInfo (RoleInfo.java:updateAndGet(143)) - 69012c72-a113-4648-bf06-cf2148c5ab6d: start FollowerState
2019-07-13 09:18:23,709 INFO  node.StaleNodeHandler (StaleNodeHandler.java:onMessage(58)) - Datanode 69012c72-a113-4648-bf06-cf2148c5ab6d{ip: 192.168.69.96, host: trunk-nightly-hmp62-43275749, networkLocation: /default-rack, certSerialId: null} moved to stale state. Finalizing its pipelines [PipelineID=365b52aa-e02d-4a72-8c2d-8175df6e67b8, PipelineID=e8966fb2-caf8-41eb-94be-39bf5711d7d3]
2019-07-13 09:18:23,709 INFO  pipeline.SCMPipelineManager (SCMPipelineManager.java:finalizeAndDestroyPipeline(309)) - destroying pipeline:Pipeline[ Id: 365b52aa-e02d-4a72-8c2d-8175df6e67b8, Nodes: 69012c72-a113-4648-bf06-cf2148c5ab6d{ip: 192.168.69.96, host: trunk-nightly-hmp62-43275749, networkLocation: /default-rack, certSerialId: null}fc955830-2cac-4c8b-b78a-68d87f4dec05{ip: 192.168.69.96, host: trunk-nightly-hmp62-43275749, networkLocation: /default-rack, certSerialId: null}8cec96c7-7b7b-4772-9427-16e2c732dc6c{ip: 192.168.69.96, host: trunk-nightly-hmp62-43275749, networkLocation: /default-rack, certSerialId: null}, Type:RATIS, Factor:THREE, State:CLOSED]
2019-07-13 09:18:23,709 INFO  pipeline.SCMPipelineManager (SCMPipelineManager.java:finalizeAndDestroyPipeline(309)) - destroying pipeline:Pipeline[ Id: e8966fb2-caf8-41eb-94be-39bf5711d7d3, Nodes: 69012c72-a113-4648-bf06-cf2148c5ab6d{ip: 192.168.69.96, host: trunk-nightly-hmp62-43275749, networkLocation: /default-rack, certSerialId: null}, Type:RATIS, Factor:ONE, State:OPEN]
2019-07-13 09:18:23,709 INFO  pipeline.PipelineStateManager (PipelineStateManager.java:finalizePipeline(123)) - Pipeline Pipeline[ Id: e8966fb2-caf8-41eb-94be-39bf5711d7d3, Nodes: 69012c72-a113-4648-bf06-cf2148c5ab6d{ip: 192.168.69.96, host: trunk-nightly-hmp62-43275749, networkLocation: /default-rack, certSerialId: null}, Type:RATIS, Factor:ONE, State:CLOSED] moved to CLOSED state
2019-07-13 09:18:24,392 INFO  ozoneimpl.OzoneContainer (OzoneContainer.java:stop(199)) - Attempting to stop container services.
2019-07-13 09:18:24,393 INFO  impl.RaftServerProxy (RaftServerProxy.java:lambda$close$4(314)) - 69012c72-a113-4648-bf06-cf2148c5ab6d: close
2019-07-13 09:18:24,394 INFO  impl.RaftServerImpl (RaftServerImpl.java:lambda$shutdown$3(245)) - 69012c72-a113-4648-bf06-cf2148c5ab6d: shutdown group-8175DF6E67B8
2019-07-13 09:18:24,394 INFO  util.JmxRegister (JmxRegister.java:unregister(73)) - Successfully un-registered JMX Bean with object name Ratis:service=RaftServer,group=group-8175DF6E67B8,id=69012c72-a113-4648-bf06-cf2148c5ab6d
2019-07-13 09:18:24,395 INFO  impl.RoleInfo (RoleInfo.java:shutdownFollowerState(121)) - 69012c72-a113-4648-bf06-cf2148c5ab6d: shutdown FollowerState
2019-07-13 09:18:24,395 INFO  impl.StateMachineUpdater (StateMachineUpdater.java:stopAndJoin(115)) - StateMachineUpdater:69012c72-a113-4648-bf06-cf2148c5ab6d:group-8175DF6E67B8: set stopIndex = 33
2019-07-13 09:18:24,395 INFO  impl.FollowerState (FollowerState.java:run(114)) - 69012c72-a113-4648-bf06-cf2148c5ab6d: FollowerState was interrupted: java.lang.InterruptedException: sleep interrupted
2019-07-13 09:18:24,395 INFO  ratis.ContainerStateMachine (ContainerStateMachine.java:takeSnapshot(246)) - Taking snapshot at termIndex:(t:1, i:31)
2019-07-13 09:18:24,397 INFO  ratis.ContainerStateMachine (ContainerStateMachine.java:takeSnapshot(250)) - Taking a snapshot to file /tmp/workdir/hadoop-ozone/integration-test/target/test-dir/MiniOzoneClusterImpl-c8202114-a271-4ee2-b51f-a8df28038b75/datanode-5/data/ratis/365b52aa-e02d-4a72-8c2d-8175df6e67b8/sm/snapshot.1_31
2019-07-13 09:18:24,397 INFO  impl.StateMachineUpdater (StateMachineUpdater.java:takeSnapshot(242)) - StateMachineUpdater:69012c72-a113-4648-bf06-cf2148c5ab6d:group-8175DF6E67B8: Took a snapshot at index 31
2019-07-13 09:18:24,398 INFO  impl.StateMachineUpdater (StateMachineUpdater.java:lambda$new$0(80)) - StateMachineUpdater:69012c72-a113-4648-bf06-cf2148c5ab6d:group-8175DF6E67B8: snapshotIndex: updateIncreasingly -1 -> 31
2019-07-13 09:18:24,398 INFO  impl.RaftServerImpl (ServerState.java:close(394)) - 69012c72-a113-4648-bf06-cf2148c5ab6d:group-8175DF6E67B8 closes. The last applied log index is 33
2019-07-13 09:18:24,399 INFO  segmented.SegmentedRaftLogWorker (SegmentedRaftLogWorker.java:run(313)) - 69012c72-a113-4648-bf06-cf2148c5ab6d-SegmentedRaftLogWorker:Storage Directory /tmp/workdir/hadoop-ozone/integration-test/target/test-dir/MiniOzoneClusterImpl-c8202114-a271-4ee2-b51f-a8df28038b75/datanode-5/data/ratis/365b52aa-e02d-4a72-8c2d-8175df6e67b8 was interrupted, exiting. There are 0 tasks remaining in the queue.
2019-07-13 09:18:24,399 INFO  segmented.SegmentedRaftLogWorker (SegmentedRaftLogWorker.java:close(228)) - 69012c72-a113-4648-bf06-cf2148c5ab6d-SegmentedRaftLogWorker:Storage Directory /tmp/workdir/hadoop-ozone/integration-test/target/test-dir/MiniOzoneClusterImpl-c8202114-a271-4ee2-b51f-a8df28038b75/datanode-5/data/ratis/365b52aa-e02d-4a72-8c2d-8175df6e67b8 close()
2019-07-13 09:18:24,401 INFO  impl.RaftServerImpl (RaftServerImpl.java:lambda$shutdown$3(245)) - 69012c72-a113-4648-bf06-cf2148c5ab6d: shutdown group-39BF5711D7D3
2019-07-13 09:18:24,401 INFO  util.JmxRegister (JmxRegister.java:unregister(73)) - Successfully un-registered JMX Bean with object name Ratis:service=RaftServer,group=group-39BF5711D7D3,id=69012c72-a113-4648-bf06-cf2148c5ab6d
2019-07-13 09:18:24,401 INFO  impl.RoleInfo (RoleInfo.java:shutdownLeaderState(104)) - 69012c72-a113-4648-bf06-cf2148c5ab6d: shutdown LeaderState
2019-07-13 09:18:24,402 INFO  impl.PendingRequests (PendingRequests.java:sendNotLeaderResponses(202)) - 69012c72-a113-4648-bf06-cf2148c5ab6d-PendingRequests: sendNotLeaderResponses
2019-07-13 09:18:24,402 INFO  impl.StateMachineUpdater (StateMachineUpdater.java:stopAndJoin(115)) - StateMachineUpdater:69012c72-a113-4648-bf06-cf2148c5ab6d:group-39BF5711D7D3: set stopIndex = 0
2019-07-13 09:18:24,402 INFO  ratis.ContainerStateMachine (ContainerStateMachine.java:takeSnapshot(246)) - Taking snapshot at termIndex:(t:0, i:~)
2019-07-13 09:18:24,403 INFO  impl.RaftServerImpl (ServerState.java:close(394)) - 69012c72-a113-4648-bf06-cf2148c5ab6d:group-39BF5711D7D3 closes. The last applied log index is 0
2019-07-13 09:18:24,404 INFO  segmented.SegmentedRaftLogWorker (SegmentedRaftLogWorker.java:run(313)) - 69012c72-a113-4648-bf06-cf2148c5ab6d-SegmentedRaftLogWorker:Storage Directory /tmp/workdir/hadoop-ozone/integration-test/target/test-dir/MiniOzoneClusterImpl-c8202114-a271-4ee2-b51f-a8df28038b75/datanode-5/data/ratis/e8966fb2-caf8-41eb-94be-39bf5711d7d3 was interrupted, exiting. There are 0 tasks remaining in the queue.
2019-07-13 09:18:24,404 INFO  segmented.SegmentedRaftLogWorker (SegmentedRaftLogWorker.java:close(228)) - 69012c72-a113-4648-bf06-cf2148c5ab6d-SegmentedRaftLogWorker:Storage Directory /tmp/workdir/hadoop-ozone/integration-test/target/test-dir/MiniOzoneClusterImpl-c8202114-a271-4ee2-b51f-a8df28038b75/datanode-5/data/ratis/e8966fb2-caf8-41eb-94be-39bf5711d7d3 close()
2019-07-13 09:18:24,406 INFO  server.GrpcService (GrpcService.java:closeImpl(155)) - 69012c72-a113-4648-bf06-cf2148c5ab6d: shutdown server with port 41915 now
2019-07-13 09:18:24,406 INFO  server.GrpcService (GrpcService.java:closeImpl(163)) - 69012c72-a113-4648-bf06-cf2148c5ab6d: shutdown server with port 41915 successfully
2019-07-13 09:18:24,407 INFO  utils.BackgroundService (BackgroundService.java:shutdown(148)) - Shutting down service BlockDeletingService
2019-07-13 09:18:24,409 WARN  fs.CachingGetSpaceUsed (CachingGetSpaceUsed.java:run(183)) - Thread Interrupted waiting to refresh disk information: sleep interrupted
2019-07-13 09:18:24,426 INFO  statemachine.DatanodeStateMachine (DatanodeStateMachine.java:stopDaemon(395)) - Ozone container server stopped.
2019-07-13 09:18:24,439 INFO  handler.ContextHandler (ContextHandler.java:doStop(910)) - Stopped o.e.j.w.WebAppContext@46e03c31{/,null,UNAVAILABLE}{/hddsDatanode}
2019-07-13 09:18:24,439 INFO  server.AbstractConnector (AbstractConnector.java:doStop(318)) - Stopped ServerConnector@24cf1abf{HTTP/1.1,[http/1.1]}{0.0.0.0:0}
2019-07-13 09:18:24,440 INFO  handler.ContextHandler (ContextHandler.java:doStop(910)) - Stopped o.e.j.s.ServletContextHandler@221ec884{/static,jar:file:/home/user/.m2/repository/org/apache/hadoop/hadoop-hdds-container-service/0.5.0-SNAPSHOT/hadoop-hdds-container-service-0.5.0-SNAPSHOT.jar!/webapps/static,UNAVAILABLE}
2019-07-13 09:18:24,440 INFO  handler.ContextHandler (ContextHandler.java:doStop(910)) - Stopped o.e.j.s.ServletContextHandler@2b811d1c{/logs,file:///tmp/workdir/hadoop-ozone/integration-test/target/log,UNAVAILABLE}
2019-07-13 09:18:24,441 INFO  ozone.MiniOzoneClusterImpl (MiniOzoneClusterImpl.java:stop(353)) - Stopping the StorageContainerManager
2019-07-13 09:18:24,441 INFO  server.StorageContainerManager (StorageContainerManager.java:stop(796)) - Stopping Replication Manager Service.
2019-07-13 09:18:24,442 INFO  container.ReplicationManager (ReplicationManager.java:stop(187)) - Stopping Replication Monitor Thread.
2019-07-13 09:18:24,442 INFO  server.StorageContainerManager (StorageContainerManager.java:stop(803)) - Stopping Lease Manager of the command watchers
2019-07-13 09:18:24,442 INFO  server.StorageContainerManager (StorageContainerManager.java:stop(810)) - Stopping datanode service RPC server
2019-07-13 09:18:24,442 INFO  server.SCMDatanodeProtocolServer (SCMDatanodeProtocolServer.java:stop(375)) - Stopping the RPC server for DataNodes
2019-07-13 09:18:24,442 INFO  ipc.Server (Server.java:stop(3082)) - Stopping server on 35287
2019-07-13 09:18:24,445 INFO  ipc.Server (Server.java:run(1185)) - Stopping IPC Server listener on 35287
2019-07-13 09:18:24,447 INFO  ipc.Server (Server.java:run(1319)) - Stopping IPC Server Responder
2019-07-13 09:18:24,510 WARN  node.NodeStateManager (NodeStateManager.java:scheduleNextHealthCheck(631)) - Current Thread is interrupted, shutting down HB processing thread for Node Manager.
2019-07-13 09:18:24,510 INFO  server.StorageContainerManager (StorageContainerManager.java:stop(818)) - Stopping block service RPC server
2019-07-13 09:18:24,510 INFO  server.SCMBlockProtocolServer (SCMBlockProtocolServer.java:stop(148)) - Stopping the RPC server for Block Protocol
2019-07-13 09:18:24,510 INFO  ipc.Server (Server.java:stop(3082)) - Stopping server on 37169
2019-07-13 09:18:24,512 INFO  ipc.Server (Server.java:run(1185)) - Stopping IPC Server listener on 37169
2019-07-13 09:18:24,512 INFO  server.StorageContainerManager (StorageContainerManager.java:stop(825)) - Stopping the StorageContainerLocationProtocol RPC server
2019-07-13 09:18:24,515 INFO  server.SCMClientProtocolServer (SCMClientProtocolServer.java:stop(157)) - Stopping the RPC server for Client Protocol
2019-07-13 09:18:24,515 INFO  ipc.Server (Server.java:stop(3082)) - Stopping server on 33721
2019-07-13 09:18:24,515 INFO  ipc.Server (Server.java:run(1319)) - Stopping IPC Server Responder
2019-07-13 09:18:24,517 INFO  ipc.Server (Server.java:run(1185)) - Stopping IPC Server listener on 33721
2019-07-13 09:18:24,517 INFO  server.StorageContainerManager (StorageContainerManager.java:stop(832)) - Stopping Storage Container Manager HTTP server.
2019-07-13 09:18:24,519 INFO  ipc.Server (Server.java:run(1319)) - Stopping IPC Server Responder
2019-07-13 09:18:24,519 INFO  handler.ContextHandler (ContextHandler.java:doStop(910)) - Stopped o.e.j.w.WebAppContext@44f433db{/,null,UNAVAILABLE}{/scm}
2019-07-13 09:18:24,520 INFO  server.AbstractConnector (AbstractConnector.java:doStop(318)) - Stopped ServerConnector@38388639{HTTP/1.1,[http/1.1]}{0.0.0.0:0}
2019-07-13 09:18:24,520 INFO  handler.ContextHandler (ContextHandler.java:doStop(910)) - Stopped o.e.j.s.ServletContextHandler@55cd41f7{/static,file:///tmp/workdir/hadoop-ozone/integration-test/target/test-classes/webapps/static,UNAVAILABLE}
2019-07-13 09:18:24,521 INFO  handler.ContextHandler (ContextHandler.java:doStop(910)) - Stopped o.e.j.s.ServletContextHandler@6b09fcda{/logs,file:///tmp/workdir/hadoop-ozone/integration-test/target/log,UNAVAILABLE}
2019-07-13 09:18:24,522 INFO  server.StorageContainerManager (StorageContainerManager.java:stop(843)) - Stopping Block Manager Service.
2019-07-13 09:18:24,522 INFO  utils.BackgroundService (BackgroundService.java:shutdown(148)) - Shutting down service SCMBlockDeletingService
2019-07-13 09:18:24,522 INFO  utils.BackgroundService (BackgroundService.java:shutdown(148)) - Shutting down service SCMBlockDeletingService
2019-07-13 09:18:24,523 INFO  server.StorageContainerManager (StorageContainerManager.java:stop(865)) - Stopping SCM Event Queue.
2019-07-13 09:18:24,538 INFO  impl.MetricsSystemImpl (MetricsSystemImpl.java:stop(210)) - Stopping HddsDatanode metrics system...
2019-07-13 09:18:24,549 INFO  impl.MetricsSystemImpl (MetricsSystemImpl.java:stop(216)) - HddsDatanode metrics system stopped.
]]></system-out>
    <system-err><![CDATA[Jul 13, 2019 9:17:51 AM com.sun.jersey.server.impl.application.WebApplicationImpl _initiate
INFO: Initiating Jersey application, version 'Jersey: 1.19 02/11/2015 03:25 AM'
Jul 13, 2019 9:17:51 AM com.sun.jersey.server.impl.application.WebApplicationImpl _initiate
INFO: Initiating Jersey application, version 'Jersey: 1.19 02/11/2015 03:25 AM'
Jul 13, 2019 9:17:51 AM com.sun.jersey.server.impl.application.WebApplicationImpl _initiate
INFO: Initiating Jersey application, version 'Jersey: 1.19 02/11/2015 03:25 AM'
Jul 13, 2019 9:17:51 AM com.sun.jersey.server.impl.application.WebApplicationImpl _initiate
INFO: Initiating Jersey application, version 'Jersey: 1.19 02/11/2015 03:25 AM'
Jul 13, 2019 9:17:52 AM com.sun.jersey.server.impl.application.WebApplicationImpl _initiate
INFO: Initiating Jersey application, version 'Jersey: 1.19 02/11/2015 03:25 AM'
Jul 13, 2019 9:17:52 AM com.sun.jersey.server.impl.application.WebApplicationImpl _initiate
INFO: Initiating Jersey application, version 'Jersey: 1.19 02/11/2015 03:25 AM'
Jul 13, 2019 9:17:52 AM com.sun.jersey.server.impl.application.WebApplicationImpl _initiate
INFO: Initiating Jersey application, version 'Jersey: 1.19 02/11/2015 03:25 AM'
Jul 13, 2019 9:18:11 AM org.apache.ratis.thirdparty.io.grpc.internal.ManagedChannelOrphanWrapper$ManagedChannelReference cleanQueue
SEVERE: *~*~*~ Channel ManagedChannelImpl{logId=3115, target=192.168.69.96:42799} was not shutdown properly!!! ~*~*~*
    Make sure to call shutdown()/shutdownNow() and wait until awaitTermination() returns true.
java.lang.RuntimeException: ManagedChannel allocation site
	at org.apache.ratis.thirdparty.io.grpc.internal.ManagedChannelOrphanWrapper$ManagedChannelReference.<init>(ManagedChannelOrphanWrapper.java:103)
	at org.apache.ratis.thirdparty.io.grpc.internal.ManagedChannelOrphanWrapper.<init>(ManagedChannelOrphanWrapper.java:53)
	at org.apache.ratis.thirdparty.io.grpc.internal.ManagedChannelOrphanWrapper.<init>(ManagedChannelOrphanWrapper.java:44)
	at org.apache.ratis.thirdparty.io.grpc.internal.AbstractManagedChannelImplBuilder.build(AbstractManagedChannelImplBuilder.java:411)
	at org.apache.ratis.grpc.client.GrpcClientProtocolClient.<init>(GrpcClientProtocolClient.java:119)
	at org.apache.ratis.grpc.client.GrpcClientRpc.lambda$new$0(GrpcClientRpc.java:55)
	at org.apache.ratis.util.PeerProxyMap$PeerAndProxy.lambda$getProxy$0(PeerProxyMap.java:61)
	at org.apache.ratis.util.LifeCycle.startAndTransition(LifeCycle.java:202)
	at org.apache.ratis.util.PeerProxyMap$PeerAndProxy.getProxy(PeerProxyMap.java:60)
	at org.apache.ratis.util.PeerProxyMap.getProxy(PeerProxyMap.java:107)
	at org.apache.ratis.grpc.client.GrpcClientRpc.sendRequestAsync(GrpcClientRpc.java:66)
	at org.apache.ratis.client.impl.OrderedAsync.sendRequest(OrderedAsync.java:208)
	at org.apache.ratis.client.impl.OrderedAsync.sendRequestWithRetry(OrderedAsync.java:169)
	at org.apache.ratis.util.SlidingWindow$Client.sendOrDelayRequest(SlidingWindow.java:278)
	at org.apache.ratis.util.SlidingWindow$Client.retry(SlidingWindow.java:294)
	at org.apache.ratis.client.impl.OrderedAsync.lambda$scheduleWithTimeout$7(OrderedAsync.java:195)
	at org.apache.ratis.util.TimeoutScheduler.lambda$onTimeout$0(TimeoutScheduler.java:85)
	at org.apache.ratis.util.TimeoutScheduler.lambda$onTimeout$1(TimeoutScheduler.java:104)
	at org.apache.ratis.util.LogUtils.runAndLog(LogUtils.java:50)
	at org.apache.ratis.util.LogUtils$1.run(LogUtils.java:91)
	at java.util.concurrent.Executors$RunnableAdapter.call(Executors.java:511)
	at java.util.concurrent.FutureTask.run(FutureTask.java:266)
	at java.util.concurrent.ScheduledThreadPoolExecutor$ScheduledFutureTask.access$201(ScheduledThreadPoolExecutor.java:180)
	at java.util.concurrent.ScheduledThreadPoolExecutor$ScheduledFutureTask.run(ScheduledThreadPoolExecutor.java:293)
	at java.util.concurrent.ThreadPoolExecutor.runWorker(ThreadPoolExecutor.java:1149)
	at java.util.concurrent.ThreadPoolExecutor$Worker.run(ThreadPoolExecutor.java:624)
	at java.lang.Thread.run(Thread.java:748)

]]></system-err>
  </testcase>
  <testcase name="testExceptionDuringClose" classname="org.apache.hadoop.ozone.client.rpc.TestBlockOutputStreamWithFailures" time="34.031">
    <error type="java.lang.IllegalArgumentException">java.lang.IllegalArgumentException
	at com.google.common.base.Preconditions.checkArgument(Preconditions.java:72)
	at org.apache.hadoop.hdds.scm.XceiverClientManager.acquireClient(XceiverClientManager.java:150)
	at org.apache.hadoop.hdds.scm.XceiverClientManager.acquireClientForReadData(XceiverClientManager.java:143)
	at org.apache.hadoop.hdds.scm.storage.BlockInputStream.getChunkInfos(BlockInputStream.java:154)
	at org.apache.hadoop.hdds.scm.storage.BlockInputStream.initialize(BlockInputStream.java:118)
	at org.apache.hadoop.hdds.scm.storage.BlockInputStream.read(BlockInputStream.java:222)
	at org.apache.hadoop.ozone.client.io.KeyInputStream.read(KeyInputStream.java:171)
	at org.apache.hadoop.ozone.client.io.OzoneInputStream.read(OzoneInputStream.java:47)
	at java.io.InputStream.read(InputStream.java:101)
	at org.apache.hadoop.ozone.container.ContainerTestHelper.validateData(ContainerTestHelper.java:709)
	at org.apache.hadoop.ozone.client.rpc.TestBlockOutputStreamWithFailures.validateData(TestBlockOutputStreamWithFailures.java:1212)
	at org.apache.hadoop.ozone.client.rpc.TestBlockOutputStreamWithFailures.testExceptionDuringClose(TestBlockOutputStreamWithFailures.java:773)
	at sun.reflect.NativeMethodAccessorImpl.invoke0(Native Method)
	at sun.reflect.NativeMethodAccessorImpl.invoke(NativeMethodAccessorImpl.java:62)
	at sun.reflect.DelegatingMethodAccessorImpl.invoke(DelegatingMethodAccessorImpl.java:43)
	at java.lang.reflect.Method.invoke(Method.java:498)
	at org.junit.runners.model.FrameworkMethod$1.runReflectiveCall(FrameworkMethod.java:47)
	at org.junit.internal.runners.model.ReflectiveCallable.run(ReflectiveCallable.java:12)
	at org.junit.runners.model.FrameworkMethod.invokeExplosively(FrameworkMethod.java:44)
	at org.junit.internal.runners.statements.InvokeMethod.evaluate(InvokeMethod.java:17)
	at org.junit.internal.runners.statements.RunBefores.evaluate(RunBefores.java:26)
	at org.junit.internal.runners.statements.RunAfters.evaluate(RunAfters.java:27)
	at org.junit.runners.ParentRunner.runLeaf(ParentRunner.java:271)
	at org.junit.runners.BlockJUnit4ClassRunner.runChild(BlockJUnit4ClassRunner.java:70)
	at org.junit.runners.BlockJUnit4ClassRunner.runChild(BlockJUnit4ClassRunner.java:50)
	at org.junit.runners.ParentRunner$3.run(ParentRunner.java:238)
	at org.junit.runners.ParentRunner$1.schedule(ParentRunner.java:63)
	at org.junit.runners.ParentRunner.runChildren(ParentRunner.java:236)
	at org.junit.runners.ParentRunner.access$000(ParentRunner.java:53)
	at org.junit.runners.ParentRunner$2.evaluate(ParentRunner.java:229)
	at org.junit.runners.ParentRunner.run(ParentRunner.java:309)
	at org.apache.maven.surefire.junit4.JUnit4Provider.execute(JUnit4Provider.java:365)
	at org.apache.maven.surefire.junit4.JUnit4Provider.executeWithRerun(JUnit4Provider.java:273)
	at org.apache.maven.surefire.junit4.JUnit4Provider.executeTestSet(JUnit4Provider.java:238)
	at org.apache.maven.surefire.junit4.JUnit4Provider.invoke(JUnit4Provider.java:159)
	at org.apache.maven.surefire.booter.ForkedBooter.invokeProviderInSameClassLoader(ForkedBooter.java:384)
	at org.apache.maven.surefire.booter.ForkedBooter.runSuitesInProcess(ForkedBooter.java:345)
	at org.apache.maven.surefire.booter.ForkedBooter.execute(ForkedBooter.java:126)
	at org.apache.maven.surefire.booter.ForkedBooter.main(ForkedBooter.java:418)
</error>
    <system-out><![CDATA[2019-07-13 09:18:24,608 WARN  server.ServerUtils (ServerUtils.java:getScmDbDir(145)) - ozone.scm.db.dirs is not configured. We recommend adding this setting. Falling back to ozone.metadata.dirs instead.
2019-07-13 09:18:24,614 WARN  server.ServerUtils (ServerUtils.java:getScmDbDir(145)) - ozone.scm.db.dirs is not configured. We recommend adding this setting. Falling back to ozone.metadata.dirs instead.
2019-07-13 09:18:24,615 WARN  server.ServerUtils (ServerUtils.java:getScmDbDir(145)) - ozone.scm.db.dirs is not configured. We recommend adding this setting. Falling back to ozone.metadata.dirs instead.
2019-07-13 09:18:24,615 INFO  db.DBStoreBuilder (DBStoreBuilder.java:addTable(110)) - using custom profile for table: deletedBlocks
2019-07-13 09:18:24,615 INFO  db.DBStoreBuilder (DBStoreBuilder.java:processTables(161)) - Using default column profile:DBProfile.DISK for Table:deletedBlocks
2019-07-13 09:18:24,616 INFO  db.DBStoreBuilder (DBStoreBuilder.java:addTable(110)) - using custom profile for table: validCerts
2019-07-13 09:18:24,616 INFO  db.DBStoreBuilder (DBStoreBuilder.java:processTables(161)) - Using default column profile:DBProfile.DISK for Table:validCerts
2019-07-13 09:18:24,616 INFO  db.DBStoreBuilder (DBStoreBuilder.java:addTable(110)) - using custom profile for table: revokedCerts
2019-07-13 09:18:24,616 INFO  db.DBStoreBuilder (DBStoreBuilder.java:processTables(161)) - Using default column profile:DBProfile.DISK for Table:revokedCerts
2019-07-13 09:18:24,617 INFO  db.DBStoreBuilder (DBStoreBuilder.java:addTable(110)) - using custom profile for table: default
2019-07-13 09:18:24,617 INFO  db.DBStoreBuilder (DBStoreBuilder.java:processTables(167)) - Using default column profile:DBProfile.DISK for Table:default
2019-07-13 09:18:24,617 INFO  db.DBStoreBuilder (DBStoreBuilder.java:getDbProfile(198)) - Using default options. DBProfile.DISK
2019-07-13 09:18:24,681 INFO  net.NodeSchemaLoader (NodeSchemaLoader.java:loadSchemaFromFile(125)) - Loading file from sun.misc.CompoundEnumeration@42017162
2019-07-13 09:18:24,681 INFO  net.NodeSchemaLoader (NodeSchemaLoader.java:loadSchema(171)) - Loading network topology layer schema file
2019-07-13 09:18:24,687 INFO  node.SCMNodeManager (SCMNodeManager.java:<init>(119)) - Entering startup safe mode.
2019-07-13 09:18:24,688 WARN  server.ServerUtils (ServerUtils.java:getScmDbDir(145)) - ozone.scm.db.dirs is not configured. We recommend adding this setting. Falling back to ozone.metadata.dirs instead.
2019-07-13 09:18:24,709 INFO  pipeline.SCMPipelineManager (SCMPipelineManager.java:initializePipelineState(126)) - No pipeline exists in current db
2019-07-13 09:18:24,710 WARN  server.ServerUtils (ServerUtils.java:getScmDbDir(145)) - ozone.scm.db.dirs is not configured. We recommend adding this setting. Falling back to ozone.metadata.dirs instead.
2019-07-13 09:18:24,731 WARN  events.EventQueue (EventQueue.java:fireEvent(175)) - No event handler registered for event TypedEvent{payloadType=SafeModeStatus, name='SafeModeStatus'}
2019-07-13 09:18:24,732 INFO  ipc.CallQueueManager (CallQueueManager.java:<init>(84)) - Using callQueue: class java.util.concurrent.LinkedBlockingQueue, queueCapacity: 2000, scheduler: class org.apache.hadoop.ipc.DefaultRpcScheduler, ipcBackoff: false.
2019-07-13 09:18:24,732 INFO  ipc.Server (Server.java:run(1074)) - Starting Socket Reader #1 for port 38260
2019-07-13 09:18:24,734 INFO  ipc.CallQueueManager (CallQueueManager.java:<init>(84)) - Using callQueue: class java.util.concurrent.LinkedBlockingQueue, queueCapacity: 2000, scheduler: class org.apache.hadoop.ipc.DefaultRpcScheduler, ipcBackoff: false.
2019-07-13 09:18:24,734 INFO  ipc.Server (Server.java:run(1074)) - Starting Socket Reader #1 for port 43532
2019-07-13 09:18:24,738 INFO  ipc.CallQueueManager (CallQueueManager.java:<init>(84)) - Using callQueue: class java.util.concurrent.LinkedBlockingQueue, queueCapacity: 2000, scheduler: class org.apache.hadoop.ipc.DefaultRpcScheduler, ipcBackoff: false.
2019-07-13 09:18:24,739 INFO  ipc.Server (Server.java:run(1074)) - Starting Socket Reader #1 for port 45718
2019-07-13 09:18:24,742 INFO  hdfs.DFSUtil (DFSUtil.java:httpServerTemplateForNNAndJN(1641)) - Starting Web-server for scm at: http://0.0.0.0:0
2019-07-13 09:18:24,745 INFO  server.AuthenticationFilter (AuthenticationFilter.java:constructSecretProvider(240)) - Unable to initialize FileSignerSecretProvider, falling back to use random secrets.
2019-07-13 09:18:24,745 WARN  http.HttpRequestLog (HttpRequestLog.java:getRequestLog(97)) - Jetty request log can only be enabled using Log4j
2019-07-13 09:18:24,748 INFO  http.HttpServer2 (HttpServer2.java:addGlobalFilter(975)) - Added global filter 'safety' (class=org.apache.hadoop.http.HttpServer2$QuotingInputFilter)
2019-07-13 09:18:24,748 INFO  http.HttpServer2 (HttpServer2.java:addFilter(948)) - Added filter static_user_filter (class=org.apache.hadoop.http.lib.StaticUserWebFilter$StaticUserFilter) to context scm
2019-07-13 09:18:24,749 INFO  http.HttpServer2 (HttpServer2.java:addFilter(958)) - Added filter static_user_filter (class=org.apache.hadoop.http.lib.StaticUserWebFilter$StaticUserFilter) to context static
2019-07-13 09:18:24,749 INFO  http.HttpServer2 (HttpServer2.java:addFilter(958)) - Added filter static_user_filter (class=org.apache.hadoop.http.lib.StaticUserWebFilter$StaticUserFilter) to context logs
2019-07-13 09:18:24,751 INFO  server.StorageContainerManager (StorageContainerManager.java:start(759)) - StorageContainerLocationProtocol RPC server is listening at /0.0.0.0:45718
2019-07-13 09:18:24,753 WARN  impl.MetricsConfig (MetricsConfig.java:loadFirst(134)) - Cannot locate configuration: tried hadoop-metrics2-storagecontainermanager.properties,hadoop-metrics2.properties
2019-07-13 09:18:24,754 INFO  impl.MetricsSystemImpl (MetricsSystemImpl.java:startTimer(374)) - Scheduled Metric snapshot period at 10 second(s).
2019-07-13 09:18:24,755 INFO  impl.MetricsSystemImpl (MetricsSystemImpl.java:start(191)) - StorageContainerManager metrics system started
2019-07-13 09:18:24,826 INFO  server.SCMClientProtocolServer (SCMClientProtocolServer.java:start(149)) - RPC server for Client  is listening at /0.0.0.0:45718
2019-07-13 09:18:24,826 INFO  ipc.Server (Server.java:run(1314)) - IPC Server Responder: starting
2019-07-13 09:18:24,827 INFO  ipc.Server (Server.java:run(1153)) - IPC Server listener on 45718: starting
2019-07-13 09:18:24,831 INFO  server.StorageContainerManager (StorageContainerManager.java:start(768)) - ScmBlockLocationProtocol RPC server is listening at /0.0.0.0:43532
2019-07-13 09:18:24,831 INFO  server.SCMBlockProtocolServer (SCMBlockProtocolServer.java:start(140)) - RPC server for Block Protocol is listening at /0.0.0.0:43532
2019-07-13 09:18:24,832 INFO  ipc.Server (Server.java:run(1314)) - IPC Server Responder: starting
2019-07-13 09:18:24,832 INFO  ipc.Server (Server.java:run(1153)) - IPC Server listener on 43532: starting
2019-07-13 09:18:24,836 INFO  server.StorageContainerManager (StorageContainerManager.java:start(772)) - ScmDatanodeProtocl RPC server is listening at /0.0.0.0:38260
2019-07-13 09:18:24,836 INFO  server.SCMDatanodeProtocolServer (SCMDatanodeProtocolServer.java:start(191)) - RPC server for DataNodes is listening at /0.0.0.0:38260
2019-07-13 09:18:24,837 INFO  ipc.Server (Server.java:run(1314)) - IPC Server Responder: starting
2019-07-13 09:18:24,837 INFO  ipc.Server (Server.java:run(1153)) - IPC Server listener on 38260: starting
2019-07-13 09:18:24,842 INFO  http.HttpServer2 (HttpServer2.java:bindListener(1191)) - Jetty bound to port 39611
2019-07-13 09:18:24,842 INFO  server.Server (Server.java:doStart(351)) - jetty-9.3.24.v20180605, build timestamp: 2018-06-05T17:11:56Z, git hash: 84205aa28f11a4f31f2a3b86d1bba2cc8ab69827
2019-07-13 09:18:24,844 INFO  handler.ContextHandler (ContextHandler.java:doStart(781)) - Started o.e.j.s.ServletContextHandler@6e8e1a98{/logs,file:///tmp/workdir/hadoop-ozone/integration-test/target/log,AVAILABLE}
2019-07-13 09:18:24,844 INFO  handler.ContextHandler (ContextHandler.java:doStart(781)) - Started o.e.j.s.ServletContextHandler@65e503a7{/static,file:///tmp/workdir/hadoop-ozone/integration-test/target/test-classes/webapps/static,AVAILABLE}
2019-07-13 09:18:24,849 INFO  handler.ContextHandler (ContextHandler.java:doStart(781)) - Started o.e.j.w.WebAppContext@84f0686{/,file:///tmp/workdir/hadoop-ozone/integration-test/target/test-classes/webapps/scm/,AVAILABLE}{/scm}
2019-07-13 09:18:24,850 INFO  server.AbstractConnector (AbstractConnector.java:doStart(278)) - Started ServerConnector@7b6846c6{HTTP/1.1,[http/1.1]}{0.0.0.0:39611}
2019-07-13 09:18:24,853 INFO  server.Server (Server.java:doStart(419)) - Started @640092ms
2019-07-13 09:18:24,855 INFO  server.BaseHttpServer (BaseHttpServer.java:updateConnectorAddress(207)) - HTTP server of SCM is listening at http://0.0.0.0:39611
2019-07-13 09:18:24,855 WARN  server.ServerUtils (ServerUtils.java:getDBPath(222)) - ozone.om.db.dirs is not configured. We recommend adding this setting. Falling back to ozone.metadata.dirs instead.
2019-07-13 09:18:24,856 INFO  util.JvmPauseMonitor (JvmPauseMonitor.java:run(188)) - Starting JVM pause monitor
2019-07-13 09:18:24,862 WARN  server.ServerUtils (ServerUtils.java:getDBPath(222)) - ozone.om.db.dirs is not configured. We recommend adding this setting. Falling back to ozone.metadata.dirs instead.
2019-07-13 09:18:24,863 INFO  om.OzoneManager (OzoneManager.java:setOMNodeDetails(630)) - OM Service ID is not set. Setting it to the default ID: omServiceIdDefault
2019-07-13 09:18:24,863 INFO  om.OzoneManager (OzoneManager.java:setOMNodeDetails(636)) - OM Node ID is not set. Setting it to the OmStorage's OmID: 73baa20b-97eb-434b-b1f6-114e7d3e06d9
2019-07-13 09:18:24,863 INFO  om.OzoneManager (OzoneManager.java:loadOMHAConfigs(587)) - Found matching OM address with OMServiceId: null, OMNodeId: null, RPC Address: localhost:0 and Ratis port: 9872
2019-07-13 09:18:24,872 WARN  server.ServerUtils (ServerUtils.java:getDBPath(222)) - ozone.om.db.dirs is not configured. We recommend adding this setting. Falling back to ozone.metadata.dirs instead.
2019-07-13 09:18:24,872 INFO  db.DBStoreBuilder (DBStoreBuilder.java:addTable(110)) - using custom profile for table: userTable
2019-07-13 09:18:24,872 INFO  db.DBStoreBuilder (DBStoreBuilder.java:processTables(161)) - Using default column profile:DBProfile.DISK for Table:userTable
2019-07-13 09:18:24,873 INFO  db.DBStoreBuilder (DBStoreBuilder.java:addTable(110)) - using custom profile for table: volumeTable
2019-07-13 09:18:24,873 INFO  db.DBStoreBuilder (DBStoreBuilder.java:processTables(161)) - Using default column profile:DBProfile.DISK for Table:volumeTable
2019-07-13 09:18:24,873 INFO  db.DBStoreBuilder (DBStoreBuilder.java:addTable(110)) - using custom profile for table: bucketTable
2019-07-13 09:18:24,873 INFO  db.DBStoreBuilder (DBStoreBuilder.java:processTables(161)) - Using default column profile:DBProfile.DISK for Table:bucketTable
2019-07-13 09:18:24,874 INFO  db.DBStoreBuilder (DBStoreBuilder.java:addTable(110)) - using custom profile for table: keyTable
2019-07-13 09:18:24,874 INFO  db.DBStoreBuilder (DBStoreBuilder.java:processTables(161)) - Using default column profile:DBProfile.DISK for Table:keyTable
2019-07-13 09:18:24,874 INFO  db.DBStoreBuilder (DBStoreBuilder.java:addTable(110)) - using custom profile for table: deletedTable
2019-07-13 09:18:24,874 INFO  db.DBStoreBuilder (DBStoreBuilder.java:processTables(161)) - Using default column profile:DBProfile.DISK for Table:deletedTable
2019-07-13 09:18:24,875 INFO  db.DBStoreBuilder (DBStoreBuilder.java:addTable(110)) - using custom profile for table: openKeyTable
2019-07-13 09:18:24,875 INFO  db.DBStoreBuilder (DBStoreBuilder.java:processTables(161)) - Using default column profile:DBProfile.DISK for Table:openKeyTable
2019-07-13 09:18:24,875 INFO  db.DBStoreBuilder (DBStoreBuilder.java:addTable(110)) - using custom profile for table: s3Table
2019-07-13 09:18:24,875 INFO  db.DBStoreBuilder (DBStoreBuilder.java:processTables(161)) - Using default column profile:DBProfile.DISK for Table:s3Table
2019-07-13 09:18:24,876 INFO  db.DBStoreBuilder (DBStoreBuilder.java:addTable(110)) - using custom profile for table: multipartInfoTable
2019-07-13 09:18:24,876 INFO  db.DBStoreBuilder (DBStoreBuilder.java:processTables(161)) - Using default column profile:DBProfile.DISK for Table:multipartInfoTable
2019-07-13 09:18:24,876 INFO  db.DBStoreBuilder (DBStoreBuilder.java:addTable(110)) - using custom profile for table: dTokenTable
2019-07-13 09:18:24,876 INFO  db.DBStoreBuilder (DBStoreBuilder.java:processTables(161)) - Using default column profile:DBProfile.DISK for Table:dTokenTable
2019-07-13 09:18:24,876 INFO  db.DBStoreBuilder (DBStoreBuilder.java:addTable(110)) - using custom profile for table: s3SecretTable
2019-07-13 09:18:24,877 INFO  db.DBStoreBuilder (DBStoreBuilder.java:processTables(161)) - Using default column profile:DBProfile.DISK for Table:s3SecretTable
2019-07-13 09:18:24,877 INFO  db.DBStoreBuilder (DBStoreBuilder.java:addTable(110)) - using custom profile for table: prefixTable
2019-07-13 09:18:24,877 INFO  db.DBStoreBuilder (DBStoreBuilder.java:processTables(161)) - Using default column profile:DBProfile.DISK for Table:prefixTable
2019-07-13 09:18:24,877 INFO  db.DBStoreBuilder (DBStoreBuilder.java:addTable(110)) - using custom profile for table: default
2019-07-13 09:18:24,877 INFO  db.DBStoreBuilder (DBStoreBuilder.java:processTables(167)) - Using default column profile:DBProfile.DISK for Table:default
2019-07-13 09:18:24,878 INFO  db.DBStoreBuilder (DBStoreBuilder.java:getDbProfile(198)) - Using default options. DBProfile.DISK
2019-07-13 09:18:25,292 INFO  ipc.CallQueueManager (CallQueueManager.java:<init>(84)) - Using callQueue: class java.util.concurrent.LinkedBlockingQueue, queueCapacity: 2000, scheduler: class org.apache.hadoop.ipc.DefaultRpcScheduler, ipcBackoff: false.
2019-07-13 09:18:25,293 INFO  ipc.Server (Server.java:run(1074)) - Starting Socket Reader #1 for port 36935
2019-07-13 09:18:25,306 WARN  server.ServerUtils (ServerUtils.java:getDBPath(222)) - ozone.om.db.dirs is not configured. We recommend adding this setting. Falling back to ozone.metadata.dirs instead.
2019-07-13 09:18:25,306 INFO  om.OzoneManager (OzoneManager.java:start(1228)) - OzoneManager RPC server is listening at localhost/127.0.0.1:36935
2019-07-13 09:18:25,306 INFO  impl.MetricsSystemImpl (MetricsSystemImpl.java:init(158)) - OzoneManager metrics system started (again)
2019-07-13 09:18:25,307 INFO  ipc.Server (Server.java:run(1314)) - IPC Server Responder: starting
2019-07-13 09:18:25,307 INFO  ipc.Server (Server.java:run(1153)) - IPC Server listener on 36935: starting
2019-07-13 09:18:25,314 INFO  hdfs.DFSUtil (DFSUtil.java:httpServerTemplateForNNAndJN(1641)) - Starting Web-server for ozoneManager at: http://0.0.0.0:0
2019-07-13 09:18:25,315 INFO  server.AuthenticationFilter (AuthenticationFilter.java:constructSecretProvider(240)) - Unable to initialize FileSignerSecretProvider, falling back to use random secrets.
2019-07-13 09:18:25,316 WARN  http.HttpRequestLog (HttpRequestLog.java:getRequestLog(97)) - Jetty request log can only be enabled using Log4j
2019-07-13 09:18:25,317 INFO  http.HttpServer2 (HttpServer2.java:addGlobalFilter(975)) - Added global filter 'safety' (class=org.apache.hadoop.http.HttpServer2$QuotingInputFilter)
2019-07-13 09:18:25,317 INFO  http.HttpServer2 (HttpServer2.java:addFilter(948)) - Added filter static_user_filter (class=org.apache.hadoop.http.lib.StaticUserWebFilter$StaticUserFilter) to context ozoneManager
2019-07-13 09:18:25,318 INFO  http.HttpServer2 (HttpServer2.java:addFilter(958)) - Added filter static_user_filter (class=org.apache.hadoop.http.lib.StaticUserWebFilter$StaticUserFilter) to context static
2019-07-13 09:18:25,318 INFO  http.HttpServer2 (HttpServer2.java:addFilter(958)) - Added filter static_user_filter (class=org.apache.hadoop.http.lib.StaticUserWebFilter$StaticUserFilter) to context logs
2019-07-13 09:18:25,318 INFO  http.HttpServer2 (HttpServer2.java:bindListener(1191)) - Jetty bound to port 38936
2019-07-13 09:18:25,318 INFO  server.Server (Server.java:doStart(351)) - jetty-9.3.24.v20180605, build timestamp: 2018-06-05T17:11:56Z, git hash: 84205aa28f11a4f31f2a3b86d1bba2cc8ab69827
2019-07-13 09:18:25,320 INFO  handler.ContextHandler (ContextHandler.java:doStart(781)) - Started o.e.j.s.ServletContextHandler@4ff2ac2d{/logs,file:///tmp/workdir/hadoop-ozone/integration-test/target/log,AVAILABLE}
2019-07-13 09:18:25,320 INFO  handler.ContextHandler (ContextHandler.java:doStart(781)) - Started o.e.j.s.ServletContextHandler@2a654167{/static,file:///tmp/workdir/hadoop-ozone/integration-test/target/test-classes/webapps/static,AVAILABLE}
2019-07-13 09:18:25,324 INFO  handler.ContextHandler (ContextHandler.java:doStart(781)) - Started o.e.j.w.WebAppContext@728ad254{/,file:///tmp/workdir/hadoop-ozone/integration-test/target/test-classes/webapps/ozoneManager/,AVAILABLE}{/ozoneManager}
2019-07-13 09:18:25,324 INFO  server.AbstractConnector (AbstractConnector.java:doStart(278)) - Started ServerConnector@3b590d21{HTTP/1.1,[http/1.1]}{0.0.0.0:38936}
2019-07-13 09:18:25,324 INFO  server.Server (Server.java:doStart(419)) - Started @640567ms
2019-07-13 09:18:25,326 INFO  server.BaseHttpServer (BaseHttpServer.java:updateConnectorAddress(207)) - HTTP server of OZONEMANAGER is listening at http://0.0.0.0:38936
2019-07-13 09:18:25,338 INFO  impl.MetricsSystemImpl (MetricsSystemImpl.java:init(158)) - HddsDatanode metrics system started (again)
2019-07-13 09:18:25,339 INFO  ozone.HddsDatanodeService (HddsDatanodeService.java:start(185)) - HddsDatanodeService host:trunk-nightly-hmp62-43275749 ip:192.168.69.96
2019-07-13 09:18:25,352 INFO  volume.HddsVolume (HddsVolume.java:<init>(176)) - Creating Volume: /tmp/workdir/hadoop-ozone/integration-test/target/test-dir/MiniOzoneClusterImpl-f1122ca9-ffeb-42bd-a1c5-c08209646187/datanode-0/data/containers/hdds of  storage type : DISK and capacity : 52710309888
2019-07-13 09:18:25,352 INFO  volume.VolumeSet (VolumeSet.java:initializeVolumeSet(170)) - Added Volume : /tmp/workdir/hadoop-ozone/integration-test/target/test-dir/MiniOzoneClusterImpl-f1122ca9-ffeb-42bd-a1c5-c08209646187/datanode-0/data/containers/hdds to VolumeSet
2019-07-13 09:18:25,352 INFO  volume.ThrottledAsyncChecker (ThrottledAsyncChecker.java:schedule(140)) - Scheduling a check for org.apache.hadoop.ozone.container.common.volume.HddsVolume@60c95d8
2019-07-13 09:18:25,353 INFO  volume.HddsVolumeChecker (HddsVolumeChecker.java:checkAllVolumes(203)) - Scheduled health check for volume org.apache.hadoop.ozone.container.common.volume.HddsVolume@60c95d8
2019-07-13 09:18:25,366 INFO  impl.RaftServerProxy (ConfUtils.java:logGet(43)) - raft.rpc.type = GRPC (default)
2019-07-13 09:18:25,366 INFO  grpc.GrpcFactory (GrpcFactory.java:checkPooledByteBufAllocatorUseCacheForAllThreads(45)) - PERFORMANCE WARNING: useCacheForAllThreads is true that may cause Netty to create a lot garbage objects and, as a result, trigger GC.
	It is recommended to disable useCacheForAllThreads by setting -Dorg.apache.ratis.thirdparty.io.netty.allocator.useCacheForAllThreads=false in command line.
2019-07-13 09:18:25,367 INFO  grpc.GrpcConfigKeys$Server (ConfUtils.java:logGet(43)) - raft.grpc.server.port = 0 (default)
2019-07-13 09:18:25,367 INFO  server.GrpcService (ConfUtils.java:logGet(43)) - raft.grpc.message.size.max = 33570816 (custom)
2019-07-13 09:18:25,367 INFO  server.RaftServerConfigKeys (ConfUtils.java:logGet(43)) - raft.server.log.appender.buffer.byte-limit = 33554432 (custom)
2019-07-13 09:18:25,367 INFO  server.GrpcService (ConfUtils.java:logGet(43)) - raft.grpc.flow.control.window = 1MB (=1048576) (default)
2019-07-13 09:18:25,368 INFO  server.RaftServerConfigKeys (ConfUtils.java:logGet(43)) - raft.server.rpc.request.timeout = 3000ms (default)
2019-07-13 09:18:25,368 INFO  server.RaftServerConfigKeys (ConfUtils.java:logGet(43)) - raft.server.storage.dir = [/tmp/workdir/hadoop-ozone/integration-test/target/test-dir/MiniOzoneClusterImpl-f1122ca9-ffeb-42bd-a1c5-c08209646187/datanode-0/data/ratis] (custom)
2019-07-13 09:18:25,368 INFO  replication.SimpleContainerDownloader (SimpleContainerDownloader.java:<init>(72)) - Starting container downloader service to copy containers to replicate.
2019-07-13 09:18:25,369 INFO  hdfs.DFSUtil (DFSUtil.java:httpServerTemplateForNNAndJN(1641)) - Starting Web-server for hddsDatanode at: http://0.0.0.0:0
2019-07-13 09:18:25,371 INFO  server.AuthenticationFilter (AuthenticationFilter.java:constructSecretProvider(240)) - Unable to initialize FileSignerSecretProvider, falling back to use random secrets.
2019-07-13 09:18:25,372 WARN  http.HttpRequestLog (HttpRequestLog.java:getRequestLog(97)) - Jetty request log can only be enabled using Log4j
2019-07-13 09:18:25,373 INFO  http.HttpServer2 (HttpServer2.java:addGlobalFilter(975)) - Added global filter 'safety' (class=org.apache.hadoop.http.HttpServer2$QuotingInputFilter)
2019-07-13 09:18:25,373 INFO  http.HttpServer2 (HttpServer2.java:addFilter(948)) - Added filter static_user_filter (class=org.apache.hadoop.http.lib.StaticUserWebFilter$StaticUserFilter) to context hddsDatanode
2019-07-13 09:18:25,373 INFO  http.HttpServer2 (HttpServer2.java:addFilter(958)) - Added filter static_user_filter (class=org.apache.hadoop.http.lib.StaticUserWebFilter$StaticUserFilter) to context static
2019-07-13 09:18:25,373 INFO  http.HttpServer2 (HttpServer2.java:addFilter(958)) - Added filter static_user_filter (class=org.apache.hadoop.http.lib.StaticUserWebFilter$StaticUserFilter) to context logs
2019-07-13 09:18:25,374 INFO  http.HttpServer2 (HttpServer2.java:bindListener(1191)) - Jetty bound to port 46563
2019-07-13 09:18:25,374 INFO  server.Server (Server.java:doStart(351)) - jetty-9.3.24.v20180605, build timestamp: 2018-06-05T17:11:56Z, git hash: 84205aa28f11a4f31f2a3b86d1bba2cc8ab69827
2019-07-13 09:18:25,376 INFO  handler.ContextHandler (ContextHandler.java:doStart(781)) - Started o.e.j.s.ServletContextHandler@7265db9d{/logs,file:///tmp/workdir/hadoop-ozone/integration-test/target/log,AVAILABLE}
2019-07-13 09:18:25,376 INFO  handler.ContextHandler (ContextHandler.java:doStart(781)) - Started o.e.j.s.ServletContextHandler@4b98900b{/static,jar:file:/home/user/.m2/repository/org/apache/hadoop/hadoop-hdds-container-service/0.5.0-SNAPSHOT/hadoop-hdds-container-service-0.5.0-SNAPSHOT.jar!/webapps/static,AVAILABLE}
2019-07-13 09:18:25,402 INFO  handler.ContextHandler (ContextHandler.java:doStart(781)) - Started o.e.j.w.WebAppContext@64176780{/,file:///tmp/jetty-0.0.0.0-46563-hddsDatanode-_-any-8283072739809989283.dir/webapp/,AVAILABLE}{/hddsDatanode}
2019-07-13 09:18:25,403 INFO  server.AbstractConnector (AbstractConnector.java:doStart(278)) - Started ServerConnector@61668c05{HTTP/1.1,[http/1.1]}{0.0.0.0:46563}
2019-07-13 09:18:25,403 INFO  server.Server (Server.java:doStart(419)) - Started @640645ms
2019-07-13 09:18:25,405 INFO  server.BaseHttpServer (BaseHttpServer.java:updateConnectorAddress(207)) - HTTP server of HDDSDATANODE is listening at http://0.0.0.0:46563
2019-07-13 09:18:25,503 INFO  ozone.HddsDatanodeService (HddsDatanodeService.java:startPlugins(396)) - Started plug-in org.apache.hadoop.ozone.web.OzoneHddsDatanodeService@3108d1e1
2019-07-13 09:18:25,503 INFO  impl.MetricsSystemImpl (MetricsSystemImpl.java:init(158)) - HddsDatanode metrics system started (again)
2019-07-13 09:18:25,505 INFO  ozone.HddsDatanodeService (HddsDatanodeService.java:start(185)) - HddsDatanodeService host:trunk-nightly-hmp62-43275749 ip:192.168.69.96
2019-07-13 09:18:25,506 INFO  util.JvmPauseMonitor (JvmPauseMonitor.java:run(188)) - Starting JVM pause monitor
2019-07-13 09:18:25,507 INFO  datanode.InitDatanodeState (InitDatanodeState.java:persistContainerDatanodeDetails(140)) - DatanodeDetails is persisted to /tmp/workdir/hadoop-ozone/integration-test/target/test-dir/MiniOzoneClusterImpl-f1122ca9-ffeb-42bd-a1c5-c08209646187/datanode-0/meta/datanode.id
2019-07-13 09:18:25,517 INFO  volume.HddsVolume (HddsVolume.java:<init>(176)) - Creating Volume: /tmp/workdir/hadoop-ozone/integration-test/target/test-dir/MiniOzoneClusterImpl-f1122ca9-ffeb-42bd-a1c5-c08209646187/datanode-1/data/containers/hdds of  storage type : DISK and capacity : 52710309888
2019-07-13 09:18:25,517 INFO  volume.VolumeSet (VolumeSet.java:initializeVolumeSet(170)) - Added Volume : /tmp/workdir/hadoop-ozone/integration-test/target/test-dir/MiniOzoneClusterImpl-f1122ca9-ffeb-42bd-a1c5-c08209646187/datanode-1/data/containers/hdds to VolumeSet
2019-07-13 09:18:25,518 INFO  volume.ThrottledAsyncChecker (ThrottledAsyncChecker.java:schedule(140)) - Scheduling a check for org.apache.hadoop.ozone.container.common.volume.HddsVolume@7e1321fd
2019-07-13 09:18:25,518 INFO  volume.HddsVolumeChecker (HddsVolumeChecker.java:checkAllVolumes(203)) - Scheduled health check for volume org.apache.hadoop.ozone.container.common.volume.HddsVolume@7e1321fd
2019-07-13 09:18:25,531 INFO  impl.RaftServerProxy (ConfUtils.java:logGet(43)) - raft.rpc.type = GRPC (default)
2019-07-13 09:18:25,531 INFO  grpc.GrpcFactory (GrpcFactory.java:checkPooledByteBufAllocatorUseCacheForAllThreads(45)) - PERFORMANCE WARNING: useCacheForAllThreads is true that may cause Netty to create a lot garbage objects and, as a result, trigger GC.
	It is recommended to disable useCacheForAllThreads by setting -Dorg.apache.ratis.thirdparty.io.netty.allocator.useCacheForAllThreads=false in command line.
2019-07-13 09:18:25,531 INFO  grpc.GrpcConfigKeys$Server (ConfUtils.java:logGet(43)) - raft.grpc.server.port = 0 (default)
2019-07-13 09:18:25,531 INFO  server.GrpcService (ConfUtils.java:logGet(43)) - raft.grpc.message.size.max = 33570816 (custom)
2019-07-13 09:18:25,532 INFO  server.RaftServerConfigKeys (ConfUtils.java:logGet(43)) - raft.server.log.appender.buffer.byte-limit = 33554432 (custom)
2019-07-13 09:18:25,532 INFO  server.GrpcService (ConfUtils.java:logGet(43)) - raft.grpc.flow.control.window = 1MB (=1048576) (default)
2019-07-13 09:18:25,532 INFO  server.RaftServerConfigKeys (ConfUtils.java:logGet(43)) - raft.server.rpc.request.timeout = 3000ms (default)
2019-07-13 09:18:25,532 INFO  server.RaftServerConfigKeys (ConfUtils.java:logGet(43)) - raft.server.storage.dir = [/tmp/workdir/hadoop-ozone/integration-test/target/test-dir/MiniOzoneClusterImpl-f1122ca9-ffeb-42bd-a1c5-c08209646187/datanode-1/data/ratis] (custom)
2019-07-13 09:18:25,533 INFO  replication.SimpleContainerDownloader (SimpleContainerDownloader.java:<init>(72)) - Starting container downloader service to copy containers to replicate.
2019-07-13 09:18:25,534 INFO  hdfs.DFSUtil (DFSUtil.java:httpServerTemplateForNNAndJN(1641)) - Starting Web-server for hddsDatanode at: http://0.0.0.0:0
2019-07-13 09:18:25,536 INFO  server.AuthenticationFilter (AuthenticationFilter.java:constructSecretProvider(240)) - Unable to initialize FileSignerSecretProvider, falling back to use random secrets.
2019-07-13 09:18:25,536 WARN  http.HttpRequestLog (HttpRequestLog.java:getRequestLog(97)) - Jetty request log can only be enabled using Log4j
2019-07-13 09:18:25,537 INFO  http.HttpServer2 (HttpServer2.java:addGlobalFilter(975)) - Added global filter 'safety' (class=org.apache.hadoop.http.HttpServer2$QuotingInputFilter)
2019-07-13 09:18:25,537 INFO  http.HttpServer2 (HttpServer2.java:addFilter(948)) - Added filter static_user_filter (class=org.apache.hadoop.http.lib.StaticUserWebFilter$StaticUserFilter) to context hddsDatanode
2019-07-13 09:18:25,538 INFO  http.HttpServer2 (HttpServer2.java:addFilter(958)) - Added filter static_user_filter (class=org.apache.hadoop.http.lib.StaticUserWebFilter$StaticUserFilter) to context logs
2019-07-13 09:18:25,538 INFO  http.HttpServer2 (HttpServer2.java:addFilter(958)) - Added filter static_user_filter (class=org.apache.hadoop.http.lib.StaticUserWebFilter$StaticUserFilter) to context static
2019-07-13 09:18:25,538 INFO  http.HttpServer2 (HttpServer2.java:bindListener(1191)) - Jetty bound to port 43865
2019-07-13 09:18:25,538 INFO  server.Server (Server.java:doStart(351)) - jetty-9.3.24.v20180605, build timestamp: 2018-06-05T17:11:56Z, git hash: 84205aa28f11a4f31f2a3b86d1bba2cc8ab69827
2019-07-13 09:18:25,540 INFO  handler.ContextHandler (ContextHandler.java:doStart(781)) - Started o.e.j.s.ServletContextHandler@46aaf47c{/logs,file:///tmp/workdir/hadoop-ozone/integration-test/target/log,AVAILABLE}
2019-07-13 09:18:25,540 INFO  handler.ContextHandler (ContextHandler.java:doStart(781)) - Started o.e.j.s.ServletContextHandler@2b33553b{/static,jar:file:/home/user/.m2/repository/org/apache/hadoop/hadoop-hdds-container-service/0.5.0-SNAPSHOT/hadoop-hdds-container-service-0.5.0-SNAPSHOT.jar!/webapps/static,AVAILABLE}
2019-07-13 09:18:25,567 INFO  handler.ContextHandler (ContextHandler.java:doStart(781)) - Started o.e.j.w.WebAppContext@7f549712{/,file:///tmp/jetty-0.0.0.0-43865-hddsDatanode-_-any-4791664643142443365.dir/webapp/,AVAILABLE}{/hddsDatanode}
2019-07-13 09:18:25,567 INFO  server.AbstractConnector (AbstractConnector.java:doStart(278)) - Started ServerConnector@38b7b02f{HTTP/1.1,[http/1.1]}{0.0.0.0:43865}
2019-07-13 09:18:25,567 INFO  server.Server (Server.java:doStart(419)) - Started @640810ms
2019-07-13 09:18:25,569 INFO  server.BaseHttpServer (BaseHttpServer.java:updateConnectorAddress(207)) - HTTP server of HDDSDATANODE is listening at http://0.0.0.0:43865
2019-07-13 09:18:25,663 INFO  ozone.HddsDatanodeService (HddsDatanodeService.java:startPlugins(396)) - Started plug-in org.apache.hadoop.ozone.web.OzoneHddsDatanodeService@c512269
2019-07-13 09:18:25,663 INFO  impl.MetricsSystemImpl (MetricsSystemImpl.java:init(158)) - HddsDatanode metrics system started (again)
2019-07-13 09:18:25,665 INFO  ozone.HddsDatanodeService (HddsDatanodeService.java:start(185)) - HddsDatanodeService host:trunk-nightly-hmp62-43275749 ip:192.168.69.96
2019-07-13 09:18:25,666 INFO  util.JvmPauseMonitor (JvmPauseMonitor.java:run(188)) - Starting JVM pause monitor
2019-07-13 09:18:25,667 INFO  datanode.InitDatanodeState (InitDatanodeState.java:persistContainerDatanodeDetails(140)) - DatanodeDetails is persisted to /tmp/workdir/hadoop-ozone/integration-test/target/test-dir/MiniOzoneClusterImpl-f1122ca9-ffeb-42bd-a1c5-c08209646187/datanode-1/meta/datanode.id
2019-07-13 09:18:25,679 INFO  volume.HddsVolume (HddsVolume.java:<init>(176)) - Creating Volume: /tmp/workdir/hadoop-ozone/integration-test/target/test-dir/MiniOzoneClusterImpl-f1122ca9-ffeb-42bd-a1c5-c08209646187/datanode-2/data/containers/hdds of  storage type : DISK and capacity : 52710309888
2019-07-13 09:18:25,679 INFO  volume.VolumeSet (VolumeSet.java:initializeVolumeSet(170)) - Added Volume : /tmp/workdir/hadoop-ozone/integration-test/target/test-dir/MiniOzoneClusterImpl-f1122ca9-ffeb-42bd-a1c5-c08209646187/datanode-2/data/containers/hdds to VolumeSet
2019-07-13 09:18:25,679 INFO  volume.ThrottledAsyncChecker (ThrottledAsyncChecker.java:schedule(140)) - Scheduling a check for org.apache.hadoop.ozone.container.common.volume.HddsVolume@c4c4852
2019-07-13 09:18:25,679 INFO  volume.HddsVolumeChecker (HddsVolumeChecker.java:checkAllVolumes(203)) - Scheduled health check for volume org.apache.hadoop.ozone.container.common.volume.HddsVolume@c4c4852
2019-07-13 09:18:25,693 INFO  impl.RaftServerProxy (ConfUtils.java:logGet(43)) - raft.rpc.type = GRPC (default)
2019-07-13 09:18:25,693 INFO  grpc.GrpcFactory (GrpcFactory.java:checkPooledByteBufAllocatorUseCacheForAllThreads(45)) - PERFORMANCE WARNING: useCacheForAllThreads is true that may cause Netty to create a lot garbage objects and, as a result, trigger GC.
	It is recommended to disable useCacheForAllThreads by setting -Dorg.apache.ratis.thirdparty.io.netty.allocator.useCacheForAllThreads=false in command line.
2019-07-13 09:18:25,694 INFO  grpc.GrpcConfigKeys$Server (ConfUtils.java:logGet(43)) - raft.grpc.server.port = 0 (default)
2019-07-13 09:18:25,694 INFO  server.GrpcService (ConfUtils.java:logGet(43)) - raft.grpc.message.size.max = 33570816 (custom)
2019-07-13 09:18:25,694 INFO  server.RaftServerConfigKeys (ConfUtils.java:logGet(43)) - raft.server.log.appender.buffer.byte-limit = 33554432 (custom)
2019-07-13 09:18:25,694 INFO  server.GrpcService (ConfUtils.java:logGet(43)) - raft.grpc.flow.control.window = 1MB (=1048576) (default)
2019-07-13 09:18:25,694 INFO  server.RaftServerConfigKeys (ConfUtils.java:logGet(43)) - raft.server.rpc.request.timeout = 3000ms (default)
2019-07-13 09:18:25,695 INFO  server.RaftServerConfigKeys (ConfUtils.java:logGet(43)) - raft.server.storage.dir = [/tmp/workdir/hadoop-ozone/integration-test/target/test-dir/MiniOzoneClusterImpl-f1122ca9-ffeb-42bd-a1c5-c08209646187/datanode-2/data/ratis] (custom)
2019-07-13 09:18:25,695 INFO  replication.SimpleContainerDownloader (SimpleContainerDownloader.java:<init>(72)) - Starting container downloader service to copy containers to replicate.
2019-07-13 09:18:25,696 INFO  hdfs.DFSUtil (DFSUtil.java:httpServerTemplateForNNAndJN(1641)) - Starting Web-server for hddsDatanode at: http://0.0.0.0:0
2019-07-13 09:18:25,697 INFO  server.AuthenticationFilter (AuthenticationFilter.java:constructSecretProvider(240)) - Unable to initialize FileSignerSecretProvider, falling back to use random secrets.
2019-07-13 09:18:25,697 WARN  http.HttpRequestLog (HttpRequestLog.java:getRequestLog(97)) - Jetty request log can only be enabled using Log4j
2019-07-13 09:18:25,698 INFO  http.HttpServer2 (HttpServer2.java:addGlobalFilter(975)) - Added global filter 'safety' (class=org.apache.hadoop.http.HttpServer2$QuotingInputFilter)
2019-07-13 09:18:25,699 INFO  http.HttpServer2 (HttpServer2.java:addFilter(948)) - Added filter static_user_filter (class=org.apache.hadoop.http.lib.StaticUserWebFilter$StaticUserFilter) to context hddsDatanode
2019-07-13 09:18:25,699 INFO  http.HttpServer2 (HttpServer2.java:addFilter(958)) - Added filter static_user_filter (class=org.apache.hadoop.http.lib.StaticUserWebFilter$StaticUserFilter) to context logs
2019-07-13 09:18:25,699 INFO  http.HttpServer2 (HttpServer2.java:addFilter(958)) - Added filter static_user_filter (class=org.apache.hadoop.http.lib.StaticUserWebFilter$StaticUserFilter) to context static
2019-07-13 09:18:25,700 INFO  http.HttpServer2 (HttpServer2.java:bindListener(1191)) - Jetty bound to port 32992
2019-07-13 09:18:25,700 INFO  server.Server (Server.java:doStart(351)) - jetty-9.3.24.v20180605, build timestamp: 2018-06-05T17:11:56Z, git hash: 84205aa28f11a4f31f2a3b86d1bba2cc8ab69827
2019-07-13 09:18:25,701 INFO  handler.ContextHandler (ContextHandler.java:doStart(781)) - Started o.e.j.s.ServletContextHandler@1e019687{/logs,file:///tmp/workdir/hadoop-ozone/integration-test/target/log,AVAILABLE}
2019-07-13 09:18:25,701 INFO  handler.ContextHandler (ContextHandler.java:doStart(781)) - Started o.e.j.s.ServletContextHandler@250e9655{/static,jar:file:/home/user/.m2/repository/org/apache/hadoop/hadoop-hdds-container-service/0.5.0-SNAPSHOT/hadoop-hdds-container-service-0.5.0-SNAPSHOT.jar!/webapps/static,AVAILABLE}
2019-07-13 09:18:25,728 INFO  handler.ContextHandler (ContextHandler.java:doStart(781)) - Started o.e.j.w.WebAppContext@5242e9f7{/,file:///tmp/jetty-0.0.0.0-32992-hddsDatanode-_-any-6272501430052867421.dir/webapp/,AVAILABLE}{/hddsDatanode}
2019-07-13 09:18:25,728 INFO  server.AbstractConnector (AbstractConnector.java:doStart(278)) - Started ServerConnector@48b9ee43{HTTP/1.1,[http/1.1]}{0.0.0.0:32992}
2019-07-13 09:18:25,728 INFO  server.Server (Server.java:doStart(419)) - Started @640971ms
2019-07-13 09:18:25,730 INFO  server.BaseHttpServer (BaseHttpServer.java:updateConnectorAddress(207)) - HTTP server of HDDSDATANODE is listening at http://0.0.0.0:32992
2019-07-13 09:18:25,824 INFO  ozone.HddsDatanodeService (HddsDatanodeService.java:startPlugins(396)) - Started plug-in org.apache.hadoop.ozone.web.OzoneHddsDatanodeService@5cef76a2
2019-07-13 09:18:25,824 INFO  impl.MetricsSystemImpl (MetricsSystemImpl.java:init(158)) - HddsDatanode metrics system started (again)
2019-07-13 09:18:25,827 INFO  ozone.HddsDatanodeService (HddsDatanodeService.java:start(185)) - HddsDatanodeService host:trunk-nightly-hmp62-43275749 ip:192.168.69.96
2019-07-13 09:18:25,828 INFO  util.JvmPauseMonitor (JvmPauseMonitor.java:run(188)) - Starting JVM pause monitor
2019-07-13 09:18:25,829 INFO  datanode.InitDatanodeState (InitDatanodeState.java:persistContainerDatanodeDetails(140)) - DatanodeDetails is persisted to /tmp/workdir/hadoop-ozone/integration-test/target/test-dir/MiniOzoneClusterImpl-f1122ca9-ffeb-42bd-a1c5-c08209646187/datanode-2/meta/datanode.id
2019-07-13 09:18:25,841 INFO  volume.HddsVolume (HddsVolume.java:<init>(176)) - Creating Volume: /tmp/workdir/hadoop-ozone/integration-test/target/test-dir/MiniOzoneClusterImpl-f1122ca9-ffeb-42bd-a1c5-c08209646187/datanode-3/data/containers/hdds of  storage type : DISK and capacity : 52710309888
2019-07-13 09:18:25,841 INFO  volume.VolumeSet (VolumeSet.java:initializeVolumeSet(170)) - Added Volume : /tmp/workdir/hadoop-ozone/integration-test/target/test-dir/MiniOzoneClusterImpl-f1122ca9-ffeb-42bd-a1c5-c08209646187/datanode-3/data/containers/hdds to VolumeSet
2019-07-13 09:18:25,841 INFO  volume.ThrottledAsyncChecker (ThrottledAsyncChecker.java:schedule(140)) - Scheduling a check for org.apache.hadoop.ozone.container.common.volume.HddsVolume@5e22ac65
2019-07-13 09:18:25,842 INFO  volume.HddsVolumeChecker (HddsVolumeChecker.java:checkAllVolumes(203)) - Scheduled health check for volume org.apache.hadoop.ozone.container.common.volume.HddsVolume@5e22ac65
2019-07-13 09:18:25,856 INFO  impl.RaftServerProxy (ConfUtils.java:logGet(43)) - raft.rpc.type = GRPC (default)
2019-07-13 09:18:25,856 INFO  grpc.GrpcFactory (GrpcFactory.java:checkPooledByteBufAllocatorUseCacheForAllThreads(45)) - PERFORMANCE WARNING: useCacheForAllThreads is true that may cause Netty to create a lot garbage objects and, as a result, trigger GC.
	It is recommended to disable useCacheForAllThreads by setting -Dorg.apache.ratis.thirdparty.io.netty.allocator.useCacheForAllThreads=false in command line.
2019-07-13 09:18:25,856 INFO  grpc.GrpcConfigKeys$Server (ConfUtils.java:logGet(43)) - raft.grpc.server.port = 0 (default)
2019-07-13 09:18:25,856 INFO  server.GrpcService (ConfUtils.java:logGet(43)) - raft.grpc.message.size.max = 33570816 (custom)
2019-07-13 09:18:25,857 INFO  server.RaftServerConfigKeys (ConfUtils.java:logGet(43)) - raft.server.log.appender.buffer.byte-limit = 33554432 (custom)
2019-07-13 09:18:25,857 INFO  server.GrpcService (ConfUtils.java:logGet(43)) - raft.grpc.flow.control.window = 1MB (=1048576) (default)
2019-07-13 09:18:25,857 INFO  server.RaftServerConfigKeys (ConfUtils.java:logGet(43)) - raft.server.rpc.request.timeout = 3000ms (default)
2019-07-13 09:18:25,857 INFO  server.RaftServerConfigKeys (ConfUtils.java:logGet(43)) - raft.server.storage.dir = [/tmp/workdir/hadoop-ozone/integration-test/target/test-dir/MiniOzoneClusterImpl-f1122ca9-ffeb-42bd-a1c5-c08209646187/datanode-3/data/ratis] (custom)
2019-07-13 09:18:25,858 INFO  replication.SimpleContainerDownloader (SimpleContainerDownloader.java:<init>(72)) - Starting container downloader service to copy containers to replicate.
2019-07-13 09:18:25,859 INFO  hdfs.DFSUtil (DFSUtil.java:httpServerTemplateForNNAndJN(1641)) - Starting Web-server for hddsDatanode at: http://0.0.0.0:0
2019-07-13 09:18:25,860 INFO  server.AuthenticationFilter (AuthenticationFilter.java:constructSecretProvider(240)) - Unable to initialize FileSignerSecretProvider, falling back to use random secrets.
2019-07-13 09:18:25,860 WARN  http.HttpRequestLog (HttpRequestLog.java:getRequestLog(97)) - Jetty request log can only be enabled using Log4j
2019-07-13 09:18:25,861 INFO  http.HttpServer2 (HttpServer2.java:addGlobalFilter(975)) - Added global filter 'safety' (class=org.apache.hadoop.http.HttpServer2$QuotingInputFilter)
2019-07-13 09:18:25,861 INFO  http.HttpServer2 (HttpServer2.java:addFilter(948)) - Added filter static_user_filter (class=org.apache.hadoop.http.lib.StaticUserWebFilter$StaticUserFilter) to context hddsDatanode
2019-07-13 09:18:25,861 INFO  http.HttpServer2 (HttpServer2.java:addFilter(958)) - Added filter static_user_filter (class=org.apache.hadoop.http.lib.StaticUserWebFilter$StaticUserFilter) to context static
2019-07-13 09:18:25,862 INFO  http.HttpServer2 (HttpServer2.java:addFilter(958)) - Added filter static_user_filter (class=org.apache.hadoop.http.lib.StaticUserWebFilter$StaticUserFilter) to context logs
2019-07-13 09:18:25,862 INFO  http.HttpServer2 (HttpServer2.java:bindListener(1191)) - Jetty bound to port 33221
2019-07-13 09:18:25,862 INFO  server.Server (Server.java:doStart(351)) - jetty-9.3.24.v20180605, build timestamp: 2018-06-05T17:11:56Z, git hash: 84205aa28f11a4f31f2a3b86d1bba2cc8ab69827
2019-07-13 09:18:25,864 INFO  handler.ContextHandler (ContextHandler.java:doStart(781)) - Started o.e.j.s.ServletContextHandler@695d8186{/logs,file:///tmp/workdir/hadoop-ozone/integration-test/target/log,AVAILABLE}
2019-07-13 09:18:25,864 INFO  handler.ContextHandler (ContextHandler.java:doStart(781)) - Started o.e.j.s.ServletContextHandler@58ae3cb{/static,jar:file:/home/user/.m2/repository/org/apache/hadoop/hadoop-hdds-container-service/0.5.0-SNAPSHOT/hadoop-hdds-container-service-0.5.0-SNAPSHOT.jar!/webapps/static,AVAILABLE}
2019-07-13 09:18:25,891 INFO  handler.ContextHandler (ContextHandler.java:doStart(781)) - Started o.e.j.w.WebAppContext@4fe9a720{/,file:///tmp/jetty-0.0.0.0-33221-hddsDatanode-_-any-6707979123675417646.dir/webapp/,AVAILABLE}{/hddsDatanode}
2019-07-13 09:18:25,891 INFO  server.AbstractConnector (AbstractConnector.java:doStart(278)) - Started ServerConnector@7db373b2{HTTP/1.1,[http/1.1]}{0.0.0.0:33221}
2019-07-13 09:18:25,892 INFO  server.Server (Server.java:doStart(419)) - Started @641134ms
2019-07-13 09:18:25,893 INFO  server.BaseHttpServer (BaseHttpServer.java:updateConnectorAddress(207)) - HTTP server of HDDSDATANODE is listening at http://0.0.0.0:33221
2019-07-13 09:18:25,987 INFO  ozone.HddsDatanodeService (HddsDatanodeService.java:startPlugins(396)) - Started plug-in org.apache.hadoop.ozone.web.OzoneHddsDatanodeService@594c830f
2019-07-13 09:18:25,987 INFO  impl.MetricsSystemImpl (MetricsSystemImpl.java:init(158)) - HddsDatanode metrics system started (again)
2019-07-13 09:18:25,990 INFO  ozone.HddsDatanodeService (HddsDatanodeService.java:start(185)) - HddsDatanodeService host:trunk-nightly-hmp62-43275749 ip:192.168.69.96
2019-07-13 09:18:25,991 INFO  util.JvmPauseMonitor (JvmPauseMonitor.java:run(188)) - Starting JVM pause monitor
2019-07-13 09:18:25,992 INFO  datanode.InitDatanodeState (InitDatanodeState.java:persistContainerDatanodeDetails(140)) - DatanodeDetails is persisted to /tmp/workdir/hadoop-ozone/integration-test/target/test-dir/MiniOzoneClusterImpl-f1122ca9-ffeb-42bd-a1c5-c08209646187/datanode-3/meta/datanode.id
2019-07-13 09:18:26,004 INFO  volume.HddsVolume (HddsVolume.java:<init>(176)) - Creating Volume: /tmp/workdir/hadoop-ozone/integration-test/target/test-dir/MiniOzoneClusterImpl-f1122ca9-ffeb-42bd-a1c5-c08209646187/datanode-4/data/containers/hdds of  storage type : DISK and capacity : 52710309888
2019-07-13 09:18:26,004 INFO  volume.VolumeSet (VolumeSet.java:initializeVolumeSet(170)) - Added Volume : /tmp/workdir/hadoop-ozone/integration-test/target/test-dir/MiniOzoneClusterImpl-f1122ca9-ffeb-42bd-a1c5-c08209646187/datanode-4/data/containers/hdds to VolumeSet
2019-07-13 09:18:26,004 INFO  volume.ThrottledAsyncChecker (ThrottledAsyncChecker.java:schedule(140)) - Scheduling a check for org.apache.hadoop.ozone.container.common.volume.HddsVolume@27f73e68
2019-07-13 09:18:26,004 INFO  volume.HddsVolumeChecker (HddsVolumeChecker.java:checkAllVolumes(203)) - Scheduled health check for volume org.apache.hadoop.ozone.container.common.volume.HddsVolume@27f73e68
2019-07-13 09:18:26,017 INFO  impl.RaftServerProxy (ConfUtils.java:logGet(43)) - raft.rpc.type = GRPC (default)
2019-07-13 09:18:26,017 INFO  grpc.GrpcFactory (GrpcFactory.java:checkPooledByteBufAllocatorUseCacheForAllThreads(45)) - PERFORMANCE WARNING: useCacheForAllThreads is true that may cause Netty to create a lot garbage objects and, as a result, trigger GC.
	It is recommended to disable useCacheForAllThreads by setting -Dorg.apache.ratis.thirdparty.io.netty.allocator.useCacheForAllThreads=false in command line.
2019-07-13 09:18:26,017 INFO  grpc.GrpcConfigKeys$Server (ConfUtils.java:logGet(43)) - raft.grpc.server.port = 0 (default)
2019-07-13 09:18:26,017 INFO  server.GrpcService (ConfUtils.java:logGet(43)) - raft.grpc.message.size.max = 33570816 (custom)
2019-07-13 09:18:26,017 INFO  server.RaftServerConfigKeys (ConfUtils.java:logGet(43)) - raft.server.log.appender.buffer.byte-limit = 33554432 (custom)
2019-07-13 09:18:26,018 INFO  server.GrpcService (ConfUtils.java:logGet(43)) - raft.grpc.flow.control.window = 1MB (=1048576) (default)
2019-07-13 09:18:26,018 INFO  server.RaftServerConfigKeys (ConfUtils.java:logGet(43)) - raft.server.rpc.request.timeout = 3000ms (default)
2019-07-13 09:18:26,018 INFO  server.RaftServerConfigKeys (ConfUtils.java:logGet(43)) - raft.server.storage.dir = [/tmp/workdir/hadoop-ozone/integration-test/target/test-dir/MiniOzoneClusterImpl-f1122ca9-ffeb-42bd-a1c5-c08209646187/datanode-4/data/ratis] (custom)
2019-07-13 09:18:26,019 INFO  replication.SimpleContainerDownloader (SimpleContainerDownloader.java:<init>(72)) - Starting container downloader service to copy containers to replicate.
2019-07-13 09:18:26,019 INFO  hdfs.DFSUtil (DFSUtil.java:httpServerTemplateForNNAndJN(1641)) - Starting Web-server for hddsDatanode at: http://0.0.0.0:0
2019-07-13 09:18:26,020 INFO  server.AuthenticationFilter (AuthenticationFilter.java:constructSecretProvider(240)) - Unable to initialize FileSignerSecretProvider, falling back to use random secrets.
2019-07-13 09:18:26,021 WARN  http.HttpRequestLog (HttpRequestLog.java:getRequestLog(97)) - Jetty request log can only be enabled using Log4j
2019-07-13 09:18:26,021 INFO  http.HttpServer2 (HttpServer2.java:addGlobalFilter(975)) - Added global filter 'safety' (class=org.apache.hadoop.http.HttpServer2$QuotingInputFilter)
2019-07-13 09:18:26,022 INFO  http.HttpServer2 (HttpServer2.java:addFilter(948)) - Added filter static_user_filter (class=org.apache.hadoop.http.lib.StaticUserWebFilter$StaticUserFilter) to context hddsDatanode
2019-07-13 09:18:26,022 INFO  http.HttpServer2 (HttpServer2.java:addFilter(958)) - Added filter static_user_filter (class=org.apache.hadoop.http.lib.StaticUserWebFilter$StaticUserFilter) to context logs
2019-07-13 09:18:26,022 INFO  http.HttpServer2 (HttpServer2.java:addFilter(958)) - Added filter static_user_filter (class=org.apache.hadoop.http.lib.StaticUserWebFilter$StaticUserFilter) to context static
2019-07-13 09:18:26,023 INFO  http.HttpServer2 (HttpServer2.java:bindListener(1191)) - Jetty bound to port 42496
2019-07-13 09:18:26,023 INFO  server.Server (Server.java:doStart(351)) - jetty-9.3.24.v20180605, build timestamp: 2018-06-05T17:11:56Z, git hash: 84205aa28f11a4f31f2a3b86d1bba2cc8ab69827
2019-07-13 09:18:26,024 INFO  handler.ContextHandler (ContextHandler.java:doStart(781)) - Started o.e.j.s.ServletContextHandler@48158b86{/logs,file:///tmp/workdir/hadoop-ozone/integration-test/target/log,AVAILABLE}
2019-07-13 09:18:26,024 INFO  handler.ContextHandler (ContextHandler.java:doStart(781)) - Started o.e.j.s.ServletContextHandler@49bf6f8c{/static,jar:file:/home/user/.m2/repository/org/apache/hadoop/hadoop-hdds-container-service/0.5.0-SNAPSHOT/hadoop-hdds-container-service-0.5.0-SNAPSHOT.jar!/webapps/static,AVAILABLE}
2019-07-13 09:18:26,051 INFO  handler.ContextHandler (ContextHandler.java:doStart(781)) - Started o.e.j.w.WebAppContext@7a065f73{/,file:///tmp/jetty-0.0.0.0-42496-hddsDatanode-_-any-6091061597847052911.dir/webapp/,AVAILABLE}{/hddsDatanode}
2019-07-13 09:18:26,051 INFO  server.AbstractConnector (AbstractConnector.java:doStart(278)) - Started ServerConnector@3f2b55f8{HTTP/1.1,[http/1.1]}{0.0.0.0:42496}
2019-07-13 09:18:26,051 INFO  server.Server (Server.java:doStart(419)) - Started @641293ms
2019-07-13 09:18:26,053 INFO  server.BaseHttpServer (BaseHttpServer.java:updateConnectorAddress(207)) - HTTP server of HDDSDATANODE is listening at http://0.0.0.0:42496
2019-07-13 09:18:26,146 INFO  ozone.HddsDatanodeService (HddsDatanodeService.java:startPlugins(396)) - Started plug-in org.apache.hadoop.ozone.web.OzoneHddsDatanodeService@3a7ba368
2019-07-13 09:18:26,147 INFO  impl.MetricsSystemImpl (MetricsSystemImpl.java:init(158)) - HddsDatanode metrics system started (again)
2019-07-13 09:18:26,148 INFO  ozone.HddsDatanodeService (HddsDatanodeService.java:start(185)) - HddsDatanodeService host:trunk-nightly-hmp62-43275749 ip:192.168.69.96
2019-07-13 09:18:26,151 INFO  util.JvmPauseMonitor (JvmPauseMonitor.java:run(188)) - Starting JVM pause monitor
2019-07-13 09:18:26,152 INFO  datanode.InitDatanodeState (InitDatanodeState.java:persistContainerDatanodeDetails(140)) - DatanodeDetails is persisted to /tmp/workdir/hadoop-ozone/integration-test/target/test-dir/MiniOzoneClusterImpl-f1122ca9-ffeb-42bd-a1c5-c08209646187/datanode-4/meta/datanode.id
2019-07-13 09:18:26,164 INFO  volume.HddsVolume (HddsVolume.java:<init>(176)) - Creating Volume: /tmp/workdir/hadoop-ozone/integration-test/target/test-dir/MiniOzoneClusterImpl-f1122ca9-ffeb-42bd-a1c5-c08209646187/datanode-5/data/containers/hdds of  storage type : DISK and capacity : 52710309888
2019-07-13 09:18:26,164 INFO  volume.VolumeSet (VolumeSet.java:initializeVolumeSet(170)) - Added Volume : /tmp/workdir/hadoop-ozone/integration-test/target/test-dir/MiniOzoneClusterImpl-f1122ca9-ffeb-42bd-a1c5-c08209646187/datanode-5/data/containers/hdds to VolumeSet
2019-07-13 09:18:26,165 INFO  volume.ThrottledAsyncChecker (ThrottledAsyncChecker.java:schedule(140)) - Scheduling a check for org.apache.hadoop.ozone.container.common.volume.HddsVolume@1f404aa1
2019-07-13 09:18:26,165 INFO  volume.HddsVolumeChecker (HddsVolumeChecker.java:checkAllVolumes(203)) - Scheduled health check for volume org.apache.hadoop.ozone.container.common.volume.HddsVolume@1f404aa1
2019-07-13 09:18:26,179 INFO  impl.RaftServerProxy (ConfUtils.java:logGet(43)) - raft.rpc.type = GRPC (default)
2019-07-13 09:18:26,179 INFO  grpc.GrpcFactory (GrpcFactory.java:checkPooledByteBufAllocatorUseCacheForAllThreads(45)) - PERFORMANCE WARNING: useCacheForAllThreads is true that may cause Netty to create a lot garbage objects and, as a result, trigger GC.
	It is recommended to disable useCacheForAllThreads by setting -Dorg.apache.ratis.thirdparty.io.netty.allocator.useCacheForAllThreads=false in command line.
2019-07-13 09:18:26,180 INFO  grpc.GrpcConfigKeys$Server (ConfUtils.java:logGet(43)) - raft.grpc.server.port = 0 (default)
2019-07-13 09:18:26,180 INFO  server.GrpcService (ConfUtils.java:logGet(43)) - raft.grpc.message.size.max = 33570816 (custom)
2019-07-13 09:18:26,180 INFO  server.RaftServerConfigKeys (ConfUtils.java:logGet(43)) - raft.server.log.appender.buffer.byte-limit = 33554432 (custom)
2019-07-13 09:18:26,180 INFO  server.GrpcService (ConfUtils.java:logGet(43)) - raft.grpc.flow.control.window = 1MB (=1048576) (default)
2019-07-13 09:18:26,180 INFO  server.RaftServerConfigKeys (ConfUtils.java:logGet(43)) - raft.server.rpc.request.timeout = 3000ms (default)
2019-07-13 09:18:26,181 INFO  server.RaftServerConfigKeys (ConfUtils.java:logGet(43)) - raft.server.storage.dir = [/tmp/workdir/hadoop-ozone/integration-test/target/test-dir/MiniOzoneClusterImpl-f1122ca9-ffeb-42bd-a1c5-c08209646187/datanode-5/data/ratis] (custom)
2019-07-13 09:18:26,181 INFO  replication.SimpleContainerDownloader (SimpleContainerDownloader.java:<init>(72)) - Starting container downloader service to copy containers to replicate.
2019-07-13 09:18:26,182 INFO  hdfs.DFSUtil (DFSUtil.java:httpServerTemplateForNNAndJN(1641)) - Starting Web-server for hddsDatanode at: http://0.0.0.0:0
2019-07-13 09:18:26,183 INFO  server.AuthenticationFilter (AuthenticationFilter.java:constructSecretProvider(240)) - Unable to initialize FileSignerSecretProvider, falling back to use random secrets.
2019-07-13 09:18:26,183 WARN  http.HttpRequestLog (HttpRequestLog.java:getRequestLog(97)) - Jetty request log can only be enabled using Log4j
2019-07-13 09:18:26,184 INFO  http.HttpServer2 (HttpServer2.java:addGlobalFilter(975)) - Added global filter 'safety' (class=org.apache.hadoop.http.HttpServer2$QuotingInputFilter)
2019-07-13 09:18:26,184 INFO  http.HttpServer2 (HttpServer2.java:addFilter(948)) - Added filter static_user_filter (class=org.apache.hadoop.http.lib.StaticUserWebFilter$StaticUserFilter) to context hddsDatanode
2019-07-13 09:18:26,185 INFO  http.HttpServer2 (HttpServer2.java:addFilter(958)) - Added filter static_user_filter (class=org.apache.hadoop.http.lib.StaticUserWebFilter$StaticUserFilter) to context static
2019-07-13 09:18:26,185 INFO  http.HttpServer2 (HttpServer2.java:addFilter(958)) - Added filter static_user_filter (class=org.apache.hadoop.http.lib.StaticUserWebFilter$StaticUserFilter) to context logs
2019-07-13 09:18:26,185 INFO  http.HttpServer2 (HttpServer2.java:bindListener(1191)) - Jetty bound to port 45347
2019-07-13 09:18:26,185 INFO  server.Server (Server.java:doStart(351)) - jetty-9.3.24.v20180605, build timestamp: 2018-06-05T17:11:56Z, git hash: 84205aa28f11a4f31f2a3b86d1bba2cc8ab69827
2019-07-13 09:18:26,187 INFO  handler.ContextHandler (ContextHandler.java:doStart(781)) - Started o.e.j.s.ServletContextHandler@396ea7ab{/logs,file:///tmp/workdir/hadoop-ozone/integration-test/target/log,AVAILABLE}
2019-07-13 09:18:26,187 INFO  handler.ContextHandler (ContextHandler.java:doStart(781)) - Started o.e.j.s.ServletContextHandler@5e9257b3{/static,jar:file:/home/user/.m2/repository/org/apache/hadoop/hadoop-hdds-container-service/0.5.0-SNAPSHOT/hadoop-hdds-container-service-0.5.0-SNAPSHOT.jar!/webapps/static,AVAILABLE}
2019-07-13 09:18:26,213 INFO  handler.ContextHandler (ContextHandler.java:doStart(781)) - Started o.e.j.w.WebAppContext@77d695f2{/,file:///tmp/jetty-0.0.0.0-45347-hddsDatanode-_-any-3297105019623454280.dir/webapp/,AVAILABLE}{/hddsDatanode}
2019-07-13 09:18:26,213 INFO  server.AbstractConnector (AbstractConnector.java:doStart(278)) - Started ServerConnector@76639714{HTTP/1.1,[http/1.1]}{0.0.0.0:45347}
2019-07-13 09:18:26,214 INFO  server.Server (Server.java:doStart(419)) - Started @641456ms
2019-07-13 09:18:26,216 INFO  server.BaseHttpServer (BaseHttpServer.java:updateConnectorAddress(207)) - HTTP server of HDDSDATANODE is listening at http://0.0.0.0:45347
2019-07-13 09:18:26,309 INFO  ozone.HddsDatanodeService (HddsDatanodeService.java:startPlugins(396)) - Started plug-in org.apache.hadoop.ozone.web.OzoneHddsDatanodeService@18505320
2019-07-13 09:18:26,310 INFO  impl.MetricsSystemImpl (MetricsSystemImpl.java:init(158)) - HddsDatanode metrics system started (again)
2019-07-13 09:18:26,313 INFO  ozone.HddsDatanodeService (HddsDatanodeService.java:start(185)) - HddsDatanodeService host:trunk-nightly-hmp62-43275749 ip:192.168.69.96
2019-07-13 09:18:26,314 INFO  util.JvmPauseMonitor (JvmPauseMonitor.java:run(188)) - Starting JVM pause monitor
2019-07-13 09:18:26,315 INFO  datanode.InitDatanodeState (InitDatanodeState.java:persistContainerDatanodeDetails(140)) - DatanodeDetails is persisted to /tmp/workdir/hadoop-ozone/integration-test/target/test-dir/MiniOzoneClusterImpl-f1122ca9-ffeb-42bd-a1c5-c08209646187/datanode-5/meta/datanode.id
2019-07-13 09:18:26,327 INFO  volume.HddsVolume (HddsVolume.java:<init>(176)) - Creating Volume: /tmp/workdir/hadoop-ozone/integration-test/target/test-dir/MiniOzoneClusterImpl-f1122ca9-ffeb-42bd-a1c5-c08209646187/datanode-6/data/containers/hdds of  storage type : DISK and capacity : 52710309888
2019-07-13 09:18:26,327 INFO  volume.VolumeSet (VolumeSet.java:initializeVolumeSet(170)) - Added Volume : /tmp/workdir/hadoop-ozone/integration-test/target/test-dir/MiniOzoneClusterImpl-f1122ca9-ffeb-42bd-a1c5-c08209646187/datanode-6/data/containers/hdds to VolumeSet
2019-07-13 09:18:26,327 INFO  volume.ThrottledAsyncChecker (ThrottledAsyncChecker.java:schedule(140)) - Scheduling a check for org.apache.hadoop.ozone.container.common.volume.HddsVolume@f04b315
2019-07-13 09:18:26,328 INFO  volume.HddsVolumeChecker (HddsVolumeChecker.java:checkAllVolumes(203)) - Scheduled health check for volume org.apache.hadoop.ozone.container.common.volume.HddsVolume@f04b315
2019-07-13 09:18:26,341 INFO  impl.RaftServerProxy (ConfUtils.java:logGet(43)) - raft.rpc.type = GRPC (default)
2019-07-13 09:18:26,342 INFO  grpc.GrpcFactory (GrpcFactory.java:checkPooledByteBufAllocatorUseCacheForAllThreads(45)) - PERFORMANCE WARNING: useCacheForAllThreads is true that may cause Netty to create a lot garbage objects and, as a result, trigger GC.
	It is recommended to disable useCacheForAllThreads by setting -Dorg.apache.ratis.thirdparty.io.netty.allocator.useCacheForAllThreads=false in command line.
2019-07-13 09:18:26,342 INFO  grpc.GrpcConfigKeys$Server (ConfUtils.java:logGet(43)) - raft.grpc.server.port = 0 (default)
2019-07-13 09:18:26,342 INFO  server.GrpcService (ConfUtils.java:logGet(43)) - raft.grpc.message.size.max = 33570816 (custom)
2019-07-13 09:18:26,342 INFO  server.RaftServerConfigKeys (ConfUtils.java:logGet(43)) - raft.server.log.appender.buffer.byte-limit = 33554432 (custom)
2019-07-13 09:18:26,342 INFO  server.GrpcService (ConfUtils.java:logGet(43)) - raft.grpc.flow.control.window = 1MB (=1048576) (default)
2019-07-13 09:18:26,343 INFO  server.RaftServerConfigKeys (ConfUtils.java:logGet(43)) - raft.server.rpc.request.timeout = 3000ms (default)
2019-07-13 09:18:26,343 INFO  server.RaftServerConfigKeys (ConfUtils.java:logGet(43)) - raft.server.storage.dir = [/tmp/workdir/hadoop-ozone/integration-test/target/test-dir/MiniOzoneClusterImpl-f1122ca9-ffeb-42bd-a1c5-c08209646187/datanode-6/data/ratis] (custom)
2019-07-13 09:18:26,343 INFO  replication.SimpleContainerDownloader (SimpleContainerDownloader.java:<init>(72)) - Starting container downloader service to copy containers to replicate.
2019-07-13 09:18:26,344 INFO  hdfs.DFSUtil (DFSUtil.java:httpServerTemplateForNNAndJN(1641)) - Starting Web-server for hddsDatanode at: http://0.0.0.0:0
2019-07-13 09:18:26,345 INFO  server.AuthenticationFilter (AuthenticationFilter.java:constructSecretProvider(240)) - Unable to initialize FileSignerSecretProvider, falling back to use random secrets.
2019-07-13 09:18:26,345 WARN  http.HttpRequestLog (HttpRequestLog.java:getRequestLog(97)) - Jetty request log can only be enabled using Log4j
2019-07-13 09:18:26,346 INFO  http.HttpServer2 (HttpServer2.java:addGlobalFilter(975)) - Added global filter 'safety' (class=org.apache.hadoop.http.HttpServer2$QuotingInputFilter)
2019-07-13 09:18:26,346 INFO  http.HttpServer2 (HttpServer2.java:addFilter(948)) - Added filter static_user_filter (class=org.apache.hadoop.http.lib.StaticUserWebFilter$StaticUserFilter) to context hddsDatanode
2019-07-13 09:18:26,347 INFO  http.HttpServer2 (HttpServer2.java:addFilter(958)) - Added filter static_user_filter (class=org.apache.hadoop.http.lib.StaticUserWebFilter$StaticUserFilter) to context static
2019-07-13 09:18:26,347 INFO  http.HttpServer2 (HttpServer2.java:addFilter(958)) - Added filter static_user_filter (class=org.apache.hadoop.http.lib.StaticUserWebFilter$StaticUserFilter) to context logs
2019-07-13 09:18:26,347 INFO  http.HttpServer2 (HttpServer2.java:bindListener(1191)) - Jetty bound to port 39235
2019-07-13 09:18:26,347 INFO  server.Server (Server.java:doStart(351)) - jetty-9.3.24.v20180605, build timestamp: 2018-06-05T17:11:56Z, git hash: 84205aa28f11a4f31f2a3b86d1bba2cc8ab69827
2019-07-13 09:18:26,349 INFO  handler.ContextHandler (ContextHandler.java:doStart(781)) - Started o.e.j.s.ServletContextHandler@5e6dcfa{/logs,file:///tmp/workdir/hadoop-ozone/integration-test/target/log,AVAILABLE}
2019-07-13 09:18:26,349 INFO  handler.ContextHandler (ContextHandler.java:doStart(781)) - Started o.e.j.s.ServletContextHandler@734df10b{/static,jar:file:/home/user/.m2/repository/org/apache/hadoop/hadoop-hdds-container-service/0.5.0-SNAPSHOT/hadoop-hdds-container-service-0.5.0-SNAPSHOT.jar!/webapps/static,AVAILABLE}
2019-07-13 09:18:26,375 INFO  handler.ContextHandler (ContextHandler.java:doStart(781)) - Started o.e.j.w.WebAppContext@18ea91d7{/,file:///tmp/jetty-0.0.0.0-39235-hddsDatanode-_-any-7340303782073670050.dir/webapp/,AVAILABLE}{/hddsDatanode}
2019-07-13 09:18:26,375 INFO  server.AbstractConnector (AbstractConnector.java:doStart(278)) - Started ServerConnector@33cbd883{HTTP/1.1,[http/1.1]}{0.0.0.0:39235}
2019-07-13 09:18:26,375 INFO  server.Server (Server.java:doStart(419)) - Started @641618ms
2019-07-13 09:18:26,377 INFO  server.BaseHttpServer (BaseHttpServer.java:updateConnectorAddress(207)) - HTTP server of HDDSDATANODE is listening at http://0.0.0.0:39235
2019-07-13 09:18:26,475 INFO  ozone.HddsDatanodeService (HddsDatanodeService.java:startPlugins(396)) - Started plug-in org.apache.hadoop.ozone.web.OzoneHddsDatanodeService@6fa1dc0c
2019-07-13 09:18:26,476 INFO  ozone.MiniOzoneClusterImpl (MiniOzoneClusterImpl.java:lambda$waitForClusterToBeReady$0(142)) - Waiting for cluster to be ready. Got 0 of 7 DN Heartbeats.
2019-07-13 09:18:26,480 INFO  util.JvmPauseMonitor (JvmPauseMonitor.java:run(188)) - Starting JVM pause monitor
2019-07-13 09:18:26,481 INFO  datanode.InitDatanodeState (InitDatanodeState.java:persistContainerDatanodeDetails(140)) - DatanodeDetails is persisted to /tmp/workdir/hadoop-ozone/integration-test/target/test-dir/MiniOzoneClusterImpl-f1122ca9-ffeb-42bd-a1c5-c08209646187/datanode-6/meta/datanode.id
2019-07-13 09:18:27,476 INFO  ozone.MiniOzoneClusterImpl (MiniOzoneClusterImpl.java:lambda$waitForClusterToBeReady$0(142)) - Waiting for cluster to be ready. Got 0 of 7 DN Heartbeats.
2019-07-13 09:18:27,529 INFO  ozoneimpl.OzoneContainer (OzoneContainer.java:start(186)) - Attempting to start container services.
2019-07-13 09:18:27,531 INFO  ozoneimpl.OzoneContainer (OzoneContainer.java:startContainerScrub(160)) - Background container scrubber has been disabled by hdds.containerscrub.enabled
2019-07-13 09:18:27,532 INFO  ratis.XceiverServerRatis (XceiverServerRatis.java:start(418)) - Starting XceiverServerRatis 236e68af-7fe1-40c1-8e07-8d5bf4f8457f at port 0
2019-07-13 09:18:27,539 INFO  impl.RaftServerProxy (RaftServerProxy.java:lambda$start$3(299)) - 236e68af-7fe1-40c1-8e07-8d5bf4f8457f: start RPC server
2019-07-13 09:18:27,542 INFO  server.GrpcService (GrpcService.java:startImpl(149)) - 236e68af-7fe1-40c1-8e07-8d5bf4f8457f: GrpcService started, listening on 0.0.0.0/0.0.0.0:38784
2019-07-13 09:18:27,542 INFO  ratis.XceiverServerRatis (XceiverServerRatis.java:start(428)) - XceiverServerRatis 236e68af-7fe1-40c1-8e07-8d5bf4f8457f is started using port 38784
2019-07-13 09:18:27,543 INFO  server.XceiverServerGrpc (XceiverServerGrpc.java:start(161)) - XceiverServerGrpc 236e68af-7fe1-40c1-8e07-8d5bf4f8457f is started using port 34883
2019-07-13 09:18:27,682 INFO  ozoneimpl.OzoneContainer (OzoneContainer.java:start(186)) - Attempting to start container services.
2019-07-13 09:18:27,685 INFO  ozoneimpl.OzoneContainer (OzoneContainer.java:startContainerScrub(160)) - Background container scrubber has been disabled by hdds.containerscrub.enabled
2019-07-13 09:18:27,686 INFO  ratis.XceiverServerRatis (XceiverServerRatis.java:start(418)) - Starting XceiverServerRatis 9c4b0f75-73d5-4e4c-a19c-00ecb9356573 at port 0
2019-07-13 09:18:27,694 INFO  impl.RaftServerProxy (RaftServerProxy.java:lambda$start$3(299)) - 9c4b0f75-73d5-4e4c-a19c-00ecb9356573: start RPC server
2019-07-13 09:18:27,696 INFO  server.GrpcService (GrpcService.java:startImpl(149)) - 9c4b0f75-73d5-4e4c-a19c-00ecb9356573: GrpcService started, listening on 0.0.0.0/0.0.0.0:43028
2019-07-13 09:18:27,696 INFO  ratis.XceiverServerRatis (XceiverServerRatis.java:start(428)) - XceiverServerRatis 9c4b0f75-73d5-4e4c-a19c-00ecb9356573 is started using port 43028
2019-07-13 09:18:27,704 INFO  server.XceiverServerGrpc (XceiverServerGrpc.java:start(161)) - XceiverServerGrpc 9c4b0f75-73d5-4e4c-a19c-00ecb9356573 is started using port 36656
2019-07-13 09:18:27,866 INFO  ozoneimpl.OzoneContainer (OzoneContainer.java:start(186)) - Attempting to start container services.
2019-07-13 09:18:27,874 INFO  ozoneimpl.OzoneContainer (OzoneContainer.java:startContainerScrub(160)) - Background container scrubber has been disabled by hdds.containerscrub.enabled
2019-07-13 09:18:27,874 INFO  ratis.XceiverServerRatis (XceiverServerRatis.java:start(418)) - Starting XceiverServerRatis 24bd4dfd-32bd-43aa-beef-90ae8c966227 at port 0
2019-07-13 09:18:27,881 INFO  impl.RaftServerProxy (RaftServerProxy.java:lambda$start$3(299)) - 24bd4dfd-32bd-43aa-beef-90ae8c966227: start RPC server
2019-07-13 09:18:27,882 INFO  server.GrpcService (GrpcService.java:startImpl(149)) - 24bd4dfd-32bd-43aa-beef-90ae8c966227: GrpcService started, listening on 0.0.0.0/0.0.0.0:41282
2019-07-13 09:18:27,882 INFO  ratis.XceiverServerRatis (XceiverServerRatis.java:start(428)) - XceiverServerRatis 24bd4dfd-32bd-43aa-beef-90ae8c966227 is started using port 41282
2019-07-13 09:18:27,891 INFO  server.XceiverServerGrpc (XceiverServerGrpc.java:start(161)) - XceiverServerGrpc 24bd4dfd-32bd-43aa-beef-90ae8c966227 is started using port 37082
2019-07-13 09:18:28,006 INFO  ozoneimpl.OzoneContainer (OzoneContainer.java:start(186)) - Attempting to start container services.
2019-07-13 09:18:28,006 INFO  ozoneimpl.OzoneContainer (OzoneContainer.java:startContainerScrub(160)) - Background container scrubber has been disabled by hdds.containerscrub.enabled
2019-07-13 09:18:28,006 INFO  ratis.XceiverServerRatis (XceiverServerRatis.java:start(418)) - Starting XceiverServerRatis 9e3b2b9f-0edc-4b89-96b7-ff99211975b8 at port 0
2019-07-13 09:18:28,013 INFO  impl.RaftServerProxy (RaftServerProxy.java:lambda$start$3(299)) - 9e3b2b9f-0edc-4b89-96b7-ff99211975b8: start RPC server
2019-07-13 09:18:28,014 INFO  server.GrpcService (GrpcService.java:startImpl(149)) - 9e3b2b9f-0edc-4b89-96b7-ff99211975b8: GrpcService started, listening on 0.0.0.0/0.0.0.0:43020
2019-07-13 09:18:28,014 INFO  ratis.XceiverServerRatis (XceiverServerRatis.java:start(428)) - XceiverServerRatis 9e3b2b9f-0edc-4b89-96b7-ff99211975b8 is started using port 43020
2019-07-13 09:18:28,015 INFO  server.XceiverServerGrpc (XceiverServerGrpc.java:start(161)) - XceiverServerGrpc 9e3b2b9f-0edc-4b89-96b7-ff99211975b8 is started using port 45690
2019-07-13 09:18:28,166 INFO  ozoneimpl.OzoneContainer (OzoneContainer.java:start(186)) - Attempting to start container services.
2019-07-13 09:18:28,166 INFO  ozoneimpl.OzoneContainer (OzoneContainer.java:startContainerScrub(160)) - Background container scrubber has been disabled by hdds.containerscrub.enabled
2019-07-13 09:18:28,166 INFO  ratis.XceiverServerRatis (XceiverServerRatis.java:start(418)) - Starting XceiverServerRatis 34a55eb9-72fe-434e-adc2-b8700a9685da at port 0
2019-07-13 09:18:28,173 INFO  impl.RaftServerProxy (RaftServerProxy.java:lambda$start$3(299)) - 34a55eb9-72fe-434e-adc2-b8700a9685da: start RPC server
2019-07-13 09:18:28,178 INFO  server.GrpcService (GrpcService.java:startImpl(149)) - 34a55eb9-72fe-434e-adc2-b8700a9685da: GrpcService started, listening on 0.0.0.0/0.0.0.0:37417
2019-07-13 09:18:28,178 INFO  ratis.XceiverServerRatis (XceiverServerRatis.java:start(428)) - XceiverServerRatis 34a55eb9-72fe-434e-adc2-b8700a9685da is started using port 37417
2019-07-13 09:18:28,179 INFO  server.XceiverServerGrpc (XceiverServerGrpc.java:start(161)) - XceiverServerGrpc 34a55eb9-72fe-434e-adc2-b8700a9685da is started using port 41413
2019-07-13 09:18:28,328 INFO  ozoneimpl.OzoneContainer (OzoneContainer.java:start(186)) - Attempting to start container services.
2019-07-13 09:18:28,328 INFO  ozoneimpl.OzoneContainer (OzoneContainer.java:startContainerScrub(160)) - Background container scrubber has been disabled by hdds.containerscrub.enabled
2019-07-13 09:18:28,329 INFO  ratis.XceiverServerRatis (XceiverServerRatis.java:start(418)) - Starting XceiverServerRatis fd5c425d-5e71-4feb-9d85-6dad5dc05c67 at port 0
2019-07-13 09:18:28,337 INFO  impl.RaftServerProxy (RaftServerProxy.java:lambda$start$3(299)) - fd5c425d-5e71-4feb-9d85-6dad5dc05c67: start RPC server
2019-07-13 09:18:28,337 INFO  server.GrpcService (GrpcService.java:startImpl(149)) - fd5c425d-5e71-4feb-9d85-6dad5dc05c67: GrpcService started, listening on 0.0.0.0/0.0.0.0:42222
2019-07-13 09:18:28,338 INFO  ratis.XceiverServerRatis (XceiverServerRatis.java:start(428)) - XceiverServerRatis fd5c425d-5e71-4feb-9d85-6dad5dc05c67 is started using port 42222
2019-07-13 09:18:28,342 INFO  server.XceiverServerGrpc (XceiverServerGrpc.java:start(161)) - XceiverServerGrpc fd5c425d-5e71-4feb-9d85-6dad5dc05c67 is started using port 44793
2019-07-13 09:18:28,476 INFO  ozone.MiniOzoneClusterImpl (MiniOzoneClusterImpl.java:lambda$waitForClusterToBeReady$0(142)) - Waiting for cluster to be ready. Got 0 of 7 DN Heartbeats.
2019-07-13 09:18:28,493 INFO  ozoneimpl.OzoneContainer (OzoneContainer.java:start(186)) - Attempting to start container services.
2019-07-13 09:18:28,493 INFO  ozoneimpl.OzoneContainer (OzoneContainer.java:startContainerScrub(160)) - Background container scrubber has been disabled by hdds.containerscrub.enabled
2019-07-13 09:18:28,493 INFO  ratis.XceiverServerRatis (XceiverServerRatis.java:start(418)) - Starting XceiverServerRatis d4ede211-52eb-4850-b072-4777607c9814 at port 0
2019-07-13 09:18:28,501 INFO  impl.RaftServerProxy (RaftServerProxy.java:lambda$start$3(299)) - d4ede211-52eb-4850-b072-4777607c9814: start RPC server
2019-07-13 09:18:28,504 INFO  server.GrpcService (GrpcService.java:startImpl(149)) - d4ede211-52eb-4850-b072-4777607c9814: GrpcService started, listening on 0.0.0.0/0.0.0.0:34625
2019-07-13 09:18:28,504 INFO  ratis.XceiverServerRatis (XceiverServerRatis.java:start(428)) - XceiverServerRatis d4ede211-52eb-4850-b072-4777607c9814 is started using port 34625
2019-07-13 09:18:28,505 INFO  server.XceiverServerGrpc (XceiverServerGrpc.java:start(161)) - XceiverServerGrpc d4ede211-52eb-4850-b072-4777607c9814 is started using port 39021
2019-07-13 09:18:29,477 INFO  ozone.MiniOzoneClusterImpl (MiniOzoneClusterImpl.java:lambda$waitForClusterToBeReady$0(142)) - Waiting for cluster to be ready. Got 0 of 7 DN Heartbeats.
2019-07-13 09:18:29,510 INFO  net.NetworkTopology (NetworkTopologyImpl.java:add(110)) - Added a new node: /default-rack/192.168.69.96
2019-07-13 09:18:29,513 INFO  node.SCMNodeManager (SCMNodeManager.java:register(269)) - Registered Data node : 236e68af-7fe1-40c1-8e07-8d5bf4f8457f{ip: 192.168.69.96, host: trunk-nightly-hmp62-43275749, networkLocation: /default-rack, certSerialId: null}
2019-07-13 09:18:29,513 INFO  safemode.SCMSafeModeManager (DataNodeSafeModeRule.java:process(71)) - SCM in safe mode. 1 DataNodes registered, 1 required.
2019-07-13 09:18:29,516 INFO  safemode.SCMSafeModeManager (SCMSafeModeManager.java:validateSafeModeExitRules(177)) - ScmSafeModeManager, all rules are successfully validated
2019-07-13 09:18:29,516 INFO  safemode.SCMSafeModeManager (SCMSafeModeManager.java:exitSafeMode(193)) - SCM exiting safe mode.
2019-07-13 09:18:29,528 INFO  impl.RaftServerProxy (RaftServerProxy.java:addNew(89)) - 236e68af-7fe1-40c1-8e07-8d5bf4f8457f: addNew group-780A5926AFCE:[236e68af-7fe1-40c1-8e07-8d5bf4f8457f:192.168.69.96:38784] returns group-780A5926AFCE:java.util.concurrent.CompletableFuture@14145c0e[Not completed]
2019-07-13 09:18:29,529 INFO  impl.RaftServerImpl (RaftServerImpl.java:<init>(93)) - 236e68af-7fe1-40c1-8e07-8d5bf4f8457f: new RaftServerImpl for group-780A5926AFCE:[236e68af-7fe1-40c1-8e07-8d5bf4f8457f:192.168.69.96:38784] with ContainerStateMachine:uninitialized
2019-07-13 09:18:29,529 INFO  server.RaftServerConfigKeys (ConfUtils.java:logGet(43)) - raft.server.rpc.timeout.min = 5s (custom)
2019-07-13 09:18:29,530 INFO  server.RaftServerConfigKeys (ConfUtils.java:logGet(43)) - raft.server.rpc.timeout.max = 5200ms (custom)
2019-07-13 09:18:29,530 INFO  server.RaftServerConfigKeys (ConfUtils.java:logGet(43)) - raft.server.rpcslowness.timeout = 120s (custom)
2019-07-13 09:18:29,530 INFO  server.RaftServerConfigKeys (ConfUtils.java:logGet(43)) - raft.server.sleep.deviation.threshold = 300 (default)
2019-07-13 09:18:29,530 INFO  server.RaftServerConfigKeys (ConfUtils.java:logGet(43)) - raft.server.log.appender.install.snapshot.enabled = false (custom)
2019-07-13 09:18:29,530 INFO  impl.RaftServerImpl (ServerState.java:<init>(105)) - 236e68af-7fe1-40c1-8e07-8d5bf4f8457f:group-780A5926AFCE ConfigurationManager, init=-1: [236e68af-7fe1-40c1-8e07-8d5bf4f8457f:192.168.69.96:38784], old=null, confs=<EMPTY_MAP>
2019-07-13 09:18:29,530 INFO  server.RaftServerConfigKeys (ConfUtils.java:logGet(43)) - raft.server.storage.dir = [/tmp/workdir/hadoop-ozone/integration-test/target/test-dir/MiniOzoneClusterImpl-f1122ca9-ffeb-42bd-a1c5-c08209646187/datanode-0/data/ratis] (custom)
2019-07-13 09:18:29,531 INFO  storage.RaftStorageDirectory (RaftStorageDirectory.java:analyzeStorage(246)) - The storage directory /tmp/workdir/hadoop-ozone/integration-test/target/test-dir/MiniOzoneClusterImpl-f1122ca9-ffeb-42bd-a1c5-c08209646187/datanode-0/data/ratis/6e180f53-5a97-413b-b567-780a5926afce does not exist. Creating ...
2019-07-13 09:18:29,544 INFO  storage.RaftStorageDirectory (RaftStorageDirectory.java:tryLock(328)) - Lock on /tmp/workdir/hadoop-ozone/integration-test/target/test-dir/MiniOzoneClusterImpl-f1122ca9-ffeb-42bd-a1c5-c08209646187/datanode-0/data/ratis/6e180f53-5a97-413b-b567-780a5926afce/in_use.lock acquired by nodename 8548@trunk-nightly-hmp62-43275749
2019-07-13 09:18:29,557 INFO  storage.RaftStorage (RaftStorage.java:format(72)) - Storage directory /tmp/workdir/hadoop-ozone/integration-test/target/test-dir/MiniOzoneClusterImpl-f1122ca9-ffeb-42bd-a1c5-c08209646187/datanode-0/data/ratis/6e180f53-5a97-413b-b567-780a5926afce has been successfully formatted.
2019-07-13 09:18:29,558 INFO  ratis.ContainerStateMachine (ContainerStateMachine.java:loadSnapshot(200)) - The snapshot info is null.Setting the last applied index to:(t:0, i:~)
2019-07-13 09:18:29,558 INFO  server.RaftServerConfigKeys (ConfUtils.java:logGet(43)) - raft.server.leader.election.timeout = 120s (custom)
2019-07-13 09:18:29,558 INFO  server.RaftServerConfigKeys (ConfUtils.java:logGet(43)) - raft.server.log.use.memory = false (default)
2019-07-13 09:18:29,558 INFO  server.RaftServerConfigKeys (ConfUtils.java:logGet(43)) - raft.server.log.purge.gap = 1000000000 (custom)
2019-07-13 09:18:29,558 INFO  server.RaftServerConfigKeys (ConfUtils.java:logGet(43)) - raft.server.log.appender.buffer.byte-limit = 33554432 (custom)
2019-07-13 09:18:29,559 INFO  server.RaftServerConfigKeys (ConfUtils.java:logGet(43)) - raft.server.log.segment.size.max = 1048576 (custom)
2019-07-13 09:18:29,559 INFO  server.RaftServerConfigKeys (ConfUtils.java:logGet(43)) - raft.server.log.segment.cache.num.max = 2 (custom)
2019-07-13 09:18:29,559 INFO  segmented.SegmentedRaftLogWorker (SegmentedRaftLogWorker.java:<init>(172)) - new 236e68af-7fe1-40c1-8e07-8d5bf4f8457f-SegmentedRaftLogWorker:Storage Directory /tmp/workdir/hadoop-ozone/integration-test/target/test-dir/MiniOzoneClusterImpl-f1122ca9-ffeb-42bd-a1c5-c08209646187/datanode-0/data/ratis/6e180f53-5a97-413b-b567-780a5926afce for RaftStorage:Storage Directory /tmp/workdir/hadoop-ozone/integration-test/target/test-dir/MiniOzoneClusterImpl-f1122ca9-ffeb-42bd-a1c5-c08209646187/datanode-0/data/ratis/6e180f53-5a97-413b-b567-780a5926afce
2019-07-13 09:18:29,559 INFO  server.RaftServerConfigKeys (ConfUtils.java:logGet(43)) - raft.server.log.queue.byte-limit = 2147483647 (custom)
2019-07-13 09:18:29,559 INFO  server.RaftServerConfigKeys (ConfUtils.java:logGet(43)) - raft.server.log.queue.element-limit = 1024 (custom)
2019-07-13 09:18:29,560 INFO  server.RaftServerConfigKeys (ConfUtils.java:logGet(43)) - raft.server.log.segment.size.max = 1048576 (custom)
2019-07-13 09:18:29,560 INFO  server.RaftServerConfigKeys (ConfUtils.java:logGet(43)) - raft.server.log.preallocated.size = 16384 (custom)
2019-07-13 09:18:29,560 INFO  server.RaftServerConfigKeys (ConfUtils.java:logGet(43)) - raft.server.log.write.buffer.size = 33554432 (custom)
2019-07-13 09:18:29,560 INFO  server.RaftServerConfigKeys (ConfUtils.java:logGet(43)) - raft.server.log.force.sync.num = 128 (default)
2019-07-13 09:18:29,560 INFO  server.RaftServerConfigKeys (ConfUtils.java:logGet(43)) - raft.server.log.statemachine.data.sync = true (default)
2019-07-13 09:18:29,560 INFO  server.RaftServerConfigKeys (ConfUtils.java:logGet(43)) - raft.server.log.statemachine.data.sync.timeout = 10s (default)
2019-07-13 09:18:29,560 INFO  server.RaftServerConfigKeys (ConfUtils.java:logGet(43)) - raft.server.log.statemachine.data.sync.timeout.retry = -1 (default)
2019-07-13 09:18:29,561 INFO  server.RaftServerConfigKeys (ConfUtils.java:logGet(43)) - raft.server.log.statemachine.data.caching.enabled = true (custom)
2019-07-13 09:18:29,561 INFO  segmented.SegmentedRaftLogWorker (SegmentedRaftLogWorker.java:lambda$new$0(132)) - 236e68af-7fe1-40c1-8e07-8d5bf4f8457f-SegmentedRaftLogWorker:Storage Directory /tmp/workdir/hadoop-ozone/integration-test/target/test-dir/MiniOzoneClusterImpl-f1122ca9-ffeb-42bd-a1c5-c08209646187/datanode-0/data/ratis/6e180f53-5a97-413b-b567-780a5926afce: flushIndex: setUnconditionally 0 -> -1
2019-07-13 09:18:29,562 INFO  server.RaftServerConfigKeys (ConfUtils.java:logGet(43)) - raft.server.snapshot.auto.trigger.enabled = true (custom)
2019-07-13 09:18:29,562 INFO  server.RaftServerConfigKeys (ConfUtils.java:logGet(43)) - raft.server.snapshot.auto.trigger.threshold = 10000 (custom)
2019-07-13 09:18:29,562 INFO  server.RaftServerConfigKeys (ConfUtils.java:logGet(43)) - raft.server.retrycache.expirytime = 600000ms (custom)
2019-07-13 09:18:29,562 INFO  impl.RaftServerImpl (RaftServerImpl.java:start(180)) - 236e68af-7fe1-40c1-8e07-8d5bf4f8457f: start group-780A5926AFCE
2019-07-13 09:18:29,562 INFO  impl.RaftServerImpl (RaftServerImpl.java:setRole(171)) - 236e68af-7fe1-40c1-8e07-8d5bf4f8457f:group-780A5926AFCE changes role from null to FOLLOWER at term 0 for startAsFollower
2019-07-13 09:18:29,562 INFO  impl.RoleInfo (RoleInfo.java:updateAndGet(143)) - 236e68af-7fe1-40c1-8e07-8d5bf4f8457f: start FollowerState
2019-07-13 09:18:29,563 INFO  util.JmxRegister (JmxRegister.java:tryRegister(44)) - Successfully registered JMX Bean with object name Ratis:service=RaftServer,group=group-780A5926AFCE,id=236e68af-7fe1-40c1-8e07-8d5bf4f8457f
2019-07-13 09:18:29,565 INFO  pipeline.PipelineStateManager (PipelineStateManager.java:addPipeline(56)) - Created pipeline Pipeline[ Id: 6e180f53-5a97-413b-b567-780a5926afce, Nodes: 236e68af-7fe1-40c1-8e07-8d5bf4f8457f{ip: 192.168.69.96, host: trunk-nightly-hmp62-43275749, networkLocation: /default-rack, certSerialId: null}, Type:RATIS, Factor:ONE, State:OPEN]
2019-07-13 09:18:29,666 INFO  node.SCMNodeManager (SCMNodeManager.java:register(269)) - Registered Data node : 9c4b0f75-73d5-4e4c-a19c-00ecb9356573{ip: 192.168.69.96, host: trunk-nightly-hmp62-43275749, networkLocation: /default-rack, certSerialId: null}
2019-07-13 09:18:29,673 INFO  impl.RaftServerProxy (RaftServerProxy.java:addNew(89)) - 9c4b0f75-73d5-4e4c-a19c-00ecb9356573: addNew group-C84096776C97:[9c4b0f75-73d5-4e4c-a19c-00ecb9356573:192.168.69.96:43028] returns group-C84096776C97:java.util.concurrent.CompletableFuture@1034247e[Not completed]
2019-07-13 09:18:29,674 INFO  impl.RaftServerImpl (RaftServerImpl.java:<init>(93)) - 9c4b0f75-73d5-4e4c-a19c-00ecb9356573: new RaftServerImpl for group-C84096776C97:[9c4b0f75-73d5-4e4c-a19c-00ecb9356573:192.168.69.96:43028] with ContainerStateMachine:uninitialized
2019-07-13 09:18:29,674 INFO  server.RaftServerConfigKeys (ConfUtils.java:logGet(43)) - raft.server.rpc.timeout.min = 5s (custom)
2019-07-13 09:18:29,674 INFO  server.RaftServerConfigKeys (ConfUtils.java:logGet(43)) - raft.server.rpc.timeout.max = 5200ms (custom)
2019-07-13 09:18:29,674 INFO  server.RaftServerConfigKeys (ConfUtils.java:logGet(43)) - raft.server.rpcslowness.timeout = 120s (custom)
2019-07-13 09:18:29,674 INFO  server.RaftServerConfigKeys (ConfUtils.java:logGet(43)) - raft.server.sleep.deviation.threshold = 300 (default)
2019-07-13 09:18:29,675 INFO  server.RaftServerConfigKeys (ConfUtils.java:logGet(43)) - raft.server.log.appender.install.snapshot.enabled = false (custom)
2019-07-13 09:18:29,675 INFO  impl.RaftServerImpl (ServerState.java:<init>(105)) - 9c4b0f75-73d5-4e4c-a19c-00ecb9356573:group-C84096776C97 ConfigurationManager, init=-1: [9c4b0f75-73d5-4e4c-a19c-00ecb9356573:192.168.69.96:43028], old=null, confs=<EMPTY_MAP>
2019-07-13 09:18:29,675 INFO  server.RaftServerConfigKeys (ConfUtils.java:logGet(43)) - raft.server.storage.dir = [/tmp/workdir/hadoop-ozone/integration-test/target/test-dir/MiniOzoneClusterImpl-f1122ca9-ffeb-42bd-a1c5-c08209646187/datanode-1/data/ratis] (custom)
2019-07-13 09:18:29,675 INFO  storage.RaftStorageDirectory (RaftStorageDirectory.java:analyzeStorage(246)) - The storage directory /tmp/workdir/hadoop-ozone/integration-test/target/test-dir/MiniOzoneClusterImpl-f1122ca9-ffeb-42bd-a1c5-c08209646187/datanode-1/data/ratis/af34c1d2-edd8-494d-996b-c84096776c97 does not exist. Creating ...
2019-07-13 09:18:29,689 INFO  storage.RaftStorageDirectory (RaftStorageDirectory.java:tryLock(328)) - Lock on /tmp/workdir/hadoop-ozone/integration-test/target/test-dir/MiniOzoneClusterImpl-f1122ca9-ffeb-42bd-a1c5-c08209646187/datanode-1/data/ratis/af34c1d2-edd8-494d-996b-c84096776c97/in_use.lock acquired by nodename 8548@trunk-nightly-hmp62-43275749
2019-07-13 09:18:29,702 INFO  storage.RaftStorage (RaftStorage.java:format(72)) - Storage directory /tmp/workdir/hadoop-ozone/integration-test/target/test-dir/MiniOzoneClusterImpl-f1122ca9-ffeb-42bd-a1c5-c08209646187/datanode-1/data/ratis/af34c1d2-edd8-494d-996b-c84096776c97 has been successfully formatted.
2019-07-13 09:18:29,702 INFO  ratis.ContainerStateMachine (ContainerStateMachine.java:loadSnapshot(200)) - The snapshot info is null.Setting the last applied index to:(t:0, i:~)
2019-07-13 09:18:29,702 INFO  server.RaftServerConfigKeys (ConfUtils.java:logGet(43)) - raft.server.leader.election.timeout = 120s (custom)
2019-07-13 09:18:29,702 INFO  server.RaftServerConfigKeys (ConfUtils.java:logGet(43)) - raft.server.log.use.memory = false (default)
2019-07-13 09:18:29,703 INFO  server.RaftServerConfigKeys (ConfUtils.java:logGet(43)) - raft.server.log.purge.gap = 1000000000 (custom)
2019-07-13 09:18:29,703 INFO  server.RaftServerConfigKeys (ConfUtils.java:logGet(43)) - raft.server.log.appender.buffer.byte-limit = 33554432 (custom)
2019-07-13 09:18:29,703 INFO  server.RaftServerConfigKeys (ConfUtils.java:logGet(43)) - raft.server.log.segment.size.max = 1048576 (custom)
2019-07-13 09:18:29,703 INFO  server.RaftServerConfigKeys (ConfUtils.java:logGet(43)) - raft.server.log.segment.cache.num.max = 2 (custom)
2019-07-13 09:18:29,703 INFO  segmented.SegmentedRaftLogWorker (SegmentedRaftLogWorker.java:<init>(172)) - new 9c4b0f75-73d5-4e4c-a19c-00ecb9356573-SegmentedRaftLogWorker:Storage Directory /tmp/workdir/hadoop-ozone/integration-test/target/test-dir/MiniOzoneClusterImpl-f1122ca9-ffeb-42bd-a1c5-c08209646187/datanode-1/data/ratis/af34c1d2-edd8-494d-996b-c84096776c97 for RaftStorage:Storage Directory /tmp/workdir/hadoop-ozone/integration-test/target/test-dir/MiniOzoneClusterImpl-f1122ca9-ffeb-42bd-a1c5-c08209646187/datanode-1/data/ratis/af34c1d2-edd8-494d-996b-c84096776c97
2019-07-13 09:18:29,704 INFO  server.RaftServerConfigKeys (ConfUtils.java:logGet(43)) - raft.server.log.queue.byte-limit = 2147483647 (custom)
2019-07-13 09:18:29,704 INFO  server.RaftServerConfigKeys (ConfUtils.java:logGet(43)) - raft.server.log.queue.element-limit = 1024 (custom)
2019-07-13 09:18:29,704 INFO  server.RaftServerConfigKeys (ConfUtils.java:logGet(43)) - raft.server.log.segment.size.max = 1048576 (custom)
2019-07-13 09:18:29,704 INFO  server.RaftServerConfigKeys (ConfUtils.java:logGet(43)) - raft.server.log.preallocated.size = 16384 (custom)
2019-07-13 09:18:29,704 INFO  server.RaftServerConfigKeys (ConfUtils.java:logGet(43)) - raft.server.log.write.buffer.size = 33554432 (custom)
2019-07-13 09:18:29,705 INFO  server.RaftServerConfigKeys (ConfUtils.java:logGet(43)) - raft.server.log.force.sync.num = 128 (default)
2019-07-13 09:18:29,705 INFO  server.RaftServerConfigKeys (ConfUtils.java:logGet(43)) - raft.server.log.statemachine.data.sync = true (default)
2019-07-13 09:18:29,705 INFO  server.RaftServerConfigKeys (ConfUtils.java:logGet(43)) - raft.server.log.statemachine.data.sync.timeout = 10s (default)
2019-07-13 09:18:29,705 INFO  server.RaftServerConfigKeys (ConfUtils.java:logGet(43)) - raft.server.log.statemachine.data.sync.timeout.retry = -1 (default)
2019-07-13 09:18:29,705 INFO  server.RaftServerConfigKeys (ConfUtils.java:logGet(43)) - raft.server.log.statemachine.data.caching.enabled = true (custom)
2019-07-13 09:18:29,706 INFO  segmented.SegmentedRaftLogWorker (SegmentedRaftLogWorker.java:lambda$new$0(132)) - 9c4b0f75-73d5-4e4c-a19c-00ecb9356573-SegmentedRaftLogWorker:Storage Directory /tmp/workdir/hadoop-ozone/integration-test/target/test-dir/MiniOzoneClusterImpl-f1122ca9-ffeb-42bd-a1c5-c08209646187/datanode-1/data/ratis/af34c1d2-edd8-494d-996b-c84096776c97: flushIndex: setUnconditionally 0 -> -1
2019-07-13 09:18:29,706 INFO  server.RaftServerConfigKeys (ConfUtils.java:logGet(43)) - raft.server.snapshot.auto.trigger.enabled = true (custom)
2019-07-13 09:18:29,706 INFO  server.RaftServerConfigKeys (ConfUtils.java:logGet(43)) - raft.server.snapshot.auto.trigger.threshold = 10000 (custom)
2019-07-13 09:18:29,706 INFO  server.RaftServerConfigKeys (ConfUtils.java:logGet(43)) - raft.server.retrycache.expirytime = 600000ms (custom)
2019-07-13 09:18:29,707 INFO  impl.RaftServerImpl (RaftServerImpl.java:start(180)) - 9c4b0f75-73d5-4e4c-a19c-00ecb9356573: start group-C84096776C97
2019-07-13 09:18:29,707 INFO  impl.RaftServerImpl (RaftServerImpl.java:setRole(171)) - 9c4b0f75-73d5-4e4c-a19c-00ecb9356573:group-C84096776C97 changes role from null to FOLLOWER at term 0 for startAsFollower
2019-07-13 09:18:29,707 INFO  impl.RoleInfo (RoleInfo.java:updateAndGet(143)) - 9c4b0f75-73d5-4e4c-a19c-00ecb9356573: start FollowerState
2019-07-13 09:18:29,708 INFO  util.JmxRegister (JmxRegister.java:tryRegister(44)) - Successfully registered JMX Bean with object name Ratis:service=RaftServer,group=group-C84096776C97,id=9c4b0f75-73d5-4e4c-a19c-00ecb9356573
2019-07-13 09:18:29,709 INFO  pipeline.PipelineStateManager (PipelineStateManager.java:addPipeline(56)) - Created pipeline Pipeline[ Id: af34c1d2-edd8-494d-996b-c84096776c97, Nodes: 9c4b0f75-73d5-4e4c-a19c-00ecb9356573{ip: 192.168.69.96, host: trunk-nightly-hmp62-43275749, networkLocation: /default-rack, certSerialId: null}, Type:RATIS, Factor:ONE, State:OPEN]
2019-07-13 09:18:29,828 INFO  node.SCMNodeManager (SCMNodeManager.java:register(269)) - Registered Data node : 24bd4dfd-32bd-43aa-beef-90ae8c966227{ip: 192.168.69.96, host: trunk-nightly-hmp62-43275749, networkLocation: /default-rack, certSerialId: null}
2019-07-13 09:18:29,838 INFO  impl.RaftServerProxy (RaftServerProxy.java:addNew(89)) - 24bd4dfd-32bd-43aa-beef-90ae8c966227: addNew group-941CA3EDD592:[24bd4dfd-32bd-43aa-beef-90ae8c966227:192.168.69.96:41282] returns group-941CA3EDD592:java.util.concurrent.CompletableFuture@7f2bc85b[Not completed]
2019-07-13 09:18:29,839 INFO  impl.RaftServerImpl (RaftServerImpl.java:<init>(93)) - 24bd4dfd-32bd-43aa-beef-90ae8c966227: new RaftServerImpl for group-941CA3EDD592:[24bd4dfd-32bd-43aa-beef-90ae8c966227:192.168.69.96:41282] with ContainerStateMachine:uninitialized
2019-07-13 09:18:29,839 INFO  server.RaftServerConfigKeys (ConfUtils.java:logGet(43)) - raft.server.rpc.timeout.min = 5s (custom)
2019-07-13 09:18:29,839 INFO  server.RaftServerConfigKeys (ConfUtils.java:logGet(43)) - raft.server.rpc.timeout.max = 5200ms (custom)
2019-07-13 09:18:29,839 INFO  server.RaftServerConfigKeys (ConfUtils.java:logGet(43)) - raft.server.rpcslowness.timeout = 120s (custom)
2019-07-13 09:18:29,839 INFO  server.RaftServerConfigKeys (ConfUtils.java:logGet(43)) - raft.server.sleep.deviation.threshold = 300 (default)
2019-07-13 09:18:29,839 INFO  server.RaftServerConfigKeys (ConfUtils.java:logGet(43)) - raft.server.log.appender.install.snapshot.enabled = false (custom)
2019-07-13 09:18:29,840 INFO  impl.RaftServerImpl (ServerState.java:<init>(105)) - 24bd4dfd-32bd-43aa-beef-90ae8c966227:group-941CA3EDD592 ConfigurationManager, init=-1: [24bd4dfd-32bd-43aa-beef-90ae8c966227:192.168.69.96:41282], old=null, confs=<EMPTY_MAP>
2019-07-13 09:18:29,840 INFO  server.RaftServerConfigKeys (ConfUtils.java:logGet(43)) - raft.server.storage.dir = [/tmp/workdir/hadoop-ozone/integration-test/target/test-dir/MiniOzoneClusterImpl-f1122ca9-ffeb-42bd-a1c5-c08209646187/datanode-2/data/ratis] (custom)
2019-07-13 09:18:29,840 INFO  storage.RaftStorageDirectory (RaftStorageDirectory.java:analyzeStorage(246)) - The storage directory /tmp/workdir/hadoop-ozone/integration-test/target/test-dir/MiniOzoneClusterImpl-f1122ca9-ffeb-42bd-a1c5-c08209646187/datanode-2/data/ratis/435d0b85-40e7-4080-a58b-941ca3edd592 does not exist. Creating ...
2019-07-13 09:18:29,861 INFO  storage.RaftStorageDirectory (RaftStorageDirectory.java:tryLock(328)) - Lock on /tmp/workdir/hadoop-ozone/integration-test/target/test-dir/MiniOzoneClusterImpl-f1122ca9-ffeb-42bd-a1c5-c08209646187/datanode-2/data/ratis/435d0b85-40e7-4080-a58b-941ca3edd592/in_use.lock acquired by nodename 8548@trunk-nightly-hmp62-43275749
2019-07-13 09:18:29,875 INFO  storage.RaftStorage (RaftStorage.java:format(72)) - Storage directory /tmp/workdir/hadoop-ozone/integration-test/target/test-dir/MiniOzoneClusterImpl-f1122ca9-ffeb-42bd-a1c5-c08209646187/datanode-2/data/ratis/435d0b85-40e7-4080-a58b-941ca3edd592 has been successfully formatted.
2019-07-13 09:18:29,875 INFO  ratis.ContainerStateMachine (ContainerStateMachine.java:loadSnapshot(200)) - The snapshot info is null.Setting the last applied index to:(t:0, i:~)
2019-07-13 09:18:29,875 INFO  server.RaftServerConfigKeys (ConfUtils.java:logGet(43)) - raft.server.leader.election.timeout = 120s (custom)
2019-07-13 09:18:29,875 INFO  server.RaftServerConfigKeys (ConfUtils.java:logGet(43)) - raft.server.log.use.memory = false (default)
2019-07-13 09:18:29,875 INFO  server.RaftServerConfigKeys (ConfUtils.java:logGet(43)) - raft.server.log.purge.gap = 1000000000 (custom)
2019-07-13 09:18:29,876 INFO  server.RaftServerConfigKeys (ConfUtils.java:logGet(43)) - raft.server.log.appender.buffer.byte-limit = 33554432 (custom)
2019-07-13 09:18:29,876 INFO  server.RaftServerConfigKeys (ConfUtils.java:logGet(43)) - raft.server.log.segment.size.max = 1048576 (custom)
2019-07-13 09:18:29,876 INFO  server.RaftServerConfigKeys (ConfUtils.java:logGet(43)) - raft.server.log.segment.cache.num.max = 2 (custom)
2019-07-13 09:18:29,876 INFO  segmented.SegmentedRaftLogWorker (SegmentedRaftLogWorker.java:<init>(172)) - new 24bd4dfd-32bd-43aa-beef-90ae8c966227-SegmentedRaftLogWorker:Storage Directory /tmp/workdir/hadoop-ozone/integration-test/target/test-dir/MiniOzoneClusterImpl-f1122ca9-ffeb-42bd-a1c5-c08209646187/datanode-2/data/ratis/435d0b85-40e7-4080-a58b-941ca3edd592 for RaftStorage:Storage Directory /tmp/workdir/hadoop-ozone/integration-test/target/test-dir/MiniOzoneClusterImpl-f1122ca9-ffeb-42bd-a1c5-c08209646187/datanode-2/data/ratis/435d0b85-40e7-4080-a58b-941ca3edd592
2019-07-13 09:18:29,876 INFO  server.RaftServerConfigKeys (ConfUtils.java:logGet(43)) - raft.server.log.queue.byte-limit = 2147483647 (custom)
2019-07-13 09:18:29,876 INFO  server.RaftServerConfigKeys (ConfUtils.java:logGet(43)) - raft.server.log.queue.element-limit = 1024 (custom)
2019-07-13 09:18:29,877 INFO  server.RaftServerConfigKeys (ConfUtils.java:logGet(43)) - raft.server.log.segment.size.max = 1048576 (custom)
2019-07-13 09:18:29,877 INFO  server.RaftServerConfigKeys (ConfUtils.java:logGet(43)) - raft.server.log.preallocated.size = 16384 (custom)
2019-07-13 09:18:29,877 INFO  server.RaftServerConfigKeys (ConfUtils.java:logGet(43)) - raft.server.log.write.buffer.size = 33554432 (custom)
2019-07-13 09:18:29,877 INFO  server.RaftServerConfigKeys (ConfUtils.java:logGet(43)) - raft.server.log.force.sync.num = 128 (default)
2019-07-13 09:18:29,877 INFO  server.RaftServerConfigKeys (ConfUtils.java:logGet(43)) - raft.server.log.statemachine.data.sync = true (default)
2019-07-13 09:18:29,877 INFO  server.RaftServerConfigKeys (ConfUtils.java:logGet(43)) - raft.server.log.statemachine.data.sync.timeout = 10s (default)
2019-07-13 09:18:29,877 INFO  server.RaftServerConfigKeys (ConfUtils.java:logGet(43)) - raft.server.log.statemachine.data.sync.timeout.retry = -1 (default)
2019-07-13 09:18:29,878 INFO  server.RaftServerConfigKeys (ConfUtils.java:logGet(43)) - raft.server.log.statemachine.data.caching.enabled = true (custom)
2019-07-13 09:18:29,878 INFO  segmented.SegmentedRaftLogWorker (SegmentedRaftLogWorker.java:lambda$new$0(132)) - 24bd4dfd-32bd-43aa-beef-90ae8c966227-SegmentedRaftLogWorker:Storage Directory /tmp/workdir/hadoop-ozone/integration-test/target/test-dir/MiniOzoneClusterImpl-f1122ca9-ffeb-42bd-a1c5-c08209646187/datanode-2/data/ratis/435d0b85-40e7-4080-a58b-941ca3edd592: flushIndex: setUnconditionally 0 -> -1
2019-07-13 09:18:29,878 INFO  server.RaftServerConfigKeys (ConfUtils.java:logGet(43)) - raft.server.snapshot.auto.trigger.enabled = true (custom)
2019-07-13 09:18:29,879 INFO  server.RaftServerConfigKeys (ConfUtils.java:logGet(43)) - raft.server.snapshot.auto.trigger.threshold = 10000 (custom)
2019-07-13 09:18:29,879 INFO  server.RaftServerConfigKeys (ConfUtils.java:logGet(43)) - raft.server.retrycache.expirytime = 600000ms (custom)
2019-07-13 09:18:29,879 INFO  impl.RaftServerImpl (RaftServerImpl.java:start(180)) - 24bd4dfd-32bd-43aa-beef-90ae8c966227: start group-941CA3EDD592
2019-07-13 09:18:29,879 INFO  impl.RaftServerImpl (RaftServerImpl.java:setRole(171)) - 24bd4dfd-32bd-43aa-beef-90ae8c966227:group-941CA3EDD592 changes role from null to FOLLOWER at term 0 for startAsFollower
2019-07-13 09:18:29,879 INFO  impl.RoleInfo (RoleInfo.java:updateAndGet(143)) - 24bd4dfd-32bd-43aa-beef-90ae8c966227: start FollowerState
2019-07-13 09:18:29,880 INFO  util.JmxRegister (JmxRegister.java:tryRegister(44)) - Successfully registered JMX Bean with object name Ratis:service=RaftServer,group=group-941CA3EDD592,id=24bd4dfd-32bd-43aa-beef-90ae8c966227
2019-07-13 09:18:29,881 INFO  pipeline.PipelineStateManager (PipelineStateManager.java:addPipeline(56)) - Created pipeline Pipeline[ Id: 435d0b85-40e7-4080-a58b-941ca3edd592, Nodes: 24bd4dfd-32bd-43aa-beef-90ae8c966227{ip: 192.168.69.96, host: trunk-nightly-hmp62-43275749, networkLocation: /default-rack, certSerialId: null}, Type:RATIS, Factor:ONE, State:OPEN]
2019-07-13 09:18:29,894 INFO  impl.RaftServerProxy (RaftServerProxy.java:addNew(89)) - 24bd4dfd-32bd-43aa-beef-90ae8c966227: addNew group-905A922CA967:[236e68af-7fe1-40c1-8e07-8d5bf4f8457f:192.168.69.96:38784, 24bd4dfd-32bd-43aa-beef-90ae8c966227:192.168.69.96:41282, 9c4b0f75-73d5-4e4c-a19c-00ecb9356573:192.168.69.96:43028] returns group-905A922CA967:java.util.concurrent.CompletableFuture@402646ea[Not completed]
2019-07-13 09:18:29,894 INFO  impl.RaftServerProxy (RaftServerProxy.java:addNew(89)) - 236e68af-7fe1-40c1-8e07-8d5bf4f8457f: addNew group-905A922CA967:[236e68af-7fe1-40c1-8e07-8d5bf4f8457f:192.168.69.96:38784, 24bd4dfd-32bd-43aa-beef-90ae8c966227:192.168.69.96:41282, 9c4b0f75-73d5-4e4c-a19c-00ecb9356573:192.168.69.96:43028] returns group-905A922CA967:java.util.concurrent.CompletableFuture@cff5273[Not completed]
2019-07-13 09:18:29,895 INFO  impl.RaftServerProxy (RaftServerProxy.java:addNew(89)) - 9c4b0f75-73d5-4e4c-a19c-00ecb9356573: addNew group-905A922CA967:[236e68af-7fe1-40c1-8e07-8d5bf4f8457f:192.168.69.96:38784, 24bd4dfd-32bd-43aa-beef-90ae8c966227:192.168.69.96:41282, 9c4b0f75-73d5-4e4c-a19c-00ecb9356573:192.168.69.96:43028] returns group-905A922CA967:java.util.concurrent.CompletableFuture@23ef49ba[Not completed]
2019-07-13 09:18:29,895 INFO  impl.RaftServerImpl (RaftServerImpl.java:<init>(93)) - 24bd4dfd-32bd-43aa-beef-90ae8c966227: new RaftServerImpl for group-905A922CA967:[236e68af-7fe1-40c1-8e07-8d5bf4f8457f:192.168.69.96:38784, 24bd4dfd-32bd-43aa-beef-90ae8c966227:192.168.69.96:41282, 9c4b0f75-73d5-4e4c-a19c-00ecb9356573:192.168.69.96:43028] with ContainerStateMachine:uninitialized
2019-07-13 09:18:29,895 INFO  impl.RaftServerImpl (RaftServerImpl.java:<init>(93)) - 236e68af-7fe1-40c1-8e07-8d5bf4f8457f: new RaftServerImpl for group-905A922CA967:[236e68af-7fe1-40c1-8e07-8d5bf4f8457f:192.168.69.96:38784, 24bd4dfd-32bd-43aa-beef-90ae8c966227:192.168.69.96:41282, 9c4b0f75-73d5-4e4c-a19c-00ecb9356573:192.168.69.96:43028] with ContainerStateMachine:uninitialized
2019-07-13 09:18:29,895 INFO  server.RaftServerConfigKeys (ConfUtils.java:logGet(43)) - raft.server.rpc.timeout.min = 5s (custom)
2019-07-13 09:18:29,895 INFO  server.RaftServerConfigKeys (ConfUtils.java:logGet(43)) - raft.server.rpc.timeout.min = 5s (custom)
2019-07-13 09:18:29,895 INFO  server.RaftServerConfigKeys (ConfUtils.java:logGet(43)) - raft.server.rpc.timeout.max = 5200ms (custom)
2019-07-13 09:18:29,895 INFO  server.RaftServerConfigKeys (ConfUtils.java:logGet(43)) - raft.server.rpc.timeout.max = 5200ms (custom)
2019-07-13 09:18:29,896 INFO  server.RaftServerConfigKeys (ConfUtils.java:logGet(43)) - raft.server.rpcslowness.timeout = 120s (custom)
2019-07-13 09:18:29,896 INFO  impl.RaftServerImpl (RaftServerImpl.java:<init>(93)) - 9c4b0f75-73d5-4e4c-a19c-00ecb9356573: new RaftServerImpl for group-905A922CA967:[236e68af-7fe1-40c1-8e07-8d5bf4f8457f:192.168.69.96:38784, 24bd4dfd-32bd-43aa-beef-90ae8c966227:192.168.69.96:41282, 9c4b0f75-73d5-4e4c-a19c-00ecb9356573:192.168.69.96:43028] with ContainerStateMachine:uninitialized
2019-07-13 09:18:29,896 INFO  server.RaftServerConfigKeys (ConfUtils.java:logGet(43)) - raft.server.sleep.deviation.threshold = 300 (default)
2019-07-13 09:18:29,896 INFO  server.RaftServerConfigKeys (ConfUtils.java:logGet(43)) - raft.server.log.appender.install.snapshot.enabled = false (custom)
2019-07-13 09:18:29,896 INFO  server.RaftServerConfigKeys (ConfUtils.java:logGet(43)) - raft.server.rpcslowness.timeout = 120s (custom)
2019-07-13 09:18:29,896 INFO  impl.RaftServerImpl (ServerState.java:<init>(105)) - 24bd4dfd-32bd-43aa-beef-90ae8c966227:group-905A922CA967 ConfigurationManager, init=-1: [236e68af-7fe1-40c1-8e07-8d5bf4f8457f:192.168.69.96:38784, 24bd4dfd-32bd-43aa-beef-90ae8c966227:192.168.69.96:41282, 9c4b0f75-73d5-4e4c-a19c-00ecb9356573:192.168.69.96:43028], old=null, confs=<EMPTY_MAP>
2019-07-13 09:18:29,896 INFO  server.RaftServerConfigKeys (ConfUtils.java:logGet(43)) - raft.server.rpc.timeout.min = 5s (custom)
2019-07-13 09:18:29,897 INFO  server.RaftServerConfigKeys (ConfUtils.java:logGet(43)) - raft.server.storage.dir = [/tmp/workdir/hadoop-ozone/integration-test/target/test-dir/MiniOzoneClusterImpl-f1122ca9-ffeb-42bd-a1c5-c08209646187/datanode-2/data/ratis] (custom)
2019-07-13 09:18:29,896 INFO  server.RaftServerConfigKeys (ConfUtils.java:logGet(43)) - raft.server.sleep.deviation.threshold = 300 (default)
2019-07-13 09:18:29,897 INFO  server.RaftServerConfigKeys (ConfUtils.java:logGet(43)) - raft.server.rpc.timeout.max = 5200ms (custom)
2019-07-13 09:18:29,897 INFO  storage.RaftStorageDirectory (RaftStorageDirectory.java:analyzeStorage(246)) - The storage directory /tmp/workdir/hadoop-ozone/integration-test/target/test-dir/MiniOzoneClusterImpl-f1122ca9-ffeb-42bd-a1c5-c08209646187/datanode-2/data/ratis/da87b7ef-0746-4a2b-811b-905a922ca967 does not exist. Creating ...
2019-07-13 09:18:29,897 INFO  server.RaftServerConfigKeys (ConfUtils.java:logGet(43)) - raft.server.log.appender.install.snapshot.enabled = false (custom)
2019-07-13 09:18:29,897 INFO  server.RaftServerConfigKeys (ConfUtils.java:logGet(43)) - raft.server.rpcslowness.timeout = 120s (custom)
2019-07-13 09:18:29,898 INFO  impl.RaftServerImpl (ServerState.java:<init>(105)) - 236e68af-7fe1-40c1-8e07-8d5bf4f8457f:group-905A922CA967 ConfigurationManager, init=-1: [236e68af-7fe1-40c1-8e07-8d5bf4f8457f:192.168.69.96:38784, 24bd4dfd-32bd-43aa-beef-90ae8c966227:192.168.69.96:41282, 9c4b0f75-73d5-4e4c-a19c-00ecb9356573:192.168.69.96:43028], old=null, confs=<EMPTY_MAP>
2019-07-13 09:18:29,898 INFO  server.RaftServerConfigKeys (ConfUtils.java:logGet(43)) - raft.server.sleep.deviation.threshold = 300 (default)
2019-07-13 09:18:29,898 INFO  server.RaftServerConfigKeys (ConfUtils.java:logGet(43)) - raft.server.storage.dir = [/tmp/workdir/hadoop-ozone/integration-test/target/test-dir/MiniOzoneClusterImpl-f1122ca9-ffeb-42bd-a1c5-c08209646187/datanode-0/data/ratis] (custom)
2019-07-13 09:18:29,898 INFO  server.RaftServerConfigKeys (ConfUtils.java:logGet(43)) - raft.server.log.appender.install.snapshot.enabled = false (custom)
2019-07-13 09:18:29,898 INFO  impl.RaftServerImpl (ServerState.java:<init>(105)) - 9c4b0f75-73d5-4e4c-a19c-00ecb9356573:group-905A922CA967 ConfigurationManager, init=-1: [236e68af-7fe1-40c1-8e07-8d5bf4f8457f:192.168.69.96:38784, 24bd4dfd-32bd-43aa-beef-90ae8c966227:192.168.69.96:41282, 9c4b0f75-73d5-4e4c-a19c-00ecb9356573:192.168.69.96:43028], old=null, confs=<EMPTY_MAP>
2019-07-13 09:18:29,898 INFO  storage.RaftStorageDirectory (RaftStorageDirectory.java:analyzeStorage(246)) - The storage directory /tmp/workdir/hadoop-ozone/integration-test/target/test-dir/MiniOzoneClusterImpl-f1122ca9-ffeb-42bd-a1c5-c08209646187/datanode-0/data/ratis/da87b7ef-0746-4a2b-811b-905a922ca967 does not exist. Creating ...
2019-07-13 09:18:29,899 INFO  server.RaftServerConfigKeys (ConfUtils.java:logGet(43)) - raft.server.storage.dir = [/tmp/workdir/hadoop-ozone/integration-test/target/test-dir/MiniOzoneClusterImpl-f1122ca9-ffeb-42bd-a1c5-c08209646187/datanode-1/data/ratis] (custom)
2019-07-13 09:18:29,899 INFO  storage.RaftStorageDirectory (RaftStorageDirectory.java:analyzeStorage(246)) - The storage directory /tmp/workdir/hadoop-ozone/integration-test/target/test-dir/MiniOzoneClusterImpl-f1122ca9-ffeb-42bd-a1c5-c08209646187/datanode-1/data/ratis/da87b7ef-0746-4a2b-811b-905a922ca967 does not exist. Creating ...
2019-07-13 09:18:29,911 INFO  storage.RaftStorageDirectory (RaftStorageDirectory.java:tryLock(328)) - Lock on /tmp/workdir/hadoop-ozone/integration-test/target/test-dir/MiniOzoneClusterImpl-f1122ca9-ffeb-42bd-a1c5-c08209646187/datanode-0/data/ratis/da87b7ef-0746-4a2b-811b-905a922ca967/in_use.lock acquired by nodename 8548@trunk-nightly-hmp62-43275749
2019-07-13 09:18:29,911 INFO  storage.RaftStorageDirectory (RaftStorageDirectory.java:tryLock(328)) - Lock on /tmp/workdir/hadoop-ozone/integration-test/target/test-dir/MiniOzoneClusterImpl-f1122ca9-ffeb-42bd-a1c5-c08209646187/datanode-2/data/ratis/da87b7ef-0746-4a2b-811b-905a922ca967/in_use.lock acquired by nodename 8548@trunk-nightly-hmp62-43275749
2019-07-13 09:18:29,911 INFO  storage.RaftStorageDirectory (RaftStorageDirectory.java:tryLock(328)) - Lock on /tmp/workdir/hadoop-ozone/integration-test/target/test-dir/MiniOzoneClusterImpl-f1122ca9-ffeb-42bd-a1c5-c08209646187/datanode-1/data/ratis/da87b7ef-0746-4a2b-811b-905a922ca967/in_use.lock acquired by nodename 8548@trunk-nightly-hmp62-43275749
2019-07-13 09:18:29,926 INFO  storage.RaftStorage (RaftStorage.java:format(72)) - Storage directory /tmp/workdir/hadoop-ozone/integration-test/target/test-dir/MiniOzoneClusterImpl-f1122ca9-ffeb-42bd-a1c5-c08209646187/datanode-2/data/ratis/da87b7ef-0746-4a2b-811b-905a922ca967 has been successfully formatted.
2019-07-13 09:18:29,926 INFO  storage.RaftStorage (RaftStorage.java:format(72)) - Storage directory /tmp/workdir/hadoop-ozone/integration-test/target/test-dir/MiniOzoneClusterImpl-f1122ca9-ffeb-42bd-a1c5-c08209646187/datanode-0/data/ratis/da87b7ef-0746-4a2b-811b-905a922ca967 has been successfully formatted.
2019-07-13 09:18:29,926 INFO  storage.RaftStorage (RaftStorage.java:format(72)) - Storage directory /tmp/workdir/hadoop-ozone/integration-test/target/test-dir/MiniOzoneClusterImpl-f1122ca9-ffeb-42bd-a1c5-c08209646187/datanode-1/data/ratis/da87b7ef-0746-4a2b-811b-905a922ca967 has been successfully formatted.
2019-07-13 09:18:29,926 INFO  ratis.ContainerStateMachine (ContainerStateMachine.java:loadSnapshot(200)) - The snapshot info is null.Setting the last applied index to:(t:0, i:~)
2019-07-13 09:18:29,926 INFO  ratis.ContainerStateMachine (ContainerStateMachine.java:loadSnapshot(200)) - The snapshot info is null.Setting the last applied index to:(t:0, i:~)
2019-07-13 09:18:29,926 INFO  server.RaftServerConfigKeys (ConfUtils.java:logGet(43)) - raft.server.leader.election.timeout = 120s (custom)
2019-07-13 09:18:29,926 INFO  ratis.ContainerStateMachine (ContainerStateMachine.java:loadSnapshot(200)) - The snapshot info is null.Setting the last applied index to:(t:0, i:~)
2019-07-13 09:18:29,927 INFO  server.RaftServerConfigKeys (ConfUtils.java:logGet(43)) - raft.server.log.use.memory = false (default)
2019-07-13 09:18:29,927 INFO  server.RaftServerConfigKeys (ConfUtils.java:logGet(43)) - raft.server.leader.election.timeout = 120s (custom)
2019-07-13 09:18:29,927 INFO  server.RaftServerConfigKeys (ConfUtils.java:logGet(43)) - raft.server.log.purge.gap = 1000000000 (custom)
2019-07-13 09:18:29,927 INFO  server.RaftServerConfigKeys (ConfUtils.java:logGet(43)) - raft.server.leader.election.timeout = 120s (custom)
2019-07-13 09:18:29,927 INFO  server.RaftServerConfigKeys (ConfUtils.java:logGet(43)) - raft.server.log.appender.buffer.byte-limit = 33554432 (custom)
2019-07-13 09:18:29,927 INFO  server.RaftServerConfigKeys (ConfUtils.java:logGet(43)) - raft.server.log.use.memory = false (default)
2019-07-13 09:18:29,928 INFO  server.RaftServerConfigKeys (ConfUtils.java:logGet(43)) - raft.server.log.segment.size.max = 1048576 (custom)
2019-07-13 09:18:29,927 INFO  server.RaftServerConfigKeys (ConfUtils.java:logGet(43)) - raft.server.log.use.memory = false (default)
2019-07-13 09:18:29,928 INFO  server.RaftServerConfigKeys (ConfUtils.java:logGet(43)) - raft.server.log.segment.cache.num.max = 2 (custom)
2019-07-13 09:18:29,928 INFO  segmented.SegmentedRaftLogWorker (SegmentedRaftLogWorker.java:<init>(172)) - new 236e68af-7fe1-40c1-8e07-8d5bf4f8457f-SegmentedRaftLogWorker:Storage Directory /tmp/workdir/hadoop-ozone/integration-test/target/test-dir/MiniOzoneClusterImpl-f1122ca9-ffeb-42bd-a1c5-c08209646187/datanode-0/data/ratis/da87b7ef-0746-4a2b-811b-905a922ca967 for RaftStorage:Storage Directory /tmp/workdir/hadoop-ozone/integration-test/target/test-dir/MiniOzoneClusterImpl-f1122ca9-ffeb-42bd-a1c5-c08209646187/datanode-0/data/ratis/da87b7ef-0746-4a2b-811b-905a922ca967
2019-07-13 09:18:29,928 INFO  server.RaftServerConfigKeys (ConfUtils.java:logGet(43)) - raft.server.log.purge.gap = 1000000000 (custom)
2019-07-13 09:18:29,928 INFO  server.RaftServerConfigKeys (ConfUtils.java:logGet(43)) - raft.server.log.queue.byte-limit = 2147483647 (custom)
2019-07-13 09:18:29,929 INFO  server.RaftServerConfigKeys (ConfUtils.java:logGet(43)) - raft.server.log.queue.element-limit = 1024 (custom)
2019-07-13 09:18:29,928 INFO  server.RaftServerConfigKeys (ConfUtils.java:logGet(43)) - raft.server.log.purge.gap = 1000000000 (custom)
2019-07-13 09:18:29,929 INFO  server.RaftServerConfigKeys (ConfUtils.java:logGet(43)) - raft.server.log.segment.size.max = 1048576 (custom)
2019-07-13 09:18:29,929 INFO  server.RaftServerConfigKeys (ConfUtils.java:logGet(43)) - raft.server.log.preallocated.size = 16384 (custom)
2019-07-13 09:18:29,929 INFO  server.RaftServerConfigKeys (ConfUtils.java:logGet(43)) - raft.server.log.appender.buffer.byte-limit = 33554432 (custom)
2019-07-13 09:18:29,929 INFO  server.RaftServerConfigKeys (ConfUtils.java:logGet(43)) - raft.server.log.write.buffer.size = 33554432 (custom)
2019-07-13 09:18:29,929 INFO  server.RaftServerConfigKeys (ConfUtils.java:logGet(43)) - raft.server.log.appender.buffer.byte-limit = 33554432 (custom)
2019-07-13 09:18:29,930 INFO  server.RaftServerConfigKeys (ConfUtils.java:logGet(43)) - raft.server.log.force.sync.num = 128 (default)
2019-07-13 09:18:29,930 INFO  server.RaftServerConfigKeys (ConfUtils.java:logGet(43)) - raft.server.log.segment.size.max = 1048576 (custom)
2019-07-13 09:18:29,930 INFO  server.RaftServerConfigKeys (ConfUtils.java:logGet(43)) - raft.server.log.statemachine.data.sync = true (default)
2019-07-13 09:18:29,930 INFO  server.RaftServerConfigKeys (ConfUtils.java:logGet(43)) - raft.server.log.segment.size.max = 1048576 (custom)
2019-07-13 09:18:29,930 INFO  server.RaftServerConfigKeys (ConfUtils.java:logGet(43)) - raft.server.log.statemachine.data.sync.timeout = 10s (default)
2019-07-13 09:18:29,931 INFO  server.RaftServerConfigKeys (ConfUtils.java:logGet(43)) - raft.server.log.statemachine.data.sync.timeout.retry = -1 (default)
2019-07-13 09:18:29,930 INFO  server.RaftServerConfigKeys (ConfUtils.java:logGet(43)) - raft.server.log.segment.cache.num.max = 2 (custom)
2019-07-13 09:18:29,931 INFO  server.RaftServerConfigKeys (ConfUtils.java:logGet(43)) - raft.server.log.statemachine.data.caching.enabled = true (custom)
2019-07-13 09:18:29,930 INFO  server.RaftServerConfigKeys (ConfUtils.java:logGet(43)) - raft.server.log.segment.cache.num.max = 2 (custom)
2019-07-13 09:18:29,931 INFO  segmented.SegmentedRaftLogWorker (SegmentedRaftLogWorker.java:lambda$new$0(132)) - 236e68af-7fe1-40c1-8e07-8d5bf4f8457f-SegmentedRaftLogWorker:Storage Directory /tmp/workdir/hadoop-ozone/integration-test/target/test-dir/MiniOzoneClusterImpl-f1122ca9-ffeb-42bd-a1c5-c08209646187/datanode-0/data/ratis/da87b7ef-0746-4a2b-811b-905a922ca967: flushIndex: setUnconditionally 0 -> -1
2019-07-13 09:18:29,931 INFO  segmented.SegmentedRaftLogWorker (SegmentedRaftLogWorker.java:<init>(172)) - new 24bd4dfd-32bd-43aa-beef-90ae8c966227-SegmentedRaftLogWorker:Storage Directory /tmp/workdir/hadoop-ozone/integration-test/target/test-dir/MiniOzoneClusterImpl-f1122ca9-ffeb-42bd-a1c5-c08209646187/datanode-2/data/ratis/da87b7ef-0746-4a2b-811b-905a922ca967 for RaftStorage:Storage Directory /tmp/workdir/hadoop-ozone/integration-test/target/test-dir/MiniOzoneClusterImpl-f1122ca9-ffeb-42bd-a1c5-c08209646187/datanode-2/data/ratis/da87b7ef-0746-4a2b-811b-905a922ca967
2019-07-13 09:18:29,931 INFO  segmented.SegmentedRaftLogWorker (SegmentedRaftLogWorker.java:<init>(172)) - new 9c4b0f75-73d5-4e4c-a19c-00ecb9356573-SegmentedRaftLogWorker:Storage Directory /tmp/workdir/hadoop-ozone/integration-test/target/test-dir/MiniOzoneClusterImpl-f1122ca9-ffeb-42bd-a1c5-c08209646187/datanode-1/data/ratis/da87b7ef-0746-4a2b-811b-905a922ca967 for RaftStorage:Storage Directory /tmp/workdir/hadoop-ozone/integration-test/target/test-dir/MiniOzoneClusterImpl-f1122ca9-ffeb-42bd-a1c5-c08209646187/datanode-1/data/ratis/da87b7ef-0746-4a2b-811b-905a922ca967
2019-07-13 09:18:29,932 INFO  server.RaftServerConfigKeys (ConfUtils.java:logGet(43)) - raft.server.log.queue.byte-limit = 2147483647 (custom)
2019-07-13 09:18:29,932 INFO  server.RaftServerConfigKeys (ConfUtils.java:logGet(43)) - raft.server.snapshot.auto.trigger.enabled = true (custom)
2019-07-13 09:18:29,932 INFO  server.RaftServerConfigKeys (ConfUtils.java:logGet(43)) - raft.server.log.queue.element-limit = 1024 (custom)
2019-07-13 09:18:29,932 INFO  server.RaftServerConfigKeys (ConfUtils.java:logGet(43)) - raft.server.log.segment.size.max = 1048576 (custom)
2019-07-13 09:18:29,932 INFO  server.RaftServerConfigKeys (ConfUtils.java:logGet(43)) - raft.server.log.queue.byte-limit = 2147483647 (custom)
2019-07-13 09:18:29,932 INFO  server.RaftServerConfigKeys (ConfUtils.java:logGet(43)) - raft.server.log.preallocated.size = 16384 (custom)
2019-07-13 09:18:29,932 INFO  server.RaftServerConfigKeys (ConfUtils.java:logGet(43)) - raft.server.snapshot.auto.trigger.threshold = 10000 (custom)
2019-07-13 09:18:29,933 INFO  server.RaftServerConfigKeys (ConfUtils.java:logGet(43)) - raft.server.log.write.buffer.size = 33554432 (custom)
2019-07-13 09:18:29,933 INFO  server.RaftServerConfigKeys (ConfUtils.java:logGet(43)) - raft.server.log.queue.element-limit = 1024 (custom)
2019-07-13 09:18:29,933 INFO  server.RaftServerConfigKeys (ConfUtils.java:logGet(43)) - raft.server.log.force.sync.num = 128 (default)
2019-07-13 09:18:29,933 INFO  server.RaftServerConfigKeys (ConfUtils.java:logGet(43)) - raft.server.retrycache.expirytime = 600000ms (custom)
2019-07-13 09:18:29,933 INFO  server.RaftServerConfigKeys (ConfUtils.java:logGet(43)) - raft.server.log.statemachine.data.sync = true (default)
2019-07-13 09:18:29,934 INFO  server.RaftServerConfigKeys (ConfUtils.java:logGet(43)) - raft.server.log.statemachine.data.sync.timeout = 10s (default)
2019-07-13 09:18:29,933 INFO  server.RaftServerConfigKeys (ConfUtils.java:logGet(43)) - raft.server.log.segment.size.max = 1048576 (custom)
2019-07-13 09:18:29,934 INFO  server.RaftServerConfigKeys (ConfUtils.java:logGet(43)) - raft.server.log.statemachine.data.sync.timeout.retry = -1 (default)
2019-07-13 09:18:29,933 INFO  impl.RaftServerImpl (RaftServerImpl.java:start(180)) - 236e68af-7fe1-40c1-8e07-8d5bf4f8457f: start group-905A922CA967
2019-07-13 09:18:29,934 INFO  server.RaftServerConfigKeys (ConfUtils.java:logGet(43)) - raft.server.log.statemachine.data.caching.enabled = true (custom)
2019-07-13 09:18:29,934 INFO  server.RaftServerConfigKeys (ConfUtils.java:logGet(43)) - raft.server.log.preallocated.size = 16384 (custom)
2019-07-13 09:18:29,935 INFO  segmented.SegmentedRaftLogWorker (SegmentedRaftLogWorker.java:lambda$new$0(132)) - 24bd4dfd-32bd-43aa-beef-90ae8c966227-SegmentedRaftLogWorker:Storage Directory /tmp/workdir/hadoop-ozone/integration-test/target/test-dir/MiniOzoneClusterImpl-f1122ca9-ffeb-42bd-a1c5-c08209646187/datanode-2/data/ratis/da87b7ef-0746-4a2b-811b-905a922ca967: flushIndex: setUnconditionally 0 -> -1
2019-07-13 09:18:29,934 INFO  impl.RaftServerImpl (RaftServerImpl.java:setRole(171)) - 236e68af-7fe1-40c1-8e07-8d5bf4f8457f:group-905A922CA967 changes role from null to FOLLOWER at term 0 for startAsFollower
2019-07-13 09:18:29,935 INFO  server.RaftServerConfigKeys (ConfUtils.java:logGet(43)) - raft.server.log.write.buffer.size = 33554432 (custom)
2019-07-13 09:18:29,935 INFO  server.RaftServerConfigKeys (ConfUtils.java:logGet(43)) - raft.server.snapshot.auto.trigger.enabled = true (custom)
2019-07-13 09:18:29,935 INFO  impl.RoleInfo (RoleInfo.java:updateAndGet(143)) - 236e68af-7fe1-40c1-8e07-8d5bf4f8457f: start FollowerState
2019-07-13 09:18:29,935 INFO  server.RaftServerConfigKeys (ConfUtils.java:logGet(43)) - raft.server.snapshot.auto.trigger.threshold = 10000 (custom)
2019-07-13 09:18:29,935 INFO  server.RaftServerConfigKeys (ConfUtils.java:logGet(43)) - raft.server.log.force.sync.num = 128 (default)
2019-07-13 09:18:29,936 INFO  util.JmxRegister (JmxRegister.java:tryRegister(44)) - Successfully registered JMX Bean with object name Ratis:service=RaftServer,group=group-905A922CA967,id=236e68af-7fe1-40c1-8e07-8d5bf4f8457f
2019-07-13 09:18:29,935 INFO  server.RaftServerConfigKeys (ConfUtils.java:logGet(43)) - raft.server.retrycache.expirytime = 600000ms (custom)
2019-07-13 09:18:29,936 INFO  server.RaftServerConfigKeys (ConfUtils.java:logGet(43)) - raft.server.log.statemachine.data.sync = true (default)
2019-07-13 09:18:29,936 INFO  impl.RaftServerImpl (RaftServerImpl.java:start(180)) - 24bd4dfd-32bd-43aa-beef-90ae8c966227: start group-905A922CA967
2019-07-13 09:18:29,936 INFO  server.RaftServerConfigKeys (ConfUtils.java:logGet(43)) - raft.server.log.statemachine.data.sync.timeout = 10s (default)
2019-07-13 09:18:29,936 INFO  impl.RaftServerImpl (RaftServerImpl.java:setRole(171)) - 24bd4dfd-32bd-43aa-beef-90ae8c966227:group-905A922CA967 changes role from null to FOLLOWER at term 0 for startAsFollower
2019-07-13 09:18:29,936 INFO  server.RaftServerConfigKeys (ConfUtils.java:logGet(43)) - raft.server.log.statemachine.data.sync.timeout.retry = -1 (default)
2019-07-13 09:18:29,936 INFO  impl.RoleInfo (RoleInfo.java:updateAndGet(143)) - 24bd4dfd-32bd-43aa-beef-90ae8c966227: start FollowerState
2019-07-13 09:18:29,937 INFO  server.RaftServerConfigKeys (ConfUtils.java:logGet(43)) - raft.server.log.statemachine.data.caching.enabled = true (custom)
2019-07-13 09:18:29,937 INFO  util.JmxRegister (JmxRegister.java:tryRegister(44)) - Successfully registered JMX Bean with object name Ratis:service=RaftServer,group=group-905A922CA967,id=24bd4dfd-32bd-43aa-beef-90ae8c966227
2019-07-13 09:18:29,937 INFO  segmented.SegmentedRaftLogWorker (SegmentedRaftLogWorker.java:lambda$new$0(132)) - 9c4b0f75-73d5-4e4c-a19c-00ecb9356573-SegmentedRaftLogWorker:Storage Directory /tmp/workdir/hadoop-ozone/integration-test/target/test-dir/MiniOzoneClusterImpl-f1122ca9-ffeb-42bd-a1c5-c08209646187/datanode-1/data/ratis/da87b7ef-0746-4a2b-811b-905a922ca967: flushIndex: setUnconditionally 0 -> -1
2019-07-13 09:18:29,938 INFO  server.RaftServerConfigKeys (ConfUtils.java:logGet(43)) - raft.server.snapshot.auto.trigger.enabled = true (custom)
2019-07-13 09:18:29,938 INFO  server.RaftServerConfigKeys (ConfUtils.java:logGet(43)) - raft.server.snapshot.auto.trigger.threshold = 10000 (custom)
2019-07-13 09:18:29,938 INFO  server.RaftServerConfigKeys (ConfUtils.java:logGet(43)) - raft.server.retrycache.expirytime = 600000ms (custom)
2019-07-13 09:18:29,938 INFO  impl.RaftServerImpl (RaftServerImpl.java:start(180)) - 9c4b0f75-73d5-4e4c-a19c-00ecb9356573: start group-905A922CA967
2019-07-13 09:18:29,939 INFO  impl.RaftServerImpl (RaftServerImpl.java:setRole(171)) - 9c4b0f75-73d5-4e4c-a19c-00ecb9356573:group-905A922CA967 changes role from null to FOLLOWER at term 0 for startAsFollower
2019-07-13 09:18:29,939 INFO  impl.RoleInfo (RoleInfo.java:updateAndGet(143)) - 9c4b0f75-73d5-4e4c-a19c-00ecb9356573: start FollowerState
2019-07-13 09:18:29,939 INFO  util.JmxRegister (JmxRegister.java:tryRegister(44)) - Successfully registered JMX Bean with object name Ratis:service=RaftServer,group=group-905A922CA967,id=9c4b0f75-73d5-4e4c-a19c-00ecb9356573
2019-07-13 09:18:29,941 INFO  pipeline.PipelineStateManager (PipelineStateManager.java:addPipeline(56)) - Created pipeline Pipeline[ Id: da87b7ef-0746-4a2b-811b-905a922ca967, Nodes: 9c4b0f75-73d5-4e4c-a19c-00ecb9356573{ip: 192.168.69.96, host: trunk-nightly-hmp62-43275749, networkLocation: /default-rack, certSerialId: null}24bd4dfd-32bd-43aa-beef-90ae8c966227{ip: 192.168.69.96, host: trunk-nightly-hmp62-43275749, networkLocation: /default-rack, certSerialId: null}236e68af-7fe1-40c1-8e07-8d5bf4f8457f{ip: 192.168.69.96, host: trunk-nightly-hmp62-43275749, networkLocation: /default-rack, certSerialId: null}, Type:RATIS, Factor:THREE, State:OPEN]
2019-07-13 09:18:29,991 INFO  node.SCMNodeManager (SCMNodeManager.java:register(269)) - Registered Data node : 9e3b2b9f-0edc-4b89-96b7-ff99211975b8{ip: 192.168.69.96, host: trunk-nightly-hmp62-43275749, networkLocation: /default-rack, certSerialId: null}
2019-07-13 09:18:30,001 INFO  impl.RaftServerProxy (RaftServerProxy.java:addNew(89)) - 9e3b2b9f-0edc-4b89-96b7-ff99211975b8: addNew group-B58411DDFD9F:[9e3b2b9f-0edc-4b89-96b7-ff99211975b8:192.168.69.96:43020] returns group-B58411DDFD9F:java.util.concurrent.CompletableFuture@3532f4c1[Not completed]
2019-07-13 09:18:30,001 INFO  impl.RaftServerImpl (RaftServerImpl.java:<init>(93)) - 9e3b2b9f-0edc-4b89-96b7-ff99211975b8: new RaftServerImpl for group-B58411DDFD9F:[9e3b2b9f-0edc-4b89-96b7-ff99211975b8:192.168.69.96:43020] with ContainerStateMachine:uninitialized
2019-07-13 09:18:30,002 INFO  server.RaftServerConfigKeys (ConfUtils.java:logGet(43)) - raft.server.rpc.timeout.min = 5s (custom)
2019-07-13 09:18:30,002 INFO  server.RaftServerConfigKeys (ConfUtils.java:logGet(43)) - raft.server.rpc.timeout.max = 5200ms (custom)
2019-07-13 09:18:30,002 INFO  server.RaftServerConfigKeys (ConfUtils.java:logGet(43)) - raft.server.rpcslowness.timeout = 120s (custom)
2019-07-13 09:18:30,002 INFO  server.RaftServerConfigKeys (ConfUtils.java:logGet(43)) - raft.server.sleep.deviation.threshold = 300 (default)
2019-07-13 09:18:30,002 INFO  server.RaftServerConfigKeys (ConfUtils.java:logGet(43)) - raft.server.log.appender.install.snapshot.enabled = false (custom)
2019-07-13 09:18:30,002 INFO  impl.RaftServerImpl (ServerState.java:<init>(105)) - 9e3b2b9f-0edc-4b89-96b7-ff99211975b8:group-B58411DDFD9F ConfigurationManager, init=-1: [9e3b2b9f-0edc-4b89-96b7-ff99211975b8:192.168.69.96:43020], old=null, confs=<EMPTY_MAP>
2019-07-13 09:18:30,002 INFO  server.RaftServerConfigKeys (ConfUtils.java:logGet(43)) - raft.server.storage.dir = [/tmp/workdir/hadoop-ozone/integration-test/target/test-dir/MiniOzoneClusterImpl-f1122ca9-ffeb-42bd-a1c5-c08209646187/datanode-3/data/ratis] (custom)
2019-07-13 09:18:30,003 INFO  storage.RaftStorageDirectory (RaftStorageDirectory.java:analyzeStorage(246)) - The storage directory /tmp/workdir/hadoop-ozone/integration-test/target/test-dir/MiniOzoneClusterImpl-f1122ca9-ffeb-42bd-a1c5-c08209646187/datanode-3/data/ratis/b027fbb4-8ea6-44b6-8a03-b58411ddfd9f does not exist. Creating ...
2019-07-13 09:18:30,016 INFO  storage.RaftStorageDirectory (RaftStorageDirectory.java:tryLock(328)) - Lock on /tmp/workdir/hadoop-ozone/integration-test/target/test-dir/MiniOzoneClusterImpl-f1122ca9-ffeb-42bd-a1c5-c08209646187/datanode-3/data/ratis/b027fbb4-8ea6-44b6-8a03-b58411ddfd9f/in_use.lock acquired by nodename 8548@trunk-nightly-hmp62-43275749
2019-07-13 09:18:30,029 INFO  storage.RaftStorage (RaftStorage.java:format(72)) - Storage directory /tmp/workdir/hadoop-ozone/integration-test/target/test-dir/MiniOzoneClusterImpl-f1122ca9-ffeb-42bd-a1c5-c08209646187/datanode-3/data/ratis/b027fbb4-8ea6-44b6-8a03-b58411ddfd9f has been successfully formatted.
2019-07-13 09:18:30,030 INFO  ratis.ContainerStateMachine (ContainerStateMachine.java:loadSnapshot(200)) - The snapshot info is null.Setting the last applied index to:(t:0, i:~)
2019-07-13 09:18:30,030 INFO  server.RaftServerConfigKeys (ConfUtils.java:logGet(43)) - raft.server.leader.election.timeout = 120s (custom)
2019-07-13 09:18:30,030 INFO  server.RaftServerConfigKeys (ConfUtils.java:logGet(43)) - raft.server.log.use.memory = false (default)
2019-07-13 09:18:30,030 INFO  server.RaftServerConfigKeys (ConfUtils.java:logGet(43)) - raft.server.log.purge.gap = 1000000000 (custom)
2019-07-13 09:18:30,030 INFO  server.RaftServerConfigKeys (ConfUtils.java:logGet(43)) - raft.server.log.appender.buffer.byte-limit = 33554432 (custom)
2019-07-13 09:18:30,030 INFO  server.RaftServerConfigKeys (ConfUtils.java:logGet(43)) - raft.server.log.segment.size.max = 1048576 (custom)
2019-07-13 09:18:30,031 INFO  server.RaftServerConfigKeys (ConfUtils.java:logGet(43)) - raft.server.log.segment.cache.num.max = 2 (custom)
2019-07-13 09:18:30,031 INFO  segmented.SegmentedRaftLogWorker (SegmentedRaftLogWorker.java:<init>(172)) - new 9e3b2b9f-0edc-4b89-96b7-ff99211975b8-SegmentedRaftLogWorker:Storage Directory /tmp/workdir/hadoop-ozone/integration-test/target/test-dir/MiniOzoneClusterImpl-f1122ca9-ffeb-42bd-a1c5-c08209646187/datanode-3/data/ratis/b027fbb4-8ea6-44b6-8a03-b58411ddfd9f for RaftStorage:Storage Directory /tmp/workdir/hadoop-ozone/integration-test/target/test-dir/MiniOzoneClusterImpl-f1122ca9-ffeb-42bd-a1c5-c08209646187/datanode-3/data/ratis/b027fbb4-8ea6-44b6-8a03-b58411ddfd9f
2019-07-13 09:18:30,031 INFO  server.RaftServerConfigKeys (ConfUtils.java:logGet(43)) - raft.server.log.queue.byte-limit = 2147483647 (custom)
2019-07-13 09:18:30,031 INFO  server.RaftServerConfigKeys (ConfUtils.java:logGet(43)) - raft.server.log.queue.element-limit = 1024 (custom)
2019-07-13 09:18:30,031 INFO  server.RaftServerConfigKeys (ConfUtils.java:logGet(43)) - raft.server.log.segment.size.max = 1048576 (custom)
2019-07-13 09:18:30,031 INFO  server.RaftServerConfigKeys (ConfUtils.java:logGet(43)) - raft.server.log.preallocated.size = 16384 (custom)
2019-07-13 09:18:30,032 INFO  server.RaftServerConfigKeys (ConfUtils.java:logGet(43)) - raft.server.log.write.buffer.size = 33554432 (custom)
2019-07-13 09:18:30,032 INFO  server.RaftServerConfigKeys (ConfUtils.java:logGet(43)) - raft.server.log.force.sync.num = 128 (default)
2019-07-13 09:18:30,032 INFO  server.RaftServerConfigKeys (ConfUtils.java:logGet(43)) - raft.server.log.statemachine.data.sync = true (default)
2019-07-13 09:18:30,032 INFO  server.RaftServerConfigKeys (ConfUtils.java:logGet(43)) - raft.server.log.statemachine.data.sync.timeout = 10s (default)
2019-07-13 09:18:30,032 INFO  server.RaftServerConfigKeys (ConfUtils.java:logGet(43)) - raft.server.log.statemachine.data.sync.timeout.retry = -1 (default)
2019-07-13 09:18:30,032 INFO  server.RaftServerConfigKeys (ConfUtils.java:logGet(43)) - raft.server.log.statemachine.data.caching.enabled = true (custom)
2019-07-13 09:18:30,033 INFO  segmented.SegmentedRaftLogWorker (SegmentedRaftLogWorker.java:lambda$new$0(132)) - 9e3b2b9f-0edc-4b89-96b7-ff99211975b8-SegmentedRaftLogWorker:Storage Directory /tmp/workdir/hadoop-ozone/integration-test/target/test-dir/MiniOzoneClusterImpl-f1122ca9-ffeb-42bd-a1c5-c08209646187/datanode-3/data/ratis/b027fbb4-8ea6-44b6-8a03-b58411ddfd9f: flushIndex: setUnconditionally 0 -> -1
2019-07-13 09:18:30,033 INFO  server.RaftServerConfigKeys (ConfUtils.java:logGet(43)) - raft.server.snapshot.auto.trigger.enabled = true (custom)
2019-07-13 09:18:30,033 INFO  server.RaftServerConfigKeys (ConfUtils.java:logGet(43)) - raft.server.snapshot.auto.trigger.threshold = 10000 (custom)
2019-07-13 09:18:30,033 INFO  server.RaftServerConfigKeys (ConfUtils.java:logGet(43)) - raft.server.retrycache.expirytime = 600000ms (custom)
2019-07-13 09:18:30,034 INFO  impl.RaftServerImpl (RaftServerImpl.java:start(180)) - 9e3b2b9f-0edc-4b89-96b7-ff99211975b8: start group-B58411DDFD9F
2019-07-13 09:18:30,034 INFO  impl.RaftServerImpl (RaftServerImpl.java:setRole(171)) - 9e3b2b9f-0edc-4b89-96b7-ff99211975b8:group-B58411DDFD9F changes role from null to FOLLOWER at term 0 for startAsFollower
2019-07-13 09:18:30,034 INFO  impl.RoleInfo (RoleInfo.java:updateAndGet(143)) - 9e3b2b9f-0edc-4b89-96b7-ff99211975b8: start FollowerState
2019-07-13 09:18:30,034 INFO  util.JmxRegister (JmxRegister.java:tryRegister(44)) - Successfully registered JMX Bean with object name Ratis:service=RaftServer,group=group-B58411DDFD9F,id=9e3b2b9f-0edc-4b89-96b7-ff99211975b8
2019-07-13 09:18:30,036 INFO  pipeline.PipelineStateManager (PipelineStateManager.java:addPipeline(56)) - Created pipeline Pipeline[ Id: b027fbb4-8ea6-44b6-8a03-b58411ddfd9f, Nodes: 9e3b2b9f-0edc-4b89-96b7-ff99211975b8{ip: 192.168.69.96, host: trunk-nightly-hmp62-43275749, networkLocation: /default-rack, certSerialId: null}, Type:RATIS, Factor:ONE, State:OPEN]
2019-07-13 09:18:30,151 INFO  node.SCMNodeManager (SCMNodeManager.java:register(269)) - Registered Data node : 34a55eb9-72fe-434e-adc2-b8700a9685da{ip: 192.168.69.96, host: trunk-nightly-hmp62-43275749, networkLocation: /default-rack, certSerialId: null}
2019-07-13 09:18:30,157 INFO  impl.RaftServerProxy (RaftServerProxy.java:addNew(89)) - 34a55eb9-72fe-434e-adc2-b8700a9685da: addNew group-4CFC92E69210:[34a55eb9-72fe-434e-adc2-b8700a9685da:192.168.69.96:37417] returns group-4CFC92E69210:java.util.concurrent.CompletableFuture@7369fd2c[Not completed]
2019-07-13 09:18:30,158 INFO  impl.RaftServerImpl (RaftServerImpl.java:<init>(93)) - 34a55eb9-72fe-434e-adc2-b8700a9685da: new RaftServerImpl for group-4CFC92E69210:[34a55eb9-72fe-434e-adc2-b8700a9685da:192.168.69.96:37417] with ContainerStateMachine:uninitialized
2019-07-13 09:18:30,158 INFO  server.RaftServerConfigKeys (ConfUtils.java:logGet(43)) - raft.server.rpc.timeout.min = 5s (custom)
2019-07-13 09:18:30,159 INFO  server.RaftServerConfigKeys (ConfUtils.java:logGet(43)) - raft.server.rpc.timeout.max = 5200ms (custom)
2019-07-13 09:18:30,159 INFO  server.RaftServerConfigKeys (ConfUtils.java:logGet(43)) - raft.server.rpcslowness.timeout = 120s (custom)
2019-07-13 09:18:30,159 INFO  server.RaftServerConfigKeys (ConfUtils.java:logGet(43)) - raft.server.sleep.deviation.threshold = 300 (default)
2019-07-13 09:18:30,159 INFO  server.RaftServerConfigKeys (ConfUtils.java:logGet(43)) - raft.server.log.appender.install.snapshot.enabled = false (custom)
2019-07-13 09:18:30,159 INFO  impl.RaftServerImpl (ServerState.java:<init>(105)) - 34a55eb9-72fe-434e-adc2-b8700a9685da:group-4CFC92E69210 ConfigurationManager, init=-1: [34a55eb9-72fe-434e-adc2-b8700a9685da:192.168.69.96:37417], old=null, confs=<EMPTY_MAP>
2019-07-13 09:18:30,159 INFO  server.RaftServerConfigKeys (ConfUtils.java:logGet(43)) - raft.server.storage.dir = [/tmp/workdir/hadoop-ozone/integration-test/target/test-dir/MiniOzoneClusterImpl-f1122ca9-ffeb-42bd-a1c5-c08209646187/datanode-4/data/ratis] (custom)
2019-07-13 09:18:30,160 INFO  storage.RaftStorageDirectory (RaftStorageDirectory.java:analyzeStorage(246)) - The storage directory /tmp/workdir/hadoop-ozone/integration-test/target/test-dir/MiniOzoneClusterImpl-f1122ca9-ffeb-42bd-a1c5-c08209646187/datanode-4/data/ratis/449f98e1-6864-498c-8e5b-4cfc92e69210 does not exist. Creating ...
2019-07-13 09:18:30,173 INFO  storage.RaftStorageDirectory (RaftStorageDirectory.java:tryLock(328)) - Lock on /tmp/workdir/hadoop-ozone/integration-test/target/test-dir/MiniOzoneClusterImpl-f1122ca9-ffeb-42bd-a1c5-c08209646187/datanode-4/data/ratis/449f98e1-6864-498c-8e5b-4cfc92e69210/in_use.lock acquired by nodename 8548@trunk-nightly-hmp62-43275749
2019-07-13 09:18:30,186 INFO  storage.RaftStorage (RaftStorage.java:format(72)) - Storage directory /tmp/workdir/hadoop-ozone/integration-test/target/test-dir/MiniOzoneClusterImpl-f1122ca9-ffeb-42bd-a1c5-c08209646187/datanode-4/data/ratis/449f98e1-6864-498c-8e5b-4cfc92e69210 has been successfully formatted.
2019-07-13 09:18:30,187 INFO  ratis.ContainerStateMachine (ContainerStateMachine.java:loadSnapshot(200)) - The snapshot info is null.Setting the last applied index to:(t:0, i:~)
2019-07-13 09:18:30,187 INFO  server.RaftServerConfigKeys (ConfUtils.java:logGet(43)) - raft.server.leader.election.timeout = 120s (custom)
2019-07-13 09:18:30,187 INFO  server.RaftServerConfigKeys (ConfUtils.java:logGet(43)) - raft.server.log.use.memory = false (default)
2019-07-13 09:18:30,187 INFO  server.RaftServerConfigKeys (ConfUtils.java:logGet(43)) - raft.server.log.purge.gap = 1000000000 (custom)
2019-07-13 09:18:30,187 INFO  server.RaftServerConfigKeys (ConfUtils.java:logGet(43)) - raft.server.log.appender.buffer.byte-limit = 33554432 (custom)
2019-07-13 09:18:30,187 INFO  server.RaftServerConfigKeys (ConfUtils.java:logGet(43)) - raft.server.log.segment.size.max = 1048576 (custom)
2019-07-13 09:18:30,187 INFO  server.RaftServerConfigKeys (ConfUtils.java:logGet(43)) - raft.server.log.segment.cache.num.max = 2 (custom)
2019-07-13 09:18:30,188 INFO  segmented.SegmentedRaftLogWorker (SegmentedRaftLogWorker.java:<init>(172)) - new 34a55eb9-72fe-434e-adc2-b8700a9685da-SegmentedRaftLogWorker:Storage Directory /tmp/workdir/hadoop-ozone/integration-test/target/test-dir/MiniOzoneClusterImpl-f1122ca9-ffeb-42bd-a1c5-c08209646187/datanode-4/data/ratis/449f98e1-6864-498c-8e5b-4cfc92e69210 for RaftStorage:Storage Directory /tmp/workdir/hadoop-ozone/integration-test/target/test-dir/MiniOzoneClusterImpl-f1122ca9-ffeb-42bd-a1c5-c08209646187/datanode-4/data/ratis/449f98e1-6864-498c-8e5b-4cfc92e69210
2019-07-13 09:18:30,188 INFO  server.RaftServerConfigKeys (ConfUtils.java:logGet(43)) - raft.server.log.queue.byte-limit = 2147483647 (custom)
2019-07-13 09:18:30,188 INFO  server.RaftServerConfigKeys (ConfUtils.java:logGet(43)) - raft.server.log.queue.element-limit = 1024 (custom)
2019-07-13 09:18:30,188 INFO  server.RaftServerConfigKeys (ConfUtils.java:logGet(43)) - raft.server.log.segment.size.max = 1048576 (custom)
2019-07-13 09:18:30,188 INFO  server.RaftServerConfigKeys (ConfUtils.java:logGet(43)) - raft.server.log.preallocated.size = 16384 (custom)
2019-07-13 09:18:30,188 INFO  server.RaftServerConfigKeys (ConfUtils.java:logGet(43)) - raft.server.log.write.buffer.size = 33554432 (custom)
2019-07-13 09:18:30,189 INFO  server.RaftServerConfigKeys (ConfUtils.java:logGet(43)) - raft.server.log.force.sync.num = 128 (default)
2019-07-13 09:18:30,189 INFO  server.RaftServerConfigKeys (ConfUtils.java:logGet(43)) - raft.server.log.statemachine.data.sync = true (default)
2019-07-13 09:18:30,189 INFO  server.RaftServerConfigKeys (ConfUtils.java:logGet(43)) - raft.server.log.statemachine.data.sync.timeout = 10s (default)
2019-07-13 09:18:30,189 INFO  server.RaftServerConfigKeys (ConfUtils.java:logGet(43)) - raft.server.log.statemachine.data.sync.timeout.retry = -1 (default)
2019-07-13 09:18:30,189 INFO  server.RaftServerConfigKeys (ConfUtils.java:logGet(43)) - raft.server.log.statemachine.data.caching.enabled = true (custom)
2019-07-13 09:18:30,190 INFO  segmented.SegmentedRaftLogWorker (SegmentedRaftLogWorker.java:lambda$new$0(132)) - 34a55eb9-72fe-434e-adc2-b8700a9685da-SegmentedRaftLogWorker:Storage Directory /tmp/workdir/hadoop-ozone/integration-test/target/test-dir/MiniOzoneClusterImpl-f1122ca9-ffeb-42bd-a1c5-c08209646187/datanode-4/data/ratis/449f98e1-6864-498c-8e5b-4cfc92e69210: flushIndex: setUnconditionally 0 -> -1
2019-07-13 09:18:30,190 INFO  server.RaftServerConfigKeys (ConfUtils.java:logGet(43)) - raft.server.snapshot.auto.trigger.enabled = true (custom)
2019-07-13 09:18:30,190 INFO  server.RaftServerConfigKeys (ConfUtils.java:logGet(43)) - raft.server.snapshot.auto.trigger.threshold = 10000 (custom)
2019-07-13 09:18:30,190 INFO  server.RaftServerConfigKeys (ConfUtils.java:logGet(43)) - raft.server.retrycache.expirytime = 600000ms (custom)
2019-07-13 09:18:30,190 INFO  impl.RaftServerImpl (RaftServerImpl.java:start(180)) - 34a55eb9-72fe-434e-adc2-b8700a9685da: start group-4CFC92E69210
2019-07-13 09:18:30,190 INFO  impl.RaftServerImpl (RaftServerImpl.java:setRole(171)) - 34a55eb9-72fe-434e-adc2-b8700a9685da:group-4CFC92E69210 changes role from null to FOLLOWER at term 0 for startAsFollower
2019-07-13 09:18:30,191 INFO  impl.RoleInfo (RoleInfo.java:updateAndGet(143)) - 34a55eb9-72fe-434e-adc2-b8700a9685da: start FollowerState
2019-07-13 09:18:30,191 INFO  util.JmxRegister (JmxRegister.java:tryRegister(44)) - Successfully registered JMX Bean with object name Ratis:service=RaftServer,group=group-4CFC92E69210,id=34a55eb9-72fe-434e-adc2-b8700a9685da
2019-07-13 09:18:30,193 INFO  pipeline.PipelineStateManager (PipelineStateManager.java:addPipeline(56)) - Created pipeline Pipeline[ Id: 449f98e1-6864-498c-8e5b-4cfc92e69210, Nodes: 34a55eb9-72fe-434e-adc2-b8700a9685da{ip: 192.168.69.96, host: trunk-nightly-hmp62-43275749, networkLocation: /default-rack, certSerialId: null}, Type:RATIS, Factor:ONE, State:OPEN]
2019-07-13 09:18:30,314 INFO  node.SCMNodeManager (SCMNodeManager.java:register(269)) - Registered Data node : fd5c425d-5e71-4feb-9d85-6dad5dc05c67{ip: 192.168.69.96, host: trunk-nightly-hmp62-43275749, networkLocation: /default-rack, certSerialId: null}
2019-07-13 09:18:30,323 INFO  impl.RaftServerProxy (RaftServerProxy.java:addNew(89)) - fd5c425d-5e71-4feb-9d85-6dad5dc05c67: addNew group-D88E1C48F225:[fd5c425d-5e71-4feb-9d85-6dad5dc05c67:192.168.69.96:42222] returns group-D88E1C48F225:java.util.concurrent.CompletableFuture@3d2c3706[Not completed]
2019-07-13 09:18:30,324 INFO  impl.RaftServerImpl (RaftServerImpl.java:<init>(93)) - fd5c425d-5e71-4feb-9d85-6dad5dc05c67: new RaftServerImpl for group-D88E1C48F225:[fd5c425d-5e71-4feb-9d85-6dad5dc05c67:192.168.69.96:42222] with ContainerStateMachine:uninitialized
2019-07-13 09:18:30,324 INFO  server.RaftServerConfigKeys (ConfUtils.java:logGet(43)) - raft.server.rpc.timeout.min = 5s (custom)
2019-07-13 09:18:30,324 INFO  server.RaftServerConfigKeys (ConfUtils.java:logGet(43)) - raft.server.rpc.timeout.max = 5200ms (custom)
2019-07-13 09:18:30,324 INFO  server.RaftServerConfigKeys (ConfUtils.java:logGet(43)) - raft.server.rpcslowness.timeout = 120s (custom)
2019-07-13 09:18:30,325 INFO  server.RaftServerConfigKeys (ConfUtils.java:logGet(43)) - raft.server.sleep.deviation.threshold = 300 (default)
2019-07-13 09:18:30,325 INFO  server.RaftServerConfigKeys (ConfUtils.java:logGet(43)) - raft.server.log.appender.install.snapshot.enabled = false (custom)
2019-07-13 09:18:30,325 INFO  impl.RaftServerImpl (ServerState.java:<init>(105)) - fd5c425d-5e71-4feb-9d85-6dad5dc05c67:group-D88E1C48F225 ConfigurationManager, init=-1: [fd5c425d-5e71-4feb-9d85-6dad5dc05c67:192.168.69.96:42222], old=null, confs=<EMPTY_MAP>
2019-07-13 09:18:30,325 INFO  server.RaftServerConfigKeys (ConfUtils.java:logGet(43)) - raft.server.storage.dir = [/tmp/workdir/hadoop-ozone/integration-test/target/test-dir/MiniOzoneClusterImpl-f1122ca9-ffeb-42bd-a1c5-c08209646187/datanode-5/data/ratis] (custom)
2019-07-13 09:18:30,325 INFO  storage.RaftStorageDirectory (RaftStorageDirectory.java:analyzeStorage(246)) - The storage directory /tmp/workdir/hadoop-ozone/integration-test/target/test-dir/MiniOzoneClusterImpl-f1122ca9-ffeb-42bd-a1c5-c08209646187/datanode-5/data/ratis/47f34d73-994e-41ba-ae34-d88e1c48f225 does not exist. Creating ...
2019-07-13 09:18:30,341 INFO  storage.RaftStorageDirectory (RaftStorageDirectory.java:tryLock(328)) - Lock on /tmp/workdir/hadoop-ozone/integration-test/target/test-dir/MiniOzoneClusterImpl-f1122ca9-ffeb-42bd-a1c5-c08209646187/datanode-5/data/ratis/47f34d73-994e-41ba-ae34-d88e1c48f225/in_use.lock acquired by nodename 8548@trunk-nightly-hmp62-43275749
2019-07-13 09:18:30,350 INFO  storage.RaftStorage (RaftStorage.java:format(72)) - Storage directory /tmp/workdir/hadoop-ozone/integration-test/target/test-dir/MiniOzoneClusterImpl-f1122ca9-ffeb-42bd-a1c5-c08209646187/datanode-5/data/ratis/47f34d73-994e-41ba-ae34-d88e1c48f225 has been successfully formatted.
2019-07-13 09:18:30,350 INFO  ratis.ContainerStateMachine (ContainerStateMachine.java:loadSnapshot(200)) - The snapshot info is null.Setting the last applied index to:(t:0, i:~)
2019-07-13 09:18:30,351 INFO  server.RaftServerConfigKeys (ConfUtils.java:logGet(43)) - raft.server.leader.election.timeout = 120s (custom)
2019-07-13 09:18:30,351 INFO  server.RaftServerConfigKeys (ConfUtils.java:logGet(43)) - raft.server.log.use.memory = false (default)
2019-07-13 09:18:30,351 INFO  server.RaftServerConfigKeys (ConfUtils.java:logGet(43)) - raft.server.log.purge.gap = 1000000000 (custom)
2019-07-13 09:18:30,351 INFO  server.RaftServerConfigKeys (ConfUtils.java:logGet(43)) - raft.server.log.appender.buffer.byte-limit = 33554432 (custom)
2019-07-13 09:18:30,351 INFO  server.RaftServerConfigKeys (ConfUtils.java:logGet(43)) - raft.server.log.segment.size.max = 1048576 (custom)
2019-07-13 09:18:30,351 INFO  server.RaftServerConfigKeys (ConfUtils.java:logGet(43)) - raft.server.log.segment.cache.num.max = 2 (custom)
2019-07-13 09:18:30,352 INFO  segmented.SegmentedRaftLogWorker (SegmentedRaftLogWorker.java:<init>(172)) - new fd5c425d-5e71-4feb-9d85-6dad5dc05c67-SegmentedRaftLogWorker:Storage Directory /tmp/workdir/hadoop-ozone/integration-test/target/test-dir/MiniOzoneClusterImpl-f1122ca9-ffeb-42bd-a1c5-c08209646187/datanode-5/data/ratis/47f34d73-994e-41ba-ae34-d88e1c48f225 for RaftStorage:Storage Directory /tmp/workdir/hadoop-ozone/integration-test/target/test-dir/MiniOzoneClusterImpl-f1122ca9-ffeb-42bd-a1c5-c08209646187/datanode-5/data/ratis/47f34d73-994e-41ba-ae34-d88e1c48f225
2019-07-13 09:18:30,352 INFO  server.RaftServerConfigKeys (ConfUtils.java:logGet(43)) - raft.server.log.queue.byte-limit = 2147483647 (custom)
2019-07-13 09:18:30,352 INFO  server.RaftServerConfigKeys (ConfUtils.java:logGet(43)) - raft.server.log.queue.element-limit = 1024 (custom)
2019-07-13 09:18:30,352 INFO  server.RaftServerConfigKeys (ConfUtils.java:logGet(43)) - raft.server.log.segment.size.max = 1048576 (custom)
2019-07-13 09:18:30,352 INFO  server.RaftServerConfigKeys (ConfUtils.java:logGet(43)) - raft.server.log.preallocated.size = 16384 (custom)
2019-07-13 09:18:30,352 INFO  server.RaftServerConfigKeys (ConfUtils.java:logGet(43)) - raft.server.log.write.buffer.size = 33554432 (custom)
2019-07-13 09:18:30,352 INFO  server.RaftServerConfigKeys (ConfUtils.java:logGet(43)) - raft.server.log.force.sync.num = 128 (default)
2019-07-13 09:18:30,353 INFO  server.RaftServerConfigKeys (ConfUtils.java:logGet(43)) - raft.server.log.statemachine.data.sync = true (default)
2019-07-13 09:18:30,353 INFO  server.RaftServerConfigKeys (ConfUtils.java:logGet(43)) - raft.server.log.statemachine.data.sync.timeout = 10s (default)
2019-07-13 09:18:30,353 INFO  server.RaftServerConfigKeys (ConfUtils.java:logGet(43)) - raft.server.log.statemachine.data.sync.timeout.retry = -1 (default)
2019-07-13 09:18:30,353 INFO  server.RaftServerConfigKeys (ConfUtils.java:logGet(43)) - raft.server.log.statemachine.data.caching.enabled = true (custom)
2019-07-13 09:18:30,353 INFO  segmented.SegmentedRaftLogWorker (SegmentedRaftLogWorker.java:lambda$new$0(132)) - fd5c425d-5e71-4feb-9d85-6dad5dc05c67-SegmentedRaftLogWorker:Storage Directory /tmp/workdir/hadoop-ozone/integration-test/target/test-dir/MiniOzoneClusterImpl-f1122ca9-ffeb-42bd-a1c5-c08209646187/datanode-5/data/ratis/47f34d73-994e-41ba-ae34-d88e1c48f225: flushIndex: setUnconditionally 0 -> -1
2019-07-13 09:18:30,354 INFO  server.RaftServerConfigKeys (ConfUtils.java:logGet(43)) - raft.server.snapshot.auto.trigger.enabled = true (custom)
2019-07-13 09:18:30,354 INFO  server.RaftServerConfigKeys (ConfUtils.java:logGet(43)) - raft.server.snapshot.auto.trigger.threshold = 10000 (custom)
2019-07-13 09:18:30,354 INFO  server.RaftServerConfigKeys (ConfUtils.java:logGet(43)) - raft.server.retrycache.expirytime = 600000ms (custom)
2019-07-13 09:18:30,354 INFO  impl.RaftServerImpl (RaftServerImpl.java:start(180)) - fd5c425d-5e71-4feb-9d85-6dad5dc05c67: start group-D88E1C48F225
2019-07-13 09:18:30,354 INFO  impl.RaftServerImpl (RaftServerImpl.java:setRole(171)) - fd5c425d-5e71-4feb-9d85-6dad5dc05c67:group-D88E1C48F225 changes role from null to FOLLOWER at term 0 for startAsFollower
2019-07-13 09:18:30,355 INFO  impl.RoleInfo (RoleInfo.java:updateAndGet(143)) - fd5c425d-5e71-4feb-9d85-6dad5dc05c67: start FollowerState
2019-07-13 09:18:30,355 INFO  util.JmxRegister (JmxRegister.java:tryRegister(44)) - Successfully registered JMX Bean with object name Ratis:service=RaftServer,group=group-D88E1C48F225,id=fd5c425d-5e71-4feb-9d85-6dad5dc05c67
2019-07-13 09:18:30,357 INFO  pipeline.PipelineStateManager (PipelineStateManager.java:addPipeline(56)) - Created pipeline Pipeline[ Id: 47f34d73-994e-41ba-ae34-d88e1c48f225, Nodes: fd5c425d-5e71-4feb-9d85-6dad5dc05c67{ip: 192.168.69.96, host: trunk-nightly-hmp62-43275749, networkLocation: /default-rack, certSerialId: null}, Type:RATIS, Factor:ONE, State:OPEN]
2019-07-13 09:18:30,364 INFO  impl.RaftServerProxy (RaftServerProxy.java:addNew(89)) - 9e3b2b9f-0edc-4b89-96b7-ff99211975b8: addNew group-809BEBD223AF:[9e3b2b9f-0edc-4b89-96b7-ff99211975b8:192.168.69.96:43020, 34a55eb9-72fe-434e-adc2-b8700a9685da:192.168.69.96:37417, fd5c425d-5e71-4feb-9d85-6dad5dc05c67:192.168.69.96:42222] returns group-809BEBD223AF:java.util.concurrent.CompletableFuture@2c39d227[Not completed]
2019-07-13 09:18:30,364 INFO  impl.RaftServerProxy (RaftServerProxy.java:addNew(89)) - 34a55eb9-72fe-434e-adc2-b8700a9685da: addNew group-809BEBD223AF:[9e3b2b9f-0edc-4b89-96b7-ff99211975b8:192.168.69.96:43020, 34a55eb9-72fe-434e-adc2-b8700a9685da:192.168.69.96:37417, fd5c425d-5e71-4feb-9d85-6dad5dc05c67:192.168.69.96:42222] returns group-809BEBD223AF:java.util.concurrent.CompletableFuture@21761cd9[Not completed]
2019-07-13 09:18:30,364 INFO  impl.RaftServerProxy (RaftServerProxy.java:addNew(89)) - fd5c425d-5e71-4feb-9d85-6dad5dc05c67: addNew group-809BEBD223AF:[9e3b2b9f-0edc-4b89-96b7-ff99211975b8:192.168.69.96:43020, 34a55eb9-72fe-434e-adc2-b8700a9685da:192.168.69.96:37417, fd5c425d-5e71-4feb-9d85-6dad5dc05c67:192.168.69.96:42222] returns group-809BEBD223AF:java.util.concurrent.CompletableFuture@1829cf74[Not completed]
2019-07-13 09:18:30,365 INFO  impl.RaftServerImpl (RaftServerImpl.java:<init>(93)) - 9e3b2b9f-0edc-4b89-96b7-ff99211975b8: new RaftServerImpl for group-809BEBD223AF:[9e3b2b9f-0edc-4b89-96b7-ff99211975b8:192.168.69.96:43020, 34a55eb9-72fe-434e-adc2-b8700a9685da:192.168.69.96:37417, fd5c425d-5e71-4feb-9d85-6dad5dc05c67:192.168.69.96:42222] with ContainerStateMachine:uninitialized
2019-07-13 09:18:30,365 INFO  server.RaftServerConfigKeys (ConfUtils.java:logGet(43)) - raft.server.rpc.timeout.min = 5s (custom)
2019-07-13 09:18:30,365 INFO  server.RaftServerConfigKeys (ConfUtils.java:logGet(43)) - raft.server.rpc.timeout.max = 5200ms (custom)
2019-07-13 09:18:30,365 INFO  impl.RaftServerImpl (RaftServerImpl.java:<init>(93)) - fd5c425d-5e71-4feb-9d85-6dad5dc05c67: new RaftServerImpl for group-809BEBD223AF:[9e3b2b9f-0edc-4b89-96b7-ff99211975b8:192.168.69.96:43020, 34a55eb9-72fe-434e-adc2-b8700a9685da:192.168.69.96:37417, fd5c425d-5e71-4feb-9d85-6dad5dc05c67:192.168.69.96:42222] with ContainerStateMachine:uninitialized
2019-07-13 09:18:30,365 INFO  server.RaftServerConfigKeys (ConfUtils.java:logGet(43)) - raft.server.rpcslowness.timeout = 120s (custom)
2019-07-13 09:18:30,366 INFO  server.RaftServerConfigKeys (ConfUtils.java:logGet(43)) - raft.server.rpc.timeout.min = 5s (custom)
2019-07-13 09:18:30,366 INFO  impl.RaftServerImpl (RaftServerImpl.java:<init>(93)) - 34a55eb9-72fe-434e-adc2-b8700a9685da: new RaftServerImpl for group-809BEBD223AF:[9e3b2b9f-0edc-4b89-96b7-ff99211975b8:192.168.69.96:43020, 34a55eb9-72fe-434e-adc2-b8700a9685da:192.168.69.96:37417, fd5c425d-5e71-4feb-9d85-6dad5dc05c67:192.168.69.96:42222] with ContainerStateMachine:uninitialized
2019-07-13 09:18:30,366 INFO  server.RaftServerConfigKeys (ConfUtils.java:logGet(43)) - raft.server.sleep.deviation.threshold = 300 (default)
2019-07-13 09:18:30,366 INFO  server.RaftServerConfigKeys (ConfUtils.java:logGet(43)) - raft.server.rpc.timeout.min = 5s (custom)
2019-07-13 09:18:30,366 INFO  server.RaftServerConfigKeys (ConfUtils.java:logGet(43)) - raft.server.rpc.timeout.max = 5200ms (custom)
2019-07-13 09:18:30,366 INFO  server.RaftServerConfigKeys (ConfUtils.java:logGet(43)) - raft.server.rpc.timeout.max = 5200ms (custom)
2019-07-13 09:18:30,367 INFO  server.RaftServerConfigKeys (ConfUtils.java:logGet(43)) - raft.server.rpcslowness.timeout = 120s (custom)
2019-07-13 09:18:30,367 INFO  server.RaftServerConfigKeys (ConfUtils.java:logGet(43)) - raft.server.sleep.deviation.threshold = 300 (default)
2019-07-13 09:18:30,366 INFO  server.RaftServerConfigKeys (ConfUtils.java:logGet(43)) - raft.server.log.appender.install.snapshot.enabled = false (custom)
2019-07-13 09:18:30,367 INFO  server.RaftServerConfigKeys (ConfUtils.java:logGet(43)) - raft.server.log.appender.install.snapshot.enabled = false (custom)
2019-07-13 09:18:30,367 INFO  server.RaftServerConfigKeys (ConfUtils.java:logGet(43)) - raft.server.rpcslowness.timeout = 120s (custom)
2019-07-13 09:18:30,367 INFO  impl.RaftServerImpl (ServerState.java:<init>(105)) - 34a55eb9-72fe-434e-adc2-b8700a9685da:group-809BEBD223AF ConfigurationManager, init=-1: [9e3b2b9f-0edc-4b89-96b7-ff99211975b8:192.168.69.96:43020, 34a55eb9-72fe-434e-adc2-b8700a9685da:192.168.69.96:37417, fd5c425d-5e71-4feb-9d85-6dad5dc05c67:192.168.69.96:42222], old=null, confs=<EMPTY_MAP>
2019-07-13 09:18:30,367 INFO  impl.RaftServerImpl (ServerState.java:<init>(105)) - 9e3b2b9f-0edc-4b89-96b7-ff99211975b8:group-809BEBD223AF ConfigurationManager, init=-1: [9e3b2b9f-0edc-4b89-96b7-ff99211975b8:192.168.69.96:43020, 34a55eb9-72fe-434e-adc2-b8700a9685da:192.168.69.96:37417, fd5c425d-5e71-4feb-9d85-6dad5dc05c67:192.168.69.96:42222], old=null, confs=<EMPTY_MAP>
2019-07-13 09:18:30,368 INFO  server.RaftServerConfigKeys (ConfUtils.java:logGet(43)) - raft.server.storage.dir = [/tmp/workdir/hadoop-ozone/integration-test/target/test-dir/MiniOzoneClusterImpl-f1122ca9-ffeb-42bd-a1c5-c08209646187/datanode-4/data/ratis] (custom)
2019-07-13 09:18:30,367 INFO  server.RaftServerConfigKeys (ConfUtils.java:logGet(43)) - raft.server.sleep.deviation.threshold = 300 (default)
2019-07-13 09:18:30,368 INFO  server.RaftServerConfigKeys (ConfUtils.java:logGet(43)) - raft.server.storage.dir = [/tmp/workdir/hadoop-ozone/integration-test/target/test-dir/MiniOzoneClusterImpl-f1122ca9-ffeb-42bd-a1c5-c08209646187/datanode-3/data/ratis] (custom)
2019-07-13 09:18:30,368 INFO  storage.RaftStorageDirectory (RaftStorageDirectory.java:analyzeStorage(246)) - The storage directory /tmp/workdir/hadoop-ozone/integration-test/target/test-dir/MiniOzoneClusterImpl-f1122ca9-ffeb-42bd-a1c5-c08209646187/datanode-4/data/ratis/f0f09204-00dc-42c2-93a8-809bebd223af does not exist. Creating ...
2019-07-13 09:18:30,368 INFO  server.RaftServerConfigKeys (ConfUtils.java:logGet(43)) - raft.server.log.appender.install.snapshot.enabled = false (custom)
2019-07-13 09:18:30,368 INFO  storage.RaftStorageDirectory (RaftStorageDirectory.java:analyzeStorage(246)) - The storage directory /tmp/workdir/hadoop-ozone/integration-test/target/test-dir/MiniOzoneClusterImpl-f1122ca9-ffeb-42bd-a1c5-c08209646187/datanode-3/data/ratis/f0f09204-00dc-42c2-93a8-809bebd223af does not exist. Creating ...
2019-07-13 09:18:30,369 INFO  impl.RaftServerImpl (ServerState.java:<init>(105)) - fd5c425d-5e71-4feb-9d85-6dad5dc05c67:group-809BEBD223AF ConfigurationManager, init=-1: [9e3b2b9f-0edc-4b89-96b7-ff99211975b8:192.168.69.96:43020, 34a55eb9-72fe-434e-adc2-b8700a9685da:192.168.69.96:37417, fd5c425d-5e71-4feb-9d85-6dad5dc05c67:192.168.69.96:42222], old=null, confs=<EMPTY_MAP>
2019-07-13 09:18:30,369 INFO  server.RaftServerConfigKeys (ConfUtils.java:logGet(43)) - raft.server.storage.dir = [/tmp/workdir/hadoop-ozone/integration-test/target/test-dir/MiniOzoneClusterImpl-f1122ca9-ffeb-42bd-a1c5-c08209646187/datanode-5/data/ratis] (custom)
2019-07-13 09:18:30,369 INFO  storage.RaftStorageDirectory (RaftStorageDirectory.java:analyzeStorage(246)) - The storage directory /tmp/workdir/hadoop-ozone/integration-test/target/test-dir/MiniOzoneClusterImpl-f1122ca9-ffeb-42bd-a1c5-c08209646187/datanode-5/data/ratis/f0f09204-00dc-42c2-93a8-809bebd223af does not exist. Creating ...
2019-07-13 09:18:30,382 INFO  storage.RaftStorageDirectory (RaftStorageDirectory.java:tryLock(328)) - Lock on /tmp/workdir/hadoop-ozone/integration-test/target/test-dir/MiniOzoneClusterImpl-f1122ca9-ffeb-42bd-a1c5-c08209646187/datanode-5/data/ratis/f0f09204-00dc-42c2-93a8-809bebd223af/in_use.lock acquired by nodename 8548@trunk-nightly-hmp62-43275749
2019-07-13 09:18:30,382 INFO  storage.RaftStorageDirectory (RaftStorageDirectory.java:tryLock(328)) - Lock on /tmp/workdir/hadoop-ozone/integration-test/target/test-dir/MiniOzoneClusterImpl-f1122ca9-ffeb-42bd-a1c5-c08209646187/datanode-4/data/ratis/f0f09204-00dc-42c2-93a8-809bebd223af/in_use.lock acquired by nodename 8548@trunk-nightly-hmp62-43275749
2019-07-13 09:18:30,382 INFO  storage.RaftStorageDirectory (RaftStorageDirectory.java:tryLock(328)) - Lock on /tmp/workdir/hadoop-ozone/integration-test/target/test-dir/MiniOzoneClusterImpl-f1122ca9-ffeb-42bd-a1c5-c08209646187/datanode-3/data/ratis/f0f09204-00dc-42c2-93a8-809bebd223af/in_use.lock acquired by nodename 8548@trunk-nightly-hmp62-43275749
2019-07-13 09:18:30,392 INFO  storage.RaftStorage (RaftStorage.java:format(72)) - Storage directory /tmp/workdir/hadoop-ozone/integration-test/target/test-dir/MiniOzoneClusterImpl-f1122ca9-ffeb-42bd-a1c5-c08209646187/datanode-3/data/ratis/f0f09204-00dc-42c2-93a8-809bebd223af has been successfully formatted.
2019-07-13 09:18:30,392 INFO  storage.RaftStorage (RaftStorage.java:format(72)) - Storage directory /tmp/workdir/hadoop-ozone/integration-test/target/test-dir/MiniOzoneClusterImpl-f1122ca9-ffeb-42bd-a1c5-c08209646187/datanode-4/data/ratis/f0f09204-00dc-42c2-93a8-809bebd223af has been successfully formatted.
2019-07-13 09:18:30,392 INFO  storage.RaftStorage (RaftStorage.java:format(72)) - Storage directory /tmp/workdir/hadoop-ozone/integration-test/target/test-dir/MiniOzoneClusterImpl-f1122ca9-ffeb-42bd-a1c5-c08209646187/datanode-5/data/ratis/f0f09204-00dc-42c2-93a8-809bebd223af has been successfully formatted.
2019-07-13 09:18:30,392 INFO  ratis.ContainerStateMachine (ContainerStateMachine.java:loadSnapshot(200)) - The snapshot info is null.Setting the last applied index to:(t:0, i:~)
2019-07-13 09:18:30,392 INFO  ratis.ContainerStateMachine (ContainerStateMachine.java:loadSnapshot(200)) - The snapshot info is null.Setting the last applied index to:(t:0, i:~)
2019-07-13 09:18:30,393 INFO  server.RaftServerConfigKeys (ConfUtils.java:logGet(43)) - raft.server.leader.election.timeout = 120s (custom)
2019-07-13 09:18:30,393 INFO  ratis.ContainerStateMachine (ContainerStateMachine.java:loadSnapshot(200)) - The snapshot info is null.Setting the last applied index to:(t:0, i:~)
2019-07-13 09:18:30,393 INFO  server.RaftServerConfigKeys (ConfUtils.java:logGet(43)) - raft.server.log.use.memory = false (default)
2019-07-13 09:18:30,393 INFO  server.RaftServerConfigKeys (ConfUtils.java:logGet(43)) - raft.server.leader.election.timeout = 120s (custom)
2019-07-13 09:18:30,393 INFO  server.RaftServerConfigKeys (ConfUtils.java:logGet(43)) - raft.server.log.purge.gap = 1000000000 (custom)
2019-07-13 09:18:30,393 INFO  server.RaftServerConfigKeys (ConfUtils.java:logGet(43)) - raft.server.leader.election.timeout = 120s (custom)
2019-07-13 09:18:30,394 INFO  server.RaftServerConfigKeys (ConfUtils.java:logGet(43)) - raft.server.log.appender.buffer.byte-limit = 33554432 (custom)
2019-07-13 09:18:30,394 INFO  server.RaftServerConfigKeys (ConfUtils.java:logGet(43)) - raft.server.log.use.memory = false (default)
2019-07-13 09:18:30,394 INFO  server.RaftServerConfigKeys (ConfUtils.java:logGet(43)) - raft.server.log.segment.size.max = 1048576 (custom)
2019-07-13 09:18:30,394 INFO  server.RaftServerConfigKeys (ConfUtils.java:logGet(43)) - raft.server.log.use.memory = false (default)
2019-07-13 09:18:30,394 INFO  server.RaftServerConfigKeys (ConfUtils.java:logGet(43)) - raft.server.log.segment.cache.num.max = 2 (custom)
2019-07-13 09:18:30,394 INFO  server.RaftServerConfigKeys (ConfUtils.java:logGet(43)) - raft.server.log.purge.gap = 1000000000 (custom)
2019-07-13 09:18:30,395 INFO  segmented.SegmentedRaftLogWorker (SegmentedRaftLogWorker.java:<init>(172)) - new 34a55eb9-72fe-434e-adc2-b8700a9685da-SegmentedRaftLogWorker:Storage Directory /tmp/workdir/hadoop-ozone/integration-test/target/test-dir/MiniOzoneClusterImpl-f1122ca9-ffeb-42bd-a1c5-c08209646187/datanode-4/data/ratis/f0f09204-00dc-42c2-93a8-809bebd223af for RaftStorage:Storage Directory /tmp/workdir/hadoop-ozone/integration-test/target/test-dir/MiniOzoneClusterImpl-f1122ca9-ffeb-42bd-a1c5-c08209646187/datanode-4/data/ratis/f0f09204-00dc-42c2-93a8-809bebd223af
2019-07-13 09:18:30,395 INFO  server.RaftServerConfigKeys (ConfUtils.java:logGet(43)) - raft.server.log.purge.gap = 1000000000 (custom)
2019-07-13 09:18:30,395 INFO  server.RaftServerConfigKeys (ConfUtils.java:logGet(43)) - raft.server.log.queue.byte-limit = 2147483647 (custom)
2019-07-13 09:18:30,395 INFO  server.RaftServerConfigKeys (ConfUtils.java:logGet(43)) - raft.server.log.appender.buffer.byte-limit = 33554432 (custom)
2019-07-13 09:18:30,395 INFO  server.RaftServerConfigKeys (ConfUtils.java:logGet(43)) - raft.server.log.queue.element-limit = 1024 (custom)
2019-07-13 09:18:30,395 INFO  server.RaftServerConfigKeys (ConfUtils.java:logGet(43)) - raft.server.log.appender.buffer.byte-limit = 33554432 (custom)
2019-07-13 09:18:30,396 INFO  server.RaftServerConfigKeys (ConfUtils.java:logGet(43)) - raft.server.log.segment.size.max = 1048576 (custom)
2019-07-13 09:18:30,396 INFO  server.RaftServerConfigKeys (ConfUtils.java:logGet(43)) - raft.server.log.segment.size.max = 1048576 (custom)
2019-07-13 09:18:30,396 INFO  server.RaftServerConfigKeys (ConfUtils.java:logGet(43)) - raft.server.log.preallocated.size = 16384 (custom)
2019-07-13 09:18:30,396 INFO  server.RaftServerConfigKeys (ConfUtils.java:logGet(43)) - raft.server.log.segment.size.max = 1048576 (custom)
2019-07-13 09:18:30,396 INFO  server.RaftServerConfigKeys (ConfUtils.java:logGet(43)) - raft.server.log.write.buffer.size = 33554432 (custom)
2019-07-13 09:18:30,397 INFO  server.RaftServerConfigKeys (ConfUtils.java:logGet(43)) - raft.server.log.force.sync.num = 128 (default)
2019-07-13 09:18:30,396 INFO  server.RaftServerConfigKeys (ConfUtils.java:logGet(43)) - raft.server.log.segment.cache.num.max = 2 (custom)
2019-07-13 09:18:30,397 INFO  server.RaftServerConfigKeys (ConfUtils.java:logGet(43)) - raft.server.log.statemachine.data.sync = true (default)
2019-07-13 09:18:30,397 INFO  server.RaftServerConfigKeys (ConfUtils.java:logGet(43)) - raft.server.log.statemachine.data.sync.timeout = 10s (default)
2019-07-13 09:18:30,397 INFO  server.RaftServerConfigKeys (ConfUtils.java:logGet(43)) - raft.server.log.segment.cache.num.max = 2 (custom)
2019-07-13 09:18:30,397 INFO  server.RaftServerConfigKeys (ConfUtils.java:logGet(43)) - raft.server.log.statemachine.data.sync.timeout.retry = -1 (default)
2019-07-13 09:18:30,397 INFO  segmented.SegmentedRaftLogWorker (SegmentedRaftLogWorker.java:<init>(172)) - new 9e3b2b9f-0edc-4b89-96b7-ff99211975b8-SegmentedRaftLogWorker:Storage Directory /tmp/workdir/hadoop-ozone/integration-test/target/test-dir/MiniOzoneClusterImpl-f1122ca9-ffeb-42bd-a1c5-c08209646187/datanode-3/data/ratis/f0f09204-00dc-42c2-93a8-809bebd223af for RaftStorage:Storage Directory /tmp/workdir/hadoop-ozone/integration-test/target/test-dir/MiniOzoneClusterImpl-f1122ca9-ffeb-42bd-a1c5-c08209646187/datanode-3/data/ratis/f0f09204-00dc-42c2-93a8-809bebd223af
2019-07-13 09:18:30,398 INFO  server.RaftServerConfigKeys (ConfUtils.java:logGet(43)) - raft.server.log.statemachine.data.caching.enabled = true (custom)
2019-07-13 09:18:30,398 INFO  segmented.SegmentedRaftLogWorker (SegmentedRaftLogWorker.java:<init>(172)) - new fd5c425d-5e71-4feb-9d85-6dad5dc05c67-SegmentedRaftLogWorker:Storage Directory /tmp/workdir/hadoop-ozone/integration-test/target/test-dir/MiniOzoneClusterImpl-f1122ca9-ffeb-42bd-a1c5-c08209646187/datanode-5/data/ratis/f0f09204-00dc-42c2-93a8-809bebd223af for RaftStorage:Storage Directory /tmp/workdir/hadoop-ozone/integration-test/target/test-dir/MiniOzoneClusterImpl-f1122ca9-ffeb-42bd-a1c5-c08209646187/datanode-5/data/ratis/f0f09204-00dc-42c2-93a8-809bebd223af
2019-07-13 09:18:30,398 INFO  segmented.SegmentedRaftLogWorker (SegmentedRaftLogWorker.java:lambda$new$0(132)) - 34a55eb9-72fe-434e-adc2-b8700a9685da-SegmentedRaftLogWorker:Storage Directory /tmp/workdir/hadoop-ozone/integration-test/target/test-dir/MiniOzoneClusterImpl-f1122ca9-ffeb-42bd-a1c5-c08209646187/datanode-4/data/ratis/f0f09204-00dc-42c2-93a8-809bebd223af: flushIndex: setUnconditionally 0 -> -1
2019-07-13 09:18:30,398 INFO  server.RaftServerConfigKeys (ConfUtils.java:logGet(43)) - raft.server.log.queue.byte-limit = 2147483647 (custom)
2019-07-13 09:18:30,399 INFO  server.RaftServerConfigKeys (ConfUtils.java:logGet(43)) - raft.server.log.queue.element-limit = 1024 (custom)
2019-07-13 09:18:30,398 INFO  server.RaftServerConfigKeys (ConfUtils.java:logGet(43)) - raft.server.log.queue.byte-limit = 2147483647 (custom)
2019-07-13 09:18:30,399 INFO  server.RaftServerConfigKeys (ConfUtils.java:logGet(43)) - raft.server.log.segment.size.max = 1048576 (custom)
2019-07-13 09:18:30,399 INFO  server.RaftServerConfigKeys (ConfUtils.java:logGet(43)) - raft.server.log.preallocated.size = 16384 (custom)
2019-07-13 09:18:30,399 INFO  server.RaftServerConfigKeys (ConfUtils.java:logGet(43)) - raft.server.snapshot.auto.trigger.enabled = true (custom)
2019-07-13 09:18:30,399 INFO  server.RaftServerConfigKeys (ConfUtils.java:logGet(43)) - raft.server.log.write.buffer.size = 33554432 (custom)
2019-07-13 09:18:30,399 INFO  server.RaftServerConfigKeys (ConfUtils.java:logGet(43)) - raft.server.log.queue.element-limit = 1024 (custom)
2019-07-13 09:18:30,400 INFO  server.RaftServerConfigKeys (ConfUtils.java:logGet(43)) - raft.server.log.force.sync.num = 128 (default)
2019-07-13 09:18:30,400 INFO  server.RaftServerConfigKeys (ConfUtils.java:logGet(43)) - raft.server.log.statemachine.data.sync = true (default)
2019-07-13 09:18:30,400 INFO  server.RaftServerConfigKeys (ConfUtils.java:logGet(43)) - raft.server.snapshot.auto.trigger.threshold = 10000 (custom)
2019-07-13 09:18:30,400 INFO  server.RaftServerConfigKeys (ConfUtils.java:logGet(43)) - raft.server.log.statemachine.data.sync.timeout = 10s (default)
2019-07-13 09:18:30,400 INFO  server.RaftServerConfigKeys (ConfUtils.java:logGet(43)) - raft.server.log.segment.size.max = 1048576 (custom)
2019-07-13 09:18:30,401 INFO  server.RaftServerConfigKeys (ConfUtils.java:logGet(43)) - raft.server.log.statemachine.data.sync.timeout.retry = -1 (default)
2019-07-13 09:18:30,400 INFO  server.RaftServerConfigKeys (ConfUtils.java:logGet(43)) - raft.server.retrycache.expirytime = 600000ms (custom)
2019-07-13 09:18:30,401 INFO  server.RaftServerConfigKeys (ConfUtils.java:logGet(43)) - raft.server.log.statemachine.data.caching.enabled = true (custom)
2019-07-13 09:18:30,401 INFO  server.RaftServerConfigKeys (ConfUtils.java:logGet(43)) - raft.server.log.preallocated.size = 16384 (custom)
2019-07-13 09:18:30,401 INFO  segmented.SegmentedRaftLogWorker (SegmentedRaftLogWorker.java:lambda$new$0(132)) - 9e3b2b9f-0edc-4b89-96b7-ff99211975b8-SegmentedRaftLogWorker:Storage Directory /tmp/workdir/hadoop-ozone/integration-test/target/test-dir/MiniOzoneClusterImpl-f1122ca9-ffeb-42bd-a1c5-c08209646187/datanode-3/data/ratis/f0f09204-00dc-42c2-93a8-809bebd223af: flushIndex: setUnconditionally 0 -> -1
2019-07-13 09:18:30,401 INFO  impl.RaftServerImpl (RaftServerImpl.java:start(180)) - 34a55eb9-72fe-434e-adc2-b8700a9685da: start group-809BEBD223AF
2019-07-13 09:18:30,402 INFO  impl.RaftServerImpl (RaftServerImpl.java:setRole(171)) - 34a55eb9-72fe-434e-adc2-b8700a9685da:group-809BEBD223AF changes role from null to FOLLOWER at term 0 for startAsFollower
2019-07-13 09:18:30,401 INFO  server.RaftServerConfigKeys (ConfUtils.java:logGet(43)) - raft.server.log.write.buffer.size = 33554432 (custom)
2019-07-13 09:18:30,402 INFO  impl.RoleInfo (RoleInfo.java:updateAndGet(143)) - 34a55eb9-72fe-434e-adc2-b8700a9685da: start FollowerState
2019-07-13 09:18:30,402 INFO  server.RaftServerConfigKeys (ConfUtils.java:logGet(43)) - raft.server.snapshot.auto.trigger.enabled = true (custom)
2019-07-13 09:18:30,402 INFO  server.RaftServerConfigKeys (ConfUtils.java:logGet(43)) - raft.server.log.force.sync.num = 128 (default)
2019-07-13 09:18:30,403 INFO  util.JmxRegister (JmxRegister.java:tryRegister(44)) - Successfully registered JMX Bean with object name Ratis:service=RaftServer,group=group-809BEBD223AF,id=34a55eb9-72fe-434e-adc2-b8700a9685da
2019-07-13 09:18:30,402 INFO  server.RaftServerConfigKeys (ConfUtils.java:logGet(43)) - raft.server.snapshot.auto.trigger.threshold = 10000 (custom)
2019-07-13 09:18:30,403 INFO  server.RaftServerConfigKeys (ConfUtils.java:logGet(43)) - raft.server.log.statemachine.data.sync = true (default)
2019-07-13 09:18:30,403 INFO  server.RaftServerConfigKeys (ConfUtils.java:logGet(43)) - raft.server.log.statemachine.data.sync.timeout = 10s (default)
2019-07-13 09:18:30,403 INFO  server.RaftServerConfigKeys (ConfUtils.java:logGet(43)) - raft.server.retrycache.expirytime = 600000ms (custom)
2019-07-13 09:18:30,403 INFO  server.RaftServerConfigKeys (ConfUtils.java:logGet(43)) - raft.server.log.statemachine.data.sync.timeout.retry = -1 (default)
2019-07-13 09:18:30,404 INFO  impl.RaftServerImpl (RaftServerImpl.java:start(180)) - 9e3b2b9f-0edc-4b89-96b7-ff99211975b8: start group-809BEBD223AF
2019-07-13 09:18:30,404 INFO  server.RaftServerConfigKeys (ConfUtils.java:logGet(43)) - raft.server.log.statemachine.data.caching.enabled = true (custom)
2019-07-13 09:18:30,404 INFO  impl.RaftServerImpl (RaftServerImpl.java:setRole(171)) - 9e3b2b9f-0edc-4b89-96b7-ff99211975b8:group-809BEBD223AF changes role from null to FOLLOWER at term 0 for startAsFollower
2019-07-13 09:18:30,404 INFO  impl.RoleInfo (RoleInfo.java:updateAndGet(143)) - 9e3b2b9f-0edc-4b89-96b7-ff99211975b8: start FollowerState
2019-07-13 09:18:30,404 INFO  segmented.SegmentedRaftLogWorker (SegmentedRaftLogWorker.java:lambda$new$0(132)) - fd5c425d-5e71-4feb-9d85-6dad5dc05c67-SegmentedRaftLogWorker:Storage Directory /tmp/workdir/hadoop-ozone/integration-test/target/test-dir/MiniOzoneClusterImpl-f1122ca9-ffeb-42bd-a1c5-c08209646187/datanode-5/data/ratis/f0f09204-00dc-42c2-93a8-809bebd223af: flushIndex: setUnconditionally 0 -> -1
2019-07-13 09:18:30,405 INFO  util.JmxRegister (JmxRegister.java:tryRegister(44)) - Successfully registered JMX Bean with object name Ratis:service=RaftServer,group=group-809BEBD223AF,id=9e3b2b9f-0edc-4b89-96b7-ff99211975b8
2019-07-13 09:18:30,405 INFO  server.RaftServerConfigKeys (ConfUtils.java:logGet(43)) - raft.server.snapshot.auto.trigger.enabled = true (custom)
2019-07-13 09:18:30,405 INFO  server.RaftServerConfigKeys (ConfUtils.java:logGet(43)) - raft.server.snapshot.auto.trigger.threshold = 10000 (custom)
2019-07-13 09:18:30,405 INFO  server.RaftServerConfigKeys (ConfUtils.java:logGet(43)) - raft.server.retrycache.expirytime = 600000ms (custom)
2019-07-13 09:18:30,405 INFO  impl.RaftServerImpl (RaftServerImpl.java:start(180)) - fd5c425d-5e71-4feb-9d85-6dad5dc05c67: start group-809BEBD223AF
2019-07-13 09:18:30,405 INFO  impl.RaftServerImpl (RaftServerImpl.java:setRole(171)) - fd5c425d-5e71-4feb-9d85-6dad5dc05c67:group-809BEBD223AF changes role from null to FOLLOWER at term 0 for startAsFollower
2019-07-13 09:18:30,406 INFO  impl.RoleInfo (RoleInfo.java:updateAndGet(143)) - fd5c425d-5e71-4feb-9d85-6dad5dc05c67: start FollowerState
2019-07-13 09:18:30,406 INFO  util.JmxRegister (JmxRegister.java:tryRegister(44)) - Successfully registered JMX Bean with object name Ratis:service=RaftServer,group=group-809BEBD223AF,id=fd5c425d-5e71-4feb-9d85-6dad5dc05c67
2019-07-13 09:18:30,408 INFO  pipeline.PipelineStateManager (PipelineStateManager.java:addPipeline(56)) - Created pipeline Pipeline[ Id: f0f09204-00dc-42c2-93a8-809bebd223af, Nodes: 34a55eb9-72fe-434e-adc2-b8700a9685da{ip: 192.168.69.96, host: trunk-nightly-hmp62-43275749, networkLocation: /default-rack, certSerialId: null}fd5c425d-5e71-4feb-9d85-6dad5dc05c67{ip: 192.168.69.96, host: trunk-nightly-hmp62-43275749, networkLocation: /default-rack, certSerialId: null}9e3b2b9f-0edc-4b89-96b7-ff99211975b8{ip: 192.168.69.96, host: trunk-nightly-hmp62-43275749, networkLocation: /default-rack, certSerialId: null}, Type:RATIS, Factor:THREE, State:OPEN]
2019-07-13 09:18:30,477 INFO  ozone.MiniOzoneClusterImpl (MiniOzoneClusterImpl.java:lambda$waitForClusterToBeReady$0(142)) - Waiting for cluster to be ready. Got 6 of 7 DN Heartbeats.
2019-07-13 09:18:30,481 INFO  node.SCMNodeManager (SCMNodeManager.java:register(269)) - Registered Data node : d4ede211-52eb-4850-b072-4777607c9814{ip: 192.168.69.96, host: trunk-nightly-hmp62-43275749, networkLocation: /default-rack, certSerialId: null}
2019-07-13 09:18:30,488 INFO  impl.RaftServerProxy (RaftServerProxy.java:addNew(89)) - d4ede211-52eb-4850-b072-4777607c9814: addNew group-869BD0B3D6FC:[d4ede211-52eb-4850-b072-4777607c9814:192.168.69.96:34625] returns group-869BD0B3D6FC:java.util.concurrent.CompletableFuture@14c48c22[Not completed]
2019-07-13 09:18:30,489 INFO  impl.RaftServerImpl (RaftServerImpl.java:<init>(93)) - d4ede211-52eb-4850-b072-4777607c9814: new RaftServerImpl for group-869BD0B3D6FC:[d4ede211-52eb-4850-b072-4777607c9814:192.168.69.96:34625] with ContainerStateMachine:uninitialized
2019-07-13 09:18:30,489 INFO  server.RaftServerConfigKeys (ConfUtils.java:logGet(43)) - raft.server.rpc.timeout.min = 5s (custom)
2019-07-13 09:18:30,489 INFO  server.RaftServerConfigKeys (ConfUtils.java:logGet(43)) - raft.server.rpc.timeout.max = 5200ms (custom)
2019-07-13 09:18:30,489 INFO  server.RaftServerConfigKeys (ConfUtils.java:logGet(43)) - raft.server.rpcslowness.timeout = 120s (custom)
2019-07-13 09:18:30,489 INFO  server.RaftServerConfigKeys (ConfUtils.java:logGet(43)) - raft.server.sleep.deviation.threshold = 300 (default)
2019-07-13 09:18:30,489 INFO  server.RaftServerConfigKeys (ConfUtils.java:logGet(43)) - raft.server.log.appender.install.snapshot.enabled = false (custom)
2019-07-13 09:18:30,490 INFO  impl.RaftServerImpl (ServerState.java:<init>(105)) - d4ede211-52eb-4850-b072-4777607c9814:group-869BD0B3D6FC ConfigurationManager, init=-1: [d4ede211-52eb-4850-b072-4777607c9814:192.168.69.96:34625], old=null, confs=<EMPTY_MAP>
2019-07-13 09:18:30,490 INFO  server.RaftServerConfigKeys (ConfUtils.java:logGet(43)) - raft.server.storage.dir = [/tmp/workdir/hadoop-ozone/integration-test/target/test-dir/MiniOzoneClusterImpl-f1122ca9-ffeb-42bd-a1c5-c08209646187/datanode-6/data/ratis] (custom)
2019-07-13 09:18:30,490 INFO  storage.RaftStorageDirectory (RaftStorageDirectory.java:analyzeStorage(246)) - The storage directory /tmp/workdir/hadoop-ozone/integration-test/target/test-dir/MiniOzoneClusterImpl-f1122ca9-ffeb-42bd-a1c5-c08209646187/datanode-6/data/ratis/6666044a-d735-422a-90f0-869bd0b3d6fc does not exist. Creating ...
2019-07-13 09:18:30,503 INFO  storage.RaftStorageDirectory (RaftStorageDirectory.java:tryLock(328)) - Lock on /tmp/workdir/hadoop-ozone/integration-test/target/test-dir/MiniOzoneClusterImpl-f1122ca9-ffeb-42bd-a1c5-c08209646187/datanode-6/data/ratis/6666044a-d735-422a-90f0-869bd0b3d6fc/in_use.lock acquired by nodename 8548@trunk-nightly-hmp62-43275749
2019-07-13 09:18:30,522 INFO  storage.RaftStorage (RaftStorage.java:format(72)) - Storage directory /tmp/workdir/hadoop-ozone/integration-test/target/test-dir/MiniOzoneClusterImpl-f1122ca9-ffeb-42bd-a1c5-c08209646187/datanode-6/data/ratis/6666044a-d735-422a-90f0-869bd0b3d6fc has been successfully formatted.
2019-07-13 09:18:30,522 INFO  ratis.ContainerStateMachine (ContainerStateMachine.java:loadSnapshot(200)) - The snapshot info is null.Setting the last applied index to:(t:0, i:~)
2019-07-13 09:18:30,523 INFO  server.RaftServerConfigKeys (ConfUtils.java:logGet(43)) - raft.server.leader.election.timeout = 120s (custom)
2019-07-13 09:18:30,523 INFO  server.RaftServerConfigKeys (ConfUtils.java:logGet(43)) - raft.server.log.use.memory = false (default)
2019-07-13 09:18:30,523 INFO  server.RaftServerConfigKeys (ConfUtils.java:logGet(43)) - raft.server.log.purge.gap = 1000000000 (custom)
2019-07-13 09:18:30,523 INFO  server.RaftServerConfigKeys (ConfUtils.java:logGet(43)) - raft.server.log.appender.buffer.byte-limit = 33554432 (custom)
2019-07-13 09:18:30,523 INFO  server.RaftServerConfigKeys (ConfUtils.java:logGet(43)) - raft.server.log.segment.size.max = 1048576 (custom)
2019-07-13 09:18:30,523 INFO  server.RaftServerConfigKeys (ConfUtils.java:logGet(43)) - raft.server.log.segment.cache.num.max = 2 (custom)
2019-07-13 09:18:30,523 INFO  segmented.SegmentedRaftLogWorker (SegmentedRaftLogWorker.java:<init>(172)) - new d4ede211-52eb-4850-b072-4777607c9814-SegmentedRaftLogWorker:Storage Directory /tmp/workdir/hadoop-ozone/integration-test/target/test-dir/MiniOzoneClusterImpl-f1122ca9-ffeb-42bd-a1c5-c08209646187/datanode-6/data/ratis/6666044a-d735-422a-90f0-869bd0b3d6fc for RaftStorage:Storage Directory /tmp/workdir/hadoop-ozone/integration-test/target/test-dir/MiniOzoneClusterImpl-f1122ca9-ffeb-42bd-a1c5-c08209646187/datanode-6/data/ratis/6666044a-d735-422a-90f0-869bd0b3d6fc
2019-07-13 09:18:30,524 INFO  server.RaftServerConfigKeys (ConfUtils.java:logGet(43)) - raft.server.log.queue.byte-limit = 2147483647 (custom)
2019-07-13 09:18:30,524 INFO  server.RaftServerConfigKeys (ConfUtils.java:logGet(43)) - raft.server.log.queue.element-limit = 1024 (custom)
2019-07-13 09:18:30,524 INFO  server.RaftServerConfigKeys (ConfUtils.java:logGet(43)) - raft.server.log.segment.size.max = 1048576 (custom)
2019-07-13 09:18:30,524 INFO  server.RaftServerConfigKeys (ConfUtils.java:logGet(43)) - raft.server.log.preallocated.size = 16384 (custom)
2019-07-13 09:18:30,524 INFO  server.RaftServerConfigKeys (ConfUtils.java:logGet(43)) - raft.server.log.write.buffer.size = 33554432 (custom)
2019-07-13 09:18:30,524 INFO  server.RaftServerConfigKeys (ConfUtils.java:logGet(43)) - raft.server.log.force.sync.num = 128 (default)
2019-07-13 09:18:30,525 INFO  server.RaftServerConfigKeys (ConfUtils.java:logGet(43)) - raft.server.log.statemachine.data.sync = true (default)
2019-07-13 09:18:30,525 INFO  server.RaftServerConfigKeys (ConfUtils.java:logGet(43)) - raft.server.log.statemachine.data.sync.timeout = 10s (default)
2019-07-13 09:18:30,525 INFO  server.RaftServerConfigKeys (ConfUtils.java:logGet(43)) - raft.server.log.statemachine.data.sync.timeout.retry = -1 (default)
2019-07-13 09:18:30,525 INFO  server.RaftServerConfigKeys (ConfUtils.java:logGet(43)) - raft.server.log.statemachine.data.caching.enabled = true (custom)
2019-07-13 09:18:30,525 INFO  segmented.SegmentedRaftLogWorker (SegmentedRaftLogWorker.java:lambda$new$0(132)) - d4ede211-52eb-4850-b072-4777607c9814-SegmentedRaftLogWorker:Storage Directory /tmp/workdir/hadoop-ozone/integration-test/target/test-dir/MiniOzoneClusterImpl-f1122ca9-ffeb-42bd-a1c5-c08209646187/datanode-6/data/ratis/6666044a-d735-422a-90f0-869bd0b3d6fc: flushIndex: setUnconditionally 0 -> -1
2019-07-13 09:18:30,526 INFO  server.RaftServerConfigKeys (ConfUtils.java:logGet(43)) - raft.server.snapshot.auto.trigger.enabled = true (custom)
2019-07-13 09:18:30,526 INFO  server.RaftServerConfigKeys (ConfUtils.java:logGet(43)) - raft.server.snapshot.auto.trigger.threshold = 10000 (custom)
2019-07-13 09:18:30,526 INFO  server.RaftServerConfigKeys (ConfUtils.java:logGet(43)) - raft.server.retrycache.expirytime = 600000ms (custom)
2019-07-13 09:18:30,526 INFO  impl.RaftServerImpl (RaftServerImpl.java:start(180)) - d4ede211-52eb-4850-b072-4777607c9814: start group-869BD0B3D6FC
2019-07-13 09:18:30,526 INFO  impl.RaftServerImpl (RaftServerImpl.java:setRole(171)) - d4ede211-52eb-4850-b072-4777607c9814:group-869BD0B3D6FC changes role from null to FOLLOWER at term 0 for startAsFollower
2019-07-13 09:18:30,527 INFO  impl.RoleInfo (RoleInfo.java:updateAndGet(143)) - d4ede211-52eb-4850-b072-4777607c9814: start FollowerState
2019-07-13 09:18:30,527 INFO  util.JmxRegister (JmxRegister.java:tryRegister(44)) - Successfully registered JMX Bean with object name Ratis:service=RaftServer,group=group-869BD0B3D6FC,id=d4ede211-52eb-4850-b072-4777607c9814
2019-07-13 09:18:30,528 INFO  pipeline.PipelineStateManager (PipelineStateManager.java:addPipeline(56)) - Created pipeline Pipeline[ Id: 6666044a-d735-422a-90f0-869bd0b3d6fc, Nodes: d4ede211-52eb-4850-b072-4777607c9814{ip: 192.168.69.96, host: trunk-nightly-hmp62-43275749, networkLocation: /default-rack, certSerialId: null}, Type:RATIS, Factor:ONE, State:OPEN]
2019-07-13 09:18:31,478 INFO  ozone.MiniOzoneClusterImpl (MiniOzoneClusterImpl.java:lambda$waitForClusterToBeReady$0(142)) - Cluster is ready. Got 7 of 7 DN Heartbeats.
2019-07-13 09:18:31,545 INFO  rpc.RpcClient (RpcClient.java:createVolume(287)) - Creating Volume: testblockoutputstream, with jenkins1000 as owner.
2019-07-13 09:18:31,562 INFO  rpc.RpcClient (RpcClient.java:createBucket(424)) - Creating Bucket: testblockoutputstream/testblockoutputstream, with Versioning false and Storage Type set to DISK and Encryption set to false 
2019-07-13 09:18:31,597 INFO  client.GrpcClientProtocolClient (GrpcClientProtocolClient.java:onNext(255)) - client-F6E8AF30CCAF->9c4b0f75-73d5-4e4c-a19c-00ecb9356573: receive RaftClientReply:client-F6E8AF30CCAF->9c4b0f75-73d5-4e4c-a19c-00ecb9356573@group-905A922CA967, cid=271, FAILED org.apache.ratis.protocol.NotLeaderException: Server 9c4b0f75-73d5-4e4c-a19c-00ecb9356573 is not the leader (null). Request must be sent to leader., logIndex=0, commits[9c4b0f75-73d5-4e4c-a19c-00ecb9356573:c-1]
2019-07-13 09:18:32,522 INFO  container.ReplicationManager (ReplicationManager.java:start(155)) - Starting Replication Monitor Thread.
2019-07-13 09:18:32,526 INFO  container.ReplicationManager (ReplicationManager.java:run(207)) - Replication Monitor Thread took 0 milliseconds for processing 1 containers.
2019-07-13 09:18:32,612 INFO  client.GrpcClientProtocolClient (GrpcClientProtocolClient.java:onNext(255)) - client-F6E8AF30CCAF->24bd4dfd-32bd-43aa-beef-90ae8c966227: receive RaftClientReply:client-F6E8AF30CCAF->24bd4dfd-32bd-43aa-beef-90ae8c966227@group-905A922CA967, cid=271, FAILED org.apache.ratis.protocol.NotLeaderException: Server 24bd4dfd-32bd-43aa-beef-90ae8c966227 is not the leader (null). Request must be sent to leader., logIndex=0, commits[24bd4dfd-32bd-43aa-beef-90ae8c966227:c-1]
2019-07-13 09:18:33,626 INFO  client.GrpcClientProtocolClient (GrpcClientProtocolClient.java:onNext(255)) - client-F6E8AF30CCAF->236e68af-7fe1-40c1-8e07-8d5bf4f8457f: receive RaftClientReply:client-F6E8AF30CCAF->236e68af-7fe1-40c1-8e07-8d5bf4f8457f@group-905A922CA967, cid=271, FAILED org.apache.ratis.protocol.NotLeaderException: Server 236e68af-7fe1-40c1-8e07-8d5bf4f8457f is not the leader (null). Request must be sent to leader., logIndex=0, commits[236e68af-7fe1-40c1-8e07-8d5bf4f8457f:c-1]
2019-07-13 09:18:34,579 INFO  impl.FollowerState (FollowerState.java:run(106)) - 236e68af-7fe1-40c1-8e07-8d5bf4f8457f:group-780A5926AFCE changes to CANDIDATE, lastRpcTime:5016, electionTimeout:5016ms
2019-07-13 09:18:34,579 INFO  impl.RoleInfo (RoleInfo.java:shutdownFollowerState(121)) - 236e68af-7fe1-40c1-8e07-8d5bf4f8457f: shutdown FollowerState
2019-07-13 09:18:34,579 INFO  impl.RaftServerImpl (RaftServerImpl.java:setRole(171)) - 236e68af-7fe1-40c1-8e07-8d5bf4f8457f:group-780A5926AFCE changes role from FOLLOWER to CANDIDATE at term 0 for changeToCandidate
2019-07-13 09:18:34,579 INFO  impl.RoleInfo (RoleInfo.java:updateAndGet(143)) - 236e68af-7fe1-40c1-8e07-8d5bf4f8457f: start LeaderElection
2019-07-13 09:18:34,603 INFO  impl.LeaderElection (LeaderElection.java:askForVotes(181)) - 236e68af-7fe1-40c1-8e07-8d5bf4f8457f:group-780A5926AFCE:LeaderElection91: begin an election at term 1 for -1: [236e68af-7fe1-40c1-8e07-8d5bf4f8457f:192.168.69.96:38784], old=null
2019-07-13 09:18:34,603 INFO  impl.RoleInfo (RoleInfo.java:shutdownLeaderElection(134)) - 236e68af-7fe1-40c1-8e07-8d5bf4f8457f: shutdown LeaderElection
2019-07-13 09:18:34,603 INFO  impl.RaftServerImpl (RaftServerImpl.java:setRole(171)) - 236e68af-7fe1-40c1-8e07-8d5bf4f8457f:group-780A5926AFCE changes role from CANDIDATE to LEADER at term 1 for changeToLeader
2019-07-13 09:18:34,603 INFO  impl.RaftServerImpl (ServerState.java:setLeader(263)) - 236e68af-7fe1-40c1-8e07-8d5bf4f8457f:group-780A5926AFCE change Leader from null to 236e68af-7fe1-40c1-8e07-8d5bf4f8457f at term 1 for becomeLeader, leader elected after 5045ms
2019-07-13 09:18:34,606 INFO  server.RaftServerConfigKeys (ConfUtils.java:logGet(43)) - raft.server.staging.catchup.gap = 1000 (default)
2019-07-13 09:18:34,606 INFO  server.RaftServerConfigKeys (ConfUtils.java:logGet(43)) - raft.server.rpc.sleep.time = 25ms (default)
2019-07-13 09:18:34,606 INFO  server.RaftServerConfigKeys (ConfUtils.java:logGet(43)) - raft.server.write.element-limit = 4096 (default)
2019-07-13 09:18:34,606 INFO  server.RaftServerConfigKeys (ConfUtils.java:logGet(43)) - raft.server.watch.timeout = 10s (default)
2019-07-13 09:18:34,606 INFO  server.RaftServerConfigKeys (ConfUtils.java:logGet(43)) - raft.server.watch.timeout.denomination = 1s (default)
2019-07-13 09:18:34,606 INFO  server.RaftServerConfigKeys (ConfUtils.java:logGet(43)) - raft.server.watch.element-limit = 65536 (default)
2019-07-13 09:18:34,607 INFO  impl.RoleInfo (RoleInfo.java:updateAndGet(143)) - 236e68af-7fe1-40c1-8e07-8d5bf4f8457f: start LeaderState
2019-07-13 09:18:34,607 INFO  segmented.SegmentedRaftLogWorker (SegmentedRaftLogWorker.java:startLogSegment(380)) - 236e68af-7fe1-40c1-8e07-8d5bf4f8457f-SegmentedRaftLogWorker:Storage Directory /tmp/workdir/hadoop-ozone/integration-test/target/test-dir/MiniOzoneClusterImpl-f1122ca9-ffeb-42bd-a1c5-c08209646187/datanode-0/data/ratis/6e180f53-5a97-413b-b567-780a5926afce: Starting segment from index:0
2019-07-13 09:18:34,608 INFO  impl.RaftServerImpl (ServerState.java:setRaftConf(361)) - 236e68af-7fe1-40c1-8e07-8d5bf4f8457f:group-780A5926AFCE set configuration 0: [236e68af-7fe1-40c1-8e07-8d5bf4f8457f:192.168.69.96:38784], old=null at 0
2019-07-13 09:18:34,636 INFO  client.GrpcClientProtocolClient (GrpcClientProtocolClient.java:onNext(255)) - client-F6E8AF30CCAF->9c4b0f75-73d5-4e4c-a19c-00ecb9356573: receive RaftClientReply:client-F6E8AF30CCAF->9c4b0f75-73d5-4e4c-a19c-00ecb9356573@group-905A922CA967, cid=271, FAILED org.apache.ratis.protocol.NotLeaderException: Server 9c4b0f75-73d5-4e4c-a19c-00ecb9356573 is not the leader (null). Request must be sent to leader., logIndex=0, commits[9c4b0f75-73d5-4e4c-a19c-00ecb9356573:c-1]
2019-07-13 09:18:34,639 INFO  segmented.SegmentedRaftLogWorker (SegmentedRaftLogWorker.java:execute(569)) - 236e68af-7fe1-40c1-8e07-8d5bf4f8457f-SegmentedRaftLogWorker:Storage Directory /tmp/workdir/hadoop-ozone/integration-test/target/test-dir/MiniOzoneClusterImpl-f1122ca9-ffeb-42bd-a1c5-c08209646187/datanode-0/data/ratis/6e180f53-5a97-413b-b567-780a5926afce: created new log segment /tmp/workdir/hadoop-ozone/integration-test/target/test-dir/MiniOzoneClusterImpl-f1122ca9-ffeb-42bd-a1c5-c08209646187/datanode-0/data/ratis/6e180f53-5a97-413b-b567-780a5926afce/current/log_inprogress_0
2019-07-13 09:18:34,845 INFO  impl.FollowerState (FollowerState.java:run(106)) - 9c4b0f75-73d5-4e4c-a19c-00ecb9356573:group-C84096776C97 changes to CANDIDATE, lastRpcTime:5137, electionTimeout:5137ms
2019-07-13 09:18:34,845 INFO  impl.RoleInfo (RoleInfo.java:shutdownFollowerState(121)) - 9c4b0f75-73d5-4e4c-a19c-00ecb9356573: shutdown FollowerState
2019-07-13 09:18:34,845 INFO  impl.RaftServerImpl (RaftServerImpl.java:setRole(171)) - 9c4b0f75-73d5-4e4c-a19c-00ecb9356573:group-C84096776C97 changes role from FOLLOWER to CANDIDATE at term 0 for changeToCandidate
2019-07-13 09:18:34,845 INFO  impl.RoleInfo (RoleInfo.java:updateAndGet(143)) - 9c4b0f75-73d5-4e4c-a19c-00ecb9356573: start LeaderElection
2019-07-13 09:18:34,875 INFO  impl.LeaderElection (LeaderElection.java:askForVotes(181)) - 9c4b0f75-73d5-4e4c-a19c-00ecb9356573:group-C84096776C97:LeaderElection92: begin an election at term 1 for -1: [9c4b0f75-73d5-4e4c-a19c-00ecb9356573:192.168.69.96:43028], old=null
2019-07-13 09:18:34,875 INFO  impl.RoleInfo (RoleInfo.java:shutdownLeaderElection(134)) - 9c4b0f75-73d5-4e4c-a19c-00ecb9356573: shutdown LeaderElection
2019-07-13 09:18:34,875 INFO  impl.RaftServerImpl (RaftServerImpl.java:setRole(171)) - 9c4b0f75-73d5-4e4c-a19c-00ecb9356573:group-C84096776C97 changes role from CANDIDATE to LEADER at term 1 for changeToLeader
2019-07-13 09:18:34,875 INFO  impl.RaftServerImpl (ServerState.java:setLeader(263)) - 9c4b0f75-73d5-4e4c-a19c-00ecb9356573:group-C84096776C97 change Leader from null to 9c4b0f75-73d5-4e4c-a19c-00ecb9356573 at term 1 for becomeLeader, leader elected after 5172ms
2019-07-13 09:18:34,877 INFO  server.RaftServerConfigKeys (ConfUtils.java:logGet(43)) - raft.server.staging.catchup.gap = 1000 (default)
2019-07-13 09:18:34,877 INFO  server.RaftServerConfigKeys (ConfUtils.java:logGet(43)) - raft.server.rpc.sleep.time = 25ms (default)
2019-07-13 09:18:34,878 INFO  server.RaftServerConfigKeys (ConfUtils.java:logGet(43)) - raft.server.write.element-limit = 4096 (default)
2019-07-13 09:18:34,878 INFO  server.RaftServerConfigKeys (ConfUtils.java:logGet(43)) - raft.server.watch.timeout = 10s (default)
2019-07-13 09:18:34,878 INFO  server.RaftServerConfigKeys (ConfUtils.java:logGet(43)) - raft.server.watch.timeout.denomination = 1s (default)
2019-07-13 09:18:34,878 INFO  server.RaftServerConfigKeys (ConfUtils.java:logGet(43)) - raft.server.watch.element-limit = 65536 (default)
2019-07-13 09:18:34,878 INFO  impl.RoleInfo (RoleInfo.java:updateAndGet(143)) - 9c4b0f75-73d5-4e4c-a19c-00ecb9356573: start LeaderState
2019-07-13 09:18:34,878 INFO  segmented.SegmentedRaftLogWorker (SegmentedRaftLogWorker.java:startLogSegment(380)) - 9c4b0f75-73d5-4e4c-a19c-00ecb9356573-SegmentedRaftLogWorker:Storage Directory /tmp/workdir/hadoop-ozone/integration-test/target/test-dir/MiniOzoneClusterImpl-f1122ca9-ffeb-42bd-a1c5-c08209646187/datanode-1/data/ratis/af34c1d2-edd8-494d-996b-c84096776c97: Starting segment from index:0
2019-07-13 09:18:34,879 INFO  impl.RaftServerImpl (ServerState.java:setRaftConf(361)) - 9c4b0f75-73d5-4e4c-a19c-00ecb9356573:group-C84096776C97 set configuration 0: [9c4b0f75-73d5-4e4c-a19c-00ecb9356573:192.168.69.96:43028], old=null at 0
2019-07-13 09:18:34,907 INFO  segmented.SegmentedRaftLogWorker (SegmentedRaftLogWorker.java:execute(569)) - 9c4b0f75-73d5-4e4c-a19c-00ecb9356573-SegmentedRaftLogWorker:Storage Directory /tmp/workdir/hadoop-ozone/integration-test/target/test-dir/MiniOzoneClusterImpl-f1122ca9-ffeb-42bd-a1c5-c08209646187/datanode-1/data/ratis/af34c1d2-edd8-494d-996b-c84096776c97: created new log segment /tmp/workdir/hadoop-ozone/integration-test/target/test-dir/MiniOzoneClusterImpl-f1122ca9-ffeb-42bd-a1c5-c08209646187/datanode-1/data/ratis/af34c1d2-edd8-494d-996b-c84096776c97/current/log_inprogress_0
2019-07-13 09:18:34,955 INFO  impl.FollowerState (FollowerState.java:run(106)) - 9c4b0f75-73d5-4e4c-a19c-00ecb9356573:group-905A922CA967 changes to CANDIDATE, lastRpcTime:5016, electionTimeout:5016ms
2019-07-13 09:18:34,955 INFO  impl.RoleInfo (RoleInfo.java:shutdownFollowerState(121)) - 9c4b0f75-73d5-4e4c-a19c-00ecb9356573: shutdown FollowerState
2019-07-13 09:18:34,956 INFO  impl.RaftServerImpl (RaftServerImpl.java:setRole(171)) - 9c4b0f75-73d5-4e4c-a19c-00ecb9356573:group-905A922CA967 changes role from FOLLOWER to CANDIDATE at term 0 for changeToCandidate
2019-07-13 09:18:34,956 INFO  impl.RoleInfo (RoleInfo.java:updateAndGet(143)) - 9c4b0f75-73d5-4e4c-a19c-00ecb9356573: start LeaderElection
2019-07-13 09:18:34,972 INFO  impl.LeaderElection (LeaderElection.java:askForVotes(181)) - 9c4b0f75-73d5-4e4c-a19c-00ecb9356573:group-905A922CA967:LeaderElection93: begin an election at term 1 for -1: [236e68af-7fe1-40c1-8e07-8d5bf4f8457f:192.168.69.96:38784, 24bd4dfd-32bd-43aa-beef-90ae8c966227:192.168.69.96:41282, 9c4b0f75-73d5-4e4c-a19c-00ecb9356573:192.168.69.96:43028], old=null
2019-07-13 09:18:34,976 INFO  impl.RaftServerImpl (RaftServerImpl.java:setRole(171)) - 236e68af-7fe1-40c1-8e07-8d5bf4f8457f:group-905A922CA967 changes role from FOLLOWER to FOLLOWER at term 1 for recognizeCandidate:9c4b0f75-73d5-4e4c-a19c-00ecb9356573
2019-07-13 09:18:34,976 INFO  impl.RaftServerImpl (RaftServerImpl.java:setRole(171)) - 24bd4dfd-32bd-43aa-beef-90ae8c966227:group-905A922CA967 changes role from FOLLOWER to FOLLOWER at term 1 for recognizeCandidate:9c4b0f75-73d5-4e4c-a19c-00ecb9356573
2019-07-13 09:18:34,976 INFO  impl.RoleInfo (RoleInfo.java:shutdownFollowerState(121)) - 236e68af-7fe1-40c1-8e07-8d5bf4f8457f: shutdown FollowerState
2019-07-13 09:18:34,976 INFO  impl.RoleInfo (RoleInfo.java:shutdownFollowerState(121)) - 24bd4dfd-32bd-43aa-beef-90ae8c966227: shutdown FollowerState
2019-07-13 09:18:34,977 INFO  impl.FollowerState (FollowerState.java:run(114)) - 236e68af-7fe1-40c1-8e07-8d5bf4f8457f: FollowerState was interrupted: java.lang.InterruptedException: sleep interrupted
2019-07-13 09:18:34,977 INFO  impl.RoleInfo (RoleInfo.java:updateAndGet(143)) - 236e68af-7fe1-40c1-8e07-8d5bf4f8457f: start FollowerState
2019-07-13 09:18:34,977 INFO  impl.FollowerState (FollowerState.java:run(114)) - 24bd4dfd-32bd-43aa-beef-90ae8c966227: FollowerState was interrupted: java.lang.InterruptedException: sleep interrupted
2019-07-13 09:18:34,977 INFO  impl.RoleInfo (RoleInfo.java:updateAndGet(143)) - 24bd4dfd-32bd-43aa-beef-90ae8c966227: start FollowerState
2019-07-13 09:18:34,992 INFO  impl.LeaderElection (LeaderElection.java:logAndReturn(56)) - 9c4b0f75-73d5-4e4c-a19c-00ecb9356573:group-905A922CA967:LeaderElection93: Election PASSED; received 1 response(s) [9c4b0f75-73d5-4e4c-a19c-00ecb9356573<-24bd4dfd-32bd-43aa-beef-90ae8c966227#0:OK-t1] and 0 exception(s); 9c4b0f75-73d5-4e4c-a19c-00ecb9356573:t1, leader=null, voted=9c4b0f75-73d5-4e4c-a19c-00ecb9356573, raftlog=9c4b0f75-73d5-4e4c-a19c-00ecb9356573-SegmentedRaftLog:OPENED:c-1,f-1,i0, conf=-1: [236e68af-7fe1-40c1-8e07-8d5bf4f8457f:192.168.69.96:38784, 24bd4dfd-32bd-43aa-beef-90ae8c966227:192.168.69.96:41282, 9c4b0f75-73d5-4e4c-a19c-00ecb9356573:192.168.69.96:43028], old=null
2019-07-13 09:18:34,992 INFO  impl.RoleInfo (RoleInfo.java:shutdownLeaderElection(134)) - 9c4b0f75-73d5-4e4c-a19c-00ecb9356573: shutdown LeaderElection
2019-07-13 09:18:34,992 INFO  impl.RaftServerImpl (RaftServerImpl.java:setRole(171)) - 9c4b0f75-73d5-4e4c-a19c-00ecb9356573:group-905A922CA967 changes role from CANDIDATE to LEADER at term 1 for changeToLeader
2019-07-13 09:18:34,992 INFO  impl.RaftServerImpl (ServerState.java:setLeader(263)) - 9c4b0f75-73d5-4e4c-a19c-00ecb9356573:group-905A922CA967 change Leader from null to 9c4b0f75-73d5-4e4c-a19c-00ecb9356573 at term 1 for becomeLeader, leader elected after 5065ms
2019-07-13 09:18:34,993 INFO  server.RaftServerConfigKeys (ConfUtils.java:logGet(43)) - raft.server.staging.catchup.gap = 1000 (default)
2019-07-13 09:18:34,993 INFO  server.RaftServerConfigKeys (ConfUtils.java:logGet(43)) - raft.server.rpc.sleep.time = 25ms (default)
2019-07-13 09:18:34,993 INFO  server.RaftServerConfigKeys (ConfUtils.java:logGet(43)) - raft.server.write.element-limit = 4096 (default)
2019-07-13 09:18:34,993 INFO  server.RaftServerConfigKeys (ConfUtils.java:logGet(43)) - raft.server.watch.timeout = 10s (default)
2019-07-13 09:18:34,993 INFO  server.RaftServerConfigKeys (ConfUtils.java:logGet(43)) - raft.server.watch.timeout.denomination = 1s (default)
2019-07-13 09:18:34,993 INFO  server.RaftServerConfigKeys (ConfUtils.java:logGet(43)) - raft.server.watch.element-limit = 65536 (default)
2019-07-13 09:18:34,993 INFO  server.RaftServerConfigKeys (ConfUtils.java:logGet(43)) - raft.server.log.appender.snapshot.chunk.size.max = 16MB (=16777216) (default)
2019-07-13 09:18:34,994 INFO  server.RaftServerConfigKeys (ConfUtils.java:logGet(43)) - raft.server.log.appender.buffer.byte-limit = 33554432 (custom)
2019-07-13 09:18:34,994 INFO  server.RaftServerConfigKeys (ConfUtils.java:logGet(43)) - raft.server.log.appender.buffer.element-limit = 1 (custom)
2019-07-13 09:18:34,994 INFO  grpc.GrpcConfigKeys$Server (ConfUtils.java:logGet(43)) - raft.grpc.server.leader.outstanding.appends.max = 128 (default)
2019-07-13 09:18:34,994 INFO  server.RaftServerConfigKeys (ConfUtils.java:logGet(43)) - raft.server.rpc.request.timeout = 3000ms (default)
2019-07-13 09:18:34,994 INFO  server.RaftServerConfigKeys (ConfUtils.java:logGet(43)) - raft.server.log.appender.install.snapshot.enabled = false (custom)
2019-07-13 09:18:34,994 INFO  server.RaftServerConfigKeys (ConfUtils.java:logGet(43)) - raft.server.log.appender.snapshot.chunk.size.max = 16MB (=16777216) (default)
2019-07-13 09:18:34,995 INFO  server.RaftServerConfigKeys (ConfUtils.java:logGet(43)) - raft.server.log.appender.buffer.byte-limit = 33554432 (custom)
2019-07-13 09:18:34,995 INFO  server.RaftServerConfigKeys (ConfUtils.java:logGet(43)) - raft.server.log.appender.buffer.element-limit = 1 (custom)
2019-07-13 09:18:34,995 INFO  impl.FollowerState (FollowerState.java:run(106)) - 24bd4dfd-32bd-43aa-beef-90ae8c966227:group-941CA3EDD592 changes to CANDIDATE, lastRpcTime:5115, electionTimeout:5115ms
2019-07-13 09:18:34,995 INFO  grpc.GrpcConfigKeys$Server (ConfUtils.java:logGet(43)) - raft.grpc.server.leader.outstanding.appends.max = 128 (default)
2019-07-13 09:18:34,995 INFO  impl.RoleInfo (RoleInfo.java:shutdownFollowerState(121)) - 24bd4dfd-32bd-43aa-beef-90ae8c966227: shutdown FollowerState
2019-07-13 09:18:34,995 INFO  server.RaftServerConfigKeys (ConfUtils.java:logGet(43)) - raft.server.rpc.request.timeout = 3000ms (default)
2019-07-13 09:18:34,995 INFO  impl.RaftServerImpl (RaftServerImpl.java:setRole(171)) - 24bd4dfd-32bd-43aa-beef-90ae8c966227:group-941CA3EDD592 changes role from FOLLOWER to CANDIDATE at term 0 for changeToCandidate
2019-07-13 09:18:34,995 INFO  server.RaftServerConfigKeys (ConfUtils.java:logGet(43)) - raft.server.log.appender.install.snapshot.enabled = false (custom)
2019-07-13 09:18:34,996 INFO  impl.RoleInfo (RoleInfo.java:updateAndGet(143)) - 24bd4dfd-32bd-43aa-beef-90ae8c966227: start LeaderElection
2019-07-13 09:18:34,996 INFO  impl.RoleInfo (RoleInfo.java:updateAndGet(143)) - 9c4b0f75-73d5-4e4c-a19c-00ecb9356573: start LeaderState
2019-07-13 09:18:34,996 INFO  segmented.SegmentedRaftLogWorker (SegmentedRaftLogWorker.java:startLogSegment(380)) - 9c4b0f75-73d5-4e4c-a19c-00ecb9356573-SegmentedRaftLogWorker:Storage Directory /tmp/workdir/hadoop-ozone/integration-test/target/test-dir/MiniOzoneClusterImpl-f1122ca9-ffeb-42bd-a1c5-c08209646187/datanode-1/data/ratis/da87b7ef-0746-4a2b-811b-905a922ca967: Starting segment from index:0
2019-07-13 09:18:35,003 INFO  impl.RaftServerImpl (ServerState.java:setRaftConf(361)) - 9c4b0f75-73d5-4e4c-a19c-00ecb9356573:group-905A922CA967 set configuration 0: [236e68af-7fe1-40c1-8e07-8d5bf4f8457f:192.168.69.96:38784, 24bd4dfd-32bd-43aa-beef-90ae8c966227:192.168.69.96:41282, 9c4b0f75-73d5-4e4c-a19c-00ecb9356573:192.168.69.96:43028], old=null at 0
2019-07-13 09:18:35,024 INFO  impl.RaftServerImpl (ServerState.java:setLeader(263)) - 236e68af-7fe1-40c1-8e07-8d5bf4f8457f:group-905A922CA967 change Leader from null to 9c4b0f75-73d5-4e4c-a19c-00ecb9356573 at term 1 for appendEntries, leader elected after 5097ms
2019-07-13 09:18:35,024 INFO  impl.LeaderElection (LeaderElection.java:askForVotes(181)) - 24bd4dfd-32bd-43aa-beef-90ae8c966227:group-941CA3EDD592:LeaderElection94: begin an election at term 1 for -1: [24bd4dfd-32bd-43aa-beef-90ae8c966227:192.168.69.96:41282], old=null
2019-07-13 09:18:35,025 INFO  impl.RoleInfo (RoleInfo.java:shutdownLeaderElection(134)) - 24bd4dfd-32bd-43aa-beef-90ae8c966227: shutdown LeaderElection
2019-07-13 09:18:35,025 INFO  impl.RaftServerImpl (RaftServerImpl.java:setRole(171)) - 24bd4dfd-32bd-43aa-beef-90ae8c966227:group-941CA3EDD592 changes role from CANDIDATE to LEADER at term 1 for changeToLeader
2019-07-13 09:18:35,027 INFO  impl.RaftServerImpl (ServerState.java:setLeader(263)) - 24bd4dfd-32bd-43aa-beef-90ae8c966227:group-941CA3EDD592 change Leader from null to 24bd4dfd-32bd-43aa-beef-90ae8c966227 at term 1 for becomeLeader, leader elected after 5152ms
2019-07-13 09:18:35,027 INFO  impl.RaftServerImpl (ServerState.java:setLeader(263)) - 24bd4dfd-32bd-43aa-beef-90ae8c966227:group-905A922CA967 change Leader from null to 9c4b0f75-73d5-4e4c-a19c-00ecb9356573 at term 1 for appendEntries, leader elected after 5100ms
2019-07-13 09:18:35,030 INFO  server.RaftServerConfigKeys (ConfUtils.java:logGet(43)) - raft.server.staging.catchup.gap = 1000 (default)
2019-07-13 09:18:35,030 INFO  server.RaftServerConfigKeys (ConfUtils.java:logGet(43)) - raft.server.rpc.sleep.time = 25ms (default)
2019-07-13 09:18:35,030 INFO  server.RaftServerConfigKeys (ConfUtils.java:logGet(43)) - raft.server.write.element-limit = 4096 (default)
2019-07-13 09:18:35,030 INFO  server.RaftServerConfigKeys (ConfUtils.java:logGet(43)) - raft.server.watch.timeout = 10s (default)
2019-07-13 09:18:35,030 INFO  server.RaftServerConfigKeys (ConfUtils.java:logGet(43)) - raft.server.watch.timeout.denomination = 1s (default)
2019-07-13 09:18:35,031 INFO  server.RaftServerConfigKeys (ConfUtils.java:logGet(43)) - raft.server.watch.element-limit = 65536 (default)
2019-07-13 09:18:35,031 INFO  impl.RoleInfo (RoleInfo.java:updateAndGet(143)) - 24bd4dfd-32bd-43aa-beef-90ae8c966227: start LeaderState
2019-07-13 09:18:35,031 INFO  impl.RaftServerImpl (ServerState.java:setRaftConf(361)) - 236e68af-7fe1-40c1-8e07-8d5bf4f8457f:group-905A922CA967 set configuration 0: [236e68af-7fe1-40c1-8e07-8d5bf4f8457f:192.168.69.96:38784, 24bd4dfd-32bd-43aa-beef-90ae8c966227:192.168.69.96:41282, 9c4b0f75-73d5-4e4c-a19c-00ecb9356573:192.168.69.96:43028], old=null at 0
2019-07-13 09:18:35,031 INFO  segmented.SegmentedRaftLogWorker (SegmentedRaftLogWorker.java:startLogSegment(380)) - 24bd4dfd-32bd-43aa-beef-90ae8c966227-SegmentedRaftLogWorker:Storage Directory /tmp/workdir/hadoop-ozone/integration-test/target/test-dir/MiniOzoneClusterImpl-f1122ca9-ffeb-42bd-a1c5-c08209646187/datanode-2/data/ratis/435d0b85-40e7-4080-a58b-941ca3edd592: Starting segment from index:0
2019-07-13 09:18:35,031 INFO  segmented.SegmentedRaftLogWorker (SegmentedRaftLogWorker.java:startLogSegment(380)) - 236e68af-7fe1-40c1-8e07-8d5bf4f8457f-SegmentedRaftLogWorker:Storage Directory /tmp/workdir/hadoop-ozone/integration-test/target/test-dir/MiniOzoneClusterImpl-f1122ca9-ffeb-42bd-a1c5-c08209646187/datanode-0/data/ratis/da87b7ef-0746-4a2b-811b-905a922ca967: Starting segment from index:0
2019-07-13 09:18:35,032 INFO  impl.RaftServerImpl (ServerState.java:setRaftConf(361)) - 24bd4dfd-32bd-43aa-beef-90ae8c966227:group-941CA3EDD592 set configuration 0: [24bd4dfd-32bd-43aa-beef-90ae8c966227:192.168.69.96:41282], old=null at 0
2019-07-13 09:18:35,032 INFO  impl.RaftServerImpl (ServerState.java:setRaftConf(361)) - 24bd4dfd-32bd-43aa-beef-90ae8c966227:group-905A922CA967 set configuration 0: [236e68af-7fe1-40c1-8e07-8d5bf4f8457f:192.168.69.96:38784, 24bd4dfd-32bd-43aa-beef-90ae8c966227:192.168.69.96:41282, 9c4b0f75-73d5-4e4c-a19c-00ecb9356573:192.168.69.96:43028], old=null at 0
2019-07-13 09:18:35,032 INFO  segmented.SegmentedRaftLogWorker (SegmentedRaftLogWorker.java:startLogSegment(380)) - 24bd4dfd-32bd-43aa-beef-90ae8c966227-SegmentedRaftLogWorker:Storage Directory /tmp/workdir/hadoop-ozone/integration-test/target/test-dir/MiniOzoneClusterImpl-f1122ca9-ffeb-42bd-a1c5-c08209646187/datanode-2/data/ratis/da87b7ef-0746-4a2b-811b-905a922ca967: Starting segment from index:0
2019-07-13 09:18:35,037 INFO  segmented.SegmentedRaftLogWorker (SegmentedRaftLogWorker.java:execute(569)) - 9c4b0f75-73d5-4e4c-a19c-00ecb9356573-SegmentedRaftLogWorker:Storage Directory /tmp/workdir/hadoop-ozone/integration-test/target/test-dir/MiniOzoneClusterImpl-f1122ca9-ffeb-42bd-a1c5-c08209646187/datanode-1/data/ratis/da87b7ef-0746-4a2b-811b-905a922ca967: created new log segment /tmp/workdir/hadoop-ozone/integration-test/target/test-dir/MiniOzoneClusterImpl-f1122ca9-ffeb-42bd-a1c5-c08209646187/datanode-1/data/ratis/da87b7ef-0746-4a2b-811b-905a922ca967/current/log_inprogress_0
2019-07-13 09:18:35,051 INFO  segmented.SegmentedRaftLogWorker (SegmentedRaftLogWorker.java:execute(569)) - 24bd4dfd-32bd-43aa-beef-90ae8c966227-SegmentedRaftLogWorker:Storage Directory /tmp/workdir/hadoop-ozone/integration-test/target/test-dir/MiniOzoneClusterImpl-f1122ca9-ffeb-42bd-a1c5-c08209646187/datanode-2/data/ratis/435d0b85-40e7-4080-a58b-941ca3edd592: created new log segment /tmp/workdir/hadoop-ozone/integration-test/target/test-dir/MiniOzoneClusterImpl-f1122ca9-ffeb-42bd-a1c5-c08209646187/datanode-2/data/ratis/435d0b85-40e7-4080-a58b-941ca3edd592/current/log_inprogress_0
2019-07-13 09:18:35,051 INFO  segmented.SegmentedRaftLogWorker (SegmentedRaftLogWorker.java:execute(569)) - 24bd4dfd-32bd-43aa-beef-90ae8c966227-SegmentedRaftLogWorker:Storage Directory /tmp/workdir/hadoop-ozone/integration-test/target/test-dir/MiniOzoneClusterImpl-f1122ca9-ffeb-42bd-a1c5-c08209646187/datanode-2/data/ratis/da87b7ef-0746-4a2b-811b-905a922ca967: created new log segment /tmp/workdir/hadoop-ozone/integration-test/target/test-dir/MiniOzoneClusterImpl-f1122ca9-ffeb-42bd-a1c5-c08209646187/datanode-2/data/ratis/da87b7ef-0746-4a2b-811b-905a922ca967/current/log_inprogress_0
2019-07-13 09:18:35,053 INFO  segmented.SegmentedRaftLogWorker (SegmentedRaftLogWorker.java:execute(569)) - 236e68af-7fe1-40c1-8e07-8d5bf4f8457f-SegmentedRaftLogWorker:Storage Directory /tmp/workdir/hadoop-ozone/integration-test/target/test-dir/MiniOzoneClusterImpl-f1122ca9-ffeb-42bd-a1c5-c08209646187/datanode-0/data/ratis/da87b7ef-0746-4a2b-811b-905a922ca967: created new log segment /tmp/workdir/hadoop-ozone/integration-test/target/test-dir/MiniOzoneClusterImpl-f1122ca9-ffeb-42bd-a1c5-c08209646187/datanode-0/data/ratis/da87b7ef-0746-4a2b-811b-905a922ca967/current/log_inprogress_0
2019-07-13 09:18:35,179 INFO  impl.FollowerState (FollowerState.java:run(106)) - 9e3b2b9f-0edc-4b89-96b7-ff99211975b8:group-B58411DDFD9F changes to CANDIDATE, lastRpcTime:5145, electionTimeout:5145ms
2019-07-13 09:18:35,180 INFO  impl.RoleInfo (RoleInfo.java:shutdownFollowerState(121)) - 9e3b2b9f-0edc-4b89-96b7-ff99211975b8: shutdown FollowerState
2019-07-13 09:18:35,180 INFO  impl.RaftServerImpl (RaftServerImpl.java:setRole(171)) - 9e3b2b9f-0edc-4b89-96b7-ff99211975b8:group-B58411DDFD9F changes role from FOLLOWER to CANDIDATE at term 0 for changeToCandidate
2019-07-13 09:18:35,180 INFO  impl.RoleInfo (RoleInfo.java:updateAndGet(143)) - 9e3b2b9f-0edc-4b89-96b7-ff99211975b8: start LeaderElection
2019-07-13 09:18:35,200 INFO  impl.LeaderElection (LeaderElection.java:askForVotes(181)) - 9e3b2b9f-0edc-4b89-96b7-ff99211975b8:group-B58411DDFD9F:LeaderElection95: begin an election at term 1 for -1: [9e3b2b9f-0edc-4b89-96b7-ff99211975b8:192.168.69.96:43020], old=null
2019-07-13 09:18:35,200 INFO  impl.RoleInfo (RoleInfo.java:shutdownLeaderElection(134)) - 9e3b2b9f-0edc-4b89-96b7-ff99211975b8: shutdown LeaderElection
2019-07-13 09:18:35,200 INFO  impl.RaftServerImpl (RaftServerImpl.java:setRole(171)) - 9e3b2b9f-0edc-4b89-96b7-ff99211975b8:group-B58411DDFD9F changes role from CANDIDATE to LEADER at term 1 for changeToLeader
2019-07-13 09:18:35,200 INFO  impl.RaftServerImpl (ServerState.java:setLeader(263)) - 9e3b2b9f-0edc-4b89-96b7-ff99211975b8:group-B58411DDFD9F change Leader from null to 9e3b2b9f-0edc-4b89-96b7-ff99211975b8 at term 1 for becomeLeader, leader elected after 5170ms
2019-07-13 09:18:35,203 INFO  server.RaftServerConfigKeys (ConfUtils.java:logGet(43)) - raft.server.staging.catchup.gap = 1000 (default)
2019-07-13 09:18:35,203 INFO  server.RaftServerConfigKeys (ConfUtils.java:logGet(43)) - raft.server.rpc.sleep.time = 25ms (default)
2019-07-13 09:18:35,203 INFO  server.RaftServerConfigKeys (ConfUtils.java:logGet(43)) - raft.server.write.element-limit = 4096 (default)
2019-07-13 09:18:35,203 INFO  server.RaftServerConfigKeys (ConfUtils.java:logGet(43)) - raft.server.watch.timeout = 10s (default)
2019-07-13 09:18:35,203 INFO  server.RaftServerConfigKeys (ConfUtils.java:logGet(43)) - raft.server.watch.timeout.denomination = 1s (default)
2019-07-13 09:18:35,203 INFO  server.RaftServerConfigKeys (ConfUtils.java:logGet(43)) - raft.server.watch.element-limit = 65536 (default)
2019-07-13 09:18:35,204 INFO  impl.RoleInfo (RoleInfo.java:updateAndGet(143)) - 9e3b2b9f-0edc-4b89-96b7-ff99211975b8: start LeaderState
2019-07-13 09:18:35,204 INFO  segmented.SegmentedRaftLogWorker (SegmentedRaftLogWorker.java:startLogSegment(380)) - 9e3b2b9f-0edc-4b89-96b7-ff99211975b8-SegmentedRaftLogWorker:Storage Directory /tmp/workdir/hadoop-ozone/integration-test/target/test-dir/MiniOzoneClusterImpl-f1122ca9-ffeb-42bd-a1c5-c08209646187/datanode-3/data/ratis/b027fbb4-8ea6-44b6-8a03-b58411ddfd9f: Starting segment from index:0
2019-07-13 09:18:35,204 INFO  impl.RaftServerImpl (ServerState.java:setRaftConf(361)) - 9e3b2b9f-0edc-4b89-96b7-ff99211975b8:group-B58411DDFD9F set configuration 0: [9e3b2b9f-0edc-4b89-96b7-ff99211975b8:192.168.69.96:43020], old=null at 0
2019-07-13 09:18:35,215 INFO  impl.FollowerState (FollowerState.java:run(106)) - 34a55eb9-72fe-434e-adc2-b8700a9685da:group-4CFC92E69210 changes to CANDIDATE, lastRpcTime:5024, electionTimeout:5024ms
2019-07-13 09:18:35,215 INFO  impl.RoleInfo (RoleInfo.java:shutdownFollowerState(121)) - 34a55eb9-72fe-434e-adc2-b8700a9685da: shutdown FollowerState
2019-07-13 09:18:35,216 INFO  impl.RaftServerImpl (RaftServerImpl.java:setRole(171)) - 34a55eb9-72fe-434e-adc2-b8700a9685da:group-4CFC92E69210 changes role from FOLLOWER to CANDIDATE at term 0 for changeToCandidate
2019-07-13 09:18:35,217 INFO  impl.RoleInfo (RoleInfo.java:updateAndGet(143)) - 34a55eb9-72fe-434e-adc2-b8700a9685da: start LeaderElection
2019-07-13 09:18:35,240 INFO  segmented.SegmentedRaftLogWorker (SegmentedRaftLogWorker.java:execute(569)) - 9e3b2b9f-0edc-4b89-96b7-ff99211975b8-SegmentedRaftLogWorker:Storage Directory /tmp/workdir/hadoop-ozone/integration-test/target/test-dir/MiniOzoneClusterImpl-f1122ca9-ffeb-42bd-a1c5-c08209646187/datanode-3/data/ratis/b027fbb4-8ea6-44b6-8a03-b58411ddfd9f: created new log segment /tmp/workdir/hadoop-ozone/integration-test/target/test-dir/MiniOzoneClusterImpl-f1122ca9-ffeb-42bd-a1c5-c08209646187/datanode-3/data/ratis/b027fbb4-8ea6-44b6-8a03-b58411ddfd9f/current/log_inprogress_0
2019-07-13 09:18:35,240 INFO  impl.LeaderElection (LeaderElection.java:askForVotes(181)) - 34a55eb9-72fe-434e-adc2-b8700a9685da:group-4CFC92E69210:LeaderElection96: begin an election at term 1 for -1: [34a55eb9-72fe-434e-adc2-b8700a9685da:192.168.69.96:37417], old=null
2019-07-13 09:18:35,240 INFO  impl.RoleInfo (RoleInfo.java:shutdownLeaderElection(134)) - 34a55eb9-72fe-434e-adc2-b8700a9685da: shutdown LeaderElection
2019-07-13 09:18:35,241 INFO  impl.RaftServerImpl (RaftServerImpl.java:setRole(171)) - 34a55eb9-72fe-434e-adc2-b8700a9685da:group-4CFC92E69210 changes role from CANDIDATE to LEADER at term 1 for changeToLeader
2019-07-13 09:18:35,241 INFO  impl.RaftServerImpl (ServerState.java:setLeader(263)) - 34a55eb9-72fe-434e-adc2-b8700a9685da:group-4CFC92E69210 change Leader from null to 34a55eb9-72fe-434e-adc2-b8700a9685da at term 1 for becomeLeader, leader elected after 5053ms
2019-07-13 09:18:35,243 INFO  server.RaftServerConfigKeys (ConfUtils.java:logGet(43)) - raft.server.staging.catchup.gap = 1000 (default)
2019-07-13 09:18:35,243 INFO  server.RaftServerConfigKeys (ConfUtils.java:logGet(43)) - raft.server.rpc.sleep.time = 25ms (default)
2019-07-13 09:18:35,243 INFO  server.RaftServerConfigKeys (ConfUtils.java:logGet(43)) - raft.server.write.element-limit = 4096 (default)
2019-07-13 09:18:35,243 INFO  server.RaftServerConfigKeys (ConfUtils.java:logGet(43)) - raft.server.watch.timeout = 10s (default)
2019-07-13 09:18:35,244 INFO  server.RaftServerConfigKeys (ConfUtils.java:logGet(43)) - raft.server.watch.timeout.denomination = 1s (default)
2019-07-13 09:18:35,244 INFO  server.RaftServerConfigKeys (ConfUtils.java:logGet(43)) - raft.server.watch.element-limit = 65536 (default)
2019-07-13 09:18:35,244 INFO  impl.RoleInfo (RoleInfo.java:updateAndGet(143)) - 34a55eb9-72fe-434e-adc2-b8700a9685da: start LeaderState
2019-07-13 09:18:35,244 INFO  segmented.SegmentedRaftLogWorker (SegmentedRaftLogWorker.java:startLogSegment(380)) - 34a55eb9-72fe-434e-adc2-b8700a9685da-SegmentedRaftLogWorker:Storage Directory /tmp/workdir/hadoop-ozone/integration-test/target/test-dir/MiniOzoneClusterImpl-f1122ca9-ffeb-42bd-a1c5-c08209646187/datanode-4/data/ratis/449f98e1-6864-498c-8e5b-4cfc92e69210: Starting segment from index:0
2019-07-13 09:18:35,245 INFO  impl.RaftServerImpl (ServerState.java:setRaftConf(361)) - 34a55eb9-72fe-434e-adc2-b8700a9685da:group-4CFC92E69210 set configuration 0: [34a55eb9-72fe-434e-adc2-b8700a9685da:192.168.69.96:37417], old=null at 0
2019-07-13 09:18:35,275 INFO  segmented.SegmentedRaftLogWorker (SegmentedRaftLogWorker.java:execute(569)) - 34a55eb9-72fe-434e-adc2-b8700a9685da-SegmentedRaftLogWorker:Storage Directory /tmp/workdir/hadoop-ozone/integration-test/target/test-dir/MiniOzoneClusterImpl-f1122ca9-ffeb-42bd-a1c5-c08209646187/datanode-4/data/ratis/449f98e1-6864-498c-8e5b-4cfc92e69210: created new log segment /tmp/workdir/hadoop-ozone/integration-test/target/test-dir/MiniOzoneClusterImpl-f1122ca9-ffeb-42bd-a1c5-c08209646187/datanode-4/data/ratis/449f98e1-6864-498c-8e5b-4cfc92e69210/current/log_inprogress_0
2019-07-13 09:18:35,356 INFO  impl.FollowerState (FollowerState.java:run(106)) - fd5c425d-5e71-4feb-9d85-6dad5dc05c67:group-D88E1C48F225 changes to CANDIDATE, lastRpcTime:5001, electionTimeout:5001ms
2019-07-13 09:18:35,356 INFO  impl.RoleInfo (RoleInfo.java:shutdownFollowerState(121)) - fd5c425d-5e71-4feb-9d85-6dad5dc05c67: shutdown FollowerState
2019-07-13 09:18:35,356 INFO  impl.RaftServerImpl (RaftServerImpl.java:setRole(171)) - fd5c425d-5e71-4feb-9d85-6dad5dc05c67:group-D88E1C48F225 changes role from FOLLOWER to CANDIDATE at term 0 for changeToCandidate
2019-07-13 09:18:35,357 INFO  impl.RoleInfo (RoleInfo.java:updateAndGet(143)) - fd5c425d-5e71-4feb-9d85-6dad5dc05c67: start LeaderElection
2019-07-13 09:18:35,375 INFO  impl.LeaderElection (LeaderElection.java:askForVotes(181)) - fd5c425d-5e71-4feb-9d85-6dad5dc05c67:group-D88E1C48F225:LeaderElection97: begin an election at term 1 for -1: [fd5c425d-5e71-4feb-9d85-6dad5dc05c67:192.168.69.96:42222], old=null
2019-07-13 09:18:35,375 INFO  impl.RoleInfo (RoleInfo.java:shutdownLeaderElection(134)) - fd5c425d-5e71-4feb-9d85-6dad5dc05c67: shutdown LeaderElection
2019-07-13 09:18:35,375 INFO  impl.RaftServerImpl (RaftServerImpl.java:setRole(171)) - fd5c425d-5e71-4feb-9d85-6dad5dc05c67:group-D88E1C48F225 changes role from CANDIDATE to LEADER at term 1 for changeToLeader
2019-07-13 09:18:35,375 INFO  impl.RaftServerImpl (ServerState.java:setLeader(263)) - fd5c425d-5e71-4feb-9d85-6dad5dc05c67:group-D88E1C48F225 change Leader from null to fd5c425d-5e71-4feb-9d85-6dad5dc05c67 at term 1 for becomeLeader, leader elected after 5024ms
2019-07-13 09:18:35,378 INFO  server.RaftServerConfigKeys (ConfUtils.java:logGet(43)) - raft.server.staging.catchup.gap = 1000 (default)
2019-07-13 09:18:35,378 INFO  server.RaftServerConfigKeys (ConfUtils.java:logGet(43)) - raft.server.rpc.sleep.time = 25ms (default)
2019-07-13 09:18:35,378 INFO  server.RaftServerConfigKeys (ConfUtils.java:logGet(43)) - raft.server.write.element-limit = 4096 (default)
2019-07-13 09:18:35,378 INFO  server.RaftServerConfigKeys (ConfUtils.java:logGet(43)) - raft.server.watch.timeout = 10s (default)
2019-07-13 09:18:35,378 INFO  server.RaftServerConfigKeys (ConfUtils.java:logGet(43)) - raft.server.watch.timeout.denomination = 1s (default)
2019-07-13 09:18:35,379 INFO  server.RaftServerConfigKeys (ConfUtils.java:logGet(43)) - raft.server.watch.element-limit = 65536 (default)
2019-07-13 09:18:35,379 INFO  impl.RoleInfo (RoleInfo.java:updateAndGet(143)) - fd5c425d-5e71-4feb-9d85-6dad5dc05c67: start LeaderState
2019-07-13 09:18:35,379 INFO  segmented.SegmentedRaftLogWorker (SegmentedRaftLogWorker.java:startLogSegment(380)) - fd5c425d-5e71-4feb-9d85-6dad5dc05c67-SegmentedRaftLogWorker:Storage Directory /tmp/workdir/hadoop-ozone/integration-test/target/test-dir/MiniOzoneClusterImpl-f1122ca9-ffeb-42bd-a1c5-c08209646187/datanode-5/data/ratis/47f34d73-994e-41ba-ae34-d88e1c48f225: Starting segment from index:0
2019-07-13 09:18:35,380 INFO  impl.RaftServerImpl (ServerState.java:setRaftConf(361)) - fd5c425d-5e71-4feb-9d85-6dad5dc05c67:group-D88E1C48F225 set configuration 0: [fd5c425d-5e71-4feb-9d85-6dad5dc05c67:192.168.69.96:42222], old=null at 0
2019-07-13 09:18:35,411 INFO  segmented.SegmentedRaftLogWorker (SegmentedRaftLogWorker.java:execute(569)) - fd5c425d-5e71-4feb-9d85-6dad5dc05c67-SegmentedRaftLogWorker:Storage Directory /tmp/workdir/hadoop-ozone/integration-test/target/test-dir/MiniOzoneClusterImpl-f1122ca9-ffeb-42bd-a1c5-c08209646187/datanode-5/data/ratis/47f34d73-994e-41ba-ae34-d88e1c48f225: created new log segment /tmp/workdir/hadoop-ozone/integration-test/target/test-dir/MiniOzoneClusterImpl-f1122ca9-ffeb-42bd-a1c5-c08209646187/datanode-5/data/ratis/47f34d73-994e-41ba-ae34-d88e1c48f225/current/log_inprogress_0
2019-07-13 09:18:35,416 INFO  impl.FollowerState (FollowerState.java:run(106)) - fd5c425d-5e71-4feb-9d85-6dad5dc05c67:group-809BEBD223AF changes to CANDIDATE, lastRpcTime:5010, electionTimeout:5010ms
2019-07-13 09:18:35,416 INFO  impl.RoleInfo (RoleInfo.java:shutdownFollowerState(121)) - fd5c425d-5e71-4feb-9d85-6dad5dc05c67: shutdown FollowerState
2019-07-13 09:18:35,416 INFO  impl.RaftServerImpl (RaftServerImpl.java:setRole(171)) - fd5c425d-5e71-4feb-9d85-6dad5dc05c67:group-809BEBD223AF changes role from FOLLOWER to CANDIDATE at term 0 for changeToCandidate
2019-07-13 09:18:35,416 INFO  impl.RoleInfo (RoleInfo.java:updateAndGet(143)) - fd5c425d-5e71-4feb-9d85-6dad5dc05c67: start LeaderElection
2019-07-13 09:18:35,434 INFO  impl.LeaderElection (LeaderElection.java:askForVotes(181)) - fd5c425d-5e71-4feb-9d85-6dad5dc05c67:group-809BEBD223AF:LeaderElection98: begin an election at term 1 for -1: [9e3b2b9f-0edc-4b89-96b7-ff99211975b8:192.168.69.96:43020, 34a55eb9-72fe-434e-adc2-b8700a9685da:192.168.69.96:37417, fd5c425d-5e71-4feb-9d85-6dad5dc05c67:192.168.69.96:42222], old=null
2019-07-13 09:18:35,441 INFO  impl.RaftServerImpl (RaftServerImpl.java:setRole(171)) - 34a55eb9-72fe-434e-adc2-b8700a9685da:group-809BEBD223AF changes role from FOLLOWER to FOLLOWER at term 1 for recognizeCandidate:fd5c425d-5e71-4feb-9d85-6dad5dc05c67
2019-07-13 09:18:35,441 INFO  impl.RaftServerImpl (RaftServerImpl.java:setRole(171)) - 9e3b2b9f-0edc-4b89-96b7-ff99211975b8:group-809BEBD223AF changes role from FOLLOWER to FOLLOWER at term 1 for recognizeCandidate:fd5c425d-5e71-4feb-9d85-6dad5dc05c67
2019-07-13 09:18:35,442 INFO  impl.RoleInfo (RoleInfo.java:shutdownFollowerState(121)) - 34a55eb9-72fe-434e-adc2-b8700a9685da: shutdown FollowerState
2019-07-13 09:18:35,442 INFO  impl.RoleInfo (RoleInfo.java:shutdownFollowerState(121)) - 9e3b2b9f-0edc-4b89-96b7-ff99211975b8: shutdown FollowerState
2019-07-13 09:18:35,442 INFO  impl.FollowerState (FollowerState.java:run(114)) - 34a55eb9-72fe-434e-adc2-b8700a9685da: FollowerState was interrupted: java.lang.InterruptedException: sleep interrupted
2019-07-13 09:18:35,442 INFO  impl.RoleInfo (RoleInfo.java:updateAndGet(143)) - 34a55eb9-72fe-434e-adc2-b8700a9685da: start FollowerState
2019-07-13 09:18:35,442 INFO  impl.FollowerState (FollowerState.java:run(114)) - 9e3b2b9f-0edc-4b89-96b7-ff99211975b8: FollowerState was interrupted: java.lang.InterruptedException: sleep interrupted
2019-07-13 09:18:35,442 INFO  impl.RoleInfo (RoleInfo.java:updateAndGet(143)) - 9e3b2b9f-0edc-4b89-96b7-ff99211975b8: start FollowerState
2019-07-13 09:18:35,460 INFO  impl.LeaderElection (LeaderElection.java:logAndReturn(56)) - fd5c425d-5e71-4feb-9d85-6dad5dc05c67:group-809BEBD223AF:LeaderElection98: Election PASSED; received 1 response(s) [fd5c425d-5e71-4feb-9d85-6dad5dc05c67<-34a55eb9-72fe-434e-adc2-b8700a9685da#0:OK-t1] and 0 exception(s); fd5c425d-5e71-4feb-9d85-6dad5dc05c67:t1, leader=null, voted=fd5c425d-5e71-4feb-9d85-6dad5dc05c67, raftlog=fd5c425d-5e71-4feb-9d85-6dad5dc05c67-SegmentedRaftLog:OPENED:c-1,f-1,i0, conf=-1: [9e3b2b9f-0edc-4b89-96b7-ff99211975b8:192.168.69.96:43020, 34a55eb9-72fe-434e-adc2-b8700a9685da:192.168.69.96:37417, fd5c425d-5e71-4feb-9d85-6dad5dc05c67:192.168.69.96:42222], old=null
2019-07-13 09:18:35,460 INFO  impl.RoleInfo (RoleInfo.java:shutdownLeaderElection(134)) - fd5c425d-5e71-4feb-9d85-6dad5dc05c67: shutdown LeaderElection
2019-07-13 09:18:35,461 INFO  impl.RaftServerImpl (RaftServerImpl.java:setRole(171)) - fd5c425d-5e71-4feb-9d85-6dad5dc05c67:group-809BEBD223AF changes role from CANDIDATE to LEADER at term 1 for changeToLeader
2019-07-13 09:18:35,461 INFO  impl.RaftServerImpl (ServerState.java:setLeader(263)) - fd5c425d-5e71-4feb-9d85-6dad5dc05c67:group-809BEBD223AF change Leader from null to fd5c425d-5e71-4feb-9d85-6dad5dc05c67 at term 1 for becomeLeader, leader elected after 5067ms
2019-07-13 09:18:35,461 INFO  server.RaftServerConfigKeys (ConfUtils.java:logGet(43)) - raft.server.staging.catchup.gap = 1000 (default)
2019-07-13 09:18:35,461 INFO  server.RaftServerConfigKeys (ConfUtils.java:logGet(43)) - raft.server.rpc.sleep.time = 25ms (default)
2019-07-13 09:18:35,461 INFO  server.RaftServerConfigKeys (ConfUtils.java:logGet(43)) - raft.server.write.element-limit = 4096 (default)
2019-07-13 09:18:35,461 INFO  server.RaftServerConfigKeys (ConfUtils.java:logGet(43)) - raft.server.watch.timeout = 10s (default)
2019-07-13 09:18:35,461 INFO  server.RaftServerConfigKeys (ConfUtils.java:logGet(43)) - raft.server.watch.timeout.denomination = 1s (default)
2019-07-13 09:18:35,461 INFO  server.RaftServerConfigKeys (ConfUtils.java:logGet(43)) - raft.server.watch.element-limit = 65536 (default)
2019-07-13 09:18:35,462 INFO  server.RaftServerConfigKeys (ConfUtils.java:logGet(43)) - raft.server.log.appender.snapshot.chunk.size.max = 16MB (=16777216) (default)
2019-07-13 09:18:35,462 INFO  server.RaftServerConfigKeys (ConfUtils.java:logGet(43)) - raft.server.log.appender.buffer.byte-limit = 33554432 (custom)
2019-07-13 09:18:35,462 INFO  server.RaftServerConfigKeys (ConfUtils.java:logGet(43)) - raft.server.log.appender.buffer.element-limit = 1 (custom)
2019-07-13 09:18:35,462 INFO  grpc.GrpcConfigKeys$Server (ConfUtils.java:logGet(43)) - raft.grpc.server.leader.outstanding.appends.max = 128 (default)
2019-07-13 09:18:35,462 INFO  server.RaftServerConfigKeys (ConfUtils.java:logGet(43)) - raft.server.rpc.request.timeout = 3000ms (default)
2019-07-13 09:18:35,463 INFO  server.RaftServerConfigKeys (ConfUtils.java:logGet(43)) - raft.server.log.appender.install.snapshot.enabled = false (custom)
2019-07-13 09:18:35,463 INFO  server.RaftServerConfigKeys (ConfUtils.java:logGet(43)) - raft.server.log.appender.snapshot.chunk.size.max = 16MB (=16777216) (default)
2019-07-13 09:18:35,463 INFO  server.RaftServerConfigKeys (ConfUtils.java:logGet(43)) - raft.server.log.appender.buffer.byte-limit = 33554432 (custom)
2019-07-13 09:18:35,463 INFO  server.RaftServerConfigKeys (ConfUtils.java:logGet(43)) - raft.server.log.appender.buffer.element-limit = 1 (custom)
2019-07-13 09:18:35,463 INFO  grpc.GrpcConfigKeys$Server (ConfUtils.java:logGet(43)) - raft.grpc.server.leader.outstanding.appends.max = 128 (default)
2019-07-13 09:18:35,463 INFO  server.RaftServerConfigKeys (ConfUtils.java:logGet(43)) - raft.server.rpc.request.timeout = 3000ms (default)
2019-07-13 09:18:35,464 INFO  server.RaftServerConfigKeys (ConfUtils.java:logGet(43)) - raft.server.log.appender.install.snapshot.enabled = false (custom)
2019-07-13 09:18:35,464 INFO  impl.RoleInfo (RoleInfo.java:updateAndGet(143)) - fd5c425d-5e71-4feb-9d85-6dad5dc05c67: start LeaderState
2019-07-13 09:18:35,464 INFO  segmented.SegmentedRaftLogWorker (SegmentedRaftLogWorker.java:startLogSegment(380)) - fd5c425d-5e71-4feb-9d85-6dad5dc05c67-SegmentedRaftLogWorker:Storage Directory /tmp/workdir/hadoop-ozone/integration-test/target/test-dir/MiniOzoneClusterImpl-f1122ca9-ffeb-42bd-a1c5-c08209646187/datanode-5/data/ratis/f0f09204-00dc-42c2-93a8-809bebd223af: Starting segment from index:0
2019-07-13 09:18:35,465 INFO  impl.RaftServerImpl (ServerState.java:setRaftConf(361)) - fd5c425d-5e71-4feb-9d85-6dad5dc05c67:group-809BEBD223AF set configuration 0: [9e3b2b9f-0edc-4b89-96b7-ff99211975b8:192.168.69.96:43020, 34a55eb9-72fe-434e-adc2-b8700a9685da:192.168.69.96:37417, fd5c425d-5e71-4feb-9d85-6dad5dc05c67:192.168.69.96:42222], old=null at 0
2019-07-13 09:18:35,466 INFO  impl.RaftServerImpl (ServerState.java:setLeader(263)) - 9e3b2b9f-0edc-4b89-96b7-ff99211975b8:group-809BEBD223AF change Leader from null to fd5c425d-5e71-4feb-9d85-6dad5dc05c67 at term 1 for appendEntries, leader elected after 5072ms
2019-07-13 09:18:35,466 INFO  impl.RaftServerImpl (ServerState.java:setLeader(263)) - 34a55eb9-72fe-434e-adc2-b8700a9685da:group-809BEBD223AF change Leader from null to fd5c425d-5e71-4feb-9d85-6dad5dc05c67 at term 1 for appendEntries, leader elected after 5073ms
2019-07-13 09:18:35,490 INFO  impl.RaftServerImpl (ServerState.java:setRaftConf(361)) - 9e3b2b9f-0edc-4b89-96b7-ff99211975b8:group-809BEBD223AF set configuration 0: [9e3b2b9f-0edc-4b89-96b7-ff99211975b8:192.168.69.96:43020, 34a55eb9-72fe-434e-adc2-b8700a9685da:192.168.69.96:37417, fd5c425d-5e71-4feb-9d85-6dad5dc05c67:192.168.69.96:42222], old=null at 0
2019-07-13 09:18:35,490 INFO  impl.RaftServerImpl (ServerState.java:setRaftConf(361)) - 34a55eb9-72fe-434e-adc2-b8700a9685da:group-809BEBD223AF set configuration 0: [9e3b2b9f-0edc-4b89-96b7-ff99211975b8:192.168.69.96:43020, 34a55eb9-72fe-434e-adc2-b8700a9685da:192.168.69.96:37417, fd5c425d-5e71-4feb-9d85-6dad5dc05c67:192.168.69.96:42222], old=null at 0
2019-07-13 09:18:35,490 INFO  segmented.SegmentedRaftLogWorker (SegmentedRaftLogWorker.java:startLogSegment(380)) - 9e3b2b9f-0edc-4b89-96b7-ff99211975b8-SegmentedRaftLogWorker:Storage Directory /tmp/workdir/hadoop-ozone/integration-test/target/test-dir/MiniOzoneClusterImpl-f1122ca9-ffeb-42bd-a1c5-c08209646187/datanode-3/data/ratis/f0f09204-00dc-42c2-93a8-809bebd223af: Starting segment from index:0
2019-07-13 09:18:35,491 INFO  segmented.SegmentedRaftLogWorker (SegmentedRaftLogWorker.java:startLogSegment(380)) - 34a55eb9-72fe-434e-adc2-b8700a9685da-SegmentedRaftLogWorker:Storage Directory /tmp/workdir/hadoop-ozone/integration-test/target/test-dir/MiniOzoneClusterImpl-f1122ca9-ffeb-42bd-a1c5-c08209646187/datanode-4/data/ratis/f0f09204-00dc-42c2-93a8-809bebd223af: Starting segment from index:0
2019-07-13 09:18:35,498 INFO  segmented.SegmentedRaftLogWorker (SegmentedRaftLogWorker.java:execute(569)) - fd5c425d-5e71-4feb-9d85-6dad5dc05c67-SegmentedRaftLogWorker:Storage Directory /tmp/workdir/hadoop-ozone/integration-test/target/test-dir/MiniOzoneClusterImpl-f1122ca9-ffeb-42bd-a1c5-c08209646187/datanode-5/data/ratis/f0f09204-00dc-42c2-93a8-809bebd223af: created new log segment /tmp/workdir/hadoop-ozone/integration-test/target/test-dir/MiniOzoneClusterImpl-f1122ca9-ffeb-42bd-a1c5-c08209646187/datanode-5/data/ratis/f0f09204-00dc-42c2-93a8-809bebd223af/current/log_inprogress_0
2019-07-13 09:18:35,512 INFO  segmented.SegmentedRaftLogWorker (SegmentedRaftLogWorker.java:execute(569)) - 34a55eb9-72fe-434e-adc2-b8700a9685da-SegmentedRaftLogWorker:Storage Directory /tmp/workdir/hadoop-ozone/integration-test/target/test-dir/MiniOzoneClusterImpl-f1122ca9-ffeb-42bd-a1c5-c08209646187/datanode-4/data/ratis/f0f09204-00dc-42c2-93a8-809bebd223af: created new log segment /tmp/workdir/hadoop-ozone/integration-test/target/test-dir/MiniOzoneClusterImpl-f1122ca9-ffeb-42bd-a1c5-c08209646187/datanode-4/data/ratis/f0f09204-00dc-42c2-93a8-809bebd223af/current/log_inprogress_0
2019-07-13 09:18:35,512 INFO  segmented.SegmentedRaftLogWorker (SegmentedRaftLogWorker.java:execute(569)) - 9e3b2b9f-0edc-4b89-96b7-ff99211975b8-SegmentedRaftLogWorker:Storage Directory /tmp/workdir/hadoop-ozone/integration-test/target/test-dir/MiniOzoneClusterImpl-f1122ca9-ffeb-42bd-a1c5-c08209646187/datanode-3/data/ratis/f0f09204-00dc-42c2-93a8-809bebd223af: created new log segment /tmp/workdir/hadoop-ozone/integration-test/target/test-dir/MiniOzoneClusterImpl-f1122ca9-ffeb-42bd-a1c5-c08209646187/datanode-3/data/ratis/f0f09204-00dc-42c2-93a8-809bebd223af/current/log_inprogress_0
2019-07-13 09:18:35,546 INFO  impl.FollowerState (FollowerState.java:run(106)) - d4ede211-52eb-4850-b072-4777607c9814:group-869BD0B3D6FC changes to CANDIDATE, lastRpcTime:5019, electionTimeout:5019ms
2019-07-13 09:18:35,546 INFO  impl.RoleInfo (RoleInfo.java:shutdownFollowerState(121)) - d4ede211-52eb-4850-b072-4777607c9814: shutdown FollowerState
2019-07-13 09:18:35,546 INFO  impl.RaftServerImpl (RaftServerImpl.java:setRole(171)) - d4ede211-52eb-4850-b072-4777607c9814:group-869BD0B3D6FC changes role from FOLLOWER to CANDIDATE at term 0 for changeToCandidate
2019-07-13 09:18:35,546 INFO  impl.RoleInfo (RoleInfo.java:updateAndGet(143)) - d4ede211-52eb-4850-b072-4777607c9814: start LeaderElection
2019-07-13 09:18:35,567 INFO  impl.LeaderElection (LeaderElection.java:askForVotes(181)) - d4ede211-52eb-4850-b072-4777607c9814:group-869BD0B3D6FC:LeaderElection99: begin an election at term 1 for -1: [d4ede211-52eb-4850-b072-4777607c9814:192.168.69.96:34625], old=null
2019-07-13 09:18:35,567 INFO  impl.RoleInfo (RoleInfo.java:shutdownLeaderElection(134)) - d4ede211-52eb-4850-b072-4777607c9814: shutdown LeaderElection
2019-07-13 09:18:35,567 INFO  impl.RaftServerImpl (RaftServerImpl.java:setRole(171)) - d4ede211-52eb-4850-b072-4777607c9814:group-869BD0B3D6FC changes role from CANDIDATE to LEADER at term 1 for changeToLeader
2019-07-13 09:18:35,567 INFO  impl.RaftServerImpl (ServerState.java:setLeader(263)) - d4ede211-52eb-4850-b072-4777607c9814:group-869BD0B3D6FC change Leader from null to d4ede211-52eb-4850-b072-4777607c9814 at term 1 for becomeLeader, leader elected after 5044ms
2019-07-13 09:18:35,570 INFO  server.RaftServerConfigKeys (ConfUtils.java:logGet(43)) - raft.server.staging.catchup.gap = 1000 (default)
2019-07-13 09:18:35,570 INFO  server.RaftServerConfigKeys (ConfUtils.java:logGet(43)) - raft.server.rpc.sleep.time = 25ms (default)
2019-07-13 09:18:35,570 INFO  server.RaftServerConfigKeys (ConfUtils.java:logGet(43)) - raft.server.write.element-limit = 4096 (default)
2019-07-13 09:18:35,570 INFO  server.RaftServerConfigKeys (ConfUtils.java:logGet(43)) - raft.server.watch.timeout = 10s (default)
2019-07-13 09:18:35,570 INFO  server.RaftServerConfigKeys (ConfUtils.java:logGet(43)) - raft.server.watch.timeout.denomination = 1s (default)
2019-07-13 09:18:35,570 INFO  server.RaftServerConfigKeys (ConfUtils.java:logGet(43)) - raft.server.watch.element-limit = 65536 (default)
2019-07-13 09:18:35,571 INFO  impl.RoleInfo (RoleInfo.java:updateAndGet(143)) - d4ede211-52eb-4850-b072-4777607c9814: start LeaderState
2019-07-13 09:18:35,571 INFO  segmented.SegmentedRaftLogWorker (SegmentedRaftLogWorker.java:startLogSegment(380)) - d4ede211-52eb-4850-b072-4777607c9814-SegmentedRaftLogWorker:Storage Directory /tmp/workdir/hadoop-ozone/integration-test/target/test-dir/MiniOzoneClusterImpl-f1122ca9-ffeb-42bd-a1c5-c08209646187/datanode-6/data/ratis/6666044a-d735-422a-90f0-869bd0b3d6fc: Starting segment from index:0
2019-07-13 09:18:35,571 INFO  impl.RaftServerImpl (ServerState.java:setRaftConf(361)) - d4ede211-52eb-4850-b072-4777607c9814:group-869BD0B3D6FC set configuration 0: [d4ede211-52eb-4850-b072-4777607c9814:192.168.69.96:34625], old=null at 0
2019-07-13 09:18:35,602 INFO  segmented.SegmentedRaftLogWorker (SegmentedRaftLogWorker.java:execute(569)) - d4ede211-52eb-4850-b072-4777607c9814-SegmentedRaftLogWorker:Storage Directory /tmp/workdir/hadoop-ozone/integration-test/target/test-dir/MiniOzoneClusterImpl-f1122ca9-ffeb-42bd-a1c5-c08209646187/datanode-6/data/ratis/6666044a-d735-422a-90f0-869bd0b3d6fc: created new log segment /tmp/workdir/hadoop-ozone/integration-test/target/test-dir/MiniOzoneClusterImpl-f1122ca9-ffeb-42bd-a1c5-c08209646187/datanode-6/data/ratis/6666044a-d735-422a-90f0-869bd0b3d6fc/current/log_inprogress_0
2019-07-13 09:18:35,646 INFO  client.GrpcClientProtocolClient (GrpcClientProtocolClient.java:onNext(255)) - client-F6E8AF30CCAF->236e68af-7fe1-40c1-8e07-8d5bf4f8457f: receive RaftClientReply:client-F6E8AF30CCAF->236e68af-7fe1-40c1-8e07-8d5bf4f8457f@group-905A922CA967, cid=271, FAILED org.apache.ratis.protocol.NotLeaderException: Server 236e68af-7fe1-40c1-8e07-8d5bf4f8457f is not the leader (9c4b0f75-73d5-4e4c-a19c-00ecb9356573:192.168.69.96:43028). Request must be sent to leader., logIndex=0, commits[236e68af-7fe1-40c1-8e07-8d5bf4f8457f:c-1, 24bd4dfd-32bd-43aa-beef-90ae8c966227:c-1, 9c4b0f75-73d5-4e4c-a19c-00ecb9356573:c-1]
2019-07-13 09:18:35,823 INFO  client.GrpcClientProtocolClient (GrpcClientProtocolClient.java:onNext(255)) - client-F6E8AF30CCAF->9c4b0f75-73d5-4e4c-a19c-00ecb9356573: receive RaftClientReply:client-F6E8AF30CCAF->9c4b0f75-73d5-4e4c-a19c-00ecb9356573@group-905A922CA967, cid=271, SUCCESS, logIndex=1, commits[9c4b0f75-73d5-4e4c-a19c-00ecb9356573:c1, 236e68af-7fe1-40c1-8e07-8d5bf4f8457f:c0, 24bd4dfd-32bd-43aa-beef-90ae8c966227:c0]
2019-07-13 09:18:35,836 INFO  client.GrpcClientProtocolClient (GrpcClientProtocolClient.java:onNext(255)) - client-F6E8AF30CCAF->9c4b0f75-73d5-4e4c-a19c-00ecb9356573: receive RaftClientReply:client-F6E8AF30CCAF->9c4b0f75-73d5-4e4c-a19c-00ecb9356573@group-905A922CA967, cid=272, SUCCESS, logIndex=3, commits[9c4b0f75-73d5-4e4c-a19c-00ecb9356573:c4, 236e68af-7fe1-40c1-8e07-8d5bf4f8457f:c1, 24bd4dfd-32bd-43aa-beef-90ae8c966227:c1]
2019-07-13 09:18:35,880 INFO  client.GrpcClientProtocolClient (GrpcClientProtocolClient.java:onNext(255)) - client-F6E8AF30CCAF->9c4b0f75-73d5-4e4c-a19c-00ecb9356573: receive RaftClientReply:client-F6E8AF30CCAF->9c4b0f75-73d5-4e4c-a19c-00ecb9356573@group-905A922CA967, cid=273, SUCCESS, logIndex=4, commits[9c4b0f75-73d5-4e4c-a19c-00ecb9356573:c6, 236e68af-7fe1-40c1-8e07-8d5bf4f8457f:c4, 24bd4dfd-32bd-43aa-beef-90ae8c966227:c4]
2019-07-13 09:18:35,882 INFO  container.CloseContainerEventHandler (CloseContainerEventHandler.java:onMessage(61)) - Close container Event triggered for container : #1
2019-07-13 09:18:35,882 INFO  container.CloseContainerEventHandler (CloseContainerEventHandler.java:onMessage(61)) - Close container Event triggered for container : #1
2019-07-13 09:18:35,882 INFO  container.CloseContainerEventHandler (CloseContainerEventHandler.java:onMessage(61)) - Close container Event triggered for container : #1
09:18:37.886 [grpc-default-executor-10] ERROR DNAudit - user=null | ip=null | op=WRITE_CHUNK {blockData=conID: 1 locID: 102433391350775831 bcsId: 4} | ret=FAILURE
org.apache.hadoop.hdds.scm.container.common.helpers.ContainerNotOpenException: Container 1 in CLOSED state
	at org.apache.hadoop.ozone.container.common.impl.HddsDispatcher.validateContainerCommand(HddsDispatcher.java:408) ~[hadoop-hdds-container-service-0.5.0-SNAPSHOT.jar:?]
	at org.apache.hadoop.ozone.container.common.transport.server.ratis.ContainerStateMachine.startTransaction(ContainerStateMachine.java:271) ~[hadoop-hdds-container-service-0.5.0-SNAPSHOT.jar:?]
	at org.apache.ratis.server.impl.RaftServerImpl.submitClientRequestAsync(RaftServerImpl.java:566) ~[ratis-server-0.4.0-2337318-SNAPSHOT.jar:0.4.0-2337318-SNAPSHOT]
	at org.apache.ratis.server.impl.RaftServerProxy.lambda$submitClientRequestAsync$7(RaftServerProxy.java:333) ~[ratis-server-0.4.0-2337318-SNAPSHOT.jar:0.4.0-2337318-SNAPSHOT]
	at org.apache.ratis.server.impl.RaftServerProxy.lambda$null$5(RaftServerProxy.java:328) ~[ratis-server-0.4.0-2337318-SNAPSHOT.jar:0.4.0-2337318-SNAPSHOT]
	at org.apache.ratis.util.JavaUtils.callAsUnchecked(JavaUtils.java:109) ~[ratis-common-0.4.0-2337318-SNAPSHOT.jar:0.4.0-2337318-SNAPSHOT]
	at org.apache.ratis.server.impl.RaftServerProxy.lambda$submitRequest$6(RaftServerProxy.java:328) ~[ratis-server-0.4.0-2337318-SNAPSHOT.jar:0.4.0-2337318-SNAPSHOT]
	at java.util.concurrent.CompletableFuture.uniComposeStage(CompletableFuture.java:981) ~[?:1.8.0_212]
	at java.util.concurrent.CompletableFuture.thenCompose(CompletableFuture.java:2124) ~[?:1.8.0_212]
	at org.apache.ratis.server.impl.RaftServerProxy.submitRequest(RaftServerProxy.java:327) ~[ratis-server-0.4.0-2337318-SNAPSHOT.jar:0.4.0-2337318-SNAPSHOT]
	at org.apache.ratis.server.impl.RaftServerProxy.submitClientRequestAsync(RaftServerProxy.java:333) ~[ratis-server-0.4.0-2337318-SNAPSHOT.jar:0.4.0-2337318-SNAPSHOT]
	at org.apache.ratis.grpc.client.GrpcClientProtocolService$RequestStreamObserver.processClientRequest(GrpcClientProtocolService.java:220) ~[ratis-grpc-0.4.0-2337318-SNAPSHOT.jar:0.4.0-2337318-SNAPSHOT]
	at org.apache.ratis.grpc.client.GrpcClientProtocolService$OrderedRequestStreamObserver.processClientRequest(GrpcClientProtocolService.java:326) ~[ratis-grpc-0.4.0-2337318-SNAPSHOT.jar:0.4.0-2337318-SNAPSHOT]
	at org.apache.ratis.util.SlidingWindow$Server.processRequestsFromHead(SlidingWindow.java:429) [ratis-common-0.4.0-2337318-SNAPSHOT.jar:0.4.0-2337318-SNAPSHOT]
	at org.apache.ratis.util.SlidingWindow$Server.receivedRequest(SlidingWindow.java:421) [ratis-common-0.4.0-2337318-SNAPSHOT.jar:0.4.0-2337318-SNAPSHOT]
	at org.apache.ratis.grpc.client.GrpcClientProtocolService$OrderedRequestStreamObserver.processClientRequest(GrpcClientProtocolService.java:345) [ratis-grpc-0.4.0-2337318-SNAPSHOT.jar:0.4.0-2337318-SNAPSHOT]
	at org.apache.ratis.grpc.client.GrpcClientProtocolService$RequestStreamObserver.onNext(GrpcClientProtocolService.java:240) [ratis-grpc-0.4.0-2337318-SNAPSHOT.jar:0.4.0-2337318-SNAPSHOT]
	at org.apache.ratis.grpc.client.GrpcClientProtocolService$RequestStreamObserver.onNext(GrpcClientProtocolService.java:168) [ratis-grpc-0.4.0-2337318-SNAPSHOT.jar:0.4.0-2337318-SNAPSHOT]
	at org.apache.ratis.thirdparty.io.grpc.stub.ServerCalls$StreamingServerCallHandler$StreamingServerCallListener.onMessage(ServerCalls.java:248) [ratis-thirdparty-misc-0.2.0.jar:0.2.0]
	at org.apache.ratis.thirdparty.io.grpc.internal.ServerCallImpl$ServerStreamListenerImpl.messagesAvailable(ServerCallImpl.java:263) [ratis-thirdparty-misc-0.2.0.jar:0.2.0]
	at org.apache.ratis.thirdparty.io.grpc.internal.ServerImpl$JumpToApplicationThreadServerStreamListener$1MessagesAvailable.runInContext(ServerImpl.java:686) [ratis-thirdparty-misc-0.2.0.jar:0.2.0]
	at org.apache.ratis.thirdparty.io.grpc.internal.ContextRunnable.run(ContextRunnable.java:37) [ratis-thirdparty-misc-0.2.0.jar:0.2.0]
	at org.apache.ratis.thirdparty.io.grpc.internal.SerializingExecutor.run(SerializingExecutor.java:123) [ratis-thirdparty-misc-0.2.0.jar:0.2.0]
	at java.util.concurrent.ThreadPoolExecutor.runWorker(ThreadPoolExecutor.java:1149) [?:1.8.0_212]
	at java.util.concurrent.ThreadPoolExecutor$Worker.run(ThreadPoolExecutor.java:624) [?:1.8.0_212]
	at java.lang.Thread.run(Thread.java:748) [?:1.8.0_212]
2019-07-13 09:18:37,892 INFO  interfaces.Container (KeyValueContainer.java:compactDB(356)) - Container 1 is closed with bcsId 4.
09:18:37.893 [grpc-default-executor-10] ERROR DNAudit - user=null | ip=null | op=WRITE_CHUNK {blockData=conID: 1 locID: 102433391350775831 bcsId: 4} | ret=FAILURE
org.apache.hadoop.hdds.scm.container.common.helpers.ContainerNotOpenException: Container 1 in CLOSED state
	at org.apache.hadoop.ozone.container.common.impl.HddsDispatcher.validateContainerCommand(HddsDispatcher.java:408) ~[hadoop-hdds-container-service-0.5.0-SNAPSHOT.jar:?]
	at org.apache.hadoop.ozone.container.common.transport.server.ratis.ContainerStateMachine.startTransaction(ContainerStateMachine.java:271) ~[hadoop-hdds-container-service-0.5.0-SNAPSHOT.jar:?]
	at org.apache.ratis.server.impl.RaftServerImpl.submitClientRequestAsync(RaftServerImpl.java:566) ~[ratis-server-0.4.0-2337318-SNAPSHOT.jar:0.4.0-2337318-SNAPSHOT]
	at org.apache.ratis.server.impl.RaftServerProxy.lambda$submitClientRequestAsync$7(RaftServerProxy.java:333) ~[ratis-server-0.4.0-2337318-SNAPSHOT.jar:0.4.0-2337318-SNAPSHOT]
	at org.apache.ratis.server.impl.RaftServerProxy.lambda$null$5(RaftServerProxy.java:328) ~[ratis-server-0.4.0-2337318-SNAPSHOT.jar:0.4.0-2337318-SNAPSHOT]
	at org.apache.ratis.util.JavaUtils.callAsUnchecked(JavaUtils.java:109) ~[ratis-common-0.4.0-2337318-SNAPSHOT.jar:0.4.0-2337318-SNAPSHOT]
	at org.apache.ratis.server.impl.RaftServerProxy.lambda$submitRequest$6(RaftServerProxy.java:328) ~[ratis-server-0.4.0-2337318-SNAPSHOT.jar:0.4.0-2337318-SNAPSHOT]
	at java.util.concurrent.CompletableFuture.uniComposeStage(CompletableFuture.java:981) ~[?:1.8.0_212]
	at java.util.concurrent.CompletableFuture.thenCompose(CompletableFuture.java:2124) ~[?:1.8.0_212]
	at org.apache.ratis.server.impl.RaftServerProxy.submitRequest(RaftServerProxy.java:327) ~[ratis-server-0.4.0-2337318-SNAPSHOT.jar:0.4.0-2337318-SNAPSHOT]
	at org.apache.ratis.server.impl.RaftServerProxy.submitClientRequestAsync(RaftServerProxy.java:333) ~[ratis-server-0.4.0-2337318-SNAPSHOT.jar:0.4.0-2337318-SNAPSHOT]
	at org.apache.ratis.grpc.client.GrpcClientProtocolService$RequestStreamObserver.processClientRequest(GrpcClientProtocolService.java:220) ~[ratis-grpc-0.4.0-2337318-SNAPSHOT.jar:0.4.0-2337318-SNAPSHOT]
	at org.apache.ratis.grpc.client.GrpcClientProtocolService$OrderedRequestStreamObserver.processClientRequest(GrpcClientProtocolService.java:326) ~[ratis-grpc-0.4.0-2337318-SNAPSHOT.jar:0.4.0-2337318-SNAPSHOT]
	at org.apache.ratis.util.SlidingWindow$Server.processRequestsFromHead(SlidingWindow.java:429) [ratis-common-0.4.0-2337318-SNAPSHOT.jar:0.4.0-2337318-SNAPSHOT]
	at org.apache.ratis.util.SlidingWindow$Server.receivedRequest(SlidingWindow.java:421) [ratis-common-0.4.0-2337318-SNAPSHOT.jar:0.4.0-2337318-SNAPSHOT]
	at org.apache.ratis.grpc.client.GrpcClientProtocolService$OrderedRequestStreamObserver.processClientRequest(GrpcClientProtocolService.java:345) [ratis-grpc-0.4.0-2337318-SNAPSHOT.jar:0.4.0-2337318-SNAPSHOT]
	at org.apache.ratis.grpc.client.GrpcClientProtocolService$RequestStreamObserver.onNext(GrpcClientProtocolService.java:240) [ratis-grpc-0.4.0-2337318-SNAPSHOT.jar:0.4.0-2337318-SNAPSHOT]
	at org.apache.ratis.grpc.client.GrpcClientProtocolService$RequestStreamObserver.onNext(GrpcClientProtocolService.java:168) [ratis-grpc-0.4.0-2337318-SNAPSHOT.jar:0.4.0-2337318-SNAPSHOT]
	at org.apache.ratis.thirdparty.io.grpc.stub.ServerCalls$StreamingServerCallHandler$StreamingServerCallListener.onMessage(ServerCalls.java:248) [ratis-thirdparty-misc-0.2.0.jar:0.2.0]
	at org.apache.ratis.thirdparty.io.grpc.internal.ServerCallImpl$ServerStreamListenerImpl.messagesAvailable(ServerCallImpl.java:263) [ratis-thirdparty-misc-0.2.0.jar:0.2.0]
	at org.apache.ratis.thirdparty.io.grpc.internal.ServerImpl$JumpToApplicationThreadServerStreamListener$1MessagesAvailable.runInContext(ServerImpl.java:686) [ratis-thirdparty-misc-0.2.0.jar:0.2.0]
	at org.apache.ratis.thirdparty.io.grpc.internal.ContextRunnable.run(ContextRunnable.java:37) [ratis-thirdparty-misc-0.2.0.jar:0.2.0]
	at org.apache.ratis.thirdparty.io.grpc.internal.SerializingExecutor.run(SerializingExecutor.java:123) [ratis-thirdparty-misc-0.2.0.jar:0.2.0]
	at java.util.concurrent.ThreadPoolExecutor.runWorker(ThreadPoolExecutor.java:1149) [?:1.8.0_212]
	at java.util.concurrent.ThreadPoolExecutor$Worker.run(ThreadPoolExecutor.java:624) [?:1.8.0_212]
	at java.lang.Thread.run(Thread.java:748) [?:1.8.0_212]
2019-07-13 09:18:37,894 INFO  client.GrpcClientProtocolClient (GrpcClientProtocolClient.java:onNext(255)) - client-F6E8AF30CCAF->9c4b0f75-73d5-4e4c-a19c-00ecb9356573: receive RaftClientReply:client-F6E8AF30CCAF->9c4b0f75-73d5-4e4c-a19c-00ecb9356573@group-905A922CA967, cid=274, FAILED org.apache.ratis.protocol.StateMachineException: org.apache.hadoop.hdds.scm.container.common.helpers.ContainerNotOpenException from Server 9c4b0f75-73d5-4e4c-a19c-00ecb9356573: Container 1 in CLOSED state, logIndex=0, commits[9c4b0f75-73d5-4e4c-a19c-00ecb9356573:c8, 236e68af-7fe1-40c1-8e07-8d5bf4f8457f:c7, 24bd4dfd-32bd-43aa-beef-90ae8c966227:c7]
2019-07-13 09:18:37,897 INFO  interfaces.Container (KeyValueContainer.java:compactDB(356)) - Container 1 is closed with bcsId 4.
2019-07-13 09:18:37,901 INFO  client.GrpcClientProtocolClient (GrpcClientProtocolClient.java:onNext(255)) - client-F6E8AF30CCAF->9c4b0f75-73d5-4e4c-a19c-00ecb9356573: receive RaftClientReply:client-F6E8AF30CCAF->9c4b0f75-73d5-4e4c-a19c-00ecb9356573@group-905A922CA967, cid=275, FAILED org.apache.ratis.protocol.StateMachineException: org.apache.hadoop.hdds.scm.container.common.helpers.ContainerNotOpenException from Server 9c4b0f75-73d5-4e4c-a19c-00ecb9356573: Container 1 in CLOSED state, logIndex=0, commits[9c4b0f75-73d5-4e4c-a19c-00ecb9356573:c8, 236e68af-7fe1-40c1-8e07-8d5bf4f8457f:c7, 24bd4dfd-32bd-43aa-beef-90ae8c966227:c7]
09:18:37.901 [grpc-default-executor-10] ERROR DNAudit - user=null | ip=null | op=PUT_BLOCK {blockData=[blockId=conID: 1 locID: 102433391350775831 bcsId: 0,size=334]} | ret=FAILURE
org.apache.hadoop.hdds.scm.container.common.helpers.ContainerNotOpenException: Container 1 in CLOSED state
	at org.apache.hadoop.ozone.container.common.impl.HddsDispatcher.validateContainerCommand(HddsDispatcher.java:408) ~[hadoop-hdds-container-service-0.5.0-SNAPSHOT.jar:?]
	at org.apache.hadoop.ozone.container.common.transport.server.ratis.ContainerStateMachine.startTransaction(ContainerStateMachine.java:271) ~[hadoop-hdds-container-service-0.5.0-SNAPSHOT.jar:?]
	at org.apache.ratis.server.impl.RaftServerImpl.submitClientRequestAsync(RaftServerImpl.java:566) ~[ratis-server-0.4.0-2337318-SNAPSHOT.jar:0.4.0-2337318-SNAPSHOT]
	at org.apache.ratis.server.impl.RaftServerProxy.lambda$submitClientRequestAsync$7(RaftServerProxy.java:333) ~[ratis-server-0.4.0-2337318-SNAPSHOT.jar:0.4.0-2337318-SNAPSHOT]
	at org.apache.ratis.server.impl.RaftServerProxy.lambda$null$5(RaftServerProxy.java:328) ~[ratis-server-0.4.0-2337318-SNAPSHOT.jar:0.4.0-2337318-SNAPSHOT]
	at org.apache.ratis.util.JavaUtils.callAsUnchecked(JavaUtils.java:109) ~[ratis-common-0.4.0-2337318-SNAPSHOT.jar:0.4.0-2337318-SNAPSHOT]
	at org.apache.ratis.server.impl.RaftServerProxy.lambda$submitRequest$6(RaftServerProxy.java:328) ~[ratis-server-0.4.0-2337318-SNAPSHOT.jar:0.4.0-2337318-SNAPSHOT]
	at java.util.concurrent.CompletableFuture.uniComposeStage(CompletableFuture.java:981) ~[?:1.8.0_212]
	at java.util.concurrent.CompletableFuture.thenCompose(CompletableFuture.java:2124) ~[?:1.8.0_212]
	at org.apache.ratis.server.impl.RaftServerProxy.submitRequest(RaftServerProxy.java:327) ~[ratis-server-0.4.0-2337318-SNAPSHOT.jar:0.4.0-2337318-SNAPSHOT]
	at org.apache.ratis.server.impl.RaftServerProxy.submitClientRequestAsync(RaftServerProxy.java:333) ~[ratis-server-0.4.0-2337318-SNAPSHOT.jar:0.4.0-2337318-SNAPSHOT]
	at org.apache.ratis.grpc.client.GrpcClientProtocolService$RequestStreamObserver.processClientRequest(GrpcClientProtocolService.java:220) ~[ratis-grpc-0.4.0-2337318-SNAPSHOT.jar:0.4.0-2337318-SNAPSHOT]
	at org.apache.ratis.grpc.client.GrpcClientProtocolService$OrderedRequestStreamObserver.processClientRequest(GrpcClientProtocolService.java:326) ~[ratis-grpc-0.4.0-2337318-SNAPSHOT.jar:0.4.0-2337318-SNAPSHOT]
	at org.apache.ratis.util.SlidingWindow$Server.processRequestsFromHead(SlidingWindow.java:429) [ratis-common-0.4.0-2337318-SNAPSHOT.jar:0.4.0-2337318-SNAPSHOT]
	at org.apache.ratis.util.SlidingWindow$Server.receivedRequest(SlidingWindow.java:421) [ratis-common-0.4.0-2337318-SNAPSHOT.jar:0.4.0-2337318-SNAPSHOT]
	at org.apache.ratis.grpc.client.GrpcClientProtocolService$OrderedRequestStreamObserver.processClientRequest(GrpcClientProtocolService.java:345) [ratis-grpc-0.4.0-2337318-SNAPSHOT.jar:0.4.0-2337318-SNAPSHOT]
	at org.apache.ratis.grpc.client.GrpcClientProtocolService$RequestStreamObserver.onNext(GrpcClientProtocolService.java:240) [ratis-grpc-0.4.0-2337318-SNAPSHOT.jar:0.4.0-2337318-SNAPSHOT]
	at org.apache.ratis.grpc.client.GrpcClientProtocolService$RequestStreamObserver.onNext(GrpcClientProtocolService.java:168) [ratis-grpc-0.4.0-2337318-SNAPSHOT.jar:0.4.0-2337318-SNAPSHOT]
	at org.apache.ratis.thirdparty.io.grpc.stub.ServerCalls$StreamingServerCallHandler$StreamingServerCallListener.onMessage(ServerCalls.java:248) [ratis-thirdparty-misc-0.2.0.jar:0.2.0]
	at org.apache.ratis.thirdparty.io.grpc.internal.ServerCallImpl$ServerStreamListenerImpl.messagesAvailable(ServerCallImpl.java:263) [ratis-thirdparty-misc-0.2.0.jar:0.2.0]
	at org.apache.ratis.thirdparty.io.grpc.internal.ServerImpl$JumpToApplicationThreadServerStreamListener$1MessagesAvailable.runInContext(ServerImpl.java:686) [ratis-thirdparty-misc-0.2.0.jar:0.2.0]
	at org.apache.ratis.thirdparty.io.grpc.internal.ContextRunnable.run(ContextRunnable.java:37) [ratis-thirdparty-misc-0.2.0.jar:0.2.0]
	at org.apache.ratis.thirdparty.io.grpc.internal.SerializingExecutor.run(SerializingExecutor.java:123) [ratis-thirdparty-misc-0.2.0.jar:0.2.0]
	at java.util.concurrent.ThreadPoolExecutor.runWorker(ThreadPoolExecutor.java:1149) [?:1.8.0_212]
	at java.util.concurrent.ThreadPoolExecutor$Worker.run(ThreadPoolExecutor.java:624) [?:1.8.0_212]
	at java.lang.Thread.run(Thread.java:748) [?:1.8.0_212]
2019-07-13 09:18:37,908 INFO  interfaces.Container (KeyValueContainer.java:compactDB(356)) - Container 1 is closed with bcsId 4.
2019-07-13 09:18:37,908 INFO  client.GrpcClientProtocolClient (GrpcClientProtocolClient.java:onNext(255)) - client-F6E8AF30CCAF->9c4b0f75-73d5-4e4c-a19c-00ecb9356573: receive RaftClientReply:client-F6E8AF30CCAF->9c4b0f75-73d5-4e4c-a19c-00ecb9356573@group-905A922CA967, cid=276, FAILED org.apache.ratis.protocol.StateMachineException: org.apache.hadoop.hdds.scm.container.common.helpers.ContainerNotOpenException from Server 9c4b0f75-73d5-4e4c-a19c-00ecb9356573: Container 1 in CLOSED state, logIndex=0, commits[9c4b0f75-73d5-4e4c-a19c-00ecb9356573:c8, 236e68af-7fe1-40c1-8e07-8d5bf4f8457f:c7, 24bd4dfd-32bd-43aa-beef-90ae8c966227:c7]
2019-07-13 09:18:37,931 INFO  client.GrpcClientProtocolClient (GrpcClientProtocolClient.java:onNext(255)) - client-98D1159D417D->34a55eb9-72fe-434e-adc2-b8700a9685da: receive RaftClientReply:client-98D1159D417D->34a55eb9-72fe-434e-adc2-b8700a9685da@group-809BEBD223AF, cid=277, FAILED org.apache.ratis.protocol.NotLeaderException: Server 34a55eb9-72fe-434e-adc2-b8700a9685da is not the leader (fd5c425d-5e71-4feb-9d85-6dad5dc05c67:192.168.69.96:42222). Request must be sent to leader., logIndex=0, commits[34a55eb9-72fe-434e-adc2-b8700a9685da:c-1, 9e3b2b9f-0edc-4b89-96b7-ff99211975b8:c-1, fd5c425d-5e71-4feb-9d85-6dad5dc05c67:c-1]
2019-07-13 09:18:38,049 INFO  client.GrpcClientProtocolClient (GrpcClientProtocolClient.java:onNext(255)) - client-98D1159D417D->fd5c425d-5e71-4feb-9d85-6dad5dc05c67: receive RaftClientReply:client-98D1159D417D->fd5c425d-5e71-4feb-9d85-6dad5dc05c67@group-809BEBD223AF, cid=277, SUCCESS, logIndex=1, commits[fd5c425d-5e71-4feb-9d85-6dad5dc05c67:c1, 9e3b2b9f-0edc-4b89-96b7-ff99211975b8:c-1, 34a55eb9-72fe-434e-adc2-b8700a9685da:c0]
2019-07-13 09:18:38,068 INFO  client.GrpcClientProtocolClient (GrpcClientProtocolClient.java:onNext(255)) - client-98D1159D417D->fd5c425d-5e71-4feb-9d85-6dad5dc05c67: receive RaftClientReply:client-98D1159D417D->fd5c425d-5e71-4feb-9d85-6dad5dc05c67@group-809BEBD223AF, cid=278, SUCCESS, logIndex=3, commits[fd5c425d-5e71-4feb-9d85-6dad5dc05c67:c4, 9e3b2b9f-0edc-4b89-96b7-ff99211975b8:c1, 34a55eb9-72fe-434e-adc2-b8700a9685da:c2]
2019-07-13 09:18:38,115 INFO  client.GrpcClientProtocolClient (GrpcClientProtocolClient.java:onNext(255)) - client-98D1159D417D->fd5c425d-5e71-4feb-9d85-6dad5dc05c67: receive RaftClientReply:client-98D1159D417D->fd5c425d-5e71-4feb-9d85-6dad5dc05c67@group-809BEBD223AF, cid=279, SUCCESS, logIndex=4, commits[fd5c425d-5e71-4feb-9d85-6dad5dc05c67:c6, 9e3b2b9f-0edc-4b89-96b7-ff99211975b8:c4, 34a55eb9-72fe-434e-adc2-b8700a9685da:c4]
2019-07-13 09:18:38,131 INFO  pipeline.Pipeline (Pipeline.java:getProtobufMessage(195)) - Serialize pipeline PipelineID=f0f09204-00dc-42c2-93a8-809bebd223af with nodesInOrder{ }
2019-07-13 09:18:38,132 INFO  ozone.MiniOzoneClusterImpl (MiniOzoneClusterImpl.java:shutdown(321)) - Shutting down the Mini Ozone Cluster
2019-07-13 09:18:38,132 INFO  ozone.MiniOzoneClusterImpl (MiniOzoneClusterImpl.java:stop(336)) - Stopping the Mini Ozone Cluster
2019-07-13 09:18:38,133 INFO  ozone.MiniOzoneClusterImpl (MiniOzoneClusterImpl.java:stop(338)) - Stopping the OzoneManager
2019-07-13 09:18:38,133 INFO  ipc.Server (Server.java:stop(3082)) - Stopping server on 36935
2019-07-13 09:18:38,166 INFO  ipc.Server (Server.java:run(1185)) - Stopping IPC Server listener on 36935
2019-07-13 09:18:38,166 INFO  ipc.Server (Server.java:run(1319)) - Stopping IPC Server Responder
2019-07-13 09:18:38,166 INFO  utils.BackgroundService (BackgroundService.java:shutdown(148)) - Shutting down service KeyDeletingService
2019-07-13 09:18:38,169 INFO  handler.ContextHandler (ContextHandler.java:doStop(910)) - Stopped o.e.j.w.WebAppContext@728ad254{/,null,UNAVAILABLE}{/ozoneManager}
2019-07-13 09:18:38,169 INFO  server.AbstractConnector (AbstractConnector.java:doStop(318)) - Stopped ServerConnector@3b590d21{HTTP/1.1,[http/1.1]}{0.0.0.0:0}
2019-07-13 09:18:38,170 INFO  handler.ContextHandler (ContextHandler.java:doStop(910)) - Stopped o.e.j.s.ServletContextHandler@2a654167{/static,file:///tmp/workdir/hadoop-ozone/integration-test/target/test-classes/webapps/static,UNAVAILABLE}
2019-07-13 09:18:38,170 INFO  handler.ContextHandler (ContextHandler.java:doStop(910)) - Stopped o.e.j.s.ServletContextHandler@4ff2ac2d{/logs,file:///tmp/workdir/hadoop-ozone/integration-test/target/log,UNAVAILABLE}
2019-07-13 09:18:38,184 INFO  ozone.MiniOzoneClusterImpl (MiniOzoneClusterImpl.java:stop(344)) - Shutting the HddsDatanodes
2019-07-13 09:18:38,185 INFO  datanode.ObjectStoreHandler (ObjectStoreHandler.java:close(155)) - Closing ObjectStoreHandler.
2019-07-13 09:18:38,185 INFO  datanode.ObjectStoreHandler (ObjectStoreHandler.java:close(155)) - Closing ObjectStoreHandler.
2019-07-13 09:18:38,185 INFO  ozone.HddsDatanodeService (HddsDatanodeService.java:stop(452)) - Stopped plug-in org.apache.hadoop.ozone.web.OzoneHddsDatanodeService@3a7ba368
2019-07-13 09:18:38,185 INFO  ozone.HddsDatanodeService (HddsDatanodeService.java:stop(452)) - Stopped plug-in org.apache.hadoop.ozone.web.OzoneHddsDatanodeService@c512269
2019-07-13 09:18:38,893 INFO  statemachine.DatanodeStateMachine (DatanodeStateMachine.java:lambda$startDaemon$0(350)) - Ozone container server started.
2019-07-13 09:18:39,041 INFO  statemachine.DatanodeStateMachine (DatanodeStateMachine.java:lambda$startDaemon$0(350)) - Ozone container server started.
2019-07-13 09:18:42,938 INFO  node.StaleNodeHandler (StaleNodeHandler.java:onMessage(58)) - Datanode 9c4b0f75-73d5-4e4c-a19c-00ecb9356573{ip: 192.168.69.96, host: trunk-nightly-hmp62-43275749, networkLocation: /default-rack, certSerialId: null} moved to stale state. Finalizing its pipelines [PipelineID=af34c1d2-edd8-494d-996b-c84096776c97, PipelineID=da87b7ef-0746-4a2b-811b-905a922ca967]
2019-07-13 09:18:42,938 INFO  pipeline.SCMPipelineManager (SCMPipelineManager.java:finalizeAndDestroyPipeline(309)) - destroying pipeline:Pipeline[ Id: af34c1d2-edd8-494d-996b-c84096776c97, Nodes: 9c4b0f75-73d5-4e4c-a19c-00ecb9356573{ip: 192.168.69.96, host: trunk-nightly-hmp62-43275749, networkLocation: /default-rack, certSerialId: null}, Type:RATIS, Factor:ONE, State:OPEN]
2019-07-13 09:18:42,938 INFO  pipeline.PipelineStateManager (PipelineStateManager.java:finalizePipeline(123)) - Pipeline Pipeline[ Id: af34c1d2-edd8-494d-996b-c84096776c97, Nodes: 9c4b0f75-73d5-4e4c-a19c-00ecb9356573{ip: 192.168.69.96, host: trunk-nightly-hmp62-43275749, networkLocation: /default-rack, certSerialId: null}, Type:RATIS, Factor:ONE, State:CLOSED] moved to CLOSED state
2019-07-13 09:18:42,939 INFO  pipeline.SCMPipelineManager (SCMPipelineManager.java:finalizeAndDestroyPipeline(309)) - destroying pipeline:Pipeline[ Id: da87b7ef-0746-4a2b-811b-905a922ca967, Nodes: 9c4b0f75-73d5-4e4c-a19c-00ecb9356573{ip: 192.168.69.96, host: trunk-nightly-hmp62-43275749, networkLocation: /default-rack, certSerialId: null}24bd4dfd-32bd-43aa-beef-90ae8c966227{ip: 192.168.69.96, host: trunk-nightly-hmp62-43275749, networkLocation: /default-rack, certSerialId: null}236e68af-7fe1-40c1-8e07-8d5bf4f8457f{ip: 192.168.69.96, host: trunk-nightly-hmp62-43275749, networkLocation: /default-rack, certSerialId: null}, Type:RATIS, Factor:THREE, State:OPEN]
2019-07-13 09:18:42,939 INFO  pipeline.PipelineStateManager (PipelineStateManager.java:finalizePipeline(123)) - Pipeline Pipeline[ Id: da87b7ef-0746-4a2b-811b-905a922ca967, Nodes: 9c4b0f75-73d5-4e4c-a19c-00ecb9356573{ip: 192.168.69.96, host: trunk-nightly-hmp62-43275749, networkLocation: /default-rack, certSerialId: null}24bd4dfd-32bd-43aa-beef-90ae8c966227{ip: 192.168.69.96, host: trunk-nightly-hmp62-43275749, networkLocation: /default-rack, certSerialId: null}236e68af-7fe1-40c1-8e07-8d5bf4f8457f{ip: 192.168.69.96, host: trunk-nightly-hmp62-43275749, networkLocation: /default-rack, certSerialId: null}, Type:RATIS, Factor:THREE, State:CLOSED] moved to CLOSED state
2019-07-13 09:18:43,138 INFO  node.StaleNodeHandler (StaleNodeHandler.java:onMessage(58)) - Datanode 34a55eb9-72fe-434e-adc2-b8700a9685da{ip: 192.168.69.96, host: trunk-nightly-hmp62-43275749, networkLocation: /default-rack, certSerialId: null} moved to stale state. Finalizing its pipelines [PipelineID=f0f09204-00dc-42c2-93a8-809bebd223af, PipelineID=449f98e1-6864-498c-8e5b-4cfc92e69210]
2019-07-13 09:18:43,138 INFO  pipeline.SCMPipelineManager (SCMPipelineManager.java:finalizeAndDestroyPipeline(309)) - destroying pipeline:Pipeline[ Id: f0f09204-00dc-42c2-93a8-809bebd223af, Nodes: 34a55eb9-72fe-434e-adc2-b8700a9685da{ip: 192.168.69.96, host: trunk-nightly-hmp62-43275749, networkLocation: /default-rack, certSerialId: null}fd5c425d-5e71-4feb-9d85-6dad5dc05c67{ip: 192.168.69.96, host: trunk-nightly-hmp62-43275749, networkLocation: /default-rack, certSerialId: null}9e3b2b9f-0edc-4b89-96b7-ff99211975b8{ip: 192.168.69.96, host: trunk-nightly-hmp62-43275749, networkLocation: /default-rack, certSerialId: null}, Type:RATIS, Factor:THREE, State:OPEN]
2019-07-13 09:18:43,139 INFO  pipeline.PipelineStateManager (PipelineStateManager.java:finalizePipeline(123)) - Pipeline Pipeline[ Id: f0f09204-00dc-42c2-93a8-809bebd223af, Nodes: 34a55eb9-72fe-434e-adc2-b8700a9685da{ip: 192.168.69.96, host: trunk-nightly-hmp62-43275749, networkLocation: /default-rack, certSerialId: null}fd5c425d-5e71-4feb-9d85-6dad5dc05c67{ip: 192.168.69.96, host: trunk-nightly-hmp62-43275749, networkLocation: /default-rack, certSerialId: null}9e3b2b9f-0edc-4b89-96b7-ff99211975b8{ip: 192.168.69.96, host: trunk-nightly-hmp62-43275749, networkLocation: /default-rack, certSerialId: null}, Type:RATIS, Factor:THREE, State:CLOSED] moved to CLOSED state
2019-07-13 09:18:43,139 INFO  container.CloseContainerEventHandler (CloseContainerEventHandler.java:onMessage(61)) - Close container Event triggered for container : #2
2019-07-13 09:18:43,139 INFO  pipeline.SCMPipelineManager (SCMPipelineManager.java:finalizeAndDestroyPipeline(309)) - destroying pipeline:Pipeline[ Id: 449f98e1-6864-498c-8e5b-4cfc92e69210, Nodes: 34a55eb9-72fe-434e-adc2-b8700a9685da{ip: 192.168.69.96, host: trunk-nightly-hmp62-43275749, networkLocation: /default-rack, certSerialId: null}, Type:RATIS, Factor:ONE, State:OPEN]
2019-07-13 09:18:43,139 INFO  pipeline.PipelineStateManager (PipelineStateManager.java:finalizePipeline(123)) - Pipeline Pipeline[ Id: 449f98e1-6864-498c-8e5b-4cfc92e69210, Nodes: 34a55eb9-72fe-434e-adc2-b8700a9685da{ip: 192.168.69.96, host: trunk-nightly-hmp62-43275749, networkLocation: /default-rack, certSerialId: null}, Type:RATIS, Factor:ONE, State:CLOSED] moved to CLOSED state
2019-07-13 09:18:43,186 INFO  ozoneimpl.OzoneContainer (OzoneContainer.java:stop(199)) - Attempting to stop container services.
2019-07-13 09:18:43,186 INFO  ozoneimpl.OzoneContainer (OzoneContainer.java:stop(199)) - Attempting to stop container services.
2019-07-13 09:18:43,186 INFO  impl.RaftServerProxy (RaftServerProxy.java:lambda$close$4(314)) - 9c4b0f75-73d5-4e4c-a19c-00ecb9356573: close
2019-07-13 09:18:43,187 INFO  impl.RaftServerProxy (RaftServerProxy.java:lambda$close$4(314)) - 34a55eb9-72fe-434e-adc2-b8700a9685da: close
2019-07-13 09:18:43,187 INFO  impl.RaftServerImpl (RaftServerImpl.java:lambda$shutdown$3(245)) - 9c4b0f75-73d5-4e4c-a19c-00ecb9356573: shutdown group-C84096776C97
2019-07-13 09:18:43,187 INFO  impl.RaftServerImpl (RaftServerImpl.java:lambda$shutdown$3(245)) - 34a55eb9-72fe-434e-adc2-b8700a9685da: shutdown group-809BEBD223AF
2019-07-13 09:18:43,188 INFO  util.JmxRegister (JmxRegister.java:unregister(73)) - Successfully un-registered JMX Bean with object name Ratis:service=RaftServer,group=group-C84096776C97,id=9c4b0f75-73d5-4e4c-a19c-00ecb9356573
2019-07-13 09:18:43,188 INFO  util.JmxRegister (JmxRegister.java:unregister(73)) - Successfully un-registered JMX Bean with object name Ratis:service=RaftServer,group=group-809BEBD223AF,id=34a55eb9-72fe-434e-adc2-b8700a9685da
2019-07-13 09:18:43,189 INFO  impl.RoleInfo (RoleInfo.java:shutdownFollowerState(121)) - 34a55eb9-72fe-434e-adc2-b8700a9685da: shutdown FollowerState
2019-07-13 09:18:43,189 INFO  impl.StateMachineUpdater (StateMachineUpdater.java:stopAndJoin(115)) - StateMachineUpdater:34a55eb9-72fe-434e-adc2-b8700a9685da:group-809BEBD223AF: set stopIndex = 6
2019-07-13 09:18:43,188 INFO  impl.RoleInfo (RoleInfo.java:shutdownLeaderState(104)) - 9c4b0f75-73d5-4e4c-a19c-00ecb9356573: shutdown LeaderState
2019-07-13 09:18:43,189 INFO  impl.FollowerState (FollowerState.java:run(114)) - 34a55eb9-72fe-434e-adc2-b8700a9685da: FollowerState was interrupted: java.lang.InterruptedException: sleep interrupted
2019-07-13 09:18:43,189 INFO  ratis.ContainerStateMachine (ContainerStateMachine.java:takeSnapshot(246)) - Taking snapshot at termIndex:(t:1, i:4)
2019-07-13 09:18:43,190 INFO  impl.PendingRequests (PendingRequests.java:sendNotLeaderResponses(202)) - 9c4b0f75-73d5-4e4c-a19c-00ecb9356573-PendingRequests: sendNotLeaderResponses
2019-07-13 09:18:43,194 INFO  ratis.ContainerStateMachine (ContainerStateMachine.java:takeSnapshot(250)) - Taking a snapshot to file /tmp/workdir/hadoop-ozone/integration-test/target/test-dir/MiniOzoneClusterImpl-f1122ca9-ffeb-42bd-a1c5-c08209646187/datanode-4/data/ratis/f0f09204-00dc-42c2-93a8-809bebd223af/sm/snapshot.1_4
2019-07-13 09:18:43,194 INFO  impl.StateMachineUpdater (StateMachineUpdater.java:stopAndJoin(115)) - StateMachineUpdater:9c4b0f75-73d5-4e4c-a19c-00ecb9356573:group-C84096776C97: set stopIndex = 0
2019-07-13 09:18:43,195 INFO  ratis.ContainerStateMachine (ContainerStateMachine.java:takeSnapshot(246)) - Taking snapshot at termIndex:(t:0, i:~)
2019-07-13 09:18:43,195 INFO  impl.StateMachineUpdater (StateMachineUpdater.java:takeSnapshot(242)) - StateMachineUpdater:34a55eb9-72fe-434e-adc2-b8700a9685da:group-809BEBD223AF: Took a snapshot at index 4
2019-07-13 09:18:43,195 INFO  impl.RaftServerImpl (ServerState.java:close(394)) - 9c4b0f75-73d5-4e4c-a19c-00ecb9356573:group-C84096776C97 closes. The last applied log index is 0
2019-07-13 09:18:43,195 INFO  impl.StateMachineUpdater (StateMachineUpdater.java:lambda$new$0(80)) - StateMachineUpdater:34a55eb9-72fe-434e-adc2-b8700a9685da:group-809BEBD223AF: snapshotIndex: updateIncreasingly -1 -> 4
2019-07-13 09:18:43,196 INFO  segmented.SegmentedRaftLogWorker (SegmentedRaftLogWorker.java:run(313)) - 9c4b0f75-73d5-4e4c-a19c-00ecb9356573-SegmentedRaftLogWorker:Storage Directory /tmp/workdir/hadoop-ozone/integration-test/target/test-dir/MiniOzoneClusterImpl-f1122ca9-ffeb-42bd-a1c5-c08209646187/datanode-1/data/ratis/af34c1d2-edd8-494d-996b-c84096776c97 was interrupted, exiting. There are 0 tasks remaining in the queue.
2019-07-13 09:18:43,196 INFO  impl.RaftServerImpl (ServerState.java:close(394)) - 34a55eb9-72fe-434e-adc2-b8700a9685da:group-809BEBD223AF closes. The last applied log index is 6
2019-07-13 09:18:43,198 INFO  segmented.SegmentedRaftLogWorker (SegmentedRaftLogWorker.java:close(228)) - 9c4b0f75-73d5-4e4c-a19c-00ecb9356573-SegmentedRaftLogWorker:Storage Directory /tmp/workdir/hadoop-ozone/integration-test/target/test-dir/MiniOzoneClusterImpl-f1122ca9-ffeb-42bd-a1c5-c08209646187/datanode-1/data/ratis/af34c1d2-edd8-494d-996b-c84096776c97 close()
2019-07-13 09:18:43,199 INFO  segmented.SegmentedRaftLogWorker (SegmentedRaftLogWorker.java:run(313)) - 34a55eb9-72fe-434e-adc2-b8700a9685da-SegmentedRaftLogWorker:Storage Directory /tmp/workdir/hadoop-ozone/integration-test/target/test-dir/MiniOzoneClusterImpl-f1122ca9-ffeb-42bd-a1c5-c08209646187/datanode-4/data/ratis/f0f09204-00dc-42c2-93a8-809bebd223af was interrupted, exiting. There are 0 tasks remaining in the queue.
2019-07-13 09:18:43,203 INFO  impl.RaftServerImpl (RaftServerImpl.java:lambda$shutdown$3(245)) - 9c4b0f75-73d5-4e4c-a19c-00ecb9356573: shutdown group-905A922CA967
2019-07-13 09:18:43,206 INFO  segmented.SegmentedRaftLogWorker (SegmentedRaftLogWorker.java:close(228)) - 34a55eb9-72fe-434e-adc2-b8700a9685da-SegmentedRaftLogWorker:Storage Directory /tmp/workdir/hadoop-ozone/integration-test/target/test-dir/MiniOzoneClusterImpl-f1122ca9-ffeb-42bd-a1c5-c08209646187/datanode-4/data/ratis/f0f09204-00dc-42c2-93a8-809bebd223af close()
2019-07-13 09:18:43,206 INFO  util.JmxRegister (JmxRegister.java:unregister(73)) - Successfully un-registered JMX Bean with object name Ratis:service=RaftServer,group=group-905A922CA967,id=9c4b0f75-73d5-4e4c-a19c-00ecb9356573
2019-07-13 09:18:43,211 INFO  impl.RaftServerImpl (RaftServerImpl.java:lambda$shutdown$3(245)) - 34a55eb9-72fe-434e-adc2-b8700a9685da: shutdown group-4CFC92E69210
2019-07-13 09:18:43,211 INFO  impl.RoleInfo (RoleInfo.java:shutdownLeaderState(104)) - 9c4b0f75-73d5-4e4c-a19c-00ecb9356573: shutdown LeaderState
2019-07-13 09:18:43,212 INFO  util.JmxRegister (JmxRegister.java:unregister(73)) - Successfully un-registered JMX Bean with object name Ratis:service=RaftServer,group=group-4CFC92E69210,id=34a55eb9-72fe-434e-adc2-b8700a9685da
2019-07-13 09:18:43,216 WARN  server.GrpcLogAppender (GrpcLogAppender.java:mayWait(143)) - GrpcLogAppender(9c4b0f75-73d5-4e4c-a19c-00ecb9356573->236e68af-7fe1-40c1-8e07-8d5bf4f8457f): Wait interrupted by java.lang.InterruptedException
2019-07-13 09:18:43,216 WARN  server.GrpcLogAppender (GrpcLogAppender.java:mayWait(143)) - GrpcLogAppender(9c4b0f75-73d5-4e4c-a19c-00ecb9356573->24bd4dfd-32bd-43aa-beef-90ae8c966227): Wait interrupted by java.lang.InterruptedException
2019-07-13 09:18:43,216 INFO  impl.PendingRequests (PendingRequests.java:sendNotLeaderResponses(202)) - 9c4b0f75-73d5-4e4c-a19c-00ecb9356573-PendingRequests: sendNotLeaderResponses
2019-07-13 09:18:43,217 INFO  server.GrpcServerProtocolService (GrpcServerProtocolService.java:onCompleted(104)) - 24bd4dfd-32bd-43aa-beef-90ae8c966227: appendEntries completed
2019-07-13 09:18:43,217 INFO  server.GrpcServerProtocolService (GrpcServerProtocolService.java:onCompleted(104)) - 236e68af-7fe1-40c1-8e07-8d5bf4f8457f: appendEntries completed
2019-07-13 09:18:43,216 INFO  impl.RoleInfo (RoleInfo.java:shutdownLeaderState(104)) - 34a55eb9-72fe-434e-adc2-b8700a9685da: shutdown LeaderState
2019-07-13 09:18:43,222 INFO  server.GrpcLogAppender (GrpcLogAppender.java:onCompleted(292)) - 9c4b0f75-73d5-4e4c-a19c-00ecb9356573->24bd4dfd-32bd-43aa-beef-90ae8c966227: follower responses appendEntries COMPLETED
2019-07-13 09:18:43,221 INFO  ratis.ContainerStateMachine (ContainerStateMachine.java:takeSnapshot(246)) - Taking snapshot at termIndex:(t:1, i:8)
2019-07-13 09:18:43,222 INFO  impl.FollowerInfo (FollowerInfo.java:lambda$new$0(50)) - 9c4b0f75-73d5-4e4c-a19c-00ecb9356573->24bd4dfd-32bd-43aa-beef-90ae8c966227: nextIndex: updateUnconditionally 9 -> 8
2019-07-13 09:18:43,221 INFO  impl.StateMachineUpdater (StateMachineUpdater.java:stopAndJoin(115)) - StateMachineUpdater:9c4b0f75-73d5-4e4c-a19c-00ecb9356573:group-905A922CA967: set stopIndex = 8
2019-07-13 09:18:43,222 INFO  ratis.ContainerStateMachine (ContainerStateMachine.java:takeSnapshot(250)) - Taking a snapshot to file /tmp/workdir/hadoop-ozone/integration-test/target/test-dir/MiniOzoneClusterImpl-f1122ca9-ffeb-42bd-a1c5-c08209646187/datanode-1/data/ratis/da87b7ef-0746-4a2b-811b-905a922ca967/sm/snapshot.1_8
2019-07-13 09:18:43,222 INFO  server.GrpcLogAppender (GrpcLogAppender.java:onCompleted(292)) - 9c4b0f75-73d5-4e4c-a19c-00ecb9356573->236e68af-7fe1-40c1-8e07-8d5bf4f8457f: follower responses appendEntries COMPLETED
2019-07-13 09:18:43,222 INFO  impl.PendingRequests (PendingRequests.java:sendNotLeaderResponses(202)) - 34a55eb9-72fe-434e-adc2-b8700a9685da-PendingRequests: sendNotLeaderResponses
2019-07-13 09:18:43,224 INFO  impl.FollowerInfo (FollowerInfo.java:lambda$new$0(50)) - 9c4b0f75-73d5-4e4c-a19c-00ecb9356573->236e68af-7fe1-40c1-8e07-8d5bf4f8457f: nextIndex: updateUnconditionally 9 -> 8
2019-07-13 09:18:43,223 INFO  impl.StateMachineUpdater (StateMachineUpdater.java:takeSnapshot(242)) - StateMachineUpdater:9c4b0f75-73d5-4e4c-a19c-00ecb9356573:group-905A922CA967: Took a snapshot at index 8
2019-07-13 09:18:43,224 INFO  ratis.ContainerStateMachine (ContainerStateMachine.java:takeSnapshot(246)) - Taking snapshot at termIndex:(t:0, i:~)
2019-07-13 09:18:43,224 INFO  impl.StateMachineUpdater (StateMachineUpdater.java:stopAndJoin(115)) - StateMachineUpdater:34a55eb9-72fe-434e-adc2-b8700a9685da:group-4CFC92E69210: set stopIndex = 0
2019-07-13 09:18:43,224 INFO  impl.StateMachineUpdater (StateMachineUpdater.java:lambda$new$0(80)) - StateMachineUpdater:9c4b0f75-73d5-4e4c-a19c-00ecb9356573:group-905A922CA967: snapshotIndex: updateIncreasingly -1 -> 8
2019-07-13 09:18:43,225 INFO  impl.RaftServerImpl (ServerState.java:close(394)) - 34a55eb9-72fe-434e-adc2-b8700a9685da:group-4CFC92E69210 closes. The last applied log index is 0
2019-07-13 09:18:43,225 INFO  impl.RaftServerImpl (ServerState.java:close(394)) - 9c4b0f75-73d5-4e4c-a19c-00ecb9356573:group-905A922CA967 closes. The last applied log index is 8
2019-07-13 09:18:43,226 INFO  segmented.SegmentedRaftLogWorker (SegmentedRaftLogWorker.java:run(313)) - 34a55eb9-72fe-434e-adc2-b8700a9685da-SegmentedRaftLogWorker:Storage Directory /tmp/workdir/hadoop-ozone/integration-test/target/test-dir/MiniOzoneClusterImpl-f1122ca9-ffeb-42bd-a1c5-c08209646187/datanode-4/data/ratis/449f98e1-6864-498c-8e5b-4cfc92e69210 was interrupted, exiting. There are 0 tasks remaining in the queue.
2019-07-13 09:18:43,226 INFO  segmented.SegmentedRaftLogWorker (SegmentedRaftLogWorker.java:run(313)) - 9c4b0f75-73d5-4e4c-a19c-00ecb9356573-SegmentedRaftLogWorker:Storage Directory /tmp/workdir/hadoop-ozone/integration-test/target/test-dir/MiniOzoneClusterImpl-f1122ca9-ffeb-42bd-a1c5-c08209646187/datanode-1/data/ratis/da87b7ef-0746-4a2b-811b-905a922ca967 was interrupted, exiting. There are 0 tasks remaining in the queue.
2019-07-13 09:18:43,231 INFO  segmented.SegmentedRaftLogWorker (SegmentedRaftLogWorker.java:close(228)) - 34a55eb9-72fe-434e-adc2-b8700a9685da-SegmentedRaftLogWorker:Storage Directory /tmp/workdir/hadoop-ozone/integration-test/target/test-dir/MiniOzoneClusterImpl-f1122ca9-ffeb-42bd-a1c5-c08209646187/datanode-4/data/ratis/449f98e1-6864-498c-8e5b-4cfc92e69210 close()
2019-07-13 09:18:43,231 INFO  segmented.SegmentedRaftLogWorker (SegmentedRaftLogWorker.java:close(228)) - 9c4b0f75-73d5-4e4c-a19c-00ecb9356573-SegmentedRaftLogWorker:Storage Directory /tmp/workdir/hadoop-ozone/integration-test/target/test-dir/MiniOzoneClusterImpl-f1122ca9-ffeb-42bd-a1c5-c08209646187/datanode-1/data/ratis/da87b7ef-0746-4a2b-811b-905a922ca967 close()
2019-07-13 09:18:43,236 INFO  server.GrpcService (GrpcService.java:closeImpl(155)) - 34a55eb9-72fe-434e-adc2-b8700a9685da: shutdown server with port 37417 now
2019-07-13 09:18:43,241 INFO  server.GrpcService (GrpcService.java:closeImpl(155)) - 9c4b0f75-73d5-4e4c-a19c-00ecb9356573: shutdown server with port 43028 now
2019-07-13 09:18:43,242 WARN  server.GrpcServerProtocolService (LogUtils.java:warn(134)) - 34a55eb9-72fe-434e-adc2-b8700a9685da: appendEntries onError: org.apache.ratis.thirdparty.io.grpc.StatusRuntimeException: CANCELLED: cancelled before receiving half close
2019-07-13 09:18:43,242 INFO  server.GrpcService (GrpcService.java:closeImpl(163)) - 34a55eb9-72fe-434e-adc2-b8700a9685da: shutdown server with port 37417 successfully
2019-07-13 09:18:43,242 WARN  server.GrpcLogAppender (LogUtils.java:warn(134)) - fd5c425d-5e71-4feb-9d85-6dad5dc05c67->34a55eb9-72fe-434e-adc2-b8700a9685da: Failed appendEntries: org.apache.ratis.thirdparty.io.grpc.StatusRuntimeException: CANCELLED: HTTP/2 error code: CANCEL
Received Rst Stream
2019-07-13 09:18:43,242 INFO  server.GrpcService (GrpcService.java:closeImpl(163)) - 9c4b0f75-73d5-4e4c-a19c-00ecb9356573: shutdown server with port 43028 successfully
2019-07-13 09:18:43,243 INFO  impl.FollowerInfo (FollowerInfo.java:lambda$new$0(50)) - fd5c425d-5e71-4feb-9d85-6dad5dc05c67->34a55eb9-72fe-434e-adc2-b8700a9685da: nextIndex: updateUnconditionally 7 -> 6
2019-07-13 09:18:43,244 INFO  utils.BackgroundService (BackgroundService.java:shutdown(148)) - Shutting down service BlockDeletingService
2019-07-13 09:18:43,245 WARN  fs.CachingGetSpaceUsed (CachingGetSpaceUsed.java:run(183)) - Thread Interrupted waiting to refresh disk information: sleep interrupted
2019-07-13 09:18:43,248 INFO  utils.BackgroundService (BackgroundService.java:shutdown(148)) - Shutting down service BlockDeletingService
2019-07-13 09:18:43,252 WARN  fs.CachingGetSpaceUsed (CachingGetSpaceUsed.java:run(183)) - Thread Interrupted waiting to refresh disk information: sleep interrupted
2019-07-13 09:18:43,273 INFO  statemachine.DatanodeStateMachine (DatanodeStateMachine.java:stopDaemon(395)) - Ozone container server stopped.
2019-07-13 09:18:43,280 INFO  handler.ContextHandler (ContextHandler.java:doStop(910)) - Stopped o.e.j.w.WebAppContext@7f549712{/,null,UNAVAILABLE}{/hddsDatanode}
2019-07-13 09:18:43,281 INFO  server.AbstractConnector (AbstractConnector.java:doStop(318)) - Stopped ServerConnector@38b7b02f{HTTP/1.1,[http/1.1]}{0.0.0.0:0}
2019-07-13 09:18:43,283 INFO  handler.ContextHandler (ContextHandler.java:doStop(910)) - Stopped o.e.j.s.ServletContextHandler@2b33553b{/static,jar:file:/home/user/.m2/repository/org/apache/hadoop/hadoop-hdds-container-service/0.5.0-SNAPSHOT/hadoop-hdds-container-service-0.5.0-SNAPSHOT.jar!/webapps/static,UNAVAILABLE}
2019-07-13 09:18:43,285 INFO  handler.ContextHandler (ContextHandler.java:doStop(910)) - Stopped o.e.j.s.ServletContextHandler@46aaf47c{/logs,file:///tmp/workdir/hadoop-ozone/integration-test/target/log,UNAVAILABLE}
2019-07-13 09:18:43,290 INFO  datanode.ObjectStoreHandler (ObjectStoreHandler.java:close(155)) - Closing ObjectStoreHandler.
2019-07-13 09:18:43,292 INFO  statemachine.DatanodeStateMachine (DatanodeStateMachine.java:stopDaemon(395)) - Ozone container server stopped.
2019-07-13 09:18:43,292 INFO  ozone.HddsDatanodeService (HddsDatanodeService.java:stop(452)) - Stopped plug-in org.apache.hadoop.ozone.web.OzoneHddsDatanodeService@5cef76a2
2019-07-13 09:18:43,292 INFO  handler.ContextHandler (ContextHandler.java:doStop(910)) - Stopped o.e.j.w.WebAppContext@7a065f73{/,null,UNAVAILABLE}{/hddsDatanode}
2019-07-13 09:18:43,293 INFO  server.AbstractConnector (AbstractConnector.java:doStop(318)) - Stopped ServerConnector@3f2b55f8{HTTP/1.1,[http/1.1]}{0.0.0.0:0}
2019-07-13 09:18:43,293 INFO  handler.ContextHandler (ContextHandler.java:doStop(910)) - Stopped o.e.j.s.ServletContextHandler@49bf6f8c{/static,jar:file:/home/user/.m2/repository/org/apache/hadoop/hadoop-hdds-container-service/0.5.0-SNAPSHOT/hadoop-hdds-container-service-0.5.0-SNAPSHOT.jar!/webapps/static,UNAVAILABLE}
2019-07-13 09:18:43,294 INFO  handler.ContextHandler (ContextHandler.java:doStop(910)) - Stopped o.e.j.s.ServletContextHandler@48158b86{/logs,file:///tmp/workdir/hadoop-ozone/integration-test/target/log,UNAVAILABLE}
2019-07-13 09:18:43,294 INFO  datanode.ObjectStoreHandler (ObjectStoreHandler.java:close(155)) - Closing ObjectStoreHandler.
2019-07-13 09:18:43,295 INFO  ozone.HddsDatanodeService (HddsDatanodeService.java:stop(452)) - Stopped plug-in org.apache.hadoop.ozone.web.OzoneHddsDatanodeService@594c830f
2019-07-13 09:18:43,900 INFO  statemachine.DatanodeStateMachine (DatanodeStateMachine.java:lambda$startDaemon$0(350)) - Ozone container server started.
2019-07-13 09:18:44,055 INFO  statemachine.DatanodeStateMachine (DatanodeStateMachine.java:lambda$startDaemon$0(350)) - Ozone container server started.
2019-07-13 09:18:45,050 WARN  server.GrpcLogAppender (LogUtils.java:warn(134)) - fd5c425d-5e71-4feb-9d85-6dad5dc05c67->34a55eb9-72fe-434e-adc2-b8700a9685da: Failed appendEntries: org.apache.ratis.thirdparty.io.grpc.StatusRuntimeException: UNAVAILABLE: io exception
2019-07-13 09:18:45,050 INFO  impl.FollowerInfo (FollowerInfo.java:lambda$new$0(50)) - fd5c425d-5e71-4feb-9d85-6dad5dc05c67->34a55eb9-72fe-434e-adc2-b8700a9685da: nextIndex: updateUnconditionally 7 -> 6
2019-07-13 09:18:45,060 WARN  server.GrpcLogAppender (LogUtils.java:warn(134)) - fd5c425d-5e71-4feb-9d85-6dad5dc05c67->34a55eb9-72fe-434e-adc2-b8700a9685da: Failed appendEntries: org.apache.ratis.thirdparty.io.grpc.StatusRuntimeException: UNAVAILABLE: io exception
2019-07-13 09:18:45,061 INFO  impl.FollowerInfo (FollowerInfo.java:lambda$new$0(50)) - fd5c425d-5e71-4feb-9d85-6dad5dc05c67->34a55eb9-72fe-434e-adc2-b8700a9685da: nextIndex: updateUnconditionally 7 -> 6
2019-07-13 09:18:45,072 WARN  server.GrpcLogAppender (LogUtils.java:warn(134)) - fd5c425d-5e71-4feb-9d85-6dad5dc05c67->34a55eb9-72fe-434e-adc2-b8700a9685da: Failed appendEntries: org.apache.ratis.thirdparty.io.grpc.StatusRuntimeException: UNAVAILABLE: io exception
2019-07-13 09:18:45,073 INFO  impl.FollowerInfo (FollowerInfo.java:lambda$new$0(50)) - fd5c425d-5e71-4feb-9d85-6dad5dc05c67->34a55eb9-72fe-434e-adc2-b8700a9685da: nextIndex: updateUnconditionally 7 -> 6
2019-07-13 09:18:45,090 INFO  interfaces.Container (KeyValueContainer.java:compactDB(356)) - Container 2 is closed with bcsId 4.
2019-07-13 09:18:45,107 INFO  interfaces.Container (KeyValueContainer.java:compactDB(356)) - Container 2 is closed with bcsId 4.
2019-07-13 09:18:47,573 WARN  server.GrpcLogAppender (LogUtils.java:warn(134)) - fd5c425d-5e71-4feb-9d85-6dad5dc05c67->34a55eb9-72fe-434e-adc2-b8700a9685da: Failed appendEntries: org.apache.ratis.thirdparty.io.grpc.StatusRuntimeException: UNAVAILABLE: io exception
2019-07-13 09:18:47,574 INFO  impl.FollowerInfo (FollowerInfo.java:lambda$new$0(50)) - fd5c425d-5e71-4feb-9d85-6dad5dc05c67->34a55eb9-72fe-434e-adc2-b8700a9685da: nextIndex: updateUnconditionally 6 -> 5
2019-07-13 09:18:47,948 INFO  node.StaleNodeHandler (StaleNodeHandler.java:onMessage(58)) - Datanode 24bd4dfd-32bd-43aa-beef-90ae8c966227{ip: 192.168.69.96, host: trunk-nightly-hmp62-43275749, networkLocation: /default-rack, certSerialId: null} moved to stale state. Finalizing its pipelines [PipelineID=435d0b85-40e7-4080-a58b-941ca3edd592, PipelineID=da87b7ef-0746-4a2b-811b-905a922ca967]
2019-07-13 09:18:47,949 INFO  pipeline.SCMPipelineManager (SCMPipelineManager.java:finalizeAndDestroyPipeline(309)) - destroying pipeline:Pipeline[ Id: 435d0b85-40e7-4080-a58b-941ca3edd592, Nodes: 24bd4dfd-32bd-43aa-beef-90ae8c966227{ip: 192.168.69.96, host: trunk-nightly-hmp62-43275749, networkLocation: /default-rack, certSerialId: null}, Type:RATIS, Factor:ONE, State:OPEN]
2019-07-13 09:18:47,949 INFO  pipeline.PipelineStateManager (PipelineStateManager.java:finalizePipeline(123)) - Pipeline Pipeline[ Id: 435d0b85-40e7-4080-a58b-941ca3edd592, Nodes: 24bd4dfd-32bd-43aa-beef-90ae8c966227{ip: 192.168.69.96, host: trunk-nightly-hmp62-43275749, networkLocation: /default-rack, certSerialId: null}, Type:RATIS, Factor:ONE, State:CLOSED] moved to CLOSED state
2019-07-13 09:18:47,949 INFO  pipeline.SCMPipelineManager (SCMPipelineManager.java:finalizeAndDestroyPipeline(309)) - destroying pipeline:Pipeline[ Id: da87b7ef-0746-4a2b-811b-905a922ca967, Nodes: 9c4b0f75-73d5-4e4c-a19c-00ecb9356573{ip: 192.168.69.96, host: trunk-nightly-hmp62-43275749, networkLocation: /default-rack, certSerialId: null}24bd4dfd-32bd-43aa-beef-90ae8c966227{ip: 192.168.69.96, host: trunk-nightly-hmp62-43275749, networkLocation: /default-rack, certSerialId: null}236e68af-7fe1-40c1-8e07-8d5bf4f8457f{ip: 192.168.69.96, host: trunk-nightly-hmp62-43275749, networkLocation: /default-rack, certSerialId: null}, Type:RATIS, Factor:THREE, State:CLOSED]
2019-07-13 09:18:48,149 INFO  node.StaleNodeHandler (StaleNodeHandler.java:onMessage(58)) - Datanode 9e3b2b9f-0edc-4b89-96b7-ff99211975b8{ip: 192.168.69.96, host: trunk-nightly-hmp62-43275749, networkLocation: /default-rack, certSerialId: null} moved to stale state. Finalizing its pipelines [PipelineID=f0f09204-00dc-42c2-93a8-809bebd223af, PipelineID=b027fbb4-8ea6-44b6-8a03-b58411ddfd9f]
2019-07-13 09:18:48,149 INFO  pipeline.SCMPipelineManager (SCMPipelineManager.java:finalizeAndDestroyPipeline(309)) - destroying pipeline:Pipeline[ Id: f0f09204-00dc-42c2-93a8-809bebd223af, Nodes: 34a55eb9-72fe-434e-adc2-b8700a9685da{ip: 192.168.69.96, host: trunk-nightly-hmp62-43275749, networkLocation: /default-rack, certSerialId: null}fd5c425d-5e71-4feb-9d85-6dad5dc05c67{ip: 192.168.69.96, host: trunk-nightly-hmp62-43275749, networkLocation: /default-rack, certSerialId: null}9e3b2b9f-0edc-4b89-96b7-ff99211975b8{ip: 192.168.69.96, host: trunk-nightly-hmp62-43275749, networkLocation: /default-rack, certSerialId: null}, Type:RATIS, Factor:THREE, State:CLOSED]
2019-07-13 09:18:48,149 INFO  pipeline.SCMPipelineManager (SCMPipelineManager.java:finalizeAndDestroyPipeline(309)) - destroying pipeline:Pipeline[ Id: b027fbb4-8ea6-44b6-8a03-b58411ddfd9f, Nodes: 9e3b2b9f-0edc-4b89-96b7-ff99211975b8{ip: 192.168.69.96, host: trunk-nightly-hmp62-43275749, networkLocation: /default-rack, certSerialId: null}, Type:RATIS, Factor:ONE, State:OPEN]
2019-07-13 09:18:48,150 INFO  pipeline.PipelineStateManager (PipelineStateManager.java:finalizePipeline(123)) - Pipeline Pipeline[ Id: b027fbb4-8ea6-44b6-8a03-b58411ddfd9f, Nodes: 9e3b2b9f-0edc-4b89-96b7-ff99211975b8{ip: 192.168.69.96, host: trunk-nightly-hmp62-43275749, networkLocation: /default-rack, certSerialId: null}, Type:RATIS, Factor:ONE, State:CLOSED] moved to CLOSED state
2019-07-13 09:18:48,293 INFO  ozoneimpl.OzoneContainer (OzoneContainer.java:stop(199)) - Attempting to stop container services.
2019-07-13 09:18:48,293 INFO  impl.RaftServerProxy (RaftServerProxy.java:lambda$close$4(314)) - 24bd4dfd-32bd-43aa-beef-90ae8c966227: close
2019-07-13 09:18:48,293 INFO  impl.RaftServerImpl (RaftServerImpl.java:lambda$shutdown$3(245)) - 24bd4dfd-32bd-43aa-beef-90ae8c966227: shutdown group-941CA3EDD592
2019-07-13 09:18:48,294 INFO  util.JmxRegister (JmxRegister.java:unregister(73)) - Successfully un-registered JMX Bean with object name Ratis:service=RaftServer,group=group-941CA3EDD592,id=24bd4dfd-32bd-43aa-beef-90ae8c966227
2019-07-13 09:18:48,294 INFO  impl.RoleInfo (RoleInfo.java:shutdownLeaderState(104)) - 24bd4dfd-32bd-43aa-beef-90ae8c966227: shutdown LeaderState
2019-07-13 09:18:48,294 INFO  impl.PendingRequests (PendingRequests.java:sendNotLeaderResponses(202)) - 24bd4dfd-32bd-43aa-beef-90ae8c966227-PendingRequests: sendNotLeaderResponses
2019-07-13 09:18:48,295 INFO  impl.StateMachineUpdater (StateMachineUpdater.java:stopAndJoin(115)) - StateMachineUpdater:24bd4dfd-32bd-43aa-beef-90ae8c966227:group-941CA3EDD592: set stopIndex = 0
2019-07-13 09:18:48,295 INFO  ratis.ContainerStateMachine (ContainerStateMachine.java:takeSnapshot(246)) - Taking snapshot at termIndex:(t:0, i:~)
2019-07-13 09:18:48,295 INFO  impl.RaftServerImpl (ServerState.java:close(394)) - 24bd4dfd-32bd-43aa-beef-90ae8c966227:group-941CA3EDD592 closes. The last applied log index is 0
2019-07-13 09:18:48,295 INFO  ozoneimpl.OzoneContainer (OzoneContainer.java:stop(199)) - Attempting to stop container services.
2019-07-13 09:18:48,296 INFO  segmented.SegmentedRaftLogWorker (SegmentedRaftLogWorker.java:run(313)) - 24bd4dfd-32bd-43aa-beef-90ae8c966227-SegmentedRaftLogWorker:Storage Directory /tmp/workdir/hadoop-ozone/integration-test/target/test-dir/MiniOzoneClusterImpl-f1122ca9-ffeb-42bd-a1c5-c08209646187/datanode-2/data/ratis/435d0b85-40e7-4080-a58b-941ca3edd592 was interrupted, exiting. There are 0 tasks remaining in the queue.
2019-07-13 09:18:48,296 INFO  impl.RaftServerProxy (RaftServerProxy.java:lambda$close$4(314)) - 9e3b2b9f-0edc-4b89-96b7-ff99211975b8: close
2019-07-13 09:18:48,298 INFO  segmented.SegmentedRaftLogWorker (SegmentedRaftLogWorker.java:close(228)) - 24bd4dfd-32bd-43aa-beef-90ae8c966227-SegmentedRaftLogWorker:Storage Directory /tmp/workdir/hadoop-ozone/integration-test/target/test-dir/MiniOzoneClusterImpl-f1122ca9-ffeb-42bd-a1c5-c08209646187/datanode-2/data/ratis/435d0b85-40e7-4080-a58b-941ca3edd592 close()
2019-07-13 09:18:48,299 INFO  impl.RaftServerImpl (RaftServerImpl.java:lambda$shutdown$3(245)) - 9e3b2b9f-0edc-4b89-96b7-ff99211975b8: shutdown group-809BEBD223AF
2019-07-13 09:18:48,303 INFO  impl.RaftServerImpl (RaftServerImpl.java:lambda$shutdown$3(245)) - 24bd4dfd-32bd-43aa-beef-90ae8c966227: shutdown group-905A922CA967
2019-07-13 09:18:48,303 INFO  util.JmxRegister (JmxRegister.java:unregister(73)) - Successfully un-registered JMX Bean with object name Ratis:service=RaftServer,group=group-809BEBD223AF,id=9e3b2b9f-0edc-4b89-96b7-ff99211975b8
2019-07-13 09:18:48,304 INFO  util.JmxRegister (JmxRegister.java:unregister(73)) - Successfully un-registered JMX Bean with object name Ratis:service=RaftServer,group=group-905A922CA967,id=24bd4dfd-32bd-43aa-beef-90ae8c966227
2019-07-13 09:18:48,304 INFO  impl.RoleInfo (RoleInfo.java:shutdownFollowerState(121)) - 9e3b2b9f-0edc-4b89-96b7-ff99211975b8: shutdown FollowerState
2019-07-13 09:18:48,304 INFO  impl.RoleInfo (RoleInfo.java:shutdownFollowerState(121)) - 24bd4dfd-32bd-43aa-beef-90ae8c966227: shutdown FollowerState
2019-07-13 09:18:48,305 INFO  impl.FollowerState (FollowerState.java:run(114)) - 9e3b2b9f-0edc-4b89-96b7-ff99211975b8: FollowerState was interrupted: java.lang.InterruptedException: sleep interrupted
2019-07-13 09:18:48,305 INFO  ratis.ContainerStateMachine (ContainerStateMachine.java:takeSnapshot(246)) - Taking snapshot at termIndex:(t:1, i:7)
2019-07-13 09:18:48,307 INFO  ratis.ContainerStateMachine (ContainerStateMachine.java:takeSnapshot(250)) - Taking a snapshot to file /tmp/workdir/hadoop-ozone/integration-test/target/test-dir/MiniOzoneClusterImpl-f1122ca9-ffeb-42bd-a1c5-c08209646187/datanode-3/data/ratis/f0f09204-00dc-42c2-93a8-809bebd223af/sm/snapshot.1_7
2019-07-13 09:18:48,305 INFO  impl.StateMachineUpdater (StateMachineUpdater.java:stopAndJoin(115)) - StateMachineUpdater:9e3b2b9f-0edc-4b89-96b7-ff99211975b8:group-809BEBD223AF: set stopIndex = 8
2019-07-13 09:18:48,308 INFO  impl.StateMachineUpdater (StateMachineUpdater.java:takeSnapshot(242)) - StateMachineUpdater:9e3b2b9f-0edc-4b89-96b7-ff99211975b8:group-809BEBD223AF: Took a snapshot at index 7
2019-07-13 09:18:48,305 INFO  impl.StateMachineUpdater (StateMachineUpdater.java:stopAndJoin(115)) - StateMachineUpdater:24bd4dfd-32bd-43aa-beef-90ae8c966227:group-905A922CA967: set stopIndex = 8
2019-07-13 09:18:48,305 INFO  impl.FollowerState (FollowerState.java:run(114)) - 24bd4dfd-32bd-43aa-beef-90ae8c966227: FollowerState was interrupted: java.lang.InterruptedException: sleep interrupted
2019-07-13 09:18:48,305 INFO  ratis.ContainerStateMachine (ContainerStateMachine.java:takeSnapshot(246)) - Taking snapshot at termIndex:(t:1, i:7)
2019-07-13 09:18:48,308 INFO  impl.StateMachineUpdater (StateMachineUpdater.java:lambda$new$0(80)) - StateMachineUpdater:9e3b2b9f-0edc-4b89-96b7-ff99211975b8:group-809BEBD223AF: snapshotIndex: updateIncreasingly -1 -> 7
2019-07-13 09:18:48,311 INFO  ratis.ContainerStateMachine (ContainerStateMachine.java:takeSnapshot(250)) - Taking a snapshot to file /tmp/workdir/hadoop-ozone/integration-test/target/test-dir/MiniOzoneClusterImpl-f1122ca9-ffeb-42bd-a1c5-c08209646187/datanode-2/data/ratis/da87b7ef-0746-4a2b-811b-905a922ca967/sm/snapshot.1_7
2019-07-13 09:18:48,311 INFO  impl.RaftServerImpl (ServerState.java:close(394)) - 9e3b2b9f-0edc-4b89-96b7-ff99211975b8:group-809BEBD223AF closes. The last applied log index is 8
2019-07-13 09:18:48,311 INFO  impl.StateMachineUpdater (StateMachineUpdater.java:takeSnapshot(242)) - StateMachineUpdater:24bd4dfd-32bd-43aa-beef-90ae8c966227:group-905A922CA967: Took a snapshot at index 7
2019-07-13 09:18:48,312 INFO  impl.StateMachineUpdater (StateMachineUpdater.java:lambda$new$0(80)) - StateMachineUpdater:24bd4dfd-32bd-43aa-beef-90ae8c966227:group-905A922CA967: snapshotIndex: updateIncreasingly -1 -> 7
2019-07-13 09:18:48,312 INFO  segmented.SegmentedRaftLogWorker (SegmentedRaftLogWorker.java:run(313)) - 9e3b2b9f-0edc-4b89-96b7-ff99211975b8-SegmentedRaftLogWorker:Storage Directory /tmp/workdir/hadoop-ozone/integration-test/target/test-dir/MiniOzoneClusterImpl-f1122ca9-ffeb-42bd-a1c5-c08209646187/datanode-3/data/ratis/f0f09204-00dc-42c2-93a8-809bebd223af was interrupted, exiting. There are 0 tasks remaining in the queue.
2019-07-13 09:18:48,312 INFO  impl.RaftServerImpl (ServerState.java:close(394)) - 24bd4dfd-32bd-43aa-beef-90ae8c966227:group-905A922CA967 closes. The last applied log index is 8
2019-07-13 09:18:48,314 INFO  segmented.SegmentedRaftLogWorker (SegmentedRaftLogWorker.java:close(228)) - 9e3b2b9f-0edc-4b89-96b7-ff99211975b8-SegmentedRaftLogWorker:Storage Directory /tmp/workdir/hadoop-ozone/integration-test/target/test-dir/MiniOzoneClusterImpl-f1122ca9-ffeb-42bd-a1c5-c08209646187/datanode-3/data/ratis/f0f09204-00dc-42c2-93a8-809bebd223af close()
2019-07-13 09:18:48,314 INFO  segmented.SegmentedRaftLogWorker (SegmentedRaftLogWorker.java:run(313)) - 24bd4dfd-32bd-43aa-beef-90ae8c966227-SegmentedRaftLogWorker:Storage Directory /tmp/workdir/hadoop-ozone/integration-test/target/test-dir/MiniOzoneClusterImpl-f1122ca9-ffeb-42bd-a1c5-c08209646187/datanode-2/data/ratis/da87b7ef-0746-4a2b-811b-905a922ca967 was interrupted, exiting. There are 0 tasks remaining in the queue.
2019-07-13 09:18:48,318 INFO  impl.RaftServerImpl (RaftServerImpl.java:lambda$shutdown$3(245)) - 9e3b2b9f-0edc-4b89-96b7-ff99211975b8: shutdown group-B58411DDFD9F
2019-07-13 09:18:48,320 INFO  segmented.SegmentedRaftLogWorker (SegmentedRaftLogWorker.java:close(228)) - 24bd4dfd-32bd-43aa-beef-90ae8c966227-SegmentedRaftLogWorker:Storage Directory /tmp/workdir/hadoop-ozone/integration-test/target/test-dir/MiniOzoneClusterImpl-f1122ca9-ffeb-42bd-a1c5-c08209646187/datanode-2/data/ratis/da87b7ef-0746-4a2b-811b-905a922ca967 close()
2019-07-13 09:18:48,321 INFO  util.JmxRegister (JmxRegister.java:unregister(73)) - Successfully un-registered JMX Bean with object name Ratis:service=RaftServer,group=group-B58411DDFD9F,id=9e3b2b9f-0edc-4b89-96b7-ff99211975b8
2019-07-13 09:18:48,333 INFO  server.GrpcService (GrpcService.java:closeImpl(155)) - 24bd4dfd-32bd-43aa-beef-90ae8c966227: shutdown server with port 41282 now
2019-07-13 09:18:48,333 INFO  impl.RoleInfo (RoleInfo.java:shutdownLeaderState(104)) - 9e3b2b9f-0edc-4b89-96b7-ff99211975b8: shutdown LeaderState
2019-07-13 09:18:48,333 INFO  server.GrpcService (GrpcService.java:closeImpl(163)) - 24bd4dfd-32bd-43aa-beef-90ae8c966227: shutdown server with port 41282 successfully
2019-07-13 09:18:48,334 INFO  impl.PendingRequests (PendingRequests.java:sendNotLeaderResponses(202)) - 9e3b2b9f-0edc-4b89-96b7-ff99211975b8-PendingRequests: sendNotLeaderResponses
2019-07-13 09:18:48,334 INFO  impl.StateMachineUpdater (StateMachineUpdater.java:stopAndJoin(115)) - StateMachineUpdater:9e3b2b9f-0edc-4b89-96b7-ff99211975b8:group-B58411DDFD9F: set stopIndex = 0
2019-07-13 09:18:48,335 INFO  ratis.ContainerStateMachine (ContainerStateMachine.java:takeSnapshot(246)) - Taking snapshot at termIndex:(t:0, i:~)
2019-07-13 09:18:48,335 INFO  utils.BackgroundService (BackgroundService.java:shutdown(148)) - Shutting down service BlockDeletingService
2019-07-13 09:18:48,335 INFO  impl.RaftServerImpl (ServerState.java:close(394)) - 9e3b2b9f-0edc-4b89-96b7-ff99211975b8:group-B58411DDFD9F closes. The last applied log index is 0
2019-07-13 09:18:48,336 WARN  fs.CachingGetSpaceUsed (CachingGetSpaceUsed.java:run(183)) - Thread Interrupted waiting to refresh disk information: sleep interrupted
2019-07-13 09:18:48,336 INFO  segmented.SegmentedRaftLogWorker (SegmentedRaftLogWorker.java:run(313)) - 9e3b2b9f-0edc-4b89-96b7-ff99211975b8-SegmentedRaftLogWorker:Storage Directory /tmp/workdir/hadoop-ozone/integration-test/target/test-dir/MiniOzoneClusterImpl-f1122ca9-ffeb-42bd-a1c5-c08209646187/datanode-3/data/ratis/b027fbb4-8ea6-44b6-8a03-b58411ddfd9f was interrupted, exiting. There are 0 tasks remaining in the queue.
2019-07-13 09:18:48,338 INFO  segmented.SegmentedRaftLogWorker (SegmentedRaftLogWorker.java:close(228)) - 9e3b2b9f-0edc-4b89-96b7-ff99211975b8-SegmentedRaftLogWorker:Storage Directory /tmp/workdir/hadoop-ozone/integration-test/target/test-dir/MiniOzoneClusterImpl-f1122ca9-ffeb-42bd-a1c5-c08209646187/datanode-3/data/ratis/b027fbb4-8ea6-44b6-8a03-b58411ddfd9f close()
2019-07-13 09:18:48,341 INFO  server.GrpcService (GrpcService.java:closeImpl(155)) - 9e3b2b9f-0edc-4b89-96b7-ff99211975b8: shutdown server with port 43020 now
2019-07-13 09:18:48,343 WARN  server.GrpcServerProtocolService (LogUtils.java:warn(134)) - 9e3b2b9f-0edc-4b89-96b7-ff99211975b8: appendEntries onError: org.apache.ratis.thirdparty.io.grpc.StatusRuntimeException: CANCELLED: cancelled before receiving half close
2019-07-13 09:18:48,343 INFO  server.GrpcService (GrpcService.java:closeImpl(163)) - 9e3b2b9f-0edc-4b89-96b7-ff99211975b8: shutdown server with port 43020 successfully
2019-07-13 09:18:48,343 WARN  server.GrpcLogAppender (LogUtils.java:warn(134)) - fd5c425d-5e71-4feb-9d85-6dad5dc05c67->9e3b2b9f-0edc-4b89-96b7-ff99211975b8: Failed appendEntries: org.apache.ratis.thirdparty.io.grpc.StatusRuntimeException: CANCELLED: HTTP/2 error code: CANCEL
Received Rst Stream
2019-07-13 09:18:48,344 INFO  impl.FollowerInfo (FollowerInfo.java:lambda$new$0(50)) - fd5c425d-5e71-4feb-9d85-6dad5dc05c67->9e3b2b9f-0edc-4b89-96b7-ff99211975b8: nextIndex: updateUnconditionally 9 -> 8
2019-07-13 09:18:48,345 INFO  utils.BackgroundService (BackgroundService.java:shutdown(148)) - Shutting down service BlockDeletingService
2019-07-13 09:18:48,349 WARN  fs.CachingGetSpaceUsed (CachingGetSpaceUsed.java:run(183)) - Thread Interrupted waiting to refresh disk information: sleep interrupted
2019-07-13 09:18:48,365 INFO  statemachine.DatanodeStateMachine (DatanodeStateMachine.java:stopDaemon(395)) - Ozone container server stopped.
2019-07-13 09:18:48,376 INFO  statemachine.DatanodeStateMachine (DatanodeStateMachine.java:stopDaemon(395)) - Ozone container server stopped.
2019-07-13 09:18:48,383 INFO  handler.ContextHandler (ContextHandler.java:doStop(910)) - Stopped o.e.j.w.WebAppContext@5242e9f7{/,null,UNAVAILABLE}{/hddsDatanode}
2019-07-13 09:18:48,383 INFO  handler.ContextHandler (ContextHandler.java:doStop(910)) - Stopped o.e.j.w.WebAppContext@4fe9a720{/,null,UNAVAILABLE}{/hddsDatanode}
2019-07-13 09:18:48,384 INFO  server.AbstractConnector (AbstractConnector.java:doStop(318)) - Stopped ServerConnector@48b9ee43{HTTP/1.1,[http/1.1]}{0.0.0.0:0}
2019-07-13 09:18:48,384 INFO  server.AbstractConnector (AbstractConnector.java:doStop(318)) - Stopped ServerConnector@7db373b2{HTTP/1.1,[http/1.1]}{0.0.0.0:0}
2019-07-13 09:18:48,385 INFO  handler.ContextHandler (ContextHandler.java:doStop(910)) - Stopped o.e.j.s.ServletContextHandler@250e9655{/static,jar:file:/home/user/.m2/repository/org/apache/hadoop/hadoop-hdds-container-service/0.5.0-SNAPSHOT/hadoop-hdds-container-service-0.5.0-SNAPSHOT.jar!/webapps/static,UNAVAILABLE}
2019-07-13 09:18:48,386 INFO  handler.ContextHandler (ContextHandler.java:doStop(910)) - Stopped o.e.j.s.ServletContextHandler@58ae3cb{/static,jar:file:/home/user/.m2/repository/org/apache/hadoop/hadoop-hdds-container-service/0.5.0-SNAPSHOT/hadoop-hdds-container-service-0.5.0-SNAPSHOT.jar!/webapps/static,UNAVAILABLE}
2019-07-13 09:18:48,387 INFO  handler.ContextHandler (ContextHandler.java:doStop(910)) - Stopped o.e.j.s.ServletContextHandler@1e019687{/logs,file:///tmp/workdir/hadoop-ozone/integration-test/target/log,UNAVAILABLE}
2019-07-13 09:18:48,388 INFO  handler.ContextHandler (ContextHandler.java:doStop(910)) - Stopped o.e.j.s.ServletContextHandler@695d8186{/logs,file:///tmp/workdir/hadoop-ozone/integration-test/target/log,UNAVAILABLE}
2019-07-13 09:18:48,388 INFO  datanode.ObjectStoreHandler (ObjectStoreHandler.java:close(155)) - Closing ObjectStoreHandler.
2019-07-13 09:18:48,389 INFO  datanode.ObjectStoreHandler (ObjectStoreHandler.java:close(155)) - Closing ObjectStoreHandler.
2019-07-13 09:18:48,389 INFO  ozone.HddsDatanodeService (HddsDatanodeService.java:stop(452)) - Stopped plug-in org.apache.hadoop.ozone.web.OzoneHddsDatanodeService@3108d1e1
2019-07-13 09:18:48,389 INFO  ozone.HddsDatanodeService (HddsDatanodeService.java:stop(452)) - Stopped plug-in org.apache.hadoop.ozone.web.OzoneHddsDatanodeService@6fa1dc0c
2019-07-13 09:18:48,489 INFO  statemachine.DatanodeStateMachine (DatanodeStateMachine.java:lambda$startDaemon$0(350)) - Ozone container server started.
2019-07-13 09:18:48,912 INFO  statemachine.DatanodeStateMachine (DatanodeStateMachine.java:lambda$startDaemon$0(350)) - Ozone container server started.
2019-07-13 09:18:50,074 WARN  server.GrpcLogAppender (LogUtils.java:warn(134)) - fd5c425d-5e71-4feb-9d85-6dad5dc05c67->34a55eb9-72fe-434e-adc2-b8700a9685da: Failed appendEntries: org.apache.ratis.thirdparty.io.grpc.StatusRuntimeException: UNAVAILABLE: io exception
2019-07-13 09:18:50,074 INFO  impl.FollowerInfo (FollowerInfo.java:lambda$new$0(50)) - fd5c425d-5e71-4feb-9d85-6dad5dc05c67->34a55eb9-72fe-434e-adc2-b8700a9685da: nextIndex: updateUnconditionally 5 -> 4
2019-07-13 09:18:50,074 WARN  server.GrpcLogAppender (LogUtils.java:warn(134)) - fd5c425d-5e71-4feb-9d85-6dad5dc05c67->9e3b2b9f-0edc-4b89-96b7-ff99211975b8: Failed appendEntries: org.apache.ratis.thirdparty.io.grpc.StatusRuntimeException: UNAVAILABLE: io exception
2019-07-13 09:18:50,075 INFO  impl.FollowerInfo (FollowerInfo.java:lambda$new$0(50)) - fd5c425d-5e71-4feb-9d85-6dad5dc05c67->9e3b2b9f-0edc-4b89-96b7-ff99211975b8: nextIndex: updateUnconditionally 8 -> 7
2019-07-13 09:18:50,376 INFO  impl.FollowerState (FollowerState.java:run(106)) - 236e68af-7fe1-40c1-8e07-8d5bf4f8457f:group-905A922CA967 changes to CANDIDATE, lastRpcTime:7525, electionTimeout:5147ms
2019-07-13 09:18:50,376 INFO  impl.RoleInfo (RoleInfo.java:shutdownFollowerState(121)) - 236e68af-7fe1-40c1-8e07-8d5bf4f8457f: shutdown FollowerState
2019-07-13 09:18:50,376 INFO  impl.RaftServerImpl (RaftServerImpl.java:setRole(171)) - 236e68af-7fe1-40c1-8e07-8d5bf4f8457f:group-905A922CA967 changes role from FOLLOWER to CANDIDATE at term 1 for changeToCandidate
2019-07-13 09:18:50,376 INFO  impl.RoleInfo (RoleInfo.java:updateAndGet(143)) - 236e68af-7fe1-40c1-8e07-8d5bf4f8457f: start LeaderElection
2019-07-13 09:18:50,379 INFO  impl.RaftServerImpl (ServerState.java:setLeader(263)) - 236e68af-7fe1-40c1-8e07-8d5bf4f8457f:group-905A922CA967 change Leader from 9c4b0f75-73d5-4e4c-a19c-00ecb9356573 to null at term 1 for initElection
2019-07-13 09:18:50,394 INFO  impl.LeaderElection (LeaderElection.java:askForVotes(181)) - 236e68af-7fe1-40c1-8e07-8d5bf4f8457f:group-905A922CA967:LeaderElection100: begin an election at term 2 for 0: [236e68af-7fe1-40c1-8e07-8d5bf4f8457f:192.168.69.96:38784, 24bd4dfd-32bd-43aa-beef-90ae8c966227:192.168.69.96:41282, 9c4b0f75-73d5-4e4c-a19c-00ecb9356573:192.168.69.96:43028], old=null
2019-07-13 09:18:50,396 INFO  impl.LeaderElection (LogUtils.java:infoOrTrace(149)) - 236e68af-7fe1-40c1-8e07-8d5bf4f8457f:group-905A922CA967:LeaderElection100 got exception when requesting votes: {}
java.util.concurrent.ExecutionException: org.apache.ratis.thirdparty.io.grpc.StatusRuntimeException: UNAVAILABLE: io exception
	at java.util.concurrent.FutureTask.report(FutureTask.java:122)
	at java.util.concurrent.FutureTask.get(FutureTask.java:192)
	at org.apache.ratis.server.impl.LeaderElection.waitForResults(LeaderElection.java:262)
	at org.apache.ratis.server.impl.LeaderElection.askForVotes(LeaderElection.java:200)
	at org.apache.ratis.server.impl.LeaderElection.run(LeaderElection.java:130)
	at java.lang.Thread.run(Thread.java:748)
Caused by: org.apache.ratis.thirdparty.io.grpc.StatusRuntimeException: UNAVAILABLE: io exception
	at org.apache.ratis.thirdparty.io.grpc.stub.ClientCalls.toStatusRuntimeException(ClientCalls.java:233)
	at org.apache.ratis.thirdparty.io.grpc.stub.ClientCalls.getUnchecked(ClientCalls.java:214)
	at org.apache.ratis.thirdparty.io.grpc.stub.ClientCalls.blockingUnaryCall(ClientCalls.java:139)
	at org.apache.ratis.proto.grpc.RaftServerProtocolServiceGrpc$RaftServerProtocolServiceBlockingStub.requestVote(RaftServerProtocolServiceGrpc.java:265)
	at org.apache.ratis.grpc.server.GrpcServerProtocolClient.requestVote(GrpcServerProtocolClient.java:83)
	at org.apache.ratis.grpc.server.GrpcService.requestVote(GrpcService.java:195)
	at org.apache.ratis.server.impl.LeaderElection.lambda$submitRequests$1(LeaderElection.java:237)
	at java.util.concurrent.FutureTask.run(FutureTask.java:266)
	at java.util.concurrent.Executors$RunnableAdapter.call(Executors.java:511)
	at java.util.concurrent.FutureTask.run(FutureTask.java:266)
	at java.util.concurrent.ThreadPoolExecutor.runWorker(ThreadPoolExecutor.java:1149)
	at java.util.concurrent.ThreadPoolExecutor$Worker.run(ThreadPoolExecutor.java:624)
	... 1 more
Caused by: org.apache.ratis.thirdparty.io.netty.channel.AbstractChannel$AnnotatedConnectException: Connection refused: /192.168.69.96:41282
	at sun.nio.ch.SocketChannelImpl.checkConnect(Native Method)
	at sun.nio.ch.SocketChannelImpl.finishConnect(SocketChannelImpl.java:717)
	at org.apache.ratis.thirdparty.io.netty.channel.socket.nio.NioSocketChannel.doFinishConnect(NioSocketChannel.java:327)
	at org.apache.ratis.thirdparty.io.netty.channel.nio.AbstractNioChannel$AbstractNioUnsafe.finishConnect(AbstractNioChannel.java:340)
	at org.apache.ratis.thirdparty.io.netty.channel.nio.NioEventLoop.processSelectedKey(NioEventLoop.java:632)
	at org.apache.ratis.thirdparty.io.netty.channel.nio.NioEventLoop.processSelectedKeysOptimized(NioEventLoop.java:579)
	at org.apache.ratis.thirdparty.io.netty.channel.nio.NioEventLoop.processSelectedKeys(NioEventLoop.java:496)
	at org.apache.ratis.thirdparty.io.netty.channel.nio.NioEventLoop.run(NioEventLoop.java:458)
	at org.apache.ratis.thirdparty.io.netty.util.concurrent.SingleThreadEventExecutor$5.run(SingleThreadEventExecutor.java:897)
	at org.apache.ratis.thirdparty.io.netty.util.concurrent.FastThreadLocalRunnable.run(FastThreadLocalRunnable.java:30)
	... 1 more
Caused by: java.net.ConnectException: Connection refused
	... 11 more
2019-07-13 09:18:50,398 INFO  impl.LeaderElection (LogUtils.java:infoOrTrace(149)) - 236e68af-7fe1-40c1-8e07-8d5bf4f8457f:group-905A922CA967:LeaderElection100 got exception when requesting votes: {}
java.util.concurrent.ExecutionException: org.apache.ratis.thirdparty.io.grpc.StatusRuntimeException: UNAVAILABLE: io exception
	at java.util.concurrent.FutureTask.report(FutureTask.java:122)
	at java.util.concurrent.FutureTask.get(FutureTask.java:192)
	at org.apache.ratis.server.impl.LeaderElection.waitForResults(LeaderElection.java:262)
	at org.apache.ratis.server.impl.LeaderElection.askForVotes(LeaderElection.java:200)
	at org.apache.ratis.server.impl.LeaderElection.run(LeaderElection.java:130)
	at java.lang.Thread.run(Thread.java:748)
Caused by: org.apache.ratis.thirdparty.io.grpc.StatusRuntimeException: UNAVAILABLE: io exception
	at org.apache.ratis.thirdparty.io.grpc.stub.ClientCalls.toStatusRuntimeException(ClientCalls.java:233)
	at org.apache.ratis.thirdparty.io.grpc.stub.ClientCalls.getUnchecked(ClientCalls.java:214)
	at org.apache.ratis.thirdparty.io.grpc.stub.ClientCalls.blockingUnaryCall(ClientCalls.java:139)
	at org.apache.ratis.proto.grpc.RaftServerProtocolServiceGrpc$RaftServerProtocolServiceBlockingStub.requestVote(RaftServerProtocolServiceGrpc.java:265)
	at org.apache.ratis.grpc.server.GrpcServerProtocolClient.requestVote(GrpcServerProtocolClient.java:83)
	at org.apache.ratis.grpc.server.GrpcService.requestVote(GrpcService.java:195)
	at org.apache.ratis.server.impl.LeaderElection.lambda$submitRequests$1(LeaderElection.java:237)
	at java.util.concurrent.FutureTask.run(FutureTask.java:266)
	at java.util.concurrent.Executors$RunnableAdapter.call(Executors.java:511)
	at java.util.concurrent.FutureTask.run(FutureTask.java:266)
	at java.util.concurrent.ThreadPoolExecutor.runWorker(ThreadPoolExecutor.java:1149)
	at java.util.concurrent.ThreadPoolExecutor$Worker.run(ThreadPoolExecutor.java:624)
	... 1 more
Caused by: org.apache.ratis.thirdparty.io.netty.channel.AbstractChannel$AnnotatedConnectException: Connection refused: /192.168.69.96:43028
	at sun.nio.ch.SocketChannelImpl.checkConnect(Native Method)
	at sun.nio.ch.SocketChannelImpl.finishConnect(SocketChannelImpl.java:717)
	at org.apache.ratis.thirdparty.io.netty.channel.socket.nio.NioSocketChannel.doFinishConnect(NioSocketChannel.java:327)
	at org.apache.ratis.thirdparty.io.netty.channel.nio.AbstractNioChannel$AbstractNioUnsafe.finishConnect(AbstractNioChannel.java:340)
	at org.apache.ratis.thirdparty.io.netty.channel.nio.NioEventLoop.processSelectedKey(NioEventLoop.java:632)
	at org.apache.ratis.thirdparty.io.netty.channel.nio.NioEventLoop.processSelectedKeysOptimized(NioEventLoop.java:579)
	at org.apache.ratis.thirdparty.io.netty.channel.nio.NioEventLoop.processSelectedKeys(NioEventLoop.java:496)
	at org.apache.ratis.thirdparty.io.netty.channel.nio.NioEventLoop.run(NioEventLoop.java:458)
	at org.apache.ratis.thirdparty.io.netty.util.concurrent.SingleThreadEventExecutor$5.run(SingleThreadEventExecutor.java:897)
	at org.apache.ratis.thirdparty.io.netty.util.concurrent.FastThreadLocalRunnable.run(FastThreadLocalRunnable.java:30)
	... 1 more
Caused by: java.net.ConnectException: Connection refused
	... 11 more
2019-07-13 09:18:50,400 INFO  impl.LeaderElection (LeaderElection.java:logAndReturn(56)) - 236e68af-7fe1-40c1-8e07-8d5bf4f8457f:group-905A922CA967:LeaderElection100: Election REJECTED; received 0 response(s) [] and 2 exception(s); 236e68af-7fe1-40c1-8e07-8d5bf4f8457f:t2, leader=null, voted=236e68af-7fe1-40c1-8e07-8d5bf4f8457f, raftlog=236e68af-7fe1-40c1-8e07-8d5bf4f8457f-SegmentedRaftLog:OPENED:c8,f8,i8, conf=0: [236e68af-7fe1-40c1-8e07-8d5bf4f8457f:192.168.69.96:38784, 24bd4dfd-32bd-43aa-beef-90ae8c966227:192.168.69.96:41282, 9c4b0f75-73d5-4e4c-a19c-00ecb9356573:192.168.69.96:43028], old=null
2019-07-13 09:18:50,400 INFO  impl.LeaderElection (LogUtils.java:infoOrTrace(149)) -   Exception 0: {}
java.util.concurrent.ExecutionException: org.apache.ratis.thirdparty.io.grpc.StatusRuntimeException: UNAVAILABLE: io exception
	at java.util.concurrent.FutureTask.report(FutureTask.java:122)
	at java.util.concurrent.FutureTask.get(FutureTask.java:192)
	at org.apache.ratis.server.impl.LeaderElection.waitForResults(LeaderElection.java:262)
	at org.apache.ratis.server.impl.LeaderElection.askForVotes(LeaderElection.java:200)
	at org.apache.ratis.server.impl.LeaderElection.run(LeaderElection.java:130)
	at java.lang.Thread.run(Thread.java:748)
Caused by: org.apache.ratis.thirdparty.io.grpc.StatusRuntimeException: UNAVAILABLE: io exception
	at org.apache.ratis.thirdparty.io.grpc.stub.ClientCalls.toStatusRuntimeException(ClientCalls.java:233)
	at org.apache.ratis.thirdparty.io.grpc.stub.ClientCalls.getUnchecked(ClientCalls.java:214)
	at org.apache.ratis.thirdparty.io.grpc.stub.ClientCalls.blockingUnaryCall(ClientCalls.java:139)
	at org.apache.ratis.proto.grpc.RaftServerProtocolServiceGrpc$RaftServerProtocolServiceBlockingStub.requestVote(RaftServerProtocolServiceGrpc.java:265)
	at org.apache.ratis.grpc.server.GrpcServerProtocolClient.requestVote(GrpcServerProtocolClient.java:83)
	at org.apache.ratis.grpc.server.GrpcService.requestVote(GrpcService.java:195)
	at org.apache.ratis.server.impl.LeaderElection.lambda$submitRequests$1(LeaderElection.java:237)
	at java.util.concurrent.FutureTask.run(FutureTask.java:266)
	at java.util.concurrent.Executors$RunnableAdapter.call(Executors.java:511)
	at java.util.concurrent.FutureTask.run(FutureTask.java:266)
	at java.util.concurrent.ThreadPoolExecutor.runWorker(ThreadPoolExecutor.java:1149)
	at java.util.concurrent.ThreadPoolExecutor$Worker.run(ThreadPoolExecutor.java:624)
	... 1 more
Caused by: org.apache.ratis.thirdparty.io.netty.channel.AbstractChannel$AnnotatedConnectException: Connection refused: /192.168.69.96:41282
	at sun.nio.ch.SocketChannelImpl.checkConnect(Native Method)
	at sun.nio.ch.SocketChannelImpl.finishConnect(SocketChannelImpl.java:717)
	at org.apache.ratis.thirdparty.io.netty.channel.socket.nio.NioSocketChannel.doFinishConnect(NioSocketChannel.java:327)
	at org.apache.ratis.thirdparty.io.netty.channel.nio.AbstractNioChannel$AbstractNioUnsafe.finishConnect(AbstractNioChannel.java:340)
	at org.apache.ratis.thirdparty.io.netty.channel.nio.NioEventLoop.processSelectedKey(NioEventLoop.java:632)
	at org.apache.ratis.thirdparty.io.netty.channel.nio.NioEventLoop.processSelectedKeysOptimized(NioEventLoop.java:579)
	at org.apache.ratis.thirdparty.io.netty.channel.nio.NioEventLoop.processSelectedKeys(NioEventLoop.java:496)
	at org.apache.ratis.thirdparty.io.netty.channel.nio.NioEventLoop.run(NioEventLoop.java:458)
	at org.apache.ratis.thirdparty.io.netty.util.concurrent.SingleThreadEventExecutor$5.run(SingleThreadEventExecutor.java:897)
	at org.apache.ratis.thirdparty.io.netty.util.concurrent.FastThreadLocalRunnable.run(FastThreadLocalRunnable.java:30)
	... 1 more
Caused by: java.net.ConnectException: Connection refused
	... 11 more
2019-07-13 09:18:50,400 INFO  impl.LeaderElection (LogUtils.java:infoOrTrace(149)) -   Exception 1: {}
java.util.concurrent.ExecutionException: org.apache.ratis.thirdparty.io.grpc.StatusRuntimeException: UNAVAILABLE: io exception
	at java.util.concurrent.FutureTask.report(FutureTask.java:122)
	at java.util.concurrent.FutureTask.get(FutureTask.java:192)
	at org.apache.ratis.server.impl.LeaderElection.waitForResults(LeaderElection.java:262)
	at org.apache.ratis.server.impl.LeaderElection.askForVotes(LeaderElection.java:200)
	at org.apache.ratis.server.impl.LeaderElection.run(LeaderElection.java:130)
	at java.lang.Thread.run(Thread.java:748)
Caused by: org.apache.ratis.thirdparty.io.grpc.StatusRuntimeException: UNAVAILABLE: io exception
	at org.apache.ratis.thirdparty.io.grpc.stub.ClientCalls.toStatusRuntimeException(ClientCalls.java:233)
	at org.apache.ratis.thirdparty.io.grpc.stub.ClientCalls.getUnchecked(ClientCalls.java:214)
	at org.apache.ratis.thirdparty.io.grpc.stub.ClientCalls.blockingUnaryCall(ClientCalls.java:139)
	at org.apache.ratis.proto.grpc.RaftServerProtocolServiceGrpc$RaftServerProtocolServiceBlockingStub.requestVote(RaftServerProtocolServiceGrpc.java:265)
	at org.apache.ratis.grpc.server.GrpcServerProtocolClient.requestVote(GrpcServerProtocolClient.java:83)
	at org.apache.ratis.grpc.server.GrpcService.requestVote(GrpcService.java:195)
	at org.apache.ratis.server.impl.LeaderElection.lambda$submitRequests$1(LeaderElection.java:237)
	at java.util.concurrent.FutureTask.run(FutureTask.java:266)
	at java.util.concurrent.Executors$RunnableAdapter.call(Executors.java:511)
	at java.util.concurrent.FutureTask.run(FutureTask.java:266)
	at java.util.concurrent.ThreadPoolExecutor.runWorker(ThreadPoolExecutor.java:1149)
	at java.util.concurrent.ThreadPoolExecutor$Worker.run(ThreadPoolExecutor.java:624)
	... 1 more
Caused by: org.apache.ratis.thirdparty.io.netty.channel.AbstractChannel$AnnotatedConnectException: Connection refused: /192.168.69.96:43028
	at sun.nio.ch.SocketChannelImpl.checkConnect(Native Method)
	at sun.nio.ch.SocketChannelImpl.finishConnect(SocketChannelImpl.java:717)
	at org.apache.ratis.thirdparty.io.netty.channel.socket.nio.NioSocketChannel.doFinishConnect(NioSocketChannel.java:327)
	at org.apache.ratis.thirdparty.io.netty.channel.nio.AbstractNioChannel$AbstractNioUnsafe.finishConnect(AbstractNioChannel.java:340)
	at org.apache.ratis.thirdparty.io.netty.channel.nio.NioEventLoop.processSelectedKey(NioEventLoop.java:632)
	at org.apache.ratis.thirdparty.io.netty.channel.nio.NioEventLoop.processSelectedKeysOptimized(NioEventLoop.java:579)
	at org.apache.ratis.thirdparty.io.netty.channel.nio.NioEventLoop.processSelectedKeys(NioEventLoop.java:496)
	at org.apache.ratis.thirdparty.io.netty.channel.nio.NioEventLoop.run(NioEventLoop.java:458)
	at org.apache.ratis.thirdparty.io.netty.util.concurrent.SingleThreadEventExecutor$5.run(SingleThreadEventExecutor.java:897)
	at org.apache.ratis.thirdparty.io.netty.util.concurrent.FastThreadLocalRunnable.run(FastThreadLocalRunnable.java:30)
	... 1 more
Caused by: java.net.ConnectException: Connection refused
	... 11 more
2019-07-13 09:18:50,401 INFO  impl.RaftServerImpl (RaftServerImpl.java:setRole(171)) - 236e68af-7fe1-40c1-8e07-8d5bf4f8457f:group-905A922CA967 changes role from CANDIDATE to FOLLOWER at term 2 for DISCOVERED_A_NEW_TERM
2019-07-13 09:18:50,401 INFO  impl.RoleInfo (RoleInfo.java:shutdownLeaderElection(134)) - 236e68af-7fe1-40c1-8e07-8d5bf4f8457f: shutdown LeaderElection
2019-07-13 09:18:50,401 INFO  impl.RoleInfo (RoleInfo.java:updateAndGet(143)) - 236e68af-7fe1-40c1-8e07-8d5bf4f8457f: start FollowerState
2019-07-13 09:18:52,558 INFO  node.StaleNodeHandler (StaleNodeHandler.java:onMessage(58)) - Datanode d4ede211-52eb-4850-b072-4777607c9814{ip: 192.168.69.96, host: trunk-nightly-hmp62-43275749, networkLocation: /default-rack, certSerialId: null} moved to stale state. Finalizing its pipelines [PipelineID=6666044a-d735-422a-90f0-869bd0b3d6fc]
2019-07-13 09:18:52,558 INFO  pipeline.SCMPipelineManager (SCMPipelineManager.java:finalizeAndDestroyPipeline(309)) - destroying pipeline:Pipeline[ Id: 6666044a-d735-422a-90f0-869bd0b3d6fc, Nodes: d4ede211-52eb-4850-b072-4777607c9814{ip: 192.168.69.96, host: trunk-nightly-hmp62-43275749, networkLocation: /default-rack, certSerialId: null}, Type:RATIS, Factor:ONE, State:OPEN]
2019-07-13 09:18:52,559 INFO  pipeline.PipelineStateManager (PipelineStateManager.java:finalizePipeline(123)) - Pipeline Pipeline[ Id: 6666044a-d735-422a-90f0-869bd0b3d6fc, Nodes: d4ede211-52eb-4850-b072-4777607c9814{ip: 192.168.69.96, host: trunk-nightly-hmp62-43275749, networkLocation: /default-rack, certSerialId: null}, Type:RATIS, Factor:ONE, State:CLOSED] moved to CLOSED state
2019-07-13 09:18:52,574 WARN  server.GrpcLogAppender (LogUtils.java:warn(134)) - fd5c425d-5e71-4feb-9d85-6dad5dc05c67->34a55eb9-72fe-434e-adc2-b8700a9685da: Failed appendEntries: org.apache.ratis.thirdparty.io.grpc.StatusRuntimeException: UNAVAILABLE: io exception
2019-07-13 09:18:52,575 WARN  server.GrpcLogAppender (LogUtils.java:warn(134)) - fd5c425d-5e71-4feb-9d85-6dad5dc05c67->9e3b2b9f-0edc-4b89-96b7-ff99211975b8: Failed appendEntries: org.apache.ratis.thirdparty.io.grpc.StatusRuntimeException: UNAVAILABLE: io exception
2019-07-13 09:18:52,575 INFO  impl.FollowerInfo (FollowerInfo.java:lambda$new$0(50)) - fd5c425d-5e71-4feb-9d85-6dad5dc05c67->34a55eb9-72fe-434e-adc2-b8700a9685da: nextIndex: updateUnconditionally 4 -> 3
2019-07-13 09:18:52,575 INFO  impl.FollowerInfo (FollowerInfo.java:lambda$new$0(50)) - fd5c425d-5e71-4feb-9d85-6dad5dc05c67->9e3b2b9f-0edc-4b89-96b7-ff99211975b8: nextIndex: updateUnconditionally 7 -> 6
2019-07-13 09:18:52,959 INFO  node.StaleNodeHandler (StaleNodeHandler.java:onMessage(58)) - Datanode 236e68af-7fe1-40c1-8e07-8d5bf4f8457f{ip: 192.168.69.96, host: trunk-nightly-hmp62-43275749, networkLocation: /default-rack, certSerialId: null} moved to stale state. Finalizing its pipelines [PipelineID=6e180f53-5a97-413b-b567-780a5926afce, PipelineID=da87b7ef-0746-4a2b-811b-905a922ca967]
2019-07-13 09:18:52,959 INFO  pipeline.SCMPipelineManager (SCMPipelineManager.java:finalizeAndDestroyPipeline(309)) - destroying pipeline:Pipeline[ Id: 6e180f53-5a97-413b-b567-780a5926afce, Nodes: 236e68af-7fe1-40c1-8e07-8d5bf4f8457f{ip: 192.168.69.96, host: trunk-nightly-hmp62-43275749, networkLocation: /default-rack, certSerialId: null}, Type:RATIS, Factor:ONE, State:OPEN]
2019-07-13 09:18:52,959 INFO  pipeline.PipelineStateManager (PipelineStateManager.java:finalizePipeline(123)) - Pipeline Pipeline[ Id: 6e180f53-5a97-413b-b567-780a5926afce, Nodes: 236e68af-7fe1-40c1-8e07-8d5bf4f8457f{ip: 192.168.69.96, host: trunk-nightly-hmp62-43275749, networkLocation: /default-rack, certSerialId: null}, Type:RATIS, Factor:ONE, State:CLOSED] moved to CLOSED state
2019-07-13 09:18:52,959 INFO  pipeline.SCMPipelineManager (SCMPipelineManager.java:finalizeAndDestroyPipeline(309)) - destroying pipeline:Pipeline[ Id: da87b7ef-0746-4a2b-811b-905a922ca967, Nodes: 9c4b0f75-73d5-4e4c-a19c-00ecb9356573{ip: 192.168.69.96, host: trunk-nightly-hmp62-43275749, networkLocation: /default-rack, certSerialId: null}24bd4dfd-32bd-43aa-beef-90ae8c966227{ip: 192.168.69.96, host: trunk-nightly-hmp62-43275749, networkLocation: /default-rack, certSerialId: null}236e68af-7fe1-40c1-8e07-8d5bf4f8457f{ip: 192.168.69.96, host: trunk-nightly-hmp62-43275749, networkLocation: /default-rack, certSerialId: null}, Type:RATIS, Factor:THREE, State:CLOSED]
2019-07-13 09:18:53,390 INFO  ozoneimpl.OzoneContainer (OzoneContainer.java:stop(199)) - Attempting to stop container services.
2019-07-13 09:18:53,390 INFO  ozoneimpl.OzoneContainer (OzoneContainer.java:stop(199)) - Attempting to stop container services.
2019-07-13 09:18:53,390 INFO  impl.RaftServerProxy (RaftServerProxy.java:lambda$close$4(314)) - 236e68af-7fe1-40c1-8e07-8d5bf4f8457f: close
2019-07-13 09:18:53,391 INFO  impl.RaftServerProxy (RaftServerProxy.java:lambda$close$4(314)) - d4ede211-52eb-4850-b072-4777607c9814: close
2019-07-13 09:18:53,391 INFO  impl.RaftServerImpl (RaftServerImpl.java:lambda$shutdown$3(245)) - 236e68af-7fe1-40c1-8e07-8d5bf4f8457f: shutdown group-780A5926AFCE
2019-07-13 09:18:53,391 INFO  impl.RaftServerImpl (RaftServerImpl.java:lambda$shutdown$3(245)) - d4ede211-52eb-4850-b072-4777607c9814: shutdown group-869BD0B3D6FC
2019-07-13 09:18:53,392 INFO  util.JmxRegister (JmxRegister.java:unregister(73)) - Successfully un-registered JMX Bean with object name Ratis:service=RaftServer,group=group-869BD0B3D6FC,id=d4ede211-52eb-4850-b072-4777607c9814
2019-07-13 09:18:53,392 INFO  impl.RoleInfo (RoleInfo.java:shutdownLeaderState(104)) - d4ede211-52eb-4850-b072-4777607c9814: shutdown LeaderState
2019-07-13 09:18:53,391 INFO  util.JmxRegister (JmxRegister.java:unregister(73)) - Successfully un-registered JMX Bean with object name Ratis:service=RaftServer,group=group-780A5926AFCE,id=236e68af-7fe1-40c1-8e07-8d5bf4f8457f
2019-07-13 09:18:53,393 INFO  impl.PendingRequests (PendingRequests.java:sendNotLeaderResponses(202)) - d4ede211-52eb-4850-b072-4777607c9814-PendingRequests: sendNotLeaderResponses
2019-07-13 09:18:53,393 INFO  impl.RoleInfo (RoleInfo.java:shutdownLeaderState(104)) - 236e68af-7fe1-40c1-8e07-8d5bf4f8457f: shutdown LeaderState
2019-07-13 09:18:53,394 INFO  ratis.ContainerStateMachine (ContainerStateMachine.java:takeSnapshot(246)) - Taking snapshot at termIndex:(t:0, i:~)
2019-07-13 09:18:53,394 INFO  impl.StateMachineUpdater (StateMachineUpdater.java:stopAndJoin(115)) - StateMachineUpdater:d4ede211-52eb-4850-b072-4777607c9814:group-869BD0B3D6FC: set stopIndex = 0
2019-07-13 09:18:53,394 INFO  impl.RaftServerImpl (ServerState.java:close(394)) - d4ede211-52eb-4850-b072-4777607c9814:group-869BD0B3D6FC closes. The last applied log index is 0
2019-07-13 09:18:53,394 INFO  impl.PendingRequests (PendingRequests.java:sendNotLeaderResponses(202)) - 236e68af-7fe1-40c1-8e07-8d5bf4f8457f-PendingRequests: sendNotLeaderResponses
2019-07-13 09:18:53,395 INFO  segmented.SegmentedRaftLogWorker (SegmentedRaftLogWorker.java:run(313)) - d4ede211-52eb-4850-b072-4777607c9814-SegmentedRaftLogWorker:Storage Directory /tmp/workdir/hadoop-ozone/integration-test/target/test-dir/MiniOzoneClusterImpl-f1122ca9-ffeb-42bd-a1c5-c08209646187/datanode-6/data/ratis/6666044a-d735-422a-90f0-869bd0b3d6fc was interrupted, exiting. There are 0 tasks remaining in the queue.
2019-07-13 09:18:53,395 INFO  impl.StateMachineUpdater (StateMachineUpdater.java:stopAndJoin(115)) - StateMachineUpdater:236e68af-7fe1-40c1-8e07-8d5bf4f8457f:group-780A5926AFCE: set stopIndex = 0
2019-07-13 09:18:53,398 INFO  segmented.SegmentedRaftLogWorker (SegmentedRaftLogWorker.java:close(228)) - d4ede211-52eb-4850-b072-4777607c9814-SegmentedRaftLogWorker:Storage Directory /tmp/workdir/hadoop-ozone/integration-test/target/test-dir/MiniOzoneClusterImpl-f1122ca9-ffeb-42bd-a1c5-c08209646187/datanode-6/data/ratis/6666044a-d735-422a-90f0-869bd0b3d6fc close()
2019-07-13 09:18:53,395 INFO  ratis.ContainerStateMachine (ContainerStateMachine.java:takeSnapshot(246)) - Taking snapshot at termIndex:(t:0, i:~)
2019-07-13 09:18:53,400 INFO  server.GrpcService (GrpcService.java:closeImpl(155)) - d4ede211-52eb-4850-b072-4777607c9814: shutdown server with port 34625 now
2019-07-13 09:18:53,400 INFO  impl.RaftServerImpl (ServerState.java:close(394)) - 236e68af-7fe1-40c1-8e07-8d5bf4f8457f:group-780A5926AFCE closes. The last applied log index is 0
2019-07-13 09:18:53,402 INFO  server.GrpcService (GrpcService.java:closeImpl(163)) - d4ede211-52eb-4850-b072-4777607c9814: shutdown server with port 34625 successfully
2019-07-13 09:18:53,403 INFO  segmented.SegmentedRaftLogWorker (SegmentedRaftLogWorker.java:run(313)) - 236e68af-7fe1-40c1-8e07-8d5bf4f8457f-SegmentedRaftLogWorker:Storage Directory /tmp/workdir/hadoop-ozone/integration-test/target/test-dir/MiniOzoneClusterImpl-f1122ca9-ffeb-42bd-a1c5-c08209646187/datanode-0/data/ratis/6e180f53-5a97-413b-b567-780a5926afce was interrupted, exiting. There are 0 tasks remaining in the queue.
2019-07-13 09:18:53,405 INFO  segmented.SegmentedRaftLogWorker (SegmentedRaftLogWorker.java:close(228)) - 236e68af-7fe1-40c1-8e07-8d5bf4f8457f-SegmentedRaftLogWorker:Storage Directory /tmp/workdir/hadoop-ozone/integration-test/target/test-dir/MiniOzoneClusterImpl-f1122ca9-ffeb-42bd-a1c5-c08209646187/datanode-0/data/ratis/6e180f53-5a97-413b-b567-780a5926afce close()
2019-07-13 09:18:53,413 INFO  impl.RaftServerImpl (RaftServerImpl.java:lambda$shutdown$3(245)) - 236e68af-7fe1-40c1-8e07-8d5bf4f8457f: shutdown group-905A922CA967
2019-07-13 09:18:53,413 INFO  util.JmxRegister (JmxRegister.java:unregister(73)) - Successfully un-registered JMX Bean with object name Ratis:service=RaftServer,group=group-905A922CA967,id=236e68af-7fe1-40c1-8e07-8d5bf4f8457f
2019-07-13 09:18:53,413 INFO  utils.BackgroundService (BackgroundService.java:shutdown(148)) - Shutting down service BlockDeletingService
2019-07-13 09:18:53,413 INFO  impl.RoleInfo (RoleInfo.java:shutdownFollowerState(121)) - 236e68af-7fe1-40c1-8e07-8d5bf4f8457f: shutdown FollowerState
2019-07-13 09:18:53,414 INFO  impl.StateMachineUpdater (StateMachineUpdater.java:stopAndJoin(115)) - StateMachineUpdater:236e68af-7fe1-40c1-8e07-8d5bf4f8457f:group-905A922CA967: set stopIndex = 8
2019-07-13 09:18:53,414 INFO  impl.FollowerState (FollowerState.java:run(114)) - 236e68af-7fe1-40c1-8e07-8d5bf4f8457f: FollowerState was interrupted: java.lang.InterruptedException: sleep interrupted
2019-07-13 09:18:53,414 INFO  ratis.ContainerStateMachine (ContainerStateMachine.java:takeSnapshot(246)) - Taking snapshot at termIndex:(t:1, i:7)
2019-07-13 09:18:53,417 INFO  ratis.ContainerStateMachine (ContainerStateMachine.java:takeSnapshot(250)) - Taking a snapshot to file /tmp/workdir/hadoop-ozone/integration-test/target/test-dir/MiniOzoneClusterImpl-f1122ca9-ffeb-42bd-a1c5-c08209646187/datanode-0/data/ratis/da87b7ef-0746-4a2b-811b-905a922ca967/sm/snapshot.1_7
2019-07-13 09:18:53,418 INFO  impl.StateMachineUpdater (StateMachineUpdater.java:takeSnapshot(242)) - StateMachineUpdater:236e68af-7fe1-40c1-8e07-8d5bf4f8457f:group-905A922CA967: Took a snapshot at index 7
2019-07-13 09:18:53,418 INFO  impl.StateMachineUpdater (StateMachineUpdater.java:lambda$new$0(80)) - StateMachineUpdater:236e68af-7fe1-40c1-8e07-8d5bf4f8457f:group-905A922CA967: snapshotIndex: updateIncreasingly -1 -> 7
2019-07-13 09:18:53,418 WARN  fs.CachingGetSpaceUsed (CachingGetSpaceUsed.java:run(183)) - Thread Interrupted waiting to refresh disk information: sleep interrupted
2019-07-13 09:18:53,419 INFO  impl.RaftServerImpl (ServerState.java:close(394)) - 236e68af-7fe1-40c1-8e07-8d5bf4f8457f:group-905A922CA967 closes. The last applied log index is 8
2019-07-13 09:18:53,419 INFO  segmented.SegmentedRaftLogWorker (SegmentedRaftLogWorker.java:run(313)) - 236e68af-7fe1-40c1-8e07-8d5bf4f8457f-SegmentedRaftLogWorker:Storage Directory /tmp/workdir/hadoop-ozone/integration-test/target/test-dir/MiniOzoneClusterImpl-f1122ca9-ffeb-42bd-a1c5-c08209646187/datanode-0/data/ratis/da87b7ef-0746-4a2b-811b-905a922ca967 was interrupted, exiting. There are 0 tasks remaining in the queue.
2019-07-13 09:18:53,419 INFO  segmented.SegmentedRaftLogWorker (SegmentedRaftLogWorker.java:close(228)) - 236e68af-7fe1-40c1-8e07-8d5bf4f8457f-SegmentedRaftLogWorker:Storage Directory /tmp/workdir/hadoop-ozone/integration-test/target/test-dir/MiniOzoneClusterImpl-f1122ca9-ffeb-42bd-a1c5-c08209646187/datanode-0/data/ratis/da87b7ef-0746-4a2b-811b-905a922ca967 close()
2019-07-13 09:18:53,420 INFO  server.GrpcService (GrpcService.java:closeImpl(155)) - 236e68af-7fe1-40c1-8e07-8d5bf4f8457f: shutdown server with port 38784 now
2019-07-13 09:18:53,420 INFO  server.GrpcService (GrpcService.java:closeImpl(163)) - 236e68af-7fe1-40c1-8e07-8d5bf4f8457f: shutdown server with port 38784 successfully
2019-07-13 09:18:53,421 INFO  utils.BackgroundService (BackgroundService.java:shutdown(148)) - Shutting down service BlockDeletingService
2019-07-13 09:18:53,426 WARN  fs.CachingGetSpaceUsed (CachingGetSpaceUsed.java:run(183)) - Thread Interrupted waiting to refresh disk information: sleep interrupted
2019-07-13 09:18:53,438 INFO  statemachine.DatanodeStateMachine (DatanodeStateMachine.java:stopDaemon(395)) - Ozone container server stopped.
2019-07-13 09:18:53,446 INFO  statemachine.DatanodeStateMachine (DatanodeStateMachine.java:stopDaemon(395)) - Ozone container server stopped.
2019-07-13 09:18:53,450 INFO  handler.ContextHandler (ContextHandler.java:doStop(910)) - Stopped o.e.j.w.WebAppContext@18ea91d7{/,null,UNAVAILABLE}{/hddsDatanode}
2019-07-13 09:18:53,451 INFO  handler.ContextHandler (ContextHandler.java:doStop(910)) - Stopped o.e.j.w.WebAppContext@64176780{/,null,UNAVAILABLE}{/hddsDatanode}
2019-07-13 09:18:53,452 INFO  server.AbstractConnector (AbstractConnector.java:doStop(318)) - Stopped ServerConnector@33cbd883{HTTP/1.1,[http/1.1]}{0.0.0.0:0}
2019-07-13 09:18:53,452 INFO  server.AbstractConnector (AbstractConnector.java:doStop(318)) - Stopped ServerConnector@61668c05{HTTP/1.1,[http/1.1]}{0.0.0.0:0}
2019-07-13 09:18:53,452 INFO  handler.ContextHandler (ContextHandler.java:doStop(910)) - Stopped o.e.j.s.ServletContextHandler@734df10b{/static,jar:file:/home/user/.m2/repository/org/apache/hadoop/hadoop-hdds-container-service/0.5.0-SNAPSHOT/hadoop-hdds-container-service-0.5.0-SNAPSHOT.jar!/webapps/static,UNAVAILABLE}
2019-07-13 09:18:53,454 INFO  handler.ContextHandler (ContextHandler.java:doStop(910)) - Stopped o.e.j.s.ServletContextHandler@4b98900b{/static,jar:file:/home/user/.m2/repository/org/apache/hadoop/hadoop-hdds-container-service/0.5.0-SNAPSHOT/hadoop-hdds-container-service-0.5.0-SNAPSHOT.jar!/webapps/static,UNAVAILABLE}
2019-07-13 09:18:53,454 INFO  handler.ContextHandler (ContextHandler.java:doStop(910)) - Stopped o.e.j.s.ServletContextHandler@5e6dcfa{/logs,file:///tmp/workdir/hadoop-ozone/integration-test/target/log,UNAVAILABLE}
2019-07-13 09:18:53,456 INFO  handler.ContextHandler (ContextHandler.java:doStop(910)) - Stopped o.e.j.s.ServletContextHandler@7265db9d{/logs,file:///tmp/workdir/hadoop-ozone/integration-test/target/log,UNAVAILABLE}
2019-07-13 09:18:53,457 INFO  datanode.ObjectStoreHandler (ObjectStoreHandler.java:close(155)) - Closing ObjectStoreHandler.
2019-07-13 09:18:53,458 INFO  ozone.HddsDatanodeService (HddsDatanodeService.java:stop(452)) - Stopped plug-in org.apache.hadoop.ozone.web.OzoneHddsDatanodeService@18505320
2019-07-13 09:18:54,093 INFO  statemachine.DatanodeStateMachine (DatanodeStateMachine.java:lambda$startDaemon$0(350)) - Ozone container server started.
2019-07-13 09:18:55,075 WARN  server.GrpcLogAppender (LogUtils.java:warn(134)) - fd5c425d-5e71-4feb-9d85-6dad5dc05c67->9e3b2b9f-0edc-4b89-96b7-ff99211975b8: Failed appendEntries: org.apache.ratis.thirdparty.io.grpc.StatusRuntimeException: UNAVAILABLE: io exception
2019-07-13 09:18:55,075 WARN  server.GrpcLogAppender (LogUtils.java:warn(134)) - fd5c425d-5e71-4feb-9d85-6dad5dc05c67->34a55eb9-72fe-434e-adc2-b8700a9685da: Failed appendEntries: org.apache.ratis.thirdparty.io.grpc.StatusRuntimeException: UNAVAILABLE: io exception
2019-07-13 09:18:55,076 INFO  impl.FollowerInfo (FollowerInfo.java:lambda$new$0(50)) - fd5c425d-5e71-4feb-9d85-6dad5dc05c67->9e3b2b9f-0edc-4b89-96b7-ff99211975b8: nextIndex: updateUnconditionally 6 -> 5
2019-07-13 09:18:55,076 INFO  impl.FollowerInfo (FollowerInfo.java:lambda$new$0(50)) - fd5c425d-5e71-4feb-9d85-6dad5dc05c67->34a55eb9-72fe-434e-adc2-b8700a9685da: nextIndex: updateUnconditionally 3 -> 2
2019-07-13 09:18:57,576 WARN  server.GrpcLogAppender (LogUtils.java:warn(134)) - fd5c425d-5e71-4feb-9d85-6dad5dc05c67->34a55eb9-72fe-434e-adc2-b8700a9685da: Failed appendEntries: org.apache.ratis.thirdparty.io.grpc.StatusRuntimeException: UNAVAILABLE: io exception
2019-07-13 09:18:57,576 WARN  server.GrpcLogAppender (LogUtils.java:warn(134)) - fd5c425d-5e71-4feb-9d85-6dad5dc05c67->9e3b2b9f-0edc-4b89-96b7-ff99211975b8: Failed appendEntries: org.apache.ratis.thirdparty.io.grpc.StatusRuntimeException: UNAVAILABLE: io exception
2019-07-13 09:18:57,576 INFO  impl.FollowerInfo (FollowerInfo.java:lambda$new$0(50)) - fd5c425d-5e71-4feb-9d85-6dad5dc05c67->34a55eb9-72fe-434e-adc2-b8700a9685da: nextIndex: updateUnconditionally 2 -> 1
2019-07-13 09:18:57,577 INFO  impl.FollowerInfo (FollowerInfo.java:lambda$new$0(50)) - fd5c425d-5e71-4feb-9d85-6dad5dc05c67->9e3b2b9f-0edc-4b89-96b7-ff99211975b8: nextIndex: updateUnconditionally 5 -> 4
2019-07-13 09:18:58,166 INFO  node.StaleNodeHandler (StaleNodeHandler.java:onMessage(58)) - Datanode fd5c425d-5e71-4feb-9d85-6dad5dc05c67{ip: 192.168.69.96, host: trunk-nightly-hmp62-43275749, networkLocation: /default-rack, certSerialId: null} moved to stale state. Finalizing its pipelines [PipelineID=47f34d73-994e-41ba-ae34-d88e1c48f225, PipelineID=f0f09204-00dc-42c2-93a8-809bebd223af]
2019-07-13 09:18:58,166 INFO  pipeline.SCMPipelineManager (SCMPipelineManager.java:finalizeAndDestroyPipeline(309)) - destroying pipeline:Pipeline[ Id: 47f34d73-994e-41ba-ae34-d88e1c48f225, Nodes: fd5c425d-5e71-4feb-9d85-6dad5dc05c67{ip: 192.168.69.96, host: trunk-nightly-hmp62-43275749, networkLocation: /default-rack, certSerialId: null}, Type:RATIS, Factor:ONE, State:OPEN]
2019-07-13 09:18:58,166 INFO  pipeline.PipelineStateManager (PipelineStateManager.java:finalizePipeline(123)) - Pipeline Pipeline[ Id: 47f34d73-994e-41ba-ae34-d88e1c48f225, Nodes: fd5c425d-5e71-4feb-9d85-6dad5dc05c67{ip: 192.168.69.96, host: trunk-nightly-hmp62-43275749, networkLocation: /default-rack, certSerialId: null}, Type:RATIS, Factor:ONE, State:CLOSED] moved to CLOSED state
2019-07-13 09:18:58,166 INFO  pipeline.SCMPipelineManager (SCMPipelineManager.java:finalizeAndDestroyPipeline(309)) - destroying pipeline:Pipeline[ Id: f0f09204-00dc-42c2-93a8-809bebd223af, Nodes: 34a55eb9-72fe-434e-adc2-b8700a9685da{ip: 192.168.69.96, host: trunk-nightly-hmp62-43275749, networkLocation: /default-rack, certSerialId: null}fd5c425d-5e71-4feb-9d85-6dad5dc05c67{ip: 192.168.69.96, host: trunk-nightly-hmp62-43275749, networkLocation: /default-rack, certSerialId: null}9e3b2b9f-0edc-4b89-96b7-ff99211975b8{ip: 192.168.69.96, host: trunk-nightly-hmp62-43275749, networkLocation: /default-rack, certSerialId: null}, Type:RATIS, Factor:THREE, State:CLOSED]
2019-07-13 09:18:58,459 INFO  ozoneimpl.OzoneContainer (OzoneContainer.java:stop(199)) - Attempting to stop container services.
2019-07-13 09:18:58,459 INFO  impl.RaftServerProxy (RaftServerProxy.java:lambda$close$4(314)) - fd5c425d-5e71-4feb-9d85-6dad5dc05c67: close
2019-07-13 09:18:58,460 INFO  impl.RaftServerImpl (RaftServerImpl.java:lambda$shutdown$3(245)) - fd5c425d-5e71-4feb-9d85-6dad5dc05c67: shutdown group-D88E1C48F225
2019-07-13 09:18:58,460 INFO  util.JmxRegister (JmxRegister.java:unregister(73)) - Successfully un-registered JMX Bean with object name Ratis:service=RaftServer,group=group-D88E1C48F225,id=fd5c425d-5e71-4feb-9d85-6dad5dc05c67
2019-07-13 09:18:58,461 INFO  impl.RoleInfo (RoleInfo.java:shutdownLeaderState(104)) - fd5c425d-5e71-4feb-9d85-6dad5dc05c67: shutdown LeaderState
2019-07-13 09:18:58,461 INFO  impl.PendingRequests (PendingRequests.java:sendNotLeaderResponses(202)) - fd5c425d-5e71-4feb-9d85-6dad5dc05c67-PendingRequests: sendNotLeaderResponses
2019-07-13 09:18:58,462 INFO  impl.StateMachineUpdater (StateMachineUpdater.java:stopAndJoin(115)) - StateMachineUpdater:fd5c425d-5e71-4feb-9d85-6dad5dc05c67:group-D88E1C48F225: set stopIndex = 0
2019-07-13 09:18:58,462 INFO  ratis.ContainerStateMachine (ContainerStateMachine.java:takeSnapshot(246)) - Taking snapshot at termIndex:(t:0, i:~)
2019-07-13 09:18:58,463 INFO  impl.RaftServerImpl (ServerState.java:close(394)) - fd5c425d-5e71-4feb-9d85-6dad5dc05c67:group-D88E1C48F225 closes. The last applied log index is 0
2019-07-13 09:18:58,463 INFO  segmented.SegmentedRaftLogWorker (SegmentedRaftLogWorker.java:run(313)) - fd5c425d-5e71-4feb-9d85-6dad5dc05c67-SegmentedRaftLogWorker:Storage Directory /tmp/workdir/hadoop-ozone/integration-test/target/test-dir/MiniOzoneClusterImpl-f1122ca9-ffeb-42bd-a1c5-c08209646187/datanode-5/data/ratis/47f34d73-994e-41ba-ae34-d88e1c48f225 was interrupted, exiting. There are 0 tasks remaining in the queue.
2019-07-13 09:18:58,464 INFO  segmented.SegmentedRaftLogWorker (SegmentedRaftLogWorker.java:close(228)) - fd5c425d-5e71-4feb-9d85-6dad5dc05c67-SegmentedRaftLogWorker:Storage Directory /tmp/workdir/hadoop-ozone/integration-test/target/test-dir/MiniOzoneClusterImpl-f1122ca9-ffeb-42bd-a1c5-c08209646187/datanode-5/data/ratis/47f34d73-994e-41ba-ae34-d88e1c48f225 close()
2019-07-13 09:18:58,464 INFO  impl.RaftServerImpl (RaftServerImpl.java:lambda$shutdown$3(245)) - fd5c425d-5e71-4feb-9d85-6dad5dc05c67: shutdown group-809BEBD223AF
2019-07-13 09:18:58,465 INFO  util.JmxRegister (JmxRegister.java:unregister(73)) - Successfully un-registered JMX Bean with object name Ratis:service=RaftServer,group=group-809BEBD223AF,id=fd5c425d-5e71-4feb-9d85-6dad5dc05c67
2019-07-13 09:18:58,465 INFO  impl.RoleInfo (RoleInfo.java:shutdownLeaderState(104)) - fd5c425d-5e71-4feb-9d85-6dad5dc05c67: shutdown LeaderState
2019-07-13 09:18:58,472 INFO  impl.PendingRequests (PendingRequests.java:sendNotLeaderResponses(202)) - fd5c425d-5e71-4feb-9d85-6dad5dc05c67-PendingRequests: sendNotLeaderResponses
2019-07-13 09:18:58,473 WARN  server.GrpcLogAppender (GrpcLogAppender.java:mayWait(143)) - GrpcLogAppender(fd5c425d-5e71-4feb-9d85-6dad5dc05c67->34a55eb9-72fe-434e-adc2-b8700a9685da): Wait interrupted by java.lang.InterruptedException
2019-07-13 09:18:58,473 WARN  server.GrpcLogAppender (GrpcLogAppender.java:mayWait(143)) - GrpcLogAppender(fd5c425d-5e71-4feb-9d85-6dad5dc05c67->9e3b2b9f-0edc-4b89-96b7-ff99211975b8): Wait interrupted by java.lang.InterruptedException
2019-07-13 09:18:58,476 INFO  ratis.ContainerStateMachine (ContainerStateMachine.java:takeSnapshot(246)) - Taking snapshot at termIndex:(t:1, i:8)
2019-07-13 09:18:58,475 INFO  impl.StateMachineUpdater (StateMachineUpdater.java:stopAndJoin(115)) - StateMachineUpdater:fd5c425d-5e71-4feb-9d85-6dad5dc05c67:group-809BEBD223AF: set stopIndex = 8
2019-07-13 09:18:58,476 INFO  ratis.ContainerStateMachine (ContainerStateMachine.java:takeSnapshot(250)) - Taking a snapshot to file /tmp/workdir/hadoop-ozone/integration-test/target/test-dir/MiniOzoneClusterImpl-f1122ca9-ffeb-42bd-a1c5-c08209646187/datanode-5/data/ratis/f0f09204-00dc-42c2-93a8-809bebd223af/sm/snapshot.1_8
2019-07-13 09:18:58,477 INFO  impl.StateMachineUpdater (StateMachineUpdater.java:takeSnapshot(242)) - StateMachineUpdater:fd5c425d-5e71-4feb-9d85-6dad5dc05c67:group-809BEBD223AF: Took a snapshot at index 8
2019-07-13 09:18:58,477 INFO  impl.StateMachineUpdater (StateMachineUpdater.java:lambda$new$0(80)) - StateMachineUpdater:fd5c425d-5e71-4feb-9d85-6dad5dc05c67:group-809BEBD223AF: snapshotIndex: updateIncreasingly -1 -> 8
2019-07-13 09:18:58,477 INFO  impl.RaftServerImpl (ServerState.java:close(394)) - fd5c425d-5e71-4feb-9d85-6dad5dc05c67:group-809BEBD223AF closes. The last applied log index is 8
2019-07-13 09:18:58,478 INFO  segmented.SegmentedRaftLogWorker (SegmentedRaftLogWorker.java:run(313)) - fd5c425d-5e71-4feb-9d85-6dad5dc05c67-SegmentedRaftLogWorker:Storage Directory /tmp/workdir/hadoop-ozone/integration-test/target/test-dir/MiniOzoneClusterImpl-f1122ca9-ffeb-42bd-a1c5-c08209646187/datanode-5/data/ratis/f0f09204-00dc-42c2-93a8-809bebd223af was interrupted, exiting. There are 0 tasks remaining in the queue.
2019-07-13 09:18:58,478 INFO  segmented.SegmentedRaftLogWorker (SegmentedRaftLogWorker.java:close(228)) - fd5c425d-5e71-4feb-9d85-6dad5dc05c67-SegmentedRaftLogWorker:Storage Directory /tmp/workdir/hadoop-ozone/integration-test/target/test-dir/MiniOzoneClusterImpl-f1122ca9-ffeb-42bd-a1c5-c08209646187/datanode-5/data/ratis/f0f09204-00dc-42c2-93a8-809bebd223af close()
2019-07-13 09:18:58,478 INFO  server.GrpcService (GrpcService.java:closeImpl(155)) - fd5c425d-5e71-4feb-9d85-6dad5dc05c67: shutdown server with port 42222 now
2019-07-13 09:18:58,481 INFO  server.GrpcService (GrpcService.java:closeImpl(163)) - fd5c425d-5e71-4feb-9d85-6dad5dc05c67: shutdown server with port 42222 successfully
2019-07-13 09:18:58,484 INFO  utils.BackgroundService (BackgroundService.java:shutdown(148)) - Shutting down service BlockDeletingService
2019-07-13 09:18:58,486 WARN  fs.CachingGetSpaceUsed (CachingGetSpaceUsed.java:run(183)) - Thread Interrupted waiting to refresh disk information: sleep interrupted
2019-07-13 09:18:58,501 INFO  statemachine.DatanodeStateMachine (DatanodeStateMachine.java:stopDaemon(395)) - Ozone container server stopped.
2019-07-13 09:18:58,514 INFO  handler.ContextHandler (ContextHandler.java:doStop(910)) - Stopped o.e.j.w.WebAppContext@77d695f2{/,null,UNAVAILABLE}{/hddsDatanode}
2019-07-13 09:18:58,514 INFO  server.AbstractConnector (AbstractConnector.java:doStop(318)) - Stopped ServerConnector@76639714{HTTP/1.1,[http/1.1]}{0.0.0.0:0}
2019-07-13 09:18:58,515 INFO  handler.ContextHandler (ContextHandler.java:doStop(910)) - Stopped o.e.j.s.ServletContextHandler@5e9257b3{/static,jar:file:/home/user/.m2/repository/org/apache/hadoop/hadoop-hdds-container-service/0.5.0-SNAPSHOT/hadoop-hdds-container-service-0.5.0-SNAPSHOT.jar!/webapps/static,UNAVAILABLE}
2019-07-13 09:18:58,515 INFO  handler.ContextHandler (ContextHandler.java:doStop(910)) - Stopped o.e.j.s.ServletContextHandler@396ea7ab{/logs,file:///tmp/workdir/hadoop-ozone/integration-test/target/log,UNAVAILABLE}
2019-07-13 09:18:58,516 INFO  ozone.MiniOzoneClusterImpl (MiniOzoneClusterImpl.java:stop(353)) - Stopping the StorageContainerManager
2019-07-13 09:18:58,516 INFO  server.StorageContainerManager (StorageContainerManager.java:stop(796)) - Stopping Replication Manager Service.
2019-07-13 09:18:58,517 INFO  container.ReplicationManager (ReplicationManager.java:stop(187)) - Stopping Replication Monitor Thread.
2019-07-13 09:18:58,517 INFO  server.StorageContainerManager (StorageContainerManager.java:stop(803)) - Stopping Lease Manager of the command watchers
2019-07-13 09:18:58,517 INFO  server.StorageContainerManager (StorageContainerManager.java:stop(810)) - Stopping datanode service RPC server
2019-07-13 09:18:58,517 INFO  server.SCMDatanodeProtocolServer (SCMDatanodeProtocolServer.java:stop(375)) - Stopping the RPC server for DataNodes
2019-07-13 09:18:58,517 INFO  ipc.Server (Server.java:stop(3082)) - Stopping server on 38260
2019-07-13 09:18:58,519 INFO  ipc.Server (Server.java:run(1185)) - Stopping IPC Server listener on 38260
2019-07-13 09:18:58,519 INFO  ipc.Server (Server.java:run(1319)) - Stopping IPC Server Responder
2019-07-13 09:18:58,567 WARN  node.NodeStateManager (NodeStateManager.java:scheduleNextHealthCheck(631)) - Current Thread is interrupted, shutting down HB processing thread for Node Manager.
2019-07-13 09:18:58,567 INFO  server.StorageContainerManager (StorageContainerManager.java:stop(818)) - Stopping block service RPC server
2019-07-13 09:18:58,567 INFO  server.SCMBlockProtocolServer (SCMBlockProtocolServer.java:stop(148)) - Stopping the RPC server for Block Protocol
2019-07-13 09:18:58,568 INFO  ipc.Server (Server.java:stop(3082)) - Stopping server on 43532
2019-07-13 09:18:58,570 INFO  ipc.Server (Server.java:run(1185)) - Stopping IPC Server listener on 43532
2019-07-13 09:18:58,570 INFO  server.StorageContainerManager (StorageContainerManager.java:stop(825)) - Stopping the StorageContainerLocationProtocol RPC server
2019-07-13 09:18:58,571 INFO  server.SCMClientProtocolServer (SCMClientProtocolServer.java:stop(157)) - Stopping the RPC server for Client Protocol
2019-07-13 09:18:58,570 INFO  ipc.Server (Server.java:run(1319)) - Stopping IPC Server Responder
2019-07-13 09:18:58,572 INFO  ipc.Server (Server.java:stop(3082)) - Stopping server on 45718
2019-07-13 09:18:58,574 INFO  ipc.Server (Server.java:run(1185)) - Stopping IPC Server listener on 45718
2019-07-13 09:18:58,574 INFO  ipc.Server (Server.java:run(1319)) - Stopping IPC Server Responder
2019-07-13 09:18:58,574 INFO  server.StorageContainerManager (StorageContainerManager.java:stop(832)) - Stopping Storage Container Manager HTTP server.
2019-07-13 09:18:58,576 INFO  handler.ContextHandler (ContextHandler.java:doStop(910)) - Stopped o.e.j.w.WebAppContext@84f0686{/,null,UNAVAILABLE}{/scm}
2019-07-13 09:18:58,577 INFO  server.AbstractConnector (AbstractConnector.java:doStop(318)) - Stopped ServerConnector@7b6846c6{HTTP/1.1,[http/1.1]}{0.0.0.0:0}
2019-07-13 09:18:58,578 INFO  handler.ContextHandler (ContextHandler.java:doStop(910)) - Stopped o.e.j.s.ServletContextHandler@65e503a7{/static,file:///tmp/workdir/hadoop-ozone/integration-test/target/test-classes/webapps/static,UNAVAILABLE}
2019-07-13 09:18:58,578 INFO  handler.ContextHandler (ContextHandler.java:doStop(910)) - Stopped o.e.j.s.ServletContextHandler@6e8e1a98{/logs,file:///tmp/workdir/hadoop-ozone/integration-test/target/log,UNAVAILABLE}
2019-07-13 09:18:58,579 INFO  server.StorageContainerManager (StorageContainerManager.java:stop(843)) - Stopping Block Manager Service.
2019-07-13 09:18:58,579 INFO  utils.BackgroundService (BackgroundService.java:shutdown(148)) - Shutting down service SCMBlockDeletingService
2019-07-13 09:18:58,580 INFO  utils.BackgroundService (BackgroundService.java:shutdown(148)) - Shutting down service SCMBlockDeletingService
2019-07-13 09:18:58,580 INFO  server.StorageContainerManager (StorageContainerManager.java:stop(865)) - Stopping SCM Event Queue.
2019-07-13 09:18:58,583 INFO  impl.MetricsSystemImpl (MetricsSystemImpl.java:stop(210)) - Stopping HddsDatanode metrics system...
2019-07-13 09:18:58,594 INFO  impl.MetricsSystemImpl (MetricsSystemImpl.java:stop(216)) - HddsDatanode metrics system stopped.
]]></system-out>
    <system-err><![CDATA[Jul 13, 2019 9:18:25 AM com.sun.jersey.server.impl.application.WebApplicationImpl _initiate
INFO: Initiating Jersey application, version 'Jersey: 1.19 02/11/2015 03:25 AM'
Jul 13, 2019 9:18:25 AM com.sun.jersey.server.impl.application.WebApplicationImpl _initiate
INFO: Initiating Jersey application, version 'Jersey: 1.19 02/11/2015 03:25 AM'
Jul 13, 2019 9:18:25 AM com.sun.jersey.server.impl.application.WebApplicationImpl _initiate
INFO: Initiating Jersey application, version 'Jersey: 1.19 02/11/2015 03:25 AM'
Jul 13, 2019 9:18:25 AM com.sun.jersey.server.impl.application.WebApplicationImpl _initiate
INFO: Initiating Jersey application, version 'Jersey: 1.19 02/11/2015 03:25 AM'
Jul 13, 2019 9:18:26 AM com.sun.jersey.server.impl.application.WebApplicationImpl _initiate
INFO: Initiating Jersey application, version 'Jersey: 1.19 02/11/2015 03:25 AM'
Jul 13, 2019 9:18:26 AM com.sun.jersey.server.impl.application.WebApplicationImpl _initiate
INFO: Initiating Jersey application, version 'Jersey: 1.19 02/11/2015 03:25 AM'
Jul 13, 2019 9:18:26 AM com.sun.jersey.server.impl.application.WebApplicationImpl _initiate
INFO: Initiating Jersey application, version 'Jersey: 1.19 02/11/2015 03:25 AM'
]]></system-err>
  </testcase>
</testsuite>