<?xml version="1.0" encoding="UTF-8"?>
<testsuite xmlns:xsi="http://www.w3.org/2001/XMLSchema-instance" xsi:noNamespaceSchemaLocation="https://maven.apache.org/surefire/maven-surefire-plugin/xsd/surefire-test-report.xsd" name="org.apache.hadoop.ozone.client.rpc.Test2WayCommitInRatis" time="46.619" tests="1" errors="1" skipped="0" failures="0">
  <properties>
    <property name="awt.toolkit" value="sun.awt.X11.XToolkit"/>
    <property name="file.encoding.pkg" value="sun.io"/>
    <property name="java.specification.version" value="1.8"/>
    <property name="sun.cpu.isalist" value=""/>
    <property name="sun.jnu.encoding" value="UTF-8"/>
    <property name="java.class.path" value="/workdir/hadoop-ozone/integration-test/target/test-classes:/workdir/hadoop-ozone/integration-test/target/classes:/home/user/.m2/repository/org/apache/hadoop/hadoop-ozone-common/0.5.0-SNAPSHOT/hadoop-ozone-common-0.5.0-SNAPSHOT.jar:/home/user/.m2/repository/org/apache/commons/commons-compress/1.4.1/commons-compress-1.4.1.jar:/home/user/.m2/repository/org/tukaani/xz/1.0/xz-1.0.jar:/home/user/.m2/repository/org/apache/hadoop/hadoop-common/3.2.0/hadoop-common-3.2.0.jar:/home/user/.m2/repository/org/apache/hadoop/hadoop-hdfs/3.2.0/hadoop-hdfs-3.2.0.jar:/home/user/.m2/repository/org/apache/hadoop/hadoop-hdfs-client/3.2.0/hadoop-hdfs-client-3.2.0.jar:/home/user/.m2/repository/com/fasterxml/jackson/core/jackson-annotations/2.9.9/jackson-annotations-2.9.9.jar:/home/user/.m2/repository/org/apache/hadoop/hadoop-hdds-common/0.5.0-SNAPSHOT/hadoop-hdds-common-0.5.0-SNAPSHOT.jar:/home/user/.m2/repository/javax/annotation/javax.annotation-api/1.2/javax.annotation-api-1.2.jar:/home/user/.m2/repository/org/apache/ratis/ratis-server/0.4.0/ratis-server-0.4.0.jar:/home/user/.m2/repository/org/apache/ratis/ratis-thirdparty-misc/0.2.0/ratis-thirdparty-misc-0.2.0.jar:/home/user/.m2/repository/org/apache/ratis/ratis-proto/0.4.0/ratis-proto-0.4.0.jar:/home/user/.m2/repository/org/apache/ratis/ratis-common/0.4.0/ratis-common-0.4.0.jar:/home/user/.m2/repository/org/apache/ratis/ratis-client/0.4.0/ratis-client-0.4.0.jar:/home/user/.m2/repository/org/apache/ratis/ratis-metrics/0.4.0/ratis-metrics-0.4.0.jar:/home/user/.m2/repository/com/github/joshelser/dropwizard-metrics-hadoop-metrics2-reporter/0.1.2/dropwizard-metrics-hadoop-metrics2-reporter-0.1.2.jar:/home/user/.m2/repository/io/dropwizard/metrics/metrics-jvm/3.2.5/metrics-jvm-3.2.5.jar:/home/user/.m2/repository/io/dropwizard/metrics/metrics-ganglia/3.2.5/metrics-ganglia-3.2.5.jar:/home/user/.m2/repository/info/ganglia/gmetric4j/gmetric4j/1.0.7/gmetric4j-1.0.7.jar:/home/user/.m2/repository/org/apache/ratis/ratis-netty/0.4.0/ratis-netty-0.4.0.jar:/home/user/.m2/repository/org/apache/ratis/ratis-grpc/0.4.0/ratis-grpc-0.4.0.jar:/home/user/.m2/repository/org/rocksdb/rocksdbjni/6.0.1/rocksdbjni-6.0.1.jar:/home/user/.m2/repository/org/apache/logging/log4j/log4j-api/2.11.0/log4j-api-2.11.0.jar:/home/user/.m2/repository/org/apache/logging/log4j/log4j-core/2.11.0/log4j-core-2.11.0.jar:/home/user/.m2/repository/com/lmax/disruptor/3.4.2/disruptor-3.4.2.jar:/home/user/.m2/repository/org/apache/commons/commons-pool2/2.6.0/commons-pool2-2.6.0.jar:/home/user/.m2/repository/org/bouncycastle/bcpkix-jdk15on/1.60/bcpkix-jdk15on-1.60.jar:/home/user/.m2/repository/commons-validator/commons-validator/1.6/commons-validator-1.6.jar:/home/user/.m2/repository/commons-digester/commons-digester/1.8.1/commons-digester-1.8.1.jar:/home/user/.m2/repository/io/jaegertracing/jaeger-client/0.34.0/jaeger-client-0.34.0.jar:/home/user/.m2/repository/io/jaegertracing/jaeger-thrift/0.34.0/jaeger-thrift-0.34.0.jar:/home/user/.m2/repository/org/apache/thrift/libthrift/0.12.0/libthrift-0.12.0.jar:/home/user/.m2/repository/com/squareup/okhttp3/okhttp/3.9.0/okhttp-3.9.0.jar:/home/user/.m2/repository/com/squareup/okio/okio/1.13.0/okio-1.13.0.jar:/home/user/.m2/repository/io/jaegertracing/jaeger-core/0.34.0/jaeger-core-0.34.0.jar:/home/user/.m2/repository/io/jaegertracing/jaeger-tracerresolver/0.34.0/jaeger-tracerresolver-0.34.0.jar:/home/user/.m2/repository/io/opentracing/contrib/opentracing-tracerresolver/0.1.5/opentracing-tracerresolver-0.1.5.jar:/home/user/.m2/repository/io/opentracing/opentracing-util/0.31.0/opentracing-util-0.31.0.jar:/home/user/.m2/repository/io/opentracing/opentracing-api/0.31.0/opentracing-api-0.31.0.jar:/home/user/.m2/repository/io/opentracing/opentracing-noop/0.31.0/opentracing-noop-0.31.0.jar:/home/user/.m2/repository/org/apache/hadoop/hadoop-hdds-server-framework/0.5.0-SNAPSHOT/hadoop-hdds-server-framework-0.5.0-SNAPSHOT.jar:/home/user/.m2/repository/org/apache/hadoop/hadoop-hdds-container-service/0.5.0-SNAPSHOT/hadoop-hdds-container-service-0.5.0-SNAPSHOT.jar:/home/user/.m2/repository/org/apache/hadoop/hadoop-hdds-client/0.5.0-SNAPSHOT/hadoop-hdds-client-0.5.0-SNAPSHOT.jar:/home/user/.m2/repository/org/apache/hadoop/hadoop-hdds-tools/0.5.0-SNAPSHOT/hadoop-hdds-tools-0.5.0-SNAPSHOT.jar:/home/user/.m2/repository/org/apache/hadoop/hadoop-hdds-server-scm/0.5.0-SNAPSHOT/hadoop-hdds-server-scm-0.5.0-SNAPSHOT.jar:/home/user/.m2/repository/org/apache/hadoop/hadoop-hdds-docs/0.5.0-SNAPSHOT/hadoop-hdds-docs-0.5.0-SNAPSHOT.jar:/home/user/.m2/repository/io/dropwizard/metrics/metrics-core/3.2.4/metrics-core-3.2.4.jar:/home/user/.m2/repository/org/hamcrest/hamcrest-all/1.3/hamcrest-all-1.3.jar:/home/user/.m2/repository/org/bouncycastle/bcprov-jdk15on/1.60/bcprov-jdk15on-1.60.jar:/home/user/.m2/repository/info/picocli/picocli/3.9.6/picocli-3.9.6.jar:/home/user/.m2/repository/com/google/protobuf/protobuf-java/2.5.0/protobuf-java-2.5.0.jar:/home/user/.m2/repository/com/google/guava/guava/11.0.2/guava-11.0.2.jar:/home/user/.m2/repository/org/apache/hadoop/hadoop-ozone-ozone-manager/0.5.0-SNAPSHOT/hadoop-ozone-ozone-manager-0.5.0-SNAPSHOT.jar:/home/user/.m2/repository/org/apache/hadoop/hadoop-minikdc/3.2.0/hadoop-minikdc-3.2.0.jar:/home/user/.m2/repository/commons-io/commons-io/2.5/commons-io-2.5.jar:/home/user/.m2/repository/org/apache/kerby/kerb-simplekdc/1.0.1/kerb-simplekdc-1.0.1.jar:/home/user/.m2/repository/org/apache/kerby/kerb-client/1.0.1/kerb-client-1.0.1.jar:/home/user/.m2/repository/org/apache/kerby/kerby-config/1.0.1/kerby-config-1.0.1.jar:/home/user/.m2/repository/org/apache/kerby/kerb-core/1.0.1/kerb-core-1.0.1.jar:/home/user/.m2/repository/org/apache/kerby/kerby-pkix/1.0.1/kerby-pkix-1.0.1.jar:/home/user/.m2/repository/org/apache/kerby/kerby-asn1/1.0.1/kerby-asn1-1.0.1.jar:/home/user/.m2/repository/org/apache/kerby/kerby-util/1.0.1/kerby-util-1.0.1.jar:/home/user/.m2/repository/org/apache/kerby/kerb-common/1.0.1/kerb-common-1.0.1.jar:/home/user/.m2/repository/org/apache/kerby/kerb-crypto/1.0.1/kerb-crypto-1.0.1.jar:/home/user/.m2/repository/org/apache/kerby/kerb-util/1.0.1/kerb-util-1.0.1.jar:/home/user/.m2/repository/org/apache/kerby/token-provider/1.0.1/token-provider-1.0.1.jar:/home/user/.m2/repository/org/apache/kerby/kerb-admin/1.0.1/kerb-admin-1.0.1.jar:/home/user/.m2/repository/org/apache/kerby/kerb-server/1.0.1/kerb-server-1.0.1.jar:/home/user/.m2/repository/org/apache/kerby/kerb-identity/1.0.1/kerb-identity-1.0.1.jar:/home/user/.m2/repository/org/apache/kerby/kerby-xdr/1.0.1/kerby-xdr-1.0.1.jar:/home/user/.m2/repository/org/slf4j/slf4j-log4j12/1.7.25/slf4j-log4j12-1.7.25.jar:/home/user/.m2/repository/org/apache/hadoop/hadoop-ozone-s3gateway/0.5.0-SNAPSHOT/hadoop-ozone-s3gateway-0.5.0-SNAPSHOT.jar:/home/user/.m2/repository/org/jboss/weld/servlet/weld-servlet/2.4.7.Final/weld-servlet-2.4.7.Final.jar:/home/user/.m2/repository/org/glassfish/jersey/containers/jersey-container-servlet-core/2.27/jersey-container-servlet-core-2.27.jar:/home/user/.m2/repository/org/glassfish/hk2/external/javax.inject/2.5.0-b42/javax.inject-2.5.0-b42.jar:/home/user/.m2/repository/org/glassfish/jersey/core/jersey-common/2.27/jersey-common-2.27.jar:/home/user/.m2/repository/org/glassfish/hk2/osgi-resource-locator/1.0.1/osgi-resource-locator-1.0.1.jar:/home/user/.m2/repository/javax/ws/rs/javax.ws.rs-api/2.1/javax.ws.rs-api-2.1.jar:/home/user/.m2/repository/org/glassfish/jersey/ext/cdi/jersey-cdi1x/2.27/jersey-cdi1x-2.27.jar:/home/user/.m2/repository/org/glassfish/jersey/inject/jersey-hk2/2.27/jersey-hk2-2.27.jar:/home/user/.m2/repository/org/glassfish/hk2/hk2-locator/2.5.0-b42/hk2-locator-2.5.0-b42.jar:/home/user/.m2/repository/org/javassist/javassist/3.22.0-CR2/javassist-3.22.0-CR2.jar:/home/user/.m2/repository/org/glassfish/hk2/hk2-api/2.5.0/hk2-api-2.5.0.jar:/home/user/.m2/repository/org/glassfish/hk2/external/jakarta.inject/2.5.0/jakarta.inject-2.5.0.jar:/home/user/.m2/repository/org/glassfish/hk2/hk2-utils/2.5.0/hk2-utils-2.5.0.jar:/home/user/.m2/repository/jakarta/annotation/jakarta.annotation-api/1.3.4/jakarta.annotation-api-1.3.4.jar:/home/user/.m2/repository/org/glassfish/hk2/external/aopalliance-repackaged/2.5.0/aopalliance-repackaged-2.5.0.jar:/home/user/.m2/repository/com/fasterxml/jackson/dataformat/jackson-dataformat-xml/2.9.0/jackson-dataformat-xml-2.9.0.jar:/home/user/.m2/repository/com/fasterxml/jackson/core/jackson-core/2.9.9/jackson-core-2.9.9.jar:/home/user/.m2/repository/com/fasterxml/jackson/module/jackson-module-jaxb-annotations/2.9.9/jackson-module-jaxb-annotations-2.9.9.jar:/home/user/.m2/repository/javax/enterprise/cdi-api/1.2/cdi-api-1.2.jar:/home/user/.m2/repository/javax/el/javax.el-api/3.0.0/javax.el-api-3.0.0.jar:/home/user/.m2/repository/javax/interceptor/javax.interceptor-api/1.2/javax.interceptor-api-1.2.jar:/home/user/.m2/repository/javax/inject/javax.inject/1/javax.inject-1.jar:/home/user/.m2/repository/com/sun/xml/bind/jaxb-impl/2.3.0.1/jaxb-impl-2.3.0.1.jar:/home/user/.m2/repository/com/sun/xml/bind/jaxb-core/2.3.0.1/jaxb-core-2.3.0.1.jar:/home/user/.m2/repository/javax/xml/bind/jaxb-api/2.3.0/jaxb-api-2.3.0.jar:/home/user/.m2/repository/javax/activation/activation/1.1.1/activation-1.1.1.jar:/home/user/.m2/repository/org/apache/hadoop/hadoop-ozone-csi/0.5.0-SNAPSHOT/hadoop-ozone-csi-0.5.0-SNAPSHOT.jar:/home/user/.m2/repository/com/google/protobuf/protobuf-java-util/3.5.1/protobuf-java-util-3.5.1.jar:/home/user/.m2/repository/org/apache/hadoop/hadoop-hdds-config/0.5.0-SNAPSHOT/hadoop-hdds-config-0.5.0-SNAPSHOT.jar:/home/user/.m2/repository/io/grpc/grpc-netty/1.17.1/grpc-netty-1.17.1.jar:/home/user/.m2/repository/io/grpc/grpc-core/1.17.1/grpc-core-1.17.1.jar:/home/user/.m2/repository/io/grpc/grpc-context/1.17.1/grpc-context-1.17.1.jar:/home/user/.m2/repository/com/google/errorprone/error_prone_annotations/2.2.0/error_prone_annotations-2.2.0.jar:/home/user/.m2/repository/org/codehaus/mojo/animal-sniffer-annotations/1.17/animal-sniffer-annotations-1.17.jar:/home/user/.m2/repository/io/opencensus/opencensus-api/0.17.0/opencensus-api-0.17.0.jar:/home/user/.m2/repository/io/opencensus/opencensus-contrib-grpc-metrics/0.17.0/opencensus-contrib-grpc-metrics-0.17.0.jar:/home/user/.m2/repository/io/netty/netty-codec-http2/4.1.30.Final/netty-codec-http2-4.1.30.Final.jar:/home/user/.m2/repository/io/netty/netty-codec-http/4.1.30.Final/netty-codec-http-4.1.30.Final.jar:/home/user/.m2/repository/io/netty/netty-codec/4.1.30.Final/netty-codec-4.1.30.Final.jar:/home/user/.m2/repository/io/netty/netty-handler/4.1.30.Final/netty-handler-4.1.30.Final.jar:/home/user/.m2/repository/io/netty/netty-handler-proxy/4.1.30.Final/netty-handler-proxy-4.1.30.Final.jar:/home/user/.m2/repository/io/netty/netty-codec-socks/4.1.30.Final/netty-codec-socks-4.1.30.Final.jar:/home/user/.m2/repository/io/netty/netty-transport-native-epoll/4.1.30.Final/netty-transport-native-epoll-4.1.30.Final.jar:/home/user/.m2/repository/io/netty/netty-common/4.1.30.Final/netty-common-4.1.30.Final.jar:/home/user/.m2/repository/io/netty/netty-buffer/4.1.30.Final/netty-buffer-4.1.30.Final.jar:/home/user/.m2/repository/io/netty/netty-transport/4.1.30.Final/netty-transport-4.1.30.Final.jar:/home/user/.m2/repository/io/netty/netty-resolver/4.1.30.Final/netty-resolver-4.1.30.Final.jar:/home/user/.m2/repository/io/netty/netty-transport-native-unix-common/4.1.30.Final/netty-transport-native-unix-common-4.1.30.Final.jar:/home/user/.m2/repository/io/grpc/grpc-protobuf/1.17.1/grpc-protobuf-1.17.1.jar:/home/user/.m2/repository/com/google/api/grpc/proto-google-common-protos/1.0.0/proto-google-common-protos-1.0.0.jar:/home/user/.m2/repository/io/grpc/grpc-protobuf-lite/1.17.1/grpc-protobuf-lite-1.17.1.jar:/home/user/.m2/repository/io/grpc/grpc-stub/1.17.1/grpc-stub-1.17.1.jar:/home/user/.m2/repository/org/apache/hadoop/hadoop-ozone-recon/0.5.0-SNAPSHOT/hadoop-ozone-recon-0.5.0-SNAPSHOT.jar:/home/user/.m2/repository/org/apache/hadoop/hadoop-ozone-reconcodegen/0.5.0-SNAPSHOT/hadoop-ozone-reconcodegen-0.5.0-SNAPSHOT.jar:/home/user/.m2/repository/com/google/inject/extensions/guice-multibindings/4.0/guice-multibindings-4.0.jar:/home/user/.m2/repository/com/google/inject/guice/4.0/guice-4.0.jar:/home/user/.m2/repository/aopalliance/aopalliance/1.0/aopalliance-1.0.jar:/home/user/.m2/repository/com/google/inject/extensions/guice-servlet/4.0/guice-servlet-4.0.jar:/home/user/.m2/repository/org/glassfish/jersey/containers/jersey-container-servlet/2.27/jersey-container-servlet-2.27.jar:/home/user/.m2/repository/org/glassfish/hk2/guice-bridge/2.5.0/guice-bridge-2.5.0.jar:/home/user/.m2/repository/org/glassfish/jersey/core/jersey-server/2.27/jersey-server-2.27.jar:/home/user/.m2/repository/org/glassfish/jersey/core/jersey-client/2.27/jersey-client-2.27.jar:/home/user/.m2/repository/org/glassfish/jersey/media/jersey-media-jaxb/2.27/jersey-media-jaxb-2.27.jar:/home/user/.m2/repository/javax/validation/validation-api/1.1.0.Final/validation-api-1.1.0.Final.jar:/home/user/.m2/repository/org/glassfish/jersey/media/jersey-media-json-jackson/2.27/jersey-media-json-jackson-2.27.jar:/home/user/.m2/repository/org/glassfish/jersey/ext/jersey-entity-filtering/2.27/jersey-entity-filtering-2.27.jar:/home/user/.m2/repository/com/google/inject/extensions/guice-assistedinject/4.0/guice-assistedinject-4.0.jar:/home/user/.m2/repository/org/jooq/jooq/3.11.10/jooq-3.11.10.jar:/home/user/.m2/repository/org/jooq/jooq-meta/3.11.10/jooq-meta-3.11.10.jar:/home/user/.m2/repository/org/jooq/jooq-codegen/3.11.10/jooq-codegen-3.11.10.jar:/home/user/.m2/repository/com/jolbox/bonecp/0.8.0.RELEASE/bonecp-0.8.0.RELEASE.jar:/home/user/.m2/repository/org/xerial/sqlite-jdbc/3.25.2/sqlite-jdbc-3.25.2.jar:/home/user/.m2/repository/org/springframework/spring-jdbc/5.1.3.RELEASE/spring-jdbc-5.1.3.RELEASE.jar:/home/user/.m2/repository/org/springframework/spring-beans/5.1.3.RELEASE/spring-beans-5.1.3.RELEASE.jar:/home/user/.m2/repository/org/springframework/spring-core/5.1.3.RELEASE/spring-core-5.1.3.RELEASE.jar:/home/user/.m2/repository/org/springframework/spring-jcl/5.1.3.RELEASE/spring-jcl-5.1.3.RELEASE.jar:/home/user/.m2/repository/org/springframework/spring-tx/5.1.3.RELEASE/spring-tx-5.1.3.RELEASE.jar:/home/user/.m2/repository/org/apache/hadoop/hadoop-ozone-client/0.5.0-SNAPSHOT/hadoop-ozone-client-0.5.0-SNAPSHOT.jar:/home/user/.m2/repository/commons-lang/commons-lang/2.6/commons-lang-2.6.jar:/home/user/.m2/repository/org/apache/hadoop/hadoop-ozone-ozone-manager/0.5.0-SNAPSHOT/hadoop-ozone-ozone-manager-0.5.0-SNAPSHOT-tests.jar:/home/user/.m2/repository/junit/junit/4.11/junit-4.11.jar:/home/user/.m2/repository/org/hamcrest/hamcrest-core/1.3/hamcrest-core-1.3.jar:/home/user/.m2/repository/org/openjdk/jmh/jmh-core/1.19/jmh-core-1.19.jar:/home/user/.m2/repository/net/sf/jopt-simple/jopt-simple/4.6/jopt-simple-4.6.jar:/home/user/.m2/repository/org/apache/commons/commons-math3/3.1.1/commons-math3-3.1.1.jar:/home/user/.m2/repository/org/openjdk/jmh/jmh-generator-annprocess/1.19/jmh-generator-annprocess-1.19.jar:/home/user/.m2/repository/org/mockito/mockito-all/1.8.5/mockito-all-1.8.5.jar:/home/user/.m2/repository/org/apache/hadoop/hadoop-kms/3.2.0/hadoop-kms-3.2.0.jar:/home/user/.m2/repository/org/apache/hadoop/hadoop-auth/3.2.0/hadoop-auth-3.2.0.jar:/home/user/.m2/repository/com/nimbusds/nimbus-jose-jwt/4.41.1/nimbus-jose-jwt-4.41.1.jar:/home/user/.m2/repository/com/github/stephenc/jcip/jcip-annotations/1.0-1/jcip-annotations-1.0-1.jar:/home/user/.m2/repository/net/minidev/json-smart/2.3/json-smart-2.3.jar:/home/user/.m2/repository/net/minidev/accessors-smart/1.2/accessors-smart-1.2.jar:/home/user/.m2/repository/org/ow2/asm/asm/5.0.4/asm-5.0.4.jar:/home/user/.m2/repository/org/apache/curator/curator-framework/2.12.0/curator-framework-2.12.0.jar:/home/user/.m2/repository/com/sun/jersey/jersey-core/1.19/jersey-core-1.19.jar:/home/user/.m2/repository/javax/ws/rs/jsr311-api/1.1.1/jsr311-api-1.1.1.jar:/home/user/.m2/repository/com/sun/jersey/jersey-server/1.19/jersey-server-1.19.jar:/home/user/.m2/repository/javax/servlet/javax.servlet-api/3.1.0/javax.servlet-api-3.1.0.jar:/home/user/.m2/repository/org/eclipse/jetty/jetty-server/9.3.25.v20180904/jetty-server-9.3.25.v20180904.jar:/home/user/.m2/repository/org/eclipse/jetty/jetty-http/9.3.25.v20180904/jetty-http-9.3.25.v20180904.jar:/home/user/.m2/repository/org/eclipse/jetty/jetty-io/9.3.25.v20180904/jetty-io-9.3.25.v20180904.jar:/home/user/.m2/repository/org/eclipse/jetty/jetty-webapp/9.3.25.v20180904/jetty-webapp-9.3.25.v20180904.jar:/home/user/.m2/repository/org/eclipse/jetty/jetty-xml/9.3.25.v20180904/jetty-xml-9.3.25.v20180904.jar:/home/user/.m2/repository/log4j/log4j/1.2.17/log4j-1.2.17.jar:/home/user/.m2/repository/org/slf4j/slf4j-api/1.7.25/slf4j-api-1.7.25.jar:/home/user/.m2/repository/org/slf4j/jul-to-slf4j/1.7.25/jul-to-slf4j-1.7.25.jar:/home/user/.m2/repository/org/eclipse/jetty/jetty-util/9.3.25.v20180904/jetty-util-9.3.25.v20180904.jar:/home/user/.m2/repository/com/fasterxml/jackson/core/jackson-databind/2.9.9/jackson-databind-2.9.9.jar:/home/user/.m2/repository/org/apache/hadoop/hadoop-kms/3.2.0/hadoop-kms-3.2.0-tests.jar:/home/user/.m2/repository/org/apache/hadoop/hadoop-hdds-server-scm/0.5.0-SNAPSHOT/hadoop-hdds-server-scm-0.5.0-SNAPSHOT-tests.jar:/home/user/.m2/repository/org/apache/hadoop/hadoop-hdds-container-service/0.5.0-SNAPSHOT/hadoop-hdds-container-service-0.5.0-SNAPSHOT-tests.jar:/home/user/.m2/repository/org/yaml/snakeyaml/1.16/snakeyaml-1.16.jar:/home/user/.m2/repository/org/apache/hadoop/hadoop-common/3.2.0/hadoop-common-3.2.0-tests.jar:/home/user/.m2/repository/org/apache/hadoop/hadoop-annotations/3.2.0/hadoop-annotations-3.2.0.jar:/usr/lib/jvm/java-1.8-openjdk/jre/../lib/tools.jar:/home/user/.m2/repository/commons-cli/commons-cli/1.2/commons-cli-1.2.jar:/home/user/.m2/repository/org/apache/httpcomponents/httpclient/4.5.2/httpclient-4.5.2.jar:/home/user/.m2/repository/org/apache/httpcomponents/httpcore/4.4.4/httpcore-4.4.4.jar:/home/user/.m2/repository/commons-codec/commons-codec/1.11/commons-codec-1.11.jar:/home/user/.m2/repository/commons-net/commons-net/3.6/commons-net-3.6.jar:/home/user/.m2/repository/commons-collections/commons-collections/3.2.2/commons-collections-3.2.2.jar:/home/user/.m2/repository/org/eclipse/jetty/jetty-servlet/9.3.25.v20180904/jetty-servlet-9.3.25.v20180904.jar:/home/user/.m2/repository/org/eclipse/jetty/jetty-security/9.3.25.v20180904/jetty-security-9.3.25.v20180904.jar:/home/user/.m2/repository/javax/servlet/jsp/jsp-api/2.1/jsp-api-2.1.jar:/home/user/.m2/repository/com/sun/jersey/jersey-servlet/1.19/jersey-servlet-1.19.jar:/home/user/.m2/repository/com/sun/jersey/jersey-json/1.19/jersey-json-1.19.jar:/home/user/.m2/repository/org/codehaus/jettison/jettison/1.1/jettison-1.1.jar:/home/user/.m2/repository/org/codehaus/jackson/jackson-core-asl/1.9.13/jackson-core-asl-1.9.13.jar:/home/user/.m2/repository/org/codehaus/jackson/jackson-mapper-asl/1.9.13/jackson-mapper-asl-1.9.13.jar:/home/user/.m2/repository/org/codehaus/jackson/jackson-jaxrs/1.9.13/jackson-jaxrs-1.9.13.jar:/home/user/.m2/repository/org/codehaus/jackson/jackson-xc/1.9.13/jackson-xc-1.9.13.jar:/home/user/.m2/repository/commons-logging/commons-logging/1.1.3/commons-logging-1.1.3.jar:/home/user/.m2/repository/commons-beanutils/commons-beanutils/1.9.4/commons-beanutils-1.9.4.jar:/home/user/.m2/repository/org/apache/commons/commons-configuration2/2.1.1/commons-configuration2-2.1.1.jar:/home/user/.m2/repository/org/apache/commons/commons-lang3/3.7/commons-lang3-3.7.jar:/home/user/.m2/repository/org/apache/commons/commons-text/1.4/commons-text-1.4.jar:/home/user/.m2/repository/org/apache/avro/avro/1.7.7/avro-1.7.7.jar:/home/user/.m2/repository/com/thoughtworks/paranamer/paranamer/2.3/paranamer-2.3.jar:/home/user/.m2/repository/org/xerial/snappy/snappy-java/1.0.5/snappy-java-1.0.5.jar:/home/user/.m2/repository/com/google/re2j/re2j/1.1/re2j-1.1.jar:/home/user/.m2/repository/com/google/code/gson/gson/2.2.4/gson-2.2.4.jar:/home/user/.m2/repository/com/jcraft/jsch/0.1.54/jsch-0.1.54.jar:/home/user/.m2/repository/org/apache/curator/curator-client/2.12.0/curator-client-2.12.0.jar:/home/user/.m2/repository/org/apache/curator/curator-recipes/2.12.0/curator-recipes-2.12.0.jar:/home/user/.m2/repository/com/google/code/findbugs/jsr305/3.0.0/jsr305-3.0.0.jar:/home/user/.m2/repository/org/apache/htrace/htrace-core4/4.1.0-incubating/htrace-core4-4.1.0-incubating.jar:/home/user/.m2/repository/org/apache/zookeeper/zookeeper/3.4.13/zookeeper-3.4.13.jar:/home/user/.m2/repository/jline/jline/0.9.94/jline-0.9.94.jar:/home/user/.m2/repository/org/apache/yetus/audience-annotations/0.5.0/audience-annotations-0.5.0.jar:/home/user/.m2/repository/org/codehaus/woodstox/stax2-api/3.1.4/stax2-api-3.1.4.jar:/home/user/.m2/repository/com/fasterxml/woodstox/woodstox-core/5.0.3/woodstox-core-5.0.3.jar:/home/user/.m2/repository/dnsjava/dnsjava/2.1.7/dnsjava-2.1.7.jar:/home/user/.m2/repository/org/apache/hadoop/hadoop-hdfs/3.2.0/hadoop-hdfs-3.2.0-tests.jar:/home/user/.m2/repository/org/eclipse/jetty/jetty-util-ajax/9.3.25.v20180904/jetty-util-ajax-9.3.25.v20180904.jar:/home/user/.m2/repository/commons-daemon/commons-daemon/1.0.13/commons-daemon-1.0.13.jar:/home/user/.m2/repository/io/netty/netty/3.10.5.Final/netty-3.10.5.Final.jar:/home/user/.m2/repository/io/netty/netty-all/4.0.52.Final/netty-all-4.0.52.Final.jar:/home/user/.m2/repository/org/fusesource/leveldbjni/leveldbjni-all/1.8/leveldbjni-all-1.8.jar:"/>
    <property name="java.vm.vendor" value="IcedTea"/>
    <property name="sun.arch.data.model" value="64"/>
    <property name="test.build.dir" value="/workdir/hadoop-ozone/integration-test/target/test-dir"/>
    <property name="test.cache.data" value=""/>
    <property name="java.vendor.url" value="https://icedtea.classpath.org"/>
    <property name="user.timezone" value=""/>
    <property name="java.vm.specification.version" value="1.8"/>
    <property name="os.name" value="Linux"/>
    <property name="test.build.data" value="/workdir/hadoop-ozone/integration-test/target/test-dir"/>
    <property name="user.country" value="US"/>
    <property name="sun.java.launcher" value="SUN_STANDARD"/>
    <property name="sun.boot.library.path" value="/usr/lib/jvm/java-1.8-openjdk/jre/lib/amd64"/>
    <property name="sun.java.command" value="/workdir/hadoop-ozone/integration-test/target/surefire/surefirebooter7049237657875070374.jar /workdir/hadoop-ozone/integration-test/target/surefire 2019-09-23T15-15-59_719-jvmRun1 surefire562970289040872402tmp surefire_457836117065422201762tmp"/>
    <property name="test" value="!TestMiniChaosOzoneCluster"/>
    <property name="surefire.test.class.path" value="/workdir/hadoop-ozone/integration-test/target/test-classes:/workdir/hadoop-ozone/integration-test/target/classes:/home/user/.m2/repository/org/apache/hadoop/hadoop-ozone-common/0.5.0-SNAPSHOT/hadoop-ozone-common-0.5.0-SNAPSHOT.jar:/home/user/.m2/repository/org/apache/commons/commons-compress/1.4.1/commons-compress-1.4.1.jar:/home/user/.m2/repository/org/tukaani/xz/1.0/xz-1.0.jar:/home/user/.m2/repository/org/apache/hadoop/hadoop-common/3.2.0/hadoop-common-3.2.0.jar:/home/user/.m2/repository/org/apache/hadoop/hadoop-hdfs/3.2.0/hadoop-hdfs-3.2.0.jar:/home/user/.m2/repository/org/apache/hadoop/hadoop-hdfs-client/3.2.0/hadoop-hdfs-client-3.2.0.jar:/home/user/.m2/repository/com/fasterxml/jackson/core/jackson-annotations/2.9.9/jackson-annotations-2.9.9.jar:/home/user/.m2/repository/org/apache/hadoop/hadoop-hdds-common/0.5.0-SNAPSHOT/hadoop-hdds-common-0.5.0-SNAPSHOT.jar:/home/user/.m2/repository/javax/annotation/javax.annotation-api/1.2/javax.annotation-api-1.2.jar:/home/user/.m2/repository/org/apache/ratis/ratis-server/0.4.0/ratis-server-0.4.0.jar:/home/user/.m2/repository/org/apache/ratis/ratis-thirdparty-misc/0.2.0/ratis-thirdparty-misc-0.2.0.jar:/home/user/.m2/repository/org/apache/ratis/ratis-proto/0.4.0/ratis-proto-0.4.0.jar:/home/user/.m2/repository/org/apache/ratis/ratis-common/0.4.0/ratis-common-0.4.0.jar:/home/user/.m2/repository/org/apache/ratis/ratis-client/0.4.0/ratis-client-0.4.0.jar:/home/user/.m2/repository/org/apache/ratis/ratis-metrics/0.4.0/ratis-metrics-0.4.0.jar:/home/user/.m2/repository/com/github/joshelser/dropwizard-metrics-hadoop-metrics2-reporter/0.1.2/dropwizard-metrics-hadoop-metrics2-reporter-0.1.2.jar:/home/user/.m2/repository/io/dropwizard/metrics/metrics-jvm/3.2.5/metrics-jvm-3.2.5.jar:/home/user/.m2/repository/io/dropwizard/metrics/metrics-ganglia/3.2.5/metrics-ganglia-3.2.5.jar:/home/user/.m2/repository/info/ganglia/gmetric4j/gmetric4j/1.0.7/gmetric4j-1.0.7.jar:/home/user/.m2/repository/org/apache/ratis/ratis-netty/0.4.0/ratis-netty-0.4.0.jar:/home/user/.m2/repository/org/apache/ratis/ratis-grpc/0.4.0/ratis-grpc-0.4.0.jar:/home/user/.m2/repository/org/rocksdb/rocksdbjni/6.0.1/rocksdbjni-6.0.1.jar:/home/user/.m2/repository/org/apache/logging/log4j/log4j-api/2.11.0/log4j-api-2.11.0.jar:/home/user/.m2/repository/org/apache/logging/log4j/log4j-core/2.11.0/log4j-core-2.11.0.jar:/home/user/.m2/repository/com/lmax/disruptor/3.4.2/disruptor-3.4.2.jar:/home/user/.m2/repository/org/apache/commons/commons-pool2/2.6.0/commons-pool2-2.6.0.jar:/home/user/.m2/repository/org/bouncycastle/bcpkix-jdk15on/1.60/bcpkix-jdk15on-1.60.jar:/home/user/.m2/repository/commons-validator/commons-validator/1.6/commons-validator-1.6.jar:/home/user/.m2/repository/commons-digester/commons-digester/1.8.1/commons-digester-1.8.1.jar:/home/user/.m2/repository/io/jaegertracing/jaeger-client/0.34.0/jaeger-client-0.34.0.jar:/home/user/.m2/repository/io/jaegertracing/jaeger-thrift/0.34.0/jaeger-thrift-0.34.0.jar:/home/user/.m2/repository/org/apache/thrift/libthrift/0.12.0/libthrift-0.12.0.jar:/home/user/.m2/repository/com/squareup/okhttp3/okhttp/3.9.0/okhttp-3.9.0.jar:/home/user/.m2/repository/com/squareup/okio/okio/1.13.0/okio-1.13.0.jar:/home/user/.m2/repository/io/jaegertracing/jaeger-core/0.34.0/jaeger-core-0.34.0.jar:/home/user/.m2/repository/io/jaegertracing/jaeger-tracerresolver/0.34.0/jaeger-tracerresolver-0.34.0.jar:/home/user/.m2/repository/io/opentracing/contrib/opentracing-tracerresolver/0.1.5/opentracing-tracerresolver-0.1.5.jar:/home/user/.m2/repository/io/opentracing/opentracing-util/0.31.0/opentracing-util-0.31.0.jar:/home/user/.m2/repository/io/opentracing/opentracing-api/0.31.0/opentracing-api-0.31.0.jar:/home/user/.m2/repository/io/opentracing/opentracing-noop/0.31.0/opentracing-noop-0.31.0.jar:/home/user/.m2/repository/org/apache/hadoop/hadoop-hdds-server-framework/0.5.0-SNAPSHOT/hadoop-hdds-server-framework-0.5.0-SNAPSHOT.jar:/home/user/.m2/repository/org/apache/hadoop/hadoop-hdds-container-service/0.5.0-SNAPSHOT/hadoop-hdds-container-service-0.5.0-SNAPSHOT.jar:/home/user/.m2/repository/org/apache/hadoop/hadoop-hdds-client/0.5.0-SNAPSHOT/hadoop-hdds-client-0.5.0-SNAPSHOT.jar:/home/user/.m2/repository/org/apache/hadoop/hadoop-hdds-tools/0.5.0-SNAPSHOT/hadoop-hdds-tools-0.5.0-SNAPSHOT.jar:/home/user/.m2/repository/org/apache/hadoop/hadoop-hdds-server-scm/0.5.0-SNAPSHOT/hadoop-hdds-server-scm-0.5.0-SNAPSHOT.jar:/home/user/.m2/repository/org/apache/hadoop/hadoop-hdds-docs/0.5.0-SNAPSHOT/hadoop-hdds-docs-0.5.0-SNAPSHOT.jar:/home/user/.m2/repository/io/dropwizard/metrics/metrics-core/3.2.4/metrics-core-3.2.4.jar:/home/user/.m2/repository/org/hamcrest/hamcrest-all/1.3/hamcrest-all-1.3.jar:/home/user/.m2/repository/org/bouncycastle/bcprov-jdk15on/1.60/bcprov-jdk15on-1.60.jar:/home/user/.m2/repository/info/picocli/picocli/3.9.6/picocli-3.9.6.jar:/home/user/.m2/repository/com/google/protobuf/protobuf-java/2.5.0/protobuf-java-2.5.0.jar:/home/user/.m2/repository/com/google/guava/guava/11.0.2/guava-11.0.2.jar:/home/user/.m2/repository/org/apache/hadoop/hadoop-ozone-ozone-manager/0.5.0-SNAPSHOT/hadoop-ozone-ozone-manager-0.5.0-SNAPSHOT.jar:/home/user/.m2/repository/org/apache/hadoop/hadoop-minikdc/3.2.0/hadoop-minikdc-3.2.0.jar:/home/user/.m2/repository/commons-io/commons-io/2.5/commons-io-2.5.jar:/home/user/.m2/repository/org/apache/kerby/kerb-simplekdc/1.0.1/kerb-simplekdc-1.0.1.jar:/home/user/.m2/repository/org/apache/kerby/kerb-client/1.0.1/kerb-client-1.0.1.jar:/home/user/.m2/repository/org/apache/kerby/kerby-config/1.0.1/kerby-config-1.0.1.jar:/home/user/.m2/repository/org/apache/kerby/kerb-core/1.0.1/kerb-core-1.0.1.jar:/home/user/.m2/repository/org/apache/kerby/kerby-pkix/1.0.1/kerby-pkix-1.0.1.jar:/home/user/.m2/repository/org/apache/kerby/kerby-asn1/1.0.1/kerby-asn1-1.0.1.jar:/home/user/.m2/repository/org/apache/kerby/kerby-util/1.0.1/kerby-util-1.0.1.jar:/home/user/.m2/repository/org/apache/kerby/kerb-common/1.0.1/kerb-common-1.0.1.jar:/home/user/.m2/repository/org/apache/kerby/kerb-crypto/1.0.1/kerb-crypto-1.0.1.jar:/home/user/.m2/repository/org/apache/kerby/kerb-util/1.0.1/kerb-util-1.0.1.jar:/home/user/.m2/repository/org/apache/kerby/token-provider/1.0.1/token-provider-1.0.1.jar:/home/user/.m2/repository/org/apache/kerby/kerb-admin/1.0.1/kerb-admin-1.0.1.jar:/home/user/.m2/repository/org/apache/kerby/kerb-server/1.0.1/kerb-server-1.0.1.jar:/home/user/.m2/repository/org/apache/kerby/kerb-identity/1.0.1/kerb-identity-1.0.1.jar:/home/user/.m2/repository/org/apache/kerby/kerby-xdr/1.0.1/kerby-xdr-1.0.1.jar:/home/user/.m2/repository/org/slf4j/slf4j-log4j12/1.7.25/slf4j-log4j12-1.7.25.jar:/home/user/.m2/repository/org/apache/hadoop/hadoop-ozone-s3gateway/0.5.0-SNAPSHOT/hadoop-ozone-s3gateway-0.5.0-SNAPSHOT.jar:/home/user/.m2/repository/org/jboss/weld/servlet/weld-servlet/2.4.7.Final/weld-servlet-2.4.7.Final.jar:/home/user/.m2/repository/org/glassfish/jersey/containers/jersey-container-servlet-core/2.27/jersey-container-servlet-core-2.27.jar:/home/user/.m2/repository/org/glassfish/hk2/external/javax.inject/2.5.0-b42/javax.inject-2.5.0-b42.jar:/home/user/.m2/repository/org/glassfish/jersey/core/jersey-common/2.27/jersey-common-2.27.jar:/home/user/.m2/repository/org/glassfish/hk2/osgi-resource-locator/1.0.1/osgi-resource-locator-1.0.1.jar:/home/user/.m2/repository/javax/ws/rs/javax.ws.rs-api/2.1/javax.ws.rs-api-2.1.jar:/home/user/.m2/repository/org/glassfish/jersey/ext/cdi/jersey-cdi1x/2.27/jersey-cdi1x-2.27.jar:/home/user/.m2/repository/org/glassfish/jersey/inject/jersey-hk2/2.27/jersey-hk2-2.27.jar:/home/user/.m2/repository/org/glassfish/hk2/hk2-locator/2.5.0-b42/hk2-locator-2.5.0-b42.jar:/home/user/.m2/repository/org/javassist/javassist/3.22.0-CR2/javassist-3.22.0-CR2.jar:/home/user/.m2/repository/org/glassfish/hk2/hk2-api/2.5.0/hk2-api-2.5.0.jar:/home/user/.m2/repository/org/glassfish/hk2/external/jakarta.inject/2.5.0/jakarta.inject-2.5.0.jar:/home/user/.m2/repository/org/glassfish/hk2/hk2-utils/2.5.0/hk2-utils-2.5.0.jar:/home/user/.m2/repository/jakarta/annotation/jakarta.annotation-api/1.3.4/jakarta.annotation-api-1.3.4.jar:/home/user/.m2/repository/org/glassfish/hk2/external/aopalliance-repackaged/2.5.0/aopalliance-repackaged-2.5.0.jar:/home/user/.m2/repository/com/fasterxml/jackson/dataformat/jackson-dataformat-xml/2.9.0/jackson-dataformat-xml-2.9.0.jar:/home/user/.m2/repository/com/fasterxml/jackson/core/jackson-core/2.9.9/jackson-core-2.9.9.jar:/home/user/.m2/repository/com/fasterxml/jackson/module/jackson-module-jaxb-annotations/2.9.9/jackson-module-jaxb-annotations-2.9.9.jar:/home/user/.m2/repository/javax/enterprise/cdi-api/1.2/cdi-api-1.2.jar:/home/user/.m2/repository/javax/el/javax.el-api/3.0.0/javax.el-api-3.0.0.jar:/home/user/.m2/repository/javax/interceptor/javax.interceptor-api/1.2/javax.interceptor-api-1.2.jar:/home/user/.m2/repository/javax/inject/javax.inject/1/javax.inject-1.jar:/home/user/.m2/repository/com/sun/xml/bind/jaxb-impl/2.3.0.1/jaxb-impl-2.3.0.1.jar:/home/user/.m2/repository/com/sun/xml/bind/jaxb-core/2.3.0.1/jaxb-core-2.3.0.1.jar:/home/user/.m2/repository/javax/xml/bind/jaxb-api/2.3.0/jaxb-api-2.3.0.jar:/home/user/.m2/repository/javax/activation/activation/1.1.1/activation-1.1.1.jar:/home/user/.m2/repository/org/apache/hadoop/hadoop-ozone-csi/0.5.0-SNAPSHOT/hadoop-ozone-csi-0.5.0-SNAPSHOT.jar:/home/user/.m2/repository/com/google/protobuf/protobuf-java-util/3.5.1/protobuf-java-util-3.5.1.jar:/home/user/.m2/repository/org/apache/hadoop/hadoop-hdds-config/0.5.0-SNAPSHOT/hadoop-hdds-config-0.5.0-SNAPSHOT.jar:/home/user/.m2/repository/io/grpc/grpc-netty/1.17.1/grpc-netty-1.17.1.jar:/home/user/.m2/repository/io/grpc/grpc-core/1.17.1/grpc-core-1.17.1.jar:/home/user/.m2/repository/io/grpc/grpc-context/1.17.1/grpc-context-1.17.1.jar:/home/user/.m2/repository/com/google/errorprone/error_prone_annotations/2.2.0/error_prone_annotations-2.2.0.jar:/home/user/.m2/repository/org/codehaus/mojo/animal-sniffer-annotations/1.17/animal-sniffer-annotations-1.17.jar:/home/user/.m2/repository/io/opencensus/opencensus-api/0.17.0/opencensus-api-0.17.0.jar:/home/user/.m2/repository/io/opencensus/opencensus-contrib-grpc-metrics/0.17.0/opencensus-contrib-grpc-metrics-0.17.0.jar:/home/user/.m2/repository/io/netty/netty-codec-http2/4.1.30.Final/netty-codec-http2-4.1.30.Final.jar:/home/user/.m2/repository/io/netty/netty-codec-http/4.1.30.Final/netty-codec-http-4.1.30.Final.jar:/home/user/.m2/repository/io/netty/netty-codec/4.1.30.Final/netty-codec-4.1.30.Final.jar:/home/user/.m2/repository/io/netty/netty-handler/4.1.30.Final/netty-handler-4.1.30.Final.jar:/home/user/.m2/repository/io/netty/netty-handler-proxy/4.1.30.Final/netty-handler-proxy-4.1.30.Final.jar:/home/user/.m2/repository/io/netty/netty-codec-socks/4.1.30.Final/netty-codec-socks-4.1.30.Final.jar:/home/user/.m2/repository/io/netty/netty-transport-native-epoll/4.1.30.Final/netty-transport-native-epoll-4.1.30.Final.jar:/home/user/.m2/repository/io/netty/netty-common/4.1.30.Final/netty-common-4.1.30.Final.jar:/home/user/.m2/repository/io/netty/netty-buffer/4.1.30.Final/netty-buffer-4.1.30.Final.jar:/home/user/.m2/repository/io/netty/netty-transport/4.1.30.Final/netty-transport-4.1.30.Final.jar:/home/user/.m2/repository/io/netty/netty-resolver/4.1.30.Final/netty-resolver-4.1.30.Final.jar:/home/user/.m2/repository/io/netty/netty-transport-native-unix-common/4.1.30.Final/netty-transport-native-unix-common-4.1.30.Final.jar:/home/user/.m2/repository/io/grpc/grpc-protobuf/1.17.1/grpc-protobuf-1.17.1.jar:/home/user/.m2/repository/com/google/api/grpc/proto-google-common-protos/1.0.0/proto-google-common-protos-1.0.0.jar:/home/user/.m2/repository/io/grpc/grpc-protobuf-lite/1.17.1/grpc-protobuf-lite-1.17.1.jar:/home/user/.m2/repository/io/grpc/grpc-stub/1.17.1/grpc-stub-1.17.1.jar:/home/user/.m2/repository/org/apache/hadoop/hadoop-ozone-recon/0.5.0-SNAPSHOT/hadoop-ozone-recon-0.5.0-SNAPSHOT.jar:/home/user/.m2/repository/org/apache/hadoop/hadoop-ozone-reconcodegen/0.5.0-SNAPSHOT/hadoop-ozone-reconcodegen-0.5.0-SNAPSHOT.jar:/home/user/.m2/repository/com/google/inject/extensions/guice-multibindings/4.0/guice-multibindings-4.0.jar:/home/user/.m2/repository/com/google/inject/guice/4.0/guice-4.0.jar:/home/user/.m2/repository/aopalliance/aopalliance/1.0/aopalliance-1.0.jar:/home/user/.m2/repository/com/google/inject/extensions/guice-servlet/4.0/guice-servlet-4.0.jar:/home/user/.m2/repository/org/glassfish/jersey/containers/jersey-container-servlet/2.27/jersey-container-servlet-2.27.jar:/home/user/.m2/repository/org/glassfish/hk2/guice-bridge/2.5.0/guice-bridge-2.5.0.jar:/home/user/.m2/repository/org/glassfish/jersey/core/jersey-server/2.27/jersey-server-2.27.jar:/home/user/.m2/repository/org/glassfish/jersey/core/jersey-client/2.27/jersey-client-2.27.jar:/home/user/.m2/repository/org/glassfish/jersey/media/jersey-media-jaxb/2.27/jersey-media-jaxb-2.27.jar:/home/user/.m2/repository/javax/validation/validation-api/1.1.0.Final/validation-api-1.1.0.Final.jar:/home/user/.m2/repository/org/glassfish/jersey/media/jersey-media-json-jackson/2.27/jersey-media-json-jackson-2.27.jar:/home/user/.m2/repository/org/glassfish/jersey/ext/jersey-entity-filtering/2.27/jersey-entity-filtering-2.27.jar:/home/user/.m2/repository/com/google/inject/extensions/guice-assistedinject/4.0/guice-assistedinject-4.0.jar:/home/user/.m2/repository/org/jooq/jooq/3.11.10/jooq-3.11.10.jar:/home/user/.m2/repository/org/jooq/jooq-meta/3.11.10/jooq-meta-3.11.10.jar:/home/user/.m2/repository/org/jooq/jooq-codegen/3.11.10/jooq-codegen-3.11.10.jar:/home/user/.m2/repository/com/jolbox/bonecp/0.8.0.RELEASE/bonecp-0.8.0.RELEASE.jar:/home/user/.m2/repository/org/xerial/sqlite-jdbc/3.25.2/sqlite-jdbc-3.25.2.jar:/home/user/.m2/repository/org/springframework/spring-jdbc/5.1.3.RELEASE/spring-jdbc-5.1.3.RELEASE.jar:/home/user/.m2/repository/org/springframework/spring-beans/5.1.3.RELEASE/spring-beans-5.1.3.RELEASE.jar:/home/user/.m2/repository/org/springframework/spring-core/5.1.3.RELEASE/spring-core-5.1.3.RELEASE.jar:/home/user/.m2/repository/org/springframework/spring-jcl/5.1.3.RELEASE/spring-jcl-5.1.3.RELEASE.jar:/home/user/.m2/repository/org/springframework/spring-tx/5.1.3.RELEASE/spring-tx-5.1.3.RELEASE.jar:/home/user/.m2/repository/org/apache/hadoop/hadoop-ozone-client/0.5.0-SNAPSHOT/hadoop-ozone-client-0.5.0-SNAPSHOT.jar:/home/user/.m2/repository/commons-lang/commons-lang/2.6/commons-lang-2.6.jar:/home/user/.m2/repository/org/apache/hadoop/hadoop-ozone-ozone-manager/0.5.0-SNAPSHOT/hadoop-ozone-ozone-manager-0.5.0-SNAPSHOT-tests.jar:/home/user/.m2/repository/junit/junit/4.11/junit-4.11.jar:/home/user/.m2/repository/org/hamcrest/hamcrest-core/1.3/hamcrest-core-1.3.jar:/home/user/.m2/repository/org/openjdk/jmh/jmh-core/1.19/jmh-core-1.19.jar:/home/user/.m2/repository/net/sf/jopt-simple/jopt-simple/4.6/jopt-simple-4.6.jar:/home/user/.m2/repository/org/apache/commons/commons-math3/3.1.1/commons-math3-3.1.1.jar:/home/user/.m2/repository/org/openjdk/jmh/jmh-generator-annprocess/1.19/jmh-generator-annprocess-1.19.jar:/home/user/.m2/repository/org/mockito/mockito-all/1.8.5/mockito-all-1.8.5.jar:/home/user/.m2/repository/org/apache/hadoop/hadoop-kms/3.2.0/hadoop-kms-3.2.0.jar:/home/user/.m2/repository/org/apache/hadoop/hadoop-auth/3.2.0/hadoop-auth-3.2.0.jar:/home/user/.m2/repository/com/nimbusds/nimbus-jose-jwt/4.41.1/nimbus-jose-jwt-4.41.1.jar:/home/user/.m2/repository/com/github/stephenc/jcip/jcip-annotations/1.0-1/jcip-annotations-1.0-1.jar:/home/user/.m2/repository/net/minidev/json-smart/2.3/json-smart-2.3.jar:/home/user/.m2/repository/net/minidev/accessors-smart/1.2/accessors-smart-1.2.jar:/home/user/.m2/repository/org/ow2/asm/asm/5.0.4/asm-5.0.4.jar:/home/user/.m2/repository/org/apache/curator/curator-framework/2.12.0/curator-framework-2.12.0.jar:/home/user/.m2/repository/com/sun/jersey/jersey-core/1.19/jersey-core-1.19.jar:/home/user/.m2/repository/javax/ws/rs/jsr311-api/1.1.1/jsr311-api-1.1.1.jar:/home/user/.m2/repository/com/sun/jersey/jersey-server/1.19/jersey-server-1.19.jar:/home/user/.m2/repository/javax/servlet/javax.servlet-api/3.1.0/javax.servlet-api-3.1.0.jar:/home/user/.m2/repository/org/eclipse/jetty/jetty-server/9.3.25.v20180904/jetty-server-9.3.25.v20180904.jar:/home/user/.m2/repository/org/eclipse/jetty/jetty-http/9.3.25.v20180904/jetty-http-9.3.25.v20180904.jar:/home/user/.m2/repository/org/eclipse/jetty/jetty-io/9.3.25.v20180904/jetty-io-9.3.25.v20180904.jar:/home/user/.m2/repository/org/eclipse/jetty/jetty-webapp/9.3.25.v20180904/jetty-webapp-9.3.25.v20180904.jar:/home/user/.m2/repository/org/eclipse/jetty/jetty-xml/9.3.25.v20180904/jetty-xml-9.3.25.v20180904.jar:/home/user/.m2/repository/log4j/log4j/1.2.17/log4j-1.2.17.jar:/home/user/.m2/repository/org/slf4j/slf4j-api/1.7.25/slf4j-api-1.7.25.jar:/home/user/.m2/repository/org/slf4j/jul-to-slf4j/1.7.25/jul-to-slf4j-1.7.25.jar:/home/user/.m2/repository/org/eclipse/jetty/jetty-util/9.3.25.v20180904/jetty-util-9.3.25.v20180904.jar:/home/user/.m2/repository/com/fasterxml/jackson/core/jackson-databind/2.9.9/jackson-databind-2.9.9.jar:/home/user/.m2/repository/org/apache/hadoop/hadoop-kms/3.2.0/hadoop-kms-3.2.0-tests.jar:/home/user/.m2/repository/org/apache/hadoop/hadoop-hdds-server-scm/0.5.0-SNAPSHOT/hadoop-hdds-server-scm-0.5.0-SNAPSHOT-tests.jar:/home/user/.m2/repository/org/apache/hadoop/hadoop-hdds-container-service/0.5.0-SNAPSHOT/hadoop-hdds-container-service-0.5.0-SNAPSHOT-tests.jar:/home/user/.m2/repository/org/yaml/snakeyaml/1.16/snakeyaml-1.16.jar:/home/user/.m2/repository/org/apache/hadoop/hadoop-common/3.2.0/hadoop-common-3.2.0-tests.jar:/home/user/.m2/repository/org/apache/hadoop/hadoop-annotations/3.2.0/hadoop-annotations-3.2.0.jar:/usr/lib/jvm/java-1.8-openjdk/jre/../lib/tools.jar:/home/user/.m2/repository/commons-cli/commons-cli/1.2/commons-cli-1.2.jar:/home/user/.m2/repository/org/apache/httpcomponents/httpclient/4.5.2/httpclient-4.5.2.jar:/home/user/.m2/repository/org/apache/httpcomponents/httpcore/4.4.4/httpcore-4.4.4.jar:/home/user/.m2/repository/commons-codec/commons-codec/1.11/commons-codec-1.11.jar:/home/user/.m2/repository/commons-net/commons-net/3.6/commons-net-3.6.jar:/home/user/.m2/repository/commons-collections/commons-collections/3.2.2/commons-collections-3.2.2.jar:/home/user/.m2/repository/org/eclipse/jetty/jetty-servlet/9.3.25.v20180904/jetty-servlet-9.3.25.v20180904.jar:/home/user/.m2/repository/org/eclipse/jetty/jetty-security/9.3.25.v20180904/jetty-security-9.3.25.v20180904.jar:/home/user/.m2/repository/javax/servlet/jsp/jsp-api/2.1/jsp-api-2.1.jar:/home/user/.m2/repository/com/sun/jersey/jersey-servlet/1.19/jersey-servlet-1.19.jar:/home/user/.m2/repository/com/sun/jersey/jersey-json/1.19/jersey-json-1.19.jar:/home/user/.m2/repository/org/codehaus/jettison/jettison/1.1/jettison-1.1.jar:/home/user/.m2/repository/org/codehaus/jackson/jackson-core-asl/1.9.13/jackson-core-asl-1.9.13.jar:/home/user/.m2/repository/org/codehaus/jackson/jackson-mapper-asl/1.9.13/jackson-mapper-asl-1.9.13.jar:/home/user/.m2/repository/org/codehaus/jackson/jackson-jaxrs/1.9.13/jackson-jaxrs-1.9.13.jar:/home/user/.m2/repository/org/codehaus/jackson/jackson-xc/1.9.13/jackson-xc-1.9.13.jar:/home/user/.m2/repository/commons-logging/commons-logging/1.1.3/commons-logging-1.1.3.jar:/home/user/.m2/repository/commons-beanutils/commons-beanutils/1.9.4/commons-beanutils-1.9.4.jar:/home/user/.m2/repository/org/apache/commons/commons-configuration2/2.1.1/commons-configuration2-2.1.1.jar:/home/user/.m2/repository/org/apache/commons/commons-lang3/3.7/commons-lang3-3.7.jar:/home/user/.m2/repository/org/apache/commons/commons-text/1.4/commons-text-1.4.jar:/home/user/.m2/repository/org/apache/avro/avro/1.7.7/avro-1.7.7.jar:/home/user/.m2/repository/com/thoughtworks/paranamer/paranamer/2.3/paranamer-2.3.jar:/home/user/.m2/repository/org/xerial/snappy/snappy-java/1.0.5/snappy-java-1.0.5.jar:/home/user/.m2/repository/com/google/re2j/re2j/1.1/re2j-1.1.jar:/home/user/.m2/repository/com/google/code/gson/gson/2.2.4/gson-2.2.4.jar:/home/user/.m2/repository/com/jcraft/jsch/0.1.54/jsch-0.1.54.jar:/home/user/.m2/repository/org/apache/curator/curator-client/2.12.0/curator-client-2.12.0.jar:/home/user/.m2/repository/org/apache/curator/curator-recipes/2.12.0/curator-recipes-2.12.0.jar:/home/user/.m2/repository/com/google/code/findbugs/jsr305/3.0.0/jsr305-3.0.0.jar:/home/user/.m2/repository/org/apache/htrace/htrace-core4/4.1.0-incubating/htrace-core4-4.1.0-incubating.jar:/home/user/.m2/repository/org/apache/zookeeper/zookeeper/3.4.13/zookeeper-3.4.13.jar:/home/user/.m2/repository/jline/jline/0.9.94/jline-0.9.94.jar:/home/user/.m2/repository/org/apache/yetus/audience-annotations/0.5.0/audience-annotations-0.5.0.jar:/home/user/.m2/repository/org/codehaus/woodstox/stax2-api/3.1.4/stax2-api-3.1.4.jar:/home/user/.m2/repository/com/fasterxml/woodstox/woodstox-core/5.0.3/woodstox-core-5.0.3.jar:/home/user/.m2/repository/dnsjava/dnsjava/2.1.7/dnsjava-2.1.7.jar:/home/user/.m2/repository/org/apache/hadoop/hadoop-hdfs/3.2.0/hadoop-hdfs-3.2.0-tests.jar:/home/user/.m2/repository/org/eclipse/jetty/jetty-util-ajax/9.3.25.v20180904/jetty-util-ajax-9.3.25.v20180904.jar:/home/user/.m2/repository/commons-daemon/commons-daemon/1.0.13/commons-daemon-1.0.13.jar:/home/user/.m2/repository/io/netty/netty/3.10.5.Final/netty-3.10.5.Final.jar:/home/user/.m2/repository/io/netty/netty-all/4.0.52.Final/netty-all-4.0.52.Final.jar:/home/user/.m2/repository/org/fusesource/leveldbjni/leveldbjni-all/1.8/leveldbjni-all-1.8.jar:"/>
    <property name="sun.cpu.endian" value="little"/>
    <property name="user.home" value="/home/user"/>
    <property name="user.language" value="en"/>
    <property name="java.specification.vendor" value="Oracle Corporation"/>
    <property name="java.home" value="/usr/lib/jvm/java-1.8-openjdk/jre"/>
    <property name="java.security.krb5.conf" value="/workdir/hadoop-ozone/integration-test/target/test-classes/krb5.conf"/>
    <property name="basedir" value="/workdir/hadoop-ozone/integration-test"/>
    <property name="file.separator" value="/"/>
    <property name="line.separator" value="&#10;"/>
    <property name="java.vm.specification.vendor" value="Oracle Corporation"/>
    <property name="java.specification.name" value="Java Platform API Specification"/>
    <property name="java.awt.graphicsenv" value="sun.awt.X11GraphicsEnvironment"/>
    <property name="surefire.real.class.path" value="/workdir/hadoop-ozone/integration-test/target/surefire/surefirebooter7049237657875070374.jar"/>
    <property name="hadoop.log.dir" value="/workdir/hadoop-ozone/integration-test/target/log"/>
    <property name="sun.boot.class.path" value="/usr/lib/jvm/java-1.8-openjdk/jre/lib/resources.jar:/usr/lib/jvm/java-1.8-openjdk/jre/lib/rt.jar:/usr/lib/jvm/java-1.8-openjdk/jre/lib/sunrsasign.jar:/usr/lib/jvm/java-1.8-openjdk/jre/lib/jsse.jar:/usr/lib/jvm/java-1.8-openjdk/jre/lib/jce.jar:/usr/lib/jvm/java-1.8-openjdk/jre/lib/charsets.jar:/usr/lib/jvm/java-1.8-openjdk/jre/lib/jfr.jar:/usr/lib/jvm/java-1.8-openjdk/jre/classes"/>
    <property name="sun.management.compiler" value="HotSpot 64-Bit Tiered Compilers"/>
    <property name="java.runtime.version" value="1.8.0_212-b04"/>
    <property name="java.net.preferIPv4Stack" value="true"/>
    <property name="user.name" value="jenkins1000"/>
    <property name="path.separator" value=":"/>
    <property name="java.security.egd" value="file:///dev/urandom"/>
    <property name="os.version" value="3.10.0-957.12.2.el7.x86_64"/>
    <property name="java.endorsed.dirs" value="/usr/lib/jvm/java-1.8-openjdk/jre/lib/endorsed"/>
    <property name="java.runtime.name" value="OpenJDK Runtime Environment"/>
    <property name="file.encoding" value="UTF-8"/>
    <property name="java.vm.name" value="OpenJDK 64-Bit Server VM"/>
    <property name="test.build.webapps" value=""/>
    <property name="localRepository" value="/home/user/.m2/repository"/>
    <property name="java.vendor.url.bug" value="https://icedtea.classpath.org/bugzilla"/>
    <property name="java.io.tmpdir" value="/tmp"/>
    <property name="require.test.libhadoop" value=""/>
    <property name="java.version" value="1.8.0_212"/>
    <property name="user.dir" value="/workdir/hadoop-ozone/integration-test"/>
    <property name="os.arch" value="amd64"/>
    <property name="java.vm.specification.name" value="Java Virtual Machine Specification"/>
    <property name="test.build.classes" value="/workdir/hadoop-ozone/integration-test/target/test-classes"/>
    <property name="java.awt.printerjob" value="sun.print.PSPrinterJob"/>
    <property name="sun.os.patch.level" value="unknown"/>
    <property name="hadoop.tmp.dir" value="/workdir/hadoop-ozone/integration-test/target/tmp"/>
    <property name="java.library.path" value="/usr/lib/jvm/java-1.8-openjdk/jre/lib/amd64/server:/usr/lib/jvm/java-1.8-openjdk/jre/lib/amd64:/usr/lib/jvm/java-1.8-openjdk/jre/../lib/amd64:/workdir/hadoop-ozone/integration-test/target/native/target/usr/local/lib:/workdir/hadoop-ozone/integration-test/../../hadoop-common-project/hadoop-common/target/native/target/usr/local/lib:/usr/java/packages/lib/amd64:/usr/lib64:/lib64:/lib:/usr/lib"/>
    <property name="java.vm.info" value="mixed mode"/>
    <property name="java.vendor" value="IcedTea"/>
    <property name="java.vm.version" value="25.212-b04"/>
    <property name="java.ext.dirs" value="/usr/lib/jvm/java-1.8-openjdk/jre/lib/ext:/usr/java/packages/lib/ext"/>
    <property name="sun.io.unicode.encoding" value="UnicodeLittle"/>
    <property name="java.class.version" value="52.0"/>
  </properties>
  <testcase name="test2WayCommitForRetryfailure" classname="org.apache.hadoop.ozone.client.rpc.Test2WayCommitInRatis" time="46.544">
    <error message="org.apache.ratis.protocol.RaftRetryFailureException: Failed RaftClientRequest:client-FDC5995A4B71-&gt;61544022-af25-4c48-b0da-1584d68884dd@group-93F8A86BA0CA, cid=13, seq=1*, RW, org.apache.hadoop.hdds.scm.XceiverClientRatis$$Lambda$328/2107841088@6f6ea68b for 20 attempts with RetryLimited(maxAttempts=20, sleepTime=1000ms)" type="java.util.concurrent.ExecutionException">java.util.concurrent.ExecutionException: org.apache.ratis.protocol.RaftRetryFailureException: Failed RaftClientRequest:client-FDC5995A4B71->61544022-af25-4c48-b0da-1584d68884dd@group-93F8A86BA0CA, cid=13, seq=1*, RW, org.apache.hadoop.hdds.scm.XceiverClientRatis$$Lambda$328/2107841088@6f6ea68b for 20 attempts with RetryLimited(maxAttempts=20, sleepTime=1000ms)
	at java.util.concurrent.CompletableFuture.reportGet(CompletableFuture.java:357)
	at java.util.concurrent.CompletableFuture.get(CompletableFuture.java:1895)
	at org.apache.hadoop.ozone.client.rpc.Test2WayCommitInRatis.test2WayCommitForRetryfailure(Test2WayCommitInRatis.java:138)
	at sun.reflect.NativeMethodAccessorImpl.invoke0(Native Method)
	at sun.reflect.NativeMethodAccessorImpl.invoke(NativeMethodAccessorImpl.java:62)
	at sun.reflect.DelegatingMethodAccessorImpl.invoke(DelegatingMethodAccessorImpl.java:43)
	at java.lang.reflect.Method.invoke(Method.java:498)
	at org.junit.runners.model.FrameworkMethod$1.runReflectiveCall(FrameworkMethod.java:47)
	at org.junit.internal.runners.model.ReflectiveCallable.run(ReflectiveCallable.java:12)
	at org.junit.runners.model.FrameworkMethod.invokeExplosively(FrameworkMethod.java:44)
	at org.junit.internal.runners.statements.InvokeMethod.evaluate(InvokeMethod.java:17)
	at org.junit.runners.ParentRunner.runLeaf(ParentRunner.java:271)
	at org.junit.runners.BlockJUnit4ClassRunner.runChild(BlockJUnit4ClassRunner.java:70)
	at org.junit.runners.BlockJUnit4ClassRunner.runChild(BlockJUnit4ClassRunner.java:50)
	at org.junit.runners.ParentRunner$3.run(ParentRunner.java:238)
	at org.junit.runners.ParentRunner$1.schedule(ParentRunner.java:63)
	at org.junit.runners.ParentRunner.runChildren(ParentRunner.java:236)
	at org.junit.runners.ParentRunner.access$000(ParentRunner.java:53)
	at org.junit.runners.ParentRunner$2.evaluate(ParentRunner.java:229)
	at org.junit.runners.ParentRunner.run(ParentRunner.java:309)
	at org.apache.maven.surefire.junit4.JUnit4Provider.execute(JUnit4Provider.java:365)
	at org.apache.maven.surefire.junit4.JUnit4Provider.executeWithRerun(JUnit4Provider.java:273)
	at org.apache.maven.surefire.junit4.JUnit4Provider.executeTestSet(JUnit4Provider.java:238)
	at org.apache.maven.surefire.junit4.JUnit4Provider.invoke(JUnit4Provider.java:159)
	at org.apache.maven.surefire.booter.ForkedBooter.invokeProviderInSameClassLoader(ForkedBooter.java:384)
	at org.apache.maven.surefire.booter.ForkedBooter.runSuitesInProcess(ForkedBooter.java:345)
	at org.apache.maven.surefire.booter.ForkedBooter.execute(ForkedBooter.java:126)
	at org.apache.maven.surefire.booter.ForkedBooter.main(ForkedBooter.java:418)
Caused by: org.apache.ratis.protocol.RaftRetryFailureException: Failed RaftClientRequest:client-FDC5995A4B71->61544022-af25-4c48-b0da-1584d68884dd@group-93F8A86BA0CA, cid=13, seq=1*, RW, org.apache.hadoop.hdds.scm.XceiverClientRatis$$Lambda$328/2107841088@6f6ea68b for 20 attempts with RetryLimited(maxAttempts=20, sleepTime=1000ms)
	at org.apache.ratis.client.impl.RaftClientImpl.noMoreRetries(RaftClientImpl.java:271)
	at org.apache.ratis.client.impl.OrderedAsync.handleAsyncRetryFailure(OrderedAsync.java:138)
	at org.apache.ratis.client.impl.OrderedAsync.lambda$sendRequest$10(OrderedAsync.java:230)
	at java.util.concurrent.CompletableFuture.uniExceptionally(CompletableFuture.java:870)
	at java.util.concurrent.CompletableFuture$UniExceptionally.tryFire(CompletableFuture.java:852)
	at java.util.concurrent.CompletableFuture.postComplete(CompletableFuture.java:474)
	at java.util.concurrent.CompletableFuture.completeExceptionally(CompletableFuture.java:1977)
	at org.apache.ratis.grpc.client.GrpcClientProtocolClient$AsyncStreamObservers.completeReplyExceptionally(GrpcClientProtocolClient.java:339)
	at org.apache.ratis.grpc.client.GrpcClientProtocolClient$AsyncStreamObservers.access$000(GrpcClientProtocolClient.java:255)
	at org.apache.ratis.grpc.client.GrpcClientProtocolClient$AsyncStreamObservers$1.onNext(GrpcClientProtocolClient.java:267)
	at org.apache.ratis.grpc.client.GrpcClientProtocolClient$AsyncStreamObservers$1.onNext(GrpcClientProtocolClient.java:258)
	at org.apache.ratis.thirdparty.io.grpc.stub.ClientCalls$StreamObserverToCallListenerAdapter.onMessage(ClientCalls.java:421)
	at org.apache.ratis.thirdparty.io.grpc.ForwardingClientCallListener.onMessage(ForwardingClientCallListener.java:33)
	at org.apache.ratis.thirdparty.io.grpc.ForwardingClientCallListener.onMessage(ForwardingClientCallListener.java:33)
	at org.apache.ratis.thirdparty.io.grpc.internal.ClientCallImpl$ClientStreamListenerImpl$1MessagesAvailable.runInContext(ClientCallImpl.java:519)
	at org.apache.ratis.thirdparty.io.grpc.internal.ContextRunnable.run(ContextRunnable.java:37)
	at org.apache.ratis.thirdparty.io.grpc.internal.SerializingExecutor.run(SerializingExecutor.java:123)
	at java.util.concurrent.ThreadPoolExecutor.runWorker(ThreadPoolExecutor.java:1149)
	at java.util.concurrent.ThreadPoolExecutor$Worker.run(ThreadPoolExecutor.java:624)
	at java.lang.Thread.run(Thread.java:748)
Caused by: org.apache.ratis.protocol.NotLeaderException: Server 61544022-af25-4c48-b0da-1584d68884dd@group-93F8A86BA0CA is not the leader
	at org.apache.ratis.client.impl.ClientProtoUtils.toRaftClientReply(ClientProtoUtils.java:243)
	at org.apache.ratis.grpc.client.GrpcClientProtocolClient$AsyncStreamObservers$1.onNext(GrpcClientProtocolClient.java:263)
	... 10 more
</error>
    <system-out><![CDATA[2019-09-23 16:09:07,736 [main] WARN  server.ServerUtils (ServerUtils.java:getScmDbDir(145)) - ozone.scm.db.dirs is not configured. We recommend adding this setting. Falling back to ozone.metadata.dirs instead.
2019-09-23 16:09:11,117 [main] WARN  server.ServerUtils (ServerUtils.java:getScmDbDir(145)) - ozone.scm.db.dirs is not configured. We recommend adding this setting. Falling back to ozone.metadata.dirs instead.
2019-09-23 16:09:11,121 [main] WARN  server.ServerUtils (ServerUtils.java:getScmDbDir(145)) - ozone.scm.db.dirs is not configured. We recommend adding this setting. Falling back to ozone.metadata.dirs instead.
2019-09-23 16:09:11,142 [main] INFO  util.log (Log.java:initialized(192)) - Logging initialized @4256ms
2019-09-23 16:09:11,260 [main] INFO  db.DBStoreBuilder (DBStoreBuilder.java:addTable(110)) - using custom profile for table: deletedBlocks
2019-09-23 16:09:11,261 [main] INFO  db.DBStoreBuilder (DBStoreBuilder.java:processTables(161)) - Using default column profile:DBProfile.DISK for Table:deletedBlocks
2019-09-23 16:09:11,262 [main] INFO  db.DBStoreBuilder (DBStoreBuilder.java:addTable(110)) - using custom profile for table: validCerts
2019-09-23 16:09:11,262 [main] INFO  db.DBStoreBuilder (DBStoreBuilder.java:processTables(161)) - Using default column profile:DBProfile.DISK for Table:validCerts
2019-09-23 16:09:11,262 [main] INFO  db.DBStoreBuilder (DBStoreBuilder.java:addTable(110)) - using custom profile for table: revokedCerts
2019-09-23 16:09:11,263 [main] INFO  db.DBStoreBuilder (DBStoreBuilder.java:processTables(161)) - Using default column profile:DBProfile.DISK for Table:revokedCerts
2019-09-23 16:09:11,276 [main] INFO  db.DBStoreBuilder (DBStoreBuilder.java:addTable(110)) - using custom profile for table: default
2019-09-23 16:09:11,277 [main] INFO  db.DBStoreBuilder (DBStoreBuilder.java:processTables(167)) - Using default column profile:DBProfile.DISK for Table:default
2019-09-23 16:09:11,278 [main] INFO  db.DBStoreBuilder (DBStoreBuilder.java:getDbProfile(198)) - Using default options. DBProfile.DISK
2019-09-23 16:09:22,304 [main] INFO  net.NodeSchemaLoader (NodeSchemaLoader.java:loadSchemaFromFile(125)) - Loading file from sun.misc.CompoundEnumeration@77888435
2019-09-23 16:09:22,305 [main] INFO  net.NodeSchemaLoader (NodeSchemaLoader.java:loadSchema(171)) - Loading network topology layer schema file
2019-09-23 16:09:22,375 [main] WARN  server.ServerUtils (ServerUtils.java:sanitizeUserArgs(70)) - ozone.scm.stale.node.interval value = 300000 is larger than max = 100000 based on the key value of ozone.scm.heartbeat.thread.interval, reset to the max value 100000.
2019-09-23 16:09:22,377 [main] WARN  server.ServerUtils (ServerUtils.java:sanitizeUserArgs(70)) - ozone.scm.stale.node.interval value = 300000 is larger than max = 100000 based on the key value of ozone.scm.heartbeat.thread.interval, reset to the max value 100000.
2019-09-23 16:09:22,379 [main] INFO  node.SCMNodeManager (SCMNodeManager.java:<init>(114)) - Entering startup safe mode.
2019-09-23 16:09:22,451 [main] INFO  algorithms.ContainerPlacementPolicyFactory (ContainerPlacementPolicyFactory.java:getPolicy(57)) - Create container placement policy of type org.apache.hadoop.hdds.scm.container.placement.algorithms.SCMContainerPlacementRandom
2019-09-23 16:09:22,476 [main] WARN  server.ServerUtils (ServerUtils.java:getScmDbDir(145)) - ozone.scm.db.dirs is not configured. We recommend adding this setting. Falling back to ozone.metadata.dirs instead.
2019-09-23 16:09:22,550 [main] INFO  pipeline.SCMPipelineManager (SCMPipelineManager.java:initializePipelineState(132)) - No pipeline exists in current db
2019-09-23 16:09:22,553 [main] WARN  server.ServerUtils (ServerUtils.java:getScmDbDir(145)) - ozone.scm.db.dirs is not configured. We recommend adding this setting. Falling back to ozone.metadata.dirs instead.
2019-09-23 16:09:22,697 [main] WARN  events.EventQueue (EventQueue.java:fireEvent(183)) - No event handler registered for event TypedEvent{payloadType=SafeModeStatus, name='SafeModeStatus'}
2019-09-23 16:09:23,124 [main] INFO  ipc.CallQueueManager (CallQueueManager.java:<init>(84)) - Using callQueue: class java.util.concurrent.LinkedBlockingQueue, queueCapacity: 2000, scheduler: class org.apache.hadoop.ipc.DefaultRpcScheduler, ipcBackoff: false.
2019-09-23 16:09:23,157 [Socket Reader #1 for port 45123] INFO  ipc.Server (Server.java:run(1074)) - Starting Socket Reader #1 for port 45123
2019-09-23 16:09:23,331 [main] INFO  ipc.CallQueueManager (CallQueueManager.java:<init>(84)) - Using callQueue: class java.util.concurrent.LinkedBlockingQueue, queueCapacity: 2000, scheduler: class org.apache.hadoop.ipc.DefaultRpcScheduler, ipcBackoff: false.
2019-09-23 16:09:23,332 [Socket Reader #1 for port 39477] INFO  ipc.Server (Server.java:run(1074)) - Starting Socket Reader #1 for port 39477
2019-09-23 16:09:23,345 [main] INFO  ipc.CallQueueManager (CallQueueManager.java:<init>(84)) - Using callQueue: class java.util.concurrent.LinkedBlockingQueue, queueCapacity: 2000, scheduler: class org.apache.hadoop.ipc.DefaultRpcScheduler, ipcBackoff: false.
2019-09-23 16:09:23,346 [Socket Reader #1 for port 34555] INFO  ipc.Server (Server.java:run(1074)) - Starting Socket Reader #1 for port 34555
2019-09-23 16:09:23,375 [main] INFO  hdfs.DFSUtil (DFSUtil.java:httpServerTemplateForNNAndJN(1641)) - Starting Web-server for scm at: http://0.0.0.0:0
2019-09-23 16:09:23,561 [main] INFO  server.AuthenticationFilter (AuthenticationFilter.java:constructSecretProvider(240)) - Unable to initialize FileSignerSecretProvider, falling back to use random secrets.
2019-09-23 16:09:23,572 [main] WARN  http.HttpRequestLog (HttpRequestLog.java:getRequestLog(97)) - Jetty request log can only be enabled using Log4j
2019-09-23 16:09:23,584 [main] INFO  http.HttpServer2 (HttpServer2.java:addGlobalFilter(975)) - Added global filter 'safety' (class=org.apache.hadoop.http.HttpServer2$QuotingInputFilter)
2019-09-23 16:09:23,588 [main] INFO  http.HttpServer2 (HttpServer2.java:addFilter(948)) - Added filter static_user_filter (class=org.apache.hadoop.http.lib.StaticUserWebFilter$StaticUserFilter) to context scm
2019-09-23 16:09:23,589 [main] INFO  http.HttpServer2 (HttpServer2.java:addFilter(958)) - Added filter static_user_filter (class=org.apache.hadoop.http.lib.StaticUserWebFilter$StaticUserFilter) to context static
2019-09-23 16:09:23,589 [main] INFO  http.HttpServer2 (HttpServer2.java:addFilter(958)) - Added filter static_user_filter (class=org.apache.hadoop.http.lib.StaticUserWebFilter$StaticUserFilter) to context logs
2019-09-23 16:09:23,632 [main] INFO  server.StorageContainerManager (StorageContainerManager.java:start(770)) - StorageContainerLocationProtocol RPC server is listening at /0.0.0.0:34555
2019-09-23 16:09:23,729 [main] WARN  impl.MetricsConfig (MetricsConfig.java:loadFirst(134)) - Cannot locate configuration: tried hadoop-metrics2-storagecontainermanager.properties,hadoop-metrics2.properties
2019-09-23 16:09:23,743 [main] INFO  impl.MetricsSystemImpl (MetricsSystemImpl.java:startTimer(374)) - Scheduled Metric snapshot period at 10 second(s).
2019-09-23 16:09:23,744 [main] INFO  impl.MetricsSystemImpl (MetricsSystemImpl.java:start(191)) - StorageContainerManager metrics system started
2019-09-23 16:09:24,023 [main] INFO  server.SCMClientProtocolServer (SCMClientProtocolServer.java:start(151)) - RPC server for Client  is listening at /0.0.0.0:34555
2019-09-23 16:09:24,024 [IPC Server Responder] INFO  ipc.Server (Server.java:run(1314)) - IPC Server Responder: starting
2019-09-23 16:09:24,024 [IPC Server listener on 34555] INFO  ipc.Server (Server.java:run(1153)) - IPC Server listener on 34555: starting
2019-09-23 16:09:24,027 [main] INFO  server.StorageContainerManager (StorageContainerManager.java:start(780)) - ScmBlockLocationProtocol RPC server is listening at /0.0.0.0:39477
2019-09-23 16:09:24,029 [main] INFO  server.SCMBlockProtocolServer (SCMBlockProtocolServer.java:start(146)) - RPC server for Block Protocol is listening at /0.0.0.0:39477
2019-09-23 16:09:24,029 [IPC Server Responder] INFO  ipc.Server (Server.java:run(1314)) - IPC Server Responder: starting
2019-09-23 16:09:24,029 [IPC Server listener on 39477] INFO  ipc.Server (Server.java:run(1153)) - IPC Server listener on 39477: starting
2019-09-23 16:09:24,032 [main] INFO  server.StorageContainerManager (StorageContainerManager.java:start(784)) - ScmDatanodeProtocl RPC server is listening at /0.0.0.0:45123
2019-09-23 16:09:24,032 [main] INFO  server.SCMDatanodeProtocolServer (SCMDatanodeProtocolServer.java:start(191)) - RPC server for DataNodes is listening at /0.0.0.0:45123
2019-09-23 16:09:24,033 [IPC Server Responder] INFO  ipc.Server (Server.java:run(1314)) - IPC Server Responder: starting
2019-09-23 16:09:24,033 [IPC Server listener on 45123] INFO  ipc.Server (Server.java:run(1153)) - IPC Server listener on 45123: starting
2019-09-23 16:09:24,037 [main] INFO  http.HttpServer2 (HttpServer2.java:bindListener(1191)) - Jetty bound to port 37073
2019-09-23 16:09:24,039 [main] INFO  server.Server (Server.java:doStart(351)) - jetty-9.3.25.v20180904, build timestamp: 2018-09-04T21:11:46Z, git hash: 3ce520221d0240229c862b122d2b06c12a625732
2019-09-23 16:09:24,080 [main] INFO  handler.ContextHandler (ContextHandler.java:doStart(781)) - Started o.e.j.s.ServletContextHandler@6b00f608{/logs,file:///workdir/hadoop-ozone/integration-test/target/log,AVAILABLE}
2019-09-23 16:09:24,081 [main] INFO  handler.ContextHandler (ContextHandler.java:doStart(781)) - Started o.e.j.s.ServletContextHandler@3e821657{/static,file:///workdir/hadoop-ozone/integration-test/target/test-classes/webapps/static,AVAILABLE}
2019-09-23 16:09:24,120 [main] INFO  handler.ContextHandler (ContextHandler.java:doStart(781)) - Started o.e.j.w.WebAppContext@6928f576{/,file:///workdir/hadoop-ozone/integration-test/target/test-classes/webapps/scm/,AVAILABLE}{/scm}
2019-09-23 16:09:24,126 [main] INFO  server.AbstractConnector (AbstractConnector.java:doStart(278)) - Started ServerConnector@548e76f1{HTTP/1.1,[http/1.1]}{0.0.0.0:37073}
2019-09-23 16:09:24,127 [main] INFO  server.Server (Server.java:doStart(419)) - Started @17240ms
2019-09-23 16:09:24,129 [main] INFO  impl.MetricsSinkAdapter (MetricsSinkAdapter.java:start(204)) - Sink prometheus started
2019-09-23 16:09:24,129 [main] INFO  impl.MetricsSystemImpl (MetricsSystemImpl.java:registerSink(301)) - Registered sink prometheus
2019-09-23 16:09:24,131 [main] INFO  server.BaseHttpServer (BaseHttpServer.java:updateConnectorAddress(215)) - HTTP server of SCM is listening at http://0.0.0.0:37073
2019-09-23 16:09:24,142 [org.apache.hadoop.util.JvmPauseMonitor$Monitor@73511076] INFO  util.JvmPauseMonitor (JvmPauseMonitor.java:run(188)) - Starting JVM pause monitor
2019-09-23 16:09:24,148 [main] WARN  server.ServerUtils (ServerUtils.java:getDBPath(222)) - ozone.om.db.dirs is not configured. We recommend adding this setting. Falling back to ozone.metadata.dirs instead.
2019-09-23 16:09:24,287 [main] WARN  server.ServerUtils (ServerUtils.java:getDBPath(222)) - ozone.om.db.dirs is not configured. We recommend adding this setting. Falling back to ozone.metadata.dirs instead.
2019-09-23 16:09:24,288 [main] WARN  server.ServerUtils (ServerUtils.java:getDBPath(222)) - ozone.om.db.dirs is not configured. We recommend adding this setting. Falling back to ozone.metadata.dirs instead.
2019-09-23 16:09:24,289 [main] INFO  om.OzoneManager (OzoneManager.java:setOMNodeDetails(652)) - OM Service ID is not set. Setting it to the default ID: omServiceIdDefault
2019-09-23 16:09:24,289 [main] INFO  om.OzoneManager (OzoneManager.java:setOMNodeDetails(658)) - OM Node ID is not set. Setting it to the OmStorage's OmID: f7de6236-b30d-42ae-94eb-37dd914849e6
2019-09-23 16:09:24,291 [main] INFO  om.OzoneManager (OzoneManager.java:loadOMHAConfigs(609)) - Found matching OM address with OMServiceId: null, OMNodeId: null, RPC Address: localhost:0 and Ratis port: 9872
2019-09-23 16:09:25,015 [main] WARN  server.ServerUtils (ServerUtils.java:getDBPath(222)) - ozone.om.db.dirs is not configured. We recommend adding this setting. Falling back to ozone.metadata.dirs instead.
2019-09-23 16:09:25,023 [main] INFO  db.DBStoreBuilder (DBStoreBuilder.java:addTable(110)) - using custom profile for table: userTable
2019-09-23 16:09:25,023 [main] INFO  db.DBStoreBuilder (DBStoreBuilder.java:processTables(161)) - Using default column profile:DBProfile.DISK for Table:userTable
2019-09-23 16:09:25,024 [main] INFO  db.DBStoreBuilder (DBStoreBuilder.java:addTable(110)) - using custom profile for table: volumeTable
2019-09-23 16:09:25,024 [main] INFO  db.DBStoreBuilder (DBStoreBuilder.java:processTables(161)) - Using default column profile:DBProfile.DISK for Table:volumeTable
2019-09-23 16:09:25,024 [main] INFO  db.DBStoreBuilder (DBStoreBuilder.java:addTable(110)) - using custom profile for table: bucketTable
2019-09-23 16:09:25,024 [main] INFO  db.DBStoreBuilder (DBStoreBuilder.java:processTables(161)) - Using default column profile:DBProfile.DISK for Table:bucketTable
2019-09-23 16:09:25,025 [main] INFO  db.DBStoreBuilder (DBStoreBuilder.java:addTable(110)) - using custom profile for table: keyTable
2019-09-23 16:09:25,025 [main] INFO  db.DBStoreBuilder (DBStoreBuilder.java:processTables(161)) - Using default column profile:DBProfile.DISK for Table:keyTable
2019-09-23 16:09:25,025 [main] INFO  db.DBStoreBuilder (DBStoreBuilder.java:addTable(110)) - using custom profile for table: deletedTable
2019-09-23 16:09:25,026 [main] INFO  db.DBStoreBuilder (DBStoreBuilder.java:processTables(161)) - Using default column profile:DBProfile.DISK for Table:deletedTable
2019-09-23 16:09:25,026 [main] INFO  db.DBStoreBuilder (DBStoreBuilder.java:addTable(110)) - using custom profile for table: openKeyTable
2019-09-23 16:09:25,026 [main] INFO  db.DBStoreBuilder (DBStoreBuilder.java:processTables(161)) - Using default column profile:DBProfile.DISK for Table:openKeyTable
2019-09-23 16:09:25,026 [main] INFO  db.DBStoreBuilder (DBStoreBuilder.java:addTable(110)) - using custom profile for table: s3Table
2019-09-23 16:09:25,027 [main] INFO  db.DBStoreBuilder (DBStoreBuilder.java:processTables(161)) - Using default column profile:DBProfile.DISK for Table:s3Table
2019-09-23 16:09:25,027 [main] INFO  db.DBStoreBuilder (DBStoreBuilder.java:addTable(110)) - using custom profile for table: multipartInfoTable
2019-09-23 16:09:25,027 [main] INFO  db.DBStoreBuilder (DBStoreBuilder.java:processTables(161)) - Using default column profile:DBProfile.DISK for Table:multipartInfoTable
2019-09-23 16:09:25,027 [main] INFO  db.DBStoreBuilder (DBStoreBuilder.java:addTable(110)) - using custom profile for table: dTokenTable
2019-09-23 16:09:25,028 [main] INFO  db.DBStoreBuilder (DBStoreBuilder.java:processTables(161)) - Using default column profile:DBProfile.DISK for Table:dTokenTable
2019-09-23 16:09:25,028 [main] INFO  db.DBStoreBuilder (DBStoreBuilder.java:addTable(110)) - using custom profile for table: s3SecretTable
2019-09-23 16:09:25,028 [main] INFO  db.DBStoreBuilder (DBStoreBuilder.java:processTables(161)) - Using default column profile:DBProfile.DISK for Table:s3SecretTable
2019-09-23 16:09:25,029 [main] INFO  db.DBStoreBuilder (DBStoreBuilder.java:addTable(110)) - using custom profile for table: prefixTable
2019-09-23 16:09:25,029 [main] INFO  db.DBStoreBuilder (DBStoreBuilder.java:processTables(161)) - Using default column profile:DBProfile.DISK for Table:prefixTable
2019-09-23 16:09:25,029 [main] INFO  db.DBStoreBuilder (DBStoreBuilder.java:addTable(110)) - using custom profile for table: default
2019-09-23 16:09:25,029 [main] INFO  db.DBStoreBuilder (DBStoreBuilder.java:processTables(167)) - Using default column profile:DBProfile.DISK for Table:default
2019-09-23 16:09:25,030 [main] INFO  db.DBStoreBuilder (DBStoreBuilder.java:getDbProfile(198)) - Using default options. DBProfile.DISK
2019-09-23 16:09:26,269 [main] INFO  ipc.CallQueueManager (CallQueueManager.java:<init>(84)) - Using callQueue: class java.util.concurrent.LinkedBlockingQueue, queueCapacity: 2000, scheduler: class org.apache.hadoop.ipc.DefaultRpcScheduler, ipcBackoff: false.
2019-09-23 16:09:26,271 [Socket Reader #1 for port 44597] INFO  ipc.Server (Server.java:run(1074)) - Starting Socket Reader #1 for port 44597
2019-09-23 16:09:26,291 [main] INFO  om.OzoneManager (OzoneManager.java:start(1243)) - OzoneManager RPC server is listening at localhost/127.0.0.1:44597
2019-09-23 16:09:26,292 [main] INFO  impl.MetricsSystemImpl (MetricsSystemImpl.java:init(158)) - OzoneManager metrics system started (again)
2019-09-23 16:09:26,293 [IPC Server listener on 44597] INFO  ipc.Server (Server.java:run(1153)) - IPC Server listener on 44597: starting
2019-09-23 16:09:26,293 [IPC Server Responder] INFO  ipc.Server (Server.java:run(1314)) - IPC Server Responder: starting
2019-09-23 16:09:26,300 [main] INFO  hdfs.DFSUtil (DFSUtil.java:httpServerTemplateForNNAndJN(1641)) - Starting Web-server for ozoneManager at: http://0.0.0.0:0
2019-09-23 16:09:26,303 [main] INFO  server.AuthenticationFilter (AuthenticationFilter.java:constructSecretProvider(240)) - Unable to initialize FileSignerSecretProvider, falling back to use random secrets.
2019-09-23 16:09:26,304 [main] WARN  http.HttpRequestLog (HttpRequestLog.java:getRequestLog(97)) - Jetty request log can only be enabled using Log4j
2019-09-23 16:09:26,309 [main] INFO  http.HttpServer2 (HttpServer2.java:addGlobalFilter(975)) - Added global filter 'safety' (class=org.apache.hadoop.http.HttpServer2$QuotingInputFilter)
2019-09-23 16:09:26,312 [main] INFO  http.HttpServer2 (HttpServer2.java:addFilter(948)) - Added filter static_user_filter (class=org.apache.hadoop.http.lib.StaticUserWebFilter$StaticUserFilter) to context ozoneManager
2019-09-23 16:09:26,312 [main] INFO  http.HttpServer2 (HttpServer2.java:addFilter(958)) - Added filter static_user_filter (class=org.apache.hadoop.http.lib.StaticUserWebFilter$StaticUserFilter) to context static
2019-09-23 16:09:26,313 [main] INFO  http.HttpServer2 (HttpServer2.java:addFilter(958)) - Added filter static_user_filter (class=org.apache.hadoop.http.lib.StaticUserWebFilter$StaticUserFilter) to context logs
2019-09-23 16:09:26,318 [main] INFO  http.HttpServer2 (HttpServer2.java:bindListener(1191)) - Jetty bound to port 38735
2019-09-23 16:09:26,318 [main] INFO  server.Server (Server.java:doStart(351)) - jetty-9.3.25.v20180904, build timestamp: 2018-09-04T21:11:46Z, git hash: 3ce520221d0240229c862b122d2b06c12a625732
2019-09-23 16:09:26,322 [main] INFO  handler.ContextHandler (ContextHandler.java:doStart(781)) - Started o.e.j.s.ServletContextHandler@40ee0a22{/logs,file:///workdir/hadoop-ozone/integration-test/target/log,AVAILABLE}
2019-09-23 16:09:26,323 [main] INFO  handler.ContextHandler (ContextHandler.java:doStart(781)) - Started o.e.j.s.ServletContextHandler@15923407{/static,file:///workdir/hadoop-ozone/integration-test/target/test-classes/webapps/static,AVAILABLE}
2019-09-23 16:09:26,334 [main] INFO  handler.ContextHandler (ContextHandler.java:doStart(781)) - Started o.e.j.w.WebAppContext@31ddd4a4{/,file:///workdir/hadoop-ozone/integration-test/target/test-classes/webapps/ozoneManager/,AVAILABLE}{/ozoneManager}
2019-09-23 16:09:26,335 [main] INFO  server.AbstractConnector (AbstractConnector.java:doStart(278)) - Started ServerConnector@1a5f7e7c{HTTP/1.1,[http/1.1]}{0.0.0.0:38735}
2019-09-23 16:09:26,336 [main] INFO  server.Server (Server.java:doStart(419)) - Started @19449ms
2019-09-23 16:09:26,336 [main] WARN  impl.MetricsSystemImpl (MetricsSystemImpl.java:register(276)) - Sink prometheus already exists!
2019-09-23 16:09:26,338 [main] INFO  server.BaseHttpServer (BaseHttpServer.java:updateConnectorAddress(215)) - HTTP server of OZONEMANAGER is listening at http://0.0.0.0:38735
2019-09-23 16:09:26,677 [main] INFO  impl.MetricsSystemImpl (MetricsSystemImpl.java:init(158)) - HddsDatanode metrics system started (again)
2019-09-23 16:09:26,723 [main] INFO  ozone.HddsDatanodeService (HddsDatanodeService.java:start(184)) - HddsDatanodeService host:pr-hdds-2166-7skhj-3476174427 ip:192.168.34.17
2019-09-23 16:09:26,760 [main] INFO  volume.HddsVolume (HddsVolume.java:<init>(176)) - Creating Volume: /workdir/hadoop-ozone/integration-test/target/test-dir/MiniOzoneClusterImpl-1c535e18-7116-4972-ae9f-a23b67b63868/datanode-0/data/containers/hdds of  storage type : DISK and capacity : 1482555576320
2019-09-23 16:09:26,762 [main] INFO  volume.VolumeSet (VolumeSet.java:initializeVolumeSet(170)) - Added Volume : /workdir/hadoop-ozone/integration-test/target/test-dir/MiniOzoneClusterImpl-1c535e18-7116-4972-ae9f-a23b67b63868/datanode-0/data/containers/hdds to VolumeSet
2019-09-23 16:09:26,765 [main] INFO  volume.ThrottledAsyncChecker (ThrottledAsyncChecker.java:schedule(139)) - Scheduling a check for org.apache.hadoop.ozone.container.common.volume.HddsVolume@26a4551a
2019-09-23 16:09:26,784 [main] INFO  volume.HddsVolumeChecker (HddsVolumeChecker.java:checkAllVolumes(202)) - Scheduled health check for volume org.apache.hadoop.ozone.container.common.volume.HddsVolume@26a4551a
2019-09-23 16:09:26,899 [main] INFO  impl.RaftServerProxy (ConfUtils.java:logGet(43)) - raft.rpc.type = GRPC (default)
2019-09-23 16:09:26,971 [main] INFO  grpc.GrpcFactory (GrpcFactory.java:checkPooledByteBufAllocatorUseCacheForAllThreads(45)) - PERFORMANCE WARNING: useCacheForAllThreads is true that may cause Netty to create a lot garbage objects and, as a result, trigger GC.
	It is recommended to disable useCacheForAllThreads by setting -Dorg.apache.ratis.thirdparty.io.netty.allocator.useCacheForAllThreads=false in command line.
2019-09-23 16:09:26,976 [main] INFO  grpc.GrpcConfigKeys$Server (ConfUtils.java:logGet(43)) - raft.grpc.server.port = 0 (default)
2019-09-23 16:09:26,978 [main] INFO  server.GrpcService (ConfUtils.java:logGet(43)) - raft.grpc.message.size.max = 33570816 (custom)
2019-09-23 16:09:26,979 [main] INFO  server.RaftServerConfigKeys (ConfUtils.java:logGet(43)) - raft.server.log.appender.buffer.byte-limit = 33554432 (custom)
2019-09-23 16:09:26,980 [main] INFO  server.GrpcService (ConfUtils.java:logGet(43)) - raft.grpc.flow.control.window = 1MB (=1048576) (default)
2019-09-23 16:09:26,981 [main] INFO  server.RaftServerConfigKeys (ConfUtils.java:logGet(43)) - raft.server.rpc.request.timeout = 3000ms (default)
2019-09-23 16:09:27,154 [main] INFO  server.RaftServerConfigKeys (ConfUtils.java:logGet(43)) - raft.server.storage.dir = [/workdir/hadoop-ozone/integration-test/target/test-dir/MiniOzoneClusterImpl-1c535e18-7116-4972-ae9f-a23b67b63868/datanode-0/data/ratis] (custom)
2019-09-23 16:09:27,215 [main] INFO  hdfs.DFSUtil (DFSUtil.java:httpServerTemplateForNNAndJN(1641)) - Starting Web-server for hddsDatanode at: http://0.0.0.0:0
2019-09-23 16:09:27,219 [main] INFO  server.AuthenticationFilter (AuthenticationFilter.java:constructSecretProvider(240)) - Unable to initialize FileSignerSecretProvider, falling back to use random secrets.
2019-09-23 16:09:27,220 [main] WARN  http.HttpRequestLog (HttpRequestLog.java:getRequestLog(97)) - Jetty request log can only be enabled using Log4j
2019-09-23 16:09:27,223 [main] INFO  http.HttpServer2 (HttpServer2.java:addGlobalFilter(975)) - Added global filter 'safety' (class=org.apache.hadoop.http.HttpServer2$QuotingInputFilter)
2019-09-23 16:09:27,224 [main] INFO  http.HttpServer2 (HttpServer2.java:addFilter(948)) - Added filter static_user_filter (class=org.apache.hadoop.http.lib.StaticUserWebFilter$StaticUserFilter) to context hddsDatanode
2019-09-23 16:09:27,225 [main] INFO  http.HttpServer2 (HttpServer2.java:addFilter(958)) - Added filter static_user_filter (class=org.apache.hadoop.http.lib.StaticUserWebFilter$StaticUserFilter) to context static
2019-09-23 16:09:27,225 [main] INFO  http.HttpServer2 (HttpServer2.java:addFilter(958)) - Added filter static_user_filter (class=org.apache.hadoop.http.lib.StaticUserWebFilter$StaticUserFilter) to context logs
2019-09-23 16:09:27,227 [main] INFO  http.HttpServer2 (HttpServer2.java:bindListener(1191)) - Jetty bound to port 38942
2019-09-23 16:09:27,227 [main] INFO  server.Server (Server.java:doStart(351)) - jetty-9.3.25.v20180904, build timestamp: 2018-09-04T21:11:46Z, git hash: 3ce520221d0240229c862b122d2b06c12a625732
2019-09-23 16:09:27,234 [main] INFO  handler.ContextHandler (ContextHandler.java:doStart(781)) - Started o.e.j.s.ServletContextHandler@433348bc{/logs,file:///workdir/hadoop-ozone/integration-test/target/log,AVAILABLE}
2019-09-23 16:09:27,235 [main] INFO  handler.ContextHandler (ContextHandler.java:doStart(781)) - Started o.e.j.s.ServletContextHandler@102ecc22{/static,jar:file:/home/user/.m2/repository/org/apache/hadoop/hadoop-hdds-container-service/0.5.0-SNAPSHOT/hadoop-hdds-container-service-0.5.0-SNAPSHOT.jar!/webapps/static,AVAILABLE}
2019-09-23 16:09:27,282 [main] INFO  handler.ContextHandler (ContextHandler.java:doStart(781)) - Started o.e.j.w.WebAppContext@7aac8884{/,file:///tmp/jetty-0.0.0.0-38942-hddsDatanode-_-any-8356437696897911883.dir/webapp/,AVAILABLE}{/hddsDatanode}
2019-09-23 16:09:27,283 [main] INFO  server.AbstractConnector (AbstractConnector.java:doStart(278)) - Started ServerConnector@a66e580{HTTP/1.1,[http/1.1]}{0.0.0.0:38942}
2019-09-23 16:09:27,284 [main] INFO  server.Server (Server.java:doStart(419)) - Started @20397ms
2019-09-23 16:09:27,284 [main] WARN  impl.MetricsSystemImpl (MetricsSystemImpl.java:register(276)) - Sink prometheus already exists!
2019-09-23 16:09:27,285 [main] INFO  server.BaseHttpServer (BaseHttpServer.java:updateConnectorAddress(215)) - HTTP server of HDDSDATANODE is listening at http://0.0.0.0:38942
2019-09-23 16:09:27,286 [main] INFO  impl.MetricsSystemImpl (MetricsSystemImpl.java:init(158)) - HddsDatanode metrics system started (again)
2019-09-23 16:09:27,291 [main] INFO  ozone.HddsDatanodeService (HddsDatanodeService.java:start(184)) - HddsDatanodeService host:pr-hdds-2166-7skhj-3476174427 ip:192.168.34.17
2019-09-23 16:09:27,293 [org.apache.hadoop.util.JvmPauseMonitor$Monitor@4d6cda20] INFO  util.JvmPauseMonitor (JvmPauseMonitor.java:run(188)) - Starting JVM pause monitor
2019-09-23 16:09:27,301 [main] INFO  volume.HddsVolume (HddsVolume.java:<init>(176)) - Creating Volume: /workdir/hadoop-ozone/integration-test/target/test-dir/MiniOzoneClusterImpl-1c535e18-7116-4972-ae9f-a23b67b63868/datanode-1/data/containers/hdds of  storage type : DISK and capacity : 1482555576320
2019-09-23 16:09:27,301 [main] INFO  volume.VolumeSet (VolumeSet.java:initializeVolumeSet(170)) - Added Volume : /workdir/hadoop-ozone/integration-test/target/test-dir/MiniOzoneClusterImpl-1c535e18-7116-4972-ae9f-a23b67b63868/datanode-1/data/containers/hdds to VolumeSet
2019-09-23 16:09:27,302 [main] INFO  volume.ThrottledAsyncChecker (ThrottledAsyncChecker.java:schedule(139)) - Scheduling a check for org.apache.hadoop.ozone.container.common.volume.HddsVolume@5f7989fa
2019-09-23 16:09:27,304 [main] INFO  volume.HddsVolumeChecker (HddsVolumeChecker.java:checkAllVolumes(202)) - Scheduled health check for volume org.apache.hadoop.ozone.container.common.volume.HddsVolume@5f7989fa
2019-09-23 16:09:27,318 [main] INFO  impl.RaftServerProxy (ConfUtils.java:logGet(43)) - raft.rpc.type = GRPC (default)
2019-09-23 16:09:27,319 [main] INFO  grpc.GrpcFactory (GrpcFactory.java:checkPooledByteBufAllocatorUseCacheForAllThreads(45)) - PERFORMANCE WARNING: useCacheForAllThreads is true that may cause Netty to create a lot garbage objects and, as a result, trigger GC.
	It is recommended to disable useCacheForAllThreads by setting -Dorg.apache.ratis.thirdparty.io.netty.allocator.useCacheForAllThreads=false in command line.
2019-09-23 16:09:27,319 [main] INFO  grpc.GrpcConfigKeys$Server (ConfUtils.java:logGet(43)) - raft.grpc.server.port = 0 (default)
2019-09-23 16:09:27,319 [main] INFO  server.GrpcService (ConfUtils.java:logGet(43)) - raft.grpc.message.size.max = 33570816 (custom)
2019-09-23 16:09:27,320 [main] INFO  server.RaftServerConfigKeys (ConfUtils.java:logGet(43)) - raft.server.log.appender.buffer.byte-limit = 33554432 (custom)
2019-09-23 16:09:27,320 [main] INFO  server.GrpcService (ConfUtils.java:logGet(43)) - raft.grpc.flow.control.window = 1MB (=1048576) (default)
2019-09-23 16:09:27,320 [main] INFO  server.RaftServerConfigKeys (ConfUtils.java:logGet(43)) - raft.server.rpc.request.timeout = 3000ms (default)
2019-09-23 16:09:27,321 [main] INFO  server.RaftServerConfigKeys (ConfUtils.java:logGet(43)) - raft.server.storage.dir = [/workdir/hadoop-ozone/integration-test/target/test-dir/MiniOzoneClusterImpl-1c535e18-7116-4972-ae9f-a23b67b63868/datanode-1/data/ratis] (custom)
2019-09-23 16:09:27,322 [main] INFO  hdfs.DFSUtil (DFSUtil.java:httpServerTemplateForNNAndJN(1641)) - Starting Web-server for hddsDatanode at: http://0.0.0.0:0
2019-09-23 16:09:27,324 [main] INFO  server.AuthenticationFilter (AuthenticationFilter.java:constructSecretProvider(240)) - Unable to initialize FileSignerSecretProvider, falling back to use random secrets.
2019-09-23 16:09:27,325 [main] WARN  http.HttpRequestLog (HttpRequestLog.java:getRequestLog(97)) - Jetty request log can only be enabled using Log4j
2019-09-23 16:09:27,326 [main] INFO  http.HttpServer2 (HttpServer2.java:addGlobalFilter(975)) - Added global filter 'safety' (class=org.apache.hadoop.http.HttpServer2$QuotingInputFilter)
2019-09-23 16:09:27,327 [main] INFO  http.HttpServer2 (HttpServer2.java:addFilter(948)) - Added filter static_user_filter (class=org.apache.hadoop.http.lib.StaticUserWebFilter$StaticUserFilter) to context hddsDatanode
2019-09-23 16:09:27,327 [main] INFO  http.HttpServer2 (HttpServer2.java:addFilter(958)) - Added filter static_user_filter (class=org.apache.hadoop.http.lib.StaticUserWebFilter$StaticUserFilter) to context static
2019-09-23 16:09:27,327 [main] INFO  http.HttpServer2 (HttpServer2.java:addFilter(958)) - Added filter static_user_filter (class=org.apache.hadoop.http.lib.StaticUserWebFilter$StaticUserFilter) to context logs
2019-09-23 16:09:27,328 [main] INFO  http.HttpServer2 (HttpServer2.java:bindListener(1191)) - Jetty bound to port 33040
2019-09-23 16:09:27,328 [main] INFO  server.Server (Server.java:doStart(351)) - jetty-9.3.25.v20180904, build timestamp: 2018-09-04T21:11:46Z, git hash: 3ce520221d0240229c862b122d2b06c12a625732
2019-09-23 16:09:27,330 [main] INFO  handler.ContextHandler (ContextHandler.java:doStart(781)) - Started o.e.j.s.ServletContextHandler@277b8fa4{/logs,file:///workdir/hadoop-ozone/integration-test/target/log,AVAILABLE}
2019-09-23 16:09:27,330 [main] INFO  handler.ContextHandler (ContextHandler.java:doStart(781)) - Started o.e.j.s.ServletContextHandler@620c8641{/static,jar:file:/home/user/.m2/repository/org/apache/hadoop/hadoop-hdds-container-service/0.5.0-SNAPSHOT/hadoop-hdds-container-service-0.5.0-SNAPSHOT.jar!/webapps/static,AVAILABLE}
2019-09-23 16:09:27,360 [main] INFO  handler.ContextHandler (ContextHandler.java:doStart(781)) - Started o.e.j.w.WebAppContext@7bc44ce8{/,file:///tmp/jetty-0.0.0.0-33040-hddsDatanode-_-any-7205455615508656382.dir/webapp/,AVAILABLE}{/hddsDatanode}
2019-09-23 16:09:27,361 [main] INFO  server.AbstractConnector (AbstractConnector.java:doStart(278)) - Started ServerConnector@59072e9d{HTTP/1.1,[http/1.1]}{0.0.0.0:33040}
2019-09-23 16:09:27,362 [main] INFO  server.Server (Server.java:doStart(419)) - Started @20475ms
2019-09-23 16:09:27,362 [main] WARN  impl.MetricsSystemImpl (MetricsSystemImpl.java:register(276)) - Sink prometheus already exists!
2019-09-23 16:09:27,363 [main] INFO  server.BaseHttpServer (BaseHttpServer.java:updateConnectorAddress(215)) - HTTP server of HDDSDATANODE is listening at http://0.0.0.0:33040
2019-09-23 16:09:27,364 [main] INFO  impl.MetricsSystemImpl (MetricsSystemImpl.java:init(158)) - HddsDatanode metrics system started (again)
2019-09-23 16:09:27,367 [org.apache.hadoop.util.JvmPauseMonitor$Monitor@7c97e3c9] INFO  util.JvmPauseMonitor (JvmPauseMonitor.java:run(188)) - Starting JVM pause monitor
2019-09-23 16:09:27,367 [main] INFO  ozone.HddsDatanodeService (HddsDatanodeService.java:start(184)) - HddsDatanodeService host:pr-hdds-2166-7skhj-3476174427 ip:192.168.34.17
2019-09-23 16:09:27,374 [main] INFO  volume.HddsVolume (HddsVolume.java:<init>(176)) - Creating Volume: /workdir/hadoop-ozone/integration-test/target/test-dir/MiniOzoneClusterImpl-1c535e18-7116-4972-ae9f-a23b67b63868/datanode-2/data/containers/hdds of  storage type : DISK and capacity : 1482555576320
2019-09-23 16:09:27,375 [main] INFO  volume.VolumeSet (VolumeSet.java:initializeVolumeSet(170)) - Added Volume : /workdir/hadoop-ozone/integration-test/target/test-dir/MiniOzoneClusterImpl-1c535e18-7116-4972-ae9f-a23b67b63868/datanode-2/data/containers/hdds to VolumeSet
2019-09-23 16:09:27,375 [main] INFO  volume.ThrottledAsyncChecker (ThrottledAsyncChecker.java:schedule(139)) - Scheduling a check for org.apache.hadoop.ozone.container.common.volume.HddsVolume@7baf1f5a
2019-09-23 16:09:27,376 [main] INFO  volume.HddsVolumeChecker (HddsVolumeChecker.java:checkAllVolumes(202)) - Scheduled health check for volume org.apache.hadoop.ozone.container.common.volume.HddsVolume@7baf1f5a
2019-09-23 16:09:27,389 [main] INFO  impl.RaftServerProxy (ConfUtils.java:logGet(43)) - raft.rpc.type = GRPC (default)
2019-09-23 16:09:27,389 [main] INFO  grpc.GrpcFactory (GrpcFactory.java:checkPooledByteBufAllocatorUseCacheForAllThreads(45)) - PERFORMANCE WARNING: useCacheForAllThreads is true that may cause Netty to create a lot garbage objects and, as a result, trigger GC.
	It is recommended to disable useCacheForAllThreads by setting -Dorg.apache.ratis.thirdparty.io.netty.allocator.useCacheForAllThreads=false in command line.
2019-09-23 16:09:27,389 [main] INFO  grpc.GrpcConfigKeys$Server (ConfUtils.java:logGet(43)) - raft.grpc.server.port = 0 (default)
2019-09-23 16:09:27,389 [main] INFO  server.GrpcService (ConfUtils.java:logGet(43)) - raft.grpc.message.size.max = 33570816 (custom)
2019-09-23 16:09:27,390 [main] INFO  server.RaftServerConfigKeys (ConfUtils.java:logGet(43)) - raft.server.log.appender.buffer.byte-limit = 33554432 (custom)
2019-09-23 16:09:27,390 [main] INFO  server.GrpcService (ConfUtils.java:logGet(43)) - raft.grpc.flow.control.window = 1MB (=1048576) (default)
2019-09-23 16:09:27,390 [main] INFO  server.RaftServerConfigKeys (ConfUtils.java:logGet(43)) - raft.server.rpc.request.timeout = 3000ms (default)
2019-09-23 16:09:27,391 [main] INFO  server.RaftServerConfigKeys (ConfUtils.java:logGet(43)) - raft.server.storage.dir = [/workdir/hadoop-ozone/integration-test/target/test-dir/MiniOzoneClusterImpl-1c535e18-7116-4972-ae9f-a23b67b63868/datanode-2/data/ratis] (custom)
2019-09-23 16:09:27,393 [main] INFO  hdfs.DFSUtil (DFSUtil.java:httpServerTemplateForNNAndJN(1641)) - Starting Web-server for hddsDatanode at: http://0.0.0.0:0
2019-09-23 16:09:27,394 [main] INFO  server.AuthenticationFilter (AuthenticationFilter.java:constructSecretProvider(240)) - Unable to initialize FileSignerSecretProvider, falling back to use random secrets.
2019-09-23 16:09:27,394 [main] WARN  http.HttpRequestLog (HttpRequestLog.java:getRequestLog(97)) - Jetty request log can only be enabled using Log4j
2019-09-23 16:09:27,396 [main] INFO  http.HttpServer2 (HttpServer2.java:addGlobalFilter(975)) - Added global filter 'safety' (class=org.apache.hadoop.http.HttpServer2$QuotingInputFilter)
2019-09-23 16:09:27,396 [main] INFO  http.HttpServer2 (HttpServer2.java:addFilter(948)) - Added filter static_user_filter (class=org.apache.hadoop.http.lib.StaticUserWebFilter$StaticUserFilter) to context hddsDatanode
2019-09-23 16:09:27,397 [main] INFO  http.HttpServer2 (HttpServer2.java:addFilter(958)) - Added filter static_user_filter (class=org.apache.hadoop.http.lib.StaticUserWebFilter$StaticUserFilter) to context logs
2019-09-23 16:09:27,397 [main] INFO  http.HttpServer2 (HttpServer2.java:addFilter(958)) - Added filter static_user_filter (class=org.apache.hadoop.http.lib.StaticUserWebFilter$StaticUserFilter) to context static
2019-09-23 16:09:27,398 [main] INFO  http.HttpServer2 (HttpServer2.java:bindListener(1191)) - Jetty bound to port 39117
2019-09-23 16:09:27,398 [main] INFO  server.Server (Server.java:doStart(351)) - jetty-9.3.25.v20180904, build timestamp: 2018-09-04T21:11:46Z, git hash: 3ce520221d0240229c862b122d2b06c12a625732
2019-09-23 16:09:27,403 [main] INFO  handler.ContextHandler (ContextHandler.java:doStart(781)) - Started o.e.j.s.ServletContextHandler@28da7d11{/logs,file:///workdir/hadoop-ozone/integration-test/target/log,AVAILABLE}
2019-09-23 16:09:27,403 [main] INFO  handler.ContextHandler (ContextHandler.java:doStart(781)) - Started o.e.j.s.ServletContextHandler@5624657a{/static,jar:file:/home/user/.m2/repository/org/apache/hadoop/hadoop-hdds-container-service/0.5.0-SNAPSHOT/hadoop-hdds-container-service-0.5.0-SNAPSHOT.jar!/webapps/static,AVAILABLE}
2019-09-23 16:09:27,433 [main] INFO  handler.ContextHandler (ContextHandler.java:doStart(781)) - Started o.e.j.w.WebAppContext@5dd903be{/,file:///tmp/jetty-0.0.0.0-39117-hddsDatanode-_-any-2150935700247723471.dir/webapp/,AVAILABLE}{/hddsDatanode}
2019-09-23 16:09:27,433 [main] INFO  server.AbstractConnector (AbstractConnector.java:doStart(278)) - Started ServerConnector@12e0f1cb{HTTP/1.1,[http/1.1]}{0.0.0.0:39117}
2019-09-23 16:09:27,435 [main] INFO  server.Server (Server.java:doStart(419)) - Started @20548ms
2019-09-23 16:09:27,435 [main] WARN  impl.MetricsSystemImpl (MetricsSystemImpl.java:register(276)) - Sink prometheus already exists!
2019-09-23 16:09:27,436 [main] INFO  server.BaseHttpServer (BaseHttpServer.java:updateConnectorAddress(215)) - HTTP server of HDDSDATANODE is listening at http://0.0.0.0:39117
2019-09-23 16:09:27,436 [main] INFO  impl.MetricsSystemImpl (MetricsSystemImpl.java:init(158)) - HddsDatanode metrics system started (again)
2019-09-23 16:09:27,438 [Datanode State Machine Thread - 0] INFO  datanode.InitDatanodeState (InitDatanodeState.java:persistContainerDatanodeDetails(140)) - DatanodeDetails is persisted to /workdir/hadoop-ozone/integration-test/target/test-dir/MiniOzoneClusterImpl-1c535e18-7116-4972-ae9f-a23b67b63868/datanode-0/meta/datanode.id
2019-09-23 16:09:27,443 [main] INFO  ozone.HddsDatanodeService (HddsDatanodeService.java:start(184)) - HddsDatanodeService host:pr-hdds-2166-7skhj-3476174427 ip:192.168.34.17
2019-09-23 16:09:27,443 [org.apache.hadoop.util.JvmPauseMonitor$Monitor@223966ff] INFO  util.JvmPauseMonitor (JvmPauseMonitor.java:run(188)) - Starting JVM pause monitor
2019-09-23 16:09:27,443 [Datanode State Machine Thread - 0] INFO  datanode.InitDatanodeState (InitDatanodeState.java:persistContainerDatanodeDetails(140)) - DatanodeDetails is persisted to /workdir/hadoop-ozone/integration-test/target/test-dir/MiniOzoneClusterImpl-1c535e18-7116-4972-ae9f-a23b67b63868/datanode-1/meta/datanode.id
2019-09-23 16:09:27,446 [Datanode State Machine Thread - 0] INFO  datanode.InitDatanodeState (InitDatanodeState.java:persistContainerDatanodeDetails(140)) - DatanodeDetails is persisted to /workdir/hadoop-ozone/integration-test/target/test-dir/MiniOzoneClusterImpl-1c535e18-7116-4972-ae9f-a23b67b63868/datanode-2/meta/datanode.id
2019-09-23 16:09:27,455 [main] INFO  volume.HddsVolume (HddsVolume.java:<init>(176)) - Creating Volume: /workdir/hadoop-ozone/integration-test/target/test-dir/MiniOzoneClusterImpl-1c535e18-7116-4972-ae9f-a23b67b63868/datanode-3/data/containers/hdds of  storage type : DISK and capacity : 1482555576320
2019-09-23 16:09:27,455 [main] INFO  volume.VolumeSet (VolumeSet.java:initializeVolumeSet(170)) - Added Volume : /workdir/hadoop-ozone/integration-test/target/test-dir/MiniOzoneClusterImpl-1c535e18-7116-4972-ae9f-a23b67b63868/datanode-3/data/containers/hdds to VolumeSet
2019-09-23 16:09:27,456 [main] INFO  volume.ThrottledAsyncChecker (ThrottledAsyncChecker.java:schedule(139)) - Scheduling a check for org.apache.hadoop.ozone.container.common.volume.HddsVolume@4613311f
2019-09-23 16:09:27,456 [main] INFO  volume.HddsVolumeChecker (HddsVolumeChecker.java:checkAllVolumes(202)) - Scheduled health check for volume org.apache.hadoop.ozone.container.common.volume.HddsVolume@4613311f
2019-09-23 16:09:27,473 [main] INFO  impl.RaftServerProxy (ConfUtils.java:logGet(43)) - raft.rpc.type = GRPC (default)
2019-09-23 16:09:27,474 [main] INFO  grpc.GrpcFactory (GrpcFactory.java:checkPooledByteBufAllocatorUseCacheForAllThreads(45)) - PERFORMANCE WARNING: useCacheForAllThreads is true that may cause Netty to create a lot garbage objects and, as a result, trigger GC.
	It is recommended to disable useCacheForAllThreads by setting -Dorg.apache.ratis.thirdparty.io.netty.allocator.useCacheForAllThreads=false in command line.
2019-09-23 16:09:27,474 [main] INFO  grpc.GrpcConfigKeys$Server (ConfUtils.java:logGet(43)) - raft.grpc.server.port = 0 (default)
2019-09-23 16:09:27,474 [main] INFO  server.GrpcService (ConfUtils.java:logGet(43)) - raft.grpc.message.size.max = 33570816 (custom)
2019-09-23 16:09:27,474 [main] INFO  server.RaftServerConfigKeys (ConfUtils.java:logGet(43)) - raft.server.log.appender.buffer.byte-limit = 33554432 (custom)
2019-09-23 16:09:27,475 [main] INFO  server.GrpcService (ConfUtils.java:logGet(43)) - raft.grpc.flow.control.window = 1MB (=1048576) (default)
2019-09-23 16:09:27,475 [main] INFO  server.RaftServerConfigKeys (ConfUtils.java:logGet(43)) - raft.server.rpc.request.timeout = 3000ms (default)
2019-09-23 16:09:27,475 [main] INFO  server.RaftServerConfigKeys (ConfUtils.java:logGet(43)) - raft.server.storage.dir = [/workdir/hadoop-ozone/integration-test/target/test-dir/MiniOzoneClusterImpl-1c535e18-7116-4972-ae9f-a23b67b63868/datanode-3/data/ratis] (custom)
2019-09-23 16:09:27,477 [main] INFO  hdfs.DFSUtil (DFSUtil.java:httpServerTemplateForNNAndJN(1641)) - Starting Web-server for hddsDatanode at: http://0.0.0.0:0
2019-09-23 16:09:27,479 [main] INFO  server.AuthenticationFilter (AuthenticationFilter.java:constructSecretProvider(240)) - Unable to initialize FileSignerSecretProvider, falling back to use random secrets.
2019-09-23 16:09:27,480 [main] WARN  http.HttpRequestLog (HttpRequestLog.java:getRequestLog(97)) - Jetty request log can only be enabled using Log4j
2019-09-23 16:09:27,483 [main] INFO  http.HttpServer2 (HttpServer2.java:addGlobalFilter(975)) - Added global filter 'safety' (class=org.apache.hadoop.http.HttpServer2$QuotingInputFilter)
2019-09-23 16:09:27,484 [main] INFO  http.HttpServer2 (HttpServer2.java:addFilter(948)) - Added filter static_user_filter (class=org.apache.hadoop.http.lib.StaticUserWebFilter$StaticUserFilter) to context hddsDatanode
2019-09-23 16:09:27,485 [main] INFO  http.HttpServer2 (HttpServer2.java:addFilter(958)) - Added filter static_user_filter (class=org.apache.hadoop.http.lib.StaticUserWebFilter$StaticUserFilter) to context logs
2019-09-23 16:09:27,485 [main] INFO  http.HttpServer2 (HttpServer2.java:addFilter(958)) - Added filter static_user_filter (class=org.apache.hadoop.http.lib.StaticUserWebFilter$StaticUserFilter) to context static
2019-09-23 16:09:27,486 [main] INFO  http.HttpServer2 (HttpServer2.java:bindListener(1191)) - Jetty bound to port 46824
2019-09-23 16:09:27,487 [main] INFO  server.Server (Server.java:doStart(351)) - jetty-9.3.25.v20180904, build timestamp: 2018-09-04T21:11:46Z, git hash: 3ce520221d0240229c862b122d2b06c12a625732
2019-09-23 16:09:27,489 [main] INFO  handler.ContextHandler (ContextHandler.java:doStart(781)) - Started o.e.j.s.ServletContextHandler@41eb94bc{/logs,file:///workdir/hadoop-ozone/integration-test/target/log,AVAILABLE}
2019-09-23 16:09:27,490 [main] INFO  handler.ContextHandler (ContextHandler.java:doStart(781)) - Started o.e.j.s.ServletContextHandler@97d0c06{/static,jar:file:/home/user/.m2/repository/org/apache/hadoop/hadoop-hdds-container-service/0.5.0-SNAPSHOT/hadoop-hdds-container-service-0.5.0-SNAPSHOT.jar!/webapps/static,AVAILABLE}
2019-09-23 16:09:27,523 [main] INFO  handler.ContextHandler (ContextHandler.java:doStart(781)) - Started o.e.j.w.WebAppContext@38eb0f4d{/,file:///tmp/jetty-0.0.0.0-46824-hddsDatanode-_-any-7486956802933378208.dir/webapp/,AVAILABLE}{/hddsDatanode}
2019-09-23 16:09:27,523 [main] INFO  server.AbstractConnector (AbstractConnector.java:doStart(278)) - Started ServerConnector@437486cd{HTTP/1.1,[http/1.1]}{0.0.0.0:46824}
2019-09-23 16:09:27,525 [main] INFO  server.Server (Server.java:doStart(419)) - Started @20638ms
2019-09-23 16:09:27,525 [main] WARN  impl.MetricsSystemImpl (MetricsSystemImpl.java:register(276)) - Sink prometheus already exists!
2019-09-23 16:09:27,526 [main] INFO  server.BaseHttpServer (BaseHttpServer.java:updateConnectorAddress(215)) - HTTP server of HDDSDATANODE is listening at http://0.0.0.0:46824
2019-09-23 16:09:27,526 [main] INFO  impl.MetricsSystemImpl (MetricsSystemImpl.java:init(158)) - HddsDatanode metrics system started (again)
2019-09-23 16:09:27,531 [org.apache.hadoop.util.JvmPauseMonitor$Monitor@56b695d2] INFO  util.JvmPauseMonitor (JvmPauseMonitor.java:run(188)) - Starting JVM pause monitor
2019-09-23 16:09:27,532 [main] INFO  ozone.HddsDatanodeService (HddsDatanodeService.java:start(184)) - HddsDatanodeService host:pr-hdds-2166-7skhj-3476174427 ip:192.168.34.17
2019-09-23 16:09:27,534 [Datanode State Machine Thread - 0] INFO  datanode.InitDatanodeState (InitDatanodeState.java:persistContainerDatanodeDetails(140)) - DatanodeDetails is persisted to /workdir/hadoop-ozone/integration-test/target/test-dir/MiniOzoneClusterImpl-1c535e18-7116-4972-ae9f-a23b67b63868/datanode-3/meta/datanode.id
2019-09-23 16:09:27,544 [main] INFO  volume.HddsVolume (HddsVolume.java:<init>(176)) - Creating Volume: /workdir/hadoop-ozone/integration-test/target/test-dir/MiniOzoneClusterImpl-1c535e18-7116-4972-ae9f-a23b67b63868/datanode-4/data/containers/hdds of  storage type : DISK and capacity : 1482555576320
2019-09-23 16:09:27,544 [main] INFO  volume.VolumeSet (VolumeSet.java:initializeVolumeSet(170)) - Added Volume : /workdir/hadoop-ozone/integration-test/target/test-dir/MiniOzoneClusterImpl-1c535e18-7116-4972-ae9f-a23b67b63868/datanode-4/data/containers/hdds to VolumeSet
2019-09-23 16:09:27,545 [main] INFO  volume.ThrottledAsyncChecker (ThrottledAsyncChecker.java:schedule(139)) - Scheduling a check for org.apache.hadoop.ozone.container.common.volume.HddsVolume@748d2277
2019-09-23 16:09:27,546 [main] INFO  volume.HddsVolumeChecker (HddsVolumeChecker.java:checkAllVolumes(202)) - Scheduled health check for volume org.apache.hadoop.ozone.container.common.volume.HddsVolume@748d2277
2019-09-23 16:09:27,570 [main] INFO  impl.RaftServerProxy (ConfUtils.java:logGet(43)) - raft.rpc.type = GRPC (default)
2019-09-23 16:09:27,570 [main] INFO  grpc.GrpcFactory (GrpcFactory.java:checkPooledByteBufAllocatorUseCacheForAllThreads(45)) - PERFORMANCE WARNING: useCacheForAllThreads is true that may cause Netty to create a lot garbage objects and, as a result, trigger GC.
	It is recommended to disable useCacheForAllThreads by setting -Dorg.apache.ratis.thirdparty.io.netty.allocator.useCacheForAllThreads=false in command line.
2019-09-23 16:09:27,570 [main] INFO  grpc.GrpcConfigKeys$Server (ConfUtils.java:logGet(43)) - raft.grpc.server.port = 0 (default)
2019-09-23 16:09:27,571 [main] INFO  server.GrpcService (ConfUtils.java:logGet(43)) - raft.grpc.message.size.max = 33570816 (custom)
2019-09-23 16:09:27,571 [main] INFO  server.RaftServerConfigKeys (ConfUtils.java:logGet(43)) - raft.server.log.appender.buffer.byte-limit = 33554432 (custom)
2019-09-23 16:09:27,572 [main] INFO  server.GrpcService (ConfUtils.java:logGet(43)) - raft.grpc.flow.control.window = 1MB (=1048576) (default)
2019-09-23 16:09:27,572 [main] INFO  server.RaftServerConfigKeys (ConfUtils.java:logGet(43)) - raft.server.rpc.request.timeout = 3000ms (default)
2019-09-23 16:09:27,573 [main] INFO  server.RaftServerConfigKeys (ConfUtils.java:logGet(43)) - raft.server.storage.dir = [/workdir/hadoop-ozone/integration-test/target/test-dir/MiniOzoneClusterImpl-1c535e18-7116-4972-ae9f-a23b67b63868/datanode-4/data/ratis] (custom)
2019-09-23 16:09:27,575 [main] INFO  hdfs.DFSUtil (DFSUtil.java:httpServerTemplateForNNAndJN(1641)) - Starting Web-server for hddsDatanode at: http://0.0.0.0:0
2019-09-23 16:09:27,577 [main] INFO  server.AuthenticationFilter (AuthenticationFilter.java:constructSecretProvider(240)) - Unable to initialize FileSignerSecretProvider, falling back to use random secrets.
2019-09-23 16:09:27,578 [main] WARN  http.HttpRequestLog (HttpRequestLog.java:getRequestLog(97)) - Jetty request log can only be enabled using Log4j
2019-09-23 16:09:27,581 [main] INFO  http.HttpServer2 (HttpServer2.java:addGlobalFilter(975)) - Added global filter 'safety' (class=org.apache.hadoop.http.HttpServer2$QuotingInputFilter)
2019-09-23 16:09:27,582 [main] INFO  http.HttpServer2 (HttpServer2.java:addFilter(948)) - Added filter static_user_filter (class=org.apache.hadoop.http.lib.StaticUserWebFilter$StaticUserFilter) to context hddsDatanode
2019-09-23 16:09:27,582 [main] INFO  http.HttpServer2 (HttpServer2.java:addFilter(958)) - Added filter static_user_filter (class=org.apache.hadoop.http.lib.StaticUserWebFilter$StaticUserFilter) to context static
2019-09-23 16:09:27,582 [main] INFO  http.HttpServer2 (HttpServer2.java:addFilter(958)) - Added filter static_user_filter (class=org.apache.hadoop.http.lib.StaticUserWebFilter$StaticUserFilter) to context logs
2019-09-23 16:09:27,583 [main] INFO  http.HttpServer2 (HttpServer2.java:bindListener(1191)) - Jetty bound to port 46011
2019-09-23 16:09:27,583 [main] INFO  server.Server (Server.java:doStart(351)) - jetty-9.3.25.v20180904, build timestamp: 2018-09-04T21:11:46Z, git hash: 3ce520221d0240229c862b122d2b06c12a625732
2019-09-23 16:09:27,587 [main] INFO  handler.ContextHandler (ContextHandler.java:doStart(781)) - Started o.e.j.s.ServletContextHandler@6a1d3225{/logs,file:///workdir/hadoop-ozone/integration-test/target/log,AVAILABLE}
2019-09-23 16:09:27,587 [main] INFO  handler.ContextHandler (ContextHandler.java:doStart(781)) - Started o.e.j.s.ServletContextHandler@50fb33a{/static,jar:file:/home/user/.m2/repository/org/apache/hadoop/hadoop-hdds-container-service/0.5.0-SNAPSHOT/hadoop-hdds-container-service-0.5.0-SNAPSHOT.jar!/webapps/static,AVAILABLE}
2019-09-23 16:09:27,627 [main] INFO  handler.ContextHandler (ContextHandler.java:doStart(781)) - Started o.e.j.w.WebAppContext@10b1a751{/,file:///tmp/jetty-0.0.0.0-46011-hddsDatanode-_-any-5542008060698114919.dir/webapp/,AVAILABLE}{/hddsDatanode}
2019-09-23 16:09:27,629 [main] INFO  server.AbstractConnector (AbstractConnector.java:doStart(278)) - Started ServerConnector@53cf9c99{HTTP/1.1,[http/1.1]}{0.0.0.0:46011}
2019-09-23 16:09:27,629 [main] INFO  server.Server (Server.java:doStart(419)) - Started @20742ms
2019-09-23 16:09:27,629 [main] WARN  impl.MetricsSystemImpl (MetricsSystemImpl.java:register(276)) - Sink prometheus already exists!
2019-09-23 16:09:27,630 [main] INFO  server.BaseHttpServer (BaseHttpServer.java:updateConnectorAddress(215)) - HTTP server of HDDSDATANODE is listening at http://0.0.0.0:46011
2019-09-23 16:09:27,631 [main] INFO  impl.MetricsSystemImpl (MetricsSystemImpl.java:init(158)) - HddsDatanode metrics system started (again)
2019-09-23 16:09:27,635 [org.apache.hadoop.util.JvmPauseMonitor$Monitor@60f8a871] INFO  util.JvmPauseMonitor (JvmPauseMonitor.java:run(188)) - Starting JVM pause monitor
2019-09-23 16:09:27,635 [main] INFO  ozone.HddsDatanodeService (HddsDatanodeService.java:start(184)) - HddsDatanodeService host:pr-hdds-2166-7skhj-3476174427 ip:192.168.34.17
2019-09-23 16:09:27,638 [Datanode State Machine Thread - 0] INFO  datanode.InitDatanodeState (InitDatanodeState.java:persistContainerDatanodeDetails(140)) - DatanodeDetails is persisted to /workdir/hadoop-ozone/integration-test/target/test-dir/MiniOzoneClusterImpl-1c535e18-7116-4972-ae9f-a23b67b63868/datanode-4/meta/datanode.id
2019-09-23 16:09:27,644 [main] INFO  volume.HddsVolume (HddsVolume.java:<init>(176)) - Creating Volume: /workdir/hadoop-ozone/integration-test/target/test-dir/MiniOzoneClusterImpl-1c535e18-7116-4972-ae9f-a23b67b63868/datanode-5/data/containers/hdds of  storage type : DISK and capacity : 1482555576320
2019-09-23 16:09:27,644 [main] INFO  volume.VolumeSet (VolumeSet.java:initializeVolumeSet(170)) - Added Volume : /workdir/hadoop-ozone/integration-test/target/test-dir/MiniOzoneClusterImpl-1c535e18-7116-4972-ae9f-a23b67b63868/datanode-5/data/containers/hdds to VolumeSet
2019-09-23 16:09:27,645 [main] INFO  volume.ThrottledAsyncChecker (ThrottledAsyncChecker.java:schedule(139)) - Scheduling a check for org.apache.hadoop.ozone.container.common.volume.HddsVolume@6f911326
2019-09-23 16:09:27,645 [main] INFO  volume.HddsVolumeChecker (HddsVolumeChecker.java:checkAllVolumes(202)) - Scheduled health check for volume org.apache.hadoop.ozone.container.common.volume.HddsVolume@6f911326
2019-09-23 16:09:27,662 [main] INFO  impl.RaftServerProxy (ConfUtils.java:logGet(43)) - raft.rpc.type = GRPC (default)
2019-09-23 16:09:27,663 [main] INFO  grpc.GrpcFactory (GrpcFactory.java:checkPooledByteBufAllocatorUseCacheForAllThreads(45)) - PERFORMANCE WARNING: useCacheForAllThreads is true that may cause Netty to create a lot garbage objects and, as a result, trigger GC.
	It is recommended to disable useCacheForAllThreads by setting -Dorg.apache.ratis.thirdparty.io.netty.allocator.useCacheForAllThreads=false in command line.
2019-09-23 16:09:27,663 [main] INFO  grpc.GrpcConfigKeys$Server (ConfUtils.java:logGet(43)) - raft.grpc.server.port = 0 (default)
2019-09-23 16:09:27,663 [main] INFO  server.GrpcService (ConfUtils.java:logGet(43)) - raft.grpc.message.size.max = 33570816 (custom)
2019-09-23 16:09:27,664 [main] INFO  server.RaftServerConfigKeys (ConfUtils.java:logGet(43)) - raft.server.log.appender.buffer.byte-limit = 33554432 (custom)
2019-09-23 16:09:27,664 [main] INFO  server.GrpcService (ConfUtils.java:logGet(43)) - raft.grpc.flow.control.window = 1MB (=1048576) (default)
2019-09-23 16:09:27,664 [main] INFO  server.RaftServerConfigKeys (ConfUtils.java:logGet(43)) - raft.server.rpc.request.timeout = 3000ms (default)
2019-09-23 16:09:27,665 [main] INFO  server.RaftServerConfigKeys (ConfUtils.java:logGet(43)) - raft.server.storage.dir = [/workdir/hadoop-ozone/integration-test/target/test-dir/MiniOzoneClusterImpl-1c535e18-7116-4972-ae9f-a23b67b63868/datanode-5/data/ratis] (custom)
2019-09-23 16:09:27,667 [main] INFO  hdfs.DFSUtil (DFSUtil.java:httpServerTemplateForNNAndJN(1641)) - Starting Web-server for hddsDatanode at: http://0.0.0.0:0
2019-09-23 16:09:27,668 [main] INFO  server.AuthenticationFilter (AuthenticationFilter.java:constructSecretProvider(240)) - Unable to initialize FileSignerSecretProvider, falling back to use random secrets.
2019-09-23 16:09:27,669 [main] WARN  http.HttpRequestLog (HttpRequestLog.java:getRequestLog(97)) - Jetty request log can only be enabled using Log4j
2019-09-23 16:09:27,670 [main] INFO  http.HttpServer2 (HttpServer2.java:addGlobalFilter(975)) - Added global filter 'safety' (class=org.apache.hadoop.http.HttpServer2$QuotingInputFilter)
2019-09-23 16:09:27,671 [main] INFO  http.HttpServer2 (HttpServer2.java:addFilter(948)) - Added filter static_user_filter (class=org.apache.hadoop.http.lib.StaticUserWebFilter$StaticUserFilter) to context hddsDatanode
2019-09-23 16:09:27,671 [main] INFO  http.HttpServer2 (HttpServer2.java:addFilter(958)) - Added filter static_user_filter (class=org.apache.hadoop.http.lib.StaticUserWebFilter$StaticUserFilter) to context logs
2019-09-23 16:09:27,672 [main] INFO  http.HttpServer2 (HttpServer2.java:addFilter(958)) - Added filter static_user_filter (class=org.apache.hadoop.http.lib.StaticUserWebFilter$StaticUserFilter) to context static
2019-09-23 16:09:27,672 [main] INFO  http.HttpServer2 (HttpServer2.java:bindListener(1191)) - Jetty bound to port 37455
2019-09-23 16:09:27,673 [main] INFO  server.Server (Server.java:doStart(351)) - jetty-9.3.25.v20180904, build timestamp: 2018-09-04T21:11:46Z, git hash: 3ce520221d0240229c862b122d2b06c12a625732
2019-09-23 16:09:27,675 [main] INFO  handler.ContextHandler (ContextHandler.java:doStart(781)) - Started o.e.j.s.ServletContextHandler@6cf0a747{/logs,file:///workdir/hadoop-ozone/integration-test/target/log,AVAILABLE}
2019-09-23 16:09:27,675 [main] INFO  handler.ContextHandler (ContextHandler.java:doStart(781)) - Started o.e.j.s.ServletContextHandler@7e53339{/static,jar:file:/home/user/.m2/repository/org/apache/hadoop/hadoop-hdds-container-service/0.5.0-SNAPSHOT/hadoop-hdds-container-service-0.5.0-SNAPSHOT.jar!/webapps/static,AVAILABLE}
2019-09-23 16:09:27,706 [main] INFO  handler.ContextHandler (ContextHandler.java:doStart(781)) - Started o.e.j.w.WebAppContext@17143b3b{/,file:///tmp/jetty-0.0.0.0-37455-hddsDatanode-_-any-4235237381061978271.dir/webapp/,AVAILABLE}{/hddsDatanode}
2019-09-23 16:09:27,707 [main] INFO  server.AbstractConnector (AbstractConnector.java:doStart(278)) - Started ServerConnector@100c8b75{HTTP/1.1,[http/1.1]}{0.0.0.0:37455}
2019-09-23 16:09:27,708 [main] INFO  server.Server (Server.java:doStart(419)) - Started @20822ms
2019-09-23 16:09:27,708 [main] WARN  impl.MetricsSystemImpl (MetricsSystemImpl.java:register(276)) - Sink prometheus already exists!
2019-09-23 16:09:27,709 [main] INFO  server.BaseHttpServer (BaseHttpServer.java:updateConnectorAddress(215)) - HTTP server of HDDSDATANODE is listening at http://0.0.0.0:37455
2019-09-23 16:09:27,710 [main] INFO  impl.MetricsSystemImpl (MetricsSystemImpl.java:init(158)) - HddsDatanode metrics system started (again)
2019-09-23 16:09:27,714 [org.apache.hadoop.util.JvmPauseMonitor$Monitor@5691c548] INFO  util.JvmPauseMonitor (JvmPauseMonitor.java:run(188)) - Starting JVM pause monitor
2019-09-23 16:09:27,715 [main] INFO  ozone.HddsDatanodeService (HddsDatanodeService.java:start(184)) - HddsDatanodeService host:pr-hdds-2166-7skhj-3476174427 ip:192.168.34.17
2019-09-23 16:09:27,717 [Datanode State Machine Thread - 0] INFO  datanode.InitDatanodeState (InitDatanodeState.java:persistContainerDatanodeDetails(140)) - DatanodeDetails is persisted to /workdir/hadoop-ozone/integration-test/target/test-dir/MiniOzoneClusterImpl-1c535e18-7116-4972-ae9f-a23b67b63868/datanode-5/meta/datanode.id
2019-09-23 16:09:27,723 [main] INFO  volume.HddsVolume (HddsVolume.java:<init>(176)) - Creating Volume: /workdir/hadoop-ozone/integration-test/target/test-dir/MiniOzoneClusterImpl-1c535e18-7116-4972-ae9f-a23b67b63868/datanode-6/data/containers/hdds of  storage type : DISK and capacity : 1482555576320
2019-09-23 16:09:27,724 [main] INFO  volume.VolumeSet (VolumeSet.java:initializeVolumeSet(170)) - Added Volume : /workdir/hadoop-ozone/integration-test/target/test-dir/MiniOzoneClusterImpl-1c535e18-7116-4972-ae9f-a23b67b63868/datanode-6/data/containers/hdds to VolumeSet
2019-09-23 16:09:27,724 [main] INFO  volume.ThrottledAsyncChecker (ThrottledAsyncChecker.java:schedule(139)) - Scheduling a check for org.apache.hadoop.ozone.container.common.volume.HddsVolume@ae2db25
2019-09-23 16:09:27,725 [main] INFO  volume.HddsVolumeChecker (HddsVolumeChecker.java:checkAllVolumes(202)) - Scheduled health check for volume org.apache.hadoop.ozone.container.common.volume.HddsVolume@ae2db25
2019-09-23 16:09:27,740 [main] INFO  impl.RaftServerProxy (ConfUtils.java:logGet(43)) - raft.rpc.type = GRPC (default)
2019-09-23 16:09:27,740 [main] INFO  grpc.GrpcFactory (GrpcFactory.java:checkPooledByteBufAllocatorUseCacheForAllThreads(45)) - PERFORMANCE WARNING: useCacheForAllThreads is true that may cause Netty to create a lot garbage objects and, as a result, trigger GC.
	It is recommended to disable useCacheForAllThreads by setting -Dorg.apache.ratis.thirdparty.io.netty.allocator.useCacheForAllThreads=false in command line.
2019-09-23 16:09:27,740 [main] INFO  grpc.GrpcConfigKeys$Server (ConfUtils.java:logGet(43)) - raft.grpc.server.port = 0 (default)
2019-09-23 16:09:27,740 [main] INFO  server.GrpcService (ConfUtils.java:logGet(43)) - raft.grpc.message.size.max = 33570816 (custom)
2019-09-23 16:09:27,741 [main] INFO  server.RaftServerConfigKeys (ConfUtils.java:logGet(43)) - raft.server.log.appender.buffer.byte-limit = 33554432 (custom)
2019-09-23 16:09:27,741 [main] INFO  server.GrpcService (ConfUtils.java:logGet(43)) - raft.grpc.flow.control.window = 1MB (=1048576) (default)
2019-09-23 16:09:27,741 [main] INFO  server.RaftServerConfigKeys (ConfUtils.java:logGet(43)) - raft.server.rpc.request.timeout = 3000ms (default)
2019-09-23 16:09:27,742 [main] INFO  server.RaftServerConfigKeys (ConfUtils.java:logGet(43)) - raft.server.storage.dir = [/workdir/hadoop-ozone/integration-test/target/test-dir/MiniOzoneClusterImpl-1c535e18-7116-4972-ae9f-a23b67b63868/datanode-6/data/ratis] (custom)
2019-09-23 16:09:27,743 [main] INFO  hdfs.DFSUtil (DFSUtil.java:httpServerTemplateForNNAndJN(1641)) - Starting Web-server for hddsDatanode at: http://0.0.0.0:0
2019-09-23 16:09:27,745 [main] INFO  server.AuthenticationFilter (AuthenticationFilter.java:constructSecretProvider(240)) - Unable to initialize FileSignerSecretProvider, falling back to use random secrets.
2019-09-23 16:09:27,745 [main] WARN  http.HttpRequestLog (HttpRequestLog.java:getRequestLog(97)) - Jetty request log can only be enabled using Log4j
2019-09-23 16:09:27,747 [main] INFO  http.HttpServer2 (HttpServer2.java:addGlobalFilter(975)) - Added global filter 'safety' (class=org.apache.hadoop.http.HttpServer2$QuotingInputFilter)
2019-09-23 16:09:27,748 [main] INFO  http.HttpServer2 (HttpServer2.java:addFilter(948)) - Added filter static_user_filter (class=org.apache.hadoop.http.lib.StaticUserWebFilter$StaticUserFilter) to context hddsDatanode
2019-09-23 16:09:27,748 [main] INFO  http.HttpServer2 (HttpServer2.java:addFilter(958)) - Added filter static_user_filter (class=org.apache.hadoop.http.lib.StaticUserWebFilter$StaticUserFilter) to context logs
2019-09-23 16:09:27,748 [main] INFO  http.HttpServer2 (HttpServer2.java:addFilter(958)) - Added filter static_user_filter (class=org.apache.hadoop.http.lib.StaticUserWebFilter$StaticUserFilter) to context static
2019-09-23 16:09:27,751 [main] INFO  http.HttpServer2 (HttpServer2.java:bindListener(1191)) - Jetty bound to port 38978
2019-09-23 16:09:27,751 [main] INFO  server.Server (Server.java:doStart(351)) - jetty-9.3.25.v20180904, build timestamp: 2018-09-04T21:11:46Z, git hash: 3ce520221d0240229c862b122d2b06c12a625732
2019-09-23 16:09:27,754 [main] INFO  handler.ContextHandler (ContextHandler.java:doStart(781)) - Started o.e.j.s.ServletContextHandler@623ebac7{/logs,file:///workdir/hadoop-ozone/integration-test/target/log,AVAILABLE}
2019-09-23 16:09:27,754 [main] INFO  handler.ContextHandler (ContextHandler.java:doStart(781)) - Started o.e.j.s.ServletContextHandler@1ab5f08a{/static,jar:file:/home/user/.m2/repository/org/apache/hadoop/hadoop-hdds-container-service/0.5.0-SNAPSHOT/hadoop-hdds-container-service-0.5.0-SNAPSHOT.jar!/webapps/static,AVAILABLE}
2019-09-23 16:09:27,784 [main] INFO  handler.ContextHandler (ContextHandler.java:doStart(781)) - Started o.e.j.w.WebAppContext@26350ea2{/,file:///tmp/jetty-0.0.0.0-38978-hddsDatanode-_-any-1384900218961493692.dir/webapp/,AVAILABLE}{/hddsDatanode}
2019-09-23 16:09:27,785 [main] INFO  server.AbstractConnector (AbstractConnector.java:doStart(278)) - Started ServerConnector@1e9469b8{HTTP/1.1,[http/1.1]}{0.0.0.0:38978}
2019-09-23 16:09:27,786 [main] INFO  server.Server (Server.java:doStart(419)) - Started @20899ms
2019-09-23 16:09:27,786 [main] WARN  impl.MetricsSystemImpl (MetricsSystemImpl.java:register(276)) - Sink prometheus already exists!
2019-09-23 16:09:27,787 [main] INFO  server.BaseHttpServer (BaseHttpServer.java:updateConnectorAddress(215)) - HTTP server of HDDSDATANODE is listening at http://0.0.0.0:38978
2019-09-23 16:09:27,789 [main] INFO  ozone.MiniOzoneClusterImpl (MiniOzoneClusterImpl.java:lambda$waitForClusterToBeReady$0(147)) - Waiting for cluster to be ready. Got 0 of 7 DN Heartbeats.
2019-09-23 16:09:27,791 [org.apache.hadoop.util.JvmPauseMonitor$Monitor@4d86a94f] INFO  util.JvmPauseMonitor (JvmPauseMonitor.java:run(188)) - Starting JVM pause monitor
2019-09-23 16:09:27,795 [Datanode State Machine Thread - 0] INFO  datanode.InitDatanodeState (InitDatanodeState.java:persistContainerDatanodeDetails(140)) - DatanodeDetails is persisted to /workdir/hadoop-ozone/integration-test/target/test-dir/MiniOzoneClusterImpl-1c535e18-7116-4972-ae9f-a23b67b63868/datanode-6/meta/datanode.id
2019-09-23 16:09:28,790 [main] INFO  ozone.MiniOzoneClusterImpl (MiniOzoneClusterImpl.java:lambda$waitForClusterToBeReady$0(147)) - Waiting for cluster to be ready. Got 0 of 7 DN Heartbeats.
2019-09-23 16:09:29,402 [Datanode State Machine Thread - 0] INFO  ozoneimpl.OzoneContainer (OzoneContainer.java:start(217)) - Attempting to start container services.
2019-09-23 16:09:29,404 [Datanode State Machine Thread - 0] INFO  ozoneimpl.OzoneContainer (OzoneContainer.java:start(217)) - Attempting to start container services.
2019-09-23 16:09:29,408 [Datanode State Machine Thread - 0] INFO  ozoneimpl.OzoneContainer (OzoneContainer.java:startContainerScrub(179)) - Background container scanner has been disabled.
2019-09-23 16:09:29,415 [Datanode State Machine Thread - 0] INFO  ozoneimpl.OzoneContainer (OzoneContainer.java:startContainerScrub(179)) - Background container scanner has been disabled.
2019-09-23 16:09:29,415 [Datanode State Machine Thread - 0] INFO  ratis.XceiverServerRatis (XceiverServerRatis.java:start(411)) - Starting XceiverServerRatis 86cce676-657d-41cf-95d5-6ffcf809eef9 at port 0
2019-09-23 16:09:29,416 [Datanode State Machine Thread - 0] INFO  ratis.XceiverServerRatis (XceiverServerRatis.java:start(411)) - Starting XceiverServerRatis 76beba98-382e-417c-a9a7-220e3ae0ea81 at port 0
2019-09-23 16:09:29,451 [Datanode State Machine Thread - 0] INFO  impl.RaftServerProxy (RaftServerProxy.java:lambda$start$3(299)) - 86cce676-657d-41cf-95d5-6ffcf809eef9: start RPC server
2019-09-23 16:09:29,451 [Datanode State Machine Thread - 0] INFO  impl.RaftServerProxy (RaftServerProxy.java:lambda$start$3(299)) - 76beba98-382e-417c-a9a7-220e3ae0ea81: start RPC server
2019-09-23 16:09:29,469 [Datanode State Machine Thread - 0] INFO  ozoneimpl.OzoneContainer (OzoneContainer.java:start(217)) - Attempting to start container services.
2019-09-23 16:09:29,469 [Datanode State Machine Thread - 0] INFO  ozoneimpl.OzoneContainer (OzoneContainer.java:startContainerScrub(179)) - Background container scanner has been disabled.
2019-09-23 16:09:29,469 [Datanode State Machine Thread - 0] INFO  ratis.XceiverServerRatis (XceiverServerRatis.java:start(411)) - Starting XceiverServerRatis 19fc0876-1805-41fe-b2ab-ad2bbc602717 at port 0
2019-09-23 16:09:29,477 [Datanode State Machine Thread - 0] INFO  impl.RaftServerProxy (RaftServerProxy.java:lambda$start$3(299)) - 19fc0876-1805-41fe-b2ab-ad2bbc602717: start RPC server
2019-09-23 16:09:29,543 [Datanode State Machine Thread - 0] INFO  ozoneimpl.OzoneContainer (OzoneContainer.java:start(217)) - Attempting to start container services.
2019-09-23 16:09:29,543 [Datanode State Machine Thread - 0] INFO  ozoneimpl.OzoneContainer (OzoneContainer.java:startContainerScrub(179)) - Background container scanner has been disabled.
2019-09-23 16:09:29,543 [Datanode State Machine Thread - 0] INFO  ratis.XceiverServerRatis (XceiverServerRatis.java:start(411)) - Starting XceiverServerRatis 2a2bd97c-7293-4eed-89f0-2b4012f8d05e at port 0
2019-09-23 16:09:29,553 [Datanode State Machine Thread - 0] INFO  impl.RaftServerProxy (RaftServerProxy.java:lambda$start$3(299)) - 2a2bd97c-7293-4eed-89f0-2b4012f8d05e: start RPC server
2019-09-23 16:09:29,607 [Datanode State Machine Thread - 0] INFO  server.GrpcService (GrpcService.java:startImpl(158)) - 19fc0876-1805-41fe-b2ab-ad2bbc602717: GrpcService started, listening on 0.0.0.0/0.0.0.0:42483
2019-09-23 16:09:29,609 [Datanode State Machine Thread - 0] INFO  server.GrpcService (GrpcService.java:startImpl(158)) - 2a2bd97c-7293-4eed-89f0-2b4012f8d05e: GrpcService started, listening on 0.0.0.0/0.0.0.0:45567
2019-09-23 16:09:29,609 [Datanode State Machine Thread - 0] INFO  ratis.XceiverServerRatis (XceiverServerRatis.java:start(421)) - XceiverServerRatis 19fc0876-1805-41fe-b2ab-ad2bbc602717 is started using port 42483
2019-09-23 16:09:29,609 [Datanode State Machine Thread - 0] INFO  server.GrpcService (GrpcService.java:startImpl(158)) - 76beba98-382e-417c-a9a7-220e3ae0ea81: GrpcService started, listening on 0.0.0.0/0.0.0.0:35133
2019-09-23 16:09:29,607 [Datanode State Machine Thread - 0] INFO  server.GrpcService (GrpcService.java:startImpl(158)) - 86cce676-657d-41cf-95d5-6ffcf809eef9: GrpcService started, listening on 0.0.0.0/0.0.0.0:44082
2019-09-23 16:09:29,609 [Datanode State Machine Thread - 0] INFO  ratis.XceiverServerRatis (XceiverServerRatis.java:start(421)) - XceiverServerRatis 76beba98-382e-417c-a9a7-220e3ae0ea81 is started using port 35133
2019-09-23 16:09:29,609 [Datanode State Machine Thread - 0] INFO  ratis.XceiverServerRatis (XceiverServerRatis.java:start(421)) - XceiverServerRatis 2a2bd97c-7293-4eed-89f0-2b4012f8d05e is started using port 45567
2019-09-23 16:09:29,609 [Datanode State Machine Thread - 0] INFO  ratis.XceiverServerRatis (XceiverServerRatis.java:start(421)) - XceiverServerRatis 86cce676-657d-41cf-95d5-6ffcf809eef9 is started using port 44082
2019-09-23 16:09:29,620 [Datanode State Machine Thread - 0] INFO  server.XceiverServerGrpc (XceiverServerGrpc.java:start(149)) - XceiverServerGrpc 2a2bd97c-7293-4eed-89f0-2b4012f8d05e is started using port 34735
2019-09-23 16:09:29,620 [Datanode State Machine Thread - 0] INFO  server.XceiverServerGrpc (XceiverServerGrpc.java:start(149)) - XceiverServerGrpc 76beba98-382e-417c-a9a7-220e3ae0ea81 is started using port 44254
2019-09-23 16:09:29,624 [Datanode State Machine Thread - 0] INFO  server.XceiverServerGrpc (XceiverServerGrpc.java:start(149)) - XceiverServerGrpc 86cce676-657d-41cf-95d5-6ffcf809eef9 is started using port 40043
2019-09-23 16:09:29,621 [Datanode State Machine Thread - 0] INFO  server.XceiverServerGrpc (XceiverServerGrpc.java:start(149)) - XceiverServerGrpc 19fc0876-1805-41fe-b2ab-ad2bbc602717 is started using port 39870
2019-09-23 16:09:29,656 [Datanode State Machine Thread - 0] INFO  ozoneimpl.OzoneContainer (OzoneContainer.java:start(217)) - Attempting to start container services.
2019-09-23 16:09:29,656 [Datanode State Machine Thread - 0] INFO  ozoneimpl.OzoneContainer (OzoneContainer.java:startContainerScrub(179)) - Background container scanner has been disabled.
2019-09-23 16:09:29,656 [Datanode State Machine Thread - 0] INFO  ratis.XceiverServerRatis (XceiverServerRatis.java:start(411)) - Starting XceiverServerRatis e5032fb1-f51e-4c37-8c06-7d41de8bf135 at port 0
2019-09-23 16:09:29,663 [Datanode State Machine Thread - 0] INFO  impl.RaftServerProxy (RaftServerProxy.java:lambda$start$3(299)) - e5032fb1-f51e-4c37-8c06-7d41de8bf135: start RPC server
2019-09-23 16:09:29,666 [Datanode State Machine Thread - 0] INFO  server.GrpcService (GrpcService.java:startImpl(158)) - e5032fb1-f51e-4c37-8c06-7d41de8bf135: GrpcService started, listening on 0.0.0.0/0.0.0.0:45462
2019-09-23 16:09:29,667 [Datanode State Machine Thread - 0] INFO  ratis.XceiverServerRatis (XceiverServerRatis.java:start(421)) - XceiverServerRatis e5032fb1-f51e-4c37-8c06-7d41de8bf135 is started using port 45462
2019-09-23 16:09:29,669 [Datanode State Machine Thread - 0] INFO  server.XceiverServerGrpc (XceiverServerGrpc.java:start(149)) - XceiverServerGrpc e5032fb1-f51e-4c37-8c06-7d41de8bf135 is started using port 38042
2019-09-23 16:09:29,733 [Datanode State Machine Thread - 0] INFO  ozoneimpl.OzoneContainer (OzoneContainer.java:start(217)) - Attempting to start container services.
2019-09-23 16:09:29,734 [Datanode State Machine Thread - 0] INFO  ozoneimpl.OzoneContainer (OzoneContainer.java:startContainerScrub(179)) - Background container scanner has been disabled.
2019-09-23 16:09:29,734 [Datanode State Machine Thread - 0] INFO  ratis.XceiverServerRatis (XceiverServerRatis.java:start(411)) - Starting XceiverServerRatis 61544022-af25-4c48-b0da-1584d68884dd at port 0
2019-09-23 16:09:29,739 [Datanode State Machine Thread - 0] INFO  impl.RaftServerProxy (RaftServerProxy.java:lambda$start$3(299)) - 61544022-af25-4c48-b0da-1584d68884dd: start RPC server
2019-09-23 16:09:29,745 [Datanode State Machine Thread - 0] INFO  server.GrpcService (GrpcService.java:startImpl(158)) - 61544022-af25-4c48-b0da-1584d68884dd: GrpcService started, listening on 0.0.0.0/0.0.0.0:44191
2019-09-23 16:09:29,745 [Datanode State Machine Thread - 0] INFO  ratis.XceiverServerRatis (XceiverServerRatis.java:start(421)) - XceiverServerRatis 61544022-af25-4c48-b0da-1584d68884dd is started using port 44191
2019-09-23 16:09:29,750 [Datanode State Machine Thread - 0] INFO  server.XceiverServerGrpc (XceiverServerGrpc.java:start(149)) - XceiverServerGrpc 61544022-af25-4c48-b0da-1584d68884dd is started using port 44704
2019-09-23 16:09:29,791 [main] INFO  ozone.MiniOzoneClusterImpl (MiniOzoneClusterImpl.java:lambda$waitForClusterToBeReady$0(147)) - Waiting for cluster to be ready. Got 0 of 7 DN Heartbeats.
2019-09-23 16:09:29,809 [Datanode State Machine Thread - 0] INFO  ozoneimpl.OzoneContainer (OzoneContainer.java:start(217)) - Attempting to start container services.
2019-09-23 16:09:29,810 [Datanode State Machine Thread - 0] INFO  ozoneimpl.OzoneContainer (OzoneContainer.java:startContainerScrub(179)) - Background container scanner has been disabled.
2019-09-23 16:09:29,810 [Datanode State Machine Thread - 0] INFO  ratis.XceiverServerRatis (XceiverServerRatis.java:start(411)) - Starting XceiverServerRatis 140ce4e8-065f-48c8-9992-7144cce7209c at port 0
2019-09-23 16:09:29,814 [Datanode State Machine Thread - 0] INFO  impl.RaftServerProxy (RaftServerProxy.java:lambda$start$3(299)) - 140ce4e8-065f-48c8-9992-7144cce7209c: start RPC server
2019-09-23 16:09:29,819 [Datanode State Machine Thread - 0] INFO  server.GrpcService (GrpcService.java:startImpl(158)) - 140ce4e8-065f-48c8-9992-7144cce7209c: GrpcService started, listening on 0.0.0.0/0.0.0.0:33128
2019-09-23 16:09:29,819 [Datanode State Machine Thread - 0] INFO  ratis.XceiverServerRatis (XceiverServerRatis.java:start(421)) - XceiverServerRatis 140ce4e8-065f-48c8-9992-7144cce7209c is started using port 33128
2019-09-23 16:09:29,823 [Datanode State Machine Thread - 0] INFO  server.XceiverServerGrpc (XceiverServerGrpc.java:start(149)) - XceiverServerGrpc 140ce4e8-065f-48c8-9992-7144cce7209c is started using port 39327
2019-09-23 16:09:30,791 [main] INFO  ozone.MiniOzoneClusterImpl (MiniOzoneClusterImpl.java:lambda$waitForClusterToBeReady$0(147)) - Waiting for cluster to be ready. Got 0 of 7 DN Heartbeats.
2019-09-23 16:09:31,329 [IPC Server handler 0 on 45123] INFO  net.NetworkTopology (NetworkTopologyImpl.java:add(111)) - Added a new node: /default-rack/86cce676-657d-41cf-95d5-6ffcf809eef9
2019-09-23 16:09:31,330 [IPC Server handler 0 on 45123] INFO  node.SCMNodeManager (SCMNodeManager.java:register(266)) - Registered Data node : 86cce676-657d-41cf-95d5-6ffcf809eef9{ip: 192.168.34.17, host: pr-hdds-2166-7skhj-3476174427, networkLocation: /default-rack, certSerialId: null}
2019-09-23 16:09:31,337 [EventQueue-NodeRegistrationContainerReportForDataNodeSafeModeRule] INFO  safemode.SCMSafeModeManager (DataNodeSafeModeRule.java:process(71)) - SCM in safe mode. 1 DataNodes registered, 1 required.
2019-09-23 16:09:31,339 [EventQueue-NodeRegistrationContainerReportForDataNodeSafeModeRule] INFO  safemode.SCMSafeModeManager (SCMSafeModeManager.java:validateSafeModeExitRules(177)) - ScmSafeModeManager, all rules are successfully validated
2019-09-23 16:09:31,340 [EventQueue-NodeRegistrationContainerReportForDataNodeSafeModeRule] INFO  safemode.SCMSafeModeManager (SCMSafeModeManager.java:exitSafeMode(193)) - SCM exiting safe mode.
2019-09-23 16:09:31,372 [IPC Server handler 2 on 45123] INFO  net.NetworkTopology (NetworkTopologyImpl.java:add(111)) - Added a new node: /default-rack/76beba98-382e-417c-a9a7-220e3ae0ea81
2019-09-23 16:09:31,374 [IPC Server handler 2 on 45123] INFO  node.SCMNodeManager (SCMNodeManager.java:register(266)) - Registered Data node : 76beba98-382e-417c-a9a7-220e3ae0ea81{ip: 192.168.34.17, host: pr-hdds-2166-7skhj-3476174427, networkLocation: /default-rack, certSerialId: null}
2019-09-23 16:09:31,447 [IPC Server handler 4 on 45123] INFO  net.NetworkTopology (NetworkTopologyImpl.java:add(111)) - Added a new node: /default-rack/19fc0876-1805-41fe-b2ab-ad2bbc602717
2019-09-23 16:09:31,448 [IPC Server handler 4 on 45123] INFO  node.SCMNodeManager (SCMNodeManager.java:register(266)) - Registered Data node : 19fc0876-1805-41fe-b2ab-ad2bbc602717{ip: 192.168.34.17, host: pr-hdds-2166-7skhj-3476174427, networkLocation: /default-rack, certSerialId: null}
2019-09-23 16:09:31,535 [IPC Server handler 3 on 45123] INFO  net.NetworkTopology (NetworkTopologyImpl.java:add(111)) - Added a new node: /default-rack/2a2bd97c-7293-4eed-89f0-2b4012f8d05e
2019-09-23 16:09:31,535 [IPC Server handler 3 on 45123] INFO  node.SCMNodeManager (SCMNodeManager.java:register(266)) - Registered Data node : 2a2bd97c-7293-4eed-89f0-2b4012f8d05e{ip: 192.168.34.17, host: pr-hdds-2166-7skhj-3476174427, networkLocation: /default-rack, certSerialId: null}
2019-09-23 16:09:31,643 [IPC Server handler 1 on 45123] INFO  net.NetworkTopology (NetworkTopologyImpl.java:add(111)) - Added a new node: /default-rack/e5032fb1-f51e-4c37-8c06-7d41de8bf135
2019-09-23 16:09:31,643 [IPC Server handler 1 on 45123] INFO  node.SCMNodeManager (SCMNodeManager.java:register(266)) - Registered Data node : e5032fb1-f51e-4c37-8c06-7d41de8bf135{ip: 192.168.34.17, host: pr-hdds-2166-7skhj-3476174427, networkLocation: /default-rack, certSerialId: null}
2019-09-23 16:09:31,727 [IPC Server handler 6 on 45123] INFO  net.NetworkTopology (NetworkTopologyImpl.java:add(111)) - Added a new node: /default-rack/61544022-af25-4c48-b0da-1584d68884dd
2019-09-23 16:09:31,727 [IPC Server handler 6 on 45123] INFO  node.SCMNodeManager (SCMNodeManager.java:register(266)) - Registered Data node : 61544022-af25-4c48-b0da-1584d68884dd{ip: 192.168.34.17, host: pr-hdds-2166-7skhj-3476174427, networkLocation: /default-rack, certSerialId: null}
2019-09-23 16:09:31,792 [main] INFO  ozone.MiniOzoneClusterImpl (MiniOzoneClusterImpl.java:lambda$waitForClusterToBeReady$0(147)) - Waiting for cluster to be ready. Got 6 of 7 DN Heartbeats.
2019-09-23 16:09:31,796 [IPC Server handler 8 on 45123] INFO  net.NetworkTopology (NetworkTopologyImpl.java:add(111)) - Added a new node: /default-rack/140ce4e8-065f-48c8-9992-7144cce7209c
2019-09-23 16:09:31,796 [IPC Server handler 8 on 45123] INFO  node.SCMNodeManager (SCMNodeManager.java:register(266)) - Registered Data node : 140ce4e8-065f-48c8-9992-7144cce7209c{ip: 192.168.34.17, host: pr-hdds-2166-7skhj-3476174427, networkLocation: /default-rack, certSerialId: null}
2019-09-23 16:09:31,994 [grpc-default-executor-0] INFO  impl.RaftServerProxy (RaftServerProxy.java:addNew(89)) - 86cce676-657d-41cf-95d5-6ffcf809eef9: addNew group-50E0EEC3594D:[86cce676-657d-41cf-95d5-6ffcf809eef9:192.168.34.17:44082] returns group-50E0EEC3594D:java.util.concurrent.CompletableFuture@20ef32b6[Not completed]
2019-09-23 16:09:32,017 [pool-27-thread-1] INFO  impl.RaftServerImpl (RaftServerImpl.java:<init>(95)) - 86cce676-657d-41cf-95d5-6ffcf809eef9: new RaftServerImpl for group-50E0EEC3594D:[86cce676-657d-41cf-95d5-6ffcf809eef9:192.168.34.17:44082] with ContainerStateMachine:uninitialized
2019-09-23 16:09:32,019 [pool-27-thread-1] INFO  server.RaftServerConfigKeys (ConfUtils.java:logGet(43)) - raft.server.rpc.timeout.min = 5s (custom)
2019-09-23 16:09:32,022 [pool-27-thread-1] INFO  server.RaftServerConfigKeys (ConfUtils.java:logGet(43)) - raft.server.rpc.timeout.max = 5200ms (custom)
2019-09-23 16:09:32,022 [pool-27-thread-1] INFO  server.RaftServerConfigKeys (ConfUtils.java:logGet(43)) - raft.server.rpcslowness.timeout = 120s (custom)
2019-09-23 16:09:32,023 [pool-27-thread-1] INFO  server.RaftServerConfigKeys (ConfUtils.java:logGet(43)) - raft.server.sleep.deviation.threshold = 300 (default)
2019-09-23 16:09:32,024 [pool-27-thread-1] INFO  server.RaftServerConfigKeys (ConfUtils.java:logGet(43)) - raft.server.log.appender.install.snapshot.enabled = false (custom)
2019-09-23 16:09:32,034 [pool-27-thread-1] INFO  impl.RaftServerImpl (ServerState.java:<init>(103)) - 86cce676-657d-41cf-95d5-6ffcf809eef9@group-50E0EEC3594D: ConfigurationManager, init=-1: [86cce676-657d-41cf-95d5-6ffcf809eef9:192.168.34.17:44082], old=null, confs=<EMPTY_MAP>
2019-09-23 16:09:32,035 [pool-27-thread-1] INFO  server.RaftServerConfigKeys (ConfUtils.java:logGet(43)) - raft.server.storage.dir = [/workdir/hadoop-ozone/integration-test/target/test-dir/MiniOzoneClusterImpl-1c535e18-7116-4972-ae9f-a23b67b63868/datanode-0/data/ratis] (custom)
2019-09-23 16:09:32,047 [pool-27-thread-1] INFO  storage.RaftStorageDirectory (RaftStorageDirectory.java:analyzeStorage(246)) - The storage directory /workdir/hadoop-ozone/integration-test/target/test-dir/MiniOzoneClusterImpl-1c535e18-7116-4972-ae9f-a23b67b63868/datanode-0/data/ratis/88e55697-2457-4481-ad56-50e0eec3594d does not exist. Creating ...
2019-09-23 16:09:32,097 [pool-27-thread-1] INFO  storage.RaftStorageDirectory (RaftStorageDirectory.java:tryLock(328)) - Lock on /workdir/hadoop-ozone/integration-test/target/test-dir/MiniOzoneClusterImpl-1c535e18-7116-4972-ae9f-a23b67b63868/datanode-0/data/ratis/88e55697-2457-4481-ad56-50e0eec3594d/in_use.lock acquired by nodename 30343@pr-hdds-2166-7skhj-3476174427
2019-09-23 16:09:32,114 [pool-27-thread-1] INFO  storage.RaftStorage (RaftStorage.java:format(72)) - Storage directory /workdir/hadoop-ozone/integration-test/target/test-dir/MiniOzoneClusterImpl-1c535e18-7116-4972-ae9f-a23b67b63868/datanode-0/data/ratis/88e55697-2457-4481-ad56-50e0eec3594d has been successfully formatted.
2019-09-23 16:09:32,117 [pool-27-thread-1] INFO  ratis.ContainerStateMachine (ContainerStateMachine.java:loadSnapshot(230)) - group-50E0EEC3594D: The snapshot info is null. Setting the last applied indexto:(t:0, i:~)
2019-09-23 16:09:32,117 [pool-27-thread-1] INFO  server.RaftServerConfigKeys (ConfUtils.java:logGet(43)) - raft.server.notification.no-leader.timeout = 120s (custom)
2019-09-23 16:09:32,120 [pool-27-thread-1] INFO  server.RaftServerConfigKeys (ConfUtils.java:logGet(43)) - raft.server.log.use.memory = false (default)
2019-09-23 16:09:32,126 [pool-27-thread-1] INFO  server.RaftServerConfigKeys (ConfUtils.java:logGet(43)) - raft.server.log.purge.gap = 1000000 (custom)
2019-09-23 16:09:32,127 [pool-27-thread-1] INFO  server.RaftServerConfigKeys (ConfUtils.java:logGet(43)) - raft.server.log.appender.buffer.byte-limit = 33554432 (custom)
2019-09-23 16:09:32,129 [pool-27-thread-1] INFO  server.RaftServerConfigKeys (ConfUtils.java:logGet(43)) - raft.server.log.segment.size.max = 1048576 (custom)
2019-09-23 16:09:32,135 [pool-27-thread-1] INFO  server.RaftServerConfigKeys (ConfUtils.java:logGet(43)) - raft.server.log.segment.cache.num.max = 2 (custom)
2019-09-23 16:09:32,141 [pool-27-thread-1] INFO  segmented.SegmentedRaftLogWorker (SegmentedRaftLogWorker.java:<init>(172)) - new 86cce676-657d-41cf-95d5-6ffcf809eef9@group-50E0EEC3594D-SegmentedRaftLogWorker for RaftStorage:Storage Directory /workdir/hadoop-ozone/integration-test/target/test-dir/MiniOzoneClusterImpl-1c535e18-7116-4972-ae9f-a23b67b63868/datanode-0/data/ratis/88e55697-2457-4481-ad56-50e0eec3594d
2019-09-23 16:09:32,144 [pool-27-thread-1] INFO  impl.MetricsSystemImpl (MetricsSystemImpl.java:init(158)) - ratis metrics system started (again)
2019-09-23 16:09:32,153 [pool-27-thread-1] INFO  metrics.MetricRegistries (MetricRegistriesLoader.java:load(64)) - Loaded MetricRegistries class org.apache.ratis.metrics.impl.MetricRegistriesImpl
2019-09-23 16:09:32,186 [pool-27-thread-1] INFO  server.RaftServerConfigKeys (ConfUtils.java:logGet(43)) - raft.server.log.queue.byte-limit = 2147483647 (custom)
2019-09-23 16:09:32,187 [pool-27-thread-1] INFO  server.RaftServerConfigKeys (ConfUtils.java:logGet(43)) - raft.server.log.queue.element-limit = 1024 (custom)
2019-09-23 16:09:32,190 [pool-27-thread-1] INFO  server.RaftServerConfigKeys (ConfUtils.java:logGet(43)) - raft.server.log.segment.size.max = 1048576 (custom)
2019-09-23 16:09:32,190 [pool-27-thread-1] INFO  server.RaftServerConfigKeys (ConfUtils.java:logGet(43)) - raft.server.log.preallocated.size = 16384 (custom)
2019-09-23 16:09:32,191 [pool-27-thread-1] INFO  server.RaftServerConfigKeys (ConfUtils.java:logGet(43)) - raft.server.log.write.buffer.size = 33554432 (custom)
2019-09-23 16:09:32,191 [pool-27-thread-1] INFO  server.RaftServerConfigKeys (ConfUtils.java:logGet(43)) - raft.server.log.force.sync.num = 128 (default)
2019-09-23 16:09:32,192 [pool-27-thread-1] INFO  server.RaftServerConfigKeys (ConfUtils.java:logGet(43)) - raft.server.log.statemachine.data.sync = true (default)
2019-09-23 16:09:32,192 [pool-27-thread-1] INFO  server.RaftServerConfigKeys (ConfUtils.java:logGet(43)) - raft.server.log.statemachine.data.sync.timeout = 10s (default)
2019-09-23 16:09:32,193 [pool-27-thread-1] INFO  server.RaftServerConfigKeys (ConfUtils.java:logGet(43)) - raft.server.log.statemachine.data.sync.timeout.retry = -1 (default)
2019-09-23 16:09:32,201 [pool-27-thread-1] INFO  server.RaftServerConfigKeys (ConfUtils.java:logGet(43)) - raft.server.log.statemachine.data.caching.enabled = true (custom)
2019-09-23 16:09:32,206 [pool-27-thread-1] INFO  segmented.SegmentedRaftLogWorker (SegmentedRaftLogWorker.java:lambda$new$0(132)) - 86cce676-657d-41cf-95d5-6ffcf809eef9@group-50E0EEC3594D-SegmentedRaftLogWorker: flushIndex: setUnconditionally 0 -> -1
2019-09-23 16:09:32,210 [pool-27-thread-1] INFO  server.RaftServerConfigKeys (ConfUtils.java:logGet(43)) - raft.server.snapshot.auto.trigger.enabled = true (custom)
2019-09-23 16:09:32,211 [pool-27-thread-1] INFO  server.RaftServerConfigKeys (ConfUtils.java:logGet(43)) - raft.server.snapshot.auto.trigger.threshold = 10000 (custom)
2019-09-23 16:09:32,211 [pool-27-thread-1] INFO  server.RaftServerConfigKeys (ConfUtils.java:logGet(43)) - raft.server.snapshot.retention.num.files = 5 (custom)
2019-09-23 16:09:32,212 [pool-27-thread-1] INFO  server.RaftServerConfigKeys (ConfUtils.java:logGet(43)) - raft.server.retrycache.expirytime = 600000ms (custom)
2019-09-23 16:09:32,238 [pool-27-thread-1] INFO  impl.RaftServerImpl (RaftServerImpl.java:start(185)) - 86cce676-657d-41cf-95d5-6ffcf809eef9@group-50E0EEC3594D: start as a follower, conf=-1: [86cce676-657d-41cf-95d5-6ffcf809eef9:192.168.34.17:44082], old=null
2019-09-23 16:09:32,239 [pool-27-thread-1] INFO  impl.RaftServerImpl (RaftServerImpl.java:setRole(174)) - 86cce676-657d-41cf-95d5-6ffcf809eef9@group-50E0EEC3594D: changes role from      null to FOLLOWER at term 0 for startAsFollower
2019-09-23 16:09:32,240 [pool-27-thread-1] INFO  impl.RoleInfo (RoleInfo.java:updateAndGet(143)) - 86cce676-657d-41cf-95d5-6ffcf809eef9: start FollowerState
2019-09-23 16:09:32,253 [pool-27-thread-1] INFO  util.JmxRegister (JmxRegister.java:tryRegister(44)) - Successfully registered JMX Bean with object name Ratis:service=RaftServer,group=group-50E0EEC3594D,id=86cce676-657d-41cf-95d5-6ffcf809eef9
2019-09-23 16:09:32,318 [RatisPipelineUtilsThread] INFO  pipeline.PipelineStateManager (PipelineStateManager.java:addPipeline(56)) - Created pipeline Pipeline[ Id: 88e55697-2457-4481-ad56-50e0eec3594d, Nodes: 86cce676-657d-41cf-95d5-6ffcf809eef9{ip: 192.168.34.17, host: pr-hdds-2166-7skhj-3476174427, networkLocation: /default-rack, certSerialId: null}, Type:RATIS, Factor:ONE, State:OPEN]
2019-09-23 16:09:32,343 [grpc-default-executor-0] INFO  impl.RaftServerProxy (RaftServerProxy.java:addNew(89)) - 61544022-af25-4c48-b0da-1584d68884dd: addNew group-8DF14BEE12CF:[61544022-af25-4c48-b0da-1584d68884dd:192.168.34.17:44191] returns group-8DF14BEE12CF:java.util.concurrent.CompletableFuture@5172fa1b[Not completed]
2019-09-23 16:09:32,382 [pool-77-thread-1] INFO  impl.RaftServerImpl (RaftServerImpl.java:<init>(95)) - 61544022-af25-4c48-b0da-1584d68884dd: new RaftServerImpl for group-8DF14BEE12CF:[61544022-af25-4c48-b0da-1584d68884dd:192.168.34.17:44191] with ContainerStateMachine:uninitialized
2019-09-23 16:09:32,383 [pool-77-thread-1] INFO  server.RaftServerConfigKeys (ConfUtils.java:logGet(43)) - raft.server.rpc.timeout.min = 5s (custom)
2019-09-23 16:09:32,383 [pool-77-thread-1] INFO  server.RaftServerConfigKeys (ConfUtils.java:logGet(43)) - raft.server.rpc.timeout.max = 5200ms (custom)
2019-09-23 16:09:32,384 [pool-77-thread-1] INFO  server.RaftServerConfigKeys (ConfUtils.java:logGet(43)) - raft.server.rpcslowness.timeout = 120s (custom)
2019-09-23 16:09:32,384 [pool-77-thread-1] INFO  server.RaftServerConfigKeys (ConfUtils.java:logGet(43)) - raft.server.sleep.deviation.threshold = 300 (default)
2019-09-23 16:09:32,384 [pool-77-thread-1] INFO  server.RaftServerConfigKeys (ConfUtils.java:logGet(43)) - raft.server.log.appender.install.snapshot.enabled = false (custom)
2019-09-23 16:09:32,384 [pool-77-thread-1] INFO  impl.RaftServerImpl (ServerState.java:<init>(103)) - 61544022-af25-4c48-b0da-1584d68884dd@group-8DF14BEE12CF: ConfigurationManager, init=-1: [61544022-af25-4c48-b0da-1584d68884dd:192.168.34.17:44191], old=null, confs=<EMPTY_MAP>
2019-09-23 16:09:32,384 [pool-77-thread-1] INFO  server.RaftServerConfigKeys (ConfUtils.java:logGet(43)) - raft.server.storage.dir = [/workdir/hadoop-ozone/integration-test/target/test-dir/MiniOzoneClusterImpl-1c535e18-7116-4972-ae9f-a23b67b63868/datanode-5/data/ratis] (custom)
2019-09-23 16:09:32,385 [pool-77-thread-1] INFO  storage.RaftStorageDirectory (RaftStorageDirectory.java:analyzeStorage(246)) - The storage directory /workdir/hadoop-ozone/integration-test/target/test-dir/MiniOzoneClusterImpl-1c535e18-7116-4972-ae9f-a23b67b63868/datanode-5/data/ratis/2f10af73-ca18-46c3-8ab6-8df14bee12cf does not exist. Creating ...
2019-09-23 16:09:32,399 [pool-77-thread-1] INFO  storage.RaftStorageDirectory (RaftStorageDirectory.java:tryLock(328)) - Lock on /workdir/hadoop-ozone/integration-test/target/test-dir/MiniOzoneClusterImpl-1c535e18-7116-4972-ae9f-a23b67b63868/datanode-5/data/ratis/2f10af73-ca18-46c3-8ab6-8df14bee12cf/in_use.lock acquired by nodename 30343@pr-hdds-2166-7skhj-3476174427
2019-09-23 16:09:32,412 [pool-77-thread-1] INFO  storage.RaftStorage (RaftStorage.java:format(72)) - Storage directory /workdir/hadoop-ozone/integration-test/target/test-dir/MiniOzoneClusterImpl-1c535e18-7116-4972-ae9f-a23b67b63868/datanode-5/data/ratis/2f10af73-ca18-46c3-8ab6-8df14bee12cf has been successfully formatted.
2019-09-23 16:09:32,414 [pool-77-thread-1] INFO  ratis.ContainerStateMachine (ContainerStateMachine.java:loadSnapshot(230)) - group-8DF14BEE12CF: The snapshot info is null. Setting the last applied indexto:(t:0, i:~)
2019-09-23 16:09:32,415 [pool-77-thread-1] INFO  server.RaftServerConfigKeys (ConfUtils.java:logGet(43)) - raft.server.notification.no-leader.timeout = 120s (custom)
2019-09-23 16:09:32,415 [pool-77-thread-1] INFO  server.RaftServerConfigKeys (ConfUtils.java:logGet(43)) - raft.server.log.use.memory = false (default)
2019-09-23 16:09:32,415 [pool-77-thread-1] INFO  server.RaftServerConfigKeys (ConfUtils.java:logGet(43)) - raft.server.log.purge.gap = 1000000 (custom)
2019-09-23 16:09:32,415 [pool-77-thread-1] INFO  server.RaftServerConfigKeys (ConfUtils.java:logGet(43)) - raft.server.log.appender.buffer.byte-limit = 33554432 (custom)
2019-09-23 16:09:32,415 [pool-77-thread-1] INFO  server.RaftServerConfigKeys (ConfUtils.java:logGet(43)) - raft.server.log.segment.size.max = 1048576 (custom)
2019-09-23 16:09:32,415 [pool-77-thread-1] INFO  server.RaftServerConfigKeys (ConfUtils.java:logGet(43)) - raft.server.log.segment.cache.num.max = 2 (custom)
2019-09-23 16:09:32,415 [pool-77-thread-1] INFO  segmented.SegmentedRaftLogWorker (SegmentedRaftLogWorker.java:<init>(172)) - new 61544022-af25-4c48-b0da-1584d68884dd@group-8DF14BEE12CF-SegmentedRaftLogWorker for RaftStorage:Storage Directory /workdir/hadoop-ozone/integration-test/target/test-dir/MiniOzoneClusterImpl-1c535e18-7116-4972-ae9f-a23b67b63868/datanode-5/data/ratis/2f10af73-ca18-46c3-8ab6-8df14bee12cf
2019-09-23 16:09:32,422 [pool-77-thread-1] INFO  server.RaftServerConfigKeys (ConfUtils.java:logGet(43)) - raft.server.log.queue.byte-limit = 2147483647 (custom)
2019-09-23 16:09:32,423 [pool-77-thread-1] INFO  server.RaftServerConfigKeys (ConfUtils.java:logGet(43)) - raft.server.log.queue.element-limit = 1024 (custom)
2019-09-23 16:09:32,423 [pool-77-thread-1] INFO  server.RaftServerConfigKeys (ConfUtils.java:logGet(43)) - raft.server.log.segment.size.max = 1048576 (custom)
2019-09-23 16:09:32,423 [pool-77-thread-1] INFO  server.RaftServerConfigKeys (ConfUtils.java:logGet(43)) - raft.server.log.preallocated.size = 16384 (custom)
2019-09-23 16:09:32,423 [pool-77-thread-1] INFO  server.RaftServerConfigKeys (ConfUtils.java:logGet(43)) - raft.server.log.write.buffer.size = 33554432 (custom)
2019-09-23 16:09:32,423 [pool-77-thread-1] INFO  server.RaftServerConfigKeys (ConfUtils.java:logGet(43)) - raft.server.log.force.sync.num = 128 (default)
2019-09-23 16:09:32,424 [pool-77-thread-1] INFO  server.RaftServerConfigKeys (ConfUtils.java:logGet(43)) - raft.server.log.statemachine.data.sync = true (default)
2019-09-23 16:09:32,424 [pool-77-thread-1] INFO  server.RaftServerConfigKeys (ConfUtils.java:logGet(43)) - raft.server.log.statemachine.data.sync.timeout = 10s (default)
2019-09-23 16:09:32,424 [pool-77-thread-1] INFO  server.RaftServerConfigKeys (ConfUtils.java:logGet(43)) - raft.server.log.statemachine.data.sync.timeout.retry = -1 (default)
2019-09-23 16:09:32,424 [pool-77-thread-1] INFO  server.RaftServerConfigKeys (ConfUtils.java:logGet(43)) - raft.server.log.statemachine.data.caching.enabled = true (custom)
2019-09-23 16:09:32,425 [pool-77-thread-1] INFO  segmented.SegmentedRaftLogWorker (SegmentedRaftLogWorker.java:lambda$new$0(132)) - 61544022-af25-4c48-b0da-1584d68884dd@group-8DF14BEE12CF-SegmentedRaftLogWorker: flushIndex: setUnconditionally 0 -> -1
2019-09-23 16:09:32,425 [pool-77-thread-1] INFO  server.RaftServerConfigKeys (ConfUtils.java:logGet(43)) - raft.server.snapshot.auto.trigger.enabled = true (custom)
2019-09-23 16:09:32,425 [pool-77-thread-1] INFO  server.RaftServerConfigKeys (ConfUtils.java:logGet(43)) - raft.server.snapshot.auto.trigger.threshold = 10000 (custom)
2019-09-23 16:09:32,425 [pool-77-thread-1] INFO  server.RaftServerConfigKeys (ConfUtils.java:logGet(43)) - raft.server.snapshot.retention.num.files = 5 (custom)
2019-09-23 16:09:32,426 [pool-77-thread-1] INFO  server.RaftServerConfigKeys (ConfUtils.java:logGet(43)) - raft.server.retrycache.expirytime = 600000ms (custom)
2019-09-23 16:09:32,432 [pool-77-thread-1] INFO  impl.RaftServerImpl (RaftServerImpl.java:start(185)) - 61544022-af25-4c48-b0da-1584d68884dd@group-8DF14BEE12CF: start as a follower, conf=-1: [61544022-af25-4c48-b0da-1584d68884dd:192.168.34.17:44191], old=null
2019-09-23 16:09:32,432 [pool-77-thread-1] INFO  impl.RaftServerImpl (RaftServerImpl.java:setRole(174)) - 61544022-af25-4c48-b0da-1584d68884dd@group-8DF14BEE12CF: changes role from      null to FOLLOWER at term 0 for startAsFollower
2019-09-23 16:09:32,432 [pool-77-thread-1] INFO  impl.RoleInfo (RoleInfo.java:updateAndGet(143)) - 61544022-af25-4c48-b0da-1584d68884dd: start FollowerState
2019-09-23 16:09:32,437 [pool-77-thread-1] INFO  util.JmxRegister (JmxRegister.java:tryRegister(44)) - Successfully registered JMX Bean with object name Ratis:service=RaftServer,group=group-8DF14BEE12CF,id=61544022-af25-4c48-b0da-1584d68884dd
2019-09-23 16:09:32,451 [RatisPipelineUtilsThread] INFO  pipeline.PipelineStateManager (PipelineStateManager.java:addPipeline(56)) - Created pipeline Pipeline[ Id: 2f10af73-ca18-46c3-8ab6-8df14bee12cf, Nodes: 61544022-af25-4c48-b0da-1584d68884dd{ip: 192.168.34.17, host: pr-hdds-2166-7skhj-3476174427, networkLocation: /default-rack, certSerialId: null}, Type:RATIS, Factor:ONE, State:OPEN]
2019-09-23 16:09:32,474 [grpc-default-executor-0] INFO  impl.RaftServerProxy (RaftServerProxy.java:addNew(89)) - e5032fb1-f51e-4c37-8c06-7d41de8bf135: addNew group-2631CC57C922:[e5032fb1-f51e-4c37-8c06-7d41de8bf135:192.168.34.17:45462] returns group-2631CC57C922:java.util.concurrent.CompletableFuture@69d7b485[Not completed]
2019-09-23 16:09:32,513 [pool-67-thread-1] INFO  impl.RaftServerImpl (RaftServerImpl.java:<init>(95)) - e5032fb1-f51e-4c37-8c06-7d41de8bf135: new RaftServerImpl for group-2631CC57C922:[e5032fb1-f51e-4c37-8c06-7d41de8bf135:192.168.34.17:45462] with ContainerStateMachine:uninitialized
2019-09-23 16:09:32,514 [pool-67-thread-1] INFO  server.RaftServerConfigKeys (ConfUtils.java:logGet(43)) - raft.server.rpc.timeout.min = 5s (custom)
2019-09-23 16:09:32,514 [pool-67-thread-1] INFO  server.RaftServerConfigKeys (ConfUtils.java:logGet(43)) - raft.server.rpc.timeout.max = 5200ms (custom)
2019-09-23 16:09:32,514 [pool-67-thread-1] INFO  server.RaftServerConfigKeys (ConfUtils.java:logGet(43)) - raft.server.rpcslowness.timeout = 120s (custom)
2019-09-23 16:09:32,514 [pool-67-thread-1] INFO  server.RaftServerConfigKeys (ConfUtils.java:logGet(43)) - raft.server.sleep.deviation.threshold = 300 (default)
2019-09-23 16:09:32,514 [pool-67-thread-1] INFO  server.RaftServerConfigKeys (ConfUtils.java:logGet(43)) - raft.server.log.appender.install.snapshot.enabled = false (custom)
2019-09-23 16:09:32,514 [pool-67-thread-1] INFO  impl.RaftServerImpl (ServerState.java:<init>(103)) - e5032fb1-f51e-4c37-8c06-7d41de8bf135@group-2631CC57C922: ConfigurationManager, init=-1: [e5032fb1-f51e-4c37-8c06-7d41de8bf135:192.168.34.17:45462], old=null, confs=<EMPTY_MAP>
2019-09-23 16:09:32,515 [pool-67-thread-1] INFO  server.RaftServerConfigKeys (ConfUtils.java:logGet(43)) - raft.server.storage.dir = [/workdir/hadoop-ozone/integration-test/target/test-dir/MiniOzoneClusterImpl-1c535e18-7116-4972-ae9f-a23b67b63868/datanode-4/data/ratis] (custom)
2019-09-23 16:09:32,515 [pool-67-thread-1] INFO  storage.RaftStorageDirectory (RaftStorageDirectory.java:analyzeStorage(246)) - The storage directory /workdir/hadoop-ozone/integration-test/target/test-dir/MiniOzoneClusterImpl-1c535e18-7116-4972-ae9f-a23b67b63868/datanode-4/data/ratis/60b250ad-1172-4632-8271-2631cc57c922 does not exist. Creating ...
2019-09-23 16:09:32,528 [pool-67-thread-1] INFO  storage.RaftStorageDirectory (RaftStorageDirectory.java:tryLock(328)) - Lock on /workdir/hadoop-ozone/integration-test/target/test-dir/MiniOzoneClusterImpl-1c535e18-7116-4972-ae9f-a23b67b63868/datanode-4/data/ratis/60b250ad-1172-4632-8271-2631cc57c922/in_use.lock acquired by nodename 30343@pr-hdds-2166-7skhj-3476174427
2019-09-23 16:09:32,541 [pool-67-thread-1] INFO  storage.RaftStorage (RaftStorage.java:format(72)) - Storage directory /workdir/hadoop-ozone/integration-test/target/test-dir/MiniOzoneClusterImpl-1c535e18-7116-4972-ae9f-a23b67b63868/datanode-4/data/ratis/60b250ad-1172-4632-8271-2631cc57c922 has been successfully formatted.
2019-09-23 16:09:32,541 [pool-67-thread-1] INFO  ratis.ContainerStateMachine (ContainerStateMachine.java:loadSnapshot(230)) - group-2631CC57C922: The snapshot info is null. Setting the last applied indexto:(t:0, i:~)
2019-09-23 16:09:32,541 [pool-67-thread-1] INFO  server.RaftServerConfigKeys (ConfUtils.java:logGet(43)) - raft.server.notification.no-leader.timeout = 120s (custom)
2019-09-23 16:09:32,541 [pool-67-thread-1] INFO  server.RaftServerConfigKeys (ConfUtils.java:logGet(43)) - raft.server.log.use.memory = false (default)
2019-09-23 16:09:32,541 [pool-67-thread-1] INFO  server.RaftServerConfigKeys (ConfUtils.java:logGet(43)) - raft.server.log.purge.gap = 1000000 (custom)
2019-09-23 16:09:32,542 [pool-67-thread-1] INFO  server.RaftServerConfigKeys (ConfUtils.java:logGet(43)) - raft.server.log.appender.buffer.byte-limit = 33554432 (custom)
2019-09-23 16:09:32,542 [pool-67-thread-1] INFO  server.RaftServerConfigKeys (ConfUtils.java:logGet(43)) - raft.server.log.segment.size.max = 1048576 (custom)
2019-09-23 16:09:32,542 [pool-67-thread-1] INFO  server.RaftServerConfigKeys (ConfUtils.java:logGet(43)) - raft.server.log.segment.cache.num.max = 2 (custom)
2019-09-23 16:09:32,542 [pool-67-thread-1] INFO  segmented.SegmentedRaftLogWorker (SegmentedRaftLogWorker.java:<init>(172)) - new e5032fb1-f51e-4c37-8c06-7d41de8bf135@group-2631CC57C922-SegmentedRaftLogWorker for RaftStorage:Storage Directory /workdir/hadoop-ozone/integration-test/target/test-dir/MiniOzoneClusterImpl-1c535e18-7116-4972-ae9f-a23b67b63868/datanode-4/data/ratis/60b250ad-1172-4632-8271-2631cc57c922
2019-09-23 16:09:32,579 [pool-67-thread-1] INFO  server.RaftServerConfigKeys (ConfUtils.java:logGet(43)) - raft.server.log.queue.byte-limit = 2147483647 (custom)
2019-09-23 16:09:32,579 [pool-67-thread-1] INFO  server.RaftServerConfigKeys (ConfUtils.java:logGet(43)) - raft.server.log.queue.element-limit = 1024 (custom)
2019-09-23 16:09:32,580 [pool-67-thread-1] INFO  server.RaftServerConfigKeys (ConfUtils.java:logGet(43)) - raft.server.log.segment.size.max = 1048576 (custom)
2019-09-23 16:09:32,580 [pool-67-thread-1] INFO  server.RaftServerConfigKeys (ConfUtils.java:logGet(43)) - raft.server.log.preallocated.size = 16384 (custom)
2019-09-23 16:09:32,580 [pool-67-thread-1] INFO  server.RaftServerConfigKeys (ConfUtils.java:logGet(43)) - raft.server.log.write.buffer.size = 33554432 (custom)
2019-09-23 16:09:32,580 [pool-67-thread-1] INFO  server.RaftServerConfigKeys (ConfUtils.java:logGet(43)) - raft.server.log.force.sync.num = 128 (default)
2019-09-23 16:09:32,580 [pool-67-thread-1] INFO  server.RaftServerConfigKeys (ConfUtils.java:logGet(43)) - raft.server.log.statemachine.data.sync = true (default)
2019-09-23 16:09:32,580 [pool-67-thread-1] INFO  server.RaftServerConfigKeys (ConfUtils.java:logGet(43)) - raft.server.log.statemachine.data.sync.timeout = 10s (default)
2019-09-23 16:09:32,580 [pool-67-thread-1] INFO  server.RaftServerConfigKeys (ConfUtils.java:logGet(43)) - raft.server.log.statemachine.data.sync.timeout.retry = -1 (default)
2019-09-23 16:09:32,581 [pool-67-thread-1] INFO  server.RaftServerConfigKeys (ConfUtils.java:logGet(43)) - raft.server.log.statemachine.data.caching.enabled = true (custom)
2019-09-23 16:09:32,581 [pool-67-thread-1] INFO  segmented.SegmentedRaftLogWorker (SegmentedRaftLogWorker.java:lambda$new$0(132)) - e5032fb1-f51e-4c37-8c06-7d41de8bf135@group-2631CC57C922-SegmentedRaftLogWorker: flushIndex: setUnconditionally 0 -> -1
2019-09-23 16:09:32,581 [pool-67-thread-1] INFO  server.RaftServerConfigKeys (ConfUtils.java:logGet(43)) - raft.server.snapshot.auto.trigger.enabled = true (custom)
2019-09-23 16:09:32,581 [pool-67-thread-1] INFO  server.RaftServerConfigKeys (ConfUtils.java:logGet(43)) - raft.server.snapshot.auto.trigger.threshold = 10000 (custom)
2019-09-23 16:09:32,582 [pool-67-thread-1] INFO  server.RaftServerConfigKeys (ConfUtils.java:logGet(43)) - raft.server.snapshot.retention.num.files = 5 (custom)
2019-09-23 16:09:32,582 [pool-67-thread-1] INFO  server.RaftServerConfigKeys (ConfUtils.java:logGet(43)) - raft.server.retrycache.expirytime = 600000ms (custom)
2019-09-23 16:09:32,586 [pool-67-thread-1] INFO  impl.RaftServerImpl (RaftServerImpl.java:start(185)) - e5032fb1-f51e-4c37-8c06-7d41de8bf135@group-2631CC57C922: start as a follower, conf=-1: [e5032fb1-f51e-4c37-8c06-7d41de8bf135:192.168.34.17:45462], old=null
2019-09-23 16:09:32,586 [pool-67-thread-1] INFO  impl.RaftServerImpl (RaftServerImpl.java:setRole(174)) - e5032fb1-f51e-4c37-8c06-7d41de8bf135@group-2631CC57C922: changes role from      null to FOLLOWER at term 0 for startAsFollower
2019-09-23 16:09:32,586 [pool-67-thread-1] INFO  impl.RoleInfo (RoleInfo.java:updateAndGet(143)) - e5032fb1-f51e-4c37-8c06-7d41de8bf135: start FollowerState
2019-09-23 16:09:32,593 [pool-67-thread-1] INFO  util.JmxRegister (JmxRegister.java:tryRegister(44)) - Successfully registered JMX Bean with object name Ratis:service=RaftServer,group=group-2631CC57C922,id=e5032fb1-f51e-4c37-8c06-7d41de8bf135
2019-09-23 16:09:32,607 [RatisPipelineUtilsThread] INFO  pipeline.PipelineStateManager (PipelineStateManager.java:addPipeline(56)) - Created pipeline Pipeline[ Id: 60b250ad-1172-4632-8271-2631cc57c922, Nodes: e5032fb1-f51e-4c37-8c06-7d41de8bf135{ip: 192.168.34.17, host: pr-hdds-2166-7skhj-3476174427, networkLocation: /default-rack, certSerialId: null}, Type:RATIS, Factor:ONE, State:OPEN]
2019-09-23 16:09:32,630 [grpc-default-executor-0] INFO  impl.RaftServerProxy (RaftServerProxy.java:addNew(89)) - 19fc0876-1805-41fe-b2ab-ad2bbc602717: addNew group-8C3629710B51:[19fc0876-1805-41fe-b2ab-ad2bbc602717:192.168.34.17:42483] returns group-8C3629710B51:java.util.concurrent.CompletableFuture@7a0dad36[Not completed]
2019-09-23 16:09:32,634 [pool-47-thread-1] INFO  impl.RaftServerImpl (RaftServerImpl.java:<init>(95)) - 19fc0876-1805-41fe-b2ab-ad2bbc602717: new RaftServerImpl for group-8C3629710B51:[19fc0876-1805-41fe-b2ab-ad2bbc602717:192.168.34.17:42483] with ContainerStateMachine:uninitialized
2019-09-23 16:09:32,635 [pool-47-thread-1] INFO  server.RaftServerConfigKeys (ConfUtils.java:logGet(43)) - raft.server.rpc.timeout.min = 5s (custom)
2019-09-23 16:09:32,635 [pool-47-thread-1] INFO  server.RaftServerConfigKeys (ConfUtils.java:logGet(43)) - raft.server.rpc.timeout.max = 5200ms (custom)
2019-09-23 16:09:32,635 [pool-47-thread-1] INFO  server.RaftServerConfigKeys (ConfUtils.java:logGet(43)) - raft.server.rpcslowness.timeout = 120s (custom)
2019-09-23 16:09:32,635 [pool-47-thread-1] INFO  server.RaftServerConfigKeys (ConfUtils.java:logGet(43)) - raft.server.sleep.deviation.threshold = 300 (default)
2019-09-23 16:09:32,635 [pool-47-thread-1] INFO  server.RaftServerConfigKeys (ConfUtils.java:logGet(43)) - raft.server.log.appender.install.snapshot.enabled = false (custom)
2019-09-23 16:09:32,635 [pool-47-thread-1] INFO  impl.RaftServerImpl (ServerState.java:<init>(103)) - 19fc0876-1805-41fe-b2ab-ad2bbc602717@group-8C3629710B51: ConfigurationManager, init=-1: [19fc0876-1805-41fe-b2ab-ad2bbc602717:192.168.34.17:42483], old=null, confs=<EMPTY_MAP>
2019-09-23 16:09:32,635 [pool-47-thread-1] INFO  server.RaftServerConfigKeys (ConfUtils.java:logGet(43)) - raft.server.storage.dir = [/workdir/hadoop-ozone/integration-test/target/test-dir/MiniOzoneClusterImpl-1c535e18-7116-4972-ae9f-a23b67b63868/datanode-2/data/ratis] (custom)
2019-09-23 16:09:32,636 [pool-47-thread-1] INFO  storage.RaftStorageDirectory (RaftStorageDirectory.java:analyzeStorage(246)) - The storage directory /workdir/hadoop-ozone/integration-test/target/test-dir/MiniOzoneClusterImpl-1c535e18-7116-4972-ae9f-a23b67b63868/datanode-2/data/ratis/86f72d35-03af-4e0a-8b7d-8c3629710b51 does not exist. Creating ...
2019-09-23 16:09:32,648 [pool-47-thread-1] INFO  storage.RaftStorageDirectory (RaftStorageDirectory.java:tryLock(328)) - Lock on /workdir/hadoop-ozone/integration-test/target/test-dir/MiniOzoneClusterImpl-1c535e18-7116-4972-ae9f-a23b67b63868/datanode-2/data/ratis/86f72d35-03af-4e0a-8b7d-8c3629710b51/in_use.lock acquired by nodename 30343@pr-hdds-2166-7skhj-3476174427
2019-09-23 16:09:32,661 [pool-47-thread-1] INFO  storage.RaftStorage (RaftStorage.java:format(72)) - Storage directory /workdir/hadoop-ozone/integration-test/target/test-dir/MiniOzoneClusterImpl-1c535e18-7116-4972-ae9f-a23b67b63868/datanode-2/data/ratis/86f72d35-03af-4e0a-8b7d-8c3629710b51 has been successfully formatted.
2019-09-23 16:09:32,661 [pool-47-thread-1] INFO  ratis.ContainerStateMachine (ContainerStateMachine.java:loadSnapshot(230)) - group-8C3629710B51: The snapshot info is null. Setting the last applied indexto:(t:0, i:~)
2019-09-23 16:09:32,662 [pool-47-thread-1] INFO  server.RaftServerConfigKeys (ConfUtils.java:logGet(43)) - raft.server.notification.no-leader.timeout = 120s (custom)
2019-09-23 16:09:32,662 [pool-47-thread-1] INFO  server.RaftServerConfigKeys (ConfUtils.java:logGet(43)) - raft.server.log.use.memory = false (default)
2019-09-23 16:09:32,662 [pool-47-thread-1] INFO  server.RaftServerConfigKeys (ConfUtils.java:logGet(43)) - raft.server.log.purge.gap = 1000000 (custom)
2019-09-23 16:09:32,662 [pool-47-thread-1] INFO  server.RaftServerConfigKeys (ConfUtils.java:logGet(43)) - raft.server.log.appender.buffer.byte-limit = 33554432 (custom)
2019-09-23 16:09:32,662 [pool-47-thread-1] INFO  server.RaftServerConfigKeys (ConfUtils.java:logGet(43)) - raft.server.log.segment.size.max = 1048576 (custom)
2019-09-23 16:09:32,662 [pool-47-thread-1] INFO  server.RaftServerConfigKeys (ConfUtils.java:logGet(43)) - raft.server.log.segment.cache.num.max = 2 (custom)
2019-09-23 16:09:32,662 [pool-47-thread-1] INFO  segmented.SegmentedRaftLogWorker (SegmentedRaftLogWorker.java:<init>(172)) - new 19fc0876-1805-41fe-b2ab-ad2bbc602717@group-8C3629710B51-SegmentedRaftLogWorker for RaftStorage:Storage Directory /workdir/hadoop-ozone/integration-test/target/test-dir/MiniOzoneClusterImpl-1c535e18-7116-4972-ae9f-a23b67b63868/datanode-2/data/ratis/86f72d35-03af-4e0a-8b7d-8c3629710b51
2019-09-23 16:09:32,665 [pool-47-thread-1] INFO  server.RaftServerConfigKeys (ConfUtils.java:logGet(43)) - raft.server.log.queue.byte-limit = 2147483647 (custom)
2019-09-23 16:09:32,666 [pool-47-thread-1] INFO  server.RaftServerConfigKeys (ConfUtils.java:logGet(43)) - raft.server.log.queue.element-limit = 1024 (custom)
2019-09-23 16:09:32,666 [pool-47-thread-1] INFO  server.RaftServerConfigKeys (ConfUtils.java:logGet(43)) - raft.server.log.segment.size.max = 1048576 (custom)
2019-09-23 16:09:32,666 [pool-47-thread-1] INFO  server.RaftServerConfigKeys (ConfUtils.java:logGet(43)) - raft.server.log.preallocated.size = 16384 (custom)
2019-09-23 16:09:32,666 [pool-47-thread-1] INFO  server.RaftServerConfigKeys (ConfUtils.java:logGet(43)) - raft.server.log.write.buffer.size = 33554432 (custom)
2019-09-23 16:09:32,666 [pool-47-thread-1] INFO  server.RaftServerConfigKeys (ConfUtils.java:logGet(43)) - raft.server.log.force.sync.num = 128 (default)
2019-09-23 16:09:32,666 [pool-47-thread-1] INFO  server.RaftServerConfigKeys (ConfUtils.java:logGet(43)) - raft.server.log.statemachine.data.sync = true (default)
2019-09-23 16:09:32,666 [pool-47-thread-1] INFO  server.RaftServerConfigKeys (ConfUtils.java:logGet(43)) - raft.server.log.statemachine.data.sync.timeout = 10s (default)
2019-09-23 16:09:32,666 [pool-47-thread-1] INFO  server.RaftServerConfigKeys (ConfUtils.java:logGet(43)) - raft.server.log.statemachine.data.sync.timeout.retry = -1 (default)
2019-09-23 16:09:32,667 [pool-47-thread-1] INFO  server.RaftServerConfigKeys (ConfUtils.java:logGet(43)) - raft.server.log.statemachine.data.caching.enabled = true (custom)
2019-09-23 16:09:32,667 [pool-47-thread-1] INFO  segmented.SegmentedRaftLogWorker (SegmentedRaftLogWorker.java:lambda$new$0(132)) - 19fc0876-1805-41fe-b2ab-ad2bbc602717@group-8C3629710B51-SegmentedRaftLogWorker: flushIndex: setUnconditionally 0 -> -1
2019-09-23 16:09:32,669 [pool-47-thread-1] INFO  server.RaftServerConfigKeys (ConfUtils.java:logGet(43)) - raft.server.snapshot.auto.trigger.enabled = true (custom)
2019-09-23 16:09:32,670 [pool-47-thread-1] INFO  server.RaftServerConfigKeys (ConfUtils.java:logGet(43)) - raft.server.snapshot.auto.trigger.threshold = 10000 (custom)
2019-09-23 16:09:32,670 [pool-47-thread-1] INFO  server.RaftServerConfigKeys (ConfUtils.java:logGet(43)) - raft.server.snapshot.retention.num.files = 5 (custom)
2019-09-23 16:09:32,670 [pool-47-thread-1] INFO  server.RaftServerConfigKeys (ConfUtils.java:logGet(43)) - raft.server.retrycache.expirytime = 600000ms (custom)
2019-09-23 16:09:32,673 [pool-47-thread-1] INFO  impl.RaftServerImpl (RaftServerImpl.java:start(185)) - 19fc0876-1805-41fe-b2ab-ad2bbc602717@group-8C3629710B51: start as a follower, conf=-1: [19fc0876-1805-41fe-b2ab-ad2bbc602717:192.168.34.17:42483], old=null
2019-09-23 16:09:32,673 [pool-47-thread-1] INFO  impl.RaftServerImpl (RaftServerImpl.java:setRole(174)) - 19fc0876-1805-41fe-b2ab-ad2bbc602717@group-8C3629710B51: changes role from      null to FOLLOWER at term 0 for startAsFollower
2019-09-23 16:09:32,673 [pool-47-thread-1] INFO  impl.RoleInfo (RoleInfo.java:updateAndGet(143)) - 19fc0876-1805-41fe-b2ab-ad2bbc602717: start FollowerState
2019-09-23 16:09:32,674 [pool-47-thread-1] INFO  util.JmxRegister (JmxRegister.java:tryRegister(44)) - Successfully registered JMX Bean with object name Ratis:service=RaftServer,group=group-8C3629710B51,id=19fc0876-1805-41fe-b2ab-ad2bbc602717
2019-09-23 16:09:32,687 [RatisPipelineUtilsThread] INFO  pipeline.PipelineStateManager (PipelineStateManager.java:addPipeline(56)) - Created pipeline Pipeline[ Id: 86f72d35-03af-4e0a-8b7d-8c3629710b51, Nodes: 19fc0876-1805-41fe-b2ab-ad2bbc602717{ip: 192.168.34.17, host: pr-hdds-2166-7skhj-3476174427, networkLocation: /default-rack, certSerialId: null}, Type:RATIS, Factor:ONE, State:OPEN]
2019-09-23 16:09:32,705 [grpc-default-executor-0] INFO  impl.RaftServerProxy (RaftServerProxy.java:addNew(89)) - 76beba98-382e-417c-a9a7-220e3ae0ea81: addNew group-647B645D0BE9:[76beba98-382e-417c-a9a7-220e3ae0ea81:192.168.34.17:35133] returns group-647B645D0BE9:java.util.concurrent.CompletableFuture@6f1bcb97[Not completed]
2019-09-23 16:09:32,708 [pool-37-thread-1] INFO  impl.RaftServerImpl (RaftServerImpl.java:<init>(95)) - 76beba98-382e-417c-a9a7-220e3ae0ea81: new RaftServerImpl for group-647B645D0BE9:[76beba98-382e-417c-a9a7-220e3ae0ea81:192.168.34.17:35133] with ContainerStateMachine:uninitialized
2019-09-23 16:09:32,708 [pool-37-thread-1] INFO  server.RaftServerConfigKeys (ConfUtils.java:logGet(43)) - raft.server.rpc.timeout.min = 5s (custom)
2019-09-23 16:09:32,708 [pool-37-thread-1] INFO  server.RaftServerConfigKeys (ConfUtils.java:logGet(43)) - raft.server.rpc.timeout.max = 5200ms (custom)
2019-09-23 16:09:32,708 [pool-37-thread-1] INFO  server.RaftServerConfigKeys (ConfUtils.java:logGet(43)) - raft.server.rpcslowness.timeout = 120s (custom)
2019-09-23 16:09:32,708 [pool-37-thread-1] INFO  server.RaftServerConfigKeys (ConfUtils.java:logGet(43)) - raft.server.sleep.deviation.threshold = 300 (default)
2019-09-23 16:09:32,709 [pool-37-thread-1] INFO  server.RaftServerConfigKeys (ConfUtils.java:logGet(43)) - raft.server.log.appender.install.snapshot.enabled = false (custom)
2019-09-23 16:09:32,709 [pool-37-thread-1] INFO  impl.RaftServerImpl (ServerState.java:<init>(103)) - 76beba98-382e-417c-a9a7-220e3ae0ea81@group-647B645D0BE9: ConfigurationManager, init=-1: [76beba98-382e-417c-a9a7-220e3ae0ea81:192.168.34.17:35133], old=null, confs=<EMPTY_MAP>
2019-09-23 16:09:32,709 [pool-37-thread-1] INFO  server.RaftServerConfigKeys (ConfUtils.java:logGet(43)) - raft.server.storage.dir = [/workdir/hadoop-ozone/integration-test/target/test-dir/MiniOzoneClusterImpl-1c535e18-7116-4972-ae9f-a23b67b63868/datanode-1/data/ratis] (custom)
2019-09-23 16:09:32,709 [pool-37-thread-1] INFO  storage.RaftStorageDirectory (RaftStorageDirectory.java:analyzeStorage(246)) - The storage directory /workdir/hadoop-ozone/integration-test/target/test-dir/MiniOzoneClusterImpl-1c535e18-7116-4972-ae9f-a23b67b63868/datanode-1/data/ratis/21683722-6c8c-44cb-9eb7-647b645d0be9 does not exist. Creating ...
2019-09-23 16:09:32,723 [pool-37-thread-1] INFO  storage.RaftStorageDirectory (RaftStorageDirectory.java:tryLock(328)) - Lock on /workdir/hadoop-ozone/integration-test/target/test-dir/MiniOzoneClusterImpl-1c535e18-7116-4972-ae9f-a23b67b63868/datanode-1/data/ratis/21683722-6c8c-44cb-9eb7-647b645d0be9/in_use.lock acquired by nodename 30343@pr-hdds-2166-7skhj-3476174427
2019-09-23 16:09:32,736 [pool-37-thread-1] INFO  storage.RaftStorage (RaftStorage.java:format(72)) - Storage directory /workdir/hadoop-ozone/integration-test/target/test-dir/MiniOzoneClusterImpl-1c535e18-7116-4972-ae9f-a23b67b63868/datanode-1/data/ratis/21683722-6c8c-44cb-9eb7-647b645d0be9 has been successfully formatted.
2019-09-23 16:09:32,736 [pool-37-thread-1] INFO  ratis.ContainerStateMachine (ContainerStateMachine.java:loadSnapshot(230)) - group-647B645D0BE9: The snapshot info is null. Setting the last applied indexto:(t:0, i:~)
2019-09-23 16:09:32,736 [pool-37-thread-1] INFO  server.RaftServerConfigKeys (ConfUtils.java:logGet(43)) - raft.server.notification.no-leader.timeout = 120s (custom)
2019-09-23 16:09:32,736 [pool-37-thread-1] INFO  server.RaftServerConfigKeys (ConfUtils.java:logGet(43)) - raft.server.log.use.memory = false (default)
2019-09-23 16:09:32,736 [pool-37-thread-1] INFO  server.RaftServerConfigKeys (ConfUtils.java:logGet(43)) - raft.server.log.purge.gap = 1000000 (custom)
2019-09-23 16:09:32,736 [pool-37-thread-1] INFO  server.RaftServerConfigKeys (ConfUtils.java:logGet(43)) - raft.server.log.appender.buffer.byte-limit = 33554432 (custom)
2019-09-23 16:09:32,737 [pool-37-thread-1] INFO  server.RaftServerConfigKeys (ConfUtils.java:logGet(43)) - raft.server.log.segment.size.max = 1048576 (custom)
2019-09-23 16:09:32,737 [pool-37-thread-1] INFO  server.RaftServerConfigKeys (ConfUtils.java:logGet(43)) - raft.server.log.segment.cache.num.max = 2 (custom)
2019-09-23 16:09:32,737 [pool-37-thread-1] INFO  segmented.SegmentedRaftLogWorker (SegmentedRaftLogWorker.java:<init>(172)) - new 76beba98-382e-417c-a9a7-220e3ae0ea81@group-647B645D0BE9-SegmentedRaftLogWorker for RaftStorage:Storage Directory /workdir/hadoop-ozone/integration-test/target/test-dir/MiniOzoneClusterImpl-1c535e18-7116-4972-ae9f-a23b67b63868/datanode-1/data/ratis/21683722-6c8c-44cb-9eb7-647b645d0be9
2019-09-23 16:09:32,740 [pool-37-thread-1] INFO  server.RaftServerConfigKeys (ConfUtils.java:logGet(43)) - raft.server.log.queue.byte-limit = 2147483647 (custom)
2019-09-23 16:09:32,740 [pool-37-thread-1] INFO  server.RaftServerConfigKeys (ConfUtils.java:logGet(43)) - raft.server.log.queue.element-limit = 1024 (custom)
2019-09-23 16:09:32,740 [pool-37-thread-1] INFO  server.RaftServerConfigKeys (ConfUtils.java:logGet(43)) - raft.server.log.segment.size.max = 1048576 (custom)
2019-09-23 16:09:32,740 [pool-37-thread-1] INFO  server.RaftServerConfigKeys (ConfUtils.java:logGet(43)) - raft.server.log.preallocated.size = 16384 (custom)
2019-09-23 16:09:32,740 [pool-37-thread-1] INFO  server.RaftServerConfigKeys (ConfUtils.java:logGet(43)) - raft.server.log.write.buffer.size = 33554432 (custom)
2019-09-23 16:09:32,740 [pool-37-thread-1] INFO  server.RaftServerConfigKeys (ConfUtils.java:logGet(43)) - raft.server.log.force.sync.num = 128 (default)
2019-09-23 16:09:32,740 [pool-37-thread-1] INFO  server.RaftServerConfigKeys (ConfUtils.java:logGet(43)) - raft.server.log.statemachine.data.sync = true (default)
2019-09-23 16:09:32,741 [pool-37-thread-1] INFO  server.RaftServerConfigKeys (ConfUtils.java:logGet(43)) - raft.server.log.statemachine.data.sync.timeout = 10s (default)
2019-09-23 16:09:32,741 [pool-37-thread-1] INFO  server.RaftServerConfigKeys (ConfUtils.java:logGet(43)) - raft.server.log.statemachine.data.sync.timeout.retry = -1 (default)
2019-09-23 16:09:32,741 [pool-37-thread-1] INFO  server.RaftServerConfigKeys (ConfUtils.java:logGet(43)) - raft.server.log.statemachine.data.caching.enabled = true (custom)
2019-09-23 16:09:32,741 [pool-37-thread-1] INFO  segmented.SegmentedRaftLogWorker (SegmentedRaftLogWorker.java:lambda$new$0(132)) - 76beba98-382e-417c-a9a7-220e3ae0ea81@group-647B645D0BE9-SegmentedRaftLogWorker: flushIndex: setUnconditionally 0 -> -1
2019-09-23 16:09:32,741 [pool-37-thread-1] INFO  server.RaftServerConfigKeys (ConfUtils.java:logGet(43)) - raft.server.snapshot.auto.trigger.enabled = true (custom)
2019-09-23 16:09:32,742 [pool-37-thread-1] INFO  server.RaftServerConfigKeys (ConfUtils.java:logGet(43)) - raft.server.snapshot.auto.trigger.threshold = 10000 (custom)
2019-09-23 16:09:32,742 [pool-37-thread-1] INFO  server.RaftServerConfigKeys (ConfUtils.java:logGet(43)) - raft.server.snapshot.retention.num.files = 5 (custom)
2019-09-23 16:09:32,742 [pool-37-thread-1] INFO  server.RaftServerConfigKeys (ConfUtils.java:logGet(43)) - raft.server.retrycache.expirytime = 600000ms (custom)
2019-09-23 16:09:32,744 [pool-37-thread-1] INFO  impl.RaftServerImpl (RaftServerImpl.java:start(185)) - 76beba98-382e-417c-a9a7-220e3ae0ea81@group-647B645D0BE9: start as a follower, conf=-1: [76beba98-382e-417c-a9a7-220e3ae0ea81:192.168.34.17:35133], old=null
2019-09-23 16:09:32,744 [pool-37-thread-1] INFO  impl.RaftServerImpl (RaftServerImpl.java:setRole(174)) - 76beba98-382e-417c-a9a7-220e3ae0ea81@group-647B645D0BE9: changes role from      null to FOLLOWER at term 0 for startAsFollower
2019-09-23 16:09:32,745 [pool-37-thread-1] INFO  impl.RoleInfo (RoleInfo.java:updateAndGet(143)) - 76beba98-382e-417c-a9a7-220e3ae0ea81: start FollowerState
2019-09-23 16:09:32,745 [pool-37-thread-1] INFO  util.JmxRegister (JmxRegister.java:tryRegister(44)) - Successfully registered JMX Bean with object name Ratis:service=RaftServer,group=group-647B645D0BE9,id=76beba98-382e-417c-a9a7-220e3ae0ea81
2019-09-23 16:09:32,759 [RatisPipelineUtilsThread] INFO  pipeline.PipelineStateManager (PipelineStateManager.java:addPipeline(56)) - Created pipeline Pipeline[ Id: 21683722-6c8c-44cb-9eb7-647b645d0be9, Nodes: 76beba98-382e-417c-a9a7-220e3ae0ea81{ip: 192.168.34.17, host: pr-hdds-2166-7skhj-3476174427, networkLocation: /default-rack, certSerialId: null}, Type:RATIS, Factor:ONE, State:OPEN]
2019-09-23 16:09:32,778 [grpc-default-executor-0] INFO  impl.RaftServerProxy (RaftServerProxy.java:addNew(89)) - 140ce4e8-065f-48c8-9992-7144cce7209c: addNew group-FA9371558857:[140ce4e8-065f-48c8-9992-7144cce7209c:192.168.34.17:33128] returns group-FA9371558857:java.util.concurrent.CompletableFuture@5465031[Not completed]
2019-09-23 16:09:32,781 [pool-87-thread-1] INFO  impl.RaftServerImpl (RaftServerImpl.java:<init>(95)) - 140ce4e8-065f-48c8-9992-7144cce7209c: new RaftServerImpl for group-FA9371558857:[140ce4e8-065f-48c8-9992-7144cce7209c:192.168.34.17:33128] with ContainerStateMachine:uninitialized
2019-09-23 16:09:32,781 [pool-87-thread-1] INFO  server.RaftServerConfigKeys (ConfUtils.java:logGet(43)) - raft.server.rpc.timeout.min = 5s (custom)
2019-09-23 16:09:32,781 [pool-87-thread-1] INFO  server.RaftServerConfigKeys (ConfUtils.java:logGet(43)) - raft.server.rpc.timeout.max = 5200ms (custom)
2019-09-23 16:09:32,781 [pool-87-thread-1] INFO  server.RaftServerConfigKeys (ConfUtils.java:logGet(43)) - raft.server.rpcslowness.timeout = 120s (custom)
2019-09-23 16:09:32,781 [pool-87-thread-1] INFO  server.RaftServerConfigKeys (ConfUtils.java:logGet(43)) - raft.server.sleep.deviation.threshold = 300 (default)
2019-09-23 16:09:32,781 [pool-87-thread-1] INFO  server.RaftServerConfigKeys (ConfUtils.java:logGet(43)) - raft.server.log.appender.install.snapshot.enabled = false (custom)
2019-09-23 16:09:32,782 [pool-87-thread-1] INFO  impl.RaftServerImpl (ServerState.java:<init>(103)) - 140ce4e8-065f-48c8-9992-7144cce7209c@group-FA9371558857: ConfigurationManager, init=-1: [140ce4e8-065f-48c8-9992-7144cce7209c:192.168.34.17:33128], old=null, confs=<EMPTY_MAP>
2019-09-23 16:09:32,782 [pool-87-thread-1] INFO  server.RaftServerConfigKeys (ConfUtils.java:logGet(43)) - raft.server.storage.dir = [/workdir/hadoop-ozone/integration-test/target/test-dir/MiniOzoneClusterImpl-1c535e18-7116-4972-ae9f-a23b67b63868/datanode-6/data/ratis] (custom)
2019-09-23 16:09:32,782 [pool-87-thread-1] INFO  storage.RaftStorageDirectory (RaftStorageDirectory.java:analyzeStorage(246)) - The storage directory /workdir/hadoop-ozone/integration-test/target/test-dir/MiniOzoneClusterImpl-1c535e18-7116-4972-ae9f-a23b67b63868/datanode-6/data/ratis/14230474-0fdc-4b33-85fe-fa9371558857 does not exist. Creating ...
2019-09-23 16:09:32,792 [main] INFO  ozone.MiniOzoneClusterImpl (MiniOzoneClusterImpl.java:lambda$waitForClusterToBeReady$0(147)) - Cluster is ready. Got 7 of 7 DN Heartbeats.
2019-09-23 16:09:32,795 [pool-87-thread-1] INFO  storage.RaftStorageDirectory (RaftStorageDirectory.java:tryLock(328)) - Lock on /workdir/hadoop-ozone/integration-test/target/test-dir/MiniOzoneClusterImpl-1c535e18-7116-4972-ae9f-a23b67b63868/datanode-6/data/ratis/14230474-0fdc-4b33-85fe-fa9371558857/in_use.lock acquired by nodename 30343@pr-hdds-2166-7skhj-3476174427
2019-09-23 16:09:32,809 [pool-87-thread-1] INFO  storage.RaftStorage (RaftStorage.java:format(72)) - Storage directory /workdir/hadoop-ozone/integration-test/target/test-dir/MiniOzoneClusterImpl-1c535e18-7116-4972-ae9f-a23b67b63868/datanode-6/data/ratis/14230474-0fdc-4b33-85fe-fa9371558857 has been successfully formatted.
2019-09-23 16:09:32,809 [pool-87-thread-1] INFO  ratis.ContainerStateMachine (ContainerStateMachine.java:loadSnapshot(230)) - group-FA9371558857: The snapshot info is null. Setting the last applied indexto:(t:0, i:~)
2019-09-23 16:09:32,809 [pool-87-thread-1] INFO  server.RaftServerConfigKeys (ConfUtils.java:logGet(43)) - raft.server.notification.no-leader.timeout = 120s (custom)
2019-09-23 16:09:32,809 [pool-87-thread-1] INFO  server.RaftServerConfigKeys (ConfUtils.java:logGet(43)) - raft.server.log.use.memory = false (default)
2019-09-23 16:09:32,809 [pool-87-thread-1] INFO  server.RaftServerConfigKeys (ConfUtils.java:logGet(43)) - raft.server.log.purge.gap = 1000000 (custom)
2019-09-23 16:09:32,809 [pool-87-thread-1] INFO  server.RaftServerConfigKeys (ConfUtils.java:logGet(43)) - raft.server.log.appender.buffer.byte-limit = 33554432 (custom)
2019-09-23 16:09:32,810 [pool-87-thread-1] INFO  server.RaftServerConfigKeys (ConfUtils.java:logGet(43)) - raft.server.log.segment.size.max = 1048576 (custom)
2019-09-23 16:09:32,810 [pool-87-thread-1] INFO  server.RaftServerConfigKeys (ConfUtils.java:logGet(43)) - raft.server.log.segment.cache.num.max = 2 (custom)
2019-09-23 16:09:32,810 [pool-87-thread-1] INFO  segmented.SegmentedRaftLogWorker (SegmentedRaftLogWorker.java:<init>(172)) - new 140ce4e8-065f-48c8-9992-7144cce7209c@group-FA9371558857-SegmentedRaftLogWorker for RaftStorage:Storage Directory /workdir/hadoop-ozone/integration-test/target/test-dir/MiniOzoneClusterImpl-1c535e18-7116-4972-ae9f-a23b67b63868/datanode-6/data/ratis/14230474-0fdc-4b33-85fe-fa9371558857
2019-09-23 16:09:32,812 [pool-87-thread-1] INFO  server.RaftServerConfigKeys (ConfUtils.java:logGet(43)) - raft.server.log.queue.byte-limit = 2147483647 (custom)
2019-09-23 16:09:32,813 [pool-87-thread-1] INFO  server.RaftServerConfigKeys (ConfUtils.java:logGet(43)) - raft.server.log.queue.element-limit = 1024 (custom)
2019-09-23 16:09:32,813 [pool-87-thread-1] INFO  server.RaftServerConfigKeys (ConfUtils.java:logGet(43)) - raft.server.log.segment.size.max = 1048576 (custom)
2019-09-23 16:09:32,813 [pool-87-thread-1] INFO  server.RaftServerConfigKeys (ConfUtils.java:logGet(43)) - raft.server.log.preallocated.size = 16384 (custom)
2019-09-23 16:09:32,813 [pool-87-thread-1] INFO  server.RaftServerConfigKeys (ConfUtils.java:logGet(43)) - raft.server.log.write.buffer.size = 33554432 (custom)
2019-09-23 16:09:32,813 [pool-87-thread-1] INFO  server.RaftServerConfigKeys (ConfUtils.java:logGet(43)) - raft.server.log.force.sync.num = 128 (default)
2019-09-23 16:09:32,813 [pool-87-thread-1] INFO  server.RaftServerConfigKeys (ConfUtils.java:logGet(43)) - raft.server.log.statemachine.data.sync = true (default)
2019-09-23 16:09:32,813 [pool-87-thread-1] INFO  server.RaftServerConfigKeys (ConfUtils.java:logGet(43)) - raft.server.log.statemachine.data.sync.timeout = 10s (default)
2019-09-23 16:09:32,813 [pool-87-thread-1] INFO  server.RaftServerConfigKeys (ConfUtils.java:logGet(43)) - raft.server.log.statemachine.data.sync.timeout.retry = -1 (default)
2019-09-23 16:09:32,814 [pool-87-thread-1] INFO  server.RaftServerConfigKeys (ConfUtils.java:logGet(43)) - raft.server.log.statemachine.data.caching.enabled = true (custom)
2019-09-23 16:09:32,814 [pool-87-thread-1] INFO  segmented.SegmentedRaftLogWorker (SegmentedRaftLogWorker.java:lambda$new$0(132)) - 140ce4e8-065f-48c8-9992-7144cce7209c@group-FA9371558857-SegmentedRaftLogWorker: flushIndex: setUnconditionally 0 -> -1
2019-09-23 16:09:32,814 [pool-87-thread-1] INFO  server.RaftServerConfigKeys (ConfUtils.java:logGet(43)) - raft.server.snapshot.auto.trigger.enabled = true (custom)
2019-09-23 16:09:32,814 [pool-87-thread-1] INFO  server.RaftServerConfigKeys (ConfUtils.java:logGet(43)) - raft.server.snapshot.auto.trigger.threshold = 10000 (custom)
2019-09-23 16:09:32,814 [pool-87-thread-1] INFO  server.RaftServerConfigKeys (ConfUtils.java:logGet(43)) - raft.server.snapshot.retention.num.files = 5 (custom)
2019-09-23 16:09:32,815 [pool-87-thread-1] INFO  server.RaftServerConfigKeys (ConfUtils.java:logGet(43)) - raft.server.retrycache.expirytime = 600000ms (custom)
2019-09-23 16:09:32,817 [pool-87-thread-1] INFO  impl.RaftServerImpl (RaftServerImpl.java:start(185)) - 140ce4e8-065f-48c8-9992-7144cce7209c@group-FA9371558857: start as a follower, conf=-1: [140ce4e8-065f-48c8-9992-7144cce7209c:192.168.34.17:33128], old=null
2019-09-23 16:09:32,817 [pool-87-thread-1] INFO  impl.RaftServerImpl (RaftServerImpl.java:setRole(174)) - 140ce4e8-065f-48c8-9992-7144cce7209c@group-FA9371558857: changes role from      null to FOLLOWER at term 0 for startAsFollower
2019-09-23 16:09:32,817 [pool-87-thread-1] INFO  impl.RoleInfo (RoleInfo.java:updateAndGet(143)) - 140ce4e8-065f-48c8-9992-7144cce7209c: start FollowerState
2019-09-23 16:09:32,818 [pool-87-thread-1] INFO  util.JmxRegister (JmxRegister.java:tryRegister(44)) - Successfully registered JMX Bean with object name Ratis:service=RaftServer,group=group-FA9371558857,id=140ce4e8-065f-48c8-9992-7144cce7209c
2019-09-23 16:09:32,827 [RatisPipelineUtilsThread] INFO  pipeline.PipelineStateManager (PipelineStateManager.java:addPipeline(56)) - Created pipeline Pipeline[ Id: 14230474-0fdc-4b33-85fe-fa9371558857, Nodes: 140ce4e8-065f-48c8-9992-7144cce7209c{ip: 192.168.34.17, host: pr-hdds-2166-7skhj-3476174427, networkLocation: /default-rack, certSerialId: null}, Type:RATIS, Factor:ONE, State:OPEN]
2019-09-23 16:09:32,844 [grpc-default-executor-0] INFO  impl.RaftServerProxy (RaftServerProxy.java:addNew(89)) - 2a2bd97c-7293-4eed-89f0-2b4012f8d05e: addNew group-E4E4AED3A03E:[2a2bd97c-7293-4eed-89f0-2b4012f8d05e:192.168.34.17:45567] returns group-E4E4AED3A03E:java.util.concurrent.CompletableFuture@27045785[Not completed]
2019-09-23 16:09:32,852 [pool-57-thread-1] INFO  impl.RaftServerImpl (RaftServerImpl.java:<init>(95)) - 2a2bd97c-7293-4eed-89f0-2b4012f8d05e: new RaftServerImpl for group-E4E4AED3A03E:[2a2bd97c-7293-4eed-89f0-2b4012f8d05e:192.168.34.17:45567] with ContainerStateMachine:uninitialized
2019-09-23 16:09:32,852 [pool-57-thread-1] INFO  server.RaftServerConfigKeys (ConfUtils.java:logGet(43)) - raft.server.rpc.timeout.min = 5s (custom)
2019-09-23 16:09:32,852 [pool-57-thread-1] INFO  server.RaftServerConfigKeys (ConfUtils.java:logGet(43)) - raft.server.rpc.timeout.max = 5200ms (custom)
2019-09-23 16:09:32,852 [pool-57-thread-1] INFO  server.RaftServerConfigKeys (ConfUtils.java:logGet(43)) - raft.server.rpcslowness.timeout = 120s (custom)
2019-09-23 16:09:32,852 [pool-57-thread-1] INFO  server.RaftServerConfigKeys (ConfUtils.java:logGet(43)) - raft.server.sleep.deviation.threshold = 300 (default)
2019-09-23 16:09:32,852 [pool-57-thread-1] INFO  server.RaftServerConfigKeys (ConfUtils.java:logGet(43)) - raft.server.log.appender.install.snapshot.enabled = false (custom)
2019-09-23 16:09:32,853 [pool-57-thread-1] INFO  impl.RaftServerImpl (ServerState.java:<init>(103)) - 2a2bd97c-7293-4eed-89f0-2b4012f8d05e@group-E4E4AED3A03E: ConfigurationManager, init=-1: [2a2bd97c-7293-4eed-89f0-2b4012f8d05e:192.168.34.17:45567], old=null, confs=<EMPTY_MAP>
2019-09-23 16:09:32,853 [pool-57-thread-1] INFO  server.RaftServerConfigKeys (ConfUtils.java:logGet(43)) - raft.server.storage.dir = [/workdir/hadoop-ozone/integration-test/target/test-dir/MiniOzoneClusterImpl-1c535e18-7116-4972-ae9f-a23b67b63868/datanode-3/data/ratis] (custom)
2019-09-23 16:09:32,853 [pool-57-thread-1] INFO  storage.RaftStorageDirectory (RaftStorageDirectory.java:analyzeStorage(246)) - The storage directory /workdir/hadoop-ozone/integration-test/target/test-dir/MiniOzoneClusterImpl-1c535e18-7116-4972-ae9f-a23b67b63868/datanode-3/data/ratis/2f5fd87b-e405-4f41-852a-e4e4aed3a03e does not exist. Creating ...
2019-09-23 16:09:32,866 [pool-57-thread-1] INFO  storage.RaftStorageDirectory (RaftStorageDirectory.java:tryLock(328)) - Lock on /workdir/hadoop-ozone/integration-test/target/test-dir/MiniOzoneClusterImpl-1c535e18-7116-4972-ae9f-a23b67b63868/datanode-3/data/ratis/2f5fd87b-e405-4f41-852a-e4e4aed3a03e/in_use.lock acquired by nodename 30343@pr-hdds-2166-7skhj-3476174427
2019-09-23 16:09:32,879 [pool-57-thread-1] INFO  storage.RaftStorage (RaftStorage.java:format(72)) - Storage directory /workdir/hadoop-ozone/integration-test/target/test-dir/MiniOzoneClusterImpl-1c535e18-7116-4972-ae9f-a23b67b63868/datanode-3/data/ratis/2f5fd87b-e405-4f41-852a-e4e4aed3a03e has been successfully formatted.
2019-09-23 16:09:32,879 [pool-57-thread-1] INFO  ratis.ContainerStateMachine (ContainerStateMachine.java:loadSnapshot(230)) - group-E4E4AED3A03E: The snapshot info is null. Setting the last applied indexto:(t:0, i:~)
2019-09-23 16:09:32,879 [pool-57-thread-1] INFO  server.RaftServerConfigKeys (ConfUtils.java:logGet(43)) - raft.server.notification.no-leader.timeout = 120s (custom)
2019-09-23 16:09:32,880 [pool-57-thread-1] INFO  server.RaftServerConfigKeys (ConfUtils.java:logGet(43)) - raft.server.log.use.memory = false (default)
2019-09-23 16:09:32,880 [pool-57-thread-1] INFO  server.RaftServerConfigKeys (ConfUtils.java:logGet(43)) - raft.server.log.purge.gap = 1000000 (custom)
2019-09-23 16:09:32,880 [pool-57-thread-1] INFO  server.RaftServerConfigKeys (ConfUtils.java:logGet(43)) - raft.server.log.appender.buffer.byte-limit = 33554432 (custom)
2019-09-23 16:09:32,880 [pool-57-thread-1] INFO  server.RaftServerConfigKeys (ConfUtils.java:logGet(43)) - raft.server.log.segment.size.max = 1048576 (custom)
2019-09-23 16:09:32,880 [pool-57-thread-1] INFO  server.RaftServerConfigKeys (ConfUtils.java:logGet(43)) - raft.server.log.segment.cache.num.max = 2 (custom)
2019-09-23 16:09:32,880 [pool-57-thread-1] INFO  segmented.SegmentedRaftLogWorker (SegmentedRaftLogWorker.java:<init>(172)) - new 2a2bd97c-7293-4eed-89f0-2b4012f8d05e@group-E4E4AED3A03E-SegmentedRaftLogWorker for RaftStorage:Storage Directory /workdir/hadoop-ozone/integration-test/target/test-dir/MiniOzoneClusterImpl-1c535e18-7116-4972-ae9f-a23b67b63868/datanode-3/data/ratis/2f5fd87b-e405-4f41-852a-e4e4aed3a03e
2019-09-23 16:09:32,883 [pool-57-thread-1] INFO  server.RaftServerConfigKeys (ConfUtils.java:logGet(43)) - raft.server.log.queue.byte-limit = 2147483647 (custom)
2019-09-23 16:09:32,884 [pool-57-thread-1] INFO  server.RaftServerConfigKeys (ConfUtils.java:logGet(43)) - raft.server.log.queue.element-limit = 1024 (custom)
2019-09-23 16:09:32,884 [pool-57-thread-1] INFO  server.RaftServerConfigKeys (ConfUtils.java:logGet(43)) - raft.server.log.segment.size.max = 1048576 (custom)
2019-09-23 16:09:32,884 [pool-57-thread-1] INFO  server.RaftServerConfigKeys (ConfUtils.java:logGet(43)) - raft.server.log.preallocated.size = 16384 (custom)
2019-09-23 16:09:32,884 [pool-57-thread-1] INFO  server.RaftServerConfigKeys (ConfUtils.java:logGet(43)) - raft.server.log.write.buffer.size = 33554432 (custom)
2019-09-23 16:09:32,884 [pool-57-thread-1] INFO  server.RaftServerConfigKeys (ConfUtils.java:logGet(43)) - raft.server.log.force.sync.num = 128 (default)
2019-09-23 16:09:32,884 [pool-57-thread-1] INFO  server.RaftServerConfigKeys (ConfUtils.java:logGet(43)) - raft.server.log.statemachine.data.sync = true (default)
2019-09-23 16:09:32,884 [pool-57-thread-1] INFO  server.RaftServerConfigKeys (ConfUtils.java:logGet(43)) - raft.server.log.statemachine.data.sync.timeout = 10s (default)
2019-09-23 16:09:32,885 [pool-57-thread-1] INFO  server.RaftServerConfigKeys (ConfUtils.java:logGet(43)) - raft.server.log.statemachine.data.sync.timeout.retry = -1 (default)
2019-09-23 16:09:32,885 [pool-57-thread-1] INFO  server.RaftServerConfigKeys (ConfUtils.java:logGet(43)) - raft.server.log.statemachine.data.caching.enabled = true (custom)
2019-09-23 16:09:32,885 [pool-57-thread-1] INFO  segmented.SegmentedRaftLogWorker (SegmentedRaftLogWorker.java:lambda$new$0(132)) - 2a2bd97c-7293-4eed-89f0-2b4012f8d05e@group-E4E4AED3A03E-SegmentedRaftLogWorker: flushIndex: setUnconditionally 0 -> -1
2019-09-23 16:09:32,886 [pool-57-thread-1] INFO  server.RaftServerConfigKeys (ConfUtils.java:logGet(43)) - raft.server.snapshot.auto.trigger.enabled = true (custom)
2019-09-23 16:09:32,886 [pool-57-thread-1] INFO  server.RaftServerConfigKeys (ConfUtils.java:logGet(43)) - raft.server.snapshot.auto.trigger.threshold = 10000 (custom)
2019-09-23 16:09:32,886 [pool-57-thread-1] INFO  server.RaftServerConfigKeys (ConfUtils.java:logGet(43)) - raft.server.snapshot.retention.num.files = 5 (custom)
2019-09-23 16:09:32,886 [pool-57-thread-1] INFO  server.RaftServerConfigKeys (ConfUtils.java:logGet(43)) - raft.server.retrycache.expirytime = 600000ms (custom)
2019-09-23 16:09:32,889 [pool-57-thread-1] INFO  impl.RaftServerImpl (RaftServerImpl.java:start(185)) - 2a2bd97c-7293-4eed-89f0-2b4012f8d05e@group-E4E4AED3A03E: start as a follower, conf=-1: [2a2bd97c-7293-4eed-89f0-2b4012f8d05e:192.168.34.17:45567], old=null
2019-09-23 16:09:32,889 [pool-57-thread-1] INFO  impl.RaftServerImpl (RaftServerImpl.java:setRole(174)) - 2a2bd97c-7293-4eed-89f0-2b4012f8d05e@group-E4E4AED3A03E: changes role from      null to FOLLOWER at term 0 for startAsFollower
2019-09-23 16:09:32,889 [pool-57-thread-1] INFO  impl.RoleInfo (RoleInfo.java:updateAndGet(143)) - 2a2bd97c-7293-4eed-89f0-2b4012f8d05e: start FollowerState
2019-09-23 16:09:32,890 [pool-57-thread-1] INFO  util.JmxRegister (JmxRegister.java:tryRegister(44)) - Successfully registered JMX Bean with object name Ratis:service=RaftServer,group=group-E4E4AED3A03E,id=2a2bd97c-7293-4eed-89f0-2b4012f8d05e
2019-09-23 16:09:32,904 [RatisPipelineUtilsThread] INFO  pipeline.PipelineStateManager (PipelineStateManager.java:addPipeline(56)) - Created pipeline Pipeline[ Id: 2f5fd87b-e405-4f41-852a-e4e4aed3a03e, Nodes: 2a2bd97c-7293-4eed-89f0-2b4012f8d05e{ip: 192.168.34.17, host: pr-hdds-2166-7skhj-3476174427, networkLocation: /default-rack, certSerialId: null}, Type:RATIS, Factor:ONE, State:OPEN]
2019-09-23 16:09:32,935 [grpc-default-executor-2] INFO  impl.RaftServerProxy (RaftServerProxy.java:addNew(89)) - 86cce676-657d-41cf-95d5-6ffcf809eef9: addNew group-93F8A86BA0CA:[86cce676-657d-41cf-95d5-6ffcf809eef9:192.168.34.17:44082, e5032fb1-f51e-4c37-8c06-7d41de8bf135:192.168.34.17:45462, 61544022-af25-4c48-b0da-1584d68884dd:192.168.34.17:44191] returns group-93F8A86BA0CA:java.util.concurrent.CompletableFuture@61dd3d02[Not completed]
2019-09-23 16:09:32,937 [grpc-default-executor-1] INFO  impl.RaftServerProxy (RaftServerProxy.java:addNew(89)) - 61544022-af25-4c48-b0da-1584d68884dd: addNew group-93F8A86BA0CA:[86cce676-657d-41cf-95d5-6ffcf809eef9:192.168.34.17:44082, e5032fb1-f51e-4c37-8c06-7d41de8bf135:192.168.34.17:45462, 61544022-af25-4c48-b0da-1584d68884dd:192.168.34.17:44191] returns group-93F8A86BA0CA:java.util.concurrent.CompletableFuture@735c4d9b[Not completed]
2019-09-23 16:09:32,938 [grpc-default-executor-0] INFO  impl.RaftServerProxy (RaftServerProxy.java:addNew(89)) - e5032fb1-f51e-4c37-8c06-7d41de8bf135: addNew group-93F8A86BA0CA:[86cce676-657d-41cf-95d5-6ffcf809eef9:192.168.34.17:44082, e5032fb1-f51e-4c37-8c06-7d41de8bf135:192.168.34.17:45462, 61544022-af25-4c48-b0da-1584d68884dd:192.168.34.17:44191] returns group-93F8A86BA0CA:java.util.concurrent.CompletableFuture@27d05163[Not completed]
2019-09-23 16:09:32,939 [pool-27-thread-1] INFO  impl.RaftServerImpl (RaftServerImpl.java:<init>(95)) - 86cce676-657d-41cf-95d5-6ffcf809eef9: new RaftServerImpl for group-93F8A86BA0CA:[86cce676-657d-41cf-95d5-6ffcf809eef9:192.168.34.17:44082, e5032fb1-f51e-4c37-8c06-7d41de8bf135:192.168.34.17:45462, 61544022-af25-4c48-b0da-1584d68884dd:192.168.34.17:44191] with ContainerStateMachine:uninitialized
2019-09-23 16:09:32,939 [pool-27-thread-1] INFO  server.RaftServerConfigKeys (ConfUtils.java:logGet(43)) - raft.server.rpc.timeout.min = 5s (custom)
2019-09-23 16:09:32,940 [pool-27-thread-1] INFO  server.RaftServerConfigKeys (ConfUtils.java:logGet(43)) - raft.server.rpc.timeout.max = 5200ms (custom)
2019-09-23 16:09:32,940 [pool-27-thread-1] INFO  server.RaftServerConfigKeys (ConfUtils.java:logGet(43)) - raft.server.rpcslowness.timeout = 120s (custom)
2019-09-23 16:09:32,940 [pool-27-thread-1] INFO  server.RaftServerConfigKeys (ConfUtils.java:logGet(43)) - raft.server.sleep.deviation.threshold = 300 (default)
2019-09-23 16:09:32,940 [pool-27-thread-1] INFO  server.RaftServerConfigKeys (ConfUtils.java:logGet(43)) - raft.server.log.appender.install.snapshot.enabled = false (custom)
2019-09-23 16:09:32,940 [pool-77-thread-1] INFO  impl.RaftServerImpl (RaftServerImpl.java:<init>(95)) - 61544022-af25-4c48-b0da-1584d68884dd: new RaftServerImpl for group-93F8A86BA0CA:[86cce676-657d-41cf-95d5-6ffcf809eef9:192.168.34.17:44082, e5032fb1-f51e-4c37-8c06-7d41de8bf135:192.168.34.17:45462, 61544022-af25-4c48-b0da-1584d68884dd:192.168.34.17:44191] with ContainerStateMachine:uninitialized
2019-09-23 16:09:32,940 [pool-27-thread-1] INFO  impl.RaftServerImpl (ServerState.java:<init>(103)) - 86cce676-657d-41cf-95d5-6ffcf809eef9@group-93F8A86BA0CA: ConfigurationManager, init=-1: [86cce676-657d-41cf-95d5-6ffcf809eef9:192.168.34.17:44082, e5032fb1-f51e-4c37-8c06-7d41de8bf135:192.168.34.17:45462, 61544022-af25-4c48-b0da-1584d68884dd:192.168.34.17:44191], old=null, confs=<EMPTY_MAP>
2019-09-23 16:09:32,941 [pool-77-thread-1] INFO  server.RaftServerConfigKeys (ConfUtils.java:logGet(43)) - raft.server.rpc.timeout.min = 5s (custom)
2019-09-23 16:09:32,941 [pool-27-thread-1] INFO  server.RaftServerConfigKeys (ConfUtils.java:logGet(43)) - raft.server.storage.dir = [/workdir/hadoop-ozone/integration-test/target/test-dir/MiniOzoneClusterImpl-1c535e18-7116-4972-ae9f-a23b67b63868/datanode-0/data/ratis] (custom)
2019-09-23 16:09:32,941 [pool-77-thread-1] INFO  server.RaftServerConfigKeys (ConfUtils.java:logGet(43)) - raft.server.rpc.timeout.max = 5200ms (custom)
2019-09-23 16:09:32,941 [pool-67-thread-1] INFO  impl.RaftServerImpl (RaftServerImpl.java:<init>(95)) - e5032fb1-f51e-4c37-8c06-7d41de8bf135: new RaftServerImpl for group-93F8A86BA0CA:[86cce676-657d-41cf-95d5-6ffcf809eef9:192.168.34.17:44082, e5032fb1-f51e-4c37-8c06-7d41de8bf135:192.168.34.17:45462, 61544022-af25-4c48-b0da-1584d68884dd:192.168.34.17:44191] with ContainerStateMachine:uninitialized
2019-09-23 16:09:32,941 [pool-77-thread-1] INFO  server.RaftServerConfigKeys (ConfUtils.java:logGet(43)) - raft.server.rpcslowness.timeout = 120s (custom)
2019-09-23 16:09:32,941 [pool-67-thread-1] INFO  server.RaftServerConfigKeys (ConfUtils.java:logGet(43)) - raft.server.rpc.timeout.min = 5s (custom)
2019-09-23 16:09:32,941 [pool-27-thread-1] INFO  storage.RaftStorageDirectory (RaftStorageDirectory.java:analyzeStorage(246)) - The storage directory /workdir/hadoop-ozone/integration-test/target/test-dir/MiniOzoneClusterImpl-1c535e18-7116-4972-ae9f-a23b67b63868/datanode-0/data/ratis/0d3e9c65-e253-4b1f-ae13-93f8a86ba0ca does not exist. Creating ...
2019-09-23 16:09:32,941 [pool-77-thread-1] INFO  server.RaftServerConfigKeys (ConfUtils.java:logGet(43)) - raft.server.sleep.deviation.threshold = 300 (default)
2019-09-23 16:09:32,941 [pool-67-thread-1] INFO  server.RaftServerConfigKeys (ConfUtils.java:logGet(43)) - raft.server.rpc.timeout.max = 5200ms (custom)
2019-09-23 16:09:32,942 [pool-77-thread-1] INFO  server.RaftServerConfigKeys (ConfUtils.java:logGet(43)) - raft.server.log.appender.install.snapshot.enabled = false (custom)
2019-09-23 16:09:32,942 [pool-67-thread-1] INFO  server.RaftServerConfigKeys (ConfUtils.java:logGet(43)) - raft.server.rpcslowness.timeout = 120s (custom)
2019-09-23 16:09:32,942 [pool-77-thread-1] INFO  impl.RaftServerImpl (ServerState.java:<init>(103)) - 61544022-af25-4c48-b0da-1584d68884dd@group-93F8A86BA0CA: ConfigurationManager, init=-1: [86cce676-657d-41cf-95d5-6ffcf809eef9:192.168.34.17:44082, e5032fb1-f51e-4c37-8c06-7d41de8bf135:192.168.34.17:45462, 61544022-af25-4c48-b0da-1584d68884dd:192.168.34.17:44191], old=null, confs=<EMPTY_MAP>
2019-09-23 16:09:32,942 [pool-67-thread-1] INFO  server.RaftServerConfigKeys (ConfUtils.java:logGet(43)) - raft.server.sleep.deviation.threshold = 300 (default)
2019-09-23 16:09:32,942 [pool-77-thread-1] INFO  server.RaftServerConfigKeys (ConfUtils.java:logGet(43)) - raft.server.storage.dir = [/workdir/hadoop-ozone/integration-test/target/test-dir/MiniOzoneClusterImpl-1c535e18-7116-4972-ae9f-a23b67b63868/datanode-5/data/ratis] (custom)
2019-09-23 16:09:32,942 [pool-67-thread-1] INFO  server.RaftServerConfigKeys (ConfUtils.java:logGet(43)) - raft.server.log.appender.install.snapshot.enabled = false (custom)
2019-09-23 16:09:32,942 [pool-67-thread-1] INFO  impl.RaftServerImpl (ServerState.java:<init>(103)) - e5032fb1-f51e-4c37-8c06-7d41de8bf135@group-93F8A86BA0CA: ConfigurationManager, init=-1: [86cce676-657d-41cf-95d5-6ffcf809eef9:192.168.34.17:44082, e5032fb1-f51e-4c37-8c06-7d41de8bf135:192.168.34.17:45462, 61544022-af25-4c48-b0da-1584d68884dd:192.168.34.17:44191], old=null, confs=<EMPTY_MAP>
2019-09-23 16:09:32,942 [pool-77-thread-1] INFO  storage.RaftStorageDirectory (RaftStorageDirectory.java:analyzeStorage(246)) - The storage directory /workdir/hadoop-ozone/integration-test/target/test-dir/MiniOzoneClusterImpl-1c535e18-7116-4972-ae9f-a23b67b63868/datanode-5/data/ratis/0d3e9c65-e253-4b1f-ae13-93f8a86ba0ca does not exist. Creating ...
2019-09-23 16:09:32,942 [pool-67-thread-1] INFO  server.RaftServerConfigKeys (ConfUtils.java:logGet(43)) - raft.server.storage.dir = [/workdir/hadoop-ozone/integration-test/target/test-dir/MiniOzoneClusterImpl-1c535e18-7116-4972-ae9f-a23b67b63868/datanode-4/data/ratis] (custom)
2019-09-23 16:09:32,943 [pool-67-thread-1] INFO  storage.RaftStorageDirectory (RaftStorageDirectory.java:analyzeStorage(246)) - The storage directory /workdir/hadoop-ozone/integration-test/target/test-dir/MiniOzoneClusterImpl-1c535e18-7116-4972-ae9f-a23b67b63868/datanode-4/data/ratis/0d3e9c65-e253-4b1f-ae13-93f8a86ba0ca does not exist. Creating ...
2019-09-23 16:09:32,956 [pool-77-thread-1] INFO  storage.RaftStorageDirectory (RaftStorageDirectory.java:tryLock(328)) - Lock on /workdir/hadoop-ozone/integration-test/target/test-dir/MiniOzoneClusterImpl-1c535e18-7116-4972-ae9f-a23b67b63868/datanode-5/data/ratis/0d3e9c65-e253-4b1f-ae13-93f8a86ba0ca/in_use.lock acquired by nodename 30343@pr-hdds-2166-7skhj-3476174427
2019-09-23 16:09:32,956 [pool-27-thread-1] INFO  storage.RaftStorageDirectory (RaftStorageDirectory.java:tryLock(328)) - Lock on /workdir/hadoop-ozone/integration-test/target/test-dir/MiniOzoneClusterImpl-1c535e18-7116-4972-ae9f-a23b67b63868/datanode-0/data/ratis/0d3e9c65-e253-4b1f-ae13-93f8a86ba0ca/in_use.lock acquired by nodename 30343@pr-hdds-2166-7skhj-3476174427
2019-09-23 16:09:32,956 [pool-67-thread-1] INFO  storage.RaftStorageDirectory (RaftStorageDirectory.java:tryLock(328)) - Lock on /workdir/hadoop-ozone/integration-test/target/test-dir/MiniOzoneClusterImpl-1c535e18-7116-4972-ae9f-a23b67b63868/datanode-4/data/ratis/0d3e9c65-e253-4b1f-ae13-93f8a86ba0ca/in_use.lock acquired by nodename 30343@pr-hdds-2166-7skhj-3476174427
2019-09-23 16:09:32,971 [pool-77-thread-1] INFO  storage.RaftStorage (RaftStorage.java:format(72)) - Storage directory /workdir/hadoop-ozone/integration-test/target/test-dir/MiniOzoneClusterImpl-1c535e18-7116-4972-ae9f-a23b67b63868/datanode-5/data/ratis/0d3e9c65-e253-4b1f-ae13-93f8a86ba0ca has been successfully formatted.
2019-09-23 16:09:32,971 [pool-27-thread-1] INFO  storage.RaftStorage (RaftStorage.java:format(72)) - Storage directory /workdir/hadoop-ozone/integration-test/target/test-dir/MiniOzoneClusterImpl-1c535e18-7116-4972-ae9f-a23b67b63868/datanode-0/data/ratis/0d3e9c65-e253-4b1f-ae13-93f8a86ba0ca has been successfully formatted.
2019-09-23 16:09:32,971 [pool-67-thread-1] INFO  storage.RaftStorage (RaftStorage.java:format(72)) - Storage directory /workdir/hadoop-ozone/integration-test/target/test-dir/MiniOzoneClusterImpl-1c535e18-7116-4972-ae9f-a23b67b63868/datanode-4/data/ratis/0d3e9c65-e253-4b1f-ae13-93f8a86ba0ca has been successfully formatted.
2019-09-23 16:09:32,971 [pool-77-thread-1] INFO  ratis.ContainerStateMachine (ContainerStateMachine.java:loadSnapshot(230)) - group-93F8A86BA0CA: The snapshot info is null. Setting the last applied indexto:(t:0, i:~)
2019-09-23 16:09:32,971 [pool-67-thread-1] INFO  ratis.ContainerStateMachine (ContainerStateMachine.java:loadSnapshot(230)) - group-93F8A86BA0CA: The snapshot info is null. Setting the last applied indexto:(t:0, i:~)
2019-09-23 16:09:32,971 [pool-27-thread-1] INFO  ratis.ContainerStateMachine (ContainerStateMachine.java:loadSnapshot(230)) - group-93F8A86BA0CA: The snapshot info is null. Setting the last applied indexto:(t:0, i:~)
2019-09-23 16:09:32,971 [pool-67-thread-1] INFO  server.RaftServerConfigKeys (ConfUtils.java:logGet(43)) - raft.server.notification.no-leader.timeout = 120s (custom)
2019-09-23 16:09:32,971 [pool-77-thread-1] INFO  server.RaftServerConfigKeys (ConfUtils.java:logGet(43)) - raft.server.notification.no-leader.timeout = 120s (custom)
2019-09-23 16:09:32,972 [pool-67-thread-1] INFO  server.RaftServerConfigKeys (ConfUtils.java:logGet(43)) - raft.server.log.use.memory = false (default)
2019-09-23 16:09:32,971 [pool-27-thread-1] INFO  server.RaftServerConfigKeys (ConfUtils.java:logGet(43)) - raft.server.notification.no-leader.timeout = 120s (custom)
2019-09-23 16:09:32,972 [pool-67-thread-1] INFO  server.RaftServerConfigKeys (ConfUtils.java:logGet(43)) - raft.server.log.purge.gap = 1000000 (custom)
2019-09-23 16:09:32,972 [pool-77-thread-1] INFO  server.RaftServerConfigKeys (ConfUtils.java:logGet(43)) - raft.server.log.use.memory = false (default)
2019-09-23 16:09:32,972 [pool-67-thread-1] INFO  server.RaftServerConfigKeys (ConfUtils.java:logGet(43)) - raft.server.log.appender.buffer.byte-limit = 33554432 (custom)
2019-09-23 16:09:32,972 [pool-27-thread-1] INFO  server.RaftServerConfigKeys (ConfUtils.java:logGet(43)) - raft.server.log.use.memory = false (default)
2019-09-23 16:09:32,972 [pool-67-thread-1] INFO  server.RaftServerConfigKeys (ConfUtils.java:logGet(43)) - raft.server.log.segment.size.max = 1048576 (custom)
2019-09-23 16:09:32,972 [pool-77-thread-1] INFO  server.RaftServerConfigKeys (ConfUtils.java:logGet(43)) - raft.server.log.purge.gap = 1000000 (custom)
2019-09-23 16:09:32,972 [pool-67-thread-1] INFO  server.RaftServerConfigKeys (ConfUtils.java:logGet(43)) - raft.server.log.segment.cache.num.max = 2 (custom)
2019-09-23 16:09:32,972 [pool-27-thread-1] INFO  server.RaftServerConfigKeys (ConfUtils.java:logGet(43)) - raft.server.log.purge.gap = 1000000 (custom)
2019-09-23 16:09:32,972 [pool-67-thread-1] INFO  segmented.SegmentedRaftLogWorker (SegmentedRaftLogWorker.java:<init>(172)) - new e5032fb1-f51e-4c37-8c06-7d41de8bf135@group-93F8A86BA0CA-SegmentedRaftLogWorker for RaftStorage:Storage Directory /workdir/hadoop-ozone/integration-test/target/test-dir/MiniOzoneClusterImpl-1c535e18-7116-4972-ae9f-a23b67b63868/datanode-4/data/ratis/0d3e9c65-e253-4b1f-ae13-93f8a86ba0ca
2019-09-23 16:09:32,972 [pool-77-thread-1] INFO  server.RaftServerConfigKeys (ConfUtils.java:logGet(43)) - raft.server.log.appender.buffer.byte-limit = 33554432 (custom)
2019-09-23 16:09:32,973 [pool-67-thread-1] INFO  server.RaftServerConfigKeys (ConfUtils.java:logGet(43)) - raft.server.log.queue.byte-limit = 2147483647 (custom)
2019-09-23 16:09:32,972 [pool-27-thread-1] INFO  server.RaftServerConfigKeys (ConfUtils.java:logGet(43)) - raft.server.log.appender.buffer.byte-limit = 33554432 (custom)
2019-09-23 16:09:32,973 [pool-67-thread-1] INFO  server.RaftServerConfigKeys (ConfUtils.java:logGet(43)) - raft.server.log.queue.element-limit = 1024 (custom)
2019-09-23 16:09:32,973 [pool-77-thread-1] INFO  server.RaftServerConfigKeys (ConfUtils.java:logGet(43)) - raft.server.log.segment.size.max = 1048576 (custom)
2019-09-23 16:09:32,973 [pool-67-thread-1] INFO  server.RaftServerConfigKeys (ConfUtils.java:logGet(43)) - raft.server.log.segment.size.max = 1048576 (custom)
2019-09-23 16:09:32,973 [pool-27-thread-1] INFO  server.RaftServerConfigKeys (ConfUtils.java:logGet(43)) - raft.server.log.segment.size.max = 1048576 (custom)
2019-09-23 16:09:32,973 [pool-67-thread-1] INFO  server.RaftServerConfigKeys (ConfUtils.java:logGet(43)) - raft.server.log.preallocated.size = 16384 (custom)
2019-09-23 16:09:32,973 [pool-77-thread-1] INFO  server.RaftServerConfigKeys (ConfUtils.java:logGet(43)) - raft.server.log.segment.cache.num.max = 2 (custom)
2019-09-23 16:09:32,973 [pool-67-thread-1] INFO  server.RaftServerConfigKeys (ConfUtils.java:logGet(43)) - raft.server.log.write.buffer.size = 33554432 (custom)
2019-09-23 16:09:32,973 [pool-27-thread-1] INFO  server.RaftServerConfigKeys (ConfUtils.java:logGet(43)) - raft.server.log.segment.cache.num.max = 2 (custom)
2019-09-23 16:09:32,974 [pool-67-thread-1] INFO  server.RaftServerConfigKeys (ConfUtils.java:logGet(43)) - raft.server.log.force.sync.num = 128 (default)
2019-09-23 16:09:32,973 [pool-77-thread-1] INFO  segmented.SegmentedRaftLogWorker (SegmentedRaftLogWorker.java:<init>(172)) - new 61544022-af25-4c48-b0da-1584d68884dd@group-93F8A86BA0CA-SegmentedRaftLogWorker for RaftStorage:Storage Directory /workdir/hadoop-ozone/integration-test/target/test-dir/MiniOzoneClusterImpl-1c535e18-7116-4972-ae9f-a23b67b63868/datanode-5/data/ratis/0d3e9c65-e253-4b1f-ae13-93f8a86ba0ca
2019-09-23 16:09:32,974 [pool-67-thread-1] INFO  server.RaftServerConfigKeys (ConfUtils.java:logGet(43)) - raft.server.log.statemachine.data.sync = true (default)
2019-09-23 16:09:32,974 [pool-27-thread-1] INFO  segmented.SegmentedRaftLogWorker (SegmentedRaftLogWorker.java:<init>(172)) - new 86cce676-657d-41cf-95d5-6ffcf809eef9@group-93F8A86BA0CA-SegmentedRaftLogWorker for RaftStorage:Storage Directory /workdir/hadoop-ozone/integration-test/target/test-dir/MiniOzoneClusterImpl-1c535e18-7116-4972-ae9f-a23b67b63868/datanode-0/data/ratis/0d3e9c65-e253-4b1f-ae13-93f8a86ba0ca
2019-09-23 16:09:32,974 [pool-67-thread-1] INFO  server.RaftServerConfigKeys (ConfUtils.java:logGet(43)) - raft.server.log.statemachine.data.sync.timeout = 10s (default)
2019-09-23 16:09:32,974 [pool-77-thread-1] INFO  server.RaftServerConfigKeys (ConfUtils.java:logGet(43)) - raft.server.log.queue.byte-limit = 2147483647 (custom)
2019-09-23 16:09:32,974 [pool-67-thread-1] INFO  server.RaftServerConfigKeys (ConfUtils.java:logGet(43)) - raft.server.log.statemachine.data.sync.timeout.retry = -1 (default)
2019-09-23 16:09:32,974 [pool-27-thread-1] INFO  server.RaftServerConfigKeys (ConfUtils.java:logGet(43)) - raft.server.log.queue.byte-limit = 2147483647 (custom)
2019-09-23 16:09:32,975 [pool-67-thread-1] INFO  server.RaftServerConfigKeys (ConfUtils.java:logGet(43)) - raft.server.log.statemachine.data.caching.enabled = true (custom)
2019-09-23 16:09:32,974 [pool-77-thread-1] INFO  server.RaftServerConfigKeys (ConfUtils.java:logGet(43)) - raft.server.log.queue.element-limit = 1024 (custom)
2019-09-23 16:09:32,975 [pool-77-thread-1] INFO  server.RaftServerConfigKeys (ConfUtils.java:logGet(43)) - raft.server.log.segment.size.max = 1048576 (custom)
2019-09-23 16:09:32,975 [pool-77-thread-1] INFO  server.RaftServerConfigKeys (ConfUtils.java:logGet(43)) - raft.server.log.preallocated.size = 16384 (custom)
2019-09-23 16:09:32,975 [pool-77-thread-1] INFO  server.RaftServerConfigKeys (ConfUtils.java:logGet(43)) - raft.server.log.write.buffer.size = 33554432 (custom)
2019-09-23 16:09:32,975 [pool-77-thread-1] INFO  server.RaftServerConfigKeys (ConfUtils.java:logGet(43)) - raft.server.log.force.sync.num = 128 (default)
2019-09-23 16:09:32,975 [pool-77-thread-1] INFO  server.RaftServerConfigKeys (ConfUtils.java:logGet(43)) - raft.server.log.statemachine.data.sync = true (default)
2019-09-23 16:09:32,976 [pool-77-thread-1] INFO  server.RaftServerConfigKeys (ConfUtils.java:logGet(43)) - raft.server.log.statemachine.data.sync.timeout = 10s (default)
2019-09-23 16:09:32,976 [pool-77-thread-1] INFO  server.RaftServerConfigKeys (ConfUtils.java:logGet(43)) - raft.server.log.statemachine.data.sync.timeout.retry = -1 (default)
2019-09-23 16:09:32,976 [pool-77-thread-1] INFO  server.RaftServerConfigKeys (ConfUtils.java:logGet(43)) - raft.server.log.statemachine.data.caching.enabled = true (custom)
2019-09-23 16:09:32,976 [pool-77-thread-1] INFO  segmented.SegmentedRaftLogWorker (SegmentedRaftLogWorker.java:lambda$new$0(132)) - 61544022-af25-4c48-b0da-1584d68884dd@group-93F8A86BA0CA-SegmentedRaftLogWorker: flushIndex: setUnconditionally 0 -> -1
2019-09-23 16:09:32,975 [pool-27-thread-1] INFO  server.RaftServerConfigKeys (ConfUtils.java:logGet(43)) - raft.server.log.queue.element-limit = 1024 (custom)
2019-09-23 16:09:32,975 [pool-67-thread-1] INFO  segmented.SegmentedRaftLogWorker (SegmentedRaftLogWorker.java:lambda$new$0(132)) - e5032fb1-f51e-4c37-8c06-7d41de8bf135@group-93F8A86BA0CA-SegmentedRaftLogWorker: flushIndex: setUnconditionally 0 -> -1
2019-09-23 16:09:32,977 [pool-27-thread-1] INFO  server.RaftServerConfigKeys (ConfUtils.java:logGet(43)) - raft.server.log.segment.size.max = 1048576 (custom)
2019-09-23 16:09:32,977 [pool-77-thread-1] INFO  server.RaftServerConfigKeys (ConfUtils.java:logGet(43)) - raft.server.snapshot.auto.trigger.enabled = true (custom)
2019-09-23 16:09:32,977 [pool-27-thread-1] INFO  server.RaftServerConfigKeys (ConfUtils.java:logGet(43)) - raft.server.log.preallocated.size = 16384 (custom)
2019-09-23 16:09:32,977 [pool-77-thread-1] INFO  server.RaftServerConfigKeys (ConfUtils.java:logGet(43)) - raft.server.snapshot.auto.trigger.threshold = 10000 (custom)
2019-09-23 16:09:32,977 [pool-27-thread-1] INFO  server.RaftServerConfigKeys (ConfUtils.java:logGet(43)) - raft.server.log.write.buffer.size = 33554432 (custom)
2019-09-23 16:09:32,977 [pool-77-thread-1] INFO  server.RaftServerConfigKeys (ConfUtils.java:logGet(43)) - raft.server.snapshot.retention.num.files = 5 (custom)
2019-09-23 16:09:32,977 [pool-27-thread-1] INFO  server.RaftServerConfigKeys (ConfUtils.java:logGet(43)) - raft.server.log.force.sync.num = 128 (default)
2019-09-23 16:09:32,978 [pool-27-thread-1] INFO  server.RaftServerConfigKeys (ConfUtils.java:logGet(43)) - raft.server.log.statemachine.data.sync = true (default)
2019-09-23 16:09:32,978 [pool-27-thread-1] INFO  server.RaftServerConfigKeys (ConfUtils.java:logGet(43)) - raft.server.log.statemachine.data.sync.timeout = 10s (default)
2019-09-23 16:09:32,978 [pool-27-thread-1] INFO  server.RaftServerConfigKeys (ConfUtils.java:logGet(43)) - raft.server.log.statemachine.data.sync.timeout.retry = -1 (default)
2019-09-23 16:09:32,978 [pool-77-thread-1] INFO  server.RaftServerConfigKeys (ConfUtils.java:logGet(43)) - raft.server.retrycache.expirytime = 600000ms (custom)
2019-09-23 16:09:32,978 [pool-27-thread-1] INFO  server.RaftServerConfigKeys (ConfUtils.java:logGet(43)) - raft.server.log.statemachine.data.caching.enabled = true (custom)
2019-09-23 16:09:32,978 [pool-67-thread-1] INFO  server.RaftServerConfigKeys (ConfUtils.java:logGet(43)) - raft.server.snapshot.auto.trigger.enabled = true (custom)
2019-09-23 16:09:32,979 [pool-67-thread-1] INFO  server.RaftServerConfigKeys (ConfUtils.java:logGet(43)) - raft.server.snapshot.auto.trigger.threshold = 10000 (custom)
2019-09-23 16:09:32,979 [pool-27-thread-1] INFO  segmented.SegmentedRaftLogWorker (SegmentedRaftLogWorker.java:lambda$new$0(132)) - 86cce676-657d-41cf-95d5-6ffcf809eef9@group-93F8A86BA0CA-SegmentedRaftLogWorker: flushIndex: setUnconditionally 0 -> -1
2019-09-23 16:09:32,979 [pool-67-thread-1] INFO  server.RaftServerConfigKeys (ConfUtils.java:logGet(43)) - raft.server.snapshot.retention.num.files = 5 (custom)
2019-09-23 16:09:32,979 [pool-27-thread-1] INFO  server.RaftServerConfigKeys (ConfUtils.java:logGet(43)) - raft.server.snapshot.auto.trigger.enabled = true (custom)
2019-09-23 16:09:32,979 [pool-67-thread-1] INFO  server.RaftServerConfigKeys (ConfUtils.java:logGet(43)) - raft.server.retrycache.expirytime = 600000ms (custom)
2019-09-23 16:09:32,979 [pool-27-thread-1] INFO  server.RaftServerConfigKeys (ConfUtils.java:logGet(43)) - raft.server.snapshot.auto.trigger.threshold = 10000 (custom)
2019-09-23 16:09:32,980 [pool-27-thread-1] INFO  server.RaftServerConfigKeys (ConfUtils.java:logGet(43)) - raft.server.snapshot.retention.num.files = 5 (custom)
2019-09-23 16:09:32,980 [pool-27-thread-1] INFO  server.RaftServerConfigKeys (ConfUtils.java:logGet(43)) - raft.server.retrycache.expirytime = 600000ms (custom)
2019-09-23 16:09:32,983 [pool-77-thread-1] INFO  impl.RaftServerImpl (RaftServerImpl.java:start(185)) - 61544022-af25-4c48-b0da-1584d68884dd@group-93F8A86BA0CA: start as a follower, conf=-1: [86cce676-657d-41cf-95d5-6ffcf809eef9:192.168.34.17:44082, e5032fb1-f51e-4c37-8c06-7d41de8bf135:192.168.34.17:45462, 61544022-af25-4c48-b0da-1584d68884dd:192.168.34.17:44191], old=null
2019-09-23 16:09:32,984 [pool-77-thread-1] INFO  impl.RaftServerImpl (RaftServerImpl.java:setRole(174)) - 61544022-af25-4c48-b0da-1584d68884dd@group-93F8A86BA0CA: changes role from      null to FOLLOWER at term 0 for startAsFollower
2019-09-23 16:09:32,984 [pool-77-thread-1] INFO  impl.RoleInfo (RoleInfo.java:updateAndGet(143)) - 61544022-af25-4c48-b0da-1584d68884dd: start FollowerState
2019-09-23 16:09:32,984 [pool-67-thread-1] INFO  impl.RaftServerImpl (RaftServerImpl.java:start(185)) - e5032fb1-f51e-4c37-8c06-7d41de8bf135@group-93F8A86BA0CA: start as a follower, conf=-1: [86cce676-657d-41cf-95d5-6ffcf809eef9:192.168.34.17:44082, e5032fb1-f51e-4c37-8c06-7d41de8bf135:192.168.34.17:45462, 61544022-af25-4c48-b0da-1584d68884dd:192.168.34.17:44191], old=null
2019-09-23 16:09:32,984 [pool-67-thread-1] INFO  impl.RaftServerImpl (RaftServerImpl.java:setRole(174)) - e5032fb1-f51e-4c37-8c06-7d41de8bf135@group-93F8A86BA0CA: changes role from      null to FOLLOWER at term 0 for startAsFollower
2019-09-23 16:09:32,984 [pool-67-thread-1] INFO  impl.RoleInfo (RoleInfo.java:updateAndGet(143)) - e5032fb1-f51e-4c37-8c06-7d41de8bf135: start FollowerState
2019-09-23 16:09:32,984 [pool-77-thread-1] INFO  util.JmxRegister (JmxRegister.java:tryRegister(44)) - Successfully registered JMX Bean with object name Ratis:service=RaftServer,group=group-93F8A86BA0CA,id=61544022-af25-4c48-b0da-1584d68884dd
2019-09-23 16:09:32,984 [pool-27-thread-1] INFO  impl.RaftServerImpl (RaftServerImpl.java:start(185)) - 86cce676-657d-41cf-95d5-6ffcf809eef9@group-93F8A86BA0CA: start as a follower, conf=-1: [86cce676-657d-41cf-95d5-6ffcf809eef9:192.168.34.17:44082, e5032fb1-f51e-4c37-8c06-7d41de8bf135:192.168.34.17:45462, 61544022-af25-4c48-b0da-1584d68884dd:192.168.34.17:44191], old=null
2019-09-23 16:09:32,985 [pool-27-thread-1] INFO  impl.RaftServerImpl (RaftServerImpl.java:setRole(174)) - 86cce676-657d-41cf-95d5-6ffcf809eef9@group-93F8A86BA0CA: changes role from      null to FOLLOWER at term 0 for startAsFollower
2019-09-23 16:09:32,985 [pool-67-thread-1] INFO  util.JmxRegister (JmxRegister.java:tryRegister(44)) - Successfully registered JMX Bean with object name Ratis:service=RaftServer,group=group-93F8A86BA0CA,id=e5032fb1-f51e-4c37-8c06-7d41de8bf135
2019-09-23 16:09:32,985 [pool-27-thread-1] INFO  impl.RoleInfo (RoleInfo.java:updateAndGet(143)) - 86cce676-657d-41cf-95d5-6ffcf809eef9: start FollowerState
2019-09-23 16:09:32,985 [pool-27-thread-1] INFO  util.JmxRegister (JmxRegister.java:tryRegister(44)) - Successfully registered JMX Bean with object name Ratis:service=RaftServer,group=group-93F8A86BA0CA,id=86cce676-657d-41cf-95d5-6ffcf809eef9
2019-09-23 16:09:33,001 [RatisPipelineUtilsThread] INFO  pipeline.PipelineStateManager (PipelineStateManager.java:addPipeline(56)) - Created pipeline Pipeline[ Id: 0d3e9c65-e253-4b1f-ae13-93f8a86ba0ca, Nodes: 61544022-af25-4c48-b0da-1584d68884dd{ip: 192.168.34.17, host: pr-hdds-2166-7skhj-3476174427, networkLocation: /default-rack, certSerialId: null}86cce676-657d-41cf-95d5-6ffcf809eef9{ip: 192.168.34.17, host: pr-hdds-2166-7skhj-3476174427, networkLocation: /default-rack, certSerialId: null}e5032fb1-f51e-4c37-8c06-7d41de8bf135{ip: 192.168.34.17, host: pr-hdds-2166-7skhj-3476174427, networkLocation: /default-rack, certSerialId: null}, Type:RATIS, Factor:THREE, State:OPEN]
2019-09-23 16:09:33,028 [grpc-default-executor-2] INFO  impl.RaftServerProxy (RaftServerProxy.java:addNew(89)) - 76beba98-382e-417c-a9a7-220e3ae0ea81: addNew group-D8C5EAE0FEDC:[140ce4e8-065f-48c8-9992-7144cce7209c:192.168.34.17:33128, 19fc0876-1805-41fe-b2ab-ad2bbc602717:192.168.34.17:42483, 76beba98-382e-417c-a9a7-220e3ae0ea81:192.168.34.17:35133] returns group-D8C5EAE0FEDC:java.util.concurrent.CompletableFuture@19378be2[Not completed]
2019-09-23 16:09:33,028 [grpc-default-executor-1] INFO  impl.RaftServerProxy (RaftServerProxy.java:addNew(89)) - 140ce4e8-065f-48c8-9992-7144cce7209c: addNew group-D8C5EAE0FEDC:[140ce4e8-065f-48c8-9992-7144cce7209c:192.168.34.17:33128, 19fc0876-1805-41fe-b2ab-ad2bbc602717:192.168.34.17:42483, 76beba98-382e-417c-a9a7-220e3ae0ea81:192.168.34.17:35133] returns group-D8C5EAE0FEDC:java.util.concurrent.CompletableFuture@326147a0[Not completed]
2019-09-23 16:09:33,033 [pool-87-thread-1] INFO  impl.RaftServerImpl (RaftServerImpl.java:<init>(95)) - 140ce4e8-065f-48c8-9992-7144cce7209c: new RaftServerImpl for group-D8C5EAE0FEDC:[140ce4e8-065f-48c8-9992-7144cce7209c:192.168.34.17:33128, 19fc0876-1805-41fe-b2ab-ad2bbc602717:192.168.34.17:42483, 76beba98-382e-417c-a9a7-220e3ae0ea81:192.168.34.17:35133] with ContainerStateMachine:uninitialized
2019-09-23 16:09:33,034 [pool-87-thread-1] INFO  server.RaftServerConfigKeys (ConfUtils.java:logGet(43)) - raft.server.rpc.timeout.min = 5s (custom)
2019-09-23 16:09:33,034 [pool-87-thread-1] INFO  server.RaftServerConfigKeys (ConfUtils.java:logGet(43)) - raft.server.rpc.timeout.max = 5200ms (custom)
2019-09-23 16:09:33,034 [grpc-default-executor-1] INFO  impl.RaftServerProxy (RaftServerProxy.java:addNew(89)) - 19fc0876-1805-41fe-b2ab-ad2bbc602717: addNew group-D8C5EAE0FEDC:[140ce4e8-065f-48c8-9992-7144cce7209c:192.168.34.17:33128, 19fc0876-1805-41fe-b2ab-ad2bbc602717:192.168.34.17:42483, 76beba98-382e-417c-a9a7-220e3ae0ea81:192.168.34.17:35133] returns group-D8C5EAE0FEDC:java.util.concurrent.CompletableFuture@12b854c8[Not completed]
2019-09-23 16:09:33,034 [pool-87-thread-1] INFO  server.RaftServerConfigKeys (ConfUtils.java:logGet(43)) - raft.server.rpcslowness.timeout = 120s (custom)
2019-09-23 16:09:33,034 [pool-87-thread-1] INFO  server.RaftServerConfigKeys (ConfUtils.java:logGet(43)) - raft.server.sleep.deviation.threshold = 300 (default)
2019-09-23 16:09:33,034 [pool-37-thread-1] INFO  impl.RaftServerImpl (RaftServerImpl.java:<init>(95)) - 76beba98-382e-417c-a9a7-220e3ae0ea81: new RaftServerImpl for group-D8C5EAE0FEDC:[140ce4e8-065f-48c8-9992-7144cce7209c:192.168.34.17:33128, 19fc0876-1805-41fe-b2ab-ad2bbc602717:192.168.34.17:42483, 76beba98-382e-417c-a9a7-220e3ae0ea81:192.168.34.17:35133] with ContainerStateMachine:uninitialized
2019-09-23 16:09:33,034 [pool-87-thread-1] INFO  server.RaftServerConfigKeys (ConfUtils.java:logGet(43)) - raft.server.log.appender.install.snapshot.enabled = false (custom)
2019-09-23 16:09:33,034 [pool-37-thread-1] INFO  server.RaftServerConfigKeys (ConfUtils.java:logGet(43)) - raft.server.rpc.timeout.min = 5s (custom)
2019-09-23 16:09:33,034 [pool-87-thread-1] INFO  impl.RaftServerImpl (ServerState.java:<init>(103)) - 140ce4e8-065f-48c8-9992-7144cce7209c@group-D8C5EAE0FEDC: ConfigurationManager, init=-1: [140ce4e8-065f-48c8-9992-7144cce7209c:192.168.34.17:33128, 19fc0876-1805-41fe-b2ab-ad2bbc602717:192.168.34.17:42483, 76beba98-382e-417c-a9a7-220e3ae0ea81:192.168.34.17:35133], old=null, confs=<EMPTY_MAP>
2019-09-23 16:09:33,034 [pool-37-thread-1] INFO  server.RaftServerConfigKeys (ConfUtils.java:logGet(43)) - raft.server.rpc.timeout.max = 5200ms (custom)
2019-09-23 16:09:33,035 [pool-37-thread-1] INFO  server.RaftServerConfigKeys (ConfUtils.java:logGet(43)) - raft.server.rpcslowness.timeout = 120s (custom)
2019-09-23 16:09:33,035 [pool-87-thread-1] INFO  server.RaftServerConfigKeys (ConfUtils.java:logGet(43)) - raft.server.storage.dir = [/workdir/hadoop-ozone/integration-test/target/test-dir/MiniOzoneClusterImpl-1c535e18-7116-4972-ae9f-a23b67b63868/datanode-6/data/ratis] (custom)
2019-09-23 16:09:33,035 [pool-37-thread-1] INFO  server.RaftServerConfigKeys (ConfUtils.java:logGet(43)) - raft.server.sleep.deviation.threshold = 300 (default)
2019-09-23 16:09:33,035 [pool-47-thread-1] INFO  impl.RaftServerImpl (RaftServerImpl.java:<init>(95)) - 19fc0876-1805-41fe-b2ab-ad2bbc602717: new RaftServerImpl for group-D8C5EAE0FEDC:[140ce4e8-065f-48c8-9992-7144cce7209c:192.168.34.17:33128, 19fc0876-1805-41fe-b2ab-ad2bbc602717:192.168.34.17:42483, 76beba98-382e-417c-a9a7-220e3ae0ea81:192.168.34.17:35133] with ContainerStateMachine:uninitialized
2019-09-23 16:09:33,035 [pool-37-thread-1] INFO  server.RaftServerConfigKeys (ConfUtils.java:logGet(43)) - raft.server.log.appender.install.snapshot.enabled = false (custom)
2019-09-23 16:09:33,035 [pool-47-thread-1] INFO  server.RaftServerConfigKeys (ConfUtils.java:logGet(43)) - raft.server.rpc.timeout.min = 5s (custom)
2019-09-23 16:09:33,035 [pool-87-thread-1] INFO  storage.RaftStorageDirectory (RaftStorageDirectory.java:analyzeStorage(246)) - The storage directory /workdir/hadoop-ozone/integration-test/target/test-dir/MiniOzoneClusterImpl-1c535e18-7116-4972-ae9f-a23b67b63868/datanode-6/data/ratis/e7f29017-b60c-4536-b001-d8c5eae0fedc does not exist. Creating ...
2019-09-23 16:09:33,035 [pool-37-thread-1] INFO  impl.RaftServerImpl (ServerState.java:<init>(103)) - 76beba98-382e-417c-a9a7-220e3ae0ea81@group-D8C5EAE0FEDC: ConfigurationManager, init=-1: [140ce4e8-065f-48c8-9992-7144cce7209c:192.168.34.17:33128, 19fc0876-1805-41fe-b2ab-ad2bbc602717:192.168.34.17:42483, 76beba98-382e-417c-a9a7-220e3ae0ea81:192.168.34.17:35133], old=null, confs=<EMPTY_MAP>
2019-09-23 16:09:33,035 [pool-47-thread-1] INFO  server.RaftServerConfigKeys (ConfUtils.java:logGet(43)) - raft.server.rpc.timeout.max = 5200ms (custom)
2019-09-23 16:09:33,035 [pool-37-thread-1] INFO  server.RaftServerConfigKeys (ConfUtils.java:logGet(43)) - raft.server.storage.dir = [/workdir/hadoop-ozone/integration-test/target/test-dir/MiniOzoneClusterImpl-1c535e18-7116-4972-ae9f-a23b67b63868/datanode-1/data/ratis] (custom)
2019-09-23 16:09:33,035 [pool-47-thread-1] INFO  server.RaftServerConfigKeys (ConfUtils.java:logGet(43)) - raft.server.rpcslowness.timeout = 120s (custom)
2019-09-23 16:09:33,036 [pool-47-thread-1] INFO  server.RaftServerConfigKeys (ConfUtils.java:logGet(43)) - raft.server.sleep.deviation.threshold = 300 (default)
2019-09-23 16:09:33,036 [pool-37-thread-1] INFO  storage.RaftStorageDirectory (RaftStorageDirectory.java:analyzeStorage(246)) - The storage directory /workdir/hadoop-ozone/integration-test/target/test-dir/MiniOzoneClusterImpl-1c535e18-7116-4972-ae9f-a23b67b63868/datanode-1/data/ratis/e7f29017-b60c-4536-b001-d8c5eae0fedc does not exist. Creating ...
2019-09-23 16:09:33,036 [pool-47-thread-1] INFO  server.RaftServerConfigKeys (ConfUtils.java:logGet(43)) - raft.server.log.appender.install.snapshot.enabled = false (custom)
2019-09-23 16:09:33,036 [pool-47-thread-1] INFO  impl.RaftServerImpl (ServerState.java:<init>(103)) - 19fc0876-1805-41fe-b2ab-ad2bbc602717@group-D8C5EAE0FEDC: ConfigurationManager, init=-1: [140ce4e8-065f-48c8-9992-7144cce7209c:192.168.34.17:33128, 19fc0876-1805-41fe-b2ab-ad2bbc602717:192.168.34.17:42483, 76beba98-382e-417c-a9a7-220e3ae0ea81:192.168.34.17:35133], old=null, confs=<EMPTY_MAP>
2019-09-23 16:09:33,036 [pool-47-thread-1] INFO  server.RaftServerConfigKeys (ConfUtils.java:logGet(43)) - raft.server.storage.dir = [/workdir/hadoop-ozone/integration-test/target/test-dir/MiniOzoneClusterImpl-1c535e18-7116-4972-ae9f-a23b67b63868/datanode-2/data/ratis] (custom)
2019-09-23 16:09:33,036 [pool-47-thread-1] INFO  storage.RaftStorageDirectory (RaftStorageDirectory.java:analyzeStorage(246)) - The storage directory /workdir/hadoop-ozone/integration-test/target/test-dir/MiniOzoneClusterImpl-1c535e18-7116-4972-ae9f-a23b67b63868/datanode-2/data/ratis/e7f29017-b60c-4536-b001-d8c5eae0fedc does not exist. Creating ...
2019-09-23 16:09:33,049 [pool-37-thread-1] INFO  storage.RaftStorageDirectory (RaftStorageDirectory.java:tryLock(328)) - Lock on /workdir/hadoop-ozone/integration-test/target/test-dir/MiniOzoneClusterImpl-1c535e18-7116-4972-ae9f-a23b67b63868/datanode-1/data/ratis/e7f29017-b60c-4536-b001-d8c5eae0fedc/in_use.lock acquired by nodename 30343@pr-hdds-2166-7skhj-3476174427
2019-09-23 16:09:33,049 [pool-87-thread-1] INFO  storage.RaftStorageDirectory (RaftStorageDirectory.java:tryLock(328)) - Lock on /workdir/hadoop-ozone/integration-test/target/test-dir/MiniOzoneClusterImpl-1c535e18-7116-4972-ae9f-a23b67b63868/datanode-6/data/ratis/e7f29017-b60c-4536-b001-d8c5eae0fedc/in_use.lock acquired by nodename 30343@pr-hdds-2166-7skhj-3476174427
2019-09-23 16:09:33,049 [pool-47-thread-1] INFO  storage.RaftStorageDirectory (RaftStorageDirectory.java:tryLock(328)) - Lock on /workdir/hadoop-ozone/integration-test/target/test-dir/MiniOzoneClusterImpl-1c535e18-7116-4972-ae9f-a23b67b63868/datanode-2/data/ratis/e7f29017-b60c-4536-b001-d8c5eae0fedc/in_use.lock acquired by nodename 30343@pr-hdds-2166-7skhj-3476174427
2019-09-23 16:09:33,063 [pool-87-thread-1] INFO  storage.RaftStorage (RaftStorage.java:format(72)) - Storage directory /workdir/hadoop-ozone/integration-test/target/test-dir/MiniOzoneClusterImpl-1c535e18-7116-4972-ae9f-a23b67b63868/datanode-6/data/ratis/e7f29017-b60c-4536-b001-d8c5eae0fedc has been successfully formatted.
2019-09-23 16:09:33,063 [pool-37-thread-1] INFO  storage.RaftStorage (RaftStorage.java:format(72)) - Storage directory /workdir/hadoop-ozone/integration-test/target/test-dir/MiniOzoneClusterImpl-1c535e18-7116-4972-ae9f-a23b67b63868/datanode-1/data/ratis/e7f29017-b60c-4536-b001-d8c5eae0fedc has been successfully formatted.
2019-09-23 16:09:33,063 [pool-47-thread-1] INFO  storage.RaftStorage (RaftStorage.java:format(72)) - Storage directory /workdir/hadoop-ozone/integration-test/target/test-dir/MiniOzoneClusterImpl-1c535e18-7116-4972-ae9f-a23b67b63868/datanode-2/data/ratis/e7f29017-b60c-4536-b001-d8c5eae0fedc has been successfully formatted.
2019-09-23 16:09:33,063 [pool-87-thread-1] INFO  ratis.ContainerStateMachine (ContainerStateMachine.java:loadSnapshot(230)) - group-D8C5EAE0FEDC: The snapshot info is null. Setting the last applied indexto:(t:0, i:~)
2019-09-23 16:09:33,063 [pool-37-thread-1] INFO  ratis.ContainerStateMachine (ContainerStateMachine.java:loadSnapshot(230)) - group-D8C5EAE0FEDC: The snapshot info is null. Setting the last applied indexto:(t:0, i:~)
2019-09-23 16:09:33,064 [pool-87-thread-1] INFO  server.RaftServerConfigKeys (ConfUtils.java:logGet(43)) - raft.server.notification.no-leader.timeout = 120s (custom)
2019-09-23 16:09:33,063 [pool-47-thread-1] INFO  ratis.ContainerStateMachine (ContainerStateMachine.java:loadSnapshot(230)) - group-D8C5EAE0FEDC: The snapshot info is null. Setting the last applied indexto:(t:0, i:~)
2019-09-23 16:09:33,064 [pool-87-thread-1] INFO  server.RaftServerConfigKeys (ConfUtils.java:logGet(43)) - raft.server.log.use.memory = false (default)
2019-09-23 16:09:33,064 [pool-37-thread-1] INFO  server.RaftServerConfigKeys (ConfUtils.java:logGet(43)) - raft.server.notification.no-leader.timeout = 120s (custom)
2019-09-23 16:09:33,064 [pool-87-thread-1] INFO  server.RaftServerConfigKeys (ConfUtils.java:logGet(43)) - raft.server.log.purge.gap = 1000000 (custom)
2019-09-23 16:09:33,064 [pool-47-thread-1] INFO  server.RaftServerConfigKeys (ConfUtils.java:logGet(43)) - raft.server.notification.no-leader.timeout = 120s (custom)
2019-09-23 16:09:33,064 [pool-87-thread-1] INFO  server.RaftServerConfigKeys (ConfUtils.java:logGet(43)) - raft.server.log.appender.buffer.byte-limit = 33554432 (custom)
2019-09-23 16:09:33,064 [pool-37-thread-1] INFO  server.RaftServerConfigKeys (ConfUtils.java:logGet(43)) - raft.server.log.use.memory = false (default)
2019-09-23 16:09:33,064 [pool-87-thread-1] INFO  server.RaftServerConfigKeys (ConfUtils.java:logGet(43)) - raft.server.log.segment.size.max = 1048576 (custom)
2019-09-23 16:09:33,064 [pool-47-thread-1] INFO  server.RaftServerConfigKeys (ConfUtils.java:logGet(43)) - raft.server.log.use.memory = false (default)
2019-09-23 16:09:33,064 [pool-87-thread-1] INFO  server.RaftServerConfigKeys (ConfUtils.java:logGet(43)) - raft.server.log.segment.cache.num.max = 2 (custom)
2019-09-23 16:09:33,064 [pool-37-thread-1] INFO  server.RaftServerConfigKeys (ConfUtils.java:logGet(43)) - raft.server.log.purge.gap = 1000000 (custom)
2019-09-23 16:09:33,065 [pool-87-thread-1] INFO  segmented.SegmentedRaftLogWorker (SegmentedRaftLogWorker.java:<init>(172)) - new 140ce4e8-065f-48c8-9992-7144cce7209c@group-D8C5EAE0FEDC-SegmentedRaftLogWorker for RaftStorage:Storage Directory /workdir/hadoop-ozone/integration-test/target/test-dir/MiniOzoneClusterImpl-1c535e18-7116-4972-ae9f-a23b67b63868/datanode-6/data/ratis/e7f29017-b60c-4536-b001-d8c5eae0fedc
2019-09-23 16:09:33,064 [pool-47-thread-1] INFO  server.RaftServerConfigKeys (ConfUtils.java:logGet(43)) - raft.server.log.purge.gap = 1000000 (custom)
2019-09-23 16:09:33,065 [pool-37-thread-1] INFO  server.RaftServerConfigKeys (ConfUtils.java:logGet(43)) - raft.server.log.appender.buffer.byte-limit = 33554432 (custom)
2019-09-23 16:09:33,065 [pool-47-thread-1] INFO  server.RaftServerConfigKeys (ConfUtils.java:logGet(43)) - raft.server.log.appender.buffer.byte-limit = 33554432 (custom)
2019-09-23 16:09:33,065 [pool-87-thread-1] INFO  server.RaftServerConfigKeys (ConfUtils.java:logGet(43)) - raft.server.log.queue.byte-limit = 2147483647 (custom)
2019-09-23 16:09:33,065 [pool-47-thread-1] INFO  server.RaftServerConfigKeys (ConfUtils.java:logGet(43)) - raft.server.log.segment.size.max = 1048576 (custom)
2019-09-23 16:09:33,065 [pool-37-thread-1] INFO  server.RaftServerConfigKeys (ConfUtils.java:logGet(43)) - raft.server.log.segment.size.max = 1048576 (custom)
2019-09-23 16:09:33,065 [pool-47-thread-1] INFO  server.RaftServerConfigKeys (ConfUtils.java:logGet(43)) - raft.server.log.segment.cache.num.max = 2 (custom)
2019-09-23 16:09:33,065 [pool-87-thread-1] INFO  server.RaftServerConfigKeys (ConfUtils.java:logGet(43)) - raft.server.log.queue.element-limit = 1024 (custom)
2019-09-23 16:09:33,065 [pool-47-thread-1] INFO  segmented.SegmentedRaftLogWorker (SegmentedRaftLogWorker.java:<init>(172)) - new 19fc0876-1805-41fe-b2ab-ad2bbc602717@group-D8C5EAE0FEDC-SegmentedRaftLogWorker for RaftStorage:Storage Directory /workdir/hadoop-ozone/integration-test/target/test-dir/MiniOzoneClusterImpl-1c535e18-7116-4972-ae9f-a23b67b63868/datanode-2/data/ratis/e7f29017-b60c-4536-b001-d8c5eae0fedc
2019-09-23 16:09:33,065 [pool-37-thread-1] INFO  server.RaftServerConfigKeys (ConfUtils.java:logGet(43)) - raft.server.log.segment.cache.num.max = 2 (custom)
2019-09-23 16:09:33,066 [pool-47-thread-1] INFO  server.RaftServerConfigKeys (ConfUtils.java:logGet(43)) - raft.server.log.queue.byte-limit = 2147483647 (custom)
2019-09-23 16:09:33,065 [pool-87-thread-1] INFO  server.RaftServerConfigKeys (ConfUtils.java:logGet(43)) - raft.server.log.segment.size.max = 1048576 (custom)
2019-09-23 16:09:33,066 [pool-47-thread-1] INFO  server.RaftServerConfigKeys (ConfUtils.java:logGet(43)) - raft.server.log.queue.element-limit = 1024 (custom)
2019-09-23 16:09:33,066 [pool-37-thread-1] INFO  segmented.SegmentedRaftLogWorker (SegmentedRaftLogWorker.java:<init>(172)) - new 76beba98-382e-417c-a9a7-220e3ae0ea81@group-D8C5EAE0FEDC-SegmentedRaftLogWorker for RaftStorage:Storage Directory /workdir/hadoop-ozone/integration-test/target/test-dir/MiniOzoneClusterImpl-1c535e18-7116-4972-ae9f-a23b67b63868/datanode-1/data/ratis/e7f29017-b60c-4536-b001-d8c5eae0fedc
2019-09-23 16:09:33,066 [pool-47-thread-1] INFO  server.RaftServerConfigKeys (ConfUtils.java:logGet(43)) - raft.server.log.segment.size.max = 1048576 (custom)
2019-09-23 16:09:33,066 [pool-87-thread-1] INFO  server.RaftServerConfigKeys (ConfUtils.java:logGet(43)) - raft.server.log.preallocated.size = 16384 (custom)
2019-09-23 16:09:33,066 [pool-47-thread-1] INFO  server.RaftServerConfigKeys (ConfUtils.java:logGet(43)) - raft.server.log.preallocated.size = 16384 (custom)
2019-09-23 16:09:33,066 [pool-37-thread-1] INFO  server.RaftServerConfigKeys (ConfUtils.java:logGet(43)) - raft.server.log.queue.byte-limit = 2147483647 (custom)
2019-09-23 16:09:33,066 [pool-47-thread-1] INFO  server.RaftServerConfigKeys (ConfUtils.java:logGet(43)) - raft.server.log.write.buffer.size = 33554432 (custom)
2019-09-23 16:09:33,066 [pool-87-thread-1] INFO  server.RaftServerConfigKeys (ConfUtils.java:logGet(43)) - raft.server.log.write.buffer.size = 33554432 (custom)
2019-09-23 16:09:33,066 [pool-47-thread-1] INFO  server.RaftServerConfigKeys (ConfUtils.java:logGet(43)) - raft.server.log.force.sync.num = 128 (default)
2019-09-23 16:09:33,066 [pool-37-thread-1] INFO  server.RaftServerConfigKeys (ConfUtils.java:logGet(43)) - raft.server.log.queue.element-limit = 1024 (custom)
2019-09-23 16:09:33,067 [pool-47-thread-1] INFO  server.RaftServerConfigKeys (ConfUtils.java:logGet(43)) - raft.server.log.statemachine.data.sync = true (default)
2019-09-23 16:09:33,067 [pool-87-thread-1] INFO  server.RaftServerConfigKeys (ConfUtils.java:logGet(43)) - raft.server.log.force.sync.num = 128 (default)
2019-09-23 16:09:33,067 [pool-47-thread-1] INFO  server.RaftServerConfigKeys (ConfUtils.java:logGet(43)) - raft.server.log.statemachine.data.sync.timeout = 10s (default)
2019-09-23 16:09:33,067 [pool-37-thread-1] INFO  server.RaftServerConfigKeys (ConfUtils.java:logGet(43)) - raft.server.log.segment.size.max = 1048576 (custom)
2019-09-23 16:09:33,067 [pool-47-thread-1] INFO  server.RaftServerConfigKeys (ConfUtils.java:logGet(43)) - raft.server.log.statemachine.data.sync.timeout.retry = -1 (default)
2019-09-23 16:09:33,067 [pool-87-thread-1] INFO  server.RaftServerConfigKeys (ConfUtils.java:logGet(43)) - raft.server.log.statemachine.data.sync = true (default)
2019-09-23 16:09:33,067 [pool-37-thread-1] INFO  server.RaftServerConfigKeys (ConfUtils.java:logGet(43)) - raft.server.log.preallocated.size = 16384 (custom)
2019-09-23 16:09:33,067 [pool-87-thread-1] INFO  server.RaftServerConfigKeys (ConfUtils.java:logGet(43)) - raft.server.log.statemachine.data.sync.timeout = 10s (default)
2019-09-23 16:09:33,067 [pool-47-thread-1] INFO  server.RaftServerConfigKeys (ConfUtils.java:logGet(43)) - raft.server.log.statemachine.data.caching.enabled = true (custom)
2019-09-23 16:09:33,067 [pool-87-thread-1] INFO  server.RaftServerConfigKeys (ConfUtils.java:logGet(43)) - raft.server.log.statemachine.data.sync.timeout.retry = -1 (default)
2019-09-23 16:09:33,067 [pool-37-thread-1] INFO  server.RaftServerConfigKeys (ConfUtils.java:logGet(43)) - raft.server.log.write.buffer.size = 33554432 (custom)
2019-09-23 16:09:33,068 [pool-87-thread-1] INFO  server.RaftServerConfigKeys (ConfUtils.java:logGet(43)) - raft.server.log.statemachine.data.caching.enabled = true (custom)
2019-09-23 16:09:33,068 [pool-37-thread-1] INFO  server.RaftServerConfigKeys (ConfUtils.java:logGet(43)) - raft.server.log.force.sync.num = 128 (default)
2019-09-23 16:09:33,068 [pool-47-thread-1] INFO  segmented.SegmentedRaftLogWorker (SegmentedRaftLogWorker.java:lambda$new$0(132)) - 19fc0876-1805-41fe-b2ab-ad2bbc602717@group-D8C5EAE0FEDC-SegmentedRaftLogWorker: flushIndex: setUnconditionally 0 -> -1
2019-09-23 16:09:33,068 [pool-87-thread-1] INFO  segmented.SegmentedRaftLogWorker (SegmentedRaftLogWorker.java:lambda$new$0(132)) - 140ce4e8-065f-48c8-9992-7144cce7209c@group-D8C5EAE0FEDC-SegmentedRaftLogWorker: flushIndex: setUnconditionally 0 -> -1
2019-09-23 16:09:33,068 [pool-37-thread-1] INFO  server.RaftServerConfigKeys (ConfUtils.java:logGet(43)) - raft.server.log.statemachine.data.sync = true (default)
2019-09-23 16:09:33,068 [pool-47-thread-1] INFO  server.RaftServerConfigKeys (ConfUtils.java:logGet(43)) - raft.server.snapshot.auto.trigger.enabled = true (custom)
2019-09-23 16:09:33,068 [pool-87-thread-1] INFO  server.RaftServerConfigKeys (ConfUtils.java:logGet(43)) - raft.server.snapshot.auto.trigger.enabled = true (custom)
2019-09-23 16:09:33,068 [pool-37-thread-1] INFO  server.RaftServerConfigKeys (ConfUtils.java:logGet(43)) - raft.server.log.statemachine.data.sync.timeout = 10s (default)
2019-09-23 16:09:33,068 [pool-87-thread-1] INFO  server.RaftServerConfigKeys (ConfUtils.java:logGet(43)) - raft.server.snapshot.auto.trigger.threshold = 10000 (custom)
2019-09-23 16:09:33,068 [pool-47-thread-1] INFO  server.RaftServerConfigKeys (ConfUtils.java:logGet(43)) - raft.server.snapshot.auto.trigger.threshold = 10000 (custom)
2019-09-23 16:09:33,068 [pool-87-thread-1] INFO  server.RaftServerConfigKeys (ConfUtils.java:logGet(43)) - raft.server.snapshot.retention.num.files = 5 (custom)
2019-09-23 16:09:33,068 [pool-37-thread-1] INFO  server.RaftServerConfigKeys (ConfUtils.java:logGet(43)) - raft.server.log.statemachine.data.sync.timeout.retry = -1 (default)
2019-09-23 16:09:33,069 [pool-87-thread-1] INFO  server.RaftServerConfigKeys (ConfUtils.java:logGet(43)) - raft.server.retrycache.expirytime = 600000ms (custom)
2019-09-23 16:09:33,069 [pool-47-thread-1] INFO  server.RaftServerConfigKeys (ConfUtils.java:logGet(43)) - raft.server.snapshot.retention.num.files = 5 (custom)
2019-09-23 16:09:33,069 [pool-37-thread-1] INFO  server.RaftServerConfigKeys (ConfUtils.java:logGet(43)) - raft.server.log.statemachine.data.caching.enabled = true (custom)
2019-09-23 16:09:33,069 [pool-47-thread-1] INFO  server.RaftServerConfigKeys (ConfUtils.java:logGet(43)) - raft.server.retrycache.expirytime = 600000ms (custom)
2019-09-23 16:09:33,069 [pool-37-thread-1] INFO  segmented.SegmentedRaftLogWorker (SegmentedRaftLogWorker.java:lambda$new$0(132)) - 76beba98-382e-417c-a9a7-220e3ae0ea81@group-D8C5EAE0FEDC-SegmentedRaftLogWorker: flushIndex: setUnconditionally 0 -> -1
2019-09-23 16:09:33,069 [pool-37-thread-1] INFO  server.RaftServerConfigKeys (ConfUtils.java:logGet(43)) - raft.server.snapshot.auto.trigger.enabled = true (custom)
2019-09-23 16:09:33,069 [pool-37-thread-1] INFO  server.RaftServerConfigKeys (ConfUtils.java:logGet(43)) - raft.server.snapshot.auto.trigger.threshold = 10000 (custom)
2019-09-23 16:09:33,069 [pool-37-thread-1] INFO  server.RaftServerConfigKeys (ConfUtils.java:logGet(43)) - raft.server.snapshot.retention.num.files = 5 (custom)
2019-09-23 16:09:33,070 [pool-37-thread-1] INFO  server.RaftServerConfigKeys (ConfUtils.java:logGet(43)) - raft.server.retrycache.expirytime = 600000ms (custom)
2019-09-23 16:09:33,072 [pool-87-thread-1] INFO  impl.RaftServerImpl (RaftServerImpl.java:start(185)) - 140ce4e8-065f-48c8-9992-7144cce7209c@group-D8C5EAE0FEDC: start as a follower, conf=-1: [140ce4e8-065f-48c8-9992-7144cce7209c:192.168.34.17:33128, 19fc0876-1805-41fe-b2ab-ad2bbc602717:192.168.34.17:42483, 76beba98-382e-417c-a9a7-220e3ae0ea81:192.168.34.17:35133], old=null
2019-09-23 16:09:33,072 [pool-87-thread-1] INFO  impl.RaftServerImpl (RaftServerImpl.java:setRole(174)) - 140ce4e8-065f-48c8-9992-7144cce7209c@group-D8C5EAE0FEDC: changes role from      null to FOLLOWER at term 0 for startAsFollower
2019-09-23 16:09:33,072 [pool-87-thread-1] INFO  impl.RoleInfo (RoleInfo.java:updateAndGet(143)) - 140ce4e8-065f-48c8-9992-7144cce7209c: start FollowerState
2019-09-23 16:09:33,072 [pool-47-thread-1] INFO  impl.RaftServerImpl (RaftServerImpl.java:start(185)) - 19fc0876-1805-41fe-b2ab-ad2bbc602717@group-D8C5EAE0FEDC: start as a follower, conf=-1: [140ce4e8-065f-48c8-9992-7144cce7209c:192.168.34.17:33128, 19fc0876-1805-41fe-b2ab-ad2bbc602717:192.168.34.17:42483, 76beba98-382e-417c-a9a7-220e3ae0ea81:192.168.34.17:35133], old=null
2019-09-23 16:09:33,073 [pool-47-thread-1] INFO  impl.RaftServerImpl (RaftServerImpl.java:setRole(174)) - 19fc0876-1805-41fe-b2ab-ad2bbc602717@group-D8C5EAE0FEDC: changes role from      null to FOLLOWER at term 0 for startAsFollower
2019-09-23 16:09:33,073 [pool-37-thread-1] INFO  impl.RaftServerImpl (RaftServerImpl.java:start(185)) - 76beba98-382e-417c-a9a7-220e3ae0ea81@group-D8C5EAE0FEDC: start as a follower, conf=-1: [140ce4e8-065f-48c8-9992-7144cce7209c:192.168.34.17:33128, 19fc0876-1805-41fe-b2ab-ad2bbc602717:192.168.34.17:42483, 76beba98-382e-417c-a9a7-220e3ae0ea81:192.168.34.17:35133], old=null
2019-09-23 16:09:33,073 [pool-47-thread-1] INFO  impl.RoleInfo (RoleInfo.java:updateAndGet(143)) - 19fc0876-1805-41fe-b2ab-ad2bbc602717: start FollowerState
2019-09-23 16:09:33,073 [pool-37-thread-1] INFO  impl.RaftServerImpl (RaftServerImpl.java:setRole(174)) - 76beba98-382e-417c-a9a7-220e3ae0ea81@group-D8C5EAE0FEDC: changes role from      null to FOLLOWER at term 0 for startAsFollower
2019-09-23 16:09:33,073 [pool-87-thread-1] INFO  util.JmxRegister (JmxRegister.java:tryRegister(44)) - Successfully registered JMX Bean with object name Ratis:service=RaftServer,group=group-D8C5EAE0FEDC,id=140ce4e8-065f-48c8-9992-7144cce7209c
2019-09-23 16:09:33,073 [pool-47-thread-1] INFO  util.JmxRegister (JmxRegister.java:tryRegister(44)) - Successfully registered JMX Bean with object name Ratis:service=RaftServer,group=group-D8C5EAE0FEDC,id=19fc0876-1805-41fe-b2ab-ad2bbc602717
2019-09-23 16:09:33,073 [pool-37-thread-1] INFO  impl.RoleInfo (RoleInfo.java:updateAndGet(143)) - 76beba98-382e-417c-a9a7-220e3ae0ea81: start FollowerState
2019-09-23 16:09:33,073 [pool-37-thread-1] INFO  util.JmxRegister (JmxRegister.java:tryRegister(44)) - Successfully registered JMX Bean with object name Ratis:service=RaftServer,group=group-D8C5EAE0FEDC,id=76beba98-382e-417c-a9a7-220e3ae0ea81
2019-09-23 16:09:33,093 [RatisPipelineUtilsThread] INFO  pipeline.PipelineStateManager (PipelineStateManager.java:addPipeline(56)) - Created pipeline Pipeline[ Id: e7f29017-b60c-4536-b001-d8c5eae0fedc, Nodes: 19fc0876-1805-41fe-b2ab-ad2bbc602717{ip: 192.168.34.17, host: pr-hdds-2166-7skhj-3476174427, networkLocation: /default-rack, certSerialId: null}76beba98-382e-417c-a9a7-220e3ae0ea81{ip: 192.168.34.17, host: pr-hdds-2166-7skhj-3476174427, networkLocation: /default-rack, certSerialId: null}140ce4e8-065f-48c8-9992-7144cce7209c{ip: 192.168.34.17, host: pr-hdds-2166-7skhj-3476174427, networkLocation: /default-rack, certSerialId: null}, Type:RATIS, Factor:THREE, State:OPEN]
2019-09-23 16:09:33,483 [main] INFO  rpc.RpcClient (RpcClient.java:createVolume(276)) - Creating Volume: watchforcommithandlingtest, with jenkins1000 as owner.
2019-09-23 16:09:33,588 [IPC Server handler 1 on 44597] INFO  volume.OMVolumeCreateRequest (OMVolumeCreateRequest.java:validateAndUpdateCache(189)) - created volume:watchforcommithandlingtest for user:jenkins1000
2019-09-23 16:09:33,629 [main] INFO  rpc.RpcClient (RpcClient.java:createBucket(415)) - Creating Bucket: watchforcommithandlingtest/watchforcommithandlingtest, with Versioning false and Storage Type set to DISK and Encryption set to false 
2019-09-23 16:09:33,668 [main] INFO  ozone.MiniOzoneClusterImpl (MiniOzoneClusterImpl.java:getStorageContainerLocationClient(234)) - Creating StorageContainerLocationProtocol RPC client with address /0.0.0.0:34555
2019-09-23 16:09:34,217 [main] INFO  impl.MetricsSystemImpl (MetricsSystemImpl.java:init(158)) - XceiverClientMetrics metrics system started (again)
2019-09-23 16:09:34,352 [Thread-238] INFO  container.ReplicationManager (ReplicationManager.java:start(162)) - Starting Replication Monitor Thread.
2019-09-23 16:09:34,359 [ReplicationMonitor] INFO  container.ReplicationManager (ReplicationManager.java:run(225)) - Replication Monitor Thread took 4 milliseconds for processing 1 containers.
2019-09-23 16:09:37,312 [Thread-240] INFO  impl.FollowerState (FollowerState.java:run(106)) - 86cce676-657d-41cf-95d5-6ffcf809eef9:group-50E0EEC3594D changes to CANDIDATE, lastRpcTime:5071, electionTimeout:5071ms
2019-09-23 16:09:37,315 [Thread-240] INFO  impl.RoleInfo (RoleInfo.java:shutdownFollowerState(121)) - 86cce676-657d-41cf-95d5-6ffcf809eef9: shutdown FollowerState
2019-09-23 16:09:37,316 [Thread-240] INFO  impl.RaftServerImpl (RaftServerImpl.java:setRole(174)) - 86cce676-657d-41cf-95d5-6ffcf809eef9@group-50E0EEC3594D: changes role from  FOLLOWER to CANDIDATE at term 0 for changeToCandidate
2019-09-23 16:09:37,325 [Thread-240] INFO  impl.RoleInfo (RoleInfo.java:updateAndGet(143)) - 86cce676-657d-41cf-95d5-6ffcf809eef9: start LeaderElection
2019-09-23 16:09:37,367 [86cce676-657d-41cf-95d5-6ffcf809eef9@group-50E0EEC3594D:LeaderElection1] INFO  impl.LeaderElection (LeaderElection.java:askForVotes(182)) - 86cce676-657d-41cf-95d5-6ffcf809eef9@group-50E0EEC3594D:LeaderElection1: begin an election at term 1 for -1: [86cce676-657d-41cf-95d5-6ffcf809eef9:192.168.34.17:44082], old=null
2019-09-23 16:09:37,368 [86cce676-657d-41cf-95d5-6ffcf809eef9@group-50E0EEC3594D:LeaderElection1] INFO  impl.RoleInfo (RoleInfo.java:shutdownLeaderElection(134)) - 86cce676-657d-41cf-95d5-6ffcf809eef9: shutdown LeaderElection
2019-09-23 16:09:37,369 [86cce676-657d-41cf-95d5-6ffcf809eef9@group-50E0EEC3594D:LeaderElection1] INFO  impl.RaftServerImpl (RaftServerImpl.java:setRole(174)) - 86cce676-657d-41cf-95d5-6ffcf809eef9@group-50E0EEC3594D: changes role from CANDIDATE to LEADER at term 1 for changeToLeader
2019-09-23 16:09:37,369 [86cce676-657d-41cf-95d5-6ffcf809eef9@group-50E0EEC3594D:LeaderElection1] INFO  impl.RaftServerImpl (ServerState.java:setLeader(253)) - 86cce676-657d-41cf-95d5-6ffcf809eef9@group-50E0EEC3594D: change Leader from null to 86cce676-657d-41cf-95d5-6ffcf809eef9 at term 1 for becomeLeader, leader elected after 5252ms
2019-09-23 16:09:37,377 [86cce676-657d-41cf-95d5-6ffcf809eef9@group-50E0EEC3594D:LeaderElection1] INFO  server.RaftServerConfigKeys (ConfUtils.java:logGet(43)) - raft.server.staging.catchup.gap = 1000 (default)
2019-09-23 16:09:37,377 [86cce676-657d-41cf-95d5-6ffcf809eef9@group-50E0EEC3594D:LeaderElection1] INFO  server.RaftServerConfigKeys (ConfUtils.java:logGet(43)) - raft.server.rpc.sleep.time = 25ms (default)
2019-09-23 16:09:37,380 [86cce676-657d-41cf-95d5-6ffcf809eef9@group-50E0EEC3594D:LeaderElection1] INFO  server.RaftServerConfigKeys (ConfUtils.java:logGet(43)) - raft.server.write.element-limit = 4096 (default)
2019-09-23 16:09:37,382 [86cce676-657d-41cf-95d5-6ffcf809eef9@group-50E0EEC3594D:LeaderElection1] INFO  server.RaftServerConfigKeys (ConfUtils.java:logGet(43)) - raft.server.watch.timeout = 10s (default)
2019-09-23 16:09:37,382 [86cce676-657d-41cf-95d5-6ffcf809eef9@group-50E0EEC3594D:LeaderElection1] INFO  server.RaftServerConfigKeys (ConfUtils.java:logGet(43)) - raft.server.watch.timeout.denomination = 1s (default)
2019-09-23 16:09:37,383 [86cce676-657d-41cf-95d5-6ffcf809eef9@group-50E0EEC3594D:LeaderElection1] INFO  server.RaftServerConfigKeys (ConfUtils.java:logGet(43)) - raft.server.watch.element-limit = 65536 (default)
2019-09-23 16:09:37,394 [86cce676-657d-41cf-95d5-6ffcf809eef9@group-50E0EEC3594D:LeaderElection1] INFO  impl.RoleInfo (RoleInfo.java:updateAndGet(143)) - 86cce676-657d-41cf-95d5-6ffcf809eef9: start LeaderState
2019-09-23 16:09:37,434 [86cce676-657d-41cf-95d5-6ffcf809eef9@group-50E0EEC3594D:LeaderElection1] INFO  segmented.SegmentedRaftLogWorker (SegmentedRaftLogWorker.java:startLogSegment(380)) - 86cce676-657d-41cf-95d5-6ffcf809eef9@group-50E0EEC3594D-SegmentedRaftLogWorker: Starting segment from index:0
2019-09-23 16:09:37,444 [86cce676-657d-41cf-95d5-6ffcf809eef9@group-50E0EEC3594D:LeaderElection1] INFO  impl.RaftServerImpl (ServerState.java:setRaftConf(354)) - 86cce676-657d-41cf-95d5-6ffcf809eef9@group-50E0EEC3594D: set configuration 0: [86cce676-657d-41cf-95d5-6ffcf809eef9:192.168.34.17:44082], old=null at 0
2019-09-23 16:09:37,493 [Thread-243] INFO  impl.FollowerState (FollowerState.java:run(106)) - 61544022-af25-4c48-b0da-1584d68884dd:group-8DF14BEE12CF changes to CANDIDATE, lastRpcTime:5061, electionTimeout:5056ms
2019-09-23 16:09:37,497 [Thread-243] INFO  impl.RoleInfo (RoleInfo.java:shutdownFollowerState(121)) - 61544022-af25-4c48-b0da-1584d68884dd: shutdown FollowerState
2019-09-23 16:09:37,497 [Thread-243] INFO  impl.RaftServerImpl (RaftServerImpl.java:setRole(174)) - 61544022-af25-4c48-b0da-1584d68884dd@group-8DF14BEE12CF: changes role from  FOLLOWER to CANDIDATE at term 0 for changeToCandidate
2019-09-23 16:09:37,497 [Thread-243] INFO  impl.RoleInfo (RoleInfo.java:updateAndGet(143)) - 61544022-af25-4c48-b0da-1584d68884dd: start LeaderElection
2019-09-23 16:09:37,532 [61544022-af25-4c48-b0da-1584d68884dd@group-8DF14BEE12CF:LeaderElection2] INFO  impl.LeaderElection (LeaderElection.java:askForVotes(182)) - 61544022-af25-4c48-b0da-1584d68884dd@group-8DF14BEE12CF:LeaderElection2: begin an election at term 1 for -1: [61544022-af25-4c48-b0da-1584d68884dd:192.168.34.17:44191], old=null
2019-09-23 16:09:37,532 [61544022-af25-4c48-b0da-1584d68884dd@group-8DF14BEE12CF:LeaderElection2] INFO  impl.RoleInfo (RoleInfo.java:shutdownLeaderElection(134)) - 61544022-af25-4c48-b0da-1584d68884dd: shutdown LeaderElection
2019-09-23 16:09:37,532 [61544022-af25-4c48-b0da-1584d68884dd@group-8DF14BEE12CF:LeaderElection2] INFO  impl.RaftServerImpl (RaftServerImpl.java:setRole(174)) - 61544022-af25-4c48-b0da-1584d68884dd@group-8DF14BEE12CF: changes role from CANDIDATE to LEADER at term 1 for changeToLeader
2019-09-23 16:09:37,532 [61544022-af25-4c48-b0da-1584d68884dd@group-8DF14BEE12CF:LeaderElection2] INFO  impl.RaftServerImpl (ServerState.java:setLeader(253)) - 61544022-af25-4c48-b0da-1584d68884dd@group-8DF14BEE12CF: change Leader from null to 61544022-af25-4c48-b0da-1584d68884dd at term 1 for becomeLeader, leader elected after 5117ms
2019-09-23 16:09:37,535 [61544022-af25-4c48-b0da-1584d68884dd@group-8DF14BEE12CF:LeaderElection2] INFO  server.RaftServerConfigKeys (ConfUtils.java:logGet(43)) - raft.server.staging.catchup.gap = 1000 (default)
2019-09-23 16:09:37,535 [61544022-af25-4c48-b0da-1584d68884dd@group-8DF14BEE12CF:LeaderElection2] INFO  server.RaftServerConfigKeys (ConfUtils.java:logGet(43)) - raft.server.rpc.sleep.time = 25ms (default)
2019-09-23 16:09:37,536 [61544022-af25-4c48-b0da-1584d68884dd@group-8DF14BEE12CF:LeaderElection2] INFO  server.RaftServerConfigKeys (ConfUtils.java:logGet(43)) - raft.server.write.element-limit = 4096 (default)
2019-09-23 16:09:37,536 [61544022-af25-4c48-b0da-1584d68884dd@group-8DF14BEE12CF:LeaderElection2] INFO  server.RaftServerConfigKeys (ConfUtils.java:logGet(43)) - raft.server.watch.timeout = 10s (default)
2019-09-23 16:09:37,536 [61544022-af25-4c48-b0da-1584d68884dd@group-8DF14BEE12CF:LeaderElection2] INFO  server.RaftServerConfigKeys (ConfUtils.java:logGet(43)) - raft.server.watch.timeout.denomination = 1s (default)
2019-09-23 16:09:37,536 [61544022-af25-4c48-b0da-1584d68884dd@group-8DF14BEE12CF:LeaderElection2] INFO  server.RaftServerConfigKeys (ConfUtils.java:logGet(43)) - raft.server.watch.element-limit = 65536 (default)
2019-09-23 16:09:37,539 [61544022-af25-4c48-b0da-1584d68884dd@group-8DF14BEE12CF:LeaderElection2] INFO  impl.RoleInfo (RoleInfo.java:updateAndGet(143)) - 61544022-af25-4c48-b0da-1584d68884dd: start LeaderState
2019-09-23 16:09:37,540 [61544022-af25-4c48-b0da-1584d68884dd@group-8DF14BEE12CF:LeaderElection2] INFO  segmented.SegmentedRaftLogWorker (SegmentedRaftLogWorker.java:startLogSegment(380)) - 61544022-af25-4c48-b0da-1584d68884dd@group-8DF14BEE12CF-SegmentedRaftLogWorker: Starting segment from index:0
2019-09-23 16:09:37,540 [61544022-af25-4c48-b0da-1584d68884dd@group-8DF14BEE12CF:LeaderElection2] INFO  impl.RaftServerImpl (ServerState.java:setRaftConf(354)) - 61544022-af25-4c48-b0da-1584d68884dd@group-8DF14BEE12CF: set configuration 0: [61544022-af25-4c48-b0da-1584d68884dd:192.168.34.17:44191], old=null at 0
2019-09-23 16:09:37,683 [86cce676-657d-41cf-95d5-6ffcf809eef9@group-50E0EEC3594D-SegmentedRaftLogWorker] INFO  segmented.SegmentedRaftLogWorker (SegmentedRaftLogWorker.java:execute(569)) - 86cce676-657d-41cf-95d5-6ffcf809eef9@group-50E0EEC3594D-SegmentedRaftLogWorker: created new log segment /workdir/hadoop-ozone/integration-test/target/test-dir/MiniOzoneClusterImpl-1c535e18-7116-4972-ae9f-a23b67b63868/datanode-0/data/ratis/88e55697-2457-4481-ad56-50e0eec3594d/current/log_inprogress_0
2019-09-23 16:09:37,683 [61544022-af25-4c48-b0da-1584d68884dd@group-8DF14BEE12CF-SegmentedRaftLogWorker] INFO  segmented.SegmentedRaftLogWorker (SegmentedRaftLogWorker.java:execute(569)) - 61544022-af25-4c48-b0da-1584d68884dd@group-8DF14BEE12CF-SegmentedRaftLogWorker: created new log segment /workdir/hadoop-ozone/integration-test/target/test-dir/MiniOzoneClusterImpl-1c535e18-7116-4972-ae9f-a23b67b63868/datanode-5/data/ratis/2f10af73-ca18-46c3-8ab6-8df14bee12cf/current/log_inprogress_0
2019-09-23 16:09:37,692 [Thread-246] INFO  impl.FollowerState (FollowerState.java:run(106)) - e5032fb1-f51e-4c37-8c06-7d41de8bf135:group-2631CC57C922 changes to CANDIDATE, lastRpcTime:5105, electionTimeout:5102ms
2019-09-23 16:09:37,692 [Thread-246] INFO  impl.RoleInfo (RoleInfo.java:shutdownFollowerState(121)) - e5032fb1-f51e-4c37-8c06-7d41de8bf135: shutdown FollowerState
2019-09-23 16:09:37,692 [Thread-246] INFO  impl.RaftServerImpl (RaftServerImpl.java:setRole(174)) - e5032fb1-f51e-4c37-8c06-7d41de8bf135@group-2631CC57C922: changes role from  FOLLOWER to CANDIDATE at term 0 for changeToCandidate
2019-09-23 16:09:37,692 [Thread-246] INFO  impl.RoleInfo (RoleInfo.java:updateAndGet(143)) - e5032fb1-f51e-4c37-8c06-7d41de8bf135: start LeaderElection
2019-09-23 16:09:37,712 [Thread-249] INFO  impl.FollowerState (FollowerState.java:run(106)) - 19fc0876-1805-41fe-b2ab-ad2bbc602717:group-8C3629710B51 changes to CANDIDATE, lastRpcTime:5038, electionTimeout:5038ms
2019-09-23 16:09:37,712 [Thread-249] INFO  impl.RoleInfo (RoleInfo.java:shutdownFollowerState(121)) - 19fc0876-1805-41fe-b2ab-ad2bbc602717: shutdown FollowerState
2019-09-23 16:09:37,712 [Thread-249] INFO  impl.RaftServerImpl (RaftServerImpl.java:setRole(174)) - 19fc0876-1805-41fe-b2ab-ad2bbc602717@group-8C3629710B51: changes role from  FOLLOWER to CANDIDATE at term 0 for changeToCandidate
2019-09-23 16:09:37,712 [Thread-249] INFO  impl.RoleInfo (RoleInfo.java:updateAndGet(143)) - 19fc0876-1805-41fe-b2ab-ad2bbc602717: start LeaderElection
2019-09-23 16:09:37,728 [19fc0876-1805-41fe-b2ab-ad2bbc602717@group-8C3629710B51:LeaderElection4] INFO  impl.LeaderElection (LeaderElection.java:askForVotes(182)) - 19fc0876-1805-41fe-b2ab-ad2bbc602717@group-8C3629710B51:LeaderElection4: begin an election at term 1 for -1: [19fc0876-1805-41fe-b2ab-ad2bbc602717:192.168.34.17:42483], old=null
2019-09-23 16:09:37,730 [e5032fb1-f51e-4c37-8c06-7d41de8bf135@group-2631CC57C922:LeaderElection3] INFO  impl.LeaderElection (LeaderElection.java:askForVotes(182)) - e5032fb1-f51e-4c37-8c06-7d41de8bf135@group-2631CC57C922:LeaderElection3: begin an election at term 1 for -1: [e5032fb1-f51e-4c37-8c06-7d41de8bf135:192.168.34.17:45462], old=null
2019-09-23 16:09:37,730 [19fc0876-1805-41fe-b2ab-ad2bbc602717@group-8C3629710B51:LeaderElection4] INFO  impl.RoleInfo (RoleInfo.java:shutdownLeaderElection(134)) - 19fc0876-1805-41fe-b2ab-ad2bbc602717: shutdown LeaderElection
2019-09-23 16:09:37,730 [e5032fb1-f51e-4c37-8c06-7d41de8bf135@group-2631CC57C922:LeaderElection3] INFO  impl.RoleInfo (RoleInfo.java:shutdownLeaderElection(134)) - e5032fb1-f51e-4c37-8c06-7d41de8bf135: shutdown LeaderElection
2019-09-23 16:09:37,730 [19fc0876-1805-41fe-b2ab-ad2bbc602717@group-8C3629710B51:LeaderElection4] INFO  impl.RaftServerImpl (RaftServerImpl.java:setRole(174)) - 19fc0876-1805-41fe-b2ab-ad2bbc602717@group-8C3629710B51: changes role from CANDIDATE to LEADER at term 1 for changeToLeader
2019-09-23 16:09:37,730 [e5032fb1-f51e-4c37-8c06-7d41de8bf135@group-2631CC57C922:LeaderElection3] INFO  impl.RaftServerImpl (RaftServerImpl.java:setRole(174)) - e5032fb1-f51e-4c37-8c06-7d41de8bf135@group-2631CC57C922: changes role from CANDIDATE to LEADER at term 1 for changeToLeader
2019-09-23 16:09:37,730 [19fc0876-1805-41fe-b2ab-ad2bbc602717@group-8C3629710B51:LeaderElection4] INFO  impl.RaftServerImpl (ServerState.java:setLeader(253)) - 19fc0876-1805-41fe-b2ab-ad2bbc602717@group-8C3629710B51: change Leader from null to 19fc0876-1805-41fe-b2ab-ad2bbc602717 at term 1 for becomeLeader, leader elected after 5068ms
2019-09-23 16:09:37,731 [e5032fb1-f51e-4c37-8c06-7d41de8bf135@group-2631CC57C922:LeaderElection3] INFO  impl.RaftServerImpl (ServerState.java:setLeader(253)) - e5032fb1-f51e-4c37-8c06-7d41de8bf135@group-2631CC57C922: change Leader from null to e5032fb1-f51e-4c37-8c06-7d41de8bf135 at term 1 for becomeLeader, leader elected after 5189ms
2019-09-23 16:09:37,732 [19fc0876-1805-41fe-b2ab-ad2bbc602717@group-8C3629710B51:LeaderElection4] INFO  server.RaftServerConfigKeys (ConfUtils.java:logGet(43)) - raft.server.staging.catchup.gap = 1000 (default)
2019-09-23 16:09:37,734 [e5032fb1-f51e-4c37-8c06-7d41de8bf135@group-2631CC57C922:LeaderElection3] INFO  server.RaftServerConfigKeys (ConfUtils.java:logGet(43)) - raft.server.staging.catchup.gap = 1000 (default)
2019-09-23 16:09:37,734 [19fc0876-1805-41fe-b2ab-ad2bbc602717@group-8C3629710B51:LeaderElection4] INFO  server.RaftServerConfigKeys (ConfUtils.java:logGet(43)) - raft.server.rpc.sleep.time = 25ms (default)
2019-09-23 16:09:37,734 [e5032fb1-f51e-4c37-8c06-7d41de8bf135@group-2631CC57C922:LeaderElection3] INFO  server.RaftServerConfigKeys (ConfUtils.java:logGet(43)) - raft.server.rpc.sleep.time = 25ms (default)
2019-09-23 16:09:37,734 [19fc0876-1805-41fe-b2ab-ad2bbc602717@group-8C3629710B51:LeaderElection4] INFO  server.RaftServerConfigKeys (ConfUtils.java:logGet(43)) - raft.server.write.element-limit = 4096 (default)
2019-09-23 16:09:37,734 [19fc0876-1805-41fe-b2ab-ad2bbc602717@group-8C3629710B51:LeaderElection4] INFO  server.RaftServerConfigKeys (ConfUtils.java:logGet(43)) - raft.server.watch.timeout = 10s (default)
2019-09-23 16:09:37,734 [e5032fb1-f51e-4c37-8c06-7d41de8bf135@group-2631CC57C922:LeaderElection3] INFO  server.RaftServerConfigKeys (ConfUtils.java:logGet(43)) - raft.server.write.element-limit = 4096 (default)
2019-09-23 16:09:37,734 [19fc0876-1805-41fe-b2ab-ad2bbc602717@group-8C3629710B51:LeaderElection4] INFO  server.RaftServerConfigKeys (ConfUtils.java:logGet(43)) - raft.server.watch.timeout.denomination = 1s (default)
2019-09-23 16:09:37,735 [e5032fb1-f51e-4c37-8c06-7d41de8bf135@group-2631CC57C922:LeaderElection3] INFO  server.RaftServerConfigKeys (ConfUtils.java:logGet(43)) - raft.server.watch.timeout = 10s (default)
2019-09-23 16:09:37,735 [19fc0876-1805-41fe-b2ab-ad2bbc602717@group-8C3629710B51:LeaderElection4] INFO  server.RaftServerConfigKeys (ConfUtils.java:logGet(43)) - raft.server.watch.element-limit = 65536 (default)
2019-09-23 16:09:37,735 [e5032fb1-f51e-4c37-8c06-7d41de8bf135@group-2631CC57C922:LeaderElection3] INFO  server.RaftServerConfigKeys (ConfUtils.java:logGet(43)) - raft.server.watch.timeout.denomination = 1s (default)
2019-09-23 16:09:37,735 [e5032fb1-f51e-4c37-8c06-7d41de8bf135@group-2631CC57C922:LeaderElection3] INFO  server.RaftServerConfigKeys (ConfUtils.java:logGet(43)) - raft.server.watch.element-limit = 65536 (default)
2019-09-23 16:09:37,738 [19fc0876-1805-41fe-b2ab-ad2bbc602717@group-8C3629710B51:LeaderElection4] INFO  impl.RoleInfo (RoleInfo.java:updateAndGet(143)) - 19fc0876-1805-41fe-b2ab-ad2bbc602717: start LeaderState
2019-09-23 16:09:37,738 [19fc0876-1805-41fe-b2ab-ad2bbc602717@group-8C3629710B51:LeaderElection4] INFO  segmented.SegmentedRaftLogWorker (SegmentedRaftLogWorker.java:startLogSegment(380)) - 19fc0876-1805-41fe-b2ab-ad2bbc602717@group-8C3629710B51-SegmentedRaftLogWorker: Starting segment from index:0
2019-09-23 16:09:37,739 [e5032fb1-f51e-4c37-8c06-7d41de8bf135@group-2631CC57C922:LeaderElection3] INFO  impl.RoleInfo (RoleInfo.java:updateAndGet(143)) - e5032fb1-f51e-4c37-8c06-7d41de8bf135: start LeaderState
2019-09-23 16:09:37,739 [e5032fb1-f51e-4c37-8c06-7d41de8bf135@group-2631CC57C922:LeaderElection3] INFO  segmented.SegmentedRaftLogWorker (SegmentedRaftLogWorker.java:startLogSegment(380)) - e5032fb1-f51e-4c37-8c06-7d41de8bf135@group-2631CC57C922-SegmentedRaftLogWorker: Starting segment from index:0
2019-09-23 16:09:37,739 [19fc0876-1805-41fe-b2ab-ad2bbc602717@group-8C3629710B51:LeaderElection4] INFO  impl.RaftServerImpl (ServerState.java:setRaftConf(354)) - 19fc0876-1805-41fe-b2ab-ad2bbc602717@group-8C3629710B51: set configuration 0: [19fc0876-1805-41fe-b2ab-ad2bbc602717:192.168.34.17:42483], old=null at 0
2019-09-23 16:09:37,739 [e5032fb1-f51e-4c37-8c06-7d41de8bf135@group-2631CC57C922:LeaderElection3] INFO  impl.RaftServerImpl (ServerState.java:setRaftConf(354)) - e5032fb1-f51e-4c37-8c06-7d41de8bf135@group-2631CC57C922: set configuration 0: [e5032fb1-f51e-4c37-8c06-7d41de8bf135:192.168.34.17:45462], old=null at 0
2019-09-23 16:09:37,799 [19fc0876-1805-41fe-b2ab-ad2bbc602717@group-8C3629710B51-SegmentedRaftLogWorker] INFO  segmented.SegmentedRaftLogWorker (SegmentedRaftLogWorker.java:execute(569)) - 19fc0876-1805-41fe-b2ab-ad2bbc602717@group-8C3629710B51-SegmentedRaftLogWorker: created new log segment /workdir/hadoop-ozone/integration-test/target/test-dir/MiniOzoneClusterImpl-1c535e18-7116-4972-ae9f-a23b67b63868/datanode-2/data/ratis/86f72d35-03af-4e0a-8b7d-8c3629710b51/current/log_inprogress_0
2019-09-23 16:09:37,810 [e5032fb1-f51e-4c37-8c06-7d41de8bf135@group-2631CC57C922-SegmentedRaftLogWorker] INFO  segmented.SegmentedRaftLogWorker (SegmentedRaftLogWorker.java:execute(569)) - e5032fb1-f51e-4c37-8c06-7d41de8bf135@group-2631CC57C922-SegmentedRaftLogWorker: created new log segment /workdir/hadoop-ozone/integration-test/target/test-dir/MiniOzoneClusterImpl-1c535e18-7116-4972-ae9f-a23b67b63868/datanode-4/data/ratis/60b250ad-1172-4632-8271-2631cc57c922/current/log_inprogress_0
2019-09-23 16:09:37,892 [Thread-252] INFO  impl.FollowerState (FollowerState.java:run(106)) - 76beba98-382e-417c-a9a7-220e3ae0ea81:group-647B645D0BE9 changes to CANDIDATE, lastRpcTime:5146, electionTimeout:5145ms
2019-09-23 16:09:37,892 [Thread-252] INFO  impl.RoleInfo (RoleInfo.java:shutdownFollowerState(121)) - 76beba98-382e-417c-a9a7-220e3ae0ea81: shutdown FollowerState
2019-09-23 16:09:37,892 [Thread-252] INFO  impl.RaftServerImpl (RaftServerImpl.java:setRole(174)) - 76beba98-382e-417c-a9a7-220e3ae0ea81@group-647B645D0BE9: changes role from  FOLLOWER to CANDIDATE at term 0 for changeToCandidate
2019-09-23 16:09:37,892 [Thread-252] INFO  impl.RoleInfo (RoleInfo.java:updateAndGet(143)) - 76beba98-382e-417c-a9a7-220e3ae0ea81: start LeaderElection
2019-09-23 16:09:37,972 [Thread-255] INFO  impl.FollowerState (FollowerState.java:run(106)) - 140ce4e8-065f-48c8-9992-7144cce7209c:group-FA9371558857 changes to CANDIDATE, lastRpcTime:5154, electionTimeout:5154ms
2019-09-23 16:09:37,972 [Thread-255] INFO  impl.RoleInfo (RoleInfo.java:shutdownFollowerState(121)) - 140ce4e8-065f-48c8-9992-7144cce7209c: shutdown FollowerState
2019-09-23 16:09:37,972 [Thread-255] INFO  impl.RaftServerImpl (RaftServerImpl.java:setRole(174)) - 140ce4e8-065f-48c8-9992-7144cce7209c@group-FA9371558857: changes role from  FOLLOWER to CANDIDATE at term 0 for changeToCandidate
2019-09-23 16:09:37,973 [Thread-255] INFO  impl.RoleInfo (RoleInfo.java:updateAndGet(143)) - 140ce4e8-065f-48c8-9992-7144cce7209c: start LeaderElection
2019-09-23 16:09:38,060 [Thread-258] INFO  impl.FollowerState (FollowerState.java:run(106)) - 2a2bd97c-7293-4eed-89f0-2b4012f8d05e:group-E4E4AED3A03E changes to CANDIDATE, lastRpcTime:5170, electionTimeout:5170ms
2019-09-23 16:09:38,060 [Thread-258] INFO  impl.RoleInfo (RoleInfo.java:shutdownFollowerState(121)) - 2a2bd97c-7293-4eed-89f0-2b4012f8d05e: shutdown FollowerState
2019-09-23 16:09:38,060 [Thread-258] INFO  impl.RaftServerImpl (RaftServerImpl.java:setRole(174)) - 2a2bd97c-7293-4eed-89f0-2b4012f8d05e@group-E4E4AED3A03E: changes role from  FOLLOWER to CANDIDATE at term 0 for changeToCandidate
2019-09-23 16:09:38,061 [Thread-258] INFO  impl.RoleInfo (RoleInfo.java:updateAndGet(143)) - 2a2bd97c-7293-4eed-89f0-2b4012f8d05e: start LeaderElection
2019-09-23 16:09:38,061 [Thread-264] INFO  impl.FollowerState (FollowerState.java:run(106)) - e5032fb1-f51e-4c37-8c06-7d41de8bf135:group-93F8A86BA0CA changes to CANDIDATE, lastRpcTime:5076, electionTimeout:5076ms
2019-09-23 16:09:38,066 [Thread-264] INFO  impl.RoleInfo (RoleInfo.java:shutdownFollowerState(121)) - e5032fb1-f51e-4c37-8c06-7d41de8bf135: shutdown FollowerState
2019-09-23 16:09:38,066 [Thread-264] INFO  impl.RaftServerImpl (RaftServerImpl.java:setRole(174)) - e5032fb1-f51e-4c37-8c06-7d41de8bf135@group-93F8A86BA0CA: changes role from  FOLLOWER to CANDIDATE at term 0 for changeToCandidate
2019-09-23 16:09:38,066 [Thread-264] INFO  impl.RoleInfo (RoleInfo.java:updateAndGet(143)) - e5032fb1-f51e-4c37-8c06-7d41de8bf135: start LeaderElection
2019-09-23 16:09:38,071 [Thread-263] INFO  impl.FollowerState (FollowerState.java:run(106)) - 61544022-af25-4c48-b0da-1584d68884dd:group-93F8A86BA0CA changes to CANDIDATE, lastRpcTime:5086, electionTimeout:5085ms
2019-09-23 16:09:38,071 [Thread-263] INFO  impl.RoleInfo (RoleInfo.java:shutdownFollowerState(121)) - 61544022-af25-4c48-b0da-1584d68884dd: shutdown FollowerState
2019-09-23 16:09:38,071 [Thread-263] INFO  impl.RaftServerImpl (RaftServerImpl.java:setRole(174)) - 61544022-af25-4c48-b0da-1584d68884dd@group-93F8A86BA0CA: changes role from  FOLLOWER to CANDIDATE at term 0 for changeToCandidate
2019-09-23 16:09:38,071 [Thread-263] INFO  impl.RoleInfo (RoleInfo.java:updateAndGet(143)) - 61544022-af25-4c48-b0da-1584d68884dd: start LeaderElection
2019-09-23 16:09:38,087 [Thread-265] INFO  impl.FollowerState (FollowerState.java:run(106)) - 86cce676-657d-41cf-95d5-6ffcf809eef9:group-93F8A86BA0CA changes to CANDIDATE, lastRpcTime:5102, electionTimeout:5102ms
2019-09-23 16:09:38,088 [Thread-265] INFO  impl.RoleInfo (RoleInfo.java:shutdownFollowerState(121)) - 86cce676-657d-41cf-95d5-6ffcf809eef9: shutdown FollowerState
2019-09-23 16:09:38,088 [Thread-265] INFO  impl.RaftServerImpl (RaftServerImpl.java:setRole(174)) - 86cce676-657d-41cf-95d5-6ffcf809eef9@group-93F8A86BA0CA: changes role from  FOLLOWER to CANDIDATE at term 0 for changeToCandidate
2019-09-23 16:09:38,088 [Thread-265] INFO  impl.RoleInfo (RoleInfo.java:updateAndGet(143)) - 86cce676-657d-41cf-95d5-6ffcf809eef9: start LeaderElection
2019-09-23 16:09:38,141 [Thread-274] INFO  impl.FollowerState (FollowerState.java:run(106)) - 76beba98-382e-417c-a9a7-220e3ae0ea81:group-D8C5EAE0FEDC changes to CANDIDATE, lastRpcTime:5067, electionTimeout:5067ms
2019-09-23 16:09:38,141 [Thread-274] INFO  impl.RoleInfo (RoleInfo.java:shutdownFollowerState(121)) - 76beba98-382e-417c-a9a7-220e3ae0ea81: shutdown FollowerState
2019-09-23 16:09:38,141 [Thread-274] INFO  impl.RaftServerImpl (RaftServerImpl.java:setRole(174)) - 76beba98-382e-417c-a9a7-220e3ae0ea81@group-D8C5EAE0FEDC: changes role from  FOLLOWER to CANDIDATE at term 0 for changeToCandidate
2019-09-23 16:09:38,142 [Thread-274] INFO  impl.RoleInfo (RoleInfo.java:updateAndGet(143)) - 76beba98-382e-417c-a9a7-220e3ae0ea81: start LeaderElection
2019-09-23 16:09:38,245 [Thread-272] INFO  impl.FollowerState (FollowerState.java:run(106)) - 140ce4e8-065f-48c8-9992-7144cce7209c:group-D8C5EAE0FEDC changes to CANDIDATE, lastRpcTime:5172, electionTimeout:5172ms
2019-09-23 16:09:38,245 [Thread-272] INFO  impl.RoleInfo (RoleInfo.java:shutdownFollowerState(121)) - 140ce4e8-065f-48c8-9992-7144cce7209c: shutdown FollowerState
2019-09-23 16:09:38,245 [Thread-272] INFO  impl.RaftServerImpl (RaftServerImpl.java:setRole(174)) - 140ce4e8-065f-48c8-9992-7144cce7209c@group-D8C5EAE0FEDC: changes role from  FOLLOWER to CANDIDATE at term 0 for changeToCandidate
2019-09-23 16:09:38,246 [Thread-272] INFO  impl.RoleInfo (RoleInfo.java:updateAndGet(143)) - 140ce4e8-065f-48c8-9992-7144cce7209c: start LeaderElection
2019-09-23 16:09:38,254 [Thread-273] INFO  impl.FollowerState (FollowerState.java:run(106)) - 19fc0876-1805-41fe-b2ab-ad2bbc602717:group-D8C5EAE0FEDC changes to CANDIDATE, lastRpcTime:5181, electionTimeout:5181ms
2019-09-23 16:09:38,254 [Thread-273] INFO  impl.RoleInfo (RoleInfo.java:shutdownFollowerState(121)) - 19fc0876-1805-41fe-b2ab-ad2bbc602717: shutdown FollowerState
2019-09-23 16:09:38,254 [Thread-273] INFO  impl.RaftServerImpl (RaftServerImpl.java:setRole(174)) - 19fc0876-1805-41fe-b2ab-ad2bbc602717@group-D8C5EAE0FEDC: changes role from  FOLLOWER to CANDIDATE at term 0 for changeToCandidate
2019-09-23 16:09:38,255 [Thread-273] INFO  impl.RoleInfo (RoleInfo.java:updateAndGet(143)) - 19fc0876-1805-41fe-b2ab-ad2bbc602717: start LeaderElection
2019-09-23 16:09:39,634 [140ce4e8-065f-48c8-9992-7144cce7209c@group-D8C5EAE0FEDC:LeaderElection12] INFO  impl.LeaderElection (LeaderElection.java:askForVotes(182)) - 140ce4e8-065f-48c8-9992-7144cce7209c@group-D8C5EAE0FEDC:LeaderElection12: begin an election at term 1 for -1: [140ce4e8-065f-48c8-9992-7144cce7209c:192.168.34.17:33128, 19fc0876-1805-41fe-b2ab-ad2bbc602717:192.168.34.17:42483, 76beba98-382e-417c-a9a7-220e3ae0ea81:192.168.34.17:35133], old=null
2019-09-23 16:09:39,634 [86cce676-657d-41cf-95d5-6ffcf809eef9@group-93F8A86BA0CA:LeaderElection10] INFO  impl.LeaderElection (LeaderElection.java:askForVotes(182)) - 86cce676-657d-41cf-95d5-6ffcf809eef9@group-93F8A86BA0CA:LeaderElection10: begin an election at term 1 for -1: [86cce676-657d-41cf-95d5-6ffcf809eef9:192.168.34.17:44082, e5032fb1-f51e-4c37-8c06-7d41de8bf135:192.168.34.17:45462, 61544022-af25-4c48-b0da-1584d68884dd:192.168.34.17:44191], old=null
2019-09-23 16:09:39,634 [e5032fb1-f51e-4c37-8c06-7d41de8bf135@group-93F8A86BA0CA:LeaderElection8] INFO  impl.LeaderElection (LeaderElection.java:askForVotes(182)) - e5032fb1-f51e-4c37-8c06-7d41de8bf135@group-93F8A86BA0CA:LeaderElection8: begin an election at term 1 for -1: [86cce676-657d-41cf-95d5-6ffcf809eef9:192.168.34.17:44082, e5032fb1-f51e-4c37-8c06-7d41de8bf135:192.168.34.17:45462, 61544022-af25-4c48-b0da-1584d68884dd:192.168.34.17:44191], old=null
2019-09-23 16:09:39,634 [140ce4e8-065f-48c8-9992-7144cce7209c@group-FA9371558857:LeaderElection6] INFO  impl.LeaderElection (LeaderElection.java:askForVotes(182)) - 140ce4e8-065f-48c8-9992-7144cce7209c@group-FA9371558857:LeaderElection6: begin an election at term 1 for -1: [140ce4e8-065f-48c8-9992-7144cce7209c:192.168.34.17:33128], old=null
2019-09-23 16:09:39,634 [76beba98-382e-417c-a9a7-220e3ae0ea81@group-647B645D0BE9:LeaderElection5] INFO  impl.LeaderElection (LeaderElection.java:askForVotes(182)) - 76beba98-382e-417c-a9a7-220e3ae0ea81@group-647B645D0BE9:LeaderElection5: begin an election at term 1 for -1: [76beba98-382e-417c-a9a7-220e3ae0ea81:192.168.34.17:35133], old=null
2019-09-23 16:09:39,634 [19fc0876-1805-41fe-b2ab-ad2bbc602717@group-D8C5EAE0FEDC:LeaderElection13] INFO  impl.LeaderElection (LeaderElection.java:askForVotes(182)) - 19fc0876-1805-41fe-b2ab-ad2bbc602717@group-D8C5EAE0FEDC:LeaderElection13: begin an election at term 1 for -1: [140ce4e8-065f-48c8-9992-7144cce7209c:192.168.34.17:33128, 19fc0876-1805-41fe-b2ab-ad2bbc602717:192.168.34.17:42483, 76beba98-382e-417c-a9a7-220e3ae0ea81:192.168.34.17:35133], old=null
2019-09-23 16:09:39,634 [76beba98-382e-417c-a9a7-220e3ae0ea81@group-D8C5EAE0FEDC:LeaderElection11] INFO  impl.LeaderElection (LeaderElection.java:askForVotes(182)) - 76beba98-382e-417c-a9a7-220e3ae0ea81@group-D8C5EAE0FEDC:LeaderElection11: begin an election at term 1 for -1: [140ce4e8-065f-48c8-9992-7144cce7209c:192.168.34.17:33128, 19fc0876-1805-41fe-b2ab-ad2bbc602717:192.168.34.17:42483, 76beba98-382e-417c-a9a7-220e3ae0ea81:192.168.34.17:35133], old=null
2019-09-23 16:09:39,634 [2a2bd97c-7293-4eed-89f0-2b4012f8d05e@group-E4E4AED3A03E:LeaderElection7] INFO  impl.LeaderElection (LeaderElection.java:askForVotes(182)) - 2a2bd97c-7293-4eed-89f0-2b4012f8d05e@group-E4E4AED3A03E:LeaderElection7: begin an election at term 1 for -1: [2a2bd97c-7293-4eed-89f0-2b4012f8d05e:192.168.34.17:45567], old=null
2019-09-23 16:09:39,634 [61544022-af25-4c48-b0da-1584d68884dd@group-93F8A86BA0CA:LeaderElection9] INFO  impl.LeaderElection (LeaderElection.java:askForVotes(182)) - 61544022-af25-4c48-b0da-1584d68884dd@group-93F8A86BA0CA:LeaderElection9: begin an election at term 1 for -1: [86cce676-657d-41cf-95d5-6ffcf809eef9:192.168.34.17:44082, e5032fb1-f51e-4c37-8c06-7d41de8bf135:192.168.34.17:45462, 61544022-af25-4c48-b0da-1584d68884dd:192.168.34.17:44191], old=null
2019-09-23 16:09:39,635 [2a2bd97c-7293-4eed-89f0-2b4012f8d05e@group-E4E4AED3A03E:LeaderElection7] INFO  impl.RoleInfo (RoleInfo.java:shutdownLeaderElection(134)) - 2a2bd97c-7293-4eed-89f0-2b4012f8d05e: shutdown LeaderElection
2019-09-23 16:09:39,635 [76beba98-382e-417c-a9a7-220e3ae0ea81@group-647B645D0BE9:LeaderElection5] INFO  impl.RoleInfo (RoleInfo.java:shutdownLeaderElection(134)) - 76beba98-382e-417c-a9a7-220e3ae0ea81: shutdown LeaderElection
2019-09-23 16:09:39,635 [140ce4e8-065f-48c8-9992-7144cce7209c@group-FA9371558857:LeaderElection6] INFO  impl.RoleInfo (RoleInfo.java:shutdownLeaderElection(134)) - 140ce4e8-065f-48c8-9992-7144cce7209c: shutdown LeaderElection
2019-09-23 16:09:39,636 [76beba98-382e-417c-a9a7-220e3ae0ea81@group-647B645D0BE9:LeaderElection5] INFO  impl.RaftServerImpl (RaftServerImpl.java:setRole(174)) - 76beba98-382e-417c-a9a7-220e3ae0ea81@group-647B645D0BE9: changes role from CANDIDATE to LEADER at term 1 for changeToLeader
2019-09-23 16:09:39,636 [2a2bd97c-7293-4eed-89f0-2b4012f8d05e@group-E4E4AED3A03E:LeaderElection7] INFO  impl.RaftServerImpl (RaftServerImpl.java:setRole(174)) - 2a2bd97c-7293-4eed-89f0-2b4012f8d05e@group-E4E4AED3A03E: changes role from CANDIDATE to LEADER at term 1 for changeToLeader
2019-09-23 16:09:39,636 [76beba98-382e-417c-a9a7-220e3ae0ea81@group-647B645D0BE9:LeaderElection5] INFO  impl.RaftServerImpl (ServerState.java:setLeader(253)) - 76beba98-382e-417c-a9a7-220e3ae0ea81@group-647B645D0BE9: change Leader from null to 76beba98-382e-417c-a9a7-220e3ae0ea81 at term 1 for becomeLeader, leader elected after 6900ms
2019-09-23 16:09:39,636 [140ce4e8-065f-48c8-9992-7144cce7209c@group-FA9371558857:LeaderElection6] INFO  impl.RaftServerImpl (RaftServerImpl.java:setRole(174)) - 140ce4e8-065f-48c8-9992-7144cce7209c@group-FA9371558857: changes role from CANDIDATE to LEADER at term 1 for changeToLeader
2019-09-23 16:09:39,639 [76beba98-382e-417c-a9a7-220e3ae0ea81@group-647B645D0BE9:LeaderElection5] INFO  server.RaftServerConfigKeys (ConfUtils.java:logGet(43)) - raft.server.staging.catchup.gap = 1000 (default)
2019-09-23 16:09:39,636 [2a2bd97c-7293-4eed-89f0-2b4012f8d05e@group-E4E4AED3A03E:LeaderElection7] INFO  impl.RaftServerImpl (ServerState.java:setLeader(253)) - 2a2bd97c-7293-4eed-89f0-2b4012f8d05e@group-E4E4AED3A03E: change Leader from null to 2a2bd97c-7293-4eed-89f0-2b4012f8d05e at term 1 for becomeLeader, leader elected after 6756ms
2019-09-23 16:09:39,639 [76beba98-382e-417c-a9a7-220e3ae0ea81@group-647B645D0BE9:LeaderElection5] INFO  server.RaftServerConfigKeys (ConfUtils.java:logGet(43)) - raft.server.rpc.sleep.time = 25ms (default)
2019-09-23 16:09:39,639 [140ce4e8-065f-48c8-9992-7144cce7209c@group-FA9371558857:LeaderElection6] INFO  impl.RaftServerImpl (ServerState.java:setLeader(253)) - 140ce4e8-065f-48c8-9992-7144cce7209c@group-FA9371558857: change Leader from null to 140ce4e8-065f-48c8-9992-7144cce7209c at term 1 for becomeLeader, leader elected after 6830ms
2019-09-23 16:09:39,641 [76beba98-382e-417c-a9a7-220e3ae0ea81@group-647B645D0BE9:LeaderElection5] INFO  server.RaftServerConfigKeys (ConfUtils.java:logGet(43)) - raft.server.write.element-limit = 4096 (default)
2019-09-23 16:09:39,641 [2a2bd97c-7293-4eed-89f0-2b4012f8d05e@group-E4E4AED3A03E:LeaderElection7] INFO  server.RaftServerConfigKeys (ConfUtils.java:logGet(43)) - raft.server.staging.catchup.gap = 1000 (default)
2019-09-23 16:09:39,653 [76beba98-382e-417c-a9a7-220e3ae0ea81@group-647B645D0BE9:LeaderElection5] INFO  server.RaftServerConfigKeys (ConfUtils.java:logGet(43)) - raft.server.watch.timeout = 10s (default)
2019-09-23 16:09:39,652 [140ce4e8-065f-48c8-9992-7144cce7209c@group-FA9371558857:LeaderElection6] INFO  server.RaftServerConfigKeys (ConfUtils.java:logGet(43)) - raft.server.staging.catchup.gap = 1000 (default)
2019-09-23 16:09:39,653 [76beba98-382e-417c-a9a7-220e3ae0ea81@group-647B645D0BE9:LeaderElection5] INFO  server.RaftServerConfigKeys (ConfUtils.java:logGet(43)) - raft.server.watch.timeout.denomination = 1s (default)
2019-09-23 16:09:39,653 [2a2bd97c-7293-4eed-89f0-2b4012f8d05e@group-E4E4AED3A03E:LeaderElection7] INFO  server.RaftServerConfigKeys (ConfUtils.java:logGet(43)) - raft.server.rpc.sleep.time = 25ms (default)
2019-09-23 16:09:39,653 [76beba98-382e-417c-a9a7-220e3ae0ea81@group-647B645D0BE9:LeaderElection5] INFO  server.RaftServerConfigKeys (ConfUtils.java:logGet(43)) - raft.server.watch.element-limit = 65536 (default)
2019-09-23 16:09:39,653 [140ce4e8-065f-48c8-9992-7144cce7209c@group-FA9371558857:LeaderElection6] INFO  server.RaftServerConfigKeys (ConfUtils.java:logGet(43)) - raft.server.rpc.sleep.time = 25ms (default)
2019-09-23 16:09:39,653 [2a2bd97c-7293-4eed-89f0-2b4012f8d05e@group-E4E4AED3A03E:LeaderElection7] INFO  server.RaftServerConfigKeys (ConfUtils.java:logGet(43)) - raft.server.write.element-limit = 4096 (default)
2019-09-23 16:09:39,654 [140ce4e8-065f-48c8-9992-7144cce7209c@group-FA9371558857:LeaderElection6] INFO  server.RaftServerConfigKeys (ConfUtils.java:logGet(43)) - raft.server.write.element-limit = 4096 (default)
2019-09-23 16:09:39,654 [2a2bd97c-7293-4eed-89f0-2b4012f8d05e@group-E4E4AED3A03E:LeaderElection7] INFO  server.RaftServerConfigKeys (ConfUtils.java:logGet(43)) - raft.server.watch.timeout = 10s (default)
2019-09-23 16:09:39,654 [140ce4e8-065f-48c8-9992-7144cce7209c@group-FA9371558857:LeaderElection6] INFO  server.RaftServerConfigKeys (ConfUtils.java:logGet(43)) - raft.server.watch.timeout = 10s (default)
2019-09-23 16:09:39,654 [2a2bd97c-7293-4eed-89f0-2b4012f8d05e@group-E4E4AED3A03E:LeaderElection7] INFO  server.RaftServerConfigKeys (ConfUtils.java:logGet(43)) - raft.server.watch.timeout.denomination = 1s (default)
2019-09-23 16:09:39,655 [140ce4e8-065f-48c8-9992-7144cce7209c@group-FA9371558857:LeaderElection6] INFO  server.RaftServerConfigKeys (ConfUtils.java:logGet(43)) - raft.server.watch.timeout.denomination = 1s (default)
2019-09-23 16:09:39,655 [2a2bd97c-7293-4eed-89f0-2b4012f8d05e@group-E4E4AED3A03E:LeaderElection7] INFO  server.RaftServerConfigKeys (ConfUtils.java:logGet(43)) - raft.server.watch.element-limit = 65536 (default)
2019-09-23 16:09:39,655 [140ce4e8-065f-48c8-9992-7144cce7209c@group-FA9371558857:LeaderElection6] INFO  server.RaftServerConfigKeys (ConfUtils.java:logGet(43)) - raft.server.watch.element-limit = 65536 (default)
2019-09-23 16:09:39,681 [2a2bd97c-7293-4eed-89f0-2b4012f8d05e@group-E4E4AED3A03E:LeaderElection7] INFO  impl.RoleInfo (RoleInfo.java:updateAndGet(143)) - 2a2bd97c-7293-4eed-89f0-2b4012f8d05e: start LeaderState
2019-09-23 16:09:39,681 [140ce4e8-065f-48c8-9992-7144cce7209c@group-FA9371558857:LeaderElection6] INFO  impl.RoleInfo (RoleInfo.java:updateAndGet(143)) - 140ce4e8-065f-48c8-9992-7144cce7209c: start LeaderState
2019-09-23 16:09:39,683 [76beba98-382e-417c-a9a7-220e3ae0ea81@group-647B645D0BE9:LeaderElection5] INFO  impl.RoleInfo (RoleInfo.java:updateAndGet(143)) - 76beba98-382e-417c-a9a7-220e3ae0ea81: start LeaderState
2019-09-23 16:09:39,683 [2a2bd97c-7293-4eed-89f0-2b4012f8d05e@group-E4E4AED3A03E:LeaderElection7] INFO  segmented.SegmentedRaftLogWorker (SegmentedRaftLogWorker.java:startLogSegment(380)) - 2a2bd97c-7293-4eed-89f0-2b4012f8d05e@group-E4E4AED3A03E-SegmentedRaftLogWorker: Starting segment from index:0
2019-09-23 16:09:39,683 [140ce4e8-065f-48c8-9992-7144cce7209c@group-FA9371558857:LeaderElection6] INFO  segmented.SegmentedRaftLogWorker (SegmentedRaftLogWorker.java:startLogSegment(380)) - 140ce4e8-065f-48c8-9992-7144cce7209c@group-FA9371558857-SegmentedRaftLogWorker: Starting segment from index:0
2019-09-23 16:09:39,684 [76beba98-382e-417c-a9a7-220e3ae0ea81@group-647B645D0BE9:LeaderElection5] INFO  segmented.SegmentedRaftLogWorker (SegmentedRaftLogWorker.java:startLogSegment(380)) - 76beba98-382e-417c-a9a7-220e3ae0ea81@group-647B645D0BE9-SegmentedRaftLogWorker: Starting segment from index:0
2019-09-23 16:09:39,684 [2a2bd97c-7293-4eed-89f0-2b4012f8d05e@group-E4E4AED3A03E:LeaderElection7] INFO  impl.RaftServerImpl (ServerState.java:setRaftConf(354)) - 2a2bd97c-7293-4eed-89f0-2b4012f8d05e@group-E4E4AED3A03E: set configuration 0: [2a2bd97c-7293-4eed-89f0-2b4012f8d05e:192.168.34.17:45567], old=null at 0
2019-09-23 16:09:39,684 [140ce4e8-065f-48c8-9992-7144cce7209c@group-FA9371558857:LeaderElection6] INFO  impl.RaftServerImpl (ServerState.java:setRaftConf(354)) - 140ce4e8-065f-48c8-9992-7144cce7209c@group-FA9371558857: set configuration 0: [140ce4e8-065f-48c8-9992-7144cce7209c:192.168.34.17:33128], old=null at 0
2019-09-23 16:09:39,685 [76beba98-382e-417c-a9a7-220e3ae0ea81@group-647B645D0BE9:LeaderElection5] INFO  impl.RaftServerImpl (ServerState.java:setRaftConf(354)) - 76beba98-382e-417c-a9a7-220e3ae0ea81@group-647B645D0BE9: set configuration 0: [76beba98-382e-417c-a9a7-220e3ae0ea81:192.168.34.17:35133], old=null at 0
2019-09-23 16:09:39,768 [e5032fb1-f51e-4c37-8c06-7d41de8bf135@group-93F8A86BA0CA:LeaderElection8] INFO  impl.LeaderElection (LeaderElection.java:logAndReturn(56)) - e5032fb1-f51e-4c37-8c06-7d41de8bf135@group-93F8A86BA0CA:LeaderElection8: Election REJECTED; received 2 response(s) [e5032fb1-f51e-4c37-8c06-7d41de8bf135<-86cce676-657d-41cf-95d5-6ffcf809eef9#0:FAIL-t1, e5032fb1-f51e-4c37-8c06-7d41de8bf135<-61544022-af25-4c48-b0da-1584d68884dd#0:FAIL-t1] and 0 exception(s); e5032fb1-f51e-4c37-8c06-7d41de8bf135@group-93F8A86BA0CA:t1, leader=null, voted=e5032fb1-f51e-4c37-8c06-7d41de8bf135, raftlog=e5032fb1-f51e-4c37-8c06-7d41de8bf135@group-93F8A86BA0CA-SegmentedRaftLog:OPENED:c-1,f-1,i0, conf=-1: [86cce676-657d-41cf-95d5-6ffcf809eef9:192.168.34.17:44082, e5032fb1-f51e-4c37-8c06-7d41de8bf135:192.168.34.17:45462, 61544022-af25-4c48-b0da-1584d68884dd:192.168.34.17:44191], old=null
2019-09-23 16:09:39,768 [19fc0876-1805-41fe-b2ab-ad2bbc602717@group-D8C5EAE0FEDC:LeaderElection13] INFO  impl.LeaderElection (LeaderElection.java:logAndReturn(56)) - 19fc0876-1805-41fe-b2ab-ad2bbc602717@group-D8C5EAE0FEDC:LeaderElection13: Election REJECTED; received 2 response(s) [19fc0876-1805-41fe-b2ab-ad2bbc602717<-140ce4e8-065f-48c8-9992-7144cce7209c#0:FAIL-t1, 19fc0876-1805-41fe-b2ab-ad2bbc602717<-76beba98-382e-417c-a9a7-220e3ae0ea81#0:FAIL-t1] and 0 exception(s); 19fc0876-1805-41fe-b2ab-ad2bbc602717@group-D8C5EAE0FEDC:t1, leader=null, voted=19fc0876-1805-41fe-b2ab-ad2bbc602717, raftlog=19fc0876-1805-41fe-b2ab-ad2bbc602717@group-D8C5EAE0FEDC-SegmentedRaftLog:OPENED:c-1,f-1,i0, conf=-1: [140ce4e8-065f-48c8-9992-7144cce7209c:192.168.34.17:33128, 19fc0876-1805-41fe-b2ab-ad2bbc602717:192.168.34.17:42483, 76beba98-382e-417c-a9a7-220e3ae0ea81:192.168.34.17:35133], old=null
2019-09-23 16:09:39,768 [86cce676-657d-41cf-95d5-6ffcf809eef9@group-93F8A86BA0CA:LeaderElection10] INFO  impl.LeaderElection (LeaderElection.java:logAndReturn(56)) - 86cce676-657d-41cf-95d5-6ffcf809eef9@group-93F8A86BA0CA:LeaderElection10: Election REJECTED; received 2 response(s) [86cce676-657d-41cf-95d5-6ffcf809eef9<-e5032fb1-f51e-4c37-8c06-7d41de8bf135#0:FAIL-t1, 86cce676-657d-41cf-95d5-6ffcf809eef9<-61544022-af25-4c48-b0da-1584d68884dd#0:FAIL-t1] and 0 exception(s); 86cce676-657d-41cf-95d5-6ffcf809eef9@group-93F8A86BA0CA:t1, leader=null, voted=86cce676-657d-41cf-95d5-6ffcf809eef9, raftlog=86cce676-657d-41cf-95d5-6ffcf809eef9@group-93F8A86BA0CA-SegmentedRaftLog:OPENED:c-1,f-1,i0, conf=-1: [86cce676-657d-41cf-95d5-6ffcf809eef9:192.168.34.17:44082, e5032fb1-f51e-4c37-8c06-7d41de8bf135:192.168.34.17:45462, 61544022-af25-4c48-b0da-1584d68884dd:192.168.34.17:44191], old=null
2019-09-23 16:09:39,768 [140ce4e8-065f-48c8-9992-7144cce7209c@group-D8C5EAE0FEDC:LeaderElection12] INFO  impl.LeaderElection (LeaderElection.java:logAndReturn(56)) - 140ce4e8-065f-48c8-9992-7144cce7209c@group-D8C5EAE0FEDC:LeaderElection12: Election REJECTED; received 2 response(s) [140ce4e8-065f-48c8-9992-7144cce7209c<-19fc0876-1805-41fe-b2ab-ad2bbc602717#0:FAIL-t1, 140ce4e8-065f-48c8-9992-7144cce7209c<-76beba98-382e-417c-a9a7-220e3ae0ea81#0:FAIL-t1] and 0 exception(s); 140ce4e8-065f-48c8-9992-7144cce7209c@group-D8C5EAE0FEDC:t1, leader=null, voted=140ce4e8-065f-48c8-9992-7144cce7209c, raftlog=140ce4e8-065f-48c8-9992-7144cce7209c@group-D8C5EAE0FEDC-SegmentedRaftLog:OPENED:c-1,f-1,i0, conf=-1: [140ce4e8-065f-48c8-9992-7144cce7209c:192.168.34.17:33128, 19fc0876-1805-41fe-b2ab-ad2bbc602717:192.168.34.17:42483, 76beba98-382e-417c-a9a7-220e3ae0ea81:192.168.34.17:35133], old=null
2019-09-23 16:09:39,776 [19fc0876-1805-41fe-b2ab-ad2bbc602717@group-D8C5EAE0FEDC:LeaderElection13] INFO  impl.RaftServerImpl (RaftServerImpl.java:setRole(174)) - 19fc0876-1805-41fe-b2ab-ad2bbc602717@group-D8C5EAE0FEDC: changes role from CANDIDATE to FOLLOWER at term 1 for DISCOVERED_A_NEW_TERM
2019-09-23 16:09:39,776 [86cce676-657d-41cf-95d5-6ffcf809eef9@group-93F8A86BA0CA:LeaderElection10] INFO  impl.RaftServerImpl (RaftServerImpl.java:setRole(174)) - 86cce676-657d-41cf-95d5-6ffcf809eef9@group-93F8A86BA0CA: changes role from CANDIDATE to FOLLOWER at term 1 for DISCOVERED_A_NEW_TERM
2019-09-23 16:09:39,776 [e5032fb1-f51e-4c37-8c06-7d41de8bf135@group-93F8A86BA0CA:LeaderElection8] INFO  impl.RaftServerImpl (RaftServerImpl.java:setRole(174)) - e5032fb1-f51e-4c37-8c06-7d41de8bf135@group-93F8A86BA0CA: changes role from CANDIDATE to FOLLOWER at term 1 for DISCOVERED_A_NEW_TERM
2019-09-23 16:09:39,787 [86cce676-657d-41cf-95d5-6ffcf809eef9@group-93F8A86BA0CA:LeaderElection10] INFO  impl.RoleInfo (RoleInfo.java:shutdownLeaderElection(134)) - 86cce676-657d-41cf-95d5-6ffcf809eef9: shutdown LeaderElection
2019-09-23 16:09:39,780 [140ce4e8-065f-48c8-9992-7144cce7209c@group-D8C5EAE0FEDC:LeaderElection12] INFO  impl.RaftServerImpl (RaftServerImpl.java:setRole(174)) - 140ce4e8-065f-48c8-9992-7144cce7209c@group-D8C5EAE0FEDC: changes role from CANDIDATE to FOLLOWER at term 1 for DISCOVERED_A_NEW_TERM
2019-09-23 16:09:39,780 [19fc0876-1805-41fe-b2ab-ad2bbc602717@group-D8C5EAE0FEDC:LeaderElection13] INFO  impl.RoleInfo (RoleInfo.java:shutdownLeaderElection(134)) - 19fc0876-1805-41fe-b2ab-ad2bbc602717: shutdown LeaderElection
2019-09-23 16:09:39,788 [140ce4e8-065f-48c8-9992-7144cce7209c@group-D8C5EAE0FEDC:LeaderElection12] INFO  impl.RoleInfo (RoleInfo.java:shutdownLeaderElection(134)) - 140ce4e8-065f-48c8-9992-7144cce7209c: shutdown LeaderElection
2019-09-23 16:09:39,788 [86cce676-657d-41cf-95d5-6ffcf809eef9@group-93F8A86BA0CA:LeaderElection10] INFO  impl.RoleInfo (RoleInfo.java:updateAndGet(143)) - 86cce676-657d-41cf-95d5-6ffcf809eef9: start FollowerState
2019-09-23 16:09:39,788 [e5032fb1-f51e-4c37-8c06-7d41de8bf135@group-93F8A86BA0CA:LeaderElection8] INFO  impl.RoleInfo (RoleInfo.java:shutdownLeaderElection(134)) - e5032fb1-f51e-4c37-8c06-7d41de8bf135: shutdown LeaderElection
2019-09-23 16:09:39,788 [140ce4e8-065f-48c8-9992-7144cce7209c@group-D8C5EAE0FEDC:LeaderElection12] INFO  impl.RoleInfo (RoleInfo.java:updateAndGet(143)) - 140ce4e8-065f-48c8-9992-7144cce7209c: start FollowerState
2019-09-23 16:09:39,788 [19fc0876-1805-41fe-b2ab-ad2bbc602717@group-D8C5EAE0FEDC:LeaderElection13] INFO  impl.RoleInfo (RoleInfo.java:updateAndGet(143)) - 19fc0876-1805-41fe-b2ab-ad2bbc602717: start FollowerState
2019-09-23 16:09:39,788 [e5032fb1-f51e-4c37-8c06-7d41de8bf135@group-93F8A86BA0CA:LeaderElection8] INFO  impl.RoleInfo (RoleInfo.java:updateAndGet(143)) - e5032fb1-f51e-4c37-8c06-7d41de8bf135: start FollowerState
2019-09-23 16:09:39,789 [61544022-af25-4c48-b0da-1584d68884dd@group-93F8A86BA0CA:LeaderElection9] INFO  impl.LeaderElection (LeaderElection.java:logAndReturn(56)) - 61544022-af25-4c48-b0da-1584d68884dd@group-93F8A86BA0CA:LeaderElection9: Election REJECTED; received 2 response(s) [61544022-af25-4c48-b0da-1584d68884dd<-e5032fb1-f51e-4c37-8c06-7d41de8bf135#0:FAIL-t1, 61544022-af25-4c48-b0da-1584d68884dd<-86cce676-657d-41cf-95d5-6ffcf809eef9#0:FAIL-t1] and 0 exception(s); 61544022-af25-4c48-b0da-1584d68884dd@group-93F8A86BA0CA:t1, leader=null, voted=61544022-af25-4c48-b0da-1584d68884dd, raftlog=61544022-af25-4c48-b0da-1584d68884dd@group-93F8A86BA0CA-SegmentedRaftLog:OPENED:c-1,f-1,i0, conf=-1: [86cce676-657d-41cf-95d5-6ffcf809eef9:192.168.34.17:44082, e5032fb1-f51e-4c37-8c06-7d41de8bf135:192.168.34.17:45462, 61544022-af25-4c48-b0da-1584d68884dd:192.168.34.17:44191], old=null
2019-09-23 16:09:39,789 [61544022-af25-4c48-b0da-1584d68884dd@group-93F8A86BA0CA:LeaderElection9] INFO  impl.RaftServerImpl (RaftServerImpl.java:setRole(174)) - 61544022-af25-4c48-b0da-1584d68884dd@group-93F8A86BA0CA: changes role from CANDIDATE to FOLLOWER at term 1 for DISCOVERED_A_NEW_TERM
2019-09-23 16:09:39,789 [61544022-af25-4c48-b0da-1584d68884dd@group-93F8A86BA0CA:LeaderElection9] INFO  impl.RoleInfo (RoleInfo.java:shutdownLeaderElection(134)) - 61544022-af25-4c48-b0da-1584d68884dd: shutdown LeaderElection
2019-09-23 16:09:39,789 [61544022-af25-4c48-b0da-1584d68884dd@group-93F8A86BA0CA:LeaderElection9] INFO  impl.RoleInfo (RoleInfo.java:updateAndGet(143)) - 61544022-af25-4c48-b0da-1584d68884dd: start FollowerState
2019-09-23 16:09:39,790 [76beba98-382e-417c-a9a7-220e3ae0ea81@group-D8C5EAE0FEDC:LeaderElection11] INFO  impl.LeaderElection (LeaderElection.java:logAndReturn(56)) - 76beba98-382e-417c-a9a7-220e3ae0ea81@group-D8C5EAE0FEDC:LeaderElection11: Election REJECTED; received 2 response(s) [76beba98-382e-417c-a9a7-220e3ae0ea81<-140ce4e8-065f-48c8-9992-7144cce7209c#0:FAIL-t1, 76beba98-382e-417c-a9a7-220e3ae0ea81<-19fc0876-1805-41fe-b2ab-ad2bbc602717#0:FAIL-t1] and 0 exception(s); 76beba98-382e-417c-a9a7-220e3ae0ea81@group-D8C5EAE0FEDC:t1, leader=null, voted=76beba98-382e-417c-a9a7-220e3ae0ea81, raftlog=76beba98-382e-417c-a9a7-220e3ae0ea81@group-D8C5EAE0FEDC-SegmentedRaftLog:OPENED:c-1,f-1,i0, conf=-1: [140ce4e8-065f-48c8-9992-7144cce7209c:192.168.34.17:33128, 19fc0876-1805-41fe-b2ab-ad2bbc602717:192.168.34.17:42483, 76beba98-382e-417c-a9a7-220e3ae0ea81:192.168.34.17:35133], old=null
2019-09-23 16:09:39,792 [76beba98-382e-417c-a9a7-220e3ae0ea81@group-D8C5EAE0FEDC:LeaderElection11] INFO  impl.RaftServerImpl (RaftServerImpl.java:setRole(174)) - 76beba98-382e-417c-a9a7-220e3ae0ea81@group-D8C5EAE0FEDC: changes role from CANDIDATE to FOLLOWER at term 1 for DISCOVERED_A_NEW_TERM
2019-09-23 16:09:39,792 [76beba98-382e-417c-a9a7-220e3ae0ea81@group-D8C5EAE0FEDC:LeaderElection11] INFO  impl.RoleInfo (RoleInfo.java:shutdownLeaderElection(134)) - 76beba98-382e-417c-a9a7-220e3ae0ea81: shutdown LeaderElection
2019-09-23 16:09:39,792 [76beba98-382e-417c-a9a7-220e3ae0ea81@group-D8C5EAE0FEDC:LeaderElection11] INFO  impl.RoleInfo (RoleInfo.java:updateAndGet(143)) - 76beba98-382e-417c-a9a7-220e3ae0ea81: start FollowerState
2019-09-23 16:09:42,300 [76beba98-382e-417c-a9a7-220e3ae0ea81@group-647B645D0BE9-SegmentedRaftLogWorker] INFO  segmented.SegmentedRaftLogWorker (SegmentedRaftLogWorker.java:execute(569)) - 76beba98-382e-417c-a9a7-220e3ae0ea81@group-647B645D0BE9-SegmentedRaftLogWorker: created new log segment /workdir/hadoop-ozone/integration-test/target/test-dir/MiniOzoneClusterImpl-1c535e18-7116-4972-ae9f-a23b67b63868/datanode-1/data/ratis/21683722-6c8c-44cb-9eb7-647b645d0be9/current/log_inprogress_0
2019-09-23 16:09:42,300 [2a2bd97c-7293-4eed-89f0-2b4012f8d05e@group-E4E4AED3A03E-SegmentedRaftLogWorker] INFO  segmented.SegmentedRaftLogWorker (SegmentedRaftLogWorker.java:execute(569)) - 2a2bd97c-7293-4eed-89f0-2b4012f8d05e@group-E4E4AED3A03E-SegmentedRaftLogWorker: created new log segment /workdir/hadoop-ozone/integration-test/target/test-dir/MiniOzoneClusterImpl-1c535e18-7116-4972-ae9f-a23b67b63868/datanode-3/data/ratis/2f5fd87b-e405-4f41-852a-e4e4aed3a03e/current/log_inprogress_0
2019-09-23 16:09:42,300 [140ce4e8-065f-48c8-9992-7144cce7209c@group-FA9371558857-SegmentedRaftLogWorker] INFO  segmented.SegmentedRaftLogWorker (SegmentedRaftLogWorker.java:execute(569)) - 140ce4e8-065f-48c8-9992-7144cce7209c@group-FA9371558857-SegmentedRaftLogWorker: created new log segment /workdir/hadoop-ozone/integration-test/target/test-dir/MiniOzoneClusterImpl-1c535e18-7116-4972-ae9f-a23b67b63868/datanode-6/data/ratis/14230474-0fdc-4b33-85fe-fa9371558857/current/log_inprogress_0
2019-09-23 16:09:44,833 [Thread-329] INFO  impl.FollowerState (FollowerState.java:run(106)) - 140ce4e8-065f-48c8-9992-7144cce7209c:group-D8C5EAE0FEDC changes to CANDIDATE, lastRpcTime:5044, electionTimeout:5044ms
2019-09-23 16:09:44,833 [Thread-329] INFO  impl.RoleInfo (RoleInfo.java:shutdownFollowerState(121)) - 140ce4e8-065f-48c8-9992-7144cce7209c: shutdown FollowerState
2019-09-23 16:09:44,834 [Thread-329] INFO  impl.RaftServerImpl (RaftServerImpl.java:setRole(174)) - 140ce4e8-065f-48c8-9992-7144cce7209c@group-D8C5EAE0FEDC: changes role from  FOLLOWER to CANDIDATE at term 1 for changeToCandidate
2019-09-23 16:09:44,834 [Thread-329] INFO  impl.RoleInfo (RoleInfo.java:updateAndGet(143)) - 140ce4e8-065f-48c8-9992-7144cce7209c: start LeaderElection
2019-09-23 16:09:44,885 [Thread-331] INFO  impl.FollowerState (FollowerState.java:run(106)) - 61544022-af25-4c48-b0da-1584d68884dd:group-93F8A86BA0CA changes to CANDIDATE, lastRpcTime:5095, electionTimeout:5093ms
2019-09-23 16:09:44,885 [Thread-331] INFO  impl.RoleInfo (RoleInfo.java:shutdownFollowerState(121)) - 61544022-af25-4c48-b0da-1584d68884dd: shutdown FollowerState
2019-09-23 16:09:44,885 [Thread-331] INFO  impl.RaftServerImpl (RaftServerImpl.java:setRole(174)) - 61544022-af25-4c48-b0da-1584d68884dd@group-93F8A86BA0CA: changes role from  FOLLOWER to CANDIDATE at term 1 for changeToCandidate
2019-09-23 16:09:44,885 [Thread-331] INFO  impl.RoleInfo (RoleInfo.java:updateAndGet(143)) - 61544022-af25-4c48-b0da-1584d68884dd: start LeaderElection
2019-09-23 16:09:44,918 [Thread-332] INFO  impl.FollowerState (FollowerState.java:run(106)) - 76beba98-382e-417c-a9a7-220e3ae0ea81:group-D8C5EAE0FEDC changes to CANDIDATE, lastRpcTime:5126, electionTimeout:5126ms
2019-09-23 16:09:44,919 [Thread-330] INFO  impl.FollowerState (FollowerState.java:run(106)) - e5032fb1-f51e-4c37-8c06-7d41de8bf135:group-93F8A86BA0CA changes to CANDIDATE, lastRpcTime:5130, electionTimeout:5129ms
2019-09-23 16:09:44,919 [Thread-332] INFO  impl.RoleInfo (RoleInfo.java:shutdownFollowerState(121)) - 76beba98-382e-417c-a9a7-220e3ae0ea81: shutdown FollowerState
2019-09-23 16:09:44,919 [Thread-330] INFO  impl.RoleInfo (RoleInfo.java:shutdownFollowerState(121)) - e5032fb1-f51e-4c37-8c06-7d41de8bf135: shutdown FollowerState
2019-09-23 16:09:44,919 [Thread-332] INFO  impl.RaftServerImpl (RaftServerImpl.java:setRole(174)) - 76beba98-382e-417c-a9a7-220e3ae0ea81@group-D8C5EAE0FEDC: changes role from  FOLLOWER to CANDIDATE at term 1 for changeToCandidate
2019-09-23 16:09:44,919 [Thread-330] INFO  impl.RaftServerImpl (RaftServerImpl.java:setRole(174)) - e5032fb1-f51e-4c37-8c06-7d41de8bf135@group-93F8A86BA0CA: changes role from  FOLLOWER to CANDIDATE at term 1 for changeToCandidate
2019-09-23 16:09:44,919 [Thread-332] INFO  impl.RoleInfo (RoleInfo.java:updateAndGet(143)) - 76beba98-382e-417c-a9a7-220e3ae0ea81: start LeaderElection
2019-09-23 16:09:44,919 [Thread-330] INFO  impl.RoleInfo (RoleInfo.java:updateAndGet(143)) - e5032fb1-f51e-4c37-8c06-7d41de8bf135: start LeaderElection
2019-09-23 16:09:44,942 [Thread-328] INFO  impl.FollowerState (FollowerState.java:run(106)) - 19fc0876-1805-41fe-b2ab-ad2bbc602717:group-D8C5EAE0FEDC changes to CANDIDATE, lastRpcTime:5153, electionTimeout:5152ms
2019-09-23 16:09:44,942 [Thread-328] INFO  impl.RoleInfo (RoleInfo.java:shutdownFollowerState(121)) - 19fc0876-1805-41fe-b2ab-ad2bbc602717: shutdown FollowerState
2019-09-23 16:09:44,942 [Thread-328] INFO  impl.RaftServerImpl (RaftServerImpl.java:setRole(174)) - 19fc0876-1805-41fe-b2ab-ad2bbc602717@group-D8C5EAE0FEDC: changes role from  FOLLOWER to CANDIDATE at term 1 for changeToCandidate
2019-09-23 16:09:44,942 [Thread-328] INFO  impl.RoleInfo (RoleInfo.java:updateAndGet(143)) - 19fc0876-1805-41fe-b2ab-ad2bbc602717: start LeaderElection
2019-09-23 16:09:44,946 [Thread-327] INFO  impl.FollowerState (FollowerState.java:run(106)) - 86cce676-657d-41cf-95d5-6ffcf809eef9:group-93F8A86BA0CA changes to CANDIDATE, lastRpcTime:5157, electionTimeout:5157ms
2019-09-23 16:09:44,946 [Thread-327] INFO  impl.RoleInfo (RoleInfo.java:shutdownFollowerState(121)) - 86cce676-657d-41cf-95d5-6ffcf809eef9: shutdown FollowerState
2019-09-23 16:09:44,946 [Thread-327] INFO  impl.RaftServerImpl (RaftServerImpl.java:setRole(174)) - 86cce676-657d-41cf-95d5-6ffcf809eef9@group-93F8A86BA0CA: changes role from  FOLLOWER to CANDIDATE at term 1 for changeToCandidate
2019-09-23 16:09:44,946 [Thread-327] INFO  impl.RoleInfo (RoleInfo.java:updateAndGet(143)) - 86cce676-657d-41cf-95d5-6ffcf809eef9: start LeaderElection
2019-09-23 16:09:47,113 [61544022-af25-4c48-b0da-1584d68884dd@group-93F8A86BA0CA:LeaderElection15] INFO  impl.LeaderElection (LeaderElection.java:askForVotes(182)) - 61544022-af25-4c48-b0da-1584d68884dd@group-93F8A86BA0CA:LeaderElection15: begin an election at term 2 for -1: [86cce676-657d-41cf-95d5-6ffcf809eef9:192.168.34.17:44082, e5032fb1-f51e-4c37-8c06-7d41de8bf135:192.168.34.17:45462, 61544022-af25-4c48-b0da-1584d68884dd:192.168.34.17:44191], old=null
2019-09-23 16:09:47,113 [e5032fb1-f51e-4c37-8c06-7d41de8bf135@group-93F8A86BA0CA:LeaderElection17] INFO  impl.LeaderElection (LeaderElection.java:askForVotes(182)) - e5032fb1-f51e-4c37-8c06-7d41de8bf135@group-93F8A86BA0CA:LeaderElection17: begin an election at term 2 for -1: [86cce676-657d-41cf-95d5-6ffcf809eef9:192.168.34.17:44082, e5032fb1-f51e-4c37-8c06-7d41de8bf135:192.168.34.17:45462, 61544022-af25-4c48-b0da-1584d68884dd:192.168.34.17:44191], old=null
2019-09-23 16:09:47,113 [140ce4e8-065f-48c8-9992-7144cce7209c@group-D8C5EAE0FEDC:LeaderElection14] INFO  impl.LeaderElection (LeaderElection.java:askForVotes(182)) - 140ce4e8-065f-48c8-9992-7144cce7209c@group-D8C5EAE0FEDC:LeaderElection14: begin an election at term 2 for -1: [140ce4e8-065f-48c8-9992-7144cce7209c:192.168.34.17:33128, 19fc0876-1805-41fe-b2ab-ad2bbc602717:192.168.34.17:42483, 76beba98-382e-417c-a9a7-220e3ae0ea81:192.168.34.17:35133], old=null
2019-09-23 16:09:47,113 [76beba98-382e-417c-a9a7-220e3ae0ea81@group-D8C5EAE0FEDC:LeaderElection16] INFO  impl.LeaderElection (LeaderElection.java:askForVotes(182)) - 76beba98-382e-417c-a9a7-220e3ae0ea81@group-D8C5EAE0FEDC:LeaderElection16: begin an election at term 2 for -1: [140ce4e8-065f-48c8-9992-7144cce7209c:192.168.34.17:33128, 19fc0876-1805-41fe-b2ab-ad2bbc602717:192.168.34.17:42483, 76beba98-382e-417c-a9a7-220e3ae0ea81:192.168.34.17:35133], old=null
2019-09-23 16:09:47,113 [86cce676-657d-41cf-95d5-6ffcf809eef9@group-93F8A86BA0CA:LeaderElection19] INFO  impl.LeaderElection (LeaderElection.java:askForVotes(182)) - 86cce676-657d-41cf-95d5-6ffcf809eef9@group-93F8A86BA0CA:LeaderElection19: begin an election at term 2 for -1: [86cce676-657d-41cf-95d5-6ffcf809eef9:192.168.34.17:44082, e5032fb1-f51e-4c37-8c06-7d41de8bf135:192.168.34.17:45462, 61544022-af25-4c48-b0da-1584d68884dd:192.168.34.17:44191], old=null
2019-09-23 16:09:47,139 [86cce676-657d-41cf-95d5-6ffcf809eef9@group-93F8A86BA0CA:LeaderElection19] INFO  impl.LeaderElection (LeaderElection.java:logAndReturn(56)) - 86cce676-657d-41cf-95d5-6ffcf809eef9@group-93F8A86BA0CA:LeaderElection19: Election REJECTED; received 2 response(s) [86cce676-657d-41cf-95d5-6ffcf809eef9<-e5032fb1-f51e-4c37-8c06-7d41de8bf135#0:FAIL-t2, 86cce676-657d-41cf-95d5-6ffcf809eef9<-61544022-af25-4c48-b0da-1584d68884dd#0:FAIL-t2] and 0 exception(s); 86cce676-657d-41cf-95d5-6ffcf809eef9@group-93F8A86BA0CA:t2, leader=null, voted=86cce676-657d-41cf-95d5-6ffcf809eef9, raftlog=86cce676-657d-41cf-95d5-6ffcf809eef9@group-93F8A86BA0CA-SegmentedRaftLog:OPENED:c-1,f-1,i0, conf=-1: [86cce676-657d-41cf-95d5-6ffcf809eef9:192.168.34.17:44082, e5032fb1-f51e-4c37-8c06-7d41de8bf135:192.168.34.17:45462, 61544022-af25-4c48-b0da-1584d68884dd:192.168.34.17:44191], old=null
2019-09-23 16:09:47,139 [61544022-af25-4c48-b0da-1584d68884dd@group-93F8A86BA0CA:LeaderElection15] INFO  impl.LeaderElection (LeaderElection.java:logAndReturn(56)) - 61544022-af25-4c48-b0da-1584d68884dd@group-93F8A86BA0CA:LeaderElection15: Election REJECTED; received 2 response(s) [61544022-af25-4c48-b0da-1584d68884dd<-86cce676-657d-41cf-95d5-6ffcf809eef9#0:FAIL-t2, 61544022-af25-4c48-b0da-1584d68884dd<-e5032fb1-f51e-4c37-8c06-7d41de8bf135#0:FAIL-t2] and 0 exception(s); 61544022-af25-4c48-b0da-1584d68884dd@group-93F8A86BA0CA:t2, leader=null, voted=61544022-af25-4c48-b0da-1584d68884dd, raftlog=61544022-af25-4c48-b0da-1584d68884dd@group-93F8A86BA0CA-SegmentedRaftLog:OPENED:c-1,f-1,i0, conf=-1: [86cce676-657d-41cf-95d5-6ffcf809eef9:192.168.34.17:44082, e5032fb1-f51e-4c37-8c06-7d41de8bf135:192.168.34.17:45462, 61544022-af25-4c48-b0da-1584d68884dd:192.168.34.17:44191], old=null
2019-09-23 16:09:47,139 [e5032fb1-f51e-4c37-8c06-7d41de8bf135@group-93F8A86BA0CA:LeaderElection17] INFO  impl.LeaderElection (LeaderElection.java:logAndReturn(56)) - e5032fb1-f51e-4c37-8c06-7d41de8bf135@group-93F8A86BA0CA:LeaderElection17: Election REJECTED; received 2 response(s) [e5032fb1-f51e-4c37-8c06-7d41de8bf135<-86cce676-657d-41cf-95d5-6ffcf809eef9#0:FAIL-t2, e5032fb1-f51e-4c37-8c06-7d41de8bf135<-61544022-af25-4c48-b0da-1584d68884dd#0:FAIL-t2] and 0 exception(s); e5032fb1-f51e-4c37-8c06-7d41de8bf135@group-93F8A86BA0CA:t2, leader=null, voted=e5032fb1-f51e-4c37-8c06-7d41de8bf135, raftlog=e5032fb1-f51e-4c37-8c06-7d41de8bf135@group-93F8A86BA0CA-SegmentedRaftLog:OPENED:c-1,f-1,i0, conf=-1: [86cce676-657d-41cf-95d5-6ffcf809eef9:192.168.34.17:44082, e5032fb1-f51e-4c37-8c06-7d41de8bf135:192.168.34.17:45462, 61544022-af25-4c48-b0da-1584d68884dd:192.168.34.17:44191], old=null
2019-09-23 16:09:47,145 [61544022-af25-4c48-b0da-1584d68884dd@group-93F8A86BA0CA:LeaderElection15] INFO  impl.RaftServerImpl (RaftServerImpl.java:setRole(174)) - 61544022-af25-4c48-b0da-1584d68884dd@group-93F8A86BA0CA: changes role from CANDIDATE to FOLLOWER at term 2 for DISCOVERED_A_NEW_TERM
2019-09-23 16:09:47,139 [86cce676-657d-41cf-95d5-6ffcf809eef9@group-93F8A86BA0CA:LeaderElection19] INFO  impl.RaftServerImpl (RaftServerImpl.java:setRole(174)) - 86cce676-657d-41cf-95d5-6ffcf809eef9@group-93F8A86BA0CA: changes role from CANDIDATE to FOLLOWER at term 2 for DISCOVERED_A_NEW_TERM
2019-09-23 16:09:47,150 [61544022-af25-4c48-b0da-1584d68884dd@group-93F8A86BA0CA:LeaderElection15] INFO  impl.RoleInfo (RoleInfo.java:shutdownLeaderElection(134)) - 61544022-af25-4c48-b0da-1584d68884dd: shutdown LeaderElection
2019-09-23 16:09:47,147 [e5032fb1-f51e-4c37-8c06-7d41de8bf135@group-93F8A86BA0CA:LeaderElection17] INFO  impl.RaftServerImpl (RaftServerImpl.java:setRole(174)) - e5032fb1-f51e-4c37-8c06-7d41de8bf135@group-93F8A86BA0CA: changes role from CANDIDATE to FOLLOWER at term 2 for DISCOVERED_A_NEW_TERM
2019-09-23 16:09:47,151 [86cce676-657d-41cf-95d5-6ffcf809eef9@group-93F8A86BA0CA:LeaderElection19] INFO  impl.RoleInfo (RoleInfo.java:shutdownLeaderElection(134)) - 86cce676-657d-41cf-95d5-6ffcf809eef9: shutdown LeaderElection
2019-09-23 16:09:47,151 [61544022-af25-4c48-b0da-1584d68884dd@group-93F8A86BA0CA:LeaderElection15] INFO  impl.RoleInfo (RoleInfo.java:updateAndGet(143)) - 61544022-af25-4c48-b0da-1584d68884dd: start FollowerState
2019-09-23 16:09:47,151 [e5032fb1-f51e-4c37-8c06-7d41de8bf135@group-93F8A86BA0CA:LeaderElection17] INFO  impl.RoleInfo (RoleInfo.java:shutdownLeaderElection(134)) - e5032fb1-f51e-4c37-8c06-7d41de8bf135: shutdown LeaderElection
2019-09-23 16:09:47,151 [86cce676-657d-41cf-95d5-6ffcf809eef9@group-93F8A86BA0CA:LeaderElection19] INFO  impl.RoleInfo (RoleInfo.java:updateAndGet(143)) - 86cce676-657d-41cf-95d5-6ffcf809eef9: start FollowerState
2019-09-23 16:09:47,152 [e5032fb1-f51e-4c37-8c06-7d41de8bf135@group-93F8A86BA0CA:LeaderElection17] INFO  impl.RoleInfo (RoleInfo.java:updateAndGet(143)) - e5032fb1-f51e-4c37-8c06-7d41de8bf135: start FollowerState
2019-09-23 16:09:48,308 [19fc0876-1805-41fe-b2ab-ad2bbc602717@group-D8C5EAE0FEDC:LeaderElection18] INFO  impl.LeaderElection (LeaderElection.java:askForVotes(182)) - 19fc0876-1805-41fe-b2ab-ad2bbc602717@group-D8C5EAE0FEDC:LeaderElection18: begin an election at term 2 for -1: [140ce4e8-065f-48c8-9992-7144cce7209c:192.168.34.17:33128, 19fc0876-1805-41fe-b2ab-ad2bbc602717:192.168.34.17:42483, 76beba98-382e-417c-a9a7-220e3ae0ea81:192.168.34.17:35133], old=null
2019-09-23 16:09:48,311 [76beba98-382e-417c-a9a7-220e3ae0ea81@group-D8C5EAE0FEDC:LeaderElection16] INFO  impl.LeaderElection (LeaderElection.java:logAndReturn(56)) - 76beba98-382e-417c-a9a7-220e3ae0ea81@group-D8C5EAE0FEDC:LeaderElection16: Election REJECTED; received 2 response(s) [76beba98-382e-417c-a9a7-220e3ae0ea81<-140ce4e8-065f-48c8-9992-7144cce7209c#0:FAIL-t2, 76beba98-382e-417c-a9a7-220e3ae0ea81<-19fc0876-1805-41fe-b2ab-ad2bbc602717#0:FAIL-t2] and 0 exception(s); 76beba98-382e-417c-a9a7-220e3ae0ea81@group-D8C5EAE0FEDC:t2, leader=null, voted=76beba98-382e-417c-a9a7-220e3ae0ea81, raftlog=76beba98-382e-417c-a9a7-220e3ae0ea81@group-D8C5EAE0FEDC-SegmentedRaftLog:OPENED:c-1,f-1,i0, conf=-1: [140ce4e8-065f-48c8-9992-7144cce7209c:192.168.34.17:33128, 19fc0876-1805-41fe-b2ab-ad2bbc602717:192.168.34.17:42483, 76beba98-382e-417c-a9a7-220e3ae0ea81:192.168.34.17:35133], old=null
2019-09-23 16:09:48,311 [140ce4e8-065f-48c8-9992-7144cce7209c@group-D8C5EAE0FEDC:LeaderElection14] INFO  impl.LeaderElection (LeaderElection.java:logAndReturn(56)) - 140ce4e8-065f-48c8-9992-7144cce7209c@group-D8C5EAE0FEDC:LeaderElection14: Election REJECTED; received 2 response(s) [140ce4e8-065f-48c8-9992-7144cce7209c<-19fc0876-1805-41fe-b2ab-ad2bbc602717#0:FAIL-t2, 140ce4e8-065f-48c8-9992-7144cce7209c<-76beba98-382e-417c-a9a7-220e3ae0ea81#0:FAIL-t2] and 0 exception(s); 140ce4e8-065f-48c8-9992-7144cce7209c@group-D8C5EAE0FEDC:t2, leader=null, voted=140ce4e8-065f-48c8-9992-7144cce7209c, raftlog=140ce4e8-065f-48c8-9992-7144cce7209c@group-D8C5EAE0FEDC-SegmentedRaftLog:OPENED:c-1,f-1,i0, conf=-1: [140ce4e8-065f-48c8-9992-7144cce7209c:192.168.34.17:33128, 19fc0876-1805-41fe-b2ab-ad2bbc602717:192.168.34.17:42483, 76beba98-382e-417c-a9a7-220e3ae0ea81:192.168.34.17:35133], old=null
2019-09-23 16:09:48,311 [76beba98-382e-417c-a9a7-220e3ae0ea81@group-D8C5EAE0FEDC:LeaderElection16] INFO  impl.RaftServerImpl (RaftServerImpl.java:setRole(174)) - 76beba98-382e-417c-a9a7-220e3ae0ea81@group-D8C5EAE0FEDC: changes role from CANDIDATE to FOLLOWER at term 2 for DISCOVERED_A_NEW_TERM
2019-09-23 16:09:48,311 [140ce4e8-065f-48c8-9992-7144cce7209c@group-D8C5EAE0FEDC:LeaderElection14] INFO  impl.RaftServerImpl (RaftServerImpl.java:setRole(174)) - 140ce4e8-065f-48c8-9992-7144cce7209c@group-D8C5EAE0FEDC: changes role from CANDIDATE to FOLLOWER at term 2 for DISCOVERED_A_NEW_TERM
2019-09-23 16:09:48,321 [76beba98-382e-417c-a9a7-220e3ae0ea81@group-D8C5EAE0FEDC:LeaderElection16] INFO  impl.RoleInfo (RoleInfo.java:shutdownLeaderElection(134)) - 76beba98-382e-417c-a9a7-220e3ae0ea81: shutdown LeaderElection
2019-09-23 16:09:48,323 [140ce4e8-065f-48c8-9992-7144cce7209c@group-D8C5EAE0FEDC:LeaderElection14] INFO  impl.RoleInfo (RoleInfo.java:shutdownLeaderElection(134)) - 140ce4e8-065f-48c8-9992-7144cce7209c: shutdown LeaderElection
2019-09-23 16:09:48,324 [76beba98-382e-417c-a9a7-220e3ae0ea81@group-D8C5EAE0FEDC:LeaderElection16] INFO  impl.RoleInfo (RoleInfo.java:updateAndGet(143)) - 76beba98-382e-417c-a9a7-220e3ae0ea81: start FollowerState
2019-09-23 16:09:48,324 [140ce4e8-065f-48c8-9992-7144cce7209c@group-D8C5EAE0FEDC:LeaderElection14] INFO  impl.RoleInfo (RoleInfo.java:updateAndGet(143)) - 140ce4e8-065f-48c8-9992-7144cce7209c: start FollowerState
2019-09-23 16:09:48,326 [19fc0876-1805-41fe-b2ab-ad2bbc602717@group-D8C5EAE0FEDC:LeaderElection18] INFO  impl.LeaderElection (LeaderElection.java:logAndReturn(56)) - 19fc0876-1805-41fe-b2ab-ad2bbc602717@group-D8C5EAE0FEDC:LeaderElection18: Election REJECTED; received 2 response(s) [19fc0876-1805-41fe-b2ab-ad2bbc602717<-140ce4e8-065f-48c8-9992-7144cce7209c#0:FAIL-t2, 19fc0876-1805-41fe-b2ab-ad2bbc602717<-76beba98-382e-417c-a9a7-220e3ae0ea81#0:FAIL-t2] and 0 exception(s); 19fc0876-1805-41fe-b2ab-ad2bbc602717@group-D8C5EAE0FEDC:t2, leader=null, voted=19fc0876-1805-41fe-b2ab-ad2bbc602717, raftlog=19fc0876-1805-41fe-b2ab-ad2bbc602717@group-D8C5EAE0FEDC-SegmentedRaftLog:OPENED:c-1,f-1,i0, conf=-1: [140ce4e8-065f-48c8-9992-7144cce7209c:192.168.34.17:33128, 19fc0876-1805-41fe-b2ab-ad2bbc602717:192.168.34.17:42483, 76beba98-382e-417c-a9a7-220e3ae0ea81:192.168.34.17:35133], old=null
2019-09-23 16:09:48,327 [19fc0876-1805-41fe-b2ab-ad2bbc602717@group-D8C5EAE0FEDC:LeaderElection18] INFO  impl.RaftServerImpl (RaftServerImpl.java:setRole(174)) - 19fc0876-1805-41fe-b2ab-ad2bbc602717@group-D8C5EAE0FEDC: changes role from CANDIDATE to FOLLOWER at term 2 for DISCOVERED_A_NEW_TERM
2019-09-23 16:09:48,327 [19fc0876-1805-41fe-b2ab-ad2bbc602717@group-D8C5EAE0FEDC:LeaderElection18] INFO  impl.RoleInfo (RoleInfo.java:shutdownLeaderElection(134)) - 19fc0876-1805-41fe-b2ab-ad2bbc602717: shutdown LeaderElection
2019-09-23 16:09:48,327 [19fc0876-1805-41fe-b2ab-ad2bbc602717@group-D8C5EAE0FEDC:LeaderElection18] INFO  impl.RoleInfo (RoleInfo.java:updateAndGet(143)) - 19fc0876-1805-41fe-b2ab-ad2bbc602717: start FollowerState
2019-09-23 16:09:52,163 [Thread-363] INFO  impl.FollowerState (FollowerState.java:run(106)) - 61544022-af25-4c48-b0da-1584d68884dd:group-93F8A86BA0CA changes to CANDIDATE, lastRpcTime:5011, electionTimeout:5010ms
2019-09-23 16:09:52,167 [Thread-363] INFO  impl.RoleInfo (RoleInfo.java:shutdownFollowerState(121)) - 61544022-af25-4c48-b0da-1584d68884dd: shutdown FollowerState
2019-09-23 16:09:52,167 [Thread-363] INFO  impl.RaftServerImpl (RaftServerImpl.java:setRole(174)) - 61544022-af25-4c48-b0da-1584d68884dd@group-93F8A86BA0CA: changes role from  FOLLOWER to CANDIDATE at term 2 for changeToCandidate
2019-09-23 16:09:52,167 [Thread-363] INFO  impl.RoleInfo (RoleInfo.java:updateAndGet(143)) - 61544022-af25-4c48-b0da-1584d68884dd: start LeaderElection
2019-09-23 16:09:52,179 [Thread-364] INFO  impl.FollowerState (FollowerState.java:run(106)) - 86cce676-657d-41cf-95d5-6ffcf809eef9:group-93F8A86BA0CA changes to CANDIDATE, lastRpcTime:5027, electionTimeout:5013ms
2019-09-23 16:09:52,179 [Thread-364] INFO  impl.RoleInfo (RoleInfo.java:shutdownFollowerState(121)) - 86cce676-657d-41cf-95d5-6ffcf809eef9: shutdown FollowerState
2019-09-23 16:09:52,180 [Thread-364] INFO  impl.RaftServerImpl (RaftServerImpl.java:setRole(174)) - 86cce676-657d-41cf-95d5-6ffcf809eef9@group-93F8A86BA0CA: changes role from  FOLLOWER to CANDIDATE at term 2 for changeToCandidate
2019-09-23 16:09:52,180 [Thread-364] INFO  impl.RoleInfo (RoleInfo.java:updateAndGet(143)) - 86cce676-657d-41cf-95d5-6ffcf809eef9: start LeaderElection
2019-09-23 16:09:52,348 [86cce676-657d-41cf-95d5-6ffcf809eef9@group-93F8A86BA0CA:LeaderElection21] INFO  impl.LeaderElection (LeaderElection.java:askForVotes(182)) - 86cce676-657d-41cf-95d5-6ffcf809eef9@group-93F8A86BA0CA:LeaderElection21: begin an election at term 3 for -1: [86cce676-657d-41cf-95d5-6ffcf809eef9:192.168.34.17:44082, e5032fb1-f51e-4c37-8c06-7d41de8bf135:192.168.34.17:45462, 61544022-af25-4c48-b0da-1584d68884dd:192.168.34.17:44191], old=null
2019-09-23 16:09:52,348 [61544022-af25-4c48-b0da-1584d68884dd@group-93F8A86BA0CA:LeaderElection20] INFO  impl.LeaderElection (LeaderElection.java:askForVotes(182)) - 61544022-af25-4c48-b0da-1584d68884dd@group-93F8A86BA0CA:LeaderElection20: begin an election at term 3 for -1: [86cce676-657d-41cf-95d5-6ffcf809eef9:192.168.34.17:44082, e5032fb1-f51e-4c37-8c06-7d41de8bf135:192.168.34.17:45462, 61544022-af25-4c48-b0da-1584d68884dd:192.168.34.17:44191], old=null
2019-09-23 16:09:52,353 [Thread-365] INFO  impl.FollowerState (FollowerState.java:run(106)) - e5032fb1-f51e-4c37-8c06-7d41de8bf135:group-93F8A86BA0CA changes to CANDIDATE, lastRpcTime:5201, electionTimeout:5198ms
2019-09-23 16:09:52,354 [Thread-365] INFO  impl.RoleInfo (RoleInfo.java:shutdownFollowerState(121)) - e5032fb1-f51e-4c37-8c06-7d41de8bf135: shutdown FollowerState
2019-09-23 16:09:52,354 [Thread-365] INFO  impl.RaftServerImpl (RaftServerImpl.java:setRole(174)) - e5032fb1-f51e-4c37-8c06-7d41de8bf135@group-93F8A86BA0CA: changes role from  FOLLOWER to CANDIDATE at term 2 for changeToCandidate
2019-09-23 16:09:52,354 [Thread-365] INFO  impl.RoleInfo (RoleInfo.java:updateAndGet(143)) - e5032fb1-f51e-4c37-8c06-7d41de8bf135: start LeaderElection
2019-09-23 16:09:52,354 [grpc-default-executor-6] INFO  impl.RaftServerImpl (RaftServerImpl.java:setRole(174)) - e5032fb1-f51e-4c37-8c06-7d41de8bf135@group-93F8A86BA0CA: changes role from CANDIDATE to FOLLOWER at term 3 for recognizeCandidate:86cce676-657d-41cf-95d5-6ffcf809eef9
2019-09-23 16:09:52,355 [grpc-default-executor-6] INFO  impl.RoleInfo (RoleInfo.java:shutdownLeaderElection(134)) - e5032fb1-f51e-4c37-8c06-7d41de8bf135: shutdown LeaderElection
2019-09-23 16:09:52,355 [grpc-default-executor-6] INFO  impl.RoleInfo (RoleInfo.java:updateAndGet(143)) - e5032fb1-f51e-4c37-8c06-7d41de8bf135: start FollowerState
2019-09-23 16:09:52,542 [grpc-default-executor-0] INFO  impl.RaftServerImpl (RaftServerImpl.java:setRole(174)) - e5032fb1-f51e-4c37-8c06-7d41de8bf135@group-93F8A86BA0CA: changes role from  FOLLOWER to FOLLOWER at term 3 for recognizeCandidate:61544022-af25-4c48-b0da-1584d68884dd
2019-09-23 16:09:52,542 [grpc-default-executor-0] INFO  impl.RoleInfo (RoleInfo.java:shutdownFollowerState(121)) - e5032fb1-f51e-4c37-8c06-7d41de8bf135: shutdown FollowerState
2019-09-23 16:09:52,543 [grpc-default-executor-0] INFO  impl.RoleInfo (RoleInfo.java:updateAndGet(143)) - e5032fb1-f51e-4c37-8c06-7d41de8bf135: start FollowerState
2019-09-23 16:09:52,543 [Thread-388] INFO  impl.FollowerState (FollowerState.java:run(115)) - e5032fb1-f51e-4c37-8c06-7d41de8bf135: FollowerState was interrupted: java.lang.InterruptedException: sleep interrupted
2019-09-23 16:09:52,547 [86cce676-657d-41cf-95d5-6ffcf809eef9@group-93F8A86BA0CA:LeaderElection21] INFO  impl.LeaderElection (LeaderElection.java:logAndReturn(56)) - 86cce676-657d-41cf-95d5-6ffcf809eef9@group-93F8A86BA0CA:LeaderElection21: Election REJECTED; received 2 response(s) [86cce676-657d-41cf-95d5-6ffcf809eef9<-e5032fb1-f51e-4c37-8c06-7d41de8bf135#0:FAIL-t3, 86cce676-657d-41cf-95d5-6ffcf809eef9<-61544022-af25-4c48-b0da-1584d68884dd#0:FAIL-t3] and 0 exception(s); 86cce676-657d-41cf-95d5-6ffcf809eef9@group-93F8A86BA0CA:t3, leader=null, voted=86cce676-657d-41cf-95d5-6ffcf809eef9, raftlog=86cce676-657d-41cf-95d5-6ffcf809eef9@group-93F8A86BA0CA-SegmentedRaftLog:OPENED:c-1,f-1,i0, conf=-1: [86cce676-657d-41cf-95d5-6ffcf809eef9:192.168.34.17:44082, e5032fb1-f51e-4c37-8c06-7d41de8bf135:192.168.34.17:45462, 61544022-af25-4c48-b0da-1584d68884dd:192.168.34.17:44191], old=null
2019-09-23 16:09:52,547 [86cce676-657d-41cf-95d5-6ffcf809eef9@group-93F8A86BA0CA:LeaderElection21] INFO  impl.RaftServerImpl (RaftServerImpl.java:setRole(174)) - 86cce676-657d-41cf-95d5-6ffcf809eef9@group-93F8A86BA0CA: changes role from CANDIDATE to FOLLOWER at term 3 for DISCOVERED_A_NEW_TERM
2019-09-23 16:09:52,548 [86cce676-657d-41cf-95d5-6ffcf809eef9@group-93F8A86BA0CA:LeaderElection21] INFO  impl.RoleInfo (RoleInfo.java:shutdownLeaderElection(134)) - 86cce676-657d-41cf-95d5-6ffcf809eef9: shutdown LeaderElection
2019-09-23 16:09:52,548 [86cce676-657d-41cf-95d5-6ffcf809eef9@group-93F8A86BA0CA:LeaderElection21] INFO  impl.RoleInfo (RoleInfo.java:updateAndGet(143)) - 86cce676-657d-41cf-95d5-6ffcf809eef9: start FollowerState
2019-09-23 16:09:52,695 [61544022-af25-4c48-b0da-1584d68884dd@group-93F8A86BA0CA:LeaderElection20] INFO  impl.LeaderElection (LeaderElection.java:logAndReturn(56)) - 61544022-af25-4c48-b0da-1584d68884dd@group-93F8A86BA0CA:LeaderElection20: Election PASSED; received 2 response(s) [61544022-af25-4c48-b0da-1584d68884dd<-86cce676-657d-41cf-95d5-6ffcf809eef9#0:FAIL-t3, 61544022-af25-4c48-b0da-1584d68884dd<-e5032fb1-f51e-4c37-8c06-7d41de8bf135#0:OK-t3] and 0 exception(s); 61544022-af25-4c48-b0da-1584d68884dd@group-93F8A86BA0CA:t3, leader=null, voted=61544022-af25-4c48-b0da-1584d68884dd, raftlog=61544022-af25-4c48-b0da-1584d68884dd@group-93F8A86BA0CA-SegmentedRaftLog:OPENED:c-1,f-1,i0, conf=-1: [86cce676-657d-41cf-95d5-6ffcf809eef9:192.168.34.17:44082, e5032fb1-f51e-4c37-8c06-7d41de8bf135:192.168.34.17:45462, 61544022-af25-4c48-b0da-1584d68884dd:192.168.34.17:44191], old=null
2019-09-23 16:09:52,697 [61544022-af25-4c48-b0da-1584d68884dd@group-93F8A86BA0CA:LeaderElection20] INFO  impl.RoleInfo (RoleInfo.java:shutdownLeaderElection(134)) - 61544022-af25-4c48-b0da-1584d68884dd: shutdown LeaderElection
2019-09-23 16:09:52,697 [61544022-af25-4c48-b0da-1584d68884dd@group-93F8A86BA0CA:LeaderElection20] INFO  impl.RaftServerImpl (RaftServerImpl.java:setRole(174)) - 61544022-af25-4c48-b0da-1584d68884dd@group-93F8A86BA0CA: changes role from CANDIDATE to LEADER at term 3 for changeToLeader
2019-09-23 16:09:52,698 [61544022-af25-4c48-b0da-1584d68884dd@group-93F8A86BA0CA:LeaderElection20] INFO  impl.RaftServerImpl (ServerState.java:setLeader(253)) - 61544022-af25-4c48-b0da-1584d68884dd@group-93F8A86BA0CA: change Leader from null to 61544022-af25-4c48-b0da-1584d68884dd at term 3 for becomeLeader, leader elected after 19726ms
2019-09-23 16:09:52,698 [61544022-af25-4c48-b0da-1584d68884dd@group-93F8A86BA0CA:LeaderElection20] INFO  server.RaftServerConfigKeys (ConfUtils.java:logGet(43)) - raft.server.staging.catchup.gap = 1000 (default)
2019-09-23 16:09:52,698 [61544022-af25-4c48-b0da-1584d68884dd@group-93F8A86BA0CA:LeaderElection20] INFO  server.RaftServerConfigKeys (ConfUtils.java:logGet(43)) - raft.server.rpc.sleep.time = 25ms (default)
2019-09-23 16:09:52,698 [61544022-af25-4c48-b0da-1584d68884dd@group-93F8A86BA0CA:LeaderElection20] INFO  server.RaftServerConfigKeys (ConfUtils.java:logGet(43)) - raft.server.write.element-limit = 4096 (default)
2019-09-23 16:09:52,698 [61544022-af25-4c48-b0da-1584d68884dd@group-93F8A86BA0CA:LeaderElection20] INFO  server.RaftServerConfigKeys (ConfUtils.java:logGet(43)) - raft.server.watch.timeout = 10s (default)
2019-09-23 16:09:52,698 [61544022-af25-4c48-b0da-1584d68884dd@group-93F8A86BA0CA:LeaderElection20] INFO  server.RaftServerConfigKeys (ConfUtils.java:logGet(43)) - raft.server.watch.timeout.denomination = 1s (default)
2019-09-23 16:09:52,699 [61544022-af25-4c48-b0da-1584d68884dd@group-93F8A86BA0CA:LeaderElection20] INFO  server.RaftServerConfigKeys (ConfUtils.java:logGet(43)) - raft.server.watch.element-limit = 65536 (default)
2019-09-23 16:09:52,705 [61544022-af25-4c48-b0da-1584d68884dd@group-93F8A86BA0CA:LeaderElection20] INFO  server.RaftServerConfigKeys (ConfUtils.java:logGet(43)) - raft.server.log.appender.snapshot.chunk.size.max = 16MB (=16777216) (default)
2019-09-23 16:09:52,705 [61544022-af25-4c48-b0da-1584d68884dd@group-93F8A86BA0CA:LeaderElection20] INFO  server.RaftServerConfigKeys (ConfUtils.java:logGet(43)) - raft.server.log.appender.buffer.byte-limit = 33554432 (custom)
2019-09-23 16:09:52,706 [61544022-af25-4c48-b0da-1584d68884dd@group-93F8A86BA0CA:LeaderElection20] INFO  server.RaftServerConfigKeys (ConfUtils.java:logGet(43)) - raft.server.log.appender.buffer.element-limit = 1 (custom)
2019-09-23 16:09:52,710 [61544022-af25-4c48-b0da-1584d68884dd@group-93F8A86BA0CA:LeaderElection20] INFO  grpc.GrpcConfigKeys$Server (ConfUtils.java:logGet(43)) - raft.grpc.server.leader.outstanding.appends.max = 128 (default)
2019-09-23 16:09:52,710 [61544022-af25-4c48-b0da-1584d68884dd@group-93F8A86BA0CA:LeaderElection20] INFO  server.RaftServerConfigKeys (ConfUtils.java:logGet(43)) - raft.server.rpc.request.timeout = 3000ms (default)
2019-09-23 16:09:52,710 [61544022-af25-4c48-b0da-1584d68884dd@group-93F8A86BA0CA:LeaderElection20] INFO  server.RaftServerConfigKeys (ConfUtils.java:logGet(43)) - raft.server.log.appender.install.snapshot.enabled = false (custom)
2019-09-23 16:09:52,712 [61544022-af25-4c48-b0da-1584d68884dd@group-93F8A86BA0CA:LeaderElection20] INFO  server.RaftServerConfigKeys (ConfUtils.java:logGet(43)) - raft.server.log.appender.snapshot.chunk.size.max = 16MB (=16777216) (default)
2019-09-23 16:09:52,712 [61544022-af25-4c48-b0da-1584d68884dd@group-93F8A86BA0CA:LeaderElection20] INFO  server.RaftServerConfigKeys (ConfUtils.java:logGet(43)) - raft.server.log.appender.buffer.byte-limit = 33554432 (custom)
2019-09-23 16:09:52,712 [61544022-af25-4c48-b0da-1584d68884dd@group-93F8A86BA0CA:LeaderElection20] INFO  server.RaftServerConfigKeys (ConfUtils.java:logGet(43)) - raft.server.log.appender.buffer.element-limit = 1 (custom)
2019-09-23 16:09:52,712 [61544022-af25-4c48-b0da-1584d68884dd@group-93F8A86BA0CA:LeaderElection20] INFO  grpc.GrpcConfigKeys$Server (ConfUtils.java:logGet(43)) - raft.grpc.server.leader.outstanding.appends.max = 128 (default)
2019-09-23 16:09:52,712 [61544022-af25-4c48-b0da-1584d68884dd@group-93F8A86BA0CA:LeaderElection20] INFO  server.RaftServerConfigKeys (ConfUtils.java:logGet(43)) - raft.server.rpc.request.timeout = 3000ms (default)
2019-09-23 16:09:52,713 [61544022-af25-4c48-b0da-1584d68884dd@group-93F8A86BA0CA:LeaderElection20] INFO  server.RaftServerConfigKeys (ConfUtils.java:logGet(43)) - raft.server.log.appender.install.snapshot.enabled = false (custom)
2019-09-23 16:09:52,714 [61544022-af25-4c48-b0da-1584d68884dd@group-93F8A86BA0CA:LeaderElection20] INFO  impl.RoleInfo (RoleInfo.java:updateAndGet(143)) - 61544022-af25-4c48-b0da-1584d68884dd: start LeaderState
2019-09-23 16:09:52,715 [61544022-af25-4c48-b0da-1584d68884dd@group-93F8A86BA0CA:LeaderElection20] INFO  segmented.SegmentedRaftLogWorker (SegmentedRaftLogWorker.java:startLogSegment(380)) - 61544022-af25-4c48-b0da-1584d68884dd@group-93F8A86BA0CA-SegmentedRaftLogWorker: Starting segment from index:0
2019-09-23 16:09:52,716 [61544022-af25-4c48-b0da-1584d68884dd@group-93F8A86BA0CA:LeaderElection20] INFO  impl.RaftServerImpl (ServerState.java:setRaftConf(354)) - 61544022-af25-4c48-b0da-1584d68884dd@group-93F8A86BA0CA: set configuration 0: [86cce676-657d-41cf-95d5-6ffcf809eef9:192.168.34.17:44082, e5032fb1-f51e-4c37-8c06-7d41de8bf135:192.168.34.17:45462, 61544022-af25-4c48-b0da-1584d68884dd:192.168.34.17:44191], old=null at 0
2019-09-23 16:09:52,750 [grpc-default-executor-0] INFO  impl.RaftServerImpl (ServerState.java:setLeader(253)) - 86cce676-657d-41cf-95d5-6ffcf809eef9@group-93F8A86BA0CA: change Leader from null to 61544022-af25-4c48-b0da-1584d68884dd at term 3 for appendEntries, leader elected after 19778ms
2019-09-23 16:09:52,776 [grpc-default-executor-0] INFO  impl.RaftServerImpl (ServerState.java:setRaftConf(354)) - 86cce676-657d-41cf-95d5-6ffcf809eef9@group-93F8A86BA0CA: set configuration 0: [86cce676-657d-41cf-95d5-6ffcf809eef9:192.168.34.17:44082, e5032fb1-f51e-4c37-8c06-7d41de8bf135:192.168.34.17:45462, 61544022-af25-4c48-b0da-1584d68884dd:192.168.34.17:44191], old=null at 0
2019-09-23 16:09:52,777 [grpc-default-executor-0] INFO  segmented.SegmentedRaftLogWorker (SegmentedRaftLogWorker.java:startLogSegment(380)) - 86cce676-657d-41cf-95d5-6ffcf809eef9@group-93F8A86BA0CA-SegmentedRaftLogWorker: Starting segment from index:0
2019-09-23 16:09:52,881 [e5032fb1-f51e-4c37-8c06-7d41de8bf135@group-93F8A86BA0CA:LeaderElection22] INFO  impl.LeaderElection (LeaderElection.java:askForVotes(182)) - e5032fb1-f51e-4c37-8c06-7d41de8bf135@group-93F8A86BA0CA:LeaderElection22: begin an election at term 4 for -1: [86cce676-657d-41cf-95d5-6ffcf809eef9:192.168.34.17:44082, e5032fb1-f51e-4c37-8c06-7d41de8bf135:192.168.34.17:45462, 61544022-af25-4c48-b0da-1584d68884dd:192.168.34.17:44191], old=null
2019-09-23 16:09:52,882 [e5032fb1-f51e-4c37-8c06-7d41de8bf135@group-93F8A86BA0CA:LeaderElection22] INFO  impl.LeaderElection (LeaderElection.java:logAndReturn(56)) - e5032fb1-f51e-4c37-8c06-7d41de8bf135@group-93F8A86BA0CA:LeaderElection22: Election REJECTED; received 0 response(s) [] and 0 exception(s); e5032fb1-f51e-4c37-8c06-7d41de8bf135@group-93F8A86BA0CA:t4, leader=null, voted=e5032fb1-f51e-4c37-8c06-7d41de8bf135, raftlog=e5032fb1-f51e-4c37-8c06-7d41de8bf135@group-93F8A86BA0CA-SegmentedRaftLog:OPENED:c-1,f-1,i0, conf=-1: [86cce676-657d-41cf-95d5-6ffcf809eef9:192.168.34.17:44082, e5032fb1-f51e-4c37-8c06-7d41de8bf135:192.168.34.17:45462, 61544022-af25-4c48-b0da-1584d68884dd:192.168.34.17:44191], old=null
2019-09-23 16:09:52,884 [Thread-391] INFO  impl.RaftServerImpl (ServerState.java:setLeader(253)) - 61544022-af25-4c48-b0da-1584d68884dd@group-93F8A86BA0CA: change Leader from 61544022-af25-4c48-b0da-1584d68884dd to null at term 4 for updateCurrentTerm
2019-09-23 16:09:52,884 [Thread-391] INFO  impl.RaftServerImpl (RaftServerImpl.java:setRole(174)) - 61544022-af25-4c48-b0da-1584d68884dd@group-93F8A86BA0CA: changes role from    LEADER to FOLLOWER at term 4 for stepDown
2019-09-23 16:09:52,884 [Thread-391] INFO  impl.RoleInfo (RoleInfo.java:shutdownLeaderState(104)) - 61544022-af25-4c48-b0da-1584d68884dd: shutdown LeaderState
2019-09-23 16:09:52,885 [grpc-default-executor-6] INFO  impl.RaftServerImpl (ServerState.java:setLeader(253)) - 86cce676-657d-41cf-95d5-6ffcf809eef9@group-93F8A86BA0CA: change Leader from 61544022-af25-4c48-b0da-1584d68884dd to null at term 4 for updateCurrentTerm
2019-09-23 16:09:52,893 [org.apache.ratis.server.impl.LogAppender$AppenderDaemon$$Lambda$499/946577218@3f7e91f8] WARN  server.GrpcLogAppender (GrpcLogAppender.java:mayWait(143)) - 61544022-af25-4c48-b0da-1584d68884dd@group-93F8A86BA0CA->e5032fb1-f51e-4c37-8c06-7d41de8bf135-GrpcLogAppender: Wait interrupted by java.lang.InterruptedException
2019-09-23 16:09:52,895 [Thread-391] INFO  impl.PendingRequests (PendingRequests.java:sendNotLeaderResponses(202)) - 61544022-af25-4c48-b0da-1584d68884dd-PendingRequests: sendNotLeaderResponses
2019-09-23 16:09:52,893 [org.apache.ratis.server.impl.LogAppender$AppenderDaemon$$Lambda$499/946577218@12985ea2] WARN  server.GrpcLogAppender (GrpcLogAppender.java:mayWait(143)) - 61544022-af25-4c48-b0da-1584d68884dd@group-93F8A86BA0CA->86cce676-657d-41cf-95d5-6ffcf809eef9-GrpcLogAppender: Wait interrupted by java.lang.InterruptedException
2019-09-23 16:09:52,893 [grpc-default-executor-6] INFO  impl.RaftServerImpl (RaftServerImpl.java:setRole(174)) - 86cce676-657d-41cf-95d5-6ffcf809eef9@group-93F8A86BA0CA: changes role from  FOLLOWER to FOLLOWER at term 4 for recognizeCandidate:e5032fb1-f51e-4c37-8c06-7d41de8bf135
2019-09-23 16:09:52,895 [grpc-default-executor-6] INFO  impl.RoleInfo (RoleInfo.java:shutdownFollowerState(121)) - 86cce676-657d-41cf-95d5-6ffcf809eef9: shutdown FollowerState
2019-09-23 16:09:52,896 [grpc-default-executor-6] INFO  impl.RoleInfo (RoleInfo.java:updateAndGet(143)) - 86cce676-657d-41cf-95d5-6ffcf809eef9: start FollowerState
2019-09-23 16:09:52,896 [Thread-390] INFO  impl.FollowerState (FollowerState.java:run(115)) - 86cce676-657d-41cf-95d5-6ffcf809eef9: FollowerState was interrupted: java.lang.InterruptedException: sleep interrupted
2019-09-23 16:09:52,899 [grpc-default-executor-4] INFO  server.GrpcServerProtocolService (GrpcServerProtocolService.java:onCompleted(113)) - e5032fb1-f51e-4c37-8c06-7d41de8bf135: Completed APPEND_ENTRIES, lastRequest: 61544022-af25-4c48-b0da-1584d68884dd->e5032fb1-f51e-4c37-8c06-7d41de8bf135#0-t3, previous=(t:0, i:0), leaderCommit=-1, initializing? false, entries: <empty>
2019-09-23 16:09:52,900 [Thread-391] INFO  impl.RoleInfo (RoleInfo.java:updateAndGet(143)) - 61544022-af25-4c48-b0da-1584d68884dd: start FollowerState
2019-09-23 16:09:52,900 [grpc-default-executor-4] INFO  server.GrpcLogAppender (GrpcLogAppender.java:onCompleted(293)) - 61544022-af25-4c48-b0da-1584d68884dd@group-93F8A86BA0CA->e5032fb1-f51e-4c37-8c06-7d41de8bf135-AppendLogResponseHandler: follower responses appendEntries COMPLETED
2019-09-23 16:09:52,900 [grpc-default-executor-5] INFO  server.GrpcServerProtocolService (GrpcServerProtocolService.java:onCompleted(113)) - 86cce676-657d-41cf-95d5-6ffcf809eef9: Completed APPEND_ENTRIES, lastRequest: 61544022-af25-4c48-b0da-1584d68884dd->86cce676-657d-41cf-95d5-6ffcf809eef9#1-t3, previous=(t:0, i:0), leaderCommit=-1, initializing? false, entries: size=1, first=(t:3, i:0), CONFIGURATIONENTRY
2019-09-23 16:09:52,910 [grpc-default-executor-5] INFO  server.GrpcLogAppender (GrpcLogAppender.java:onCompleted(293)) - 61544022-af25-4c48-b0da-1584d68884dd@group-93F8A86BA0CA->86cce676-657d-41cf-95d5-6ffcf809eef9-AppendLogResponseHandler: follower responses appendEntries COMPLETED
2019-09-23 16:09:52,911 [grpc-default-executor-4] INFO  impl.FollowerInfo (FollowerInfo.java:lambda$new$0(51)) - 61544022-af25-4c48-b0da-1584d68884dd@group-93F8A86BA0CA->e5032fb1-f51e-4c37-8c06-7d41de8bf135: nextIndex: updateUnconditionally 0 -> 0
2019-09-23 16:09:52,911 [grpc-default-executor-5] INFO  impl.FollowerInfo (FollowerInfo.java:lambda$new$0(51)) - 61544022-af25-4c48-b0da-1584d68884dd@group-93F8A86BA0CA->86cce676-657d-41cf-95d5-6ffcf809eef9: nextIndex: updateUnconditionally 1 -> 0
2019-09-23 16:09:52,916 [61544022-af25-4c48-b0da-1584d68884dd@group-93F8A86BA0CA-SegmentedRaftLogWorker] INFO  segmented.SegmentedRaftLogWorker (SegmentedRaftLogWorker.java:execute(569)) - 61544022-af25-4c48-b0da-1584d68884dd@group-93F8A86BA0CA-SegmentedRaftLogWorker: created new log segment /workdir/hadoop-ozone/integration-test/target/test-dir/MiniOzoneClusterImpl-1c535e18-7116-4972-ae9f-a23b67b63868/datanode-5/data/ratis/0d3e9c65-e253-4b1f-ae13-93f8a86ba0ca/current/log_inprogress_0
2019-09-23 16:09:52,916 [86cce676-657d-41cf-95d5-6ffcf809eef9@group-93F8A86BA0CA-SegmentedRaftLogWorker] INFO  segmented.SegmentedRaftLogWorker (SegmentedRaftLogWorker.java:execute(569)) - 86cce676-657d-41cf-95d5-6ffcf809eef9@group-93F8A86BA0CA-SegmentedRaftLogWorker: created new log segment /workdir/hadoop-ozone/integration-test/target/test-dir/MiniOzoneClusterImpl-1c535e18-7116-4972-ae9f-a23b67b63868/datanode-0/data/ratis/0d3e9c65-e253-4b1f-ae13-93f8a86ba0ca/current/log_inprogress_0
2019-09-23 16:09:52,970 [grpc-default-executor-0] INFO  impl.RaftServerImpl (RaftServerImpl.java:setRole(174)) - 61544022-af25-4c48-b0da-1584d68884dd@group-93F8A86BA0CA: changes role from  FOLLOWER to FOLLOWER at term 4 for recognizeCandidate:e5032fb1-f51e-4c37-8c06-7d41de8bf135
2019-09-23 16:09:52,971 [grpc-default-executor-0] INFO  impl.RoleInfo (RoleInfo.java:shutdownFollowerState(121)) - 61544022-af25-4c48-b0da-1584d68884dd: shutdown FollowerState
2019-09-23 16:09:52,971 [grpc-default-executor-0] INFO  impl.RoleInfo (RoleInfo.java:updateAndGet(143)) - 61544022-af25-4c48-b0da-1584d68884dd: start FollowerState
2019-09-23 16:09:52,971 [Thread-402] INFO  impl.FollowerState (FollowerState.java:run(115)) - 61544022-af25-4c48-b0da-1584d68884dd: FollowerState was interrupted: java.lang.InterruptedException: sleep interrupted
2019-09-23 16:09:53,348 [Thread-370] INFO  impl.FollowerState (FollowerState.java:run(106)) - 76beba98-382e-417c-a9a7-220e3ae0ea81:group-D8C5EAE0FEDC changes to CANDIDATE, lastRpcTime:5024, electionTimeout:5023ms
2019-09-23 16:09:53,348 [Thread-370] INFO  impl.RoleInfo (RoleInfo.java:shutdownFollowerState(121)) - 76beba98-382e-417c-a9a7-220e3ae0ea81: shutdown FollowerState
2019-09-23 16:09:53,348 [Thread-370] INFO  impl.RaftServerImpl (RaftServerImpl.java:setRole(174)) - 76beba98-382e-417c-a9a7-220e3ae0ea81@group-D8C5EAE0FEDC: changes role from  FOLLOWER to CANDIDATE at term 2 for changeToCandidate
2019-09-23 16:09:53,349 [Thread-370] INFO  impl.RoleInfo (RoleInfo.java:updateAndGet(143)) - 76beba98-382e-417c-a9a7-220e3ae0ea81: start LeaderElection
2019-09-23 16:09:53,352 [Thread-371] INFO  impl.FollowerState (FollowerState.java:run(106)) - 140ce4e8-065f-48c8-9992-7144cce7209c:group-D8C5EAE0FEDC changes to CANDIDATE, lastRpcTime:5028, electionTimeout:5027ms
2019-09-23 16:09:53,352 [Thread-371] INFO  impl.RoleInfo (RoleInfo.java:shutdownFollowerState(121)) - 140ce4e8-065f-48c8-9992-7144cce7209c: shutdown FollowerState
2019-09-23 16:09:53,352 [Thread-371] INFO  impl.RaftServerImpl (RaftServerImpl.java:setRole(174)) - 140ce4e8-065f-48c8-9992-7144cce7209c@group-D8C5EAE0FEDC: changes role from  FOLLOWER to CANDIDATE at term 2 for changeToCandidate
2019-09-23 16:09:53,353 [Thread-371] INFO  impl.RoleInfo (RoleInfo.java:updateAndGet(143)) - 140ce4e8-065f-48c8-9992-7144cce7209c: start LeaderElection
2019-09-23 16:09:53,428 [140ce4e8-065f-48c8-9992-7144cce7209c@group-D8C5EAE0FEDC:LeaderElection24] INFO  impl.LeaderElection (LeaderElection.java:askForVotes(182)) - 140ce4e8-065f-48c8-9992-7144cce7209c@group-D8C5EAE0FEDC:LeaderElection24: begin an election at term 3 for -1: [140ce4e8-065f-48c8-9992-7144cce7209c:192.168.34.17:33128, 19fc0876-1805-41fe-b2ab-ad2bbc602717:192.168.34.17:42483, 76beba98-382e-417c-a9a7-220e3ae0ea81:192.168.34.17:35133], old=null
2019-09-23 16:09:53,428 [76beba98-382e-417c-a9a7-220e3ae0ea81@group-D8C5EAE0FEDC:LeaderElection23] INFO  impl.LeaderElection (LeaderElection.java:askForVotes(182)) - 76beba98-382e-417c-a9a7-220e3ae0ea81@group-D8C5EAE0FEDC:LeaderElection23: begin an election at term 3 for -1: [140ce4e8-065f-48c8-9992-7144cce7209c:192.168.34.17:33128, 19fc0876-1805-41fe-b2ab-ad2bbc602717:192.168.34.17:42483, 76beba98-382e-417c-a9a7-220e3ae0ea81:192.168.34.17:35133], old=null
2019-09-23 16:09:53,433 [grpc-default-executor-0] INFO  impl.RaftServerImpl (RaftServerImpl.java:setRole(174)) - 19fc0876-1805-41fe-b2ab-ad2bbc602717@group-D8C5EAE0FEDC: changes role from  FOLLOWER to FOLLOWER at term 3 for recognizeCandidate:76beba98-382e-417c-a9a7-220e3ae0ea81
2019-09-23 16:09:53,433 [grpc-default-executor-0] INFO  impl.RoleInfo (RoleInfo.java:shutdownFollowerState(121)) - 19fc0876-1805-41fe-b2ab-ad2bbc602717: shutdown FollowerState
2019-09-23 16:09:53,434 [grpc-default-executor-0] INFO  impl.RoleInfo (RoleInfo.java:updateAndGet(143)) - 19fc0876-1805-41fe-b2ab-ad2bbc602717: start FollowerState
2019-09-23 16:09:53,434 [Thread-372] INFO  impl.FollowerState (FollowerState.java:run(115)) - 19fc0876-1805-41fe-b2ab-ad2bbc602717: FollowerState was interrupted: java.lang.InterruptedException: sleep interrupted
2019-09-23 16:09:53,572 [76beba98-382e-417c-a9a7-220e3ae0ea81@group-D8C5EAE0FEDC:LeaderElection23] INFO  impl.LeaderElection (LeaderElection.java:logAndReturn(56)) - 76beba98-382e-417c-a9a7-220e3ae0ea81@group-D8C5EAE0FEDC:LeaderElection23: Election PASSED; received 2 response(s) [76beba98-382e-417c-a9a7-220e3ae0ea81<-140ce4e8-065f-48c8-9992-7144cce7209c#0:FAIL-t3, 76beba98-382e-417c-a9a7-220e3ae0ea81<-19fc0876-1805-41fe-b2ab-ad2bbc602717#0:OK-t3] and 0 exception(s); 76beba98-382e-417c-a9a7-220e3ae0ea81@group-D8C5EAE0FEDC:t3, leader=null, voted=76beba98-382e-417c-a9a7-220e3ae0ea81, raftlog=76beba98-382e-417c-a9a7-220e3ae0ea81@group-D8C5EAE0FEDC-SegmentedRaftLog:OPENED:c-1,f-1,i0, conf=-1: [140ce4e8-065f-48c8-9992-7144cce7209c:192.168.34.17:33128, 19fc0876-1805-41fe-b2ab-ad2bbc602717:192.168.34.17:42483, 76beba98-382e-417c-a9a7-220e3ae0ea81:192.168.34.17:35133], old=null
2019-09-23 16:09:53,572 [140ce4e8-065f-48c8-9992-7144cce7209c@group-D8C5EAE0FEDC:LeaderElection24] INFO  impl.LeaderElection (LeaderElection.java:logAndReturn(56)) - 140ce4e8-065f-48c8-9992-7144cce7209c@group-D8C5EAE0FEDC:LeaderElection24: Election REJECTED; received 2 response(s) [140ce4e8-065f-48c8-9992-7144cce7209c<-19fc0876-1805-41fe-b2ab-ad2bbc602717#0:FAIL-t3, 140ce4e8-065f-48c8-9992-7144cce7209c<-76beba98-382e-417c-a9a7-220e3ae0ea81#0:FAIL-t3] and 0 exception(s); 140ce4e8-065f-48c8-9992-7144cce7209c@group-D8C5EAE0FEDC:t3, leader=null, voted=140ce4e8-065f-48c8-9992-7144cce7209c, raftlog=140ce4e8-065f-48c8-9992-7144cce7209c@group-D8C5EAE0FEDC-SegmentedRaftLog:OPENED:c-1,f-1,i0, conf=-1: [140ce4e8-065f-48c8-9992-7144cce7209c:192.168.34.17:33128, 19fc0876-1805-41fe-b2ab-ad2bbc602717:192.168.34.17:42483, 76beba98-382e-417c-a9a7-220e3ae0ea81:192.168.34.17:35133], old=null
2019-09-23 16:09:53,573 [76beba98-382e-417c-a9a7-220e3ae0ea81@group-D8C5EAE0FEDC:LeaderElection23] INFO  impl.RoleInfo (RoleInfo.java:shutdownLeaderElection(134)) - 76beba98-382e-417c-a9a7-220e3ae0ea81: shutdown LeaderElection
2019-09-23 16:09:53,576 [140ce4e8-065f-48c8-9992-7144cce7209c@group-D8C5EAE0FEDC:LeaderElection24] INFO  impl.RaftServerImpl (RaftServerImpl.java:setRole(174)) - 140ce4e8-065f-48c8-9992-7144cce7209c@group-D8C5EAE0FEDC: changes role from CANDIDATE to FOLLOWER at term 3 for DISCOVERED_A_NEW_TERM
2019-09-23 16:09:53,578 [76beba98-382e-417c-a9a7-220e3ae0ea81@group-D8C5EAE0FEDC:LeaderElection23] INFO  impl.RaftServerImpl (RaftServerImpl.java:setRole(174)) - 76beba98-382e-417c-a9a7-220e3ae0ea81@group-D8C5EAE0FEDC: changes role from CANDIDATE to LEADER at term 3 for changeToLeader
2019-09-23 16:09:53,578 [140ce4e8-065f-48c8-9992-7144cce7209c@group-D8C5EAE0FEDC:LeaderElection24] INFO  impl.RoleInfo (RoleInfo.java:shutdownLeaderElection(134)) - 140ce4e8-065f-48c8-9992-7144cce7209c: shutdown LeaderElection
2019-09-23 16:09:53,579 [76beba98-382e-417c-a9a7-220e3ae0ea81@group-D8C5EAE0FEDC:LeaderElection23] INFO  impl.RaftServerImpl (ServerState.java:setLeader(253)) - 76beba98-382e-417c-a9a7-220e3ae0ea81@group-D8C5EAE0FEDC: change Leader from null to 76beba98-382e-417c-a9a7-220e3ae0ea81 at term 3 for becomeLeader, leader elected after 20515ms
2019-09-23 16:09:53,579 [140ce4e8-065f-48c8-9992-7144cce7209c@group-D8C5EAE0FEDC:LeaderElection24] INFO  impl.RoleInfo (RoleInfo.java:updateAndGet(143)) - 140ce4e8-065f-48c8-9992-7144cce7209c: start FollowerState
2019-09-23 16:09:53,579 [76beba98-382e-417c-a9a7-220e3ae0ea81@group-D8C5EAE0FEDC:LeaderElection23] INFO  server.RaftServerConfigKeys (ConfUtils.java:logGet(43)) - raft.server.staging.catchup.gap = 1000 (default)
2019-09-23 16:09:53,579 [76beba98-382e-417c-a9a7-220e3ae0ea81@group-D8C5EAE0FEDC:LeaderElection23] INFO  server.RaftServerConfigKeys (ConfUtils.java:logGet(43)) - raft.server.rpc.sleep.time = 25ms (default)
2019-09-23 16:09:53,579 [76beba98-382e-417c-a9a7-220e3ae0ea81@group-D8C5EAE0FEDC:LeaderElection23] INFO  server.RaftServerConfigKeys (ConfUtils.java:logGet(43)) - raft.server.write.element-limit = 4096 (default)
2019-09-23 16:09:53,580 [76beba98-382e-417c-a9a7-220e3ae0ea81@group-D8C5EAE0FEDC:LeaderElection23] INFO  server.RaftServerConfigKeys (ConfUtils.java:logGet(43)) - raft.server.watch.timeout = 10s (default)
2019-09-23 16:09:53,580 [76beba98-382e-417c-a9a7-220e3ae0ea81@group-D8C5EAE0FEDC:LeaderElection23] INFO  server.RaftServerConfigKeys (ConfUtils.java:logGet(43)) - raft.server.watch.timeout.denomination = 1s (default)
2019-09-23 16:09:53,580 [76beba98-382e-417c-a9a7-220e3ae0ea81@group-D8C5EAE0FEDC:LeaderElection23] INFO  server.RaftServerConfigKeys (ConfUtils.java:logGet(43)) - raft.server.watch.element-limit = 65536 (default)
2019-09-23 16:09:53,583 [76beba98-382e-417c-a9a7-220e3ae0ea81@group-D8C5EAE0FEDC:LeaderElection23] INFO  server.RaftServerConfigKeys (ConfUtils.java:logGet(43)) - raft.server.log.appender.snapshot.chunk.size.max = 16MB (=16777216) (default)
2019-09-23 16:09:53,583 [76beba98-382e-417c-a9a7-220e3ae0ea81@group-D8C5EAE0FEDC:LeaderElection23] INFO  server.RaftServerConfigKeys (ConfUtils.java:logGet(43)) - raft.server.log.appender.buffer.byte-limit = 33554432 (custom)
2019-09-23 16:09:53,583 [76beba98-382e-417c-a9a7-220e3ae0ea81@group-D8C5EAE0FEDC:LeaderElection23] INFO  server.RaftServerConfigKeys (ConfUtils.java:logGet(43)) - raft.server.log.appender.buffer.element-limit = 1 (custom)
2019-09-23 16:09:53,583 [76beba98-382e-417c-a9a7-220e3ae0ea81@group-D8C5EAE0FEDC:LeaderElection23] INFO  grpc.GrpcConfigKeys$Server (ConfUtils.java:logGet(43)) - raft.grpc.server.leader.outstanding.appends.max = 128 (default)
2019-09-23 16:09:53,586 [76beba98-382e-417c-a9a7-220e3ae0ea81@group-D8C5EAE0FEDC:LeaderElection23] INFO  server.RaftServerConfigKeys (ConfUtils.java:logGet(43)) - raft.server.rpc.request.timeout = 3000ms (default)
2019-09-23 16:09:53,586 [76beba98-382e-417c-a9a7-220e3ae0ea81@group-D8C5EAE0FEDC:LeaderElection23] INFO  server.RaftServerConfigKeys (ConfUtils.java:logGet(43)) - raft.server.log.appender.install.snapshot.enabled = false (custom)
2019-09-23 16:09:53,586 [76beba98-382e-417c-a9a7-220e3ae0ea81@group-D8C5EAE0FEDC:LeaderElection23] INFO  server.RaftServerConfigKeys (ConfUtils.java:logGet(43)) - raft.server.log.appender.snapshot.chunk.size.max = 16MB (=16777216) (default)
2019-09-23 16:09:53,587 [76beba98-382e-417c-a9a7-220e3ae0ea81@group-D8C5EAE0FEDC:LeaderElection23] INFO  server.RaftServerConfigKeys (ConfUtils.java:logGet(43)) - raft.server.log.appender.buffer.byte-limit = 33554432 (custom)
2019-09-23 16:09:53,587 [76beba98-382e-417c-a9a7-220e3ae0ea81@group-D8C5EAE0FEDC:LeaderElection23] INFO  server.RaftServerConfigKeys (ConfUtils.java:logGet(43)) - raft.server.log.appender.buffer.element-limit = 1 (custom)
2019-09-23 16:09:53,587 [76beba98-382e-417c-a9a7-220e3ae0ea81@group-D8C5EAE0FEDC:LeaderElection23] INFO  grpc.GrpcConfigKeys$Server (ConfUtils.java:logGet(43)) - raft.grpc.server.leader.outstanding.appends.max = 128 (default)
2019-09-23 16:09:53,587 [76beba98-382e-417c-a9a7-220e3ae0ea81@group-D8C5EAE0FEDC:LeaderElection23] INFO  server.RaftServerConfigKeys (ConfUtils.java:logGet(43)) - raft.server.rpc.request.timeout = 3000ms (default)
2019-09-23 16:09:53,587 [76beba98-382e-417c-a9a7-220e3ae0ea81@group-D8C5EAE0FEDC:LeaderElection23] INFO  server.RaftServerConfigKeys (ConfUtils.java:logGet(43)) - raft.server.log.appender.install.snapshot.enabled = false (custom)
2019-09-23 16:09:53,588 [76beba98-382e-417c-a9a7-220e3ae0ea81@group-D8C5EAE0FEDC:LeaderElection23] INFO  impl.RoleInfo (RoleInfo.java:updateAndGet(143)) - 76beba98-382e-417c-a9a7-220e3ae0ea81: start LeaderState
2019-09-23 16:09:53,588 [76beba98-382e-417c-a9a7-220e3ae0ea81@group-D8C5EAE0FEDC:LeaderElection23] INFO  segmented.SegmentedRaftLogWorker (SegmentedRaftLogWorker.java:startLogSegment(380)) - 76beba98-382e-417c-a9a7-220e3ae0ea81@group-D8C5EAE0FEDC-SegmentedRaftLogWorker: Starting segment from index:0
2019-09-23 16:09:53,589 [76beba98-382e-417c-a9a7-220e3ae0ea81@group-D8C5EAE0FEDC:LeaderElection23] INFO  impl.RaftServerImpl (ServerState.java:setRaftConf(354)) - 76beba98-382e-417c-a9a7-220e3ae0ea81@group-D8C5EAE0FEDC: set configuration 0: [140ce4e8-065f-48c8-9992-7144cce7209c:192.168.34.17:33128, 19fc0876-1805-41fe-b2ab-ad2bbc602717:192.168.34.17:42483, 76beba98-382e-417c-a9a7-220e3ae0ea81:192.168.34.17:35133], old=null at 0
2019-09-23 16:09:53,627 [grpc-default-executor-0] INFO  impl.RaftServerImpl (ServerState.java:setLeader(253)) - 140ce4e8-065f-48c8-9992-7144cce7209c@group-D8C5EAE0FEDC: change Leader from null to 76beba98-382e-417c-a9a7-220e3ae0ea81 at term 3 for appendEntries, leader elected after 20563ms
2019-09-23 16:09:53,627 [grpc-default-executor-6] INFO  impl.RaftServerImpl (ServerState.java:setLeader(253)) - 19fc0876-1805-41fe-b2ab-ad2bbc602717@group-D8C5EAE0FEDC: change Leader from null to 76beba98-382e-417c-a9a7-220e3ae0ea81 at term 3 for appendEntries, leader elected after 20563ms
2019-09-23 16:09:53,631 [grpc-default-executor-0] INFO  impl.RaftServerImpl (ServerState.java:setRaftConf(354)) - 140ce4e8-065f-48c8-9992-7144cce7209c@group-D8C5EAE0FEDC: set configuration 0: [140ce4e8-065f-48c8-9992-7144cce7209c:192.168.34.17:33128, 19fc0876-1805-41fe-b2ab-ad2bbc602717:192.168.34.17:42483, 76beba98-382e-417c-a9a7-220e3ae0ea81:192.168.34.17:35133], old=null at 0
2019-09-23 16:09:53,631 [grpc-default-executor-6] INFO  impl.RaftServerImpl (ServerState.java:setRaftConf(354)) - 19fc0876-1805-41fe-b2ab-ad2bbc602717@group-D8C5EAE0FEDC: set configuration 0: [140ce4e8-065f-48c8-9992-7144cce7209c:192.168.34.17:33128, 19fc0876-1805-41fe-b2ab-ad2bbc602717:192.168.34.17:42483, 76beba98-382e-417c-a9a7-220e3ae0ea81:192.168.34.17:35133], old=null at 0
2019-09-23 16:09:53,632 [grpc-default-executor-0] INFO  segmented.SegmentedRaftLogWorker (SegmentedRaftLogWorker.java:startLogSegment(380)) - 140ce4e8-065f-48c8-9992-7144cce7209c@group-D8C5EAE0FEDC-SegmentedRaftLogWorker: Starting segment from index:0
2019-09-23 16:09:53,632 [grpc-default-executor-6] INFO  segmented.SegmentedRaftLogWorker (SegmentedRaftLogWorker.java:startLogSegment(380)) - 19fc0876-1805-41fe-b2ab-ad2bbc602717@group-D8C5EAE0FEDC-SegmentedRaftLogWorker: Starting segment from index:0
2019-09-23 16:09:53,814 [19fc0876-1805-41fe-b2ab-ad2bbc602717@group-D8C5EAE0FEDC-SegmentedRaftLogWorker] INFO  segmented.SegmentedRaftLogWorker (SegmentedRaftLogWorker.java:execute(569)) - 19fc0876-1805-41fe-b2ab-ad2bbc602717@group-D8C5EAE0FEDC-SegmentedRaftLogWorker: created new log segment /workdir/hadoop-ozone/integration-test/target/test-dir/MiniOzoneClusterImpl-1c535e18-7116-4972-ae9f-a23b67b63868/datanode-2/data/ratis/e7f29017-b60c-4536-b001-d8c5eae0fedc/current/log_inprogress_0
2019-09-23 16:09:53,814 [76beba98-382e-417c-a9a7-220e3ae0ea81@group-D8C5EAE0FEDC-SegmentedRaftLogWorker] INFO  segmented.SegmentedRaftLogWorker (SegmentedRaftLogWorker.java:execute(569)) - 76beba98-382e-417c-a9a7-220e3ae0ea81@group-D8C5EAE0FEDC-SegmentedRaftLogWorker: created new log segment /workdir/hadoop-ozone/integration-test/target/test-dir/MiniOzoneClusterImpl-1c535e18-7116-4972-ae9f-a23b67b63868/datanode-1/data/ratis/e7f29017-b60c-4536-b001-d8c5eae0fedc/current/log_inprogress_0
2019-09-23 16:09:53,814 [140ce4e8-065f-48c8-9992-7144cce7209c@group-D8C5EAE0FEDC-SegmentedRaftLogWorker] INFO  segmented.SegmentedRaftLogWorker (SegmentedRaftLogWorker.java:execute(569)) - 140ce4e8-065f-48c8-9992-7144cce7209c@group-D8C5EAE0FEDC-SegmentedRaftLogWorker: created new log segment /workdir/hadoop-ozone/integration-test/target/test-dir/MiniOzoneClusterImpl-1c535e18-7116-4972-ae9f-a23b67b63868/datanode-6/data/ratis/e7f29017-b60c-4536-b001-d8c5eae0fedc/current/log_inprogress_0
]]></system-out>
    <system-err><![CDATA[ERROR StatusLogger No Log4j 2 configuration file found. Using default configuration (logging only errors to the console), or user programmatically provided configurations. Set system property 'log4j2.debug' to show Log4j 2 internal initialization logging. See https://logging.apache.org/log4j/2.x/manual/configuration.html for instructions on how to configure Log4j 2
]]></system-err>
  </testcase>
</testsuite>