<?xml version="1.0" encoding="UTF-8"?>
<testsuite xmlns:xsi="http://www.w3.org/2001/XMLSchema-instance" xsi:noNamespaceSchemaLocation="https://maven.apache.org/surefire/maven-surefire-plugin/xsd/surefire-test-report.xsd" name="org.apache.hadoop.ozone.client.rpc.TestOzoneClientRetriesOnException" time="195.121" tests="2" errors="1" skipped="0" failures="0">
  <properties>
    <property name="awt.toolkit" value="sun.awt.X11.XToolkit"/>
    <property name="file.encoding.pkg" value="sun.io"/>
    <property name="java.specification.version" value="1.8"/>
    <property name="sun.cpu.isalist" value=""/>
    <property name="sun.jnu.encoding" value="UTF-8"/>
    <property name="java.class.path" value="/workdir/hadoop-ozone/integration-test/target/test-classes:/workdir/hadoop-ozone/integration-test/target/classes:/home/user/.m2/repository/org/apache/hadoop/hadoop-ozone-common/0.5.0-SNAPSHOT/hadoop-ozone-common-0.5.0-SNAPSHOT.jar:/home/user/.m2/repository/org/apache/commons/commons-compress/1.4.1/commons-compress-1.4.1.jar:/home/user/.m2/repository/org/tukaani/xz/1.0/xz-1.0.jar:/home/user/.m2/repository/org/apache/hadoop/hadoop-common/3.2.0/hadoop-common-3.2.0.jar:/home/user/.m2/repository/org/apache/hadoop/hadoop-hdfs/3.2.0/hadoop-hdfs-3.2.0.jar:/home/user/.m2/repository/org/apache/hadoop/hadoop-hdfs-client/3.2.0/hadoop-hdfs-client-3.2.0.jar:/home/user/.m2/repository/com/fasterxml/jackson/core/jackson-annotations/2.9.9/jackson-annotations-2.9.9.jar:/home/user/.m2/repository/org/apache/hadoop/hadoop-hdds-common/0.5.0-SNAPSHOT/hadoop-hdds-common-0.5.0-SNAPSHOT.jar:/home/user/.m2/repository/javax/annotation/javax.annotation-api/1.2/javax.annotation-api-1.2.jar:/home/user/.m2/repository/org/apache/ratis/ratis-server/0.4.0/ratis-server-0.4.0.jar:/home/user/.m2/repository/org/apache/ratis/ratis-thirdparty-misc/0.2.0/ratis-thirdparty-misc-0.2.0.jar:/home/user/.m2/repository/org/apache/ratis/ratis-proto/0.4.0/ratis-proto-0.4.0.jar:/home/user/.m2/repository/org/apache/ratis/ratis-common/0.4.0/ratis-common-0.4.0.jar:/home/user/.m2/repository/org/apache/ratis/ratis-client/0.4.0/ratis-client-0.4.0.jar:/home/user/.m2/repository/org/apache/ratis/ratis-metrics/0.4.0/ratis-metrics-0.4.0.jar:/home/user/.m2/repository/com/github/joshelser/dropwizard-metrics-hadoop-metrics2-reporter/0.1.2/dropwizard-metrics-hadoop-metrics2-reporter-0.1.2.jar:/home/user/.m2/repository/io/dropwizard/metrics/metrics-jvm/3.2.5/metrics-jvm-3.2.5.jar:/home/user/.m2/repository/io/dropwizard/metrics/metrics-ganglia/3.2.5/metrics-ganglia-3.2.5.jar:/home/user/.m2/repository/info/ganglia/gmetric4j/gmetric4j/1.0.7/gmetric4j-1.0.7.jar:/home/user/.m2/repository/org/apache/ratis/ratis-netty/0.4.0/ratis-netty-0.4.0.jar:/home/user/.m2/repository/org/apache/ratis/ratis-grpc/0.4.0/ratis-grpc-0.4.0.jar:/home/user/.m2/repository/org/rocksdb/rocksdbjni/6.0.1/rocksdbjni-6.0.1.jar:/home/user/.m2/repository/org/apache/logging/log4j/log4j-api/2.11.0/log4j-api-2.11.0.jar:/home/user/.m2/repository/org/apache/logging/log4j/log4j-core/2.11.0/log4j-core-2.11.0.jar:/home/user/.m2/repository/com/lmax/disruptor/3.4.2/disruptor-3.4.2.jar:/home/user/.m2/repository/org/apache/commons/commons-pool2/2.6.0/commons-pool2-2.6.0.jar:/home/user/.m2/repository/org/bouncycastle/bcpkix-jdk15on/1.60/bcpkix-jdk15on-1.60.jar:/home/user/.m2/repository/commons-validator/commons-validator/1.6/commons-validator-1.6.jar:/home/user/.m2/repository/commons-digester/commons-digester/1.8.1/commons-digester-1.8.1.jar:/home/user/.m2/repository/io/jaegertracing/jaeger-client/0.34.0/jaeger-client-0.34.0.jar:/home/user/.m2/repository/io/jaegertracing/jaeger-thrift/0.34.0/jaeger-thrift-0.34.0.jar:/home/user/.m2/repository/org/apache/thrift/libthrift/0.12.0/libthrift-0.12.0.jar:/home/user/.m2/repository/com/squareup/okhttp3/okhttp/3.9.0/okhttp-3.9.0.jar:/home/user/.m2/repository/com/squareup/okio/okio/1.13.0/okio-1.13.0.jar:/home/user/.m2/repository/io/jaegertracing/jaeger-core/0.34.0/jaeger-core-0.34.0.jar:/home/user/.m2/repository/io/jaegertracing/jaeger-tracerresolver/0.34.0/jaeger-tracerresolver-0.34.0.jar:/home/user/.m2/repository/io/opentracing/contrib/opentracing-tracerresolver/0.1.5/opentracing-tracerresolver-0.1.5.jar:/home/user/.m2/repository/io/opentracing/opentracing-util/0.31.0/opentracing-util-0.31.0.jar:/home/user/.m2/repository/io/opentracing/opentracing-api/0.31.0/opentracing-api-0.31.0.jar:/home/user/.m2/repository/io/opentracing/opentracing-noop/0.31.0/opentracing-noop-0.31.0.jar:/home/user/.m2/repository/org/apache/hadoop/hadoop-hdds-server-framework/0.5.0-SNAPSHOT/hadoop-hdds-server-framework-0.5.0-SNAPSHOT.jar:/home/user/.m2/repository/org/apache/hadoop/hadoop-hdds-container-service/0.5.0-SNAPSHOT/hadoop-hdds-container-service-0.5.0-SNAPSHOT.jar:/home/user/.m2/repository/org/apache/hadoop/hadoop-hdds-client/0.5.0-SNAPSHOT/hadoop-hdds-client-0.5.0-SNAPSHOT.jar:/home/user/.m2/repository/org/apache/hadoop/hadoop-hdds-tools/0.5.0-SNAPSHOT/hadoop-hdds-tools-0.5.0-SNAPSHOT.jar:/home/user/.m2/repository/org/apache/hadoop/hadoop-hdds-server-scm/0.5.0-SNAPSHOT/hadoop-hdds-server-scm-0.5.0-SNAPSHOT.jar:/home/user/.m2/repository/org/apache/hadoop/hadoop-hdds-docs/0.5.0-SNAPSHOT/hadoop-hdds-docs-0.5.0-SNAPSHOT.jar:/home/user/.m2/repository/io/dropwizard/metrics/metrics-core/3.2.4/metrics-core-3.2.4.jar:/home/user/.m2/repository/org/hamcrest/hamcrest-all/1.3/hamcrest-all-1.3.jar:/home/user/.m2/repository/org/bouncycastle/bcprov-jdk15on/1.60/bcprov-jdk15on-1.60.jar:/home/user/.m2/repository/info/picocli/picocli/3.9.6/picocli-3.9.6.jar:/home/user/.m2/repository/com/google/protobuf/protobuf-java/2.5.0/protobuf-java-2.5.0.jar:/home/user/.m2/repository/com/google/guava/guava/11.0.2/guava-11.0.2.jar:/home/user/.m2/repository/org/apache/hadoop/hadoop-ozone-ozone-manager/0.5.0-SNAPSHOT/hadoop-ozone-ozone-manager-0.5.0-SNAPSHOT.jar:/home/user/.m2/repository/org/apache/hadoop/hadoop-minikdc/3.2.0/hadoop-minikdc-3.2.0.jar:/home/user/.m2/repository/commons-io/commons-io/2.5/commons-io-2.5.jar:/home/user/.m2/repository/org/apache/kerby/kerb-simplekdc/1.0.1/kerb-simplekdc-1.0.1.jar:/home/user/.m2/repository/org/apache/kerby/kerb-client/1.0.1/kerb-client-1.0.1.jar:/home/user/.m2/repository/org/apache/kerby/kerby-config/1.0.1/kerby-config-1.0.1.jar:/home/user/.m2/repository/org/apache/kerby/kerb-core/1.0.1/kerb-core-1.0.1.jar:/home/user/.m2/repository/org/apache/kerby/kerby-pkix/1.0.1/kerby-pkix-1.0.1.jar:/home/user/.m2/repository/org/apache/kerby/kerby-asn1/1.0.1/kerby-asn1-1.0.1.jar:/home/user/.m2/repository/org/apache/kerby/kerby-util/1.0.1/kerby-util-1.0.1.jar:/home/user/.m2/repository/org/apache/kerby/kerb-common/1.0.1/kerb-common-1.0.1.jar:/home/user/.m2/repository/org/apache/kerby/kerb-crypto/1.0.1/kerb-crypto-1.0.1.jar:/home/user/.m2/repository/org/apache/kerby/kerb-util/1.0.1/kerb-util-1.0.1.jar:/home/user/.m2/repository/org/apache/kerby/token-provider/1.0.1/token-provider-1.0.1.jar:/home/user/.m2/repository/org/apache/kerby/kerb-admin/1.0.1/kerb-admin-1.0.1.jar:/home/user/.m2/repository/org/apache/kerby/kerb-server/1.0.1/kerb-server-1.0.1.jar:/home/user/.m2/repository/org/apache/kerby/kerb-identity/1.0.1/kerb-identity-1.0.1.jar:/home/user/.m2/repository/org/apache/kerby/kerby-xdr/1.0.1/kerby-xdr-1.0.1.jar:/home/user/.m2/repository/org/slf4j/slf4j-log4j12/1.7.25/slf4j-log4j12-1.7.25.jar:/home/user/.m2/repository/org/apache/hadoop/hadoop-ozone-s3gateway/0.5.0-SNAPSHOT/hadoop-ozone-s3gateway-0.5.0-SNAPSHOT.jar:/home/user/.m2/repository/org/jboss/weld/servlet/weld-servlet/2.4.7.Final/weld-servlet-2.4.7.Final.jar:/home/user/.m2/repository/org/glassfish/jersey/containers/jersey-container-servlet-core/2.27/jersey-container-servlet-core-2.27.jar:/home/user/.m2/repository/org/glassfish/hk2/external/javax.inject/2.5.0-b42/javax.inject-2.5.0-b42.jar:/home/user/.m2/repository/org/glassfish/jersey/core/jersey-common/2.27/jersey-common-2.27.jar:/home/user/.m2/repository/org/glassfish/hk2/osgi-resource-locator/1.0.1/osgi-resource-locator-1.0.1.jar:/home/user/.m2/repository/javax/ws/rs/javax.ws.rs-api/2.1/javax.ws.rs-api-2.1.jar:/home/user/.m2/repository/org/glassfish/jersey/ext/cdi/jersey-cdi1x/2.27/jersey-cdi1x-2.27.jar:/home/user/.m2/repository/org/glassfish/jersey/inject/jersey-hk2/2.27/jersey-hk2-2.27.jar:/home/user/.m2/repository/org/glassfish/hk2/hk2-locator/2.5.0-b42/hk2-locator-2.5.0-b42.jar:/home/user/.m2/repository/org/javassist/javassist/3.22.0-CR2/javassist-3.22.0-CR2.jar:/home/user/.m2/repository/org/glassfish/hk2/hk2-api/2.5.0/hk2-api-2.5.0.jar:/home/user/.m2/repository/org/glassfish/hk2/external/jakarta.inject/2.5.0/jakarta.inject-2.5.0.jar:/home/user/.m2/repository/org/glassfish/hk2/hk2-utils/2.5.0/hk2-utils-2.5.0.jar:/home/user/.m2/repository/jakarta/annotation/jakarta.annotation-api/1.3.4/jakarta.annotation-api-1.3.4.jar:/home/user/.m2/repository/org/glassfish/hk2/external/aopalliance-repackaged/2.5.0/aopalliance-repackaged-2.5.0.jar:/home/user/.m2/repository/com/fasterxml/jackson/dataformat/jackson-dataformat-xml/2.9.0/jackson-dataformat-xml-2.9.0.jar:/home/user/.m2/repository/com/fasterxml/jackson/core/jackson-core/2.9.9/jackson-core-2.9.9.jar:/home/user/.m2/repository/com/fasterxml/jackson/module/jackson-module-jaxb-annotations/2.9.9/jackson-module-jaxb-annotations-2.9.9.jar:/home/user/.m2/repository/javax/enterprise/cdi-api/1.2/cdi-api-1.2.jar:/home/user/.m2/repository/javax/el/javax.el-api/3.0.0/javax.el-api-3.0.0.jar:/home/user/.m2/repository/javax/interceptor/javax.interceptor-api/1.2/javax.interceptor-api-1.2.jar:/home/user/.m2/repository/javax/inject/javax.inject/1/javax.inject-1.jar:/home/user/.m2/repository/com/sun/xml/bind/jaxb-impl/2.3.0.1/jaxb-impl-2.3.0.1.jar:/home/user/.m2/repository/com/sun/xml/bind/jaxb-core/2.3.0.1/jaxb-core-2.3.0.1.jar:/home/user/.m2/repository/javax/xml/bind/jaxb-api/2.3.0/jaxb-api-2.3.0.jar:/home/user/.m2/repository/javax/activation/activation/1.1.1/activation-1.1.1.jar:/home/user/.m2/repository/org/apache/hadoop/hadoop-ozone-csi/0.5.0-SNAPSHOT/hadoop-ozone-csi-0.5.0-SNAPSHOT.jar:/home/user/.m2/repository/com/google/protobuf/protobuf-java-util/3.5.1/protobuf-java-util-3.5.1.jar:/home/user/.m2/repository/org/apache/hadoop/hadoop-hdds-config/0.5.0-SNAPSHOT/hadoop-hdds-config-0.5.0-SNAPSHOT.jar:/home/user/.m2/repository/io/grpc/grpc-netty/1.17.1/grpc-netty-1.17.1.jar:/home/user/.m2/repository/io/grpc/grpc-core/1.17.1/grpc-core-1.17.1.jar:/home/user/.m2/repository/io/grpc/grpc-context/1.17.1/grpc-context-1.17.1.jar:/home/user/.m2/repository/com/google/errorprone/error_prone_annotations/2.2.0/error_prone_annotations-2.2.0.jar:/home/user/.m2/repository/org/codehaus/mojo/animal-sniffer-annotations/1.17/animal-sniffer-annotations-1.17.jar:/home/user/.m2/repository/io/opencensus/opencensus-api/0.17.0/opencensus-api-0.17.0.jar:/home/user/.m2/repository/io/opencensus/opencensus-contrib-grpc-metrics/0.17.0/opencensus-contrib-grpc-metrics-0.17.0.jar:/home/user/.m2/repository/io/netty/netty-codec-http2/4.1.30.Final/netty-codec-http2-4.1.30.Final.jar:/home/user/.m2/repository/io/netty/netty-codec-http/4.1.30.Final/netty-codec-http-4.1.30.Final.jar:/home/user/.m2/repository/io/netty/netty-codec/4.1.30.Final/netty-codec-4.1.30.Final.jar:/home/user/.m2/repository/io/netty/netty-handler/4.1.30.Final/netty-handler-4.1.30.Final.jar:/home/user/.m2/repository/io/netty/netty-handler-proxy/4.1.30.Final/netty-handler-proxy-4.1.30.Final.jar:/home/user/.m2/repository/io/netty/netty-codec-socks/4.1.30.Final/netty-codec-socks-4.1.30.Final.jar:/home/user/.m2/repository/io/netty/netty-transport-native-epoll/4.1.30.Final/netty-transport-native-epoll-4.1.30.Final.jar:/home/user/.m2/repository/io/netty/netty-common/4.1.30.Final/netty-common-4.1.30.Final.jar:/home/user/.m2/repository/io/netty/netty-buffer/4.1.30.Final/netty-buffer-4.1.30.Final.jar:/home/user/.m2/repository/io/netty/netty-transport/4.1.30.Final/netty-transport-4.1.30.Final.jar:/home/user/.m2/repository/io/netty/netty-resolver/4.1.30.Final/netty-resolver-4.1.30.Final.jar:/home/user/.m2/repository/io/netty/netty-transport-native-unix-common/4.1.30.Final/netty-transport-native-unix-common-4.1.30.Final.jar:/home/user/.m2/repository/io/grpc/grpc-protobuf/1.17.1/grpc-protobuf-1.17.1.jar:/home/user/.m2/repository/com/google/api/grpc/proto-google-common-protos/1.0.0/proto-google-common-protos-1.0.0.jar:/home/user/.m2/repository/io/grpc/grpc-protobuf-lite/1.17.1/grpc-protobuf-lite-1.17.1.jar:/home/user/.m2/repository/io/grpc/grpc-stub/1.17.1/grpc-stub-1.17.1.jar:/home/user/.m2/repository/org/apache/hadoop/hadoop-ozone-recon/0.5.0-SNAPSHOT/hadoop-ozone-recon-0.5.0-SNAPSHOT.jar:/home/user/.m2/repository/org/apache/hadoop/hadoop-ozone-reconcodegen/0.5.0-SNAPSHOT/hadoop-ozone-reconcodegen-0.5.0-SNAPSHOT.jar:/home/user/.m2/repository/com/google/inject/extensions/guice-multibindings/4.0/guice-multibindings-4.0.jar:/home/user/.m2/repository/com/google/inject/guice/4.0/guice-4.0.jar:/home/user/.m2/repository/aopalliance/aopalliance/1.0/aopalliance-1.0.jar:/home/user/.m2/repository/com/google/inject/extensions/guice-servlet/4.0/guice-servlet-4.0.jar:/home/user/.m2/repository/org/glassfish/jersey/containers/jersey-container-servlet/2.27/jersey-container-servlet-2.27.jar:/home/user/.m2/repository/org/glassfish/hk2/guice-bridge/2.5.0/guice-bridge-2.5.0.jar:/home/user/.m2/repository/org/glassfish/jersey/core/jersey-server/2.27/jersey-server-2.27.jar:/home/user/.m2/repository/org/glassfish/jersey/core/jersey-client/2.27/jersey-client-2.27.jar:/home/user/.m2/repository/org/glassfish/jersey/media/jersey-media-jaxb/2.27/jersey-media-jaxb-2.27.jar:/home/user/.m2/repository/javax/validation/validation-api/1.1.0.Final/validation-api-1.1.0.Final.jar:/home/user/.m2/repository/org/glassfish/jersey/media/jersey-media-json-jackson/2.27/jersey-media-json-jackson-2.27.jar:/home/user/.m2/repository/org/glassfish/jersey/ext/jersey-entity-filtering/2.27/jersey-entity-filtering-2.27.jar:/home/user/.m2/repository/com/google/inject/extensions/guice-assistedinject/4.0/guice-assistedinject-4.0.jar:/home/user/.m2/repository/org/jooq/jooq/3.11.10/jooq-3.11.10.jar:/home/user/.m2/repository/org/jooq/jooq-meta/3.11.10/jooq-meta-3.11.10.jar:/home/user/.m2/repository/org/jooq/jooq-codegen/3.11.10/jooq-codegen-3.11.10.jar:/home/user/.m2/repository/com/jolbox/bonecp/0.8.0.RELEASE/bonecp-0.8.0.RELEASE.jar:/home/user/.m2/repository/org/xerial/sqlite-jdbc/3.25.2/sqlite-jdbc-3.25.2.jar:/home/user/.m2/repository/org/springframework/spring-jdbc/5.1.3.RELEASE/spring-jdbc-5.1.3.RELEASE.jar:/home/user/.m2/repository/org/springframework/spring-beans/5.1.3.RELEASE/spring-beans-5.1.3.RELEASE.jar:/home/user/.m2/repository/org/springframework/spring-core/5.1.3.RELEASE/spring-core-5.1.3.RELEASE.jar:/home/user/.m2/repository/org/springframework/spring-jcl/5.1.3.RELEASE/spring-jcl-5.1.3.RELEASE.jar:/home/user/.m2/repository/org/springframework/spring-tx/5.1.3.RELEASE/spring-tx-5.1.3.RELEASE.jar:/home/user/.m2/repository/org/apache/hadoop/hadoop-ozone-client/0.5.0-SNAPSHOT/hadoop-ozone-client-0.5.0-SNAPSHOT.jar:/home/user/.m2/repository/commons-lang/commons-lang/2.6/commons-lang-2.6.jar:/home/user/.m2/repository/org/apache/hadoop/hadoop-ozone-ozone-manager/0.5.0-SNAPSHOT/hadoop-ozone-ozone-manager-0.5.0-SNAPSHOT-tests.jar:/home/user/.m2/repository/junit/junit/4.11/junit-4.11.jar:/home/user/.m2/repository/org/hamcrest/hamcrest-core/1.3/hamcrest-core-1.3.jar:/home/user/.m2/repository/org/openjdk/jmh/jmh-core/1.19/jmh-core-1.19.jar:/home/user/.m2/repository/net/sf/jopt-simple/jopt-simple/4.6/jopt-simple-4.6.jar:/home/user/.m2/repository/org/apache/commons/commons-math3/3.1.1/commons-math3-3.1.1.jar:/home/user/.m2/repository/org/openjdk/jmh/jmh-generator-annprocess/1.19/jmh-generator-annprocess-1.19.jar:/home/user/.m2/repository/org/mockito/mockito-all/1.8.5/mockito-all-1.8.5.jar:/home/user/.m2/repository/org/apache/hadoop/hadoop-kms/3.2.0/hadoop-kms-3.2.0.jar:/home/user/.m2/repository/org/apache/hadoop/hadoop-auth/3.2.0/hadoop-auth-3.2.0.jar:/home/user/.m2/repository/com/nimbusds/nimbus-jose-jwt/4.41.1/nimbus-jose-jwt-4.41.1.jar:/home/user/.m2/repository/com/github/stephenc/jcip/jcip-annotations/1.0-1/jcip-annotations-1.0-1.jar:/home/user/.m2/repository/net/minidev/json-smart/2.3/json-smart-2.3.jar:/home/user/.m2/repository/net/minidev/accessors-smart/1.2/accessors-smart-1.2.jar:/home/user/.m2/repository/org/ow2/asm/asm/5.0.4/asm-5.0.4.jar:/home/user/.m2/repository/org/apache/curator/curator-framework/2.12.0/curator-framework-2.12.0.jar:/home/user/.m2/repository/com/sun/jersey/jersey-core/1.19/jersey-core-1.19.jar:/home/user/.m2/repository/javax/ws/rs/jsr311-api/1.1.1/jsr311-api-1.1.1.jar:/home/user/.m2/repository/com/sun/jersey/jersey-server/1.19/jersey-server-1.19.jar:/home/user/.m2/repository/javax/servlet/javax.servlet-api/3.1.0/javax.servlet-api-3.1.0.jar:/home/user/.m2/repository/org/eclipse/jetty/jetty-server/9.3.25.v20180904/jetty-server-9.3.25.v20180904.jar:/home/user/.m2/repository/org/eclipse/jetty/jetty-http/9.3.25.v20180904/jetty-http-9.3.25.v20180904.jar:/home/user/.m2/repository/org/eclipse/jetty/jetty-io/9.3.25.v20180904/jetty-io-9.3.25.v20180904.jar:/home/user/.m2/repository/org/eclipse/jetty/jetty-webapp/9.3.25.v20180904/jetty-webapp-9.3.25.v20180904.jar:/home/user/.m2/repository/org/eclipse/jetty/jetty-xml/9.3.25.v20180904/jetty-xml-9.3.25.v20180904.jar:/home/user/.m2/repository/log4j/log4j/1.2.17/log4j-1.2.17.jar:/home/user/.m2/repository/org/slf4j/slf4j-api/1.7.25/slf4j-api-1.7.25.jar:/home/user/.m2/repository/org/slf4j/jul-to-slf4j/1.7.25/jul-to-slf4j-1.7.25.jar:/home/user/.m2/repository/org/eclipse/jetty/jetty-util/9.3.25.v20180904/jetty-util-9.3.25.v20180904.jar:/home/user/.m2/repository/com/fasterxml/jackson/core/jackson-databind/2.9.9/jackson-databind-2.9.9.jar:/home/user/.m2/repository/org/apache/hadoop/hadoop-kms/3.2.0/hadoop-kms-3.2.0-tests.jar:/home/user/.m2/repository/org/apache/hadoop/hadoop-hdds-server-scm/0.5.0-SNAPSHOT/hadoop-hdds-server-scm-0.5.0-SNAPSHOT-tests.jar:/home/user/.m2/repository/org/apache/hadoop/hadoop-hdds-container-service/0.5.0-SNAPSHOT/hadoop-hdds-container-service-0.5.0-SNAPSHOT-tests.jar:/home/user/.m2/repository/org/yaml/snakeyaml/1.16/snakeyaml-1.16.jar:/home/user/.m2/repository/org/apache/hadoop/hadoop-common/3.2.0/hadoop-common-3.2.0-tests.jar:/home/user/.m2/repository/org/apache/hadoop/hadoop-annotations/3.2.0/hadoop-annotations-3.2.0.jar:/usr/lib/jvm/java-1.8-openjdk/jre/../lib/tools.jar:/home/user/.m2/repository/commons-cli/commons-cli/1.2/commons-cli-1.2.jar:/home/user/.m2/repository/org/apache/httpcomponents/httpclient/4.5.2/httpclient-4.5.2.jar:/home/user/.m2/repository/org/apache/httpcomponents/httpcore/4.4.4/httpcore-4.4.4.jar:/home/user/.m2/repository/commons-codec/commons-codec/1.11/commons-codec-1.11.jar:/home/user/.m2/repository/commons-net/commons-net/3.6/commons-net-3.6.jar:/home/user/.m2/repository/commons-collections/commons-collections/3.2.2/commons-collections-3.2.2.jar:/home/user/.m2/repository/org/eclipse/jetty/jetty-servlet/9.3.25.v20180904/jetty-servlet-9.3.25.v20180904.jar:/home/user/.m2/repository/org/eclipse/jetty/jetty-security/9.3.25.v20180904/jetty-security-9.3.25.v20180904.jar:/home/user/.m2/repository/javax/servlet/jsp/jsp-api/2.1/jsp-api-2.1.jar:/home/user/.m2/repository/com/sun/jersey/jersey-servlet/1.19/jersey-servlet-1.19.jar:/home/user/.m2/repository/com/sun/jersey/jersey-json/1.19/jersey-json-1.19.jar:/home/user/.m2/repository/org/codehaus/jettison/jettison/1.1/jettison-1.1.jar:/home/user/.m2/repository/org/codehaus/jackson/jackson-core-asl/1.9.13/jackson-core-asl-1.9.13.jar:/home/user/.m2/repository/org/codehaus/jackson/jackson-mapper-asl/1.9.13/jackson-mapper-asl-1.9.13.jar:/home/user/.m2/repository/org/codehaus/jackson/jackson-jaxrs/1.9.13/jackson-jaxrs-1.9.13.jar:/home/user/.m2/repository/org/codehaus/jackson/jackson-xc/1.9.13/jackson-xc-1.9.13.jar:/home/user/.m2/repository/commons-logging/commons-logging/1.1.3/commons-logging-1.1.3.jar:/home/user/.m2/repository/commons-beanutils/commons-beanutils/1.9.4/commons-beanutils-1.9.4.jar:/home/user/.m2/repository/org/apache/commons/commons-configuration2/2.1.1/commons-configuration2-2.1.1.jar:/home/user/.m2/repository/org/apache/commons/commons-lang3/3.7/commons-lang3-3.7.jar:/home/user/.m2/repository/org/apache/commons/commons-text/1.4/commons-text-1.4.jar:/home/user/.m2/repository/org/apache/avro/avro/1.7.7/avro-1.7.7.jar:/home/user/.m2/repository/com/thoughtworks/paranamer/paranamer/2.3/paranamer-2.3.jar:/home/user/.m2/repository/org/xerial/snappy/snappy-java/1.0.5/snappy-java-1.0.5.jar:/home/user/.m2/repository/com/google/re2j/re2j/1.1/re2j-1.1.jar:/home/user/.m2/repository/com/google/code/gson/gson/2.2.4/gson-2.2.4.jar:/home/user/.m2/repository/com/jcraft/jsch/0.1.54/jsch-0.1.54.jar:/home/user/.m2/repository/org/apache/curator/curator-client/2.12.0/curator-client-2.12.0.jar:/home/user/.m2/repository/org/apache/curator/curator-recipes/2.12.0/curator-recipes-2.12.0.jar:/home/user/.m2/repository/com/google/code/findbugs/jsr305/3.0.0/jsr305-3.0.0.jar:/home/user/.m2/repository/org/apache/htrace/htrace-core4/4.1.0-incubating/htrace-core4-4.1.0-incubating.jar:/home/user/.m2/repository/org/apache/zookeeper/zookeeper/3.4.13/zookeeper-3.4.13.jar:/home/user/.m2/repository/jline/jline/0.9.94/jline-0.9.94.jar:/home/user/.m2/repository/org/apache/yetus/audience-annotations/0.5.0/audience-annotations-0.5.0.jar:/home/user/.m2/repository/org/codehaus/woodstox/stax2-api/3.1.4/stax2-api-3.1.4.jar:/home/user/.m2/repository/com/fasterxml/woodstox/woodstox-core/5.0.3/woodstox-core-5.0.3.jar:/home/user/.m2/repository/dnsjava/dnsjava/2.1.7/dnsjava-2.1.7.jar:/home/user/.m2/repository/org/apache/hadoop/hadoop-hdfs/3.2.0/hadoop-hdfs-3.2.0-tests.jar:/home/user/.m2/repository/org/eclipse/jetty/jetty-util-ajax/9.3.25.v20180904/jetty-util-ajax-9.3.25.v20180904.jar:/home/user/.m2/repository/commons-daemon/commons-daemon/1.0.13/commons-daemon-1.0.13.jar:/home/user/.m2/repository/io/netty/netty/3.10.5.Final/netty-3.10.5.Final.jar:/home/user/.m2/repository/io/netty/netty-all/4.0.52.Final/netty-all-4.0.52.Final.jar:/home/user/.m2/repository/org/fusesource/leveldbjni/leveldbjni-all/1.8/leveldbjni-all-1.8.jar:"/>
    <property name="java.vm.vendor" value="IcedTea"/>
    <property name="sun.arch.data.model" value="64"/>
    <property name="test.build.dir" value="/workdir/hadoop-ozone/integration-test/target/test-dir"/>
    <property name="test.cache.data" value=""/>
    <property name="java.vendor.url" value="https://icedtea.classpath.org"/>
    <property name="user.timezone" value=""/>
    <property name="java.vm.specification.version" value="1.8"/>
    <property name="os.name" value="Linux"/>
    <property name="test.build.data" value="/workdir/hadoop-ozone/integration-test/target/test-dir"/>
    <property name="user.country" value="US"/>
    <property name="sun.java.launcher" value="SUN_STANDARD"/>
    <property name="sun.boot.library.path" value="/usr/lib/jvm/java-1.8-openjdk/jre/lib/amd64"/>
    <property name="sun.java.command" value="/workdir/hadoop-ozone/integration-test/target/surefire/surefirebooter5112955013758088502.jar /workdir/hadoop-ozone/integration-test/target/surefire 2019-09-23T15-15-59_719-jvmRun1 surefire9117160687067605047tmp surefire_56925721531917322052tmp"/>
    <property name="test" value="!TestMiniChaosOzoneCluster"/>
    <property name="surefire.test.class.path" value="/workdir/hadoop-ozone/integration-test/target/test-classes:/workdir/hadoop-ozone/integration-test/target/classes:/home/user/.m2/repository/org/apache/hadoop/hadoop-ozone-common/0.5.0-SNAPSHOT/hadoop-ozone-common-0.5.0-SNAPSHOT.jar:/home/user/.m2/repository/org/apache/commons/commons-compress/1.4.1/commons-compress-1.4.1.jar:/home/user/.m2/repository/org/tukaani/xz/1.0/xz-1.0.jar:/home/user/.m2/repository/org/apache/hadoop/hadoop-common/3.2.0/hadoop-common-3.2.0.jar:/home/user/.m2/repository/org/apache/hadoop/hadoop-hdfs/3.2.0/hadoop-hdfs-3.2.0.jar:/home/user/.m2/repository/org/apache/hadoop/hadoop-hdfs-client/3.2.0/hadoop-hdfs-client-3.2.0.jar:/home/user/.m2/repository/com/fasterxml/jackson/core/jackson-annotations/2.9.9/jackson-annotations-2.9.9.jar:/home/user/.m2/repository/org/apache/hadoop/hadoop-hdds-common/0.5.0-SNAPSHOT/hadoop-hdds-common-0.5.0-SNAPSHOT.jar:/home/user/.m2/repository/javax/annotation/javax.annotation-api/1.2/javax.annotation-api-1.2.jar:/home/user/.m2/repository/org/apache/ratis/ratis-server/0.4.0/ratis-server-0.4.0.jar:/home/user/.m2/repository/org/apache/ratis/ratis-thirdparty-misc/0.2.0/ratis-thirdparty-misc-0.2.0.jar:/home/user/.m2/repository/org/apache/ratis/ratis-proto/0.4.0/ratis-proto-0.4.0.jar:/home/user/.m2/repository/org/apache/ratis/ratis-common/0.4.0/ratis-common-0.4.0.jar:/home/user/.m2/repository/org/apache/ratis/ratis-client/0.4.0/ratis-client-0.4.0.jar:/home/user/.m2/repository/org/apache/ratis/ratis-metrics/0.4.0/ratis-metrics-0.4.0.jar:/home/user/.m2/repository/com/github/joshelser/dropwizard-metrics-hadoop-metrics2-reporter/0.1.2/dropwizard-metrics-hadoop-metrics2-reporter-0.1.2.jar:/home/user/.m2/repository/io/dropwizard/metrics/metrics-jvm/3.2.5/metrics-jvm-3.2.5.jar:/home/user/.m2/repository/io/dropwizard/metrics/metrics-ganglia/3.2.5/metrics-ganglia-3.2.5.jar:/home/user/.m2/repository/info/ganglia/gmetric4j/gmetric4j/1.0.7/gmetric4j-1.0.7.jar:/home/user/.m2/repository/org/apache/ratis/ratis-netty/0.4.0/ratis-netty-0.4.0.jar:/home/user/.m2/repository/org/apache/ratis/ratis-grpc/0.4.0/ratis-grpc-0.4.0.jar:/home/user/.m2/repository/org/rocksdb/rocksdbjni/6.0.1/rocksdbjni-6.0.1.jar:/home/user/.m2/repository/org/apache/logging/log4j/log4j-api/2.11.0/log4j-api-2.11.0.jar:/home/user/.m2/repository/org/apache/logging/log4j/log4j-core/2.11.0/log4j-core-2.11.0.jar:/home/user/.m2/repository/com/lmax/disruptor/3.4.2/disruptor-3.4.2.jar:/home/user/.m2/repository/org/apache/commons/commons-pool2/2.6.0/commons-pool2-2.6.0.jar:/home/user/.m2/repository/org/bouncycastle/bcpkix-jdk15on/1.60/bcpkix-jdk15on-1.60.jar:/home/user/.m2/repository/commons-validator/commons-validator/1.6/commons-validator-1.6.jar:/home/user/.m2/repository/commons-digester/commons-digester/1.8.1/commons-digester-1.8.1.jar:/home/user/.m2/repository/io/jaegertracing/jaeger-client/0.34.0/jaeger-client-0.34.0.jar:/home/user/.m2/repository/io/jaegertracing/jaeger-thrift/0.34.0/jaeger-thrift-0.34.0.jar:/home/user/.m2/repository/org/apache/thrift/libthrift/0.12.0/libthrift-0.12.0.jar:/home/user/.m2/repository/com/squareup/okhttp3/okhttp/3.9.0/okhttp-3.9.0.jar:/home/user/.m2/repository/com/squareup/okio/okio/1.13.0/okio-1.13.0.jar:/home/user/.m2/repository/io/jaegertracing/jaeger-core/0.34.0/jaeger-core-0.34.0.jar:/home/user/.m2/repository/io/jaegertracing/jaeger-tracerresolver/0.34.0/jaeger-tracerresolver-0.34.0.jar:/home/user/.m2/repository/io/opentracing/contrib/opentracing-tracerresolver/0.1.5/opentracing-tracerresolver-0.1.5.jar:/home/user/.m2/repository/io/opentracing/opentracing-util/0.31.0/opentracing-util-0.31.0.jar:/home/user/.m2/repository/io/opentracing/opentracing-api/0.31.0/opentracing-api-0.31.0.jar:/home/user/.m2/repository/io/opentracing/opentracing-noop/0.31.0/opentracing-noop-0.31.0.jar:/home/user/.m2/repository/org/apache/hadoop/hadoop-hdds-server-framework/0.5.0-SNAPSHOT/hadoop-hdds-server-framework-0.5.0-SNAPSHOT.jar:/home/user/.m2/repository/org/apache/hadoop/hadoop-hdds-container-service/0.5.0-SNAPSHOT/hadoop-hdds-container-service-0.5.0-SNAPSHOT.jar:/home/user/.m2/repository/org/apache/hadoop/hadoop-hdds-client/0.5.0-SNAPSHOT/hadoop-hdds-client-0.5.0-SNAPSHOT.jar:/home/user/.m2/repository/org/apache/hadoop/hadoop-hdds-tools/0.5.0-SNAPSHOT/hadoop-hdds-tools-0.5.0-SNAPSHOT.jar:/home/user/.m2/repository/org/apache/hadoop/hadoop-hdds-server-scm/0.5.0-SNAPSHOT/hadoop-hdds-server-scm-0.5.0-SNAPSHOT.jar:/home/user/.m2/repository/org/apache/hadoop/hadoop-hdds-docs/0.5.0-SNAPSHOT/hadoop-hdds-docs-0.5.0-SNAPSHOT.jar:/home/user/.m2/repository/io/dropwizard/metrics/metrics-core/3.2.4/metrics-core-3.2.4.jar:/home/user/.m2/repository/org/hamcrest/hamcrest-all/1.3/hamcrest-all-1.3.jar:/home/user/.m2/repository/org/bouncycastle/bcprov-jdk15on/1.60/bcprov-jdk15on-1.60.jar:/home/user/.m2/repository/info/picocli/picocli/3.9.6/picocli-3.9.6.jar:/home/user/.m2/repository/com/google/protobuf/protobuf-java/2.5.0/protobuf-java-2.5.0.jar:/home/user/.m2/repository/com/google/guava/guava/11.0.2/guava-11.0.2.jar:/home/user/.m2/repository/org/apache/hadoop/hadoop-ozone-ozone-manager/0.5.0-SNAPSHOT/hadoop-ozone-ozone-manager-0.5.0-SNAPSHOT.jar:/home/user/.m2/repository/org/apache/hadoop/hadoop-minikdc/3.2.0/hadoop-minikdc-3.2.0.jar:/home/user/.m2/repository/commons-io/commons-io/2.5/commons-io-2.5.jar:/home/user/.m2/repository/org/apache/kerby/kerb-simplekdc/1.0.1/kerb-simplekdc-1.0.1.jar:/home/user/.m2/repository/org/apache/kerby/kerb-client/1.0.1/kerb-client-1.0.1.jar:/home/user/.m2/repository/org/apache/kerby/kerby-config/1.0.1/kerby-config-1.0.1.jar:/home/user/.m2/repository/org/apache/kerby/kerb-core/1.0.1/kerb-core-1.0.1.jar:/home/user/.m2/repository/org/apache/kerby/kerby-pkix/1.0.1/kerby-pkix-1.0.1.jar:/home/user/.m2/repository/org/apache/kerby/kerby-asn1/1.0.1/kerby-asn1-1.0.1.jar:/home/user/.m2/repository/org/apache/kerby/kerby-util/1.0.1/kerby-util-1.0.1.jar:/home/user/.m2/repository/org/apache/kerby/kerb-common/1.0.1/kerb-common-1.0.1.jar:/home/user/.m2/repository/org/apache/kerby/kerb-crypto/1.0.1/kerb-crypto-1.0.1.jar:/home/user/.m2/repository/org/apache/kerby/kerb-util/1.0.1/kerb-util-1.0.1.jar:/home/user/.m2/repository/org/apache/kerby/token-provider/1.0.1/token-provider-1.0.1.jar:/home/user/.m2/repository/org/apache/kerby/kerb-admin/1.0.1/kerb-admin-1.0.1.jar:/home/user/.m2/repository/org/apache/kerby/kerb-server/1.0.1/kerb-server-1.0.1.jar:/home/user/.m2/repository/org/apache/kerby/kerb-identity/1.0.1/kerb-identity-1.0.1.jar:/home/user/.m2/repository/org/apache/kerby/kerby-xdr/1.0.1/kerby-xdr-1.0.1.jar:/home/user/.m2/repository/org/slf4j/slf4j-log4j12/1.7.25/slf4j-log4j12-1.7.25.jar:/home/user/.m2/repository/org/apache/hadoop/hadoop-ozone-s3gateway/0.5.0-SNAPSHOT/hadoop-ozone-s3gateway-0.5.0-SNAPSHOT.jar:/home/user/.m2/repository/org/jboss/weld/servlet/weld-servlet/2.4.7.Final/weld-servlet-2.4.7.Final.jar:/home/user/.m2/repository/org/glassfish/jersey/containers/jersey-container-servlet-core/2.27/jersey-container-servlet-core-2.27.jar:/home/user/.m2/repository/org/glassfish/hk2/external/javax.inject/2.5.0-b42/javax.inject-2.5.0-b42.jar:/home/user/.m2/repository/org/glassfish/jersey/core/jersey-common/2.27/jersey-common-2.27.jar:/home/user/.m2/repository/org/glassfish/hk2/osgi-resource-locator/1.0.1/osgi-resource-locator-1.0.1.jar:/home/user/.m2/repository/javax/ws/rs/javax.ws.rs-api/2.1/javax.ws.rs-api-2.1.jar:/home/user/.m2/repository/org/glassfish/jersey/ext/cdi/jersey-cdi1x/2.27/jersey-cdi1x-2.27.jar:/home/user/.m2/repository/org/glassfish/jersey/inject/jersey-hk2/2.27/jersey-hk2-2.27.jar:/home/user/.m2/repository/org/glassfish/hk2/hk2-locator/2.5.0-b42/hk2-locator-2.5.0-b42.jar:/home/user/.m2/repository/org/javassist/javassist/3.22.0-CR2/javassist-3.22.0-CR2.jar:/home/user/.m2/repository/org/glassfish/hk2/hk2-api/2.5.0/hk2-api-2.5.0.jar:/home/user/.m2/repository/org/glassfish/hk2/external/jakarta.inject/2.5.0/jakarta.inject-2.5.0.jar:/home/user/.m2/repository/org/glassfish/hk2/hk2-utils/2.5.0/hk2-utils-2.5.0.jar:/home/user/.m2/repository/jakarta/annotation/jakarta.annotation-api/1.3.4/jakarta.annotation-api-1.3.4.jar:/home/user/.m2/repository/org/glassfish/hk2/external/aopalliance-repackaged/2.5.0/aopalliance-repackaged-2.5.0.jar:/home/user/.m2/repository/com/fasterxml/jackson/dataformat/jackson-dataformat-xml/2.9.0/jackson-dataformat-xml-2.9.0.jar:/home/user/.m2/repository/com/fasterxml/jackson/core/jackson-core/2.9.9/jackson-core-2.9.9.jar:/home/user/.m2/repository/com/fasterxml/jackson/module/jackson-module-jaxb-annotations/2.9.9/jackson-module-jaxb-annotations-2.9.9.jar:/home/user/.m2/repository/javax/enterprise/cdi-api/1.2/cdi-api-1.2.jar:/home/user/.m2/repository/javax/el/javax.el-api/3.0.0/javax.el-api-3.0.0.jar:/home/user/.m2/repository/javax/interceptor/javax.interceptor-api/1.2/javax.interceptor-api-1.2.jar:/home/user/.m2/repository/javax/inject/javax.inject/1/javax.inject-1.jar:/home/user/.m2/repository/com/sun/xml/bind/jaxb-impl/2.3.0.1/jaxb-impl-2.3.0.1.jar:/home/user/.m2/repository/com/sun/xml/bind/jaxb-core/2.3.0.1/jaxb-core-2.3.0.1.jar:/home/user/.m2/repository/javax/xml/bind/jaxb-api/2.3.0/jaxb-api-2.3.0.jar:/home/user/.m2/repository/javax/activation/activation/1.1.1/activation-1.1.1.jar:/home/user/.m2/repository/org/apache/hadoop/hadoop-ozone-csi/0.5.0-SNAPSHOT/hadoop-ozone-csi-0.5.0-SNAPSHOT.jar:/home/user/.m2/repository/com/google/protobuf/protobuf-java-util/3.5.1/protobuf-java-util-3.5.1.jar:/home/user/.m2/repository/org/apache/hadoop/hadoop-hdds-config/0.5.0-SNAPSHOT/hadoop-hdds-config-0.5.0-SNAPSHOT.jar:/home/user/.m2/repository/io/grpc/grpc-netty/1.17.1/grpc-netty-1.17.1.jar:/home/user/.m2/repository/io/grpc/grpc-core/1.17.1/grpc-core-1.17.1.jar:/home/user/.m2/repository/io/grpc/grpc-context/1.17.1/grpc-context-1.17.1.jar:/home/user/.m2/repository/com/google/errorprone/error_prone_annotations/2.2.0/error_prone_annotations-2.2.0.jar:/home/user/.m2/repository/org/codehaus/mojo/animal-sniffer-annotations/1.17/animal-sniffer-annotations-1.17.jar:/home/user/.m2/repository/io/opencensus/opencensus-api/0.17.0/opencensus-api-0.17.0.jar:/home/user/.m2/repository/io/opencensus/opencensus-contrib-grpc-metrics/0.17.0/opencensus-contrib-grpc-metrics-0.17.0.jar:/home/user/.m2/repository/io/netty/netty-codec-http2/4.1.30.Final/netty-codec-http2-4.1.30.Final.jar:/home/user/.m2/repository/io/netty/netty-codec-http/4.1.30.Final/netty-codec-http-4.1.30.Final.jar:/home/user/.m2/repository/io/netty/netty-codec/4.1.30.Final/netty-codec-4.1.30.Final.jar:/home/user/.m2/repository/io/netty/netty-handler/4.1.30.Final/netty-handler-4.1.30.Final.jar:/home/user/.m2/repository/io/netty/netty-handler-proxy/4.1.30.Final/netty-handler-proxy-4.1.30.Final.jar:/home/user/.m2/repository/io/netty/netty-codec-socks/4.1.30.Final/netty-codec-socks-4.1.30.Final.jar:/home/user/.m2/repository/io/netty/netty-transport-native-epoll/4.1.30.Final/netty-transport-native-epoll-4.1.30.Final.jar:/home/user/.m2/repository/io/netty/netty-common/4.1.30.Final/netty-common-4.1.30.Final.jar:/home/user/.m2/repository/io/netty/netty-buffer/4.1.30.Final/netty-buffer-4.1.30.Final.jar:/home/user/.m2/repository/io/netty/netty-transport/4.1.30.Final/netty-transport-4.1.30.Final.jar:/home/user/.m2/repository/io/netty/netty-resolver/4.1.30.Final/netty-resolver-4.1.30.Final.jar:/home/user/.m2/repository/io/netty/netty-transport-native-unix-common/4.1.30.Final/netty-transport-native-unix-common-4.1.30.Final.jar:/home/user/.m2/repository/io/grpc/grpc-protobuf/1.17.1/grpc-protobuf-1.17.1.jar:/home/user/.m2/repository/com/google/api/grpc/proto-google-common-protos/1.0.0/proto-google-common-protos-1.0.0.jar:/home/user/.m2/repository/io/grpc/grpc-protobuf-lite/1.17.1/grpc-protobuf-lite-1.17.1.jar:/home/user/.m2/repository/io/grpc/grpc-stub/1.17.1/grpc-stub-1.17.1.jar:/home/user/.m2/repository/org/apache/hadoop/hadoop-ozone-recon/0.5.0-SNAPSHOT/hadoop-ozone-recon-0.5.0-SNAPSHOT.jar:/home/user/.m2/repository/org/apache/hadoop/hadoop-ozone-reconcodegen/0.5.0-SNAPSHOT/hadoop-ozone-reconcodegen-0.5.0-SNAPSHOT.jar:/home/user/.m2/repository/com/google/inject/extensions/guice-multibindings/4.0/guice-multibindings-4.0.jar:/home/user/.m2/repository/com/google/inject/guice/4.0/guice-4.0.jar:/home/user/.m2/repository/aopalliance/aopalliance/1.0/aopalliance-1.0.jar:/home/user/.m2/repository/com/google/inject/extensions/guice-servlet/4.0/guice-servlet-4.0.jar:/home/user/.m2/repository/org/glassfish/jersey/containers/jersey-container-servlet/2.27/jersey-container-servlet-2.27.jar:/home/user/.m2/repository/org/glassfish/hk2/guice-bridge/2.5.0/guice-bridge-2.5.0.jar:/home/user/.m2/repository/org/glassfish/jersey/core/jersey-server/2.27/jersey-server-2.27.jar:/home/user/.m2/repository/org/glassfish/jersey/core/jersey-client/2.27/jersey-client-2.27.jar:/home/user/.m2/repository/org/glassfish/jersey/media/jersey-media-jaxb/2.27/jersey-media-jaxb-2.27.jar:/home/user/.m2/repository/javax/validation/validation-api/1.1.0.Final/validation-api-1.1.0.Final.jar:/home/user/.m2/repository/org/glassfish/jersey/media/jersey-media-json-jackson/2.27/jersey-media-json-jackson-2.27.jar:/home/user/.m2/repository/org/glassfish/jersey/ext/jersey-entity-filtering/2.27/jersey-entity-filtering-2.27.jar:/home/user/.m2/repository/com/google/inject/extensions/guice-assistedinject/4.0/guice-assistedinject-4.0.jar:/home/user/.m2/repository/org/jooq/jooq/3.11.10/jooq-3.11.10.jar:/home/user/.m2/repository/org/jooq/jooq-meta/3.11.10/jooq-meta-3.11.10.jar:/home/user/.m2/repository/org/jooq/jooq-codegen/3.11.10/jooq-codegen-3.11.10.jar:/home/user/.m2/repository/com/jolbox/bonecp/0.8.0.RELEASE/bonecp-0.8.0.RELEASE.jar:/home/user/.m2/repository/org/xerial/sqlite-jdbc/3.25.2/sqlite-jdbc-3.25.2.jar:/home/user/.m2/repository/org/springframework/spring-jdbc/5.1.3.RELEASE/spring-jdbc-5.1.3.RELEASE.jar:/home/user/.m2/repository/org/springframework/spring-beans/5.1.3.RELEASE/spring-beans-5.1.3.RELEASE.jar:/home/user/.m2/repository/org/springframework/spring-core/5.1.3.RELEASE/spring-core-5.1.3.RELEASE.jar:/home/user/.m2/repository/org/springframework/spring-jcl/5.1.3.RELEASE/spring-jcl-5.1.3.RELEASE.jar:/home/user/.m2/repository/org/springframework/spring-tx/5.1.3.RELEASE/spring-tx-5.1.3.RELEASE.jar:/home/user/.m2/repository/org/apache/hadoop/hadoop-ozone-client/0.5.0-SNAPSHOT/hadoop-ozone-client-0.5.0-SNAPSHOT.jar:/home/user/.m2/repository/commons-lang/commons-lang/2.6/commons-lang-2.6.jar:/home/user/.m2/repository/org/apache/hadoop/hadoop-ozone-ozone-manager/0.5.0-SNAPSHOT/hadoop-ozone-ozone-manager-0.5.0-SNAPSHOT-tests.jar:/home/user/.m2/repository/junit/junit/4.11/junit-4.11.jar:/home/user/.m2/repository/org/hamcrest/hamcrest-core/1.3/hamcrest-core-1.3.jar:/home/user/.m2/repository/org/openjdk/jmh/jmh-core/1.19/jmh-core-1.19.jar:/home/user/.m2/repository/net/sf/jopt-simple/jopt-simple/4.6/jopt-simple-4.6.jar:/home/user/.m2/repository/org/apache/commons/commons-math3/3.1.1/commons-math3-3.1.1.jar:/home/user/.m2/repository/org/openjdk/jmh/jmh-generator-annprocess/1.19/jmh-generator-annprocess-1.19.jar:/home/user/.m2/repository/org/mockito/mockito-all/1.8.5/mockito-all-1.8.5.jar:/home/user/.m2/repository/org/apache/hadoop/hadoop-kms/3.2.0/hadoop-kms-3.2.0.jar:/home/user/.m2/repository/org/apache/hadoop/hadoop-auth/3.2.0/hadoop-auth-3.2.0.jar:/home/user/.m2/repository/com/nimbusds/nimbus-jose-jwt/4.41.1/nimbus-jose-jwt-4.41.1.jar:/home/user/.m2/repository/com/github/stephenc/jcip/jcip-annotations/1.0-1/jcip-annotations-1.0-1.jar:/home/user/.m2/repository/net/minidev/json-smart/2.3/json-smart-2.3.jar:/home/user/.m2/repository/net/minidev/accessors-smart/1.2/accessors-smart-1.2.jar:/home/user/.m2/repository/org/ow2/asm/asm/5.0.4/asm-5.0.4.jar:/home/user/.m2/repository/org/apache/curator/curator-framework/2.12.0/curator-framework-2.12.0.jar:/home/user/.m2/repository/com/sun/jersey/jersey-core/1.19/jersey-core-1.19.jar:/home/user/.m2/repository/javax/ws/rs/jsr311-api/1.1.1/jsr311-api-1.1.1.jar:/home/user/.m2/repository/com/sun/jersey/jersey-server/1.19/jersey-server-1.19.jar:/home/user/.m2/repository/javax/servlet/javax.servlet-api/3.1.0/javax.servlet-api-3.1.0.jar:/home/user/.m2/repository/org/eclipse/jetty/jetty-server/9.3.25.v20180904/jetty-server-9.3.25.v20180904.jar:/home/user/.m2/repository/org/eclipse/jetty/jetty-http/9.3.25.v20180904/jetty-http-9.3.25.v20180904.jar:/home/user/.m2/repository/org/eclipse/jetty/jetty-io/9.3.25.v20180904/jetty-io-9.3.25.v20180904.jar:/home/user/.m2/repository/org/eclipse/jetty/jetty-webapp/9.3.25.v20180904/jetty-webapp-9.3.25.v20180904.jar:/home/user/.m2/repository/org/eclipse/jetty/jetty-xml/9.3.25.v20180904/jetty-xml-9.3.25.v20180904.jar:/home/user/.m2/repository/log4j/log4j/1.2.17/log4j-1.2.17.jar:/home/user/.m2/repository/org/slf4j/slf4j-api/1.7.25/slf4j-api-1.7.25.jar:/home/user/.m2/repository/org/slf4j/jul-to-slf4j/1.7.25/jul-to-slf4j-1.7.25.jar:/home/user/.m2/repository/org/eclipse/jetty/jetty-util/9.3.25.v20180904/jetty-util-9.3.25.v20180904.jar:/home/user/.m2/repository/com/fasterxml/jackson/core/jackson-databind/2.9.9/jackson-databind-2.9.9.jar:/home/user/.m2/repository/org/apache/hadoop/hadoop-kms/3.2.0/hadoop-kms-3.2.0-tests.jar:/home/user/.m2/repository/org/apache/hadoop/hadoop-hdds-server-scm/0.5.0-SNAPSHOT/hadoop-hdds-server-scm-0.5.0-SNAPSHOT-tests.jar:/home/user/.m2/repository/org/apache/hadoop/hadoop-hdds-container-service/0.5.0-SNAPSHOT/hadoop-hdds-container-service-0.5.0-SNAPSHOT-tests.jar:/home/user/.m2/repository/org/yaml/snakeyaml/1.16/snakeyaml-1.16.jar:/home/user/.m2/repository/org/apache/hadoop/hadoop-common/3.2.0/hadoop-common-3.2.0-tests.jar:/home/user/.m2/repository/org/apache/hadoop/hadoop-annotations/3.2.0/hadoop-annotations-3.2.0.jar:/usr/lib/jvm/java-1.8-openjdk/jre/../lib/tools.jar:/home/user/.m2/repository/commons-cli/commons-cli/1.2/commons-cli-1.2.jar:/home/user/.m2/repository/org/apache/httpcomponents/httpclient/4.5.2/httpclient-4.5.2.jar:/home/user/.m2/repository/org/apache/httpcomponents/httpcore/4.4.4/httpcore-4.4.4.jar:/home/user/.m2/repository/commons-codec/commons-codec/1.11/commons-codec-1.11.jar:/home/user/.m2/repository/commons-net/commons-net/3.6/commons-net-3.6.jar:/home/user/.m2/repository/commons-collections/commons-collections/3.2.2/commons-collections-3.2.2.jar:/home/user/.m2/repository/org/eclipse/jetty/jetty-servlet/9.3.25.v20180904/jetty-servlet-9.3.25.v20180904.jar:/home/user/.m2/repository/org/eclipse/jetty/jetty-security/9.3.25.v20180904/jetty-security-9.3.25.v20180904.jar:/home/user/.m2/repository/javax/servlet/jsp/jsp-api/2.1/jsp-api-2.1.jar:/home/user/.m2/repository/com/sun/jersey/jersey-servlet/1.19/jersey-servlet-1.19.jar:/home/user/.m2/repository/com/sun/jersey/jersey-json/1.19/jersey-json-1.19.jar:/home/user/.m2/repository/org/codehaus/jettison/jettison/1.1/jettison-1.1.jar:/home/user/.m2/repository/org/codehaus/jackson/jackson-core-asl/1.9.13/jackson-core-asl-1.9.13.jar:/home/user/.m2/repository/org/codehaus/jackson/jackson-mapper-asl/1.9.13/jackson-mapper-asl-1.9.13.jar:/home/user/.m2/repository/org/codehaus/jackson/jackson-jaxrs/1.9.13/jackson-jaxrs-1.9.13.jar:/home/user/.m2/repository/org/codehaus/jackson/jackson-xc/1.9.13/jackson-xc-1.9.13.jar:/home/user/.m2/repository/commons-logging/commons-logging/1.1.3/commons-logging-1.1.3.jar:/home/user/.m2/repository/commons-beanutils/commons-beanutils/1.9.4/commons-beanutils-1.9.4.jar:/home/user/.m2/repository/org/apache/commons/commons-configuration2/2.1.1/commons-configuration2-2.1.1.jar:/home/user/.m2/repository/org/apache/commons/commons-lang3/3.7/commons-lang3-3.7.jar:/home/user/.m2/repository/org/apache/commons/commons-text/1.4/commons-text-1.4.jar:/home/user/.m2/repository/org/apache/avro/avro/1.7.7/avro-1.7.7.jar:/home/user/.m2/repository/com/thoughtworks/paranamer/paranamer/2.3/paranamer-2.3.jar:/home/user/.m2/repository/org/xerial/snappy/snappy-java/1.0.5/snappy-java-1.0.5.jar:/home/user/.m2/repository/com/google/re2j/re2j/1.1/re2j-1.1.jar:/home/user/.m2/repository/com/google/code/gson/gson/2.2.4/gson-2.2.4.jar:/home/user/.m2/repository/com/jcraft/jsch/0.1.54/jsch-0.1.54.jar:/home/user/.m2/repository/org/apache/curator/curator-client/2.12.0/curator-client-2.12.0.jar:/home/user/.m2/repository/org/apache/curator/curator-recipes/2.12.0/curator-recipes-2.12.0.jar:/home/user/.m2/repository/com/google/code/findbugs/jsr305/3.0.0/jsr305-3.0.0.jar:/home/user/.m2/repository/org/apache/htrace/htrace-core4/4.1.0-incubating/htrace-core4-4.1.0-incubating.jar:/home/user/.m2/repository/org/apache/zookeeper/zookeeper/3.4.13/zookeeper-3.4.13.jar:/home/user/.m2/repository/jline/jline/0.9.94/jline-0.9.94.jar:/home/user/.m2/repository/org/apache/yetus/audience-annotations/0.5.0/audience-annotations-0.5.0.jar:/home/user/.m2/repository/org/codehaus/woodstox/stax2-api/3.1.4/stax2-api-3.1.4.jar:/home/user/.m2/repository/com/fasterxml/woodstox/woodstox-core/5.0.3/woodstox-core-5.0.3.jar:/home/user/.m2/repository/dnsjava/dnsjava/2.1.7/dnsjava-2.1.7.jar:/home/user/.m2/repository/org/apache/hadoop/hadoop-hdfs/3.2.0/hadoop-hdfs-3.2.0-tests.jar:/home/user/.m2/repository/org/eclipse/jetty/jetty-util-ajax/9.3.25.v20180904/jetty-util-ajax-9.3.25.v20180904.jar:/home/user/.m2/repository/commons-daemon/commons-daemon/1.0.13/commons-daemon-1.0.13.jar:/home/user/.m2/repository/io/netty/netty/3.10.5.Final/netty-3.10.5.Final.jar:/home/user/.m2/repository/io/netty/netty-all/4.0.52.Final/netty-all-4.0.52.Final.jar:/home/user/.m2/repository/org/fusesource/leveldbjni/leveldbjni-all/1.8/leveldbjni-all-1.8.jar:"/>
    <property name="sun.cpu.endian" value="little"/>
    <property name="user.home" value="/home/user"/>
    <property name="user.language" value="en"/>
    <property name="java.specification.vendor" value="Oracle Corporation"/>
    <property name="java.home" value="/usr/lib/jvm/java-1.8-openjdk/jre"/>
    <property name="java.security.krb5.conf" value="/workdir/hadoop-ozone/integration-test/target/test-classes/krb5.conf"/>
    <property name="basedir" value="/workdir/hadoop-ozone/integration-test"/>
    <property name="file.separator" value="/"/>
    <property name="line.separator" value="&#10;"/>
    <property name="java.vm.specification.vendor" value="Oracle Corporation"/>
    <property name="java.specification.name" value="Java Platform API Specification"/>
    <property name="java.awt.graphicsenv" value="sun.awt.X11GraphicsEnvironment"/>
    <property name="surefire.real.class.path" value="/workdir/hadoop-ozone/integration-test/target/surefire/surefirebooter5112955013758088502.jar"/>
    <property name="hadoop.log.dir" value="/workdir/hadoop-ozone/integration-test/target/log"/>
    <property name="sun.boot.class.path" value="/usr/lib/jvm/java-1.8-openjdk/jre/lib/resources.jar:/usr/lib/jvm/java-1.8-openjdk/jre/lib/rt.jar:/usr/lib/jvm/java-1.8-openjdk/jre/lib/sunrsasign.jar:/usr/lib/jvm/java-1.8-openjdk/jre/lib/jsse.jar:/usr/lib/jvm/java-1.8-openjdk/jre/lib/jce.jar:/usr/lib/jvm/java-1.8-openjdk/jre/lib/charsets.jar:/usr/lib/jvm/java-1.8-openjdk/jre/lib/jfr.jar:/usr/lib/jvm/java-1.8-openjdk/jre/classes"/>
    <property name="sun.management.compiler" value="HotSpot 64-Bit Tiered Compilers"/>
    <property name="java.runtime.version" value="1.8.0_212-b04"/>
    <property name="java.net.preferIPv4Stack" value="true"/>
    <property name="user.name" value="jenkins1000"/>
    <property name="path.separator" value=":"/>
    <property name="java.security.egd" value="file:///dev/urandom"/>
    <property name="os.version" value="3.10.0-957.12.2.el7.x86_64"/>
    <property name="java.endorsed.dirs" value="/usr/lib/jvm/java-1.8-openjdk/jre/lib/endorsed"/>
    <property name="java.runtime.name" value="OpenJDK Runtime Environment"/>
    <property name="file.encoding" value="UTF-8"/>
    <property name="java.vm.name" value="OpenJDK 64-Bit Server VM"/>
    <property name="test.build.webapps" value=""/>
    <property name="localRepository" value="/home/user/.m2/repository"/>
    <property name="java.vendor.url.bug" value="https://icedtea.classpath.org/bugzilla"/>
    <property name="java.io.tmpdir" value="/tmp"/>
    <property name="require.test.libhadoop" value=""/>
    <property name="java.version" value="1.8.0_212"/>
    <property name="user.dir" value="/workdir/hadoop-ozone/integration-test"/>
    <property name="os.arch" value="amd64"/>
    <property name="java.vm.specification.name" value="Java Virtual Machine Specification"/>
    <property name="test.build.classes" value="/workdir/hadoop-ozone/integration-test/target/test-classes"/>
    <property name="java.awt.printerjob" value="sun.print.PSPrinterJob"/>
    <property name="sun.os.patch.level" value="unknown"/>
    <property name="hadoop.tmp.dir" value="/workdir/hadoop-ozone/integration-test/target/tmp"/>
    <property name="java.library.path" value="/usr/lib/jvm/java-1.8-openjdk/jre/lib/amd64/server:/usr/lib/jvm/java-1.8-openjdk/jre/lib/amd64:/usr/lib/jvm/java-1.8-openjdk/jre/../lib/amd64:/workdir/hadoop-ozone/integration-test/target/native/target/usr/local/lib:/workdir/hadoop-ozone/integration-test/../../hadoop-common-project/hadoop-common/target/native/target/usr/local/lib:/usr/java/packages/lib/amd64:/usr/lib64:/lib64:/lib:/usr/lib"/>
    <property name="java.vm.info" value="mixed mode"/>
    <property name="java.vendor" value="IcedTea"/>
    <property name="java.vm.version" value="25.212-b04"/>
    <property name="java.ext.dirs" value="/usr/lib/jvm/java-1.8-openjdk/jre/lib/ext:/usr/java/packages/lib/ext"/>
    <property name="sun.io.unicode.encoding" value="UnicodeLittle"/>
    <property name="java.class.version" value="52.0"/>
  </properties>
  <testcase name="testGroupMismatchExceptionHandling" classname="org.apache.hadoop.ozone.client.rpc.TestOzoneClientRetriesOnException" time="68.249"/>
  <testcase name="testMaxRetriesByOzoneClient" classname="org.apache.hadoop.ozone.client.rpc.TestOzoneClientRetriesOnException" time="126.63">
    <error message="Failed to command cmdType: CreateContainer&#10;containerID: 1&#10;datanodeUuid: &quot;a5442e60-b445-451d-bf7e-b5b4139f0c5f&quot;&#10;createContainer {&#10;}&#10;" type="java.io.IOException">java.io.IOException: 
Failed to command cmdType: CreateContainer
containerID: 1
datanodeUuid: "a5442e60-b445-451d-bf7e-b5b4139f0c5f"
createContainer {
}

	at org.apache.hadoop.hdds.scm.XceiverClientSpi.sendCommand(XceiverClientSpi.java:113)
	at org.apache.hadoop.ozone.client.rpc.TestOzoneClientRetriesOnException.testMaxRetriesByOzoneClient(TestOzoneClientRetriesOnException.java:190)
	at sun.reflect.NativeMethodAccessorImpl.invoke0(Native Method)
	at sun.reflect.NativeMethodAccessorImpl.invoke(NativeMethodAccessorImpl.java:62)
	at sun.reflect.DelegatingMethodAccessorImpl.invoke(DelegatingMethodAccessorImpl.java:43)
	at java.lang.reflect.Method.invoke(Method.java:498)
	at org.junit.runners.model.FrameworkMethod$1.runReflectiveCall(FrameworkMethod.java:47)
	at org.junit.internal.runners.model.ReflectiveCallable.run(ReflectiveCallable.java:12)
	at org.junit.runners.model.FrameworkMethod.invokeExplosively(FrameworkMethod.java:44)
	at org.junit.internal.runners.statements.InvokeMethod.evaluate(InvokeMethod.java:17)
	at org.junit.internal.runners.statements.RunBefores.evaluate(RunBefores.java:26)
	at org.junit.internal.runners.statements.RunAfters.evaluate(RunAfters.java:27)
	at org.junit.runners.ParentRunner.runLeaf(ParentRunner.java:271)
	at org.junit.runners.BlockJUnit4ClassRunner.runChild(BlockJUnit4ClassRunner.java:70)
	at org.junit.runners.BlockJUnit4ClassRunner.runChild(BlockJUnit4ClassRunner.java:50)
	at org.junit.runners.ParentRunner$3.run(ParentRunner.java:238)
	at org.junit.runners.ParentRunner$1.schedule(ParentRunner.java:63)
	at org.junit.runners.ParentRunner.runChildren(ParentRunner.java:236)
	at org.junit.runners.ParentRunner.access$000(ParentRunner.java:53)
	at org.junit.runners.ParentRunner$2.evaluate(ParentRunner.java:229)
	at org.junit.runners.ParentRunner.run(ParentRunner.java:309)
	at org.apache.maven.surefire.junit4.JUnit4Provider.execute(JUnit4Provider.java:365)
	at org.apache.maven.surefire.junit4.JUnit4Provider.executeWithRerun(JUnit4Provider.java:273)
	at org.apache.maven.surefire.junit4.JUnit4Provider.executeTestSet(JUnit4Provider.java:238)
	at org.apache.maven.surefire.junit4.JUnit4Provider.invoke(JUnit4Provider.java:159)
	at org.apache.maven.surefire.booter.ForkedBooter.invokeProviderInSameClassLoader(ForkedBooter.java:384)
	at org.apache.maven.surefire.booter.ForkedBooter.runSuitesInProcess(ForkedBooter.java:345)
	at org.apache.maven.surefire.booter.ForkedBooter.execute(ForkedBooter.java:126)
	at org.apache.maven.surefire.booter.ForkedBooter.main(ForkedBooter.java:418)
Caused by: java.util.concurrent.ExecutionException: org.apache.ratis.protocol.RaftRetryFailureException: Failed RaftClientRequest:client-EEF57AEB17CB->4c593327-0bf9-46b1-956b-3e746ac2d8f2@group-B288D53BE695, cid=45, seq=4*, RW, org.apache.hadoop.hdds.scm.XceiverClientRatis$$Lambda$343/1177206467@407c1abc for 180 attempts with RetryLimited(maxAttempts=180, sleepTime=1000ms)
	at java.util.concurrent.CompletableFuture.reportGet(CompletableFuture.java:357)
	at java.util.concurrent.CompletableFuture.get(CompletableFuture.java:1895)
	at org.apache.hadoop.hdds.scm.XceiverClientSpi.sendCommand(XceiverClientSpi.java:110)
	... 28 more
Caused by: org.apache.ratis.protocol.RaftRetryFailureException: Failed RaftClientRequest:client-EEF57AEB17CB->4c593327-0bf9-46b1-956b-3e746ac2d8f2@group-B288D53BE695, cid=45, seq=4*, RW, org.apache.hadoop.hdds.scm.XceiverClientRatis$$Lambda$343/1177206467@407c1abc for 180 attempts with RetryLimited(maxAttempts=180, sleepTime=1000ms)
	at org.apache.ratis.client.impl.RaftClientImpl.noMoreRetries(RaftClientImpl.java:271)
	at org.apache.ratis.client.impl.OrderedAsync.handleAsyncRetryFailure(OrderedAsync.java:138)
	at org.apache.ratis.client.impl.OrderedAsync.lambda$sendRequest$10(OrderedAsync.java:230)
	at java.util.concurrent.CompletableFuture.uniExceptionally(CompletableFuture.java:870)
	at java.util.concurrent.CompletableFuture$UniExceptionally.tryFire(CompletableFuture.java:852)
	at java.util.concurrent.CompletableFuture.postComplete(CompletableFuture.java:474)
	at java.util.concurrent.CompletableFuture.completeExceptionally(CompletableFuture.java:1977)
	at org.apache.ratis.grpc.client.GrpcClientProtocolClient$AsyncStreamObservers.completeReplyExceptionally(GrpcClientProtocolClient.java:339)
	at org.apache.ratis.grpc.client.GrpcClientProtocolClient$AsyncStreamObservers.access$000(GrpcClientProtocolClient.java:255)
	at org.apache.ratis.grpc.client.GrpcClientProtocolClient$AsyncStreamObservers$1.onNext(GrpcClientProtocolClient.java:267)
	at org.apache.ratis.grpc.client.GrpcClientProtocolClient$AsyncStreamObservers$1.onNext(GrpcClientProtocolClient.java:258)
	at org.apache.ratis.thirdparty.io.grpc.stub.ClientCalls$StreamObserverToCallListenerAdapter.onMessage(ClientCalls.java:421)
	at org.apache.ratis.thirdparty.io.grpc.ForwardingClientCallListener.onMessage(ForwardingClientCallListener.java:33)
	at org.apache.ratis.thirdparty.io.grpc.ForwardingClientCallListener.onMessage(ForwardingClientCallListener.java:33)
	at org.apache.ratis.thirdparty.io.grpc.internal.ClientCallImpl$ClientStreamListenerImpl$1MessagesAvailable.runInContext(ClientCallImpl.java:519)
	at org.apache.ratis.thirdparty.io.grpc.internal.ContextRunnable.run(ContextRunnable.java:37)
	at org.apache.ratis.thirdparty.io.grpc.internal.SerializingExecutor.run(SerializingExecutor.java:123)
	at java.util.concurrent.ThreadPoolExecutor.runWorker(ThreadPoolExecutor.java:1149)
	at java.util.concurrent.ThreadPoolExecutor$Worker.run(ThreadPoolExecutor.java:624)
	at java.lang.Thread.run(Thread.java:748)
Caused by: org.apache.ratis.protocol.NotLeaderException: Server 4c593327-0bf9-46b1-956b-3e746ac2d8f2@group-B288D53BE695 is not the leader e159ba87-a890-41be-ac9a-dd3e406e242d:192.168.34.17:34068
	at org.apache.ratis.client.impl.ClientProtoUtils.toRaftClientReply(ClientProtoUtils.java:243)
	at org.apache.ratis.grpc.client.GrpcClientProtocolClient$AsyncStreamObservers$1.onNext(GrpcClientProtocolClient.java:263)
	... 10 more
</error>
    <system-out><![CDATA[2019-09-23 16:30:15,637 [main] WARN  server.ServerUtils (ServerUtils.java:getScmDbDir(145)) - ozone.scm.db.dirs is not configured. We recommend adding this setting. Falling back to ozone.metadata.dirs instead.
2019-09-23 16:30:15,697 [main] WARN  server.ServerUtils (ServerUtils.java:getScmDbDir(145)) - ozone.scm.db.dirs is not configured. We recommend adding this setting. Falling back to ozone.metadata.dirs instead.
2019-09-23 16:30:15,697 [main] WARN  server.ServerUtils (ServerUtils.java:getScmDbDir(145)) - ozone.scm.db.dirs is not configured. We recommend adding this setting. Falling back to ozone.metadata.dirs instead.
2019-09-23 16:30:15,698 [main] INFO  db.DBStoreBuilder (DBStoreBuilder.java:addTable(110)) - using custom profile for table: deletedBlocks
2019-09-23 16:30:15,698 [main] INFO  db.DBStoreBuilder (DBStoreBuilder.java:processTables(161)) - Using default column profile:DBProfile.DISK for Table:deletedBlocks
2019-09-23 16:30:15,699 [main] INFO  db.DBStoreBuilder (DBStoreBuilder.java:addTable(110)) - using custom profile for table: validCerts
2019-09-23 16:30:15,699 [main] INFO  db.DBStoreBuilder (DBStoreBuilder.java:processTables(161)) - Using default column profile:DBProfile.DISK for Table:validCerts
2019-09-23 16:30:15,699 [main] INFO  db.DBStoreBuilder (DBStoreBuilder.java:addTable(110)) - using custom profile for table: revokedCerts
2019-09-23 16:30:15,700 [main] INFO  db.DBStoreBuilder (DBStoreBuilder.java:processTables(161)) - Using default column profile:DBProfile.DISK for Table:revokedCerts
2019-09-23 16:30:15,700 [main] INFO  db.DBStoreBuilder (DBStoreBuilder.java:addTable(110)) - using custom profile for table: default
2019-09-23 16:30:15,700 [main] INFO  db.DBStoreBuilder (DBStoreBuilder.java:processTables(167)) - Using default column profile:DBProfile.DISK for Table:default
2019-09-23 16:30:15,701 [main] INFO  db.DBStoreBuilder (DBStoreBuilder.java:getDbProfile(198)) - Using default options. DBProfile.DISK
2019-09-23 16:30:15,956 [main] INFO  net.NodeSchemaLoader (NodeSchemaLoader.java:loadSchemaFromFile(125)) - Loading file from sun.misc.CompoundEnumeration@314b9e4b
2019-09-23 16:30:15,957 [main] INFO  net.NodeSchemaLoader (NodeSchemaLoader.java:loadSchema(171)) - Loading network topology layer schema file
2019-09-23 16:30:15,962 [main] WARN  server.ServerUtils (ServerUtils.java:sanitizeUserArgs(70)) - ozone.scm.stale.node.interval value = 300000 is larger than max = 100000 based on the key value of ozone.scm.heartbeat.thread.interval, reset to the max value 100000.
2019-09-23 16:30:15,962 [main] WARN  server.ServerUtils (ServerUtils.java:sanitizeUserArgs(70)) - ozone.scm.stale.node.interval value = 300000 is larger than max = 100000 based on the key value of ozone.scm.heartbeat.thread.interval, reset to the max value 100000.
2019-09-23 16:30:15,963 [main] INFO  node.SCMNodeManager (SCMNodeManager.java:<init>(114)) - Entering startup safe mode.
2019-09-23 16:30:15,964 [main] INFO  algorithms.ContainerPlacementPolicyFactory (ContainerPlacementPolicyFactory.java:getPolicy(57)) - Create container placement policy of type org.apache.hadoop.hdds.scm.container.placement.algorithms.SCMContainerPlacementRandom
2019-09-23 16:30:15,964 [main] WARN  server.ServerUtils (ServerUtils.java:getScmDbDir(145)) - ozone.scm.db.dirs is not configured. We recommend adding this setting. Falling back to ozone.metadata.dirs instead.
2019-09-23 16:30:16,039 [main] INFO  pipeline.SCMPipelineManager (SCMPipelineManager.java:initializePipelineState(132)) - No pipeline exists in current db
2019-09-23 16:30:16,039 [main] WARN  server.ServerUtils (ServerUtils.java:getScmDbDir(145)) - ozone.scm.db.dirs is not configured. We recommend adding this setting. Falling back to ozone.metadata.dirs instead.
2019-09-23 16:30:16,116 [main] WARN  events.EventQueue (EventQueue.java:fireEvent(183)) - No event handler registered for event TypedEvent{payloadType=SafeModeStatus, name='SafeModeStatus'}
2019-09-23 16:30:16,117 [main] INFO  ipc.CallQueueManager (CallQueueManager.java:<init>(84)) - Using callQueue: class java.util.concurrent.LinkedBlockingQueue, queueCapacity: 2000, scheduler: class org.apache.hadoop.ipc.DefaultRpcScheduler, ipcBackoff: false.
2019-09-23 16:30:16,118 [Socket Reader #1 for port 38120] INFO  ipc.Server (Server.java:run(1074)) - Starting Socket Reader #1 for port 38120
2019-09-23 16:30:16,120 [main] INFO  ipc.CallQueueManager (CallQueueManager.java:<init>(84)) - Using callQueue: class java.util.concurrent.LinkedBlockingQueue, queueCapacity: 2000, scheduler: class org.apache.hadoop.ipc.DefaultRpcScheduler, ipcBackoff: false.
2019-09-23 16:30:16,121 [Socket Reader #1 for port 44148] INFO  ipc.Server (Server.java:run(1074)) - Starting Socket Reader #1 for port 44148
2019-09-23 16:30:16,122 [main] INFO  ipc.CallQueueManager (CallQueueManager.java:<init>(84)) - Using callQueue: class java.util.concurrent.LinkedBlockingQueue, queueCapacity: 2000, scheduler: class org.apache.hadoop.ipc.DefaultRpcScheduler, ipcBackoff: false.
2019-09-23 16:30:16,123 [Socket Reader #1 for port 32818] INFO  ipc.Server (Server.java:run(1074)) - Starting Socket Reader #1 for port 32818
2019-09-23 16:30:16,125 [main] INFO  hdfs.DFSUtil (DFSUtil.java:httpServerTemplateForNNAndJN(1641)) - Starting Web-server for scm at: http://0.0.0.0:0
2019-09-23 16:30:16,128 [main] INFO  server.AuthenticationFilter (AuthenticationFilter.java:constructSecretProvider(240)) - Unable to initialize FileSignerSecretProvider, falling back to use random secrets.
2019-09-23 16:30:16,129 [main] WARN  http.HttpRequestLog (HttpRequestLog.java:getRequestLog(97)) - Jetty request log can only be enabled using Log4j
2019-09-23 16:30:16,132 [main] INFO  http.HttpServer2 (HttpServer2.java:addGlobalFilter(975)) - Added global filter 'safety' (class=org.apache.hadoop.http.HttpServer2$QuotingInputFilter)
2019-09-23 16:30:16,133 [main] INFO  http.HttpServer2 (HttpServer2.java:addFilter(948)) - Added filter static_user_filter (class=org.apache.hadoop.http.lib.StaticUserWebFilter$StaticUserFilter) to context scm
2019-09-23 16:30:16,133 [main] INFO  http.HttpServer2 (HttpServer2.java:addFilter(958)) - Added filter static_user_filter (class=org.apache.hadoop.http.lib.StaticUserWebFilter$StaticUserFilter) to context static
2019-09-23 16:30:16,133 [main] INFO  http.HttpServer2 (HttpServer2.java:addFilter(958)) - Added filter static_user_filter (class=org.apache.hadoop.http.lib.StaticUserWebFilter$StaticUserFilter) to context logs
2019-09-23 16:30:16,137 [main] INFO  server.StorageContainerManager (StorageContainerManager.java:start(770)) - StorageContainerLocationProtocol RPC server is listening at /0.0.0.0:32818
2019-09-23 16:30:16,140 [main] WARN  impl.MetricsConfig (MetricsConfig.java:loadFirst(134)) - Cannot locate configuration: tried hadoop-metrics2-storagecontainermanager.properties,hadoop-metrics2.properties
2019-09-23 16:30:16,141 [main] INFO  impl.MetricsSystemImpl (MetricsSystemImpl.java:startTimer(374)) - Scheduled Metric snapshot period at 10 second(s).
2019-09-23 16:30:16,141 [main] INFO  impl.MetricsSystemImpl (MetricsSystemImpl.java:start(191)) - StorageContainerManager metrics system started
2019-09-23 16:30:16,180 [main] WARN  impl.MetricsSystemImpl (MetricsSystemImpl.java:register(276)) - Sink prometheus already exists!
2019-09-23 16:30:16,184 [main] INFO  server.SCMClientProtocolServer (SCMClientProtocolServer.java:start(151)) - RPC server for Client  is listening at /0.0.0.0:32818
2019-09-23 16:30:16,184 [IPC Server Responder] INFO  ipc.Server (Server.java:run(1314)) - IPC Server Responder: starting
2019-09-23 16:30:16,184 [IPC Server listener on 32818] INFO  ipc.Server (Server.java:run(1153)) - IPC Server listener on 32818: starting
2019-09-23 16:30:16,188 [main] INFO  server.StorageContainerManager (StorageContainerManager.java:start(780)) - ScmBlockLocationProtocol RPC server is listening at /0.0.0.0:44148
2019-09-23 16:30:16,188 [main] INFO  server.SCMBlockProtocolServer (SCMBlockProtocolServer.java:start(146)) - RPC server for Block Protocol is listening at /0.0.0.0:44148
2019-09-23 16:30:16,189 [IPC Server Responder] INFO  ipc.Server (Server.java:run(1314)) - IPC Server Responder: starting
2019-09-23 16:30:16,189 [IPC Server listener on 44148] INFO  ipc.Server (Server.java:run(1153)) - IPC Server listener on 44148: starting
2019-09-23 16:30:16,192 [main] INFO  server.StorageContainerManager (StorageContainerManager.java:start(784)) - ScmDatanodeProtocl RPC server is listening at /0.0.0.0:38120
2019-09-23 16:30:16,192 [main] INFO  server.SCMDatanodeProtocolServer (SCMDatanodeProtocolServer.java:start(191)) - RPC server for DataNodes is listening at /0.0.0.0:38120
2019-09-23 16:30:16,193 [IPC Server Responder] INFO  ipc.Server (Server.java:run(1314)) - IPC Server Responder: starting
2019-09-23 16:30:16,193 [IPC Server listener on 38120] INFO  ipc.Server (Server.java:run(1153)) - IPC Server listener on 38120: starting
2019-09-23 16:30:16,197 [main] INFO  http.HttpServer2 (HttpServer2.java:bindListener(1191)) - Jetty bound to port 46767
2019-09-23 16:30:16,197 [main] INFO  server.Server (Server.java:doStart(351)) - jetty-9.3.25.v20180904, build timestamp: 2018-09-04T21:11:46Z, git hash: 3ce520221d0240229c862b122d2b06c12a625732
2019-09-23 16:30:16,199 [main] INFO  handler.ContextHandler (ContextHandler.java:doStart(781)) - Started o.e.j.s.ServletContextHandler@75babb67{/logs,file:///workdir/hadoop-ozone/integration-test/target/log,AVAILABLE}
2019-09-23 16:30:16,199 [main] INFO  handler.ContextHandler (ContextHandler.java:doStart(781)) - Started o.e.j.s.ServletContextHandler@69cd1085{/static,file:///workdir/hadoop-ozone/integration-test/target/test-classes/webapps/static,AVAILABLE}
2019-09-23 16:30:16,204 [main] INFO  handler.ContextHandler (ContextHandler.java:doStart(781)) - Started o.e.j.w.WebAppContext@48a663e9{/,file:///workdir/hadoop-ozone/integration-test/target/test-classes/webapps/scm/,AVAILABLE}{/scm}
2019-09-23 16:30:16,205 [main] INFO  server.AbstractConnector (AbstractConnector.java:doStart(278)) - Started ServerConnector@777d0bc3{HTTP/1.1,[http/1.1]}{0.0.0.0:46767}
2019-09-23 16:30:16,206 [main] INFO  server.Server (Server.java:doStart(419)) - Started @69427ms
2019-09-23 16:30:16,206 [main] WARN  impl.MetricsSystemImpl (MetricsSystemImpl.java:register(276)) - Sink prometheus already exists!
2019-09-23 16:30:16,207 [main] INFO  server.BaseHttpServer (BaseHttpServer.java:updateConnectorAddress(215)) - HTTP server of SCM is listening at http://0.0.0.0:46767
2019-09-23 16:30:16,207 [main] WARN  server.ServerUtils (ServerUtils.java:getDBPath(222)) - ozone.om.db.dirs is not configured. We recommend adding this setting. Falling back to ozone.metadata.dirs instead.
2019-09-23 16:30:16,208 [org.apache.hadoop.util.JvmPauseMonitor$Monitor@2d85fb64] INFO  util.JvmPauseMonitor (JvmPauseMonitor.java:run(188)) - Starting JVM pause monitor
2019-09-23 16:30:16,216 [main] WARN  server.ServerUtils (ServerUtils.java:getDBPath(222)) - ozone.om.db.dirs is not configured. We recommend adding this setting. Falling back to ozone.metadata.dirs instead.
2019-09-23 16:30:16,216 [main] WARN  server.ServerUtils (ServerUtils.java:getDBPath(222)) - ozone.om.db.dirs is not configured. We recommend adding this setting. Falling back to ozone.metadata.dirs instead.
2019-09-23 16:30:16,217 [main] INFO  om.OzoneManager (OzoneManager.java:setOMNodeDetails(652)) - OM Service ID is not set. Setting it to the default ID: omServiceIdDefault
2019-09-23 16:30:16,217 [main] INFO  om.OzoneManager (OzoneManager.java:setOMNodeDetails(658)) - OM Node ID is not set. Setting it to the OmStorage's OmID: 0960b5b7-6e06-4476-986a-e04ff7fc4bab
2019-09-23 16:30:16,217 [main] INFO  om.OzoneManager (OzoneManager.java:loadOMHAConfigs(609)) - Found matching OM address with OMServiceId: null, OMNodeId: null, RPC Address: localhost:0 and Ratis port: 9872
2019-09-23 16:30:16,225 [main] WARN  server.ServerUtils (ServerUtils.java:getDBPath(222)) - ozone.om.db.dirs is not configured. We recommend adding this setting. Falling back to ozone.metadata.dirs instead.
2019-09-23 16:30:16,226 [main] INFO  db.DBStoreBuilder (DBStoreBuilder.java:addTable(110)) - using custom profile for table: userTable
2019-09-23 16:30:16,226 [main] INFO  db.DBStoreBuilder (DBStoreBuilder.java:processTables(161)) - Using default column profile:DBProfile.DISK for Table:userTable
2019-09-23 16:30:16,227 [main] INFO  db.DBStoreBuilder (DBStoreBuilder.java:addTable(110)) - using custom profile for table: volumeTable
2019-09-23 16:30:16,227 [main] INFO  db.DBStoreBuilder (DBStoreBuilder.java:processTables(161)) - Using default column profile:DBProfile.DISK for Table:volumeTable
2019-09-23 16:30:16,227 [main] INFO  db.DBStoreBuilder (DBStoreBuilder.java:addTable(110)) - using custom profile for table: bucketTable
2019-09-23 16:30:16,227 [main] INFO  db.DBStoreBuilder (DBStoreBuilder.java:processTables(161)) - Using default column profile:DBProfile.DISK for Table:bucketTable
2019-09-23 16:30:16,228 [main] INFO  db.DBStoreBuilder (DBStoreBuilder.java:addTable(110)) - using custom profile for table: keyTable
2019-09-23 16:30:16,228 [main] INFO  db.DBStoreBuilder (DBStoreBuilder.java:processTables(161)) - Using default column profile:DBProfile.DISK for Table:keyTable
2019-09-23 16:30:16,228 [main] INFO  db.DBStoreBuilder (DBStoreBuilder.java:addTable(110)) - using custom profile for table: deletedTable
2019-09-23 16:30:16,228 [main] INFO  db.DBStoreBuilder (DBStoreBuilder.java:processTables(161)) - Using default column profile:DBProfile.DISK for Table:deletedTable
2019-09-23 16:30:16,229 [main] INFO  db.DBStoreBuilder (DBStoreBuilder.java:addTable(110)) - using custom profile for table: openKeyTable
2019-09-23 16:30:16,229 [main] INFO  db.DBStoreBuilder (DBStoreBuilder.java:processTables(161)) - Using default column profile:DBProfile.DISK for Table:openKeyTable
2019-09-23 16:30:16,229 [main] INFO  db.DBStoreBuilder (DBStoreBuilder.java:addTable(110)) - using custom profile for table: s3Table
2019-09-23 16:30:16,229 [main] INFO  db.DBStoreBuilder (DBStoreBuilder.java:processTables(161)) - Using default column profile:DBProfile.DISK for Table:s3Table
2019-09-23 16:30:16,230 [main] INFO  db.DBStoreBuilder (DBStoreBuilder.java:addTable(110)) - using custom profile for table: multipartInfoTable
2019-09-23 16:30:16,230 [main] INFO  db.DBStoreBuilder (DBStoreBuilder.java:processTables(161)) - Using default column profile:DBProfile.DISK for Table:multipartInfoTable
2019-09-23 16:30:16,230 [main] INFO  db.DBStoreBuilder (DBStoreBuilder.java:addTable(110)) - using custom profile for table: dTokenTable
2019-09-23 16:30:16,230 [main] INFO  db.DBStoreBuilder (DBStoreBuilder.java:processTables(161)) - Using default column profile:DBProfile.DISK for Table:dTokenTable
2019-09-23 16:30:16,230 [main] INFO  db.DBStoreBuilder (DBStoreBuilder.java:addTable(110)) - using custom profile for table: s3SecretTable
2019-09-23 16:30:16,231 [main] INFO  db.DBStoreBuilder (DBStoreBuilder.java:processTables(161)) - Using default column profile:DBProfile.DISK for Table:s3SecretTable
2019-09-23 16:30:16,231 [main] INFO  db.DBStoreBuilder (DBStoreBuilder.java:addTable(110)) - using custom profile for table: prefixTable
2019-09-23 16:30:16,231 [main] INFO  db.DBStoreBuilder (DBStoreBuilder.java:processTables(161)) - Using default column profile:DBProfile.DISK for Table:prefixTable
2019-09-23 16:30:16,231 [main] INFO  db.DBStoreBuilder (DBStoreBuilder.java:addTable(110)) - using custom profile for table: default
2019-09-23 16:30:16,232 [main] INFO  db.DBStoreBuilder (DBStoreBuilder.java:processTables(167)) - Using default column profile:DBProfile.DISK for Table:default
2019-09-23 16:30:16,232 [main] INFO  db.DBStoreBuilder (DBStoreBuilder.java:getDbProfile(198)) - Using default options. DBProfile.DISK
2019-09-23 16:30:18,023 [main] INFO  ipc.CallQueueManager (CallQueueManager.java:<init>(84)) - Using callQueue: class java.util.concurrent.LinkedBlockingQueue, queueCapacity: 2000, scheduler: class org.apache.hadoop.ipc.DefaultRpcScheduler, ipcBackoff: false.
2019-09-23 16:30:18,025 [Socket Reader #1 for port 35533] INFO  ipc.Server (Server.java:run(1074)) - Starting Socket Reader #1 for port 35533
2019-09-23 16:30:18,047 [main] INFO  om.OzoneManager (OzoneManager.java:start(1243)) - OzoneManager RPC server is listening at localhost/127.0.0.1:35533
2019-09-23 16:30:18,047 [main] INFO  impl.MetricsSystemImpl (MetricsSystemImpl.java:init(158)) - OzoneManager metrics system started (again)
2019-09-23 16:30:18,048 [IPC Server Responder] INFO  ipc.Server (Server.java:run(1314)) - IPC Server Responder: starting
2019-09-23 16:30:18,049 [IPC Server listener on 35533] INFO  ipc.Server (Server.java:run(1153)) - IPC Server listener on 35533: starting
2019-09-23 16:30:18,054 [main] INFO  hdfs.DFSUtil (DFSUtil.java:httpServerTemplateForNNAndJN(1641)) - Starting Web-server for ozoneManager at: http://0.0.0.0:0
2019-09-23 16:30:18,056 [main] INFO  server.AuthenticationFilter (AuthenticationFilter.java:constructSecretProvider(240)) - Unable to initialize FileSignerSecretProvider, falling back to use random secrets.
2019-09-23 16:30:18,057 [main] WARN  http.HttpRequestLog (HttpRequestLog.java:getRequestLog(97)) - Jetty request log can only be enabled using Log4j
2019-09-23 16:30:18,060 [main] INFO  http.HttpServer2 (HttpServer2.java:addGlobalFilter(975)) - Added global filter 'safety' (class=org.apache.hadoop.http.HttpServer2$QuotingInputFilter)
2019-09-23 16:30:18,060 [main] INFO  http.HttpServer2 (HttpServer2.java:addFilter(948)) - Added filter static_user_filter (class=org.apache.hadoop.http.lib.StaticUserWebFilter$StaticUserFilter) to context ozoneManager
2019-09-23 16:30:18,061 [main] INFO  http.HttpServer2 (HttpServer2.java:addFilter(958)) - Added filter static_user_filter (class=org.apache.hadoop.http.lib.StaticUserWebFilter$StaticUserFilter) to context static
2019-09-23 16:30:18,061 [main] INFO  http.HttpServer2 (HttpServer2.java:addFilter(958)) - Added filter static_user_filter (class=org.apache.hadoop.http.lib.StaticUserWebFilter$StaticUserFilter) to context logs
2019-09-23 16:30:18,062 [main] INFO  http.HttpServer2 (HttpServer2.java:bindListener(1191)) - Jetty bound to port 36486
2019-09-23 16:30:18,062 [main] INFO  server.Server (Server.java:doStart(351)) - jetty-9.3.25.v20180904, build timestamp: 2018-09-04T21:11:46Z, git hash: 3ce520221d0240229c862b122d2b06c12a625732
2019-09-23 16:30:18,065 [main] INFO  handler.ContextHandler (ContextHandler.java:doStart(781)) - Started o.e.j.s.ServletContextHandler@21a9a705{/logs,file:///workdir/hadoop-ozone/integration-test/target/log,AVAILABLE}
2019-09-23 16:30:18,065 [main] INFO  handler.ContextHandler (ContextHandler.java:doStart(781)) - Started o.e.j.s.ServletContextHandler@76ececd{/static,file:///workdir/hadoop-ozone/integration-test/target/test-classes/webapps/static,AVAILABLE}
2019-09-23 16:30:18,071 [main] INFO  handler.ContextHandler (ContextHandler.java:doStart(781)) - Started o.e.j.w.WebAppContext@bfec2f9{/,file:///workdir/hadoop-ozone/integration-test/target/test-classes/webapps/ozoneManager/,AVAILABLE}{/ozoneManager}
2019-09-23 16:30:18,072 [main] INFO  server.AbstractConnector (AbstractConnector.java:doStart(278)) - Started ServerConnector@708eb310{HTTP/1.1,[http/1.1]}{0.0.0.0:36486}
2019-09-23 16:30:18,073 [main] INFO  server.Server (Server.java:doStart(419)) - Started @71294ms
2019-09-23 16:30:18,073 [main] WARN  impl.MetricsSystemImpl (MetricsSystemImpl.java:register(276)) - Sink prometheus already exists!
2019-09-23 16:30:18,074 [main] INFO  server.BaseHttpServer (BaseHttpServer.java:updateConnectorAddress(215)) - HTTP server of OZONEMANAGER is listening at http://0.0.0.0:36486
2019-09-23 16:30:18,099 [main] INFO  impl.MetricsSystemImpl (MetricsSystemImpl.java:init(158)) - HddsDatanode metrics system started (again)
2019-09-23 16:30:18,103 [main] INFO  ozone.HddsDatanodeService (HddsDatanodeService.java:start(184)) - HddsDatanodeService host:pr-hdds-2166-7skhj-3476174427 ip:192.168.34.17
2019-09-23 16:30:18,109 [main] INFO  volume.HddsVolume (HddsVolume.java:<init>(176)) - Creating Volume: /workdir/hadoop-ozone/integration-test/target/test-dir/MiniOzoneClusterImpl-2125af76-57d3-4163-b90f-d8f74e1b50d6/datanode-0/data/containers/hdds of  storage type : DISK and capacity : 1482555576320
2019-09-23 16:30:18,109 [main] INFO  volume.VolumeSet (VolumeSet.java:initializeVolumeSet(170)) - Added Volume : /workdir/hadoop-ozone/integration-test/target/test-dir/MiniOzoneClusterImpl-2125af76-57d3-4163-b90f-d8f74e1b50d6/datanode-0/data/containers/hdds to VolumeSet
2019-09-23 16:30:18,109 [main] INFO  volume.ThrottledAsyncChecker (ThrottledAsyncChecker.java:schedule(139)) - Scheduling a check for org.apache.hadoop.ozone.container.common.volume.HddsVolume@7b3cde6f
2019-09-23 16:30:18,111 [main] INFO  volume.HddsVolumeChecker (HddsVolumeChecker.java:checkAllVolumes(202)) - Scheduled health check for volume org.apache.hadoop.ozone.container.common.volume.HddsVolume@7b3cde6f
2019-09-23 16:30:18,127 [main] INFO  impl.RaftServerProxy (ConfUtils.java:logGet(43)) - raft.rpc.type = GRPC (default)
2019-09-23 16:30:18,127 [main] INFO  grpc.GrpcFactory (GrpcFactory.java:checkPooledByteBufAllocatorUseCacheForAllThreads(45)) - PERFORMANCE WARNING: useCacheForAllThreads is true that may cause Netty to create a lot garbage objects and, as a result, trigger GC.
	It is recommended to disable useCacheForAllThreads by setting -Dorg.apache.ratis.thirdparty.io.netty.allocator.useCacheForAllThreads=false in command line.
2019-09-23 16:30:18,128 [main] INFO  grpc.GrpcConfigKeys$Server (ConfUtils.java:logGet(43)) - raft.grpc.server.port = 0 (default)
2019-09-23 16:30:18,128 [main] INFO  server.GrpcService (ConfUtils.java:logGet(43)) - raft.grpc.message.size.max = 33570816 (custom)
2019-09-23 16:30:18,128 [main] INFO  server.RaftServerConfigKeys (ConfUtils.java:logGet(43)) - raft.server.log.appender.buffer.byte-limit = 33554432 (custom)
2019-09-23 16:30:18,129 [main] INFO  server.GrpcService (ConfUtils.java:logGet(43)) - raft.grpc.flow.control.window = 1MB (=1048576) (default)
2019-09-23 16:30:18,129 [main] INFO  server.RaftServerConfigKeys (ConfUtils.java:logGet(43)) - raft.server.rpc.request.timeout = 3000ms (default)
2019-09-23 16:30:18,130 [main] INFO  server.RaftServerConfigKeys (ConfUtils.java:logGet(43)) - raft.server.storage.dir = [/workdir/hadoop-ozone/integration-test/target/test-dir/MiniOzoneClusterImpl-2125af76-57d3-4163-b90f-d8f74e1b50d6/datanode-0/data/ratis] (custom)
2019-09-23 16:30:18,131 [main] INFO  hdfs.DFSUtil (DFSUtil.java:httpServerTemplateForNNAndJN(1641)) - Starting Web-server for hddsDatanode at: http://0.0.0.0:0
2019-09-23 16:30:18,133 [main] INFO  server.AuthenticationFilter (AuthenticationFilter.java:constructSecretProvider(240)) - Unable to initialize FileSignerSecretProvider, falling back to use random secrets.
2019-09-23 16:30:18,133 [main] WARN  http.HttpRequestLog (HttpRequestLog.java:getRequestLog(97)) - Jetty request log can only be enabled using Log4j
2019-09-23 16:30:18,135 [main] INFO  http.HttpServer2 (HttpServer2.java:addGlobalFilter(975)) - Added global filter 'safety' (class=org.apache.hadoop.http.HttpServer2$QuotingInputFilter)
2019-09-23 16:30:18,136 [main] INFO  http.HttpServer2 (HttpServer2.java:addFilter(948)) - Added filter static_user_filter (class=org.apache.hadoop.http.lib.StaticUserWebFilter$StaticUserFilter) to context hddsDatanode
2019-09-23 16:30:18,136 [main] INFO  http.HttpServer2 (HttpServer2.java:addFilter(958)) - Added filter static_user_filter (class=org.apache.hadoop.http.lib.StaticUserWebFilter$StaticUserFilter) to context static
2019-09-23 16:30:18,136 [main] INFO  http.HttpServer2 (HttpServer2.java:addFilter(958)) - Added filter static_user_filter (class=org.apache.hadoop.http.lib.StaticUserWebFilter$StaticUserFilter) to context logs
2019-09-23 16:30:18,137 [main] INFO  http.HttpServer2 (HttpServer2.java:bindListener(1191)) - Jetty bound to port 37058
2019-09-23 16:30:18,137 [main] INFO  server.Server (Server.java:doStart(351)) - jetty-9.3.25.v20180904, build timestamp: 2018-09-04T21:11:46Z, git hash: 3ce520221d0240229c862b122d2b06c12a625732
2019-09-23 16:30:18,139 [main] INFO  handler.ContextHandler (ContextHandler.java:doStart(781)) - Started o.e.j.s.ServletContextHandler@1d4fb213{/logs,file:///workdir/hadoop-ozone/integration-test/target/log,AVAILABLE}
2019-09-23 16:30:18,139 [main] INFO  handler.ContextHandler (ContextHandler.java:doStart(781)) - Started o.e.j.s.ServletContextHandler@3127cb44{/static,jar:file:/home/user/.m2/repository/org/apache/hadoop/hadoop-hdds-container-service/0.5.0-SNAPSHOT/hadoop-hdds-container-service-0.5.0-SNAPSHOT.jar!/webapps/static,AVAILABLE}
2019-09-23 16:30:18,172 [main] INFO  handler.ContextHandler (ContextHandler.java:doStart(781)) - Started o.e.j.w.WebAppContext@65bad087{/,file:///tmp/jetty-0.0.0.0-37058-hddsDatanode-_-any-4789134828591399161.dir/webapp/,AVAILABLE}{/hddsDatanode}
2019-09-23 16:30:18,172 [main] INFO  server.AbstractConnector (AbstractConnector.java:doStart(278)) - Started ServerConnector@276cc8dc{HTTP/1.1,[http/1.1]}{0.0.0.0:37058}
2019-09-23 16:30:18,173 [main] INFO  server.Server (Server.java:doStart(419)) - Started @71395ms
2019-09-23 16:30:18,173 [main] WARN  impl.MetricsSystemImpl (MetricsSystemImpl.java:register(276)) - Sink prometheus already exists!
2019-09-23 16:30:18,174 [main] INFO  server.BaseHttpServer (BaseHttpServer.java:updateConnectorAddress(215)) - HTTP server of HDDSDATANODE is listening at http://0.0.0.0:37058
2019-09-23 16:30:18,175 [main] INFO  impl.MetricsSystemImpl (MetricsSystemImpl.java:init(158)) - HddsDatanode metrics system started (again)
2019-09-23 16:30:18,178 [org.apache.hadoop.util.JvmPauseMonitor$Monitor@79d462a7] INFO  util.JvmPauseMonitor (JvmPauseMonitor.java:run(188)) - Starting JVM pause monitor
2019-09-23 16:30:18,179 [main] INFO  ozone.HddsDatanodeService (HddsDatanodeService.java:start(184)) - HddsDatanodeService host:pr-hdds-2166-7skhj-3476174427 ip:192.168.34.17
2019-09-23 16:30:18,181 [Datanode State Machine Thread - 0] INFO  datanode.InitDatanodeState (InitDatanodeState.java:persistContainerDatanodeDetails(140)) - DatanodeDetails is persisted to /workdir/hadoop-ozone/integration-test/target/test-dir/MiniOzoneClusterImpl-2125af76-57d3-4163-b90f-d8f74e1b50d6/datanode-0/meta/datanode.id
2019-09-23 16:30:18,185 [main] INFO  volume.HddsVolume (HddsVolume.java:<init>(176)) - Creating Volume: /workdir/hadoop-ozone/integration-test/target/test-dir/MiniOzoneClusterImpl-2125af76-57d3-4163-b90f-d8f74e1b50d6/datanode-1/data/containers/hdds of  storage type : DISK and capacity : 1482555576320
2019-09-23 16:30:18,186 [main] INFO  volume.VolumeSet (VolumeSet.java:initializeVolumeSet(170)) - Added Volume : /workdir/hadoop-ozone/integration-test/target/test-dir/MiniOzoneClusterImpl-2125af76-57d3-4163-b90f-d8f74e1b50d6/datanode-1/data/containers/hdds to VolumeSet
2019-09-23 16:30:18,186 [main] INFO  volume.ThrottledAsyncChecker (ThrottledAsyncChecker.java:schedule(139)) - Scheduling a check for org.apache.hadoop.ozone.container.common.volume.HddsVolume@49469ffa
2019-09-23 16:30:18,187 [main] INFO  volume.HddsVolumeChecker (HddsVolumeChecker.java:checkAllVolumes(202)) - Scheduled health check for volume org.apache.hadoop.ozone.container.common.volume.HddsVolume@49469ffa
2019-09-23 16:30:18,205 [main] INFO  impl.RaftServerProxy (ConfUtils.java:logGet(43)) - raft.rpc.type = GRPC (default)
2019-09-23 16:30:18,205 [main] INFO  grpc.GrpcFactory (GrpcFactory.java:checkPooledByteBufAllocatorUseCacheForAllThreads(45)) - PERFORMANCE WARNING: useCacheForAllThreads is true that may cause Netty to create a lot garbage objects and, as a result, trigger GC.
	It is recommended to disable useCacheForAllThreads by setting -Dorg.apache.ratis.thirdparty.io.netty.allocator.useCacheForAllThreads=false in command line.
2019-09-23 16:30:18,206 [main] INFO  grpc.GrpcConfigKeys$Server (ConfUtils.java:logGet(43)) - raft.grpc.server.port = 0 (default)
2019-09-23 16:30:18,206 [main] INFO  server.GrpcService (ConfUtils.java:logGet(43)) - raft.grpc.message.size.max = 33570816 (custom)
2019-09-23 16:30:18,206 [main] INFO  server.RaftServerConfigKeys (ConfUtils.java:logGet(43)) - raft.server.log.appender.buffer.byte-limit = 33554432 (custom)
2019-09-23 16:30:18,206 [main] INFO  server.GrpcService (ConfUtils.java:logGet(43)) - raft.grpc.flow.control.window = 1MB (=1048576) (default)
2019-09-23 16:30:18,207 [main] INFO  server.RaftServerConfigKeys (ConfUtils.java:logGet(43)) - raft.server.rpc.request.timeout = 3000ms (default)
2019-09-23 16:30:18,207 [main] INFO  server.RaftServerConfigKeys (ConfUtils.java:logGet(43)) - raft.server.storage.dir = [/workdir/hadoop-ozone/integration-test/target/test-dir/MiniOzoneClusterImpl-2125af76-57d3-4163-b90f-d8f74e1b50d6/datanode-1/data/ratis] (custom)
2019-09-23 16:30:18,209 [main] INFO  hdfs.DFSUtil (DFSUtil.java:httpServerTemplateForNNAndJN(1641)) - Starting Web-server for hddsDatanode at: http://0.0.0.0:0
2019-09-23 16:30:18,210 [main] INFO  server.AuthenticationFilter (AuthenticationFilter.java:constructSecretProvider(240)) - Unable to initialize FileSignerSecretProvider, falling back to use random secrets.
2019-09-23 16:30:18,211 [main] WARN  http.HttpRequestLog (HttpRequestLog.java:getRequestLog(97)) - Jetty request log can only be enabled using Log4j
2019-09-23 16:30:18,213 [main] INFO  http.HttpServer2 (HttpServer2.java:addGlobalFilter(975)) - Added global filter 'safety' (class=org.apache.hadoop.http.HttpServer2$QuotingInputFilter)
2019-09-23 16:30:18,213 [main] INFO  http.HttpServer2 (HttpServer2.java:addFilter(948)) - Added filter static_user_filter (class=org.apache.hadoop.http.lib.StaticUserWebFilter$StaticUserFilter) to context hddsDatanode
2019-09-23 16:30:18,214 [main] INFO  http.HttpServer2 (HttpServer2.java:addFilter(958)) - Added filter static_user_filter (class=org.apache.hadoop.http.lib.StaticUserWebFilter$StaticUserFilter) to context static
2019-09-23 16:30:18,214 [main] INFO  http.HttpServer2 (HttpServer2.java:addFilter(958)) - Added filter static_user_filter (class=org.apache.hadoop.http.lib.StaticUserWebFilter$StaticUserFilter) to context logs
2019-09-23 16:30:18,215 [main] INFO  http.HttpServer2 (HttpServer2.java:bindListener(1191)) - Jetty bound to port 33585
2019-09-23 16:30:18,215 [main] INFO  server.Server (Server.java:doStart(351)) - jetty-9.3.25.v20180904, build timestamp: 2018-09-04T21:11:46Z, git hash: 3ce520221d0240229c862b122d2b06c12a625732
2019-09-23 16:30:18,217 [main] INFO  handler.ContextHandler (ContextHandler.java:doStart(781)) - Started o.e.j.s.ServletContextHandler@76544c0a{/logs,file:///workdir/hadoop-ozone/integration-test/target/log,AVAILABLE}
2019-09-23 16:30:18,217 [main] INFO  handler.ContextHandler (ContextHandler.java:doStart(781)) - Started o.e.j.s.ServletContextHandler@650c405c{/static,jar:file:/home/user/.m2/repository/org/apache/hadoop/hadoop-hdds-container-service/0.5.0-SNAPSHOT/hadoop-hdds-container-service-0.5.0-SNAPSHOT.jar!/webapps/static,AVAILABLE}
2019-09-23 16:30:18,254 [main] INFO  handler.ContextHandler (ContextHandler.java:doStart(781)) - Started o.e.j.w.WebAppContext@71ed560f{/,file:///tmp/jetty-0.0.0.0-33585-hddsDatanode-_-any-6657741605570757227.dir/webapp/,AVAILABLE}{/hddsDatanode}
2019-09-23 16:30:18,255 [main] INFO  server.AbstractConnector (AbstractConnector.java:doStart(278)) - Started ServerConnector@5b88b8e{HTTP/1.1,[http/1.1]}{0.0.0.0:33585}
2019-09-23 16:30:18,258 [main] INFO  server.Server (Server.java:doStart(419)) - Started @71479ms
2019-09-23 16:30:18,258 [main] WARN  impl.MetricsSystemImpl (MetricsSystemImpl.java:register(276)) - Sink prometheus already exists!
2019-09-23 16:30:18,259 [main] INFO  server.BaseHttpServer (BaseHttpServer.java:updateConnectorAddress(215)) - HTTP server of HDDSDATANODE is listening at http://0.0.0.0:33585
2019-09-23 16:30:18,259 [main] INFO  impl.MetricsSystemImpl (MetricsSystemImpl.java:init(158)) - HddsDatanode metrics system started (again)
2019-09-23 16:30:18,264 [org.apache.hadoop.util.JvmPauseMonitor$Monitor@711793b0] INFO  util.JvmPauseMonitor (JvmPauseMonitor.java:run(188)) - Starting JVM pause monitor
2019-09-23 16:30:18,264 [main] INFO  ozone.HddsDatanodeService (HddsDatanodeService.java:start(184)) - HddsDatanodeService host:pr-hdds-2166-7skhj-3476174427 ip:192.168.34.17
2019-09-23 16:30:18,265 [Datanode State Machine Thread - 0] INFO  datanode.InitDatanodeState (InitDatanodeState.java:persistContainerDatanodeDetails(140)) - DatanodeDetails is persisted to /workdir/hadoop-ozone/integration-test/target/test-dir/MiniOzoneClusterImpl-2125af76-57d3-4163-b90f-d8f74e1b50d6/datanode-1/meta/datanode.id
2019-09-23 16:30:18,269 [main] INFO  volume.HddsVolume (HddsVolume.java:<init>(176)) - Creating Volume: /workdir/hadoop-ozone/integration-test/target/test-dir/MiniOzoneClusterImpl-2125af76-57d3-4163-b90f-d8f74e1b50d6/datanode-2/data/containers/hdds of  storage type : DISK and capacity : 1482555576320
2019-09-23 16:30:18,269 [main] INFO  volume.VolumeSet (VolumeSet.java:initializeVolumeSet(170)) - Added Volume : /workdir/hadoop-ozone/integration-test/target/test-dir/MiniOzoneClusterImpl-2125af76-57d3-4163-b90f-d8f74e1b50d6/datanode-2/data/containers/hdds to VolumeSet
2019-09-23 16:30:18,270 [main] INFO  volume.ThrottledAsyncChecker (ThrottledAsyncChecker.java:schedule(139)) - Scheduling a check for org.apache.hadoop.ozone.container.common.volume.HddsVolume@1f939a0f
2019-09-23 16:30:18,271 [main] INFO  volume.HddsVolumeChecker (HddsVolumeChecker.java:checkAllVolumes(202)) - Scheduled health check for volume org.apache.hadoop.ozone.container.common.volume.HddsVolume@1f939a0f
2019-09-23 16:30:18,286 [main] INFO  impl.RaftServerProxy (ConfUtils.java:logGet(43)) - raft.rpc.type = GRPC (default)
2019-09-23 16:30:18,287 [main] INFO  grpc.GrpcFactory (GrpcFactory.java:checkPooledByteBufAllocatorUseCacheForAllThreads(45)) - PERFORMANCE WARNING: useCacheForAllThreads is true that may cause Netty to create a lot garbage objects and, as a result, trigger GC.
	It is recommended to disable useCacheForAllThreads by setting -Dorg.apache.ratis.thirdparty.io.netty.allocator.useCacheForAllThreads=false in command line.
2019-09-23 16:30:18,287 [main] INFO  grpc.GrpcConfigKeys$Server (ConfUtils.java:logGet(43)) - raft.grpc.server.port = 0 (default)
2019-09-23 16:30:18,287 [main] INFO  server.GrpcService (ConfUtils.java:logGet(43)) - raft.grpc.message.size.max = 33570816 (custom)
2019-09-23 16:30:18,287 [main] INFO  server.RaftServerConfigKeys (ConfUtils.java:logGet(43)) - raft.server.log.appender.buffer.byte-limit = 33554432 (custom)
2019-09-23 16:30:18,288 [main] INFO  server.GrpcService (ConfUtils.java:logGet(43)) - raft.grpc.flow.control.window = 1MB (=1048576) (default)
2019-09-23 16:30:18,288 [main] INFO  server.RaftServerConfigKeys (ConfUtils.java:logGet(43)) - raft.server.rpc.request.timeout = 3000ms (default)
2019-09-23 16:30:18,289 [main] INFO  server.RaftServerConfigKeys (ConfUtils.java:logGet(43)) - raft.server.storage.dir = [/workdir/hadoop-ozone/integration-test/target/test-dir/MiniOzoneClusterImpl-2125af76-57d3-4163-b90f-d8f74e1b50d6/datanode-2/data/ratis] (custom)
2019-09-23 16:30:18,291 [main] INFO  hdfs.DFSUtil (DFSUtil.java:httpServerTemplateForNNAndJN(1641)) - Starting Web-server for hddsDatanode at: http://0.0.0.0:0
2019-09-23 16:30:18,292 [main] INFO  server.AuthenticationFilter (AuthenticationFilter.java:constructSecretProvider(240)) - Unable to initialize FileSignerSecretProvider, falling back to use random secrets.
2019-09-23 16:30:18,292 [main] WARN  http.HttpRequestLog (HttpRequestLog.java:getRequestLog(97)) - Jetty request log can only be enabled using Log4j
2019-09-23 16:30:18,294 [main] INFO  http.HttpServer2 (HttpServer2.java:addGlobalFilter(975)) - Added global filter 'safety' (class=org.apache.hadoop.http.HttpServer2$QuotingInputFilter)
2019-09-23 16:30:18,294 [main] INFO  http.HttpServer2 (HttpServer2.java:addFilter(948)) - Added filter static_user_filter (class=org.apache.hadoop.http.lib.StaticUserWebFilter$StaticUserFilter) to context hddsDatanode
2019-09-23 16:30:18,294 [main] INFO  http.HttpServer2 (HttpServer2.java:addFilter(958)) - Added filter static_user_filter (class=org.apache.hadoop.http.lib.StaticUserWebFilter$StaticUserFilter) to context logs
2019-09-23 16:30:18,295 [main] INFO  http.HttpServer2 (HttpServer2.java:addFilter(958)) - Added filter static_user_filter (class=org.apache.hadoop.http.lib.StaticUserWebFilter$StaticUserFilter) to context static
2019-09-23 16:30:18,295 [main] INFO  http.HttpServer2 (HttpServer2.java:bindListener(1191)) - Jetty bound to port 46422
2019-09-23 16:30:18,295 [main] INFO  server.Server (Server.java:doStart(351)) - jetty-9.3.25.v20180904, build timestamp: 2018-09-04T21:11:46Z, git hash: 3ce520221d0240229c862b122d2b06c12a625732
2019-09-23 16:30:18,297 [main] INFO  handler.ContextHandler (ContextHandler.java:doStart(781)) - Started o.e.j.s.ServletContextHandler@7134b8a7{/logs,file:///workdir/hadoop-ozone/integration-test/target/log,AVAILABLE}
2019-09-23 16:30:18,298 [main] INFO  handler.ContextHandler (ContextHandler.java:doStart(781)) - Started o.e.j.s.ServletContextHandler@40de8f93{/static,jar:file:/home/user/.m2/repository/org/apache/hadoop/hadoop-hdds-container-service/0.5.0-SNAPSHOT/hadoop-hdds-container-service-0.5.0-SNAPSHOT.jar!/webapps/static,AVAILABLE}
2019-09-23 16:30:18,325 [main] INFO  handler.ContextHandler (ContextHandler.java:doStart(781)) - Started o.e.j.w.WebAppContext@6968c1d6{/,file:///tmp/jetty-0.0.0.0-46422-hddsDatanode-_-any-6867457052000110633.dir/webapp/,AVAILABLE}{/hddsDatanode}
2019-09-23 16:30:18,325 [main] INFO  server.AbstractConnector (AbstractConnector.java:doStart(278)) - Started ServerConnector@7d986d83{HTTP/1.1,[http/1.1]}{0.0.0.0:46422}
2019-09-23 16:30:18,326 [main] INFO  server.Server (Server.java:doStart(419)) - Started @71548ms
2019-09-23 16:30:18,326 [main] WARN  impl.MetricsSystemImpl (MetricsSystemImpl.java:register(276)) - Sink prometheus already exists!
2019-09-23 16:30:18,327 [main] INFO  server.BaseHttpServer (BaseHttpServer.java:updateConnectorAddress(215)) - HTTP server of HDDSDATANODE is listening at http://0.0.0.0:46422
2019-09-23 16:30:18,328 [main] INFO  impl.MetricsSystemImpl (MetricsSystemImpl.java:init(158)) - HddsDatanode metrics system started (again)
2019-09-23 16:30:18,332 [org.apache.hadoop.util.JvmPauseMonitor$Monitor@579b0b21] INFO  util.JvmPauseMonitor (JvmPauseMonitor.java:run(188)) - Starting JVM pause monitor
2019-09-23 16:30:18,333 [main] INFO  ozone.HddsDatanodeService (HddsDatanodeService.java:start(184)) - HddsDatanodeService host:pr-hdds-2166-7skhj-3476174427 ip:192.168.34.17
2019-09-23 16:30:18,334 [Datanode State Machine Thread - 0] INFO  datanode.InitDatanodeState (InitDatanodeState.java:persistContainerDatanodeDetails(140)) - DatanodeDetails is persisted to /workdir/hadoop-ozone/integration-test/target/test-dir/MiniOzoneClusterImpl-2125af76-57d3-4163-b90f-d8f74e1b50d6/datanode-2/meta/datanode.id
2019-09-23 16:30:18,341 [main] INFO  volume.HddsVolume (HddsVolume.java:<init>(176)) - Creating Volume: /workdir/hadoop-ozone/integration-test/target/test-dir/MiniOzoneClusterImpl-2125af76-57d3-4163-b90f-d8f74e1b50d6/datanode-3/data/containers/hdds of  storage type : DISK and capacity : 1482555576320
2019-09-23 16:30:18,342 [main] INFO  volume.VolumeSet (VolumeSet.java:initializeVolumeSet(170)) - Added Volume : /workdir/hadoop-ozone/integration-test/target/test-dir/MiniOzoneClusterImpl-2125af76-57d3-4163-b90f-d8f74e1b50d6/datanode-3/data/containers/hdds to VolumeSet
2019-09-23 16:30:18,342 [main] INFO  volume.ThrottledAsyncChecker (ThrottledAsyncChecker.java:schedule(139)) - Scheduling a check for org.apache.hadoop.ozone.container.common.volume.HddsVolume@68e02f33
2019-09-23 16:30:18,342 [main] INFO  volume.HddsVolumeChecker (HddsVolumeChecker.java:checkAllVolumes(202)) - Scheduled health check for volume org.apache.hadoop.ozone.container.common.volume.HddsVolume@68e02f33
2019-09-23 16:30:18,358 [main] INFO  impl.RaftServerProxy (ConfUtils.java:logGet(43)) - raft.rpc.type = GRPC (default)
2019-09-23 16:30:18,359 [main] INFO  grpc.GrpcFactory (GrpcFactory.java:checkPooledByteBufAllocatorUseCacheForAllThreads(45)) - PERFORMANCE WARNING: useCacheForAllThreads is true that may cause Netty to create a lot garbage objects and, as a result, trigger GC.
	It is recommended to disable useCacheForAllThreads by setting -Dorg.apache.ratis.thirdparty.io.netty.allocator.useCacheForAllThreads=false in command line.
2019-09-23 16:30:18,359 [main] INFO  grpc.GrpcConfigKeys$Server (ConfUtils.java:logGet(43)) - raft.grpc.server.port = 0 (default)
2019-09-23 16:30:18,359 [main] INFO  server.GrpcService (ConfUtils.java:logGet(43)) - raft.grpc.message.size.max = 33570816 (custom)
2019-09-23 16:30:18,359 [main] INFO  server.RaftServerConfigKeys (ConfUtils.java:logGet(43)) - raft.server.log.appender.buffer.byte-limit = 33554432 (custom)
2019-09-23 16:30:18,359 [main] INFO  server.GrpcService (ConfUtils.java:logGet(43)) - raft.grpc.flow.control.window = 1MB (=1048576) (default)
2019-09-23 16:30:18,360 [main] INFO  server.RaftServerConfigKeys (ConfUtils.java:logGet(43)) - raft.server.rpc.request.timeout = 3000ms (default)
2019-09-23 16:30:18,360 [main] INFO  server.RaftServerConfigKeys (ConfUtils.java:logGet(43)) - raft.server.storage.dir = [/workdir/hadoop-ozone/integration-test/target/test-dir/MiniOzoneClusterImpl-2125af76-57d3-4163-b90f-d8f74e1b50d6/datanode-3/data/ratis] (custom)
2019-09-23 16:30:18,362 [main] INFO  hdfs.DFSUtil (DFSUtil.java:httpServerTemplateForNNAndJN(1641)) - Starting Web-server for hddsDatanode at: http://0.0.0.0:0
2019-09-23 16:30:18,363 [main] INFO  server.AuthenticationFilter (AuthenticationFilter.java:constructSecretProvider(240)) - Unable to initialize FileSignerSecretProvider, falling back to use random secrets.
2019-09-23 16:30:18,363 [main] WARN  http.HttpRequestLog (HttpRequestLog.java:getRequestLog(97)) - Jetty request log can only be enabled using Log4j
2019-09-23 16:30:18,365 [main] INFO  http.HttpServer2 (HttpServer2.java:addGlobalFilter(975)) - Added global filter 'safety' (class=org.apache.hadoop.http.HttpServer2$QuotingInputFilter)
2019-09-23 16:30:18,365 [main] INFO  http.HttpServer2 (HttpServer2.java:addFilter(948)) - Added filter static_user_filter (class=org.apache.hadoop.http.lib.StaticUserWebFilter$StaticUserFilter) to context hddsDatanode
2019-09-23 16:30:18,366 [main] INFO  http.HttpServer2 (HttpServer2.java:addFilter(958)) - Added filter static_user_filter (class=org.apache.hadoop.http.lib.StaticUserWebFilter$StaticUserFilter) to context static
2019-09-23 16:30:18,366 [main] INFO  http.HttpServer2 (HttpServer2.java:addFilter(958)) - Added filter static_user_filter (class=org.apache.hadoop.http.lib.StaticUserWebFilter$StaticUserFilter) to context logs
2019-09-23 16:30:18,366 [main] INFO  http.HttpServer2 (HttpServer2.java:bindListener(1191)) - Jetty bound to port 44978
2019-09-23 16:30:18,367 [main] INFO  server.Server (Server.java:doStart(351)) - jetty-9.3.25.v20180904, build timestamp: 2018-09-04T21:11:46Z, git hash: 3ce520221d0240229c862b122d2b06c12a625732
2019-09-23 16:30:18,368 [main] INFO  handler.ContextHandler (ContextHandler.java:doStart(781)) - Started o.e.j.s.ServletContextHandler@31a2a9fa{/logs,file:///workdir/hadoop-ozone/integration-test/target/log,AVAILABLE}
2019-09-23 16:30:18,369 [main] INFO  handler.ContextHandler (ContextHandler.java:doStart(781)) - Started o.e.j.s.ServletContextHandler@27a09971{/static,jar:file:/home/user/.m2/repository/org/apache/hadoop/hadoop-hdds-container-service/0.5.0-SNAPSHOT/hadoop-hdds-container-service-0.5.0-SNAPSHOT.jar!/webapps/static,AVAILABLE}
2019-09-23 16:30:18,398 [main] INFO  handler.ContextHandler (ContextHandler.java:doStart(781)) - Started o.e.j.w.WebAppContext@1f2f0109{/,file:///tmp/jetty-0.0.0.0-44978-hddsDatanode-_-any-461833505837010259.dir/webapp/,AVAILABLE}{/hddsDatanode}
2019-09-23 16:30:18,399 [main] INFO  server.AbstractConnector (AbstractConnector.java:doStart(278)) - Started ServerConnector@483b0690{HTTP/1.1,[http/1.1]}{0.0.0.0:44978}
2019-09-23 16:30:18,400 [main] INFO  server.Server (Server.java:doStart(419)) - Started @71622ms
2019-09-23 16:30:18,401 [main] WARN  impl.MetricsSystemImpl (MetricsSystemImpl.java:register(276)) - Sink prometheus already exists!
2019-09-23 16:30:18,401 [main] INFO  server.BaseHttpServer (BaseHttpServer.java:updateConnectorAddress(215)) - HTTP server of HDDSDATANODE is listening at http://0.0.0.0:44978
2019-09-23 16:30:18,402 [main] INFO  impl.MetricsSystemImpl (MetricsSystemImpl.java:init(158)) - HddsDatanode metrics system started (again)
2019-09-23 16:30:18,405 [org.apache.hadoop.util.JvmPauseMonitor$Monitor@5c140c68] INFO  util.JvmPauseMonitor (JvmPauseMonitor.java:run(188)) - Starting JVM pause monitor
2019-09-23 16:30:18,405 [main] INFO  ozone.HddsDatanodeService (HddsDatanodeService.java:start(184)) - HddsDatanodeService host:pr-hdds-2166-7skhj-3476174427 ip:192.168.34.17
2019-09-23 16:30:18,407 [Datanode State Machine Thread - 0] INFO  datanode.InitDatanodeState (InitDatanodeState.java:persistContainerDatanodeDetails(140)) - DatanodeDetails is persisted to /workdir/hadoop-ozone/integration-test/target/test-dir/MiniOzoneClusterImpl-2125af76-57d3-4163-b90f-d8f74e1b50d6/datanode-3/meta/datanode.id
2019-09-23 16:30:18,411 [main] INFO  volume.HddsVolume (HddsVolume.java:<init>(176)) - Creating Volume: /workdir/hadoop-ozone/integration-test/target/test-dir/MiniOzoneClusterImpl-2125af76-57d3-4163-b90f-d8f74e1b50d6/datanode-4/data/containers/hdds of  storage type : DISK and capacity : 1482555576320
2019-09-23 16:30:18,411 [main] INFO  volume.VolumeSet (VolumeSet.java:initializeVolumeSet(170)) - Added Volume : /workdir/hadoop-ozone/integration-test/target/test-dir/MiniOzoneClusterImpl-2125af76-57d3-4163-b90f-d8f74e1b50d6/datanode-4/data/containers/hdds to VolumeSet
2019-09-23 16:30:18,412 [main] INFO  volume.ThrottledAsyncChecker (ThrottledAsyncChecker.java:schedule(139)) - Scheduling a check for org.apache.hadoop.ozone.container.common.volume.HddsVolume@59b32539
2019-09-23 16:30:18,412 [main] INFO  volume.HddsVolumeChecker (HddsVolumeChecker.java:checkAllVolumes(202)) - Scheduled health check for volume org.apache.hadoop.ozone.container.common.volume.HddsVolume@59b32539
2019-09-23 16:30:18,425 [main] INFO  impl.RaftServerProxy (ConfUtils.java:logGet(43)) - raft.rpc.type = GRPC (default)
2019-09-23 16:30:18,425 [main] INFO  grpc.GrpcFactory (GrpcFactory.java:checkPooledByteBufAllocatorUseCacheForAllThreads(45)) - PERFORMANCE WARNING: useCacheForAllThreads is true that may cause Netty to create a lot garbage objects and, as a result, trigger GC.
	It is recommended to disable useCacheForAllThreads by setting -Dorg.apache.ratis.thirdparty.io.netty.allocator.useCacheForAllThreads=false in command line.
2019-09-23 16:30:18,426 [main] INFO  grpc.GrpcConfigKeys$Server (ConfUtils.java:logGet(43)) - raft.grpc.server.port = 0 (default)
2019-09-23 16:30:18,426 [main] INFO  server.GrpcService (ConfUtils.java:logGet(43)) - raft.grpc.message.size.max = 33570816 (custom)
2019-09-23 16:30:18,426 [main] INFO  server.RaftServerConfigKeys (ConfUtils.java:logGet(43)) - raft.server.log.appender.buffer.byte-limit = 33554432 (custom)
2019-09-23 16:30:18,426 [main] INFO  server.GrpcService (ConfUtils.java:logGet(43)) - raft.grpc.flow.control.window = 1MB (=1048576) (default)
2019-09-23 16:30:18,426 [main] INFO  server.RaftServerConfigKeys (ConfUtils.java:logGet(43)) - raft.server.rpc.request.timeout = 3000ms (default)
2019-09-23 16:30:18,427 [main] INFO  server.RaftServerConfigKeys (ConfUtils.java:logGet(43)) - raft.server.storage.dir = [/workdir/hadoop-ozone/integration-test/target/test-dir/MiniOzoneClusterImpl-2125af76-57d3-4163-b90f-d8f74e1b50d6/datanode-4/data/ratis] (custom)
2019-09-23 16:30:18,428 [main] INFO  hdfs.DFSUtil (DFSUtil.java:httpServerTemplateForNNAndJN(1641)) - Starting Web-server for hddsDatanode at: http://0.0.0.0:0
2019-09-23 16:30:18,429 [main] INFO  server.AuthenticationFilter (AuthenticationFilter.java:constructSecretProvider(240)) - Unable to initialize FileSignerSecretProvider, falling back to use random secrets.
2019-09-23 16:30:18,430 [main] WARN  http.HttpRequestLog (HttpRequestLog.java:getRequestLog(97)) - Jetty request log can only be enabled using Log4j
2019-09-23 16:30:18,431 [main] INFO  http.HttpServer2 (HttpServer2.java:addGlobalFilter(975)) - Added global filter 'safety' (class=org.apache.hadoop.http.HttpServer2$QuotingInputFilter)
2019-09-23 16:30:18,432 [main] INFO  http.HttpServer2 (HttpServer2.java:addFilter(948)) - Added filter static_user_filter (class=org.apache.hadoop.http.lib.StaticUserWebFilter$StaticUserFilter) to context hddsDatanode
2019-09-23 16:30:18,432 [main] INFO  http.HttpServer2 (HttpServer2.java:addFilter(958)) - Added filter static_user_filter (class=org.apache.hadoop.http.lib.StaticUserWebFilter$StaticUserFilter) to context static
2019-09-23 16:30:18,432 [main] INFO  http.HttpServer2 (HttpServer2.java:addFilter(958)) - Added filter static_user_filter (class=org.apache.hadoop.http.lib.StaticUserWebFilter$StaticUserFilter) to context logs
2019-09-23 16:30:18,432 [main] INFO  http.HttpServer2 (HttpServer2.java:bindListener(1191)) - Jetty bound to port 45045
2019-09-23 16:30:18,433 [main] INFO  server.Server (Server.java:doStart(351)) - jetty-9.3.25.v20180904, build timestamp: 2018-09-04T21:11:46Z, git hash: 3ce520221d0240229c862b122d2b06c12a625732
2019-09-23 16:30:18,434 [main] INFO  handler.ContextHandler (ContextHandler.java:doStart(781)) - Started o.e.j.s.ServletContextHandler@3408f695{/logs,file:///workdir/hadoop-ozone/integration-test/target/log,AVAILABLE}
2019-09-23 16:30:18,435 [main] INFO  handler.ContextHandler (ContextHandler.java:doStart(781)) - Started o.e.j.s.ServletContextHandler@4dde8976{/static,jar:file:/home/user/.m2/repository/org/apache/hadoop/hadoop-hdds-container-service/0.5.0-SNAPSHOT/hadoop-hdds-container-service-0.5.0-SNAPSHOT.jar!/webapps/static,AVAILABLE}
2019-09-23 16:30:18,463 [main] INFO  handler.ContextHandler (ContextHandler.java:doStart(781)) - Started o.e.j.w.WebAppContext@77c1e611{/,file:///tmp/jetty-0.0.0.0-45045-hddsDatanode-_-any-6481079995006678716.dir/webapp/,AVAILABLE}{/hddsDatanode}
2019-09-23 16:30:18,463 [main] INFO  server.AbstractConnector (AbstractConnector.java:doStart(278)) - Started ServerConnector@12c0c0b3{HTTP/1.1,[http/1.1]}{0.0.0.0:45045}
2019-09-23 16:30:18,465 [main] INFO  server.Server (Server.java:doStart(419)) - Started @71686ms
2019-09-23 16:30:18,465 [main] WARN  impl.MetricsSystemImpl (MetricsSystemImpl.java:register(276)) - Sink prometheus already exists!
2019-09-23 16:30:18,466 [main] INFO  server.BaseHttpServer (BaseHttpServer.java:updateConnectorAddress(215)) - HTTP server of HDDSDATANODE is listening at http://0.0.0.0:45045
2019-09-23 16:30:18,466 [main] INFO  impl.MetricsSystemImpl (MetricsSystemImpl.java:init(158)) - HddsDatanode metrics system started (again)
2019-09-23 16:30:18,471 [org.apache.hadoop.util.JvmPauseMonitor$Monitor@5b3a533f] INFO  util.JvmPauseMonitor (JvmPauseMonitor.java:run(188)) - Starting JVM pause monitor
2019-09-23 16:30:18,471 [main] INFO  ozone.HddsDatanodeService (HddsDatanodeService.java:start(184)) - HddsDatanodeService host:pr-hdds-2166-7skhj-3476174427 ip:192.168.34.17
2019-09-23 16:30:18,473 [Datanode State Machine Thread - 0] INFO  datanode.InitDatanodeState (InitDatanodeState.java:persistContainerDatanodeDetails(140)) - DatanodeDetails is persisted to /workdir/hadoop-ozone/integration-test/target/test-dir/MiniOzoneClusterImpl-2125af76-57d3-4163-b90f-d8f74e1b50d6/datanode-4/meta/datanode.id
2019-09-23 16:30:18,477 [main] INFO  volume.HddsVolume (HddsVolume.java:<init>(176)) - Creating Volume: /workdir/hadoop-ozone/integration-test/target/test-dir/MiniOzoneClusterImpl-2125af76-57d3-4163-b90f-d8f74e1b50d6/datanode-5/data/containers/hdds of  storage type : DISK and capacity : 1482555576320
2019-09-23 16:30:18,477 [main] INFO  volume.VolumeSet (VolumeSet.java:initializeVolumeSet(170)) - Added Volume : /workdir/hadoop-ozone/integration-test/target/test-dir/MiniOzoneClusterImpl-2125af76-57d3-4163-b90f-d8f74e1b50d6/datanode-5/data/containers/hdds to VolumeSet
2019-09-23 16:30:18,477 [main] INFO  volume.ThrottledAsyncChecker (ThrottledAsyncChecker.java:schedule(139)) - Scheduling a check for org.apache.hadoop.ozone.container.common.volume.HddsVolume@5dcd0cdf
2019-09-23 16:30:18,477 [main] INFO  volume.HddsVolumeChecker (HddsVolumeChecker.java:checkAllVolumes(202)) - Scheduled health check for volume org.apache.hadoop.ozone.container.common.volume.HddsVolume@5dcd0cdf
2019-09-23 16:30:18,491 [main] INFO  impl.RaftServerProxy (ConfUtils.java:logGet(43)) - raft.rpc.type = GRPC (default)
2019-09-23 16:30:18,491 [main] INFO  grpc.GrpcFactory (GrpcFactory.java:checkPooledByteBufAllocatorUseCacheForAllThreads(45)) - PERFORMANCE WARNING: useCacheForAllThreads is true that may cause Netty to create a lot garbage objects and, as a result, trigger GC.
	It is recommended to disable useCacheForAllThreads by setting -Dorg.apache.ratis.thirdparty.io.netty.allocator.useCacheForAllThreads=false in command line.
2019-09-23 16:30:18,491 [main] INFO  grpc.GrpcConfigKeys$Server (ConfUtils.java:logGet(43)) - raft.grpc.server.port = 0 (default)
2019-09-23 16:30:18,491 [main] INFO  server.GrpcService (ConfUtils.java:logGet(43)) - raft.grpc.message.size.max = 33570816 (custom)
2019-09-23 16:30:18,491 [main] INFO  server.RaftServerConfigKeys (ConfUtils.java:logGet(43)) - raft.server.log.appender.buffer.byte-limit = 33554432 (custom)
2019-09-23 16:30:18,492 [main] INFO  server.GrpcService (ConfUtils.java:logGet(43)) - raft.grpc.flow.control.window = 1MB (=1048576) (default)
2019-09-23 16:30:18,492 [main] INFO  server.RaftServerConfigKeys (ConfUtils.java:logGet(43)) - raft.server.rpc.request.timeout = 3000ms (default)
2019-09-23 16:30:18,492 [main] INFO  server.RaftServerConfigKeys (ConfUtils.java:logGet(43)) - raft.server.storage.dir = [/workdir/hadoop-ozone/integration-test/target/test-dir/MiniOzoneClusterImpl-2125af76-57d3-4163-b90f-d8f74e1b50d6/datanode-5/data/ratis] (custom)
2019-09-23 16:30:18,494 [main] INFO  hdfs.DFSUtil (DFSUtil.java:httpServerTemplateForNNAndJN(1641)) - Starting Web-server for hddsDatanode at: http://0.0.0.0:0
2019-09-23 16:30:18,495 [main] INFO  server.AuthenticationFilter (AuthenticationFilter.java:constructSecretProvider(240)) - Unable to initialize FileSignerSecretProvider, falling back to use random secrets.
2019-09-23 16:30:18,496 [main] WARN  http.HttpRequestLog (HttpRequestLog.java:getRequestLog(97)) - Jetty request log can only be enabled using Log4j
2019-09-23 16:30:18,498 [main] INFO  http.HttpServer2 (HttpServer2.java:addGlobalFilter(975)) - Added global filter 'safety' (class=org.apache.hadoop.http.HttpServer2$QuotingInputFilter)
2019-09-23 16:30:18,499 [main] INFO  http.HttpServer2 (HttpServer2.java:addFilter(948)) - Added filter static_user_filter (class=org.apache.hadoop.http.lib.StaticUserWebFilter$StaticUserFilter) to context hddsDatanode
2019-09-23 16:30:18,499 [main] INFO  http.HttpServer2 (HttpServer2.java:addFilter(958)) - Added filter static_user_filter (class=org.apache.hadoop.http.lib.StaticUserWebFilter$StaticUserFilter) to context static
2019-09-23 16:30:18,500 [main] INFO  http.HttpServer2 (HttpServer2.java:addFilter(958)) - Added filter static_user_filter (class=org.apache.hadoop.http.lib.StaticUserWebFilter$StaticUserFilter) to context logs
2019-09-23 16:30:18,501 [main] INFO  http.HttpServer2 (HttpServer2.java:bindListener(1191)) - Jetty bound to port 34200
2019-09-23 16:30:18,501 [main] INFO  server.Server (Server.java:doStart(351)) - jetty-9.3.25.v20180904, build timestamp: 2018-09-04T21:11:46Z, git hash: 3ce520221d0240229c862b122d2b06c12a625732
2019-09-23 16:30:18,503 [main] INFO  handler.ContextHandler (ContextHandler.java:doStart(781)) - Started o.e.j.s.ServletContextHandler@fe87ddd{/logs,file:///workdir/hadoop-ozone/integration-test/target/log,AVAILABLE}
2019-09-23 16:30:18,504 [main] INFO  handler.ContextHandler (ContextHandler.java:doStart(781)) - Started o.e.j.s.ServletContextHandler@7c281eb8{/static,jar:file:/home/user/.m2/repository/org/apache/hadoop/hadoop-hdds-container-service/0.5.0-SNAPSHOT/hadoop-hdds-container-service-0.5.0-SNAPSHOT.jar!/webapps/static,AVAILABLE}
2019-09-23 16:30:18,546 [main] INFO  handler.ContextHandler (ContextHandler.java:doStart(781)) - Started o.e.j.w.WebAppContext@37348491{/,file:///tmp/jetty-0.0.0.0-34200-hddsDatanode-_-any-2391992081936647033.dir/webapp/,AVAILABLE}{/hddsDatanode}
2019-09-23 16:30:18,547 [main] INFO  server.AbstractConnector (AbstractConnector.java:doStart(278)) - Started ServerConnector@76e3b45b{HTTP/1.1,[http/1.1]}{0.0.0.0:34200}
2019-09-23 16:30:18,548 [main] INFO  server.Server (Server.java:doStart(419)) - Started @71770ms
2019-09-23 16:30:18,549 [main] WARN  impl.MetricsSystemImpl (MetricsSystemImpl.java:register(276)) - Sink prometheus already exists!
2019-09-23 16:30:18,549 [main] INFO  server.BaseHttpServer (BaseHttpServer.java:updateConnectorAddress(215)) - HTTP server of HDDSDATANODE is listening at http://0.0.0.0:34200
2019-09-23 16:30:18,550 [main] INFO  impl.MetricsSystemImpl (MetricsSystemImpl.java:init(158)) - HddsDatanode metrics system started (again)
2019-09-23 16:30:18,556 [org.apache.hadoop.util.JvmPauseMonitor$Monitor@4e557a80] INFO  util.JvmPauseMonitor (JvmPauseMonitor.java:run(188)) - Starting JVM pause monitor
2019-09-23 16:30:18,557 [main] INFO  ozone.HddsDatanodeService (HddsDatanodeService.java:start(184)) - HddsDatanodeService host:pr-hdds-2166-7skhj-3476174427 ip:192.168.34.17
2019-09-23 16:30:18,558 [Datanode State Machine Thread - 0] INFO  datanode.InitDatanodeState (InitDatanodeState.java:persistContainerDatanodeDetails(140)) - DatanodeDetails is persisted to /workdir/hadoop-ozone/integration-test/target/test-dir/MiniOzoneClusterImpl-2125af76-57d3-4163-b90f-d8f74e1b50d6/datanode-5/meta/datanode.id
2019-09-23 16:30:18,564 [main] INFO  volume.HddsVolume (HddsVolume.java:<init>(176)) - Creating Volume: /workdir/hadoop-ozone/integration-test/target/test-dir/MiniOzoneClusterImpl-2125af76-57d3-4163-b90f-d8f74e1b50d6/datanode-6/data/containers/hdds of  storage type : DISK and capacity : 1482555576320
2019-09-23 16:30:18,564 [main] INFO  volume.VolumeSet (VolumeSet.java:initializeVolumeSet(170)) - Added Volume : /workdir/hadoop-ozone/integration-test/target/test-dir/MiniOzoneClusterImpl-2125af76-57d3-4163-b90f-d8f74e1b50d6/datanode-6/data/containers/hdds to VolumeSet
2019-09-23 16:30:18,564 [main] INFO  volume.ThrottledAsyncChecker (ThrottledAsyncChecker.java:schedule(139)) - Scheduling a check for org.apache.hadoop.ozone.container.common.volume.HddsVolume@6e60f18
2019-09-23 16:30:18,565 [main] INFO  volume.HddsVolumeChecker (HddsVolumeChecker.java:checkAllVolumes(202)) - Scheduled health check for volume org.apache.hadoop.ozone.container.common.volume.HddsVolume@6e60f18
2019-09-23 16:30:18,582 [main] INFO  impl.RaftServerProxy (ConfUtils.java:logGet(43)) - raft.rpc.type = GRPC (default)
2019-09-23 16:30:18,583 [main] INFO  grpc.GrpcFactory (GrpcFactory.java:checkPooledByteBufAllocatorUseCacheForAllThreads(45)) - PERFORMANCE WARNING: useCacheForAllThreads is true that may cause Netty to create a lot garbage objects and, as a result, trigger GC.
	It is recommended to disable useCacheForAllThreads by setting -Dorg.apache.ratis.thirdparty.io.netty.allocator.useCacheForAllThreads=false in command line.
2019-09-23 16:30:18,583 [main] INFO  grpc.GrpcConfigKeys$Server (ConfUtils.java:logGet(43)) - raft.grpc.server.port = 0 (default)
2019-09-23 16:30:18,583 [main] INFO  server.GrpcService (ConfUtils.java:logGet(43)) - raft.grpc.message.size.max = 33570816 (custom)
2019-09-23 16:30:18,584 [main] INFO  server.RaftServerConfigKeys (ConfUtils.java:logGet(43)) - raft.server.log.appender.buffer.byte-limit = 33554432 (custom)
2019-09-23 16:30:18,584 [main] INFO  server.GrpcService (ConfUtils.java:logGet(43)) - raft.grpc.flow.control.window = 1MB (=1048576) (default)
2019-09-23 16:30:18,584 [main] INFO  server.RaftServerConfigKeys (ConfUtils.java:logGet(43)) - raft.server.rpc.request.timeout = 3000ms (default)
2019-09-23 16:30:18,585 [main] INFO  server.RaftServerConfigKeys (ConfUtils.java:logGet(43)) - raft.server.storage.dir = [/workdir/hadoop-ozone/integration-test/target/test-dir/MiniOzoneClusterImpl-2125af76-57d3-4163-b90f-d8f74e1b50d6/datanode-6/data/ratis] (custom)
2019-09-23 16:30:18,586 [main] INFO  hdfs.DFSUtil (DFSUtil.java:httpServerTemplateForNNAndJN(1641)) - Starting Web-server for hddsDatanode at: http://0.0.0.0:0
2019-09-23 16:30:18,588 [main] INFO  server.AuthenticationFilter (AuthenticationFilter.java:constructSecretProvider(240)) - Unable to initialize FileSignerSecretProvider, falling back to use random secrets.
2019-09-23 16:30:18,588 [main] WARN  http.HttpRequestLog (HttpRequestLog.java:getRequestLog(97)) - Jetty request log can only be enabled using Log4j
2019-09-23 16:30:18,590 [main] INFO  http.HttpServer2 (HttpServer2.java:addGlobalFilter(975)) - Added global filter 'safety' (class=org.apache.hadoop.http.HttpServer2$QuotingInputFilter)
2019-09-23 16:30:18,591 [main] INFO  http.HttpServer2 (HttpServer2.java:addFilter(948)) - Added filter static_user_filter (class=org.apache.hadoop.http.lib.StaticUserWebFilter$StaticUserFilter) to context hddsDatanode
2019-09-23 16:30:18,591 [main] INFO  http.HttpServer2 (HttpServer2.java:addFilter(958)) - Added filter static_user_filter (class=org.apache.hadoop.http.lib.StaticUserWebFilter$StaticUserFilter) to context static
2019-09-23 16:30:18,591 [main] INFO  http.HttpServer2 (HttpServer2.java:addFilter(958)) - Added filter static_user_filter (class=org.apache.hadoop.http.lib.StaticUserWebFilter$StaticUserFilter) to context logs
2019-09-23 16:30:18,592 [main] INFO  http.HttpServer2 (HttpServer2.java:bindListener(1191)) - Jetty bound to port 41043
2019-09-23 16:30:18,592 [main] INFO  server.Server (Server.java:doStart(351)) - jetty-9.3.25.v20180904, build timestamp: 2018-09-04T21:11:46Z, git hash: 3ce520221d0240229c862b122d2b06c12a625732
2019-09-23 16:30:18,594 [main] INFO  handler.ContextHandler (ContextHandler.java:doStart(781)) - Started o.e.j.s.ServletContextHandler@3e28fee1{/logs,file:///workdir/hadoop-ozone/integration-test/target/log,AVAILABLE}
2019-09-23 16:30:18,595 [main] INFO  handler.ContextHandler (ContextHandler.java:doStart(781)) - Started o.e.j.s.ServletContextHandler@3b332962{/static,jar:file:/home/user/.m2/repository/org/apache/hadoop/hadoop-hdds-container-service/0.5.0-SNAPSHOT/hadoop-hdds-container-service-0.5.0-SNAPSHOT.jar!/webapps/static,AVAILABLE}
2019-09-23 16:30:18,624 [main] INFO  handler.ContextHandler (ContextHandler.java:doStart(781)) - Started o.e.j.w.WebAppContext@3135bf25{/,file:///tmp/jetty-0.0.0.0-41043-hddsDatanode-_-any-993298520120555040.dir/webapp/,AVAILABLE}{/hddsDatanode}
2019-09-23 16:30:18,625 [main] INFO  server.AbstractConnector (AbstractConnector.java:doStart(278)) - Started ServerConnector@22ad1bae{HTTP/1.1,[http/1.1]}{0.0.0.0:41043}
2019-09-23 16:30:18,626 [main] INFO  server.Server (Server.java:doStart(419)) - Started @71848ms
2019-09-23 16:30:18,627 [main] WARN  impl.MetricsSystemImpl (MetricsSystemImpl.java:register(276)) - Sink prometheus already exists!
2019-09-23 16:30:18,628 [main] INFO  server.BaseHttpServer (BaseHttpServer.java:updateConnectorAddress(215)) - HTTP server of HDDSDATANODE is listening at http://0.0.0.0:41043
2019-09-23 16:30:18,628 [main] INFO  ozone.MiniOzoneClusterImpl (MiniOzoneClusterImpl.java:lambda$waitForClusterToBeReady$0(147)) - Waiting for cluster to be ready. Got 0 of 7 DN Heartbeats.
2019-09-23 16:30:18,632 [org.apache.hadoop.util.JvmPauseMonitor$Monitor@2908e15c] INFO  util.JvmPauseMonitor (JvmPauseMonitor.java:run(188)) - Starting JVM pause monitor
2019-09-23 16:30:18,633 [Datanode State Machine Thread - 0] INFO  datanode.InitDatanodeState (InitDatanodeState.java:persistContainerDatanodeDetails(140)) - DatanodeDetails is persisted to /workdir/hadoop-ozone/integration-test/target/test-dir/MiniOzoneClusterImpl-2125af76-57d3-4163-b90f-d8f74e1b50d6/datanode-6/meta/datanode.id
2019-09-23 16:30:19,632 [main] INFO  ozone.MiniOzoneClusterImpl (MiniOzoneClusterImpl.java:lambda$waitForClusterToBeReady$0(147)) - Waiting for cluster to be ready. Got 0 of 7 DN Heartbeats.
2019-09-23 16:30:20,329 [Datanode State Machine Thread - 0] INFO  ozoneimpl.OzoneContainer (OzoneContainer.java:start(217)) - Attempting to start container services.
2019-09-23 16:30:20,332 [Datanode State Machine Thread - 0] INFO  ozoneimpl.OzoneContainer (OzoneContainer.java:startContainerScrub(179)) - Background container scanner has been disabled.
2019-09-23 16:30:20,332 [Datanode State Machine Thread - 0] INFO  ratis.XceiverServerRatis (XceiverServerRatis.java:start(411)) - Starting XceiverServerRatis 11a0cb5c-8a56-4b06-b515-cdac7053eb33 at port 0
2019-09-23 16:30:20,341 [Datanode State Machine Thread - 0] INFO  impl.RaftServerProxy (RaftServerProxy.java:lambda$start$3(299)) - 11a0cb5c-8a56-4b06-b515-cdac7053eb33: start RPC server
2019-09-23 16:30:20,344 [Datanode State Machine Thread - 0] INFO  server.GrpcService (GrpcService.java:startImpl(158)) - 11a0cb5c-8a56-4b06-b515-cdac7053eb33: GrpcService started, listening on 0.0.0.0/0.0.0.0:40017
2019-09-23 16:30:20,344 [Datanode State Machine Thread - 0] INFO  ratis.XceiverServerRatis (XceiverServerRatis.java:start(421)) - XceiverServerRatis 11a0cb5c-8a56-4b06-b515-cdac7053eb33 is started using port 40017
2019-09-23 16:30:20,346 [Datanode State Machine Thread - 0] INFO  server.XceiverServerGrpc (XceiverServerGrpc.java:start(149)) - XceiverServerGrpc 11a0cb5c-8a56-4b06-b515-cdac7053eb33 is started using port 35060
2019-09-23 16:30:20,369 [Datanode State Machine Thread - 0] INFO  ozoneimpl.OzoneContainer (OzoneContainer.java:start(217)) - Attempting to start container services.
2019-09-23 16:30:20,372 [Datanode State Machine Thread - 0] INFO  ozoneimpl.OzoneContainer (OzoneContainer.java:startContainerScrub(179)) - Background container scanner has been disabled.
2019-09-23 16:30:20,372 [Datanode State Machine Thread - 0] INFO  ozoneimpl.OzoneContainer (OzoneContainer.java:start(217)) - Attempting to start container services.
2019-09-23 16:30:20,372 [Datanode State Machine Thread - 0] INFO  ratis.XceiverServerRatis (XceiverServerRatis.java:start(411)) - Starting XceiverServerRatis 3b64e686-a5dd-4d89-9436-c5780787767f at port 0
2019-09-23 16:30:20,377 [Datanode State Machine Thread - 0] INFO  ozoneimpl.OzoneContainer (OzoneContainer.java:startContainerScrub(179)) - Background container scanner has been disabled.
2019-09-23 16:30:20,377 [Datanode State Machine Thread - 0] INFO  ratis.XceiverServerRatis (XceiverServerRatis.java:start(411)) - Starting XceiverServerRatis c521a0c7-0954-4889-a299-8aaf1b9d3454 at port 0
2019-09-23 16:30:20,390 [Datanode State Machine Thread - 0] INFO  impl.RaftServerProxy (RaftServerProxy.java:lambda$start$3(299)) - 3b64e686-a5dd-4d89-9436-c5780787767f: start RPC server
2019-09-23 16:30:20,404 [Datanode State Machine Thread - 0] INFO  impl.RaftServerProxy (RaftServerProxy.java:lambda$start$3(299)) - c521a0c7-0954-4889-a299-8aaf1b9d3454: start RPC server
2019-09-23 16:30:20,404 [Datanode State Machine Thread - 0] INFO  server.GrpcService (GrpcService.java:startImpl(158)) - 3b64e686-a5dd-4d89-9436-c5780787767f: GrpcService started, listening on 0.0.0.0/0.0.0.0:36465
2019-09-23 16:30:20,404 [Datanode State Machine Thread - 0] INFO  ratis.XceiverServerRatis (XceiverServerRatis.java:start(421)) - XceiverServerRatis 3b64e686-a5dd-4d89-9436-c5780787767f is started using port 36465
2019-09-23 16:30:20,405 [Datanode State Machine Thread - 0] INFO  server.XceiverServerGrpc (XceiverServerGrpc.java:start(149)) - XceiverServerGrpc 3b64e686-a5dd-4d89-9436-c5780787767f is started using port 34230
2019-09-23 16:30:20,405 [Datanode State Machine Thread - 0] INFO  server.GrpcService (GrpcService.java:startImpl(158)) - c521a0c7-0954-4889-a299-8aaf1b9d3454: GrpcService started, listening on 0.0.0.0/0.0.0.0:38284
2019-09-23 16:30:20,405 [Datanode State Machine Thread - 0] INFO  ratis.XceiverServerRatis (XceiverServerRatis.java:start(421)) - XceiverServerRatis c521a0c7-0954-4889-a299-8aaf1b9d3454 is started using port 38284
2019-09-23 16:30:20,412 [Datanode State Machine Thread - 0] INFO  server.XceiverServerGrpc (XceiverServerGrpc.java:start(149)) - XceiverServerGrpc c521a0c7-0954-4889-a299-8aaf1b9d3454 is started using port 44048
2019-09-23 16:30:20,428 [Datanode State Machine Thread - 0] INFO  ozoneimpl.OzoneContainer (OzoneContainer.java:start(217)) - Attempting to start container services.
2019-09-23 16:30:20,428 [Datanode State Machine Thread - 0] INFO  ozoneimpl.OzoneContainer (OzoneContainer.java:startContainerScrub(179)) - Background container scanner has been disabled.
2019-09-23 16:30:20,428 [Datanode State Machine Thread - 0] INFO  ratis.XceiverServerRatis (XceiverServerRatis.java:start(411)) - Starting XceiverServerRatis e159ba87-a890-41be-ac9a-dd3e406e242d at port 0
2019-09-23 16:30:20,434 [Datanode State Machine Thread - 0] INFO  impl.RaftServerProxy (RaftServerProxy.java:lambda$start$3(299)) - e159ba87-a890-41be-ac9a-dd3e406e242d: start RPC server
2019-09-23 16:30:20,436 [Datanode State Machine Thread - 0] INFO  server.GrpcService (GrpcService.java:startImpl(158)) - e159ba87-a890-41be-ac9a-dd3e406e242d: GrpcService started, listening on 0.0.0.0/0.0.0.0:34068
2019-09-23 16:30:20,436 [Datanode State Machine Thread - 0] INFO  ratis.XceiverServerRatis (XceiverServerRatis.java:start(421)) - XceiverServerRatis e159ba87-a890-41be-ac9a-dd3e406e242d is started using port 34068
2019-09-23 16:30:20,438 [Datanode State Machine Thread - 0] INFO  server.XceiverServerGrpc (XceiverServerGrpc.java:start(149)) - XceiverServerGrpc e159ba87-a890-41be-ac9a-dd3e406e242d is started using port 38473
2019-09-23 16:30:20,476 [Datanode State Machine Thread - 0] INFO  ozoneimpl.OzoneContainer (OzoneContainer.java:start(217)) - Attempting to start container services.
2019-09-23 16:30:20,477 [Datanode State Machine Thread - 0] INFO  ozoneimpl.OzoneContainer (OzoneContainer.java:startContainerScrub(179)) - Background container scanner has been disabled.
2019-09-23 16:30:20,477 [Datanode State Machine Thread - 0] INFO  ratis.XceiverServerRatis (XceiverServerRatis.java:start(411)) - Starting XceiverServerRatis cb202041-87f9-4945-b71c-48ba0d998619 at port 0
2019-09-23 16:30:20,482 [Datanode State Machine Thread - 0] INFO  impl.RaftServerProxy (RaftServerProxy.java:lambda$start$3(299)) - cb202041-87f9-4945-b71c-48ba0d998619: start RPC server
2019-09-23 16:30:20,484 [Datanode State Machine Thread - 0] INFO  server.GrpcService (GrpcService.java:startImpl(158)) - cb202041-87f9-4945-b71c-48ba0d998619: GrpcService started, listening on 0.0.0.0/0.0.0.0:42759
2019-09-23 16:30:20,484 [Datanode State Machine Thread - 0] INFO  ratis.XceiverServerRatis (XceiverServerRatis.java:start(421)) - XceiverServerRatis cb202041-87f9-4945-b71c-48ba0d998619 is started using port 42759
2019-09-23 16:30:20,486 [Datanode State Machine Thread - 0] INFO  server.XceiverServerGrpc (XceiverServerGrpc.java:start(149)) - XceiverServerGrpc cb202041-87f9-4945-b71c-48ba0d998619 is started using port 40553
2019-09-23 16:30:20,570 [Datanode State Machine Thread - 0] INFO  ozoneimpl.OzoneContainer (OzoneContainer.java:start(217)) - Attempting to start container services.
2019-09-23 16:30:20,571 [Datanode State Machine Thread - 0] INFO  ozoneimpl.OzoneContainer (OzoneContainer.java:startContainerScrub(179)) - Background container scanner has been disabled.
2019-09-23 16:30:20,571 [Datanode State Machine Thread - 0] INFO  ratis.XceiverServerRatis (XceiverServerRatis.java:start(411)) - Starting XceiverServerRatis 4c593327-0bf9-46b1-956b-3e746ac2d8f2 at port 0
2019-09-23 16:30:20,577 [Datanode State Machine Thread - 0] INFO  impl.RaftServerProxy (RaftServerProxy.java:lambda$start$3(299)) - 4c593327-0bf9-46b1-956b-3e746ac2d8f2: start RPC server
2019-09-23 16:30:20,580 [Datanode State Machine Thread - 0] INFO  server.GrpcService (GrpcService.java:startImpl(158)) - 4c593327-0bf9-46b1-956b-3e746ac2d8f2: GrpcService started, listening on 0.0.0.0/0.0.0.0:34116
2019-09-23 16:30:20,580 [Datanode State Machine Thread - 0] INFO  ratis.XceiverServerRatis (XceiverServerRatis.java:start(421)) - XceiverServerRatis 4c593327-0bf9-46b1-956b-3e746ac2d8f2 is started using port 34116
2019-09-23 16:30:20,581 [Datanode State Machine Thread - 0] INFO  server.XceiverServerGrpc (XceiverServerGrpc.java:start(149)) - XceiverServerGrpc 4c593327-0bf9-46b1-956b-3e746ac2d8f2 is started using port 40018
2019-09-23 16:30:20,634 [main] INFO  ozone.MiniOzoneClusterImpl (MiniOzoneClusterImpl.java:lambda$waitForClusterToBeReady$0(147)) - Waiting for cluster to be ready. Got 0 of 7 DN Heartbeats.
2019-09-23 16:30:20,646 [Datanode State Machine Thread - 0] INFO  ozoneimpl.OzoneContainer (OzoneContainer.java:start(217)) - Attempting to start container services.
2019-09-23 16:30:20,646 [Datanode State Machine Thread - 0] INFO  ozoneimpl.OzoneContainer (OzoneContainer.java:startContainerScrub(179)) - Background container scanner has been disabled.
2019-09-23 16:30:20,647 [Datanode State Machine Thread - 0] INFO  ratis.XceiverServerRatis (XceiverServerRatis.java:start(411)) - Starting XceiverServerRatis a5442e60-b445-451d-bf7e-b5b4139f0c5f at port 0
2019-09-23 16:30:20,652 [Datanode State Machine Thread - 0] INFO  impl.RaftServerProxy (RaftServerProxy.java:lambda$start$3(299)) - a5442e60-b445-451d-bf7e-b5b4139f0c5f: start RPC server
2019-09-23 16:30:20,656 [Datanode State Machine Thread - 0] INFO  server.GrpcService (GrpcService.java:startImpl(158)) - a5442e60-b445-451d-bf7e-b5b4139f0c5f: GrpcService started, listening on 0.0.0.0/0.0.0.0:42853
2019-09-23 16:30:20,656 [Datanode State Machine Thread - 0] INFO  ratis.XceiverServerRatis (XceiverServerRatis.java:start(421)) - XceiverServerRatis a5442e60-b445-451d-bf7e-b5b4139f0c5f is started using port 42853
2019-09-23 16:30:20,659 [Datanode State Machine Thread - 0] INFO  server.XceiverServerGrpc (XceiverServerGrpc.java:start(149)) - XceiverServerGrpc a5442e60-b445-451d-bf7e-b5b4139f0c5f is started using port 39256
2019-09-23 16:30:21,634 [main] INFO  ozone.MiniOzoneClusterImpl (MiniOzoneClusterImpl.java:lambda$waitForClusterToBeReady$0(147)) - Waiting for cluster to be ready. Got 0 of 7 DN Heartbeats.
2019-09-23 16:30:22,184 [IPC Server handler 9 on 38120] INFO  net.NetworkTopology (NetworkTopologyImpl.java:add(111)) - Added a new node: /default-rack/11a0cb5c-8a56-4b06-b515-cdac7053eb33
2019-09-23 16:30:22,186 [IPC Server handler 9 on 38120] INFO  node.SCMNodeManager (SCMNodeManager.java:register(266)) - Registered Data node : 11a0cb5c-8a56-4b06-b515-cdac7053eb33{ip: 192.168.34.17, host: pr-hdds-2166-7skhj-3476174427, networkLocation: /default-rack, certSerialId: null}
2019-09-23 16:30:22,187 [EventQueue-NodeRegistrationContainerReportForDataNodeSafeModeRule] INFO  safemode.SCMSafeModeManager (DataNodeSafeModeRule.java:process(71)) - SCM in safe mode. 1 DataNodes registered, 1 required.
2019-09-23 16:30:22,189 [EventQueue-NodeRegistrationContainerReportForDataNodeSafeModeRule] INFO  safemode.SCMSafeModeManager (SCMSafeModeManager.java:validateSafeModeExitRules(177)) - ScmSafeModeManager, all rules are successfully validated
2019-09-23 16:30:22,189 [EventQueue-NodeRegistrationContainerReportForDataNodeSafeModeRule] INFO  safemode.SCMSafeModeManager (SCMSafeModeManager.java:exitSafeMode(193)) - SCM exiting safe mode.
2019-09-23 16:30:22,204 [grpc-default-executor-4] INFO  impl.RaftServerProxy (RaftServerProxy.java:addNew(89)) - 11a0cb5c-8a56-4b06-b515-cdac7053eb33: addNew group-F860668171A2:[11a0cb5c-8a56-4b06-b515-cdac7053eb33:192.168.34.17:40017] returns group-F860668171A2:java.util.concurrent.CompletableFuture@2e401782[Not completed]
2019-09-23 16:30:22,206 [pool-119-thread-1] INFO  impl.RaftServerImpl (RaftServerImpl.java:<init>(95)) - 11a0cb5c-8a56-4b06-b515-cdac7053eb33: new RaftServerImpl for group-F860668171A2:[11a0cb5c-8a56-4b06-b515-cdac7053eb33:192.168.34.17:40017] with ContainerStateMachine:uninitialized
2019-09-23 16:30:22,206 [pool-119-thread-1] INFO  server.RaftServerConfigKeys (ConfUtils.java:logGet(43)) - raft.server.rpc.timeout.min = 5s (custom)
2019-09-23 16:30:22,206 [pool-119-thread-1] INFO  server.RaftServerConfigKeys (ConfUtils.java:logGet(43)) - raft.server.rpc.timeout.max = 5200ms (custom)
2019-09-23 16:30:22,207 [pool-119-thread-1] INFO  server.RaftServerConfigKeys (ConfUtils.java:logGet(43)) - raft.server.rpcslowness.timeout = 120s (custom)
2019-09-23 16:30:22,207 [pool-119-thread-1] INFO  server.RaftServerConfigKeys (ConfUtils.java:logGet(43)) - raft.server.sleep.deviation.threshold = 300 (default)
2019-09-23 16:30:22,207 [pool-119-thread-1] INFO  server.RaftServerConfigKeys (ConfUtils.java:logGet(43)) - raft.server.log.appender.install.snapshot.enabled = false (custom)
2019-09-23 16:30:22,207 [pool-119-thread-1] INFO  impl.RaftServerImpl (ServerState.java:<init>(103)) - 11a0cb5c-8a56-4b06-b515-cdac7053eb33@group-F860668171A2: ConfigurationManager, init=-1: [11a0cb5c-8a56-4b06-b515-cdac7053eb33:192.168.34.17:40017], old=null, confs=<EMPTY_MAP>
2019-09-23 16:30:22,207 [pool-119-thread-1] INFO  server.RaftServerConfigKeys (ConfUtils.java:logGet(43)) - raft.server.storage.dir = [/workdir/hadoop-ozone/integration-test/target/test-dir/MiniOzoneClusterImpl-2125af76-57d3-4163-b90f-d8f74e1b50d6/datanode-0/data/ratis] (custom)
2019-09-23 16:30:22,207 [pool-119-thread-1] INFO  storage.RaftStorageDirectory (RaftStorageDirectory.java:analyzeStorage(246)) - The storage directory /workdir/hadoop-ozone/integration-test/target/test-dir/MiniOzoneClusterImpl-2125af76-57d3-4163-b90f-d8f74e1b50d6/datanode-0/data/ratis/35732ba5-35aa-49fb-a2c7-f860668171a2 does not exist. Creating ...
2019-09-23 16:30:22,258 [pool-119-thread-1] INFO  storage.RaftStorageDirectory (RaftStorageDirectory.java:tryLock(328)) - Lock on /workdir/hadoop-ozone/integration-test/target/test-dir/MiniOzoneClusterImpl-2125af76-57d3-4163-b90f-d8f74e1b50d6/datanode-0/data/ratis/35732ba5-35aa-49fb-a2c7-f860668171a2/in_use.lock acquired by nodename 23143@pr-hdds-2166-7skhj-3476174427
2019-09-23 16:30:22,265 [IPC Server handler 0 on 38120] INFO  net.NetworkTopology (NetworkTopologyImpl.java:add(111)) - Added a new node: /default-rack/3b64e686-a5dd-4d89-9436-c5780787767f
2019-09-23 16:30:22,265 [IPC Server handler 0 on 38120] INFO  node.SCMNodeManager (SCMNodeManager.java:register(266)) - Registered Data node : 3b64e686-a5dd-4d89-9436-c5780787767f{ip: 192.168.34.17, host: pr-hdds-2166-7skhj-3476174427, networkLocation: /default-rack, certSerialId: null}
2019-09-23 16:30:22,334 [IPC Server handler 3 on 38120] INFO  net.NetworkTopology (NetworkTopologyImpl.java:add(111)) - Added a new node: /default-rack/c521a0c7-0954-4889-a299-8aaf1b9d3454
2019-09-23 16:30:22,334 [pool-119-thread-1] INFO  storage.RaftStorage (RaftStorage.java:format(72)) - Storage directory /workdir/hadoop-ozone/integration-test/target/test-dir/MiniOzoneClusterImpl-2125af76-57d3-4163-b90f-d8f74e1b50d6/datanode-0/data/ratis/35732ba5-35aa-49fb-a2c7-f860668171a2 has been successfully formatted.
2019-09-23 16:30:22,334 [IPC Server handler 3 on 38120] INFO  node.SCMNodeManager (SCMNodeManager.java:register(266)) - Registered Data node : c521a0c7-0954-4889-a299-8aaf1b9d3454{ip: 192.168.34.17, host: pr-hdds-2166-7skhj-3476174427, networkLocation: /default-rack, certSerialId: null}
2019-09-23 16:30:22,335 [pool-119-thread-1] INFO  ratis.ContainerStateMachine (ContainerStateMachine.java:loadSnapshot(230)) - group-F860668171A2: The snapshot info is null. Setting the last applied indexto:(t:0, i:~)
2019-09-23 16:30:22,335 [pool-119-thread-1] INFO  server.RaftServerConfigKeys (ConfUtils.java:logGet(43)) - raft.server.notification.no-leader.timeout = 120s (custom)
2019-09-23 16:30:22,335 [pool-119-thread-1] INFO  server.RaftServerConfigKeys (ConfUtils.java:logGet(43)) - raft.server.log.use.memory = false (default)
2019-09-23 16:30:22,336 [pool-119-thread-1] INFO  server.RaftServerConfigKeys (ConfUtils.java:logGet(43)) - raft.server.log.purge.gap = 1000000 (custom)
2019-09-23 16:30:22,336 [pool-119-thread-1] INFO  server.RaftServerConfigKeys (ConfUtils.java:logGet(43)) - raft.server.log.appender.buffer.byte-limit = 33554432 (custom)
2019-09-23 16:30:22,336 [pool-119-thread-1] INFO  server.RaftServerConfigKeys (ConfUtils.java:logGet(43)) - raft.server.log.segment.size.max = 1048576 (custom)
2019-09-23 16:30:22,336 [pool-119-thread-1] INFO  server.RaftServerConfigKeys (ConfUtils.java:logGet(43)) - raft.server.log.segment.cache.num.max = 2 (custom)
2019-09-23 16:30:22,336 [pool-119-thread-1] INFO  segmented.SegmentedRaftLogWorker (SegmentedRaftLogWorker.java:<init>(172)) - new 11a0cb5c-8a56-4b06-b515-cdac7053eb33@group-F860668171A2-SegmentedRaftLogWorker for RaftStorage:Storage Directory /workdir/hadoop-ozone/integration-test/target/test-dir/MiniOzoneClusterImpl-2125af76-57d3-4163-b90f-d8f74e1b50d6/datanode-0/data/ratis/35732ba5-35aa-49fb-a2c7-f860668171a2
2019-09-23 16:30:22,340 [pool-119-thread-1] INFO  server.RaftServerConfigKeys (ConfUtils.java:logGet(43)) - raft.server.log.queue.byte-limit = 2147483647 (custom)
2019-09-23 16:30:22,340 [pool-119-thread-1] INFO  server.RaftServerConfigKeys (ConfUtils.java:logGet(43)) - raft.server.log.queue.element-limit = 1024 (custom)
2019-09-23 16:30:22,340 [pool-119-thread-1] INFO  server.RaftServerConfigKeys (ConfUtils.java:logGet(43)) - raft.server.log.segment.size.max = 1048576 (custom)
2019-09-23 16:30:22,341 [pool-119-thread-1] INFO  server.RaftServerConfigKeys (ConfUtils.java:logGet(43)) - raft.server.log.preallocated.size = 16384 (custom)
2019-09-23 16:30:22,341 [pool-119-thread-1] INFO  server.RaftServerConfigKeys (ConfUtils.java:logGet(43)) - raft.server.log.write.buffer.size = 33554432 (custom)
2019-09-23 16:30:22,341 [pool-119-thread-1] INFO  server.RaftServerConfigKeys (ConfUtils.java:logGet(43)) - raft.server.log.force.sync.num = 128 (default)
2019-09-23 16:30:22,341 [pool-119-thread-1] INFO  server.RaftServerConfigKeys (ConfUtils.java:logGet(43)) - raft.server.log.statemachine.data.sync = true (default)
2019-09-23 16:30:22,341 [pool-119-thread-1] INFO  server.RaftServerConfigKeys (ConfUtils.java:logGet(43)) - raft.server.log.statemachine.data.sync.timeout = 10s (default)
2019-09-23 16:30:22,341 [pool-119-thread-1] INFO  server.RaftServerConfigKeys (ConfUtils.java:logGet(43)) - raft.server.log.statemachine.data.sync.timeout.retry = -1 (default)
2019-09-23 16:30:22,342 [pool-119-thread-1] INFO  server.RaftServerConfigKeys (ConfUtils.java:logGet(43)) - raft.server.log.statemachine.data.caching.enabled = true (custom)
2019-09-23 16:30:22,342 [pool-119-thread-1] INFO  segmented.SegmentedRaftLogWorker (SegmentedRaftLogWorker.java:lambda$new$0(132)) - 11a0cb5c-8a56-4b06-b515-cdac7053eb33@group-F860668171A2-SegmentedRaftLogWorker: flushIndex: setUnconditionally 0 -> -1
2019-09-23 16:30:22,343 [pool-119-thread-1] INFO  server.RaftServerConfigKeys (ConfUtils.java:logGet(43)) - raft.server.snapshot.auto.trigger.enabled = true (custom)
2019-09-23 16:30:22,343 [pool-119-thread-1] INFO  server.RaftServerConfigKeys (ConfUtils.java:logGet(43)) - raft.server.snapshot.auto.trigger.threshold = 10000 (custom)
2019-09-23 16:30:22,343 [pool-119-thread-1] INFO  server.RaftServerConfigKeys (ConfUtils.java:logGet(43)) - raft.server.snapshot.retention.num.files = 5 (custom)
2019-09-23 16:30:22,343 [pool-119-thread-1] INFO  server.RaftServerConfigKeys (ConfUtils.java:logGet(43)) - raft.server.retrycache.expirytime = 600000ms (custom)
2019-09-23 16:30:22,346 [pool-119-thread-1] INFO  impl.RaftServerImpl (RaftServerImpl.java:start(185)) - 11a0cb5c-8a56-4b06-b515-cdac7053eb33@group-F860668171A2: start as a follower, conf=-1: [11a0cb5c-8a56-4b06-b515-cdac7053eb33:192.168.34.17:40017], old=null
2019-09-23 16:30:22,346 [pool-119-thread-1] INFO  impl.RaftServerImpl (RaftServerImpl.java:setRole(174)) - 11a0cb5c-8a56-4b06-b515-cdac7053eb33@group-F860668171A2: changes role from      null to FOLLOWER at term 0 for startAsFollower
2019-09-23 16:30:22,347 [pool-119-thread-1] INFO  impl.RoleInfo (RoleInfo.java:updateAndGet(143)) - 11a0cb5c-8a56-4b06-b515-cdac7053eb33: start FollowerState
2019-09-23 16:30:22,347 [pool-119-thread-1] INFO  util.JmxRegister (JmxRegister.java:tryRegister(44)) - Successfully registered JMX Bean with object name Ratis:service=RaftServer,group=group-F860668171A2,id=11a0cb5c-8a56-4b06-b515-cdac7053eb33
2019-09-23 16:30:22,387 [RatisPipelineUtilsThread] INFO  pipeline.PipelineStateManager (PipelineStateManager.java:addPipeline(56)) - Created pipeline Pipeline[ Id: 35732ba5-35aa-49fb-a2c7-f860668171a2, Nodes: 11a0cb5c-8a56-4b06-b515-cdac7053eb33{ip: 192.168.34.17, host: pr-hdds-2166-7skhj-3476174427, networkLocation: /default-rack, certSerialId: null}, Type:RATIS, Factor:ONE, State:OPEN]
2019-09-23 16:30:22,398 [grpc-default-executor-4] INFO  impl.RaftServerProxy (RaftServerProxy.java:addNew(89)) - 3b64e686-a5dd-4d89-9436-c5780787767f: addNew group-025742918EF8:[3b64e686-a5dd-4d89-9436-c5780787767f:192.168.34.17:36465] returns group-025742918EF8:java.util.concurrent.CompletableFuture@3b86e40c[Not completed]
2019-09-23 16:30:22,399 [pool-129-thread-1] INFO  impl.RaftServerImpl (RaftServerImpl.java:<init>(95)) - 3b64e686-a5dd-4d89-9436-c5780787767f: new RaftServerImpl for group-025742918EF8:[3b64e686-a5dd-4d89-9436-c5780787767f:192.168.34.17:36465] with ContainerStateMachine:uninitialized
2019-09-23 16:30:22,400 [pool-129-thread-1] INFO  server.RaftServerConfigKeys (ConfUtils.java:logGet(43)) - raft.server.rpc.timeout.min = 5s (custom)
2019-09-23 16:30:22,400 [pool-129-thread-1] INFO  server.RaftServerConfigKeys (ConfUtils.java:logGet(43)) - raft.server.rpc.timeout.max = 5200ms (custom)
2019-09-23 16:30:22,400 [pool-129-thread-1] INFO  server.RaftServerConfigKeys (ConfUtils.java:logGet(43)) - raft.server.rpcslowness.timeout = 120s (custom)
2019-09-23 16:30:22,400 [pool-129-thread-1] INFO  server.RaftServerConfigKeys (ConfUtils.java:logGet(43)) - raft.server.sleep.deviation.threshold = 300 (default)
2019-09-23 16:30:22,400 [pool-129-thread-1] INFO  server.RaftServerConfigKeys (ConfUtils.java:logGet(43)) - raft.server.log.appender.install.snapshot.enabled = false (custom)
2019-09-23 16:30:22,401 [pool-129-thread-1] INFO  impl.RaftServerImpl (ServerState.java:<init>(103)) - 3b64e686-a5dd-4d89-9436-c5780787767f@group-025742918EF8: ConfigurationManager, init=-1: [3b64e686-a5dd-4d89-9436-c5780787767f:192.168.34.17:36465], old=null, confs=<EMPTY_MAP>
2019-09-23 16:30:22,401 [pool-129-thread-1] INFO  server.RaftServerConfigKeys (ConfUtils.java:logGet(43)) - raft.server.storage.dir = [/workdir/hadoop-ozone/integration-test/target/test-dir/MiniOzoneClusterImpl-2125af76-57d3-4163-b90f-d8f74e1b50d6/datanode-1/data/ratis] (custom)
2019-09-23 16:30:22,401 [pool-129-thread-1] INFO  storage.RaftStorageDirectory (RaftStorageDirectory.java:analyzeStorage(246)) - The storage directory /workdir/hadoop-ozone/integration-test/target/test-dir/MiniOzoneClusterImpl-2125af76-57d3-4163-b90f-d8f74e1b50d6/datanode-1/data/ratis/66802d91-e337-4f86-90cd-025742918ef8 does not exist. Creating ...
2019-09-23 16:30:22,406 [IPC Server handler 2 on 38120] INFO  net.NetworkTopology (NetworkTopologyImpl.java:add(111)) - Added a new node: /default-rack/e159ba87-a890-41be-ac9a-dd3e406e242d
2019-09-23 16:30:22,407 [IPC Server handler 2 on 38120] INFO  node.SCMNodeManager (SCMNodeManager.java:register(266)) - Registered Data node : e159ba87-a890-41be-ac9a-dd3e406e242d{ip: 192.168.34.17, host: pr-hdds-2166-7skhj-3476174427, networkLocation: /default-rack, certSerialId: null}
2019-09-23 16:30:22,408 [pool-129-thread-1] INFO  storage.RaftStorageDirectory (RaftStorageDirectory.java:tryLock(328)) - Lock on /workdir/hadoop-ozone/integration-test/target/test-dir/MiniOzoneClusterImpl-2125af76-57d3-4163-b90f-d8f74e1b50d6/datanode-1/data/ratis/66802d91-e337-4f86-90cd-025742918ef8/in_use.lock acquired by nodename 23143@pr-hdds-2166-7skhj-3476174427
2019-09-23 16:30:22,421 [pool-129-thread-1] INFO  storage.RaftStorage (RaftStorage.java:format(72)) - Storage directory /workdir/hadoop-ozone/integration-test/target/test-dir/MiniOzoneClusterImpl-2125af76-57d3-4163-b90f-d8f74e1b50d6/datanode-1/data/ratis/66802d91-e337-4f86-90cd-025742918ef8 has been successfully formatted.
2019-09-23 16:30:22,422 [pool-129-thread-1] INFO  ratis.ContainerStateMachine (ContainerStateMachine.java:loadSnapshot(230)) - group-025742918EF8: The snapshot info is null. Setting the last applied indexto:(t:0, i:~)
2019-09-23 16:30:22,422 [pool-129-thread-1] INFO  server.RaftServerConfigKeys (ConfUtils.java:logGet(43)) - raft.server.notification.no-leader.timeout = 120s (custom)
2019-09-23 16:30:22,422 [pool-129-thread-1] INFO  server.RaftServerConfigKeys (ConfUtils.java:logGet(43)) - raft.server.log.use.memory = false (default)
2019-09-23 16:30:22,422 [pool-129-thread-1] INFO  server.RaftServerConfigKeys (ConfUtils.java:logGet(43)) - raft.server.log.purge.gap = 1000000 (custom)
2019-09-23 16:30:22,422 [pool-129-thread-1] INFO  server.RaftServerConfigKeys (ConfUtils.java:logGet(43)) - raft.server.log.appender.buffer.byte-limit = 33554432 (custom)
2019-09-23 16:30:22,423 [pool-129-thread-1] INFO  server.RaftServerConfigKeys (ConfUtils.java:logGet(43)) - raft.server.log.segment.size.max = 1048576 (custom)
2019-09-23 16:30:22,423 [pool-129-thread-1] INFO  server.RaftServerConfigKeys (ConfUtils.java:logGet(43)) - raft.server.log.segment.cache.num.max = 2 (custom)
2019-09-23 16:30:22,423 [pool-129-thread-1] INFO  segmented.SegmentedRaftLogWorker (SegmentedRaftLogWorker.java:<init>(172)) - new 3b64e686-a5dd-4d89-9436-c5780787767f@group-025742918EF8-SegmentedRaftLogWorker for RaftStorage:Storage Directory /workdir/hadoop-ozone/integration-test/target/test-dir/MiniOzoneClusterImpl-2125af76-57d3-4163-b90f-d8f74e1b50d6/datanode-1/data/ratis/66802d91-e337-4f86-90cd-025742918ef8
2019-09-23 16:30:22,426 [pool-129-thread-1] INFO  server.RaftServerConfigKeys (ConfUtils.java:logGet(43)) - raft.server.log.queue.byte-limit = 2147483647 (custom)
2019-09-23 16:30:22,426 [pool-129-thread-1] INFO  server.RaftServerConfigKeys (ConfUtils.java:logGet(43)) - raft.server.log.queue.element-limit = 1024 (custom)
2019-09-23 16:30:22,426 [pool-129-thread-1] INFO  server.RaftServerConfigKeys (ConfUtils.java:logGet(43)) - raft.server.log.segment.size.max = 1048576 (custom)
2019-09-23 16:30:22,426 [pool-129-thread-1] INFO  server.RaftServerConfigKeys (ConfUtils.java:logGet(43)) - raft.server.log.preallocated.size = 16384 (custom)
2019-09-23 16:30:22,426 [pool-129-thread-1] INFO  server.RaftServerConfigKeys (ConfUtils.java:logGet(43)) - raft.server.log.write.buffer.size = 33554432 (custom)
2019-09-23 16:30:22,427 [pool-129-thread-1] INFO  server.RaftServerConfigKeys (ConfUtils.java:logGet(43)) - raft.server.log.force.sync.num = 128 (default)
2019-09-23 16:30:22,427 [pool-129-thread-1] INFO  server.RaftServerConfigKeys (ConfUtils.java:logGet(43)) - raft.server.log.statemachine.data.sync = true (default)
2019-09-23 16:30:22,427 [pool-129-thread-1] INFO  server.RaftServerConfigKeys (ConfUtils.java:logGet(43)) - raft.server.log.statemachine.data.sync.timeout = 10s (default)
2019-09-23 16:30:22,427 [pool-129-thread-1] INFO  server.RaftServerConfigKeys (ConfUtils.java:logGet(43)) - raft.server.log.statemachine.data.sync.timeout.retry = -1 (default)
2019-09-23 16:30:22,427 [pool-129-thread-1] INFO  server.RaftServerConfigKeys (ConfUtils.java:logGet(43)) - raft.server.log.statemachine.data.caching.enabled = true (custom)
2019-09-23 16:30:22,428 [pool-129-thread-1] INFO  segmented.SegmentedRaftLogWorker (SegmentedRaftLogWorker.java:lambda$new$0(132)) - 3b64e686-a5dd-4d89-9436-c5780787767f@group-025742918EF8-SegmentedRaftLogWorker: flushIndex: setUnconditionally 0 -> -1
2019-09-23 16:30:22,428 [pool-129-thread-1] INFO  server.RaftServerConfigKeys (ConfUtils.java:logGet(43)) - raft.server.snapshot.auto.trigger.enabled = true (custom)
2019-09-23 16:30:22,428 [pool-129-thread-1] INFO  server.RaftServerConfigKeys (ConfUtils.java:logGet(43)) - raft.server.snapshot.auto.trigger.threshold = 10000 (custom)
2019-09-23 16:30:22,428 [pool-129-thread-1] INFO  server.RaftServerConfigKeys (ConfUtils.java:logGet(43)) - raft.server.snapshot.retention.num.files = 5 (custom)
2019-09-23 16:30:22,429 [pool-129-thread-1] INFO  server.RaftServerConfigKeys (ConfUtils.java:logGet(43)) - raft.server.retrycache.expirytime = 600000ms (custom)
2019-09-23 16:30:22,431 [pool-129-thread-1] INFO  impl.RaftServerImpl (RaftServerImpl.java:start(185)) - 3b64e686-a5dd-4d89-9436-c5780787767f@group-025742918EF8: start as a follower, conf=-1: [3b64e686-a5dd-4d89-9436-c5780787767f:192.168.34.17:36465], old=null
2019-09-23 16:30:22,432 [pool-129-thread-1] INFO  impl.RaftServerImpl (RaftServerImpl.java:setRole(174)) - 3b64e686-a5dd-4d89-9436-c5780787767f@group-025742918EF8: changes role from      null to FOLLOWER at term 0 for startAsFollower
2019-09-23 16:30:22,432 [pool-129-thread-1] INFO  impl.RoleInfo (RoleInfo.java:updateAndGet(143)) - 3b64e686-a5dd-4d89-9436-c5780787767f: start FollowerState
2019-09-23 16:30:22,432 [pool-129-thread-1] INFO  util.JmxRegister (JmxRegister.java:tryRegister(44)) - Successfully registered JMX Bean with object name Ratis:service=RaftServer,group=group-025742918EF8,id=3b64e686-a5dd-4d89-9436-c5780787767f
2019-09-23 16:30:22,435 [RatisPipelineUtilsThread] INFO  pipeline.PipelineStateManager (PipelineStateManager.java:addPipeline(56)) - Created pipeline Pipeline[ Id: 66802d91-e337-4f86-90cd-025742918ef8, Nodes: 3b64e686-a5dd-4d89-9436-c5780787767f{ip: 192.168.34.17, host: pr-hdds-2166-7skhj-3476174427, networkLocation: /default-rack, certSerialId: null}, Type:RATIS, Factor:ONE, State:OPEN]
2019-09-23 16:30:22,443 [grpc-default-executor-4] INFO  impl.RaftServerProxy (RaftServerProxy.java:addNew(89)) - c521a0c7-0954-4889-a299-8aaf1b9d3454: addNew group-24F3F009D3A9:[c521a0c7-0954-4889-a299-8aaf1b9d3454:192.168.34.17:38284] returns group-24F3F009D3A9:java.util.concurrent.CompletableFuture@91ceff9[Not completed]
2019-09-23 16:30:22,449 [pool-139-thread-1] INFO  impl.RaftServerImpl (RaftServerImpl.java:<init>(95)) - c521a0c7-0954-4889-a299-8aaf1b9d3454: new RaftServerImpl for group-24F3F009D3A9:[c521a0c7-0954-4889-a299-8aaf1b9d3454:192.168.34.17:38284] with ContainerStateMachine:uninitialized
2019-09-23 16:30:22,449 [pool-139-thread-1] INFO  server.RaftServerConfigKeys (ConfUtils.java:logGet(43)) - raft.server.rpc.timeout.min = 5s (custom)
2019-09-23 16:30:22,450 [pool-139-thread-1] INFO  server.RaftServerConfigKeys (ConfUtils.java:logGet(43)) - raft.server.rpc.timeout.max = 5200ms (custom)
2019-09-23 16:30:22,450 [pool-139-thread-1] INFO  server.RaftServerConfigKeys (ConfUtils.java:logGet(43)) - raft.server.rpcslowness.timeout = 120s (custom)
2019-09-23 16:30:22,450 [pool-139-thread-1] INFO  server.RaftServerConfigKeys (ConfUtils.java:logGet(43)) - raft.server.sleep.deviation.threshold = 300 (default)
2019-09-23 16:30:22,450 [pool-139-thread-1] INFO  server.RaftServerConfigKeys (ConfUtils.java:logGet(43)) - raft.server.log.appender.install.snapshot.enabled = false (custom)
2019-09-23 16:30:22,450 [pool-139-thread-1] INFO  impl.RaftServerImpl (ServerState.java:<init>(103)) - c521a0c7-0954-4889-a299-8aaf1b9d3454@group-24F3F009D3A9: ConfigurationManager, init=-1: [c521a0c7-0954-4889-a299-8aaf1b9d3454:192.168.34.17:38284], old=null, confs=<EMPTY_MAP>
2019-09-23 16:30:22,450 [pool-139-thread-1] INFO  server.RaftServerConfigKeys (ConfUtils.java:logGet(43)) - raft.server.storage.dir = [/workdir/hadoop-ozone/integration-test/target/test-dir/MiniOzoneClusterImpl-2125af76-57d3-4163-b90f-d8f74e1b50d6/datanode-2/data/ratis] (custom)
2019-09-23 16:30:22,451 [pool-139-thread-1] INFO  storage.RaftStorageDirectory (RaftStorageDirectory.java:analyzeStorage(246)) - The storage directory /workdir/hadoop-ozone/integration-test/target/test-dir/MiniOzoneClusterImpl-2125af76-57d3-4163-b90f-d8f74e1b50d6/datanode-2/data/ratis/8412ea30-ba1d-4168-83f1-24f3f009d3a9 does not exist. Creating ...
2019-09-23 16:30:22,455 [pool-139-thread-1] INFO  storage.RaftStorageDirectory (RaftStorageDirectory.java:tryLock(328)) - Lock on /workdir/hadoop-ozone/integration-test/target/test-dir/MiniOzoneClusterImpl-2125af76-57d3-4163-b90f-d8f74e1b50d6/datanode-2/data/ratis/8412ea30-ba1d-4168-83f1-24f3f009d3a9/in_use.lock acquired by nodename 23143@pr-hdds-2166-7skhj-3476174427
2019-09-23 16:30:22,472 [IPC Server handler 5 on 38120] INFO  net.NetworkTopology (NetworkTopologyImpl.java:add(111)) - Added a new node: /default-rack/cb202041-87f9-4945-b71c-48ba0d998619
2019-09-23 16:30:22,472 [IPC Server handler 5 on 38120] INFO  node.SCMNodeManager (SCMNodeManager.java:register(266)) - Registered Data node : cb202041-87f9-4945-b71c-48ba0d998619{ip: 192.168.34.17, host: pr-hdds-2166-7skhj-3476174427, networkLocation: /default-rack, certSerialId: null}
2019-09-23 16:30:22,478 [pool-139-thread-1] INFO  storage.RaftStorage (RaftStorage.java:format(72)) - Storage directory /workdir/hadoop-ozone/integration-test/target/test-dir/MiniOzoneClusterImpl-2125af76-57d3-4163-b90f-d8f74e1b50d6/datanode-2/data/ratis/8412ea30-ba1d-4168-83f1-24f3f009d3a9 has been successfully formatted.
2019-09-23 16:30:22,478 [pool-139-thread-1] INFO  ratis.ContainerStateMachine (ContainerStateMachine.java:loadSnapshot(230)) - group-24F3F009D3A9: The snapshot info is null. Setting the last applied indexto:(t:0, i:~)
2019-09-23 16:30:22,479 [pool-139-thread-1] INFO  server.RaftServerConfigKeys (ConfUtils.java:logGet(43)) - raft.server.notification.no-leader.timeout = 120s (custom)
2019-09-23 16:30:22,479 [pool-139-thread-1] INFO  server.RaftServerConfigKeys (ConfUtils.java:logGet(43)) - raft.server.log.use.memory = false (default)
2019-09-23 16:30:22,479 [pool-139-thread-1] INFO  server.RaftServerConfigKeys (ConfUtils.java:logGet(43)) - raft.server.log.purge.gap = 1000000 (custom)
2019-09-23 16:30:22,479 [pool-139-thread-1] INFO  server.RaftServerConfigKeys (ConfUtils.java:logGet(43)) - raft.server.log.appender.buffer.byte-limit = 33554432 (custom)
2019-09-23 16:30:22,479 [pool-139-thread-1] INFO  server.RaftServerConfigKeys (ConfUtils.java:logGet(43)) - raft.server.log.segment.size.max = 1048576 (custom)
2019-09-23 16:30:22,480 [pool-139-thread-1] INFO  server.RaftServerConfigKeys (ConfUtils.java:logGet(43)) - raft.server.log.segment.cache.num.max = 2 (custom)
2019-09-23 16:30:22,480 [pool-139-thread-1] INFO  segmented.SegmentedRaftLogWorker (SegmentedRaftLogWorker.java:<init>(172)) - new c521a0c7-0954-4889-a299-8aaf1b9d3454@group-24F3F009D3A9-SegmentedRaftLogWorker for RaftStorage:Storage Directory /workdir/hadoop-ozone/integration-test/target/test-dir/MiniOzoneClusterImpl-2125af76-57d3-4163-b90f-d8f74e1b50d6/datanode-2/data/ratis/8412ea30-ba1d-4168-83f1-24f3f009d3a9
2019-09-23 16:30:22,483 [pool-139-thread-1] INFO  server.RaftServerConfigKeys (ConfUtils.java:logGet(43)) - raft.server.log.queue.byte-limit = 2147483647 (custom)
2019-09-23 16:30:22,483 [pool-139-thread-1] INFO  server.RaftServerConfigKeys (ConfUtils.java:logGet(43)) - raft.server.log.queue.element-limit = 1024 (custom)
2019-09-23 16:30:22,484 [pool-139-thread-1] INFO  server.RaftServerConfigKeys (ConfUtils.java:logGet(43)) - raft.server.log.segment.size.max = 1048576 (custom)
2019-09-23 16:30:22,484 [pool-139-thread-1] INFO  server.RaftServerConfigKeys (ConfUtils.java:logGet(43)) - raft.server.log.preallocated.size = 16384 (custom)
2019-09-23 16:30:22,484 [pool-139-thread-1] INFO  server.RaftServerConfigKeys (ConfUtils.java:logGet(43)) - raft.server.log.write.buffer.size = 33554432 (custom)
2019-09-23 16:30:22,484 [pool-139-thread-1] INFO  server.RaftServerConfigKeys (ConfUtils.java:logGet(43)) - raft.server.log.force.sync.num = 128 (default)
2019-09-23 16:30:22,484 [pool-139-thread-1] INFO  server.RaftServerConfigKeys (ConfUtils.java:logGet(43)) - raft.server.log.statemachine.data.sync = true (default)
2019-09-23 16:30:22,484 [pool-139-thread-1] INFO  server.RaftServerConfigKeys (ConfUtils.java:logGet(43)) - raft.server.log.statemachine.data.sync.timeout = 10s (default)
2019-09-23 16:30:22,485 [pool-139-thread-1] INFO  server.RaftServerConfigKeys (ConfUtils.java:logGet(43)) - raft.server.log.statemachine.data.sync.timeout.retry = -1 (default)
2019-09-23 16:30:22,485 [pool-139-thread-1] INFO  server.RaftServerConfigKeys (ConfUtils.java:logGet(43)) - raft.server.log.statemachine.data.caching.enabled = true (custom)
2019-09-23 16:30:22,485 [pool-139-thread-1] INFO  segmented.SegmentedRaftLogWorker (SegmentedRaftLogWorker.java:lambda$new$0(132)) - c521a0c7-0954-4889-a299-8aaf1b9d3454@group-24F3F009D3A9-SegmentedRaftLogWorker: flushIndex: setUnconditionally 0 -> -1
2019-09-23 16:30:22,486 [pool-139-thread-1] INFO  server.RaftServerConfigKeys (ConfUtils.java:logGet(43)) - raft.server.snapshot.auto.trigger.enabled = true (custom)
2019-09-23 16:30:22,486 [pool-139-thread-1] INFO  server.RaftServerConfigKeys (ConfUtils.java:logGet(43)) - raft.server.snapshot.auto.trigger.threshold = 10000 (custom)
2019-09-23 16:30:22,486 [pool-139-thread-1] INFO  server.RaftServerConfigKeys (ConfUtils.java:logGet(43)) - raft.server.snapshot.retention.num.files = 5 (custom)
2019-09-23 16:30:22,486 [pool-139-thread-1] INFO  server.RaftServerConfigKeys (ConfUtils.java:logGet(43)) - raft.server.retrycache.expirytime = 600000ms (custom)
2019-09-23 16:30:22,490 [pool-139-thread-1] INFO  impl.RaftServerImpl (RaftServerImpl.java:start(185)) - c521a0c7-0954-4889-a299-8aaf1b9d3454@group-24F3F009D3A9: start as a follower, conf=-1: [c521a0c7-0954-4889-a299-8aaf1b9d3454:192.168.34.17:38284], old=null
2019-09-23 16:30:22,490 [pool-139-thread-1] INFO  impl.RaftServerImpl (RaftServerImpl.java:setRole(174)) - c521a0c7-0954-4889-a299-8aaf1b9d3454@group-24F3F009D3A9: changes role from      null to FOLLOWER at term 0 for startAsFollower
2019-09-23 16:30:22,490 [pool-139-thread-1] INFO  impl.RoleInfo (RoleInfo.java:updateAndGet(143)) - c521a0c7-0954-4889-a299-8aaf1b9d3454: start FollowerState
2019-09-23 16:30:22,490 [pool-139-thread-1] INFO  util.JmxRegister (JmxRegister.java:tryRegister(44)) - Successfully registered JMX Bean with object name Ratis:service=RaftServer,group=group-24F3F009D3A9,id=c521a0c7-0954-4889-a299-8aaf1b9d3454
2019-09-23 16:30:22,493 [RatisPipelineUtilsThread] INFO  pipeline.PipelineStateManager (PipelineStateManager.java:addPipeline(56)) - Created pipeline Pipeline[ Id: 8412ea30-ba1d-4168-83f1-24f3f009d3a9, Nodes: c521a0c7-0954-4889-a299-8aaf1b9d3454{ip: 192.168.34.17, host: pr-hdds-2166-7skhj-3476174427, networkLocation: /default-rack, certSerialId: null}, Type:RATIS, Factor:ONE, State:OPEN]
2019-09-23 16:30:22,501 [grpc-default-executor-4] INFO  impl.RaftServerProxy (RaftServerProxy.java:addNew(89)) - e159ba87-a890-41be-ac9a-dd3e406e242d: addNew group-CCF21CCE7396:[e159ba87-a890-41be-ac9a-dd3e406e242d:192.168.34.17:34068] returns group-CCF21CCE7396:java.util.concurrent.CompletableFuture@7571c5ae[Not completed]
2019-09-23 16:30:22,507 [pool-149-thread-1] INFO  impl.RaftServerImpl (RaftServerImpl.java:<init>(95)) - e159ba87-a890-41be-ac9a-dd3e406e242d: new RaftServerImpl for group-CCF21CCE7396:[e159ba87-a890-41be-ac9a-dd3e406e242d:192.168.34.17:34068] with ContainerStateMachine:uninitialized
2019-09-23 16:30:22,507 [pool-149-thread-1] INFO  server.RaftServerConfigKeys (ConfUtils.java:logGet(43)) - raft.server.rpc.timeout.min = 5s (custom)
2019-09-23 16:30:22,507 [pool-149-thread-1] INFO  server.RaftServerConfigKeys (ConfUtils.java:logGet(43)) - raft.server.rpc.timeout.max = 5200ms (custom)
2019-09-23 16:30:22,507 [pool-149-thread-1] INFO  server.RaftServerConfigKeys (ConfUtils.java:logGet(43)) - raft.server.rpcslowness.timeout = 120s (custom)
2019-09-23 16:30:22,507 [pool-149-thread-1] INFO  server.RaftServerConfigKeys (ConfUtils.java:logGet(43)) - raft.server.sleep.deviation.threshold = 300 (default)
2019-09-23 16:30:22,507 [pool-149-thread-1] INFO  server.RaftServerConfigKeys (ConfUtils.java:logGet(43)) - raft.server.log.appender.install.snapshot.enabled = false (custom)
2019-09-23 16:30:22,508 [pool-149-thread-1] INFO  impl.RaftServerImpl (ServerState.java:<init>(103)) - e159ba87-a890-41be-ac9a-dd3e406e242d@group-CCF21CCE7396: ConfigurationManager, init=-1: [e159ba87-a890-41be-ac9a-dd3e406e242d:192.168.34.17:34068], old=null, confs=<EMPTY_MAP>
2019-09-23 16:30:22,508 [pool-149-thread-1] INFO  server.RaftServerConfigKeys (ConfUtils.java:logGet(43)) - raft.server.storage.dir = [/workdir/hadoop-ozone/integration-test/target/test-dir/MiniOzoneClusterImpl-2125af76-57d3-4163-b90f-d8f74e1b50d6/datanode-3/data/ratis] (custom)
2019-09-23 16:30:22,508 [pool-149-thread-1] INFO  storage.RaftStorageDirectory (RaftStorageDirectory.java:analyzeStorage(246)) - The storage directory /workdir/hadoop-ozone/integration-test/target/test-dir/MiniOzoneClusterImpl-2125af76-57d3-4163-b90f-d8f74e1b50d6/datanode-3/data/ratis/05c5185f-d00a-498a-9e69-ccf21cce7396 does not exist. Creating ...
2019-09-23 16:30:22,511 [pool-149-thread-1] INFO  storage.RaftStorageDirectory (RaftStorageDirectory.java:tryLock(328)) - Lock on /workdir/hadoop-ozone/integration-test/target/test-dir/MiniOzoneClusterImpl-2125af76-57d3-4163-b90f-d8f74e1b50d6/datanode-3/data/ratis/05c5185f-d00a-498a-9e69-ccf21cce7396/in_use.lock acquired by nodename 23143@pr-hdds-2166-7skhj-3476174427
2019-09-23 16:30:22,555 [pool-149-thread-1] INFO  storage.RaftStorage (RaftStorage.java:format(72)) - Storage directory /workdir/hadoop-ozone/integration-test/target/test-dir/MiniOzoneClusterImpl-2125af76-57d3-4163-b90f-d8f74e1b50d6/datanode-3/data/ratis/05c5185f-d00a-498a-9e69-ccf21cce7396 has been successfully formatted.
2019-09-23 16:30:22,556 [pool-149-thread-1] INFO  ratis.ContainerStateMachine (ContainerStateMachine.java:loadSnapshot(230)) - group-CCF21CCE7396: The snapshot info is null. Setting the last applied indexto:(t:0, i:~)
2019-09-23 16:30:22,556 [pool-149-thread-1] INFO  server.RaftServerConfigKeys (ConfUtils.java:logGet(43)) - raft.server.notification.no-leader.timeout = 120s (custom)
2019-09-23 16:30:22,556 [pool-149-thread-1] INFO  server.RaftServerConfigKeys (ConfUtils.java:logGet(43)) - raft.server.log.use.memory = false (default)
2019-09-23 16:30:22,556 [pool-149-thread-1] INFO  server.RaftServerConfigKeys (ConfUtils.java:logGet(43)) - raft.server.log.purge.gap = 1000000 (custom)
2019-09-23 16:30:22,556 [pool-149-thread-1] INFO  server.RaftServerConfigKeys (ConfUtils.java:logGet(43)) - raft.server.log.appender.buffer.byte-limit = 33554432 (custom)
2019-09-23 16:30:22,556 [pool-149-thread-1] INFO  server.RaftServerConfigKeys (ConfUtils.java:logGet(43)) - raft.server.log.segment.size.max = 1048576 (custom)
2019-09-23 16:30:22,557 [IPC Server handler 4 on 38120] INFO  net.NetworkTopology (NetworkTopologyImpl.java:add(111)) - Added a new node: /default-rack/4c593327-0bf9-46b1-956b-3e746ac2d8f2
2019-09-23 16:30:22,557 [pool-149-thread-1] INFO  server.RaftServerConfigKeys (ConfUtils.java:logGet(43)) - raft.server.log.segment.cache.num.max = 2 (custom)
2019-09-23 16:30:22,557 [IPC Server handler 4 on 38120] INFO  node.SCMNodeManager (SCMNodeManager.java:register(266)) - Registered Data node : 4c593327-0bf9-46b1-956b-3e746ac2d8f2{ip: 192.168.34.17, host: pr-hdds-2166-7skhj-3476174427, networkLocation: /default-rack, certSerialId: null}
2019-09-23 16:30:22,557 [pool-149-thread-1] INFO  segmented.SegmentedRaftLogWorker (SegmentedRaftLogWorker.java:<init>(172)) - new e159ba87-a890-41be-ac9a-dd3e406e242d@group-CCF21CCE7396-SegmentedRaftLogWorker for RaftStorage:Storage Directory /workdir/hadoop-ozone/integration-test/target/test-dir/MiniOzoneClusterImpl-2125af76-57d3-4163-b90f-d8f74e1b50d6/datanode-3/data/ratis/05c5185f-d00a-498a-9e69-ccf21cce7396
2019-09-23 16:30:22,560 [pool-149-thread-1] INFO  server.RaftServerConfigKeys (ConfUtils.java:logGet(43)) - raft.server.log.queue.byte-limit = 2147483647 (custom)
2019-09-23 16:30:22,560 [pool-149-thread-1] INFO  server.RaftServerConfigKeys (ConfUtils.java:logGet(43)) - raft.server.log.queue.element-limit = 1024 (custom)
2019-09-23 16:30:22,560 [pool-149-thread-1] INFO  server.RaftServerConfigKeys (ConfUtils.java:logGet(43)) - raft.server.log.segment.size.max = 1048576 (custom)
2019-09-23 16:30:22,560 [pool-149-thread-1] INFO  server.RaftServerConfigKeys (ConfUtils.java:logGet(43)) - raft.server.log.preallocated.size = 16384 (custom)
2019-09-23 16:30:22,560 [pool-149-thread-1] INFO  server.RaftServerConfigKeys (ConfUtils.java:logGet(43)) - raft.server.log.write.buffer.size = 33554432 (custom)
2019-09-23 16:30:22,561 [pool-149-thread-1] INFO  server.RaftServerConfigKeys (ConfUtils.java:logGet(43)) - raft.server.log.force.sync.num = 128 (default)
2019-09-23 16:30:22,561 [pool-149-thread-1] INFO  server.RaftServerConfigKeys (ConfUtils.java:logGet(43)) - raft.server.log.statemachine.data.sync = true (default)
2019-09-23 16:30:22,561 [pool-149-thread-1] INFO  server.RaftServerConfigKeys (ConfUtils.java:logGet(43)) - raft.server.log.statemachine.data.sync.timeout = 10s (default)
2019-09-23 16:30:22,561 [pool-149-thread-1] INFO  server.RaftServerConfigKeys (ConfUtils.java:logGet(43)) - raft.server.log.statemachine.data.sync.timeout.retry = -1 (default)
2019-09-23 16:30:22,561 [pool-149-thread-1] INFO  server.RaftServerConfigKeys (ConfUtils.java:logGet(43)) - raft.server.log.statemachine.data.caching.enabled = true (custom)
2019-09-23 16:30:22,562 [pool-149-thread-1] INFO  segmented.SegmentedRaftLogWorker (SegmentedRaftLogWorker.java:lambda$new$0(132)) - e159ba87-a890-41be-ac9a-dd3e406e242d@group-CCF21CCE7396-SegmentedRaftLogWorker: flushIndex: setUnconditionally 0 -> -1
2019-09-23 16:30:22,562 [pool-149-thread-1] INFO  server.RaftServerConfigKeys (ConfUtils.java:logGet(43)) - raft.server.snapshot.auto.trigger.enabled = true (custom)
2019-09-23 16:30:22,562 [pool-149-thread-1] INFO  server.RaftServerConfigKeys (ConfUtils.java:logGet(43)) - raft.server.snapshot.auto.trigger.threshold = 10000 (custom)
2019-09-23 16:30:22,562 [pool-149-thread-1] INFO  server.RaftServerConfigKeys (ConfUtils.java:logGet(43)) - raft.server.snapshot.retention.num.files = 5 (custom)
2019-09-23 16:30:22,562 [pool-149-thread-1] INFO  server.RaftServerConfigKeys (ConfUtils.java:logGet(43)) - raft.server.retrycache.expirytime = 600000ms (custom)
2019-09-23 16:30:22,565 [pool-149-thread-1] INFO  impl.RaftServerImpl (RaftServerImpl.java:start(185)) - e159ba87-a890-41be-ac9a-dd3e406e242d@group-CCF21CCE7396: start as a follower, conf=-1: [e159ba87-a890-41be-ac9a-dd3e406e242d:192.168.34.17:34068], old=null
2019-09-23 16:30:22,565 [pool-149-thread-1] INFO  impl.RaftServerImpl (RaftServerImpl.java:setRole(174)) - e159ba87-a890-41be-ac9a-dd3e406e242d@group-CCF21CCE7396: changes role from      null to FOLLOWER at term 0 for startAsFollower
2019-09-23 16:30:22,565 [pool-149-thread-1] INFO  impl.RoleInfo (RoleInfo.java:updateAndGet(143)) - e159ba87-a890-41be-ac9a-dd3e406e242d: start FollowerState
2019-09-23 16:30:22,580 [pool-149-thread-1] INFO  util.JmxRegister (JmxRegister.java:tryRegister(44)) - Successfully registered JMX Bean with object name Ratis:service=RaftServer,group=group-CCF21CCE7396,id=e159ba87-a890-41be-ac9a-dd3e406e242d
2019-09-23 16:30:22,590 [RatisPipelineUtilsThread] INFO  pipeline.PipelineStateManager (PipelineStateManager.java:addPipeline(56)) - Created pipeline Pipeline[ Id: 05c5185f-d00a-498a-9e69-ccf21cce7396, Nodes: e159ba87-a890-41be-ac9a-dd3e406e242d{ip: 192.168.34.17, host: pr-hdds-2166-7skhj-3476174427, networkLocation: /default-rack, certSerialId: null}, Type:RATIS, Factor:ONE, State:OPEN]
2019-09-23 16:30:22,601 [grpc-default-executor-4] INFO  impl.RaftServerProxy (RaftServerProxy.java:addNew(89)) - 4c593327-0bf9-46b1-956b-3e746ac2d8f2: addNew group-4A34E86F7836:[4c593327-0bf9-46b1-956b-3e746ac2d8f2:192.168.34.17:34116] returns group-4A34E86F7836:java.util.concurrent.CompletableFuture@1c419886[Not completed]
2019-09-23 16:30:22,606 [pool-169-thread-1] INFO  impl.RaftServerImpl (RaftServerImpl.java:<init>(95)) - 4c593327-0bf9-46b1-956b-3e746ac2d8f2: new RaftServerImpl for group-4A34E86F7836:[4c593327-0bf9-46b1-956b-3e746ac2d8f2:192.168.34.17:34116] with ContainerStateMachine:uninitialized
2019-09-23 16:30:22,606 [pool-169-thread-1] INFO  server.RaftServerConfigKeys (ConfUtils.java:logGet(43)) - raft.server.rpc.timeout.min = 5s (custom)
2019-09-23 16:30:22,606 [pool-169-thread-1] INFO  server.RaftServerConfigKeys (ConfUtils.java:logGet(43)) - raft.server.rpc.timeout.max = 5200ms (custom)
2019-09-23 16:30:22,606 [pool-169-thread-1] INFO  server.RaftServerConfigKeys (ConfUtils.java:logGet(43)) - raft.server.rpcslowness.timeout = 120s (custom)
2019-09-23 16:30:22,607 [pool-169-thread-1] INFO  server.RaftServerConfigKeys (ConfUtils.java:logGet(43)) - raft.server.sleep.deviation.threshold = 300 (default)
2019-09-23 16:30:22,607 [pool-169-thread-1] INFO  server.RaftServerConfigKeys (ConfUtils.java:logGet(43)) - raft.server.log.appender.install.snapshot.enabled = false (custom)
2019-09-23 16:30:22,607 [pool-169-thread-1] INFO  impl.RaftServerImpl (ServerState.java:<init>(103)) - 4c593327-0bf9-46b1-956b-3e746ac2d8f2@group-4A34E86F7836: ConfigurationManager, init=-1: [4c593327-0bf9-46b1-956b-3e746ac2d8f2:192.168.34.17:34116], old=null, confs=<EMPTY_MAP>
2019-09-23 16:30:22,607 [pool-169-thread-1] INFO  server.RaftServerConfigKeys (ConfUtils.java:logGet(43)) - raft.server.storage.dir = [/workdir/hadoop-ozone/integration-test/target/test-dir/MiniOzoneClusterImpl-2125af76-57d3-4163-b90f-d8f74e1b50d6/datanode-5/data/ratis] (custom)
2019-09-23 16:30:22,607 [pool-169-thread-1] INFO  storage.RaftStorageDirectory (RaftStorageDirectory.java:analyzeStorage(246)) - The storage directory /workdir/hadoop-ozone/integration-test/target/test-dir/MiniOzoneClusterImpl-2125af76-57d3-4163-b90f-d8f74e1b50d6/datanode-5/data/ratis/9c3782e7-2bf1-499d-9b07-4a34e86f7836 does not exist. Creating ...
2019-09-23 16:30:22,620 [pool-169-thread-1] INFO  storage.RaftStorageDirectory (RaftStorageDirectory.java:tryLock(328)) - Lock on /workdir/hadoop-ozone/integration-test/target/test-dir/MiniOzoneClusterImpl-2125af76-57d3-4163-b90f-d8f74e1b50d6/datanode-5/data/ratis/9c3782e7-2bf1-499d-9b07-4a34e86f7836/in_use.lock acquired by nodename 23143@pr-hdds-2166-7skhj-3476174427
2019-09-23 16:30:22,632 [IPC Server handler 6 on 38120] INFO  net.NetworkTopology (NetworkTopologyImpl.java:add(111)) - Added a new node: /default-rack/a5442e60-b445-451d-bf7e-b5b4139f0c5f
2019-09-23 16:30:22,633 [IPC Server handler 6 on 38120] INFO  node.SCMNodeManager (SCMNodeManager.java:register(266)) - Registered Data node : a5442e60-b445-451d-bf7e-b5b4139f0c5f{ip: 192.168.34.17, host: pr-hdds-2166-7skhj-3476174427, networkLocation: /default-rack, certSerialId: null}
2019-09-23 16:30:22,634 [main] INFO  ozone.MiniOzoneClusterImpl (MiniOzoneClusterImpl.java:lambda$waitForClusterToBeReady$0(147)) - Cluster is ready. Got 7 of 7 DN Heartbeats.
2019-09-23 16:30:22,646 [pool-169-thread-1] INFO  storage.RaftStorage (RaftStorage.java:format(72)) - Storage directory /workdir/hadoop-ozone/integration-test/target/test-dir/MiniOzoneClusterImpl-2125af76-57d3-4163-b90f-d8f74e1b50d6/datanode-5/data/ratis/9c3782e7-2bf1-499d-9b07-4a34e86f7836 has been successfully formatted.
2019-09-23 16:30:22,646 [pool-169-thread-1] INFO  ratis.ContainerStateMachine (ContainerStateMachine.java:loadSnapshot(230)) - group-4A34E86F7836: The snapshot info is null. Setting the last applied indexto:(t:0, i:~)
2019-09-23 16:30:22,647 [pool-169-thread-1] INFO  server.RaftServerConfigKeys (ConfUtils.java:logGet(43)) - raft.server.notification.no-leader.timeout = 120s (custom)
2019-09-23 16:30:22,647 [pool-169-thread-1] INFO  server.RaftServerConfigKeys (ConfUtils.java:logGet(43)) - raft.server.log.use.memory = false (default)
2019-09-23 16:30:22,791 [pool-169-thread-1] INFO  server.RaftServerConfigKeys (ConfUtils.java:logGet(43)) - raft.server.log.purge.gap = 1000000 (custom)
2019-09-23 16:30:22,791 [pool-169-thread-1] INFO  server.RaftServerConfigKeys (ConfUtils.java:logGet(43)) - raft.server.log.appender.buffer.byte-limit = 33554432 (custom)
2019-09-23 16:30:22,797 [pool-169-thread-1] INFO  server.RaftServerConfigKeys (ConfUtils.java:logGet(43)) - raft.server.log.segment.size.max = 1048576 (custom)
2019-09-23 16:30:22,802 [pool-169-thread-1] INFO  server.RaftServerConfigKeys (ConfUtils.java:logGet(43)) - raft.server.log.segment.cache.num.max = 2 (custom)
2019-09-23 16:30:22,802 [pool-169-thread-1] INFO  segmented.SegmentedRaftLogWorker (SegmentedRaftLogWorker.java:<init>(172)) - new 4c593327-0bf9-46b1-956b-3e746ac2d8f2@group-4A34E86F7836-SegmentedRaftLogWorker for RaftStorage:Storage Directory /workdir/hadoop-ozone/integration-test/target/test-dir/MiniOzoneClusterImpl-2125af76-57d3-4163-b90f-d8f74e1b50d6/datanode-5/data/ratis/9c3782e7-2bf1-499d-9b07-4a34e86f7836
2019-09-23 16:30:22,886 [pool-169-thread-1] INFO  server.RaftServerConfigKeys (ConfUtils.java:logGet(43)) - raft.server.log.queue.byte-limit = 2147483647 (custom)
2019-09-23 16:30:22,886 [pool-169-thread-1] INFO  server.RaftServerConfigKeys (ConfUtils.java:logGet(43)) - raft.server.log.queue.element-limit = 1024 (custom)
2019-09-23 16:30:22,886 [pool-169-thread-1] INFO  server.RaftServerConfigKeys (ConfUtils.java:logGet(43)) - raft.server.log.segment.size.max = 1048576 (custom)
2019-09-23 16:30:22,886 [pool-169-thread-1] INFO  server.RaftServerConfigKeys (ConfUtils.java:logGet(43)) - raft.server.log.preallocated.size = 16384 (custom)
2019-09-23 16:30:22,886 [pool-169-thread-1] INFO  server.RaftServerConfigKeys (ConfUtils.java:logGet(43)) - raft.server.log.write.buffer.size = 33554432 (custom)
2019-09-23 16:30:22,887 [pool-169-thread-1] INFO  server.RaftServerConfigKeys (ConfUtils.java:logGet(43)) - raft.server.log.force.sync.num = 128 (default)
2019-09-23 16:30:22,887 [pool-169-thread-1] INFO  server.RaftServerConfigKeys (ConfUtils.java:logGet(43)) - raft.server.log.statemachine.data.sync = true (default)
2019-09-23 16:30:22,887 [pool-169-thread-1] INFO  server.RaftServerConfigKeys (ConfUtils.java:logGet(43)) - raft.server.log.statemachine.data.sync.timeout = 10s (default)
2019-09-23 16:30:22,887 [pool-169-thread-1] INFO  server.RaftServerConfigKeys (ConfUtils.java:logGet(43)) - raft.server.log.statemachine.data.sync.timeout.retry = -1 (default)
2019-09-23 16:30:22,887 [pool-169-thread-1] INFO  server.RaftServerConfigKeys (ConfUtils.java:logGet(43)) - raft.server.log.statemachine.data.caching.enabled = true (custom)
2019-09-23 16:30:22,888 [pool-169-thread-1] INFO  segmented.SegmentedRaftLogWorker (SegmentedRaftLogWorker.java:lambda$new$0(132)) - 4c593327-0bf9-46b1-956b-3e746ac2d8f2@group-4A34E86F7836-SegmentedRaftLogWorker: flushIndex: setUnconditionally 0 -> -1
2019-09-23 16:30:22,891 [pool-169-thread-1] INFO  server.RaftServerConfigKeys (ConfUtils.java:logGet(43)) - raft.server.snapshot.auto.trigger.enabled = true (custom)
2019-09-23 16:30:22,925 [pool-169-thread-1] INFO  server.RaftServerConfigKeys (ConfUtils.java:logGet(43)) - raft.server.snapshot.auto.trigger.threshold = 10000 (custom)
2019-09-23 16:30:22,941 [pool-169-thread-1] INFO  server.RaftServerConfigKeys (ConfUtils.java:logGet(43)) - raft.server.snapshot.retention.num.files = 5 (custom)
2019-09-23 16:30:22,944 [pool-169-thread-1] INFO  server.RaftServerConfigKeys (ConfUtils.java:logGet(43)) - raft.server.retrycache.expirytime = 600000ms (custom)
2019-09-23 16:30:22,946 [main] INFO  rpc.RpcClient (RpcClient.java:createVolume(276)) - Creating Volume: testblockoutputstreamwithretries, with jenkins1000 as owner.
2019-09-23 16:30:22,946 [pool-169-thread-1] INFO  impl.RaftServerImpl (RaftServerImpl.java:start(185)) - 4c593327-0bf9-46b1-956b-3e746ac2d8f2@group-4A34E86F7836: start as a follower, conf=-1: [4c593327-0bf9-46b1-956b-3e746ac2d8f2:192.168.34.17:34116], old=null
2019-09-23 16:30:22,947 [pool-169-thread-1] INFO  impl.RaftServerImpl (RaftServerImpl.java:setRole(174)) - 4c593327-0bf9-46b1-956b-3e746ac2d8f2@group-4A34E86F7836: changes role from      null to FOLLOWER at term 0 for startAsFollower
2019-09-23 16:30:22,947 [pool-169-thread-1] INFO  impl.RoleInfo (RoleInfo.java:updateAndGet(143)) - 4c593327-0bf9-46b1-956b-3e746ac2d8f2: start FollowerState
2019-09-23 16:30:22,947 [pool-169-thread-1] INFO  util.JmxRegister (JmxRegister.java:tryRegister(44)) - Successfully registered JMX Bean with object name Ratis:service=RaftServer,group=group-4A34E86F7836,id=4c593327-0bf9-46b1-956b-3e746ac2d8f2
2019-09-23 16:30:22,949 [IPC Server handler 1 on 35533] INFO  volume.OMVolumeCreateRequest (OMVolumeCreateRequest.java:validateAndUpdateCache(189)) - created volume:testblockoutputstreamwithretries for user:jenkins1000
2019-09-23 16:30:22,950 [RatisPipelineUtilsThread] INFO  pipeline.PipelineStateManager (PipelineStateManager.java:addPipeline(56)) - Created pipeline Pipeline[ Id: 9c3782e7-2bf1-499d-9b07-4a34e86f7836, Nodes: 4c593327-0bf9-46b1-956b-3e746ac2d8f2{ip: 192.168.34.17, host: pr-hdds-2166-7skhj-3476174427, networkLocation: /default-rack, certSerialId: null}, Type:RATIS, Factor:ONE, State:OPEN]
2019-09-23 16:30:22,967 [grpc-default-executor-4] INFO  impl.RaftServerProxy (RaftServerProxy.java:addNew(89)) - a5442e60-b445-451d-bf7e-b5b4139f0c5f: addNew group-B21227772943:[a5442e60-b445-451d-bf7e-b5b4139f0c5f:192.168.34.17:42853] returns group-B21227772943:java.util.concurrent.CompletableFuture@6c515208[Not completed]
2019-09-23 16:30:22,973 [pool-179-thread-1] INFO  impl.RaftServerImpl (RaftServerImpl.java:<init>(95)) - a5442e60-b445-451d-bf7e-b5b4139f0c5f: new RaftServerImpl for group-B21227772943:[a5442e60-b445-451d-bf7e-b5b4139f0c5f:192.168.34.17:42853] with ContainerStateMachine:uninitialized
2019-09-23 16:30:22,973 [pool-179-thread-1] INFO  server.RaftServerConfigKeys (ConfUtils.java:logGet(43)) - raft.server.rpc.timeout.min = 5s (custom)
2019-09-23 16:30:22,973 [pool-179-thread-1] INFO  server.RaftServerConfigKeys (ConfUtils.java:logGet(43)) - raft.server.rpc.timeout.max = 5200ms (custom)
2019-09-23 16:30:22,973 [pool-179-thread-1] INFO  server.RaftServerConfigKeys (ConfUtils.java:logGet(43)) - raft.server.rpcslowness.timeout = 120s (custom)
2019-09-23 16:30:22,973 [pool-179-thread-1] INFO  server.RaftServerConfigKeys (ConfUtils.java:logGet(43)) - raft.server.sleep.deviation.threshold = 300 (default)
2019-09-23 16:30:22,974 [pool-179-thread-1] INFO  server.RaftServerConfigKeys (ConfUtils.java:logGet(43)) - raft.server.log.appender.install.snapshot.enabled = false (custom)
2019-09-23 16:30:22,974 [pool-179-thread-1] INFO  impl.RaftServerImpl (ServerState.java:<init>(103)) - a5442e60-b445-451d-bf7e-b5b4139f0c5f@group-B21227772943: ConfigurationManager, init=-1: [a5442e60-b445-451d-bf7e-b5b4139f0c5f:192.168.34.17:42853], old=null, confs=<EMPTY_MAP>
2019-09-23 16:30:22,974 [pool-179-thread-1] INFO  server.RaftServerConfigKeys (ConfUtils.java:logGet(43)) - raft.server.storage.dir = [/workdir/hadoop-ozone/integration-test/target/test-dir/MiniOzoneClusterImpl-2125af76-57d3-4163-b90f-d8f74e1b50d6/datanode-6/data/ratis] (custom)
2019-09-23 16:30:22,974 [pool-179-thread-1] INFO  storage.RaftStorageDirectory (RaftStorageDirectory.java:analyzeStorage(246)) - The storage directory /workdir/hadoop-ozone/integration-test/target/test-dir/MiniOzoneClusterImpl-2125af76-57d3-4163-b90f-d8f74e1b50d6/datanode-6/data/ratis/15e7c12c-c671-4174-b773-b21227772943 does not exist. Creating ...
2019-09-23 16:30:22,992 [pool-179-thread-1] INFO  storage.RaftStorageDirectory (RaftStorageDirectory.java:tryLock(328)) - Lock on /workdir/hadoop-ozone/integration-test/target/test-dir/MiniOzoneClusterImpl-2125af76-57d3-4163-b90f-d8f74e1b50d6/datanode-6/data/ratis/15e7c12c-c671-4174-b773-b21227772943/in_use.lock acquired by nodename 23143@pr-hdds-2166-7skhj-3476174427
2019-09-23 16:30:23,012 [main] INFO  rpc.RpcClient (RpcClient.java:createBucket(415)) - Creating Bucket: testblockoutputstreamwithretries/testblockoutputstreamwithretries, with Versioning false and Storage Type set to DISK and Encryption set to false 
2019-09-23 16:30:23,015 [pool-179-thread-1] INFO  storage.RaftStorage (RaftStorage.java:format(72)) - Storage directory /workdir/hadoop-ozone/integration-test/target/test-dir/MiniOzoneClusterImpl-2125af76-57d3-4163-b90f-d8f74e1b50d6/datanode-6/data/ratis/15e7c12c-c671-4174-b773-b21227772943 has been successfully formatted.
2019-09-23 16:30:23,018 [pool-179-thread-1] INFO  ratis.ContainerStateMachine (ContainerStateMachine.java:loadSnapshot(230)) - group-B21227772943: The snapshot info is null. Setting the last applied indexto:(t:0, i:~)
2019-09-23 16:30:23,018 [pool-179-thread-1] INFO  server.RaftServerConfigKeys (ConfUtils.java:logGet(43)) - raft.server.notification.no-leader.timeout = 120s (custom)
2019-09-23 16:30:23,018 [pool-179-thread-1] INFO  server.RaftServerConfigKeys (ConfUtils.java:logGet(43)) - raft.server.log.use.memory = false (default)
2019-09-23 16:30:23,018 [pool-179-thread-1] INFO  server.RaftServerConfigKeys (ConfUtils.java:logGet(43)) - raft.server.log.purge.gap = 1000000 (custom)
2019-09-23 16:30:23,018 [pool-179-thread-1] INFO  server.RaftServerConfigKeys (ConfUtils.java:logGet(43)) - raft.server.log.appender.buffer.byte-limit = 33554432 (custom)
2019-09-23 16:30:23,018 [pool-179-thread-1] INFO  server.RaftServerConfigKeys (ConfUtils.java:logGet(43)) - raft.server.log.segment.size.max = 1048576 (custom)
2019-09-23 16:30:23,019 [pool-179-thread-1] INFO  server.RaftServerConfigKeys (ConfUtils.java:logGet(43)) - raft.server.log.segment.cache.num.max = 2 (custom)
2019-09-23 16:30:23,019 [pool-179-thread-1] INFO  segmented.SegmentedRaftLogWorker (SegmentedRaftLogWorker.java:<init>(172)) - new a5442e60-b445-451d-bf7e-b5b4139f0c5f@group-B21227772943-SegmentedRaftLogWorker for RaftStorage:Storage Directory /workdir/hadoop-ozone/integration-test/target/test-dir/MiniOzoneClusterImpl-2125af76-57d3-4163-b90f-d8f74e1b50d6/datanode-6/data/ratis/15e7c12c-c671-4174-b773-b21227772943
2019-09-23 16:30:23,022 [pool-179-thread-1] INFO  server.RaftServerConfigKeys (ConfUtils.java:logGet(43)) - raft.server.log.queue.byte-limit = 2147483647 (custom)
2019-09-23 16:30:23,022 [pool-179-thread-1] INFO  server.RaftServerConfigKeys (ConfUtils.java:logGet(43)) - raft.server.log.queue.element-limit = 1024 (custom)
2019-09-23 16:30:23,022 [pool-179-thread-1] INFO  server.RaftServerConfigKeys (ConfUtils.java:logGet(43)) - raft.server.log.segment.size.max = 1048576 (custom)
2019-09-23 16:30:23,022 [pool-179-thread-1] INFO  server.RaftServerConfigKeys (ConfUtils.java:logGet(43)) - raft.server.log.preallocated.size = 16384 (custom)
2019-09-23 16:30:23,022 [pool-179-thread-1] INFO  server.RaftServerConfigKeys (ConfUtils.java:logGet(43)) - raft.server.log.write.buffer.size = 33554432 (custom)
2019-09-23 16:30:23,023 [pool-179-thread-1] INFO  server.RaftServerConfigKeys (ConfUtils.java:logGet(43)) - raft.server.log.force.sync.num = 128 (default)
2019-09-23 16:30:23,023 [pool-179-thread-1] INFO  server.RaftServerConfigKeys (ConfUtils.java:logGet(43)) - raft.server.log.statemachine.data.sync = true (default)
2019-09-23 16:30:23,023 [pool-179-thread-1] INFO  server.RaftServerConfigKeys (ConfUtils.java:logGet(43)) - raft.server.log.statemachine.data.sync.timeout = 10s (default)
2019-09-23 16:30:23,023 [pool-179-thread-1] INFO  server.RaftServerConfigKeys (ConfUtils.java:logGet(43)) - raft.server.log.statemachine.data.sync.timeout.retry = -1 (default)
2019-09-23 16:30:23,023 [pool-179-thread-1] INFO  server.RaftServerConfigKeys (ConfUtils.java:logGet(43)) - raft.server.log.statemachine.data.caching.enabled = true (custom)
2019-09-23 16:30:23,024 [pool-179-thread-1] INFO  segmented.SegmentedRaftLogWorker (SegmentedRaftLogWorker.java:lambda$new$0(132)) - a5442e60-b445-451d-bf7e-b5b4139f0c5f@group-B21227772943-SegmentedRaftLogWorker: flushIndex: setUnconditionally 0 -> -1
2019-09-23 16:30:23,024 [pool-179-thread-1] INFO  server.RaftServerConfigKeys (ConfUtils.java:logGet(43)) - raft.server.snapshot.auto.trigger.enabled = true (custom)
2019-09-23 16:30:23,025 [pool-179-thread-1] INFO  server.RaftServerConfigKeys (ConfUtils.java:logGet(43)) - raft.server.snapshot.auto.trigger.threshold = 10000 (custom)
2019-09-23 16:30:23,025 [pool-179-thread-1] INFO  server.RaftServerConfigKeys (ConfUtils.java:logGet(43)) - raft.server.snapshot.retention.num.files = 5 (custom)
2019-09-23 16:30:23,025 [pool-179-thread-1] INFO  server.RaftServerConfigKeys (ConfUtils.java:logGet(43)) - raft.server.retrycache.expirytime = 600000ms (custom)
2019-09-23 16:30:23,027 [pool-179-thread-1] INFO  impl.RaftServerImpl (RaftServerImpl.java:start(185)) - a5442e60-b445-451d-bf7e-b5b4139f0c5f@group-B21227772943: start as a follower, conf=-1: [a5442e60-b445-451d-bf7e-b5b4139f0c5f:192.168.34.17:42853], old=null
2019-09-23 16:30:23,027 [pool-179-thread-1] INFO  impl.RaftServerImpl (RaftServerImpl.java:setRole(174)) - a5442e60-b445-451d-bf7e-b5b4139f0c5f@group-B21227772943: changes role from      null to FOLLOWER at term 0 for startAsFollower
2019-09-23 16:30:23,028 [pool-179-thread-1] INFO  impl.RoleInfo (RoleInfo.java:updateAndGet(143)) - a5442e60-b445-451d-bf7e-b5b4139f0c5f: start FollowerState
2019-09-23 16:30:23,028 [pool-179-thread-1] INFO  util.JmxRegister (JmxRegister.java:tryRegister(44)) - Successfully registered JMX Bean with object name Ratis:service=RaftServer,group=group-B21227772943,id=a5442e60-b445-451d-bf7e-b5b4139f0c5f
2019-09-23 16:30:23,031 [RatisPipelineUtilsThread] INFO  pipeline.PipelineStateManager (PipelineStateManager.java:addPipeline(56)) - Created pipeline Pipeline[ Id: 15e7c12c-c671-4174-b773-b21227772943, Nodes: a5442e60-b445-451d-bf7e-b5b4139f0c5f{ip: 192.168.34.17, host: pr-hdds-2166-7skhj-3476174427, networkLocation: /default-rack, certSerialId: null}, Type:RATIS, Factor:ONE, State:OPEN]
2019-09-23 16:30:23,039 [grpc-default-executor-4] INFO  impl.RaftServerProxy (RaftServerProxy.java:addNew(89)) - cb202041-87f9-4945-b71c-48ba0d998619: addNew group-70B70CCD3508:[cb202041-87f9-4945-b71c-48ba0d998619:192.168.34.17:42759] returns group-70B70CCD3508:java.util.concurrent.CompletableFuture@682796fc[Not completed]
2019-09-23 16:30:23,044 [pool-159-thread-1] INFO  impl.RaftServerImpl (RaftServerImpl.java:<init>(95)) - cb202041-87f9-4945-b71c-48ba0d998619: new RaftServerImpl for group-70B70CCD3508:[cb202041-87f9-4945-b71c-48ba0d998619:192.168.34.17:42759] with ContainerStateMachine:uninitialized
2019-09-23 16:30:23,045 [pool-159-thread-1] INFO  server.RaftServerConfigKeys (ConfUtils.java:logGet(43)) - raft.server.rpc.timeout.min = 5s (custom)
2019-09-23 16:30:23,045 [pool-159-thread-1] INFO  server.RaftServerConfigKeys (ConfUtils.java:logGet(43)) - raft.server.rpc.timeout.max = 5200ms (custom)
2019-09-23 16:30:23,045 [pool-159-thread-1] INFO  server.RaftServerConfigKeys (ConfUtils.java:logGet(43)) - raft.server.rpcslowness.timeout = 120s (custom)
2019-09-23 16:30:23,045 [pool-159-thread-1] INFO  server.RaftServerConfigKeys (ConfUtils.java:logGet(43)) - raft.server.sleep.deviation.threshold = 300 (default)
2019-09-23 16:30:23,045 [pool-159-thread-1] INFO  server.RaftServerConfigKeys (ConfUtils.java:logGet(43)) - raft.server.log.appender.install.snapshot.enabled = false (custom)
2019-09-23 16:30:23,046 [pool-159-thread-1] INFO  impl.RaftServerImpl (ServerState.java:<init>(103)) - cb202041-87f9-4945-b71c-48ba0d998619@group-70B70CCD3508: ConfigurationManager, init=-1: [cb202041-87f9-4945-b71c-48ba0d998619:192.168.34.17:42759], old=null, confs=<EMPTY_MAP>
2019-09-23 16:30:23,046 [pool-159-thread-1] INFO  server.RaftServerConfigKeys (ConfUtils.java:logGet(43)) - raft.server.storage.dir = [/workdir/hadoop-ozone/integration-test/target/test-dir/MiniOzoneClusterImpl-2125af76-57d3-4163-b90f-d8f74e1b50d6/datanode-4/data/ratis] (custom)
2019-09-23 16:30:23,046 [pool-159-thread-1] INFO  storage.RaftStorageDirectory (RaftStorageDirectory.java:analyzeStorage(246)) - The storage directory /workdir/hadoop-ozone/integration-test/target/test-dir/MiniOzoneClusterImpl-2125af76-57d3-4163-b90f-d8f74e1b50d6/datanode-4/data/ratis/db72543d-c47b-460d-8379-70b70ccd3508 does not exist. Creating ...
2019-09-23 16:30:23,071 [pool-159-thread-1] INFO  storage.RaftStorageDirectory (RaftStorageDirectory.java:tryLock(328)) - Lock on /workdir/hadoop-ozone/integration-test/target/test-dir/MiniOzoneClusterImpl-2125af76-57d3-4163-b90f-d8f74e1b50d6/datanode-4/data/ratis/db72543d-c47b-460d-8379-70b70ccd3508/in_use.lock acquired by nodename 23143@pr-hdds-2166-7skhj-3476174427
2019-09-23 16:30:23,086 [pool-159-thread-1] INFO  storage.RaftStorage (RaftStorage.java:format(72)) - Storage directory /workdir/hadoop-ozone/integration-test/target/test-dir/MiniOzoneClusterImpl-2125af76-57d3-4163-b90f-d8f74e1b50d6/datanode-4/data/ratis/db72543d-c47b-460d-8379-70b70ccd3508 has been successfully formatted.
2019-09-23 16:30:23,086 [pool-159-thread-1] INFO  ratis.ContainerStateMachine (ContainerStateMachine.java:loadSnapshot(230)) - group-70B70CCD3508: The snapshot info is null. Setting the last applied indexto:(t:0, i:~)
2019-09-23 16:30:23,086 [pool-159-thread-1] INFO  server.RaftServerConfigKeys (ConfUtils.java:logGet(43)) - raft.server.notification.no-leader.timeout = 120s (custom)
2019-09-23 16:30:23,086 [pool-159-thread-1] INFO  server.RaftServerConfigKeys (ConfUtils.java:logGet(43)) - raft.server.log.use.memory = false (default)
2019-09-23 16:30:23,086 [pool-159-thread-1] INFO  server.RaftServerConfigKeys (ConfUtils.java:logGet(43)) - raft.server.log.purge.gap = 1000000 (custom)
2019-09-23 16:30:23,087 [pool-159-thread-1] INFO  server.RaftServerConfigKeys (ConfUtils.java:logGet(43)) - raft.server.log.appender.buffer.byte-limit = 33554432 (custom)
2019-09-23 16:30:23,087 [pool-159-thread-1] INFO  server.RaftServerConfigKeys (ConfUtils.java:logGet(43)) - raft.server.log.segment.size.max = 1048576 (custom)
2019-09-23 16:30:23,087 [pool-159-thread-1] INFO  server.RaftServerConfigKeys (ConfUtils.java:logGet(43)) - raft.server.log.segment.cache.num.max = 2 (custom)
2019-09-23 16:30:23,087 [pool-159-thread-1] INFO  segmented.SegmentedRaftLogWorker (SegmentedRaftLogWorker.java:<init>(172)) - new cb202041-87f9-4945-b71c-48ba0d998619@group-70B70CCD3508-SegmentedRaftLogWorker for RaftStorage:Storage Directory /workdir/hadoop-ozone/integration-test/target/test-dir/MiniOzoneClusterImpl-2125af76-57d3-4163-b90f-d8f74e1b50d6/datanode-4/data/ratis/db72543d-c47b-460d-8379-70b70ccd3508
2019-09-23 16:30:23,089 [pool-159-thread-1] INFO  server.RaftServerConfigKeys (ConfUtils.java:logGet(43)) - raft.server.log.queue.byte-limit = 2147483647 (custom)
2019-09-23 16:30:23,089 [pool-159-thread-1] INFO  server.RaftServerConfigKeys (ConfUtils.java:logGet(43)) - raft.server.log.queue.element-limit = 1024 (custom)
2019-09-23 16:30:23,089 [pool-159-thread-1] INFO  server.RaftServerConfigKeys (ConfUtils.java:logGet(43)) - raft.server.log.segment.size.max = 1048576 (custom)
2019-09-23 16:30:23,090 [pool-159-thread-1] INFO  server.RaftServerConfigKeys (ConfUtils.java:logGet(43)) - raft.server.log.preallocated.size = 16384 (custom)
2019-09-23 16:30:23,090 [pool-159-thread-1] INFO  server.RaftServerConfigKeys (ConfUtils.java:logGet(43)) - raft.server.log.write.buffer.size = 33554432 (custom)
2019-09-23 16:30:23,090 [pool-159-thread-1] INFO  server.RaftServerConfigKeys (ConfUtils.java:logGet(43)) - raft.server.log.force.sync.num = 128 (default)
2019-09-23 16:30:23,090 [pool-159-thread-1] INFO  server.RaftServerConfigKeys (ConfUtils.java:logGet(43)) - raft.server.log.statemachine.data.sync = true (default)
2019-09-23 16:30:23,090 [pool-159-thread-1] INFO  server.RaftServerConfigKeys (ConfUtils.java:logGet(43)) - raft.server.log.statemachine.data.sync.timeout = 10s (default)
2019-09-23 16:30:23,090 [pool-159-thread-1] INFO  server.RaftServerConfigKeys (ConfUtils.java:logGet(43)) - raft.server.log.statemachine.data.sync.timeout.retry = -1 (default)
2019-09-23 16:30:23,090 [pool-159-thread-1] INFO  server.RaftServerConfigKeys (ConfUtils.java:logGet(43)) - raft.server.log.statemachine.data.caching.enabled = true (custom)
2019-09-23 16:30:23,091 [pool-159-thread-1] INFO  segmented.SegmentedRaftLogWorker (SegmentedRaftLogWorker.java:lambda$new$0(132)) - cb202041-87f9-4945-b71c-48ba0d998619@group-70B70CCD3508-SegmentedRaftLogWorker: flushIndex: setUnconditionally 0 -> -1
2019-09-23 16:30:23,091 [pool-159-thread-1] INFO  server.RaftServerConfigKeys (ConfUtils.java:logGet(43)) - raft.server.snapshot.auto.trigger.enabled = true (custom)
2019-09-23 16:30:23,091 [pool-159-thread-1] INFO  server.RaftServerConfigKeys (ConfUtils.java:logGet(43)) - raft.server.snapshot.auto.trigger.threshold = 10000 (custom)
2019-09-23 16:30:23,091 [pool-159-thread-1] INFO  server.RaftServerConfigKeys (ConfUtils.java:logGet(43)) - raft.server.snapshot.retention.num.files = 5 (custom)
2019-09-23 16:30:23,091 [pool-159-thread-1] INFO  server.RaftServerConfigKeys (ConfUtils.java:logGet(43)) - raft.server.retrycache.expirytime = 600000ms (custom)
2019-09-23 16:30:23,093 [pool-159-thread-1] INFO  impl.RaftServerImpl (RaftServerImpl.java:start(185)) - cb202041-87f9-4945-b71c-48ba0d998619@group-70B70CCD3508: start as a follower, conf=-1: [cb202041-87f9-4945-b71c-48ba0d998619:192.168.34.17:42759], old=null
2019-09-23 16:30:23,093 [pool-159-thread-1] INFO  impl.RaftServerImpl (RaftServerImpl.java:setRole(174)) - cb202041-87f9-4945-b71c-48ba0d998619@group-70B70CCD3508: changes role from      null to FOLLOWER at term 0 for startAsFollower
2019-09-23 16:30:23,093 [pool-159-thread-1] INFO  impl.RoleInfo (RoleInfo.java:updateAndGet(143)) - cb202041-87f9-4945-b71c-48ba0d998619: start FollowerState
2019-09-23 16:30:23,094 [pool-159-thread-1] INFO  util.JmxRegister (JmxRegister.java:tryRegister(44)) - Successfully registered JMX Bean with object name Ratis:service=RaftServer,group=group-70B70CCD3508,id=cb202041-87f9-4945-b71c-48ba0d998619
2019-09-23 16:30:23,096 [RatisPipelineUtilsThread] INFO  pipeline.PipelineStateManager (PipelineStateManager.java:addPipeline(56)) - Created pipeline Pipeline[ Id: db72543d-c47b-460d-8379-70b70ccd3508, Nodes: cb202041-87f9-4945-b71c-48ba0d998619{ip: 192.168.34.17, host: pr-hdds-2166-7skhj-3476174427, networkLocation: /default-rack, certSerialId: null}, Type:RATIS, Factor:ONE, State:OPEN]
2019-09-23 16:30:23,110 [grpc-default-executor-5] INFO  impl.RaftServerProxy (RaftServerProxy.java:addNew(89)) - c521a0c7-0954-4889-a299-8aaf1b9d3454: addNew group-52A54961B0D1:[c521a0c7-0954-4889-a299-8aaf1b9d3454:192.168.34.17:38284, 3b64e686-a5dd-4d89-9436-c5780787767f:192.168.34.17:36465, 11a0cb5c-8a56-4b06-b515-cdac7053eb33:192.168.34.17:40017] returns group-52A54961B0D1:java.util.concurrent.CompletableFuture@3d6c7cec[Not completed]
2019-09-23 16:30:23,110 [grpc-default-executor-4] INFO  impl.RaftServerProxy (RaftServerProxy.java:addNew(89)) - 3b64e686-a5dd-4d89-9436-c5780787767f: addNew group-52A54961B0D1:[c521a0c7-0954-4889-a299-8aaf1b9d3454:192.168.34.17:38284, 3b64e686-a5dd-4d89-9436-c5780787767f:192.168.34.17:36465, 11a0cb5c-8a56-4b06-b515-cdac7053eb33:192.168.34.17:40017] returns group-52A54961B0D1:java.util.concurrent.CompletableFuture@510e9a9c[Not completed]
2019-09-23 16:30:23,110 [grpc-default-executor-5] INFO  impl.RaftServerProxy (RaftServerProxy.java:addNew(89)) - 11a0cb5c-8a56-4b06-b515-cdac7053eb33: addNew group-52A54961B0D1:[c521a0c7-0954-4889-a299-8aaf1b9d3454:192.168.34.17:38284, 3b64e686-a5dd-4d89-9436-c5780787767f:192.168.34.17:36465, 11a0cb5c-8a56-4b06-b515-cdac7053eb33:192.168.34.17:40017] returns group-52A54961B0D1:java.util.concurrent.CompletableFuture@563566cb[Not completed]
2019-09-23 16:30:23,112 [pool-139-thread-1] INFO  impl.RaftServerImpl (RaftServerImpl.java:<init>(95)) - c521a0c7-0954-4889-a299-8aaf1b9d3454: new RaftServerImpl for group-52A54961B0D1:[c521a0c7-0954-4889-a299-8aaf1b9d3454:192.168.34.17:38284, 3b64e686-a5dd-4d89-9436-c5780787767f:192.168.34.17:36465, 11a0cb5c-8a56-4b06-b515-cdac7053eb33:192.168.34.17:40017] with ContainerStateMachine:uninitialized
2019-09-23 16:30:23,112 [pool-139-thread-1] INFO  server.RaftServerConfigKeys (ConfUtils.java:logGet(43)) - raft.server.rpc.timeout.min = 5s (custom)
2019-09-23 16:30:23,112 [pool-119-thread-1] INFO  impl.RaftServerImpl (RaftServerImpl.java:<init>(95)) - 11a0cb5c-8a56-4b06-b515-cdac7053eb33: new RaftServerImpl for group-52A54961B0D1:[c521a0c7-0954-4889-a299-8aaf1b9d3454:192.168.34.17:38284, 3b64e686-a5dd-4d89-9436-c5780787767f:192.168.34.17:36465, 11a0cb5c-8a56-4b06-b515-cdac7053eb33:192.168.34.17:40017] with ContainerStateMachine:uninitialized
2019-09-23 16:30:23,112 [pool-139-thread-1] INFO  server.RaftServerConfigKeys (ConfUtils.java:logGet(43)) - raft.server.rpc.timeout.max = 5200ms (custom)
2019-09-23 16:30:23,112 [pool-119-thread-1] INFO  server.RaftServerConfigKeys (ConfUtils.java:logGet(43)) - raft.server.rpc.timeout.min = 5s (custom)
2019-09-23 16:30:23,113 [pool-139-thread-1] INFO  server.RaftServerConfigKeys (ConfUtils.java:logGet(43)) - raft.server.rpcslowness.timeout = 120s (custom)
2019-09-23 16:30:23,113 [pool-119-thread-1] INFO  server.RaftServerConfigKeys (ConfUtils.java:logGet(43)) - raft.server.rpc.timeout.max = 5200ms (custom)
2019-09-23 16:30:23,113 [pool-129-thread-1] INFO  impl.RaftServerImpl (RaftServerImpl.java:<init>(95)) - 3b64e686-a5dd-4d89-9436-c5780787767f: new RaftServerImpl for group-52A54961B0D1:[c521a0c7-0954-4889-a299-8aaf1b9d3454:192.168.34.17:38284, 3b64e686-a5dd-4d89-9436-c5780787767f:192.168.34.17:36465, 11a0cb5c-8a56-4b06-b515-cdac7053eb33:192.168.34.17:40017] with ContainerStateMachine:uninitialized
2019-09-23 16:30:23,113 [pool-139-thread-1] INFO  server.RaftServerConfigKeys (ConfUtils.java:logGet(43)) - raft.server.sleep.deviation.threshold = 300 (default)
2019-09-23 16:30:23,113 [pool-129-thread-1] INFO  server.RaftServerConfigKeys (ConfUtils.java:logGet(43)) - raft.server.rpc.timeout.min = 5s (custom)
2019-09-23 16:30:23,113 [pool-119-thread-1] INFO  server.RaftServerConfigKeys (ConfUtils.java:logGet(43)) - raft.server.rpcslowness.timeout = 120s (custom)
2019-09-23 16:30:23,113 [pool-129-thread-1] INFO  server.RaftServerConfigKeys (ConfUtils.java:logGet(43)) - raft.server.rpc.timeout.max = 5200ms (custom)
2019-09-23 16:30:23,113 [pool-129-thread-1] INFO  server.RaftServerConfigKeys (ConfUtils.java:logGet(43)) - raft.server.rpcslowness.timeout = 120s (custom)
2019-09-23 16:30:23,113 [pool-139-thread-1] INFO  server.RaftServerConfigKeys (ConfUtils.java:logGet(43)) - raft.server.log.appender.install.snapshot.enabled = false (custom)
2019-09-23 16:30:23,114 [pool-129-thread-1] INFO  server.RaftServerConfigKeys (ConfUtils.java:logGet(43)) - raft.server.sleep.deviation.threshold = 300 (default)
2019-09-23 16:30:23,114 [pool-129-thread-1] INFO  server.RaftServerConfigKeys (ConfUtils.java:logGet(43)) - raft.server.log.appender.install.snapshot.enabled = false (custom)
2019-09-23 16:30:23,113 [pool-119-thread-1] INFO  server.RaftServerConfigKeys (ConfUtils.java:logGet(43)) - raft.server.sleep.deviation.threshold = 300 (default)
2019-09-23 16:30:23,114 [pool-129-thread-1] INFO  impl.RaftServerImpl (ServerState.java:<init>(103)) - 3b64e686-a5dd-4d89-9436-c5780787767f@group-52A54961B0D1: ConfigurationManager, init=-1: [c521a0c7-0954-4889-a299-8aaf1b9d3454:192.168.34.17:38284, 3b64e686-a5dd-4d89-9436-c5780787767f:192.168.34.17:36465, 11a0cb5c-8a56-4b06-b515-cdac7053eb33:192.168.34.17:40017], old=null, confs=<EMPTY_MAP>
2019-09-23 16:30:23,114 [pool-139-thread-1] INFO  impl.RaftServerImpl (ServerState.java:<init>(103)) - c521a0c7-0954-4889-a299-8aaf1b9d3454@group-52A54961B0D1: ConfigurationManager, init=-1: [c521a0c7-0954-4889-a299-8aaf1b9d3454:192.168.34.17:38284, 3b64e686-a5dd-4d89-9436-c5780787767f:192.168.34.17:36465, 11a0cb5c-8a56-4b06-b515-cdac7053eb33:192.168.34.17:40017], old=null, confs=<EMPTY_MAP>
2019-09-23 16:30:23,114 [pool-129-thread-1] INFO  server.RaftServerConfigKeys (ConfUtils.java:logGet(43)) - raft.server.storage.dir = [/workdir/hadoop-ozone/integration-test/target/test-dir/MiniOzoneClusterImpl-2125af76-57d3-4163-b90f-d8f74e1b50d6/datanode-1/data/ratis] (custom)
2019-09-23 16:30:23,114 [pool-119-thread-1] INFO  server.RaftServerConfigKeys (ConfUtils.java:logGet(43)) - raft.server.log.appender.install.snapshot.enabled = false (custom)
2019-09-23 16:30:23,115 [pool-139-thread-1] INFO  server.RaftServerConfigKeys (ConfUtils.java:logGet(43)) - raft.server.storage.dir = [/workdir/hadoop-ozone/integration-test/target/test-dir/MiniOzoneClusterImpl-2125af76-57d3-4163-b90f-d8f74e1b50d6/datanode-2/data/ratis] (custom)
2019-09-23 16:30:23,115 [pool-129-thread-1] INFO  storage.RaftStorageDirectory (RaftStorageDirectory.java:analyzeStorage(246)) - The storage directory /workdir/hadoop-ozone/integration-test/target/test-dir/MiniOzoneClusterImpl-2125af76-57d3-4163-b90f-d8f74e1b50d6/datanode-1/data/ratis/7e227b05-0026-48b4-911a-52a54961b0d1 does not exist. Creating ...
2019-09-23 16:30:23,115 [pool-119-thread-1] INFO  impl.RaftServerImpl (ServerState.java:<init>(103)) - 11a0cb5c-8a56-4b06-b515-cdac7053eb33@group-52A54961B0D1: ConfigurationManager, init=-1: [c521a0c7-0954-4889-a299-8aaf1b9d3454:192.168.34.17:38284, 3b64e686-a5dd-4d89-9436-c5780787767f:192.168.34.17:36465, 11a0cb5c-8a56-4b06-b515-cdac7053eb33:192.168.34.17:40017], old=null, confs=<EMPTY_MAP>
2019-09-23 16:30:23,115 [pool-119-thread-1] INFO  server.RaftServerConfigKeys (ConfUtils.java:logGet(43)) - raft.server.storage.dir = [/workdir/hadoop-ozone/integration-test/target/test-dir/MiniOzoneClusterImpl-2125af76-57d3-4163-b90f-d8f74e1b50d6/datanode-0/data/ratis] (custom)
2019-09-23 16:30:23,115 [pool-139-thread-1] INFO  storage.RaftStorageDirectory (RaftStorageDirectory.java:analyzeStorage(246)) - The storage directory /workdir/hadoop-ozone/integration-test/target/test-dir/MiniOzoneClusterImpl-2125af76-57d3-4163-b90f-d8f74e1b50d6/datanode-2/data/ratis/7e227b05-0026-48b4-911a-52a54961b0d1 does not exist. Creating ...
2019-09-23 16:30:23,115 [pool-119-thread-1] INFO  storage.RaftStorageDirectory (RaftStorageDirectory.java:analyzeStorage(246)) - The storage directory /workdir/hadoop-ozone/integration-test/target/test-dir/MiniOzoneClusterImpl-2125af76-57d3-4163-b90f-d8f74e1b50d6/datanode-0/data/ratis/7e227b05-0026-48b4-911a-52a54961b0d1 does not exist. Creating ...
2019-09-23 16:30:23,129 [pool-119-thread-1] INFO  storage.RaftStorageDirectory (RaftStorageDirectory.java:tryLock(328)) - Lock on /workdir/hadoop-ozone/integration-test/target/test-dir/MiniOzoneClusterImpl-2125af76-57d3-4163-b90f-d8f74e1b50d6/datanode-0/data/ratis/7e227b05-0026-48b4-911a-52a54961b0d1/in_use.lock acquired by nodename 23143@pr-hdds-2166-7skhj-3476174427
2019-09-23 16:30:23,129 [pool-129-thread-1] INFO  storage.RaftStorageDirectory (RaftStorageDirectory.java:tryLock(328)) - Lock on /workdir/hadoop-ozone/integration-test/target/test-dir/MiniOzoneClusterImpl-2125af76-57d3-4163-b90f-d8f74e1b50d6/datanode-1/data/ratis/7e227b05-0026-48b4-911a-52a54961b0d1/in_use.lock acquired by nodename 23143@pr-hdds-2166-7skhj-3476174427
2019-09-23 16:30:23,129 [pool-139-thread-1] INFO  storage.RaftStorageDirectory (RaftStorageDirectory.java:tryLock(328)) - Lock on /workdir/hadoop-ozone/integration-test/target/test-dir/MiniOzoneClusterImpl-2125af76-57d3-4163-b90f-d8f74e1b50d6/datanode-2/data/ratis/7e227b05-0026-48b4-911a-52a54961b0d1/in_use.lock acquired by nodename 23143@pr-hdds-2166-7skhj-3476174427
2019-09-23 16:30:23,157 [pool-119-thread-1] INFO  storage.RaftStorage (RaftStorage.java:format(72)) - Storage directory /workdir/hadoop-ozone/integration-test/target/test-dir/MiniOzoneClusterImpl-2125af76-57d3-4163-b90f-d8f74e1b50d6/datanode-0/data/ratis/7e227b05-0026-48b4-911a-52a54961b0d1 has been successfully formatted.
2019-09-23 16:30:23,157 [pool-129-thread-1] INFO  storage.RaftStorage (RaftStorage.java:format(72)) - Storage directory /workdir/hadoop-ozone/integration-test/target/test-dir/MiniOzoneClusterImpl-2125af76-57d3-4163-b90f-d8f74e1b50d6/datanode-1/data/ratis/7e227b05-0026-48b4-911a-52a54961b0d1 has been successfully formatted.
2019-09-23 16:30:23,157 [pool-139-thread-1] INFO  storage.RaftStorage (RaftStorage.java:format(72)) - Storage directory /workdir/hadoop-ozone/integration-test/target/test-dir/MiniOzoneClusterImpl-2125af76-57d3-4163-b90f-d8f74e1b50d6/datanode-2/data/ratis/7e227b05-0026-48b4-911a-52a54961b0d1 has been successfully formatted.
2019-09-23 16:30:23,157 [pool-119-thread-1] INFO  ratis.ContainerStateMachine (ContainerStateMachine.java:loadSnapshot(230)) - group-52A54961B0D1: The snapshot info is null. Setting the last applied indexto:(t:0, i:~)
2019-09-23 16:30:23,158 [pool-139-thread-1] INFO  ratis.ContainerStateMachine (ContainerStateMachine.java:loadSnapshot(230)) - group-52A54961B0D1: The snapshot info is null. Setting the last applied indexto:(t:0, i:~)
2019-09-23 16:30:23,158 [pool-129-thread-1] INFO  ratis.ContainerStateMachine (ContainerStateMachine.java:loadSnapshot(230)) - group-52A54961B0D1: The snapshot info is null. Setting the last applied indexto:(t:0, i:~)
2019-09-23 16:30:23,158 [pool-139-thread-1] INFO  server.RaftServerConfigKeys (ConfUtils.java:logGet(43)) - raft.server.notification.no-leader.timeout = 120s (custom)
2019-09-23 16:30:23,158 [pool-119-thread-1] INFO  server.RaftServerConfigKeys (ConfUtils.java:logGet(43)) - raft.server.notification.no-leader.timeout = 120s (custom)
2019-09-23 16:30:23,158 [pool-139-thread-1] INFO  server.RaftServerConfigKeys (ConfUtils.java:logGet(43)) - raft.server.log.use.memory = false (default)
2019-09-23 16:30:23,158 [pool-129-thread-1] INFO  server.RaftServerConfigKeys (ConfUtils.java:logGet(43)) - raft.server.notification.no-leader.timeout = 120s (custom)
2019-09-23 16:30:23,158 [pool-139-thread-1] INFO  server.RaftServerConfigKeys (ConfUtils.java:logGet(43)) - raft.server.log.purge.gap = 1000000 (custom)
2019-09-23 16:30:23,158 [pool-119-thread-1] INFO  server.RaftServerConfigKeys (ConfUtils.java:logGet(43)) - raft.server.log.use.memory = false (default)
2019-09-23 16:30:23,159 [pool-139-thread-1] INFO  server.RaftServerConfigKeys (ConfUtils.java:logGet(43)) - raft.server.log.appender.buffer.byte-limit = 33554432 (custom)
2019-09-23 16:30:23,159 [pool-119-thread-1] INFO  server.RaftServerConfigKeys (ConfUtils.java:logGet(43)) - raft.server.log.purge.gap = 1000000 (custom)
2019-09-23 16:30:23,159 [pool-129-thread-1] INFO  server.RaftServerConfigKeys (ConfUtils.java:logGet(43)) - raft.server.log.use.memory = false (default)
2019-09-23 16:30:23,159 [pool-119-thread-1] INFO  server.RaftServerConfigKeys (ConfUtils.java:logGet(43)) - raft.server.log.appender.buffer.byte-limit = 33554432 (custom)
2019-09-23 16:30:23,159 [pool-139-thread-1] INFO  server.RaftServerConfigKeys (ConfUtils.java:logGet(43)) - raft.server.log.segment.size.max = 1048576 (custom)
2019-09-23 16:30:23,159 [pool-119-thread-1] INFO  server.RaftServerConfigKeys (ConfUtils.java:logGet(43)) - raft.server.log.segment.size.max = 1048576 (custom)
2019-09-23 16:30:23,159 [pool-129-thread-1] INFO  server.RaftServerConfigKeys (ConfUtils.java:logGet(43)) - raft.server.log.purge.gap = 1000000 (custom)
2019-09-23 16:30:23,160 [pool-119-thread-1] INFO  server.RaftServerConfigKeys (ConfUtils.java:logGet(43)) - raft.server.log.segment.cache.num.max = 2 (custom)
2019-09-23 16:30:23,159 [pool-139-thread-1] INFO  server.RaftServerConfigKeys (ConfUtils.java:logGet(43)) - raft.server.log.segment.cache.num.max = 2 (custom)
2019-09-23 16:30:23,160 [pool-119-thread-1] INFO  segmented.SegmentedRaftLogWorker (SegmentedRaftLogWorker.java:<init>(172)) - new 11a0cb5c-8a56-4b06-b515-cdac7053eb33@group-52A54961B0D1-SegmentedRaftLogWorker for RaftStorage:Storage Directory /workdir/hadoop-ozone/integration-test/target/test-dir/MiniOzoneClusterImpl-2125af76-57d3-4163-b90f-d8f74e1b50d6/datanode-0/data/ratis/7e227b05-0026-48b4-911a-52a54961b0d1
2019-09-23 16:30:23,160 [pool-129-thread-1] INFO  server.RaftServerConfigKeys (ConfUtils.java:logGet(43)) - raft.server.log.appender.buffer.byte-limit = 33554432 (custom)
2019-09-23 16:30:23,160 [pool-119-thread-1] INFO  server.RaftServerConfigKeys (ConfUtils.java:logGet(43)) - raft.server.log.queue.byte-limit = 2147483647 (custom)
2019-09-23 16:30:23,160 [pool-139-thread-1] INFO  segmented.SegmentedRaftLogWorker (SegmentedRaftLogWorker.java:<init>(172)) - new c521a0c7-0954-4889-a299-8aaf1b9d3454@group-52A54961B0D1-SegmentedRaftLogWorker for RaftStorage:Storage Directory /workdir/hadoop-ozone/integration-test/target/test-dir/MiniOzoneClusterImpl-2125af76-57d3-4163-b90f-d8f74e1b50d6/datanode-2/data/ratis/7e227b05-0026-48b4-911a-52a54961b0d1
2019-09-23 16:30:23,160 [pool-119-thread-1] INFO  server.RaftServerConfigKeys (ConfUtils.java:logGet(43)) - raft.server.log.queue.element-limit = 1024 (custom)
2019-09-23 16:30:23,160 [pool-129-thread-1] INFO  server.RaftServerConfigKeys (ConfUtils.java:logGet(43)) - raft.server.log.segment.size.max = 1048576 (custom)
2019-09-23 16:30:23,161 [pool-119-thread-1] INFO  server.RaftServerConfigKeys (ConfUtils.java:logGet(43)) - raft.server.log.segment.size.max = 1048576 (custom)
2019-09-23 16:30:23,161 [pool-139-thread-1] INFO  server.RaftServerConfigKeys (ConfUtils.java:logGet(43)) - raft.server.log.queue.byte-limit = 2147483647 (custom)
2019-09-23 16:30:23,161 [pool-119-thread-1] INFO  server.RaftServerConfigKeys (ConfUtils.java:logGet(43)) - raft.server.log.preallocated.size = 16384 (custom)
2019-09-23 16:30:23,161 [pool-129-thread-1] INFO  server.RaftServerConfigKeys (ConfUtils.java:logGet(43)) - raft.server.log.segment.cache.num.max = 2 (custom)
2019-09-23 16:30:23,161 [pool-119-thread-1] INFO  server.RaftServerConfigKeys (ConfUtils.java:logGet(43)) - raft.server.log.write.buffer.size = 33554432 (custom)
2019-09-23 16:30:23,161 [pool-139-thread-1] INFO  server.RaftServerConfigKeys (ConfUtils.java:logGet(43)) - raft.server.log.queue.element-limit = 1024 (custom)
2019-09-23 16:30:23,161 [pool-119-thread-1] INFO  server.RaftServerConfigKeys (ConfUtils.java:logGet(43)) - raft.server.log.force.sync.num = 128 (default)
2019-09-23 16:30:23,161 [pool-129-thread-1] INFO  segmented.SegmentedRaftLogWorker (SegmentedRaftLogWorker.java:<init>(172)) - new 3b64e686-a5dd-4d89-9436-c5780787767f@group-52A54961B0D1-SegmentedRaftLogWorker for RaftStorage:Storage Directory /workdir/hadoop-ozone/integration-test/target/test-dir/MiniOzoneClusterImpl-2125af76-57d3-4163-b90f-d8f74e1b50d6/datanode-1/data/ratis/7e227b05-0026-48b4-911a-52a54961b0d1
2019-09-23 16:30:23,162 [pool-119-thread-1] INFO  server.RaftServerConfigKeys (ConfUtils.java:logGet(43)) - raft.server.log.statemachine.data.sync = true (default)
2019-09-23 16:30:23,162 [pool-139-thread-1] INFO  server.RaftServerConfigKeys (ConfUtils.java:logGet(43)) - raft.server.log.segment.size.max = 1048576 (custom)
2019-09-23 16:30:23,162 [pool-119-thread-1] INFO  server.RaftServerConfigKeys (ConfUtils.java:logGet(43)) - raft.server.log.statemachine.data.sync.timeout = 10s (default)
2019-09-23 16:30:23,162 [pool-129-thread-1] INFO  server.RaftServerConfigKeys (ConfUtils.java:logGet(43)) - raft.server.log.queue.byte-limit = 2147483647 (custom)
2019-09-23 16:30:23,162 [pool-119-thread-1] INFO  server.RaftServerConfigKeys (ConfUtils.java:logGet(43)) - raft.server.log.statemachine.data.sync.timeout.retry = -1 (default)
2019-09-23 16:30:23,162 [pool-139-thread-1] INFO  server.RaftServerConfigKeys (ConfUtils.java:logGet(43)) - raft.server.log.preallocated.size = 16384 (custom)
2019-09-23 16:30:23,162 [pool-129-thread-1] INFO  server.RaftServerConfigKeys (ConfUtils.java:logGet(43)) - raft.server.log.queue.element-limit = 1024 (custom)
2019-09-23 16:30:23,163 [pool-119-thread-1] INFO  server.RaftServerConfigKeys (ConfUtils.java:logGet(43)) - raft.server.log.statemachine.data.caching.enabled = true (custom)
2019-09-23 16:30:23,163 [pool-139-thread-1] INFO  server.RaftServerConfigKeys (ConfUtils.java:logGet(43)) - raft.server.log.write.buffer.size = 33554432 (custom)
2019-09-23 16:30:23,163 [pool-129-thread-1] INFO  server.RaftServerConfigKeys (ConfUtils.java:logGet(43)) - raft.server.log.segment.size.max = 1048576 (custom)
2019-09-23 16:30:23,163 [pool-139-thread-1] INFO  server.RaftServerConfigKeys (ConfUtils.java:logGet(43)) - raft.server.log.force.sync.num = 128 (default)
2019-09-23 16:30:23,163 [pool-119-thread-1] INFO  segmented.SegmentedRaftLogWorker (SegmentedRaftLogWorker.java:lambda$new$0(132)) - 11a0cb5c-8a56-4b06-b515-cdac7053eb33@group-52A54961B0D1-SegmentedRaftLogWorker: flushIndex: setUnconditionally 0 -> -1
2019-09-23 16:30:23,163 [pool-129-thread-1] INFO  server.RaftServerConfigKeys (ConfUtils.java:logGet(43)) - raft.server.log.preallocated.size = 16384 (custom)
2019-09-23 16:30:23,163 [pool-139-thread-1] INFO  server.RaftServerConfigKeys (ConfUtils.java:logGet(43)) - raft.server.log.statemachine.data.sync = true (default)
2019-09-23 16:30:23,164 [pool-119-thread-1] INFO  server.RaftServerConfigKeys (ConfUtils.java:logGet(43)) - raft.server.snapshot.auto.trigger.enabled = true (custom)
2019-09-23 16:30:23,164 [pool-129-thread-1] INFO  server.RaftServerConfigKeys (ConfUtils.java:logGet(43)) - raft.server.log.write.buffer.size = 33554432 (custom)
2019-09-23 16:30:23,164 [pool-119-thread-1] INFO  server.RaftServerConfigKeys (ConfUtils.java:logGet(43)) - raft.server.snapshot.auto.trigger.threshold = 10000 (custom)
2019-09-23 16:30:23,164 [pool-139-thread-1] INFO  server.RaftServerConfigKeys (ConfUtils.java:logGet(43)) - raft.server.log.statemachine.data.sync.timeout = 10s (default)
2019-09-23 16:30:23,164 [pool-119-thread-1] INFO  server.RaftServerConfigKeys (ConfUtils.java:logGet(43)) - raft.server.snapshot.retention.num.files = 5 (custom)
2019-09-23 16:30:23,164 [pool-129-thread-1] INFO  server.RaftServerConfigKeys (ConfUtils.java:logGet(43)) - raft.server.log.force.sync.num = 128 (default)
2019-09-23 16:30:23,164 [pool-119-thread-1] INFO  server.RaftServerConfigKeys (ConfUtils.java:logGet(43)) - raft.server.retrycache.expirytime = 600000ms (custom)
2019-09-23 16:30:23,164 [pool-139-thread-1] INFO  server.RaftServerConfigKeys (ConfUtils.java:logGet(43)) - raft.server.log.statemachine.data.sync.timeout.retry = -1 (default)
2019-09-23 16:30:23,164 [pool-129-thread-1] INFO  server.RaftServerConfigKeys (ConfUtils.java:logGet(43)) - raft.server.log.statemachine.data.sync = true (default)
2019-09-23 16:30:23,165 [pool-139-thread-1] INFO  server.RaftServerConfigKeys (ConfUtils.java:logGet(43)) - raft.server.log.statemachine.data.caching.enabled = true (custom)
2019-09-23 16:30:23,165 [pool-129-thread-1] INFO  server.RaftServerConfigKeys (ConfUtils.java:logGet(43)) - raft.server.log.statemachine.data.sync.timeout = 10s (default)
2019-09-23 16:30:23,165 [pool-139-thread-1] INFO  segmented.SegmentedRaftLogWorker (SegmentedRaftLogWorker.java:lambda$new$0(132)) - c521a0c7-0954-4889-a299-8aaf1b9d3454@group-52A54961B0D1-SegmentedRaftLogWorker: flushIndex: setUnconditionally 0 -> -1
2019-09-23 16:30:23,165 [pool-129-thread-1] INFO  server.RaftServerConfigKeys (ConfUtils.java:logGet(43)) - raft.server.log.statemachine.data.sync.timeout.retry = -1 (default)
2019-09-23 16:30:23,165 [pool-139-thread-1] INFO  server.RaftServerConfigKeys (ConfUtils.java:logGet(43)) - raft.server.snapshot.auto.trigger.enabled = true (custom)
2019-09-23 16:30:23,166 [pool-139-thread-1] INFO  server.RaftServerConfigKeys (ConfUtils.java:logGet(43)) - raft.server.snapshot.auto.trigger.threshold = 10000 (custom)
2019-09-23 16:30:23,166 [pool-129-thread-1] INFO  server.RaftServerConfigKeys (ConfUtils.java:logGet(43)) - raft.server.log.statemachine.data.caching.enabled = true (custom)
2019-09-23 16:30:23,166 [pool-139-thread-1] INFO  server.RaftServerConfigKeys (ConfUtils.java:logGet(43)) - raft.server.snapshot.retention.num.files = 5 (custom)
2019-09-23 16:30:23,166 [pool-129-thread-1] INFO  segmented.SegmentedRaftLogWorker (SegmentedRaftLogWorker.java:lambda$new$0(132)) - 3b64e686-a5dd-4d89-9436-c5780787767f@group-52A54961B0D1-SegmentedRaftLogWorker: flushIndex: setUnconditionally 0 -> -1
2019-09-23 16:30:23,166 [pool-139-thread-1] INFO  server.RaftServerConfigKeys (ConfUtils.java:logGet(43)) - raft.server.retrycache.expirytime = 600000ms (custom)
2019-09-23 16:30:23,166 [pool-129-thread-1] INFO  server.RaftServerConfigKeys (ConfUtils.java:logGet(43)) - raft.server.snapshot.auto.trigger.enabled = true (custom)
2019-09-23 16:30:23,166 [pool-129-thread-1] INFO  server.RaftServerConfigKeys (ConfUtils.java:logGet(43)) - raft.server.snapshot.auto.trigger.threshold = 10000 (custom)
2019-09-23 16:30:23,166 [pool-129-thread-1] INFO  server.RaftServerConfigKeys (ConfUtils.java:logGet(43)) - raft.server.snapshot.retention.num.files = 5 (custom)
2019-09-23 16:30:23,167 [pool-129-thread-1] INFO  server.RaftServerConfigKeys (ConfUtils.java:logGet(43)) - raft.server.retrycache.expirytime = 600000ms (custom)
2019-09-23 16:30:23,169 [pool-119-thread-1] INFO  impl.RaftServerImpl (RaftServerImpl.java:start(185)) - 11a0cb5c-8a56-4b06-b515-cdac7053eb33@group-52A54961B0D1: start as a follower, conf=-1: [c521a0c7-0954-4889-a299-8aaf1b9d3454:192.168.34.17:38284, 3b64e686-a5dd-4d89-9436-c5780787767f:192.168.34.17:36465, 11a0cb5c-8a56-4b06-b515-cdac7053eb33:192.168.34.17:40017], old=null
2019-09-23 16:30:23,169 [pool-119-thread-1] INFO  impl.RaftServerImpl (RaftServerImpl.java:setRole(174)) - 11a0cb5c-8a56-4b06-b515-cdac7053eb33@group-52A54961B0D1: changes role from      null to FOLLOWER at term 0 for startAsFollower
2019-09-23 16:30:23,169 [pool-119-thread-1] INFO  impl.RoleInfo (RoleInfo.java:updateAndGet(143)) - 11a0cb5c-8a56-4b06-b515-cdac7053eb33: start FollowerState
2019-09-23 16:30:23,170 [pool-139-thread-1] INFO  impl.RaftServerImpl (RaftServerImpl.java:start(185)) - c521a0c7-0954-4889-a299-8aaf1b9d3454@group-52A54961B0D1: start as a follower, conf=-1: [c521a0c7-0954-4889-a299-8aaf1b9d3454:192.168.34.17:38284, 3b64e686-a5dd-4d89-9436-c5780787767f:192.168.34.17:36465, 11a0cb5c-8a56-4b06-b515-cdac7053eb33:192.168.34.17:40017], old=null
2019-09-23 16:30:23,170 [pool-119-thread-1] INFO  util.JmxRegister (JmxRegister.java:tryRegister(44)) - Successfully registered JMX Bean with object name Ratis:service=RaftServer,group=group-52A54961B0D1,id=11a0cb5c-8a56-4b06-b515-cdac7053eb33
2019-09-23 16:30:23,170 [pool-129-thread-1] INFO  impl.RaftServerImpl (RaftServerImpl.java:start(185)) - 3b64e686-a5dd-4d89-9436-c5780787767f@group-52A54961B0D1: start as a follower, conf=-1: [c521a0c7-0954-4889-a299-8aaf1b9d3454:192.168.34.17:38284, 3b64e686-a5dd-4d89-9436-c5780787767f:192.168.34.17:36465, 11a0cb5c-8a56-4b06-b515-cdac7053eb33:192.168.34.17:40017], old=null
2019-09-23 16:30:23,170 [pool-139-thread-1] INFO  impl.RaftServerImpl (RaftServerImpl.java:setRole(174)) - c521a0c7-0954-4889-a299-8aaf1b9d3454@group-52A54961B0D1: changes role from      null to FOLLOWER at term 0 for startAsFollower
2019-09-23 16:30:23,170 [pool-129-thread-1] INFO  impl.RaftServerImpl (RaftServerImpl.java:setRole(174)) - 3b64e686-a5dd-4d89-9436-c5780787767f@group-52A54961B0D1: changes role from      null to FOLLOWER at term 0 for startAsFollower
2019-09-23 16:30:23,170 [pool-139-thread-1] INFO  impl.RoleInfo (RoleInfo.java:updateAndGet(143)) - c521a0c7-0954-4889-a299-8aaf1b9d3454: start FollowerState
2019-09-23 16:30:23,170 [pool-129-thread-1] INFO  impl.RoleInfo (RoleInfo.java:updateAndGet(143)) - 3b64e686-a5dd-4d89-9436-c5780787767f: start FollowerState
2019-09-23 16:30:23,170 [pool-139-thread-1] INFO  util.JmxRegister (JmxRegister.java:tryRegister(44)) - Successfully registered JMX Bean with object name Ratis:service=RaftServer,group=group-52A54961B0D1,id=c521a0c7-0954-4889-a299-8aaf1b9d3454
2019-09-23 16:30:23,171 [pool-129-thread-1] INFO  util.JmxRegister (JmxRegister.java:tryRegister(44)) - Successfully registered JMX Bean with object name Ratis:service=RaftServer,group=group-52A54961B0D1,id=3b64e686-a5dd-4d89-9436-c5780787767f
2019-09-23 16:30:23,176 [RatisPipelineUtilsThread] INFO  pipeline.PipelineStateManager (PipelineStateManager.java:addPipeline(56)) - Created pipeline Pipeline[ Id: 7e227b05-0026-48b4-911a-52a54961b0d1, Nodes: 3b64e686-a5dd-4d89-9436-c5780787767f{ip: 192.168.34.17, host: pr-hdds-2166-7skhj-3476174427, networkLocation: /default-rack, certSerialId: null}c521a0c7-0954-4889-a299-8aaf1b9d3454{ip: 192.168.34.17, host: pr-hdds-2166-7skhj-3476174427, networkLocation: /default-rack, certSerialId: null}11a0cb5c-8a56-4b06-b515-cdac7053eb33{ip: 192.168.34.17, host: pr-hdds-2166-7skhj-3476174427, networkLocation: /default-rack, certSerialId: null}, Type:RATIS, Factor:THREE, State:OPEN]
2019-09-23 16:30:23,188 [grpc-default-executor-5] INFO  impl.RaftServerProxy (RaftServerProxy.java:addNew(89)) - 4c593327-0bf9-46b1-956b-3e746ac2d8f2: addNew group-B288D53BE695:[a5442e60-b445-451d-bf7e-b5b4139f0c5f:192.168.34.17:42853, 4c593327-0bf9-46b1-956b-3e746ac2d8f2:192.168.34.17:34116, e159ba87-a890-41be-ac9a-dd3e406e242d:192.168.34.17:34068] returns group-B288D53BE695:java.util.concurrent.CompletableFuture@245c17d0[Not completed]
2019-09-23 16:30:23,188 [grpc-default-executor-4] INFO  impl.RaftServerProxy (RaftServerProxy.java:addNew(89)) - a5442e60-b445-451d-bf7e-b5b4139f0c5f: addNew group-B288D53BE695:[a5442e60-b445-451d-bf7e-b5b4139f0c5f:192.168.34.17:42853, 4c593327-0bf9-46b1-956b-3e746ac2d8f2:192.168.34.17:34116, e159ba87-a890-41be-ac9a-dd3e406e242d:192.168.34.17:34068] returns group-B288D53BE695:java.util.concurrent.CompletableFuture@1fb98f3a[Not completed]
2019-09-23 16:30:23,188 [grpc-default-executor-2] INFO  impl.RaftServerProxy (RaftServerProxy.java:addNew(89)) - e159ba87-a890-41be-ac9a-dd3e406e242d: addNew group-B288D53BE695:[a5442e60-b445-451d-bf7e-b5b4139f0c5f:192.168.34.17:42853, 4c593327-0bf9-46b1-956b-3e746ac2d8f2:192.168.34.17:34116, e159ba87-a890-41be-ac9a-dd3e406e242d:192.168.34.17:34068] returns group-B288D53BE695:java.util.concurrent.CompletableFuture@10705f6e[Not completed]
2019-09-23 16:30:23,192 [pool-169-thread-1] INFO  impl.RaftServerImpl (RaftServerImpl.java:<init>(95)) - 4c593327-0bf9-46b1-956b-3e746ac2d8f2: new RaftServerImpl for group-B288D53BE695:[a5442e60-b445-451d-bf7e-b5b4139f0c5f:192.168.34.17:42853, 4c593327-0bf9-46b1-956b-3e746ac2d8f2:192.168.34.17:34116, e159ba87-a890-41be-ac9a-dd3e406e242d:192.168.34.17:34068] with ContainerStateMachine:uninitialized
2019-09-23 16:30:23,193 [pool-169-thread-1] INFO  server.RaftServerConfigKeys (ConfUtils.java:logGet(43)) - raft.server.rpc.timeout.min = 5s (custom)
2019-09-23 16:30:23,193 [pool-169-thread-1] INFO  server.RaftServerConfigKeys (ConfUtils.java:logGet(43)) - raft.server.rpc.timeout.max = 5200ms (custom)
2019-09-23 16:30:23,193 [pool-169-thread-1] INFO  server.RaftServerConfigKeys (ConfUtils.java:logGet(43)) - raft.server.rpcslowness.timeout = 120s (custom)
2019-09-23 16:30:23,193 [pool-169-thread-1] INFO  server.RaftServerConfigKeys (ConfUtils.java:logGet(43)) - raft.server.sleep.deviation.threshold = 300 (default)
2019-09-23 16:30:23,193 [pool-169-thread-1] INFO  server.RaftServerConfigKeys (ConfUtils.java:logGet(43)) - raft.server.log.appender.install.snapshot.enabled = false (custom)
2019-09-23 16:30:23,194 [pool-169-thread-1] INFO  impl.RaftServerImpl (ServerState.java:<init>(103)) - 4c593327-0bf9-46b1-956b-3e746ac2d8f2@group-B288D53BE695: ConfigurationManager, init=-1: [a5442e60-b445-451d-bf7e-b5b4139f0c5f:192.168.34.17:42853, 4c593327-0bf9-46b1-956b-3e746ac2d8f2:192.168.34.17:34116, e159ba87-a890-41be-ac9a-dd3e406e242d:192.168.34.17:34068], old=null, confs=<EMPTY_MAP>
2019-09-23 16:30:23,194 [pool-169-thread-1] INFO  server.RaftServerConfigKeys (ConfUtils.java:logGet(43)) - raft.server.storage.dir = [/workdir/hadoop-ozone/integration-test/target/test-dir/MiniOzoneClusterImpl-2125af76-57d3-4163-b90f-d8f74e1b50d6/datanode-5/data/ratis] (custom)
2019-09-23 16:30:23,194 [pool-149-thread-1] INFO  impl.RaftServerImpl (RaftServerImpl.java:<init>(95)) - e159ba87-a890-41be-ac9a-dd3e406e242d: new RaftServerImpl for group-B288D53BE695:[a5442e60-b445-451d-bf7e-b5b4139f0c5f:192.168.34.17:42853, 4c593327-0bf9-46b1-956b-3e746ac2d8f2:192.168.34.17:34116, e159ba87-a890-41be-ac9a-dd3e406e242d:192.168.34.17:34068] with ContainerStateMachine:uninitialized
2019-09-23 16:30:23,194 [pool-149-thread-1] INFO  server.RaftServerConfigKeys (ConfUtils.java:logGet(43)) - raft.server.rpc.timeout.min = 5s (custom)
2019-09-23 16:30:23,194 [pool-169-thread-1] INFO  storage.RaftStorageDirectory (RaftStorageDirectory.java:analyzeStorage(246)) - The storage directory /workdir/hadoop-ozone/integration-test/target/test-dir/MiniOzoneClusterImpl-2125af76-57d3-4163-b90f-d8f74e1b50d6/datanode-5/data/ratis/75ff431f-f267-4cff-b5bc-b288d53be695 does not exist. Creating ...
2019-09-23 16:30:23,194 [pool-179-thread-1] INFO  impl.RaftServerImpl (RaftServerImpl.java:<init>(95)) - a5442e60-b445-451d-bf7e-b5b4139f0c5f: new RaftServerImpl for group-B288D53BE695:[a5442e60-b445-451d-bf7e-b5b4139f0c5f:192.168.34.17:42853, 4c593327-0bf9-46b1-956b-3e746ac2d8f2:192.168.34.17:34116, e159ba87-a890-41be-ac9a-dd3e406e242d:192.168.34.17:34068] with ContainerStateMachine:uninitialized
2019-09-23 16:30:23,194 [pool-149-thread-1] INFO  server.RaftServerConfigKeys (ConfUtils.java:logGet(43)) - raft.server.rpc.timeout.max = 5200ms (custom)
2019-09-23 16:30:23,195 [pool-179-thread-1] INFO  server.RaftServerConfigKeys (ConfUtils.java:logGet(43)) - raft.server.rpc.timeout.min = 5s (custom)
2019-09-23 16:30:23,195 [pool-149-thread-1] INFO  server.RaftServerConfigKeys (ConfUtils.java:logGet(43)) - raft.server.rpcslowness.timeout = 120s (custom)
2019-09-23 16:30:23,195 [pool-179-thread-1] INFO  server.RaftServerConfigKeys (ConfUtils.java:logGet(43)) - raft.server.rpc.timeout.max = 5200ms (custom)
2019-09-23 16:30:23,195 [pool-149-thread-1] INFO  server.RaftServerConfigKeys (ConfUtils.java:logGet(43)) - raft.server.sleep.deviation.threshold = 300 (default)
2019-09-23 16:30:23,195 [pool-179-thread-1] INFO  server.RaftServerConfigKeys (ConfUtils.java:logGet(43)) - raft.server.rpcslowness.timeout = 120s (custom)
2019-09-23 16:30:23,195 [pool-149-thread-1] INFO  server.RaftServerConfigKeys (ConfUtils.java:logGet(43)) - raft.server.log.appender.install.snapshot.enabled = false (custom)
2019-09-23 16:30:23,195 [pool-179-thread-1] INFO  server.RaftServerConfigKeys (ConfUtils.java:logGet(43)) - raft.server.sleep.deviation.threshold = 300 (default)
2019-09-23 16:30:23,195 [pool-149-thread-1] INFO  impl.RaftServerImpl (ServerState.java:<init>(103)) - e159ba87-a890-41be-ac9a-dd3e406e242d@group-B288D53BE695: ConfigurationManager, init=-1: [a5442e60-b445-451d-bf7e-b5b4139f0c5f:192.168.34.17:42853, 4c593327-0bf9-46b1-956b-3e746ac2d8f2:192.168.34.17:34116, e159ba87-a890-41be-ac9a-dd3e406e242d:192.168.34.17:34068], old=null, confs=<EMPTY_MAP>
2019-09-23 16:30:23,195 [pool-179-thread-1] INFO  server.RaftServerConfigKeys (ConfUtils.java:logGet(43)) - raft.server.log.appender.install.snapshot.enabled = false (custom)
2019-09-23 16:30:23,196 [pool-149-thread-1] INFO  server.RaftServerConfigKeys (ConfUtils.java:logGet(43)) - raft.server.storage.dir = [/workdir/hadoop-ozone/integration-test/target/test-dir/MiniOzoneClusterImpl-2125af76-57d3-4163-b90f-d8f74e1b50d6/datanode-3/data/ratis] (custom)
2019-09-23 16:30:23,196 [pool-179-thread-1] INFO  impl.RaftServerImpl (ServerState.java:<init>(103)) - a5442e60-b445-451d-bf7e-b5b4139f0c5f@group-B288D53BE695: ConfigurationManager, init=-1: [a5442e60-b445-451d-bf7e-b5b4139f0c5f:192.168.34.17:42853, 4c593327-0bf9-46b1-956b-3e746ac2d8f2:192.168.34.17:34116, e159ba87-a890-41be-ac9a-dd3e406e242d:192.168.34.17:34068], old=null, confs=<EMPTY_MAP>
2019-09-23 16:30:23,196 [pool-179-thread-1] INFO  server.RaftServerConfigKeys (ConfUtils.java:logGet(43)) - raft.server.storage.dir = [/workdir/hadoop-ozone/integration-test/target/test-dir/MiniOzoneClusterImpl-2125af76-57d3-4163-b90f-d8f74e1b50d6/datanode-6/data/ratis] (custom)
2019-09-23 16:30:23,196 [pool-149-thread-1] INFO  storage.RaftStorageDirectory (RaftStorageDirectory.java:analyzeStorage(246)) - The storage directory /workdir/hadoop-ozone/integration-test/target/test-dir/MiniOzoneClusterImpl-2125af76-57d3-4163-b90f-d8f74e1b50d6/datanode-3/data/ratis/75ff431f-f267-4cff-b5bc-b288d53be695 does not exist. Creating ...
2019-09-23 16:30:23,196 [pool-179-thread-1] INFO  storage.RaftStorageDirectory (RaftStorageDirectory.java:analyzeStorage(246)) - The storage directory /workdir/hadoop-ozone/integration-test/target/test-dir/MiniOzoneClusterImpl-2125af76-57d3-4163-b90f-d8f74e1b50d6/datanode-6/data/ratis/75ff431f-f267-4cff-b5bc-b288d53be695 does not exist. Creating ...
2019-09-23 16:30:23,199 [pool-179-thread-1] INFO  storage.RaftStorageDirectory (RaftStorageDirectory.java:tryLock(328)) - Lock on /workdir/hadoop-ozone/integration-test/target/test-dir/MiniOzoneClusterImpl-2125af76-57d3-4163-b90f-d8f74e1b50d6/datanode-6/data/ratis/75ff431f-f267-4cff-b5bc-b288d53be695/in_use.lock acquired by nodename 23143@pr-hdds-2166-7skhj-3476174427
2019-09-23 16:30:23,199 [pool-169-thread-1] INFO  storage.RaftStorageDirectory (RaftStorageDirectory.java:tryLock(328)) - Lock on /workdir/hadoop-ozone/integration-test/target/test-dir/MiniOzoneClusterImpl-2125af76-57d3-4163-b90f-d8f74e1b50d6/datanode-5/data/ratis/75ff431f-f267-4cff-b5bc-b288d53be695/in_use.lock acquired by nodename 23143@pr-hdds-2166-7skhj-3476174427
2019-09-23 16:30:23,199 [pool-149-thread-1] INFO  storage.RaftStorageDirectory (RaftStorageDirectory.java:tryLock(328)) - Lock on /workdir/hadoop-ozone/integration-test/target/test-dir/MiniOzoneClusterImpl-2125af76-57d3-4163-b90f-d8f74e1b50d6/datanode-3/data/ratis/75ff431f-f267-4cff-b5bc-b288d53be695/in_use.lock acquired by nodename 23143@pr-hdds-2166-7skhj-3476174427
2019-09-23 16:30:23,205 [pool-179-thread-1] INFO  storage.RaftStorage (RaftStorage.java:format(72)) - Storage directory /workdir/hadoop-ozone/integration-test/target/test-dir/MiniOzoneClusterImpl-2125af76-57d3-4163-b90f-d8f74e1b50d6/datanode-6/data/ratis/75ff431f-f267-4cff-b5bc-b288d53be695 has been successfully formatted.
2019-09-23 16:30:23,205 [pool-179-thread-1] INFO  ratis.ContainerStateMachine (ContainerStateMachine.java:loadSnapshot(230)) - group-B288D53BE695: The snapshot info is null. Setting the last applied indexto:(t:0, i:~)
2019-09-23 16:30:23,205 [pool-179-thread-1] INFO  server.RaftServerConfigKeys (ConfUtils.java:logGet(43)) - raft.server.notification.no-leader.timeout = 120s (custom)
2019-09-23 16:30:23,205 [pool-179-thread-1] INFO  server.RaftServerConfigKeys (ConfUtils.java:logGet(43)) - raft.server.log.use.memory = false (default)
2019-09-23 16:30:23,205 [pool-179-thread-1] INFO  server.RaftServerConfigKeys (ConfUtils.java:logGet(43)) - raft.server.log.purge.gap = 1000000 (custom)
2019-09-23 16:30:23,205 [pool-179-thread-1] INFO  server.RaftServerConfigKeys (ConfUtils.java:logGet(43)) - raft.server.log.appender.buffer.byte-limit = 33554432 (custom)
2019-09-23 16:30:23,205 [pool-179-thread-1] INFO  server.RaftServerConfigKeys (ConfUtils.java:logGet(43)) - raft.server.log.segment.size.max = 1048576 (custom)
2019-09-23 16:30:23,205 [pool-179-thread-1] INFO  server.RaftServerConfigKeys (ConfUtils.java:logGet(43)) - raft.server.log.segment.cache.num.max = 2 (custom)
2019-09-23 16:30:23,206 [pool-179-thread-1] INFO  segmented.SegmentedRaftLogWorker (SegmentedRaftLogWorker.java:<init>(172)) - new a5442e60-b445-451d-bf7e-b5b4139f0c5f@group-B288D53BE695-SegmentedRaftLogWorker for RaftStorage:Storage Directory /workdir/hadoop-ozone/integration-test/target/test-dir/MiniOzoneClusterImpl-2125af76-57d3-4163-b90f-d8f74e1b50d6/datanode-6/data/ratis/75ff431f-f267-4cff-b5bc-b288d53be695
2019-09-23 16:30:23,206 [pool-179-thread-1] INFO  server.RaftServerConfigKeys (ConfUtils.java:logGet(43)) - raft.server.log.queue.byte-limit = 2147483647 (custom)
2019-09-23 16:30:23,206 [pool-179-thread-1] INFO  server.RaftServerConfigKeys (ConfUtils.java:logGet(43)) - raft.server.log.queue.element-limit = 1024 (custom)
2019-09-23 16:30:23,206 [pool-149-thread-1] INFO  storage.RaftStorage (RaftStorage.java:format(72)) - Storage directory /workdir/hadoop-ozone/integration-test/target/test-dir/MiniOzoneClusterImpl-2125af76-57d3-4163-b90f-d8f74e1b50d6/datanode-3/data/ratis/75ff431f-f267-4cff-b5bc-b288d53be695 has been successfully formatted.
2019-09-23 16:30:23,206 [pool-169-thread-1] INFO  storage.RaftStorage (RaftStorage.java:format(72)) - Storage directory /workdir/hadoop-ozone/integration-test/target/test-dir/MiniOzoneClusterImpl-2125af76-57d3-4163-b90f-d8f74e1b50d6/datanode-5/data/ratis/75ff431f-f267-4cff-b5bc-b288d53be695 has been successfully formatted.
2019-09-23 16:30:23,206 [pool-179-thread-1] INFO  server.RaftServerConfigKeys (ConfUtils.java:logGet(43)) - raft.server.log.segment.size.max = 1048576 (custom)
2019-09-23 16:30:23,206 [pool-149-thread-1] INFO  ratis.ContainerStateMachine (ContainerStateMachine.java:loadSnapshot(230)) - group-B288D53BE695: The snapshot info is null. Setting the last applied indexto:(t:0, i:~)
2019-09-23 16:30:23,206 [pool-169-thread-1] INFO  ratis.ContainerStateMachine (ContainerStateMachine.java:loadSnapshot(230)) - group-B288D53BE695: The snapshot info is null. Setting the last applied indexto:(t:0, i:~)
2019-09-23 16:30:23,206 [pool-179-thread-1] INFO  server.RaftServerConfigKeys (ConfUtils.java:logGet(43)) - raft.server.log.preallocated.size = 16384 (custom)
2019-09-23 16:30:23,206 [pool-169-thread-1] INFO  server.RaftServerConfigKeys (ConfUtils.java:logGet(43)) - raft.server.notification.no-leader.timeout = 120s (custom)
2019-09-23 16:30:23,206 [pool-149-thread-1] INFO  server.RaftServerConfigKeys (ConfUtils.java:logGet(43)) - raft.server.notification.no-leader.timeout = 120s (custom)
2019-09-23 16:30:23,207 [pool-169-thread-1] INFO  server.RaftServerConfigKeys (ConfUtils.java:logGet(43)) - raft.server.log.use.memory = false (default)
2019-09-23 16:30:23,207 [pool-179-thread-1] INFO  server.RaftServerConfigKeys (ConfUtils.java:logGet(43)) - raft.server.log.write.buffer.size = 33554432 (custom)
2019-09-23 16:30:23,207 [pool-169-thread-1] INFO  server.RaftServerConfigKeys (ConfUtils.java:logGet(43)) - raft.server.log.purge.gap = 1000000 (custom)
2019-09-23 16:30:23,207 [pool-149-thread-1] INFO  server.RaftServerConfigKeys (ConfUtils.java:logGet(43)) - raft.server.log.use.memory = false (default)
2019-09-23 16:30:23,207 [pool-169-thread-1] INFO  server.RaftServerConfigKeys (ConfUtils.java:logGet(43)) - raft.server.log.appender.buffer.byte-limit = 33554432 (custom)
2019-09-23 16:30:23,207 [pool-179-thread-1] INFO  server.RaftServerConfigKeys (ConfUtils.java:logGet(43)) - raft.server.log.force.sync.num = 128 (default)
2019-09-23 16:30:23,207 [pool-169-thread-1] INFO  server.RaftServerConfigKeys (ConfUtils.java:logGet(43)) - raft.server.log.segment.size.max = 1048576 (custom)
2019-09-23 16:30:23,207 [pool-149-thread-1] INFO  server.RaftServerConfigKeys (ConfUtils.java:logGet(43)) - raft.server.log.purge.gap = 1000000 (custom)
2019-09-23 16:30:23,208 [pool-169-thread-1] INFO  server.RaftServerConfigKeys (ConfUtils.java:logGet(43)) - raft.server.log.segment.cache.num.max = 2 (custom)
2019-09-23 16:30:23,208 [pool-179-thread-1] INFO  server.RaftServerConfigKeys (ConfUtils.java:logGet(43)) - raft.server.log.statemachine.data.sync = true (default)
2019-09-23 16:30:23,208 [pool-169-thread-1] INFO  segmented.SegmentedRaftLogWorker (SegmentedRaftLogWorker.java:<init>(172)) - new 4c593327-0bf9-46b1-956b-3e746ac2d8f2@group-B288D53BE695-SegmentedRaftLogWorker for RaftStorage:Storage Directory /workdir/hadoop-ozone/integration-test/target/test-dir/MiniOzoneClusterImpl-2125af76-57d3-4163-b90f-d8f74e1b50d6/datanode-5/data/ratis/75ff431f-f267-4cff-b5bc-b288d53be695
2019-09-23 16:30:23,208 [pool-149-thread-1] INFO  server.RaftServerConfigKeys (ConfUtils.java:logGet(43)) - raft.server.log.appender.buffer.byte-limit = 33554432 (custom)
2019-09-23 16:30:23,208 [pool-169-thread-1] INFO  server.RaftServerConfigKeys (ConfUtils.java:logGet(43)) - raft.server.log.queue.byte-limit = 2147483647 (custom)
2019-09-23 16:30:23,208 [pool-179-thread-1] INFO  server.RaftServerConfigKeys (ConfUtils.java:logGet(43)) - raft.server.log.statemachine.data.sync.timeout = 10s (default)
2019-09-23 16:30:23,209 [pool-169-thread-1] INFO  server.RaftServerConfigKeys (ConfUtils.java:logGet(43)) - raft.server.log.queue.element-limit = 1024 (custom)
2019-09-23 16:30:23,208 [pool-149-thread-1] INFO  server.RaftServerConfigKeys (ConfUtils.java:logGet(43)) - raft.server.log.segment.size.max = 1048576 (custom)
2019-09-23 16:30:23,209 [pool-169-thread-1] INFO  server.RaftServerConfigKeys (ConfUtils.java:logGet(43)) - raft.server.log.segment.size.max = 1048576 (custom)
2019-09-23 16:30:23,209 [pool-179-thread-1] INFO  server.RaftServerConfigKeys (ConfUtils.java:logGet(43)) - raft.server.log.statemachine.data.sync.timeout.retry = -1 (default)
2019-09-23 16:30:23,209 [pool-169-thread-1] INFO  server.RaftServerConfigKeys (ConfUtils.java:logGet(43)) - raft.server.log.preallocated.size = 16384 (custom)
2019-09-23 16:30:23,209 [pool-149-thread-1] INFO  server.RaftServerConfigKeys (ConfUtils.java:logGet(43)) - raft.server.log.segment.cache.num.max = 2 (custom)
2019-09-23 16:30:23,209 [pool-169-thread-1] INFO  server.RaftServerConfigKeys (ConfUtils.java:logGet(43)) - raft.server.log.write.buffer.size = 33554432 (custom)
2019-09-23 16:30:23,209 [pool-179-thread-1] INFO  server.RaftServerConfigKeys (ConfUtils.java:logGet(43)) - raft.server.log.statemachine.data.caching.enabled = true (custom)
2019-09-23 16:30:23,210 [pool-169-thread-1] INFO  server.RaftServerConfigKeys (ConfUtils.java:logGet(43)) - raft.server.log.force.sync.num = 128 (default)
2019-09-23 16:30:23,209 [pool-149-thread-1] INFO  segmented.SegmentedRaftLogWorker (SegmentedRaftLogWorker.java:<init>(172)) - new e159ba87-a890-41be-ac9a-dd3e406e242d@group-B288D53BE695-SegmentedRaftLogWorker for RaftStorage:Storage Directory /workdir/hadoop-ozone/integration-test/target/test-dir/MiniOzoneClusterImpl-2125af76-57d3-4163-b90f-d8f74e1b50d6/datanode-3/data/ratis/75ff431f-f267-4cff-b5bc-b288d53be695
2019-09-23 16:30:23,210 [pool-179-thread-1] INFO  segmented.SegmentedRaftLogWorker (SegmentedRaftLogWorker.java:lambda$new$0(132)) - a5442e60-b445-451d-bf7e-b5b4139f0c5f@group-B288D53BE695-SegmentedRaftLogWorker: flushIndex: setUnconditionally 0 -> -1
2019-09-23 16:30:23,210 [pool-169-thread-1] INFO  server.RaftServerConfigKeys (ConfUtils.java:logGet(43)) - raft.server.log.statemachine.data.sync = true (default)
2019-09-23 16:30:23,210 [pool-149-thread-1] INFO  server.RaftServerConfigKeys (ConfUtils.java:logGet(43)) - raft.server.log.queue.byte-limit = 2147483647 (custom)
2019-09-23 16:30:23,210 [pool-169-thread-1] INFO  server.RaftServerConfigKeys (ConfUtils.java:logGet(43)) - raft.server.log.statemachine.data.sync.timeout = 10s (default)
2019-09-23 16:30:23,210 [pool-179-thread-1] INFO  server.RaftServerConfigKeys (ConfUtils.java:logGet(43)) - raft.server.snapshot.auto.trigger.enabled = true (custom)
2019-09-23 16:30:23,211 [pool-169-thread-1] INFO  server.RaftServerConfigKeys (ConfUtils.java:logGet(43)) - raft.server.log.statemachine.data.sync.timeout.retry = -1 (default)
2019-09-23 16:30:23,210 [pool-149-thread-1] INFO  server.RaftServerConfigKeys (ConfUtils.java:logGet(43)) - raft.server.log.queue.element-limit = 1024 (custom)
2019-09-23 16:30:23,211 [pool-169-thread-1] INFO  server.RaftServerConfigKeys (ConfUtils.java:logGet(43)) - raft.server.log.statemachine.data.caching.enabled = true (custom)
2019-09-23 16:30:23,211 [pool-179-thread-1] INFO  server.RaftServerConfigKeys (ConfUtils.java:logGet(43)) - raft.server.snapshot.auto.trigger.threshold = 10000 (custom)
2019-09-23 16:30:23,211 [pool-169-thread-1] INFO  segmented.SegmentedRaftLogWorker (SegmentedRaftLogWorker.java:lambda$new$0(132)) - 4c593327-0bf9-46b1-956b-3e746ac2d8f2@group-B288D53BE695-SegmentedRaftLogWorker: flushIndex: setUnconditionally 0 -> -1
2019-09-23 16:30:23,211 [pool-149-thread-1] INFO  server.RaftServerConfigKeys (ConfUtils.java:logGet(43)) - raft.server.log.segment.size.max = 1048576 (custom)
2019-09-23 16:30:23,211 [pool-179-thread-1] INFO  server.RaftServerConfigKeys (ConfUtils.java:logGet(43)) - raft.server.snapshot.retention.num.files = 5 (custom)
2019-09-23 16:30:23,212 [pool-149-thread-1] INFO  server.RaftServerConfigKeys (ConfUtils.java:logGet(43)) - raft.server.log.preallocated.size = 16384 (custom)
2019-09-23 16:30:23,212 [pool-169-thread-1] INFO  server.RaftServerConfigKeys (ConfUtils.java:logGet(43)) - raft.server.snapshot.auto.trigger.enabled = true (custom)
2019-09-23 16:30:23,212 [pool-149-thread-1] INFO  server.RaftServerConfigKeys (ConfUtils.java:logGet(43)) - raft.server.log.write.buffer.size = 33554432 (custom)
2019-09-23 16:30:23,212 [pool-179-thread-1] INFO  server.RaftServerConfigKeys (ConfUtils.java:logGet(43)) - raft.server.retrycache.expirytime = 600000ms (custom)
2019-09-23 16:30:23,212 [pool-149-thread-1] INFO  server.RaftServerConfigKeys (ConfUtils.java:logGet(43)) - raft.server.log.force.sync.num = 128 (default)
2019-09-23 16:30:23,212 [pool-169-thread-1] INFO  server.RaftServerConfigKeys (ConfUtils.java:logGet(43)) - raft.server.snapshot.auto.trigger.threshold = 10000 (custom)
2019-09-23 16:30:23,212 [pool-149-thread-1] INFO  server.RaftServerConfigKeys (ConfUtils.java:logGet(43)) - raft.server.log.statemachine.data.sync = true (default)
2019-09-23 16:30:23,213 [pool-169-thread-1] INFO  server.RaftServerConfigKeys (ConfUtils.java:logGet(43)) - raft.server.snapshot.retention.num.files = 5 (custom)
2019-09-23 16:30:23,213 [pool-149-thread-1] INFO  server.RaftServerConfigKeys (ConfUtils.java:logGet(43)) - raft.server.log.statemachine.data.sync.timeout = 10s (default)
2019-09-23 16:30:23,213 [pool-149-thread-1] INFO  server.RaftServerConfigKeys (ConfUtils.java:logGet(43)) - raft.server.log.statemachine.data.sync.timeout.retry = -1 (default)
2019-09-23 16:30:23,213 [pool-169-thread-1] INFO  server.RaftServerConfigKeys (ConfUtils.java:logGet(43)) - raft.server.retrycache.expirytime = 600000ms (custom)
2019-09-23 16:30:23,213 [pool-149-thread-1] INFO  server.RaftServerConfigKeys (ConfUtils.java:logGet(43)) - raft.server.log.statemachine.data.caching.enabled = true (custom)
2019-09-23 16:30:23,214 [pool-149-thread-1] INFO  segmented.SegmentedRaftLogWorker (SegmentedRaftLogWorker.java:lambda$new$0(132)) - e159ba87-a890-41be-ac9a-dd3e406e242d@group-B288D53BE695-SegmentedRaftLogWorker: flushIndex: setUnconditionally 0 -> -1
2019-09-23 16:30:23,214 [pool-149-thread-1] INFO  server.RaftServerConfigKeys (ConfUtils.java:logGet(43)) - raft.server.snapshot.auto.trigger.enabled = true (custom)
2019-09-23 16:30:23,214 [pool-149-thread-1] INFO  server.RaftServerConfigKeys (ConfUtils.java:logGet(43)) - raft.server.snapshot.auto.trigger.threshold = 10000 (custom)
2019-09-23 16:30:23,214 [pool-149-thread-1] INFO  server.RaftServerConfigKeys (ConfUtils.java:logGet(43)) - raft.server.snapshot.retention.num.files = 5 (custom)
2019-09-23 16:30:23,214 [pool-149-thread-1] INFO  server.RaftServerConfigKeys (ConfUtils.java:logGet(43)) - raft.server.retrycache.expirytime = 600000ms (custom)
2019-09-23 16:30:23,215 [pool-179-thread-1] INFO  impl.RaftServerImpl (RaftServerImpl.java:start(185)) - a5442e60-b445-451d-bf7e-b5b4139f0c5f@group-B288D53BE695: start as a follower, conf=-1: [a5442e60-b445-451d-bf7e-b5b4139f0c5f:192.168.34.17:42853, 4c593327-0bf9-46b1-956b-3e746ac2d8f2:192.168.34.17:34116, e159ba87-a890-41be-ac9a-dd3e406e242d:192.168.34.17:34068], old=null
2019-09-23 16:30:23,215 [pool-179-thread-1] INFO  impl.RaftServerImpl (RaftServerImpl.java:setRole(174)) - a5442e60-b445-451d-bf7e-b5b4139f0c5f@group-B288D53BE695: changes role from      null to FOLLOWER at term 0 for startAsFollower
2019-09-23 16:30:23,215 [pool-179-thread-1] INFO  impl.RoleInfo (RoleInfo.java:updateAndGet(143)) - a5442e60-b445-451d-bf7e-b5b4139f0c5f: start FollowerState
2019-09-23 16:30:23,216 [pool-179-thread-1] INFO  util.JmxRegister (JmxRegister.java:tryRegister(44)) - Successfully registered JMX Bean with object name Ratis:service=RaftServer,group=group-B288D53BE695,id=a5442e60-b445-451d-bf7e-b5b4139f0c5f
2019-09-23 16:30:23,216 [pool-169-thread-1] INFO  impl.RaftServerImpl (RaftServerImpl.java:start(185)) - 4c593327-0bf9-46b1-956b-3e746ac2d8f2@group-B288D53BE695: start as a follower, conf=-1: [a5442e60-b445-451d-bf7e-b5b4139f0c5f:192.168.34.17:42853, 4c593327-0bf9-46b1-956b-3e746ac2d8f2:192.168.34.17:34116, e159ba87-a890-41be-ac9a-dd3e406e242d:192.168.34.17:34068], old=null
2019-09-23 16:30:23,216 [pool-169-thread-1] INFO  impl.RaftServerImpl (RaftServerImpl.java:setRole(174)) - 4c593327-0bf9-46b1-956b-3e746ac2d8f2@group-B288D53BE695: changes role from      null to FOLLOWER at term 0 for startAsFollower
2019-09-23 16:30:23,216 [pool-169-thread-1] INFO  impl.RoleInfo (RoleInfo.java:updateAndGet(143)) - 4c593327-0bf9-46b1-956b-3e746ac2d8f2: start FollowerState
2019-09-23 16:30:23,217 [pool-169-thread-1] INFO  util.JmxRegister (JmxRegister.java:tryRegister(44)) - Successfully registered JMX Bean with object name Ratis:service=RaftServer,group=group-B288D53BE695,id=4c593327-0bf9-46b1-956b-3e746ac2d8f2
2019-09-23 16:30:23,218 [pool-149-thread-1] INFO  impl.RaftServerImpl (RaftServerImpl.java:start(185)) - e159ba87-a890-41be-ac9a-dd3e406e242d@group-B288D53BE695: start as a follower, conf=-1: [a5442e60-b445-451d-bf7e-b5b4139f0c5f:192.168.34.17:42853, 4c593327-0bf9-46b1-956b-3e746ac2d8f2:192.168.34.17:34116, e159ba87-a890-41be-ac9a-dd3e406e242d:192.168.34.17:34068], old=null
2019-09-23 16:30:23,218 [pool-149-thread-1] INFO  impl.RaftServerImpl (RaftServerImpl.java:setRole(174)) - e159ba87-a890-41be-ac9a-dd3e406e242d@group-B288D53BE695: changes role from      null to FOLLOWER at term 0 for startAsFollower
2019-09-23 16:30:23,218 [pool-149-thread-1] INFO  impl.RoleInfo (RoleInfo.java:updateAndGet(143)) - e159ba87-a890-41be-ac9a-dd3e406e242d: start FollowerState
2019-09-23 16:30:23,218 [pool-149-thread-1] INFO  util.JmxRegister (JmxRegister.java:tryRegister(44)) - Successfully registered JMX Bean with object name Ratis:service=RaftServer,group=group-B288D53BE695,id=e159ba87-a890-41be-ac9a-dd3e406e242d
2019-09-23 16:30:23,221 [RatisPipelineUtilsThread] INFO  pipeline.PipelineStateManager (PipelineStateManager.java:addPipeline(56)) - Created pipeline Pipeline[ Id: 75ff431f-f267-4cff-b5bc-b288d53be695, Nodes: a5442e60-b445-451d-bf7e-b5b4139f0c5f{ip: 192.168.34.17, host: pr-hdds-2166-7skhj-3476174427, networkLocation: /default-rack, certSerialId: null}e159ba87-a890-41be-ac9a-dd3e406e242d{ip: 192.168.34.17, host: pr-hdds-2166-7skhj-3476174427, networkLocation: /default-rack, certSerialId: null}4c593327-0bf9-46b1-956b-3e746ac2d8f2{ip: 192.168.34.17, host: pr-hdds-2166-7skhj-3476174427, networkLocation: /default-rack, certSerialId: null}, Type:RATIS, Factor:THREE, State:OPEN]
2019-09-23 16:30:25,195 [Thread-765] INFO  container.ReplicationManager (ReplicationManager.java:start(162)) - Starting Replication Monitor Thread.
2019-09-23 16:30:25,199 [ReplicationMonitor] INFO  container.ReplicationManager (ReplicationManager.java:run(225)) - Replication Monitor Thread took 0 milliseconds for processing 3 containers.
2019-09-23 16:30:27,512 [Thread-767] INFO  impl.FollowerState (FollowerState.java:run(106)) - 11a0cb5c-8a56-4b06-b515-cdac7053eb33:group-F860668171A2 changes to CANDIDATE, lastRpcTime:5165, electionTimeout:5165ms
2019-09-23 16:30:27,513 [Thread-767] INFO  impl.RoleInfo (RoleInfo.java:shutdownFollowerState(121)) - 11a0cb5c-8a56-4b06-b515-cdac7053eb33: shutdown FollowerState
2019-09-23 16:30:27,513 [Thread-767] INFO  impl.RaftServerImpl (RaftServerImpl.java:setRole(174)) - 11a0cb5c-8a56-4b06-b515-cdac7053eb33@group-F860668171A2: changes role from  FOLLOWER to CANDIDATE at term 0 for changeToCandidate
2019-09-23 16:30:27,513 [Thread-767] INFO  impl.RoleInfo (RoleInfo.java:updateAndGet(143)) - 11a0cb5c-8a56-4b06-b515-cdac7053eb33: start LeaderElection
2019-09-23 16:30:27,548 [11a0cb5c-8a56-4b06-b515-cdac7053eb33@group-F860668171A2:LeaderElection20] INFO  impl.LeaderElection (LeaderElection.java:askForVotes(182)) - 11a0cb5c-8a56-4b06-b515-cdac7053eb33@group-F860668171A2:LeaderElection20: begin an election at term 1 for -1: [11a0cb5c-8a56-4b06-b515-cdac7053eb33:192.168.34.17:40017], old=null
2019-09-23 16:30:27,548 [11a0cb5c-8a56-4b06-b515-cdac7053eb33@group-F860668171A2:LeaderElection20] INFO  impl.RoleInfo (RoleInfo.java:shutdownLeaderElection(134)) - 11a0cb5c-8a56-4b06-b515-cdac7053eb33: shutdown LeaderElection
2019-09-23 16:30:27,548 [11a0cb5c-8a56-4b06-b515-cdac7053eb33@group-F860668171A2:LeaderElection20] INFO  impl.RaftServerImpl (RaftServerImpl.java:setRole(174)) - 11a0cb5c-8a56-4b06-b515-cdac7053eb33@group-F860668171A2: changes role from CANDIDATE to LEADER at term 1 for changeToLeader
2019-09-23 16:30:27,548 [11a0cb5c-8a56-4b06-b515-cdac7053eb33@group-F860668171A2:LeaderElection20] INFO  impl.RaftServerImpl (ServerState.java:setLeader(253)) - 11a0cb5c-8a56-4b06-b515-cdac7053eb33@group-F860668171A2: change Leader from null to 11a0cb5c-8a56-4b06-b515-cdac7053eb33 at term 1 for becomeLeader, leader elected after 5213ms
2019-09-23 16:30:27,551 [Thread-770] INFO  impl.FollowerState (FollowerState.java:run(106)) - 3b64e686-a5dd-4d89-9436-c5780787767f:group-025742918EF8 changes to CANDIDATE, lastRpcTime:5119, electionTimeout:5118ms
2019-09-23 16:30:27,551 [11a0cb5c-8a56-4b06-b515-cdac7053eb33@group-F860668171A2:LeaderElection20] INFO  server.RaftServerConfigKeys (ConfUtils.java:logGet(43)) - raft.server.staging.catchup.gap = 1000 (default)
2019-09-23 16:30:27,551 [Thread-770] INFO  impl.RoleInfo (RoleInfo.java:shutdownFollowerState(121)) - 3b64e686-a5dd-4d89-9436-c5780787767f: shutdown FollowerState
2019-09-23 16:30:27,551 [11a0cb5c-8a56-4b06-b515-cdac7053eb33@group-F860668171A2:LeaderElection20] INFO  server.RaftServerConfigKeys (ConfUtils.java:logGet(43)) - raft.server.rpc.sleep.time = 25ms (default)
2019-09-23 16:30:27,552 [Thread-770] INFO  impl.RaftServerImpl (RaftServerImpl.java:setRole(174)) - 3b64e686-a5dd-4d89-9436-c5780787767f@group-025742918EF8: changes role from  FOLLOWER to CANDIDATE at term 0 for changeToCandidate
2019-09-23 16:30:27,552 [11a0cb5c-8a56-4b06-b515-cdac7053eb33@group-F860668171A2:LeaderElection20] INFO  server.RaftServerConfigKeys (ConfUtils.java:logGet(43)) - raft.server.write.element-limit = 4096 (default)
2019-09-23 16:30:27,552 [Thread-770] INFO  impl.RoleInfo (RoleInfo.java:updateAndGet(143)) - 3b64e686-a5dd-4d89-9436-c5780787767f: start LeaderElection
2019-09-23 16:30:27,552 [11a0cb5c-8a56-4b06-b515-cdac7053eb33@group-F860668171A2:LeaderElection20] INFO  server.RaftServerConfigKeys (ConfUtils.java:logGet(43)) - raft.server.watch.timeout = 10s (default)
2019-09-23 16:30:27,552 [11a0cb5c-8a56-4b06-b515-cdac7053eb33@group-F860668171A2:LeaderElection20] INFO  server.RaftServerConfigKeys (ConfUtils.java:logGet(43)) - raft.server.watch.timeout.denomination = 1s (default)
2019-09-23 16:30:27,555 [11a0cb5c-8a56-4b06-b515-cdac7053eb33@group-F860668171A2:LeaderElection20] INFO  server.RaftServerConfigKeys (ConfUtils.java:logGet(43)) - raft.server.watch.element-limit = 65536 (default)
2019-09-23 16:30:27,561 [11a0cb5c-8a56-4b06-b515-cdac7053eb33@group-F860668171A2:LeaderElection20] INFO  impl.RoleInfo (RoleInfo.java:updateAndGet(143)) - 11a0cb5c-8a56-4b06-b515-cdac7053eb33: start LeaderState
2019-09-23 16:30:27,561 [11a0cb5c-8a56-4b06-b515-cdac7053eb33@group-F860668171A2:LeaderElection20] INFO  segmented.SegmentedRaftLogWorker (SegmentedRaftLogWorker.java:startLogSegment(380)) - 11a0cb5c-8a56-4b06-b515-cdac7053eb33@group-F860668171A2-SegmentedRaftLogWorker: Starting segment from index:0
2019-09-23 16:30:27,562 [3b64e686-a5dd-4d89-9436-c5780787767f@group-025742918EF8:LeaderElection21] INFO  impl.LeaderElection (LeaderElection.java:askForVotes(182)) - 3b64e686-a5dd-4d89-9436-c5780787767f@group-025742918EF8:LeaderElection21: begin an election at term 1 for -1: [3b64e686-a5dd-4d89-9436-c5780787767f:192.168.34.17:36465], old=null
2019-09-23 16:30:27,562 [11a0cb5c-8a56-4b06-b515-cdac7053eb33@group-F860668171A2:LeaderElection20] INFO  impl.RaftServerImpl (ServerState.java:setRaftConf(354)) - 11a0cb5c-8a56-4b06-b515-cdac7053eb33@group-F860668171A2: set configuration 0: [11a0cb5c-8a56-4b06-b515-cdac7053eb33:192.168.34.17:40017], old=null at 0
2019-09-23 16:30:27,562 [3b64e686-a5dd-4d89-9436-c5780787767f@group-025742918EF8:LeaderElection21] INFO  impl.RoleInfo (RoleInfo.java:shutdownLeaderElection(134)) - 3b64e686-a5dd-4d89-9436-c5780787767f: shutdown LeaderElection
2019-09-23 16:30:27,605 [3b64e686-a5dd-4d89-9436-c5780787767f@group-025742918EF8:LeaderElection21] INFO  impl.RaftServerImpl (RaftServerImpl.java:setRole(174)) - 3b64e686-a5dd-4d89-9436-c5780787767f@group-025742918EF8: changes role from CANDIDATE to LEADER at term 1 for changeToLeader
2019-09-23 16:30:27,605 [3b64e686-a5dd-4d89-9436-c5780787767f@group-025742918EF8:LeaderElection21] INFO  impl.RaftServerImpl (ServerState.java:setLeader(253)) - 3b64e686-a5dd-4d89-9436-c5780787767f@group-025742918EF8: change Leader from null to 3b64e686-a5dd-4d89-9436-c5780787767f at term 1 for becomeLeader, leader elected after 5183ms
2019-09-23 16:30:27,607 [3b64e686-a5dd-4d89-9436-c5780787767f@group-025742918EF8:LeaderElection21] INFO  server.RaftServerConfigKeys (ConfUtils.java:logGet(43)) - raft.server.staging.catchup.gap = 1000 (default)
2019-09-23 16:30:27,607 [3b64e686-a5dd-4d89-9436-c5780787767f@group-025742918EF8:LeaderElection21] INFO  server.RaftServerConfigKeys (ConfUtils.java:logGet(43)) - raft.server.rpc.sleep.time = 25ms (default)
2019-09-23 16:30:27,608 [3b64e686-a5dd-4d89-9436-c5780787767f@group-025742918EF8:LeaderElection21] INFO  server.RaftServerConfigKeys (ConfUtils.java:logGet(43)) - raft.server.write.element-limit = 4096 (default)
2019-09-23 16:30:27,608 [3b64e686-a5dd-4d89-9436-c5780787767f@group-025742918EF8:LeaderElection21] INFO  server.RaftServerConfigKeys (ConfUtils.java:logGet(43)) - raft.server.watch.timeout = 10s (default)
2019-09-23 16:30:27,608 [3b64e686-a5dd-4d89-9436-c5780787767f@group-025742918EF8:LeaderElection21] INFO  server.RaftServerConfigKeys (ConfUtils.java:logGet(43)) - raft.server.watch.timeout.denomination = 1s (default)
2019-09-23 16:30:27,608 [11a0cb5c-8a56-4b06-b515-cdac7053eb33@group-F860668171A2-SegmentedRaftLogWorker] INFO  segmented.SegmentedRaftLogWorker (SegmentedRaftLogWorker.java:execute(569)) - 11a0cb5c-8a56-4b06-b515-cdac7053eb33@group-F860668171A2-SegmentedRaftLogWorker: created new log segment /workdir/hadoop-ozone/integration-test/target/test-dir/MiniOzoneClusterImpl-2125af76-57d3-4163-b90f-d8f74e1b50d6/datanode-0/data/ratis/35732ba5-35aa-49fb-a2c7-f860668171a2/current/log_inprogress_0
2019-09-23 16:30:27,608 [3b64e686-a5dd-4d89-9436-c5780787767f@group-025742918EF8:LeaderElection21] INFO  server.RaftServerConfigKeys (ConfUtils.java:logGet(43)) - raft.server.watch.element-limit = 65536 (default)
2019-09-23 16:30:27,611 [3b64e686-a5dd-4d89-9436-c5780787767f@group-025742918EF8:LeaderElection21] INFO  impl.RoleInfo (RoleInfo.java:updateAndGet(143)) - 3b64e686-a5dd-4d89-9436-c5780787767f: start LeaderState
2019-09-23 16:30:27,611 [3b64e686-a5dd-4d89-9436-c5780787767f@group-025742918EF8:LeaderElection21] INFO  segmented.SegmentedRaftLogWorker (SegmentedRaftLogWorker.java:startLogSegment(380)) - 3b64e686-a5dd-4d89-9436-c5780787767f@group-025742918EF8-SegmentedRaftLogWorker: Starting segment from index:0
2019-09-23 16:30:27,612 [3b64e686-a5dd-4d89-9436-c5780787767f@group-025742918EF8:LeaderElection21] INFO  impl.RaftServerImpl (ServerState.java:setRaftConf(354)) - 3b64e686-a5dd-4d89-9436-c5780787767f@group-025742918EF8: set configuration 0: [3b64e686-a5dd-4d89-9436-c5780787767f:192.168.34.17:36465], old=null at 0
2019-09-23 16:30:27,640 [Thread-773] INFO  impl.FollowerState (FollowerState.java:run(106)) - c521a0c7-0954-4889-a299-8aaf1b9d3454:group-24F3F009D3A9 changes to CANDIDATE, lastRpcTime:5150, electionTimeout:5139ms
2019-09-23 16:30:27,641 [Thread-773] INFO  impl.RoleInfo (RoleInfo.java:shutdownFollowerState(121)) - c521a0c7-0954-4889-a299-8aaf1b9d3454: shutdown FollowerState
2019-09-23 16:30:27,641 [Thread-773] INFO  impl.RaftServerImpl (RaftServerImpl.java:setRole(174)) - c521a0c7-0954-4889-a299-8aaf1b9d3454@group-24F3F009D3A9: changes role from  FOLLOWER to CANDIDATE at term 0 for changeToCandidate
2019-09-23 16:30:27,641 [Thread-773] INFO  impl.RoleInfo (RoleInfo.java:updateAndGet(143)) - c521a0c7-0954-4889-a299-8aaf1b9d3454: start LeaderElection
2019-09-23 16:30:27,658 [3b64e686-a5dd-4d89-9436-c5780787767f@group-025742918EF8-SegmentedRaftLogWorker] INFO  segmented.SegmentedRaftLogWorker (SegmentedRaftLogWorker.java:execute(569)) - 3b64e686-a5dd-4d89-9436-c5780787767f@group-025742918EF8-SegmentedRaftLogWorker: created new log segment /workdir/hadoop-ozone/integration-test/target/test-dir/MiniOzoneClusterImpl-2125af76-57d3-4163-b90f-d8f74e1b50d6/datanode-1/data/ratis/66802d91-e337-4f86-90cd-025742918ef8/current/log_inprogress_0
2019-09-23 16:30:27,658 [c521a0c7-0954-4889-a299-8aaf1b9d3454@group-24F3F009D3A9:LeaderElection22] INFO  impl.LeaderElection (LeaderElection.java:askForVotes(182)) - c521a0c7-0954-4889-a299-8aaf1b9d3454@group-24F3F009D3A9:LeaderElection22: begin an election at term 1 for -1: [c521a0c7-0954-4889-a299-8aaf1b9d3454:192.168.34.17:38284], old=null
2019-09-23 16:30:27,659 [c521a0c7-0954-4889-a299-8aaf1b9d3454@group-24F3F009D3A9:LeaderElection22] INFO  impl.RoleInfo (RoleInfo.java:shutdownLeaderElection(134)) - c521a0c7-0954-4889-a299-8aaf1b9d3454: shutdown LeaderElection
2019-09-23 16:30:27,659 [c521a0c7-0954-4889-a299-8aaf1b9d3454@group-24F3F009D3A9:LeaderElection22] INFO  impl.RaftServerImpl (RaftServerImpl.java:setRole(174)) - c521a0c7-0954-4889-a299-8aaf1b9d3454@group-24F3F009D3A9: changes role from CANDIDATE to LEADER at term 1 for changeToLeader
2019-09-23 16:30:27,659 [c521a0c7-0954-4889-a299-8aaf1b9d3454@group-24F3F009D3A9:LeaderElection22] INFO  impl.RaftServerImpl (ServerState.java:setLeader(253)) - c521a0c7-0954-4889-a299-8aaf1b9d3454@group-24F3F009D3A9: change Leader from null to c521a0c7-0954-4889-a299-8aaf1b9d3454 at term 1 for becomeLeader, leader elected after 5180ms
2019-09-23 16:30:27,661 [c521a0c7-0954-4889-a299-8aaf1b9d3454@group-24F3F009D3A9:LeaderElection22] INFO  server.RaftServerConfigKeys (ConfUtils.java:logGet(43)) - raft.server.staging.catchup.gap = 1000 (default)
2019-09-23 16:30:27,661 [c521a0c7-0954-4889-a299-8aaf1b9d3454@group-24F3F009D3A9:LeaderElection22] INFO  server.RaftServerConfigKeys (ConfUtils.java:logGet(43)) - raft.server.rpc.sleep.time = 25ms (default)
2019-09-23 16:30:27,661 [c521a0c7-0954-4889-a299-8aaf1b9d3454@group-24F3F009D3A9:LeaderElection22] INFO  server.RaftServerConfigKeys (ConfUtils.java:logGet(43)) - raft.server.write.element-limit = 4096 (default)
2019-09-23 16:30:27,661 [c521a0c7-0954-4889-a299-8aaf1b9d3454@group-24F3F009D3A9:LeaderElection22] INFO  server.RaftServerConfigKeys (ConfUtils.java:logGet(43)) - raft.server.watch.timeout = 10s (default)
2019-09-23 16:30:27,661 [c521a0c7-0954-4889-a299-8aaf1b9d3454@group-24F3F009D3A9:LeaderElection22] INFO  server.RaftServerConfigKeys (ConfUtils.java:logGet(43)) - raft.server.watch.timeout.denomination = 1s (default)
2019-09-23 16:30:27,661 [c521a0c7-0954-4889-a299-8aaf1b9d3454@group-24F3F009D3A9:LeaderElection22] INFO  server.RaftServerConfigKeys (ConfUtils.java:logGet(43)) - raft.server.watch.element-limit = 65536 (default)
2019-09-23 16:30:27,663 [c521a0c7-0954-4889-a299-8aaf1b9d3454@group-24F3F009D3A9:LeaderElection22] INFO  impl.RoleInfo (RoleInfo.java:updateAndGet(143)) - c521a0c7-0954-4889-a299-8aaf1b9d3454: start LeaderState
2019-09-23 16:30:27,663 [c521a0c7-0954-4889-a299-8aaf1b9d3454@group-24F3F009D3A9:LeaderElection22] INFO  segmented.SegmentedRaftLogWorker (SegmentedRaftLogWorker.java:startLogSegment(380)) - c521a0c7-0954-4889-a299-8aaf1b9d3454@group-24F3F009D3A9-SegmentedRaftLogWorker: Starting segment from index:0
2019-09-23 16:30:27,663 [c521a0c7-0954-4889-a299-8aaf1b9d3454@group-24F3F009D3A9:LeaderElection22] INFO  impl.RaftServerImpl (ServerState.java:setRaftConf(354)) - c521a0c7-0954-4889-a299-8aaf1b9d3454@group-24F3F009D3A9: set configuration 0: [c521a0c7-0954-4889-a299-8aaf1b9d3454:192.168.34.17:38284], old=null at 0
2019-09-23 16:30:27,697 [Thread-776] INFO  impl.FollowerState (FollowerState.java:run(106)) - e159ba87-a890-41be-ac9a-dd3e406e242d:group-CCF21CCE7396 changes to CANDIDATE, lastRpcTime:5131, electionTimeout:5126ms
2019-09-23 16:30:27,697 [Thread-776] INFO  impl.RoleInfo (RoleInfo.java:shutdownFollowerState(121)) - e159ba87-a890-41be-ac9a-dd3e406e242d: shutdown FollowerState
2019-09-23 16:30:27,697 [Thread-776] INFO  impl.RaftServerImpl (RaftServerImpl.java:setRole(174)) - e159ba87-a890-41be-ac9a-dd3e406e242d@group-CCF21CCE7396: changes role from  FOLLOWER to CANDIDATE at term 0 for changeToCandidate
2019-09-23 16:30:27,697 [Thread-776] INFO  impl.RoleInfo (RoleInfo.java:updateAndGet(143)) - e159ba87-a890-41be-ac9a-dd3e406e242d: start LeaderElection
2019-09-23 16:30:27,709 [c521a0c7-0954-4889-a299-8aaf1b9d3454@group-24F3F009D3A9-SegmentedRaftLogWorker] INFO  segmented.SegmentedRaftLogWorker (SegmentedRaftLogWorker.java:execute(569)) - c521a0c7-0954-4889-a299-8aaf1b9d3454@group-24F3F009D3A9-SegmentedRaftLogWorker: created new log segment /workdir/hadoop-ozone/integration-test/target/test-dir/MiniOzoneClusterImpl-2125af76-57d3-4163-b90f-d8f74e1b50d6/datanode-2/data/ratis/8412ea30-ba1d-4168-83f1-24f3f009d3a9/current/log_inprogress_0
2019-09-23 16:30:27,724 [e159ba87-a890-41be-ac9a-dd3e406e242d@group-CCF21CCE7396:LeaderElection23] INFO  impl.LeaderElection (LeaderElection.java:askForVotes(182)) - e159ba87-a890-41be-ac9a-dd3e406e242d@group-CCF21CCE7396:LeaderElection23: begin an election at term 1 for -1: [e159ba87-a890-41be-ac9a-dd3e406e242d:192.168.34.17:34068], old=null
2019-09-23 16:30:27,724 [e159ba87-a890-41be-ac9a-dd3e406e242d@group-CCF21CCE7396:LeaderElection23] INFO  impl.RoleInfo (RoleInfo.java:shutdownLeaderElection(134)) - e159ba87-a890-41be-ac9a-dd3e406e242d: shutdown LeaderElection
2019-09-23 16:30:27,724 [e159ba87-a890-41be-ac9a-dd3e406e242d@group-CCF21CCE7396:LeaderElection23] INFO  impl.RaftServerImpl (RaftServerImpl.java:setRole(174)) - e159ba87-a890-41be-ac9a-dd3e406e242d@group-CCF21CCE7396: changes role from CANDIDATE to LEADER at term 1 for changeToLeader
2019-09-23 16:30:27,725 [e159ba87-a890-41be-ac9a-dd3e406e242d@group-CCF21CCE7396:LeaderElection23] INFO  impl.RaftServerImpl (ServerState.java:setLeader(253)) - e159ba87-a890-41be-ac9a-dd3e406e242d@group-CCF21CCE7396: change Leader from null to e159ba87-a890-41be-ac9a-dd3e406e242d at term 1 for becomeLeader, leader elected after 5168ms
2019-09-23 16:30:27,727 [e159ba87-a890-41be-ac9a-dd3e406e242d@group-CCF21CCE7396:LeaderElection23] INFO  server.RaftServerConfigKeys (ConfUtils.java:logGet(43)) - raft.server.staging.catchup.gap = 1000 (default)
2019-09-23 16:30:27,727 [e159ba87-a890-41be-ac9a-dd3e406e242d@group-CCF21CCE7396:LeaderElection23] INFO  server.RaftServerConfigKeys (ConfUtils.java:logGet(43)) - raft.server.rpc.sleep.time = 25ms (default)
2019-09-23 16:30:27,727 [e159ba87-a890-41be-ac9a-dd3e406e242d@group-CCF21CCE7396:LeaderElection23] INFO  server.RaftServerConfigKeys (ConfUtils.java:logGet(43)) - raft.server.write.element-limit = 4096 (default)
2019-09-23 16:30:27,727 [e159ba87-a890-41be-ac9a-dd3e406e242d@group-CCF21CCE7396:LeaderElection23] INFO  server.RaftServerConfigKeys (ConfUtils.java:logGet(43)) - raft.server.watch.timeout = 10s (default)
2019-09-23 16:30:27,727 [e159ba87-a890-41be-ac9a-dd3e406e242d@group-CCF21CCE7396:LeaderElection23] INFO  server.RaftServerConfigKeys (ConfUtils.java:logGet(43)) - raft.server.watch.timeout.denomination = 1s (default)
2019-09-23 16:30:27,728 [e159ba87-a890-41be-ac9a-dd3e406e242d@group-CCF21CCE7396:LeaderElection23] INFO  server.RaftServerConfigKeys (ConfUtils.java:logGet(43)) - raft.server.watch.element-limit = 65536 (default)
2019-09-23 16:30:27,730 [e159ba87-a890-41be-ac9a-dd3e406e242d@group-CCF21CCE7396:LeaderElection23] INFO  impl.RoleInfo (RoleInfo.java:updateAndGet(143)) - e159ba87-a890-41be-ac9a-dd3e406e242d: start LeaderState
2019-09-23 16:30:27,730 [e159ba87-a890-41be-ac9a-dd3e406e242d@group-CCF21CCE7396:LeaderElection23] INFO  segmented.SegmentedRaftLogWorker (SegmentedRaftLogWorker.java:startLogSegment(380)) - e159ba87-a890-41be-ac9a-dd3e406e242d@group-CCF21CCE7396-SegmentedRaftLogWorker: Starting segment from index:0
2019-09-23 16:30:27,731 [e159ba87-a890-41be-ac9a-dd3e406e242d@group-CCF21CCE7396:LeaderElection23] INFO  impl.RaftServerImpl (ServerState.java:setRaftConf(354)) - e159ba87-a890-41be-ac9a-dd3e406e242d@group-CCF21CCE7396: set configuration 0: [e159ba87-a890-41be-ac9a-dd3e406e242d:192.168.34.17:34068], old=null at 0
2019-09-23 16:30:27,775 [e159ba87-a890-41be-ac9a-dd3e406e242d@group-CCF21CCE7396-SegmentedRaftLogWorker] INFO  segmented.SegmentedRaftLogWorker (SegmentedRaftLogWorker.java:execute(569)) - e159ba87-a890-41be-ac9a-dd3e406e242d@group-CCF21CCE7396-SegmentedRaftLogWorker: created new log segment /workdir/hadoop-ozone/integration-test/target/test-dir/MiniOzoneClusterImpl-2125af76-57d3-4163-b90f-d8f74e1b50d6/datanode-3/data/ratis/05c5185f-d00a-498a-9e69-ccf21cce7396/current/log_inprogress_0
2019-09-23 16:30:28,101 [Thread-781] INFO  impl.FollowerState (FollowerState.java:run(106)) - 4c593327-0bf9-46b1-956b-3e746ac2d8f2:group-4A34E86F7836 changes to CANDIDATE, lastRpcTime:5154, electionTimeout:5154ms
2019-09-23 16:30:28,102 [Thread-781] INFO  impl.RoleInfo (RoleInfo.java:shutdownFollowerState(121)) - 4c593327-0bf9-46b1-956b-3e746ac2d8f2: shutdown FollowerState
2019-09-23 16:30:28,102 [Thread-781] INFO  impl.RaftServerImpl (RaftServerImpl.java:setRole(174)) - 4c593327-0bf9-46b1-956b-3e746ac2d8f2@group-4A34E86F7836: changes role from  FOLLOWER to CANDIDATE at term 0 for changeToCandidate
2019-09-23 16:30:28,102 [Thread-781] INFO  impl.RoleInfo (RoleInfo.java:updateAndGet(143)) - 4c593327-0bf9-46b1-956b-3e746ac2d8f2: start LeaderElection
2019-09-23 16:30:28,126 [4c593327-0bf9-46b1-956b-3e746ac2d8f2@group-4A34E86F7836:LeaderElection24] INFO  impl.LeaderElection (LeaderElection.java:askForVotes(182)) - 4c593327-0bf9-46b1-956b-3e746ac2d8f2@group-4A34E86F7836:LeaderElection24: begin an election at term 1 for -1: [4c593327-0bf9-46b1-956b-3e746ac2d8f2:192.168.34.17:34116], old=null
2019-09-23 16:30:28,126 [4c593327-0bf9-46b1-956b-3e746ac2d8f2@group-4A34E86F7836:LeaderElection24] INFO  impl.RoleInfo (RoleInfo.java:shutdownLeaderElection(134)) - 4c593327-0bf9-46b1-956b-3e746ac2d8f2: shutdown LeaderElection
2019-09-23 16:30:28,126 [4c593327-0bf9-46b1-956b-3e746ac2d8f2@group-4A34E86F7836:LeaderElection24] INFO  impl.RaftServerImpl (RaftServerImpl.java:setRole(174)) - 4c593327-0bf9-46b1-956b-3e746ac2d8f2@group-4A34E86F7836: changes role from CANDIDATE to LEADER at term 1 for changeToLeader
2019-09-23 16:30:28,126 [4c593327-0bf9-46b1-956b-3e746ac2d8f2@group-4A34E86F7836:LeaderElection24] INFO  impl.RaftServerImpl (ServerState.java:setLeader(253)) - 4c593327-0bf9-46b1-956b-3e746ac2d8f2@group-4A34E86F7836: change Leader from null to 4c593327-0bf9-46b1-956b-3e746ac2d8f2 at term 1 for becomeLeader, leader elected after 5479ms
2019-09-23 16:30:28,128 [4c593327-0bf9-46b1-956b-3e746ac2d8f2@group-4A34E86F7836:LeaderElection24] INFO  server.RaftServerConfigKeys (ConfUtils.java:logGet(43)) - raft.server.staging.catchup.gap = 1000 (default)
2019-09-23 16:30:28,129 [4c593327-0bf9-46b1-956b-3e746ac2d8f2@group-4A34E86F7836:LeaderElection24] INFO  server.RaftServerConfigKeys (ConfUtils.java:logGet(43)) - raft.server.rpc.sleep.time = 25ms (default)
2019-09-23 16:30:28,129 [4c593327-0bf9-46b1-956b-3e746ac2d8f2@group-4A34E86F7836:LeaderElection24] INFO  server.RaftServerConfigKeys (ConfUtils.java:logGet(43)) - raft.server.write.element-limit = 4096 (default)
2019-09-23 16:30:28,129 [4c593327-0bf9-46b1-956b-3e746ac2d8f2@group-4A34E86F7836:LeaderElection24] INFO  server.RaftServerConfigKeys (ConfUtils.java:logGet(43)) - raft.server.watch.timeout = 10s (default)
2019-09-23 16:30:28,129 [4c593327-0bf9-46b1-956b-3e746ac2d8f2@group-4A34E86F7836:LeaderElection24] INFO  server.RaftServerConfigKeys (ConfUtils.java:logGet(43)) - raft.server.watch.timeout.denomination = 1s (default)
2019-09-23 16:30:28,129 [4c593327-0bf9-46b1-956b-3e746ac2d8f2@group-4A34E86F7836:LeaderElection24] INFO  server.RaftServerConfigKeys (ConfUtils.java:logGet(43)) - raft.server.watch.element-limit = 65536 (default)
2019-09-23 16:30:28,131 [4c593327-0bf9-46b1-956b-3e746ac2d8f2@group-4A34E86F7836:LeaderElection24] INFO  impl.RoleInfo (RoleInfo.java:updateAndGet(143)) - 4c593327-0bf9-46b1-956b-3e746ac2d8f2: start LeaderState
2019-09-23 16:30:28,131 [4c593327-0bf9-46b1-956b-3e746ac2d8f2@group-4A34E86F7836:LeaderElection24] INFO  segmented.SegmentedRaftLogWorker (SegmentedRaftLogWorker.java:startLogSegment(380)) - 4c593327-0bf9-46b1-956b-3e746ac2d8f2@group-4A34E86F7836-SegmentedRaftLogWorker: Starting segment from index:0
2019-09-23 16:30:28,132 [4c593327-0bf9-46b1-956b-3e746ac2d8f2@group-4A34E86F7836:LeaderElection24] INFO  impl.RaftServerImpl (ServerState.java:setRaftConf(354)) - 4c593327-0bf9-46b1-956b-3e746ac2d8f2@group-4A34E86F7836: set configuration 0: [4c593327-0bf9-46b1-956b-3e746ac2d8f2:192.168.34.17:34116], old=null at 0
2019-09-23 16:30:28,173 [Thread-784] INFO  impl.FollowerState (FollowerState.java:run(106)) - a5442e60-b445-451d-bf7e-b5b4139f0c5f:group-B21227772943 changes to CANDIDATE, lastRpcTime:5145, electionTimeout:5110ms
2019-09-23 16:30:28,173 [Thread-787] INFO  impl.FollowerState (FollowerState.java:run(106)) - cb202041-87f9-4945-b71c-48ba0d998619:group-70B70CCD3508 changes to CANDIDATE, lastRpcTime:5079, electionTimeout:5040ms
2019-09-23 16:30:28,173 [Thread-784] INFO  impl.RoleInfo (RoleInfo.java:shutdownFollowerState(121)) - a5442e60-b445-451d-bf7e-b5b4139f0c5f: shutdown FollowerState
2019-09-23 16:30:28,173 [Thread-787] INFO  impl.RoleInfo (RoleInfo.java:shutdownFollowerState(121)) - cb202041-87f9-4945-b71c-48ba0d998619: shutdown FollowerState
2019-09-23 16:30:28,173 [Thread-784] INFO  impl.RaftServerImpl (RaftServerImpl.java:setRole(174)) - a5442e60-b445-451d-bf7e-b5b4139f0c5f@group-B21227772943: changes role from  FOLLOWER to CANDIDATE at term 0 for changeToCandidate
2019-09-23 16:30:28,173 [Thread-787] INFO  impl.RaftServerImpl (RaftServerImpl.java:setRole(174)) - cb202041-87f9-4945-b71c-48ba0d998619@group-70B70CCD3508: changes role from  FOLLOWER to CANDIDATE at term 0 for changeToCandidate
2019-09-23 16:30:28,173 [Thread-784] INFO  impl.RoleInfo (RoleInfo.java:updateAndGet(143)) - a5442e60-b445-451d-bf7e-b5b4139f0c5f: start LeaderElection
2019-09-23 16:30:28,174 [Thread-787] INFO  impl.RoleInfo (RoleInfo.java:updateAndGet(143)) - cb202041-87f9-4945-b71c-48ba0d998619: start LeaderElection
2019-09-23 16:30:28,195 [4c593327-0bf9-46b1-956b-3e746ac2d8f2@group-4A34E86F7836-SegmentedRaftLogWorker] INFO  segmented.SegmentedRaftLogWorker (SegmentedRaftLogWorker.java:execute(569)) - 4c593327-0bf9-46b1-956b-3e746ac2d8f2@group-4A34E86F7836-SegmentedRaftLogWorker: created new log segment /workdir/hadoop-ozone/integration-test/target/test-dir/MiniOzoneClusterImpl-2125af76-57d3-4163-b90f-d8f74e1b50d6/datanode-5/data/ratis/9c3782e7-2bf1-499d-9b07-4a34e86f7836/current/log_inprogress_0
2019-09-23 16:30:28,209 [cb202041-87f9-4945-b71c-48ba0d998619@group-70B70CCD3508:LeaderElection26] INFO  impl.LeaderElection (LeaderElection.java:askForVotes(182)) - cb202041-87f9-4945-b71c-48ba0d998619@group-70B70CCD3508:LeaderElection26: begin an election at term 1 for -1: [cb202041-87f9-4945-b71c-48ba0d998619:192.168.34.17:42759], old=null
2019-09-23 16:30:28,209 [a5442e60-b445-451d-bf7e-b5b4139f0c5f@group-B21227772943:LeaderElection25] INFO  impl.LeaderElection (LeaderElection.java:askForVotes(182)) - a5442e60-b445-451d-bf7e-b5b4139f0c5f@group-B21227772943:LeaderElection25: begin an election at term 1 for -1: [a5442e60-b445-451d-bf7e-b5b4139f0c5f:192.168.34.17:42853], old=null
2019-09-23 16:30:28,209 [cb202041-87f9-4945-b71c-48ba0d998619@group-70B70CCD3508:LeaderElection26] INFO  impl.RoleInfo (RoleInfo.java:shutdownLeaderElection(134)) - cb202041-87f9-4945-b71c-48ba0d998619: shutdown LeaderElection
2019-09-23 16:30:28,209 [a5442e60-b445-451d-bf7e-b5b4139f0c5f@group-B21227772943:LeaderElection25] INFO  impl.RoleInfo (RoleInfo.java:shutdownLeaderElection(134)) - a5442e60-b445-451d-bf7e-b5b4139f0c5f: shutdown LeaderElection
2019-09-23 16:30:28,209 [cb202041-87f9-4945-b71c-48ba0d998619@group-70B70CCD3508:LeaderElection26] INFO  impl.RaftServerImpl (RaftServerImpl.java:setRole(174)) - cb202041-87f9-4945-b71c-48ba0d998619@group-70B70CCD3508: changes role from CANDIDATE to LEADER at term 1 for changeToLeader
2019-09-23 16:30:28,209 [a5442e60-b445-451d-bf7e-b5b4139f0c5f@group-B21227772943:LeaderElection25] INFO  impl.RaftServerImpl (RaftServerImpl.java:setRole(174)) - a5442e60-b445-451d-bf7e-b5b4139f0c5f@group-B21227772943: changes role from CANDIDATE to LEADER at term 1 for changeToLeader
2019-09-23 16:30:28,210 [cb202041-87f9-4945-b71c-48ba0d998619@group-70B70CCD3508:LeaderElection26] INFO  impl.RaftServerImpl (ServerState.java:setLeader(253)) - cb202041-87f9-4945-b71c-48ba0d998619@group-70B70CCD3508: change Leader from null to cb202041-87f9-4945-b71c-48ba0d998619 at term 1 for becomeLeader, leader elected after 5123ms
2019-09-23 16:30:28,210 [a5442e60-b445-451d-bf7e-b5b4139f0c5f@group-B21227772943:LeaderElection25] INFO  impl.RaftServerImpl (ServerState.java:setLeader(253)) - a5442e60-b445-451d-bf7e-b5b4139f0c5f@group-B21227772943: change Leader from null to a5442e60-b445-451d-bf7e-b5b4139f0c5f at term 1 for becomeLeader, leader elected after 5191ms
2019-09-23 16:30:28,212 [cb202041-87f9-4945-b71c-48ba0d998619@group-70B70CCD3508:LeaderElection26] INFO  server.RaftServerConfigKeys (ConfUtils.java:logGet(43)) - raft.server.staging.catchup.gap = 1000 (default)
2019-09-23 16:30:28,221 [a5442e60-b445-451d-bf7e-b5b4139f0c5f@group-B21227772943:LeaderElection25] INFO  server.RaftServerConfigKeys (ConfUtils.java:logGet(43)) - raft.server.staging.catchup.gap = 1000 (default)
2019-09-23 16:30:28,221 [cb202041-87f9-4945-b71c-48ba0d998619@group-70B70CCD3508:LeaderElection26] INFO  server.RaftServerConfigKeys (ConfUtils.java:logGet(43)) - raft.server.rpc.sleep.time = 25ms (default)
2019-09-23 16:30:28,221 [a5442e60-b445-451d-bf7e-b5b4139f0c5f@group-B21227772943:LeaderElection25] INFO  server.RaftServerConfigKeys (ConfUtils.java:logGet(43)) - raft.server.rpc.sleep.time = 25ms (default)
2019-09-23 16:30:28,221 [cb202041-87f9-4945-b71c-48ba0d998619@group-70B70CCD3508:LeaderElection26] INFO  server.RaftServerConfigKeys (ConfUtils.java:logGet(43)) - raft.server.write.element-limit = 4096 (default)
2019-09-23 16:30:28,222 [a5442e60-b445-451d-bf7e-b5b4139f0c5f@group-B21227772943:LeaderElection25] INFO  server.RaftServerConfigKeys (ConfUtils.java:logGet(43)) - raft.server.write.element-limit = 4096 (default)
2019-09-23 16:30:28,222 [cb202041-87f9-4945-b71c-48ba0d998619@group-70B70CCD3508:LeaderElection26] INFO  server.RaftServerConfigKeys (ConfUtils.java:logGet(43)) - raft.server.watch.timeout = 10s (default)
2019-09-23 16:30:28,222 [a5442e60-b445-451d-bf7e-b5b4139f0c5f@group-B21227772943:LeaderElection25] INFO  server.RaftServerConfigKeys (ConfUtils.java:logGet(43)) - raft.server.watch.timeout = 10s (default)
2019-09-23 16:30:28,222 [cb202041-87f9-4945-b71c-48ba0d998619@group-70B70CCD3508:LeaderElection26] INFO  server.RaftServerConfigKeys (ConfUtils.java:logGet(43)) - raft.server.watch.timeout.denomination = 1s (default)
2019-09-23 16:30:28,222 [a5442e60-b445-451d-bf7e-b5b4139f0c5f@group-B21227772943:LeaderElection25] INFO  server.RaftServerConfigKeys (ConfUtils.java:logGet(43)) - raft.server.watch.timeout.denomination = 1s (default)
2019-09-23 16:30:28,222 [cb202041-87f9-4945-b71c-48ba0d998619@group-70B70CCD3508:LeaderElection26] INFO  server.RaftServerConfigKeys (ConfUtils.java:logGet(43)) - raft.server.watch.element-limit = 65536 (default)
2019-09-23 16:30:28,222 [a5442e60-b445-451d-bf7e-b5b4139f0c5f@group-B21227772943:LeaderElection25] INFO  server.RaftServerConfigKeys (ConfUtils.java:logGet(43)) - raft.server.watch.element-limit = 65536 (default)
2019-09-23 16:30:28,225 [cb202041-87f9-4945-b71c-48ba0d998619@group-70B70CCD3508:LeaderElection26] INFO  impl.RoleInfo (RoleInfo.java:updateAndGet(143)) - cb202041-87f9-4945-b71c-48ba0d998619: start LeaderState
2019-09-23 16:30:28,226 [cb202041-87f9-4945-b71c-48ba0d998619@group-70B70CCD3508:LeaderElection26] INFO  segmented.SegmentedRaftLogWorker (SegmentedRaftLogWorker.java:startLogSegment(380)) - cb202041-87f9-4945-b71c-48ba0d998619@group-70B70CCD3508-SegmentedRaftLogWorker: Starting segment from index:0
2019-09-23 16:30:28,226 [a5442e60-b445-451d-bf7e-b5b4139f0c5f@group-B21227772943:LeaderElection25] INFO  impl.RoleInfo (RoleInfo.java:updateAndGet(143)) - a5442e60-b445-451d-bf7e-b5b4139f0c5f: start LeaderState
2019-09-23 16:30:28,226 [a5442e60-b445-451d-bf7e-b5b4139f0c5f@group-B21227772943:LeaderElection25] INFO  segmented.SegmentedRaftLogWorker (SegmentedRaftLogWorker.java:startLogSegment(380)) - a5442e60-b445-451d-bf7e-b5b4139f0c5f@group-B21227772943-SegmentedRaftLogWorker: Starting segment from index:0
2019-09-23 16:30:28,226 [cb202041-87f9-4945-b71c-48ba0d998619@group-70B70CCD3508:LeaderElection26] INFO  impl.RaftServerImpl (ServerState.java:setRaftConf(354)) - cb202041-87f9-4945-b71c-48ba0d998619@group-70B70CCD3508: set configuration 0: [cb202041-87f9-4945-b71c-48ba0d998619:192.168.34.17:42759], old=null at 0
2019-09-23 16:30:28,266 [Thread-792] INFO  impl.FollowerState (FollowerState.java:run(106)) - 11a0cb5c-8a56-4b06-b515-cdac7053eb33:group-52A54961B0D1 changes to CANDIDATE, lastRpcTime:5096, electionTimeout:5077ms
2019-09-23 16:30:28,266 [Thread-805] INFO  impl.FollowerState (FollowerState.java:run(106)) - e159ba87-a890-41be-ac9a-dd3e406e242d:group-B288D53BE695 changes to CANDIDATE, lastRpcTime:5047, electionTimeout:5014ms
2019-09-23 16:30:28,268 [a5442e60-b445-451d-bf7e-b5b4139f0c5f@group-B21227772943:LeaderElection25] INFO  impl.RaftServerImpl (ServerState.java:setRaftConf(354)) - a5442e60-b445-451d-bf7e-b5b4139f0c5f@group-B21227772943: set configuration 0: [a5442e60-b445-451d-bf7e-b5b4139f0c5f:192.168.34.17:42853], old=null at 0
2019-09-23 16:30:28,268 [Thread-803] INFO  impl.FollowerState (FollowerState.java:run(106)) - 4c593327-0bf9-46b1-956b-3e746ac2d8f2:group-B288D53BE695 changes to CANDIDATE, lastRpcTime:5051, electionTimeout:5010ms
2019-09-23 16:30:28,305 [Thread-793] INFO  impl.FollowerState (FollowerState.java:run(106)) - c521a0c7-0954-4889-a299-8aaf1b9d3454:group-52A54961B0D1 changes to CANDIDATE, lastRpcTime:5135, electionTimeout:5106ms
2019-09-23 16:30:28,305 [cb202041-87f9-4945-b71c-48ba0d998619@group-70B70CCD3508-SegmentedRaftLogWorker] INFO  segmented.SegmentedRaftLogWorker (SegmentedRaftLogWorker.java:execute(569)) - cb202041-87f9-4945-b71c-48ba0d998619@group-70B70CCD3508-SegmentedRaftLogWorker: created new log segment /workdir/hadoop-ozone/integration-test/target/test-dir/MiniOzoneClusterImpl-2125af76-57d3-4163-b90f-d8f74e1b50d6/datanode-4/data/ratis/db72543d-c47b-460d-8379-70b70ccd3508/current/log_inprogress_0
2019-09-23 16:30:28,269 [Thread-805] INFO  impl.RoleInfo (RoleInfo.java:shutdownFollowerState(121)) - e159ba87-a890-41be-ac9a-dd3e406e242d: shutdown FollowerState
2019-09-23 16:30:28,269 [Thread-792] INFO  impl.RoleInfo (RoleInfo.java:shutdownFollowerState(121)) - 11a0cb5c-8a56-4b06-b515-cdac7053eb33: shutdown FollowerState
2019-09-23 16:30:28,306 [Thread-805] INFO  impl.RaftServerImpl (RaftServerImpl.java:setRole(174)) - e159ba87-a890-41be-ac9a-dd3e406e242d@group-B288D53BE695: changes role from  FOLLOWER to CANDIDATE at term 0 for changeToCandidate
2019-09-23 16:30:28,306 [Thread-793] INFO  impl.RoleInfo (RoleInfo.java:shutdownFollowerState(121)) - c521a0c7-0954-4889-a299-8aaf1b9d3454: shutdown FollowerState
2019-09-23 16:30:28,306 [Thread-803] INFO  impl.RoleInfo (RoleInfo.java:shutdownFollowerState(121)) - 4c593327-0bf9-46b1-956b-3e746ac2d8f2: shutdown FollowerState
2019-09-23 16:30:28,307 [Thread-805] INFO  impl.RoleInfo (RoleInfo.java:updateAndGet(143)) - e159ba87-a890-41be-ac9a-dd3e406e242d: start LeaderElection
2019-09-23 16:30:28,307 [Thread-793] INFO  impl.RaftServerImpl (RaftServerImpl.java:setRole(174)) - c521a0c7-0954-4889-a299-8aaf1b9d3454@group-52A54961B0D1: changes role from  FOLLOWER to CANDIDATE at term 0 for changeToCandidate
2019-09-23 16:30:28,306 [Thread-792] INFO  impl.RaftServerImpl (RaftServerImpl.java:setRole(174)) - 11a0cb5c-8a56-4b06-b515-cdac7053eb33@group-52A54961B0D1: changes role from  FOLLOWER to CANDIDATE at term 0 for changeToCandidate
2019-09-23 16:30:28,307 [Thread-803] INFO  impl.RaftServerImpl (RaftServerImpl.java:setRole(174)) - 4c593327-0bf9-46b1-956b-3e746ac2d8f2@group-B288D53BE695: changes role from  FOLLOWER to CANDIDATE at term 0 for changeToCandidate
2019-09-23 16:30:28,312 [Thread-792] INFO  impl.RoleInfo (RoleInfo.java:updateAndGet(143)) - 11a0cb5c-8a56-4b06-b515-cdac7053eb33: start LeaderElection
2019-09-23 16:30:28,312 [Thread-793] INFO  impl.RoleInfo (RoleInfo.java:updateAndGet(143)) - c521a0c7-0954-4889-a299-8aaf1b9d3454: start LeaderElection
2019-09-23 16:30:28,312 [Thread-795] INFO  impl.FollowerState (FollowerState.java:run(106)) - 3b64e686-a5dd-4d89-9436-c5780787767f:group-52A54961B0D1 changes to CANDIDATE, lastRpcTime:5141, electionTimeout:5140ms
2019-09-23 16:30:28,321 [a5442e60-b445-451d-bf7e-b5b4139f0c5f@group-B21227772943-SegmentedRaftLogWorker] INFO  segmented.SegmentedRaftLogWorker (SegmentedRaftLogWorker.java:execute(569)) - a5442e60-b445-451d-bf7e-b5b4139f0c5f@group-B21227772943-SegmentedRaftLogWorker: created new log segment /workdir/hadoop-ozone/integration-test/target/test-dir/MiniOzoneClusterImpl-2125af76-57d3-4163-b90f-d8f74e1b50d6/datanode-6/data/ratis/15e7c12c-c671-4174-b773-b21227772943/current/log_inprogress_0
2019-09-23 16:30:28,313 [Thread-803] INFO  impl.RoleInfo (RoleInfo.java:updateAndGet(143)) - 4c593327-0bf9-46b1-956b-3e746ac2d8f2: start LeaderElection
2019-09-23 16:30:28,323 [Thread-795] INFO  impl.RoleInfo (RoleInfo.java:shutdownFollowerState(121)) - 3b64e686-a5dd-4d89-9436-c5780787767f: shutdown FollowerState
2019-09-23 16:30:28,324 [Thread-795] INFO  impl.RaftServerImpl (RaftServerImpl.java:setRole(174)) - 3b64e686-a5dd-4d89-9436-c5780787767f@group-52A54961B0D1: changes role from  FOLLOWER to CANDIDATE at term 0 for changeToCandidate
2019-09-23 16:30:28,329 [Thread-795] INFO  impl.RoleInfo (RoleInfo.java:updateAndGet(143)) - 3b64e686-a5dd-4d89-9436-c5780787767f: start LeaderElection
2019-09-23 16:30:28,337 [e159ba87-a890-41be-ac9a-dd3e406e242d@group-B288D53BE695:LeaderElection27] INFO  impl.LeaderElection (LeaderElection.java:askForVotes(182)) - e159ba87-a890-41be-ac9a-dd3e406e242d@group-B288D53BE695:LeaderElection27: begin an election at term 1 for -1: [a5442e60-b445-451d-bf7e-b5b4139f0c5f:192.168.34.17:42853, 4c593327-0bf9-46b1-956b-3e746ac2d8f2:192.168.34.17:34116, e159ba87-a890-41be-ac9a-dd3e406e242d:192.168.34.17:34068], old=null
2019-09-23 16:30:28,337 [c521a0c7-0954-4889-a299-8aaf1b9d3454@group-52A54961B0D1:LeaderElection28] INFO  impl.LeaderElection (LeaderElection.java:askForVotes(182)) - c521a0c7-0954-4889-a299-8aaf1b9d3454@group-52A54961B0D1:LeaderElection28: begin an election at term 1 for -1: [c521a0c7-0954-4889-a299-8aaf1b9d3454:192.168.34.17:38284, 3b64e686-a5dd-4d89-9436-c5780787767f:192.168.34.17:36465, 11a0cb5c-8a56-4b06-b515-cdac7053eb33:192.168.34.17:40017], old=null
2019-09-23 16:30:28,337 [11a0cb5c-8a56-4b06-b515-cdac7053eb33@group-52A54961B0D1:LeaderElection29] INFO  impl.LeaderElection (LeaderElection.java:askForVotes(182)) - 11a0cb5c-8a56-4b06-b515-cdac7053eb33@group-52A54961B0D1:LeaderElection29: begin an election at term 1 for -1: [c521a0c7-0954-4889-a299-8aaf1b9d3454:192.168.34.17:38284, 3b64e686-a5dd-4d89-9436-c5780787767f:192.168.34.17:36465, 11a0cb5c-8a56-4b06-b515-cdac7053eb33:192.168.34.17:40017], old=null
2019-09-23 16:30:28,337 [4c593327-0bf9-46b1-956b-3e746ac2d8f2@group-B288D53BE695:LeaderElection30] INFO  impl.LeaderElection (LeaderElection.java:askForVotes(182)) - 4c593327-0bf9-46b1-956b-3e746ac2d8f2@group-B288D53BE695:LeaderElection30: begin an election at term 1 for -1: [a5442e60-b445-451d-bf7e-b5b4139f0c5f:192.168.34.17:42853, 4c593327-0bf9-46b1-956b-3e746ac2d8f2:192.168.34.17:34116, e159ba87-a890-41be-ac9a-dd3e406e242d:192.168.34.17:34068], old=null
2019-09-23 16:30:28,338 [3b64e686-a5dd-4d89-9436-c5780787767f@group-52A54961B0D1:LeaderElection31] INFO  impl.LeaderElection (LeaderElection.java:askForVotes(182)) - 3b64e686-a5dd-4d89-9436-c5780787767f@group-52A54961B0D1:LeaderElection31: begin an election at term 1 for -1: [c521a0c7-0954-4889-a299-8aaf1b9d3454:192.168.34.17:38284, 3b64e686-a5dd-4d89-9436-c5780787767f:192.168.34.17:36465, 11a0cb5c-8a56-4b06-b515-cdac7053eb33:192.168.34.17:40017], old=null
2019-09-23 16:30:28,351 [grpc-default-executor-2] INFO  impl.RaftServerImpl (RaftServerImpl.java:setRole(174)) - a5442e60-b445-451d-bf7e-b5b4139f0c5f@group-B288D53BE695: changes role from  FOLLOWER to FOLLOWER at term 1 for recognizeCandidate:e159ba87-a890-41be-ac9a-dd3e406e242d
2019-09-23 16:30:28,353 [grpc-default-executor-2] INFO  impl.RoleInfo (RoleInfo.java:shutdownFollowerState(121)) - a5442e60-b445-451d-bf7e-b5b4139f0c5f: shutdown FollowerState
2019-09-23 16:30:28,354 [Thread-801] INFO  impl.FollowerState (FollowerState.java:run(115)) - a5442e60-b445-451d-bf7e-b5b4139f0c5f: FollowerState was interrupted: java.lang.InterruptedException: sleep interrupted
2019-09-23 16:30:28,354 [grpc-default-executor-2] INFO  impl.RoleInfo (RoleInfo.java:updateAndGet(143)) - a5442e60-b445-451d-bf7e-b5b4139f0c5f: start FollowerState
2019-09-23 16:30:28,368 [3b64e686-a5dd-4d89-9436-c5780787767f@group-52A54961B0D1:LeaderElection31] INFO  impl.LeaderElection (LeaderElection.java:logAndReturn(56)) - 3b64e686-a5dd-4d89-9436-c5780787767f@group-52A54961B0D1:LeaderElection31: Election REJECTED; received 2 response(s) [3b64e686-a5dd-4d89-9436-c5780787767f<-c521a0c7-0954-4889-a299-8aaf1b9d3454#0:FAIL-t1, 3b64e686-a5dd-4d89-9436-c5780787767f<-11a0cb5c-8a56-4b06-b515-cdac7053eb33#0:FAIL-t1] and 0 exception(s); 3b64e686-a5dd-4d89-9436-c5780787767f@group-52A54961B0D1:t1, leader=null, voted=3b64e686-a5dd-4d89-9436-c5780787767f, raftlog=3b64e686-a5dd-4d89-9436-c5780787767f@group-52A54961B0D1-SegmentedRaftLog:OPENED:c-1,f-1,i0, conf=-1: [c521a0c7-0954-4889-a299-8aaf1b9d3454:192.168.34.17:38284, 3b64e686-a5dd-4d89-9436-c5780787767f:192.168.34.17:36465, 11a0cb5c-8a56-4b06-b515-cdac7053eb33:192.168.34.17:40017], old=null
2019-09-23 16:30:28,368 [11a0cb5c-8a56-4b06-b515-cdac7053eb33@group-52A54961B0D1:LeaderElection29] INFO  impl.LeaderElection (LeaderElection.java:logAndReturn(56)) - 11a0cb5c-8a56-4b06-b515-cdac7053eb33@group-52A54961B0D1:LeaderElection29: Election REJECTED; received 2 response(s) [11a0cb5c-8a56-4b06-b515-cdac7053eb33<-c521a0c7-0954-4889-a299-8aaf1b9d3454#0:FAIL-t1, 11a0cb5c-8a56-4b06-b515-cdac7053eb33<-3b64e686-a5dd-4d89-9436-c5780787767f#0:FAIL-t1] and 0 exception(s); 11a0cb5c-8a56-4b06-b515-cdac7053eb33@group-52A54961B0D1:t1, leader=null, voted=11a0cb5c-8a56-4b06-b515-cdac7053eb33, raftlog=11a0cb5c-8a56-4b06-b515-cdac7053eb33@group-52A54961B0D1-SegmentedRaftLog:OPENED:c-1,f-1,i0, conf=-1: [c521a0c7-0954-4889-a299-8aaf1b9d3454:192.168.34.17:38284, 3b64e686-a5dd-4d89-9436-c5780787767f:192.168.34.17:36465, 11a0cb5c-8a56-4b06-b515-cdac7053eb33:192.168.34.17:40017], old=null
2019-09-23 16:30:28,368 [3b64e686-a5dd-4d89-9436-c5780787767f@group-52A54961B0D1:LeaderElection31] INFO  impl.RaftServerImpl (RaftServerImpl.java:setRole(174)) - 3b64e686-a5dd-4d89-9436-c5780787767f@group-52A54961B0D1: changes role from CANDIDATE to FOLLOWER at term 1 for DISCOVERED_A_NEW_TERM
2019-09-23 16:30:28,370 [c521a0c7-0954-4889-a299-8aaf1b9d3454@group-52A54961B0D1:LeaderElection28] INFO  impl.LeaderElection (LeaderElection.java:logAndReturn(56)) - c521a0c7-0954-4889-a299-8aaf1b9d3454@group-52A54961B0D1:LeaderElection28: Election REJECTED; received 2 response(s) [c521a0c7-0954-4889-a299-8aaf1b9d3454<-3b64e686-a5dd-4d89-9436-c5780787767f#0:FAIL-t1, c521a0c7-0954-4889-a299-8aaf1b9d3454<-11a0cb5c-8a56-4b06-b515-cdac7053eb33#0:FAIL-t1] and 0 exception(s); c521a0c7-0954-4889-a299-8aaf1b9d3454@group-52A54961B0D1:t1, leader=null, voted=c521a0c7-0954-4889-a299-8aaf1b9d3454, raftlog=c521a0c7-0954-4889-a299-8aaf1b9d3454@group-52A54961B0D1-SegmentedRaftLog:OPENED:c-1,f-1,i0, conf=-1: [c521a0c7-0954-4889-a299-8aaf1b9d3454:192.168.34.17:38284, 3b64e686-a5dd-4d89-9436-c5780787767f:192.168.34.17:36465, 11a0cb5c-8a56-4b06-b515-cdac7053eb33:192.168.34.17:40017], old=null
2019-09-23 16:30:28,370 [11a0cb5c-8a56-4b06-b515-cdac7053eb33@group-52A54961B0D1:LeaderElection29] INFO  impl.RaftServerImpl (RaftServerImpl.java:setRole(174)) - 11a0cb5c-8a56-4b06-b515-cdac7053eb33@group-52A54961B0D1: changes role from CANDIDATE to FOLLOWER at term 1 for DISCOVERED_A_NEW_TERM
2019-09-23 16:30:28,372 [c521a0c7-0954-4889-a299-8aaf1b9d3454@group-52A54961B0D1:LeaderElection28] INFO  impl.RaftServerImpl (RaftServerImpl.java:setRole(174)) - c521a0c7-0954-4889-a299-8aaf1b9d3454@group-52A54961B0D1: changes role from CANDIDATE to FOLLOWER at term 1 for DISCOVERED_A_NEW_TERM
2019-09-23 16:30:28,371 [3b64e686-a5dd-4d89-9436-c5780787767f@group-52A54961B0D1:LeaderElection31] INFO  impl.RoleInfo (RoleInfo.java:shutdownLeaderElection(134)) - 3b64e686-a5dd-4d89-9436-c5780787767f: shutdown LeaderElection
2019-09-23 16:30:28,374 [c521a0c7-0954-4889-a299-8aaf1b9d3454@group-52A54961B0D1:LeaderElection28] INFO  impl.RoleInfo (RoleInfo.java:shutdownLeaderElection(134)) - c521a0c7-0954-4889-a299-8aaf1b9d3454: shutdown LeaderElection
2019-09-23 16:30:28,373 [11a0cb5c-8a56-4b06-b515-cdac7053eb33@group-52A54961B0D1:LeaderElection29] INFO  impl.RoleInfo (RoleInfo.java:shutdownLeaderElection(134)) - 11a0cb5c-8a56-4b06-b515-cdac7053eb33: shutdown LeaderElection
2019-09-23 16:30:28,375 [c521a0c7-0954-4889-a299-8aaf1b9d3454@group-52A54961B0D1:LeaderElection28] INFO  impl.RoleInfo (RoleInfo.java:updateAndGet(143)) - c521a0c7-0954-4889-a299-8aaf1b9d3454: start FollowerState
2019-09-23 16:30:28,374 [3b64e686-a5dd-4d89-9436-c5780787767f@group-52A54961B0D1:LeaderElection31] INFO  impl.RoleInfo (RoleInfo.java:updateAndGet(143)) - 3b64e686-a5dd-4d89-9436-c5780787767f: start FollowerState
2019-09-23 16:30:28,375 [11a0cb5c-8a56-4b06-b515-cdac7053eb33@group-52A54961B0D1:LeaderElection29] INFO  impl.RoleInfo (RoleInfo.java:updateAndGet(143)) - 11a0cb5c-8a56-4b06-b515-cdac7053eb33: start FollowerState
2019-09-23 16:30:28,387 [e159ba87-a890-41be-ac9a-dd3e406e242d@group-B288D53BE695:LeaderElection27] INFO  impl.LeaderElection (LeaderElection.java:logAndReturn(56)) - e159ba87-a890-41be-ac9a-dd3e406e242d@group-B288D53BE695:LeaderElection27: Election PASSED; received 2 response(s) [e159ba87-a890-41be-ac9a-dd3e406e242d<-a5442e60-b445-451d-bf7e-b5b4139f0c5f#0:OK-t1, e159ba87-a890-41be-ac9a-dd3e406e242d<-4c593327-0bf9-46b1-956b-3e746ac2d8f2#0:FAIL-t1] and 0 exception(s); e159ba87-a890-41be-ac9a-dd3e406e242d@group-B288D53BE695:t1, leader=null, voted=e159ba87-a890-41be-ac9a-dd3e406e242d, raftlog=e159ba87-a890-41be-ac9a-dd3e406e242d@group-B288D53BE695-SegmentedRaftLog:OPENED:c-1,f-1,i0, conf=-1: [a5442e60-b445-451d-bf7e-b5b4139f0c5f:192.168.34.17:42853, 4c593327-0bf9-46b1-956b-3e746ac2d8f2:192.168.34.17:34116, e159ba87-a890-41be-ac9a-dd3e406e242d:192.168.34.17:34068], old=null
2019-09-23 16:30:28,387 [e159ba87-a890-41be-ac9a-dd3e406e242d@group-B288D53BE695:LeaderElection27] INFO  impl.RoleInfo (RoleInfo.java:shutdownLeaderElection(134)) - e159ba87-a890-41be-ac9a-dd3e406e242d: shutdown LeaderElection
2019-09-23 16:30:28,387 [e159ba87-a890-41be-ac9a-dd3e406e242d@group-B288D53BE695:LeaderElection27] INFO  impl.RaftServerImpl (RaftServerImpl.java:setRole(174)) - e159ba87-a890-41be-ac9a-dd3e406e242d@group-B288D53BE695: changes role from CANDIDATE to LEADER at term 1 for changeToLeader
2019-09-23 16:30:28,387 [e159ba87-a890-41be-ac9a-dd3e406e242d@group-B288D53BE695:LeaderElection27] INFO  impl.RaftServerImpl (ServerState.java:setLeader(253)) - e159ba87-a890-41be-ac9a-dd3e406e242d@group-B288D53BE695: change Leader from null to e159ba87-a890-41be-ac9a-dd3e406e242d at term 1 for becomeLeader, leader elected after 5180ms
2019-09-23 16:30:28,387 [e159ba87-a890-41be-ac9a-dd3e406e242d@group-B288D53BE695:LeaderElection27] INFO  server.RaftServerConfigKeys (ConfUtils.java:logGet(43)) - raft.server.staging.catchup.gap = 1000 (default)
2019-09-23 16:30:28,387 [e159ba87-a890-41be-ac9a-dd3e406e242d@group-B288D53BE695:LeaderElection27] INFO  server.RaftServerConfigKeys (ConfUtils.java:logGet(43)) - raft.server.rpc.sleep.time = 25ms (default)
2019-09-23 16:30:28,387 [e159ba87-a890-41be-ac9a-dd3e406e242d@group-B288D53BE695:LeaderElection27] INFO  server.RaftServerConfigKeys (ConfUtils.java:logGet(43)) - raft.server.write.element-limit = 4096 (default)
2019-09-23 16:30:28,388 [4c593327-0bf9-46b1-956b-3e746ac2d8f2@group-B288D53BE695:LeaderElection30] INFO  impl.LeaderElection (LeaderElection.java:logAndReturn(56)) - 4c593327-0bf9-46b1-956b-3e746ac2d8f2@group-B288D53BE695:LeaderElection30: Election REJECTED; received 2 response(s) [4c593327-0bf9-46b1-956b-3e746ac2d8f2<-a5442e60-b445-451d-bf7e-b5b4139f0c5f#0:FAIL-t1, 4c593327-0bf9-46b1-956b-3e746ac2d8f2<-e159ba87-a890-41be-ac9a-dd3e406e242d#0:FAIL-t1] and 0 exception(s); 4c593327-0bf9-46b1-956b-3e746ac2d8f2@group-B288D53BE695:t1, leader=null, voted=4c593327-0bf9-46b1-956b-3e746ac2d8f2, raftlog=4c593327-0bf9-46b1-956b-3e746ac2d8f2@group-B288D53BE695-SegmentedRaftLog:OPENED:c-1,f-1,i0, conf=-1: [a5442e60-b445-451d-bf7e-b5b4139f0c5f:192.168.34.17:42853, 4c593327-0bf9-46b1-956b-3e746ac2d8f2:192.168.34.17:34116, e159ba87-a890-41be-ac9a-dd3e406e242d:192.168.34.17:34068], old=null
2019-09-23 16:30:28,388 [e159ba87-a890-41be-ac9a-dd3e406e242d@group-B288D53BE695:LeaderElection27] INFO  server.RaftServerConfigKeys (ConfUtils.java:logGet(43)) - raft.server.watch.timeout = 10s (default)
2019-09-23 16:30:28,389 [4c593327-0bf9-46b1-956b-3e746ac2d8f2@group-B288D53BE695:LeaderElection30] INFO  impl.RaftServerImpl (RaftServerImpl.java:setRole(174)) - 4c593327-0bf9-46b1-956b-3e746ac2d8f2@group-B288D53BE695: changes role from CANDIDATE to FOLLOWER at term 1 for DISCOVERED_A_NEW_TERM
2019-09-23 16:30:28,389 [e159ba87-a890-41be-ac9a-dd3e406e242d@group-B288D53BE695:LeaderElection27] INFO  server.RaftServerConfigKeys (ConfUtils.java:logGet(43)) - raft.server.watch.timeout.denomination = 1s (default)
2019-09-23 16:30:28,391 [4c593327-0bf9-46b1-956b-3e746ac2d8f2@group-B288D53BE695:LeaderElection30] INFO  impl.RoleInfo (RoleInfo.java:shutdownLeaderElection(134)) - 4c593327-0bf9-46b1-956b-3e746ac2d8f2: shutdown LeaderElection
2019-09-23 16:30:28,391 [e159ba87-a890-41be-ac9a-dd3e406e242d@group-B288D53BE695:LeaderElection27] INFO  server.RaftServerConfigKeys (ConfUtils.java:logGet(43)) - raft.server.watch.element-limit = 65536 (default)
2019-09-23 16:30:28,391 [4c593327-0bf9-46b1-956b-3e746ac2d8f2@group-B288D53BE695:LeaderElection30] INFO  impl.RoleInfo (RoleInfo.java:updateAndGet(143)) - 4c593327-0bf9-46b1-956b-3e746ac2d8f2: start FollowerState
2019-09-23 16:30:28,393 [e159ba87-a890-41be-ac9a-dd3e406e242d@group-B288D53BE695:LeaderElection27] INFO  server.RaftServerConfigKeys (ConfUtils.java:logGet(43)) - raft.server.log.appender.snapshot.chunk.size.max = 16MB (=16777216) (default)
2019-09-23 16:30:28,393 [e159ba87-a890-41be-ac9a-dd3e406e242d@group-B288D53BE695:LeaderElection27] INFO  server.RaftServerConfigKeys (ConfUtils.java:logGet(43)) - raft.server.log.appender.buffer.byte-limit = 33554432 (custom)
2019-09-23 16:30:28,394 [e159ba87-a890-41be-ac9a-dd3e406e242d@group-B288D53BE695:LeaderElection27] INFO  server.RaftServerConfigKeys (ConfUtils.java:logGet(43)) - raft.server.log.appender.buffer.element-limit = 1 (custom)
2019-09-23 16:30:28,394 [e159ba87-a890-41be-ac9a-dd3e406e242d@group-B288D53BE695:LeaderElection27] INFO  grpc.GrpcConfigKeys$Server (ConfUtils.java:logGet(43)) - raft.grpc.server.leader.outstanding.appends.max = 128 (default)
2019-09-23 16:30:28,394 [e159ba87-a890-41be-ac9a-dd3e406e242d@group-B288D53BE695:LeaderElection27] INFO  server.RaftServerConfigKeys (ConfUtils.java:logGet(43)) - raft.server.rpc.request.timeout = 3000ms (default)
2019-09-23 16:30:28,394 [e159ba87-a890-41be-ac9a-dd3e406e242d@group-B288D53BE695:LeaderElection27] INFO  server.RaftServerConfigKeys (ConfUtils.java:logGet(43)) - raft.server.log.appender.install.snapshot.enabled = false (custom)
2019-09-23 16:30:28,394 [e159ba87-a890-41be-ac9a-dd3e406e242d@group-B288D53BE695:LeaderElection27] INFO  server.RaftServerConfigKeys (ConfUtils.java:logGet(43)) - raft.server.log.appender.snapshot.chunk.size.max = 16MB (=16777216) (default)
2019-09-23 16:30:28,394 [e159ba87-a890-41be-ac9a-dd3e406e242d@group-B288D53BE695:LeaderElection27] INFO  server.RaftServerConfigKeys (ConfUtils.java:logGet(43)) - raft.server.log.appender.buffer.byte-limit = 33554432 (custom)
2019-09-23 16:30:28,394 [e159ba87-a890-41be-ac9a-dd3e406e242d@group-B288D53BE695:LeaderElection27] INFO  server.RaftServerConfigKeys (ConfUtils.java:logGet(43)) - raft.server.log.appender.buffer.element-limit = 1 (custom)
2019-09-23 16:30:28,395 [e159ba87-a890-41be-ac9a-dd3e406e242d@group-B288D53BE695:LeaderElection27] INFO  grpc.GrpcConfigKeys$Server (ConfUtils.java:logGet(43)) - raft.grpc.server.leader.outstanding.appends.max = 128 (default)
2019-09-23 16:30:28,395 [e159ba87-a890-41be-ac9a-dd3e406e242d@group-B288D53BE695:LeaderElection27] INFO  server.RaftServerConfigKeys (ConfUtils.java:logGet(43)) - raft.server.rpc.request.timeout = 3000ms (default)
2019-09-23 16:30:28,395 [e159ba87-a890-41be-ac9a-dd3e406e242d@group-B288D53BE695:LeaderElection27] INFO  server.RaftServerConfigKeys (ConfUtils.java:logGet(43)) - raft.server.log.appender.install.snapshot.enabled = false (custom)
2019-09-23 16:30:28,395 [e159ba87-a890-41be-ac9a-dd3e406e242d@group-B288D53BE695:LeaderElection27] INFO  impl.RoleInfo (RoleInfo.java:updateAndGet(143)) - e159ba87-a890-41be-ac9a-dd3e406e242d: start LeaderState
2019-09-23 16:30:28,395 [e159ba87-a890-41be-ac9a-dd3e406e242d@group-B288D53BE695:LeaderElection27] INFO  segmented.SegmentedRaftLogWorker (SegmentedRaftLogWorker.java:startLogSegment(380)) - e159ba87-a890-41be-ac9a-dd3e406e242d@group-B288D53BE695-SegmentedRaftLogWorker: Starting segment from index:0
2019-09-23 16:30:28,398 [e159ba87-a890-41be-ac9a-dd3e406e242d@group-B288D53BE695:LeaderElection27] INFO  impl.RaftServerImpl (ServerState.java:setRaftConf(354)) - e159ba87-a890-41be-ac9a-dd3e406e242d@group-B288D53BE695: set configuration 0: [a5442e60-b445-451d-bf7e-b5b4139f0c5f:192.168.34.17:42853, 4c593327-0bf9-46b1-956b-3e746ac2d8f2:192.168.34.17:34116, e159ba87-a890-41be-ac9a-dd3e406e242d:192.168.34.17:34068], old=null at 0
2019-09-23 16:30:28,400 [grpc-default-executor-2] INFO  impl.RaftServerImpl (ServerState.java:setLeader(253)) - 4c593327-0bf9-46b1-956b-3e746ac2d8f2@group-B288D53BE695: change Leader from null to e159ba87-a890-41be-ac9a-dd3e406e242d at term 1 for appendEntries, leader elected after 5193ms
2019-09-23 16:30:28,400 [grpc-default-executor-6] INFO  impl.RaftServerImpl (ServerState.java:setLeader(253)) - a5442e60-b445-451d-bf7e-b5b4139f0c5f@group-B288D53BE695: change Leader from null to e159ba87-a890-41be-ac9a-dd3e406e242d at term 1 for appendEntries, leader elected after 5195ms
2019-09-23 16:30:28,404 [grpc-default-executor-6] INFO  impl.RaftServerImpl (ServerState.java:setRaftConf(354)) - 4c593327-0bf9-46b1-956b-3e746ac2d8f2@group-B288D53BE695: set configuration 0: [a5442e60-b445-451d-bf7e-b5b4139f0c5f:192.168.34.17:42853, 4c593327-0bf9-46b1-956b-3e746ac2d8f2:192.168.34.17:34116, e159ba87-a890-41be-ac9a-dd3e406e242d:192.168.34.17:34068], old=null at 0
2019-09-23 16:30:28,404 [grpc-default-executor-2] INFO  impl.RaftServerImpl (ServerState.java:setRaftConf(354)) - a5442e60-b445-451d-bf7e-b5b4139f0c5f@group-B288D53BE695: set configuration 0: [a5442e60-b445-451d-bf7e-b5b4139f0c5f:192.168.34.17:42853, 4c593327-0bf9-46b1-956b-3e746ac2d8f2:192.168.34.17:34116, e159ba87-a890-41be-ac9a-dd3e406e242d:192.168.34.17:34068], old=null at 0
2019-09-23 16:30:28,404 [grpc-default-executor-6] INFO  segmented.SegmentedRaftLogWorker (SegmentedRaftLogWorker.java:startLogSegment(380)) - 4c593327-0bf9-46b1-956b-3e746ac2d8f2@group-B288D53BE695-SegmentedRaftLogWorker: Starting segment from index:0
2019-09-23 16:30:28,404 [grpc-default-executor-2] INFO  segmented.SegmentedRaftLogWorker (SegmentedRaftLogWorker.java:startLogSegment(380)) - a5442e60-b445-451d-bf7e-b5b4139f0c5f@group-B288D53BE695-SegmentedRaftLogWorker: Starting segment from index:0
2019-09-23 16:30:28,441 [e159ba87-a890-41be-ac9a-dd3e406e242d@group-B288D53BE695-SegmentedRaftLogWorker] INFO  segmented.SegmentedRaftLogWorker (SegmentedRaftLogWorker.java:execute(569)) - e159ba87-a890-41be-ac9a-dd3e406e242d@group-B288D53BE695-SegmentedRaftLogWorker: created new log segment /workdir/hadoop-ozone/integration-test/target/test-dir/MiniOzoneClusterImpl-2125af76-57d3-4163-b90f-d8f74e1b50d6/datanode-3/data/ratis/75ff431f-f267-4cff-b5bc-b288d53be695/current/log_inprogress_0
2019-09-23 16:30:28,444 [a5442e60-b445-451d-bf7e-b5b4139f0c5f@group-B288D53BE695-SegmentedRaftLogWorker] INFO  segmented.SegmentedRaftLogWorker (SegmentedRaftLogWorker.java:execute(569)) - a5442e60-b445-451d-bf7e-b5b4139f0c5f@group-B288D53BE695-SegmentedRaftLogWorker: created new log segment /workdir/hadoop-ozone/integration-test/target/test-dir/MiniOzoneClusterImpl-2125af76-57d3-4163-b90f-d8f74e1b50d6/datanode-6/data/ratis/75ff431f-f267-4cff-b5bc-b288d53be695/current/log_inprogress_0
2019-09-23 16:30:28,459 [4c593327-0bf9-46b1-956b-3e746ac2d8f2@group-B288D53BE695-SegmentedRaftLogWorker] INFO  segmented.SegmentedRaftLogWorker (SegmentedRaftLogWorker.java:execute(569)) - 4c593327-0bf9-46b1-956b-3e746ac2d8f2@group-B288D53BE695-SegmentedRaftLogWorker: created new log segment /workdir/hadoop-ozone/integration-test/target/test-dir/MiniOzoneClusterImpl-2125af76-57d3-4163-b90f-d8f74e1b50d6/datanode-5/data/ratis/75ff431f-f267-4cff-b5bc-b288d53be695/current/log_inprogress_0
2019-09-23 16:30:29,648 [RatisApplyTransactionExecutor 1] ERROR ratis.ContainerStateMachine (ContainerStateMachine.java:lambda$applyTransaction$6(721)) - gid group-B288D53BE695 : ApplyTransaction failed. cmd CreateContainer logIndex 7 exception {}
java.lang.IllegalArgumentException
	at com.google.common.base.Preconditions.checkArgument(Preconditions.java:72)
	at org.apache.hadoop.ozone.container.keyvalue.KeyValueHandler.handleCreateContainer(KeyValueHandler.java:215)
	at org.apache.hadoop.ozone.container.keyvalue.KeyValueHandler.handle(KeyValueHandler.java:152)
	at org.apache.hadoop.ozone.container.common.impl.HddsDispatcher.dispatchRequest(HddsDispatcher.java:275)
	at org.apache.hadoop.ozone.container.common.impl.HddsDispatcher.dispatch(HddsDispatcher.java:150)
	at org.apache.hadoop.ozone.container.common.transport.server.ratis.ContainerStateMachine.dispatchCommand(ContainerStateMachine.java:401)
	at org.apache.hadoop.ozone.container.common.transport.server.ratis.ContainerStateMachine.runCommand(ContainerStateMachine.java:409)
	at org.apache.hadoop.ozone.container.common.transport.server.ratis.ContainerStateMachine.lambda$applyTransaction$6(ContainerStateMachine.java:719)
	at java.util.concurrent.CompletableFuture$AsyncSupply.run(CompletableFuture.java:1590)
	at java.util.concurrent.ThreadPoolExecutor.runWorker(ThreadPoolExecutor.java:1149)
	at java.util.concurrent.ThreadPoolExecutor$Worker.run(ThreadPoolExecutor.java:624)
	at java.lang.Thread.run(Thread.java:748)
2019-09-23 16:30:29,659 [RatisApplyTransactionExecutor 1] ERROR ratis.ContainerStateMachine (ContainerStateMachine.java:lambda$applyTransaction$6(721)) - gid group-B288D53BE695 : ApplyTransaction failed. cmd CreateContainer logIndex 7 exception {}
java.lang.IllegalArgumentException
	at com.google.common.base.Preconditions.checkArgument(Preconditions.java:72)
	at org.apache.hadoop.ozone.container.keyvalue.KeyValueHandler.handleCreateContainer(KeyValueHandler.java:215)
	at org.apache.hadoop.ozone.container.keyvalue.KeyValueHandler.handle(KeyValueHandler.java:152)
	at org.apache.hadoop.ozone.container.common.impl.HddsDispatcher.dispatchRequest(HddsDispatcher.java:275)
	at org.apache.hadoop.ozone.container.common.impl.HddsDispatcher.dispatch(HddsDispatcher.java:150)
	at org.apache.hadoop.ozone.container.common.transport.server.ratis.ContainerStateMachine.dispatchCommand(ContainerStateMachine.java:401)
	at org.apache.hadoop.ozone.container.common.transport.server.ratis.ContainerStateMachine.runCommand(ContainerStateMachine.java:409)
	at org.apache.hadoop.ozone.container.common.transport.server.ratis.ContainerStateMachine.lambda$applyTransaction$6(ContainerStateMachine.java:719)
	at java.util.concurrent.CompletableFuture$AsyncSupply.run(CompletableFuture.java:1590)
	at java.util.concurrent.ThreadPoolExecutor.runWorker(ThreadPoolExecutor.java:1149)
	at java.util.concurrent.ThreadPoolExecutor$Worker.run(ThreadPoolExecutor.java:624)
	at java.lang.Thread.run(Thread.java:748)
2019-09-23 16:30:29,659 [RatisApplyTransactionExecutor 1] ERROR ratis.ContainerStateMachine (ContainerStateMachine.java:lambda$applyTransaction$6(721)) - gid group-B288D53BE695 : ApplyTransaction failed. cmd CreateContainer logIndex 7 exception {}
java.lang.IllegalArgumentException
	at com.google.common.base.Preconditions.checkArgument(Preconditions.java:72)
	at org.apache.hadoop.ozone.container.keyvalue.KeyValueHandler.handleCreateContainer(KeyValueHandler.java:215)
	at org.apache.hadoop.ozone.container.keyvalue.KeyValueHandler.handle(KeyValueHandler.java:152)
	at org.apache.hadoop.ozone.container.common.impl.HddsDispatcher.dispatchRequest(HddsDispatcher.java:275)
	at org.apache.hadoop.ozone.container.common.impl.HddsDispatcher.dispatch(HddsDispatcher.java:150)
	at org.apache.hadoop.ozone.container.common.transport.server.ratis.ContainerStateMachine.dispatchCommand(ContainerStateMachine.java:401)
	at org.apache.hadoop.ozone.container.common.transport.server.ratis.ContainerStateMachine.runCommand(ContainerStateMachine.java:409)
	at org.apache.hadoop.ozone.container.common.transport.server.ratis.ContainerStateMachine.lambda$applyTransaction$6(ContainerStateMachine.java:719)
	at java.util.concurrent.CompletableFuture$AsyncSupply.run(CompletableFuture.java:1590)
	at java.util.concurrent.ThreadPoolExecutor.runWorker(ThreadPoolExecutor.java:1149)
	at java.util.concurrent.ThreadPoolExecutor$Worker.run(ThreadPoolExecutor.java:624)
	at java.lang.Thread.run(Thread.java:748)
2019-09-23 16:30:33,381 [Thread-850] INFO  impl.FollowerState (FollowerState.java:run(106)) - 3b64e686-a5dd-4d89-9436-c5780787767f:group-52A54961B0D1 changes to CANDIDATE, lastRpcTime:5006, electionTimeout:5005ms
2019-09-23 16:30:33,381 [Thread-850] INFO  impl.RoleInfo (RoleInfo.java:shutdownFollowerState(121)) - 3b64e686-a5dd-4d89-9436-c5780787767f: shutdown FollowerState
2019-09-23 16:30:33,381 [Thread-850] INFO  impl.RaftServerImpl (RaftServerImpl.java:setRole(174)) - 3b64e686-a5dd-4d89-9436-c5780787767f@group-52A54961B0D1: changes role from  FOLLOWER to CANDIDATE at term 1 for changeToCandidate
2019-09-23 16:30:33,382 [Thread-850] INFO  impl.RoleInfo (RoleInfo.java:updateAndGet(143)) - 3b64e686-a5dd-4d89-9436-c5780787767f: start LeaderElection
2019-09-23 16:30:33,495 [Thread-852] INFO  impl.FollowerState (FollowerState.java:run(106)) - 11a0cb5c-8a56-4b06-b515-cdac7053eb33:group-52A54961B0D1 changes to CANDIDATE, lastRpcTime:5120, electionTimeout:5119ms
2019-09-23 16:30:33,495 [Thread-852] INFO  impl.RoleInfo (RoleInfo.java:shutdownFollowerState(121)) - 11a0cb5c-8a56-4b06-b515-cdac7053eb33: shutdown FollowerState
2019-09-23 16:30:33,495 [Thread-852] INFO  impl.RaftServerImpl (RaftServerImpl.java:setRole(174)) - 11a0cb5c-8a56-4b06-b515-cdac7053eb33@group-52A54961B0D1: changes role from  FOLLOWER to CANDIDATE at term 1 for changeToCandidate
2019-09-23 16:30:33,495 [Thread-852] INFO  impl.RoleInfo (RoleInfo.java:updateAndGet(143)) - 11a0cb5c-8a56-4b06-b515-cdac7053eb33: start LeaderElection
2019-09-23 16:30:33,556 [Thread-851] INFO  impl.FollowerState (FollowerState.java:run(106)) - c521a0c7-0954-4889-a299-8aaf1b9d3454:group-52A54961B0D1 changes to CANDIDATE, lastRpcTime:5181, electionTimeout:5181ms
2019-09-23 16:30:33,557 [Thread-851] INFO  impl.RoleInfo (RoleInfo.java:shutdownFollowerState(121)) - c521a0c7-0954-4889-a299-8aaf1b9d3454: shutdown FollowerState
2019-09-23 16:30:33,557 [Thread-851] INFO  impl.RaftServerImpl (RaftServerImpl.java:setRole(174)) - c521a0c7-0954-4889-a299-8aaf1b9d3454@group-52A54961B0D1: changes role from  FOLLOWER to CANDIDATE at term 1 for changeToCandidate
2019-09-23 16:30:33,557 [Thread-851] INFO  impl.RoleInfo (RoleInfo.java:updateAndGet(143)) - c521a0c7-0954-4889-a299-8aaf1b9d3454: start LeaderElection
2019-09-23 16:30:38,505 [3b64e686-a5dd-4d89-9436-c5780787767f@group-52A54961B0D1:LeaderElection32] INFO  impl.LeaderElection (LeaderElection.java:askForVotes(182)) - 3b64e686-a5dd-4d89-9436-c5780787767f@group-52A54961B0D1:LeaderElection32: begin an election at term 2 for -1: [c521a0c7-0954-4889-a299-8aaf1b9d3454:192.168.34.17:38284, 3b64e686-a5dd-4d89-9436-c5780787767f:192.168.34.17:36465, 11a0cb5c-8a56-4b06-b515-cdac7053eb33:192.168.34.17:40017], old=null
2019-09-23 16:30:38,505 [11a0cb5c-8a56-4b06-b515-cdac7053eb33@group-52A54961B0D1:LeaderElection33] INFO  impl.LeaderElection (LeaderElection.java:askForVotes(182)) - 11a0cb5c-8a56-4b06-b515-cdac7053eb33@group-52A54961B0D1:LeaderElection33: begin an election at term 2 for -1: [c521a0c7-0954-4889-a299-8aaf1b9d3454:192.168.34.17:38284, 3b64e686-a5dd-4d89-9436-c5780787767f:192.168.34.17:36465, 11a0cb5c-8a56-4b06-b515-cdac7053eb33:192.168.34.17:40017], old=null
2019-09-23 16:30:38,505 [c521a0c7-0954-4889-a299-8aaf1b9d3454@group-52A54961B0D1:LeaderElection34] INFO  impl.LeaderElection (LeaderElection.java:askForVotes(182)) - c521a0c7-0954-4889-a299-8aaf1b9d3454@group-52A54961B0D1:LeaderElection34: begin an election at term 2 for -1: [c521a0c7-0954-4889-a299-8aaf1b9d3454:192.168.34.17:38284, 3b64e686-a5dd-4d89-9436-c5780787767f:192.168.34.17:36465, 11a0cb5c-8a56-4b06-b515-cdac7053eb33:192.168.34.17:40017], old=null
2019-09-23 16:30:38,514 [11a0cb5c-8a56-4b06-b515-cdac7053eb33@group-52A54961B0D1:LeaderElection33] INFO  impl.LeaderElection (LeaderElection.java:logAndReturn(56)) - 11a0cb5c-8a56-4b06-b515-cdac7053eb33@group-52A54961B0D1:LeaderElection33: Election REJECTED; received 2 response(s) [11a0cb5c-8a56-4b06-b515-cdac7053eb33<-c521a0c7-0954-4889-a299-8aaf1b9d3454#0:FAIL-t2, 11a0cb5c-8a56-4b06-b515-cdac7053eb33<-3b64e686-a5dd-4d89-9436-c5780787767f#0:FAIL-t2] and 0 exception(s); 11a0cb5c-8a56-4b06-b515-cdac7053eb33@group-52A54961B0D1:t2, leader=null, voted=11a0cb5c-8a56-4b06-b515-cdac7053eb33, raftlog=11a0cb5c-8a56-4b06-b515-cdac7053eb33@group-52A54961B0D1-SegmentedRaftLog:OPENED:c-1,f-1,i0, conf=-1: [c521a0c7-0954-4889-a299-8aaf1b9d3454:192.168.34.17:38284, 3b64e686-a5dd-4d89-9436-c5780787767f:192.168.34.17:36465, 11a0cb5c-8a56-4b06-b515-cdac7053eb33:192.168.34.17:40017], old=null
2019-09-23 16:30:38,515 [3b64e686-a5dd-4d89-9436-c5780787767f@group-52A54961B0D1:LeaderElection32] INFO  impl.LeaderElection (LeaderElection.java:logAndReturn(56)) - 3b64e686-a5dd-4d89-9436-c5780787767f@group-52A54961B0D1:LeaderElection32: Election REJECTED; received 2 response(s) [3b64e686-a5dd-4d89-9436-c5780787767f<-c521a0c7-0954-4889-a299-8aaf1b9d3454#0:FAIL-t2, 3b64e686-a5dd-4d89-9436-c5780787767f<-11a0cb5c-8a56-4b06-b515-cdac7053eb33#0:FAIL-t2] and 0 exception(s); 3b64e686-a5dd-4d89-9436-c5780787767f@group-52A54961B0D1:t2, leader=null, voted=3b64e686-a5dd-4d89-9436-c5780787767f, raftlog=3b64e686-a5dd-4d89-9436-c5780787767f@group-52A54961B0D1-SegmentedRaftLog:OPENED:c-1,f-1,i0, conf=-1: [c521a0c7-0954-4889-a299-8aaf1b9d3454:192.168.34.17:38284, 3b64e686-a5dd-4d89-9436-c5780787767f:192.168.34.17:36465, 11a0cb5c-8a56-4b06-b515-cdac7053eb33:192.168.34.17:40017], old=null
2019-09-23 16:30:38,515 [11a0cb5c-8a56-4b06-b515-cdac7053eb33@group-52A54961B0D1:LeaderElection33] INFO  impl.RaftServerImpl (RaftServerImpl.java:setRole(174)) - 11a0cb5c-8a56-4b06-b515-cdac7053eb33@group-52A54961B0D1: changes role from CANDIDATE to FOLLOWER at term 2 for DISCOVERED_A_NEW_TERM
2019-09-23 16:30:38,521 [c521a0c7-0954-4889-a299-8aaf1b9d3454@group-52A54961B0D1:LeaderElection34] INFO  impl.LeaderElection (LeaderElection.java:logAndReturn(56)) - c521a0c7-0954-4889-a299-8aaf1b9d3454@group-52A54961B0D1:LeaderElection34: Election REJECTED; received 2 response(s) [c521a0c7-0954-4889-a299-8aaf1b9d3454<-3b64e686-a5dd-4d89-9436-c5780787767f#0:FAIL-t2, c521a0c7-0954-4889-a299-8aaf1b9d3454<-11a0cb5c-8a56-4b06-b515-cdac7053eb33#0:FAIL-t2] and 0 exception(s); c521a0c7-0954-4889-a299-8aaf1b9d3454@group-52A54961B0D1:t2, leader=null, voted=c521a0c7-0954-4889-a299-8aaf1b9d3454, raftlog=c521a0c7-0954-4889-a299-8aaf1b9d3454@group-52A54961B0D1-SegmentedRaftLog:OPENED:c-1,f-1,i0, conf=-1: [c521a0c7-0954-4889-a299-8aaf1b9d3454:192.168.34.17:38284, 3b64e686-a5dd-4d89-9436-c5780787767f:192.168.34.17:36465, 11a0cb5c-8a56-4b06-b515-cdac7053eb33:192.168.34.17:40017], old=null
2019-09-23 16:30:38,520 [3b64e686-a5dd-4d89-9436-c5780787767f@group-52A54961B0D1:LeaderElection32] INFO  impl.RaftServerImpl (RaftServerImpl.java:setRole(174)) - 3b64e686-a5dd-4d89-9436-c5780787767f@group-52A54961B0D1: changes role from CANDIDATE to FOLLOWER at term 2 for DISCOVERED_A_NEW_TERM
2019-09-23 16:30:38,524 [3b64e686-a5dd-4d89-9436-c5780787767f@group-52A54961B0D1:LeaderElection32] INFO  impl.RoleInfo (RoleInfo.java:shutdownLeaderElection(134)) - 3b64e686-a5dd-4d89-9436-c5780787767f: shutdown LeaderElection
2019-09-23 16:30:38,523 [c521a0c7-0954-4889-a299-8aaf1b9d3454@group-52A54961B0D1:LeaderElection34] INFO  impl.RaftServerImpl (RaftServerImpl.java:setRole(174)) - c521a0c7-0954-4889-a299-8aaf1b9d3454@group-52A54961B0D1: changes role from CANDIDATE to FOLLOWER at term 2 for DISCOVERED_A_NEW_TERM
2019-09-23 16:30:38,526 [c521a0c7-0954-4889-a299-8aaf1b9d3454@group-52A54961B0D1:LeaderElection34] INFO  impl.RoleInfo (RoleInfo.java:shutdownLeaderElection(134)) - c521a0c7-0954-4889-a299-8aaf1b9d3454: shutdown LeaderElection
2019-09-23 16:30:38,521 [11a0cb5c-8a56-4b06-b515-cdac7053eb33@group-52A54961B0D1:LeaderElection33] INFO  impl.RoleInfo (RoleInfo.java:shutdownLeaderElection(134)) - 11a0cb5c-8a56-4b06-b515-cdac7053eb33: shutdown LeaderElection
2019-09-23 16:30:38,527 [c521a0c7-0954-4889-a299-8aaf1b9d3454@group-52A54961B0D1:LeaderElection34] INFO  impl.RoleInfo (RoleInfo.java:updateAndGet(143)) - c521a0c7-0954-4889-a299-8aaf1b9d3454: start FollowerState
2019-09-23 16:30:38,526 [3b64e686-a5dd-4d89-9436-c5780787767f@group-52A54961B0D1:LeaderElection32] INFO  impl.RoleInfo (RoleInfo.java:updateAndGet(143)) - 3b64e686-a5dd-4d89-9436-c5780787767f: start FollowerState
2019-09-23 16:30:38,527 [11a0cb5c-8a56-4b06-b515-cdac7053eb33@group-52A54961B0D1:LeaderElection33] INFO  impl.RoleInfo (RoleInfo.java:updateAndGet(143)) - 11a0cb5c-8a56-4b06-b515-cdac7053eb33: start FollowerState
2019-09-23 16:30:43,586 [Thread-946] INFO  impl.FollowerState (FollowerState.java:run(106)) - 11a0cb5c-8a56-4b06-b515-cdac7053eb33:group-52A54961B0D1 changes to CANDIDATE, lastRpcTime:5059, electionTimeout:5058ms
2019-09-23 16:30:43,586 [Thread-946] INFO  impl.RoleInfo (RoleInfo.java:shutdownFollowerState(121)) - 11a0cb5c-8a56-4b06-b515-cdac7053eb33: shutdown FollowerState
2019-09-23 16:30:43,586 [Thread-946] INFO  impl.RaftServerImpl (RaftServerImpl.java:setRole(174)) - 11a0cb5c-8a56-4b06-b515-cdac7053eb33@group-52A54961B0D1: changes role from  FOLLOWER to CANDIDATE at term 2 for changeToCandidate
2019-09-23 16:30:43,587 [Thread-946] INFO  impl.RoleInfo (RoleInfo.java:updateAndGet(143)) - 11a0cb5c-8a56-4b06-b515-cdac7053eb33: start LeaderElection
2019-09-23 16:30:43,606 [11a0cb5c-8a56-4b06-b515-cdac7053eb33@group-52A54961B0D1:LeaderElection35] INFO  impl.LeaderElection (LeaderElection.java:askForVotes(182)) - 11a0cb5c-8a56-4b06-b515-cdac7053eb33@group-52A54961B0D1:LeaderElection35: begin an election at term 3 for -1: [c521a0c7-0954-4889-a299-8aaf1b9d3454:192.168.34.17:38284, 3b64e686-a5dd-4d89-9436-c5780787767f:192.168.34.17:36465, 11a0cb5c-8a56-4b06-b515-cdac7053eb33:192.168.34.17:40017], old=null
2019-09-23 16:30:43,612 [Thread-944] INFO  impl.FollowerState (FollowerState.java:run(106)) - 3b64e686-a5dd-4d89-9436-c5780787767f:group-52A54961B0D1 changes to CANDIDATE, lastRpcTime:5085, electionTimeout:5084ms
2019-09-23 16:30:43,612 [Thread-944] INFO  impl.RoleInfo (RoleInfo.java:shutdownFollowerState(121)) - 3b64e686-a5dd-4d89-9436-c5780787767f: shutdown FollowerState
2019-09-23 16:30:43,612 [Thread-944] INFO  impl.RaftServerImpl (RaftServerImpl.java:setRole(174)) - 3b64e686-a5dd-4d89-9436-c5780787767f@group-52A54961B0D1: changes role from  FOLLOWER to CANDIDATE at term 2 for changeToCandidate
2019-09-23 16:30:43,612 [Thread-944] INFO  impl.RoleInfo (RoleInfo.java:updateAndGet(143)) - 3b64e686-a5dd-4d89-9436-c5780787767f: start LeaderElection
2019-09-23 16:30:43,615 [grpc-default-executor-5] INFO  impl.RaftServerImpl (RaftServerImpl.java:setRole(174)) - c521a0c7-0954-4889-a299-8aaf1b9d3454@group-52A54961B0D1: changes role from  FOLLOWER to FOLLOWER at term 3 for recognizeCandidate:11a0cb5c-8a56-4b06-b515-cdac7053eb33
2019-09-23 16:30:43,615 [grpc-default-executor-8] INFO  impl.RaftServerImpl (RaftServerImpl.java:setRole(174)) - 3b64e686-a5dd-4d89-9436-c5780787767f@group-52A54961B0D1: changes role from CANDIDATE to FOLLOWER at term 3 for recognizeCandidate:11a0cb5c-8a56-4b06-b515-cdac7053eb33
2019-09-23 16:30:43,616 [grpc-default-executor-5] INFO  impl.RoleInfo (RoleInfo.java:shutdownFollowerState(121)) - c521a0c7-0954-4889-a299-8aaf1b9d3454: shutdown FollowerState
2019-09-23 16:30:43,616 [grpc-default-executor-8] INFO  impl.RoleInfo (RoleInfo.java:shutdownLeaderElection(134)) - 3b64e686-a5dd-4d89-9436-c5780787767f: shutdown LeaderElection
2019-09-23 16:30:43,616 [Thread-945] INFO  impl.FollowerState (FollowerState.java:run(115)) - c521a0c7-0954-4889-a299-8aaf1b9d3454: FollowerState was interrupted: java.lang.InterruptedException: sleep interrupted
2019-09-23 16:30:43,616 [grpc-default-executor-5] INFO  impl.RoleInfo (RoleInfo.java:updateAndGet(143)) - c521a0c7-0954-4889-a299-8aaf1b9d3454: start FollowerState
2019-09-23 16:30:43,617 [grpc-default-executor-8] INFO  impl.RoleInfo (RoleInfo.java:updateAndGet(143)) - 3b64e686-a5dd-4d89-9436-c5780787767f: start FollowerState
2019-09-23 16:30:43,651 [11a0cb5c-8a56-4b06-b515-cdac7053eb33@group-52A54961B0D1:LeaderElection35] INFO  impl.LeaderElection (LeaderElection.java:logAndReturn(56)) - 11a0cb5c-8a56-4b06-b515-cdac7053eb33@group-52A54961B0D1:LeaderElection35: Election PASSED; received 2 response(s) [11a0cb5c-8a56-4b06-b515-cdac7053eb33<-c521a0c7-0954-4889-a299-8aaf1b9d3454#0:OK-t3, 11a0cb5c-8a56-4b06-b515-cdac7053eb33<-3b64e686-a5dd-4d89-9436-c5780787767f#0:FAIL-t3] and 0 exception(s); 11a0cb5c-8a56-4b06-b515-cdac7053eb33@group-52A54961B0D1:t3, leader=null, voted=11a0cb5c-8a56-4b06-b515-cdac7053eb33, raftlog=11a0cb5c-8a56-4b06-b515-cdac7053eb33@group-52A54961B0D1-SegmentedRaftLog:OPENED:c-1,f-1,i0, conf=-1: [c521a0c7-0954-4889-a299-8aaf1b9d3454:192.168.34.17:38284, 3b64e686-a5dd-4d89-9436-c5780787767f:192.168.34.17:36465, 11a0cb5c-8a56-4b06-b515-cdac7053eb33:192.168.34.17:40017], old=null
2019-09-23 16:30:43,651 [11a0cb5c-8a56-4b06-b515-cdac7053eb33@group-52A54961B0D1:LeaderElection35] INFO  impl.RoleInfo (RoleInfo.java:shutdownLeaderElection(134)) - 11a0cb5c-8a56-4b06-b515-cdac7053eb33: shutdown LeaderElection
2019-09-23 16:30:43,651 [11a0cb5c-8a56-4b06-b515-cdac7053eb33@group-52A54961B0D1:LeaderElection35] INFO  impl.RaftServerImpl (RaftServerImpl.java:setRole(174)) - 11a0cb5c-8a56-4b06-b515-cdac7053eb33@group-52A54961B0D1: changes role from CANDIDATE to LEADER at term 3 for changeToLeader
2019-09-23 16:30:43,652 [11a0cb5c-8a56-4b06-b515-cdac7053eb33@group-52A54961B0D1:LeaderElection35] INFO  impl.RaftServerImpl (ServerState.java:setLeader(253)) - 11a0cb5c-8a56-4b06-b515-cdac7053eb33@group-52A54961B0D1: change Leader from null to 11a0cb5c-8a56-4b06-b515-cdac7053eb33 at term 3 for becomeLeader, leader elected after 20493ms
2019-09-23 16:30:43,652 [11a0cb5c-8a56-4b06-b515-cdac7053eb33@group-52A54961B0D1:LeaderElection35] INFO  server.RaftServerConfigKeys (ConfUtils.java:logGet(43)) - raft.server.staging.catchup.gap = 1000 (default)
2019-09-23 16:30:43,653 [11a0cb5c-8a56-4b06-b515-cdac7053eb33@group-52A54961B0D1:LeaderElection35] INFO  server.RaftServerConfigKeys (ConfUtils.java:logGet(43)) - raft.server.rpc.sleep.time = 25ms (default)
2019-09-23 16:30:43,653 [11a0cb5c-8a56-4b06-b515-cdac7053eb33@group-52A54961B0D1:LeaderElection35] INFO  server.RaftServerConfigKeys (ConfUtils.java:logGet(43)) - raft.server.write.element-limit = 4096 (default)
2019-09-23 16:30:43,654 [11a0cb5c-8a56-4b06-b515-cdac7053eb33@group-52A54961B0D1:LeaderElection35] INFO  server.RaftServerConfigKeys (ConfUtils.java:logGet(43)) - raft.server.watch.timeout = 10s (default)
2019-09-23 16:30:43,654 [11a0cb5c-8a56-4b06-b515-cdac7053eb33@group-52A54961B0D1:LeaderElection35] INFO  server.RaftServerConfigKeys (ConfUtils.java:logGet(43)) - raft.server.watch.timeout.denomination = 1s (default)
2019-09-23 16:30:43,654 [11a0cb5c-8a56-4b06-b515-cdac7053eb33@group-52A54961B0D1:LeaderElection35] INFO  server.RaftServerConfigKeys (ConfUtils.java:logGet(43)) - raft.server.watch.element-limit = 65536 (default)
2019-09-23 16:30:43,663 [11a0cb5c-8a56-4b06-b515-cdac7053eb33@group-52A54961B0D1:LeaderElection35] INFO  server.RaftServerConfigKeys (ConfUtils.java:logGet(43)) - raft.server.log.appender.snapshot.chunk.size.max = 16MB (=16777216) (default)
2019-09-23 16:30:43,663 [11a0cb5c-8a56-4b06-b515-cdac7053eb33@group-52A54961B0D1:LeaderElection35] INFO  server.RaftServerConfigKeys (ConfUtils.java:logGet(43)) - raft.server.log.appender.buffer.byte-limit = 33554432 (custom)
2019-09-23 16:30:43,663 [11a0cb5c-8a56-4b06-b515-cdac7053eb33@group-52A54961B0D1:LeaderElection35] INFO  server.RaftServerConfigKeys (ConfUtils.java:logGet(43)) - raft.server.log.appender.buffer.element-limit = 1 (custom)
2019-09-23 16:30:43,664 [11a0cb5c-8a56-4b06-b515-cdac7053eb33@group-52A54961B0D1:LeaderElection35] INFO  grpc.GrpcConfigKeys$Server (ConfUtils.java:logGet(43)) - raft.grpc.server.leader.outstanding.appends.max = 128 (default)
2019-09-23 16:30:43,664 [11a0cb5c-8a56-4b06-b515-cdac7053eb33@group-52A54961B0D1:LeaderElection35] INFO  server.RaftServerConfigKeys (ConfUtils.java:logGet(43)) - raft.server.rpc.request.timeout = 3000ms (default)
2019-09-23 16:30:43,664 [11a0cb5c-8a56-4b06-b515-cdac7053eb33@group-52A54961B0D1:LeaderElection35] INFO  server.RaftServerConfigKeys (ConfUtils.java:logGet(43)) - raft.server.log.appender.install.snapshot.enabled = false (custom)
2019-09-23 16:30:43,665 [11a0cb5c-8a56-4b06-b515-cdac7053eb33@group-52A54961B0D1:LeaderElection35] INFO  server.RaftServerConfigKeys (ConfUtils.java:logGet(43)) - raft.server.log.appender.snapshot.chunk.size.max = 16MB (=16777216) (default)
2019-09-23 16:30:43,665 [11a0cb5c-8a56-4b06-b515-cdac7053eb33@group-52A54961B0D1:LeaderElection35] INFO  server.RaftServerConfigKeys (ConfUtils.java:logGet(43)) - raft.server.log.appender.buffer.byte-limit = 33554432 (custom)
2019-09-23 16:30:43,665 [11a0cb5c-8a56-4b06-b515-cdac7053eb33@group-52A54961B0D1:LeaderElection35] INFO  server.RaftServerConfigKeys (ConfUtils.java:logGet(43)) - raft.server.log.appender.buffer.element-limit = 1 (custom)
2019-09-23 16:30:43,665 [11a0cb5c-8a56-4b06-b515-cdac7053eb33@group-52A54961B0D1:LeaderElection35] INFO  grpc.GrpcConfigKeys$Server (ConfUtils.java:logGet(43)) - raft.grpc.server.leader.outstanding.appends.max = 128 (default)
2019-09-23 16:30:43,665 [11a0cb5c-8a56-4b06-b515-cdac7053eb33@group-52A54961B0D1:LeaderElection35] INFO  server.RaftServerConfigKeys (ConfUtils.java:logGet(43)) - raft.server.rpc.request.timeout = 3000ms (default)
2019-09-23 16:30:43,666 [11a0cb5c-8a56-4b06-b515-cdac7053eb33@group-52A54961B0D1:LeaderElection35] INFO  server.RaftServerConfigKeys (ConfUtils.java:logGet(43)) - raft.server.log.appender.install.snapshot.enabled = false (custom)
2019-09-23 16:30:43,666 [11a0cb5c-8a56-4b06-b515-cdac7053eb33@group-52A54961B0D1:LeaderElection35] INFO  impl.RoleInfo (RoleInfo.java:updateAndGet(143)) - 11a0cb5c-8a56-4b06-b515-cdac7053eb33: start LeaderState
2019-09-23 16:30:43,667 [11a0cb5c-8a56-4b06-b515-cdac7053eb33@group-52A54961B0D1:LeaderElection35] INFO  segmented.SegmentedRaftLogWorker (SegmentedRaftLogWorker.java:startLogSegment(380)) - 11a0cb5c-8a56-4b06-b515-cdac7053eb33@group-52A54961B0D1-SegmentedRaftLogWorker: Starting segment from index:0
2019-09-23 16:30:43,668 [11a0cb5c-8a56-4b06-b515-cdac7053eb33@group-52A54961B0D1:LeaderElection35] INFO  impl.RaftServerImpl (ServerState.java:setRaftConf(354)) - 11a0cb5c-8a56-4b06-b515-cdac7053eb33@group-52A54961B0D1: set configuration 0: [c521a0c7-0954-4889-a299-8aaf1b9d3454:192.168.34.17:38284, 3b64e686-a5dd-4d89-9436-c5780787767f:192.168.34.17:36465, 11a0cb5c-8a56-4b06-b515-cdac7053eb33:192.168.34.17:40017], old=null at 0
2019-09-23 16:30:43,703 [3b64e686-a5dd-4d89-9436-c5780787767f@group-52A54961B0D1:LeaderElection36] INFO  impl.LeaderElection (LeaderElection.java:askForVotes(182)) - 3b64e686-a5dd-4d89-9436-c5780787767f@group-52A54961B0D1:LeaderElection36: begin an election at term 4 for -1: [c521a0c7-0954-4889-a299-8aaf1b9d3454:192.168.34.17:38284, 3b64e686-a5dd-4d89-9436-c5780787767f:192.168.34.17:36465, 11a0cb5c-8a56-4b06-b515-cdac7053eb33:192.168.34.17:40017], old=null
2019-09-23 16:30:43,707 [3b64e686-a5dd-4d89-9436-c5780787767f@group-52A54961B0D1:LeaderElection36] INFO  impl.LeaderElection (LeaderElection.java:logAndReturn(56)) - 3b64e686-a5dd-4d89-9436-c5780787767f@group-52A54961B0D1:LeaderElection36: Election REJECTED; received 0 response(s) [] and 0 exception(s); 3b64e686-a5dd-4d89-9436-c5780787767f@group-52A54961B0D1:t4, leader=null, voted=3b64e686-a5dd-4d89-9436-c5780787767f, raftlog=3b64e686-a5dd-4d89-9436-c5780787767f@group-52A54961B0D1-SegmentedRaftLog:OPENED:c-1,f-1,i0, conf=-1: [c521a0c7-0954-4889-a299-8aaf1b9d3454:192.168.34.17:38284, 3b64e686-a5dd-4d89-9436-c5780787767f:192.168.34.17:36465, 11a0cb5c-8a56-4b06-b515-cdac7053eb33:192.168.34.17:40017], old=null
2019-09-23 16:30:43,710 [grpc-default-executor-4] INFO  impl.RaftServerImpl (ServerState.java:setLeader(253)) - c521a0c7-0954-4889-a299-8aaf1b9d3454@group-52A54961B0D1: change Leader from null to 11a0cb5c-8a56-4b06-b515-cdac7053eb33 at term 3 for appendEntries, leader elected after 20551ms
2019-09-23 16:30:43,710 [grpc-default-executor-6] INFO  impl.RaftServerImpl (ServerState.java:setLeader(253)) - c521a0c7-0954-4889-a299-8aaf1b9d3454@group-52A54961B0D1: change Leader from 11a0cb5c-8a56-4b06-b515-cdac7053eb33 to null at term 4 for updateCurrentTerm
2019-09-23 16:30:43,713 [grpc-default-executor-8] INFO  impl.RaftServerImpl (ServerState.java:setLeader(253)) - 11a0cb5c-8a56-4b06-b515-cdac7053eb33@group-52A54961B0D1: change Leader from 11a0cb5c-8a56-4b06-b515-cdac7053eb33 to null at term 4 for updateCurrentTerm
2019-09-23 16:30:43,713 [grpc-default-executor-6] INFO  impl.RaftServerImpl (RaftServerImpl.java:setRole(174)) - c521a0c7-0954-4889-a299-8aaf1b9d3454@group-52A54961B0D1: changes role from  FOLLOWER to FOLLOWER at term 4 for recognizeCandidate:3b64e686-a5dd-4d89-9436-c5780787767f
2019-09-23 16:30:43,713 [grpc-default-executor-8] INFO  impl.RaftServerImpl (RaftServerImpl.java:setRole(174)) - 11a0cb5c-8a56-4b06-b515-cdac7053eb33@group-52A54961B0D1: changes role from    LEADER to FOLLOWER at term 4 for recognizeCandidate:3b64e686-a5dd-4d89-9436-c5780787767f
2019-09-23 16:30:43,713 [grpc-default-executor-6] INFO  impl.RoleInfo (RoleInfo.java:shutdownFollowerState(121)) - c521a0c7-0954-4889-a299-8aaf1b9d3454: shutdown FollowerState
2019-09-23 16:30:43,714 [grpc-default-executor-8] INFO  impl.RoleInfo (RoleInfo.java:shutdownLeaderState(104)) - 11a0cb5c-8a56-4b06-b515-cdac7053eb33: shutdown LeaderState
2019-09-23 16:30:43,714 [Thread-975] INFO  impl.FollowerState (FollowerState.java:run(115)) - c521a0c7-0954-4889-a299-8aaf1b9d3454: FollowerState was interrupted: java.lang.InterruptedException: sleep interrupted
2019-09-23 16:30:43,719 [org.apache.ratis.server.impl.LogAppender$AppenderDaemon$$Lambda$681/804434398@44d852ab] WARN  server.GrpcLogAppender (GrpcLogAppender.java:mayWait(143)) - 11a0cb5c-8a56-4b06-b515-cdac7053eb33@group-52A54961B0D1->c521a0c7-0954-4889-a299-8aaf1b9d3454-GrpcLogAppender: Wait interrupted by java.lang.InterruptedException
2019-09-23 16:30:43,714 [grpc-default-executor-6] INFO  impl.RoleInfo (RoleInfo.java:updateAndGet(143)) - c521a0c7-0954-4889-a299-8aaf1b9d3454: start FollowerState
2019-09-23 16:30:43,719 [grpc-default-executor-8] INFO  impl.PendingRequests (PendingRequests.java:sendNotLeaderResponses(202)) - 11a0cb5c-8a56-4b06-b515-cdac7053eb33-PendingRequests: sendNotLeaderResponses
2019-09-23 16:30:43,719 [org.apache.ratis.server.impl.LogAppender$AppenderDaemon$$Lambda$681/804434398@5ad8d333] WARN  server.GrpcLogAppender (GrpcLogAppender.java:mayWait(143)) - 11a0cb5c-8a56-4b06-b515-cdac7053eb33@group-52A54961B0D1->3b64e686-a5dd-4d89-9436-c5780787767f-GrpcLogAppender: Wait interrupted by java.lang.InterruptedException
2019-09-23 16:30:43,722 [grpc-default-executor-4] INFO  server.GrpcServerProtocolService (GrpcServerProtocolService.java:onCompleted(113)) - c521a0c7-0954-4889-a299-8aaf1b9d3454: Completed APPEND_ENTRIES, lastRequest: 11a0cb5c-8a56-4b06-b515-cdac7053eb33->c521a0c7-0954-4889-a299-8aaf1b9d3454#0-t3, previous=(t:0, i:0), leaderCommit=-1, initializing? false, entries: <empty>
2019-09-23 16:30:43,722 [grpc-default-executor-8] INFO  impl.RoleInfo (RoleInfo.java:updateAndGet(143)) - 11a0cb5c-8a56-4b06-b515-cdac7053eb33: start FollowerState
2019-09-23 16:30:43,723 [grpc-default-executor-4] INFO  server.GrpcServerProtocolService (GrpcServerProtocolService.java:onCompleted(113)) - 3b64e686-a5dd-4d89-9436-c5780787767f: Completed APPEND_ENTRIES, lastRequest: 11a0cb5c-8a56-4b06-b515-cdac7053eb33->3b64e686-a5dd-4d89-9436-c5780787767f#0-t3, previous=(t:0, i:0), leaderCommit=-1, initializing? false, entries: <empty>
2019-09-23 16:30:43,723 [grpc-default-executor-5] INFO  server.GrpcLogAppender (GrpcLogAppender.java:onCompleted(293)) - 11a0cb5c-8a56-4b06-b515-cdac7053eb33@group-52A54961B0D1->3b64e686-a5dd-4d89-9436-c5780787767f-AppendLogResponseHandler: follower responses appendEntries COMPLETED
2019-09-23 16:30:43,723 [grpc-default-executor-4] INFO  server.GrpcLogAppender (GrpcLogAppender.java:onCompleted(293)) - 11a0cb5c-8a56-4b06-b515-cdac7053eb33@group-52A54961B0D1->c521a0c7-0954-4889-a299-8aaf1b9d3454-AppendLogResponseHandler: follower responses appendEntries COMPLETED
2019-09-23 16:30:43,724 [grpc-default-executor-5] INFO  impl.FollowerInfo (FollowerInfo.java:lambda$new$0(51)) - 11a0cb5c-8a56-4b06-b515-cdac7053eb33@group-52A54961B0D1->3b64e686-a5dd-4d89-9436-c5780787767f: nextIndex: updateUnconditionally 0 -> 0
2019-09-23 16:30:43,724 [grpc-default-executor-4] INFO  impl.FollowerInfo (FollowerInfo.java:lambda$new$0(51)) - 11a0cb5c-8a56-4b06-b515-cdac7053eb33@group-52A54961B0D1->c521a0c7-0954-4889-a299-8aaf1b9d3454: nextIndex: updateUnconditionally 0 -> 0
2019-09-23 16:30:43,726 [11a0cb5c-8a56-4b06-b515-cdac7053eb33@group-52A54961B0D1-SegmentedRaftLogWorker] INFO  segmented.SegmentedRaftLogWorker (SegmentedRaftLogWorker.java:execute(569)) - 11a0cb5c-8a56-4b06-b515-cdac7053eb33@group-52A54961B0D1-SegmentedRaftLogWorker: created new log segment /workdir/hadoop-ozone/integration-test/target/test-dir/MiniOzoneClusterImpl-2125af76-57d3-4163-b90f-d8f74e1b50d6/datanode-0/data/ratis/7e227b05-0026-48b4-911a-52a54961b0d1/current/log_inprogress_0
2019-09-23 16:30:48,693 [Thread-976] INFO  impl.FollowerState (FollowerState.java:run(106)) - 3b64e686-a5dd-4d89-9436-c5780787767f:group-52A54961B0D1 changes to CANDIDATE, lastRpcTime:5076, electionTimeout:5073ms
2019-09-23 16:30:48,693 [Thread-976] INFO  impl.RoleInfo (RoleInfo.java:shutdownFollowerState(121)) - 3b64e686-a5dd-4d89-9436-c5780787767f: shutdown FollowerState
2019-09-23 16:30:48,693 [Thread-976] INFO  impl.RaftServerImpl (RaftServerImpl.java:setRole(174)) - 3b64e686-a5dd-4d89-9436-c5780787767f@group-52A54961B0D1: changes role from  FOLLOWER to CANDIDATE at term 4 for changeToCandidate
2019-09-23 16:30:48,694 [Thread-976] INFO  impl.RoleInfo (RoleInfo.java:updateAndGet(143)) - 3b64e686-a5dd-4d89-9436-c5780787767f: start LeaderElection
2019-09-23 16:30:48,712 [3b64e686-a5dd-4d89-9436-c5780787767f@group-52A54961B0D1:LeaderElection37] INFO  impl.LeaderElection (LeaderElection.java:askForVotes(182)) - 3b64e686-a5dd-4d89-9436-c5780787767f@group-52A54961B0D1:LeaderElection37: begin an election at term 5 for -1: [c521a0c7-0954-4889-a299-8aaf1b9d3454:192.168.34.17:38284, 3b64e686-a5dd-4d89-9436-c5780787767f:192.168.34.17:36465, 11a0cb5c-8a56-4b06-b515-cdac7053eb33:192.168.34.17:40017], old=null
2019-09-23 16:30:48,715 [grpc-default-executor-8] INFO  impl.RaftServerImpl (RaftServerImpl.java:setRole(174)) - 11a0cb5c-8a56-4b06-b515-cdac7053eb33@group-52A54961B0D1: changes role from  FOLLOWER to FOLLOWER at term 5 for recognizeCandidate:3b64e686-a5dd-4d89-9436-c5780787767f
2019-09-23 16:30:48,715 [grpc-default-executor-6] INFO  impl.RaftServerImpl (RaftServerImpl.java:setRole(174)) - c521a0c7-0954-4889-a299-8aaf1b9d3454@group-52A54961B0D1: changes role from  FOLLOWER to FOLLOWER at term 5 for recognizeCandidate:3b64e686-a5dd-4d89-9436-c5780787767f
2019-09-23 16:30:48,715 [grpc-default-executor-8] INFO  impl.RoleInfo (RoleInfo.java:shutdownFollowerState(121)) - 11a0cb5c-8a56-4b06-b515-cdac7053eb33: shutdown FollowerState
2019-09-23 16:30:48,716 [grpc-default-executor-6] INFO  impl.RoleInfo (RoleInfo.java:shutdownFollowerState(121)) - c521a0c7-0954-4889-a299-8aaf1b9d3454: shutdown FollowerState
2019-09-23 16:30:48,716 [Thread-986] INFO  impl.FollowerState (FollowerState.java:run(115)) - 11a0cb5c-8a56-4b06-b515-cdac7053eb33: FollowerState was interrupted: java.lang.InterruptedException: sleep interrupted
2019-09-23 16:30:48,716 [grpc-default-executor-8] INFO  impl.RoleInfo (RoleInfo.java:updateAndGet(143)) - 11a0cb5c-8a56-4b06-b515-cdac7053eb33: start FollowerState
2019-09-23 16:30:48,719 [Thread-985] INFO  impl.FollowerState (FollowerState.java:run(115)) - c521a0c7-0954-4889-a299-8aaf1b9d3454: FollowerState was interrupted: java.lang.InterruptedException: sleep interrupted
2019-09-23 16:30:48,716 [grpc-default-executor-6] INFO  impl.RoleInfo (RoleInfo.java:updateAndGet(143)) - c521a0c7-0954-4889-a299-8aaf1b9d3454: start FollowerState
2019-09-23 16:30:48,747 [3b64e686-a5dd-4d89-9436-c5780787767f@group-52A54961B0D1:LeaderElection37] INFO  impl.LeaderElection (LeaderElection.java:logAndReturn(56)) - 3b64e686-a5dd-4d89-9436-c5780787767f@group-52A54961B0D1:LeaderElection37: Election PASSED; received 2 response(s) [3b64e686-a5dd-4d89-9436-c5780787767f<-c521a0c7-0954-4889-a299-8aaf1b9d3454#0:OK-t5, 3b64e686-a5dd-4d89-9436-c5780787767f<-11a0cb5c-8a56-4b06-b515-cdac7053eb33#0:FAIL-t5] and 0 exception(s); 3b64e686-a5dd-4d89-9436-c5780787767f@group-52A54961B0D1:t5, leader=null, voted=3b64e686-a5dd-4d89-9436-c5780787767f, raftlog=3b64e686-a5dd-4d89-9436-c5780787767f@group-52A54961B0D1-SegmentedRaftLog:OPENED:c-1,f-1,i0, conf=-1: [c521a0c7-0954-4889-a299-8aaf1b9d3454:192.168.34.17:38284, 3b64e686-a5dd-4d89-9436-c5780787767f:192.168.34.17:36465, 11a0cb5c-8a56-4b06-b515-cdac7053eb33:192.168.34.17:40017], old=null
2019-09-23 16:30:48,748 [3b64e686-a5dd-4d89-9436-c5780787767f@group-52A54961B0D1:LeaderElection37] INFO  impl.RoleInfo (RoleInfo.java:shutdownLeaderElection(134)) - 3b64e686-a5dd-4d89-9436-c5780787767f: shutdown LeaderElection
2019-09-23 16:30:48,748 [3b64e686-a5dd-4d89-9436-c5780787767f@group-52A54961B0D1:LeaderElection37] INFO  impl.RaftServerImpl (RaftServerImpl.java:setRole(174)) - 3b64e686-a5dd-4d89-9436-c5780787767f@group-52A54961B0D1: changes role from CANDIDATE to LEADER at term 5 for changeToLeader
2019-09-23 16:30:48,748 [3b64e686-a5dd-4d89-9436-c5780787767f@group-52A54961B0D1:LeaderElection37] INFO  impl.RaftServerImpl (ServerState.java:setLeader(253)) - 3b64e686-a5dd-4d89-9436-c5780787767f@group-52A54961B0D1: change Leader from null to 3b64e686-a5dd-4d89-9436-c5780787767f at term 5 for becomeLeader, leader elected after 25590ms
2019-09-23 16:30:48,748 [3b64e686-a5dd-4d89-9436-c5780787767f@group-52A54961B0D1:LeaderElection37] INFO  server.RaftServerConfigKeys (ConfUtils.java:logGet(43)) - raft.server.staging.catchup.gap = 1000 (default)
2019-09-23 16:30:48,749 [3b64e686-a5dd-4d89-9436-c5780787767f@group-52A54961B0D1:LeaderElection37] INFO  server.RaftServerConfigKeys (ConfUtils.java:logGet(43)) - raft.server.rpc.sleep.time = 25ms (default)
2019-09-23 16:30:48,749 [3b64e686-a5dd-4d89-9436-c5780787767f@group-52A54961B0D1:LeaderElection37] INFO  server.RaftServerConfigKeys (ConfUtils.java:logGet(43)) - raft.server.write.element-limit = 4096 (default)
2019-09-23 16:30:48,750 [3b64e686-a5dd-4d89-9436-c5780787767f@group-52A54961B0D1:LeaderElection37] INFO  server.RaftServerConfigKeys (ConfUtils.java:logGet(43)) - raft.server.watch.timeout = 10s (default)
2019-09-23 16:30:48,750 [3b64e686-a5dd-4d89-9436-c5780787767f@group-52A54961B0D1:LeaderElection37] INFO  server.RaftServerConfigKeys (ConfUtils.java:logGet(43)) - raft.server.watch.timeout.denomination = 1s (default)
2019-09-23 16:30:48,750 [3b64e686-a5dd-4d89-9436-c5780787767f@group-52A54961B0D1:LeaderElection37] INFO  server.RaftServerConfigKeys (ConfUtils.java:logGet(43)) - raft.server.watch.element-limit = 65536 (default)
2019-09-23 16:30:48,756 [3b64e686-a5dd-4d89-9436-c5780787767f@group-52A54961B0D1:LeaderElection37] INFO  server.RaftServerConfigKeys (ConfUtils.java:logGet(43)) - raft.server.log.appender.snapshot.chunk.size.max = 16MB (=16777216) (default)
2019-09-23 16:30:48,756 [3b64e686-a5dd-4d89-9436-c5780787767f@group-52A54961B0D1:LeaderElection37] INFO  server.RaftServerConfigKeys (ConfUtils.java:logGet(43)) - raft.server.log.appender.buffer.byte-limit = 33554432 (custom)
2019-09-23 16:30:48,756 [3b64e686-a5dd-4d89-9436-c5780787767f@group-52A54961B0D1:LeaderElection37] INFO  server.RaftServerConfigKeys (ConfUtils.java:logGet(43)) - raft.server.log.appender.buffer.element-limit = 1 (custom)
2019-09-23 16:30:48,757 [3b64e686-a5dd-4d89-9436-c5780787767f@group-52A54961B0D1:LeaderElection37] INFO  grpc.GrpcConfigKeys$Server (ConfUtils.java:logGet(43)) - raft.grpc.server.leader.outstanding.appends.max = 128 (default)
2019-09-23 16:30:48,757 [3b64e686-a5dd-4d89-9436-c5780787767f@group-52A54961B0D1:LeaderElection37] INFO  server.RaftServerConfigKeys (ConfUtils.java:logGet(43)) - raft.server.rpc.request.timeout = 3000ms (default)
2019-09-23 16:30:48,757 [3b64e686-a5dd-4d89-9436-c5780787767f@group-52A54961B0D1:LeaderElection37] INFO  server.RaftServerConfigKeys (ConfUtils.java:logGet(43)) - raft.server.log.appender.install.snapshot.enabled = false (custom)
2019-09-23 16:30:48,758 [3b64e686-a5dd-4d89-9436-c5780787767f@group-52A54961B0D1:LeaderElection37] INFO  server.RaftServerConfigKeys (ConfUtils.java:logGet(43)) - raft.server.log.appender.snapshot.chunk.size.max = 16MB (=16777216) (default)
2019-09-23 16:30:48,758 [3b64e686-a5dd-4d89-9436-c5780787767f@group-52A54961B0D1:LeaderElection37] INFO  server.RaftServerConfigKeys (ConfUtils.java:logGet(43)) - raft.server.log.appender.buffer.byte-limit = 33554432 (custom)
2019-09-23 16:30:48,758 [3b64e686-a5dd-4d89-9436-c5780787767f@group-52A54961B0D1:LeaderElection37] INFO  server.RaftServerConfigKeys (ConfUtils.java:logGet(43)) - raft.server.log.appender.buffer.element-limit = 1 (custom)
2019-09-23 16:30:48,758 [3b64e686-a5dd-4d89-9436-c5780787767f@group-52A54961B0D1:LeaderElection37] INFO  grpc.GrpcConfigKeys$Server (ConfUtils.java:logGet(43)) - raft.grpc.server.leader.outstanding.appends.max = 128 (default)
2019-09-23 16:30:48,758 [3b64e686-a5dd-4d89-9436-c5780787767f@group-52A54961B0D1:LeaderElection37] INFO  server.RaftServerConfigKeys (ConfUtils.java:logGet(43)) - raft.server.rpc.request.timeout = 3000ms (default)
2019-09-23 16:30:48,759 [3b64e686-a5dd-4d89-9436-c5780787767f@group-52A54961B0D1:LeaderElection37] INFO  server.RaftServerConfigKeys (ConfUtils.java:logGet(43)) - raft.server.log.appender.install.snapshot.enabled = false (custom)
2019-09-23 16:30:48,759 [3b64e686-a5dd-4d89-9436-c5780787767f@group-52A54961B0D1:LeaderElection37] INFO  impl.RoleInfo (RoleInfo.java:updateAndGet(143)) - 3b64e686-a5dd-4d89-9436-c5780787767f: start LeaderState
2019-09-23 16:30:48,759 [3b64e686-a5dd-4d89-9436-c5780787767f@group-52A54961B0D1:LeaderElection37] INFO  segmented.SegmentedRaftLogWorker (SegmentedRaftLogWorker.java:startLogSegment(380)) - 3b64e686-a5dd-4d89-9436-c5780787767f@group-52A54961B0D1-SegmentedRaftLogWorker: Starting segment from index:0
2019-09-23 16:30:48,760 [3b64e686-a5dd-4d89-9436-c5780787767f@group-52A54961B0D1:LeaderElection37] INFO  impl.RaftServerImpl (ServerState.java:setRaftConf(354)) - 3b64e686-a5dd-4d89-9436-c5780787767f@group-52A54961B0D1: set configuration 0: [c521a0c7-0954-4889-a299-8aaf1b9d3454:192.168.34.17:38284, 3b64e686-a5dd-4d89-9436-c5780787767f:192.168.34.17:36465, 11a0cb5c-8a56-4b06-b515-cdac7053eb33:192.168.34.17:40017], old=null at 0
2019-09-23 16:30:48,762 [grpc-default-executor-8] INFO  impl.RaftServerImpl (ServerState.java:setLeader(253)) - c521a0c7-0954-4889-a299-8aaf1b9d3454@group-52A54961B0D1: change Leader from null to 3b64e686-a5dd-4d89-9436-c5780787767f at term 5 for appendEntries, leader elected after 5051ms
2019-09-23 16:30:48,762 [grpc-default-executor-6] INFO  impl.RaftServerImpl (ServerState.java:setLeader(253)) - 11a0cb5c-8a56-4b06-b515-cdac7053eb33@group-52A54961B0D1: change Leader from null to 3b64e686-a5dd-4d89-9436-c5780787767f at term 5 for appendEntries, leader elected after 5049ms
2019-09-23 16:30:48,803 [grpc-default-executor-8] INFO  impl.RaftServerImpl (ServerState.java:setRaftConf(354)) - 11a0cb5c-8a56-4b06-b515-cdac7053eb33@group-52A54961B0D1: set configuration 0: [c521a0c7-0954-4889-a299-8aaf1b9d3454:192.168.34.17:38284, 3b64e686-a5dd-4d89-9436-c5780787767f:192.168.34.17:36465, 11a0cb5c-8a56-4b06-b515-cdac7053eb33:192.168.34.17:40017], old=null at 0
2019-09-23 16:30:48,803 [grpc-default-executor-6] INFO  impl.RaftServerImpl (ServerState.java:setRaftConf(354)) - c521a0c7-0954-4889-a299-8aaf1b9d3454@group-52A54961B0D1: set configuration 0: [c521a0c7-0954-4889-a299-8aaf1b9d3454:192.168.34.17:38284, 3b64e686-a5dd-4d89-9436-c5780787767f:192.168.34.17:36465, 11a0cb5c-8a56-4b06-b515-cdac7053eb33:192.168.34.17:40017], old=null at 0
2019-09-23 16:30:48,803 [grpc-default-executor-8] INFO  segmented.SegmentedRaftLogWorker (SegmentedRaftLogWorker.java:truncate(396)) - 11a0cb5c-8a56-4b06-b515-cdac7053eb33@group-52A54961B0D1-SegmentedRaftLogWorker: Truncating segments toTruncate: null
  toDelete: [(0, 0) isOpen? true, length=0, newEndIndex=-1], start index 0
2019-09-23 16:30:48,803 [grpc-default-executor-6] INFO  segmented.SegmentedRaftLogWorker (SegmentedRaftLogWorker.java:startLogSegment(380)) - c521a0c7-0954-4889-a299-8aaf1b9d3454@group-52A54961B0D1-SegmentedRaftLogWorker: Starting segment from index:0
2019-09-23 16:30:48,803 [grpc-default-executor-8] INFO  segmented.SegmentedRaftLogWorker (SegmentedRaftLogWorker.java:startLogSegment(380)) - 11a0cb5c-8a56-4b06-b515-cdac7053eb33@group-52A54961B0D1-SegmentedRaftLogWorker: Starting segment from index:0
2019-09-23 16:30:48,804 [11a0cb5c-8a56-4b06-b515-cdac7053eb33@group-52A54961B0D1-SegmentedRaftLogWorker] INFO  segmented.SegmentedRaftLogWorker (SegmentedRaftLogWorker.java:execute(633)) - 11a0cb5c-8a56-4b06-b515-cdac7053eb33@group-52A54961B0D1-SegmentedRaftLogWorker: Deleted log file /workdir/hadoop-ozone/integration-test/target/test-dir/MiniOzoneClusterImpl-2125af76-57d3-4163-b90f-d8f74e1b50d6/datanode-0/data/ratis/7e227b05-0026-48b4-911a-52a54961b0d1/current/log_inprogress_0
2019-09-23 16:30:48,804 [11a0cb5c-8a56-4b06-b515-cdac7053eb33@group-52A54961B0D1-SegmentedRaftLogWorker] INFO  segmented.SegmentedRaftLogWorker (SegmentedRaftLogWorker.java:lambda$new$0(132)) - 11a0cb5c-8a56-4b06-b515-cdac7053eb33@group-52A54961B0D1-SegmentedRaftLogWorker: flushIndex: setUnconditionally 0 -> -1
2019-09-23 16:30:48,810 [3b64e686-a5dd-4d89-9436-c5780787767f@group-52A54961B0D1-SegmentedRaftLogWorker] INFO  segmented.SegmentedRaftLogWorker (SegmentedRaftLogWorker.java:execute(569)) - 3b64e686-a5dd-4d89-9436-c5780787767f@group-52A54961B0D1-SegmentedRaftLogWorker: created new log segment /workdir/hadoop-ozone/integration-test/target/test-dir/MiniOzoneClusterImpl-2125af76-57d3-4163-b90f-d8f74e1b50d6/datanode-1/data/ratis/7e227b05-0026-48b4-911a-52a54961b0d1/current/log_inprogress_0
2019-09-23 16:30:48,852 [c521a0c7-0954-4889-a299-8aaf1b9d3454@group-52A54961B0D1-SegmentedRaftLogWorker] INFO  segmented.SegmentedRaftLogWorker (SegmentedRaftLogWorker.java:execute(569)) - c521a0c7-0954-4889-a299-8aaf1b9d3454@group-52A54961B0D1-SegmentedRaftLogWorker: created new log segment /workdir/hadoop-ozone/integration-test/target/test-dir/MiniOzoneClusterImpl-2125af76-57d3-4163-b90f-d8f74e1b50d6/datanode-2/data/ratis/7e227b05-0026-48b4-911a-52a54961b0d1/current/log_inprogress_0
2019-09-23 16:30:48,852 [11a0cb5c-8a56-4b06-b515-cdac7053eb33@group-52A54961B0D1-SegmentedRaftLogWorker] INFO  segmented.SegmentedRaftLogWorker (SegmentedRaftLogWorker.java:execute(569)) - 11a0cb5c-8a56-4b06-b515-cdac7053eb33@group-52A54961B0D1-SegmentedRaftLogWorker: created new log segment /workdir/hadoop-ozone/integration-test/target/test-dir/MiniOzoneClusterImpl-2125af76-57d3-4163-b90f-d8f74e1b50d6/datanode-0/data/ratis/7e227b05-0026-48b4-911a-52a54961b0d1/current/log_inprogress_0
2019-09-23 16:32:01,569 [main] INFO  ozone.MiniOzoneClusterImpl (MiniOzoneClusterImpl.java:shutdown(314)) - Shutting down the Mini Ozone Cluster
2019-09-23 16:32:01,570 [main] INFO  ozone.MiniOzoneClusterImpl (MiniOzoneClusterImpl.java:stop(330)) - Stopping the Mini Ozone Cluster
2019-09-23 16:32:01,571 [main] INFO  ozone.MiniOzoneClusterImpl (MiniOzoneClusterImpl.java:stopOM(400)) - Stopping the OzoneManager
2019-09-23 16:32:01,571 [main] INFO  ipc.Server (Server.java:stop(3082)) - Stopping server on 35533
2019-09-23 16:32:01,588 [IPC Server listener on 35533] INFO  ipc.Server (Server.java:run(1185)) - Stopping IPC Server listener on 35533
2019-09-23 16:32:01,593 [IPC Server Responder] INFO  ipc.Server (Server.java:run(1319)) - Stopping IPC Server Responder
2019-09-23 16:32:01,593 [main] INFO  ratis.OzoneManagerDoubleBuffer (OzoneManagerDoubleBuffer.java:stop(248)) - Stopping OMDoubleBuffer flush thread
2019-09-23 16:32:01,601 [OMDoubleBufferFlushThread] INFO  ratis.OzoneManagerDoubleBuffer (OzoneManagerDoubleBuffer.java:flushTransactions(191)) - OMDoubleBuffer flush thread OMDoubleBufferFlushThread is interrupted and will exit. OMDoubleBufferFlushThread
2019-09-23 16:32:01,623 [main] INFO  utils.BackgroundService (BackgroundService.java:shutdown(148)) - Shutting down service KeyDeletingService
2019-09-23 16:32:01,625 [main] INFO  handler.ContextHandler (ContextHandler.java:doStop(910)) - Stopped o.e.j.w.WebAppContext@bfec2f9{/,null,UNAVAILABLE}{/ozoneManager}
2019-09-23 16:32:01,626 [main] INFO  server.AbstractConnector (AbstractConnector.java:doStop(318)) - Stopped ServerConnector@708eb310{HTTP/1.1,[http/1.1]}{0.0.0.0:0}
2019-09-23 16:32:01,627 [main] INFO  handler.ContextHandler (ContextHandler.java:doStop(910)) - Stopped o.e.j.s.ServletContextHandler@76ececd{/static,file:///workdir/hadoop-ozone/integration-test/target/test-classes/webapps/static,UNAVAILABLE}
2019-09-23 16:32:01,627 [main] INFO  handler.ContextHandler (ContextHandler.java:doStop(910)) - Stopped o.e.j.s.ServletContextHandler@21a9a705{/logs,file:///workdir/hadoop-ozone/integration-test/target/log,UNAVAILABLE}
2019-09-23 16:32:01,632 [main] INFO  ozone.MiniOzoneClusterImpl (MiniOzoneClusterImpl.java:stopDatanodes(377)) - Stopping the HddsDatanodes
2019-09-23 16:32:02,279 [Datanode State Machine Thread - 0] INFO  statemachine.DatanodeStateMachine (DatanodeStateMachine.java:lambda$startDaemon$0(350)) - Ozone container server started.
2019-09-23 16:32:02,540 [Datanode State Machine Thread - 0] INFO  statemachine.DatanodeStateMachine (DatanodeStateMachine.java:lambda$startDaemon$0(350)) - Ozone container server started.
2019-09-23 16:32:06,634 [ForkJoinPool.commonPool-worker-0] INFO  ozoneimpl.OzoneContainer (OzoneContainer.java:stop(231)) - Attempting to stop container services.
2019-09-23 16:32:06,634 [main] INFO  ozoneimpl.OzoneContainer (OzoneContainer.java:stop(231)) - Attempting to stop container services.
2019-09-23 16:32:06,646 [ForkJoinPool.commonPool-worker-0] INFO  impl.RaftServerProxy (RaftServerProxy.java:lambda$close$4(314)) - 3b64e686-a5dd-4d89-9436-c5780787767f: close
2019-09-23 16:32:06,646 [main] INFO  impl.RaftServerProxy (RaftServerProxy.java:lambda$close$4(314)) - cb202041-87f9-4945-b71c-48ba0d998619: close
2019-09-23 16:32:06,647 [ForkJoinPool.commonPool-worker-0] INFO  impl.RaftServerImpl (RaftServerImpl.java:lambda$shutdown$3(251)) - 3b64e686-a5dd-4d89-9436-c5780787767f@group-025742918EF8: shutdown
2019-09-23 16:32:06,647 [main] INFO  impl.RaftServerImpl (RaftServerImpl.java:lambda$shutdown$3(251)) - cb202041-87f9-4945-b71c-48ba0d998619@group-70B70CCD3508: shutdown
2019-09-23 16:32:06,647 [ForkJoinPool.commonPool-worker-0] INFO  util.JmxRegister (JmxRegister.java:unregister(73)) - Successfully un-registered JMX Bean with object name Ratis:service=RaftServer,group=group-025742918EF8,id=3b64e686-a5dd-4d89-9436-c5780787767f
2019-09-23 16:32:06,647 [main] INFO  util.JmxRegister (JmxRegister.java:unregister(73)) - Successfully un-registered JMX Bean with object name Ratis:service=RaftServer,group=group-70B70CCD3508,id=cb202041-87f9-4945-b71c-48ba0d998619
2019-09-23 16:32:06,648 [ForkJoinPool.commonPool-worker-0] INFO  impl.RoleInfo (RoleInfo.java:shutdownLeaderState(104)) - 3b64e686-a5dd-4d89-9436-c5780787767f: shutdown LeaderState
2019-09-23 16:32:06,648 [main] INFO  impl.RoleInfo (RoleInfo.java:shutdownLeaderState(104)) - cb202041-87f9-4945-b71c-48ba0d998619: shutdown LeaderState
2019-09-23 16:32:06,648 [ForkJoinPool.commonPool-worker-0] INFO  impl.PendingRequests (PendingRequests.java:sendNotLeaderResponses(202)) - 3b64e686-a5dd-4d89-9436-c5780787767f-PendingRequests: sendNotLeaderResponses
2019-09-23 16:32:06,649 [main] INFO  impl.PendingRequests (PendingRequests.java:sendNotLeaderResponses(202)) - cb202041-87f9-4945-b71c-48ba0d998619-PendingRequests: sendNotLeaderResponses
2019-09-23 16:32:06,649 [ForkJoinPool.commonPool-worker-0] INFO  impl.StateMachineUpdater (StateMachineUpdater.java:stopAndJoin(125)) - 3b64e686-a5dd-4d89-9436-c5780787767f@group-025742918EF8-StateMachineUpdater: set stopIndex = 0
2019-09-23 16:32:06,649 [main] INFO  impl.StateMachineUpdater (StateMachineUpdater.java:stopAndJoin(125)) - cb202041-87f9-4945-b71c-48ba0d998619@group-70B70CCD3508-StateMachineUpdater: set stopIndex = 0
2019-09-23 16:32:06,650 [main] INFO  impl.RaftServerImpl (ServerState.java:close(385)) - cb202041-87f9-4945-b71c-48ba0d998619@group-70B70CCD3508: closes. applyIndex: 0
2019-09-23 16:32:06,650 [ForkJoinPool.commonPool-worker-0] INFO  impl.RaftServerImpl (ServerState.java:close(385)) - 3b64e686-a5dd-4d89-9436-c5780787767f@group-025742918EF8: closes. applyIndex: 0
2019-09-23 16:32:06,651 [3b64e686-a5dd-4d89-9436-c5780787767f@group-025742918EF8-SegmentedRaftLogWorker] INFO  segmented.SegmentedRaftLogWorker (SegmentedRaftLogWorker.java:run(313)) - 3b64e686-a5dd-4d89-9436-c5780787767f@group-025742918EF8-SegmentedRaftLogWorker was interrupted, exiting. There are 0 tasks remaining in the queue.
2019-09-23 16:32:06,651 [cb202041-87f9-4945-b71c-48ba0d998619@group-70B70CCD3508-SegmentedRaftLogWorker] INFO  segmented.SegmentedRaftLogWorker (SegmentedRaftLogWorker.java:run(313)) - cb202041-87f9-4945-b71c-48ba0d998619@group-70B70CCD3508-SegmentedRaftLogWorker was interrupted, exiting. There are 0 tasks remaining in the queue.
2019-09-23 16:32:06,655 [main] INFO  segmented.SegmentedRaftLogWorker (SegmentedRaftLogWorker.java:close(228)) - cb202041-87f9-4945-b71c-48ba0d998619@group-70B70CCD3508-SegmentedRaftLogWorker close()
2019-09-23 16:32:06,655 [ForkJoinPool.commonPool-worker-0] INFO  segmented.SegmentedRaftLogWorker (SegmentedRaftLogWorker.java:close(228)) - 3b64e686-a5dd-4d89-9436-c5780787767f@group-025742918EF8-SegmentedRaftLogWorker close()
2019-09-23 16:32:06,659 [main] INFO  server.GrpcService (GrpcService.java:closeImpl(164)) - cb202041-87f9-4945-b71c-48ba0d998619: shutdown server with port 42759 now
2019-09-23 16:32:06,664 [ForkJoinPool.commonPool-worker-0] INFO  impl.RaftServerImpl (RaftServerImpl.java:lambda$shutdown$3(251)) - 3b64e686-a5dd-4d89-9436-c5780787767f@group-52A54961B0D1: shutdown
2019-09-23 16:32:06,665 [ForkJoinPool.commonPool-worker-0] INFO  util.JmxRegister (JmxRegister.java:unregister(73)) - Successfully un-registered JMX Bean with object name Ratis:service=RaftServer,group=group-52A54961B0D1,id=3b64e686-a5dd-4d89-9436-c5780787767f
2019-09-23 16:32:06,667 [main] INFO  server.GrpcService (GrpcService.java:closeImpl(172)) - cb202041-87f9-4945-b71c-48ba0d998619: shutdown server with port 42759 successfully
2019-09-23 16:32:06,668 [ForkJoinPool.commonPool-worker-0] INFO  impl.RoleInfo (RoleInfo.java:shutdownLeaderState(104)) - 3b64e686-a5dd-4d89-9436-c5780787767f: shutdown LeaderState
2019-09-23 16:32:06,673 [ForkJoinPool.commonPool-worker-0] INFO  impl.PendingRequests (PendingRequests.java:sendNotLeaderResponses(202)) - 3b64e686-a5dd-4d89-9436-c5780787767f-PendingRequests: sendNotLeaderResponses
2019-09-23 16:32:06,673 [org.apache.ratis.server.impl.LogAppender$AppenderDaemon$$Lambda$681/804434398@2fd77cc0] WARN  server.GrpcLogAppender (GrpcLogAppender.java:mayWait(143)) - 3b64e686-a5dd-4d89-9436-c5780787767f@group-52A54961B0D1->c521a0c7-0954-4889-a299-8aaf1b9d3454-GrpcLogAppender: Wait interrupted by java.lang.InterruptedException
2019-09-23 16:32:06,673 [org.apache.ratis.server.impl.LogAppender$AppenderDaemon$$Lambda$681/804434398@23d21450] WARN  server.GrpcLogAppender (GrpcLogAppender.java:mayWait(143)) - 3b64e686-a5dd-4d89-9436-c5780787767f@group-52A54961B0D1->11a0cb5c-8a56-4b06-b515-cdac7053eb33-GrpcLogAppender: Wait interrupted by java.lang.InterruptedException
2019-09-23 16:32:06,673 [ForkJoinPool.commonPool-worker-0] INFO  impl.StateMachineUpdater (StateMachineUpdater.java:stopAndJoin(125)) - 3b64e686-a5dd-4d89-9436-c5780787767f@group-52A54961B0D1-StateMachineUpdater: set stopIndex = 0
2019-09-23 16:32:06,675 [grpc-default-executor-6] INFO  server.GrpcServerProtocolService (GrpcServerProtocolService.java:onCompleted(113)) - 11a0cb5c-8a56-4b06-b515-cdac7053eb33: Completed APPEND_ENTRIES, lastRequest: 3b64e686-a5dd-4d89-9436-c5780787767f->11a0cb5c-8a56-4b06-b515-cdac7053eb33#32-t5, previous=(t:5, i:0), leaderCommit=0, initializing? false, entries: <empty>
2019-09-23 16:32:06,675 [refreshUsed-/workdir/hadoop-ozone/integration-test/target/test-dir/MiniOzoneClusterImpl-2125af76-57d3-4163-b90f-d8f74e1b50d6/datanode-4/data/containers] WARN  fs.CachingGetSpaceUsed (CachingGetSpaceUsed.java:run(183)) - Thread Interrupted waiting to refresh disk information: sleep interrupted
2019-09-23 16:32:06,675 [grpc-default-executor-4] INFO  server.GrpcServerProtocolService (GrpcServerProtocolService.java:onCompleted(113)) - c521a0c7-0954-4889-a299-8aaf1b9d3454: Completed APPEND_ENTRIES, lastRequest: 3b64e686-a5dd-4d89-9436-c5780787767f->c521a0c7-0954-4889-a299-8aaf1b9d3454#32-t5, previous=(t:5, i:0), leaderCommit=0, initializing? false, entries: <empty>
2019-09-23 16:32:06,675 [ForkJoinPool.commonPool-worker-0] INFO  impl.RaftServerImpl (ServerState.java:close(385)) - 3b64e686-a5dd-4d89-9436-c5780787767f@group-52A54961B0D1: closes. applyIndex: 0
2019-09-23 16:32:06,676 [3b64e686-a5dd-4d89-9436-c5780787767f@group-52A54961B0D1-SegmentedRaftLogWorker] INFO  segmented.SegmentedRaftLogWorker (SegmentedRaftLogWorker.java:run(313)) - 3b64e686-a5dd-4d89-9436-c5780787767f@group-52A54961B0D1-SegmentedRaftLogWorker was interrupted, exiting. There are 0 tasks remaining in the queue.
2019-09-23 16:32:06,679 [ForkJoinPool.commonPool-worker-0] INFO  segmented.SegmentedRaftLogWorker (SegmentedRaftLogWorker.java:close(228)) - 3b64e686-a5dd-4d89-9436-c5780787767f@group-52A54961B0D1-SegmentedRaftLogWorker close()
2019-09-23 16:32:06,679 [grpc-default-executor-4] INFO  server.GrpcLogAppender (GrpcLogAppender.java:onCompleted(293)) - 3b64e686-a5dd-4d89-9436-c5780787767f@group-52A54961B0D1->c521a0c7-0954-4889-a299-8aaf1b9d3454-AppendLogResponseHandler: follower responses appendEntries COMPLETED
2019-09-23 16:32:06,679 [grpc-default-executor-6] INFO  server.GrpcLogAppender (GrpcLogAppender.java:onCompleted(293)) - 3b64e686-a5dd-4d89-9436-c5780787767f@group-52A54961B0D1->11a0cb5c-8a56-4b06-b515-cdac7053eb33-AppendLogResponseHandler: follower responses appendEntries COMPLETED
2019-09-23 16:32:06,684 [ForkJoinPool.commonPool-worker-0] INFO  server.GrpcService (GrpcService.java:closeImpl(164)) - 3b64e686-a5dd-4d89-9436-c5780787767f: shutdown server with port 36465 now
2019-09-23 16:32:06,687 [grpc-default-executor-4] INFO  impl.FollowerInfo (FollowerInfo.java:lambda$new$0(51)) - 3b64e686-a5dd-4d89-9436-c5780787767f@group-52A54961B0D1->c521a0c7-0954-4889-a299-8aaf1b9d3454: nextIndex: updateUnconditionally 1 -> 0
2019-09-23 16:32:06,687 [grpc-default-executor-6] INFO  impl.FollowerInfo (FollowerInfo.java:lambda$new$0(51)) - 3b64e686-a5dd-4d89-9436-c5780787767f@group-52A54961B0D1->11a0cb5c-8a56-4b06-b515-cdac7053eb33: nextIndex: updateUnconditionally 1 -> 0
2019-09-23 16:32:06,688 [ForkJoinPool.commonPool-worker-0] INFO  server.GrpcService (GrpcService.java:closeImpl(172)) - 3b64e686-a5dd-4d89-9436-c5780787767f: shutdown server with port 36465 successfully
2019-09-23 16:32:06,690 [refreshUsed-/workdir/hadoop-ozone/integration-test/target/test-dir/MiniOzoneClusterImpl-2125af76-57d3-4163-b90f-d8f74e1b50d6/datanode-1/data/containers] WARN  fs.CachingGetSpaceUsed (CachingGetSpaceUsed.java:run(183)) - Thread Interrupted waiting to refresh disk information: sleep interrupted
2019-09-23 16:32:06,706 [main] INFO  utils.BackgroundService (BackgroundService.java:shutdown(148)) - Shutting down service BlockDeletingService
2019-09-23 16:32:06,706 [ForkJoinPool.commonPool-worker-0] INFO  utils.BackgroundService (BackgroundService.java:shutdown(148)) - Shutting down service BlockDeletingService
2019-09-23 16:32:06,715 [main] INFO  statemachine.DatanodeStateMachine (DatanodeStateMachine.java:stopDaemon(395)) - Ozone container server stopped.
2019-09-23 16:32:06,715 [ForkJoinPool.commonPool-worker-0] INFO  statemachine.DatanodeStateMachine (DatanodeStateMachine.java:stopDaemon(395)) - Ozone container server stopped.
2019-09-23 16:32:06,722 [main] INFO  handler.ContextHandler (ContextHandler.java:doStop(910)) - Stopped o.e.j.w.WebAppContext@77c1e611{/,null,UNAVAILABLE}{/hddsDatanode}
2019-09-23 16:32:06,722 [ForkJoinPool.commonPool-worker-0] INFO  handler.ContextHandler (ContextHandler.java:doStop(910)) - Stopped o.e.j.w.WebAppContext@71ed560f{/,null,UNAVAILABLE}{/hddsDatanode}
2019-09-23 16:32:06,723 [main] INFO  server.AbstractConnector (AbstractConnector.java:doStop(318)) - Stopped ServerConnector@12c0c0b3{HTTP/1.1,[http/1.1]}{0.0.0.0:0}
2019-09-23 16:32:06,723 [ForkJoinPool.commonPool-worker-0] INFO  server.AbstractConnector (AbstractConnector.java:doStop(318)) - Stopped ServerConnector@5b88b8e{HTTP/1.1,[http/1.1]}{0.0.0.0:0}
2019-09-23 16:32:06,724 [main] INFO  handler.ContextHandler (ContextHandler.java:doStop(910)) - Stopped o.e.j.s.ServletContextHandler@4dde8976{/static,jar:file:/home/user/.m2/repository/org/apache/hadoop/hadoop-hdds-container-service/0.5.0-SNAPSHOT/hadoop-hdds-container-service-0.5.0-SNAPSHOT.jar!/webapps/static,UNAVAILABLE}
2019-09-23 16:32:06,726 [ForkJoinPool.commonPool-worker-0] INFO  handler.ContextHandler (ContextHandler.java:doStop(910)) - Stopped o.e.j.s.ServletContextHandler@650c405c{/static,jar:file:/home/user/.m2/repository/org/apache/hadoop/hadoop-hdds-container-service/0.5.0-SNAPSHOT/hadoop-hdds-container-service-0.5.0-SNAPSHOT.jar!/webapps/static,UNAVAILABLE}
2019-09-23 16:32:06,726 [main] INFO  handler.ContextHandler (ContextHandler.java:doStop(910)) - Stopped o.e.j.s.ServletContextHandler@3408f695{/logs,file:///workdir/hadoop-ozone/integration-test/target/log,UNAVAILABLE}
2019-09-23 16:32:06,728 [ForkJoinPool.commonPool-worker-0] INFO  handler.ContextHandler (ContextHandler.java:doStop(910)) - Stopped o.e.j.s.ServletContextHandler@76544c0a{/logs,file:///workdir/hadoop-ozone/integration-test/target/log,UNAVAILABLE}
2019-09-23 16:32:07,348 [Datanode State Machine Thread - 0] INFO  statemachine.DatanodeStateMachine (DatanodeStateMachine.java:lambda$startDaemon$0(350)) - Ozone container server started.
2019-09-23 16:32:07,651 [Datanode State Machine Thread - 0] INFO  statemachine.DatanodeStateMachine (DatanodeStateMachine.java:lambda$startDaemon$0(350)) - Ozone container server started.
2019-09-23 16:32:11,731 [ForkJoinPool.commonPool-worker-0] INFO  ozoneimpl.OzoneContainer (OzoneContainer.java:stop(231)) - Attempting to stop container services.
2019-09-23 16:32:11,731 [main] INFO  ozoneimpl.OzoneContainer (OzoneContainer.java:stop(231)) - Attempting to stop container services.
2019-09-23 16:32:11,734 [ForkJoinPool.commonPool-worker-0] INFO  impl.RaftServerProxy (RaftServerProxy.java:lambda$close$4(314)) - c521a0c7-0954-4889-a299-8aaf1b9d3454: close
2019-09-23 16:32:11,734 [main] INFO  impl.RaftServerProxy (RaftServerProxy.java:lambda$close$4(314)) - e159ba87-a890-41be-ac9a-dd3e406e242d: close
2019-09-23 16:32:11,735 [ForkJoinPool.commonPool-worker-0] INFO  impl.RaftServerImpl (RaftServerImpl.java:lambda$shutdown$3(251)) - c521a0c7-0954-4889-a299-8aaf1b9d3454@group-24F3F009D3A9: shutdown
2019-09-23 16:32:11,735 [main] INFO  impl.RaftServerImpl (RaftServerImpl.java:lambda$shutdown$3(251)) - e159ba87-a890-41be-ac9a-dd3e406e242d@group-B288D53BE695: shutdown
2019-09-23 16:32:11,735 [ForkJoinPool.commonPool-worker-0] INFO  util.JmxRegister (JmxRegister.java:unregister(73)) - Successfully un-registered JMX Bean with object name Ratis:service=RaftServer,group=group-24F3F009D3A9,id=c521a0c7-0954-4889-a299-8aaf1b9d3454
2019-09-23 16:32:11,735 [main] INFO  util.JmxRegister (JmxRegister.java:unregister(73)) - Successfully un-registered JMX Bean with object name Ratis:service=RaftServer,group=group-B288D53BE695,id=e159ba87-a890-41be-ac9a-dd3e406e242d
2019-09-23 16:32:11,736 [ForkJoinPool.commonPool-worker-0] INFO  impl.RoleInfo (RoleInfo.java:shutdownLeaderState(104)) - c521a0c7-0954-4889-a299-8aaf1b9d3454: shutdown LeaderState
2019-09-23 16:32:11,736 [main] INFO  impl.RoleInfo (RoleInfo.java:shutdownLeaderState(104)) - e159ba87-a890-41be-ac9a-dd3e406e242d: shutdown LeaderState
2019-09-23 16:32:11,737 [ForkJoinPool.commonPool-worker-0] INFO  impl.PendingRequests (PendingRequests.java:sendNotLeaderResponses(202)) - c521a0c7-0954-4889-a299-8aaf1b9d3454-PendingRequests: sendNotLeaderResponses
2019-09-23 16:32:11,742 [org.apache.ratis.server.impl.LogAppender$AppenderDaemon$$Lambda$681/804434398@73470477] WARN  server.GrpcLogAppender (GrpcLogAppender.java:mayWait(143)) - e159ba87-a890-41be-ac9a-dd3e406e242d@group-B288D53BE695->4c593327-0bf9-46b1-956b-3e746ac2d8f2-GrpcLogAppender: Wait interrupted by java.lang.InterruptedException
2019-09-23 16:32:11,742 [org.apache.ratis.server.impl.LogAppender$AppenderDaemon$$Lambda$681/804434398@504d7475] WARN  server.GrpcLogAppender (GrpcLogAppender.java:mayWait(143)) - e159ba87-a890-41be-ac9a-dd3e406e242d@group-B288D53BE695->a5442e60-b445-451d-bf7e-b5b4139f0c5f-GrpcLogAppender: Wait interrupted by java.lang.InterruptedException
2019-09-23 16:32:11,741 [main] INFO  impl.PendingRequests (PendingRequests.java:sendNotLeaderResponses(202)) - e159ba87-a890-41be-ac9a-dd3e406e242d-PendingRequests: sendNotLeaderResponses
2019-09-23 16:32:11,742 [ForkJoinPool.commonPool-worker-0] INFO  impl.StateMachineUpdater (StateMachineUpdater.java:stopAndJoin(125)) - c521a0c7-0954-4889-a299-8aaf1b9d3454@group-24F3F009D3A9-StateMachineUpdater: set stopIndex = 0
2019-09-23 16:32:11,747 [e159ba87-a890-41be-ac9a-dd3e406e242d@group-B288D53BE695-StateMachineUpdater] INFO  ratis.ContainerStateMachine (ContainerStateMachine.java:takeSnapshot(289)) - group-B288D53BE695: Taking a snapshot at:(t:1, i:6) file /workdir/hadoop-ozone/integration-test/target/test-dir/MiniOzoneClusterImpl-2125af76-57d3-4163-b90f-d8f74e1b50d6/datanode-3/data/ratis/75ff431f-f267-4cff-b5bc-b288d53be695/sm/snapshot.1_6
2019-09-23 16:32:11,747 [main] INFO  impl.StateMachineUpdater (StateMachineUpdater.java:stopAndJoin(125)) - e159ba87-a890-41be-ac9a-dd3e406e242d@group-B288D53BE695-StateMachineUpdater: set stopIndex = 8
2019-09-23 16:32:11,748 [ForkJoinPool.commonPool-worker-0] INFO  impl.RaftServerImpl (ServerState.java:close(385)) - c521a0c7-0954-4889-a299-8aaf1b9d3454@group-24F3F009D3A9: closes. applyIndex: 0
2019-09-23 16:32:11,749 [c521a0c7-0954-4889-a299-8aaf1b9d3454@group-24F3F009D3A9-SegmentedRaftLogWorker] INFO  segmented.SegmentedRaftLogWorker (SegmentedRaftLogWorker.java:run(313)) - c521a0c7-0954-4889-a299-8aaf1b9d3454@group-24F3F009D3A9-SegmentedRaftLogWorker was interrupted, exiting. There are 0 tasks remaining in the queue.
2019-09-23 16:32:11,751 [ForkJoinPool.commonPool-worker-0] INFO  segmented.SegmentedRaftLogWorker (SegmentedRaftLogWorker.java:close(228)) - c521a0c7-0954-4889-a299-8aaf1b9d3454@group-24F3F009D3A9-SegmentedRaftLogWorker close()
2019-09-23 16:32:11,751 [grpc-default-executor-6] INFO  server.GrpcServerProtocolService (GrpcServerProtocolService.java:onCompleted(113)) - 4c593327-0bf9-46b1-956b-3e746ac2d8f2: Completed APPEND_ENTRIES, lastRequest: e159ba87-a890-41be-ac9a-dd3e406e242d->4c593327-0bf9-46b1-956b-3e746ac2d8f2#49-t1, previous=(t:1, i:8), leaderCommit=8, initializing? false, entries: <empty>
2019-09-23 16:32:11,751 [grpc-default-executor-4] INFO  server.GrpcServerProtocolService (GrpcServerProtocolService.java:onCompleted(113)) - a5442e60-b445-451d-bf7e-b5b4139f0c5f: Completed APPEND_ENTRIES, lastRequest: e159ba87-a890-41be-ac9a-dd3e406e242d->a5442e60-b445-451d-bf7e-b5b4139f0c5f#49-t1, previous=(t:1, i:8), leaderCommit=8, initializing? false, entries: <empty>
2019-09-23 16:32:11,766 [ForkJoinPool.commonPool-worker-0] INFO  impl.RaftServerImpl (RaftServerImpl.java:lambda$shutdown$3(251)) - c521a0c7-0954-4889-a299-8aaf1b9d3454@group-52A54961B0D1: shutdown
2019-09-23 16:32:11,767 [ForkJoinPool.commonPool-worker-0] INFO  util.JmxRegister (JmxRegister.java:unregister(73)) - Successfully un-registered JMX Bean with object name Ratis:service=RaftServer,group=group-52A54961B0D1,id=c521a0c7-0954-4889-a299-8aaf1b9d3454
2019-09-23 16:32:11,767 [ForkJoinPool.commonPool-worker-0] INFO  impl.RoleInfo (RoleInfo.java:shutdownFollowerState(121)) - c521a0c7-0954-4889-a299-8aaf1b9d3454: shutdown FollowerState
2019-09-23 16:32:11,767 [ForkJoinPool.commonPool-worker-0] INFO  impl.StateMachineUpdater (StateMachineUpdater.java:stopAndJoin(125)) - c521a0c7-0954-4889-a299-8aaf1b9d3454@group-52A54961B0D1-StateMachineUpdater: set stopIndex = 0
2019-09-23 16:32:11,767 [grpc-default-executor-6] INFO  server.GrpcLogAppender (GrpcLogAppender.java:onCompleted(293)) - e159ba87-a890-41be-ac9a-dd3e406e242d@group-B288D53BE695->a5442e60-b445-451d-bf7e-b5b4139f0c5f-AppendLogResponseHandler: follower responses appendEntries COMPLETED
2019-09-23 16:32:11,767 [Thread-1015] INFO  impl.FollowerState (FollowerState.java:run(115)) - c521a0c7-0954-4889-a299-8aaf1b9d3454: FollowerState was interrupted: java.lang.InterruptedException: sleep interrupted
2019-09-23 16:32:11,768 [ForkJoinPool.commonPool-worker-0] INFO  impl.RaftServerImpl (ServerState.java:close(385)) - c521a0c7-0954-4889-a299-8aaf1b9d3454@group-52A54961B0D1: closes. applyIndex: 0
2019-09-23 16:32:11,767 [grpc-default-executor-4] INFO  server.GrpcLogAppender (GrpcLogAppender.java:onCompleted(293)) - e159ba87-a890-41be-ac9a-dd3e406e242d@group-B288D53BE695->4c593327-0bf9-46b1-956b-3e746ac2d8f2-AppendLogResponseHandler: follower responses appendEntries COMPLETED
2019-09-23 16:32:11,770 [c521a0c7-0954-4889-a299-8aaf1b9d3454@group-52A54961B0D1-SegmentedRaftLogWorker] INFO  segmented.SegmentedRaftLogWorker (SegmentedRaftLogWorker.java:run(313)) - c521a0c7-0954-4889-a299-8aaf1b9d3454@group-52A54961B0D1-SegmentedRaftLogWorker was interrupted, exiting. There are 0 tasks remaining in the queue.
2019-09-23 16:32:11,770 [grpc-default-executor-4] INFO  impl.FollowerInfo (FollowerInfo.java:lambda$new$0(51)) - e159ba87-a890-41be-ac9a-dd3e406e242d@group-B288D53BE695->4c593327-0bf9-46b1-956b-3e746ac2d8f2: nextIndex: updateUnconditionally 9 -> 8
2019-09-23 16:32:11,772 [ForkJoinPool.commonPool-worker-0] INFO  segmented.SegmentedRaftLogWorker (SegmentedRaftLogWorker.java:close(228)) - c521a0c7-0954-4889-a299-8aaf1b9d3454@group-52A54961B0D1-SegmentedRaftLogWorker close()
2019-09-23 16:32:11,770 [grpc-default-executor-6] INFO  impl.FollowerInfo (FollowerInfo.java:lambda$new$0(51)) - e159ba87-a890-41be-ac9a-dd3e406e242d@group-B288D53BE695->a5442e60-b445-451d-bf7e-b5b4139f0c5f: nextIndex: updateUnconditionally 9 -> 8
2019-09-23 16:32:11,775 [ForkJoinPool.commonPool-worker-0] INFO  server.GrpcService (GrpcService.java:closeImpl(164)) - c521a0c7-0954-4889-a299-8aaf1b9d3454: shutdown server with port 38284 now
2019-09-23 16:32:11,775 [ForkJoinPool.commonPool-worker-0] INFO  server.GrpcService (GrpcService.java:closeImpl(172)) - c521a0c7-0954-4889-a299-8aaf1b9d3454: shutdown server with port 38284 successfully
2019-09-23 16:32:11,778 [refreshUsed-/workdir/hadoop-ozone/integration-test/target/test-dir/MiniOzoneClusterImpl-2125af76-57d3-4163-b90f-d8f74e1b50d6/datanode-2/data/containers] WARN  fs.CachingGetSpaceUsed (CachingGetSpaceUsed.java:run(183)) - Thread Interrupted waiting to refresh disk information: sleep interrupted
2019-09-23 16:32:11,797 [ForkJoinPool.commonPool-worker-0] INFO  utils.BackgroundService (BackgroundService.java:shutdown(148)) - Shutting down service BlockDeletingService
2019-09-23 16:32:11,803 [ForkJoinPool.commonPool-worker-0] INFO  statemachine.DatanodeStateMachine (DatanodeStateMachine.java:stopDaemon(395)) - Ozone container server stopped.
2019-09-23 16:32:11,809 [ForkJoinPool.commonPool-worker-0] INFO  handler.ContextHandler (ContextHandler.java:doStop(910)) - Stopped o.e.j.w.WebAppContext@6968c1d6{/,null,UNAVAILABLE}{/hddsDatanode}
2019-09-23 16:32:11,810 [ForkJoinPool.commonPool-worker-0] INFO  server.AbstractConnector (AbstractConnector.java:doStop(318)) - Stopped ServerConnector@7d986d83{HTTP/1.1,[http/1.1]}{0.0.0.0:0}
2019-09-23 16:32:11,812 [ForkJoinPool.commonPool-worker-0] INFO  handler.ContextHandler (ContextHandler.java:doStop(910)) - Stopped o.e.j.s.ServletContextHandler@40de8f93{/static,jar:file:/home/user/.m2/repository/org/apache/hadoop/hadoop-hdds-container-service/0.5.0-SNAPSHOT/hadoop-hdds-container-service-0.5.0-SNAPSHOT.jar!/webapps/static,UNAVAILABLE}
2019-09-23 16:32:11,814 [ForkJoinPool.commonPool-worker-0] INFO  handler.ContextHandler (ContextHandler.java:doStop(910)) - Stopped o.e.j.s.ServletContextHandler@7134b8a7{/logs,file:///workdir/hadoop-ozone/integration-test/target/log,UNAVAILABLE}
2019-09-23 16:32:12,196 [Datanode State Machine Thread - 0] INFO  statemachine.DatanodeStateMachine (DatanodeStateMachine.java:lambda$startDaemon$0(350)) - Ozone container server started.
2019-09-23 16:32:12,724 [e159ba87-a890-41be-ac9a-dd3e406e242d@group-B288D53BE695-StateMachineUpdater] INFO  ratis.ContainerStateMachine (ContainerStateMachine.java:takeSnapshot(300)) - group-B288D53BE695: Finished taking a snapshot at:(t:1, i:6) file:/workdir/hadoop-ozone/integration-test/target/test-dir/MiniOzoneClusterImpl-2125af76-57d3-4163-b90f-d8f74e1b50d6/datanode-3/data/ratis/75ff431f-f267-4cff-b5bc-b288d53be695/sm/snapshot.1_6 time:977
2019-09-23 16:32:12,724 [e159ba87-a890-41be-ac9a-dd3e406e242d@group-B288D53BE695-StateMachineUpdater] INFO  impl.StateMachineUpdater (StateMachineUpdater.java:takeSnapshot(258)) - e159ba87-a890-41be-ac9a-dd3e406e242d@group-B288D53BE695-StateMachineUpdater: Took a snapshot at index 6
2019-09-23 16:32:12,725 [e159ba87-a890-41be-ac9a-dd3e406e242d@group-B288D53BE695-StateMachineUpdater] INFO  impl.StateMachineUpdater (StateMachineUpdater.java:lambda$new$0(83)) - e159ba87-a890-41be-ac9a-dd3e406e242d@group-B288D53BE695-StateMachineUpdater: snapshotIndex: updateIncreasingly -1 -> 6
2019-09-23 16:32:12,725 [e159ba87-a890-41be-ac9a-dd3e406e242d@group-B288D53BE695-StateMachineUpdater] INFO  ratis.ContainerStateMachine (ContainerStateMachine.java:takeSnapshot(289)) - group-B288D53BE695: Taking a snapshot at:(t:1, i:6) file /workdir/hadoop-ozone/integration-test/target/test-dir/MiniOzoneClusterImpl-2125af76-57d3-4163-b90f-d8f74e1b50d6/datanode-3/data/ratis/75ff431f-f267-4cff-b5bc-b288d53be695/sm/snapshot.1_6
2019-09-23 16:32:12,760 [e159ba87-a890-41be-ac9a-dd3e406e242d@group-B288D53BE695-StateMachineUpdater] INFO  ratis.ContainerStateMachine (ContainerStateMachine.java:takeSnapshot(300)) - group-B288D53BE695: Finished taking a snapshot at:(t:1, i:6) file:/workdir/hadoop-ozone/integration-test/target/test-dir/MiniOzoneClusterImpl-2125af76-57d3-4163-b90f-d8f74e1b50d6/datanode-3/data/ratis/75ff431f-f267-4cff-b5bc-b288d53be695/sm/snapshot.1_6 time:35
2019-09-23 16:32:12,760 [e159ba87-a890-41be-ac9a-dd3e406e242d@group-B288D53BE695-StateMachineUpdater] INFO  impl.StateMachineUpdater (StateMachineUpdater.java:takeSnapshot(258)) - e159ba87-a890-41be-ac9a-dd3e406e242d@group-B288D53BE695-StateMachineUpdater: Took a snapshot at index 6
2019-09-23 16:32:12,760 [e159ba87-a890-41be-ac9a-dd3e406e242d@group-B288D53BE695-StateMachineUpdater] INFO  impl.StateMachineUpdater (StateMachineUpdater.java:lambda$new$0(83)) - e159ba87-a890-41be-ac9a-dd3e406e242d@group-B288D53BE695-StateMachineUpdater: snapshotIndex: updateIncreasingly 6 -> 6
2019-09-23 16:32:12,761 [main] INFO  impl.RaftServerImpl (ServerState.java:close(385)) - e159ba87-a890-41be-ac9a-dd3e406e242d@group-B288D53BE695: closes. applyIndex: 8
2019-09-23 16:32:12,761 [e159ba87-a890-41be-ac9a-dd3e406e242d@group-B288D53BE695-SegmentedRaftLogWorker] INFO  segmented.SegmentedRaftLogWorker (SegmentedRaftLogWorker.java:run(313)) - e159ba87-a890-41be-ac9a-dd3e406e242d@group-B288D53BE695-SegmentedRaftLogWorker was interrupted, exiting. There are 0 tasks remaining in the queue.
2019-09-23 16:32:12,764 [main] INFO  segmented.SegmentedRaftLogWorker (SegmentedRaftLogWorker.java:close(228)) - e159ba87-a890-41be-ac9a-dd3e406e242d@group-B288D53BE695-SegmentedRaftLogWorker close()
2019-09-23 16:32:12,766 [main] INFO  impl.RaftServerImpl (RaftServerImpl.java:lambda$shutdown$3(251)) - e159ba87-a890-41be-ac9a-dd3e406e242d@group-CCF21CCE7396: shutdown
2019-09-23 16:32:12,766 [main] INFO  util.JmxRegister (JmxRegister.java:unregister(73)) - Successfully un-registered JMX Bean with object name Ratis:service=RaftServer,group=group-CCF21CCE7396,id=e159ba87-a890-41be-ac9a-dd3e406e242d
2019-09-23 16:32:12,767 [main] INFO  impl.RoleInfo (RoleInfo.java:shutdownLeaderState(104)) - e159ba87-a890-41be-ac9a-dd3e406e242d: shutdown LeaderState
2019-09-23 16:32:12,767 [main] INFO  impl.PendingRequests (PendingRequests.java:sendNotLeaderResponses(202)) - e159ba87-a890-41be-ac9a-dd3e406e242d-PendingRequests: sendNotLeaderResponses
2019-09-23 16:32:12,768 [main] INFO  impl.StateMachineUpdater (StateMachineUpdater.java:stopAndJoin(125)) - e159ba87-a890-41be-ac9a-dd3e406e242d@group-CCF21CCE7396-StateMachineUpdater: set stopIndex = 0
2019-09-23 16:32:12,768 [main] INFO  impl.RaftServerImpl (ServerState.java:close(385)) - e159ba87-a890-41be-ac9a-dd3e406e242d@group-CCF21CCE7396: closes. applyIndex: 0
2019-09-23 16:32:12,769 [e159ba87-a890-41be-ac9a-dd3e406e242d@group-CCF21CCE7396-SegmentedRaftLogWorker] INFO  segmented.SegmentedRaftLogWorker (SegmentedRaftLogWorker.java:run(313)) - e159ba87-a890-41be-ac9a-dd3e406e242d@group-CCF21CCE7396-SegmentedRaftLogWorker was interrupted, exiting. There are 0 tasks remaining in the queue.
2019-09-23 16:32:12,771 [main] INFO  segmented.SegmentedRaftLogWorker (SegmentedRaftLogWorker.java:close(228)) - e159ba87-a890-41be-ac9a-dd3e406e242d@group-CCF21CCE7396-SegmentedRaftLogWorker close()
2019-09-23 16:32:12,773 [main] INFO  server.GrpcService (GrpcService.java:closeImpl(164)) - e159ba87-a890-41be-ac9a-dd3e406e242d: shutdown server with port 34068 now
2019-09-23 16:32:12,774 [main] INFO  server.GrpcService (GrpcService.java:closeImpl(172)) - e159ba87-a890-41be-ac9a-dd3e406e242d: shutdown server with port 34068 successfully
2019-09-23 16:32:12,779 [refreshUsed-/workdir/hadoop-ozone/integration-test/target/test-dir/MiniOzoneClusterImpl-2125af76-57d3-4163-b90f-d8f74e1b50d6/datanode-3/data/containers] WARN  fs.CachingGetSpaceUsed (CachingGetSpaceUsed.java:run(183)) - Thread Interrupted waiting to refresh disk information: sleep interrupted
2019-09-23 16:32:12,796 [main] INFO  utils.BackgroundService (BackgroundService.java:shutdown(148)) - Shutting down service BlockDeletingService
2019-09-23 16:32:12,800 [main] INFO  statemachine.DatanodeStateMachine (DatanodeStateMachine.java:stopDaemon(395)) - Ozone container server stopped.
2019-09-23 16:32:12,801 [main] INFO  handler.ContextHandler (ContextHandler.java:doStop(910)) - Stopped o.e.j.w.WebAppContext@1f2f0109{/,null,UNAVAILABLE}{/hddsDatanode}
2019-09-23 16:32:12,802 [main] INFO  server.AbstractConnector (AbstractConnector.java:doStop(318)) - Stopped ServerConnector@483b0690{HTTP/1.1,[http/1.1]}{0.0.0.0:0}
2019-09-23 16:32:12,803 [main] INFO  handler.ContextHandler (ContextHandler.java:doStop(910)) - Stopped o.e.j.s.ServletContextHandler@27a09971{/static,jar:file:/home/user/.m2/repository/org/apache/hadoop/hadoop-hdds-container-service/0.5.0-SNAPSHOT/hadoop-hdds-container-service-0.5.0-SNAPSHOT.jar!/webapps/static,UNAVAILABLE}
2019-09-23 16:32:12,803 [main] INFO  handler.ContextHandler (ContextHandler.java:doStop(910)) - Stopped o.e.j.s.ServletContextHandler@31a2a9fa{/logs,file:///workdir/hadoop-ozone/integration-test/target/log,UNAVAILABLE}
2019-09-23 16:32:13,715 [Datanode State Machine Thread - 0] INFO  statemachine.DatanodeStateMachine (DatanodeStateMachine.java:lambda$startDaemon$0(350)) - Ozone container server started.
2019-09-23 16:32:15,200 [Thread-1014] INFO  impl.FollowerState (FollowerState.java:run(106)) - 11a0cb5c-8a56-4b06-b515-cdac7053eb33:group-52A54961B0D1 changes to CANDIDATE, lastRpcTime:8736, electionTimeout:5029ms
2019-09-23 16:32:15,200 [Thread-1014] INFO  impl.RoleInfo (RoleInfo.java:shutdownFollowerState(121)) - 11a0cb5c-8a56-4b06-b515-cdac7053eb33: shutdown FollowerState
2019-09-23 16:32:15,200 [Thread-1014] INFO  impl.RaftServerImpl (RaftServerImpl.java:setRole(174)) - 11a0cb5c-8a56-4b06-b515-cdac7053eb33@group-52A54961B0D1: changes role from  FOLLOWER to CANDIDATE at term 5 for changeToCandidate
2019-09-23 16:32:15,201 [Thread-1014] INFO  impl.RoleInfo (RoleInfo.java:updateAndGet(143)) - 11a0cb5c-8a56-4b06-b515-cdac7053eb33: start LeaderElection
2019-09-23 16:32:15,203 [11a0cb5c-8a56-4b06-b515-cdac7053eb33@group-52A54961B0D1:LeaderElection38] INFO  impl.RaftServerImpl (ServerState.java:setLeader(253)) - 11a0cb5c-8a56-4b06-b515-cdac7053eb33@group-52A54961B0D1: change Leader from 3b64e686-a5dd-4d89-9436-c5780787767f to null at term 5 for initElection
2019-09-23 16:32:15,253 [11a0cb5c-8a56-4b06-b515-cdac7053eb33@group-52A54961B0D1:LeaderElection38] INFO  impl.LeaderElection (LeaderElection.java:askForVotes(182)) - 11a0cb5c-8a56-4b06-b515-cdac7053eb33@group-52A54961B0D1:LeaderElection38: begin an election at term 6 for 0: [c521a0c7-0954-4889-a299-8aaf1b9d3454:192.168.34.17:38284, 3b64e686-a5dd-4d89-9436-c5780787767f:192.168.34.17:36465, 11a0cb5c-8a56-4b06-b515-cdac7053eb33:192.168.34.17:40017], old=null
2019-09-23 16:32:15,261 [11a0cb5c-8a56-4b06-b515-cdac7053eb33@group-52A54961B0D1:LeaderElection38] INFO  impl.LeaderElection (LogUtils.java:infoOrTrace(149)) - 11a0cb5c-8a56-4b06-b515-cdac7053eb33@group-52A54961B0D1:LeaderElection38 got exception when requesting votes: {}
java.util.concurrent.ExecutionException: org.apache.ratis.thirdparty.io.grpc.StatusRuntimeException: UNAVAILABLE: io exception
	at java.util.concurrent.FutureTask.report(FutureTask.java:122)
	at java.util.concurrent.FutureTask.get(FutureTask.java:192)
	at org.apache.ratis.server.impl.LeaderElection.waitForResults(LeaderElection.java:263)
	at org.apache.ratis.server.impl.LeaderElection.askForVotes(LeaderElection.java:201)
	at org.apache.ratis.server.impl.LeaderElection.run(LeaderElection.java:133)
	at java.lang.Thread.run(Thread.java:748)
Caused by: org.apache.ratis.thirdparty.io.grpc.StatusRuntimeException: UNAVAILABLE: io exception
	at org.apache.ratis.thirdparty.io.grpc.stub.ClientCalls.toStatusRuntimeException(ClientCalls.java:233)
	at org.apache.ratis.thirdparty.io.grpc.stub.ClientCalls.getUnchecked(ClientCalls.java:214)
	at org.apache.ratis.thirdparty.io.grpc.stub.ClientCalls.blockingUnaryCall(ClientCalls.java:139)
	at org.apache.ratis.proto.grpc.RaftServerProtocolServiceGrpc$RaftServerProtocolServiceBlockingStub.requestVote(RaftServerProtocolServiceGrpc.java:265)
	at org.apache.ratis.grpc.server.GrpcServerProtocolClient.requestVote(GrpcServerProtocolClient.java:90)
	at org.apache.ratis.grpc.server.GrpcService.requestVote(GrpcService.java:204)
	at org.apache.ratis.server.impl.LeaderElection.lambda$submitRequests$1(LeaderElection.java:238)
	at java.util.concurrent.FutureTask.run(FutureTask.java:266)
	at java.util.concurrent.Executors$RunnableAdapter.call(Executors.java:511)
	at java.util.concurrent.FutureTask.run(FutureTask.java:266)
	at java.util.concurrent.ThreadPoolExecutor.runWorker(ThreadPoolExecutor.java:1149)
	at java.util.concurrent.ThreadPoolExecutor$Worker.run(ThreadPoolExecutor.java:624)
	... 1 more
Caused by: org.apache.ratis.thirdparty.io.netty.channel.AbstractChannel$AnnotatedConnectException: Connection refused: /192.168.34.17:36465
	at sun.nio.ch.SocketChannelImpl.checkConnect(Native Method)
	at sun.nio.ch.SocketChannelImpl.finishConnect(SocketChannelImpl.java:717)
	at org.apache.ratis.thirdparty.io.netty.channel.socket.nio.NioSocketChannel.doFinishConnect(NioSocketChannel.java:327)
	at org.apache.ratis.thirdparty.io.netty.channel.nio.AbstractNioChannel$AbstractNioUnsafe.finishConnect(AbstractNioChannel.java:340)
	at org.apache.ratis.thirdparty.io.netty.channel.nio.NioEventLoop.processSelectedKey(NioEventLoop.java:632)
	at org.apache.ratis.thirdparty.io.netty.channel.nio.NioEventLoop.processSelectedKeysOptimized(NioEventLoop.java:579)
	at org.apache.ratis.thirdparty.io.netty.channel.nio.NioEventLoop.processSelectedKeys(NioEventLoop.java:496)
	at org.apache.ratis.thirdparty.io.netty.channel.nio.NioEventLoop.run(NioEventLoop.java:458)
	at org.apache.ratis.thirdparty.io.netty.util.concurrent.SingleThreadEventExecutor$5.run(SingleThreadEventExecutor.java:897)
	at org.apache.ratis.thirdparty.io.netty.util.concurrent.FastThreadLocalRunnable.run(FastThreadLocalRunnable.java:30)
	... 1 more
Caused by: java.net.ConnectException: Connection refused
	... 11 more
2019-09-23 16:32:15,264 [11a0cb5c-8a56-4b06-b515-cdac7053eb33@group-52A54961B0D1:LeaderElection38] INFO  impl.LeaderElection (LogUtils.java:infoOrTrace(149)) - 11a0cb5c-8a56-4b06-b515-cdac7053eb33@group-52A54961B0D1:LeaderElection38 got exception when requesting votes: {}
java.util.concurrent.ExecutionException: org.apache.ratis.thirdparty.io.grpc.StatusRuntimeException: UNAVAILABLE: io exception
	at java.util.concurrent.FutureTask.report(FutureTask.java:122)
	at java.util.concurrent.FutureTask.get(FutureTask.java:192)
	at org.apache.ratis.server.impl.LeaderElection.waitForResults(LeaderElection.java:263)
	at org.apache.ratis.server.impl.LeaderElection.askForVotes(LeaderElection.java:201)
	at org.apache.ratis.server.impl.LeaderElection.run(LeaderElection.java:133)
	at java.lang.Thread.run(Thread.java:748)
Caused by: org.apache.ratis.thirdparty.io.grpc.StatusRuntimeException: UNAVAILABLE: io exception
	at org.apache.ratis.thirdparty.io.grpc.stub.ClientCalls.toStatusRuntimeException(ClientCalls.java:233)
	at org.apache.ratis.thirdparty.io.grpc.stub.ClientCalls.getUnchecked(ClientCalls.java:214)
	at org.apache.ratis.thirdparty.io.grpc.stub.ClientCalls.blockingUnaryCall(ClientCalls.java:139)
	at org.apache.ratis.proto.grpc.RaftServerProtocolServiceGrpc$RaftServerProtocolServiceBlockingStub.requestVote(RaftServerProtocolServiceGrpc.java:265)
	at org.apache.ratis.grpc.server.GrpcServerProtocolClient.requestVote(GrpcServerProtocolClient.java:90)
	at org.apache.ratis.grpc.server.GrpcService.requestVote(GrpcService.java:204)
	at org.apache.ratis.server.impl.LeaderElection.lambda$submitRequests$1(LeaderElection.java:238)
	at java.util.concurrent.FutureTask.run(FutureTask.java:266)
	at java.util.concurrent.Executors$RunnableAdapter.call(Executors.java:511)
	at java.util.concurrent.FutureTask.run(FutureTask.java:266)
	at java.util.concurrent.ThreadPoolExecutor.runWorker(ThreadPoolExecutor.java:1149)
	at java.util.concurrent.ThreadPoolExecutor$Worker.run(ThreadPoolExecutor.java:624)
	... 1 more
Caused by: org.apache.ratis.thirdparty.io.netty.channel.AbstractChannel$AnnotatedConnectException: Connection refused: /192.168.34.17:38284
	at sun.nio.ch.SocketChannelImpl.checkConnect(Native Method)
	at sun.nio.ch.SocketChannelImpl.finishConnect(SocketChannelImpl.java:717)
	at org.apache.ratis.thirdparty.io.netty.channel.socket.nio.NioSocketChannel.doFinishConnect(NioSocketChannel.java:327)
	at org.apache.ratis.thirdparty.io.netty.channel.nio.AbstractNioChannel$AbstractNioUnsafe.finishConnect(AbstractNioChannel.java:340)
	at org.apache.ratis.thirdparty.io.netty.channel.nio.NioEventLoop.processSelectedKey(NioEventLoop.java:632)
	at org.apache.ratis.thirdparty.io.netty.channel.nio.NioEventLoop.processSelectedKeysOptimized(NioEventLoop.java:579)
	at org.apache.ratis.thirdparty.io.netty.channel.nio.NioEventLoop.processSelectedKeys(NioEventLoop.java:496)
	at org.apache.ratis.thirdparty.io.netty.channel.nio.NioEventLoop.run(NioEventLoop.java:458)
	at org.apache.ratis.thirdparty.io.netty.util.concurrent.SingleThreadEventExecutor$5.run(SingleThreadEventExecutor.java:897)
	at org.apache.ratis.thirdparty.io.netty.util.concurrent.FastThreadLocalRunnable.run(FastThreadLocalRunnable.java:30)
	... 1 more
Caused by: java.net.ConnectException: Connection refused
	... 11 more
2019-09-23 16:32:15,266 [11a0cb5c-8a56-4b06-b515-cdac7053eb33@group-52A54961B0D1:LeaderElection38] INFO  impl.LeaderElection (LeaderElection.java:logAndReturn(56)) - 11a0cb5c-8a56-4b06-b515-cdac7053eb33@group-52A54961B0D1:LeaderElection38: Election REJECTED; received 0 response(s) [] and 2 exception(s); 11a0cb5c-8a56-4b06-b515-cdac7053eb33@group-52A54961B0D1:t6, leader=null, voted=11a0cb5c-8a56-4b06-b515-cdac7053eb33, raftlog=11a0cb5c-8a56-4b06-b515-cdac7053eb33@group-52A54961B0D1-SegmentedRaftLog:OPENED:c0,f0,i0, conf=0: [c521a0c7-0954-4889-a299-8aaf1b9d3454:192.168.34.17:38284, 3b64e686-a5dd-4d89-9436-c5780787767f:192.168.34.17:36465, 11a0cb5c-8a56-4b06-b515-cdac7053eb33:192.168.34.17:40017], old=null
2019-09-23 16:32:15,267 [11a0cb5c-8a56-4b06-b515-cdac7053eb33@group-52A54961B0D1:LeaderElection38] INFO  impl.LeaderElection (LogUtils.java:infoOrTrace(149)) -   Exception 0: {}
java.util.concurrent.ExecutionException: org.apache.ratis.thirdparty.io.grpc.StatusRuntimeException: UNAVAILABLE: io exception
	at java.util.concurrent.FutureTask.report(FutureTask.java:122)
	at java.util.concurrent.FutureTask.get(FutureTask.java:192)
	at org.apache.ratis.server.impl.LeaderElection.waitForResults(LeaderElection.java:263)
	at org.apache.ratis.server.impl.LeaderElection.askForVotes(LeaderElection.java:201)
	at org.apache.ratis.server.impl.LeaderElection.run(LeaderElection.java:133)
	at java.lang.Thread.run(Thread.java:748)
Caused by: org.apache.ratis.thirdparty.io.grpc.StatusRuntimeException: UNAVAILABLE: io exception
	at org.apache.ratis.thirdparty.io.grpc.stub.ClientCalls.toStatusRuntimeException(ClientCalls.java:233)
	at org.apache.ratis.thirdparty.io.grpc.stub.ClientCalls.getUnchecked(ClientCalls.java:214)
	at org.apache.ratis.thirdparty.io.grpc.stub.ClientCalls.blockingUnaryCall(ClientCalls.java:139)
	at org.apache.ratis.proto.grpc.RaftServerProtocolServiceGrpc$RaftServerProtocolServiceBlockingStub.requestVote(RaftServerProtocolServiceGrpc.java:265)
	at org.apache.ratis.grpc.server.GrpcServerProtocolClient.requestVote(GrpcServerProtocolClient.java:90)
	at org.apache.ratis.grpc.server.GrpcService.requestVote(GrpcService.java:204)
	at org.apache.ratis.server.impl.LeaderElection.lambda$submitRequests$1(LeaderElection.java:238)
	at java.util.concurrent.FutureTask.run(FutureTask.java:266)
	at java.util.concurrent.Executors$RunnableAdapter.call(Executors.java:511)
	at java.util.concurrent.FutureTask.run(FutureTask.java:266)
	at java.util.concurrent.ThreadPoolExecutor.runWorker(ThreadPoolExecutor.java:1149)
	at java.util.concurrent.ThreadPoolExecutor$Worker.run(ThreadPoolExecutor.java:624)
	... 1 more
Caused by: org.apache.ratis.thirdparty.io.netty.channel.AbstractChannel$AnnotatedConnectException: Connection refused: /192.168.34.17:36465
	at sun.nio.ch.SocketChannelImpl.checkConnect(Native Method)
	at sun.nio.ch.SocketChannelImpl.finishConnect(SocketChannelImpl.java:717)
	at org.apache.ratis.thirdparty.io.netty.channel.socket.nio.NioSocketChannel.doFinishConnect(NioSocketChannel.java:327)
	at org.apache.ratis.thirdparty.io.netty.channel.nio.AbstractNioChannel$AbstractNioUnsafe.finishConnect(AbstractNioChannel.java:340)
	at org.apache.ratis.thirdparty.io.netty.channel.nio.NioEventLoop.processSelectedKey(NioEventLoop.java:632)
	at org.apache.ratis.thirdparty.io.netty.channel.nio.NioEventLoop.processSelectedKeysOptimized(NioEventLoop.java:579)
	at org.apache.ratis.thirdparty.io.netty.channel.nio.NioEventLoop.processSelectedKeys(NioEventLoop.java:496)
	at org.apache.ratis.thirdparty.io.netty.channel.nio.NioEventLoop.run(NioEventLoop.java:458)
	at org.apache.ratis.thirdparty.io.netty.util.concurrent.SingleThreadEventExecutor$5.run(SingleThreadEventExecutor.java:897)
	at org.apache.ratis.thirdparty.io.netty.util.concurrent.FastThreadLocalRunnable.run(FastThreadLocalRunnable.java:30)
	... 1 more
Caused by: java.net.ConnectException: Connection refused
	... 11 more
2019-09-23 16:32:15,267 [11a0cb5c-8a56-4b06-b515-cdac7053eb33@group-52A54961B0D1:LeaderElection38] INFO  impl.LeaderElection (LogUtils.java:infoOrTrace(149)) -   Exception 1: {}
java.util.concurrent.ExecutionException: org.apache.ratis.thirdparty.io.grpc.StatusRuntimeException: UNAVAILABLE: io exception
	at java.util.concurrent.FutureTask.report(FutureTask.java:122)
	at java.util.concurrent.FutureTask.get(FutureTask.java:192)
	at org.apache.ratis.server.impl.LeaderElection.waitForResults(LeaderElection.java:263)
	at org.apache.ratis.server.impl.LeaderElection.askForVotes(LeaderElection.java:201)
	at org.apache.ratis.server.impl.LeaderElection.run(LeaderElection.java:133)
	at java.lang.Thread.run(Thread.java:748)
Caused by: org.apache.ratis.thirdparty.io.grpc.StatusRuntimeException: UNAVAILABLE: io exception
	at org.apache.ratis.thirdparty.io.grpc.stub.ClientCalls.toStatusRuntimeException(ClientCalls.java:233)
	at org.apache.ratis.thirdparty.io.grpc.stub.ClientCalls.getUnchecked(ClientCalls.java:214)
	at org.apache.ratis.thirdparty.io.grpc.stub.ClientCalls.blockingUnaryCall(ClientCalls.java:139)
	at org.apache.ratis.proto.grpc.RaftServerProtocolServiceGrpc$RaftServerProtocolServiceBlockingStub.requestVote(RaftServerProtocolServiceGrpc.java:265)
	at org.apache.ratis.grpc.server.GrpcServerProtocolClient.requestVote(GrpcServerProtocolClient.java:90)
	at org.apache.ratis.grpc.server.GrpcService.requestVote(GrpcService.java:204)
	at org.apache.ratis.server.impl.LeaderElection.lambda$submitRequests$1(LeaderElection.java:238)
	at java.util.concurrent.FutureTask.run(FutureTask.java:266)
	at java.util.concurrent.Executors$RunnableAdapter.call(Executors.java:511)
	at java.util.concurrent.FutureTask.run(FutureTask.java:266)
	at java.util.concurrent.ThreadPoolExecutor.runWorker(ThreadPoolExecutor.java:1149)
	at java.util.concurrent.ThreadPoolExecutor$Worker.run(ThreadPoolExecutor.java:624)
	... 1 more
Caused by: org.apache.ratis.thirdparty.io.netty.channel.AbstractChannel$AnnotatedConnectException: Connection refused: /192.168.34.17:38284
	at sun.nio.ch.SocketChannelImpl.checkConnect(Native Method)
	at sun.nio.ch.SocketChannelImpl.finishConnect(SocketChannelImpl.java:717)
	at org.apache.ratis.thirdparty.io.netty.channel.socket.nio.NioSocketChannel.doFinishConnect(NioSocketChannel.java:327)
	at org.apache.ratis.thirdparty.io.netty.channel.nio.AbstractNioChannel$AbstractNioUnsafe.finishConnect(AbstractNioChannel.java:340)
	at org.apache.ratis.thirdparty.io.netty.channel.nio.NioEventLoop.processSelectedKey(NioEventLoop.java:632)
	at org.apache.ratis.thirdparty.io.netty.channel.nio.NioEventLoop.processSelectedKeysOptimized(NioEventLoop.java:579)
	at org.apache.ratis.thirdparty.io.netty.channel.nio.NioEventLoop.processSelectedKeys(NioEventLoop.java:496)
	at org.apache.ratis.thirdparty.io.netty.channel.nio.NioEventLoop.run(NioEventLoop.java:458)
	at org.apache.ratis.thirdparty.io.netty.util.concurrent.SingleThreadEventExecutor$5.run(SingleThreadEventExecutor.java:897)
	at org.apache.ratis.thirdparty.io.netty.util.concurrent.FastThreadLocalRunnable.run(FastThreadLocalRunnable.java:30)
	... 1 more
Caused by: java.net.ConnectException: Connection refused
	... 11 more
2019-09-23 16:32:15,268 [11a0cb5c-8a56-4b06-b515-cdac7053eb33@group-52A54961B0D1:LeaderElection38] INFO  impl.RaftServerImpl (RaftServerImpl.java:setRole(174)) - 11a0cb5c-8a56-4b06-b515-cdac7053eb33@group-52A54961B0D1: changes role from CANDIDATE to FOLLOWER at term 6 for DISCOVERED_A_NEW_TERM
2019-09-23 16:32:15,268 [11a0cb5c-8a56-4b06-b515-cdac7053eb33@group-52A54961B0D1:LeaderElection38] INFO  impl.RoleInfo (RoleInfo.java:shutdownLeaderElection(134)) - 11a0cb5c-8a56-4b06-b515-cdac7053eb33: shutdown LeaderElection
2019-09-23 16:32:15,268 [11a0cb5c-8a56-4b06-b515-cdac7053eb33@group-52A54961B0D1:LeaderElection38] INFO  impl.RoleInfo (RoleInfo.java:updateAndGet(143)) - 11a0cb5c-8a56-4b06-b515-cdac7053eb33: start FollowerState
2019-09-23 16:32:15,616 [Thread-855] INFO  impl.FollowerState (FollowerState.java:run(106)) - 4c593327-0bf9-46b1-956b-3e746ac2d8f2:group-B288D53BE695 changes to CANDIDATE, lastRpcTime:5821, electionTimeout:5193ms
2019-09-23 16:32:15,618 [Thread-855] INFO  impl.RoleInfo (RoleInfo.java:shutdownFollowerState(121)) - 4c593327-0bf9-46b1-956b-3e746ac2d8f2: shutdown FollowerState
2019-09-23 16:32:15,618 [Thread-855] INFO  impl.RaftServerImpl (RaftServerImpl.java:setRole(174)) - 4c593327-0bf9-46b1-956b-3e746ac2d8f2@group-B288D53BE695: changes role from  FOLLOWER to CANDIDATE at term 1 for changeToCandidate
2019-09-23 16:32:15,619 [Thread-855] INFO  impl.RoleInfo (RoleInfo.java:updateAndGet(143)) - 4c593327-0bf9-46b1-956b-3e746ac2d8f2: start LeaderElection
2019-09-23 16:32:15,619 [4c593327-0bf9-46b1-956b-3e746ac2d8f2@group-B288D53BE695:LeaderElection39] INFO  impl.RaftServerImpl (ServerState.java:setLeader(253)) - 4c593327-0bf9-46b1-956b-3e746ac2d8f2@group-B288D53BE695: change Leader from e159ba87-a890-41be-ac9a-dd3e406e242d to null at term 1 for initElection
2019-09-23 16:32:15,700 [4c593327-0bf9-46b1-956b-3e746ac2d8f2@group-B288D53BE695:LeaderElection39] INFO  impl.LeaderElection (LeaderElection.java:askForVotes(182)) - 4c593327-0bf9-46b1-956b-3e746ac2d8f2@group-B288D53BE695:LeaderElection39: begin an election at term 2 for 0: [a5442e60-b445-451d-bf7e-b5b4139f0c5f:192.168.34.17:42853, 4c593327-0bf9-46b1-956b-3e746ac2d8f2:192.168.34.17:34116, e159ba87-a890-41be-ac9a-dd3e406e242d:192.168.34.17:34068], old=null
2019-09-23 16:32:15,703 [4c593327-0bf9-46b1-956b-3e746ac2d8f2@group-B288D53BE695:LeaderElection39] INFO  impl.LeaderElection (LogUtils.java:infoOrTrace(149)) - 4c593327-0bf9-46b1-956b-3e746ac2d8f2@group-B288D53BE695:LeaderElection39 got exception when requesting votes: {}
java.util.concurrent.ExecutionException: org.apache.ratis.thirdparty.io.grpc.StatusRuntimeException: UNAVAILABLE: io exception
	at java.util.concurrent.FutureTask.report(FutureTask.java:122)
	at java.util.concurrent.FutureTask.get(FutureTask.java:192)
	at org.apache.ratis.server.impl.LeaderElection.waitForResults(LeaderElection.java:263)
	at org.apache.ratis.server.impl.LeaderElection.askForVotes(LeaderElection.java:201)
	at org.apache.ratis.server.impl.LeaderElection.run(LeaderElection.java:133)
	at java.lang.Thread.run(Thread.java:748)
Caused by: org.apache.ratis.thirdparty.io.grpc.StatusRuntimeException: UNAVAILABLE: io exception
	at org.apache.ratis.thirdparty.io.grpc.stub.ClientCalls.toStatusRuntimeException(ClientCalls.java:233)
	at org.apache.ratis.thirdparty.io.grpc.stub.ClientCalls.getUnchecked(ClientCalls.java:214)
	at org.apache.ratis.thirdparty.io.grpc.stub.ClientCalls.blockingUnaryCall(ClientCalls.java:139)
	at org.apache.ratis.proto.grpc.RaftServerProtocolServiceGrpc$RaftServerProtocolServiceBlockingStub.requestVote(RaftServerProtocolServiceGrpc.java:265)
	at org.apache.ratis.grpc.server.GrpcServerProtocolClient.requestVote(GrpcServerProtocolClient.java:90)
	at org.apache.ratis.grpc.server.GrpcService.requestVote(GrpcService.java:204)
	at org.apache.ratis.server.impl.LeaderElection.lambda$submitRequests$1(LeaderElection.java:238)
	at java.util.concurrent.FutureTask.run(FutureTask.java:266)
	at java.util.concurrent.Executors$RunnableAdapter.call(Executors.java:511)
	at java.util.concurrent.FutureTask.run(FutureTask.java:266)
	at java.util.concurrent.ThreadPoolExecutor.runWorker(ThreadPoolExecutor.java:1149)
	at java.util.concurrent.ThreadPoolExecutor$Worker.run(ThreadPoolExecutor.java:624)
	... 1 more
Caused by: org.apache.ratis.thirdparty.io.netty.channel.AbstractChannel$AnnotatedConnectException: Connection refused: /192.168.34.17:34068
	at sun.nio.ch.SocketChannelImpl.checkConnect(Native Method)
	at sun.nio.ch.SocketChannelImpl.finishConnect(SocketChannelImpl.java:717)
	at org.apache.ratis.thirdparty.io.netty.channel.socket.nio.NioSocketChannel.doFinishConnect(NioSocketChannel.java:327)
	at org.apache.ratis.thirdparty.io.netty.channel.nio.AbstractNioChannel$AbstractNioUnsafe.finishConnect(AbstractNioChannel.java:340)
	at org.apache.ratis.thirdparty.io.netty.channel.nio.NioEventLoop.processSelectedKey(NioEventLoop.java:632)
	at org.apache.ratis.thirdparty.io.netty.channel.nio.NioEventLoop.processSelectedKeysOptimized(NioEventLoop.java:579)
	at org.apache.ratis.thirdparty.io.netty.channel.nio.NioEventLoop.processSelectedKeys(NioEventLoop.java:496)
	at org.apache.ratis.thirdparty.io.netty.channel.nio.NioEventLoop.run(NioEventLoop.java:458)
	at org.apache.ratis.thirdparty.io.netty.util.concurrent.SingleThreadEventExecutor$5.run(SingleThreadEventExecutor.java:897)
	at org.apache.ratis.thirdparty.io.netty.util.concurrent.FastThreadLocalRunnable.run(FastThreadLocalRunnable.java:30)
	... 1 more
Caused by: java.net.ConnectException: Connection refused
	... 11 more
2019-09-23 16:32:15,703 [grpc-default-executor-4] INFO  impl.RaftServerImpl (ServerState.java:setLeader(253)) - a5442e60-b445-451d-bf7e-b5b4139f0c5f@group-B288D53BE695: change Leader from e159ba87-a890-41be-ac9a-dd3e406e242d to null at term 2 for updateCurrentTerm
2019-09-23 16:32:15,706 [grpc-default-executor-4] INFO  impl.RaftServerImpl (RaftServerImpl.java:setRole(174)) - a5442e60-b445-451d-bf7e-b5b4139f0c5f@group-B288D53BE695: changes role from  FOLLOWER to FOLLOWER at term 2 for recognizeCandidate:4c593327-0bf9-46b1-956b-3e746ac2d8f2
2019-09-23 16:32:15,706 [grpc-default-executor-4] INFO  impl.RoleInfo (RoleInfo.java:shutdownFollowerState(121)) - a5442e60-b445-451d-bf7e-b5b4139f0c5f: shutdown FollowerState
2019-09-23 16:32:15,706 [grpc-default-executor-4] INFO  impl.RoleInfo (RoleInfo.java:updateAndGet(143)) - a5442e60-b445-451d-bf7e-b5b4139f0c5f: start FollowerState
2019-09-23 16:32:15,707 [Thread-848] INFO  impl.FollowerState (FollowerState.java:run(115)) - a5442e60-b445-451d-bf7e-b5b4139f0c5f: FollowerState was interrupted: java.lang.InterruptedException: sleep interrupted
2019-09-23 16:32:15,768 [4c593327-0bf9-46b1-956b-3e746ac2d8f2@group-B288D53BE695:LeaderElection39] INFO  impl.LeaderElection (LeaderElection.java:logAndReturn(56)) - 4c593327-0bf9-46b1-956b-3e746ac2d8f2@group-B288D53BE695:LeaderElection39: Election PASSED; received 1 response(s) [4c593327-0bf9-46b1-956b-3e746ac2d8f2<-a5442e60-b445-451d-bf7e-b5b4139f0c5f#0:OK-t2] and 1 exception(s); 4c593327-0bf9-46b1-956b-3e746ac2d8f2@group-B288D53BE695:t2, leader=null, voted=4c593327-0bf9-46b1-956b-3e746ac2d8f2, raftlog=4c593327-0bf9-46b1-956b-3e746ac2d8f2@group-B288D53BE695-SegmentedRaftLog:OPENED:c8,f8,i8, conf=0: [a5442e60-b445-451d-bf7e-b5b4139f0c5f:192.168.34.17:42853, 4c593327-0bf9-46b1-956b-3e746ac2d8f2:192.168.34.17:34116, e159ba87-a890-41be-ac9a-dd3e406e242d:192.168.34.17:34068], old=null
2019-09-23 16:32:15,769 [4c593327-0bf9-46b1-956b-3e746ac2d8f2@group-B288D53BE695:LeaderElection39] INFO  impl.LeaderElection (LogUtils.java:infoOrTrace(149)) -   Exception 0: {}
java.util.concurrent.ExecutionException: org.apache.ratis.thirdparty.io.grpc.StatusRuntimeException: UNAVAILABLE: io exception
	at java.util.concurrent.FutureTask.report(FutureTask.java:122)
	at java.util.concurrent.FutureTask.get(FutureTask.java:192)
	at org.apache.ratis.server.impl.LeaderElection.waitForResults(LeaderElection.java:263)
	at org.apache.ratis.server.impl.LeaderElection.askForVotes(LeaderElection.java:201)
	at org.apache.ratis.server.impl.LeaderElection.run(LeaderElection.java:133)
	at java.lang.Thread.run(Thread.java:748)
Caused by: org.apache.ratis.thirdparty.io.grpc.StatusRuntimeException: UNAVAILABLE: io exception
	at org.apache.ratis.thirdparty.io.grpc.stub.ClientCalls.toStatusRuntimeException(ClientCalls.java:233)
	at org.apache.ratis.thirdparty.io.grpc.stub.ClientCalls.getUnchecked(ClientCalls.java:214)
	at org.apache.ratis.thirdparty.io.grpc.stub.ClientCalls.blockingUnaryCall(ClientCalls.java:139)
	at org.apache.ratis.proto.grpc.RaftServerProtocolServiceGrpc$RaftServerProtocolServiceBlockingStub.requestVote(RaftServerProtocolServiceGrpc.java:265)
	at org.apache.ratis.grpc.server.GrpcServerProtocolClient.requestVote(GrpcServerProtocolClient.java:90)
	at org.apache.ratis.grpc.server.GrpcService.requestVote(GrpcService.java:204)
	at org.apache.ratis.server.impl.LeaderElection.lambda$submitRequests$1(LeaderElection.java:238)
	at java.util.concurrent.FutureTask.run(FutureTask.java:266)
	at java.util.concurrent.Executors$RunnableAdapter.call(Executors.java:511)
	at java.util.concurrent.FutureTask.run(FutureTask.java:266)
	at java.util.concurrent.ThreadPoolExecutor.runWorker(ThreadPoolExecutor.java:1149)
	at java.util.concurrent.ThreadPoolExecutor$Worker.run(ThreadPoolExecutor.java:624)
	... 1 more
Caused by: org.apache.ratis.thirdparty.io.netty.channel.AbstractChannel$AnnotatedConnectException: Connection refused: /192.168.34.17:34068
	at sun.nio.ch.SocketChannelImpl.checkConnect(Native Method)
	at sun.nio.ch.SocketChannelImpl.finishConnect(SocketChannelImpl.java:717)
	at org.apache.ratis.thirdparty.io.netty.channel.socket.nio.NioSocketChannel.doFinishConnect(NioSocketChannel.java:327)
	at org.apache.ratis.thirdparty.io.netty.channel.nio.AbstractNioChannel$AbstractNioUnsafe.finishConnect(AbstractNioChannel.java:340)
	at org.apache.ratis.thirdparty.io.netty.channel.nio.NioEventLoop.processSelectedKey(NioEventLoop.java:632)
	at org.apache.ratis.thirdparty.io.netty.channel.nio.NioEventLoop.processSelectedKeysOptimized(NioEventLoop.java:579)
	at org.apache.ratis.thirdparty.io.netty.channel.nio.NioEventLoop.processSelectedKeys(NioEventLoop.java:496)
	at org.apache.ratis.thirdparty.io.netty.channel.nio.NioEventLoop.run(NioEventLoop.java:458)
	at org.apache.ratis.thirdparty.io.netty.util.concurrent.SingleThreadEventExecutor$5.run(SingleThreadEventExecutor.java:897)
	at org.apache.ratis.thirdparty.io.netty.util.concurrent.FastThreadLocalRunnable.run(FastThreadLocalRunnable.java:30)
	... 1 more
Caused by: java.net.ConnectException: Connection refused
	... 11 more
2019-09-23 16:32:15,769 [4c593327-0bf9-46b1-956b-3e746ac2d8f2@group-B288D53BE695:LeaderElection39] INFO  impl.RoleInfo (RoleInfo.java:shutdownLeaderElection(134)) - 4c593327-0bf9-46b1-956b-3e746ac2d8f2: shutdown LeaderElection
2019-09-23 16:32:15,770 [4c593327-0bf9-46b1-956b-3e746ac2d8f2@group-B288D53BE695:LeaderElection39] INFO  impl.RaftServerImpl (RaftServerImpl.java:setRole(174)) - 4c593327-0bf9-46b1-956b-3e746ac2d8f2@group-B288D53BE695: changes role from CANDIDATE to LEADER at term 2 for changeToLeader
2019-09-23 16:32:15,770 [4c593327-0bf9-46b1-956b-3e746ac2d8f2@group-B288D53BE695:LeaderElection39] INFO  impl.RaftServerImpl (ServerState.java:setLeader(253)) - 4c593327-0bf9-46b1-956b-3e746ac2d8f2@group-B288D53BE695: change Leader from null to 4c593327-0bf9-46b1-956b-3e746ac2d8f2 at term 2 for becomeLeader, leader elected after 150ms
2019-09-23 16:32:15,770 [4c593327-0bf9-46b1-956b-3e746ac2d8f2@group-B288D53BE695:LeaderElection39] INFO  server.RaftServerConfigKeys (ConfUtils.java:logGet(43)) - raft.server.staging.catchup.gap = 1000 (default)
2019-09-23 16:32:15,770 [4c593327-0bf9-46b1-956b-3e746ac2d8f2@group-B288D53BE695:LeaderElection39] INFO  server.RaftServerConfigKeys (ConfUtils.java:logGet(43)) - raft.server.rpc.sleep.time = 25ms (default)
2019-09-23 16:32:15,770 [4c593327-0bf9-46b1-956b-3e746ac2d8f2@group-B288D53BE695:LeaderElection39] INFO  server.RaftServerConfigKeys (ConfUtils.java:logGet(43)) - raft.server.write.element-limit = 4096 (default)
2019-09-23 16:32:15,771 [4c593327-0bf9-46b1-956b-3e746ac2d8f2@group-B288D53BE695:LeaderElection39] INFO  server.RaftServerConfigKeys (ConfUtils.java:logGet(43)) - raft.server.watch.timeout = 10s (default)
2019-09-23 16:32:15,771 [4c593327-0bf9-46b1-956b-3e746ac2d8f2@group-B288D53BE695:LeaderElection39] INFO  server.RaftServerConfigKeys (ConfUtils.java:logGet(43)) - raft.server.watch.timeout.denomination = 1s (default)
2019-09-23 16:32:15,771 [4c593327-0bf9-46b1-956b-3e746ac2d8f2@group-B288D53BE695:LeaderElection39] INFO  server.RaftServerConfigKeys (ConfUtils.java:logGet(43)) - raft.server.watch.element-limit = 65536 (default)
2019-09-23 16:32:15,775 [4c593327-0bf9-46b1-956b-3e746ac2d8f2@group-B288D53BE695:LeaderElection39] INFO  server.RaftServerConfigKeys (ConfUtils.java:logGet(43)) - raft.server.log.appender.snapshot.chunk.size.max = 16MB (=16777216) (default)
2019-09-23 16:32:15,775 [4c593327-0bf9-46b1-956b-3e746ac2d8f2@group-B288D53BE695:LeaderElection39] INFO  server.RaftServerConfigKeys (ConfUtils.java:logGet(43)) - raft.server.log.appender.buffer.byte-limit = 33554432 (custom)
2019-09-23 16:32:15,775 [4c593327-0bf9-46b1-956b-3e746ac2d8f2@group-B288D53BE695:LeaderElection39] INFO  server.RaftServerConfigKeys (ConfUtils.java:logGet(43)) - raft.server.log.appender.buffer.element-limit = 1 (custom)
2019-09-23 16:32:15,776 [4c593327-0bf9-46b1-956b-3e746ac2d8f2@group-B288D53BE695:LeaderElection39] INFO  grpc.GrpcConfigKeys$Server (ConfUtils.java:logGet(43)) - raft.grpc.server.leader.outstanding.appends.max = 128 (default)
2019-09-23 16:32:15,776 [4c593327-0bf9-46b1-956b-3e746ac2d8f2@group-B288D53BE695:LeaderElection39] INFO  server.RaftServerConfigKeys (ConfUtils.java:logGet(43)) - raft.server.rpc.request.timeout = 3000ms (default)
2019-09-23 16:32:15,776 [4c593327-0bf9-46b1-956b-3e746ac2d8f2@group-B288D53BE695:LeaderElection39] INFO  server.RaftServerConfigKeys (ConfUtils.java:logGet(43)) - raft.server.log.appender.install.snapshot.enabled = false (custom)
2019-09-23 16:32:15,776 [4c593327-0bf9-46b1-956b-3e746ac2d8f2@group-B288D53BE695:LeaderElection39] INFO  server.RaftServerConfigKeys (ConfUtils.java:logGet(43)) - raft.server.log.appender.snapshot.chunk.size.max = 16MB (=16777216) (default)
2019-09-23 16:32:15,777 [4c593327-0bf9-46b1-956b-3e746ac2d8f2@group-B288D53BE695:LeaderElection39] INFO  server.RaftServerConfigKeys (ConfUtils.java:logGet(43)) - raft.server.log.appender.buffer.byte-limit = 33554432 (custom)
2019-09-23 16:32:15,777 [4c593327-0bf9-46b1-956b-3e746ac2d8f2@group-B288D53BE695:LeaderElection39] INFO  server.RaftServerConfigKeys (ConfUtils.java:logGet(43)) - raft.server.log.appender.buffer.element-limit = 1 (custom)
2019-09-23 16:32:15,777 [4c593327-0bf9-46b1-956b-3e746ac2d8f2@group-B288D53BE695:LeaderElection39] INFO  grpc.GrpcConfigKeys$Server (ConfUtils.java:logGet(43)) - raft.grpc.server.leader.outstanding.appends.max = 128 (default)
2019-09-23 16:32:15,777 [4c593327-0bf9-46b1-956b-3e746ac2d8f2@group-B288D53BE695:LeaderElection39] INFO  server.RaftServerConfigKeys (ConfUtils.java:logGet(43)) - raft.server.rpc.request.timeout = 3000ms (default)
2019-09-23 16:32:15,777 [4c593327-0bf9-46b1-956b-3e746ac2d8f2@group-B288D53BE695:LeaderElection39] INFO  server.RaftServerConfigKeys (ConfUtils.java:logGet(43)) - raft.server.log.appender.install.snapshot.enabled = false (custom)
2019-09-23 16:32:15,778 [4c593327-0bf9-46b1-956b-3e746ac2d8f2@group-B288D53BE695:LeaderElection39] INFO  impl.RoleInfo (RoleInfo.java:updateAndGet(143)) - 4c593327-0bf9-46b1-956b-3e746ac2d8f2: start LeaderState
2019-09-23 16:32:15,779 [4c593327-0bf9-46b1-956b-3e746ac2d8f2@group-B288D53BE695:LeaderElection39] INFO  segmented.SegmentedRaftLogWorker (SegmentedRaftLogWorker.java:rollLogSegment(385)) - 4c593327-0bf9-46b1-956b-3e746ac2d8f2@group-B288D53BE695-SegmentedRaftLogWorker: Rolling segment log-0_8 to index:8
2019-09-23 16:32:15,782 [4c593327-0bf9-46b1-956b-3e746ac2d8f2@group-B288D53BE695:LeaderElection39] INFO  impl.RaftServerImpl (ServerState.java:setRaftConf(354)) - 4c593327-0bf9-46b1-956b-3e746ac2d8f2@group-B288D53BE695: set configuration 9: [a5442e60-b445-451d-bf7e-b5b4139f0c5f:192.168.34.17:42853, 4c593327-0bf9-46b1-956b-3e746ac2d8f2:192.168.34.17:34116, e159ba87-a890-41be-ac9a-dd3e406e242d:192.168.34.17:34068], old=null at 9
2019-09-23 16:32:15,782 [4c593327-0bf9-46b1-956b-3e746ac2d8f2@group-B288D53BE695-SegmentedRaftLogWorker] INFO  segmented.SegmentedRaftLogWorker (SegmentedRaftLogWorker.java:execute(526)) - 4c593327-0bf9-46b1-956b-3e746ac2d8f2@group-B288D53BE695-SegmentedRaftLogWorker: Rolled log segment from /workdir/hadoop-ozone/integration-test/target/test-dir/MiniOzoneClusterImpl-2125af76-57d3-4163-b90f-d8f74e1b50d6/datanode-5/data/ratis/75ff431f-f267-4cff-b5bc-b288d53be695/current/log_inprogress_0 to /workdir/hadoop-ozone/integration-test/target/test-dir/MiniOzoneClusterImpl-2125af76-57d3-4163-b90f-d8f74e1b50d6/datanode-5/data/ratis/75ff431f-f267-4cff-b5bc-b288d53be695/current/log_0-8
2019-09-23 16:32:15,784 [grpc-default-executor-4] WARN  server.GrpcLogAppender (LogUtils.java:warn(134)) - 4c593327-0bf9-46b1-956b-3e746ac2d8f2@group-B288D53BE695->e159ba87-a890-41be-ac9a-dd3e406e242d-AppendLogResponseHandler: Failed appendEntries: org.apache.ratis.thirdparty.io.grpc.StatusRuntimeException: UNAVAILABLE: io exception
2019-09-23 16:32:15,785 [grpc-default-executor-4] INFO  impl.FollowerInfo (FollowerInfo.java:lambda$new$0(51)) - 4c593327-0bf9-46b1-956b-3e746ac2d8f2@group-B288D53BE695->e159ba87-a890-41be-ac9a-dd3e406e242d: nextIndex: updateUnconditionally 9 -> 1
2019-09-23 16:32:15,785 [grpc-default-executor-6] INFO  impl.RaftServerImpl (ServerState.java:setLeader(253)) - a5442e60-b445-451d-bf7e-b5b4139f0c5f@group-B288D53BE695: change Leader from null to 4c593327-0bf9-46b1-956b-3e746ac2d8f2 at term 2 for appendEntries, leader elected after 82ms
2019-09-23 16:32:15,824 [grpc-default-executor-6] INFO  impl.RaftServerImpl (ServerState.java:setRaftConf(354)) - a5442e60-b445-451d-bf7e-b5b4139f0c5f@group-B288D53BE695: set configuration 9: [a5442e60-b445-451d-bf7e-b5b4139f0c5f:192.168.34.17:42853, 4c593327-0bf9-46b1-956b-3e746ac2d8f2:192.168.34.17:34116, e159ba87-a890-41be-ac9a-dd3e406e242d:192.168.34.17:34068], old=null at 9
2019-09-23 16:32:15,824 [grpc-default-executor-6] INFO  segmented.SegmentedRaftLogWorker (SegmentedRaftLogWorker.java:rollLogSegment(385)) - a5442e60-b445-451d-bf7e-b5b4139f0c5f@group-B288D53BE695-SegmentedRaftLogWorker: Rolling segment log-0_8 to index:8
2019-09-23 16:32:15,825 [a5442e60-b445-451d-bf7e-b5b4139f0c5f@group-B288D53BE695-SegmentedRaftLogWorker] INFO  segmented.SegmentedRaftLogWorker (SegmentedRaftLogWorker.java:execute(526)) - a5442e60-b445-451d-bf7e-b5b4139f0c5f@group-B288D53BE695-SegmentedRaftLogWorker: Rolled log segment from /workdir/hadoop-ozone/integration-test/target/test-dir/MiniOzoneClusterImpl-2125af76-57d3-4163-b90f-d8f74e1b50d6/datanode-6/data/ratis/75ff431f-f267-4cff-b5bc-b288d53be695/current/log_inprogress_0 to /workdir/hadoop-ozone/integration-test/target/test-dir/MiniOzoneClusterImpl-2125af76-57d3-4163-b90f-d8f74e1b50d6/datanode-6/data/ratis/75ff431f-f267-4cff-b5bc-b288d53be695/current/log_0-8
2019-09-23 16:32:15,873 [4c593327-0bf9-46b1-956b-3e746ac2d8f2@group-B288D53BE695-SegmentedRaftLogWorker] INFO  segmented.SegmentedRaftLogWorker (SegmentedRaftLogWorker.java:execute(569)) - 4c593327-0bf9-46b1-956b-3e746ac2d8f2@group-B288D53BE695-SegmentedRaftLogWorker: created new log segment /workdir/hadoop-ozone/integration-test/target/test-dir/MiniOzoneClusterImpl-2125af76-57d3-4163-b90f-d8f74e1b50d6/datanode-5/data/ratis/75ff431f-f267-4cff-b5bc-b288d53be695/current/log_inprogress_9
2019-09-23 16:32:15,876 [a5442e60-b445-451d-bf7e-b5b4139f0c5f@group-B288D53BE695-SegmentedRaftLogWorker] INFO  segmented.SegmentedRaftLogWorker (SegmentedRaftLogWorker.java:execute(569)) - a5442e60-b445-451d-bf7e-b5b4139f0c5f@group-B288D53BE695-SegmentedRaftLogWorker: created new log segment /workdir/hadoop-ozone/integration-test/target/test-dir/MiniOzoneClusterImpl-2125af76-57d3-4163-b90f-d8f74e1b50d6/datanode-6/data/ratis/75ff431f-f267-4cff-b5bc-b288d53be695/current/log_inprogress_9
2019-09-23 16:32:15,905 [grpc-default-executor-4] WARN  server.GrpcLogAppender (LogUtils.java:warn(134)) - 4c593327-0bf9-46b1-956b-3e746ac2d8f2@group-B288D53BE695->e159ba87-a890-41be-ac9a-dd3e406e242d-AppendLogResponseHandler: Failed appendEntries: org.apache.ratis.thirdparty.io.grpc.StatusRuntimeException: UNAVAILABLE: io exception
2019-09-23 16:32:15,905 [grpc-default-executor-4] INFO  impl.FollowerInfo (FollowerInfo.java:lambda$new$0(51)) - 4c593327-0bf9-46b1-956b-3e746ac2d8f2@group-B288D53BE695->e159ba87-a890-41be-ac9a-dd3e406e242d: nextIndex: updateUnconditionally 2 -> 1
2019-09-23 16:32:15,933 [grpc-default-executor-4] WARN  server.GrpcLogAppender (LogUtils.java:warn(134)) - 4c593327-0bf9-46b1-956b-3e746ac2d8f2@group-B288D53BE695->e159ba87-a890-41be-ac9a-dd3e406e242d-AppendLogResponseHandler: Failed appendEntries: org.apache.ratis.thirdparty.io.grpc.StatusRuntimeException: UNAVAILABLE: io exception
2019-09-23 16:32:15,933 [grpc-default-executor-4] INFO  impl.FollowerInfo (FollowerInfo.java:lambda$new$0(51)) - 4c593327-0bf9-46b1-956b-3e746ac2d8f2@group-B288D53BE695->e159ba87-a890-41be-ac9a-dd3e406e242d: nextIndex: updateUnconditionally 2 -> 1
2019-09-23 16:32:16,816 [ForkJoinPool.commonPool-worker-0] INFO  ozoneimpl.OzoneContainer (OzoneContainer.java:stop(231)) - Attempting to stop container services.
2019-09-23 16:32:16,817 [ForkJoinPool.commonPool-worker-0] INFO  impl.RaftServerProxy (RaftServerProxy.java:lambda$close$4(314)) - 11a0cb5c-8a56-4b06-b515-cdac7053eb33: close
2019-09-23 16:32:16,817 [ForkJoinPool.commonPool-worker-0] INFO  impl.RaftServerImpl (RaftServerImpl.java:lambda$shutdown$3(251)) - 11a0cb5c-8a56-4b06-b515-cdac7053eb33@group-F860668171A2: shutdown
2019-09-23 16:32:16,818 [ForkJoinPool.commonPool-worker-0] INFO  util.JmxRegister (JmxRegister.java:unregister(73)) - Successfully un-registered JMX Bean with object name Ratis:service=RaftServer,group=group-F860668171A2,id=11a0cb5c-8a56-4b06-b515-cdac7053eb33
2019-09-23 16:32:16,818 [ForkJoinPool.commonPool-worker-0] INFO  impl.RoleInfo (RoleInfo.java:shutdownLeaderState(104)) - 11a0cb5c-8a56-4b06-b515-cdac7053eb33: shutdown LeaderState
2019-09-23 16:32:16,819 [ForkJoinPool.commonPool-worker-0] INFO  impl.PendingRequests (PendingRequests.java:sendNotLeaderResponses(202)) - 11a0cb5c-8a56-4b06-b515-cdac7053eb33-PendingRequests: sendNotLeaderResponses
2019-09-23 16:32:16,819 [ForkJoinPool.commonPool-worker-0] INFO  impl.StateMachineUpdater (StateMachineUpdater.java:stopAndJoin(125)) - 11a0cb5c-8a56-4b06-b515-cdac7053eb33@group-F860668171A2-StateMachineUpdater: set stopIndex = 0
2019-09-23 16:32:16,820 [ForkJoinPool.commonPool-worker-0] INFO  impl.RaftServerImpl (ServerState.java:close(385)) - 11a0cb5c-8a56-4b06-b515-cdac7053eb33@group-F860668171A2: closes. applyIndex: 0
2019-09-23 16:32:16,821 [11a0cb5c-8a56-4b06-b515-cdac7053eb33@group-F860668171A2-SegmentedRaftLogWorker] INFO  segmented.SegmentedRaftLogWorker (SegmentedRaftLogWorker.java:run(313)) - 11a0cb5c-8a56-4b06-b515-cdac7053eb33@group-F860668171A2-SegmentedRaftLogWorker was interrupted, exiting. There are 0 tasks remaining in the queue.
2019-09-23 16:32:16,825 [ForkJoinPool.commonPool-worker-0] INFO  segmented.SegmentedRaftLogWorker (SegmentedRaftLogWorker.java:close(228)) - 11a0cb5c-8a56-4b06-b515-cdac7053eb33@group-F860668171A2-SegmentedRaftLogWorker close()
2019-09-23 16:32:16,827 [ForkJoinPool.commonPool-worker-0] INFO  impl.RaftServerImpl (RaftServerImpl.java:lambda$shutdown$3(251)) - 11a0cb5c-8a56-4b06-b515-cdac7053eb33@group-52A54961B0D1: shutdown
2019-09-23 16:32:16,827 [ForkJoinPool.commonPool-worker-0] INFO  util.JmxRegister (JmxRegister.java:unregister(73)) - Successfully un-registered JMX Bean with object name Ratis:service=RaftServer,group=group-52A54961B0D1,id=11a0cb5c-8a56-4b06-b515-cdac7053eb33
2019-09-23 16:32:16,827 [ForkJoinPool.commonPool-worker-0] INFO  impl.RoleInfo (RoleInfo.java:shutdownFollowerState(121)) - 11a0cb5c-8a56-4b06-b515-cdac7053eb33: shutdown FollowerState
2019-09-23 16:32:16,828 [ForkJoinPool.commonPool-worker-0] INFO  impl.StateMachineUpdater (StateMachineUpdater.java:stopAndJoin(125)) - 11a0cb5c-8a56-4b06-b515-cdac7053eb33@group-52A54961B0D1-StateMachineUpdater: set stopIndex = 0
2019-09-23 16:32:16,828 [Thread-1450] INFO  impl.FollowerState (FollowerState.java:run(115)) - 11a0cb5c-8a56-4b06-b515-cdac7053eb33: FollowerState was interrupted: java.lang.InterruptedException: sleep interrupted
2019-09-23 16:32:16,828 [ForkJoinPool.commonPool-worker-0] INFO  impl.RaftServerImpl (ServerState.java:close(385)) - 11a0cb5c-8a56-4b06-b515-cdac7053eb33@group-52A54961B0D1: closes. applyIndex: 0
2019-09-23 16:32:16,830 [11a0cb5c-8a56-4b06-b515-cdac7053eb33@group-52A54961B0D1-SegmentedRaftLogWorker] INFO  segmented.SegmentedRaftLogWorker (SegmentedRaftLogWorker.java:run(313)) - 11a0cb5c-8a56-4b06-b515-cdac7053eb33@group-52A54961B0D1-SegmentedRaftLogWorker was interrupted, exiting. There are 0 tasks remaining in the queue.
2019-09-23 16:32:16,832 [ForkJoinPool.commonPool-worker-0] INFO  segmented.SegmentedRaftLogWorker (SegmentedRaftLogWorker.java:close(228)) - 11a0cb5c-8a56-4b06-b515-cdac7053eb33@group-52A54961B0D1-SegmentedRaftLogWorker close()
2019-09-23 16:32:16,834 [ForkJoinPool.commonPool-worker-0] INFO  server.GrpcService (GrpcService.java:closeImpl(164)) - 11a0cb5c-8a56-4b06-b515-cdac7053eb33: shutdown server with port 40017 now
2019-09-23 16:32:16,834 [ForkJoinPool.commonPool-worker-0] INFO  server.GrpcService (GrpcService.java:closeImpl(172)) - 11a0cb5c-8a56-4b06-b515-cdac7053eb33: shutdown server with port 40017 successfully
2019-09-23 16:32:16,836 [refreshUsed-/workdir/hadoop-ozone/integration-test/target/test-dir/MiniOzoneClusterImpl-2125af76-57d3-4163-b90f-d8f74e1b50d6/datanode-0/data/containers] WARN  fs.CachingGetSpaceUsed (CachingGetSpaceUsed.java:run(183)) - Thread Interrupted waiting to refresh disk information: sleep interrupted
2019-09-23 16:32:16,855 [ForkJoinPool.commonPool-worker-0] INFO  utils.BackgroundService (BackgroundService.java:shutdown(148)) - Shutting down service BlockDeletingService
2019-09-23 16:32:16,860 [ForkJoinPool.commonPool-worker-0] INFO  statemachine.DatanodeStateMachine (DatanodeStateMachine.java:stopDaemon(395)) - Ozone container server stopped.
2019-09-23 16:32:16,864 [ForkJoinPool.commonPool-worker-0] INFO  handler.ContextHandler (ContextHandler.java:doStop(910)) - Stopped o.e.j.w.WebAppContext@65bad087{/,null,UNAVAILABLE}{/hddsDatanode}
2019-09-23 16:32:16,865 [ForkJoinPool.commonPool-worker-0] INFO  server.AbstractConnector (AbstractConnector.java:doStop(318)) - Stopped ServerConnector@276cc8dc{HTTP/1.1,[http/1.1]}{0.0.0.0:0}
2019-09-23 16:32:16,866 [ForkJoinPool.commonPool-worker-0] INFO  handler.ContextHandler (ContextHandler.java:doStop(910)) - Stopped o.e.j.s.ServletContextHandler@3127cb44{/static,jar:file:/home/user/.m2/repository/org/apache/hadoop/hadoop-hdds-container-service/0.5.0-SNAPSHOT/hadoop-hdds-container-service-0.5.0-SNAPSHOT.jar!/webapps/static,UNAVAILABLE}
2019-09-23 16:32:16,868 [ForkJoinPool.commonPool-worker-0] INFO  handler.ContextHandler (ContextHandler.java:doStop(910)) - Stopped o.e.j.s.ServletContextHandler@1d4fb213{/logs,file:///workdir/hadoop-ozone/integration-test/target/log,UNAVAILABLE}
2019-09-23 16:32:17,745 [Datanode State Machine Thread - 0] INFO  statemachine.DatanodeStateMachine (DatanodeStateMachine.java:lambda$startDaemon$0(350)) - Ozone container server started.
2019-09-23 16:32:17,805 [main] INFO  ozoneimpl.OzoneContainer (OzoneContainer.java:stop(231)) - Attempting to stop container services.
2019-09-23 16:32:17,806 [main] INFO  impl.RaftServerProxy (RaftServerProxy.java:lambda$close$4(314)) - a5442e60-b445-451d-bf7e-b5b4139f0c5f: close
2019-09-23 16:32:17,806 [main] INFO  impl.RaftServerImpl (RaftServerImpl.java:lambda$shutdown$3(251)) - a5442e60-b445-451d-bf7e-b5b4139f0c5f@group-B288D53BE695: shutdown
2019-09-23 16:32:17,806 [main] INFO  util.JmxRegister (JmxRegister.java:unregister(73)) - Successfully un-registered JMX Bean with object name Ratis:service=RaftServer,group=group-B288D53BE695,id=a5442e60-b445-451d-bf7e-b5b4139f0c5f
2019-09-23 16:32:17,806 [main] INFO  impl.RoleInfo (RoleInfo.java:shutdownFollowerState(121)) - a5442e60-b445-451d-bf7e-b5b4139f0c5f: shutdown FollowerState
2019-09-23 16:32:17,806 [main] INFO  impl.StateMachineUpdater (StateMachineUpdater.java:stopAndJoin(125)) - a5442e60-b445-451d-bf7e-b5b4139f0c5f@group-B288D53BE695-StateMachineUpdater: set stopIndex = 9
2019-09-23 16:32:17,807 [Thread-1454] INFO  impl.FollowerState (FollowerState.java:run(115)) - a5442e60-b445-451d-bf7e-b5b4139f0c5f: FollowerState was interrupted: java.lang.InterruptedException: sleep interrupted
2019-09-23 16:32:17,807 [a5442e60-b445-451d-bf7e-b5b4139f0c5f@group-B288D53BE695-StateMachineUpdater] INFO  ratis.ContainerStateMachine (ContainerStateMachine.java:takeSnapshot(289)) - group-B288D53BE695: Taking a snapshot at:(t:1, i:6) file /workdir/hadoop-ozone/integration-test/target/test-dir/MiniOzoneClusterImpl-2125af76-57d3-4163-b90f-d8f74e1b50d6/datanode-6/data/ratis/75ff431f-f267-4cff-b5bc-b288d53be695/sm/snapshot.1_6
2019-09-23 16:32:18,434 [grpc-default-executor-8] WARN  server.GrpcLogAppender (LogUtils.java:warn(134)) - 4c593327-0bf9-46b1-956b-3e746ac2d8f2@group-B288D53BE695->e159ba87-a890-41be-ac9a-dd3e406e242d-AppendLogResponseHandler: Failed appendEntries: org.apache.ratis.thirdparty.io.grpc.StatusRuntimeException: UNAVAILABLE: io exception
2019-09-23 16:32:18,435 [grpc-default-executor-8] INFO  impl.FollowerInfo (FollowerInfo.java:lambda$new$0(51)) - 4c593327-0bf9-46b1-956b-3e746ac2d8f2@group-B288D53BE695->e159ba87-a890-41be-ac9a-dd3e406e242d: nextIndex: updateUnconditionally 1 -> 0
2019-09-23 16:32:18,527 [a5442e60-b445-451d-bf7e-b5b4139f0c5f@group-B288D53BE695-StateMachineUpdater] INFO  ratis.ContainerStateMachine (ContainerStateMachine.java:takeSnapshot(300)) - group-B288D53BE695: Finished taking a snapshot at:(t:1, i:6) file:/workdir/hadoop-ozone/integration-test/target/test-dir/MiniOzoneClusterImpl-2125af76-57d3-4163-b90f-d8f74e1b50d6/datanode-6/data/ratis/75ff431f-f267-4cff-b5bc-b288d53be695/sm/snapshot.1_6 time:720
2019-09-23 16:32:18,527 [a5442e60-b445-451d-bf7e-b5b4139f0c5f@group-B288D53BE695-StateMachineUpdater] INFO  impl.StateMachineUpdater (StateMachineUpdater.java:takeSnapshot(258)) - a5442e60-b445-451d-bf7e-b5b4139f0c5f@group-B288D53BE695-StateMachineUpdater: Took a snapshot at index 6
2019-09-23 16:32:18,527 [a5442e60-b445-451d-bf7e-b5b4139f0c5f@group-B288D53BE695-StateMachineUpdater] INFO  impl.StateMachineUpdater (StateMachineUpdater.java:lambda$new$0(83)) - a5442e60-b445-451d-bf7e-b5b4139f0c5f@group-B288D53BE695-StateMachineUpdater: snapshotIndex: updateIncreasingly -1 -> 6
2019-09-23 16:32:18,528 [a5442e60-b445-451d-bf7e-b5b4139f0c5f@group-B288D53BE695-StateMachineUpdater] INFO  ratis.ContainerStateMachine (ContainerStateMachine.java:takeSnapshot(289)) - group-B288D53BE695: Taking a snapshot at:(t:1, i:6) file /workdir/hadoop-ozone/integration-test/target/test-dir/MiniOzoneClusterImpl-2125af76-57d3-4163-b90f-d8f74e1b50d6/datanode-6/data/ratis/75ff431f-f267-4cff-b5bc-b288d53be695/sm/snapshot.1_6
2019-09-23 16:32:18,583 [a5442e60-b445-451d-bf7e-b5b4139f0c5f@group-B288D53BE695-StateMachineUpdater] INFO  ratis.ContainerStateMachine (ContainerStateMachine.java:takeSnapshot(300)) - group-B288D53BE695: Finished taking a snapshot at:(t:1, i:6) file:/workdir/hadoop-ozone/integration-test/target/test-dir/MiniOzoneClusterImpl-2125af76-57d3-4163-b90f-d8f74e1b50d6/datanode-6/data/ratis/75ff431f-f267-4cff-b5bc-b288d53be695/sm/snapshot.1_6 time:56
2019-09-23 16:32:18,584 [a5442e60-b445-451d-bf7e-b5b4139f0c5f@group-B288D53BE695-StateMachineUpdater] INFO  impl.StateMachineUpdater (StateMachineUpdater.java:takeSnapshot(258)) - a5442e60-b445-451d-bf7e-b5b4139f0c5f@group-B288D53BE695-StateMachineUpdater: Took a snapshot at index 6
2019-09-23 16:32:18,584 [a5442e60-b445-451d-bf7e-b5b4139f0c5f@group-B288D53BE695-StateMachineUpdater] INFO  impl.StateMachineUpdater (StateMachineUpdater.java:lambda$new$0(83)) - a5442e60-b445-451d-bf7e-b5b4139f0c5f@group-B288D53BE695-StateMachineUpdater: snapshotIndex: updateIncreasingly 6 -> 6
2019-09-23 16:32:18,584 [main] INFO  impl.RaftServerImpl (ServerState.java:close(385)) - a5442e60-b445-451d-bf7e-b5b4139f0c5f@group-B288D53BE695: closes. applyIndex: 9
2019-09-23 16:32:18,585 [a5442e60-b445-451d-bf7e-b5b4139f0c5f@group-B288D53BE695-SegmentedRaftLogWorker] INFO  segmented.SegmentedRaftLogWorker (SegmentedRaftLogWorker.java:run(313)) - a5442e60-b445-451d-bf7e-b5b4139f0c5f@group-B288D53BE695-SegmentedRaftLogWorker was interrupted, exiting. There are 0 tasks remaining in the queue.
2019-09-23 16:32:18,587 [main] INFO  segmented.SegmentedRaftLogWorker (SegmentedRaftLogWorker.java:close(228)) - a5442e60-b445-451d-bf7e-b5b4139f0c5f@group-B288D53BE695-SegmentedRaftLogWorker close()
2019-09-23 16:32:18,596 [main] INFO  impl.RaftServerImpl (RaftServerImpl.java:lambda$shutdown$3(251)) - a5442e60-b445-451d-bf7e-b5b4139f0c5f@group-B21227772943: shutdown
2019-09-23 16:32:18,597 [main] INFO  util.JmxRegister (JmxRegister.java:unregister(73)) - Successfully un-registered JMX Bean with object name Ratis:service=RaftServer,group=group-B21227772943,id=a5442e60-b445-451d-bf7e-b5b4139f0c5f
2019-09-23 16:32:18,597 [main] INFO  impl.RoleInfo (RoleInfo.java:shutdownLeaderState(104)) - a5442e60-b445-451d-bf7e-b5b4139f0c5f: shutdown LeaderState
2019-09-23 16:32:18,597 [main] INFO  impl.PendingRequests (PendingRequests.java:sendNotLeaderResponses(202)) - a5442e60-b445-451d-bf7e-b5b4139f0c5f-PendingRequests: sendNotLeaderResponses
2019-09-23 16:32:18,598 [main] INFO  impl.StateMachineUpdater (StateMachineUpdater.java:stopAndJoin(125)) - a5442e60-b445-451d-bf7e-b5b4139f0c5f@group-B21227772943-StateMachineUpdater: set stopIndex = 0
2019-09-23 16:32:18,599 [main] INFO  impl.RaftServerImpl (ServerState.java:close(385)) - a5442e60-b445-451d-bf7e-b5b4139f0c5f@group-B21227772943: closes. applyIndex: 0
2019-09-23 16:32:18,599 [a5442e60-b445-451d-bf7e-b5b4139f0c5f@group-B21227772943-SegmentedRaftLogWorker] INFO  segmented.SegmentedRaftLogWorker (SegmentedRaftLogWorker.java:run(313)) - a5442e60-b445-451d-bf7e-b5b4139f0c5f@group-B21227772943-SegmentedRaftLogWorker was interrupted, exiting. There are 0 tasks remaining in the queue.
2019-09-23 16:32:18,600 [main] INFO  segmented.SegmentedRaftLogWorker (SegmentedRaftLogWorker.java:close(228)) - a5442e60-b445-451d-bf7e-b5b4139f0c5f@group-B21227772943-SegmentedRaftLogWorker close()
2019-09-23 16:32:18,600 [main] INFO  server.GrpcService (GrpcService.java:closeImpl(164)) - a5442e60-b445-451d-bf7e-b5b4139f0c5f: shutdown server with port 42853 now
2019-09-23 16:32:18,601 [grpc-default-executor-6] WARN  server.GrpcServerProtocolService (LogUtils.java:warn(134)) - a5442e60-b445-451d-bf7e-b5b4139f0c5f: installSnapshot onError, lastRequest: 4c593327-0bf9-46b1-956b-3e746ac2d8f2->a5442e60-b445-451d-bf7e-b5b4139f0c5f#3-t2, previous=(t:2, i:10), leaderCommit=10, initializing? false, entries: <empty>: org.apache.ratis.thirdparty.io.grpc.StatusRuntimeException: CANCELLED: cancelled before receiving half close
2019-09-23 16:32:18,601 [main] INFO  server.GrpcService (GrpcService.java:closeImpl(172)) - a5442e60-b445-451d-bf7e-b5b4139f0c5f: shutdown server with port 42853 successfully
2019-09-23 16:32:18,602 [grpc-default-executor-4] WARN  server.GrpcLogAppender (LogUtils.java:warn(134)) - 4c593327-0bf9-46b1-956b-3e746ac2d8f2@group-B288D53BE695->a5442e60-b445-451d-bf7e-b5b4139f0c5f-AppendLogResponseHandler: Failed appendEntries: org.apache.ratis.thirdparty.io.grpc.StatusRuntimeException: CANCELLED: HTTP/2 error code: CANCEL
Received Rst Stream
2019-09-23 16:32:18,603 [grpc-default-executor-4] INFO  impl.FollowerInfo (FollowerInfo.java:lambda$new$0(51)) - 4c593327-0bf9-46b1-956b-3e746ac2d8f2@group-B288D53BE695->a5442e60-b445-451d-bf7e-b5b4139f0c5f: nextIndex: updateUnconditionally 11 -> 10
2019-09-23 16:32:18,603 [refreshUsed-/workdir/hadoop-ozone/integration-test/target/test-dir/MiniOzoneClusterImpl-2125af76-57d3-4163-b90f-d8f74e1b50d6/datanode-6/data/containers] WARN  fs.CachingGetSpaceUsed (CachingGetSpaceUsed.java:run(183)) - Thread Interrupted waiting to refresh disk information: sleep interrupted
2019-09-23 16:32:18,622 [main] INFO  utils.BackgroundService (BackgroundService.java:shutdown(148)) - Shutting down service BlockDeletingService
2019-09-23 16:32:18,626 [main] INFO  statemachine.DatanodeStateMachine (DatanodeStateMachine.java:stopDaemon(395)) - Ozone container server stopped.
2019-09-23 16:32:18,627 [main] INFO  handler.ContextHandler (ContextHandler.java:doStop(910)) - Stopped o.e.j.w.WebAppContext@3135bf25{/,null,UNAVAILABLE}{/hddsDatanode}
2019-09-23 16:32:18,628 [main] INFO  server.AbstractConnector (AbstractConnector.java:doStop(318)) - Stopped ServerConnector@22ad1bae{HTTP/1.1,[http/1.1]}{0.0.0.0:0}
2019-09-23 16:32:18,628 [main] INFO  handler.ContextHandler (ContextHandler.java:doStop(910)) - Stopped o.e.j.s.ServletContextHandler@3b332962{/static,jar:file:/home/user/.m2/repository/org/apache/hadoop/hadoop-hdds-container-service/0.5.0-SNAPSHOT/hadoop-hdds-container-service-0.5.0-SNAPSHOT.jar!/webapps/static,UNAVAILABLE}
2019-09-23 16:32:18,629 [main] INFO  handler.ContextHandler (ContextHandler.java:doStop(910)) - Stopped o.e.j.s.ServletContextHandler@3e28fee1{/logs,file:///workdir/hadoop-ozone/integration-test/target/log,UNAVAILABLE}
2019-09-23 16:32:20,938 [grpc-default-executor-9] WARN  server.GrpcLogAppender (LogUtils.java:warn(134)) - 4c593327-0bf9-46b1-956b-3e746ac2d8f2@group-B288D53BE695->a5442e60-b445-451d-bf7e-b5b4139f0c5f-AppendLogResponseHandler: Failed appendEntries: org.apache.ratis.thirdparty.io.grpc.StatusRuntimeException: UNAVAILABLE: io exception
2019-09-23 16:32:20,938 [grpc-default-executor-6] WARN  server.GrpcLogAppender (LogUtils.java:warn(134)) - 4c593327-0bf9-46b1-956b-3e746ac2d8f2@group-B288D53BE695->e159ba87-a890-41be-ac9a-dd3e406e242d-AppendLogResponseHandler: Failed appendEntries: org.apache.ratis.thirdparty.io.grpc.StatusRuntimeException: UNAVAILABLE: io exception
2019-09-23 16:32:20,939 [grpc-default-executor-9] INFO  impl.FollowerInfo (FollowerInfo.java:lambda$new$0(51)) - 4c593327-0bf9-46b1-956b-3e746ac2d8f2@group-B288D53BE695->a5442e60-b445-451d-bf7e-b5b4139f0c5f: nextIndex: updateUnconditionally 10 -> 9
2019-09-23 16:32:20,940 [grpc-default-executor-6] INFO  impl.FollowerInfo (FollowerInfo.java:lambda$new$0(51)) - 4c593327-0bf9-46b1-956b-3e746ac2d8f2@group-B288D53BE695->e159ba87-a890-41be-ac9a-dd3e406e242d: nextIndex: updateUnconditionally 0 -> 0
2019-09-23 16:32:21,870 [ForkJoinPool.commonPool-worker-0] INFO  ozoneimpl.OzoneContainer (OzoneContainer.java:stop(231)) - Attempting to stop container services.
2019-09-23 16:32:21,871 [ForkJoinPool.commonPool-worker-0] INFO  impl.RaftServerProxy (RaftServerProxy.java:lambda$close$4(314)) - 4c593327-0bf9-46b1-956b-3e746ac2d8f2: close
2019-09-23 16:32:21,871 [ForkJoinPool.commonPool-worker-0] INFO  impl.RaftServerImpl (RaftServerImpl.java:lambda$shutdown$3(251)) - 4c593327-0bf9-46b1-956b-3e746ac2d8f2@group-B288D53BE695: shutdown
2019-09-23 16:32:21,871 [ForkJoinPool.commonPool-worker-0] INFO  util.JmxRegister (JmxRegister.java:unregister(73)) - Successfully un-registered JMX Bean with object name Ratis:service=RaftServer,group=group-B288D53BE695,id=4c593327-0bf9-46b1-956b-3e746ac2d8f2
2019-09-23 16:32:21,872 [ForkJoinPool.commonPool-worker-0] INFO  impl.RoleInfo (RoleInfo.java:shutdownLeaderState(104)) - 4c593327-0bf9-46b1-956b-3e746ac2d8f2: shutdown LeaderState
2019-09-23 16:32:21,874 [org.apache.ratis.server.impl.LogAppender$AppenderDaemon$$Lambda$681/804434398@4c665fe9] WARN  server.GrpcLogAppender (GrpcLogAppender.java:mayWait(143)) - 4c593327-0bf9-46b1-956b-3e746ac2d8f2@group-B288D53BE695->e159ba87-a890-41be-ac9a-dd3e406e242d-GrpcLogAppender: Wait interrupted by java.lang.InterruptedException
2019-09-23 16:32:21,874 [org.apache.ratis.server.impl.LogAppender$AppenderDaemon$$Lambda$681/804434398@40ae110d] WARN  server.GrpcLogAppender (GrpcLogAppender.java:mayWait(143)) - 4c593327-0bf9-46b1-956b-3e746ac2d8f2@group-B288D53BE695->a5442e60-b445-451d-bf7e-b5b4139f0c5f-GrpcLogAppender: Wait interrupted by java.lang.InterruptedException
2019-09-23 16:32:21,874 [ForkJoinPool.commonPool-worker-0] INFO  impl.PendingRequests (PendingRequests.java:sendNotLeaderResponses(202)) - 4c593327-0bf9-46b1-956b-3e746ac2d8f2-PendingRequests: sendNotLeaderResponses
2019-09-23 16:32:21,876 [ForkJoinPool.commonPool-worker-0] INFO  impl.StateMachineUpdater (StateMachineUpdater.java:stopAndJoin(125)) - 4c593327-0bf9-46b1-956b-3e746ac2d8f2@group-B288D53BE695-StateMachineUpdater: set stopIndex = 10
2019-09-23 16:32:21,876 [4c593327-0bf9-46b1-956b-3e746ac2d8f2@group-B288D53BE695-StateMachineUpdater] INFO  ratis.ContainerStateMachine (ContainerStateMachine.java:takeSnapshot(289)) - group-B288D53BE695: Taking a snapshot at:(t:1, i:6) file /workdir/hadoop-ozone/integration-test/target/test-dir/MiniOzoneClusterImpl-2125af76-57d3-4163-b90f-d8f74e1b50d6/datanode-5/data/ratis/75ff431f-f267-4cff-b5bc-b288d53be695/sm/snapshot.1_6
2019-09-23 16:32:21,946 [4c593327-0bf9-46b1-956b-3e746ac2d8f2@group-B288D53BE695-StateMachineUpdater] INFO  ratis.ContainerStateMachine (ContainerStateMachine.java:takeSnapshot(300)) - group-B288D53BE695: Finished taking a snapshot at:(t:1, i:6) file:/workdir/hadoop-ozone/integration-test/target/test-dir/MiniOzoneClusterImpl-2125af76-57d3-4163-b90f-d8f74e1b50d6/datanode-5/data/ratis/75ff431f-f267-4cff-b5bc-b288d53be695/sm/snapshot.1_6 time:70
2019-09-23 16:32:21,946 [4c593327-0bf9-46b1-956b-3e746ac2d8f2@group-B288D53BE695-StateMachineUpdater] INFO  impl.StateMachineUpdater (StateMachineUpdater.java:takeSnapshot(258)) - 4c593327-0bf9-46b1-956b-3e746ac2d8f2@group-B288D53BE695-StateMachineUpdater: Took a snapshot at index 6
2019-09-23 16:32:21,947 [4c593327-0bf9-46b1-956b-3e746ac2d8f2@group-B288D53BE695-StateMachineUpdater] INFO  impl.StateMachineUpdater (StateMachineUpdater.java:lambda$new$0(83)) - 4c593327-0bf9-46b1-956b-3e746ac2d8f2@group-B288D53BE695-StateMachineUpdater: snapshotIndex: updateIncreasingly -1 -> 6
2019-09-23 16:32:21,947 [4c593327-0bf9-46b1-956b-3e746ac2d8f2@group-B288D53BE695-StateMachineUpdater] INFO  ratis.ContainerStateMachine (ContainerStateMachine.java:takeSnapshot(289)) - group-B288D53BE695: Taking a snapshot at:(t:1, i:6) file /workdir/hadoop-ozone/integration-test/target/test-dir/MiniOzoneClusterImpl-2125af76-57d3-4163-b90f-d8f74e1b50d6/datanode-5/data/ratis/75ff431f-f267-4cff-b5bc-b288d53be695/sm/snapshot.1_6
2019-09-23 16:32:22,028 [4c593327-0bf9-46b1-956b-3e746ac2d8f2@group-B288D53BE695-StateMachineUpdater] INFO  ratis.ContainerStateMachine (ContainerStateMachine.java:takeSnapshot(300)) - group-B288D53BE695: Finished taking a snapshot at:(t:1, i:6) file:/workdir/hadoop-ozone/integration-test/target/test-dir/MiniOzoneClusterImpl-2125af76-57d3-4163-b90f-d8f74e1b50d6/datanode-5/data/ratis/75ff431f-f267-4cff-b5bc-b288d53be695/sm/snapshot.1_6 time:82
2019-09-23 16:32:22,029 [4c593327-0bf9-46b1-956b-3e746ac2d8f2@group-B288D53BE695-StateMachineUpdater] INFO  impl.StateMachineUpdater (StateMachineUpdater.java:takeSnapshot(258)) - 4c593327-0bf9-46b1-956b-3e746ac2d8f2@group-B288D53BE695-StateMachineUpdater: Took a snapshot at index 6
2019-09-23 16:32:22,029 [4c593327-0bf9-46b1-956b-3e746ac2d8f2@group-B288D53BE695-StateMachineUpdater] INFO  impl.StateMachineUpdater (StateMachineUpdater.java:lambda$new$0(83)) - 4c593327-0bf9-46b1-956b-3e746ac2d8f2@group-B288D53BE695-StateMachineUpdater: snapshotIndex: updateIncreasingly 6 -> 6
2019-09-23 16:32:22,029 [ForkJoinPool.commonPool-worker-0] INFO  impl.RaftServerImpl (ServerState.java:close(385)) - 4c593327-0bf9-46b1-956b-3e746ac2d8f2@group-B288D53BE695: closes. applyIndex: 10
2019-09-23 16:32:22,030 [4c593327-0bf9-46b1-956b-3e746ac2d8f2@group-B288D53BE695-SegmentedRaftLogWorker] INFO  segmented.SegmentedRaftLogWorker (SegmentedRaftLogWorker.java:run(313)) - 4c593327-0bf9-46b1-956b-3e746ac2d8f2@group-B288D53BE695-SegmentedRaftLogWorker was interrupted, exiting. There are 0 tasks remaining in the queue.
2019-09-23 16:32:22,030 [ForkJoinPool.commonPool-worker-0] INFO  segmented.SegmentedRaftLogWorker (SegmentedRaftLogWorker.java:close(228)) - 4c593327-0bf9-46b1-956b-3e746ac2d8f2@group-B288D53BE695-SegmentedRaftLogWorker close()
2019-09-23 16:32:22,031 [ForkJoinPool.commonPool-worker-0] INFO  impl.RaftServerImpl (RaftServerImpl.java:lambda$shutdown$3(251)) - 4c593327-0bf9-46b1-956b-3e746ac2d8f2@group-4A34E86F7836: shutdown
2019-09-23 16:32:22,031 [ForkJoinPool.commonPool-worker-0] INFO  util.JmxRegister (JmxRegister.java:unregister(73)) - Successfully un-registered JMX Bean with object name Ratis:service=RaftServer,group=group-4A34E86F7836,id=4c593327-0bf9-46b1-956b-3e746ac2d8f2
2019-09-23 16:32:22,031 [ForkJoinPool.commonPool-worker-0] INFO  impl.RoleInfo (RoleInfo.java:shutdownLeaderState(104)) - 4c593327-0bf9-46b1-956b-3e746ac2d8f2: shutdown LeaderState
2019-09-23 16:32:22,031 [ForkJoinPool.commonPool-worker-0] INFO  impl.PendingRequests (PendingRequests.java:sendNotLeaderResponses(202)) - 4c593327-0bf9-46b1-956b-3e746ac2d8f2-PendingRequests: sendNotLeaderResponses
2019-09-23 16:32:22,032 [ForkJoinPool.commonPool-worker-0] INFO  impl.StateMachineUpdater (StateMachineUpdater.java:stopAndJoin(125)) - 4c593327-0bf9-46b1-956b-3e746ac2d8f2@group-4A34E86F7836-StateMachineUpdater: set stopIndex = 0
2019-09-23 16:32:22,032 [ForkJoinPool.commonPool-worker-0] INFO  impl.RaftServerImpl (ServerState.java:close(385)) - 4c593327-0bf9-46b1-956b-3e746ac2d8f2@group-4A34E86F7836: closes. applyIndex: 0
2019-09-23 16:32:22,033 [4c593327-0bf9-46b1-956b-3e746ac2d8f2@group-4A34E86F7836-SegmentedRaftLogWorker] INFO  segmented.SegmentedRaftLogWorker (SegmentedRaftLogWorker.java:run(313)) - 4c593327-0bf9-46b1-956b-3e746ac2d8f2@group-4A34E86F7836-SegmentedRaftLogWorker was interrupted, exiting. There are 0 tasks remaining in the queue.
2019-09-23 16:32:22,033 [ForkJoinPool.commonPool-worker-0] INFO  segmented.SegmentedRaftLogWorker (SegmentedRaftLogWorker.java:close(228)) - 4c593327-0bf9-46b1-956b-3e746ac2d8f2@group-4A34E86F7836-SegmentedRaftLogWorker close()
2019-09-23 16:32:22,034 [ForkJoinPool.commonPool-worker-0] INFO  server.GrpcService (GrpcService.java:closeImpl(164)) - 4c593327-0bf9-46b1-956b-3e746ac2d8f2: shutdown server with port 34116 now
2019-09-23 16:32:22,034 [ForkJoinPool.commonPool-worker-0] INFO  server.GrpcService (GrpcService.java:closeImpl(172)) - 4c593327-0bf9-46b1-956b-3e746ac2d8f2: shutdown server with port 34116 successfully
2019-09-23 16:32:22,041 [refreshUsed-/workdir/hadoop-ozone/integration-test/target/test-dir/MiniOzoneClusterImpl-2125af76-57d3-4163-b90f-d8f74e1b50d6/datanode-5/data/containers] WARN  fs.CachingGetSpaceUsed (CachingGetSpaceUsed.java:run(183)) - Thread Interrupted waiting to refresh disk information: sleep interrupted
2019-09-23 16:32:22,060 [ForkJoinPool.commonPool-worker-0] INFO  utils.BackgroundService (BackgroundService.java:shutdown(148)) - Shutting down service BlockDeletingService
2019-09-23 16:32:22,064 [ForkJoinPool.commonPool-worker-0] INFO  statemachine.DatanodeStateMachine (DatanodeStateMachine.java:stopDaemon(395)) - Ozone container server stopped.
2019-09-23 16:32:22,068 [ForkJoinPool.commonPool-worker-0] INFO  handler.ContextHandler (ContextHandler.java:doStop(910)) - Stopped o.e.j.w.WebAppContext@37348491{/,null,UNAVAILABLE}{/hddsDatanode}
2019-09-23 16:32:22,069 [ForkJoinPool.commonPool-worker-0] INFO  server.AbstractConnector (AbstractConnector.java:doStop(318)) - Stopped ServerConnector@76e3b45b{HTTP/1.1,[http/1.1]}{0.0.0.0:0}
2019-09-23 16:32:22,072 [ForkJoinPool.commonPool-worker-0] INFO  handler.ContextHandler (ContextHandler.java:doStop(910)) - Stopped o.e.j.s.ServletContextHandler@7c281eb8{/static,jar:file:/home/user/.m2/repository/org/apache/hadoop/hadoop-hdds-container-service/0.5.0-SNAPSHOT/hadoop-hdds-container-service-0.5.0-SNAPSHOT.jar!/webapps/static,UNAVAILABLE}
2019-09-23 16:32:22,072 [ForkJoinPool.commonPool-worker-0] INFO  handler.ContextHandler (ContextHandler.java:doStop(910)) - Stopped o.e.j.s.ServletContextHandler@fe87ddd{/logs,file:///workdir/hadoop-ozone/integration-test/target/log,UNAVAILABLE}
2019-09-23 16:32:22,073 [main] INFO  ozone.MiniOzoneClusterImpl (MiniOzoneClusterImpl.java:stopSCM(392)) - Stopping the StorageContainerManager
2019-09-23 16:32:22,074 [main] INFO  server.StorageContainerManager (StorageContainerManager.java:stop(808)) - Stopping Replication Manager Service.
2019-09-23 16:32:22,074 [main] INFO  container.ReplicationManager (ReplicationManager.java:stop(203)) - Stopping Replication Monitor Thread.
2019-09-23 16:32:22,074 [main] INFO  server.StorageContainerManager (StorageContainerManager.java:stop(815)) - Stopping Lease Manager of the command watchers
2019-09-23 16:32:22,074 [main] INFO  server.StorageContainerManager (StorageContainerManager.java:stop(822)) - Stopping datanode service RPC server
2019-09-23 16:32:22,075 [main] INFO  server.SCMDatanodeProtocolServer (SCMDatanodeProtocolServer.java:stop(367)) - Stopping the RPC server for DataNodes
2019-09-23 16:32:22,075 [main] INFO  ipc.Server (Server.java:stop(3082)) - Stopping server on 38120
2019-09-23 16:32:22,077 [IPC Server listener on 38120] INFO  ipc.Server (Server.java:run(1185)) - Stopping IPC Server listener on 38120
2019-09-23 16:32:22,078 [IPC Server Responder] INFO  ipc.Server (Server.java:run(1319)) - Stopping IPC Server Responder
2019-09-23 16:32:22,131 [SCM Heartbeat Processing Thread - 0] WARN  node.NodeStateManager (NodeStateManager.java:scheduleNextHealthCheck(646)) - Current Thread is interrupted, shutting down HB processing thread for Node Manager.
2019-09-23 16:32:22,132 [main] INFO  server.StorageContainerManager (StorageContainerManager.java:stop(830)) - Stopping block service RPC server
2019-09-23 16:32:22,132 [main] INFO  server.SCMBlockProtocolServer (SCMBlockProtocolServer.java:stop(155)) - Stopping the RPC server for Block Protocol
2019-09-23 16:32:22,132 [main] INFO  ipc.Server (Server.java:stop(3082)) - Stopping server on 44148
2019-09-23 16:32:22,134 [IPC Server listener on 44148] INFO  ipc.Server (Server.java:run(1185)) - Stopping IPC Server listener on 44148
2019-09-23 16:32:22,134 [main] INFO  server.StorageContainerManager (StorageContainerManager.java:stop(837)) - Stopping the StorageContainerLocationProtocol RPC server
2019-09-23 16:32:22,136 [main] INFO  server.SCMClientProtocolServer (SCMClientProtocolServer.java:stop(159)) - Stopping the RPC server for Client Protocol
2019-09-23 16:32:22,135 [IPC Server Responder] INFO  ipc.Server (Server.java:run(1319)) - Stopping IPC Server Responder
2019-09-23 16:32:22,136 [main] INFO  ipc.Server (Server.java:stop(3082)) - Stopping server on 32818
2019-09-23 16:32:22,139 [IPC Server listener on 32818] INFO  ipc.Server (Server.java:run(1185)) - Stopping IPC Server listener on 32818
2019-09-23 16:32:22,139 [main] INFO  server.StorageContainerManager (StorageContainerManager.java:stop(844)) - Stopping Storage Container Manager HTTP server.
2019-09-23 16:32:22,139 [IPC Server Responder] INFO  ipc.Server (Server.java:run(1319)) - Stopping IPC Server Responder
2019-09-23 16:32:22,140 [main] INFO  handler.ContextHandler (ContextHandler.java:doStop(910)) - Stopped o.e.j.w.WebAppContext@48a663e9{/,null,UNAVAILABLE}{/scm}
2019-09-23 16:32:22,141 [main] INFO  server.AbstractConnector (AbstractConnector.java:doStop(318)) - Stopped ServerConnector@777d0bc3{HTTP/1.1,[http/1.1]}{0.0.0.0:0}
2019-09-23 16:32:22,141 [main] INFO  handler.ContextHandler (ContextHandler.java:doStop(910)) - Stopped o.e.j.s.ServletContextHandler@69cd1085{/static,file:///workdir/hadoop-ozone/integration-test/target/test-classes/webapps/static,UNAVAILABLE}
2019-09-23 16:32:22,142 [main] INFO  handler.ContextHandler (ContextHandler.java:doStop(910)) - Stopped o.e.j.s.ServletContextHandler@75babb67{/logs,file:///workdir/hadoop-ozone/integration-test/target/log,UNAVAILABLE}
2019-09-23 16:32:22,143 [main] INFO  server.StorageContainerManager (StorageContainerManager.java:stop(855)) - Stopping Block Manager Service.
2019-09-23 16:32:22,143 [main] INFO  utils.BackgroundService (BackgroundService.java:shutdown(148)) - Shutting down service SCMBlockDeletingService
2019-09-23 16:32:22,144 [main] INFO  utils.BackgroundService (BackgroundService.java:shutdown(148)) - Shutting down service SCMBlockDeletingService
2019-09-23 16:32:22,144 [main] INFO  server.StorageContainerManager (StorageContainerManager.java:stop(877)) - Stopping SCM Event Queue.
2019-09-23 16:32:22,150 [main] INFO  impl.MetricsSystemImpl (MetricsSystemImpl.java:stop(210)) - Stopping HddsDatanode metrics system...
2019-09-23 16:32:22,168 [main] INFO  impl.MetricsSystemImpl (MetricsSystemImpl.java:stop(216)) - HddsDatanode metrics system stopped.
]]></system-out>
    <system-err><![CDATA[Sep 23, 2019 4:32:18 PM org.apache.ratis.thirdparty.io.grpc.internal.SerializingExecutor run
SEVERE: Exception while executing runnable org.apache.ratis.thirdparty.io.grpc.internal.ServerImpl$JumpToApplicationThreadServerStreamListener$1Closed@67e76d21
org.apache.ratis.thirdparty.io.grpc.StatusRuntimeException: CANCELLED: call already cancelled
	at org.apache.ratis.thirdparty.io.grpc.Status.asRuntimeException(Status.java:517)
	at org.apache.ratis.thirdparty.io.grpc.stub.ServerCalls$ServerCallStreamObserverImpl.onCompleted(ServerCalls.java:356)
	at org.apache.ratis.grpc.server.GrpcServerProtocolService$ServerRequestStreamObserver.onError(GrpcServerProtocolService.java:121)
	at org.apache.ratis.thirdparty.io.grpc.stub.ServerCalls$StreamingServerCallHandler$StreamingServerCallListener.onCancel(ServerCalls.java:269)
	at org.apache.ratis.thirdparty.io.grpc.internal.ServerCallImpl$ServerStreamListenerImpl.closed(ServerCallImpl.java:293)
	at org.apache.ratis.thirdparty.io.grpc.internal.ServerImpl$JumpToApplicationThreadServerStreamListener$1Closed.runInContext(ServerImpl.java:741)
	at org.apache.ratis.thirdparty.io.grpc.internal.ContextRunnable.run(ContextRunnable.java:37)
	at org.apache.ratis.thirdparty.io.grpc.internal.SerializingExecutor.run(SerializingExecutor.java:123)
	at java.util.concurrent.ThreadPoolExecutor.runWorker(ThreadPoolExecutor.java:1149)
	at java.util.concurrent.ThreadPoolExecutor$Worker.run(ThreadPoolExecutor.java:624)
	at java.lang.Thread.run(Thread.java:748)

]]></system-err>
  </testcase>
</testsuite>