<?xml version="1.0" encoding="UTF-8"?>
<testsuite xmlns:xsi="http://www.w3.org/2001/XMLSchema-instance" xsi:noNamespaceSchemaLocation="https://maven.apache.org/surefire/maven-surefire-plugin/xsd/surefire-test-report.xsd" name="org.apache.hadoop.ozone.client.rpc.TestWatchForCommit" time="283.672" tests="5" errors="1" skipped="0" failures="0">
  <properties>
    <property name="awt.toolkit" value="sun.awt.X11.XToolkit"/>
    <property name="file.encoding.pkg" value="sun.io"/>
    <property name="java.specification.version" value="1.8"/>
    <property name="sun.cpu.isalist" value=""/>
    <property name="sun.jnu.encoding" value="UTF-8"/>
    <property name="java.class.path" value="/workdir/hadoop-ozone/integration-test/target/test-classes:/workdir/hadoop-ozone/integration-test/target/classes:/home/user/.m2/repository/org/apache/hadoop/hadoop-ozone-common/0.5.0-SNAPSHOT/hadoop-ozone-common-0.5.0-SNAPSHOT.jar:/home/user/.m2/repository/org/apache/commons/commons-compress/1.4.1/commons-compress-1.4.1.jar:/home/user/.m2/repository/org/tukaani/xz/1.0/xz-1.0.jar:/home/user/.m2/repository/org/apache/hadoop/hadoop-common/3.2.0/hadoop-common-3.2.0.jar:/home/user/.m2/repository/org/apache/hadoop/hadoop-hdfs/3.2.0/hadoop-hdfs-3.2.0.jar:/home/user/.m2/repository/org/apache/hadoop/hadoop-hdfs-client/3.2.0/hadoop-hdfs-client-3.2.0.jar:/home/user/.m2/repository/com/fasterxml/jackson/core/jackson-annotations/2.9.9/jackson-annotations-2.9.9.jar:/home/user/.m2/repository/org/apache/hadoop/hadoop-hdds-common/0.5.0-SNAPSHOT/hadoop-hdds-common-0.5.0-SNAPSHOT.jar:/home/user/.m2/repository/javax/annotation/javax.annotation-api/1.2/javax.annotation-api-1.2.jar:/home/user/.m2/repository/org/apache/ratis/ratis-server/0.4.0/ratis-server-0.4.0.jar:/home/user/.m2/repository/org/apache/ratis/ratis-thirdparty-misc/0.2.0/ratis-thirdparty-misc-0.2.0.jar:/home/user/.m2/repository/org/apache/ratis/ratis-proto/0.4.0/ratis-proto-0.4.0.jar:/home/user/.m2/repository/org/apache/ratis/ratis-common/0.4.0/ratis-common-0.4.0.jar:/home/user/.m2/repository/org/apache/ratis/ratis-client/0.4.0/ratis-client-0.4.0.jar:/home/user/.m2/repository/org/apache/ratis/ratis-metrics/0.4.0/ratis-metrics-0.4.0.jar:/home/user/.m2/repository/com/github/joshelser/dropwizard-metrics-hadoop-metrics2-reporter/0.1.2/dropwizard-metrics-hadoop-metrics2-reporter-0.1.2.jar:/home/user/.m2/repository/io/dropwizard/metrics/metrics-jvm/3.2.5/metrics-jvm-3.2.5.jar:/home/user/.m2/repository/io/dropwizard/metrics/metrics-ganglia/3.2.5/metrics-ganglia-3.2.5.jar:/home/user/.m2/repository/info/ganglia/gmetric4j/gmetric4j/1.0.7/gmetric4j-1.0.7.jar:/home/user/.m2/repository/org/apache/ratis/ratis-netty/0.4.0/ratis-netty-0.4.0.jar:/home/user/.m2/repository/org/apache/ratis/ratis-grpc/0.4.0/ratis-grpc-0.4.0.jar:/home/user/.m2/repository/org/rocksdb/rocksdbjni/6.0.1/rocksdbjni-6.0.1.jar:/home/user/.m2/repository/org/apache/logging/log4j/log4j-api/2.11.0/log4j-api-2.11.0.jar:/home/user/.m2/repository/org/apache/logging/log4j/log4j-core/2.11.0/log4j-core-2.11.0.jar:/home/user/.m2/repository/com/lmax/disruptor/3.4.2/disruptor-3.4.2.jar:/home/user/.m2/repository/org/apache/commons/commons-pool2/2.6.0/commons-pool2-2.6.0.jar:/home/user/.m2/repository/org/bouncycastle/bcpkix-jdk15on/1.60/bcpkix-jdk15on-1.60.jar:/home/user/.m2/repository/commons-validator/commons-validator/1.6/commons-validator-1.6.jar:/home/user/.m2/repository/commons-digester/commons-digester/1.8.1/commons-digester-1.8.1.jar:/home/user/.m2/repository/io/jaegertracing/jaeger-client/0.34.0/jaeger-client-0.34.0.jar:/home/user/.m2/repository/io/jaegertracing/jaeger-thrift/0.34.0/jaeger-thrift-0.34.0.jar:/home/user/.m2/repository/org/apache/thrift/libthrift/0.12.0/libthrift-0.12.0.jar:/home/user/.m2/repository/com/squareup/okhttp3/okhttp/3.9.0/okhttp-3.9.0.jar:/home/user/.m2/repository/com/squareup/okio/okio/1.13.0/okio-1.13.0.jar:/home/user/.m2/repository/io/jaegertracing/jaeger-core/0.34.0/jaeger-core-0.34.0.jar:/home/user/.m2/repository/io/jaegertracing/jaeger-tracerresolver/0.34.0/jaeger-tracerresolver-0.34.0.jar:/home/user/.m2/repository/io/opentracing/contrib/opentracing-tracerresolver/0.1.5/opentracing-tracerresolver-0.1.5.jar:/home/user/.m2/repository/io/opentracing/opentracing-util/0.31.0/opentracing-util-0.31.0.jar:/home/user/.m2/repository/io/opentracing/opentracing-api/0.31.0/opentracing-api-0.31.0.jar:/home/user/.m2/repository/io/opentracing/opentracing-noop/0.31.0/opentracing-noop-0.31.0.jar:/home/user/.m2/repository/org/apache/hadoop/hadoop-hdds-server-framework/0.5.0-SNAPSHOT/hadoop-hdds-server-framework-0.5.0-SNAPSHOT.jar:/home/user/.m2/repository/org/apache/hadoop/hadoop-hdds-container-service/0.5.0-SNAPSHOT/hadoop-hdds-container-service-0.5.0-SNAPSHOT.jar:/home/user/.m2/repository/org/apache/hadoop/hadoop-hdds-client/0.5.0-SNAPSHOT/hadoop-hdds-client-0.5.0-SNAPSHOT.jar:/home/user/.m2/repository/org/apache/hadoop/hadoop-hdds-tools/0.5.0-SNAPSHOT/hadoop-hdds-tools-0.5.0-SNAPSHOT.jar:/home/user/.m2/repository/org/apache/hadoop/hadoop-hdds-server-scm/0.5.0-SNAPSHOT/hadoop-hdds-server-scm-0.5.0-SNAPSHOT.jar:/home/user/.m2/repository/org/apache/hadoop/hadoop-hdds-docs/0.5.0-SNAPSHOT/hadoop-hdds-docs-0.5.0-SNAPSHOT.jar:/home/user/.m2/repository/io/dropwizard/metrics/metrics-core/3.2.4/metrics-core-3.2.4.jar:/home/user/.m2/repository/org/hamcrest/hamcrest-all/1.3/hamcrest-all-1.3.jar:/home/user/.m2/repository/org/bouncycastle/bcprov-jdk15on/1.60/bcprov-jdk15on-1.60.jar:/home/user/.m2/repository/info/picocli/picocli/3.9.6/picocli-3.9.6.jar:/home/user/.m2/repository/com/google/protobuf/protobuf-java/2.5.0/protobuf-java-2.5.0.jar:/home/user/.m2/repository/com/google/guava/guava/11.0.2/guava-11.0.2.jar:/home/user/.m2/repository/org/apache/hadoop/hadoop-ozone-ozone-manager/0.5.0-SNAPSHOT/hadoop-ozone-ozone-manager-0.5.0-SNAPSHOT.jar:/home/user/.m2/repository/org/apache/hadoop/hadoop-minikdc/3.2.0/hadoop-minikdc-3.2.0.jar:/home/user/.m2/repository/commons-io/commons-io/2.5/commons-io-2.5.jar:/home/user/.m2/repository/org/apache/kerby/kerb-simplekdc/1.0.1/kerb-simplekdc-1.0.1.jar:/home/user/.m2/repository/org/apache/kerby/kerb-client/1.0.1/kerb-client-1.0.1.jar:/home/user/.m2/repository/org/apache/kerby/kerby-config/1.0.1/kerby-config-1.0.1.jar:/home/user/.m2/repository/org/apache/kerby/kerb-core/1.0.1/kerb-core-1.0.1.jar:/home/user/.m2/repository/org/apache/kerby/kerby-pkix/1.0.1/kerby-pkix-1.0.1.jar:/home/user/.m2/repository/org/apache/kerby/kerby-asn1/1.0.1/kerby-asn1-1.0.1.jar:/home/user/.m2/repository/org/apache/kerby/kerby-util/1.0.1/kerby-util-1.0.1.jar:/home/user/.m2/repository/org/apache/kerby/kerb-common/1.0.1/kerb-common-1.0.1.jar:/home/user/.m2/repository/org/apache/kerby/kerb-crypto/1.0.1/kerb-crypto-1.0.1.jar:/home/user/.m2/repository/org/apache/kerby/kerb-util/1.0.1/kerb-util-1.0.1.jar:/home/user/.m2/repository/org/apache/kerby/token-provider/1.0.1/token-provider-1.0.1.jar:/home/user/.m2/repository/org/apache/kerby/kerb-admin/1.0.1/kerb-admin-1.0.1.jar:/home/user/.m2/repository/org/apache/kerby/kerb-server/1.0.1/kerb-server-1.0.1.jar:/home/user/.m2/repository/org/apache/kerby/kerb-identity/1.0.1/kerb-identity-1.0.1.jar:/home/user/.m2/repository/org/apache/kerby/kerby-xdr/1.0.1/kerby-xdr-1.0.1.jar:/home/user/.m2/repository/org/slf4j/slf4j-log4j12/1.7.25/slf4j-log4j12-1.7.25.jar:/home/user/.m2/repository/org/apache/hadoop/hadoop-ozone-s3gateway/0.5.0-SNAPSHOT/hadoop-ozone-s3gateway-0.5.0-SNAPSHOT.jar:/home/user/.m2/repository/org/jboss/weld/servlet/weld-servlet/2.4.7.Final/weld-servlet-2.4.7.Final.jar:/home/user/.m2/repository/org/glassfish/jersey/containers/jersey-container-servlet-core/2.27/jersey-container-servlet-core-2.27.jar:/home/user/.m2/repository/org/glassfish/hk2/external/javax.inject/2.5.0-b42/javax.inject-2.5.0-b42.jar:/home/user/.m2/repository/org/glassfish/jersey/core/jersey-common/2.27/jersey-common-2.27.jar:/home/user/.m2/repository/org/glassfish/hk2/osgi-resource-locator/1.0.1/osgi-resource-locator-1.0.1.jar:/home/user/.m2/repository/javax/ws/rs/javax.ws.rs-api/2.1/javax.ws.rs-api-2.1.jar:/home/user/.m2/repository/org/glassfish/jersey/ext/cdi/jersey-cdi1x/2.27/jersey-cdi1x-2.27.jar:/home/user/.m2/repository/org/glassfish/jersey/inject/jersey-hk2/2.27/jersey-hk2-2.27.jar:/home/user/.m2/repository/org/glassfish/hk2/hk2-locator/2.5.0-b42/hk2-locator-2.5.0-b42.jar:/home/user/.m2/repository/org/javassist/javassist/3.22.0-CR2/javassist-3.22.0-CR2.jar:/home/user/.m2/repository/org/glassfish/hk2/hk2-api/2.5.0/hk2-api-2.5.0.jar:/home/user/.m2/repository/org/glassfish/hk2/external/jakarta.inject/2.5.0/jakarta.inject-2.5.0.jar:/home/user/.m2/repository/org/glassfish/hk2/hk2-utils/2.5.0/hk2-utils-2.5.0.jar:/home/user/.m2/repository/jakarta/annotation/jakarta.annotation-api/1.3.4/jakarta.annotation-api-1.3.4.jar:/home/user/.m2/repository/org/glassfish/hk2/external/aopalliance-repackaged/2.5.0/aopalliance-repackaged-2.5.0.jar:/home/user/.m2/repository/com/fasterxml/jackson/dataformat/jackson-dataformat-xml/2.9.0/jackson-dataformat-xml-2.9.0.jar:/home/user/.m2/repository/com/fasterxml/jackson/core/jackson-core/2.9.9/jackson-core-2.9.9.jar:/home/user/.m2/repository/com/fasterxml/jackson/module/jackson-module-jaxb-annotations/2.9.9/jackson-module-jaxb-annotations-2.9.9.jar:/home/user/.m2/repository/javax/enterprise/cdi-api/1.2/cdi-api-1.2.jar:/home/user/.m2/repository/javax/el/javax.el-api/3.0.0/javax.el-api-3.0.0.jar:/home/user/.m2/repository/javax/interceptor/javax.interceptor-api/1.2/javax.interceptor-api-1.2.jar:/home/user/.m2/repository/javax/inject/javax.inject/1/javax.inject-1.jar:/home/user/.m2/repository/com/sun/xml/bind/jaxb-impl/2.3.0.1/jaxb-impl-2.3.0.1.jar:/home/user/.m2/repository/com/sun/xml/bind/jaxb-core/2.3.0.1/jaxb-core-2.3.0.1.jar:/home/user/.m2/repository/javax/xml/bind/jaxb-api/2.3.0/jaxb-api-2.3.0.jar:/home/user/.m2/repository/javax/activation/activation/1.1.1/activation-1.1.1.jar:/home/user/.m2/repository/org/apache/hadoop/hadoop-ozone-csi/0.5.0-SNAPSHOT/hadoop-ozone-csi-0.5.0-SNAPSHOT.jar:/home/user/.m2/repository/com/google/protobuf/protobuf-java-util/3.5.1/protobuf-java-util-3.5.1.jar:/home/user/.m2/repository/org/apache/hadoop/hadoop-hdds-config/0.5.0-SNAPSHOT/hadoop-hdds-config-0.5.0-SNAPSHOT.jar:/home/user/.m2/repository/io/grpc/grpc-netty/1.17.1/grpc-netty-1.17.1.jar:/home/user/.m2/repository/io/grpc/grpc-core/1.17.1/grpc-core-1.17.1.jar:/home/user/.m2/repository/io/grpc/grpc-context/1.17.1/grpc-context-1.17.1.jar:/home/user/.m2/repository/com/google/errorprone/error_prone_annotations/2.2.0/error_prone_annotations-2.2.0.jar:/home/user/.m2/repository/org/codehaus/mojo/animal-sniffer-annotations/1.17/animal-sniffer-annotations-1.17.jar:/home/user/.m2/repository/io/opencensus/opencensus-api/0.17.0/opencensus-api-0.17.0.jar:/home/user/.m2/repository/io/opencensus/opencensus-contrib-grpc-metrics/0.17.0/opencensus-contrib-grpc-metrics-0.17.0.jar:/home/user/.m2/repository/io/netty/netty-codec-http2/4.1.30.Final/netty-codec-http2-4.1.30.Final.jar:/home/user/.m2/repository/io/netty/netty-codec-http/4.1.30.Final/netty-codec-http-4.1.30.Final.jar:/home/user/.m2/repository/io/netty/netty-codec/4.1.30.Final/netty-codec-4.1.30.Final.jar:/home/user/.m2/repository/io/netty/netty-handler/4.1.30.Final/netty-handler-4.1.30.Final.jar:/home/user/.m2/repository/io/netty/netty-handler-proxy/4.1.30.Final/netty-handler-proxy-4.1.30.Final.jar:/home/user/.m2/repository/io/netty/netty-codec-socks/4.1.30.Final/netty-codec-socks-4.1.30.Final.jar:/home/user/.m2/repository/io/netty/netty-transport-native-epoll/4.1.30.Final/netty-transport-native-epoll-4.1.30.Final.jar:/home/user/.m2/repository/io/netty/netty-common/4.1.30.Final/netty-common-4.1.30.Final.jar:/home/user/.m2/repository/io/netty/netty-buffer/4.1.30.Final/netty-buffer-4.1.30.Final.jar:/home/user/.m2/repository/io/netty/netty-transport/4.1.30.Final/netty-transport-4.1.30.Final.jar:/home/user/.m2/repository/io/netty/netty-resolver/4.1.30.Final/netty-resolver-4.1.30.Final.jar:/home/user/.m2/repository/io/netty/netty-transport-native-unix-common/4.1.30.Final/netty-transport-native-unix-common-4.1.30.Final.jar:/home/user/.m2/repository/io/grpc/grpc-protobuf/1.17.1/grpc-protobuf-1.17.1.jar:/home/user/.m2/repository/com/google/api/grpc/proto-google-common-protos/1.0.0/proto-google-common-protos-1.0.0.jar:/home/user/.m2/repository/io/grpc/grpc-protobuf-lite/1.17.1/grpc-protobuf-lite-1.17.1.jar:/home/user/.m2/repository/io/grpc/grpc-stub/1.17.1/grpc-stub-1.17.1.jar:/home/user/.m2/repository/org/apache/hadoop/hadoop-ozone-recon/0.5.0-SNAPSHOT/hadoop-ozone-recon-0.5.0-SNAPSHOT.jar:/home/user/.m2/repository/org/apache/hadoop/hadoop-ozone-reconcodegen/0.5.0-SNAPSHOT/hadoop-ozone-reconcodegen-0.5.0-SNAPSHOT.jar:/home/user/.m2/repository/com/google/inject/extensions/guice-multibindings/4.0/guice-multibindings-4.0.jar:/home/user/.m2/repository/com/google/inject/guice/4.0/guice-4.0.jar:/home/user/.m2/repository/aopalliance/aopalliance/1.0/aopalliance-1.0.jar:/home/user/.m2/repository/com/google/inject/extensions/guice-servlet/4.0/guice-servlet-4.0.jar:/home/user/.m2/repository/org/glassfish/jersey/containers/jersey-container-servlet/2.27/jersey-container-servlet-2.27.jar:/home/user/.m2/repository/org/glassfish/hk2/guice-bridge/2.5.0/guice-bridge-2.5.0.jar:/home/user/.m2/repository/org/glassfish/jersey/core/jersey-server/2.27/jersey-server-2.27.jar:/home/user/.m2/repository/org/glassfish/jersey/core/jersey-client/2.27/jersey-client-2.27.jar:/home/user/.m2/repository/org/glassfish/jersey/media/jersey-media-jaxb/2.27/jersey-media-jaxb-2.27.jar:/home/user/.m2/repository/javax/validation/validation-api/1.1.0.Final/validation-api-1.1.0.Final.jar:/home/user/.m2/repository/org/glassfish/jersey/media/jersey-media-json-jackson/2.27/jersey-media-json-jackson-2.27.jar:/home/user/.m2/repository/org/glassfish/jersey/ext/jersey-entity-filtering/2.27/jersey-entity-filtering-2.27.jar:/home/user/.m2/repository/com/google/inject/extensions/guice-assistedinject/4.0/guice-assistedinject-4.0.jar:/home/user/.m2/repository/org/jooq/jooq/3.11.10/jooq-3.11.10.jar:/home/user/.m2/repository/org/jooq/jooq-meta/3.11.10/jooq-meta-3.11.10.jar:/home/user/.m2/repository/org/jooq/jooq-codegen/3.11.10/jooq-codegen-3.11.10.jar:/home/user/.m2/repository/com/jolbox/bonecp/0.8.0.RELEASE/bonecp-0.8.0.RELEASE.jar:/home/user/.m2/repository/org/xerial/sqlite-jdbc/3.25.2/sqlite-jdbc-3.25.2.jar:/home/user/.m2/repository/org/springframework/spring-jdbc/5.1.3.RELEASE/spring-jdbc-5.1.3.RELEASE.jar:/home/user/.m2/repository/org/springframework/spring-beans/5.1.3.RELEASE/spring-beans-5.1.3.RELEASE.jar:/home/user/.m2/repository/org/springframework/spring-core/5.1.3.RELEASE/spring-core-5.1.3.RELEASE.jar:/home/user/.m2/repository/org/springframework/spring-jcl/5.1.3.RELEASE/spring-jcl-5.1.3.RELEASE.jar:/home/user/.m2/repository/org/springframework/spring-tx/5.1.3.RELEASE/spring-tx-5.1.3.RELEASE.jar:/home/user/.m2/repository/org/apache/hadoop/hadoop-ozone-client/0.5.0-SNAPSHOT/hadoop-ozone-client-0.5.0-SNAPSHOT.jar:/home/user/.m2/repository/commons-lang/commons-lang/2.6/commons-lang-2.6.jar:/home/user/.m2/repository/org/apache/hadoop/hadoop-ozone-ozone-manager/0.5.0-SNAPSHOT/hadoop-ozone-ozone-manager-0.5.0-SNAPSHOT-tests.jar:/home/user/.m2/repository/junit/junit/4.11/junit-4.11.jar:/home/user/.m2/repository/org/hamcrest/hamcrest-core/1.3/hamcrest-core-1.3.jar:/home/user/.m2/repository/org/openjdk/jmh/jmh-core/1.19/jmh-core-1.19.jar:/home/user/.m2/repository/net/sf/jopt-simple/jopt-simple/4.6/jopt-simple-4.6.jar:/home/user/.m2/repository/org/apache/commons/commons-math3/3.1.1/commons-math3-3.1.1.jar:/home/user/.m2/repository/org/openjdk/jmh/jmh-generator-annprocess/1.19/jmh-generator-annprocess-1.19.jar:/home/user/.m2/repository/org/mockito/mockito-all/1.8.5/mockito-all-1.8.5.jar:/home/user/.m2/repository/org/apache/hadoop/hadoop-kms/3.2.0/hadoop-kms-3.2.0.jar:/home/user/.m2/repository/org/apache/hadoop/hadoop-auth/3.2.0/hadoop-auth-3.2.0.jar:/home/user/.m2/repository/com/nimbusds/nimbus-jose-jwt/4.41.1/nimbus-jose-jwt-4.41.1.jar:/home/user/.m2/repository/com/github/stephenc/jcip/jcip-annotations/1.0-1/jcip-annotations-1.0-1.jar:/home/user/.m2/repository/net/minidev/json-smart/2.3/json-smart-2.3.jar:/home/user/.m2/repository/net/minidev/accessors-smart/1.2/accessors-smart-1.2.jar:/home/user/.m2/repository/org/ow2/asm/asm/5.0.4/asm-5.0.4.jar:/home/user/.m2/repository/org/apache/curator/curator-framework/2.12.0/curator-framework-2.12.0.jar:/home/user/.m2/repository/com/sun/jersey/jersey-core/1.19/jersey-core-1.19.jar:/home/user/.m2/repository/javax/ws/rs/jsr311-api/1.1.1/jsr311-api-1.1.1.jar:/home/user/.m2/repository/com/sun/jersey/jersey-server/1.19/jersey-server-1.19.jar:/home/user/.m2/repository/javax/servlet/javax.servlet-api/3.1.0/javax.servlet-api-3.1.0.jar:/home/user/.m2/repository/org/eclipse/jetty/jetty-server/9.3.25.v20180904/jetty-server-9.3.25.v20180904.jar:/home/user/.m2/repository/org/eclipse/jetty/jetty-http/9.3.25.v20180904/jetty-http-9.3.25.v20180904.jar:/home/user/.m2/repository/org/eclipse/jetty/jetty-io/9.3.25.v20180904/jetty-io-9.3.25.v20180904.jar:/home/user/.m2/repository/org/eclipse/jetty/jetty-webapp/9.3.25.v20180904/jetty-webapp-9.3.25.v20180904.jar:/home/user/.m2/repository/org/eclipse/jetty/jetty-xml/9.3.25.v20180904/jetty-xml-9.3.25.v20180904.jar:/home/user/.m2/repository/log4j/log4j/1.2.17/log4j-1.2.17.jar:/home/user/.m2/repository/org/slf4j/slf4j-api/1.7.25/slf4j-api-1.7.25.jar:/home/user/.m2/repository/org/slf4j/jul-to-slf4j/1.7.25/jul-to-slf4j-1.7.25.jar:/home/user/.m2/repository/org/eclipse/jetty/jetty-util/9.3.25.v20180904/jetty-util-9.3.25.v20180904.jar:/home/user/.m2/repository/com/fasterxml/jackson/core/jackson-databind/2.9.9/jackson-databind-2.9.9.jar:/home/user/.m2/repository/org/apache/hadoop/hadoop-kms/3.2.0/hadoop-kms-3.2.0-tests.jar:/home/user/.m2/repository/org/apache/hadoop/hadoop-hdds-server-scm/0.5.0-SNAPSHOT/hadoop-hdds-server-scm-0.5.0-SNAPSHOT-tests.jar:/home/user/.m2/repository/org/apache/hadoop/hadoop-hdds-container-service/0.5.0-SNAPSHOT/hadoop-hdds-container-service-0.5.0-SNAPSHOT-tests.jar:/home/user/.m2/repository/org/yaml/snakeyaml/1.16/snakeyaml-1.16.jar:/home/user/.m2/repository/org/apache/hadoop/hadoop-common/3.2.0/hadoop-common-3.2.0-tests.jar:/home/user/.m2/repository/org/apache/hadoop/hadoop-annotations/3.2.0/hadoop-annotations-3.2.0.jar:/usr/lib/jvm/java-1.8-openjdk/jre/../lib/tools.jar:/home/user/.m2/repository/commons-cli/commons-cli/1.2/commons-cli-1.2.jar:/home/user/.m2/repository/org/apache/httpcomponents/httpclient/4.5.2/httpclient-4.5.2.jar:/home/user/.m2/repository/org/apache/httpcomponents/httpcore/4.4.4/httpcore-4.4.4.jar:/home/user/.m2/repository/commons-codec/commons-codec/1.11/commons-codec-1.11.jar:/home/user/.m2/repository/commons-net/commons-net/3.6/commons-net-3.6.jar:/home/user/.m2/repository/commons-collections/commons-collections/3.2.2/commons-collections-3.2.2.jar:/home/user/.m2/repository/org/eclipse/jetty/jetty-servlet/9.3.25.v20180904/jetty-servlet-9.3.25.v20180904.jar:/home/user/.m2/repository/org/eclipse/jetty/jetty-security/9.3.25.v20180904/jetty-security-9.3.25.v20180904.jar:/home/user/.m2/repository/javax/servlet/jsp/jsp-api/2.1/jsp-api-2.1.jar:/home/user/.m2/repository/com/sun/jersey/jersey-servlet/1.19/jersey-servlet-1.19.jar:/home/user/.m2/repository/com/sun/jersey/jersey-json/1.19/jersey-json-1.19.jar:/home/user/.m2/repository/org/codehaus/jettison/jettison/1.1/jettison-1.1.jar:/home/user/.m2/repository/org/codehaus/jackson/jackson-core-asl/1.9.13/jackson-core-asl-1.9.13.jar:/home/user/.m2/repository/org/codehaus/jackson/jackson-mapper-asl/1.9.13/jackson-mapper-asl-1.9.13.jar:/home/user/.m2/repository/org/codehaus/jackson/jackson-jaxrs/1.9.13/jackson-jaxrs-1.9.13.jar:/home/user/.m2/repository/org/codehaus/jackson/jackson-xc/1.9.13/jackson-xc-1.9.13.jar:/home/user/.m2/repository/commons-logging/commons-logging/1.1.3/commons-logging-1.1.3.jar:/home/user/.m2/repository/commons-beanutils/commons-beanutils/1.9.4/commons-beanutils-1.9.4.jar:/home/user/.m2/repository/org/apache/commons/commons-configuration2/2.1.1/commons-configuration2-2.1.1.jar:/home/user/.m2/repository/org/apache/commons/commons-lang3/3.7/commons-lang3-3.7.jar:/home/user/.m2/repository/org/apache/commons/commons-text/1.4/commons-text-1.4.jar:/home/user/.m2/repository/org/apache/avro/avro/1.7.7/avro-1.7.7.jar:/home/user/.m2/repository/com/thoughtworks/paranamer/paranamer/2.3/paranamer-2.3.jar:/home/user/.m2/repository/org/xerial/snappy/snappy-java/1.0.5/snappy-java-1.0.5.jar:/home/user/.m2/repository/com/google/re2j/re2j/1.1/re2j-1.1.jar:/home/user/.m2/repository/com/google/code/gson/gson/2.2.4/gson-2.2.4.jar:/home/user/.m2/repository/com/jcraft/jsch/0.1.54/jsch-0.1.54.jar:/home/user/.m2/repository/org/apache/curator/curator-client/2.12.0/curator-client-2.12.0.jar:/home/user/.m2/repository/org/apache/curator/curator-recipes/2.12.0/curator-recipes-2.12.0.jar:/home/user/.m2/repository/com/google/code/findbugs/jsr305/3.0.0/jsr305-3.0.0.jar:/home/user/.m2/repository/org/apache/htrace/htrace-core4/4.1.0-incubating/htrace-core4-4.1.0-incubating.jar:/home/user/.m2/repository/org/apache/zookeeper/zookeeper/3.4.13/zookeeper-3.4.13.jar:/home/user/.m2/repository/jline/jline/0.9.94/jline-0.9.94.jar:/home/user/.m2/repository/org/apache/yetus/audience-annotations/0.5.0/audience-annotations-0.5.0.jar:/home/user/.m2/repository/org/codehaus/woodstox/stax2-api/3.1.4/stax2-api-3.1.4.jar:/home/user/.m2/repository/com/fasterxml/woodstox/woodstox-core/5.0.3/woodstox-core-5.0.3.jar:/home/user/.m2/repository/dnsjava/dnsjava/2.1.7/dnsjava-2.1.7.jar:/home/user/.m2/repository/org/apache/hadoop/hadoop-hdfs/3.2.0/hadoop-hdfs-3.2.0-tests.jar:/home/user/.m2/repository/org/eclipse/jetty/jetty-util-ajax/9.3.25.v20180904/jetty-util-ajax-9.3.25.v20180904.jar:/home/user/.m2/repository/commons-daemon/commons-daemon/1.0.13/commons-daemon-1.0.13.jar:/home/user/.m2/repository/io/netty/netty/3.10.5.Final/netty-3.10.5.Final.jar:/home/user/.m2/repository/io/netty/netty-all/4.0.52.Final/netty-all-4.0.52.Final.jar:/home/user/.m2/repository/org/fusesource/leveldbjni/leveldbjni-all/1.8/leveldbjni-all-1.8.jar:"/>
    <property name="java.vm.vendor" value="IcedTea"/>
    <property name="sun.arch.data.model" value="64"/>
    <property name="test.build.dir" value="/workdir/hadoop-ozone/integration-test/target/test-dir"/>
    <property name="test.cache.data" value=""/>
    <property name="java.vendor.url" value="https://icedtea.classpath.org"/>
    <property name="user.timezone" value=""/>
    <property name="java.vm.specification.version" value="1.8"/>
    <property name="os.name" value="Linux"/>
    <property name="test.build.data" value="/workdir/hadoop-ozone/integration-test/target/test-dir"/>
    <property name="user.country" value="US"/>
    <property name="sun.java.launcher" value="SUN_STANDARD"/>
    <property name="sun.boot.library.path" value="/usr/lib/jvm/java-1.8-openjdk/jre/lib/amd64"/>
    <property name="sun.java.command" value="/workdir/hadoop-ozone/integration-test/target/surefire/surefirebooter5687335103859327428.jar /workdir/hadoop-ozone/integration-test/target/surefire 2019-09-23T15-15-59_719-jvmRun1 surefire7816144669658246599tmp surefire_539049277005673168907tmp"/>
    <property name="test" value="!TestMiniChaosOzoneCluster"/>
    <property name="surefire.test.class.path" value="/workdir/hadoop-ozone/integration-test/target/test-classes:/workdir/hadoop-ozone/integration-test/target/classes:/home/user/.m2/repository/org/apache/hadoop/hadoop-ozone-common/0.5.0-SNAPSHOT/hadoop-ozone-common-0.5.0-SNAPSHOT.jar:/home/user/.m2/repository/org/apache/commons/commons-compress/1.4.1/commons-compress-1.4.1.jar:/home/user/.m2/repository/org/tukaani/xz/1.0/xz-1.0.jar:/home/user/.m2/repository/org/apache/hadoop/hadoop-common/3.2.0/hadoop-common-3.2.0.jar:/home/user/.m2/repository/org/apache/hadoop/hadoop-hdfs/3.2.0/hadoop-hdfs-3.2.0.jar:/home/user/.m2/repository/org/apache/hadoop/hadoop-hdfs-client/3.2.0/hadoop-hdfs-client-3.2.0.jar:/home/user/.m2/repository/com/fasterxml/jackson/core/jackson-annotations/2.9.9/jackson-annotations-2.9.9.jar:/home/user/.m2/repository/org/apache/hadoop/hadoop-hdds-common/0.5.0-SNAPSHOT/hadoop-hdds-common-0.5.0-SNAPSHOT.jar:/home/user/.m2/repository/javax/annotation/javax.annotation-api/1.2/javax.annotation-api-1.2.jar:/home/user/.m2/repository/org/apache/ratis/ratis-server/0.4.0/ratis-server-0.4.0.jar:/home/user/.m2/repository/org/apache/ratis/ratis-thirdparty-misc/0.2.0/ratis-thirdparty-misc-0.2.0.jar:/home/user/.m2/repository/org/apache/ratis/ratis-proto/0.4.0/ratis-proto-0.4.0.jar:/home/user/.m2/repository/org/apache/ratis/ratis-common/0.4.0/ratis-common-0.4.0.jar:/home/user/.m2/repository/org/apache/ratis/ratis-client/0.4.0/ratis-client-0.4.0.jar:/home/user/.m2/repository/org/apache/ratis/ratis-metrics/0.4.0/ratis-metrics-0.4.0.jar:/home/user/.m2/repository/com/github/joshelser/dropwizard-metrics-hadoop-metrics2-reporter/0.1.2/dropwizard-metrics-hadoop-metrics2-reporter-0.1.2.jar:/home/user/.m2/repository/io/dropwizard/metrics/metrics-jvm/3.2.5/metrics-jvm-3.2.5.jar:/home/user/.m2/repository/io/dropwizard/metrics/metrics-ganglia/3.2.5/metrics-ganglia-3.2.5.jar:/home/user/.m2/repository/info/ganglia/gmetric4j/gmetric4j/1.0.7/gmetric4j-1.0.7.jar:/home/user/.m2/repository/org/apache/ratis/ratis-netty/0.4.0/ratis-netty-0.4.0.jar:/home/user/.m2/repository/org/apache/ratis/ratis-grpc/0.4.0/ratis-grpc-0.4.0.jar:/home/user/.m2/repository/org/rocksdb/rocksdbjni/6.0.1/rocksdbjni-6.0.1.jar:/home/user/.m2/repository/org/apache/logging/log4j/log4j-api/2.11.0/log4j-api-2.11.0.jar:/home/user/.m2/repository/org/apache/logging/log4j/log4j-core/2.11.0/log4j-core-2.11.0.jar:/home/user/.m2/repository/com/lmax/disruptor/3.4.2/disruptor-3.4.2.jar:/home/user/.m2/repository/org/apache/commons/commons-pool2/2.6.0/commons-pool2-2.6.0.jar:/home/user/.m2/repository/org/bouncycastle/bcpkix-jdk15on/1.60/bcpkix-jdk15on-1.60.jar:/home/user/.m2/repository/commons-validator/commons-validator/1.6/commons-validator-1.6.jar:/home/user/.m2/repository/commons-digester/commons-digester/1.8.1/commons-digester-1.8.1.jar:/home/user/.m2/repository/io/jaegertracing/jaeger-client/0.34.0/jaeger-client-0.34.0.jar:/home/user/.m2/repository/io/jaegertracing/jaeger-thrift/0.34.0/jaeger-thrift-0.34.0.jar:/home/user/.m2/repository/org/apache/thrift/libthrift/0.12.0/libthrift-0.12.0.jar:/home/user/.m2/repository/com/squareup/okhttp3/okhttp/3.9.0/okhttp-3.9.0.jar:/home/user/.m2/repository/com/squareup/okio/okio/1.13.0/okio-1.13.0.jar:/home/user/.m2/repository/io/jaegertracing/jaeger-core/0.34.0/jaeger-core-0.34.0.jar:/home/user/.m2/repository/io/jaegertracing/jaeger-tracerresolver/0.34.0/jaeger-tracerresolver-0.34.0.jar:/home/user/.m2/repository/io/opentracing/contrib/opentracing-tracerresolver/0.1.5/opentracing-tracerresolver-0.1.5.jar:/home/user/.m2/repository/io/opentracing/opentracing-util/0.31.0/opentracing-util-0.31.0.jar:/home/user/.m2/repository/io/opentracing/opentracing-api/0.31.0/opentracing-api-0.31.0.jar:/home/user/.m2/repository/io/opentracing/opentracing-noop/0.31.0/opentracing-noop-0.31.0.jar:/home/user/.m2/repository/org/apache/hadoop/hadoop-hdds-server-framework/0.5.0-SNAPSHOT/hadoop-hdds-server-framework-0.5.0-SNAPSHOT.jar:/home/user/.m2/repository/org/apache/hadoop/hadoop-hdds-container-service/0.5.0-SNAPSHOT/hadoop-hdds-container-service-0.5.0-SNAPSHOT.jar:/home/user/.m2/repository/org/apache/hadoop/hadoop-hdds-client/0.5.0-SNAPSHOT/hadoop-hdds-client-0.5.0-SNAPSHOT.jar:/home/user/.m2/repository/org/apache/hadoop/hadoop-hdds-tools/0.5.0-SNAPSHOT/hadoop-hdds-tools-0.5.0-SNAPSHOT.jar:/home/user/.m2/repository/org/apache/hadoop/hadoop-hdds-server-scm/0.5.0-SNAPSHOT/hadoop-hdds-server-scm-0.5.0-SNAPSHOT.jar:/home/user/.m2/repository/org/apache/hadoop/hadoop-hdds-docs/0.5.0-SNAPSHOT/hadoop-hdds-docs-0.5.0-SNAPSHOT.jar:/home/user/.m2/repository/io/dropwizard/metrics/metrics-core/3.2.4/metrics-core-3.2.4.jar:/home/user/.m2/repository/org/hamcrest/hamcrest-all/1.3/hamcrest-all-1.3.jar:/home/user/.m2/repository/org/bouncycastle/bcprov-jdk15on/1.60/bcprov-jdk15on-1.60.jar:/home/user/.m2/repository/info/picocli/picocli/3.9.6/picocli-3.9.6.jar:/home/user/.m2/repository/com/google/protobuf/protobuf-java/2.5.0/protobuf-java-2.5.0.jar:/home/user/.m2/repository/com/google/guava/guava/11.0.2/guava-11.0.2.jar:/home/user/.m2/repository/org/apache/hadoop/hadoop-ozone-ozone-manager/0.5.0-SNAPSHOT/hadoop-ozone-ozone-manager-0.5.0-SNAPSHOT.jar:/home/user/.m2/repository/org/apache/hadoop/hadoop-minikdc/3.2.0/hadoop-minikdc-3.2.0.jar:/home/user/.m2/repository/commons-io/commons-io/2.5/commons-io-2.5.jar:/home/user/.m2/repository/org/apache/kerby/kerb-simplekdc/1.0.1/kerb-simplekdc-1.0.1.jar:/home/user/.m2/repository/org/apache/kerby/kerb-client/1.0.1/kerb-client-1.0.1.jar:/home/user/.m2/repository/org/apache/kerby/kerby-config/1.0.1/kerby-config-1.0.1.jar:/home/user/.m2/repository/org/apache/kerby/kerb-core/1.0.1/kerb-core-1.0.1.jar:/home/user/.m2/repository/org/apache/kerby/kerby-pkix/1.0.1/kerby-pkix-1.0.1.jar:/home/user/.m2/repository/org/apache/kerby/kerby-asn1/1.0.1/kerby-asn1-1.0.1.jar:/home/user/.m2/repository/org/apache/kerby/kerby-util/1.0.1/kerby-util-1.0.1.jar:/home/user/.m2/repository/org/apache/kerby/kerb-common/1.0.1/kerb-common-1.0.1.jar:/home/user/.m2/repository/org/apache/kerby/kerb-crypto/1.0.1/kerb-crypto-1.0.1.jar:/home/user/.m2/repository/org/apache/kerby/kerb-util/1.0.1/kerb-util-1.0.1.jar:/home/user/.m2/repository/org/apache/kerby/token-provider/1.0.1/token-provider-1.0.1.jar:/home/user/.m2/repository/org/apache/kerby/kerb-admin/1.0.1/kerb-admin-1.0.1.jar:/home/user/.m2/repository/org/apache/kerby/kerb-server/1.0.1/kerb-server-1.0.1.jar:/home/user/.m2/repository/org/apache/kerby/kerb-identity/1.0.1/kerb-identity-1.0.1.jar:/home/user/.m2/repository/org/apache/kerby/kerby-xdr/1.0.1/kerby-xdr-1.0.1.jar:/home/user/.m2/repository/org/slf4j/slf4j-log4j12/1.7.25/slf4j-log4j12-1.7.25.jar:/home/user/.m2/repository/org/apache/hadoop/hadoop-ozone-s3gateway/0.5.0-SNAPSHOT/hadoop-ozone-s3gateway-0.5.0-SNAPSHOT.jar:/home/user/.m2/repository/org/jboss/weld/servlet/weld-servlet/2.4.7.Final/weld-servlet-2.4.7.Final.jar:/home/user/.m2/repository/org/glassfish/jersey/containers/jersey-container-servlet-core/2.27/jersey-container-servlet-core-2.27.jar:/home/user/.m2/repository/org/glassfish/hk2/external/javax.inject/2.5.0-b42/javax.inject-2.5.0-b42.jar:/home/user/.m2/repository/org/glassfish/jersey/core/jersey-common/2.27/jersey-common-2.27.jar:/home/user/.m2/repository/org/glassfish/hk2/osgi-resource-locator/1.0.1/osgi-resource-locator-1.0.1.jar:/home/user/.m2/repository/javax/ws/rs/javax.ws.rs-api/2.1/javax.ws.rs-api-2.1.jar:/home/user/.m2/repository/org/glassfish/jersey/ext/cdi/jersey-cdi1x/2.27/jersey-cdi1x-2.27.jar:/home/user/.m2/repository/org/glassfish/jersey/inject/jersey-hk2/2.27/jersey-hk2-2.27.jar:/home/user/.m2/repository/org/glassfish/hk2/hk2-locator/2.5.0-b42/hk2-locator-2.5.0-b42.jar:/home/user/.m2/repository/org/javassist/javassist/3.22.0-CR2/javassist-3.22.0-CR2.jar:/home/user/.m2/repository/org/glassfish/hk2/hk2-api/2.5.0/hk2-api-2.5.0.jar:/home/user/.m2/repository/org/glassfish/hk2/external/jakarta.inject/2.5.0/jakarta.inject-2.5.0.jar:/home/user/.m2/repository/org/glassfish/hk2/hk2-utils/2.5.0/hk2-utils-2.5.0.jar:/home/user/.m2/repository/jakarta/annotation/jakarta.annotation-api/1.3.4/jakarta.annotation-api-1.3.4.jar:/home/user/.m2/repository/org/glassfish/hk2/external/aopalliance-repackaged/2.5.0/aopalliance-repackaged-2.5.0.jar:/home/user/.m2/repository/com/fasterxml/jackson/dataformat/jackson-dataformat-xml/2.9.0/jackson-dataformat-xml-2.9.0.jar:/home/user/.m2/repository/com/fasterxml/jackson/core/jackson-core/2.9.9/jackson-core-2.9.9.jar:/home/user/.m2/repository/com/fasterxml/jackson/module/jackson-module-jaxb-annotations/2.9.9/jackson-module-jaxb-annotations-2.9.9.jar:/home/user/.m2/repository/javax/enterprise/cdi-api/1.2/cdi-api-1.2.jar:/home/user/.m2/repository/javax/el/javax.el-api/3.0.0/javax.el-api-3.0.0.jar:/home/user/.m2/repository/javax/interceptor/javax.interceptor-api/1.2/javax.interceptor-api-1.2.jar:/home/user/.m2/repository/javax/inject/javax.inject/1/javax.inject-1.jar:/home/user/.m2/repository/com/sun/xml/bind/jaxb-impl/2.3.0.1/jaxb-impl-2.3.0.1.jar:/home/user/.m2/repository/com/sun/xml/bind/jaxb-core/2.3.0.1/jaxb-core-2.3.0.1.jar:/home/user/.m2/repository/javax/xml/bind/jaxb-api/2.3.0/jaxb-api-2.3.0.jar:/home/user/.m2/repository/javax/activation/activation/1.1.1/activation-1.1.1.jar:/home/user/.m2/repository/org/apache/hadoop/hadoop-ozone-csi/0.5.0-SNAPSHOT/hadoop-ozone-csi-0.5.0-SNAPSHOT.jar:/home/user/.m2/repository/com/google/protobuf/protobuf-java-util/3.5.1/protobuf-java-util-3.5.1.jar:/home/user/.m2/repository/org/apache/hadoop/hadoop-hdds-config/0.5.0-SNAPSHOT/hadoop-hdds-config-0.5.0-SNAPSHOT.jar:/home/user/.m2/repository/io/grpc/grpc-netty/1.17.1/grpc-netty-1.17.1.jar:/home/user/.m2/repository/io/grpc/grpc-core/1.17.1/grpc-core-1.17.1.jar:/home/user/.m2/repository/io/grpc/grpc-context/1.17.1/grpc-context-1.17.1.jar:/home/user/.m2/repository/com/google/errorprone/error_prone_annotations/2.2.0/error_prone_annotations-2.2.0.jar:/home/user/.m2/repository/org/codehaus/mojo/animal-sniffer-annotations/1.17/animal-sniffer-annotations-1.17.jar:/home/user/.m2/repository/io/opencensus/opencensus-api/0.17.0/opencensus-api-0.17.0.jar:/home/user/.m2/repository/io/opencensus/opencensus-contrib-grpc-metrics/0.17.0/opencensus-contrib-grpc-metrics-0.17.0.jar:/home/user/.m2/repository/io/netty/netty-codec-http2/4.1.30.Final/netty-codec-http2-4.1.30.Final.jar:/home/user/.m2/repository/io/netty/netty-codec-http/4.1.30.Final/netty-codec-http-4.1.30.Final.jar:/home/user/.m2/repository/io/netty/netty-codec/4.1.30.Final/netty-codec-4.1.30.Final.jar:/home/user/.m2/repository/io/netty/netty-handler/4.1.30.Final/netty-handler-4.1.30.Final.jar:/home/user/.m2/repository/io/netty/netty-handler-proxy/4.1.30.Final/netty-handler-proxy-4.1.30.Final.jar:/home/user/.m2/repository/io/netty/netty-codec-socks/4.1.30.Final/netty-codec-socks-4.1.30.Final.jar:/home/user/.m2/repository/io/netty/netty-transport-native-epoll/4.1.30.Final/netty-transport-native-epoll-4.1.30.Final.jar:/home/user/.m2/repository/io/netty/netty-common/4.1.30.Final/netty-common-4.1.30.Final.jar:/home/user/.m2/repository/io/netty/netty-buffer/4.1.30.Final/netty-buffer-4.1.30.Final.jar:/home/user/.m2/repository/io/netty/netty-transport/4.1.30.Final/netty-transport-4.1.30.Final.jar:/home/user/.m2/repository/io/netty/netty-resolver/4.1.30.Final/netty-resolver-4.1.30.Final.jar:/home/user/.m2/repository/io/netty/netty-transport-native-unix-common/4.1.30.Final/netty-transport-native-unix-common-4.1.30.Final.jar:/home/user/.m2/repository/io/grpc/grpc-protobuf/1.17.1/grpc-protobuf-1.17.1.jar:/home/user/.m2/repository/com/google/api/grpc/proto-google-common-protos/1.0.0/proto-google-common-protos-1.0.0.jar:/home/user/.m2/repository/io/grpc/grpc-protobuf-lite/1.17.1/grpc-protobuf-lite-1.17.1.jar:/home/user/.m2/repository/io/grpc/grpc-stub/1.17.1/grpc-stub-1.17.1.jar:/home/user/.m2/repository/org/apache/hadoop/hadoop-ozone-recon/0.5.0-SNAPSHOT/hadoop-ozone-recon-0.5.0-SNAPSHOT.jar:/home/user/.m2/repository/org/apache/hadoop/hadoop-ozone-reconcodegen/0.5.0-SNAPSHOT/hadoop-ozone-reconcodegen-0.5.0-SNAPSHOT.jar:/home/user/.m2/repository/com/google/inject/extensions/guice-multibindings/4.0/guice-multibindings-4.0.jar:/home/user/.m2/repository/com/google/inject/guice/4.0/guice-4.0.jar:/home/user/.m2/repository/aopalliance/aopalliance/1.0/aopalliance-1.0.jar:/home/user/.m2/repository/com/google/inject/extensions/guice-servlet/4.0/guice-servlet-4.0.jar:/home/user/.m2/repository/org/glassfish/jersey/containers/jersey-container-servlet/2.27/jersey-container-servlet-2.27.jar:/home/user/.m2/repository/org/glassfish/hk2/guice-bridge/2.5.0/guice-bridge-2.5.0.jar:/home/user/.m2/repository/org/glassfish/jersey/core/jersey-server/2.27/jersey-server-2.27.jar:/home/user/.m2/repository/org/glassfish/jersey/core/jersey-client/2.27/jersey-client-2.27.jar:/home/user/.m2/repository/org/glassfish/jersey/media/jersey-media-jaxb/2.27/jersey-media-jaxb-2.27.jar:/home/user/.m2/repository/javax/validation/validation-api/1.1.0.Final/validation-api-1.1.0.Final.jar:/home/user/.m2/repository/org/glassfish/jersey/media/jersey-media-json-jackson/2.27/jersey-media-json-jackson-2.27.jar:/home/user/.m2/repository/org/glassfish/jersey/ext/jersey-entity-filtering/2.27/jersey-entity-filtering-2.27.jar:/home/user/.m2/repository/com/google/inject/extensions/guice-assistedinject/4.0/guice-assistedinject-4.0.jar:/home/user/.m2/repository/org/jooq/jooq/3.11.10/jooq-3.11.10.jar:/home/user/.m2/repository/org/jooq/jooq-meta/3.11.10/jooq-meta-3.11.10.jar:/home/user/.m2/repository/org/jooq/jooq-codegen/3.11.10/jooq-codegen-3.11.10.jar:/home/user/.m2/repository/com/jolbox/bonecp/0.8.0.RELEASE/bonecp-0.8.0.RELEASE.jar:/home/user/.m2/repository/org/xerial/sqlite-jdbc/3.25.2/sqlite-jdbc-3.25.2.jar:/home/user/.m2/repository/org/springframework/spring-jdbc/5.1.3.RELEASE/spring-jdbc-5.1.3.RELEASE.jar:/home/user/.m2/repository/org/springframework/spring-beans/5.1.3.RELEASE/spring-beans-5.1.3.RELEASE.jar:/home/user/.m2/repository/org/springframework/spring-core/5.1.3.RELEASE/spring-core-5.1.3.RELEASE.jar:/home/user/.m2/repository/org/springframework/spring-jcl/5.1.3.RELEASE/spring-jcl-5.1.3.RELEASE.jar:/home/user/.m2/repository/org/springframework/spring-tx/5.1.3.RELEASE/spring-tx-5.1.3.RELEASE.jar:/home/user/.m2/repository/org/apache/hadoop/hadoop-ozone-client/0.5.0-SNAPSHOT/hadoop-ozone-client-0.5.0-SNAPSHOT.jar:/home/user/.m2/repository/commons-lang/commons-lang/2.6/commons-lang-2.6.jar:/home/user/.m2/repository/org/apache/hadoop/hadoop-ozone-ozone-manager/0.5.0-SNAPSHOT/hadoop-ozone-ozone-manager-0.5.0-SNAPSHOT-tests.jar:/home/user/.m2/repository/junit/junit/4.11/junit-4.11.jar:/home/user/.m2/repository/org/hamcrest/hamcrest-core/1.3/hamcrest-core-1.3.jar:/home/user/.m2/repository/org/openjdk/jmh/jmh-core/1.19/jmh-core-1.19.jar:/home/user/.m2/repository/net/sf/jopt-simple/jopt-simple/4.6/jopt-simple-4.6.jar:/home/user/.m2/repository/org/apache/commons/commons-math3/3.1.1/commons-math3-3.1.1.jar:/home/user/.m2/repository/org/openjdk/jmh/jmh-generator-annprocess/1.19/jmh-generator-annprocess-1.19.jar:/home/user/.m2/repository/org/mockito/mockito-all/1.8.5/mockito-all-1.8.5.jar:/home/user/.m2/repository/org/apache/hadoop/hadoop-kms/3.2.0/hadoop-kms-3.2.0.jar:/home/user/.m2/repository/org/apache/hadoop/hadoop-auth/3.2.0/hadoop-auth-3.2.0.jar:/home/user/.m2/repository/com/nimbusds/nimbus-jose-jwt/4.41.1/nimbus-jose-jwt-4.41.1.jar:/home/user/.m2/repository/com/github/stephenc/jcip/jcip-annotations/1.0-1/jcip-annotations-1.0-1.jar:/home/user/.m2/repository/net/minidev/json-smart/2.3/json-smart-2.3.jar:/home/user/.m2/repository/net/minidev/accessors-smart/1.2/accessors-smart-1.2.jar:/home/user/.m2/repository/org/ow2/asm/asm/5.0.4/asm-5.0.4.jar:/home/user/.m2/repository/org/apache/curator/curator-framework/2.12.0/curator-framework-2.12.0.jar:/home/user/.m2/repository/com/sun/jersey/jersey-core/1.19/jersey-core-1.19.jar:/home/user/.m2/repository/javax/ws/rs/jsr311-api/1.1.1/jsr311-api-1.1.1.jar:/home/user/.m2/repository/com/sun/jersey/jersey-server/1.19/jersey-server-1.19.jar:/home/user/.m2/repository/javax/servlet/javax.servlet-api/3.1.0/javax.servlet-api-3.1.0.jar:/home/user/.m2/repository/org/eclipse/jetty/jetty-server/9.3.25.v20180904/jetty-server-9.3.25.v20180904.jar:/home/user/.m2/repository/org/eclipse/jetty/jetty-http/9.3.25.v20180904/jetty-http-9.3.25.v20180904.jar:/home/user/.m2/repository/org/eclipse/jetty/jetty-io/9.3.25.v20180904/jetty-io-9.3.25.v20180904.jar:/home/user/.m2/repository/org/eclipse/jetty/jetty-webapp/9.3.25.v20180904/jetty-webapp-9.3.25.v20180904.jar:/home/user/.m2/repository/org/eclipse/jetty/jetty-xml/9.3.25.v20180904/jetty-xml-9.3.25.v20180904.jar:/home/user/.m2/repository/log4j/log4j/1.2.17/log4j-1.2.17.jar:/home/user/.m2/repository/org/slf4j/slf4j-api/1.7.25/slf4j-api-1.7.25.jar:/home/user/.m2/repository/org/slf4j/jul-to-slf4j/1.7.25/jul-to-slf4j-1.7.25.jar:/home/user/.m2/repository/org/eclipse/jetty/jetty-util/9.3.25.v20180904/jetty-util-9.3.25.v20180904.jar:/home/user/.m2/repository/com/fasterxml/jackson/core/jackson-databind/2.9.9/jackson-databind-2.9.9.jar:/home/user/.m2/repository/org/apache/hadoop/hadoop-kms/3.2.0/hadoop-kms-3.2.0-tests.jar:/home/user/.m2/repository/org/apache/hadoop/hadoop-hdds-server-scm/0.5.0-SNAPSHOT/hadoop-hdds-server-scm-0.5.0-SNAPSHOT-tests.jar:/home/user/.m2/repository/org/apache/hadoop/hadoop-hdds-container-service/0.5.0-SNAPSHOT/hadoop-hdds-container-service-0.5.0-SNAPSHOT-tests.jar:/home/user/.m2/repository/org/yaml/snakeyaml/1.16/snakeyaml-1.16.jar:/home/user/.m2/repository/org/apache/hadoop/hadoop-common/3.2.0/hadoop-common-3.2.0-tests.jar:/home/user/.m2/repository/org/apache/hadoop/hadoop-annotations/3.2.0/hadoop-annotations-3.2.0.jar:/usr/lib/jvm/java-1.8-openjdk/jre/../lib/tools.jar:/home/user/.m2/repository/commons-cli/commons-cli/1.2/commons-cli-1.2.jar:/home/user/.m2/repository/org/apache/httpcomponents/httpclient/4.5.2/httpclient-4.5.2.jar:/home/user/.m2/repository/org/apache/httpcomponents/httpcore/4.4.4/httpcore-4.4.4.jar:/home/user/.m2/repository/commons-codec/commons-codec/1.11/commons-codec-1.11.jar:/home/user/.m2/repository/commons-net/commons-net/3.6/commons-net-3.6.jar:/home/user/.m2/repository/commons-collections/commons-collections/3.2.2/commons-collections-3.2.2.jar:/home/user/.m2/repository/org/eclipse/jetty/jetty-servlet/9.3.25.v20180904/jetty-servlet-9.3.25.v20180904.jar:/home/user/.m2/repository/org/eclipse/jetty/jetty-security/9.3.25.v20180904/jetty-security-9.3.25.v20180904.jar:/home/user/.m2/repository/javax/servlet/jsp/jsp-api/2.1/jsp-api-2.1.jar:/home/user/.m2/repository/com/sun/jersey/jersey-servlet/1.19/jersey-servlet-1.19.jar:/home/user/.m2/repository/com/sun/jersey/jersey-json/1.19/jersey-json-1.19.jar:/home/user/.m2/repository/org/codehaus/jettison/jettison/1.1/jettison-1.1.jar:/home/user/.m2/repository/org/codehaus/jackson/jackson-core-asl/1.9.13/jackson-core-asl-1.9.13.jar:/home/user/.m2/repository/org/codehaus/jackson/jackson-mapper-asl/1.9.13/jackson-mapper-asl-1.9.13.jar:/home/user/.m2/repository/org/codehaus/jackson/jackson-jaxrs/1.9.13/jackson-jaxrs-1.9.13.jar:/home/user/.m2/repository/org/codehaus/jackson/jackson-xc/1.9.13/jackson-xc-1.9.13.jar:/home/user/.m2/repository/commons-logging/commons-logging/1.1.3/commons-logging-1.1.3.jar:/home/user/.m2/repository/commons-beanutils/commons-beanutils/1.9.4/commons-beanutils-1.9.4.jar:/home/user/.m2/repository/org/apache/commons/commons-configuration2/2.1.1/commons-configuration2-2.1.1.jar:/home/user/.m2/repository/org/apache/commons/commons-lang3/3.7/commons-lang3-3.7.jar:/home/user/.m2/repository/org/apache/commons/commons-text/1.4/commons-text-1.4.jar:/home/user/.m2/repository/org/apache/avro/avro/1.7.7/avro-1.7.7.jar:/home/user/.m2/repository/com/thoughtworks/paranamer/paranamer/2.3/paranamer-2.3.jar:/home/user/.m2/repository/org/xerial/snappy/snappy-java/1.0.5/snappy-java-1.0.5.jar:/home/user/.m2/repository/com/google/re2j/re2j/1.1/re2j-1.1.jar:/home/user/.m2/repository/com/google/code/gson/gson/2.2.4/gson-2.2.4.jar:/home/user/.m2/repository/com/jcraft/jsch/0.1.54/jsch-0.1.54.jar:/home/user/.m2/repository/org/apache/curator/curator-client/2.12.0/curator-client-2.12.0.jar:/home/user/.m2/repository/org/apache/curator/curator-recipes/2.12.0/curator-recipes-2.12.0.jar:/home/user/.m2/repository/com/google/code/findbugs/jsr305/3.0.0/jsr305-3.0.0.jar:/home/user/.m2/repository/org/apache/htrace/htrace-core4/4.1.0-incubating/htrace-core4-4.1.0-incubating.jar:/home/user/.m2/repository/org/apache/zookeeper/zookeeper/3.4.13/zookeeper-3.4.13.jar:/home/user/.m2/repository/jline/jline/0.9.94/jline-0.9.94.jar:/home/user/.m2/repository/org/apache/yetus/audience-annotations/0.5.0/audience-annotations-0.5.0.jar:/home/user/.m2/repository/org/codehaus/woodstox/stax2-api/3.1.4/stax2-api-3.1.4.jar:/home/user/.m2/repository/com/fasterxml/woodstox/woodstox-core/5.0.3/woodstox-core-5.0.3.jar:/home/user/.m2/repository/dnsjava/dnsjava/2.1.7/dnsjava-2.1.7.jar:/home/user/.m2/repository/org/apache/hadoop/hadoop-hdfs/3.2.0/hadoop-hdfs-3.2.0-tests.jar:/home/user/.m2/repository/org/eclipse/jetty/jetty-util-ajax/9.3.25.v20180904/jetty-util-ajax-9.3.25.v20180904.jar:/home/user/.m2/repository/commons-daemon/commons-daemon/1.0.13/commons-daemon-1.0.13.jar:/home/user/.m2/repository/io/netty/netty/3.10.5.Final/netty-3.10.5.Final.jar:/home/user/.m2/repository/io/netty/netty-all/4.0.52.Final/netty-all-4.0.52.Final.jar:/home/user/.m2/repository/org/fusesource/leveldbjni/leveldbjni-all/1.8/leveldbjni-all-1.8.jar:"/>
    <property name="sun.cpu.endian" value="little"/>
    <property name="user.home" value="/home/user"/>
    <property name="user.language" value="en"/>
    <property name="java.specification.vendor" value="Oracle Corporation"/>
    <property name="java.home" value="/usr/lib/jvm/java-1.8-openjdk/jre"/>
    <property name="java.security.krb5.conf" value="/workdir/hadoop-ozone/integration-test/target/test-classes/krb5.conf"/>
    <property name="basedir" value="/workdir/hadoop-ozone/integration-test"/>
    <property name="file.separator" value="/"/>
    <property name="line.separator" value="&#10;"/>
    <property name="java.vm.specification.vendor" value="Oracle Corporation"/>
    <property name="java.specification.name" value="Java Platform API Specification"/>
    <property name="java.awt.graphicsenv" value="sun.awt.X11GraphicsEnvironment"/>
    <property name="surefire.real.class.path" value="/workdir/hadoop-ozone/integration-test/target/surefire/surefirebooter5687335103859327428.jar"/>
    <property name="hadoop.log.dir" value="/workdir/hadoop-ozone/integration-test/target/log"/>
    <property name="sun.boot.class.path" value="/usr/lib/jvm/java-1.8-openjdk/jre/lib/resources.jar:/usr/lib/jvm/java-1.8-openjdk/jre/lib/rt.jar:/usr/lib/jvm/java-1.8-openjdk/jre/lib/sunrsasign.jar:/usr/lib/jvm/java-1.8-openjdk/jre/lib/jsse.jar:/usr/lib/jvm/java-1.8-openjdk/jre/lib/jce.jar:/usr/lib/jvm/java-1.8-openjdk/jre/lib/charsets.jar:/usr/lib/jvm/java-1.8-openjdk/jre/lib/jfr.jar:/usr/lib/jvm/java-1.8-openjdk/jre/classes"/>
    <property name="sun.management.compiler" value="HotSpot 64-Bit Tiered Compilers"/>
    <property name="java.runtime.version" value="1.8.0_212-b04"/>
    <property name="java.net.preferIPv4Stack" value="true"/>
    <property name="user.name" value="jenkins1000"/>
    <property name="path.separator" value=":"/>
    <property name="java.security.egd" value="file:///dev/urandom"/>
    <property name="os.version" value="3.10.0-957.12.2.el7.x86_64"/>
    <property name="java.endorsed.dirs" value="/usr/lib/jvm/java-1.8-openjdk/jre/lib/endorsed"/>
    <property name="java.runtime.name" value="OpenJDK Runtime Environment"/>
    <property name="file.encoding" value="UTF-8"/>
    <property name="java.vm.name" value="OpenJDK 64-Bit Server VM"/>
    <property name="test.build.webapps" value=""/>
    <property name="localRepository" value="/home/user/.m2/repository"/>
    <property name="java.vendor.url.bug" value="https://icedtea.classpath.org/bugzilla"/>
    <property name="java.io.tmpdir" value="/tmp"/>
    <property name="require.test.libhadoop" value=""/>
    <property name="java.version" value="1.8.0_212"/>
    <property name="user.dir" value="/workdir/hadoop-ozone/integration-test"/>
    <property name="os.arch" value="amd64"/>
    <property name="java.vm.specification.name" value="Java Virtual Machine Specification"/>
    <property name="test.build.classes" value="/workdir/hadoop-ozone/integration-test/target/test-classes"/>
    <property name="java.awt.printerjob" value="sun.print.PSPrinterJob"/>
    <property name="sun.os.patch.level" value="unknown"/>
    <property name="hadoop.tmp.dir" value="/workdir/hadoop-ozone/integration-test/target/tmp"/>
    <property name="java.library.path" value="/usr/lib/jvm/java-1.8-openjdk/jre/lib/amd64/server:/usr/lib/jvm/java-1.8-openjdk/jre/lib/amd64:/usr/lib/jvm/java-1.8-openjdk/jre/../lib/amd64:/workdir/hadoop-ozone/integration-test/target/native/target/usr/local/lib:/workdir/hadoop-ozone/integration-test/../../hadoop-common-project/hadoop-common/target/native/target/usr/local/lib:/usr/java/packages/lib/amd64:/usr/lib64:/lib64:/lib:/usr/lib"/>
    <property name="java.vm.info" value="mixed mode"/>
    <property name="java.vendor" value="IcedTea"/>
    <property name="java.vm.version" value="25.212-b04"/>
    <property name="java.ext.dirs" value="/usr/lib/jvm/java-1.8-openjdk/jre/lib/ext:/usr/java/packages/lib/ext"/>
    <property name="sun.io.unicode.encoding" value="UnicodeLittle"/>
    <property name="java.class.version" value="52.0"/>
  </properties>
  <testcase name="testWatchForCommitWithKeyWrite" classname="org.apache.hadoop.ozone.client.rpc.TestWatchForCommit" time="92.204"/>
  <testcase name="testWatchForCommitWithSmallerTimeoutValue" classname="org.apache.hadoop.ozone.client.rpc.TestWatchForCommit" time="32.189">
    <error message="org.apache.ratis.protocol.RaftRetryFailureException: Failed RaftClientRequest:client-5967C0661D8F-&gt;84304eb4-a8af-4a6f-9dd3-e902f7a5c13b@group-55F58BFAB478, cid=49, seq=1*, RW, org.apache.hadoop.hdds.scm.XceiverClientRatis$$Lambda$442/1445384588@43d6da74 for 20 attempts with RetryLimited(maxAttempts=20, sleepTime=1000ms)" type="java.util.concurrent.ExecutionException">java.util.concurrent.ExecutionException: org.apache.ratis.protocol.RaftRetryFailureException: Failed RaftClientRequest:client-5967C0661D8F->84304eb4-a8af-4a6f-9dd3-e902f7a5c13b@group-55F58BFAB478, cid=49, seq=1*, RW, org.apache.hadoop.hdds.scm.XceiverClientRatis$$Lambda$442/1445384588@43d6da74 for 20 attempts with RetryLimited(maxAttempts=20, sleepTime=1000ms)
	at java.util.concurrent.CompletableFuture.reportGet(CompletableFuture.java:357)
	at java.util.concurrent.CompletableFuture.get(CompletableFuture.java:1895)
	at org.apache.hadoop.ozone.client.rpc.TestWatchForCommit.testWatchForCommitWithSmallerTimeoutValue(TestWatchForCommit.java:293)
	at sun.reflect.NativeMethodAccessorImpl.invoke0(Native Method)
	at sun.reflect.NativeMethodAccessorImpl.invoke(NativeMethodAccessorImpl.java:62)
	at sun.reflect.DelegatingMethodAccessorImpl.invoke(DelegatingMethodAccessorImpl.java:43)
	at java.lang.reflect.Method.invoke(Method.java:498)
	at org.junit.runners.model.FrameworkMethod$1.runReflectiveCall(FrameworkMethod.java:47)
	at org.junit.internal.runners.model.ReflectiveCallable.run(ReflectiveCallable.java:12)
	at org.junit.runners.model.FrameworkMethod.invokeExplosively(FrameworkMethod.java:44)
	at org.junit.internal.runners.statements.InvokeMethod.evaluate(InvokeMethod.java:17)
	at org.junit.runners.ParentRunner.runLeaf(ParentRunner.java:271)
	at org.junit.runners.BlockJUnit4ClassRunner.runChild(BlockJUnit4ClassRunner.java:70)
	at org.junit.runners.BlockJUnit4ClassRunner.runChild(BlockJUnit4ClassRunner.java:50)
	at org.junit.runners.ParentRunner$3.run(ParentRunner.java:238)
	at org.junit.runners.ParentRunner$1.schedule(ParentRunner.java:63)
	at org.junit.runners.ParentRunner.runChildren(ParentRunner.java:236)
	at org.junit.runners.ParentRunner.access$000(ParentRunner.java:53)
	at org.junit.runners.ParentRunner$2.evaluate(ParentRunner.java:229)
	at org.junit.runners.ParentRunner.run(ParentRunner.java:309)
	at org.apache.maven.surefire.junit4.JUnit4Provider.execute(JUnit4Provider.java:365)
	at org.apache.maven.surefire.junit4.JUnit4Provider.executeWithRerun(JUnit4Provider.java:273)
	at org.apache.maven.surefire.junit4.JUnit4Provider.executeTestSet(JUnit4Provider.java:238)
	at org.apache.maven.surefire.junit4.JUnit4Provider.invoke(JUnit4Provider.java:159)
	at org.apache.maven.surefire.booter.ForkedBooter.invokeProviderInSameClassLoader(ForkedBooter.java:384)
	at org.apache.maven.surefire.booter.ForkedBooter.runSuitesInProcess(ForkedBooter.java:345)
	at org.apache.maven.surefire.booter.ForkedBooter.execute(ForkedBooter.java:126)
	at org.apache.maven.surefire.booter.ForkedBooter.main(ForkedBooter.java:418)
Caused by: org.apache.ratis.protocol.RaftRetryFailureException: Failed RaftClientRequest:client-5967C0661D8F->84304eb4-a8af-4a6f-9dd3-e902f7a5c13b@group-55F58BFAB478, cid=49, seq=1*, RW, org.apache.hadoop.hdds.scm.XceiverClientRatis$$Lambda$442/1445384588@43d6da74 for 20 attempts with RetryLimited(maxAttempts=20, sleepTime=1000ms)
	at org.apache.ratis.client.impl.RaftClientImpl.noMoreRetries(RaftClientImpl.java:271)
	at org.apache.ratis.client.impl.OrderedAsync.handleAsyncRetryFailure(OrderedAsync.java:138)
	at org.apache.ratis.client.impl.OrderedAsync.lambda$sendRequest$10(OrderedAsync.java:230)
	at java.util.concurrent.CompletableFuture.uniExceptionally(CompletableFuture.java:870)
	at java.util.concurrent.CompletableFuture$UniExceptionally.tryFire(CompletableFuture.java:852)
	at java.util.concurrent.CompletableFuture.postComplete(CompletableFuture.java:474)
	at java.util.concurrent.CompletableFuture.completeExceptionally(CompletableFuture.java:1977)
	at org.apache.ratis.grpc.client.GrpcClientProtocolClient$AsyncStreamObservers.completeReplyExceptionally(GrpcClientProtocolClient.java:339)
	at org.apache.ratis.grpc.client.GrpcClientProtocolClient$AsyncStreamObservers.access$000(GrpcClientProtocolClient.java:255)
	at org.apache.ratis.grpc.client.GrpcClientProtocolClient$AsyncStreamObservers$1.onNext(GrpcClientProtocolClient.java:267)
	at org.apache.ratis.grpc.client.GrpcClientProtocolClient$AsyncStreamObservers$1.onNext(GrpcClientProtocolClient.java:258)
	at org.apache.ratis.thirdparty.io.grpc.stub.ClientCalls$StreamObserverToCallListenerAdapter.onMessage(ClientCalls.java:421)
	at org.apache.ratis.thirdparty.io.grpc.ForwardingClientCallListener.onMessage(ForwardingClientCallListener.java:33)
	at org.apache.ratis.thirdparty.io.grpc.ForwardingClientCallListener.onMessage(ForwardingClientCallListener.java:33)
	at org.apache.ratis.thirdparty.io.grpc.internal.ClientCallImpl$ClientStreamListenerImpl$1MessagesAvailable.runInContext(ClientCallImpl.java:519)
	at org.apache.ratis.thirdparty.io.grpc.internal.ContextRunnable.run(ContextRunnable.java:37)
	at org.apache.ratis.thirdparty.io.grpc.internal.SerializingExecutor.run(SerializingExecutor.java:123)
	at java.util.concurrent.ThreadPoolExecutor.runWorker(ThreadPoolExecutor.java:1149)
	at java.util.concurrent.ThreadPoolExecutor$Worker.run(ThreadPoolExecutor.java:624)
	at java.lang.Thread.run(Thread.java:748)
Caused by: org.apache.ratis.protocol.NotLeaderException: Server 84304eb4-a8af-4a6f-9dd3-e902f7a5c13b@group-55F58BFAB478 is not the leader
	at org.apache.ratis.client.impl.ClientProtoUtils.toRaftClientReply(ClientProtoUtils.java:243)
	at org.apache.ratis.grpc.client.GrpcClientProtocolClient$AsyncStreamObservers$1.onNext(GrpcClientProtocolClient.java:263)
	... 10 more
</error>
    <system-out><![CDATA[2019-09-23 16:22:13,028 [main] WARN  server.ServerUtils (ServerUtils.java:getScmDbDir(145)) - ozone.scm.db.dirs is not configured. We recommend adding this setting. Falling back to ozone.metadata.dirs instead.
2019-09-23 16:22:13,063 [main] WARN  server.ServerUtils (ServerUtils.java:getScmDbDir(145)) - ozone.scm.db.dirs is not configured. We recommend adding this setting. Falling back to ozone.metadata.dirs instead.
2019-09-23 16:22:13,064 [main] WARN  server.ServerUtils (ServerUtils.java:getScmDbDir(145)) - ozone.scm.db.dirs is not configured. We recommend adding this setting. Falling back to ozone.metadata.dirs instead.
2019-09-23 16:22:13,064 [main] INFO  db.DBStoreBuilder (DBStoreBuilder.java:addTable(110)) - using custom profile for table: deletedBlocks
2019-09-23 16:22:13,064 [main] INFO  db.DBStoreBuilder (DBStoreBuilder.java:processTables(161)) - Using default column profile:DBProfile.DISK for Table:deletedBlocks
2019-09-23 16:22:13,065 [main] INFO  db.DBStoreBuilder (DBStoreBuilder.java:addTable(110)) - using custom profile for table: validCerts
2019-09-23 16:22:13,065 [main] INFO  db.DBStoreBuilder (DBStoreBuilder.java:processTables(161)) - Using default column profile:DBProfile.DISK for Table:validCerts
2019-09-23 16:22:13,065 [main] INFO  db.DBStoreBuilder (DBStoreBuilder.java:addTable(110)) - using custom profile for table: revokedCerts
2019-09-23 16:22:13,065 [main] INFO  db.DBStoreBuilder (DBStoreBuilder.java:processTables(161)) - Using default column profile:DBProfile.DISK for Table:revokedCerts
2019-09-23 16:22:13,066 [main] INFO  db.DBStoreBuilder (DBStoreBuilder.java:addTable(110)) - using custom profile for table: default
2019-09-23 16:22:13,066 [main] INFO  db.DBStoreBuilder (DBStoreBuilder.java:processTables(167)) - Using default column profile:DBProfile.DISK for Table:default
2019-09-23 16:22:13,066 [main] INFO  db.DBStoreBuilder (DBStoreBuilder.java:getDbProfile(198)) - Using default options. DBProfile.DISK
2019-09-23 16:22:13,508 [main] INFO  net.NodeSchemaLoader (NodeSchemaLoader.java:loadSchemaFromFile(125)) - Loading file from sun.misc.CompoundEnumeration@b46e103
2019-09-23 16:22:13,508 [main] INFO  net.NodeSchemaLoader (NodeSchemaLoader.java:loadSchema(171)) - Loading network topology layer schema file
2019-09-23 16:22:13,514 [main] WARN  server.ServerUtils (ServerUtils.java:sanitizeUserArgs(70)) - ozone.scm.stale.node.interval value = 300000 is larger than max = 100000 based on the key value of ozone.scm.heartbeat.thread.interval, reset to the max value 100000.
2019-09-23 16:22:13,515 [main] WARN  server.ServerUtils (ServerUtils.java:sanitizeUserArgs(70)) - ozone.scm.stale.node.interval value = 300000 is larger than max = 100000 based on the key value of ozone.scm.heartbeat.thread.interval, reset to the max value 100000.
2019-09-23 16:22:13,515 [main] INFO  node.SCMNodeManager (SCMNodeManager.java:<init>(114)) - Entering startup safe mode.
2019-09-23 16:22:13,516 [main] INFO  algorithms.ContainerPlacementPolicyFactory (ContainerPlacementPolicyFactory.java:getPolicy(57)) - Create container placement policy of type org.apache.hadoop.hdds.scm.container.placement.algorithms.SCMContainerPlacementRandom
2019-09-23 16:22:13,517 [main] WARN  server.ServerUtils (ServerUtils.java:getScmDbDir(145)) - ozone.scm.db.dirs is not configured. We recommend adding this setting. Falling back to ozone.metadata.dirs instead.
2019-09-23 16:22:13,682 [main] INFO  pipeline.SCMPipelineManager (SCMPipelineManager.java:initializePipelineState(132)) - No pipeline exists in current db
2019-09-23 16:22:13,682 [main] WARN  server.ServerUtils (ServerUtils.java:getScmDbDir(145)) - ozone.scm.db.dirs is not configured. We recommend adding this setting. Falling back to ozone.metadata.dirs instead.
2019-09-23 16:22:13,816 [main] WARN  events.EventQueue (EventQueue.java:fireEvent(183)) - No event handler registered for event TypedEvent{payloadType=SafeModeStatus, name='SafeModeStatus'}
2019-09-23 16:22:13,817 [main] INFO  ipc.CallQueueManager (CallQueueManager.java:<init>(84)) - Using callQueue: class java.util.concurrent.LinkedBlockingQueue, queueCapacity: 2000, scheduler: class org.apache.hadoop.ipc.DefaultRpcScheduler, ipcBackoff: false.
2019-09-23 16:22:13,818 [Socket Reader #1 for port 33778] INFO  ipc.Server (Server.java:run(1074)) - Starting Socket Reader #1 for port 33778
2019-09-23 16:22:13,820 [main] INFO  ipc.CallQueueManager (CallQueueManager.java:<init>(84)) - Using callQueue: class java.util.concurrent.LinkedBlockingQueue, queueCapacity: 2000, scheduler: class org.apache.hadoop.ipc.DefaultRpcScheduler, ipcBackoff: false.
2019-09-23 16:22:13,821 [Socket Reader #1 for port 43053] INFO  ipc.Server (Server.java:run(1074)) - Starting Socket Reader #1 for port 43053
2019-09-23 16:22:13,822 [main] INFO  ipc.CallQueueManager (CallQueueManager.java:<init>(84)) - Using callQueue: class java.util.concurrent.LinkedBlockingQueue, queueCapacity: 2000, scheduler: class org.apache.hadoop.ipc.DefaultRpcScheduler, ipcBackoff: false.
2019-09-23 16:22:13,823 [Socket Reader #1 for port 38188] INFO  ipc.Server (Server.java:run(1074)) - Starting Socket Reader #1 for port 38188
2019-09-23 16:22:13,825 [main] INFO  hdfs.DFSUtil (DFSUtil.java:httpServerTemplateForNNAndJN(1641)) - Starting Web-server for scm at: http://0.0.0.0:0
2019-09-23 16:22:13,827 [main] INFO  server.AuthenticationFilter (AuthenticationFilter.java:constructSecretProvider(240)) - Unable to initialize FileSignerSecretProvider, falling back to use random secrets.
2019-09-23 16:22:13,828 [main] WARN  http.HttpRequestLog (HttpRequestLog.java:getRequestLog(97)) - Jetty request log can only be enabled using Log4j
2019-09-23 16:22:13,830 [main] INFO  http.HttpServer2 (HttpServer2.java:addGlobalFilter(975)) - Added global filter 'safety' (class=org.apache.hadoop.http.HttpServer2$QuotingInputFilter)
2019-09-23 16:22:13,831 [main] INFO  http.HttpServer2 (HttpServer2.java:addFilter(948)) - Added filter static_user_filter (class=org.apache.hadoop.http.lib.StaticUserWebFilter$StaticUserFilter) to context scm
2019-09-23 16:22:13,831 [main] INFO  http.HttpServer2 (HttpServer2.java:addFilter(958)) - Added filter static_user_filter (class=org.apache.hadoop.http.lib.StaticUserWebFilter$StaticUserFilter) to context logs
2019-09-23 16:22:13,831 [main] INFO  http.HttpServer2 (HttpServer2.java:addFilter(958)) - Added filter static_user_filter (class=org.apache.hadoop.http.lib.StaticUserWebFilter$StaticUserFilter) to context static
2019-09-23 16:22:13,833 [main] INFO  server.StorageContainerManager (StorageContainerManager.java:start(770)) - StorageContainerLocationProtocol RPC server is listening at /0.0.0.0:38188
2019-09-23 16:22:13,835 [main] WARN  impl.MetricsConfig (MetricsConfig.java:loadFirst(134)) - Cannot locate configuration: tried hadoop-metrics2-storagecontainermanager.properties,hadoop-metrics2.properties
2019-09-23 16:22:13,836 [main] INFO  impl.MetricsSystemImpl (MetricsSystemImpl.java:startTimer(374)) - Scheduled Metric snapshot period at 10 second(s).
2019-09-23 16:22:13,836 [main] INFO  impl.MetricsSystemImpl (MetricsSystemImpl.java:start(191)) - StorageContainerManager metrics system started
2019-09-23 16:22:13,866 [main] WARN  impl.MetricsSystemImpl (MetricsSystemImpl.java:register(276)) - Sink prometheus already exists!
2019-09-23 16:22:13,871 [main] INFO  server.SCMClientProtocolServer (SCMClientProtocolServer.java:start(151)) - RPC server for Client  is listening at /0.0.0.0:38188
2019-09-23 16:22:13,872 [IPC Server Responder] INFO  ipc.Server (Server.java:run(1314)) - IPC Server Responder: starting
2019-09-23 16:22:13,872 [IPC Server listener on 38188] INFO  ipc.Server (Server.java:run(1153)) - IPC Server listener on 38188: starting
2019-09-23 16:22:13,875 [main] INFO  server.StorageContainerManager (StorageContainerManager.java:start(780)) - ScmBlockLocationProtocol RPC server is listening at /0.0.0.0:43053
2019-09-23 16:22:13,876 [main] INFO  server.SCMBlockProtocolServer (SCMBlockProtocolServer.java:start(146)) - RPC server for Block Protocol is listening at /0.0.0.0:43053
2019-09-23 16:22:13,876 [IPC Server Responder] INFO  ipc.Server (Server.java:run(1314)) - IPC Server Responder: starting
2019-09-23 16:22:13,876 [IPC Server listener on 43053] INFO  ipc.Server (Server.java:run(1153)) - IPC Server listener on 43053: starting
2019-09-23 16:22:13,879 [main] INFO  server.StorageContainerManager (StorageContainerManager.java:start(784)) - ScmDatanodeProtocl RPC server is listening at /0.0.0.0:33778
2019-09-23 16:22:13,880 [main] INFO  server.SCMDatanodeProtocolServer (SCMDatanodeProtocolServer.java:start(191)) - RPC server for DataNodes is listening at /0.0.0.0:33778
2019-09-23 16:22:13,880 [IPC Server Responder] INFO  ipc.Server (Server.java:run(1314)) - IPC Server Responder: starting
2019-09-23 16:22:13,880 [IPC Server listener on 33778] INFO  ipc.Server (Server.java:run(1153)) - IPC Server listener on 33778: starting
2019-09-23 16:22:13,883 [main] INFO  http.HttpServer2 (HttpServer2.java:bindListener(1191)) - Jetty bound to port 37017
2019-09-23 16:22:13,883 [main] INFO  server.Server (Server.java:doStart(351)) - jetty-9.3.25.v20180904, build timestamp: 2018-09-04T21:11:46Z, git hash: 3ce520221d0240229c862b122d2b06c12a625732
2019-09-23 16:22:13,885 [main] INFO  handler.ContextHandler (ContextHandler.java:doStart(781)) - Started o.e.j.s.ServletContextHandler@7c1447b5{/logs,file:///workdir/hadoop-ozone/integration-test/target/log,AVAILABLE}
2019-09-23 16:22:13,886 [main] INFO  handler.ContextHandler (ContextHandler.java:doStart(781)) - Started o.e.j.s.ServletContextHandler@24a2e565{/static,file:///workdir/hadoop-ozone/integration-test/target/test-classes/webapps/static,AVAILABLE}
2019-09-23 16:22:13,890 [main] INFO  handler.ContextHandler (ContextHandler.java:doStart(781)) - Started o.e.j.w.WebAppContext@73a8e994{/,file:///workdir/hadoop-ozone/integration-test/target/test-classes/webapps/scm/,AVAILABLE}{/scm}
2019-09-23 16:22:13,890 [main] INFO  server.AbstractConnector (AbstractConnector.java:doStart(278)) - Started ServerConnector@1a1cc163{HTTP/1.1,[http/1.1]}{0.0.0.0:37017}
2019-09-23 16:22:13,891 [main] INFO  server.Server (Server.java:doStart(419)) - Started @93500ms
2019-09-23 16:22:13,891 [main] WARN  impl.MetricsSystemImpl (MetricsSystemImpl.java:register(276)) - Sink prometheus already exists!
2019-09-23 16:22:13,892 [main] INFO  server.BaseHttpServer (BaseHttpServer.java:updateConnectorAddress(215)) - HTTP server of SCM is listening at http://0.0.0.0:37017
2019-09-23 16:22:13,892 [main] WARN  server.ServerUtils (ServerUtils.java:getDBPath(222)) - ozone.om.db.dirs is not configured. We recommend adding this setting. Falling back to ozone.metadata.dirs instead.
2019-09-23 16:22:13,893 [org.apache.hadoop.util.JvmPauseMonitor$Monitor@42383cb0] INFO  util.JvmPauseMonitor (JvmPauseMonitor.java:run(188)) - Starting JVM pause monitor
2019-09-23 16:22:13,953 [main] WARN  server.ServerUtils (ServerUtils.java:getDBPath(222)) - ozone.om.db.dirs is not configured. We recommend adding this setting. Falling back to ozone.metadata.dirs instead.
2019-09-23 16:22:13,954 [main] WARN  server.ServerUtils (ServerUtils.java:getDBPath(222)) - ozone.om.db.dirs is not configured. We recommend adding this setting. Falling back to ozone.metadata.dirs instead.
2019-09-23 16:22:13,954 [main] INFO  om.OzoneManager (OzoneManager.java:setOMNodeDetails(652)) - OM Service ID is not set. Setting it to the default ID: omServiceIdDefault
2019-09-23 16:22:13,954 [main] INFO  om.OzoneManager (OzoneManager.java:setOMNodeDetails(658)) - OM Node ID is not set. Setting it to the OmStorage's OmID: 878bd163-00c1-42b2-a77b-109d72f07dbc
2019-09-23 16:22:13,954 [main] INFO  om.OzoneManager (OzoneManager.java:loadOMHAConfigs(609)) - Found matching OM address with OMServiceId: null, OMNodeId: null, RPC Address: localhost:0 and Ratis port: 9872
2019-09-23 16:22:13,960 [main] WARN  server.ServerUtils (ServerUtils.java:getDBPath(222)) - ozone.om.db.dirs is not configured. We recommend adding this setting. Falling back to ozone.metadata.dirs instead.
2019-09-23 16:22:13,960 [main] INFO  db.DBStoreBuilder (DBStoreBuilder.java:addTable(110)) - using custom profile for table: userTable
2019-09-23 16:22:13,961 [main] INFO  db.DBStoreBuilder (DBStoreBuilder.java:processTables(161)) - Using default column profile:DBProfile.DISK for Table:userTable
2019-09-23 16:22:13,961 [main] INFO  db.DBStoreBuilder (DBStoreBuilder.java:addTable(110)) - using custom profile for table: volumeTable
2019-09-23 16:22:13,961 [main] INFO  db.DBStoreBuilder (DBStoreBuilder.java:processTables(161)) - Using default column profile:DBProfile.DISK for Table:volumeTable
2019-09-23 16:22:13,961 [main] INFO  db.DBStoreBuilder (DBStoreBuilder.java:addTable(110)) - using custom profile for table: bucketTable
2019-09-23 16:22:13,961 [main] INFO  db.DBStoreBuilder (DBStoreBuilder.java:processTables(161)) - Using default column profile:DBProfile.DISK for Table:bucketTable
2019-09-23 16:22:13,962 [main] INFO  db.DBStoreBuilder (DBStoreBuilder.java:addTable(110)) - using custom profile for table: keyTable
2019-09-23 16:22:13,962 [main] INFO  db.DBStoreBuilder (DBStoreBuilder.java:processTables(161)) - Using default column profile:DBProfile.DISK for Table:keyTable
2019-09-23 16:22:13,962 [main] INFO  db.DBStoreBuilder (DBStoreBuilder.java:addTable(110)) - using custom profile for table: deletedTable
2019-09-23 16:22:13,962 [main] INFO  db.DBStoreBuilder (DBStoreBuilder.java:processTables(161)) - Using default column profile:DBProfile.DISK for Table:deletedTable
2019-09-23 16:22:13,962 [main] INFO  db.DBStoreBuilder (DBStoreBuilder.java:addTable(110)) - using custom profile for table: openKeyTable
2019-09-23 16:22:13,962 [main] INFO  db.DBStoreBuilder (DBStoreBuilder.java:processTables(161)) - Using default column profile:DBProfile.DISK for Table:openKeyTable
2019-09-23 16:22:13,963 [main] INFO  db.DBStoreBuilder (DBStoreBuilder.java:addTable(110)) - using custom profile for table: s3Table
2019-09-23 16:22:13,963 [main] INFO  db.DBStoreBuilder (DBStoreBuilder.java:processTables(161)) - Using default column profile:DBProfile.DISK for Table:s3Table
2019-09-23 16:22:13,963 [main] INFO  db.DBStoreBuilder (DBStoreBuilder.java:addTable(110)) - using custom profile for table: multipartInfoTable
2019-09-23 16:22:13,963 [main] INFO  db.DBStoreBuilder (DBStoreBuilder.java:processTables(161)) - Using default column profile:DBProfile.DISK for Table:multipartInfoTable
2019-09-23 16:22:13,963 [main] INFO  db.DBStoreBuilder (DBStoreBuilder.java:addTable(110)) - using custom profile for table: dTokenTable
2019-09-23 16:22:13,963 [main] INFO  db.DBStoreBuilder (DBStoreBuilder.java:processTables(161)) - Using default column profile:DBProfile.DISK for Table:dTokenTable
2019-09-23 16:22:13,964 [main] INFO  db.DBStoreBuilder (DBStoreBuilder.java:addTable(110)) - using custom profile for table: s3SecretTable
2019-09-23 16:22:13,964 [main] INFO  db.DBStoreBuilder (DBStoreBuilder.java:processTables(161)) - Using default column profile:DBProfile.DISK for Table:s3SecretTable
2019-09-23 16:22:13,964 [main] INFO  db.DBStoreBuilder (DBStoreBuilder.java:addTable(110)) - using custom profile for table: prefixTable
2019-09-23 16:22:13,964 [main] INFO  db.DBStoreBuilder (DBStoreBuilder.java:processTables(161)) - Using default column profile:DBProfile.DISK for Table:prefixTable
2019-09-23 16:22:13,964 [main] INFO  db.DBStoreBuilder (DBStoreBuilder.java:addTable(110)) - using custom profile for table: default
2019-09-23 16:22:13,964 [main] INFO  db.DBStoreBuilder (DBStoreBuilder.java:processTables(167)) - Using default column profile:DBProfile.DISK for Table:default
2019-09-23 16:22:13,965 [main] INFO  db.DBStoreBuilder (DBStoreBuilder.java:getDbProfile(198)) - Using default options. DBProfile.DISK
2019-09-23 16:22:20,998 [main] INFO  ipc.CallQueueManager (CallQueueManager.java:<init>(84)) - Using callQueue: class java.util.concurrent.LinkedBlockingQueue, queueCapacity: 2000, scheduler: class org.apache.hadoop.ipc.DefaultRpcScheduler, ipcBackoff: false.
2019-09-23 16:22:21,001 [Socket Reader #1 for port 41803] INFO  ipc.Server (Server.java:run(1074)) - Starting Socket Reader #1 for port 41803
2019-09-23 16:22:21,020 [main] INFO  om.OzoneManager (OzoneManager.java:start(1243)) - OzoneManager RPC server is listening at localhost/127.0.0.1:41803
2019-09-23 16:22:21,020 [main] INFO  impl.MetricsSystemImpl (MetricsSystemImpl.java:init(158)) - OzoneManager metrics system started (again)
2019-09-23 16:22:21,021 [IPC Server Responder] INFO  ipc.Server (Server.java:run(1314)) - IPC Server Responder: starting
2019-09-23 16:22:21,021 [IPC Server listener on 41803] INFO  ipc.Server (Server.java:run(1153)) - IPC Server listener on 41803: starting
2019-09-23 16:22:21,027 [main] INFO  hdfs.DFSUtil (DFSUtil.java:httpServerTemplateForNNAndJN(1641)) - Starting Web-server for ozoneManager at: http://0.0.0.0:0
2019-09-23 16:22:21,029 [main] INFO  server.AuthenticationFilter (AuthenticationFilter.java:constructSecretProvider(240)) - Unable to initialize FileSignerSecretProvider, falling back to use random secrets.
2019-09-23 16:22:21,030 [main] WARN  http.HttpRequestLog (HttpRequestLog.java:getRequestLog(97)) - Jetty request log can only be enabled using Log4j
2019-09-23 16:22:21,032 [main] INFO  http.HttpServer2 (HttpServer2.java:addGlobalFilter(975)) - Added global filter 'safety' (class=org.apache.hadoop.http.HttpServer2$QuotingInputFilter)
2019-09-23 16:22:21,033 [main] INFO  http.HttpServer2 (HttpServer2.java:addFilter(948)) - Added filter static_user_filter (class=org.apache.hadoop.http.lib.StaticUserWebFilter$StaticUserFilter) to context ozoneManager
2019-09-23 16:22:21,033 [main] INFO  http.HttpServer2 (HttpServer2.java:addFilter(958)) - Added filter static_user_filter (class=org.apache.hadoop.http.lib.StaticUserWebFilter$StaticUserFilter) to context logs
2019-09-23 16:22:21,033 [main] INFO  http.HttpServer2 (HttpServer2.java:addFilter(958)) - Added filter static_user_filter (class=org.apache.hadoop.http.lib.StaticUserWebFilter$StaticUserFilter) to context static
2019-09-23 16:22:21,034 [main] INFO  http.HttpServer2 (HttpServer2.java:bindListener(1191)) - Jetty bound to port 37881
2019-09-23 16:22:21,034 [main] INFO  server.Server (Server.java:doStart(351)) - jetty-9.3.25.v20180904, build timestamp: 2018-09-04T21:11:46Z, git hash: 3ce520221d0240229c862b122d2b06c12a625732
2019-09-23 16:22:21,036 [main] INFO  handler.ContextHandler (ContextHandler.java:doStart(781)) - Started o.e.j.s.ServletContextHandler@55fee662{/logs,file:///workdir/hadoop-ozone/integration-test/target/log,AVAILABLE}
2019-09-23 16:22:21,037 [main] INFO  handler.ContextHandler (ContextHandler.java:doStart(781)) - Started o.e.j.s.ServletContextHandler@45adc393{/static,file:///workdir/hadoop-ozone/integration-test/target/test-classes/webapps/static,AVAILABLE}
2019-09-23 16:22:21,059 [main] INFO  handler.ContextHandler (ContextHandler.java:doStart(781)) - Started o.e.j.w.WebAppContext@46039a21{/,file:///workdir/hadoop-ozone/integration-test/target/test-classes/webapps/ozoneManager/,AVAILABLE}{/ozoneManager}
2019-09-23 16:22:21,059 [main] INFO  server.AbstractConnector (AbstractConnector.java:doStart(278)) - Started ServerConnector@431e86b1{HTTP/1.1,[http/1.1]}{0.0.0.0:37881}
2019-09-23 16:22:21,061 [main] INFO  server.Server (Server.java:doStart(419)) - Started @100670ms
2019-09-23 16:22:21,061 [main] WARN  impl.MetricsSystemImpl (MetricsSystemImpl.java:register(276)) - Sink prometheus already exists!
2019-09-23 16:22:21,062 [main] INFO  server.BaseHttpServer (BaseHttpServer.java:updateConnectorAddress(215)) - HTTP server of OZONEMANAGER is listening at http://0.0.0.0:37881
2019-09-23 16:22:21,082 [main] INFO  impl.MetricsSystemImpl (MetricsSystemImpl.java:init(158)) - HddsDatanode metrics system started (again)
2019-09-23 16:22:21,084 [main] INFO  ozone.HddsDatanodeService (HddsDatanodeService.java:start(184)) - HddsDatanodeService host:pr-hdds-2166-7skhj-3476174427 ip:192.168.34.17
2019-09-23 16:22:21,089 [main] INFO  volume.HddsVolume (HddsVolume.java:<init>(176)) - Creating Volume: /workdir/hadoop-ozone/integration-test/target/test-dir/MiniOzoneClusterImpl-f3b30e67-3449-4c60-a677-fdc793c35738/datanode-0/data/containers/hdds of  storage type : DISK and capacity : 1482555576320
2019-09-23 16:22:21,096 [main] INFO  volume.VolumeSet (VolumeSet.java:initializeVolumeSet(170)) - Added Volume : /workdir/hadoop-ozone/integration-test/target/test-dir/MiniOzoneClusterImpl-f3b30e67-3449-4c60-a677-fdc793c35738/datanode-0/data/containers/hdds to VolumeSet
2019-09-23 16:22:21,097 [main] INFO  volume.ThrottledAsyncChecker (ThrottledAsyncChecker.java:schedule(139)) - Scheduling a check for org.apache.hadoop.ozone.container.common.volume.HddsVolume@68d6d775
2019-09-23 16:22:21,098 [main] INFO  volume.HddsVolumeChecker (HddsVolumeChecker.java:checkAllVolumes(202)) - Scheduled health check for volume org.apache.hadoop.ozone.container.common.volume.HddsVolume@68d6d775
2019-09-23 16:22:21,117 [main] INFO  impl.RaftServerProxy (ConfUtils.java:logGet(43)) - raft.rpc.type = GRPC (default)
2019-09-23 16:22:21,117 [main] INFO  grpc.GrpcFactory (GrpcFactory.java:checkPooledByteBufAllocatorUseCacheForAllThreads(45)) - PERFORMANCE WARNING: useCacheForAllThreads is true that may cause Netty to create a lot garbage objects and, as a result, trigger GC.
	It is recommended to disable useCacheForAllThreads by setting -Dorg.apache.ratis.thirdparty.io.netty.allocator.useCacheForAllThreads=false in command line.
2019-09-23 16:22:21,118 [main] INFO  grpc.GrpcConfigKeys$Server (ConfUtils.java:logGet(43)) - raft.grpc.server.port = 0 (default)
2019-09-23 16:22:21,118 [main] INFO  server.GrpcService (ConfUtils.java:logGet(43)) - raft.grpc.message.size.max = 33570816 (custom)
2019-09-23 16:22:21,118 [main] INFO  server.RaftServerConfigKeys (ConfUtils.java:logGet(43)) - raft.server.log.appender.buffer.byte-limit = 33554432 (custom)
2019-09-23 16:22:21,119 [main] INFO  server.GrpcService (ConfUtils.java:logGet(43)) - raft.grpc.flow.control.window = 1MB (=1048576) (default)
2019-09-23 16:22:21,119 [main] INFO  server.RaftServerConfigKeys (ConfUtils.java:logGet(43)) - raft.server.rpc.request.timeout = 3000ms (default)
2019-09-23 16:22:21,120 [main] INFO  server.RaftServerConfigKeys (ConfUtils.java:logGet(43)) - raft.server.storage.dir = [/workdir/hadoop-ozone/integration-test/target/test-dir/MiniOzoneClusterImpl-f3b30e67-3449-4c60-a677-fdc793c35738/datanode-0/data/ratis] (custom)
2019-09-23 16:22:21,122 [main] INFO  hdfs.DFSUtil (DFSUtil.java:httpServerTemplateForNNAndJN(1641)) - Starting Web-server for hddsDatanode at: http://0.0.0.0:0
2019-09-23 16:22:21,124 [main] INFO  server.AuthenticationFilter (AuthenticationFilter.java:constructSecretProvider(240)) - Unable to initialize FileSignerSecretProvider, falling back to use random secrets.
2019-09-23 16:22:21,124 [main] WARN  http.HttpRequestLog (HttpRequestLog.java:getRequestLog(97)) - Jetty request log can only be enabled using Log4j
2019-09-23 16:22:21,126 [main] INFO  http.HttpServer2 (HttpServer2.java:addGlobalFilter(975)) - Added global filter 'safety' (class=org.apache.hadoop.http.HttpServer2$QuotingInputFilter)
2019-09-23 16:22:21,126 [main] INFO  http.HttpServer2 (HttpServer2.java:addFilter(948)) - Added filter static_user_filter (class=org.apache.hadoop.http.lib.StaticUserWebFilter$StaticUserFilter) to context hddsDatanode
2019-09-23 16:22:21,127 [main] INFO  http.HttpServer2 (HttpServer2.java:addFilter(958)) - Added filter static_user_filter (class=org.apache.hadoop.http.lib.StaticUserWebFilter$StaticUserFilter) to context logs
2019-09-23 16:22:21,127 [main] INFO  http.HttpServer2 (HttpServer2.java:addFilter(958)) - Added filter static_user_filter (class=org.apache.hadoop.http.lib.StaticUserWebFilter$StaticUserFilter) to context static
2019-09-23 16:22:21,128 [main] INFO  http.HttpServer2 (HttpServer2.java:bindListener(1191)) - Jetty bound to port 38192
2019-09-23 16:22:21,128 [main] INFO  server.Server (Server.java:doStart(351)) - jetty-9.3.25.v20180904, build timestamp: 2018-09-04T21:11:46Z, git hash: 3ce520221d0240229c862b122d2b06c12a625732
2019-09-23 16:22:21,129 [main] INFO  handler.ContextHandler (ContextHandler.java:doStart(781)) - Started o.e.j.s.ServletContextHandler@6807a356{/logs,file:///workdir/hadoop-ozone/integration-test/target/log,AVAILABLE}
2019-09-23 16:22:21,130 [main] INFO  handler.ContextHandler (ContextHandler.java:doStart(781)) - Started o.e.j.s.ServletContextHandler@73aeef7d{/static,jar:file:/home/user/.m2/repository/org/apache/hadoop/hadoop-hdds-container-service/0.5.0-SNAPSHOT/hadoop-hdds-container-service-0.5.0-SNAPSHOT.jar!/webapps/static,AVAILABLE}
2019-09-23 16:22:21,164 [main] INFO  handler.ContextHandler (ContextHandler.java:doStart(781)) - Started o.e.j.w.WebAppContext@1835dc92{/,file:///tmp/jetty-0.0.0.0-38192-hddsDatanode-_-any-1622553564532635265.dir/webapp/,AVAILABLE}{/hddsDatanode}
2019-09-23 16:22:21,165 [main] INFO  server.AbstractConnector (AbstractConnector.java:doStart(278)) - Started ServerConnector@3aaa3c39{HTTP/1.1,[http/1.1]}{0.0.0.0:38192}
2019-09-23 16:22:21,166 [main] INFO  server.Server (Server.java:doStart(419)) - Started @100776ms
2019-09-23 16:22:21,166 [main] WARN  impl.MetricsSystemImpl (MetricsSystemImpl.java:register(276)) - Sink prometheus already exists!
2019-09-23 16:22:21,167 [main] INFO  server.BaseHttpServer (BaseHttpServer.java:updateConnectorAddress(215)) - HTTP server of HDDSDATANODE is listening at http://0.0.0.0:38192
2019-09-23 16:22:21,167 [main] INFO  impl.MetricsSystemImpl (MetricsSystemImpl.java:init(158)) - HddsDatanode metrics system started (again)
2019-09-23 16:22:21,171 [main] INFO  ozone.HddsDatanodeService (HddsDatanodeService.java:start(184)) - HddsDatanodeService host:pr-hdds-2166-7skhj-3476174427 ip:192.168.34.17
2019-09-23 16:22:21,171 [org.apache.hadoop.util.JvmPauseMonitor$Monitor@21472cdc] INFO  util.JvmPauseMonitor (JvmPauseMonitor.java:run(188)) - Starting JVM pause monitor
2019-09-23 16:22:21,174 [Datanode State Machine Thread - 0] INFO  datanode.InitDatanodeState (InitDatanodeState.java:persistContainerDatanodeDetails(140)) - DatanodeDetails is persisted to /workdir/hadoop-ozone/integration-test/target/test-dir/MiniOzoneClusterImpl-f3b30e67-3449-4c60-a677-fdc793c35738/datanode-0/meta/datanode.id
2019-09-23 16:22:21,176 [main] INFO  volume.HddsVolume (HddsVolume.java:<init>(176)) - Creating Volume: /workdir/hadoop-ozone/integration-test/target/test-dir/MiniOzoneClusterImpl-f3b30e67-3449-4c60-a677-fdc793c35738/datanode-1/data/containers/hdds of  storage type : DISK and capacity : 1482555576320
2019-09-23 16:22:21,176 [main] INFO  volume.VolumeSet (VolumeSet.java:initializeVolumeSet(170)) - Added Volume : /workdir/hadoop-ozone/integration-test/target/test-dir/MiniOzoneClusterImpl-f3b30e67-3449-4c60-a677-fdc793c35738/datanode-1/data/containers/hdds to VolumeSet
2019-09-23 16:22:21,177 [main] INFO  volume.ThrottledAsyncChecker (ThrottledAsyncChecker.java:schedule(139)) - Scheduling a check for org.apache.hadoop.ozone.container.common.volume.HddsVolume@642857e0
2019-09-23 16:22:21,177 [main] INFO  volume.HddsVolumeChecker (HddsVolumeChecker.java:checkAllVolumes(202)) - Scheduled health check for volume org.apache.hadoop.ozone.container.common.volume.HddsVolume@642857e0
2019-09-23 16:22:21,190 [main] INFO  impl.RaftServerProxy (ConfUtils.java:logGet(43)) - raft.rpc.type = GRPC (default)
2019-09-23 16:22:21,190 [main] INFO  grpc.GrpcFactory (GrpcFactory.java:checkPooledByteBufAllocatorUseCacheForAllThreads(45)) - PERFORMANCE WARNING: useCacheForAllThreads is true that may cause Netty to create a lot garbage objects and, as a result, trigger GC.
	It is recommended to disable useCacheForAllThreads by setting -Dorg.apache.ratis.thirdparty.io.netty.allocator.useCacheForAllThreads=false in command line.
2019-09-23 16:22:21,190 [main] INFO  grpc.GrpcConfigKeys$Server (ConfUtils.java:logGet(43)) - raft.grpc.server.port = 0 (default)
2019-09-23 16:22:21,191 [main] INFO  server.GrpcService (ConfUtils.java:logGet(43)) - raft.grpc.message.size.max = 33570816 (custom)
2019-09-23 16:22:21,191 [main] INFO  server.RaftServerConfigKeys (ConfUtils.java:logGet(43)) - raft.server.log.appender.buffer.byte-limit = 33554432 (custom)
2019-09-23 16:22:21,191 [main] INFO  server.GrpcService (ConfUtils.java:logGet(43)) - raft.grpc.flow.control.window = 1MB (=1048576) (default)
2019-09-23 16:22:21,191 [main] INFO  server.RaftServerConfigKeys (ConfUtils.java:logGet(43)) - raft.server.rpc.request.timeout = 3000ms (default)
2019-09-23 16:22:21,192 [main] INFO  server.RaftServerConfigKeys (ConfUtils.java:logGet(43)) - raft.server.storage.dir = [/workdir/hadoop-ozone/integration-test/target/test-dir/MiniOzoneClusterImpl-f3b30e67-3449-4c60-a677-fdc793c35738/datanode-1/data/ratis] (custom)
2019-09-23 16:22:21,193 [main] INFO  hdfs.DFSUtil (DFSUtil.java:httpServerTemplateForNNAndJN(1641)) - Starting Web-server for hddsDatanode at: http://0.0.0.0:0
2019-09-23 16:22:21,194 [main] INFO  server.AuthenticationFilter (AuthenticationFilter.java:constructSecretProvider(240)) - Unable to initialize FileSignerSecretProvider, falling back to use random secrets.
2019-09-23 16:22:21,194 [main] WARN  http.HttpRequestLog (HttpRequestLog.java:getRequestLog(97)) - Jetty request log can only be enabled using Log4j
2019-09-23 16:22:21,196 [main] INFO  http.HttpServer2 (HttpServer2.java:addGlobalFilter(975)) - Added global filter 'safety' (class=org.apache.hadoop.http.HttpServer2$QuotingInputFilter)
2019-09-23 16:22:21,196 [main] INFO  http.HttpServer2 (HttpServer2.java:addFilter(948)) - Added filter static_user_filter (class=org.apache.hadoop.http.lib.StaticUserWebFilter$StaticUserFilter) to context hddsDatanode
2019-09-23 16:22:21,197 [main] INFO  http.HttpServer2 (HttpServer2.java:addFilter(958)) - Added filter static_user_filter (class=org.apache.hadoop.http.lib.StaticUserWebFilter$StaticUserFilter) to context logs
2019-09-23 16:22:21,197 [main] INFO  http.HttpServer2 (HttpServer2.java:addFilter(958)) - Added filter static_user_filter (class=org.apache.hadoop.http.lib.StaticUserWebFilter$StaticUserFilter) to context static
2019-09-23 16:22:21,197 [main] INFO  http.HttpServer2 (HttpServer2.java:bindListener(1191)) - Jetty bound to port 32921
2019-09-23 16:22:21,197 [main] INFO  server.Server (Server.java:doStart(351)) - jetty-9.3.25.v20180904, build timestamp: 2018-09-04T21:11:46Z, git hash: 3ce520221d0240229c862b122d2b06c12a625732
2019-09-23 16:22:21,199 [main] INFO  handler.ContextHandler (ContextHandler.java:doStart(781)) - Started o.e.j.s.ServletContextHandler@3ff54f3d{/logs,file:///workdir/hadoop-ozone/integration-test/target/log,AVAILABLE}
2019-09-23 16:22:21,200 [main] INFO  handler.ContextHandler (ContextHandler.java:doStart(781)) - Started o.e.j.s.ServletContextHandler@62a68bcb{/static,jar:file:/home/user/.m2/repository/org/apache/hadoop/hadoop-hdds-container-service/0.5.0-SNAPSHOT/hadoop-hdds-container-service-0.5.0-SNAPSHOT.jar!/webapps/static,AVAILABLE}
2019-09-23 16:22:21,229 [main] INFO  handler.ContextHandler (ContextHandler.java:doStart(781)) - Started o.e.j.w.WebAppContext@3ba3d4b6{/,file:///tmp/jetty-0.0.0.0-32921-hddsDatanode-_-any-5397705624810255142.dir/webapp/,AVAILABLE}{/hddsDatanode}
2019-09-23 16:22:21,230 [main] INFO  server.AbstractConnector (AbstractConnector.java:doStart(278)) - Started ServerConnector@51b77cdf{HTTP/1.1,[http/1.1]}{0.0.0.0:32921}
2019-09-23 16:22:21,231 [main] INFO  server.Server (Server.java:doStart(419)) - Started @100841ms
2019-09-23 16:22:21,231 [main] WARN  impl.MetricsSystemImpl (MetricsSystemImpl.java:register(276)) - Sink prometheus already exists!
2019-09-23 16:22:21,232 [main] INFO  server.BaseHttpServer (BaseHttpServer.java:updateConnectorAddress(215)) - HTTP server of HDDSDATANODE is listening at http://0.0.0.0:32921
2019-09-23 16:22:21,233 [main] INFO  impl.MetricsSystemImpl (MetricsSystemImpl.java:init(158)) - HddsDatanode metrics system started (again)
2019-09-23 16:22:21,235 [org.apache.hadoop.util.JvmPauseMonitor$Monitor@1b9536f] INFO  util.JvmPauseMonitor (JvmPauseMonitor.java:run(188)) - Starting JVM pause monitor
2019-09-23 16:22:21,237 [main] INFO  ozone.HddsDatanodeService (HddsDatanodeService.java:start(184)) - HddsDatanodeService host:pr-hdds-2166-7skhj-3476174427 ip:192.168.34.17
2019-09-23 16:22:21,243 [main] INFO  volume.HddsVolume (HddsVolume.java:<init>(176)) - Creating Volume: /workdir/hadoop-ozone/integration-test/target/test-dir/MiniOzoneClusterImpl-f3b30e67-3449-4c60-a677-fdc793c35738/datanode-2/data/containers/hdds of  storage type : DISK and capacity : 1482555576320
2019-09-23 16:22:21,243 [main] INFO  volume.VolumeSet (VolumeSet.java:initializeVolumeSet(170)) - Added Volume : /workdir/hadoop-ozone/integration-test/target/test-dir/MiniOzoneClusterImpl-f3b30e67-3449-4c60-a677-fdc793c35738/datanode-2/data/containers/hdds to VolumeSet
2019-09-23 16:22:21,243 [main] INFO  volume.ThrottledAsyncChecker (ThrottledAsyncChecker.java:schedule(139)) - Scheduling a check for org.apache.hadoop.ozone.container.common.volume.HddsVolume@6a1ef65c
2019-09-23 16:22:21,243 [Datanode State Machine Thread - 0] INFO  datanode.InitDatanodeState (InitDatanodeState.java:persistContainerDatanodeDetails(140)) - DatanodeDetails is persisted to /workdir/hadoop-ozone/integration-test/target/test-dir/MiniOzoneClusterImpl-f3b30e67-3449-4c60-a677-fdc793c35738/datanode-1/meta/datanode.id
2019-09-23 16:22:21,243 [main] INFO  volume.HddsVolumeChecker (HddsVolumeChecker.java:checkAllVolumes(202)) - Scheduled health check for volume org.apache.hadoop.ozone.container.common.volume.HddsVolume@6a1ef65c
2019-09-23 16:22:21,257 [main] INFO  impl.RaftServerProxy (ConfUtils.java:logGet(43)) - raft.rpc.type = GRPC (default)
2019-09-23 16:22:21,257 [main] INFO  grpc.GrpcFactory (GrpcFactory.java:checkPooledByteBufAllocatorUseCacheForAllThreads(45)) - PERFORMANCE WARNING: useCacheForAllThreads is true that may cause Netty to create a lot garbage objects and, as a result, trigger GC.
	It is recommended to disable useCacheForAllThreads by setting -Dorg.apache.ratis.thirdparty.io.netty.allocator.useCacheForAllThreads=false in command line.
2019-09-23 16:22:21,258 [main] INFO  grpc.GrpcConfigKeys$Server (ConfUtils.java:logGet(43)) - raft.grpc.server.port = 0 (default)
2019-09-23 16:22:21,258 [main] INFO  server.GrpcService (ConfUtils.java:logGet(43)) - raft.grpc.message.size.max = 33570816 (custom)
2019-09-23 16:22:21,258 [main] INFO  server.RaftServerConfigKeys (ConfUtils.java:logGet(43)) - raft.server.log.appender.buffer.byte-limit = 33554432 (custom)
2019-09-23 16:22:21,258 [main] INFO  server.GrpcService (ConfUtils.java:logGet(43)) - raft.grpc.flow.control.window = 1MB (=1048576) (default)
2019-09-23 16:22:21,258 [main] INFO  server.RaftServerConfigKeys (ConfUtils.java:logGet(43)) - raft.server.rpc.request.timeout = 3000ms (default)
2019-09-23 16:22:21,259 [main] INFO  server.RaftServerConfigKeys (ConfUtils.java:logGet(43)) - raft.server.storage.dir = [/workdir/hadoop-ozone/integration-test/target/test-dir/MiniOzoneClusterImpl-f3b30e67-3449-4c60-a677-fdc793c35738/datanode-2/data/ratis] (custom)
2019-09-23 16:22:21,260 [main] INFO  hdfs.DFSUtil (DFSUtil.java:httpServerTemplateForNNAndJN(1641)) - Starting Web-server for hddsDatanode at: http://0.0.0.0:0
2019-09-23 16:22:21,262 [main] INFO  server.AuthenticationFilter (AuthenticationFilter.java:constructSecretProvider(240)) - Unable to initialize FileSignerSecretProvider, falling back to use random secrets.
2019-09-23 16:22:21,262 [main] WARN  http.HttpRequestLog (HttpRequestLog.java:getRequestLog(97)) - Jetty request log can only be enabled using Log4j
2019-09-23 16:22:21,264 [main] INFO  http.HttpServer2 (HttpServer2.java:addGlobalFilter(975)) - Added global filter 'safety' (class=org.apache.hadoop.http.HttpServer2$QuotingInputFilter)
2019-09-23 16:22:21,266 [main] INFO  http.HttpServer2 (HttpServer2.java:addFilter(948)) - Added filter static_user_filter (class=org.apache.hadoop.http.lib.StaticUserWebFilter$StaticUserFilter) to context hddsDatanode
2019-09-23 16:22:21,266 [main] INFO  http.HttpServer2 (HttpServer2.java:addFilter(958)) - Added filter static_user_filter (class=org.apache.hadoop.http.lib.StaticUserWebFilter$StaticUserFilter) to context static
2019-09-23 16:22:21,267 [main] INFO  http.HttpServer2 (HttpServer2.java:addFilter(958)) - Added filter static_user_filter (class=org.apache.hadoop.http.lib.StaticUserWebFilter$StaticUserFilter) to context logs
2019-09-23 16:22:21,267 [main] INFO  http.HttpServer2 (HttpServer2.java:bindListener(1191)) - Jetty bound to port 46506
2019-09-23 16:22:21,268 [main] INFO  server.Server (Server.java:doStart(351)) - jetty-9.3.25.v20180904, build timestamp: 2018-09-04T21:11:46Z, git hash: 3ce520221d0240229c862b122d2b06c12a625732
2019-09-23 16:22:21,270 [main] INFO  handler.ContextHandler (ContextHandler.java:doStart(781)) - Started o.e.j.s.ServletContextHandler@4bdf{/logs,file:///workdir/hadoop-ozone/integration-test/target/log,AVAILABLE}
2019-09-23 16:22:21,270 [main] INFO  handler.ContextHandler (ContextHandler.java:doStart(781)) - Started o.e.j.s.ServletContextHandler@2c63762b{/static,jar:file:/home/user/.m2/repository/org/apache/hadoop/hadoop-hdds-container-service/0.5.0-SNAPSHOT/hadoop-hdds-container-service-0.5.0-SNAPSHOT.jar!/webapps/static,AVAILABLE}
2019-09-23 16:22:21,306 [main] INFO  handler.ContextHandler (ContextHandler.java:doStart(781)) - Started o.e.j.w.WebAppContext@152c4495{/,file:///tmp/jetty-0.0.0.0-46506-hddsDatanode-_-any-2265957560985200905.dir/webapp/,AVAILABLE}{/hddsDatanode}
2019-09-23 16:22:21,307 [main] INFO  server.AbstractConnector (AbstractConnector.java:doStart(278)) - Started ServerConnector@5ec1963c{HTTP/1.1,[http/1.1]}{0.0.0.0:46506}
2019-09-23 16:22:21,308 [main] INFO  server.Server (Server.java:doStart(419)) - Started @100918ms
2019-09-23 16:22:21,308 [main] WARN  impl.MetricsSystemImpl (MetricsSystemImpl.java:register(276)) - Sink prometheus already exists!
2019-09-23 16:22:21,309 [main] INFO  server.BaseHttpServer (BaseHttpServer.java:updateConnectorAddress(215)) - HTTP server of HDDSDATANODE is listening at http://0.0.0.0:46506
2019-09-23 16:22:21,310 [main] INFO  impl.MetricsSystemImpl (MetricsSystemImpl.java:init(158)) - HddsDatanode metrics system started (again)
2019-09-23 16:22:21,313 [org.apache.hadoop.util.JvmPauseMonitor$Monitor@5f7a5f1c] INFO  util.JvmPauseMonitor (JvmPauseMonitor.java:run(188)) - Starting JVM pause monitor
2019-09-23 16:22:21,313 [main] INFO  ozone.HddsDatanodeService (HddsDatanodeService.java:start(184)) - HddsDatanodeService host:pr-hdds-2166-7skhj-3476174427 ip:192.168.34.17
2019-09-23 16:22:21,319 [main] INFO  volume.HddsVolume (HddsVolume.java:<init>(176)) - Creating Volume: /workdir/hadoop-ozone/integration-test/target/test-dir/MiniOzoneClusterImpl-f3b30e67-3449-4c60-a677-fdc793c35738/datanode-3/data/containers/hdds of  storage type : DISK and capacity : 1482555576320
2019-09-23 16:22:21,319 [Datanode State Machine Thread - 0] INFO  datanode.InitDatanodeState (InitDatanodeState.java:persistContainerDatanodeDetails(140)) - DatanodeDetails is persisted to /workdir/hadoop-ozone/integration-test/target/test-dir/MiniOzoneClusterImpl-f3b30e67-3449-4c60-a677-fdc793c35738/datanode-2/meta/datanode.id
2019-09-23 16:22:21,319 [main] INFO  volume.VolumeSet (VolumeSet.java:initializeVolumeSet(170)) - Added Volume : /workdir/hadoop-ozone/integration-test/target/test-dir/MiniOzoneClusterImpl-f3b30e67-3449-4c60-a677-fdc793c35738/datanode-3/data/containers/hdds to VolumeSet
2019-09-23 16:22:21,319 [main] INFO  volume.ThrottledAsyncChecker (ThrottledAsyncChecker.java:schedule(139)) - Scheduling a check for org.apache.hadoop.ozone.container.common.volume.HddsVolume@16736040
2019-09-23 16:22:21,320 [main] INFO  volume.HddsVolumeChecker (HddsVolumeChecker.java:checkAllVolumes(202)) - Scheduled health check for volume org.apache.hadoop.ozone.container.common.volume.HddsVolume@16736040
2019-09-23 16:22:21,336 [main] INFO  impl.RaftServerProxy (ConfUtils.java:logGet(43)) - raft.rpc.type = GRPC (default)
2019-09-23 16:22:21,337 [main] INFO  grpc.GrpcFactory (GrpcFactory.java:checkPooledByteBufAllocatorUseCacheForAllThreads(45)) - PERFORMANCE WARNING: useCacheForAllThreads is true that may cause Netty to create a lot garbage objects and, as a result, trigger GC.
	It is recommended to disable useCacheForAllThreads by setting -Dorg.apache.ratis.thirdparty.io.netty.allocator.useCacheForAllThreads=false in command line.
2019-09-23 16:22:21,337 [main] INFO  grpc.GrpcConfigKeys$Server (ConfUtils.java:logGet(43)) - raft.grpc.server.port = 0 (default)
2019-09-23 16:22:21,337 [main] INFO  server.GrpcService (ConfUtils.java:logGet(43)) - raft.grpc.message.size.max = 33570816 (custom)
2019-09-23 16:22:21,337 [main] INFO  server.RaftServerConfigKeys (ConfUtils.java:logGet(43)) - raft.server.log.appender.buffer.byte-limit = 33554432 (custom)
2019-09-23 16:22:21,337 [main] INFO  server.GrpcService (ConfUtils.java:logGet(43)) - raft.grpc.flow.control.window = 1MB (=1048576) (default)
2019-09-23 16:22:21,338 [main] INFO  server.RaftServerConfigKeys (ConfUtils.java:logGet(43)) - raft.server.rpc.request.timeout = 3000ms (default)
2019-09-23 16:22:21,338 [main] INFO  server.RaftServerConfigKeys (ConfUtils.java:logGet(43)) - raft.server.storage.dir = [/workdir/hadoop-ozone/integration-test/target/test-dir/MiniOzoneClusterImpl-f3b30e67-3449-4c60-a677-fdc793c35738/datanode-3/data/ratis] (custom)
2019-09-23 16:22:21,347 [main] INFO  hdfs.DFSUtil (DFSUtil.java:httpServerTemplateForNNAndJN(1641)) - Starting Web-server for hddsDatanode at: http://0.0.0.0:0
2019-09-23 16:22:21,348 [main] INFO  server.AuthenticationFilter (AuthenticationFilter.java:constructSecretProvider(240)) - Unable to initialize FileSignerSecretProvider, falling back to use random secrets.
2019-09-23 16:22:21,349 [main] WARN  http.HttpRequestLog (HttpRequestLog.java:getRequestLog(97)) - Jetty request log can only be enabled using Log4j
2019-09-23 16:22:21,350 [main] INFO  http.HttpServer2 (HttpServer2.java:addGlobalFilter(975)) - Added global filter 'safety' (class=org.apache.hadoop.http.HttpServer2$QuotingInputFilter)
2019-09-23 16:22:21,351 [main] INFO  http.HttpServer2 (HttpServer2.java:addFilter(948)) - Added filter static_user_filter (class=org.apache.hadoop.http.lib.StaticUserWebFilter$StaticUserFilter) to context hddsDatanode
2019-09-23 16:22:21,351 [main] INFO  http.HttpServer2 (HttpServer2.java:addFilter(958)) - Added filter static_user_filter (class=org.apache.hadoop.http.lib.StaticUserWebFilter$StaticUserFilter) to context logs
2019-09-23 16:22:21,351 [main] INFO  http.HttpServer2 (HttpServer2.java:addFilter(958)) - Added filter static_user_filter (class=org.apache.hadoop.http.lib.StaticUserWebFilter$StaticUserFilter) to context static
2019-09-23 16:22:21,352 [main] INFO  http.HttpServer2 (HttpServer2.java:bindListener(1191)) - Jetty bound to port 46094
2019-09-23 16:22:21,352 [main] INFO  server.Server (Server.java:doStart(351)) - jetty-9.3.25.v20180904, build timestamp: 2018-09-04T21:11:46Z, git hash: 3ce520221d0240229c862b122d2b06c12a625732
2019-09-23 16:22:21,354 [main] INFO  handler.ContextHandler (ContextHandler.java:doStart(781)) - Started o.e.j.s.ServletContextHandler@6d6d480c{/logs,file:///workdir/hadoop-ozone/integration-test/target/log,AVAILABLE}
2019-09-23 16:22:21,354 [main] INFO  handler.ContextHandler (ContextHandler.java:doStart(781)) - Started o.e.j.s.ServletContextHandler@5a917723{/static,jar:file:/home/user/.m2/repository/org/apache/hadoop/hadoop-hdds-container-service/0.5.0-SNAPSHOT/hadoop-hdds-container-service-0.5.0-SNAPSHOT.jar!/webapps/static,AVAILABLE}
2019-09-23 16:22:21,383 [main] INFO  handler.ContextHandler (ContextHandler.java:doStart(781)) - Started o.e.j.w.WebAppContext@3b4825f0{/,file:///tmp/jetty-0.0.0.0-46094-hddsDatanode-_-any-2383433863183785327.dir/webapp/,AVAILABLE}{/hddsDatanode}
2019-09-23 16:22:21,384 [main] INFO  server.AbstractConnector (AbstractConnector.java:doStart(278)) - Started ServerConnector@40ac6b76{HTTP/1.1,[http/1.1]}{0.0.0.0:46094}
2019-09-23 16:22:21,386 [main] INFO  server.Server (Server.java:doStart(419)) - Started @100995ms
2019-09-23 16:22:21,386 [main] WARN  impl.MetricsSystemImpl (MetricsSystemImpl.java:register(276)) - Sink prometheus already exists!
2019-09-23 16:22:21,387 [main] INFO  server.BaseHttpServer (BaseHttpServer.java:updateConnectorAddress(215)) - HTTP server of HDDSDATANODE is listening at http://0.0.0.0:46094
2019-09-23 16:22:21,387 [main] INFO  impl.MetricsSystemImpl (MetricsSystemImpl.java:init(158)) - HddsDatanode metrics system started (again)
2019-09-23 16:22:21,392 [org.apache.hadoop.util.JvmPauseMonitor$Monitor@5c971423] INFO  util.JvmPauseMonitor (JvmPauseMonitor.java:run(188)) - Starting JVM pause monitor
2019-09-23 16:22:21,393 [main] INFO  ozone.HddsDatanodeService (HddsDatanodeService.java:start(184)) - HddsDatanodeService host:pr-hdds-2166-7skhj-3476174427 ip:192.168.34.17
2019-09-23 16:22:21,395 [Datanode State Machine Thread - 0] INFO  datanode.InitDatanodeState (InitDatanodeState.java:persistContainerDatanodeDetails(140)) - DatanodeDetails is persisted to /workdir/hadoop-ozone/integration-test/target/test-dir/MiniOzoneClusterImpl-f3b30e67-3449-4c60-a677-fdc793c35738/datanode-3/meta/datanode.id
2019-09-23 16:22:21,399 [main] INFO  volume.HddsVolume (HddsVolume.java:<init>(176)) - Creating Volume: /workdir/hadoop-ozone/integration-test/target/test-dir/MiniOzoneClusterImpl-f3b30e67-3449-4c60-a677-fdc793c35738/datanode-4/data/containers/hdds of  storage type : DISK and capacity : 1482555576320
2019-09-23 16:22:21,400 [main] INFO  volume.VolumeSet (VolumeSet.java:initializeVolumeSet(170)) - Added Volume : /workdir/hadoop-ozone/integration-test/target/test-dir/MiniOzoneClusterImpl-f3b30e67-3449-4c60-a677-fdc793c35738/datanode-4/data/containers/hdds to VolumeSet
2019-09-23 16:22:21,400 [main] INFO  volume.ThrottledAsyncChecker (ThrottledAsyncChecker.java:schedule(139)) - Scheduling a check for org.apache.hadoop.ozone.container.common.volume.HddsVolume@6dd36ab6
2019-09-23 16:22:21,400 [main] INFO  volume.HddsVolumeChecker (HddsVolumeChecker.java:checkAllVolumes(202)) - Scheduled health check for volume org.apache.hadoop.ozone.container.common.volume.HddsVolume@6dd36ab6
2019-09-23 16:22:21,421 [main] INFO  impl.RaftServerProxy (ConfUtils.java:logGet(43)) - raft.rpc.type = GRPC (default)
2019-09-23 16:22:21,422 [main] INFO  grpc.GrpcFactory (GrpcFactory.java:checkPooledByteBufAllocatorUseCacheForAllThreads(45)) - PERFORMANCE WARNING: useCacheForAllThreads is true that may cause Netty to create a lot garbage objects and, as a result, trigger GC.
	It is recommended to disable useCacheForAllThreads by setting -Dorg.apache.ratis.thirdparty.io.netty.allocator.useCacheForAllThreads=false in command line.
2019-09-23 16:22:21,422 [main] INFO  grpc.GrpcConfigKeys$Server (ConfUtils.java:logGet(43)) - raft.grpc.server.port = 0 (default)
2019-09-23 16:22:21,422 [main] INFO  server.GrpcService (ConfUtils.java:logGet(43)) - raft.grpc.message.size.max = 33570816 (custom)
2019-09-23 16:22:21,422 [main] INFO  server.RaftServerConfigKeys (ConfUtils.java:logGet(43)) - raft.server.log.appender.buffer.byte-limit = 33554432 (custom)
2019-09-23 16:22:21,422 [main] INFO  server.GrpcService (ConfUtils.java:logGet(43)) - raft.grpc.flow.control.window = 1MB (=1048576) (default)
2019-09-23 16:22:21,423 [main] INFO  server.RaftServerConfigKeys (ConfUtils.java:logGet(43)) - raft.server.rpc.request.timeout = 3000ms (default)
2019-09-23 16:22:21,423 [main] INFO  server.RaftServerConfigKeys (ConfUtils.java:logGet(43)) - raft.server.storage.dir = [/workdir/hadoop-ozone/integration-test/target/test-dir/MiniOzoneClusterImpl-f3b30e67-3449-4c60-a677-fdc793c35738/datanode-4/data/ratis] (custom)
2019-09-23 16:22:21,425 [main] INFO  hdfs.DFSUtil (DFSUtil.java:httpServerTemplateForNNAndJN(1641)) - Starting Web-server for hddsDatanode at: http://0.0.0.0:0
2019-09-23 16:22:21,426 [main] INFO  server.AuthenticationFilter (AuthenticationFilter.java:constructSecretProvider(240)) - Unable to initialize FileSignerSecretProvider, falling back to use random secrets.
2019-09-23 16:22:21,427 [main] WARN  http.HttpRequestLog (HttpRequestLog.java:getRequestLog(97)) - Jetty request log can only be enabled using Log4j
2019-09-23 16:22:21,428 [main] INFO  http.HttpServer2 (HttpServer2.java:addGlobalFilter(975)) - Added global filter 'safety' (class=org.apache.hadoop.http.HttpServer2$QuotingInputFilter)
2019-09-23 16:22:21,428 [main] INFO  http.HttpServer2 (HttpServer2.java:addFilter(948)) - Added filter static_user_filter (class=org.apache.hadoop.http.lib.StaticUserWebFilter$StaticUserFilter) to context hddsDatanode
2019-09-23 16:22:21,429 [main] INFO  http.HttpServer2 (HttpServer2.java:addFilter(958)) - Added filter static_user_filter (class=org.apache.hadoop.http.lib.StaticUserWebFilter$StaticUserFilter) to context static
2019-09-23 16:22:21,429 [main] INFO  http.HttpServer2 (HttpServer2.java:addFilter(958)) - Added filter static_user_filter (class=org.apache.hadoop.http.lib.StaticUserWebFilter$StaticUserFilter) to context logs
2019-09-23 16:22:21,429 [main] INFO  http.HttpServer2 (HttpServer2.java:bindListener(1191)) - Jetty bound to port 37719
2019-09-23 16:22:21,430 [main] INFO  server.Server (Server.java:doStart(351)) - jetty-9.3.25.v20180904, build timestamp: 2018-09-04T21:11:46Z, git hash: 3ce520221d0240229c862b122d2b06c12a625732
2019-09-23 16:22:21,435 [main] INFO  handler.ContextHandler (ContextHandler.java:doStart(781)) - Started o.e.j.s.ServletContextHandler@9c73fff{/logs,file:///workdir/hadoop-ozone/integration-test/target/log,AVAILABLE}
2019-09-23 16:22:21,435 [main] INFO  handler.ContextHandler (ContextHandler.java:doStart(781)) - Started o.e.j.s.ServletContextHandler@659f226a{/static,jar:file:/home/user/.m2/repository/org/apache/hadoop/hadoop-hdds-container-service/0.5.0-SNAPSHOT/hadoop-hdds-container-service-0.5.0-SNAPSHOT.jar!/webapps/static,AVAILABLE}
2019-09-23 16:22:21,463 [main] INFO  handler.ContextHandler (ContextHandler.java:doStart(781)) - Started o.e.j.w.WebAppContext@f8a6243{/,file:///tmp/jetty-0.0.0.0-37719-hddsDatanode-_-any-2791297113670272427.dir/webapp/,AVAILABLE}{/hddsDatanode}
2019-09-23 16:22:21,464 [main] INFO  server.AbstractConnector (AbstractConnector.java:doStart(278)) - Started ServerConnector@4a8ffd75{HTTP/1.1,[http/1.1]}{0.0.0.0:37719}
2019-09-23 16:22:21,465 [main] INFO  server.Server (Server.java:doStart(419)) - Started @101075ms
2019-09-23 16:22:21,465 [main] WARN  impl.MetricsSystemImpl (MetricsSystemImpl.java:register(276)) - Sink prometheus already exists!
2019-09-23 16:22:21,466 [main] INFO  server.BaseHttpServer (BaseHttpServer.java:updateConnectorAddress(215)) - HTTP server of HDDSDATANODE is listening at http://0.0.0.0:37719
2019-09-23 16:22:21,466 [main] INFO  impl.MetricsSystemImpl (MetricsSystemImpl.java:init(158)) - HddsDatanode metrics system started (again)
2019-09-23 16:22:21,471 [org.apache.hadoop.util.JvmPauseMonitor$Monitor@584f2291] INFO  util.JvmPauseMonitor (JvmPauseMonitor.java:run(188)) - Starting JVM pause monitor
2019-09-23 16:22:21,472 [main] INFO  ozone.HddsDatanodeService (HddsDatanodeService.java:start(184)) - HddsDatanodeService host:pr-hdds-2166-7skhj-3476174427 ip:192.168.34.17
2019-09-23 16:22:21,472 [Datanode State Machine Thread - 0] INFO  datanode.InitDatanodeState (InitDatanodeState.java:persistContainerDatanodeDetails(140)) - DatanodeDetails is persisted to /workdir/hadoop-ozone/integration-test/target/test-dir/MiniOzoneClusterImpl-f3b30e67-3449-4c60-a677-fdc793c35738/datanode-4/meta/datanode.id
2019-09-23 16:22:21,477 [main] INFO  volume.HddsVolume (HddsVolume.java:<init>(176)) - Creating Volume: /workdir/hadoop-ozone/integration-test/target/test-dir/MiniOzoneClusterImpl-f3b30e67-3449-4c60-a677-fdc793c35738/datanode-5/data/containers/hdds of  storage type : DISK and capacity : 1482555576320
2019-09-23 16:22:21,478 [main] INFO  volume.VolumeSet (VolumeSet.java:initializeVolumeSet(170)) - Added Volume : /workdir/hadoop-ozone/integration-test/target/test-dir/MiniOzoneClusterImpl-f3b30e67-3449-4c60-a677-fdc793c35738/datanode-5/data/containers/hdds to VolumeSet
2019-09-23 16:22:21,478 [main] INFO  volume.ThrottledAsyncChecker (ThrottledAsyncChecker.java:schedule(139)) - Scheduling a check for org.apache.hadoop.ozone.container.common.volume.HddsVolume@485caa8f
2019-09-23 16:22:21,478 [main] INFO  volume.HddsVolumeChecker (HddsVolumeChecker.java:checkAllVolumes(202)) - Scheduled health check for volume org.apache.hadoop.ozone.container.common.volume.HddsVolume@485caa8f
2019-09-23 16:22:21,493 [main] INFO  impl.RaftServerProxy (ConfUtils.java:logGet(43)) - raft.rpc.type = GRPC (default)
2019-09-23 16:22:21,493 [main] INFO  grpc.GrpcFactory (GrpcFactory.java:checkPooledByteBufAllocatorUseCacheForAllThreads(45)) - PERFORMANCE WARNING: useCacheForAllThreads is true that may cause Netty to create a lot garbage objects and, as a result, trigger GC.
	It is recommended to disable useCacheForAllThreads by setting -Dorg.apache.ratis.thirdparty.io.netty.allocator.useCacheForAllThreads=false in command line.
2019-09-23 16:22:21,494 [main] INFO  grpc.GrpcConfigKeys$Server (ConfUtils.java:logGet(43)) - raft.grpc.server.port = 0 (default)
2019-09-23 16:22:21,494 [main] INFO  server.GrpcService (ConfUtils.java:logGet(43)) - raft.grpc.message.size.max = 33570816 (custom)
2019-09-23 16:22:21,494 [main] INFO  server.RaftServerConfigKeys (ConfUtils.java:logGet(43)) - raft.server.log.appender.buffer.byte-limit = 33554432 (custom)
2019-09-23 16:22:21,494 [main] INFO  server.GrpcService (ConfUtils.java:logGet(43)) - raft.grpc.flow.control.window = 1MB (=1048576) (default)
2019-09-23 16:22:21,495 [main] INFO  server.RaftServerConfigKeys (ConfUtils.java:logGet(43)) - raft.server.rpc.request.timeout = 3000ms (default)
2019-09-23 16:22:21,495 [main] INFO  server.RaftServerConfigKeys (ConfUtils.java:logGet(43)) - raft.server.storage.dir = [/workdir/hadoop-ozone/integration-test/target/test-dir/MiniOzoneClusterImpl-f3b30e67-3449-4c60-a677-fdc793c35738/datanode-5/data/ratis] (custom)
2019-09-23 16:22:21,496 [main] INFO  hdfs.DFSUtil (DFSUtil.java:httpServerTemplateForNNAndJN(1641)) - Starting Web-server for hddsDatanode at: http://0.0.0.0:0
2019-09-23 16:22:21,498 [main] INFO  server.AuthenticationFilter (AuthenticationFilter.java:constructSecretProvider(240)) - Unable to initialize FileSignerSecretProvider, falling back to use random secrets.
2019-09-23 16:22:21,498 [main] WARN  http.HttpRequestLog (HttpRequestLog.java:getRequestLog(97)) - Jetty request log can only be enabled using Log4j
2019-09-23 16:22:21,500 [main] INFO  http.HttpServer2 (HttpServer2.java:addGlobalFilter(975)) - Added global filter 'safety' (class=org.apache.hadoop.http.HttpServer2$QuotingInputFilter)
2019-09-23 16:22:21,500 [main] INFO  http.HttpServer2 (HttpServer2.java:addFilter(948)) - Added filter static_user_filter (class=org.apache.hadoop.http.lib.StaticUserWebFilter$StaticUserFilter) to context hddsDatanode
2019-09-23 16:22:21,500 [main] INFO  http.HttpServer2 (HttpServer2.java:addFilter(958)) - Added filter static_user_filter (class=org.apache.hadoop.http.lib.StaticUserWebFilter$StaticUserFilter) to context logs
2019-09-23 16:22:21,500 [main] INFO  http.HttpServer2 (HttpServer2.java:addFilter(958)) - Added filter static_user_filter (class=org.apache.hadoop.http.lib.StaticUserWebFilter$StaticUserFilter) to context static
2019-09-23 16:22:21,501 [main] INFO  http.HttpServer2 (HttpServer2.java:bindListener(1191)) - Jetty bound to port 42244
2019-09-23 16:22:21,502 [main] INFO  server.Server (Server.java:doStart(351)) - jetty-9.3.25.v20180904, build timestamp: 2018-09-04T21:11:46Z, git hash: 3ce520221d0240229c862b122d2b06c12a625732
2019-09-23 16:22:21,503 [main] INFO  handler.ContextHandler (ContextHandler.java:doStart(781)) - Started o.e.j.s.ServletContextHandler@22d322f5{/logs,file:///workdir/hadoop-ozone/integration-test/target/log,AVAILABLE}
2019-09-23 16:22:21,504 [main] INFO  handler.ContextHandler (ContextHandler.java:doStart(781)) - Started o.e.j.s.ServletContextHandler@6723610b{/static,jar:file:/home/user/.m2/repository/org/apache/hadoop/hadoop-hdds-container-service/0.5.0-SNAPSHOT/hadoop-hdds-container-service-0.5.0-SNAPSHOT.jar!/webapps/static,AVAILABLE}
2019-09-23 16:22:21,570 [main] INFO  handler.ContextHandler (ContextHandler.java:doStart(781)) - Started o.e.j.w.WebAppContext@de81be1{/,file:///tmp/jetty-0.0.0.0-42244-hddsDatanode-_-any-6530081947921033050.dir/webapp/,AVAILABLE}{/hddsDatanode}
2019-09-23 16:22:21,571 [main] INFO  server.AbstractConnector (AbstractConnector.java:doStart(278)) - Started ServerConnector@342e690b{HTTP/1.1,[http/1.1]}{0.0.0.0:42244}
2019-09-23 16:22:21,572 [main] INFO  server.Server (Server.java:doStart(419)) - Started @101182ms
2019-09-23 16:22:21,573 [main] WARN  impl.MetricsSystemImpl (MetricsSystemImpl.java:register(276)) - Sink prometheus already exists!
2019-09-23 16:22:21,573 [main] INFO  server.BaseHttpServer (BaseHttpServer.java:updateConnectorAddress(215)) - HTTP server of HDDSDATANODE is listening at http://0.0.0.0:42244
2019-09-23 16:22:21,574 [main] INFO  impl.MetricsSystemImpl (MetricsSystemImpl.java:init(158)) - HddsDatanode metrics system started (again)
2019-09-23 16:22:21,580 [org.apache.hadoop.util.JvmPauseMonitor$Monitor@2e00fbf1] INFO  util.JvmPauseMonitor (JvmPauseMonitor.java:run(188)) - Starting JVM pause monitor
2019-09-23 16:22:21,581 [Datanode State Machine Thread - 0] INFO  datanode.InitDatanodeState (InitDatanodeState.java:persistContainerDatanodeDetails(140)) - DatanodeDetails is persisted to /workdir/hadoop-ozone/integration-test/target/test-dir/MiniOzoneClusterImpl-f3b30e67-3449-4c60-a677-fdc793c35738/datanode-5/meta/datanode.id
2019-09-23 16:22:21,581 [main] INFO  ozone.HddsDatanodeService (HddsDatanodeService.java:start(184)) - HddsDatanodeService host:pr-hdds-2166-7skhj-3476174427 ip:192.168.34.17
2019-09-23 16:22:21,589 [main] INFO  volume.HddsVolume (HddsVolume.java:<init>(176)) - Creating Volume: /workdir/hadoop-ozone/integration-test/target/test-dir/MiniOzoneClusterImpl-f3b30e67-3449-4c60-a677-fdc793c35738/datanode-6/data/containers/hdds of  storage type : DISK and capacity : 1482555576320
2019-09-23 16:22:21,589 [main] INFO  volume.VolumeSet (VolumeSet.java:initializeVolumeSet(170)) - Added Volume : /workdir/hadoop-ozone/integration-test/target/test-dir/MiniOzoneClusterImpl-f3b30e67-3449-4c60-a677-fdc793c35738/datanode-6/data/containers/hdds to VolumeSet
2019-09-23 16:22:21,590 [main] INFO  volume.ThrottledAsyncChecker (ThrottledAsyncChecker.java:schedule(139)) - Scheduling a check for org.apache.hadoop.ozone.container.common.volume.HddsVolume@1d02af26
2019-09-23 16:22:21,590 [main] INFO  volume.HddsVolumeChecker (HddsVolumeChecker.java:checkAllVolumes(202)) - Scheduled health check for volume org.apache.hadoop.ozone.container.common.volume.HddsVolume@1d02af26
2019-09-23 16:22:21,615 [main] INFO  impl.RaftServerProxy (ConfUtils.java:logGet(43)) - raft.rpc.type = GRPC (default)
2019-09-23 16:22:21,616 [main] INFO  grpc.GrpcFactory (GrpcFactory.java:checkPooledByteBufAllocatorUseCacheForAllThreads(45)) - PERFORMANCE WARNING: useCacheForAllThreads is true that may cause Netty to create a lot garbage objects and, as a result, trigger GC.
	It is recommended to disable useCacheForAllThreads by setting -Dorg.apache.ratis.thirdparty.io.netty.allocator.useCacheForAllThreads=false in command line.
2019-09-23 16:22:21,616 [main] INFO  grpc.GrpcConfigKeys$Server (ConfUtils.java:logGet(43)) - raft.grpc.server.port = 0 (default)
2019-09-23 16:22:21,616 [main] INFO  server.GrpcService (ConfUtils.java:logGet(43)) - raft.grpc.message.size.max = 33570816 (custom)
2019-09-23 16:22:21,617 [main] INFO  server.RaftServerConfigKeys (ConfUtils.java:logGet(43)) - raft.server.log.appender.buffer.byte-limit = 33554432 (custom)
2019-09-23 16:22:21,617 [main] INFO  server.GrpcService (ConfUtils.java:logGet(43)) - raft.grpc.flow.control.window = 1MB (=1048576) (default)
2019-09-23 16:22:21,617 [main] INFO  server.RaftServerConfigKeys (ConfUtils.java:logGet(43)) - raft.server.rpc.request.timeout = 3000ms (default)
2019-09-23 16:22:21,618 [main] INFO  server.RaftServerConfigKeys (ConfUtils.java:logGet(43)) - raft.server.storage.dir = [/workdir/hadoop-ozone/integration-test/target/test-dir/MiniOzoneClusterImpl-f3b30e67-3449-4c60-a677-fdc793c35738/datanode-6/data/ratis] (custom)
2019-09-23 16:22:21,631 [main] INFO  hdfs.DFSUtil (DFSUtil.java:httpServerTemplateForNNAndJN(1641)) - Starting Web-server for hddsDatanode at: http://0.0.0.0:0
2019-09-23 16:22:21,632 [main] INFO  server.AuthenticationFilter (AuthenticationFilter.java:constructSecretProvider(240)) - Unable to initialize FileSignerSecretProvider, falling back to use random secrets.
2019-09-23 16:22:21,633 [main] WARN  http.HttpRequestLog (HttpRequestLog.java:getRequestLog(97)) - Jetty request log can only be enabled using Log4j
2019-09-23 16:22:21,634 [main] INFO  http.HttpServer2 (HttpServer2.java:addGlobalFilter(975)) - Added global filter 'safety' (class=org.apache.hadoop.http.HttpServer2$QuotingInputFilter)
2019-09-23 16:22:21,635 [main] INFO  http.HttpServer2 (HttpServer2.java:addFilter(948)) - Added filter static_user_filter (class=org.apache.hadoop.http.lib.StaticUserWebFilter$StaticUserFilter) to context hddsDatanode
2019-09-23 16:22:21,635 [main] INFO  http.HttpServer2 (HttpServer2.java:addFilter(958)) - Added filter static_user_filter (class=org.apache.hadoop.http.lib.StaticUserWebFilter$StaticUserFilter) to context static
2019-09-23 16:22:21,635 [main] INFO  http.HttpServer2 (HttpServer2.java:addFilter(958)) - Added filter static_user_filter (class=org.apache.hadoop.http.lib.StaticUserWebFilter$StaticUserFilter) to context logs
2019-09-23 16:22:21,636 [main] INFO  http.HttpServer2 (HttpServer2.java:bindListener(1191)) - Jetty bound to port 36105
2019-09-23 16:22:21,636 [main] INFO  server.Server (Server.java:doStart(351)) - jetty-9.3.25.v20180904, build timestamp: 2018-09-04T21:11:46Z, git hash: 3ce520221d0240229c862b122d2b06c12a625732
2019-09-23 16:22:21,638 [main] INFO  handler.ContextHandler (ContextHandler.java:doStart(781)) - Started o.e.j.s.ServletContextHandler@46e3559f{/logs,file:///workdir/hadoop-ozone/integration-test/target/log,AVAILABLE}
2019-09-23 16:22:21,639 [main] INFO  handler.ContextHandler (ContextHandler.java:doStart(781)) - Started o.e.j.s.ServletContextHandler@32118208{/static,jar:file:/home/user/.m2/repository/org/apache/hadoop/hadoop-hdds-container-service/0.5.0-SNAPSHOT/hadoop-hdds-container-service-0.5.0-SNAPSHOT.jar!/webapps/static,AVAILABLE}
2019-09-23 16:22:21,668 [main] INFO  handler.ContextHandler (ContextHandler.java:doStart(781)) - Started o.e.j.w.WebAppContext@5c887052{/,file:///tmp/jetty-0.0.0.0-36105-hddsDatanode-_-any-58535454474152459.dir/webapp/,AVAILABLE}{/hddsDatanode}
2019-09-23 16:22:21,668 [main] INFO  server.AbstractConnector (AbstractConnector.java:doStart(278)) - Started ServerConnector@55fdf7f9{HTTP/1.1,[http/1.1]}{0.0.0.0:36105}
2019-09-23 16:22:21,670 [main] INFO  server.Server (Server.java:doStart(419)) - Started @101279ms
2019-09-23 16:22:21,670 [main] WARN  impl.MetricsSystemImpl (MetricsSystemImpl.java:register(276)) - Sink prometheus already exists!
2019-09-23 16:22:21,671 [main] INFO  server.BaseHttpServer (BaseHttpServer.java:updateConnectorAddress(215)) - HTTP server of HDDSDATANODE is listening at http://0.0.0.0:36105
2019-09-23 16:22:21,671 [main] INFO  ozone.MiniOzoneClusterImpl (MiniOzoneClusterImpl.java:lambda$waitForClusterToBeReady$0(147)) - Waiting for cluster to be ready. Got 0 of 7 DN Heartbeats.
2019-09-23 16:22:21,675 [org.apache.hadoop.util.JvmPauseMonitor$Monitor@1c2baee7] INFO  util.JvmPauseMonitor (JvmPauseMonitor.java:run(188)) - Starting JVM pause monitor
2019-09-23 16:22:21,677 [Datanode State Machine Thread - 0] INFO  datanode.InitDatanodeState (InitDatanodeState.java:persistContainerDatanodeDetails(140)) - DatanodeDetails is persisted to /workdir/hadoop-ozone/integration-test/target/test-dir/MiniOzoneClusterImpl-f3b30e67-3449-4c60-a677-fdc793c35738/datanode-6/meta/datanode.id
2019-09-23 16:22:22,678 [main] INFO  ozone.MiniOzoneClusterImpl (MiniOzoneClusterImpl.java:lambda$waitForClusterToBeReady$0(147)) - Waiting for cluster to be ready. Got 0 of 7 DN Heartbeats.
2019-09-23 16:22:23,227 [Datanode State Machine Thread - 0] INFO  ozoneimpl.OzoneContainer (OzoneContainer.java:start(217)) - Attempting to start container services.
2019-09-23 16:22:23,229 [Datanode State Machine Thread - 0] INFO  ozoneimpl.OzoneContainer (OzoneContainer.java:startContainerScrub(179)) - Background container scanner has been disabled.
2019-09-23 16:22:23,229 [Datanode State Machine Thread - 0] INFO  ratis.XceiverServerRatis (XceiverServerRatis.java:start(411)) - Starting XceiverServerRatis 84304eb4-a8af-4a6f-9dd3-e902f7a5c13b at port 0
2019-09-23 16:22:23,242 [Datanode State Machine Thread - 0] INFO  impl.RaftServerProxy (RaftServerProxy.java:lambda$start$3(299)) - 84304eb4-a8af-4a6f-9dd3-e902f7a5c13b: start RPC server
2019-09-23 16:22:23,246 [Datanode State Machine Thread - 0] INFO  server.GrpcService (GrpcService.java:startImpl(158)) - 84304eb4-a8af-4a6f-9dd3-e902f7a5c13b: GrpcService started, listening on 0.0.0.0/0.0.0.0:41904
2019-09-23 16:22:23,246 [Datanode State Machine Thread - 0] INFO  ratis.XceiverServerRatis (XceiverServerRatis.java:start(421)) - XceiverServerRatis 84304eb4-a8af-4a6f-9dd3-e902f7a5c13b is started using port 41904
2019-09-23 16:22:23,248 [Datanode State Machine Thread - 0] INFO  server.XceiverServerGrpc (XceiverServerGrpc.java:start(149)) - XceiverServerGrpc 84304eb4-a8af-4a6f-9dd3-e902f7a5c13b is started using port 41318
2019-09-23 16:22:23,256 [Datanode State Machine Thread - 0] INFO  ozoneimpl.OzoneContainer (OzoneContainer.java:start(217)) - Attempting to start container services.
2019-09-23 16:22:23,263 [Datanode State Machine Thread - 0] INFO  ozoneimpl.OzoneContainer (OzoneContainer.java:startContainerScrub(179)) - Background container scanner has been disabled.
2019-09-23 16:22:23,263 [Datanode State Machine Thread - 0] INFO  ratis.XceiverServerRatis (XceiverServerRatis.java:start(411)) - Starting XceiverServerRatis 059a42b7-7924-490e-b971-99b65350ca76 at port 0
2019-09-23 16:22:23,270 [Datanode State Machine Thread - 0] INFO  impl.RaftServerProxy (RaftServerProxy.java:lambda$start$3(299)) - 059a42b7-7924-490e-b971-99b65350ca76: start RPC server
2019-09-23 16:22:23,272 [Datanode State Machine Thread - 0] INFO  server.GrpcService (GrpcService.java:startImpl(158)) - 059a42b7-7924-490e-b971-99b65350ca76: GrpcService started, listening on 0.0.0.0/0.0.0.0:37257
2019-09-23 16:22:23,272 [Datanode State Machine Thread - 0] INFO  ratis.XceiverServerRatis (XceiverServerRatis.java:start(421)) - XceiverServerRatis 059a42b7-7924-490e-b971-99b65350ca76 is started using port 37257
2019-09-23 16:22:23,276 [Datanode State Machine Thread - 0] INFO  server.XceiverServerGrpc (XceiverServerGrpc.java:start(149)) - XceiverServerGrpc 059a42b7-7924-490e-b971-99b65350ca76 is started using port 39607
2019-09-23 16:22:23,365 [Datanode State Machine Thread - 0] INFO  ozoneimpl.OzoneContainer (OzoneContainer.java:start(217)) - Attempting to start container services.
2019-09-23 16:22:23,365 [Datanode State Machine Thread - 0] INFO  ozoneimpl.OzoneContainer (OzoneContainer.java:startContainerScrub(179)) - Background container scanner has been disabled.
2019-09-23 16:22:23,365 [Datanode State Machine Thread - 0] INFO  ratis.XceiverServerRatis (XceiverServerRatis.java:start(411)) - Starting XceiverServerRatis 929b7fa3-dd60-444c-b5c3-9ec585f275f8 at port 0
2019-09-23 16:22:23,372 [Datanode State Machine Thread - 0] INFO  impl.RaftServerProxy (RaftServerProxy.java:lambda$start$3(299)) - 929b7fa3-dd60-444c-b5c3-9ec585f275f8: start RPC server
2019-09-23 16:22:23,373 [Datanode State Machine Thread - 0] INFO  server.GrpcService (GrpcService.java:startImpl(158)) - 929b7fa3-dd60-444c-b5c3-9ec585f275f8: GrpcService started, listening on 0.0.0.0/0.0.0.0:34898
2019-09-23 16:22:23,373 [Datanode State Machine Thread - 0] INFO  ratis.XceiverServerRatis (XceiverServerRatis.java:start(421)) - XceiverServerRatis 929b7fa3-dd60-444c-b5c3-9ec585f275f8 is started using port 34898
2019-09-23 16:22:23,379 [Datanode State Machine Thread - 0] INFO  server.XceiverServerGrpc (XceiverServerGrpc.java:start(149)) - XceiverServerGrpc 929b7fa3-dd60-444c-b5c3-9ec585f275f8 is started using port 41509
2019-09-23 16:22:23,413 [Datanode State Machine Thread - 0] INFO  ozoneimpl.OzoneContainer (OzoneContainer.java:start(217)) - Attempting to start container services.
2019-09-23 16:22:23,414 [Datanode State Machine Thread - 0] INFO  ozoneimpl.OzoneContainer (OzoneContainer.java:startContainerScrub(179)) - Background container scanner has been disabled.
2019-09-23 16:22:23,414 [Datanode State Machine Thread - 0] INFO  ratis.XceiverServerRatis (XceiverServerRatis.java:start(411)) - Starting XceiverServerRatis 4c07bcfb-bfa3-4850-b9a2-ba41057b118b at port 0
2019-09-23 16:22:23,421 [Datanode State Machine Thread - 0] INFO  impl.RaftServerProxy (RaftServerProxy.java:lambda$start$3(299)) - 4c07bcfb-bfa3-4850-b9a2-ba41057b118b: start RPC server
2019-09-23 16:22:23,422 [Datanode State Machine Thread - 0] INFO  server.GrpcService (GrpcService.java:startImpl(158)) - 4c07bcfb-bfa3-4850-b9a2-ba41057b118b: GrpcService started, listening on 0.0.0.0/0.0.0.0:44862
2019-09-23 16:22:23,422 [Datanode State Machine Thread - 0] INFO  ratis.XceiverServerRatis (XceiverServerRatis.java:start(421)) - XceiverServerRatis 4c07bcfb-bfa3-4850-b9a2-ba41057b118b is started using port 44862
2019-09-23 16:22:23,423 [Datanode State Machine Thread - 0] INFO  server.XceiverServerGrpc (XceiverServerGrpc.java:start(149)) - XceiverServerGrpc 4c07bcfb-bfa3-4850-b9a2-ba41057b118b is started using port 41673
2019-09-23 16:22:23,494 [Datanode State Machine Thread - 0] INFO  ozoneimpl.OzoneContainer (OzoneContainer.java:start(217)) - Attempting to start container services.
2019-09-23 16:22:23,494 [Datanode State Machine Thread - 0] INFO  ozoneimpl.OzoneContainer (OzoneContainer.java:startContainerScrub(179)) - Background container scanner has been disabled.
2019-09-23 16:22:23,494 [Datanode State Machine Thread - 0] INFO  ratis.XceiverServerRatis (XceiverServerRatis.java:start(411)) - Starting XceiverServerRatis 82a6f2be-c8ed-447e-9e12-bf879094a75e at port 0
2019-09-23 16:22:23,502 [Datanode State Machine Thread - 0] INFO  impl.RaftServerProxy (RaftServerProxy.java:lambda$start$3(299)) - 82a6f2be-c8ed-447e-9e12-bf879094a75e: start RPC server
2019-09-23 16:22:23,503 [Datanode State Machine Thread - 0] INFO  server.GrpcService (GrpcService.java:startImpl(158)) - 82a6f2be-c8ed-447e-9e12-bf879094a75e: GrpcService started, listening on 0.0.0.0/0.0.0.0:41841
2019-09-23 16:22:23,503 [Datanode State Machine Thread - 0] INFO  ratis.XceiverServerRatis (XceiverServerRatis.java:start(421)) - XceiverServerRatis 82a6f2be-c8ed-447e-9e12-bf879094a75e is started using port 41841
2019-09-23 16:22:23,504 [Datanode State Machine Thread - 0] INFO  server.XceiverServerGrpc (XceiverServerGrpc.java:start(149)) - XceiverServerGrpc 82a6f2be-c8ed-447e-9e12-bf879094a75e is started using port 45681
2019-09-23 16:22:23,647 [Datanode State Machine Thread - 0] INFO  ozoneimpl.OzoneContainer (OzoneContainer.java:start(217)) - Attempting to start container services.
2019-09-23 16:22:23,647 [Datanode State Machine Thread - 0] INFO  ozoneimpl.OzoneContainer (OzoneContainer.java:startContainerScrub(179)) - Background container scanner has been disabled.
2019-09-23 16:22:23,647 [Datanode State Machine Thread - 0] INFO  ratis.XceiverServerRatis (XceiverServerRatis.java:start(411)) - Starting XceiverServerRatis f4bcfb62-ac2b-46dd-af17-24588ee840f9 at port 0
2019-09-23 16:22:23,655 [Datanode State Machine Thread - 0] INFO  impl.RaftServerProxy (RaftServerProxy.java:lambda$start$3(299)) - f4bcfb62-ac2b-46dd-af17-24588ee840f9: start RPC server
2019-09-23 16:22:23,658 [Datanode State Machine Thread - 0] INFO  server.GrpcService (GrpcService.java:startImpl(158)) - f4bcfb62-ac2b-46dd-af17-24588ee840f9: GrpcService started, listening on 0.0.0.0/0.0.0.0:42679
2019-09-23 16:22:23,658 [Datanode State Machine Thread - 0] INFO  ratis.XceiverServerRatis (XceiverServerRatis.java:start(421)) - XceiverServerRatis f4bcfb62-ac2b-46dd-af17-24588ee840f9 is started using port 42679
2019-09-23 16:22:23,658 [Datanode State Machine Thread - 0] INFO  server.XceiverServerGrpc (XceiverServerGrpc.java:start(149)) - XceiverServerGrpc f4bcfb62-ac2b-46dd-af17-24588ee840f9 is started using port 36407
2019-09-23 16:22:23,679 [main] INFO  ozone.MiniOzoneClusterImpl (MiniOzoneClusterImpl.java:lambda$waitForClusterToBeReady$0(147)) - Waiting for cluster to be ready. Got 0 of 7 DN Heartbeats.
2019-09-23 16:22:23,730 [Datanode State Machine Thread - 0] INFO  ozoneimpl.OzoneContainer (OzoneContainer.java:start(217)) - Attempting to start container services.
2019-09-23 16:22:23,730 [Datanode State Machine Thread - 0] INFO  ozoneimpl.OzoneContainer (OzoneContainer.java:startContainerScrub(179)) - Background container scanner has been disabled.
2019-09-23 16:22:23,730 [Datanode State Machine Thread - 0] INFO  ratis.XceiverServerRatis (XceiverServerRatis.java:start(411)) - Starting XceiverServerRatis 9696e66f-4dac-4c06-b3d5-84498a83dd9e at port 0
2019-09-23 16:22:23,738 [Datanode State Machine Thread - 0] INFO  impl.RaftServerProxy (RaftServerProxy.java:lambda$start$3(299)) - 9696e66f-4dac-4c06-b3d5-84498a83dd9e: start RPC server
2019-09-23 16:22:23,739 [Datanode State Machine Thread - 0] INFO  server.GrpcService (GrpcService.java:startImpl(158)) - 9696e66f-4dac-4c06-b3d5-84498a83dd9e: GrpcService started, listening on 0.0.0.0/0.0.0.0:34777
2019-09-23 16:22:23,739 [Datanode State Machine Thread - 0] INFO  ratis.XceiverServerRatis (XceiverServerRatis.java:start(421)) - XceiverServerRatis 9696e66f-4dac-4c06-b3d5-84498a83dd9e is started using port 34777
2019-09-23 16:22:23,740 [Datanode State Machine Thread - 0] INFO  server.XceiverServerGrpc (XceiverServerGrpc.java:start(149)) - XceiverServerGrpc 9696e66f-4dac-4c06-b3d5-84498a83dd9e is started using port 40531
2019-09-23 16:22:24,679 [main] INFO  ozone.MiniOzoneClusterImpl (MiniOzoneClusterImpl.java:lambda$waitForClusterToBeReady$0(147)) - Waiting for cluster to be ready. Got 0 of 7 DN Heartbeats.
2019-09-23 16:22:25,176 [IPC Server handler 0 on 33778] INFO  net.NetworkTopology (NetworkTopologyImpl.java:add(111)) - Added a new node: /default-rack/84304eb4-a8af-4a6f-9dd3-e902f7a5c13b
2019-09-23 16:22:25,178 [IPC Server handler 0 on 33778] INFO  node.SCMNodeManager (SCMNodeManager.java:register(266)) - Registered Data node : 84304eb4-a8af-4a6f-9dd3-e902f7a5c13b{ip: 192.168.34.17, host: pr-hdds-2166-7skhj-3476174427, networkLocation: /default-rack, certSerialId: null}
2019-09-23 16:22:25,180 [EventQueue-NodeRegistrationContainerReportForDataNodeSafeModeRule] INFO  safemode.SCMSafeModeManager (DataNodeSafeModeRule.java:process(71)) - SCM in safe mode. 1 DataNodes registered, 1 required.
2019-09-23 16:22:25,182 [EventQueue-NodeRegistrationContainerReportForDataNodeSafeModeRule] INFO  safemode.SCMSafeModeManager (SCMSafeModeManager.java:validateSafeModeExitRules(177)) - ScmSafeModeManager, all rules are successfully validated
2019-09-23 16:22:25,182 [EventQueue-NodeRegistrationContainerReportForDataNodeSafeModeRule] INFO  safemode.SCMSafeModeManager (SCMSafeModeManager.java:exitSafeMode(193)) - SCM exiting safe mode.
2019-09-23 16:22:25,199 [grpc-default-executor-2] INFO  impl.RaftServerProxy (RaftServerProxy.java:addNew(89)) - 84304eb4-a8af-4a6f-9dd3-e902f7a5c13b: addNew group-19934EF79770:[84304eb4-a8af-4a6f-9dd3-e902f7a5c13b:192.168.34.17:41904] returns group-19934EF79770:java.util.concurrent.CompletableFuture@f648b1a[Not completed]
2019-09-23 16:22:25,203 [pool-119-thread-1] INFO  impl.RaftServerImpl (RaftServerImpl.java:<init>(95)) - 84304eb4-a8af-4a6f-9dd3-e902f7a5c13b: new RaftServerImpl for group-19934EF79770:[84304eb4-a8af-4a6f-9dd3-e902f7a5c13b:192.168.34.17:41904] with ContainerStateMachine:uninitialized
2019-09-23 16:22:25,204 [pool-119-thread-1] INFO  server.RaftServerConfigKeys (ConfUtils.java:logGet(43)) - raft.server.rpc.timeout.min = 5s (custom)
2019-09-23 16:22:25,204 [pool-119-thread-1] INFO  server.RaftServerConfigKeys (ConfUtils.java:logGet(43)) - raft.server.rpc.timeout.max = 5200ms (custom)
2019-09-23 16:22:25,204 [pool-119-thread-1] INFO  server.RaftServerConfigKeys (ConfUtils.java:logGet(43)) - raft.server.rpcslowness.timeout = 120s (custom)
2019-09-23 16:22:25,204 [pool-119-thread-1] INFO  server.RaftServerConfigKeys (ConfUtils.java:logGet(43)) - raft.server.sleep.deviation.threshold = 300 (default)
2019-09-23 16:22:25,204 [pool-119-thread-1] INFO  server.RaftServerConfigKeys (ConfUtils.java:logGet(43)) - raft.server.log.appender.install.snapshot.enabled = false (custom)
2019-09-23 16:22:25,205 [pool-119-thread-1] INFO  impl.RaftServerImpl (ServerState.java:<init>(103)) - 84304eb4-a8af-4a6f-9dd3-e902f7a5c13b@group-19934EF79770: ConfigurationManager, init=-1: [84304eb4-a8af-4a6f-9dd3-e902f7a5c13b:192.168.34.17:41904], old=null, confs=<EMPTY_MAP>
2019-09-23 16:22:25,205 [pool-119-thread-1] INFO  server.RaftServerConfigKeys (ConfUtils.java:logGet(43)) - raft.server.storage.dir = [/workdir/hadoop-ozone/integration-test/target/test-dir/MiniOzoneClusterImpl-f3b30e67-3449-4c60-a677-fdc793c35738/datanode-0/data/ratis] (custom)
2019-09-23 16:22:25,206 [pool-119-thread-1] INFO  storage.RaftStorageDirectory (RaftStorageDirectory.java:analyzeStorage(246)) - The storage directory /workdir/hadoop-ozone/integration-test/target/test-dir/MiniOzoneClusterImpl-f3b30e67-3449-4c60-a677-fdc793c35738/datanode-0/data/ratis/75f6368c-06ce-455a-b2d6-19934ef79770 does not exist. Creating ...
2019-09-23 16:22:25,221 [pool-119-thread-1] INFO  storage.RaftStorageDirectory (RaftStorageDirectory.java:tryLock(328)) - Lock on /workdir/hadoop-ozone/integration-test/target/test-dir/MiniOzoneClusterImpl-f3b30e67-3449-4c60-a677-fdc793c35738/datanode-0/data/ratis/75f6368c-06ce-455a-b2d6-19934ef79770/in_use.lock acquired by nodename 9920@pr-hdds-2166-7skhj-3476174427
2019-09-23 16:22:25,234 [pool-119-thread-1] INFO  storage.RaftStorage (RaftStorage.java:format(72)) - Storage directory /workdir/hadoop-ozone/integration-test/target/test-dir/MiniOzoneClusterImpl-f3b30e67-3449-4c60-a677-fdc793c35738/datanode-0/data/ratis/75f6368c-06ce-455a-b2d6-19934ef79770 has been successfully formatted.
2019-09-23 16:22:25,235 [pool-119-thread-1] INFO  ratis.ContainerStateMachine (ContainerStateMachine.java:loadSnapshot(230)) - group-19934EF79770: The snapshot info is null. Setting the last applied indexto:(t:0, i:~)
2019-09-23 16:22:25,235 [pool-119-thread-1] INFO  server.RaftServerConfigKeys (ConfUtils.java:logGet(43)) - raft.server.notification.no-leader.timeout = 120s (custom)
2019-09-23 16:22:25,235 [pool-119-thread-1] INFO  server.RaftServerConfigKeys (ConfUtils.java:logGet(43)) - raft.server.log.use.memory = false (default)
2019-09-23 16:22:25,235 [pool-119-thread-1] INFO  server.RaftServerConfigKeys (ConfUtils.java:logGet(43)) - raft.server.log.purge.gap = 1000000 (custom)
2019-09-23 16:22:25,235 [pool-119-thread-1] INFO  server.RaftServerConfigKeys (ConfUtils.java:logGet(43)) - raft.server.log.appender.buffer.byte-limit = 33554432 (custom)
2019-09-23 16:22:25,236 [pool-119-thread-1] INFO  server.RaftServerConfigKeys (ConfUtils.java:logGet(43)) - raft.server.log.segment.size.max = 1048576 (custom)
2019-09-23 16:22:25,236 [pool-119-thread-1] INFO  server.RaftServerConfigKeys (ConfUtils.java:logGet(43)) - raft.server.log.segment.cache.num.max = 2 (custom)
2019-09-23 16:22:25,236 [pool-119-thread-1] INFO  segmented.SegmentedRaftLogWorker (SegmentedRaftLogWorker.java:<init>(172)) - new 84304eb4-a8af-4a6f-9dd3-e902f7a5c13b@group-19934EF79770-SegmentedRaftLogWorker for RaftStorage:Storage Directory /workdir/hadoop-ozone/integration-test/target/test-dir/MiniOzoneClusterImpl-f3b30e67-3449-4c60-a677-fdc793c35738/datanode-0/data/ratis/75f6368c-06ce-455a-b2d6-19934ef79770
2019-09-23 16:22:25,236 [IPC Server handler 2 on 33778] INFO  net.NetworkTopology (NetworkTopologyImpl.java:add(111)) - Added a new node: /default-rack/059a42b7-7924-490e-b971-99b65350ca76
2019-09-23 16:22:25,236 [IPC Server handler 2 on 33778] INFO  node.SCMNodeManager (SCMNodeManager.java:register(266)) - Registered Data node : 059a42b7-7924-490e-b971-99b65350ca76{ip: 192.168.34.17, host: pr-hdds-2166-7skhj-3476174427, networkLocation: /default-rack, certSerialId: null}
2019-09-23 16:22:25,239 [pool-119-thread-1] INFO  server.RaftServerConfigKeys (ConfUtils.java:logGet(43)) - raft.server.log.queue.byte-limit = 2147483647 (custom)
2019-09-23 16:22:25,240 [pool-119-thread-1] INFO  server.RaftServerConfigKeys (ConfUtils.java:logGet(43)) - raft.server.log.queue.element-limit = 1024 (custom)
2019-09-23 16:22:25,240 [pool-119-thread-1] INFO  server.RaftServerConfigKeys (ConfUtils.java:logGet(43)) - raft.server.log.segment.size.max = 1048576 (custom)
2019-09-23 16:22:25,240 [pool-119-thread-1] INFO  server.RaftServerConfigKeys (ConfUtils.java:logGet(43)) - raft.server.log.preallocated.size = 16384 (custom)
2019-09-23 16:22:25,240 [pool-119-thread-1] INFO  server.RaftServerConfigKeys (ConfUtils.java:logGet(43)) - raft.server.log.write.buffer.size = 33554432 (custom)
2019-09-23 16:22:25,241 [pool-119-thread-1] INFO  server.RaftServerConfigKeys (ConfUtils.java:logGet(43)) - raft.server.log.force.sync.num = 128 (default)
2019-09-23 16:22:25,241 [pool-119-thread-1] INFO  server.RaftServerConfigKeys (ConfUtils.java:logGet(43)) - raft.server.log.statemachine.data.sync = true (default)
2019-09-23 16:22:25,241 [pool-119-thread-1] INFO  server.RaftServerConfigKeys (ConfUtils.java:logGet(43)) - raft.server.log.statemachine.data.sync.timeout = 10s (default)
2019-09-23 16:22:25,241 [pool-119-thread-1] INFO  server.RaftServerConfigKeys (ConfUtils.java:logGet(43)) - raft.server.log.statemachine.data.sync.timeout.retry = -1 (default)
2019-09-23 16:22:25,241 [pool-119-thread-1] INFO  server.RaftServerConfigKeys (ConfUtils.java:logGet(43)) - raft.server.log.statemachine.data.caching.enabled = true (custom)
2019-09-23 16:22:25,242 [pool-119-thread-1] INFO  segmented.SegmentedRaftLogWorker (SegmentedRaftLogWorker.java:lambda$new$0(132)) - 84304eb4-a8af-4a6f-9dd3-e902f7a5c13b@group-19934EF79770-SegmentedRaftLogWorker: flushIndex: setUnconditionally 0 -> -1
2019-09-23 16:22:25,242 [pool-119-thread-1] INFO  server.RaftServerConfigKeys (ConfUtils.java:logGet(43)) - raft.server.snapshot.auto.trigger.enabled = true (custom)
2019-09-23 16:22:25,243 [pool-119-thread-1] INFO  server.RaftServerConfigKeys (ConfUtils.java:logGet(43)) - raft.server.snapshot.auto.trigger.threshold = 10000 (custom)
2019-09-23 16:22:25,243 [pool-119-thread-1] INFO  server.RaftServerConfigKeys (ConfUtils.java:logGet(43)) - raft.server.snapshot.retention.num.files = 5 (custom)
2019-09-23 16:22:25,243 [pool-119-thread-1] INFO  server.RaftServerConfigKeys (ConfUtils.java:logGet(43)) - raft.server.retrycache.expirytime = 600000ms (custom)
2019-09-23 16:22:25,245 [pool-119-thread-1] INFO  impl.RaftServerImpl (RaftServerImpl.java:start(185)) - 84304eb4-a8af-4a6f-9dd3-e902f7a5c13b@group-19934EF79770: start as a follower, conf=-1: [84304eb4-a8af-4a6f-9dd3-e902f7a5c13b:192.168.34.17:41904], old=null
2019-09-23 16:22:25,246 [pool-119-thread-1] INFO  impl.RaftServerImpl (RaftServerImpl.java:setRole(174)) - 84304eb4-a8af-4a6f-9dd3-e902f7a5c13b@group-19934EF79770: changes role from      null to FOLLOWER at term 0 for startAsFollower
2019-09-23 16:22:25,246 [pool-119-thread-1] INFO  impl.RoleInfo (RoleInfo.java:updateAndGet(143)) - 84304eb4-a8af-4a6f-9dd3-e902f7a5c13b: start FollowerState
2019-09-23 16:22:25,246 [pool-119-thread-1] INFO  util.JmxRegister (JmxRegister.java:tryRegister(44)) - Successfully registered JMX Bean with object name Ratis:service=RaftServer,group=group-19934EF79770,id=84304eb4-a8af-4a6f-9dd3-e902f7a5c13b
2019-09-23 16:22:25,281 [RatisPipelineUtilsThread] INFO  pipeline.PipelineStateManager (PipelineStateManager.java:addPipeline(56)) - Created pipeline Pipeline[ Id: 75f6368c-06ce-455a-b2d6-19934ef79770, Nodes: 84304eb4-a8af-4a6f-9dd3-e902f7a5c13b{ip: 192.168.34.17, host: pr-hdds-2166-7skhj-3476174427, networkLocation: /default-rack, certSerialId: null}, Type:RATIS, Factor:ONE, State:OPEN]
2019-09-23 16:22:25,290 [grpc-default-executor-2] INFO  impl.RaftServerProxy (RaftServerProxy.java:addNew(89)) - 059a42b7-7924-490e-b971-99b65350ca76: addNew group-BC37EFE56C5D:[059a42b7-7924-490e-b971-99b65350ca76:192.168.34.17:37257] returns group-BC37EFE56C5D:java.util.concurrent.CompletableFuture@72e6bd3[Not completed]
2019-09-23 16:22:25,294 [pool-129-thread-1] INFO  impl.RaftServerImpl (RaftServerImpl.java:<init>(95)) - 059a42b7-7924-490e-b971-99b65350ca76: new RaftServerImpl for group-BC37EFE56C5D:[059a42b7-7924-490e-b971-99b65350ca76:192.168.34.17:37257] with ContainerStateMachine:uninitialized
2019-09-23 16:22:25,294 [pool-129-thread-1] INFO  server.RaftServerConfigKeys (ConfUtils.java:logGet(43)) - raft.server.rpc.timeout.min = 5s (custom)
2019-09-23 16:22:25,294 [pool-129-thread-1] INFO  server.RaftServerConfigKeys (ConfUtils.java:logGet(43)) - raft.server.rpc.timeout.max = 5200ms (custom)
2019-09-23 16:22:25,294 [pool-129-thread-1] INFO  server.RaftServerConfigKeys (ConfUtils.java:logGet(43)) - raft.server.rpcslowness.timeout = 120s (custom)
2019-09-23 16:22:25,295 [pool-129-thread-1] INFO  server.RaftServerConfigKeys (ConfUtils.java:logGet(43)) - raft.server.sleep.deviation.threshold = 300 (default)
2019-09-23 16:22:25,295 [pool-129-thread-1] INFO  server.RaftServerConfigKeys (ConfUtils.java:logGet(43)) - raft.server.log.appender.install.snapshot.enabled = false (custom)
2019-09-23 16:22:25,295 [pool-129-thread-1] INFO  impl.RaftServerImpl (ServerState.java:<init>(103)) - 059a42b7-7924-490e-b971-99b65350ca76@group-BC37EFE56C5D: ConfigurationManager, init=-1: [059a42b7-7924-490e-b971-99b65350ca76:192.168.34.17:37257], old=null, confs=<EMPTY_MAP>
2019-09-23 16:22:25,295 [pool-129-thread-1] INFO  server.RaftServerConfigKeys (ConfUtils.java:logGet(43)) - raft.server.storage.dir = [/workdir/hadoop-ozone/integration-test/target/test-dir/MiniOzoneClusterImpl-f3b30e67-3449-4c60-a677-fdc793c35738/datanode-1/data/ratis] (custom)
2019-09-23 16:22:25,296 [pool-129-thread-1] INFO  storage.RaftStorageDirectory (RaftStorageDirectory.java:analyzeStorage(246)) - The storage directory /workdir/hadoop-ozone/integration-test/target/test-dir/MiniOzoneClusterImpl-f3b30e67-3449-4c60-a677-fdc793c35738/datanode-1/data/ratis/c2a43d41-fa2c-42e7-a599-bc37efe56c5d does not exist. Creating ...
2019-09-23 16:22:25,309 [pool-129-thread-1] INFO  storage.RaftStorageDirectory (RaftStorageDirectory.java:tryLock(328)) - Lock on /workdir/hadoop-ozone/integration-test/target/test-dir/MiniOzoneClusterImpl-f3b30e67-3449-4c60-a677-fdc793c35738/datanode-1/data/ratis/c2a43d41-fa2c-42e7-a599-bc37efe56c5d/in_use.lock acquired by nodename 9920@pr-hdds-2166-7skhj-3476174427
2019-09-23 16:22:25,313 [IPC Server handler 3 on 33778] INFO  net.NetworkTopology (NetworkTopologyImpl.java:add(111)) - Added a new node: /default-rack/929b7fa3-dd60-444c-b5c3-9ec585f275f8
2019-09-23 16:22:25,314 [IPC Server handler 3 on 33778] INFO  node.SCMNodeManager (SCMNodeManager.java:register(266)) - Registered Data node : 929b7fa3-dd60-444c-b5c3-9ec585f275f8{ip: 192.168.34.17, host: pr-hdds-2166-7skhj-3476174427, networkLocation: /default-rack, certSerialId: null}
2019-09-23 16:22:25,319 [pool-129-thread-1] INFO  storage.RaftStorage (RaftStorage.java:format(72)) - Storage directory /workdir/hadoop-ozone/integration-test/target/test-dir/MiniOzoneClusterImpl-f3b30e67-3449-4c60-a677-fdc793c35738/datanode-1/data/ratis/c2a43d41-fa2c-42e7-a599-bc37efe56c5d has been successfully formatted.
2019-09-23 16:22:25,320 [pool-129-thread-1] INFO  ratis.ContainerStateMachine (ContainerStateMachine.java:loadSnapshot(230)) - group-BC37EFE56C5D: The snapshot info is null. Setting the last applied indexto:(t:0, i:~)
2019-09-23 16:22:25,320 [pool-129-thread-1] INFO  server.RaftServerConfigKeys (ConfUtils.java:logGet(43)) - raft.server.notification.no-leader.timeout = 120s (custom)
2019-09-23 16:22:25,320 [pool-129-thread-1] INFO  server.RaftServerConfigKeys (ConfUtils.java:logGet(43)) - raft.server.log.use.memory = false (default)
2019-09-23 16:22:25,320 [pool-129-thread-1] INFO  server.RaftServerConfigKeys (ConfUtils.java:logGet(43)) - raft.server.log.purge.gap = 1000000 (custom)
2019-09-23 16:22:25,320 [pool-129-thread-1] INFO  server.RaftServerConfigKeys (ConfUtils.java:logGet(43)) - raft.server.log.appender.buffer.byte-limit = 33554432 (custom)
2019-09-23 16:22:25,321 [pool-129-thread-1] INFO  server.RaftServerConfigKeys (ConfUtils.java:logGet(43)) - raft.server.log.segment.size.max = 1048576 (custom)
2019-09-23 16:22:25,321 [pool-129-thread-1] INFO  server.RaftServerConfigKeys (ConfUtils.java:logGet(43)) - raft.server.log.segment.cache.num.max = 2 (custom)
2019-09-23 16:22:25,321 [pool-129-thread-1] INFO  segmented.SegmentedRaftLogWorker (SegmentedRaftLogWorker.java:<init>(172)) - new 059a42b7-7924-490e-b971-99b65350ca76@group-BC37EFE56C5D-SegmentedRaftLogWorker for RaftStorage:Storage Directory /workdir/hadoop-ozone/integration-test/target/test-dir/MiniOzoneClusterImpl-f3b30e67-3449-4c60-a677-fdc793c35738/datanode-1/data/ratis/c2a43d41-fa2c-42e7-a599-bc37efe56c5d
2019-09-23 16:22:25,323 [pool-129-thread-1] INFO  server.RaftServerConfigKeys (ConfUtils.java:logGet(43)) - raft.server.log.queue.byte-limit = 2147483647 (custom)
2019-09-23 16:22:25,323 [pool-129-thread-1] INFO  server.RaftServerConfigKeys (ConfUtils.java:logGet(43)) - raft.server.log.queue.element-limit = 1024 (custom)
2019-09-23 16:22:25,324 [pool-129-thread-1] INFO  server.RaftServerConfigKeys (ConfUtils.java:logGet(43)) - raft.server.log.segment.size.max = 1048576 (custom)
2019-09-23 16:22:25,324 [pool-129-thread-1] INFO  server.RaftServerConfigKeys (ConfUtils.java:logGet(43)) - raft.server.log.preallocated.size = 16384 (custom)
2019-09-23 16:22:25,324 [pool-129-thread-1] INFO  server.RaftServerConfigKeys (ConfUtils.java:logGet(43)) - raft.server.log.write.buffer.size = 33554432 (custom)
2019-09-23 16:22:25,324 [pool-129-thread-1] INFO  server.RaftServerConfigKeys (ConfUtils.java:logGet(43)) - raft.server.log.force.sync.num = 128 (default)
2019-09-23 16:22:25,324 [pool-129-thread-1] INFO  server.RaftServerConfigKeys (ConfUtils.java:logGet(43)) - raft.server.log.statemachine.data.sync = true (default)
2019-09-23 16:22:25,325 [pool-129-thread-1] INFO  server.RaftServerConfigKeys (ConfUtils.java:logGet(43)) - raft.server.log.statemachine.data.sync.timeout = 10s (default)
2019-09-23 16:22:25,325 [pool-129-thread-1] INFO  server.RaftServerConfigKeys (ConfUtils.java:logGet(43)) - raft.server.log.statemachine.data.sync.timeout.retry = -1 (default)
2019-09-23 16:22:25,325 [pool-129-thread-1] INFO  server.RaftServerConfigKeys (ConfUtils.java:logGet(43)) - raft.server.log.statemachine.data.caching.enabled = true (custom)
2019-09-23 16:22:25,325 [pool-129-thread-1] INFO  segmented.SegmentedRaftLogWorker (SegmentedRaftLogWorker.java:lambda$new$0(132)) - 059a42b7-7924-490e-b971-99b65350ca76@group-BC37EFE56C5D-SegmentedRaftLogWorker: flushIndex: setUnconditionally 0 -> -1
2019-09-23 16:22:25,326 [pool-129-thread-1] INFO  server.RaftServerConfigKeys (ConfUtils.java:logGet(43)) - raft.server.snapshot.auto.trigger.enabled = true (custom)
2019-09-23 16:22:25,326 [pool-129-thread-1] INFO  server.RaftServerConfigKeys (ConfUtils.java:logGet(43)) - raft.server.snapshot.auto.trigger.threshold = 10000 (custom)
2019-09-23 16:22:25,326 [pool-129-thread-1] INFO  server.RaftServerConfigKeys (ConfUtils.java:logGet(43)) - raft.server.snapshot.retention.num.files = 5 (custom)
2019-09-23 16:22:25,326 [pool-129-thread-1] INFO  server.RaftServerConfigKeys (ConfUtils.java:logGet(43)) - raft.server.retrycache.expirytime = 600000ms (custom)
2019-09-23 16:22:25,329 [pool-129-thread-1] INFO  impl.RaftServerImpl (RaftServerImpl.java:start(185)) - 059a42b7-7924-490e-b971-99b65350ca76@group-BC37EFE56C5D: start as a follower, conf=-1: [059a42b7-7924-490e-b971-99b65350ca76:192.168.34.17:37257], old=null
2019-09-23 16:22:25,329 [pool-129-thread-1] INFO  impl.RaftServerImpl (RaftServerImpl.java:setRole(174)) - 059a42b7-7924-490e-b971-99b65350ca76@group-BC37EFE56C5D: changes role from      null to FOLLOWER at term 0 for startAsFollower
2019-09-23 16:22:25,329 [pool-129-thread-1] INFO  impl.RoleInfo (RoleInfo.java:updateAndGet(143)) - 059a42b7-7924-490e-b971-99b65350ca76: start FollowerState
2019-09-23 16:22:25,329 [pool-129-thread-1] INFO  util.JmxRegister (JmxRegister.java:tryRegister(44)) - Successfully registered JMX Bean with object name Ratis:service=RaftServer,group=group-BC37EFE56C5D,id=059a42b7-7924-490e-b971-99b65350ca76
2019-09-23 16:22:25,334 [RatisPipelineUtilsThread] INFO  pipeline.PipelineStateManager (PipelineStateManager.java:addPipeline(56)) - Created pipeline Pipeline[ Id: c2a43d41-fa2c-42e7-a599-bc37efe56c5d, Nodes: 059a42b7-7924-490e-b971-99b65350ca76{ip: 192.168.34.17, host: pr-hdds-2166-7skhj-3476174427, networkLocation: /default-rack, certSerialId: null}, Type:RATIS, Factor:ONE, State:OPEN]
2019-09-23 16:22:25,344 [grpc-default-executor-2] INFO  impl.RaftServerProxy (RaftServerProxy.java:addNew(89)) - 929b7fa3-dd60-444c-b5c3-9ec585f275f8: addNew group-8D610E934079:[929b7fa3-dd60-444c-b5c3-9ec585f275f8:192.168.34.17:34898] returns group-8D610E934079:java.util.concurrent.CompletableFuture@38da66c7[Not completed]
2019-09-23 16:22:25,350 [pool-139-thread-1] INFO  impl.RaftServerImpl (RaftServerImpl.java:<init>(95)) - 929b7fa3-dd60-444c-b5c3-9ec585f275f8: new RaftServerImpl for group-8D610E934079:[929b7fa3-dd60-444c-b5c3-9ec585f275f8:192.168.34.17:34898] with ContainerStateMachine:uninitialized
2019-09-23 16:22:25,350 [pool-139-thread-1] INFO  server.RaftServerConfigKeys (ConfUtils.java:logGet(43)) - raft.server.rpc.timeout.min = 5s (custom)
2019-09-23 16:22:25,350 [pool-139-thread-1] INFO  server.RaftServerConfigKeys (ConfUtils.java:logGet(43)) - raft.server.rpc.timeout.max = 5200ms (custom)
2019-09-23 16:22:25,351 [pool-139-thread-1] INFO  server.RaftServerConfigKeys (ConfUtils.java:logGet(43)) - raft.server.rpcslowness.timeout = 120s (custom)
2019-09-23 16:22:25,351 [pool-139-thread-1] INFO  server.RaftServerConfigKeys (ConfUtils.java:logGet(43)) - raft.server.sleep.deviation.threshold = 300 (default)
2019-09-23 16:22:25,351 [pool-139-thread-1] INFO  server.RaftServerConfigKeys (ConfUtils.java:logGet(43)) - raft.server.log.appender.install.snapshot.enabled = false (custom)
2019-09-23 16:22:25,351 [pool-139-thread-1] INFO  impl.RaftServerImpl (ServerState.java:<init>(103)) - 929b7fa3-dd60-444c-b5c3-9ec585f275f8@group-8D610E934079: ConfigurationManager, init=-1: [929b7fa3-dd60-444c-b5c3-9ec585f275f8:192.168.34.17:34898], old=null, confs=<EMPTY_MAP>
2019-09-23 16:22:25,351 [pool-139-thread-1] INFO  server.RaftServerConfigKeys (ConfUtils.java:logGet(43)) - raft.server.storage.dir = [/workdir/hadoop-ozone/integration-test/target/test-dir/MiniOzoneClusterImpl-f3b30e67-3449-4c60-a677-fdc793c35738/datanode-2/data/ratis] (custom)
2019-09-23 16:22:25,352 [pool-139-thread-1] INFO  storage.RaftStorageDirectory (RaftStorageDirectory.java:analyzeStorage(246)) - The storage directory /workdir/hadoop-ozone/integration-test/target/test-dir/MiniOzoneClusterImpl-f3b30e67-3449-4c60-a677-fdc793c35738/datanode-2/data/ratis/4e1e09d5-bf05-4848-9b9c-8d610e934079 does not exist. Creating ...
2019-09-23 16:22:25,368 [pool-139-thread-1] INFO  storage.RaftStorageDirectory (RaftStorageDirectory.java:tryLock(328)) - Lock on /workdir/hadoop-ozone/integration-test/target/test-dir/MiniOzoneClusterImpl-f3b30e67-3449-4c60-a677-fdc793c35738/datanode-2/data/ratis/4e1e09d5-bf05-4848-9b9c-8d610e934079/in_use.lock acquired by nodename 9920@pr-hdds-2166-7skhj-3476174427
2019-09-23 16:22:25,389 [pool-139-thread-1] INFO  storage.RaftStorage (RaftStorage.java:format(72)) - Storage directory /workdir/hadoop-ozone/integration-test/target/test-dir/MiniOzoneClusterImpl-f3b30e67-3449-4c60-a677-fdc793c35738/datanode-2/data/ratis/4e1e09d5-bf05-4848-9b9c-8d610e934079 has been successfully formatted.
2019-09-23 16:22:25,389 [pool-139-thread-1] INFO  ratis.ContainerStateMachine (ContainerStateMachine.java:loadSnapshot(230)) - group-8D610E934079: The snapshot info is null. Setting the last applied indexto:(t:0, i:~)
2019-09-23 16:22:25,390 [pool-139-thread-1] INFO  server.RaftServerConfigKeys (ConfUtils.java:logGet(43)) - raft.server.notification.no-leader.timeout = 120s (custom)
2019-09-23 16:22:25,390 [pool-139-thread-1] INFO  server.RaftServerConfigKeys (ConfUtils.java:logGet(43)) - raft.server.log.use.memory = false (default)
2019-09-23 16:22:25,390 [pool-139-thread-1] INFO  server.RaftServerConfigKeys (ConfUtils.java:logGet(43)) - raft.server.log.purge.gap = 1000000 (custom)
2019-09-23 16:22:25,390 [pool-139-thread-1] INFO  server.RaftServerConfigKeys (ConfUtils.java:logGet(43)) - raft.server.log.appender.buffer.byte-limit = 33554432 (custom)
2019-09-23 16:22:25,390 [pool-139-thread-1] INFO  server.RaftServerConfigKeys (ConfUtils.java:logGet(43)) - raft.server.log.segment.size.max = 1048576 (custom)
2019-09-23 16:22:25,391 [pool-139-thread-1] INFO  server.RaftServerConfigKeys (ConfUtils.java:logGet(43)) - raft.server.log.segment.cache.num.max = 2 (custom)
2019-09-23 16:22:25,391 [pool-139-thread-1] INFO  segmented.SegmentedRaftLogWorker (SegmentedRaftLogWorker.java:<init>(172)) - new 929b7fa3-dd60-444c-b5c3-9ec585f275f8@group-8D610E934079-SegmentedRaftLogWorker for RaftStorage:Storage Directory /workdir/hadoop-ozone/integration-test/target/test-dir/MiniOzoneClusterImpl-f3b30e67-3449-4c60-a677-fdc793c35738/datanode-2/data/ratis/4e1e09d5-bf05-4848-9b9c-8d610e934079
2019-09-23 16:22:25,393 [pool-139-thread-1] INFO  server.RaftServerConfigKeys (ConfUtils.java:logGet(43)) - raft.server.log.queue.byte-limit = 2147483647 (custom)
2019-09-23 16:22:25,393 [IPC Server handler 1 on 33778] INFO  net.NetworkTopology (NetworkTopologyImpl.java:add(111)) - Added a new node: /default-rack/4c07bcfb-bfa3-4850-b9a2-ba41057b118b
2019-09-23 16:22:25,393 [pool-139-thread-1] INFO  server.RaftServerConfigKeys (ConfUtils.java:logGet(43)) - raft.server.log.queue.element-limit = 1024 (custom)
2019-09-23 16:22:25,394 [IPC Server handler 1 on 33778] INFO  node.SCMNodeManager (SCMNodeManager.java:register(266)) - Registered Data node : 4c07bcfb-bfa3-4850-b9a2-ba41057b118b{ip: 192.168.34.17, host: pr-hdds-2166-7skhj-3476174427, networkLocation: /default-rack, certSerialId: null}
2019-09-23 16:22:25,394 [pool-139-thread-1] INFO  server.RaftServerConfigKeys (ConfUtils.java:logGet(43)) - raft.server.log.segment.size.max = 1048576 (custom)
2019-09-23 16:22:25,394 [pool-139-thread-1] INFO  server.RaftServerConfigKeys (ConfUtils.java:logGet(43)) - raft.server.log.preallocated.size = 16384 (custom)
2019-09-23 16:22:25,394 [pool-139-thread-1] INFO  server.RaftServerConfigKeys (ConfUtils.java:logGet(43)) - raft.server.log.write.buffer.size = 33554432 (custom)
2019-09-23 16:22:25,394 [pool-139-thread-1] INFO  server.RaftServerConfigKeys (ConfUtils.java:logGet(43)) - raft.server.log.force.sync.num = 128 (default)
2019-09-23 16:22:25,395 [pool-139-thread-1] INFO  server.RaftServerConfigKeys (ConfUtils.java:logGet(43)) - raft.server.log.statemachine.data.sync = true (default)
2019-09-23 16:22:25,395 [pool-139-thread-1] INFO  server.RaftServerConfigKeys (ConfUtils.java:logGet(43)) - raft.server.log.statemachine.data.sync.timeout = 10s (default)
2019-09-23 16:22:25,395 [pool-139-thread-1] INFO  server.RaftServerConfigKeys (ConfUtils.java:logGet(43)) - raft.server.log.statemachine.data.sync.timeout.retry = -1 (default)
2019-09-23 16:22:25,395 [pool-139-thread-1] INFO  server.RaftServerConfigKeys (ConfUtils.java:logGet(43)) - raft.server.log.statemachine.data.caching.enabled = true (custom)
2019-09-23 16:22:25,395 [pool-139-thread-1] INFO  segmented.SegmentedRaftLogWorker (SegmentedRaftLogWorker.java:lambda$new$0(132)) - 929b7fa3-dd60-444c-b5c3-9ec585f275f8@group-8D610E934079-SegmentedRaftLogWorker: flushIndex: setUnconditionally 0 -> -1
2019-09-23 16:22:25,396 [pool-139-thread-1] INFO  server.RaftServerConfigKeys (ConfUtils.java:logGet(43)) - raft.server.snapshot.auto.trigger.enabled = true (custom)
2019-09-23 16:22:25,396 [pool-139-thread-1] INFO  server.RaftServerConfigKeys (ConfUtils.java:logGet(43)) - raft.server.snapshot.auto.trigger.threshold = 10000 (custom)
2019-09-23 16:22:25,396 [pool-139-thread-1] INFO  server.RaftServerConfigKeys (ConfUtils.java:logGet(43)) - raft.server.snapshot.retention.num.files = 5 (custom)
2019-09-23 16:22:25,396 [pool-139-thread-1] INFO  server.RaftServerConfigKeys (ConfUtils.java:logGet(43)) - raft.server.retrycache.expirytime = 600000ms (custom)
2019-09-23 16:22:25,399 [pool-139-thread-1] INFO  impl.RaftServerImpl (RaftServerImpl.java:start(185)) - 929b7fa3-dd60-444c-b5c3-9ec585f275f8@group-8D610E934079: start as a follower, conf=-1: [929b7fa3-dd60-444c-b5c3-9ec585f275f8:192.168.34.17:34898], old=null
2019-09-23 16:22:25,399 [pool-139-thread-1] INFO  impl.RaftServerImpl (RaftServerImpl.java:setRole(174)) - 929b7fa3-dd60-444c-b5c3-9ec585f275f8@group-8D610E934079: changes role from      null to FOLLOWER at term 0 for startAsFollower
2019-09-23 16:22:25,399 [pool-139-thread-1] INFO  impl.RoleInfo (RoleInfo.java:updateAndGet(143)) - 929b7fa3-dd60-444c-b5c3-9ec585f275f8: start FollowerState
2019-09-23 16:22:25,399 [pool-139-thread-1] INFO  util.JmxRegister (JmxRegister.java:tryRegister(44)) - Successfully registered JMX Bean with object name Ratis:service=RaftServer,group=group-8D610E934079,id=929b7fa3-dd60-444c-b5c3-9ec585f275f8
2019-09-23 16:22:25,405 [RatisPipelineUtilsThread] INFO  pipeline.PipelineStateManager (PipelineStateManager.java:addPipeline(56)) - Created pipeline Pipeline[ Id: 4e1e09d5-bf05-4848-9b9c-8d610e934079, Nodes: 929b7fa3-dd60-444c-b5c3-9ec585f275f8{ip: 192.168.34.17, host: pr-hdds-2166-7skhj-3476174427, networkLocation: /default-rack, certSerialId: null}, Type:RATIS, Factor:ONE, State:OPEN]
2019-09-23 16:22:25,416 [grpc-default-executor-2] INFO  impl.RaftServerProxy (RaftServerProxy.java:addNew(89)) - 4c07bcfb-bfa3-4850-b9a2-ba41057b118b: addNew group-306A62BCEAD3:[4c07bcfb-bfa3-4850-b9a2-ba41057b118b:192.168.34.17:44862] returns group-306A62BCEAD3:java.util.concurrent.CompletableFuture@5959086d[Not completed]
2019-09-23 16:22:25,421 [pool-149-thread-1] INFO  impl.RaftServerImpl (RaftServerImpl.java:<init>(95)) - 4c07bcfb-bfa3-4850-b9a2-ba41057b118b: new RaftServerImpl for group-306A62BCEAD3:[4c07bcfb-bfa3-4850-b9a2-ba41057b118b:192.168.34.17:44862] with ContainerStateMachine:uninitialized
2019-09-23 16:22:25,421 [pool-149-thread-1] INFO  server.RaftServerConfigKeys (ConfUtils.java:logGet(43)) - raft.server.rpc.timeout.min = 5s (custom)
2019-09-23 16:22:25,422 [pool-149-thread-1] INFO  server.RaftServerConfigKeys (ConfUtils.java:logGet(43)) - raft.server.rpc.timeout.max = 5200ms (custom)
2019-09-23 16:22:25,422 [pool-149-thread-1] INFO  server.RaftServerConfigKeys (ConfUtils.java:logGet(43)) - raft.server.rpcslowness.timeout = 120s (custom)
2019-09-23 16:22:25,422 [pool-149-thread-1] INFO  server.RaftServerConfigKeys (ConfUtils.java:logGet(43)) - raft.server.sleep.deviation.threshold = 300 (default)
2019-09-23 16:22:25,422 [pool-149-thread-1] INFO  server.RaftServerConfigKeys (ConfUtils.java:logGet(43)) - raft.server.log.appender.install.snapshot.enabled = false (custom)
2019-09-23 16:22:25,422 [pool-149-thread-1] INFO  impl.RaftServerImpl (ServerState.java:<init>(103)) - 4c07bcfb-bfa3-4850-b9a2-ba41057b118b@group-306A62BCEAD3: ConfigurationManager, init=-1: [4c07bcfb-bfa3-4850-b9a2-ba41057b118b:192.168.34.17:44862], old=null, confs=<EMPTY_MAP>
2019-09-23 16:22:25,422 [pool-149-thread-1] INFO  server.RaftServerConfigKeys (ConfUtils.java:logGet(43)) - raft.server.storage.dir = [/workdir/hadoop-ozone/integration-test/target/test-dir/MiniOzoneClusterImpl-f3b30e67-3449-4c60-a677-fdc793c35738/datanode-3/data/ratis] (custom)
2019-09-23 16:22:25,423 [pool-149-thread-1] INFO  storage.RaftStorageDirectory (RaftStorageDirectory.java:analyzeStorage(246)) - The storage directory /workdir/hadoop-ozone/integration-test/target/test-dir/MiniOzoneClusterImpl-f3b30e67-3449-4c60-a677-fdc793c35738/datanode-3/data/ratis/94478b64-8f69-45ef-9557-306a62bcead3 does not exist. Creating ...
2019-09-23 16:22:25,432 [pool-149-thread-1] INFO  storage.RaftStorageDirectory (RaftStorageDirectory.java:tryLock(328)) - Lock on /workdir/hadoop-ozone/integration-test/target/test-dir/MiniOzoneClusterImpl-f3b30e67-3449-4c60-a677-fdc793c35738/datanode-3/data/ratis/94478b64-8f69-45ef-9557-306a62bcead3/in_use.lock acquired by nodename 9920@pr-hdds-2166-7skhj-3476174427
2019-09-23 16:22:25,445 [pool-149-thread-1] INFO  storage.RaftStorage (RaftStorage.java:format(72)) - Storage directory /workdir/hadoop-ozone/integration-test/target/test-dir/MiniOzoneClusterImpl-f3b30e67-3449-4c60-a677-fdc793c35738/datanode-3/data/ratis/94478b64-8f69-45ef-9557-306a62bcead3 has been successfully formatted.
2019-09-23 16:22:25,446 [pool-149-thread-1] INFO  ratis.ContainerStateMachine (ContainerStateMachine.java:loadSnapshot(230)) - group-306A62BCEAD3: The snapshot info is null. Setting the last applied indexto:(t:0, i:~)
2019-09-23 16:22:25,446 [pool-149-thread-1] INFO  server.RaftServerConfigKeys (ConfUtils.java:logGet(43)) - raft.server.notification.no-leader.timeout = 120s (custom)
2019-09-23 16:22:25,446 [pool-149-thread-1] INFO  server.RaftServerConfigKeys (ConfUtils.java:logGet(43)) - raft.server.log.use.memory = false (default)
2019-09-23 16:22:25,446 [pool-149-thread-1] INFO  server.RaftServerConfigKeys (ConfUtils.java:logGet(43)) - raft.server.log.purge.gap = 1000000 (custom)
2019-09-23 16:22:25,446 [pool-149-thread-1] INFO  server.RaftServerConfigKeys (ConfUtils.java:logGet(43)) - raft.server.log.appender.buffer.byte-limit = 33554432 (custom)
2019-09-23 16:22:25,446 [pool-149-thread-1] INFO  server.RaftServerConfigKeys (ConfUtils.java:logGet(43)) - raft.server.log.segment.size.max = 1048576 (custom)
2019-09-23 16:22:25,446 [pool-149-thread-1] INFO  server.RaftServerConfigKeys (ConfUtils.java:logGet(43)) - raft.server.log.segment.cache.num.max = 2 (custom)
2019-09-23 16:22:25,447 [pool-149-thread-1] INFO  segmented.SegmentedRaftLogWorker (SegmentedRaftLogWorker.java:<init>(172)) - new 4c07bcfb-bfa3-4850-b9a2-ba41057b118b@group-306A62BCEAD3-SegmentedRaftLogWorker for RaftStorage:Storage Directory /workdir/hadoop-ozone/integration-test/target/test-dir/MiniOzoneClusterImpl-f3b30e67-3449-4c60-a677-fdc793c35738/datanode-3/data/ratis/94478b64-8f69-45ef-9557-306a62bcead3
2019-09-23 16:22:25,449 [pool-149-thread-1] INFO  server.RaftServerConfigKeys (ConfUtils.java:logGet(43)) - raft.server.log.queue.byte-limit = 2147483647 (custom)
2019-09-23 16:22:25,449 [pool-149-thread-1] INFO  server.RaftServerConfigKeys (ConfUtils.java:logGet(43)) - raft.server.log.queue.element-limit = 1024 (custom)
2019-09-23 16:22:25,449 [pool-149-thread-1] INFO  server.RaftServerConfigKeys (ConfUtils.java:logGet(43)) - raft.server.log.segment.size.max = 1048576 (custom)
2019-09-23 16:22:25,449 [pool-149-thread-1] INFO  server.RaftServerConfigKeys (ConfUtils.java:logGet(43)) - raft.server.log.preallocated.size = 16384 (custom)
2019-09-23 16:22:25,450 [pool-149-thread-1] INFO  server.RaftServerConfigKeys (ConfUtils.java:logGet(43)) - raft.server.log.write.buffer.size = 33554432 (custom)
2019-09-23 16:22:25,450 [pool-149-thread-1] INFO  server.RaftServerConfigKeys (ConfUtils.java:logGet(43)) - raft.server.log.force.sync.num = 128 (default)
2019-09-23 16:22:25,450 [pool-149-thread-1] INFO  server.RaftServerConfigKeys (ConfUtils.java:logGet(43)) - raft.server.log.statemachine.data.sync = true (default)
2019-09-23 16:22:25,450 [pool-149-thread-1] INFO  server.RaftServerConfigKeys (ConfUtils.java:logGet(43)) - raft.server.log.statemachine.data.sync.timeout = 10s (default)
2019-09-23 16:22:25,450 [pool-149-thread-1] INFO  server.RaftServerConfigKeys (ConfUtils.java:logGet(43)) - raft.server.log.statemachine.data.sync.timeout.retry = -1 (default)
2019-09-23 16:22:25,450 [pool-149-thread-1] INFO  server.RaftServerConfigKeys (ConfUtils.java:logGet(43)) - raft.server.log.statemachine.data.caching.enabled = true (custom)
2019-09-23 16:22:25,451 [pool-149-thread-1] INFO  segmented.SegmentedRaftLogWorker (SegmentedRaftLogWorker.java:lambda$new$0(132)) - 4c07bcfb-bfa3-4850-b9a2-ba41057b118b@group-306A62BCEAD3-SegmentedRaftLogWorker: flushIndex: setUnconditionally 0 -> -1
2019-09-23 16:22:25,451 [pool-149-thread-1] INFO  server.RaftServerConfigKeys (ConfUtils.java:logGet(43)) - raft.server.snapshot.auto.trigger.enabled = true (custom)
2019-09-23 16:22:25,451 [pool-149-thread-1] INFO  server.RaftServerConfigKeys (ConfUtils.java:logGet(43)) - raft.server.snapshot.auto.trigger.threshold = 10000 (custom)
2019-09-23 16:22:25,451 [pool-149-thread-1] INFO  server.RaftServerConfigKeys (ConfUtils.java:logGet(43)) - raft.server.snapshot.retention.num.files = 5 (custom)
2019-09-23 16:22:25,451 [pool-149-thread-1] INFO  server.RaftServerConfigKeys (ConfUtils.java:logGet(43)) - raft.server.retrycache.expirytime = 600000ms (custom)
2019-09-23 16:22:25,453 [pool-149-thread-1] INFO  impl.RaftServerImpl (RaftServerImpl.java:start(185)) - 4c07bcfb-bfa3-4850-b9a2-ba41057b118b@group-306A62BCEAD3: start as a follower, conf=-1: [4c07bcfb-bfa3-4850-b9a2-ba41057b118b:192.168.34.17:44862], old=null
2019-09-23 16:22:25,454 [pool-149-thread-1] INFO  impl.RaftServerImpl (RaftServerImpl.java:setRole(174)) - 4c07bcfb-bfa3-4850-b9a2-ba41057b118b@group-306A62BCEAD3: changes role from      null to FOLLOWER at term 0 for startAsFollower
2019-09-23 16:22:25,454 [pool-149-thread-1] INFO  impl.RoleInfo (RoleInfo.java:updateAndGet(143)) - 4c07bcfb-bfa3-4850-b9a2-ba41057b118b: start FollowerState
2019-09-23 16:22:25,454 [pool-149-thread-1] INFO  util.JmxRegister (JmxRegister.java:tryRegister(44)) - Successfully registered JMX Bean with object name Ratis:service=RaftServer,group=group-306A62BCEAD3,id=4c07bcfb-bfa3-4850-b9a2-ba41057b118b
2019-09-23 16:22:25,459 [RatisPipelineUtilsThread] INFO  pipeline.PipelineStateManager (PipelineStateManager.java:addPipeline(56)) - Created pipeline Pipeline[ Id: 94478b64-8f69-45ef-9557-306a62bcead3, Nodes: 4c07bcfb-bfa3-4850-b9a2-ba41057b118b{ip: 192.168.34.17, host: pr-hdds-2166-7skhj-3476174427, networkLocation: /default-rack, certSerialId: null}, Type:RATIS, Factor:ONE, State:OPEN]
2019-09-23 16:22:25,471 [IPC Server handler 6 on 33778] INFO  net.NetworkTopology (NetworkTopologyImpl.java:add(111)) - Added a new node: /default-rack/82a6f2be-c8ed-447e-9e12-bf879094a75e
2019-09-23 16:22:25,472 [IPC Server handler 6 on 33778] INFO  node.SCMNodeManager (SCMNodeManager.java:register(266)) - Registered Data node : 82a6f2be-c8ed-447e-9e12-bf879094a75e{ip: 192.168.34.17, host: pr-hdds-2166-7skhj-3476174427, networkLocation: /default-rack, certSerialId: null}
2019-09-23 16:22:25,474 [grpc-default-executor-1] INFO  impl.RaftServerProxy (RaftServerProxy.java:addNew(89)) - 929b7fa3-dd60-444c-b5c3-9ec585f275f8: addNew group-55F58BFAB478:[059a42b7-7924-490e-b971-99b65350ca76:192.168.34.17:37257, 929b7fa3-dd60-444c-b5c3-9ec585f275f8:192.168.34.17:34898, 84304eb4-a8af-4a6f-9dd3-e902f7a5c13b:192.168.34.17:41904] returns group-55F58BFAB478:java.util.concurrent.CompletableFuture@437b9eb7[Not completed]
2019-09-23 16:22:25,477 [grpc-default-executor-2] INFO  impl.RaftServerProxy (RaftServerProxy.java:addNew(89)) - 84304eb4-a8af-4a6f-9dd3-e902f7a5c13b: addNew group-55F58BFAB478:[059a42b7-7924-490e-b971-99b65350ca76:192.168.34.17:37257, 929b7fa3-dd60-444c-b5c3-9ec585f275f8:192.168.34.17:34898, 84304eb4-a8af-4a6f-9dd3-e902f7a5c13b:192.168.34.17:41904] returns group-55F58BFAB478:java.util.concurrent.CompletableFuture@21c915ce[Not completed]
2019-09-23 16:22:25,477 [grpc-default-executor-3] INFO  impl.RaftServerProxy (RaftServerProxy.java:addNew(89)) - 059a42b7-7924-490e-b971-99b65350ca76: addNew group-55F58BFAB478:[059a42b7-7924-490e-b971-99b65350ca76:192.168.34.17:37257, 929b7fa3-dd60-444c-b5c3-9ec585f275f8:192.168.34.17:34898, 84304eb4-a8af-4a6f-9dd3-e902f7a5c13b:192.168.34.17:41904] returns group-55F58BFAB478:java.util.concurrent.CompletableFuture@5e04f5c6[Not completed]
2019-09-23 16:22:25,478 [pool-139-thread-1] INFO  impl.RaftServerImpl (RaftServerImpl.java:<init>(95)) - 929b7fa3-dd60-444c-b5c3-9ec585f275f8: new RaftServerImpl for group-55F58BFAB478:[059a42b7-7924-490e-b971-99b65350ca76:192.168.34.17:37257, 929b7fa3-dd60-444c-b5c3-9ec585f275f8:192.168.34.17:34898, 84304eb4-a8af-4a6f-9dd3-e902f7a5c13b:192.168.34.17:41904] with ContainerStateMachine:uninitialized
2019-09-23 16:22:25,479 [pool-139-thread-1] INFO  server.RaftServerConfigKeys (ConfUtils.java:logGet(43)) - raft.server.rpc.timeout.min = 5s (custom)
2019-09-23 16:22:25,479 [pool-139-thread-1] INFO  server.RaftServerConfigKeys (ConfUtils.java:logGet(43)) - raft.server.rpc.timeout.max = 5200ms (custom)
2019-09-23 16:22:25,479 [pool-139-thread-1] INFO  server.RaftServerConfigKeys (ConfUtils.java:logGet(43)) - raft.server.rpcslowness.timeout = 120s (custom)
2019-09-23 16:22:25,479 [pool-139-thread-1] INFO  server.RaftServerConfigKeys (ConfUtils.java:logGet(43)) - raft.server.sleep.deviation.threshold = 300 (default)
2019-09-23 16:22:25,479 [pool-139-thread-1] INFO  server.RaftServerConfigKeys (ConfUtils.java:logGet(43)) - raft.server.log.appender.install.snapshot.enabled = false (custom)
2019-09-23 16:22:25,479 [pool-139-thread-1] INFO  impl.RaftServerImpl (ServerState.java:<init>(103)) - 929b7fa3-dd60-444c-b5c3-9ec585f275f8@group-55F58BFAB478: ConfigurationManager, init=-1: [059a42b7-7924-490e-b971-99b65350ca76:192.168.34.17:37257, 929b7fa3-dd60-444c-b5c3-9ec585f275f8:192.168.34.17:34898, 84304eb4-a8af-4a6f-9dd3-e902f7a5c13b:192.168.34.17:41904], old=null, confs=<EMPTY_MAP>
2019-09-23 16:22:25,479 [pool-129-thread-1] INFO  impl.RaftServerImpl (RaftServerImpl.java:<init>(95)) - 059a42b7-7924-490e-b971-99b65350ca76: new RaftServerImpl for group-55F58BFAB478:[059a42b7-7924-490e-b971-99b65350ca76:192.168.34.17:37257, 929b7fa3-dd60-444c-b5c3-9ec585f275f8:192.168.34.17:34898, 84304eb4-a8af-4a6f-9dd3-e902f7a5c13b:192.168.34.17:41904] with ContainerStateMachine:uninitialized
2019-09-23 16:22:25,480 [pool-139-thread-1] INFO  server.RaftServerConfigKeys (ConfUtils.java:logGet(43)) - raft.server.storage.dir = [/workdir/hadoop-ozone/integration-test/target/test-dir/MiniOzoneClusterImpl-f3b30e67-3449-4c60-a677-fdc793c35738/datanode-2/data/ratis] (custom)
2019-09-23 16:22:25,480 [pool-129-thread-1] INFO  server.RaftServerConfigKeys (ConfUtils.java:logGet(43)) - raft.server.rpc.timeout.min = 5s (custom)
2019-09-23 16:22:25,480 [pool-129-thread-1] INFO  server.RaftServerConfigKeys (ConfUtils.java:logGet(43)) - raft.server.rpc.timeout.max = 5200ms (custom)
2019-09-23 16:22:25,480 [pool-139-thread-1] INFO  storage.RaftStorageDirectory (RaftStorageDirectory.java:analyzeStorage(246)) - The storage directory /workdir/hadoop-ozone/integration-test/target/test-dir/MiniOzoneClusterImpl-f3b30e67-3449-4c60-a677-fdc793c35738/datanode-2/data/ratis/ce253be9-3895-4d05-887d-55f58bfab478 does not exist. Creating ...
2019-09-23 16:22:25,480 [pool-119-thread-1] INFO  impl.RaftServerImpl (RaftServerImpl.java:<init>(95)) - 84304eb4-a8af-4a6f-9dd3-e902f7a5c13b: new RaftServerImpl for group-55F58BFAB478:[059a42b7-7924-490e-b971-99b65350ca76:192.168.34.17:37257, 929b7fa3-dd60-444c-b5c3-9ec585f275f8:192.168.34.17:34898, 84304eb4-a8af-4a6f-9dd3-e902f7a5c13b:192.168.34.17:41904] with ContainerStateMachine:uninitialized
2019-09-23 16:22:25,480 [pool-129-thread-1] INFO  server.RaftServerConfigKeys (ConfUtils.java:logGet(43)) - raft.server.rpcslowness.timeout = 120s (custom)
2019-09-23 16:22:25,481 [pool-119-thread-1] INFO  server.RaftServerConfigKeys (ConfUtils.java:logGet(43)) - raft.server.rpc.timeout.min = 5s (custom)
2019-09-23 16:22:25,481 [pool-129-thread-1] INFO  server.RaftServerConfigKeys (ConfUtils.java:logGet(43)) - raft.server.sleep.deviation.threshold = 300 (default)
2019-09-23 16:22:25,481 [pool-119-thread-1] INFO  server.RaftServerConfigKeys (ConfUtils.java:logGet(43)) - raft.server.rpc.timeout.max = 5200ms (custom)
2019-09-23 16:22:25,481 [pool-129-thread-1] INFO  server.RaftServerConfigKeys (ConfUtils.java:logGet(43)) - raft.server.log.appender.install.snapshot.enabled = false (custom)
2019-09-23 16:22:25,481 [pool-119-thread-1] INFO  server.RaftServerConfigKeys (ConfUtils.java:logGet(43)) - raft.server.rpcslowness.timeout = 120s (custom)
2019-09-23 16:22:25,481 [pool-129-thread-1] INFO  impl.RaftServerImpl (ServerState.java:<init>(103)) - 059a42b7-7924-490e-b971-99b65350ca76@group-55F58BFAB478: ConfigurationManager, init=-1: [059a42b7-7924-490e-b971-99b65350ca76:192.168.34.17:37257, 929b7fa3-dd60-444c-b5c3-9ec585f275f8:192.168.34.17:34898, 84304eb4-a8af-4a6f-9dd3-e902f7a5c13b:192.168.34.17:41904], old=null, confs=<EMPTY_MAP>
2019-09-23 16:22:25,481 [pool-119-thread-1] INFO  server.RaftServerConfigKeys (ConfUtils.java:logGet(43)) - raft.server.sleep.deviation.threshold = 300 (default)
2019-09-23 16:22:25,481 [pool-129-thread-1] INFO  server.RaftServerConfigKeys (ConfUtils.java:logGet(43)) - raft.server.storage.dir = [/workdir/hadoop-ozone/integration-test/target/test-dir/MiniOzoneClusterImpl-f3b30e67-3449-4c60-a677-fdc793c35738/datanode-1/data/ratis] (custom)
2019-09-23 16:22:25,481 [pool-119-thread-1] INFO  server.RaftServerConfigKeys (ConfUtils.java:logGet(43)) - raft.server.log.appender.install.snapshot.enabled = false (custom)
2019-09-23 16:22:25,482 [pool-119-thread-1] INFO  impl.RaftServerImpl (ServerState.java:<init>(103)) - 84304eb4-a8af-4a6f-9dd3-e902f7a5c13b@group-55F58BFAB478: ConfigurationManager, init=-1: [059a42b7-7924-490e-b971-99b65350ca76:192.168.34.17:37257, 929b7fa3-dd60-444c-b5c3-9ec585f275f8:192.168.34.17:34898, 84304eb4-a8af-4a6f-9dd3-e902f7a5c13b:192.168.34.17:41904], old=null, confs=<EMPTY_MAP>
2019-09-23 16:22:25,482 [pool-129-thread-1] INFO  storage.RaftStorageDirectory (RaftStorageDirectory.java:analyzeStorage(246)) - The storage directory /workdir/hadoop-ozone/integration-test/target/test-dir/MiniOzoneClusterImpl-f3b30e67-3449-4c60-a677-fdc793c35738/datanode-1/data/ratis/ce253be9-3895-4d05-887d-55f58bfab478 does not exist. Creating ...
2019-09-23 16:22:25,482 [pool-119-thread-1] INFO  server.RaftServerConfigKeys (ConfUtils.java:logGet(43)) - raft.server.storage.dir = [/workdir/hadoop-ozone/integration-test/target/test-dir/MiniOzoneClusterImpl-f3b30e67-3449-4c60-a677-fdc793c35738/datanode-0/data/ratis] (custom)
2019-09-23 16:22:25,482 [pool-119-thread-1] INFO  storage.RaftStorageDirectory (RaftStorageDirectory.java:analyzeStorage(246)) - The storage directory /workdir/hadoop-ozone/integration-test/target/test-dir/MiniOzoneClusterImpl-f3b30e67-3449-4c60-a677-fdc793c35738/datanode-0/data/ratis/ce253be9-3895-4d05-887d-55f58bfab478 does not exist. Creating ...
2019-09-23 16:22:25,487 [pool-139-thread-1] INFO  storage.RaftStorageDirectory (RaftStorageDirectory.java:tryLock(328)) - Lock on /workdir/hadoop-ozone/integration-test/target/test-dir/MiniOzoneClusterImpl-f3b30e67-3449-4c60-a677-fdc793c35738/datanode-2/data/ratis/ce253be9-3895-4d05-887d-55f58bfab478/in_use.lock acquired by nodename 9920@pr-hdds-2166-7skhj-3476174427
2019-09-23 16:22:25,487 [pool-119-thread-1] INFO  storage.RaftStorageDirectory (RaftStorageDirectory.java:tryLock(328)) - Lock on /workdir/hadoop-ozone/integration-test/target/test-dir/MiniOzoneClusterImpl-f3b30e67-3449-4c60-a677-fdc793c35738/datanode-0/data/ratis/ce253be9-3895-4d05-887d-55f58bfab478/in_use.lock acquired by nodename 9920@pr-hdds-2166-7skhj-3476174427
2019-09-23 16:22:25,487 [pool-129-thread-1] INFO  storage.RaftStorageDirectory (RaftStorageDirectory.java:tryLock(328)) - Lock on /workdir/hadoop-ozone/integration-test/target/test-dir/MiniOzoneClusterImpl-f3b30e67-3449-4c60-a677-fdc793c35738/datanode-1/data/ratis/ce253be9-3895-4d05-887d-55f58bfab478/in_use.lock acquired by nodename 9920@pr-hdds-2166-7skhj-3476174427
2019-09-23 16:22:25,501 [pool-129-thread-1] INFO  storage.RaftStorage (RaftStorage.java:format(72)) - Storage directory /workdir/hadoop-ozone/integration-test/target/test-dir/MiniOzoneClusterImpl-f3b30e67-3449-4c60-a677-fdc793c35738/datanode-1/data/ratis/ce253be9-3895-4d05-887d-55f58bfab478 has been successfully formatted.
2019-09-23 16:22:25,501 [pool-139-thread-1] INFO  storage.RaftStorage (RaftStorage.java:format(72)) - Storage directory /workdir/hadoop-ozone/integration-test/target/test-dir/MiniOzoneClusterImpl-f3b30e67-3449-4c60-a677-fdc793c35738/datanode-2/data/ratis/ce253be9-3895-4d05-887d-55f58bfab478 has been successfully formatted.
2019-09-23 16:22:25,501 [pool-119-thread-1] INFO  storage.RaftStorage (RaftStorage.java:format(72)) - Storage directory /workdir/hadoop-ozone/integration-test/target/test-dir/MiniOzoneClusterImpl-f3b30e67-3449-4c60-a677-fdc793c35738/datanode-0/data/ratis/ce253be9-3895-4d05-887d-55f58bfab478 has been successfully formatted.
2019-09-23 16:22:25,502 [pool-139-thread-1] INFO  ratis.ContainerStateMachine (ContainerStateMachine.java:loadSnapshot(230)) - group-55F58BFAB478: The snapshot info is null. Setting the last applied indexto:(t:0, i:~)
2019-09-23 16:22:25,501 [pool-129-thread-1] INFO  ratis.ContainerStateMachine (ContainerStateMachine.java:loadSnapshot(230)) - group-55F58BFAB478: The snapshot info is null. Setting the last applied indexto:(t:0, i:~)
2019-09-23 16:22:25,502 [pool-119-thread-1] INFO  ratis.ContainerStateMachine (ContainerStateMachine.java:loadSnapshot(230)) - group-55F58BFAB478: The snapshot info is null. Setting the last applied indexto:(t:0, i:~)
2019-09-23 16:22:25,502 [pool-139-thread-1] INFO  server.RaftServerConfigKeys (ConfUtils.java:logGet(43)) - raft.server.notification.no-leader.timeout = 120s (custom)
2019-09-23 16:22:25,502 [pool-119-thread-1] INFO  server.RaftServerConfigKeys (ConfUtils.java:logGet(43)) - raft.server.notification.no-leader.timeout = 120s (custom)
2019-09-23 16:22:25,502 [pool-129-thread-1] INFO  server.RaftServerConfigKeys (ConfUtils.java:logGet(43)) - raft.server.notification.no-leader.timeout = 120s (custom)
2019-09-23 16:22:25,502 [pool-119-thread-1] INFO  server.RaftServerConfigKeys (ConfUtils.java:logGet(43)) - raft.server.log.use.memory = false (default)
2019-09-23 16:22:25,502 [pool-139-thread-1] INFO  server.RaftServerConfigKeys (ConfUtils.java:logGet(43)) - raft.server.log.use.memory = false (default)
2019-09-23 16:22:25,503 [pool-119-thread-1] INFO  server.RaftServerConfigKeys (ConfUtils.java:logGet(43)) - raft.server.log.purge.gap = 1000000 (custom)
2019-09-23 16:22:25,503 [pool-129-thread-1] INFO  server.RaftServerConfigKeys (ConfUtils.java:logGet(43)) - raft.server.log.use.memory = false (default)
2019-09-23 16:22:25,503 [pool-119-thread-1] INFO  server.RaftServerConfigKeys (ConfUtils.java:logGet(43)) - raft.server.log.appender.buffer.byte-limit = 33554432 (custom)
2019-09-23 16:22:25,503 [pool-139-thread-1] INFO  server.RaftServerConfigKeys (ConfUtils.java:logGet(43)) - raft.server.log.purge.gap = 1000000 (custom)
2019-09-23 16:22:25,503 [pool-119-thread-1] INFO  server.RaftServerConfigKeys (ConfUtils.java:logGet(43)) - raft.server.log.segment.size.max = 1048576 (custom)
2019-09-23 16:22:25,503 [pool-129-thread-1] INFO  server.RaftServerConfigKeys (ConfUtils.java:logGet(43)) - raft.server.log.purge.gap = 1000000 (custom)
2019-09-23 16:22:25,504 [pool-119-thread-1] INFO  server.RaftServerConfigKeys (ConfUtils.java:logGet(43)) - raft.server.log.segment.cache.num.max = 2 (custom)
2019-09-23 16:22:25,504 [pool-139-thread-1] INFO  server.RaftServerConfigKeys (ConfUtils.java:logGet(43)) - raft.server.log.appender.buffer.byte-limit = 33554432 (custom)
2019-09-23 16:22:25,504 [pool-119-thread-1] INFO  segmented.SegmentedRaftLogWorker (SegmentedRaftLogWorker.java:<init>(172)) - new 84304eb4-a8af-4a6f-9dd3-e902f7a5c13b@group-55F58BFAB478-SegmentedRaftLogWorker for RaftStorage:Storage Directory /workdir/hadoop-ozone/integration-test/target/test-dir/MiniOzoneClusterImpl-f3b30e67-3449-4c60-a677-fdc793c35738/datanode-0/data/ratis/ce253be9-3895-4d05-887d-55f58bfab478
2019-09-23 16:22:25,504 [pool-129-thread-1] INFO  server.RaftServerConfigKeys (ConfUtils.java:logGet(43)) - raft.server.log.appender.buffer.byte-limit = 33554432 (custom)
2019-09-23 16:22:25,504 [pool-139-thread-1] INFO  server.RaftServerConfigKeys (ConfUtils.java:logGet(43)) - raft.server.log.segment.size.max = 1048576 (custom)
2019-09-23 16:22:25,505 [pool-129-thread-1] INFO  server.RaftServerConfigKeys (ConfUtils.java:logGet(43)) - raft.server.log.segment.size.max = 1048576 (custom)
2019-09-23 16:22:25,504 [pool-119-thread-1] INFO  server.RaftServerConfigKeys (ConfUtils.java:logGet(43)) - raft.server.log.queue.byte-limit = 2147483647 (custom)
2019-09-23 16:22:25,505 [pool-129-thread-1] INFO  server.RaftServerConfigKeys (ConfUtils.java:logGet(43)) - raft.server.log.segment.cache.num.max = 2 (custom)
2019-09-23 16:22:25,505 [pool-139-thread-1] INFO  server.RaftServerConfigKeys (ConfUtils.java:logGet(43)) - raft.server.log.segment.cache.num.max = 2 (custom)
2019-09-23 16:22:25,505 [pool-129-thread-1] INFO  segmented.SegmentedRaftLogWorker (SegmentedRaftLogWorker.java:<init>(172)) - new 059a42b7-7924-490e-b971-99b65350ca76@group-55F58BFAB478-SegmentedRaftLogWorker for RaftStorage:Storage Directory /workdir/hadoop-ozone/integration-test/target/test-dir/MiniOzoneClusterImpl-f3b30e67-3449-4c60-a677-fdc793c35738/datanode-1/data/ratis/ce253be9-3895-4d05-887d-55f58bfab478
2019-09-23 16:22:25,505 [pool-119-thread-1] INFO  server.RaftServerConfigKeys (ConfUtils.java:logGet(43)) - raft.server.log.queue.element-limit = 1024 (custom)
2019-09-23 16:22:25,505 [pool-129-thread-1] INFO  server.RaftServerConfigKeys (ConfUtils.java:logGet(43)) - raft.server.log.queue.byte-limit = 2147483647 (custom)
2019-09-23 16:22:25,505 [pool-139-thread-1] INFO  segmented.SegmentedRaftLogWorker (SegmentedRaftLogWorker.java:<init>(172)) - new 929b7fa3-dd60-444c-b5c3-9ec585f275f8@group-55F58BFAB478-SegmentedRaftLogWorker for RaftStorage:Storage Directory /workdir/hadoop-ozone/integration-test/target/test-dir/MiniOzoneClusterImpl-f3b30e67-3449-4c60-a677-fdc793c35738/datanode-2/data/ratis/ce253be9-3895-4d05-887d-55f58bfab478
2019-09-23 16:22:25,506 [pool-129-thread-1] INFO  server.RaftServerConfigKeys (ConfUtils.java:logGet(43)) - raft.server.log.queue.element-limit = 1024 (custom)
2019-09-23 16:22:25,505 [pool-119-thread-1] INFO  server.RaftServerConfigKeys (ConfUtils.java:logGet(43)) - raft.server.log.segment.size.max = 1048576 (custom)
2019-09-23 16:22:25,506 [pool-129-thread-1] INFO  server.RaftServerConfigKeys (ConfUtils.java:logGet(43)) - raft.server.log.segment.size.max = 1048576 (custom)
2019-09-23 16:22:25,506 [pool-139-thread-1] INFO  server.RaftServerConfigKeys (ConfUtils.java:logGet(43)) - raft.server.log.queue.byte-limit = 2147483647 (custom)
2019-09-23 16:22:25,506 [pool-129-thread-1] INFO  server.RaftServerConfigKeys (ConfUtils.java:logGet(43)) - raft.server.log.preallocated.size = 16384 (custom)
2019-09-23 16:22:25,506 [pool-119-thread-1] INFO  server.RaftServerConfigKeys (ConfUtils.java:logGet(43)) - raft.server.log.preallocated.size = 16384 (custom)
2019-09-23 16:22:25,506 [pool-129-thread-1] INFO  server.RaftServerConfigKeys (ConfUtils.java:logGet(43)) - raft.server.log.write.buffer.size = 33554432 (custom)
2019-09-23 16:22:25,506 [pool-139-thread-1] INFO  server.RaftServerConfigKeys (ConfUtils.java:logGet(43)) - raft.server.log.queue.element-limit = 1024 (custom)
2019-09-23 16:22:25,507 [pool-129-thread-1] INFO  server.RaftServerConfigKeys (ConfUtils.java:logGet(43)) - raft.server.log.force.sync.num = 128 (default)
2019-09-23 16:22:25,507 [pool-129-thread-1] INFO  server.RaftServerConfigKeys (ConfUtils.java:logGet(43)) - raft.server.log.statemachine.data.sync = true (default)
2019-09-23 16:22:25,507 [pool-119-thread-1] INFO  server.RaftServerConfigKeys (ConfUtils.java:logGet(43)) - raft.server.log.write.buffer.size = 33554432 (custom)
2019-09-23 16:22:25,507 [pool-129-thread-1] INFO  server.RaftServerConfigKeys (ConfUtils.java:logGet(43)) - raft.server.log.statemachine.data.sync.timeout = 10s (default)
2019-09-23 16:22:25,507 [pool-139-thread-1] INFO  server.RaftServerConfigKeys (ConfUtils.java:logGet(43)) - raft.server.log.segment.size.max = 1048576 (custom)
2019-09-23 16:22:25,507 [pool-129-thread-1] INFO  server.RaftServerConfigKeys (ConfUtils.java:logGet(43)) - raft.server.log.statemachine.data.sync.timeout.retry = -1 (default)
2019-09-23 16:22:25,507 [pool-119-thread-1] INFO  server.RaftServerConfigKeys (ConfUtils.java:logGet(43)) - raft.server.log.force.sync.num = 128 (default)
2019-09-23 16:22:25,508 [pool-129-thread-1] INFO  server.RaftServerConfigKeys (ConfUtils.java:logGet(43)) - raft.server.log.statemachine.data.caching.enabled = true (custom)
2019-09-23 16:22:25,507 [pool-139-thread-1] INFO  server.RaftServerConfigKeys (ConfUtils.java:logGet(43)) - raft.server.log.preallocated.size = 16384 (custom)
2019-09-23 16:22:25,508 [pool-129-thread-1] INFO  segmented.SegmentedRaftLogWorker (SegmentedRaftLogWorker.java:lambda$new$0(132)) - 059a42b7-7924-490e-b971-99b65350ca76@group-55F58BFAB478-SegmentedRaftLogWorker: flushIndex: setUnconditionally 0 -> -1
2019-09-23 16:22:25,508 [pool-119-thread-1] INFO  server.RaftServerConfigKeys (ConfUtils.java:logGet(43)) - raft.server.log.statemachine.data.sync = true (default)
2019-09-23 16:22:25,508 [pool-129-thread-1] INFO  server.RaftServerConfigKeys (ConfUtils.java:logGet(43)) - raft.server.snapshot.auto.trigger.enabled = true (custom)
2019-09-23 16:22:25,508 [pool-129-thread-1] INFO  server.RaftServerConfigKeys (ConfUtils.java:logGet(43)) - raft.server.snapshot.auto.trigger.threshold = 10000 (custom)
2019-09-23 16:22:25,508 [pool-139-thread-1] INFO  server.RaftServerConfigKeys (ConfUtils.java:logGet(43)) - raft.server.log.write.buffer.size = 33554432 (custom)
2019-09-23 16:22:25,509 [pool-129-thread-1] INFO  server.RaftServerConfigKeys (ConfUtils.java:logGet(43)) - raft.server.snapshot.retention.num.files = 5 (custom)
2019-09-23 16:22:25,508 [pool-119-thread-1] INFO  server.RaftServerConfigKeys (ConfUtils.java:logGet(43)) - raft.server.log.statemachine.data.sync.timeout = 10s (default)
2019-09-23 16:22:25,509 [pool-129-thread-1] INFO  server.RaftServerConfigKeys (ConfUtils.java:logGet(43)) - raft.server.retrycache.expirytime = 600000ms (custom)
2019-09-23 16:22:25,509 [pool-139-thread-1] INFO  server.RaftServerConfigKeys (ConfUtils.java:logGet(43)) - raft.server.log.force.sync.num = 128 (default)
2019-09-23 16:22:25,509 [pool-119-thread-1] INFO  server.RaftServerConfigKeys (ConfUtils.java:logGet(43)) - raft.server.log.statemachine.data.sync.timeout.retry = -1 (default)
2019-09-23 16:22:25,509 [pool-139-thread-1] INFO  server.RaftServerConfigKeys (ConfUtils.java:logGet(43)) - raft.server.log.statemachine.data.sync = true (default)
2019-09-23 16:22:25,509 [pool-119-thread-1] INFO  server.RaftServerConfigKeys (ConfUtils.java:logGet(43)) - raft.server.log.statemachine.data.caching.enabled = true (custom)
2019-09-23 16:22:25,510 [pool-139-thread-1] INFO  server.RaftServerConfigKeys (ConfUtils.java:logGet(43)) - raft.server.log.statemachine.data.sync.timeout = 10s (default)
2019-09-23 16:22:25,510 [pool-139-thread-1] INFO  server.RaftServerConfigKeys (ConfUtils.java:logGet(43)) - raft.server.log.statemachine.data.sync.timeout.retry = -1 (default)
2019-09-23 16:22:25,510 [pool-119-thread-1] INFO  segmented.SegmentedRaftLogWorker (SegmentedRaftLogWorker.java:lambda$new$0(132)) - 84304eb4-a8af-4a6f-9dd3-e902f7a5c13b@group-55F58BFAB478-SegmentedRaftLogWorker: flushIndex: setUnconditionally 0 -> -1
2019-09-23 16:22:25,510 [pool-139-thread-1] INFO  server.RaftServerConfigKeys (ConfUtils.java:logGet(43)) - raft.server.log.statemachine.data.caching.enabled = true (custom)
2019-09-23 16:22:25,510 [pool-119-thread-1] INFO  server.RaftServerConfigKeys (ConfUtils.java:logGet(43)) - raft.server.snapshot.auto.trigger.enabled = true (custom)
2019-09-23 16:22:25,511 [pool-119-thread-1] INFO  server.RaftServerConfigKeys (ConfUtils.java:logGet(43)) - raft.server.snapshot.auto.trigger.threshold = 10000 (custom)
2019-09-23 16:22:25,511 [pool-139-thread-1] INFO  segmented.SegmentedRaftLogWorker (SegmentedRaftLogWorker.java:lambda$new$0(132)) - 929b7fa3-dd60-444c-b5c3-9ec585f275f8@group-55F58BFAB478-SegmentedRaftLogWorker: flushIndex: setUnconditionally 0 -> -1
2019-09-23 16:22:25,511 [pool-119-thread-1] INFO  server.RaftServerConfigKeys (ConfUtils.java:logGet(43)) - raft.server.snapshot.retention.num.files = 5 (custom)
2019-09-23 16:22:25,511 [pool-119-thread-1] INFO  server.RaftServerConfigKeys (ConfUtils.java:logGet(43)) - raft.server.retrycache.expirytime = 600000ms (custom)
2019-09-23 16:22:25,511 [pool-139-thread-1] INFO  server.RaftServerConfigKeys (ConfUtils.java:logGet(43)) - raft.server.snapshot.auto.trigger.enabled = true (custom)
2019-09-23 16:22:25,511 [pool-129-thread-1] INFO  impl.RaftServerImpl (RaftServerImpl.java:start(185)) - 059a42b7-7924-490e-b971-99b65350ca76@group-55F58BFAB478: start as a follower, conf=-1: [059a42b7-7924-490e-b971-99b65350ca76:192.168.34.17:37257, 929b7fa3-dd60-444c-b5c3-9ec585f275f8:192.168.34.17:34898, 84304eb4-a8af-4a6f-9dd3-e902f7a5c13b:192.168.34.17:41904], old=null
2019-09-23 16:22:25,511 [pool-139-thread-1] INFO  server.RaftServerConfigKeys (ConfUtils.java:logGet(43)) - raft.server.snapshot.auto.trigger.threshold = 10000 (custom)
2019-09-23 16:22:25,511 [pool-129-thread-1] INFO  impl.RaftServerImpl (RaftServerImpl.java:setRole(174)) - 059a42b7-7924-490e-b971-99b65350ca76@group-55F58BFAB478: changes role from      null to FOLLOWER at term 0 for startAsFollower
2019-09-23 16:22:25,512 [pool-139-thread-1] INFO  server.RaftServerConfigKeys (ConfUtils.java:logGet(43)) - raft.server.snapshot.retention.num.files = 5 (custom)
2019-09-23 16:22:25,512 [pool-129-thread-1] INFO  impl.RoleInfo (RoleInfo.java:updateAndGet(143)) - 059a42b7-7924-490e-b971-99b65350ca76: start FollowerState
2019-09-23 16:22:25,512 [pool-139-thread-1] INFO  server.RaftServerConfigKeys (ConfUtils.java:logGet(43)) - raft.server.retrycache.expirytime = 600000ms (custom)
2019-09-23 16:22:25,512 [pool-129-thread-1] INFO  util.JmxRegister (JmxRegister.java:tryRegister(44)) - Successfully registered JMX Bean with object name Ratis:service=RaftServer,group=group-55F58BFAB478,id=059a42b7-7924-490e-b971-99b65350ca76
2019-09-23 16:22:25,517 [pool-119-thread-1] INFO  impl.RaftServerImpl (RaftServerImpl.java:start(185)) - 84304eb4-a8af-4a6f-9dd3-e902f7a5c13b@group-55F58BFAB478: start as a follower, conf=-1: [059a42b7-7924-490e-b971-99b65350ca76:192.168.34.17:37257, 929b7fa3-dd60-444c-b5c3-9ec585f275f8:192.168.34.17:34898, 84304eb4-a8af-4a6f-9dd3-e902f7a5c13b:192.168.34.17:41904], old=null
2019-09-23 16:22:25,517 [pool-119-thread-1] INFO  impl.RaftServerImpl (RaftServerImpl.java:setRole(174)) - 84304eb4-a8af-4a6f-9dd3-e902f7a5c13b@group-55F58BFAB478: changes role from      null to FOLLOWER at term 0 for startAsFollower
2019-09-23 16:22:25,518 [pool-119-thread-1] INFO  impl.RoleInfo (RoleInfo.java:updateAndGet(143)) - 84304eb4-a8af-4a6f-9dd3-e902f7a5c13b: start FollowerState
2019-09-23 16:22:25,518 [pool-139-thread-1] INFO  impl.RaftServerImpl (RaftServerImpl.java:start(185)) - 929b7fa3-dd60-444c-b5c3-9ec585f275f8@group-55F58BFAB478: start as a follower, conf=-1: [059a42b7-7924-490e-b971-99b65350ca76:192.168.34.17:37257, 929b7fa3-dd60-444c-b5c3-9ec585f275f8:192.168.34.17:34898, 84304eb4-a8af-4a6f-9dd3-e902f7a5c13b:192.168.34.17:41904], old=null
2019-09-23 16:22:25,518 [pool-119-thread-1] INFO  util.JmxRegister (JmxRegister.java:tryRegister(44)) - Successfully registered JMX Bean with object name Ratis:service=RaftServer,group=group-55F58BFAB478,id=84304eb4-a8af-4a6f-9dd3-e902f7a5c13b
2019-09-23 16:22:25,518 [pool-139-thread-1] INFO  impl.RaftServerImpl (RaftServerImpl.java:setRole(174)) - 929b7fa3-dd60-444c-b5c3-9ec585f275f8@group-55F58BFAB478: changes role from      null to FOLLOWER at term 0 for startAsFollower
2019-09-23 16:22:25,518 [pool-139-thread-1] INFO  impl.RoleInfo (RoleInfo.java:updateAndGet(143)) - 929b7fa3-dd60-444c-b5c3-9ec585f275f8: start FollowerState
2019-09-23 16:22:25,527 [pool-139-thread-1] INFO  util.JmxRegister (JmxRegister.java:tryRegister(44)) - Successfully registered JMX Bean with object name Ratis:service=RaftServer,group=group-55F58BFAB478,id=929b7fa3-dd60-444c-b5c3-9ec585f275f8
2019-09-23 16:22:25,538 [RatisPipelineUtilsThread] INFO  pipeline.PipelineStateManager (PipelineStateManager.java:addPipeline(56)) - Created pipeline Pipeline[ Id: ce253be9-3895-4d05-887d-55f58bfab478, Nodes: 059a42b7-7924-490e-b971-99b65350ca76{ip: 192.168.34.17, host: pr-hdds-2166-7skhj-3476174427, networkLocation: /default-rack, certSerialId: null}929b7fa3-dd60-444c-b5c3-9ec585f275f8{ip: 192.168.34.17, host: pr-hdds-2166-7skhj-3476174427, networkLocation: /default-rack, certSerialId: null}84304eb4-a8af-4a6f-9dd3-e902f7a5c13b{ip: 192.168.34.17, host: pr-hdds-2166-7skhj-3476174427, networkLocation: /default-rack, certSerialId: null}, Type:RATIS, Factor:THREE, State:OPEN]
2019-09-23 16:22:25,549 [grpc-default-executor-3] INFO  impl.RaftServerProxy (RaftServerProxy.java:addNew(89)) - 82a6f2be-c8ed-447e-9e12-bf879094a75e: addNew group-EE20B44C3837:[82a6f2be-c8ed-447e-9e12-bf879094a75e:192.168.34.17:41841] returns group-EE20B44C3837:java.util.concurrent.CompletableFuture@2ac95cc5[Not completed]
2019-09-23 16:22:25,553 [pool-159-thread-1] INFO  impl.RaftServerImpl (RaftServerImpl.java:<init>(95)) - 82a6f2be-c8ed-447e-9e12-bf879094a75e: new RaftServerImpl for group-EE20B44C3837:[82a6f2be-c8ed-447e-9e12-bf879094a75e:192.168.34.17:41841] with ContainerStateMachine:uninitialized
2019-09-23 16:22:25,555 [pool-159-thread-1] INFO  server.RaftServerConfigKeys (ConfUtils.java:logGet(43)) - raft.server.rpc.timeout.min = 5s (custom)
2019-09-23 16:22:25,555 [pool-159-thread-1] INFO  server.RaftServerConfigKeys (ConfUtils.java:logGet(43)) - raft.server.rpc.timeout.max = 5200ms (custom)
2019-09-23 16:22:25,555 [pool-159-thread-1] INFO  server.RaftServerConfigKeys (ConfUtils.java:logGet(43)) - raft.server.rpcslowness.timeout = 120s (custom)
2019-09-23 16:22:25,555 [pool-159-thread-1] INFO  server.RaftServerConfigKeys (ConfUtils.java:logGet(43)) - raft.server.sleep.deviation.threshold = 300 (default)
2019-09-23 16:22:25,556 [pool-159-thread-1] INFO  server.RaftServerConfigKeys (ConfUtils.java:logGet(43)) - raft.server.log.appender.install.snapshot.enabled = false (custom)
2019-09-23 16:22:25,556 [pool-159-thread-1] INFO  impl.RaftServerImpl (ServerState.java:<init>(103)) - 82a6f2be-c8ed-447e-9e12-bf879094a75e@group-EE20B44C3837: ConfigurationManager, init=-1: [82a6f2be-c8ed-447e-9e12-bf879094a75e:192.168.34.17:41841], old=null, confs=<EMPTY_MAP>
2019-09-23 16:22:25,556 [pool-159-thread-1] INFO  server.RaftServerConfigKeys (ConfUtils.java:logGet(43)) - raft.server.storage.dir = [/workdir/hadoop-ozone/integration-test/target/test-dir/MiniOzoneClusterImpl-f3b30e67-3449-4c60-a677-fdc793c35738/datanode-4/data/ratis] (custom)
2019-09-23 16:22:25,556 [pool-159-thread-1] INFO  storage.RaftStorageDirectory (RaftStorageDirectory.java:analyzeStorage(246)) - The storage directory /workdir/hadoop-ozone/integration-test/target/test-dir/MiniOzoneClusterImpl-f3b30e67-3449-4c60-a677-fdc793c35738/datanode-4/data/ratis/0ecd8207-5b73-4bed-865d-ee20b44c3837 does not exist. Creating ...
2019-09-23 16:22:25,562 [pool-159-thread-1] INFO  storage.RaftStorageDirectory (RaftStorageDirectory.java:tryLock(328)) - Lock on /workdir/hadoop-ozone/integration-test/target/test-dir/MiniOzoneClusterImpl-f3b30e67-3449-4c60-a677-fdc793c35738/datanode-4/data/ratis/0ecd8207-5b73-4bed-865d-ee20b44c3837/in_use.lock acquired by nodename 9920@pr-hdds-2166-7skhj-3476174427
2019-09-23 16:22:25,575 [pool-159-thread-1] INFO  storage.RaftStorage (RaftStorage.java:format(72)) - Storage directory /workdir/hadoop-ozone/integration-test/target/test-dir/MiniOzoneClusterImpl-f3b30e67-3449-4c60-a677-fdc793c35738/datanode-4/data/ratis/0ecd8207-5b73-4bed-865d-ee20b44c3837 has been successfully formatted.
2019-09-23 16:22:25,575 [pool-159-thread-1] INFO  ratis.ContainerStateMachine (ContainerStateMachine.java:loadSnapshot(230)) - group-EE20B44C3837: The snapshot info is null. Setting the last applied indexto:(t:0, i:~)
2019-09-23 16:22:25,575 [pool-159-thread-1] INFO  server.RaftServerConfigKeys (ConfUtils.java:logGet(43)) - raft.server.notification.no-leader.timeout = 120s (custom)
2019-09-23 16:22:25,575 [pool-159-thread-1] INFO  server.RaftServerConfigKeys (ConfUtils.java:logGet(43)) - raft.server.log.use.memory = false (default)
2019-09-23 16:22:25,576 [pool-159-thread-1] INFO  server.RaftServerConfigKeys (ConfUtils.java:logGet(43)) - raft.server.log.purge.gap = 1000000 (custom)
2019-09-23 16:22:25,576 [pool-159-thread-1] INFO  server.RaftServerConfigKeys (ConfUtils.java:logGet(43)) - raft.server.log.appender.buffer.byte-limit = 33554432 (custom)
2019-09-23 16:22:25,576 [pool-159-thread-1] INFO  server.RaftServerConfigKeys (ConfUtils.java:logGet(43)) - raft.server.log.segment.size.max = 1048576 (custom)
2019-09-23 16:22:25,576 [pool-159-thread-1] INFO  server.RaftServerConfigKeys (ConfUtils.java:logGet(43)) - raft.server.log.segment.cache.num.max = 2 (custom)
2019-09-23 16:22:25,576 [pool-159-thread-1] INFO  segmented.SegmentedRaftLogWorker (SegmentedRaftLogWorker.java:<init>(172)) - new 82a6f2be-c8ed-447e-9e12-bf879094a75e@group-EE20B44C3837-SegmentedRaftLogWorker for RaftStorage:Storage Directory /workdir/hadoop-ozone/integration-test/target/test-dir/MiniOzoneClusterImpl-f3b30e67-3449-4c60-a677-fdc793c35738/datanode-4/data/ratis/0ecd8207-5b73-4bed-865d-ee20b44c3837
2019-09-23 16:22:25,578 [pool-159-thread-1] INFO  server.RaftServerConfigKeys (ConfUtils.java:logGet(43)) - raft.server.log.queue.byte-limit = 2147483647 (custom)
2019-09-23 16:22:25,579 [pool-159-thread-1] INFO  server.RaftServerConfigKeys (ConfUtils.java:logGet(43)) - raft.server.log.queue.element-limit = 1024 (custom)
2019-09-23 16:22:25,579 [pool-159-thread-1] INFO  server.RaftServerConfigKeys (ConfUtils.java:logGet(43)) - raft.server.log.segment.size.max = 1048576 (custom)
2019-09-23 16:22:25,579 [pool-159-thread-1] INFO  server.RaftServerConfigKeys (ConfUtils.java:logGet(43)) - raft.server.log.preallocated.size = 16384 (custom)
2019-09-23 16:22:25,579 [pool-159-thread-1] INFO  server.RaftServerConfigKeys (ConfUtils.java:logGet(43)) - raft.server.log.write.buffer.size = 33554432 (custom)
2019-09-23 16:22:25,579 [pool-159-thread-1] INFO  server.RaftServerConfigKeys (ConfUtils.java:logGet(43)) - raft.server.log.force.sync.num = 128 (default)
2019-09-23 16:22:25,579 [pool-159-thread-1] INFO  server.RaftServerConfigKeys (ConfUtils.java:logGet(43)) - raft.server.log.statemachine.data.sync = true (default)
2019-09-23 16:22:25,580 [pool-159-thread-1] INFO  server.RaftServerConfigKeys (ConfUtils.java:logGet(43)) - raft.server.log.statemachine.data.sync.timeout = 10s (default)
2019-09-23 16:22:25,580 [pool-159-thread-1] INFO  server.RaftServerConfigKeys (ConfUtils.java:logGet(43)) - raft.server.log.statemachine.data.sync.timeout.retry = -1 (default)
2019-09-23 16:22:25,580 [pool-159-thread-1] INFO  server.RaftServerConfigKeys (ConfUtils.java:logGet(43)) - raft.server.log.statemachine.data.caching.enabled = true (custom)
2019-09-23 16:22:25,580 [pool-159-thread-1] INFO  segmented.SegmentedRaftLogWorker (SegmentedRaftLogWorker.java:lambda$new$0(132)) - 82a6f2be-c8ed-447e-9e12-bf879094a75e@group-EE20B44C3837-SegmentedRaftLogWorker: flushIndex: setUnconditionally 0 -> -1
2019-09-23 16:22:25,581 [pool-159-thread-1] INFO  server.RaftServerConfigKeys (ConfUtils.java:logGet(43)) - raft.server.snapshot.auto.trigger.enabled = true (custom)
2019-09-23 16:22:25,581 [pool-159-thread-1] INFO  server.RaftServerConfigKeys (ConfUtils.java:logGet(43)) - raft.server.snapshot.auto.trigger.threshold = 10000 (custom)
2019-09-23 16:22:25,581 [IPC Server handler 9 on 33778] INFO  net.NetworkTopology (NetworkTopologyImpl.java:add(111)) - Added a new node: /default-rack/f4bcfb62-ac2b-46dd-af17-24588ee840f9
2019-09-23 16:22:25,581 [pool-159-thread-1] INFO  server.RaftServerConfigKeys (ConfUtils.java:logGet(43)) - raft.server.snapshot.retention.num.files = 5 (custom)
2019-09-23 16:22:25,581 [IPC Server handler 9 on 33778] INFO  node.SCMNodeManager (SCMNodeManager.java:register(266)) - Registered Data node : f4bcfb62-ac2b-46dd-af17-24588ee840f9{ip: 192.168.34.17, host: pr-hdds-2166-7skhj-3476174427, networkLocation: /default-rack, certSerialId: null}
2019-09-23 16:22:25,582 [pool-159-thread-1] INFO  server.RaftServerConfigKeys (ConfUtils.java:logGet(43)) - raft.server.retrycache.expirytime = 600000ms (custom)
2019-09-23 16:22:25,584 [pool-159-thread-1] INFO  impl.RaftServerImpl (RaftServerImpl.java:start(185)) - 82a6f2be-c8ed-447e-9e12-bf879094a75e@group-EE20B44C3837: start as a follower, conf=-1: [82a6f2be-c8ed-447e-9e12-bf879094a75e:192.168.34.17:41841], old=null
2019-09-23 16:22:25,584 [pool-159-thread-1] INFO  impl.RaftServerImpl (RaftServerImpl.java:setRole(174)) - 82a6f2be-c8ed-447e-9e12-bf879094a75e@group-EE20B44C3837: changes role from      null to FOLLOWER at term 0 for startAsFollower
2019-09-23 16:22:25,584 [pool-159-thread-1] INFO  impl.RoleInfo (RoleInfo.java:updateAndGet(143)) - 82a6f2be-c8ed-447e-9e12-bf879094a75e: start FollowerState
2019-09-23 16:22:25,585 [pool-159-thread-1] INFO  util.JmxRegister (JmxRegister.java:tryRegister(44)) - Successfully registered JMX Bean with object name Ratis:service=RaftServer,group=group-EE20B44C3837,id=82a6f2be-c8ed-447e-9e12-bf879094a75e
2019-09-23 16:22:25,590 [RatisPipelineUtilsThread] INFO  pipeline.PipelineStateManager (PipelineStateManager.java:addPipeline(56)) - Created pipeline Pipeline[ Id: 0ecd8207-5b73-4bed-865d-ee20b44c3837, Nodes: 82a6f2be-c8ed-447e-9e12-bf879094a75e{ip: 192.168.34.17, host: pr-hdds-2166-7skhj-3476174427, networkLocation: /default-rack, certSerialId: null}, Type:RATIS, Factor:ONE, State:OPEN]
2019-09-23 16:22:25,599 [grpc-default-executor-3] INFO  impl.RaftServerProxy (RaftServerProxy.java:addNew(89)) - f4bcfb62-ac2b-46dd-af17-24588ee840f9: addNew group-1D9F781D54B1:[f4bcfb62-ac2b-46dd-af17-24588ee840f9:192.168.34.17:42679] returns group-1D9F781D54B1:java.util.concurrent.CompletableFuture@224d01e4[Not completed]
2019-09-23 16:22:25,604 [pool-169-thread-1] INFO  impl.RaftServerImpl (RaftServerImpl.java:<init>(95)) - f4bcfb62-ac2b-46dd-af17-24588ee840f9: new RaftServerImpl for group-1D9F781D54B1:[f4bcfb62-ac2b-46dd-af17-24588ee840f9:192.168.34.17:42679] with ContainerStateMachine:uninitialized
2019-09-23 16:22:25,604 [pool-169-thread-1] INFO  server.RaftServerConfigKeys (ConfUtils.java:logGet(43)) - raft.server.rpc.timeout.min = 5s (custom)
2019-09-23 16:22:25,604 [pool-169-thread-1] INFO  server.RaftServerConfigKeys (ConfUtils.java:logGet(43)) - raft.server.rpc.timeout.max = 5200ms (custom)
2019-09-23 16:22:25,605 [pool-169-thread-1] INFO  server.RaftServerConfigKeys (ConfUtils.java:logGet(43)) - raft.server.rpcslowness.timeout = 120s (custom)
2019-09-23 16:22:25,605 [pool-169-thread-1] INFO  server.RaftServerConfigKeys (ConfUtils.java:logGet(43)) - raft.server.sleep.deviation.threshold = 300 (default)
2019-09-23 16:22:25,605 [pool-169-thread-1] INFO  server.RaftServerConfigKeys (ConfUtils.java:logGet(43)) - raft.server.log.appender.install.snapshot.enabled = false (custom)
2019-09-23 16:22:25,605 [pool-169-thread-1] INFO  impl.RaftServerImpl (ServerState.java:<init>(103)) - f4bcfb62-ac2b-46dd-af17-24588ee840f9@group-1D9F781D54B1: ConfigurationManager, init=-1: [f4bcfb62-ac2b-46dd-af17-24588ee840f9:192.168.34.17:42679], old=null, confs=<EMPTY_MAP>
2019-09-23 16:22:25,605 [pool-169-thread-1] INFO  server.RaftServerConfigKeys (ConfUtils.java:logGet(43)) - raft.server.storage.dir = [/workdir/hadoop-ozone/integration-test/target/test-dir/MiniOzoneClusterImpl-f3b30e67-3449-4c60-a677-fdc793c35738/datanode-5/data/ratis] (custom)
2019-09-23 16:22:25,605 [pool-169-thread-1] INFO  storage.RaftStorageDirectory (RaftStorageDirectory.java:analyzeStorage(246)) - The storage directory /workdir/hadoop-ozone/integration-test/target/test-dir/MiniOzoneClusterImpl-f3b30e67-3449-4c60-a677-fdc793c35738/datanode-5/data/ratis/946abc63-acc6-4aa2-a497-1d9f781d54b1 does not exist. Creating ...
2019-09-23 16:22:25,615 [pool-169-thread-1] INFO  storage.RaftStorageDirectory (RaftStorageDirectory.java:tryLock(328)) - Lock on /workdir/hadoop-ozone/integration-test/target/test-dir/MiniOzoneClusterImpl-f3b30e67-3449-4c60-a677-fdc793c35738/datanode-5/data/ratis/946abc63-acc6-4aa2-a497-1d9f781d54b1/in_use.lock acquired by nodename 9920@pr-hdds-2166-7skhj-3476174427
2019-09-23 16:22:25,628 [pool-169-thread-1] INFO  storage.RaftStorage (RaftStorage.java:format(72)) - Storage directory /workdir/hadoop-ozone/integration-test/target/test-dir/MiniOzoneClusterImpl-f3b30e67-3449-4c60-a677-fdc793c35738/datanode-5/data/ratis/946abc63-acc6-4aa2-a497-1d9f781d54b1 has been successfully formatted.
2019-09-23 16:22:25,628 [pool-169-thread-1] INFO  ratis.ContainerStateMachine (ContainerStateMachine.java:loadSnapshot(230)) - group-1D9F781D54B1: The snapshot info is null. Setting the last applied indexto:(t:0, i:~)
2019-09-23 16:22:25,628 [pool-169-thread-1] INFO  server.RaftServerConfigKeys (ConfUtils.java:logGet(43)) - raft.server.notification.no-leader.timeout = 120s (custom)
2019-09-23 16:22:25,629 [pool-169-thread-1] INFO  server.RaftServerConfigKeys (ConfUtils.java:logGet(43)) - raft.server.log.use.memory = false (default)
2019-09-23 16:22:25,629 [pool-169-thread-1] INFO  server.RaftServerConfigKeys (ConfUtils.java:logGet(43)) - raft.server.log.purge.gap = 1000000 (custom)
2019-09-23 16:22:25,629 [pool-169-thread-1] INFO  server.RaftServerConfigKeys (ConfUtils.java:logGet(43)) - raft.server.log.appender.buffer.byte-limit = 33554432 (custom)
2019-09-23 16:22:25,629 [pool-169-thread-1] INFO  server.RaftServerConfigKeys (ConfUtils.java:logGet(43)) - raft.server.log.segment.size.max = 1048576 (custom)
2019-09-23 16:22:25,629 [pool-169-thread-1] INFO  server.RaftServerConfigKeys (ConfUtils.java:logGet(43)) - raft.server.log.segment.cache.num.max = 2 (custom)
2019-09-23 16:22:25,629 [pool-169-thread-1] INFO  segmented.SegmentedRaftLogWorker (SegmentedRaftLogWorker.java:<init>(172)) - new f4bcfb62-ac2b-46dd-af17-24588ee840f9@group-1D9F781D54B1-SegmentedRaftLogWorker for RaftStorage:Storage Directory /workdir/hadoop-ozone/integration-test/target/test-dir/MiniOzoneClusterImpl-f3b30e67-3449-4c60-a677-fdc793c35738/datanode-5/data/ratis/946abc63-acc6-4aa2-a497-1d9f781d54b1
2019-09-23 16:22:25,631 [pool-169-thread-1] INFO  server.RaftServerConfigKeys (ConfUtils.java:logGet(43)) - raft.server.log.queue.byte-limit = 2147483647 (custom)
2019-09-23 16:22:25,631 [pool-169-thread-1] INFO  server.RaftServerConfigKeys (ConfUtils.java:logGet(43)) - raft.server.log.queue.element-limit = 1024 (custom)
2019-09-23 16:22:25,632 [pool-169-thread-1] INFO  server.RaftServerConfigKeys (ConfUtils.java:logGet(43)) - raft.server.log.segment.size.max = 1048576 (custom)
2019-09-23 16:22:25,632 [pool-169-thread-1] INFO  server.RaftServerConfigKeys (ConfUtils.java:logGet(43)) - raft.server.log.preallocated.size = 16384 (custom)
2019-09-23 16:22:25,632 [pool-169-thread-1] INFO  server.RaftServerConfigKeys (ConfUtils.java:logGet(43)) - raft.server.log.write.buffer.size = 33554432 (custom)
2019-09-23 16:22:25,632 [pool-169-thread-1] INFO  server.RaftServerConfigKeys (ConfUtils.java:logGet(43)) - raft.server.log.force.sync.num = 128 (default)
2019-09-23 16:22:25,632 [pool-169-thread-1] INFO  server.RaftServerConfigKeys (ConfUtils.java:logGet(43)) - raft.server.log.statemachine.data.sync = true (default)
2019-09-23 16:22:25,632 [pool-169-thread-1] INFO  server.RaftServerConfigKeys (ConfUtils.java:logGet(43)) - raft.server.log.statemachine.data.sync.timeout = 10s (default)
2019-09-23 16:22:25,632 [pool-169-thread-1] INFO  server.RaftServerConfigKeys (ConfUtils.java:logGet(43)) - raft.server.log.statemachine.data.sync.timeout.retry = -1 (default)
2019-09-23 16:22:25,633 [pool-169-thread-1] INFO  server.RaftServerConfigKeys (ConfUtils.java:logGet(43)) - raft.server.log.statemachine.data.caching.enabled = true (custom)
2019-09-23 16:22:25,633 [pool-169-thread-1] INFO  segmented.SegmentedRaftLogWorker (SegmentedRaftLogWorker.java:lambda$new$0(132)) - f4bcfb62-ac2b-46dd-af17-24588ee840f9@group-1D9F781D54B1-SegmentedRaftLogWorker: flushIndex: setUnconditionally 0 -> -1
2019-09-23 16:22:25,633 [pool-169-thread-1] INFO  server.RaftServerConfigKeys (ConfUtils.java:logGet(43)) - raft.server.snapshot.auto.trigger.enabled = true (custom)
2019-09-23 16:22:25,633 [pool-169-thread-1] INFO  server.RaftServerConfigKeys (ConfUtils.java:logGet(43)) - raft.server.snapshot.auto.trigger.threshold = 10000 (custom)
2019-09-23 16:22:25,633 [pool-169-thread-1] INFO  server.RaftServerConfigKeys (ConfUtils.java:logGet(43)) - raft.server.snapshot.retention.num.files = 5 (custom)
2019-09-23 16:22:25,634 [pool-169-thread-1] INFO  server.RaftServerConfigKeys (ConfUtils.java:logGet(43)) - raft.server.retrycache.expirytime = 600000ms (custom)
2019-09-23 16:22:25,636 [pool-169-thread-1] INFO  impl.RaftServerImpl (RaftServerImpl.java:start(185)) - f4bcfb62-ac2b-46dd-af17-24588ee840f9@group-1D9F781D54B1: start as a follower, conf=-1: [f4bcfb62-ac2b-46dd-af17-24588ee840f9:192.168.34.17:42679], old=null
2019-09-23 16:22:25,636 [pool-169-thread-1] INFO  impl.RaftServerImpl (RaftServerImpl.java:setRole(174)) - f4bcfb62-ac2b-46dd-af17-24588ee840f9@group-1D9F781D54B1: changes role from      null to FOLLOWER at term 0 for startAsFollower
2019-09-23 16:22:25,636 [pool-169-thread-1] INFO  impl.RoleInfo (RoleInfo.java:updateAndGet(143)) - f4bcfb62-ac2b-46dd-af17-24588ee840f9: start FollowerState
2019-09-23 16:22:25,636 [pool-169-thread-1] INFO  util.JmxRegister (JmxRegister.java:tryRegister(44)) - Successfully registered JMX Bean with object name Ratis:service=RaftServer,group=group-1D9F781D54B1,id=f4bcfb62-ac2b-46dd-af17-24588ee840f9
2019-09-23 16:22:25,640 [RatisPipelineUtilsThread] INFO  pipeline.PipelineStateManager (PipelineStateManager.java:addPipeline(56)) - Created pipeline Pipeline[ Id: 946abc63-acc6-4aa2-a497-1d9f781d54b1, Nodes: f4bcfb62-ac2b-46dd-af17-24588ee840f9{ip: 192.168.34.17, host: pr-hdds-2166-7skhj-3476174427, networkLocation: /default-rack, certSerialId: null}, Type:RATIS, Factor:ONE, State:OPEN]
2019-09-23 16:22:25,665 [grpc-default-executor-1] INFO  impl.RaftServerProxy (RaftServerProxy.java:addNew(89)) - f4bcfb62-ac2b-46dd-af17-24588ee840f9: addNew group-93DCACA2FB8D:[82a6f2be-c8ed-447e-9e12-bf879094a75e:192.168.34.17:41841, 4c07bcfb-bfa3-4850-b9a2-ba41057b118b:192.168.34.17:44862, f4bcfb62-ac2b-46dd-af17-24588ee840f9:192.168.34.17:42679] returns group-93DCACA2FB8D:java.util.concurrent.CompletableFuture@3c9a3c28[Not completed]
2019-09-23 16:22:25,665 [grpc-default-executor-3] INFO  impl.RaftServerProxy (RaftServerProxy.java:addNew(89)) - 4c07bcfb-bfa3-4850-b9a2-ba41057b118b: addNew group-93DCACA2FB8D:[82a6f2be-c8ed-447e-9e12-bf879094a75e:192.168.34.17:41841, 4c07bcfb-bfa3-4850-b9a2-ba41057b118b:192.168.34.17:44862, f4bcfb62-ac2b-46dd-af17-24588ee840f9:192.168.34.17:42679] returns group-93DCACA2FB8D:java.util.concurrent.CompletableFuture@40ae360d[Not completed]
2019-09-23 16:22:25,665 [grpc-default-executor-2] INFO  impl.RaftServerProxy (RaftServerProxy.java:addNew(89)) - 82a6f2be-c8ed-447e-9e12-bf879094a75e: addNew group-93DCACA2FB8D:[82a6f2be-c8ed-447e-9e12-bf879094a75e:192.168.34.17:41841, 4c07bcfb-bfa3-4850-b9a2-ba41057b118b:192.168.34.17:44862, f4bcfb62-ac2b-46dd-af17-24588ee840f9:192.168.34.17:42679] returns group-93DCACA2FB8D:java.util.concurrent.CompletableFuture@77556464[Not completed]
2019-09-23 16:22:25,667 [pool-169-thread-1] INFO  impl.RaftServerImpl (RaftServerImpl.java:<init>(95)) - f4bcfb62-ac2b-46dd-af17-24588ee840f9: new RaftServerImpl for group-93DCACA2FB8D:[82a6f2be-c8ed-447e-9e12-bf879094a75e:192.168.34.17:41841, 4c07bcfb-bfa3-4850-b9a2-ba41057b118b:192.168.34.17:44862, f4bcfb62-ac2b-46dd-af17-24588ee840f9:192.168.34.17:42679] with ContainerStateMachine:uninitialized
2019-09-23 16:22:25,667 [pool-169-thread-1] INFO  server.RaftServerConfigKeys (ConfUtils.java:logGet(43)) - raft.server.rpc.timeout.min = 5s (custom)
2019-09-23 16:22:25,667 [pool-169-thread-1] INFO  server.RaftServerConfigKeys (ConfUtils.java:logGet(43)) - raft.server.rpc.timeout.max = 5200ms (custom)
2019-09-23 16:22:25,667 [pool-169-thread-1] INFO  server.RaftServerConfigKeys (ConfUtils.java:logGet(43)) - raft.server.rpcslowness.timeout = 120s (custom)
2019-09-23 16:22:25,667 [pool-169-thread-1] INFO  server.RaftServerConfigKeys (ConfUtils.java:logGet(43)) - raft.server.sleep.deviation.threshold = 300 (default)
2019-09-23 16:22:25,667 [pool-169-thread-1] INFO  server.RaftServerConfigKeys (ConfUtils.java:logGet(43)) - raft.server.log.appender.install.snapshot.enabled = false (custom)
2019-09-23 16:22:25,667 [pool-169-thread-1] INFO  impl.RaftServerImpl (ServerState.java:<init>(103)) - f4bcfb62-ac2b-46dd-af17-24588ee840f9@group-93DCACA2FB8D: ConfigurationManager, init=-1: [82a6f2be-c8ed-447e-9e12-bf879094a75e:192.168.34.17:41841, 4c07bcfb-bfa3-4850-b9a2-ba41057b118b:192.168.34.17:44862, f4bcfb62-ac2b-46dd-af17-24588ee840f9:192.168.34.17:42679], old=null, confs=<EMPTY_MAP>
2019-09-23 16:22:25,667 [pool-149-thread-1] INFO  impl.RaftServerImpl (RaftServerImpl.java:<init>(95)) - 4c07bcfb-bfa3-4850-b9a2-ba41057b118b: new RaftServerImpl for group-93DCACA2FB8D:[82a6f2be-c8ed-447e-9e12-bf879094a75e:192.168.34.17:41841, 4c07bcfb-bfa3-4850-b9a2-ba41057b118b:192.168.34.17:44862, f4bcfb62-ac2b-46dd-af17-24588ee840f9:192.168.34.17:42679] with ContainerStateMachine:uninitialized
2019-09-23 16:22:25,667 [pool-169-thread-1] INFO  server.RaftServerConfigKeys (ConfUtils.java:logGet(43)) - raft.server.storage.dir = [/workdir/hadoop-ozone/integration-test/target/test-dir/MiniOzoneClusterImpl-f3b30e67-3449-4c60-a677-fdc793c35738/datanode-5/data/ratis] (custom)
2019-09-23 16:22:25,668 [pool-149-thread-1] INFO  server.RaftServerConfigKeys (ConfUtils.java:logGet(43)) - raft.server.rpc.timeout.min = 5s (custom)
2019-09-23 16:22:25,668 [pool-149-thread-1] INFO  server.RaftServerConfigKeys (ConfUtils.java:logGet(43)) - raft.server.rpc.timeout.max = 5200ms (custom)
2019-09-23 16:22:25,668 [pool-169-thread-1] INFO  storage.RaftStorageDirectory (RaftStorageDirectory.java:analyzeStorage(246)) - The storage directory /workdir/hadoop-ozone/integration-test/target/test-dir/MiniOzoneClusterImpl-f3b30e67-3449-4c60-a677-fdc793c35738/datanode-5/data/ratis/b579be88-aee7-4707-88ee-93dcaca2fb8d does not exist. Creating ...
2019-09-23 16:22:25,668 [pool-149-thread-1] INFO  server.RaftServerConfigKeys (ConfUtils.java:logGet(43)) - raft.server.rpcslowness.timeout = 120s (custom)
2019-09-23 16:22:25,668 [pool-159-thread-1] INFO  impl.RaftServerImpl (RaftServerImpl.java:<init>(95)) - 82a6f2be-c8ed-447e-9e12-bf879094a75e: new RaftServerImpl for group-93DCACA2FB8D:[82a6f2be-c8ed-447e-9e12-bf879094a75e:192.168.34.17:41841, 4c07bcfb-bfa3-4850-b9a2-ba41057b118b:192.168.34.17:44862, f4bcfb62-ac2b-46dd-af17-24588ee840f9:192.168.34.17:42679] with ContainerStateMachine:uninitialized
2019-09-23 16:22:25,668 [pool-149-thread-1] INFO  server.RaftServerConfigKeys (ConfUtils.java:logGet(43)) - raft.server.sleep.deviation.threshold = 300 (default)
2019-09-23 16:22:25,669 [pool-159-thread-1] INFO  server.RaftServerConfigKeys (ConfUtils.java:logGet(43)) - raft.server.rpc.timeout.min = 5s (custom)
2019-09-23 16:22:25,669 [pool-149-thread-1] INFO  server.RaftServerConfigKeys (ConfUtils.java:logGet(43)) - raft.server.log.appender.install.snapshot.enabled = false (custom)
2019-09-23 16:22:25,669 [pool-159-thread-1] INFO  server.RaftServerConfigKeys (ConfUtils.java:logGet(43)) - raft.server.rpc.timeout.max = 5200ms (custom)
2019-09-23 16:22:25,669 [pool-149-thread-1] INFO  impl.RaftServerImpl (ServerState.java:<init>(103)) - 4c07bcfb-bfa3-4850-b9a2-ba41057b118b@group-93DCACA2FB8D: ConfigurationManager, init=-1: [82a6f2be-c8ed-447e-9e12-bf879094a75e:192.168.34.17:41841, 4c07bcfb-bfa3-4850-b9a2-ba41057b118b:192.168.34.17:44862, f4bcfb62-ac2b-46dd-af17-24588ee840f9:192.168.34.17:42679], old=null, confs=<EMPTY_MAP>
2019-09-23 16:22:25,669 [pool-159-thread-1] INFO  server.RaftServerConfigKeys (ConfUtils.java:logGet(43)) - raft.server.rpcslowness.timeout = 120s (custom)
2019-09-23 16:22:25,669 [pool-149-thread-1] INFO  server.RaftServerConfigKeys (ConfUtils.java:logGet(43)) - raft.server.storage.dir = [/workdir/hadoop-ozone/integration-test/target/test-dir/MiniOzoneClusterImpl-f3b30e67-3449-4c60-a677-fdc793c35738/datanode-3/data/ratis] (custom)
2019-09-23 16:22:25,669 [pool-159-thread-1] INFO  server.RaftServerConfigKeys (ConfUtils.java:logGet(43)) - raft.server.sleep.deviation.threshold = 300 (default)
2019-09-23 16:22:25,670 [pool-159-thread-1] INFO  server.RaftServerConfigKeys (ConfUtils.java:logGet(43)) - raft.server.log.appender.install.snapshot.enabled = false (custom)
2019-09-23 16:22:25,670 [pool-149-thread-1] INFO  storage.RaftStorageDirectory (RaftStorageDirectory.java:analyzeStorage(246)) - The storage directory /workdir/hadoop-ozone/integration-test/target/test-dir/MiniOzoneClusterImpl-f3b30e67-3449-4c60-a677-fdc793c35738/datanode-3/data/ratis/b579be88-aee7-4707-88ee-93dcaca2fb8d does not exist. Creating ...
2019-09-23 16:22:25,670 [pool-159-thread-1] INFO  impl.RaftServerImpl (ServerState.java:<init>(103)) - 82a6f2be-c8ed-447e-9e12-bf879094a75e@group-93DCACA2FB8D: ConfigurationManager, init=-1: [82a6f2be-c8ed-447e-9e12-bf879094a75e:192.168.34.17:41841, 4c07bcfb-bfa3-4850-b9a2-ba41057b118b:192.168.34.17:44862, f4bcfb62-ac2b-46dd-af17-24588ee840f9:192.168.34.17:42679], old=null, confs=<EMPTY_MAP>
2019-09-23 16:22:25,670 [pool-159-thread-1] INFO  server.RaftServerConfigKeys (ConfUtils.java:logGet(43)) - raft.server.storage.dir = [/workdir/hadoop-ozone/integration-test/target/test-dir/MiniOzoneClusterImpl-f3b30e67-3449-4c60-a677-fdc793c35738/datanode-4/data/ratis] (custom)
2019-09-23 16:22:25,671 [pool-159-thread-1] INFO  storage.RaftStorageDirectory (RaftStorageDirectory.java:analyzeStorage(246)) - The storage directory /workdir/hadoop-ozone/integration-test/target/test-dir/MiniOzoneClusterImpl-f3b30e67-3449-4c60-a677-fdc793c35738/datanode-4/data/ratis/b579be88-aee7-4707-88ee-93dcaca2fb8d does not exist. Creating ...
2019-09-23 16:22:25,677 [IPC Server handler 5 on 33778] INFO  net.NetworkTopology (NetworkTopologyImpl.java:add(111)) - Added a new node: /default-rack/9696e66f-4dac-4c06-b3d5-84498a83dd9e
2019-09-23 16:22:25,677 [IPC Server handler 5 on 33778] INFO  node.SCMNodeManager (SCMNodeManager.java:register(266)) - Registered Data node : 9696e66f-4dac-4c06-b3d5-84498a83dd9e{ip: 192.168.34.17, host: pr-hdds-2166-7skhj-3476174427, networkLocation: /default-rack, certSerialId: null}
2019-09-23 16:22:25,679 [main] INFO  ozone.MiniOzoneClusterImpl (MiniOzoneClusterImpl.java:lambda$waitForClusterToBeReady$0(147)) - Cluster is ready. Got 7 of 7 DN Heartbeats.
2019-09-23 16:22:25,682 [pool-149-thread-1] INFO  storage.RaftStorageDirectory (RaftStorageDirectory.java:tryLock(328)) - Lock on /workdir/hadoop-ozone/integration-test/target/test-dir/MiniOzoneClusterImpl-f3b30e67-3449-4c60-a677-fdc793c35738/datanode-3/data/ratis/b579be88-aee7-4707-88ee-93dcaca2fb8d/in_use.lock acquired by nodename 9920@pr-hdds-2166-7skhj-3476174427
2019-09-23 16:22:25,682 [pool-159-thread-1] INFO  storage.RaftStorageDirectory (RaftStorageDirectory.java:tryLock(328)) - Lock on /workdir/hadoop-ozone/integration-test/target/test-dir/MiniOzoneClusterImpl-f3b30e67-3449-4c60-a677-fdc793c35738/datanode-4/data/ratis/b579be88-aee7-4707-88ee-93dcaca2fb8d/in_use.lock acquired by nodename 9920@pr-hdds-2166-7skhj-3476174427
2019-09-23 16:22:25,682 [pool-169-thread-1] INFO  storage.RaftStorageDirectory (RaftStorageDirectory.java:tryLock(328)) - Lock on /workdir/hadoop-ozone/integration-test/target/test-dir/MiniOzoneClusterImpl-f3b30e67-3449-4c60-a677-fdc793c35738/datanode-5/data/ratis/b579be88-aee7-4707-88ee-93dcaca2fb8d/in_use.lock acquired by nodename 9920@pr-hdds-2166-7skhj-3476174427
2019-09-23 16:22:25,691 [pool-169-thread-1] INFO  storage.RaftStorage (RaftStorage.java:format(72)) - Storage directory /workdir/hadoop-ozone/integration-test/target/test-dir/MiniOzoneClusterImpl-f3b30e67-3449-4c60-a677-fdc793c35738/datanode-5/data/ratis/b579be88-aee7-4707-88ee-93dcaca2fb8d has been successfully formatted.
2019-09-23 16:22:25,691 [pool-159-thread-1] INFO  storage.RaftStorage (RaftStorage.java:format(72)) - Storage directory /workdir/hadoop-ozone/integration-test/target/test-dir/MiniOzoneClusterImpl-f3b30e67-3449-4c60-a677-fdc793c35738/datanode-4/data/ratis/b579be88-aee7-4707-88ee-93dcaca2fb8d has been successfully formatted.
2019-09-23 16:22:25,691 [pool-149-thread-1] INFO  storage.RaftStorage (RaftStorage.java:format(72)) - Storage directory /workdir/hadoop-ozone/integration-test/target/test-dir/MiniOzoneClusterImpl-f3b30e67-3449-4c60-a677-fdc793c35738/datanode-3/data/ratis/b579be88-aee7-4707-88ee-93dcaca2fb8d has been successfully formatted.
2019-09-23 16:22:25,691 [pool-159-thread-1] INFO  ratis.ContainerStateMachine (ContainerStateMachine.java:loadSnapshot(230)) - group-93DCACA2FB8D: The snapshot info is null. Setting the last applied indexto:(t:0, i:~)
2019-09-23 16:22:25,691 [pool-149-thread-1] INFO  ratis.ContainerStateMachine (ContainerStateMachine.java:loadSnapshot(230)) - group-93DCACA2FB8D: The snapshot info is null. Setting the last applied indexto:(t:0, i:~)
2019-09-23 16:22:25,691 [pool-169-thread-1] INFO  ratis.ContainerStateMachine (ContainerStateMachine.java:loadSnapshot(230)) - group-93DCACA2FB8D: The snapshot info is null. Setting the last applied indexto:(t:0, i:~)
2019-09-23 16:22:25,692 [pool-149-thread-1] INFO  server.RaftServerConfigKeys (ConfUtils.java:logGet(43)) - raft.server.notification.no-leader.timeout = 120s (custom)
2019-09-23 16:22:25,691 [pool-159-thread-1] INFO  server.RaftServerConfigKeys (ConfUtils.java:logGet(43)) - raft.server.notification.no-leader.timeout = 120s (custom)
2019-09-23 16:22:25,692 [pool-149-thread-1] INFO  server.RaftServerConfigKeys (ConfUtils.java:logGet(43)) - raft.server.log.use.memory = false (default)
2019-09-23 16:22:25,692 [pool-169-thread-1] INFO  server.RaftServerConfigKeys (ConfUtils.java:logGet(43)) - raft.server.notification.no-leader.timeout = 120s (custom)
2019-09-23 16:22:25,692 [pool-149-thread-1] INFO  server.RaftServerConfigKeys (ConfUtils.java:logGet(43)) - raft.server.log.purge.gap = 1000000 (custom)
2019-09-23 16:22:25,692 [pool-159-thread-1] INFO  server.RaftServerConfigKeys (ConfUtils.java:logGet(43)) - raft.server.log.use.memory = false (default)
2019-09-23 16:22:25,693 [pool-149-thread-1] INFO  server.RaftServerConfigKeys (ConfUtils.java:logGet(43)) - raft.server.log.appender.buffer.byte-limit = 33554432 (custom)
2019-09-23 16:22:25,692 [pool-169-thread-1] INFO  server.RaftServerConfigKeys (ConfUtils.java:logGet(43)) - raft.server.log.use.memory = false (default)
2019-09-23 16:22:25,695 [pool-149-thread-1] INFO  server.RaftServerConfigKeys (ConfUtils.java:logGet(43)) - raft.server.log.segment.size.max = 1048576 (custom)
2019-09-23 16:22:25,695 [pool-159-thread-1] INFO  server.RaftServerConfigKeys (ConfUtils.java:logGet(43)) - raft.server.log.purge.gap = 1000000 (custom)
2019-09-23 16:22:25,695 [pool-149-thread-1] INFO  server.RaftServerConfigKeys (ConfUtils.java:logGet(43)) - raft.server.log.segment.cache.num.max = 2 (custom)
2019-09-23 16:22:25,695 [pool-169-thread-1] INFO  server.RaftServerConfigKeys (ConfUtils.java:logGet(43)) - raft.server.log.purge.gap = 1000000 (custom)
2019-09-23 16:22:25,696 [pool-149-thread-1] INFO  segmented.SegmentedRaftLogWorker (SegmentedRaftLogWorker.java:<init>(172)) - new 4c07bcfb-bfa3-4850-b9a2-ba41057b118b@group-93DCACA2FB8D-SegmentedRaftLogWorker for RaftStorage:Storage Directory /workdir/hadoop-ozone/integration-test/target/test-dir/MiniOzoneClusterImpl-f3b30e67-3449-4c60-a677-fdc793c35738/datanode-3/data/ratis/b579be88-aee7-4707-88ee-93dcaca2fb8d
2019-09-23 16:22:25,695 [pool-159-thread-1] INFO  server.RaftServerConfigKeys (ConfUtils.java:logGet(43)) - raft.server.log.appender.buffer.byte-limit = 33554432 (custom)
2019-09-23 16:22:25,705 [pool-149-thread-1] INFO  server.RaftServerConfigKeys (ConfUtils.java:logGet(43)) - raft.server.log.queue.byte-limit = 2147483647 (custom)
2019-09-23 16:22:25,705 [pool-169-thread-1] INFO  server.RaftServerConfigKeys (ConfUtils.java:logGet(43)) - raft.server.log.appender.buffer.byte-limit = 33554432 (custom)
2019-09-23 16:22:25,706 [pool-149-thread-1] INFO  server.RaftServerConfigKeys (ConfUtils.java:logGet(43)) - raft.server.log.queue.element-limit = 1024 (custom)
2019-09-23 16:22:25,706 [pool-159-thread-1] INFO  server.RaftServerConfigKeys (ConfUtils.java:logGet(43)) - raft.server.log.segment.size.max = 1048576 (custom)
2019-09-23 16:22:25,706 [pool-149-thread-1] INFO  server.RaftServerConfigKeys (ConfUtils.java:logGet(43)) - raft.server.log.segment.size.max = 1048576 (custom)
2019-09-23 16:22:25,706 [pool-169-thread-1] INFO  server.RaftServerConfigKeys (ConfUtils.java:logGet(43)) - raft.server.log.segment.size.max = 1048576 (custom)
2019-09-23 16:22:25,706 [pool-149-thread-1] INFO  server.RaftServerConfigKeys (ConfUtils.java:logGet(43)) - raft.server.log.preallocated.size = 16384 (custom)
2019-09-23 16:22:25,706 [pool-159-thread-1] INFO  server.RaftServerConfigKeys (ConfUtils.java:logGet(43)) - raft.server.log.segment.cache.num.max = 2 (custom)
2019-09-23 16:22:25,707 [pool-149-thread-1] INFO  server.RaftServerConfigKeys (ConfUtils.java:logGet(43)) - raft.server.log.write.buffer.size = 33554432 (custom)
2019-09-23 16:22:25,707 [pool-169-thread-1] INFO  server.RaftServerConfigKeys (ConfUtils.java:logGet(43)) - raft.server.log.segment.cache.num.max = 2 (custom)
2019-09-23 16:22:25,707 [pool-149-thread-1] INFO  server.RaftServerConfigKeys (ConfUtils.java:logGet(43)) - raft.server.log.force.sync.num = 128 (default)
2019-09-23 16:22:25,707 [pool-159-thread-1] INFO  segmented.SegmentedRaftLogWorker (SegmentedRaftLogWorker.java:<init>(172)) - new 82a6f2be-c8ed-447e-9e12-bf879094a75e@group-93DCACA2FB8D-SegmentedRaftLogWorker for RaftStorage:Storage Directory /workdir/hadoop-ozone/integration-test/target/test-dir/MiniOzoneClusterImpl-f3b30e67-3449-4c60-a677-fdc793c35738/datanode-4/data/ratis/b579be88-aee7-4707-88ee-93dcaca2fb8d
2019-09-23 16:22:25,707 [pool-149-thread-1] INFO  server.RaftServerConfigKeys (ConfUtils.java:logGet(43)) - raft.server.log.statemachine.data.sync = true (default)
2019-09-23 16:22:25,707 [pool-169-thread-1] INFO  segmented.SegmentedRaftLogWorker (SegmentedRaftLogWorker.java:<init>(172)) - new f4bcfb62-ac2b-46dd-af17-24588ee840f9@group-93DCACA2FB8D-SegmentedRaftLogWorker for RaftStorage:Storage Directory /workdir/hadoop-ozone/integration-test/target/test-dir/MiniOzoneClusterImpl-f3b30e67-3449-4c60-a677-fdc793c35738/datanode-5/data/ratis/b579be88-aee7-4707-88ee-93dcaca2fb8d
2019-09-23 16:22:25,708 [pool-149-thread-1] INFO  server.RaftServerConfigKeys (ConfUtils.java:logGet(43)) - raft.server.log.statemachine.data.sync.timeout = 10s (default)
2019-09-23 16:22:25,708 [pool-159-thread-1] INFO  server.RaftServerConfigKeys (ConfUtils.java:logGet(43)) - raft.server.log.queue.byte-limit = 2147483647 (custom)
2019-09-23 16:22:25,708 [pool-149-thread-1] INFO  server.RaftServerConfigKeys (ConfUtils.java:logGet(43)) - raft.server.log.statemachine.data.sync.timeout.retry = -1 (default)
2019-09-23 16:22:25,708 [pool-169-thread-1] INFO  server.RaftServerConfigKeys (ConfUtils.java:logGet(43)) - raft.server.log.queue.byte-limit = 2147483647 (custom)
2019-09-23 16:22:25,708 [pool-149-thread-1] INFO  server.RaftServerConfigKeys (ConfUtils.java:logGet(43)) - raft.server.log.statemachine.data.caching.enabled = true (custom)
2019-09-23 16:22:25,708 [pool-159-thread-1] INFO  server.RaftServerConfigKeys (ConfUtils.java:logGet(43)) - raft.server.log.queue.element-limit = 1024 (custom)
2019-09-23 16:22:25,708 [pool-169-thread-1] INFO  server.RaftServerConfigKeys (ConfUtils.java:logGet(43)) - raft.server.log.queue.element-limit = 1024 (custom)
2019-09-23 16:22:25,709 [pool-149-thread-1] INFO  segmented.SegmentedRaftLogWorker (SegmentedRaftLogWorker.java:lambda$new$0(132)) - 4c07bcfb-bfa3-4850-b9a2-ba41057b118b@group-93DCACA2FB8D-SegmentedRaftLogWorker: flushIndex: setUnconditionally 0 -> -1
2019-09-23 16:22:25,709 [pool-159-thread-1] INFO  server.RaftServerConfigKeys (ConfUtils.java:logGet(43)) - raft.server.log.segment.size.max = 1048576 (custom)
2019-09-23 16:22:25,711 [pool-169-thread-1] INFO  server.RaftServerConfigKeys (ConfUtils.java:logGet(43)) - raft.server.log.segment.size.max = 1048576 (custom)
2019-09-23 16:22:25,711 [pool-159-thread-1] INFO  server.RaftServerConfigKeys (ConfUtils.java:logGet(43)) - raft.server.log.preallocated.size = 16384 (custom)
2019-09-23 16:22:25,711 [pool-149-thread-1] INFO  server.RaftServerConfigKeys (ConfUtils.java:logGet(43)) - raft.server.snapshot.auto.trigger.enabled = true (custom)
2019-09-23 16:22:25,712 [pool-159-thread-1] INFO  server.RaftServerConfigKeys (ConfUtils.java:logGet(43)) - raft.server.log.write.buffer.size = 33554432 (custom)
2019-09-23 16:22:25,712 [pool-159-thread-1] INFO  server.RaftServerConfigKeys (ConfUtils.java:logGet(43)) - raft.server.log.force.sync.num = 128 (default)
2019-09-23 16:22:25,711 [pool-169-thread-1] INFO  server.RaftServerConfigKeys (ConfUtils.java:logGet(43)) - raft.server.log.preallocated.size = 16384 (custom)
2019-09-23 16:22:25,712 [pool-159-thread-1] INFO  server.RaftServerConfigKeys (ConfUtils.java:logGet(43)) - raft.server.log.statemachine.data.sync = true (default)
2019-09-23 16:22:25,712 [pool-149-thread-1] INFO  server.RaftServerConfigKeys (ConfUtils.java:logGet(43)) - raft.server.snapshot.auto.trigger.threshold = 10000 (custom)
2019-09-23 16:22:25,713 [pool-159-thread-1] INFO  server.RaftServerConfigKeys (ConfUtils.java:logGet(43)) - raft.server.log.statemachine.data.sync.timeout = 10s (default)
2019-09-23 16:22:25,712 [pool-169-thread-1] INFO  server.RaftServerConfigKeys (ConfUtils.java:logGet(43)) - raft.server.log.write.buffer.size = 33554432 (custom)
2019-09-23 16:22:25,713 [main] INFO  rpc.RpcClient (RpcClient.java:createVolume(276)) - Creating Volume: watchforcommithandlingtest, with jenkins1000 as owner.
2019-09-23 16:22:25,713 [pool-159-thread-1] INFO  server.RaftServerConfigKeys (ConfUtils.java:logGet(43)) - raft.server.log.statemachine.data.sync.timeout.retry = -1 (default)
2019-09-23 16:22:25,713 [pool-149-thread-1] INFO  server.RaftServerConfigKeys (ConfUtils.java:logGet(43)) - raft.server.snapshot.retention.num.files = 5 (custom)
2019-09-23 16:22:25,714 [pool-159-thread-1] INFO  server.RaftServerConfigKeys (ConfUtils.java:logGet(43)) - raft.server.log.statemachine.data.caching.enabled = true (custom)
2019-09-23 16:22:25,713 [pool-169-thread-1] INFO  server.RaftServerConfigKeys (ConfUtils.java:logGet(43)) - raft.server.log.force.sync.num = 128 (default)
2019-09-23 16:22:25,714 [pool-149-thread-1] INFO  server.RaftServerConfigKeys (ConfUtils.java:logGet(43)) - raft.server.retrycache.expirytime = 600000ms (custom)
2019-09-23 16:22:25,714 [pool-159-thread-1] INFO  segmented.SegmentedRaftLogWorker (SegmentedRaftLogWorker.java:lambda$new$0(132)) - 82a6f2be-c8ed-447e-9e12-bf879094a75e@group-93DCACA2FB8D-SegmentedRaftLogWorker: flushIndex: setUnconditionally 0 -> -1
2019-09-23 16:22:25,714 [pool-169-thread-1] INFO  server.RaftServerConfigKeys (ConfUtils.java:logGet(43)) - raft.server.log.statemachine.data.sync = true (default)
2019-09-23 16:22:25,715 [pool-169-thread-1] INFO  server.RaftServerConfigKeys (ConfUtils.java:logGet(43)) - raft.server.log.statemachine.data.sync.timeout = 10s (default)
2019-09-23 16:22:25,715 [pool-159-thread-1] INFO  server.RaftServerConfigKeys (ConfUtils.java:logGet(43)) - raft.server.snapshot.auto.trigger.enabled = true (custom)
2019-09-23 16:22:25,715 [pool-169-thread-1] INFO  server.RaftServerConfigKeys (ConfUtils.java:logGet(43)) - raft.server.log.statemachine.data.sync.timeout.retry = -1 (default)
2019-09-23 16:22:25,715 [pool-159-thread-1] INFO  server.RaftServerConfigKeys (ConfUtils.java:logGet(43)) - raft.server.snapshot.auto.trigger.threshold = 10000 (custom)
2019-09-23 16:22:25,715 [pool-169-thread-1] INFO  server.RaftServerConfigKeys (ConfUtils.java:logGet(43)) - raft.server.log.statemachine.data.caching.enabled = true (custom)
2019-09-23 16:22:25,715 [pool-159-thread-1] INFO  server.RaftServerConfigKeys (ConfUtils.java:logGet(43)) - raft.server.snapshot.retention.num.files = 5 (custom)
2019-09-23 16:22:25,716 [pool-169-thread-1] INFO  segmented.SegmentedRaftLogWorker (SegmentedRaftLogWorker.java:lambda$new$0(132)) - f4bcfb62-ac2b-46dd-af17-24588ee840f9@group-93DCACA2FB8D-SegmentedRaftLogWorker: flushIndex: setUnconditionally 0 -> -1
2019-09-23 16:22:25,716 [pool-159-thread-1] INFO  server.RaftServerConfigKeys (ConfUtils.java:logGet(43)) - raft.server.retrycache.expirytime = 600000ms (custom)
2019-09-23 16:22:25,716 [pool-169-thread-1] INFO  server.RaftServerConfigKeys (ConfUtils.java:logGet(43)) - raft.server.snapshot.auto.trigger.enabled = true (custom)
2019-09-23 16:22:25,716 [pool-169-thread-1] INFO  server.RaftServerConfigKeys (ConfUtils.java:logGet(43)) - raft.server.snapshot.auto.trigger.threshold = 10000 (custom)
2019-09-23 16:22:25,716 [pool-169-thread-1] INFO  server.RaftServerConfigKeys (ConfUtils.java:logGet(43)) - raft.server.snapshot.retention.num.files = 5 (custom)
2019-09-23 16:22:25,716 [IPC Server handler 0 on 41803] INFO  volume.OMVolumeCreateRequest (OMVolumeCreateRequest.java:validateAndUpdateCache(189)) - created volume:watchforcommithandlingtest for user:jenkins1000
2019-09-23 16:22:25,716 [pool-169-thread-1] INFO  server.RaftServerConfigKeys (ConfUtils.java:logGet(43)) - raft.server.retrycache.expirytime = 600000ms (custom)
2019-09-23 16:22:25,719 [pool-149-thread-1] INFO  impl.RaftServerImpl (RaftServerImpl.java:start(185)) - 4c07bcfb-bfa3-4850-b9a2-ba41057b118b@group-93DCACA2FB8D: start as a follower, conf=-1: [82a6f2be-c8ed-447e-9e12-bf879094a75e:192.168.34.17:41841, 4c07bcfb-bfa3-4850-b9a2-ba41057b118b:192.168.34.17:44862, f4bcfb62-ac2b-46dd-af17-24588ee840f9:192.168.34.17:42679], old=null
2019-09-23 16:22:25,719 [pool-149-thread-1] INFO  impl.RaftServerImpl (RaftServerImpl.java:setRole(174)) - 4c07bcfb-bfa3-4850-b9a2-ba41057b118b@group-93DCACA2FB8D: changes role from      null to FOLLOWER at term 0 for startAsFollower
2019-09-23 16:22:25,719 [pool-149-thread-1] INFO  impl.RoleInfo (RoleInfo.java:updateAndGet(143)) - 4c07bcfb-bfa3-4850-b9a2-ba41057b118b: start FollowerState
2019-09-23 16:22:25,719 [pool-149-thread-1] INFO  util.JmxRegister (JmxRegister.java:tryRegister(44)) - Successfully registered JMX Bean with object name Ratis:service=RaftServer,group=group-93DCACA2FB8D,id=4c07bcfb-bfa3-4850-b9a2-ba41057b118b
2019-09-23 16:22:25,720 [pool-159-thread-1] INFO  impl.RaftServerImpl (RaftServerImpl.java:start(185)) - 82a6f2be-c8ed-447e-9e12-bf879094a75e@group-93DCACA2FB8D: start as a follower, conf=-1: [82a6f2be-c8ed-447e-9e12-bf879094a75e:192.168.34.17:41841, 4c07bcfb-bfa3-4850-b9a2-ba41057b118b:192.168.34.17:44862, f4bcfb62-ac2b-46dd-af17-24588ee840f9:192.168.34.17:42679], old=null
2019-09-23 16:22:25,720 [pool-159-thread-1] INFO  impl.RaftServerImpl (RaftServerImpl.java:setRole(174)) - 82a6f2be-c8ed-447e-9e12-bf879094a75e@group-93DCACA2FB8D: changes role from      null to FOLLOWER at term 0 for startAsFollower
2019-09-23 16:22:25,720 [pool-159-thread-1] INFO  impl.RoleInfo (RoleInfo.java:updateAndGet(143)) - 82a6f2be-c8ed-447e-9e12-bf879094a75e: start FollowerState
2019-09-23 16:22:25,720 [pool-169-thread-1] INFO  impl.RaftServerImpl (RaftServerImpl.java:start(185)) - f4bcfb62-ac2b-46dd-af17-24588ee840f9@group-93DCACA2FB8D: start as a follower, conf=-1: [82a6f2be-c8ed-447e-9e12-bf879094a75e:192.168.34.17:41841, 4c07bcfb-bfa3-4850-b9a2-ba41057b118b:192.168.34.17:44862, f4bcfb62-ac2b-46dd-af17-24588ee840f9:192.168.34.17:42679], old=null
2019-09-23 16:22:25,720 [pool-169-thread-1] INFO  impl.RaftServerImpl (RaftServerImpl.java:setRole(174)) - f4bcfb62-ac2b-46dd-af17-24588ee840f9@group-93DCACA2FB8D: changes role from      null to FOLLOWER at term 0 for startAsFollower
2019-09-23 16:22:25,720 [pool-169-thread-1] INFO  impl.RoleInfo (RoleInfo.java:updateAndGet(143)) - f4bcfb62-ac2b-46dd-af17-24588ee840f9: start FollowerState
2019-09-23 16:22:25,720 [pool-159-thread-1] INFO  util.JmxRegister (JmxRegister.java:tryRegister(44)) - Successfully registered JMX Bean with object name Ratis:service=RaftServer,group=group-93DCACA2FB8D,id=82a6f2be-c8ed-447e-9e12-bf879094a75e
2019-09-23 16:22:25,721 [pool-169-thread-1] INFO  util.JmxRegister (JmxRegister.java:tryRegister(44)) - Successfully registered JMX Bean with object name Ratis:service=RaftServer,group=group-93DCACA2FB8D,id=f4bcfb62-ac2b-46dd-af17-24588ee840f9
2019-09-23 16:22:25,737 [RatisPipelineUtilsThread] INFO  pipeline.PipelineStateManager (PipelineStateManager.java:addPipeline(56)) - Created pipeline Pipeline[ Id: b579be88-aee7-4707-88ee-93dcaca2fb8d, Nodes: 82a6f2be-c8ed-447e-9e12-bf879094a75e{ip: 192.168.34.17, host: pr-hdds-2166-7skhj-3476174427, networkLocation: /default-rack, certSerialId: null}f4bcfb62-ac2b-46dd-af17-24588ee840f9{ip: 192.168.34.17, host: pr-hdds-2166-7skhj-3476174427, networkLocation: /default-rack, certSerialId: null}4c07bcfb-bfa3-4850-b9a2-ba41057b118b{ip: 192.168.34.17, host: pr-hdds-2166-7skhj-3476174427, networkLocation: /default-rack, certSerialId: null}, Type:RATIS, Factor:THREE, State:OPEN]
2019-09-23 16:22:25,752 [main] INFO  rpc.RpcClient (RpcClient.java:createBucket(415)) - Creating Bucket: watchforcommithandlingtest/watchforcommithandlingtest, with Versioning false and Storage Type set to DISK and Encryption set to false 
2019-09-23 16:22:25,757 [main] INFO  ozone.MiniOzoneClusterImpl (MiniOzoneClusterImpl.java:getStorageContainerLocationClient(234)) - Creating StorageContainerLocationProtocol RPC client with address /0.0.0.0:38188
2019-09-23 16:22:28,191 [Thread-986] INFO  container.ReplicationManager (ReplicationManager.java:start(162)) - Starting Replication Monitor Thread.
2019-09-23 16:22:28,200 [ReplicationMonitor] INFO  container.ReplicationManager (ReplicationManager.java:run(225)) - Replication Monitor Thread took 0 milliseconds for processing 1 containers.
2019-09-23 16:22:30,264 [Thread-988] INFO  impl.FollowerState (FollowerState.java:run(106)) - 84304eb4-a8af-4a6f-9dd3-e902f7a5c13b:group-19934EF79770 changes to CANDIDATE, lastRpcTime:5018, electionTimeout:5018ms
2019-09-23 16:22:30,265 [Thread-988] INFO  impl.RoleInfo (RoleInfo.java:shutdownFollowerState(121)) - 84304eb4-a8af-4a6f-9dd3-e902f7a5c13b: shutdown FollowerState
2019-09-23 16:22:30,265 [Thread-988] INFO  impl.RaftServerImpl (RaftServerImpl.java:setRole(174)) - 84304eb4-a8af-4a6f-9dd3-e902f7a5c13b@group-19934EF79770: changes role from  FOLLOWER to CANDIDATE at term 0 for changeToCandidate
2019-09-23 16:22:30,265 [Thread-988] INFO  impl.RoleInfo (RoleInfo.java:updateAndGet(143)) - 84304eb4-a8af-4a6f-9dd3-e902f7a5c13b: start LeaderElection
2019-09-23 16:22:30,465 [Thread-994] INFO  impl.FollowerState (FollowerState.java:run(106)) - 929b7fa3-dd60-444c-b5c3-9ec585f275f8:group-8D610E934079 changes to CANDIDATE, lastRpcTime:5066, electionTimeout:5066ms
2019-09-23 16:22:30,466 [Thread-994] INFO  impl.RoleInfo (RoleInfo.java:shutdownFollowerState(121)) - 929b7fa3-dd60-444c-b5c3-9ec585f275f8: shutdown FollowerState
2019-09-23 16:22:30,466 [Thread-994] INFO  impl.RaftServerImpl (RaftServerImpl.java:setRole(174)) - 929b7fa3-dd60-444c-b5c3-9ec585f275f8@group-8D610E934079: changes role from  FOLLOWER to CANDIDATE at term 0 for changeToCandidate
2019-09-23 16:22:30,466 [Thread-994] INFO  impl.RoleInfo (RoleInfo.java:updateAndGet(143)) - 929b7fa3-dd60-444c-b5c3-9ec585f275f8: start LeaderElection
2019-09-23 16:22:30,508 [Thread-991] INFO  impl.FollowerState (FollowerState.java:run(106)) - 059a42b7-7924-490e-b971-99b65350ca76:group-BC37EFE56C5D changes to CANDIDATE, lastRpcTime:5179, electionTimeout:5179ms
2019-09-23 16:22:30,509 [Thread-991] INFO  impl.RoleInfo (RoleInfo.java:shutdownFollowerState(121)) - 059a42b7-7924-490e-b971-99b65350ca76: shutdown FollowerState
2019-09-23 16:22:30,509 [Thread-991] INFO  impl.RaftServerImpl (RaftServerImpl.java:setRole(174)) - 059a42b7-7924-490e-b971-99b65350ca76@group-BC37EFE56C5D: changes role from  FOLLOWER to CANDIDATE at term 0 for changeToCandidate
2019-09-23 16:22:30,509 [Thread-991] INFO  impl.RoleInfo (RoleInfo.java:updateAndGet(143)) - 059a42b7-7924-490e-b971-99b65350ca76: start LeaderElection
2019-09-23 16:22:30,550 [Thread-1004] INFO  impl.FollowerState (FollowerState.java:run(106)) - 84304eb4-a8af-4a6f-9dd3-e902f7a5c13b:group-55F58BFAB478 changes to CANDIDATE, lastRpcTime:5032, electionTimeout:5032ms
2019-09-23 16:22:30,551 [Thread-1004] INFO  impl.RoleInfo (RoleInfo.java:shutdownFollowerState(121)) - 84304eb4-a8af-4a6f-9dd3-e902f7a5c13b: shutdown FollowerState
2019-09-23 16:22:30,551 [Thread-1004] INFO  impl.RaftServerImpl (RaftServerImpl.java:setRole(174)) - 84304eb4-a8af-4a6f-9dd3-e902f7a5c13b@group-55F58BFAB478: changes role from  FOLLOWER to CANDIDATE at term 0 for changeToCandidate
2019-09-23 16:22:30,551 [Thread-1004] INFO  impl.RoleInfo (RoleInfo.java:updateAndGet(143)) - 84304eb4-a8af-4a6f-9dd3-e902f7a5c13b: start LeaderElection
2019-09-23 16:22:30,632 [Thread-1005] INFO  impl.FollowerState (FollowerState.java:run(106)) - 929b7fa3-dd60-444c-b5c3-9ec585f275f8:group-55F58BFAB478 changes to CANDIDATE, lastRpcTime:5113, electionTimeout:5113ms
2019-09-23 16:22:30,632 [Thread-1005] INFO  impl.RoleInfo (RoleInfo.java:shutdownFollowerState(121)) - 929b7fa3-dd60-444c-b5c3-9ec585f275f8: shutdown FollowerState
2019-09-23 16:22:30,632 [Thread-1005] INFO  impl.RaftServerImpl (RaftServerImpl.java:setRole(174)) - 929b7fa3-dd60-444c-b5c3-9ec585f275f8@group-55F58BFAB478: changes role from  FOLLOWER to CANDIDATE at term 0 for changeToCandidate
2019-09-23 16:22:30,633 [Thread-1005] INFO  impl.RoleInfo (RoleInfo.java:updateAndGet(143)) - 929b7fa3-dd60-444c-b5c3-9ec585f275f8: start LeaderElection
2019-09-23 16:22:30,637 [Thread-997] INFO  impl.FollowerState (FollowerState.java:run(106)) - 4c07bcfb-bfa3-4850-b9a2-ba41057b118b:group-306A62BCEAD3 changes to CANDIDATE, lastRpcTime:5183, electionTimeout:5183ms
2019-09-23 16:22:30,637 [Thread-997] INFO  impl.RoleInfo (RoleInfo.java:shutdownFollowerState(121)) - 4c07bcfb-bfa3-4850-b9a2-ba41057b118b: shutdown FollowerState
2019-09-23 16:22:30,637 [Thread-997] INFO  impl.RaftServerImpl (RaftServerImpl.java:setRole(174)) - 4c07bcfb-bfa3-4850-b9a2-ba41057b118b@group-306A62BCEAD3: changes role from  FOLLOWER to CANDIDATE at term 0 for changeToCandidate
2019-09-23 16:22:30,638 [Thread-997] INFO  impl.RoleInfo (RoleInfo.java:updateAndGet(143)) - 4c07bcfb-bfa3-4850-b9a2-ba41057b118b: start LeaderElection
2019-09-23 16:22:30,648 [Thread-1001] INFO  impl.FollowerState (FollowerState.java:run(106)) - 059a42b7-7924-490e-b971-99b65350ca76:group-55F58BFAB478 changes to CANDIDATE, lastRpcTime:5136, electionTimeout:5134ms
2019-09-23 16:22:30,648 [Thread-1001] INFO  impl.RoleInfo (RoleInfo.java:shutdownFollowerState(121)) - 059a42b7-7924-490e-b971-99b65350ca76: shutdown FollowerState
2019-09-23 16:22:30,649 [Thread-1001] INFO  impl.RaftServerImpl (RaftServerImpl.java:setRole(174)) - 059a42b7-7924-490e-b971-99b65350ca76@group-55F58BFAB478: changes role from  FOLLOWER to CANDIDATE at term 0 for changeToCandidate
2019-09-23 16:22:30,649 [Thread-1001] INFO  impl.RoleInfo (RoleInfo.java:updateAndGet(143)) - 059a42b7-7924-490e-b971-99b65350ca76: start LeaderElection
2019-09-23 16:22:30,699 [Thread-1012] INFO  impl.FollowerState (FollowerState.java:run(106)) - f4bcfb62-ac2b-46dd-af17-24588ee840f9:group-1D9F781D54B1 changes to CANDIDATE, lastRpcTime:5063, electionTimeout:5063ms
2019-09-23 16:22:30,700 [Thread-1012] INFO  impl.RoleInfo (RoleInfo.java:shutdownFollowerState(121)) - f4bcfb62-ac2b-46dd-af17-24588ee840f9: shutdown FollowerState
2019-09-23 16:22:30,700 [Thread-1012] INFO  impl.RaftServerImpl (RaftServerImpl.java:setRole(174)) - f4bcfb62-ac2b-46dd-af17-24588ee840f9@group-1D9F781D54B1: changes role from  FOLLOWER to CANDIDATE at term 0 for changeToCandidate
2019-09-23 16:22:30,700 [Thread-1012] INFO  impl.RoleInfo (RoleInfo.java:updateAndGet(143)) - f4bcfb62-ac2b-46dd-af17-24588ee840f9: start LeaderElection
2019-09-23 16:22:30,717 [Thread-1009] INFO  impl.FollowerState (FollowerState.java:run(106)) - 82a6f2be-c8ed-447e-9e12-bf879094a75e:group-EE20B44C3837 changes to CANDIDATE, lastRpcTime:5132, electionTimeout:5132ms
2019-09-23 16:22:30,717 [Thread-1009] INFO  impl.RoleInfo (RoleInfo.java:shutdownFollowerState(121)) - 82a6f2be-c8ed-447e-9e12-bf879094a75e: shutdown FollowerState
2019-09-23 16:22:30,717 [Thread-1009] INFO  impl.RaftServerImpl (RaftServerImpl.java:setRole(174)) - 82a6f2be-c8ed-447e-9e12-bf879094a75e@group-EE20B44C3837: changes role from  FOLLOWER to CANDIDATE at term 0 for changeToCandidate
2019-09-23 16:22:30,717 [Thread-1009] INFO  impl.RoleInfo (RoleInfo.java:updateAndGet(143)) - 82a6f2be-c8ed-447e-9e12-bf879094a75e: start LeaderElection
2019-09-23 16:22:30,793 [Thread-1021] INFO  impl.FollowerState (FollowerState.java:run(106)) - 82a6f2be-c8ed-447e-9e12-bf879094a75e:group-93DCACA2FB8D changes to CANDIDATE, lastRpcTime:5073, electionTimeout:5073ms
2019-09-23 16:22:30,794 [Thread-1021] INFO  impl.RoleInfo (RoleInfo.java:shutdownFollowerState(121)) - 82a6f2be-c8ed-447e-9e12-bf879094a75e: shutdown FollowerState
2019-09-23 16:22:30,794 [Thread-1021] INFO  impl.RaftServerImpl (RaftServerImpl.java:setRole(174)) - 82a6f2be-c8ed-447e-9e12-bf879094a75e@group-93DCACA2FB8D: changes role from  FOLLOWER to CANDIDATE at term 0 for changeToCandidate
2019-09-23 16:22:30,794 [Thread-1021] INFO  impl.RoleInfo (RoleInfo.java:updateAndGet(143)) - 82a6f2be-c8ed-447e-9e12-bf879094a75e: start LeaderElection
2019-09-23 16:22:30,839 [Thread-1019] INFO  impl.FollowerState (FollowerState.java:run(106)) - 4c07bcfb-bfa3-4850-b9a2-ba41057b118b:group-93DCACA2FB8D changes to CANDIDATE, lastRpcTime:5120, electionTimeout:5120ms
2019-09-23 16:22:30,840 [Thread-1019] INFO  impl.RoleInfo (RoleInfo.java:shutdownFollowerState(121)) - 4c07bcfb-bfa3-4850-b9a2-ba41057b118b: shutdown FollowerState
2019-09-23 16:22:30,840 [Thread-1019] INFO  impl.RaftServerImpl (RaftServerImpl.java:setRole(174)) - 4c07bcfb-bfa3-4850-b9a2-ba41057b118b@group-93DCACA2FB8D: changes role from  FOLLOWER to CANDIDATE at term 0 for changeToCandidate
2019-09-23 16:22:30,840 [Thread-1019] INFO  impl.RoleInfo (RoleInfo.java:updateAndGet(143)) - 4c07bcfb-bfa3-4850-b9a2-ba41057b118b: start LeaderElection
2019-09-23 16:22:30,846 [Thread-1022] INFO  impl.FollowerState (FollowerState.java:run(106)) - f4bcfb62-ac2b-46dd-af17-24588ee840f9:group-93DCACA2FB8D changes to CANDIDATE, lastRpcTime:5125, electionTimeout:5125ms
2019-09-23 16:22:30,846 [Thread-1022] INFO  impl.RoleInfo (RoleInfo.java:shutdownFollowerState(121)) - f4bcfb62-ac2b-46dd-af17-24588ee840f9: shutdown FollowerState
2019-09-23 16:22:30,846 [Thread-1022] INFO  impl.RaftServerImpl (RaftServerImpl.java:setRole(174)) - f4bcfb62-ac2b-46dd-af17-24588ee840f9@group-93DCACA2FB8D: changes role from  FOLLOWER to CANDIDATE at term 0 for changeToCandidate
2019-09-23 16:22:30,846 [Thread-1022] INFO  impl.RoleInfo (RoleInfo.java:updateAndGet(143)) - f4bcfb62-ac2b-46dd-af17-24588ee840f9: start LeaderElection
2019-09-23 16:22:32,366 [929b7fa3-dd60-444c-b5c3-9ec585f275f8@group-8D610E934079:LeaderElection16] INFO  impl.LeaderElection (LeaderElection.java:askForVotes(182)) - 929b7fa3-dd60-444c-b5c3-9ec585f275f8@group-8D610E934079:LeaderElection16: begin an election at term 1 for -1: [929b7fa3-dd60-444c-b5c3-9ec585f275f8:192.168.34.17:34898], old=null
2019-09-23 16:22:32,366 [84304eb4-a8af-4a6f-9dd3-e902f7a5c13b@group-19934EF79770:LeaderElection15] INFO  impl.LeaderElection (LeaderElection.java:askForVotes(182)) - 84304eb4-a8af-4a6f-9dd3-e902f7a5c13b@group-19934EF79770:LeaderElection15: begin an election at term 1 for -1: [84304eb4-a8af-4a6f-9dd3-e902f7a5c13b:192.168.34.17:41904], old=null
2019-09-23 16:22:32,366 [82a6f2be-c8ed-447e-9e12-bf879094a75e@group-93DCACA2FB8D:LeaderElection24] INFO  impl.LeaderElection (LeaderElection.java:askForVotes(182)) - 82a6f2be-c8ed-447e-9e12-bf879094a75e@group-93DCACA2FB8D:LeaderElection24: begin an election at term 1 for -1: [82a6f2be-c8ed-447e-9e12-bf879094a75e:192.168.34.17:41841, 4c07bcfb-bfa3-4850-b9a2-ba41057b118b:192.168.34.17:44862, f4bcfb62-ac2b-46dd-af17-24588ee840f9:192.168.34.17:42679], old=null
2019-09-23 16:22:32,366 [82a6f2be-c8ed-447e-9e12-bf879094a75e@group-EE20B44C3837:LeaderElection23] INFO  impl.LeaderElection (LeaderElection.java:askForVotes(182)) - 82a6f2be-c8ed-447e-9e12-bf879094a75e@group-EE20B44C3837:LeaderElection23: begin an election at term 1 for -1: [82a6f2be-c8ed-447e-9e12-bf879094a75e:192.168.34.17:41841], old=null
2019-09-23 16:22:32,366 [4c07bcfb-bfa3-4850-b9a2-ba41057b118b@group-93DCACA2FB8D:LeaderElection25] INFO  impl.LeaderElection (LeaderElection.java:askForVotes(182)) - 4c07bcfb-bfa3-4850-b9a2-ba41057b118b@group-93DCACA2FB8D:LeaderElection25: begin an election at term 1 for -1: [82a6f2be-c8ed-447e-9e12-bf879094a75e:192.168.34.17:41841, 4c07bcfb-bfa3-4850-b9a2-ba41057b118b:192.168.34.17:44862, f4bcfb62-ac2b-46dd-af17-24588ee840f9:192.168.34.17:42679], old=null
2019-09-23 16:22:32,366 [4c07bcfb-bfa3-4850-b9a2-ba41057b118b@group-306A62BCEAD3:LeaderElection20] INFO  impl.LeaderElection (LeaderElection.java:askForVotes(182)) - 4c07bcfb-bfa3-4850-b9a2-ba41057b118b@group-306A62BCEAD3:LeaderElection20: begin an election at term 1 for -1: [4c07bcfb-bfa3-4850-b9a2-ba41057b118b:192.168.34.17:44862], old=null
2019-09-23 16:22:32,367 [4c07bcfb-bfa3-4850-b9a2-ba41057b118b@group-306A62BCEAD3:LeaderElection20] INFO  impl.RoleInfo (RoleInfo.java:shutdownLeaderElection(134)) - 4c07bcfb-bfa3-4850-b9a2-ba41057b118b: shutdown LeaderElection
2019-09-23 16:22:32,366 [f4bcfb62-ac2b-46dd-af17-24588ee840f9@group-1D9F781D54B1:LeaderElection22] INFO  impl.LeaderElection (LeaderElection.java:askForVotes(182)) - f4bcfb62-ac2b-46dd-af17-24588ee840f9@group-1D9F781D54B1:LeaderElection22: begin an election at term 1 for -1: [f4bcfb62-ac2b-46dd-af17-24588ee840f9:192.168.34.17:42679], old=null
2019-09-23 16:22:32,366 [84304eb4-a8af-4a6f-9dd3-e902f7a5c13b@group-55F58BFAB478:LeaderElection18] INFO  impl.LeaderElection (LeaderElection.java:askForVotes(182)) - 84304eb4-a8af-4a6f-9dd3-e902f7a5c13b@group-55F58BFAB478:LeaderElection18: begin an election at term 1 for -1: [059a42b7-7924-490e-b971-99b65350ca76:192.168.34.17:37257, 929b7fa3-dd60-444c-b5c3-9ec585f275f8:192.168.34.17:34898, 84304eb4-a8af-4a6f-9dd3-e902f7a5c13b:192.168.34.17:41904], old=null
2019-09-23 16:22:32,366 [059a42b7-7924-490e-b971-99b65350ca76@group-BC37EFE56C5D:LeaderElection17] INFO  impl.LeaderElection (LeaderElection.java:askForVotes(182)) - 059a42b7-7924-490e-b971-99b65350ca76@group-BC37EFE56C5D:LeaderElection17: begin an election at term 1 for -1: [059a42b7-7924-490e-b971-99b65350ca76:192.168.34.17:37257], old=null
2019-09-23 16:22:32,366 [059a42b7-7924-490e-b971-99b65350ca76@group-55F58BFAB478:LeaderElection21] INFO  impl.LeaderElection (LeaderElection.java:askForVotes(182)) - 059a42b7-7924-490e-b971-99b65350ca76@group-55F58BFAB478:LeaderElection21: begin an election at term 1 for -1: [059a42b7-7924-490e-b971-99b65350ca76:192.168.34.17:37257, 929b7fa3-dd60-444c-b5c3-9ec585f275f8:192.168.34.17:34898, 84304eb4-a8af-4a6f-9dd3-e902f7a5c13b:192.168.34.17:41904], old=null
2019-09-23 16:22:32,366 [929b7fa3-dd60-444c-b5c3-9ec585f275f8@group-55F58BFAB478:LeaderElection19] INFO  impl.LeaderElection (LeaderElection.java:askForVotes(182)) - 929b7fa3-dd60-444c-b5c3-9ec585f275f8@group-55F58BFAB478:LeaderElection19: begin an election at term 1 for -1: [059a42b7-7924-490e-b971-99b65350ca76:192.168.34.17:37257, 929b7fa3-dd60-444c-b5c3-9ec585f275f8:192.168.34.17:34898, 84304eb4-a8af-4a6f-9dd3-e902f7a5c13b:192.168.34.17:41904], old=null
2019-09-23 16:22:32,366 [f4bcfb62-ac2b-46dd-af17-24588ee840f9@group-93DCACA2FB8D:LeaderElection26] INFO  impl.LeaderElection (LeaderElection.java:askForVotes(182)) - f4bcfb62-ac2b-46dd-af17-24588ee840f9@group-93DCACA2FB8D:LeaderElection26: begin an election at term 1 for -1: [82a6f2be-c8ed-447e-9e12-bf879094a75e:192.168.34.17:41841, 4c07bcfb-bfa3-4850-b9a2-ba41057b118b:192.168.34.17:44862, f4bcfb62-ac2b-46dd-af17-24588ee840f9:192.168.34.17:42679], old=null
2019-09-23 16:22:32,368 [059a42b7-7924-490e-b971-99b65350ca76@group-BC37EFE56C5D:LeaderElection17] INFO  impl.RoleInfo (RoleInfo.java:shutdownLeaderElection(134)) - 059a42b7-7924-490e-b971-99b65350ca76: shutdown LeaderElection
2019-09-23 16:22:32,367 [f4bcfb62-ac2b-46dd-af17-24588ee840f9@group-1D9F781D54B1:LeaderElection22] INFO  impl.RoleInfo (RoleInfo.java:shutdownLeaderElection(134)) - f4bcfb62-ac2b-46dd-af17-24588ee840f9: shutdown LeaderElection
2019-09-23 16:22:32,367 [4c07bcfb-bfa3-4850-b9a2-ba41057b118b@group-306A62BCEAD3:LeaderElection20] INFO  impl.RaftServerImpl (RaftServerImpl.java:setRole(174)) - 4c07bcfb-bfa3-4850-b9a2-ba41057b118b@group-306A62BCEAD3: changes role from CANDIDATE to LEADER at term 1 for changeToLeader
2019-09-23 16:22:32,367 [82a6f2be-c8ed-447e-9e12-bf879094a75e@group-EE20B44C3837:LeaderElection23] INFO  impl.RoleInfo (RoleInfo.java:shutdownLeaderElection(134)) - 82a6f2be-c8ed-447e-9e12-bf879094a75e: shutdown LeaderElection
2019-09-23 16:22:32,366 [84304eb4-a8af-4a6f-9dd3-e902f7a5c13b@group-19934EF79770:LeaderElection15] INFO  impl.RoleInfo (RoleInfo.java:shutdownLeaderElection(134)) - 84304eb4-a8af-4a6f-9dd3-e902f7a5c13b: shutdown LeaderElection
2019-09-23 16:22:32,366 [929b7fa3-dd60-444c-b5c3-9ec585f275f8@group-8D610E934079:LeaderElection16] INFO  impl.RoleInfo (RoleInfo.java:shutdownLeaderElection(134)) - 929b7fa3-dd60-444c-b5c3-9ec585f275f8: shutdown LeaderElection
2019-09-23 16:22:32,370 [84304eb4-a8af-4a6f-9dd3-e902f7a5c13b@group-19934EF79770:LeaderElection15] INFO  impl.RaftServerImpl (RaftServerImpl.java:setRole(174)) - 84304eb4-a8af-4a6f-9dd3-e902f7a5c13b@group-19934EF79770: changes role from CANDIDATE to LEADER at term 1 for changeToLeader
2019-09-23 16:22:32,370 [82a6f2be-c8ed-447e-9e12-bf879094a75e@group-EE20B44C3837:LeaderElection23] INFO  impl.RaftServerImpl (RaftServerImpl.java:setRole(174)) - 82a6f2be-c8ed-447e-9e12-bf879094a75e@group-EE20B44C3837: changes role from CANDIDATE to LEADER at term 1 for changeToLeader
2019-09-23 16:22:32,369 [4c07bcfb-bfa3-4850-b9a2-ba41057b118b@group-306A62BCEAD3:LeaderElection20] INFO  impl.RaftServerImpl (ServerState.java:setLeader(253)) - 4c07bcfb-bfa3-4850-b9a2-ba41057b118b@group-306A62BCEAD3: change Leader from null to 4c07bcfb-bfa3-4850-b9a2-ba41057b118b at term 1 for becomeLeader, leader elected after 6922ms
2019-09-23 16:22:32,368 [f4bcfb62-ac2b-46dd-af17-24588ee840f9@group-1D9F781D54B1:LeaderElection22] INFO  impl.RaftServerImpl (RaftServerImpl.java:setRole(174)) - f4bcfb62-ac2b-46dd-af17-24588ee840f9@group-1D9F781D54B1: changes role from CANDIDATE to LEADER at term 1 for changeToLeader
2019-09-23 16:22:32,368 [059a42b7-7924-490e-b971-99b65350ca76@group-BC37EFE56C5D:LeaderElection17] INFO  impl.RaftServerImpl (RaftServerImpl.java:setRole(174)) - 059a42b7-7924-490e-b971-99b65350ca76@group-BC37EFE56C5D: changes role from CANDIDATE to LEADER at term 1 for changeToLeader
2019-09-23 16:22:32,378 [f4bcfb62-ac2b-46dd-af17-24588ee840f9@group-1D9F781D54B1:LeaderElection22] INFO  impl.RaftServerImpl (ServerState.java:setLeader(253)) - f4bcfb62-ac2b-46dd-af17-24588ee840f9@group-1D9F781D54B1: change Leader from null to f4bcfb62-ac2b-46dd-af17-24588ee840f9 at term 1 for becomeLeader, leader elected after 6749ms
2019-09-23 16:22:32,377 [4c07bcfb-bfa3-4850-b9a2-ba41057b118b@group-306A62BCEAD3:LeaderElection20] INFO  server.RaftServerConfigKeys (ConfUtils.java:logGet(43)) - raft.server.staging.catchup.gap = 1000 (default)
2019-09-23 16:22:32,370 [82a6f2be-c8ed-447e-9e12-bf879094a75e@group-EE20B44C3837:LeaderElection23] INFO  impl.RaftServerImpl (ServerState.java:setLeader(253)) - 82a6f2be-c8ed-447e-9e12-bf879094a75e@group-EE20B44C3837: change Leader from null to 82a6f2be-c8ed-447e-9e12-bf879094a75e at term 1 for becomeLeader, leader elected after 6794ms
2019-09-23 16:22:32,370 [84304eb4-a8af-4a6f-9dd3-e902f7a5c13b@group-19934EF79770:LeaderElection15] INFO  impl.RaftServerImpl (ServerState.java:setLeader(253)) - 84304eb4-a8af-4a6f-9dd3-e902f7a5c13b@group-19934EF79770: change Leader from null to 84304eb4-a8af-4a6f-9dd3-e902f7a5c13b at term 1 for becomeLeader, leader elected after 7135ms
2019-09-23 16:22:32,370 [929b7fa3-dd60-444c-b5c3-9ec585f275f8@group-8D610E934079:LeaderElection16] INFO  impl.RaftServerImpl (RaftServerImpl.java:setRole(174)) - 929b7fa3-dd60-444c-b5c3-9ec585f275f8@group-8D610E934079: changes role from CANDIDATE to LEADER at term 1 for changeToLeader
2019-09-23 16:22:32,386 [84304eb4-a8af-4a6f-9dd3-e902f7a5c13b@group-19934EF79770:LeaderElection15] INFO  server.RaftServerConfigKeys (ConfUtils.java:logGet(43)) - raft.server.staging.catchup.gap = 1000 (default)
2019-09-23 16:22:32,383 [82a6f2be-c8ed-447e-9e12-bf879094a75e@group-EE20B44C3837:LeaderElection23] INFO  server.RaftServerConfigKeys (ConfUtils.java:logGet(43)) - raft.server.staging.catchup.gap = 1000 (default)
2019-09-23 16:22:32,386 [82a6f2be-c8ed-447e-9e12-bf879094a75e@group-EE20B44C3837:LeaderElection23] INFO  server.RaftServerConfigKeys (ConfUtils.java:logGet(43)) - raft.server.rpc.sleep.time = 25ms (default)
2019-09-23 16:22:32,381 [4c07bcfb-bfa3-4850-b9a2-ba41057b118b@group-306A62BCEAD3:LeaderElection20] INFO  server.RaftServerConfigKeys (ConfUtils.java:logGet(43)) - raft.server.rpc.sleep.time = 25ms (default)
2019-09-23 16:22:32,381 [f4bcfb62-ac2b-46dd-af17-24588ee840f9@group-1D9F781D54B1:LeaderElection22] INFO  server.RaftServerConfigKeys (ConfUtils.java:logGet(43)) - raft.server.staging.catchup.gap = 1000 (default)
2019-09-23 16:22:32,378 [059a42b7-7924-490e-b971-99b65350ca76@group-BC37EFE56C5D:LeaderElection17] INFO  impl.RaftServerImpl (ServerState.java:setLeader(253)) - 059a42b7-7924-490e-b971-99b65350ca76@group-BC37EFE56C5D: change Leader from null to 059a42b7-7924-490e-b971-99b65350ca76 at term 1 for becomeLeader, leader elected after 7058ms
2019-09-23 16:22:32,387 [f4bcfb62-ac2b-46dd-af17-24588ee840f9@group-1D9F781D54B1:LeaderElection22] INFO  server.RaftServerConfigKeys (ConfUtils.java:logGet(43)) - raft.server.rpc.sleep.time = 25ms (default)
2019-09-23 16:22:32,386 [4c07bcfb-bfa3-4850-b9a2-ba41057b118b@group-306A62BCEAD3:LeaderElection20] INFO  server.RaftServerConfigKeys (ConfUtils.java:logGet(43)) - raft.server.write.element-limit = 4096 (default)
2019-09-23 16:22:32,386 [82a6f2be-c8ed-447e-9e12-bf879094a75e@group-EE20B44C3837:LeaderElection23] INFO  server.RaftServerConfigKeys (ConfUtils.java:logGet(43)) - raft.server.write.element-limit = 4096 (default)
2019-09-23 16:22:32,386 [84304eb4-a8af-4a6f-9dd3-e902f7a5c13b@group-19934EF79770:LeaderElection15] INFO  server.RaftServerConfigKeys (ConfUtils.java:logGet(43)) - raft.server.rpc.sleep.time = 25ms (default)
2019-09-23 16:22:32,386 [929b7fa3-dd60-444c-b5c3-9ec585f275f8@group-8D610E934079:LeaderElection16] INFO  impl.RaftServerImpl (ServerState.java:setLeader(253)) - 929b7fa3-dd60-444c-b5c3-9ec585f275f8@group-8D610E934079: change Leader from null to 929b7fa3-dd60-444c-b5c3-9ec585f275f8 at term 1 for becomeLeader, leader elected after 6996ms
2019-09-23 16:22:32,390 [84304eb4-a8af-4a6f-9dd3-e902f7a5c13b@group-19934EF79770:LeaderElection15] INFO  server.RaftServerConfigKeys (ConfUtils.java:logGet(43)) - raft.server.write.element-limit = 4096 (default)
2019-09-23 16:22:32,389 [82a6f2be-c8ed-447e-9e12-bf879094a75e@group-EE20B44C3837:LeaderElection23] INFO  server.RaftServerConfigKeys (ConfUtils.java:logGet(43)) - raft.server.watch.timeout = 10s (default)
2019-09-23 16:22:32,389 [4c07bcfb-bfa3-4850-b9a2-ba41057b118b@group-306A62BCEAD3:LeaderElection20] INFO  server.RaftServerConfigKeys (ConfUtils.java:logGet(43)) - raft.server.watch.timeout = 10s (default)
2019-09-23 16:22:32,389 [f4bcfb62-ac2b-46dd-af17-24588ee840f9@group-1D9F781D54B1:LeaderElection22] INFO  server.RaftServerConfigKeys (ConfUtils.java:logGet(43)) - raft.server.write.element-limit = 4096 (default)
2019-09-23 16:22:32,389 [059a42b7-7924-490e-b971-99b65350ca76@group-BC37EFE56C5D:LeaderElection17] INFO  server.RaftServerConfigKeys (ConfUtils.java:logGet(43)) - raft.server.staging.catchup.gap = 1000 (default)
2019-09-23 16:22:32,395 [f4bcfb62-ac2b-46dd-af17-24588ee840f9@group-1D9F781D54B1:LeaderElection22] INFO  server.RaftServerConfigKeys (ConfUtils.java:logGet(43)) - raft.server.watch.timeout = 10s (default)
2019-09-23 16:22:32,393 [4c07bcfb-bfa3-4850-b9a2-ba41057b118b@group-306A62BCEAD3:LeaderElection20] INFO  server.RaftServerConfigKeys (ConfUtils.java:logGet(43)) - raft.server.watch.timeout.denomination = 1s (default)
2019-09-23 16:22:32,392 [82a6f2be-c8ed-447e-9e12-bf879094a75e@group-EE20B44C3837:LeaderElection23] INFO  server.RaftServerConfigKeys (ConfUtils.java:logGet(43)) - raft.server.watch.timeout.denomination = 1s (default)
2019-09-23 16:22:32,392 [84304eb4-a8af-4a6f-9dd3-e902f7a5c13b@group-19934EF79770:LeaderElection15] INFO  server.RaftServerConfigKeys (ConfUtils.java:logGet(43)) - raft.server.watch.timeout = 10s (default)
2019-09-23 16:22:32,392 [929b7fa3-dd60-444c-b5c3-9ec585f275f8@group-8D610E934079:LeaderElection16] INFO  server.RaftServerConfigKeys (ConfUtils.java:logGet(43)) - raft.server.staging.catchup.gap = 1000 (default)
2019-09-23 16:22:32,396 [84304eb4-a8af-4a6f-9dd3-e902f7a5c13b@group-19934EF79770:LeaderElection15] INFO  server.RaftServerConfigKeys (ConfUtils.java:logGet(43)) - raft.server.watch.timeout.denomination = 1s (default)
2019-09-23 16:22:32,396 [82a6f2be-c8ed-447e-9e12-bf879094a75e@group-EE20B44C3837:LeaderElection23] INFO  server.RaftServerConfigKeys (ConfUtils.java:logGet(43)) - raft.server.watch.element-limit = 65536 (default)
2019-09-23 16:22:32,396 [4c07bcfb-bfa3-4850-b9a2-ba41057b118b@group-306A62BCEAD3:LeaderElection20] INFO  server.RaftServerConfigKeys (ConfUtils.java:logGet(43)) - raft.server.watch.element-limit = 65536 (default)
2019-09-23 16:22:32,395 [f4bcfb62-ac2b-46dd-af17-24588ee840f9@group-1D9F781D54B1:LeaderElection22] INFO  server.RaftServerConfigKeys (ConfUtils.java:logGet(43)) - raft.server.watch.timeout.denomination = 1s (default)
2019-09-23 16:22:32,395 [059a42b7-7924-490e-b971-99b65350ca76@group-BC37EFE56C5D:LeaderElection17] INFO  server.RaftServerConfigKeys (ConfUtils.java:logGet(43)) - raft.server.rpc.sleep.time = 25ms (default)
2019-09-23 16:22:32,403 [f4bcfb62-ac2b-46dd-af17-24588ee840f9@group-1D9F781D54B1:LeaderElection22] INFO  server.RaftServerConfigKeys (ConfUtils.java:logGet(43)) - raft.server.watch.element-limit = 65536 (default)
2019-09-23 16:22:32,396 [84304eb4-a8af-4a6f-9dd3-e902f7a5c13b@group-19934EF79770:LeaderElection15] INFO  server.RaftServerConfigKeys (ConfUtils.java:logGet(43)) - raft.server.watch.element-limit = 65536 (default)
2019-09-23 16:22:32,396 [929b7fa3-dd60-444c-b5c3-9ec585f275f8@group-8D610E934079:LeaderElection16] INFO  server.RaftServerConfigKeys (ConfUtils.java:logGet(43)) - raft.server.rpc.sleep.time = 25ms (default)
2019-09-23 16:22:32,403 [059a42b7-7924-490e-b971-99b65350ca76@group-BC37EFE56C5D:LeaderElection17] INFO  server.RaftServerConfigKeys (ConfUtils.java:logGet(43)) - raft.server.write.element-limit = 4096 (default)
2019-09-23 16:22:32,406 [929b7fa3-dd60-444c-b5c3-9ec585f275f8@group-8D610E934079:LeaderElection16] INFO  server.RaftServerConfigKeys (ConfUtils.java:logGet(43)) - raft.server.write.element-limit = 4096 (default)
2019-09-23 16:22:32,406 [059a42b7-7924-490e-b971-99b65350ca76@group-BC37EFE56C5D:LeaderElection17] INFO  server.RaftServerConfigKeys (ConfUtils.java:logGet(43)) - raft.server.watch.timeout = 10s (default)
2019-09-23 16:22:32,406 [929b7fa3-dd60-444c-b5c3-9ec585f275f8@group-8D610E934079:LeaderElection16] INFO  server.RaftServerConfigKeys (ConfUtils.java:logGet(43)) - raft.server.watch.timeout = 10s (default)
2019-09-23 16:22:32,411 [059a42b7-7924-490e-b971-99b65350ca76@group-BC37EFE56C5D:LeaderElection17] INFO  server.RaftServerConfigKeys (ConfUtils.java:logGet(43)) - raft.server.watch.timeout.denomination = 1s (default)
2019-09-23 16:22:32,411 [929b7fa3-dd60-444c-b5c3-9ec585f275f8@group-8D610E934079:LeaderElection16] INFO  server.RaftServerConfigKeys (ConfUtils.java:logGet(43)) - raft.server.watch.timeout.denomination = 1s (default)
2019-09-23 16:22:32,416 [929b7fa3-dd60-444c-b5c3-9ec585f275f8@group-8D610E934079:LeaderElection16] INFO  server.RaftServerConfigKeys (ConfUtils.java:logGet(43)) - raft.server.watch.element-limit = 65536 (default)
2019-09-23 16:22:32,416 [4c07bcfb-bfa3-4850-b9a2-ba41057b118b@group-93DCACA2FB8D:LeaderElection25] INFO  impl.LeaderElection (LeaderElection.java:logAndReturn(56)) - 4c07bcfb-bfa3-4850-b9a2-ba41057b118b@group-93DCACA2FB8D:LeaderElection25: Election REJECTED; received 2 response(s) [4c07bcfb-bfa3-4850-b9a2-ba41057b118b<-82a6f2be-c8ed-447e-9e12-bf879094a75e#0:FAIL-t1, 4c07bcfb-bfa3-4850-b9a2-ba41057b118b<-f4bcfb62-ac2b-46dd-af17-24588ee840f9#0:FAIL-t1] and 0 exception(s); 4c07bcfb-bfa3-4850-b9a2-ba41057b118b@group-93DCACA2FB8D:t1, leader=null, voted=4c07bcfb-bfa3-4850-b9a2-ba41057b118b, raftlog=4c07bcfb-bfa3-4850-b9a2-ba41057b118b@group-93DCACA2FB8D-SegmentedRaftLog:OPENED:c-1,f-1,i0, conf=-1: [82a6f2be-c8ed-447e-9e12-bf879094a75e:192.168.34.17:41841, 4c07bcfb-bfa3-4850-b9a2-ba41057b118b:192.168.34.17:44862, f4bcfb62-ac2b-46dd-af17-24588ee840f9:192.168.34.17:42679], old=null
2019-09-23 16:22:32,416 [059a42b7-7924-490e-b971-99b65350ca76@group-BC37EFE56C5D:LeaderElection17] INFO  server.RaftServerConfigKeys (ConfUtils.java:logGet(43)) - raft.server.watch.element-limit = 65536 (default)
2019-09-23 16:22:32,418 [4c07bcfb-bfa3-4850-b9a2-ba41057b118b@group-93DCACA2FB8D:LeaderElection25] INFO  impl.RaftServerImpl (RaftServerImpl.java:setRole(174)) - 4c07bcfb-bfa3-4850-b9a2-ba41057b118b@group-93DCACA2FB8D: changes role from CANDIDATE to FOLLOWER at term 1 for DISCOVERED_A_NEW_TERM
2019-09-23 16:22:32,423 [4c07bcfb-bfa3-4850-b9a2-ba41057b118b@group-93DCACA2FB8D:LeaderElection25] INFO  impl.RoleInfo (RoleInfo.java:shutdownLeaderElection(134)) - 4c07bcfb-bfa3-4850-b9a2-ba41057b118b: shutdown LeaderElection
2019-09-23 16:22:32,425 [4c07bcfb-bfa3-4850-b9a2-ba41057b118b@group-93DCACA2FB8D:LeaderElection25] INFO  impl.RoleInfo (RoleInfo.java:updateAndGet(143)) - 4c07bcfb-bfa3-4850-b9a2-ba41057b118b: start FollowerState
2019-09-23 16:22:32,449 [f4bcfb62-ac2b-46dd-af17-24588ee840f9@group-93DCACA2FB8D:LeaderElection26] INFO  impl.LeaderElection (LeaderElection.java:logAndReturn(56)) - f4bcfb62-ac2b-46dd-af17-24588ee840f9@group-93DCACA2FB8D:LeaderElection26: Election REJECTED; received 2 response(s) [f4bcfb62-ac2b-46dd-af17-24588ee840f9<-82a6f2be-c8ed-447e-9e12-bf879094a75e#0:FAIL-t1, f4bcfb62-ac2b-46dd-af17-24588ee840f9<-4c07bcfb-bfa3-4850-b9a2-ba41057b118b#0:FAIL-t1] and 0 exception(s); f4bcfb62-ac2b-46dd-af17-24588ee840f9@group-93DCACA2FB8D:t1, leader=null, voted=f4bcfb62-ac2b-46dd-af17-24588ee840f9, raftlog=f4bcfb62-ac2b-46dd-af17-24588ee840f9@group-93DCACA2FB8D-SegmentedRaftLog:OPENED:c-1,f-1,i0, conf=-1: [82a6f2be-c8ed-447e-9e12-bf879094a75e:192.168.34.17:41841, 4c07bcfb-bfa3-4850-b9a2-ba41057b118b:192.168.34.17:44862, f4bcfb62-ac2b-46dd-af17-24588ee840f9:192.168.34.17:42679], old=null
2019-09-23 16:22:32,450 [f4bcfb62-ac2b-46dd-af17-24588ee840f9@group-93DCACA2FB8D:LeaderElection26] INFO  impl.RaftServerImpl (RaftServerImpl.java:setRole(174)) - f4bcfb62-ac2b-46dd-af17-24588ee840f9@group-93DCACA2FB8D: changes role from CANDIDATE to FOLLOWER at term 1 for DISCOVERED_A_NEW_TERM
2019-09-23 16:22:32,452 [f4bcfb62-ac2b-46dd-af17-24588ee840f9@group-93DCACA2FB8D:LeaderElection26] INFO  impl.RoleInfo (RoleInfo.java:shutdownLeaderElection(134)) - f4bcfb62-ac2b-46dd-af17-24588ee840f9: shutdown LeaderElection
2019-09-23 16:22:32,452 [059a42b7-7924-490e-b971-99b65350ca76@group-55F58BFAB478:LeaderElection21] INFO  impl.LeaderElection (LeaderElection.java:logAndReturn(56)) - 059a42b7-7924-490e-b971-99b65350ca76@group-55F58BFAB478:LeaderElection21: Election REJECTED; received 2 response(s) [059a42b7-7924-490e-b971-99b65350ca76<-929b7fa3-dd60-444c-b5c3-9ec585f275f8#0:FAIL-t1, 059a42b7-7924-490e-b971-99b65350ca76<-84304eb4-a8af-4a6f-9dd3-e902f7a5c13b#0:FAIL-t1] and 0 exception(s); 059a42b7-7924-490e-b971-99b65350ca76@group-55F58BFAB478:t1, leader=null, voted=059a42b7-7924-490e-b971-99b65350ca76, raftlog=059a42b7-7924-490e-b971-99b65350ca76@group-55F58BFAB478-SegmentedRaftLog:OPENED:c-1,f-1,i0, conf=-1: [059a42b7-7924-490e-b971-99b65350ca76:192.168.34.17:37257, 929b7fa3-dd60-444c-b5c3-9ec585f275f8:192.168.34.17:34898, 84304eb4-a8af-4a6f-9dd3-e902f7a5c13b:192.168.34.17:41904], old=null
2019-09-23 16:22:32,452 [f4bcfb62-ac2b-46dd-af17-24588ee840f9@group-93DCACA2FB8D:LeaderElection26] INFO  impl.RoleInfo (RoleInfo.java:updateAndGet(143)) - f4bcfb62-ac2b-46dd-af17-24588ee840f9: start FollowerState
2019-09-23 16:22:32,453 [059a42b7-7924-490e-b971-99b65350ca76@group-55F58BFAB478:LeaderElection21] INFO  impl.RaftServerImpl (RaftServerImpl.java:setRole(174)) - 059a42b7-7924-490e-b971-99b65350ca76@group-55F58BFAB478: changes role from CANDIDATE to FOLLOWER at term 1 for DISCOVERED_A_NEW_TERM
2019-09-23 16:22:32,464 [059a42b7-7924-490e-b971-99b65350ca76@group-55F58BFAB478:LeaderElection21] INFO  impl.RoleInfo (RoleInfo.java:shutdownLeaderElection(134)) - 059a42b7-7924-490e-b971-99b65350ca76: shutdown LeaderElection
2019-09-23 16:22:32,455 [82a6f2be-c8ed-447e-9e12-bf879094a75e@group-93DCACA2FB8D:LeaderElection24] INFO  impl.LeaderElection (LeaderElection.java:logAndReturn(56)) - 82a6f2be-c8ed-447e-9e12-bf879094a75e@group-93DCACA2FB8D:LeaderElection24: Election REJECTED; received 2 response(s) [82a6f2be-c8ed-447e-9e12-bf879094a75e<-4c07bcfb-bfa3-4850-b9a2-ba41057b118b#0:FAIL-t1, 82a6f2be-c8ed-447e-9e12-bf879094a75e<-f4bcfb62-ac2b-46dd-af17-24588ee840f9#0:FAIL-t1] and 0 exception(s); 82a6f2be-c8ed-447e-9e12-bf879094a75e@group-93DCACA2FB8D:t1, leader=null, voted=82a6f2be-c8ed-447e-9e12-bf879094a75e, raftlog=82a6f2be-c8ed-447e-9e12-bf879094a75e@group-93DCACA2FB8D-SegmentedRaftLog:OPENED:c-1,f-1,i0, conf=-1: [82a6f2be-c8ed-447e-9e12-bf879094a75e:192.168.34.17:41841, 4c07bcfb-bfa3-4850-b9a2-ba41057b118b:192.168.34.17:44862, f4bcfb62-ac2b-46dd-af17-24588ee840f9:192.168.34.17:42679], old=null
2019-09-23 16:22:32,465 [929b7fa3-dd60-444c-b5c3-9ec585f275f8@group-55F58BFAB478:LeaderElection19] INFO  impl.LeaderElection (LeaderElection.java:logAndReturn(56)) - 929b7fa3-dd60-444c-b5c3-9ec585f275f8@group-55F58BFAB478:LeaderElection19: Election REJECTED; received 2 response(s) [929b7fa3-dd60-444c-b5c3-9ec585f275f8<-059a42b7-7924-490e-b971-99b65350ca76#0:FAIL-t1, 929b7fa3-dd60-444c-b5c3-9ec585f275f8<-84304eb4-a8af-4a6f-9dd3-e902f7a5c13b#0:FAIL-t1] and 0 exception(s); 929b7fa3-dd60-444c-b5c3-9ec585f275f8@group-55F58BFAB478:t1, leader=null, voted=929b7fa3-dd60-444c-b5c3-9ec585f275f8, raftlog=929b7fa3-dd60-444c-b5c3-9ec585f275f8@group-55F58BFAB478-SegmentedRaftLog:OPENED:c-1,f-1,i0, conf=-1: [059a42b7-7924-490e-b971-99b65350ca76:192.168.34.17:37257, 929b7fa3-dd60-444c-b5c3-9ec585f275f8:192.168.34.17:34898, 84304eb4-a8af-4a6f-9dd3-e902f7a5c13b:192.168.34.17:41904], old=null
2019-09-23 16:22:32,465 [059a42b7-7924-490e-b971-99b65350ca76@group-55F58BFAB478:LeaderElection21] INFO  impl.RoleInfo (RoleInfo.java:updateAndGet(143)) - 059a42b7-7924-490e-b971-99b65350ca76: start FollowerState
2019-09-23 16:22:32,466 [929b7fa3-dd60-444c-b5c3-9ec585f275f8@group-55F58BFAB478:LeaderElection19] INFO  impl.RaftServerImpl (RaftServerImpl.java:setRole(174)) - 929b7fa3-dd60-444c-b5c3-9ec585f275f8@group-55F58BFAB478: changes role from CANDIDATE to FOLLOWER at term 1 for DISCOVERED_A_NEW_TERM
2019-09-23 16:22:32,465 [82a6f2be-c8ed-447e-9e12-bf879094a75e@group-93DCACA2FB8D:LeaderElection24] INFO  impl.RaftServerImpl (RaftServerImpl.java:setRole(174)) - 82a6f2be-c8ed-447e-9e12-bf879094a75e@group-93DCACA2FB8D: changes role from CANDIDATE to FOLLOWER at term 1 for DISCOVERED_A_NEW_TERM
2019-09-23 16:22:32,465 [84304eb4-a8af-4a6f-9dd3-e902f7a5c13b@group-55F58BFAB478:LeaderElection18] INFO  impl.LeaderElection (LeaderElection.java:logAndReturn(56)) - 84304eb4-a8af-4a6f-9dd3-e902f7a5c13b@group-55F58BFAB478:LeaderElection18: Election REJECTED; received 2 response(s) [84304eb4-a8af-4a6f-9dd3-e902f7a5c13b<-059a42b7-7924-490e-b971-99b65350ca76#0:FAIL-t1, 84304eb4-a8af-4a6f-9dd3-e902f7a5c13b<-929b7fa3-dd60-444c-b5c3-9ec585f275f8#0:FAIL-t1] and 0 exception(s); 84304eb4-a8af-4a6f-9dd3-e902f7a5c13b@group-55F58BFAB478:t1, leader=null, voted=84304eb4-a8af-4a6f-9dd3-e902f7a5c13b, raftlog=84304eb4-a8af-4a6f-9dd3-e902f7a5c13b@group-55F58BFAB478-SegmentedRaftLog:OPENED:c-1,f-1,i0, conf=-1: [059a42b7-7924-490e-b971-99b65350ca76:192.168.34.17:37257, 929b7fa3-dd60-444c-b5c3-9ec585f275f8:192.168.34.17:34898, 84304eb4-a8af-4a6f-9dd3-e902f7a5c13b:192.168.34.17:41904], old=null
2019-09-23 16:22:32,473 [82a6f2be-c8ed-447e-9e12-bf879094a75e@group-93DCACA2FB8D:LeaderElection24] INFO  impl.RoleInfo (RoleInfo.java:shutdownLeaderElection(134)) - 82a6f2be-c8ed-447e-9e12-bf879094a75e: shutdown LeaderElection
2019-09-23 16:22:32,471 [929b7fa3-dd60-444c-b5c3-9ec585f275f8@group-55F58BFAB478:LeaderElection19] INFO  impl.RoleInfo (RoleInfo.java:shutdownLeaderElection(134)) - 929b7fa3-dd60-444c-b5c3-9ec585f275f8: shutdown LeaderElection
2019-09-23 16:22:32,473 [84304eb4-a8af-4a6f-9dd3-e902f7a5c13b@group-55F58BFAB478:LeaderElection18] INFO  impl.RaftServerImpl (RaftServerImpl.java:setRole(174)) - 84304eb4-a8af-4a6f-9dd3-e902f7a5c13b@group-55F58BFAB478: changes role from CANDIDATE to FOLLOWER at term 1 for DISCOVERED_A_NEW_TERM
2019-09-23 16:22:32,474 [929b7fa3-dd60-444c-b5c3-9ec585f275f8@group-55F58BFAB478:LeaderElection19] INFO  impl.RoleInfo (RoleInfo.java:updateAndGet(143)) - 929b7fa3-dd60-444c-b5c3-9ec585f275f8: start FollowerState
2019-09-23 16:22:32,474 [82a6f2be-c8ed-447e-9e12-bf879094a75e@group-93DCACA2FB8D:LeaderElection24] INFO  impl.RoleInfo (RoleInfo.java:updateAndGet(143)) - 82a6f2be-c8ed-447e-9e12-bf879094a75e: start FollowerState
2019-09-23 16:22:32,474 [84304eb4-a8af-4a6f-9dd3-e902f7a5c13b@group-55F58BFAB478:LeaderElection18] INFO  impl.RoleInfo (RoleInfo.java:shutdownLeaderElection(134)) - 84304eb4-a8af-4a6f-9dd3-e902f7a5c13b: shutdown LeaderElection
2019-09-23 16:22:32,475 [84304eb4-a8af-4a6f-9dd3-e902f7a5c13b@group-55F58BFAB478:LeaderElection18] INFO  impl.RoleInfo (RoleInfo.java:updateAndGet(143)) - 84304eb4-a8af-4a6f-9dd3-e902f7a5c13b: start FollowerState
2019-09-23 16:22:32,477 [82a6f2be-c8ed-447e-9e12-bf879094a75e@group-EE20B44C3837:LeaderElection23] INFO  impl.RoleInfo (RoleInfo.java:updateAndGet(143)) - 82a6f2be-c8ed-447e-9e12-bf879094a75e: start LeaderState
2019-09-23 16:22:32,477 [82a6f2be-c8ed-447e-9e12-bf879094a75e@group-EE20B44C3837:LeaderElection23] INFO  segmented.SegmentedRaftLogWorker (SegmentedRaftLogWorker.java:startLogSegment(380)) - 82a6f2be-c8ed-447e-9e12-bf879094a75e@group-EE20B44C3837-SegmentedRaftLogWorker: Starting segment from index:0
2019-09-23 16:22:32,478 [82a6f2be-c8ed-447e-9e12-bf879094a75e@group-EE20B44C3837:LeaderElection23] INFO  impl.RaftServerImpl (ServerState.java:setRaftConf(354)) - 82a6f2be-c8ed-447e-9e12-bf879094a75e@group-EE20B44C3837: set configuration 0: [82a6f2be-c8ed-447e-9e12-bf879094a75e:192.168.34.17:41841], old=null at 0
2019-09-23 16:22:32,503 [4c07bcfb-bfa3-4850-b9a2-ba41057b118b@group-306A62BCEAD3:LeaderElection20] INFO  impl.RoleInfo (RoleInfo.java:updateAndGet(143)) - 4c07bcfb-bfa3-4850-b9a2-ba41057b118b: start LeaderState
2019-09-23 16:22:32,503 [f4bcfb62-ac2b-46dd-af17-24588ee840f9@group-1D9F781D54B1:LeaderElection22] INFO  impl.RoleInfo (RoleInfo.java:updateAndGet(143)) - f4bcfb62-ac2b-46dd-af17-24588ee840f9: start LeaderState
2019-09-23 16:22:32,503 [4c07bcfb-bfa3-4850-b9a2-ba41057b118b@group-306A62BCEAD3:LeaderElection20] INFO  segmented.SegmentedRaftLogWorker (SegmentedRaftLogWorker.java:startLogSegment(380)) - 4c07bcfb-bfa3-4850-b9a2-ba41057b118b@group-306A62BCEAD3-SegmentedRaftLogWorker: Starting segment from index:0
2019-09-23 16:22:32,503 [929b7fa3-dd60-444c-b5c3-9ec585f275f8@group-8D610E934079:LeaderElection16] INFO  impl.RoleInfo (RoleInfo.java:updateAndGet(143)) - 929b7fa3-dd60-444c-b5c3-9ec585f275f8: start LeaderState
2019-09-23 16:22:32,504 [f4bcfb62-ac2b-46dd-af17-24588ee840f9@group-1D9F781D54B1:LeaderElection22] INFO  segmented.SegmentedRaftLogWorker (SegmentedRaftLogWorker.java:startLogSegment(380)) - f4bcfb62-ac2b-46dd-af17-24588ee840f9@group-1D9F781D54B1-SegmentedRaftLogWorker: Starting segment from index:0
2019-09-23 16:22:32,504 [84304eb4-a8af-4a6f-9dd3-e902f7a5c13b@group-19934EF79770:LeaderElection15] INFO  impl.RoleInfo (RoleInfo.java:updateAndGet(143)) - 84304eb4-a8af-4a6f-9dd3-e902f7a5c13b: start LeaderState
2019-09-23 16:22:32,504 [059a42b7-7924-490e-b971-99b65350ca76@group-BC37EFE56C5D:LeaderElection17] INFO  impl.RoleInfo (RoleInfo.java:updateAndGet(143)) - 059a42b7-7924-490e-b971-99b65350ca76: start LeaderState
2019-09-23 16:22:32,504 [4c07bcfb-bfa3-4850-b9a2-ba41057b118b@group-306A62BCEAD3:LeaderElection20] INFO  impl.RaftServerImpl (ServerState.java:setRaftConf(354)) - 4c07bcfb-bfa3-4850-b9a2-ba41057b118b@group-306A62BCEAD3: set configuration 0: [4c07bcfb-bfa3-4850-b9a2-ba41057b118b:192.168.34.17:44862], old=null at 0
2019-09-23 16:22:32,504 [059a42b7-7924-490e-b971-99b65350ca76@group-BC37EFE56C5D:LeaderElection17] INFO  segmented.SegmentedRaftLogWorker (SegmentedRaftLogWorker.java:startLogSegment(380)) - 059a42b7-7924-490e-b971-99b65350ca76@group-BC37EFE56C5D-SegmentedRaftLogWorker: Starting segment from index:0
2019-09-23 16:22:32,504 [929b7fa3-dd60-444c-b5c3-9ec585f275f8@group-8D610E934079:LeaderElection16] INFO  segmented.SegmentedRaftLogWorker (SegmentedRaftLogWorker.java:startLogSegment(380)) - 929b7fa3-dd60-444c-b5c3-9ec585f275f8@group-8D610E934079-SegmentedRaftLogWorker: Starting segment from index:0
2019-09-23 16:22:32,534 [82a6f2be-c8ed-447e-9e12-bf879094a75e@group-EE20B44C3837-SegmentedRaftLogWorker] INFO  segmented.SegmentedRaftLogWorker (SegmentedRaftLogWorker.java:execute(569)) - 82a6f2be-c8ed-447e-9e12-bf879094a75e@group-EE20B44C3837-SegmentedRaftLogWorker: created new log segment /workdir/hadoop-ozone/integration-test/target/test-dir/MiniOzoneClusterImpl-f3b30e67-3449-4c60-a677-fdc793c35738/datanode-4/data/ratis/0ecd8207-5b73-4bed-865d-ee20b44c3837/current/log_inprogress_0
2019-09-23 16:22:32,504 [f4bcfb62-ac2b-46dd-af17-24588ee840f9@group-1D9F781D54B1:LeaderElection22] INFO  impl.RaftServerImpl (ServerState.java:setRaftConf(354)) - f4bcfb62-ac2b-46dd-af17-24588ee840f9@group-1D9F781D54B1: set configuration 0: [f4bcfb62-ac2b-46dd-af17-24588ee840f9:192.168.34.17:42679], old=null at 0
2019-09-23 16:22:32,504 [84304eb4-a8af-4a6f-9dd3-e902f7a5c13b@group-19934EF79770:LeaderElection15] INFO  segmented.SegmentedRaftLogWorker (SegmentedRaftLogWorker.java:startLogSegment(380)) - 84304eb4-a8af-4a6f-9dd3-e902f7a5c13b@group-19934EF79770-SegmentedRaftLogWorker: Starting segment from index:0
2019-09-23 16:22:32,564 [f4bcfb62-ac2b-46dd-af17-24588ee840f9@group-1D9F781D54B1-SegmentedRaftLogWorker] INFO  segmented.SegmentedRaftLogWorker (SegmentedRaftLogWorker.java:execute(569)) - f4bcfb62-ac2b-46dd-af17-24588ee840f9@group-1D9F781D54B1-SegmentedRaftLogWorker: created new log segment /workdir/hadoop-ozone/integration-test/target/test-dir/MiniOzoneClusterImpl-f3b30e67-3449-4c60-a677-fdc793c35738/datanode-5/data/ratis/946abc63-acc6-4aa2-a497-1d9f781d54b1/current/log_inprogress_0
2019-09-23 16:22:32,564 [4c07bcfb-bfa3-4850-b9a2-ba41057b118b@group-306A62BCEAD3-SegmentedRaftLogWorker] INFO  segmented.SegmentedRaftLogWorker (SegmentedRaftLogWorker.java:execute(569)) - 4c07bcfb-bfa3-4850-b9a2-ba41057b118b@group-306A62BCEAD3-SegmentedRaftLogWorker: created new log segment /workdir/hadoop-ozone/integration-test/target/test-dir/MiniOzoneClusterImpl-f3b30e67-3449-4c60-a677-fdc793c35738/datanode-3/data/ratis/94478b64-8f69-45ef-9557-306a62bcead3/current/log_inprogress_0
2019-09-23 16:22:32,535 [929b7fa3-dd60-444c-b5c3-9ec585f275f8@group-8D610E934079:LeaderElection16] INFO  impl.RaftServerImpl (ServerState.java:setRaftConf(354)) - 929b7fa3-dd60-444c-b5c3-9ec585f275f8@group-8D610E934079: set configuration 0: [929b7fa3-dd60-444c-b5c3-9ec585f275f8:192.168.34.17:34898], old=null at 0
2019-09-23 16:22:32,534 [059a42b7-7924-490e-b971-99b65350ca76@group-BC37EFE56C5D:LeaderElection17] INFO  impl.RaftServerImpl (ServerState.java:setRaftConf(354)) - 059a42b7-7924-490e-b971-99b65350ca76@group-BC37EFE56C5D: set configuration 0: [059a42b7-7924-490e-b971-99b65350ca76:192.168.34.17:37257], old=null at 0
2019-09-23 16:22:32,565 [84304eb4-a8af-4a6f-9dd3-e902f7a5c13b@group-19934EF79770:LeaderElection15] INFO  impl.RaftServerImpl (ServerState.java:setRaftConf(354)) - 84304eb4-a8af-4a6f-9dd3-e902f7a5c13b@group-19934EF79770: set configuration 0: [84304eb4-a8af-4a6f-9dd3-e902f7a5c13b:192.168.34.17:41904], old=null at 0
2019-09-23 16:22:32,572 [929b7fa3-dd60-444c-b5c3-9ec585f275f8@group-8D610E934079-SegmentedRaftLogWorker] INFO  segmented.SegmentedRaftLogWorker (SegmentedRaftLogWorker.java:execute(569)) - 929b7fa3-dd60-444c-b5c3-9ec585f275f8@group-8D610E934079-SegmentedRaftLogWorker: created new log segment /workdir/hadoop-ozone/integration-test/target/test-dir/MiniOzoneClusterImpl-f3b30e67-3449-4c60-a677-fdc793c35738/datanode-2/data/ratis/4e1e09d5-bf05-4848-9b9c-8d610e934079/current/log_inprogress_0
2019-09-23 16:22:32,572 [059a42b7-7924-490e-b971-99b65350ca76@group-BC37EFE56C5D-SegmentedRaftLogWorker] INFO  segmented.SegmentedRaftLogWorker (SegmentedRaftLogWorker.java:execute(569)) - 059a42b7-7924-490e-b971-99b65350ca76@group-BC37EFE56C5D-SegmentedRaftLogWorker: created new log segment /workdir/hadoop-ozone/integration-test/target/test-dir/MiniOzoneClusterImpl-f3b30e67-3449-4c60-a677-fdc793c35738/datanode-1/data/ratis/c2a43d41-fa2c-42e7-a599-bc37efe56c5d/current/log_inprogress_0
2019-09-23 16:22:32,603 [84304eb4-a8af-4a6f-9dd3-e902f7a5c13b@group-19934EF79770-SegmentedRaftLogWorker] INFO  segmented.SegmentedRaftLogWorker (SegmentedRaftLogWorker.java:execute(569)) - 84304eb4-a8af-4a6f-9dd3-e902f7a5c13b@group-19934EF79770-SegmentedRaftLogWorker: created new log segment /workdir/hadoop-ozone/integration-test/target/test-dir/MiniOzoneClusterImpl-f3b30e67-3449-4c60-a677-fdc793c35738/datanode-0/data/ratis/75f6368c-06ce-455a-b2d6-19934ef79770/current/log_inprogress_0
2019-09-23 16:22:37,468 [Thread-1072] INFO  impl.FollowerState (FollowerState.java:run(106)) - f4bcfb62-ac2b-46dd-af17-24588ee840f9:group-93DCACA2FB8D changes to CANDIDATE, lastRpcTime:5016, electionTimeout:5004ms
2019-09-23 16:22:37,469 [Thread-1072] INFO  impl.RoleInfo (RoleInfo.java:shutdownFollowerState(121)) - f4bcfb62-ac2b-46dd-af17-24588ee840f9: shutdown FollowerState
2019-09-23 16:22:37,469 [Thread-1072] INFO  impl.RaftServerImpl (RaftServerImpl.java:setRole(174)) - f4bcfb62-ac2b-46dd-af17-24588ee840f9@group-93DCACA2FB8D: changes role from  FOLLOWER to CANDIDATE at term 1 for changeToCandidate
2019-09-23 16:22:37,469 [Thread-1072] INFO  impl.RoleInfo (RoleInfo.java:updateAndGet(143)) - f4bcfb62-ac2b-46dd-af17-24588ee840f9: start LeaderElection
2019-09-23 16:22:37,495 [Thread-1073] INFO  impl.FollowerState (FollowerState.java:run(106)) - 059a42b7-7924-490e-b971-99b65350ca76:group-55F58BFAB478 changes to CANDIDATE, lastRpcTime:5030, electionTimeout:5024ms
2019-09-23 16:22:37,496 [Thread-1073] INFO  impl.RoleInfo (RoleInfo.java:shutdownFollowerState(121)) - 059a42b7-7924-490e-b971-99b65350ca76: shutdown FollowerState
2019-09-23 16:22:37,496 [Thread-1073] INFO  impl.RaftServerImpl (RaftServerImpl.java:setRole(174)) - 059a42b7-7924-490e-b971-99b65350ca76@group-55F58BFAB478: changes role from  FOLLOWER to CANDIDATE at term 1 for changeToCandidate
2019-09-23 16:22:37,496 [Thread-1073] INFO  impl.RoleInfo (RoleInfo.java:updateAndGet(143)) - 059a42b7-7924-490e-b971-99b65350ca76: start LeaderElection
2019-09-23 16:22:37,503 [f4bcfb62-ac2b-46dd-af17-24588ee840f9@group-93DCACA2FB8D:LeaderElection27] INFO  impl.LeaderElection (LeaderElection.java:askForVotes(182)) - f4bcfb62-ac2b-46dd-af17-24588ee840f9@group-93DCACA2FB8D:LeaderElection27: begin an election at term 2 for -1: [82a6f2be-c8ed-447e-9e12-bf879094a75e:192.168.34.17:41841, 4c07bcfb-bfa3-4850-b9a2-ba41057b118b:192.168.34.17:44862, f4bcfb62-ac2b-46dd-af17-24588ee840f9:192.168.34.17:42679], old=null
2019-09-23 16:22:37,508 [059a42b7-7924-490e-b971-99b65350ca76@group-55F58BFAB478:LeaderElection28] INFO  impl.LeaderElection (LeaderElection.java:askForVotes(182)) - 059a42b7-7924-490e-b971-99b65350ca76@group-55F58BFAB478:LeaderElection28: begin an election at term 2 for -1: [059a42b7-7924-490e-b971-99b65350ca76:192.168.34.17:37257, 929b7fa3-dd60-444c-b5c3-9ec585f275f8:192.168.34.17:34898, 84304eb4-a8af-4a6f-9dd3-e902f7a5c13b:192.168.34.17:41904], old=null
2019-09-23 16:22:37,508 [grpc-default-executor-3] INFO  impl.RaftServerImpl (RaftServerImpl.java:setRole(174)) - 82a6f2be-c8ed-447e-9e12-bf879094a75e@group-93DCACA2FB8D: changes role from  FOLLOWER to FOLLOWER at term 2 for recognizeCandidate:f4bcfb62-ac2b-46dd-af17-24588ee840f9
2019-09-23 16:22:37,511 [grpc-default-executor-5] INFO  impl.RaftServerImpl (RaftServerImpl.java:setRole(174)) - 4c07bcfb-bfa3-4850-b9a2-ba41057b118b@group-93DCACA2FB8D: changes role from  FOLLOWER to FOLLOWER at term 2 for recognizeCandidate:f4bcfb62-ac2b-46dd-af17-24588ee840f9
2019-09-23 16:22:37,511 [grpc-default-executor-3] INFO  impl.RoleInfo (RoleInfo.java:shutdownFollowerState(121)) - 82a6f2be-c8ed-447e-9e12-bf879094a75e: shutdown FollowerState
2019-09-23 16:22:37,511 [grpc-default-executor-5] INFO  impl.RoleInfo (RoleInfo.java:shutdownFollowerState(121)) - 4c07bcfb-bfa3-4850-b9a2-ba41057b118b: shutdown FollowerState
2019-09-23 16:22:37,511 [Thread-1074] INFO  impl.FollowerState (FollowerState.java:run(115)) - 82a6f2be-c8ed-447e-9e12-bf879094a75e: FollowerState was interrupted: java.lang.InterruptedException: sleep interrupted
2019-09-23 16:22:37,511 [grpc-default-executor-3] INFO  impl.RoleInfo (RoleInfo.java:updateAndGet(143)) - 82a6f2be-c8ed-447e-9e12-bf879094a75e: start FollowerState
2019-09-23 16:22:37,512 [Thread-1071] INFO  impl.FollowerState (FollowerState.java:run(115)) - 4c07bcfb-bfa3-4850-b9a2-ba41057b118b: FollowerState was interrupted: java.lang.InterruptedException: sleep interrupted
2019-09-23 16:22:37,512 [grpc-default-executor-5] INFO  impl.RoleInfo (RoleInfo.java:updateAndGet(143)) - 4c07bcfb-bfa3-4850-b9a2-ba41057b118b: start FollowerState
2019-09-23 16:22:37,521 [Thread-1076] INFO  impl.FollowerState (FollowerState.java:run(106)) - 84304eb4-a8af-4a6f-9dd3-e902f7a5c13b:group-55F58BFAB478 changes to CANDIDATE, lastRpcTime:5046, electionTimeout:5044ms
2019-09-23 16:22:37,524 [grpc-default-executor-1] INFO  impl.RaftServerImpl (RaftServerImpl.java:setRole(174)) - 929b7fa3-dd60-444c-b5c3-9ec585f275f8@group-55F58BFAB478: changes role from  FOLLOWER to FOLLOWER at term 2 for recognizeCandidate:059a42b7-7924-490e-b971-99b65350ca76
2019-09-23 16:22:37,524 [Thread-1076] INFO  impl.RoleInfo (RoleInfo.java:shutdownFollowerState(121)) - 84304eb4-a8af-4a6f-9dd3-e902f7a5c13b: shutdown FollowerState
2019-09-23 16:22:37,524 [grpc-default-executor-1] INFO  impl.RoleInfo (RoleInfo.java:shutdownFollowerState(121)) - 929b7fa3-dd60-444c-b5c3-9ec585f275f8: shutdown FollowerState
2019-09-23 16:22:37,524 [Thread-1076] INFO  impl.RaftServerImpl (RaftServerImpl.java:setRole(174)) - 84304eb4-a8af-4a6f-9dd3-e902f7a5c13b@group-55F58BFAB478: changes role from  FOLLOWER to CANDIDATE at term 1 for changeToCandidate
2019-09-23 16:22:37,524 [Thread-1075] INFO  impl.FollowerState (FollowerState.java:run(115)) - 929b7fa3-dd60-444c-b5c3-9ec585f275f8: FollowerState was interrupted: java.lang.InterruptedException: sleep interrupted
2019-09-23 16:22:37,524 [Thread-1076] INFO  impl.RoleInfo (RoleInfo.java:updateAndGet(143)) - 84304eb4-a8af-4a6f-9dd3-e902f7a5c13b: start LeaderElection
2019-09-23 16:22:37,524 [grpc-default-executor-1] INFO  impl.RoleInfo (RoleInfo.java:updateAndGet(143)) - 929b7fa3-dd60-444c-b5c3-9ec585f275f8: start FollowerState
2019-09-23 16:22:37,527 [grpc-default-executor-4] INFO  impl.RaftServerImpl (RaftServerImpl.java:setRole(174)) - 84304eb4-a8af-4a6f-9dd3-e902f7a5c13b@group-55F58BFAB478: changes role from CANDIDATE to FOLLOWER at term 2 for recognizeCandidate:059a42b7-7924-490e-b971-99b65350ca76
2019-09-23 16:22:37,529 [grpc-default-executor-4] INFO  impl.RoleInfo (RoleInfo.java:shutdownLeaderElection(134)) - 84304eb4-a8af-4a6f-9dd3-e902f7a5c13b: shutdown LeaderElection
2019-09-23 16:22:37,530 [grpc-default-executor-4] INFO  impl.RoleInfo (RoleInfo.java:updateAndGet(143)) - 84304eb4-a8af-4a6f-9dd3-e902f7a5c13b: start FollowerState
2019-09-23 16:22:37,554 [059a42b7-7924-490e-b971-99b65350ca76@group-55F58BFAB478:LeaderElection28] INFO  impl.LeaderElection (LeaderElection.java:logAndReturn(56)) - 059a42b7-7924-490e-b971-99b65350ca76@group-55F58BFAB478:LeaderElection28: Election PASSED; received 1 response(s) [059a42b7-7924-490e-b971-99b65350ca76<-929b7fa3-dd60-444c-b5c3-9ec585f275f8#0:OK-t2] and 0 exception(s); 059a42b7-7924-490e-b971-99b65350ca76@group-55F58BFAB478:t2, leader=null, voted=059a42b7-7924-490e-b971-99b65350ca76, raftlog=059a42b7-7924-490e-b971-99b65350ca76@group-55F58BFAB478-SegmentedRaftLog:OPENED:c-1,f-1,i0, conf=-1: [059a42b7-7924-490e-b971-99b65350ca76:192.168.34.17:37257, 929b7fa3-dd60-444c-b5c3-9ec585f275f8:192.168.34.17:34898, 84304eb4-a8af-4a6f-9dd3-e902f7a5c13b:192.168.34.17:41904], old=null
2019-09-23 16:22:37,554 [f4bcfb62-ac2b-46dd-af17-24588ee840f9@group-93DCACA2FB8D:LeaderElection27] INFO  impl.LeaderElection (LeaderElection.java:logAndReturn(56)) - f4bcfb62-ac2b-46dd-af17-24588ee840f9@group-93DCACA2FB8D:LeaderElection27: Election PASSED; received 1 response(s) [f4bcfb62-ac2b-46dd-af17-24588ee840f9<-82a6f2be-c8ed-447e-9e12-bf879094a75e#0:OK-t2] and 0 exception(s); f4bcfb62-ac2b-46dd-af17-24588ee840f9@group-93DCACA2FB8D:t2, leader=null, voted=f4bcfb62-ac2b-46dd-af17-24588ee840f9, raftlog=f4bcfb62-ac2b-46dd-af17-24588ee840f9@group-93DCACA2FB8D-SegmentedRaftLog:OPENED:c-1,f-1,i0, conf=-1: [82a6f2be-c8ed-447e-9e12-bf879094a75e:192.168.34.17:41841, 4c07bcfb-bfa3-4850-b9a2-ba41057b118b:192.168.34.17:44862, f4bcfb62-ac2b-46dd-af17-24588ee840f9:192.168.34.17:42679], old=null
2019-09-23 16:22:37,554 [059a42b7-7924-490e-b971-99b65350ca76@group-55F58BFAB478:LeaderElection28] INFO  impl.RoleInfo (RoleInfo.java:shutdownLeaderElection(134)) - 059a42b7-7924-490e-b971-99b65350ca76: shutdown LeaderElection
2019-09-23 16:22:37,558 [059a42b7-7924-490e-b971-99b65350ca76@group-55F58BFAB478:LeaderElection28] INFO  impl.RaftServerImpl (RaftServerImpl.java:setRole(174)) - 059a42b7-7924-490e-b971-99b65350ca76@group-55F58BFAB478: changes role from CANDIDATE to LEADER at term 2 for changeToLeader
2019-09-23 16:22:37,558 [f4bcfb62-ac2b-46dd-af17-24588ee840f9@group-93DCACA2FB8D:LeaderElection27] INFO  impl.RoleInfo (RoleInfo.java:shutdownLeaderElection(134)) - f4bcfb62-ac2b-46dd-af17-24588ee840f9: shutdown LeaderElection
2019-09-23 16:22:37,560 [059a42b7-7924-490e-b971-99b65350ca76@group-55F58BFAB478:LeaderElection28] INFO  impl.RaftServerImpl (ServerState.java:setLeader(253)) - 059a42b7-7924-490e-b971-99b65350ca76@group-55F58BFAB478: change Leader from null to 059a42b7-7924-490e-b971-99b65350ca76 at term 2 for becomeLeader, leader elected after 12056ms
2019-09-23 16:22:37,561 [f4bcfb62-ac2b-46dd-af17-24588ee840f9@group-93DCACA2FB8D:LeaderElection27] INFO  impl.RaftServerImpl (RaftServerImpl.java:setRole(174)) - f4bcfb62-ac2b-46dd-af17-24588ee840f9@group-93DCACA2FB8D: changes role from CANDIDATE to LEADER at term 2 for changeToLeader
2019-09-23 16:22:37,561 [059a42b7-7924-490e-b971-99b65350ca76@group-55F58BFAB478:LeaderElection28] INFO  server.RaftServerConfigKeys (ConfUtils.java:logGet(43)) - raft.server.staging.catchup.gap = 1000 (default)
2019-09-23 16:22:37,561 [f4bcfb62-ac2b-46dd-af17-24588ee840f9@group-93DCACA2FB8D:LeaderElection27] INFO  impl.RaftServerImpl (ServerState.java:setLeader(253)) - f4bcfb62-ac2b-46dd-af17-24588ee840f9@group-93DCACA2FB8D: change Leader from null to f4bcfb62-ac2b-46dd-af17-24588ee840f9 at term 2 for becomeLeader, leader elected after 11869ms
2019-09-23 16:22:37,561 [059a42b7-7924-490e-b971-99b65350ca76@group-55F58BFAB478:LeaderElection28] INFO  server.RaftServerConfigKeys (ConfUtils.java:logGet(43)) - raft.server.rpc.sleep.time = 25ms (default)
2019-09-23 16:22:37,561 [f4bcfb62-ac2b-46dd-af17-24588ee840f9@group-93DCACA2FB8D:LeaderElection27] INFO  server.RaftServerConfigKeys (ConfUtils.java:logGet(43)) - raft.server.staging.catchup.gap = 1000 (default)
2019-09-23 16:22:37,561 [059a42b7-7924-490e-b971-99b65350ca76@group-55F58BFAB478:LeaderElection28] INFO  server.RaftServerConfigKeys (ConfUtils.java:logGet(43)) - raft.server.write.element-limit = 4096 (default)
2019-09-23 16:22:37,561 [f4bcfb62-ac2b-46dd-af17-24588ee840f9@group-93DCACA2FB8D:LeaderElection27] INFO  server.RaftServerConfigKeys (ConfUtils.java:logGet(43)) - raft.server.rpc.sleep.time = 25ms (default)
2019-09-23 16:22:37,562 [059a42b7-7924-490e-b971-99b65350ca76@group-55F58BFAB478:LeaderElection28] INFO  server.RaftServerConfigKeys (ConfUtils.java:logGet(43)) - raft.server.watch.timeout = 10s (default)
2019-09-23 16:22:37,562 [f4bcfb62-ac2b-46dd-af17-24588ee840f9@group-93DCACA2FB8D:LeaderElection27] INFO  server.RaftServerConfigKeys (ConfUtils.java:logGet(43)) - raft.server.write.element-limit = 4096 (default)
2019-09-23 16:22:37,562 [059a42b7-7924-490e-b971-99b65350ca76@group-55F58BFAB478:LeaderElection28] INFO  server.RaftServerConfigKeys (ConfUtils.java:logGet(43)) - raft.server.watch.timeout.denomination = 1s (default)
2019-09-23 16:22:37,562 [f4bcfb62-ac2b-46dd-af17-24588ee840f9@group-93DCACA2FB8D:LeaderElection27] INFO  server.RaftServerConfigKeys (ConfUtils.java:logGet(43)) - raft.server.watch.timeout = 10s (default)
2019-09-23 16:22:37,562 [059a42b7-7924-490e-b971-99b65350ca76@group-55F58BFAB478:LeaderElection28] INFO  server.RaftServerConfigKeys (ConfUtils.java:logGet(43)) - raft.server.watch.element-limit = 65536 (default)
2019-09-23 16:22:37,562 [f4bcfb62-ac2b-46dd-af17-24588ee840f9@group-93DCACA2FB8D:LeaderElection27] INFO  server.RaftServerConfigKeys (ConfUtils.java:logGet(43)) - raft.server.watch.timeout.denomination = 1s (default)
2019-09-23 16:22:37,562 [f4bcfb62-ac2b-46dd-af17-24588ee840f9@group-93DCACA2FB8D:LeaderElection27] INFO  server.RaftServerConfigKeys (ConfUtils.java:logGet(43)) - raft.server.watch.element-limit = 65536 (default)
2019-09-23 16:22:37,566 [059a42b7-7924-490e-b971-99b65350ca76@group-55F58BFAB478:LeaderElection28] INFO  server.RaftServerConfigKeys (ConfUtils.java:logGet(43)) - raft.server.log.appender.snapshot.chunk.size.max = 16MB (=16777216) (default)
2019-09-23 16:22:37,566 [f4bcfb62-ac2b-46dd-af17-24588ee840f9@group-93DCACA2FB8D:LeaderElection27] INFO  server.RaftServerConfigKeys (ConfUtils.java:logGet(43)) - raft.server.log.appender.snapshot.chunk.size.max = 16MB (=16777216) (default)
2019-09-23 16:22:37,567 [059a42b7-7924-490e-b971-99b65350ca76@group-55F58BFAB478:LeaderElection28] INFO  server.RaftServerConfigKeys (ConfUtils.java:logGet(43)) - raft.server.log.appender.buffer.byte-limit = 33554432 (custom)
2019-09-23 16:22:37,567 [f4bcfb62-ac2b-46dd-af17-24588ee840f9@group-93DCACA2FB8D:LeaderElection27] INFO  server.RaftServerConfigKeys (ConfUtils.java:logGet(43)) - raft.server.log.appender.buffer.byte-limit = 33554432 (custom)
2019-09-23 16:22:37,567 [059a42b7-7924-490e-b971-99b65350ca76@group-55F58BFAB478:LeaderElection28] INFO  server.RaftServerConfigKeys (ConfUtils.java:logGet(43)) - raft.server.log.appender.buffer.element-limit = 1 (custom)
2019-09-23 16:22:37,567 [f4bcfb62-ac2b-46dd-af17-24588ee840f9@group-93DCACA2FB8D:LeaderElection27] INFO  server.RaftServerConfigKeys (ConfUtils.java:logGet(43)) - raft.server.log.appender.buffer.element-limit = 1 (custom)
2019-09-23 16:22:37,567 [059a42b7-7924-490e-b971-99b65350ca76@group-55F58BFAB478:LeaderElection28] INFO  grpc.GrpcConfigKeys$Server (ConfUtils.java:logGet(43)) - raft.grpc.server.leader.outstanding.appends.max = 128 (default)
2019-09-23 16:22:37,568 [f4bcfb62-ac2b-46dd-af17-24588ee840f9@group-93DCACA2FB8D:LeaderElection27] INFO  grpc.GrpcConfigKeys$Server (ConfUtils.java:logGet(43)) - raft.grpc.server.leader.outstanding.appends.max = 128 (default)
2019-09-23 16:22:37,568 [059a42b7-7924-490e-b971-99b65350ca76@group-55F58BFAB478:LeaderElection28] INFO  server.RaftServerConfigKeys (ConfUtils.java:logGet(43)) - raft.server.rpc.request.timeout = 3000ms (default)
2019-09-23 16:22:37,568 [f4bcfb62-ac2b-46dd-af17-24588ee840f9@group-93DCACA2FB8D:LeaderElection27] INFO  server.RaftServerConfigKeys (ConfUtils.java:logGet(43)) - raft.server.rpc.request.timeout = 3000ms (default)
2019-09-23 16:22:37,568 [059a42b7-7924-490e-b971-99b65350ca76@group-55F58BFAB478:LeaderElection28] INFO  server.RaftServerConfigKeys (ConfUtils.java:logGet(43)) - raft.server.log.appender.install.snapshot.enabled = false (custom)
2019-09-23 16:22:37,568 [f4bcfb62-ac2b-46dd-af17-24588ee840f9@group-93DCACA2FB8D:LeaderElection27] INFO  server.RaftServerConfigKeys (ConfUtils.java:logGet(43)) - raft.server.log.appender.install.snapshot.enabled = false (custom)
2019-09-23 16:22:37,569 [059a42b7-7924-490e-b971-99b65350ca76@group-55F58BFAB478:LeaderElection28] INFO  server.RaftServerConfigKeys (ConfUtils.java:logGet(43)) - raft.server.log.appender.snapshot.chunk.size.max = 16MB (=16777216) (default)
2019-09-23 16:22:37,569 [f4bcfb62-ac2b-46dd-af17-24588ee840f9@group-93DCACA2FB8D:LeaderElection27] INFO  server.RaftServerConfigKeys (ConfUtils.java:logGet(43)) - raft.server.log.appender.snapshot.chunk.size.max = 16MB (=16777216) (default)
2019-09-23 16:22:37,569 [059a42b7-7924-490e-b971-99b65350ca76@group-55F58BFAB478:LeaderElection28] INFO  server.RaftServerConfigKeys (ConfUtils.java:logGet(43)) - raft.server.log.appender.buffer.byte-limit = 33554432 (custom)
2019-09-23 16:22:37,569 [f4bcfb62-ac2b-46dd-af17-24588ee840f9@group-93DCACA2FB8D:LeaderElection27] INFO  server.RaftServerConfigKeys (ConfUtils.java:logGet(43)) - raft.server.log.appender.buffer.byte-limit = 33554432 (custom)
2019-09-23 16:22:37,569 [059a42b7-7924-490e-b971-99b65350ca76@group-55F58BFAB478:LeaderElection28] INFO  server.RaftServerConfigKeys (ConfUtils.java:logGet(43)) - raft.server.log.appender.buffer.element-limit = 1 (custom)
2019-09-23 16:22:37,569 [f4bcfb62-ac2b-46dd-af17-24588ee840f9@group-93DCACA2FB8D:LeaderElection27] INFO  server.RaftServerConfigKeys (ConfUtils.java:logGet(43)) - raft.server.log.appender.buffer.element-limit = 1 (custom)
2019-09-23 16:22:37,570 [059a42b7-7924-490e-b971-99b65350ca76@group-55F58BFAB478:LeaderElection28] INFO  grpc.GrpcConfigKeys$Server (ConfUtils.java:logGet(43)) - raft.grpc.server.leader.outstanding.appends.max = 128 (default)
2019-09-23 16:22:37,570 [f4bcfb62-ac2b-46dd-af17-24588ee840f9@group-93DCACA2FB8D:LeaderElection27] INFO  grpc.GrpcConfigKeys$Server (ConfUtils.java:logGet(43)) - raft.grpc.server.leader.outstanding.appends.max = 128 (default)
2019-09-23 16:22:37,570 [059a42b7-7924-490e-b971-99b65350ca76@group-55F58BFAB478:LeaderElection28] INFO  server.RaftServerConfigKeys (ConfUtils.java:logGet(43)) - raft.server.rpc.request.timeout = 3000ms (default)
2019-09-23 16:22:37,570 [f4bcfb62-ac2b-46dd-af17-24588ee840f9@group-93DCACA2FB8D:LeaderElection27] INFO  server.RaftServerConfigKeys (ConfUtils.java:logGet(43)) - raft.server.rpc.request.timeout = 3000ms (default)
2019-09-23 16:22:37,570 [059a42b7-7924-490e-b971-99b65350ca76@group-55F58BFAB478:LeaderElection28] INFO  server.RaftServerConfigKeys (ConfUtils.java:logGet(43)) - raft.server.log.appender.install.snapshot.enabled = false (custom)
2019-09-23 16:22:37,570 [f4bcfb62-ac2b-46dd-af17-24588ee840f9@group-93DCACA2FB8D:LeaderElection27] INFO  server.RaftServerConfigKeys (ConfUtils.java:logGet(43)) - raft.server.log.appender.install.snapshot.enabled = false (custom)
2019-09-23 16:22:37,571 [059a42b7-7924-490e-b971-99b65350ca76@group-55F58BFAB478:LeaderElection28] INFO  impl.RoleInfo (RoleInfo.java:updateAndGet(143)) - 059a42b7-7924-490e-b971-99b65350ca76: start LeaderState
2019-09-23 16:22:37,571 [f4bcfb62-ac2b-46dd-af17-24588ee840f9@group-93DCACA2FB8D:LeaderElection27] INFO  impl.RoleInfo (RoleInfo.java:updateAndGet(143)) - f4bcfb62-ac2b-46dd-af17-24588ee840f9: start LeaderState
2019-09-23 16:22:37,571 [059a42b7-7924-490e-b971-99b65350ca76@group-55F58BFAB478:LeaderElection28] INFO  segmented.SegmentedRaftLogWorker (SegmentedRaftLogWorker.java:startLogSegment(380)) - 059a42b7-7924-490e-b971-99b65350ca76@group-55F58BFAB478-SegmentedRaftLogWorker: Starting segment from index:0
2019-09-23 16:22:37,571 [f4bcfb62-ac2b-46dd-af17-24588ee840f9@group-93DCACA2FB8D:LeaderElection27] INFO  segmented.SegmentedRaftLogWorker (SegmentedRaftLogWorker.java:startLogSegment(380)) - f4bcfb62-ac2b-46dd-af17-24588ee840f9@group-93DCACA2FB8D-SegmentedRaftLogWorker: Starting segment from index:0
2019-09-23 16:22:37,572 [059a42b7-7924-490e-b971-99b65350ca76@group-55F58BFAB478:LeaderElection28] INFO  impl.RaftServerImpl (ServerState.java:setRaftConf(354)) - 059a42b7-7924-490e-b971-99b65350ca76@group-55F58BFAB478: set configuration 0: [059a42b7-7924-490e-b971-99b65350ca76:192.168.34.17:37257, 929b7fa3-dd60-444c-b5c3-9ec585f275f8:192.168.34.17:34898, 84304eb4-a8af-4a6f-9dd3-e902f7a5c13b:192.168.34.17:41904], old=null at 0
2019-09-23 16:22:37,572 [f4bcfb62-ac2b-46dd-af17-24588ee840f9@group-93DCACA2FB8D:LeaderElection27] INFO  impl.RaftServerImpl (ServerState.java:setRaftConf(354)) - f4bcfb62-ac2b-46dd-af17-24588ee840f9@group-93DCACA2FB8D: set configuration 0: [82a6f2be-c8ed-447e-9e12-bf879094a75e:192.168.34.17:41841, 4c07bcfb-bfa3-4850-b9a2-ba41057b118b:192.168.34.17:44862, f4bcfb62-ac2b-46dd-af17-24588ee840f9:192.168.34.17:42679], old=null at 0
2019-09-23 16:22:37,574 [grpc-default-executor-1] INFO  impl.RaftServerImpl (ServerState.java:setLeader(253)) - 4c07bcfb-bfa3-4850-b9a2-ba41057b118b@group-93DCACA2FB8D: change Leader from null to f4bcfb62-ac2b-46dd-af17-24588ee840f9 at term 2 for appendEntries, leader elected after 11882ms
2019-09-23 16:22:37,574 [grpc-default-executor-5] INFO  impl.RaftServerImpl (ServerState.java:setLeader(253)) - 929b7fa3-dd60-444c-b5c3-9ec585f275f8@group-55F58BFAB478: change Leader from null to 059a42b7-7924-490e-b971-99b65350ca76 at term 2 for appendEntries, leader elected after 12072ms
2019-09-23 16:22:37,575 [grpc-default-executor-4] INFO  impl.RaftServerImpl (ServerState.java:setLeader(253)) - 82a6f2be-c8ed-447e-9e12-bf879094a75e@group-93DCACA2FB8D: change Leader from null to f4bcfb62-ac2b-46dd-af17-24588ee840f9 at term 2 for appendEntries, leader elected after 11883ms
2019-09-23 16:22:37,577 [grpc-default-executor-4] INFO  impl.RaftServerImpl (ServerState.java:setRaftConf(354)) - 82a6f2be-c8ed-447e-9e12-bf879094a75e@group-93DCACA2FB8D: set configuration 0: [82a6f2be-c8ed-447e-9e12-bf879094a75e:192.168.34.17:41841, 4c07bcfb-bfa3-4850-b9a2-ba41057b118b:192.168.34.17:44862, f4bcfb62-ac2b-46dd-af17-24588ee840f9:192.168.34.17:42679], old=null at 0
2019-09-23 16:22:37,577 [grpc-default-executor-1] INFO  impl.RaftServerImpl (ServerState.java:setRaftConf(354)) - 929b7fa3-dd60-444c-b5c3-9ec585f275f8@group-55F58BFAB478: set configuration 0: [059a42b7-7924-490e-b971-99b65350ca76:192.168.34.17:37257, 929b7fa3-dd60-444c-b5c3-9ec585f275f8:192.168.34.17:34898, 84304eb4-a8af-4a6f-9dd3-e902f7a5c13b:192.168.34.17:41904], old=null at 0
2019-09-23 16:22:37,577 [grpc-default-executor-5] INFO  impl.RaftServerImpl (ServerState.java:setRaftConf(354)) - 4c07bcfb-bfa3-4850-b9a2-ba41057b118b@group-93DCACA2FB8D: set configuration 0: [82a6f2be-c8ed-447e-9e12-bf879094a75e:192.168.34.17:41841, 4c07bcfb-bfa3-4850-b9a2-ba41057b118b:192.168.34.17:44862, f4bcfb62-ac2b-46dd-af17-24588ee840f9:192.168.34.17:42679], old=null at 0
2019-09-23 16:22:37,578 [grpc-default-executor-1] INFO  segmented.SegmentedRaftLogWorker (SegmentedRaftLogWorker.java:startLogSegment(380)) - 929b7fa3-dd60-444c-b5c3-9ec585f275f8@group-55F58BFAB478-SegmentedRaftLogWorker: Starting segment from index:0
2019-09-23 16:22:37,577 [grpc-default-executor-4] INFO  segmented.SegmentedRaftLogWorker (SegmentedRaftLogWorker.java:startLogSegment(380)) - 82a6f2be-c8ed-447e-9e12-bf879094a75e@group-93DCACA2FB8D-SegmentedRaftLogWorker: Starting segment from index:0
2019-09-23 16:22:37,578 [grpc-default-executor-5] INFO  segmented.SegmentedRaftLogWorker (SegmentedRaftLogWorker.java:startLogSegment(380)) - 4c07bcfb-bfa3-4850-b9a2-ba41057b118b@group-93DCACA2FB8D-SegmentedRaftLogWorker: Starting segment from index:0
2019-09-23 16:22:37,643 [84304eb4-a8af-4a6f-9dd3-e902f7a5c13b@group-55F58BFAB478:LeaderElection29] INFO  impl.LeaderElection (LeaderElection.java:askForVotes(182)) - 84304eb4-a8af-4a6f-9dd3-e902f7a5c13b@group-55F58BFAB478:LeaderElection29: begin an election at term 3 for -1: [059a42b7-7924-490e-b971-99b65350ca76:192.168.34.17:37257, 929b7fa3-dd60-444c-b5c3-9ec585f275f8:192.168.34.17:34898, 84304eb4-a8af-4a6f-9dd3-e902f7a5c13b:192.168.34.17:41904], old=null
2019-09-23 16:22:37,644 [84304eb4-a8af-4a6f-9dd3-e902f7a5c13b@group-55F58BFAB478:LeaderElection29] INFO  impl.LeaderElection (LeaderElection.java:logAndReturn(56)) - 84304eb4-a8af-4a6f-9dd3-e902f7a5c13b@group-55F58BFAB478:LeaderElection29: Election REJECTED; received 0 response(s) [] and 0 exception(s); 84304eb4-a8af-4a6f-9dd3-e902f7a5c13b@group-55F58BFAB478:t3, leader=null, voted=84304eb4-a8af-4a6f-9dd3-e902f7a5c13b, raftlog=84304eb4-a8af-4a6f-9dd3-e902f7a5c13b@group-55F58BFAB478-SegmentedRaftLog:OPENED:c-1,f-1,i0, conf=-1: [059a42b7-7924-490e-b971-99b65350ca76:192.168.34.17:37257, 929b7fa3-dd60-444c-b5c3-9ec585f275f8:192.168.34.17:34898, 84304eb4-a8af-4a6f-9dd3-e902f7a5c13b:192.168.34.17:41904], old=null
2019-09-23 16:22:37,645 [Thread-1098] INFO  impl.RaftServerImpl (ServerState.java:setLeader(253)) - 059a42b7-7924-490e-b971-99b65350ca76@group-55F58BFAB478: change Leader from 059a42b7-7924-490e-b971-99b65350ca76 to null at term 3 for updateCurrentTerm
2019-09-23 16:22:37,646 [Thread-1098] INFO  impl.RaftServerImpl (RaftServerImpl.java:setRole(174)) - 059a42b7-7924-490e-b971-99b65350ca76@group-55F58BFAB478: changes role from    LEADER to FOLLOWER at term 3 for stepDown
2019-09-23 16:22:37,646 [Thread-1098] INFO  impl.RoleInfo (RoleInfo.java:shutdownLeaderState(104)) - 059a42b7-7924-490e-b971-99b65350ca76: shutdown LeaderState
2019-09-23 16:22:37,651 [grpc-default-executor-5] INFO  impl.RaftServerImpl (ServerState.java:setLeader(253)) - 929b7fa3-dd60-444c-b5c3-9ec585f275f8@group-55F58BFAB478: change Leader from 059a42b7-7924-490e-b971-99b65350ca76 to null at term 3 for updateCurrentTerm
2019-09-23 16:22:37,655 [Thread-1098] INFO  impl.PendingRequests (PendingRequests.java:sendNotLeaderResponses(202)) - 059a42b7-7924-490e-b971-99b65350ca76-PendingRequests: sendNotLeaderResponses
2019-09-23 16:22:37,655 [org.apache.ratis.server.impl.LogAppender$AppenderDaemon$$Lambda$635/1984078208@286d1b47] WARN  server.GrpcLogAppender (GrpcLogAppender.java:mayWait(143)) - 059a42b7-7924-490e-b971-99b65350ca76@group-55F58BFAB478->929b7fa3-dd60-444c-b5c3-9ec585f275f8-GrpcLogAppender: Wait interrupted by java.lang.InterruptedException
2019-09-23 16:22:37,655 [org.apache.ratis.server.impl.LogAppender$AppenderDaemon$$Lambda$635/1984078208@703d15b7] WARN  server.GrpcLogAppender (GrpcLogAppender.java:mayWait(143)) - 059a42b7-7924-490e-b971-99b65350ca76@group-55F58BFAB478->84304eb4-a8af-4a6f-9dd3-e902f7a5c13b-GrpcLogAppender: Wait interrupted by java.lang.InterruptedException
2019-09-23 16:22:37,656 [Thread-1098] INFO  impl.RoleInfo (RoleInfo.java:updateAndGet(143)) - 059a42b7-7924-490e-b971-99b65350ca76: start FollowerState
2019-09-23 16:22:37,655 [grpc-default-executor-5] INFO  impl.RaftServerImpl (RaftServerImpl.java:setRole(174)) - 929b7fa3-dd60-444c-b5c3-9ec585f275f8@group-55F58BFAB478: changes role from  FOLLOWER to FOLLOWER at term 3 for recognizeCandidate:84304eb4-a8af-4a6f-9dd3-e902f7a5c13b
2019-09-23 16:22:37,656 [grpc-default-executor-4] INFO  server.GrpcServerProtocolService (GrpcServerProtocolService.java:onCompleted(113)) - 929b7fa3-dd60-444c-b5c3-9ec585f275f8: Completed APPEND_ENTRIES, lastRequest: 059a42b7-7924-490e-b971-99b65350ca76->929b7fa3-dd60-444c-b5c3-9ec585f275f8#1-t2, previous=(t:0, i:0), leaderCommit=-1, initializing? false, entries: size=1, first=(t:2, i:0), CONFIGURATIONENTRY
2019-09-23 16:22:37,656 [grpc-default-executor-1] INFO  server.GrpcServerProtocolService (GrpcServerProtocolService.java:onCompleted(113)) - 84304eb4-a8af-4a6f-9dd3-e902f7a5c13b: Completed APPEND_ENTRIES, lastRequest: 059a42b7-7924-490e-b971-99b65350ca76->84304eb4-a8af-4a6f-9dd3-e902f7a5c13b#0-t2, previous=(t:0, i:0), leaderCommit=-1, initializing? false, entries: <empty>
2019-09-23 16:22:37,656 [grpc-default-executor-5] INFO  impl.RoleInfo (RoleInfo.java:shutdownFollowerState(121)) - 929b7fa3-dd60-444c-b5c3-9ec585f275f8: shutdown FollowerState
2019-09-23 16:22:37,658 [grpc-default-executor-5] INFO  impl.RoleInfo (RoleInfo.java:updateAndGet(143)) - 929b7fa3-dd60-444c-b5c3-9ec585f275f8: start FollowerState
2019-09-23 16:22:37,658 [grpc-default-executor-4] INFO  server.GrpcLogAppender (GrpcLogAppender.java:onCompleted(293)) - 059a42b7-7924-490e-b971-99b65350ca76@group-55F58BFAB478->929b7fa3-dd60-444c-b5c3-9ec585f275f8-AppendLogResponseHandler: follower responses appendEntries COMPLETED
2019-09-23 16:22:37,658 [Thread-1095] INFO  impl.FollowerState (FollowerState.java:run(115)) - 929b7fa3-dd60-444c-b5c3-9ec585f275f8: FollowerState was interrupted: java.lang.InterruptedException: sleep interrupted
2019-09-23 16:22:37,658 [grpc-default-executor-2] INFO  server.GrpcLogAppender (GrpcLogAppender.java:onCompleted(293)) - 059a42b7-7924-490e-b971-99b65350ca76@group-55F58BFAB478->84304eb4-a8af-4a6f-9dd3-e902f7a5c13b-AppendLogResponseHandler: follower responses appendEntries COMPLETED
2019-09-23 16:22:37,662 [grpc-default-executor-4] INFO  impl.FollowerInfo (FollowerInfo.java:lambda$new$0(51)) - 059a42b7-7924-490e-b971-99b65350ca76@group-55F58BFAB478->929b7fa3-dd60-444c-b5c3-9ec585f275f8: nextIndex: updateUnconditionally 1 -> 0
2019-09-23 16:22:37,662 [grpc-default-executor-2] INFO  impl.FollowerInfo (FollowerInfo.java:lambda$new$0(51)) - 059a42b7-7924-490e-b971-99b65350ca76@group-55F58BFAB478->84304eb4-a8af-4a6f-9dd3-e902f7a5c13b: nextIndex: updateUnconditionally 0 -> 0
2019-09-23 16:22:37,671 [059a42b7-7924-490e-b971-99b65350ca76@group-55F58BFAB478-SegmentedRaftLogWorker] INFO  segmented.SegmentedRaftLogWorker (SegmentedRaftLogWorker.java:execute(569)) - 059a42b7-7924-490e-b971-99b65350ca76@group-55F58BFAB478-SegmentedRaftLogWorker: created new log segment /workdir/hadoop-ozone/integration-test/target/test-dir/MiniOzoneClusterImpl-f3b30e67-3449-4c60-a677-fdc793c35738/datanode-1/data/ratis/ce253be9-3895-4d05-887d-55f58bfab478/current/log_inprogress_0
2019-09-23 16:22:37,671 [f4bcfb62-ac2b-46dd-af17-24588ee840f9@group-93DCACA2FB8D-SegmentedRaftLogWorker] INFO  segmented.SegmentedRaftLogWorker (SegmentedRaftLogWorker.java:execute(569)) - f4bcfb62-ac2b-46dd-af17-24588ee840f9@group-93DCACA2FB8D-SegmentedRaftLogWorker: created new log segment /workdir/hadoop-ozone/integration-test/target/test-dir/MiniOzoneClusterImpl-f3b30e67-3449-4c60-a677-fdc793c35738/datanode-5/data/ratis/b579be88-aee7-4707-88ee-93dcaca2fb8d/current/log_inprogress_0
2019-09-23 16:22:37,674 [82a6f2be-c8ed-447e-9e12-bf879094a75e@group-93DCACA2FB8D-SegmentedRaftLogWorker] INFO  segmented.SegmentedRaftLogWorker (SegmentedRaftLogWorker.java:execute(569)) - 82a6f2be-c8ed-447e-9e12-bf879094a75e@group-93DCACA2FB8D-SegmentedRaftLogWorker: created new log segment /workdir/hadoop-ozone/integration-test/target/test-dir/MiniOzoneClusterImpl-f3b30e67-3449-4c60-a677-fdc793c35738/datanode-4/data/ratis/b579be88-aee7-4707-88ee-93dcaca2fb8d/current/log_inprogress_0
2019-09-23 16:22:37,674 [929b7fa3-dd60-444c-b5c3-9ec585f275f8@group-55F58BFAB478-SegmentedRaftLogWorker] INFO  segmented.SegmentedRaftLogWorker (SegmentedRaftLogWorker.java:execute(569)) - 929b7fa3-dd60-444c-b5c3-9ec585f275f8@group-55F58BFAB478-SegmentedRaftLogWorker: created new log segment /workdir/hadoop-ozone/integration-test/target/test-dir/MiniOzoneClusterImpl-f3b30e67-3449-4c60-a677-fdc793c35738/datanode-2/data/ratis/ce253be9-3895-4d05-887d-55f58bfab478/current/log_inprogress_0
2019-09-23 16:22:37,674 [4c07bcfb-bfa3-4850-b9a2-ba41057b118b@group-93DCACA2FB8D-SegmentedRaftLogWorker] INFO  segmented.SegmentedRaftLogWorker (SegmentedRaftLogWorker.java:execute(569)) - 4c07bcfb-bfa3-4850-b9a2-ba41057b118b@group-93DCACA2FB8D-SegmentedRaftLogWorker: created new log segment /workdir/hadoop-ozone/integration-test/target/test-dir/MiniOzoneClusterImpl-f3b30e67-3449-4c60-a677-fdc793c35738/datanode-3/data/ratis/b579be88-aee7-4707-88ee-93dcaca2fb8d/current/log_inprogress_0
2019-09-23 16:22:37,676 [grpc-default-executor-3] INFO  impl.RaftServerImpl (RaftServerImpl.java:setRole(174)) - 059a42b7-7924-490e-b971-99b65350ca76@group-55F58BFAB478: changes role from  FOLLOWER to FOLLOWER at term 3 for recognizeCandidate:84304eb4-a8af-4a6f-9dd3-e902f7a5c13b
2019-09-23 16:22:37,676 [grpc-default-executor-3] INFO  impl.RoleInfo (RoleInfo.java:shutdownFollowerState(121)) - 059a42b7-7924-490e-b971-99b65350ca76: shutdown FollowerState
2019-09-23 16:22:37,676 [grpc-default-executor-3] INFO  impl.RoleInfo (RoleInfo.java:updateAndGet(143)) - 059a42b7-7924-490e-b971-99b65350ca76: start FollowerState
2019-09-23 16:22:37,676 [Thread-1113] INFO  impl.FollowerState (FollowerState.java:run(115)) - 059a42b7-7924-490e-b971-99b65350ca76: FollowerState was interrupted: java.lang.InterruptedException: sleep interrupted
2019-09-23 16:22:42,676 [Thread-1097] INFO  impl.FollowerState (FollowerState.java:run(106)) - 84304eb4-a8af-4a6f-9dd3-e902f7a5c13b:group-55F58BFAB478 changes to CANDIDATE, lastRpcTime:5145, electionTimeout:5145ms
2019-09-23 16:22:42,676 [Thread-1097] INFO  impl.RoleInfo (RoleInfo.java:shutdownFollowerState(121)) - 84304eb4-a8af-4a6f-9dd3-e902f7a5c13b: shutdown FollowerState
2019-09-23 16:22:42,676 [Thread-1097] INFO  impl.RaftServerImpl (RaftServerImpl.java:setRole(174)) - 84304eb4-a8af-4a6f-9dd3-e902f7a5c13b@group-55F58BFAB478: changes role from  FOLLOWER to CANDIDATE at term 3 for changeToCandidate
2019-09-23 16:22:42,677 [Thread-1097] INFO  impl.RoleInfo (RoleInfo.java:updateAndGet(143)) - 84304eb4-a8af-4a6f-9dd3-e902f7a5c13b: start LeaderElection
2019-09-23 16:22:42,694 [84304eb4-a8af-4a6f-9dd3-e902f7a5c13b@group-55F58BFAB478:LeaderElection30] INFO  impl.LeaderElection (LeaderElection.java:askForVotes(182)) - 84304eb4-a8af-4a6f-9dd3-e902f7a5c13b@group-55F58BFAB478:LeaderElection30: begin an election at term 4 for -1: [059a42b7-7924-490e-b971-99b65350ca76:192.168.34.17:37257, 929b7fa3-dd60-444c-b5c3-9ec585f275f8:192.168.34.17:34898, 84304eb4-a8af-4a6f-9dd3-e902f7a5c13b:192.168.34.17:41904], old=null
2019-09-23 16:22:42,700 [grpc-default-executor-5] INFO  impl.RaftServerImpl (RaftServerImpl.java:setRole(174)) - 059a42b7-7924-490e-b971-99b65350ca76@group-55F58BFAB478: changes role from  FOLLOWER to FOLLOWER at term 4 for recognizeCandidate:84304eb4-a8af-4a6f-9dd3-e902f7a5c13b
2019-09-23 16:22:42,703 [grpc-default-executor-5] INFO  impl.RoleInfo (RoleInfo.java:shutdownFollowerState(121)) - 059a42b7-7924-490e-b971-99b65350ca76: shutdown FollowerState
2019-09-23 16:22:42,703 [grpc-default-executor-5] INFO  impl.RoleInfo (RoleInfo.java:updateAndGet(143)) - 059a42b7-7924-490e-b971-99b65350ca76: start FollowerState
2019-09-23 16:22:42,702 [grpc-default-executor-3] INFO  impl.RaftServerImpl (RaftServerImpl.java:setRole(174)) - 929b7fa3-dd60-444c-b5c3-9ec585f275f8@group-55F58BFAB478: changes role from  FOLLOWER to FOLLOWER at term 4 for recognizeCandidate:84304eb4-a8af-4a6f-9dd3-e902f7a5c13b
2019-09-23 16:22:42,703 [Thread-1115] INFO  impl.FollowerState (FollowerState.java:run(115)) - 059a42b7-7924-490e-b971-99b65350ca76: FollowerState was interrupted: java.lang.InterruptedException: sleep interrupted
2019-09-23 16:22:42,703 [grpc-default-executor-3] INFO  impl.RoleInfo (RoleInfo.java:shutdownFollowerState(121)) - 929b7fa3-dd60-444c-b5c3-9ec585f275f8: shutdown FollowerState
2019-09-23 16:22:42,705 [grpc-default-executor-3] INFO  impl.RoleInfo (RoleInfo.java:updateAndGet(143)) - 929b7fa3-dd60-444c-b5c3-9ec585f275f8: start FollowerState
2019-09-23 16:22:42,705 [Thread-1114] INFO  impl.FollowerState (FollowerState.java:run(115)) - 929b7fa3-dd60-444c-b5c3-9ec585f275f8: FollowerState was interrupted: java.lang.InterruptedException: sleep interrupted
2019-09-23 16:22:42,750 [84304eb4-a8af-4a6f-9dd3-e902f7a5c13b@group-55F58BFAB478:LeaderElection30] INFO  impl.LeaderElection (LeaderElection.java:logAndReturn(56)) - 84304eb4-a8af-4a6f-9dd3-e902f7a5c13b@group-55F58BFAB478:LeaderElection30: Election REJECTED; received 2 response(s) [84304eb4-a8af-4a6f-9dd3-e902f7a5c13b<-059a42b7-7924-490e-b971-99b65350ca76#0:FAIL-t4, 84304eb4-a8af-4a6f-9dd3-e902f7a5c13b<-929b7fa3-dd60-444c-b5c3-9ec585f275f8#0:FAIL-t4] and 0 exception(s); 84304eb4-a8af-4a6f-9dd3-e902f7a5c13b@group-55F58BFAB478:t4, leader=null, voted=84304eb4-a8af-4a6f-9dd3-e902f7a5c13b, raftlog=84304eb4-a8af-4a6f-9dd3-e902f7a5c13b@group-55F58BFAB478-SegmentedRaftLog:OPENED:c-1,f-1,i0, conf=-1: [059a42b7-7924-490e-b971-99b65350ca76:192.168.34.17:37257, 929b7fa3-dd60-444c-b5c3-9ec585f275f8:192.168.34.17:34898, 84304eb4-a8af-4a6f-9dd3-e902f7a5c13b:192.168.34.17:41904], old=null
2019-09-23 16:22:42,751 [84304eb4-a8af-4a6f-9dd3-e902f7a5c13b@group-55F58BFAB478:LeaderElection30] INFO  impl.RaftServerImpl (RaftServerImpl.java:setRole(174)) - 84304eb4-a8af-4a6f-9dd3-e902f7a5c13b@group-55F58BFAB478: changes role from CANDIDATE to FOLLOWER at term 4 for DISCOVERED_A_NEW_TERM
2019-09-23 16:22:42,751 [84304eb4-a8af-4a6f-9dd3-e902f7a5c13b@group-55F58BFAB478:LeaderElection30] INFO  impl.RoleInfo (RoleInfo.java:shutdownLeaderElection(134)) - 84304eb4-a8af-4a6f-9dd3-e902f7a5c13b: shutdown LeaderElection
2019-09-23 16:22:42,751 [84304eb4-a8af-4a6f-9dd3-e902f7a5c13b@group-55F58BFAB478:LeaderElection30] INFO  impl.RoleInfo (RoleInfo.java:updateAndGet(143)) - 84304eb4-a8af-4a6f-9dd3-e902f7a5c13b: start FollowerState
]]></system-out>
  </testcase>
  <testcase name="testWatchForCommitForRetryfailure" classname="org.apache.hadoop.ozone.client.rpc.TestWatchForCommit" time="71.256"/>
  <testcase name="testWatchForCommitForGroupMismatchException" classname="org.apache.hadoop.ozone.client.rpc.TestWatchForCommit" time="35.63"/>
  <testcase name="test2WayCommitForTimeoutException" classname="org.apache.hadoop.ozone.client.rpc.TestWatchForCommit" time="52.334"/>
</testsuite>