<?xml version="1.0" encoding="UTF-8"?>
<testsuite xmlns:xsi="http://www.w3.org/2001/XMLSchema-instance" xsi:noNamespaceSchemaLocation="https://maven.apache.org/surefire/maven-surefire-plugin/xsd/surefire-test-report.xsd" name="org.apache.hadoop.ozone.client.rpc.TestOzoneRpcClient" time="292.356" tests="68" errors="1" skipped="2" failures="0">
  <properties>
    <property name="awt.toolkit" value="sun.awt.X11.XToolkit"/>
    <property name="file.encoding.pkg" value="sun.io"/>
    <property name="java.specification.version" value="1.8"/>
    <property name="sun.cpu.isalist" value=""/>
    <property name="sun.jnu.encoding" value="UTF-8"/>
    <property name="java.class.path" value="/workdir/hadoop-ozone/integration-test/target/test-classes:/workdir/hadoop-ozone/integration-test/target/classes:/home/user/.m2/repository/org/apache/hadoop/hadoop-ozone-common/0.5.0-SNAPSHOT/hadoop-ozone-common-0.5.0-SNAPSHOT.jar:/home/user/.m2/repository/org/apache/commons/commons-compress/1.4.1/commons-compress-1.4.1.jar:/home/user/.m2/repository/org/tukaani/xz/1.0/xz-1.0.jar:/home/user/.m2/repository/org/apache/hadoop/hadoop-common/3.2.0/hadoop-common-3.2.0.jar:/home/user/.m2/repository/org/apache/hadoop/hadoop-hdfs/3.2.0/hadoop-hdfs-3.2.0.jar:/home/user/.m2/repository/org/apache/hadoop/hadoop-hdfs-client/3.2.0/hadoop-hdfs-client-3.2.0.jar:/home/user/.m2/repository/com/fasterxml/jackson/core/jackson-annotations/2.9.9/jackson-annotations-2.9.9.jar:/home/user/.m2/repository/org/apache/hadoop/hadoop-hdds-common/0.5.0-SNAPSHOT/hadoop-hdds-common-0.5.0-SNAPSHOT.jar:/home/user/.m2/repository/javax/annotation/javax.annotation-api/1.2/javax.annotation-api-1.2.jar:/home/user/.m2/repository/org/apache/ratis/ratis-server/0.4.0/ratis-server-0.4.0.jar:/home/user/.m2/repository/org/apache/ratis/ratis-thirdparty-misc/0.2.0/ratis-thirdparty-misc-0.2.0.jar:/home/user/.m2/repository/org/apache/ratis/ratis-proto/0.4.0/ratis-proto-0.4.0.jar:/home/user/.m2/repository/org/apache/ratis/ratis-common/0.4.0/ratis-common-0.4.0.jar:/home/user/.m2/repository/org/apache/ratis/ratis-client/0.4.0/ratis-client-0.4.0.jar:/home/user/.m2/repository/org/apache/ratis/ratis-metrics/0.4.0/ratis-metrics-0.4.0.jar:/home/user/.m2/repository/com/github/joshelser/dropwizard-metrics-hadoop-metrics2-reporter/0.1.2/dropwizard-metrics-hadoop-metrics2-reporter-0.1.2.jar:/home/user/.m2/repository/io/dropwizard/metrics/metrics-jvm/3.2.5/metrics-jvm-3.2.5.jar:/home/user/.m2/repository/io/dropwizard/metrics/metrics-ganglia/3.2.5/metrics-ganglia-3.2.5.jar:/home/user/.m2/repository/info/ganglia/gmetric4j/gmetric4j/1.0.7/gmetric4j-1.0.7.jar:/home/user/.m2/repository/org/apache/ratis/ratis-netty/0.4.0/ratis-netty-0.4.0.jar:/home/user/.m2/repository/org/apache/ratis/ratis-grpc/0.4.0/ratis-grpc-0.4.0.jar:/home/user/.m2/repository/org/rocksdb/rocksdbjni/6.0.1/rocksdbjni-6.0.1.jar:/home/user/.m2/repository/org/apache/logging/log4j/log4j-api/2.11.0/log4j-api-2.11.0.jar:/home/user/.m2/repository/org/apache/logging/log4j/log4j-core/2.11.0/log4j-core-2.11.0.jar:/home/user/.m2/repository/com/lmax/disruptor/3.4.2/disruptor-3.4.2.jar:/home/user/.m2/repository/org/apache/commons/commons-pool2/2.6.0/commons-pool2-2.6.0.jar:/home/user/.m2/repository/org/bouncycastle/bcpkix-jdk15on/1.60/bcpkix-jdk15on-1.60.jar:/home/user/.m2/repository/commons-validator/commons-validator/1.6/commons-validator-1.6.jar:/home/user/.m2/repository/commons-digester/commons-digester/1.8.1/commons-digester-1.8.1.jar:/home/user/.m2/repository/io/jaegertracing/jaeger-client/0.34.0/jaeger-client-0.34.0.jar:/home/user/.m2/repository/io/jaegertracing/jaeger-thrift/0.34.0/jaeger-thrift-0.34.0.jar:/home/user/.m2/repository/org/apache/thrift/libthrift/0.12.0/libthrift-0.12.0.jar:/home/user/.m2/repository/com/squareup/okhttp3/okhttp/3.9.0/okhttp-3.9.0.jar:/home/user/.m2/repository/com/squareup/okio/okio/1.13.0/okio-1.13.0.jar:/home/user/.m2/repository/io/jaegertracing/jaeger-core/0.34.0/jaeger-core-0.34.0.jar:/home/user/.m2/repository/io/jaegertracing/jaeger-tracerresolver/0.34.0/jaeger-tracerresolver-0.34.0.jar:/home/user/.m2/repository/io/opentracing/contrib/opentracing-tracerresolver/0.1.5/opentracing-tracerresolver-0.1.5.jar:/home/user/.m2/repository/io/opentracing/opentracing-util/0.31.0/opentracing-util-0.31.0.jar:/home/user/.m2/repository/io/opentracing/opentracing-api/0.31.0/opentracing-api-0.31.0.jar:/home/user/.m2/repository/io/opentracing/opentracing-noop/0.31.0/opentracing-noop-0.31.0.jar:/home/user/.m2/repository/org/apache/hadoop/hadoop-hdds-server-framework/0.5.0-SNAPSHOT/hadoop-hdds-server-framework-0.5.0-SNAPSHOT.jar:/home/user/.m2/repository/org/apache/hadoop/hadoop-hdds-container-service/0.5.0-SNAPSHOT/hadoop-hdds-container-service-0.5.0-SNAPSHOT.jar:/home/user/.m2/repository/org/apache/hadoop/hadoop-hdds-client/0.5.0-SNAPSHOT/hadoop-hdds-client-0.5.0-SNAPSHOT.jar:/home/user/.m2/repository/org/apache/hadoop/hadoop-hdds-tools/0.5.0-SNAPSHOT/hadoop-hdds-tools-0.5.0-SNAPSHOT.jar:/home/user/.m2/repository/org/apache/hadoop/hadoop-hdds-server-scm/0.5.0-SNAPSHOT/hadoop-hdds-server-scm-0.5.0-SNAPSHOT.jar:/home/user/.m2/repository/org/apache/hadoop/hadoop-hdds-docs/0.5.0-SNAPSHOT/hadoop-hdds-docs-0.5.0-SNAPSHOT.jar:/home/user/.m2/repository/io/dropwizard/metrics/metrics-core/3.2.4/metrics-core-3.2.4.jar:/home/user/.m2/repository/org/hamcrest/hamcrest-all/1.3/hamcrest-all-1.3.jar:/home/user/.m2/repository/org/bouncycastle/bcprov-jdk15on/1.60/bcprov-jdk15on-1.60.jar:/home/user/.m2/repository/info/picocli/picocli/3.9.6/picocli-3.9.6.jar:/home/user/.m2/repository/com/google/protobuf/protobuf-java/2.5.0/protobuf-java-2.5.0.jar:/home/user/.m2/repository/com/google/guava/guava/11.0.2/guava-11.0.2.jar:/home/user/.m2/repository/org/apache/hadoop/hadoop-ozone-ozone-manager/0.5.0-SNAPSHOT/hadoop-ozone-ozone-manager-0.5.0-SNAPSHOT.jar:/home/user/.m2/repository/org/apache/hadoop/hadoop-minikdc/3.2.0/hadoop-minikdc-3.2.0.jar:/home/user/.m2/repository/commons-io/commons-io/2.5/commons-io-2.5.jar:/home/user/.m2/repository/org/apache/kerby/kerb-simplekdc/1.0.1/kerb-simplekdc-1.0.1.jar:/home/user/.m2/repository/org/apache/kerby/kerb-client/1.0.1/kerb-client-1.0.1.jar:/home/user/.m2/repository/org/apache/kerby/kerby-config/1.0.1/kerby-config-1.0.1.jar:/home/user/.m2/repository/org/apache/kerby/kerb-core/1.0.1/kerb-core-1.0.1.jar:/home/user/.m2/repository/org/apache/kerby/kerby-pkix/1.0.1/kerby-pkix-1.0.1.jar:/home/user/.m2/repository/org/apache/kerby/kerby-asn1/1.0.1/kerby-asn1-1.0.1.jar:/home/user/.m2/repository/org/apache/kerby/kerby-util/1.0.1/kerby-util-1.0.1.jar:/home/user/.m2/repository/org/apache/kerby/kerb-common/1.0.1/kerb-common-1.0.1.jar:/home/user/.m2/repository/org/apache/kerby/kerb-crypto/1.0.1/kerb-crypto-1.0.1.jar:/home/user/.m2/repository/org/apache/kerby/kerb-util/1.0.1/kerb-util-1.0.1.jar:/home/user/.m2/repository/org/apache/kerby/token-provider/1.0.1/token-provider-1.0.1.jar:/home/user/.m2/repository/org/apache/kerby/kerb-admin/1.0.1/kerb-admin-1.0.1.jar:/home/user/.m2/repository/org/apache/kerby/kerb-server/1.0.1/kerb-server-1.0.1.jar:/home/user/.m2/repository/org/apache/kerby/kerb-identity/1.0.1/kerb-identity-1.0.1.jar:/home/user/.m2/repository/org/apache/kerby/kerby-xdr/1.0.1/kerby-xdr-1.0.1.jar:/home/user/.m2/repository/org/slf4j/slf4j-log4j12/1.7.25/slf4j-log4j12-1.7.25.jar:/home/user/.m2/repository/org/apache/hadoop/hadoop-ozone-s3gateway/0.5.0-SNAPSHOT/hadoop-ozone-s3gateway-0.5.0-SNAPSHOT.jar:/home/user/.m2/repository/org/jboss/weld/servlet/weld-servlet/2.4.7.Final/weld-servlet-2.4.7.Final.jar:/home/user/.m2/repository/org/glassfish/jersey/containers/jersey-container-servlet-core/2.27/jersey-container-servlet-core-2.27.jar:/home/user/.m2/repository/org/glassfish/hk2/external/javax.inject/2.5.0-b42/javax.inject-2.5.0-b42.jar:/home/user/.m2/repository/org/glassfish/jersey/core/jersey-common/2.27/jersey-common-2.27.jar:/home/user/.m2/repository/org/glassfish/hk2/osgi-resource-locator/1.0.1/osgi-resource-locator-1.0.1.jar:/home/user/.m2/repository/javax/ws/rs/javax.ws.rs-api/2.1/javax.ws.rs-api-2.1.jar:/home/user/.m2/repository/org/glassfish/jersey/ext/cdi/jersey-cdi1x/2.27/jersey-cdi1x-2.27.jar:/home/user/.m2/repository/org/glassfish/jersey/inject/jersey-hk2/2.27/jersey-hk2-2.27.jar:/home/user/.m2/repository/org/glassfish/hk2/hk2-locator/2.5.0-b42/hk2-locator-2.5.0-b42.jar:/home/user/.m2/repository/org/javassist/javassist/3.22.0-CR2/javassist-3.22.0-CR2.jar:/home/user/.m2/repository/org/glassfish/hk2/hk2-api/2.5.0/hk2-api-2.5.0.jar:/home/user/.m2/repository/org/glassfish/hk2/external/jakarta.inject/2.5.0/jakarta.inject-2.5.0.jar:/home/user/.m2/repository/org/glassfish/hk2/hk2-utils/2.5.0/hk2-utils-2.5.0.jar:/home/user/.m2/repository/jakarta/annotation/jakarta.annotation-api/1.3.4/jakarta.annotation-api-1.3.4.jar:/home/user/.m2/repository/org/glassfish/hk2/external/aopalliance-repackaged/2.5.0/aopalliance-repackaged-2.5.0.jar:/home/user/.m2/repository/com/fasterxml/jackson/dataformat/jackson-dataformat-xml/2.9.0/jackson-dataformat-xml-2.9.0.jar:/home/user/.m2/repository/com/fasterxml/jackson/core/jackson-core/2.9.9/jackson-core-2.9.9.jar:/home/user/.m2/repository/com/fasterxml/jackson/module/jackson-module-jaxb-annotations/2.9.9/jackson-module-jaxb-annotations-2.9.9.jar:/home/user/.m2/repository/javax/enterprise/cdi-api/1.2/cdi-api-1.2.jar:/home/user/.m2/repository/javax/el/javax.el-api/3.0.0/javax.el-api-3.0.0.jar:/home/user/.m2/repository/javax/interceptor/javax.interceptor-api/1.2/javax.interceptor-api-1.2.jar:/home/user/.m2/repository/javax/inject/javax.inject/1/javax.inject-1.jar:/home/user/.m2/repository/com/sun/xml/bind/jaxb-impl/2.3.0.1/jaxb-impl-2.3.0.1.jar:/home/user/.m2/repository/com/sun/xml/bind/jaxb-core/2.3.0.1/jaxb-core-2.3.0.1.jar:/home/user/.m2/repository/javax/xml/bind/jaxb-api/2.3.0/jaxb-api-2.3.0.jar:/home/user/.m2/repository/javax/activation/activation/1.1.1/activation-1.1.1.jar:/home/user/.m2/repository/org/apache/hadoop/hadoop-ozone-csi/0.5.0-SNAPSHOT/hadoop-ozone-csi-0.5.0-SNAPSHOT.jar:/home/user/.m2/repository/com/google/protobuf/protobuf-java-util/3.5.1/protobuf-java-util-3.5.1.jar:/home/user/.m2/repository/org/apache/hadoop/hadoop-hdds-config/0.5.0-SNAPSHOT/hadoop-hdds-config-0.5.0-SNAPSHOT.jar:/home/user/.m2/repository/io/grpc/grpc-netty/1.17.1/grpc-netty-1.17.1.jar:/home/user/.m2/repository/io/grpc/grpc-core/1.17.1/grpc-core-1.17.1.jar:/home/user/.m2/repository/io/grpc/grpc-context/1.17.1/grpc-context-1.17.1.jar:/home/user/.m2/repository/com/google/errorprone/error_prone_annotations/2.2.0/error_prone_annotations-2.2.0.jar:/home/user/.m2/repository/org/codehaus/mojo/animal-sniffer-annotations/1.17/animal-sniffer-annotations-1.17.jar:/home/user/.m2/repository/io/opencensus/opencensus-api/0.17.0/opencensus-api-0.17.0.jar:/home/user/.m2/repository/io/opencensus/opencensus-contrib-grpc-metrics/0.17.0/opencensus-contrib-grpc-metrics-0.17.0.jar:/home/user/.m2/repository/io/netty/netty-codec-http2/4.1.30.Final/netty-codec-http2-4.1.30.Final.jar:/home/user/.m2/repository/io/netty/netty-codec-http/4.1.30.Final/netty-codec-http-4.1.30.Final.jar:/home/user/.m2/repository/io/netty/netty-codec/4.1.30.Final/netty-codec-4.1.30.Final.jar:/home/user/.m2/repository/io/netty/netty-handler/4.1.30.Final/netty-handler-4.1.30.Final.jar:/home/user/.m2/repository/io/netty/netty-handler-proxy/4.1.30.Final/netty-handler-proxy-4.1.30.Final.jar:/home/user/.m2/repository/io/netty/netty-codec-socks/4.1.30.Final/netty-codec-socks-4.1.30.Final.jar:/home/user/.m2/repository/io/netty/netty-transport-native-epoll/4.1.30.Final/netty-transport-native-epoll-4.1.30.Final.jar:/home/user/.m2/repository/io/netty/netty-common/4.1.30.Final/netty-common-4.1.30.Final.jar:/home/user/.m2/repository/io/netty/netty-buffer/4.1.30.Final/netty-buffer-4.1.30.Final.jar:/home/user/.m2/repository/io/netty/netty-transport/4.1.30.Final/netty-transport-4.1.30.Final.jar:/home/user/.m2/repository/io/netty/netty-resolver/4.1.30.Final/netty-resolver-4.1.30.Final.jar:/home/user/.m2/repository/io/netty/netty-transport-native-unix-common/4.1.30.Final/netty-transport-native-unix-common-4.1.30.Final.jar:/home/user/.m2/repository/io/grpc/grpc-protobuf/1.17.1/grpc-protobuf-1.17.1.jar:/home/user/.m2/repository/com/google/api/grpc/proto-google-common-protos/1.0.0/proto-google-common-protos-1.0.0.jar:/home/user/.m2/repository/io/grpc/grpc-protobuf-lite/1.17.1/grpc-protobuf-lite-1.17.1.jar:/home/user/.m2/repository/io/grpc/grpc-stub/1.17.1/grpc-stub-1.17.1.jar:/home/user/.m2/repository/org/apache/hadoop/hadoop-ozone-recon/0.5.0-SNAPSHOT/hadoop-ozone-recon-0.5.0-SNAPSHOT.jar:/home/user/.m2/repository/org/apache/hadoop/hadoop-ozone-reconcodegen/0.5.0-SNAPSHOT/hadoop-ozone-reconcodegen-0.5.0-SNAPSHOT.jar:/home/user/.m2/repository/com/google/inject/extensions/guice-multibindings/4.0/guice-multibindings-4.0.jar:/home/user/.m2/repository/com/google/inject/guice/4.0/guice-4.0.jar:/home/user/.m2/repository/aopalliance/aopalliance/1.0/aopalliance-1.0.jar:/home/user/.m2/repository/com/google/inject/extensions/guice-servlet/4.0/guice-servlet-4.0.jar:/home/user/.m2/repository/org/glassfish/jersey/containers/jersey-container-servlet/2.27/jersey-container-servlet-2.27.jar:/home/user/.m2/repository/org/glassfish/hk2/guice-bridge/2.5.0/guice-bridge-2.5.0.jar:/home/user/.m2/repository/org/glassfish/jersey/core/jersey-server/2.27/jersey-server-2.27.jar:/home/user/.m2/repository/org/glassfish/jersey/core/jersey-client/2.27/jersey-client-2.27.jar:/home/user/.m2/repository/org/glassfish/jersey/media/jersey-media-jaxb/2.27/jersey-media-jaxb-2.27.jar:/home/user/.m2/repository/javax/validation/validation-api/1.1.0.Final/validation-api-1.1.0.Final.jar:/home/user/.m2/repository/org/glassfish/jersey/media/jersey-media-json-jackson/2.27/jersey-media-json-jackson-2.27.jar:/home/user/.m2/repository/org/glassfish/jersey/ext/jersey-entity-filtering/2.27/jersey-entity-filtering-2.27.jar:/home/user/.m2/repository/com/google/inject/extensions/guice-assistedinject/4.0/guice-assistedinject-4.0.jar:/home/user/.m2/repository/org/jooq/jooq/3.11.10/jooq-3.11.10.jar:/home/user/.m2/repository/org/jooq/jooq-meta/3.11.10/jooq-meta-3.11.10.jar:/home/user/.m2/repository/org/jooq/jooq-codegen/3.11.10/jooq-codegen-3.11.10.jar:/home/user/.m2/repository/com/jolbox/bonecp/0.8.0.RELEASE/bonecp-0.8.0.RELEASE.jar:/home/user/.m2/repository/org/xerial/sqlite-jdbc/3.25.2/sqlite-jdbc-3.25.2.jar:/home/user/.m2/repository/org/springframework/spring-jdbc/5.1.3.RELEASE/spring-jdbc-5.1.3.RELEASE.jar:/home/user/.m2/repository/org/springframework/spring-beans/5.1.3.RELEASE/spring-beans-5.1.3.RELEASE.jar:/home/user/.m2/repository/org/springframework/spring-core/5.1.3.RELEASE/spring-core-5.1.3.RELEASE.jar:/home/user/.m2/repository/org/springframework/spring-jcl/5.1.3.RELEASE/spring-jcl-5.1.3.RELEASE.jar:/home/user/.m2/repository/org/springframework/spring-tx/5.1.3.RELEASE/spring-tx-5.1.3.RELEASE.jar:/home/user/.m2/repository/org/apache/hadoop/hadoop-ozone-client/0.5.0-SNAPSHOT/hadoop-ozone-client-0.5.0-SNAPSHOT.jar:/home/user/.m2/repository/commons-lang/commons-lang/2.6/commons-lang-2.6.jar:/home/user/.m2/repository/org/apache/hadoop/hadoop-ozone-ozone-manager/0.5.0-SNAPSHOT/hadoop-ozone-ozone-manager-0.5.0-SNAPSHOT-tests.jar:/home/user/.m2/repository/junit/junit/4.11/junit-4.11.jar:/home/user/.m2/repository/org/hamcrest/hamcrest-core/1.3/hamcrest-core-1.3.jar:/home/user/.m2/repository/org/openjdk/jmh/jmh-core/1.19/jmh-core-1.19.jar:/home/user/.m2/repository/net/sf/jopt-simple/jopt-simple/4.6/jopt-simple-4.6.jar:/home/user/.m2/repository/org/apache/commons/commons-math3/3.1.1/commons-math3-3.1.1.jar:/home/user/.m2/repository/org/openjdk/jmh/jmh-generator-annprocess/1.19/jmh-generator-annprocess-1.19.jar:/home/user/.m2/repository/org/mockito/mockito-all/1.8.5/mockito-all-1.8.5.jar:/home/user/.m2/repository/org/apache/hadoop/hadoop-kms/3.2.0/hadoop-kms-3.2.0.jar:/home/user/.m2/repository/org/apache/hadoop/hadoop-auth/3.2.0/hadoop-auth-3.2.0.jar:/home/user/.m2/repository/com/nimbusds/nimbus-jose-jwt/4.41.1/nimbus-jose-jwt-4.41.1.jar:/home/user/.m2/repository/com/github/stephenc/jcip/jcip-annotations/1.0-1/jcip-annotations-1.0-1.jar:/home/user/.m2/repository/net/minidev/json-smart/2.3/json-smart-2.3.jar:/home/user/.m2/repository/net/minidev/accessors-smart/1.2/accessors-smart-1.2.jar:/home/user/.m2/repository/org/ow2/asm/asm/5.0.4/asm-5.0.4.jar:/home/user/.m2/repository/org/apache/curator/curator-framework/2.12.0/curator-framework-2.12.0.jar:/home/user/.m2/repository/com/sun/jersey/jersey-core/1.19/jersey-core-1.19.jar:/home/user/.m2/repository/javax/ws/rs/jsr311-api/1.1.1/jsr311-api-1.1.1.jar:/home/user/.m2/repository/com/sun/jersey/jersey-server/1.19/jersey-server-1.19.jar:/home/user/.m2/repository/javax/servlet/javax.servlet-api/3.1.0/javax.servlet-api-3.1.0.jar:/home/user/.m2/repository/org/eclipse/jetty/jetty-server/9.3.25.v20180904/jetty-server-9.3.25.v20180904.jar:/home/user/.m2/repository/org/eclipse/jetty/jetty-http/9.3.25.v20180904/jetty-http-9.3.25.v20180904.jar:/home/user/.m2/repository/org/eclipse/jetty/jetty-io/9.3.25.v20180904/jetty-io-9.3.25.v20180904.jar:/home/user/.m2/repository/org/eclipse/jetty/jetty-webapp/9.3.25.v20180904/jetty-webapp-9.3.25.v20180904.jar:/home/user/.m2/repository/org/eclipse/jetty/jetty-xml/9.3.25.v20180904/jetty-xml-9.3.25.v20180904.jar:/home/user/.m2/repository/log4j/log4j/1.2.17/log4j-1.2.17.jar:/home/user/.m2/repository/org/slf4j/slf4j-api/1.7.25/slf4j-api-1.7.25.jar:/home/user/.m2/repository/org/slf4j/jul-to-slf4j/1.7.25/jul-to-slf4j-1.7.25.jar:/home/user/.m2/repository/org/eclipse/jetty/jetty-util/9.3.25.v20180904/jetty-util-9.3.25.v20180904.jar:/home/user/.m2/repository/com/fasterxml/jackson/core/jackson-databind/2.9.9/jackson-databind-2.9.9.jar:/home/user/.m2/repository/org/apache/hadoop/hadoop-kms/3.2.0/hadoop-kms-3.2.0-tests.jar:/home/user/.m2/repository/org/apache/hadoop/hadoop-hdds-server-scm/0.5.0-SNAPSHOT/hadoop-hdds-server-scm-0.5.0-SNAPSHOT-tests.jar:/home/user/.m2/repository/org/apache/hadoop/hadoop-hdds-container-service/0.5.0-SNAPSHOT/hadoop-hdds-container-service-0.5.0-SNAPSHOT-tests.jar:/home/user/.m2/repository/org/yaml/snakeyaml/1.16/snakeyaml-1.16.jar:/home/user/.m2/repository/org/apache/hadoop/hadoop-common/3.2.0/hadoop-common-3.2.0-tests.jar:/home/user/.m2/repository/org/apache/hadoop/hadoop-annotations/3.2.0/hadoop-annotations-3.2.0.jar:/usr/lib/jvm/java-1.8-openjdk/jre/../lib/tools.jar:/home/user/.m2/repository/commons-cli/commons-cli/1.2/commons-cli-1.2.jar:/home/user/.m2/repository/org/apache/httpcomponents/httpclient/4.5.2/httpclient-4.5.2.jar:/home/user/.m2/repository/org/apache/httpcomponents/httpcore/4.4.4/httpcore-4.4.4.jar:/home/user/.m2/repository/commons-codec/commons-codec/1.11/commons-codec-1.11.jar:/home/user/.m2/repository/commons-net/commons-net/3.6/commons-net-3.6.jar:/home/user/.m2/repository/commons-collections/commons-collections/3.2.2/commons-collections-3.2.2.jar:/home/user/.m2/repository/org/eclipse/jetty/jetty-servlet/9.3.25.v20180904/jetty-servlet-9.3.25.v20180904.jar:/home/user/.m2/repository/org/eclipse/jetty/jetty-security/9.3.25.v20180904/jetty-security-9.3.25.v20180904.jar:/home/user/.m2/repository/javax/servlet/jsp/jsp-api/2.1/jsp-api-2.1.jar:/home/user/.m2/repository/com/sun/jersey/jersey-servlet/1.19/jersey-servlet-1.19.jar:/home/user/.m2/repository/com/sun/jersey/jersey-json/1.19/jersey-json-1.19.jar:/home/user/.m2/repository/org/codehaus/jettison/jettison/1.1/jettison-1.1.jar:/home/user/.m2/repository/org/codehaus/jackson/jackson-core-asl/1.9.13/jackson-core-asl-1.9.13.jar:/home/user/.m2/repository/org/codehaus/jackson/jackson-mapper-asl/1.9.13/jackson-mapper-asl-1.9.13.jar:/home/user/.m2/repository/org/codehaus/jackson/jackson-jaxrs/1.9.13/jackson-jaxrs-1.9.13.jar:/home/user/.m2/repository/org/codehaus/jackson/jackson-xc/1.9.13/jackson-xc-1.9.13.jar:/home/user/.m2/repository/commons-logging/commons-logging/1.1.3/commons-logging-1.1.3.jar:/home/user/.m2/repository/commons-beanutils/commons-beanutils/1.9.4/commons-beanutils-1.9.4.jar:/home/user/.m2/repository/org/apache/commons/commons-configuration2/2.1.1/commons-configuration2-2.1.1.jar:/home/user/.m2/repository/org/apache/commons/commons-lang3/3.7/commons-lang3-3.7.jar:/home/user/.m2/repository/org/apache/commons/commons-text/1.4/commons-text-1.4.jar:/home/user/.m2/repository/org/apache/avro/avro/1.7.7/avro-1.7.7.jar:/home/user/.m2/repository/com/thoughtworks/paranamer/paranamer/2.3/paranamer-2.3.jar:/home/user/.m2/repository/org/xerial/snappy/snappy-java/1.0.5/snappy-java-1.0.5.jar:/home/user/.m2/repository/com/google/re2j/re2j/1.1/re2j-1.1.jar:/home/user/.m2/repository/com/google/code/gson/gson/2.2.4/gson-2.2.4.jar:/home/user/.m2/repository/com/jcraft/jsch/0.1.54/jsch-0.1.54.jar:/home/user/.m2/repository/org/apache/curator/curator-client/2.12.0/curator-client-2.12.0.jar:/home/user/.m2/repository/org/apache/curator/curator-recipes/2.12.0/curator-recipes-2.12.0.jar:/home/user/.m2/repository/com/google/code/findbugs/jsr305/3.0.0/jsr305-3.0.0.jar:/home/user/.m2/repository/org/apache/htrace/htrace-core4/4.1.0-incubating/htrace-core4-4.1.0-incubating.jar:/home/user/.m2/repository/org/apache/zookeeper/zookeeper/3.4.13/zookeeper-3.4.13.jar:/home/user/.m2/repository/jline/jline/0.9.94/jline-0.9.94.jar:/home/user/.m2/repository/org/apache/yetus/audience-annotations/0.5.0/audience-annotations-0.5.0.jar:/home/user/.m2/repository/org/codehaus/woodstox/stax2-api/3.1.4/stax2-api-3.1.4.jar:/home/user/.m2/repository/com/fasterxml/woodstox/woodstox-core/5.0.3/woodstox-core-5.0.3.jar:/home/user/.m2/repository/dnsjava/dnsjava/2.1.7/dnsjava-2.1.7.jar:/home/user/.m2/repository/org/apache/hadoop/hadoop-hdfs/3.2.0/hadoop-hdfs-3.2.0-tests.jar:/home/user/.m2/repository/org/eclipse/jetty/jetty-util-ajax/9.3.25.v20180904/jetty-util-ajax-9.3.25.v20180904.jar:/home/user/.m2/repository/commons-daemon/commons-daemon/1.0.13/commons-daemon-1.0.13.jar:/home/user/.m2/repository/io/netty/netty/3.10.5.Final/netty-3.10.5.Final.jar:/home/user/.m2/repository/io/netty/netty-all/4.0.52.Final/netty-all-4.0.52.Final.jar:/home/user/.m2/repository/org/fusesource/leveldbjni/leveldbjni-all/1.8/leveldbjni-all-1.8.jar:"/>
    <property name="java.vm.vendor" value="IcedTea"/>
    <property name="sun.arch.data.model" value="64"/>
    <property name="test.build.dir" value="/workdir/hadoop-ozone/integration-test/target/test-dir"/>
    <property name="test.cache.data" value=""/>
    <property name="java.vendor.url" value="https://icedtea.classpath.org"/>
    <property name="user.timezone" value=""/>
    <property name="java.vm.specification.version" value="1.8"/>
    <property name="os.name" value="Linux"/>
    <property name="test.build.data" value="/workdir/hadoop-ozone/integration-test/target/test-dir"/>
    <property name="user.country" value="US"/>
    <property name="sun.java.launcher" value="SUN_STANDARD"/>
    <property name="sun.boot.library.path" value="/usr/lib/jvm/java-1.8-openjdk/jre/lib/amd64"/>
    <property name="sun.java.command" value="/workdir/hadoop-ozone/integration-test/target/surefire/surefirebooter5130141239788770811.jar /workdir/hadoop-ozone/integration-test/target/surefire 2019-09-23T15-15-59_719-jvmRun1 surefire3148396899817021780tmp surefire_441873331036209022264tmp"/>
    <property name="test" value="!TestMiniChaosOzoneCluster"/>
    <property name="surefire.test.class.path" value="/workdir/hadoop-ozone/integration-test/target/test-classes:/workdir/hadoop-ozone/integration-test/target/classes:/home/user/.m2/repository/org/apache/hadoop/hadoop-ozone-common/0.5.0-SNAPSHOT/hadoop-ozone-common-0.5.0-SNAPSHOT.jar:/home/user/.m2/repository/org/apache/commons/commons-compress/1.4.1/commons-compress-1.4.1.jar:/home/user/.m2/repository/org/tukaani/xz/1.0/xz-1.0.jar:/home/user/.m2/repository/org/apache/hadoop/hadoop-common/3.2.0/hadoop-common-3.2.0.jar:/home/user/.m2/repository/org/apache/hadoop/hadoop-hdfs/3.2.0/hadoop-hdfs-3.2.0.jar:/home/user/.m2/repository/org/apache/hadoop/hadoop-hdfs-client/3.2.0/hadoop-hdfs-client-3.2.0.jar:/home/user/.m2/repository/com/fasterxml/jackson/core/jackson-annotations/2.9.9/jackson-annotations-2.9.9.jar:/home/user/.m2/repository/org/apache/hadoop/hadoop-hdds-common/0.5.0-SNAPSHOT/hadoop-hdds-common-0.5.0-SNAPSHOT.jar:/home/user/.m2/repository/javax/annotation/javax.annotation-api/1.2/javax.annotation-api-1.2.jar:/home/user/.m2/repository/org/apache/ratis/ratis-server/0.4.0/ratis-server-0.4.0.jar:/home/user/.m2/repository/org/apache/ratis/ratis-thirdparty-misc/0.2.0/ratis-thirdparty-misc-0.2.0.jar:/home/user/.m2/repository/org/apache/ratis/ratis-proto/0.4.0/ratis-proto-0.4.0.jar:/home/user/.m2/repository/org/apache/ratis/ratis-common/0.4.0/ratis-common-0.4.0.jar:/home/user/.m2/repository/org/apache/ratis/ratis-client/0.4.0/ratis-client-0.4.0.jar:/home/user/.m2/repository/org/apache/ratis/ratis-metrics/0.4.0/ratis-metrics-0.4.0.jar:/home/user/.m2/repository/com/github/joshelser/dropwizard-metrics-hadoop-metrics2-reporter/0.1.2/dropwizard-metrics-hadoop-metrics2-reporter-0.1.2.jar:/home/user/.m2/repository/io/dropwizard/metrics/metrics-jvm/3.2.5/metrics-jvm-3.2.5.jar:/home/user/.m2/repository/io/dropwizard/metrics/metrics-ganglia/3.2.5/metrics-ganglia-3.2.5.jar:/home/user/.m2/repository/info/ganglia/gmetric4j/gmetric4j/1.0.7/gmetric4j-1.0.7.jar:/home/user/.m2/repository/org/apache/ratis/ratis-netty/0.4.0/ratis-netty-0.4.0.jar:/home/user/.m2/repository/org/apache/ratis/ratis-grpc/0.4.0/ratis-grpc-0.4.0.jar:/home/user/.m2/repository/org/rocksdb/rocksdbjni/6.0.1/rocksdbjni-6.0.1.jar:/home/user/.m2/repository/org/apache/logging/log4j/log4j-api/2.11.0/log4j-api-2.11.0.jar:/home/user/.m2/repository/org/apache/logging/log4j/log4j-core/2.11.0/log4j-core-2.11.0.jar:/home/user/.m2/repository/com/lmax/disruptor/3.4.2/disruptor-3.4.2.jar:/home/user/.m2/repository/org/apache/commons/commons-pool2/2.6.0/commons-pool2-2.6.0.jar:/home/user/.m2/repository/org/bouncycastle/bcpkix-jdk15on/1.60/bcpkix-jdk15on-1.60.jar:/home/user/.m2/repository/commons-validator/commons-validator/1.6/commons-validator-1.6.jar:/home/user/.m2/repository/commons-digester/commons-digester/1.8.1/commons-digester-1.8.1.jar:/home/user/.m2/repository/io/jaegertracing/jaeger-client/0.34.0/jaeger-client-0.34.0.jar:/home/user/.m2/repository/io/jaegertracing/jaeger-thrift/0.34.0/jaeger-thrift-0.34.0.jar:/home/user/.m2/repository/org/apache/thrift/libthrift/0.12.0/libthrift-0.12.0.jar:/home/user/.m2/repository/com/squareup/okhttp3/okhttp/3.9.0/okhttp-3.9.0.jar:/home/user/.m2/repository/com/squareup/okio/okio/1.13.0/okio-1.13.0.jar:/home/user/.m2/repository/io/jaegertracing/jaeger-core/0.34.0/jaeger-core-0.34.0.jar:/home/user/.m2/repository/io/jaegertracing/jaeger-tracerresolver/0.34.0/jaeger-tracerresolver-0.34.0.jar:/home/user/.m2/repository/io/opentracing/contrib/opentracing-tracerresolver/0.1.5/opentracing-tracerresolver-0.1.5.jar:/home/user/.m2/repository/io/opentracing/opentracing-util/0.31.0/opentracing-util-0.31.0.jar:/home/user/.m2/repository/io/opentracing/opentracing-api/0.31.0/opentracing-api-0.31.0.jar:/home/user/.m2/repository/io/opentracing/opentracing-noop/0.31.0/opentracing-noop-0.31.0.jar:/home/user/.m2/repository/org/apache/hadoop/hadoop-hdds-server-framework/0.5.0-SNAPSHOT/hadoop-hdds-server-framework-0.5.0-SNAPSHOT.jar:/home/user/.m2/repository/org/apache/hadoop/hadoop-hdds-container-service/0.5.0-SNAPSHOT/hadoop-hdds-container-service-0.5.0-SNAPSHOT.jar:/home/user/.m2/repository/org/apache/hadoop/hadoop-hdds-client/0.5.0-SNAPSHOT/hadoop-hdds-client-0.5.0-SNAPSHOT.jar:/home/user/.m2/repository/org/apache/hadoop/hadoop-hdds-tools/0.5.0-SNAPSHOT/hadoop-hdds-tools-0.5.0-SNAPSHOT.jar:/home/user/.m2/repository/org/apache/hadoop/hadoop-hdds-server-scm/0.5.0-SNAPSHOT/hadoop-hdds-server-scm-0.5.0-SNAPSHOT.jar:/home/user/.m2/repository/org/apache/hadoop/hadoop-hdds-docs/0.5.0-SNAPSHOT/hadoop-hdds-docs-0.5.0-SNAPSHOT.jar:/home/user/.m2/repository/io/dropwizard/metrics/metrics-core/3.2.4/metrics-core-3.2.4.jar:/home/user/.m2/repository/org/hamcrest/hamcrest-all/1.3/hamcrest-all-1.3.jar:/home/user/.m2/repository/org/bouncycastle/bcprov-jdk15on/1.60/bcprov-jdk15on-1.60.jar:/home/user/.m2/repository/info/picocli/picocli/3.9.6/picocli-3.9.6.jar:/home/user/.m2/repository/com/google/protobuf/protobuf-java/2.5.0/protobuf-java-2.5.0.jar:/home/user/.m2/repository/com/google/guava/guava/11.0.2/guava-11.0.2.jar:/home/user/.m2/repository/org/apache/hadoop/hadoop-ozone-ozone-manager/0.5.0-SNAPSHOT/hadoop-ozone-ozone-manager-0.5.0-SNAPSHOT.jar:/home/user/.m2/repository/org/apache/hadoop/hadoop-minikdc/3.2.0/hadoop-minikdc-3.2.0.jar:/home/user/.m2/repository/commons-io/commons-io/2.5/commons-io-2.5.jar:/home/user/.m2/repository/org/apache/kerby/kerb-simplekdc/1.0.1/kerb-simplekdc-1.0.1.jar:/home/user/.m2/repository/org/apache/kerby/kerb-client/1.0.1/kerb-client-1.0.1.jar:/home/user/.m2/repository/org/apache/kerby/kerby-config/1.0.1/kerby-config-1.0.1.jar:/home/user/.m2/repository/org/apache/kerby/kerb-core/1.0.1/kerb-core-1.0.1.jar:/home/user/.m2/repository/org/apache/kerby/kerby-pkix/1.0.1/kerby-pkix-1.0.1.jar:/home/user/.m2/repository/org/apache/kerby/kerby-asn1/1.0.1/kerby-asn1-1.0.1.jar:/home/user/.m2/repository/org/apache/kerby/kerby-util/1.0.1/kerby-util-1.0.1.jar:/home/user/.m2/repository/org/apache/kerby/kerb-common/1.0.1/kerb-common-1.0.1.jar:/home/user/.m2/repository/org/apache/kerby/kerb-crypto/1.0.1/kerb-crypto-1.0.1.jar:/home/user/.m2/repository/org/apache/kerby/kerb-util/1.0.1/kerb-util-1.0.1.jar:/home/user/.m2/repository/org/apache/kerby/token-provider/1.0.1/token-provider-1.0.1.jar:/home/user/.m2/repository/org/apache/kerby/kerb-admin/1.0.1/kerb-admin-1.0.1.jar:/home/user/.m2/repository/org/apache/kerby/kerb-server/1.0.1/kerb-server-1.0.1.jar:/home/user/.m2/repository/org/apache/kerby/kerb-identity/1.0.1/kerb-identity-1.0.1.jar:/home/user/.m2/repository/org/apache/kerby/kerby-xdr/1.0.1/kerby-xdr-1.0.1.jar:/home/user/.m2/repository/org/slf4j/slf4j-log4j12/1.7.25/slf4j-log4j12-1.7.25.jar:/home/user/.m2/repository/org/apache/hadoop/hadoop-ozone-s3gateway/0.5.0-SNAPSHOT/hadoop-ozone-s3gateway-0.5.0-SNAPSHOT.jar:/home/user/.m2/repository/org/jboss/weld/servlet/weld-servlet/2.4.7.Final/weld-servlet-2.4.7.Final.jar:/home/user/.m2/repository/org/glassfish/jersey/containers/jersey-container-servlet-core/2.27/jersey-container-servlet-core-2.27.jar:/home/user/.m2/repository/org/glassfish/hk2/external/javax.inject/2.5.0-b42/javax.inject-2.5.0-b42.jar:/home/user/.m2/repository/org/glassfish/jersey/core/jersey-common/2.27/jersey-common-2.27.jar:/home/user/.m2/repository/org/glassfish/hk2/osgi-resource-locator/1.0.1/osgi-resource-locator-1.0.1.jar:/home/user/.m2/repository/javax/ws/rs/javax.ws.rs-api/2.1/javax.ws.rs-api-2.1.jar:/home/user/.m2/repository/org/glassfish/jersey/ext/cdi/jersey-cdi1x/2.27/jersey-cdi1x-2.27.jar:/home/user/.m2/repository/org/glassfish/jersey/inject/jersey-hk2/2.27/jersey-hk2-2.27.jar:/home/user/.m2/repository/org/glassfish/hk2/hk2-locator/2.5.0-b42/hk2-locator-2.5.0-b42.jar:/home/user/.m2/repository/org/javassist/javassist/3.22.0-CR2/javassist-3.22.0-CR2.jar:/home/user/.m2/repository/org/glassfish/hk2/hk2-api/2.5.0/hk2-api-2.5.0.jar:/home/user/.m2/repository/org/glassfish/hk2/external/jakarta.inject/2.5.0/jakarta.inject-2.5.0.jar:/home/user/.m2/repository/org/glassfish/hk2/hk2-utils/2.5.0/hk2-utils-2.5.0.jar:/home/user/.m2/repository/jakarta/annotation/jakarta.annotation-api/1.3.4/jakarta.annotation-api-1.3.4.jar:/home/user/.m2/repository/org/glassfish/hk2/external/aopalliance-repackaged/2.5.0/aopalliance-repackaged-2.5.0.jar:/home/user/.m2/repository/com/fasterxml/jackson/dataformat/jackson-dataformat-xml/2.9.0/jackson-dataformat-xml-2.9.0.jar:/home/user/.m2/repository/com/fasterxml/jackson/core/jackson-core/2.9.9/jackson-core-2.9.9.jar:/home/user/.m2/repository/com/fasterxml/jackson/module/jackson-module-jaxb-annotations/2.9.9/jackson-module-jaxb-annotations-2.9.9.jar:/home/user/.m2/repository/javax/enterprise/cdi-api/1.2/cdi-api-1.2.jar:/home/user/.m2/repository/javax/el/javax.el-api/3.0.0/javax.el-api-3.0.0.jar:/home/user/.m2/repository/javax/interceptor/javax.interceptor-api/1.2/javax.interceptor-api-1.2.jar:/home/user/.m2/repository/javax/inject/javax.inject/1/javax.inject-1.jar:/home/user/.m2/repository/com/sun/xml/bind/jaxb-impl/2.3.0.1/jaxb-impl-2.3.0.1.jar:/home/user/.m2/repository/com/sun/xml/bind/jaxb-core/2.3.0.1/jaxb-core-2.3.0.1.jar:/home/user/.m2/repository/javax/xml/bind/jaxb-api/2.3.0/jaxb-api-2.3.0.jar:/home/user/.m2/repository/javax/activation/activation/1.1.1/activation-1.1.1.jar:/home/user/.m2/repository/org/apache/hadoop/hadoop-ozone-csi/0.5.0-SNAPSHOT/hadoop-ozone-csi-0.5.0-SNAPSHOT.jar:/home/user/.m2/repository/com/google/protobuf/protobuf-java-util/3.5.1/protobuf-java-util-3.5.1.jar:/home/user/.m2/repository/org/apache/hadoop/hadoop-hdds-config/0.5.0-SNAPSHOT/hadoop-hdds-config-0.5.0-SNAPSHOT.jar:/home/user/.m2/repository/io/grpc/grpc-netty/1.17.1/grpc-netty-1.17.1.jar:/home/user/.m2/repository/io/grpc/grpc-core/1.17.1/grpc-core-1.17.1.jar:/home/user/.m2/repository/io/grpc/grpc-context/1.17.1/grpc-context-1.17.1.jar:/home/user/.m2/repository/com/google/errorprone/error_prone_annotations/2.2.0/error_prone_annotations-2.2.0.jar:/home/user/.m2/repository/org/codehaus/mojo/animal-sniffer-annotations/1.17/animal-sniffer-annotations-1.17.jar:/home/user/.m2/repository/io/opencensus/opencensus-api/0.17.0/opencensus-api-0.17.0.jar:/home/user/.m2/repository/io/opencensus/opencensus-contrib-grpc-metrics/0.17.0/opencensus-contrib-grpc-metrics-0.17.0.jar:/home/user/.m2/repository/io/netty/netty-codec-http2/4.1.30.Final/netty-codec-http2-4.1.30.Final.jar:/home/user/.m2/repository/io/netty/netty-codec-http/4.1.30.Final/netty-codec-http-4.1.30.Final.jar:/home/user/.m2/repository/io/netty/netty-codec/4.1.30.Final/netty-codec-4.1.30.Final.jar:/home/user/.m2/repository/io/netty/netty-handler/4.1.30.Final/netty-handler-4.1.30.Final.jar:/home/user/.m2/repository/io/netty/netty-handler-proxy/4.1.30.Final/netty-handler-proxy-4.1.30.Final.jar:/home/user/.m2/repository/io/netty/netty-codec-socks/4.1.30.Final/netty-codec-socks-4.1.30.Final.jar:/home/user/.m2/repository/io/netty/netty-transport-native-epoll/4.1.30.Final/netty-transport-native-epoll-4.1.30.Final.jar:/home/user/.m2/repository/io/netty/netty-common/4.1.30.Final/netty-common-4.1.30.Final.jar:/home/user/.m2/repository/io/netty/netty-buffer/4.1.30.Final/netty-buffer-4.1.30.Final.jar:/home/user/.m2/repository/io/netty/netty-transport/4.1.30.Final/netty-transport-4.1.30.Final.jar:/home/user/.m2/repository/io/netty/netty-resolver/4.1.30.Final/netty-resolver-4.1.30.Final.jar:/home/user/.m2/repository/io/netty/netty-transport-native-unix-common/4.1.30.Final/netty-transport-native-unix-common-4.1.30.Final.jar:/home/user/.m2/repository/io/grpc/grpc-protobuf/1.17.1/grpc-protobuf-1.17.1.jar:/home/user/.m2/repository/com/google/api/grpc/proto-google-common-protos/1.0.0/proto-google-common-protos-1.0.0.jar:/home/user/.m2/repository/io/grpc/grpc-protobuf-lite/1.17.1/grpc-protobuf-lite-1.17.1.jar:/home/user/.m2/repository/io/grpc/grpc-stub/1.17.1/grpc-stub-1.17.1.jar:/home/user/.m2/repository/org/apache/hadoop/hadoop-ozone-recon/0.5.0-SNAPSHOT/hadoop-ozone-recon-0.5.0-SNAPSHOT.jar:/home/user/.m2/repository/org/apache/hadoop/hadoop-ozone-reconcodegen/0.5.0-SNAPSHOT/hadoop-ozone-reconcodegen-0.5.0-SNAPSHOT.jar:/home/user/.m2/repository/com/google/inject/extensions/guice-multibindings/4.0/guice-multibindings-4.0.jar:/home/user/.m2/repository/com/google/inject/guice/4.0/guice-4.0.jar:/home/user/.m2/repository/aopalliance/aopalliance/1.0/aopalliance-1.0.jar:/home/user/.m2/repository/com/google/inject/extensions/guice-servlet/4.0/guice-servlet-4.0.jar:/home/user/.m2/repository/org/glassfish/jersey/containers/jersey-container-servlet/2.27/jersey-container-servlet-2.27.jar:/home/user/.m2/repository/org/glassfish/hk2/guice-bridge/2.5.0/guice-bridge-2.5.0.jar:/home/user/.m2/repository/org/glassfish/jersey/core/jersey-server/2.27/jersey-server-2.27.jar:/home/user/.m2/repository/org/glassfish/jersey/core/jersey-client/2.27/jersey-client-2.27.jar:/home/user/.m2/repository/org/glassfish/jersey/media/jersey-media-jaxb/2.27/jersey-media-jaxb-2.27.jar:/home/user/.m2/repository/javax/validation/validation-api/1.1.0.Final/validation-api-1.1.0.Final.jar:/home/user/.m2/repository/org/glassfish/jersey/media/jersey-media-json-jackson/2.27/jersey-media-json-jackson-2.27.jar:/home/user/.m2/repository/org/glassfish/jersey/ext/jersey-entity-filtering/2.27/jersey-entity-filtering-2.27.jar:/home/user/.m2/repository/com/google/inject/extensions/guice-assistedinject/4.0/guice-assistedinject-4.0.jar:/home/user/.m2/repository/org/jooq/jooq/3.11.10/jooq-3.11.10.jar:/home/user/.m2/repository/org/jooq/jooq-meta/3.11.10/jooq-meta-3.11.10.jar:/home/user/.m2/repository/org/jooq/jooq-codegen/3.11.10/jooq-codegen-3.11.10.jar:/home/user/.m2/repository/com/jolbox/bonecp/0.8.0.RELEASE/bonecp-0.8.0.RELEASE.jar:/home/user/.m2/repository/org/xerial/sqlite-jdbc/3.25.2/sqlite-jdbc-3.25.2.jar:/home/user/.m2/repository/org/springframework/spring-jdbc/5.1.3.RELEASE/spring-jdbc-5.1.3.RELEASE.jar:/home/user/.m2/repository/org/springframework/spring-beans/5.1.3.RELEASE/spring-beans-5.1.3.RELEASE.jar:/home/user/.m2/repository/org/springframework/spring-core/5.1.3.RELEASE/spring-core-5.1.3.RELEASE.jar:/home/user/.m2/repository/org/springframework/spring-jcl/5.1.3.RELEASE/spring-jcl-5.1.3.RELEASE.jar:/home/user/.m2/repository/org/springframework/spring-tx/5.1.3.RELEASE/spring-tx-5.1.3.RELEASE.jar:/home/user/.m2/repository/org/apache/hadoop/hadoop-ozone-client/0.5.0-SNAPSHOT/hadoop-ozone-client-0.5.0-SNAPSHOT.jar:/home/user/.m2/repository/commons-lang/commons-lang/2.6/commons-lang-2.6.jar:/home/user/.m2/repository/org/apache/hadoop/hadoop-ozone-ozone-manager/0.5.0-SNAPSHOT/hadoop-ozone-ozone-manager-0.5.0-SNAPSHOT-tests.jar:/home/user/.m2/repository/junit/junit/4.11/junit-4.11.jar:/home/user/.m2/repository/org/hamcrest/hamcrest-core/1.3/hamcrest-core-1.3.jar:/home/user/.m2/repository/org/openjdk/jmh/jmh-core/1.19/jmh-core-1.19.jar:/home/user/.m2/repository/net/sf/jopt-simple/jopt-simple/4.6/jopt-simple-4.6.jar:/home/user/.m2/repository/org/apache/commons/commons-math3/3.1.1/commons-math3-3.1.1.jar:/home/user/.m2/repository/org/openjdk/jmh/jmh-generator-annprocess/1.19/jmh-generator-annprocess-1.19.jar:/home/user/.m2/repository/org/mockito/mockito-all/1.8.5/mockito-all-1.8.5.jar:/home/user/.m2/repository/org/apache/hadoop/hadoop-kms/3.2.0/hadoop-kms-3.2.0.jar:/home/user/.m2/repository/org/apache/hadoop/hadoop-auth/3.2.0/hadoop-auth-3.2.0.jar:/home/user/.m2/repository/com/nimbusds/nimbus-jose-jwt/4.41.1/nimbus-jose-jwt-4.41.1.jar:/home/user/.m2/repository/com/github/stephenc/jcip/jcip-annotations/1.0-1/jcip-annotations-1.0-1.jar:/home/user/.m2/repository/net/minidev/json-smart/2.3/json-smart-2.3.jar:/home/user/.m2/repository/net/minidev/accessors-smart/1.2/accessors-smart-1.2.jar:/home/user/.m2/repository/org/ow2/asm/asm/5.0.4/asm-5.0.4.jar:/home/user/.m2/repository/org/apache/curator/curator-framework/2.12.0/curator-framework-2.12.0.jar:/home/user/.m2/repository/com/sun/jersey/jersey-core/1.19/jersey-core-1.19.jar:/home/user/.m2/repository/javax/ws/rs/jsr311-api/1.1.1/jsr311-api-1.1.1.jar:/home/user/.m2/repository/com/sun/jersey/jersey-server/1.19/jersey-server-1.19.jar:/home/user/.m2/repository/javax/servlet/javax.servlet-api/3.1.0/javax.servlet-api-3.1.0.jar:/home/user/.m2/repository/org/eclipse/jetty/jetty-server/9.3.25.v20180904/jetty-server-9.3.25.v20180904.jar:/home/user/.m2/repository/org/eclipse/jetty/jetty-http/9.3.25.v20180904/jetty-http-9.3.25.v20180904.jar:/home/user/.m2/repository/org/eclipse/jetty/jetty-io/9.3.25.v20180904/jetty-io-9.3.25.v20180904.jar:/home/user/.m2/repository/org/eclipse/jetty/jetty-webapp/9.3.25.v20180904/jetty-webapp-9.3.25.v20180904.jar:/home/user/.m2/repository/org/eclipse/jetty/jetty-xml/9.3.25.v20180904/jetty-xml-9.3.25.v20180904.jar:/home/user/.m2/repository/log4j/log4j/1.2.17/log4j-1.2.17.jar:/home/user/.m2/repository/org/slf4j/slf4j-api/1.7.25/slf4j-api-1.7.25.jar:/home/user/.m2/repository/org/slf4j/jul-to-slf4j/1.7.25/jul-to-slf4j-1.7.25.jar:/home/user/.m2/repository/org/eclipse/jetty/jetty-util/9.3.25.v20180904/jetty-util-9.3.25.v20180904.jar:/home/user/.m2/repository/com/fasterxml/jackson/core/jackson-databind/2.9.9/jackson-databind-2.9.9.jar:/home/user/.m2/repository/org/apache/hadoop/hadoop-kms/3.2.0/hadoop-kms-3.2.0-tests.jar:/home/user/.m2/repository/org/apache/hadoop/hadoop-hdds-server-scm/0.5.0-SNAPSHOT/hadoop-hdds-server-scm-0.5.0-SNAPSHOT-tests.jar:/home/user/.m2/repository/org/apache/hadoop/hadoop-hdds-container-service/0.5.0-SNAPSHOT/hadoop-hdds-container-service-0.5.0-SNAPSHOT-tests.jar:/home/user/.m2/repository/org/yaml/snakeyaml/1.16/snakeyaml-1.16.jar:/home/user/.m2/repository/org/apache/hadoop/hadoop-common/3.2.0/hadoop-common-3.2.0-tests.jar:/home/user/.m2/repository/org/apache/hadoop/hadoop-annotations/3.2.0/hadoop-annotations-3.2.0.jar:/usr/lib/jvm/java-1.8-openjdk/jre/../lib/tools.jar:/home/user/.m2/repository/commons-cli/commons-cli/1.2/commons-cli-1.2.jar:/home/user/.m2/repository/org/apache/httpcomponents/httpclient/4.5.2/httpclient-4.5.2.jar:/home/user/.m2/repository/org/apache/httpcomponents/httpcore/4.4.4/httpcore-4.4.4.jar:/home/user/.m2/repository/commons-codec/commons-codec/1.11/commons-codec-1.11.jar:/home/user/.m2/repository/commons-net/commons-net/3.6/commons-net-3.6.jar:/home/user/.m2/repository/commons-collections/commons-collections/3.2.2/commons-collections-3.2.2.jar:/home/user/.m2/repository/org/eclipse/jetty/jetty-servlet/9.3.25.v20180904/jetty-servlet-9.3.25.v20180904.jar:/home/user/.m2/repository/org/eclipse/jetty/jetty-security/9.3.25.v20180904/jetty-security-9.3.25.v20180904.jar:/home/user/.m2/repository/javax/servlet/jsp/jsp-api/2.1/jsp-api-2.1.jar:/home/user/.m2/repository/com/sun/jersey/jersey-servlet/1.19/jersey-servlet-1.19.jar:/home/user/.m2/repository/com/sun/jersey/jersey-json/1.19/jersey-json-1.19.jar:/home/user/.m2/repository/org/codehaus/jettison/jettison/1.1/jettison-1.1.jar:/home/user/.m2/repository/org/codehaus/jackson/jackson-core-asl/1.9.13/jackson-core-asl-1.9.13.jar:/home/user/.m2/repository/org/codehaus/jackson/jackson-mapper-asl/1.9.13/jackson-mapper-asl-1.9.13.jar:/home/user/.m2/repository/org/codehaus/jackson/jackson-jaxrs/1.9.13/jackson-jaxrs-1.9.13.jar:/home/user/.m2/repository/org/codehaus/jackson/jackson-xc/1.9.13/jackson-xc-1.9.13.jar:/home/user/.m2/repository/commons-logging/commons-logging/1.1.3/commons-logging-1.1.3.jar:/home/user/.m2/repository/commons-beanutils/commons-beanutils/1.9.4/commons-beanutils-1.9.4.jar:/home/user/.m2/repository/org/apache/commons/commons-configuration2/2.1.1/commons-configuration2-2.1.1.jar:/home/user/.m2/repository/org/apache/commons/commons-lang3/3.7/commons-lang3-3.7.jar:/home/user/.m2/repository/org/apache/commons/commons-text/1.4/commons-text-1.4.jar:/home/user/.m2/repository/org/apache/avro/avro/1.7.7/avro-1.7.7.jar:/home/user/.m2/repository/com/thoughtworks/paranamer/paranamer/2.3/paranamer-2.3.jar:/home/user/.m2/repository/org/xerial/snappy/snappy-java/1.0.5/snappy-java-1.0.5.jar:/home/user/.m2/repository/com/google/re2j/re2j/1.1/re2j-1.1.jar:/home/user/.m2/repository/com/google/code/gson/gson/2.2.4/gson-2.2.4.jar:/home/user/.m2/repository/com/jcraft/jsch/0.1.54/jsch-0.1.54.jar:/home/user/.m2/repository/org/apache/curator/curator-client/2.12.0/curator-client-2.12.0.jar:/home/user/.m2/repository/org/apache/curator/curator-recipes/2.12.0/curator-recipes-2.12.0.jar:/home/user/.m2/repository/com/google/code/findbugs/jsr305/3.0.0/jsr305-3.0.0.jar:/home/user/.m2/repository/org/apache/htrace/htrace-core4/4.1.0-incubating/htrace-core4-4.1.0-incubating.jar:/home/user/.m2/repository/org/apache/zookeeper/zookeeper/3.4.13/zookeeper-3.4.13.jar:/home/user/.m2/repository/jline/jline/0.9.94/jline-0.9.94.jar:/home/user/.m2/repository/org/apache/yetus/audience-annotations/0.5.0/audience-annotations-0.5.0.jar:/home/user/.m2/repository/org/codehaus/woodstox/stax2-api/3.1.4/stax2-api-3.1.4.jar:/home/user/.m2/repository/com/fasterxml/woodstox/woodstox-core/5.0.3/woodstox-core-5.0.3.jar:/home/user/.m2/repository/dnsjava/dnsjava/2.1.7/dnsjava-2.1.7.jar:/home/user/.m2/repository/org/apache/hadoop/hadoop-hdfs/3.2.0/hadoop-hdfs-3.2.0-tests.jar:/home/user/.m2/repository/org/eclipse/jetty/jetty-util-ajax/9.3.25.v20180904/jetty-util-ajax-9.3.25.v20180904.jar:/home/user/.m2/repository/commons-daemon/commons-daemon/1.0.13/commons-daemon-1.0.13.jar:/home/user/.m2/repository/io/netty/netty/3.10.5.Final/netty-3.10.5.Final.jar:/home/user/.m2/repository/io/netty/netty-all/4.0.52.Final/netty-all-4.0.52.Final.jar:/home/user/.m2/repository/org/fusesource/leveldbjni/leveldbjni-all/1.8/leveldbjni-all-1.8.jar:"/>
    <property name="sun.cpu.endian" value="little"/>
    <property name="user.home" value="/home/user"/>
    <property name="user.language" value="en"/>
    <property name="java.specification.vendor" value="Oracle Corporation"/>
    <property name="java.home" value="/usr/lib/jvm/java-1.8-openjdk/jre"/>
    <property name="java.security.krb5.conf" value="/workdir/hadoop-ozone/integration-test/target/test-classes/krb5.conf"/>
    <property name="basedir" value="/workdir/hadoop-ozone/integration-test"/>
    <property name="file.separator" value="/"/>
    <property name="line.separator" value="&#10;"/>
    <property name="java.vm.specification.vendor" value="Oracle Corporation"/>
    <property name="java.specification.name" value="Java Platform API Specification"/>
    <property name="java.awt.graphicsenv" value="sun.awt.X11GraphicsEnvironment"/>
    <property name="surefire.real.class.path" value="/workdir/hadoop-ozone/integration-test/target/surefire/surefirebooter5130141239788770811.jar"/>
    <property name="hadoop.log.dir" value="/workdir/hadoop-ozone/integration-test/target/log"/>
    <property name="sun.boot.class.path" value="/usr/lib/jvm/java-1.8-openjdk/jre/lib/resources.jar:/usr/lib/jvm/java-1.8-openjdk/jre/lib/rt.jar:/usr/lib/jvm/java-1.8-openjdk/jre/lib/sunrsasign.jar:/usr/lib/jvm/java-1.8-openjdk/jre/lib/jsse.jar:/usr/lib/jvm/java-1.8-openjdk/jre/lib/jce.jar:/usr/lib/jvm/java-1.8-openjdk/jre/lib/charsets.jar:/usr/lib/jvm/java-1.8-openjdk/jre/lib/jfr.jar:/usr/lib/jvm/java-1.8-openjdk/jre/classes"/>
    <property name="sun.management.compiler" value="HotSpot 64-Bit Tiered Compilers"/>
    <property name="java.runtime.version" value="1.8.0_212-b04"/>
    <property name="java.net.preferIPv4Stack" value="true"/>
    <property name="user.name" value="jenkins1000"/>
    <property name="path.separator" value=":"/>
    <property name="java.security.egd" value="file:///dev/urandom"/>
    <property name="os.version" value="3.10.0-957.12.2.el7.x86_64"/>
    <property name="java.endorsed.dirs" value="/usr/lib/jvm/java-1.8-openjdk/jre/lib/endorsed"/>
    <property name="java.runtime.name" value="OpenJDK Runtime Environment"/>
    <property name="file.encoding" value="UTF-8"/>
    <property name="java.vm.name" value="OpenJDK 64-Bit Server VM"/>
    <property name="test.build.webapps" value=""/>
    <property name="localRepository" value="/home/user/.m2/repository"/>
    <property name="java.vendor.url.bug" value="https://icedtea.classpath.org/bugzilla"/>
    <property name="java.io.tmpdir" value="/tmp"/>
    <property name="require.test.libhadoop" value=""/>
    <property name="java.version" value="1.8.0_212"/>
    <property name="user.dir" value="/workdir/hadoop-ozone/integration-test"/>
    <property name="os.arch" value="amd64"/>
    <property name="java.vm.specification.name" value="Java Virtual Machine Specification"/>
    <property name="test.build.classes" value="/workdir/hadoop-ozone/integration-test/target/test-classes"/>
    <property name="java.awt.printerjob" value="sun.print.PSPrinterJob"/>
    <property name="sun.os.patch.level" value="unknown"/>
    <property name="hadoop.tmp.dir" value="/workdir/hadoop-ozone/integration-test/target/tmp"/>
    <property name="java.library.path" value="/usr/lib/jvm/java-1.8-openjdk/jre/lib/amd64/server:/usr/lib/jvm/java-1.8-openjdk/jre/lib/amd64:/usr/lib/jvm/java-1.8-openjdk/jre/../lib/amd64:/workdir/hadoop-ozone/integration-test/target/native/target/usr/local/lib:/workdir/hadoop-ozone/integration-test/../../hadoop-common-project/hadoop-common/target/native/target/usr/local/lib:/usr/java/packages/lib/amd64:/usr/lib64:/lib64:/lib:/usr/lib"/>
    <property name="java.vm.info" value="mixed mode"/>
    <property name="java.vendor" value="IcedTea"/>
    <property name="java.vm.version" value="25.212-b04"/>
    <property name="java.ext.dirs" value="/usr/lib/jvm/java-1.8-openjdk/jre/lib/ext:/usr/java/packages/lib/ext"/>
    <property name="sun.io.unicode.encoding" value="UnicodeLittle"/>
    <property name="java.class.version" value="52.0"/>
  </properties>
  <testcase name="testMultipartUpload" classname="org.apache.hadoop.ozone.client.rpc.TestOzoneRpcClient" time="185.391">
    <error message="Allocated 0 blocks. Requested 1 blocks" type="INTERNAL_ERROR org.apache.hadoop.ozone.om.exceptions.OMException">INTERNAL_ERROR org.apache.hadoop.ozone.om.exceptions.OMException: Allocated 0 blocks. Requested 1 blocks
	at org.apache.hadoop.ozone.om.protocolPB.OzoneManagerProtocolClientSideTranslatorPB.handleError(OzoneManagerProtocolClientSideTranslatorPB.java:732)
	at org.apache.hadoop.ozone.om.protocolPB.OzoneManagerProtocolClientSideTranslatorPB.allocateBlock(OzoneManagerProtocolClientSideTranslatorPB.java:764)
	at sun.reflect.NativeMethodAccessorImpl.invoke0(Native Method)
	at sun.reflect.NativeMethodAccessorImpl.invoke(NativeMethodAccessorImpl.java:62)
	at sun.reflect.DelegatingMethodAccessorImpl.invoke(DelegatingMethodAccessorImpl.java:43)
	at java.lang.reflect.Method.invoke(Method.java:498)
	at org.apache.hadoop.hdds.tracing.TraceAllMethod.invoke(TraceAllMethod.java:66)
	at com.sun.proxy.$Proxy38.allocateBlock(Unknown Source)
	at org.apache.hadoop.ozone.client.io.BlockOutputStreamEntryPool.allocateNewBlock(BlockOutputStreamEntryPool.java:248)
	at org.apache.hadoop.ozone.client.io.BlockOutputStreamEntryPool.allocateBlockIfNeeded(BlockOutputStreamEntryPool.java:296)
	at org.apache.hadoop.ozone.client.io.KeyOutputStream.handleWrite(KeyOutputStream.java:198)
	at org.apache.hadoop.ozone.client.io.KeyOutputStream.handleRetry(KeyOutputStream.java:375)
	at org.apache.hadoop.ozone.client.io.KeyOutputStream.handleException(KeyOutputStream.java:324)
	at org.apache.hadoop.ozone.client.io.KeyOutputStream.handleWrite(KeyOutputStream.java:228)
	at org.apache.hadoop.ozone.client.io.KeyOutputStream.write(KeyOutputStream.java:190)
	at org.apache.hadoop.ozone.client.io.OzoneOutputStream.write(OzoneOutputStream.java:49)
	at org.apache.hadoop.ozone.client.rpc.TestOzoneRpcClientAbstract.uploadPart(TestOzoneRpcClientAbstract.java:2625)
	at org.apache.hadoop.ozone.client.rpc.TestOzoneRpcClientAbstract.doMultipartUpload(TestOzoneRpcClientAbstract.java:2568)
	at org.apache.hadoop.ozone.client.rpc.TestOzoneRpcClientAbstract.testMultipartUpload(TestOzoneRpcClientAbstract.java:1834)
	at sun.reflect.NativeMethodAccessorImpl.invoke0(Native Method)
	at sun.reflect.NativeMethodAccessorImpl.invoke(NativeMethodAccessorImpl.java:62)
	at sun.reflect.DelegatingMethodAccessorImpl.invoke(DelegatingMethodAccessorImpl.java:43)
	at java.lang.reflect.Method.invoke(Method.java:498)
	at org.junit.runners.model.FrameworkMethod$1.runReflectiveCall(FrameworkMethod.java:47)
	at org.junit.internal.runners.model.ReflectiveCallable.run(ReflectiveCallable.java:12)
	at org.junit.runners.model.FrameworkMethod.invokeExplosively(FrameworkMethod.java:44)
	at org.junit.internal.runners.statements.InvokeMethod.evaluate(InvokeMethod.java:17)
	at org.junit.runners.ParentRunner.runLeaf(ParentRunner.java:271)
	at org.junit.runners.BlockJUnit4ClassRunner.runChild(BlockJUnit4ClassRunner.java:70)
	at org.junit.runners.BlockJUnit4ClassRunner.runChild(BlockJUnit4ClassRunner.java:50)
	at org.junit.runners.ParentRunner$3.run(ParentRunner.java:238)
	at org.junit.runners.ParentRunner$1.schedule(ParentRunner.java:63)
	at org.junit.runners.ParentRunner.runChildren(ParentRunner.java:236)
	at org.junit.runners.ParentRunner.access$000(ParentRunner.java:53)
	at org.junit.runners.ParentRunner$2.evaluate(ParentRunner.java:229)
	at org.junit.internal.runners.statements.RunBefores.evaluate(RunBefores.java:26)
	at org.junit.internal.runners.statements.RunAfters.evaluate(RunAfters.java:27)
	at org.junit.runners.ParentRunner.run(ParentRunner.java:309)
	at org.apache.maven.surefire.junit4.JUnit4Provider.execute(JUnit4Provider.java:365)
	at org.apache.maven.surefire.junit4.JUnit4Provider.executeWithRerun(JUnit4Provider.java:273)
	at org.apache.maven.surefire.junit4.JUnit4Provider.executeTestSet(JUnit4Provider.java:238)
	at org.apache.maven.surefire.junit4.JUnit4Provider.invoke(JUnit4Provider.java:159)
	at org.apache.maven.surefire.booter.ForkedBooter.invokeProviderInSameClassLoader(ForkedBooter.java:384)
	at org.apache.maven.surefire.booter.ForkedBooter.runSuitesInProcess(ForkedBooter.java:345)
	at org.apache.maven.surefire.booter.ForkedBooter.execute(ForkedBooter.java:126)
	at org.apache.maven.surefire.booter.ForkedBooter.main(ForkedBooter.java:418)
</error>
    <system-out><![CDATA[2019-09-23 16:04:14,375 [main] WARN  server.ServerUtils (ServerUtils.java:getScmDbDir(145)) - ozone.scm.db.dirs is not configured. We recommend adding this setting. Falling back to ozone.metadata.dirs instead.
2019-09-23 16:04:14,718 [main] WARN  server.ServerUtils (ServerUtils.java:getScmDbDir(145)) - ozone.scm.db.dirs is not configured. We recommend adding this setting. Falling back to ozone.metadata.dirs instead.
2019-09-23 16:04:14,721 [main] WARN  server.ServerUtils (ServerUtils.java:getScmDbDir(145)) - ozone.scm.db.dirs is not configured. We recommend adding this setting. Falling back to ozone.metadata.dirs instead.
2019-09-23 16:04:14,742 [main] INFO  util.log (Log.java:initialized(192)) - Logging initialized @1107ms
2019-09-23 16:04:14,846 [main] INFO  db.DBStoreBuilder (DBStoreBuilder.java:addTable(110)) - using custom profile for table: deletedBlocks
2019-09-23 16:04:14,846 [main] INFO  db.DBStoreBuilder (DBStoreBuilder.java:processTables(161)) - Using default column profile:DBProfile.DISK for Table:deletedBlocks
2019-09-23 16:04:14,846 [main] INFO  db.DBStoreBuilder (DBStoreBuilder.java:addTable(110)) - using custom profile for table: validCerts
2019-09-23 16:04:14,847 [main] INFO  db.DBStoreBuilder (DBStoreBuilder.java:processTables(161)) - Using default column profile:DBProfile.DISK for Table:validCerts
2019-09-23 16:04:14,847 [main] INFO  db.DBStoreBuilder (DBStoreBuilder.java:addTable(110)) - using custom profile for table: revokedCerts
2019-09-23 16:04:14,847 [main] INFO  db.DBStoreBuilder (DBStoreBuilder.java:processTables(161)) - Using default column profile:DBProfile.DISK for Table:revokedCerts
2019-09-23 16:04:14,859 [main] INFO  db.DBStoreBuilder (DBStoreBuilder.java:addTable(110)) - using custom profile for table: default
2019-09-23 16:04:14,859 [main] INFO  db.DBStoreBuilder (DBStoreBuilder.java:processTables(167)) - Using default column profile:DBProfile.DISK for Table:default
2019-09-23 16:04:14,860 [main] INFO  db.DBStoreBuilder (DBStoreBuilder.java:getDbProfile(198)) - Using default options. DBProfile.DISK
2019-09-23 16:04:20,249 [main] INFO  net.NodeSchemaLoader (NodeSchemaLoader.java:loadSchemaFromFile(125)) - Loading file from sun.misc.CompoundEnumeration@54d9d12d
2019-09-23 16:04:20,251 [main] INFO  net.NodeSchemaLoader (NodeSchemaLoader.java:loadSchema(171)) - Loading network topology layer schema file
2019-09-23 16:04:20,329 [main] WARN  server.ServerUtils (ServerUtils.java:sanitizeUserArgs(70)) - ozone.scm.stale.node.interval value = 300000 is larger than max = 100000 based on the key value of ozone.scm.heartbeat.thread.interval, reset to the max value 100000.
2019-09-23 16:04:20,331 [main] WARN  server.ServerUtils (ServerUtils.java:sanitizeUserArgs(70)) - ozone.scm.stale.node.interval value = 300000 is larger than max = 100000 based on the key value of ozone.scm.heartbeat.thread.interval, reset to the max value 100000.
2019-09-23 16:04:20,334 [main] INFO  node.SCMNodeManager (SCMNodeManager.java:<init>(114)) - Entering startup safe mode.
2019-09-23 16:04:20,411 [main] INFO  algorithms.ContainerPlacementPolicyFactory (ContainerPlacementPolicyFactory.java:getPolicy(57)) - Create container placement policy of type org.apache.hadoop.hdds.scm.container.placement.algorithms.SCMContainerPlacementRandom
2019-09-23 16:04:20,427 [main] WARN  server.ServerUtils (ServerUtils.java:getScmDbDir(145)) - ozone.scm.db.dirs is not configured. We recommend adding this setting. Falling back to ozone.metadata.dirs instead.
2019-09-23 16:04:22,012 [main] INFO  pipeline.SCMPipelineManager (SCMPipelineManager.java:initializePipelineState(132)) - No pipeline exists in current db
2019-09-23 16:04:22,017 [main] WARN  server.ServerUtils (ServerUtils.java:getScmDbDir(145)) - ozone.scm.db.dirs is not configured. We recommend adding this setting. Falling back to ozone.metadata.dirs instead.
2019-09-23 16:04:23,582 [main] WARN  events.EventQueue (EventQueue.java:fireEvent(183)) - No event handler registered for event TypedEvent{payloadType=SafeModeStatus, name='SafeModeStatus'}
2019-09-23 16:04:23,949 [main] INFO  ipc.CallQueueManager (CallQueueManager.java:<init>(84)) - Using callQueue: class java.util.concurrent.LinkedBlockingQueue, queueCapacity: 2000, scheduler: class org.apache.hadoop.ipc.DefaultRpcScheduler, ipcBackoff: false.
2019-09-23 16:04:24,063 [Socket Reader #1 for port 39501] INFO  ipc.Server (Server.java:run(1074)) - Starting Socket Reader #1 for port 39501
2019-09-23 16:04:24,089 [main] INFO  ipc.CallQueueManager (CallQueueManager.java:<init>(84)) - Using callQueue: class java.util.concurrent.LinkedBlockingQueue, queueCapacity: 2000, scheduler: class org.apache.hadoop.ipc.DefaultRpcScheduler, ipcBackoff: false.
2019-09-23 16:04:24,090 [Socket Reader #1 for port 36573] INFO  ipc.Server (Server.java:run(1074)) - Starting Socket Reader #1 for port 36573
2019-09-23 16:04:24,099 [main] INFO  ipc.CallQueueManager (CallQueueManager.java:<init>(84)) - Using callQueue: class java.util.concurrent.LinkedBlockingQueue, queueCapacity: 2000, scheduler: class org.apache.hadoop.ipc.DefaultRpcScheduler, ipcBackoff: false.
2019-09-23 16:04:24,100 [Socket Reader #1 for port 37347] INFO  ipc.Server (Server.java:run(1074)) - Starting Socket Reader #1 for port 37347
2019-09-23 16:04:24,127 [main] INFO  hdfs.DFSUtil (DFSUtil.java:httpServerTemplateForNNAndJN(1641)) - Starting Web-server for scm at: http://0.0.0.0:0
2019-09-23 16:04:24,278 [main] INFO  server.AuthenticationFilter (AuthenticationFilter.java:constructSecretProvider(240)) - Unable to initialize FileSignerSecretProvider, falling back to use random secrets.
2019-09-23 16:04:24,287 [main] WARN  http.HttpRequestLog (HttpRequestLog.java:getRequestLog(97)) - Jetty request log can only be enabled using Log4j
2019-09-23 16:04:24,294 [main] INFO  http.HttpServer2 (HttpServer2.java:addGlobalFilter(975)) - Added global filter 'safety' (class=org.apache.hadoop.http.HttpServer2$QuotingInputFilter)
2019-09-23 16:04:24,297 [main] INFO  http.HttpServer2 (HttpServer2.java:addFilter(948)) - Added filter static_user_filter (class=org.apache.hadoop.http.lib.StaticUserWebFilter$StaticUserFilter) to context scm
2019-09-23 16:04:24,297 [main] INFO  http.HttpServer2 (HttpServer2.java:addFilter(958)) - Added filter static_user_filter (class=org.apache.hadoop.http.lib.StaticUserWebFilter$StaticUserFilter) to context logs
2019-09-23 16:04:24,297 [main] INFO  http.HttpServer2 (HttpServer2.java:addFilter(958)) - Added filter static_user_filter (class=org.apache.hadoop.http.lib.StaticUserWebFilter$StaticUserFilter) to context static
2019-09-23 16:04:24,327 [main] INFO  server.StorageContainerManager (StorageContainerManager.java:start(770)) - StorageContainerLocationProtocol RPC server is listening at /0.0.0.0:37347
2019-09-23 16:04:24,392 [main] WARN  impl.MetricsConfig (MetricsConfig.java:loadFirst(134)) - Cannot locate configuration: tried hadoop-metrics2-storagecontainermanager.properties,hadoop-metrics2.properties
2019-09-23 16:04:24,404 [main] INFO  impl.MetricsSystemImpl (MetricsSystemImpl.java:startTimer(374)) - Scheduled Metric snapshot period at 10 second(s).
2019-09-23 16:04:24,405 [main] INFO  impl.MetricsSystemImpl (MetricsSystemImpl.java:start(191)) - StorageContainerManager metrics system started
2019-09-23 16:04:24,629 [main] INFO  server.SCMClientProtocolServer (SCMClientProtocolServer.java:start(151)) - RPC server for Client  is listening at /0.0.0.0:37347
2019-09-23 16:04:24,629 [IPC Server listener on 37347] INFO  ipc.Server (Server.java:run(1153)) - IPC Server listener on 37347: starting
2019-09-23 16:04:24,630 [IPC Server Responder] INFO  ipc.Server (Server.java:run(1314)) - IPC Server Responder: starting
2019-09-23 16:04:24,633 [main] INFO  server.StorageContainerManager (StorageContainerManager.java:start(780)) - ScmBlockLocationProtocol RPC server is listening at /0.0.0.0:36573
2019-09-23 16:04:24,634 [main] INFO  server.SCMBlockProtocolServer (SCMBlockProtocolServer.java:start(146)) - RPC server for Block Protocol is listening at /0.0.0.0:36573
2019-09-23 16:04:24,635 [IPC Server Responder] INFO  ipc.Server (Server.java:run(1314)) - IPC Server Responder: starting
2019-09-23 16:04:24,635 [IPC Server listener on 36573] INFO  ipc.Server (Server.java:run(1153)) - IPC Server listener on 36573: starting
2019-09-23 16:04:24,638 [main] INFO  server.StorageContainerManager (StorageContainerManager.java:start(784)) - ScmDatanodeProtocl RPC server is listening at /0.0.0.0:39501
2019-09-23 16:04:24,638 [main] INFO  server.SCMDatanodeProtocolServer (SCMDatanodeProtocolServer.java:start(191)) - RPC server for DataNodes is listening at /0.0.0.0:39501
2019-09-23 16:04:24,638 [IPC Server Responder] INFO  ipc.Server (Server.java:run(1314)) - IPC Server Responder: starting
2019-09-23 16:04:24,638 [IPC Server listener on 39501] INFO  ipc.Server (Server.java:run(1153)) - IPC Server listener on 39501: starting
2019-09-23 16:04:24,644 [main] INFO  http.HttpServer2 (HttpServer2.java:bindListener(1191)) - Jetty bound to port 41958
2019-09-23 16:04:24,646 [main] INFO  server.Server (Server.java:doStart(351)) - jetty-9.3.25.v20180904, build timestamp: 2018-09-04T21:11:46Z, git hash: 3ce520221d0240229c862b122d2b06c12a625732
2019-09-23 16:04:24,689 [main] INFO  handler.ContextHandler (ContextHandler.java:doStart(781)) - Started o.e.j.s.ServletContextHandler@3d97a632{/logs,file:///workdir/hadoop-ozone/integration-test/target/log,AVAILABLE}
2019-09-23 16:04:24,691 [main] INFO  handler.ContextHandler (ContextHandler.java:doStart(781)) - Started o.e.j.s.ServletContextHandler@37efd131{/static,file:///workdir/hadoop-ozone/integration-test/target/test-classes/webapps/static,AVAILABLE}
2019-09-23 16:04:24,734 [main] INFO  handler.ContextHandler (ContextHandler.java:doStart(781)) - Started o.e.j.w.WebAppContext@245a26e1{/,file:///workdir/hadoop-ozone/integration-test/target/test-classes/webapps/scm/,AVAILABLE}{/scm}
2019-09-23 16:04:24,741 [main] INFO  server.AbstractConnector (AbstractConnector.java:doStart(278)) - Started ServerConnector@3d3f761a{HTTP/1.1,[http/1.1]}{0.0.0.0:41958}
2019-09-23 16:04:24,742 [main] INFO  server.Server (Server.java:doStart(419)) - Started @11107ms
2019-09-23 16:04:24,744 [main] INFO  impl.MetricsSinkAdapter (MetricsSinkAdapter.java:start(204)) - Sink prometheus started
2019-09-23 16:04:24,744 [main] INFO  impl.MetricsSystemImpl (MetricsSystemImpl.java:registerSink(301)) - Registered sink prometheus
2019-09-23 16:04:24,747 [main] INFO  server.BaseHttpServer (BaseHttpServer.java:updateConnectorAddress(215)) - HTTP server of SCM is listening at http://0.0.0.0:41958
2019-09-23 16:04:24,756 [org.apache.hadoop.util.JvmPauseMonitor$Monitor@5ef8df1e] INFO  util.JvmPauseMonitor (JvmPauseMonitor.java:run(188)) - Starting JVM pause monitor
2019-09-23 16:04:24,763 [main] WARN  server.ServerUtils (ServerUtils.java:getDBPath(222)) - ozone.om.db.dirs is not configured. We recommend adding this setting. Falling back to ozone.metadata.dirs instead.
2019-09-23 16:04:25,109 [main] WARN  server.ServerUtils (ServerUtils.java:getDBPath(222)) - ozone.om.db.dirs is not configured. We recommend adding this setting. Falling back to ozone.metadata.dirs instead.
2019-09-23 16:04:25,110 [main] WARN  server.ServerUtils (ServerUtils.java:getDBPath(222)) - ozone.om.db.dirs is not configured. We recommend adding this setting. Falling back to ozone.metadata.dirs instead.
2019-09-23 16:04:25,111 [main] INFO  om.OzoneManager (OzoneManager.java:setOMNodeDetails(652)) - OM Service ID is not set. Setting it to the default ID: omServiceIdDefault
2019-09-23 16:04:25,111 [main] INFO  om.OzoneManager (OzoneManager.java:setOMNodeDetails(658)) - OM Node ID is not set. Setting it to the OmStorage's OmID: 04d73343-7dfd-4f5a-8f3c-542c774824aa
2019-09-23 16:04:25,112 [main] INFO  om.OzoneManager (OzoneManager.java:loadOMHAConfigs(609)) - Found matching OM address with OMServiceId: null, OMNodeId: null, RPC Address: localhost:0 and Ratis port: 9872
2019-09-23 16:04:26,446 [SCM Heartbeat Processing Thread - 0] ERROR node.NodeStateManager (NodeStateManager.java:checkNodesHealth(626)) - Total time spend processing datanode HB's is greater than configured values for datanode heartbeats. Please adjust the heartbeat configs. Time Spend on HB processing: 0 seconds Datanode heartbeat Interval: 100 seconds.
2019-09-23 16:04:26,867 [main] WARN  server.ServerUtils (ServerUtils.java:getDBPath(222)) - ozone.om.db.dirs is not configured. We recommend adding this setting. Falling back to ozone.metadata.dirs instead.
2019-09-23 16:04:26,875 [main] INFO  db.DBStoreBuilder (DBStoreBuilder.java:addTable(110)) - using custom profile for table: userTable
2019-09-23 16:04:26,875 [main] INFO  db.DBStoreBuilder (DBStoreBuilder.java:processTables(161)) - Using default column profile:DBProfile.DISK for Table:userTable
2019-09-23 16:04:26,875 [main] INFO  db.DBStoreBuilder (DBStoreBuilder.java:addTable(110)) - using custom profile for table: volumeTable
2019-09-23 16:04:26,875 [main] INFO  db.DBStoreBuilder (DBStoreBuilder.java:processTables(161)) - Using default column profile:DBProfile.DISK for Table:volumeTable
2019-09-23 16:04:26,876 [main] INFO  db.DBStoreBuilder (DBStoreBuilder.java:addTable(110)) - using custom profile for table: bucketTable
2019-09-23 16:04:26,876 [main] INFO  db.DBStoreBuilder (DBStoreBuilder.java:processTables(161)) - Using default column profile:DBProfile.DISK for Table:bucketTable
2019-09-23 16:04:26,876 [main] INFO  db.DBStoreBuilder (DBStoreBuilder.java:addTable(110)) - using custom profile for table: keyTable
2019-09-23 16:04:26,876 [main] INFO  db.DBStoreBuilder (DBStoreBuilder.java:processTables(161)) - Using default column profile:DBProfile.DISK for Table:keyTable
2019-09-23 16:04:26,877 [main] INFO  db.DBStoreBuilder (DBStoreBuilder.java:addTable(110)) - using custom profile for table: deletedTable
2019-09-23 16:04:26,877 [main] INFO  db.DBStoreBuilder (DBStoreBuilder.java:processTables(161)) - Using default column profile:DBProfile.DISK for Table:deletedTable
2019-09-23 16:04:26,877 [main] INFO  db.DBStoreBuilder (DBStoreBuilder.java:addTable(110)) - using custom profile for table: openKeyTable
2019-09-23 16:04:26,877 [main] INFO  db.DBStoreBuilder (DBStoreBuilder.java:processTables(161)) - Using default column profile:DBProfile.DISK for Table:openKeyTable
2019-09-23 16:04:26,878 [main] INFO  db.DBStoreBuilder (DBStoreBuilder.java:addTable(110)) - using custom profile for table: s3Table
2019-09-23 16:04:26,878 [main] INFO  db.DBStoreBuilder (DBStoreBuilder.java:processTables(161)) - Using default column profile:DBProfile.DISK for Table:s3Table
2019-09-23 16:04:26,878 [main] INFO  db.DBStoreBuilder (DBStoreBuilder.java:addTable(110)) - using custom profile for table: multipartInfoTable
2019-09-23 16:04:26,878 [main] INFO  db.DBStoreBuilder (DBStoreBuilder.java:processTables(161)) - Using default column profile:DBProfile.DISK for Table:multipartInfoTable
2019-09-23 16:04:26,879 [main] INFO  db.DBStoreBuilder (DBStoreBuilder.java:addTable(110)) - using custom profile for table: dTokenTable
2019-09-23 16:04:26,879 [main] INFO  db.DBStoreBuilder (DBStoreBuilder.java:processTables(161)) - Using default column profile:DBProfile.DISK for Table:dTokenTable
2019-09-23 16:04:26,879 [main] INFO  db.DBStoreBuilder (DBStoreBuilder.java:addTable(110)) - using custom profile for table: s3SecretTable
2019-09-23 16:04:26,880 [main] INFO  db.DBStoreBuilder (DBStoreBuilder.java:processTables(161)) - Using default column profile:DBProfile.DISK for Table:s3SecretTable
2019-09-23 16:04:26,880 [main] INFO  db.DBStoreBuilder (DBStoreBuilder.java:addTable(110)) - using custom profile for table: prefixTable
2019-09-23 16:04:26,880 [main] INFO  db.DBStoreBuilder (DBStoreBuilder.java:processTables(161)) - Using default column profile:DBProfile.DISK for Table:prefixTable
2019-09-23 16:04:26,880 [main] INFO  db.DBStoreBuilder (DBStoreBuilder.java:addTable(110)) - using custom profile for table: default
2019-09-23 16:04:26,881 [main] INFO  db.DBStoreBuilder (DBStoreBuilder.java:processTables(167)) - Using default column profile:DBProfile.DISK for Table:default
2019-09-23 16:04:26,881 [main] INFO  db.DBStoreBuilder (DBStoreBuilder.java:getDbProfile(198)) - Using default options. DBProfile.DISK
2019-09-23 16:04:44,715 [main] INFO  ipc.CallQueueManager (CallQueueManager.java:<init>(84)) - Using callQueue: class java.util.concurrent.LinkedBlockingQueue, queueCapacity: 2000, scheduler: class org.apache.hadoop.ipc.DefaultRpcScheduler, ipcBackoff: false.
2019-09-23 16:04:44,716 [Socket Reader #1 for port 36584] INFO  ipc.Server (Server.java:run(1074)) - Starting Socket Reader #1 for port 36584
2019-09-23 16:04:44,736 [main] INFO  om.OzoneManager (OzoneManager.java:start(1243)) - OzoneManager RPC server is listening at localhost/127.0.0.1:36584
2019-09-23 16:04:44,736 [main] INFO  impl.MetricsSystemImpl (MetricsSystemImpl.java:init(158)) - OzoneManager metrics system started (again)
2019-09-23 16:04:44,737 [IPC Server Responder] INFO  ipc.Server (Server.java:run(1314)) - IPC Server Responder: starting
2019-09-23 16:04:44,737 [IPC Server listener on 36584] INFO  ipc.Server (Server.java:run(1153)) - IPC Server listener on 36584: starting
2019-09-23 16:04:44,742 [main] INFO  hdfs.DFSUtil (DFSUtil.java:httpServerTemplateForNNAndJN(1641)) - Starting Web-server for ozoneManager at: http://0.0.0.0:0
2019-09-23 16:04:44,744 [main] INFO  server.AuthenticationFilter (AuthenticationFilter.java:constructSecretProvider(240)) - Unable to initialize FileSignerSecretProvider, falling back to use random secrets.
2019-09-23 16:04:44,744 [main] WARN  http.HttpRequestLog (HttpRequestLog.java:getRequestLog(97)) - Jetty request log can only be enabled using Log4j
2019-09-23 16:04:44,746 [main] INFO  http.HttpServer2 (HttpServer2.java:addGlobalFilter(975)) - Added global filter 'safety' (class=org.apache.hadoop.http.HttpServer2$QuotingInputFilter)
2019-09-23 16:04:44,747 [main] INFO  http.HttpServer2 (HttpServer2.java:addFilter(948)) - Added filter static_user_filter (class=org.apache.hadoop.http.lib.StaticUserWebFilter$StaticUserFilter) to context ozoneManager
2019-09-23 16:04:44,747 [main] INFO  http.HttpServer2 (HttpServer2.java:addFilter(958)) - Added filter static_user_filter (class=org.apache.hadoop.http.lib.StaticUserWebFilter$StaticUserFilter) to context static
2019-09-23 16:04:44,748 [main] INFO  http.HttpServer2 (HttpServer2.java:addFilter(958)) - Added filter static_user_filter (class=org.apache.hadoop.http.lib.StaticUserWebFilter$StaticUserFilter) to context logs
2019-09-23 16:04:44,749 [main] INFO  http.HttpServer2 (HttpServer2.java:bindListener(1191)) - Jetty bound to port 44261
2019-09-23 16:04:44,750 [main] INFO  server.Server (Server.java:doStart(351)) - jetty-9.3.25.v20180904, build timestamp: 2018-09-04T21:11:46Z, git hash: 3ce520221d0240229c862b122d2b06c12a625732
2019-09-23 16:04:44,751 [main] INFO  handler.ContextHandler (ContextHandler.java:doStart(781)) - Started o.e.j.s.ServletContextHandler@383f1975{/logs,file:///workdir/hadoop-ozone/integration-test/target/log,AVAILABLE}
2019-09-23 16:04:44,752 [main] INFO  handler.ContextHandler (ContextHandler.java:doStart(781)) - Started o.e.j.s.ServletContextHandler@73a00e09{/static,file:///workdir/hadoop-ozone/integration-test/target/test-classes/webapps/static,AVAILABLE}
2019-09-23 16:04:44,756 [main] INFO  handler.ContextHandler (ContextHandler.java:doStart(781)) - Started o.e.j.w.WebAppContext@682bd3c4{/,file:///workdir/hadoop-ozone/integration-test/target/test-classes/webapps/ozoneManager/,AVAILABLE}{/ozoneManager}
2019-09-23 16:04:44,757 [main] INFO  server.AbstractConnector (AbstractConnector.java:doStart(278)) - Started ServerConnector@f2e4acf{HTTP/1.1,[http/1.1]}{0.0.0.0:44261}
2019-09-23 16:04:44,757 [main] INFO  server.Server (Server.java:doStart(419)) - Started @31123ms
2019-09-23 16:04:44,758 [main] WARN  impl.MetricsSystemImpl (MetricsSystemImpl.java:register(276)) - Sink prometheus already exists!
2019-09-23 16:04:44,758 [main] INFO  server.BaseHttpServer (BaseHttpServer.java:updateConnectorAddress(215)) - HTTP server of OZONEMANAGER is listening at http://0.0.0.0:44261
2019-09-23 16:04:45,073 [main] INFO  impl.MetricsSystemImpl (MetricsSystemImpl.java:init(158)) - HddsDatanode metrics system started (again)
2019-09-23 16:04:45,143 [main] INFO  ozone.HddsDatanodeService (HddsDatanodeService.java:start(184)) - HddsDatanodeService host:pr-hdds-2166-7skhj-3476174427 ip:192.168.34.17
2019-09-23 16:04:45,182 [main] INFO  volume.HddsVolume (HddsVolume.java:<init>(176)) - Creating Volume: /workdir/hadoop-ozone/integration-test/target/test-dir/MiniOzoneClusterImpl-a9b0fc7e-8a95-45d7-9b75-78fc37cdd298/datanode-0/data/containers/hdds of  storage type : DISK and capacity : 1482555576320
2019-09-23 16:04:45,184 [main] INFO  volume.VolumeSet (VolumeSet.java:initializeVolumeSet(170)) - Added Volume : /workdir/hadoop-ozone/integration-test/target/test-dir/MiniOzoneClusterImpl-a9b0fc7e-8a95-45d7-9b75-78fc37cdd298/datanode-0/data/containers/hdds to VolumeSet
2019-09-23 16:04:45,187 [main] INFO  volume.ThrottledAsyncChecker (ThrottledAsyncChecker.java:schedule(139)) - Scheduling a check for org.apache.hadoop.ozone.container.common.volume.HddsVolume@59496961
2019-09-23 16:04:45,204 [main] INFO  volume.HddsVolumeChecker (HddsVolumeChecker.java:checkAllVolumes(202)) - Scheduled health check for volume org.apache.hadoop.ozone.container.common.volume.HddsVolume@59496961
2019-09-23 16:04:45,347 [main] INFO  impl.RaftServerProxy (ConfUtils.java:logGet(43)) - raft.rpc.type = GRPC (default)
2019-09-23 16:04:45,424 [main] INFO  grpc.GrpcFactory (GrpcFactory.java:checkPooledByteBufAllocatorUseCacheForAllThreads(45)) - PERFORMANCE WARNING: useCacheForAllThreads is true that may cause Netty to create a lot garbage objects and, as a result, trigger GC.
	It is recommended to disable useCacheForAllThreads by setting -Dorg.apache.ratis.thirdparty.io.netty.allocator.useCacheForAllThreads=false in command line.
2019-09-23 16:04:45,429 [main] INFO  grpc.GrpcConfigKeys$Server (ConfUtils.java:logGet(43)) - raft.grpc.server.port = 0 (default)
2019-09-23 16:04:45,430 [main] INFO  server.GrpcService (ConfUtils.java:logGet(43)) - raft.grpc.message.size.max = 33570816 (custom)
2019-09-23 16:04:45,432 [main] INFO  server.RaftServerConfigKeys (ConfUtils.java:logGet(43)) - raft.server.log.appender.buffer.byte-limit = 33554432 (custom)
2019-09-23 16:04:45,432 [main] INFO  server.GrpcService (ConfUtils.java:logGet(43)) - raft.grpc.flow.control.window = 1MB (=1048576) (default)
2019-09-23 16:04:45,433 [main] INFO  server.RaftServerConfigKeys (ConfUtils.java:logGet(43)) - raft.server.rpc.request.timeout = 3000ms (default)
2019-09-23 16:04:45,603 [main] INFO  server.RaftServerConfigKeys (ConfUtils.java:logGet(43)) - raft.server.storage.dir = [/workdir/hadoop-ozone/integration-test/target/test-dir/MiniOzoneClusterImpl-a9b0fc7e-8a95-45d7-9b75-78fc37cdd298/datanode-0/data/ratis] (custom)
2019-09-23 16:04:45,655 [main] INFO  hdfs.DFSUtil (DFSUtil.java:httpServerTemplateForNNAndJN(1641)) - Starting Web-server for hddsDatanode at: http://0.0.0.0:0
2019-09-23 16:04:45,658 [main] INFO  server.AuthenticationFilter (AuthenticationFilter.java:constructSecretProvider(240)) - Unable to initialize FileSignerSecretProvider, falling back to use random secrets.
2019-09-23 16:04:45,659 [main] WARN  http.HttpRequestLog (HttpRequestLog.java:getRequestLog(97)) - Jetty request log can only be enabled using Log4j
2019-09-23 16:04:45,661 [main] INFO  http.HttpServer2 (HttpServer2.java:addGlobalFilter(975)) - Added global filter 'safety' (class=org.apache.hadoop.http.HttpServer2$QuotingInputFilter)
2019-09-23 16:04:45,661 [main] INFO  http.HttpServer2 (HttpServer2.java:addFilter(948)) - Added filter static_user_filter (class=org.apache.hadoop.http.lib.StaticUserWebFilter$StaticUserFilter) to context hddsDatanode
2019-09-23 16:04:45,662 [main] INFO  http.HttpServer2 (HttpServer2.java:addFilter(958)) - Added filter static_user_filter (class=org.apache.hadoop.http.lib.StaticUserWebFilter$StaticUserFilter) to context static
2019-09-23 16:04:45,662 [main] INFO  http.HttpServer2 (HttpServer2.java:addFilter(958)) - Added filter static_user_filter (class=org.apache.hadoop.http.lib.StaticUserWebFilter$StaticUserFilter) to context logs
2019-09-23 16:04:45,663 [main] INFO  http.HttpServer2 (HttpServer2.java:bindListener(1191)) - Jetty bound to port 41414
2019-09-23 16:04:45,663 [main] INFO  server.Server (Server.java:doStart(351)) - jetty-9.3.25.v20180904, build timestamp: 2018-09-04T21:11:46Z, git hash: 3ce520221d0240229c862b122d2b06c12a625732
2019-09-23 16:04:45,668 [main] INFO  handler.ContextHandler (ContextHandler.java:doStart(781)) - Started o.e.j.s.ServletContextHandler@102ecc22{/logs,file:///workdir/hadoop-ozone/integration-test/target/log,AVAILABLE}
2019-09-23 16:04:45,668 [main] INFO  handler.ContextHandler (ContextHandler.java:doStart(781)) - Started o.e.j.s.ServletContextHandler@26dc9bd5{/static,jar:file:/home/user/.m2/repository/org/apache/hadoop/hadoop-hdds-container-service/0.5.0-SNAPSHOT/hadoop-hdds-container-service-0.5.0-SNAPSHOT.jar!/webapps/static,AVAILABLE}
2019-09-23 16:04:48,193 [main] INFO  handler.ContextHandler (ContextHandler.java:doStart(781)) - Started o.e.j.w.WebAppContext@5b852b49{/,file:///tmp/jetty-0.0.0.0-41414-hddsDatanode-_-any-1117745838195201939.dir/webapp/,AVAILABLE}{/hddsDatanode}
2019-09-23 16:04:48,194 [main] INFO  server.AbstractConnector (AbstractConnector.java:doStart(278)) - Started ServerConnector@cdb2d95{HTTP/1.1,[http/1.1]}{0.0.0.0:41414}
2019-09-23 16:04:48,194 [main] INFO  server.Server (Server.java:doStart(419)) - Started @34560ms
2019-09-23 16:04:48,195 [main] WARN  impl.MetricsSystemImpl (MetricsSystemImpl.java:register(276)) - Sink prometheus already exists!
2019-09-23 16:04:48,196 [main] INFO  server.BaseHttpServer (BaseHttpServer.java:updateConnectorAddress(215)) - HTTP server of HDDSDATANODE is listening at http://0.0.0.0:41414
2019-09-23 16:04:48,198 [main] INFO  impl.MetricsSystemImpl (MetricsSystemImpl.java:init(158)) - HddsDatanode metrics system started (again)
2019-09-23 16:04:48,202 [main] INFO  ozone.HddsDatanodeService (HddsDatanodeService.java:start(184)) - HddsDatanodeService host:pr-hdds-2166-7skhj-3476174427 ip:192.168.34.17
2019-09-23 16:04:48,204 [org.apache.hadoop.util.JvmPauseMonitor$Monitor@22a408f5] INFO  util.JvmPauseMonitor (JvmPauseMonitor.java:run(188)) - Starting JVM pause monitor
2019-09-23 16:04:48,215 [main] INFO  volume.HddsVolume (HddsVolume.java:<init>(176)) - Creating Volume: /workdir/hadoop-ozone/integration-test/target/test-dir/MiniOzoneClusterImpl-a9b0fc7e-8a95-45d7-9b75-78fc37cdd298/datanode-1/data/containers/hdds of  storage type : DISK and capacity : 1482555576320
2019-09-23 16:04:48,215 [main] INFO  volume.VolumeSet (VolumeSet.java:initializeVolumeSet(170)) - Added Volume : /workdir/hadoop-ozone/integration-test/target/test-dir/MiniOzoneClusterImpl-a9b0fc7e-8a95-45d7-9b75-78fc37cdd298/datanode-1/data/containers/hdds to VolumeSet
2019-09-23 16:04:48,215 [main] INFO  volume.ThrottledAsyncChecker (ThrottledAsyncChecker.java:schedule(139)) - Scheduling a check for org.apache.hadoop.ozone.container.common.volume.HddsVolume@46963479
2019-09-23 16:04:48,216 [main] INFO  volume.HddsVolumeChecker (HddsVolumeChecker.java:checkAllVolumes(202)) - Scheduled health check for volume org.apache.hadoop.ozone.container.common.volume.HddsVolume@46963479
2019-09-23 16:04:48,241 [main] INFO  impl.RaftServerProxy (ConfUtils.java:logGet(43)) - raft.rpc.type = GRPC (default)
2019-09-23 16:04:48,241 [main] INFO  grpc.GrpcFactory (GrpcFactory.java:checkPooledByteBufAllocatorUseCacheForAllThreads(45)) - PERFORMANCE WARNING: useCacheForAllThreads is true that may cause Netty to create a lot garbage objects and, as a result, trigger GC.
	It is recommended to disable useCacheForAllThreads by setting -Dorg.apache.ratis.thirdparty.io.netty.allocator.useCacheForAllThreads=false in command line.
2019-09-23 16:04:48,242 [main] INFO  grpc.GrpcConfigKeys$Server (ConfUtils.java:logGet(43)) - raft.grpc.server.port = 0 (default)
2019-09-23 16:04:48,242 [main] INFO  server.GrpcService (ConfUtils.java:logGet(43)) - raft.grpc.message.size.max = 33570816 (custom)
2019-09-23 16:04:48,242 [main] INFO  server.RaftServerConfigKeys (ConfUtils.java:logGet(43)) - raft.server.log.appender.buffer.byte-limit = 33554432 (custom)
2019-09-23 16:04:48,243 [main] INFO  server.GrpcService (ConfUtils.java:logGet(43)) - raft.grpc.flow.control.window = 1MB (=1048576) (default)
2019-09-23 16:04:48,243 [main] INFO  server.RaftServerConfigKeys (ConfUtils.java:logGet(43)) - raft.server.rpc.request.timeout = 3000ms (default)
2019-09-23 16:04:48,244 [main] INFO  server.RaftServerConfigKeys (ConfUtils.java:logGet(43)) - raft.server.storage.dir = [/workdir/hadoop-ozone/integration-test/target/test-dir/MiniOzoneClusterImpl-a9b0fc7e-8a95-45d7-9b75-78fc37cdd298/datanode-1/data/ratis] (custom)
2019-09-23 16:04:48,246 [main] INFO  hdfs.DFSUtil (DFSUtil.java:httpServerTemplateForNNAndJN(1641)) - Starting Web-server for hddsDatanode at: http://0.0.0.0:0
2019-09-23 16:04:48,249 [main] INFO  server.AuthenticationFilter (AuthenticationFilter.java:constructSecretProvider(240)) - Unable to initialize FileSignerSecretProvider, falling back to use random secrets.
2019-09-23 16:04:48,250 [main] WARN  http.HttpRequestLog (HttpRequestLog.java:getRequestLog(97)) - Jetty request log can only be enabled using Log4j
2019-09-23 16:04:48,253 [main] INFO  http.HttpServer2 (HttpServer2.java:addGlobalFilter(975)) - Added global filter 'safety' (class=org.apache.hadoop.http.HttpServer2$QuotingInputFilter)
2019-09-23 16:04:48,254 [main] INFO  http.HttpServer2 (HttpServer2.java:addFilter(948)) - Added filter static_user_filter (class=org.apache.hadoop.http.lib.StaticUserWebFilter$StaticUserFilter) to context hddsDatanode
2019-09-23 16:04:48,254 [main] INFO  http.HttpServer2 (HttpServer2.java:addFilter(958)) - Added filter static_user_filter (class=org.apache.hadoop.http.lib.StaticUserWebFilter$StaticUserFilter) to context static
2019-09-23 16:04:48,254 [main] INFO  http.HttpServer2 (HttpServer2.java:addFilter(958)) - Added filter static_user_filter (class=org.apache.hadoop.http.lib.StaticUserWebFilter$StaticUserFilter) to context logs
2019-09-23 16:04:48,255 [main] INFO  http.HttpServer2 (HttpServer2.java:bindListener(1191)) - Jetty bound to port 36613
2019-09-23 16:04:48,256 [main] INFO  server.Server (Server.java:doStart(351)) - jetty-9.3.25.v20180904, build timestamp: 2018-09-04T21:11:46Z, git hash: 3ce520221d0240229c862b122d2b06c12a625732
2019-09-23 16:04:48,258 [main] INFO  handler.ContextHandler (ContextHandler.java:doStart(781)) - Started o.e.j.s.ServletContextHandler@620c8641{/logs,file:///workdir/hadoop-ozone/integration-test/target/log,AVAILABLE}
2019-09-23 16:04:48,259 [main] INFO  handler.ContextHandler (ContextHandler.java:doStart(781)) - Started o.e.j.s.ServletContextHandler@5460b754{/static,jar:file:/home/user/.m2/repository/org/apache/hadoop/hadoop-hdds-container-service/0.5.0-SNAPSHOT/hadoop-hdds-container-service-0.5.0-SNAPSHOT.jar!/webapps/static,AVAILABLE}
2019-09-23 16:04:48,300 [main] INFO  handler.ContextHandler (ContextHandler.java:doStart(781)) - Started o.e.j.w.WebAppContext@58472096{/,file:///tmp/jetty-0.0.0.0-36613-hddsDatanode-_-any-8700550437551620210.dir/webapp/,AVAILABLE}{/hddsDatanode}
2019-09-23 16:04:48,302 [main] INFO  server.AbstractConnector (AbstractConnector.java:doStart(278)) - Started ServerConnector@a92be4f{HTTP/1.1,[http/1.1]}{0.0.0.0:36613}
2019-09-23 16:04:48,302 [main] INFO  server.Server (Server.java:doStart(419)) - Started @34667ms
2019-09-23 16:04:48,302 [main] WARN  impl.MetricsSystemImpl (MetricsSystemImpl.java:register(276)) - Sink prometheus already exists!
2019-09-23 16:04:48,303 [main] INFO  server.BaseHttpServer (BaseHttpServer.java:updateConnectorAddress(215)) - HTTP server of HDDSDATANODE is listening at http://0.0.0.0:36613
2019-09-23 16:04:48,304 [main] INFO  impl.MetricsSystemImpl (MetricsSystemImpl.java:init(158)) - HddsDatanode metrics system started (again)
2019-09-23 16:04:48,306 [org.apache.hadoop.util.JvmPauseMonitor$Monitor@5b48d7fc] INFO  util.JvmPauseMonitor (JvmPauseMonitor.java:run(188)) - Starting JVM pause monitor
2019-09-23 16:04:48,307 [main] INFO  ozone.HddsDatanodeService (HddsDatanodeService.java:start(184)) - HddsDatanodeService host:pr-hdds-2166-7skhj-3476174427 ip:192.168.34.17
2019-09-23 16:04:48,313 [main] INFO  volume.HddsVolume (HddsVolume.java:<init>(176)) - Creating Volume: /workdir/hadoop-ozone/integration-test/target/test-dir/MiniOzoneClusterImpl-a9b0fc7e-8a95-45d7-9b75-78fc37cdd298/datanode-2/data/containers/hdds of  storage type : DISK and capacity : 1482555576320
2019-09-23 16:04:48,314 [main] INFO  volume.VolumeSet (VolumeSet.java:initializeVolumeSet(170)) - Added Volume : /workdir/hadoop-ozone/integration-test/target/test-dir/MiniOzoneClusterImpl-a9b0fc7e-8a95-45d7-9b75-78fc37cdd298/datanode-2/data/containers/hdds to VolumeSet
2019-09-23 16:04:48,314 [main] INFO  volume.ThrottledAsyncChecker (ThrottledAsyncChecker.java:schedule(139)) - Scheduling a check for org.apache.hadoop.ozone.container.common.volume.HddsVolume@611a990b
2019-09-23 16:04:48,315 [main] INFO  volume.HddsVolumeChecker (HddsVolumeChecker.java:checkAllVolumes(202)) - Scheduled health check for volume org.apache.hadoop.ozone.container.common.volume.HddsVolume@611a990b
2019-09-23 16:04:48,331 [main] INFO  impl.RaftServerProxy (ConfUtils.java:logGet(43)) - raft.rpc.type = GRPC (default)
2019-09-23 16:04:48,331 [main] INFO  grpc.GrpcFactory (GrpcFactory.java:checkPooledByteBufAllocatorUseCacheForAllThreads(45)) - PERFORMANCE WARNING: useCacheForAllThreads is true that may cause Netty to create a lot garbage objects and, as a result, trigger GC.
	It is recommended to disable useCacheForAllThreads by setting -Dorg.apache.ratis.thirdparty.io.netty.allocator.useCacheForAllThreads=false in command line.
2019-09-23 16:04:48,332 [main] INFO  grpc.GrpcConfigKeys$Server (ConfUtils.java:logGet(43)) - raft.grpc.server.port = 0 (default)
2019-09-23 16:04:48,332 [main] INFO  server.GrpcService (ConfUtils.java:logGet(43)) - raft.grpc.message.size.max = 33570816 (custom)
2019-09-23 16:04:48,332 [main] INFO  server.RaftServerConfigKeys (ConfUtils.java:logGet(43)) - raft.server.log.appender.buffer.byte-limit = 33554432 (custom)
2019-09-23 16:04:48,332 [main] INFO  server.GrpcService (ConfUtils.java:logGet(43)) - raft.grpc.flow.control.window = 1MB (=1048576) (default)
2019-09-23 16:04:48,333 [main] INFO  server.RaftServerConfigKeys (ConfUtils.java:logGet(43)) - raft.server.rpc.request.timeout = 3000ms (default)
2019-09-23 16:04:48,333 [main] INFO  server.RaftServerConfigKeys (ConfUtils.java:logGet(43)) - raft.server.storage.dir = [/workdir/hadoop-ozone/integration-test/target/test-dir/MiniOzoneClusterImpl-a9b0fc7e-8a95-45d7-9b75-78fc37cdd298/datanode-2/data/ratis] (custom)
2019-09-23 16:04:48,336 [main] INFO  hdfs.DFSUtil (DFSUtil.java:httpServerTemplateForNNAndJN(1641)) - Starting Web-server for hddsDatanode at: http://0.0.0.0:0
2019-09-23 16:04:48,338 [main] INFO  server.AuthenticationFilter (AuthenticationFilter.java:constructSecretProvider(240)) - Unable to initialize FileSignerSecretProvider, falling back to use random secrets.
2019-09-23 16:04:48,338 [main] WARN  http.HttpRequestLog (HttpRequestLog.java:getRequestLog(97)) - Jetty request log can only be enabled using Log4j
2019-09-23 16:04:48,340 [main] INFO  http.HttpServer2 (HttpServer2.java:addGlobalFilter(975)) - Added global filter 'safety' (class=org.apache.hadoop.http.HttpServer2$QuotingInputFilter)
2019-09-23 16:04:48,341 [main] INFO  http.HttpServer2 (HttpServer2.java:addFilter(948)) - Added filter static_user_filter (class=org.apache.hadoop.http.lib.StaticUserWebFilter$StaticUserFilter) to context hddsDatanode
2019-09-23 16:04:48,342 [main] INFO  http.HttpServer2 (HttpServer2.java:addFilter(958)) - Added filter static_user_filter (class=org.apache.hadoop.http.lib.StaticUserWebFilter$StaticUserFilter) to context logs
2019-09-23 16:04:48,342 [main] INFO  http.HttpServer2 (HttpServer2.java:addFilter(958)) - Added filter static_user_filter (class=org.apache.hadoop.http.lib.StaticUserWebFilter$StaticUserFilter) to context static
2019-09-23 16:04:48,343 [main] INFO  http.HttpServer2 (HttpServer2.java:bindListener(1191)) - Jetty bound to port 40583
2019-09-23 16:04:48,343 [main] INFO  server.Server (Server.java:doStart(351)) - jetty-9.3.25.v20180904, build timestamp: 2018-09-04T21:11:46Z, git hash: 3ce520221d0240229c862b122d2b06c12a625732
2019-09-23 16:04:48,347 [main] INFO  handler.ContextHandler (ContextHandler.java:doStart(781)) - Started o.e.j.s.ServletContextHandler@5624657a{/logs,file:///workdir/hadoop-ozone/integration-test/target/log,AVAILABLE}
2019-09-23 16:04:48,347 [main] INFO  handler.ContextHandler (ContextHandler.java:doStart(781)) - Started o.e.j.s.ServletContextHandler@4d21c56e{/static,jar:file:/home/user/.m2/repository/org/apache/hadoop/hadoop-hdds-container-service/0.5.0-SNAPSHOT/hadoop-hdds-container-service-0.5.0-SNAPSHOT.jar!/webapps/static,AVAILABLE}
2019-09-23 16:04:48,348 [Datanode State Machine Thread - 0] INFO  datanode.InitDatanodeState (InitDatanodeState.java:persistContainerDatanodeDetails(140)) - DatanodeDetails is persisted to /workdir/hadoop-ozone/integration-test/target/test-dir/MiniOzoneClusterImpl-a9b0fc7e-8a95-45d7-9b75-78fc37cdd298/datanode-0/meta/datanode.id
2019-09-23 16:04:48,352 [Datanode State Machine Thread - 0] INFO  datanode.InitDatanodeState (InitDatanodeState.java:persistContainerDatanodeDetails(140)) - DatanodeDetails is persisted to /workdir/hadoop-ozone/integration-test/target/test-dir/MiniOzoneClusterImpl-a9b0fc7e-8a95-45d7-9b75-78fc37cdd298/datanode-1/meta/datanode.id
2019-09-23 16:04:48,396 [main] INFO  handler.ContextHandler (ContextHandler.java:doStart(781)) - Started o.e.j.w.WebAppContext@4a163575{/,file:///tmp/jetty-0.0.0.0-40583-hddsDatanode-_-any-7568585285189375041.dir/webapp/,AVAILABLE}{/hddsDatanode}
2019-09-23 16:04:48,397 [main] INFO  server.AbstractConnector (AbstractConnector.java:doStart(278)) - Started ServerConnector@7e642b88{HTTP/1.1,[http/1.1]}{0.0.0.0:40583}
2019-09-23 16:04:48,398 [main] INFO  server.Server (Server.java:doStart(419)) - Started @34763ms
2019-09-23 16:04:48,398 [main] WARN  impl.MetricsSystemImpl (MetricsSystemImpl.java:register(276)) - Sink prometheus already exists!
2019-09-23 16:04:48,399 [main] INFO  server.BaseHttpServer (BaseHttpServer.java:updateConnectorAddress(215)) - HTTP server of HDDSDATANODE is listening at http://0.0.0.0:40583
2019-09-23 16:04:48,401 [main] INFO  ozone.MiniOzoneClusterImpl (MiniOzoneClusterImpl.java:lambda$waitForClusterToBeReady$0(147)) - Waiting for cluster to be ready. Got 0 of 3 DN Heartbeats.
2019-09-23 16:04:48,401 [org.apache.hadoop.util.JvmPauseMonitor$Monitor@3e2b2c0d] INFO  util.JvmPauseMonitor (JvmPauseMonitor.java:run(188)) - Starting JVM pause monitor
2019-09-23 16:04:48,403 [Datanode State Machine Thread - 0] INFO  datanode.InitDatanodeState (InitDatanodeState.java:persistContainerDatanodeDetails(140)) - DatanodeDetails is persisted to /workdir/hadoop-ozone/integration-test/target/test-dir/MiniOzoneClusterImpl-a9b0fc7e-8a95-45d7-9b75-78fc37cdd298/datanode-2/meta/datanode.id
2019-09-23 16:04:49,402 [main] INFO  ozone.MiniOzoneClusterImpl (MiniOzoneClusterImpl.java:lambda$waitForClusterToBeReady$0(147)) - Waiting for cluster to be ready. Got 0 of 3 DN Heartbeats.
2019-09-23 16:04:50,403 [main] INFO  ozone.MiniOzoneClusterImpl (MiniOzoneClusterImpl.java:lambda$waitForClusterToBeReady$0(147)) - Waiting for cluster to be ready. Got 0 of 3 DN Heartbeats.
2019-09-23 16:04:50,735 [Datanode State Machine Thread - 0] INFO  ozoneimpl.OzoneContainer (OzoneContainer.java:start(217)) - Attempting to start container services.
2019-09-23 16:04:50,739 [Datanode State Machine Thread - 0] INFO  ozoneimpl.OzoneContainer (OzoneContainer.java:startContainerScrub(179)) - Background container scanner has been disabled.
2019-09-23 16:04:50,739 [Datanode State Machine Thread - 0] INFO  ratis.XceiverServerRatis (XceiverServerRatis.java:start(411)) - Starting XceiverServerRatis 997f61cf-2db1-4774-b3a4-04f019f0a728 at port 0
2019-09-23 16:04:50,762 [Datanode State Machine Thread - 0] INFO  impl.RaftServerProxy (RaftServerProxy.java:lambda$start$3(299)) - 997f61cf-2db1-4774-b3a4-04f019f0a728: start RPC server
2019-09-23 16:04:50,870 [Datanode State Machine Thread - 0] INFO  ozoneimpl.OzoneContainer (OzoneContainer.java:start(217)) - Attempting to start container services.
2019-09-23 16:04:50,870 [Datanode State Machine Thread - 0] INFO  ozoneimpl.OzoneContainer (OzoneContainer.java:start(217)) - Attempting to start container services.
2019-09-23 16:04:50,878 [Datanode State Machine Thread - 0] INFO  ozoneimpl.OzoneContainer (OzoneContainer.java:startContainerScrub(179)) - Background container scanner has been disabled.
2019-09-23 16:04:50,878 [Datanode State Machine Thread - 0] INFO  ozoneimpl.OzoneContainer (OzoneContainer.java:startContainerScrub(179)) - Background container scanner has been disabled.
2019-09-23 16:04:50,879 [Datanode State Machine Thread - 0] INFO  ratis.XceiverServerRatis (XceiverServerRatis.java:start(411)) - Starting XceiverServerRatis e8629b27-0698-411f-a75e-412d9312397f at port 0
2019-09-23 16:04:50,879 [Datanode State Machine Thread - 0] INFO  ratis.XceiverServerRatis (XceiverServerRatis.java:start(411)) - Starting XceiverServerRatis 1c3c41c6-64c5-4fba-b581-d89a673ed8eb at port 0
2019-09-23 16:04:50,895 [Datanode State Machine Thread - 0] INFO  impl.RaftServerProxy (RaftServerProxy.java:lambda$start$3(299)) - 1c3c41c6-64c5-4fba-b581-d89a673ed8eb: start RPC server
2019-09-23 16:04:50,895 [Datanode State Machine Thread - 0] INFO  impl.RaftServerProxy (RaftServerProxy.java:lambda$start$3(299)) - e8629b27-0698-411f-a75e-412d9312397f: start RPC server
2019-09-23 16:04:50,906 [Datanode State Machine Thread - 0] INFO  server.GrpcService (GrpcService.java:startImpl(158)) - 1c3c41c6-64c5-4fba-b581-d89a673ed8eb: GrpcService started, listening on 0.0.0.0/0.0.0.0:45910
2019-09-23 16:04:50,906 [Datanode State Machine Thread - 0] INFO  server.GrpcService (GrpcService.java:startImpl(158)) - e8629b27-0698-411f-a75e-412d9312397f: GrpcService started, listening on 0.0.0.0/0.0.0.0:42826
2019-09-23 16:04:50,907 [Datanode State Machine Thread - 0] INFO  ratis.XceiverServerRatis (XceiverServerRatis.java:start(421)) - XceiverServerRatis 1c3c41c6-64c5-4fba-b581-d89a673ed8eb is started using port 45910
2019-09-23 16:04:50,906 [Datanode State Machine Thread - 0] INFO  server.GrpcService (GrpcService.java:startImpl(158)) - 997f61cf-2db1-4774-b3a4-04f019f0a728: GrpcService started, listening on 0.0.0.0/0.0.0.0:46008
2019-09-23 16:04:50,908 [Datanode State Machine Thread - 0] INFO  ratis.XceiverServerRatis (XceiverServerRatis.java:start(421)) - XceiverServerRatis e8629b27-0698-411f-a75e-412d9312397f is started using port 42826
2019-09-23 16:04:50,908 [Datanode State Machine Thread - 0] INFO  ratis.XceiverServerRatis (XceiverServerRatis.java:start(421)) - XceiverServerRatis 997f61cf-2db1-4774-b3a4-04f019f0a728 is started using port 46008
2019-09-23 16:04:50,912 [Datanode State Machine Thread - 0] INFO  server.XceiverServerGrpc (XceiverServerGrpc.java:start(149)) - XceiverServerGrpc 997f61cf-2db1-4774-b3a4-04f019f0a728 is started using port 41254
2019-09-23 16:04:50,912 [Datanode State Machine Thread - 0] INFO  server.XceiverServerGrpc (XceiverServerGrpc.java:start(149)) - XceiverServerGrpc 1c3c41c6-64c5-4fba-b581-d89a673ed8eb is started using port 38421
2019-09-23 16:04:50,912 [Datanode State Machine Thread - 0] INFO  server.XceiverServerGrpc (XceiverServerGrpc.java:start(149)) - XceiverServerGrpc e8629b27-0698-411f-a75e-412d9312397f is started using port 33446
2019-09-23 16:04:51,403 [main] INFO  ozone.MiniOzoneClusterImpl (MiniOzoneClusterImpl.java:lambda$waitForClusterToBeReady$0(147)) - Waiting for cluster to be ready. Got 0 of 3 DN Heartbeats.
2019-09-23 16:04:52,235 [IPC Server handler 9 on 39501] INFO  net.NetworkTopology (NetworkTopologyImpl.java:add(111)) - Added a new node: /default-rack/997f61cf-2db1-4774-b3a4-04f019f0a728
2019-09-23 16:04:52,237 [IPC Server handler 9 on 39501] INFO  node.SCMNodeManager (SCMNodeManager.java:register(266)) - Registered Data node : 997f61cf-2db1-4774-b3a4-04f019f0a728{ip: 192.168.34.17, host: pr-hdds-2166-7skhj-3476174427, networkLocation: /default-rack, certSerialId: null}
2019-09-23 16:04:52,241 [EventQueue-NodeRegistrationContainerReportForDataNodeSafeModeRule] INFO  safemode.SCMSafeModeManager (DataNodeSafeModeRule.java:process(71)) - SCM in safe mode. 1 DataNodes registered, 1 required.
2019-09-23 16:04:52,243 [EventQueue-NodeRegistrationContainerReportForDataNodeSafeModeRule] INFO  safemode.SCMSafeModeManager (SCMSafeModeManager.java:validateSafeModeExitRules(177)) - ScmSafeModeManager, all rules are successfully validated
2019-09-23 16:04:52,243 [EventQueue-NodeRegistrationContainerReportForDataNodeSafeModeRule] INFO  safemode.SCMSafeModeManager (SCMSafeModeManager.java:exitSafeMode(193)) - SCM exiting safe mode.
2019-09-23 16:04:52,309 [IPC Server handler 8 on 39501] INFO  net.NetworkTopology (NetworkTopologyImpl.java:add(111)) - Added a new node: /default-rack/1c3c41c6-64c5-4fba-b581-d89a673ed8eb
2019-09-23 16:04:52,310 [IPC Server handler 8 on 39501] INFO  node.SCMNodeManager (SCMNodeManager.java:register(266)) - Registered Data node : 1c3c41c6-64c5-4fba-b581-d89a673ed8eb{ip: 192.168.34.17, host: pr-hdds-2166-7skhj-3476174427, networkLocation: /default-rack, certSerialId: null}
2019-09-23 16:04:52,404 [main] INFO  ozone.MiniOzoneClusterImpl (MiniOzoneClusterImpl.java:lambda$waitForClusterToBeReady$0(147)) - Waiting for cluster to be ready. Got 2 of 3 DN Heartbeats.
2019-09-23 16:04:52,405 [IPC Server handler 3 on 39501] INFO  net.NetworkTopology (NetworkTopologyImpl.java:add(111)) - Added a new node: /default-rack/e8629b27-0698-411f-a75e-412d9312397f
2019-09-23 16:04:52,406 [IPC Server handler 3 on 39501] INFO  node.SCMNodeManager (SCMNodeManager.java:register(266)) - Registered Data node : e8629b27-0698-411f-a75e-412d9312397f{ip: 192.168.34.17, host: pr-hdds-2166-7skhj-3476174427, networkLocation: /default-rack, certSerialId: null}
2019-09-23 16:04:52,711 [grpc-default-executor-0] INFO  impl.RaftServerProxy (RaftServerProxy.java:addNew(89)) - 997f61cf-2db1-4774-b3a4-04f019f0a728: addNew group-CBD84B1A85B8:[997f61cf-2db1-4774-b3a4-04f019f0a728:192.168.34.17:46008] returns group-CBD84B1A85B8:java.util.concurrent.CompletableFuture@6be1c3c9[Not completed]
2019-09-23 16:04:52,724 [pool-27-thread-1] INFO  impl.RaftServerImpl (RaftServerImpl.java:<init>(95)) - 997f61cf-2db1-4774-b3a4-04f019f0a728: new RaftServerImpl for group-CBD84B1A85B8:[997f61cf-2db1-4774-b3a4-04f019f0a728:192.168.34.17:46008] with ContainerStateMachine:uninitialized
2019-09-23 16:04:52,726 [pool-27-thread-1] INFO  server.RaftServerConfigKeys (ConfUtils.java:logGet(43)) - raft.server.rpc.timeout.min = 5s (custom)
2019-09-23 16:04:52,727 [pool-27-thread-1] INFO  server.RaftServerConfigKeys (ConfUtils.java:logGet(43)) - raft.server.rpc.timeout.max = 5200ms (custom)
2019-09-23 16:04:52,727 [pool-27-thread-1] INFO  server.RaftServerConfigKeys (ConfUtils.java:logGet(43)) - raft.server.rpcslowness.timeout = 120s (custom)
2019-09-23 16:04:52,728 [pool-27-thread-1] INFO  server.RaftServerConfigKeys (ConfUtils.java:logGet(43)) - raft.server.sleep.deviation.threshold = 300 (default)
2019-09-23 16:04:52,729 [pool-27-thread-1] INFO  server.RaftServerConfigKeys (ConfUtils.java:logGet(43)) - raft.server.log.appender.install.snapshot.enabled = false (custom)
2019-09-23 16:04:52,736 [pool-27-thread-1] INFO  impl.RaftServerImpl (ServerState.java:<init>(103)) - 997f61cf-2db1-4774-b3a4-04f019f0a728@group-CBD84B1A85B8: ConfigurationManager, init=-1: [997f61cf-2db1-4774-b3a4-04f019f0a728:192.168.34.17:46008], old=null, confs=<EMPTY_MAP>
2019-09-23 16:04:52,737 [pool-27-thread-1] INFO  server.RaftServerConfigKeys (ConfUtils.java:logGet(43)) - raft.server.storage.dir = [/workdir/hadoop-ozone/integration-test/target/test-dir/MiniOzoneClusterImpl-a9b0fc7e-8a95-45d7-9b75-78fc37cdd298/datanode-0/data/ratis] (custom)
2019-09-23 16:04:52,743 [pool-27-thread-1] INFO  storage.RaftStorageDirectory (RaftStorageDirectory.java:analyzeStorage(246)) - The storage directory /workdir/hadoop-ozone/integration-test/target/test-dir/MiniOzoneClusterImpl-a9b0fc7e-8a95-45d7-9b75-78fc37cdd298/datanode-0/data/ratis/0cd33a08-3576-4bea-8e0c-cbd84b1a85b8 does not exist. Creating ...
2019-09-23 16:04:52,878 [pool-27-thread-1] INFO  storage.RaftStorageDirectory (RaftStorageDirectory.java:tryLock(328)) - Lock on /workdir/hadoop-ozone/integration-test/target/test-dir/MiniOzoneClusterImpl-a9b0fc7e-8a95-45d7-9b75-78fc37cdd298/datanode-0/data/ratis/0cd33a08-3576-4bea-8e0c-cbd84b1a85b8/in_use.lock acquired by nodename 27614@pr-hdds-2166-7skhj-3476174427
2019-09-23 16:04:52,916 [pool-27-thread-1] INFO  storage.RaftStorage (RaftStorage.java:format(72)) - Storage directory /workdir/hadoop-ozone/integration-test/target/test-dir/MiniOzoneClusterImpl-a9b0fc7e-8a95-45d7-9b75-78fc37cdd298/datanode-0/data/ratis/0cd33a08-3576-4bea-8e0c-cbd84b1a85b8 has been successfully formatted.
2019-09-23 16:04:52,918 [pool-27-thread-1] INFO  ratis.ContainerStateMachine (ContainerStateMachine.java:loadSnapshot(230)) - group-CBD84B1A85B8: The snapshot info is null. Setting the last applied indexto:(t:0, i:~)
2019-09-23 16:04:52,918 [pool-27-thread-1] INFO  server.RaftServerConfigKeys (ConfUtils.java:logGet(43)) - raft.server.notification.no-leader.timeout = 120s (custom)
2019-09-23 16:04:52,920 [pool-27-thread-1] INFO  server.RaftServerConfigKeys (ConfUtils.java:logGet(43)) - raft.server.log.use.memory = false (default)
2019-09-23 16:04:52,926 [pool-27-thread-1] INFO  server.RaftServerConfigKeys (ConfUtils.java:logGet(43)) - raft.server.log.purge.gap = 1000000 (custom)
2019-09-23 16:04:52,926 [pool-27-thread-1] INFO  server.RaftServerConfigKeys (ConfUtils.java:logGet(43)) - raft.server.log.appender.buffer.byte-limit = 33554432 (custom)
2019-09-23 16:04:52,928 [pool-27-thread-1] INFO  server.RaftServerConfigKeys (ConfUtils.java:logGet(43)) - raft.server.log.segment.size.max = 1048576 (custom)
2019-09-23 16:04:52,933 [pool-27-thread-1] INFO  server.RaftServerConfigKeys (ConfUtils.java:logGet(43)) - raft.server.log.segment.cache.num.max = 2 (custom)
2019-09-23 16:04:52,938 [pool-27-thread-1] INFO  segmented.SegmentedRaftLogWorker (SegmentedRaftLogWorker.java:<init>(172)) - new 997f61cf-2db1-4774-b3a4-04f019f0a728@group-CBD84B1A85B8-SegmentedRaftLogWorker for RaftStorage:Storage Directory /workdir/hadoop-ozone/integration-test/target/test-dir/MiniOzoneClusterImpl-a9b0fc7e-8a95-45d7-9b75-78fc37cdd298/datanode-0/data/ratis/0cd33a08-3576-4bea-8e0c-cbd84b1a85b8
2019-09-23 16:04:52,939 [pool-27-thread-1] INFO  impl.MetricsSystemImpl (MetricsSystemImpl.java:init(158)) - ratis metrics system started (again)
2019-09-23 16:04:52,945 [pool-27-thread-1] INFO  metrics.MetricRegistries (MetricRegistriesLoader.java:load(64)) - Loaded MetricRegistries class org.apache.ratis.metrics.impl.MetricRegistriesImpl
2019-09-23 16:04:52,972 [pool-27-thread-1] INFO  server.RaftServerConfigKeys (ConfUtils.java:logGet(43)) - raft.server.log.queue.byte-limit = 2147483647 (custom)
2019-09-23 16:04:52,972 [pool-27-thread-1] INFO  server.RaftServerConfigKeys (ConfUtils.java:logGet(43)) - raft.server.log.queue.element-limit = 1024 (custom)
2019-09-23 16:04:52,975 [pool-27-thread-1] INFO  server.RaftServerConfigKeys (ConfUtils.java:logGet(43)) - raft.server.log.segment.size.max = 1048576 (custom)
2019-09-23 16:04:52,976 [pool-27-thread-1] INFO  server.RaftServerConfigKeys (ConfUtils.java:logGet(43)) - raft.server.log.preallocated.size = 16384 (custom)
2019-09-23 16:04:52,976 [pool-27-thread-1] INFO  server.RaftServerConfigKeys (ConfUtils.java:logGet(43)) - raft.server.log.write.buffer.size = 33554432 (custom)
2019-09-23 16:04:52,976 [pool-27-thread-1] INFO  server.RaftServerConfigKeys (ConfUtils.java:logGet(43)) - raft.server.log.force.sync.num = 128 (default)
2019-09-23 16:04:52,977 [pool-27-thread-1] INFO  server.RaftServerConfigKeys (ConfUtils.java:logGet(43)) - raft.server.log.statemachine.data.sync = true (default)
2019-09-23 16:04:52,978 [pool-27-thread-1] INFO  server.RaftServerConfigKeys (ConfUtils.java:logGet(43)) - raft.server.log.statemachine.data.sync.timeout = 10s (default)
2019-09-23 16:04:52,978 [pool-27-thread-1] INFO  server.RaftServerConfigKeys (ConfUtils.java:logGet(43)) - raft.server.log.statemachine.data.sync.timeout.retry = -1 (default)
2019-09-23 16:04:52,986 [pool-27-thread-1] INFO  server.RaftServerConfigKeys (ConfUtils.java:logGet(43)) - raft.server.log.statemachine.data.caching.enabled = true (custom)
2019-09-23 16:04:52,991 [pool-27-thread-1] INFO  segmented.SegmentedRaftLogWorker (SegmentedRaftLogWorker.java:lambda$new$0(132)) - 997f61cf-2db1-4774-b3a4-04f019f0a728@group-CBD84B1A85B8-SegmentedRaftLogWorker: flushIndex: setUnconditionally 0 -> -1
2019-09-23 16:04:52,997 [pool-27-thread-1] INFO  server.RaftServerConfigKeys (ConfUtils.java:logGet(43)) - raft.server.snapshot.auto.trigger.enabled = true (custom)
2019-09-23 16:04:52,999 [pool-27-thread-1] INFO  server.RaftServerConfigKeys (ConfUtils.java:logGet(43)) - raft.server.snapshot.auto.trigger.threshold = 10000 (custom)
2019-09-23 16:04:52,999 [pool-27-thread-1] INFO  server.RaftServerConfigKeys (ConfUtils.java:logGet(43)) - raft.server.snapshot.retention.num.files = 5 (custom)
2019-09-23 16:04:53,000 [pool-27-thread-1] INFO  server.RaftServerConfigKeys (ConfUtils.java:logGet(43)) - raft.server.retrycache.expirytime = 600000ms (custom)
2019-09-23 16:04:53,035 [pool-27-thread-1] INFO  impl.RaftServerImpl (RaftServerImpl.java:start(185)) - 997f61cf-2db1-4774-b3a4-04f019f0a728@group-CBD84B1A85B8: start as a follower, conf=-1: [997f61cf-2db1-4774-b3a4-04f019f0a728:192.168.34.17:46008], old=null
2019-09-23 16:04:53,036 [pool-27-thread-1] INFO  impl.RaftServerImpl (RaftServerImpl.java:setRole(174)) - 997f61cf-2db1-4774-b3a4-04f019f0a728@group-CBD84B1A85B8: changes role from      null to FOLLOWER at term 0 for startAsFollower
2019-09-23 16:04:53,037 [pool-27-thread-1] INFO  impl.RoleInfo (RoleInfo.java:updateAndGet(143)) - 997f61cf-2db1-4774-b3a4-04f019f0a728: start FollowerState
2019-09-23 16:04:53,045 [pool-27-thread-1] INFO  util.JmxRegister (JmxRegister.java:tryRegister(44)) - Successfully registered JMX Bean with object name Ratis:service=RaftServer,group=group-CBD84B1A85B8,id=997f61cf-2db1-4774-b3a4-04f019f0a728
2019-09-23 16:04:53,167 [RatisPipelineUtilsThread] INFO  pipeline.PipelineStateManager (PipelineStateManager.java:addPipeline(56)) - Created pipeline Pipeline[ Id: 0cd33a08-3576-4bea-8e0c-cbd84b1a85b8, Nodes: 997f61cf-2db1-4774-b3a4-04f019f0a728{ip: 192.168.34.17, host: pr-hdds-2166-7skhj-3476174427, networkLocation: /default-rack, certSerialId: null}, Type:RATIS, Factor:ONE, State:OPEN]
2019-09-23 16:04:53,191 [grpc-default-executor-0] INFO  impl.RaftServerProxy (RaftServerProxy.java:addNew(89)) - 1c3c41c6-64c5-4fba-b581-d89a673ed8eb: addNew group-982EF3975E0F:[1c3c41c6-64c5-4fba-b581-d89a673ed8eb:192.168.34.17:45910] returns group-982EF3975E0F:java.util.concurrent.CompletableFuture@8d08863[Not completed]
2019-09-23 16:04:53,224 [pool-37-thread-1] INFO  impl.RaftServerImpl (RaftServerImpl.java:<init>(95)) - 1c3c41c6-64c5-4fba-b581-d89a673ed8eb: new RaftServerImpl for group-982EF3975E0F:[1c3c41c6-64c5-4fba-b581-d89a673ed8eb:192.168.34.17:45910] with ContainerStateMachine:uninitialized
2019-09-23 16:04:53,226 [pool-37-thread-1] INFO  server.RaftServerConfigKeys (ConfUtils.java:logGet(43)) - raft.server.rpc.timeout.min = 5s (custom)
2019-09-23 16:04:53,226 [pool-37-thread-1] INFO  server.RaftServerConfigKeys (ConfUtils.java:logGet(43)) - raft.server.rpc.timeout.max = 5200ms (custom)
2019-09-23 16:04:53,226 [pool-37-thread-1] INFO  server.RaftServerConfigKeys (ConfUtils.java:logGet(43)) - raft.server.rpcslowness.timeout = 120s (custom)
2019-09-23 16:04:53,226 [pool-37-thread-1] INFO  server.RaftServerConfigKeys (ConfUtils.java:logGet(43)) - raft.server.sleep.deviation.threshold = 300 (default)
2019-09-23 16:04:53,226 [pool-37-thread-1] INFO  server.RaftServerConfigKeys (ConfUtils.java:logGet(43)) - raft.server.log.appender.install.snapshot.enabled = false (custom)
2019-09-23 16:04:53,226 [pool-37-thread-1] INFO  impl.RaftServerImpl (ServerState.java:<init>(103)) - 1c3c41c6-64c5-4fba-b581-d89a673ed8eb@group-982EF3975E0F: ConfigurationManager, init=-1: [1c3c41c6-64c5-4fba-b581-d89a673ed8eb:192.168.34.17:45910], old=null, confs=<EMPTY_MAP>
2019-09-23 16:04:53,227 [pool-37-thread-1] INFO  server.RaftServerConfigKeys (ConfUtils.java:logGet(43)) - raft.server.storage.dir = [/workdir/hadoop-ozone/integration-test/target/test-dir/MiniOzoneClusterImpl-a9b0fc7e-8a95-45d7-9b75-78fc37cdd298/datanode-1/data/ratis] (custom)
2019-09-23 16:04:53,227 [pool-37-thread-1] INFO  storage.RaftStorageDirectory (RaftStorageDirectory.java:analyzeStorage(246)) - The storage directory /workdir/hadoop-ozone/integration-test/target/test-dir/MiniOzoneClusterImpl-a9b0fc7e-8a95-45d7-9b75-78fc37cdd298/datanode-1/data/ratis/f652413e-e897-43b6-b784-982ef3975e0f does not exist. Creating ...
2019-09-23 16:04:53,281 [pool-37-thread-1] INFO  storage.RaftStorageDirectory (RaftStorageDirectory.java:tryLock(328)) - Lock on /workdir/hadoop-ozone/integration-test/target/test-dir/MiniOzoneClusterImpl-a9b0fc7e-8a95-45d7-9b75-78fc37cdd298/datanode-1/data/ratis/f652413e-e897-43b6-b784-982ef3975e0f/in_use.lock acquired by nodename 27614@pr-hdds-2166-7skhj-3476174427
2019-09-23 16:04:53,345 [pool-37-thread-1] INFO  storage.RaftStorage (RaftStorage.java:format(72)) - Storage directory /workdir/hadoop-ozone/integration-test/target/test-dir/MiniOzoneClusterImpl-a9b0fc7e-8a95-45d7-9b75-78fc37cdd298/datanode-1/data/ratis/f652413e-e897-43b6-b784-982ef3975e0f has been successfully formatted.
2019-09-23 16:04:53,347 [pool-37-thread-1] INFO  ratis.ContainerStateMachine (ContainerStateMachine.java:loadSnapshot(230)) - group-982EF3975E0F: The snapshot info is null. Setting the last applied indexto:(t:0, i:~)
2019-09-23 16:04:53,349 [pool-37-thread-1] INFO  server.RaftServerConfigKeys (ConfUtils.java:logGet(43)) - raft.server.notification.no-leader.timeout = 120s (custom)
2019-09-23 16:04:53,349 [pool-37-thread-1] INFO  server.RaftServerConfigKeys (ConfUtils.java:logGet(43)) - raft.server.log.use.memory = false (default)
2019-09-23 16:04:53,349 [pool-37-thread-1] INFO  server.RaftServerConfigKeys (ConfUtils.java:logGet(43)) - raft.server.log.purge.gap = 1000000 (custom)
2019-09-23 16:04:53,350 [pool-37-thread-1] INFO  server.RaftServerConfigKeys (ConfUtils.java:logGet(43)) - raft.server.log.appender.buffer.byte-limit = 33554432 (custom)
2019-09-23 16:04:53,350 [pool-37-thread-1] INFO  server.RaftServerConfigKeys (ConfUtils.java:logGet(43)) - raft.server.log.segment.size.max = 1048576 (custom)
2019-09-23 16:04:53,350 [pool-37-thread-1] INFO  server.RaftServerConfigKeys (ConfUtils.java:logGet(43)) - raft.server.log.segment.cache.num.max = 2 (custom)
2019-09-23 16:04:53,350 [pool-37-thread-1] INFO  segmented.SegmentedRaftLogWorker (SegmentedRaftLogWorker.java:<init>(172)) - new 1c3c41c6-64c5-4fba-b581-d89a673ed8eb@group-982EF3975E0F-SegmentedRaftLogWorker for RaftStorage:Storage Directory /workdir/hadoop-ozone/integration-test/target/test-dir/MiniOzoneClusterImpl-a9b0fc7e-8a95-45d7-9b75-78fc37cdd298/datanode-1/data/ratis/f652413e-e897-43b6-b784-982ef3975e0f
2019-09-23 16:04:53,361 [pool-37-thread-1] INFO  server.RaftServerConfigKeys (ConfUtils.java:logGet(43)) - raft.server.log.queue.byte-limit = 2147483647 (custom)
2019-09-23 16:04:53,361 [pool-37-thread-1] INFO  server.RaftServerConfigKeys (ConfUtils.java:logGet(43)) - raft.server.log.queue.element-limit = 1024 (custom)
2019-09-23 16:04:53,362 [pool-37-thread-1] INFO  server.RaftServerConfigKeys (ConfUtils.java:logGet(43)) - raft.server.log.segment.size.max = 1048576 (custom)
2019-09-23 16:04:53,362 [pool-37-thread-1] INFO  server.RaftServerConfigKeys (ConfUtils.java:logGet(43)) - raft.server.log.preallocated.size = 16384 (custom)
2019-09-23 16:04:53,362 [pool-37-thread-1] INFO  server.RaftServerConfigKeys (ConfUtils.java:logGet(43)) - raft.server.log.write.buffer.size = 33554432 (custom)
2019-09-23 16:04:53,363 [pool-37-thread-1] INFO  server.RaftServerConfigKeys (ConfUtils.java:logGet(43)) - raft.server.log.force.sync.num = 128 (default)
2019-09-23 16:04:53,363 [pool-37-thread-1] INFO  server.RaftServerConfigKeys (ConfUtils.java:logGet(43)) - raft.server.log.statemachine.data.sync = true (default)
2019-09-23 16:04:53,363 [pool-37-thread-1] INFO  server.RaftServerConfigKeys (ConfUtils.java:logGet(43)) - raft.server.log.statemachine.data.sync.timeout = 10s (default)
2019-09-23 16:04:53,363 [pool-37-thread-1] INFO  server.RaftServerConfigKeys (ConfUtils.java:logGet(43)) - raft.server.log.statemachine.data.sync.timeout.retry = -1 (default)
2019-09-23 16:04:53,364 [pool-37-thread-1] INFO  server.RaftServerConfigKeys (ConfUtils.java:logGet(43)) - raft.server.log.statemachine.data.caching.enabled = true (custom)
2019-09-23 16:04:53,364 [pool-37-thread-1] INFO  segmented.SegmentedRaftLogWorker (SegmentedRaftLogWorker.java:lambda$new$0(132)) - 1c3c41c6-64c5-4fba-b581-d89a673ed8eb@group-982EF3975E0F-SegmentedRaftLogWorker: flushIndex: setUnconditionally 0 -> -1
2019-09-23 16:04:53,365 [pool-37-thread-1] INFO  server.RaftServerConfigKeys (ConfUtils.java:logGet(43)) - raft.server.snapshot.auto.trigger.enabled = true (custom)
2019-09-23 16:04:53,365 [pool-37-thread-1] INFO  server.RaftServerConfigKeys (ConfUtils.java:logGet(43)) - raft.server.snapshot.auto.trigger.threshold = 10000 (custom)
2019-09-23 16:04:53,365 [pool-37-thread-1] INFO  server.RaftServerConfigKeys (ConfUtils.java:logGet(43)) - raft.server.snapshot.retention.num.files = 5 (custom)
2019-09-23 16:04:53,366 [pool-37-thread-1] INFO  server.RaftServerConfigKeys (ConfUtils.java:logGet(43)) - raft.server.retrycache.expirytime = 600000ms (custom)
2019-09-23 16:04:53,371 [pool-37-thread-1] INFO  impl.RaftServerImpl (RaftServerImpl.java:start(185)) - 1c3c41c6-64c5-4fba-b581-d89a673ed8eb@group-982EF3975E0F: start as a follower, conf=-1: [1c3c41c6-64c5-4fba-b581-d89a673ed8eb:192.168.34.17:45910], old=null
2019-09-23 16:04:53,372 [pool-37-thread-1] INFO  impl.RaftServerImpl (RaftServerImpl.java:setRole(174)) - 1c3c41c6-64c5-4fba-b581-d89a673ed8eb@group-982EF3975E0F: changes role from      null to FOLLOWER at term 0 for startAsFollower
2019-09-23 16:04:53,372 [pool-37-thread-1] INFO  impl.RoleInfo (RoleInfo.java:updateAndGet(143)) - 1c3c41c6-64c5-4fba-b581-d89a673ed8eb: start FollowerState
2019-09-23 16:04:53,373 [pool-37-thread-1] INFO  util.JmxRegister (JmxRegister.java:tryRegister(44)) - Successfully registered JMX Bean with object name Ratis:service=RaftServer,group=group-982EF3975E0F,id=1c3c41c6-64c5-4fba-b581-d89a673ed8eb
2019-09-23 16:04:53,385 [RatisPipelineUtilsThread] INFO  pipeline.PipelineStateManager (PipelineStateManager.java:addPipeline(56)) - Created pipeline Pipeline[ Id: f652413e-e897-43b6-b784-982ef3975e0f, Nodes: 1c3c41c6-64c5-4fba-b581-d89a673ed8eb{ip: 192.168.34.17, host: pr-hdds-2166-7skhj-3476174427, networkLocation: /default-rack, certSerialId: null}, Type:RATIS, Factor:ONE, State:OPEN]
2019-09-23 16:04:53,405 [main] INFO  ozone.MiniOzoneClusterImpl (MiniOzoneClusterImpl.java:lambda$waitForClusterToBeReady$0(147)) - Cluster is ready. Got 3 of 3 DN Heartbeats.
2019-09-23 16:04:53,407 [grpc-default-executor-0] INFO  impl.RaftServerProxy (RaftServerProxy.java:addNew(89)) - e8629b27-0698-411f-a75e-412d9312397f: addNew group-3F96BB06B0E9:[e8629b27-0698-411f-a75e-412d9312397f:192.168.34.17:42826] returns group-3F96BB06B0E9:java.util.concurrent.CompletableFuture@3c903f79[Not completed]
2019-09-23 16:04:53,427 [pool-47-thread-1] INFO  impl.RaftServerImpl (RaftServerImpl.java:<init>(95)) - e8629b27-0698-411f-a75e-412d9312397f: new RaftServerImpl for group-3F96BB06B0E9:[e8629b27-0698-411f-a75e-412d9312397f:192.168.34.17:42826] with ContainerStateMachine:uninitialized
2019-09-23 16:04:53,428 [pool-47-thread-1] INFO  server.RaftServerConfigKeys (ConfUtils.java:logGet(43)) - raft.server.rpc.timeout.min = 5s (custom)
2019-09-23 16:04:53,429 [pool-47-thread-1] INFO  server.RaftServerConfigKeys (ConfUtils.java:logGet(43)) - raft.server.rpc.timeout.max = 5200ms (custom)
2019-09-23 16:04:53,429 [pool-47-thread-1] INFO  server.RaftServerConfigKeys (ConfUtils.java:logGet(43)) - raft.server.rpcslowness.timeout = 120s (custom)
2019-09-23 16:04:53,429 [pool-47-thread-1] INFO  server.RaftServerConfigKeys (ConfUtils.java:logGet(43)) - raft.server.sleep.deviation.threshold = 300 (default)
2019-09-23 16:04:53,429 [pool-47-thread-1] INFO  server.RaftServerConfigKeys (ConfUtils.java:logGet(43)) - raft.server.log.appender.install.snapshot.enabled = false (custom)
2019-09-23 16:04:53,429 [pool-47-thread-1] INFO  impl.RaftServerImpl (ServerState.java:<init>(103)) - e8629b27-0698-411f-a75e-412d9312397f@group-3F96BB06B0E9: ConfigurationManager, init=-1: [e8629b27-0698-411f-a75e-412d9312397f:192.168.34.17:42826], old=null, confs=<EMPTY_MAP>
2019-09-23 16:04:53,429 [pool-47-thread-1] INFO  server.RaftServerConfigKeys (ConfUtils.java:logGet(43)) - raft.server.storage.dir = [/workdir/hadoop-ozone/integration-test/target/test-dir/MiniOzoneClusterImpl-a9b0fc7e-8a95-45d7-9b75-78fc37cdd298/datanode-2/data/ratis] (custom)
2019-09-23 16:04:53,430 [pool-47-thread-1] INFO  storage.RaftStorageDirectory (RaftStorageDirectory.java:analyzeStorage(246)) - The storage directory /workdir/hadoop-ozone/integration-test/target/test-dir/MiniOzoneClusterImpl-a9b0fc7e-8a95-45d7-9b75-78fc37cdd298/datanode-2/data/ratis/e6b4d047-3c29-45fd-a39c-3f96bb06b0e9 does not exist. Creating ...
2019-09-23 16:04:53,489 [pool-47-thread-1] INFO  storage.RaftStorageDirectory (RaftStorageDirectory.java:tryLock(328)) - Lock on /workdir/hadoop-ozone/integration-test/target/test-dir/MiniOzoneClusterImpl-a9b0fc7e-8a95-45d7-9b75-78fc37cdd298/datanode-2/data/ratis/e6b4d047-3c29-45fd-a39c-3f96bb06b0e9/in_use.lock acquired by nodename 27614@pr-hdds-2166-7skhj-3476174427
2019-09-23 16:04:53,508 [pool-47-thread-1] INFO  storage.RaftStorage (RaftStorage.java:format(72)) - Storage directory /workdir/hadoop-ozone/integration-test/target/test-dir/MiniOzoneClusterImpl-a9b0fc7e-8a95-45d7-9b75-78fc37cdd298/datanode-2/data/ratis/e6b4d047-3c29-45fd-a39c-3f96bb06b0e9 has been successfully formatted.
2019-09-23 16:04:53,508 [pool-47-thread-1] INFO  ratis.ContainerStateMachine (ContainerStateMachine.java:loadSnapshot(230)) - group-3F96BB06B0E9: The snapshot info is null. Setting the last applied indexto:(t:0, i:~)
2019-09-23 16:04:53,509 [pool-47-thread-1] INFO  server.RaftServerConfigKeys (ConfUtils.java:logGet(43)) - raft.server.notification.no-leader.timeout = 120s (custom)
2019-09-23 16:04:53,509 [pool-47-thread-1] INFO  server.RaftServerConfigKeys (ConfUtils.java:logGet(43)) - raft.server.log.use.memory = false (default)
2019-09-23 16:04:53,509 [pool-47-thread-1] INFO  server.RaftServerConfigKeys (ConfUtils.java:logGet(43)) - raft.server.log.purge.gap = 1000000 (custom)
2019-09-23 16:04:53,509 [pool-47-thread-1] INFO  server.RaftServerConfigKeys (ConfUtils.java:logGet(43)) - raft.server.log.appender.buffer.byte-limit = 33554432 (custom)
2019-09-23 16:04:53,509 [pool-47-thread-1] INFO  server.RaftServerConfigKeys (ConfUtils.java:logGet(43)) - raft.server.log.segment.size.max = 1048576 (custom)
2019-09-23 16:04:53,510 [pool-47-thread-1] INFO  server.RaftServerConfigKeys (ConfUtils.java:logGet(43)) - raft.server.log.segment.cache.num.max = 2 (custom)
2019-09-23 16:04:53,510 [pool-47-thread-1] INFO  segmented.SegmentedRaftLogWorker (SegmentedRaftLogWorker.java:<init>(172)) - new e8629b27-0698-411f-a75e-412d9312397f@group-3F96BB06B0E9-SegmentedRaftLogWorker for RaftStorage:Storage Directory /workdir/hadoop-ozone/integration-test/target/test-dir/MiniOzoneClusterImpl-a9b0fc7e-8a95-45d7-9b75-78fc37cdd298/datanode-2/data/ratis/e6b4d047-3c29-45fd-a39c-3f96bb06b0e9
2019-09-23 16:04:53,527 [pool-47-thread-1] INFO  server.RaftServerConfigKeys (ConfUtils.java:logGet(43)) - raft.server.log.queue.byte-limit = 2147483647 (custom)
2019-09-23 16:04:53,527 [pool-47-thread-1] INFO  server.RaftServerConfigKeys (ConfUtils.java:logGet(43)) - raft.server.log.queue.element-limit = 1024 (custom)
2019-09-23 16:04:53,528 [pool-47-thread-1] INFO  server.RaftServerConfigKeys (ConfUtils.java:logGet(43)) - raft.server.log.segment.size.max = 1048576 (custom)
2019-09-23 16:04:53,528 [pool-47-thread-1] INFO  server.RaftServerConfigKeys (ConfUtils.java:logGet(43)) - raft.server.log.preallocated.size = 16384 (custom)
2019-09-23 16:04:53,528 [pool-47-thread-1] INFO  server.RaftServerConfigKeys (ConfUtils.java:logGet(43)) - raft.server.log.write.buffer.size = 33554432 (custom)
2019-09-23 16:04:53,528 [pool-47-thread-1] INFO  server.RaftServerConfigKeys (ConfUtils.java:logGet(43)) - raft.server.log.force.sync.num = 128 (default)
2019-09-23 16:04:53,528 [pool-47-thread-1] INFO  server.RaftServerConfigKeys (ConfUtils.java:logGet(43)) - raft.server.log.statemachine.data.sync = true (default)
2019-09-23 16:04:53,528 [pool-47-thread-1] INFO  server.RaftServerConfigKeys (ConfUtils.java:logGet(43)) - raft.server.log.statemachine.data.sync.timeout = 10s (default)
2019-09-23 16:04:53,529 [pool-47-thread-1] INFO  server.RaftServerConfigKeys (ConfUtils.java:logGet(43)) - raft.server.log.statemachine.data.sync.timeout.retry = -1 (default)
2019-09-23 16:04:53,530 [pool-47-thread-1] INFO  server.RaftServerConfigKeys (ConfUtils.java:logGet(43)) - raft.server.log.statemachine.data.caching.enabled = true (custom)
2019-09-23 16:04:53,530 [pool-47-thread-1] INFO  segmented.SegmentedRaftLogWorker (SegmentedRaftLogWorker.java:lambda$new$0(132)) - e8629b27-0698-411f-a75e-412d9312397f@group-3F96BB06B0E9-SegmentedRaftLogWorker: flushIndex: setUnconditionally 0 -> -1
2019-09-23 16:04:53,530 [pool-47-thread-1] INFO  server.RaftServerConfigKeys (ConfUtils.java:logGet(43)) - raft.server.snapshot.auto.trigger.enabled = true (custom)
2019-09-23 16:04:53,531 [pool-47-thread-1] INFO  server.RaftServerConfigKeys (ConfUtils.java:logGet(43)) - raft.server.snapshot.auto.trigger.threshold = 10000 (custom)
2019-09-23 16:04:53,531 [pool-47-thread-1] INFO  server.RaftServerConfigKeys (ConfUtils.java:logGet(43)) - raft.server.snapshot.retention.num.files = 5 (custom)
2019-09-23 16:04:53,531 [pool-47-thread-1] INFO  server.RaftServerConfigKeys (ConfUtils.java:logGet(43)) - raft.server.retrycache.expirytime = 600000ms (custom)
2019-09-23 16:04:53,535 [pool-47-thread-1] INFO  impl.RaftServerImpl (RaftServerImpl.java:start(185)) - e8629b27-0698-411f-a75e-412d9312397f@group-3F96BB06B0E9: start as a follower, conf=-1: [e8629b27-0698-411f-a75e-412d9312397f:192.168.34.17:42826], old=null
2019-09-23 16:04:53,536 [pool-47-thread-1] INFO  impl.RaftServerImpl (RaftServerImpl.java:setRole(174)) - e8629b27-0698-411f-a75e-412d9312397f@group-3F96BB06B0E9: changes role from      null to FOLLOWER at term 0 for startAsFollower
2019-09-23 16:04:53,536 [pool-47-thread-1] INFO  impl.RoleInfo (RoleInfo.java:updateAndGet(143)) - e8629b27-0698-411f-a75e-412d9312397f: start FollowerState
2019-09-23 16:04:53,537 [pool-47-thread-1] INFO  util.JmxRegister (JmxRegister.java:tryRegister(44)) - Successfully registered JMX Bean with object name Ratis:service=RaftServer,group=group-3F96BB06B0E9,id=e8629b27-0698-411f-a75e-412d9312397f
2019-09-23 16:04:53,548 [RatisPipelineUtilsThread] INFO  pipeline.PipelineStateManager (PipelineStateManager.java:addPipeline(56)) - Created pipeline Pipeline[ Id: e6b4d047-3c29-45fd-a39c-3f96bb06b0e9, Nodes: e8629b27-0698-411f-a75e-412d9312397f{ip: 192.168.34.17, host: pr-hdds-2166-7skhj-3476174427, networkLocation: /default-rack, certSerialId: null}, Type:RATIS, Factor:ONE, State:OPEN]
2019-09-23 16:04:53,584 [grpc-default-executor-0] INFO  impl.RaftServerProxy (RaftServerProxy.java:addNew(89)) - 1c3c41c6-64c5-4fba-b581-d89a673ed8eb: addNew group-2E052C20269C:[1c3c41c6-64c5-4fba-b581-d89a673ed8eb:192.168.34.17:45910, 997f61cf-2db1-4774-b3a4-04f019f0a728:192.168.34.17:46008, e8629b27-0698-411f-a75e-412d9312397f:192.168.34.17:42826] returns group-2E052C20269C:java.util.concurrent.CompletableFuture@1b09c083[Not completed]
2019-09-23 16:04:53,584 [grpc-default-executor-1] INFO  impl.RaftServerProxy (RaftServerProxy.java:addNew(89)) - e8629b27-0698-411f-a75e-412d9312397f: addNew group-2E052C20269C:[1c3c41c6-64c5-4fba-b581-d89a673ed8eb:192.168.34.17:45910, 997f61cf-2db1-4774-b3a4-04f019f0a728:192.168.34.17:46008, e8629b27-0698-411f-a75e-412d9312397f:192.168.34.17:42826] returns group-2E052C20269C:java.util.concurrent.CompletableFuture@567c2380[Not completed]
2019-09-23 16:04:53,584 [grpc-default-executor-2] INFO  impl.RaftServerProxy (RaftServerProxy.java:addNew(89)) - 997f61cf-2db1-4774-b3a4-04f019f0a728: addNew group-2E052C20269C:[1c3c41c6-64c5-4fba-b581-d89a673ed8eb:192.168.34.17:45910, 997f61cf-2db1-4774-b3a4-04f019f0a728:192.168.34.17:46008, e8629b27-0698-411f-a75e-412d9312397f:192.168.34.17:42826] returns group-2E052C20269C:java.util.concurrent.CompletableFuture@2646d76f[Not completed]
2019-09-23 16:04:53,586 [pool-37-thread-1] INFO  impl.RaftServerImpl (RaftServerImpl.java:<init>(95)) - 1c3c41c6-64c5-4fba-b581-d89a673ed8eb: new RaftServerImpl for group-2E052C20269C:[1c3c41c6-64c5-4fba-b581-d89a673ed8eb:192.168.34.17:45910, 997f61cf-2db1-4774-b3a4-04f019f0a728:192.168.34.17:46008, e8629b27-0698-411f-a75e-412d9312397f:192.168.34.17:42826] with ContainerStateMachine:uninitialized
2019-09-23 16:04:53,586 [pool-37-thread-1] INFO  server.RaftServerConfigKeys (ConfUtils.java:logGet(43)) - raft.server.rpc.timeout.min = 5s (custom)
2019-09-23 16:04:53,587 [pool-37-thread-1] INFO  server.RaftServerConfigKeys (ConfUtils.java:logGet(43)) - raft.server.rpc.timeout.max = 5200ms (custom)
2019-09-23 16:04:53,587 [pool-27-thread-1] INFO  impl.RaftServerImpl (RaftServerImpl.java:<init>(95)) - 997f61cf-2db1-4774-b3a4-04f019f0a728: new RaftServerImpl for group-2E052C20269C:[1c3c41c6-64c5-4fba-b581-d89a673ed8eb:192.168.34.17:45910, 997f61cf-2db1-4774-b3a4-04f019f0a728:192.168.34.17:46008, e8629b27-0698-411f-a75e-412d9312397f:192.168.34.17:42826] with ContainerStateMachine:uninitialized
2019-09-23 16:04:53,587 [pool-37-thread-1] INFO  server.RaftServerConfigKeys (ConfUtils.java:logGet(43)) - raft.server.rpcslowness.timeout = 120s (custom)
2019-09-23 16:04:53,587 [pool-27-thread-1] INFO  server.RaftServerConfigKeys (ConfUtils.java:logGet(43)) - raft.server.rpc.timeout.min = 5s (custom)
2019-09-23 16:04:53,587 [pool-37-thread-1] INFO  server.RaftServerConfigKeys (ConfUtils.java:logGet(43)) - raft.server.sleep.deviation.threshold = 300 (default)
2019-09-23 16:04:53,587 [pool-27-thread-1] INFO  server.RaftServerConfigKeys (ConfUtils.java:logGet(43)) - raft.server.rpc.timeout.max = 5200ms (custom)
2019-09-23 16:04:53,587 [pool-37-thread-1] INFO  server.RaftServerConfigKeys (ConfUtils.java:logGet(43)) - raft.server.log.appender.install.snapshot.enabled = false (custom)
2019-09-23 16:04:53,588 [pool-47-thread-1] INFO  impl.RaftServerImpl (RaftServerImpl.java:<init>(95)) - e8629b27-0698-411f-a75e-412d9312397f: new RaftServerImpl for group-2E052C20269C:[1c3c41c6-64c5-4fba-b581-d89a673ed8eb:192.168.34.17:45910, 997f61cf-2db1-4774-b3a4-04f019f0a728:192.168.34.17:46008, e8629b27-0698-411f-a75e-412d9312397f:192.168.34.17:42826] with ContainerStateMachine:uninitialized
2019-09-23 16:04:53,587 [pool-27-thread-1] INFO  server.RaftServerConfigKeys (ConfUtils.java:logGet(43)) - raft.server.rpcslowness.timeout = 120s (custom)
2019-09-23 16:04:53,588 [pool-47-thread-1] INFO  server.RaftServerConfigKeys (ConfUtils.java:logGet(43)) - raft.server.rpc.timeout.min = 5s (custom)
2019-09-23 16:04:53,588 [pool-37-thread-1] INFO  impl.RaftServerImpl (ServerState.java:<init>(103)) - 1c3c41c6-64c5-4fba-b581-d89a673ed8eb@group-2E052C20269C: ConfigurationManager, init=-1: [1c3c41c6-64c5-4fba-b581-d89a673ed8eb:192.168.34.17:45910, 997f61cf-2db1-4774-b3a4-04f019f0a728:192.168.34.17:46008, e8629b27-0698-411f-a75e-412d9312397f:192.168.34.17:42826], old=null, confs=<EMPTY_MAP>
2019-09-23 16:04:53,588 [pool-47-thread-1] INFO  server.RaftServerConfigKeys (ConfUtils.java:logGet(43)) - raft.server.rpc.timeout.max = 5200ms (custom)
2019-09-23 16:04:53,588 [pool-27-thread-1] INFO  server.RaftServerConfigKeys (ConfUtils.java:logGet(43)) - raft.server.sleep.deviation.threshold = 300 (default)
2019-09-23 16:04:53,588 [pool-47-thread-1] INFO  server.RaftServerConfigKeys (ConfUtils.java:logGet(43)) - raft.server.rpcslowness.timeout = 120s (custom)
2019-09-23 16:04:53,588 [pool-37-thread-1] INFO  server.RaftServerConfigKeys (ConfUtils.java:logGet(43)) - raft.server.storage.dir = [/workdir/hadoop-ozone/integration-test/target/test-dir/MiniOzoneClusterImpl-a9b0fc7e-8a95-45d7-9b75-78fc37cdd298/datanode-1/data/ratis] (custom)
2019-09-23 16:04:53,589 [pool-47-thread-1] INFO  server.RaftServerConfigKeys (ConfUtils.java:logGet(43)) - raft.server.sleep.deviation.threshold = 300 (default)
2019-09-23 16:04:53,588 [pool-27-thread-1] INFO  server.RaftServerConfigKeys (ConfUtils.java:logGet(43)) - raft.server.log.appender.install.snapshot.enabled = false (custom)
2019-09-23 16:04:53,589 [pool-47-thread-1] INFO  server.RaftServerConfigKeys (ConfUtils.java:logGet(43)) - raft.server.log.appender.install.snapshot.enabled = false (custom)
2019-09-23 16:04:53,589 [pool-27-thread-1] INFO  impl.RaftServerImpl (ServerState.java:<init>(103)) - 997f61cf-2db1-4774-b3a4-04f019f0a728@group-2E052C20269C: ConfigurationManager, init=-1: [1c3c41c6-64c5-4fba-b581-d89a673ed8eb:192.168.34.17:45910, 997f61cf-2db1-4774-b3a4-04f019f0a728:192.168.34.17:46008, e8629b27-0698-411f-a75e-412d9312397f:192.168.34.17:42826], old=null, confs=<EMPTY_MAP>
2019-09-23 16:04:53,589 [pool-47-thread-1] INFO  impl.RaftServerImpl (ServerState.java:<init>(103)) - e8629b27-0698-411f-a75e-412d9312397f@group-2E052C20269C: ConfigurationManager, init=-1: [1c3c41c6-64c5-4fba-b581-d89a673ed8eb:192.168.34.17:45910, 997f61cf-2db1-4774-b3a4-04f019f0a728:192.168.34.17:46008, e8629b27-0698-411f-a75e-412d9312397f:192.168.34.17:42826], old=null, confs=<EMPTY_MAP>
2019-09-23 16:04:53,589 [pool-37-thread-1] INFO  storage.RaftStorageDirectory (RaftStorageDirectory.java:analyzeStorage(246)) - The storage directory /workdir/hadoop-ozone/integration-test/target/test-dir/MiniOzoneClusterImpl-a9b0fc7e-8a95-45d7-9b75-78fc37cdd298/datanode-1/data/ratis/c24fa039-c2ab-403b-b41d-2e052c20269c does not exist. Creating ...
2019-09-23 16:04:53,589 [pool-47-thread-1] INFO  server.RaftServerConfigKeys (ConfUtils.java:logGet(43)) - raft.server.storage.dir = [/workdir/hadoop-ozone/integration-test/target/test-dir/MiniOzoneClusterImpl-a9b0fc7e-8a95-45d7-9b75-78fc37cdd298/datanode-2/data/ratis] (custom)
2019-09-23 16:04:53,589 [pool-27-thread-1] INFO  server.RaftServerConfigKeys (ConfUtils.java:logGet(43)) - raft.server.storage.dir = [/workdir/hadoop-ozone/integration-test/target/test-dir/MiniOzoneClusterImpl-a9b0fc7e-8a95-45d7-9b75-78fc37cdd298/datanode-0/data/ratis] (custom)
2019-09-23 16:04:53,590 [pool-47-thread-1] INFO  storage.RaftStorageDirectory (RaftStorageDirectory.java:analyzeStorage(246)) - The storage directory /workdir/hadoop-ozone/integration-test/target/test-dir/MiniOzoneClusterImpl-a9b0fc7e-8a95-45d7-9b75-78fc37cdd298/datanode-2/data/ratis/c24fa039-c2ab-403b-b41d-2e052c20269c does not exist. Creating ...
2019-09-23 16:04:53,590 [pool-27-thread-1] INFO  storage.RaftStorageDirectory (RaftStorageDirectory.java:analyzeStorage(246)) - The storage directory /workdir/hadoop-ozone/integration-test/target/test-dir/MiniOzoneClusterImpl-a9b0fc7e-8a95-45d7-9b75-78fc37cdd298/datanode-0/data/ratis/c24fa039-c2ab-403b-b41d-2e052c20269c does not exist. Creating ...
2019-09-23 16:04:53,626 [pool-27-thread-1] INFO  storage.RaftStorageDirectory (RaftStorageDirectory.java:tryLock(328)) - Lock on /workdir/hadoop-ozone/integration-test/target/test-dir/MiniOzoneClusterImpl-a9b0fc7e-8a95-45d7-9b75-78fc37cdd298/datanode-0/data/ratis/c24fa039-c2ab-403b-b41d-2e052c20269c/in_use.lock acquired by nodename 27614@pr-hdds-2166-7skhj-3476174427
2019-09-23 16:04:53,626 [pool-47-thread-1] INFO  storage.RaftStorageDirectory (RaftStorageDirectory.java:tryLock(328)) - Lock on /workdir/hadoop-ozone/integration-test/target/test-dir/MiniOzoneClusterImpl-a9b0fc7e-8a95-45d7-9b75-78fc37cdd298/datanode-2/data/ratis/c24fa039-c2ab-403b-b41d-2e052c20269c/in_use.lock acquired by nodename 27614@pr-hdds-2166-7skhj-3476174427
2019-09-23 16:04:53,626 [pool-37-thread-1] INFO  storage.RaftStorageDirectory (RaftStorageDirectory.java:tryLock(328)) - Lock on /workdir/hadoop-ozone/integration-test/target/test-dir/MiniOzoneClusterImpl-a9b0fc7e-8a95-45d7-9b75-78fc37cdd298/datanode-1/data/ratis/c24fa039-c2ab-403b-b41d-2e052c20269c/in_use.lock acquired by nodename 27614@pr-hdds-2166-7skhj-3476174427
2019-09-23 16:04:53,637 [pool-47-thread-1] INFO  storage.RaftStorage (RaftStorage.java:format(72)) - Storage directory /workdir/hadoop-ozone/integration-test/target/test-dir/MiniOzoneClusterImpl-a9b0fc7e-8a95-45d7-9b75-78fc37cdd298/datanode-2/data/ratis/c24fa039-c2ab-403b-b41d-2e052c20269c has been successfully formatted.
2019-09-23 16:04:53,638 [pool-37-thread-1] INFO  storage.RaftStorage (RaftStorage.java:format(72)) - Storage directory /workdir/hadoop-ozone/integration-test/target/test-dir/MiniOzoneClusterImpl-a9b0fc7e-8a95-45d7-9b75-78fc37cdd298/datanode-1/data/ratis/c24fa039-c2ab-403b-b41d-2e052c20269c has been successfully formatted.
2019-09-23 16:04:53,638 [pool-27-thread-1] INFO  storage.RaftStorage (RaftStorage.java:format(72)) - Storage directory /workdir/hadoop-ozone/integration-test/target/test-dir/MiniOzoneClusterImpl-a9b0fc7e-8a95-45d7-9b75-78fc37cdd298/datanode-0/data/ratis/c24fa039-c2ab-403b-b41d-2e052c20269c has been successfully formatted.
2019-09-23 16:04:53,638 [pool-47-thread-1] INFO  ratis.ContainerStateMachine (ContainerStateMachine.java:loadSnapshot(230)) - group-2E052C20269C: The snapshot info is null. Setting the last applied indexto:(t:0, i:~)
2019-09-23 16:04:53,638 [pool-37-thread-1] INFO  ratis.ContainerStateMachine (ContainerStateMachine.java:loadSnapshot(230)) - group-2E052C20269C: The snapshot info is null. Setting the last applied indexto:(t:0, i:~)
2019-09-23 16:04:53,638 [pool-27-thread-1] INFO  ratis.ContainerStateMachine (ContainerStateMachine.java:loadSnapshot(230)) - group-2E052C20269C: The snapshot info is null. Setting the last applied indexto:(t:0, i:~)
2019-09-23 16:04:53,638 [pool-47-thread-1] INFO  server.RaftServerConfigKeys (ConfUtils.java:logGet(43)) - raft.server.notification.no-leader.timeout = 120s (custom)
2019-09-23 16:04:53,638 [pool-37-thread-1] INFO  server.RaftServerConfigKeys (ConfUtils.java:logGet(43)) - raft.server.notification.no-leader.timeout = 120s (custom)
2019-09-23 16:04:53,639 [pool-47-thread-1] INFO  server.RaftServerConfigKeys (ConfUtils.java:logGet(43)) - raft.server.log.use.memory = false (default)
2019-09-23 16:04:53,638 [pool-27-thread-1] INFO  server.RaftServerConfigKeys (ConfUtils.java:logGet(43)) - raft.server.notification.no-leader.timeout = 120s (custom)
2019-09-23 16:04:53,639 [pool-47-thread-1] INFO  server.RaftServerConfigKeys (ConfUtils.java:logGet(43)) - raft.server.log.purge.gap = 1000000 (custom)
2019-09-23 16:04:53,639 [pool-37-thread-1] INFO  server.RaftServerConfigKeys (ConfUtils.java:logGet(43)) - raft.server.log.use.memory = false (default)
2019-09-23 16:04:53,639 [pool-47-thread-1] INFO  server.RaftServerConfigKeys (ConfUtils.java:logGet(43)) - raft.server.log.appender.buffer.byte-limit = 33554432 (custom)
2019-09-23 16:04:53,639 [pool-27-thread-1] INFO  server.RaftServerConfigKeys (ConfUtils.java:logGet(43)) - raft.server.log.use.memory = false (default)
2019-09-23 16:04:53,639 [pool-47-thread-1] INFO  server.RaftServerConfigKeys (ConfUtils.java:logGet(43)) - raft.server.log.segment.size.max = 1048576 (custom)
2019-09-23 16:04:53,639 [pool-27-thread-1] INFO  server.RaftServerConfigKeys (ConfUtils.java:logGet(43)) - raft.server.log.purge.gap = 1000000 (custom)
2019-09-23 16:04:53,639 [pool-37-thread-1] INFO  server.RaftServerConfigKeys (ConfUtils.java:logGet(43)) - raft.server.log.purge.gap = 1000000 (custom)
2019-09-23 16:04:53,640 [pool-27-thread-1] INFO  server.RaftServerConfigKeys (ConfUtils.java:logGet(43)) - raft.server.log.appender.buffer.byte-limit = 33554432 (custom)
2019-09-23 16:04:53,640 [pool-47-thread-1] INFO  server.RaftServerConfigKeys (ConfUtils.java:logGet(43)) - raft.server.log.segment.cache.num.max = 2 (custom)
2019-09-23 16:04:53,640 [pool-27-thread-1] INFO  server.RaftServerConfigKeys (ConfUtils.java:logGet(43)) - raft.server.log.segment.size.max = 1048576 (custom)
2019-09-23 16:04:53,640 [pool-37-thread-1] INFO  server.RaftServerConfigKeys (ConfUtils.java:logGet(43)) - raft.server.log.appender.buffer.byte-limit = 33554432 (custom)
2019-09-23 16:04:53,640 [pool-27-thread-1] INFO  server.RaftServerConfigKeys (ConfUtils.java:logGet(43)) - raft.server.log.segment.cache.num.max = 2 (custom)
2019-09-23 16:04:53,640 [pool-47-thread-1] INFO  segmented.SegmentedRaftLogWorker (SegmentedRaftLogWorker.java:<init>(172)) - new e8629b27-0698-411f-a75e-412d9312397f@group-2E052C20269C-SegmentedRaftLogWorker for RaftStorage:Storage Directory /workdir/hadoop-ozone/integration-test/target/test-dir/MiniOzoneClusterImpl-a9b0fc7e-8a95-45d7-9b75-78fc37cdd298/datanode-2/data/ratis/c24fa039-c2ab-403b-b41d-2e052c20269c
2019-09-23 16:04:53,641 [pool-27-thread-1] INFO  segmented.SegmentedRaftLogWorker (SegmentedRaftLogWorker.java:<init>(172)) - new 997f61cf-2db1-4774-b3a4-04f019f0a728@group-2E052C20269C-SegmentedRaftLogWorker for RaftStorage:Storage Directory /workdir/hadoop-ozone/integration-test/target/test-dir/MiniOzoneClusterImpl-a9b0fc7e-8a95-45d7-9b75-78fc37cdd298/datanode-0/data/ratis/c24fa039-c2ab-403b-b41d-2e052c20269c
2019-09-23 16:04:53,640 [pool-37-thread-1] INFO  server.RaftServerConfigKeys (ConfUtils.java:logGet(43)) - raft.server.log.segment.size.max = 1048576 (custom)
2019-09-23 16:04:53,641 [pool-27-thread-1] INFO  server.RaftServerConfigKeys (ConfUtils.java:logGet(43)) - raft.server.log.queue.byte-limit = 2147483647 (custom)
2019-09-23 16:04:53,641 [pool-47-thread-1] INFO  server.RaftServerConfigKeys (ConfUtils.java:logGet(43)) - raft.server.log.queue.byte-limit = 2147483647 (custom)
2019-09-23 16:04:53,641 [pool-27-thread-1] INFO  server.RaftServerConfigKeys (ConfUtils.java:logGet(43)) - raft.server.log.queue.element-limit = 1024 (custom)
2019-09-23 16:04:53,641 [pool-37-thread-1] INFO  server.RaftServerConfigKeys (ConfUtils.java:logGet(43)) - raft.server.log.segment.cache.num.max = 2 (custom)
2019-09-23 16:04:53,642 [pool-27-thread-1] INFO  server.RaftServerConfigKeys (ConfUtils.java:logGet(43)) - raft.server.log.segment.size.max = 1048576 (custom)
2019-09-23 16:04:53,641 [pool-47-thread-1] INFO  server.RaftServerConfigKeys (ConfUtils.java:logGet(43)) - raft.server.log.queue.element-limit = 1024 (custom)
2019-09-23 16:04:53,642 [pool-27-thread-1] INFO  server.RaftServerConfigKeys (ConfUtils.java:logGet(43)) - raft.server.log.preallocated.size = 16384 (custom)
2019-09-23 16:04:53,642 [pool-37-thread-1] INFO  segmented.SegmentedRaftLogWorker (SegmentedRaftLogWorker.java:<init>(172)) - new 1c3c41c6-64c5-4fba-b581-d89a673ed8eb@group-2E052C20269C-SegmentedRaftLogWorker for RaftStorage:Storage Directory /workdir/hadoop-ozone/integration-test/target/test-dir/MiniOzoneClusterImpl-a9b0fc7e-8a95-45d7-9b75-78fc37cdd298/datanode-1/data/ratis/c24fa039-c2ab-403b-b41d-2e052c20269c
2019-09-23 16:04:53,642 [pool-27-thread-1] INFO  server.RaftServerConfigKeys (ConfUtils.java:logGet(43)) - raft.server.log.write.buffer.size = 33554432 (custom)
2019-09-23 16:04:53,642 [pool-47-thread-1] INFO  server.RaftServerConfigKeys (ConfUtils.java:logGet(43)) - raft.server.log.segment.size.max = 1048576 (custom)
2019-09-23 16:04:53,642 [pool-27-thread-1] INFO  server.RaftServerConfigKeys (ConfUtils.java:logGet(43)) - raft.server.log.force.sync.num = 128 (default)
2019-09-23 16:04:53,642 [pool-37-thread-1] INFO  server.RaftServerConfigKeys (ConfUtils.java:logGet(43)) - raft.server.log.queue.byte-limit = 2147483647 (custom)
2019-09-23 16:04:53,643 [pool-27-thread-1] INFO  server.RaftServerConfigKeys (ConfUtils.java:logGet(43)) - raft.server.log.statemachine.data.sync = true (default)
2019-09-23 16:04:53,643 [pool-47-thread-1] INFO  server.RaftServerConfigKeys (ConfUtils.java:logGet(43)) - raft.server.log.preallocated.size = 16384 (custom)
2019-09-23 16:04:53,643 [pool-27-thread-1] INFO  server.RaftServerConfigKeys (ConfUtils.java:logGet(43)) - raft.server.log.statemachine.data.sync.timeout = 10s (default)
2019-09-23 16:04:53,643 [pool-37-thread-1] INFO  server.RaftServerConfigKeys (ConfUtils.java:logGet(43)) - raft.server.log.queue.element-limit = 1024 (custom)
2019-09-23 16:04:53,643 [pool-27-thread-1] INFO  server.RaftServerConfigKeys (ConfUtils.java:logGet(43)) - raft.server.log.statemachine.data.sync.timeout.retry = -1 (default)
2019-09-23 16:04:53,643 [pool-47-thread-1] INFO  server.RaftServerConfigKeys (ConfUtils.java:logGet(43)) - raft.server.log.write.buffer.size = 33554432 (custom)
2019-09-23 16:04:53,644 [pool-37-thread-1] INFO  server.RaftServerConfigKeys (ConfUtils.java:logGet(43)) - raft.server.log.segment.size.max = 1048576 (custom)
2019-09-23 16:04:53,644 [pool-27-thread-1] INFO  server.RaftServerConfigKeys (ConfUtils.java:logGet(43)) - raft.server.log.statemachine.data.caching.enabled = true (custom)
2019-09-23 16:04:53,644 [pool-47-thread-1] INFO  server.RaftServerConfigKeys (ConfUtils.java:logGet(43)) - raft.server.log.force.sync.num = 128 (default)
2019-09-23 16:04:53,644 [pool-37-thread-1] INFO  server.RaftServerConfigKeys (ConfUtils.java:logGet(43)) - raft.server.log.preallocated.size = 16384 (custom)
2019-09-23 16:04:53,644 [pool-47-thread-1] INFO  server.RaftServerConfigKeys (ConfUtils.java:logGet(43)) - raft.server.log.statemachine.data.sync = true (default)
2019-09-23 16:04:53,645 [pool-27-thread-1] INFO  segmented.SegmentedRaftLogWorker (SegmentedRaftLogWorker.java:lambda$new$0(132)) - 997f61cf-2db1-4774-b3a4-04f019f0a728@group-2E052C20269C-SegmentedRaftLogWorker: flushIndex: setUnconditionally 0 -> -1
2019-09-23 16:04:53,645 [pool-37-thread-1] INFO  server.RaftServerConfigKeys (ConfUtils.java:logGet(43)) - raft.server.log.write.buffer.size = 33554432 (custom)
2019-09-23 16:04:53,645 [pool-47-thread-1] INFO  server.RaftServerConfigKeys (ConfUtils.java:logGet(43)) - raft.server.log.statemachine.data.sync.timeout = 10s (default)
2019-09-23 16:04:53,645 [pool-27-thread-1] INFO  server.RaftServerConfigKeys (ConfUtils.java:logGet(43)) - raft.server.snapshot.auto.trigger.enabled = true (custom)
2019-09-23 16:04:53,645 [pool-37-thread-1] INFO  server.RaftServerConfigKeys (ConfUtils.java:logGet(43)) - raft.server.log.force.sync.num = 128 (default)
2019-09-23 16:04:53,645 [pool-27-thread-1] INFO  server.RaftServerConfigKeys (ConfUtils.java:logGet(43)) - raft.server.snapshot.auto.trigger.threshold = 10000 (custom)
2019-09-23 16:04:53,645 [pool-47-thread-1] INFO  server.RaftServerConfigKeys (ConfUtils.java:logGet(43)) - raft.server.log.statemachine.data.sync.timeout.retry = -1 (default)
2019-09-23 16:04:53,646 [pool-27-thread-1] INFO  server.RaftServerConfigKeys (ConfUtils.java:logGet(43)) - raft.server.snapshot.retention.num.files = 5 (custom)
2019-09-23 16:04:53,645 [pool-37-thread-1] INFO  server.RaftServerConfigKeys (ConfUtils.java:logGet(43)) - raft.server.log.statemachine.data.sync = true (default)
2019-09-23 16:04:53,646 [pool-27-thread-1] INFO  server.RaftServerConfigKeys (ConfUtils.java:logGet(43)) - raft.server.retrycache.expirytime = 600000ms (custom)
2019-09-23 16:04:53,646 [pool-47-thread-1] INFO  server.RaftServerConfigKeys (ConfUtils.java:logGet(43)) - raft.server.log.statemachine.data.caching.enabled = true (custom)
2019-09-23 16:04:53,646 [pool-37-thread-1] INFO  server.RaftServerConfigKeys (ConfUtils.java:logGet(43)) - raft.server.log.statemachine.data.sync.timeout = 10s (default)
2019-09-23 16:04:53,646 [pool-37-thread-1] INFO  server.RaftServerConfigKeys (ConfUtils.java:logGet(43)) - raft.server.log.statemachine.data.sync.timeout.retry = -1 (default)
2019-09-23 16:04:53,646 [pool-47-thread-1] INFO  segmented.SegmentedRaftLogWorker (SegmentedRaftLogWorker.java:lambda$new$0(132)) - e8629b27-0698-411f-a75e-412d9312397f@group-2E052C20269C-SegmentedRaftLogWorker: flushIndex: setUnconditionally 0 -> -1
2019-09-23 16:04:53,646 [pool-37-thread-1] INFO  server.RaftServerConfigKeys (ConfUtils.java:logGet(43)) - raft.server.log.statemachine.data.caching.enabled = true (custom)
2019-09-23 16:04:53,647 [pool-47-thread-1] INFO  server.RaftServerConfigKeys (ConfUtils.java:logGet(43)) - raft.server.snapshot.auto.trigger.enabled = true (custom)
2019-09-23 16:04:53,647 [pool-47-thread-1] INFO  server.RaftServerConfigKeys (ConfUtils.java:logGet(43)) - raft.server.snapshot.auto.trigger.threshold = 10000 (custom)
2019-09-23 16:04:53,647 [pool-37-thread-1] INFO  segmented.SegmentedRaftLogWorker (SegmentedRaftLogWorker.java:lambda$new$0(132)) - 1c3c41c6-64c5-4fba-b581-d89a673ed8eb@group-2E052C20269C-SegmentedRaftLogWorker: flushIndex: setUnconditionally 0 -> -1
2019-09-23 16:04:53,647 [pool-47-thread-1] INFO  server.RaftServerConfigKeys (ConfUtils.java:logGet(43)) - raft.server.snapshot.retention.num.files = 5 (custom)
2019-09-23 16:04:53,647 [pool-47-thread-1] INFO  server.RaftServerConfigKeys (ConfUtils.java:logGet(43)) - raft.server.retrycache.expirytime = 600000ms (custom)
2019-09-23 16:04:53,647 [pool-37-thread-1] INFO  server.RaftServerConfigKeys (ConfUtils.java:logGet(43)) - raft.server.snapshot.auto.trigger.enabled = true (custom)
2019-09-23 16:04:53,647 [pool-37-thread-1] INFO  server.RaftServerConfigKeys (ConfUtils.java:logGet(43)) - raft.server.snapshot.auto.trigger.threshold = 10000 (custom)
2019-09-23 16:04:53,648 [pool-37-thread-1] INFO  server.RaftServerConfigKeys (ConfUtils.java:logGet(43)) - raft.server.snapshot.retention.num.files = 5 (custom)
2019-09-23 16:04:53,648 [pool-37-thread-1] INFO  server.RaftServerConfigKeys (ConfUtils.java:logGet(43)) - raft.server.retrycache.expirytime = 600000ms (custom)
2019-09-23 16:04:53,652 [pool-27-thread-1] INFO  impl.RaftServerImpl (RaftServerImpl.java:start(185)) - 997f61cf-2db1-4774-b3a4-04f019f0a728@group-2E052C20269C: start as a follower, conf=-1: [1c3c41c6-64c5-4fba-b581-d89a673ed8eb:192.168.34.17:45910, 997f61cf-2db1-4774-b3a4-04f019f0a728:192.168.34.17:46008, e8629b27-0698-411f-a75e-412d9312397f:192.168.34.17:42826], old=null
2019-09-23 16:04:53,652 [pool-27-thread-1] INFO  impl.RaftServerImpl (RaftServerImpl.java:setRole(174)) - 997f61cf-2db1-4774-b3a4-04f019f0a728@group-2E052C20269C: changes role from      null to FOLLOWER at term 0 for startAsFollower
2019-09-23 16:04:53,652 [pool-47-thread-1] INFO  impl.RaftServerImpl (RaftServerImpl.java:start(185)) - e8629b27-0698-411f-a75e-412d9312397f@group-2E052C20269C: start as a follower, conf=-1: [1c3c41c6-64c5-4fba-b581-d89a673ed8eb:192.168.34.17:45910, 997f61cf-2db1-4774-b3a4-04f019f0a728:192.168.34.17:46008, e8629b27-0698-411f-a75e-412d9312397f:192.168.34.17:42826], old=null
2019-09-23 16:04:53,653 [pool-27-thread-1] INFO  impl.RoleInfo (RoleInfo.java:updateAndGet(143)) - 997f61cf-2db1-4774-b3a4-04f019f0a728: start FollowerState
2019-09-23 16:04:53,653 [pool-47-thread-1] INFO  impl.RaftServerImpl (RaftServerImpl.java:setRole(174)) - e8629b27-0698-411f-a75e-412d9312397f@group-2E052C20269C: changes role from      null to FOLLOWER at term 0 for startAsFollower
2019-09-23 16:04:53,653 [pool-47-thread-1] INFO  impl.RoleInfo (RoleInfo.java:updateAndGet(143)) - e8629b27-0698-411f-a75e-412d9312397f: start FollowerState
2019-09-23 16:04:53,654 [pool-37-thread-1] INFO  impl.RaftServerImpl (RaftServerImpl.java:start(185)) - 1c3c41c6-64c5-4fba-b581-d89a673ed8eb@group-2E052C20269C: start as a follower, conf=-1: [1c3c41c6-64c5-4fba-b581-d89a673ed8eb:192.168.34.17:45910, 997f61cf-2db1-4774-b3a4-04f019f0a728:192.168.34.17:46008, e8629b27-0698-411f-a75e-412d9312397f:192.168.34.17:42826], old=null
2019-09-23 16:04:53,654 [pool-27-thread-1] INFO  util.JmxRegister (JmxRegister.java:tryRegister(44)) - Successfully registered JMX Bean with object name Ratis:service=RaftServer,group=group-2E052C20269C,id=997f61cf-2db1-4774-b3a4-04f019f0a728
2019-09-23 16:04:53,655 [pool-37-thread-1] INFO  impl.RaftServerImpl (RaftServerImpl.java:setRole(174)) - 1c3c41c6-64c5-4fba-b581-d89a673ed8eb@group-2E052C20269C: changes role from      null to FOLLOWER at term 0 for startAsFollower
2019-09-23 16:04:53,654 [pool-47-thread-1] INFO  util.JmxRegister (JmxRegister.java:tryRegister(44)) - Successfully registered JMX Bean with object name Ratis:service=RaftServer,group=group-2E052C20269C,id=e8629b27-0698-411f-a75e-412d9312397f
2019-09-23 16:04:53,655 [pool-37-thread-1] INFO  impl.RoleInfo (RoleInfo.java:updateAndGet(143)) - 1c3c41c6-64c5-4fba-b581-d89a673ed8eb: start FollowerState
2019-09-23 16:04:53,656 [pool-37-thread-1] INFO  util.JmxRegister (JmxRegister.java:tryRegister(44)) - Successfully registered JMX Bean with object name Ratis:service=RaftServer,group=group-2E052C20269C,id=1c3c41c6-64c5-4fba-b581-d89a673ed8eb
2019-09-23 16:04:53,672 [RatisPipelineUtilsThread] INFO  pipeline.PipelineStateManager (PipelineStateManager.java:addPipeline(56)) - Created pipeline Pipeline[ Id: c24fa039-c2ab-403b-b41d-2e052c20269c, Nodes: 997f61cf-2db1-4774-b3a4-04f019f0a728{ip: 192.168.34.17, host: pr-hdds-2166-7skhj-3476174427, networkLocation: /default-rack, certSerialId: null}1c3c41c6-64c5-4fba-b581-d89a673ed8eb{ip: 192.168.34.17, host: pr-hdds-2166-7skhj-3476174427, networkLocation: /default-rack, certSerialId: null}e8629b27-0698-411f-a75e-412d9312397f{ip: 192.168.34.17, host: pr-hdds-2166-7skhj-3476174427, networkLocation: /default-rack, certSerialId: null}, Type:RATIS, Factor:THREE, State:OPEN]
2019-09-23 16:04:53,929 [main] INFO  ozone.MiniOzoneClusterImpl (MiniOzoneClusterImpl.java:getStorageContainerLocationClient(234)) - Creating StorageContainerLocationProtocol RPC client with address /0.0.0.0:37347
2019-09-23 16:04:53,957 [main] INFO  rpc.RpcClient (RpcClient.java:createVolume(276)) - Creating Volume: e78a3332-0bf9-4aa8-8ea8-bcaf309aa2eb, with jenkins1000 as owner.
2019-09-23 16:04:54,047 [IPC Server handler 1 on 36584] INFO  volume.OMVolumeCreateRequest (OMVolumeCreateRequest.java:validateAndUpdateCache(189)) - created volume:e78a3332-0bf9-4aa8-8ea8-bcaf309aa2eb for user:jenkins1000
2019-09-23 16:04:54,071 [main] INFO  rpc.RpcClient (RpcClient.java:createBucket(415)) - Creating Bucket: e78a3332-0bf9-4aa8-8ea8-bcaf309aa2eb/3ec3a440-3c08-443d-ac40-e6c6e24d8587, with Versioning false and Storage Type set to DISK and Encryption set to false 
2019-09-23 16:04:54,594 [main] INFO  impl.MetricsSystemImpl (MetricsSystemImpl.java:init(158)) - XceiverClientMetrics metrics system started (again)
2019-09-23 16:04:55,249 [Thread-178] INFO  container.ReplicationManager (ReplicationManager.java:start(162)) - Starting Replication Monitor Thread.
2019-09-23 16:04:55,255 [ReplicationMonitor] INFO  container.ReplicationManager (ReplicationManager.java:run(225)) - Replication Monitor Thread took 4 milliseconds for processing 1 containers.
2019-09-23 16:04:58,136 [Thread-180] INFO  impl.FollowerState (FollowerState.java:run(106)) - 997f61cf-2db1-4774-b3a4-04f019f0a728:group-CBD84B1A85B8 changes to CANDIDATE, lastRpcTime:5099, electionTimeout:5098ms
2019-09-23 16:04:58,140 [Thread-180] INFO  impl.RoleInfo (RoleInfo.java:shutdownFollowerState(121)) - 997f61cf-2db1-4774-b3a4-04f019f0a728: shutdown FollowerState
2019-09-23 16:04:58,140 [Thread-180] INFO  impl.RaftServerImpl (RaftServerImpl.java:setRole(174)) - 997f61cf-2db1-4774-b3a4-04f019f0a728@group-CBD84B1A85B8: changes role from  FOLLOWER to CANDIDATE at term 0 for changeToCandidate
2019-09-23 16:04:58,152 [Thread-180] INFO  impl.RoleInfo (RoleInfo.java:updateAndGet(143)) - 997f61cf-2db1-4774-b3a4-04f019f0a728: start LeaderElection
2019-09-23 16:04:58,399 [Thread-183] INFO  impl.FollowerState (FollowerState.java:run(106)) - 1c3c41c6-64c5-4fba-b581-d89a673ed8eb:group-982EF3975E0F changes to CANDIDATE, lastRpcTime:5026, electionTimeout:5026ms
2019-09-23 16:04:58,403 [Thread-183] INFO  impl.RoleInfo (RoleInfo.java:shutdownFollowerState(121)) - 1c3c41c6-64c5-4fba-b581-d89a673ed8eb: shutdown FollowerState
2019-09-23 16:04:58,404 [Thread-183] INFO  impl.RaftServerImpl (RaftServerImpl.java:setRole(174)) - 1c3c41c6-64c5-4fba-b581-d89a673ed8eb@group-982EF3975E0F: changes role from  FOLLOWER to CANDIDATE at term 0 for changeToCandidate
2019-09-23 16:04:58,404 [Thread-183] INFO  impl.RoleInfo (RoleInfo.java:updateAndGet(143)) - 1c3c41c6-64c5-4fba-b581-d89a673ed8eb: start LeaderElection
2019-09-23 16:04:58,622 [Thread-186] INFO  impl.FollowerState (FollowerState.java:run(106)) - e8629b27-0698-411f-a75e-412d9312397f:group-3F96BB06B0E9 changes to CANDIDATE, lastRpcTime:5086, electionTimeout:5085ms
2019-09-23 16:04:58,622 [Thread-186] INFO  impl.RoleInfo (RoleInfo.java:shutdownFollowerState(121)) - e8629b27-0698-411f-a75e-412d9312397f: shutdown FollowerState
2019-09-23 16:04:58,623 [Thread-186] INFO  impl.RaftServerImpl (RaftServerImpl.java:setRole(174)) - e8629b27-0698-411f-a75e-412d9312397f@group-3F96BB06B0E9: changes role from  FOLLOWER to CANDIDATE at term 0 for changeToCandidate
2019-09-23 16:04:58,623 [Thread-186] INFO  impl.RoleInfo (RoleInfo.java:updateAndGet(143)) - e8629b27-0698-411f-a75e-412d9312397f: start LeaderElection
2019-09-23 16:04:58,669 [Thread-193] INFO  impl.FollowerState (FollowerState.java:run(106)) - 1c3c41c6-64c5-4fba-b581-d89a673ed8eb:group-2E052C20269C changes to CANDIDATE, lastRpcTime:5013, electionTimeout:5013ms
2019-09-23 16:04:58,669 [Thread-193] INFO  impl.RoleInfo (RoleInfo.java:shutdownFollowerState(121)) - 1c3c41c6-64c5-4fba-b581-d89a673ed8eb: shutdown FollowerState
2019-09-23 16:04:58,669 [Thread-193] INFO  impl.RaftServerImpl (RaftServerImpl.java:setRole(174)) - 1c3c41c6-64c5-4fba-b581-d89a673ed8eb@group-2E052C20269C: changes role from  FOLLOWER to CANDIDATE at term 0 for changeToCandidate
2019-09-23 16:04:58,670 [Thread-193] INFO  impl.RoleInfo (RoleInfo.java:updateAndGet(143)) - 1c3c41c6-64c5-4fba-b581-d89a673ed8eb: start LeaderElection
2019-09-23 16:04:58,807 [Thread-192] INFO  impl.FollowerState (FollowerState.java:run(106)) - e8629b27-0698-411f-a75e-412d9312397f:group-2E052C20269C changes to CANDIDATE, lastRpcTime:5153, electionTimeout:5152ms
2019-09-23 16:04:58,807 [Thread-192] INFO  impl.RoleInfo (RoleInfo.java:shutdownFollowerState(121)) - e8629b27-0698-411f-a75e-412d9312397f: shutdown FollowerState
2019-09-23 16:04:58,807 [Thread-192] INFO  impl.RaftServerImpl (RaftServerImpl.java:setRole(174)) - e8629b27-0698-411f-a75e-412d9312397f@group-2E052C20269C: changes role from  FOLLOWER to CANDIDATE at term 0 for changeToCandidate
2019-09-23 16:04:58,807 [Thread-192] INFO  impl.RoleInfo (RoleInfo.java:updateAndGet(143)) - e8629b27-0698-411f-a75e-412d9312397f: start LeaderElection
2019-09-23 16:04:58,834 [Thread-191] INFO  impl.FollowerState (FollowerState.java:run(106)) - 997f61cf-2db1-4774-b3a4-04f019f0a728:group-2E052C20269C changes to CANDIDATE, lastRpcTime:5181, electionTimeout:5181ms
2019-09-23 16:04:58,835 [Thread-191] INFO  impl.RoleInfo (RoleInfo.java:shutdownFollowerState(121)) - 997f61cf-2db1-4774-b3a4-04f019f0a728: shutdown FollowerState
2019-09-23 16:04:58,835 [Thread-191] INFO  impl.RaftServerImpl (RaftServerImpl.java:setRole(174)) - 997f61cf-2db1-4774-b3a4-04f019f0a728@group-2E052C20269C: changes role from  FOLLOWER to CANDIDATE at term 0 for changeToCandidate
2019-09-23 16:04:58,835 [Thread-191] INFO  impl.RoleInfo (RoleInfo.java:updateAndGet(143)) - 997f61cf-2db1-4774-b3a4-04f019f0a728: start LeaderElection
2019-09-23 16:05:01,906 [e8629b27-0698-411f-a75e-412d9312397f@group-3F96BB06B0E9:LeaderElection3] INFO  impl.LeaderElection (LeaderElection.java:askForVotes(182)) - e8629b27-0698-411f-a75e-412d9312397f@group-3F96BB06B0E9:LeaderElection3: begin an election at term 1 for -1: [e8629b27-0698-411f-a75e-412d9312397f:192.168.34.17:42826], old=null
2019-09-23 16:05:01,906 [997f61cf-2db1-4774-b3a4-04f019f0a728@group-CBD84B1A85B8:LeaderElection1] INFO  impl.LeaderElection (LeaderElection.java:askForVotes(182)) - 997f61cf-2db1-4774-b3a4-04f019f0a728@group-CBD84B1A85B8:LeaderElection1: begin an election at term 1 for -1: [997f61cf-2db1-4774-b3a4-04f019f0a728:192.168.34.17:46008], old=null
2019-09-23 16:05:01,906 [1c3c41c6-64c5-4fba-b581-d89a673ed8eb@group-982EF3975E0F:LeaderElection2] INFO  impl.LeaderElection (LeaderElection.java:askForVotes(182)) - 1c3c41c6-64c5-4fba-b581-d89a673ed8eb@group-982EF3975E0F:LeaderElection2: begin an election at term 1 for -1: [1c3c41c6-64c5-4fba-b581-d89a673ed8eb:192.168.34.17:45910], old=null
2019-09-23 16:05:01,911 [997f61cf-2db1-4774-b3a4-04f019f0a728@group-CBD84B1A85B8:LeaderElection1] INFO  impl.RoleInfo (RoleInfo.java:shutdownLeaderElection(134)) - 997f61cf-2db1-4774-b3a4-04f019f0a728: shutdown LeaderElection
2019-09-23 16:05:01,911 [e8629b27-0698-411f-a75e-412d9312397f@group-3F96BB06B0E9:LeaderElection3] INFO  impl.RoleInfo (RoleInfo.java:shutdownLeaderElection(134)) - e8629b27-0698-411f-a75e-412d9312397f: shutdown LeaderElection
2019-09-23 16:05:01,911 [1c3c41c6-64c5-4fba-b581-d89a673ed8eb@group-982EF3975E0F:LeaderElection2] INFO  impl.RoleInfo (RoleInfo.java:shutdownLeaderElection(134)) - 1c3c41c6-64c5-4fba-b581-d89a673ed8eb: shutdown LeaderElection
2019-09-23 16:05:01,912 [1c3c41c6-64c5-4fba-b581-d89a673ed8eb@group-982EF3975E0F:LeaderElection2] INFO  impl.RaftServerImpl (RaftServerImpl.java:setRole(174)) - 1c3c41c6-64c5-4fba-b581-d89a673ed8eb@group-982EF3975E0F: changes role from CANDIDATE to LEADER at term 1 for changeToLeader
2019-09-23 16:05:01,912 [e8629b27-0698-411f-a75e-412d9312397f@group-3F96BB06B0E9:LeaderElection3] INFO  impl.RaftServerImpl (RaftServerImpl.java:setRole(174)) - e8629b27-0698-411f-a75e-412d9312397f@group-3F96BB06B0E9: changes role from CANDIDATE to LEADER at term 1 for changeToLeader
2019-09-23 16:05:01,912 [997f61cf-2db1-4774-b3a4-04f019f0a728@group-CBD84B1A85B8:LeaderElection1] INFO  impl.RaftServerImpl (RaftServerImpl.java:setRole(174)) - 997f61cf-2db1-4774-b3a4-04f019f0a728@group-CBD84B1A85B8: changes role from CANDIDATE to LEADER at term 1 for changeToLeader
2019-09-23 16:05:01,913 [e8629b27-0698-411f-a75e-412d9312397f@group-3F96BB06B0E9:LeaderElection3] INFO  impl.RaftServerImpl (ServerState.java:setLeader(253)) - e8629b27-0698-411f-a75e-412d9312397f@group-3F96BB06B0E9: change Leader from null to e8629b27-0698-411f-a75e-412d9312397f at term 1 for becomeLeader, leader elected after 8403ms
2019-09-23 16:05:01,912 [1c3c41c6-64c5-4fba-b581-d89a673ed8eb@group-982EF3975E0F:LeaderElection2] INFO  impl.RaftServerImpl (ServerState.java:setLeader(253)) - 1c3c41c6-64c5-4fba-b581-d89a673ed8eb@group-982EF3975E0F: change Leader from null to 1c3c41c6-64c5-4fba-b581-d89a673ed8eb at term 1 for becomeLeader, leader elected after 8563ms
2019-09-23 16:05:01,913 [997f61cf-2db1-4774-b3a4-04f019f0a728@group-CBD84B1A85B8:LeaderElection1] INFO  impl.RaftServerImpl (ServerState.java:setLeader(253)) - 997f61cf-2db1-4774-b3a4-04f019f0a728@group-CBD84B1A85B8: change Leader from null to 997f61cf-2db1-4774-b3a4-04f019f0a728 at term 1 for becomeLeader, leader elected after 8994ms
2019-09-23 16:05:01,924 [1c3c41c6-64c5-4fba-b581-d89a673ed8eb@group-982EF3975E0F:LeaderElection2] INFO  server.RaftServerConfigKeys (ConfUtils.java:logGet(43)) - raft.server.staging.catchup.gap = 1000 (default)
2019-09-23 16:05:01,924 [e8629b27-0698-411f-a75e-412d9312397f@group-3F96BB06B0E9:LeaderElection3] INFO  server.RaftServerConfigKeys (ConfUtils.java:logGet(43)) - raft.server.staging.catchup.gap = 1000 (default)
2019-09-23 16:05:01,924 [997f61cf-2db1-4774-b3a4-04f019f0a728@group-CBD84B1A85B8:LeaderElection1] INFO  server.RaftServerConfigKeys (ConfUtils.java:logGet(43)) - raft.server.staging.catchup.gap = 1000 (default)
2019-09-23 16:05:01,924 [e8629b27-0698-411f-a75e-412d9312397f@group-3F96BB06B0E9:LeaderElection3] INFO  server.RaftServerConfigKeys (ConfUtils.java:logGet(43)) - raft.server.rpc.sleep.time = 25ms (default)
2019-09-23 16:05:01,924 [1c3c41c6-64c5-4fba-b581-d89a673ed8eb@group-982EF3975E0F:LeaderElection2] INFO  server.RaftServerConfigKeys (ConfUtils.java:logGet(43)) - raft.server.rpc.sleep.time = 25ms (default)
2019-09-23 16:05:01,924 [997f61cf-2db1-4774-b3a4-04f019f0a728@group-CBD84B1A85B8:LeaderElection1] INFO  server.RaftServerConfigKeys (ConfUtils.java:logGet(43)) - raft.server.rpc.sleep.time = 25ms (default)
2019-09-23 16:05:01,929 [1c3c41c6-64c5-4fba-b581-d89a673ed8eb@group-982EF3975E0F:LeaderElection2] INFO  server.RaftServerConfigKeys (ConfUtils.java:logGet(43)) - raft.server.write.element-limit = 4096 (default)
2019-09-23 16:05:01,929 [e8629b27-0698-411f-a75e-412d9312397f@group-3F96BB06B0E9:LeaderElection3] INFO  server.RaftServerConfigKeys (ConfUtils.java:logGet(43)) - raft.server.write.element-limit = 4096 (default)
2019-09-23 16:05:01,929 [997f61cf-2db1-4774-b3a4-04f019f0a728@group-CBD84B1A85B8:LeaderElection1] INFO  server.RaftServerConfigKeys (ConfUtils.java:logGet(43)) - raft.server.write.element-limit = 4096 (default)
2019-09-23 16:05:01,932 [1c3c41c6-64c5-4fba-b581-d89a673ed8eb@group-982EF3975E0F:LeaderElection2] INFO  server.RaftServerConfigKeys (ConfUtils.java:logGet(43)) - raft.server.watch.timeout = 10s (default)
2019-09-23 16:05:01,932 [e8629b27-0698-411f-a75e-412d9312397f@group-3F96BB06B0E9:LeaderElection3] INFO  server.RaftServerConfigKeys (ConfUtils.java:logGet(43)) - raft.server.watch.timeout = 10s (default)
2019-09-23 16:05:01,932 [997f61cf-2db1-4774-b3a4-04f019f0a728@group-CBD84B1A85B8:LeaderElection1] INFO  server.RaftServerConfigKeys (ConfUtils.java:logGet(43)) - raft.server.watch.timeout = 10s (default)
2019-09-23 16:05:01,933 [e8629b27-0698-411f-a75e-412d9312397f@group-3F96BB06B0E9:LeaderElection3] INFO  server.RaftServerConfigKeys (ConfUtils.java:logGet(43)) - raft.server.watch.timeout.denomination = 1s (default)
2019-09-23 16:05:01,932 [1c3c41c6-64c5-4fba-b581-d89a673ed8eb@group-982EF3975E0F:LeaderElection2] INFO  server.RaftServerConfigKeys (ConfUtils.java:logGet(43)) - raft.server.watch.timeout.denomination = 1s (default)
2019-09-23 16:05:01,933 [997f61cf-2db1-4774-b3a4-04f019f0a728@group-CBD84B1A85B8:LeaderElection1] INFO  server.RaftServerConfigKeys (ConfUtils.java:logGet(43)) - raft.server.watch.timeout.denomination = 1s (default)
2019-09-23 16:05:01,934 [997f61cf-2db1-4774-b3a4-04f019f0a728@group-CBD84B1A85B8:LeaderElection1] INFO  server.RaftServerConfigKeys (ConfUtils.java:logGet(43)) - raft.server.watch.element-limit = 65536 (default)
2019-09-23 16:05:01,934 [1c3c41c6-64c5-4fba-b581-d89a673ed8eb@group-982EF3975E0F:LeaderElection2] INFO  server.RaftServerConfigKeys (ConfUtils.java:logGet(43)) - raft.server.watch.element-limit = 65536 (default)
2019-09-23 16:05:01,934 [e8629b27-0698-411f-a75e-412d9312397f@group-3F96BB06B0E9:LeaderElection3] INFO  server.RaftServerConfigKeys (ConfUtils.java:logGet(43)) - raft.server.watch.element-limit = 65536 (default)
2019-09-23 16:05:01,960 [997f61cf-2db1-4774-b3a4-04f019f0a728@group-CBD84B1A85B8:LeaderElection1] INFO  impl.RoleInfo (RoleInfo.java:updateAndGet(143)) - 997f61cf-2db1-4774-b3a4-04f019f0a728: start LeaderState
2019-09-23 16:05:01,960 [e8629b27-0698-411f-a75e-412d9312397f@group-3F96BB06B0E9:LeaderElection3] INFO  impl.RoleInfo (RoleInfo.java:updateAndGet(143)) - e8629b27-0698-411f-a75e-412d9312397f: start LeaderState
2019-09-23 16:05:01,960 [1c3c41c6-64c5-4fba-b581-d89a673ed8eb@group-982EF3975E0F:LeaderElection2] INFO  impl.RoleInfo (RoleInfo.java:updateAndGet(143)) - 1c3c41c6-64c5-4fba-b581-d89a673ed8eb: start LeaderState
2019-09-23 16:05:01,986 [997f61cf-2db1-4774-b3a4-04f019f0a728@group-CBD84B1A85B8:LeaderElection1] INFO  segmented.SegmentedRaftLogWorker (SegmentedRaftLogWorker.java:startLogSegment(380)) - 997f61cf-2db1-4774-b3a4-04f019f0a728@group-CBD84B1A85B8-SegmentedRaftLogWorker: Starting segment from index:0
2019-09-23 16:05:01,986 [e8629b27-0698-411f-a75e-412d9312397f@group-3F96BB06B0E9:LeaderElection3] INFO  segmented.SegmentedRaftLogWorker (SegmentedRaftLogWorker.java:startLogSegment(380)) - e8629b27-0698-411f-a75e-412d9312397f@group-3F96BB06B0E9-SegmentedRaftLogWorker: Starting segment from index:0
2019-09-23 16:05:01,986 [1c3c41c6-64c5-4fba-b581-d89a673ed8eb@group-982EF3975E0F:LeaderElection2] INFO  segmented.SegmentedRaftLogWorker (SegmentedRaftLogWorker.java:startLogSegment(380)) - 1c3c41c6-64c5-4fba-b581-d89a673ed8eb@group-982EF3975E0F-SegmentedRaftLogWorker: Starting segment from index:0
2019-09-23 16:05:01,997 [1c3c41c6-64c5-4fba-b581-d89a673ed8eb@group-982EF3975E0F:LeaderElection2] INFO  impl.RaftServerImpl (ServerState.java:setRaftConf(354)) - 1c3c41c6-64c5-4fba-b581-d89a673ed8eb@group-982EF3975E0F: set configuration 0: [1c3c41c6-64c5-4fba-b581-d89a673ed8eb:192.168.34.17:45910], old=null at 0
2019-09-23 16:05:01,997 [e8629b27-0698-411f-a75e-412d9312397f@group-3F96BB06B0E9:LeaderElection3] INFO  impl.RaftServerImpl (ServerState.java:setRaftConf(354)) - e8629b27-0698-411f-a75e-412d9312397f@group-3F96BB06B0E9: set configuration 0: [e8629b27-0698-411f-a75e-412d9312397f:192.168.34.17:42826], old=null at 0
2019-09-23 16:05:01,997 [997f61cf-2db1-4774-b3a4-04f019f0a728@group-CBD84B1A85B8:LeaderElection1] INFO  impl.RaftServerImpl (ServerState.java:setRaftConf(354)) - 997f61cf-2db1-4774-b3a4-04f019f0a728@group-CBD84B1A85B8: set configuration 0: [997f61cf-2db1-4774-b3a4-04f019f0a728:192.168.34.17:46008], old=null at 0
2019-09-23 16:05:07,079 [e8629b27-0698-411f-a75e-412d9312397f@group-2E052C20269C:LeaderElection5] INFO  impl.LeaderElection (LeaderElection.java:askForVotes(182)) - e8629b27-0698-411f-a75e-412d9312397f@group-2E052C20269C:LeaderElection5: begin an election at term 1 for -1: [1c3c41c6-64c5-4fba-b581-d89a673ed8eb:192.168.34.17:45910, 997f61cf-2db1-4774-b3a4-04f019f0a728:192.168.34.17:46008, e8629b27-0698-411f-a75e-412d9312397f:192.168.34.17:42826], old=null
2019-09-23 16:05:07,079 [1c3c41c6-64c5-4fba-b581-d89a673ed8eb@group-2E052C20269C:LeaderElection4] INFO  impl.LeaderElection (LeaderElection.java:askForVotes(182)) - 1c3c41c6-64c5-4fba-b581-d89a673ed8eb@group-2E052C20269C:LeaderElection4: begin an election at term 1 for -1: [1c3c41c6-64c5-4fba-b581-d89a673ed8eb:192.168.34.17:45910, 997f61cf-2db1-4774-b3a4-04f019f0a728:192.168.34.17:46008, e8629b27-0698-411f-a75e-412d9312397f:192.168.34.17:42826], old=null
2019-09-23 16:05:07,079 [997f61cf-2db1-4774-b3a4-04f019f0a728@group-2E052C20269C:LeaderElection6] INFO  impl.LeaderElection (LeaderElection.java:askForVotes(182)) - 997f61cf-2db1-4774-b3a4-04f019f0a728@group-2E052C20269C:LeaderElection6: begin an election at term 1 for -1: [1c3c41c6-64c5-4fba-b581-d89a673ed8eb:192.168.34.17:45910, 997f61cf-2db1-4774-b3a4-04f019f0a728:192.168.34.17:46008, e8629b27-0698-411f-a75e-412d9312397f:192.168.34.17:42826], old=null
2019-09-23 16:05:07,131 [997f61cf-2db1-4774-b3a4-04f019f0a728@group-2E052C20269C:LeaderElection6] INFO  impl.LeaderElection (LeaderElection.java:logAndReturn(56)) - 997f61cf-2db1-4774-b3a4-04f019f0a728@group-2E052C20269C:LeaderElection6: Election REJECTED; received 2 response(s) [997f61cf-2db1-4774-b3a4-04f019f0a728<-1c3c41c6-64c5-4fba-b581-d89a673ed8eb#0:FAIL-t1, 997f61cf-2db1-4774-b3a4-04f019f0a728<-e8629b27-0698-411f-a75e-412d9312397f#0:FAIL-t1] and 0 exception(s); 997f61cf-2db1-4774-b3a4-04f019f0a728@group-2E052C20269C:t1, leader=null, voted=997f61cf-2db1-4774-b3a4-04f019f0a728, raftlog=997f61cf-2db1-4774-b3a4-04f019f0a728@group-2E052C20269C-SegmentedRaftLog:OPENED:c-1,f-1,i0, conf=-1: [1c3c41c6-64c5-4fba-b581-d89a673ed8eb:192.168.34.17:45910, 997f61cf-2db1-4774-b3a4-04f019f0a728:192.168.34.17:46008, e8629b27-0698-411f-a75e-412d9312397f:192.168.34.17:42826], old=null
2019-09-23 16:05:07,131 [1c3c41c6-64c5-4fba-b581-d89a673ed8eb@group-2E052C20269C:LeaderElection4] INFO  impl.LeaderElection (LeaderElection.java:logAndReturn(56)) - 1c3c41c6-64c5-4fba-b581-d89a673ed8eb@group-2E052C20269C:LeaderElection4: Election REJECTED; received 2 response(s) [1c3c41c6-64c5-4fba-b581-d89a673ed8eb<-997f61cf-2db1-4774-b3a4-04f019f0a728#0:FAIL-t1, 1c3c41c6-64c5-4fba-b581-d89a673ed8eb<-e8629b27-0698-411f-a75e-412d9312397f#0:FAIL-t1] and 0 exception(s); 1c3c41c6-64c5-4fba-b581-d89a673ed8eb@group-2E052C20269C:t1, leader=null, voted=1c3c41c6-64c5-4fba-b581-d89a673ed8eb, raftlog=1c3c41c6-64c5-4fba-b581-d89a673ed8eb@group-2E052C20269C-SegmentedRaftLog:OPENED:c-1,f-1,i0, conf=-1: [1c3c41c6-64c5-4fba-b581-d89a673ed8eb:192.168.34.17:45910, 997f61cf-2db1-4774-b3a4-04f019f0a728:192.168.34.17:46008, e8629b27-0698-411f-a75e-412d9312397f:192.168.34.17:42826], old=null
2019-09-23 16:05:07,131 [e8629b27-0698-411f-a75e-412d9312397f@group-2E052C20269C:LeaderElection5] INFO  impl.LeaderElection (LeaderElection.java:logAndReturn(56)) - e8629b27-0698-411f-a75e-412d9312397f@group-2E052C20269C:LeaderElection5: Election REJECTED; received 2 response(s) [e8629b27-0698-411f-a75e-412d9312397f<-1c3c41c6-64c5-4fba-b581-d89a673ed8eb#0:FAIL-t1, e8629b27-0698-411f-a75e-412d9312397f<-997f61cf-2db1-4774-b3a4-04f019f0a728#0:FAIL-t1] and 0 exception(s); e8629b27-0698-411f-a75e-412d9312397f@group-2E052C20269C:t1, leader=null, voted=e8629b27-0698-411f-a75e-412d9312397f, raftlog=e8629b27-0698-411f-a75e-412d9312397f@group-2E052C20269C-SegmentedRaftLog:OPENED:c-1,f-1,i0, conf=-1: [1c3c41c6-64c5-4fba-b581-d89a673ed8eb:192.168.34.17:45910, 997f61cf-2db1-4774-b3a4-04f019f0a728:192.168.34.17:46008, e8629b27-0698-411f-a75e-412d9312397f:192.168.34.17:42826], old=null
2019-09-23 16:05:07,137 [997f61cf-2db1-4774-b3a4-04f019f0a728@group-2E052C20269C:LeaderElection6] INFO  impl.RaftServerImpl (RaftServerImpl.java:setRole(174)) - 997f61cf-2db1-4774-b3a4-04f019f0a728@group-2E052C20269C: changes role from CANDIDATE to FOLLOWER at term 1 for DISCOVERED_A_NEW_TERM
2019-09-23 16:05:07,138 [e8629b27-0698-411f-a75e-412d9312397f@group-2E052C20269C:LeaderElection5] INFO  impl.RaftServerImpl (RaftServerImpl.java:setRole(174)) - e8629b27-0698-411f-a75e-412d9312397f@group-2E052C20269C: changes role from CANDIDATE to FOLLOWER at term 1 for DISCOVERED_A_NEW_TERM
2019-09-23 16:05:07,137 [1c3c41c6-64c5-4fba-b581-d89a673ed8eb@group-2E052C20269C:LeaderElection4] INFO  impl.RaftServerImpl (RaftServerImpl.java:setRole(174)) - 1c3c41c6-64c5-4fba-b581-d89a673ed8eb@group-2E052C20269C: changes role from CANDIDATE to FOLLOWER at term 1 for DISCOVERED_A_NEW_TERM
2019-09-23 16:05:07,139 [e8629b27-0698-411f-a75e-412d9312397f@group-2E052C20269C:LeaderElection5] INFO  impl.RoleInfo (RoleInfo.java:shutdownLeaderElection(134)) - e8629b27-0698-411f-a75e-412d9312397f: shutdown LeaderElection
2019-09-23 16:05:07,139 [997f61cf-2db1-4774-b3a4-04f019f0a728@group-2E052C20269C:LeaderElection6] INFO  impl.RoleInfo (RoleInfo.java:shutdownLeaderElection(134)) - 997f61cf-2db1-4774-b3a4-04f019f0a728: shutdown LeaderElection
2019-09-23 16:05:07,139 [e8629b27-0698-411f-a75e-412d9312397f@group-2E052C20269C:LeaderElection5] INFO  impl.RoleInfo (RoleInfo.java:updateAndGet(143)) - e8629b27-0698-411f-a75e-412d9312397f: start FollowerState
2019-09-23 16:05:07,139 [1c3c41c6-64c5-4fba-b581-d89a673ed8eb@group-2E052C20269C:LeaderElection4] INFO  impl.RoleInfo (RoleInfo.java:shutdownLeaderElection(134)) - 1c3c41c6-64c5-4fba-b581-d89a673ed8eb: shutdown LeaderElection
2019-09-23 16:05:07,139 [997f61cf-2db1-4774-b3a4-04f019f0a728@group-2E052C20269C:LeaderElection6] INFO  impl.RoleInfo (RoleInfo.java:updateAndGet(143)) - 997f61cf-2db1-4774-b3a4-04f019f0a728: start FollowerState
2019-09-23 16:05:07,139 [1c3c41c6-64c5-4fba-b581-d89a673ed8eb@group-2E052C20269C:LeaderElection4] INFO  impl.RoleInfo (RoleInfo.java:updateAndGet(143)) - 1c3c41c6-64c5-4fba-b581-d89a673ed8eb: start FollowerState
2019-09-23 16:05:08,582 [997f61cf-2db1-4774-b3a4-04f019f0a728@group-CBD84B1A85B8-SegmentedRaftLogWorker] INFO  segmented.SegmentedRaftLogWorker (SegmentedRaftLogWorker.java:execute(569)) - 997f61cf-2db1-4774-b3a4-04f019f0a728@group-CBD84B1A85B8-SegmentedRaftLogWorker: created new log segment /workdir/hadoop-ozone/integration-test/target/test-dir/MiniOzoneClusterImpl-a9b0fc7e-8a95-45d7-9b75-78fc37cdd298/datanode-0/data/ratis/0cd33a08-3576-4bea-8e0c-cbd84b1a85b8/current/log_inprogress_0
2019-09-23 16:05:08,582 [e8629b27-0698-411f-a75e-412d9312397f@group-3F96BB06B0E9-SegmentedRaftLogWorker] INFO  segmented.SegmentedRaftLogWorker (SegmentedRaftLogWorker.java:execute(569)) - e8629b27-0698-411f-a75e-412d9312397f@group-3F96BB06B0E9-SegmentedRaftLogWorker: created new log segment /workdir/hadoop-ozone/integration-test/target/test-dir/MiniOzoneClusterImpl-a9b0fc7e-8a95-45d7-9b75-78fc37cdd298/datanode-2/data/ratis/e6b4d047-3c29-45fd-a39c-3f96bb06b0e9/current/log_inprogress_0
2019-09-23 16:05:08,582 [1c3c41c6-64c5-4fba-b581-d89a673ed8eb@group-982EF3975E0F-SegmentedRaftLogWorker] INFO  segmented.SegmentedRaftLogWorker (SegmentedRaftLogWorker.java:execute(569)) - 1c3c41c6-64c5-4fba-b581-d89a673ed8eb@group-982EF3975E0F-SegmentedRaftLogWorker: created new log segment /workdir/hadoop-ozone/integration-test/target/test-dir/MiniOzoneClusterImpl-a9b0fc7e-8a95-45d7-9b75-78fc37cdd298/datanode-1/data/ratis/f652413e-e897-43b6-b784-982ef3975e0f/current/log_inprogress_0
2019-09-23 16:05:12,176 [Thread-244] INFO  impl.FollowerState (FollowerState.java:run(106)) - 1c3c41c6-64c5-4fba-b581-d89a673ed8eb:group-2E052C20269C changes to CANDIDATE, lastRpcTime:5036, electionTimeout:5036ms
2019-09-23 16:05:12,177 [Thread-244] INFO  impl.RoleInfo (RoleInfo.java:shutdownFollowerState(121)) - 1c3c41c6-64c5-4fba-b581-d89a673ed8eb: shutdown FollowerState
2019-09-23 16:05:12,177 [Thread-244] INFO  impl.RaftServerImpl (RaftServerImpl.java:setRole(174)) - 1c3c41c6-64c5-4fba-b581-d89a673ed8eb@group-2E052C20269C: changes role from  FOLLOWER to CANDIDATE at term 1 for changeToCandidate
2019-09-23 16:05:12,177 [Thread-244] INFO  impl.RoleInfo (RoleInfo.java:updateAndGet(143)) - 1c3c41c6-64c5-4fba-b581-d89a673ed8eb: start LeaderElection
2019-09-23 16:05:12,189 [Thread-242] INFO  impl.FollowerState (FollowerState.java:run(106)) - e8629b27-0698-411f-a75e-412d9312397f:group-2E052C20269C changes to CANDIDATE, lastRpcTime:5049, electionTimeout:5049ms
2019-09-23 16:05:12,189 [Thread-242] INFO  impl.RoleInfo (RoleInfo.java:shutdownFollowerState(121)) - e8629b27-0698-411f-a75e-412d9312397f: shutdown FollowerState
2019-09-23 16:05:12,189 [Thread-242] INFO  impl.RaftServerImpl (RaftServerImpl.java:setRole(174)) - e8629b27-0698-411f-a75e-412d9312397f@group-2E052C20269C: changes role from  FOLLOWER to CANDIDATE at term 1 for changeToCandidate
2019-09-23 16:05:12,189 [Thread-242] INFO  impl.RoleInfo (RoleInfo.java:updateAndGet(143)) - e8629b27-0698-411f-a75e-412d9312397f: start LeaderElection
2019-09-23 16:05:12,302 [Thread-243] INFO  impl.FollowerState (FollowerState.java:run(106)) - 997f61cf-2db1-4774-b3a4-04f019f0a728:group-2E052C20269C changes to CANDIDATE, lastRpcTime:5162, electionTimeout:5162ms
2019-09-23 16:05:12,302 [Thread-243] INFO  impl.RoleInfo (RoleInfo.java:shutdownFollowerState(121)) - 997f61cf-2db1-4774-b3a4-04f019f0a728: shutdown FollowerState
2019-09-23 16:05:12,302 [Thread-243] INFO  impl.RaftServerImpl (RaftServerImpl.java:setRole(174)) - 997f61cf-2db1-4774-b3a4-04f019f0a728@group-2E052C20269C: changes role from  FOLLOWER to CANDIDATE at term 1 for changeToCandidate
2019-09-23 16:05:12,303 [Thread-243] INFO  impl.RoleInfo (RoleInfo.java:updateAndGet(143)) - 997f61cf-2db1-4774-b3a4-04f019f0a728: start LeaderElection
2019-09-23 16:05:14,889 [997f61cf-2db1-4774-b3a4-04f019f0a728@group-2E052C20269C:LeaderElection9] INFO  impl.LeaderElection (LeaderElection.java:askForVotes(182)) - 997f61cf-2db1-4774-b3a4-04f019f0a728@group-2E052C20269C:LeaderElection9: begin an election at term 2 for -1: [1c3c41c6-64c5-4fba-b581-d89a673ed8eb:192.168.34.17:45910, 997f61cf-2db1-4774-b3a4-04f019f0a728:192.168.34.17:46008, e8629b27-0698-411f-a75e-412d9312397f:192.168.34.17:42826], old=null
2019-09-23 16:05:14,889 [e8629b27-0698-411f-a75e-412d9312397f@group-2E052C20269C:LeaderElection8] INFO  impl.LeaderElection (LeaderElection.java:askForVotes(182)) - e8629b27-0698-411f-a75e-412d9312397f@group-2E052C20269C:LeaderElection8: begin an election at term 2 for -1: [1c3c41c6-64c5-4fba-b581-d89a673ed8eb:192.168.34.17:45910, 997f61cf-2db1-4774-b3a4-04f019f0a728:192.168.34.17:46008, e8629b27-0698-411f-a75e-412d9312397f:192.168.34.17:42826], old=null
2019-09-23 16:05:14,889 [1c3c41c6-64c5-4fba-b581-d89a673ed8eb@group-2E052C20269C:LeaderElection7] INFO  impl.LeaderElection (LeaderElection.java:askForVotes(182)) - 1c3c41c6-64c5-4fba-b581-d89a673ed8eb@group-2E052C20269C:LeaderElection7: begin an election at term 2 for -1: [1c3c41c6-64c5-4fba-b581-d89a673ed8eb:192.168.34.17:45910, 997f61cf-2db1-4774-b3a4-04f019f0a728:192.168.34.17:46008, e8629b27-0698-411f-a75e-412d9312397f:192.168.34.17:42826], old=null
2019-09-23 16:05:14,903 [1c3c41c6-64c5-4fba-b581-d89a673ed8eb@group-2E052C20269C:LeaderElection7] INFO  impl.LeaderElection (LeaderElection.java:logAndReturn(56)) - 1c3c41c6-64c5-4fba-b581-d89a673ed8eb@group-2E052C20269C:LeaderElection7: Election REJECTED; received 2 response(s) [1c3c41c6-64c5-4fba-b581-d89a673ed8eb<-997f61cf-2db1-4774-b3a4-04f019f0a728#0:FAIL-t2, 1c3c41c6-64c5-4fba-b581-d89a673ed8eb<-e8629b27-0698-411f-a75e-412d9312397f#0:FAIL-t2] and 0 exception(s); 1c3c41c6-64c5-4fba-b581-d89a673ed8eb@group-2E052C20269C:t2, leader=null, voted=1c3c41c6-64c5-4fba-b581-d89a673ed8eb, raftlog=1c3c41c6-64c5-4fba-b581-d89a673ed8eb@group-2E052C20269C-SegmentedRaftLog:OPENED:c-1,f-1,i0, conf=-1: [1c3c41c6-64c5-4fba-b581-d89a673ed8eb:192.168.34.17:45910, 997f61cf-2db1-4774-b3a4-04f019f0a728:192.168.34.17:46008, e8629b27-0698-411f-a75e-412d9312397f:192.168.34.17:42826], old=null
2019-09-23 16:05:14,903 [1c3c41c6-64c5-4fba-b581-d89a673ed8eb@group-2E052C20269C:LeaderElection7] INFO  impl.RaftServerImpl (RaftServerImpl.java:setRole(174)) - 1c3c41c6-64c5-4fba-b581-d89a673ed8eb@group-2E052C20269C: changes role from CANDIDATE to FOLLOWER at term 2 for DISCOVERED_A_NEW_TERM
2019-09-23 16:05:14,904 [1c3c41c6-64c5-4fba-b581-d89a673ed8eb@group-2E052C20269C:LeaderElection7] INFO  impl.RoleInfo (RoleInfo.java:shutdownLeaderElection(134)) - 1c3c41c6-64c5-4fba-b581-d89a673ed8eb: shutdown LeaderElection
2019-09-23 16:05:14,906 [1c3c41c6-64c5-4fba-b581-d89a673ed8eb@group-2E052C20269C:LeaderElection7] INFO  impl.RoleInfo (RoleInfo.java:updateAndGet(143)) - 1c3c41c6-64c5-4fba-b581-d89a673ed8eb: start FollowerState
2019-09-23 16:05:14,906 [e8629b27-0698-411f-a75e-412d9312397f@group-2E052C20269C:LeaderElection8] INFO  impl.LeaderElection (LeaderElection.java:logAndReturn(56)) - e8629b27-0698-411f-a75e-412d9312397f@group-2E052C20269C:LeaderElection8: Election REJECTED; received 2 response(s) [e8629b27-0698-411f-a75e-412d9312397f<-1c3c41c6-64c5-4fba-b581-d89a673ed8eb#0:FAIL-t2, e8629b27-0698-411f-a75e-412d9312397f<-997f61cf-2db1-4774-b3a4-04f019f0a728#0:FAIL-t2] and 0 exception(s); e8629b27-0698-411f-a75e-412d9312397f@group-2E052C20269C:t2, leader=null, voted=e8629b27-0698-411f-a75e-412d9312397f, raftlog=e8629b27-0698-411f-a75e-412d9312397f@group-2E052C20269C-SegmentedRaftLog:OPENED:c-1,f-1,i0, conf=-1: [1c3c41c6-64c5-4fba-b581-d89a673ed8eb:192.168.34.17:45910, 997f61cf-2db1-4774-b3a4-04f019f0a728:192.168.34.17:46008, e8629b27-0698-411f-a75e-412d9312397f:192.168.34.17:42826], old=null
2019-09-23 16:05:14,906 [997f61cf-2db1-4774-b3a4-04f019f0a728@group-2E052C20269C:LeaderElection9] INFO  impl.LeaderElection (LeaderElection.java:logAndReturn(56)) - 997f61cf-2db1-4774-b3a4-04f019f0a728@group-2E052C20269C:LeaderElection9: Election REJECTED; received 2 response(s) [997f61cf-2db1-4774-b3a4-04f019f0a728<-1c3c41c6-64c5-4fba-b581-d89a673ed8eb#0:FAIL-t2, 997f61cf-2db1-4774-b3a4-04f019f0a728<-e8629b27-0698-411f-a75e-412d9312397f#0:FAIL-t2] and 0 exception(s); 997f61cf-2db1-4774-b3a4-04f019f0a728@group-2E052C20269C:t2, leader=null, voted=997f61cf-2db1-4774-b3a4-04f019f0a728, raftlog=997f61cf-2db1-4774-b3a4-04f019f0a728@group-2E052C20269C-SegmentedRaftLog:OPENED:c-1,f-1,i0, conf=-1: [1c3c41c6-64c5-4fba-b581-d89a673ed8eb:192.168.34.17:45910, 997f61cf-2db1-4774-b3a4-04f019f0a728:192.168.34.17:46008, e8629b27-0698-411f-a75e-412d9312397f:192.168.34.17:42826], old=null
2019-09-23 16:05:14,909 [e8629b27-0698-411f-a75e-412d9312397f@group-2E052C20269C:LeaderElection8] INFO  impl.RaftServerImpl (RaftServerImpl.java:setRole(174)) - e8629b27-0698-411f-a75e-412d9312397f@group-2E052C20269C: changes role from CANDIDATE to FOLLOWER at term 2 for DISCOVERED_A_NEW_TERM
2019-09-23 16:05:14,911 [e8629b27-0698-411f-a75e-412d9312397f@group-2E052C20269C:LeaderElection8] INFO  impl.RoleInfo (RoleInfo.java:shutdownLeaderElection(134)) - e8629b27-0698-411f-a75e-412d9312397f: shutdown LeaderElection
2019-09-23 16:05:14,911 [997f61cf-2db1-4774-b3a4-04f019f0a728@group-2E052C20269C:LeaderElection9] INFO  impl.RaftServerImpl (RaftServerImpl.java:setRole(174)) - 997f61cf-2db1-4774-b3a4-04f019f0a728@group-2E052C20269C: changes role from CANDIDATE to FOLLOWER at term 2 for DISCOVERED_A_NEW_TERM
2019-09-23 16:05:14,912 [e8629b27-0698-411f-a75e-412d9312397f@group-2E052C20269C:LeaderElection8] INFO  impl.RoleInfo (RoleInfo.java:updateAndGet(143)) - e8629b27-0698-411f-a75e-412d9312397f: start FollowerState
2019-09-23 16:05:14,913 [997f61cf-2db1-4774-b3a4-04f019f0a728@group-2E052C20269C:LeaderElection9] INFO  impl.RoleInfo (RoleInfo.java:shutdownLeaderElection(134)) - 997f61cf-2db1-4774-b3a4-04f019f0a728: shutdown LeaderElection
2019-09-23 16:05:14,914 [997f61cf-2db1-4774-b3a4-04f019f0a728@group-2E052C20269C:LeaderElection9] INFO  impl.RoleInfo (RoleInfo.java:updateAndGet(143)) - 997f61cf-2db1-4774-b3a4-04f019f0a728: start FollowerState
2019-09-23 16:05:19,936 [Thread-270] INFO  impl.FollowerState (FollowerState.java:run(106)) - 1c3c41c6-64c5-4fba-b581-d89a673ed8eb:group-2E052C20269C changes to CANDIDATE, lastRpcTime:5029, electionTimeout:5027ms
2019-09-23 16:05:19,936 [Thread-270] INFO  impl.RoleInfo (RoleInfo.java:shutdownFollowerState(121)) - 1c3c41c6-64c5-4fba-b581-d89a673ed8eb: shutdown FollowerState
2019-09-23 16:05:19,937 [Thread-270] INFO  impl.RaftServerImpl (RaftServerImpl.java:setRole(174)) - 1c3c41c6-64c5-4fba-b581-d89a673ed8eb@group-2E052C20269C: changes role from  FOLLOWER to CANDIDATE at term 2 for changeToCandidate
2019-09-23 16:05:19,937 [Thread-270] INFO  impl.RoleInfo (RoleInfo.java:updateAndGet(143)) - 1c3c41c6-64c5-4fba-b581-d89a673ed8eb: start LeaderElection
2019-09-23 16:05:19,973 [Thread-271] INFO  impl.FollowerState (FollowerState.java:run(106)) - e8629b27-0698-411f-a75e-412d9312397f:group-2E052C20269C changes to CANDIDATE, lastRpcTime:5060, electionTimeout:5059ms
2019-09-23 16:05:19,973 [Thread-271] INFO  impl.RoleInfo (RoleInfo.java:shutdownFollowerState(121)) - e8629b27-0698-411f-a75e-412d9312397f: shutdown FollowerState
2019-09-23 16:05:19,973 [Thread-271] INFO  impl.RaftServerImpl (RaftServerImpl.java:setRole(174)) - e8629b27-0698-411f-a75e-412d9312397f@group-2E052C20269C: changes role from  FOLLOWER to CANDIDATE at term 2 for changeToCandidate
2019-09-23 16:05:19,974 [Thread-271] INFO  impl.RoleInfo (RoleInfo.java:updateAndGet(143)) - e8629b27-0698-411f-a75e-412d9312397f: start LeaderElection
2019-09-23 16:05:20,077 [Thread-272] INFO  impl.FollowerState (FollowerState.java:run(106)) - 997f61cf-2db1-4774-b3a4-04f019f0a728:group-2E052C20269C changes to CANDIDATE, lastRpcTime:5163, electionTimeout:5162ms
2019-09-23 16:05:20,077 [Thread-272] INFO  impl.RoleInfo (RoleInfo.java:shutdownFollowerState(121)) - 997f61cf-2db1-4774-b3a4-04f019f0a728: shutdown FollowerState
2019-09-23 16:05:20,078 [Thread-272] INFO  impl.RaftServerImpl (RaftServerImpl.java:setRole(174)) - 997f61cf-2db1-4774-b3a4-04f019f0a728@group-2E052C20269C: changes role from  FOLLOWER to CANDIDATE at term 2 for changeToCandidate
2019-09-23 16:05:20,078 [Thread-272] INFO  impl.RoleInfo (RoleInfo.java:updateAndGet(143)) - 997f61cf-2db1-4774-b3a4-04f019f0a728: start LeaderElection
2019-09-23 16:05:20,156 [997f61cf-2db1-4774-b3a4-04f019f0a728@group-2E052C20269C:LeaderElection12] INFO  impl.LeaderElection (LeaderElection.java:askForVotes(182)) - 997f61cf-2db1-4774-b3a4-04f019f0a728@group-2E052C20269C:LeaderElection12: begin an election at term 3 for -1: [1c3c41c6-64c5-4fba-b581-d89a673ed8eb:192.168.34.17:45910, 997f61cf-2db1-4774-b3a4-04f019f0a728:192.168.34.17:46008, e8629b27-0698-411f-a75e-412d9312397f:192.168.34.17:42826], old=null
2019-09-23 16:05:20,156 [e8629b27-0698-411f-a75e-412d9312397f@group-2E052C20269C:LeaderElection11] INFO  impl.LeaderElection (LeaderElection.java:askForVotes(182)) - e8629b27-0698-411f-a75e-412d9312397f@group-2E052C20269C:LeaderElection11: begin an election at term 3 for -1: [1c3c41c6-64c5-4fba-b581-d89a673ed8eb:192.168.34.17:45910, 997f61cf-2db1-4774-b3a4-04f019f0a728:192.168.34.17:46008, e8629b27-0698-411f-a75e-412d9312397f:192.168.34.17:42826], old=null
2019-09-23 16:05:20,156 [1c3c41c6-64c5-4fba-b581-d89a673ed8eb@group-2E052C20269C:LeaderElection10] INFO  impl.LeaderElection (LeaderElection.java:askForVotes(182)) - 1c3c41c6-64c5-4fba-b581-d89a673ed8eb@group-2E052C20269C:LeaderElection10: begin an election at term 3 for -1: [1c3c41c6-64c5-4fba-b581-d89a673ed8eb:192.168.34.17:45910, 997f61cf-2db1-4774-b3a4-04f019f0a728:192.168.34.17:46008, e8629b27-0698-411f-a75e-412d9312397f:192.168.34.17:42826], old=null
2019-09-23 16:05:20,170 [e8629b27-0698-411f-a75e-412d9312397f@group-2E052C20269C:LeaderElection11] INFO  impl.LeaderElection (LeaderElection.java:logAndReturn(56)) - e8629b27-0698-411f-a75e-412d9312397f@group-2E052C20269C:LeaderElection11: Election REJECTED; received 2 response(s) [e8629b27-0698-411f-a75e-412d9312397f<-1c3c41c6-64c5-4fba-b581-d89a673ed8eb#0:FAIL-t3, e8629b27-0698-411f-a75e-412d9312397f<-997f61cf-2db1-4774-b3a4-04f019f0a728#0:FAIL-t3] and 0 exception(s); e8629b27-0698-411f-a75e-412d9312397f@group-2E052C20269C:t3, leader=null, voted=e8629b27-0698-411f-a75e-412d9312397f, raftlog=e8629b27-0698-411f-a75e-412d9312397f@group-2E052C20269C-SegmentedRaftLog:OPENED:c-1,f-1,i0, conf=-1: [1c3c41c6-64c5-4fba-b581-d89a673ed8eb:192.168.34.17:45910, 997f61cf-2db1-4774-b3a4-04f019f0a728:192.168.34.17:46008, e8629b27-0698-411f-a75e-412d9312397f:192.168.34.17:42826], old=null
2019-09-23 16:05:20,170 [e8629b27-0698-411f-a75e-412d9312397f@group-2E052C20269C:LeaderElection11] INFO  impl.RaftServerImpl (RaftServerImpl.java:setRole(174)) - e8629b27-0698-411f-a75e-412d9312397f@group-2E052C20269C: changes role from CANDIDATE to FOLLOWER at term 3 for DISCOVERED_A_NEW_TERM
2019-09-23 16:05:20,170 [e8629b27-0698-411f-a75e-412d9312397f@group-2E052C20269C:LeaderElection11] INFO  impl.RoleInfo (RoleInfo.java:shutdownLeaderElection(134)) - e8629b27-0698-411f-a75e-412d9312397f: shutdown LeaderElection
2019-09-23 16:05:20,171 [e8629b27-0698-411f-a75e-412d9312397f@group-2E052C20269C:LeaderElection11] INFO  impl.RoleInfo (RoleInfo.java:updateAndGet(143)) - e8629b27-0698-411f-a75e-412d9312397f: start FollowerState
2019-09-23 16:05:20,171 [1c3c41c6-64c5-4fba-b581-d89a673ed8eb@group-2E052C20269C:LeaderElection10] INFO  impl.LeaderElection (LeaderElection.java:logAndReturn(56)) - 1c3c41c6-64c5-4fba-b581-d89a673ed8eb@group-2E052C20269C:LeaderElection10: Election REJECTED; received 2 response(s) [1c3c41c6-64c5-4fba-b581-d89a673ed8eb<-997f61cf-2db1-4774-b3a4-04f019f0a728#0:FAIL-t3, 1c3c41c6-64c5-4fba-b581-d89a673ed8eb<-e8629b27-0698-411f-a75e-412d9312397f#0:FAIL-t3] and 0 exception(s); 1c3c41c6-64c5-4fba-b581-d89a673ed8eb@group-2E052C20269C:t3, leader=null, voted=1c3c41c6-64c5-4fba-b581-d89a673ed8eb, raftlog=1c3c41c6-64c5-4fba-b581-d89a673ed8eb@group-2E052C20269C-SegmentedRaftLog:OPENED:c-1,f-1,i0, conf=-1: [1c3c41c6-64c5-4fba-b581-d89a673ed8eb:192.168.34.17:45910, 997f61cf-2db1-4774-b3a4-04f019f0a728:192.168.34.17:46008, e8629b27-0698-411f-a75e-412d9312397f:192.168.34.17:42826], old=null
2019-09-23 16:05:20,172 [997f61cf-2db1-4774-b3a4-04f019f0a728@group-2E052C20269C:LeaderElection12] INFO  impl.LeaderElection (LeaderElection.java:logAndReturn(56)) - 997f61cf-2db1-4774-b3a4-04f019f0a728@group-2E052C20269C:LeaderElection12: Election REJECTED; received 2 response(s) [997f61cf-2db1-4774-b3a4-04f019f0a728<-1c3c41c6-64c5-4fba-b581-d89a673ed8eb#0:FAIL-t3, 997f61cf-2db1-4774-b3a4-04f019f0a728<-e8629b27-0698-411f-a75e-412d9312397f#0:FAIL-t3] and 0 exception(s); 997f61cf-2db1-4774-b3a4-04f019f0a728@group-2E052C20269C:t3, leader=null, voted=997f61cf-2db1-4774-b3a4-04f019f0a728, raftlog=997f61cf-2db1-4774-b3a4-04f019f0a728@group-2E052C20269C-SegmentedRaftLog:OPENED:c-1,f-1,i0, conf=-1: [1c3c41c6-64c5-4fba-b581-d89a673ed8eb:192.168.34.17:45910, 997f61cf-2db1-4774-b3a4-04f019f0a728:192.168.34.17:46008, e8629b27-0698-411f-a75e-412d9312397f:192.168.34.17:42826], old=null
2019-09-23 16:05:20,172 [1c3c41c6-64c5-4fba-b581-d89a673ed8eb@group-2E052C20269C:LeaderElection10] INFO  impl.RaftServerImpl (RaftServerImpl.java:setRole(174)) - 1c3c41c6-64c5-4fba-b581-d89a673ed8eb@group-2E052C20269C: changes role from CANDIDATE to FOLLOWER at term 3 for DISCOVERED_A_NEW_TERM
2019-09-23 16:05:20,173 [997f61cf-2db1-4774-b3a4-04f019f0a728@group-2E052C20269C:LeaderElection12] INFO  impl.RaftServerImpl (RaftServerImpl.java:setRole(174)) - 997f61cf-2db1-4774-b3a4-04f019f0a728@group-2E052C20269C: changes role from CANDIDATE to FOLLOWER at term 3 for DISCOVERED_A_NEW_TERM
2019-09-23 16:05:20,174 [1c3c41c6-64c5-4fba-b581-d89a673ed8eb@group-2E052C20269C:LeaderElection10] INFO  impl.RoleInfo (RoleInfo.java:shutdownLeaderElection(134)) - 1c3c41c6-64c5-4fba-b581-d89a673ed8eb: shutdown LeaderElection
2019-09-23 16:05:20,174 [997f61cf-2db1-4774-b3a4-04f019f0a728@group-2E052C20269C:LeaderElection12] INFO  impl.RoleInfo (RoleInfo.java:shutdownLeaderElection(134)) - 997f61cf-2db1-4774-b3a4-04f019f0a728: shutdown LeaderElection
2019-09-23 16:05:20,174 [1c3c41c6-64c5-4fba-b581-d89a673ed8eb@group-2E052C20269C:LeaderElection10] INFO  impl.RoleInfo (RoleInfo.java:updateAndGet(143)) - 1c3c41c6-64c5-4fba-b581-d89a673ed8eb: start FollowerState
2019-09-23 16:05:20,174 [997f61cf-2db1-4774-b3a4-04f019f0a728@group-2E052C20269C:LeaderElection12] INFO  impl.RoleInfo (RoleInfo.java:updateAndGet(143)) - 997f61cf-2db1-4774-b3a4-04f019f0a728: start FollowerState
2019-09-23 16:05:25,253 [Thread-294] INFO  impl.FollowerState (FollowerState.java:run(106)) - 997f61cf-2db1-4774-b3a4-04f019f0a728:group-2E052C20269C changes to CANDIDATE, lastRpcTime:5078, electionTimeout:5078ms
2019-09-23 16:05:25,253 [Thread-294] INFO  impl.RoleInfo (RoleInfo.java:shutdownFollowerState(121)) - 997f61cf-2db1-4774-b3a4-04f019f0a728: shutdown FollowerState
2019-09-23 16:05:25,254 [Thread-294] INFO  impl.RaftServerImpl (RaftServerImpl.java:setRole(174)) - 997f61cf-2db1-4774-b3a4-04f019f0a728@group-2E052C20269C: changes role from  FOLLOWER to CANDIDATE at term 3 for changeToCandidate
2019-09-23 16:05:25,254 [Thread-294] INFO  impl.RoleInfo (RoleInfo.java:updateAndGet(143)) - 997f61cf-2db1-4774-b3a4-04f019f0a728: start LeaderElection
2019-09-23 16:05:25,280 [Thread-292] INFO  impl.FollowerState (FollowerState.java:run(106)) - e8629b27-0698-411f-a75e-412d9312397f:group-2E052C20269C changes to CANDIDATE, lastRpcTime:5109, electionTimeout:5108ms
2019-09-23 16:05:25,280 [Thread-292] INFO  impl.RoleInfo (RoleInfo.java:shutdownFollowerState(121)) - e8629b27-0698-411f-a75e-412d9312397f: shutdown FollowerState
2019-09-23 16:05:25,281 [Thread-292] INFO  impl.RaftServerImpl (RaftServerImpl.java:setRole(174)) - e8629b27-0698-411f-a75e-412d9312397f@group-2E052C20269C: changes role from  FOLLOWER to CANDIDATE at term 3 for changeToCandidate
2019-09-23 16:05:25,281 [Thread-292] INFO  impl.RoleInfo (RoleInfo.java:updateAndGet(143)) - e8629b27-0698-411f-a75e-412d9312397f: start LeaderElection
2019-09-23 16:05:25,334 [Thread-293] INFO  impl.FollowerState (FollowerState.java:run(106)) - 1c3c41c6-64c5-4fba-b581-d89a673ed8eb:group-2E052C20269C changes to CANDIDATE, lastRpcTime:5159, electionTimeout:5159ms
2019-09-23 16:05:25,334 [Thread-293] INFO  impl.RoleInfo (RoleInfo.java:shutdownFollowerState(121)) - 1c3c41c6-64c5-4fba-b581-d89a673ed8eb: shutdown FollowerState
2019-09-23 16:05:25,334 [Thread-293] INFO  impl.RaftServerImpl (RaftServerImpl.java:setRole(174)) - 1c3c41c6-64c5-4fba-b581-d89a673ed8eb@group-2E052C20269C: changes role from  FOLLOWER to CANDIDATE at term 3 for changeToCandidate
2019-09-23 16:05:25,334 [Thread-293] INFO  impl.RoleInfo (RoleInfo.java:updateAndGet(143)) - 1c3c41c6-64c5-4fba-b581-d89a673ed8eb: start LeaderElection
2019-09-23 16:05:25,372 [1c3c41c6-64c5-4fba-b581-d89a673ed8eb@group-2E052C20269C:LeaderElection15] INFO  impl.LeaderElection (LeaderElection.java:askForVotes(182)) - 1c3c41c6-64c5-4fba-b581-d89a673ed8eb@group-2E052C20269C:LeaderElection15: begin an election at term 4 for -1: [1c3c41c6-64c5-4fba-b581-d89a673ed8eb:192.168.34.17:45910, 997f61cf-2db1-4774-b3a4-04f019f0a728:192.168.34.17:46008, e8629b27-0698-411f-a75e-412d9312397f:192.168.34.17:42826], old=null
2019-09-23 16:05:25,372 [e8629b27-0698-411f-a75e-412d9312397f@group-2E052C20269C:LeaderElection14] INFO  impl.LeaderElection (LeaderElection.java:askForVotes(182)) - e8629b27-0698-411f-a75e-412d9312397f@group-2E052C20269C:LeaderElection14: begin an election at term 4 for -1: [1c3c41c6-64c5-4fba-b581-d89a673ed8eb:192.168.34.17:45910, 997f61cf-2db1-4774-b3a4-04f019f0a728:192.168.34.17:46008, e8629b27-0698-411f-a75e-412d9312397f:192.168.34.17:42826], old=null
2019-09-23 16:05:25,372 [997f61cf-2db1-4774-b3a4-04f019f0a728@group-2E052C20269C:LeaderElection13] INFO  impl.LeaderElection (LeaderElection.java:askForVotes(182)) - 997f61cf-2db1-4774-b3a4-04f019f0a728@group-2E052C20269C:LeaderElection13: begin an election at term 4 for -1: [1c3c41c6-64c5-4fba-b581-d89a673ed8eb:192.168.34.17:45910, 997f61cf-2db1-4774-b3a4-04f019f0a728:192.168.34.17:46008, e8629b27-0698-411f-a75e-412d9312397f:192.168.34.17:42826], old=null
2019-09-23 16:05:25,378 [1c3c41c6-64c5-4fba-b581-d89a673ed8eb@group-2E052C20269C:LeaderElection15] INFO  impl.LeaderElection (LeaderElection.java:logAndReturn(56)) - 1c3c41c6-64c5-4fba-b581-d89a673ed8eb@group-2E052C20269C:LeaderElection15: Election REJECTED; received 2 response(s) [1c3c41c6-64c5-4fba-b581-d89a673ed8eb<-997f61cf-2db1-4774-b3a4-04f019f0a728#0:FAIL-t4, 1c3c41c6-64c5-4fba-b581-d89a673ed8eb<-e8629b27-0698-411f-a75e-412d9312397f#0:FAIL-t4] and 0 exception(s); 1c3c41c6-64c5-4fba-b581-d89a673ed8eb@group-2E052C20269C:t4, leader=null, voted=1c3c41c6-64c5-4fba-b581-d89a673ed8eb, raftlog=1c3c41c6-64c5-4fba-b581-d89a673ed8eb@group-2E052C20269C-SegmentedRaftLog:OPENED:c-1,f-1,i0, conf=-1: [1c3c41c6-64c5-4fba-b581-d89a673ed8eb:192.168.34.17:45910, 997f61cf-2db1-4774-b3a4-04f019f0a728:192.168.34.17:46008, e8629b27-0698-411f-a75e-412d9312397f:192.168.34.17:42826], old=null
2019-09-23 16:05:25,378 [1c3c41c6-64c5-4fba-b581-d89a673ed8eb@group-2E052C20269C:LeaderElection15] INFO  impl.RaftServerImpl (RaftServerImpl.java:setRole(174)) - 1c3c41c6-64c5-4fba-b581-d89a673ed8eb@group-2E052C20269C: changes role from CANDIDATE to FOLLOWER at term 4 for DISCOVERED_A_NEW_TERM
2019-09-23 16:05:25,378 [1c3c41c6-64c5-4fba-b581-d89a673ed8eb@group-2E052C20269C:LeaderElection15] INFO  impl.RoleInfo (RoleInfo.java:shutdownLeaderElection(134)) - 1c3c41c6-64c5-4fba-b581-d89a673ed8eb: shutdown LeaderElection
2019-09-23 16:05:25,378 [1c3c41c6-64c5-4fba-b581-d89a673ed8eb@group-2E052C20269C:LeaderElection15] INFO  impl.RoleInfo (RoleInfo.java:updateAndGet(143)) - 1c3c41c6-64c5-4fba-b581-d89a673ed8eb: start FollowerState
2019-09-23 16:05:25,378 [e8629b27-0698-411f-a75e-412d9312397f@group-2E052C20269C:LeaderElection14] INFO  impl.LeaderElection (LeaderElection.java:logAndReturn(56)) - e8629b27-0698-411f-a75e-412d9312397f@group-2E052C20269C:LeaderElection14: Election REJECTED; received 2 response(s) [e8629b27-0698-411f-a75e-412d9312397f<-1c3c41c6-64c5-4fba-b581-d89a673ed8eb#0:FAIL-t4, e8629b27-0698-411f-a75e-412d9312397f<-997f61cf-2db1-4774-b3a4-04f019f0a728#0:FAIL-t4] and 0 exception(s); e8629b27-0698-411f-a75e-412d9312397f@group-2E052C20269C:t4, leader=null, voted=e8629b27-0698-411f-a75e-412d9312397f, raftlog=e8629b27-0698-411f-a75e-412d9312397f@group-2E052C20269C-SegmentedRaftLog:OPENED:c-1,f-1,i0, conf=-1: [1c3c41c6-64c5-4fba-b581-d89a673ed8eb:192.168.34.17:45910, 997f61cf-2db1-4774-b3a4-04f019f0a728:192.168.34.17:46008, e8629b27-0698-411f-a75e-412d9312397f:192.168.34.17:42826], old=null
2019-09-23 16:05:25,382 [e8629b27-0698-411f-a75e-412d9312397f@group-2E052C20269C:LeaderElection14] INFO  impl.RaftServerImpl (RaftServerImpl.java:setRole(174)) - e8629b27-0698-411f-a75e-412d9312397f@group-2E052C20269C: changes role from CANDIDATE to FOLLOWER at term 4 for DISCOVERED_A_NEW_TERM
2019-09-23 16:05:25,382 [e8629b27-0698-411f-a75e-412d9312397f@group-2E052C20269C:LeaderElection14] INFO  impl.RoleInfo (RoleInfo.java:shutdownLeaderElection(134)) - e8629b27-0698-411f-a75e-412d9312397f: shutdown LeaderElection
2019-09-23 16:05:25,382 [e8629b27-0698-411f-a75e-412d9312397f@group-2E052C20269C:LeaderElection14] INFO  impl.RoleInfo (RoleInfo.java:updateAndGet(143)) - e8629b27-0698-411f-a75e-412d9312397f: start FollowerState
2019-09-23 16:05:25,382 [997f61cf-2db1-4774-b3a4-04f019f0a728@group-2E052C20269C:LeaderElection13] INFO  impl.LeaderElection (LeaderElection.java:logAndReturn(56)) - 997f61cf-2db1-4774-b3a4-04f019f0a728@group-2E052C20269C:LeaderElection13: Election REJECTED; received 2 response(s) [997f61cf-2db1-4774-b3a4-04f019f0a728<-1c3c41c6-64c5-4fba-b581-d89a673ed8eb#0:FAIL-t4, 997f61cf-2db1-4774-b3a4-04f019f0a728<-e8629b27-0698-411f-a75e-412d9312397f#0:FAIL-t4] and 0 exception(s); 997f61cf-2db1-4774-b3a4-04f019f0a728@group-2E052C20269C:t4, leader=null, voted=997f61cf-2db1-4774-b3a4-04f019f0a728, raftlog=997f61cf-2db1-4774-b3a4-04f019f0a728@group-2E052C20269C-SegmentedRaftLog:OPENED:c-1,f-1,i0, conf=-1: [1c3c41c6-64c5-4fba-b581-d89a673ed8eb:192.168.34.17:45910, 997f61cf-2db1-4774-b3a4-04f019f0a728:192.168.34.17:46008, e8629b27-0698-411f-a75e-412d9312397f:192.168.34.17:42826], old=null
2019-09-23 16:05:25,383 [997f61cf-2db1-4774-b3a4-04f019f0a728@group-2E052C20269C:LeaderElection13] INFO  impl.RaftServerImpl (RaftServerImpl.java:setRole(174)) - 997f61cf-2db1-4774-b3a4-04f019f0a728@group-2E052C20269C: changes role from CANDIDATE to FOLLOWER at term 4 for DISCOVERED_A_NEW_TERM
2019-09-23 16:05:25,383 [997f61cf-2db1-4774-b3a4-04f019f0a728@group-2E052C20269C:LeaderElection13] INFO  impl.RoleInfo (RoleInfo.java:shutdownLeaderElection(134)) - 997f61cf-2db1-4774-b3a4-04f019f0a728: shutdown LeaderElection
2019-09-23 16:05:25,384 [997f61cf-2db1-4774-b3a4-04f019f0a728@group-2E052C20269C:LeaderElection13] INFO  impl.RoleInfo (RoleInfo.java:updateAndGet(143)) - 997f61cf-2db1-4774-b3a4-04f019f0a728: start FollowerState
2019-09-23 16:05:30,460 [Thread-314] INFO  impl.FollowerState (FollowerState.java:run(106)) - 1c3c41c6-64c5-4fba-b581-d89a673ed8eb:group-2E052C20269C changes to CANDIDATE, lastRpcTime:5081, electionTimeout:5078ms
2019-09-23 16:05:30,463 [Thread-314] INFO  impl.RoleInfo (RoleInfo.java:shutdownFollowerState(121)) - 1c3c41c6-64c5-4fba-b581-d89a673ed8eb: shutdown FollowerState
2019-09-23 16:05:30,463 [Thread-314] INFO  impl.RaftServerImpl (RaftServerImpl.java:setRole(174)) - 1c3c41c6-64c5-4fba-b581-d89a673ed8eb@group-2E052C20269C: changes role from  FOLLOWER to CANDIDATE at term 4 for changeToCandidate
2019-09-23 16:05:30,464 [Thread-314] INFO  impl.RoleInfo (RoleInfo.java:updateAndGet(143)) - 1c3c41c6-64c5-4fba-b581-d89a673ed8eb: start LeaderElection
2019-09-23 16:05:30,518 [Thread-315] INFO  impl.FollowerState (FollowerState.java:run(106)) - e8629b27-0698-411f-a75e-412d9312397f:group-2E052C20269C changes to CANDIDATE, lastRpcTime:5136, electionTimeout:5135ms
2019-09-23 16:05:30,519 [Thread-315] INFO  impl.RoleInfo (RoleInfo.java:shutdownFollowerState(121)) - e8629b27-0698-411f-a75e-412d9312397f: shutdown FollowerState
2019-09-23 16:05:30,519 [Thread-315] INFO  impl.RaftServerImpl (RaftServerImpl.java:setRole(174)) - e8629b27-0698-411f-a75e-412d9312397f@group-2E052C20269C: changes role from  FOLLOWER to CANDIDATE at term 4 for changeToCandidate
2019-09-23 16:05:30,519 [Thread-315] INFO  impl.RoleInfo (RoleInfo.java:updateAndGet(143)) - e8629b27-0698-411f-a75e-412d9312397f: start LeaderElection
2019-09-23 16:05:30,529 [Thread-316] INFO  impl.FollowerState (FollowerState.java:run(106)) - 997f61cf-2db1-4774-b3a4-04f019f0a728:group-2E052C20269C changes to CANDIDATE, lastRpcTime:5145, electionTimeout:5145ms
2019-09-23 16:05:30,529 [Thread-316] INFO  impl.RoleInfo (RoleInfo.java:shutdownFollowerState(121)) - 997f61cf-2db1-4774-b3a4-04f019f0a728: shutdown FollowerState
2019-09-23 16:05:30,530 [Thread-316] INFO  impl.RaftServerImpl (RaftServerImpl.java:setRole(174)) - 997f61cf-2db1-4774-b3a4-04f019f0a728@group-2E052C20269C: changes role from  FOLLOWER to CANDIDATE at term 4 for changeToCandidate
2019-09-23 16:05:30,530 [Thread-316] INFO  impl.RoleInfo (RoleInfo.java:updateAndGet(143)) - 997f61cf-2db1-4774-b3a4-04f019f0a728: start LeaderElection
2019-09-23 16:05:30,544 [1c3c41c6-64c5-4fba-b581-d89a673ed8eb@group-2E052C20269C:LeaderElection16] INFO  impl.LeaderElection (LeaderElection.java:askForVotes(182)) - 1c3c41c6-64c5-4fba-b581-d89a673ed8eb@group-2E052C20269C:LeaderElection16: begin an election at term 5 for -1: [1c3c41c6-64c5-4fba-b581-d89a673ed8eb:192.168.34.17:45910, 997f61cf-2db1-4774-b3a4-04f019f0a728:192.168.34.17:46008, e8629b27-0698-411f-a75e-412d9312397f:192.168.34.17:42826], old=null
2019-09-23 16:05:30,564 [e8629b27-0698-411f-a75e-412d9312397f@group-2E052C20269C:LeaderElection17] INFO  impl.LeaderElection (LeaderElection.java:askForVotes(182)) - e8629b27-0698-411f-a75e-412d9312397f@group-2E052C20269C:LeaderElection17: begin an election at term 5 for -1: [1c3c41c6-64c5-4fba-b581-d89a673ed8eb:192.168.34.17:45910, 997f61cf-2db1-4774-b3a4-04f019f0a728:192.168.34.17:46008, e8629b27-0698-411f-a75e-412d9312397f:192.168.34.17:42826], old=null
2019-09-23 16:05:30,564 [997f61cf-2db1-4774-b3a4-04f019f0a728@group-2E052C20269C:LeaderElection18] INFO  impl.LeaderElection (LeaderElection.java:askForVotes(182)) - 997f61cf-2db1-4774-b3a4-04f019f0a728@group-2E052C20269C:LeaderElection18: begin an election at term 5 for -1: [1c3c41c6-64c5-4fba-b581-d89a673ed8eb:192.168.34.17:45910, 997f61cf-2db1-4774-b3a4-04f019f0a728:192.168.34.17:46008, e8629b27-0698-411f-a75e-412d9312397f:192.168.34.17:42826], old=null
2019-09-23 16:05:30,566 [1c3c41c6-64c5-4fba-b581-d89a673ed8eb@group-2E052C20269C:LeaderElection16] INFO  impl.LeaderElection (LeaderElection.java:logAndReturn(56)) - 1c3c41c6-64c5-4fba-b581-d89a673ed8eb@group-2E052C20269C:LeaderElection16: Election REJECTED; received 2 response(s) [1c3c41c6-64c5-4fba-b581-d89a673ed8eb<-997f61cf-2db1-4774-b3a4-04f019f0a728#0:FAIL-t5, 1c3c41c6-64c5-4fba-b581-d89a673ed8eb<-e8629b27-0698-411f-a75e-412d9312397f#0:FAIL-t5] and 0 exception(s); 1c3c41c6-64c5-4fba-b581-d89a673ed8eb@group-2E052C20269C:t5, leader=null, voted=1c3c41c6-64c5-4fba-b581-d89a673ed8eb, raftlog=1c3c41c6-64c5-4fba-b581-d89a673ed8eb@group-2E052C20269C-SegmentedRaftLog:OPENED:c-1,f-1,i0, conf=-1: [1c3c41c6-64c5-4fba-b581-d89a673ed8eb:192.168.34.17:45910, 997f61cf-2db1-4774-b3a4-04f019f0a728:192.168.34.17:46008, e8629b27-0698-411f-a75e-412d9312397f:192.168.34.17:42826], old=null
2019-09-23 16:05:30,566 [1c3c41c6-64c5-4fba-b581-d89a673ed8eb@group-2E052C20269C:LeaderElection16] INFO  impl.RaftServerImpl (RaftServerImpl.java:setRole(174)) - 1c3c41c6-64c5-4fba-b581-d89a673ed8eb@group-2E052C20269C: changes role from CANDIDATE to FOLLOWER at term 5 for DISCOVERED_A_NEW_TERM
2019-09-23 16:05:30,567 [1c3c41c6-64c5-4fba-b581-d89a673ed8eb@group-2E052C20269C:LeaderElection16] INFO  impl.RoleInfo (RoleInfo.java:shutdownLeaderElection(134)) - 1c3c41c6-64c5-4fba-b581-d89a673ed8eb: shutdown LeaderElection
2019-09-23 16:05:30,567 [1c3c41c6-64c5-4fba-b581-d89a673ed8eb@group-2E052C20269C:LeaderElection16] INFO  impl.RoleInfo (RoleInfo.java:updateAndGet(143)) - 1c3c41c6-64c5-4fba-b581-d89a673ed8eb: start FollowerState
2019-09-23 16:05:30,570 [e8629b27-0698-411f-a75e-412d9312397f@group-2E052C20269C:LeaderElection17] INFO  impl.LeaderElection (LeaderElection.java:logAndReturn(56)) - e8629b27-0698-411f-a75e-412d9312397f@group-2E052C20269C:LeaderElection17: Election REJECTED; received 2 response(s) [e8629b27-0698-411f-a75e-412d9312397f<-1c3c41c6-64c5-4fba-b581-d89a673ed8eb#0:FAIL-t5, e8629b27-0698-411f-a75e-412d9312397f<-997f61cf-2db1-4774-b3a4-04f019f0a728#0:FAIL-t5] and 0 exception(s); e8629b27-0698-411f-a75e-412d9312397f@group-2E052C20269C:t5, leader=null, voted=e8629b27-0698-411f-a75e-412d9312397f, raftlog=e8629b27-0698-411f-a75e-412d9312397f@group-2E052C20269C-SegmentedRaftLog:OPENED:c-1,f-1,i0, conf=-1: [1c3c41c6-64c5-4fba-b581-d89a673ed8eb:192.168.34.17:45910, 997f61cf-2db1-4774-b3a4-04f019f0a728:192.168.34.17:46008, e8629b27-0698-411f-a75e-412d9312397f:192.168.34.17:42826], old=null
2019-09-23 16:05:30,572 [e8629b27-0698-411f-a75e-412d9312397f@group-2E052C20269C:LeaderElection17] INFO  impl.RaftServerImpl (RaftServerImpl.java:setRole(174)) - e8629b27-0698-411f-a75e-412d9312397f@group-2E052C20269C: changes role from CANDIDATE to FOLLOWER at term 5 for DISCOVERED_A_NEW_TERM
2019-09-23 16:05:30,572 [e8629b27-0698-411f-a75e-412d9312397f@group-2E052C20269C:LeaderElection17] INFO  impl.RoleInfo (RoleInfo.java:shutdownLeaderElection(134)) - e8629b27-0698-411f-a75e-412d9312397f: shutdown LeaderElection
2019-09-23 16:05:30,572 [e8629b27-0698-411f-a75e-412d9312397f@group-2E052C20269C:LeaderElection17] INFO  impl.RoleInfo (RoleInfo.java:updateAndGet(143)) - e8629b27-0698-411f-a75e-412d9312397f: start FollowerState
2019-09-23 16:05:30,572 [997f61cf-2db1-4774-b3a4-04f019f0a728@group-2E052C20269C:LeaderElection18] INFO  impl.LeaderElection (LeaderElection.java:logAndReturn(56)) - 997f61cf-2db1-4774-b3a4-04f019f0a728@group-2E052C20269C:LeaderElection18: Election REJECTED; received 2 response(s) [997f61cf-2db1-4774-b3a4-04f019f0a728<-1c3c41c6-64c5-4fba-b581-d89a673ed8eb#0:FAIL-t5, 997f61cf-2db1-4774-b3a4-04f019f0a728<-e8629b27-0698-411f-a75e-412d9312397f#0:FAIL-t5] and 0 exception(s); 997f61cf-2db1-4774-b3a4-04f019f0a728@group-2E052C20269C:t5, leader=null, voted=997f61cf-2db1-4774-b3a4-04f019f0a728, raftlog=997f61cf-2db1-4774-b3a4-04f019f0a728@group-2E052C20269C-SegmentedRaftLog:OPENED:c-1,f-1,i0, conf=-1: [1c3c41c6-64c5-4fba-b581-d89a673ed8eb:192.168.34.17:45910, 997f61cf-2db1-4774-b3a4-04f019f0a728:192.168.34.17:46008, e8629b27-0698-411f-a75e-412d9312397f:192.168.34.17:42826], old=null
2019-09-23 16:05:30,574 [997f61cf-2db1-4774-b3a4-04f019f0a728@group-2E052C20269C:LeaderElection18] INFO  impl.RaftServerImpl (RaftServerImpl.java:setRole(174)) - 997f61cf-2db1-4774-b3a4-04f019f0a728@group-2E052C20269C: changes role from CANDIDATE to FOLLOWER at term 5 for DISCOVERED_A_NEW_TERM
2019-09-23 16:05:30,574 [997f61cf-2db1-4774-b3a4-04f019f0a728@group-2E052C20269C:LeaderElection18] INFO  impl.RoleInfo (RoleInfo.java:shutdownLeaderElection(134)) - 997f61cf-2db1-4774-b3a4-04f019f0a728: shutdown LeaderElection
2019-09-23 16:05:30,574 [997f61cf-2db1-4774-b3a4-04f019f0a728@group-2E052C20269C:LeaderElection18] INFO  impl.RoleInfo (RoleInfo.java:updateAndGet(143)) - 997f61cf-2db1-4774-b3a4-04f019f0a728: start FollowerState
2019-09-23 16:05:35,740 [Thread-338] INFO  impl.FollowerState (FollowerState.java:run(106)) - 997f61cf-2db1-4774-b3a4-04f019f0a728:group-2E052C20269C changes to CANDIDATE, lastRpcTime:5165, electionTimeout:5165ms
2019-09-23 16:05:35,743 [Thread-338] INFO  impl.RoleInfo (RoleInfo.java:shutdownFollowerState(121)) - 997f61cf-2db1-4774-b3a4-04f019f0a728: shutdown FollowerState
2019-09-23 16:05:35,743 [Thread-338] INFO  impl.RaftServerImpl (RaftServerImpl.java:setRole(174)) - 997f61cf-2db1-4774-b3a4-04f019f0a728@group-2E052C20269C: changes role from  FOLLOWER to CANDIDATE at term 5 for changeToCandidate
2019-09-23 16:05:35,744 [Thread-338] INFO  impl.RoleInfo (RoleInfo.java:updateAndGet(143)) - 997f61cf-2db1-4774-b3a4-04f019f0a728: start LeaderElection
2019-09-23 16:05:35,757 [Thread-336] INFO  impl.FollowerState (FollowerState.java:run(106)) - 1c3c41c6-64c5-4fba-b581-d89a673ed8eb:group-2E052C20269C changes to CANDIDATE, lastRpcTime:5189, electionTimeout:5189ms
2019-09-23 16:05:35,757 [Thread-336] INFO  impl.RoleInfo (RoleInfo.java:shutdownFollowerState(121)) - 1c3c41c6-64c5-4fba-b581-d89a673ed8eb: shutdown FollowerState
2019-09-23 16:05:35,757 [Thread-336] INFO  impl.RaftServerImpl (RaftServerImpl.java:setRole(174)) - 1c3c41c6-64c5-4fba-b581-d89a673ed8eb@group-2E052C20269C: changes role from  FOLLOWER to CANDIDATE at term 5 for changeToCandidate
2019-09-23 16:05:35,758 [Thread-336] INFO  impl.RoleInfo (RoleInfo.java:updateAndGet(143)) - 1c3c41c6-64c5-4fba-b581-d89a673ed8eb: start LeaderElection
2019-09-23 16:05:35,763 [Thread-337] INFO  impl.FollowerState (FollowerState.java:run(106)) - e8629b27-0698-411f-a75e-412d9312397f:group-2E052C20269C changes to CANDIDATE, lastRpcTime:5190, electionTimeout:5184ms
2019-09-23 16:05:35,763 [Thread-337] INFO  impl.RoleInfo (RoleInfo.java:shutdownFollowerState(121)) - e8629b27-0698-411f-a75e-412d9312397f: shutdown FollowerState
2019-09-23 16:05:35,763 [Thread-337] INFO  impl.RaftServerImpl (RaftServerImpl.java:setRole(174)) - e8629b27-0698-411f-a75e-412d9312397f@group-2E052C20269C: changes role from  FOLLOWER to CANDIDATE at term 5 for changeToCandidate
2019-09-23 16:05:35,764 [Thread-337] INFO  impl.RoleInfo (RoleInfo.java:updateAndGet(143)) - e8629b27-0698-411f-a75e-412d9312397f: start LeaderElection
2019-09-23 16:05:39,506 [997f61cf-2db1-4774-b3a4-04f019f0a728@group-2E052C20269C:LeaderElection19] INFO  impl.LeaderElection (LeaderElection.java:askForVotes(182)) - 997f61cf-2db1-4774-b3a4-04f019f0a728@group-2E052C20269C:LeaderElection19: begin an election at term 6 for -1: [1c3c41c6-64c5-4fba-b581-d89a673ed8eb:192.168.34.17:45910, 997f61cf-2db1-4774-b3a4-04f019f0a728:192.168.34.17:46008, e8629b27-0698-411f-a75e-412d9312397f:192.168.34.17:42826], old=null
2019-09-23 16:05:39,506 [1c3c41c6-64c5-4fba-b581-d89a673ed8eb@group-2E052C20269C:LeaderElection20] INFO  impl.LeaderElection (LeaderElection.java:askForVotes(182)) - 1c3c41c6-64c5-4fba-b581-d89a673ed8eb@group-2E052C20269C:LeaderElection20: begin an election at term 6 for -1: [1c3c41c6-64c5-4fba-b581-d89a673ed8eb:192.168.34.17:45910, 997f61cf-2db1-4774-b3a4-04f019f0a728:192.168.34.17:46008, e8629b27-0698-411f-a75e-412d9312397f:192.168.34.17:42826], old=null
2019-09-23 16:05:39,506 [e8629b27-0698-411f-a75e-412d9312397f@group-2E052C20269C:LeaderElection21] INFO  impl.LeaderElection (LeaderElection.java:askForVotes(182)) - e8629b27-0698-411f-a75e-412d9312397f@group-2E052C20269C:LeaderElection21: begin an election at term 6 for -1: [1c3c41c6-64c5-4fba-b581-d89a673ed8eb:192.168.34.17:45910, 997f61cf-2db1-4774-b3a4-04f019f0a728:192.168.34.17:46008, e8629b27-0698-411f-a75e-412d9312397f:192.168.34.17:42826], old=null
2019-09-23 16:05:39,514 [997f61cf-2db1-4774-b3a4-04f019f0a728@group-2E052C20269C:LeaderElection19] INFO  impl.LeaderElection (LeaderElection.java:logAndReturn(56)) - 997f61cf-2db1-4774-b3a4-04f019f0a728@group-2E052C20269C:LeaderElection19: Election REJECTED; received 2 response(s) [997f61cf-2db1-4774-b3a4-04f019f0a728<-1c3c41c6-64c5-4fba-b581-d89a673ed8eb#0:FAIL-t6, 997f61cf-2db1-4774-b3a4-04f019f0a728<-e8629b27-0698-411f-a75e-412d9312397f#0:FAIL-t6] and 0 exception(s); 997f61cf-2db1-4774-b3a4-04f019f0a728@group-2E052C20269C:t6, leader=null, voted=997f61cf-2db1-4774-b3a4-04f019f0a728, raftlog=997f61cf-2db1-4774-b3a4-04f019f0a728@group-2E052C20269C-SegmentedRaftLog:OPENED:c-1,f-1,i0, conf=-1: [1c3c41c6-64c5-4fba-b581-d89a673ed8eb:192.168.34.17:45910, 997f61cf-2db1-4774-b3a4-04f019f0a728:192.168.34.17:46008, e8629b27-0698-411f-a75e-412d9312397f:192.168.34.17:42826], old=null
2019-09-23 16:05:39,514 [1c3c41c6-64c5-4fba-b581-d89a673ed8eb@group-2E052C20269C:LeaderElection20] INFO  impl.LeaderElection (LeaderElection.java:logAndReturn(56)) - 1c3c41c6-64c5-4fba-b581-d89a673ed8eb@group-2E052C20269C:LeaderElection20: Election REJECTED; received 2 response(s) [1c3c41c6-64c5-4fba-b581-d89a673ed8eb<-997f61cf-2db1-4774-b3a4-04f019f0a728#0:FAIL-t6, 1c3c41c6-64c5-4fba-b581-d89a673ed8eb<-e8629b27-0698-411f-a75e-412d9312397f#0:FAIL-t6] and 0 exception(s); 1c3c41c6-64c5-4fba-b581-d89a673ed8eb@group-2E052C20269C:t6, leader=null, voted=1c3c41c6-64c5-4fba-b581-d89a673ed8eb, raftlog=1c3c41c6-64c5-4fba-b581-d89a673ed8eb@group-2E052C20269C-SegmentedRaftLog:OPENED:c-1,f-1,i0, conf=-1: [1c3c41c6-64c5-4fba-b581-d89a673ed8eb:192.168.34.17:45910, 997f61cf-2db1-4774-b3a4-04f019f0a728:192.168.34.17:46008, e8629b27-0698-411f-a75e-412d9312397f:192.168.34.17:42826], old=null
2019-09-23 16:05:39,515 [997f61cf-2db1-4774-b3a4-04f019f0a728@group-2E052C20269C:LeaderElection19] INFO  impl.RaftServerImpl (RaftServerImpl.java:setRole(174)) - 997f61cf-2db1-4774-b3a4-04f019f0a728@group-2E052C20269C: changes role from CANDIDATE to FOLLOWER at term 6 for DISCOVERED_A_NEW_TERM
2019-09-23 16:05:39,517 [1c3c41c6-64c5-4fba-b581-d89a673ed8eb@group-2E052C20269C:LeaderElection20] INFO  impl.RaftServerImpl (RaftServerImpl.java:setRole(174)) - 1c3c41c6-64c5-4fba-b581-d89a673ed8eb@group-2E052C20269C: changes role from CANDIDATE to FOLLOWER at term 6 for DISCOVERED_A_NEW_TERM
2019-09-23 16:05:39,518 [997f61cf-2db1-4774-b3a4-04f019f0a728@group-2E052C20269C:LeaderElection19] INFO  impl.RoleInfo (RoleInfo.java:shutdownLeaderElection(134)) - 997f61cf-2db1-4774-b3a4-04f019f0a728: shutdown LeaderElection
2019-09-23 16:05:39,518 [1c3c41c6-64c5-4fba-b581-d89a673ed8eb@group-2E052C20269C:LeaderElection20] INFO  impl.RoleInfo (RoleInfo.java:shutdownLeaderElection(134)) - 1c3c41c6-64c5-4fba-b581-d89a673ed8eb: shutdown LeaderElection
2019-09-23 16:05:39,519 [997f61cf-2db1-4774-b3a4-04f019f0a728@group-2E052C20269C:LeaderElection19] INFO  impl.RoleInfo (RoleInfo.java:updateAndGet(143)) - 997f61cf-2db1-4774-b3a4-04f019f0a728: start FollowerState
2019-09-23 16:05:39,519 [e8629b27-0698-411f-a75e-412d9312397f@group-2E052C20269C:LeaderElection21] INFO  impl.LeaderElection (LeaderElection.java:logAndReturn(56)) - e8629b27-0698-411f-a75e-412d9312397f@group-2E052C20269C:LeaderElection21: Election REJECTED; received 2 response(s) [e8629b27-0698-411f-a75e-412d9312397f<-1c3c41c6-64c5-4fba-b581-d89a673ed8eb#0:FAIL-t6, e8629b27-0698-411f-a75e-412d9312397f<-997f61cf-2db1-4774-b3a4-04f019f0a728#0:FAIL-t6] and 0 exception(s); e8629b27-0698-411f-a75e-412d9312397f@group-2E052C20269C:t6, leader=null, voted=e8629b27-0698-411f-a75e-412d9312397f, raftlog=e8629b27-0698-411f-a75e-412d9312397f@group-2E052C20269C-SegmentedRaftLog:OPENED:c-1,f-1,i0, conf=-1: [1c3c41c6-64c5-4fba-b581-d89a673ed8eb:192.168.34.17:45910, 997f61cf-2db1-4774-b3a4-04f019f0a728:192.168.34.17:46008, e8629b27-0698-411f-a75e-412d9312397f:192.168.34.17:42826], old=null
2019-09-23 16:05:39,519 [1c3c41c6-64c5-4fba-b581-d89a673ed8eb@group-2E052C20269C:LeaderElection20] INFO  impl.RoleInfo (RoleInfo.java:updateAndGet(143)) - 1c3c41c6-64c5-4fba-b581-d89a673ed8eb: start FollowerState
2019-09-23 16:05:39,519 [e8629b27-0698-411f-a75e-412d9312397f@group-2E052C20269C:LeaderElection21] INFO  impl.RaftServerImpl (RaftServerImpl.java:setRole(174)) - e8629b27-0698-411f-a75e-412d9312397f@group-2E052C20269C: changes role from CANDIDATE to FOLLOWER at term 6 for DISCOVERED_A_NEW_TERM
2019-09-23 16:05:39,521 [e8629b27-0698-411f-a75e-412d9312397f@group-2E052C20269C:LeaderElection21] INFO  impl.RoleInfo (RoleInfo.java:shutdownLeaderElection(134)) - e8629b27-0698-411f-a75e-412d9312397f: shutdown LeaderElection
2019-09-23 16:05:39,521 [e8629b27-0698-411f-a75e-412d9312397f@group-2E052C20269C:LeaderElection21] INFO  impl.RoleInfo (RoleInfo.java:updateAndGet(143)) - e8629b27-0698-411f-a75e-412d9312397f: start FollowerState
2019-09-23 16:05:44,562 [Thread-366] INFO  impl.FollowerState (FollowerState.java:run(106)) - 997f61cf-2db1-4774-b3a4-04f019f0a728:group-2E052C20269C changes to CANDIDATE, lastRpcTime:5042, electionTimeout:5042ms
2019-09-23 16:05:44,562 [Thread-366] INFO  impl.RoleInfo (RoleInfo.java:shutdownFollowerState(121)) - 997f61cf-2db1-4774-b3a4-04f019f0a728: shutdown FollowerState
2019-09-23 16:05:44,563 [Thread-366] INFO  impl.RaftServerImpl (RaftServerImpl.java:setRole(174)) - 997f61cf-2db1-4774-b3a4-04f019f0a728@group-2E052C20269C: changes role from  FOLLOWER to CANDIDATE at term 6 for changeToCandidate
2019-09-23 16:05:44,563 [Thread-366] INFO  impl.RoleInfo (RoleInfo.java:updateAndGet(143)) - 997f61cf-2db1-4774-b3a4-04f019f0a728: start LeaderElection
2019-09-23 16:05:44,590 [Thread-367] INFO  impl.FollowerState (FollowerState.java:run(106)) - 1c3c41c6-64c5-4fba-b581-d89a673ed8eb:group-2E052C20269C changes to CANDIDATE, lastRpcTime:5071, electionTimeout:5069ms
2019-09-23 16:05:44,590 [Thread-367] INFO  impl.RoleInfo (RoleInfo.java:shutdownFollowerState(121)) - 1c3c41c6-64c5-4fba-b581-d89a673ed8eb: shutdown FollowerState
2019-09-23 16:05:44,591 [Thread-367] INFO  impl.RaftServerImpl (RaftServerImpl.java:setRole(174)) - 1c3c41c6-64c5-4fba-b581-d89a673ed8eb@group-2E052C20269C: changes role from  FOLLOWER to CANDIDATE at term 6 for changeToCandidate
2019-09-23 16:05:44,591 [Thread-367] INFO  impl.RoleInfo (RoleInfo.java:updateAndGet(143)) - 1c3c41c6-64c5-4fba-b581-d89a673ed8eb: start LeaderElection
2019-09-23 16:05:44,644 [Thread-368] INFO  impl.FollowerState (FollowerState.java:run(106)) - e8629b27-0698-411f-a75e-412d9312397f:group-2E052C20269C changes to CANDIDATE, lastRpcTime:5122, electionTimeout:5122ms
2019-09-23 16:05:44,644 [Thread-368] INFO  impl.RoleInfo (RoleInfo.java:shutdownFollowerState(121)) - e8629b27-0698-411f-a75e-412d9312397f: shutdown FollowerState
2019-09-23 16:05:44,644 [Thread-368] INFO  impl.RaftServerImpl (RaftServerImpl.java:setRole(174)) - e8629b27-0698-411f-a75e-412d9312397f@group-2E052C20269C: changes role from  FOLLOWER to CANDIDATE at term 6 for changeToCandidate
2019-09-23 16:05:44,644 [Thread-368] INFO  impl.RoleInfo (RoleInfo.java:updateAndGet(143)) - e8629b27-0698-411f-a75e-412d9312397f: start LeaderElection
2019-09-23 16:05:47,435 [e8629b27-0698-411f-a75e-412d9312397f@group-2E052C20269C:LeaderElection24] INFO  impl.LeaderElection (LeaderElection.java:askForVotes(182)) - e8629b27-0698-411f-a75e-412d9312397f@group-2E052C20269C:LeaderElection24: begin an election at term 7 for -1: [1c3c41c6-64c5-4fba-b581-d89a673ed8eb:192.168.34.17:45910, 997f61cf-2db1-4774-b3a4-04f019f0a728:192.168.34.17:46008, e8629b27-0698-411f-a75e-412d9312397f:192.168.34.17:42826], old=null
2019-09-23 16:05:47,435 [997f61cf-2db1-4774-b3a4-04f019f0a728@group-2E052C20269C:LeaderElection22] INFO  impl.LeaderElection (LeaderElection.java:askForVotes(182)) - 997f61cf-2db1-4774-b3a4-04f019f0a728@group-2E052C20269C:LeaderElection22: begin an election at term 7 for -1: [1c3c41c6-64c5-4fba-b581-d89a673ed8eb:192.168.34.17:45910, 997f61cf-2db1-4774-b3a4-04f019f0a728:192.168.34.17:46008, e8629b27-0698-411f-a75e-412d9312397f:192.168.34.17:42826], old=null
2019-09-23 16:05:47,435 [1c3c41c6-64c5-4fba-b581-d89a673ed8eb@group-2E052C20269C:LeaderElection23] INFO  impl.LeaderElection (LeaderElection.java:askForVotes(182)) - 1c3c41c6-64c5-4fba-b581-d89a673ed8eb@group-2E052C20269C:LeaderElection23: begin an election at term 7 for -1: [1c3c41c6-64c5-4fba-b581-d89a673ed8eb:192.168.34.17:45910, 997f61cf-2db1-4774-b3a4-04f019f0a728:192.168.34.17:46008, e8629b27-0698-411f-a75e-412d9312397f:192.168.34.17:42826], old=null
2019-09-23 16:05:47,441 [e8629b27-0698-411f-a75e-412d9312397f@group-2E052C20269C:LeaderElection24] INFO  impl.LeaderElection (LeaderElection.java:logAndReturn(56)) - e8629b27-0698-411f-a75e-412d9312397f@group-2E052C20269C:LeaderElection24: Election REJECTED; received 2 response(s) [e8629b27-0698-411f-a75e-412d9312397f<-1c3c41c6-64c5-4fba-b581-d89a673ed8eb#0:FAIL-t7, e8629b27-0698-411f-a75e-412d9312397f<-997f61cf-2db1-4774-b3a4-04f019f0a728#0:FAIL-t7] and 0 exception(s); e8629b27-0698-411f-a75e-412d9312397f@group-2E052C20269C:t7, leader=null, voted=e8629b27-0698-411f-a75e-412d9312397f, raftlog=e8629b27-0698-411f-a75e-412d9312397f@group-2E052C20269C-SegmentedRaftLog:OPENED:c-1,f-1,i0, conf=-1: [1c3c41c6-64c5-4fba-b581-d89a673ed8eb:192.168.34.17:45910, 997f61cf-2db1-4774-b3a4-04f019f0a728:192.168.34.17:46008, e8629b27-0698-411f-a75e-412d9312397f:192.168.34.17:42826], old=null
2019-09-23 16:05:47,441 [e8629b27-0698-411f-a75e-412d9312397f@group-2E052C20269C:LeaderElection24] INFO  impl.RaftServerImpl (RaftServerImpl.java:setRole(174)) - e8629b27-0698-411f-a75e-412d9312397f@group-2E052C20269C: changes role from CANDIDATE to FOLLOWER at term 7 for DISCOVERED_A_NEW_TERM
2019-09-23 16:05:47,442 [e8629b27-0698-411f-a75e-412d9312397f@group-2E052C20269C:LeaderElection24] INFO  impl.RoleInfo (RoleInfo.java:shutdownLeaderElection(134)) - e8629b27-0698-411f-a75e-412d9312397f: shutdown LeaderElection
2019-09-23 16:05:47,442 [e8629b27-0698-411f-a75e-412d9312397f@group-2E052C20269C:LeaderElection24] INFO  impl.RoleInfo (RoleInfo.java:updateAndGet(143)) - e8629b27-0698-411f-a75e-412d9312397f: start FollowerState
2019-09-23 16:05:47,442 [1c3c41c6-64c5-4fba-b581-d89a673ed8eb@group-2E052C20269C:LeaderElection23] INFO  impl.LeaderElection (LeaderElection.java:logAndReturn(56)) - 1c3c41c6-64c5-4fba-b581-d89a673ed8eb@group-2E052C20269C:LeaderElection23: Election REJECTED; received 2 response(s) [1c3c41c6-64c5-4fba-b581-d89a673ed8eb<-997f61cf-2db1-4774-b3a4-04f019f0a728#0:FAIL-t7, 1c3c41c6-64c5-4fba-b581-d89a673ed8eb<-e8629b27-0698-411f-a75e-412d9312397f#0:FAIL-t7] and 0 exception(s); 1c3c41c6-64c5-4fba-b581-d89a673ed8eb@group-2E052C20269C:t7, leader=null, voted=1c3c41c6-64c5-4fba-b581-d89a673ed8eb, raftlog=1c3c41c6-64c5-4fba-b581-d89a673ed8eb@group-2E052C20269C-SegmentedRaftLog:OPENED:c-1,f-1,i0, conf=-1: [1c3c41c6-64c5-4fba-b581-d89a673ed8eb:192.168.34.17:45910, 997f61cf-2db1-4774-b3a4-04f019f0a728:192.168.34.17:46008, e8629b27-0698-411f-a75e-412d9312397f:192.168.34.17:42826], old=null
2019-09-23 16:05:47,448 [1c3c41c6-64c5-4fba-b581-d89a673ed8eb@group-2E052C20269C:LeaderElection23] INFO  impl.RaftServerImpl (RaftServerImpl.java:setRole(174)) - 1c3c41c6-64c5-4fba-b581-d89a673ed8eb@group-2E052C20269C: changes role from CANDIDATE to FOLLOWER at term 7 for DISCOVERED_A_NEW_TERM
2019-09-23 16:05:47,449 [1c3c41c6-64c5-4fba-b581-d89a673ed8eb@group-2E052C20269C:LeaderElection23] INFO  impl.RoleInfo (RoleInfo.java:shutdownLeaderElection(134)) - 1c3c41c6-64c5-4fba-b581-d89a673ed8eb: shutdown LeaderElection
2019-09-23 16:05:47,449 [1c3c41c6-64c5-4fba-b581-d89a673ed8eb@group-2E052C20269C:LeaderElection23] INFO  impl.RoleInfo (RoleInfo.java:updateAndGet(143)) - 1c3c41c6-64c5-4fba-b581-d89a673ed8eb: start FollowerState
2019-09-23 16:05:47,450 [997f61cf-2db1-4774-b3a4-04f019f0a728@group-2E052C20269C:LeaderElection22] INFO  impl.LeaderElection (LeaderElection.java:logAndReturn(56)) - 997f61cf-2db1-4774-b3a4-04f019f0a728@group-2E052C20269C:LeaderElection22: Election REJECTED; received 2 response(s) [997f61cf-2db1-4774-b3a4-04f019f0a728<-1c3c41c6-64c5-4fba-b581-d89a673ed8eb#0:FAIL-t7, 997f61cf-2db1-4774-b3a4-04f019f0a728<-e8629b27-0698-411f-a75e-412d9312397f#0:FAIL-t7] and 0 exception(s); 997f61cf-2db1-4774-b3a4-04f019f0a728@group-2E052C20269C:t7, leader=null, voted=997f61cf-2db1-4774-b3a4-04f019f0a728, raftlog=997f61cf-2db1-4774-b3a4-04f019f0a728@group-2E052C20269C-SegmentedRaftLog:OPENED:c-1,f-1,i0, conf=-1: [1c3c41c6-64c5-4fba-b581-d89a673ed8eb:192.168.34.17:45910, 997f61cf-2db1-4774-b3a4-04f019f0a728:192.168.34.17:46008, e8629b27-0698-411f-a75e-412d9312397f:192.168.34.17:42826], old=null
2019-09-23 16:05:47,451 [997f61cf-2db1-4774-b3a4-04f019f0a728@group-2E052C20269C:LeaderElection22] INFO  impl.RaftServerImpl (RaftServerImpl.java:setRole(174)) - 997f61cf-2db1-4774-b3a4-04f019f0a728@group-2E052C20269C: changes role from CANDIDATE to FOLLOWER at term 7 for DISCOVERED_A_NEW_TERM
2019-09-23 16:05:47,451 [997f61cf-2db1-4774-b3a4-04f019f0a728@group-2E052C20269C:LeaderElection22] INFO  impl.RoleInfo (RoleInfo.java:shutdownLeaderElection(134)) - 997f61cf-2db1-4774-b3a4-04f019f0a728: shutdown LeaderElection
2019-09-23 16:05:47,451 [997f61cf-2db1-4774-b3a4-04f019f0a728@group-2E052C20269C:LeaderElection22] INFO  impl.RoleInfo (RoleInfo.java:updateAndGet(143)) - 997f61cf-2db1-4774-b3a4-04f019f0a728: start FollowerState
2019-09-23 16:05:52,064 [grpc-default-executor-1] WARN  client.GrpcClientProtocolService (LogUtils.java:warn(134)) - 19-OrderedRequestStreamObserver19: onError: org.apache.ratis.thirdparty.io.grpc.StatusRuntimeException: CANCELLED: cancelled before receiving half close
2019-09-23 16:05:52,452 [Thread-394] INFO  impl.FollowerState (FollowerState.java:run(106)) - e8629b27-0698-411f-a75e-412d9312397f:group-2E052C20269C changes to CANDIDATE, lastRpcTime:5009, electionTimeout:5003ms
2019-09-23 16:05:52,452 [Thread-394] INFO  impl.RoleInfo (RoleInfo.java:shutdownFollowerState(121)) - e8629b27-0698-411f-a75e-412d9312397f: shutdown FollowerState
2019-09-23 16:05:52,452 [Thread-394] INFO  impl.RaftServerImpl (RaftServerImpl.java:setRole(174)) - e8629b27-0698-411f-a75e-412d9312397f@group-2E052C20269C: changes role from  FOLLOWER to CANDIDATE at term 7 for changeToCandidate
2019-09-23 16:05:52,452 [Thread-394] INFO  impl.RoleInfo (RoleInfo.java:updateAndGet(143)) - e8629b27-0698-411f-a75e-412d9312397f: start LeaderElection
2019-09-23 16:05:52,560 [Thread-395] INFO  impl.FollowerState (FollowerState.java:run(106)) - 1c3c41c6-64c5-4fba-b581-d89a673ed8eb:group-2E052C20269C changes to CANDIDATE, lastRpcTime:5111, electionTimeout:5111ms
2019-09-23 16:05:52,561 [Thread-395] INFO  impl.RoleInfo (RoleInfo.java:shutdownFollowerState(121)) - 1c3c41c6-64c5-4fba-b581-d89a673ed8eb: shutdown FollowerState
2019-09-23 16:05:52,561 [Thread-395] INFO  impl.RaftServerImpl (RaftServerImpl.java:setRole(174)) - 1c3c41c6-64c5-4fba-b581-d89a673ed8eb@group-2E052C20269C: changes role from  FOLLOWER to CANDIDATE at term 7 for changeToCandidate
2019-09-23 16:05:52,561 [Thread-395] INFO  impl.RoleInfo (RoleInfo.java:updateAndGet(143)) - 1c3c41c6-64c5-4fba-b581-d89a673ed8eb: start LeaderElection
2019-09-23 16:05:52,571 [Thread-396] INFO  impl.FollowerState (FollowerState.java:run(106)) - 997f61cf-2db1-4774-b3a4-04f019f0a728:group-2E052C20269C changes to CANDIDATE, lastRpcTime:5119, electionTimeout:5119ms
2019-09-23 16:05:52,571 [Thread-396] INFO  impl.RoleInfo (RoleInfo.java:shutdownFollowerState(121)) - 997f61cf-2db1-4774-b3a4-04f019f0a728: shutdown FollowerState
2019-09-23 16:05:52,571 [Thread-396] INFO  impl.RaftServerImpl (RaftServerImpl.java:setRole(174)) - 997f61cf-2db1-4774-b3a4-04f019f0a728@group-2E052C20269C: changes role from  FOLLOWER to CANDIDATE at term 7 for changeToCandidate
2019-09-23 16:05:52,571 [Thread-396] INFO  impl.RoleInfo (RoleInfo.java:updateAndGet(143)) - 997f61cf-2db1-4774-b3a4-04f019f0a728: start LeaderElection
2019-09-23 16:05:57,208 [1c3c41c6-64c5-4fba-b581-d89a673ed8eb@group-2E052C20269C:LeaderElection26] INFO  impl.LeaderElection (LeaderElection.java:askForVotes(182)) - 1c3c41c6-64c5-4fba-b581-d89a673ed8eb@group-2E052C20269C:LeaderElection26: begin an election at term 8 for -1: [1c3c41c6-64c5-4fba-b581-d89a673ed8eb:192.168.34.17:45910, 997f61cf-2db1-4774-b3a4-04f019f0a728:192.168.34.17:46008, e8629b27-0698-411f-a75e-412d9312397f:192.168.34.17:42826], old=null
2019-09-23 16:05:57,208 [997f61cf-2db1-4774-b3a4-04f019f0a728@group-2E052C20269C:LeaderElection27] INFO  impl.LeaderElection (LeaderElection.java:askForVotes(182)) - 997f61cf-2db1-4774-b3a4-04f019f0a728@group-2E052C20269C:LeaderElection27: begin an election at term 8 for -1: [1c3c41c6-64c5-4fba-b581-d89a673ed8eb:192.168.34.17:45910, 997f61cf-2db1-4774-b3a4-04f019f0a728:192.168.34.17:46008, e8629b27-0698-411f-a75e-412d9312397f:192.168.34.17:42826], old=null
2019-09-23 16:05:57,208 [e8629b27-0698-411f-a75e-412d9312397f@group-2E052C20269C:LeaderElection25] INFO  impl.LeaderElection (LeaderElection.java:askForVotes(182)) - e8629b27-0698-411f-a75e-412d9312397f@group-2E052C20269C:LeaderElection25: begin an election at term 8 for -1: [1c3c41c6-64c5-4fba-b581-d89a673ed8eb:192.168.34.17:45910, 997f61cf-2db1-4774-b3a4-04f019f0a728:192.168.34.17:46008, e8629b27-0698-411f-a75e-412d9312397f:192.168.34.17:42826], old=null
2019-09-23 16:05:57,213 [1c3c41c6-64c5-4fba-b581-d89a673ed8eb@group-2E052C20269C:LeaderElection26] INFO  impl.LeaderElection (LeaderElection.java:logAndReturn(56)) - 1c3c41c6-64c5-4fba-b581-d89a673ed8eb@group-2E052C20269C:LeaderElection26: Election REJECTED; received 2 response(s) [1c3c41c6-64c5-4fba-b581-d89a673ed8eb<-997f61cf-2db1-4774-b3a4-04f019f0a728#0:FAIL-t8, 1c3c41c6-64c5-4fba-b581-d89a673ed8eb<-e8629b27-0698-411f-a75e-412d9312397f#0:FAIL-t8] and 0 exception(s); 1c3c41c6-64c5-4fba-b581-d89a673ed8eb@group-2E052C20269C:t8, leader=null, voted=1c3c41c6-64c5-4fba-b581-d89a673ed8eb, raftlog=1c3c41c6-64c5-4fba-b581-d89a673ed8eb@group-2E052C20269C-SegmentedRaftLog:OPENED:c-1,f-1,i0, conf=-1: [1c3c41c6-64c5-4fba-b581-d89a673ed8eb:192.168.34.17:45910, 997f61cf-2db1-4774-b3a4-04f019f0a728:192.168.34.17:46008, e8629b27-0698-411f-a75e-412d9312397f:192.168.34.17:42826], old=null
2019-09-23 16:05:57,213 [1c3c41c6-64c5-4fba-b581-d89a673ed8eb@group-2E052C20269C:LeaderElection26] INFO  impl.RaftServerImpl (RaftServerImpl.java:setRole(174)) - 1c3c41c6-64c5-4fba-b581-d89a673ed8eb@group-2E052C20269C: changes role from CANDIDATE to FOLLOWER at term 8 for DISCOVERED_A_NEW_TERM
2019-09-23 16:05:57,213 [1c3c41c6-64c5-4fba-b581-d89a673ed8eb@group-2E052C20269C:LeaderElection26] INFO  impl.RoleInfo (RoleInfo.java:shutdownLeaderElection(134)) - 1c3c41c6-64c5-4fba-b581-d89a673ed8eb: shutdown LeaderElection
2019-09-23 16:05:57,214 [e8629b27-0698-411f-a75e-412d9312397f@group-2E052C20269C:LeaderElection25] INFO  impl.LeaderElection (LeaderElection.java:logAndReturn(56)) - e8629b27-0698-411f-a75e-412d9312397f@group-2E052C20269C:LeaderElection25: Election REJECTED; received 2 response(s) [e8629b27-0698-411f-a75e-412d9312397f<-1c3c41c6-64c5-4fba-b581-d89a673ed8eb#0:FAIL-t8, e8629b27-0698-411f-a75e-412d9312397f<-997f61cf-2db1-4774-b3a4-04f019f0a728#0:FAIL-t8] and 0 exception(s); e8629b27-0698-411f-a75e-412d9312397f@group-2E052C20269C:t8, leader=null, voted=e8629b27-0698-411f-a75e-412d9312397f, raftlog=e8629b27-0698-411f-a75e-412d9312397f@group-2E052C20269C-SegmentedRaftLog:OPENED:c-1,f-1,i0, conf=-1: [1c3c41c6-64c5-4fba-b581-d89a673ed8eb:192.168.34.17:45910, 997f61cf-2db1-4774-b3a4-04f019f0a728:192.168.34.17:46008, e8629b27-0698-411f-a75e-412d9312397f:192.168.34.17:42826], old=null
2019-09-23 16:05:57,215 [1c3c41c6-64c5-4fba-b581-d89a673ed8eb@group-2E052C20269C:LeaderElection26] INFO  impl.RoleInfo (RoleInfo.java:updateAndGet(143)) - 1c3c41c6-64c5-4fba-b581-d89a673ed8eb: start FollowerState
2019-09-23 16:05:57,216 [e8629b27-0698-411f-a75e-412d9312397f@group-2E052C20269C:LeaderElection25] INFO  impl.RaftServerImpl (RaftServerImpl.java:setRole(174)) - e8629b27-0698-411f-a75e-412d9312397f@group-2E052C20269C: changes role from CANDIDATE to FOLLOWER at term 8 for DISCOVERED_A_NEW_TERM
2019-09-23 16:05:57,217 [e8629b27-0698-411f-a75e-412d9312397f@group-2E052C20269C:LeaderElection25] INFO  impl.RoleInfo (RoleInfo.java:shutdownLeaderElection(134)) - e8629b27-0698-411f-a75e-412d9312397f: shutdown LeaderElection
2019-09-23 16:05:57,218 [e8629b27-0698-411f-a75e-412d9312397f@group-2E052C20269C:LeaderElection25] INFO  impl.RoleInfo (RoleInfo.java:updateAndGet(143)) - e8629b27-0698-411f-a75e-412d9312397f: start FollowerState
2019-09-23 16:05:57,218 [997f61cf-2db1-4774-b3a4-04f019f0a728@group-2E052C20269C:LeaderElection27] INFO  impl.LeaderElection (LeaderElection.java:logAndReturn(56)) - 997f61cf-2db1-4774-b3a4-04f019f0a728@group-2E052C20269C:LeaderElection27: Election REJECTED; received 2 response(s) [997f61cf-2db1-4774-b3a4-04f019f0a728<-1c3c41c6-64c5-4fba-b581-d89a673ed8eb#0:FAIL-t8, 997f61cf-2db1-4774-b3a4-04f019f0a728<-e8629b27-0698-411f-a75e-412d9312397f#0:FAIL-t8] and 0 exception(s); 997f61cf-2db1-4774-b3a4-04f019f0a728@group-2E052C20269C:t8, leader=null, voted=997f61cf-2db1-4774-b3a4-04f019f0a728, raftlog=997f61cf-2db1-4774-b3a4-04f019f0a728@group-2E052C20269C-SegmentedRaftLog:OPENED:c-1,f-1,i0, conf=-1: [1c3c41c6-64c5-4fba-b581-d89a673ed8eb:192.168.34.17:45910, 997f61cf-2db1-4774-b3a4-04f019f0a728:192.168.34.17:46008, e8629b27-0698-411f-a75e-412d9312397f:192.168.34.17:42826], old=null
2019-09-23 16:05:57,218 [997f61cf-2db1-4774-b3a4-04f019f0a728@group-2E052C20269C:LeaderElection27] INFO  impl.RaftServerImpl (RaftServerImpl.java:setRole(174)) - 997f61cf-2db1-4774-b3a4-04f019f0a728@group-2E052C20269C: changes role from CANDIDATE to FOLLOWER at term 8 for DISCOVERED_A_NEW_TERM
2019-09-23 16:05:57,218 [997f61cf-2db1-4774-b3a4-04f019f0a728@group-2E052C20269C:LeaderElection27] INFO  impl.RoleInfo (RoleInfo.java:shutdownLeaderElection(134)) - 997f61cf-2db1-4774-b3a4-04f019f0a728: shutdown LeaderElection
2019-09-23 16:05:57,218 [997f61cf-2db1-4774-b3a4-04f019f0a728@group-2E052C20269C:LeaderElection27] INFO  impl.RoleInfo (RoleInfo.java:updateAndGet(143)) - 997f61cf-2db1-4774-b3a4-04f019f0a728: start FollowerState
2019-09-23 16:06:02,304 [Thread-432] INFO  impl.FollowerState (FollowerState.java:run(106)) - 997f61cf-2db1-4774-b3a4-04f019f0a728:group-2E052C20269C changes to CANDIDATE, lastRpcTime:5085, electionTimeout:5085ms
2019-09-23 16:06:02,307 [Thread-432] INFO  impl.RoleInfo (RoleInfo.java:shutdownFollowerState(121)) - 997f61cf-2db1-4774-b3a4-04f019f0a728: shutdown FollowerState
2019-09-23 16:06:02,307 [Thread-432] INFO  impl.RaftServerImpl (RaftServerImpl.java:setRole(174)) - 997f61cf-2db1-4774-b3a4-04f019f0a728@group-2E052C20269C: changes role from  FOLLOWER to CANDIDATE at term 8 for changeToCandidate
2019-09-23 16:06:02,307 [Thread-432] INFO  impl.RoleInfo (RoleInfo.java:updateAndGet(143)) - 997f61cf-2db1-4774-b3a4-04f019f0a728: start LeaderElection
2019-09-23 16:06:02,348 [Thread-430] INFO  impl.FollowerState (FollowerState.java:run(106)) - 1c3c41c6-64c5-4fba-b581-d89a673ed8eb:group-2E052C20269C changes to CANDIDATE, lastRpcTime:5132, electionTimeout:5130ms
2019-09-23 16:06:02,348 [Thread-430] INFO  impl.RoleInfo (RoleInfo.java:shutdownFollowerState(121)) - 1c3c41c6-64c5-4fba-b581-d89a673ed8eb: shutdown FollowerState
2019-09-23 16:06:02,348 [Thread-430] INFO  impl.RaftServerImpl (RaftServerImpl.java:setRole(174)) - 1c3c41c6-64c5-4fba-b581-d89a673ed8eb@group-2E052C20269C: changes role from  FOLLOWER to CANDIDATE at term 8 for changeToCandidate
2019-09-23 16:06:02,348 [Thread-430] INFO  impl.RoleInfo (RoleInfo.java:updateAndGet(143)) - 1c3c41c6-64c5-4fba-b581-d89a673ed8eb: start LeaderElection
2019-09-23 16:06:02,400 [Thread-431] INFO  impl.FollowerState (FollowerState.java:run(106)) - e8629b27-0698-411f-a75e-412d9312397f:group-2E052C20269C changes to CANDIDATE, lastRpcTime:5182, electionTimeout:5182ms
2019-09-23 16:06:02,401 [Thread-431] INFO  impl.RoleInfo (RoleInfo.java:shutdownFollowerState(121)) - e8629b27-0698-411f-a75e-412d9312397f: shutdown FollowerState
2019-09-23 16:06:02,401 [Thread-431] INFO  impl.RaftServerImpl (RaftServerImpl.java:setRole(174)) - e8629b27-0698-411f-a75e-412d9312397f@group-2E052C20269C: changes role from  FOLLOWER to CANDIDATE at term 8 for changeToCandidate
2019-09-23 16:06:02,401 [Thread-431] INFO  impl.RoleInfo (RoleInfo.java:updateAndGet(143)) - e8629b27-0698-411f-a75e-412d9312397f: start LeaderElection
2019-09-23 16:06:04,262 [1c3c41c6-64c5-4fba-b581-d89a673ed8eb@group-2E052C20269C:LeaderElection29] INFO  impl.LeaderElection (LeaderElection.java:askForVotes(182)) - 1c3c41c6-64c5-4fba-b581-d89a673ed8eb@group-2E052C20269C:LeaderElection29: begin an election at term 9 for -1: [1c3c41c6-64c5-4fba-b581-d89a673ed8eb:192.168.34.17:45910, 997f61cf-2db1-4774-b3a4-04f019f0a728:192.168.34.17:46008, e8629b27-0698-411f-a75e-412d9312397f:192.168.34.17:42826], old=null
2019-09-23 16:06:04,262 [997f61cf-2db1-4774-b3a4-04f019f0a728@group-2E052C20269C:LeaderElection28] INFO  impl.LeaderElection (LeaderElection.java:askForVotes(182)) - 997f61cf-2db1-4774-b3a4-04f019f0a728@group-2E052C20269C:LeaderElection28: begin an election at term 9 for -1: [1c3c41c6-64c5-4fba-b581-d89a673ed8eb:192.168.34.17:45910, 997f61cf-2db1-4774-b3a4-04f019f0a728:192.168.34.17:46008, e8629b27-0698-411f-a75e-412d9312397f:192.168.34.17:42826], old=null
2019-09-23 16:06:04,262 [e8629b27-0698-411f-a75e-412d9312397f@group-2E052C20269C:LeaderElection30] INFO  impl.LeaderElection (LeaderElection.java:askForVotes(182)) - e8629b27-0698-411f-a75e-412d9312397f@group-2E052C20269C:LeaderElection30: begin an election at term 9 for -1: [1c3c41c6-64c5-4fba-b581-d89a673ed8eb:192.168.34.17:45910, 997f61cf-2db1-4774-b3a4-04f019f0a728:192.168.34.17:46008, e8629b27-0698-411f-a75e-412d9312397f:192.168.34.17:42826], old=null
2019-09-23 16:06:04,267 [997f61cf-2db1-4774-b3a4-04f019f0a728@group-2E052C20269C:LeaderElection28] INFO  impl.LeaderElection (LeaderElection.java:logAndReturn(56)) - 997f61cf-2db1-4774-b3a4-04f019f0a728@group-2E052C20269C:LeaderElection28: Election REJECTED; received 2 response(s) [997f61cf-2db1-4774-b3a4-04f019f0a728<-1c3c41c6-64c5-4fba-b581-d89a673ed8eb#0:FAIL-t9, 997f61cf-2db1-4774-b3a4-04f019f0a728<-e8629b27-0698-411f-a75e-412d9312397f#0:FAIL-t9] and 0 exception(s); 997f61cf-2db1-4774-b3a4-04f019f0a728@group-2E052C20269C:t9, leader=null, voted=997f61cf-2db1-4774-b3a4-04f019f0a728, raftlog=997f61cf-2db1-4774-b3a4-04f019f0a728@group-2E052C20269C-SegmentedRaftLog:OPENED:c-1,f-1,i0, conf=-1: [1c3c41c6-64c5-4fba-b581-d89a673ed8eb:192.168.34.17:45910, 997f61cf-2db1-4774-b3a4-04f019f0a728:192.168.34.17:46008, e8629b27-0698-411f-a75e-412d9312397f:192.168.34.17:42826], old=null
2019-09-23 16:06:04,267 [997f61cf-2db1-4774-b3a4-04f019f0a728@group-2E052C20269C:LeaderElection28] INFO  impl.RaftServerImpl (RaftServerImpl.java:setRole(174)) - 997f61cf-2db1-4774-b3a4-04f019f0a728@group-2E052C20269C: changes role from CANDIDATE to FOLLOWER at term 9 for DISCOVERED_A_NEW_TERM
2019-09-23 16:06:04,268 [997f61cf-2db1-4774-b3a4-04f019f0a728@group-2E052C20269C:LeaderElection28] INFO  impl.RoleInfo (RoleInfo.java:shutdownLeaderElection(134)) - 997f61cf-2db1-4774-b3a4-04f019f0a728: shutdown LeaderElection
2019-09-23 16:06:04,268 [997f61cf-2db1-4774-b3a4-04f019f0a728@group-2E052C20269C:LeaderElection28] INFO  impl.RoleInfo (RoleInfo.java:updateAndGet(143)) - 997f61cf-2db1-4774-b3a4-04f019f0a728: start FollowerState
2019-09-23 16:06:04,268 [1c3c41c6-64c5-4fba-b581-d89a673ed8eb@group-2E052C20269C:LeaderElection29] INFO  impl.LeaderElection (LeaderElection.java:logAndReturn(56)) - 1c3c41c6-64c5-4fba-b581-d89a673ed8eb@group-2E052C20269C:LeaderElection29: Election REJECTED; received 2 response(s) [1c3c41c6-64c5-4fba-b581-d89a673ed8eb<-997f61cf-2db1-4774-b3a4-04f019f0a728#0:FAIL-t9, 1c3c41c6-64c5-4fba-b581-d89a673ed8eb<-e8629b27-0698-411f-a75e-412d9312397f#0:FAIL-t9] and 0 exception(s); 1c3c41c6-64c5-4fba-b581-d89a673ed8eb@group-2E052C20269C:t9, leader=null, voted=1c3c41c6-64c5-4fba-b581-d89a673ed8eb, raftlog=1c3c41c6-64c5-4fba-b581-d89a673ed8eb@group-2E052C20269C-SegmentedRaftLog:OPENED:c-1,f-1,i0, conf=-1: [1c3c41c6-64c5-4fba-b581-d89a673ed8eb:192.168.34.17:45910, 997f61cf-2db1-4774-b3a4-04f019f0a728:192.168.34.17:46008, e8629b27-0698-411f-a75e-412d9312397f:192.168.34.17:42826], old=null
2019-09-23 16:06:04,270 [e8629b27-0698-411f-a75e-412d9312397f@group-2E052C20269C:LeaderElection30] INFO  impl.LeaderElection (LeaderElection.java:logAndReturn(56)) - e8629b27-0698-411f-a75e-412d9312397f@group-2E052C20269C:LeaderElection30: Election REJECTED; received 2 response(s) [e8629b27-0698-411f-a75e-412d9312397f<-1c3c41c6-64c5-4fba-b581-d89a673ed8eb#0:FAIL-t9, e8629b27-0698-411f-a75e-412d9312397f<-997f61cf-2db1-4774-b3a4-04f019f0a728#0:FAIL-t9] and 0 exception(s); e8629b27-0698-411f-a75e-412d9312397f@group-2E052C20269C:t9, leader=null, voted=e8629b27-0698-411f-a75e-412d9312397f, raftlog=e8629b27-0698-411f-a75e-412d9312397f@group-2E052C20269C-SegmentedRaftLog:OPENED:c-1,f-1,i0, conf=-1: [1c3c41c6-64c5-4fba-b581-d89a673ed8eb:192.168.34.17:45910, 997f61cf-2db1-4774-b3a4-04f019f0a728:192.168.34.17:46008, e8629b27-0698-411f-a75e-412d9312397f:192.168.34.17:42826], old=null
2019-09-23 16:06:04,270 [1c3c41c6-64c5-4fba-b581-d89a673ed8eb@group-2E052C20269C:LeaderElection29] INFO  impl.RaftServerImpl (RaftServerImpl.java:setRole(174)) - 1c3c41c6-64c5-4fba-b581-d89a673ed8eb@group-2E052C20269C: changes role from CANDIDATE to FOLLOWER at term 9 for DISCOVERED_A_NEW_TERM
2019-09-23 16:06:04,270 [e8629b27-0698-411f-a75e-412d9312397f@group-2E052C20269C:LeaderElection30] INFO  impl.RaftServerImpl (RaftServerImpl.java:setRole(174)) - e8629b27-0698-411f-a75e-412d9312397f@group-2E052C20269C: changes role from CANDIDATE to FOLLOWER at term 9 for DISCOVERED_A_NEW_TERM
2019-09-23 16:06:04,271 [1c3c41c6-64c5-4fba-b581-d89a673ed8eb@group-2E052C20269C:LeaderElection29] INFO  impl.RoleInfo (RoleInfo.java:shutdownLeaderElection(134)) - 1c3c41c6-64c5-4fba-b581-d89a673ed8eb: shutdown LeaderElection
2019-09-23 16:06:04,272 [e8629b27-0698-411f-a75e-412d9312397f@group-2E052C20269C:LeaderElection30] INFO  impl.RoleInfo (RoleInfo.java:shutdownLeaderElection(134)) - e8629b27-0698-411f-a75e-412d9312397f: shutdown LeaderElection
2019-09-23 16:06:04,272 [1c3c41c6-64c5-4fba-b581-d89a673ed8eb@group-2E052C20269C:LeaderElection29] INFO  impl.RoleInfo (RoleInfo.java:updateAndGet(143)) - 1c3c41c6-64c5-4fba-b581-d89a673ed8eb: start FollowerState
2019-09-23 16:06:04,272 [e8629b27-0698-411f-a75e-412d9312397f@group-2E052C20269C:LeaderElection30] INFO  impl.RoleInfo (RoleInfo.java:updateAndGet(143)) - e8629b27-0698-411f-a75e-412d9312397f: start FollowerState
2019-09-23 16:06:09,293 [Thread-457] INFO  impl.FollowerState (FollowerState.java:run(106)) - 1c3c41c6-64c5-4fba-b581-d89a673ed8eb:group-2E052C20269C changes to CANDIDATE, lastRpcTime:5020, electionTimeout:5020ms
2019-09-23 16:06:09,293 [Thread-457] INFO  impl.RoleInfo (RoleInfo.java:shutdownFollowerState(121)) - 1c3c41c6-64c5-4fba-b581-d89a673ed8eb: shutdown FollowerState
2019-09-23 16:06:09,293 [Thread-457] INFO  impl.RaftServerImpl (RaftServerImpl.java:setRole(174)) - 1c3c41c6-64c5-4fba-b581-d89a673ed8eb@group-2E052C20269C: changes role from  FOLLOWER to CANDIDATE at term 9 for changeToCandidate
2019-09-23 16:06:09,293 [Thread-457] INFO  impl.RoleInfo (RoleInfo.java:updateAndGet(143)) - 1c3c41c6-64c5-4fba-b581-d89a673ed8eb: start LeaderElection
2019-09-23 16:06:09,321 [Thread-456] INFO  impl.FollowerState (FollowerState.java:run(106)) - 997f61cf-2db1-4774-b3a4-04f019f0a728:group-2E052C20269C changes to CANDIDATE, lastRpcTime:5053, electionTimeout:5051ms
2019-09-23 16:06:09,321 [Thread-456] INFO  impl.RoleInfo (RoleInfo.java:shutdownFollowerState(121)) - 997f61cf-2db1-4774-b3a4-04f019f0a728: shutdown FollowerState
2019-09-23 16:06:09,321 [Thread-456] INFO  impl.RaftServerImpl (RaftServerImpl.java:setRole(174)) - 997f61cf-2db1-4774-b3a4-04f019f0a728@group-2E052C20269C: changes role from  FOLLOWER to CANDIDATE at term 9 for changeToCandidate
2019-09-23 16:06:09,321 [Thread-456] INFO  impl.RoleInfo (RoleInfo.java:updateAndGet(143)) - 997f61cf-2db1-4774-b3a4-04f019f0a728: start LeaderElection
2019-09-23 16:06:09,460 [Thread-458] INFO  impl.FollowerState (FollowerState.java:run(106)) - e8629b27-0698-411f-a75e-412d9312397f:group-2E052C20269C changes to CANDIDATE, lastRpcTime:5187, electionTimeout:5187ms
2019-09-23 16:06:09,460 [Thread-458] INFO  impl.RoleInfo (RoleInfo.java:shutdownFollowerState(121)) - e8629b27-0698-411f-a75e-412d9312397f: shutdown FollowerState
2019-09-23 16:06:09,460 [Thread-458] INFO  impl.RaftServerImpl (RaftServerImpl.java:setRole(174)) - e8629b27-0698-411f-a75e-412d9312397f@group-2E052C20269C: changes role from  FOLLOWER to CANDIDATE at term 9 for changeToCandidate
2019-09-23 16:06:09,460 [Thread-458] INFO  impl.RoleInfo (RoleInfo.java:updateAndGet(143)) - e8629b27-0698-411f-a75e-412d9312397f: start LeaderElection
2019-09-23 16:06:10,062 [e8629b27-0698-411f-a75e-412d9312397f@group-2E052C20269C:LeaderElection33] INFO  impl.LeaderElection (LeaderElection.java:askForVotes(182)) - e8629b27-0698-411f-a75e-412d9312397f@group-2E052C20269C:LeaderElection33: begin an election at term 10 for -1: [1c3c41c6-64c5-4fba-b581-d89a673ed8eb:192.168.34.17:45910, 997f61cf-2db1-4774-b3a4-04f019f0a728:192.168.34.17:46008, e8629b27-0698-411f-a75e-412d9312397f:192.168.34.17:42826], old=null
2019-09-23 16:06:10,062 [997f61cf-2db1-4774-b3a4-04f019f0a728@group-2E052C20269C:LeaderElection32] INFO  impl.LeaderElection (LeaderElection.java:askForVotes(182)) - 997f61cf-2db1-4774-b3a4-04f019f0a728@group-2E052C20269C:LeaderElection32: begin an election at term 10 for -1: [1c3c41c6-64c5-4fba-b581-d89a673ed8eb:192.168.34.17:45910, 997f61cf-2db1-4774-b3a4-04f019f0a728:192.168.34.17:46008, e8629b27-0698-411f-a75e-412d9312397f:192.168.34.17:42826], old=null
2019-09-23 16:06:10,062 [1c3c41c6-64c5-4fba-b581-d89a673ed8eb@group-2E052C20269C:LeaderElection31] INFO  impl.LeaderElection (LeaderElection.java:askForVotes(182)) - 1c3c41c6-64c5-4fba-b581-d89a673ed8eb@group-2E052C20269C:LeaderElection31: begin an election at term 10 for -1: [1c3c41c6-64c5-4fba-b581-d89a673ed8eb:192.168.34.17:45910, 997f61cf-2db1-4774-b3a4-04f019f0a728:192.168.34.17:46008, e8629b27-0698-411f-a75e-412d9312397f:192.168.34.17:42826], old=null
2019-09-23 16:06:10,068 [1c3c41c6-64c5-4fba-b581-d89a673ed8eb@group-2E052C20269C:LeaderElection31] INFO  impl.LeaderElection (LeaderElection.java:logAndReturn(56)) - 1c3c41c6-64c5-4fba-b581-d89a673ed8eb@group-2E052C20269C:LeaderElection31: Election REJECTED; received 2 response(s) [1c3c41c6-64c5-4fba-b581-d89a673ed8eb<-997f61cf-2db1-4774-b3a4-04f019f0a728#0:FAIL-t10, 1c3c41c6-64c5-4fba-b581-d89a673ed8eb<-e8629b27-0698-411f-a75e-412d9312397f#0:FAIL-t10] and 0 exception(s); 1c3c41c6-64c5-4fba-b581-d89a673ed8eb@group-2E052C20269C:t10, leader=null, voted=1c3c41c6-64c5-4fba-b581-d89a673ed8eb, raftlog=1c3c41c6-64c5-4fba-b581-d89a673ed8eb@group-2E052C20269C-SegmentedRaftLog:OPENED:c-1,f-1,i0, conf=-1: [1c3c41c6-64c5-4fba-b581-d89a673ed8eb:192.168.34.17:45910, 997f61cf-2db1-4774-b3a4-04f019f0a728:192.168.34.17:46008, e8629b27-0698-411f-a75e-412d9312397f:192.168.34.17:42826], old=null
2019-09-23 16:06:10,068 [e8629b27-0698-411f-a75e-412d9312397f@group-2E052C20269C:LeaderElection33] INFO  impl.LeaderElection (LeaderElection.java:logAndReturn(56)) - e8629b27-0698-411f-a75e-412d9312397f@group-2E052C20269C:LeaderElection33: Election REJECTED; received 2 response(s) [e8629b27-0698-411f-a75e-412d9312397f<-1c3c41c6-64c5-4fba-b581-d89a673ed8eb#0:FAIL-t10, e8629b27-0698-411f-a75e-412d9312397f<-997f61cf-2db1-4774-b3a4-04f019f0a728#0:FAIL-t10] and 0 exception(s); e8629b27-0698-411f-a75e-412d9312397f@group-2E052C20269C:t10, leader=null, voted=e8629b27-0698-411f-a75e-412d9312397f, raftlog=e8629b27-0698-411f-a75e-412d9312397f@group-2E052C20269C-SegmentedRaftLog:OPENED:c-1,f-1,i0, conf=-1: [1c3c41c6-64c5-4fba-b581-d89a673ed8eb:192.168.34.17:45910, 997f61cf-2db1-4774-b3a4-04f019f0a728:192.168.34.17:46008, e8629b27-0698-411f-a75e-412d9312397f:192.168.34.17:42826], old=null
2019-09-23 16:06:10,068 [1c3c41c6-64c5-4fba-b581-d89a673ed8eb@group-2E052C20269C:LeaderElection31] INFO  impl.RaftServerImpl (RaftServerImpl.java:setRole(174)) - 1c3c41c6-64c5-4fba-b581-d89a673ed8eb@group-2E052C20269C: changes role from CANDIDATE to FOLLOWER at term 10 for DISCOVERED_A_NEW_TERM
2019-09-23 16:06:10,068 [997f61cf-2db1-4774-b3a4-04f019f0a728@group-2E052C20269C:LeaderElection32] INFO  impl.LeaderElection (LeaderElection.java:logAndReturn(56)) - 997f61cf-2db1-4774-b3a4-04f019f0a728@group-2E052C20269C:LeaderElection32: Election REJECTED; received 2 response(s) [997f61cf-2db1-4774-b3a4-04f019f0a728<-1c3c41c6-64c5-4fba-b581-d89a673ed8eb#0:FAIL-t10, 997f61cf-2db1-4774-b3a4-04f019f0a728<-e8629b27-0698-411f-a75e-412d9312397f#0:FAIL-t10] and 0 exception(s); 997f61cf-2db1-4774-b3a4-04f019f0a728@group-2E052C20269C:t10, leader=null, voted=997f61cf-2db1-4774-b3a4-04f019f0a728, raftlog=997f61cf-2db1-4774-b3a4-04f019f0a728@group-2E052C20269C-SegmentedRaftLog:OPENED:c-1,f-1,i0, conf=-1: [1c3c41c6-64c5-4fba-b581-d89a673ed8eb:192.168.34.17:45910, 997f61cf-2db1-4774-b3a4-04f019f0a728:192.168.34.17:46008, e8629b27-0698-411f-a75e-412d9312397f:192.168.34.17:42826], old=null
2019-09-23 16:06:10,072 [e8629b27-0698-411f-a75e-412d9312397f@group-2E052C20269C:LeaderElection33] INFO  impl.RaftServerImpl (RaftServerImpl.java:setRole(174)) - e8629b27-0698-411f-a75e-412d9312397f@group-2E052C20269C: changes role from CANDIDATE to FOLLOWER at term 10 for DISCOVERED_A_NEW_TERM
2019-09-23 16:06:10,070 [1c3c41c6-64c5-4fba-b581-d89a673ed8eb@group-2E052C20269C:LeaderElection31] INFO  impl.RoleInfo (RoleInfo.java:shutdownLeaderElection(134)) - 1c3c41c6-64c5-4fba-b581-d89a673ed8eb: shutdown LeaderElection
2019-09-23 16:06:10,073 [e8629b27-0698-411f-a75e-412d9312397f@group-2E052C20269C:LeaderElection33] INFO  impl.RoleInfo (RoleInfo.java:shutdownLeaderElection(134)) - e8629b27-0698-411f-a75e-412d9312397f: shutdown LeaderElection
2019-09-23 16:06:10,072 [997f61cf-2db1-4774-b3a4-04f019f0a728@group-2E052C20269C:LeaderElection32] INFO  impl.RaftServerImpl (RaftServerImpl.java:setRole(174)) - 997f61cf-2db1-4774-b3a4-04f019f0a728@group-2E052C20269C: changes role from CANDIDATE to FOLLOWER at term 10 for DISCOVERED_A_NEW_TERM
2019-09-23 16:06:10,073 [e8629b27-0698-411f-a75e-412d9312397f@group-2E052C20269C:LeaderElection33] INFO  impl.RoleInfo (RoleInfo.java:updateAndGet(143)) - e8629b27-0698-411f-a75e-412d9312397f: start FollowerState
2019-09-23 16:06:10,073 [1c3c41c6-64c5-4fba-b581-d89a673ed8eb@group-2E052C20269C:LeaderElection31] INFO  impl.RoleInfo (RoleInfo.java:updateAndGet(143)) - 1c3c41c6-64c5-4fba-b581-d89a673ed8eb: start FollowerState
2019-09-23 16:06:10,074 [997f61cf-2db1-4774-b3a4-04f019f0a728@group-2E052C20269C:LeaderElection32] INFO  impl.RoleInfo (RoleInfo.java:shutdownLeaderElection(134)) - 997f61cf-2db1-4774-b3a4-04f019f0a728: shutdown LeaderElection
2019-09-23 16:06:10,074 [997f61cf-2db1-4774-b3a4-04f019f0a728@group-2E052C20269C:LeaderElection32] INFO  impl.RoleInfo (RoleInfo.java:updateAndGet(143)) - 997f61cf-2db1-4774-b3a4-04f019f0a728: start FollowerState
2019-09-23 16:06:15,140 [Thread-480] INFO  impl.FollowerState (FollowerState.java:run(106)) - 997f61cf-2db1-4774-b3a4-04f019f0a728:group-2E052C20269C changes to CANDIDATE, lastRpcTime:5065, electionTimeout:5065ms
2019-09-23 16:06:15,140 [Thread-480] INFO  impl.RoleInfo (RoleInfo.java:shutdownFollowerState(121)) - 997f61cf-2db1-4774-b3a4-04f019f0a728: shutdown FollowerState
2019-09-23 16:06:15,140 [Thread-480] INFO  impl.RaftServerImpl (RaftServerImpl.java:setRole(174)) - 997f61cf-2db1-4774-b3a4-04f019f0a728@group-2E052C20269C: changes role from  FOLLOWER to CANDIDATE at term 10 for changeToCandidate
2019-09-23 16:06:15,140 [Thread-480] INFO  impl.RoleInfo (RoleInfo.java:updateAndGet(143)) - 997f61cf-2db1-4774-b3a4-04f019f0a728: start LeaderElection
2019-09-23 16:06:15,225 [Thread-479] INFO  impl.FollowerState (FollowerState.java:run(106)) - e8629b27-0698-411f-a75e-412d9312397f:group-2E052C20269C changes to CANDIDATE, lastRpcTime:5151, electionTimeout:5150ms
2019-09-23 16:06:15,225 [Thread-479] INFO  impl.RoleInfo (RoleInfo.java:shutdownFollowerState(121)) - e8629b27-0698-411f-a75e-412d9312397f: shutdown FollowerState
2019-09-23 16:06:15,225 [Thread-479] INFO  impl.RaftServerImpl (RaftServerImpl.java:setRole(174)) - e8629b27-0698-411f-a75e-412d9312397f@group-2E052C20269C: changes role from  FOLLOWER to CANDIDATE at term 10 for changeToCandidate
2019-09-23 16:06:15,225 [Thread-479] INFO  impl.RoleInfo (RoleInfo.java:updateAndGet(143)) - e8629b27-0698-411f-a75e-412d9312397f: start LeaderElection
2019-09-23 16:06:15,251 [Thread-478] INFO  impl.FollowerState (FollowerState.java:run(106)) - 1c3c41c6-64c5-4fba-b581-d89a673ed8eb:group-2E052C20269C changes to CANDIDATE, lastRpcTime:5178, electionTimeout:5177ms
2019-09-23 16:06:15,251 [Thread-478] INFO  impl.RoleInfo (RoleInfo.java:shutdownFollowerState(121)) - 1c3c41c6-64c5-4fba-b581-d89a673ed8eb: shutdown FollowerState
2019-09-23 16:06:15,252 [Thread-478] INFO  impl.RaftServerImpl (RaftServerImpl.java:setRole(174)) - 1c3c41c6-64c5-4fba-b581-d89a673ed8eb@group-2E052C20269C: changes role from  FOLLOWER to CANDIDATE at term 10 for changeToCandidate
2019-09-23 16:06:15,252 [Thread-478] INFO  impl.RoleInfo (RoleInfo.java:updateAndGet(143)) - 1c3c41c6-64c5-4fba-b581-d89a673ed8eb: start LeaderElection
2019-09-23 16:06:18,535 [e8629b27-0698-411f-a75e-412d9312397f@group-2E052C20269C:LeaderElection35] INFO  impl.LeaderElection (LeaderElection.java:askForVotes(182)) - e8629b27-0698-411f-a75e-412d9312397f@group-2E052C20269C:LeaderElection35: begin an election at term 11 for -1: [1c3c41c6-64c5-4fba-b581-d89a673ed8eb:192.168.34.17:45910, 997f61cf-2db1-4774-b3a4-04f019f0a728:192.168.34.17:46008, e8629b27-0698-411f-a75e-412d9312397f:192.168.34.17:42826], old=null
2019-09-23 16:06:18,535 [1c3c41c6-64c5-4fba-b581-d89a673ed8eb@group-2E052C20269C:LeaderElection36] INFO  impl.LeaderElection (LeaderElection.java:askForVotes(182)) - 1c3c41c6-64c5-4fba-b581-d89a673ed8eb@group-2E052C20269C:LeaderElection36: begin an election at term 11 for -1: [1c3c41c6-64c5-4fba-b581-d89a673ed8eb:192.168.34.17:45910, 997f61cf-2db1-4774-b3a4-04f019f0a728:192.168.34.17:46008, e8629b27-0698-411f-a75e-412d9312397f:192.168.34.17:42826], old=null
2019-09-23 16:06:18,535 [997f61cf-2db1-4774-b3a4-04f019f0a728@group-2E052C20269C:LeaderElection34] INFO  impl.LeaderElection (LeaderElection.java:askForVotes(182)) - 997f61cf-2db1-4774-b3a4-04f019f0a728@group-2E052C20269C:LeaderElection34: begin an election at term 11 for -1: [1c3c41c6-64c5-4fba-b581-d89a673ed8eb:192.168.34.17:45910, 997f61cf-2db1-4774-b3a4-04f019f0a728:192.168.34.17:46008, e8629b27-0698-411f-a75e-412d9312397f:192.168.34.17:42826], old=null
2019-09-23 16:06:18,542 [e8629b27-0698-411f-a75e-412d9312397f@group-2E052C20269C:LeaderElection35] INFO  impl.LeaderElection (LeaderElection.java:logAndReturn(56)) - e8629b27-0698-411f-a75e-412d9312397f@group-2E052C20269C:LeaderElection35: Election REJECTED; received 2 response(s) [e8629b27-0698-411f-a75e-412d9312397f<-1c3c41c6-64c5-4fba-b581-d89a673ed8eb#0:FAIL-t11, e8629b27-0698-411f-a75e-412d9312397f<-997f61cf-2db1-4774-b3a4-04f019f0a728#0:FAIL-t11] and 0 exception(s); e8629b27-0698-411f-a75e-412d9312397f@group-2E052C20269C:t11, leader=null, voted=e8629b27-0698-411f-a75e-412d9312397f, raftlog=e8629b27-0698-411f-a75e-412d9312397f@group-2E052C20269C-SegmentedRaftLog:OPENED:c-1,f-1,i0, conf=-1: [1c3c41c6-64c5-4fba-b581-d89a673ed8eb:192.168.34.17:45910, 997f61cf-2db1-4774-b3a4-04f019f0a728:192.168.34.17:46008, e8629b27-0698-411f-a75e-412d9312397f:192.168.34.17:42826], old=null
2019-09-23 16:06:18,542 [997f61cf-2db1-4774-b3a4-04f019f0a728@group-2E052C20269C:LeaderElection34] INFO  impl.LeaderElection (LeaderElection.java:logAndReturn(56)) - 997f61cf-2db1-4774-b3a4-04f019f0a728@group-2E052C20269C:LeaderElection34: Election REJECTED; received 2 response(s) [997f61cf-2db1-4774-b3a4-04f019f0a728<-1c3c41c6-64c5-4fba-b581-d89a673ed8eb#0:FAIL-t11, 997f61cf-2db1-4774-b3a4-04f019f0a728<-e8629b27-0698-411f-a75e-412d9312397f#0:FAIL-t11] and 0 exception(s); 997f61cf-2db1-4774-b3a4-04f019f0a728@group-2E052C20269C:t11, leader=null, voted=997f61cf-2db1-4774-b3a4-04f019f0a728, raftlog=997f61cf-2db1-4774-b3a4-04f019f0a728@group-2E052C20269C-SegmentedRaftLog:OPENED:c-1,f-1,i0, conf=-1: [1c3c41c6-64c5-4fba-b581-d89a673ed8eb:192.168.34.17:45910, 997f61cf-2db1-4774-b3a4-04f019f0a728:192.168.34.17:46008, e8629b27-0698-411f-a75e-412d9312397f:192.168.34.17:42826], old=null
2019-09-23 16:06:18,542 [e8629b27-0698-411f-a75e-412d9312397f@group-2E052C20269C:LeaderElection35] INFO  impl.RaftServerImpl (RaftServerImpl.java:setRole(174)) - e8629b27-0698-411f-a75e-412d9312397f@group-2E052C20269C: changes role from CANDIDATE to FOLLOWER at term 11 for DISCOVERED_A_NEW_TERM
2019-09-23 16:06:18,544 [997f61cf-2db1-4774-b3a4-04f019f0a728@group-2E052C20269C:LeaderElection34] INFO  impl.RaftServerImpl (RaftServerImpl.java:setRole(174)) - 997f61cf-2db1-4774-b3a4-04f019f0a728@group-2E052C20269C: changes role from CANDIDATE to FOLLOWER at term 11 for DISCOVERED_A_NEW_TERM
2019-09-23 16:06:18,542 [1c3c41c6-64c5-4fba-b581-d89a673ed8eb@group-2E052C20269C:LeaderElection36] INFO  impl.LeaderElection (LeaderElection.java:logAndReturn(56)) - 1c3c41c6-64c5-4fba-b581-d89a673ed8eb@group-2E052C20269C:LeaderElection36: Election REJECTED; received 2 response(s) [1c3c41c6-64c5-4fba-b581-d89a673ed8eb<-997f61cf-2db1-4774-b3a4-04f019f0a728#0:FAIL-t11, 1c3c41c6-64c5-4fba-b581-d89a673ed8eb<-e8629b27-0698-411f-a75e-412d9312397f#0:FAIL-t11] and 0 exception(s); 1c3c41c6-64c5-4fba-b581-d89a673ed8eb@group-2E052C20269C:t11, leader=null, voted=1c3c41c6-64c5-4fba-b581-d89a673ed8eb, raftlog=1c3c41c6-64c5-4fba-b581-d89a673ed8eb@group-2E052C20269C-SegmentedRaftLog:OPENED:c-1,f-1,i0, conf=-1: [1c3c41c6-64c5-4fba-b581-d89a673ed8eb:192.168.34.17:45910, 997f61cf-2db1-4774-b3a4-04f019f0a728:192.168.34.17:46008, e8629b27-0698-411f-a75e-412d9312397f:192.168.34.17:42826], old=null
2019-09-23 16:06:18,546 [997f61cf-2db1-4774-b3a4-04f019f0a728@group-2E052C20269C:LeaderElection34] INFO  impl.RoleInfo (RoleInfo.java:shutdownLeaderElection(134)) - 997f61cf-2db1-4774-b3a4-04f019f0a728: shutdown LeaderElection
2019-09-23 16:06:18,546 [e8629b27-0698-411f-a75e-412d9312397f@group-2E052C20269C:LeaderElection35] INFO  impl.RoleInfo (RoleInfo.java:shutdownLeaderElection(134)) - e8629b27-0698-411f-a75e-412d9312397f: shutdown LeaderElection
2019-09-23 16:06:18,547 [997f61cf-2db1-4774-b3a4-04f019f0a728@group-2E052C20269C:LeaderElection34] INFO  impl.RoleInfo (RoleInfo.java:updateAndGet(143)) - 997f61cf-2db1-4774-b3a4-04f019f0a728: start FollowerState
2019-09-23 16:06:18,548 [e8629b27-0698-411f-a75e-412d9312397f@group-2E052C20269C:LeaderElection35] INFO  impl.RoleInfo (RoleInfo.java:updateAndGet(143)) - e8629b27-0698-411f-a75e-412d9312397f: start FollowerState
2019-09-23 16:06:18,546 [1c3c41c6-64c5-4fba-b581-d89a673ed8eb@group-2E052C20269C:LeaderElection36] INFO  impl.RaftServerImpl (RaftServerImpl.java:setRole(174)) - 1c3c41c6-64c5-4fba-b581-d89a673ed8eb@group-2E052C20269C: changes role from CANDIDATE to FOLLOWER at term 11 for DISCOVERED_A_NEW_TERM
2019-09-23 16:06:18,548 [1c3c41c6-64c5-4fba-b581-d89a673ed8eb@group-2E052C20269C:LeaderElection36] INFO  impl.RoleInfo (RoleInfo.java:shutdownLeaderElection(134)) - 1c3c41c6-64c5-4fba-b581-d89a673ed8eb: shutdown LeaderElection
2019-09-23 16:06:18,548 [1c3c41c6-64c5-4fba-b581-d89a673ed8eb@group-2E052C20269C:LeaderElection36] INFO  impl.RoleInfo (RoleInfo.java:updateAndGet(143)) - 1c3c41c6-64c5-4fba-b581-d89a673ed8eb: start FollowerState
2019-09-23 16:06:23,656 [Thread-510] INFO  impl.FollowerState (FollowerState.java:run(106)) - 1c3c41c6-64c5-4fba-b581-d89a673ed8eb:group-2E052C20269C changes to CANDIDATE, lastRpcTime:5107, electionTimeout:5107ms
2019-09-23 16:06:23,656 [Thread-510] INFO  impl.RoleInfo (RoleInfo.java:shutdownFollowerState(121)) - 1c3c41c6-64c5-4fba-b581-d89a673ed8eb: shutdown FollowerState
2019-09-23 16:06:23,657 [Thread-510] INFO  impl.RaftServerImpl (RaftServerImpl.java:setRole(174)) - 1c3c41c6-64c5-4fba-b581-d89a673ed8eb@group-2E052C20269C: changes role from  FOLLOWER to CANDIDATE at term 11 for changeToCandidate
2019-09-23 16:06:23,657 [Thread-510] INFO  impl.RoleInfo (RoleInfo.java:updateAndGet(143)) - 1c3c41c6-64c5-4fba-b581-d89a673ed8eb: start LeaderElection
2019-09-23 16:06:23,675 [Thread-509] INFO  impl.FollowerState (FollowerState.java:run(106)) - e8629b27-0698-411f-a75e-412d9312397f:group-2E052C20269C changes to CANDIDATE, lastRpcTime:5127, electionTimeout:5127ms
2019-09-23 16:06:23,676 [Thread-509] INFO  impl.RoleInfo (RoleInfo.java:shutdownFollowerState(121)) - e8629b27-0698-411f-a75e-412d9312397f: shutdown FollowerState
2019-09-23 16:06:23,676 [Thread-509] INFO  impl.RaftServerImpl (RaftServerImpl.java:setRole(174)) - e8629b27-0698-411f-a75e-412d9312397f@group-2E052C20269C: changes role from  FOLLOWER to CANDIDATE at term 11 for changeToCandidate
2019-09-23 16:06:23,676 [Thread-509] INFO  impl.RoleInfo (RoleInfo.java:updateAndGet(143)) - e8629b27-0698-411f-a75e-412d9312397f: start LeaderElection
2019-09-23 16:06:23,714 [Thread-508] INFO  impl.FollowerState (FollowerState.java:run(106)) - 997f61cf-2db1-4774-b3a4-04f019f0a728:group-2E052C20269C changes to CANDIDATE, lastRpcTime:5166, electionTimeout:5166ms
2019-09-23 16:06:23,714 [Thread-508] INFO  impl.RoleInfo (RoleInfo.java:shutdownFollowerState(121)) - 997f61cf-2db1-4774-b3a4-04f019f0a728: shutdown FollowerState
2019-09-23 16:06:23,715 [Thread-508] INFO  impl.RaftServerImpl (RaftServerImpl.java:setRole(174)) - 997f61cf-2db1-4774-b3a4-04f019f0a728@group-2E052C20269C: changes role from  FOLLOWER to CANDIDATE at term 11 for changeToCandidate
2019-09-23 16:06:23,715 [Thread-508] INFO  impl.RoleInfo (RoleInfo.java:updateAndGet(143)) - 997f61cf-2db1-4774-b3a4-04f019f0a728: start LeaderElection
2019-09-23 16:06:28,651 [1c3c41c6-64c5-4fba-b581-d89a673ed8eb@group-2E052C20269C:LeaderElection37] INFO  impl.LeaderElection (LeaderElection.java:askForVotes(182)) - 1c3c41c6-64c5-4fba-b581-d89a673ed8eb@group-2E052C20269C:LeaderElection37: begin an election at term 12 for -1: [1c3c41c6-64c5-4fba-b581-d89a673ed8eb:192.168.34.17:45910, 997f61cf-2db1-4774-b3a4-04f019f0a728:192.168.34.17:46008, e8629b27-0698-411f-a75e-412d9312397f:192.168.34.17:42826], old=null
2019-09-23 16:06:28,651 [e8629b27-0698-411f-a75e-412d9312397f@group-2E052C20269C:LeaderElection38] INFO  impl.LeaderElection (LeaderElection.java:askForVotes(182)) - e8629b27-0698-411f-a75e-412d9312397f@group-2E052C20269C:LeaderElection38: begin an election at term 12 for -1: [1c3c41c6-64c5-4fba-b581-d89a673ed8eb:192.168.34.17:45910, 997f61cf-2db1-4774-b3a4-04f019f0a728:192.168.34.17:46008, e8629b27-0698-411f-a75e-412d9312397f:192.168.34.17:42826], old=null
2019-09-23 16:06:29,489 [997f61cf-2db1-4774-b3a4-04f019f0a728@group-2E052C20269C:LeaderElection39] INFO  impl.LeaderElection (LeaderElection.java:askForVotes(182)) - 997f61cf-2db1-4774-b3a4-04f019f0a728@group-2E052C20269C:LeaderElection39: begin an election at term 12 for -1: [1c3c41c6-64c5-4fba-b581-d89a673ed8eb:192.168.34.17:45910, 997f61cf-2db1-4774-b3a4-04f019f0a728:192.168.34.17:46008, e8629b27-0698-411f-a75e-412d9312397f:192.168.34.17:42826], old=null
2019-09-23 16:06:29,490 [1c3c41c6-64c5-4fba-b581-d89a673ed8eb@group-2E052C20269C:LeaderElection37] INFO  impl.LeaderElection (LeaderElection.java:logAndReturn(56)) - 1c3c41c6-64c5-4fba-b581-d89a673ed8eb@group-2E052C20269C:LeaderElection37: Election REJECTED; received 2 response(s) [1c3c41c6-64c5-4fba-b581-d89a673ed8eb<-997f61cf-2db1-4774-b3a4-04f019f0a728#0:FAIL-t12, 1c3c41c6-64c5-4fba-b581-d89a673ed8eb<-e8629b27-0698-411f-a75e-412d9312397f#0:FAIL-t12] and 0 exception(s); 1c3c41c6-64c5-4fba-b581-d89a673ed8eb@group-2E052C20269C:t12, leader=null, voted=1c3c41c6-64c5-4fba-b581-d89a673ed8eb, raftlog=1c3c41c6-64c5-4fba-b581-d89a673ed8eb@group-2E052C20269C-SegmentedRaftLog:OPENED:c-1,f-1,i0, conf=-1: [1c3c41c6-64c5-4fba-b581-d89a673ed8eb:192.168.34.17:45910, 997f61cf-2db1-4774-b3a4-04f019f0a728:192.168.34.17:46008, e8629b27-0698-411f-a75e-412d9312397f:192.168.34.17:42826], old=null
2019-09-23 16:06:29,490 [e8629b27-0698-411f-a75e-412d9312397f@group-2E052C20269C:LeaderElection38] INFO  impl.LeaderElection (LeaderElection.java:logAndReturn(56)) - e8629b27-0698-411f-a75e-412d9312397f@group-2E052C20269C:LeaderElection38: Election REJECTED; received 2 response(s) [e8629b27-0698-411f-a75e-412d9312397f<-1c3c41c6-64c5-4fba-b581-d89a673ed8eb#0:FAIL-t12, e8629b27-0698-411f-a75e-412d9312397f<-997f61cf-2db1-4774-b3a4-04f019f0a728#0:FAIL-t12] and 0 exception(s); e8629b27-0698-411f-a75e-412d9312397f@group-2E052C20269C:t12, leader=null, voted=e8629b27-0698-411f-a75e-412d9312397f, raftlog=e8629b27-0698-411f-a75e-412d9312397f@group-2E052C20269C-SegmentedRaftLog:OPENED:c-1,f-1,i0, conf=-1: [1c3c41c6-64c5-4fba-b581-d89a673ed8eb:192.168.34.17:45910, 997f61cf-2db1-4774-b3a4-04f019f0a728:192.168.34.17:46008, e8629b27-0698-411f-a75e-412d9312397f:192.168.34.17:42826], old=null
2019-09-23 16:06:29,490 [1c3c41c6-64c5-4fba-b581-d89a673ed8eb@group-2E052C20269C:LeaderElection37] INFO  impl.RaftServerImpl (RaftServerImpl.java:setRole(174)) - 1c3c41c6-64c5-4fba-b581-d89a673ed8eb@group-2E052C20269C: changes role from CANDIDATE to FOLLOWER at term 12 for DISCOVERED_A_NEW_TERM
2019-09-23 16:06:29,491 [e8629b27-0698-411f-a75e-412d9312397f@group-2E052C20269C:LeaderElection38] INFO  impl.RaftServerImpl (RaftServerImpl.java:setRole(174)) - e8629b27-0698-411f-a75e-412d9312397f@group-2E052C20269C: changes role from CANDIDATE to FOLLOWER at term 12 for DISCOVERED_A_NEW_TERM
2019-09-23 16:06:29,492 [1c3c41c6-64c5-4fba-b581-d89a673ed8eb@group-2E052C20269C:LeaderElection37] INFO  impl.RoleInfo (RoleInfo.java:shutdownLeaderElection(134)) - 1c3c41c6-64c5-4fba-b581-d89a673ed8eb: shutdown LeaderElection
2019-09-23 16:06:29,493 [e8629b27-0698-411f-a75e-412d9312397f@group-2E052C20269C:LeaderElection38] INFO  impl.RoleInfo (RoleInfo.java:shutdownLeaderElection(134)) - e8629b27-0698-411f-a75e-412d9312397f: shutdown LeaderElection
2019-09-23 16:06:29,493 [1c3c41c6-64c5-4fba-b581-d89a673ed8eb@group-2E052C20269C:LeaderElection37] INFO  impl.RoleInfo (RoleInfo.java:updateAndGet(143)) - 1c3c41c6-64c5-4fba-b581-d89a673ed8eb: start FollowerState
2019-09-23 16:06:29,493 [e8629b27-0698-411f-a75e-412d9312397f@group-2E052C20269C:LeaderElection38] INFO  impl.RoleInfo (RoleInfo.java:updateAndGet(143)) - e8629b27-0698-411f-a75e-412d9312397f: start FollowerState
2019-09-23 16:06:29,495 [997f61cf-2db1-4774-b3a4-04f019f0a728@group-2E052C20269C:LeaderElection39] INFO  impl.LeaderElection (LeaderElection.java:logAndReturn(56)) - 997f61cf-2db1-4774-b3a4-04f019f0a728@group-2E052C20269C:LeaderElection39: Election REJECTED; received 2 response(s) [997f61cf-2db1-4774-b3a4-04f019f0a728<-1c3c41c6-64c5-4fba-b581-d89a673ed8eb#0:FAIL-t12, 997f61cf-2db1-4774-b3a4-04f019f0a728<-e8629b27-0698-411f-a75e-412d9312397f#0:FAIL-t12] and 0 exception(s); 997f61cf-2db1-4774-b3a4-04f019f0a728@group-2E052C20269C:t12, leader=null, voted=997f61cf-2db1-4774-b3a4-04f019f0a728, raftlog=997f61cf-2db1-4774-b3a4-04f019f0a728@group-2E052C20269C-SegmentedRaftLog:OPENED:c-1,f-1,i0, conf=-1: [1c3c41c6-64c5-4fba-b581-d89a673ed8eb:192.168.34.17:45910, 997f61cf-2db1-4774-b3a4-04f019f0a728:192.168.34.17:46008, e8629b27-0698-411f-a75e-412d9312397f:192.168.34.17:42826], old=null
2019-09-23 16:06:29,495 [997f61cf-2db1-4774-b3a4-04f019f0a728@group-2E052C20269C:LeaderElection39] INFO  impl.RaftServerImpl (RaftServerImpl.java:setRole(174)) - 997f61cf-2db1-4774-b3a4-04f019f0a728@group-2E052C20269C: changes role from CANDIDATE to FOLLOWER at term 12 for DISCOVERED_A_NEW_TERM
2019-09-23 16:06:29,495 [997f61cf-2db1-4774-b3a4-04f019f0a728@group-2E052C20269C:LeaderElection39] INFO  impl.RoleInfo (RoleInfo.java:shutdownLeaderElection(134)) - 997f61cf-2db1-4774-b3a4-04f019f0a728: shutdown LeaderElection
2019-09-23 16:06:29,495 [997f61cf-2db1-4774-b3a4-04f019f0a728@group-2E052C20269C:LeaderElection39] INFO  impl.RoleInfo (RoleInfo.java:updateAndGet(143)) - 997f61cf-2db1-4774-b3a4-04f019f0a728: start FollowerState
2019-09-23 16:06:34,556 [Thread-544] INFO  impl.FollowerState (FollowerState.java:run(106)) - 997f61cf-2db1-4774-b3a4-04f019f0a728:group-2E052C20269C changes to CANDIDATE, lastRpcTime:5061, electionTimeout:5061ms
2019-09-23 16:06:34,558 [Thread-544] INFO  impl.RoleInfo (RoleInfo.java:shutdownFollowerState(121)) - 997f61cf-2db1-4774-b3a4-04f019f0a728: shutdown FollowerState
2019-09-23 16:06:34,558 [Thread-544] INFO  impl.RaftServerImpl (RaftServerImpl.java:setRole(174)) - 997f61cf-2db1-4774-b3a4-04f019f0a728@group-2E052C20269C: changes role from  FOLLOWER to CANDIDATE at term 12 for changeToCandidate
2019-09-23 16:06:34,559 [Thread-544] INFO  impl.RoleInfo (RoleInfo.java:updateAndGet(143)) - 997f61cf-2db1-4774-b3a4-04f019f0a728: start LeaderElection
2019-09-23 16:06:34,602 [Thread-542] INFO  impl.FollowerState (FollowerState.java:run(106)) - 1c3c41c6-64c5-4fba-b581-d89a673ed8eb:group-2E052C20269C changes to CANDIDATE, lastRpcTime:5108, electionTimeout:5108ms
2019-09-23 16:06:34,602 [Thread-542] INFO  impl.RoleInfo (RoleInfo.java:shutdownFollowerState(121)) - 1c3c41c6-64c5-4fba-b581-d89a673ed8eb: shutdown FollowerState
2019-09-23 16:06:34,602 [Thread-542] INFO  impl.RaftServerImpl (RaftServerImpl.java:setRole(174)) - 1c3c41c6-64c5-4fba-b581-d89a673ed8eb@group-2E052C20269C: changes role from  FOLLOWER to CANDIDATE at term 12 for changeToCandidate
2019-09-23 16:06:34,602 [Thread-542] INFO  impl.RoleInfo (RoleInfo.java:updateAndGet(143)) - 1c3c41c6-64c5-4fba-b581-d89a673ed8eb: start LeaderElection
2019-09-23 16:06:34,635 [Thread-543] INFO  impl.FollowerState (FollowerState.java:run(106)) - e8629b27-0698-411f-a75e-412d9312397f:group-2E052C20269C changes to CANDIDATE, lastRpcTime:5141, electionTimeout:5141ms
2019-09-23 16:06:34,635 [Thread-543] INFO  impl.RoleInfo (RoleInfo.java:shutdownFollowerState(121)) - e8629b27-0698-411f-a75e-412d9312397f: shutdown FollowerState
2019-09-23 16:06:34,635 [Thread-543] INFO  impl.RaftServerImpl (RaftServerImpl.java:setRole(174)) - e8629b27-0698-411f-a75e-412d9312397f@group-2E052C20269C: changes role from  FOLLOWER to CANDIDATE at term 12 for changeToCandidate
2019-09-23 16:06:34,635 [Thread-543] INFO  impl.RoleInfo (RoleInfo.java:updateAndGet(143)) - e8629b27-0698-411f-a75e-412d9312397f: start LeaderElection
2019-09-23 16:06:35,551 [1c3c41c6-64c5-4fba-b581-d89a673ed8eb@group-2E052C20269C:LeaderElection41] INFO  impl.LeaderElection (LeaderElection.java:askForVotes(182)) - 1c3c41c6-64c5-4fba-b581-d89a673ed8eb@group-2E052C20269C:LeaderElection41: begin an election at term 13 for -1: [1c3c41c6-64c5-4fba-b581-d89a673ed8eb:192.168.34.17:45910, 997f61cf-2db1-4774-b3a4-04f019f0a728:192.168.34.17:46008, e8629b27-0698-411f-a75e-412d9312397f:192.168.34.17:42826], old=null
2019-09-23 16:06:35,551 [997f61cf-2db1-4774-b3a4-04f019f0a728@group-2E052C20269C:LeaderElection40] INFO  impl.LeaderElection (LeaderElection.java:askForVotes(182)) - 997f61cf-2db1-4774-b3a4-04f019f0a728@group-2E052C20269C:LeaderElection40: begin an election at term 13 for -1: [1c3c41c6-64c5-4fba-b581-d89a673ed8eb:192.168.34.17:45910, 997f61cf-2db1-4774-b3a4-04f019f0a728:192.168.34.17:46008, e8629b27-0698-411f-a75e-412d9312397f:192.168.34.17:42826], old=null
2019-09-23 16:06:35,551 [e8629b27-0698-411f-a75e-412d9312397f@group-2E052C20269C:LeaderElection42] INFO  impl.LeaderElection (LeaderElection.java:askForVotes(182)) - e8629b27-0698-411f-a75e-412d9312397f@group-2E052C20269C:LeaderElection42: begin an election at term 13 for -1: [1c3c41c6-64c5-4fba-b581-d89a673ed8eb:192.168.34.17:45910, 997f61cf-2db1-4774-b3a4-04f019f0a728:192.168.34.17:46008, e8629b27-0698-411f-a75e-412d9312397f:192.168.34.17:42826], old=null
2019-09-23 16:06:35,556 [1c3c41c6-64c5-4fba-b581-d89a673ed8eb@group-2E052C20269C:LeaderElection41] INFO  impl.LeaderElection (LeaderElection.java:logAndReturn(56)) - 1c3c41c6-64c5-4fba-b581-d89a673ed8eb@group-2E052C20269C:LeaderElection41: Election REJECTED; received 2 response(s) [1c3c41c6-64c5-4fba-b581-d89a673ed8eb<-997f61cf-2db1-4774-b3a4-04f019f0a728#0:FAIL-t13, 1c3c41c6-64c5-4fba-b581-d89a673ed8eb<-e8629b27-0698-411f-a75e-412d9312397f#0:FAIL-t13] and 0 exception(s); 1c3c41c6-64c5-4fba-b581-d89a673ed8eb@group-2E052C20269C:t13, leader=null, voted=1c3c41c6-64c5-4fba-b581-d89a673ed8eb, raftlog=1c3c41c6-64c5-4fba-b581-d89a673ed8eb@group-2E052C20269C-SegmentedRaftLog:OPENED:c-1,f-1,i0, conf=-1: [1c3c41c6-64c5-4fba-b581-d89a673ed8eb:192.168.34.17:45910, 997f61cf-2db1-4774-b3a4-04f019f0a728:192.168.34.17:46008, e8629b27-0698-411f-a75e-412d9312397f:192.168.34.17:42826], old=null
2019-09-23 16:06:35,556 [1c3c41c6-64c5-4fba-b581-d89a673ed8eb@group-2E052C20269C:LeaderElection41] INFO  impl.RaftServerImpl (RaftServerImpl.java:setRole(174)) - 1c3c41c6-64c5-4fba-b581-d89a673ed8eb@group-2E052C20269C: changes role from CANDIDATE to FOLLOWER at term 13 for DISCOVERED_A_NEW_TERM
2019-09-23 16:06:35,556 [1c3c41c6-64c5-4fba-b581-d89a673ed8eb@group-2E052C20269C:LeaderElection41] INFO  impl.RoleInfo (RoleInfo.java:shutdownLeaderElection(134)) - 1c3c41c6-64c5-4fba-b581-d89a673ed8eb: shutdown LeaderElection
2019-09-23 16:06:35,556 [e8629b27-0698-411f-a75e-412d9312397f@group-2E052C20269C:LeaderElection42] INFO  impl.LeaderElection (LeaderElection.java:logAndReturn(56)) - e8629b27-0698-411f-a75e-412d9312397f@group-2E052C20269C:LeaderElection42: Election REJECTED; received 2 response(s) [e8629b27-0698-411f-a75e-412d9312397f<-1c3c41c6-64c5-4fba-b581-d89a673ed8eb#0:FAIL-t13, e8629b27-0698-411f-a75e-412d9312397f<-997f61cf-2db1-4774-b3a4-04f019f0a728#0:FAIL-t13] and 0 exception(s); e8629b27-0698-411f-a75e-412d9312397f@group-2E052C20269C:t13, leader=null, voted=e8629b27-0698-411f-a75e-412d9312397f, raftlog=e8629b27-0698-411f-a75e-412d9312397f@group-2E052C20269C-SegmentedRaftLog:OPENED:c-1,f-1,i0, conf=-1: [1c3c41c6-64c5-4fba-b581-d89a673ed8eb:192.168.34.17:45910, 997f61cf-2db1-4774-b3a4-04f019f0a728:192.168.34.17:46008, e8629b27-0698-411f-a75e-412d9312397f:192.168.34.17:42826], old=null
2019-09-23 16:06:35,558 [1c3c41c6-64c5-4fba-b581-d89a673ed8eb@group-2E052C20269C:LeaderElection41] INFO  impl.RoleInfo (RoleInfo.java:updateAndGet(143)) - 1c3c41c6-64c5-4fba-b581-d89a673ed8eb: start FollowerState
2019-09-23 16:06:35,558 [997f61cf-2db1-4774-b3a4-04f019f0a728@group-2E052C20269C:LeaderElection40] INFO  impl.LeaderElection (LeaderElection.java:logAndReturn(56)) - 997f61cf-2db1-4774-b3a4-04f019f0a728@group-2E052C20269C:LeaderElection40: Election REJECTED; received 2 response(s) [997f61cf-2db1-4774-b3a4-04f019f0a728<-1c3c41c6-64c5-4fba-b581-d89a673ed8eb#0:FAIL-t13, 997f61cf-2db1-4774-b3a4-04f019f0a728<-e8629b27-0698-411f-a75e-412d9312397f#0:FAIL-t13] and 0 exception(s); 997f61cf-2db1-4774-b3a4-04f019f0a728@group-2E052C20269C:t13, leader=null, voted=997f61cf-2db1-4774-b3a4-04f019f0a728, raftlog=997f61cf-2db1-4774-b3a4-04f019f0a728@group-2E052C20269C-SegmentedRaftLog:OPENED:c-1,f-1,i0, conf=-1: [1c3c41c6-64c5-4fba-b581-d89a673ed8eb:192.168.34.17:45910, 997f61cf-2db1-4774-b3a4-04f019f0a728:192.168.34.17:46008, e8629b27-0698-411f-a75e-412d9312397f:192.168.34.17:42826], old=null
2019-09-23 16:06:35,558 [e8629b27-0698-411f-a75e-412d9312397f@group-2E052C20269C:LeaderElection42] INFO  impl.RaftServerImpl (RaftServerImpl.java:setRole(174)) - e8629b27-0698-411f-a75e-412d9312397f@group-2E052C20269C: changes role from CANDIDATE to FOLLOWER at term 13 for DISCOVERED_A_NEW_TERM
2019-09-23 16:06:35,560 [997f61cf-2db1-4774-b3a4-04f019f0a728@group-2E052C20269C:LeaderElection40] INFO  impl.RaftServerImpl (RaftServerImpl.java:setRole(174)) - 997f61cf-2db1-4774-b3a4-04f019f0a728@group-2E052C20269C: changes role from CANDIDATE to FOLLOWER at term 13 for DISCOVERED_A_NEW_TERM
2019-09-23 16:06:35,560 [e8629b27-0698-411f-a75e-412d9312397f@group-2E052C20269C:LeaderElection42] INFO  impl.RoleInfo (RoleInfo.java:shutdownLeaderElection(134)) - e8629b27-0698-411f-a75e-412d9312397f: shutdown LeaderElection
2019-09-23 16:06:35,562 [997f61cf-2db1-4774-b3a4-04f019f0a728@group-2E052C20269C:LeaderElection40] INFO  impl.RoleInfo (RoleInfo.java:shutdownLeaderElection(134)) - 997f61cf-2db1-4774-b3a4-04f019f0a728: shutdown LeaderElection
2019-09-23 16:06:35,562 [e8629b27-0698-411f-a75e-412d9312397f@group-2E052C20269C:LeaderElection42] INFO  impl.RoleInfo (RoleInfo.java:updateAndGet(143)) - e8629b27-0698-411f-a75e-412d9312397f: start FollowerState
2019-09-23 16:06:35,562 [997f61cf-2db1-4774-b3a4-04f019f0a728@group-2E052C20269C:LeaderElection40] INFO  impl.RoleInfo (RoleInfo.java:updateAndGet(143)) - 997f61cf-2db1-4774-b3a4-04f019f0a728: start FollowerState
2019-09-23 16:06:40,568 [Thread-567] INFO  impl.FollowerState (FollowerState.java:run(106)) - e8629b27-0698-411f-a75e-412d9312397f:group-2E052C20269C changes to CANDIDATE, lastRpcTime:5005, electionTimeout:5005ms
2019-09-23 16:06:40,568 [Thread-567] INFO  impl.RoleInfo (RoleInfo.java:shutdownFollowerState(121)) - e8629b27-0698-411f-a75e-412d9312397f: shutdown FollowerState
2019-09-23 16:06:40,569 [Thread-567] INFO  impl.RaftServerImpl (RaftServerImpl.java:setRole(174)) - e8629b27-0698-411f-a75e-412d9312397f@group-2E052C20269C: changes role from  FOLLOWER to CANDIDATE at term 13 for changeToCandidate
2019-09-23 16:06:40,569 [Thread-567] INFO  impl.RoleInfo (RoleInfo.java:updateAndGet(143)) - e8629b27-0698-411f-a75e-412d9312397f: start LeaderElection
2019-09-23 16:06:40,716 [Thread-568] INFO  impl.FollowerState (FollowerState.java:run(106)) - 997f61cf-2db1-4774-b3a4-04f019f0a728:group-2E052C20269C changes to CANDIDATE, lastRpcTime:5153, electionTimeout:5153ms
2019-09-23 16:06:40,716 [Thread-568] INFO  impl.RoleInfo (RoleInfo.java:shutdownFollowerState(121)) - 997f61cf-2db1-4774-b3a4-04f019f0a728: shutdown FollowerState
2019-09-23 16:06:40,716 [Thread-568] INFO  impl.RaftServerImpl (RaftServerImpl.java:setRole(174)) - 997f61cf-2db1-4774-b3a4-04f019f0a728@group-2E052C20269C: changes role from  FOLLOWER to CANDIDATE at term 13 for changeToCandidate
2019-09-23 16:06:40,717 [Thread-568] INFO  impl.RoleInfo (RoleInfo.java:updateAndGet(143)) - 997f61cf-2db1-4774-b3a4-04f019f0a728: start LeaderElection
2019-09-23 16:06:40,734 [Thread-566] INFO  impl.FollowerState (FollowerState.java:run(106)) - 1c3c41c6-64c5-4fba-b581-d89a673ed8eb:group-2E052C20269C changes to CANDIDATE, lastRpcTime:5175, electionTimeout:5174ms
2019-09-23 16:06:40,734 [Thread-566] INFO  impl.RoleInfo (RoleInfo.java:shutdownFollowerState(121)) - 1c3c41c6-64c5-4fba-b581-d89a673ed8eb: shutdown FollowerState
2019-09-23 16:06:40,734 [Thread-566] INFO  impl.RaftServerImpl (RaftServerImpl.java:setRole(174)) - 1c3c41c6-64c5-4fba-b581-d89a673ed8eb@group-2E052C20269C: changes role from  FOLLOWER to CANDIDATE at term 13 for changeToCandidate
2019-09-23 16:06:40,735 [Thread-566] INFO  impl.RoleInfo (RoleInfo.java:updateAndGet(143)) - 1c3c41c6-64c5-4fba-b581-d89a673ed8eb: start LeaderElection
2019-09-23 16:06:44,215 [1c3c41c6-64c5-4fba-b581-d89a673ed8eb@group-2E052C20269C:LeaderElection45] INFO  impl.LeaderElection (LeaderElection.java:askForVotes(182)) - 1c3c41c6-64c5-4fba-b581-d89a673ed8eb@group-2E052C20269C:LeaderElection45: begin an election at term 14 for -1: [1c3c41c6-64c5-4fba-b581-d89a673ed8eb:192.168.34.17:45910, 997f61cf-2db1-4774-b3a4-04f019f0a728:192.168.34.17:46008, e8629b27-0698-411f-a75e-412d9312397f:192.168.34.17:42826], old=null
2019-09-23 16:06:44,215 [997f61cf-2db1-4774-b3a4-04f019f0a728@group-2E052C20269C:LeaderElection44] INFO  impl.LeaderElection (LeaderElection.java:askForVotes(182)) - 997f61cf-2db1-4774-b3a4-04f019f0a728@group-2E052C20269C:LeaderElection44: begin an election at term 14 for -1: [1c3c41c6-64c5-4fba-b581-d89a673ed8eb:192.168.34.17:45910, 997f61cf-2db1-4774-b3a4-04f019f0a728:192.168.34.17:46008, e8629b27-0698-411f-a75e-412d9312397f:192.168.34.17:42826], old=null
2019-09-23 16:06:44,215 [e8629b27-0698-411f-a75e-412d9312397f@group-2E052C20269C:LeaderElection43] INFO  impl.LeaderElection (LeaderElection.java:askForVotes(182)) - e8629b27-0698-411f-a75e-412d9312397f@group-2E052C20269C:LeaderElection43: begin an election at term 14 for -1: [1c3c41c6-64c5-4fba-b581-d89a673ed8eb:192.168.34.17:45910, 997f61cf-2db1-4774-b3a4-04f019f0a728:192.168.34.17:46008, e8629b27-0698-411f-a75e-412d9312397f:192.168.34.17:42826], old=null
2019-09-23 16:06:44,219 [997f61cf-2db1-4774-b3a4-04f019f0a728@group-2E052C20269C:LeaderElection44] INFO  impl.LeaderElection (LeaderElection.java:logAndReturn(56)) - 997f61cf-2db1-4774-b3a4-04f019f0a728@group-2E052C20269C:LeaderElection44: Election REJECTED; received 2 response(s) [997f61cf-2db1-4774-b3a4-04f019f0a728<-1c3c41c6-64c5-4fba-b581-d89a673ed8eb#0:FAIL-t14, 997f61cf-2db1-4774-b3a4-04f019f0a728<-e8629b27-0698-411f-a75e-412d9312397f#0:FAIL-t14] and 0 exception(s); 997f61cf-2db1-4774-b3a4-04f019f0a728@group-2E052C20269C:t14, leader=null, voted=997f61cf-2db1-4774-b3a4-04f019f0a728, raftlog=997f61cf-2db1-4774-b3a4-04f019f0a728@group-2E052C20269C-SegmentedRaftLog:OPENED:c-1,f-1,i0, conf=-1: [1c3c41c6-64c5-4fba-b581-d89a673ed8eb:192.168.34.17:45910, 997f61cf-2db1-4774-b3a4-04f019f0a728:192.168.34.17:46008, e8629b27-0698-411f-a75e-412d9312397f:192.168.34.17:42826], old=null
2019-09-23 16:06:44,219 [997f61cf-2db1-4774-b3a4-04f019f0a728@group-2E052C20269C:LeaderElection44] INFO  impl.RaftServerImpl (RaftServerImpl.java:setRole(174)) - 997f61cf-2db1-4774-b3a4-04f019f0a728@group-2E052C20269C: changes role from CANDIDATE to FOLLOWER at term 14 for DISCOVERED_A_NEW_TERM
2019-09-23 16:06:44,219 [1c3c41c6-64c5-4fba-b581-d89a673ed8eb@group-2E052C20269C:LeaderElection45] INFO  impl.LeaderElection (LeaderElection.java:logAndReturn(56)) - 1c3c41c6-64c5-4fba-b581-d89a673ed8eb@group-2E052C20269C:LeaderElection45: Election REJECTED; received 2 response(s) [1c3c41c6-64c5-4fba-b581-d89a673ed8eb<-997f61cf-2db1-4774-b3a4-04f019f0a728#0:FAIL-t14, 1c3c41c6-64c5-4fba-b581-d89a673ed8eb<-e8629b27-0698-411f-a75e-412d9312397f#0:FAIL-t14] and 0 exception(s); 1c3c41c6-64c5-4fba-b581-d89a673ed8eb@group-2E052C20269C:t14, leader=null, voted=1c3c41c6-64c5-4fba-b581-d89a673ed8eb, raftlog=1c3c41c6-64c5-4fba-b581-d89a673ed8eb@group-2E052C20269C-SegmentedRaftLog:OPENED:c-1,f-1,i0, conf=-1: [1c3c41c6-64c5-4fba-b581-d89a673ed8eb:192.168.34.17:45910, 997f61cf-2db1-4774-b3a4-04f019f0a728:192.168.34.17:46008, e8629b27-0698-411f-a75e-412d9312397f:192.168.34.17:42826], old=null
2019-09-23 16:06:44,220 [997f61cf-2db1-4774-b3a4-04f019f0a728@group-2E052C20269C:LeaderElection44] INFO  impl.RoleInfo (RoleInfo.java:shutdownLeaderElection(134)) - 997f61cf-2db1-4774-b3a4-04f019f0a728: shutdown LeaderElection
2019-09-23 16:06:44,221 [1c3c41c6-64c5-4fba-b581-d89a673ed8eb@group-2E052C20269C:LeaderElection45] INFO  impl.RaftServerImpl (RaftServerImpl.java:setRole(174)) - 1c3c41c6-64c5-4fba-b581-d89a673ed8eb@group-2E052C20269C: changes role from CANDIDATE to FOLLOWER at term 14 for DISCOVERED_A_NEW_TERM
2019-09-23 16:06:44,222 [e8629b27-0698-411f-a75e-412d9312397f@group-2E052C20269C:LeaderElection43] INFO  impl.LeaderElection (LeaderElection.java:logAndReturn(56)) - e8629b27-0698-411f-a75e-412d9312397f@group-2E052C20269C:LeaderElection43: Election REJECTED; received 2 response(s) [e8629b27-0698-411f-a75e-412d9312397f<-1c3c41c6-64c5-4fba-b581-d89a673ed8eb#0:FAIL-t14, e8629b27-0698-411f-a75e-412d9312397f<-997f61cf-2db1-4774-b3a4-04f019f0a728#0:FAIL-t14] and 0 exception(s); e8629b27-0698-411f-a75e-412d9312397f@group-2E052C20269C:t14, leader=null, voted=e8629b27-0698-411f-a75e-412d9312397f, raftlog=e8629b27-0698-411f-a75e-412d9312397f@group-2E052C20269C-SegmentedRaftLog:OPENED:c-1,f-1,i0, conf=-1: [1c3c41c6-64c5-4fba-b581-d89a673ed8eb:192.168.34.17:45910, 997f61cf-2db1-4774-b3a4-04f019f0a728:192.168.34.17:46008, e8629b27-0698-411f-a75e-412d9312397f:192.168.34.17:42826], old=null
2019-09-23 16:06:44,222 [997f61cf-2db1-4774-b3a4-04f019f0a728@group-2E052C20269C:LeaderElection44] INFO  impl.RoleInfo (RoleInfo.java:updateAndGet(143)) - 997f61cf-2db1-4774-b3a4-04f019f0a728: start FollowerState
2019-09-23 16:06:44,222 [1c3c41c6-64c5-4fba-b581-d89a673ed8eb@group-2E052C20269C:LeaderElection45] INFO  impl.RoleInfo (RoleInfo.java:shutdownLeaderElection(134)) - 1c3c41c6-64c5-4fba-b581-d89a673ed8eb: shutdown LeaderElection
2019-09-23 16:06:44,222 [e8629b27-0698-411f-a75e-412d9312397f@group-2E052C20269C:LeaderElection43] INFO  impl.RaftServerImpl (RaftServerImpl.java:setRole(174)) - e8629b27-0698-411f-a75e-412d9312397f@group-2E052C20269C: changes role from CANDIDATE to FOLLOWER at term 14 for DISCOVERED_A_NEW_TERM
2019-09-23 16:06:44,223 [1c3c41c6-64c5-4fba-b581-d89a673ed8eb@group-2E052C20269C:LeaderElection45] INFO  impl.RoleInfo (RoleInfo.java:updateAndGet(143)) - 1c3c41c6-64c5-4fba-b581-d89a673ed8eb: start FollowerState
2019-09-23 16:06:44,223 [e8629b27-0698-411f-a75e-412d9312397f@group-2E052C20269C:LeaderElection43] INFO  impl.RoleInfo (RoleInfo.java:shutdownLeaderElection(134)) - e8629b27-0698-411f-a75e-412d9312397f: shutdown LeaderElection
2019-09-23 16:06:44,224 [e8629b27-0698-411f-a75e-412d9312397f@group-2E052C20269C:LeaderElection43] INFO  impl.RoleInfo (RoleInfo.java:updateAndGet(143)) - e8629b27-0698-411f-a75e-412d9312397f: start FollowerState
2019-09-23 16:06:49,329 [Thread-596] INFO  impl.FollowerState (FollowerState.java:run(106)) - e8629b27-0698-411f-a75e-412d9312397f:group-2E052C20269C changes to CANDIDATE, lastRpcTime:5105, electionTimeout:5105ms
2019-09-23 16:06:49,330 [Thread-596] INFO  impl.RoleInfo (RoleInfo.java:shutdownFollowerState(121)) - e8629b27-0698-411f-a75e-412d9312397f: shutdown FollowerState
2019-09-23 16:06:49,330 [Thread-596] INFO  impl.RaftServerImpl (RaftServerImpl.java:setRole(174)) - e8629b27-0698-411f-a75e-412d9312397f@group-2E052C20269C: changes role from  FOLLOWER to CANDIDATE at term 14 for changeToCandidate
2019-09-23 16:06:49,330 [Thread-596] INFO  impl.RoleInfo (RoleInfo.java:updateAndGet(143)) - e8629b27-0698-411f-a75e-412d9312397f: start LeaderElection
2019-09-23 16:06:49,357 [Thread-595] INFO  impl.FollowerState (FollowerState.java:run(106)) - 1c3c41c6-64c5-4fba-b581-d89a673ed8eb:group-2E052C20269C changes to CANDIDATE, lastRpcTime:5133, electionTimeout:5133ms
2019-09-23 16:06:49,357 [Thread-595] INFO  impl.RoleInfo (RoleInfo.java:shutdownFollowerState(121)) - 1c3c41c6-64c5-4fba-b581-d89a673ed8eb: shutdown FollowerState
2019-09-23 16:06:49,357 [Thread-595] INFO  impl.RaftServerImpl (RaftServerImpl.java:setRole(174)) - 1c3c41c6-64c5-4fba-b581-d89a673ed8eb@group-2E052C20269C: changes role from  FOLLOWER to CANDIDATE at term 14 for changeToCandidate
2019-09-23 16:06:49,358 [Thread-595] INFO  impl.RoleInfo (RoleInfo.java:updateAndGet(143)) - 1c3c41c6-64c5-4fba-b581-d89a673ed8eb: start LeaderElection
2019-09-23 16:06:49,394 [Thread-594] INFO  impl.FollowerState (FollowerState.java:run(106)) - 997f61cf-2db1-4774-b3a4-04f019f0a728:group-2E052C20269C changes to CANDIDATE, lastRpcTime:5171, electionTimeout:5170ms
2019-09-23 16:06:49,394 [Thread-594] INFO  impl.RoleInfo (RoleInfo.java:shutdownFollowerState(121)) - 997f61cf-2db1-4774-b3a4-04f019f0a728: shutdown FollowerState
2019-09-23 16:06:49,394 [Thread-594] INFO  impl.RaftServerImpl (RaftServerImpl.java:setRole(174)) - 997f61cf-2db1-4774-b3a4-04f019f0a728@group-2E052C20269C: changes role from  FOLLOWER to CANDIDATE at term 14 for changeToCandidate
2019-09-23 16:06:49,394 [Thread-594] INFO  impl.RoleInfo (RoleInfo.java:updateAndGet(143)) - 997f61cf-2db1-4774-b3a4-04f019f0a728: start LeaderElection
2019-09-23 16:06:49,659 [1c3c41c6-64c5-4fba-b581-d89a673ed8eb@group-2E052C20269C:LeaderElection47] INFO  impl.LeaderElection (LeaderElection.java:askForVotes(182)) - 1c3c41c6-64c5-4fba-b581-d89a673ed8eb@group-2E052C20269C:LeaderElection47: begin an election at term 15 for -1: [1c3c41c6-64c5-4fba-b581-d89a673ed8eb:192.168.34.17:45910, 997f61cf-2db1-4774-b3a4-04f019f0a728:192.168.34.17:46008, e8629b27-0698-411f-a75e-412d9312397f:192.168.34.17:42826], old=null
2019-09-23 16:06:49,659 [e8629b27-0698-411f-a75e-412d9312397f@group-2E052C20269C:LeaderElection46] INFO  impl.LeaderElection (LeaderElection.java:askForVotes(182)) - e8629b27-0698-411f-a75e-412d9312397f@group-2E052C20269C:LeaderElection46: begin an election at term 15 for -1: [1c3c41c6-64c5-4fba-b581-d89a673ed8eb:192.168.34.17:45910, 997f61cf-2db1-4774-b3a4-04f019f0a728:192.168.34.17:46008, e8629b27-0698-411f-a75e-412d9312397f:192.168.34.17:42826], old=null
2019-09-23 16:06:49,659 [997f61cf-2db1-4774-b3a4-04f019f0a728@group-2E052C20269C:LeaderElection48] INFO  impl.LeaderElection (LeaderElection.java:askForVotes(182)) - 997f61cf-2db1-4774-b3a4-04f019f0a728@group-2E052C20269C:LeaderElection48: begin an election at term 15 for -1: [1c3c41c6-64c5-4fba-b581-d89a673ed8eb:192.168.34.17:45910, 997f61cf-2db1-4774-b3a4-04f019f0a728:192.168.34.17:46008, e8629b27-0698-411f-a75e-412d9312397f:192.168.34.17:42826], old=null
2019-09-23 16:06:49,665 [1c3c41c6-64c5-4fba-b581-d89a673ed8eb@group-2E052C20269C:LeaderElection47] INFO  impl.LeaderElection (LeaderElection.java:logAndReturn(56)) - 1c3c41c6-64c5-4fba-b581-d89a673ed8eb@group-2E052C20269C:LeaderElection47: Election REJECTED; received 2 response(s) [1c3c41c6-64c5-4fba-b581-d89a673ed8eb<-997f61cf-2db1-4774-b3a4-04f019f0a728#0:FAIL-t15, 1c3c41c6-64c5-4fba-b581-d89a673ed8eb<-e8629b27-0698-411f-a75e-412d9312397f#0:FAIL-t15] and 0 exception(s); 1c3c41c6-64c5-4fba-b581-d89a673ed8eb@group-2E052C20269C:t15, leader=null, voted=1c3c41c6-64c5-4fba-b581-d89a673ed8eb, raftlog=1c3c41c6-64c5-4fba-b581-d89a673ed8eb@group-2E052C20269C-SegmentedRaftLog:OPENED:c-1,f-1,i0, conf=-1: [1c3c41c6-64c5-4fba-b581-d89a673ed8eb:192.168.34.17:45910, 997f61cf-2db1-4774-b3a4-04f019f0a728:192.168.34.17:46008, e8629b27-0698-411f-a75e-412d9312397f:192.168.34.17:42826], old=null
2019-09-23 16:06:49,665 [1c3c41c6-64c5-4fba-b581-d89a673ed8eb@group-2E052C20269C:LeaderElection47] INFO  impl.RaftServerImpl (RaftServerImpl.java:setRole(174)) - 1c3c41c6-64c5-4fba-b581-d89a673ed8eb@group-2E052C20269C: changes role from CANDIDATE to FOLLOWER at term 15 for DISCOVERED_A_NEW_TERM
2019-09-23 16:06:49,666 [e8629b27-0698-411f-a75e-412d9312397f@group-2E052C20269C:LeaderElection46] INFO  impl.LeaderElection (LeaderElection.java:logAndReturn(56)) - e8629b27-0698-411f-a75e-412d9312397f@group-2E052C20269C:LeaderElection46: Election REJECTED; received 2 response(s) [e8629b27-0698-411f-a75e-412d9312397f<-1c3c41c6-64c5-4fba-b581-d89a673ed8eb#0:FAIL-t15, e8629b27-0698-411f-a75e-412d9312397f<-997f61cf-2db1-4774-b3a4-04f019f0a728#0:FAIL-t15] and 0 exception(s); e8629b27-0698-411f-a75e-412d9312397f@group-2E052C20269C:t15, leader=null, voted=e8629b27-0698-411f-a75e-412d9312397f, raftlog=e8629b27-0698-411f-a75e-412d9312397f@group-2E052C20269C-SegmentedRaftLog:OPENED:c-1,f-1,i0, conf=-1: [1c3c41c6-64c5-4fba-b581-d89a673ed8eb:192.168.34.17:45910, 997f61cf-2db1-4774-b3a4-04f019f0a728:192.168.34.17:46008, e8629b27-0698-411f-a75e-412d9312397f:192.168.34.17:42826], old=null
2019-09-23 16:06:49,666 [1c3c41c6-64c5-4fba-b581-d89a673ed8eb@group-2E052C20269C:LeaderElection47] INFO  impl.RoleInfo (RoleInfo.java:shutdownLeaderElection(134)) - 1c3c41c6-64c5-4fba-b581-d89a673ed8eb: shutdown LeaderElection
2019-09-23 16:06:49,668 [997f61cf-2db1-4774-b3a4-04f019f0a728@group-2E052C20269C:LeaderElection48] INFO  impl.LeaderElection (LeaderElection.java:logAndReturn(56)) - 997f61cf-2db1-4774-b3a4-04f019f0a728@group-2E052C20269C:LeaderElection48: Election REJECTED; received 2 response(s) [997f61cf-2db1-4774-b3a4-04f019f0a728<-1c3c41c6-64c5-4fba-b581-d89a673ed8eb#0:FAIL-t15, 997f61cf-2db1-4774-b3a4-04f019f0a728<-e8629b27-0698-411f-a75e-412d9312397f#0:FAIL-t15] and 0 exception(s); 997f61cf-2db1-4774-b3a4-04f019f0a728@group-2E052C20269C:t15, leader=null, voted=997f61cf-2db1-4774-b3a4-04f019f0a728, raftlog=997f61cf-2db1-4774-b3a4-04f019f0a728@group-2E052C20269C-SegmentedRaftLog:OPENED:c-1,f-1,i0, conf=-1: [1c3c41c6-64c5-4fba-b581-d89a673ed8eb:192.168.34.17:45910, 997f61cf-2db1-4774-b3a4-04f019f0a728:192.168.34.17:46008, e8629b27-0698-411f-a75e-412d9312397f:192.168.34.17:42826], old=null
2019-09-23 16:06:49,668 [e8629b27-0698-411f-a75e-412d9312397f@group-2E052C20269C:LeaderElection46] INFO  impl.RaftServerImpl (RaftServerImpl.java:setRole(174)) - e8629b27-0698-411f-a75e-412d9312397f@group-2E052C20269C: changes role from CANDIDATE to FOLLOWER at term 15 for DISCOVERED_A_NEW_TERM
2019-09-23 16:06:49,670 [997f61cf-2db1-4774-b3a4-04f019f0a728@group-2E052C20269C:LeaderElection48] INFO  impl.RaftServerImpl (RaftServerImpl.java:setRole(174)) - 997f61cf-2db1-4774-b3a4-04f019f0a728@group-2E052C20269C: changes role from CANDIDATE to FOLLOWER at term 15 for DISCOVERED_A_NEW_TERM
2019-09-23 16:06:49,670 [1c3c41c6-64c5-4fba-b581-d89a673ed8eb@group-2E052C20269C:LeaderElection47] INFO  impl.RoleInfo (RoleInfo.java:updateAndGet(143)) - 1c3c41c6-64c5-4fba-b581-d89a673ed8eb: start FollowerState
2019-09-23 16:06:49,672 [997f61cf-2db1-4774-b3a4-04f019f0a728@group-2E052C20269C:LeaderElection48] INFO  impl.RoleInfo (RoleInfo.java:shutdownLeaderElection(134)) - 997f61cf-2db1-4774-b3a4-04f019f0a728: shutdown LeaderElection
2019-09-23 16:06:49,670 [e8629b27-0698-411f-a75e-412d9312397f@group-2E052C20269C:LeaderElection46] INFO  impl.RoleInfo (RoleInfo.java:shutdownLeaderElection(134)) - e8629b27-0698-411f-a75e-412d9312397f: shutdown LeaderElection
2019-09-23 16:06:49,672 [997f61cf-2db1-4774-b3a4-04f019f0a728@group-2E052C20269C:LeaderElection48] INFO  impl.RoleInfo (RoleInfo.java:updateAndGet(143)) - 997f61cf-2db1-4774-b3a4-04f019f0a728: start FollowerState
2019-09-23 16:06:49,673 [e8629b27-0698-411f-a75e-412d9312397f@group-2E052C20269C:LeaderElection46] INFO  impl.RoleInfo (RoleInfo.java:updateAndGet(143)) - e8629b27-0698-411f-a75e-412d9312397f: start FollowerState
2019-09-23 16:06:54,748 [Thread-620] INFO  impl.FollowerState (FollowerState.java:run(106)) - e8629b27-0698-411f-a75e-412d9312397f:group-2E052C20269C changes to CANDIDATE, lastRpcTime:5075, electionTimeout:5075ms
2019-09-23 16:06:54,749 [Thread-620] INFO  impl.RoleInfo (RoleInfo.java:shutdownFollowerState(121)) - e8629b27-0698-411f-a75e-412d9312397f: shutdown FollowerState
2019-09-23 16:06:54,749 [Thread-620] INFO  impl.RaftServerImpl (RaftServerImpl.java:setRole(174)) - e8629b27-0698-411f-a75e-412d9312397f@group-2E052C20269C: changes role from  FOLLOWER to CANDIDATE at term 15 for changeToCandidate
2019-09-23 16:06:54,753 [Thread-619] INFO  impl.FollowerState (FollowerState.java:run(106)) - 997f61cf-2db1-4774-b3a4-04f019f0a728:group-2E052C20269C changes to CANDIDATE, lastRpcTime:5080, electionTimeout:5080ms
2019-09-23 16:06:54,753 [Thread-619] INFO  impl.RoleInfo (RoleInfo.java:shutdownFollowerState(121)) - 997f61cf-2db1-4774-b3a4-04f019f0a728: shutdown FollowerState
2019-09-23 16:06:54,753 [Thread-619] INFO  impl.RaftServerImpl (RaftServerImpl.java:setRole(174)) - 997f61cf-2db1-4774-b3a4-04f019f0a728@group-2E052C20269C: changes role from  FOLLOWER to CANDIDATE at term 15 for changeToCandidate
2019-09-23 16:06:54,775 [Thread-619] ERROR ratis.XceiverServerRatis (XceiverServerRatis.java:triggerPipelineClose(575)) - pipeline Action CLOSE  on pipeline PipelineID=c24fa039-c2ab-403b-b41d-2e052c20269c.Reason : 997f61cf-2db1-4774-b3a4-04f019f0a728 is in candidate state for 121126ms
2019-09-23 16:06:54,775 [Thread-620] ERROR ratis.XceiverServerRatis (XceiverServerRatis.java:triggerPipelineClose(575)) - pipeline Action CLOSE  on pipeline PipelineID=c24fa039-c2ab-403b-b41d-2e052c20269c.Reason : e8629b27-0698-411f-a75e-412d9312397f is in candidate state for 121126ms
2019-09-23 16:06:54,775 [Thread-619] INFO  impl.RoleInfo (RoleInfo.java:updateAndGet(143)) - 997f61cf-2db1-4774-b3a4-04f019f0a728: start LeaderElection
2019-09-23 16:06:54,775 [Thread-620] INFO  impl.RoleInfo (RoleInfo.java:updateAndGet(143)) - e8629b27-0698-411f-a75e-412d9312397f: start LeaderElection
2019-09-23 16:06:54,802 [Thread-618] INFO  impl.FollowerState (FollowerState.java:run(106)) - 1c3c41c6-64c5-4fba-b581-d89a673ed8eb:group-2E052C20269C changes to CANDIDATE, lastRpcTime:5131, electionTimeout:5129ms
2019-09-23 16:06:54,802 [Thread-618] INFO  impl.RoleInfo (RoleInfo.java:shutdownFollowerState(121)) - 1c3c41c6-64c5-4fba-b581-d89a673ed8eb: shutdown FollowerState
2019-09-23 16:06:54,802 [Thread-618] INFO  impl.RaftServerImpl (RaftServerImpl.java:setRole(174)) - 1c3c41c6-64c5-4fba-b581-d89a673ed8eb@group-2E052C20269C: changes role from  FOLLOWER to CANDIDATE at term 15 for changeToCandidate
2019-09-23 16:06:54,804 [Thread-618] ERROR ratis.XceiverServerRatis (XceiverServerRatis.java:triggerPipelineClose(575)) - pipeline Action CLOSE  on pipeline PipelineID=c24fa039-c2ab-403b-b41d-2e052c20269c.Reason : 1c3c41c6-64c5-4fba-b581-d89a673ed8eb is in candidate state for 121163ms
2019-09-23 16:06:54,804 [Thread-618] INFO  impl.RoleInfo (RoleInfo.java:updateAndGet(143)) - 1c3c41c6-64c5-4fba-b581-d89a673ed8eb: start LeaderElection
2019-09-23 16:06:55,449 [EventQueue-PipelineActionsForPipelineActionHandler] ERROR pipeline.PipelineActionHandler (PipelineActionHandler.java:onMessage(60)) - Received pipeline action CLOSE for Pipeline[ Id: c24fa039-c2ab-403b-b41d-2e052c20269c, Nodes: 997f61cf-2db1-4774-b3a4-04f019f0a728{ip: 192.168.34.17, host: pr-hdds-2166-7skhj-3476174427, networkLocation: /default-rack, certSerialId: null}1c3c41c6-64c5-4fba-b581-d89a673ed8eb{ip: 192.168.34.17, host: pr-hdds-2166-7skhj-3476174427, networkLocation: /default-rack, certSerialId: null}e8629b27-0698-411f-a75e-412d9312397f{ip: 192.168.34.17, host: pr-hdds-2166-7skhj-3476174427, networkLocation: /default-rack, certSerialId: null}, Type:RATIS, Factor:THREE, State:OPEN] from datanode 997f61cf-2db1-4774-b3a4-04f019f0a728{ip: 192.168.34.17, host: pr-hdds-2166-7skhj-3476174427, networkLocation: /default-rack, certSerialId: null}. Reason : 997f61cf-2db1-4774-b3a4-04f019f0a728 is in candidate state for 121126ms
2019-09-23 16:06:55,450 [EventQueue-PipelineActionsForPipelineActionHandler] INFO  pipeline.SCMPipelineManager (SCMPipelineManager.java:finalizeAndDestroyPipeline(315)) - destroying pipeline:Pipeline[ Id: c24fa039-c2ab-403b-b41d-2e052c20269c, Nodes: 997f61cf-2db1-4774-b3a4-04f019f0a728{ip: 192.168.34.17, host: pr-hdds-2166-7skhj-3476174427, networkLocation: /default-rack, certSerialId: null}1c3c41c6-64c5-4fba-b581-d89a673ed8eb{ip: 192.168.34.17, host: pr-hdds-2166-7skhj-3476174427, networkLocation: /default-rack, certSerialId: null}e8629b27-0698-411f-a75e-412d9312397f{ip: 192.168.34.17, host: pr-hdds-2166-7skhj-3476174427, networkLocation: /default-rack, certSerialId: null}, Type:RATIS, Factor:THREE, State:OPEN]
2019-09-23 16:06:55,451 [EventQueue-PipelineActionsForPipelineActionHandler] INFO  pipeline.PipelineStateManager (PipelineStateManager.java:finalizePipeline(123)) - Pipeline Pipeline[ Id: c24fa039-c2ab-403b-b41d-2e052c20269c, Nodes: 997f61cf-2db1-4774-b3a4-04f019f0a728{ip: 192.168.34.17, host: pr-hdds-2166-7skhj-3476174427, networkLocation: /default-rack, certSerialId: null}1c3c41c6-64c5-4fba-b581-d89a673ed8eb{ip: 192.168.34.17, host: pr-hdds-2166-7skhj-3476174427, networkLocation: /default-rack, certSerialId: null}e8629b27-0698-411f-a75e-412d9312397f{ip: 192.168.34.17, host: pr-hdds-2166-7skhj-3476174427, networkLocation: /default-rack, certSerialId: null}, Type:RATIS, Factor:THREE, State:CLOSED] moved to CLOSED state
2019-09-23 16:06:55,454 [EventQueue-CloseContainerForCloseContainerEventHandler] INFO  container.CloseContainerEventHandler (CloseContainerEventHandler.java:onMessage(61)) - Close container Event triggered for container : #1
2019-09-23 16:06:55,456 [EventQueue-PipelineActionsForPipelineActionHandler] ERROR pipeline.PipelineActionHandler (PipelineActionHandler.java:onMessage(60)) - Received pipeline action CLOSE for Pipeline[ Id: c24fa039-c2ab-403b-b41d-2e052c20269c, Nodes: 997f61cf-2db1-4774-b3a4-04f019f0a728{ip: 192.168.34.17, host: pr-hdds-2166-7skhj-3476174427, networkLocation: /default-rack, certSerialId: null}1c3c41c6-64c5-4fba-b581-d89a673ed8eb{ip: 192.168.34.17, host: pr-hdds-2166-7skhj-3476174427, networkLocation: /default-rack, certSerialId: null}e8629b27-0698-411f-a75e-412d9312397f{ip: 192.168.34.17, host: pr-hdds-2166-7skhj-3476174427, networkLocation: /default-rack, certSerialId: null}, Type:RATIS, Factor:THREE, State:CLOSED] from datanode 1c3c41c6-64c5-4fba-b581-d89a673ed8eb{ip: 192.168.34.17, host: pr-hdds-2166-7skhj-3476174427, networkLocation: /default-rack, certSerialId: null}. Reason : 1c3c41c6-64c5-4fba-b581-d89a673ed8eb is in candidate state for 121163ms
2019-09-23 16:06:55,457 [EventQueue-PipelineActionsForPipelineActionHandler] INFO  pipeline.SCMPipelineManager (SCMPipelineManager.java:finalizeAndDestroyPipeline(315)) - destroying pipeline:Pipeline[ Id: c24fa039-c2ab-403b-b41d-2e052c20269c, Nodes: 997f61cf-2db1-4774-b3a4-04f019f0a728{ip: 192.168.34.17, host: pr-hdds-2166-7skhj-3476174427, networkLocation: /default-rack, certSerialId: null}1c3c41c6-64c5-4fba-b581-d89a673ed8eb{ip: 192.168.34.17, host: pr-hdds-2166-7skhj-3476174427, networkLocation: /default-rack, certSerialId: null}e8629b27-0698-411f-a75e-412d9312397f{ip: 192.168.34.17, host: pr-hdds-2166-7skhj-3476174427, networkLocation: /default-rack, certSerialId: null}, Type:RATIS, Factor:THREE, State:CLOSED]
2019-09-23 16:06:55,461 [EventQueue-PipelineActionsForPipelineActionHandler] ERROR pipeline.PipelineActionHandler (PipelineActionHandler.java:onMessage(60)) - Received pipeline action CLOSE for Pipeline[ Id: c24fa039-c2ab-403b-b41d-2e052c20269c, Nodes: 997f61cf-2db1-4774-b3a4-04f019f0a728{ip: 192.168.34.17, host: pr-hdds-2166-7skhj-3476174427, networkLocation: /default-rack, certSerialId: null}1c3c41c6-64c5-4fba-b581-d89a673ed8eb{ip: 192.168.34.17, host: pr-hdds-2166-7skhj-3476174427, networkLocation: /default-rack, certSerialId: null}e8629b27-0698-411f-a75e-412d9312397f{ip: 192.168.34.17, host: pr-hdds-2166-7skhj-3476174427, networkLocation: /default-rack, certSerialId: null}, Type:RATIS, Factor:THREE, State:CLOSED] from datanode e8629b27-0698-411f-a75e-412d9312397f{ip: 192.168.34.17, host: pr-hdds-2166-7skhj-3476174427, networkLocation: /default-rack, certSerialId: null}. Reason : e8629b27-0698-411f-a75e-412d9312397f is in candidate state for 121126ms
2019-09-23 16:06:55,461 [EventQueue-PipelineActionsForPipelineActionHandler] INFO  pipeline.SCMPipelineManager (SCMPipelineManager.java:finalizeAndDestroyPipeline(315)) - destroying pipeline:Pipeline[ Id: c24fa039-c2ab-403b-b41d-2e052c20269c, Nodes: 997f61cf-2db1-4774-b3a4-04f019f0a728{ip: 192.168.34.17, host: pr-hdds-2166-7skhj-3476174427, networkLocation: /default-rack, certSerialId: null}1c3c41c6-64c5-4fba-b581-d89a673ed8eb{ip: 192.168.34.17, host: pr-hdds-2166-7skhj-3476174427, networkLocation: /default-rack, certSerialId: null}e8629b27-0698-411f-a75e-412d9312397f{ip: 192.168.34.17, host: pr-hdds-2166-7skhj-3476174427, networkLocation: /default-rack, certSerialId: null}, Type:RATIS, Factor:THREE, State:CLOSED]
2019-09-23 16:06:56,353 [e8629b27-0698-411f-a75e-412d9312397f@group-2E052C20269C:LeaderElection50] INFO  impl.LeaderElection (LeaderElection.java:askForVotes(182)) - e8629b27-0698-411f-a75e-412d9312397f@group-2E052C20269C:LeaderElection50: begin an election at term 16 for -1: [1c3c41c6-64c5-4fba-b581-d89a673ed8eb:192.168.34.17:45910, 997f61cf-2db1-4774-b3a4-04f019f0a728:192.168.34.17:46008, e8629b27-0698-411f-a75e-412d9312397f:192.168.34.17:42826], old=null
2019-09-23 16:06:56,353 [997f61cf-2db1-4774-b3a4-04f019f0a728@group-2E052C20269C:LeaderElection49] INFO  impl.LeaderElection (LeaderElection.java:askForVotes(182)) - 997f61cf-2db1-4774-b3a4-04f019f0a728@group-2E052C20269C:LeaderElection49: begin an election at term 16 for -1: [1c3c41c6-64c5-4fba-b581-d89a673ed8eb:192.168.34.17:45910, 997f61cf-2db1-4774-b3a4-04f019f0a728:192.168.34.17:46008, e8629b27-0698-411f-a75e-412d9312397f:192.168.34.17:42826], old=null
2019-09-23 16:06:56,353 [1c3c41c6-64c5-4fba-b581-d89a673ed8eb@group-2E052C20269C:LeaderElection51] INFO  impl.LeaderElection (LeaderElection.java:askForVotes(182)) - 1c3c41c6-64c5-4fba-b581-d89a673ed8eb@group-2E052C20269C:LeaderElection51: begin an election at term 16 for -1: [1c3c41c6-64c5-4fba-b581-d89a673ed8eb:192.168.34.17:45910, 997f61cf-2db1-4774-b3a4-04f019f0a728:192.168.34.17:46008, e8629b27-0698-411f-a75e-412d9312397f:192.168.34.17:42826], old=null
2019-09-23 16:06:56,361 [e8629b27-0698-411f-a75e-412d9312397f@group-2E052C20269C:LeaderElection50] INFO  impl.LeaderElection (LeaderElection.java:logAndReturn(56)) - e8629b27-0698-411f-a75e-412d9312397f@group-2E052C20269C:LeaderElection50: Election REJECTED; received 2 response(s) [e8629b27-0698-411f-a75e-412d9312397f<-1c3c41c6-64c5-4fba-b581-d89a673ed8eb#0:FAIL-t16, e8629b27-0698-411f-a75e-412d9312397f<-997f61cf-2db1-4774-b3a4-04f019f0a728#0:FAIL-t16] and 0 exception(s); e8629b27-0698-411f-a75e-412d9312397f@group-2E052C20269C:t16, leader=null, voted=e8629b27-0698-411f-a75e-412d9312397f, raftlog=e8629b27-0698-411f-a75e-412d9312397f@group-2E052C20269C-SegmentedRaftLog:OPENED:c-1,f-1,i0, conf=-1: [1c3c41c6-64c5-4fba-b581-d89a673ed8eb:192.168.34.17:45910, 997f61cf-2db1-4774-b3a4-04f019f0a728:192.168.34.17:46008, e8629b27-0698-411f-a75e-412d9312397f:192.168.34.17:42826], old=null
2019-09-23 16:06:56,361 [e8629b27-0698-411f-a75e-412d9312397f@group-2E052C20269C:LeaderElection50] INFO  impl.RaftServerImpl (RaftServerImpl.java:setRole(174)) - e8629b27-0698-411f-a75e-412d9312397f@group-2E052C20269C: changes role from CANDIDATE to FOLLOWER at term 16 for DISCOVERED_A_NEW_TERM
2019-09-23 16:06:56,361 [e8629b27-0698-411f-a75e-412d9312397f@group-2E052C20269C:LeaderElection50] INFO  impl.RoleInfo (RoleInfo.java:shutdownLeaderElection(134)) - e8629b27-0698-411f-a75e-412d9312397f: shutdown LeaderElection
2019-09-23 16:06:56,361 [1c3c41c6-64c5-4fba-b581-d89a673ed8eb@group-2E052C20269C:LeaderElection51] INFO  impl.LeaderElection (LeaderElection.java:logAndReturn(56)) - 1c3c41c6-64c5-4fba-b581-d89a673ed8eb@group-2E052C20269C:LeaderElection51: Election REJECTED; received 2 response(s) [1c3c41c6-64c5-4fba-b581-d89a673ed8eb<-997f61cf-2db1-4774-b3a4-04f019f0a728#0:FAIL-t16, 1c3c41c6-64c5-4fba-b581-d89a673ed8eb<-e8629b27-0698-411f-a75e-412d9312397f#0:FAIL-t16] and 0 exception(s); 1c3c41c6-64c5-4fba-b581-d89a673ed8eb@group-2E052C20269C:t16, leader=null, voted=1c3c41c6-64c5-4fba-b581-d89a673ed8eb, raftlog=1c3c41c6-64c5-4fba-b581-d89a673ed8eb@group-2E052C20269C-SegmentedRaftLog:OPENED:c-1,f-1,i0, conf=-1: [1c3c41c6-64c5-4fba-b581-d89a673ed8eb:192.168.34.17:45910, 997f61cf-2db1-4774-b3a4-04f019f0a728:192.168.34.17:46008, e8629b27-0698-411f-a75e-412d9312397f:192.168.34.17:42826], old=null
2019-09-23 16:06:56,367 [e8629b27-0698-411f-a75e-412d9312397f@group-2E052C20269C:LeaderElection50] INFO  impl.RoleInfo (RoleInfo.java:updateAndGet(143)) - e8629b27-0698-411f-a75e-412d9312397f: start FollowerState
2019-09-23 16:06:56,369 [1c3c41c6-64c5-4fba-b581-d89a673ed8eb@group-2E052C20269C:LeaderElection51] INFO  impl.RaftServerImpl (RaftServerImpl.java:setRole(174)) - 1c3c41c6-64c5-4fba-b581-d89a673ed8eb@group-2E052C20269C: changes role from CANDIDATE to FOLLOWER at term 16 for DISCOVERED_A_NEW_TERM
2019-09-23 16:06:56,369 [997f61cf-2db1-4774-b3a4-04f019f0a728@group-2E052C20269C:LeaderElection49] INFO  impl.LeaderElection (LeaderElection.java:logAndReturn(56)) - 997f61cf-2db1-4774-b3a4-04f019f0a728@group-2E052C20269C:LeaderElection49: Election REJECTED; received 2 response(s) [997f61cf-2db1-4774-b3a4-04f019f0a728<-1c3c41c6-64c5-4fba-b581-d89a673ed8eb#0:FAIL-t16, 997f61cf-2db1-4774-b3a4-04f019f0a728<-e8629b27-0698-411f-a75e-412d9312397f#0:FAIL-t16] and 0 exception(s); 997f61cf-2db1-4774-b3a4-04f019f0a728@group-2E052C20269C:t16, leader=null, voted=997f61cf-2db1-4774-b3a4-04f019f0a728, raftlog=997f61cf-2db1-4774-b3a4-04f019f0a728@group-2E052C20269C-SegmentedRaftLog:OPENED:c-1,f-1,i0, conf=-1: [1c3c41c6-64c5-4fba-b581-d89a673ed8eb:192.168.34.17:45910, 997f61cf-2db1-4774-b3a4-04f019f0a728:192.168.34.17:46008, e8629b27-0698-411f-a75e-412d9312397f:192.168.34.17:42826], old=null
2019-09-23 16:06:56,370 [1c3c41c6-64c5-4fba-b581-d89a673ed8eb@group-2E052C20269C:LeaderElection51] INFO  impl.RoleInfo (RoleInfo.java:shutdownLeaderElection(134)) - 1c3c41c6-64c5-4fba-b581-d89a673ed8eb: shutdown LeaderElection
2019-09-23 16:06:56,370 [997f61cf-2db1-4774-b3a4-04f019f0a728@group-2E052C20269C:LeaderElection49] INFO  impl.RaftServerImpl (RaftServerImpl.java:setRole(174)) - 997f61cf-2db1-4774-b3a4-04f019f0a728@group-2E052C20269C: changes role from CANDIDATE to FOLLOWER at term 16 for DISCOVERED_A_NEW_TERM
2019-09-23 16:06:56,371 [1c3c41c6-64c5-4fba-b581-d89a673ed8eb@group-2E052C20269C:LeaderElection51] INFO  impl.RoleInfo (RoleInfo.java:updateAndGet(143)) - 1c3c41c6-64c5-4fba-b581-d89a673ed8eb: start FollowerState
2019-09-23 16:06:56,371 [997f61cf-2db1-4774-b3a4-04f019f0a728@group-2E052C20269C:LeaderElection49] INFO  impl.RoleInfo (RoleInfo.java:shutdownLeaderElection(134)) - 997f61cf-2db1-4774-b3a4-04f019f0a728: shutdown LeaderElection
2019-09-23 16:06:56,371 [997f61cf-2db1-4774-b3a4-04f019f0a728@group-2E052C20269C:LeaderElection49] INFO  impl.RoleInfo (RoleInfo.java:updateAndGet(143)) - 997f61cf-2db1-4774-b3a4-04f019f0a728: start FollowerState
2019-09-23 16:06:57,446 [Command processor thread] ERROR commandhandler.CloseContainerCommandHandler (CloseContainerCommandHandler.java:handle(84)) - Container #1 does not exist in datanode. Container close failed.
2019-09-23 16:06:57,446 [Command processor thread] ERROR commandhandler.CloseContainerCommandHandler (CloseContainerCommandHandler.java:handle(84)) - Container #1 does not exist in datanode. Container close failed.
2019-09-23 16:06:58,460 [Command processor thread] ERROR commandhandler.CloseContainerCommandHandler (CloseContainerCommandHandler.java:handle(84)) - Container #1 does not exist in datanode. Container close failed.
2019-09-23 16:07:01,461 [Thread-650] INFO  impl.FollowerState (FollowerState.java:run(106)) - 997f61cf-2db1-4774-b3a4-04f019f0a728:group-2E052C20269C changes to CANDIDATE, lastRpcTime:5089, electionTimeout:5089ms
2019-09-23 16:07:01,461 [Thread-650] INFO  impl.RoleInfo (RoleInfo.java:shutdownFollowerState(121)) - 997f61cf-2db1-4774-b3a4-04f019f0a728: shutdown FollowerState
2019-09-23 16:07:01,461 [Thread-650] INFO  impl.RaftServerImpl (RaftServerImpl.java:setRole(174)) - 997f61cf-2db1-4774-b3a4-04f019f0a728@group-2E052C20269C: changes role from  FOLLOWER to CANDIDATE at term 16 for changeToCandidate
2019-09-23 16:07:01,461 [Thread-650] ERROR ratis.XceiverServerRatis (XceiverServerRatis.java:triggerPipelineClose(575)) - pipeline Action CLOSE  on pipeline PipelineID=c24fa039-c2ab-403b-b41d-2e052c20269c.Reason : 997f61cf-2db1-4774-b3a4-04f019f0a728 is in candidate state for 127822ms
2019-09-23 16:07:01,461 [Thread-650] INFO  impl.RoleInfo (RoleInfo.java:updateAndGet(143)) - 997f61cf-2db1-4774-b3a4-04f019f0a728: start LeaderElection
2019-09-23 16:07:01,558 [Thread-648] INFO  impl.FollowerState (FollowerState.java:run(106)) - e8629b27-0698-411f-a75e-412d9312397f:group-2E052C20269C changes to CANDIDATE, lastRpcTime:5190, electionTimeout:5188ms
2019-09-23 16:07:01,558 [Thread-648] INFO  impl.RoleInfo (RoleInfo.java:shutdownFollowerState(121)) - e8629b27-0698-411f-a75e-412d9312397f: shutdown FollowerState
2019-09-23 16:07:01,558 [Thread-648] INFO  impl.RaftServerImpl (RaftServerImpl.java:setRole(174)) - e8629b27-0698-411f-a75e-412d9312397f@group-2E052C20269C: changes role from  FOLLOWER to CANDIDATE at term 16 for changeToCandidate
2019-09-23 16:07:01,559 [Thread-648] ERROR ratis.XceiverServerRatis (XceiverServerRatis.java:triggerPipelineClose(575)) - pipeline Action CLOSE  on pipeline PipelineID=c24fa039-c2ab-403b-b41d-2e052c20269c.Reason : e8629b27-0698-411f-a75e-412d9312397f is in candidate state for 127920ms
2019-09-23 16:07:01,559 [Thread-648] INFO  impl.RoleInfo (RoleInfo.java:updateAndGet(143)) - e8629b27-0698-411f-a75e-412d9312397f: start LeaderElection
2019-09-23 16:07:01,565 [Thread-649] INFO  impl.FollowerState (FollowerState.java:run(106)) - 1c3c41c6-64c5-4fba-b581-d89a673ed8eb:group-2E052C20269C changes to CANDIDATE, lastRpcTime:5194, electionTimeout:5194ms
2019-09-23 16:07:01,565 [Thread-649] INFO  impl.RoleInfo (RoleInfo.java:shutdownFollowerState(121)) - 1c3c41c6-64c5-4fba-b581-d89a673ed8eb: shutdown FollowerState
2019-09-23 16:07:01,565 [Thread-649] INFO  impl.RaftServerImpl (RaftServerImpl.java:setRole(174)) - 1c3c41c6-64c5-4fba-b581-d89a673ed8eb@group-2E052C20269C: changes role from  FOLLOWER to CANDIDATE at term 16 for changeToCandidate
2019-09-23 16:07:01,566 [Thread-649] ERROR ratis.XceiverServerRatis (XceiverServerRatis.java:triggerPipelineClose(575)) - pipeline Action CLOSE  on pipeline PipelineID=c24fa039-c2ab-403b-b41d-2e052c20269c.Reason : 1c3c41c6-64c5-4fba-b581-d89a673ed8eb is in candidate state for 127927ms
2019-09-23 16:07:01,566 [Thread-649] INFO  impl.RoleInfo (RoleInfo.java:updateAndGet(143)) - 1c3c41c6-64c5-4fba-b581-d89a673ed8eb: start LeaderElection
2019-09-23 16:07:02,448 [EventQueue-PipelineActionsForPipelineActionHandler] ERROR pipeline.PipelineActionHandler (PipelineActionHandler.java:onMessage(60)) - Received pipeline action CLOSE for Pipeline[ Id: c24fa039-c2ab-403b-b41d-2e052c20269c, Nodes: 997f61cf-2db1-4774-b3a4-04f019f0a728{ip: 192.168.34.17, host: pr-hdds-2166-7skhj-3476174427, networkLocation: /default-rack, certSerialId: null}1c3c41c6-64c5-4fba-b581-d89a673ed8eb{ip: 192.168.34.17, host: pr-hdds-2166-7skhj-3476174427, networkLocation: /default-rack, certSerialId: null}e8629b27-0698-411f-a75e-412d9312397f{ip: 192.168.34.17, host: pr-hdds-2166-7skhj-3476174427, networkLocation: /default-rack, certSerialId: null}, Type:RATIS, Factor:THREE, State:CLOSED] from datanode 997f61cf-2db1-4774-b3a4-04f019f0a728{ip: 192.168.34.17, host: pr-hdds-2166-7skhj-3476174427, networkLocation: /default-rack, certSerialId: null}. Reason : 997f61cf-2db1-4774-b3a4-04f019f0a728 is in candidate state for 127822ms
2019-09-23 16:07:02,448 [EventQueue-PipelineActionsForPipelineActionHandler] INFO  pipeline.SCMPipelineManager (SCMPipelineManager.java:finalizeAndDestroyPipeline(315)) - destroying pipeline:Pipeline[ Id: c24fa039-c2ab-403b-b41d-2e052c20269c, Nodes: 997f61cf-2db1-4774-b3a4-04f019f0a728{ip: 192.168.34.17, host: pr-hdds-2166-7skhj-3476174427, networkLocation: /default-rack, certSerialId: null}1c3c41c6-64c5-4fba-b581-d89a673ed8eb{ip: 192.168.34.17, host: pr-hdds-2166-7skhj-3476174427, networkLocation: /default-rack, certSerialId: null}e8629b27-0698-411f-a75e-412d9312397f{ip: 192.168.34.17, host: pr-hdds-2166-7skhj-3476174427, networkLocation: /default-rack, certSerialId: null}, Type:RATIS, Factor:THREE, State:CLOSED]
2019-09-23 16:07:02,455 [EventQueue-PipelineActionsForPipelineActionHandler] ERROR pipeline.PipelineActionHandler (PipelineActionHandler.java:onMessage(60)) - Received pipeline action CLOSE for Pipeline[ Id: c24fa039-c2ab-403b-b41d-2e052c20269c, Nodes: 997f61cf-2db1-4774-b3a4-04f019f0a728{ip: 192.168.34.17, host: pr-hdds-2166-7skhj-3476174427, networkLocation: /default-rack, certSerialId: null}1c3c41c6-64c5-4fba-b581-d89a673ed8eb{ip: 192.168.34.17, host: pr-hdds-2166-7skhj-3476174427, networkLocation: /default-rack, certSerialId: null}e8629b27-0698-411f-a75e-412d9312397f{ip: 192.168.34.17, host: pr-hdds-2166-7skhj-3476174427, networkLocation: /default-rack, certSerialId: null}, Type:RATIS, Factor:THREE, State:CLOSED] from datanode 1c3c41c6-64c5-4fba-b581-d89a673ed8eb{ip: 192.168.34.17, host: pr-hdds-2166-7skhj-3476174427, networkLocation: /default-rack, certSerialId: null}. Reason : 1c3c41c6-64c5-4fba-b581-d89a673ed8eb is in candidate state for 127927ms
2019-09-23 16:07:02,455 [EventQueue-PipelineActionsForPipelineActionHandler] INFO  pipeline.SCMPipelineManager (SCMPipelineManager.java:finalizeAndDestroyPipeline(315)) - destroying pipeline:Pipeline[ Id: c24fa039-c2ab-403b-b41d-2e052c20269c, Nodes: 997f61cf-2db1-4774-b3a4-04f019f0a728{ip: 192.168.34.17, host: pr-hdds-2166-7skhj-3476174427, networkLocation: /default-rack, certSerialId: null}1c3c41c6-64c5-4fba-b581-d89a673ed8eb{ip: 192.168.34.17, host: pr-hdds-2166-7skhj-3476174427, networkLocation: /default-rack, certSerialId: null}e8629b27-0698-411f-a75e-412d9312397f{ip: 192.168.34.17, host: pr-hdds-2166-7skhj-3476174427, networkLocation: /default-rack, certSerialId: null}, Type:RATIS, Factor:THREE, State:CLOSED]
2019-09-23 16:07:02,462 [EventQueue-PipelineActionsForPipelineActionHandler] ERROR pipeline.PipelineActionHandler (PipelineActionHandler.java:onMessage(60)) - Received pipeline action CLOSE for Pipeline[ Id: c24fa039-c2ab-403b-b41d-2e052c20269c, Nodes: 997f61cf-2db1-4774-b3a4-04f019f0a728{ip: 192.168.34.17, host: pr-hdds-2166-7skhj-3476174427, networkLocation: /default-rack, certSerialId: null}1c3c41c6-64c5-4fba-b581-d89a673ed8eb{ip: 192.168.34.17, host: pr-hdds-2166-7skhj-3476174427, networkLocation: /default-rack, certSerialId: null}e8629b27-0698-411f-a75e-412d9312397f{ip: 192.168.34.17, host: pr-hdds-2166-7skhj-3476174427, networkLocation: /default-rack, certSerialId: null}, Type:RATIS, Factor:THREE, State:CLOSED] from datanode e8629b27-0698-411f-a75e-412d9312397f{ip: 192.168.34.17, host: pr-hdds-2166-7skhj-3476174427, networkLocation: /default-rack, certSerialId: null}. Reason : e8629b27-0698-411f-a75e-412d9312397f is in candidate state for 127920ms
2019-09-23 16:07:02,462 [EventQueue-PipelineActionsForPipelineActionHandler] INFO  pipeline.SCMPipelineManager (SCMPipelineManager.java:finalizeAndDestroyPipeline(315)) - destroying pipeline:Pipeline[ Id: c24fa039-c2ab-403b-b41d-2e052c20269c, Nodes: 997f61cf-2db1-4774-b3a4-04f019f0a728{ip: 192.168.34.17, host: pr-hdds-2166-7skhj-3476174427, networkLocation: /default-rack, certSerialId: null}1c3c41c6-64c5-4fba-b581-d89a673ed8eb{ip: 192.168.34.17, host: pr-hdds-2166-7skhj-3476174427, networkLocation: /default-rack, certSerialId: null}e8629b27-0698-411f-a75e-412d9312397f{ip: 192.168.34.17, host: pr-hdds-2166-7skhj-3476174427, networkLocation: /default-rack, certSerialId: null}, Type:RATIS, Factor:THREE, State:CLOSED]
2019-09-23 16:07:04,200 [e8629b27-0698-411f-a75e-412d9312397f@group-2E052C20269C:LeaderElection53] INFO  impl.LeaderElection (LeaderElection.java:askForVotes(182)) - e8629b27-0698-411f-a75e-412d9312397f@group-2E052C20269C:LeaderElection53: begin an election at term 17 for -1: [1c3c41c6-64c5-4fba-b581-d89a673ed8eb:192.168.34.17:45910, 997f61cf-2db1-4774-b3a4-04f019f0a728:192.168.34.17:46008, e8629b27-0698-411f-a75e-412d9312397f:192.168.34.17:42826], old=null
2019-09-23 16:07:04,200 [997f61cf-2db1-4774-b3a4-04f019f0a728@group-2E052C20269C:LeaderElection52] INFO  impl.LeaderElection (LeaderElection.java:askForVotes(182)) - 997f61cf-2db1-4774-b3a4-04f019f0a728@group-2E052C20269C:LeaderElection52: begin an election at term 17 for -1: [1c3c41c6-64c5-4fba-b581-d89a673ed8eb:192.168.34.17:45910, 997f61cf-2db1-4774-b3a4-04f019f0a728:192.168.34.17:46008, e8629b27-0698-411f-a75e-412d9312397f:192.168.34.17:42826], old=null
2019-09-23 16:07:04,200 [1c3c41c6-64c5-4fba-b581-d89a673ed8eb@group-2E052C20269C:LeaderElection54] INFO  impl.LeaderElection (LeaderElection.java:askForVotes(182)) - 1c3c41c6-64c5-4fba-b581-d89a673ed8eb@group-2E052C20269C:LeaderElection54: begin an election at term 17 for -1: [1c3c41c6-64c5-4fba-b581-d89a673ed8eb:192.168.34.17:45910, 997f61cf-2db1-4774-b3a4-04f019f0a728:192.168.34.17:46008, e8629b27-0698-411f-a75e-412d9312397f:192.168.34.17:42826], old=null
2019-09-23 16:07:04,309 [e8629b27-0698-411f-a75e-412d9312397f@group-2E052C20269C:LeaderElection53] INFO  impl.LeaderElection (LeaderElection.java:logAndReturn(56)) - e8629b27-0698-411f-a75e-412d9312397f@group-2E052C20269C:LeaderElection53: Election REJECTED; received 2 response(s) [e8629b27-0698-411f-a75e-412d9312397f<-1c3c41c6-64c5-4fba-b581-d89a673ed8eb#0:FAIL-t17, e8629b27-0698-411f-a75e-412d9312397f<-997f61cf-2db1-4774-b3a4-04f019f0a728#0:FAIL-t17] and 0 exception(s); e8629b27-0698-411f-a75e-412d9312397f@group-2E052C20269C:t17, leader=null, voted=e8629b27-0698-411f-a75e-412d9312397f, raftlog=e8629b27-0698-411f-a75e-412d9312397f@group-2E052C20269C-SegmentedRaftLog:OPENED:c-1,f-1,i0, conf=-1: [1c3c41c6-64c5-4fba-b581-d89a673ed8eb:192.168.34.17:45910, 997f61cf-2db1-4774-b3a4-04f019f0a728:192.168.34.17:46008, e8629b27-0698-411f-a75e-412d9312397f:192.168.34.17:42826], old=null
2019-09-23 16:07:04,309 [997f61cf-2db1-4774-b3a4-04f019f0a728@group-2E052C20269C:LeaderElection52] INFO  impl.LeaderElection (LeaderElection.java:logAndReturn(56)) - 997f61cf-2db1-4774-b3a4-04f019f0a728@group-2E052C20269C:LeaderElection52: Election REJECTED; received 2 response(s) [997f61cf-2db1-4774-b3a4-04f019f0a728<-1c3c41c6-64c5-4fba-b581-d89a673ed8eb#0:FAIL-t17, 997f61cf-2db1-4774-b3a4-04f019f0a728<-e8629b27-0698-411f-a75e-412d9312397f#0:FAIL-t17] and 0 exception(s); 997f61cf-2db1-4774-b3a4-04f019f0a728@group-2E052C20269C:t17, leader=null, voted=997f61cf-2db1-4774-b3a4-04f019f0a728, raftlog=997f61cf-2db1-4774-b3a4-04f019f0a728@group-2E052C20269C-SegmentedRaftLog:OPENED:c-1,f-1,i0, conf=-1: [1c3c41c6-64c5-4fba-b581-d89a673ed8eb:192.168.34.17:45910, 997f61cf-2db1-4774-b3a4-04f019f0a728:192.168.34.17:46008, e8629b27-0698-411f-a75e-412d9312397f:192.168.34.17:42826], old=null
2019-09-23 16:07:04,309 [e8629b27-0698-411f-a75e-412d9312397f@group-2E052C20269C:LeaderElection53] INFO  impl.RaftServerImpl (RaftServerImpl.java:setRole(174)) - e8629b27-0698-411f-a75e-412d9312397f@group-2E052C20269C: changes role from CANDIDATE to FOLLOWER at term 17 for DISCOVERED_A_NEW_TERM
2019-09-23 16:07:04,309 [1c3c41c6-64c5-4fba-b581-d89a673ed8eb@group-2E052C20269C:LeaderElection54] INFO  impl.LeaderElection (LeaderElection.java:logAndReturn(56)) - 1c3c41c6-64c5-4fba-b581-d89a673ed8eb@group-2E052C20269C:LeaderElection54: Election REJECTED; received 2 response(s) [1c3c41c6-64c5-4fba-b581-d89a673ed8eb<-997f61cf-2db1-4774-b3a4-04f019f0a728#0:FAIL-t17, 1c3c41c6-64c5-4fba-b581-d89a673ed8eb<-e8629b27-0698-411f-a75e-412d9312397f#0:FAIL-t17] and 0 exception(s); 1c3c41c6-64c5-4fba-b581-d89a673ed8eb@group-2E052C20269C:t17, leader=null, voted=1c3c41c6-64c5-4fba-b581-d89a673ed8eb, raftlog=1c3c41c6-64c5-4fba-b581-d89a673ed8eb@group-2E052C20269C-SegmentedRaftLog:OPENED:c-1,f-1,i0, conf=-1: [1c3c41c6-64c5-4fba-b581-d89a673ed8eb:192.168.34.17:45910, 997f61cf-2db1-4774-b3a4-04f019f0a728:192.168.34.17:46008, e8629b27-0698-411f-a75e-412d9312397f:192.168.34.17:42826], old=null
2019-09-23 16:07:04,311 [e8629b27-0698-411f-a75e-412d9312397f@group-2E052C20269C:LeaderElection53] INFO  impl.RoleInfo (RoleInfo.java:shutdownLeaderElection(134)) - e8629b27-0698-411f-a75e-412d9312397f: shutdown LeaderElection
2019-09-23 16:07:04,310 [997f61cf-2db1-4774-b3a4-04f019f0a728@group-2E052C20269C:LeaderElection52] INFO  impl.RaftServerImpl (RaftServerImpl.java:setRole(174)) - 997f61cf-2db1-4774-b3a4-04f019f0a728@group-2E052C20269C: changes role from CANDIDATE to FOLLOWER at term 17 for DISCOVERED_A_NEW_TERM
2019-09-23 16:07:04,312 [e8629b27-0698-411f-a75e-412d9312397f@group-2E052C20269C:LeaderElection53] INFO  impl.RoleInfo (RoleInfo.java:updateAndGet(143)) - e8629b27-0698-411f-a75e-412d9312397f: start FollowerState
2019-09-23 16:07:04,311 [1c3c41c6-64c5-4fba-b581-d89a673ed8eb@group-2E052C20269C:LeaderElection54] INFO  impl.RaftServerImpl (RaftServerImpl.java:setRole(174)) - 1c3c41c6-64c5-4fba-b581-d89a673ed8eb@group-2E052C20269C: changes role from CANDIDATE to FOLLOWER at term 17 for DISCOVERED_A_NEW_TERM
2019-09-23 16:07:04,312 [997f61cf-2db1-4774-b3a4-04f019f0a728@group-2E052C20269C:LeaderElection52] INFO  impl.RoleInfo (RoleInfo.java:shutdownLeaderElection(134)) - 997f61cf-2db1-4774-b3a4-04f019f0a728: shutdown LeaderElection
2019-09-23 16:07:04,313 [1c3c41c6-64c5-4fba-b581-d89a673ed8eb@group-2E052C20269C:LeaderElection54] INFO  impl.RoleInfo (RoleInfo.java:shutdownLeaderElection(134)) - 1c3c41c6-64c5-4fba-b581-d89a673ed8eb: shutdown LeaderElection
2019-09-23 16:07:04,313 [997f61cf-2db1-4774-b3a4-04f019f0a728@group-2E052C20269C:LeaderElection52] INFO  impl.RoleInfo (RoleInfo.java:updateAndGet(143)) - 997f61cf-2db1-4774-b3a4-04f019f0a728: start FollowerState
2019-09-23 16:07:04,313 [1c3c41c6-64c5-4fba-b581-d89a673ed8eb@group-2E052C20269C:LeaderElection54] INFO  impl.RoleInfo (RoleInfo.java:updateAndGet(143)) - 1c3c41c6-64c5-4fba-b581-d89a673ed8eb: start FollowerState
2019-09-23 16:07:09,494 [Thread-676] INFO  impl.FollowerState (FollowerState.java:run(106)) - e8629b27-0698-411f-a75e-412d9312397f:group-2E052C20269C changes to CANDIDATE, lastRpcTime:5181, electionTimeout:5181ms
2019-09-23 16:07:09,494 [Thread-676] INFO  impl.RoleInfo (RoleInfo.java:shutdownFollowerState(121)) - e8629b27-0698-411f-a75e-412d9312397f: shutdown FollowerState
2019-09-23 16:07:09,494 [Thread-676] INFO  impl.RaftServerImpl (RaftServerImpl.java:setRole(174)) - e8629b27-0698-411f-a75e-412d9312397f@group-2E052C20269C: changes role from  FOLLOWER to CANDIDATE at term 17 for changeToCandidate
2019-09-23 16:07:09,495 [Thread-676] ERROR ratis.XceiverServerRatis (XceiverServerRatis.java:triggerPipelineClose(575)) - pipeline Action CLOSE  on pipeline PipelineID=c24fa039-c2ab-403b-b41d-2e052c20269c.Reason : e8629b27-0698-411f-a75e-412d9312397f is in candidate state for 135856ms
2019-09-23 16:07:09,495 [Thread-676] INFO  impl.RoleInfo (RoleInfo.java:updateAndGet(143)) - e8629b27-0698-411f-a75e-412d9312397f: start LeaderElection
2019-09-23 16:07:09,507 [Thread-678] INFO  impl.FollowerState (FollowerState.java:run(106)) - 1c3c41c6-64c5-4fba-b581-d89a673ed8eb:group-2E052C20269C changes to CANDIDATE, lastRpcTime:5194, electionTimeout:5194ms
2019-09-23 16:07:09,507 [Thread-678] INFO  impl.RoleInfo (RoleInfo.java:shutdownFollowerState(121)) - 1c3c41c6-64c5-4fba-b581-d89a673ed8eb: shutdown FollowerState
2019-09-23 16:07:09,508 [Thread-678] INFO  impl.RaftServerImpl (RaftServerImpl.java:setRole(174)) - 1c3c41c6-64c5-4fba-b581-d89a673ed8eb@group-2E052C20269C: changes role from  FOLLOWER to CANDIDATE at term 17 for changeToCandidate
2019-09-23 16:07:09,508 [Thread-678] ERROR ratis.XceiverServerRatis (XceiverServerRatis.java:triggerPipelineClose(575)) - pipeline Action CLOSE  on pipeline PipelineID=c24fa039-c2ab-403b-b41d-2e052c20269c.Reason : 1c3c41c6-64c5-4fba-b581-d89a673ed8eb is in candidate state for 135869ms
2019-09-23 16:07:09,508 [Thread-678] INFO  impl.RoleInfo (RoleInfo.java:updateAndGet(143)) - 1c3c41c6-64c5-4fba-b581-d89a673ed8eb: start LeaderElection
2019-09-23 16:07:09,509 [Thread-677] INFO  impl.FollowerState (FollowerState.java:run(106)) - 997f61cf-2db1-4774-b3a4-04f019f0a728:group-2E052C20269C changes to CANDIDATE, lastRpcTime:5196, electionTimeout:5196ms
2019-09-23 16:07:09,510 [Thread-677] INFO  impl.RoleInfo (RoleInfo.java:shutdownFollowerState(121)) - 997f61cf-2db1-4774-b3a4-04f019f0a728: shutdown FollowerState
2019-09-23 16:07:09,510 [Thread-677] INFO  impl.RaftServerImpl (RaftServerImpl.java:setRole(174)) - 997f61cf-2db1-4774-b3a4-04f019f0a728@group-2E052C20269C: changes role from  FOLLOWER to CANDIDATE at term 17 for changeToCandidate
2019-09-23 16:07:09,510 [Thread-677] ERROR ratis.XceiverServerRatis (XceiverServerRatis.java:triggerPipelineClose(575)) - pipeline Action CLOSE  on pipeline PipelineID=c24fa039-c2ab-403b-b41d-2e052c20269c.Reason : 997f61cf-2db1-4774-b3a4-04f019f0a728 is in candidate state for 135871ms
2019-09-23 16:07:09,510 [Thread-677] INFO  impl.RoleInfo (RoleInfo.java:updateAndGet(143)) - 997f61cf-2db1-4774-b3a4-04f019f0a728: start LeaderElection
2019-09-23 16:07:10,448 [EventQueue-PipelineActionsForPipelineActionHandler] ERROR pipeline.PipelineActionHandler (PipelineActionHandler.java:onMessage(60)) - Received pipeline action CLOSE for Pipeline[ Id: c24fa039-c2ab-403b-b41d-2e052c20269c, Nodes: 997f61cf-2db1-4774-b3a4-04f019f0a728{ip: 192.168.34.17, host: pr-hdds-2166-7skhj-3476174427, networkLocation: /default-rack, certSerialId: null}1c3c41c6-64c5-4fba-b581-d89a673ed8eb{ip: 192.168.34.17, host: pr-hdds-2166-7skhj-3476174427, networkLocation: /default-rack, certSerialId: null}e8629b27-0698-411f-a75e-412d9312397f{ip: 192.168.34.17, host: pr-hdds-2166-7skhj-3476174427, networkLocation: /default-rack, certSerialId: null}, Type:RATIS, Factor:THREE, State:CLOSED] from datanode 997f61cf-2db1-4774-b3a4-04f019f0a728{ip: 192.168.34.17, host: pr-hdds-2166-7skhj-3476174427, networkLocation: /default-rack, certSerialId: null}. Reason : 997f61cf-2db1-4774-b3a4-04f019f0a728 is in candidate state for 135871ms
2019-09-23 16:07:10,449 [EventQueue-PipelineActionsForPipelineActionHandler] INFO  pipeline.SCMPipelineManager (SCMPipelineManager.java:finalizeAndDestroyPipeline(315)) - destroying pipeline:Pipeline[ Id: c24fa039-c2ab-403b-b41d-2e052c20269c, Nodes: 997f61cf-2db1-4774-b3a4-04f019f0a728{ip: 192.168.34.17, host: pr-hdds-2166-7skhj-3476174427, networkLocation: /default-rack, certSerialId: null}1c3c41c6-64c5-4fba-b581-d89a673ed8eb{ip: 192.168.34.17, host: pr-hdds-2166-7skhj-3476174427, networkLocation: /default-rack, certSerialId: null}e8629b27-0698-411f-a75e-412d9312397f{ip: 192.168.34.17, host: pr-hdds-2166-7skhj-3476174427, networkLocation: /default-rack, certSerialId: null}, Type:RATIS, Factor:THREE, State:CLOSED]
2019-09-23 16:07:10,455 [EventQueue-PipelineActionsForPipelineActionHandler] ERROR pipeline.PipelineActionHandler (PipelineActionHandler.java:onMessage(60)) - Received pipeline action CLOSE for Pipeline[ Id: c24fa039-c2ab-403b-b41d-2e052c20269c, Nodes: 997f61cf-2db1-4774-b3a4-04f019f0a728{ip: 192.168.34.17, host: pr-hdds-2166-7skhj-3476174427, networkLocation: /default-rack, certSerialId: null}1c3c41c6-64c5-4fba-b581-d89a673ed8eb{ip: 192.168.34.17, host: pr-hdds-2166-7skhj-3476174427, networkLocation: /default-rack, certSerialId: null}e8629b27-0698-411f-a75e-412d9312397f{ip: 192.168.34.17, host: pr-hdds-2166-7skhj-3476174427, networkLocation: /default-rack, certSerialId: null}, Type:RATIS, Factor:THREE, State:CLOSED] from datanode 1c3c41c6-64c5-4fba-b581-d89a673ed8eb{ip: 192.168.34.17, host: pr-hdds-2166-7skhj-3476174427, networkLocation: /default-rack, certSerialId: null}. Reason : 1c3c41c6-64c5-4fba-b581-d89a673ed8eb is in candidate state for 135869ms
2019-09-23 16:07:10,455 [EventQueue-PipelineActionsForPipelineActionHandler] INFO  pipeline.SCMPipelineManager (SCMPipelineManager.java:finalizeAndDestroyPipeline(315)) - destroying pipeline:Pipeline[ Id: c24fa039-c2ab-403b-b41d-2e052c20269c, Nodes: 997f61cf-2db1-4774-b3a4-04f019f0a728{ip: 192.168.34.17, host: pr-hdds-2166-7skhj-3476174427, networkLocation: /default-rack, certSerialId: null}1c3c41c6-64c5-4fba-b581-d89a673ed8eb{ip: 192.168.34.17, host: pr-hdds-2166-7skhj-3476174427, networkLocation: /default-rack, certSerialId: null}e8629b27-0698-411f-a75e-412d9312397f{ip: 192.168.34.17, host: pr-hdds-2166-7skhj-3476174427, networkLocation: /default-rack, certSerialId: null}, Type:RATIS, Factor:THREE, State:CLOSED]
2019-09-23 16:07:10,463 [EventQueue-PipelineActionsForPipelineActionHandler] ERROR pipeline.PipelineActionHandler (PipelineActionHandler.java:onMessage(60)) - Received pipeline action CLOSE for Pipeline[ Id: c24fa039-c2ab-403b-b41d-2e052c20269c, Nodes: 997f61cf-2db1-4774-b3a4-04f019f0a728{ip: 192.168.34.17, host: pr-hdds-2166-7skhj-3476174427, networkLocation: /default-rack, certSerialId: null}1c3c41c6-64c5-4fba-b581-d89a673ed8eb{ip: 192.168.34.17, host: pr-hdds-2166-7skhj-3476174427, networkLocation: /default-rack, certSerialId: null}e8629b27-0698-411f-a75e-412d9312397f{ip: 192.168.34.17, host: pr-hdds-2166-7skhj-3476174427, networkLocation: /default-rack, certSerialId: null}, Type:RATIS, Factor:THREE, State:CLOSED] from datanode e8629b27-0698-411f-a75e-412d9312397f{ip: 192.168.34.17, host: pr-hdds-2166-7skhj-3476174427, networkLocation: /default-rack, certSerialId: null}. Reason : e8629b27-0698-411f-a75e-412d9312397f is in candidate state for 135856ms
2019-09-23 16:07:10,463 [EventQueue-PipelineActionsForPipelineActionHandler] INFO  pipeline.SCMPipelineManager (SCMPipelineManager.java:finalizeAndDestroyPipeline(315)) - destroying pipeline:Pipeline[ Id: c24fa039-c2ab-403b-b41d-2e052c20269c, Nodes: 997f61cf-2db1-4774-b3a4-04f019f0a728{ip: 192.168.34.17, host: pr-hdds-2166-7skhj-3476174427, networkLocation: /default-rack, certSerialId: null}1c3c41c6-64c5-4fba-b581-d89a673ed8eb{ip: 192.168.34.17, host: pr-hdds-2166-7skhj-3476174427, networkLocation: /default-rack, certSerialId: null}e8629b27-0698-411f-a75e-412d9312397f{ip: 192.168.34.17, host: pr-hdds-2166-7skhj-3476174427, networkLocation: /default-rack, certSerialId: null}, Type:RATIS, Factor:THREE, State:CLOSED]
2019-09-23 16:07:12,686 [997f61cf-2db1-4774-b3a4-04f019f0a728@group-2E052C20269C:LeaderElection57] INFO  impl.LeaderElection (LeaderElection.java:askForVotes(182)) - 997f61cf-2db1-4774-b3a4-04f019f0a728@group-2E052C20269C:LeaderElection57: begin an election at term 18 for -1: [1c3c41c6-64c5-4fba-b581-d89a673ed8eb:192.168.34.17:45910, 997f61cf-2db1-4774-b3a4-04f019f0a728:192.168.34.17:46008, e8629b27-0698-411f-a75e-412d9312397f:192.168.34.17:42826], old=null
2019-09-23 16:07:12,686 [e8629b27-0698-411f-a75e-412d9312397f@group-2E052C20269C:LeaderElection55] INFO  impl.LeaderElection (LeaderElection.java:askForVotes(182)) - e8629b27-0698-411f-a75e-412d9312397f@group-2E052C20269C:LeaderElection55: begin an election at term 18 for -1: [1c3c41c6-64c5-4fba-b581-d89a673ed8eb:192.168.34.17:45910, 997f61cf-2db1-4774-b3a4-04f019f0a728:192.168.34.17:46008, e8629b27-0698-411f-a75e-412d9312397f:192.168.34.17:42826], old=null
2019-09-23 16:07:12,686 [1c3c41c6-64c5-4fba-b581-d89a673ed8eb@group-2E052C20269C:LeaderElection56] INFO  impl.LeaderElection (LeaderElection.java:askForVotes(182)) - 1c3c41c6-64c5-4fba-b581-d89a673ed8eb@group-2E052C20269C:LeaderElection56: begin an election at term 18 for -1: [1c3c41c6-64c5-4fba-b581-d89a673ed8eb:192.168.34.17:45910, 997f61cf-2db1-4774-b3a4-04f019f0a728:192.168.34.17:46008, e8629b27-0698-411f-a75e-412d9312397f:192.168.34.17:42826], old=null
2019-09-23 16:07:12,694 [1c3c41c6-64c5-4fba-b581-d89a673ed8eb@group-2E052C20269C:LeaderElection56] INFO  impl.LeaderElection (LeaderElection.java:logAndReturn(56)) - 1c3c41c6-64c5-4fba-b581-d89a673ed8eb@group-2E052C20269C:LeaderElection56: Election REJECTED; received 2 response(s) [1c3c41c6-64c5-4fba-b581-d89a673ed8eb<-997f61cf-2db1-4774-b3a4-04f019f0a728#0:FAIL-t18, 1c3c41c6-64c5-4fba-b581-d89a673ed8eb<-e8629b27-0698-411f-a75e-412d9312397f#0:FAIL-t18] and 0 exception(s); 1c3c41c6-64c5-4fba-b581-d89a673ed8eb@group-2E052C20269C:t18, leader=null, voted=1c3c41c6-64c5-4fba-b581-d89a673ed8eb, raftlog=1c3c41c6-64c5-4fba-b581-d89a673ed8eb@group-2E052C20269C-SegmentedRaftLog:OPENED:c-1,f-1,i0, conf=-1: [1c3c41c6-64c5-4fba-b581-d89a673ed8eb:192.168.34.17:45910, 997f61cf-2db1-4774-b3a4-04f019f0a728:192.168.34.17:46008, e8629b27-0698-411f-a75e-412d9312397f:192.168.34.17:42826], old=null
2019-09-23 16:07:12,694 [e8629b27-0698-411f-a75e-412d9312397f@group-2E052C20269C:LeaderElection55] INFO  impl.LeaderElection (LeaderElection.java:logAndReturn(56)) - e8629b27-0698-411f-a75e-412d9312397f@group-2E052C20269C:LeaderElection55: Election REJECTED; received 2 response(s) [e8629b27-0698-411f-a75e-412d9312397f<-1c3c41c6-64c5-4fba-b581-d89a673ed8eb#0:FAIL-t18, e8629b27-0698-411f-a75e-412d9312397f<-997f61cf-2db1-4774-b3a4-04f019f0a728#0:FAIL-t18] and 0 exception(s); e8629b27-0698-411f-a75e-412d9312397f@group-2E052C20269C:t18, leader=null, voted=e8629b27-0698-411f-a75e-412d9312397f, raftlog=e8629b27-0698-411f-a75e-412d9312397f@group-2E052C20269C-SegmentedRaftLog:OPENED:c-1,f-1,i0, conf=-1: [1c3c41c6-64c5-4fba-b581-d89a673ed8eb:192.168.34.17:45910, 997f61cf-2db1-4774-b3a4-04f019f0a728:192.168.34.17:46008, e8629b27-0698-411f-a75e-412d9312397f:192.168.34.17:42826], old=null
2019-09-23 16:07:12,694 [997f61cf-2db1-4774-b3a4-04f019f0a728@group-2E052C20269C:LeaderElection57] INFO  impl.LeaderElection (LeaderElection.java:logAndReturn(56)) - 997f61cf-2db1-4774-b3a4-04f019f0a728@group-2E052C20269C:LeaderElection57: Election REJECTED; received 2 response(s) [997f61cf-2db1-4774-b3a4-04f019f0a728<-1c3c41c6-64c5-4fba-b581-d89a673ed8eb#0:FAIL-t18, 997f61cf-2db1-4774-b3a4-04f019f0a728<-e8629b27-0698-411f-a75e-412d9312397f#0:FAIL-t18] and 0 exception(s); 997f61cf-2db1-4774-b3a4-04f019f0a728@group-2E052C20269C:t18, leader=null, voted=997f61cf-2db1-4774-b3a4-04f019f0a728, raftlog=997f61cf-2db1-4774-b3a4-04f019f0a728@group-2E052C20269C-SegmentedRaftLog:OPENED:c-1,f-1,i0, conf=-1: [1c3c41c6-64c5-4fba-b581-d89a673ed8eb:192.168.34.17:45910, 997f61cf-2db1-4774-b3a4-04f019f0a728:192.168.34.17:46008, e8629b27-0698-411f-a75e-412d9312397f:192.168.34.17:42826], old=null
2019-09-23 16:07:12,694 [1c3c41c6-64c5-4fba-b581-d89a673ed8eb@group-2E052C20269C:LeaderElection56] INFO  impl.RaftServerImpl (RaftServerImpl.java:setRole(174)) - 1c3c41c6-64c5-4fba-b581-d89a673ed8eb@group-2E052C20269C: changes role from CANDIDATE to FOLLOWER at term 18 for DISCOVERED_A_NEW_TERM
2019-09-23 16:07:12,697 [e8629b27-0698-411f-a75e-412d9312397f@group-2E052C20269C:LeaderElection55] INFO  impl.RaftServerImpl (RaftServerImpl.java:setRole(174)) - e8629b27-0698-411f-a75e-412d9312397f@group-2E052C20269C: changes role from CANDIDATE to FOLLOWER at term 18 for DISCOVERED_A_NEW_TERM
2019-09-23 16:07:12,697 [997f61cf-2db1-4774-b3a4-04f019f0a728@group-2E052C20269C:LeaderElection57] INFO  impl.RaftServerImpl (RaftServerImpl.java:setRole(174)) - 997f61cf-2db1-4774-b3a4-04f019f0a728@group-2E052C20269C: changes role from CANDIDATE to FOLLOWER at term 18 for DISCOVERED_A_NEW_TERM
2019-09-23 16:07:12,699 [e8629b27-0698-411f-a75e-412d9312397f@group-2E052C20269C:LeaderElection55] INFO  impl.RoleInfo (RoleInfo.java:shutdownLeaderElection(134)) - e8629b27-0698-411f-a75e-412d9312397f: shutdown LeaderElection
2019-09-23 16:07:12,697 [1c3c41c6-64c5-4fba-b581-d89a673ed8eb@group-2E052C20269C:LeaderElection56] INFO  impl.RoleInfo (RoleInfo.java:shutdownLeaderElection(134)) - 1c3c41c6-64c5-4fba-b581-d89a673ed8eb: shutdown LeaderElection
2019-09-23 16:07:12,699 [e8629b27-0698-411f-a75e-412d9312397f@group-2E052C20269C:LeaderElection55] INFO  impl.RoleInfo (RoleInfo.java:updateAndGet(143)) - e8629b27-0698-411f-a75e-412d9312397f: start FollowerState
2019-09-23 16:07:12,699 [997f61cf-2db1-4774-b3a4-04f019f0a728@group-2E052C20269C:LeaderElection57] INFO  impl.RoleInfo (RoleInfo.java:shutdownLeaderElection(134)) - 997f61cf-2db1-4774-b3a4-04f019f0a728: shutdown LeaderElection
2019-09-23 16:07:12,699 [1c3c41c6-64c5-4fba-b581-d89a673ed8eb@group-2E052C20269C:LeaderElection56] INFO  impl.RoleInfo (RoleInfo.java:updateAndGet(143)) - 1c3c41c6-64c5-4fba-b581-d89a673ed8eb: start FollowerState
2019-09-23 16:07:12,700 [997f61cf-2db1-4774-b3a4-04f019f0a728@group-2E052C20269C:LeaderElection57] INFO  impl.RoleInfo (RoleInfo.java:updateAndGet(143)) - 997f61cf-2db1-4774-b3a4-04f019f0a728: start FollowerState
2019-09-23 16:07:17,702 [Thread-706] INFO  impl.FollowerState (FollowerState.java:run(106)) - 997f61cf-2db1-4774-b3a4-04f019f0a728:group-2E052C20269C changes to CANDIDATE, lastRpcTime:5002, electionTimeout:5002ms
2019-09-23 16:07:17,703 [Thread-706] INFO  impl.RoleInfo (RoleInfo.java:shutdownFollowerState(121)) - 997f61cf-2db1-4774-b3a4-04f019f0a728: shutdown FollowerState
2019-09-23 16:07:17,703 [Thread-706] INFO  impl.RaftServerImpl (RaftServerImpl.java:setRole(174)) - 997f61cf-2db1-4774-b3a4-04f019f0a728@group-2E052C20269C: changes role from  FOLLOWER to CANDIDATE at term 18 for changeToCandidate
2019-09-23 16:07:17,703 [Thread-706] ERROR ratis.XceiverServerRatis (XceiverServerRatis.java:triggerPipelineClose(575)) - pipeline Action CLOSE  on pipeline PipelineID=c24fa039-c2ab-403b-b41d-2e052c20269c.Reason : 997f61cf-2db1-4774-b3a4-04f019f0a728 is in candidate state for 144064ms
2019-09-23 16:07:17,703 [Thread-706] INFO  impl.RoleInfo (RoleInfo.java:updateAndGet(143)) - 997f61cf-2db1-4774-b3a4-04f019f0a728: start LeaderElection
2019-09-23 16:07:17,771 [Thread-705] INFO  impl.FollowerState (FollowerState.java:run(106)) - 1c3c41c6-64c5-4fba-b581-d89a673ed8eb:group-2E052C20269C changes to CANDIDATE, lastRpcTime:5071, electionTimeout:5071ms
2019-09-23 16:07:17,771 [Thread-705] INFO  impl.RoleInfo (RoleInfo.java:shutdownFollowerState(121)) - 1c3c41c6-64c5-4fba-b581-d89a673ed8eb: shutdown FollowerState
2019-09-23 16:07:17,771 [Thread-705] INFO  impl.RaftServerImpl (RaftServerImpl.java:setRole(174)) - 1c3c41c6-64c5-4fba-b581-d89a673ed8eb@group-2E052C20269C: changes role from  FOLLOWER to CANDIDATE at term 18 for changeToCandidate
2019-09-23 16:07:17,772 [Thread-705] ERROR ratis.XceiverServerRatis (XceiverServerRatis.java:triggerPipelineClose(575)) - pipeline Action CLOSE  on pipeline PipelineID=c24fa039-c2ab-403b-b41d-2e052c20269c.Reason : 1c3c41c6-64c5-4fba-b581-d89a673ed8eb is in candidate state for 144133ms
2019-09-23 16:07:17,772 [Thread-705] INFO  impl.RoleInfo (RoleInfo.java:updateAndGet(143)) - 1c3c41c6-64c5-4fba-b581-d89a673ed8eb: start LeaderElection
2019-09-23 16:07:17,786 [Thread-704] INFO  impl.FollowerState (FollowerState.java:run(106)) - e8629b27-0698-411f-a75e-412d9312397f:group-2E052C20269C changes to CANDIDATE, lastRpcTime:5086, electionTimeout:5086ms
2019-09-23 16:07:17,786 [Thread-704] INFO  impl.RoleInfo (RoleInfo.java:shutdownFollowerState(121)) - e8629b27-0698-411f-a75e-412d9312397f: shutdown FollowerState
2019-09-23 16:07:17,786 [Thread-704] INFO  impl.RaftServerImpl (RaftServerImpl.java:setRole(174)) - e8629b27-0698-411f-a75e-412d9312397f@group-2E052C20269C: changes role from  FOLLOWER to CANDIDATE at term 18 for changeToCandidate
2019-09-23 16:07:17,786 [Thread-704] ERROR ratis.XceiverServerRatis (XceiverServerRatis.java:triggerPipelineClose(575)) - pipeline Action CLOSE  on pipeline PipelineID=c24fa039-c2ab-403b-b41d-2e052c20269c.Reason : e8629b27-0698-411f-a75e-412d9312397f is in candidate state for 144148ms
2019-09-23 16:07:17,787 [Thread-704] INFO  impl.RoleInfo (RoleInfo.java:updateAndGet(143)) - e8629b27-0698-411f-a75e-412d9312397f: start LeaderElection
2019-09-23 16:07:18,255 [1c3c41c6-64c5-4fba-b581-d89a673ed8eb@group-2E052C20269C:LeaderElection59] INFO  impl.LeaderElection (LeaderElection.java:askForVotes(182)) - 1c3c41c6-64c5-4fba-b581-d89a673ed8eb@group-2E052C20269C:LeaderElection59: begin an election at term 19 for -1: [1c3c41c6-64c5-4fba-b581-d89a673ed8eb:192.168.34.17:45910, 997f61cf-2db1-4774-b3a4-04f019f0a728:192.168.34.17:46008, e8629b27-0698-411f-a75e-412d9312397f:192.168.34.17:42826], old=null
2019-09-23 16:07:18,255 [e8629b27-0698-411f-a75e-412d9312397f@group-2E052C20269C:LeaderElection60] INFO  impl.LeaderElection (LeaderElection.java:askForVotes(182)) - e8629b27-0698-411f-a75e-412d9312397f@group-2E052C20269C:LeaderElection60: begin an election at term 19 for -1: [1c3c41c6-64c5-4fba-b581-d89a673ed8eb:192.168.34.17:45910, 997f61cf-2db1-4774-b3a4-04f019f0a728:192.168.34.17:46008, e8629b27-0698-411f-a75e-412d9312397f:192.168.34.17:42826], old=null
2019-09-23 16:07:18,255 [997f61cf-2db1-4774-b3a4-04f019f0a728@group-2E052C20269C:LeaderElection58] INFO  impl.LeaderElection (LeaderElection.java:askForVotes(182)) - 997f61cf-2db1-4774-b3a4-04f019f0a728@group-2E052C20269C:LeaderElection58: begin an election at term 19 for -1: [1c3c41c6-64c5-4fba-b581-d89a673ed8eb:192.168.34.17:45910, 997f61cf-2db1-4774-b3a4-04f019f0a728:192.168.34.17:46008, e8629b27-0698-411f-a75e-412d9312397f:192.168.34.17:42826], old=null
2019-09-23 16:07:18,261 [e8629b27-0698-411f-a75e-412d9312397f@group-2E052C20269C:LeaderElection60] INFO  impl.LeaderElection (LeaderElection.java:logAndReturn(56)) - e8629b27-0698-411f-a75e-412d9312397f@group-2E052C20269C:LeaderElection60: Election REJECTED; received 2 response(s) [e8629b27-0698-411f-a75e-412d9312397f<-1c3c41c6-64c5-4fba-b581-d89a673ed8eb#0:FAIL-t19, e8629b27-0698-411f-a75e-412d9312397f<-997f61cf-2db1-4774-b3a4-04f019f0a728#0:FAIL-t19] and 0 exception(s); e8629b27-0698-411f-a75e-412d9312397f@group-2E052C20269C:t19, leader=null, voted=e8629b27-0698-411f-a75e-412d9312397f, raftlog=e8629b27-0698-411f-a75e-412d9312397f@group-2E052C20269C-SegmentedRaftLog:OPENED:c-1,f-1,i0, conf=-1: [1c3c41c6-64c5-4fba-b581-d89a673ed8eb:192.168.34.17:45910, 997f61cf-2db1-4774-b3a4-04f019f0a728:192.168.34.17:46008, e8629b27-0698-411f-a75e-412d9312397f:192.168.34.17:42826], old=null
2019-09-23 16:07:18,261 [997f61cf-2db1-4774-b3a4-04f019f0a728@group-2E052C20269C:LeaderElection58] INFO  impl.LeaderElection (LeaderElection.java:logAndReturn(56)) - 997f61cf-2db1-4774-b3a4-04f019f0a728@group-2E052C20269C:LeaderElection58: Election REJECTED; received 2 response(s) [997f61cf-2db1-4774-b3a4-04f019f0a728<-1c3c41c6-64c5-4fba-b581-d89a673ed8eb#0:FAIL-t19, 997f61cf-2db1-4774-b3a4-04f019f0a728<-e8629b27-0698-411f-a75e-412d9312397f#0:FAIL-t19] and 0 exception(s); 997f61cf-2db1-4774-b3a4-04f019f0a728@group-2E052C20269C:t19, leader=null, voted=997f61cf-2db1-4774-b3a4-04f019f0a728, raftlog=997f61cf-2db1-4774-b3a4-04f019f0a728@group-2E052C20269C-SegmentedRaftLog:OPENED:c-1,f-1,i0, conf=-1: [1c3c41c6-64c5-4fba-b581-d89a673ed8eb:192.168.34.17:45910, 997f61cf-2db1-4774-b3a4-04f019f0a728:192.168.34.17:46008, e8629b27-0698-411f-a75e-412d9312397f:192.168.34.17:42826], old=null
2019-09-23 16:07:18,262 [e8629b27-0698-411f-a75e-412d9312397f@group-2E052C20269C:LeaderElection60] INFO  impl.RaftServerImpl (RaftServerImpl.java:setRole(174)) - e8629b27-0698-411f-a75e-412d9312397f@group-2E052C20269C: changes role from CANDIDATE to FOLLOWER at term 19 for DISCOVERED_A_NEW_TERM
2019-09-23 16:07:18,264 [e8629b27-0698-411f-a75e-412d9312397f@group-2E052C20269C:LeaderElection60] INFO  impl.RoleInfo (RoleInfo.java:shutdownLeaderElection(134)) - e8629b27-0698-411f-a75e-412d9312397f: shutdown LeaderElection
2019-09-23 16:07:18,264 [997f61cf-2db1-4774-b3a4-04f019f0a728@group-2E052C20269C:LeaderElection58] INFO  impl.RaftServerImpl (RaftServerImpl.java:setRole(174)) - 997f61cf-2db1-4774-b3a4-04f019f0a728@group-2E052C20269C: changes role from CANDIDATE to FOLLOWER at term 19 for DISCOVERED_A_NEW_TERM
2019-09-23 16:07:18,265 [997f61cf-2db1-4774-b3a4-04f019f0a728@group-2E052C20269C:LeaderElection58] INFO  impl.RoleInfo (RoleInfo.java:shutdownLeaderElection(134)) - 997f61cf-2db1-4774-b3a4-04f019f0a728: shutdown LeaderElection
2019-09-23 16:07:18,265 [e8629b27-0698-411f-a75e-412d9312397f@group-2E052C20269C:LeaderElection60] INFO  impl.RoleInfo (RoleInfo.java:updateAndGet(143)) - e8629b27-0698-411f-a75e-412d9312397f: start FollowerState
2019-09-23 16:07:18,265 [997f61cf-2db1-4774-b3a4-04f019f0a728@group-2E052C20269C:LeaderElection58] INFO  impl.RoleInfo (RoleInfo.java:updateAndGet(143)) - 997f61cf-2db1-4774-b3a4-04f019f0a728: start FollowerState
2019-09-23 16:07:18,266 [1c3c41c6-64c5-4fba-b581-d89a673ed8eb@group-2E052C20269C:LeaderElection59] INFO  impl.LeaderElection (LeaderElection.java:logAndReturn(56)) - 1c3c41c6-64c5-4fba-b581-d89a673ed8eb@group-2E052C20269C:LeaderElection59: Election REJECTED; received 2 response(s) [1c3c41c6-64c5-4fba-b581-d89a673ed8eb<-997f61cf-2db1-4774-b3a4-04f019f0a728#0:FAIL-t19, 1c3c41c6-64c5-4fba-b581-d89a673ed8eb<-e8629b27-0698-411f-a75e-412d9312397f#0:FAIL-t19] and 0 exception(s); 1c3c41c6-64c5-4fba-b581-d89a673ed8eb@group-2E052C20269C:t19, leader=null, voted=1c3c41c6-64c5-4fba-b581-d89a673ed8eb, raftlog=1c3c41c6-64c5-4fba-b581-d89a673ed8eb@group-2E052C20269C-SegmentedRaftLog:OPENED:c-1,f-1,i0, conf=-1: [1c3c41c6-64c5-4fba-b581-d89a673ed8eb:192.168.34.17:45910, 997f61cf-2db1-4774-b3a4-04f019f0a728:192.168.34.17:46008, e8629b27-0698-411f-a75e-412d9312397f:192.168.34.17:42826], old=null
2019-09-23 16:07:18,267 [1c3c41c6-64c5-4fba-b581-d89a673ed8eb@group-2E052C20269C:LeaderElection59] INFO  impl.RaftServerImpl (RaftServerImpl.java:setRole(174)) - 1c3c41c6-64c5-4fba-b581-d89a673ed8eb@group-2E052C20269C: changes role from CANDIDATE to FOLLOWER at term 19 for DISCOVERED_A_NEW_TERM
2019-09-23 16:07:18,267 [1c3c41c6-64c5-4fba-b581-d89a673ed8eb@group-2E052C20269C:LeaderElection59] INFO  impl.RoleInfo (RoleInfo.java:shutdownLeaderElection(134)) - 1c3c41c6-64c5-4fba-b581-d89a673ed8eb: shutdown LeaderElection
2019-09-23 16:07:18,267 [1c3c41c6-64c5-4fba-b581-d89a673ed8eb@group-2E052C20269C:LeaderElection59] INFO  impl.RoleInfo (RoleInfo.java:updateAndGet(143)) - 1c3c41c6-64c5-4fba-b581-d89a673ed8eb: start FollowerState
2019-09-23 16:07:18,449 [EventQueue-PipelineActionsForPipelineActionHandler] ERROR pipeline.PipelineActionHandler (PipelineActionHandler.java:onMessage(60)) - Received pipeline action CLOSE for Pipeline[ Id: c24fa039-c2ab-403b-b41d-2e052c20269c, Nodes: 997f61cf-2db1-4774-b3a4-04f019f0a728{ip: 192.168.34.17, host: pr-hdds-2166-7skhj-3476174427, networkLocation: /default-rack, certSerialId: null}1c3c41c6-64c5-4fba-b581-d89a673ed8eb{ip: 192.168.34.17, host: pr-hdds-2166-7skhj-3476174427, networkLocation: /default-rack, certSerialId: null}e8629b27-0698-411f-a75e-412d9312397f{ip: 192.168.34.17, host: pr-hdds-2166-7skhj-3476174427, networkLocation: /default-rack, certSerialId: null}, Type:RATIS, Factor:THREE, State:CLOSED] from datanode 997f61cf-2db1-4774-b3a4-04f019f0a728{ip: 192.168.34.17, host: pr-hdds-2166-7skhj-3476174427, networkLocation: /default-rack, certSerialId: null}. Reason : 997f61cf-2db1-4774-b3a4-04f019f0a728 is in candidate state for 144064ms
2019-09-23 16:07:18,451 [EventQueue-PipelineActionsForPipelineActionHandler] INFO  pipeline.SCMPipelineManager (SCMPipelineManager.java:finalizeAndDestroyPipeline(315)) - destroying pipeline:Pipeline[ Id: c24fa039-c2ab-403b-b41d-2e052c20269c, Nodes: 997f61cf-2db1-4774-b3a4-04f019f0a728{ip: 192.168.34.17, host: pr-hdds-2166-7skhj-3476174427, networkLocation: /default-rack, certSerialId: null}1c3c41c6-64c5-4fba-b581-d89a673ed8eb{ip: 192.168.34.17, host: pr-hdds-2166-7skhj-3476174427, networkLocation: /default-rack, certSerialId: null}e8629b27-0698-411f-a75e-412d9312397f{ip: 192.168.34.17, host: pr-hdds-2166-7skhj-3476174427, networkLocation: /default-rack, certSerialId: null}, Type:RATIS, Factor:THREE, State:CLOSED]
2019-09-23 16:07:18,456 [EventQueue-PipelineActionsForPipelineActionHandler] ERROR pipeline.PipelineActionHandler (PipelineActionHandler.java:onMessage(60)) - Received pipeline action CLOSE for Pipeline[ Id: c24fa039-c2ab-403b-b41d-2e052c20269c, Nodes: 997f61cf-2db1-4774-b3a4-04f019f0a728{ip: 192.168.34.17, host: pr-hdds-2166-7skhj-3476174427, networkLocation: /default-rack, certSerialId: null}1c3c41c6-64c5-4fba-b581-d89a673ed8eb{ip: 192.168.34.17, host: pr-hdds-2166-7skhj-3476174427, networkLocation: /default-rack, certSerialId: null}e8629b27-0698-411f-a75e-412d9312397f{ip: 192.168.34.17, host: pr-hdds-2166-7skhj-3476174427, networkLocation: /default-rack, certSerialId: null}, Type:RATIS, Factor:THREE, State:CLOSED] from datanode 1c3c41c6-64c5-4fba-b581-d89a673ed8eb{ip: 192.168.34.17, host: pr-hdds-2166-7skhj-3476174427, networkLocation: /default-rack, certSerialId: null}. Reason : 1c3c41c6-64c5-4fba-b581-d89a673ed8eb is in candidate state for 144133ms
2019-09-23 16:07:18,456 [EventQueue-PipelineActionsForPipelineActionHandler] INFO  pipeline.SCMPipelineManager (SCMPipelineManager.java:finalizeAndDestroyPipeline(315)) - destroying pipeline:Pipeline[ Id: c24fa039-c2ab-403b-b41d-2e052c20269c, Nodes: 997f61cf-2db1-4774-b3a4-04f019f0a728{ip: 192.168.34.17, host: pr-hdds-2166-7skhj-3476174427, networkLocation: /default-rack, certSerialId: null}1c3c41c6-64c5-4fba-b581-d89a673ed8eb{ip: 192.168.34.17, host: pr-hdds-2166-7skhj-3476174427, networkLocation: /default-rack, certSerialId: null}e8629b27-0698-411f-a75e-412d9312397f{ip: 192.168.34.17, host: pr-hdds-2166-7skhj-3476174427, networkLocation: /default-rack, certSerialId: null}, Type:RATIS, Factor:THREE, State:CLOSED]
2019-09-23 16:07:18,464 [EventQueue-PipelineActionsForPipelineActionHandler] ERROR pipeline.PipelineActionHandler (PipelineActionHandler.java:onMessage(60)) - Received pipeline action CLOSE for Pipeline[ Id: c24fa039-c2ab-403b-b41d-2e052c20269c, Nodes: 997f61cf-2db1-4774-b3a4-04f019f0a728{ip: 192.168.34.17, host: pr-hdds-2166-7skhj-3476174427, networkLocation: /default-rack, certSerialId: null}1c3c41c6-64c5-4fba-b581-d89a673ed8eb{ip: 192.168.34.17, host: pr-hdds-2166-7skhj-3476174427, networkLocation: /default-rack, certSerialId: null}e8629b27-0698-411f-a75e-412d9312397f{ip: 192.168.34.17, host: pr-hdds-2166-7skhj-3476174427, networkLocation: /default-rack, certSerialId: null}, Type:RATIS, Factor:THREE, State:CLOSED] from datanode e8629b27-0698-411f-a75e-412d9312397f{ip: 192.168.34.17, host: pr-hdds-2166-7skhj-3476174427, networkLocation: /default-rack, certSerialId: null}. Reason : e8629b27-0698-411f-a75e-412d9312397f is in candidate state for 144148ms
2019-09-23 16:07:18,465 [EventQueue-PipelineActionsForPipelineActionHandler] INFO  pipeline.SCMPipelineManager (SCMPipelineManager.java:finalizeAndDestroyPipeline(315)) - destroying pipeline:Pipeline[ Id: c24fa039-c2ab-403b-b41d-2e052c20269c, Nodes: 997f61cf-2db1-4774-b3a4-04f019f0a728{ip: 192.168.34.17, host: pr-hdds-2166-7skhj-3476174427, networkLocation: /default-rack, certSerialId: null}1c3c41c6-64c5-4fba-b581-d89a673ed8eb{ip: 192.168.34.17, host: pr-hdds-2166-7skhj-3476174427, networkLocation: /default-rack, certSerialId: null}e8629b27-0698-411f-a75e-412d9312397f{ip: 192.168.34.17, host: pr-hdds-2166-7skhj-3476174427, networkLocation: /default-rack, certSerialId: null}, Type:RATIS, Factor:THREE, State:CLOSED]
2019-09-23 16:07:23,389 [Thread-730] INFO  impl.FollowerState (FollowerState.java:run(106)) - 1c3c41c6-64c5-4fba-b581-d89a673ed8eb:group-2E052C20269C changes to CANDIDATE, lastRpcTime:5122, electionTimeout:5122ms
2019-09-23 16:07:23,391 [Thread-730] INFO  impl.RoleInfo (RoleInfo.java:shutdownFollowerState(121)) - 1c3c41c6-64c5-4fba-b581-d89a673ed8eb: shutdown FollowerState
2019-09-23 16:07:23,391 [Thread-730] INFO  impl.RaftServerImpl (RaftServerImpl.java:setRole(174)) - 1c3c41c6-64c5-4fba-b581-d89a673ed8eb@group-2E052C20269C: changes role from  FOLLOWER to CANDIDATE at term 19 for changeToCandidate
2019-09-23 16:07:23,392 [Thread-730] ERROR ratis.XceiverServerRatis (XceiverServerRatis.java:triggerPipelineClose(575)) - pipeline Action CLOSE  on pipeline PipelineID=c24fa039-c2ab-403b-b41d-2e052c20269c.Reason : 1c3c41c6-64c5-4fba-b581-d89a673ed8eb is in candidate state for 149753ms
2019-09-23 16:07:23,392 [Thread-730] INFO  impl.RoleInfo (RoleInfo.java:updateAndGet(143)) - 1c3c41c6-64c5-4fba-b581-d89a673ed8eb: start LeaderElection
2019-09-23 16:07:23,413 [Thread-728] INFO  impl.FollowerState (FollowerState.java:run(106)) - e8629b27-0698-411f-a75e-412d9312397f:group-2E052C20269C changes to CANDIDATE, lastRpcTime:5147, electionTimeout:5147ms
2019-09-23 16:07:23,414 [Thread-729] INFO  impl.FollowerState (FollowerState.java:run(106)) - 997f61cf-2db1-4774-b3a4-04f019f0a728:group-2E052C20269C changes to CANDIDATE, lastRpcTime:5149, electionTimeout:5147ms
2019-09-23 16:07:23,415 [Thread-728] INFO  impl.RoleInfo (RoleInfo.java:shutdownFollowerState(121)) - e8629b27-0698-411f-a75e-412d9312397f: shutdown FollowerState
2019-09-23 16:07:23,415 [Thread-729] INFO  impl.RoleInfo (RoleInfo.java:shutdownFollowerState(121)) - 997f61cf-2db1-4774-b3a4-04f019f0a728: shutdown FollowerState
2019-09-23 16:07:23,415 [Thread-728] INFO  impl.RaftServerImpl (RaftServerImpl.java:setRole(174)) - e8629b27-0698-411f-a75e-412d9312397f@group-2E052C20269C: changes role from  FOLLOWER to CANDIDATE at term 19 for changeToCandidate
2019-09-23 16:07:23,415 [Thread-729] INFO  impl.RaftServerImpl (RaftServerImpl.java:setRole(174)) - 997f61cf-2db1-4774-b3a4-04f019f0a728@group-2E052C20269C: changes role from  FOLLOWER to CANDIDATE at term 19 for changeToCandidate
2019-09-23 16:07:23,415 [Thread-728] ERROR ratis.XceiverServerRatis (XceiverServerRatis.java:triggerPipelineClose(575)) - pipeline Action CLOSE  on pipeline PipelineID=c24fa039-c2ab-403b-b41d-2e052c20269c.Reason : e8629b27-0698-411f-a75e-412d9312397f is in candidate state for 149777ms
2019-09-23 16:07:23,415 [Thread-729] ERROR ratis.XceiverServerRatis (XceiverServerRatis.java:triggerPipelineClose(575)) - pipeline Action CLOSE  on pipeline PipelineID=c24fa039-c2ab-403b-b41d-2e052c20269c.Reason : 997f61cf-2db1-4774-b3a4-04f019f0a728 is in candidate state for 149776ms
2019-09-23 16:07:23,415 [Thread-728] INFO  impl.RoleInfo (RoleInfo.java:updateAndGet(143)) - e8629b27-0698-411f-a75e-412d9312397f: start LeaderElection
2019-09-23 16:07:23,416 [Thread-729] INFO  impl.RoleInfo (RoleInfo.java:updateAndGet(143)) - 997f61cf-2db1-4774-b3a4-04f019f0a728: start LeaderElection
2019-09-23 16:07:23,448 [EventQueue-PipelineActionsForPipelineActionHandler] ERROR pipeline.PipelineActionHandler (PipelineActionHandler.java:onMessage(60)) - Received pipeline action CLOSE for Pipeline[ Id: c24fa039-c2ab-403b-b41d-2e052c20269c, Nodes: 997f61cf-2db1-4774-b3a4-04f019f0a728{ip: 192.168.34.17, host: pr-hdds-2166-7skhj-3476174427, networkLocation: /default-rack, certSerialId: null}1c3c41c6-64c5-4fba-b581-d89a673ed8eb{ip: 192.168.34.17, host: pr-hdds-2166-7skhj-3476174427, networkLocation: /default-rack, certSerialId: null}e8629b27-0698-411f-a75e-412d9312397f{ip: 192.168.34.17, host: pr-hdds-2166-7skhj-3476174427, networkLocation: /default-rack, certSerialId: null}, Type:RATIS, Factor:THREE, State:CLOSED] from datanode 997f61cf-2db1-4774-b3a4-04f019f0a728{ip: 192.168.34.17, host: pr-hdds-2166-7skhj-3476174427, networkLocation: /default-rack, certSerialId: null}. Reason : 997f61cf-2db1-4774-b3a4-04f019f0a728 is in candidate state for 149776ms
2019-09-23 16:07:23,448 [EventQueue-PipelineActionsForPipelineActionHandler] INFO  pipeline.SCMPipelineManager (SCMPipelineManager.java:finalizeAndDestroyPipeline(315)) - destroying pipeline:Pipeline[ Id: c24fa039-c2ab-403b-b41d-2e052c20269c, Nodes: 997f61cf-2db1-4774-b3a4-04f019f0a728{ip: 192.168.34.17, host: pr-hdds-2166-7skhj-3476174427, networkLocation: /default-rack, certSerialId: null}1c3c41c6-64c5-4fba-b581-d89a673ed8eb{ip: 192.168.34.17, host: pr-hdds-2166-7skhj-3476174427, networkLocation: /default-rack, certSerialId: null}e8629b27-0698-411f-a75e-412d9312397f{ip: 192.168.34.17, host: pr-hdds-2166-7skhj-3476174427, networkLocation: /default-rack, certSerialId: null}, Type:RATIS, Factor:THREE, State:CLOSED]
2019-09-23 16:07:23,458 [EventQueue-PipelineActionsForPipelineActionHandler] ERROR pipeline.PipelineActionHandler (PipelineActionHandler.java:onMessage(60)) - Received pipeline action CLOSE for Pipeline[ Id: c24fa039-c2ab-403b-b41d-2e052c20269c, Nodes: 997f61cf-2db1-4774-b3a4-04f019f0a728{ip: 192.168.34.17, host: pr-hdds-2166-7skhj-3476174427, networkLocation: /default-rack, certSerialId: null}1c3c41c6-64c5-4fba-b581-d89a673ed8eb{ip: 192.168.34.17, host: pr-hdds-2166-7skhj-3476174427, networkLocation: /default-rack, certSerialId: null}e8629b27-0698-411f-a75e-412d9312397f{ip: 192.168.34.17, host: pr-hdds-2166-7skhj-3476174427, networkLocation: /default-rack, certSerialId: null}, Type:RATIS, Factor:THREE, State:CLOSED] from datanode 1c3c41c6-64c5-4fba-b581-d89a673ed8eb{ip: 192.168.34.17, host: pr-hdds-2166-7skhj-3476174427, networkLocation: /default-rack, certSerialId: null}. Reason : 1c3c41c6-64c5-4fba-b581-d89a673ed8eb is in candidate state for 149753ms
2019-09-23 16:07:23,458 [EventQueue-PipelineActionsForPipelineActionHandler] INFO  pipeline.SCMPipelineManager (SCMPipelineManager.java:finalizeAndDestroyPipeline(315)) - destroying pipeline:Pipeline[ Id: c24fa039-c2ab-403b-b41d-2e052c20269c, Nodes: 997f61cf-2db1-4774-b3a4-04f019f0a728{ip: 192.168.34.17, host: pr-hdds-2166-7skhj-3476174427, networkLocation: /default-rack, certSerialId: null}1c3c41c6-64c5-4fba-b581-d89a673ed8eb{ip: 192.168.34.17, host: pr-hdds-2166-7skhj-3476174427, networkLocation: /default-rack, certSerialId: null}e8629b27-0698-411f-a75e-412d9312397f{ip: 192.168.34.17, host: pr-hdds-2166-7skhj-3476174427, networkLocation: /default-rack, certSerialId: null}, Type:RATIS, Factor:THREE, State:CLOSED]
2019-09-23 16:07:23,465 [EventQueue-PipelineActionsForPipelineActionHandler] ERROR pipeline.PipelineActionHandler (PipelineActionHandler.java:onMessage(60)) - Received pipeline action CLOSE for Pipeline[ Id: c24fa039-c2ab-403b-b41d-2e052c20269c, Nodes: 997f61cf-2db1-4774-b3a4-04f019f0a728{ip: 192.168.34.17, host: pr-hdds-2166-7skhj-3476174427, networkLocation: /default-rack, certSerialId: null}1c3c41c6-64c5-4fba-b581-d89a673ed8eb{ip: 192.168.34.17, host: pr-hdds-2166-7skhj-3476174427, networkLocation: /default-rack, certSerialId: null}e8629b27-0698-411f-a75e-412d9312397f{ip: 192.168.34.17, host: pr-hdds-2166-7skhj-3476174427, networkLocation: /default-rack, certSerialId: null}, Type:RATIS, Factor:THREE, State:CLOSED] from datanode e8629b27-0698-411f-a75e-412d9312397f{ip: 192.168.34.17, host: pr-hdds-2166-7skhj-3476174427, networkLocation: /default-rack, certSerialId: null}. Reason : e8629b27-0698-411f-a75e-412d9312397f is in candidate state for 149777ms
2019-09-23 16:07:23,465 [EventQueue-PipelineActionsForPipelineActionHandler] INFO  pipeline.SCMPipelineManager (SCMPipelineManager.java:finalizeAndDestroyPipeline(315)) - destroying pipeline:Pipeline[ Id: c24fa039-c2ab-403b-b41d-2e052c20269c, Nodes: 997f61cf-2db1-4774-b3a4-04f019f0a728{ip: 192.168.34.17, host: pr-hdds-2166-7skhj-3476174427, networkLocation: /default-rack, certSerialId: null}1c3c41c6-64c5-4fba-b581-d89a673ed8eb{ip: 192.168.34.17, host: pr-hdds-2166-7skhj-3476174427, networkLocation: /default-rack, certSerialId: null}e8629b27-0698-411f-a75e-412d9312397f{ip: 192.168.34.17, host: pr-hdds-2166-7skhj-3476174427, networkLocation: /default-rack, certSerialId: null}, Type:RATIS, Factor:THREE, State:CLOSED]
2019-09-23 16:07:24,623 [997f61cf-2db1-4774-b3a4-04f019f0a728@group-2E052C20269C:LeaderElection63] INFO  impl.LeaderElection (LeaderElection.java:askForVotes(182)) - 997f61cf-2db1-4774-b3a4-04f019f0a728@group-2E052C20269C:LeaderElection63: begin an election at term 20 for -1: [1c3c41c6-64c5-4fba-b581-d89a673ed8eb:192.168.34.17:45910, 997f61cf-2db1-4774-b3a4-04f019f0a728:192.168.34.17:46008, e8629b27-0698-411f-a75e-412d9312397f:192.168.34.17:42826], old=null
2019-09-23 16:07:24,623 [1c3c41c6-64c5-4fba-b581-d89a673ed8eb@group-2E052C20269C:LeaderElection61] INFO  impl.LeaderElection (LeaderElection.java:askForVotes(182)) - 1c3c41c6-64c5-4fba-b581-d89a673ed8eb@group-2E052C20269C:LeaderElection61: begin an election at term 20 for -1: [1c3c41c6-64c5-4fba-b581-d89a673ed8eb:192.168.34.17:45910, 997f61cf-2db1-4774-b3a4-04f019f0a728:192.168.34.17:46008, e8629b27-0698-411f-a75e-412d9312397f:192.168.34.17:42826], old=null
2019-09-23 16:07:24,623 [e8629b27-0698-411f-a75e-412d9312397f@group-2E052C20269C:LeaderElection62] INFO  impl.LeaderElection (LeaderElection.java:askForVotes(182)) - e8629b27-0698-411f-a75e-412d9312397f@group-2E052C20269C:LeaderElection62: begin an election at term 20 for -1: [1c3c41c6-64c5-4fba-b581-d89a673ed8eb:192.168.34.17:45910, 997f61cf-2db1-4774-b3a4-04f019f0a728:192.168.34.17:46008, e8629b27-0698-411f-a75e-412d9312397f:192.168.34.17:42826], old=null
2019-09-23 16:07:24,629 [997f61cf-2db1-4774-b3a4-04f019f0a728@group-2E052C20269C:LeaderElection63] INFO  impl.LeaderElection (LeaderElection.java:logAndReturn(56)) - 997f61cf-2db1-4774-b3a4-04f019f0a728@group-2E052C20269C:LeaderElection63: Election REJECTED; received 2 response(s) [997f61cf-2db1-4774-b3a4-04f019f0a728<-1c3c41c6-64c5-4fba-b581-d89a673ed8eb#0:FAIL-t20, 997f61cf-2db1-4774-b3a4-04f019f0a728<-e8629b27-0698-411f-a75e-412d9312397f#0:FAIL-t20] and 0 exception(s); 997f61cf-2db1-4774-b3a4-04f019f0a728@group-2E052C20269C:t20, leader=null, voted=997f61cf-2db1-4774-b3a4-04f019f0a728, raftlog=997f61cf-2db1-4774-b3a4-04f019f0a728@group-2E052C20269C-SegmentedRaftLog:OPENED:c-1,f-1,i0, conf=-1: [1c3c41c6-64c5-4fba-b581-d89a673ed8eb:192.168.34.17:45910, 997f61cf-2db1-4774-b3a4-04f019f0a728:192.168.34.17:46008, e8629b27-0698-411f-a75e-412d9312397f:192.168.34.17:42826], old=null
2019-09-23 16:07:24,629 [997f61cf-2db1-4774-b3a4-04f019f0a728@group-2E052C20269C:LeaderElection63] INFO  impl.RaftServerImpl (RaftServerImpl.java:setRole(174)) - 997f61cf-2db1-4774-b3a4-04f019f0a728@group-2E052C20269C: changes role from CANDIDATE to FOLLOWER at term 20 for DISCOVERED_A_NEW_TERM
2019-09-23 16:07:24,629 [997f61cf-2db1-4774-b3a4-04f019f0a728@group-2E052C20269C:LeaderElection63] INFO  impl.RoleInfo (RoleInfo.java:shutdownLeaderElection(134)) - 997f61cf-2db1-4774-b3a4-04f019f0a728: shutdown LeaderElection
2019-09-23 16:07:24,630 [e8629b27-0698-411f-a75e-412d9312397f@group-2E052C20269C:LeaderElection62] INFO  impl.LeaderElection (LeaderElection.java:logAndReturn(56)) - e8629b27-0698-411f-a75e-412d9312397f@group-2E052C20269C:LeaderElection62: Election REJECTED; received 2 response(s) [e8629b27-0698-411f-a75e-412d9312397f<-1c3c41c6-64c5-4fba-b581-d89a673ed8eb#0:FAIL-t20, e8629b27-0698-411f-a75e-412d9312397f<-997f61cf-2db1-4774-b3a4-04f019f0a728#0:FAIL-t20] and 0 exception(s); e8629b27-0698-411f-a75e-412d9312397f@group-2E052C20269C:t20, leader=null, voted=e8629b27-0698-411f-a75e-412d9312397f, raftlog=e8629b27-0698-411f-a75e-412d9312397f@group-2E052C20269C-SegmentedRaftLog:OPENED:c-1,f-1,i0, conf=-1: [1c3c41c6-64c5-4fba-b581-d89a673ed8eb:192.168.34.17:45910, 997f61cf-2db1-4774-b3a4-04f019f0a728:192.168.34.17:46008, e8629b27-0698-411f-a75e-412d9312397f:192.168.34.17:42826], old=null
2019-09-23 16:07:24,631 [997f61cf-2db1-4774-b3a4-04f019f0a728@group-2E052C20269C:LeaderElection63] INFO  impl.RoleInfo (RoleInfo.java:updateAndGet(143)) - 997f61cf-2db1-4774-b3a4-04f019f0a728: start FollowerState
2019-09-23 16:07:24,631 [e8629b27-0698-411f-a75e-412d9312397f@group-2E052C20269C:LeaderElection62] INFO  impl.RaftServerImpl (RaftServerImpl.java:setRole(174)) - e8629b27-0698-411f-a75e-412d9312397f@group-2E052C20269C: changes role from CANDIDATE to FOLLOWER at term 20 for DISCOVERED_A_NEW_TERM
2019-09-23 16:07:24,631 [1c3c41c6-64c5-4fba-b581-d89a673ed8eb@group-2E052C20269C:LeaderElection61] INFO  impl.LeaderElection (LeaderElection.java:logAndReturn(56)) - 1c3c41c6-64c5-4fba-b581-d89a673ed8eb@group-2E052C20269C:LeaderElection61: Election REJECTED; received 2 response(s) [1c3c41c6-64c5-4fba-b581-d89a673ed8eb<-997f61cf-2db1-4774-b3a4-04f019f0a728#0:FAIL-t20, 1c3c41c6-64c5-4fba-b581-d89a673ed8eb<-e8629b27-0698-411f-a75e-412d9312397f#0:FAIL-t20] and 0 exception(s); 1c3c41c6-64c5-4fba-b581-d89a673ed8eb@group-2E052C20269C:t20, leader=null, voted=1c3c41c6-64c5-4fba-b581-d89a673ed8eb, raftlog=1c3c41c6-64c5-4fba-b581-d89a673ed8eb@group-2E052C20269C-SegmentedRaftLog:OPENED:c-1,f-1,i0, conf=-1: [1c3c41c6-64c5-4fba-b581-d89a673ed8eb:192.168.34.17:45910, 997f61cf-2db1-4774-b3a4-04f019f0a728:192.168.34.17:46008, e8629b27-0698-411f-a75e-412d9312397f:192.168.34.17:42826], old=null
2019-09-23 16:07:24,633 [e8629b27-0698-411f-a75e-412d9312397f@group-2E052C20269C:LeaderElection62] INFO  impl.RoleInfo (RoleInfo.java:shutdownLeaderElection(134)) - e8629b27-0698-411f-a75e-412d9312397f: shutdown LeaderElection
2019-09-23 16:07:24,633 [1c3c41c6-64c5-4fba-b581-d89a673ed8eb@group-2E052C20269C:LeaderElection61] INFO  impl.RaftServerImpl (RaftServerImpl.java:setRole(174)) - 1c3c41c6-64c5-4fba-b581-d89a673ed8eb@group-2E052C20269C: changes role from CANDIDATE to FOLLOWER at term 20 for DISCOVERED_A_NEW_TERM
2019-09-23 16:07:24,635 [e8629b27-0698-411f-a75e-412d9312397f@group-2E052C20269C:LeaderElection62] INFO  impl.RoleInfo (RoleInfo.java:updateAndGet(143)) - e8629b27-0698-411f-a75e-412d9312397f: start FollowerState
2019-09-23 16:07:24,635 [1c3c41c6-64c5-4fba-b581-d89a673ed8eb@group-2E052C20269C:LeaderElection61] INFO  impl.RoleInfo (RoleInfo.java:shutdownLeaderElection(134)) - 1c3c41c6-64c5-4fba-b581-d89a673ed8eb: shutdown LeaderElection
2019-09-23 16:07:24,635 [1c3c41c6-64c5-4fba-b581-d89a673ed8eb@group-2E052C20269C:LeaderElection61] INFO  impl.RoleInfo (RoleInfo.java:updateAndGet(143)) - 1c3c41c6-64c5-4fba-b581-d89a673ed8eb: start FollowerState
2019-09-23 16:07:29,764 [Thread-754] INFO  impl.FollowerState (FollowerState.java:run(106)) - 1c3c41c6-64c5-4fba-b581-d89a673ed8eb:group-2E052C20269C changes to CANDIDATE, lastRpcTime:5128, electionTimeout:5128ms
2019-09-23 16:07:29,764 [Thread-754] INFO  impl.RoleInfo (RoleInfo.java:shutdownFollowerState(121)) - 1c3c41c6-64c5-4fba-b581-d89a673ed8eb: shutdown FollowerState
2019-09-23 16:07:29,764 [Thread-754] INFO  impl.RaftServerImpl (RaftServerImpl.java:setRole(174)) - 1c3c41c6-64c5-4fba-b581-d89a673ed8eb@group-2E052C20269C: changes role from  FOLLOWER to CANDIDATE at term 20 for changeToCandidate
2019-09-23 16:07:29,764 [Thread-754] ERROR ratis.XceiverServerRatis (XceiverServerRatis.java:triggerPipelineClose(575)) - pipeline Action CLOSE  on pipeline PipelineID=c24fa039-c2ab-403b-b41d-2e052c20269c.Reason : 1c3c41c6-64c5-4fba-b581-d89a673ed8eb is in candidate state for 156125ms
2019-09-23 16:07:29,764 [Thread-754] INFO  impl.RoleInfo (RoleInfo.java:updateAndGet(143)) - 1c3c41c6-64c5-4fba-b581-d89a673ed8eb: start LeaderElection
2019-09-23 16:07:29,780 [Thread-753] INFO  impl.FollowerState (FollowerState.java:run(106)) - e8629b27-0698-411f-a75e-412d9312397f:group-2E052C20269C changes to CANDIDATE, lastRpcTime:5145, electionTimeout:5145ms
2019-09-23 16:07:29,780 [Thread-753] INFO  impl.RoleInfo (RoleInfo.java:shutdownFollowerState(121)) - e8629b27-0698-411f-a75e-412d9312397f: shutdown FollowerState
2019-09-23 16:07:29,781 [Thread-753] INFO  impl.RaftServerImpl (RaftServerImpl.java:setRole(174)) - e8629b27-0698-411f-a75e-412d9312397f@group-2E052C20269C: changes role from  FOLLOWER to CANDIDATE at term 20 for changeToCandidate
2019-09-23 16:07:29,781 [Thread-753] ERROR ratis.XceiverServerRatis (XceiverServerRatis.java:triggerPipelineClose(575)) - pipeline Action CLOSE  on pipeline PipelineID=c24fa039-c2ab-403b-b41d-2e052c20269c.Reason : e8629b27-0698-411f-a75e-412d9312397f is in candidate state for 156142ms
2019-09-23 16:07:29,781 [Thread-753] INFO  impl.RoleInfo (RoleInfo.java:updateAndGet(143)) - e8629b27-0698-411f-a75e-412d9312397f: start LeaderElection
2019-09-23 16:07:29,803 [Thread-752] INFO  impl.FollowerState (FollowerState.java:run(106)) - 997f61cf-2db1-4774-b3a4-04f019f0a728:group-2E052C20269C changes to CANDIDATE, lastRpcTime:5173, electionTimeout:5170ms
2019-09-23 16:07:29,803 [Thread-752] INFO  impl.RoleInfo (RoleInfo.java:shutdownFollowerState(121)) - 997f61cf-2db1-4774-b3a4-04f019f0a728: shutdown FollowerState
2019-09-23 16:07:29,803 [Thread-752] INFO  impl.RaftServerImpl (RaftServerImpl.java:setRole(174)) - 997f61cf-2db1-4774-b3a4-04f019f0a728@group-2E052C20269C: changes role from  FOLLOWER to CANDIDATE at term 20 for changeToCandidate
2019-09-23 16:07:29,804 [Thread-752] ERROR ratis.XceiverServerRatis (XceiverServerRatis.java:triggerPipelineClose(575)) - pipeline Action CLOSE  on pipeline PipelineID=c24fa039-c2ab-403b-b41d-2e052c20269c.Reason : 997f61cf-2db1-4774-b3a4-04f019f0a728 is in candidate state for 156165ms
2019-09-23 16:07:29,804 [Thread-752] INFO  impl.RoleInfo (RoleInfo.java:updateAndGet(143)) - 997f61cf-2db1-4774-b3a4-04f019f0a728: start LeaderElection
2019-09-23 16:07:30,448 [EventQueue-PipelineActionsForPipelineActionHandler] ERROR pipeline.PipelineActionHandler (PipelineActionHandler.java:onMessage(60)) - Received pipeline action CLOSE for Pipeline[ Id: c24fa039-c2ab-403b-b41d-2e052c20269c, Nodes: 997f61cf-2db1-4774-b3a4-04f019f0a728{ip: 192.168.34.17, host: pr-hdds-2166-7skhj-3476174427, networkLocation: /default-rack, certSerialId: null}1c3c41c6-64c5-4fba-b581-d89a673ed8eb{ip: 192.168.34.17, host: pr-hdds-2166-7skhj-3476174427, networkLocation: /default-rack, certSerialId: null}e8629b27-0698-411f-a75e-412d9312397f{ip: 192.168.34.17, host: pr-hdds-2166-7skhj-3476174427, networkLocation: /default-rack, certSerialId: null}, Type:RATIS, Factor:THREE, State:CLOSED] from datanode 997f61cf-2db1-4774-b3a4-04f019f0a728{ip: 192.168.34.17, host: pr-hdds-2166-7skhj-3476174427, networkLocation: /default-rack, certSerialId: null}. Reason : 997f61cf-2db1-4774-b3a4-04f019f0a728 is in candidate state for 156165ms
2019-09-23 16:07:30,449 [EventQueue-PipelineActionsForPipelineActionHandler] INFO  pipeline.SCMPipelineManager (SCMPipelineManager.java:finalizeAndDestroyPipeline(315)) - destroying pipeline:Pipeline[ Id: c24fa039-c2ab-403b-b41d-2e052c20269c, Nodes: 997f61cf-2db1-4774-b3a4-04f019f0a728{ip: 192.168.34.17, host: pr-hdds-2166-7skhj-3476174427, networkLocation: /default-rack, certSerialId: null}1c3c41c6-64c5-4fba-b581-d89a673ed8eb{ip: 192.168.34.17, host: pr-hdds-2166-7skhj-3476174427, networkLocation: /default-rack, certSerialId: null}e8629b27-0698-411f-a75e-412d9312397f{ip: 192.168.34.17, host: pr-hdds-2166-7skhj-3476174427, networkLocation: /default-rack, certSerialId: null}, Type:RATIS, Factor:THREE, State:CLOSED]
2019-09-23 16:07:30,458 [EventQueue-PipelineActionsForPipelineActionHandler] ERROR pipeline.PipelineActionHandler (PipelineActionHandler.java:onMessage(60)) - Received pipeline action CLOSE for Pipeline[ Id: c24fa039-c2ab-403b-b41d-2e052c20269c, Nodes: 997f61cf-2db1-4774-b3a4-04f019f0a728{ip: 192.168.34.17, host: pr-hdds-2166-7skhj-3476174427, networkLocation: /default-rack, certSerialId: null}1c3c41c6-64c5-4fba-b581-d89a673ed8eb{ip: 192.168.34.17, host: pr-hdds-2166-7skhj-3476174427, networkLocation: /default-rack, certSerialId: null}e8629b27-0698-411f-a75e-412d9312397f{ip: 192.168.34.17, host: pr-hdds-2166-7skhj-3476174427, networkLocation: /default-rack, certSerialId: null}, Type:RATIS, Factor:THREE, State:CLOSED] from datanode 1c3c41c6-64c5-4fba-b581-d89a673ed8eb{ip: 192.168.34.17, host: pr-hdds-2166-7skhj-3476174427, networkLocation: /default-rack, certSerialId: null}. Reason : 1c3c41c6-64c5-4fba-b581-d89a673ed8eb is in candidate state for 156125ms
2019-09-23 16:07:30,458 [EventQueue-PipelineActionsForPipelineActionHandler] INFO  pipeline.SCMPipelineManager (SCMPipelineManager.java:finalizeAndDestroyPipeline(315)) - destroying pipeline:Pipeline[ Id: c24fa039-c2ab-403b-b41d-2e052c20269c, Nodes: 997f61cf-2db1-4774-b3a4-04f019f0a728{ip: 192.168.34.17, host: pr-hdds-2166-7skhj-3476174427, networkLocation: /default-rack, certSerialId: null}1c3c41c6-64c5-4fba-b581-d89a673ed8eb{ip: 192.168.34.17, host: pr-hdds-2166-7skhj-3476174427, networkLocation: /default-rack, certSerialId: null}e8629b27-0698-411f-a75e-412d9312397f{ip: 192.168.34.17, host: pr-hdds-2166-7skhj-3476174427, networkLocation: /default-rack, certSerialId: null}, Type:RATIS, Factor:THREE, State:CLOSED]
2019-09-23 16:07:30,467 [EventQueue-PipelineActionsForPipelineActionHandler] ERROR pipeline.PipelineActionHandler (PipelineActionHandler.java:onMessage(60)) - Received pipeline action CLOSE for Pipeline[ Id: c24fa039-c2ab-403b-b41d-2e052c20269c, Nodes: 997f61cf-2db1-4774-b3a4-04f019f0a728{ip: 192.168.34.17, host: pr-hdds-2166-7skhj-3476174427, networkLocation: /default-rack, certSerialId: null}1c3c41c6-64c5-4fba-b581-d89a673ed8eb{ip: 192.168.34.17, host: pr-hdds-2166-7skhj-3476174427, networkLocation: /default-rack, certSerialId: null}e8629b27-0698-411f-a75e-412d9312397f{ip: 192.168.34.17, host: pr-hdds-2166-7skhj-3476174427, networkLocation: /default-rack, certSerialId: null}, Type:RATIS, Factor:THREE, State:CLOSED] from datanode e8629b27-0698-411f-a75e-412d9312397f{ip: 192.168.34.17, host: pr-hdds-2166-7skhj-3476174427, networkLocation: /default-rack, certSerialId: null}. Reason : e8629b27-0698-411f-a75e-412d9312397f is in candidate state for 156142ms
2019-09-23 16:07:30,467 [EventQueue-PipelineActionsForPipelineActionHandler] INFO  pipeline.SCMPipelineManager (SCMPipelineManager.java:finalizeAndDestroyPipeline(315)) - destroying pipeline:Pipeline[ Id: c24fa039-c2ab-403b-b41d-2e052c20269c, Nodes: 997f61cf-2db1-4774-b3a4-04f019f0a728{ip: 192.168.34.17, host: pr-hdds-2166-7skhj-3476174427, networkLocation: /default-rack, certSerialId: null}1c3c41c6-64c5-4fba-b581-d89a673ed8eb{ip: 192.168.34.17, host: pr-hdds-2166-7skhj-3476174427, networkLocation: /default-rack, certSerialId: null}e8629b27-0698-411f-a75e-412d9312397f{ip: 192.168.34.17, host: pr-hdds-2166-7skhj-3476174427, networkLocation: /default-rack, certSerialId: null}, Type:RATIS, Factor:THREE, State:CLOSED]
2019-09-23 16:07:33,395 [e8629b27-0698-411f-a75e-412d9312397f@group-2E052C20269C:LeaderElection65] INFO  impl.LeaderElection (LeaderElection.java:askForVotes(182)) - e8629b27-0698-411f-a75e-412d9312397f@group-2E052C20269C:LeaderElection65: begin an election at term 21 for -1: [1c3c41c6-64c5-4fba-b581-d89a673ed8eb:192.168.34.17:45910, 997f61cf-2db1-4774-b3a4-04f019f0a728:192.168.34.17:46008, e8629b27-0698-411f-a75e-412d9312397f:192.168.34.17:42826], old=null
2019-09-23 16:07:33,395 [1c3c41c6-64c5-4fba-b581-d89a673ed8eb@group-2E052C20269C:LeaderElection64] INFO  impl.LeaderElection (LeaderElection.java:askForVotes(182)) - 1c3c41c6-64c5-4fba-b581-d89a673ed8eb@group-2E052C20269C:LeaderElection64: begin an election at term 21 for -1: [1c3c41c6-64c5-4fba-b581-d89a673ed8eb:192.168.34.17:45910, 997f61cf-2db1-4774-b3a4-04f019f0a728:192.168.34.17:46008, e8629b27-0698-411f-a75e-412d9312397f:192.168.34.17:42826], old=null
2019-09-23 16:07:33,395 [997f61cf-2db1-4774-b3a4-04f019f0a728@group-2E052C20269C:LeaderElection66] INFO  impl.LeaderElection (LeaderElection.java:askForVotes(182)) - 997f61cf-2db1-4774-b3a4-04f019f0a728@group-2E052C20269C:LeaderElection66: begin an election at term 21 for -1: [1c3c41c6-64c5-4fba-b581-d89a673ed8eb:192.168.34.17:45910, 997f61cf-2db1-4774-b3a4-04f019f0a728:192.168.34.17:46008, e8629b27-0698-411f-a75e-412d9312397f:192.168.34.17:42826], old=null
2019-09-23 16:07:33,403 [1c3c41c6-64c5-4fba-b581-d89a673ed8eb@group-2E052C20269C:LeaderElection64] INFO  impl.LeaderElection (LeaderElection.java:logAndReturn(56)) - 1c3c41c6-64c5-4fba-b581-d89a673ed8eb@group-2E052C20269C:LeaderElection64: Election REJECTED; received 2 response(s) [1c3c41c6-64c5-4fba-b581-d89a673ed8eb<-997f61cf-2db1-4774-b3a4-04f019f0a728#0:FAIL-t21, 1c3c41c6-64c5-4fba-b581-d89a673ed8eb<-e8629b27-0698-411f-a75e-412d9312397f#0:FAIL-t21] and 0 exception(s); 1c3c41c6-64c5-4fba-b581-d89a673ed8eb@group-2E052C20269C:t21, leader=null, voted=1c3c41c6-64c5-4fba-b581-d89a673ed8eb, raftlog=1c3c41c6-64c5-4fba-b581-d89a673ed8eb@group-2E052C20269C-SegmentedRaftLog:OPENED:c-1,f-1,i0, conf=-1: [1c3c41c6-64c5-4fba-b581-d89a673ed8eb:192.168.34.17:45910, 997f61cf-2db1-4774-b3a4-04f019f0a728:192.168.34.17:46008, e8629b27-0698-411f-a75e-412d9312397f:192.168.34.17:42826], old=null
2019-09-23 16:07:33,403 [1c3c41c6-64c5-4fba-b581-d89a673ed8eb@group-2E052C20269C:LeaderElection64] INFO  impl.RaftServerImpl (RaftServerImpl.java:setRole(174)) - 1c3c41c6-64c5-4fba-b581-d89a673ed8eb@group-2E052C20269C: changes role from CANDIDATE to FOLLOWER at term 21 for DISCOVERED_A_NEW_TERM
2019-09-23 16:07:33,403 [1c3c41c6-64c5-4fba-b581-d89a673ed8eb@group-2E052C20269C:LeaderElection64] INFO  impl.RoleInfo (RoleInfo.java:shutdownLeaderElection(134)) - 1c3c41c6-64c5-4fba-b581-d89a673ed8eb: shutdown LeaderElection
2019-09-23 16:07:33,404 [e8629b27-0698-411f-a75e-412d9312397f@group-2E052C20269C:LeaderElection65] INFO  impl.LeaderElection (LeaderElection.java:logAndReturn(56)) - e8629b27-0698-411f-a75e-412d9312397f@group-2E052C20269C:LeaderElection65: Election REJECTED; received 2 response(s) [e8629b27-0698-411f-a75e-412d9312397f<-1c3c41c6-64c5-4fba-b581-d89a673ed8eb#0:FAIL-t21, e8629b27-0698-411f-a75e-412d9312397f<-997f61cf-2db1-4774-b3a4-04f019f0a728#0:FAIL-t21] and 0 exception(s); e8629b27-0698-411f-a75e-412d9312397f@group-2E052C20269C:t21, leader=null, voted=e8629b27-0698-411f-a75e-412d9312397f, raftlog=e8629b27-0698-411f-a75e-412d9312397f@group-2E052C20269C-SegmentedRaftLog:OPENED:c-1,f-1,i0, conf=-1: [1c3c41c6-64c5-4fba-b581-d89a673ed8eb:192.168.34.17:45910, 997f61cf-2db1-4774-b3a4-04f019f0a728:192.168.34.17:46008, e8629b27-0698-411f-a75e-412d9312397f:192.168.34.17:42826], old=null
2019-09-23 16:07:33,405 [1c3c41c6-64c5-4fba-b581-d89a673ed8eb@group-2E052C20269C:LeaderElection64] INFO  impl.RoleInfo (RoleInfo.java:updateAndGet(143)) - 1c3c41c6-64c5-4fba-b581-d89a673ed8eb: start FollowerState
2019-09-23 16:07:33,405 [e8629b27-0698-411f-a75e-412d9312397f@group-2E052C20269C:LeaderElection65] INFO  impl.RaftServerImpl (RaftServerImpl.java:setRole(174)) - e8629b27-0698-411f-a75e-412d9312397f@group-2E052C20269C: changes role from CANDIDATE to FOLLOWER at term 21 for DISCOVERED_A_NEW_TERM
2019-09-23 16:07:33,407 [e8629b27-0698-411f-a75e-412d9312397f@group-2E052C20269C:LeaderElection65] INFO  impl.RoleInfo (RoleInfo.java:shutdownLeaderElection(134)) - e8629b27-0698-411f-a75e-412d9312397f: shutdown LeaderElection
2019-09-23 16:07:33,407 [e8629b27-0698-411f-a75e-412d9312397f@group-2E052C20269C:LeaderElection65] INFO  impl.RoleInfo (RoleInfo.java:updateAndGet(143)) - e8629b27-0698-411f-a75e-412d9312397f: start FollowerState
2019-09-23 16:07:33,408 [997f61cf-2db1-4774-b3a4-04f019f0a728@group-2E052C20269C:LeaderElection66] INFO  impl.LeaderElection (LeaderElection.java:logAndReturn(56)) - 997f61cf-2db1-4774-b3a4-04f019f0a728@group-2E052C20269C:LeaderElection66: Election REJECTED; received 2 response(s) [997f61cf-2db1-4774-b3a4-04f019f0a728<-1c3c41c6-64c5-4fba-b581-d89a673ed8eb#0:FAIL-t21, 997f61cf-2db1-4774-b3a4-04f019f0a728<-e8629b27-0698-411f-a75e-412d9312397f#0:FAIL-t21] and 0 exception(s); 997f61cf-2db1-4774-b3a4-04f019f0a728@group-2E052C20269C:t21, leader=null, voted=997f61cf-2db1-4774-b3a4-04f019f0a728, raftlog=997f61cf-2db1-4774-b3a4-04f019f0a728@group-2E052C20269C-SegmentedRaftLog:OPENED:c-1,f-1,i0, conf=-1: [1c3c41c6-64c5-4fba-b581-d89a673ed8eb:192.168.34.17:45910, 997f61cf-2db1-4774-b3a4-04f019f0a728:192.168.34.17:46008, e8629b27-0698-411f-a75e-412d9312397f:192.168.34.17:42826], old=null
2019-09-23 16:07:33,408 [997f61cf-2db1-4774-b3a4-04f019f0a728@group-2E052C20269C:LeaderElection66] INFO  impl.RaftServerImpl (RaftServerImpl.java:setRole(174)) - 997f61cf-2db1-4774-b3a4-04f019f0a728@group-2E052C20269C: changes role from CANDIDATE to FOLLOWER at term 21 for DISCOVERED_A_NEW_TERM
2019-09-23 16:07:33,408 [997f61cf-2db1-4774-b3a4-04f019f0a728@group-2E052C20269C:LeaderElection66] INFO  impl.RoleInfo (RoleInfo.java:shutdownLeaderElection(134)) - 997f61cf-2db1-4774-b3a4-04f019f0a728: shutdown LeaderElection
2019-09-23 16:07:33,409 [997f61cf-2db1-4774-b3a4-04f019f0a728@group-2E052C20269C:LeaderElection66] INFO  impl.RoleInfo (RoleInfo.java:updateAndGet(143)) - 997f61cf-2db1-4774-b3a4-04f019f0a728: start FollowerState
2019-09-23 16:07:38,549 [Thread-783] INFO  impl.FollowerState (FollowerState.java:run(106)) - e8629b27-0698-411f-a75e-412d9312397f:group-2E052C20269C changes to CANDIDATE, lastRpcTime:5141, electionTimeout:5141ms
2019-09-23 16:07:38,554 [Thread-783] INFO  impl.RoleInfo (RoleInfo.java:shutdownFollowerState(121)) - e8629b27-0698-411f-a75e-412d9312397f: shutdown FollowerState
2019-09-23 16:07:38,554 [Thread-783] INFO  impl.RaftServerImpl (RaftServerImpl.java:setRole(174)) - e8629b27-0698-411f-a75e-412d9312397f@group-2E052C20269C: changes role from  FOLLOWER to CANDIDATE at term 21 for changeToCandidate
2019-09-23 16:07:38,555 [Thread-783] ERROR ratis.XceiverServerRatis (XceiverServerRatis.java:triggerPipelineClose(575)) - pipeline Action CLOSE  on pipeline PipelineID=c24fa039-c2ab-403b-b41d-2e052c20269c.Reason : e8629b27-0698-411f-a75e-412d9312397f is in candidate state for 164916ms
2019-09-23 16:07:38,555 [Thread-783] INFO  impl.RoleInfo (RoleInfo.java:updateAndGet(143)) - e8629b27-0698-411f-a75e-412d9312397f: start LeaderElection
2019-09-23 16:07:38,559 [Thread-782] INFO  impl.FollowerState (FollowerState.java:run(106)) - 1c3c41c6-64c5-4fba-b581-d89a673ed8eb:group-2E052C20269C changes to CANDIDATE, lastRpcTime:5155, electionTimeout:5152ms
2019-09-23 16:07:38,560 [Thread-782] INFO  impl.RoleInfo (RoleInfo.java:shutdownFollowerState(121)) - 1c3c41c6-64c5-4fba-b581-d89a673ed8eb: shutdown FollowerState
2019-09-23 16:07:38,560 [Thread-782] INFO  impl.RaftServerImpl (RaftServerImpl.java:setRole(174)) - 1c3c41c6-64c5-4fba-b581-d89a673ed8eb@group-2E052C20269C: changes role from  FOLLOWER to CANDIDATE at term 21 for changeToCandidate
2019-09-23 16:07:38,560 [Thread-782] ERROR ratis.XceiverServerRatis (XceiverServerRatis.java:triggerPipelineClose(575)) - pipeline Action CLOSE  on pipeline PipelineID=c24fa039-c2ab-403b-b41d-2e052c20269c.Reason : 1c3c41c6-64c5-4fba-b581-d89a673ed8eb is in candidate state for 164921ms
2019-09-23 16:07:38,560 [Thread-782] INFO  impl.RoleInfo (RoleInfo.java:updateAndGet(143)) - 1c3c41c6-64c5-4fba-b581-d89a673ed8eb: start LeaderElection
2019-09-23 16:07:38,586 [Thread-784] INFO  impl.FollowerState (FollowerState.java:run(106)) - 997f61cf-2db1-4774-b3a4-04f019f0a728:group-2E052C20269C changes to CANDIDATE, lastRpcTime:5177, electionTimeout:5177ms
2019-09-23 16:07:38,586 [Thread-784] INFO  impl.RoleInfo (RoleInfo.java:shutdownFollowerState(121)) - 997f61cf-2db1-4774-b3a4-04f019f0a728: shutdown FollowerState
2019-09-23 16:07:38,586 [Thread-784] INFO  impl.RaftServerImpl (RaftServerImpl.java:setRole(174)) - 997f61cf-2db1-4774-b3a4-04f019f0a728@group-2E052C20269C: changes role from  FOLLOWER to CANDIDATE at term 21 for changeToCandidate
2019-09-23 16:07:38,586 [Thread-784] ERROR ratis.XceiverServerRatis (XceiverServerRatis.java:triggerPipelineClose(575)) - pipeline Action CLOSE  on pipeline PipelineID=c24fa039-c2ab-403b-b41d-2e052c20269c.Reason : 997f61cf-2db1-4774-b3a4-04f019f0a728 is in candidate state for 164948ms
2019-09-23 16:07:38,587 [Thread-784] INFO  impl.RoleInfo (RoleInfo.java:updateAndGet(143)) - 997f61cf-2db1-4774-b3a4-04f019f0a728: start LeaderElection
2019-09-23 16:07:39,224 [1c3c41c6-64c5-4fba-b581-d89a673ed8eb@group-2E052C20269C:LeaderElection68] INFO  impl.LeaderElection (LeaderElection.java:askForVotes(182)) - 1c3c41c6-64c5-4fba-b581-d89a673ed8eb@group-2E052C20269C:LeaderElection68: begin an election at term 22 for -1: [1c3c41c6-64c5-4fba-b581-d89a673ed8eb:192.168.34.17:45910, 997f61cf-2db1-4774-b3a4-04f019f0a728:192.168.34.17:46008, e8629b27-0698-411f-a75e-412d9312397f:192.168.34.17:42826], old=null
2019-09-23 16:07:39,224 [e8629b27-0698-411f-a75e-412d9312397f@group-2E052C20269C:LeaderElection67] INFO  impl.LeaderElection (LeaderElection.java:askForVotes(182)) - e8629b27-0698-411f-a75e-412d9312397f@group-2E052C20269C:LeaderElection67: begin an election at term 22 for -1: [1c3c41c6-64c5-4fba-b581-d89a673ed8eb:192.168.34.17:45910, 997f61cf-2db1-4774-b3a4-04f019f0a728:192.168.34.17:46008, e8629b27-0698-411f-a75e-412d9312397f:192.168.34.17:42826], old=null
2019-09-23 16:07:39,224 [997f61cf-2db1-4774-b3a4-04f019f0a728@group-2E052C20269C:LeaderElection69] INFO  impl.LeaderElection (LeaderElection.java:askForVotes(182)) - 997f61cf-2db1-4774-b3a4-04f019f0a728@group-2E052C20269C:LeaderElection69: begin an election at term 22 for -1: [1c3c41c6-64c5-4fba-b581-d89a673ed8eb:192.168.34.17:45910, 997f61cf-2db1-4774-b3a4-04f019f0a728:192.168.34.17:46008, e8629b27-0698-411f-a75e-412d9312397f:192.168.34.17:42826], old=null
2019-09-23 16:07:39,229 [1c3c41c6-64c5-4fba-b581-d89a673ed8eb@group-2E052C20269C:LeaderElection68] INFO  impl.LeaderElection (LeaderElection.java:logAndReturn(56)) - 1c3c41c6-64c5-4fba-b581-d89a673ed8eb@group-2E052C20269C:LeaderElection68: Election REJECTED; received 2 response(s) [1c3c41c6-64c5-4fba-b581-d89a673ed8eb<-997f61cf-2db1-4774-b3a4-04f019f0a728#0:FAIL-t22, 1c3c41c6-64c5-4fba-b581-d89a673ed8eb<-e8629b27-0698-411f-a75e-412d9312397f#0:FAIL-t22] and 0 exception(s); 1c3c41c6-64c5-4fba-b581-d89a673ed8eb@group-2E052C20269C:t22, leader=null, voted=1c3c41c6-64c5-4fba-b581-d89a673ed8eb, raftlog=1c3c41c6-64c5-4fba-b581-d89a673ed8eb@group-2E052C20269C-SegmentedRaftLog:OPENED:c-1,f-1,i0, conf=-1: [1c3c41c6-64c5-4fba-b581-d89a673ed8eb:192.168.34.17:45910, 997f61cf-2db1-4774-b3a4-04f019f0a728:192.168.34.17:46008, e8629b27-0698-411f-a75e-412d9312397f:192.168.34.17:42826], old=null
2019-09-23 16:07:39,229 [997f61cf-2db1-4774-b3a4-04f019f0a728@group-2E052C20269C:LeaderElection69] INFO  impl.LeaderElection (LeaderElection.java:logAndReturn(56)) - 997f61cf-2db1-4774-b3a4-04f019f0a728@group-2E052C20269C:LeaderElection69: Election REJECTED; received 2 response(s) [997f61cf-2db1-4774-b3a4-04f019f0a728<-1c3c41c6-64c5-4fba-b581-d89a673ed8eb#0:FAIL-t22, 997f61cf-2db1-4774-b3a4-04f019f0a728<-e8629b27-0698-411f-a75e-412d9312397f#0:FAIL-t22] and 0 exception(s); 997f61cf-2db1-4774-b3a4-04f019f0a728@group-2E052C20269C:t22, leader=null, voted=997f61cf-2db1-4774-b3a4-04f019f0a728, raftlog=997f61cf-2db1-4774-b3a4-04f019f0a728@group-2E052C20269C-SegmentedRaftLog:OPENED:c-1,f-1,i0, conf=-1: [1c3c41c6-64c5-4fba-b581-d89a673ed8eb:192.168.34.17:45910, 997f61cf-2db1-4774-b3a4-04f019f0a728:192.168.34.17:46008, e8629b27-0698-411f-a75e-412d9312397f:192.168.34.17:42826], old=null
2019-09-23 16:07:39,229 [1c3c41c6-64c5-4fba-b581-d89a673ed8eb@group-2E052C20269C:LeaderElection68] INFO  impl.RaftServerImpl (RaftServerImpl.java:setRole(174)) - 1c3c41c6-64c5-4fba-b581-d89a673ed8eb@group-2E052C20269C: changes role from CANDIDATE to FOLLOWER at term 22 for DISCOVERED_A_NEW_TERM
2019-09-23 16:07:39,231 [997f61cf-2db1-4774-b3a4-04f019f0a728@group-2E052C20269C:LeaderElection69] INFO  impl.RaftServerImpl (RaftServerImpl.java:setRole(174)) - 997f61cf-2db1-4774-b3a4-04f019f0a728@group-2E052C20269C: changes role from CANDIDATE to FOLLOWER at term 22 for DISCOVERED_A_NEW_TERM
2019-09-23 16:07:39,233 [997f61cf-2db1-4774-b3a4-04f019f0a728@group-2E052C20269C:LeaderElection69] INFO  impl.RoleInfo (RoleInfo.java:shutdownLeaderElection(134)) - 997f61cf-2db1-4774-b3a4-04f019f0a728: shutdown LeaderElection
2019-09-23 16:07:39,231 [1c3c41c6-64c5-4fba-b581-d89a673ed8eb@group-2E052C20269C:LeaderElection68] INFO  impl.RoleInfo (RoleInfo.java:shutdownLeaderElection(134)) - 1c3c41c6-64c5-4fba-b581-d89a673ed8eb: shutdown LeaderElection
2019-09-23 16:07:39,233 [997f61cf-2db1-4774-b3a4-04f019f0a728@group-2E052C20269C:LeaderElection69] INFO  impl.RoleInfo (RoleInfo.java:updateAndGet(143)) - 997f61cf-2db1-4774-b3a4-04f019f0a728: start FollowerState
2019-09-23 16:07:39,233 [1c3c41c6-64c5-4fba-b581-d89a673ed8eb@group-2E052C20269C:LeaderElection68] INFO  impl.RoleInfo (RoleInfo.java:updateAndGet(143)) - 1c3c41c6-64c5-4fba-b581-d89a673ed8eb: start FollowerState
2019-09-23 16:07:39,233 [e8629b27-0698-411f-a75e-412d9312397f@group-2E052C20269C:LeaderElection67] INFO  impl.LeaderElection (LeaderElection.java:logAndReturn(56)) - e8629b27-0698-411f-a75e-412d9312397f@group-2E052C20269C:LeaderElection67: Election REJECTED; received 2 response(s) [e8629b27-0698-411f-a75e-412d9312397f<-1c3c41c6-64c5-4fba-b581-d89a673ed8eb#0:FAIL-t22, e8629b27-0698-411f-a75e-412d9312397f<-997f61cf-2db1-4774-b3a4-04f019f0a728#0:FAIL-t22] and 0 exception(s); e8629b27-0698-411f-a75e-412d9312397f@group-2E052C20269C:t22, leader=null, voted=e8629b27-0698-411f-a75e-412d9312397f, raftlog=e8629b27-0698-411f-a75e-412d9312397f@group-2E052C20269C-SegmentedRaftLog:OPENED:c-1,f-1,i0, conf=-1: [1c3c41c6-64c5-4fba-b581-d89a673ed8eb:192.168.34.17:45910, 997f61cf-2db1-4774-b3a4-04f019f0a728:192.168.34.17:46008, e8629b27-0698-411f-a75e-412d9312397f:192.168.34.17:42826], old=null
2019-09-23 16:07:39,234 [e8629b27-0698-411f-a75e-412d9312397f@group-2E052C20269C:LeaderElection67] INFO  impl.RaftServerImpl (RaftServerImpl.java:setRole(174)) - e8629b27-0698-411f-a75e-412d9312397f@group-2E052C20269C: changes role from CANDIDATE to FOLLOWER at term 22 for DISCOVERED_A_NEW_TERM
2019-09-23 16:07:39,234 [e8629b27-0698-411f-a75e-412d9312397f@group-2E052C20269C:LeaderElection67] INFO  impl.RoleInfo (RoleInfo.java:shutdownLeaderElection(134)) - e8629b27-0698-411f-a75e-412d9312397f: shutdown LeaderElection
2019-09-23 16:07:39,234 [e8629b27-0698-411f-a75e-412d9312397f@group-2E052C20269C:LeaderElection67] INFO  impl.RoleInfo (RoleInfo.java:updateAndGet(143)) - e8629b27-0698-411f-a75e-412d9312397f: start FollowerState
2019-09-23 16:07:39,450 [EventQueue-PipelineActionsForPipelineActionHandler] ERROR pipeline.PipelineActionHandler (PipelineActionHandler.java:onMessage(60)) - Received pipeline action CLOSE for Pipeline[ Id: c24fa039-c2ab-403b-b41d-2e052c20269c, Nodes: 997f61cf-2db1-4774-b3a4-04f019f0a728{ip: 192.168.34.17, host: pr-hdds-2166-7skhj-3476174427, networkLocation: /default-rack, certSerialId: null}1c3c41c6-64c5-4fba-b581-d89a673ed8eb{ip: 192.168.34.17, host: pr-hdds-2166-7skhj-3476174427, networkLocation: /default-rack, certSerialId: null}e8629b27-0698-411f-a75e-412d9312397f{ip: 192.168.34.17, host: pr-hdds-2166-7skhj-3476174427, networkLocation: /default-rack, certSerialId: null}, Type:RATIS, Factor:THREE, State:CLOSED] from datanode 997f61cf-2db1-4774-b3a4-04f019f0a728{ip: 192.168.34.17, host: pr-hdds-2166-7skhj-3476174427, networkLocation: /default-rack, certSerialId: null}. Reason : 997f61cf-2db1-4774-b3a4-04f019f0a728 is in candidate state for 164948ms
2019-09-23 16:07:39,452 [EventQueue-PipelineActionsForPipelineActionHandler] INFO  pipeline.SCMPipelineManager (SCMPipelineManager.java:finalizeAndDestroyPipeline(315)) - destroying pipeline:Pipeline[ Id: c24fa039-c2ab-403b-b41d-2e052c20269c, Nodes: 997f61cf-2db1-4774-b3a4-04f019f0a728{ip: 192.168.34.17, host: pr-hdds-2166-7skhj-3476174427, networkLocation: /default-rack, certSerialId: null}1c3c41c6-64c5-4fba-b581-d89a673ed8eb{ip: 192.168.34.17, host: pr-hdds-2166-7skhj-3476174427, networkLocation: /default-rack, certSerialId: null}e8629b27-0698-411f-a75e-412d9312397f{ip: 192.168.34.17, host: pr-hdds-2166-7skhj-3476174427, networkLocation: /default-rack, certSerialId: null}, Type:RATIS, Factor:THREE, State:CLOSED]
2019-09-23 16:07:39,460 [EventQueue-PipelineActionsForPipelineActionHandler] ERROR pipeline.PipelineActionHandler (PipelineActionHandler.java:onMessage(60)) - Received pipeline action CLOSE for Pipeline[ Id: c24fa039-c2ab-403b-b41d-2e052c20269c, Nodes: 997f61cf-2db1-4774-b3a4-04f019f0a728{ip: 192.168.34.17, host: pr-hdds-2166-7skhj-3476174427, networkLocation: /default-rack, certSerialId: null}1c3c41c6-64c5-4fba-b581-d89a673ed8eb{ip: 192.168.34.17, host: pr-hdds-2166-7skhj-3476174427, networkLocation: /default-rack, certSerialId: null}e8629b27-0698-411f-a75e-412d9312397f{ip: 192.168.34.17, host: pr-hdds-2166-7skhj-3476174427, networkLocation: /default-rack, certSerialId: null}, Type:RATIS, Factor:THREE, State:CLOSED] from datanode 1c3c41c6-64c5-4fba-b581-d89a673ed8eb{ip: 192.168.34.17, host: pr-hdds-2166-7skhj-3476174427, networkLocation: /default-rack, certSerialId: null}. Reason : 1c3c41c6-64c5-4fba-b581-d89a673ed8eb is in candidate state for 164921ms
2019-09-23 16:07:39,460 [EventQueue-PipelineActionsForPipelineActionHandler] INFO  pipeline.SCMPipelineManager (SCMPipelineManager.java:finalizeAndDestroyPipeline(315)) - destroying pipeline:Pipeline[ Id: c24fa039-c2ab-403b-b41d-2e052c20269c, Nodes: 997f61cf-2db1-4774-b3a4-04f019f0a728{ip: 192.168.34.17, host: pr-hdds-2166-7skhj-3476174427, networkLocation: /default-rack, certSerialId: null}1c3c41c6-64c5-4fba-b581-d89a673ed8eb{ip: 192.168.34.17, host: pr-hdds-2166-7skhj-3476174427, networkLocation: /default-rack, certSerialId: null}e8629b27-0698-411f-a75e-412d9312397f{ip: 192.168.34.17, host: pr-hdds-2166-7skhj-3476174427, networkLocation: /default-rack, certSerialId: null}, Type:RATIS, Factor:THREE, State:CLOSED]
2019-09-23 16:07:39,468 [EventQueue-PipelineActionsForPipelineActionHandler] ERROR pipeline.PipelineActionHandler (PipelineActionHandler.java:onMessage(60)) - Received pipeline action CLOSE for Pipeline[ Id: c24fa039-c2ab-403b-b41d-2e052c20269c, Nodes: 997f61cf-2db1-4774-b3a4-04f019f0a728{ip: 192.168.34.17, host: pr-hdds-2166-7skhj-3476174427, networkLocation: /default-rack, certSerialId: null}1c3c41c6-64c5-4fba-b581-d89a673ed8eb{ip: 192.168.34.17, host: pr-hdds-2166-7skhj-3476174427, networkLocation: /default-rack, certSerialId: null}e8629b27-0698-411f-a75e-412d9312397f{ip: 192.168.34.17, host: pr-hdds-2166-7skhj-3476174427, networkLocation: /default-rack, certSerialId: null}, Type:RATIS, Factor:THREE, State:CLOSED] from datanode e8629b27-0698-411f-a75e-412d9312397f{ip: 192.168.34.17, host: pr-hdds-2166-7skhj-3476174427, networkLocation: /default-rack, certSerialId: null}. Reason : e8629b27-0698-411f-a75e-412d9312397f is in candidate state for 164916ms
2019-09-23 16:07:39,468 [EventQueue-PipelineActionsForPipelineActionHandler] INFO  pipeline.SCMPipelineManager (SCMPipelineManager.java:finalizeAndDestroyPipeline(315)) - destroying pipeline:Pipeline[ Id: c24fa039-c2ab-403b-b41d-2e052c20269c, Nodes: 997f61cf-2db1-4774-b3a4-04f019f0a728{ip: 192.168.34.17, host: pr-hdds-2166-7skhj-3476174427, networkLocation: /default-rack, certSerialId: null}1c3c41c6-64c5-4fba-b581-d89a673ed8eb{ip: 192.168.34.17, host: pr-hdds-2166-7skhj-3476174427, networkLocation: /default-rack, certSerialId: null}e8629b27-0698-411f-a75e-412d9312397f{ip: 192.168.34.17, host: pr-hdds-2166-7skhj-3476174427, networkLocation: /default-rack, certSerialId: null}, Type:RATIS, Factor:THREE, State:CLOSED]
2019-09-23 16:07:44,293 [Thread-806] INFO  impl.FollowerState (FollowerState.java:run(106)) - 997f61cf-2db1-4774-b3a4-04f019f0a728:group-2E052C20269C changes to CANDIDATE, lastRpcTime:5059, electionTimeout:5059ms
2019-09-23 16:07:44,298 [Thread-806] INFO  impl.RoleInfo (RoleInfo.java:shutdownFollowerState(121)) - 997f61cf-2db1-4774-b3a4-04f019f0a728: shutdown FollowerState
2019-09-23 16:07:44,298 [Thread-806] INFO  impl.RaftServerImpl (RaftServerImpl.java:setRole(174)) - 997f61cf-2db1-4774-b3a4-04f019f0a728@group-2E052C20269C: changes role from  FOLLOWER to CANDIDATE at term 22 for changeToCandidate
2019-09-23 16:07:44,298 [Thread-806] ERROR ratis.XceiverServerRatis (XceiverServerRatis.java:triggerPipelineClose(575)) - pipeline Action CLOSE  on pipeline PipelineID=c24fa039-c2ab-403b-b41d-2e052c20269c.Reason : 997f61cf-2db1-4774-b3a4-04f019f0a728 is in candidate state for 170659ms
2019-09-23 16:07:44,298 [Thread-806] INFO  impl.RoleInfo (RoleInfo.java:updateAndGet(143)) - 997f61cf-2db1-4774-b3a4-04f019f0a728: start LeaderElection
2019-09-23 16:07:44,377 [Thread-808] INFO  impl.FollowerState (FollowerState.java:run(106)) - e8629b27-0698-411f-a75e-412d9312397f:group-2E052C20269C changes to CANDIDATE, lastRpcTime:5142, electionTimeout:5142ms
2019-09-23 16:07:44,378 [Thread-808] INFO  impl.RoleInfo (RoleInfo.java:shutdownFollowerState(121)) - e8629b27-0698-411f-a75e-412d9312397f: shutdown FollowerState
2019-09-23 16:07:44,379 [Thread-808] INFO  impl.RaftServerImpl (RaftServerImpl.java:setRole(174)) - e8629b27-0698-411f-a75e-412d9312397f@group-2E052C20269C: changes role from  FOLLOWER to CANDIDATE at term 22 for changeToCandidate
2019-09-23 16:07:44,379 [Thread-808] ERROR ratis.XceiverServerRatis (XceiverServerRatis.java:triggerPipelineClose(575)) - pipeline Action CLOSE  on pipeline PipelineID=c24fa039-c2ab-403b-b41d-2e052c20269c.Reason : e8629b27-0698-411f-a75e-412d9312397f is in candidate state for 170740ms
2019-09-23 16:07:44,379 [Thread-808] INFO  impl.RoleInfo (RoleInfo.java:updateAndGet(143)) - e8629b27-0698-411f-a75e-412d9312397f: start LeaderElection
2019-09-23 16:07:44,416 [Thread-807] INFO  impl.FollowerState (FollowerState.java:run(106)) - 1c3c41c6-64c5-4fba-b581-d89a673ed8eb:group-2E052C20269C changes to CANDIDATE, lastRpcTime:5182, electionTimeout:5182ms
2019-09-23 16:07:44,416 [Thread-807] INFO  impl.RoleInfo (RoleInfo.java:shutdownFollowerState(121)) - 1c3c41c6-64c5-4fba-b581-d89a673ed8eb: shutdown FollowerState
2019-09-23 16:07:44,417 [Thread-807] INFO  impl.RaftServerImpl (RaftServerImpl.java:setRole(174)) - 1c3c41c6-64c5-4fba-b581-d89a673ed8eb@group-2E052C20269C: changes role from  FOLLOWER to CANDIDATE at term 22 for changeToCandidate
2019-09-23 16:07:44,417 [Thread-807] ERROR ratis.XceiverServerRatis (XceiverServerRatis.java:triggerPipelineClose(575)) - pipeline Action CLOSE  on pipeline PipelineID=c24fa039-c2ab-403b-b41d-2e052c20269c.Reason : 1c3c41c6-64c5-4fba-b581-d89a673ed8eb is in candidate state for 170778ms
2019-09-23 16:07:44,420 [Thread-807] INFO  impl.RoleInfo (RoleInfo.java:updateAndGet(143)) - 1c3c41c6-64c5-4fba-b581-d89a673ed8eb: start LeaderElection
2019-09-23 16:07:44,428 [997f61cf-2db1-4774-b3a4-04f019f0a728@group-2E052C20269C:LeaderElection70] INFO  impl.LeaderElection (LeaderElection.java:askForVotes(182)) - 997f61cf-2db1-4774-b3a4-04f019f0a728@group-2E052C20269C:LeaderElection70: begin an election at term 23 for -1: [1c3c41c6-64c5-4fba-b581-d89a673ed8eb:192.168.34.17:45910, 997f61cf-2db1-4774-b3a4-04f019f0a728:192.168.34.17:46008, e8629b27-0698-411f-a75e-412d9312397f:192.168.34.17:42826], old=null
2019-09-23 16:07:44,450 [EventQueue-PipelineActionsForPipelineActionHandler] ERROR pipeline.PipelineActionHandler (PipelineActionHandler.java:onMessage(60)) - Received pipeline action CLOSE for Pipeline[ Id: c24fa039-c2ab-403b-b41d-2e052c20269c, Nodes: 997f61cf-2db1-4774-b3a4-04f019f0a728{ip: 192.168.34.17, host: pr-hdds-2166-7skhj-3476174427, networkLocation: /default-rack, certSerialId: null}1c3c41c6-64c5-4fba-b581-d89a673ed8eb{ip: 192.168.34.17, host: pr-hdds-2166-7skhj-3476174427, networkLocation: /default-rack, certSerialId: null}e8629b27-0698-411f-a75e-412d9312397f{ip: 192.168.34.17, host: pr-hdds-2166-7skhj-3476174427, networkLocation: /default-rack, certSerialId: null}, Type:RATIS, Factor:THREE, State:CLOSED] from datanode 997f61cf-2db1-4774-b3a4-04f019f0a728{ip: 192.168.34.17, host: pr-hdds-2166-7skhj-3476174427, networkLocation: /default-rack, certSerialId: null}. Reason : 997f61cf-2db1-4774-b3a4-04f019f0a728 is in candidate state for 170659ms
2019-09-23 16:07:44,450 [EventQueue-PipelineActionsForPipelineActionHandler] INFO  pipeline.SCMPipelineManager (SCMPipelineManager.java:finalizeAndDestroyPipeline(315)) - destroying pipeline:Pipeline[ Id: c24fa039-c2ab-403b-b41d-2e052c20269c, Nodes: 997f61cf-2db1-4774-b3a4-04f019f0a728{ip: 192.168.34.17, host: pr-hdds-2166-7skhj-3476174427, networkLocation: /default-rack, certSerialId: null}1c3c41c6-64c5-4fba-b581-d89a673ed8eb{ip: 192.168.34.17, host: pr-hdds-2166-7skhj-3476174427, networkLocation: /default-rack, certSerialId: null}e8629b27-0698-411f-a75e-412d9312397f{ip: 192.168.34.17, host: pr-hdds-2166-7skhj-3476174427, networkLocation: /default-rack, certSerialId: null}, Type:RATIS, Factor:THREE, State:CLOSED]
2019-09-23 16:07:44,459 [EventQueue-PipelineActionsForPipelineActionHandler] ERROR pipeline.PipelineActionHandler (PipelineActionHandler.java:onMessage(60)) - Received pipeline action CLOSE for Pipeline[ Id: c24fa039-c2ab-403b-b41d-2e052c20269c, Nodes: 997f61cf-2db1-4774-b3a4-04f019f0a728{ip: 192.168.34.17, host: pr-hdds-2166-7skhj-3476174427, networkLocation: /default-rack, certSerialId: null}1c3c41c6-64c5-4fba-b581-d89a673ed8eb{ip: 192.168.34.17, host: pr-hdds-2166-7skhj-3476174427, networkLocation: /default-rack, certSerialId: null}e8629b27-0698-411f-a75e-412d9312397f{ip: 192.168.34.17, host: pr-hdds-2166-7skhj-3476174427, networkLocation: /default-rack, certSerialId: null}, Type:RATIS, Factor:THREE, State:CLOSED] from datanode 1c3c41c6-64c5-4fba-b581-d89a673ed8eb{ip: 192.168.34.17, host: pr-hdds-2166-7skhj-3476174427, networkLocation: /default-rack, certSerialId: null}. Reason : 1c3c41c6-64c5-4fba-b581-d89a673ed8eb is in candidate state for 170778ms
2019-09-23 16:07:44,459 [EventQueue-PipelineActionsForPipelineActionHandler] INFO  pipeline.SCMPipelineManager (SCMPipelineManager.java:finalizeAndDestroyPipeline(315)) - destroying pipeline:Pipeline[ Id: c24fa039-c2ab-403b-b41d-2e052c20269c, Nodes: 997f61cf-2db1-4774-b3a4-04f019f0a728{ip: 192.168.34.17, host: pr-hdds-2166-7skhj-3476174427, networkLocation: /default-rack, certSerialId: null}1c3c41c6-64c5-4fba-b581-d89a673ed8eb{ip: 192.168.34.17, host: pr-hdds-2166-7skhj-3476174427, networkLocation: /default-rack, certSerialId: null}e8629b27-0698-411f-a75e-412d9312397f{ip: 192.168.34.17, host: pr-hdds-2166-7skhj-3476174427, networkLocation: /default-rack, certSerialId: null}, Type:RATIS, Factor:THREE, State:CLOSED]
2019-09-23 16:07:44,468 [EventQueue-PipelineActionsForPipelineActionHandler] ERROR pipeline.PipelineActionHandler (PipelineActionHandler.java:onMessage(60)) - Received pipeline action CLOSE for Pipeline[ Id: c24fa039-c2ab-403b-b41d-2e052c20269c, Nodes: 997f61cf-2db1-4774-b3a4-04f019f0a728{ip: 192.168.34.17, host: pr-hdds-2166-7skhj-3476174427, networkLocation: /default-rack, certSerialId: null}1c3c41c6-64c5-4fba-b581-d89a673ed8eb{ip: 192.168.34.17, host: pr-hdds-2166-7skhj-3476174427, networkLocation: /default-rack, certSerialId: null}e8629b27-0698-411f-a75e-412d9312397f{ip: 192.168.34.17, host: pr-hdds-2166-7skhj-3476174427, networkLocation: /default-rack, certSerialId: null}, Type:RATIS, Factor:THREE, State:CLOSED] from datanode e8629b27-0698-411f-a75e-412d9312397f{ip: 192.168.34.17, host: pr-hdds-2166-7skhj-3476174427, networkLocation: /default-rack, certSerialId: null}. Reason : e8629b27-0698-411f-a75e-412d9312397f is in candidate state for 170740ms
2019-09-23 16:07:44,468 [EventQueue-PipelineActionsForPipelineActionHandler] INFO  pipeline.SCMPipelineManager (SCMPipelineManager.java:finalizeAndDestroyPipeline(315)) - destroying pipeline:Pipeline[ Id: c24fa039-c2ab-403b-b41d-2e052c20269c, Nodes: 997f61cf-2db1-4774-b3a4-04f019f0a728{ip: 192.168.34.17, host: pr-hdds-2166-7skhj-3476174427, networkLocation: /default-rack, certSerialId: null}1c3c41c6-64c5-4fba-b581-d89a673ed8eb{ip: 192.168.34.17, host: pr-hdds-2166-7skhj-3476174427, networkLocation: /default-rack, certSerialId: null}e8629b27-0698-411f-a75e-412d9312397f{ip: 192.168.34.17, host: pr-hdds-2166-7skhj-3476174427, networkLocation: /default-rack, certSerialId: null}, Type:RATIS, Factor:THREE, State:CLOSED]
2019-09-23 16:07:44,496 [1c3c41c6-64c5-4fba-b581-d89a673ed8eb@group-2E052C20269C:LeaderElection72] INFO  impl.LeaderElection (LeaderElection.java:askForVotes(182)) - 1c3c41c6-64c5-4fba-b581-d89a673ed8eb@group-2E052C20269C:LeaderElection72: begin an election at term 23 for -1: [1c3c41c6-64c5-4fba-b581-d89a673ed8eb:192.168.34.17:45910, 997f61cf-2db1-4774-b3a4-04f019f0a728:192.168.34.17:46008, e8629b27-0698-411f-a75e-412d9312397f:192.168.34.17:42826], old=null
2019-09-23 16:07:44,496 [e8629b27-0698-411f-a75e-412d9312397f@group-2E052C20269C:LeaderElection71] INFO  impl.LeaderElection (LeaderElection.java:askForVotes(182)) - e8629b27-0698-411f-a75e-412d9312397f@group-2E052C20269C:LeaderElection71: begin an election at term 23 for -1: [1c3c41c6-64c5-4fba-b581-d89a673ed8eb:192.168.34.17:45910, 997f61cf-2db1-4774-b3a4-04f019f0a728:192.168.34.17:46008, e8629b27-0698-411f-a75e-412d9312397f:192.168.34.17:42826], old=null
2019-09-23 16:07:44,501 [997f61cf-2db1-4774-b3a4-04f019f0a728@group-2E052C20269C:LeaderElection70] INFO  impl.LeaderElection (LeaderElection.java:logAndReturn(56)) - 997f61cf-2db1-4774-b3a4-04f019f0a728@group-2E052C20269C:LeaderElection70: Election REJECTED; received 2 response(s) [997f61cf-2db1-4774-b3a4-04f019f0a728<-1c3c41c6-64c5-4fba-b581-d89a673ed8eb#0:FAIL-t23, 997f61cf-2db1-4774-b3a4-04f019f0a728<-e8629b27-0698-411f-a75e-412d9312397f#0:FAIL-t23] and 0 exception(s); 997f61cf-2db1-4774-b3a4-04f019f0a728@group-2E052C20269C:t23, leader=null, voted=997f61cf-2db1-4774-b3a4-04f019f0a728, raftlog=997f61cf-2db1-4774-b3a4-04f019f0a728@group-2E052C20269C-SegmentedRaftLog:OPENED:c-1,f-1,i0, conf=-1: [1c3c41c6-64c5-4fba-b581-d89a673ed8eb:192.168.34.17:45910, 997f61cf-2db1-4774-b3a4-04f019f0a728:192.168.34.17:46008, e8629b27-0698-411f-a75e-412d9312397f:192.168.34.17:42826], old=null
2019-09-23 16:07:44,501 [997f61cf-2db1-4774-b3a4-04f019f0a728@group-2E052C20269C:LeaderElection70] INFO  impl.RaftServerImpl (RaftServerImpl.java:setRole(174)) - 997f61cf-2db1-4774-b3a4-04f019f0a728@group-2E052C20269C: changes role from CANDIDATE to FOLLOWER at term 23 for DISCOVERED_A_NEW_TERM
2019-09-23 16:07:44,501 [997f61cf-2db1-4774-b3a4-04f019f0a728@group-2E052C20269C:LeaderElection70] INFO  impl.RoleInfo (RoleInfo.java:shutdownLeaderElection(134)) - 997f61cf-2db1-4774-b3a4-04f019f0a728: shutdown LeaderElection
2019-09-23 16:07:44,502 [997f61cf-2db1-4774-b3a4-04f019f0a728@group-2E052C20269C:LeaderElection70] INFO  impl.RoleInfo (RoleInfo.java:updateAndGet(143)) - 997f61cf-2db1-4774-b3a4-04f019f0a728: start FollowerState
2019-09-23 16:07:44,503 [1c3c41c6-64c5-4fba-b581-d89a673ed8eb@group-2E052C20269C:LeaderElection72] INFO  impl.LeaderElection (LeaderElection.java:logAndReturn(56)) - 1c3c41c6-64c5-4fba-b581-d89a673ed8eb@group-2E052C20269C:LeaderElection72: Election REJECTED; received 2 response(s) [1c3c41c6-64c5-4fba-b581-d89a673ed8eb<-997f61cf-2db1-4774-b3a4-04f019f0a728#0:FAIL-t23, 1c3c41c6-64c5-4fba-b581-d89a673ed8eb<-e8629b27-0698-411f-a75e-412d9312397f#0:FAIL-t23] and 0 exception(s); 1c3c41c6-64c5-4fba-b581-d89a673ed8eb@group-2E052C20269C:t23, leader=null, voted=1c3c41c6-64c5-4fba-b581-d89a673ed8eb, raftlog=1c3c41c6-64c5-4fba-b581-d89a673ed8eb@group-2E052C20269C-SegmentedRaftLog:OPENED:c-1,f-1,i0, conf=-1: [1c3c41c6-64c5-4fba-b581-d89a673ed8eb:192.168.34.17:45910, 997f61cf-2db1-4774-b3a4-04f019f0a728:192.168.34.17:46008, e8629b27-0698-411f-a75e-412d9312397f:192.168.34.17:42826], old=null
2019-09-23 16:07:44,508 [e8629b27-0698-411f-a75e-412d9312397f@group-2E052C20269C:LeaderElection71] INFO  impl.LeaderElection (LeaderElection.java:logAndReturn(56)) - e8629b27-0698-411f-a75e-412d9312397f@group-2E052C20269C:LeaderElection71: Election REJECTED; received 2 response(s) [e8629b27-0698-411f-a75e-412d9312397f<-1c3c41c6-64c5-4fba-b581-d89a673ed8eb#0:FAIL-t23, e8629b27-0698-411f-a75e-412d9312397f<-997f61cf-2db1-4774-b3a4-04f019f0a728#0:FAIL-t23] and 0 exception(s); e8629b27-0698-411f-a75e-412d9312397f@group-2E052C20269C:t23, leader=null, voted=e8629b27-0698-411f-a75e-412d9312397f, raftlog=e8629b27-0698-411f-a75e-412d9312397f@group-2E052C20269C-SegmentedRaftLog:OPENED:c-1,f-1,i0, conf=-1: [1c3c41c6-64c5-4fba-b581-d89a673ed8eb:192.168.34.17:45910, 997f61cf-2db1-4774-b3a4-04f019f0a728:192.168.34.17:46008, e8629b27-0698-411f-a75e-412d9312397f:192.168.34.17:42826], old=null
2019-09-23 16:07:44,509 [1c3c41c6-64c5-4fba-b581-d89a673ed8eb@group-2E052C20269C:LeaderElection72] INFO  impl.RaftServerImpl (RaftServerImpl.java:setRole(174)) - 1c3c41c6-64c5-4fba-b581-d89a673ed8eb@group-2E052C20269C: changes role from CANDIDATE to FOLLOWER at term 23 for DISCOVERED_A_NEW_TERM
2019-09-23 16:07:44,509 [e8629b27-0698-411f-a75e-412d9312397f@group-2E052C20269C:LeaderElection71] INFO  impl.RaftServerImpl (RaftServerImpl.java:setRole(174)) - e8629b27-0698-411f-a75e-412d9312397f@group-2E052C20269C: changes role from CANDIDATE to FOLLOWER at term 23 for DISCOVERED_A_NEW_TERM
2019-09-23 16:07:44,510 [1c3c41c6-64c5-4fba-b581-d89a673ed8eb@group-2E052C20269C:LeaderElection72] INFO  impl.RoleInfo (RoleInfo.java:shutdownLeaderElection(134)) - 1c3c41c6-64c5-4fba-b581-d89a673ed8eb: shutdown LeaderElection
2019-09-23 16:07:44,511 [e8629b27-0698-411f-a75e-412d9312397f@group-2E052C20269C:LeaderElection71] INFO  impl.RoleInfo (RoleInfo.java:shutdownLeaderElection(134)) - e8629b27-0698-411f-a75e-412d9312397f: shutdown LeaderElection
2019-09-23 16:07:44,511 [1c3c41c6-64c5-4fba-b581-d89a673ed8eb@group-2E052C20269C:LeaderElection72] INFO  impl.RoleInfo (RoleInfo.java:updateAndGet(143)) - 1c3c41c6-64c5-4fba-b581-d89a673ed8eb: start FollowerState
2019-09-23 16:07:44,511 [e8629b27-0698-411f-a75e-412d9312397f@group-2E052C20269C:LeaderElection71] INFO  impl.RoleInfo (RoleInfo.java:updateAndGet(143)) - e8629b27-0698-411f-a75e-412d9312397f: start FollowerState
2019-09-23 16:07:49,545 [Thread-830] INFO  impl.FollowerState (FollowerState.java:run(106)) - e8629b27-0698-411f-a75e-412d9312397f:group-2E052C20269C changes to CANDIDATE, lastRpcTime:5033, electionTimeout:5033ms
2019-09-23 16:07:49,546 [Thread-830] INFO  impl.RoleInfo (RoleInfo.java:shutdownFollowerState(121)) - e8629b27-0698-411f-a75e-412d9312397f: shutdown FollowerState
2019-09-23 16:07:49,546 [Thread-830] INFO  impl.RaftServerImpl (RaftServerImpl.java:setRole(174)) - e8629b27-0698-411f-a75e-412d9312397f@group-2E052C20269C: changes role from  FOLLOWER to CANDIDATE at term 23 for changeToCandidate
2019-09-23 16:07:49,547 [Thread-830] ERROR ratis.XceiverServerRatis (XceiverServerRatis.java:triggerPipelineClose(575)) - pipeline Action CLOSE  on pipeline PipelineID=c24fa039-c2ab-403b-b41d-2e052c20269c.Reason : e8629b27-0698-411f-a75e-412d9312397f is in candidate state for 175908ms
2019-09-23 16:07:49,547 [Thread-830] INFO  impl.RoleInfo (RoleInfo.java:updateAndGet(143)) - e8629b27-0698-411f-a75e-412d9312397f: start LeaderElection
2019-09-23 16:07:49,557 [Thread-829] INFO  impl.FollowerState (FollowerState.java:run(106)) - 1c3c41c6-64c5-4fba-b581-d89a673ed8eb:group-2E052C20269C changes to CANDIDATE, lastRpcTime:5045, electionTimeout:5045ms
2019-09-23 16:07:49,557 [Thread-829] INFO  impl.RoleInfo (RoleInfo.java:shutdownFollowerState(121)) - 1c3c41c6-64c5-4fba-b581-d89a673ed8eb: shutdown FollowerState
2019-09-23 16:07:49,557 [Thread-829] INFO  impl.RaftServerImpl (RaftServerImpl.java:setRole(174)) - 1c3c41c6-64c5-4fba-b581-d89a673ed8eb@group-2E052C20269C: changes role from  FOLLOWER to CANDIDATE at term 23 for changeToCandidate
2019-09-23 16:07:49,557 [Thread-829] ERROR ratis.XceiverServerRatis (XceiverServerRatis.java:triggerPipelineClose(575)) - pipeline Action CLOSE  on pipeline PipelineID=c24fa039-c2ab-403b-b41d-2e052c20269c.Reason : 1c3c41c6-64c5-4fba-b581-d89a673ed8eb is in candidate state for 175918ms
2019-09-23 16:07:49,557 [Thread-829] INFO  impl.RoleInfo (RoleInfo.java:updateAndGet(143)) - 1c3c41c6-64c5-4fba-b581-d89a673ed8eb: start LeaderElection
2019-09-23 16:07:49,663 [Thread-828] INFO  impl.FollowerState (FollowerState.java:run(106)) - 997f61cf-2db1-4774-b3a4-04f019f0a728:group-2E052C20269C changes to CANDIDATE, lastRpcTime:5161, electionTimeout:5161ms
2019-09-23 16:07:49,663 [Thread-828] INFO  impl.RoleInfo (RoleInfo.java:shutdownFollowerState(121)) - 997f61cf-2db1-4774-b3a4-04f019f0a728: shutdown FollowerState
2019-09-23 16:07:49,663 [Thread-828] INFO  impl.RaftServerImpl (RaftServerImpl.java:setRole(174)) - 997f61cf-2db1-4774-b3a4-04f019f0a728@group-2E052C20269C: changes role from  FOLLOWER to CANDIDATE at term 23 for changeToCandidate
2019-09-23 16:07:49,663 [Thread-828] ERROR ratis.XceiverServerRatis (XceiverServerRatis.java:triggerPipelineClose(575)) - pipeline Action CLOSE  on pipeline PipelineID=c24fa039-c2ab-403b-b41d-2e052c20269c.Reason : 997f61cf-2db1-4774-b3a4-04f019f0a728 is in candidate state for 176024ms
2019-09-23 16:07:49,663 [Thread-828] INFO  impl.RoleInfo (RoleInfo.java:updateAndGet(143)) - 997f61cf-2db1-4774-b3a4-04f019f0a728: start LeaderElection
2019-09-23 16:07:49,925 [997f61cf-2db1-4774-b3a4-04f019f0a728@group-2E052C20269C:LeaderElection75] INFO  impl.LeaderElection (LeaderElection.java:askForVotes(182)) - 997f61cf-2db1-4774-b3a4-04f019f0a728@group-2E052C20269C:LeaderElection75: begin an election at term 24 for -1: [1c3c41c6-64c5-4fba-b581-d89a673ed8eb:192.168.34.17:45910, 997f61cf-2db1-4774-b3a4-04f019f0a728:192.168.34.17:46008, e8629b27-0698-411f-a75e-412d9312397f:192.168.34.17:42826], old=null
2019-09-23 16:07:49,926 [e8629b27-0698-411f-a75e-412d9312397f@group-2E052C20269C:LeaderElection73] INFO  impl.LeaderElection (LeaderElection.java:askForVotes(182)) - e8629b27-0698-411f-a75e-412d9312397f@group-2E052C20269C:LeaderElection73: begin an election at term 24 for -1: [1c3c41c6-64c5-4fba-b581-d89a673ed8eb:192.168.34.17:45910, 997f61cf-2db1-4774-b3a4-04f019f0a728:192.168.34.17:46008, e8629b27-0698-411f-a75e-412d9312397f:192.168.34.17:42826], old=null
2019-09-23 16:07:49,925 [1c3c41c6-64c5-4fba-b581-d89a673ed8eb@group-2E052C20269C:LeaderElection74] INFO  impl.LeaderElection (LeaderElection.java:askForVotes(182)) - 1c3c41c6-64c5-4fba-b581-d89a673ed8eb@group-2E052C20269C:LeaderElection74: begin an election at term 24 for -1: [1c3c41c6-64c5-4fba-b581-d89a673ed8eb:192.168.34.17:45910, 997f61cf-2db1-4774-b3a4-04f019f0a728:192.168.34.17:46008, e8629b27-0698-411f-a75e-412d9312397f:192.168.34.17:42826], old=null
2019-09-23 16:07:49,930 [997f61cf-2db1-4774-b3a4-04f019f0a728@group-2E052C20269C:LeaderElection75] INFO  impl.LeaderElection (LeaderElection.java:logAndReturn(56)) - 997f61cf-2db1-4774-b3a4-04f019f0a728@group-2E052C20269C:LeaderElection75: Election REJECTED; received 2 response(s) [997f61cf-2db1-4774-b3a4-04f019f0a728<-1c3c41c6-64c5-4fba-b581-d89a673ed8eb#0:FAIL-t24, 997f61cf-2db1-4774-b3a4-04f019f0a728<-e8629b27-0698-411f-a75e-412d9312397f#0:FAIL-t24] and 0 exception(s); 997f61cf-2db1-4774-b3a4-04f019f0a728@group-2E052C20269C:t24, leader=null, voted=997f61cf-2db1-4774-b3a4-04f019f0a728, raftlog=997f61cf-2db1-4774-b3a4-04f019f0a728@group-2E052C20269C-SegmentedRaftLog:OPENED:c-1,f-1,i0, conf=-1: [1c3c41c6-64c5-4fba-b581-d89a673ed8eb:192.168.34.17:45910, 997f61cf-2db1-4774-b3a4-04f019f0a728:192.168.34.17:46008, e8629b27-0698-411f-a75e-412d9312397f:192.168.34.17:42826], old=null
2019-09-23 16:07:49,931 [e8629b27-0698-411f-a75e-412d9312397f@group-2E052C20269C:LeaderElection73] INFO  impl.LeaderElection (LeaderElection.java:logAndReturn(56)) - e8629b27-0698-411f-a75e-412d9312397f@group-2E052C20269C:LeaderElection73: Election REJECTED; received 2 response(s) [e8629b27-0698-411f-a75e-412d9312397f<-1c3c41c6-64c5-4fba-b581-d89a673ed8eb#0:FAIL-t24, e8629b27-0698-411f-a75e-412d9312397f<-997f61cf-2db1-4774-b3a4-04f019f0a728#0:FAIL-t24] and 0 exception(s); e8629b27-0698-411f-a75e-412d9312397f@group-2E052C20269C:t24, leader=null, voted=e8629b27-0698-411f-a75e-412d9312397f, raftlog=e8629b27-0698-411f-a75e-412d9312397f@group-2E052C20269C-SegmentedRaftLog:OPENED:c-1,f-1,i0, conf=-1: [1c3c41c6-64c5-4fba-b581-d89a673ed8eb:192.168.34.17:45910, 997f61cf-2db1-4774-b3a4-04f019f0a728:192.168.34.17:46008, e8629b27-0698-411f-a75e-412d9312397f:192.168.34.17:42826], old=null
2019-09-23 16:07:49,931 [997f61cf-2db1-4774-b3a4-04f019f0a728@group-2E052C20269C:LeaderElection75] INFO  impl.RaftServerImpl (RaftServerImpl.java:setRole(174)) - 997f61cf-2db1-4774-b3a4-04f019f0a728@group-2E052C20269C: changes role from CANDIDATE to FOLLOWER at term 24 for DISCOVERED_A_NEW_TERM
2019-09-23 16:07:49,933 [997f61cf-2db1-4774-b3a4-04f019f0a728@group-2E052C20269C:LeaderElection75] INFO  impl.RoleInfo (RoleInfo.java:shutdownLeaderElection(134)) - 997f61cf-2db1-4774-b3a4-04f019f0a728: shutdown LeaderElection
2019-09-23 16:07:49,931 [1c3c41c6-64c5-4fba-b581-d89a673ed8eb@group-2E052C20269C:LeaderElection74] INFO  impl.LeaderElection (LeaderElection.java:logAndReturn(56)) - 1c3c41c6-64c5-4fba-b581-d89a673ed8eb@group-2E052C20269C:LeaderElection74: Election REJECTED; received 2 response(s) [1c3c41c6-64c5-4fba-b581-d89a673ed8eb<-997f61cf-2db1-4774-b3a4-04f019f0a728#0:FAIL-t24, 1c3c41c6-64c5-4fba-b581-d89a673ed8eb<-e8629b27-0698-411f-a75e-412d9312397f#0:FAIL-t24] and 0 exception(s); 1c3c41c6-64c5-4fba-b581-d89a673ed8eb@group-2E052C20269C:t24, leader=null, voted=1c3c41c6-64c5-4fba-b581-d89a673ed8eb, raftlog=1c3c41c6-64c5-4fba-b581-d89a673ed8eb@group-2E052C20269C-SegmentedRaftLog:OPENED:c-1,f-1,i0, conf=-1: [1c3c41c6-64c5-4fba-b581-d89a673ed8eb:192.168.34.17:45910, 997f61cf-2db1-4774-b3a4-04f019f0a728:192.168.34.17:46008, e8629b27-0698-411f-a75e-412d9312397f:192.168.34.17:42826], old=null
2019-09-23 16:07:49,934 [997f61cf-2db1-4774-b3a4-04f019f0a728@group-2E052C20269C:LeaderElection75] INFO  impl.RoleInfo (RoleInfo.java:updateAndGet(143)) - 997f61cf-2db1-4774-b3a4-04f019f0a728: start FollowerState
2019-09-23 16:07:49,933 [e8629b27-0698-411f-a75e-412d9312397f@group-2E052C20269C:LeaderElection73] INFO  impl.RaftServerImpl (RaftServerImpl.java:setRole(174)) - e8629b27-0698-411f-a75e-412d9312397f@group-2E052C20269C: changes role from CANDIDATE to FOLLOWER at term 24 for DISCOVERED_A_NEW_TERM
2019-09-23 16:07:49,936 [e8629b27-0698-411f-a75e-412d9312397f@group-2E052C20269C:LeaderElection73] INFO  impl.RoleInfo (RoleInfo.java:shutdownLeaderElection(134)) - e8629b27-0698-411f-a75e-412d9312397f: shutdown LeaderElection
2019-09-23 16:07:49,935 [1c3c41c6-64c5-4fba-b581-d89a673ed8eb@group-2E052C20269C:LeaderElection74] INFO  impl.RaftServerImpl (RaftServerImpl.java:setRole(174)) - 1c3c41c6-64c5-4fba-b581-d89a673ed8eb@group-2E052C20269C: changes role from CANDIDATE to FOLLOWER at term 24 for DISCOVERED_A_NEW_TERM
2019-09-23 16:07:49,937 [e8629b27-0698-411f-a75e-412d9312397f@group-2E052C20269C:LeaderElection73] INFO  impl.RoleInfo (RoleInfo.java:updateAndGet(143)) - e8629b27-0698-411f-a75e-412d9312397f: start FollowerState
2019-09-23 16:07:49,937 [1c3c41c6-64c5-4fba-b581-d89a673ed8eb@group-2E052C20269C:LeaderElection74] INFO  impl.RoleInfo (RoleInfo.java:shutdownLeaderElection(134)) - 1c3c41c6-64c5-4fba-b581-d89a673ed8eb: shutdown LeaderElection
2019-09-23 16:07:49,937 [1c3c41c6-64c5-4fba-b581-d89a673ed8eb@group-2E052C20269C:LeaderElection74] INFO  impl.RoleInfo (RoleInfo.java:updateAndGet(143)) - 1c3c41c6-64c5-4fba-b581-d89a673ed8eb: start FollowerState
2019-09-23 16:07:50,451 [EventQueue-PipelineActionsForPipelineActionHandler] ERROR pipeline.PipelineActionHandler (PipelineActionHandler.java:onMessage(60)) - Received pipeline action CLOSE for Pipeline[ Id: c24fa039-c2ab-403b-b41d-2e052c20269c, Nodes: 997f61cf-2db1-4774-b3a4-04f019f0a728{ip: 192.168.34.17, host: pr-hdds-2166-7skhj-3476174427, networkLocation: /default-rack, certSerialId: null}1c3c41c6-64c5-4fba-b581-d89a673ed8eb{ip: 192.168.34.17, host: pr-hdds-2166-7skhj-3476174427, networkLocation: /default-rack, certSerialId: null}e8629b27-0698-411f-a75e-412d9312397f{ip: 192.168.34.17, host: pr-hdds-2166-7skhj-3476174427, networkLocation: /default-rack, certSerialId: null}, Type:RATIS, Factor:THREE, State:CLOSED] from datanode 997f61cf-2db1-4774-b3a4-04f019f0a728{ip: 192.168.34.17, host: pr-hdds-2166-7skhj-3476174427, networkLocation: /default-rack, certSerialId: null}. Reason : 997f61cf-2db1-4774-b3a4-04f019f0a728 is in candidate state for 176024ms
2019-09-23 16:07:50,451 [EventQueue-PipelineActionsForPipelineActionHandler] INFO  pipeline.SCMPipelineManager (SCMPipelineManager.java:finalizeAndDestroyPipeline(315)) - destroying pipeline:Pipeline[ Id: c24fa039-c2ab-403b-b41d-2e052c20269c, Nodes: 997f61cf-2db1-4774-b3a4-04f019f0a728{ip: 192.168.34.17, host: pr-hdds-2166-7skhj-3476174427, networkLocation: /default-rack, certSerialId: null}1c3c41c6-64c5-4fba-b581-d89a673ed8eb{ip: 192.168.34.17, host: pr-hdds-2166-7skhj-3476174427, networkLocation: /default-rack, certSerialId: null}e8629b27-0698-411f-a75e-412d9312397f{ip: 192.168.34.17, host: pr-hdds-2166-7skhj-3476174427, networkLocation: /default-rack, certSerialId: null}, Type:RATIS, Factor:THREE, State:CLOSED]
2019-09-23 16:07:50,460 [EventQueue-PipelineActionsForPipelineActionHandler] ERROR pipeline.PipelineActionHandler (PipelineActionHandler.java:onMessage(60)) - Received pipeline action CLOSE for Pipeline[ Id: c24fa039-c2ab-403b-b41d-2e052c20269c, Nodes: 997f61cf-2db1-4774-b3a4-04f019f0a728{ip: 192.168.34.17, host: pr-hdds-2166-7skhj-3476174427, networkLocation: /default-rack, certSerialId: null}1c3c41c6-64c5-4fba-b581-d89a673ed8eb{ip: 192.168.34.17, host: pr-hdds-2166-7skhj-3476174427, networkLocation: /default-rack, certSerialId: null}e8629b27-0698-411f-a75e-412d9312397f{ip: 192.168.34.17, host: pr-hdds-2166-7skhj-3476174427, networkLocation: /default-rack, certSerialId: null}, Type:RATIS, Factor:THREE, State:CLOSED] from datanode 1c3c41c6-64c5-4fba-b581-d89a673ed8eb{ip: 192.168.34.17, host: pr-hdds-2166-7skhj-3476174427, networkLocation: /default-rack, certSerialId: null}. Reason : 1c3c41c6-64c5-4fba-b581-d89a673ed8eb is in candidate state for 175918ms
2019-09-23 16:07:50,460 [EventQueue-PipelineActionsForPipelineActionHandler] INFO  pipeline.SCMPipelineManager (SCMPipelineManager.java:finalizeAndDestroyPipeline(315)) - destroying pipeline:Pipeline[ Id: c24fa039-c2ab-403b-b41d-2e052c20269c, Nodes: 997f61cf-2db1-4774-b3a4-04f019f0a728{ip: 192.168.34.17, host: pr-hdds-2166-7skhj-3476174427, networkLocation: /default-rack, certSerialId: null}1c3c41c6-64c5-4fba-b581-d89a673ed8eb{ip: 192.168.34.17, host: pr-hdds-2166-7skhj-3476174427, networkLocation: /default-rack, certSerialId: null}e8629b27-0698-411f-a75e-412d9312397f{ip: 192.168.34.17, host: pr-hdds-2166-7skhj-3476174427, networkLocation: /default-rack, certSerialId: null}, Type:RATIS, Factor:THREE, State:CLOSED]
2019-09-23 16:07:50,467 [EventQueue-PipelineActionsForPipelineActionHandler] ERROR pipeline.PipelineActionHandler (PipelineActionHandler.java:onMessage(60)) - Received pipeline action CLOSE for Pipeline[ Id: c24fa039-c2ab-403b-b41d-2e052c20269c, Nodes: 997f61cf-2db1-4774-b3a4-04f019f0a728{ip: 192.168.34.17, host: pr-hdds-2166-7skhj-3476174427, networkLocation: /default-rack, certSerialId: null}1c3c41c6-64c5-4fba-b581-d89a673ed8eb{ip: 192.168.34.17, host: pr-hdds-2166-7skhj-3476174427, networkLocation: /default-rack, certSerialId: null}e8629b27-0698-411f-a75e-412d9312397f{ip: 192.168.34.17, host: pr-hdds-2166-7skhj-3476174427, networkLocation: /default-rack, certSerialId: null}, Type:RATIS, Factor:THREE, State:CLOSED] from datanode e8629b27-0698-411f-a75e-412d9312397f{ip: 192.168.34.17, host: pr-hdds-2166-7skhj-3476174427, networkLocation: /default-rack, certSerialId: null}. Reason : e8629b27-0698-411f-a75e-412d9312397f is in candidate state for 175908ms
2019-09-23 16:07:50,467 [EventQueue-PipelineActionsForPipelineActionHandler] INFO  pipeline.SCMPipelineManager (SCMPipelineManager.java:finalizeAndDestroyPipeline(315)) - destroying pipeline:Pipeline[ Id: c24fa039-c2ab-403b-b41d-2e052c20269c, Nodes: 997f61cf-2db1-4774-b3a4-04f019f0a728{ip: 192.168.34.17, host: pr-hdds-2166-7skhj-3476174427, networkLocation: /default-rack, certSerialId: null}1c3c41c6-64c5-4fba-b581-d89a673ed8eb{ip: 192.168.34.17, host: pr-hdds-2166-7skhj-3476174427, networkLocation: /default-rack, certSerialId: null}e8629b27-0698-411f-a75e-412d9312397f{ip: 192.168.34.17, host: pr-hdds-2166-7skhj-3476174427, networkLocation: /default-rack, certSerialId: null}, Type:RATIS, Factor:THREE, State:CLOSED]
2019-09-23 16:07:54,985 [Thread-852] INFO  impl.FollowerState (FollowerState.java:run(106)) - 1c3c41c6-64c5-4fba-b581-d89a673ed8eb:group-2E052C20269C changes to CANDIDATE, lastRpcTime:5047, electionTimeout:5047ms
2019-09-23 16:07:54,986 [Thread-852] INFO  impl.RoleInfo (RoleInfo.java:shutdownFollowerState(121)) - 1c3c41c6-64c5-4fba-b581-d89a673ed8eb: shutdown FollowerState
2019-09-23 16:07:54,987 [Thread-852] INFO  impl.RaftServerImpl (RaftServerImpl.java:setRole(174)) - 1c3c41c6-64c5-4fba-b581-d89a673ed8eb@group-2E052C20269C: changes role from  FOLLOWER to CANDIDATE at term 24 for changeToCandidate
2019-09-23 16:07:54,987 [Thread-852] ERROR ratis.XceiverServerRatis (XceiverServerRatis.java:triggerPipelineClose(575)) - pipeline Action CLOSE  on pipeline PipelineID=c24fa039-c2ab-403b-b41d-2e052c20269c.Reason : 1c3c41c6-64c5-4fba-b581-d89a673ed8eb is in candidate state for 181348ms
2019-09-23 16:07:54,987 [Thread-852] INFO  impl.RoleInfo (RoleInfo.java:updateAndGet(143)) - 1c3c41c6-64c5-4fba-b581-d89a673ed8eb: start LeaderElection
2019-09-23 16:07:55,009 [Thread-851] INFO  impl.FollowerState (FollowerState.java:run(106)) - e8629b27-0698-411f-a75e-412d9312397f:group-2E052C20269C changes to CANDIDATE, lastRpcTime:5072, electionTimeout:5072ms
2019-09-23 16:07:55,011 [Thread-851] INFO  impl.RoleInfo (RoleInfo.java:shutdownFollowerState(121)) - e8629b27-0698-411f-a75e-412d9312397f: shutdown FollowerState
2019-09-23 16:07:55,011 [Thread-851] INFO  impl.RaftServerImpl (RaftServerImpl.java:setRole(174)) - e8629b27-0698-411f-a75e-412d9312397f@group-2E052C20269C: changes role from  FOLLOWER to CANDIDATE at term 24 for changeToCandidate
2019-09-23 16:07:55,011 [Thread-851] ERROR ratis.XceiverServerRatis (XceiverServerRatis.java:triggerPipelineClose(575)) - pipeline Action CLOSE  on pipeline PipelineID=c24fa039-c2ab-403b-b41d-2e052c20269c.Reason : e8629b27-0698-411f-a75e-412d9312397f is in candidate state for 181372ms
2019-09-23 16:07:55,011 [Thread-851] INFO  impl.RoleInfo (RoleInfo.java:updateAndGet(143)) - e8629b27-0698-411f-a75e-412d9312397f: start LeaderElection
2019-09-23 16:07:55,116 [Thread-850] INFO  impl.FollowerState (FollowerState.java:run(106)) - 997f61cf-2db1-4774-b3a4-04f019f0a728:group-2E052C20269C changes to CANDIDATE, lastRpcTime:5181, electionTimeout:5179ms
2019-09-23 16:07:55,116 [Thread-850] INFO  impl.RoleInfo (RoleInfo.java:shutdownFollowerState(121)) - 997f61cf-2db1-4774-b3a4-04f019f0a728: shutdown FollowerState
2019-09-23 16:07:55,116 [Thread-850] INFO  impl.RaftServerImpl (RaftServerImpl.java:setRole(174)) - 997f61cf-2db1-4774-b3a4-04f019f0a728@group-2E052C20269C: changes role from  FOLLOWER to CANDIDATE at term 24 for changeToCandidate
2019-09-23 16:07:55,116 [Thread-850] ERROR ratis.XceiverServerRatis (XceiverServerRatis.java:triggerPipelineClose(575)) - pipeline Action CLOSE  on pipeline PipelineID=c24fa039-c2ab-403b-b41d-2e052c20269c.Reason : 997f61cf-2db1-4774-b3a4-04f019f0a728 is in candidate state for 181477ms
2019-09-23 16:07:55,116 [Thread-850] INFO  impl.RoleInfo (RoleInfo.java:updateAndGet(143)) - 997f61cf-2db1-4774-b3a4-04f019f0a728: start LeaderElection
2019-09-23 16:07:55,453 [EventQueue-PipelineActionsForPipelineActionHandler] ERROR pipeline.PipelineActionHandler (PipelineActionHandler.java:onMessage(60)) - Received pipeline action CLOSE for Pipeline[ Id: c24fa039-c2ab-403b-b41d-2e052c20269c, Nodes: 997f61cf-2db1-4774-b3a4-04f019f0a728{ip: 192.168.34.17, host: pr-hdds-2166-7skhj-3476174427, networkLocation: /default-rack, certSerialId: null}1c3c41c6-64c5-4fba-b581-d89a673ed8eb{ip: 192.168.34.17, host: pr-hdds-2166-7skhj-3476174427, networkLocation: /default-rack, certSerialId: null}e8629b27-0698-411f-a75e-412d9312397f{ip: 192.168.34.17, host: pr-hdds-2166-7skhj-3476174427, networkLocation: /default-rack, certSerialId: null}, Type:RATIS, Factor:THREE, State:CLOSED] from datanode 997f61cf-2db1-4774-b3a4-04f019f0a728{ip: 192.168.34.17, host: pr-hdds-2166-7skhj-3476174427, networkLocation: /default-rack, certSerialId: null}. Reason : 997f61cf-2db1-4774-b3a4-04f019f0a728 is in candidate state for 181477ms
2019-09-23 16:07:55,454 [EventQueue-PipelineActionsForPipelineActionHandler] INFO  pipeline.SCMPipelineManager (SCMPipelineManager.java:finalizeAndDestroyPipeline(315)) - destroying pipeline:Pipeline[ Id: c24fa039-c2ab-403b-b41d-2e052c20269c, Nodes: 997f61cf-2db1-4774-b3a4-04f019f0a728{ip: 192.168.34.17, host: pr-hdds-2166-7skhj-3476174427, networkLocation: /default-rack, certSerialId: null}1c3c41c6-64c5-4fba-b581-d89a673ed8eb{ip: 192.168.34.17, host: pr-hdds-2166-7skhj-3476174427, networkLocation: /default-rack, certSerialId: null}e8629b27-0698-411f-a75e-412d9312397f{ip: 192.168.34.17, host: pr-hdds-2166-7skhj-3476174427, networkLocation: /default-rack, certSerialId: null}, Type:RATIS, Factor:THREE, State:CLOSED]
2019-09-23 16:07:55,459 [EventQueue-PipelineActionsForPipelineActionHandler] ERROR pipeline.PipelineActionHandler (PipelineActionHandler.java:onMessage(60)) - Received pipeline action CLOSE for Pipeline[ Id: c24fa039-c2ab-403b-b41d-2e052c20269c, Nodes: 997f61cf-2db1-4774-b3a4-04f019f0a728{ip: 192.168.34.17, host: pr-hdds-2166-7skhj-3476174427, networkLocation: /default-rack, certSerialId: null}1c3c41c6-64c5-4fba-b581-d89a673ed8eb{ip: 192.168.34.17, host: pr-hdds-2166-7skhj-3476174427, networkLocation: /default-rack, certSerialId: null}e8629b27-0698-411f-a75e-412d9312397f{ip: 192.168.34.17, host: pr-hdds-2166-7skhj-3476174427, networkLocation: /default-rack, certSerialId: null}, Type:RATIS, Factor:THREE, State:CLOSED] from datanode 1c3c41c6-64c5-4fba-b581-d89a673ed8eb{ip: 192.168.34.17, host: pr-hdds-2166-7skhj-3476174427, networkLocation: /default-rack, certSerialId: null}. Reason : 1c3c41c6-64c5-4fba-b581-d89a673ed8eb is in candidate state for 181348ms
2019-09-23 16:07:55,460 [EventQueue-PipelineActionsForPipelineActionHandler] INFO  pipeline.SCMPipelineManager (SCMPipelineManager.java:finalizeAndDestroyPipeline(315)) - destroying pipeline:Pipeline[ Id: c24fa039-c2ab-403b-b41d-2e052c20269c, Nodes: 997f61cf-2db1-4774-b3a4-04f019f0a728{ip: 192.168.34.17, host: pr-hdds-2166-7skhj-3476174427, networkLocation: /default-rack, certSerialId: null}1c3c41c6-64c5-4fba-b581-d89a673ed8eb{ip: 192.168.34.17, host: pr-hdds-2166-7skhj-3476174427, networkLocation: /default-rack, certSerialId: null}e8629b27-0698-411f-a75e-412d9312397f{ip: 192.168.34.17, host: pr-hdds-2166-7skhj-3476174427, networkLocation: /default-rack, certSerialId: null}, Type:RATIS, Factor:THREE, State:CLOSED]
2019-09-23 16:07:55,468 [EventQueue-PipelineActionsForPipelineActionHandler] ERROR pipeline.PipelineActionHandler (PipelineActionHandler.java:onMessage(60)) - Received pipeline action CLOSE for Pipeline[ Id: c24fa039-c2ab-403b-b41d-2e052c20269c, Nodes: 997f61cf-2db1-4774-b3a4-04f019f0a728{ip: 192.168.34.17, host: pr-hdds-2166-7skhj-3476174427, networkLocation: /default-rack, certSerialId: null}1c3c41c6-64c5-4fba-b581-d89a673ed8eb{ip: 192.168.34.17, host: pr-hdds-2166-7skhj-3476174427, networkLocation: /default-rack, certSerialId: null}e8629b27-0698-411f-a75e-412d9312397f{ip: 192.168.34.17, host: pr-hdds-2166-7skhj-3476174427, networkLocation: /default-rack, certSerialId: null}, Type:RATIS, Factor:THREE, State:CLOSED] from datanode e8629b27-0698-411f-a75e-412d9312397f{ip: 192.168.34.17, host: pr-hdds-2166-7skhj-3476174427, networkLocation: /default-rack, certSerialId: null}. Reason : e8629b27-0698-411f-a75e-412d9312397f is in candidate state for 181372ms
2019-09-23 16:07:55,469 [EventQueue-PipelineActionsForPipelineActionHandler] INFO  pipeline.SCMPipelineManager (SCMPipelineManager.java:finalizeAndDestroyPipeline(315)) - destroying pipeline:Pipeline[ Id: c24fa039-c2ab-403b-b41d-2e052c20269c, Nodes: 997f61cf-2db1-4774-b3a4-04f019f0a728{ip: 192.168.34.17, host: pr-hdds-2166-7skhj-3476174427, networkLocation: /default-rack, certSerialId: null}1c3c41c6-64c5-4fba-b581-d89a673ed8eb{ip: 192.168.34.17, host: pr-hdds-2166-7skhj-3476174427, networkLocation: /default-rack, certSerialId: null}e8629b27-0698-411f-a75e-412d9312397f{ip: 192.168.34.17, host: pr-hdds-2166-7skhj-3476174427, networkLocation: /default-rack, certSerialId: null}, Type:RATIS, Factor:THREE, State:CLOSED]
2019-09-23 16:07:56,244 [main] WARN  io.KeyOutputStream (KeyOutputStream.java:handleException(274)) - Encountered exception java.io.IOException: Unexpected Storage Container Exception: java.util.concurrent.CompletionException: java.util.concurrent.CompletionException: org.apache.ratis.protocol.RaftRetryFailureException: Failed RaftClientRequest:client-1FDEA51FEF90->e8629b27-0698-411f-a75e-412d9312397f@group-2E052C20269C, cid=6, seq=1*, RW, org.apache.hadoop.hdds.scm.XceiverClientRatis$$Lambda$337/909278444@1345944b for 180 attempts with RetryLimited(maxAttempts=180, sleepTime=1000ms) on the pipeline Pipeline[ Id: c24fa039-c2ab-403b-b41d-2e052c20269c, Nodes: 997f61cf-2db1-4774-b3a4-04f019f0a728{ip: 192.168.34.17, host: pr-hdds-2166-7skhj-3476174427, networkLocation: /default-rack, certSerialId: null}1c3c41c6-64c5-4fba-b581-d89a673ed8eb{ip: 192.168.34.17, host: pr-hdds-2166-7skhj-3476174427, networkLocation: /default-rack, certSerialId: null}e8629b27-0698-411f-a75e-412d9312397f{ip: 192.168.34.17, host: pr-hdds-2166-7skhj-3476174427, networkLocation: /default-rack, certSerialId: null}, Type:RATIS, Factor:THREE, State:OPEN]. The last committed block length is 0, uncommitted data length is 2097152 retry count 0
2019-09-23 16:07:56,283 [grpc-default-executor-1] INFO  impl.RaftServerProxy (RaftServerProxy.java:addNew(89)) - e8629b27-0698-411f-a75e-412d9312397f: addNew group-59A27415FA69:[1c3c41c6-64c5-4fba-b581-d89a673ed8eb:192.168.34.17:45910, 997f61cf-2db1-4774-b3a4-04f019f0a728:192.168.34.17:46008, e8629b27-0698-411f-a75e-412d9312397f:192.168.34.17:42826] returns group-59A27415FA69:java.util.concurrent.CompletableFuture@41658893[Not completed]
2019-09-23 16:07:56,284 [grpc-default-executor-2] INFO  impl.RaftServerProxy (RaftServerProxy.java:addNew(89)) - 997f61cf-2db1-4774-b3a4-04f019f0a728: addNew group-59A27415FA69:[1c3c41c6-64c5-4fba-b581-d89a673ed8eb:192.168.34.17:45910, 997f61cf-2db1-4774-b3a4-04f019f0a728:192.168.34.17:46008, e8629b27-0698-411f-a75e-412d9312397f:192.168.34.17:42826] returns group-59A27415FA69:java.util.concurrent.CompletableFuture@1aed0e0c[Not completed]
2019-09-23 16:07:56,283 [grpc-default-executor-0] INFO  impl.RaftServerProxy (RaftServerProxy.java:addNew(89)) - 1c3c41c6-64c5-4fba-b581-d89a673ed8eb: addNew group-59A27415FA69:[1c3c41c6-64c5-4fba-b581-d89a673ed8eb:192.168.34.17:45910, 997f61cf-2db1-4774-b3a4-04f019f0a728:192.168.34.17:46008, e8629b27-0698-411f-a75e-412d9312397f:192.168.34.17:42826] returns group-59A27415FA69:java.util.concurrent.CompletableFuture@4d6c7c4a[Not completed]
2019-09-23 16:07:56,287 [pool-37-thread-1] INFO  impl.RaftServerImpl (RaftServerImpl.java:<init>(95)) - 1c3c41c6-64c5-4fba-b581-d89a673ed8eb: new RaftServerImpl for group-59A27415FA69:[1c3c41c6-64c5-4fba-b581-d89a673ed8eb:192.168.34.17:45910, 997f61cf-2db1-4774-b3a4-04f019f0a728:192.168.34.17:46008, e8629b27-0698-411f-a75e-412d9312397f:192.168.34.17:42826] with ContainerStateMachine:uninitialized
2019-09-23 16:07:56,287 [pool-37-thread-1] INFO  server.RaftServerConfigKeys (ConfUtils.java:logGet(43)) - raft.server.rpc.timeout.min = 5s (custom)
2019-09-23 16:07:56,287 [pool-37-thread-1] INFO  server.RaftServerConfigKeys (ConfUtils.java:logGet(43)) - raft.server.rpc.timeout.max = 5200ms (custom)
2019-09-23 16:07:56,287 [pool-37-thread-1] INFO  server.RaftServerConfigKeys (ConfUtils.java:logGet(43)) - raft.server.rpcslowness.timeout = 120s (custom)
2019-09-23 16:07:56,287 [pool-37-thread-1] INFO  server.RaftServerConfigKeys (ConfUtils.java:logGet(43)) - raft.server.sleep.deviation.threshold = 300 (default)
2019-09-23 16:07:56,287 [pool-37-thread-1] INFO  server.RaftServerConfigKeys (ConfUtils.java:logGet(43)) - raft.server.log.appender.install.snapshot.enabled = false (custom)
2019-09-23 16:07:56,287 [pool-37-thread-1] INFO  impl.RaftServerImpl (ServerState.java:<init>(103)) - 1c3c41c6-64c5-4fba-b581-d89a673ed8eb@group-59A27415FA69: ConfigurationManager, init=-1: [1c3c41c6-64c5-4fba-b581-d89a673ed8eb:192.168.34.17:45910, 997f61cf-2db1-4774-b3a4-04f019f0a728:192.168.34.17:46008, e8629b27-0698-411f-a75e-412d9312397f:192.168.34.17:42826], old=null, confs=<EMPTY_MAP>
2019-09-23 16:07:56,288 [pool-37-thread-1] INFO  server.RaftServerConfigKeys (ConfUtils.java:logGet(43)) - raft.server.storage.dir = [/workdir/hadoop-ozone/integration-test/target/test-dir/MiniOzoneClusterImpl-a9b0fc7e-8a95-45d7-9b75-78fc37cdd298/datanode-1/data/ratis] (custom)
2019-09-23 16:07:56,288 [pool-47-thread-1] INFO  impl.RaftServerImpl (RaftServerImpl.java:<init>(95)) - e8629b27-0698-411f-a75e-412d9312397f: new RaftServerImpl for group-59A27415FA69:[1c3c41c6-64c5-4fba-b581-d89a673ed8eb:192.168.34.17:45910, 997f61cf-2db1-4774-b3a4-04f019f0a728:192.168.34.17:46008, e8629b27-0698-411f-a75e-412d9312397f:192.168.34.17:42826] with ContainerStateMachine:uninitialized
2019-09-23 16:07:56,288 [pool-37-thread-1] INFO  storage.RaftStorageDirectory (RaftStorageDirectory.java:analyzeStorage(246)) - The storage directory /workdir/hadoop-ozone/integration-test/target/test-dir/MiniOzoneClusterImpl-a9b0fc7e-8a95-45d7-9b75-78fc37cdd298/datanode-1/data/ratis/dc1db5cd-a85d-4239-b966-59a27415fa69 does not exist. Creating ...
2019-09-23 16:07:56,288 [pool-47-thread-1] INFO  server.RaftServerConfigKeys (ConfUtils.java:logGet(43)) - raft.server.rpc.timeout.min = 5s (custom)
2019-09-23 16:07:56,288 [pool-47-thread-1] INFO  server.RaftServerConfigKeys (ConfUtils.java:logGet(43)) - raft.server.rpc.timeout.max = 5200ms (custom)
2019-09-23 16:07:56,288 [pool-47-thread-1] INFO  server.RaftServerConfigKeys (ConfUtils.java:logGet(43)) - raft.server.rpcslowness.timeout = 120s (custom)
2019-09-23 16:07:56,289 [pool-27-thread-1] INFO  impl.RaftServerImpl (RaftServerImpl.java:<init>(95)) - 997f61cf-2db1-4774-b3a4-04f019f0a728: new RaftServerImpl for group-59A27415FA69:[1c3c41c6-64c5-4fba-b581-d89a673ed8eb:192.168.34.17:45910, 997f61cf-2db1-4774-b3a4-04f019f0a728:192.168.34.17:46008, e8629b27-0698-411f-a75e-412d9312397f:192.168.34.17:42826] with ContainerStateMachine:uninitialized
2019-09-23 16:07:56,289 [pool-47-thread-1] INFO  server.RaftServerConfigKeys (ConfUtils.java:logGet(43)) - raft.server.sleep.deviation.threshold = 300 (default)
2019-09-23 16:07:56,289 [pool-27-thread-1] INFO  server.RaftServerConfigKeys (ConfUtils.java:logGet(43)) - raft.server.rpc.timeout.min = 5s (custom)
2019-09-23 16:07:56,289 [pool-47-thread-1] INFO  server.RaftServerConfigKeys (ConfUtils.java:logGet(43)) - raft.server.log.appender.install.snapshot.enabled = false (custom)
2019-09-23 16:07:56,289 [pool-27-thread-1] INFO  server.RaftServerConfigKeys (ConfUtils.java:logGet(43)) - raft.server.rpc.timeout.max = 5200ms (custom)
2019-09-23 16:07:56,289 [pool-47-thread-1] INFO  impl.RaftServerImpl (ServerState.java:<init>(103)) - e8629b27-0698-411f-a75e-412d9312397f@group-59A27415FA69: ConfigurationManager, init=-1: [1c3c41c6-64c5-4fba-b581-d89a673ed8eb:192.168.34.17:45910, 997f61cf-2db1-4774-b3a4-04f019f0a728:192.168.34.17:46008, e8629b27-0698-411f-a75e-412d9312397f:192.168.34.17:42826], old=null, confs=<EMPTY_MAP>
2019-09-23 16:07:56,289 [pool-27-thread-1] INFO  server.RaftServerConfigKeys (ConfUtils.java:logGet(43)) - raft.server.rpcslowness.timeout = 120s (custom)
2019-09-23 16:07:56,289 [pool-47-thread-1] INFO  server.RaftServerConfigKeys (ConfUtils.java:logGet(43)) - raft.server.storage.dir = [/workdir/hadoop-ozone/integration-test/target/test-dir/MiniOzoneClusterImpl-a9b0fc7e-8a95-45d7-9b75-78fc37cdd298/datanode-2/data/ratis] (custom)
2019-09-23 16:07:56,289 [pool-27-thread-1] INFO  server.RaftServerConfigKeys (ConfUtils.java:logGet(43)) - raft.server.sleep.deviation.threshold = 300 (default)
2019-09-23 16:07:56,289 [pool-27-thread-1] INFO  server.RaftServerConfigKeys (ConfUtils.java:logGet(43)) - raft.server.log.appender.install.snapshot.enabled = false (custom)
2019-09-23 16:07:56,289 [pool-27-thread-1] INFO  impl.RaftServerImpl (ServerState.java:<init>(103)) - 997f61cf-2db1-4774-b3a4-04f019f0a728@group-59A27415FA69: ConfigurationManager, init=-1: [1c3c41c6-64c5-4fba-b581-d89a673ed8eb:192.168.34.17:45910, 997f61cf-2db1-4774-b3a4-04f019f0a728:192.168.34.17:46008, e8629b27-0698-411f-a75e-412d9312397f:192.168.34.17:42826], old=null, confs=<EMPTY_MAP>
2019-09-23 16:07:56,290 [pool-47-thread-1] INFO  storage.RaftStorageDirectory (RaftStorageDirectory.java:analyzeStorage(246)) - The storage directory /workdir/hadoop-ozone/integration-test/target/test-dir/MiniOzoneClusterImpl-a9b0fc7e-8a95-45d7-9b75-78fc37cdd298/datanode-2/data/ratis/dc1db5cd-a85d-4239-b966-59a27415fa69 does not exist. Creating ...
2019-09-23 16:07:56,290 [pool-27-thread-1] INFO  server.RaftServerConfigKeys (ConfUtils.java:logGet(43)) - raft.server.storage.dir = [/workdir/hadoop-ozone/integration-test/target/test-dir/MiniOzoneClusterImpl-a9b0fc7e-8a95-45d7-9b75-78fc37cdd298/datanode-0/data/ratis] (custom)
2019-09-23 16:07:56,290 [pool-27-thread-1] INFO  storage.RaftStorageDirectory (RaftStorageDirectory.java:analyzeStorage(246)) - The storage directory /workdir/hadoop-ozone/integration-test/target/test-dir/MiniOzoneClusterImpl-a9b0fc7e-8a95-45d7-9b75-78fc37cdd298/datanode-0/data/ratis/dc1db5cd-a85d-4239-b966-59a27415fa69 does not exist. Creating ...
2019-09-23 16:07:57,856 [pool-27-thread-1] INFO  storage.RaftStorageDirectory (RaftStorageDirectory.java:tryLock(328)) - Lock on /workdir/hadoop-ozone/integration-test/target/test-dir/MiniOzoneClusterImpl-a9b0fc7e-8a95-45d7-9b75-78fc37cdd298/datanode-0/data/ratis/dc1db5cd-a85d-4239-b966-59a27415fa69/in_use.lock acquired by nodename 27614@pr-hdds-2166-7skhj-3476174427
2019-09-23 16:07:57,856 [1c3c41c6-64c5-4fba-b581-d89a673ed8eb@group-2E052C20269C:LeaderElection76] INFO  impl.LeaderElection (LeaderElection.java:askForVotes(182)) - 1c3c41c6-64c5-4fba-b581-d89a673ed8eb@group-2E052C20269C:LeaderElection76: begin an election at term 25 for -1: [1c3c41c6-64c5-4fba-b581-d89a673ed8eb:192.168.34.17:45910, 997f61cf-2db1-4774-b3a4-04f019f0a728:192.168.34.17:46008, e8629b27-0698-411f-a75e-412d9312397f:192.168.34.17:42826], old=null
2019-09-23 16:07:57,856 [e8629b27-0698-411f-a75e-412d9312397f@group-2E052C20269C:LeaderElection77] INFO  impl.LeaderElection (LeaderElection.java:askForVotes(182)) - e8629b27-0698-411f-a75e-412d9312397f@group-2E052C20269C:LeaderElection77: begin an election at term 25 for -1: [1c3c41c6-64c5-4fba-b581-d89a673ed8eb:192.168.34.17:45910, 997f61cf-2db1-4774-b3a4-04f019f0a728:192.168.34.17:46008, e8629b27-0698-411f-a75e-412d9312397f:192.168.34.17:42826], old=null
2019-09-23 16:07:57,856 [997f61cf-2db1-4774-b3a4-04f019f0a728@group-2E052C20269C:LeaderElection78] INFO  impl.LeaderElection (LeaderElection.java:askForVotes(182)) - 997f61cf-2db1-4774-b3a4-04f019f0a728@group-2E052C20269C:LeaderElection78: begin an election at term 25 for -1: [1c3c41c6-64c5-4fba-b581-d89a673ed8eb:192.168.34.17:45910, 997f61cf-2db1-4774-b3a4-04f019f0a728:192.168.34.17:46008, e8629b27-0698-411f-a75e-412d9312397f:192.168.34.17:42826], old=null
2019-09-23 16:07:57,856 [pool-37-thread-1] INFO  storage.RaftStorageDirectory (RaftStorageDirectory.java:tryLock(328)) - Lock on /workdir/hadoop-ozone/integration-test/target/test-dir/MiniOzoneClusterImpl-a9b0fc7e-8a95-45d7-9b75-78fc37cdd298/datanode-1/data/ratis/dc1db5cd-a85d-4239-b966-59a27415fa69/in_use.lock acquired by nodename 27614@pr-hdds-2166-7skhj-3476174427
2019-09-23 16:07:57,856 [pool-47-thread-1] INFO  storage.RaftStorageDirectory (RaftStorageDirectory.java:tryLock(328)) - Lock on /workdir/hadoop-ozone/integration-test/target/test-dir/MiniOzoneClusterImpl-a9b0fc7e-8a95-45d7-9b75-78fc37cdd298/datanode-2/data/ratis/dc1db5cd-a85d-4239-b966-59a27415fa69/in_use.lock acquired by nodename 27614@pr-hdds-2166-7skhj-3476174427
2019-09-23 16:07:57,865 [e8629b27-0698-411f-a75e-412d9312397f@group-2E052C20269C:LeaderElection77] INFO  impl.LeaderElection (LeaderElection.java:logAndReturn(56)) - e8629b27-0698-411f-a75e-412d9312397f@group-2E052C20269C:LeaderElection77: Election REJECTED; received 2 response(s) [e8629b27-0698-411f-a75e-412d9312397f<-1c3c41c6-64c5-4fba-b581-d89a673ed8eb#0:FAIL-t25, e8629b27-0698-411f-a75e-412d9312397f<-997f61cf-2db1-4774-b3a4-04f019f0a728#0:FAIL-t25] and 0 exception(s); e8629b27-0698-411f-a75e-412d9312397f@group-2E052C20269C:t25, leader=null, voted=e8629b27-0698-411f-a75e-412d9312397f, raftlog=e8629b27-0698-411f-a75e-412d9312397f@group-2E052C20269C-SegmentedRaftLog:OPENED:c-1,f-1,i0, conf=-1: [1c3c41c6-64c5-4fba-b581-d89a673ed8eb:192.168.34.17:45910, 997f61cf-2db1-4774-b3a4-04f019f0a728:192.168.34.17:46008, e8629b27-0698-411f-a75e-412d9312397f:192.168.34.17:42826], old=null
2019-09-23 16:07:57,865 [997f61cf-2db1-4774-b3a4-04f019f0a728@group-2E052C20269C:LeaderElection78] INFO  impl.LeaderElection (LeaderElection.java:logAndReturn(56)) - 997f61cf-2db1-4774-b3a4-04f019f0a728@group-2E052C20269C:LeaderElection78: Election REJECTED; received 2 response(s) [997f61cf-2db1-4774-b3a4-04f019f0a728<-1c3c41c6-64c5-4fba-b581-d89a673ed8eb#0:FAIL-t25, 997f61cf-2db1-4774-b3a4-04f019f0a728<-e8629b27-0698-411f-a75e-412d9312397f#0:FAIL-t25] and 0 exception(s); 997f61cf-2db1-4774-b3a4-04f019f0a728@group-2E052C20269C:t25, leader=null, voted=997f61cf-2db1-4774-b3a4-04f019f0a728, raftlog=997f61cf-2db1-4774-b3a4-04f019f0a728@group-2E052C20269C-SegmentedRaftLog:OPENED:c-1,f-1,i0, conf=-1: [1c3c41c6-64c5-4fba-b581-d89a673ed8eb:192.168.34.17:45910, 997f61cf-2db1-4774-b3a4-04f019f0a728:192.168.34.17:46008, e8629b27-0698-411f-a75e-412d9312397f:192.168.34.17:42826], old=null
2019-09-23 16:07:57,865 [e8629b27-0698-411f-a75e-412d9312397f@group-2E052C20269C:LeaderElection77] INFO  impl.RaftServerImpl (RaftServerImpl.java:setRole(174)) - e8629b27-0698-411f-a75e-412d9312397f@group-2E052C20269C: changes role from CANDIDATE to FOLLOWER at term 25 for DISCOVERED_A_NEW_TERM
2019-09-23 16:07:57,871 [e8629b27-0698-411f-a75e-412d9312397f@group-2E052C20269C:LeaderElection77] INFO  impl.RoleInfo (RoleInfo.java:shutdownLeaderElection(134)) - e8629b27-0698-411f-a75e-412d9312397f: shutdown LeaderElection
2019-09-23 16:07:57,871 [997f61cf-2db1-4774-b3a4-04f019f0a728@group-2E052C20269C:LeaderElection78] INFO  impl.RaftServerImpl (RaftServerImpl.java:setRole(174)) - 997f61cf-2db1-4774-b3a4-04f019f0a728@group-2E052C20269C: changes role from CANDIDATE to FOLLOWER at term 25 for DISCOVERED_A_NEW_TERM
2019-09-23 16:07:57,873 [997f61cf-2db1-4774-b3a4-04f019f0a728@group-2E052C20269C:LeaderElection78] INFO  impl.RoleInfo (RoleInfo.java:shutdownLeaderElection(134)) - 997f61cf-2db1-4774-b3a4-04f019f0a728: shutdown LeaderElection
2019-09-23 16:07:57,873 [e8629b27-0698-411f-a75e-412d9312397f@group-2E052C20269C:LeaderElection77] INFO  impl.RoleInfo (RoleInfo.java:updateAndGet(143)) - e8629b27-0698-411f-a75e-412d9312397f: start FollowerState
2019-09-23 16:07:57,872 [1c3c41c6-64c5-4fba-b581-d89a673ed8eb@group-2E052C20269C:LeaderElection76] INFO  impl.LeaderElection (LeaderElection.java:logAndReturn(56)) - 1c3c41c6-64c5-4fba-b581-d89a673ed8eb@group-2E052C20269C:LeaderElection76: Election REJECTED; received 2 response(s) [1c3c41c6-64c5-4fba-b581-d89a673ed8eb<-997f61cf-2db1-4774-b3a4-04f019f0a728#0:FAIL-t25, 1c3c41c6-64c5-4fba-b581-d89a673ed8eb<-e8629b27-0698-411f-a75e-412d9312397f#0:FAIL-t25] and 0 exception(s); 1c3c41c6-64c5-4fba-b581-d89a673ed8eb@group-2E052C20269C:t25, leader=null, voted=1c3c41c6-64c5-4fba-b581-d89a673ed8eb, raftlog=1c3c41c6-64c5-4fba-b581-d89a673ed8eb@group-2E052C20269C-SegmentedRaftLog:OPENED:c-1,f-1,i0, conf=-1: [1c3c41c6-64c5-4fba-b581-d89a673ed8eb:192.168.34.17:45910, 997f61cf-2db1-4774-b3a4-04f019f0a728:192.168.34.17:46008, e8629b27-0698-411f-a75e-412d9312397f:192.168.34.17:42826], old=null
2019-09-23 16:07:57,873 [997f61cf-2db1-4774-b3a4-04f019f0a728@group-2E052C20269C:LeaderElection78] INFO  impl.RoleInfo (RoleInfo.java:updateAndGet(143)) - 997f61cf-2db1-4774-b3a4-04f019f0a728: start FollowerState
2019-09-23 16:07:57,874 [1c3c41c6-64c5-4fba-b581-d89a673ed8eb@group-2E052C20269C:LeaderElection76] INFO  impl.RaftServerImpl (RaftServerImpl.java:setRole(174)) - 1c3c41c6-64c5-4fba-b581-d89a673ed8eb@group-2E052C20269C: changes role from CANDIDATE to FOLLOWER at term 25 for DISCOVERED_A_NEW_TERM
2019-09-23 16:07:57,875 [1c3c41c6-64c5-4fba-b581-d89a673ed8eb@group-2E052C20269C:LeaderElection76] INFO  impl.RoleInfo (RoleInfo.java:shutdownLeaderElection(134)) - 1c3c41c6-64c5-4fba-b581-d89a673ed8eb: shutdown LeaderElection
2019-09-23 16:07:57,875 [1c3c41c6-64c5-4fba-b581-d89a673ed8eb@group-2E052C20269C:LeaderElection76] INFO  impl.RoleInfo (RoleInfo.java:updateAndGet(143)) - 1c3c41c6-64c5-4fba-b581-d89a673ed8eb: start FollowerState
2019-09-23 16:07:59,287 [RATISCREATEPIPELINE1] ERROR pipeline.RatisPipelineProvider (RatisPipelineProvider.java:lambda$null$5(235)) - Failed invoke Ratis rpc org.apache.hadoop.hdds.scm.pipeline.RatisPipelineProvider$$Lambda$179/691312819@195e8eed for 997f61cf-2db1-4774-b3a4-04f019f0a728
org.apache.ratis.protocol.TimeoutIOException: deadline exceeded after 2999778644ns
	at org.apache.ratis.grpc.GrpcUtil.tryUnwrapException(GrpcUtil.java:82)
	at org.apache.ratis.grpc.GrpcUtil.unwrapException(GrpcUtil.java:75)
	at org.apache.ratis.grpc.client.GrpcClientProtocolClient.blockingCall(GrpcClientProtocolClient.java:178)
	at org.apache.ratis.grpc.client.GrpcClientProtocolClient.groupAdd(GrpcClientProtocolClient.java:147)
	at org.apache.ratis.grpc.client.GrpcClientRpc.sendRequest(GrpcClientRpc.java:94)
	at org.apache.ratis.client.impl.RaftClientImpl.sendRequest(RaftClientImpl.java:278)
	at org.apache.ratis.client.impl.RaftClientImpl.groupAdd(RaftClientImpl.java:205)
	at org.apache.hadoop.hdds.scm.pipeline.RatisPipelineProvider.lambda$initializePipeline$4(RatisPipelineProvider.java:196)
	at org.apache.hadoop.hdds.scm.pipeline.RatisPipelineProvider.lambda$null$5(RatisPipelineProvider.java:231)
	at java.util.stream.ForEachOps$ForEachOp$OfRef.accept(ForEachOps.java:184)
	at java.util.ArrayList$ArrayListSpliterator.forEachRemaining(ArrayList.java:1382)
	at java.util.stream.AbstractPipeline.copyInto(AbstractPipeline.java:482)
	at java.util.stream.ForEachOps$ForEachTask.compute(ForEachOps.java:291)
	at java.util.concurrent.CountedCompleter.exec(CountedCompleter.java:731)
	at java.util.concurrent.ForkJoinTask.doExec(ForkJoinTask.java:289)
	at java.util.concurrent.ForkJoinPool$WorkQueue.runTask(ForkJoinPool.java:1056)
	at java.util.concurrent.ForkJoinPool.runWorker(ForkJoinPool.java:1692)
	at java.util.concurrent.ForkJoinWorkerThread.run(ForkJoinWorkerThread.java:157)
Caused by: org.apache.ratis.thirdparty.io.grpc.StatusRuntimeException: DEADLINE_EXCEEDED: deadline exceeded after 2999778644ns
	at org.apache.ratis.thirdparty.io.grpc.stub.ClientCalls.toStatusRuntimeException(ClientCalls.java:233)
	at org.apache.ratis.thirdparty.io.grpc.stub.ClientCalls.getUnchecked(ClientCalls.java:214)
	at org.apache.ratis.thirdparty.io.grpc.stub.ClientCalls.blockingUnaryCall(ClientCalls.java:139)
	at org.apache.ratis.proto.grpc.AdminProtocolServiceGrpc$AdminProtocolServiceBlockingStub.groupManagement(AdminProtocolServiceGrpc.java:274)
	at org.apache.ratis.grpc.client.GrpcClientProtocolClient.lambda$groupAdd$3(GrpcClientProtocolClient.java:149)
	at org.apache.ratis.grpc.client.GrpcClientProtocolClient.blockingCall(GrpcClientProtocolClient.java:176)
	... 15 more
2019-09-23 16:07:59,287 [RATISCREATEPIPELINE2] ERROR pipeline.RatisPipelineProvider (RatisPipelineProvider.java:lambda$null$5(235)) - Failed invoke Ratis rpc org.apache.hadoop.hdds.scm.pipeline.RatisPipelineProvider$$Lambda$179/691312819@195e8eed for e8629b27-0698-411f-a75e-412d9312397f
org.apache.ratis.protocol.TimeoutIOException: deadline exceeded after 2999776748ns
	at org.apache.ratis.grpc.GrpcUtil.tryUnwrapException(GrpcUtil.java:82)
	at org.apache.ratis.grpc.GrpcUtil.unwrapException(GrpcUtil.java:75)
	at org.apache.ratis.grpc.client.GrpcClientProtocolClient.blockingCall(GrpcClientProtocolClient.java:178)
	at org.apache.ratis.grpc.client.GrpcClientProtocolClient.groupAdd(GrpcClientProtocolClient.java:147)
	at org.apache.ratis.grpc.client.GrpcClientRpc.sendRequest(GrpcClientRpc.java:94)
	at org.apache.ratis.client.impl.RaftClientImpl.sendRequest(RaftClientImpl.java:278)
	at org.apache.ratis.client.impl.RaftClientImpl.groupAdd(RaftClientImpl.java:205)
	at org.apache.hadoop.hdds.scm.pipeline.RatisPipelineProvider.lambda$initializePipeline$4(RatisPipelineProvider.java:196)
	at org.apache.hadoop.hdds.scm.pipeline.RatisPipelineProvider.lambda$null$5(RatisPipelineProvider.java:231)
	at java.util.stream.ForEachOps$ForEachOp$OfRef.accept(ForEachOps.java:184)
	at java.util.ArrayList$ArrayListSpliterator.forEachRemaining(ArrayList.java:1382)
	at java.util.stream.AbstractPipeline.copyInto(AbstractPipeline.java:482)
	at java.util.stream.ForEachOps$ForEachTask.compute(ForEachOps.java:291)
	at java.util.concurrent.CountedCompleter.exec(CountedCompleter.java:731)
	at java.util.concurrent.ForkJoinTask.doExec(ForkJoinTask.java:289)
	at java.util.concurrent.ForkJoinPool$WorkQueue.runTask(ForkJoinPool.java:1056)
	at java.util.concurrent.ForkJoinPool.runWorker(ForkJoinPool.java:1692)
	at java.util.concurrent.ForkJoinWorkerThread.run(ForkJoinWorkerThread.java:157)
Caused by: org.apache.ratis.thirdparty.io.grpc.StatusRuntimeException: DEADLINE_EXCEEDED: deadline exceeded after 2999776748ns
	at org.apache.ratis.thirdparty.io.grpc.stub.ClientCalls.toStatusRuntimeException(ClientCalls.java:233)
	at org.apache.ratis.thirdparty.io.grpc.stub.ClientCalls.getUnchecked(ClientCalls.java:214)
	at org.apache.ratis.thirdparty.io.grpc.stub.ClientCalls.blockingUnaryCall(ClientCalls.java:139)
	at org.apache.ratis.proto.grpc.AdminProtocolServiceGrpc$AdminProtocolServiceBlockingStub.groupManagement(AdminProtocolServiceGrpc.java:274)
	at org.apache.ratis.grpc.client.GrpcClientProtocolClient.lambda$groupAdd$3(GrpcClientProtocolClient.java:149)
	at org.apache.ratis.grpc.client.GrpcClientProtocolClient.blockingCall(GrpcClientProtocolClient.java:176)
	... 15 more
2019-09-23 16:07:59,287 [RATISCREATEPIPELINE0] ERROR pipeline.RatisPipelineProvider (RatisPipelineProvider.java:lambda$null$5(235)) - Failed invoke Ratis rpc org.apache.hadoop.hdds.scm.pipeline.RatisPipelineProvider$$Lambda$179/691312819@195e8eed for 1c3c41c6-64c5-4fba-b581-d89a673ed8eb
org.apache.ratis.protocol.TimeoutIOException: deadline exceeded after 2999763581ns
	at org.apache.ratis.grpc.GrpcUtil.tryUnwrapException(GrpcUtil.java:82)
	at org.apache.ratis.grpc.GrpcUtil.unwrapException(GrpcUtil.java:75)
	at org.apache.ratis.grpc.client.GrpcClientProtocolClient.blockingCall(GrpcClientProtocolClient.java:178)
	at org.apache.ratis.grpc.client.GrpcClientProtocolClient.groupAdd(GrpcClientProtocolClient.java:147)
	at org.apache.ratis.grpc.client.GrpcClientRpc.sendRequest(GrpcClientRpc.java:94)
	at org.apache.ratis.client.impl.RaftClientImpl.sendRequest(RaftClientImpl.java:278)
	at org.apache.ratis.client.impl.RaftClientImpl.groupAdd(RaftClientImpl.java:205)
	at org.apache.hadoop.hdds.scm.pipeline.RatisPipelineProvider.lambda$initializePipeline$4(RatisPipelineProvider.java:196)
	at org.apache.hadoop.hdds.scm.pipeline.RatisPipelineProvider.lambda$null$5(RatisPipelineProvider.java:231)
	at java.util.stream.ForEachOps$ForEachOp$OfRef.accept(ForEachOps.java:184)
	at java.util.ArrayList$ArrayListSpliterator.forEachRemaining(ArrayList.java:1382)
	at java.util.stream.AbstractPipeline.copyInto(AbstractPipeline.java:482)
	at java.util.stream.ForEachOps$ForEachTask.compute(ForEachOps.java:291)
	at java.util.concurrent.CountedCompleter.exec(CountedCompleter.java:731)
	at java.util.concurrent.ForkJoinTask.doExec(ForkJoinTask.java:289)
	at java.util.concurrent.ForkJoinTask.doInvoke(ForkJoinTask.java:401)
	at java.util.concurrent.ForkJoinTask.invoke(ForkJoinTask.java:734)
	at java.util.stream.ForEachOps$ForEachOp.evaluateParallel(ForEachOps.java:160)
	at java.util.stream.ForEachOps$ForEachOp$OfRef.evaluateParallel(ForEachOps.java:174)
	at java.util.stream.AbstractPipeline.evaluate(AbstractPipeline.java:233)
	at java.util.stream.ReferencePipeline.forEach(ReferencePipeline.java:418)
	at java.util.stream.ReferencePipeline$Head.forEach(ReferencePipeline.java:583)
	at org.apache.hadoop.hdds.scm.pipeline.RatisPipelineProvider.lambda$callRatisRpc$6(RatisPipelineProvider.java:225)
	at java.util.concurrent.ForkJoinTask$AdaptedRunnableAction.exec(ForkJoinTask.java:1386)
	at java.util.concurrent.ForkJoinTask.doExec(ForkJoinTask.java:289)
	at java.util.concurrent.ForkJoinPool$WorkQueue.runTask(ForkJoinPool.java:1056)
	at java.util.concurrent.ForkJoinPool.runWorker(ForkJoinPool.java:1692)
	at java.util.concurrent.ForkJoinWorkerThread.run(ForkJoinWorkerThread.java:157)
Caused by: org.apache.ratis.thirdparty.io.grpc.StatusRuntimeException: DEADLINE_EXCEEDED: deadline exceeded after 2999763581ns
	at org.apache.ratis.thirdparty.io.grpc.stub.ClientCalls.toStatusRuntimeException(ClientCalls.java:233)
	at org.apache.ratis.thirdparty.io.grpc.stub.ClientCalls.getUnchecked(ClientCalls.java:214)
	at org.apache.ratis.thirdparty.io.grpc.stub.ClientCalls.blockingUnaryCall(ClientCalls.java:139)
	at org.apache.ratis.proto.grpc.AdminProtocolServiceGrpc$AdminProtocolServiceBlockingStub.groupManagement(AdminProtocolServiceGrpc.java:274)
	at org.apache.ratis.grpc.client.GrpcClientProtocolClient.lambda$groupAdd$3(GrpcClientProtocolClient.java:149)
	at org.apache.ratis.grpc.client.GrpcClientProtocolClient.blockingCall(GrpcClientProtocolClient.java:176)
	... 25 more
2019-09-23 16:07:59,296 [IPC Server handler 14 on 36573] WARN  block.BlockManagerImpl (BlockManagerImpl.java:allocateBlock(192)) - Pipeline creation failed for type:RATIS factor:THREE. Retrying get pipelines call once.
org.apache.hadoop.io.MultipleIOException: 3 exceptions [java.io.IOException: Failed invoke Ratis rpc org.apache.hadoop.hdds.scm.pipeline.RatisPipelineProvider$$Lambda$179/691312819@195e8eed for 997f61cf-2db1-4774-b3a4-04f019f0a728, java.io.IOException: Failed invoke Ratis rpc org.apache.hadoop.hdds.scm.pipeline.RatisPipelineProvider$$Lambda$179/691312819@195e8eed for e8629b27-0698-411f-a75e-412d9312397f, java.io.IOException: Failed invoke Ratis rpc org.apache.hadoop.hdds.scm.pipeline.RatisPipelineProvider$$Lambda$179/691312819@195e8eed for 1c3c41c6-64c5-4fba-b581-d89a673ed8eb]
	at org.apache.hadoop.io.MultipleIOException.createIOException(MultipleIOException.java:53)
	at org.apache.hadoop.hdds.scm.pipeline.RatisPipelineProvider.callRatisRpc(RatisPipelineProvider.java:251)
	at org.apache.hadoop.hdds.scm.pipeline.RatisPipelineProvider.initializePipeline(RatisPipelineProvider.java:194)
	at org.apache.hadoop.hdds.scm.pipeline.RatisPipelineProvider.create(RatisPipelineProvider.java:163)
	at org.apache.hadoop.hdds.scm.pipeline.PipelineFactory.create(PipelineFactory.java:58)
	at org.apache.hadoop.hdds.scm.pipeline.SCMPipelineManager.createPipeline(SCMPipelineManager.java:155)
	at org.apache.hadoop.hdds.scm.block.BlockManagerImpl.allocateBlock(BlockManagerImpl.java:190)
	at org.apache.hadoop.hdds.scm.server.SCMBlockProtocolServer.allocateBlock(SCMBlockProtocolServer.java:182)
	at org.apache.hadoop.ozone.protocolPB.ScmBlockLocationProtocolServerSideTranslatorPB.allocateScmBlock(ScmBlockLocationProtocolServerSideTranslatorPB.java:183)
	at org.apache.hadoop.ozone.protocolPB.ScmBlockLocationProtocolServerSideTranslatorPB.processMessage(ScmBlockLocationProtocolServerSideTranslatorPB.java:141)
	at org.apache.hadoop.ozone.protocolPB.ScmBlockLocationProtocolServerSideTranslatorPB.send(ScmBlockLocationProtocolServerSideTranslatorPB.java:116)
	at org.apache.hadoop.hdds.protocol.proto.ScmBlockLocationProtocolProtos$ScmBlockLocationProtocolService$2.callBlockingMethod(ScmBlockLocationProtocolProtos.java:13157)
	at org.apache.hadoop.ipc.ProtobufRpcEngine$Server$ProtoBufRpcInvoker.call(ProtobufRpcEngine.java:524)
	at org.apache.hadoop.ipc.RPC$Server.call(RPC.java:1025)
	at org.apache.hadoop.ipc.Server$RpcCall.run(Server.java:876)
	at org.apache.hadoop.ipc.Server$RpcCall.run(Server.java:822)
	at java.security.AccessController.doPrivileged(Native Method)
	at javax.security.auth.Subject.doAs(Subject.java:422)
	at org.apache.hadoop.security.UserGroupInformation.doAs(UserGroupInformation.java:1730)
	at org.apache.hadoop.ipc.Server$Handler.run(Server.java:2682)
2019-09-23 16:07:59,297 [IPC Server handler 14 on 36573] INFO  block.BlockManagerImpl (BlockManagerImpl.java:allocateBlock(198)) - Could not find available pipeline of type:RATIS and factor:THREE even after retrying
2019-09-23 16:07:59,297 [IPC Server handler 14 on 36573] ERROR block.BlockManagerImpl (BlockManagerImpl.java:allocateBlock(222)) - Unable to allocate a block for the size: 4194304, type: RATIS, factor: THREE
2019-09-23 16:07:59,304 [main] ERROR io.BlockOutputStreamEntryPool (BlockOutputStreamEntryPool.java:allocateBlockIfNeeded(299)) - Try to allocate more blocks for write failed, already allocated 0 blocks for this write.
INTERNAL_ERROR org.apache.hadoop.ozone.om.exceptions.OMException: Allocated 0 blocks. Requested 1 blocks
	at org.apache.hadoop.ozone.om.protocolPB.OzoneManagerProtocolClientSideTranslatorPB.handleError(OzoneManagerProtocolClientSideTranslatorPB.java:732)
	at org.apache.hadoop.ozone.om.protocolPB.OzoneManagerProtocolClientSideTranslatorPB.allocateBlock(OzoneManagerProtocolClientSideTranslatorPB.java:764)
	at sun.reflect.NativeMethodAccessorImpl.invoke0(Native Method)
	at sun.reflect.NativeMethodAccessorImpl.invoke(NativeMethodAccessorImpl.java:62)
	at sun.reflect.DelegatingMethodAccessorImpl.invoke(DelegatingMethodAccessorImpl.java:43)
	at java.lang.reflect.Method.invoke(Method.java:498)
	at org.apache.hadoop.hdds.tracing.TraceAllMethod.invoke(TraceAllMethod.java:66)
	at com.sun.proxy.$Proxy38.allocateBlock(Unknown Source)
	at org.apache.hadoop.ozone.client.io.BlockOutputStreamEntryPool.allocateNewBlock(BlockOutputStreamEntryPool.java:248)
	at org.apache.hadoop.ozone.client.io.BlockOutputStreamEntryPool.allocateBlockIfNeeded(BlockOutputStreamEntryPool.java:296)
	at org.apache.hadoop.ozone.client.io.KeyOutputStream.handleWrite(KeyOutputStream.java:198)
	at org.apache.hadoop.ozone.client.io.KeyOutputStream.handleRetry(KeyOutputStream.java:375)
	at org.apache.hadoop.ozone.client.io.KeyOutputStream.handleException(KeyOutputStream.java:324)
	at org.apache.hadoop.ozone.client.io.KeyOutputStream.handleWrite(KeyOutputStream.java:228)
	at org.apache.hadoop.ozone.client.io.KeyOutputStream.write(KeyOutputStream.java:190)
	at org.apache.hadoop.ozone.client.io.OzoneOutputStream.write(OzoneOutputStream.java:49)
	at org.apache.hadoop.ozone.client.rpc.TestOzoneRpcClientAbstract.uploadPart(TestOzoneRpcClientAbstract.java:2625)
	at org.apache.hadoop.ozone.client.rpc.TestOzoneRpcClientAbstract.doMultipartUpload(TestOzoneRpcClientAbstract.java:2568)
	at org.apache.hadoop.ozone.client.rpc.TestOzoneRpcClientAbstract.testMultipartUpload(TestOzoneRpcClientAbstract.java:1834)
	at sun.reflect.NativeMethodAccessorImpl.invoke0(Native Method)
	at sun.reflect.NativeMethodAccessorImpl.invoke(NativeMethodAccessorImpl.java:62)
	at sun.reflect.DelegatingMethodAccessorImpl.invoke(DelegatingMethodAccessorImpl.java:43)
	at java.lang.reflect.Method.invoke(Method.java:498)
	at org.junit.runners.model.FrameworkMethod$1.runReflectiveCall(FrameworkMethod.java:47)
	at org.junit.internal.runners.model.ReflectiveCallable.run(ReflectiveCallable.java:12)
	at org.junit.runners.model.FrameworkMethod.invokeExplosively(FrameworkMethod.java:44)
	at org.junit.internal.runners.statements.InvokeMethod.evaluate(InvokeMethod.java:17)
	at org.junit.runners.ParentRunner.runLeaf(ParentRunner.java:271)
	at org.junit.runners.BlockJUnit4ClassRunner.runChild(BlockJUnit4ClassRunner.java:70)
	at org.junit.runners.BlockJUnit4ClassRunner.runChild(BlockJUnit4ClassRunner.java:50)
	at org.junit.runners.ParentRunner$3.run(ParentRunner.java:238)
	at org.junit.runners.ParentRunner$1.schedule(ParentRunner.java:63)
	at org.junit.runners.ParentRunner.runChildren(ParentRunner.java:236)
	at org.junit.runners.ParentRunner.access$000(ParentRunner.java:53)
	at org.junit.runners.ParentRunner$2.evaluate(ParentRunner.java:229)
	at org.junit.internal.runners.statements.RunBefores.evaluate(RunBefores.java:26)
	at org.junit.internal.runners.statements.RunAfters.evaluate(RunAfters.java:27)
	at org.junit.runners.ParentRunner.run(ParentRunner.java:309)
	at org.apache.maven.surefire.junit4.JUnit4Provider.execute(JUnit4Provider.java:365)
	at org.apache.maven.surefire.junit4.JUnit4Provider.executeWithRerun(JUnit4Provider.java:273)
	at org.apache.maven.surefire.junit4.JUnit4Provider.executeTestSet(JUnit4Provider.java:238)
	at org.apache.maven.surefire.junit4.JUnit4Provider.invoke(JUnit4Provider.java:159)
	at org.apache.maven.surefire.booter.ForkedBooter.invokeProviderInSameClassLoader(ForkedBooter.java:384)
	at org.apache.maven.surefire.booter.ForkedBooter.runSuitesInProcess(ForkedBooter.java:345)
	at org.apache.maven.surefire.booter.ForkedBooter.execute(ForkedBooter.java:126)
	at org.apache.maven.surefire.booter.ForkedBooter.main(ForkedBooter.java:418)
]]></system-out>
    <system-err><![CDATA[ERROR StatusLogger No Log4j 2 configuration file found. Using default configuration (logging only errors to the console), or user programmatically provided configurations. Set system property 'log4j2.debug' to show Log4j 2 internal initialization logging. See https://logging.apache.org/log4j/2.x/manual/configuration.html for instructions on how to configure Log4j 2
]]></system-err>
  </testcase>
  <testcase name="testInitiateMultipartUploadWithReplicationInformationSet" classname="org.apache.hadoop.ozone.client.rpc.TestOzoneRpcClient" time="0.026"/>
  <testcase name="testRenameKey" classname="org.apache.hadoop.ozone.client.rpc.TestOzoneRpcClient" time="15.166"/>
  <testcase name="testCreateBucketWithVersioning" classname="org.apache.hadoop.ozone.client.rpc.TestOzoneRpcClient" time="0.01"/>
  <testcase name="testCreateS3Bucket" classname="org.apache.hadoop.ozone.client.rpc.TestOzoneRpcClient" time="0.016"/>
  <testcase name="testUploadPartOverrideWithStandAlone" classname="org.apache.hadoop.ozone.client.rpc.TestOzoneRpcClient" time="0.078"/>
  <testcase name="testNativeAclsForKey" classname="org.apache.hadoop.ozone.client.rpc.TestOzoneRpcClient" time="0.219"/>
  <testcase name="testAddBucketAcl" classname="org.apache.hadoop.ozone.client.rpc.TestOzoneRpcClient" time="0.008"/>
  <testcase name="testReadKeyWithVerifyChecksumFlagDisable" classname="org.apache.hadoop.ozone.client.rpc.TestOzoneRpcClient" time="1.576"/>
  <testcase name="testAclsAfterCallingSetBucketProperty" classname="org.apache.hadoop.ozone.client.rpc.TestOzoneRpcClient" time="0.02"/>
  <testcase name="testGDPR" classname="org.apache.hadoop.ozone.client.rpc.TestOzoneRpcClient" time="0.094"/>
  <testcase name="testListMultipartUploadParts" classname="org.apache.hadoop.ozone.client.rpc.TestOzoneRpcClient" time="0.213"/>
  <testcase name="testNativeAclsForBucket" classname="org.apache.hadoop.ozone.client.rpc.TestOzoneRpcClient" time="0.064"/>
  <testcase name="testPutKeyRatisThreeNodesParallel" classname="org.apache.hadoop.ozone.client.rpc.TestOzoneRpcClient" time="0">
    <skipped message="Debug Jenkins Timeout"/>
  </testcase>
  <testcase name="testDeleteS3NonExistingBucket" classname="org.apache.hadoop.ozone.client.rpc.TestOzoneRpcClient" time="0.004"/>
  <testcase name="testListPartsWithInvalidUploadID" classname="org.apache.hadoop.ozone.client.rpc.TestOzoneRpcClient" time="0.008"/>
  <testcase name="testUploadPartOverrideWithRatis" classname="org.apache.hadoop.ozone.client.rpc.TestOzoneRpcClient" time="15.329"/>
  <testcase name="testListBucket" classname="org.apache.hadoop.ozone.client.rpc.TestOzoneRpcClient" time="0.09"/>
  <testcase name="testSetBucketStorageType" classname="org.apache.hadoop.ozone.client.rpc.TestOzoneRpcClient" time="0.006"/>
  <testcase name="testGetKeyDetails" classname="org.apache.hadoop.ozone.client.rpc.TestOzoneRpcClient" time="0.038"/>
  <testcase name="testNativeAclsForPrefix" classname="org.apache.hadoop.ozone.client.rpc.TestOzoneRpcClient" time="0.063"/>
  <testcase name="testOMClientProxyProvider" classname="org.apache.hadoop.ozone.client.rpc.TestOzoneRpcClient" time="0"/>
  <testcase name="testCreateBucketWithAllArgument" classname="org.apache.hadoop.ozone.client.rpc.TestOzoneRpcClient" time="0.005"/>
  <testcase name="testRemoveBucketAcl" classname="org.apache.hadoop.ozone.client.rpc.TestOzoneRpcClient" time="0.005"/>
  <testcase name="testNativeAclsForVolume" classname="org.apache.hadoop.ozone.client.rpc.TestOzoneRpcClient" time="0.028"/>
  <testcase name="testDeleteS3Bucket" classname="org.apache.hadoop.ozone.client.rpc.TestOzoneRpcClient" time="0.006"/>
  <testcase name="testCreateSecureS3Bucket" classname="org.apache.hadoop.ozone.client.rpc.TestOzoneRpcClient" time="0.006"/>
  <testcase name="testMultipartUploadWithMissingParts" classname="org.apache.hadoop.ozone.client.rpc.TestOzoneRpcClient" time="0.024"/>
  <testcase name="testListVolume" classname="org.apache.hadoop.ozone.client.rpc.TestOzoneRpcClient" time="0">
    <skipped/>
  </testcase>
  <testcase name="testSetVolumeQuota" classname="org.apache.hadoop.ozone.client.rpc.TestOzoneRpcClient" time="0.007"/>
  <testcase name="testDeleteBucket" classname="org.apache.hadoop.ozone.client.rpc.TestOzoneRpcClient" time="0.006"/>
  <testcase name="testListKey" classname="org.apache.hadoop.ozone.client.rpc.TestOzoneRpcClient" time="0.851"/>
  <testcase name="testListPartsInvalidPartMarker" classname="org.apache.hadoop.ozone.client.rpc.TestOzoneRpcClient" time="0.005"/>
  <testcase name="testMultipartUploadWithPartsLessThanMinSize" classname="org.apache.hadoop.ozone.client.rpc.TestOzoneRpcClient" time="0.025"/>
  <testcase name="testPutKeyRatisOneNode" classname="org.apache.hadoop.ozone.client.rpc.TestOzoneRpcClient" time="3.91"/>
  <testcase name="testListS3Buckets" classname="org.apache.hadoop.ozone.client.rpc.TestOzoneRpcClient" time="0.016"/>
  <testcase name="testAbortUploadSuccessWithParts" classname="org.apache.hadoop.ozone.client.rpc.TestOzoneRpcClient" time="0.02"/>
  <testcase name="testListS3BucketsFail" classname="org.apache.hadoop.ozone.client.rpc.TestOzoneRpcClient" time="0.003"/>
  <testcase name="testListMultipartUploadPartsWithContinuation" classname="org.apache.hadoop.ozone.client.rpc.TestOzoneRpcClient" time="0.16"/>
  <testcase name="testListBucketsOnEmptyVolume" classname="org.apache.hadoop.ozone.client.rpc.TestOzoneRpcClient" time="0.003"/>
  <testcase name="testCreateBucketWithStorageType" classname="org.apache.hadoop.ozone.client.rpc.TestOzoneRpcClient" time="0.004"/>
  <testcase name="testRemoveBucketAclUsingRpcClientRemoveAcl" classname="org.apache.hadoop.ozone.client.rpc.TestOzoneRpcClient" time="0.006"/>
  <testcase name="testDeleteKey" classname="org.apache.hadoop.ozone.client.rpc.TestOzoneRpcClient" time="0.017"/>
  <testcase name="testDeleteVolume" classname="org.apache.hadoop.ozone.client.rpc.TestOzoneRpcClient" time="0.009"/>
  <testcase name="testInvalidBucketCreation" classname="org.apache.hadoop.ozone.client.rpc.TestOzoneRpcClient" time="0.004"/>
  <testcase name="testReadKeyWithVerifyChecksumFlagEnable" classname="org.apache.hadoop.ozone.client.rpc.TestOzoneRpcClient" time="0.053"/>
  <testcase name="testAbortUploadSuccessWithOutAnyParts" classname="org.apache.hadoop.ozone.client.rpc.TestOzoneRpcClient" time="0.007"/>
  <testcase name="testListPartsInvalidMaxParts" classname="org.apache.hadoop.ozone.client.rpc.TestOzoneRpcClient" time="0.003"/>
  <testcase name="testSetBucketVersioning" classname="org.apache.hadoop.ozone.client.rpc.TestOzoneRpcClient" time="0.005"/>
  <testcase name="testAbortUploadFail" classname="org.apache.hadoop.ozone.client.rpc.TestOzoneRpcClient" time="0.006"/>
  <testcase name="testCreateS3BucketMapping" classname="org.apache.hadoop.ozone.client.rpc.TestOzoneRpcClient" time="0.004"/>
  <testcase name="testMultipartUploadOverride" classname="org.apache.hadoop.ozone.client.rpc.TestOzoneRpcClient" time="1.159"/>
  <testcase name="testValidateBlockLengthWithCommitKey" classname="org.apache.hadoop.ozone.client.rpc.TestOzoneRpcClient" time="0.013"/>
  <testcase name="testMultipartUploadWithPartsMisMatchWithListSizeDifferent" classname="org.apache.hadoop.ozone.client.rpc.TestOzoneRpcClient" time="0.006"/>
  <testcase name="testNoSuchUploadError" classname="org.apache.hadoop.ozone.client.rpc.TestOzoneRpcClient" time="0.005"/>
  <testcase name="testPutKeyRatisThreeNodes" classname="org.apache.hadoop.ozone.client.rpc.TestOzoneRpcClient" time="5.927"/>
  <testcase name="testListKeyOnEmptyBucket" classname="org.apache.hadoop.ozone.client.rpc.TestOzoneRpcClient" time="0.008"/>
  <testcase name="testReadKeyWithCorruptedDataWithMutiNodes" classname="org.apache.hadoop.ozone.client.rpc.TestOzoneRpcClient" time="3.45"/>
  <testcase name="testPutKey" classname="org.apache.hadoop.ozone.client.rpc.TestOzoneRpcClient" time="0.177"/>
  <testcase name="testReadKeyWithCorruptedData" classname="org.apache.hadoop.ozone.client.rpc.TestOzoneRpcClient" time="4.923"/>
  <testcase name="testCreateBucketWithAcls" classname="org.apache.hadoop.ozone.client.rpc.TestOzoneRpcClient" time="0.008"/>
  <testcase name="testMultipartUploadWithPartsMisMatchWithIncorrectPartName" classname="org.apache.hadoop.ozone.client.rpc.TestOzoneRpcClient" time="2.104"/>
  <testcase name="testCreateVolumeWithMetadata" classname="org.apache.hadoop.ozone.client.rpc.TestOzoneRpcClient" time="0.004"/>
  <testcase name="testCreateBucketWithMetadata" classname="org.apache.hadoop.ozone.client.rpc.TestOzoneRpcClient" time="0.005"/>
  <testcase name="testListPartsWithPartMarkerGreaterThanPartCount" classname="org.apache.hadoop.ozone.client.rpc.TestOzoneRpcClient" time="0.074"/>
  <testcase name="testCreateBucket" classname="org.apache.hadoop.ozone.client.rpc.TestOzoneRpcClient" time="0.004"/>
  <testcase name="testUploadPartWithNoOverride" classname="org.apache.hadoop.ozone.client.rpc.TestOzoneRpcClient" time="0.012"/>
  <testcase name="testInitiateMultipartUploadWithDefaultReplication" classname="org.apache.hadoop.ozone.client.rpc.TestOzoneRpcClient" time="0.005"/>
</testsuite>