<?xml version="1.0" encoding="UTF-8"?>
<testsuite xmlns:xsi="http://www.w3.org/2001/XMLSchema-instance" xsi:noNamespaceSchemaLocation="https://maven.apache.org/surefire/maven-surefire-plugin/xsd/surefire-test-report.xsd" name="org.apache.hadoop.ozone.client.rpc.TestOzoneClientRetriesOnException" time="402.07" tests="2" errors="1" skipped="0" failures="0">
  <properties>
    <property name="awt.toolkit" value="sun.awt.X11.XToolkit"/>
    <property name="file.encoding.pkg" value="sun.io"/>
    <property name="java.specification.version" value="1.8"/>
    <property name="sun.cpu.isalist" value=""/>
    <property name="sun.jnu.encoding" value="UTF-8"/>
    <property name="java.class.path" value="/workdir/hadoop-ozone/integration-test/target/test-classes:/workdir/hadoop-ozone/integration-test/target/classes:/home/user/.m2/repository/org/apache/hadoop/hadoop-ozone-common/0.5.0-SNAPSHOT/hadoop-ozone-common-0.5.0-SNAPSHOT.jar:/home/user/.m2/repository/org/apache/commons/commons-compress/1.4.1/commons-compress-1.4.1.jar:/home/user/.m2/repository/org/tukaani/xz/1.0/xz-1.0.jar:/home/user/.m2/repository/org/apache/hadoop/hadoop-common/3.2.0/hadoop-common-3.2.0.jar:/home/user/.m2/repository/org/apache/hadoop/hadoop-hdfs/3.2.0/hadoop-hdfs-3.2.0.jar:/home/user/.m2/repository/org/apache/hadoop/hadoop-hdfs-client/3.2.0/hadoop-hdfs-client-3.2.0.jar:/home/user/.m2/repository/com/fasterxml/jackson/core/jackson-annotations/2.9.5/jackson-annotations-2.9.5.jar:/home/user/.m2/repository/org/apache/hadoop/hadoop-hdds-common/0.5.0-SNAPSHOT/hadoop-hdds-common-0.5.0-SNAPSHOT.jar:/home/user/.m2/repository/javax/annotation/javax.annotation-api/1.2/javax.annotation-api-1.2.jar:/home/user/.m2/repository/org/apache/ratis/ratis-server/0.4.0-2337318-SNAPSHOT/ratis-server-0.4.0-2337318-SNAPSHOT.jar:/home/user/.m2/repository/org/apache/ratis/ratis-thirdparty-misc/0.2.0/ratis-thirdparty-misc-0.2.0.jar:/home/user/.m2/repository/org/apache/ratis/ratis-proto/0.4.0-2337318-SNAPSHOT/ratis-proto-0.4.0-2337318-SNAPSHOT.jar:/home/user/.m2/repository/org/apache/ratis/ratis-common/0.4.0-2337318-SNAPSHOT/ratis-common-0.4.0-2337318-SNAPSHOT.jar:/home/user/.m2/repository/org/apache/ratis/ratis-client/0.4.0-2337318-SNAPSHOT/ratis-client-0.4.0-2337318-SNAPSHOT.jar:/home/user/.m2/repository/org/apache/ratis/ratis-metrics/0.4.0-2337318-SNAPSHOT/ratis-metrics-0.4.0-2337318-SNAPSHOT.jar:/home/user/.m2/repository/org/apache/ratis/ratis-netty/0.4.0-2337318-SNAPSHOT/ratis-netty-0.4.0-2337318-SNAPSHOT.jar:/home/user/.m2/repository/org/apache/ratis/ratis-grpc/0.4.0-2337318-SNAPSHOT/ratis-grpc-0.4.0-2337318-SNAPSHOT.jar:/home/user/.m2/repository/org/rocksdb/rocksdbjni/6.0.1/rocksdbjni-6.0.1.jar:/home/user/.m2/repository/org/apache/logging/log4j/log4j-api/2.11.0/log4j-api-2.11.0.jar:/home/user/.m2/repository/org/apache/logging/log4j/log4j-core/2.11.0/log4j-core-2.11.0.jar:/home/user/.m2/repository/com/lmax/disruptor/3.4.2/disruptor-3.4.2.jar:/home/user/.m2/repository/org/apache/commons/commons-pool2/2.6.0/commons-pool2-2.6.0.jar:/home/user/.m2/repository/org/bouncycastle/bcpkix-jdk15on/1.60/bcpkix-jdk15on-1.60.jar:/home/user/.m2/repository/commons-validator/commons-validator/1.6/commons-validator-1.6.jar:/home/user/.m2/repository/commons-digester/commons-digester/1.8.1/commons-digester-1.8.1.jar:/home/user/.m2/repository/io/jaegertracing/jaeger-client/0.33.1/jaeger-client-0.33.1.jar:/home/user/.m2/repository/io/jaegertracing/jaeger-thrift/0.33.1/jaeger-thrift-0.33.1.jar:/home/user/.m2/repository/org/apache/thrift/libthrift/0.11.0/libthrift-0.11.0.jar:/home/user/.m2/repository/com/squareup/okhttp3/okhttp/3.9.0/okhttp-3.9.0.jar:/home/user/.m2/repository/com/squareup/okio/okio/1.13.0/okio-1.13.0.jar:/home/user/.m2/repository/io/jaegertracing/jaeger-core/0.33.1/jaeger-core-0.33.1.jar:/home/user/.m2/repository/io/jaegertracing/jaeger-tracerresolver/0.33.1/jaeger-tracerresolver-0.33.1.jar:/home/user/.m2/repository/io/opentracing/contrib/opentracing-tracerresolver/0.1.5/opentracing-tracerresolver-0.1.5.jar:/home/user/.m2/repository/io/opentracing/opentracing-util/0.31.0/opentracing-util-0.31.0.jar:/home/user/.m2/repository/io/opentracing/opentracing-api/0.31.0/opentracing-api-0.31.0.jar:/home/user/.m2/repository/io/opentracing/opentracing-noop/0.31.0/opentracing-noop-0.31.0.jar:/home/user/.m2/repository/org/apache/hadoop/hadoop-hdds-server-framework/0.5.0-SNAPSHOT/hadoop-hdds-server-framework-0.5.0-SNAPSHOT.jar:/home/user/.m2/repository/org/apache/hadoop/hadoop-hdds-container-service/0.5.0-SNAPSHOT/hadoop-hdds-container-service-0.5.0-SNAPSHOT.jar:/home/user/.m2/repository/org/apache/hadoop/hadoop-hdds-client/0.5.0-SNAPSHOT/hadoop-hdds-client-0.5.0-SNAPSHOT.jar:/home/user/.m2/repository/org/apache/hadoop/hadoop-hdds-tools/0.5.0-SNAPSHOT/hadoop-hdds-tools-0.5.0-SNAPSHOT.jar:/home/user/.m2/repository/org/apache/hadoop/hadoop-hdds-server-scm/0.5.0-SNAPSHOT/hadoop-hdds-server-scm-0.5.0-SNAPSHOT.jar:/home/user/.m2/repository/org/apache/hadoop/hadoop-hdds-docs/0.5.0-SNAPSHOT/hadoop-hdds-docs-0.5.0-SNAPSHOT.jar:/home/user/.m2/repository/io/dropwizard/metrics/metrics-core/3.2.4/metrics-core-3.2.4.jar:/home/user/.m2/repository/org/hamcrest/hamcrest-all/1.3/hamcrest-all-1.3.jar:/home/user/.m2/repository/org/bouncycastle/bcprov-jdk15on/1.60/bcprov-jdk15on-1.60.jar:/home/user/.m2/repository/info/picocli/picocli/3.9.6/picocli-3.9.6.jar:/home/user/.m2/repository/com/google/protobuf/protobuf-java/2.5.0/protobuf-java-2.5.0.jar:/home/user/.m2/repository/com/google/guava/guava/11.0.2/guava-11.0.2.jar:/home/user/.m2/repository/org/apache/hadoop/hadoop-ozone-ozone-manager/0.5.0-SNAPSHOT/hadoop-ozone-ozone-manager-0.5.0-SNAPSHOT.jar:/home/user/.m2/repository/org/apache/hadoop/hadoop-minikdc/3.2.0/hadoop-minikdc-3.2.0.jar:/home/user/.m2/repository/commons-io/commons-io/2.5/commons-io-2.5.jar:/home/user/.m2/repository/org/apache/kerby/kerb-simplekdc/1.0.1/kerb-simplekdc-1.0.1.jar:/home/user/.m2/repository/org/apache/kerby/kerb-client/1.0.1/kerb-client-1.0.1.jar:/home/user/.m2/repository/org/apache/kerby/kerby-config/1.0.1/kerby-config-1.0.1.jar:/home/user/.m2/repository/org/apache/kerby/kerb-core/1.0.1/kerb-core-1.0.1.jar:/home/user/.m2/repository/org/apache/kerby/kerby-pkix/1.0.1/kerby-pkix-1.0.1.jar:/home/user/.m2/repository/org/apache/kerby/kerby-asn1/1.0.1/kerby-asn1-1.0.1.jar:/home/user/.m2/repository/org/apache/kerby/kerby-util/1.0.1/kerby-util-1.0.1.jar:/home/user/.m2/repository/org/apache/kerby/kerb-common/1.0.1/kerb-common-1.0.1.jar:/home/user/.m2/repository/org/apache/kerby/kerb-crypto/1.0.1/kerb-crypto-1.0.1.jar:/home/user/.m2/repository/org/apache/kerby/kerb-util/1.0.1/kerb-util-1.0.1.jar:/home/user/.m2/repository/org/apache/kerby/token-provider/1.0.1/token-provider-1.0.1.jar:/home/user/.m2/repository/org/apache/kerby/kerb-admin/1.0.1/kerb-admin-1.0.1.jar:/home/user/.m2/repository/org/apache/kerby/kerb-server/1.0.1/kerb-server-1.0.1.jar:/home/user/.m2/repository/org/apache/kerby/kerb-identity/1.0.1/kerb-identity-1.0.1.jar:/home/user/.m2/repository/org/apache/kerby/kerby-xdr/1.0.1/kerby-xdr-1.0.1.jar:/home/user/.m2/repository/org/slf4j/slf4j-log4j12/1.7.25/slf4j-log4j12-1.7.25.jar:/home/user/.m2/repository/org/apache/hadoop/hadoop-ozone-objectstore-service/0.5.0-SNAPSHOT/hadoop-ozone-objectstore-service-0.5.0-SNAPSHOT.jar:/home/user/.m2/repository/org/apache/hadoop/hadoop-ozone-s3gateway/0.5.0-SNAPSHOT/hadoop-ozone-s3gateway-0.5.0-SNAPSHOT.jar:/home/user/.m2/repository/org/jboss/weld/servlet/weld-servlet/2.4.7.Final/weld-servlet-2.4.7.Final.jar:/home/user/.m2/repository/org/glassfish/jersey/containers/jersey-container-servlet-core/2.27/jersey-container-servlet-core-2.27.jar:/home/user/.m2/repository/org/glassfish/hk2/external/javax.inject/2.5.0-b42/javax.inject-2.5.0-b42.jar:/home/user/.m2/repository/org/glassfish/jersey/core/jersey-common/2.27/jersey-common-2.27.jar:/home/user/.m2/repository/org/glassfish/hk2/osgi-resource-locator/1.0.1/osgi-resource-locator-1.0.1.jar:/home/user/.m2/repository/javax/ws/rs/javax.ws.rs-api/2.1/javax.ws.rs-api-2.1.jar:/home/user/.m2/repository/org/glassfish/jersey/ext/cdi/jersey-cdi1x/2.27/jersey-cdi1x-2.27.jar:/home/user/.m2/repository/org/glassfish/jersey/inject/jersey-hk2/2.27/jersey-hk2-2.27.jar:/home/user/.m2/repository/org/glassfish/hk2/hk2-locator/2.5.0-b42/hk2-locator-2.5.0-b42.jar:/home/user/.m2/repository/org/javassist/javassist/3.22.0-CR2/javassist-3.22.0-CR2.jar:/home/user/.m2/repository/org/glassfish/hk2/hk2-api/2.5.0/hk2-api-2.5.0.jar:/home/user/.m2/repository/org/glassfish/hk2/external/jakarta.inject/2.5.0/jakarta.inject-2.5.0.jar:/home/user/.m2/repository/org/glassfish/hk2/hk2-utils/2.5.0/hk2-utils-2.5.0.jar:/home/user/.m2/repository/jakarta/annotation/jakarta.annotation-api/1.3.4/jakarta.annotation-api-1.3.4.jar:/home/user/.m2/repository/org/glassfish/hk2/external/aopalliance-repackaged/2.5.0/aopalliance-repackaged-2.5.0.jar:/home/user/.m2/repository/com/fasterxml/jackson/dataformat/jackson-dataformat-xml/2.9.0/jackson-dataformat-xml-2.9.0.jar:/home/user/.m2/repository/com/fasterxml/jackson/core/jackson-core/2.9.5/jackson-core-2.9.5.jar:/home/user/.m2/repository/com/fasterxml/jackson/module/jackson-module-jaxb-annotations/2.9.5/jackson-module-jaxb-annotations-2.9.5.jar:/home/user/.m2/repository/javax/enterprise/cdi-api/1.2/cdi-api-1.2.jar:/home/user/.m2/repository/javax/el/javax.el-api/3.0.0/javax.el-api-3.0.0.jar:/home/user/.m2/repository/javax/interceptor/javax.interceptor-api/1.2/javax.interceptor-api-1.2.jar:/home/user/.m2/repository/javax/inject/javax.inject/1/javax.inject-1.jar:/home/user/.m2/repository/com/sun/xml/bind/jaxb-impl/2.3.0.1/jaxb-impl-2.3.0.1.jar:/home/user/.m2/repository/com/sun/xml/bind/jaxb-core/2.3.0.1/jaxb-core-2.3.0.1.jar:/home/user/.m2/repository/javax/xml/bind/jaxb-api/2.3.0/jaxb-api-2.3.0.jar:/home/user/.m2/repository/javax/activation/activation/1.1.1/activation-1.1.1.jar:/home/user/.m2/repository/org/apache/hadoop/hadoop-ozone-csi/0.5.0-SNAPSHOT/hadoop-ozone-csi-0.5.0-SNAPSHOT.jar:/home/user/.m2/repository/com/google/protobuf/protobuf-java-util/3.5.1/protobuf-java-util-3.5.1.jar:/home/user/.m2/repository/org/apache/hadoop/hadoop-hdds-config/0.5.0-SNAPSHOT/hadoop-hdds-config-0.5.0-SNAPSHOT.jar:/home/user/.m2/repository/io/grpc/grpc-netty/1.17.1/grpc-netty-1.17.1.jar:/home/user/.m2/repository/io/grpc/grpc-core/1.17.1/grpc-core-1.17.1.jar:/home/user/.m2/repository/io/grpc/grpc-context/1.17.1/grpc-context-1.17.1.jar:/home/user/.m2/repository/com/google/errorprone/error_prone_annotations/2.2.0/error_prone_annotations-2.2.0.jar:/home/user/.m2/repository/org/codehaus/mojo/animal-sniffer-annotations/1.17/animal-sniffer-annotations-1.17.jar:/home/user/.m2/repository/io/opencensus/opencensus-api/0.17.0/opencensus-api-0.17.0.jar:/home/user/.m2/repository/io/opencensus/opencensus-contrib-grpc-metrics/0.17.0/opencensus-contrib-grpc-metrics-0.17.0.jar:/home/user/.m2/repository/io/netty/netty-codec-http2/4.1.30.Final/netty-codec-http2-4.1.30.Final.jar:/home/user/.m2/repository/io/netty/netty-codec-http/4.1.30.Final/netty-codec-http-4.1.30.Final.jar:/home/user/.m2/repository/io/netty/netty-codec/4.1.30.Final/netty-codec-4.1.30.Final.jar:/home/user/.m2/repository/io/netty/netty-handler/4.1.30.Final/netty-handler-4.1.30.Final.jar:/home/user/.m2/repository/io/netty/netty-handler-proxy/4.1.30.Final/netty-handler-proxy-4.1.30.Final.jar:/home/user/.m2/repository/io/netty/netty-codec-socks/4.1.30.Final/netty-codec-socks-4.1.30.Final.jar:/home/user/.m2/repository/io/netty/netty-transport-native-epoll/4.1.30.Final/netty-transport-native-epoll-4.1.30.Final.jar:/home/user/.m2/repository/io/netty/netty-common/4.1.30.Final/netty-common-4.1.30.Final.jar:/home/user/.m2/repository/io/netty/netty-buffer/4.1.30.Final/netty-buffer-4.1.30.Final.jar:/home/user/.m2/repository/io/netty/netty-transport/4.1.30.Final/netty-transport-4.1.30.Final.jar:/home/user/.m2/repository/io/netty/netty-resolver/4.1.30.Final/netty-resolver-4.1.30.Final.jar:/home/user/.m2/repository/io/netty/netty-transport-native-unix-common/4.1.30.Final/netty-transport-native-unix-common-4.1.30.Final.jar:/home/user/.m2/repository/io/grpc/grpc-protobuf/1.17.1/grpc-protobuf-1.17.1.jar:/home/user/.m2/repository/com/google/api/grpc/proto-google-common-protos/1.0.0/proto-google-common-protos-1.0.0.jar:/home/user/.m2/repository/io/grpc/grpc-protobuf-lite/1.17.1/grpc-protobuf-lite-1.17.1.jar:/home/user/.m2/repository/io/grpc/grpc-stub/1.17.1/grpc-stub-1.17.1.jar:/home/user/.m2/repository/org/apache/hadoop/hadoop-ozone-recon/0.5.0-SNAPSHOT/hadoop-ozone-recon-0.5.0-SNAPSHOT.jar:/home/user/.m2/repository/org/apache/hadoop/hadoop-ozone-reconcodegen/0.5.0-SNAPSHOT/hadoop-ozone-reconcodegen-0.5.0-SNAPSHOT.jar:/home/user/.m2/repository/com/google/inject/extensions/guice-multibindings/4.0/guice-multibindings-4.0.jar:/home/user/.m2/repository/com/google/inject/guice/4.0/guice-4.0.jar:/home/user/.m2/repository/aopalliance/aopalliance/1.0/aopalliance-1.0.jar:/home/user/.m2/repository/com/google/inject/extensions/guice-servlet/4.0/guice-servlet-4.0.jar:/home/user/.m2/repository/org/glassfish/jersey/containers/jersey-container-servlet/2.27/jersey-container-servlet-2.27.jar:/home/user/.m2/repository/org/glassfish/hk2/guice-bridge/2.5.0/guice-bridge-2.5.0.jar:/home/user/.m2/repository/org/glassfish/jersey/core/jersey-server/2.27/jersey-server-2.27.jar:/home/user/.m2/repository/org/glassfish/jersey/core/jersey-client/2.27/jersey-client-2.27.jar:/home/user/.m2/repository/org/glassfish/jersey/media/jersey-media-jaxb/2.27/jersey-media-jaxb-2.27.jar:/home/user/.m2/repository/javax/validation/validation-api/1.1.0.Final/validation-api-1.1.0.Final.jar:/home/user/.m2/repository/org/glassfish/jersey/media/jersey-media-json-jackson/2.27/jersey-media-json-jackson-2.27.jar:/home/user/.m2/repository/org/glassfish/jersey/ext/jersey-entity-filtering/2.27/jersey-entity-filtering-2.27.jar:/home/user/.m2/repository/com/google/inject/extensions/guice-assistedinject/4.0/guice-assistedinject-4.0.jar:/home/user/.m2/repository/org/jooq/jooq/3.11.10/jooq-3.11.10.jar:/home/user/.m2/repository/org/jooq/jooq-meta/3.11.10/jooq-meta-3.11.10.jar:/home/user/.m2/repository/org/jooq/jooq-codegen/3.11.10/jooq-codegen-3.11.10.jar:/home/user/.m2/repository/com/jolbox/bonecp/0.8.0.RELEASE/bonecp-0.8.0.RELEASE.jar:/home/user/.m2/repository/org/xerial/sqlite-jdbc/3.25.2/sqlite-jdbc-3.25.2.jar:/home/user/.m2/repository/org/springframework/spring-jdbc/5.1.3.RELEASE/spring-jdbc-5.1.3.RELEASE.jar:/home/user/.m2/repository/org/springframework/spring-beans/5.1.3.RELEASE/spring-beans-5.1.3.RELEASE.jar:/home/user/.m2/repository/org/springframework/spring-core/5.1.3.RELEASE/spring-core-5.1.3.RELEASE.jar:/home/user/.m2/repository/org/springframework/spring-jcl/5.1.3.RELEASE/spring-jcl-5.1.3.RELEASE.jar:/home/user/.m2/repository/org/springframework/spring-tx/5.1.3.RELEASE/spring-tx-5.1.3.RELEASE.jar:/home/user/.m2/repository/org/apache/hadoop/hadoop-ozone-client/0.5.0-SNAPSHOT/hadoop-ozone-client-0.5.0-SNAPSHOT.jar:/home/user/.m2/repository/commons-lang/commons-lang/2.6/commons-lang-2.6.jar:/home/user/.m2/repository/org/apache/hadoop/hadoop-ozone-ozone-manager/0.5.0-SNAPSHOT/hadoop-ozone-ozone-manager-0.5.0-SNAPSHOT-tests.jar:/home/user/.m2/repository/junit/junit/4.11/junit-4.11.jar:/home/user/.m2/repository/org/hamcrest/hamcrest-core/1.3/hamcrest-core-1.3.jar:/home/user/.m2/repository/org/openjdk/jmh/jmh-core/1.19/jmh-core-1.19.jar:/home/user/.m2/repository/net/sf/jopt-simple/jopt-simple/4.6/jopt-simple-4.6.jar:/home/user/.m2/repository/org/apache/commons/commons-math3/3.1.1/commons-math3-3.1.1.jar:/home/user/.m2/repository/org/openjdk/jmh/jmh-generator-annprocess/1.19/jmh-generator-annprocess-1.19.jar:/home/user/.m2/repository/org/mockito/mockito-all/1.8.5/mockito-all-1.8.5.jar:/home/user/.m2/repository/org/apache/hadoop/hadoop-kms/3.2.0/hadoop-kms-3.2.0.jar:/home/user/.m2/repository/org/apache/hadoop/hadoop-auth/3.2.0/hadoop-auth-3.2.0.jar:/home/user/.m2/repository/com/nimbusds/nimbus-jose-jwt/4.41.1/nimbus-jose-jwt-4.41.1.jar:/home/user/.m2/repository/com/github/stephenc/jcip/jcip-annotations/1.0-1/jcip-annotations-1.0-1.jar:/home/user/.m2/repository/net/minidev/json-smart/2.3/json-smart-2.3.jar:/home/user/.m2/repository/net/minidev/accessors-smart/1.2/accessors-smart-1.2.jar:/home/user/.m2/repository/org/ow2/asm/asm/5.0.4/asm-5.0.4.jar:/home/user/.m2/repository/org/apache/curator/curator-framework/2.12.0/curator-framework-2.12.0.jar:/home/user/.m2/repository/com/sun/jersey/jersey-core/1.19/jersey-core-1.19.jar:/home/user/.m2/repository/javax/ws/rs/jsr311-api/1.1.1/jsr311-api-1.1.1.jar:/home/user/.m2/repository/com/sun/jersey/jersey-server/1.19/jersey-server-1.19.jar:/home/user/.m2/repository/javax/servlet/javax.servlet-api/3.1.0/javax.servlet-api-3.1.0.jar:/home/user/.m2/repository/org/eclipse/jetty/jetty-server/9.3.24.v20180605/jetty-server-9.3.24.v20180605.jar:/home/user/.m2/repository/org/eclipse/jetty/jetty-http/9.3.24.v20180605/jetty-http-9.3.24.v20180605.jar:/home/user/.m2/repository/org/eclipse/jetty/jetty-io/9.3.24.v20180605/jetty-io-9.3.24.v20180605.jar:/home/user/.m2/repository/org/eclipse/jetty/jetty-webapp/9.3.24.v20180605/jetty-webapp-9.3.24.v20180605.jar:/home/user/.m2/repository/org/eclipse/jetty/jetty-xml/9.3.24.v20180605/jetty-xml-9.3.24.v20180605.jar:/home/user/.m2/repository/log4j/log4j/1.2.17/log4j-1.2.17.jar:/home/user/.m2/repository/org/slf4j/slf4j-api/1.7.25/slf4j-api-1.7.25.jar:/home/user/.m2/repository/org/slf4j/jul-to-slf4j/1.7.25/jul-to-slf4j-1.7.25.jar:/home/user/.m2/repository/org/eclipse/jetty/jetty-util/9.3.24.v20180605/jetty-util-9.3.24.v20180605.jar:/home/user/.m2/repository/com/fasterxml/jackson/core/jackson-databind/2.9.5/jackson-databind-2.9.5.jar:/home/user/.m2/repository/org/apache/hadoop/hadoop-kms/3.2.0/hadoop-kms-3.2.0-tests.jar:/home/user/.m2/repository/org/apache/hadoop/hadoop-hdds-server-scm/0.5.0-SNAPSHOT/hadoop-hdds-server-scm-0.5.0-SNAPSHOT-tests.jar:/home/user/.m2/repository/org/apache/hadoop/hadoop-hdds-container-service/0.5.0-SNAPSHOT/hadoop-hdds-container-service-0.5.0-SNAPSHOT-tests.jar:/home/user/.m2/repository/org/yaml/snakeyaml/1.16/snakeyaml-1.16.jar:/home/user/.m2/repository/org/apache/hadoop/hadoop-common/3.2.0/hadoop-common-3.2.0-tests.jar:/home/user/.m2/repository/org/apache/hadoop/hadoop-annotations/3.2.0/hadoop-annotations-3.2.0.jar:/usr/lib/jvm/java-1.8-openjdk/jre/../lib/tools.jar:/home/user/.m2/repository/commons-cli/commons-cli/1.2/commons-cli-1.2.jar:/home/user/.m2/repository/org/apache/httpcomponents/httpclient/4.5.2/httpclient-4.5.2.jar:/home/user/.m2/repository/org/apache/httpcomponents/httpcore/4.4.4/httpcore-4.4.4.jar:/home/user/.m2/repository/commons-codec/commons-codec/1.11/commons-codec-1.11.jar:/home/user/.m2/repository/commons-net/commons-net/3.6/commons-net-3.6.jar:/home/user/.m2/repository/commons-collections/commons-collections/3.2.2/commons-collections-3.2.2.jar:/home/user/.m2/repository/org/eclipse/jetty/jetty-servlet/9.3.24.v20180605/jetty-servlet-9.3.24.v20180605.jar:/home/user/.m2/repository/org/eclipse/jetty/jetty-security/9.3.24.v20180605/jetty-security-9.3.24.v20180605.jar:/home/user/.m2/repository/javax/servlet/jsp/jsp-api/2.1/jsp-api-2.1.jar:/home/user/.m2/repository/com/sun/jersey/jersey-servlet/1.19/jersey-servlet-1.19.jar:/home/user/.m2/repository/com/sun/jersey/jersey-json/1.19/jersey-json-1.19.jar:/home/user/.m2/repository/org/codehaus/jettison/jettison/1.1/jettison-1.1.jar:/home/user/.m2/repository/org/codehaus/jackson/jackson-core-asl/1.9.13/jackson-core-asl-1.9.13.jar:/home/user/.m2/repository/org/codehaus/jackson/jackson-mapper-asl/1.9.13/jackson-mapper-asl-1.9.13.jar:/home/user/.m2/repository/org/codehaus/jackson/jackson-jaxrs/1.9.13/jackson-jaxrs-1.9.13.jar:/home/user/.m2/repository/org/codehaus/jackson/jackson-xc/1.9.13/jackson-xc-1.9.13.jar:/home/user/.m2/repository/commons-logging/commons-logging/1.1.3/commons-logging-1.1.3.jar:/home/user/.m2/repository/commons-beanutils/commons-beanutils/1.9.3/commons-beanutils-1.9.3.jar:/home/user/.m2/repository/org/apache/commons/commons-configuration2/2.1.1/commons-configuration2-2.1.1.jar:/home/user/.m2/repository/org/apache/commons/commons-lang3/3.7/commons-lang3-3.7.jar:/home/user/.m2/repository/org/apache/commons/commons-text/1.4/commons-text-1.4.jar:/home/user/.m2/repository/org/apache/avro/avro/1.7.7/avro-1.7.7.jar:/home/user/.m2/repository/com/thoughtworks/paranamer/paranamer/2.3/paranamer-2.3.jar:/home/user/.m2/repository/org/xerial/snappy/snappy-java/1.0.5/snappy-java-1.0.5.jar:/home/user/.m2/repository/com/google/re2j/re2j/1.1/re2j-1.1.jar:/home/user/.m2/repository/com/google/code/gson/gson/2.2.4/gson-2.2.4.jar:/home/user/.m2/repository/com/jcraft/jsch/0.1.54/jsch-0.1.54.jar:/home/user/.m2/repository/org/apache/curator/curator-client/2.12.0/curator-client-2.12.0.jar:/home/user/.m2/repository/org/apache/curator/curator-recipes/2.12.0/curator-recipes-2.12.0.jar:/home/user/.m2/repository/com/google/code/findbugs/jsr305/3.0.0/jsr305-3.0.0.jar:/home/user/.m2/repository/org/apache/htrace/htrace-core4/4.1.0-incubating/htrace-core4-4.1.0-incubating.jar:/home/user/.m2/repository/org/apache/zookeeper/zookeeper/3.4.13/zookeeper-3.4.13.jar:/home/user/.m2/repository/org/apache/yetus/audience-annotations/0.5.0/audience-annotations-0.5.0.jar:/home/user/.m2/repository/org/codehaus/woodstox/stax2-api/3.1.4/stax2-api-3.1.4.jar:/home/user/.m2/repository/com/fasterxml/woodstox/woodstox-core/5.0.3/woodstox-core-5.0.3.jar:/home/user/.m2/repository/dnsjava/dnsjava/2.1.7/dnsjava-2.1.7.jar:/home/user/.m2/repository/org/apache/hadoop/hadoop-hdfs/3.2.0/hadoop-hdfs-3.2.0-tests.jar:/home/user/.m2/repository/org/eclipse/jetty/jetty-util-ajax/9.3.24.v20180605/jetty-util-ajax-9.3.24.v20180605.jar:/home/user/.m2/repository/commons-daemon/commons-daemon/1.0.13/commons-daemon-1.0.13.jar:/home/user/.m2/repository/io/netty/netty/3.10.5.Final/netty-3.10.5.Final.jar:/home/user/.m2/repository/io/netty/netty-all/4.0.52.Final/netty-all-4.0.52.Final.jar:/home/user/.m2/repository/org/fusesource/leveldbjni/leveldbjni-all/1.8/leveldbjni-all-1.8.jar:"/>
    <property name="java.vm.vendor" value="IcedTea"/>
    <property name="sun.arch.data.model" value="64"/>
    <property name="test.build.dir" value="/workdir/hadoop-ozone/integration-test/target/test-dir"/>
    <property name="test.cache.data" value=""/>
    <property name="java.vendor.url" value="https://icedtea.classpath.org"/>
    <property name="user.timezone" value=""/>
    <property name="java.vm.specification.version" value="1.8"/>
    <property name="os.name" value="Linux"/>
    <property name="test.build.data" value="/workdir/hadoop-ozone/integration-test/target/test-dir"/>
    <property name="user.country" value="US"/>
    <property name="sun.java.launcher" value="SUN_STANDARD"/>
    <property name="sun.boot.library.path" value="/usr/lib/jvm/java-1.8-openjdk/jre/lib/amd64"/>
    <property name="sun.java.command" value="/workdir/hadoop-ozone/integration-test/target/surefire/surefirebooter4256470846493214226.jar /workdir/hadoop-ozone/integration-test/target/surefire 2019-09-19T03-21-01_553-jvmRun1 surefire325212371058703766tmp surefire_631911412448054339328tmp"/>
    <property name="test" value="!TestMiniChaosOzoneCluster"/>
    <property name="surefire.test.class.path" value="/workdir/hadoop-ozone/integration-test/target/test-classes:/workdir/hadoop-ozone/integration-test/target/classes:/home/user/.m2/repository/org/apache/hadoop/hadoop-ozone-common/0.5.0-SNAPSHOT/hadoop-ozone-common-0.5.0-SNAPSHOT.jar:/home/user/.m2/repository/org/apache/commons/commons-compress/1.4.1/commons-compress-1.4.1.jar:/home/user/.m2/repository/org/tukaani/xz/1.0/xz-1.0.jar:/home/user/.m2/repository/org/apache/hadoop/hadoop-common/3.2.0/hadoop-common-3.2.0.jar:/home/user/.m2/repository/org/apache/hadoop/hadoop-hdfs/3.2.0/hadoop-hdfs-3.2.0.jar:/home/user/.m2/repository/org/apache/hadoop/hadoop-hdfs-client/3.2.0/hadoop-hdfs-client-3.2.0.jar:/home/user/.m2/repository/com/fasterxml/jackson/core/jackson-annotations/2.9.5/jackson-annotations-2.9.5.jar:/home/user/.m2/repository/org/apache/hadoop/hadoop-hdds-common/0.5.0-SNAPSHOT/hadoop-hdds-common-0.5.0-SNAPSHOT.jar:/home/user/.m2/repository/javax/annotation/javax.annotation-api/1.2/javax.annotation-api-1.2.jar:/home/user/.m2/repository/org/apache/ratis/ratis-server/0.4.0-2337318-SNAPSHOT/ratis-server-0.4.0-2337318-SNAPSHOT.jar:/home/user/.m2/repository/org/apache/ratis/ratis-thirdparty-misc/0.2.0/ratis-thirdparty-misc-0.2.0.jar:/home/user/.m2/repository/org/apache/ratis/ratis-proto/0.4.0-2337318-SNAPSHOT/ratis-proto-0.4.0-2337318-SNAPSHOT.jar:/home/user/.m2/repository/org/apache/ratis/ratis-common/0.4.0-2337318-SNAPSHOT/ratis-common-0.4.0-2337318-SNAPSHOT.jar:/home/user/.m2/repository/org/apache/ratis/ratis-client/0.4.0-2337318-SNAPSHOT/ratis-client-0.4.0-2337318-SNAPSHOT.jar:/home/user/.m2/repository/org/apache/ratis/ratis-metrics/0.4.0-2337318-SNAPSHOT/ratis-metrics-0.4.0-2337318-SNAPSHOT.jar:/home/user/.m2/repository/org/apache/ratis/ratis-netty/0.4.0-2337318-SNAPSHOT/ratis-netty-0.4.0-2337318-SNAPSHOT.jar:/home/user/.m2/repository/org/apache/ratis/ratis-grpc/0.4.0-2337318-SNAPSHOT/ratis-grpc-0.4.0-2337318-SNAPSHOT.jar:/home/user/.m2/repository/org/rocksdb/rocksdbjni/6.0.1/rocksdbjni-6.0.1.jar:/home/user/.m2/repository/org/apache/logging/log4j/log4j-api/2.11.0/log4j-api-2.11.0.jar:/home/user/.m2/repository/org/apache/logging/log4j/log4j-core/2.11.0/log4j-core-2.11.0.jar:/home/user/.m2/repository/com/lmax/disruptor/3.4.2/disruptor-3.4.2.jar:/home/user/.m2/repository/org/apache/commons/commons-pool2/2.6.0/commons-pool2-2.6.0.jar:/home/user/.m2/repository/org/bouncycastle/bcpkix-jdk15on/1.60/bcpkix-jdk15on-1.60.jar:/home/user/.m2/repository/commons-validator/commons-validator/1.6/commons-validator-1.6.jar:/home/user/.m2/repository/commons-digester/commons-digester/1.8.1/commons-digester-1.8.1.jar:/home/user/.m2/repository/io/jaegertracing/jaeger-client/0.33.1/jaeger-client-0.33.1.jar:/home/user/.m2/repository/io/jaegertracing/jaeger-thrift/0.33.1/jaeger-thrift-0.33.1.jar:/home/user/.m2/repository/org/apache/thrift/libthrift/0.11.0/libthrift-0.11.0.jar:/home/user/.m2/repository/com/squareup/okhttp3/okhttp/3.9.0/okhttp-3.9.0.jar:/home/user/.m2/repository/com/squareup/okio/okio/1.13.0/okio-1.13.0.jar:/home/user/.m2/repository/io/jaegertracing/jaeger-core/0.33.1/jaeger-core-0.33.1.jar:/home/user/.m2/repository/io/jaegertracing/jaeger-tracerresolver/0.33.1/jaeger-tracerresolver-0.33.1.jar:/home/user/.m2/repository/io/opentracing/contrib/opentracing-tracerresolver/0.1.5/opentracing-tracerresolver-0.1.5.jar:/home/user/.m2/repository/io/opentracing/opentracing-util/0.31.0/opentracing-util-0.31.0.jar:/home/user/.m2/repository/io/opentracing/opentracing-api/0.31.0/opentracing-api-0.31.0.jar:/home/user/.m2/repository/io/opentracing/opentracing-noop/0.31.0/opentracing-noop-0.31.0.jar:/home/user/.m2/repository/org/apache/hadoop/hadoop-hdds-server-framework/0.5.0-SNAPSHOT/hadoop-hdds-server-framework-0.5.0-SNAPSHOT.jar:/home/user/.m2/repository/org/apache/hadoop/hadoop-hdds-container-service/0.5.0-SNAPSHOT/hadoop-hdds-container-service-0.5.0-SNAPSHOT.jar:/home/user/.m2/repository/org/apache/hadoop/hadoop-hdds-client/0.5.0-SNAPSHOT/hadoop-hdds-client-0.5.0-SNAPSHOT.jar:/home/user/.m2/repository/org/apache/hadoop/hadoop-hdds-tools/0.5.0-SNAPSHOT/hadoop-hdds-tools-0.5.0-SNAPSHOT.jar:/home/user/.m2/repository/org/apache/hadoop/hadoop-hdds-server-scm/0.5.0-SNAPSHOT/hadoop-hdds-server-scm-0.5.0-SNAPSHOT.jar:/home/user/.m2/repository/org/apache/hadoop/hadoop-hdds-docs/0.5.0-SNAPSHOT/hadoop-hdds-docs-0.5.0-SNAPSHOT.jar:/home/user/.m2/repository/io/dropwizard/metrics/metrics-core/3.2.4/metrics-core-3.2.4.jar:/home/user/.m2/repository/org/hamcrest/hamcrest-all/1.3/hamcrest-all-1.3.jar:/home/user/.m2/repository/org/bouncycastle/bcprov-jdk15on/1.60/bcprov-jdk15on-1.60.jar:/home/user/.m2/repository/info/picocli/picocli/3.9.6/picocli-3.9.6.jar:/home/user/.m2/repository/com/google/protobuf/protobuf-java/2.5.0/protobuf-java-2.5.0.jar:/home/user/.m2/repository/com/google/guava/guava/11.0.2/guava-11.0.2.jar:/home/user/.m2/repository/org/apache/hadoop/hadoop-ozone-ozone-manager/0.5.0-SNAPSHOT/hadoop-ozone-ozone-manager-0.5.0-SNAPSHOT.jar:/home/user/.m2/repository/org/apache/hadoop/hadoop-minikdc/3.2.0/hadoop-minikdc-3.2.0.jar:/home/user/.m2/repository/commons-io/commons-io/2.5/commons-io-2.5.jar:/home/user/.m2/repository/org/apache/kerby/kerb-simplekdc/1.0.1/kerb-simplekdc-1.0.1.jar:/home/user/.m2/repository/org/apache/kerby/kerb-client/1.0.1/kerb-client-1.0.1.jar:/home/user/.m2/repository/org/apache/kerby/kerby-config/1.0.1/kerby-config-1.0.1.jar:/home/user/.m2/repository/org/apache/kerby/kerb-core/1.0.1/kerb-core-1.0.1.jar:/home/user/.m2/repository/org/apache/kerby/kerby-pkix/1.0.1/kerby-pkix-1.0.1.jar:/home/user/.m2/repository/org/apache/kerby/kerby-asn1/1.0.1/kerby-asn1-1.0.1.jar:/home/user/.m2/repository/org/apache/kerby/kerby-util/1.0.1/kerby-util-1.0.1.jar:/home/user/.m2/repository/org/apache/kerby/kerb-common/1.0.1/kerb-common-1.0.1.jar:/home/user/.m2/repository/org/apache/kerby/kerb-crypto/1.0.1/kerb-crypto-1.0.1.jar:/home/user/.m2/repository/org/apache/kerby/kerb-util/1.0.1/kerb-util-1.0.1.jar:/home/user/.m2/repository/org/apache/kerby/token-provider/1.0.1/token-provider-1.0.1.jar:/home/user/.m2/repository/org/apache/kerby/kerb-admin/1.0.1/kerb-admin-1.0.1.jar:/home/user/.m2/repository/org/apache/kerby/kerb-server/1.0.1/kerb-server-1.0.1.jar:/home/user/.m2/repository/org/apache/kerby/kerb-identity/1.0.1/kerb-identity-1.0.1.jar:/home/user/.m2/repository/org/apache/kerby/kerby-xdr/1.0.1/kerby-xdr-1.0.1.jar:/home/user/.m2/repository/org/slf4j/slf4j-log4j12/1.7.25/slf4j-log4j12-1.7.25.jar:/home/user/.m2/repository/org/apache/hadoop/hadoop-ozone-objectstore-service/0.5.0-SNAPSHOT/hadoop-ozone-objectstore-service-0.5.0-SNAPSHOT.jar:/home/user/.m2/repository/org/apache/hadoop/hadoop-ozone-s3gateway/0.5.0-SNAPSHOT/hadoop-ozone-s3gateway-0.5.0-SNAPSHOT.jar:/home/user/.m2/repository/org/jboss/weld/servlet/weld-servlet/2.4.7.Final/weld-servlet-2.4.7.Final.jar:/home/user/.m2/repository/org/glassfish/jersey/containers/jersey-container-servlet-core/2.27/jersey-container-servlet-core-2.27.jar:/home/user/.m2/repository/org/glassfish/hk2/external/javax.inject/2.5.0-b42/javax.inject-2.5.0-b42.jar:/home/user/.m2/repository/org/glassfish/jersey/core/jersey-common/2.27/jersey-common-2.27.jar:/home/user/.m2/repository/org/glassfish/hk2/osgi-resource-locator/1.0.1/osgi-resource-locator-1.0.1.jar:/home/user/.m2/repository/javax/ws/rs/javax.ws.rs-api/2.1/javax.ws.rs-api-2.1.jar:/home/user/.m2/repository/org/glassfish/jersey/ext/cdi/jersey-cdi1x/2.27/jersey-cdi1x-2.27.jar:/home/user/.m2/repository/org/glassfish/jersey/inject/jersey-hk2/2.27/jersey-hk2-2.27.jar:/home/user/.m2/repository/org/glassfish/hk2/hk2-locator/2.5.0-b42/hk2-locator-2.5.0-b42.jar:/home/user/.m2/repository/org/javassist/javassist/3.22.0-CR2/javassist-3.22.0-CR2.jar:/home/user/.m2/repository/org/glassfish/hk2/hk2-api/2.5.0/hk2-api-2.5.0.jar:/home/user/.m2/repository/org/glassfish/hk2/external/jakarta.inject/2.5.0/jakarta.inject-2.5.0.jar:/home/user/.m2/repository/org/glassfish/hk2/hk2-utils/2.5.0/hk2-utils-2.5.0.jar:/home/user/.m2/repository/jakarta/annotation/jakarta.annotation-api/1.3.4/jakarta.annotation-api-1.3.4.jar:/home/user/.m2/repository/org/glassfish/hk2/external/aopalliance-repackaged/2.5.0/aopalliance-repackaged-2.5.0.jar:/home/user/.m2/repository/com/fasterxml/jackson/dataformat/jackson-dataformat-xml/2.9.0/jackson-dataformat-xml-2.9.0.jar:/home/user/.m2/repository/com/fasterxml/jackson/core/jackson-core/2.9.5/jackson-core-2.9.5.jar:/home/user/.m2/repository/com/fasterxml/jackson/module/jackson-module-jaxb-annotations/2.9.5/jackson-module-jaxb-annotations-2.9.5.jar:/home/user/.m2/repository/javax/enterprise/cdi-api/1.2/cdi-api-1.2.jar:/home/user/.m2/repository/javax/el/javax.el-api/3.0.0/javax.el-api-3.0.0.jar:/home/user/.m2/repository/javax/interceptor/javax.interceptor-api/1.2/javax.interceptor-api-1.2.jar:/home/user/.m2/repository/javax/inject/javax.inject/1/javax.inject-1.jar:/home/user/.m2/repository/com/sun/xml/bind/jaxb-impl/2.3.0.1/jaxb-impl-2.3.0.1.jar:/home/user/.m2/repository/com/sun/xml/bind/jaxb-core/2.3.0.1/jaxb-core-2.3.0.1.jar:/home/user/.m2/repository/javax/xml/bind/jaxb-api/2.3.0/jaxb-api-2.3.0.jar:/home/user/.m2/repository/javax/activation/activation/1.1.1/activation-1.1.1.jar:/home/user/.m2/repository/org/apache/hadoop/hadoop-ozone-csi/0.5.0-SNAPSHOT/hadoop-ozone-csi-0.5.0-SNAPSHOT.jar:/home/user/.m2/repository/com/google/protobuf/protobuf-java-util/3.5.1/protobuf-java-util-3.5.1.jar:/home/user/.m2/repository/org/apache/hadoop/hadoop-hdds-config/0.5.0-SNAPSHOT/hadoop-hdds-config-0.5.0-SNAPSHOT.jar:/home/user/.m2/repository/io/grpc/grpc-netty/1.17.1/grpc-netty-1.17.1.jar:/home/user/.m2/repository/io/grpc/grpc-core/1.17.1/grpc-core-1.17.1.jar:/home/user/.m2/repository/io/grpc/grpc-context/1.17.1/grpc-context-1.17.1.jar:/home/user/.m2/repository/com/google/errorprone/error_prone_annotations/2.2.0/error_prone_annotations-2.2.0.jar:/home/user/.m2/repository/org/codehaus/mojo/animal-sniffer-annotations/1.17/animal-sniffer-annotations-1.17.jar:/home/user/.m2/repository/io/opencensus/opencensus-api/0.17.0/opencensus-api-0.17.0.jar:/home/user/.m2/repository/io/opencensus/opencensus-contrib-grpc-metrics/0.17.0/opencensus-contrib-grpc-metrics-0.17.0.jar:/home/user/.m2/repository/io/netty/netty-codec-http2/4.1.30.Final/netty-codec-http2-4.1.30.Final.jar:/home/user/.m2/repository/io/netty/netty-codec-http/4.1.30.Final/netty-codec-http-4.1.30.Final.jar:/home/user/.m2/repository/io/netty/netty-codec/4.1.30.Final/netty-codec-4.1.30.Final.jar:/home/user/.m2/repository/io/netty/netty-handler/4.1.30.Final/netty-handler-4.1.30.Final.jar:/home/user/.m2/repository/io/netty/netty-handler-proxy/4.1.30.Final/netty-handler-proxy-4.1.30.Final.jar:/home/user/.m2/repository/io/netty/netty-codec-socks/4.1.30.Final/netty-codec-socks-4.1.30.Final.jar:/home/user/.m2/repository/io/netty/netty-transport-native-epoll/4.1.30.Final/netty-transport-native-epoll-4.1.30.Final.jar:/home/user/.m2/repository/io/netty/netty-common/4.1.30.Final/netty-common-4.1.30.Final.jar:/home/user/.m2/repository/io/netty/netty-buffer/4.1.30.Final/netty-buffer-4.1.30.Final.jar:/home/user/.m2/repository/io/netty/netty-transport/4.1.30.Final/netty-transport-4.1.30.Final.jar:/home/user/.m2/repository/io/netty/netty-resolver/4.1.30.Final/netty-resolver-4.1.30.Final.jar:/home/user/.m2/repository/io/netty/netty-transport-native-unix-common/4.1.30.Final/netty-transport-native-unix-common-4.1.30.Final.jar:/home/user/.m2/repository/io/grpc/grpc-protobuf/1.17.1/grpc-protobuf-1.17.1.jar:/home/user/.m2/repository/com/google/api/grpc/proto-google-common-protos/1.0.0/proto-google-common-protos-1.0.0.jar:/home/user/.m2/repository/io/grpc/grpc-protobuf-lite/1.17.1/grpc-protobuf-lite-1.17.1.jar:/home/user/.m2/repository/io/grpc/grpc-stub/1.17.1/grpc-stub-1.17.1.jar:/home/user/.m2/repository/org/apache/hadoop/hadoop-ozone-recon/0.5.0-SNAPSHOT/hadoop-ozone-recon-0.5.0-SNAPSHOT.jar:/home/user/.m2/repository/org/apache/hadoop/hadoop-ozone-reconcodegen/0.5.0-SNAPSHOT/hadoop-ozone-reconcodegen-0.5.0-SNAPSHOT.jar:/home/user/.m2/repository/com/google/inject/extensions/guice-multibindings/4.0/guice-multibindings-4.0.jar:/home/user/.m2/repository/com/google/inject/guice/4.0/guice-4.0.jar:/home/user/.m2/repository/aopalliance/aopalliance/1.0/aopalliance-1.0.jar:/home/user/.m2/repository/com/google/inject/extensions/guice-servlet/4.0/guice-servlet-4.0.jar:/home/user/.m2/repository/org/glassfish/jersey/containers/jersey-container-servlet/2.27/jersey-container-servlet-2.27.jar:/home/user/.m2/repository/org/glassfish/hk2/guice-bridge/2.5.0/guice-bridge-2.5.0.jar:/home/user/.m2/repository/org/glassfish/jersey/core/jersey-server/2.27/jersey-server-2.27.jar:/home/user/.m2/repository/org/glassfish/jersey/core/jersey-client/2.27/jersey-client-2.27.jar:/home/user/.m2/repository/org/glassfish/jersey/media/jersey-media-jaxb/2.27/jersey-media-jaxb-2.27.jar:/home/user/.m2/repository/javax/validation/validation-api/1.1.0.Final/validation-api-1.1.0.Final.jar:/home/user/.m2/repository/org/glassfish/jersey/media/jersey-media-json-jackson/2.27/jersey-media-json-jackson-2.27.jar:/home/user/.m2/repository/org/glassfish/jersey/ext/jersey-entity-filtering/2.27/jersey-entity-filtering-2.27.jar:/home/user/.m2/repository/com/google/inject/extensions/guice-assistedinject/4.0/guice-assistedinject-4.0.jar:/home/user/.m2/repository/org/jooq/jooq/3.11.10/jooq-3.11.10.jar:/home/user/.m2/repository/org/jooq/jooq-meta/3.11.10/jooq-meta-3.11.10.jar:/home/user/.m2/repository/org/jooq/jooq-codegen/3.11.10/jooq-codegen-3.11.10.jar:/home/user/.m2/repository/com/jolbox/bonecp/0.8.0.RELEASE/bonecp-0.8.0.RELEASE.jar:/home/user/.m2/repository/org/xerial/sqlite-jdbc/3.25.2/sqlite-jdbc-3.25.2.jar:/home/user/.m2/repository/org/springframework/spring-jdbc/5.1.3.RELEASE/spring-jdbc-5.1.3.RELEASE.jar:/home/user/.m2/repository/org/springframework/spring-beans/5.1.3.RELEASE/spring-beans-5.1.3.RELEASE.jar:/home/user/.m2/repository/org/springframework/spring-core/5.1.3.RELEASE/spring-core-5.1.3.RELEASE.jar:/home/user/.m2/repository/org/springframework/spring-jcl/5.1.3.RELEASE/spring-jcl-5.1.3.RELEASE.jar:/home/user/.m2/repository/org/springframework/spring-tx/5.1.3.RELEASE/spring-tx-5.1.3.RELEASE.jar:/home/user/.m2/repository/org/apache/hadoop/hadoop-ozone-client/0.5.0-SNAPSHOT/hadoop-ozone-client-0.5.0-SNAPSHOT.jar:/home/user/.m2/repository/commons-lang/commons-lang/2.6/commons-lang-2.6.jar:/home/user/.m2/repository/org/apache/hadoop/hadoop-ozone-ozone-manager/0.5.0-SNAPSHOT/hadoop-ozone-ozone-manager-0.5.0-SNAPSHOT-tests.jar:/home/user/.m2/repository/junit/junit/4.11/junit-4.11.jar:/home/user/.m2/repository/org/hamcrest/hamcrest-core/1.3/hamcrest-core-1.3.jar:/home/user/.m2/repository/org/openjdk/jmh/jmh-core/1.19/jmh-core-1.19.jar:/home/user/.m2/repository/net/sf/jopt-simple/jopt-simple/4.6/jopt-simple-4.6.jar:/home/user/.m2/repository/org/apache/commons/commons-math3/3.1.1/commons-math3-3.1.1.jar:/home/user/.m2/repository/org/openjdk/jmh/jmh-generator-annprocess/1.19/jmh-generator-annprocess-1.19.jar:/home/user/.m2/repository/org/mockito/mockito-all/1.8.5/mockito-all-1.8.5.jar:/home/user/.m2/repository/org/apache/hadoop/hadoop-kms/3.2.0/hadoop-kms-3.2.0.jar:/home/user/.m2/repository/org/apache/hadoop/hadoop-auth/3.2.0/hadoop-auth-3.2.0.jar:/home/user/.m2/repository/com/nimbusds/nimbus-jose-jwt/4.41.1/nimbus-jose-jwt-4.41.1.jar:/home/user/.m2/repository/com/github/stephenc/jcip/jcip-annotations/1.0-1/jcip-annotations-1.0-1.jar:/home/user/.m2/repository/net/minidev/json-smart/2.3/json-smart-2.3.jar:/home/user/.m2/repository/net/minidev/accessors-smart/1.2/accessors-smart-1.2.jar:/home/user/.m2/repository/org/ow2/asm/asm/5.0.4/asm-5.0.4.jar:/home/user/.m2/repository/org/apache/curator/curator-framework/2.12.0/curator-framework-2.12.0.jar:/home/user/.m2/repository/com/sun/jersey/jersey-core/1.19/jersey-core-1.19.jar:/home/user/.m2/repository/javax/ws/rs/jsr311-api/1.1.1/jsr311-api-1.1.1.jar:/home/user/.m2/repository/com/sun/jersey/jersey-server/1.19/jersey-server-1.19.jar:/home/user/.m2/repository/javax/servlet/javax.servlet-api/3.1.0/javax.servlet-api-3.1.0.jar:/home/user/.m2/repository/org/eclipse/jetty/jetty-server/9.3.24.v20180605/jetty-server-9.3.24.v20180605.jar:/home/user/.m2/repository/org/eclipse/jetty/jetty-http/9.3.24.v20180605/jetty-http-9.3.24.v20180605.jar:/home/user/.m2/repository/org/eclipse/jetty/jetty-io/9.3.24.v20180605/jetty-io-9.3.24.v20180605.jar:/home/user/.m2/repository/org/eclipse/jetty/jetty-webapp/9.3.24.v20180605/jetty-webapp-9.3.24.v20180605.jar:/home/user/.m2/repository/org/eclipse/jetty/jetty-xml/9.3.24.v20180605/jetty-xml-9.3.24.v20180605.jar:/home/user/.m2/repository/log4j/log4j/1.2.17/log4j-1.2.17.jar:/home/user/.m2/repository/org/slf4j/slf4j-api/1.7.25/slf4j-api-1.7.25.jar:/home/user/.m2/repository/org/slf4j/jul-to-slf4j/1.7.25/jul-to-slf4j-1.7.25.jar:/home/user/.m2/repository/org/eclipse/jetty/jetty-util/9.3.24.v20180605/jetty-util-9.3.24.v20180605.jar:/home/user/.m2/repository/com/fasterxml/jackson/core/jackson-databind/2.9.5/jackson-databind-2.9.5.jar:/home/user/.m2/repository/org/apache/hadoop/hadoop-kms/3.2.0/hadoop-kms-3.2.0-tests.jar:/home/user/.m2/repository/org/apache/hadoop/hadoop-hdds-server-scm/0.5.0-SNAPSHOT/hadoop-hdds-server-scm-0.5.0-SNAPSHOT-tests.jar:/home/user/.m2/repository/org/apache/hadoop/hadoop-hdds-container-service/0.5.0-SNAPSHOT/hadoop-hdds-container-service-0.5.0-SNAPSHOT-tests.jar:/home/user/.m2/repository/org/yaml/snakeyaml/1.16/snakeyaml-1.16.jar:/home/user/.m2/repository/org/apache/hadoop/hadoop-common/3.2.0/hadoop-common-3.2.0-tests.jar:/home/user/.m2/repository/org/apache/hadoop/hadoop-annotations/3.2.0/hadoop-annotations-3.2.0.jar:/usr/lib/jvm/java-1.8-openjdk/jre/../lib/tools.jar:/home/user/.m2/repository/commons-cli/commons-cli/1.2/commons-cli-1.2.jar:/home/user/.m2/repository/org/apache/httpcomponents/httpclient/4.5.2/httpclient-4.5.2.jar:/home/user/.m2/repository/org/apache/httpcomponents/httpcore/4.4.4/httpcore-4.4.4.jar:/home/user/.m2/repository/commons-codec/commons-codec/1.11/commons-codec-1.11.jar:/home/user/.m2/repository/commons-net/commons-net/3.6/commons-net-3.6.jar:/home/user/.m2/repository/commons-collections/commons-collections/3.2.2/commons-collections-3.2.2.jar:/home/user/.m2/repository/org/eclipse/jetty/jetty-servlet/9.3.24.v20180605/jetty-servlet-9.3.24.v20180605.jar:/home/user/.m2/repository/org/eclipse/jetty/jetty-security/9.3.24.v20180605/jetty-security-9.3.24.v20180605.jar:/home/user/.m2/repository/javax/servlet/jsp/jsp-api/2.1/jsp-api-2.1.jar:/home/user/.m2/repository/com/sun/jersey/jersey-servlet/1.19/jersey-servlet-1.19.jar:/home/user/.m2/repository/com/sun/jersey/jersey-json/1.19/jersey-json-1.19.jar:/home/user/.m2/repository/org/codehaus/jettison/jettison/1.1/jettison-1.1.jar:/home/user/.m2/repository/org/codehaus/jackson/jackson-core-asl/1.9.13/jackson-core-asl-1.9.13.jar:/home/user/.m2/repository/org/codehaus/jackson/jackson-mapper-asl/1.9.13/jackson-mapper-asl-1.9.13.jar:/home/user/.m2/repository/org/codehaus/jackson/jackson-jaxrs/1.9.13/jackson-jaxrs-1.9.13.jar:/home/user/.m2/repository/org/codehaus/jackson/jackson-xc/1.9.13/jackson-xc-1.9.13.jar:/home/user/.m2/repository/commons-logging/commons-logging/1.1.3/commons-logging-1.1.3.jar:/home/user/.m2/repository/commons-beanutils/commons-beanutils/1.9.3/commons-beanutils-1.9.3.jar:/home/user/.m2/repository/org/apache/commons/commons-configuration2/2.1.1/commons-configuration2-2.1.1.jar:/home/user/.m2/repository/org/apache/commons/commons-lang3/3.7/commons-lang3-3.7.jar:/home/user/.m2/repository/org/apache/commons/commons-text/1.4/commons-text-1.4.jar:/home/user/.m2/repository/org/apache/avro/avro/1.7.7/avro-1.7.7.jar:/home/user/.m2/repository/com/thoughtworks/paranamer/paranamer/2.3/paranamer-2.3.jar:/home/user/.m2/repository/org/xerial/snappy/snappy-java/1.0.5/snappy-java-1.0.5.jar:/home/user/.m2/repository/com/google/re2j/re2j/1.1/re2j-1.1.jar:/home/user/.m2/repository/com/google/code/gson/gson/2.2.4/gson-2.2.4.jar:/home/user/.m2/repository/com/jcraft/jsch/0.1.54/jsch-0.1.54.jar:/home/user/.m2/repository/org/apache/curator/curator-client/2.12.0/curator-client-2.12.0.jar:/home/user/.m2/repository/org/apache/curator/curator-recipes/2.12.0/curator-recipes-2.12.0.jar:/home/user/.m2/repository/com/google/code/findbugs/jsr305/3.0.0/jsr305-3.0.0.jar:/home/user/.m2/repository/org/apache/htrace/htrace-core4/4.1.0-incubating/htrace-core4-4.1.0-incubating.jar:/home/user/.m2/repository/org/apache/zookeeper/zookeeper/3.4.13/zookeeper-3.4.13.jar:/home/user/.m2/repository/org/apache/yetus/audience-annotations/0.5.0/audience-annotations-0.5.0.jar:/home/user/.m2/repository/org/codehaus/woodstox/stax2-api/3.1.4/stax2-api-3.1.4.jar:/home/user/.m2/repository/com/fasterxml/woodstox/woodstox-core/5.0.3/woodstox-core-5.0.3.jar:/home/user/.m2/repository/dnsjava/dnsjava/2.1.7/dnsjava-2.1.7.jar:/home/user/.m2/repository/org/apache/hadoop/hadoop-hdfs/3.2.0/hadoop-hdfs-3.2.0-tests.jar:/home/user/.m2/repository/org/eclipse/jetty/jetty-util-ajax/9.3.24.v20180605/jetty-util-ajax-9.3.24.v20180605.jar:/home/user/.m2/repository/commons-daemon/commons-daemon/1.0.13/commons-daemon-1.0.13.jar:/home/user/.m2/repository/io/netty/netty/3.10.5.Final/netty-3.10.5.Final.jar:/home/user/.m2/repository/io/netty/netty-all/4.0.52.Final/netty-all-4.0.52.Final.jar:/home/user/.m2/repository/org/fusesource/leveldbjni/leveldbjni-all/1.8/leveldbjni-all-1.8.jar:"/>
    <property name="sun.cpu.endian" value="little"/>
    <property name="user.home" value="/home/user"/>
    <property name="user.language" value="en"/>
    <property name="java.specification.vendor" value="Oracle Corporation"/>
    <property name="java.home" value="/usr/lib/jvm/java-1.8-openjdk/jre"/>
    <property name="java.security.krb5.conf" value="/workdir/hadoop-ozone/integration-test/target/test-classes/krb5.conf"/>
    <property name="basedir" value="/workdir/hadoop-ozone/integration-test"/>
    <property name="file.separator" value="/"/>
    <property name="line.separator" value="&#10;"/>
    <property name="java.vm.specification.vendor" value="Oracle Corporation"/>
    <property name="java.specification.name" value="Java Platform API Specification"/>
    <property name="java.awt.graphicsenv" value="sun.awt.X11GraphicsEnvironment"/>
    <property name="surefire.real.class.path" value="/workdir/hadoop-ozone/integration-test/target/surefire/surefirebooter4256470846493214226.jar"/>
    <property name="hadoop.log.dir" value="/workdir/hadoop-ozone/integration-test/target/log"/>
    <property name="sun.boot.class.path" value="/usr/lib/jvm/java-1.8-openjdk/jre/lib/resources.jar:/usr/lib/jvm/java-1.8-openjdk/jre/lib/rt.jar:/usr/lib/jvm/java-1.8-openjdk/jre/lib/sunrsasign.jar:/usr/lib/jvm/java-1.8-openjdk/jre/lib/jsse.jar:/usr/lib/jvm/java-1.8-openjdk/jre/lib/jce.jar:/usr/lib/jvm/java-1.8-openjdk/jre/lib/charsets.jar:/usr/lib/jvm/java-1.8-openjdk/jre/lib/jfr.jar:/usr/lib/jvm/java-1.8-openjdk/jre/classes"/>
    <property name="sun.management.compiler" value="HotSpot 64-Bit Tiered Compilers"/>
    <property name="java.runtime.version" value="1.8.0_212-b04"/>
    <property name="java.net.preferIPv4Stack" value="true"/>
    <property name="user.name" value="jenkins1000"/>
    <property name="path.separator" value=":"/>
    <property name="java.security.egd" value="file:///dev/urandom"/>
    <property name="os.version" value="3.10.0-957.12.2.el7.x86_64"/>
    <property name="java.endorsed.dirs" value="/usr/lib/jvm/java-1.8-openjdk/jre/lib/endorsed"/>
    <property name="java.runtime.name" value="OpenJDK Runtime Environment"/>
    <property name="file.encoding" value="UTF-8"/>
    <property name="java.vm.name" value="OpenJDK 64-Bit Server VM"/>
    <property name="test.build.webapps" value=""/>
    <property name="localRepository" value="/home/user/.m2/repository"/>
    <property name="java.vendor.url.bug" value="https://icedtea.classpath.org/bugzilla"/>
    <property name="java.io.tmpdir" value="/tmp"/>
    <property name="require.test.libhadoop" value=""/>
    <property name="java.version" value="1.8.0_212"/>
    <property name="user.dir" value="/workdir/hadoop-ozone/integration-test"/>
    <property name="os.arch" value="amd64"/>
    <property name="java.vm.specification.name" value="Java Virtual Machine Specification"/>
    <property name="test.build.classes" value="/workdir/hadoop-ozone/integration-test/target/test-classes"/>
    <property name="java.awt.printerjob" value="sun.print.PSPrinterJob"/>
    <property name="sun.os.patch.level" value="unknown"/>
    <property name="hadoop.tmp.dir" value="/workdir/hadoop-ozone/integration-test/target/tmp"/>
    <property name="java.library.path" value="/usr/lib/jvm/java-1.8-openjdk/jre/lib/amd64/server:/usr/lib/jvm/java-1.8-openjdk/jre/lib/amd64:/usr/lib/jvm/java-1.8-openjdk/jre/../lib/amd64:/workdir/hadoop-ozone/integration-test/target/native/target/usr/local/lib:/workdir/hadoop-ozone/integration-test/../../hadoop-common-project/hadoop-common/target/native/target/usr/local/lib:/usr/java/packages/lib/amd64:/usr/lib64:/lib64:/lib:/usr/lib"/>
    <property name="java.vm.info" value="mixed mode"/>
    <property name="java.vendor" value="IcedTea"/>
    <property name="java.vm.version" value="25.212-b04"/>
    <property name="java.ext.dirs" value="/usr/lib/jvm/java-1.8-openjdk/jre/lib/ext:/usr/java/packages/lib/ext"/>
    <property name="sun.io.unicode.encoding" value="UnicodeLittle"/>
    <property name="java.class.version" value="52.0"/>
  </properties>
  <testcase name="testGroupMismatchExceptionHandling" classname="org.apache.hadoop.ozone.client.rpc.TestOzoneClientRetriesOnException" time="61.364"/>
  <testcase name="testMaxRetriesByOzoneClient" classname="org.apache.hadoop.ozone.client.rpc.TestOzoneClientRetriesOnException" time="340.459">
    <error message="Failed to command cmdType: CreateContainer&#10;containerID: 1&#10;datanodeUuid: &quot;d40cfe62-fc21-48bd-841c-37c3da2319ca&quot;&#10;createContainer {&#10;}&#10;" type="java.io.IOException">java.io.IOException: 
Failed to command cmdType: CreateContainer
containerID: 1
datanodeUuid: "d40cfe62-fc21-48bd-841c-37c3da2319ca"
createContainer {
}

	at org.apache.hadoop.hdds.scm.XceiverClientSpi.sendCommand(XceiverClientSpi.java:113)
	at org.apache.hadoop.ozone.client.rpc.TestOzoneClientRetriesOnException.testMaxRetriesByOzoneClient(TestOzoneClientRetriesOnException.java:190)
	at sun.reflect.NativeMethodAccessorImpl.invoke0(Native Method)
	at sun.reflect.NativeMethodAccessorImpl.invoke(NativeMethodAccessorImpl.java:62)
	at sun.reflect.DelegatingMethodAccessorImpl.invoke(DelegatingMethodAccessorImpl.java:43)
	at java.lang.reflect.Method.invoke(Method.java:498)
	at org.junit.runners.model.FrameworkMethod$1.runReflectiveCall(FrameworkMethod.java:47)
	at org.junit.internal.runners.model.ReflectiveCallable.run(ReflectiveCallable.java:12)
	at org.junit.runners.model.FrameworkMethod.invokeExplosively(FrameworkMethod.java:44)
	at org.junit.internal.runners.statements.InvokeMethod.evaluate(InvokeMethod.java:17)
	at org.junit.internal.runners.statements.RunBefores.evaluate(RunBefores.java:26)
	at org.junit.internal.runners.statements.RunAfters.evaluate(RunAfters.java:27)
	at org.junit.runners.ParentRunner.runLeaf(ParentRunner.java:271)
	at org.junit.runners.BlockJUnit4ClassRunner.runChild(BlockJUnit4ClassRunner.java:70)
	at org.junit.runners.BlockJUnit4ClassRunner.runChild(BlockJUnit4ClassRunner.java:50)
	at org.junit.runners.ParentRunner$3.run(ParentRunner.java:238)
	at org.junit.runners.ParentRunner$1.schedule(ParentRunner.java:63)
	at org.junit.runners.ParentRunner.runChildren(ParentRunner.java:236)
	at org.junit.runners.ParentRunner.access$000(ParentRunner.java:53)
	at org.junit.runners.ParentRunner$2.evaluate(ParentRunner.java:229)
	at org.junit.runners.ParentRunner.run(ParentRunner.java:309)
	at org.apache.maven.surefire.junit4.JUnit4Provider.execute(JUnit4Provider.java:365)
	at org.apache.maven.surefire.junit4.JUnit4Provider.executeWithRerun(JUnit4Provider.java:273)
	at org.apache.maven.surefire.junit4.JUnit4Provider.executeTestSet(JUnit4Provider.java:238)
	at org.apache.maven.surefire.junit4.JUnit4Provider.invoke(JUnit4Provider.java:159)
	at org.apache.maven.surefire.booter.ForkedBooter.invokeProviderInSameClassLoader(ForkedBooter.java:384)
	at org.apache.maven.surefire.booter.ForkedBooter.runSuitesInProcess(ForkedBooter.java:345)
	at org.apache.maven.surefire.booter.ForkedBooter.execute(ForkedBooter.java:126)
	at org.apache.maven.surefire.booter.ForkedBooter.main(ForkedBooter.java:418)
Caused by: java.util.concurrent.ExecutionException: org.apache.ratis.protocol.RaftRetryFailureException: Failed RaftClientRequest:client-8D3BBA1B251F->cacd8be3-3994-43a0-9248-dc2aa43e6f92@group-52CD28E9D88B, cid=45, seq=4*, RW, org.apache.hadoop.hdds.scm.XceiverClientRatis$$Lambda$576/1251709638@e20b783 for 180 attempts with RetryLimited(maxAttempts=180, sleepTime=1000ms)
	at java.util.concurrent.CompletableFuture.reportGet(CompletableFuture.java:357)
	at java.util.concurrent.CompletableFuture.get(CompletableFuture.java:1895)
	at org.apache.hadoop.hdds.scm.XceiverClientSpi.sendCommand(XceiverClientSpi.java:110)
	... 28 more
Caused by: org.apache.ratis.protocol.RaftRetryFailureException: Failed RaftClientRequest:client-8D3BBA1B251F->cacd8be3-3994-43a0-9248-dc2aa43e6f92@group-52CD28E9D88B, cid=45, seq=4*, RW, org.apache.hadoop.hdds.scm.XceiverClientRatis$$Lambda$576/1251709638@e20b783 for 180 attempts with RetryLimited(maxAttempts=180, sleepTime=1000ms)
	at org.apache.ratis.client.impl.RaftClientImpl.noMoreRetries(RaftClientImpl.java:272)
	at org.apache.ratis.client.impl.OrderedAsync.handleAsyncRetryFailure(OrderedAsync.java:138)
	at org.apache.ratis.client.impl.OrderedAsync.lambda$sendRequest$10(OrderedAsync.java:230)
	at java.util.concurrent.CompletableFuture.uniExceptionally(CompletableFuture.java:870)
	at java.util.concurrent.CompletableFuture$UniExceptionally.tryFire(CompletableFuture.java:852)
	at java.util.concurrent.CompletableFuture.postComplete(CompletableFuture.java:474)
	at java.util.concurrent.CompletableFuture.completeExceptionally(CompletableFuture.java:1977)
	at org.apache.ratis.grpc.client.GrpcClientProtocolClient$AsyncStreamObservers.completeReplyExceptionally(GrpcClientProtocolClient.java:330)
	at org.apache.ratis.grpc.client.GrpcClientProtocolClient$AsyncStreamObservers.access$000(GrpcClientProtocolClient.java:246)
	at org.apache.ratis.grpc.client.GrpcClientProtocolClient$AsyncStreamObservers$1.onNext(GrpcClientProtocolClient.java:258)
	at org.apache.ratis.grpc.client.GrpcClientProtocolClient$AsyncStreamObservers$1.onNext(GrpcClientProtocolClient.java:249)
	at org.apache.ratis.thirdparty.io.grpc.stub.ClientCalls$StreamObserverToCallListenerAdapter.onMessage(ClientCalls.java:421)
	at org.apache.ratis.thirdparty.io.grpc.ForwardingClientCallListener.onMessage(ForwardingClientCallListener.java:33)
	at org.apache.ratis.thirdparty.io.grpc.ForwardingClientCallListener.onMessage(ForwardingClientCallListener.java:33)
	at org.apache.ratis.thirdparty.io.grpc.internal.ClientCallImpl$ClientStreamListenerImpl$1MessagesAvailable.runInContext(ClientCallImpl.java:519)
	at org.apache.ratis.thirdparty.io.grpc.internal.ContextRunnable.run(ContextRunnable.java:37)
	at org.apache.ratis.thirdparty.io.grpc.internal.SerializingExecutor.run(SerializingExecutor.java:123)
	at java.util.concurrent.ThreadPoolExecutor.runWorker(ThreadPoolExecutor.java:1149)
	at java.util.concurrent.ThreadPoolExecutor$Worker.run(ThreadPoolExecutor.java:624)
	at java.lang.Thread.run(Thread.java:748)
Caused by: org.apache.ratis.protocol.NotLeaderException: Server cacd8be3-3994-43a0-9248-dc2aa43e6f92 is not the leader (fc0f8f3b-538d-481e-abe0-204925d4ee8f:192.168.34.50:35638). Request must be sent to leader.
	at org.apache.ratis.client.impl.ClientProtoUtils.toRaftClientReply(ClientProtoUtils.java:242)
	at org.apache.ratis.grpc.client.GrpcClientProtocolClient$AsyncStreamObservers$1.onNext(GrpcClientProtocolClient.java:254)
	... 10 more
</error>
    <system-out><![CDATA[2019-09-19 04:27:59,184 [main] WARN  server.ServerUtils (ServerUtils.java:getScmDbDir(145)) - ozone.scm.db.dirs is not configured. We recommend adding this setting. Falling back to ozone.metadata.dirs instead.
2019-09-19 04:27:59,254 [main] WARN  server.ServerUtils (ServerUtils.java:getScmDbDir(145)) - ozone.scm.db.dirs is not configured. We recommend adding this setting. Falling back to ozone.metadata.dirs instead.
2019-09-19 04:27:59,254 [main] WARN  server.ServerUtils (ServerUtils.java:getScmDbDir(145)) - ozone.scm.db.dirs is not configured. We recommend adding this setting. Falling back to ozone.metadata.dirs instead.
2019-09-19 04:27:59,255 [main] INFO  db.DBStoreBuilder (DBStoreBuilder.java:addTable(110)) - using custom profile for table: deletedBlocks
2019-09-19 04:27:59,255 [main] INFO  db.DBStoreBuilder (DBStoreBuilder.java:processTables(161)) - Using default column profile:DBProfile.DISK for Table:deletedBlocks
2019-09-19 04:27:59,256 [main] INFO  db.DBStoreBuilder (DBStoreBuilder.java:addTable(110)) - using custom profile for table: validCerts
2019-09-19 04:27:59,256 [main] INFO  db.DBStoreBuilder (DBStoreBuilder.java:processTables(161)) - Using default column profile:DBProfile.DISK for Table:validCerts
2019-09-19 04:27:59,257 [main] INFO  db.DBStoreBuilder (DBStoreBuilder.java:addTable(110)) - using custom profile for table: revokedCerts
2019-09-19 04:27:59,257 [main] INFO  db.DBStoreBuilder (DBStoreBuilder.java:processTables(161)) - Using default column profile:DBProfile.DISK for Table:revokedCerts
2019-09-19 04:27:59,257 [main] INFO  db.DBStoreBuilder (DBStoreBuilder.java:addTable(110)) - using custom profile for table: default
2019-09-19 04:27:59,258 [main] INFO  db.DBStoreBuilder (DBStoreBuilder.java:processTables(167)) - Using default column profile:DBProfile.DISK for Table:default
2019-09-19 04:27:59,258 [main] INFO  db.DBStoreBuilder (DBStoreBuilder.java:getDbProfile(198)) - Using default options. DBProfile.DISK
2019-09-19 04:28:00,171 [main] INFO  net.NodeSchemaLoader (NodeSchemaLoader.java:loadSchemaFromFile(125)) - Loading file from sun.misc.CompoundEnumeration@49c83262
2019-09-19 04:28:00,171 [main] INFO  net.NodeSchemaLoader (NodeSchemaLoader.java:loadSchema(171)) - Loading network topology layer schema file
2019-09-19 04:28:00,178 [main] WARN  server.ServerUtils (ServerUtils.java:sanitizeUserArgs(70)) - ozone.scm.stale.node.interval value = 300000 is larger than max = 100000 based on the key value of ozone.scm.heartbeat.thread.interval, reset to the max value 100000.
2019-09-19 04:28:00,179 [main] WARN  server.ServerUtils (ServerUtils.java:sanitizeUserArgs(70)) - ozone.scm.stale.node.interval value = 300000 is larger than max = 100000 based on the key value of ozone.scm.heartbeat.thread.interval, reset to the max value 100000.
2019-09-19 04:28:00,179 [main] INFO  node.SCMNodeManager (SCMNodeManager.java:<init>(121)) - Entering startup safe mode.
2019-09-19 04:28:00,180 [main] INFO  algorithms.ContainerPlacementPolicyFactory (ContainerPlacementPolicyFactory.java:getPolicy(56)) - Create container placement policy of type org.apache.hadoop.hdds.scm.container.placement.algorithms.SCMContainerPlacementRandom
2019-09-19 04:28:00,181 [main] WARN  server.ServerUtils (ServerUtils.java:getScmDbDir(145)) - ozone.scm.db.dirs is not configured. We recommend adding this setting. Falling back to ozone.metadata.dirs instead.
2019-09-19 04:28:00,633 [main] INFO  pipeline.SCMPipelineManager (SCMPipelineManager.java:initializePipelineState(145)) - No pipeline exists in current db
2019-09-19 04:28:00,634 [main] WARN  server.ServerUtils (ServerUtils.java:getScmDbDir(145)) - ozone.scm.db.dirs is not configured. We recommend adding this setting. Falling back to ozone.metadata.dirs instead.
2019-09-19 04:28:01,023 [main] INFO  safemode.HealthyPipelineSafeModeRule (HealthyPipelineSafeModeRule.java:<init>(87)) -  Total pipeline count is 0, healthy pipeline threshold count is 1
2019-09-19 04:28:01,024 [main] INFO  safemode.OneReplicaPipelineSafeModeRule (OneReplicaPipelineSafeModeRule.java:<init>(75)) - Total pipeline count is 0, pipeline's with at least one datanode reported threshold count is 0
2019-09-19 04:28:01,024 [main] WARN  events.EventQueue (EventQueue.java:fireEvent(175)) - No event handler registered for event TypedEvent{payloadType=SafeModeStatus, name='SafeModeStatus'}
2019-09-19 04:28:01,026 [main] INFO  ipc.CallQueueManager (CallQueueManager.java:<init>(84)) - Using callQueue: class java.util.concurrent.LinkedBlockingQueue, queueCapacity: 2000, scheduler: class org.apache.hadoop.ipc.DefaultRpcScheduler, ipcBackoff: false.
2019-09-19 04:28:01,027 [Socket Reader #1 for port 36183] INFO  ipc.Server (Server.java:run(1074)) - Starting Socket Reader #1 for port 36183
2019-09-19 04:28:01,029 [main] INFO  ipc.CallQueueManager (CallQueueManager.java:<init>(84)) - Using callQueue: class java.util.concurrent.LinkedBlockingQueue, queueCapacity: 2000, scheduler: class org.apache.hadoop.ipc.DefaultRpcScheduler, ipcBackoff: false.
2019-09-19 04:28:01,030 [Socket Reader #1 for port 34834] INFO  ipc.Server (Server.java:run(1074)) - Starting Socket Reader #1 for port 34834
2019-09-19 04:28:01,032 [main] INFO  ipc.CallQueueManager (CallQueueManager.java:<init>(84)) - Using callQueue: class java.util.concurrent.LinkedBlockingQueue, queueCapacity: 2000, scheduler: class org.apache.hadoop.ipc.DefaultRpcScheduler, ipcBackoff: false.
2019-09-19 04:28:01,033 [Socket Reader #1 for port 40168] INFO  ipc.Server (Server.java:run(1074)) - Starting Socket Reader #1 for port 40168
2019-09-19 04:28:01,035 [main] INFO  hdfs.DFSUtil (DFSUtil.java:httpServerTemplateForNNAndJN(1641)) - Starting Web-server for scm at: http://0.0.0.0:0
2019-09-19 04:28:01,038 [main] INFO  server.AuthenticationFilter (AuthenticationFilter.java:constructSecretProvider(240)) - Unable to initialize FileSignerSecretProvider, falling back to use random secrets.
2019-09-19 04:28:01,039 [main] WARN  http.HttpRequestLog (HttpRequestLog.java:getRequestLog(97)) - Jetty request log can only be enabled using Log4j
2019-09-19 04:28:01,041 [main] INFO  http.HttpServer2 (HttpServer2.java:addGlobalFilter(975)) - Added global filter 'safety' (class=org.apache.hadoop.http.HttpServer2$QuotingInputFilter)
2019-09-19 04:28:01,042 [main] INFO  http.HttpServer2 (HttpServer2.java:addFilter(948)) - Added filter static_user_filter (class=org.apache.hadoop.http.lib.StaticUserWebFilter$StaticUserFilter) to context scm
2019-09-19 04:28:01,042 [main] INFO  http.HttpServer2 (HttpServer2.java:addFilter(958)) - Added filter static_user_filter (class=org.apache.hadoop.http.lib.StaticUserWebFilter$StaticUserFilter) to context logs
2019-09-19 04:28:01,042 [main] INFO  http.HttpServer2 (HttpServer2.java:addFilter(958)) - Added filter static_user_filter (class=org.apache.hadoop.http.lib.StaticUserWebFilter$StaticUserFilter) to context static
2019-09-19 04:28:01,045 [main] INFO  server.StorageContainerManager (StorageContainerManager.java:start(761)) - StorageContainerLocationProtocol RPC server is listening at /0.0.0.0:40168
2019-09-19 04:28:01,048 [main] WARN  impl.MetricsConfig (MetricsConfig.java:loadFirst(134)) - Cannot locate configuration: tried hadoop-metrics2-storagecontainermanager.properties,hadoop-metrics2.properties
2019-09-19 04:28:01,050 [main] INFO  impl.MetricsSystemImpl (MetricsSystemImpl.java:startTimer(374)) - Scheduled Metric snapshot period at 10 second(s).
2019-09-19 04:28:01,051 [main] INFO  impl.MetricsSystemImpl (MetricsSystemImpl.java:start(191)) - StorageContainerManager metrics system started
2019-09-19 04:28:01,101 [main] INFO  server.SCMClientProtocolServer (SCMClientProtocolServer.java:start(151)) - RPC server for Client  is listening at /0.0.0.0:40168
2019-09-19 04:28:01,101 [IPC Server listener on 40168] INFO  ipc.Server (Server.java:run(1153)) - IPC Server listener on 40168: starting
2019-09-19 04:28:01,101 [IPC Server Responder] INFO  ipc.Server (Server.java:run(1314)) - IPC Server Responder: starting
2019-09-19 04:28:01,105 [main] INFO  server.StorageContainerManager (StorageContainerManager.java:start(771)) - ScmBlockLocationProtocol RPC server is listening at /0.0.0.0:34834
2019-09-19 04:28:01,105 [main] INFO  server.SCMBlockProtocolServer (SCMBlockProtocolServer.java:start(140)) - RPC server for Block Protocol is listening at /0.0.0.0:34834
2019-09-19 04:28:01,105 [IPC Server Responder] INFO  ipc.Server (Server.java:run(1314)) - IPC Server Responder: starting
2019-09-19 04:28:01,105 [IPC Server listener on 34834] INFO  ipc.Server (Server.java:run(1153)) - IPC Server listener on 34834: starting
2019-09-19 04:28:01,109 [main] INFO  server.StorageContainerManager (StorageContainerManager.java:start(775)) - ScmDatanodeProtocl RPC server is listening at /0.0.0.0:36183
2019-09-19 04:28:01,109 [main] INFO  server.SCMDatanodeProtocolServer (SCMDatanodeProtocolServer.java:start(199)) - RPC server for DataNodes is listening at /0.0.0.0:36183
2019-09-19 04:28:01,109 [IPC Server listener on 36183] INFO  ipc.Server (Server.java:run(1153)) - IPC Server listener on 36183: starting
2019-09-19 04:28:01,109 [IPC Server Responder] INFO  ipc.Server (Server.java:run(1314)) - IPC Server Responder: starting
2019-09-19 04:28:01,113 [main] INFO  http.HttpServer2 (HttpServer2.java:bindListener(1191)) - Jetty bound to port 33031
2019-09-19 04:28:01,113 [main] INFO  server.Server (Server.java:doStart(351)) - jetty-9.3.24.v20180605, build timestamp: 2018-06-05T17:11:56Z, git hash: 84205aa28f11a4f31f2a3b86d1bba2cc8ab69827
2019-09-19 04:28:01,115 [main] INFO  handler.ContextHandler (ContextHandler.java:doStart(781)) - Started o.e.j.s.ServletContextHandler@7433ca19{/logs,file:///workdir/hadoop-ozone/integration-test/target/log,AVAILABLE}
2019-09-19 04:28:01,116 [main] INFO  handler.ContextHandler (ContextHandler.java:doStart(781)) - Started o.e.j.s.ServletContextHandler@79d4ff58{/static,file:///workdir/hadoop-ozone/integration-test/target/test-classes/webapps/static,AVAILABLE}
2019-09-19 04:28:01,121 [main] INFO  handler.ContextHandler (ContextHandler.java:doStart(781)) - Started o.e.j.w.WebAppContext@438aaa9f{/,file:///workdir/hadoop-ozone/integration-test/target/test-classes/webapps/scm/,AVAILABLE}{/scm}
2019-09-19 04:28:01,122 [main] INFO  server.AbstractConnector (AbstractConnector.java:doStart(278)) - Started ServerConnector@3f06ebe0{HTTP/1.1,[http/1.1]}{0.0.0.0:33031}
2019-09-19 04:28:01,122 [main] INFO  server.Server (Server.java:doStart(419)) - Started @63976ms
2019-09-19 04:28:01,123 [main] INFO  server.BaseHttpServer (BaseHttpServer.java:updateConnectorAddress(213)) - HTTP server of SCM is listening at http://0.0.0.0:33031
2019-09-19 04:28:01,124 [main] WARN  server.ServerUtils (ServerUtils.java:getDBPath(222)) - ozone.om.db.dirs is not configured. We recommend adding this setting. Falling back to ozone.metadata.dirs instead.
2019-09-19 04:28:01,124 [org.apache.hadoop.util.JvmPauseMonitor$Monitor@5ed65e4b] INFO  util.JvmPauseMonitor (JvmPauseMonitor.java:run(188)) - Starting JVM pause monitor
2019-09-19 04:28:01,187 [main] WARN  server.ServerUtils (ServerUtils.java:getDBPath(222)) - ozone.om.db.dirs is not configured. We recommend adding this setting. Falling back to ozone.metadata.dirs instead.
2019-09-19 04:28:01,188 [main] WARN  server.ServerUtils (ServerUtils.java:getDBPath(222)) - ozone.om.db.dirs is not configured. We recommend adding this setting. Falling back to ozone.metadata.dirs instead.
2019-09-19 04:28:01,189 [main] INFO  om.OzoneManager (OzoneManager.java:setOMNodeDetails(645)) - OM Service ID is not set. Setting it to the default ID: omServiceIdDefault
2019-09-19 04:28:01,189 [main] INFO  om.OzoneManager (OzoneManager.java:setOMNodeDetails(651)) - OM Node ID is not set. Setting it to the OmStorage's OmID: 2a7c498c-d17e-4d59-a1d9-f6d1e77ba011
2019-09-19 04:28:01,189 [main] INFO  om.OzoneManager (OzoneManager.java:loadOMHAConfigs(602)) - Found matching OM address with OMServiceId: null, OMNodeId: null, RPC Address: localhost:0 and Ratis port: 9872
2019-09-19 04:28:01,195 | INFO  | SCMAudit | user=jenkins1000 | ip=192.168.34.50 | op=GET_SCM_INFO null | ret=SUCCESS |  
2019-09-19 04:28:01,199 [main] WARN  server.ServerUtils (ServerUtils.java:getDBPath(222)) - ozone.om.db.dirs is not configured. We recommend adding this setting. Falling back to ozone.metadata.dirs instead.
2019-09-19 04:28:01,199 [main] INFO  db.DBStoreBuilder (DBStoreBuilder.java:addTable(110)) - using custom profile for table: userTable
2019-09-19 04:28:01,200 [main] INFO  db.DBStoreBuilder (DBStoreBuilder.java:processTables(161)) - Using default column profile:DBProfile.DISK for Table:userTable
2019-09-19 04:28:01,200 [main] INFO  db.DBStoreBuilder (DBStoreBuilder.java:addTable(110)) - using custom profile for table: volumeTable
2019-09-19 04:28:01,200 [main] INFO  db.DBStoreBuilder (DBStoreBuilder.java:processTables(161)) - Using default column profile:DBProfile.DISK for Table:volumeTable
2019-09-19 04:28:01,200 [main] INFO  db.DBStoreBuilder (DBStoreBuilder.java:addTable(110)) - using custom profile for table: bucketTable
2019-09-19 04:28:01,200 [main] INFO  db.DBStoreBuilder (DBStoreBuilder.java:processTables(161)) - Using default column profile:DBProfile.DISK for Table:bucketTable
2019-09-19 04:28:01,201 [main] INFO  db.DBStoreBuilder (DBStoreBuilder.java:addTable(110)) - using custom profile for table: keyTable
2019-09-19 04:28:01,201 [main] INFO  db.DBStoreBuilder (DBStoreBuilder.java:processTables(161)) - Using default column profile:DBProfile.DISK for Table:keyTable
2019-09-19 04:28:01,201 [main] INFO  db.DBStoreBuilder (DBStoreBuilder.java:addTable(110)) - using custom profile for table: deletedTable
2019-09-19 04:28:01,201 [main] INFO  db.DBStoreBuilder (DBStoreBuilder.java:processTables(161)) - Using default column profile:DBProfile.DISK for Table:deletedTable
2019-09-19 04:28:01,201 [main] INFO  db.DBStoreBuilder (DBStoreBuilder.java:addTable(110)) - using custom profile for table: openKeyTable
2019-09-19 04:28:01,201 [main] INFO  db.DBStoreBuilder (DBStoreBuilder.java:processTables(161)) - Using default column profile:DBProfile.DISK for Table:openKeyTable
2019-09-19 04:28:01,202 [main] INFO  db.DBStoreBuilder (DBStoreBuilder.java:addTable(110)) - using custom profile for table: s3Table
2019-09-19 04:28:01,202 [main] INFO  db.DBStoreBuilder (DBStoreBuilder.java:processTables(161)) - Using default column profile:DBProfile.DISK for Table:s3Table
2019-09-19 04:28:01,202 [main] INFO  db.DBStoreBuilder (DBStoreBuilder.java:addTable(110)) - using custom profile for table: multipartInfoTable
2019-09-19 04:28:01,202 [main] INFO  db.DBStoreBuilder (DBStoreBuilder.java:processTables(161)) - Using default column profile:DBProfile.DISK for Table:multipartInfoTable
2019-09-19 04:28:01,202 [main] INFO  db.DBStoreBuilder (DBStoreBuilder.java:addTable(110)) - using custom profile for table: dTokenTable
2019-09-19 04:28:01,203 [main] INFO  db.DBStoreBuilder (DBStoreBuilder.java:processTables(161)) - Using default column profile:DBProfile.DISK for Table:dTokenTable
2019-09-19 04:28:01,203 [main] INFO  db.DBStoreBuilder (DBStoreBuilder.java:addTable(110)) - using custom profile for table: s3SecretTable
2019-09-19 04:28:01,203 [main] INFO  db.DBStoreBuilder (DBStoreBuilder.java:processTables(161)) - Using default column profile:DBProfile.DISK for Table:s3SecretTable
2019-09-19 04:28:01,203 [main] INFO  db.DBStoreBuilder (DBStoreBuilder.java:addTable(110)) - using custom profile for table: prefixTable
2019-09-19 04:28:01,203 [main] INFO  db.DBStoreBuilder (DBStoreBuilder.java:processTables(161)) - Using default column profile:DBProfile.DISK for Table:prefixTable
2019-09-19 04:28:01,204 [main] INFO  db.DBStoreBuilder (DBStoreBuilder.java:addTable(110)) - using custom profile for table: default
2019-09-19 04:28:01,204 [main] INFO  db.DBStoreBuilder (DBStoreBuilder.java:processTables(167)) - Using default column profile:DBProfile.DISK for Table:default
2019-09-19 04:28:01,204 [main] INFO  db.DBStoreBuilder (DBStoreBuilder.java:getDbProfile(198)) - Using default options. DBProfile.DISK
2019-09-19 04:28:02,615 [main] INFO  ipc.CallQueueManager (CallQueueManager.java:<init>(84)) - Using callQueue: class java.util.concurrent.LinkedBlockingQueue, queueCapacity: 2000, scheduler: class org.apache.hadoop.ipc.DefaultRpcScheduler, ipcBackoff: false.
2019-09-19 04:28:02,616 [Socket Reader #1 for port 42995] INFO  ipc.Server (Server.java:run(1074)) - Starting Socket Reader #1 for port 42995
2019-09-19 04:28:02,637 [main] INFO  om.OzoneManager (OzoneManager.java:start(1256)) - OzoneManager RPC server is listening at localhost/127.0.0.1:42995
2019-09-19 04:28:02,638 [main] INFO  impl.MetricsSystemImpl (MetricsSystemImpl.java:init(158)) - OzoneManager metrics system started (again)
2019-09-19 04:28:02,639 [IPC Server Responder] INFO  ipc.Server (Server.java:run(1314)) - IPC Server Responder: starting
2019-09-19 04:28:02,639 [IPC Server listener on 42995] INFO  ipc.Server (Server.java:run(1153)) - IPC Server listener on 42995: starting
2019-09-19 04:28:02,646 [main] INFO  hdfs.DFSUtil (DFSUtil.java:httpServerTemplateForNNAndJN(1641)) - Starting Web-server for ozoneManager at: http://0.0.0.0:0
2019-09-19 04:28:02,648 [main] INFO  server.AuthenticationFilter (AuthenticationFilter.java:constructSecretProvider(240)) - Unable to initialize FileSignerSecretProvider, falling back to use random secrets.
2019-09-19 04:28:02,649 [main] WARN  http.HttpRequestLog (HttpRequestLog.java:getRequestLog(97)) - Jetty request log can only be enabled using Log4j
2019-09-19 04:28:02,651 [main] INFO  http.HttpServer2 (HttpServer2.java:addGlobalFilter(975)) - Added global filter 'safety' (class=org.apache.hadoop.http.HttpServer2$QuotingInputFilter)
2019-09-19 04:28:02,652 [main] INFO  http.HttpServer2 (HttpServer2.java:addFilter(948)) - Added filter static_user_filter (class=org.apache.hadoop.http.lib.StaticUserWebFilter$StaticUserFilter) to context ozoneManager
2019-09-19 04:28:02,653 [main] INFO  http.HttpServer2 (HttpServer2.java:addFilter(958)) - Added filter static_user_filter (class=org.apache.hadoop.http.lib.StaticUserWebFilter$StaticUserFilter) to context logs
2019-09-19 04:28:02,653 [main] INFO  http.HttpServer2 (HttpServer2.java:addFilter(958)) - Added filter static_user_filter (class=org.apache.hadoop.http.lib.StaticUserWebFilter$StaticUserFilter) to context static
2019-09-19 04:28:02,654 [main] INFO  http.HttpServer2 (HttpServer2.java:bindListener(1191)) - Jetty bound to port 37602
2019-09-19 04:28:02,654 [main] INFO  server.Server (Server.java:doStart(351)) - jetty-9.3.24.v20180605, build timestamp: 2018-06-05T17:11:56Z, git hash: 84205aa28f11a4f31f2a3b86d1bba2cc8ab69827
2019-09-19 04:28:02,657 [main] INFO  handler.ContextHandler (ContextHandler.java:doStart(781)) - Started o.e.j.s.ServletContextHandler@74cd798f{/logs,file:///workdir/hadoop-ozone/integration-test/target/log,AVAILABLE}
2019-09-19 04:28:02,658 [main] INFO  handler.ContextHandler (ContextHandler.java:doStart(781)) - Started o.e.j.s.ServletContextHandler@63c99f7{/static,file:///workdir/hadoop-ozone/integration-test/target/test-classes/webapps/static,AVAILABLE}
2019-09-19 04:28:02,665 [main] INFO  handler.ContextHandler (ContextHandler.java:doStart(781)) - Started o.e.j.w.WebAppContext@485451d8{/,file:///workdir/hadoop-ozone/integration-test/target/test-classes/webapps/ozoneManager/,AVAILABLE}{/ozoneManager}
2019-09-19 04:28:02,665 [main] INFO  server.AbstractConnector (AbstractConnector.java:doStart(278)) - Started ServerConnector@35e07e19{HTTP/1.1,[http/1.1]}{0.0.0.0:37602}
2019-09-19 04:28:02,667 [main] INFO  server.Server (Server.java:doStart(419)) - Started @65521ms
2019-09-19 04:28:02,668 [main] INFO  server.BaseHttpServer (BaseHttpServer.java:updateConnectorAddress(213)) - HTTP server of OZONEMANAGER is listening at http://0.0.0.0:37602
2019-09-19 04:28:02,691 [main] INFO  impl.MetricsSystemImpl (MetricsSystemImpl.java:init(158)) - HddsDatanode metrics system started (again)
2019-09-19 04:28:02,695 [main] INFO  ozone.HddsDatanodeService (HddsDatanodeService.java:start(184)) - HddsDatanodeService host:pr-hdds-2034-srnhl-2452957315 ip:192.168.34.50
2019-09-19 04:28:02,704 [main] INFO  volume.HddsVolume (HddsVolume.java:<init>(176)) - Creating Volume: /workdir/hadoop-ozone/integration-test/target/test-dir/MiniOzoneClusterImpl-0025b056-fb6b-4693-853a-894456f5f8ea/datanode-0/data/containers/hdds of  storage type : DISK and capacity : 1482555576320
2019-09-19 04:28:02,705 [main] INFO  volume.VolumeSet (VolumeSet.java:initializeVolumeSet(170)) - Added Volume : /workdir/hadoop-ozone/integration-test/target/test-dir/MiniOzoneClusterImpl-0025b056-fb6b-4693-853a-894456f5f8ea/datanode-0/data/containers/hdds to VolumeSet
2019-09-19 04:28:02,705 [main] INFO  volume.ThrottledAsyncChecker (ThrottledAsyncChecker.java:schedule(140)) - Scheduling a check for org.apache.hadoop.ozone.container.common.volume.HddsVolume@7c0de229
2019-09-19 04:28:02,706 [main] INFO  volume.HddsVolumeChecker (HddsVolumeChecker.java:checkAllVolumes(203)) - Scheduled health check for volume org.apache.hadoop.ozone.container.common.volume.HddsVolume@7c0de229
2019-09-19 04:28:02,734 [main] INFO  impl.RaftServerProxy (ConfUtils.java:logGet(43)) - raft.rpc.type = GRPC (default)
2019-09-19 04:28:02,735 [main] INFO  grpc.GrpcFactory (GrpcFactory.java:checkPooledByteBufAllocatorUseCacheForAllThreads(45)) - PERFORMANCE WARNING: useCacheForAllThreads is true that may cause Netty to create a lot garbage objects and, as a result, trigger GC.
	It is recommended to disable useCacheForAllThreads by setting -Dorg.apache.ratis.thirdparty.io.netty.allocator.useCacheForAllThreads=false in command line.
2019-09-19 04:28:02,735 [main] INFO  grpc.GrpcConfigKeys$Server (ConfUtils.java:logGet(43)) - raft.grpc.server.port = 0 (default)
2019-09-19 04:28:02,736 [main] INFO  server.GrpcService (ConfUtils.java:logGet(43)) - raft.grpc.message.size.max = 33570816 (custom)
2019-09-19 04:28:02,736 [main] INFO  server.RaftServerConfigKeys (ConfUtils.java:logGet(43)) - raft.server.log.appender.buffer.byte-limit = 33554432 (custom)
2019-09-19 04:28:02,736 [main] INFO  server.GrpcService (ConfUtils.java:logGet(43)) - raft.grpc.flow.control.window = 1MB (=1048576) (default)
2019-09-19 04:28:02,737 [main] INFO  server.RaftServerConfigKeys (ConfUtils.java:logGet(43)) - raft.server.rpc.request.timeout = 3000ms (default)
2019-09-19 04:28:02,738 [main] INFO  server.RaftServerConfigKeys (ConfUtils.java:logGet(43)) - raft.server.storage.dir = [/workdir/hadoop-ozone/integration-test/target/test-dir/MiniOzoneClusterImpl-0025b056-fb6b-4693-853a-894456f5f8ea/datanode-0/data/ratis] (custom)
2019-09-19 04:28:02,739 [main] INFO  replication.SimpleContainerDownloader (SimpleContainerDownloader.java:<init>(72)) - Starting container downloader service to copy containers to replicate.
2019-09-19 04:28:02,740 [main] INFO  hdfs.DFSUtil (DFSUtil.java:httpServerTemplateForNNAndJN(1641)) - Starting Web-server for hddsDatanode at: http://0.0.0.0:0
2019-09-19 04:28:02,742 [main] INFO  server.AuthenticationFilter (AuthenticationFilter.java:constructSecretProvider(240)) - Unable to initialize FileSignerSecretProvider, falling back to use random secrets.
2019-09-19 04:28:02,743 [main] WARN  http.HttpRequestLog (HttpRequestLog.java:getRequestLog(97)) - Jetty request log can only be enabled using Log4j
2019-09-19 04:28:02,745 [main] INFO  http.HttpServer2 (HttpServer2.java:addGlobalFilter(975)) - Added global filter 'safety' (class=org.apache.hadoop.http.HttpServer2$QuotingInputFilter)
2019-09-19 04:28:02,746 [main] INFO  http.HttpServer2 (HttpServer2.java:addFilter(948)) - Added filter static_user_filter (class=org.apache.hadoop.http.lib.StaticUserWebFilter$StaticUserFilter) to context hddsDatanode
2019-09-19 04:28:02,747 [main] INFO  http.HttpServer2 (HttpServer2.java:addFilter(958)) - Added filter static_user_filter (class=org.apache.hadoop.http.lib.StaticUserWebFilter$StaticUserFilter) to context logs
2019-09-19 04:28:02,747 [main] INFO  http.HttpServer2 (HttpServer2.java:addFilter(958)) - Added filter static_user_filter (class=org.apache.hadoop.http.lib.StaticUserWebFilter$StaticUserFilter) to context static
2019-09-19 04:28:02,748 [main] INFO  http.HttpServer2 (HttpServer2.java:bindListener(1191)) - Jetty bound to port 41667
2019-09-19 04:28:02,748 [main] INFO  server.Server (Server.java:doStart(351)) - jetty-9.3.24.v20180605, build timestamp: 2018-06-05T17:11:56Z, git hash: 84205aa28f11a4f31f2a3b86d1bba2cc8ab69827
2019-09-19 04:28:02,751 [main] INFO  handler.ContextHandler (ContextHandler.java:doStart(781)) - Started o.e.j.s.ServletContextHandler@6eaa6b0c{/logs,file:///workdir/hadoop-ozone/integration-test/target/log,AVAILABLE}
2019-09-19 04:28:02,751 [main] INFO  handler.ContextHandler (ContextHandler.java:doStart(781)) - Started o.e.j.s.ServletContextHandler@6cd2cb2{/static,jar:file:/home/user/.m2/repository/org/apache/hadoop/hadoop-hdds-container-service/0.5.0-SNAPSHOT/hadoop-hdds-container-service-0.5.0-SNAPSHOT.jar!/webapps/static,AVAILABLE}
2019-09-19 04:28:02,792 [main] INFO  handler.ContextHandler (ContextHandler.java:doStart(781)) - Started o.e.j.w.WebAppContext@23bd047f{/,file:///tmp/jetty-0.0.0.0-41667-hddsDatanode-_-any-5817065976586647040.dir/webapp/,AVAILABLE}{/hddsDatanode}
2019-09-19 04:28:02,792 [main] INFO  server.AbstractConnector (AbstractConnector.java:doStart(278)) - Started ServerConnector@3562e7c7{HTTP/1.1,[http/1.1]}{0.0.0.0:41667}
2019-09-19 04:28:02,794 [main] INFO  server.Server (Server.java:doStart(419)) - Started @65648ms
2019-09-19 04:28:02,795 [main] INFO  server.BaseHttpServer (BaseHttpServer.java:updateConnectorAddress(213)) - HTTP server of HDDSDATANODE is listening at http://0.0.0.0:41667
2019-09-19 04:28:02,989 | INFO  | ObjectStoreRestHttpServer | Listening HDDS REST traffic on /0.0.0.0:44117 |  
2019-09-19 04:28:02,989 [main] INFO  ozone.HddsDatanodeService (HddsDatanodeService.java:startPlugins(395)) - Started plug-in org.apache.hadoop.ozone.web.OzoneHddsDatanodeService@318e3942
2019-09-19 04:28:02,990 [main] INFO  impl.MetricsSystemImpl (MetricsSystemImpl.java:init(158)) - HddsDatanode metrics system started (again)
2019-09-19 04:28:02,995 [org.apache.hadoop.util.JvmPauseMonitor$Monitor@688945b5] INFO  util.JvmPauseMonitor (JvmPauseMonitor.java:run(188)) - Starting JVM pause monitor
2019-09-19 04:28:02,995 [main] INFO  ozone.HddsDatanodeService (HddsDatanodeService.java:start(184)) - HddsDatanodeService host:pr-hdds-2034-srnhl-2452957315 ip:192.168.34.50
2019-09-19 04:28:02,998 [Datanode State Machine Thread - 0] INFO  datanode.InitDatanodeState (InitDatanodeState.java:persistContainerDatanodeDetails(140)) - DatanodeDetails is persisted to /workdir/hadoop-ozone/integration-test/target/test-dir/MiniOzoneClusterImpl-0025b056-fb6b-4693-853a-894456f5f8ea/datanode-0/meta/datanode.id
2019-09-19 04:28:03,004 [main] INFO  volume.HddsVolume (HddsVolume.java:<init>(176)) - Creating Volume: /workdir/hadoop-ozone/integration-test/target/test-dir/MiniOzoneClusterImpl-0025b056-fb6b-4693-853a-894456f5f8ea/datanode-1/data/containers/hdds of  storage type : DISK and capacity : 1482555576320
2019-09-19 04:28:03,004 [main] INFO  volume.VolumeSet (VolumeSet.java:initializeVolumeSet(170)) - Added Volume : /workdir/hadoop-ozone/integration-test/target/test-dir/MiniOzoneClusterImpl-0025b056-fb6b-4693-853a-894456f5f8ea/datanode-1/data/containers/hdds to VolumeSet
2019-09-19 04:28:03,004 [main] INFO  volume.ThrottledAsyncChecker (ThrottledAsyncChecker.java:schedule(140)) - Scheduling a check for org.apache.hadoop.ozone.container.common.volume.HddsVolume@22aefae0
2019-09-19 04:28:03,005 [main] INFO  volume.HddsVolumeChecker (HddsVolumeChecker.java:checkAllVolumes(203)) - Scheduled health check for volume org.apache.hadoop.ozone.container.common.volume.HddsVolume@22aefae0
2019-09-19 04:28:03,028 [main] INFO  impl.RaftServerProxy (ConfUtils.java:logGet(43)) - raft.rpc.type = GRPC (default)
2019-09-19 04:28:03,029 [main] INFO  grpc.GrpcFactory (GrpcFactory.java:checkPooledByteBufAllocatorUseCacheForAllThreads(45)) - PERFORMANCE WARNING: useCacheForAllThreads is true that may cause Netty to create a lot garbage objects and, as a result, trigger GC.
	It is recommended to disable useCacheForAllThreads by setting -Dorg.apache.ratis.thirdparty.io.netty.allocator.useCacheForAllThreads=false in command line.
2019-09-19 04:28:03,029 [main] INFO  grpc.GrpcConfigKeys$Server (ConfUtils.java:logGet(43)) - raft.grpc.server.port = 0 (default)
2019-09-19 04:28:03,029 [main] INFO  server.GrpcService (ConfUtils.java:logGet(43)) - raft.grpc.message.size.max = 33570816 (custom)
2019-09-19 04:28:03,029 [main] INFO  server.RaftServerConfigKeys (ConfUtils.java:logGet(43)) - raft.server.log.appender.buffer.byte-limit = 33554432 (custom)
2019-09-19 04:28:03,030 [main] INFO  server.GrpcService (ConfUtils.java:logGet(43)) - raft.grpc.flow.control.window = 1MB (=1048576) (default)
2019-09-19 04:28:03,030 [main] INFO  server.RaftServerConfigKeys (ConfUtils.java:logGet(43)) - raft.server.rpc.request.timeout = 3000ms (default)
2019-09-19 04:28:03,030 [main] INFO  server.RaftServerConfigKeys (ConfUtils.java:logGet(43)) - raft.server.storage.dir = [/workdir/hadoop-ozone/integration-test/target/test-dir/MiniOzoneClusterImpl-0025b056-fb6b-4693-853a-894456f5f8ea/datanode-1/data/ratis] (custom)
2019-09-19 04:28:03,031 [main] INFO  replication.SimpleContainerDownloader (SimpleContainerDownloader.java:<init>(72)) - Starting container downloader service to copy containers to replicate.
2019-09-19 04:28:03,032 [main] INFO  hdfs.DFSUtil (DFSUtil.java:httpServerTemplateForNNAndJN(1641)) - Starting Web-server for hddsDatanode at: http://0.0.0.0:0
2019-09-19 04:28:03,034 [main] INFO  server.AuthenticationFilter (AuthenticationFilter.java:constructSecretProvider(240)) - Unable to initialize FileSignerSecretProvider, falling back to use random secrets.
2019-09-19 04:28:03,034 [main] WARN  http.HttpRequestLog (HttpRequestLog.java:getRequestLog(97)) - Jetty request log can only be enabled using Log4j
2019-09-19 04:28:03,036 [main] INFO  http.HttpServer2 (HttpServer2.java:addGlobalFilter(975)) - Added global filter 'safety' (class=org.apache.hadoop.http.HttpServer2$QuotingInputFilter)
2019-09-19 04:28:03,036 [main] INFO  http.HttpServer2 (HttpServer2.java:addFilter(948)) - Added filter static_user_filter (class=org.apache.hadoop.http.lib.StaticUserWebFilter$StaticUserFilter) to context hddsDatanode
2019-09-19 04:28:03,036 [main] INFO  http.HttpServer2 (HttpServer2.java:addFilter(958)) - Added filter static_user_filter (class=org.apache.hadoop.http.lib.StaticUserWebFilter$StaticUserFilter) to context static
2019-09-19 04:28:03,037 [main] INFO  http.HttpServer2 (HttpServer2.java:addFilter(958)) - Added filter static_user_filter (class=org.apache.hadoop.http.lib.StaticUserWebFilter$StaticUserFilter) to context logs
2019-09-19 04:28:03,037 [main] INFO  http.HttpServer2 (HttpServer2.java:bindListener(1191)) - Jetty bound to port 43169
2019-09-19 04:28:03,038 [main] INFO  server.Server (Server.java:doStart(351)) - jetty-9.3.24.v20180605, build timestamp: 2018-06-05T17:11:56Z, git hash: 84205aa28f11a4f31f2a3b86d1bba2cc8ab69827
2019-09-19 04:28:03,040 [main] INFO  handler.ContextHandler (ContextHandler.java:doStart(781)) - Started o.e.j.s.ServletContextHandler@401ec794{/logs,file:///workdir/hadoop-ozone/integration-test/target/log,AVAILABLE}
2019-09-19 04:28:03,040 [main] INFO  handler.ContextHandler (ContextHandler.java:doStart(781)) - Started o.e.j.s.ServletContextHandler@47f0f414{/static,jar:file:/home/user/.m2/repository/org/apache/hadoop/hadoop-hdds-container-service/0.5.0-SNAPSHOT/hadoop-hdds-container-service-0.5.0-SNAPSHOT.jar!/webapps/static,AVAILABLE}
2019-09-19 04:28:03,071 [main] INFO  handler.ContextHandler (ContextHandler.java:doStart(781)) - Started o.e.j.w.WebAppContext@61554b6b{/,file:///tmp/jetty-0.0.0.0-43169-hddsDatanode-_-any-5368369963715536108.dir/webapp/,AVAILABLE}{/hddsDatanode}
2019-09-19 04:28:03,071 [main] INFO  server.AbstractConnector (AbstractConnector.java:doStart(278)) - Started ServerConnector@761f234c{HTTP/1.1,[http/1.1]}{0.0.0.0:43169}
2019-09-19 04:28:03,073 [main] INFO  server.Server (Server.java:doStart(419)) - Started @65927ms
2019-09-19 04:28:03,074 [main] INFO  server.BaseHttpServer (BaseHttpServer.java:updateConnectorAddress(213)) - HTTP server of HDDSDATANODE is listening at http://0.0.0.0:43169
2019-09-19 04:28:03,227 | INFO  | ObjectStoreRestHttpServer | Listening HDDS REST traffic on /0.0.0.0:38947 |  
2019-09-19 04:28:03,228 [main] INFO  ozone.HddsDatanodeService (HddsDatanodeService.java:startPlugins(395)) - Started plug-in org.apache.hadoop.ozone.web.OzoneHddsDatanodeService@2b99c937
2019-09-19 04:28:03,228 [main] INFO  impl.MetricsSystemImpl (MetricsSystemImpl.java:init(158)) - HddsDatanode metrics system started (again)
2019-09-19 04:28:03,233 [org.apache.hadoop.util.JvmPauseMonitor$Monitor@aa5f392] INFO  util.JvmPauseMonitor (JvmPauseMonitor.java:run(188)) - Starting JVM pause monitor
2019-09-19 04:28:03,234 [main] INFO  ozone.HddsDatanodeService (HddsDatanodeService.java:start(184)) - HddsDatanodeService host:pr-hdds-2034-srnhl-2452957315 ip:192.168.34.50
2019-09-19 04:28:03,236 [Datanode State Machine Thread - 0] INFO  datanode.InitDatanodeState (InitDatanodeState.java:persistContainerDatanodeDetails(140)) - DatanodeDetails is persisted to /workdir/hadoop-ozone/integration-test/target/test-dir/MiniOzoneClusterImpl-0025b056-fb6b-4693-853a-894456f5f8ea/datanode-1/meta/datanode.id
2019-09-19 04:28:03,241 [main] INFO  volume.HddsVolume (HddsVolume.java:<init>(176)) - Creating Volume: /workdir/hadoop-ozone/integration-test/target/test-dir/MiniOzoneClusterImpl-0025b056-fb6b-4693-853a-894456f5f8ea/datanode-2/data/containers/hdds of  storage type : DISK and capacity : 1482555576320
2019-09-19 04:28:03,241 [main] INFO  volume.VolumeSet (VolumeSet.java:initializeVolumeSet(170)) - Added Volume : /workdir/hadoop-ozone/integration-test/target/test-dir/MiniOzoneClusterImpl-0025b056-fb6b-4693-853a-894456f5f8ea/datanode-2/data/containers/hdds to VolumeSet
2019-09-19 04:28:03,242 [main] INFO  volume.ThrottledAsyncChecker (ThrottledAsyncChecker.java:schedule(140)) - Scheduling a check for org.apache.hadoop.ozone.container.common.volume.HddsVolume@56872fcb
2019-09-19 04:28:03,242 [main] INFO  volume.HddsVolumeChecker (HddsVolumeChecker.java:checkAllVolumes(203)) - Scheduled health check for volume org.apache.hadoop.ozone.container.common.volume.HddsVolume@56872fcb
2019-09-19 04:28:03,266 [main] INFO  impl.RaftServerProxy (ConfUtils.java:logGet(43)) - raft.rpc.type = GRPC (default)
2019-09-19 04:28:03,266 [main] INFO  grpc.GrpcFactory (GrpcFactory.java:checkPooledByteBufAllocatorUseCacheForAllThreads(45)) - PERFORMANCE WARNING: useCacheForAllThreads is true that may cause Netty to create a lot garbage objects and, as a result, trigger GC.
	It is recommended to disable useCacheForAllThreads by setting -Dorg.apache.ratis.thirdparty.io.netty.allocator.useCacheForAllThreads=false in command line.
2019-09-19 04:28:03,266 [main] INFO  grpc.GrpcConfigKeys$Server (ConfUtils.java:logGet(43)) - raft.grpc.server.port = 0 (default)
2019-09-19 04:28:03,267 [main] INFO  server.GrpcService (ConfUtils.java:logGet(43)) - raft.grpc.message.size.max = 33570816 (custom)
2019-09-19 04:28:03,267 [main] INFO  server.RaftServerConfigKeys (ConfUtils.java:logGet(43)) - raft.server.log.appender.buffer.byte-limit = 33554432 (custom)
2019-09-19 04:28:03,268 [main] INFO  server.GrpcService (ConfUtils.java:logGet(43)) - raft.grpc.flow.control.window = 1MB (=1048576) (default)
2019-09-19 04:28:03,268 [main] INFO  server.RaftServerConfigKeys (ConfUtils.java:logGet(43)) - raft.server.rpc.request.timeout = 3000ms (default)
2019-09-19 04:28:03,269 [main] INFO  server.RaftServerConfigKeys (ConfUtils.java:logGet(43)) - raft.server.storage.dir = [/workdir/hadoop-ozone/integration-test/target/test-dir/MiniOzoneClusterImpl-0025b056-fb6b-4693-853a-894456f5f8ea/datanode-2/data/ratis] (custom)
2019-09-19 04:28:03,269 [main] INFO  replication.SimpleContainerDownloader (SimpleContainerDownloader.java:<init>(72)) - Starting container downloader service to copy containers to replicate.
2019-09-19 04:28:03,271 [main] INFO  hdfs.DFSUtil (DFSUtil.java:httpServerTemplateForNNAndJN(1641)) - Starting Web-server for hddsDatanode at: http://0.0.0.0:0
2019-09-19 04:28:03,272 [main] INFO  server.AuthenticationFilter (AuthenticationFilter.java:constructSecretProvider(240)) - Unable to initialize FileSignerSecretProvider, falling back to use random secrets.
2019-09-19 04:28:03,273 [main] WARN  http.HttpRequestLog (HttpRequestLog.java:getRequestLog(97)) - Jetty request log can only be enabled using Log4j
2019-09-19 04:28:03,274 [main] INFO  http.HttpServer2 (HttpServer2.java:addGlobalFilter(975)) - Added global filter 'safety' (class=org.apache.hadoop.http.HttpServer2$QuotingInputFilter)
2019-09-19 04:28:03,275 [main] INFO  http.HttpServer2 (HttpServer2.java:addFilter(948)) - Added filter static_user_filter (class=org.apache.hadoop.http.lib.StaticUserWebFilter$StaticUserFilter) to context hddsDatanode
2019-09-19 04:28:03,275 [main] INFO  http.HttpServer2 (HttpServer2.java:addFilter(958)) - Added filter static_user_filter (class=org.apache.hadoop.http.lib.StaticUserWebFilter$StaticUserFilter) to context logs
2019-09-19 04:28:03,275 [main] INFO  http.HttpServer2 (HttpServer2.java:addFilter(958)) - Added filter static_user_filter (class=org.apache.hadoop.http.lib.StaticUserWebFilter$StaticUserFilter) to context static
2019-09-19 04:28:03,276 [main] INFO  http.HttpServer2 (HttpServer2.java:bindListener(1191)) - Jetty bound to port 43570
2019-09-19 04:28:03,276 [main] INFO  server.Server (Server.java:doStart(351)) - jetty-9.3.24.v20180605, build timestamp: 2018-06-05T17:11:56Z, git hash: 84205aa28f11a4f31f2a3b86d1bba2cc8ab69827
2019-09-19 04:28:03,278 [main] INFO  handler.ContextHandler (ContextHandler.java:doStart(781)) - Started o.e.j.s.ServletContextHandler@445058e8{/logs,file:///workdir/hadoop-ozone/integration-test/target/log,AVAILABLE}
2019-09-19 04:28:03,279 [main] INFO  handler.ContextHandler (ContextHandler.java:doStart(781)) - Started o.e.j.s.ServletContextHandler@5a7a6d34{/static,jar:file:/home/user/.m2/repository/org/apache/hadoop/hadoop-hdds-container-service/0.5.0-SNAPSHOT/hadoop-hdds-container-service-0.5.0-SNAPSHOT.jar!/webapps/static,AVAILABLE}
2019-09-19 04:28:03,309 [main] INFO  handler.ContextHandler (ContextHandler.java:doStart(781)) - Started o.e.j.w.WebAppContext@42401b81{/,file:///tmp/jetty-0.0.0.0-43570-hddsDatanode-_-any-5935117791192228395.dir/webapp/,AVAILABLE}{/hddsDatanode}
2019-09-19 04:28:03,310 [main] INFO  server.AbstractConnector (AbstractConnector.java:doStart(278)) - Started ServerConnector@f1d1463{HTTP/1.1,[http/1.1]}{0.0.0.0:43570}
2019-09-19 04:28:03,311 [main] INFO  server.Server (Server.java:doStart(419)) - Started @66164ms
2019-09-19 04:28:03,311 [main] INFO  server.BaseHttpServer (BaseHttpServer.java:updateConnectorAddress(213)) - HTTP server of HDDSDATANODE is listening at http://0.0.0.0:43570
2019-09-19 04:28:03,471 | INFO  | ObjectStoreRestHttpServer | Listening HDDS REST traffic on /0.0.0.0:36023 |  
2019-09-19 04:28:03,471 [main] INFO  ozone.HddsDatanodeService (HddsDatanodeService.java:startPlugins(395)) - Started plug-in org.apache.hadoop.ozone.web.OzoneHddsDatanodeService@16029e2f
2019-09-19 04:28:03,472 [main] INFO  impl.MetricsSystemImpl (MetricsSystemImpl.java:init(158)) - HddsDatanode metrics system started (again)
2019-09-19 04:28:03,476 [org.apache.hadoop.util.JvmPauseMonitor$Monitor@27437faa] INFO  util.JvmPauseMonitor (JvmPauseMonitor.java:run(188)) - Starting JVM pause monitor
2019-09-19 04:28:03,477 [main] INFO  ozone.HddsDatanodeService (HddsDatanodeService.java:start(184)) - HddsDatanodeService host:pr-hdds-2034-srnhl-2452957315 ip:192.168.34.50
2019-09-19 04:28:03,479 [Datanode State Machine Thread - 0] INFO  datanode.InitDatanodeState (InitDatanodeState.java:persistContainerDatanodeDetails(140)) - DatanodeDetails is persisted to /workdir/hadoop-ozone/integration-test/target/test-dir/MiniOzoneClusterImpl-0025b056-fb6b-4693-853a-894456f5f8ea/datanode-2/meta/datanode.id
2019-09-19 04:28:03,483 [main] INFO  volume.HddsVolume (HddsVolume.java:<init>(176)) - Creating Volume: /workdir/hadoop-ozone/integration-test/target/test-dir/MiniOzoneClusterImpl-0025b056-fb6b-4693-853a-894456f5f8ea/datanode-3/data/containers/hdds of  storage type : DISK and capacity : 1482555576320
2019-09-19 04:28:03,484 [main] INFO  volume.VolumeSet (VolumeSet.java:initializeVolumeSet(170)) - Added Volume : /workdir/hadoop-ozone/integration-test/target/test-dir/MiniOzoneClusterImpl-0025b056-fb6b-4693-853a-894456f5f8ea/datanode-3/data/containers/hdds to VolumeSet
2019-09-19 04:28:03,484 [main] INFO  volume.ThrottledAsyncChecker (ThrottledAsyncChecker.java:schedule(140)) - Scheduling a check for org.apache.hadoop.ozone.container.common.volume.HddsVolume@6d7865d6
2019-09-19 04:28:03,484 [main] INFO  volume.HddsVolumeChecker (HddsVolumeChecker.java:checkAllVolumes(203)) - Scheduled health check for volume org.apache.hadoop.ozone.container.common.volume.HddsVolume@6d7865d6
2019-09-19 04:28:03,499 [main] INFO  impl.RaftServerProxy (ConfUtils.java:logGet(43)) - raft.rpc.type = GRPC (default)
2019-09-19 04:28:03,499 [main] INFO  grpc.GrpcFactory (GrpcFactory.java:checkPooledByteBufAllocatorUseCacheForAllThreads(45)) - PERFORMANCE WARNING: useCacheForAllThreads is true that may cause Netty to create a lot garbage objects and, as a result, trigger GC.
	It is recommended to disable useCacheForAllThreads by setting -Dorg.apache.ratis.thirdparty.io.netty.allocator.useCacheForAllThreads=false in command line.
2019-09-19 04:28:03,499 [main] INFO  grpc.GrpcConfigKeys$Server (ConfUtils.java:logGet(43)) - raft.grpc.server.port = 0 (default)
2019-09-19 04:28:03,499 [main] INFO  server.GrpcService (ConfUtils.java:logGet(43)) - raft.grpc.message.size.max = 33570816 (custom)
2019-09-19 04:28:03,500 [main] INFO  server.RaftServerConfigKeys (ConfUtils.java:logGet(43)) - raft.server.log.appender.buffer.byte-limit = 33554432 (custom)
2019-09-19 04:28:03,500 [main] INFO  server.GrpcService (ConfUtils.java:logGet(43)) - raft.grpc.flow.control.window = 1MB (=1048576) (default)
2019-09-19 04:28:03,500 [main] INFO  server.RaftServerConfigKeys (ConfUtils.java:logGet(43)) - raft.server.rpc.request.timeout = 3000ms (default)
2019-09-19 04:28:03,500 [main] INFO  server.RaftServerConfigKeys (ConfUtils.java:logGet(43)) - raft.server.storage.dir = [/workdir/hadoop-ozone/integration-test/target/test-dir/MiniOzoneClusterImpl-0025b056-fb6b-4693-853a-894456f5f8ea/datanode-3/data/ratis] (custom)
2019-09-19 04:28:03,501 [main] INFO  replication.SimpleContainerDownloader (SimpleContainerDownloader.java:<init>(72)) - Starting container downloader service to copy containers to replicate.
2019-09-19 04:28:03,502 [main] INFO  hdfs.DFSUtil (DFSUtil.java:httpServerTemplateForNNAndJN(1641)) - Starting Web-server for hddsDatanode at: http://0.0.0.0:0
2019-09-19 04:28:03,504 [main] INFO  server.AuthenticationFilter (AuthenticationFilter.java:constructSecretProvider(240)) - Unable to initialize FileSignerSecretProvider, falling back to use random secrets.
2019-09-19 04:28:03,505 [main] WARN  http.HttpRequestLog (HttpRequestLog.java:getRequestLog(97)) - Jetty request log can only be enabled using Log4j
2019-09-19 04:28:03,507 [main] INFO  http.HttpServer2 (HttpServer2.java:addGlobalFilter(975)) - Added global filter 'safety' (class=org.apache.hadoop.http.HttpServer2$QuotingInputFilter)
2019-09-19 04:28:03,508 [main] INFO  http.HttpServer2 (HttpServer2.java:addFilter(948)) - Added filter static_user_filter (class=org.apache.hadoop.http.lib.StaticUserWebFilter$StaticUserFilter) to context hddsDatanode
2019-09-19 04:28:03,508 [main] INFO  http.HttpServer2 (HttpServer2.java:addFilter(958)) - Added filter static_user_filter (class=org.apache.hadoop.http.lib.StaticUserWebFilter$StaticUserFilter) to context static
2019-09-19 04:28:03,509 [main] INFO  http.HttpServer2 (HttpServer2.java:addFilter(958)) - Added filter static_user_filter (class=org.apache.hadoop.http.lib.StaticUserWebFilter$StaticUserFilter) to context logs
2019-09-19 04:28:03,510 [main] INFO  http.HttpServer2 (HttpServer2.java:bindListener(1191)) - Jetty bound to port 34066
2019-09-19 04:28:03,510 [main] INFO  server.Server (Server.java:doStart(351)) - jetty-9.3.24.v20180605, build timestamp: 2018-06-05T17:11:56Z, git hash: 84205aa28f11a4f31f2a3b86d1bba2cc8ab69827
2019-09-19 04:28:03,513 [main] INFO  handler.ContextHandler (ContextHandler.java:doStart(781)) - Started o.e.j.s.ServletContextHandler@3caa4d85{/logs,file:///workdir/hadoop-ozone/integration-test/target/log,AVAILABLE}
2019-09-19 04:28:03,513 [main] INFO  handler.ContextHandler (ContextHandler.java:doStart(781)) - Started o.e.j.s.ServletContextHandler@51508029{/static,jar:file:/home/user/.m2/repository/org/apache/hadoop/hadoop-hdds-container-service/0.5.0-SNAPSHOT/hadoop-hdds-container-service-0.5.0-SNAPSHOT.jar!/webapps/static,AVAILABLE}
2019-09-19 04:28:03,559 [main] INFO  handler.ContextHandler (ContextHandler.java:doStart(781)) - Started o.e.j.w.WebAppContext@25b4754a{/,file:///tmp/jetty-0.0.0.0-34066-hddsDatanode-_-any-678705708961563384.dir/webapp/,AVAILABLE}{/hddsDatanode}
2019-09-19 04:28:03,560 [main] INFO  server.AbstractConnector (AbstractConnector.java:doStart(278)) - Started ServerConnector@6ec3a4c2{HTTP/1.1,[http/1.1]}{0.0.0.0:34066}
2019-09-19 04:28:03,562 [main] INFO  server.Server (Server.java:doStart(419)) - Started @66416ms
2019-09-19 04:28:03,563 [main] INFO  server.BaseHttpServer (BaseHttpServer.java:updateConnectorAddress(213)) - HTTP server of HDDSDATANODE is listening at http://0.0.0.0:34066
2019-09-19 04:28:03,989 | INFO  | ObjectStoreRestHttpServer | Listening HDDS REST traffic on /0.0.0.0:41740 |  
2019-09-19 04:28:03,989 [main] INFO  ozone.HddsDatanodeService (HddsDatanodeService.java:startPlugins(395)) - Started plug-in org.apache.hadoop.ozone.web.OzoneHddsDatanodeService@5b6cc344
2019-09-19 04:28:03,990 [main] INFO  impl.MetricsSystemImpl (MetricsSystemImpl.java:init(158)) - HddsDatanode metrics system started (again)
2019-09-19 04:28:03,993 [org.apache.hadoop.util.JvmPauseMonitor$Monitor@7ac42615] INFO  util.JvmPauseMonitor (JvmPauseMonitor.java:run(188)) - Starting JVM pause monitor
2019-09-19 04:28:03,996 [main] INFO  ozone.HddsDatanodeService (HddsDatanodeService.java:start(184)) - HddsDatanodeService host:pr-hdds-2034-srnhl-2452957315 ip:192.168.34.50
2019-09-19 04:28:03,996 [Datanode State Machine Thread - 0] INFO  datanode.InitDatanodeState (InitDatanodeState.java:persistContainerDatanodeDetails(140)) - DatanodeDetails is persisted to /workdir/hadoop-ozone/integration-test/target/test-dir/MiniOzoneClusterImpl-0025b056-fb6b-4693-853a-894456f5f8ea/datanode-3/meta/datanode.id
2019-09-19 04:28:04,003 [main] INFO  volume.HddsVolume (HddsVolume.java:<init>(176)) - Creating Volume: /workdir/hadoop-ozone/integration-test/target/test-dir/MiniOzoneClusterImpl-0025b056-fb6b-4693-853a-894456f5f8ea/datanode-4/data/containers/hdds of  storage type : DISK and capacity : 1482555576320
2019-09-19 04:28:04,003 [main] INFO  volume.VolumeSet (VolumeSet.java:initializeVolumeSet(170)) - Added Volume : /workdir/hadoop-ozone/integration-test/target/test-dir/MiniOzoneClusterImpl-0025b056-fb6b-4693-853a-894456f5f8ea/datanode-4/data/containers/hdds to VolumeSet
2019-09-19 04:28:04,003 [main] INFO  volume.ThrottledAsyncChecker (ThrottledAsyncChecker.java:schedule(140)) - Scheduling a check for org.apache.hadoop.ozone.container.common.volume.HddsVolume@79617c3d
2019-09-19 04:28:04,004 [main] INFO  volume.HddsVolumeChecker (HddsVolumeChecker.java:checkAllVolumes(203)) - Scheduled health check for volume org.apache.hadoop.ozone.container.common.volume.HddsVolume@79617c3d
2019-09-19 04:28:04,021 [main] INFO  impl.RaftServerProxy (ConfUtils.java:logGet(43)) - raft.rpc.type = GRPC (default)
2019-09-19 04:28:04,021 [main] INFO  grpc.GrpcFactory (GrpcFactory.java:checkPooledByteBufAllocatorUseCacheForAllThreads(45)) - PERFORMANCE WARNING: useCacheForAllThreads is true that may cause Netty to create a lot garbage objects and, as a result, trigger GC.
	It is recommended to disable useCacheForAllThreads by setting -Dorg.apache.ratis.thirdparty.io.netty.allocator.useCacheForAllThreads=false in command line.
2019-09-19 04:28:04,021 [main] INFO  grpc.GrpcConfigKeys$Server (ConfUtils.java:logGet(43)) - raft.grpc.server.port = 0 (default)
2019-09-19 04:28:04,021 [main] INFO  server.GrpcService (ConfUtils.java:logGet(43)) - raft.grpc.message.size.max = 33570816 (custom)
2019-09-19 04:28:04,022 [main] INFO  server.RaftServerConfigKeys (ConfUtils.java:logGet(43)) - raft.server.log.appender.buffer.byte-limit = 33554432 (custom)
2019-09-19 04:28:04,022 [main] INFO  server.GrpcService (ConfUtils.java:logGet(43)) - raft.grpc.flow.control.window = 1MB (=1048576) (default)
2019-09-19 04:28:04,022 [main] INFO  server.RaftServerConfigKeys (ConfUtils.java:logGet(43)) - raft.server.rpc.request.timeout = 3000ms (default)
2019-09-19 04:28:04,023 [main] INFO  server.RaftServerConfigKeys (ConfUtils.java:logGet(43)) - raft.server.storage.dir = [/workdir/hadoop-ozone/integration-test/target/test-dir/MiniOzoneClusterImpl-0025b056-fb6b-4693-853a-894456f5f8ea/datanode-4/data/ratis] (custom)
2019-09-19 04:28:04,023 [main] INFO  replication.SimpleContainerDownloader (SimpleContainerDownloader.java:<init>(72)) - Starting container downloader service to copy containers to replicate.
2019-09-19 04:28:04,025 [main] INFO  hdfs.DFSUtil (DFSUtil.java:httpServerTemplateForNNAndJN(1641)) - Starting Web-server for hddsDatanode at: http://0.0.0.0:0
2019-09-19 04:28:04,028 [main] INFO  server.AuthenticationFilter (AuthenticationFilter.java:constructSecretProvider(240)) - Unable to initialize FileSignerSecretProvider, falling back to use random secrets.
2019-09-19 04:28:04,029 [main] WARN  http.HttpRequestLog (HttpRequestLog.java:getRequestLog(97)) - Jetty request log can only be enabled using Log4j
2019-09-19 04:28:04,031 [main] INFO  http.HttpServer2 (HttpServer2.java:addGlobalFilter(975)) - Added global filter 'safety' (class=org.apache.hadoop.http.HttpServer2$QuotingInputFilter)
2019-09-19 04:28:04,032 [main] INFO  http.HttpServer2 (HttpServer2.java:addFilter(948)) - Added filter static_user_filter (class=org.apache.hadoop.http.lib.StaticUserWebFilter$StaticUserFilter) to context hddsDatanode
2019-09-19 04:28:04,032 [main] INFO  http.HttpServer2 (HttpServer2.java:addFilter(958)) - Added filter static_user_filter (class=org.apache.hadoop.http.lib.StaticUserWebFilter$StaticUserFilter) to context static
2019-09-19 04:28:04,032 [main] INFO  http.HttpServer2 (HttpServer2.java:addFilter(958)) - Added filter static_user_filter (class=org.apache.hadoop.http.lib.StaticUserWebFilter$StaticUserFilter) to context logs
2019-09-19 04:28:04,033 [main] INFO  http.HttpServer2 (HttpServer2.java:bindListener(1191)) - Jetty bound to port 37002
2019-09-19 04:28:04,033 [main] INFO  server.Server (Server.java:doStart(351)) - jetty-9.3.24.v20180605, build timestamp: 2018-06-05T17:11:56Z, git hash: 84205aa28f11a4f31f2a3b86d1bba2cc8ab69827
2019-09-19 04:28:04,036 [main] INFO  handler.ContextHandler (ContextHandler.java:doStart(781)) - Started o.e.j.s.ServletContextHandler@1ae9d0e4{/logs,file:///workdir/hadoop-ozone/integration-test/target/log,AVAILABLE}
2019-09-19 04:28:04,036 [main] INFO  handler.ContextHandler (ContextHandler.java:doStart(781)) - Started o.e.j.s.ServletContextHandler@294c44b7{/static,jar:file:/home/user/.m2/repository/org/apache/hadoop/hadoop-hdds-container-service/0.5.0-SNAPSHOT/hadoop-hdds-container-service-0.5.0-SNAPSHOT.jar!/webapps/static,AVAILABLE}
2019-09-19 04:28:04,074 [main] INFO  handler.ContextHandler (ContextHandler.java:doStart(781)) - Started o.e.j.w.WebAppContext@422ba9b7{/,file:///tmp/jetty-0.0.0.0-37002-hddsDatanode-_-any-7557030051553165210.dir/webapp/,AVAILABLE}{/hddsDatanode}
2019-09-19 04:28:04,074 [main] INFO  server.AbstractConnector (AbstractConnector.java:doStart(278)) - Started ServerConnector@26cdd4af{HTTP/1.1,[http/1.1]}{0.0.0.0:37002}
2019-09-19 04:28:04,076 [main] INFO  server.Server (Server.java:doStart(419)) - Started @66930ms
2019-09-19 04:28:04,076 [main] INFO  server.BaseHttpServer (BaseHttpServer.java:updateConnectorAddress(213)) - HTTP server of HDDSDATANODE is listening at http://0.0.0.0:37002
2019-09-19 04:28:04,202 | INFO  | ObjectStoreRestHttpServer | Listening HDDS REST traffic on /0.0.0.0:41273 |  
2019-09-19 04:28:04,202 [main] INFO  ozone.HddsDatanodeService (HddsDatanodeService.java:startPlugins(395)) - Started plug-in org.apache.hadoop.ozone.web.OzoneHddsDatanodeService@9f48198
2019-09-19 04:28:04,203 [main] INFO  impl.MetricsSystemImpl (MetricsSystemImpl.java:init(158)) - HddsDatanode metrics system started (again)
2019-09-19 04:28:04,209 [main] INFO  ozone.HddsDatanodeService (HddsDatanodeService.java:start(184)) - HddsDatanodeService host:pr-hdds-2034-srnhl-2452957315 ip:192.168.34.50
2019-09-19 04:28:04,209 [org.apache.hadoop.util.JvmPauseMonitor$Monitor@361b8537] INFO  util.JvmPauseMonitor (JvmPauseMonitor.java:run(188)) - Starting JVM pause monitor
2019-09-19 04:28:04,211 [Datanode State Machine Thread - 0] INFO  datanode.InitDatanodeState (InitDatanodeState.java:persistContainerDatanodeDetails(140)) - DatanodeDetails is persisted to /workdir/hadoop-ozone/integration-test/target/test-dir/MiniOzoneClusterImpl-0025b056-fb6b-4693-853a-894456f5f8ea/datanode-4/meta/datanode.id
2019-09-19 04:28:04,216 [main] INFO  volume.HddsVolume (HddsVolume.java:<init>(176)) - Creating Volume: /workdir/hadoop-ozone/integration-test/target/test-dir/MiniOzoneClusterImpl-0025b056-fb6b-4693-853a-894456f5f8ea/datanode-5/data/containers/hdds of  storage type : DISK and capacity : 1482555576320
2019-09-19 04:28:04,216 [main] INFO  volume.VolumeSet (VolumeSet.java:initializeVolumeSet(170)) - Added Volume : /workdir/hadoop-ozone/integration-test/target/test-dir/MiniOzoneClusterImpl-0025b056-fb6b-4693-853a-894456f5f8ea/datanode-5/data/containers/hdds to VolumeSet
2019-09-19 04:28:04,216 [main] INFO  volume.ThrottledAsyncChecker (ThrottledAsyncChecker.java:schedule(140)) - Scheduling a check for org.apache.hadoop.ozone.container.common.volume.HddsVolume@1818390b
2019-09-19 04:28:04,217 [main] INFO  volume.HddsVolumeChecker (HddsVolumeChecker.java:checkAllVolumes(203)) - Scheduled health check for volume org.apache.hadoop.ozone.container.common.volume.HddsVolume@1818390b
2019-09-19 04:28:04,233 [main] INFO  impl.RaftServerProxy (ConfUtils.java:logGet(43)) - raft.rpc.type = GRPC (default)
2019-09-19 04:28:04,233 [main] INFO  grpc.GrpcFactory (GrpcFactory.java:checkPooledByteBufAllocatorUseCacheForAllThreads(45)) - PERFORMANCE WARNING: useCacheForAllThreads is true that may cause Netty to create a lot garbage objects and, as a result, trigger GC.
	It is recommended to disable useCacheForAllThreads by setting -Dorg.apache.ratis.thirdparty.io.netty.allocator.useCacheForAllThreads=false in command line.
2019-09-19 04:28:04,233 [main] INFO  grpc.GrpcConfigKeys$Server (ConfUtils.java:logGet(43)) - raft.grpc.server.port = 0 (default)
2019-09-19 04:28:04,233 [main] INFO  server.GrpcService (ConfUtils.java:logGet(43)) - raft.grpc.message.size.max = 33570816 (custom)
2019-09-19 04:28:04,234 [main] INFO  server.RaftServerConfigKeys (ConfUtils.java:logGet(43)) - raft.server.log.appender.buffer.byte-limit = 33554432 (custom)
2019-09-19 04:28:04,234 [main] INFO  server.GrpcService (ConfUtils.java:logGet(43)) - raft.grpc.flow.control.window = 1MB (=1048576) (default)
2019-09-19 04:28:04,234 [main] INFO  server.RaftServerConfigKeys (ConfUtils.java:logGet(43)) - raft.server.rpc.request.timeout = 3000ms (default)
2019-09-19 04:28:04,234 [main] INFO  server.RaftServerConfigKeys (ConfUtils.java:logGet(43)) - raft.server.storage.dir = [/workdir/hadoop-ozone/integration-test/target/test-dir/MiniOzoneClusterImpl-0025b056-fb6b-4693-853a-894456f5f8ea/datanode-5/data/ratis] (custom)
2019-09-19 04:28:04,235 [main] INFO  replication.SimpleContainerDownloader (SimpleContainerDownloader.java:<init>(72)) - Starting container downloader service to copy containers to replicate.
2019-09-19 04:28:04,236 [main] INFO  hdfs.DFSUtil (DFSUtil.java:httpServerTemplateForNNAndJN(1641)) - Starting Web-server for hddsDatanode at: http://0.0.0.0:0
2019-09-19 04:28:04,238 [main] INFO  server.AuthenticationFilter (AuthenticationFilter.java:constructSecretProvider(240)) - Unable to initialize FileSignerSecretProvider, falling back to use random secrets.
2019-09-19 04:28:04,239 [main] WARN  http.HttpRequestLog (HttpRequestLog.java:getRequestLog(97)) - Jetty request log can only be enabled using Log4j
2019-09-19 04:28:04,241 [main] INFO  http.HttpServer2 (HttpServer2.java:addGlobalFilter(975)) - Added global filter 'safety' (class=org.apache.hadoop.http.HttpServer2$QuotingInputFilter)
2019-09-19 04:28:04,242 [main] INFO  http.HttpServer2 (HttpServer2.java:addFilter(948)) - Added filter static_user_filter (class=org.apache.hadoop.http.lib.StaticUserWebFilter$StaticUserFilter) to context hddsDatanode
2019-09-19 04:28:04,242 [main] INFO  http.HttpServer2 (HttpServer2.java:addFilter(958)) - Added filter static_user_filter (class=org.apache.hadoop.http.lib.StaticUserWebFilter$StaticUserFilter) to context logs
2019-09-19 04:28:04,242 [main] INFO  http.HttpServer2 (HttpServer2.java:addFilter(958)) - Added filter static_user_filter (class=org.apache.hadoop.http.lib.StaticUserWebFilter$StaticUserFilter) to context static
2019-09-19 04:28:04,243 [main] INFO  http.HttpServer2 (HttpServer2.java:bindListener(1191)) - Jetty bound to port 36776
2019-09-19 04:28:04,243 [main] INFO  server.Server (Server.java:doStart(351)) - jetty-9.3.24.v20180605, build timestamp: 2018-06-05T17:11:56Z, git hash: 84205aa28f11a4f31f2a3b86d1bba2cc8ab69827
2019-09-19 04:28:04,246 [main] INFO  handler.ContextHandler (ContextHandler.java:doStart(781)) - Started o.e.j.s.ServletContextHandler@28e91f6d{/logs,file:///workdir/hadoop-ozone/integration-test/target/log,AVAILABLE}
2019-09-19 04:28:04,247 [main] INFO  handler.ContextHandler (ContextHandler.java:doStart(781)) - Started o.e.j.s.ServletContextHandler@11e24688{/static,jar:file:/home/user/.m2/repository/org/apache/hadoop/hadoop-hdds-container-service/0.5.0-SNAPSHOT/hadoop-hdds-container-service-0.5.0-SNAPSHOT.jar!/webapps/static,AVAILABLE}
2019-09-19 04:28:04,287 [main] INFO  handler.ContextHandler (ContextHandler.java:doStart(781)) - Started o.e.j.w.WebAppContext@71eff6a3{/,file:///tmp/jetty-0.0.0.0-36776-hddsDatanode-_-any-8597295804241215256.dir/webapp/,AVAILABLE}{/hddsDatanode}
2019-09-19 04:28:04,289 [main] INFO  server.AbstractConnector (AbstractConnector.java:doStart(278)) - Started ServerConnector@574218f{HTTP/1.1,[http/1.1]}{0.0.0.0:36776}
2019-09-19 04:28:04,290 [main] INFO  server.Server (Server.java:doStart(419)) - Started @67144ms
2019-09-19 04:28:04,291 [main] INFO  server.BaseHttpServer (BaseHttpServer.java:updateConnectorAddress(213)) - HTTP server of HDDSDATANODE is listening at http://0.0.0.0:36776
2019-09-19 04:28:04,472 | INFO  | ObjectStoreRestHttpServer | Listening HDDS REST traffic on /0.0.0.0:35261 |  
2019-09-19 04:28:04,472 [main] INFO  ozone.HddsDatanodeService (HddsDatanodeService.java:startPlugins(395)) - Started plug-in org.apache.hadoop.ozone.web.OzoneHddsDatanodeService@24435620
2019-09-19 04:28:04,472 [main] INFO  impl.MetricsSystemImpl (MetricsSystemImpl.java:init(158)) - HddsDatanode metrics system started (again)
2019-09-19 04:28:04,478 [org.apache.hadoop.util.JvmPauseMonitor$Monitor@72631639] INFO  util.JvmPauseMonitor (JvmPauseMonitor.java:run(188)) - Starting JVM pause monitor
2019-09-19 04:28:04,478 [main] INFO  ozone.HddsDatanodeService (HddsDatanodeService.java:start(184)) - HddsDatanodeService host:pr-hdds-2034-srnhl-2452957315 ip:192.168.34.50
2019-09-19 04:28:04,480 [Datanode State Machine Thread - 0] INFO  datanode.InitDatanodeState (InitDatanodeState.java:persistContainerDatanodeDetails(140)) - DatanodeDetails is persisted to /workdir/hadoop-ozone/integration-test/target/test-dir/MiniOzoneClusterImpl-0025b056-fb6b-4693-853a-894456f5f8ea/datanode-5/meta/datanode.id
2019-09-19 04:28:04,486 [main] INFO  volume.HddsVolume (HddsVolume.java:<init>(176)) - Creating Volume: /workdir/hadoop-ozone/integration-test/target/test-dir/MiniOzoneClusterImpl-0025b056-fb6b-4693-853a-894456f5f8ea/datanode-6/data/containers/hdds of  storage type : DISK and capacity : 1482555576320
2019-09-19 04:28:04,486 [main] INFO  volume.VolumeSet (VolumeSet.java:initializeVolumeSet(170)) - Added Volume : /workdir/hadoop-ozone/integration-test/target/test-dir/MiniOzoneClusterImpl-0025b056-fb6b-4693-853a-894456f5f8ea/datanode-6/data/containers/hdds to VolumeSet
2019-09-19 04:28:04,486 [main] INFO  volume.ThrottledAsyncChecker (ThrottledAsyncChecker.java:schedule(140)) - Scheduling a check for org.apache.hadoop.ozone.container.common.volume.HddsVolume@6be422da
2019-09-19 04:28:04,487 [main] INFO  volume.HddsVolumeChecker (HddsVolumeChecker.java:checkAllVolumes(203)) - Scheduled health check for volume org.apache.hadoop.ozone.container.common.volume.HddsVolume@6be422da
2019-09-19 04:28:04,500 [main] INFO  impl.RaftServerProxy (ConfUtils.java:logGet(43)) - raft.rpc.type = GRPC (default)
2019-09-19 04:28:04,501 [main] INFO  grpc.GrpcFactory (GrpcFactory.java:checkPooledByteBufAllocatorUseCacheForAllThreads(45)) - PERFORMANCE WARNING: useCacheForAllThreads is true that may cause Netty to create a lot garbage objects and, as a result, trigger GC.
	It is recommended to disable useCacheForAllThreads by setting -Dorg.apache.ratis.thirdparty.io.netty.allocator.useCacheForAllThreads=false in command line.
2019-09-19 04:28:04,501 [main] INFO  grpc.GrpcConfigKeys$Server (ConfUtils.java:logGet(43)) - raft.grpc.server.port = 0 (default)
2019-09-19 04:28:04,501 [main] INFO  server.GrpcService (ConfUtils.java:logGet(43)) - raft.grpc.message.size.max = 33570816 (custom)
2019-09-19 04:28:04,501 [main] INFO  server.RaftServerConfigKeys (ConfUtils.java:logGet(43)) - raft.server.log.appender.buffer.byte-limit = 33554432 (custom)
2019-09-19 04:28:04,502 [main] INFO  server.GrpcService (ConfUtils.java:logGet(43)) - raft.grpc.flow.control.window = 1MB (=1048576) (default)
2019-09-19 04:28:04,502 [main] INFO  server.RaftServerConfigKeys (ConfUtils.java:logGet(43)) - raft.server.rpc.request.timeout = 3000ms (default)
2019-09-19 04:28:04,502 [main] INFO  server.RaftServerConfigKeys (ConfUtils.java:logGet(43)) - raft.server.storage.dir = [/workdir/hadoop-ozone/integration-test/target/test-dir/MiniOzoneClusterImpl-0025b056-fb6b-4693-853a-894456f5f8ea/datanode-6/data/ratis] (custom)
2019-09-19 04:28:04,503 [main] INFO  replication.SimpleContainerDownloader (SimpleContainerDownloader.java:<init>(72)) - Starting container downloader service to copy containers to replicate.
2019-09-19 04:28:04,504 [main] INFO  hdfs.DFSUtil (DFSUtil.java:httpServerTemplateForNNAndJN(1641)) - Starting Web-server for hddsDatanode at: http://0.0.0.0:0
2019-09-19 04:28:04,506 [main] INFO  server.AuthenticationFilter (AuthenticationFilter.java:constructSecretProvider(240)) - Unable to initialize FileSignerSecretProvider, falling back to use random secrets.
2019-09-19 04:28:04,507 [main] WARN  http.HttpRequestLog (HttpRequestLog.java:getRequestLog(97)) - Jetty request log can only be enabled using Log4j
2019-09-19 04:28:04,510 [main] INFO  http.HttpServer2 (HttpServer2.java:addGlobalFilter(975)) - Added global filter 'safety' (class=org.apache.hadoop.http.HttpServer2$QuotingInputFilter)
2019-09-19 04:28:04,511 [main] INFO  http.HttpServer2 (HttpServer2.java:addFilter(948)) - Added filter static_user_filter (class=org.apache.hadoop.http.lib.StaticUserWebFilter$StaticUserFilter) to context hddsDatanode
2019-09-19 04:28:04,511 [main] INFO  http.HttpServer2 (HttpServer2.java:addFilter(958)) - Added filter static_user_filter (class=org.apache.hadoop.http.lib.StaticUserWebFilter$StaticUserFilter) to context static
2019-09-19 04:28:04,511 [main] INFO  http.HttpServer2 (HttpServer2.java:addFilter(958)) - Added filter static_user_filter (class=org.apache.hadoop.http.lib.StaticUserWebFilter$StaticUserFilter) to context logs
2019-09-19 04:28:04,512 [main] INFO  http.HttpServer2 (HttpServer2.java:bindListener(1191)) - Jetty bound to port 39636
2019-09-19 04:28:04,512 [main] INFO  server.Server (Server.java:doStart(351)) - jetty-9.3.24.v20180605, build timestamp: 2018-06-05T17:11:56Z, git hash: 84205aa28f11a4f31f2a3b86d1bba2cc8ab69827
2019-09-19 04:28:04,514 [main] INFO  handler.ContextHandler (ContextHandler.java:doStart(781)) - Started o.e.j.s.ServletContextHandler@6eded11a{/logs,file:///workdir/hadoop-ozone/integration-test/target/log,AVAILABLE}
2019-09-19 04:28:04,515 [main] INFO  handler.ContextHandler (ContextHandler.java:doStart(781)) - Started o.e.j.s.ServletContextHandler@4b511e61{/static,jar:file:/home/user/.m2/repository/org/apache/hadoop/hadoop-hdds-container-service/0.5.0-SNAPSHOT/hadoop-hdds-container-service-0.5.0-SNAPSHOT.jar!/webapps/static,AVAILABLE}
2019-09-19 04:28:04,555 [main] INFO  handler.ContextHandler (ContextHandler.java:doStart(781)) - Started o.e.j.w.WebAppContext@6d842877{/,file:///tmp/jetty-0.0.0.0-39636-hddsDatanode-_-any-1638644980634624210.dir/webapp/,AVAILABLE}{/hddsDatanode}
2019-09-19 04:28:04,556 [main] INFO  server.AbstractConnector (AbstractConnector.java:doStart(278)) - Started ServerConnector@614cbec4{HTTP/1.1,[http/1.1]}{0.0.0.0:39636}
2019-09-19 04:28:04,557 [main] INFO  server.Server (Server.java:doStart(419)) - Started @67411ms
2019-09-19 04:28:04,558 [main] INFO  server.BaseHttpServer (BaseHttpServer.java:updateConnectorAddress(213)) - HTTP server of HDDSDATANODE is listening at http://0.0.0.0:39636
2019-09-19 04:28:04,710 | INFO  | ObjectStoreRestHttpServer | Listening HDDS REST traffic on /0.0.0.0:44519 |  
2019-09-19 04:28:04,710 [main] INFO  ozone.HddsDatanodeService (HddsDatanodeService.java:startPlugins(395)) - Started plug-in org.apache.hadoop.ozone.web.OzoneHddsDatanodeService@3164d5aa
2019-09-19 04:28:04,711 [main] INFO  ozone.MiniOzoneClusterImpl (MiniOzoneClusterImpl.java:lambda$waitForClusterToBeReady$0(145)) - Waiting for nodes to be ready. Got 0 of 7 DN Heartbeats.
2019-09-19 04:28:04,712 [main] INFO  ozone.MiniOzoneClusterImpl (MiniOzoneClusterImpl.java:lambda$waitForClusterToBeReady$0(148)) - Waiting for cluster to exit safe mode
2019-09-19 04:28:04,714 [org.apache.hadoop.util.JvmPauseMonitor$Monitor@63f4842f] INFO  util.JvmPauseMonitor (JvmPauseMonitor.java:run(188)) - Starting JVM pause monitor
2019-09-19 04:28:04,715 [Datanode State Machine Thread - 0] INFO  datanode.InitDatanodeState (InitDatanodeState.java:persistContainerDatanodeDetails(140)) - DatanodeDetails is persisted to /workdir/hadoop-ozone/integration-test/target/test-dir/MiniOzoneClusterImpl-0025b056-fb6b-4693-853a-894456f5f8ea/datanode-6/meta/datanode.id
2019-09-19 04:28:05,003 | INFO  | SCMAudit | user=jenkins1000 | ip=192.168.34.50 | op=GET_VERSION null | ret=SUCCESS |  
2019-09-19 04:28:05,052 [Datanode State Machine Thread - 0] INFO  ozoneimpl.OzoneContainer (OzoneContainer.java:start(186)) - Attempting to start container services.
2019-09-19 04:28:05,058 [Datanode State Machine Thread - 0] INFO  ozoneimpl.OzoneContainer (OzoneContainer.java:startContainerScrub(160)) - Background container scrubber has been disabled by hdds.containerscrub.enabled
2019-09-19 04:28:05,058 [Datanode State Machine Thread - 0] INFO  ratis.XceiverServerRatis (XceiverServerRatis.java:start(404)) - Starting XceiverServerRatis fc0f8f3b-538d-481e-abe0-204925d4ee8f at port 0
2019-09-19 04:28:05,067 [Datanode State Machine Thread - 0] INFO  impl.RaftServerProxy (RaftServerProxy.java:lambda$start$3(299)) - fc0f8f3b-538d-481e-abe0-204925d4ee8f: start RPC server
2019-09-19 04:28:05,070 [Datanode State Machine Thread - 0] INFO  server.GrpcService (GrpcService.java:startImpl(149)) - fc0f8f3b-538d-481e-abe0-204925d4ee8f: GrpcService started, listening on 0.0.0.0/0.0.0.0:35638
2019-09-19 04:28:05,070 [Datanode State Machine Thread - 0] INFO  ratis.XceiverServerRatis (XceiverServerRatis.java:start(414)) - XceiverServerRatis fc0f8f3b-538d-481e-abe0-204925d4ee8f is started using port 35638
2019-09-19 04:28:05,071 [Datanode State Machine Thread - 0] INFO  server.XceiverServerGrpc (XceiverServerGrpc.java:start(163)) - XceiverServerGrpc fc0f8f3b-538d-481e-abe0-204925d4ee8f is started using port 38967
2019-09-19 04:28:05,235 | INFO  | SCMAudit | user=jenkins1000 | ip=192.168.34.50 | op=GET_VERSION null | ret=SUCCESS |  
2019-09-19 04:28:05,257 [Datanode State Machine Thread - 0] INFO  ozoneimpl.OzoneContainer (OzoneContainer.java:start(186)) - Attempting to start container services.
2019-09-19 04:28:05,258 [Datanode State Machine Thread - 0] INFO  ozoneimpl.OzoneContainer (OzoneContainer.java:startContainerScrub(160)) - Background container scrubber has been disabled by hdds.containerscrub.enabled
2019-09-19 04:28:05,258 [Datanode State Machine Thread - 0] INFO  ratis.XceiverServerRatis (XceiverServerRatis.java:start(404)) - Starting XceiverServerRatis d40cfe62-fc21-48bd-841c-37c3da2319ca at port 0
2019-09-19 04:28:05,265 [Datanode State Machine Thread - 0] INFO  impl.RaftServerProxy (RaftServerProxy.java:lambda$start$3(299)) - d40cfe62-fc21-48bd-841c-37c3da2319ca: start RPC server
2019-09-19 04:28:05,266 [Datanode State Machine Thread - 0] INFO  server.GrpcService (GrpcService.java:startImpl(149)) - d40cfe62-fc21-48bd-841c-37c3da2319ca: GrpcService started, listening on 0.0.0.0/0.0.0.0:35283
2019-09-19 04:28:05,266 [Datanode State Machine Thread - 0] INFO  ratis.XceiverServerRatis (XceiverServerRatis.java:start(414)) - XceiverServerRatis d40cfe62-fc21-48bd-841c-37c3da2319ca is started using port 35283
2019-09-19 04:28:05,267 [Datanode State Machine Thread - 0] INFO  server.XceiverServerGrpc (XceiverServerGrpc.java:start(163)) - XceiverServerGrpc d40cfe62-fc21-48bd-841c-37c3da2319ca is started using port 35117
2019-09-19 04:28:05,477 | INFO  | SCMAudit | user=jenkins1000 | ip=192.168.34.50 | op=GET_VERSION null | ret=SUCCESS |  
2019-09-19 04:28:05,496 [Datanode State Machine Thread - 0] INFO  ozoneimpl.OzoneContainer (OzoneContainer.java:start(186)) - Attempting to start container services.
2019-09-19 04:28:05,497 [Datanode State Machine Thread - 0] INFO  ozoneimpl.OzoneContainer (OzoneContainer.java:startContainerScrub(160)) - Background container scrubber has been disabled by hdds.containerscrub.enabled
2019-09-19 04:28:05,497 [Datanode State Machine Thread - 0] INFO  ratis.XceiverServerRatis (XceiverServerRatis.java:start(404)) - Starting XceiverServerRatis cacd8be3-3994-43a0-9248-dc2aa43e6f92 at port 0
2019-09-19 04:28:05,506 [Datanode State Machine Thread - 0] INFO  impl.RaftServerProxy (RaftServerProxy.java:lambda$start$3(299)) - cacd8be3-3994-43a0-9248-dc2aa43e6f92: start RPC server
2019-09-19 04:28:05,514 [Datanode State Machine Thread - 0] INFO  server.GrpcService (GrpcService.java:startImpl(149)) - cacd8be3-3994-43a0-9248-dc2aa43e6f92: GrpcService started, listening on 0.0.0.0/0.0.0.0:36186
2019-09-19 04:28:05,515 [Datanode State Machine Thread - 0] INFO  ratis.XceiverServerRatis (XceiverServerRatis.java:start(414)) - XceiverServerRatis cacd8be3-3994-43a0-9248-dc2aa43e6f92 is started using port 36186
2019-09-19 04:28:05,522 [Datanode State Machine Thread - 0] INFO  server.XceiverServerGrpc (XceiverServerGrpc.java:start(163)) - XceiverServerGrpc cacd8be3-3994-43a0-9248-dc2aa43e6f92 is started using port 33102
2019-09-19 04:28:05,713 [main] INFO  ozone.MiniOzoneClusterImpl (MiniOzoneClusterImpl.java:lambda$waitForClusterToBeReady$0(145)) - Waiting for nodes to be ready. Got 0 of 7 DN Heartbeats.
2019-09-19 04:28:05,713 [main] INFO  ozone.MiniOzoneClusterImpl (MiniOzoneClusterImpl.java:lambda$waitForClusterToBeReady$0(148)) - Waiting for cluster to exit safe mode
2019-09-19 04:28:05,994 | INFO  | SCMAudit | user=jenkins1000 | ip=192.168.34.50 | op=GET_VERSION null | ret=SUCCESS |  
2019-09-19 04:28:06,060 [Datanode State Machine Thread - 0] INFO  ozoneimpl.OzoneContainer (OzoneContainer.java:start(186)) - Attempting to start container services.
2019-09-19 04:28:06,060 [Datanode State Machine Thread - 0] INFO  ozoneimpl.OzoneContainer (OzoneContainer.java:startContainerScrub(160)) - Background container scrubber has been disabled by hdds.containerscrub.enabled
2019-09-19 04:28:06,060 [Datanode State Machine Thread - 0] INFO  ratis.XceiverServerRatis (XceiverServerRatis.java:start(404)) - Starting XceiverServerRatis 646ad8b2-e397-4e74-bda7-a2da429002a8 at port 0
2019-09-19 04:28:06,068 [Datanode State Machine Thread - 0] INFO  impl.RaftServerProxy (RaftServerProxy.java:lambda$start$3(299)) - 646ad8b2-e397-4e74-bda7-a2da429002a8: start RPC server
2019-09-19 04:28:06,069 [Datanode State Machine Thread - 0] INFO  server.GrpcService (GrpcService.java:startImpl(149)) - 646ad8b2-e397-4e74-bda7-a2da429002a8: GrpcService started, listening on 0.0.0.0/0.0.0.0:35451
2019-09-19 04:28:06,070 [Datanode State Machine Thread - 0] INFO  ratis.XceiverServerRatis (XceiverServerRatis.java:start(414)) - XceiverServerRatis 646ad8b2-e397-4e74-bda7-a2da429002a8 is started using port 35451
2019-09-19 04:28:06,073 [Datanode State Machine Thread - 0] INFO  server.XceiverServerGrpc (XceiverServerGrpc.java:start(163)) - XceiverServerGrpc 646ad8b2-e397-4e74-bda7-a2da429002a8 is started using port 41925
2019-09-19 04:28:06,210 | INFO  | SCMAudit | user=jenkins1000 | ip=192.168.34.50 | op=GET_VERSION null | ret=SUCCESS |  
2019-09-19 04:28:06,301 [Datanode State Machine Thread - 0] INFO  ozoneimpl.OzoneContainer (OzoneContainer.java:start(186)) - Attempting to start container services.
2019-09-19 04:28:06,301 [Datanode State Machine Thread - 0] INFO  ozoneimpl.OzoneContainer (OzoneContainer.java:startContainerScrub(160)) - Background container scrubber has been disabled by hdds.containerscrub.enabled
2019-09-19 04:28:06,301 [Datanode State Machine Thread - 0] INFO  ratis.XceiverServerRatis (XceiverServerRatis.java:start(404)) - Starting XceiverServerRatis bb21d486-410c-4d63-a3eb-a911625626cf at port 0
2019-09-19 04:28:06,309 [Datanode State Machine Thread - 0] INFO  impl.RaftServerProxy (RaftServerProxy.java:lambda$start$3(299)) - bb21d486-410c-4d63-a3eb-a911625626cf: start RPC server
2019-09-19 04:28:06,310 [Datanode State Machine Thread - 0] INFO  server.GrpcService (GrpcService.java:startImpl(149)) - bb21d486-410c-4d63-a3eb-a911625626cf: GrpcService started, listening on 0.0.0.0/0.0.0.0:33211
2019-09-19 04:28:06,310 [Datanode State Machine Thread - 0] INFO  ratis.XceiverServerRatis (XceiverServerRatis.java:start(414)) - XceiverServerRatis bb21d486-410c-4d63-a3eb-a911625626cf is started using port 33211
2019-09-19 04:28:06,313 [Datanode State Machine Thread - 0] INFO  server.XceiverServerGrpc (XceiverServerGrpc.java:start(163)) - XceiverServerGrpc bb21d486-410c-4d63-a3eb-a911625626cf is started using port 45095
2019-09-19 04:28:06,478 | INFO  | SCMAudit | user=jenkins1000 | ip=192.168.34.50 | op=GET_VERSION null | ret=SUCCESS |  
2019-09-19 04:28:06,566 [Datanode State Machine Thread - 0] INFO  ozoneimpl.OzoneContainer (OzoneContainer.java:start(186)) - Attempting to start container services.
2019-09-19 04:28:06,566 [Datanode State Machine Thread - 0] INFO  ozoneimpl.OzoneContainer (OzoneContainer.java:startContainerScrub(160)) - Background container scrubber has been disabled by hdds.containerscrub.enabled
2019-09-19 04:28:06,566 [Datanode State Machine Thread - 0] INFO  ratis.XceiverServerRatis (XceiverServerRatis.java:start(404)) - Starting XceiverServerRatis cee6b86e-e629-45c9-9c42-7061c1d64ecd at port 0
2019-09-19 04:28:06,574 [Datanode State Machine Thread - 0] INFO  impl.RaftServerProxy (RaftServerProxy.java:lambda$start$3(299)) - cee6b86e-e629-45c9-9c42-7061c1d64ecd: start RPC server
2019-09-19 04:28:06,578 [Datanode State Machine Thread - 0] INFO  server.GrpcService (GrpcService.java:startImpl(149)) - cee6b86e-e629-45c9-9c42-7061c1d64ecd: GrpcService started, listening on 0.0.0.0/0.0.0.0:42417
2019-09-19 04:28:06,578 [Datanode State Machine Thread - 0] INFO  ratis.XceiverServerRatis (XceiverServerRatis.java:start(414)) - XceiverServerRatis cee6b86e-e629-45c9-9c42-7061c1d64ecd is started using port 42417
2019-09-19 04:28:06,581 [Datanode State Machine Thread - 0] INFO  server.XceiverServerGrpc (XceiverServerGrpc.java:start(163)) - XceiverServerGrpc cee6b86e-e629-45c9-9c42-7061c1d64ecd is started using port 33348
2019-09-19 04:28:06,713 [main] INFO  ozone.MiniOzoneClusterImpl (MiniOzoneClusterImpl.java:lambda$waitForClusterToBeReady$0(145)) - Waiting for nodes to be ready. Got 0 of 7 DN Heartbeats.
2019-09-19 04:28:06,714 [main] INFO  ozone.MiniOzoneClusterImpl (MiniOzoneClusterImpl.java:lambda$waitForClusterToBeReady$0(148)) - Waiting for cluster to exit safe mode
2019-09-19 04:28:06,715 | INFO  | SCMAudit | user=jenkins1000 | ip=192.168.34.50 | op=GET_VERSION null | ret=SUCCESS |  
2019-09-19 04:28:06,809 [Datanode State Machine Thread - 0] INFO  ozoneimpl.OzoneContainer (OzoneContainer.java:start(186)) - Attempting to start container services.
2019-09-19 04:28:06,810 [Datanode State Machine Thread - 0] INFO  ozoneimpl.OzoneContainer (OzoneContainer.java:startContainerScrub(160)) - Background container scrubber has been disabled by hdds.containerscrub.enabled
2019-09-19 04:28:06,810 [Datanode State Machine Thread - 0] INFO  ratis.XceiverServerRatis (XceiverServerRatis.java:start(404)) - Starting XceiverServerRatis d267f1ee-b840-49aa-88d3-6d319dcb89fa at port 0
2019-09-19 04:28:06,817 [Datanode State Machine Thread - 0] INFO  impl.RaftServerProxy (RaftServerProxy.java:lambda$start$3(299)) - d267f1ee-b840-49aa-88d3-6d319dcb89fa: start RPC server
2019-09-19 04:28:06,818 [Datanode State Machine Thread - 0] INFO  server.GrpcService (GrpcService.java:startImpl(149)) - d267f1ee-b840-49aa-88d3-6d319dcb89fa: GrpcService started, listening on 0.0.0.0/0.0.0.0:38921
2019-09-19 04:28:06,819 [Datanode State Machine Thread - 0] INFO  ratis.XceiverServerRatis (XceiverServerRatis.java:start(414)) - XceiverServerRatis d267f1ee-b840-49aa-88d3-6d319dcb89fa is started using port 38921
2019-09-19 04:28:06,823 [Datanode State Machine Thread - 0] INFO  server.XceiverServerGrpc (XceiverServerGrpc.java:start(163)) - XceiverServerGrpc d267f1ee-b840-49aa-88d3-6d319dcb89fa is started using port 43960
2019-09-19 04:28:07,001 [IPC Server handler 4 on 36183] INFO  net.NetworkTopology (NetworkTopologyImpl.java:add(110)) - Added a new node: /default-rack/fc0f8f3b-538d-481e-abe0-204925d4ee8f
2019-09-19 04:28:07,001 [IPC Server handler 4 on 36183] INFO  node.SCMNodeManager (SCMNodeManager.java:register(273)) - Registered Data node : fc0f8f3b-538d-481e-abe0-204925d4ee8f{ip: 192.168.34.50, host: pr-hdds-2034-srnhl-2452957315, networkLocation: /default-rack, certSerialId: null}
2019-09-19 04:28:07,002 [RatisPipelineUtilsThread] INFO  pipeline.RatisPipelineProvider (RatisPipelineProvider.java:lambda$create$4(164)) - Send pipeline:PipelineID=6824a864-7da5-49dc-bbb4-70de390345e3 create command to datanode fc0f8f3b-538d-481e-abe0-204925d4ee8f
2019-09-19 04:28:07,002 [EventQueue-NodeRegistrationContainerReportForDataNodeSafeModeRule] INFO  safemode.SCMSafeModeManager (DataNodeSafeModeRule.java:process(71)) - SCM in safe mode. 1 DataNodes registered, 1 required.
2019-09-19 04:28:07,002 | INFO  | SCMAudit | user=jenkins1000 | ip=192.168.34.50 | op=REGISTER {datanodeDetails=fc0f8f3b-538d-481e-abe0-204925d4ee8f{ip: 192.168.34.50, host: pr-hdds-2034-srnhl-2452957315, networkLocation: /default-rack, certSerialId: null}} | ret=SUCCESS |  
2019-09-19 04:28:07,235 [IPC Server handler 0 on 36183] INFO  net.NetworkTopology (NetworkTopologyImpl.java:add(110)) - Added a new node: /default-rack/d40cfe62-fc21-48bd-841c-37c3da2319ca
2019-09-19 04:28:07,236 [IPC Server handler 0 on 36183] INFO  node.SCMNodeManager (SCMNodeManager.java:register(273)) - Registered Data node : d40cfe62-fc21-48bd-841c-37c3da2319ca{ip: 192.168.34.50, host: pr-hdds-2034-srnhl-2452957315, networkLocation: /default-rack, certSerialId: null}
2019-09-19 04:28:07,236 | INFO  | SCMAudit | user=jenkins1000 | ip=192.168.34.50 | op=REGISTER {datanodeDetails=d40cfe62-fc21-48bd-841c-37c3da2319ca{ip: 192.168.34.50, host: pr-hdds-2034-srnhl-2452957315, networkLocation: /default-rack, certSerialId: null}} | ret=SUCCESS |  
2019-09-19 04:28:07,236 [RatisPipelineUtilsThread] INFO  pipeline.RatisPipelineProvider (RatisPipelineProvider.java:lambda$create$4(164)) - Send pipeline:PipelineID=2acb5912-985a-43d1-af3c-b0771fae3d6f create command to datanode d40cfe62-fc21-48bd-841c-37c3da2319ca
2019-09-19 04:28:07,478 [IPC Server handler 2 on 36183] INFO  net.NetworkTopology (NetworkTopologyImpl.java:add(110)) - Added a new node: /default-rack/cacd8be3-3994-43a0-9248-dc2aa43e6f92
2019-09-19 04:28:07,478 [IPC Server handler 2 on 36183] INFO  node.SCMNodeManager (SCMNodeManager.java:register(273)) - Registered Data node : cacd8be3-3994-43a0-9248-dc2aa43e6f92{ip: 192.168.34.50, host: pr-hdds-2034-srnhl-2452957315, networkLocation: /default-rack, certSerialId: null}
2019-09-19 04:28:07,479 [RatisPipelineUtilsThread] INFO  pipeline.RatisPipelineProvider (RatisPipelineProvider.java:lambda$create$4(164)) - Send pipeline:PipelineID=5f421397-b236-4d03-a768-ab06c0794217 create command to datanode cacd8be3-3994-43a0-9248-dc2aa43e6f92
2019-09-19 04:28:07,479 | INFO  | SCMAudit | user=jenkins1000 | ip=192.168.34.50 | op=REGISTER {datanodeDetails=cacd8be3-3994-43a0-9248-dc2aa43e6f92{ip: 192.168.34.50, host: pr-hdds-2034-srnhl-2452957315, networkLocation: /default-rack, certSerialId: null}} | ret=SUCCESS |  
2019-09-19 04:28:07,485 [RatisPipelineUtilsThread] INFO  pipeline.RatisPipelineProvider (RatisPipelineProvider.java:lambda$create$4(164)) - Send pipeline:PipelineID=83f9f975-e2ba-4e7f-ab30-52cd28e9d88b create command to datanode d40cfe62-fc21-48bd-841c-37c3da2319ca
2019-09-19 04:28:07,486 [RatisPipelineUtilsThread] INFO  pipeline.RatisPipelineProvider (RatisPipelineProvider.java:lambda$create$4(164)) - Send pipeline:PipelineID=83f9f975-e2ba-4e7f-ab30-52cd28e9d88b create command to datanode cacd8be3-3994-43a0-9248-dc2aa43e6f92
2019-09-19 04:28:07,486 [RatisPipelineUtilsThread] INFO  pipeline.RatisPipelineProvider (RatisPipelineProvider.java:lambda$create$4(164)) - Send pipeline:PipelineID=83f9f975-e2ba-4e7f-ab30-52cd28e9d88b create command to datanode fc0f8f3b-538d-481e-abe0-204925d4ee8f
2019-09-19 04:28:07,714 [main] INFO  ozone.MiniOzoneClusterImpl (MiniOzoneClusterImpl.java:lambda$waitForClusterToBeReady$0(145)) - Waiting for nodes to be ready. Got 3 of 7 DN Heartbeats.
2019-09-19 04:28:07,715 [main] INFO  ozone.MiniOzoneClusterImpl (MiniOzoneClusterImpl.java:lambda$waitForClusterToBeReady$0(148)) - Waiting for cluster to exit safe mode
2019-09-19 04:28:07,994 [IPC Server handler 4 on 36183] INFO  net.NetworkTopology (NetworkTopologyImpl.java:add(110)) - Added a new node: /default-rack/646ad8b2-e397-4e74-bda7-a2da429002a8
2019-09-19 04:28:07,994 [IPC Server handler 4 on 36183] INFO  node.SCMNodeManager (SCMNodeManager.java:register(273)) - Registered Data node : 646ad8b2-e397-4e74-bda7-a2da429002a8{ip: 192.168.34.50, host: pr-hdds-2034-srnhl-2452957315, networkLocation: /default-rack, certSerialId: null}
2019-09-19 04:28:07,998 | INFO  | SCMAudit | user=jenkins1000 | ip=192.168.34.50 | op=REGISTER {datanodeDetails=646ad8b2-e397-4e74-bda7-a2da429002a8{ip: 192.168.34.50, host: pr-hdds-2034-srnhl-2452957315, networkLocation: /default-rack, certSerialId: null}} | ret=SUCCESS |  
2019-09-19 04:28:07,998 [RatisPipelineUtilsThread] INFO  pipeline.RatisPipelineProvider (RatisPipelineProvider.java:lambda$create$4(164)) - Send pipeline:PipelineID=c61ac05b-325b-4819-affd-76dbb8c33422 create command to datanode 646ad8b2-e397-4e74-bda7-a2da429002a8
2019-09-19 04:28:08,210 [IPC Server handler 1 on 36183] INFO  net.NetworkTopology (NetworkTopologyImpl.java:add(110)) - Added a new node: /default-rack/bb21d486-410c-4d63-a3eb-a911625626cf
2019-09-19 04:28:08,211 [IPC Server handler 1 on 36183] INFO  node.SCMNodeManager (SCMNodeManager.java:register(273)) - Registered Data node : bb21d486-410c-4d63-a3eb-a911625626cf{ip: 192.168.34.50, host: pr-hdds-2034-srnhl-2452957315, networkLocation: /default-rack, certSerialId: null}
2019-09-19 04:28:08,214 | INFO  | SCMAudit | user=jenkins1000 | ip=192.168.34.50 | op=REGISTER {datanodeDetails=bb21d486-410c-4d63-a3eb-a911625626cf{ip: 192.168.34.50, host: pr-hdds-2034-srnhl-2452957315, networkLocation: /default-rack, certSerialId: null}} | ret=SUCCESS |  
2019-09-19 04:28:08,214 [RatisPipelineUtilsThread] INFO  pipeline.RatisPipelineProvider (RatisPipelineProvider.java:lambda$create$4(164)) - Send pipeline:PipelineID=0a5538de-9135-4af4-8e4f-27a2241642c0 create command to datanode bb21d486-410c-4d63-a3eb-a911625626cf
2019-09-19 04:28:08,480 [IPC Server handler 2 on 36183] INFO  net.NetworkTopology (NetworkTopologyImpl.java:add(110)) - Added a new node: /default-rack/cee6b86e-e629-45c9-9c42-7061c1d64ecd
2019-09-19 04:28:08,480 [IPC Server handler 2 on 36183] INFO  node.SCMNodeManager (SCMNodeManager.java:register(273)) - Registered Data node : cee6b86e-e629-45c9-9c42-7061c1d64ecd{ip: 192.168.34.50, host: pr-hdds-2034-srnhl-2452957315, networkLocation: /default-rack, certSerialId: null}
2019-09-19 04:28:08,484 [RatisPipelineUtilsThread] INFO  pipeline.RatisPipelineProvider (RatisPipelineProvider.java:lambda$create$4(164)) - Send pipeline:PipelineID=a25694fb-5566-4b08-80a6-911d37771303 create command to datanode cee6b86e-e629-45c9-9c42-7061c1d64ecd
2019-09-19 04:28:08,484 | INFO  | SCMAudit | user=jenkins1000 | ip=192.168.34.50 | op=REGISTER {datanodeDetails=cee6b86e-e629-45c9-9c42-7061c1d64ecd{ip: 192.168.34.50, host: pr-hdds-2034-srnhl-2452957315, networkLocation: /default-rack, certSerialId: null}} | ret=SUCCESS |  
2019-09-19 04:28:08,490 [RatisPipelineUtilsThread] INFO  pipeline.RatisPipelineProvider (RatisPipelineProvider.java:lambda$create$4(164)) - Send pipeline:PipelineID=0173be8d-8c41-43f2-89c1-793098847aa3 create command to datanode cee6b86e-e629-45c9-9c42-7061c1d64ecd
2019-09-19 04:28:08,490 [RatisPipelineUtilsThread] INFO  pipeline.RatisPipelineProvider (RatisPipelineProvider.java:lambda$create$4(164)) - Send pipeline:PipelineID=0173be8d-8c41-43f2-89c1-793098847aa3 create command to datanode bb21d486-410c-4d63-a3eb-a911625626cf
2019-09-19 04:28:08,490 [RatisPipelineUtilsThread] INFO  pipeline.RatisPipelineProvider (RatisPipelineProvider.java:lambda$create$4(164)) - Send pipeline:PipelineID=0173be8d-8c41-43f2-89c1-793098847aa3 create command to datanode 646ad8b2-e397-4e74-bda7-a2da429002a8
2019-09-19 04:28:08,715 [main] INFO  ozone.MiniOzoneClusterImpl (MiniOzoneClusterImpl.java:lambda$waitForClusterToBeReady$0(145)) - Waiting for nodes to be ready. Got 6 of 7 DN Heartbeats.
2019-09-19 04:28:08,716 [main] INFO  ozone.MiniOzoneClusterImpl (MiniOzoneClusterImpl.java:lambda$waitForClusterToBeReady$0(148)) - Waiting for cluster to exit safe mode
2019-09-19 04:28:08,716 [IPC Server handler 3 on 36183] INFO  net.NetworkTopology (NetworkTopologyImpl.java:add(110)) - Added a new node: /default-rack/d267f1ee-b840-49aa-88d3-6d319dcb89fa
2019-09-19 04:28:08,716 [IPC Server handler 3 on 36183] INFO  node.SCMNodeManager (SCMNodeManager.java:register(273)) - Registered Data node : d267f1ee-b840-49aa-88d3-6d319dcb89fa{ip: 192.168.34.50, host: pr-hdds-2034-srnhl-2452957315, networkLocation: /default-rack, certSerialId: null}
2019-09-19 04:28:08,719 [RatisPipelineUtilsThread] INFO  pipeline.RatisPipelineProvider (RatisPipelineProvider.java:lambda$create$4(164)) - Send pipeline:PipelineID=c579390f-dcb6-4207-82b2-793ed494825f create command to datanode d267f1ee-b840-49aa-88d3-6d319dcb89fa
2019-09-19 04:28:08,719 | INFO  | SCMAudit | user=jenkins1000 | ip=192.168.34.50 | op=REGISTER {datanodeDetails=d267f1ee-b840-49aa-88d3-6d319dcb89fa{ip: 192.168.34.50, host: pr-hdds-2034-srnhl-2452957315, networkLocation: /default-rack, certSerialId: null}} | ret=SUCCESS |  
2019-09-19 04:28:08,999 | INFO  | SCMAudit | user=jenkins1000 | ip=192.168.34.50 | op=SEND_HEARTBEAT {datanodeUUID=fc0f8f3b-538d-481e-abe0-204925d4ee8f, command=[commandType: createPipelineCommand createPipelineCommandProto { pipelineID { id: "6824a864-7da5-49dc-bbb4-70de390345e3" } type: RATIS factor: ONE datanode { uuid: "fc0f8f3b-538d-481e-abe0-204925d4ee8f" ipAddress: "192.168.34.50" hostName: "pr-hdds-2034-srnhl-2452957315" ports { name: "REST" value: 44117 } ports { name: "RATIS" value: 35638 } ports { name: "STANDALONE" value: 38967 } networkName: "fc0f8f3b-538d-481e-abe0-204925d4ee8f" networkLocation: "/default-rack" } cmdId: 1568867228322 } , commandType: createPipelineCommand createPipelineCommandProto { pipelineID { id: "83f9f975-e2ba-4e7f-ab30-52cd28e9d88b" } type: RATIS factor: THREE datanode { uuid: "d40cfe62-fc21-48bd-841c-37c3da2319ca" ipAddress: "192.168.34.50" hostName: "pr-hdds-2034-srnhl-2452957315" ports { name: "REST" value: 38947 } ports { name: "RATIS" value: 35283 } ports { name: "STANDALONE" value: 35117 } networkName: "d40cfe62-fc21-48bd-841c-37c3da2319ca" networkLocation: "/default-rack" } datanode { uuid: "cacd8be3-3994-43a0-9248-dc2aa43e6f92" ipAddress: "192.168.34.50" hostName: "pr-hdds-2034-srnhl-2452957315" ports { name: "REST" value: 36023 } ports { name: "RATIS" value: 36186 } ports { name: "STANDALONE" value: 33102 } networkName: "cacd8be3-3994-43a0-9248-dc2aa43e6f92" networkLocation: "/default-rack" } datanode { uuid: "fc0f8f3b-538d-481e-abe0-204925d4ee8f" ipAddress: "192.168.34.50" hostName: "pr-hdds-2034-srnhl-2452957315" ports { name: "REST" value: 44117 } ports { name: "RATIS" value: 35638 } ports { name: "STANDALONE" value: 38967 } networkName: "fc0f8f3b-538d-481e-abe0-204925d4ee8f" networkLocation: "/default-rack" } cmdId: 1568867228325 } ]} | ret=SUCCESS |  
2019-09-19 04:28:09,236 | INFO  | SCMAudit | user=jenkins1000 | ip=192.168.34.50 | op=SEND_HEARTBEAT {datanodeUUID=d40cfe62-fc21-48bd-841c-37c3da2319ca, command=[commandType: createPipelineCommand createPipelineCommandProto { pipelineID { id: "2acb5912-985a-43d1-af3c-b0771fae3d6f" } type: RATIS factor: ONE datanode { uuid: "d40cfe62-fc21-48bd-841c-37c3da2319ca" ipAddress: "192.168.34.50" hostName: "pr-hdds-2034-srnhl-2452957315" ports { name: "REST" value: 38947 } ports { name: "RATIS" value: 35283 } ports { name: "STANDALONE" value: 35117 } networkName: "d40cfe62-fc21-48bd-841c-37c3da2319ca" networkLocation: "/default-rack" } cmdId: 1568867228323 } , commandType: createPipelineCommand createPipelineCommandProto { pipelineID { id: "83f9f975-e2ba-4e7f-ab30-52cd28e9d88b" } type: RATIS factor: THREE datanode { uuid: "d40cfe62-fc21-48bd-841c-37c3da2319ca" ipAddress: "192.168.34.50" hostName: "pr-hdds-2034-srnhl-2452957315" ports { name: "REST" value: 38947 } ports { name: "RATIS" value: 35283 } ports { name: "STANDALONE" value: 35117 } networkName: "d40cfe62-fc21-48bd-841c-37c3da2319ca" networkLocation: "/default-rack" } datanode { uuid: "cacd8be3-3994-43a0-9248-dc2aa43e6f92" ipAddress: "192.168.34.50" hostName: "pr-hdds-2034-srnhl-2452957315" ports { name: "REST" value: 36023 } ports { name: "RATIS" value: 36186 } ports { name: "STANDALONE" value: 33102 } networkName: "cacd8be3-3994-43a0-9248-dc2aa43e6f92" networkLocation: "/default-rack" } datanode { uuid: "fc0f8f3b-538d-481e-abe0-204925d4ee8f" ipAddress: "192.168.34.50" hostName: "pr-hdds-2034-srnhl-2452957315" ports { name: "REST" value: 44117 } ports { name: "RATIS" value: 35638 } ports { name: "STANDALONE" value: 38967 } networkName: "fc0f8f3b-538d-481e-abe0-204925d4ee8f" networkLocation: "/default-rack" } cmdId: 1568867228325 } ]} | ret=SUCCESS |  
2019-09-19 04:28:09,479 | INFO  | SCMAudit | user=jenkins1000 | ip=192.168.34.50 | op=SEND_HEARTBEAT {datanodeUUID=cacd8be3-3994-43a0-9248-dc2aa43e6f92, command=[commandType: createPipelineCommand createPipelineCommandProto { pipelineID { id: "5f421397-b236-4d03-a768-ab06c0794217" } type: RATIS factor: ONE datanode { uuid: "cacd8be3-3994-43a0-9248-dc2aa43e6f92" ipAddress: "192.168.34.50" hostName: "pr-hdds-2034-srnhl-2452957315" ports { name: "REST" value: 36023 } ports { name: "RATIS" value: 36186 } ports { name: "STANDALONE" value: 33102 } networkName: "cacd8be3-3994-43a0-9248-dc2aa43e6f92" networkLocation: "/default-rack" } cmdId: 1568867228324 } , commandType: createPipelineCommand createPipelineCommandProto { pipelineID { id: "83f9f975-e2ba-4e7f-ab30-52cd28e9d88b" } type: RATIS factor: THREE datanode { uuid: "d40cfe62-fc21-48bd-841c-37c3da2319ca" ipAddress: "192.168.34.50" hostName: "pr-hdds-2034-srnhl-2452957315" ports { name: "REST" value: 38947 } ports { name: "RATIS" value: 35283 } ports { name: "STANDALONE" value: 35117 } networkName: "d40cfe62-fc21-48bd-841c-37c3da2319ca" networkLocation: "/default-rack" } datanode { uuid: "cacd8be3-3994-43a0-9248-dc2aa43e6f92" ipAddress: "192.168.34.50" hostName: "pr-hdds-2034-srnhl-2452957315" ports { name: "REST" value: 36023 } ports { name: "RATIS" value: 36186 } ports { name: "STANDALONE" value: 33102 } networkName: "cacd8be3-3994-43a0-9248-dc2aa43e6f92" networkLocation: "/default-rack" } datanode { uuid: "fc0f8f3b-538d-481e-abe0-204925d4ee8f" ipAddress: "192.168.34.50" hostName: "pr-hdds-2034-srnhl-2452957315" ports { name: "REST" value: 44117 } ports { name: "RATIS" value: 35638 } ports { name: "STANDALONE" value: 38967 } networkName: "fc0f8f3b-538d-481e-abe0-204925d4ee8f" networkLocation: "/default-rack" } cmdId: 1568867228325 } ]} | ret=SUCCESS |  
2019-09-19 04:28:09,716 [main] INFO  ozone.MiniOzoneClusterImpl (MiniOzoneClusterImpl.java:lambda$waitForClusterToBeReady$0(145)) - Nodes are ready. Got 7 of 7 DN Heartbeats.
2019-09-19 04:28:09,718 [main] INFO  ozone.MiniOzoneClusterImpl (MiniOzoneClusterImpl.java:lambda$waitForClusterToBeReady$0(148)) - Waiting for cluster to exit safe mode
2019-09-19 04:28:09,995 | INFO  | SCMAudit | user=jenkins1000 | ip=192.168.34.50 | op=SEND_HEARTBEAT {datanodeUUID=fc0f8f3b-538d-481e-abe0-204925d4ee8f, command=[]} | ret=SUCCESS |  
2019-09-19 04:28:09,995 | INFO  | SCMAudit | user=jenkins1000 | ip=192.168.34.50 | op=SEND_HEARTBEAT {datanodeUUID=646ad8b2-e397-4e74-bda7-a2da429002a8, command=[commandType: createPipelineCommand createPipelineCommandProto { pipelineID { id: "c61ac05b-325b-4819-affd-76dbb8c33422" } type: RATIS factor: ONE datanode { uuid: "646ad8b2-e397-4e74-bda7-a2da429002a8" ipAddress: "192.168.34.50" hostName: "pr-hdds-2034-srnhl-2452957315" ports { name: "REST" value: 41740 } ports { name: "RATIS" value: 35451 } ports { name: "STANDALONE" value: 41925 } networkName: "646ad8b2-e397-4e74-bda7-a2da429002a8" networkLocation: "/default-rack" } cmdId: 1568867228326 } , commandType: createPipelineCommand createPipelineCommandProto { pipelineID { id: "0173be8d-8c41-43f2-89c1-793098847aa3" } type: RATIS factor: THREE datanode { uuid: "cee6b86e-e629-45c9-9c42-7061c1d64ecd" ipAddress: "192.168.34.50" hostName: "pr-hdds-2034-srnhl-2452957315" ports { name: "REST" value: 35261 } ports { name: "RATIS" value: 42417 } ports { name: "STANDALONE" value: 33348 } networkName: "cee6b86e-e629-45c9-9c42-7061c1d64ecd" networkLocation: "/default-rack" } datanode { uuid: "bb21d486-410c-4d63-a3eb-a911625626cf" ipAddress: "192.168.34.50" hostName: "pr-hdds-2034-srnhl-2452957315" ports { name: "REST" value: 41273 } ports { name: "RATIS" value: 33211 } ports { name: "STANDALONE" value: 45095 } networkName: "bb21d486-410c-4d63-a3eb-a911625626cf" networkLocation: "/default-rack" } datanode { uuid: "646ad8b2-e397-4e74-bda7-a2da429002a8" ipAddress: "192.168.34.50" hostName: "pr-hdds-2034-srnhl-2452957315" ports { name: "REST" value: 41740 } ports { name: "RATIS" value: 35451 } ports { name: "STANDALONE" value: 41925 } networkName: "646ad8b2-e397-4e74-bda7-a2da429002a8" networkLocation: "/default-rack" } cmdId: 1568867228329 } ]} | ret=SUCCESS |  
2019-09-19 04:28:10,006 [grpc-default-executor-4] INFO  impl.RaftServerProxy (RaftServerProxy.java:addNew(89)) - fc0f8f3b-538d-481e-abe0-204925d4ee8f: addNew group-70DE390345E3:[fc0f8f3b-538d-481e-abe0-204925d4ee8f:192.168.34.50:35638] returns group-70DE390345E3:java.util.concurrent.CompletableFuture@5bfe3cc1[Not completed]
2019-09-19 04:28:10,009 [pool-126-thread-1] INFO  impl.RaftServerImpl (RaftServerImpl.java:<init>(93)) - fc0f8f3b-538d-481e-abe0-204925d4ee8f: new RaftServerImpl for group-70DE390345E3:[fc0f8f3b-538d-481e-abe0-204925d4ee8f:192.168.34.50:35638] with ContainerStateMachine:uninitialized
2019-09-19 04:28:10,010 [pool-126-thread-1] INFO  server.RaftServerConfigKeys (ConfUtils.java:logGet(43)) - raft.server.rpc.timeout.min = 5s (custom)
2019-09-19 04:28:10,010 [pool-126-thread-1] INFO  server.RaftServerConfigKeys (ConfUtils.java:logGet(43)) - raft.server.rpc.timeout.max = 5200ms (custom)
2019-09-19 04:28:10,010 [pool-126-thread-1] INFO  server.RaftServerConfigKeys (ConfUtils.java:logGet(43)) - raft.server.rpcslowness.timeout = 120s (custom)
2019-09-19 04:28:10,010 [pool-126-thread-1] INFO  server.RaftServerConfigKeys (ConfUtils.java:logGet(43)) - raft.server.sleep.deviation.threshold = 300 (default)
2019-09-19 04:28:10,010 [pool-126-thread-1] INFO  server.RaftServerConfigKeys (ConfUtils.java:logGet(43)) - raft.server.log.appender.install.snapshot.enabled = false (custom)
2019-09-19 04:28:10,010 [pool-126-thread-1] INFO  impl.RaftServerImpl (ServerState.java:<init>(105)) - fc0f8f3b-538d-481e-abe0-204925d4ee8f:group-70DE390345E3 ConfigurationManager, init=-1: [fc0f8f3b-538d-481e-abe0-204925d4ee8f:192.168.34.50:35638], old=null, confs=<EMPTY_MAP>
2019-09-19 04:28:10,011 [pool-126-thread-1] INFO  server.RaftServerConfigKeys (ConfUtils.java:logGet(43)) - raft.server.storage.dir = [/workdir/hadoop-ozone/integration-test/target/test-dir/MiniOzoneClusterImpl-0025b056-fb6b-4693-853a-894456f5f8ea/datanode-0/data/ratis] (custom)
2019-09-19 04:28:10,011 [pool-126-thread-1] INFO  storage.RaftStorageDirectory (RaftStorageDirectory.java:analyzeStorage(246)) - The storage directory /workdir/hadoop-ozone/integration-test/target/test-dir/MiniOzoneClusterImpl-0025b056-fb6b-4693-853a-894456f5f8ea/datanode-0/data/ratis/6824a864-7da5-49dc-bbb4-70de390345e3 does not exist. Creating ...
2019-09-19 04:28:10,066 [pool-126-thread-1] INFO  storage.RaftStorageDirectory (RaftStorageDirectory.java:tryLock(328)) - Lock on /workdir/hadoop-ozone/integration-test/target/test-dir/MiniOzoneClusterImpl-0025b056-fb6b-4693-853a-894456f5f8ea/datanode-0/data/ratis/6824a864-7da5-49dc-bbb4-70de390345e3/in_use.lock acquired by nodename 24804@pr-hdds-2034-srnhl-2452957315
2019-09-19 04:28:10,126 [pool-126-thread-1] INFO  storage.RaftStorage (RaftStorage.java:format(72)) - Storage directory /workdir/hadoop-ozone/integration-test/target/test-dir/MiniOzoneClusterImpl-0025b056-fb6b-4693-853a-894456f5f8ea/datanode-0/data/ratis/6824a864-7da5-49dc-bbb4-70de390345e3 has been successfully formatted.
2019-09-19 04:28:10,126 [pool-126-thread-1] INFO  ratis.ContainerStateMachine (ContainerStateMachine.java:loadSnapshot(226)) - group-70DE390345E3: The snapshot info is null. Setting the last applied indexto:(t:0, i:~)
2019-09-19 04:28:10,127 [pool-126-thread-1] INFO  server.RaftServerConfigKeys (ConfUtils.java:logGet(43)) - raft.server.leader.election.timeout = 120s (custom)
2019-09-19 04:28:10,127 [pool-126-thread-1] INFO  server.RaftServerConfigKeys (ConfUtils.java:logGet(43)) - raft.server.log.use.memory = false (default)
2019-09-19 04:28:10,127 [pool-126-thread-1] INFO  server.RaftServerConfigKeys (ConfUtils.java:logGet(43)) - raft.server.log.purge.gap = 1000000 (custom)
2019-09-19 04:28:10,127 [pool-126-thread-1] INFO  server.RaftServerConfigKeys (ConfUtils.java:logGet(43)) - raft.server.log.appender.buffer.byte-limit = 33554432 (custom)
2019-09-19 04:28:10,127 [pool-126-thread-1] INFO  server.RaftServerConfigKeys (ConfUtils.java:logGet(43)) - raft.server.log.segment.size.max = 1048576 (custom)
2019-09-19 04:28:10,128 [pool-126-thread-1] INFO  server.RaftServerConfigKeys (ConfUtils.java:logGet(43)) - raft.server.log.segment.cache.num.max = 2 (custom)
2019-09-19 04:28:10,128 [pool-126-thread-1] INFO  segmented.SegmentedRaftLogWorker (SegmentedRaftLogWorker.java:<init>(172)) - new fc0f8f3b-538d-481e-abe0-204925d4ee8f-SegmentedRaftLogWorker:Storage Directory /workdir/hadoop-ozone/integration-test/target/test-dir/MiniOzoneClusterImpl-0025b056-fb6b-4693-853a-894456f5f8ea/datanode-0/data/ratis/6824a864-7da5-49dc-bbb4-70de390345e3 for RaftStorage:Storage Directory /workdir/hadoop-ozone/integration-test/target/test-dir/MiniOzoneClusterImpl-0025b056-fb6b-4693-853a-894456f5f8ea/datanode-0/data/ratis/6824a864-7da5-49dc-bbb4-70de390345e3
2019-09-19 04:28:10,128 [pool-126-thread-1] INFO  server.RaftServerConfigKeys (ConfUtils.java:logGet(43)) - raft.server.log.queue.byte-limit = 2147483647 (custom)
2019-09-19 04:28:10,128 [pool-126-thread-1] INFO  server.RaftServerConfigKeys (ConfUtils.java:logGet(43)) - raft.server.log.queue.element-limit = 1024 (custom)
2019-09-19 04:28:10,129 [pool-126-thread-1] INFO  server.RaftServerConfigKeys (ConfUtils.java:logGet(43)) - raft.server.log.segment.size.max = 1048576 (custom)
2019-09-19 04:28:10,129 [pool-126-thread-1] INFO  server.RaftServerConfigKeys (ConfUtils.java:logGet(43)) - raft.server.log.preallocated.size = 16384 (custom)
2019-09-19 04:28:10,129 [pool-126-thread-1] INFO  server.RaftServerConfigKeys (ConfUtils.java:logGet(43)) - raft.server.log.write.buffer.size = 33554432 (custom)
2019-09-19 04:28:10,129 [pool-126-thread-1] INFO  server.RaftServerConfigKeys (ConfUtils.java:logGet(43)) - raft.server.log.force.sync.num = 128 (default)
2019-09-19 04:28:10,130 [pool-126-thread-1] INFO  server.RaftServerConfigKeys (ConfUtils.java:logGet(43)) - raft.server.log.statemachine.data.sync = true (default)
2019-09-19 04:28:10,130 [pool-126-thread-1] INFO  server.RaftServerConfigKeys (ConfUtils.java:logGet(43)) - raft.server.log.statemachine.data.sync.timeout = 10s (default)
2019-09-19 04:28:10,130 [pool-126-thread-1] INFO  server.RaftServerConfigKeys (ConfUtils.java:logGet(43)) - raft.server.log.statemachine.data.sync.timeout.retry = -1 (default)
2019-09-19 04:28:10,130 [pool-126-thread-1] INFO  server.RaftServerConfigKeys (ConfUtils.java:logGet(43)) - raft.server.log.statemachine.data.caching.enabled = true (custom)
2019-09-19 04:28:10,131 [pool-126-thread-1] INFO  segmented.SegmentedRaftLogWorker (SegmentedRaftLogWorker.java:lambda$new$0(132)) - fc0f8f3b-538d-481e-abe0-204925d4ee8f-SegmentedRaftLogWorker:Storage Directory /workdir/hadoop-ozone/integration-test/target/test-dir/MiniOzoneClusterImpl-0025b056-fb6b-4693-853a-894456f5f8ea/datanode-0/data/ratis/6824a864-7da5-49dc-bbb4-70de390345e3: flushIndex: setUnconditionally 0 -> -1
2019-09-19 04:28:10,131 [pool-126-thread-1] INFO  server.RaftServerConfigKeys (ConfUtils.java:logGet(43)) - raft.server.snapshot.auto.trigger.enabled = true (custom)
2019-09-19 04:28:10,132 [pool-126-thread-1] INFO  server.RaftServerConfigKeys (ConfUtils.java:logGet(43)) - raft.server.snapshot.auto.trigger.threshold = 10000 (custom)
2019-09-19 04:28:10,132 [pool-126-thread-1] INFO  server.RaftServerConfigKeys (ConfUtils.java:logGet(43)) - raft.server.retrycache.expirytime = 600000ms (custom)
2019-09-19 04:28:10,132 [pool-126-thread-1] INFO  impl.RaftServerImpl (RaftServerImpl.java:start(180)) - fc0f8f3b-538d-481e-abe0-204925d4ee8f: start group-70DE390345E3
2019-09-19 04:28:10,132 [pool-126-thread-1] INFO  impl.RaftServerImpl (RaftServerImpl.java:setRole(171)) - fc0f8f3b-538d-481e-abe0-204925d4ee8f:group-70DE390345E3 changes role from null to FOLLOWER at term 0 for startAsFollower
2019-09-19 04:28:10,132 [pool-126-thread-1] INFO  impl.RoleInfo (RoleInfo.java:updateAndGet(143)) - fc0f8f3b-538d-481e-abe0-204925d4ee8f: start FollowerState
2019-09-19 04:28:10,147 [pool-126-thread-1] INFO  util.JmxRegister (JmxRegister.java:tryRegister(44)) - Successfully registered JMX Bean with object name Ratis:service=RaftServer,group=group-70DE390345E3,id=fc0f8f3b-538d-481e-abe0-204925d4ee8f
2019-09-19 04:28:10,151 [Command processor thread] INFO  commandhandler.CreatePipelineCommandHandler (CreatePipelineCommandHandler.java:handle(112)) - Create Pipeline RATIS ONE #PipelineID=6824a864-7da5-49dc-bbb4-70de390345e3 command succeed on datanode fc0f8f3b-538d-481e-abe0-204925d4ee8f.
2019-09-19 04:28:10,157 [grpc-default-executor-4] INFO  impl.RaftServerProxy (RaftServerProxy.java:addNew(89)) - fc0f8f3b-538d-481e-abe0-204925d4ee8f: addNew group-52CD28E9D88B:[d40cfe62-fc21-48bd-841c-37c3da2319ca:192.168.34.50:35283, fc0f8f3b-538d-481e-abe0-204925d4ee8f:192.168.34.50:35638, cacd8be3-3994-43a0-9248-dc2aa43e6f92:192.168.34.50:36186] returns group-52CD28E9D88B:java.util.concurrent.CompletableFuture@5e7f03ac[Not completed]
2019-09-19 04:28:10,158 [pool-126-thread-1] INFO  impl.RaftServerImpl (RaftServerImpl.java:<init>(93)) - fc0f8f3b-538d-481e-abe0-204925d4ee8f: new RaftServerImpl for group-52CD28E9D88B:[d40cfe62-fc21-48bd-841c-37c3da2319ca:192.168.34.50:35283, fc0f8f3b-538d-481e-abe0-204925d4ee8f:192.168.34.50:35638, cacd8be3-3994-43a0-9248-dc2aa43e6f92:192.168.34.50:36186] with ContainerStateMachine:uninitialized
2019-09-19 04:28:10,158 [pool-126-thread-1] INFO  server.RaftServerConfigKeys (ConfUtils.java:logGet(43)) - raft.server.rpc.timeout.min = 5s (custom)
2019-09-19 04:28:10,159 [pool-126-thread-1] INFO  server.RaftServerConfigKeys (ConfUtils.java:logGet(43)) - raft.server.rpc.timeout.max = 5200ms (custom)
2019-09-19 04:28:10,159 [pool-126-thread-1] INFO  server.RaftServerConfigKeys (ConfUtils.java:logGet(43)) - raft.server.rpcslowness.timeout = 120s (custom)
2019-09-19 04:28:10,159 [pool-126-thread-1] INFO  server.RaftServerConfigKeys (ConfUtils.java:logGet(43)) - raft.server.sleep.deviation.threshold = 300 (default)
2019-09-19 04:28:10,159 [pool-126-thread-1] INFO  server.RaftServerConfigKeys (ConfUtils.java:logGet(43)) - raft.server.log.appender.install.snapshot.enabled = false (custom)
2019-09-19 04:28:10,159 [pool-126-thread-1] INFO  impl.RaftServerImpl (ServerState.java:<init>(105)) - fc0f8f3b-538d-481e-abe0-204925d4ee8f:group-52CD28E9D88B ConfigurationManager, init=-1: [d40cfe62-fc21-48bd-841c-37c3da2319ca:192.168.34.50:35283, fc0f8f3b-538d-481e-abe0-204925d4ee8f:192.168.34.50:35638, cacd8be3-3994-43a0-9248-dc2aa43e6f92:192.168.34.50:36186], old=null, confs=<EMPTY_MAP>
2019-09-19 04:28:10,159 [pool-126-thread-1] INFO  server.RaftServerConfigKeys (ConfUtils.java:logGet(43)) - raft.server.storage.dir = [/workdir/hadoop-ozone/integration-test/target/test-dir/MiniOzoneClusterImpl-0025b056-fb6b-4693-853a-894456f5f8ea/datanode-0/data/ratis] (custom)
2019-09-19 04:28:10,160 [pool-126-thread-1] INFO  storage.RaftStorageDirectory (RaftStorageDirectory.java:analyzeStorage(246)) - The storage directory /workdir/hadoop-ozone/integration-test/target/test-dir/MiniOzoneClusterImpl-0025b056-fb6b-4693-853a-894456f5f8ea/datanode-0/data/ratis/83f9f975-e2ba-4e7f-ab30-52cd28e9d88b does not exist. Creating ...
2019-09-19 04:28:10,211 [pool-126-thread-1] INFO  storage.RaftStorageDirectory (RaftStorageDirectory.java:tryLock(328)) - Lock on /workdir/hadoop-ozone/integration-test/target/test-dir/MiniOzoneClusterImpl-0025b056-fb6b-4693-853a-894456f5f8ea/datanode-0/data/ratis/83f9f975-e2ba-4e7f-ab30-52cd28e9d88b/in_use.lock acquired by nodename 24804@pr-hdds-2034-srnhl-2452957315
2019-09-19 04:28:10,211 | INFO  | SCMAudit | user=jenkins1000 | ip=192.168.34.50 | op=SEND_HEARTBEAT {datanodeUUID=bb21d486-410c-4d63-a3eb-a911625626cf, command=[commandType: createPipelineCommand createPipelineCommandProto { pipelineID { id: "0a5538de-9135-4af4-8e4f-27a2241642c0" } type: RATIS factor: ONE datanode { uuid: "bb21d486-410c-4d63-a3eb-a911625626cf" ipAddress: "192.168.34.50" hostName: "pr-hdds-2034-srnhl-2452957315" ports { name: "REST" value: 41273 } ports { name: "RATIS" value: 33211 } ports { name: "STANDALONE" value: 45095 } networkName: "bb21d486-410c-4d63-a3eb-a911625626cf" networkLocation: "/default-rack" } cmdId: 1568867228327 } , commandType: createPipelineCommand createPipelineCommandProto { pipelineID { id: "0173be8d-8c41-43f2-89c1-793098847aa3" } type: RATIS factor: THREE datanode { uuid: "cee6b86e-e629-45c9-9c42-7061c1d64ecd" ipAddress: "192.168.34.50" hostName: "pr-hdds-2034-srnhl-2452957315" ports { name: "REST" value: 35261 } ports { name: "RATIS" value: 42417 } ports { name: "STANDALONE" value: 33348 } networkName: "cee6b86e-e629-45c9-9c42-7061c1d64ecd" networkLocation: "/default-rack" } datanode { uuid: "bb21d486-410c-4d63-a3eb-a911625626cf" ipAddress: "192.168.34.50" hostName: "pr-hdds-2034-srnhl-2452957315" ports { name: "REST" value: 41273 } ports { name: "RATIS" value: 33211 } ports { name: "STANDALONE" value: 45095 } networkName: "bb21d486-410c-4d63-a3eb-a911625626cf" networkLocation: "/default-rack" } datanode { uuid: "646ad8b2-e397-4e74-bda7-a2da429002a8" ipAddress: "192.168.34.50" hostName: "pr-hdds-2034-srnhl-2452957315" ports { name: "REST" value: 41740 } ports { name: "RATIS" value: 35451 } ports { name: "STANDALONE" value: 41925 } networkName: "646ad8b2-e397-4e74-bda7-a2da429002a8" networkLocation: "/default-rack" } cmdId: 1568867228329 } ]} | ret=SUCCESS |  
2019-09-19 04:28:10,235 | INFO  | SCMAudit | user=jenkins1000 | ip=192.168.34.50 | op=SEND_HEARTBEAT {datanodeUUID=d40cfe62-fc21-48bd-841c-37c3da2319ca, command=[]} | ret=SUCCESS |  
2019-09-19 04:28:10,244 [grpc-default-executor-4] INFO  impl.RaftServerProxy (RaftServerProxy.java:addNew(89)) - d40cfe62-fc21-48bd-841c-37c3da2319ca: addNew group-B0771FAE3D6F:[d40cfe62-fc21-48bd-841c-37c3da2319ca:192.168.34.50:35283] returns group-B0771FAE3D6F:java.util.concurrent.CompletableFuture@39b4b557[Not completed]
2019-09-19 04:28:10,251 [pool-137-thread-1] INFO  impl.RaftServerImpl (RaftServerImpl.java:<init>(93)) - d40cfe62-fc21-48bd-841c-37c3da2319ca: new RaftServerImpl for group-B0771FAE3D6F:[d40cfe62-fc21-48bd-841c-37c3da2319ca:192.168.34.50:35283] with ContainerStateMachine:uninitialized
2019-09-19 04:28:10,251 [pool-137-thread-1] INFO  server.RaftServerConfigKeys (ConfUtils.java:logGet(43)) - raft.server.rpc.timeout.min = 5s (custom)
2019-09-19 04:28:10,252 [pool-137-thread-1] INFO  server.RaftServerConfigKeys (ConfUtils.java:logGet(43)) - raft.server.rpc.timeout.max = 5200ms (custom)
2019-09-19 04:28:10,252 [pool-137-thread-1] INFO  server.RaftServerConfigKeys (ConfUtils.java:logGet(43)) - raft.server.rpcslowness.timeout = 120s (custom)
2019-09-19 04:28:10,252 [pool-137-thread-1] INFO  server.RaftServerConfigKeys (ConfUtils.java:logGet(43)) - raft.server.sleep.deviation.threshold = 300 (default)
2019-09-19 04:28:10,252 [pool-137-thread-1] INFO  server.RaftServerConfigKeys (ConfUtils.java:logGet(43)) - raft.server.log.appender.install.snapshot.enabled = false (custom)
2019-09-19 04:28:10,252 [pool-137-thread-1] INFO  impl.RaftServerImpl (ServerState.java:<init>(105)) - d40cfe62-fc21-48bd-841c-37c3da2319ca:group-B0771FAE3D6F ConfigurationManager, init=-1: [d40cfe62-fc21-48bd-841c-37c3da2319ca:192.168.34.50:35283], old=null, confs=<EMPTY_MAP>
2019-09-19 04:28:10,252 [pool-137-thread-1] INFO  server.RaftServerConfigKeys (ConfUtils.java:logGet(43)) - raft.server.storage.dir = [/workdir/hadoop-ozone/integration-test/target/test-dir/MiniOzoneClusterImpl-0025b056-fb6b-4693-853a-894456f5f8ea/datanode-1/data/ratis] (custom)
2019-09-19 04:28:10,253 [pool-137-thread-1] INFO  storage.RaftStorageDirectory (RaftStorageDirectory.java:analyzeStorage(246)) - The storage directory /workdir/hadoop-ozone/integration-test/target/test-dir/MiniOzoneClusterImpl-0025b056-fb6b-4693-853a-894456f5f8ea/datanode-1/data/ratis/2acb5912-985a-43d1-af3c-b0771fae3d6f does not exist. Creating ...
2019-09-19 04:28:10,313 [pool-126-thread-1] INFO  storage.RaftStorage (RaftStorage.java:format(72)) - Storage directory /workdir/hadoop-ozone/integration-test/target/test-dir/MiniOzoneClusterImpl-0025b056-fb6b-4693-853a-894456f5f8ea/datanode-0/data/ratis/83f9f975-e2ba-4e7f-ab30-52cd28e9d88b has been successfully formatted.
2019-09-19 04:28:10,314 [pool-126-thread-1] INFO  ratis.ContainerStateMachine (ContainerStateMachine.java:loadSnapshot(226)) - group-52CD28E9D88B: The snapshot info is null. Setting the last applied indexto:(t:0, i:~)
2019-09-19 04:28:10,314 [pool-126-thread-1] INFO  server.RaftServerConfigKeys (ConfUtils.java:logGet(43)) - raft.server.leader.election.timeout = 120s (custom)
2019-09-19 04:28:10,314 [pool-126-thread-1] INFO  server.RaftServerConfigKeys (ConfUtils.java:logGet(43)) - raft.server.log.use.memory = false (default)
2019-09-19 04:28:10,315 [pool-126-thread-1] INFO  server.RaftServerConfigKeys (ConfUtils.java:logGet(43)) - raft.server.log.purge.gap = 1000000 (custom)
2019-09-19 04:28:10,315 [pool-126-thread-1] INFO  server.RaftServerConfigKeys (ConfUtils.java:logGet(43)) - raft.server.log.appender.buffer.byte-limit = 33554432 (custom)
2019-09-19 04:28:10,315 [pool-126-thread-1] INFO  server.RaftServerConfigKeys (ConfUtils.java:logGet(43)) - raft.server.log.segment.size.max = 1048576 (custom)
2019-09-19 04:28:10,315 [pool-126-thread-1] INFO  server.RaftServerConfigKeys (ConfUtils.java:logGet(43)) - raft.server.log.segment.cache.num.max = 2 (custom)
2019-09-19 04:28:10,315 [pool-126-thread-1] INFO  segmented.SegmentedRaftLogWorker (SegmentedRaftLogWorker.java:<init>(172)) - new fc0f8f3b-538d-481e-abe0-204925d4ee8f-SegmentedRaftLogWorker:Storage Directory /workdir/hadoop-ozone/integration-test/target/test-dir/MiniOzoneClusterImpl-0025b056-fb6b-4693-853a-894456f5f8ea/datanode-0/data/ratis/83f9f975-e2ba-4e7f-ab30-52cd28e9d88b for RaftStorage:Storage Directory /workdir/hadoop-ozone/integration-test/target/test-dir/MiniOzoneClusterImpl-0025b056-fb6b-4693-853a-894456f5f8ea/datanode-0/data/ratis/83f9f975-e2ba-4e7f-ab30-52cd28e9d88b
2019-09-19 04:28:10,316 [pool-126-thread-1] INFO  server.RaftServerConfigKeys (ConfUtils.java:logGet(43)) - raft.server.log.queue.byte-limit = 2147483647 (custom)
2019-09-19 04:28:10,316 [pool-126-thread-1] INFO  server.RaftServerConfigKeys (ConfUtils.java:logGet(43)) - raft.server.log.queue.element-limit = 1024 (custom)
2019-09-19 04:28:10,316 [pool-126-thread-1] INFO  server.RaftServerConfigKeys (ConfUtils.java:logGet(43)) - raft.server.log.segment.size.max = 1048576 (custom)
2019-09-19 04:28:10,316 [pool-126-thread-1] INFO  server.RaftServerConfigKeys (ConfUtils.java:logGet(43)) - raft.server.log.preallocated.size = 16384 (custom)
2019-09-19 04:28:10,316 [pool-126-thread-1] INFO  server.RaftServerConfigKeys (ConfUtils.java:logGet(43)) - raft.server.log.write.buffer.size = 33554432 (custom)
2019-09-19 04:28:10,317 [pool-126-thread-1] INFO  server.RaftServerConfigKeys (ConfUtils.java:logGet(43)) - raft.server.log.force.sync.num = 128 (default)
2019-09-19 04:28:10,317 [pool-126-thread-1] INFO  server.RaftServerConfigKeys (ConfUtils.java:logGet(43)) - raft.server.log.statemachine.data.sync = true (default)
2019-09-19 04:28:10,317 [pool-126-thread-1] INFO  server.RaftServerConfigKeys (ConfUtils.java:logGet(43)) - raft.server.log.statemachine.data.sync.timeout = 10s (default)
2019-09-19 04:28:10,317 [pool-126-thread-1] INFO  server.RaftServerConfigKeys (ConfUtils.java:logGet(43)) - raft.server.log.statemachine.data.sync.timeout.retry = -1 (default)
2019-09-19 04:28:10,317 [pool-126-thread-1] INFO  server.RaftServerConfigKeys (ConfUtils.java:logGet(43)) - raft.server.log.statemachine.data.caching.enabled = true (custom)
2019-09-19 04:28:10,318 [pool-126-thread-1] INFO  segmented.SegmentedRaftLogWorker (SegmentedRaftLogWorker.java:lambda$new$0(132)) - fc0f8f3b-538d-481e-abe0-204925d4ee8f-SegmentedRaftLogWorker:Storage Directory /workdir/hadoop-ozone/integration-test/target/test-dir/MiniOzoneClusterImpl-0025b056-fb6b-4693-853a-894456f5f8ea/datanode-0/data/ratis/83f9f975-e2ba-4e7f-ab30-52cd28e9d88b: flushIndex: setUnconditionally 0 -> -1
2019-09-19 04:28:10,318 [pool-126-thread-1] INFO  server.RaftServerConfigKeys (ConfUtils.java:logGet(43)) - raft.server.snapshot.auto.trigger.enabled = true (custom)
2019-09-19 04:28:10,319 [pool-126-thread-1] INFO  server.RaftServerConfigKeys (ConfUtils.java:logGet(43)) - raft.server.snapshot.auto.trigger.threshold = 10000 (custom)
2019-09-19 04:28:10,319 [pool-126-thread-1] INFO  server.RaftServerConfigKeys (ConfUtils.java:logGet(43)) - raft.server.retrycache.expirytime = 600000ms (custom)
2019-09-19 04:28:10,319 [pool-126-thread-1] INFO  impl.RaftServerImpl (RaftServerImpl.java:start(180)) - fc0f8f3b-538d-481e-abe0-204925d4ee8f: start group-52CD28E9D88B
2019-09-19 04:28:10,319 [pool-126-thread-1] INFO  impl.RaftServerImpl (RaftServerImpl.java:setRole(171)) - fc0f8f3b-538d-481e-abe0-204925d4ee8f:group-52CD28E9D88B changes role from null to FOLLOWER at term 0 for startAsFollower
2019-09-19 04:28:10,319 [pool-126-thread-1] INFO  impl.RoleInfo (RoleInfo.java:updateAndGet(143)) - fc0f8f3b-538d-481e-abe0-204925d4ee8f: start FollowerState
2019-09-19 04:28:10,320 [pool-126-thread-1] INFO  util.JmxRegister (JmxRegister.java:tryRegister(44)) - Successfully registered JMX Bean with object name Ratis:service=RaftServer,group=group-52CD28E9D88B,id=fc0f8f3b-538d-481e-abe0-204925d4ee8f
2019-09-19 04:28:10,323 [Command processor thread] INFO  commandhandler.CreatePipelineCommandHandler (CreatePipelineCommandHandler.java:handle(112)) - Create Pipeline RATIS THREE #PipelineID=83f9f975-e2ba-4e7f-ab30-52cd28e9d88b command succeed on datanode fc0f8f3b-538d-481e-abe0-204925d4ee8f.
2019-09-19 04:28:10,345 [pool-137-thread-1] INFO  storage.RaftStorageDirectory (RaftStorageDirectory.java:tryLock(328)) - Lock on /workdir/hadoop-ozone/integration-test/target/test-dir/MiniOzoneClusterImpl-0025b056-fb6b-4693-853a-894456f5f8ea/datanode-1/data/ratis/2acb5912-985a-43d1-af3c-b0771fae3d6f/in_use.lock acquired by nodename 24804@pr-hdds-2034-srnhl-2452957315
2019-09-19 04:28:10,409 [pool-137-thread-1] INFO  storage.RaftStorage (RaftStorage.java:format(72)) - Storage directory /workdir/hadoop-ozone/integration-test/target/test-dir/MiniOzoneClusterImpl-0025b056-fb6b-4693-853a-894456f5f8ea/datanode-1/data/ratis/2acb5912-985a-43d1-af3c-b0771fae3d6f has been successfully formatted.
2019-09-19 04:28:10,409 [pool-137-thread-1] INFO  ratis.ContainerStateMachine (ContainerStateMachine.java:loadSnapshot(226)) - group-B0771FAE3D6F: The snapshot info is null. Setting the last applied indexto:(t:0, i:~)
2019-09-19 04:28:10,409 [pool-137-thread-1] INFO  server.RaftServerConfigKeys (ConfUtils.java:logGet(43)) - raft.server.leader.election.timeout = 120s (custom)
2019-09-19 04:28:10,410 [pool-137-thread-1] INFO  server.RaftServerConfigKeys (ConfUtils.java:logGet(43)) - raft.server.log.use.memory = false (default)
2019-09-19 04:28:10,410 [pool-137-thread-1] INFO  server.RaftServerConfigKeys (ConfUtils.java:logGet(43)) - raft.server.log.purge.gap = 1000000 (custom)
2019-09-19 04:28:10,410 [pool-137-thread-1] INFO  server.RaftServerConfigKeys (ConfUtils.java:logGet(43)) - raft.server.log.appender.buffer.byte-limit = 33554432 (custom)
2019-09-19 04:28:10,410 [pool-137-thread-1] INFO  server.RaftServerConfigKeys (ConfUtils.java:logGet(43)) - raft.server.log.segment.size.max = 1048576 (custom)
2019-09-19 04:28:10,410 [pool-137-thread-1] INFO  server.RaftServerConfigKeys (ConfUtils.java:logGet(43)) - raft.server.log.segment.cache.num.max = 2 (custom)
2019-09-19 04:28:10,410 [pool-137-thread-1] INFO  segmented.SegmentedRaftLogWorker (SegmentedRaftLogWorker.java:<init>(172)) - new d40cfe62-fc21-48bd-841c-37c3da2319ca-SegmentedRaftLogWorker:Storage Directory /workdir/hadoop-ozone/integration-test/target/test-dir/MiniOzoneClusterImpl-0025b056-fb6b-4693-853a-894456f5f8ea/datanode-1/data/ratis/2acb5912-985a-43d1-af3c-b0771fae3d6f for RaftStorage:Storage Directory /workdir/hadoop-ozone/integration-test/target/test-dir/MiniOzoneClusterImpl-0025b056-fb6b-4693-853a-894456f5f8ea/datanode-1/data/ratis/2acb5912-985a-43d1-af3c-b0771fae3d6f
2019-09-19 04:28:10,411 [pool-137-thread-1] INFO  server.RaftServerConfigKeys (ConfUtils.java:logGet(43)) - raft.server.log.queue.byte-limit = 2147483647 (custom)
2019-09-19 04:28:10,411 [pool-137-thread-1] INFO  server.RaftServerConfigKeys (ConfUtils.java:logGet(43)) - raft.server.log.queue.element-limit = 1024 (custom)
2019-09-19 04:28:10,411 [pool-137-thread-1] INFO  server.RaftServerConfigKeys (ConfUtils.java:logGet(43)) - raft.server.log.segment.size.max = 1048576 (custom)
2019-09-19 04:28:10,411 [pool-137-thread-1] INFO  server.RaftServerConfigKeys (ConfUtils.java:logGet(43)) - raft.server.log.preallocated.size = 16384 (custom)
2019-09-19 04:28:10,412 [pool-137-thread-1] INFO  server.RaftServerConfigKeys (ConfUtils.java:logGet(43)) - raft.server.log.write.buffer.size = 33554432 (custom)
2019-09-19 04:28:10,412 [pool-137-thread-1] INFO  server.RaftServerConfigKeys (ConfUtils.java:logGet(43)) - raft.server.log.force.sync.num = 128 (default)
2019-09-19 04:28:10,412 [pool-137-thread-1] INFO  server.RaftServerConfigKeys (ConfUtils.java:logGet(43)) - raft.server.log.statemachine.data.sync = true (default)
2019-09-19 04:28:10,412 [pool-137-thread-1] INFO  server.RaftServerConfigKeys (ConfUtils.java:logGet(43)) - raft.server.log.statemachine.data.sync.timeout = 10s (default)
2019-09-19 04:28:10,412 [pool-137-thread-1] INFO  server.RaftServerConfigKeys (ConfUtils.java:logGet(43)) - raft.server.log.statemachine.data.sync.timeout.retry = -1 (default)
2019-09-19 04:28:10,413 [pool-137-thread-1] INFO  server.RaftServerConfigKeys (ConfUtils.java:logGet(43)) - raft.server.log.statemachine.data.caching.enabled = true (custom)
2019-09-19 04:28:10,413 [pool-137-thread-1] INFO  segmented.SegmentedRaftLogWorker (SegmentedRaftLogWorker.java:lambda$new$0(132)) - d40cfe62-fc21-48bd-841c-37c3da2319ca-SegmentedRaftLogWorker:Storage Directory /workdir/hadoop-ozone/integration-test/target/test-dir/MiniOzoneClusterImpl-0025b056-fb6b-4693-853a-894456f5f8ea/datanode-1/data/ratis/2acb5912-985a-43d1-af3c-b0771fae3d6f: flushIndex: setUnconditionally 0 -> -1
2019-09-19 04:28:10,413 [pool-137-thread-1] INFO  server.RaftServerConfigKeys (ConfUtils.java:logGet(43)) - raft.server.snapshot.auto.trigger.enabled = true (custom)
2019-09-19 04:28:10,414 [pool-137-thread-1] INFO  server.RaftServerConfigKeys (ConfUtils.java:logGet(43)) - raft.server.snapshot.auto.trigger.threshold = 10000 (custom)
2019-09-19 04:28:10,414 [pool-137-thread-1] INFO  server.RaftServerConfigKeys (ConfUtils.java:logGet(43)) - raft.server.retrycache.expirytime = 600000ms (custom)
2019-09-19 04:28:10,414 [pool-137-thread-1] INFO  impl.RaftServerImpl (RaftServerImpl.java:start(180)) - d40cfe62-fc21-48bd-841c-37c3da2319ca: start group-B0771FAE3D6F
2019-09-19 04:28:10,414 [pool-137-thread-1] INFO  impl.RaftServerImpl (RaftServerImpl.java:setRole(171)) - d40cfe62-fc21-48bd-841c-37c3da2319ca:group-B0771FAE3D6F changes role from null to FOLLOWER at term 0 for startAsFollower
2019-09-19 04:28:10,414 [pool-137-thread-1] INFO  impl.RoleInfo (RoleInfo.java:updateAndGet(143)) - d40cfe62-fc21-48bd-841c-37c3da2319ca: start FollowerState
2019-09-19 04:28:10,415 [pool-137-thread-1] INFO  util.JmxRegister (JmxRegister.java:tryRegister(44)) - Successfully registered JMX Bean with object name Ratis:service=RaftServer,group=group-B0771FAE3D6F,id=d40cfe62-fc21-48bd-841c-37c3da2319ca
2019-09-19 04:28:10,417 [Command processor thread] INFO  commandhandler.CreatePipelineCommandHandler (CreatePipelineCommandHandler.java:handle(112)) - Create Pipeline RATIS ONE #PipelineID=2acb5912-985a-43d1-af3c-b0771fae3d6f command succeed on datanode d40cfe62-fc21-48bd-841c-37c3da2319ca.
2019-09-19 04:28:10,424 [grpc-default-executor-4] INFO  impl.RaftServerProxy (RaftServerProxy.java:addNew(89)) - d40cfe62-fc21-48bd-841c-37c3da2319ca: addNew group-52CD28E9D88B:[d40cfe62-fc21-48bd-841c-37c3da2319ca:192.168.34.50:35283, fc0f8f3b-538d-481e-abe0-204925d4ee8f:192.168.34.50:35638, cacd8be3-3994-43a0-9248-dc2aa43e6f92:192.168.34.50:36186] returns group-52CD28E9D88B:java.util.concurrent.CompletableFuture@6e4ee7dc[Not completed]
2019-09-19 04:28:10,425 [pool-137-thread-1] INFO  impl.RaftServerImpl (RaftServerImpl.java:<init>(93)) - d40cfe62-fc21-48bd-841c-37c3da2319ca: new RaftServerImpl for group-52CD28E9D88B:[d40cfe62-fc21-48bd-841c-37c3da2319ca:192.168.34.50:35283, fc0f8f3b-538d-481e-abe0-204925d4ee8f:192.168.34.50:35638, cacd8be3-3994-43a0-9248-dc2aa43e6f92:192.168.34.50:36186] with ContainerStateMachine:uninitialized
2019-09-19 04:28:10,425 [pool-137-thread-1] INFO  server.RaftServerConfigKeys (ConfUtils.java:logGet(43)) - raft.server.rpc.timeout.min = 5s (custom)
2019-09-19 04:28:10,425 [pool-137-thread-1] INFO  server.RaftServerConfigKeys (ConfUtils.java:logGet(43)) - raft.server.rpc.timeout.max = 5200ms (custom)
2019-09-19 04:28:10,426 [pool-137-thread-1] INFO  server.RaftServerConfigKeys (ConfUtils.java:logGet(43)) - raft.server.rpcslowness.timeout = 120s (custom)
2019-09-19 04:28:10,426 [pool-137-thread-1] INFO  server.RaftServerConfigKeys (ConfUtils.java:logGet(43)) - raft.server.sleep.deviation.threshold = 300 (default)
2019-09-19 04:28:10,426 [pool-137-thread-1] INFO  server.RaftServerConfigKeys (ConfUtils.java:logGet(43)) - raft.server.log.appender.install.snapshot.enabled = false (custom)
2019-09-19 04:28:10,426 [pool-137-thread-1] INFO  impl.RaftServerImpl (ServerState.java:<init>(105)) - d40cfe62-fc21-48bd-841c-37c3da2319ca:group-52CD28E9D88B ConfigurationManager, init=-1: [d40cfe62-fc21-48bd-841c-37c3da2319ca:192.168.34.50:35283, fc0f8f3b-538d-481e-abe0-204925d4ee8f:192.168.34.50:35638, cacd8be3-3994-43a0-9248-dc2aa43e6f92:192.168.34.50:36186], old=null, confs=<EMPTY_MAP>
2019-09-19 04:28:10,426 [pool-137-thread-1] INFO  server.RaftServerConfigKeys (ConfUtils.java:logGet(43)) - raft.server.storage.dir = [/workdir/hadoop-ozone/integration-test/target/test-dir/MiniOzoneClusterImpl-0025b056-fb6b-4693-853a-894456f5f8ea/datanode-1/data/ratis] (custom)
2019-09-19 04:28:10,427 [pool-137-thread-1] INFO  storage.RaftStorageDirectory (RaftStorageDirectory.java:analyzeStorage(246)) - The storage directory /workdir/hadoop-ozone/integration-test/target/test-dir/MiniOzoneClusterImpl-0025b056-fb6b-4693-853a-894456f5f8ea/datanode-1/data/ratis/83f9f975-e2ba-4e7f-ab30-52cd28e9d88b does not exist. Creating ...
2019-09-19 04:28:10,478 | INFO  | SCMAudit | user=jenkins1000 | ip=192.168.34.50 | op=SEND_HEARTBEAT {datanodeUUID=cacd8be3-3994-43a0-9248-dc2aa43e6f92, command=[]} | ret=SUCCESS |  
2019-09-19 04:28:10,479 [pool-137-thread-1] INFO  storage.RaftStorageDirectory (RaftStorageDirectory.java:tryLock(328)) - Lock on /workdir/hadoop-ozone/integration-test/target/test-dir/MiniOzoneClusterImpl-0025b056-fb6b-4693-853a-894456f5f8ea/datanode-1/data/ratis/83f9f975-e2ba-4e7f-ab30-52cd28e9d88b/in_use.lock acquired by nodename 24804@pr-hdds-2034-srnhl-2452957315
2019-09-19 04:28:10,482 | INFO  | SCMAudit | user=jenkins1000 | ip=192.168.34.50 | op=SEND_HEARTBEAT {datanodeUUID=cee6b86e-e629-45c9-9c42-7061c1d64ecd, command=[commandType: createPipelineCommand createPipelineCommandProto { pipelineID { id: "a25694fb-5566-4b08-80a6-911d37771303" } type: RATIS factor: ONE datanode { uuid: "cee6b86e-e629-45c9-9c42-7061c1d64ecd" ipAddress: "192.168.34.50" hostName: "pr-hdds-2034-srnhl-2452957315" ports { name: "REST" value: 35261 } ports { name: "RATIS" value: 42417 } ports { name: "STANDALONE" value: 33348 } networkName: "cee6b86e-e629-45c9-9c42-7061c1d64ecd" networkLocation: "/default-rack" } cmdId: 1568867228328 } , commandType: createPipelineCommand createPipelineCommandProto { pipelineID { id: "0173be8d-8c41-43f2-89c1-793098847aa3" } type: RATIS factor: THREE datanode { uuid: "cee6b86e-e629-45c9-9c42-7061c1d64ecd" ipAddress: "192.168.34.50" hostName: "pr-hdds-2034-srnhl-2452957315" ports { name: "REST" value: 35261 } ports { name: "RATIS" value: 42417 } ports { name: "STANDALONE" value: 33348 } networkName: "cee6b86e-e629-45c9-9c42-7061c1d64ecd" networkLocation: "/default-rack" } datanode { uuid: "bb21d486-410c-4d63-a3eb-a911625626cf" ipAddress: "192.168.34.50" hostName: "pr-hdds-2034-srnhl-2452957315" ports { name: "REST" value: 41273 } ports { name: "RATIS" value: 33211 } ports { name: "STANDALONE" value: 45095 } networkName: "bb21d486-410c-4d63-a3eb-a911625626cf" networkLocation: "/default-rack" } datanode { uuid: "646ad8b2-e397-4e74-bda7-a2da429002a8" ipAddress: "192.168.34.50" hostName: "pr-hdds-2034-srnhl-2452957315" ports { name: "REST" value: 41740 } ports { name: "RATIS" value: 35451 } ports { name: "STANDALONE" value: 41925 } networkName: "646ad8b2-e397-4e74-bda7-a2da429002a8" networkLocation: "/default-rack" } cmdId: 1568867228329 } ]} | ret=SUCCESS |  
2019-09-19 04:28:10,488 [grpc-default-executor-4] INFO  impl.RaftServerProxy (RaftServerProxy.java:addNew(89)) - cacd8be3-3994-43a0-9248-dc2aa43e6f92: addNew group-AB06C0794217:[cacd8be3-3994-43a0-9248-dc2aa43e6f92:192.168.34.50:36186] returns group-AB06C0794217:java.util.concurrent.CompletableFuture@22e35347[Not completed]
2019-09-19 04:28:10,494 [pool-148-thread-1] INFO  impl.RaftServerImpl (RaftServerImpl.java:<init>(93)) - cacd8be3-3994-43a0-9248-dc2aa43e6f92: new RaftServerImpl for group-AB06C0794217:[cacd8be3-3994-43a0-9248-dc2aa43e6f92:192.168.34.50:36186] with ContainerStateMachine:uninitialized
2019-09-19 04:28:10,495 [pool-148-thread-1] INFO  server.RaftServerConfigKeys (ConfUtils.java:logGet(43)) - raft.server.rpc.timeout.min = 5s (custom)
2019-09-19 04:28:10,495 [pool-148-thread-1] INFO  server.RaftServerConfigKeys (ConfUtils.java:logGet(43)) - raft.server.rpc.timeout.max = 5200ms (custom)
2019-09-19 04:28:10,495 [pool-148-thread-1] INFO  server.RaftServerConfigKeys (ConfUtils.java:logGet(43)) - raft.server.rpcslowness.timeout = 120s (custom)
2019-09-19 04:28:10,495 [pool-148-thread-1] INFO  server.RaftServerConfigKeys (ConfUtils.java:logGet(43)) - raft.server.sleep.deviation.threshold = 300 (default)
2019-09-19 04:28:10,495 [pool-148-thread-1] INFO  server.RaftServerConfigKeys (ConfUtils.java:logGet(43)) - raft.server.log.appender.install.snapshot.enabled = false (custom)
2019-09-19 04:28:10,496 [pool-148-thread-1] INFO  impl.RaftServerImpl (ServerState.java:<init>(105)) - cacd8be3-3994-43a0-9248-dc2aa43e6f92:group-AB06C0794217 ConfigurationManager, init=-1: [cacd8be3-3994-43a0-9248-dc2aa43e6f92:192.168.34.50:36186], old=null, confs=<EMPTY_MAP>
2019-09-19 04:28:10,496 [pool-148-thread-1] INFO  server.RaftServerConfigKeys (ConfUtils.java:logGet(43)) - raft.server.storage.dir = [/workdir/hadoop-ozone/integration-test/target/test-dir/MiniOzoneClusterImpl-0025b056-fb6b-4693-853a-894456f5f8ea/datanode-2/data/ratis] (custom)
2019-09-19 04:28:10,496 [pool-148-thread-1] INFO  storage.RaftStorageDirectory (RaftStorageDirectory.java:analyzeStorage(246)) - The storage directory /workdir/hadoop-ozone/integration-test/target/test-dir/MiniOzoneClusterImpl-0025b056-fb6b-4693-853a-894456f5f8ea/datanode-2/data/ratis/5f421397-b236-4d03-a768-ab06c0794217 does not exist. Creating ...
2019-09-19 04:28:10,529 [pool-148-thread-1] INFO  storage.RaftStorageDirectory (RaftStorageDirectory.java:tryLock(328)) - Lock on /workdir/hadoop-ozone/integration-test/target/test-dir/MiniOzoneClusterImpl-0025b056-fb6b-4693-853a-894456f5f8ea/datanode-2/data/ratis/5f421397-b236-4d03-a768-ab06c0794217/in_use.lock acquired by nodename 24804@pr-hdds-2034-srnhl-2452957315
2019-09-19 04:28:10,529 [pool-137-thread-1] INFO  storage.RaftStorage (RaftStorage.java:format(72)) - Storage directory /workdir/hadoop-ozone/integration-test/target/test-dir/MiniOzoneClusterImpl-0025b056-fb6b-4693-853a-894456f5f8ea/datanode-1/data/ratis/83f9f975-e2ba-4e7f-ab30-52cd28e9d88b has been successfully formatted.
2019-09-19 04:28:10,529 [pool-137-thread-1] INFO  ratis.ContainerStateMachine (ContainerStateMachine.java:loadSnapshot(226)) - group-52CD28E9D88B: The snapshot info is null. Setting the last applied indexto:(t:0, i:~)
2019-09-19 04:28:10,529 [pool-137-thread-1] INFO  server.RaftServerConfigKeys (ConfUtils.java:logGet(43)) - raft.server.leader.election.timeout = 120s (custom)
2019-09-19 04:28:10,530 [pool-137-thread-1] INFO  server.RaftServerConfigKeys (ConfUtils.java:logGet(43)) - raft.server.log.use.memory = false (default)
2019-09-19 04:28:10,530 [pool-137-thread-1] INFO  server.RaftServerConfigKeys (ConfUtils.java:logGet(43)) - raft.server.log.purge.gap = 1000000 (custom)
2019-09-19 04:28:10,530 [pool-137-thread-1] INFO  server.RaftServerConfigKeys (ConfUtils.java:logGet(43)) - raft.server.log.appender.buffer.byte-limit = 33554432 (custom)
2019-09-19 04:28:10,530 [pool-137-thread-1] INFO  server.RaftServerConfigKeys (ConfUtils.java:logGet(43)) - raft.server.log.segment.size.max = 1048576 (custom)
2019-09-19 04:28:10,530 [pool-137-thread-1] INFO  server.RaftServerConfigKeys (ConfUtils.java:logGet(43)) - raft.server.log.segment.cache.num.max = 2 (custom)
2019-09-19 04:28:10,531 [pool-137-thread-1] INFO  segmented.SegmentedRaftLogWorker (SegmentedRaftLogWorker.java:<init>(172)) - new d40cfe62-fc21-48bd-841c-37c3da2319ca-SegmentedRaftLogWorker:Storage Directory /workdir/hadoop-ozone/integration-test/target/test-dir/MiniOzoneClusterImpl-0025b056-fb6b-4693-853a-894456f5f8ea/datanode-1/data/ratis/83f9f975-e2ba-4e7f-ab30-52cd28e9d88b for RaftStorage:Storage Directory /workdir/hadoop-ozone/integration-test/target/test-dir/MiniOzoneClusterImpl-0025b056-fb6b-4693-853a-894456f5f8ea/datanode-1/data/ratis/83f9f975-e2ba-4e7f-ab30-52cd28e9d88b
2019-09-19 04:28:10,531 [pool-137-thread-1] INFO  server.RaftServerConfigKeys (ConfUtils.java:logGet(43)) - raft.server.log.queue.byte-limit = 2147483647 (custom)
2019-09-19 04:28:10,531 [pool-137-thread-1] INFO  server.RaftServerConfigKeys (ConfUtils.java:logGet(43)) - raft.server.log.queue.element-limit = 1024 (custom)
2019-09-19 04:28:10,531 [pool-137-thread-1] INFO  server.RaftServerConfigKeys (ConfUtils.java:logGet(43)) - raft.server.log.segment.size.max = 1048576 (custom)
2019-09-19 04:28:10,531 [pool-137-thread-1] INFO  server.RaftServerConfigKeys (ConfUtils.java:logGet(43)) - raft.server.log.preallocated.size = 16384 (custom)
2019-09-19 04:28:10,531 [pool-137-thread-1] INFO  server.RaftServerConfigKeys (ConfUtils.java:logGet(43)) - raft.server.log.write.buffer.size = 33554432 (custom)
2019-09-19 04:28:10,532 [pool-137-thread-1] INFO  server.RaftServerConfigKeys (ConfUtils.java:logGet(43)) - raft.server.log.force.sync.num = 128 (default)
2019-09-19 04:28:10,532 [pool-137-thread-1] INFO  server.RaftServerConfigKeys (ConfUtils.java:logGet(43)) - raft.server.log.statemachine.data.sync = true (default)
2019-09-19 04:28:10,532 [pool-137-thread-1] INFO  server.RaftServerConfigKeys (ConfUtils.java:logGet(43)) - raft.server.log.statemachine.data.sync.timeout = 10s (default)
2019-09-19 04:28:10,532 [pool-137-thread-1] INFO  server.RaftServerConfigKeys (ConfUtils.java:logGet(43)) - raft.server.log.statemachine.data.sync.timeout.retry = -1 (default)
2019-09-19 04:28:10,532 [pool-137-thread-1] INFO  server.RaftServerConfigKeys (ConfUtils.java:logGet(43)) - raft.server.log.statemachine.data.caching.enabled = true (custom)
2019-09-19 04:28:10,533 [pool-137-thread-1] INFO  segmented.SegmentedRaftLogWorker (SegmentedRaftLogWorker.java:lambda$new$0(132)) - d40cfe62-fc21-48bd-841c-37c3da2319ca-SegmentedRaftLogWorker:Storage Directory /workdir/hadoop-ozone/integration-test/target/test-dir/MiniOzoneClusterImpl-0025b056-fb6b-4693-853a-894456f5f8ea/datanode-1/data/ratis/83f9f975-e2ba-4e7f-ab30-52cd28e9d88b: flushIndex: setUnconditionally 0 -> -1
2019-09-19 04:28:10,533 [pool-137-thread-1] INFO  server.RaftServerConfigKeys (ConfUtils.java:logGet(43)) - raft.server.snapshot.auto.trigger.enabled = true (custom)
2019-09-19 04:28:10,533 [pool-137-thread-1] INFO  server.RaftServerConfigKeys (ConfUtils.java:logGet(43)) - raft.server.snapshot.auto.trigger.threshold = 10000 (custom)
2019-09-19 04:28:10,534 [pool-137-thread-1] INFO  server.RaftServerConfigKeys (ConfUtils.java:logGet(43)) - raft.server.retrycache.expirytime = 600000ms (custom)
2019-09-19 04:28:10,534 [pool-137-thread-1] INFO  impl.RaftServerImpl (RaftServerImpl.java:start(180)) - d40cfe62-fc21-48bd-841c-37c3da2319ca: start group-52CD28E9D88B
2019-09-19 04:28:10,534 [pool-137-thread-1] INFO  impl.RaftServerImpl (RaftServerImpl.java:setRole(171)) - d40cfe62-fc21-48bd-841c-37c3da2319ca:group-52CD28E9D88B changes role from null to FOLLOWER at term 0 for startAsFollower
2019-09-19 04:28:10,534 [pool-137-thread-1] INFO  impl.RoleInfo (RoleInfo.java:updateAndGet(143)) - d40cfe62-fc21-48bd-841c-37c3da2319ca: start FollowerState
2019-09-19 04:28:10,544 [pool-137-thread-1] INFO  util.JmxRegister (JmxRegister.java:tryRegister(44)) - Successfully registered JMX Bean with object name Ratis:service=RaftServer,group=group-52CD28E9D88B,id=d40cfe62-fc21-48bd-841c-37c3da2319ca
2019-09-19 04:28:10,554 [Command processor thread] INFO  commandhandler.CreatePipelineCommandHandler (CreatePipelineCommandHandler.java:handle(112)) - Create Pipeline RATIS THREE #PipelineID=83f9f975-e2ba-4e7f-ab30-52cd28e9d88b command succeed on datanode d40cfe62-fc21-48bd-841c-37c3da2319ca.
2019-09-19 04:28:10,586 [pool-148-thread-1] INFO  storage.RaftStorage (RaftStorage.java:format(72)) - Storage directory /workdir/hadoop-ozone/integration-test/target/test-dir/MiniOzoneClusterImpl-0025b056-fb6b-4693-853a-894456f5f8ea/datanode-2/data/ratis/5f421397-b236-4d03-a768-ab06c0794217 has been successfully formatted.
2019-09-19 04:28:10,587 [pool-148-thread-1] INFO  ratis.ContainerStateMachine (ContainerStateMachine.java:loadSnapshot(226)) - group-AB06C0794217: The snapshot info is null. Setting the last applied indexto:(t:0, i:~)
2019-09-19 04:28:10,587 [pool-148-thread-1] INFO  server.RaftServerConfigKeys (ConfUtils.java:logGet(43)) - raft.server.leader.election.timeout = 120s (custom)
2019-09-19 04:28:10,587 [pool-148-thread-1] INFO  server.RaftServerConfigKeys (ConfUtils.java:logGet(43)) - raft.server.log.use.memory = false (default)
2019-09-19 04:28:10,587 [pool-148-thread-1] INFO  server.RaftServerConfigKeys (ConfUtils.java:logGet(43)) - raft.server.log.purge.gap = 1000000 (custom)
2019-09-19 04:28:10,588 [pool-148-thread-1] INFO  server.RaftServerConfigKeys (ConfUtils.java:logGet(43)) - raft.server.log.appender.buffer.byte-limit = 33554432 (custom)
2019-09-19 04:28:10,588 [pool-148-thread-1] INFO  server.RaftServerConfigKeys (ConfUtils.java:logGet(43)) - raft.server.log.segment.size.max = 1048576 (custom)
2019-09-19 04:28:10,588 [pool-148-thread-1] INFO  server.RaftServerConfigKeys (ConfUtils.java:logGet(43)) - raft.server.log.segment.cache.num.max = 2 (custom)
2019-09-19 04:28:10,588 [pool-148-thread-1] INFO  segmented.SegmentedRaftLogWorker (SegmentedRaftLogWorker.java:<init>(172)) - new cacd8be3-3994-43a0-9248-dc2aa43e6f92-SegmentedRaftLogWorker:Storage Directory /workdir/hadoop-ozone/integration-test/target/test-dir/MiniOzoneClusterImpl-0025b056-fb6b-4693-853a-894456f5f8ea/datanode-2/data/ratis/5f421397-b236-4d03-a768-ab06c0794217 for RaftStorage:Storage Directory /workdir/hadoop-ozone/integration-test/target/test-dir/MiniOzoneClusterImpl-0025b056-fb6b-4693-853a-894456f5f8ea/datanode-2/data/ratis/5f421397-b236-4d03-a768-ab06c0794217
2019-09-19 04:28:10,588 [pool-148-thread-1] INFO  server.RaftServerConfigKeys (ConfUtils.java:logGet(43)) - raft.server.log.queue.byte-limit = 2147483647 (custom)
2019-09-19 04:28:10,589 [pool-148-thread-1] INFO  server.RaftServerConfigKeys (ConfUtils.java:logGet(43)) - raft.server.log.queue.element-limit = 1024 (custom)
2019-09-19 04:28:10,589 [pool-148-thread-1] INFO  server.RaftServerConfigKeys (ConfUtils.java:logGet(43)) - raft.server.log.segment.size.max = 1048576 (custom)
2019-09-19 04:28:10,589 [pool-148-thread-1] INFO  server.RaftServerConfigKeys (ConfUtils.java:logGet(43)) - raft.server.log.preallocated.size = 16384 (custom)
2019-09-19 04:28:10,589 [pool-148-thread-1] INFO  server.RaftServerConfigKeys (ConfUtils.java:logGet(43)) - raft.server.log.write.buffer.size = 33554432 (custom)
2019-09-19 04:28:10,589 [pool-148-thread-1] INFO  server.RaftServerConfigKeys (ConfUtils.java:logGet(43)) - raft.server.log.force.sync.num = 128 (default)
2019-09-19 04:28:10,590 [pool-148-thread-1] INFO  server.RaftServerConfigKeys (ConfUtils.java:logGet(43)) - raft.server.log.statemachine.data.sync = true (default)
2019-09-19 04:28:10,590 [pool-148-thread-1] INFO  server.RaftServerConfigKeys (ConfUtils.java:logGet(43)) - raft.server.log.statemachine.data.sync.timeout = 10s (default)
2019-09-19 04:28:10,590 [pool-148-thread-1] INFO  server.RaftServerConfigKeys (ConfUtils.java:logGet(43)) - raft.server.log.statemachine.data.sync.timeout.retry = -1 (default)
2019-09-19 04:28:10,590 [pool-148-thread-1] INFO  server.RaftServerConfigKeys (ConfUtils.java:logGet(43)) - raft.server.log.statemachine.data.caching.enabled = true (custom)
2019-09-19 04:28:10,591 [pool-148-thread-1] INFO  segmented.SegmentedRaftLogWorker (SegmentedRaftLogWorker.java:lambda$new$0(132)) - cacd8be3-3994-43a0-9248-dc2aa43e6f92-SegmentedRaftLogWorker:Storage Directory /workdir/hadoop-ozone/integration-test/target/test-dir/MiniOzoneClusterImpl-0025b056-fb6b-4693-853a-894456f5f8ea/datanode-2/data/ratis/5f421397-b236-4d03-a768-ab06c0794217: flushIndex: setUnconditionally 0 -> -1
2019-09-19 04:28:10,591 [pool-148-thread-1] INFO  server.RaftServerConfigKeys (ConfUtils.java:logGet(43)) - raft.server.snapshot.auto.trigger.enabled = true (custom)
2019-09-19 04:28:10,591 [pool-148-thread-1] INFO  server.RaftServerConfigKeys (ConfUtils.java:logGet(43)) - raft.server.snapshot.auto.trigger.threshold = 10000 (custom)
2019-09-19 04:28:10,591 [pool-148-thread-1] INFO  server.RaftServerConfigKeys (ConfUtils.java:logGet(43)) - raft.server.retrycache.expirytime = 600000ms (custom)
2019-09-19 04:28:10,592 [pool-148-thread-1] INFO  impl.RaftServerImpl (RaftServerImpl.java:start(180)) - cacd8be3-3994-43a0-9248-dc2aa43e6f92: start group-AB06C0794217
2019-09-19 04:28:10,592 [pool-148-thread-1] INFO  impl.RaftServerImpl (RaftServerImpl.java:setRole(171)) - cacd8be3-3994-43a0-9248-dc2aa43e6f92:group-AB06C0794217 changes role from null to FOLLOWER at term 0 for startAsFollower
2019-09-19 04:28:10,592 [pool-148-thread-1] INFO  impl.RoleInfo (RoleInfo.java:updateAndGet(143)) - cacd8be3-3994-43a0-9248-dc2aa43e6f92: start FollowerState
2019-09-19 04:28:10,593 [pool-148-thread-1] INFO  util.JmxRegister (JmxRegister.java:tryRegister(44)) - Successfully registered JMX Bean with object name Ratis:service=RaftServer,group=group-AB06C0794217,id=cacd8be3-3994-43a0-9248-dc2aa43e6f92
2019-09-19 04:28:10,596 [Command processor thread] INFO  commandhandler.CreatePipelineCommandHandler (CreatePipelineCommandHandler.java:handle(112)) - Create Pipeline RATIS ONE #PipelineID=5f421397-b236-4d03-a768-ab06c0794217 command succeed on datanode cacd8be3-3994-43a0-9248-dc2aa43e6f92.
2019-09-19 04:28:10,603 [grpc-default-executor-4] INFO  impl.RaftServerProxy (RaftServerProxy.java:addNew(89)) - cacd8be3-3994-43a0-9248-dc2aa43e6f92: addNew group-52CD28E9D88B:[d40cfe62-fc21-48bd-841c-37c3da2319ca:192.168.34.50:35283, fc0f8f3b-538d-481e-abe0-204925d4ee8f:192.168.34.50:35638, cacd8be3-3994-43a0-9248-dc2aa43e6f92:192.168.34.50:36186] returns group-52CD28E9D88B:java.util.concurrent.CompletableFuture@2c64b33c[Not completed]
2019-09-19 04:28:10,604 [pool-148-thread-1] INFO  impl.RaftServerImpl (RaftServerImpl.java:<init>(93)) - cacd8be3-3994-43a0-9248-dc2aa43e6f92: new RaftServerImpl for group-52CD28E9D88B:[d40cfe62-fc21-48bd-841c-37c3da2319ca:192.168.34.50:35283, fc0f8f3b-538d-481e-abe0-204925d4ee8f:192.168.34.50:35638, cacd8be3-3994-43a0-9248-dc2aa43e6f92:192.168.34.50:36186] with ContainerStateMachine:uninitialized
2019-09-19 04:28:10,604 [pool-148-thread-1] INFO  server.RaftServerConfigKeys (ConfUtils.java:logGet(43)) - raft.server.rpc.timeout.min = 5s (custom)
2019-09-19 04:28:10,605 [pool-148-thread-1] INFO  server.RaftServerConfigKeys (ConfUtils.java:logGet(43)) - raft.server.rpc.timeout.max = 5200ms (custom)
2019-09-19 04:28:10,605 [pool-148-thread-1] INFO  server.RaftServerConfigKeys (ConfUtils.java:logGet(43)) - raft.server.rpcslowness.timeout = 120s (custom)
2019-09-19 04:28:10,605 [pool-148-thread-1] INFO  server.RaftServerConfigKeys (ConfUtils.java:logGet(43)) - raft.server.sleep.deviation.threshold = 300 (default)
2019-09-19 04:28:10,605 [pool-148-thread-1] INFO  server.RaftServerConfigKeys (ConfUtils.java:logGet(43)) - raft.server.log.appender.install.snapshot.enabled = false (custom)
2019-09-19 04:28:10,605 [pool-148-thread-1] INFO  impl.RaftServerImpl (ServerState.java:<init>(105)) - cacd8be3-3994-43a0-9248-dc2aa43e6f92:group-52CD28E9D88B ConfigurationManager, init=-1: [d40cfe62-fc21-48bd-841c-37c3da2319ca:192.168.34.50:35283, fc0f8f3b-538d-481e-abe0-204925d4ee8f:192.168.34.50:35638, cacd8be3-3994-43a0-9248-dc2aa43e6f92:192.168.34.50:36186], old=null, confs=<EMPTY_MAP>
2019-09-19 04:28:10,605 [pool-148-thread-1] INFO  server.RaftServerConfigKeys (ConfUtils.java:logGet(43)) - raft.server.storage.dir = [/workdir/hadoop-ozone/integration-test/target/test-dir/MiniOzoneClusterImpl-0025b056-fb6b-4693-853a-894456f5f8ea/datanode-2/data/ratis] (custom)
2019-09-19 04:28:10,606 [pool-148-thread-1] INFO  storage.RaftStorageDirectory (RaftStorageDirectory.java:analyzeStorage(246)) - The storage directory /workdir/hadoop-ozone/integration-test/target/test-dir/MiniOzoneClusterImpl-0025b056-fb6b-4693-853a-894456f5f8ea/datanode-2/data/ratis/83f9f975-e2ba-4e7f-ab30-52cd28e9d88b does not exist. Creating ...
2019-09-19 04:28:10,684 [pool-148-thread-1] INFO  storage.RaftStorageDirectory (RaftStorageDirectory.java:tryLock(328)) - Lock on /workdir/hadoop-ozone/integration-test/target/test-dir/MiniOzoneClusterImpl-0025b056-fb6b-4693-853a-894456f5f8ea/datanode-2/data/ratis/83f9f975-e2ba-4e7f-ab30-52cd28e9d88b/in_use.lock acquired by nodename 24804@pr-hdds-2034-srnhl-2452957315
2019-09-19 04:28:10,716 | INFO  | SCMAudit | user=jenkins1000 | ip=192.168.34.50 | op=SEND_HEARTBEAT {datanodeUUID=d267f1ee-b840-49aa-88d3-6d319dcb89fa, command=[commandType: createPipelineCommand createPipelineCommandProto { pipelineID { id: "c579390f-dcb6-4207-82b2-793ed494825f" } type: RATIS factor: ONE datanode { uuid: "d267f1ee-b840-49aa-88d3-6d319dcb89fa" ipAddress: "192.168.34.50" hostName: "pr-hdds-2034-srnhl-2452957315" ports { name: "REST" value: 44519 } ports { name: "RATIS" value: 38921 } ports { name: "STANDALONE" value: 43960 } networkName: "d267f1ee-b840-49aa-88d3-6d319dcb89fa" networkLocation: "/default-rack" } cmdId: 1568867228330 } ]} | ret=SUCCESS |  
2019-09-19 04:28:10,719 [main] INFO  ozone.MiniOzoneClusterImpl (MiniOzoneClusterImpl.java:lambda$waitForClusterToBeReady$0(145)) - Nodes are ready. Got 7 of 7 DN Heartbeats.
2019-09-19 04:28:10,719 [main] INFO  ozone.MiniOzoneClusterImpl (MiniOzoneClusterImpl.java:lambda$waitForClusterToBeReady$0(148)) - Waiting for cluster to exit safe mode
2019-09-19 04:28:10,747 [pool-148-thread-1] INFO  storage.RaftStorage (RaftStorage.java:format(72)) - Storage directory /workdir/hadoop-ozone/integration-test/target/test-dir/MiniOzoneClusterImpl-0025b056-fb6b-4693-853a-894456f5f8ea/datanode-2/data/ratis/83f9f975-e2ba-4e7f-ab30-52cd28e9d88b has been successfully formatted.
2019-09-19 04:28:10,748 [pool-148-thread-1] INFO  ratis.ContainerStateMachine (ContainerStateMachine.java:loadSnapshot(226)) - group-52CD28E9D88B: The snapshot info is null. Setting the last applied indexto:(t:0, i:~)
2019-09-19 04:28:10,748 [pool-148-thread-1] INFO  server.RaftServerConfigKeys (ConfUtils.java:logGet(43)) - raft.server.leader.election.timeout = 120s (custom)
2019-09-19 04:28:10,748 [pool-148-thread-1] INFO  server.RaftServerConfigKeys (ConfUtils.java:logGet(43)) - raft.server.log.use.memory = false (default)
2019-09-19 04:28:10,748 [pool-148-thread-1] INFO  server.RaftServerConfigKeys (ConfUtils.java:logGet(43)) - raft.server.log.purge.gap = 1000000 (custom)
2019-09-19 04:28:10,749 [pool-148-thread-1] INFO  server.RaftServerConfigKeys (ConfUtils.java:logGet(43)) - raft.server.log.appender.buffer.byte-limit = 33554432 (custom)
2019-09-19 04:28:10,749 [pool-148-thread-1] INFO  server.RaftServerConfigKeys (ConfUtils.java:logGet(43)) - raft.server.log.segment.size.max = 1048576 (custom)
2019-09-19 04:28:10,749 [pool-148-thread-1] INFO  server.RaftServerConfigKeys (ConfUtils.java:logGet(43)) - raft.server.log.segment.cache.num.max = 2 (custom)
2019-09-19 04:28:10,749 [pool-148-thread-1] INFO  segmented.SegmentedRaftLogWorker (SegmentedRaftLogWorker.java:<init>(172)) - new cacd8be3-3994-43a0-9248-dc2aa43e6f92-SegmentedRaftLogWorker:Storage Directory /workdir/hadoop-ozone/integration-test/target/test-dir/MiniOzoneClusterImpl-0025b056-fb6b-4693-853a-894456f5f8ea/datanode-2/data/ratis/83f9f975-e2ba-4e7f-ab30-52cd28e9d88b for RaftStorage:Storage Directory /workdir/hadoop-ozone/integration-test/target/test-dir/MiniOzoneClusterImpl-0025b056-fb6b-4693-853a-894456f5f8ea/datanode-2/data/ratis/83f9f975-e2ba-4e7f-ab30-52cd28e9d88b
2019-09-19 04:28:10,749 [pool-148-thread-1] INFO  server.RaftServerConfigKeys (ConfUtils.java:logGet(43)) - raft.server.log.queue.byte-limit = 2147483647 (custom)
2019-09-19 04:28:10,749 [pool-148-thread-1] INFO  server.RaftServerConfigKeys (ConfUtils.java:logGet(43)) - raft.server.log.queue.element-limit = 1024 (custom)
2019-09-19 04:28:10,750 [pool-148-thread-1] INFO  server.RaftServerConfigKeys (ConfUtils.java:logGet(43)) - raft.server.log.segment.size.max = 1048576 (custom)
2019-09-19 04:28:10,750 [pool-148-thread-1] INFO  server.RaftServerConfigKeys (ConfUtils.java:logGet(43)) - raft.server.log.preallocated.size = 16384 (custom)
2019-09-19 04:28:10,750 [pool-148-thread-1] INFO  server.RaftServerConfigKeys (ConfUtils.java:logGet(43)) - raft.server.log.write.buffer.size = 33554432 (custom)
2019-09-19 04:28:10,750 [pool-148-thread-1] INFO  server.RaftServerConfigKeys (ConfUtils.java:logGet(43)) - raft.server.log.force.sync.num = 128 (default)
2019-09-19 04:28:10,750 [pool-148-thread-1] INFO  server.RaftServerConfigKeys (ConfUtils.java:logGet(43)) - raft.server.log.statemachine.data.sync = true (default)
2019-09-19 04:28:10,751 [pool-148-thread-1] INFO  server.RaftServerConfigKeys (ConfUtils.java:logGet(43)) - raft.server.log.statemachine.data.sync.timeout = 10s (default)
2019-09-19 04:28:10,751 [pool-148-thread-1] INFO  server.RaftServerConfigKeys (ConfUtils.java:logGet(43)) - raft.server.log.statemachine.data.sync.timeout.retry = -1 (default)
2019-09-19 04:28:10,751 [pool-148-thread-1] INFO  server.RaftServerConfigKeys (ConfUtils.java:logGet(43)) - raft.server.log.statemachine.data.caching.enabled = true (custom)
2019-09-19 04:28:10,751 [pool-148-thread-1] INFO  segmented.SegmentedRaftLogWorker (SegmentedRaftLogWorker.java:lambda$new$0(132)) - cacd8be3-3994-43a0-9248-dc2aa43e6f92-SegmentedRaftLogWorker:Storage Directory /workdir/hadoop-ozone/integration-test/target/test-dir/MiniOzoneClusterImpl-0025b056-fb6b-4693-853a-894456f5f8ea/datanode-2/data/ratis/83f9f975-e2ba-4e7f-ab30-52cd28e9d88b: flushIndex: setUnconditionally 0 -> -1
2019-09-19 04:28:10,752 [pool-148-thread-1] INFO  server.RaftServerConfigKeys (ConfUtils.java:logGet(43)) - raft.server.snapshot.auto.trigger.enabled = true (custom)
2019-09-19 04:28:10,752 [pool-148-thread-1] INFO  server.RaftServerConfigKeys (ConfUtils.java:logGet(43)) - raft.server.snapshot.auto.trigger.threshold = 10000 (custom)
2019-09-19 04:28:10,752 [pool-148-thread-1] INFO  server.RaftServerConfigKeys (ConfUtils.java:logGet(43)) - raft.server.retrycache.expirytime = 600000ms (custom)
2019-09-19 04:28:10,752 [pool-148-thread-1] INFO  impl.RaftServerImpl (RaftServerImpl.java:start(180)) - cacd8be3-3994-43a0-9248-dc2aa43e6f92: start group-52CD28E9D88B
2019-09-19 04:28:10,753 [pool-148-thread-1] INFO  impl.RaftServerImpl (RaftServerImpl.java:setRole(171)) - cacd8be3-3994-43a0-9248-dc2aa43e6f92:group-52CD28E9D88B changes role from null to FOLLOWER at term 0 for startAsFollower
2019-09-19 04:28:10,753 [pool-148-thread-1] INFO  impl.RoleInfo (RoleInfo.java:updateAndGet(143)) - cacd8be3-3994-43a0-9248-dc2aa43e6f92: start FollowerState
2019-09-19 04:28:10,753 [pool-148-thread-1] INFO  util.JmxRegister (JmxRegister.java:tryRegister(44)) - Successfully registered JMX Bean with object name Ratis:service=RaftServer,group=group-52CD28E9D88B,id=cacd8be3-3994-43a0-9248-dc2aa43e6f92
2019-09-19 04:28:10,756 [Command processor thread] INFO  commandhandler.CreatePipelineCommandHandler (CreatePipelineCommandHandler.java:handle(112)) - Create Pipeline RATIS THREE #PipelineID=83f9f975-e2ba-4e7f-ab30-52cd28e9d88b command succeed on datanode cacd8be3-3994-43a0-9248-dc2aa43e6f92.
2019-09-19 04:28:10,994 | INFO  | SCMAudit | user=jenkins1000 | ip=192.168.34.50 | op=SEND_HEARTBEAT {datanodeUUID=646ad8b2-e397-4e74-bda7-a2da429002a8, command=[]} | ret=SUCCESS |  
2019-09-19 04:28:10,996 | INFO  | SCMAudit | user=jenkins1000 | ip=192.168.34.50 | op=SEND_HEARTBEAT {datanodeUUID=fc0f8f3b-538d-481e-abe0-204925d4ee8f, command=[]} | ret=SUCCESS |  
2019-09-19 04:28:11,006 [grpc-default-executor-4] INFO  impl.RaftServerProxy (RaftServerProxy.java:addNew(89)) - 646ad8b2-e397-4e74-bda7-a2da429002a8: addNew group-76DBB8C33422:[646ad8b2-e397-4e74-bda7-a2da429002a8:192.168.34.50:35451] returns group-76DBB8C33422:java.util.concurrent.CompletableFuture@651d60e6[Not completed]
2019-09-19 04:28:11,013 [pool-159-thread-1] INFO  impl.RaftServerImpl (RaftServerImpl.java:<init>(93)) - 646ad8b2-e397-4e74-bda7-a2da429002a8: new RaftServerImpl for group-76DBB8C33422:[646ad8b2-e397-4e74-bda7-a2da429002a8:192.168.34.50:35451] with ContainerStateMachine:uninitialized
2019-09-19 04:28:11,014 [pool-159-thread-1] INFO  server.RaftServerConfigKeys (ConfUtils.java:logGet(43)) - raft.server.rpc.timeout.min = 5s (custom)
2019-09-19 04:28:11,014 [pool-159-thread-1] INFO  server.RaftServerConfigKeys (ConfUtils.java:logGet(43)) - raft.server.rpc.timeout.max = 5200ms (custom)
2019-09-19 04:28:11,014 [pool-159-thread-1] INFO  server.RaftServerConfigKeys (ConfUtils.java:logGet(43)) - raft.server.rpcslowness.timeout = 120s (custom)
2019-09-19 04:28:11,014 [pool-159-thread-1] INFO  server.RaftServerConfigKeys (ConfUtils.java:logGet(43)) - raft.server.sleep.deviation.threshold = 300 (default)
2019-09-19 04:28:11,014 [pool-159-thread-1] INFO  server.RaftServerConfigKeys (ConfUtils.java:logGet(43)) - raft.server.log.appender.install.snapshot.enabled = false (custom)
2019-09-19 04:28:11,015 [pool-159-thread-1] INFO  impl.RaftServerImpl (ServerState.java:<init>(105)) - 646ad8b2-e397-4e74-bda7-a2da429002a8:group-76DBB8C33422 ConfigurationManager, init=-1: [646ad8b2-e397-4e74-bda7-a2da429002a8:192.168.34.50:35451], old=null, confs=<EMPTY_MAP>
2019-09-19 04:28:11,015 [pool-159-thread-1] INFO  server.RaftServerConfigKeys (ConfUtils.java:logGet(43)) - raft.server.storage.dir = [/workdir/hadoop-ozone/integration-test/target/test-dir/MiniOzoneClusterImpl-0025b056-fb6b-4693-853a-894456f5f8ea/datanode-3/data/ratis] (custom)
2019-09-19 04:28:11,015 [pool-159-thread-1] INFO  storage.RaftStorageDirectory (RaftStorageDirectory.java:analyzeStorage(246)) - The storage directory /workdir/hadoop-ozone/integration-test/target/test-dir/MiniOzoneClusterImpl-0025b056-fb6b-4693-853a-894456f5f8ea/datanode-3/data/ratis/c61ac05b-325b-4819-affd-76dbb8c33422 does not exist. Creating ...
2019-09-19 04:28:11,077 [pool-159-thread-1] INFO  storage.RaftStorageDirectory (RaftStorageDirectory.java:tryLock(328)) - Lock on /workdir/hadoop-ozone/integration-test/target/test-dir/MiniOzoneClusterImpl-0025b056-fb6b-4693-853a-894456f5f8ea/datanode-3/data/ratis/c61ac05b-325b-4819-affd-76dbb8c33422/in_use.lock acquired by nodename 24804@pr-hdds-2034-srnhl-2452957315
2019-09-19 04:28:11,146 [pool-159-thread-1] INFO  storage.RaftStorage (RaftStorage.java:format(72)) - Storage directory /workdir/hadoop-ozone/integration-test/target/test-dir/MiniOzoneClusterImpl-0025b056-fb6b-4693-853a-894456f5f8ea/datanode-3/data/ratis/c61ac05b-325b-4819-affd-76dbb8c33422 has been successfully formatted.
2019-09-19 04:28:11,147 [pool-159-thread-1] INFO  ratis.ContainerStateMachine (ContainerStateMachine.java:loadSnapshot(226)) - group-76DBB8C33422: The snapshot info is null. Setting the last applied indexto:(t:0, i:~)
2019-09-19 04:28:11,148 [pool-159-thread-1] INFO  server.RaftServerConfigKeys (ConfUtils.java:logGet(43)) - raft.server.leader.election.timeout = 120s (custom)
2019-09-19 04:28:11,148 [pool-159-thread-1] INFO  server.RaftServerConfigKeys (ConfUtils.java:logGet(43)) - raft.server.log.use.memory = false (default)
2019-09-19 04:28:11,148 [pool-159-thread-1] INFO  server.RaftServerConfigKeys (ConfUtils.java:logGet(43)) - raft.server.log.purge.gap = 1000000 (custom)
2019-09-19 04:28:11,148 [pool-159-thread-1] INFO  server.RaftServerConfigKeys (ConfUtils.java:logGet(43)) - raft.server.log.appender.buffer.byte-limit = 33554432 (custom)
2019-09-19 04:28:11,148 [pool-159-thread-1] INFO  server.RaftServerConfigKeys (ConfUtils.java:logGet(43)) - raft.server.log.segment.size.max = 1048576 (custom)
2019-09-19 04:28:11,149 [pool-159-thread-1] INFO  server.RaftServerConfigKeys (ConfUtils.java:logGet(43)) - raft.server.log.segment.cache.num.max = 2 (custom)
2019-09-19 04:28:11,149 [pool-159-thread-1] INFO  segmented.SegmentedRaftLogWorker (SegmentedRaftLogWorker.java:<init>(172)) - new 646ad8b2-e397-4e74-bda7-a2da429002a8-SegmentedRaftLogWorker:Storage Directory /workdir/hadoop-ozone/integration-test/target/test-dir/MiniOzoneClusterImpl-0025b056-fb6b-4693-853a-894456f5f8ea/datanode-3/data/ratis/c61ac05b-325b-4819-affd-76dbb8c33422 for RaftStorage:Storage Directory /workdir/hadoop-ozone/integration-test/target/test-dir/MiniOzoneClusterImpl-0025b056-fb6b-4693-853a-894456f5f8ea/datanode-3/data/ratis/c61ac05b-325b-4819-affd-76dbb8c33422
2019-09-19 04:28:11,149 [pool-159-thread-1] INFO  server.RaftServerConfigKeys (ConfUtils.java:logGet(43)) - raft.server.log.queue.byte-limit = 2147483647 (custom)
2019-09-19 04:28:11,149 [pool-159-thread-1] INFO  server.RaftServerConfigKeys (ConfUtils.java:logGet(43)) - raft.server.log.queue.element-limit = 1024 (custom)
2019-09-19 04:28:11,149 [pool-159-thread-1] INFO  server.RaftServerConfigKeys (ConfUtils.java:logGet(43)) - raft.server.log.segment.size.max = 1048576 (custom)
2019-09-19 04:28:11,150 [pool-159-thread-1] INFO  server.RaftServerConfigKeys (ConfUtils.java:logGet(43)) - raft.server.log.preallocated.size = 16384 (custom)
2019-09-19 04:28:11,150 [pool-159-thread-1] INFO  server.RaftServerConfigKeys (ConfUtils.java:logGet(43)) - raft.server.log.write.buffer.size = 33554432 (custom)
2019-09-19 04:28:11,150 [pool-159-thread-1] INFO  server.RaftServerConfigKeys (ConfUtils.java:logGet(43)) - raft.server.log.force.sync.num = 128 (default)
2019-09-19 04:28:11,150 [pool-159-thread-1] INFO  server.RaftServerConfigKeys (ConfUtils.java:logGet(43)) - raft.server.log.statemachine.data.sync = true (default)
2019-09-19 04:28:11,150 [pool-159-thread-1] INFO  server.RaftServerConfigKeys (ConfUtils.java:logGet(43)) - raft.server.log.statemachine.data.sync.timeout = 10s (default)
2019-09-19 04:28:11,150 [pool-159-thread-1] INFO  server.RaftServerConfigKeys (ConfUtils.java:logGet(43)) - raft.server.log.statemachine.data.sync.timeout.retry = -1 (default)
2019-09-19 04:28:11,151 [pool-159-thread-1] INFO  server.RaftServerConfigKeys (ConfUtils.java:logGet(43)) - raft.server.log.statemachine.data.caching.enabled = true (custom)
2019-09-19 04:28:11,151 [pool-159-thread-1] INFO  segmented.SegmentedRaftLogWorker (SegmentedRaftLogWorker.java:lambda$new$0(132)) - 646ad8b2-e397-4e74-bda7-a2da429002a8-SegmentedRaftLogWorker:Storage Directory /workdir/hadoop-ozone/integration-test/target/test-dir/MiniOzoneClusterImpl-0025b056-fb6b-4693-853a-894456f5f8ea/datanode-3/data/ratis/c61ac05b-325b-4819-affd-76dbb8c33422: flushIndex: setUnconditionally 0 -> -1
2019-09-19 04:28:11,152 [pool-159-thread-1] INFO  server.RaftServerConfigKeys (ConfUtils.java:logGet(43)) - raft.server.snapshot.auto.trigger.enabled = true (custom)
2019-09-19 04:28:11,152 [pool-159-thread-1] INFO  server.RaftServerConfigKeys (ConfUtils.java:logGet(43)) - raft.server.snapshot.auto.trigger.threshold = 10000 (custom)
2019-09-19 04:28:11,152 [pool-159-thread-1] INFO  server.RaftServerConfigKeys (ConfUtils.java:logGet(43)) - raft.server.retrycache.expirytime = 600000ms (custom)
2019-09-19 04:28:11,152 [pool-159-thread-1] INFO  impl.RaftServerImpl (RaftServerImpl.java:start(180)) - 646ad8b2-e397-4e74-bda7-a2da429002a8: start group-76DBB8C33422
2019-09-19 04:28:11,152 [pool-159-thread-1] INFO  impl.RaftServerImpl (RaftServerImpl.java:setRole(171)) - 646ad8b2-e397-4e74-bda7-a2da429002a8:group-76DBB8C33422 changes role from null to FOLLOWER at term 0 for startAsFollower
2019-09-19 04:28:11,153 [pool-159-thread-1] INFO  impl.RoleInfo (RoleInfo.java:updateAndGet(143)) - 646ad8b2-e397-4e74-bda7-a2da429002a8: start FollowerState
2019-09-19 04:28:11,153 [pool-159-thread-1] INFO  util.JmxRegister (JmxRegister.java:tryRegister(44)) - Successfully registered JMX Bean with object name Ratis:service=RaftServer,group=group-76DBB8C33422,id=646ad8b2-e397-4e74-bda7-a2da429002a8
2019-09-19 04:28:11,156 [Command processor thread] INFO  commandhandler.CreatePipelineCommandHandler (CreatePipelineCommandHandler.java:handle(112)) - Create Pipeline RATIS ONE #PipelineID=c61ac05b-325b-4819-affd-76dbb8c33422 command succeed on datanode 646ad8b2-e397-4e74-bda7-a2da429002a8.
2019-09-19 04:28:11,162 [grpc-default-executor-4] INFO  impl.RaftServerProxy (RaftServerProxy.java:addNew(89)) - 646ad8b2-e397-4e74-bda7-a2da429002a8: addNew group-793098847AA3:[646ad8b2-e397-4e74-bda7-a2da429002a8:192.168.34.50:35451, cee6b86e-e629-45c9-9c42-7061c1d64ecd:192.168.34.50:42417, bb21d486-410c-4d63-a3eb-a911625626cf:192.168.34.50:33211] returns group-793098847AA3:java.util.concurrent.CompletableFuture@9fff5dc[Not completed]
2019-09-19 04:28:11,164 [pool-159-thread-1] INFO  impl.RaftServerImpl (RaftServerImpl.java:<init>(93)) - 646ad8b2-e397-4e74-bda7-a2da429002a8: new RaftServerImpl for group-793098847AA3:[646ad8b2-e397-4e74-bda7-a2da429002a8:192.168.34.50:35451, cee6b86e-e629-45c9-9c42-7061c1d64ecd:192.168.34.50:42417, bb21d486-410c-4d63-a3eb-a911625626cf:192.168.34.50:33211] with ContainerStateMachine:uninitialized
2019-09-19 04:28:11,164 [pool-159-thread-1] INFO  server.RaftServerConfigKeys (ConfUtils.java:logGet(43)) - raft.server.rpc.timeout.min = 5s (custom)
2019-09-19 04:28:11,164 [pool-159-thread-1] INFO  server.RaftServerConfigKeys (ConfUtils.java:logGet(43)) - raft.server.rpc.timeout.max = 5200ms (custom)
2019-09-19 04:28:11,165 [pool-159-thread-1] INFO  server.RaftServerConfigKeys (ConfUtils.java:logGet(43)) - raft.server.rpcslowness.timeout = 120s (custom)
2019-09-19 04:28:11,165 [pool-159-thread-1] INFO  server.RaftServerConfigKeys (ConfUtils.java:logGet(43)) - raft.server.sleep.deviation.threshold = 300 (default)
2019-09-19 04:28:11,165 [pool-159-thread-1] INFO  server.RaftServerConfigKeys (ConfUtils.java:logGet(43)) - raft.server.log.appender.install.snapshot.enabled = false (custom)
2019-09-19 04:28:11,165 [pool-159-thread-1] INFO  impl.RaftServerImpl (ServerState.java:<init>(105)) - 646ad8b2-e397-4e74-bda7-a2da429002a8:group-793098847AA3 ConfigurationManager, init=-1: [646ad8b2-e397-4e74-bda7-a2da429002a8:192.168.34.50:35451, cee6b86e-e629-45c9-9c42-7061c1d64ecd:192.168.34.50:42417, bb21d486-410c-4d63-a3eb-a911625626cf:192.168.34.50:33211], old=null, confs=<EMPTY_MAP>
2019-09-19 04:28:11,165 [pool-159-thread-1] INFO  server.RaftServerConfigKeys (ConfUtils.java:logGet(43)) - raft.server.storage.dir = [/workdir/hadoop-ozone/integration-test/target/test-dir/MiniOzoneClusterImpl-0025b056-fb6b-4693-853a-894456f5f8ea/datanode-3/data/ratis] (custom)
2019-09-19 04:28:11,165 [pool-159-thread-1] INFO  storage.RaftStorageDirectory (RaftStorageDirectory.java:analyzeStorage(246)) - The storage directory /workdir/hadoop-ozone/integration-test/target/test-dir/MiniOzoneClusterImpl-0025b056-fb6b-4693-853a-894456f5f8ea/datanode-3/data/ratis/0173be8d-8c41-43f2-89c1-793098847aa3 does not exist. Creating ...
2019-09-19 04:28:11,211 | INFO  | SCMAudit | user=jenkins1000 | ip=192.168.34.50 | op=SEND_HEARTBEAT {datanodeUUID=bb21d486-410c-4d63-a3eb-a911625626cf, command=[]} | ret=SUCCESS |  
2019-09-19 04:28:11,224 [grpc-default-executor-4] INFO  impl.RaftServerProxy (RaftServerProxy.java:addNew(89)) - bb21d486-410c-4d63-a3eb-a911625626cf: addNew group-27A2241642C0:[bb21d486-410c-4d63-a3eb-a911625626cf:192.168.34.50:33211] returns group-27A2241642C0:java.util.concurrent.CompletableFuture@70f04453[Not completed]
2019-09-19 04:28:11,232 [pool-170-thread-1] INFO  impl.RaftServerImpl (RaftServerImpl.java:<init>(93)) - bb21d486-410c-4d63-a3eb-a911625626cf: new RaftServerImpl for group-27A2241642C0:[bb21d486-410c-4d63-a3eb-a911625626cf:192.168.34.50:33211] with ContainerStateMachine:uninitialized
2019-09-19 04:28:11,235 [pool-170-thread-1] INFO  server.RaftServerConfigKeys (ConfUtils.java:logGet(43)) - raft.server.rpc.timeout.min = 5s (custom)
2019-09-19 04:28:11,235 [pool-170-thread-1] INFO  server.RaftServerConfigKeys (ConfUtils.java:logGet(43)) - raft.server.rpc.timeout.max = 5200ms (custom)
2019-09-19 04:28:11,235 [pool-170-thread-1] INFO  server.RaftServerConfigKeys (ConfUtils.java:logGet(43)) - raft.server.rpcslowness.timeout = 120s (custom)
2019-09-19 04:28:11,235 [pool-170-thread-1] INFO  server.RaftServerConfigKeys (ConfUtils.java:logGet(43)) - raft.server.sleep.deviation.threshold = 300 (default)
2019-09-19 04:28:11,236 [pool-170-thread-1] INFO  server.RaftServerConfigKeys (ConfUtils.java:logGet(43)) - raft.server.log.appender.install.snapshot.enabled = false (custom)
2019-09-19 04:28:11,236 [pool-170-thread-1] INFO  impl.RaftServerImpl (ServerState.java:<init>(105)) - bb21d486-410c-4d63-a3eb-a911625626cf:group-27A2241642C0 ConfigurationManager, init=-1: [bb21d486-410c-4d63-a3eb-a911625626cf:192.168.34.50:33211], old=null, confs=<EMPTY_MAP>
2019-09-19 04:28:11,236 [pool-170-thread-1] INFO  server.RaftServerConfigKeys (ConfUtils.java:logGet(43)) - raft.server.storage.dir = [/workdir/hadoop-ozone/integration-test/target/test-dir/MiniOzoneClusterImpl-0025b056-fb6b-4693-853a-894456f5f8ea/datanode-4/data/ratis] (custom)
2019-09-19 04:28:11,236 [pool-170-thread-1] INFO  storage.RaftStorageDirectory (RaftStorageDirectory.java:analyzeStorage(246)) - The storage directory /workdir/hadoop-ozone/integration-test/target/test-dir/MiniOzoneClusterImpl-0025b056-fb6b-4693-853a-894456f5f8ea/datanode-4/data/ratis/0a5538de-9135-4af4-8e4f-27a2241642c0 does not exist. Creating ...
2019-09-19 04:28:11,237 | INFO  | SCMAudit | user=jenkins1000 | ip=192.168.34.50 | op=SEND_HEARTBEAT {datanodeUUID=d40cfe62-fc21-48bd-841c-37c3da2319ca, command=[]} | ret=SUCCESS |  
2019-09-19 04:28:11,239 [EventQueue-CreatePipelineStatusForSCMPipelineManager] INFO  pipeline.SCMPipelineManager (SCMPipelineManager.java:onMessage(469)) - receive pipeline PipelineID=2acb5912-985a-43d1-af3c-b0771fae3d6f create status EXECUTED
2019-09-19 04:28:11,239 [EventQueue-CreatePipelineStatusForSCMPipelineManager] INFO  pipeline.PipelineStateManager (PipelineStateManager.java:openPipeline(134)) - Pipeline Pipeline[ Id: 2acb5912-985a-43d1-af3c-b0771fae3d6f, Nodes: d40cfe62-fc21-48bd-841c-37c3da2319ca{ip: 192.168.34.50, host: pr-hdds-2034-srnhl-2452957315, networkLocation: /default-rack, certSerialId: null}, Type:RATIS, Factor:ONE, State:ALLOCATED] moved to OPEN state
add pipeline PipelineID=2acb5912-985a-43d1-af3c-b0771fae3d6f to metrics map
2019-09-19 04:28:11,240 [EventQueue-NewOpenPipelineForHealthyPipelineSafeModeRule] INFO  safemode.SCMSafeModeManager (HealthyPipelineSafeModeRule.java:process(120)) - SCM in safe mode. Healthy pipelines reported count is 1, required healthy pipeline reported count is 1
2019-09-19 04:28:11,240 [EventQueue-CreatePipelineStatusForSCMPipelineManager] INFO  pipeline.SCMPipelineManager (SCMPipelineManager.java:onMessage(469)) - receive pipeline PipelineID=83f9f975-e2ba-4e7f-ab30-52cd28e9d88b create status EXECUTED
2019-09-19 04:28:11,240 [EventQueue-NewOpenPipelineForHealthyPipelineSafeModeRule] INFO  safemode.SCMSafeModeManager (SCMSafeModeManager.java:validateSafeModeExitRules(177)) - ScmSafeModeManager, all rules are successfully validated
2019-09-19 04:28:11,241 [EventQueue-NewOpenPipelineForHealthyPipelineSafeModeRule] INFO  safemode.SCMSafeModeManager (SCMSafeModeManager.java:exitSafeMode(193)) - SCM exiting safe mode.
2019-09-19 04:28:11,241 [EventQueue-CreatePipelineStatusForSCMPipelineManager] INFO  pipeline.PipelineStateManager (PipelineStateManager.java:openPipeline(134)) - Pipeline Pipeline[ Id: 83f9f975-e2ba-4e7f-ab30-52cd28e9d88b, Nodes: d40cfe62-fc21-48bd-841c-37c3da2319ca{ip: 192.168.34.50, host: pr-hdds-2034-srnhl-2452957315, networkLocation: /default-rack, certSerialId: null}cacd8be3-3994-43a0-9248-dc2aa43e6f92{ip: 192.168.34.50, host: pr-hdds-2034-srnhl-2452957315, networkLocation: /default-rack, certSerialId: null}fc0f8f3b-538d-481e-abe0-204925d4ee8f{ip: 192.168.34.50, host: pr-hdds-2034-srnhl-2452957315, networkLocation: /default-rack, certSerialId: null}, Type:RATIS, Factor:THREE, State:ALLOCATED] moved to OPEN state
add pipeline PipelineID=83f9f975-e2ba-4e7f-ab30-52cd28e9d88b to metrics map
2019-09-19 04:28:11,258 [pool-159-thread-1] INFO  storage.RaftStorageDirectory (RaftStorageDirectory.java:tryLock(328)) - Lock on /workdir/hadoop-ozone/integration-test/target/test-dir/MiniOzoneClusterImpl-0025b056-fb6b-4693-853a-894456f5f8ea/datanode-3/data/ratis/0173be8d-8c41-43f2-89c1-793098847aa3/in_use.lock acquired by nodename 24804@pr-hdds-2034-srnhl-2452957315
2019-09-19 04:28:11,303 [pool-170-thread-1] INFO  storage.RaftStorageDirectory (RaftStorageDirectory.java:tryLock(328)) - Lock on /workdir/hadoop-ozone/integration-test/target/test-dir/MiniOzoneClusterImpl-0025b056-fb6b-4693-853a-894456f5f8ea/datanode-4/data/ratis/0a5538de-9135-4af4-8e4f-27a2241642c0/in_use.lock acquired by nodename 24804@pr-hdds-2034-srnhl-2452957315
2019-09-19 04:28:11,376 [pool-159-thread-1] INFO  storage.RaftStorage (RaftStorage.java:format(72)) - Storage directory /workdir/hadoop-ozone/integration-test/target/test-dir/MiniOzoneClusterImpl-0025b056-fb6b-4693-853a-894456f5f8ea/datanode-3/data/ratis/0173be8d-8c41-43f2-89c1-793098847aa3 has been successfully formatted.
2019-09-19 04:28:11,377 [pool-159-thread-1] INFO  ratis.ContainerStateMachine (ContainerStateMachine.java:loadSnapshot(226)) - group-793098847AA3: The snapshot info is null. Setting the last applied indexto:(t:0, i:~)
2019-09-19 04:28:11,377 [pool-159-thread-1] INFO  server.RaftServerConfigKeys (ConfUtils.java:logGet(43)) - raft.server.leader.election.timeout = 120s (custom)
2019-09-19 04:28:11,377 [pool-159-thread-1] INFO  server.RaftServerConfigKeys (ConfUtils.java:logGet(43)) - raft.server.log.use.memory = false (default)
2019-09-19 04:28:11,377 [pool-159-thread-1] INFO  server.RaftServerConfigKeys (ConfUtils.java:logGet(43)) - raft.server.log.purge.gap = 1000000 (custom)
2019-09-19 04:28:11,377 [pool-159-thread-1] INFO  server.RaftServerConfigKeys (ConfUtils.java:logGet(43)) - raft.server.log.appender.buffer.byte-limit = 33554432 (custom)
2019-09-19 04:28:11,378 [pool-159-thread-1] INFO  server.RaftServerConfigKeys (ConfUtils.java:logGet(43)) - raft.server.log.segment.size.max = 1048576 (custom)
2019-09-19 04:28:11,378 [pool-159-thread-1] INFO  server.RaftServerConfigKeys (ConfUtils.java:logGet(43)) - raft.server.log.segment.cache.num.max = 2 (custom)
2019-09-19 04:28:11,378 [pool-159-thread-1] INFO  segmented.SegmentedRaftLogWorker (SegmentedRaftLogWorker.java:<init>(172)) - new 646ad8b2-e397-4e74-bda7-a2da429002a8-SegmentedRaftLogWorker:Storage Directory /workdir/hadoop-ozone/integration-test/target/test-dir/MiniOzoneClusterImpl-0025b056-fb6b-4693-853a-894456f5f8ea/datanode-3/data/ratis/0173be8d-8c41-43f2-89c1-793098847aa3 for RaftStorage:Storage Directory /workdir/hadoop-ozone/integration-test/target/test-dir/MiniOzoneClusterImpl-0025b056-fb6b-4693-853a-894456f5f8ea/datanode-3/data/ratis/0173be8d-8c41-43f2-89c1-793098847aa3
2019-09-19 04:28:11,378 [pool-159-thread-1] INFO  server.RaftServerConfigKeys (ConfUtils.java:logGet(43)) - raft.server.log.queue.byte-limit = 2147483647 (custom)
2019-09-19 04:28:11,378 [pool-159-thread-1] INFO  server.RaftServerConfigKeys (ConfUtils.java:logGet(43)) - raft.server.log.queue.element-limit = 1024 (custom)
2019-09-19 04:28:11,378 [pool-159-thread-1] INFO  server.RaftServerConfigKeys (ConfUtils.java:logGet(43)) - raft.server.log.segment.size.max = 1048576 (custom)
2019-09-19 04:28:11,379 [pool-159-thread-1] INFO  server.RaftServerConfigKeys (ConfUtils.java:logGet(43)) - raft.server.log.preallocated.size = 16384 (custom)
2019-09-19 04:28:11,379 [pool-159-thread-1] INFO  server.RaftServerConfigKeys (ConfUtils.java:logGet(43)) - raft.server.log.write.buffer.size = 33554432 (custom)
2019-09-19 04:28:11,379 [pool-159-thread-1] INFO  server.RaftServerConfigKeys (ConfUtils.java:logGet(43)) - raft.server.log.force.sync.num = 128 (default)
2019-09-19 04:28:11,379 [pool-159-thread-1] INFO  server.RaftServerConfigKeys (ConfUtils.java:logGet(43)) - raft.server.log.statemachine.data.sync = true (default)
2019-09-19 04:28:11,379 [pool-159-thread-1] INFO  server.RaftServerConfigKeys (ConfUtils.java:logGet(43)) - raft.server.log.statemachine.data.sync.timeout = 10s (default)
2019-09-19 04:28:11,379 [pool-159-thread-1] INFO  server.RaftServerConfigKeys (ConfUtils.java:logGet(43)) - raft.server.log.statemachine.data.sync.timeout.retry = -1 (default)
2019-09-19 04:28:11,379 [pool-159-thread-1] INFO  server.RaftServerConfigKeys (ConfUtils.java:logGet(43)) - raft.server.log.statemachine.data.caching.enabled = true (custom)
2019-09-19 04:28:11,380 [pool-159-thread-1] INFO  segmented.SegmentedRaftLogWorker (SegmentedRaftLogWorker.java:lambda$new$0(132)) - 646ad8b2-e397-4e74-bda7-a2da429002a8-SegmentedRaftLogWorker:Storage Directory /workdir/hadoop-ozone/integration-test/target/test-dir/MiniOzoneClusterImpl-0025b056-fb6b-4693-853a-894456f5f8ea/datanode-3/data/ratis/0173be8d-8c41-43f2-89c1-793098847aa3: flushIndex: setUnconditionally 0 -> -1
2019-09-19 04:28:11,380 [pool-159-thread-1] INFO  server.RaftServerConfigKeys (ConfUtils.java:logGet(43)) - raft.server.snapshot.auto.trigger.enabled = true (custom)
2019-09-19 04:28:11,380 [pool-159-thread-1] INFO  server.RaftServerConfigKeys (ConfUtils.java:logGet(43)) - raft.server.snapshot.auto.trigger.threshold = 10000 (custom)
2019-09-19 04:28:11,380 [pool-159-thread-1] INFO  server.RaftServerConfigKeys (ConfUtils.java:logGet(43)) - raft.server.retrycache.expirytime = 600000ms (custom)
2019-09-19 04:28:11,381 [pool-159-thread-1] INFO  impl.RaftServerImpl (RaftServerImpl.java:start(180)) - 646ad8b2-e397-4e74-bda7-a2da429002a8: start group-793098847AA3
2019-09-19 04:28:11,381 [pool-159-thread-1] INFO  impl.RaftServerImpl (RaftServerImpl.java:setRole(171)) - 646ad8b2-e397-4e74-bda7-a2da429002a8:group-793098847AA3 changes role from null to FOLLOWER at term 0 for startAsFollower
2019-09-19 04:28:11,381 [pool-159-thread-1] INFO  impl.RoleInfo (RoleInfo.java:updateAndGet(143)) - 646ad8b2-e397-4e74-bda7-a2da429002a8: start FollowerState
2019-09-19 04:28:11,381 [pool-159-thread-1] INFO  util.JmxRegister (JmxRegister.java:tryRegister(44)) - Successfully registered JMX Bean with object name Ratis:service=RaftServer,group=group-793098847AA3,id=646ad8b2-e397-4e74-bda7-a2da429002a8
2019-09-19 04:28:11,384 [Command processor thread] INFO  commandhandler.CreatePipelineCommandHandler (CreatePipelineCommandHandler.java:handle(112)) - Create Pipeline RATIS THREE #PipelineID=0173be8d-8c41-43f2-89c1-793098847aa3 command succeed on datanode 646ad8b2-e397-4e74-bda7-a2da429002a8.
2019-09-19 04:28:11,392 [pool-170-thread-1] INFO  storage.RaftStorage (RaftStorage.java:format(72)) - Storage directory /workdir/hadoop-ozone/integration-test/target/test-dir/MiniOzoneClusterImpl-0025b056-fb6b-4693-853a-894456f5f8ea/datanode-4/data/ratis/0a5538de-9135-4af4-8e4f-27a2241642c0 has been successfully formatted.
2019-09-19 04:28:11,393 [pool-170-thread-1] INFO  ratis.ContainerStateMachine (ContainerStateMachine.java:loadSnapshot(226)) - group-27A2241642C0: The snapshot info is null. Setting the last applied indexto:(t:0, i:~)
2019-09-19 04:28:11,393 [pool-170-thread-1] INFO  server.RaftServerConfigKeys (ConfUtils.java:logGet(43)) - raft.server.leader.election.timeout = 120s (custom)
2019-09-19 04:28:11,393 [pool-170-thread-1] INFO  server.RaftServerConfigKeys (ConfUtils.java:logGet(43)) - raft.server.log.use.memory = false (default)
2019-09-19 04:28:11,393 [pool-170-thread-1] INFO  server.RaftServerConfigKeys (ConfUtils.java:logGet(43)) - raft.server.log.purge.gap = 1000000 (custom)
2019-09-19 04:28:11,393 [pool-170-thread-1] INFO  server.RaftServerConfigKeys (ConfUtils.java:logGet(43)) - raft.server.log.appender.buffer.byte-limit = 33554432 (custom)
2019-09-19 04:28:11,393 [pool-170-thread-1] INFO  server.RaftServerConfigKeys (ConfUtils.java:logGet(43)) - raft.server.log.segment.size.max = 1048576 (custom)
2019-09-19 04:28:11,393 [pool-170-thread-1] INFO  server.RaftServerConfigKeys (ConfUtils.java:logGet(43)) - raft.server.log.segment.cache.num.max = 2 (custom)
2019-09-19 04:28:11,394 [pool-170-thread-1] INFO  segmented.SegmentedRaftLogWorker (SegmentedRaftLogWorker.java:<init>(172)) - new bb21d486-410c-4d63-a3eb-a911625626cf-SegmentedRaftLogWorker:Storage Directory /workdir/hadoop-ozone/integration-test/target/test-dir/MiniOzoneClusterImpl-0025b056-fb6b-4693-853a-894456f5f8ea/datanode-4/data/ratis/0a5538de-9135-4af4-8e4f-27a2241642c0 for RaftStorage:Storage Directory /workdir/hadoop-ozone/integration-test/target/test-dir/MiniOzoneClusterImpl-0025b056-fb6b-4693-853a-894456f5f8ea/datanode-4/data/ratis/0a5538de-9135-4af4-8e4f-27a2241642c0
2019-09-19 04:28:11,394 [pool-170-thread-1] INFO  server.RaftServerConfigKeys (ConfUtils.java:logGet(43)) - raft.server.log.queue.byte-limit = 2147483647 (custom)
2019-09-19 04:28:11,394 [pool-170-thread-1] INFO  server.RaftServerConfigKeys (ConfUtils.java:logGet(43)) - raft.server.log.queue.element-limit = 1024 (custom)
2019-09-19 04:28:11,394 [pool-170-thread-1] INFO  server.RaftServerConfigKeys (ConfUtils.java:logGet(43)) - raft.server.log.segment.size.max = 1048576 (custom)
2019-09-19 04:28:11,394 [pool-170-thread-1] INFO  server.RaftServerConfigKeys (ConfUtils.java:logGet(43)) - raft.server.log.preallocated.size = 16384 (custom)
2019-09-19 04:28:11,394 [pool-170-thread-1] INFO  server.RaftServerConfigKeys (ConfUtils.java:logGet(43)) - raft.server.log.write.buffer.size = 33554432 (custom)
2019-09-19 04:28:11,395 [pool-170-thread-1] INFO  server.RaftServerConfigKeys (ConfUtils.java:logGet(43)) - raft.server.log.force.sync.num = 128 (default)
2019-09-19 04:28:11,395 [pool-170-thread-1] INFO  server.RaftServerConfigKeys (ConfUtils.java:logGet(43)) - raft.server.log.statemachine.data.sync = true (default)
2019-09-19 04:28:11,395 [pool-170-thread-1] INFO  server.RaftServerConfigKeys (ConfUtils.java:logGet(43)) - raft.server.log.statemachine.data.sync.timeout = 10s (default)
2019-09-19 04:28:11,395 [pool-170-thread-1] INFO  server.RaftServerConfigKeys (ConfUtils.java:logGet(43)) - raft.server.log.statemachine.data.sync.timeout.retry = -1 (default)
2019-09-19 04:28:11,395 [pool-170-thread-1] INFO  server.RaftServerConfigKeys (ConfUtils.java:logGet(43)) - raft.server.log.statemachine.data.caching.enabled = true (custom)
2019-09-19 04:28:11,396 [pool-170-thread-1] INFO  segmented.SegmentedRaftLogWorker (SegmentedRaftLogWorker.java:lambda$new$0(132)) - bb21d486-410c-4d63-a3eb-a911625626cf-SegmentedRaftLogWorker:Storage Directory /workdir/hadoop-ozone/integration-test/target/test-dir/MiniOzoneClusterImpl-0025b056-fb6b-4693-853a-894456f5f8ea/datanode-4/data/ratis/0a5538de-9135-4af4-8e4f-27a2241642c0: flushIndex: setUnconditionally 0 -> -1
2019-09-19 04:28:11,396 [pool-170-thread-1] INFO  server.RaftServerConfigKeys (ConfUtils.java:logGet(43)) - raft.server.snapshot.auto.trigger.enabled = true (custom)
2019-09-19 04:28:11,396 [pool-170-thread-1] INFO  server.RaftServerConfigKeys (ConfUtils.java:logGet(43)) - raft.server.snapshot.auto.trigger.threshold = 10000 (custom)
2019-09-19 04:28:11,396 [pool-170-thread-1] INFO  server.RaftServerConfigKeys (ConfUtils.java:logGet(43)) - raft.server.retrycache.expirytime = 600000ms (custom)
2019-09-19 04:28:11,396 [pool-170-thread-1] INFO  impl.RaftServerImpl (RaftServerImpl.java:start(180)) - bb21d486-410c-4d63-a3eb-a911625626cf: start group-27A2241642C0
2019-09-19 04:28:11,396 [pool-170-thread-1] INFO  impl.RaftServerImpl (RaftServerImpl.java:setRole(171)) - bb21d486-410c-4d63-a3eb-a911625626cf:group-27A2241642C0 changes role from null to FOLLOWER at term 0 for startAsFollower
2019-09-19 04:28:11,397 [pool-170-thread-1] INFO  impl.RoleInfo (RoleInfo.java:updateAndGet(143)) - bb21d486-410c-4d63-a3eb-a911625626cf: start FollowerState
2019-09-19 04:28:11,397 [pool-170-thread-1] INFO  util.JmxRegister (JmxRegister.java:tryRegister(44)) - Successfully registered JMX Bean with object name Ratis:service=RaftServer,group=group-27A2241642C0,id=bb21d486-410c-4d63-a3eb-a911625626cf
2019-09-19 04:28:11,400 [Command processor thread] INFO  commandhandler.CreatePipelineCommandHandler (CreatePipelineCommandHandler.java:handle(112)) - Create Pipeline RATIS ONE #PipelineID=0a5538de-9135-4af4-8e4f-27a2241642c0 command succeed on datanode bb21d486-410c-4d63-a3eb-a911625626cf.
2019-09-19 04:28:11,405 [grpc-default-executor-4] INFO  impl.RaftServerProxy (RaftServerProxy.java:addNew(89)) - bb21d486-410c-4d63-a3eb-a911625626cf: addNew group-793098847AA3:[646ad8b2-e397-4e74-bda7-a2da429002a8:192.168.34.50:35451, cee6b86e-e629-45c9-9c42-7061c1d64ecd:192.168.34.50:42417, bb21d486-410c-4d63-a3eb-a911625626cf:192.168.34.50:33211] returns group-793098847AA3:java.util.concurrent.CompletableFuture@29ea01cc[Not completed]
2019-09-19 04:28:11,406 [pool-170-thread-1] INFO  impl.RaftServerImpl (RaftServerImpl.java:<init>(93)) - bb21d486-410c-4d63-a3eb-a911625626cf: new RaftServerImpl for group-793098847AA3:[646ad8b2-e397-4e74-bda7-a2da429002a8:192.168.34.50:35451, cee6b86e-e629-45c9-9c42-7061c1d64ecd:192.168.34.50:42417, bb21d486-410c-4d63-a3eb-a911625626cf:192.168.34.50:33211] with ContainerStateMachine:uninitialized
2019-09-19 04:28:11,406 [pool-170-thread-1] INFO  server.RaftServerConfigKeys (ConfUtils.java:logGet(43)) - raft.server.rpc.timeout.min = 5s (custom)
2019-09-19 04:28:11,406 [pool-170-thread-1] INFO  server.RaftServerConfigKeys (ConfUtils.java:logGet(43)) - raft.server.rpc.timeout.max = 5200ms (custom)
2019-09-19 04:28:11,406 [pool-170-thread-1] INFO  server.RaftServerConfigKeys (ConfUtils.java:logGet(43)) - raft.server.rpcslowness.timeout = 120s (custom)
2019-09-19 04:28:11,407 [pool-170-thread-1] INFO  server.RaftServerConfigKeys (ConfUtils.java:logGet(43)) - raft.server.sleep.deviation.threshold = 300 (default)
2019-09-19 04:28:11,407 [pool-170-thread-1] INFO  server.RaftServerConfigKeys (ConfUtils.java:logGet(43)) - raft.server.log.appender.install.snapshot.enabled = false (custom)
2019-09-19 04:28:11,407 [pool-170-thread-1] INFO  impl.RaftServerImpl (ServerState.java:<init>(105)) - bb21d486-410c-4d63-a3eb-a911625626cf:group-793098847AA3 ConfigurationManager, init=-1: [646ad8b2-e397-4e74-bda7-a2da429002a8:192.168.34.50:35451, cee6b86e-e629-45c9-9c42-7061c1d64ecd:192.168.34.50:42417, bb21d486-410c-4d63-a3eb-a911625626cf:192.168.34.50:33211], old=null, confs=<EMPTY_MAP>
2019-09-19 04:28:11,407 [pool-170-thread-1] INFO  server.RaftServerConfigKeys (ConfUtils.java:logGet(43)) - raft.server.storage.dir = [/workdir/hadoop-ozone/integration-test/target/test-dir/MiniOzoneClusterImpl-0025b056-fb6b-4693-853a-894456f5f8ea/datanode-4/data/ratis] (custom)
2019-09-19 04:28:11,407 [pool-170-thread-1] INFO  storage.RaftStorageDirectory (RaftStorageDirectory.java:analyzeStorage(246)) - The storage directory /workdir/hadoop-ozone/integration-test/target/test-dir/MiniOzoneClusterImpl-0025b056-fb6b-4693-853a-894456f5f8ea/datanode-4/data/ratis/0173be8d-8c41-43f2-89c1-793098847aa3 does not exist. Creating ...
2019-09-19 04:28:11,465 [pool-170-thread-1] INFO  storage.RaftStorageDirectory (RaftStorageDirectory.java:tryLock(328)) - Lock on /workdir/hadoop-ozone/integration-test/target/test-dir/MiniOzoneClusterImpl-0025b056-fb6b-4693-853a-894456f5f8ea/datanode-4/data/ratis/0173be8d-8c41-43f2-89c1-793098847aa3/in_use.lock acquired by nodename 24804@pr-hdds-2034-srnhl-2452957315
2019-09-19 04:28:11,480 | INFO  | SCMAudit | user=jenkins1000 | ip=192.168.34.50 | op=SEND_HEARTBEAT {datanodeUUID=cacd8be3-3994-43a0-9248-dc2aa43e6f92, command=[]} | ret=SUCCESS |  
2019-09-19 04:28:11,480 | INFO  | SCMAudit | user=jenkins1000 | ip=192.168.34.50 | op=SEND_HEARTBEAT {datanodeUUID=cee6b86e-e629-45c9-9c42-7061c1d64ecd, command=[]} | ret=SUCCESS |  
2019-09-19 04:28:11,480 [EventQueue-CreatePipelineStatusForSCMPipelineManager] INFO  pipeline.SCMPipelineManager (SCMPipelineManager.java:onMessage(469)) - receive pipeline PipelineID=83f9f975-e2ba-4e7f-ab30-52cd28e9d88b create status EXECUTED
2019-09-19 04:28:11,481 [EventQueue-CreatePipelineStatusForSCMPipelineManager] INFO  pipeline.SCMPipelineManager (SCMPipelineManager.java:onMessage(469)) - receive pipeline PipelineID=5f421397-b236-4d03-a768-ab06c0794217 create status EXECUTED
2019-09-19 04:28:11,481 [EventQueue-CreatePipelineStatusForSCMPipelineManager] INFO  pipeline.PipelineStateManager (PipelineStateManager.java:openPipeline(134)) - Pipeline Pipeline[ Id: 5f421397-b236-4d03-a768-ab06c0794217, Nodes: cacd8be3-3994-43a0-9248-dc2aa43e6f92{ip: 192.168.34.50, host: pr-hdds-2034-srnhl-2452957315, networkLocation: /default-rack, certSerialId: null}, Type:RATIS, Factor:ONE, State:ALLOCATED] moved to OPEN state
add pipeline PipelineID=5f421397-b236-4d03-a768-ab06c0794217 to metrics map
2019-09-19 04:28:11,489 [grpc-default-executor-4] INFO  impl.RaftServerProxy (RaftServerProxy.java:addNew(89)) - cee6b86e-e629-45c9-9c42-7061c1d64ecd: addNew group-911D37771303:[cee6b86e-e629-45c9-9c42-7061c1d64ecd:192.168.34.50:42417] returns group-911D37771303:java.util.concurrent.CompletableFuture@665b427a[Not completed]
2019-09-19 04:28:11,494 [pool-181-thread-1] INFO  impl.RaftServerImpl (RaftServerImpl.java:<init>(93)) - cee6b86e-e629-45c9-9c42-7061c1d64ecd: new RaftServerImpl for group-911D37771303:[cee6b86e-e629-45c9-9c42-7061c1d64ecd:192.168.34.50:42417] with ContainerStateMachine:uninitialized
2019-09-19 04:28:11,494 [pool-181-thread-1] INFO  server.RaftServerConfigKeys (ConfUtils.java:logGet(43)) - raft.server.rpc.timeout.min = 5s (custom)
2019-09-19 04:28:11,494 [pool-181-thread-1] INFO  server.RaftServerConfigKeys (ConfUtils.java:logGet(43)) - raft.server.rpc.timeout.max = 5200ms (custom)
2019-09-19 04:28:11,495 [pool-181-thread-1] INFO  server.RaftServerConfigKeys (ConfUtils.java:logGet(43)) - raft.server.rpcslowness.timeout = 120s (custom)
2019-09-19 04:28:11,495 [pool-181-thread-1] INFO  server.RaftServerConfigKeys (ConfUtils.java:logGet(43)) - raft.server.sleep.deviation.threshold = 300 (default)
2019-09-19 04:28:11,495 [pool-181-thread-1] INFO  server.RaftServerConfigKeys (ConfUtils.java:logGet(43)) - raft.server.log.appender.install.snapshot.enabled = false (custom)
2019-09-19 04:28:11,495 [pool-181-thread-1] INFO  impl.RaftServerImpl (ServerState.java:<init>(105)) - cee6b86e-e629-45c9-9c42-7061c1d64ecd:group-911D37771303 ConfigurationManager, init=-1: [cee6b86e-e629-45c9-9c42-7061c1d64ecd:192.168.34.50:42417], old=null, confs=<EMPTY_MAP>
2019-09-19 04:28:11,495 [pool-181-thread-1] INFO  server.RaftServerConfigKeys (ConfUtils.java:logGet(43)) - raft.server.storage.dir = [/workdir/hadoop-ozone/integration-test/target/test-dir/MiniOzoneClusterImpl-0025b056-fb6b-4693-853a-894456f5f8ea/datanode-5/data/ratis] (custom)
2019-09-19 04:28:11,496 [pool-181-thread-1] INFO  storage.RaftStorageDirectory (RaftStorageDirectory.java:analyzeStorage(246)) - The storage directory /workdir/hadoop-ozone/integration-test/target/test-dir/MiniOzoneClusterImpl-0025b056-fb6b-4693-853a-894456f5f8ea/datanode-5/data/ratis/a25694fb-5566-4b08-80a6-911d37771303 does not exist. Creating ...
2019-09-19 04:28:11,537 [pool-170-thread-1] INFO  storage.RaftStorage (RaftStorage.java:format(72)) - Storage directory /workdir/hadoop-ozone/integration-test/target/test-dir/MiniOzoneClusterImpl-0025b056-fb6b-4693-853a-894456f5f8ea/datanode-4/data/ratis/0173be8d-8c41-43f2-89c1-793098847aa3 has been successfully formatted.
2019-09-19 04:28:11,538 [pool-170-thread-1] INFO  ratis.ContainerStateMachine (ContainerStateMachine.java:loadSnapshot(226)) - group-793098847AA3: The snapshot info is null. Setting the last applied indexto:(t:0, i:~)
2019-09-19 04:28:11,538 [pool-170-thread-1] INFO  server.RaftServerConfigKeys (ConfUtils.java:logGet(43)) - raft.server.leader.election.timeout = 120s (custom)
2019-09-19 04:28:11,538 [pool-170-thread-1] INFO  server.RaftServerConfigKeys (ConfUtils.java:logGet(43)) - raft.server.log.use.memory = false (default)
2019-09-19 04:28:11,538 [pool-170-thread-1] INFO  server.RaftServerConfigKeys (ConfUtils.java:logGet(43)) - raft.server.log.purge.gap = 1000000 (custom)
2019-09-19 04:28:11,538 [pool-170-thread-1] INFO  server.RaftServerConfigKeys (ConfUtils.java:logGet(43)) - raft.server.log.appender.buffer.byte-limit = 33554432 (custom)
2019-09-19 04:28:11,539 [pool-170-thread-1] INFO  server.RaftServerConfigKeys (ConfUtils.java:logGet(43)) - raft.server.log.segment.size.max = 1048576 (custom)
2019-09-19 04:28:11,539 [pool-170-thread-1] INFO  server.RaftServerConfigKeys (ConfUtils.java:logGet(43)) - raft.server.log.segment.cache.num.max = 2 (custom)
2019-09-19 04:28:11,539 [pool-170-thread-1] INFO  segmented.SegmentedRaftLogWorker (SegmentedRaftLogWorker.java:<init>(172)) - new bb21d486-410c-4d63-a3eb-a911625626cf-SegmentedRaftLogWorker:Storage Directory /workdir/hadoop-ozone/integration-test/target/test-dir/MiniOzoneClusterImpl-0025b056-fb6b-4693-853a-894456f5f8ea/datanode-4/data/ratis/0173be8d-8c41-43f2-89c1-793098847aa3 for RaftStorage:Storage Directory /workdir/hadoop-ozone/integration-test/target/test-dir/MiniOzoneClusterImpl-0025b056-fb6b-4693-853a-894456f5f8ea/datanode-4/data/ratis/0173be8d-8c41-43f2-89c1-793098847aa3
2019-09-19 04:28:11,539 [pool-170-thread-1] INFO  server.RaftServerConfigKeys (ConfUtils.java:logGet(43)) - raft.server.log.queue.byte-limit = 2147483647 (custom)
2019-09-19 04:28:11,539 [pool-170-thread-1] INFO  server.RaftServerConfigKeys (ConfUtils.java:logGet(43)) - raft.server.log.queue.element-limit = 1024 (custom)
2019-09-19 04:28:11,539 [pool-170-thread-1] INFO  server.RaftServerConfigKeys (ConfUtils.java:logGet(43)) - raft.server.log.segment.size.max = 1048576 (custom)
2019-09-19 04:28:11,540 [pool-170-thread-1] INFO  server.RaftServerConfigKeys (ConfUtils.java:logGet(43)) - raft.server.log.preallocated.size = 16384 (custom)
2019-09-19 04:28:11,540 [pool-170-thread-1] INFO  server.RaftServerConfigKeys (ConfUtils.java:logGet(43)) - raft.server.log.write.buffer.size = 33554432 (custom)
2019-09-19 04:28:11,540 [pool-170-thread-1] INFO  server.RaftServerConfigKeys (ConfUtils.java:logGet(43)) - raft.server.log.force.sync.num = 128 (default)
2019-09-19 04:28:11,540 [pool-170-thread-1] INFO  server.RaftServerConfigKeys (ConfUtils.java:logGet(43)) - raft.server.log.statemachine.data.sync = true (default)
2019-09-19 04:28:11,540 [pool-170-thread-1] INFO  server.RaftServerConfigKeys (ConfUtils.java:logGet(43)) - raft.server.log.statemachine.data.sync.timeout = 10s (default)
2019-09-19 04:28:11,540 [pool-170-thread-1] INFO  server.RaftServerConfigKeys (ConfUtils.java:logGet(43)) - raft.server.log.statemachine.data.sync.timeout.retry = -1 (default)
2019-09-19 04:28:11,541 [pool-170-thread-1] INFO  server.RaftServerConfigKeys (ConfUtils.java:logGet(43)) - raft.server.log.statemachine.data.caching.enabled = true (custom)
2019-09-19 04:28:11,541 [pool-170-thread-1] INFO  segmented.SegmentedRaftLogWorker (SegmentedRaftLogWorker.java:lambda$new$0(132)) - bb21d486-410c-4d63-a3eb-a911625626cf-SegmentedRaftLogWorker:Storage Directory /workdir/hadoop-ozone/integration-test/target/test-dir/MiniOzoneClusterImpl-0025b056-fb6b-4693-853a-894456f5f8ea/datanode-4/data/ratis/0173be8d-8c41-43f2-89c1-793098847aa3: flushIndex: setUnconditionally 0 -> -1
2019-09-19 04:28:11,541 [pool-170-thread-1] INFO  server.RaftServerConfigKeys (ConfUtils.java:logGet(43)) - raft.server.snapshot.auto.trigger.enabled = true (custom)
2019-09-19 04:28:11,542 [pool-170-thread-1] INFO  server.RaftServerConfigKeys (ConfUtils.java:logGet(43)) - raft.server.snapshot.auto.trigger.threshold = 10000 (custom)
2019-09-19 04:28:11,542 [pool-170-thread-1] INFO  server.RaftServerConfigKeys (ConfUtils.java:logGet(43)) - raft.server.retrycache.expirytime = 600000ms (custom)
2019-09-19 04:28:11,542 [pool-170-thread-1] INFO  impl.RaftServerImpl (RaftServerImpl.java:start(180)) - bb21d486-410c-4d63-a3eb-a911625626cf: start group-793098847AA3
2019-09-19 04:28:11,542 [pool-170-thread-1] INFO  impl.RaftServerImpl (RaftServerImpl.java:setRole(171)) - bb21d486-410c-4d63-a3eb-a911625626cf:group-793098847AA3 changes role from null to FOLLOWER at term 0 for startAsFollower
2019-09-19 04:28:11,542 [pool-170-thread-1] INFO  impl.RoleInfo (RoleInfo.java:updateAndGet(143)) - bb21d486-410c-4d63-a3eb-a911625626cf: start FollowerState
2019-09-19 04:28:11,543 [pool-170-thread-1] INFO  util.JmxRegister (JmxRegister.java:tryRegister(44)) - Successfully registered JMX Bean with object name Ratis:service=RaftServer,group=group-793098847AA3,id=bb21d486-410c-4d63-a3eb-a911625626cf
2019-09-19 04:28:11,544 [pool-181-thread-1] INFO  storage.RaftStorageDirectory (RaftStorageDirectory.java:tryLock(328)) - Lock on /workdir/hadoop-ozone/integration-test/target/test-dir/MiniOzoneClusterImpl-0025b056-fb6b-4693-853a-894456f5f8ea/datanode-5/data/ratis/a25694fb-5566-4b08-80a6-911d37771303/in_use.lock acquired by nodename 24804@pr-hdds-2034-srnhl-2452957315
2019-09-19 04:28:11,545 [Command processor thread] INFO  commandhandler.CreatePipelineCommandHandler (CreatePipelineCommandHandler.java:handle(112)) - Create Pipeline RATIS THREE #PipelineID=0173be8d-8c41-43f2-89c1-793098847aa3 command succeed on datanode bb21d486-410c-4d63-a3eb-a911625626cf.
2019-09-19 04:28:11,577 [pool-181-thread-1] INFO  storage.RaftStorage (RaftStorage.java:format(72)) - Storage directory /workdir/hadoop-ozone/integration-test/target/test-dir/MiniOzoneClusterImpl-0025b056-fb6b-4693-853a-894456f5f8ea/datanode-5/data/ratis/a25694fb-5566-4b08-80a6-911d37771303 has been successfully formatted.
2019-09-19 04:28:11,577 [pool-181-thread-1] INFO  ratis.ContainerStateMachine (ContainerStateMachine.java:loadSnapshot(226)) - group-911D37771303: The snapshot info is null. Setting the last applied indexto:(t:0, i:~)
2019-09-19 04:28:11,577 [pool-181-thread-1] INFO  server.RaftServerConfigKeys (ConfUtils.java:logGet(43)) - raft.server.leader.election.timeout = 120s (custom)
2019-09-19 04:28:11,577 [pool-181-thread-1] INFO  server.RaftServerConfigKeys (ConfUtils.java:logGet(43)) - raft.server.log.use.memory = false (default)
2019-09-19 04:28:11,578 [pool-181-thread-1] INFO  server.RaftServerConfigKeys (ConfUtils.java:logGet(43)) - raft.server.log.purge.gap = 1000000 (custom)
2019-09-19 04:28:11,578 [pool-181-thread-1] INFO  server.RaftServerConfigKeys (ConfUtils.java:logGet(43)) - raft.server.log.appender.buffer.byte-limit = 33554432 (custom)
2019-09-19 04:28:11,578 [pool-181-thread-1] INFO  server.RaftServerConfigKeys (ConfUtils.java:logGet(43)) - raft.server.log.segment.size.max = 1048576 (custom)
2019-09-19 04:28:11,578 [pool-181-thread-1] INFO  server.RaftServerConfigKeys (ConfUtils.java:logGet(43)) - raft.server.log.segment.cache.num.max = 2 (custom)
2019-09-19 04:28:11,578 [pool-181-thread-1] INFO  segmented.SegmentedRaftLogWorker (SegmentedRaftLogWorker.java:<init>(172)) - new cee6b86e-e629-45c9-9c42-7061c1d64ecd-SegmentedRaftLogWorker:Storage Directory /workdir/hadoop-ozone/integration-test/target/test-dir/MiniOzoneClusterImpl-0025b056-fb6b-4693-853a-894456f5f8ea/datanode-5/data/ratis/a25694fb-5566-4b08-80a6-911d37771303 for RaftStorage:Storage Directory /workdir/hadoop-ozone/integration-test/target/test-dir/MiniOzoneClusterImpl-0025b056-fb6b-4693-853a-894456f5f8ea/datanode-5/data/ratis/a25694fb-5566-4b08-80a6-911d37771303
2019-09-19 04:28:11,579 [pool-181-thread-1] INFO  server.RaftServerConfigKeys (ConfUtils.java:logGet(43)) - raft.server.log.queue.byte-limit = 2147483647 (custom)
2019-09-19 04:28:11,579 [pool-181-thread-1] INFO  server.RaftServerConfigKeys (ConfUtils.java:logGet(43)) - raft.server.log.queue.element-limit = 1024 (custom)
2019-09-19 04:28:11,579 [pool-181-thread-1] INFO  server.RaftServerConfigKeys (ConfUtils.java:logGet(43)) - raft.server.log.segment.size.max = 1048576 (custom)
2019-09-19 04:28:11,579 [pool-181-thread-1] INFO  server.RaftServerConfigKeys (ConfUtils.java:logGet(43)) - raft.server.log.preallocated.size = 16384 (custom)
2019-09-19 04:28:11,580 [pool-181-thread-1] INFO  server.RaftServerConfigKeys (ConfUtils.java:logGet(43)) - raft.server.log.write.buffer.size = 33554432 (custom)
2019-09-19 04:28:11,580 [pool-181-thread-1] INFO  server.RaftServerConfigKeys (ConfUtils.java:logGet(43)) - raft.server.log.force.sync.num = 128 (default)
2019-09-19 04:28:11,580 [pool-181-thread-1] INFO  server.RaftServerConfigKeys (ConfUtils.java:logGet(43)) - raft.server.log.statemachine.data.sync = true (default)
2019-09-19 04:28:11,580 [pool-181-thread-1] INFO  server.RaftServerConfigKeys (ConfUtils.java:logGet(43)) - raft.server.log.statemachine.data.sync.timeout = 10s (default)
2019-09-19 04:28:11,580 [pool-181-thread-1] INFO  server.RaftServerConfigKeys (ConfUtils.java:logGet(43)) - raft.server.log.statemachine.data.sync.timeout.retry = -1 (default)
2019-09-19 04:28:11,581 [pool-181-thread-1] INFO  server.RaftServerConfigKeys (ConfUtils.java:logGet(43)) - raft.server.log.statemachine.data.caching.enabled = true (custom)
2019-09-19 04:28:11,581 [pool-181-thread-1] INFO  segmented.SegmentedRaftLogWorker (SegmentedRaftLogWorker.java:lambda$new$0(132)) - cee6b86e-e629-45c9-9c42-7061c1d64ecd-SegmentedRaftLogWorker:Storage Directory /workdir/hadoop-ozone/integration-test/target/test-dir/MiniOzoneClusterImpl-0025b056-fb6b-4693-853a-894456f5f8ea/datanode-5/data/ratis/a25694fb-5566-4b08-80a6-911d37771303: flushIndex: setUnconditionally 0 -> -1
2019-09-19 04:28:11,582 [pool-181-thread-1] INFO  server.RaftServerConfigKeys (ConfUtils.java:logGet(43)) - raft.server.snapshot.auto.trigger.enabled = true (custom)
2019-09-19 04:28:11,582 [pool-181-thread-1] INFO  server.RaftServerConfigKeys (ConfUtils.java:logGet(43)) - raft.server.snapshot.auto.trigger.threshold = 10000 (custom)
2019-09-19 04:28:11,582 [pool-181-thread-1] INFO  server.RaftServerConfigKeys (ConfUtils.java:logGet(43)) - raft.server.retrycache.expirytime = 600000ms (custom)
2019-09-19 04:28:11,582 [pool-181-thread-1] INFO  impl.RaftServerImpl (RaftServerImpl.java:start(180)) - cee6b86e-e629-45c9-9c42-7061c1d64ecd: start group-911D37771303
2019-09-19 04:28:11,582 [pool-181-thread-1] INFO  impl.RaftServerImpl (RaftServerImpl.java:setRole(171)) - cee6b86e-e629-45c9-9c42-7061c1d64ecd:group-911D37771303 changes role from null to FOLLOWER at term 0 for startAsFollower
2019-09-19 04:28:11,583 [pool-181-thread-1] INFO  impl.RoleInfo (RoleInfo.java:updateAndGet(143)) - cee6b86e-e629-45c9-9c42-7061c1d64ecd: start FollowerState
2019-09-19 04:28:11,583 [pool-181-thread-1] INFO  util.JmxRegister (JmxRegister.java:tryRegister(44)) - Successfully registered JMX Bean with object name Ratis:service=RaftServer,group=group-911D37771303,id=cee6b86e-e629-45c9-9c42-7061c1d64ecd
2019-09-19 04:28:11,585 [Command processor thread] INFO  commandhandler.CreatePipelineCommandHandler (CreatePipelineCommandHandler.java:handle(112)) - Create Pipeline RATIS ONE #PipelineID=a25694fb-5566-4b08-80a6-911d37771303 command succeed on datanode cee6b86e-e629-45c9-9c42-7061c1d64ecd.
2019-09-19 04:28:11,591 [grpc-default-executor-4] INFO  impl.RaftServerProxy (RaftServerProxy.java:addNew(89)) - cee6b86e-e629-45c9-9c42-7061c1d64ecd: addNew group-793098847AA3:[646ad8b2-e397-4e74-bda7-a2da429002a8:192.168.34.50:35451, cee6b86e-e629-45c9-9c42-7061c1d64ecd:192.168.34.50:42417, bb21d486-410c-4d63-a3eb-a911625626cf:192.168.34.50:33211] returns group-793098847AA3:java.util.concurrent.CompletableFuture@344c1e8[Not completed]
2019-09-19 04:28:11,593 [pool-181-thread-1] INFO  impl.RaftServerImpl (RaftServerImpl.java:<init>(93)) - cee6b86e-e629-45c9-9c42-7061c1d64ecd: new RaftServerImpl for group-793098847AA3:[646ad8b2-e397-4e74-bda7-a2da429002a8:192.168.34.50:35451, cee6b86e-e629-45c9-9c42-7061c1d64ecd:192.168.34.50:42417, bb21d486-410c-4d63-a3eb-a911625626cf:192.168.34.50:33211] with ContainerStateMachine:uninitialized
2019-09-19 04:28:11,593 [pool-181-thread-1] INFO  server.RaftServerConfigKeys (ConfUtils.java:logGet(43)) - raft.server.rpc.timeout.min = 5s (custom)
2019-09-19 04:28:11,593 [pool-181-thread-1] INFO  server.RaftServerConfigKeys (ConfUtils.java:logGet(43)) - raft.server.rpc.timeout.max = 5200ms (custom)
2019-09-19 04:28:11,593 [pool-181-thread-1] INFO  server.RaftServerConfigKeys (ConfUtils.java:logGet(43)) - raft.server.rpcslowness.timeout = 120s (custom)
2019-09-19 04:28:11,594 [pool-181-thread-1] INFO  server.RaftServerConfigKeys (ConfUtils.java:logGet(43)) - raft.server.sleep.deviation.threshold = 300 (default)
2019-09-19 04:28:11,594 [pool-181-thread-1] INFO  server.RaftServerConfigKeys (ConfUtils.java:logGet(43)) - raft.server.log.appender.install.snapshot.enabled = false (custom)
2019-09-19 04:28:11,594 [pool-181-thread-1] INFO  impl.RaftServerImpl (ServerState.java:<init>(105)) - cee6b86e-e629-45c9-9c42-7061c1d64ecd:group-793098847AA3 ConfigurationManager, init=-1: [646ad8b2-e397-4e74-bda7-a2da429002a8:192.168.34.50:35451, cee6b86e-e629-45c9-9c42-7061c1d64ecd:192.168.34.50:42417, bb21d486-410c-4d63-a3eb-a911625626cf:192.168.34.50:33211], old=null, confs=<EMPTY_MAP>
2019-09-19 04:28:11,594 [pool-181-thread-1] INFO  server.RaftServerConfigKeys (ConfUtils.java:logGet(43)) - raft.server.storage.dir = [/workdir/hadoop-ozone/integration-test/target/test-dir/MiniOzoneClusterImpl-0025b056-fb6b-4693-853a-894456f5f8ea/datanode-5/data/ratis] (custom)
2019-09-19 04:28:11,594 [pool-181-thread-1] INFO  storage.RaftStorageDirectory (RaftStorageDirectory.java:analyzeStorage(246)) - The storage directory /workdir/hadoop-ozone/integration-test/target/test-dir/MiniOzoneClusterImpl-0025b056-fb6b-4693-853a-894456f5f8ea/datanode-5/data/ratis/0173be8d-8c41-43f2-89c1-793098847aa3 does not exist. Creating ...
2019-09-19 04:28:11,626 [pool-181-thread-1] INFO  storage.RaftStorageDirectory (RaftStorageDirectory.java:tryLock(328)) - Lock on /workdir/hadoop-ozone/integration-test/target/test-dir/MiniOzoneClusterImpl-0025b056-fb6b-4693-853a-894456f5f8ea/datanode-5/data/ratis/0173be8d-8c41-43f2-89c1-793098847aa3/in_use.lock acquired by nodename 24804@pr-hdds-2034-srnhl-2452957315
2019-09-19 04:28:11,657 [pool-181-thread-1] INFO  storage.RaftStorage (RaftStorage.java:format(72)) - Storage directory /workdir/hadoop-ozone/integration-test/target/test-dir/MiniOzoneClusterImpl-0025b056-fb6b-4693-853a-894456f5f8ea/datanode-5/data/ratis/0173be8d-8c41-43f2-89c1-793098847aa3 has been successfully formatted.
2019-09-19 04:28:11,658 [pool-181-thread-1] INFO  ratis.ContainerStateMachine (ContainerStateMachine.java:loadSnapshot(226)) - group-793098847AA3: The snapshot info is null. Setting the last applied indexto:(t:0, i:~)
2019-09-19 04:28:11,658 [pool-181-thread-1] INFO  server.RaftServerConfigKeys (ConfUtils.java:logGet(43)) - raft.server.leader.election.timeout = 120s (custom)
2019-09-19 04:28:11,658 [pool-181-thread-1] INFO  server.RaftServerConfigKeys (ConfUtils.java:logGet(43)) - raft.server.log.use.memory = false (default)
2019-09-19 04:28:11,658 [pool-181-thread-1] INFO  server.RaftServerConfigKeys (ConfUtils.java:logGet(43)) - raft.server.log.purge.gap = 1000000 (custom)
2019-09-19 04:28:11,658 [pool-181-thread-1] INFO  server.RaftServerConfigKeys (ConfUtils.java:logGet(43)) - raft.server.log.appender.buffer.byte-limit = 33554432 (custom)
2019-09-19 04:28:11,659 [pool-181-thread-1] INFO  server.RaftServerConfigKeys (ConfUtils.java:logGet(43)) - raft.server.log.segment.size.max = 1048576 (custom)
2019-09-19 04:28:11,659 [pool-181-thread-1] INFO  server.RaftServerConfigKeys (ConfUtils.java:logGet(43)) - raft.server.log.segment.cache.num.max = 2 (custom)
2019-09-19 04:28:11,659 [pool-181-thread-1] INFO  segmented.SegmentedRaftLogWorker (SegmentedRaftLogWorker.java:<init>(172)) - new cee6b86e-e629-45c9-9c42-7061c1d64ecd-SegmentedRaftLogWorker:Storage Directory /workdir/hadoop-ozone/integration-test/target/test-dir/MiniOzoneClusterImpl-0025b056-fb6b-4693-853a-894456f5f8ea/datanode-5/data/ratis/0173be8d-8c41-43f2-89c1-793098847aa3 for RaftStorage:Storage Directory /workdir/hadoop-ozone/integration-test/target/test-dir/MiniOzoneClusterImpl-0025b056-fb6b-4693-853a-894456f5f8ea/datanode-5/data/ratis/0173be8d-8c41-43f2-89c1-793098847aa3
2019-09-19 04:28:11,659 [pool-181-thread-1] INFO  server.RaftServerConfigKeys (ConfUtils.java:logGet(43)) - raft.server.log.queue.byte-limit = 2147483647 (custom)
2019-09-19 04:28:11,659 [pool-181-thread-1] INFO  server.RaftServerConfigKeys (ConfUtils.java:logGet(43)) - raft.server.log.queue.element-limit = 1024 (custom)
2019-09-19 04:28:11,660 [pool-181-thread-1] INFO  server.RaftServerConfigKeys (ConfUtils.java:logGet(43)) - raft.server.log.segment.size.max = 1048576 (custom)
2019-09-19 04:28:11,660 [pool-181-thread-1] INFO  server.RaftServerConfigKeys (ConfUtils.java:logGet(43)) - raft.server.log.preallocated.size = 16384 (custom)
2019-09-19 04:28:11,660 [pool-181-thread-1] INFO  server.RaftServerConfigKeys (ConfUtils.java:logGet(43)) - raft.server.log.write.buffer.size = 33554432 (custom)
2019-09-19 04:28:11,660 [pool-181-thread-1] INFO  server.RaftServerConfigKeys (ConfUtils.java:logGet(43)) - raft.server.log.force.sync.num = 128 (default)
2019-09-19 04:28:11,660 [pool-181-thread-1] INFO  server.RaftServerConfigKeys (ConfUtils.java:logGet(43)) - raft.server.log.statemachine.data.sync = true (default)
2019-09-19 04:28:11,660 [pool-181-thread-1] INFO  server.RaftServerConfigKeys (ConfUtils.java:logGet(43)) - raft.server.log.statemachine.data.sync.timeout = 10s (default)
2019-09-19 04:28:11,661 [pool-181-thread-1] INFO  server.RaftServerConfigKeys (ConfUtils.java:logGet(43)) - raft.server.log.statemachine.data.sync.timeout.retry = -1 (default)
2019-09-19 04:28:11,661 [pool-181-thread-1] INFO  server.RaftServerConfigKeys (ConfUtils.java:logGet(43)) - raft.server.log.statemachine.data.caching.enabled = true (custom)
2019-09-19 04:28:11,661 [pool-181-thread-1] INFO  segmented.SegmentedRaftLogWorker (SegmentedRaftLogWorker.java:lambda$new$0(132)) - cee6b86e-e629-45c9-9c42-7061c1d64ecd-SegmentedRaftLogWorker:Storage Directory /workdir/hadoop-ozone/integration-test/target/test-dir/MiniOzoneClusterImpl-0025b056-fb6b-4693-853a-894456f5f8ea/datanode-5/data/ratis/0173be8d-8c41-43f2-89c1-793098847aa3: flushIndex: setUnconditionally 0 -> -1
2019-09-19 04:28:11,662 [pool-181-thread-1] INFO  server.RaftServerConfigKeys (ConfUtils.java:logGet(43)) - raft.server.snapshot.auto.trigger.enabled = true (custom)
2019-09-19 04:28:11,662 [pool-181-thread-1] INFO  server.RaftServerConfigKeys (ConfUtils.java:logGet(43)) - raft.server.snapshot.auto.trigger.threshold = 10000 (custom)
2019-09-19 04:28:11,662 [pool-181-thread-1] INFO  server.RaftServerConfigKeys (ConfUtils.java:logGet(43)) - raft.server.retrycache.expirytime = 600000ms (custom)
2019-09-19 04:28:11,662 [pool-181-thread-1] INFO  impl.RaftServerImpl (RaftServerImpl.java:start(180)) - cee6b86e-e629-45c9-9c42-7061c1d64ecd: start group-793098847AA3
2019-09-19 04:28:11,662 [pool-181-thread-1] INFO  impl.RaftServerImpl (RaftServerImpl.java:setRole(171)) - cee6b86e-e629-45c9-9c42-7061c1d64ecd:group-793098847AA3 changes role from null to FOLLOWER at term 0 for startAsFollower
2019-09-19 04:28:11,662 [pool-181-thread-1] INFO  impl.RoleInfo (RoleInfo.java:updateAndGet(143)) - cee6b86e-e629-45c9-9c42-7061c1d64ecd: start FollowerState
2019-09-19 04:28:11,663 [pool-181-thread-1] INFO  util.JmxRegister (JmxRegister.java:tryRegister(44)) - Successfully registered JMX Bean with object name Ratis:service=RaftServer,group=group-793098847AA3,id=cee6b86e-e629-45c9-9c42-7061c1d64ecd
2019-09-19 04:28:11,665 [Command processor thread] INFO  commandhandler.CreatePipelineCommandHandler (CreatePipelineCommandHandler.java:handle(112)) - Create Pipeline RATIS THREE #PipelineID=0173be8d-8c41-43f2-89c1-793098847aa3 command succeed on datanode cee6b86e-e629-45c9-9c42-7061c1d64ecd.
2019-09-19 04:28:11,715 | INFO  | SCMAudit | user=jenkins1000 | ip=192.168.34.50 | op=SEND_HEARTBEAT {datanodeUUID=d267f1ee-b840-49aa-88d3-6d319dcb89fa, command=[]} | ret=SUCCESS |  
2019-09-19 04:28:11,719 [main] INFO  ozone.MiniOzoneClusterImpl (MiniOzoneClusterImpl.java:lambda$waitForClusterToBeReady$0(145)) - Nodes are ready. Got 7 of 7 DN Heartbeats.
2019-09-19 04:28:11,720 [main] INFO  ozone.MiniOzoneClusterImpl (MiniOzoneClusterImpl.java:lambda$waitForClusterToBeReady$0(148)) - Cluster exits safe mode
2019-09-19 04:28:11,724 [grpc-default-executor-4] INFO  impl.RaftServerProxy (RaftServerProxy.java:addNew(89)) - d267f1ee-b840-49aa-88d3-6d319dcb89fa: addNew group-793ED494825F:[d267f1ee-b840-49aa-88d3-6d319dcb89fa:192.168.34.50:38921] returns group-793ED494825F:java.util.concurrent.CompletableFuture@7809cd9d[Not completed]
2019-09-19 04:28:11,730 [pool-192-thread-1] INFO  impl.RaftServerImpl (RaftServerImpl.java:<init>(93)) - d267f1ee-b840-49aa-88d3-6d319dcb89fa: new RaftServerImpl for group-793ED494825F:[d267f1ee-b840-49aa-88d3-6d319dcb89fa:192.168.34.50:38921] with ContainerStateMachine:uninitialized
2019-09-19 04:28:11,730 [pool-192-thread-1] INFO  server.RaftServerConfigKeys (ConfUtils.java:logGet(43)) - raft.server.rpc.timeout.min = 5s (custom)
2019-09-19 04:28:11,731 [pool-192-thread-1] INFO  server.RaftServerConfigKeys (ConfUtils.java:logGet(43)) - raft.server.rpc.timeout.max = 5200ms (custom)
2019-09-19 04:28:11,735 [pool-192-thread-1] INFO  server.RaftServerConfigKeys (ConfUtils.java:logGet(43)) - raft.server.rpcslowness.timeout = 120s (custom)
2019-09-19 04:28:11,735 [pool-192-thread-1] INFO  server.RaftServerConfigKeys (ConfUtils.java:logGet(43)) - raft.server.sleep.deviation.threshold = 300 (default)
2019-09-19 04:28:11,735 [pool-192-thread-1] INFO  server.RaftServerConfigKeys (ConfUtils.java:logGet(43)) - raft.server.log.appender.install.snapshot.enabled = false (custom)
2019-09-19 04:28:11,735 [pool-192-thread-1] INFO  impl.RaftServerImpl (ServerState.java:<init>(105)) - d267f1ee-b840-49aa-88d3-6d319dcb89fa:group-793ED494825F ConfigurationManager, init=-1: [d267f1ee-b840-49aa-88d3-6d319dcb89fa:192.168.34.50:38921], old=null, confs=<EMPTY_MAP>
2019-09-19 04:28:11,735 [pool-192-thread-1] INFO  server.RaftServerConfigKeys (ConfUtils.java:logGet(43)) - raft.server.storage.dir = [/workdir/hadoop-ozone/integration-test/target/test-dir/MiniOzoneClusterImpl-0025b056-fb6b-4693-853a-894456f5f8ea/datanode-6/data/ratis] (custom)
2019-09-19 04:28:11,736 [pool-192-thread-1] INFO  storage.RaftStorageDirectory (RaftStorageDirectory.java:analyzeStorage(246)) - The storage directory /workdir/hadoop-ozone/integration-test/target/test-dir/MiniOzoneClusterImpl-0025b056-fb6b-4693-853a-894456f5f8ea/datanode-6/data/ratis/c579390f-dcb6-4207-82b2-793ed494825f does not exist. Creating ...
2019-09-19 04:28:11,761 [main] INFO  rpc.RpcClient (RpcClient.java:createVolume(293)) - Creating Volume: testblockoutputstreamwithretries, with jenkins1000 as owner.
2019-09-19 04:28:11,763 | INFO  | OMAudit | user=jenkins1000 | ip=127.0.0.1 | op=CREATE_VOLUME {admin=jenkins1000, owner=jenkins1000, volume=testblockoutputstreamwithretries, creationTime=1568867291763, quotaInBytes=1152921504606846976} | ret=SUCCESS |  
2019-09-19 04:28:11,773 | INFO  | OMAudit | user=jenkins1000 | ip=127.0.0.1 | op=READ_VOLUME {volume=testblockoutputstreamwithretries} | ret=SUCCESS |  
2019-09-19 04:28:11,774 [main] INFO  rpc.RpcClient (RpcClient.java:createBucket(432)) - Creating Bucket: testblockoutputstreamwithretries/testblockoutputstreamwithretries, with Versioning false and Storage Type set to DISK and Encryption set to false 
2019-09-19 04:28:11,778 | INFO  | OMAudit | user=jenkins1000 | ip=127.0.0.1 | op=CREATE_BUCKET {volume=testblockoutputstreamwithretries, bucket=testblockoutputstreamwithretries, acls=[user:jenkins1000:a[ACCESS], group:default:a[ACCESS]], isVersionEnabled=false, storageType=DISK, creationTime=0} | ret=SUCCESS |  
2019-09-19 04:28:11,780 [pool-192-thread-1] INFO  storage.RaftStorageDirectory (RaftStorageDirectory.java:tryLock(328)) - Lock on /workdir/hadoop-ozone/integration-test/target/test-dir/MiniOzoneClusterImpl-0025b056-fb6b-4693-853a-894456f5f8ea/datanode-6/data/ratis/c579390f-dcb6-4207-82b2-793ed494825f/in_use.lock acquired by nodename 24804@pr-hdds-2034-srnhl-2452957315
2019-09-19 04:28:11,780 | INFO  | OMAudit | user=jenkins1000 | ip=127.0.0.1 | op=READ_VOLUME {volume=testblockoutputstreamwithretries} | ret=SUCCESS |  
2019-09-19 04:28:11,782 | INFO  | OMAudit | user=jenkins1000 | ip=127.0.0.1 | op=READ_BUCKET {volume=testblockoutputstreamwithretries, bucket=testblockoutputstreamwithretries} | ret=SUCCESS |  
2019-09-19 04:28:11,795 | INFO  | SCMAudit | user=jenkins1000 | ip=192.168.34.50 | op=ALLOCATE_BLOCK {owner=2a7c498c-d17e-4d59-a1d9-f6d1e77ba011, size=800, type=RATIS, factor=THREE} | ret=SUCCESS |  
2019-09-19 04:28:11,797 | INFO  | OMAudit | user=jenkins1000 | ip=127.0.0.1 | op=ALLOCATE_KEY {volume=testblockoutputstreamwithretries, bucket=testblockoutputstreamwithretries, key=c67a7cd2-c931-4085-bd68-c42bf356d459, dataSize=3200, replicationType=RATIS, replicationFactor=THREE, keyLocationInfo=null} | ret=SUCCESS |  
2019-09-19 04:28:11,798 [pool-192-thread-1] INFO  storage.RaftStorage (RaftStorage.java:format(72)) - Storage directory /workdir/hadoop-ozone/integration-test/target/test-dir/MiniOzoneClusterImpl-0025b056-fb6b-4693-853a-894456f5f8ea/datanode-6/data/ratis/c579390f-dcb6-4207-82b2-793ed494825f has been successfully formatted.
2019-09-19 04:28:11,799 [pool-192-thread-1] INFO  ratis.ContainerStateMachine (ContainerStateMachine.java:loadSnapshot(226)) - group-793ED494825F: The snapshot info is null. Setting the last applied indexto:(t:0, i:~)
2019-09-19 04:28:11,799 [pool-192-thread-1] INFO  server.RaftServerConfigKeys (ConfUtils.java:logGet(43)) - raft.server.leader.election.timeout = 120s (custom)
2019-09-19 04:28:11,799 [pool-192-thread-1] INFO  server.RaftServerConfigKeys (ConfUtils.java:logGet(43)) - raft.server.log.use.memory = false (default)
2019-09-19 04:28:11,799 [pool-192-thread-1] INFO  server.RaftServerConfigKeys (ConfUtils.java:logGet(43)) - raft.server.log.purge.gap = 1000000 (custom)
2019-09-19 04:28:11,799 [pool-192-thread-1] INFO  server.RaftServerConfigKeys (ConfUtils.java:logGet(43)) - raft.server.log.appender.buffer.byte-limit = 33554432 (custom)
2019-09-19 04:28:11,799 [pool-192-thread-1] INFO  server.RaftServerConfigKeys (ConfUtils.java:logGet(43)) - raft.server.log.segment.size.max = 1048576 (custom)
2019-09-19 04:28:11,799 [pool-192-thread-1] INFO  server.RaftServerConfigKeys (ConfUtils.java:logGet(43)) - raft.server.log.segment.cache.num.max = 2 (custom)
2019-09-19 04:28:11,800 [pool-192-thread-1] INFO  segmented.SegmentedRaftLogWorker (SegmentedRaftLogWorker.java:<init>(172)) - new d267f1ee-b840-49aa-88d3-6d319dcb89fa-SegmentedRaftLogWorker:Storage Directory /workdir/hadoop-ozone/integration-test/target/test-dir/MiniOzoneClusterImpl-0025b056-fb6b-4693-853a-894456f5f8ea/datanode-6/data/ratis/c579390f-dcb6-4207-82b2-793ed494825f for RaftStorage:Storage Directory /workdir/hadoop-ozone/integration-test/target/test-dir/MiniOzoneClusterImpl-0025b056-fb6b-4693-853a-894456f5f8ea/datanode-6/data/ratis/c579390f-dcb6-4207-82b2-793ed494825f
2019-09-19 04:28:11,800 [pool-192-thread-1] INFO  server.RaftServerConfigKeys (ConfUtils.java:logGet(43)) - raft.server.log.queue.byte-limit = 2147483647 (custom)
2019-09-19 04:28:11,800 [pool-192-thread-1] INFO  server.RaftServerConfigKeys (ConfUtils.java:logGet(43)) - raft.server.log.queue.element-limit = 1024 (custom)
2019-09-19 04:28:11,800 [pool-192-thread-1] INFO  server.RaftServerConfigKeys (ConfUtils.java:logGet(43)) - raft.server.log.segment.size.max = 1048576 (custom)
2019-09-19 04:28:11,800 [pool-192-thread-1] INFO  server.RaftServerConfigKeys (ConfUtils.java:logGet(43)) - raft.server.log.preallocated.size = 16384 (custom)
2019-09-19 04:28:11,800 [pool-192-thread-1] INFO  server.RaftServerConfigKeys (ConfUtils.java:logGet(43)) - raft.server.log.write.buffer.size = 33554432 (custom)
2019-09-19 04:28:11,800 [pool-192-thread-1] INFO  server.RaftServerConfigKeys (ConfUtils.java:logGet(43)) - raft.server.log.force.sync.num = 128 (default)
2019-09-19 04:28:11,800 [pool-192-thread-1] INFO  server.RaftServerConfigKeys (ConfUtils.java:logGet(43)) - raft.server.log.statemachine.data.sync = true (default)
2019-09-19 04:28:11,801 [pool-192-thread-1] INFO  server.RaftServerConfigKeys (ConfUtils.java:logGet(43)) - raft.server.log.statemachine.data.sync.timeout = 10s (default)
2019-09-19 04:28:11,801 [pool-192-thread-1] INFO  server.RaftServerConfigKeys (ConfUtils.java:logGet(43)) - raft.server.log.statemachine.data.sync.timeout.retry = -1 (default)
2019-09-19 04:28:11,801 [pool-192-thread-1] INFO  server.RaftServerConfigKeys (ConfUtils.java:logGet(43)) - raft.server.log.statemachine.data.caching.enabled = true (custom)
2019-09-19 04:28:11,801 [pool-192-thread-1] INFO  segmented.SegmentedRaftLogWorker (SegmentedRaftLogWorker.java:lambda$new$0(132)) - d267f1ee-b840-49aa-88d3-6d319dcb89fa-SegmentedRaftLogWorker:Storage Directory /workdir/hadoop-ozone/integration-test/target/test-dir/MiniOzoneClusterImpl-0025b056-fb6b-4693-853a-894456f5f8ea/datanode-6/data/ratis/c579390f-dcb6-4207-82b2-793ed494825f: flushIndex: setUnconditionally 0 -> -1
2019-09-19 04:28:11,801 [pool-192-thread-1] INFO  server.RaftServerConfigKeys (ConfUtils.java:logGet(43)) - raft.server.snapshot.auto.trigger.enabled = true (custom)
2019-09-19 04:28:11,802 [pool-192-thread-1] INFO  server.RaftServerConfigKeys (ConfUtils.java:logGet(43)) - raft.server.snapshot.auto.trigger.threshold = 10000 (custom)
2019-09-19 04:28:11,802 [pool-192-thread-1] INFO  server.RaftServerConfigKeys (ConfUtils.java:logGet(43)) - raft.server.retrycache.expirytime = 600000ms (custom)
2019-09-19 04:28:11,802 [pool-192-thread-1] INFO  impl.RaftServerImpl (RaftServerImpl.java:start(180)) - d267f1ee-b840-49aa-88d3-6d319dcb89fa: start group-793ED494825F
2019-09-19 04:28:11,802 [pool-192-thread-1] INFO  impl.RaftServerImpl (RaftServerImpl.java:setRole(171)) - d267f1ee-b840-49aa-88d3-6d319dcb89fa:group-793ED494825F changes role from null to FOLLOWER at term 0 for startAsFollower
2019-09-19 04:28:11,802 [pool-192-thread-1] INFO  impl.RoleInfo (RoleInfo.java:updateAndGet(143)) - d267f1ee-b840-49aa-88d3-6d319dcb89fa: start FollowerState
2019-09-19 04:28:11,802 [pool-192-thread-1] INFO  util.JmxRegister (JmxRegister.java:tryRegister(44)) - Successfully registered JMX Bean with object name Ratis:service=RaftServer,group=group-793ED494825F,id=d267f1ee-b840-49aa-88d3-6d319dcb89fa
2019-09-19 04:28:11,807 [Command processor thread] INFO  commandhandler.CreatePipelineCommandHandler (CreatePipelineCommandHandler.java:handle(112)) - Create Pipeline RATIS ONE #PipelineID=c579390f-dcb6-4207-82b2-793ed494825f command succeed on datanode d267f1ee-b840-49aa-88d3-6d319dcb89fa.
2019-09-19 04:28:11,815 [grpc-default-executor-4] INFO  client.GrpcClientProtocolClient (GrpcClientProtocolClient.java:onNext(255)) - client-8D3BBA1B251F->d40cfe62-fc21-48bd-841c-37c3da2319ca: receive RaftClientReply:client-8D3BBA1B251F->d40cfe62-fc21-48bd-841c-37c3da2319ca@group-52CD28E9D88B, cid=42, FAILED org.apache.ratis.protocol.NotLeaderException: Server d40cfe62-fc21-48bd-841c-37c3da2319ca is not the leader (null). Request must be sent to leader., logIndex=0, commits[d40cfe62-fc21-48bd-841c-37c3da2319ca:c-1]
2019-09-19 04:28:11,998 | INFO  | SCMAudit | user=jenkins1000 | ip=192.168.34.50 | op=SEND_HEARTBEAT {datanodeUUID=646ad8b2-e397-4e74-bda7-a2da429002a8, command=[]} | ret=SUCCESS |  
2019-09-19 04:28:11,998 | INFO  | SCMAudit | user=jenkins1000 | ip=192.168.34.50 | op=SEND_HEARTBEAT {datanodeUUID=fc0f8f3b-538d-481e-abe0-204925d4ee8f, command=[]} | ret=SUCCESS |  
2019-09-19 04:28:11,998 [EventQueue-CreatePipelineStatusForSCMPipelineManager] INFO  pipeline.SCMPipelineManager (SCMPipelineManager.java:onMessage(469)) - receive pipeline PipelineID=6824a864-7da5-49dc-bbb4-70de390345e3 create status EXECUTED
2019-09-19 04:28:11,999 [EventQueue-CreatePipelineStatusForSCMPipelineManager] INFO  pipeline.PipelineStateManager (PipelineStateManager.java:openPipeline(134)) - Pipeline Pipeline[ Id: 6824a864-7da5-49dc-bbb4-70de390345e3, Nodes: fc0f8f3b-538d-481e-abe0-204925d4ee8f{ip: 192.168.34.50, host: pr-hdds-2034-srnhl-2452957315, networkLocation: /default-rack, certSerialId: null}, Type:RATIS, Factor:ONE, State:ALLOCATED] moved to OPEN state
add pipeline PipelineID=6824a864-7da5-49dc-bbb4-70de390345e3 to metrics map
2019-09-19 04:28:11,999 [EventQueue-CreatePipelineStatusForSCMPipelineManager] INFO  pipeline.SCMPipelineManager (SCMPipelineManager.java:onMessage(469)) - receive pipeline PipelineID=83f9f975-e2ba-4e7f-ab30-52cd28e9d88b create status EXECUTED
add pipeline PipelineID=83f9f975-e2ba-4e7f-ab30-52cd28e9d88b to metrics map
2019-09-19 04:28:12,212 | INFO  | SCMAudit | user=jenkins1000 | ip=192.168.34.50 | op=SEND_HEARTBEAT {datanodeUUID=bb21d486-410c-4d63-a3eb-a911625626cf, command=[]} | ret=SUCCESS |  
2019-09-19 04:28:12,212 [EventQueue-CreatePipelineStatusForSCMPipelineManager] INFO  pipeline.SCMPipelineManager (SCMPipelineManager.java:onMessage(469)) - receive pipeline PipelineID=0173be8d-8c41-43f2-89c1-793098847aa3 create status EXECUTED
2019-09-19 04:28:12,213 [EventQueue-CreatePipelineStatusForSCMPipelineManager] INFO  pipeline.PipelineStateManager (PipelineStateManager.java:openPipeline(134)) - Pipeline Pipeline[ Id: 0173be8d-8c41-43f2-89c1-793098847aa3, Nodes: cee6b86e-e629-45c9-9c42-7061c1d64ecd{ip: 192.168.34.50, host: pr-hdds-2034-srnhl-2452957315, networkLocation: /default-rack, certSerialId: null}bb21d486-410c-4d63-a3eb-a911625626cf{ip: 192.168.34.50, host: pr-hdds-2034-srnhl-2452957315, networkLocation: /default-rack, certSerialId: null}646ad8b2-e397-4e74-bda7-a2da429002a8{ip: 192.168.34.50, host: pr-hdds-2034-srnhl-2452957315, networkLocation: /default-rack, certSerialId: null}, Type:RATIS, Factor:THREE, State:ALLOCATED] moved to OPEN state
add pipeline PipelineID=0173be8d-8c41-43f2-89c1-793098847aa3 to metrics map
2019-09-19 04:28:12,213 [EventQueue-CreatePipelineStatusForSCMPipelineManager] INFO  pipeline.SCMPipelineManager (SCMPipelineManager.java:onMessage(469)) - receive pipeline PipelineID=0a5538de-9135-4af4-8e4f-27a2241642c0 create status EXECUTED
2019-09-19 04:28:12,213 [EventQueue-CreatePipelineStatusForSCMPipelineManager] INFO  pipeline.PipelineStateManager (PipelineStateManager.java:openPipeline(134)) - Pipeline Pipeline[ Id: 0a5538de-9135-4af4-8e4f-27a2241642c0, Nodes: bb21d486-410c-4d63-a3eb-a911625626cf{ip: 192.168.34.50, host: pr-hdds-2034-srnhl-2452957315, networkLocation: /default-rack, certSerialId: null}, Type:RATIS, Factor:ONE, State:ALLOCATED] moved to OPEN state
add pipeline PipelineID=0a5538de-9135-4af4-8e4f-27a2241642c0 to metrics map
2019-09-19 04:28:12,236 | INFO  | SCMAudit | user=jenkins1000 | ip=192.168.34.50 | op=SEND_HEARTBEAT {datanodeUUID=d40cfe62-fc21-48bd-841c-37c3da2319ca, command=[]} | ret=SUCCESS |  
2019-09-19 04:28:12,481 | INFO  | SCMAudit | user=jenkins1000 | ip=192.168.34.50 | op=SEND_HEARTBEAT {datanodeUUID=cacd8be3-3994-43a0-9248-dc2aa43e6f92, command=[]} | ret=SUCCESS |  
2019-09-19 04:28:12,481 | INFO  | SCMAudit | user=jenkins1000 | ip=192.168.34.50 | op=SEND_HEARTBEAT {datanodeUUID=cee6b86e-e629-45c9-9c42-7061c1d64ecd, command=[]} | ret=SUCCESS |  
2019-09-19 04:28:12,481 [EventQueue-CreatePipelineStatusForSCMPipelineManager] INFO  pipeline.SCMPipelineManager (SCMPipelineManager.java:onMessage(469)) - receive pipeline PipelineID=0173be8d-8c41-43f2-89c1-793098847aa3 create status EXECUTED
2019-09-19 04:28:12,481 [EventQueue-CreatePipelineStatusForSCMPipelineManager] INFO  pipeline.SCMPipelineManager (SCMPipelineManager.java:onMessage(469)) - receive pipeline PipelineID=a25694fb-5566-4b08-80a6-911d37771303 create status EXECUTED
2019-09-19 04:28:12,481 [EventQueue-CreatePipelineStatusForSCMPipelineManager] INFO  pipeline.PipelineStateManager (PipelineStateManager.java:openPipeline(134)) - Pipeline Pipeline[ Id: a25694fb-5566-4b08-80a6-911d37771303, Nodes: cee6b86e-e629-45c9-9c42-7061c1d64ecd{ip: 192.168.34.50, host: pr-hdds-2034-srnhl-2452957315, networkLocation: /default-rack, certSerialId: null}, Type:RATIS, Factor:ONE, State:ALLOCATED] moved to OPEN state
add pipeline PipelineID=a25694fb-5566-4b08-80a6-911d37771303 to metrics map
2019-09-19 04:28:12,719 | INFO  | SCMAudit | user=jenkins1000 | ip=192.168.34.50 | op=SEND_HEARTBEAT {datanodeUUID=d267f1ee-b840-49aa-88d3-6d319dcb89fa, command=[]} | ret=SUCCESS |  
2019-09-19 04:28:12,845 [grpc-default-executor-4] INFO  client.GrpcClientProtocolClient (GrpcClientProtocolClient.java:onNext(255)) - client-8D3BBA1B251F->cacd8be3-3994-43a0-9248-dc2aa43e6f92: receive RaftClientReply:client-8D3BBA1B251F->cacd8be3-3994-43a0-9248-dc2aa43e6f92@group-52CD28E9D88B, cid=42, FAILED org.apache.ratis.protocol.NotLeaderException: Server cacd8be3-3994-43a0-9248-dc2aa43e6f92 is not the leader (null). Request must be sent to leader., logIndex=0, commits[cacd8be3-3994-43a0-9248-dc2aa43e6f92:c-1]
2019-09-19 04:28:12,995 | INFO  | SCMAudit | user=jenkins1000 | ip=192.168.34.50 | op=SEND_HEARTBEAT {datanodeUUID=646ad8b2-e397-4e74-bda7-a2da429002a8, command=[]} | ret=SUCCESS |  
2019-09-19 04:28:12,995 [EventQueue-CreatePipelineStatusForSCMPipelineManager] INFO  pipeline.SCMPipelineManager (SCMPipelineManager.java:onMessage(469)) - receive pipeline PipelineID=0173be8d-8c41-43f2-89c1-793098847aa3 create status EXECUTED
add pipeline PipelineID=0173be8d-8c41-43f2-89c1-793098847aa3 to metrics map
2019-09-19 04:28:12,995 [EventQueue-CreatePipelineStatusForSCMPipelineManager] INFO  pipeline.SCMPipelineManager (SCMPipelineManager.java:onMessage(469)) - receive pipeline PipelineID=c61ac05b-325b-4819-affd-76dbb8c33422 create status EXECUTED
2019-09-19 04:28:12,995 [EventQueue-CreatePipelineStatusForSCMPipelineManager] INFO  pipeline.PipelineStateManager (PipelineStateManager.java:openPipeline(134)) - Pipeline Pipeline[ Id: c61ac05b-325b-4819-affd-76dbb8c33422, Nodes: 646ad8b2-e397-4e74-bda7-a2da429002a8{ip: 192.168.34.50, host: pr-hdds-2034-srnhl-2452957315, networkLocation: /default-rack, certSerialId: null}, Type:RATIS, Factor:ONE, State:ALLOCATED] moved to OPEN state
add pipeline PipelineID=c61ac05b-325b-4819-affd-76dbb8c33422 to metrics map
2019-09-19 04:28:12,998 | INFO  | SCMAudit | user=jenkins1000 | ip=192.168.34.50 | op=SEND_HEARTBEAT {datanodeUUID=fc0f8f3b-538d-481e-abe0-204925d4ee8f, command=[]} | ret=SUCCESS |  
2019-09-19 04:28:13,213 | INFO  | SCMAudit | user=jenkins1000 | ip=192.168.34.50 | op=SEND_HEARTBEAT {datanodeUUID=bb21d486-410c-4d63-a3eb-a911625626cf, command=[]} | ret=SUCCESS |  
2019-09-19 04:28:13,236 | INFO  | SCMAudit | user=jenkins1000 | ip=192.168.34.50 | op=SEND_HEARTBEAT {datanodeUUID=d40cfe62-fc21-48bd-841c-37c3da2319ca, command=[]} | ret=SUCCESS |  
2019-09-19 04:28:13,481 | INFO  | SCMAudit | user=jenkins1000 | ip=192.168.34.50 | op=SEND_HEARTBEAT {datanodeUUID=cee6b86e-e629-45c9-9c42-7061c1d64ecd, command=[]} | ret=SUCCESS |  
2019-09-19 04:28:13,481 | INFO  | SCMAudit | user=jenkins1000 | ip=192.168.34.50 | op=SEND_HEARTBEAT {datanodeUUID=cacd8be3-3994-43a0-9248-dc2aa43e6f92, command=[]} | ret=SUCCESS |  
2019-09-19 04:28:13,716 | INFO  | SCMAudit | user=jenkins1000 | ip=192.168.34.50 | op=SEND_HEARTBEAT {datanodeUUID=d267f1ee-b840-49aa-88d3-6d319dcb89fa, command=[]} | ret=SUCCESS |  
2019-09-19 04:28:13,716 [EventQueue-CreatePipelineStatusForSCMPipelineManager] INFO  pipeline.SCMPipelineManager (SCMPipelineManager.java:onMessage(469)) - receive pipeline PipelineID=c579390f-dcb6-4207-82b2-793ed494825f create status EXECUTED
2019-09-19 04:28:13,716 [EventQueue-CreatePipelineStatusForSCMPipelineManager] INFO  pipeline.PipelineStateManager (PipelineStateManager.java:openPipeline(134)) - Pipeline Pipeline[ Id: c579390f-dcb6-4207-82b2-793ed494825f, Nodes: d267f1ee-b840-49aa-88d3-6d319dcb89fa{ip: 192.168.34.50, host: pr-hdds-2034-srnhl-2452957315, networkLocation: /default-rack, certSerialId: null}, Type:RATIS, Factor:ONE, State:ALLOCATED] moved to OPEN state
add pipeline PipelineID=c579390f-dcb6-4207-82b2-793ed494825f to metrics map
2019-09-19 04:28:13,866 [grpc-default-executor-3] INFO  client.GrpcClientProtocolClient (GrpcClientProtocolClient.java:onNext(255)) - client-8D3BBA1B251F->fc0f8f3b-538d-481e-abe0-204925d4ee8f: receive RaftClientReply:client-8D3BBA1B251F->fc0f8f3b-538d-481e-abe0-204925d4ee8f@group-52CD28E9D88B, cid=42, FAILED org.apache.ratis.protocol.NotLeaderException: Server fc0f8f3b-538d-481e-abe0-204925d4ee8f is not the leader (null). Request must be sent to leader., logIndex=0, commits[fc0f8f3b-538d-481e-abe0-204925d4ee8f:c-1]
2019-09-19 04:28:13,994 | INFO  | SCMAudit | user=jenkins1000 | ip=192.168.34.50 | op=SEND_HEARTBEAT {datanodeUUID=646ad8b2-e397-4e74-bda7-a2da429002a8, command=[]} | ret=SUCCESS |  
2019-09-19 04:28:13,998 | INFO  | SCMAudit | user=jenkins1000 | ip=192.168.34.50 | op=SEND_HEARTBEAT {datanodeUUID=fc0f8f3b-538d-481e-abe0-204925d4ee8f, command=[]} | ret=SUCCESS |  
2019-09-19 04:28:14,213 | INFO  | SCMAudit | user=jenkins1000 | ip=192.168.34.50 | op=SEND_HEARTBEAT {datanodeUUID=bb21d486-410c-4d63-a3eb-a911625626cf, command=[]} | ret=SUCCESS |  
2019-09-19 04:28:14,235 | INFO  | SCMAudit | user=jenkins1000 | ip=192.168.34.50 | op=SEND_HEARTBEAT {datanodeUUID=d40cfe62-fc21-48bd-841c-37c3da2319ca, command=[]} | ret=SUCCESS |  
2019-09-19 04:28:14,242 [Thread-820] INFO  container.ReplicationManager (ReplicationManager.java:start(151)) - Starting Replication Monitor Thread.
2019-09-19 04:28:14,246 [ReplicationMonitor] INFO  container.ReplicationManager (ReplicationManager.java:run(214)) - Replication Monitor Thread took 0 milliseconds for processing 3 containers.
2019-09-19 04:28:14,481 | INFO  | SCMAudit | user=jenkins1000 | ip=192.168.34.50 | op=SEND_HEARTBEAT {datanodeUUID=cee6b86e-e629-45c9-9c42-7061c1d64ecd, command=[]} | ret=SUCCESS |  
2019-09-19 04:28:14,481 | INFO  | SCMAudit | user=jenkins1000 | ip=192.168.34.50 | op=SEND_HEARTBEAT {datanodeUUID=cacd8be3-3994-43a0-9248-dc2aa43e6f92, command=[]} | ret=SUCCESS |  
2019-09-19 04:28:14,715 | INFO  | SCMAudit | user=jenkins1000 | ip=192.168.34.50 | op=SEND_HEARTBEAT {datanodeUUID=d267f1ee-b840-49aa-88d3-6d319dcb89fa, command=[]} | ret=SUCCESS |  
2019-09-19 04:28:14,885 [grpc-default-executor-4] INFO  client.GrpcClientProtocolClient (GrpcClientProtocolClient.java:onNext(255)) - client-8D3BBA1B251F->d40cfe62-fc21-48bd-841c-37c3da2319ca: receive RaftClientReply:client-8D3BBA1B251F->d40cfe62-fc21-48bd-841c-37c3da2319ca@group-52CD28E9D88B, cid=42, FAILED org.apache.ratis.protocol.NotLeaderException: Server d40cfe62-fc21-48bd-841c-37c3da2319ca is not the leader (null). Request must be sent to leader., logIndex=0, commits[d40cfe62-fc21-48bd-841c-37c3da2319ca:c-1]
2019-09-19 04:28:14,994 | INFO  | SCMAudit | user=jenkins1000 | ip=192.168.34.50 | op=SEND_HEARTBEAT {datanodeUUID=646ad8b2-e397-4e74-bda7-a2da429002a8, command=[]} | ret=SUCCESS |  
2019-09-19 04:28:14,998 | INFO  | SCMAudit | user=jenkins1000 | ip=192.168.34.50 | op=SEND_HEARTBEAT {datanodeUUID=fc0f8f3b-538d-481e-abe0-204925d4ee8f, command=[]} | ret=SUCCESS |  
2019-09-19 04:28:15,135 [Thread-795] INFO  impl.FollowerState (FollowerState.java:run(106)) - fc0f8f3b-538d-481e-abe0-204925d4ee8f:group-70DE390345E3 changes to CANDIDATE, lastRpcTime:5002, electionTimeout:5002ms
2019-09-19 04:28:15,135 [Thread-795] INFO  impl.RoleInfo (RoleInfo.java:shutdownFollowerState(121)) - fc0f8f3b-538d-481e-abe0-204925d4ee8f: shutdown FollowerState
2019-09-19 04:28:15,135 [Thread-795] INFO  impl.RaftServerImpl (RaftServerImpl.java:setRole(171)) - fc0f8f3b-538d-481e-abe0-204925d4ee8f:group-70DE390345E3 changes role from FOLLOWER to CANDIDATE at term 0 for changeToCandidate
2019-09-19 04:28:15,136 [Thread-795] INFO  impl.RoleInfo (RoleInfo.java:updateAndGet(143)) - fc0f8f3b-538d-481e-abe0-204925d4ee8f: start LeaderElection
2019-09-19 04:28:15,165 [fc0f8f3b-538d-481e-abe0-204925d4ee8f:group-70DE390345E3:LeaderElection24] INFO  impl.LeaderElection (LeaderElection.java:askForVotes(181)) - fc0f8f3b-538d-481e-abe0-204925d4ee8f:group-70DE390345E3:LeaderElection24: begin an election at term 1 for -1: [fc0f8f3b-538d-481e-abe0-204925d4ee8f:192.168.34.50:35638], old=null
2019-09-19 04:28:15,165 [fc0f8f3b-538d-481e-abe0-204925d4ee8f:group-70DE390345E3:LeaderElection24] INFO  impl.RoleInfo (RoleInfo.java:shutdownLeaderElection(134)) - fc0f8f3b-538d-481e-abe0-204925d4ee8f: shutdown LeaderElection
2019-09-19 04:28:15,166 [fc0f8f3b-538d-481e-abe0-204925d4ee8f:group-70DE390345E3:LeaderElection24] INFO  impl.RaftServerImpl (RaftServerImpl.java:setRole(171)) - fc0f8f3b-538d-481e-abe0-204925d4ee8f:group-70DE390345E3 changes role from CANDIDATE to LEADER at term 1 for changeToLeader
2019-09-19 04:28:15,166 [fc0f8f3b-538d-481e-abe0-204925d4ee8f:group-70DE390345E3:LeaderElection24] INFO  impl.RaftServerImpl (ServerState.java:setLeader(263)) - fc0f8f3b-538d-481e-abe0-204925d4ee8f:group-70DE390345E3 change Leader from null to fc0f8f3b-538d-481e-abe0-204925d4ee8f at term 1 for becomeLeader, leader elected after 5039ms
2019-09-19 04:28:15,167 [fc0f8f3b-538d-481e-abe0-204925d4ee8f:group-70DE390345E3:LeaderElection24] INFO  server.RaftServerConfigKeys (ConfUtils.java:logGet(43)) - raft.server.staging.catchup.gap = 1000 (default)
2019-09-19 04:28:15,168 [fc0f8f3b-538d-481e-abe0-204925d4ee8f:group-70DE390345E3:LeaderElection24] INFO  server.RaftServerConfigKeys (ConfUtils.java:logGet(43)) - raft.server.rpc.sleep.time = 25ms (default)
2019-09-19 04:28:15,168 [fc0f8f3b-538d-481e-abe0-204925d4ee8f:group-70DE390345E3:LeaderElection24] INFO  server.RaftServerConfigKeys (ConfUtils.java:logGet(43)) - raft.server.write.element-limit = 4096 (default)
2019-09-19 04:28:15,168 [fc0f8f3b-538d-481e-abe0-204925d4ee8f:group-70DE390345E3:LeaderElection24] INFO  server.RaftServerConfigKeys (ConfUtils.java:logGet(43)) - raft.server.watch.timeout = 10s (default)
2019-09-19 04:28:15,168 [fc0f8f3b-538d-481e-abe0-204925d4ee8f:group-70DE390345E3:LeaderElection24] INFO  server.RaftServerConfigKeys (ConfUtils.java:logGet(43)) - raft.server.watch.timeout.denomination = 1s (default)
2019-09-19 04:28:15,168 [fc0f8f3b-538d-481e-abe0-204925d4ee8f:group-70DE390345E3:LeaderElection24] INFO  server.RaftServerConfigKeys (ConfUtils.java:logGet(43)) - raft.server.watch.element-limit = 65536 (default)
2019-09-19 04:28:15,169 [fc0f8f3b-538d-481e-abe0-204925d4ee8f:group-70DE390345E3:LeaderElection24] INFO  impl.RoleInfo (RoleInfo.java:updateAndGet(143)) - fc0f8f3b-538d-481e-abe0-204925d4ee8f: start LeaderState
2019-09-19 04:28:15,169 [fc0f8f3b-538d-481e-abe0-204925d4ee8f:group-70DE390345E3:LeaderElection24] INFO  segmented.SegmentedRaftLogWorker (SegmentedRaftLogWorker.java:startLogSegment(380)) - fc0f8f3b-538d-481e-abe0-204925d4ee8f-SegmentedRaftLogWorker:Storage Directory /workdir/hadoop-ozone/integration-test/target/test-dir/MiniOzoneClusterImpl-0025b056-fb6b-4693-853a-894456f5f8ea/datanode-0/data/ratis/6824a864-7da5-49dc-bbb4-70de390345e3: Starting segment from index:0
2019-09-19 04:28:15,170 [fc0f8f3b-538d-481e-abe0-204925d4ee8f:group-70DE390345E3:LeaderElection24] INFO  impl.RaftServerImpl (ServerState.java:setRaftConf(361)) - fc0f8f3b-538d-481e-abe0-204925d4ee8f:group-70DE390345E3 set configuration 0: [fc0f8f3b-538d-481e-abe0-204925d4ee8f:192.168.34.50:35638], old=null at 0
2019-09-19 04:28:15,212 [fc0f8f3b-538d-481e-abe0-204925d4ee8f-SegmentedRaftLogWorker:Storage Directory /workdir/hadoop-ozone/integration-test/target/test-dir/MiniOzoneClusterImpl-0025b056-fb6b-4693-853a-894456f5f8ea/datanode-0/data/ratis/6824a864-7da5-49dc-bbb4-70de390345e3] INFO  segmented.SegmentedRaftLogWorker (SegmentedRaftLogWorker.java:execute(569)) - fc0f8f3b-538d-481e-abe0-204925d4ee8f-SegmentedRaftLogWorker:Storage Directory /workdir/hadoop-ozone/integration-test/target/test-dir/MiniOzoneClusterImpl-0025b056-fb6b-4693-853a-894456f5f8ea/datanode-0/data/ratis/6824a864-7da5-49dc-bbb4-70de390345e3: created new log segment /workdir/hadoop-ozone/integration-test/target/test-dir/MiniOzoneClusterImpl-0025b056-fb6b-4693-853a-894456f5f8ea/datanode-0/data/ratis/6824a864-7da5-49dc-bbb4-70de390345e3/current/log_inprogress_0
2019-09-19 04:28:15,213 | INFO  | SCMAudit | user=jenkins1000 | ip=192.168.34.50 | op=SEND_HEARTBEAT {datanodeUUID=bb21d486-410c-4d63-a3eb-a911625626cf, command=[]} | ret=SUCCESS |  
2019-09-19 04:28:15,236 | INFO  | SCMAudit | user=jenkins1000 | ip=192.168.34.50 | op=SEND_HEARTBEAT {datanodeUUID=d40cfe62-fc21-48bd-841c-37c3da2319ca, command=[]} | ret=SUCCESS |  
2019-09-19 04:28:15,436 [Thread-798] INFO  impl.FollowerState (FollowerState.java:run(106)) - fc0f8f3b-538d-481e-abe0-204925d4ee8f:group-52CD28E9D88B changes to CANDIDATE, lastRpcTime:5116, electionTimeout:5116ms
2019-09-19 04:28:15,436 [Thread-798] INFO  impl.RoleInfo (RoleInfo.java:shutdownFollowerState(121)) - fc0f8f3b-538d-481e-abe0-204925d4ee8f: shutdown FollowerState
2019-09-19 04:28:15,436 [Thread-798] INFO  impl.RaftServerImpl (RaftServerImpl.java:setRole(171)) - fc0f8f3b-538d-481e-abe0-204925d4ee8f:group-52CD28E9D88B changes role from FOLLOWER to CANDIDATE at term 0 for changeToCandidate
2019-09-19 04:28:15,437 [Thread-798] INFO  impl.RoleInfo (RoleInfo.java:updateAndGet(143)) - fc0f8f3b-538d-481e-abe0-204925d4ee8f: start LeaderElection
2019-09-19 04:28:15,481 | INFO  | SCMAudit | user=jenkins1000 | ip=192.168.34.50 | op=SEND_HEARTBEAT {datanodeUUID=cacd8be3-3994-43a0-9248-dc2aa43e6f92, command=[]} | ret=SUCCESS |  
2019-09-19 04:28:15,481 | INFO  | SCMAudit | user=jenkins1000 | ip=192.168.34.50 | op=SEND_HEARTBEAT {datanodeUUID=cee6b86e-e629-45c9-9c42-7061c1d64ecd, command=[]} | ret=SUCCESS |  
2019-09-19 04:28:15,481 [fc0f8f3b-538d-481e-abe0-204925d4ee8f:group-52CD28E9D88B:LeaderElection25] INFO  impl.LeaderElection (LeaderElection.java:askForVotes(181)) - fc0f8f3b-538d-481e-abe0-204925d4ee8f:group-52CD28E9D88B:LeaderElection25: begin an election at term 1 for -1: [d40cfe62-fc21-48bd-841c-37c3da2319ca:192.168.34.50:35283, fc0f8f3b-538d-481e-abe0-204925d4ee8f:192.168.34.50:35638, cacd8be3-3994-43a0-9248-dc2aa43e6f92:192.168.34.50:36186], old=null
2019-09-19 04:28:15,488 [grpc-default-executor-3] INFO  impl.RaftServerImpl (RaftServerImpl.java:setRole(171)) - d40cfe62-fc21-48bd-841c-37c3da2319ca:group-52CD28E9D88B changes role from FOLLOWER to FOLLOWER at term 1 for recognizeCandidate:fc0f8f3b-538d-481e-abe0-204925d4ee8f
2019-09-19 04:28:15,488 [grpc-default-executor-4] INFO  impl.RaftServerImpl (RaftServerImpl.java:setRole(171)) - cacd8be3-3994-43a0-9248-dc2aa43e6f92:group-52CD28E9D88B changes role from FOLLOWER to FOLLOWER at term 1 for recognizeCandidate:fc0f8f3b-538d-481e-abe0-204925d4ee8f
2019-09-19 04:28:15,488 [grpc-default-executor-3] INFO  impl.RoleInfo (RoleInfo.java:shutdownFollowerState(121)) - d40cfe62-fc21-48bd-841c-37c3da2319ca: shutdown FollowerState
2019-09-19 04:28:15,488 [grpc-default-executor-4] INFO  impl.RoleInfo (RoleInfo.java:shutdownFollowerState(121)) - cacd8be3-3994-43a0-9248-dc2aa43e6f92: shutdown FollowerState
2019-09-19 04:28:15,489 [Thread-804] INFO  impl.FollowerState (FollowerState.java:run(114)) - d40cfe62-fc21-48bd-841c-37c3da2319ca: FollowerState was interrupted: java.lang.InterruptedException: sleep interrupted
2019-09-19 04:28:15,489 [grpc-default-executor-3] INFO  impl.RoleInfo (RoleInfo.java:updateAndGet(143)) - d40cfe62-fc21-48bd-841c-37c3da2319ca: start FollowerState
2019-09-19 04:28:15,489 [Thread-810] INFO  impl.FollowerState (FollowerState.java:run(114)) - cacd8be3-3994-43a0-9248-dc2aa43e6f92: FollowerState was interrupted: java.lang.InterruptedException: sleep interrupted
2019-09-19 04:28:15,489 [grpc-default-executor-4] INFO  impl.RoleInfo (RoleInfo.java:updateAndGet(143)) - cacd8be3-3994-43a0-9248-dc2aa43e6f92: start FollowerState
2019-09-19 04:28:15,523 [fc0f8f3b-538d-481e-abe0-204925d4ee8f:group-52CD28E9D88B:LeaderElection25] INFO  impl.LeaderElection (LeaderElection.java:logAndReturn(56)) - fc0f8f3b-538d-481e-abe0-204925d4ee8f:group-52CD28E9D88B:LeaderElection25: Election PASSED; received 1 response(s) [fc0f8f3b-538d-481e-abe0-204925d4ee8f<-d40cfe62-fc21-48bd-841c-37c3da2319ca#0:OK-t1] and 0 exception(s); fc0f8f3b-538d-481e-abe0-204925d4ee8f:t1, leader=null, voted=fc0f8f3b-538d-481e-abe0-204925d4ee8f, raftlog=fc0f8f3b-538d-481e-abe0-204925d4ee8f-SegmentedRaftLog:OPENED:c-1,f-1,i0, conf=-1: [d40cfe62-fc21-48bd-841c-37c3da2319ca:192.168.34.50:35283, fc0f8f3b-538d-481e-abe0-204925d4ee8f:192.168.34.50:35638, cacd8be3-3994-43a0-9248-dc2aa43e6f92:192.168.34.50:36186], old=null
2019-09-19 04:28:15,523 [fc0f8f3b-538d-481e-abe0-204925d4ee8f:group-52CD28E9D88B:LeaderElection25] INFO  impl.RoleInfo (RoleInfo.java:shutdownLeaderElection(134)) - fc0f8f3b-538d-481e-abe0-204925d4ee8f: shutdown LeaderElection
2019-09-19 04:28:15,523 [fc0f8f3b-538d-481e-abe0-204925d4ee8f:group-52CD28E9D88B:LeaderElection25] INFO  impl.RaftServerImpl (RaftServerImpl.java:setRole(171)) - fc0f8f3b-538d-481e-abe0-204925d4ee8f:group-52CD28E9D88B changes role from CANDIDATE to LEADER at term 1 for changeToLeader
2019-09-19 04:28:15,523 [fc0f8f3b-538d-481e-abe0-204925d4ee8f:group-52CD28E9D88B:LeaderElection25] INFO  impl.RaftServerImpl (ServerState.java:setLeader(263)) - fc0f8f3b-538d-481e-abe0-204925d4ee8f:group-52CD28E9D88B change Leader from null to fc0f8f3b-538d-481e-abe0-204925d4ee8f at term 1 for becomeLeader, leader elected after 5209ms
2019-09-19 04:28:15,524 [fc0f8f3b-538d-481e-abe0-204925d4ee8f:group-52CD28E9D88B:LeaderElection25] INFO  server.RaftServerConfigKeys (ConfUtils.java:logGet(43)) - raft.server.staging.catchup.gap = 1000 (default)
2019-09-19 04:28:15,524 [fc0f8f3b-538d-481e-abe0-204925d4ee8f:group-52CD28E9D88B:LeaderElection25] INFO  server.RaftServerConfigKeys (ConfUtils.java:logGet(43)) - raft.server.rpc.sleep.time = 25ms (default)
2019-09-19 04:28:15,524 [fc0f8f3b-538d-481e-abe0-204925d4ee8f:group-52CD28E9D88B:LeaderElection25] INFO  server.RaftServerConfigKeys (ConfUtils.java:logGet(43)) - raft.server.write.element-limit = 4096 (default)
2019-09-19 04:28:15,524 [fc0f8f3b-538d-481e-abe0-204925d4ee8f:group-52CD28E9D88B:LeaderElection25] INFO  server.RaftServerConfigKeys (ConfUtils.java:logGet(43)) - raft.server.watch.timeout = 10s (default)
2019-09-19 04:28:15,525 [fc0f8f3b-538d-481e-abe0-204925d4ee8f:group-52CD28E9D88B:LeaderElection25] INFO  server.RaftServerConfigKeys (ConfUtils.java:logGet(43)) - raft.server.watch.timeout.denomination = 1s (default)
2019-09-19 04:28:15,525 [fc0f8f3b-538d-481e-abe0-204925d4ee8f:group-52CD28E9D88B:LeaderElection25] INFO  server.RaftServerConfigKeys (ConfUtils.java:logGet(43)) - raft.server.watch.element-limit = 65536 (default)
2019-09-19 04:28:15,525 [fc0f8f3b-538d-481e-abe0-204925d4ee8f:group-52CD28E9D88B:LeaderElection25] INFO  server.RaftServerConfigKeys (ConfUtils.java:logGet(43)) - raft.server.log.appender.snapshot.chunk.size.max = 16MB (=16777216) (default)
2019-09-19 04:28:15,525 [fc0f8f3b-538d-481e-abe0-204925d4ee8f:group-52CD28E9D88B:LeaderElection25] INFO  server.RaftServerConfigKeys (ConfUtils.java:logGet(43)) - raft.server.log.appender.buffer.byte-limit = 33554432 (custom)
2019-09-19 04:28:15,526 [fc0f8f3b-538d-481e-abe0-204925d4ee8f:group-52CD28E9D88B:LeaderElection25] INFO  server.RaftServerConfigKeys (ConfUtils.java:logGet(43)) - raft.server.log.appender.buffer.element-limit = 1 (custom)
2019-09-19 04:28:15,526 [fc0f8f3b-538d-481e-abe0-204925d4ee8f:group-52CD28E9D88B:LeaderElection25] INFO  grpc.GrpcConfigKeys$Server (ConfUtils.java:logGet(43)) - raft.grpc.server.leader.outstanding.appends.max = 128 (default)
2019-09-19 04:28:15,526 [fc0f8f3b-538d-481e-abe0-204925d4ee8f:group-52CD28E9D88B:LeaderElection25] INFO  server.RaftServerConfigKeys (ConfUtils.java:logGet(43)) - raft.server.rpc.request.timeout = 3000ms (default)
2019-09-19 04:28:15,527 [fc0f8f3b-538d-481e-abe0-204925d4ee8f:group-52CD28E9D88B:LeaderElection25] INFO  server.RaftServerConfigKeys (ConfUtils.java:logGet(43)) - raft.server.log.appender.install.snapshot.enabled = false (custom)
2019-09-19 04:28:15,527 [fc0f8f3b-538d-481e-abe0-204925d4ee8f:group-52CD28E9D88B:LeaderElection25] INFO  server.RaftServerConfigKeys (ConfUtils.java:logGet(43)) - raft.server.log.appender.snapshot.chunk.size.max = 16MB (=16777216) (default)
2019-09-19 04:28:15,527 [fc0f8f3b-538d-481e-abe0-204925d4ee8f:group-52CD28E9D88B:LeaderElection25] INFO  server.RaftServerConfigKeys (ConfUtils.java:logGet(43)) - raft.server.log.appender.buffer.byte-limit = 33554432 (custom)
2019-09-19 04:28:15,527 [fc0f8f3b-538d-481e-abe0-204925d4ee8f:group-52CD28E9D88B:LeaderElection25] INFO  server.RaftServerConfigKeys (ConfUtils.java:logGet(43)) - raft.server.log.appender.buffer.element-limit = 1 (custom)
2019-09-19 04:28:15,528 [fc0f8f3b-538d-481e-abe0-204925d4ee8f:group-52CD28E9D88B:LeaderElection25] INFO  grpc.GrpcConfigKeys$Server (ConfUtils.java:logGet(43)) - raft.grpc.server.leader.outstanding.appends.max = 128 (default)
2019-09-19 04:28:15,528 [fc0f8f3b-538d-481e-abe0-204925d4ee8f:group-52CD28E9D88B:LeaderElection25] INFO  server.RaftServerConfigKeys (ConfUtils.java:logGet(43)) - raft.server.rpc.request.timeout = 3000ms (default)
2019-09-19 04:28:15,528 [fc0f8f3b-538d-481e-abe0-204925d4ee8f:group-52CD28E9D88B:LeaderElection25] INFO  server.RaftServerConfigKeys (ConfUtils.java:logGet(43)) - raft.server.log.appender.install.snapshot.enabled = false (custom)
2019-09-19 04:28:15,529 [fc0f8f3b-538d-481e-abe0-204925d4ee8f:group-52CD28E9D88B:LeaderElection25] INFO  impl.RoleInfo (RoleInfo.java:updateAndGet(143)) - fc0f8f3b-538d-481e-abe0-204925d4ee8f: start LeaderState
2019-09-19 04:28:15,529 [fc0f8f3b-538d-481e-abe0-204925d4ee8f:group-52CD28E9D88B:LeaderElection25] INFO  segmented.SegmentedRaftLogWorker (SegmentedRaftLogWorker.java:startLogSegment(380)) - fc0f8f3b-538d-481e-abe0-204925d4ee8f-SegmentedRaftLogWorker:Storage Directory /workdir/hadoop-ozone/integration-test/target/test-dir/MiniOzoneClusterImpl-0025b056-fb6b-4693-853a-894456f5f8ea/datanode-0/data/ratis/83f9f975-e2ba-4e7f-ab30-52cd28e9d88b: Starting segment from index:0
2019-09-19 04:28:15,530 [fc0f8f3b-538d-481e-abe0-204925d4ee8f:group-52CD28E9D88B:LeaderElection25] INFO  impl.RaftServerImpl (ServerState.java:setRaftConf(361)) - fc0f8f3b-538d-481e-abe0-204925d4ee8f:group-52CD28E9D88B set configuration 0: [d40cfe62-fc21-48bd-841c-37c3da2319ca:192.168.34.50:35283, fc0f8f3b-538d-481e-abe0-204925d4ee8f:192.168.34.50:35638, cacd8be3-3994-43a0-9248-dc2aa43e6f92:192.168.34.50:36186], old=null at 0
2019-09-19 04:28:15,573 [grpc-default-executor-4] INFO  impl.RaftServerImpl (ServerState.java:setLeader(263)) - d40cfe62-fc21-48bd-841c-37c3da2319ca:group-52CD28E9D88B change Leader from null to fc0f8f3b-538d-481e-abe0-204925d4ee8f at term 1 for appendEntries, leader elected after 5043ms
2019-09-19 04:28:15,573 [Thread-801] INFO  impl.FollowerState (FollowerState.java:run(106)) - d40cfe62-fc21-48bd-841c-37c3da2319ca:group-B0771FAE3D6F changes to CANDIDATE, lastRpcTime:5158, electionTimeout:5147ms
2019-09-19 04:28:15,574 [Thread-801] INFO  impl.RoleInfo (RoleInfo.java:shutdownFollowerState(121)) - d40cfe62-fc21-48bd-841c-37c3da2319ca: shutdown FollowerState
2019-09-19 04:28:15,574 [Thread-801] INFO  impl.RaftServerImpl (RaftServerImpl.java:setRole(171)) - d40cfe62-fc21-48bd-841c-37c3da2319ca:group-B0771FAE3D6F changes role from FOLLOWER to CANDIDATE at term 0 for changeToCandidate
2019-09-19 04:28:15,574 [Thread-801] INFO  impl.RoleInfo (RoleInfo.java:updateAndGet(143)) - d40cfe62-fc21-48bd-841c-37c3da2319ca: start LeaderElection
2019-09-19 04:28:15,578 [grpc-default-executor-4] INFO  impl.RaftServerImpl (ServerState.java:setLeader(263)) - cacd8be3-3994-43a0-9248-dc2aa43e6f92:group-52CD28E9D88B change Leader from null to fc0f8f3b-538d-481e-abe0-204925d4ee8f at term 1 for appendEntries, leader elected after 4829ms
2019-09-19 04:28:15,595 [grpc-default-executor-4] INFO  impl.RaftServerImpl (ServerState.java:setRaftConf(361)) - cacd8be3-3994-43a0-9248-dc2aa43e6f92:group-52CD28E9D88B set configuration 0: [d40cfe62-fc21-48bd-841c-37c3da2319ca:192.168.34.50:35283, fc0f8f3b-538d-481e-abe0-204925d4ee8f:192.168.34.50:35638, cacd8be3-3994-43a0-9248-dc2aa43e6f92:192.168.34.50:36186], old=null at 0
2019-09-19 04:28:15,595 [grpc-default-executor-3] INFO  impl.RaftServerImpl (ServerState.java:setRaftConf(361)) - d40cfe62-fc21-48bd-841c-37c3da2319ca:group-52CD28E9D88B set configuration 0: [d40cfe62-fc21-48bd-841c-37c3da2319ca:192.168.34.50:35283, fc0f8f3b-538d-481e-abe0-204925d4ee8f:192.168.34.50:35638, cacd8be3-3994-43a0-9248-dc2aa43e6f92:192.168.34.50:36186], old=null at 0
2019-09-19 04:28:15,596 [grpc-default-executor-4] INFO  segmented.SegmentedRaftLogWorker (SegmentedRaftLogWorker.java:startLogSegment(380)) - cacd8be3-3994-43a0-9248-dc2aa43e6f92-SegmentedRaftLogWorker:Storage Directory /workdir/hadoop-ozone/integration-test/target/test-dir/MiniOzoneClusterImpl-0025b056-fb6b-4693-853a-894456f5f8ea/datanode-2/data/ratis/83f9f975-e2ba-4e7f-ab30-52cd28e9d88b: Starting segment from index:0
2019-09-19 04:28:15,596 [grpc-default-executor-3] INFO  segmented.SegmentedRaftLogWorker (SegmentedRaftLogWorker.java:startLogSegment(380)) - d40cfe62-fc21-48bd-841c-37c3da2319ca-SegmentedRaftLogWorker:Storage Directory /workdir/hadoop-ozone/integration-test/target/test-dir/MiniOzoneClusterImpl-0025b056-fb6b-4693-853a-894456f5f8ea/datanode-1/data/ratis/83f9f975-e2ba-4e7f-ab30-52cd28e9d88b: Starting segment from index:0
2019-09-19 04:28:15,610 [fc0f8f3b-538d-481e-abe0-204925d4ee8f-SegmentedRaftLogWorker:Storage Directory /workdir/hadoop-ozone/integration-test/target/test-dir/MiniOzoneClusterImpl-0025b056-fb6b-4693-853a-894456f5f8ea/datanode-0/data/ratis/83f9f975-e2ba-4e7f-ab30-52cd28e9d88b] INFO  segmented.SegmentedRaftLogWorker (SegmentedRaftLogWorker.java:execute(569)) - fc0f8f3b-538d-481e-abe0-204925d4ee8f-SegmentedRaftLogWorker:Storage Directory /workdir/hadoop-ozone/integration-test/target/test-dir/MiniOzoneClusterImpl-0025b056-fb6b-4693-853a-894456f5f8ea/datanode-0/data/ratis/83f9f975-e2ba-4e7f-ab30-52cd28e9d88b: created new log segment /workdir/hadoop-ozone/integration-test/target/test-dir/MiniOzoneClusterImpl-0025b056-fb6b-4693-853a-894456f5f8ea/datanode-0/data/ratis/83f9f975-e2ba-4e7f-ab30-52cd28e9d88b/current/log_inprogress_0
2019-09-19 04:28:15,621 [d40cfe62-fc21-48bd-841c-37c3da2319ca:group-B0771FAE3D6F:LeaderElection26] INFO  impl.LeaderElection (LeaderElection.java:askForVotes(181)) - d40cfe62-fc21-48bd-841c-37c3da2319ca:group-B0771FAE3D6F:LeaderElection26: begin an election at term 1 for -1: [d40cfe62-fc21-48bd-841c-37c3da2319ca:192.168.34.50:35283], old=null
2019-09-19 04:28:15,621 [d40cfe62-fc21-48bd-841c-37c3da2319ca:group-B0771FAE3D6F:LeaderElection26] INFO  impl.RoleInfo (RoleInfo.java:shutdownLeaderElection(134)) - d40cfe62-fc21-48bd-841c-37c3da2319ca: shutdown LeaderElection
2019-09-19 04:28:15,622 [d40cfe62-fc21-48bd-841c-37c3da2319ca:group-B0771FAE3D6F:LeaderElection26] INFO  impl.RaftServerImpl (RaftServerImpl.java:setRole(171)) - d40cfe62-fc21-48bd-841c-37c3da2319ca:group-B0771FAE3D6F changes role from CANDIDATE to LEADER at term 1 for changeToLeader
2019-09-19 04:28:15,622 [d40cfe62-fc21-48bd-841c-37c3da2319ca:group-B0771FAE3D6F:LeaderElection26] INFO  impl.RaftServerImpl (ServerState.java:setLeader(263)) - d40cfe62-fc21-48bd-841c-37c3da2319ca:group-B0771FAE3D6F change Leader from null to d40cfe62-fc21-48bd-841c-37c3da2319ca at term 1 for becomeLeader, leader elected after 5212ms
2019-09-19 04:28:15,645 [d40cfe62-fc21-48bd-841c-37c3da2319ca:group-B0771FAE3D6F:LeaderElection26] INFO  server.RaftServerConfigKeys (ConfUtils.java:logGet(43)) - raft.server.staging.catchup.gap = 1000 (default)
2019-09-19 04:28:15,645 [Thread-807] INFO  impl.FollowerState (FollowerState.java:run(106)) - cacd8be3-3994-43a0-9248-dc2aa43e6f92:group-AB06C0794217 changes to CANDIDATE, lastRpcTime:5052, electionTimeout:5038ms
2019-09-19 04:28:15,645 [d40cfe62-fc21-48bd-841c-37c3da2319ca:group-B0771FAE3D6F:LeaderElection26] INFO  server.RaftServerConfigKeys (ConfUtils.java:logGet(43)) - raft.server.rpc.sleep.time = 25ms (default)
2019-09-19 04:28:15,645 [Thread-807] INFO  impl.RoleInfo (RoleInfo.java:shutdownFollowerState(121)) - cacd8be3-3994-43a0-9248-dc2aa43e6f92: shutdown FollowerState
2019-09-19 04:28:15,646 [d40cfe62-fc21-48bd-841c-37c3da2319ca:group-B0771FAE3D6F:LeaderElection26] INFO  server.RaftServerConfigKeys (ConfUtils.java:logGet(43)) - raft.server.write.element-limit = 4096 (default)
2019-09-19 04:28:15,646 [Thread-807] INFO  impl.RaftServerImpl (RaftServerImpl.java:setRole(171)) - cacd8be3-3994-43a0-9248-dc2aa43e6f92:group-AB06C0794217 changes role from FOLLOWER to CANDIDATE at term 0 for changeToCandidate
2019-09-19 04:28:15,646 [d40cfe62-fc21-48bd-841c-37c3da2319ca:group-B0771FAE3D6F:LeaderElection26] INFO  server.RaftServerConfigKeys (ConfUtils.java:logGet(43)) - raft.server.watch.timeout = 10s (default)
2019-09-19 04:28:15,646 [Thread-807] INFO  impl.RoleInfo (RoleInfo.java:updateAndGet(143)) - cacd8be3-3994-43a0-9248-dc2aa43e6f92: start LeaderElection
2019-09-19 04:28:15,646 [d40cfe62-fc21-48bd-841c-37c3da2319ca:group-B0771FAE3D6F:LeaderElection26] INFO  server.RaftServerConfigKeys (ConfUtils.java:logGet(43)) - raft.server.watch.timeout.denomination = 1s (default)
2019-09-19 04:28:15,646 [d40cfe62-fc21-48bd-841c-37c3da2319ca:group-B0771FAE3D6F:LeaderElection26] INFO  server.RaftServerConfigKeys (ConfUtils.java:logGet(43)) - raft.server.watch.element-limit = 65536 (default)
2019-09-19 04:28:15,652 [d40cfe62-fc21-48bd-841c-37c3da2319ca:group-B0771FAE3D6F:LeaderElection26] INFO  impl.RoleInfo (RoleInfo.java:updateAndGet(143)) - d40cfe62-fc21-48bd-841c-37c3da2319ca: start LeaderState
2019-09-19 04:28:15,652 [d40cfe62-fc21-48bd-841c-37c3da2319ca:group-B0771FAE3D6F:LeaderElection26] INFO  segmented.SegmentedRaftLogWorker (SegmentedRaftLogWorker.java:startLogSegment(380)) - d40cfe62-fc21-48bd-841c-37c3da2319ca-SegmentedRaftLogWorker:Storage Directory /workdir/hadoop-ozone/integration-test/target/test-dir/MiniOzoneClusterImpl-0025b056-fb6b-4693-853a-894456f5f8ea/datanode-1/data/ratis/2acb5912-985a-43d1-af3c-b0771fae3d6f: Starting segment from index:0
2019-09-19 04:28:15,653 [d40cfe62-fc21-48bd-841c-37c3da2319ca:group-B0771FAE3D6F:LeaderElection26] INFO  impl.RaftServerImpl (ServerState.java:setRaftConf(361)) - d40cfe62-fc21-48bd-841c-37c3da2319ca:group-B0771FAE3D6F set configuration 0: [d40cfe62-fc21-48bd-841c-37c3da2319ca:192.168.34.50:35283], old=null at 0
2019-09-19 04:28:15,696 [d40cfe62-fc21-48bd-841c-37c3da2319ca-SegmentedRaftLogWorker:Storage Directory /workdir/hadoop-ozone/integration-test/target/test-dir/MiniOzoneClusterImpl-0025b056-fb6b-4693-853a-894456f5f8ea/datanode-1/data/ratis/83f9f975-e2ba-4e7f-ab30-52cd28e9d88b] INFO  segmented.SegmentedRaftLogWorker (SegmentedRaftLogWorker.java:execute(569)) - d40cfe62-fc21-48bd-841c-37c3da2319ca-SegmentedRaftLogWorker:Storage Directory /workdir/hadoop-ozone/integration-test/target/test-dir/MiniOzoneClusterImpl-0025b056-fb6b-4693-853a-894456f5f8ea/datanode-1/data/ratis/83f9f975-e2ba-4e7f-ab30-52cd28e9d88b: created new log segment /workdir/hadoop-ozone/integration-test/target/test-dir/MiniOzoneClusterImpl-0025b056-fb6b-4693-853a-894456f5f8ea/datanode-1/data/ratis/83f9f975-e2ba-4e7f-ab30-52cd28e9d88b/current/log_inprogress_0
2019-09-19 04:28:15,696 [cacd8be3-3994-43a0-9248-dc2aa43e6f92:group-AB06C0794217:LeaderElection27] INFO  impl.LeaderElection (LeaderElection.java:askForVotes(181)) - cacd8be3-3994-43a0-9248-dc2aa43e6f92:group-AB06C0794217:LeaderElection27: begin an election at term 1 for -1: [cacd8be3-3994-43a0-9248-dc2aa43e6f92:192.168.34.50:36186], old=null
2019-09-19 04:28:15,696 [cacd8be3-3994-43a0-9248-dc2aa43e6f92-SegmentedRaftLogWorker:Storage Directory /workdir/hadoop-ozone/integration-test/target/test-dir/MiniOzoneClusterImpl-0025b056-fb6b-4693-853a-894456f5f8ea/datanode-2/data/ratis/83f9f975-e2ba-4e7f-ab30-52cd28e9d88b] INFO  segmented.SegmentedRaftLogWorker (SegmentedRaftLogWorker.java:execute(569)) - cacd8be3-3994-43a0-9248-dc2aa43e6f92-SegmentedRaftLogWorker:Storage Directory /workdir/hadoop-ozone/integration-test/target/test-dir/MiniOzoneClusterImpl-0025b056-fb6b-4693-853a-894456f5f8ea/datanode-2/data/ratis/83f9f975-e2ba-4e7f-ab30-52cd28e9d88b: created new log segment /workdir/hadoop-ozone/integration-test/target/test-dir/MiniOzoneClusterImpl-0025b056-fb6b-4693-853a-894456f5f8ea/datanode-2/data/ratis/83f9f975-e2ba-4e7f-ab30-52cd28e9d88b/current/log_inprogress_0
2019-09-19 04:28:15,696 [cacd8be3-3994-43a0-9248-dc2aa43e6f92:group-AB06C0794217:LeaderElection27] INFO  impl.RoleInfo (RoleInfo.java:shutdownLeaderElection(134)) - cacd8be3-3994-43a0-9248-dc2aa43e6f92: shutdown LeaderElection
2019-09-19 04:28:15,697 [cacd8be3-3994-43a0-9248-dc2aa43e6f92:group-AB06C0794217:LeaderElection27] INFO  impl.RaftServerImpl (RaftServerImpl.java:setRole(171)) - cacd8be3-3994-43a0-9248-dc2aa43e6f92:group-AB06C0794217 changes role from CANDIDATE to LEADER at term 1 for changeToLeader
2019-09-19 04:28:15,697 [cacd8be3-3994-43a0-9248-dc2aa43e6f92:group-AB06C0794217:LeaderElection27] INFO  impl.RaftServerImpl (ServerState.java:setLeader(263)) - cacd8be3-3994-43a0-9248-dc2aa43e6f92:group-AB06C0794217 change Leader from null to cacd8be3-3994-43a0-9248-dc2aa43e6f92 at term 1 for becomeLeader, leader elected after 5109ms
2019-09-19 04:28:15,699 [cacd8be3-3994-43a0-9248-dc2aa43e6f92:group-AB06C0794217:LeaderElection27] INFO  server.RaftServerConfigKeys (ConfUtils.java:logGet(43)) - raft.server.staging.catchup.gap = 1000 (default)
2019-09-19 04:28:15,700 [cacd8be3-3994-43a0-9248-dc2aa43e6f92:group-AB06C0794217:LeaderElection27] INFO  server.RaftServerConfigKeys (ConfUtils.java:logGet(43)) - raft.server.rpc.sleep.time = 25ms (default)
2019-09-19 04:28:15,700 [cacd8be3-3994-43a0-9248-dc2aa43e6f92:group-AB06C0794217:LeaderElection27] INFO  server.RaftServerConfigKeys (ConfUtils.java:logGet(43)) - raft.server.write.element-limit = 4096 (default)
2019-09-19 04:28:15,700 [cacd8be3-3994-43a0-9248-dc2aa43e6f92:group-AB06C0794217:LeaderElection27] INFO  server.RaftServerConfigKeys (ConfUtils.java:logGet(43)) - raft.server.watch.timeout = 10s (default)
2019-09-19 04:28:15,700 [cacd8be3-3994-43a0-9248-dc2aa43e6f92:group-AB06C0794217:LeaderElection27] INFO  server.RaftServerConfigKeys (ConfUtils.java:logGet(43)) - raft.server.watch.timeout.denomination = 1s (default)
2019-09-19 04:28:15,700 [cacd8be3-3994-43a0-9248-dc2aa43e6f92:group-AB06C0794217:LeaderElection27] INFO  server.RaftServerConfigKeys (ConfUtils.java:logGet(43)) - raft.server.watch.element-limit = 65536 (default)
2019-09-19 04:28:15,701 [cacd8be3-3994-43a0-9248-dc2aa43e6f92:group-AB06C0794217:LeaderElection27] INFO  impl.RoleInfo (RoleInfo.java:updateAndGet(143)) - cacd8be3-3994-43a0-9248-dc2aa43e6f92: start LeaderState
2019-09-19 04:28:15,701 [cacd8be3-3994-43a0-9248-dc2aa43e6f92:group-AB06C0794217:LeaderElection27] INFO  segmented.SegmentedRaftLogWorker (SegmentedRaftLogWorker.java:startLogSegment(380)) - cacd8be3-3994-43a0-9248-dc2aa43e6f92-SegmentedRaftLogWorker:Storage Directory /workdir/hadoop-ozone/integration-test/target/test-dir/MiniOzoneClusterImpl-0025b056-fb6b-4693-853a-894456f5f8ea/datanode-2/data/ratis/5f421397-b236-4d03-a768-ab06c0794217: Starting segment from index:0
2019-09-19 04:28:15,701 [cacd8be3-3994-43a0-9248-dc2aa43e6f92:group-AB06C0794217:LeaderElection27] INFO  impl.RaftServerImpl (ServerState.java:setRaftConf(361)) - cacd8be3-3994-43a0-9248-dc2aa43e6f92:group-AB06C0794217 set configuration 0: [cacd8be3-3994-43a0-9248-dc2aa43e6f92:192.168.34.50:36186], old=null at 0
2019-09-19 04:28:15,742 [d40cfe62-fc21-48bd-841c-37c3da2319ca-SegmentedRaftLogWorker:Storage Directory /workdir/hadoop-ozone/integration-test/target/test-dir/MiniOzoneClusterImpl-0025b056-fb6b-4693-853a-894456f5f8ea/datanode-1/data/ratis/2acb5912-985a-43d1-af3c-b0771fae3d6f] INFO  segmented.SegmentedRaftLogWorker (SegmentedRaftLogWorker.java:execute(569)) - d40cfe62-fc21-48bd-841c-37c3da2319ca-SegmentedRaftLogWorker:Storage Directory /workdir/hadoop-ozone/integration-test/target/test-dir/MiniOzoneClusterImpl-0025b056-fb6b-4693-853a-894456f5f8ea/datanode-1/data/ratis/2acb5912-985a-43d1-af3c-b0771fae3d6f: created new log segment /workdir/hadoop-ozone/integration-test/target/test-dir/MiniOzoneClusterImpl-0025b056-fb6b-4693-853a-894456f5f8ea/datanode-1/data/ratis/2acb5912-985a-43d1-af3c-b0771fae3d6f/current/log_inprogress_0
2019-09-19 04:28:15,744 | INFO  | SCMAudit | user=jenkins1000 | ip=192.168.34.50 | op=SEND_HEARTBEAT {datanodeUUID=d267f1ee-b840-49aa-88d3-6d319dcb89fa, command=[]} | ret=SUCCESS |  
2019-09-19 04:28:15,790 [cacd8be3-3994-43a0-9248-dc2aa43e6f92-SegmentedRaftLogWorker:Storage Directory /workdir/hadoop-ozone/integration-test/target/test-dir/MiniOzoneClusterImpl-0025b056-fb6b-4693-853a-894456f5f8ea/datanode-2/data/ratis/5f421397-b236-4d03-a768-ab06c0794217] INFO  segmented.SegmentedRaftLogWorker (SegmentedRaftLogWorker.java:execute(569)) - cacd8be3-3994-43a0-9248-dc2aa43e6f92-SegmentedRaftLogWorker:Storage Directory /workdir/hadoop-ozone/integration-test/target/test-dir/MiniOzoneClusterImpl-0025b056-fb6b-4693-853a-894456f5f8ea/datanode-2/data/ratis/5f421397-b236-4d03-a768-ab06c0794217: created new log segment /workdir/hadoop-ozone/integration-test/target/test-dir/MiniOzoneClusterImpl-0025b056-fb6b-4693-853a-894456f5f8ea/datanode-2/data/ratis/5f421397-b236-4d03-a768-ab06c0794217/current/log_inprogress_0
2019-09-19 04:28:15,903 [grpc-default-executor-4] INFO  client.GrpcClientProtocolClient (GrpcClientProtocolClient.java:onNext(255)) - client-8D3BBA1B251F->cacd8be3-3994-43a0-9248-dc2aa43e6f92: receive RaftClientReply:client-8D3BBA1B251F->cacd8be3-3994-43a0-9248-dc2aa43e6f92@group-52CD28E9D88B, cid=42, FAILED org.apache.ratis.protocol.NotLeaderException: Server cacd8be3-3994-43a0-9248-dc2aa43e6f92 is not the leader (fc0f8f3b-538d-481e-abe0-204925d4ee8f:192.168.34.50:35638). Request must be sent to leader., logIndex=0, commits[cacd8be3-3994-43a0-9248-dc2aa43e6f92:c-1, d40cfe62-fc21-48bd-841c-37c3da2319ca:c-1, fc0f8f3b-538d-481e-abe0-204925d4ee8f:c-1]
2019-09-19 04:28:15,994 | INFO  | SCMAudit | user=jenkins1000 | ip=192.168.34.50 | op=SEND_HEARTBEAT {datanodeUUID=646ad8b2-e397-4e74-bda7-a2da429002a8, command=[]} | ret=SUCCESS |  
2019-09-19 04:28:15,999 | INFO  | SCMAudit | user=jenkins1000 | ip=192.168.34.50 | op=SEND_HEARTBEAT {datanodeUUID=fc0f8f3b-538d-481e-abe0-204925d4ee8f, command=[]} | ret=SUCCESS |  
2019-09-19 04:28:16,136 | INFO  | DNAudit | user=null | ip=null | op=CREATE_CONTAINER {containerID=1, containerType=KeyValueContainer} | ret=SUCCESS |  
2019-09-19 04:28:16,145 | INFO  | SCMAudit | user=jenkins1000 | ip=192.168.34.50 | op=SEND_HEARTBEAT {datanodeUUID=fc0f8f3b-538d-481e-abe0-204925d4ee8f, command=[]} | ret=SUCCESS |  
2019-09-19 04:28:16,146 [grpc-default-executor-4] INFO  client.GrpcClientProtocolClient (GrpcClientProtocolClient.java:onNext(255)) - client-8D3BBA1B251F->fc0f8f3b-538d-481e-abe0-204925d4ee8f: receive RaftClientReply:client-8D3BBA1B251F->fc0f8f3b-538d-481e-abe0-204925d4ee8f@group-52CD28E9D88B, cid=42, SUCCESS, logIndex=1, commits[fc0f8f3b-538d-481e-abe0-204925d4ee8f:c2, d40cfe62-fc21-48bd-841c-37c3da2319ca:c1, cacd8be3-3994-43a0-9248-dc2aa43e6f92:c1]
2019-09-19 04:28:16,207 | INFO  | DNAudit | user=null | ip=null | op=CREATE_CONTAINER {containerID=1, containerType=KeyValueContainer} | ret=SUCCESS |  
2019-09-19 04:28:16,207 | INFO  | DNAudit | user=null | ip=null | op=CREATE_CONTAINER {containerID=1, containerType=KeyValueContainer} | ret=SUCCESS |  
2019-09-19 04:28:16,208 | INFO  | SCMAudit | user=jenkins1000 | ip=192.168.34.50 | op=SEND_HEARTBEAT {datanodeUUID=d40cfe62-fc21-48bd-841c-37c3da2319ca, command=[]} | ret=SUCCESS |  
2019-09-19 04:28:16,208 | INFO  | SCMAudit | user=jenkins1000 | ip=192.168.34.50 | op=SEND_HEARTBEAT {datanodeUUID=cacd8be3-3994-43a0-9248-dc2aa43e6f92, command=[]} | ret=SUCCESS |  
2019-09-19 04:28:16,212 | INFO  | SCMAudit | user=jenkins1000 | ip=192.168.34.50 | op=SEND_HEARTBEAT {datanodeUUID=bb21d486-410c-4d63-a3eb-a911625626cf, command=[]} | ret=SUCCESS |  
2019-09-19 04:28:16,221 [Thread-813] INFO  impl.FollowerState (FollowerState.java:run(106)) - 646ad8b2-e397-4e74-bda7-a2da429002a8:group-76DBB8C33422 changes to CANDIDATE, lastRpcTime:5068, electionTimeout:5068ms
2019-09-19 04:28:16,221 [Thread-813] INFO  impl.RoleInfo (RoleInfo.java:shutdownFollowerState(121)) - 646ad8b2-e397-4e74-bda7-a2da429002a8: shutdown FollowerState
2019-09-19 04:28:16,221 [Thread-813] INFO  impl.RaftServerImpl (RaftServerImpl.java:setRole(171)) - 646ad8b2-e397-4e74-bda7-a2da429002a8:group-76DBB8C33422 changes role from FOLLOWER to CANDIDATE at term 0 for changeToCandidate
2019-09-19 04:28:16,222 [Thread-813] INFO  impl.RoleInfo (RoleInfo.java:updateAndGet(143)) - 646ad8b2-e397-4e74-bda7-a2da429002a8: start LeaderElection
2019-09-19 04:28:16,258 [646ad8b2-e397-4e74-bda7-a2da429002a8:group-76DBB8C33422:LeaderElection28] INFO  impl.LeaderElection (LeaderElection.java:askForVotes(181)) - 646ad8b2-e397-4e74-bda7-a2da429002a8:group-76DBB8C33422:LeaderElection28: begin an election at term 1 for -1: [646ad8b2-e397-4e74-bda7-a2da429002a8:192.168.34.50:35451], old=null
2019-09-19 04:28:16,258 [646ad8b2-e397-4e74-bda7-a2da429002a8:group-76DBB8C33422:LeaderElection28] INFO  impl.RoleInfo (RoleInfo.java:shutdownLeaderElection(134)) - 646ad8b2-e397-4e74-bda7-a2da429002a8: shutdown LeaderElection
2019-09-19 04:28:16,258 [646ad8b2-e397-4e74-bda7-a2da429002a8:group-76DBB8C33422:LeaderElection28] INFO  impl.RaftServerImpl (RaftServerImpl.java:setRole(171)) - 646ad8b2-e397-4e74-bda7-a2da429002a8:group-76DBB8C33422 changes role from CANDIDATE to LEADER at term 1 for changeToLeader
2019-09-19 04:28:16,258 [646ad8b2-e397-4e74-bda7-a2da429002a8:group-76DBB8C33422:LeaderElection28] INFO  impl.RaftServerImpl (ServerState.java:setLeader(263)) - 646ad8b2-e397-4e74-bda7-a2da429002a8:group-76DBB8C33422 change Leader from null to 646ad8b2-e397-4e74-bda7-a2da429002a8 at term 1 for becomeLeader, leader elected after 5110ms
2019-09-19 04:28:16,261 [646ad8b2-e397-4e74-bda7-a2da429002a8:group-76DBB8C33422:LeaderElection28] INFO  server.RaftServerConfigKeys (ConfUtils.java:logGet(43)) - raft.server.staging.catchup.gap = 1000 (default)
2019-09-19 04:28:16,261 [646ad8b2-e397-4e74-bda7-a2da429002a8:group-76DBB8C33422:LeaderElection28] INFO  server.RaftServerConfigKeys (ConfUtils.java:logGet(43)) - raft.server.rpc.sleep.time = 25ms (default)
2019-09-19 04:28:16,261 [646ad8b2-e397-4e74-bda7-a2da429002a8:group-76DBB8C33422:LeaderElection28] INFO  server.RaftServerConfigKeys (ConfUtils.java:logGet(43)) - raft.server.write.element-limit = 4096 (default)
2019-09-19 04:28:16,261 [646ad8b2-e397-4e74-bda7-a2da429002a8:group-76DBB8C33422:LeaderElection28] INFO  server.RaftServerConfigKeys (ConfUtils.java:logGet(43)) - raft.server.watch.timeout = 10s (default)
2019-09-19 04:28:16,262 [646ad8b2-e397-4e74-bda7-a2da429002a8:group-76DBB8C33422:LeaderElection28] INFO  server.RaftServerConfigKeys (ConfUtils.java:logGet(43)) - raft.server.watch.timeout.denomination = 1s (default)
2019-09-19 04:28:16,262 [646ad8b2-e397-4e74-bda7-a2da429002a8:group-76DBB8C33422:LeaderElection28] INFO  server.RaftServerConfigKeys (ConfUtils.java:logGet(43)) - raft.server.watch.element-limit = 65536 (default)
2019-09-19 04:28:16,262 [646ad8b2-e397-4e74-bda7-a2da429002a8:group-76DBB8C33422:LeaderElection28] INFO  impl.RoleInfo (RoleInfo.java:updateAndGet(143)) - 646ad8b2-e397-4e74-bda7-a2da429002a8: start LeaderState
2019-09-19 04:28:16,262 [646ad8b2-e397-4e74-bda7-a2da429002a8:group-76DBB8C33422:LeaderElection28] INFO  segmented.SegmentedRaftLogWorker (SegmentedRaftLogWorker.java:startLogSegment(380)) - 646ad8b2-e397-4e74-bda7-a2da429002a8-SegmentedRaftLogWorker:Storage Directory /workdir/hadoop-ozone/integration-test/target/test-dir/MiniOzoneClusterImpl-0025b056-fb6b-4693-853a-894456f5f8ea/datanode-3/data/ratis/c61ac05b-325b-4819-affd-76dbb8c33422: Starting segment from index:0
2019-09-19 04:28:16,263 [646ad8b2-e397-4e74-bda7-a2da429002a8:group-76DBB8C33422:LeaderElection28] INFO  impl.RaftServerImpl (ServerState.java:setRaftConf(361)) - 646ad8b2-e397-4e74-bda7-a2da429002a8:group-76DBB8C33422 set configuration 0: [646ad8b2-e397-4e74-bda7-a2da429002a8:192.168.34.50:35451], old=null at 0
2019-09-19 04:28:16,328 [646ad8b2-e397-4e74-bda7-a2da429002a8-SegmentedRaftLogWorker:Storage Directory /workdir/hadoop-ozone/integration-test/target/test-dir/MiniOzoneClusterImpl-0025b056-fb6b-4693-853a-894456f5f8ea/datanode-3/data/ratis/c61ac05b-325b-4819-affd-76dbb8c33422] INFO  segmented.SegmentedRaftLogWorker (SegmentedRaftLogWorker.java:execute(569)) - 646ad8b2-e397-4e74-bda7-a2da429002a8-SegmentedRaftLogWorker:Storage Directory /workdir/hadoop-ozone/integration-test/target/test-dir/MiniOzoneClusterImpl-0025b056-fb6b-4693-853a-894456f5f8ea/datanode-3/data/ratis/c61ac05b-325b-4819-affd-76dbb8c33422: created new log segment /workdir/hadoop-ozone/integration-test/target/test-dir/MiniOzoneClusterImpl-0025b056-fb6b-4693-853a-894456f5f8ea/datanode-3/data/ratis/c61ac05b-325b-4819-affd-76dbb8c33422/current/log_inprogress_0
2019-09-19 04:28:16,367 | INFO  | DNAudit | user=null | ip=null | op=CREATE_CONTAINER {containerID=2, containerType=KeyValueContainer} | ret=SUCCESS |  
2019-09-19 04:28:16,374 | INFO  | SCMAudit | user=jenkins1000 | ip=192.168.34.50 | op=SEND_HEARTBEAT {datanodeUUID=fc0f8f3b-538d-481e-abe0-204925d4ee8f, command=[]} | ret=SUCCESS |  
2019-09-19 04:28:16,375 [grpc-default-executor-3] INFO  client.GrpcClientProtocolClient (GrpcClientProtocolClient.java:onNext(255)) - client-8D3BBA1B251F->fc0f8f3b-538d-481e-abe0-204925d4ee8f: receive RaftClientReply:client-8D3BBA1B251F->fc0f8f3b-538d-481e-abe0-204925d4ee8f@group-52CD28E9D88B, cid=43, SUCCESS, logIndex=3, commits[fc0f8f3b-538d-481e-abe0-204925d4ee8f:c4, d40cfe62-fc21-48bd-841c-37c3da2319ca:c3, cacd8be3-3994-43a0-9248-dc2aa43e6f92:c3]
2019-09-19 04:28:16,401 [Thread-825] INFO  impl.FollowerState (FollowerState.java:run(106)) - bb21d486-410c-4d63-a3eb-a911625626cf:group-27A2241642C0 changes to CANDIDATE, lastRpcTime:5004, electionTimeout:5004ms
2019-09-19 04:28:16,401 [Thread-825] INFO  impl.RoleInfo (RoleInfo.java:shutdownFollowerState(121)) - bb21d486-410c-4d63-a3eb-a911625626cf: shutdown FollowerState
2019-09-19 04:28:16,401 [Thread-825] INFO  impl.RaftServerImpl (RaftServerImpl.java:setRole(171)) - bb21d486-410c-4d63-a3eb-a911625626cf:group-27A2241642C0 changes role from FOLLOWER to CANDIDATE at term 0 for changeToCandidate
2019-09-19 04:28:16,402 [Thread-825] INFO  impl.RoleInfo (RoleInfo.java:updateAndGet(143)) - bb21d486-410c-4d63-a3eb-a911625626cf: start LeaderElection
2019-09-19 04:28:16,409 | INFO  | DNAudit | user=null | ip=null | op=CREATE_CONTAINER {containerID=2, containerType=KeyValueContainer} | ret=SUCCESS |  
2019-09-19 04:28:16,409 | INFO  | DNAudit | user=null | ip=null | op=CREATE_CONTAINER {containerID=2, containerType=KeyValueContainer} | ret=SUCCESS |  
2019-09-19 04:28:16,413 | INFO  | SCMAudit | user=jenkins1000 | ip=192.168.34.50 | op=SEND_HEARTBEAT {datanodeUUID=cacd8be3-3994-43a0-9248-dc2aa43e6f92, command=[]} | ret=SUCCESS |  
2019-09-19 04:28:16,413 | INFO  | SCMAudit | user=jenkins1000 | ip=192.168.34.50 | op=SEND_HEARTBEAT {datanodeUUID=d40cfe62-fc21-48bd-841c-37c3da2319ca, command=[]} | ret=SUCCESS |  
2019-09-19 04:28:16,430 [bb21d486-410c-4d63-a3eb-a911625626cf:group-27A2241642C0:LeaderElection29] INFO  impl.LeaderElection (LeaderElection.java:askForVotes(181)) - bb21d486-410c-4d63-a3eb-a911625626cf:group-27A2241642C0:LeaderElection29: begin an election at term 1 for -1: [bb21d486-410c-4d63-a3eb-a911625626cf:192.168.34.50:33211], old=null
2019-09-19 04:28:16,431 [bb21d486-410c-4d63-a3eb-a911625626cf:group-27A2241642C0:LeaderElection29] INFO  impl.RoleInfo (RoleInfo.java:shutdownLeaderElection(134)) - bb21d486-410c-4d63-a3eb-a911625626cf: shutdown LeaderElection
2019-09-19 04:28:16,431 [bb21d486-410c-4d63-a3eb-a911625626cf:group-27A2241642C0:LeaderElection29] INFO  impl.RaftServerImpl (RaftServerImpl.java:setRole(171)) - bb21d486-410c-4d63-a3eb-a911625626cf:group-27A2241642C0 changes role from CANDIDATE to LEADER at term 1 for changeToLeader
2019-09-19 04:28:16,431 [bb21d486-410c-4d63-a3eb-a911625626cf:group-27A2241642C0:LeaderElection29] INFO  impl.RaftServerImpl (ServerState.java:setLeader(263)) - bb21d486-410c-4d63-a3eb-a911625626cf:group-27A2241642C0 change Leader from null to bb21d486-410c-4d63-a3eb-a911625626cf at term 1 for becomeLeader, leader elected after 5038ms
2019-09-19 04:28:16,434 [bb21d486-410c-4d63-a3eb-a911625626cf:group-27A2241642C0:LeaderElection29] INFO  server.RaftServerConfigKeys (ConfUtils.java:logGet(43)) - raft.server.staging.catchup.gap = 1000 (default)
2019-09-19 04:28:16,434 [bb21d486-410c-4d63-a3eb-a911625626cf:group-27A2241642C0:LeaderElection29] INFO  server.RaftServerConfigKeys (ConfUtils.java:logGet(43)) - raft.server.rpc.sleep.time = 25ms (default)
2019-09-19 04:28:16,434 [bb21d486-410c-4d63-a3eb-a911625626cf:group-27A2241642C0:LeaderElection29] INFO  server.RaftServerConfigKeys (ConfUtils.java:logGet(43)) - raft.server.write.element-limit = 4096 (default)
2019-09-19 04:28:16,434 [bb21d486-410c-4d63-a3eb-a911625626cf:group-27A2241642C0:LeaderElection29] INFO  server.RaftServerConfigKeys (ConfUtils.java:logGet(43)) - raft.server.watch.timeout = 10s (default)
2019-09-19 04:28:16,434 [bb21d486-410c-4d63-a3eb-a911625626cf:group-27A2241642C0:LeaderElection29] INFO  server.RaftServerConfigKeys (ConfUtils.java:logGet(43)) - raft.server.watch.timeout.denomination = 1s (default)
2019-09-19 04:28:16,434 [bb21d486-410c-4d63-a3eb-a911625626cf:group-27A2241642C0:LeaderElection29] INFO  server.RaftServerConfigKeys (ConfUtils.java:logGet(43)) - raft.server.watch.element-limit = 65536 (default)
2019-09-19 04:28:16,435 [bb21d486-410c-4d63-a3eb-a911625626cf:group-27A2241642C0:LeaderElection29] INFO  impl.RoleInfo (RoleInfo.java:updateAndGet(143)) - bb21d486-410c-4d63-a3eb-a911625626cf: start LeaderState
2019-09-19 04:28:16,435 [bb21d486-410c-4d63-a3eb-a911625626cf:group-27A2241642C0:LeaderElection29] INFO  segmented.SegmentedRaftLogWorker (SegmentedRaftLogWorker.java:startLogSegment(380)) - bb21d486-410c-4d63-a3eb-a911625626cf-SegmentedRaftLogWorker:Storage Directory /workdir/hadoop-ozone/integration-test/target/test-dir/MiniOzoneClusterImpl-0025b056-fb6b-4693-853a-894456f5f8ea/datanode-4/data/ratis/0a5538de-9135-4af4-8e4f-27a2241642c0: Starting segment from index:0
2019-09-19 04:28:16,435 [bb21d486-410c-4d63-a3eb-a911625626cf:group-27A2241642C0:LeaderElection29] INFO  impl.RaftServerImpl (ServerState.java:setRaftConf(361)) - bb21d486-410c-4d63-a3eb-a911625626cf:group-27A2241642C0 set configuration 0: [bb21d486-410c-4d63-a3eb-a911625626cf:192.168.34.50:33211], old=null at 0
2019-09-19 04:28:16,481 | INFO  | SCMAudit | user=jenkins1000 | ip=192.168.34.50 | op=SEND_HEARTBEAT {datanodeUUID=cee6b86e-e629-45c9-9c42-7061c1d64ecd, command=[]} | ret=SUCCESS |  
2019-09-19 04:28:16,497 [bb21d486-410c-4d63-a3eb-a911625626cf-SegmentedRaftLogWorker:Storage Directory /workdir/hadoop-ozone/integration-test/target/test-dir/MiniOzoneClusterImpl-0025b056-fb6b-4693-853a-894456f5f8ea/datanode-4/data/ratis/0a5538de-9135-4af4-8e4f-27a2241642c0] INFO  segmented.SegmentedRaftLogWorker (SegmentedRaftLogWorker.java:execute(569)) - bb21d486-410c-4d63-a3eb-a911625626cf-SegmentedRaftLogWorker:Storage Directory /workdir/hadoop-ozone/integration-test/target/test-dir/MiniOzoneClusterImpl-0025b056-fb6b-4693-853a-894456f5f8ea/datanode-4/data/ratis/0a5538de-9135-4af4-8e4f-27a2241642c0: created new log segment /workdir/hadoop-ozone/integration-test/target/test-dir/MiniOzoneClusterImpl-0025b056-fb6b-4693-853a-894456f5f8ea/datanode-4/data/ratis/0a5538de-9135-4af4-8e4f-27a2241642c0/current/log_inprogress_0
2019-09-19 04:28:16,545 | INFO  | DNAudit | user=null | ip=null | op=CREATE_CONTAINER {containerID=3, containerType=KeyValueContainer} | ret=SUCCESS |  
2019-09-19 04:28:16,546 | INFO  | SCMAudit | user=jenkins1000 | ip=192.168.34.50 | op=SEND_HEARTBEAT {datanodeUUID=fc0f8f3b-538d-481e-abe0-204925d4ee8f, command=[]} | ret=SUCCESS |  
2019-09-19 04:28:16,547 [grpc-default-executor-4] INFO  client.GrpcClientProtocolClient (GrpcClientProtocolClient.java:onNext(255)) - client-8D3BBA1B251F->fc0f8f3b-538d-481e-abe0-204925d4ee8f: receive RaftClientReply:client-8D3BBA1B251F->fc0f8f3b-538d-481e-abe0-204925d4ee8f@group-52CD28E9D88B, cid=44, SUCCESS, logIndex=5, commits[fc0f8f3b-538d-481e-abe0-204925d4ee8f:c6, d40cfe62-fc21-48bd-841c-37c3da2319ca:c5, cacd8be3-3994-43a0-9248-dc2aa43e6f92:c5]
2019-09-19 04:28:16,559 [Thread-822] INFO  impl.FollowerState (FollowerState.java:run(106)) - 646ad8b2-e397-4e74-bda7-a2da429002a8:group-793098847AA3 changes to CANDIDATE, lastRpcTime:5177, electionTimeout:5177ms
2019-09-19 04:28:16,559 [Thread-822] INFO  impl.RoleInfo (RoleInfo.java:shutdownFollowerState(121)) - 646ad8b2-e397-4e74-bda7-a2da429002a8: shutdown FollowerState
2019-09-19 04:28:16,559 [Thread-822] INFO  impl.RaftServerImpl (RaftServerImpl.java:setRole(171)) - 646ad8b2-e397-4e74-bda7-a2da429002a8:group-793098847AA3 changes role from FOLLOWER to CANDIDATE at term 0 for changeToCandidate
2019-09-19 04:28:16,559 [Thread-822] INFO  impl.RoleInfo (RoleInfo.java:updateAndGet(143)) - 646ad8b2-e397-4e74-bda7-a2da429002a8: start LeaderElection
2019-09-19 04:28:16,577 | INFO  | DNAudit | user=null | ip=null | op=CREATE_CONTAINER {containerID=3, containerType=KeyValueContainer} | ret=SUCCESS |  
2019-09-19 04:28:16,577 | INFO  | DNAudit | user=null | ip=null | op=CREATE_CONTAINER {containerID=3, containerType=KeyValueContainer} | ret=SUCCESS |  
2019-09-19 04:28:16,578 | INFO  | SCMAudit | user=jenkins1000 | ip=192.168.34.50 | op=SEND_HEARTBEAT {datanodeUUID=cacd8be3-3994-43a0-9248-dc2aa43e6f92, command=[]} | ret=SUCCESS |  
2019-09-19 04:28:16,578 | INFO  | SCMAudit | user=jenkins1000 | ip=192.168.34.50 | op=SEND_HEARTBEAT {datanodeUUID=d40cfe62-fc21-48bd-841c-37c3da2319ca, command=[]} | ret=SUCCESS |  
2019-09-19 04:28:16,590 [646ad8b2-e397-4e74-bda7-a2da429002a8:group-793098847AA3:LeaderElection30] INFO  impl.LeaderElection (LeaderElection.java:askForVotes(181)) - 646ad8b2-e397-4e74-bda7-a2da429002a8:group-793098847AA3:LeaderElection30: begin an election at term 1 for -1: [646ad8b2-e397-4e74-bda7-a2da429002a8:192.168.34.50:35451, cee6b86e-e629-45c9-9c42-7061c1d64ecd:192.168.34.50:42417, bb21d486-410c-4d63-a3eb-a911625626cf:192.168.34.50:33211], old=null
2019-09-19 04:28:16,591 [Thread-828] INFO  impl.FollowerState (FollowerState.java:run(106)) - bb21d486-410c-4d63-a3eb-a911625626cf:group-793098847AA3 changes to CANDIDATE, lastRpcTime:5048, electionTimeout:5048ms
2019-09-19 04:28:16,591 [Thread-828] INFO  impl.RoleInfo (RoleInfo.java:shutdownFollowerState(121)) - bb21d486-410c-4d63-a3eb-a911625626cf: shutdown FollowerState
2019-09-19 04:28:16,591 [Thread-828] INFO  impl.RaftServerImpl (RaftServerImpl.java:setRole(171)) - bb21d486-410c-4d63-a3eb-a911625626cf:group-793098847AA3 changes role from FOLLOWER to CANDIDATE at term 0 for changeToCandidate
2019-09-19 04:28:16,591 [Thread-828] INFO  impl.RoleInfo (RoleInfo.java:updateAndGet(143)) - bb21d486-410c-4d63-a3eb-a911625626cf: start LeaderElection
2019-09-19 04:28:16,608 [grpc-default-executor-4] INFO  impl.RaftServerImpl (RaftServerImpl.java:setRole(171)) - cee6b86e-e629-45c9-9c42-7061c1d64ecd:group-793098847AA3 changes role from FOLLOWER to FOLLOWER at term 1 for recognizeCandidate:646ad8b2-e397-4e74-bda7-a2da429002a8
2019-09-19 04:28:16,608 [grpc-default-executor-4] INFO  impl.RoleInfo (RoleInfo.java:shutdownFollowerState(121)) - cee6b86e-e629-45c9-9c42-7061c1d64ecd: shutdown FollowerState
2019-09-19 04:28:16,608 [grpc-default-executor-4] INFO  impl.RoleInfo (RoleInfo.java:updateAndGet(143)) - cee6b86e-e629-45c9-9c42-7061c1d64ecd: start FollowerState
2019-09-19 04:28:16,608 [Thread-834] INFO  impl.FollowerState (FollowerState.java:run(114)) - cee6b86e-e629-45c9-9c42-7061c1d64ecd: FollowerState was interrupted: java.lang.InterruptedException: sleep interrupted
2019-09-19 04:28:16,615 [bb21d486-410c-4d63-a3eb-a911625626cf:group-793098847AA3:LeaderElection31] INFO  impl.LeaderElection (LeaderElection.java:askForVotes(181)) - bb21d486-410c-4d63-a3eb-a911625626cf:group-793098847AA3:LeaderElection31: begin an election at term 1 for -1: [646ad8b2-e397-4e74-bda7-a2da429002a8:192.168.34.50:35451, cee6b86e-e629-45c9-9c42-7061c1d64ecd:192.168.34.50:42417, bb21d486-410c-4d63-a3eb-a911625626cf:192.168.34.50:33211], old=null
2019-09-19 04:28:16,638 [bb21d486-410c-4d63-a3eb-a911625626cf:group-793098847AA3:LeaderElection31] INFO  impl.LeaderElection (LeaderElection.java:logAndReturn(56)) - bb21d486-410c-4d63-a3eb-a911625626cf:group-793098847AA3:LeaderElection31: Election REJECTED; received 2 response(s) [bb21d486-410c-4d63-a3eb-a911625626cf<-646ad8b2-e397-4e74-bda7-a2da429002a8#0:FAIL-t1, bb21d486-410c-4d63-a3eb-a911625626cf<-cee6b86e-e629-45c9-9c42-7061c1d64ecd#0:FAIL-t1] and 0 exception(s); bb21d486-410c-4d63-a3eb-a911625626cf:t1, leader=null, voted=bb21d486-410c-4d63-a3eb-a911625626cf, raftlog=bb21d486-410c-4d63-a3eb-a911625626cf-SegmentedRaftLog:OPENED:c-1,f-1,i0, conf=-1: [646ad8b2-e397-4e74-bda7-a2da429002a8:192.168.34.50:35451, cee6b86e-e629-45c9-9c42-7061c1d64ecd:192.168.34.50:42417, bb21d486-410c-4d63-a3eb-a911625626cf:192.168.34.50:33211], old=null
2019-09-19 04:28:16,638 [646ad8b2-e397-4e74-bda7-a2da429002a8:group-793098847AA3:LeaderElection30] INFO  impl.LeaderElection (LeaderElection.java:logAndReturn(56)) - 646ad8b2-e397-4e74-bda7-a2da429002a8:group-793098847AA3:LeaderElection30: Election PASSED; received 2 response(s) [646ad8b2-e397-4e74-bda7-a2da429002a8<-cee6b86e-e629-45c9-9c42-7061c1d64ecd#0:OK-t1, 646ad8b2-e397-4e74-bda7-a2da429002a8<-bb21d486-410c-4d63-a3eb-a911625626cf#0:FAIL-t1] and 0 exception(s); 646ad8b2-e397-4e74-bda7-a2da429002a8:t1, leader=null, voted=646ad8b2-e397-4e74-bda7-a2da429002a8, raftlog=646ad8b2-e397-4e74-bda7-a2da429002a8-SegmentedRaftLog:OPENED:c-1,f-1,i0, conf=-1: [646ad8b2-e397-4e74-bda7-a2da429002a8:192.168.34.50:35451, cee6b86e-e629-45c9-9c42-7061c1d64ecd:192.168.34.50:42417, bb21d486-410c-4d63-a3eb-a911625626cf:192.168.34.50:33211], old=null
2019-09-19 04:28:16,638 [bb21d486-410c-4d63-a3eb-a911625626cf:group-793098847AA3:LeaderElection31] INFO  impl.RaftServerImpl (RaftServerImpl.java:setRole(171)) - bb21d486-410c-4d63-a3eb-a911625626cf:group-793098847AA3 changes role from CANDIDATE to FOLLOWER at term 1 for DISCOVERED_A_NEW_TERM
2019-09-19 04:28:16,638 [646ad8b2-e397-4e74-bda7-a2da429002a8:group-793098847AA3:LeaderElection30] INFO  impl.RoleInfo (RoleInfo.java:shutdownLeaderElection(134)) - 646ad8b2-e397-4e74-bda7-a2da429002a8: shutdown LeaderElection
2019-09-19 04:28:16,638 [bb21d486-410c-4d63-a3eb-a911625626cf:group-793098847AA3:LeaderElection31] INFO  impl.RoleInfo (RoleInfo.java:shutdownLeaderElection(134)) - bb21d486-410c-4d63-a3eb-a911625626cf: shutdown LeaderElection
2019-09-19 04:28:16,638 [646ad8b2-e397-4e74-bda7-a2da429002a8:group-793098847AA3:LeaderElection30] INFO  impl.RaftServerImpl (RaftServerImpl.java:setRole(171)) - 646ad8b2-e397-4e74-bda7-a2da429002a8:group-793098847AA3 changes role from CANDIDATE to LEADER at term 1 for changeToLeader
2019-09-19 04:28:16,639 [bb21d486-410c-4d63-a3eb-a911625626cf:group-793098847AA3:LeaderElection31] INFO  impl.RoleInfo (RoleInfo.java:updateAndGet(143)) - bb21d486-410c-4d63-a3eb-a911625626cf: start FollowerState
2019-09-19 04:28:16,639 [646ad8b2-e397-4e74-bda7-a2da429002a8:group-793098847AA3:LeaderElection30] INFO  impl.RaftServerImpl (ServerState.java:setLeader(263)) - 646ad8b2-e397-4e74-bda7-a2da429002a8:group-793098847AA3 change Leader from null to 646ad8b2-e397-4e74-bda7-a2da429002a8 at term 1 for becomeLeader, leader elected after 5261ms
2019-09-19 04:28:16,639 [646ad8b2-e397-4e74-bda7-a2da429002a8:group-793098847AA3:LeaderElection30] INFO  server.RaftServerConfigKeys (ConfUtils.java:logGet(43)) - raft.server.staging.catchup.gap = 1000 (default)
2019-09-19 04:28:16,639 [646ad8b2-e397-4e74-bda7-a2da429002a8:group-793098847AA3:LeaderElection30] INFO  server.RaftServerConfigKeys (ConfUtils.java:logGet(43)) - raft.server.rpc.sleep.time = 25ms (default)
2019-09-19 04:28:16,639 [646ad8b2-e397-4e74-bda7-a2da429002a8:group-793098847AA3:LeaderElection30] INFO  server.RaftServerConfigKeys (ConfUtils.java:logGet(43)) - raft.server.write.element-limit = 4096 (default)
2019-09-19 04:28:16,640 [646ad8b2-e397-4e74-bda7-a2da429002a8:group-793098847AA3:LeaderElection30] INFO  server.RaftServerConfigKeys (ConfUtils.java:logGet(43)) - raft.server.watch.timeout = 10s (default)
2019-09-19 04:28:16,640 [646ad8b2-e397-4e74-bda7-a2da429002a8:group-793098847AA3:LeaderElection30] INFO  server.RaftServerConfigKeys (ConfUtils.java:logGet(43)) - raft.server.watch.timeout.denomination = 1s (default)
2019-09-19 04:28:16,640 [646ad8b2-e397-4e74-bda7-a2da429002a8:group-793098847AA3:LeaderElection30] INFO  server.RaftServerConfigKeys (ConfUtils.java:logGet(43)) - raft.server.watch.element-limit = 65536 (default)
2019-09-19 04:28:16,640 [646ad8b2-e397-4e74-bda7-a2da429002a8:group-793098847AA3:LeaderElection30] INFO  server.RaftServerConfigKeys (ConfUtils.java:logGet(43)) - raft.server.log.appender.snapshot.chunk.size.max = 16MB (=16777216) (default)
2019-09-19 04:28:16,640 [646ad8b2-e397-4e74-bda7-a2da429002a8:group-793098847AA3:LeaderElection30] INFO  server.RaftServerConfigKeys (ConfUtils.java:logGet(43)) - raft.server.log.appender.buffer.byte-limit = 33554432 (custom)
2019-09-19 04:28:16,641 [646ad8b2-e397-4e74-bda7-a2da429002a8:group-793098847AA3:LeaderElection30] INFO  server.RaftServerConfigKeys (ConfUtils.java:logGet(43)) - raft.server.log.appender.buffer.element-limit = 1 (custom)
2019-09-19 04:28:16,641 [646ad8b2-e397-4e74-bda7-a2da429002a8:group-793098847AA3:LeaderElection30] INFO  grpc.GrpcConfigKeys$Server (ConfUtils.java:logGet(43)) - raft.grpc.server.leader.outstanding.appends.max = 128 (default)
2019-09-19 04:28:16,641 [646ad8b2-e397-4e74-bda7-a2da429002a8:group-793098847AA3:LeaderElection30] INFO  server.RaftServerConfigKeys (ConfUtils.java:logGet(43)) - raft.server.rpc.request.timeout = 3000ms (default)
2019-09-19 04:28:16,641 [646ad8b2-e397-4e74-bda7-a2da429002a8:group-793098847AA3:LeaderElection30] INFO  server.RaftServerConfigKeys (ConfUtils.java:logGet(43)) - raft.server.log.appender.install.snapshot.enabled = false (custom)
2019-09-19 04:28:16,641 [646ad8b2-e397-4e74-bda7-a2da429002a8:group-793098847AA3:LeaderElection30] INFO  server.RaftServerConfigKeys (ConfUtils.java:logGet(43)) - raft.server.log.appender.snapshot.chunk.size.max = 16MB (=16777216) (default)
2019-09-19 04:28:16,642 [646ad8b2-e397-4e74-bda7-a2da429002a8:group-793098847AA3:LeaderElection30] INFO  server.RaftServerConfigKeys (ConfUtils.java:logGet(43)) - raft.server.log.appender.buffer.byte-limit = 33554432 (custom)
2019-09-19 04:28:16,642 [646ad8b2-e397-4e74-bda7-a2da429002a8:group-793098847AA3:LeaderElection30] INFO  server.RaftServerConfigKeys (ConfUtils.java:logGet(43)) - raft.server.log.appender.buffer.element-limit = 1 (custom)
2019-09-19 04:28:16,642 [646ad8b2-e397-4e74-bda7-a2da429002a8:group-793098847AA3:LeaderElection30] INFO  grpc.GrpcConfigKeys$Server (ConfUtils.java:logGet(43)) - raft.grpc.server.leader.outstanding.appends.max = 128 (default)
2019-09-19 04:28:16,642 [646ad8b2-e397-4e74-bda7-a2da429002a8:group-793098847AA3:LeaderElection30] INFO  server.RaftServerConfigKeys (ConfUtils.java:logGet(43)) - raft.server.rpc.request.timeout = 3000ms (default)
2019-09-19 04:28:16,642 [646ad8b2-e397-4e74-bda7-a2da429002a8:group-793098847AA3:LeaderElection30] INFO  server.RaftServerConfigKeys (ConfUtils.java:logGet(43)) - raft.server.log.appender.install.snapshot.enabled = false (custom)
2019-09-19 04:28:16,643 [646ad8b2-e397-4e74-bda7-a2da429002a8:group-793098847AA3:LeaderElection30] INFO  impl.RoleInfo (RoleInfo.java:updateAndGet(143)) - 646ad8b2-e397-4e74-bda7-a2da429002a8: start LeaderState
2019-09-19 04:28:16,643 [646ad8b2-e397-4e74-bda7-a2da429002a8:group-793098847AA3:LeaderElection30] INFO  segmented.SegmentedRaftLogWorker (SegmentedRaftLogWorker.java:startLogSegment(380)) - 646ad8b2-e397-4e74-bda7-a2da429002a8-SegmentedRaftLogWorker:Storage Directory /workdir/hadoop-ozone/integration-test/target/test-dir/MiniOzoneClusterImpl-0025b056-fb6b-4693-853a-894456f5f8ea/datanode-3/data/ratis/0173be8d-8c41-43f2-89c1-793098847aa3: Starting segment from index:0
2019-09-19 04:28:16,644 [646ad8b2-e397-4e74-bda7-a2da429002a8:group-793098847AA3:LeaderElection30] INFO  impl.RaftServerImpl (ServerState.java:setRaftConf(361)) - 646ad8b2-e397-4e74-bda7-a2da429002a8:group-793098847AA3 set configuration 0: [646ad8b2-e397-4e74-bda7-a2da429002a8:192.168.34.50:35451, cee6b86e-e629-45c9-9c42-7061c1d64ecd:192.168.34.50:42417, bb21d486-410c-4d63-a3eb-a911625626cf:192.168.34.50:33211], old=null at 0
2019-09-19 04:28:16,645 [grpc-default-executor-3] INFO  impl.RaftServerImpl (ServerState.java:setLeader(263)) - bb21d486-410c-4d63-a3eb-a911625626cf:group-793098847AA3 change Leader from null to 646ad8b2-e397-4e74-bda7-a2da429002a8 at term 1 for appendEntries, leader elected after 5107ms
2019-09-19 04:28:16,646 [grpc-default-executor-4] INFO  impl.RaftServerImpl (ServerState.java:setLeader(263)) - cee6b86e-e629-45c9-9c42-7061c1d64ecd:group-793098847AA3 change Leader from null to 646ad8b2-e397-4e74-bda7-a2da429002a8 at term 1 for appendEntries, leader elected after 4987ms
2019-09-19 04:28:16,648 [grpc-default-executor-3] INFO  impl.RaftServerImpl (ServerState.java:setRaftConf(361)) - bb21d486-410c-4d63-a3eb-a911625626cf:group-793098847AA3 set configuration 0: [646ad8b2-e397-4e74-bda7-a2da429002a8:192.168.34.50:35451, cee6b86e-e629-45c9-9c42-7061c1d64ecd:192.168.34.50:42417, bb21d486-410c-4d63-a3eb-a911625626cf:192.168.34.50:33211], old=null at 0
2019-09-19 04:28:16,648 [grpc-default-executor-3] INFO  segmented.SegmentedRaftLogWorker (SegmentedRaftLogWorker.java:startLogSegment(380)) - bb21d486-410c-4d63-a3eb-a911625626cf-SegmentedRaftLogWorker:Storage Directory /workdir/hadoop-ozone/integration-test/target/test-dir/MiniOzoneClusterImpl-0025b056-fb6b-4693-853a-894456f5f8ea/datanode-4/data/ratis/0173be8d-8c41-43f2-89c1-793098847aa3: Starting segment from index:0
2019-09-19 04:28:16,649 [grpc-default-executor-4] INFO  impl.RaftServerImpl (ServerState.java:setRaftConf(361)) - cee6b86e-e629-45c9-9c42-7061c1d64ecd:group-793098847AA3 set configuration 0: [646ad8b2-e397-4e74-bda7-a2da429002a8:192.168.34.50:35451, cee6b86e-e629-45c9-9c42-7061c1d64ecd:192.168.34.50:42417, bb21d486-410c-4d63-a3eb-a911625626cf:192.168.34.50:33211], old=null at 0
2019-09-19 04:28:16,649 [grpc-default-executor-4] INFO  segmented.SegmentedRaftLogWorker (SegmentedRaftLogWorker.java:startLogSegment(380)) - cee6b86e-e629-45c9-9c42-7061c1d64ecd-SegmentedRaftLogWorker:Storage Directory /workdir/hadoop-ozone/integration-test/target/test-dir/MiniOzoneClusterImpl-0025b056-fb6b-4693-853a-894456f5f8ea/datanode-5/data/ratis/0173be8d-8c41-43f2-89c1-793098847aa3: Starting segment from index:0
2019-09-19 04:28:16,669 [Thread-831] INFO  impl.FollowerState (FollowerState.java:run(106)) - cee6b86e-e629-45c9-9c42-7061c1d64ecd:group-911D37771303 changes to CANDIDATE, lastRpcTime:5086, electionTimeout:5086ms
2019-09-19 04:28:16,669 [Thread-831] INFO  impl.RoleInfo (RoleInfo.java:shutdownFollowerState(121)) - cee6b86e-e629-45c9-9c42-7061c1d64ecd: shutdown FollowerState
2019-09-19 04:28:16,670 [Thread-831] INFO  impl.RaftServerImpl (RaftServerImpl.java:setRole(171)) - cee6b86e-e629-45c9-9c42-7061c1d64ecd:group-911D37771303 changes role from FOLLOWER to CANDIDATE at term 0 for changeToCandidate
2019-09-19 04:28:16,670 [Thread-831] INFO  impl.RoleInfo (RoleInfo.java:updateAndGet(143)) - cee6b86e-e629-45c9-9c42-7061c1d64ecd: start LeaderElection
2019-09-19 04:28:16,744 | INFO  | SCMAudit | user=jenkins1000 | ip=192.168.34.50 | op=SEND_HEARTBEAT {datanodeUUID=d267f1ee-b840-49aa-88d3-6d319dcb89fa, command=[]} | ret=SUCCESS |  
2019-09-19 04:28:16,750 [bb21d486-410c-4d63-a3eb-a911625626cf-SegmentedRaftLogWorker:Storage Directory /workdir/hadoop-ozone/integration-test/target/test-dir/MiniOzoneClusterImpl-0025b056-fb6b-4693-853a-894456f5f8ea/datanode-4/data/ratis/0173be8d-8c41-43f2-89c1-793098847aa3] INFO  segmented.SegmentedRaftLogWorker (SegmentedRaftLogWorker.java:execute(569)) - bb21d486-410c-4d63-a3eb-a911625626cf-SegmentedRaftLogWorker:Storage Directory /workdir/hadoop-ozone/integration-test/target/test-dir/MiniOzoneClusterImpl-0025b056-fb6b-4693-853a-894456f5f8ea/datanode-4/data/ratis/0173be8d-8c41-43f2-89c1-793098847aa3: created new log segment /workdir/hadoop-ozone/integration-test/target/test-dir/MiniOzoneClusterImpl-0025b056-fb6b-4693-853a-894456f5f8ea/datanode-4/data/ratis/0173be8d-8c41-43f2-89c1-793098847aa3/current/log_inprogress_0
2019-09-19 04:28:16,750 [cee6b86e-e629-45c9-9c42-7061c1d64ecd-SegmentedRaftLogWorker:Storage Directory /workdir/hadoop-ozone/integration-test/target/test-dir/MiniOzoneClusterImpl-0025b056-fb6b-4693-853a-894456f5f8ea/datanode-5/data/ratis/0173be8d-8c41-43f2-89c1-793098847aa3] INFO  segmented.SegmentedRaftLogWorker (SegmentedRaftLogWorker.java:execute(569)) - cee6b86e-e629-45c9-9c42-7061c1d64ecd-SegmentedRaftLogWorker:Storage Directory /workdir/hadoop-ozone/integration-test/target/test-dir/MiniOzoneClusterImpl-0025b056-fb6b-4693-853a-894456f5f8ea/datanode-5/data/ratis/0173be8d-8c41-43f2-89c1-793098847aa3: created new log segment /workdir/hadoop-ozone/integration-test/target/test-dir/MiniOzoneClusterImpl-0025b056-fb6b-4693-853a-894456f5f8ea/datanode-5/data/ratis/0173be8d-8c41-43f2-89c1-793098847aa3/current/log_inprogress_0
2019-09-19 04:28:16,750 [646ad8b2-e397-4e74-bda7-a2da429002a8-SegmentedRaftLogWorker:Storage Directory /workdir/hadoop-ozone/integration-test/target/test-dir/MiniOzoneClusterImpl-0025b056-fb6b-4693-853a-894456f5f8ea/datanode-3/data/ratis/0173be8d-8c41-43f2-89c1-793098847aa3] INFO  segmented.SegmentedRaftLogWorker (SegmentedRaftLogWorker.java:execute(569)) - 646ad8b2-e397-4e74-bda7-a2da429002a8-SegmentedRaftLogWorker:Storage Directory /workdir/hadoop-ozone/integration-test/target/test-dir/MiniOzoneClusterImpl-0025b056-fb6b-4693-853a-894456f5f8ea/datanode-3/data/ratis/0173be8d-8c41-43f2-89c1-793098847aa3: created new log segment /workdir/hadoop-ozone/integration-test/target/test-dir/MiniOzoneClusterImpl-0025b056-fb6b-4693-853a-894456f5f8ea/datanode-3/data/ratis/0173be8d-8c41-43f2-89c1-793098847aa3/current/log_inprogress_0
2019-09-19 04:28:16,750 [cee6b86e-e629-45c9-9c42-7061c1d64ecd:group-911D37771303:LeaderElection32] INFO  impl.LeaderElection (LeaderElection.java:askForVotes(181)) - cee6b86e-e629-45c9-9c42-7061c1d64ecd:group-911D37771303:LeaderElection32: begin an election at term 1 for -1: [cee6b86e-e629-45c9-9c42-7061c1d64ecd:192.168.34.50:42417], old=null
2019-09-19 04:28:16,750 [cee6b86e-e629-45c9-9c42-7061c1d64ecd:group-911D37771303:LeaderElection32] INFO  impl.RoleInfo (RoleInfo.java:shutdownLeaderElection(134)) - cee6b86e-e629-45c9-9c42-7061c1d64ecd: shutdown LeaderElection
2019-09-19 04:28:16,751 [cee6b86e-e629-45c9-9c42-7061c1d64ecd:group-911D37771303:LeaderElection32] INFO  impl.RaftServerImpl (RaftServerImpl.java:setRole(171)) - cee6b86e-e629-45c9-9c42-7061c1d64ecd:group-911D37771303 changes role from CANDIDATE to LEADER at term 1 for changeToLeader
2019-09-19 04:28:16,751 [cee6b86e-e629-45c9-9c42-7061c1d64ecd:group-911D37771303:LeaderElection32] INFO  impl.RaftServerImpl (ServerState.java:setLeader(263)) - cee6b86e-e629-45c9-9c42-7061c1d64ecd:group-911D37771303 change Leader from null to cee6b86e-e629-45c9-9c42-7061c1d64ecd at term 1 for becomeLeader, leader elected after 5173ms
2019-09-19 04:28:16,761 [cee6b86e-e629-45c9-9c42-7061c1d64ecd:group-911D37771303:LeaderElection32] INFO  server.RaftServerConfigKeys (ConfUtils.java:logGet(43)) - raft.server.staging.catchup.gap = 1000 (default)
2019-09-19 04:28:16,762 [cee6b86e-e629-45c9-9c42-7061c1d64ecd:group-911D37771303:LeaderElection32] INFO  server.RaftServerConfigKeys (ConfUtils.java:logGet(43)) - raft.server.rpc.sleep.time = 25ms (default)
2019-09-19 04:28:16,762 [cee6b86e-e629-45c9-9c42-7061c1d64ecd:group-911D37771303:LeaderElection32] INFO  server.RaftServerConfigKeys (ConfUtils.java:logGet(43)) - raft.server.write.element-limit = 4096 (default)
2019-09-19 04:28:16,762 [cee6b86e-e629-45c9-9c42-7061c1d64ecd:group-911D37771303:LeaderElection32] INFO  server.RaftServerConfigKeys (ConfUtils.java:logGet(43)) - raft.server.watch.timeout = 10s (default)
2019-09-19 04:28:16,762 [cee6b86e-e629-45c9-9c42-7061c1d64ecd:group-911D37771303:LeaderElection32] INFO  server.RaftServerConfigKeys (ConfUtils.java:logGet(43)) - raft.server.watch.timeout.denomination = 1s (default)
2019-09-19 04:28:16,763 [cee6b86e-e629-45c9-9c42-7061c1d64ecd:group-911D37771303:LeaderElection32] INFO  server.RaftServerConfigKeys (ConfUtils.java:logGet(43)) - raft.server.watch.element-limit = 65536 (default)
2019-09-19 04:28:16,763 [cee6b86e-e629-45c9-9c42-7061c1d64ecd:group-911D37771303:LeaderElection32] INFO  impl.RoleInfo (RoleInfo.java:updateAndGet(143)) - cee6b86e-e629-45c9-9c42-7061c1d64ecd: start LeaderState
2019-09-19 04:28:16,763 [cee6b86e-e629-45c9-9c42-7061c1d64ecd:group-911D37771303:LeaderElection32] INFO  segmented.SegmentedRaftLogWorker (SegmentedRaftLogWorker.java:startLogSegment(380)) - cee6b86e-e629-45c9-9c42-7061c1d64ecd-SegmentedRaftLogWorker:Storage Directory /workdir/hadoop-ozone/integration-test/target/test-dir/MiniOzoneClusterImpl-0025b056-fb6b-4693-853a-894456f5f8ea/datanode-5/data/ratis/a25694fb-5566-4b08-80a6-911d37771303: Starting segment from index:0
2019-09-19 04:28:16,764 [cee6b86e-e629-45c9-9c42-7061c1d64ecd:group-911D37771303:LeaderElection32] INFO  impl.RaftServerImpl (ServerState.java:setRaftConf(361)) - cee6b86e-e629-45c9-9c42-7061c1d64ecd:group-911D37771303 set configuration 0: [cee6b86e-e629-45c9-9c42-7061c1d64ecd:192.168.34.50:42417], old=null at 0
2019-09-19 04:28:16,849 [cee6b86e-e629-45c9-9c42-7061c1d64ecd-SegmentedRaftLogWorker:Storage Directory /workdir/hadoop-ozone/integration-test/target/test-dir/MiniOzoneClusterImpl-0025b056-fb6b-4693-853a-894456f5f8ea/datanode-5/data/ratis/a25694fb-5566-4b08-80a6-911d37771303] INFO  segmented.SegmentedRaftLogWorker (SegmentedRaftLogWorker.java:execute(569)) - cee6b86e-e629-45c9-9c42-7061c1d64ecd-SegmentedRaftLogWorker:Storage Directory /workdir/hadoop-ozone/integration-test/target/test-dir/MiniOzoneClusterImpl-0025b056-fb6b-4693-853a-894456f5f8ea/datanode-5/data/ratis/a25694fb-5566-4b08-80a6-911d37771303: created new log segment /workdir/hadoop-ozone/integration-test/target/test-dir/MiniOzoneClusterImpl-0025b056-fb6b-4693-853a-894456f5f8ea/datanode-5/data/ratis/a25694fb-5566-4b08-80a6-911d37771303/current/log_inprogress_0
2019-09-19 04:28:16,977 [Thread-840] INFO  impl.FollowerState (FollowerState.java:run(106)) - d267f1ee-b840-49aa-88d3-6d319dcb89fa:group-793ED494825F changes to CANDIDATE, lastRpcTime:5174, electionTimeout:5174ms
2019-09-19 04:28:16,977 [Thread-840] INFO  impl.RoleInfo (RoleInfo.java:shutdownFollowerState(121)) - d267f1ee-b840-49aa-88d3-6d319dcb89fa: shutdown FollowerState
2019-09-19 04:28:16,977 [Thread-840] INFO  impl.RaftServerImpl (RaftServerImpl.java:setRole(171)) - d267f1ee-b840-49aa-88d3-6d319dcb89fa:group-793ED494825F changes role from FOLLOWER to CANDIDATE at term 0 for changeToCandidate
2019-09-19 04:28:16,977 [Thread-840] INFO  impl.RoleInfo (RoleInfo.java:updateAndGet(143)) - d267f1ee-b840-49aa-88d3-6d319dcb89fa: start LeaderElection
2019-09-19 04:28:16,994 | INFO  | SCMAudit | user=jenkins1000 | ip=192.168.34.50 | op=SEND_HEARTBEAT {datanodeUUID=646ad8b2-e397-4e74-bda7-a2da429002a8, command=[]} | ret=SUCCESS |  
2019-09-19 04:28:17,010 [d267f1ee-b840-49aa-88d3-6d319dcb89fa:group-793ED494825F:LeaderElection33] INFO  impl.LeaderElection (LeaderElection.java:askForVotes(181)) - d267f1ee-b840-49aa-88d3-6d319dcb89fa:group-793ED494825F:LeaderElection33: begin an election at term 1 for -1: [d267f1ee-b840-49aa-88d3-6d319dcb89fa:192.168.34.50:38921], old=null
2019-09-19 04:28:17,010 [d267f1ee-b840-49aa-88d3-6d319dcb89fa:group-793ED494825F:LeaderElection33] INFO  impl.RoleInfo (RoleInfo.java:shutdownLeaderElection(134)) - d267f1ee-b840-49aa-88d3-6d319dcb89fa: shutdown LeaderElection
2019-09-19 04:28:17,011 [d267f1ee-b840-49aa-88d3-6d319dcb89fa:group-793ED494825F:LeaderElection33] INFO  impl.RaftServerImpl (RaftServerImpl.java:setRole(171)) - d267f1ee-b840-49aa-88d3-6d319dcb89fa:group-793ED494825F changes role from CANDIDATE to LEADER at term 1 for changeToLeader
2019-09-19 04:28:17,011 [d267f1ee-b840-49aa-88d3-6d319dcb89fa:group-793ED494825F:LeaderElection33] INFO  impl.RaftServerImpl (ServerState.java:setLeader(263)) - d267f1ee-b840-49aa-88d3-6d319dcb89fa:group-793ED494825F change Leader from null to d267f1ee-b840-49aa-88d3-6d319dcb89fa at term 1 for becomeLeader, leader elected after 5211ms
2019-09-19 04:28:17,011 [d267f1ee-b840-49aa-88d3-6d319dcb89fa:group-793ED494825F:LeaderElection33] INFO  server.RaftServerConfigKeys (ConfUtils.java:logGet(43)) - raft.server.staging.catchup.gap = 1000 (default)
2019-09-19 04:28:17,011 [d267f1ee-b840-49aa-88d3-6d319dcb89fa:group-793ED494825F:LeaderElection33] INFO  server.RaftServerConfigKeys (ConfUtils.java:logGet(43)) - raft.server.rpc.sleep.time = 25ms (default)
2019-09-19 04:28:17,011 [d267f1ee-b840-49aa-88d3-6d319dcb89fa:group-793ED494825F:LeaderElection33] INFO  server.RaftServerConfigKeys (ConfUtils.java:logGet(43)) - raft.server.write.element-limit = 4096 (default)
2019-09-19 04:28:17,011 [d267f1ee-b840-49aa-88d3-6d319dcb89fa:group-793ED494825F:LeaderElection33] INFO  server.RaftServerConfigKeys (ConfUtils.java:logGet(43)) - raft.server.watch.timeout = 10s (default)
2019-09-19 04:28:17,012 [d267f1ee-b840-49aa-88d3-6d319dcb89fa:group-793ED494825F:LeaderElection33] INFO  server.RaftServerConfigKeys (ConfUtils.java:logGet(43)) - raft.server.watch.timeout.denomination = 1s (default)
2019-09-19 04:28:17,012 [d267f1ee-b840-49aa-88d3-6d319dcb89fa:group-793ED494825F:LeaderElection33] INFO  server.RaftServerConfigKeys (ConfUtils.java:logGet(43)) - raft.server.watch.element-limit = 65536 (default)
2019-09-19 04:28:17,012 [d267f1ee-b840-49aa-88d3-6d319dcb89fa:group-793ED494825F:LeaderElection33] INFO  impl.RoleInfo (RoleInfo.java:updateAndGet(143)) - d267f1ee-b840-49aa-88d3-6d319dcb89fa: start LeaderState
2019-09-19 04:28:17,012 [d267f1ee-b840-49aa-88d3-6d319dcb89fa:group-793ED494825F:LeaderElection33] INFO  segmented.SegmentedRaftLogWorker (SegmentedRaftLogWorker.java:startLogSegment(380)) - d267f1ee-b840-49aa-88d3-6d319dcb89fa-SegmentedRaftLogWorker:Storage Directory /workdir/hadoop-ozone/integration-test/target/test-dir/MiniOzoneClusterImpl-0025b056-fb6b-4693-853a-894456f5f8ea/datanode-6/data/ratis/c579390f-dcb6-4207-82b2-793ed494825f: Starting segment from index:0
2019-09-19 04:28:17,013 [d267f1ee-b840-49aa-88d3-6d319dcb89fa:group-793ED494825F:LeaderElection33] INFO  impl.RaftServerImpl (ServerState.java:setRaftConf(361)) - d267f1ee-b840-49aa-88d3-6d319dcb89fa:group-793ED494825F set configuration 0: [d267f1ee-b840-49aa-88d3-6d319dcb89fa:192.168.34.50:38921], old=null at 0
2019-09-19 04:28:17,071 [d267f1ee-b840-49aa-88d3-6d319dcb89fa-SegmentedRaftLogWorker:Storage Directory /workdir/hadoop-ozone/integration-test/target/test-dir/MiniOzoneClusterImpl-0025b056-fb6b-4693-853a-894456f5f8ea/datanode-6/data/ratis/c579390f-dcb6-4207-82b2-793ed494825f] INFO  segmented.SegmentedRaftLogWorker (SegmentedRaftLogWorker.java:execute(569)) - d267f1ee-b840-49aa-88d3-6d319dcb89fa-SegmentedRaftLogWorker:Storage Directory /workdir/hadoop-ozone/integration-test/target/test-dir/MiniOzoneClusterImpl-0025b056-fb6b-4693-853a-894456f5f8ea/datanode-6/data/ratis/c579390f-dcb6-4207-82b2-793ed494825f: created new log segment /workdir/hadoop-ozone/integration-test/target/test-dir/MiniOzoneClusterImpl-0025b056-fb6b-4693-853a-894456f5f8ea/datanode-6/data/ratis/c579390f-dcb6-4207-82b2-793ed494825f/current/log_inprogress_0
2019-09-19 04:28:17,213 | INFO  | SCMAudit | user=jenkins1000 | ip=192.168.34.50 | op=SEND_HEARTBEAT {datanodeUUID=bb21d486-410c-4d63-a3eb-a911625626cf, command=[]} | ret=SUCCESS |  
2019-09-19 04:28:17,480 | INFO  | SCMAudit | user=jenkins1000 | ip=192.168.34.50 | op=SEND_HEARTBEAT {datanodeUUID=cee6b86e-e629-45c9-9c42-7061c1d64ecd, command=[]} | ret=SUCCESS |  
2019-09-19 04:28:17,548 | INFO  | SCMAudit | user=jenkins1000 | ip=192.168.34.50 | op=SEND_HEARTBEAT {datanodeUUID=fc0f8f3b-538d-481e-abe0-204925d4ee8f, command=[]} | ret=SUCCESS |  
2019-09-19 04:28:17,578 | INFO  | SCMAudit | user=jenkins1000 | ip=192.168.34.50 | op=SEND_HEARTBEAT {datanodeUUID=d40cfe62-fc21-48bd-841c-37c3da2319ca, command=[]} | ret=SUCCESS |  
2019-09-19 04:28:17,577 | INFO  | SCMAudit | user=jenkins1000 | ip=192.168.34.50 | op=SEND_HEARTBEAT {datanodeUUID=cacd8be3-3994-43a0-9248-dc2aa43e6f92, command=[]} | ret=SUCCESS |  
2019-09-19 04:28:17,744 | INFO  | SCMAudit | user=jenkins1000 | ip=192.168.34.50 | op=SEND_HEARTBEAT {datanodeUUID=d267f1ee-b840-49aa-88d3-6d319dcb89fa, command=[]} | ret=SUCCESS |  
2019-09-19 04:28:17,995 | INFO  | SCMAudit | user=jenkins1000 | ip=192.168.34.50 | op=SEND_HEARTBEAT {datanodeUUID=646ad8b2-e397-4e74-bda7-a2da429002a8, command=[]} | ret=SUCCESS |  
2019-09-19 04:28:18,213 | INFO  | SCMAudit | user=jenkins1000 | ip=192.168.34.50 | op=SEND_HEARTBEAT {datanodeUUID=bb21d486-410c-4d63-a3eb-a911625626cf, command=[]} | ret=SUCCESS |  
2019-09-19 04:28:18,480 | INFO  | SCMAudit | user=jenkins1000 | ip=192.168.34.50 | op=SEND_HEARTBEAT {datanodeUUID=cee6b86e-e629-45c9-9c42-7061c1d64ecd, command=[]} | ret=SUCCESS |  
2019-09-19 04:28:18,547 | INFO  | SCMAudit | user=jenkins1000 | ip=192.168.34.50 | op=SEND_HEARTBEAT {datanodeUUID=fc0f8f3b-538d-481e-abe0-204925d4ee8f, command=[]} | ret=SUCCESS |  
2019-09-19 04:28:18,577 | INFO  | SCMAudit | user=jenkins1000 | ip=192.168.34.50 | op=SEND_HEARTBEAT {datanodeUUID=cacd8be3-3994-43a0-9248-dc2aa43e6f92, command=[]} | ret=SUCCESS |  
2019-09-19 04:28:18,578 | INFO  | SCMAudit | user=jenkins1000 | ip=192.168.34.50 | op=SEND_HEARTBEAT {datanodeUUID=d40cfe62-fc21-48bd-841c-37c3da2319ca, command=[]} | ret=SUCCESS |  
2019-09-19 04:28:18,744 | INFO  | SCMAudit | user=jenkins1000 | ip=192.168.34.50 | op=SEND_HEARTBEAT {datanodeUUID=d267f1ee-b840-49aa-88d3-6d319dcb89fa, command=[]} | ret=SUCCESS |  
2019-09-19 04:28:18,995 | INFO  | SCMAudit | user=jenkins1000 | ip=192.168.34.50 | op=SEND_HEARTBEAT {datanodeUUID=646ad8b2-e397-4e74-bda7-a2da429002a8, command=[]} | ret=SUCCESS |  
2019-09-19 04:28:19,214 | INFO  | SCMAudit | user=jenkins1000 | ip=192.168.34.50 | op=SEND_HEARTBEAT {datanodeUUID=bb21d486-410c-4d63-a3eb-a911625626cf, command=[]} | ret=SUCCESS |  
2019-09-19 04:28:19,481 | INFO  | SCMAudit | user=jenkins1000 | ip=192.168.34.50 | op=SEND_HEARTBEAT {datanodeUUID=cee6b86e-e629-45c9-9c42-7061c1d64ecd, command=[]} | ret=SUCCESS |  
2019-09-19 04:28:19,547 | INFO  | SCMAudit | user=jenkins1000 | ip=192.168.34.50 | op=SEND_HEARTBEAT {datanodeUUID=fc0f8f3b-538d-481e-abe0-204925d4ee8f, command=[]} | ret=SUCCESS |  
2019-09-19 04:28:19,578 | INFO  | SCMAudit | user=jenkins1000 | ip=192.168.34.50 | op=SEND_HEARTBEAT {datanodeUUID=cacd8be3-3994-43a0-9248-dc2aa43e6f92, command=[]} | ret=SUCCESS |  
2019-09-19 04:28:19,578 | INFO  | SCMAudit | user=jenkins1000 | ip=192.168.34.50 | op=SEND_HEARTBEAT {datanodeUUID=d40cfe62-fc21-48bd-841c-37c3da2319ca, command=[]} | ret=SUCCESS |  
2019-09-19 04:28:19,743 | INFO  | SCMAudit | user=jenkins1000 | ip=192.168.34.50 | op=SEND_HEARTBEAT {datanodeUUID=d267f1ee-b840-49aa-88d3-6d319dcb89fa, command=[]} | ret=SUCCESS |  
2019-09-19 04:28:19,996 | INFO  | SCMAudit | user=jenkins1000 | ip=192.168.34.50 | op=SEND_HEARTBEAT {datanodeUUID=646ad8b2-e397-4e74-bda7-a2da429002a8, command=[]} | ret=SUCCESS |  
2019-09-19 04:28:20,215 | INFO  | SCMAudit | user=jenkins1000 | ip=192.168.34.50 | op=SEND_HEARTBEAT {datanodeUUID=bb21d486-410c-4d63-a3eb-a911625626cf, command=[]} | ret=SUCCESS |  
2019-09-19 04:28:20,482 | INFO  | SCMAudit | user=jenkins1000 | ip=192.168.34.50 | op=SEND_HEARTBEAT {datanodeUUID=cee6b86e-e629-45c9-9c42-7061c1d64ecd, command=[]} | ret=SUCCESS |  
2019-09-19 04:28:20,546 | INFO  | SCMAudit | user=jenkins1000 | ip=192.168.34.50 | op=SEND_HEARTBEAT {datanodeUUID=fc0f8f3b-538d-481e-abe0-204925d4ee8f, command=[]} | ret=SUCCESS |  
2019-09-19 04:28:20,578 | INFO  | SCMAudit | user=jenkins1000 | ip=192.168.34.50 | op=SEND_HEARTBEAT {datanodeUUID=cacd8be3-3994-43a0-9248-dc2aa43e6f92, command=[]} | ret=SUCCESS |  
2019-09-19 04:28:20,579 | INFO  | SCMAudit | user=jenkins1000 | ip=192.168.34.50 | op=SEND_HEARTBEAT {datanodeUUID=d40cfe62-fc21-48bd-841c-37c3da2319ca, command=[]} | ret=SUCCESS |  
2019-09-19 04:28:20,744 | INFO  | SCMAudit | user=jenkins1000 | ip=192.168.34.50 | op=SEND_HEARTBEAT {datanodeUUID=d267f1ee-b840-49aa-88d3-6d319dcb89fa, command=[]} | ret=SUCCESS |  
2019-09-19 04:28:20,995 | INFO  | SCMAudit | user=jenkins1000 | ip=192.168.34.50 | op=SEND_HEARTBEAT {datanodeUUID=646ad8b2-e397-4e74-bda7-a2da429002a8, command=[]} | ret=SUCCESS |  
2019-09-19 04:28:21,215 | INFO  | SCMAudit | user=jenkins1000 | ip=192.168.34.50 | op=SEND_HEARTBEAT {datanodeUUID=bb21d486-410c-4d63-a3eb-a911625626cf, command=[]} | ret=SUCCESS |  
2019-09-19 04:28:21,482 | INFO  | SCMAudit | user=jenkins1000 | ip=192.168.34.50 | op=SEND_HEARTBEAT {datanodeUUID=cee6b86e-e629-45c9-9c42-7061c1d64ecd, command=[]} | ret=SUCCESS |  
2019-09-19 04:28:21,547 | INFO  | SCMAudit | user=jenkins1000 | ip=192.168.34.50 | op=SEND_HEARTBEAT {datanodeUUID=fc0f8f3b-538d-481e-abe0-204925d4ee8f, command=[]} | ret=SUCCESS |  
2019-09-19 04:28:21,583 | INFO  | SCMAudit | user=jenkins1000 | ip=192.168.34.50 | op=SEND_HEARTBEAT {datanodeUUID=d40cfe62-fc21-48bd-841c-37c3da2319ca, command=[]} | ret=SUCCESS |  
2019-09-19 04:28:21,583 | INFO  | SCMAudit | user=jenkins1000 | ip=192.168.34.50 | op=SEND_HEARTBEAT {datanodeUUID=cacd8be3-3994-43a0-9248-dc2aa43e6f92, command=[]} | ret=SUCCESS |  
2019-09-19 04:28:21,593 [grpc-default-executor-3] INFO  client.GrpcClientProtocolClient (GrpcClientProtocolClient.java:onNext(255)) - client-8D3BBA1B251F->cacd8be3-3994-43a0-9248-dc2aa43e6f92: receive RaftClientReply:client-8D3BBA1B251F->cacd8be3-3994-43a0-9248-dc2aa43e6f92@group-52CD28E9D88B, cid=45, FAILED org.apache.ratis.protocol.NotLeaderException: Server cacd8be3-3994-43a0-9248-dc2aa43e6f92 is not the leader (fc0f8f3b-538d-481e-abe0-204925d4ee8f:192.168.34.50:35638). Request must be sent to leader., logIndex=0, commits[cacd8be3-3994-43a0-9248-dc2aa43e6f92:c8, d40cfe62-fc21-48bd-841c-37c3da2319ca:c8, fc0f8f3b-538d-481e-abe0-204925d4ee8f:c8]
2019-09-19 04:28:21,744 | INFO  | SCMAudit | user=jenkins1000 | ip=192.168.34.50 | op=SEND_HEARTBEAT {datanodeUUID=d267f1ee-b840-49aa-88d3-6d319dcb89fa, command=[]} | ret=SUCCESS |  
2019-09-19 04:28:21,996 | INFO  | SCMAudit | user=jenkins1000 | ip=192.168.34.50 | op=SEND_HEARTBEAT {datanodeUUID=646ad8b2-e397-4e74-bda7-a2da429002a8, command=[]} | ret=SUCCESS |  
2019-09-19 04:28:22,215 | INFO  | SCMAudit | user=jenkins1000 | ip=192.168.34.50 | op=SEND_HEARTBEAT {datanodeUUID=bb21d486-410c-4d63-a3eb-a911625626cf, command=[]} | ret=SUCCESS |  
2019-09-19 04:28:22,482 | INFO  | SCMAudit | user=jenkins1000 | ip=192.168.34.50 | op=SEND_HEARTBEAT {datanodeUUID=cee6b86e-e629-45c9-9c42-7061c1d64ecd, command=[]} | ret=SUCCESS |  
2019-09-19 04:28:22,547 | INFO  | SCMAudit | user=jenkins1000 | ip=192.168.34.50 | op=SEND_HEARTBEAT {datanodeUUID=fc0f8f3b-538d-481e-abe0-204925d4ee8f, command=[]} | ret=SUCCESS |  
2019-09-19 04:28:22,578 | INFO  | SCMAudit | user=jenkins1000 | ip=192.168.34.50 | op=SEND_HEARTBEAT {datanodeUUID=d40cfe62-fc21-48bd-841c-37c3da2319ca, command=[]} | ret=SUCCESS |  
2019-09-19 04:28:22,578 | INFO  | SCMAudit | user=jenkins1000 | ip=192.168.34.50 | op=SEND_HEARTBEAT {datanodeUUID=cacd8be3-3994-43a0-9248-dc2aa43e6f92, command=[]} | ret=SUCCESS |  
2019-09-19 04:28:22,744 | INFO  | SCMAudit | user=jenkins1000 | ip=192.168.34.50 | op=SEND_HEARTBEAT {datanodeUUID=d267f1ee-b840-49aa-88d3-6d319dcb89fa, command=[]} | ret=SUCCESS |  
2019-09-19 04:28:22,996 | INFO  | SCMAudit | user=jenkins1000 | ip=192.168.34.50 | op=SEND_HEARTBEAT {datanodeUUID=646ad8b2-e397-4e74-bda7-a2da429002a8, command=[]} | ret=SUCCESS |  
2019-09-19 04:28:23,215 | INFO  | SCMAudit | user=jenkins1000 | ip=192.168.34.50 | op=SEND_HEARTBEAT {datanodeUUID=bb21d486-410c-4d63-a3eb-a911625626cf, command=[]} | ret=SUCCESS |  
2019-09-19 04:28:23,483 | INFO  | SCMAudit | user=jenkins1000 | ip=192.168.34.50 | op=SEND_HEARTBEAT {datanodeUUID=cee6b86e-e629-45c9-9c42-7061c1d64ecd, command=[]} | ret=SUCCESS |  
2019-09-19 04:28:23,547 | INFO  | SCMAudit | user=jenkins1000 | ip=192.168.34.50 | op=SEND_HEARTBEAT {datanodeUUID=fc0f8f3b-538d-481e-abe0-204925d4ee8f, command=[]} | ret=SUCCESS |  
2019-09-19 04:28:23,579 | INFO  | SCMAudit | user=jenkins1000 | ip=192.168.34.50 | op=SEND_HEARTBEAT {datanodeUUID=d40cfe62-fc21-48bd-841c-37c3da2319ca, command=[]} | ret=SUCCESS |  
2019-09-19 04:28:23,579 | INFO  | SCMAudit | user=jenkins1000 | ip=192.168.34.50 | op=SEND_HEARTBEAT {datanodeUUID=cacd8be3-3994-43a0-9248-dc2aa43e6f92, command=[]} | ret=SUCCESS |  
2019-09-19 04:28:23,744 | INFO  | SCMAudit | user=jenkins1000 | ip=192.168.34.50 | op=SEND_HEARTBEAT {datanodeUUID=d267f1ee-b840-49aa-88d3-6d319dcb89fa, command=[]} | ret=SUCCESS |  
2019-09-19 04:28:23,995 | INFO  | SCMAudit | user=jenkins1000 | ip=192.168.34.50 | op=SEND_HEARTBEAT {datanodeUUID=646ad8b2-e397-4e74-bda7-a2da429002a8, command=[]} | ret=SUCCESS |  
2019-09-19 04:28:24,215 | INFO  | SCMAudit | user=jenkins1000 | ip=192.168.34.50 | op=SEND_HEARTBEAT {datanodeUUID=bb21d486-410c-4d63-a3eb-a911625626cf, command=[]} | ret=SUCCESS |  
2019-09-19 04:28:24,483 | INFO  | SCMAudit | user=jenkins1000 | ip=192.168.34.50 | op=SEND_HEARTBEAT {datanodeUUID=cee6b86e-e629-45c9-9c42-7061c1d64ecd, command=[]} | ret=SUCCESS |  
2019-09-19 04:28:24,546 | INFO  | SCMAudit | user=jenkins1000 | ip=192.168.34.50 | op=SEND_HEARTBEAT {datanodeUUID=fc0f8f3b-538d-481e-abe0-204925d4ee8f, command=[]} | ret=SUCCESS |  
2019-09-19 04:28:24,578 | INFO  | SCMAudit | user=jenkins1000 | ip=192.168.34.50 | op=SEND_HEARTBEAT {datanodeUUID=d40cfe62-fc21-48bd-841c-37c3da2319ca, command=[]} | ret=SUCCESS |  
2019-09-19 04:28:24,578 | INFO  | SCMAudit | user=jenkins1000 | ip=192.168.34.50 | op=SEND_HEARTBEAT {datanodeUUID=cacd8be3-3994-43a0-9248-dc2aa43e6f92, command=[]} | ret=SUCCESS |  
2019-09-19 04:28:24,744 | INFO  | SCMAudit | user=jenkins1000 | ip=192.168.34.50 | op=SEND_HEARTBEAT {datanodeUUID=d267f1ee-b840-49aa-88d3-6d319dcb89fa, command=[]} | ret=SUCCESS |  
2019-09-19 04:28:24,996 | INFO  | SCMAudit | user=jenkins1000 | ip=192.168.34.50 | op=SEND_HEARTBEAT {datanodeUUID=646ad8b2-e397-4e74-bda7-a2da429002a8, command=[]} | ret=SUCCESS |  
2019-09-19 04:28:25,214 | INFO  | SCMAudit | user=jenkins1000 | ip=192.168.34.50 | op=SEND_HEARTBEAT {datanodeUUID=bb21d486-410c-4d63-a3eb-a911625626cf, command=[]} | ret=SUCCESS |  
2019-09-19 04:28:25,483 | INFO  | SCMAudit | user=jenkins1000 | ip=192.168.34.50 | op=SEND_HEARTBEAT {datanodeUUID=cee6b86e-e629-45c9-9c42-7061c1d64ecd, command=[]} | ret=SUCCESS |  
2019-09-19 04:28:25,547 | INFO  | SCMAudit | user=jenkins1000 | ip=192.168.34.50 | op=SEND_HEARTBEAT {datanodeUUID=fc0f8f3b-538d-481e-abe0-204925d4ee8f, command=[]} | ret=SUCCESS |  
2019-09-19 04:28:25,579 | INFO  | SCMAudit | user=jenkins1000 | ip=192.168.34.50 | op=SEND_HEARTBEAT {datanodeUUID=cacd8be3-3994-43a0-9248-dc2aa43e6f92, command=[]} | ret=SUCCESS |  
2019-09-19 04:28:25,579 | INFO  | SCMAudit | user=jenkins1000 | ip=192.168.34.50 | op=SEND_HEARTBEAT {datanodeUUID=d40cfe62-fc21-48bd-841c-37c3da2319ca, command=[]} | ret=SUCCESS |  
2019-09-19 04:28:25,744 | INFO  | SCMAudit | user=jenkins1000 | ip=192.168.34.50 | op=SEND_HEARTBEAT {datanodeUUID=d267f1ee-b840-49aa-88d3-6d319dcb89fa, command=[]} | ret=SUCCESS |  
2019-09-19 04:28:25,996 | INFO  | SCMAudit | user=jenkins1000 | ip=192.168.34.50 | op=SEND_HEARTBEAT {datanodeUUID=646ad8b2-e397-4e74-bda7-a2da429002a8, command=[]} | ret=SUCCESS |  
2019-09-19 04:28:26,215 | INFO  | SCMAudit | user=jenkins1000 | ip=192.168.34.50 | op=SEND_HEARTBEAT {datanodeUUID=bb21d486-410c-4d63-a3eb-a911625626cf, command=[]} | ret=SUCCESS |  
2019-09-19 04:28:26,483 | INFO  | SCMAudit | user=jenkins1000 | ip=192.168.34.50 | op=SEND_HEARTBEAT {datanodeUUID=cee6b86e-e629-45c9-9c42-7061c1d64ecd, command=[]} | ret=SUCCESS |  
2019-09-19 04:28:26,547 | INFO  | SCMAudit | user=jenkins1000 | ip=192.168.34.50 | op=SEND_HEARTBEAT {datanodeUUID=fc0f8f3b-538d-481e-abe0-204925d4ee8f, command=[]} | ret=SUCCESS |  
2019-09-19 04:28:26,579 | INFO  | SCMAudit | user=jenkins1000 | ip=192.168.34.50 | op=SEND_HEARTBEAT {datanodeUUID=cacd8be3-3994-43a0-9248-dc2aa43e6f92, command=[]} | ret=SUCCESS |  
2019-09-19 04:28:26,579 | INFO  | SCMAudit | user=jenkins1000 | ip=192.168.34.50 | op=SEND_HEARTBEAT {datanodeUUID=d40cfe62-fc21-48bd-841c-37c3da2319ca, command=[]} | ret=SUCCESS |  
2019-09-19 04:28:26,635 [grpc-default-executor-4] INFO  client.GrpcClientProtocolClient (GrpcClientProtocolClient.java:onNext(255)) - client-8D3BBA1B251F->d40cfe62-fc21-48bd-841c-37c3da2319ca: receive RaftClientReply:client-8D3BBA1B251F->d40cfe62-fc21-48bd-841c-37c3da2319ca@group-52CD28E9D88B, cid=45, FAILED org.apache.ratis.protocol.NotLeaderException: Server d40cfe62-fc21-48bd-841c-37c3da2319ca is not the leader (fc0f8f3b-538d-481e-abe0-204925d4ee8f:192.168.34.50:35638). Request must be sent to leader., logIndex=0, commits[d40cfe62-fc21-48bd-841c-37c3da2319ca:c8, fc0f8f3b-538d-481e-abe0-204925d4ee8f:c8, cacd8be3-3994-43a0-9248-dc2aa43e6f92:c8]
2019-09-19 04:28:26,744 | INFO  | SCMAudit | user=jenkins1000 | ip=192.168.34.50 | op=SEND_HEARTBEAT {datanodeUUID=d267f1ee-b840-49aa-88d3-6d319dcb89fa, command=[]} | ret=SUCCESS |  
2019-09-19 04:28:26,996 | INFO  | SCMAudit | user=jenkins1000 | ip=192.168.34.50 | op=SEND_HEARTBEAT {datanodeUUID=646ad8b2-e397-4e74-bda7-a2da429002a8, command=[]} | ret=SUCCESS |  
2019-09-19 04:28:27,215 | INFO  | SCMAudit | user=jenkins1000 | ip=192.168.34.50 | op=SEND_HEARTBEAT {datanodeUUID=bb21d486-410c-4d63-a3eb-a911625626cf, command=[]} | ret=SUCCESS |  
2019-09-19 04:28:27,483 | INFO  | SCMAudit | user=jenkins1000 | ip=192.168.34.50 | op=SEND_HEARTBEAT {datanodeUUID=cee6b86e-e629-45c9-9c42-7061c1d64ecd, command=[]} | ret=SUCCESS |  
2019-09-19 04:28:27,546 | INFO  | SCMAudit | user=jenkins1000 | ip=192.168.34.50 | op=SEND_HEARTBEAT {datanodeUUID=fc0f8f3b-538d-481e-abe0-204925d4ee8f, command=[]} | ret=SUCCESS |  
2019-09-19 04:28:27,578 | INFO  | SCMAudit | user=jenkins1000 | ip=192.168.34.50 | op=SEND_HEARTBEAT {datanodeUUID=cacd8be3-3994-43a0-9248-dc2aa43e6f92, command=[]} | ret=SUCCESS |  
2019-09-19 04:28:27,578 | INFO  | SCMAudit | user=jenkins1000 | ip=192.168.34.50 | op=SEND_HEARTBEAT {datanodeUUID=d40cfe62-fc21-48bd-841c-37c3da2319ca, command=[]} | ret=SUCCESS |  
2019-09-19 04:28:27,744 | INFO  | SCMAudit | user=jenkins1000 | ip=192.168.34.50 | op=SEND_HEARTBEAT {datanodeUUID=d267f1ee-b840-49aa-88d3-6d319dcb89fa, command=[]} | ret=SUCCESS |  
2019-09-19 04:28:27,996 | INFO  | SCMAudit | user=jenkins1000 | ip=192.168.34.50 | op=SEND_HEARTBEAT {datanodeUUID=646ad8b2-e397-4e74-bda7-a2da429002a8, command=[]} | ret=SUCCESS |  
2019-09-19 04:28:28,214 | INFO  | SCMAudit | user=jenkins1000 | ip=192.168.34.50 | op=SEND_HEARTBEAT {datanodeUUID=bb21d486-410c-4d63-a3eb-a911625626cf, command=[]} | ret=SUCCESS |  
2019-09-19 04:28:28,483 | INFO  | SCMAudit | user=jenkins1000 | ip=192.168.34.50 | op=SEND_HEARTBEAT {datanodeUUID=cee6b86e-e629-45c9-9c42-7061c1d64ecd, command=[]} | ret=SUCCESS |  
2019-09-19 04:28:28,547 | INFO  | SCMAudit | user=jenkins1000 | ip=192.168.34.50 | op=SEND_HEARTBEAT {datanodeUUID=fc0f8f3b-538d-481e-abe0-204925d4ee8f, command=[]} | ret=SUCCESS |  
2019-09-19 04:28:28,579 | INFO  | SCMAudit | user=jenkins1000 | ip=192.168.34.50 | op=SEND_HEARTBEAT {datanodeUUID=cacd8be3-3994-43a0-9248-dc2aa43e6f92, command=[]} | ret=SUCCESS |  
2019-09-19 04:28:28,579 | INFO  | SCMAudit | user=jenkins1000 | ip=192.168.34.50 | op=SEND_HEARTBEAT {datanodeUUID=d40cfe62-fc21-48bd-841c-37c3da2319ca, command=[]} | ret=SUCCESS |  
2019-09-19 04:28:28,744 | INFO  | SCMAudit | user=jenkins1000 | ip=192.168.34.50 | op=SEND_HEARTBEAT {datanodeUUID=d267f1ee-b840-49aa-88d3-6d319dcb89fa, command=[]} | ret=SUCCESS |  
2019-09-19 04:28:28,996 | INFO  | SCMAudit | user=jenkins1000 | ip=192.168.34.50 | op=SEND_HEARTBEAT {datanodeUUID=646ad8b2-e397-4e74-bda7-a2da429002a8, command=[]} | ret=SUCCESS |  
2019-09-19 04:28:29,216 | INFO  | SCMAudit | user=jenkins1000 | ip=192.168.34.50 | op=SEND_HEARTBEAT {datanodeUUID=bb21d486-410c-4d63-a3eb-a911625626cf, command=[]} | ret=SUCCESS |  
2019-09-19 04:28:29,483 | INFO  | SCMAudit | user=jenkins1000 | ip=192.168.34.50 | op=SEND_HEARTBEAT {datanodeUUID=cee6b86e-e629-45c9-9c42-7061c1d64ecd, command=[]} | ret=SUCCESS |  
2019-09-19 04:28:29,547 | INFO  | SCMAudit | user=jenkins1000 | ip=192.168.34.50 | op=SEND_HEARTBEAT {datanodeUUID=fc0f8f3b-538d-481e-abe0-204925d4ee8f, command=[]} | ret=SUCCESS |  
2019-09-19 04:28:29,579 | INFO  | SCMAudit | user=jenkins1000 | ip=192.168.34.50 | op=SEND_HEARTBEAT {datanodeUUID=d40cfe62-fc21-48bd-841c-37c3da2319ca, command=[]} | ret=SUCCESS |  
2019-09-19 04:28:29,579 | INFO  | SCMAudit | user=jenkins1000 | ip=192.168.34.50 | op=SEND_HEARTBEAT {datanodeUUID=cacd8be3-3994-43a0-9248-dc2aa43e6f92, command=[]} | ret=SUCCESS |  
2019-09-19 04:28:29,744 | INFO  | SCMAudit | user=jenkins1000 | ip=192.168.34.50 | op=SEND_HEARTBEAT {datanodeUUID=d267f1ee-b840-49aa-88d3-6d319dcb89fa, command=[]} | ret=SUCCESS |  
2019-09-19 04:28:29,996 | INFO  | SCMAudit | user=jenkins1000 | ip=192.168.34.50 | op=SEND_HEARTBEAT {datanodeUUID=646ad8b2-e397-4e74-bda7-a2da429002a8, command=[]} | ret=SUCCESS |  
2019-09-19 04:28:30,216 | INFO  | SCMAudit | user=jenkins1000 | ip=192.168.34.50 | op=SEND_HEARTBEAT {datanodeUUID=bb21d486-410c-4d63-a3eb-a911625626cf, command=[]} | ret=SUCCESS |  
2019-09-19 04:28:30,483 | INFO  | SCMAudit | user=jenkins1000 | ip=192.168.34.50 | op=SEND_HEARTBEAT {datanodeUUID=cee6b86e-e629-45c9-9c42-7061c1d64ecd, command=[]} | ret=SUCCESS |  
2019-09-19 04:28:30,546 | INFO  | SCMAudit | user=jenkins1000 | ip=192.168.34.50 | op=SEND_HEARTBEAT {datanodeUUID=fc0f8f3b-538d-481e-abe0-204925d4ee8f, command=[]} | ret=SUCCESS |  
2019-09-19 04:28:30,578 | INFO  | SCMAudit | user=jenkins1000 | ip=192.168.34.50 | op=SEND_HEARTBEAT {datanodeUUID=d40cfe62-fc21-48bd-841c-37c3da2319ca, command=[]} | ret=SUCCESS |  
2019-09-19 04:28:30,578 | INFO  | SCMAudit | user=jenkins1000 | ip=192.168.34.50 | op=SEND_HEARTBEAT {datanodeUUID=cacd8be3-3994-43a0-9248-dc2aa43e6f92, command=[]} | ret=SUCCESS |  
2019-09-19 04:28:30,743 | INFO  | SCMAudit | user=jenkins1000 | ip=192.168.34.50 | op=SEND_HEARTBEAT {datanodeUUID=d267f1ee-b840-49aa-88d3-6d319dcb89fa, command=[]} | ret=SUCCESS |  
2019-09-19 04:28:30,996 | INFO  | SCMAudit | user=jenkins1000 | ip=192.168.34.50 | op=SEND_HEARTBEAT {datanodeUUID=646ad8b2-e397-4e74-bda7-a2da429002a8, command=[]} | ret=SUCCESS |  
2019-09-19 04:28:31,216 | INFO  | SCMAudit | user=jenkins1000 | ip=192.168.34.50 | op=SEND_HEARTBEAT {datanodeUUID=bb21d486-410c-4d63-a3eb-a911625626cf, command=[]} | ret=SUCCESS |  
2019-09-19 04:28:31,483 | INFO  | SCMAudit | user=jenkins1000 | ip=192.168.34.50 | op=SEND_HEARTBEAT {datanodeUUID=cee6b86e-e629-45c9-9c42-7061c1d64ecd, command=[]} | ret=SUCCESS |  
2019-09-19 04:28:31,547 | INFO  | SCMAudit | user=jenkins1000 | ip=192.168.34.50 | op=SEND_HEARTBEAT {datanodeUUID=fc0f8f3b-538d-481e-abe0-204925d4ee8f, command=[]} | ret=SUCCESS |  
2019-09-19 04:28:31,579 | INFO  | SCMAudit | user=jenkins1000 | ip=192.168.34.50 | op=SEND_HEARTBEAT {datanodeUUID=cacd8be3-3994-43a0-9248-dc2aa43e6f92, command=[]} | ret=SUCCESS |  
2019-09-19 04:28:31,579 | INFO  | SCMAudit | user=jenkins1000 | ip=192.168.34.50 | op=SEND_HEARTBEAT {datanodeUUID=d40cfe62-fc21-48bd-841c-37c3da2319ca, command=[]} | ret=SUCCESS |  
2019-09-19 04:28:31,678 [grpc-default-executor-3] INFO  client.GrpcClientProtocolClient (GrpcClientProtocolClient.java:onNext(255)) - client-8D3BBA1B251F->d40cfe62-fc21-48bd-841c-37c3da2319ca: receive RaftClientReply:client-8D3BBA1B251F->d40cfe62-fc21-48bd-841c-37c3da2319ca@group-52CD28E9D88B, cid=45, FAILED org.apache.ratis.protocol.NotLeaderException: Server d40cfe62-fc21-48bd-841c-37c3da2319ca is not the leader (fc0f8f3b-538d-481e-abe0-204925d4ee8f:192.168.34.50:35638). Request must be sent to leader., logIndex=0, commits[d40cfe62-fc21-48bd-841c-37c3da2319ca:c8, fc0f8f3b-538d-481e-abe0-204925d4ee8f:c8, cacd8be3-3994-43a0-9248-dc2aa43e6f92:c8]
2019-09-19 04:28:31,744 | INFO  | SCMAudit | user=jenkins1000 | ip=192.168.34.50 | op=SEND_HEARTBEAT {datanodeUUID=d267f1ee-b840-49aa-88d3-6d319dcb89fa, command=[]} | ret=SUCCESS |  
2019-09-19 04:28:31,995 | INFO  | SCMAudit | user=jenkins1000 | ip=192.168.34.50 | op=SEND_HEARTBEAT {datanodeUUID=646ad8b2-e397-4e74-bda7-a2da429002a8, command=[]} | ret=SUCCESS |  
2019-09-19 04:28:32,215 | INFO  | SCMAudit | user=jenkins1000 | ip=192.168.34.50 | op=SEND_HEARTBEAT {datanodeUUID=bb21d486-410c-4d63-a3eb-a911625626cf, command=[]} | ret=SUCCESS |  
2019-09-19 04:28:32,483 | INFO  | SCMAudit | user=jenkins1000 | ip=192.168.34.50 | op=SEND_HEARTBEAT {datanodeUUID=cee6b86e-e629-45c9-9c42-7061c1d64ecd, command=[]} | ret=SUCCESS |  
2019-09-19 04:28:32,547 | INFO  | SCMAudit | user=jenkins1000 | ip=192.168.34.50 | op=SEND_HEARTBEAT {datanodeUUID=fc0f8f3b-538d-481e-abe0-204925d4ee8f, command=[]} | ret=SUCCESS |  
2019-09-19 04:28:32,578 | INFO  | SCMAudit | user=jenkins1000 | ip=192.168.34.50 | op=SEND_HEARTBEAT {datanodeUUID=cacd8be3-3994-43a0-9248-dc2aa43e6f92, command=[]} | ret=SUCCESS |  
2019-09-19 04:28:32,579 | INFO  | SCMAudit | user=jenkins1000 | ip=192.168.34.50 | op=SEND_HEARTBEAT {datanodeUUID=d40cfe62-fc21-48bd-841c-37c3da2319ca, command=[]} | ret=SUCCESS |  
2019-09-19 04:28:32,744 | INFO  | SCMAudit | user=jenkins1000 | ip=192.168.34.50 | op=SEND_HEARTBEAT {datanodeUUID=d267f1ee-b840-49aa-88d3-6d319dcb89fa, command=[]} | ret=SUCCESS |  
2019-09-19 04:28:32,996 | INFO  | SCMAudit | user=jenkins1000 | ip=192.168.34.50 | op=SEND_HEARTBEAT {datanodeUUID=646ad8b2-e397-4e74-bda7-a2da429002a8, command=[]} | ret=SUCCESS |  
2019-09-19 04:28:33,216 | INFO  | SCMAudit | user=jenkins1000 | ip=192.168.34.50 | op=SEND_HEARTBEAT {datanodeUUID=bb21d486-410c-4d63-a3eb-a911625626cf, command=[]} | ret=SUCCESS |  
2019-09-19 04:28:33,483 | INFO  | SCMAudit | user=jenkins1000 | ip=192.168.34.50 | op=SEND_HEARTBEAT {datanodeUUID=cee6b86e-e629-45c9-9c42-7061c1d64ecd, command=[]} | ret=SUCCESS |  
2019-09-19 04:28:33,547 | INFO  | SCMAudit | user=jenkins1000 | ip=192.168.34.50 | op=SEND_HEARTBEAT {datanodeUUID=fc0f8f3b-538d-481e-abe0-204925d4ee8f, command=[]} | ret=SUCCESS |  
2019-09-19 04:28:33,579 | INFO  | SCMAudit | user=jenkins1000 | ip=192.168.34.50 | op=SEND_HEARTBEAT {datanodeUUID=d40cfe62-fc21-48bd-841c-37c3da2319ca, command=[]} | ret=SUCCESS |  
2019-09-19 04:28:33,579 | INFO  | SCMAudit | user=jenkins1000 | ip=192.168.34.50 | op=SEND_HEARTBEAT {datanodeUUID=cacd8be3-3994-43a0-9248-dc2aa43e6f92, command=[]} | ret=SUCCESS |  
2019-09-19 04:28:33,744 | INFO  | SCMAudit | user=jenkins1000 | ip=192.168.34.50 | op=SEND_HEARTBEAT {datanodeUUID=d267f1ee-b840-49aa-88d3-6d319dcb89fa, command=[]} | ret=SUCCESS |  
2019-09-19 04:28:33,996 | INFO  | SCMAudit | user=jenkins1000 | ip=192.168.34.50 | op=SEND_HEARTBEAT {datanodeUUID=646ad8b2-e397-4e74-bda7-a2da429002a8, command=[]} | ret=SUCCESS |  
2019-09-19 04:28:34,216 | INFO  | SCMAudit | user=jenkins1000 | ip=192.168.34.50 | op=SEND_HEARTBEAT {datanodeUUID=bb21d486-410c-4d63-a3eb-a911625626cf, command=[]} | ret=SUCCESS |  
2019-09-19 04:28:34,483 | INFO  | SCMAudit | user=jenkins1000 | ip=192.168.34.50 | op=SEND_HEARTBEAT {datanodeUUID=cee6b86e-e629-45c9-9c42-7061c1d64ecd, command=[]} | ret=SUCCESS |  
2019-09-19 04:28:34,548 | INFO  | SCMAudit | user=jenkins1000 | ip=192.168.34.50 | op=SEND_HEARTBEAT {datanodeUUID=fc0f8f3b-538d-481e-abe0-204925d4ee8f, command=[]} | ret=SUCCESS |  
2019-09-19 04:28:34,580 | INFO  | SCMAudit | user=jenkins1000 | ip=192.168.34.50 | op=SEND_HEARTBEAT {datanodeUUID=cacd8be3-3994-43a0-9248-dc2aa43e6f92, command=[]} | ret=SUCCESS |  
2019-09-19 04:28:34,580 | INFO  | SCMAudit | user=jenkins1000 | ip=192.168.34.50 | op=SEND_HEARTBEAT {datanodeUUID=d40cfe62-fc21-48bd-841c-37c3da2319ca, command=[]} | ret=SUCCESS |  
2019-09-19 04:28:34,744 | INFO  | SCMAudit | user=jenkins1000 | ip=192.168.34.50 | op=SEND_HEARTBEAT {datanodeUUID=d267f1ee-b840-49aa-88d3-6d319dcb89fa, command=[]} | ret=SUCCESS |  
2019-09-19 04:28:34,996 | INFO  | SCMAudit | user=jenkins1000 | ip=192.168.34.50 | op=SEND_HEARTBEAT {datanodeUUID=646ad8b2-e397-4e74-bda7-a2da429002a8, command=[]} | ret=SUCCESS |  
2019-09-19 04:28:35,216 | INFO  | SCMAudit | user=jenkins1000 | ip=192.168.34.50 | op=SEND_HEARTBEAT {datanodeUUID=bb21d486-410c-4d63-a3eb-a911625626cf, command=[]} | ret=SUCCESS |  
2019-09-19 04:28:35,483 | INFO  | SCMAudit | user=jenkins1000 | ip=192.168.34.50 | op=SEND_HEARTBEAT {datanodeUUID=cee6b86e-e629-45c9-9c42-7061c1d64ecd, command=[]} | ret=SUCCESS |  
2019-09-19 04:28:35,548 | INFO  | SCMAudit | user=jenkins1000 | ip=192.168.34.50 | op=SEND_HEARTBEAT {datanodeUUID=fc0f8f3b-538d-481e-abe0-204925d4ee8f, command=[]} | ret=SUCCESS |  
2019-09-19 04:28:35,579 | INFO  | SCMAudit | user=jenkins1000 | ip=192.168.34.50 | op=SEND_HEARTBEAT {datanodeUUID=cacd8be3-3994-43a0-9248-dc2aa43e6f92, command=[]} | ret=SUCCESS |  
2019-09-19 04:28:35,579 | INFO  | SCMAudit | user=jenkins1000 | ip=192.168.34.50 | op=SEND_HEARTBEAT {datanodeUUID=d40cfe62-fc21-48bd-841c-37c3da2319ca, command=[]} | ret=SUCCESS |  
2019-09-19 04:28:35,743 | INFO  | SCMAudit | user=jenkins1000 | ip=192.168.34.50 | op=SEND_HEARTBEAT {datanodeUUID=d267f1ee-b840-49aa-88d3-6d319dcb89fa, command=[]} | ret=SUCCESS |  
2019-09-19 04:28:35,997 | INFO  | SCMAudit | user=jenkins1000 | ip=192.168.34.50 | op=SEND_HEARTBEAT {datanodeUUID=646ad8b2-e397-4e74-bda7-a2da429002a8, command=[]} | ret=SUCCESS |  
2019-09-19 04:28:36,216 | INFO  | SCMAudit | user=jenkins1000 | ip=192.168.34.50 | op=SEND_HEARTBEAT {datanodeUUID=bb21d486-410c-4d63-a3eb-a911625626cf, command=[]} | ret=SUCCESS |  
2019-09-19 04:28:36,483 | INFO  | SCMAudit | user=jenkins1000 | ip=192.168.34.50 | op=SEND_HEARTBEAT {datanodeUUID=cee6b86e-e629-45c9-9c42-7061c1d64ecd, command=[]} | ret=SUCCESS |  
2019-09-19 04:28:36,548 | INFO  | SCMAudit | user=jenkins1000 | ip=192.168.34.50 | op=SEND_HEARTBEAT {datanodeUUID=fc0f8f3b-538d-481e-abe0-204925d4ee8f, command=[]} | ret=SUCCESS |  
2019-09-19 04:28:36,580 | INFO  | SCMAudit | user=jenkins1000 | ip=192.168.34.50 | op=SEND_HEARTBEAT {datanodeUUID=d40cfe62-fc21-48bd-841c-37c3da2319ca, command=[]} | ret=SUCCESS |  
2019-09-19 04:28:36,580 | INFO  | SCMAudit | user=jenkins1000 | ip=192.168.34.50 | op=SEND_HEARTBEAT {datanodeUUID=cacd8be3-3994-43a0-9248-dc2aa43e6f92, command=[]} | ret=SUCCESS |  
2019-09-19 04:28:36,720 [grpc-default-executor-4] INFO  client.GrpcClientProtocolClient (GrpcClientProtocolClient.java:onNext(255)) - client-8D3BBA1B251F->d40cfe62-fc21-48bd-841c-37c3da2319ca: receive RaftClientReply:client-8D3BBA1B251F->d40cfe62-fc21-48bd-841c-37c3da2319ca@group-52CD28E9D88B, cid=45, FAILED org.apache.ratis.protocol.NotLeaderException: Server d40cfe62-fc21-48bd-841c-37c3da2319ca is not the leader (fc0f8f3b-538d-481e-abe0-204925d4ee8f:192.168.34.50:35638). Request must be sent to leader., logIndex=0, commits[d40cfe62-fc21-48bd-841c-37c3da2319ca:c8, fc0f8f3b-538d-481e-abe0-204925d4ee8f:c8, cacd8be3-3994-43a0-9248-dc2aa43e6f92:c8]
2019-09-19 04:28:36,744 | INFO  | SCMAudit | user=jenkins1000 | ip=192.168.34.50 | op=SEND_HEARTBEAT {datanodeUUID=d267f1ee-b840-49aa-88d3-6d319dcb89fa, command=[]} | ret=SUCCESS |  
2019-09-19 04:28:36,997 | INFO  | SCMAudit | user=jenkins1000 | ip=192.168.34.50 | op=SEND_HEARTBEAT {datanodeUUID=646ad8b2-e397-4e74-bda7-a2da429002a8, command=[]} | ret=SUCCESS |  
2019-09-19 04:28:37,216 | INFO  | SCMAudit | user=jenkins1000 | ip=192.168.34.50 | op=SEND_HEARTBEAT {datanodeUUID=bb21d486-410c-4d63-a3eb-a911625626cf, command=[]} | ret=SUCCESS |  
2019-09-19 04:28:37,483 | INFO  | SCMAudit | user=jenkins1000 | ip=192.168.34.50 | op=SEND_HEARTBEAT {datanodeUUID=cee6b86e-e629-45c9-9c42-7061c1d64ecd, command=[]} | ret=SUCCESS |  
2019-09-19 04:28:37,549 | INFO  | SCMAudit | user=jenkins1000 | ip=192.168.34.50 | op=SEND_HEARTBEAT {datanodeUUID=fc0f8f3b-538d-481e-abe0-204925d4ee8f, command=[]} | ret=SUCCESS |  
2019-09-19 04:28:37,579 | INFO  | SCMAudit | user=jenkins1000 | ip=192.168.34.50 | op=SEND_HEARTBEAT {datanodeUUID=d40cfe62-fc21-48bd-841c-37c3da2319ca, command=[]} | ret=SUCCESS |  
2019-09-19 04:28:37,579 | INFO  | SCMAudit | user=jenkins1000 | ip=192.168.34.50 | op=SEND_HEARTBEAT {datanodeUUID=cacd8be3-3994-43a0-9248-dc2aa43e6f92, command=[]} | ret=SUCCESS |  
2019-09-19 04:28:37,745 | INFO  | SCMAudit | user=jenkins1000 | ip=192.168.34.50 | op=SEND_HEARTBEAT {datanodeUUID=d267f1ee-b840-49aa-88d3-6d319dcb89fa, command=[]} | ret=SUCCESS |  
2019-09-19 04:28:37,997 | INFO  | SCMAudit | user=jenkins1000 | ip=192.168.34.50 | op=SEND_HEARTBEAT {datanodeUUID=646ad8b2-e397-4e74-bda7-a2da429002a8, command=[]} | ret=SUCCESS |  
2019-09-19 04:28:38,218 | INFO  | SCMAudit | user=jenkins1000 | ip=192.168.34.50 | op=SEND_HEARTBEAT {datanodeUUID=bb21d486-410c-4d63-a3eb-a911625626cf, command=[]} | ret=SUCCESS |  
2019-09-19 04:28:38,483 | INFO  | SCMAudit | user=jenkins1000 | ip=192.168.34.50 | op=SEND_HEARTBEAT {datanodeUUID=cee6b86e-e629-45c9-9c42-7061c1d64ecd, command=[]} | ret=SUCCESS |  
2019-09-19 04:28:38,548 | INFO  | SCMAudit | user=jenkins1000 | ip=192.168.34.50 | op=SEND_HEARTBEAT {datanodeUUID=fc0f8f3b-538d-481e-abe0-204925d4ee8f, command=[]} | ret=SUCCESS |  
2019-09-19 04:28:38,579 | INFO  | SCMAudit | user=jenkins1000 | ip=192.168.34.50 | op=SEND_HEARTBEAT {datanodeUUID=cacd8be3-3994-43a0-9248-dc2aa43e6f92, command=[]} | ret=SUCCESS |  
2019-09-19 04:28:38,579 | INFO  | SCMAudit | user=jenkins1000 | ip=192.168.34.50 | op=SEND_HEARTBEAT {datanodeUUID=d40cfe62-fc21-48bd-841c-37c3da2319ca, command=[]} | ret=SUCCESS |  
2019-09-19 04:28:38,744 | INFO  | SCMAudit | user=jenkins1000 | ip=192.168.34.50 | op=SEND_HEARTBEAT {datanodeUUID=d267f1ee-b840-49aa-88d3-6d319dcb89fa, command=[]} | ret=SUCCESS |  
2019-09-19 04:28:38,997 | INFO  | SCMAudit | user=jenkins1000 | ip=192.168.34.50 | op=SEND_HEARTBEAT {datanodeUUID=646ad8b2-e397-4e74-bda7-a2da429002a8, command=[]} | ret=SUCCESS |  
2019-09-19 04:28:39,218 | INFO  | SCMAudit | user=jenkins1000 | ip=192.168.34.50 | op=SEND_HEARTBEAT {datanodeUUID=bb21d486-410c-4d63-a3eb-a911625626cf, command=[]} | ret=SUCCESS |  
2019-09-19 04:28:39,483 | INFO  | SCMAudit | user=jenkins1000 | ip=192.168.34.50 | op=SEND_HEARTBEAT {datanodeUUID=cee6b86e-e629-45c9-9c42-7061c1d64ecd, command=[]} | ret=SUCCESS |  
2019-09-19 04:28:39,549 | INFO  | SCMAudit | user=jenkins1000 | ip=192.168.34.50 | op=SEND_HEARTBEAT {datanodeUUID=fc0f8f3b-538d-481e-abe0-204925d4ee8f, command=[]} | ret=SUCCESS |  
2019-09-19 04:28:39,580 | INFO  | SCMAudit | user=jenkins1000 | ip=192.168.34.50 | op=SEND_HEARTBEAT {datanodeUUID=d40cfe62-fc21-48bd-841c-37c3da2319ca, command=[]} | ret=SUCCESS |  
2019-09-19 04:28:39,580 | INFO  | SCMAudit | user=jenkins1000 | ip=192.168.34.50 | op=SEND_HEARTBEAT {datanodeUUID=cacd8be3-3994-43a0-9248-dc2aa43e6f92, command=[]} | ret=SUCCESS |  
2019-09-19 04:28:39,744 | INFO  | SCMAudit | user=jenkins1000 | ip=192.168.34.50 | op=SEND_HEARTBEAT {datanodeUUID=d267f1ee-b840-49aa-88d3-6d319dcb89fa, command=[]} | ret=SUCCESS |  
2019-09-19 04:28:39,998 | INFO  | SCMAudit | user=jenkins1000 | ip=192.168.34.50 | op=SEND_HEARTBEAT {datanodeUUID=646ad8b2-e397-4e74-bda7-a2da429002a8, command=[]} | ret=SUCCESS |  
2019-09-19 04:28:40,217 | INFO  | SCMAudit | user=jenkins1000 | ip=192.168.34.50 | op=SEND_HEARTBEAT {datanodeUUID=bb21d486-410c-4d63-a3eb-a911625626cf, command=[]} | ret=SUCCESS |  
2019-09-19 04:28:40,483 | INFO  | SCMAudit | user=jenkins1000 | ip=192.168.34.50 | op=SEND_HEARTBEAT {datanodeUUID=cee6b86e-e629-45c9-9c42-7061c1d64ecd, command=[]} | ret=SUCCESS |  
2019-09-19 04:28:40,549 | INFO  | SCMAudit | user=jenkins1000 | ip=192.168.34.50 | op=SEND_HEARTBEAT {datanodeUUID=fc0f8f3b-538d-481e-abe0-204925d4ee8f, command=[]} | ret=SUCCESS |  
2019-09-19 04:28:40,579 | INFO  | SCMAudit | user=jenkins1000 | ip=192.168.34.50 | op=SEND_HEARTBEAT {datanodeUUID=cacd8be3-3994-43a0-9248-dc2aa43e6f92, command=[]} | ret=SUCCESS |  
2019-09-19 04:28:40,580 | INFO  | SCMAudit | user=jenkins1000 | ip=192.168.34.50 | op=SEND_HEARTBEAT {datanodeUUID=d40cfe62-fc21-48bd-841c-37c3da2319ca, command=[]} | ret=SUCCESS |  
2019-09-19 04:28:40,744 | INFO  | SCMAudit | user=jenkins1000 | ip=192.168.34.50 | op=SEND_HEARTBEAT {datanodeUUID=d267f1ee-b840-49aa-88d3-6d319dcb89fa, command=[]} | ret=SUCCESS |  
2019-09-19 04:28:40,998 | INFO  | SCMAudit | user=jenkins1000 | ip=192.168.34.50 | op=SEND_HEARTBEAT {datanodeUUID=646ad8b2-e397-4e74-bda7-a2da429002a8, command=[]} | ret=SUCCESS |  
2019-09-19 04:28:41,217 | INFO  | SCMAudit | user=jenkins1000 | ip=192.168.34.50 | op=SEND_HEARTBEAT {datanodeUUID=bb21d486-410c-4d63-a3eb-a911625626cf, command=[]} | ret=SUCCESS |  
2019-09-19 04:28:41,482 | INFO  | SCMAudit | user=jenkins1000 | ip=192.168.34.50 | op=SEND_HEARTBEAT {datanodeUUID=cee6b86e-e629-45c9-9c42-7061c1d64ecd, command=[]} | ret=SUCCESS |  
2019-09-19 04:28:41,550 | INFO  | SCMAudit | user=jenkins1000 | ip=192.168.34.50 | op=SEND_HEARTBEAT {datanodeUUID=fc0f8f3b-538d-481e-abe0-204925d4ee8f, command=[]} | ret=SUCCESS |  
2019-09-19 04:28:41,580 | INFO  | SCMAudit | user=jenkins1000 | ip=192.168.34.50 | op=SEND_HEARTBEAT {datanodeUUID=cacd8be3-3994-43a0-9248-dc2aa43e6f92, command=[]} | ret=SUCCESS |  
2019-09-19 04:28:41,580 | INFO  | SCMAudit | user=jenkins1000 | ip=192.168.34.50 | op=SEND_HEARTBEAT {datanodeUUID=d40cfe62-fc21-48bd-841c-37c3da2319ca, command=[]} | ret=SUCCESS |  
2019-09-19 04:28:41,744 | INFO  | SCMAudit | user=jenkins1000 | ip=192.168.34.50 | op=SEND_HEARTBEAT {datanodeUUID=d267f1ee-b840-49aa-88d3-6d319dcb89fa, command=[]} | ret=SUCCESS |  
2019-09-19 04:28:41,760 [grpc-default-executor-4] INFO  client.GrpcClientProtocolClient (GrpcClientProtocolClient.java:onNext(255)) - client-8D3BBA1B251F->d40cfe62-fc21-48bd-841c-37c3da2319ca: receive RaftClientReply:client-8D3BBA1B251F->d40cfe62-fc21-48bd-841c-37c3da2319ca@group-52CD28E9D88B, cid=45, FAILED org.apache.ratis.protocol.NotLeaderException: Server d40cfe62-fc21-48bd-841c-37c3da2319ca is not the leader (fc0f8f3b-538d-481e-abe0-204925d4ee8f:192.168.34.50:35638). Request must be sent to leader., logIndex=0, commits[d40cfe62-fc21-48bd-841c-37c3da2319ca:c8, fc0f8f3b-538d-481e-abe0-204925d4ee8f:c8, cacd8be3-3994-43a0-9248-dc2aa43e6f92:c8]
2019-09-19 04:28:41,997 | INFO  | SCMAudit | user=jenkins1000 | ip=192.168.34.50 | op=SEND_HEARTBEAT {datanodeUUID=646ad8b2-e397-4e74-bda7-a2da429002a8, command=[]} | ret=SUCCESS |  
2019-09-19 04:28:42,218 | INFO  | SCMAudit | user=jenkins1000 | ip=192.168.34.50 | op=SEND_HEARTBEAT {datanodeUUID=bb21d486-410c-4d63-a3eb-a911625626cf, command=[]} | ret=SUCCESS |  
2019-09-19 04:28:42,483 | INFO  | SCMAudit | user=jenkins1000 | ip=192.168.34.50 | op=SEND_HEARTBEAT {datanodeUUID=cee6b86e-e629-45c9-9c42-7061c1d64ecd, command=[]} | ret=SUCCESS |  
2019-09-19 04:28:42,550 | INFO  | SCMAudit | user=jenkins1000 | ip=192.168.34.50 | op=SEND_HEARTBEAT {datanodeUUID=fc0f8f3b-538d-481e-abe0-204925d4ee8f, command=[]} | ret=SUCCESS |  
2019-09-19 04:28:42,579 | INFO  | SCMAudit | user=jenkins1000 | ip=192.168.34.50 | op=SEND_HEARTBEAT {datanodeUUID=cacd8be3-3994-43a0-9248-dc2aa43e6f92, command=[]} | ret=SUCCESS |  
2019-09-19 04:28:42,581 | INFO  | SCMAudit | user=jenkins1000 | ip=192.168.34.50 | op=SEND_HEARTBEAT {datanodeUUID=d40cfe62-fc21-48bd-841c-37c3da2319ca, command=[]} | ret=SUCCESS |  
2019-09-19 04:28:42,745 | INFO  | SCMAudit | user=jenkins1000 | ip=192.168.34.50 | op=SEND_HEARTBEAT {datanodeUUID=d267f1ee-b840-49aa-88d3-6d319dcb89fa, command=[]} | ret=SUCCESS |  
2019-09-19 04:28:42,998 | INFO  | SCMAudit | user=jenkins1000 | ip=192.168.34.50 | op=SEND_HEARTBEAT {datanodeUUID=646ad8b2-e397-4e74-bda7-a2da429002a8, command=[]} | ret=SUCCESS |  
2019-09-19 04:28:43,217 | INFO  | SCMAudit | user=jenkins1000 | ip=192.168.34.50 | op=SEND_HEARTBEAT {datanodeUUID=bb21d486-410c-4d63-a3eb-a911625626cf, command=[]} | ret=SUCCESS |  
2019-09-19 04:28:43,484 | INFO  | SCMAudit | user=jenkins1000 | ip=192.168.34.50 | op=SEND_HEARTBEAT {datanodeUUID=cee6b86e-e629-45c9-9c42-7061c1d64ecd, command=[]} | ret=SUCCESS |  
2019-09-19 04:28:43,550 | INFO  | SCMAudit | user=jenkins1000 | ip=192.168.34.50 | op=SEND_HEARTBEAT {datanodeUUID=fc0f8f3b-538d-481e-abe0-204925d4ee8f, command=[]} | ret=SUCCESS |  
2019-09-19 04:28:43,580 | INFO  | SCMAudit | user=jenkins1000 | ip=192.168.34.50 | op=SEND_HEARTBEAT {datanodeUUID=cacd8be3-3994-43a0-9248-dc2aa43e6f92, command=[]} | ret=SUCCESS |  
2019-09-19 04:28:43,580 | INFO  | SCMAudit | user=jenkins1000 | ip=192.168.34.50 | op=SEND_HEARTBEAT {datanodeUUID=d40cfe62-fc21-48bd-841c-37c3da2319ca, command=[]} | ret=SUCCESS |  
2019-09-19 04:28:43,745 | INFO  | SCMAudit | user=jenkins1000 | ip=192.168.34.50 | op=SEND_HEARTBEAT {datanodeUUID=d267f1ee-b840-49aa-88d3-6d319dcb89fa, command=[]} | ret=SUCCESS |  
2019-09-19 04:28:43,999 | INFO  | SCMAudit | user=jenkins1000 | ip=192.168.34.50 | op=SEND_HEARTBEAT {datanodeUUID=646ad8b2-e397-4e74-bda7-a2da429002a8, command=[]} | ret=SUCCESS |  
2019-09-19 04:28:44,218 | INFO  | SCMAudit | user=jenkins1000 | ip=192.168.34.50 | op=SEND_HEARTBEAT {datanodeUUID=bb21d486-410c-4d63-a3eb-a911625626cf, command=[]} | ret=SUCCESS |  
2019-09-19 04:28:44,484 | INFO  | SCMAudit | user=jenkins1000 | ip=192.168.34.50 | op=SEND_HEARTBEAT {datanodeUUID=cee6b86e-e629-45c9-9c42-7061c1d64ecd, command=[]} | ret=SUCCESS |  
2019-09-19 04:28:44,551 | INFO  | SCMAudit | user=jenkins1000 | ip=192.168.34.50 | op=SEND_HEARTBEAT {datanodeUUID=fc0f8f3b-538d-481e-abe0-204925d4ee8f, command=[]} | ret=SUCCESS |  
2019-09-19 04:28:44,580 | INFO  | SCMAudit | user=jenkins1000 | ip=192.168.34.50 | op=SEND_HEARTBEAT {datanodeUUID=cacd8be3-3994-43a0-9248-dc2aa43e6f92, command=[]} | ret=SUCCESS |  
2019-09-19 04:28:44,580 | INFO  | SCMAudit | user=jenkins1000 | ip=192.168.34.50 | op=SEND_HEARTBEAT {datanodeUUID=d40cfe62-fc21-48bd-841c-37c3da2319ca, command=[]} | ret=SUCCESS |  
2019-09-19 04:28:44,745 | INFO  | SCMAudit | user=jenkins1000 | ip=192.168.34.50 | op=SEND_HEARTBEAT {datanodeUUID=d267f1ee-b840-49aa-88d3-6d319dcb89fa, command=[]} | ret=SUCCESS |  
2019-09-19 04:28:44,998 | INFO  | SCMAudit | user=jenkins1000 | ip=192.168.34.50 | op=SEND_HEARTBEAT {datanodeUUID=646ad8b2-e397-4e74-bda7-a2da429002a8, command=[]} | ret=SUCCESS |  
2019-09-19 04:28:45,219 | INFO  | SCMAudit | user=jenkins1000 | ip=192.168.34.50 | op=SEND_HEARTBEAT {datanodeUUID=bb21d486-410c-4d63-a3eb-a911625626cf, command=[]} | ret=SUCCESS |  
2019-09-19 04:28:45,483 | INFO  | SCMAudit | user=jenkins1000 | ip=192.168.34.50 | op=SEND_HEARTBEAT {datanodeUUID=cee6b86e-e629-45c9-9c42-7061c1d64ecd, command=[]} | ret=SUCCESS |  
2019-09-19 04:28:45,552 | INFO  | SCMAudit | user=jenkins1000 | ip=192.168.34.50 | op=SEND_HEARTBEAT {datanodeUUID=fc0f8f3b-538d-481e-abe0-204925d4ee8f, command=[]} | ret=SUCCESS |  
2019-09-19 04:28:45,579 | INFO  | SCMAudit | user=jenkins1000 | ip=192.168.34.50 | op=SEND_HEARTBEAT {datanodeUUID=cacd8be3-3994-43a0-9248-dc2aa43e6f92, command=[]} | ret=SUCCESS |  
2019-09-19 04:28:45,581 | INFO  | SCMAudit | user=jenkins1000 | ip=192.168.34.50 | op=SEND_HEARTBEAT {datanodeUUID=d40cfe62-fc21-48bd-841c-37c3da2319ca, command=[]} | ret=SUCCESS |  
2019-09-19 04:28:45,747 | INFO  | SCMAudit | user=jenkins1000 | ip=192.168.34.50 | op=SEND_HEARTBEAT {datanodeUUID=d267f1ee-b840-49aa-88d3-6d319dcb89fa, command=[]} | ret=SUCCESS |  
2019-09-19 04:28:45,999 | INFO  | SCMAudit | user=jenkins1000 | ip=192.168.34.50 | op=SEND_HEARTBEAT {datanodeUUID=646ad8b2-e397-4e74-bda7-a2da429002a8, command=[]} | ret=SUCCESS |  
2019-09-19 04:28:46,221 | INFO  | SCMAudit | user=jenkins1000 | ip=192.168.34.50 | op=SEND_HEARTBEAT {datanodeUUID=bb21d486-410c-4d63-a3eb-a911625626cf, command=[]} | ret=SUCCESS |  
2019-09-19 04:28:46,484 | INFO  | SCMAudit | user=jenkins1000 | ip=192.168.34.50 | op=SEND_HEARTBEAT {datanodeUUID=cee6b86e-e629-45c9-9c42-7061c1d64ecd, command=[]} | ret=SUCCESS |  
2019-09-19 04:28:46,551 | INFO  | SCMAudit | user=jenkins1000 | ip=192.168.34.50 | op=SEND_HEARTBEAT {datanodeUUID=fc0f8f3b-538d-481e-abe0-204925d4ee8f, command=[]} | ret=SUCCESS |  
2019-09-19 04:28:46,580 | INFO  | SCMAudit | user=jenkins1000 | ip=192.168.34.50 | op=SEND_HEARTBEAT {datanodeUUID=cacd8be3-3994-43a0-9248-dc2aa43e6f92, command=[]} | ret=SUCCESS |  
2019-09-19 04:28:46,580 | INFO  | SCMAudit | user=jenkins1000 | ip=192.168.34.50 | op=SEND_HEARTBEAT {datanodeUUID=d40cfe62-fc21-48bd-841c-37c3da2319ca, command=[]} | ret=SUCCESS |  
2019-09-19 04:28:46,746 | INFO  | SCMAudit | user=jenkins1000 | ip=192.168.34.50 | op=SEND_HEARTBEAT {datanodeUUID=d267f1ee-b840-49aa-88d3-6d319dcb89fa, command=[]} | ret=SUCCESS |  
2019-09-19 04:28:46,794 [grpc-default-executor-3] INFO  client.GrpcClientProtocolClient (GrpcClientProtocolClient.java:onNext(255)) - client-8D3BBA1B251F->d40cfe62-fc21-48bd-841c-37c3da2319ca: receive RaftClientReply:client-8D3BBA1B251F->d40cfe62-fc21-48bd-841c-37c3da2319ca@group-52CD28E9D88B, cid=45, FAILED org.apache.ratis.protocol.NotLeaderException: Server d40cfe62-fc21-48bd-841c-37c3da2319ca is not the leader (fc0f8f3b-538d-481e-abe0-204925d4ee8f:192.168.34.50:35638). Request must be sent to leader., logIndex=0, commits[d40cfe62-fc21-48bd-841c-37c3da2319ca:c8, fc0f8f3b-538d-481e-abe0-204925d4ee8f:c8, cacd8be3-3994-43a0-9248-dc2aa43e6f92:c8]
2019-09-19 04:28:46,999 | INFO  | SCMAudit | user=jenkins1000 | ip=192.168.34.50 | op=SEND_HEARTBEAT {datanodeUUID=646ad8b2-e397-4e74-bda7-a2da429002a8, command=[]} | ret=SUCCESS |  
2019-09-19 04:28:47,220 | INFO  | SCMAudit | user=jenkins1000 | ip=192.168.34.50 | op=SEND_HEARTBEAT {datanodeUUID=bb21d486-410c-4d63-a3eb-a911625626cf, command=[]} | ret=SUCCESS |  
2019-09-19 04:28:47,485 | INFO  | SCMAudit | user=jenkins1000 | ip=192.168.34.50 | op=SEND_HEARTBEAT {datanodeUUID=cee6b86e-e629-45c9-9c42-7061c1d64ecd, command=[]} | ret=SUCCESS |  
2019-09-19 04:28:47,552 | INFO  | SCMAudit | user=jenkins1000 | ip=192.168.34.50 | op=SEND_HEARTBEAT {datanodeUUID=fc0f8f3b-538d-481e-abe0-204925d4ee8f, command=[]} | ret=SUCCESS |  
2019-09-19 04:28:47,579 | INFO  | SCMAudit | user=jenkins1000 | ip=192.168.34.50 | op=SEND_HEARTBEAT {datanodeUUID=cacd8be3-3994-43a0-9248-dc2aa43e6f92, command=[]} | ret=SUCCESS |  
2019-09-19 04:28:47,580 | INFO  | SCMAudit | user=jenkins1000 | ip=192.168.34.50 | op=SEND_HEARTBEAT {datanodeUUID=d40cfe62-fc21-48bd-841c-37c3da2319ca, command=[]} | ret=SUCCESS |  
2019-09-19 04:28:47,745 | INFO  | SCMAudit | user=jenkins1000 | ip=192.168.34.50 | op=SEND_HEARTBEAT {datanodeUUID=d267f1ee-b840-49aa-88d3-6d319dcb89fa, command=[]} | ret=SUCCESS |  
2019-09-19 04:28:48,000 | INFO  | SCMAudit | user=jenkins1000 | ip=192.168.34.50 | op=SEND_HEARTBEAT {datanodeUUID=646ad8b2-e397-4e74-bda7-a2da429002a8, command=[]} | ret=SUCCESS |  
2019-09-19 04:28:48,221 | INFO  | SCMAudit | user=jenkins1000 | ip=192.168.34.50 | op=SEND_HEARTBEAT {datanodeUUID=bb21d486-410c-4d63-a3eb-a911625626cf, command=[]} | ret=SUCCESS |  
2019-09-19 04:28:48,484 | INFO  | SCMAudit | user=jenkins1000 | ip=192.168.34.50 | op=SEND_HEARTBEAT {datanodeUUID=cee6b86e-e629-45c9-9c42-7061c1d64ecd, command=[]} | ret=SUCCESS |  
2019-09-19 04:28:48,552 | INFO  | SCMAudit | user=jenkins1000 | ip=192.168.34.50 | op=SEND_HEARTBEAT {datanodeUUID=fc0f8f3b-538d-481e-abe0-204925d4ee8f, command=[]} | ret=SUCCESS |  
2019-09-19 04:28:48,580 | INFO  | SCMAudit | user=jenkins1000 | ip=192.168.34.50 | op=SEND_HEARTBEAT {datanodeUUID=cacd8be3-3994-43a0-9248-dc2aa43e6f92, command=[]} | ret=SUCCESS |  
2019-09-19 04:28:48,581 | INFO  | SCMAudit | user=jenkins1000 | ip=192.168.34.50 | op=SEND_HEARTBEAT {datanodeUUID=d40cfe62-fc21-48bd-841c-37c3da2319ca, command=[]} | ret=SUCCESS |  
2019-09-19 04:28:48,746 | INFO  | SCMAudit | user=jenkins1000 | ip=192.168.34.50 | op=SEND_HEARTBEAT {datanodeUUID=d267f1ee-b840-49aa-88d3-6d319dcb89fa, command=[]} | ret=SUCCESS |  
2019-09-19 04:28:49,001 | INFO  | SCMAudit | user=jenkins1000 | ip=192.168.34.50 | op=SEND_HEARTBEAT {datanodeUUID=646ad8b2-e397-4e74-bda7-a2da429002a8, command=[]} | ret=SUCCESS |  
2019-09-19 04:28:49,221 | INFO  | SCMAudit | user=jenkins1000 | ip=192.168.34.50 | op=SEND_HEARTBEAT {datanodeUUID=bb21d486-410c-4d63-a3eb-a911625626cf, command=[]} | ret=SUCCESS |  
2019-09-19 04:28:49,485 | INFO  | SCMAudit | user=jenkins1000 | ip=192.168.34.50 | op=SEND_HEARTBEAT {datanodeUUID=cee6b86e-e629-45c9-9c42-7061c1d64ecd, command=[]} | ret=SUCCESS |  
2019-09-19 04:28:49,553 | INFO  | SCMAudit | user=jenkins1000 | ip=192.168.34.50 | op=SEND_HEARTBEAT {datanodeUUID=fc0f8f3b-538d-481e-abe0-204925d4ee8f, command=[]} | ret=SUCCESS |  
2019-09-19 04:28:49,579 | INFO  | SCMAudit | user=jenkins1000 | ip=192.168.34.50 | op=SEND_HEARTBEAT {datanodeUUID=cacd8be3-3994-43a0-9248-dc2aa43e6f92, command=[]} | ret=SUCCESS |  
2019-09-19 04:28:49,581 | INFO  | SCMAudit | user=jenkins1000 | ip=192.168.34.50 | op=SEND_HEARTBEAT {datanodeUUID=d40cfe62-fc21-48bd-841c-37c3da2319ca, command=[]} | ret=SUCCESS |  
2019-09-19 04:28:49,746 | INFO  | SCMAudit | user=jenkins1000 | ip=192.168.34.50 | op=SEND_HEARTBEAT {datanodeUUID=d267f1ee-b840-49aa-88d3-6d319dcb89fa, command=[]} | ret=SUCCESS |  
2019-09-19 04:28:50,001 | INFO  | SCMAudit | user=jenkins1000 | ip=192.168.34.50 | op=SEND_HEARTBEAT {datanodeUUID=646ad8b2-e397-4e74-bda7-a2da429002a8, command=[]} | ret=SUCCESS |  
2019-09-19 04:28:50,221 | INFO  | SCMAudit | user=jenkins1000 | ip=192.168.34.50 | op=SEND_HEARTBEAT {datanodeUUID=bb21d486-410c-4d63-a3eb-a911625626cf, command=[]} | ret=SUCCESS |  
2019-09-19 04:28:50,484 | INFO  | SCMAudit | user=jenkins1000 | ip=192.168.34.50 | op=SEND_HEARTBEAT {datanodeUUID=cee6b86e-e629-45c9-9c42-7061c1d64ecd, command=[]} | ret=SUCCESS |  
2019-09-19 04:28:50,552 | INFO  | SCMAudit | user=jenkins1000 | ip=192.168.34.50 | op=SEND_HEARTBEAT {datanodeUUID=fc0f8f3b-538d-481e-abe0-204925d4ee8f, command=[]} | ret=SUCCESS |  
2019-09-19 04:28:50,579 | INFO  | SCMAudit | user=jenkins1000 | ip=192.168.34.50 | op=SEND_HEARTBEAT {datanodeUUID=cacd8be3-3994-43a0-9248-dc2aa43e6f92, command=[]} | ret=SUCCESS |  
2019-09-19 04:28:50,580 | INFO  | SCMAudit | user=jenkins1000 | ip=192.168.34.50 | op=SEND_HEARTBEAT {datanodeUUID=d40cfe62-fc21-48bd-841c-37c3da2319ca, command=[]} | ret=SUCCESS |  
2019-09-19 04:28:50,745 | INFO  | SCMAudit | user=jenkins1000 | ip=192.168.34.50 | op=SEND_HEARTBEAT {datanodeUUID=d267f1ee-b840-49aa-88d3-6d319dcb89fa, command=[]} | ret=SUCCESS |  
2019-09-19 04:28:51,000 | INFO  | SCMAudit | user=jenkins1000 | ip=192.168.34.50 | op=SEND_HEARTBEAT {datanodeUUID=646ad8b2-e397-4e74-bda7-a2da429002a8, command=[]} | ret=SUCCESS |  
2019-09-19 04:28:51,221 | INFO  | SCMAudit | user=jenkins1000 | ip=192.168.34.50 | op=SEND_HEARTBEAT {datanodeUUID=bb21d486-410c-4d63-a3eb-a911625626cf, command=[]} | ret=SUCCESS |  
2019-09-19 04:28:51,485 | INFO  | SCMAudit | user=jenkins1000 | ip=192.168.34.50 | op=SEND_HEARTBEAT {datanodeUUID=cee6b86e-e629-45c9-9c42-7061c1d64ecd, command=[]} | ret=SUCCESS |  
2019-09-19 04:28:51,553 | INFO  | SCMAudit | user=jenkins1000 | ip=192.168.34.50 | op=SEND_HEARTBEAT {datanodeUUID=fc0f8f3b-538d-481e-abe0-204925d4ee8f, command=[]} | ret=SUCCESS |  
2019-09-19 04:28:51,580 | INFO  | SCMAudit | user=jenkins1000 | ip=192.168.34.50 | op=SEND_HEARTBEAT {datanodeUUID=cacd8be3-3994-43a0-9248-dc2aa43e6f92, command=[]} | ret=SUCCESS |  
2019-09-19 04:28:51,581 | INFO  | SCMAudit | user=jenkins1000 | ip=192.168.34.50 | op=SEND_HEARTBEAT {datanodeUUID=d40cfe62-fc21-48bd-841c-37c3da2319ca, command=[]} | ret=SUCCESS |  
2019-09-19 04:28:51,746 | INFO  | SCMAudit | user=jenkins1000 | ip=192.168.34.50 | op=SEND_HEARTBEAT {datanodeUUID=d267f1ee-b840-49aa-88d3-6d319dcb89fa, command=[]} | ret=SUCCESS |  
2019-09-19 04:28:51,838 [grpc-default-executor-5] INFO  client.GrpcClientProtocolClient (GrpcClientProtocolClient.java:onNext(255)) - client-8D3BBA1B251F->cacd8be3-3994-43a0-9248-dc2aa43e6f92: receive RaftClientReply:client-8D3BBA1B251F->cacd8be3-3994-43a0-9248-dc2aa43e6f92@group-52CD28E9D88B, cid=45, FAILED org.apache.ratis.protocol.NotLeaderException: Server cacd8be3-3994-43a0-9248-dc2aa43e6f92 is not the leader (fc0f8f3b-538d-481e-abe0-204925d4ee8f:192.168.34.50:35638). Request must be sent to leader., logIndex=0, commits[cacd8be3-3994-43a0-9248-dc2aa43e6f92:c8, d40cfe62-fc21-48bd-841c-37c3da2319ca:c8, fc0f8f3b-538d-481e-abe0-204925d4ee8f:c8]
2019-09-19 04:28:52,001 | INFO  | SCMAudit | user=jenkins1000 | ip=192.168.34.50 | op=SEND_HEARTBEAT {datanodeUUID=646ad8b2-e397-4e74-bda7-a2da429002a8, command=[]} | ret=SUCCESS |  
2019-09-19 04:28:52,220 | INFO  | SCMAudit | user=jenkins1000 | ip=192.168.34.50 | op=SEND_HEARTBEAT {datanodeUUID=bb21d486-410c-4d63-a3eb-a911625626cf, command=[]} | ret=SUCCESS |  
2019-09-19 04:28:52,485 | INFO  | SCMAudit | user=jenkins1000 | ip=192.168.34.50 | op=SEND_HEARTBEAT {datanodeUUID=cee6b86e-e629-45c9-9c42-7061c1d64ecd, command=[]} | ret=SUCCESS |  
2019-09-19 04:28:52,552 | INFO  | SCMAudit | user=jenkins1000 | ip=192.168.34.50 | op=SEND_HEARTBEAT {datanodeUUID=fc0f8f3b-538d-481e-abe0-204925d4ee8f, command=[]} | ret=SUCCESS |  
2019-09-19 04:28:52,580 | INFO  | SCMAudit | user=jenkins1000 | ip=192.168.34.50 | op=SEND_HEARTBEAT {datanodeUUID=cacd8be3-3994-43a0-9248-dc2aa43e6f92, command=[]} | ret=SUCCESS |  
2019-09-19 04:28:52,581 | INFO  | SCMAudit | user=jenkins1000 | ip=192.168.34.50 | op=SEND_HEARTBEAT {datanodeUUID=d40cfe62-fc21-48bd-841c-37c3da2319ca, command=[]} | ret=SUCCESS |  
2019-09-19 04:28:52,747 | INFO  | SCMAudit | user=jenkins1000 | ip=192.168.34.50 | op=SEND_HEARTBEAT {datanodeUUID=d267f1ee-b840-49aa-88d3-6d319dcb89fa, command=[]} | ret=SUCCESS |  
2019-09-19 04:28:53,000 | INFO  | SCMAudit | user=jenkins1000 | ip=192.168.34.50 | op=SEND_HEARTBEAT {datanodeUUID=646ad8b2-e397-4e74-bda7-a2da429002a8, command=[]} | ret=SUCCESS |  
2019-09-19 04:28:53,221 | INFO  | SCMAudit | user=jenkins1000 | ip=192.168.34.50 | op=SEND_HEARTBEAT {datanodeUUID=bb21d486-410c-4d63-a3eb-a911625626cf, command=[]} | ret=SUCCESS |  
2019-09-19 04:28:53,484 | INFO  | SCMAudit | user=jenkins1000 | ip=192.168.34.50 | op=SEND_HEARTBEAT {datanodeUUID=cee6b86e-e629-45c9-9c42-7061c1d64ecd, command=[]} | ret=SUCCESS |  
2019-09-19 04:28:53,553 | INFO  | SCMAudit | user=jenkins1000 | ip=192.168.34.50 | op=SEND_HEARTBEAT {datanodeUUID=fc0f8f3b-538d-481e-abe0-204925d4ee8f, command=[]} | ret=SUCCESS |  
2019-09-19 04:28:53,580 | INFO  | SCMAudit | user=jenkins1000 | ip=192.168.34.50 | op=SEND_HEARTBEAT {datanodeUUID=cacd8be3-3994-43a0-9248-dc2aa43e6f92, command=[]} | ret=SUCCESS |  
2019-09-19 04:28:53,581 | INFO  | SCMAudit | user=jenkins1000 | ip=192.168.34.50 | op=SEND_HEARTBEAT {datanodeUUID=d40cfe62-fc21-48bd-841c-37c3da2319ca, command=[]} | ret=SUCCESS |  
2019-09-19 04:28:53,746 | INFO  | SCMAudit | user=jenkins1000 | ip=192.168.34.50 | op=SEND_HEARTBEAT {datanodeUUID=d267f1ee-b840-49aa-88d3-6d319dcb89fa, command=[]} | ret=SUCCESS |  
2019-09-19 04:28:54,001 | INFO  | SCMAudit | user=jenkins1000 | ip=192.168.34.50 | op=SEND_HEARTBEAT {datanodeUUID=646ad8b2-e397-4e74-bda7-a2da429002a8, command=[]} | ret=SUCCESS |  
2019-09-19 04:28:54,221 | INFO  | SCMAudit | user=jenkins1000 | ip=192.168.34.50 | op=SEND_HEARTBEAT {datanodeUUID=bb21d486-410c-4d63-a3eb-a911625626cf, command=[]} | ret=SUCCESS |  
2019-09-19 04:28:54,485 | INFO  | SCMAudit | user=jenkins1000 | ip=192.168.34.50 | op=SEND_HEARTBEAT {datanodeUUID=cee6b86e-e629-45c9-9c42-7061c1d64ecd, command=[]} | ret=SUCCESS |  
2019-09-19 04:28:54,552 | INFO  | SCMAudit | user=jenkins1000 | ip=192.168.34.50 | op=SEND_HEARTBEAT {datanodeUUID=fc0f8f3b-538d-481e-abe0-204925d4ee8f, command=[]} | ret=SUCCESS |  
2019-09-19 04:28:54,580 | INFO  | SCMAudit | user=jenkins1000 | ip=192.168.34.50 | op=SEND_HEARTBEAT {datanodeUUID=d40cfe62-fc21-48bd-841c-37c3da2319ca, command=[]} | ret=SUCCESS |  
2019-09-19 04:28:54,580 | INFO  | SCMAudit | user=jenkins1000 | ip=192.168.34.50 | op=SEND_HEARTBEAT {datanodeUUID=cacd8be3-3994-43a0-9248-dc2aa43e6f92, command=[]} | ret=SUCCESS |  
2019-09-19 04:28:54,747 | INFO  | SCMAudit | user=jenkins1000 | ip=192.168.34.50 | op=SEND_HEARTBEAT {datanodeUUID=d267f1ee-b840-49aa-88d3-6d319dcb89fa, command=[]} | ret=SUCCESS |  
2019-09-19 04:28:55,001 | INFO  | SCMAudit | user=jenkins1000 | ip=192.168.34.50 | op=SEND_HEARTBEAT {datanodeUUID=646ad8b2-e397-4e74-bda7-a2da429002a8, command=[]} | ret=SUCCESS |  
2019-09-19 04:28:55,220 | INFO  | SCMAudit | user=jenkins1000 | ip=192.168.34.50 | op=SEND_HEARTBEAT {datanodeUUID=bb21d486-410c-4d63-a3eb-a911625626cf, command=[]} | ret=SUCCESS |  
2019-09-19 04:28:55,485 | INFO  | SCMAudit | user=jenkins1000 | ip=192.168.34.50 | op=SEND_HEARTBEAT {datanodeUUID=cee6b86e-e629-45c9-9c42-7061c1d64ecd, command=[]} | ret=SUCCESS |  
2019-09-19 04:28:55,553 | INFO  | SCMAudit | user=jenkins1000 | ip=192.168.34.50 | op=SEND_HEARTBEAT {datanodeUUID=fc0f8f3b-538d-481e-abe0-204925d4ee8f, command=[]} | ret=SUCCESS |  
2019-09-19 04:28:55,580 | INFO  | SCMAudit | user=jenkins1000 | ip=192.168.34.50 | op=SEND_HEARTBEAT {datanodeUUID=d40cfe62-fc21-48bd-841c-37c3da2319ca, command=[]} | ret=SUCCESS |  
2019-09-19 04:28:55,581 | INFO  | SCMAudit | user=jenkins1000 | ip=192.168.34.50 | op=SEND_HEARTBEAT {datanodeUUID=cacd8be3-3994-43a0-9248-dc2aa43e6f92, command=[]} | ret=SUCCESS |  
2019-09-19 04:28:55,746 | INFO  | SCMAudit | user=jenkins1000 | ip=192.168.34.50 | op=SEND_HEARTBEAT {datanodeUUID=d267f1ee-b840-49aa-88d3-6d319dcb89fa, command=[]} | ret=SUCCESS |  
2019-09-19 04:28:56,002 | INFO  | SCMAudit | user=jenkins1000 | ip=192.168.34.50 | op=SEND_HEARTBEAT {datanodeUUID=646ad8b2-e397-4e74-bda7-a2da429002a8, command=[]} | ret=SUCCESS |  
2019-09-19 04:28:56,221 | INFO  | SCMAudit | user=jenkins1000 | ip=192.168.34.50 | op=SEND_HEARTBEAT {datanodeUUID=bb21d486-410c-4d63-a3eb-a911625626cf, command=[]} | ret=SUCCESS |  
2019-09-19 04:28:56,485 | INFO  | SCMAudit | user=jenkins1000 | ip=192.168.34.50 | op=SEND_HEARTBEAT {datanodeUUID=cee6b86e-e629-45c9-9c42-7061c1d64ecd, command=[]} | ret=SUCCESS |  
2019-09-19 04:28:56,554 | INFO  | SCMAudit | user=jenkins1000 | ip=192.168.34.50 | op=SEND_HEARTBEAT {datanodeUUID=fc0f8f3b-538d-481e-abe0-204925d4ee8f, command=[]} | ret=SUCCESS |  
2019-09-19 04:28:56,581 | INFO  | SCMAudit | user=jenkins1000 | ip=192.168.34.50 | op=SEND_HEARTBEAT {datanodeUUID=d40cfe62-fc21-48bd-841c-37c3da2319ca, command=[]} | ret=SUCCESS |  
2019-09-19 04:28:56,581 | INFO  | SCMAudit | user=jenkins1000 | ip=192.168.34.50 | op=SEND_HEARTBEAT {datanodeUUID=cacd8be3-3994-43a0-9248-dc2aa43e6f92, command=[]} | ret=SUCCESS |  
2019-09-19 04:28:56,747 | INFO  | SCMAudit | user=jenkins1000 | ip=192.168.34.50 | op=SEND_HEARTBEAT {datanodeUUID=d267f1ee-b840-49aa-88d3-6d319dcb89fa, command=[]} | ret=SUCCESS |  
2019-09-19 04:28:56,921 [grpc-default-executor-0] INFO  client.GrpcClientProtocolClient (GrpcClientProtocolClient.java:onNext(255)) - client-8D3BBA1B251F->cacd8be3-3994-43a0-9248-dc2aa43e6f92: receive RaftClientReply:client-8D3BBA1B251F->cacd8be3-3994-43a0-9248-dc2aa43e6f92@group-52CD28E9D88B, cid=45, FAILED org.apache.ratis.protocol.NotLeaderException: Server cacd8be3-3994-43a0-9248-dc2aa43e6f92 is not the leader (fc0f8f3b-538d-481e-abe0-204925d4ee8f:192.168.34.50:35638). Request must be sent to leader., logIndex=0, commits[cacd8be3-3994-43a0-9248-dc2aa43e6f92:c8, d40cfe62-fc21-48bd-841c-37c3da2319ca:c8, fc0f8f3b-538d-481e-abe0-204925d4ee8f:c8]
2019-09-19 04:28:57,001 | INFO  | SCMAudit | user=jenkins1000 | ip=192.168.34.50 | op=SEND_HEARTBEAT {datanodeUUID=646ad8b2-e397-4e74-bda7-a2da429002a8, command=[]} | ret=SUCCESS |  
2019-09-19 04:28:57,220 | INFO  | SCMAudit | user=jenkins1000 | ip=192.168.34.50 | op=SEND_HEARTBEAT {datanodeUUID=bb21d486-410c-4d63-a3eb-a911625626cf, command=[]} | ret=SUCCESS |  
2019-09-19 04:28:57,484 | INFO  | SCMAudit | user=jenkins1000 | ip=192.168.34.50 | op=SEND_HEARTBEAT {datanodeUUID=cee6b86e-e629-45c9-9c42-7061c1d64ecd, command=[]} | ret=SUCCESS |  
2019-09-19 04:28:57,553 | INFO  | SCMAudit | user=jenkins1000 | ip=192.168.34.50 | op=SEND_HEARTBEAT {datanodeUUID=fc0f8f3b-538d-481e-abe0-204925d4ee8f, command=[]} | ret=SUCCESS |  
2019-09-19 04:28:57,580 | INFO  | SCMAudit | user=jenkins1000 | ip=192.168.34.50 | op=SEND_HEARTBEAT {datanodeUUID=d40cfe62-fc21-48bd-841c-37c3da2319ca, command=[]} | ret=SUCCESS |  
2019-09-19 04:28:57,581 | INFO  | SCMAudit | user=jenkins1000 | ip=192.168.34.50 | op=SEND_HEARTBEAT {datanodeUUID=cacd8be3-3994-43a0-9248-dc2aa43e6f92, command=[]} | ret=SUCCESS |  
2019-09-19 04:28:57,748 | INFO  | SCMAudit | user=jenkins1000 | ip=192.168.34.50 | op=SEND_HEARTBEAT {datanodeUUID=d267f1ee-b840-49aa-88d3-6d319dcb89fa, command=[]} | ret=SUCCESS |  
2019-09-19 04:28:58,002 | INFO  | SCMAudit | user=jenkins1000 | ip=192.168.34.50 | op=SEND_HEARTBEAT {datanodeUUID=646ad8b2-e397-4e74-bda7-a2da429002a8, command=[]} | ret=SUCCESS |  
2019-09-19 04:28:58,221 | INFO  | SCMAudit | user=jenkins1000 | ip=192.168.34.50 | op=SEND_HEARTBEAT {datanodeUUID=bb21d486-410c-4d63-a3eb-a911625626cf, command=[]} | ret=SUCCESS |  
2019-09-19 04:28:58,485 | INFO  | SCMAudit | user=jenkins1000 | ip=192.168.34.50 | op=SEND_HEARTBEAT {datanodeUUID=cee6b86e-e629-45c9-9c42-7061c1d64ecd, command=[]} | ret=SUCCESS |  
2019-09-19 04:28:58,554 | INFO  | SCMAudit | user=jenkins1000 | ip=192.168.34.50 | op=SEND_HEARTBEAT {datanodeUUID=fc0f8f3b-538d-481e-abe0-204925d4ee8f, command=[]} | ret=SUCCESS |  
2019-09-19 04:28:58,580 | INFO  | SCMAudit | user=jenkins1000 | ip=192.168.34.50 | op=SEND_HEARTBEAT {datanodeUUID=d40cfe62-fc21-48bd-841c-37c3da2319ca, command=[]} | ret=SUCCESS |  
2019-09-19 04:28:58,581 | INFO  | SCMAudit | user=jenkins1000 | ip=192.168.34.50 | op=SEND_HEARTBEAT {datanodeUUID=cacd8be3-3994-43a0-9248-dc2aa43e6f92, command=[]} | ret=SUCCESS |  
2019-09-19 04:28:58,747 | INFO  | SCMAudit | user=jenkins1000 | ip=192.168.34.50 | op=SEND_HEARTBEAT {datanodeUUID=d267f1ee-b840-49aa-88d3-6d319dcb89fa, command=[]} | ret=SUCCESS |  
2019-09-19 04:28:59,001 | INFO  | SCMAudit | user=jenkins1000 | ip=192.168.34.50 | op=SEND_HEARTBEAT {datanodeUUID=646ad8b2-e397-4e74-bda7-a2da429002a8, command=[]} | ret=SUCCESS |  
2019-09-19 04:28:59,221 | INFO  | SCMAudit | user=jenkins1000 | ip=192.168.34.50 | op=SEND_HEARTBEAT {datanodeUUID=bb21d486-410c-4d63-a3eb-a911625626cf, command=[]} | ret=SUCCESS |  
2019-09-19 04:28:59,484 | INFO  | SCMAudit | user=jenkins1000 | ip=192.168.34.50 | op=SEND_HEARTBEAT {datanodeUUID=cee6b86e-e629-45c9-9c42-7061c1d64ecd, command=[]} | ret=SUCCESS |  
2019-09-19 04:28:59,555 | INFO  | SCMAudit | user=jenkins1000 | ip=192.168.34.50 | op=SEND_HEARTBEAT {datanodeUUID=fc0f8f3b-538d-481e-abe0-204925d4ee8f, command=[]} | ret=SUCCESS |  
2019-09-19 04:28:59,581 | INFO  | SCMAudit | user=jenkins1000 | ip=192.168.34.50 | op=SEND_HEARTBEAT {datanodeUUID=d40cfe62-fc21-48bd-841c-37c3da2319ca, command=[]} | ret=SUCCESS |  
2019-09-19 04:28:59,582 | INFO  | SCMAudit | user=jenkins1000 | ip=192.168.34.50 | op=SEND_HEARTBEAT {datanodeUUID=cacd8be3-3994-43a0-9248-dc2aa43e6f92, command=[]} | ret=SUCCESS |  
2019-09-19 04:28:59,748 | INFO  | SCMAudit | user=jenkins1000 | ip=192.168.34.50 | op=SEND_HEARTBEAT {datanodeUUID=d267f1ee-b840-49aa-88d3-6d319dcb89fa, command=[]} | ret=SUCCESS |  
2019-09-19 04:29:00,002 | INFO  | SCMAudit | user=jenkins1000 | ip=192.168.34.50 | op=SEND_HEARTBEAT {datanodeUUID=646ad8b2-e397-4e74-bda7-a2da429002a8, command=[]} | ret=SUCCESS |  
2019-09-19 04:29:00,221 | INFO  | SCMAudit | user=jenkins1000 | ip=192.168.34.50 | op=SEND_HEARTBEAT {datanodeUUID=bb21d486-410c-4d63-a3eb-a911625626cf, command=[]} | ret=SUCCESS |  
2019-09-19 04:29:00,485 | INFO  | SCMAudit | user=jenkins1000 | ip=192.168.34.50 | op=SEND_HEARTBEAT {datanodeUUID=cee6b86e-e629-45c9-9c42-7061c1d64ecd, command=[]} | ret=SUCCESS |  
2019-09-19 04:29:00,554 | INFO  | SCMAudit | user=jenkins1000 | ip=192.168.34.50 | op=SEND_HEARTBEAT {datanodeUUID=fc0f8f3b-538d-481e-abe0-204925d4ee8f, command=[]} | ret=SUCCESS |  
2019-09-19 04:29:00,581 | INFO  | SCMAudit | user=jenkins1000 | ip=192.168.34.50 | op=SEND_HEARTBEAT {datanodeUUID=d40cfe62-fc21-48bd-841c-37c3da2319ca, command=[]} | ret=SUCCESS |  
2019-09-19 04:29:00,582 | INFO  | SCMAudit | user=jenkins1000 | ip=192.168.34.50 | op=SEND_HEARTBEAT {datanodeUUID=cacd8be3-3994-43a0-9248-dc2aa43e6f92, command=[]} | ret=SUCCESS |  
2019-09-19 04:29:00,747 | INFO  | SCMAudit | user=jenkins1000 | ip=192.168.34.50 | op=SEND_HEARTBEAT {datanodeUUID=d267f1ee-b840-49aa-88d3-6d319dcb89fa, command=[]} | ret=SUCCESS |  
2019-09-19 04:29:01,001 | INFO  | SCMAudit | user=jenkins1000 | ip=192.168.34.50 | op=SEND_HEARTBEAT {datanodeUUID=646ad8b2-e397-4e74-bda7-a2da429002a8, command=[]} | ret=SUCCESS |  
2019-09-19 04:29:01,222 | INFO  | SCMAudit | user=jenkins1000 | ip=192.168.34.50 | op=SEND_HEARTBEAT {datanodeUUID=bb21d486-410c-4d63-a3eb-a911625626cf, command=[]} | ret=SUCCESS |  
2019-09-19 04:29:01,486 | INFO  | SCMAudit | user=jenkins1000 | ip=192.168.34.50 | op=SEND_HEARTBEAT {datanodeUUID=cee6b86e-e629-45c9-9c42-7061c1d64ecd, command=[]} | ret=SUCCESS |  
2019-09-19 04:29:01,555 | INFO  | SCMAudit | user=jenkins1000 | ip=192.168.34.50 | op=SEND_HEARTBEAT {datanodeUUID=fc0f8f3b-538d-481e-abe0-204925d4ee8f, command=[]} | ret=SUCCESS |  
2019-09-19 04:29:01,581 | INFO  | SCMAudit | user=jenkins1000 | ip=192.168.34.50 | op=SEND_HEARTBEAT {datanodeUUID=d40cfe62-fc21-48bd-841c-37c3da2319ca, command=[]} | ret=SUCCESS |  
2019-09-19 04:29:01,582 | INFO  | SCMAudit | user=jenkins1000 | ip=192.168.34.50 | op=SEND_HEARTBEAT {datanodeUUID=cacd8be3-3994-43a0-9248-dc2aa43e6f92, command=[]} | ret=SUCCESS |  
2019-09-19 04:29:01,748 | INFO  | SCMAudit | user=jenkins1000 | ip=192.168.34.50 | op=SEND_HEARTBEAT {datanodeUUID=d267f1ee-b840-49aa-88d3-6d319dcb89fa, command=[]} | ret=SUCCESS |  
2019-09-19 04:29:01,973 [grpc-default-executor-0] INFO  client.GrpcClientProtocolClient (GrpcClientProtocolClient.java:onNext(255)) - client-8D3BBA1B251F->d40cfe62-fc21-48bd-841c-37c3da2319ca: receive RaftClientReply:client-8D3BBA1B251F->d40cfe62-fc21-48bd-841c-37c3da2319ca@group-52CD28E9D88B, cid=45, FAILED org.apache.ratis.protocol.NotLeaderException: Server d40cfe62-fc21-48bd-841c-37c3da2319ca is not the leader (fc0f8f3b-538d-481e-abe0-204925d4ee8f:192.168.34.50:35638). Request must be sent to leader., logIndex=0, commits[d40cfe62-fc21-48bd-841c-37c3da2319ca:c8, fc0f8f3b-538d-481e-abe0-204925d4ee8f:c8, cacd8be3-3994-43a0-9248-dc2aa43e6f92:c8]
2019-09-19 04:29:02,002 | INFO  | SCMAudit | user=jenkins1000 | ip=192.168.34.50 | op=SEND_HEARTBEAT {datanodeUUID=646ad8b2-e397-4e74-bda7-a2da429002a8, command=[]} | ret=SUCCESS |  
2019-09-19 04:29:02,222 | INFO  | SCMAudit | user=jenkins1000 | ip=192.168.34.50 | op=SEND_HEARTBEAT {datanodeUUID=bb21d486-410c-4d63-a3eb-a911625626cf, command=[]} | ret=SUCCESS |  
2019-09-19 04:29:02,485 | INFO  | SCMAudit | user=jenkins1000 | ip=192.168.34.50 | op=SEND_HEARTBEAT {datanodeUUID=cee6b86e-e629-45c9-9c42-7061c1d64ecd, command=[]} | ret=SUCCESS |  
2019-09-19 04:29:02,555 | INFO  | SCMAudit | user=jenkins1000 | ip=192.168.34.50 | op=SEND_HEARTBEAT {datanodeUUID=fc0f8f3b-538d-481e-abe0-204925d4ee8f, command=[]} | ret=SUCCESS |  
2019-09-19 04:29:02,581 | INFO  | SCMAudit | user=jenkins1000 | ip=192.168.34.50 | op=SEND_HEARTBEAT {datanodeUUID=d40cfe62-fc21-48bd-841c-37c3da2319ca, command=[]} | ret=SUCCESS |  
2019-09-19 04:29:02,582 | INFO  | SCMAudit | user=jenkins1000 | ip=192.168.34.50 | op=SEND_HEARTBEAT {datanodeUUID=cacd8be3-3994-43a0-9248-dc2aa43e6f92, command=[]} | ret=SUCCESS |  
2019-09-19 04:29:02,748 | INFO  | SCMAudit | user=jenkins1000 | ip=192.168.34.50 | op=SEND_HEARTBEAT {datanodeUUID=d267f1ee-b840-49aa-88d3-6d319dcb89fa, command=[]} | ret=SUCCESS |  
2019-09-19 04:29:03,001 | INFO  | SCMAudit | user=jenkins1000 | ip=192.168.34.50 | op=SEND_HEARTBEAT {datanodeUUID=646ad8b2-e397-4e74-bda7-a2da429002a8, command=[]} | ret=SUCCESS |  
2019-09-19 04:29:03,222 | INFO  | SCMAudit | user=jenkins1000 | ip=192.168.34.50 | op=SEND_HEARTBEAT {datanodeUUID=bb21d486-410c-4d63-a3eb-a911625626cf, command=[]} | ret=SUCCESS |  
2019-09-19 04:29:03,486 | INFO  | SCMAudit | user=jenkins1000 | ip=192.168.34.50 | op=SEND_HEARTBEAT {datanodeUUID=cee6b86e-e629-45c9-9c42-7061c1d64ecd, command=[]} | ret=SUCCESS |  
2019-09-19 04:29:03,558 | INFO  | SCMAudit | user=jenkins1000 | ip=192.168.34.50 | op=SEND_HEARTBEAT {datanodeUUID=fc0f8f3b-538d-481e-abe0-204925d4ee8f, command=[]} | ret=SUCCESS |  
2019-09-19 04:29:03,582 | INFO  | SCMAudit | user=jenkins1000 | ip=192.168.34.50 | op=SEND_HEARTBEAT {datanodeUUID=d40cfe62-fc21-48bd-841c-37c3da2319ca, command=[]} | ret=SUCCESS |  
2019-09-19 04:29:03,583 | INFO  | SCMAudit | user=jenkins1000 | ip=192.168.34.50 | op=SEND_HEARTBEAT {datanodeUUID=cacd8be3-3994-43a0-9248-dc2aa43e6f92, command=[]} | ret=SUCCESS |  
2019-09-19 04:29:03,748 | INFO  | SCMAudit | user=jenkins1000 | ip=192.168.34.50 | op=SEND_HEARTBEAT {datanodeUUID=d267f1ee-b840-49aa-88d3-6d319dcb89fa, command=[]} | ret=SUCCESS |  
2019-09-19 04:29:04,002 | INFO  | SCMAudit | user=jenkins1000 | ip=192.168.34.50 | op=SEND_HEARTBEAT {datanodeUUID=646ad8b2-e397-4e74-bda7-a2da429002a8, command=[]} | ret=SUCCESS |  
2019-09-19 04:29:04,221 | INFO  | SCMAudit | user=jenkins1000 | ip=192.168.34.50 | op=SEND_HEARTBEAT {datanodeUUID=bb21d486-410c-4d63-a3eb-a911625626cf, command=[]} | ret=SUCCESS |  
2019-09-19 04:29:04,487 | INFO  | SCMAudit | user=jenkins1000 | ip=192.168.34.50 | op=SEND_HEARTBEAT {datanodeUUID=cee6b86e-e629-45c9-9c42-7061c1d64ecd, command=[]} | ret=SUCCESS |  
2019-09-19 04:29:04,556 | INFO  | SCMAudit | user=jenkins1000 | ip=192.168.34.50 | op=SEND_HEARTBEAT {datanodeUUID=fc0f8f3b-538d-481e-abe0-204925d4ee8f, command=[]} | ret=SUCCESS |  
2019-09-19 04:29:04,581 | INFO  | SCMAudit | user=jenkins1000 | ip=192.168.34.50 | op=SEND_HEARTBEAT {datanodeUUID=d40cfe62-fc21-48bd-841c-37c3da2319ca, command=[]} | ret=SUCCESS |  
2019-09-19 04:29:04,584 | INFO  | SCMAudit | user=jenkins1000 | ip=192.168.34.50 | op=SEND_HEARTBEAT {datanodeUUID=cacd8be3-3994-43a0-9248-dc2aa43e6f92, command=[]} | ret=SUCCESS |  
2019-09-19 04:29:04,748 | INFO  | SCMAudit | user=jenkins1000 | ip=192.168.34.50 | op=SEND_HEARTBEAT {datanodeUUID=d267f1ee-b840-49aa-88d3-6d319dcb89fa, command=[]} | ret=SUCCESS |  
2019-09-19 04:29:05,003 | INFO  | SCMAudit | user=jenkins1000 | ip=192.168.34.50 | op=SEND_HEARTBEAT {datanodeUUID=646ad8b2-e397-4e74-bda7-a2da429002a8, command=[]} | ret=SUCCESS |  
2019-09-19 04:29:05,222 | INFO  | SCMAudit | user=jenkins1000 | ip=192.168.34.50 | op=SEND_HEARTBEAT {datanodeUUID=bb21d486-410c-4d63-a3eb-a911625626cf, command=[]} | ret=SUCCESS |  
2019-09-19 04:29:05,485 | INFO  | SCMAudit | user=jenkins1000 | ip=192.168.34.50 | op=SEND_HEARTBEAT {datanodeUUID=cee6b86e-e629-45c9-9c42-7061c1d64ecd, command=[]} | ret=SUCCESS |  
2019-09-19 04:29:05,556 | INFO  | SCMAudit | user=jenkins1000 | ip=192.168.34.50 | op=SEND_HEARTBEAT {datanodeUUID=fc0f8f3b-538d-481e-abe0-204925d4ee8f, command=[]} | ret=SUCCESS |  
2019-09-19 04:29:05,581 | INFO  | SCMAudit | user=jenkins1000 | ip=192.168.34.50 | op=SEND_HEARTBEAT {datanodeUUID=d40cfe62-fc21-48bd-841c-37c3da2319ca, command=[]} | ret=SUCCESS |  
2019-09-19 04:29:05,583 | INFO  | SCMAudit | user=jenkins1000 | ip=192.168.34.50 | op=SEND_HEARTBEAT {datanodeUUID=cacd8be3-3994-43a0-9248-dc2aa43e6f92, command=[]} | ret=SUCCESS |  
2019-09-19 04:29:05,749 | INFO  | SCMAudit | user=jenkins1000 | ip=192.168.34.50 | op=SEND_HEARTBEAT {datanodeUUID=d267f1ee-b840-49aa-88d3-6d319dcb89fa, command=[]} | ret=SUCCESS |  
2019-09-19 04:29:06,002 | INFO  | SCMAudit | user=jenkins1000 | ip=192.168.34.50 | op=SEND_HEARTBEAT {datanodeUUID=646ad8b2-e397-4e74-bda7-a2da429002a8, command=[]} | ret=SUCCESS |  
2019-09-19 04:29:06,221 | INFO  | SCMAudit | user=jenkins1000 | ip=192.168.34.50 | op=SEND_HEARTBEAT {datanodeUUID=bb21d486-410c-4d63-a3eb-a911625626cf, command=[]} | ret=SUCCESS |  
2019-09-19 04:29:06,486 | INFO  | SCMAudit | user=jenkins1000 | ip=192.168.34.50 | op=SEND_HEARTBEAT {datanodeUUID=cee6b86e-e629-45c9-9c42-7061c1d64ecd, command=[]} | ret=SUCCESS |  
2019-09-19 04:29:06,556 | INFO  | SCMAudit | user=jenkins1000 | ip=192.168.34.50 | op=SEND_HEARTBEAT {datanodeUUID=fc0f8f3b-538d-481e-abe0-204925d4ee8f, command=[]} | ret=SUCCESS |  
2019-09-19 04:29:06,581 | INFO  | SCMAudit | user=jenkins1000 | ip=192.168.34.50 | op=SEND_HEARTBEAT {datanodeUUID=d40cfe62-fc21-48bd-841c-37c3da2319ca, command=[]} | ret=SUCCESS |  
2019-09-19 04:29:06,583 | INFO  | SCMAudit | user=jenkins1000 | ip=192.168.34.50 | op=SEND_HEARTBEAT {datanodeUUID=cacd8be3-3994-43a0-9248-dc2aa43e6f92, command=[]} | ret=SUCCESS |  
2019-09-19 04:29:06,748 | INFO  | SCMAudit | user=jenkins1000 | ip=192.168.34.50 | op=SEND_HEARTBEAT {datanodeUUID=d267f1ee-b840-49aa-88d3-6d319dcb89fa, command=[]} | ret=SUCCESS |  
2019-09-19 04:29:07,003 | INFO  | SCMAudit | user=jenkins1000 | ip=192.168.34.50 | op=SEND_HEARTBEAT {datanodeUUID=646ad8b2-e397-4e74-bda7-a2da429002a8, command=[]} | ret=SUCCESS |  
2019-09-19 04:29:07,019 [grpc-default-executor-0] INFO  client.GrpcClientProtocolClient (GrpcClientProtocolClient.java:onNext(255)) - client-8D3BBA1B251F->d40cfe62-fc21-48bd-841c-37c3da2319ca: receive RaftClientReply:client-8D3BBA1B251F->d40cfe62-fc21-48bd-841c-37c3da2319ca@group-52CD28E9D88B, cid=45, FAILED org.apache.ratis.protocol.NotLeaderException: Server d40cfe62-fc21-48bd-841c-37c3da2319ca is not the leader (fc0f8f3b-538d-481e-abe0-204925d4ee8f:192.168.34.50:35638). Request must be sent to leader., logIndex=0, commits[d40cfe62-fc21-48bd-841c-37c3da2319ca:c8, fc0f8f3b-538d-481e-abe0-204925d4ee8f:c8, cacd8be3-3994-43a0-9248-dc2aa43e6f92:c8]
2019-09-19 04:29:07,222 | INFO  | SCMAudit | user=jenkins1000 | ip=192.168.34.50 | op=SEND_HEARTBEAT {datanodeUUID=bb21d486-410c-4d63-a3eb-a911625626cf, command=[]} | ret=SUCCESS |  
2019-09-19 04:29:07,485 | INFO  | SCMAudit | user=jenkins1000 | ip=192.168.34.50 | op=SEND_HEARTBEAT {datanodeUUID=cee6b86e-e629-45c9-9c42-7061c1d64ecd, command=[]} | ret=SUCCESS |  
2019-09-19 04:29:07,557 | INFO  | SCMAudit | user=jenkins1000 | ip=192.168.34.50 | op=SEND_HEARTBEAT {datanodeUUID=fc0f8f3b-538d-481e-abe0-204925d4ee8f, command=[]} | ret=SUCCESS |  
2019-09-19 04:29:07,581 | INFO  | SCMAudit | user=jenkins1000 | ip=192.168.34.50 | op=SEND_HEARTBEAT {datanodeUUID=d40cfe62-fc21-48bd-841c-37c3da2319ca, command=[]} | ret=SUCCESS |  
2019-09-19 04:29:07,583 | INFO  | SCMAudit | user=jenkins1000 | ip=192.168.34.50 | op=SEND_HEARTBEAT {datanodeUUID=cacd8be3-3994-43a0-9248-dc2aa43e6f92, command=[]} | ret=SUCCESS |  
2019-09-19 04:29:07,749 | INFO  | SCMAudit | user=jenkins1000 | ip=192.168.34.50 | op=SEND_HEARTBEAT {datanodeUUID=d267f1ee-b840-49aa-88d3-6d319dcb89fa, command=[]} | ret=SUCCESS |  
2019-09-19 04:29:08,002 | INFO  | SCMAudit | user=jenkins1000 | ip=192.168.34.50 | op=SEND_HEARTBEAT {datanodeUUID=646ad8b2-e397-4e74-bda7-a2da429002a8, command=[]} | ret=SUCCESS |  
2019-09-19 04:29:08,221 | INFO  | SCMAudit | user=jenkins1000 | ip=192.168.34.50 | op=SEND_HEARTBEAT {datanodeUUID=bb21d486-410c-4d63-a3eb-a911625626cf, command=[]} | ret=SUCCESS |  
2019-09-19 04:29:08,486 | INFO  | SCMAudit | user=jenkins1000 | ip=192.168.34.50 | op=SEND_HEARTBEAT {datanodeUUID=cee6b86e-e629-45c9-9c42-7061c1d64ecd, command=[]} | ret=SUCCESS |  
2019-09-19 04:29:08,557 | INFO  | SCMAudit | user=jenkins1000 | ip=192.168.34.50 | op=SEND_HEARTBEAT {datanodeUUID=fc0f8f3b-538d-481e-abe0-204925d4ee8f, command=[]} | ret=SUCCESS |  
2019-09-19 04:29:08,582 | INFO  | SCMAudit | user=jenkins1000 | ip=192.168.34.50 | op=SEND_HEARTBEAT {datanodeUUID=d40cfe62-fc21-48bd-841c-37c3da2319ca, command=[]} | ret=SUCCESS |  
2019-09-19 04:29:08,583 | INFO  | SCMAudit | user=jenkins1000 | ip=192.168.34.50 | op=SEND_HEARTBEAT {datanodeUUID=cacd8be3-3994-43a0-9248-dc2aa43e6f92, command=[]} | ret=SUCCESS |  
2019-09-19 04:29:08,749 | INFO  | SCMAudit | user=jenkins1000 | ip=192.168.34.50 | op=SEND_HEARTBEAT {datanodeUUID=d267f1ee-b840-49aa-88d3-6d319dcb89fa, command=[]} | ret=SUCCESS |  
2019-09-19 04:29:09,003 | INFO  | SCMAudit | user=jenkins1000 | ip=192.168.34.50 | op=SEND_HEARTBEAT {datanodeUUID=646ad8b2-e397-4e74-bda7-a2da429002a8, command=[]} | ret=SUCCESS |  
2019-09-19 04:29:09,221 | INFO  | SCMAudit | user=jenkins1000 | ip=192.168.34.50 | op=SEND_HEARTBEAT {datanodeUUID=bb21d486-410c-4d63-a3eb-a911625626cf, command=[]} | ret=SUCCESS |  
2019-09-19 04:29:09,485 | INFO  | SCMAudit | user=jenkins1000 | ip=192.168.34.50 | op=SEND_HEARTBEAT {datanodeUUID=cee6b86e-e629-45c9-9c42-7061c1d64ecd, command=[]} | ret=SUCCESS |  
2019-09-19 04:29:09,556 | INFO  | SCMAudit | user=jenkins1000 | ip=192.168.34.50 | op=SEND_HEARTBEAT {datanodeUUID=fc0f8f3b-538d-481e-abe0-204925d4ee8f, command=[]} | ret=SUCCESS |  
2019-09-19 04:29:09,581 | INFO  | SCMAudit | user=jenkins1000 | ip=192.168.34.50 | op=SEND_HEARTBEAT {datanodeUUID=d40cfe62-fc21-48bd-841c-37c3da2319ca, command=[]} | ret=SUCCESS |  
2019-09-19 04:29:09,583 | INFO  | SCMAudit | user=jenkins1000 | ip=192.168.34.50 | op=SEND_HEARTBEAT {datanodeUUID=cacd8be3-3994-43a0-9248-dc2aa43e6f92, command=[]} | ret=SUCCESS |  
2019-09-19 04:29:09,750 | INFO  | SCMAudit | user=jenkins1000 | ip=192.168.34.50 | op=SEND_HEARTBEAT {datanodeUUID=d267f1ee-b840-49aa-88d3-6d319dcb89fa, command=[]} | ret=SUCCESS |  
2019-09-19 04:29:10,002 | INFO  | SCMAudit | user=jenkins1000 | ip=192.168.34.50 | op=SEND_HEARTBEAT {datanodeUUID=646ad8b2-e397-4e74-bda7-a2da429002a8, command=[]} | ret=SUCCESS |  
2019-09-19 04:29:10,222 | INFO  | SCMAudit | user=jenkins1000 | ip=192.168.34.50 | op=SEND_HEARTBEAT {datanodeUUID=bb21d486-410c-4d63-a3eb-a911625626cf, command=[]} | ret=SUCCESS |  
2019-09-19 04:29:10,486 | INFO  | SCMAudit | user=jenkins1000 | ip=192.168.34.50 | op=SEND_HEARTBEAT {datanodeUUID=cee6b86e-e629-45c9-9c42-7061c1d64ecd, command=[]} | ret=SUCCESS |  
2019-09-19 04:29:10,556 | INFO  | SCMAudit | user=jenkins1000 | ip=192.168.34.50 | op=SEND_HEARTBEAT {datanodeUUID=fc0f8f3b-538d-481e-abe0-204925d4ee8f, command=[]} | ret=SUCCESS |  
2019-09-19 04:29:10,581 | INFO  | SCMAudit | user=jenkins1000 | ip=192.168.34.50 | op=SEND_HEARTBEAT {datanodeUUID=d40cfe62-fc21-48bd-841c-37c3da2319ca, command=[]} | ret=SUCCESS |  
2019-09-19 04:29:10,584 | INFO  | SCMAudit | user=jenkins1000 | ip=192.168.34.50 | op=SEND_HEARTBEAT {datanodeUUID=cacd8be3-3994-43a0-9248-dc2aa43e6f92, command=[]} | ret=SUCCESS |  
2019-09-19 04:29:10,749 | INFO  | SCMAudit | user=jenkins1000 | ip=192.168.34.50 | op=SEND_HEARTBEAT {datanodeUUID=d267f1ee-b840-49aa-88d3-6d319dcb89fa, command=[]} | ret=SUCCESS |  
2019-09-19 04:29:11,003 | INFO  | SCMAudit | user=jenkins1000 | ip=192.168.34.50 | op=SEND_HEARTBEAT {datanodeUUID=646ad8b2-e397-4e74-bda7-a2da429002a8, command=[]} | ret=SUCCESS |  
2019-09-19 04:29:11,221 | INFO  | SCMAudit | user=jenkins1000 | ip=192.168.34.50 | op=SEND_HEARTBEAT {datanodeUUID=bb21d486-410c-4d63-a3eb-a911625626cf, command=[]} | ret=SUCCESS |  
2019-09-19 04:29:11,486 | INFO  | SCMAudit | user=jenkins1000 | ip=192.168.34.50 | op=SEND_HEARTBEAT {datanodeUUID=cee6b86e-e629-45c9-9c42-7061c1d64ecd, command=[]} | ret=SUCCESS |  
2019-09-19 04:29:11,557 | INFO  | SCMAudit | user=jenkins1000 | ip=192.168.34.50 | op=SEND_HEARTBEAT {datanodeUUID=fc0f8f3b-538d-481e-abe0-204925d4ee8f, command=[]} | ret=SUCCESS |  
2019-09-19 04:29:11,581 | INFO  | SCMAudit | user=jenkins1000 | ip=192.168.34.50 | op=SEND_HEARTBEAT {datanodeUUID=d40cfe62-fc21-48bd-841c-37c3da2319ca, command=[]} | ret=SUCCESS |  
2019-09-19 04:29:11,584 | INFO  | SCMAudit | user=jenkins1000 | ip=192.168.34.50 | op=SEND_HEARTBEAT {datanodeUUID=cacd8be3-3994-43a0-9248-dc2aa43e6f92, command=[]} | ret=SUCCESS |  
2019-09-19 04:29:11,750 | INFO  | SCMAudit | user=jenkins1000 | ip=192.168.34.50 | op=SEND_HEARTBEAT {datanodeUUID=d267f1ee-b840-49aa-88d3-6d319dcb89fa, command=[]} | ret=SUCCESS |  
2019-09-19 04:29:12,003 | INFO  | SCMAudit | user=jenkins1000 | ip=192.168.34.50 | op=SEND_HEARTBEAT {datanodeUUID=646ad8b2-e397-4e74-bda7-a2da429002a8, command=[]} | ret=SUCCESS |  
2019-09-19 04:29:12,059 [grpc-default-executor-0] INFO  client.GrpcClientProtocolClient (GrpcClientProtocolClient.java:onNext(255)) - client-8D3BBA1B251F->cacd8be3-3994-43a0-9248-dc2aa43e6f92: receive RaftClientReply:client-8D3BBA1B251F->cacd8be3-3994-43a0-9248-dc2aa43e6f92@group-52CD28E9D88B, cid=45, FAILED org.apache.ratis.protocol.NotLeaderException: Server cacd8be3-3994-43a0-9248-dc2aa43e6f92 is not the leader (fc0f8f3b-538d-481e-abe0-204925d4ee8f:192.168.34.50:35638). Request must be sent to leader., logIndex=0, commits[cacd8be3-3994-43a0-9248-dc2aa43e6f92:c8, d40cfe62-fc21-48bd-841c-37c3da2319ca:c8, fc0f8f3b-538d-481e-abe0-204925d4ee8f:c8]
2019-09-19 04:29:12,222 | INFO  | SCMAudit | user=jenkins1000 | ip=192.168.34.50 | op=SEND_HEARTBEAT {datanodeUUID=bb21d486-410c-4d63-a3eb-a911625626cf, command=[]} | ret=SUCCESS |  
2019-09-19 04:29:12,485 | INFO  | SCMAudit | user=jenkins1000 | ip=192.168.34.50 | op=SEND_HEARTBEAT {datanodeUUID=cee6b86e-e629-45c9-9c42-7061c1d64ecd, command=[]} | ret=SUCCESS |  
2019-09-19 04:29:12,556 | INFO  | SCMAudit | user=jenkins1000 | ip=192.168.34.50 | op=SEND_HEARTBEAT {datanodeUUID=fc0f8f3b-538d-481e-abe0-204925d4ee8f, command=[]} | ret=SUCCESS |  
2019-09-19 04:29:12,581 | INFO  | SCMAudit | user=jenkins1000 | ip=192.168.34.50 | op=SEND_HEARTBEAT {datanodeUUID=d40cfe62-fc21-48bd-841c-37c3da2319ca, command=[]} | ret=SUCCESS |  
2019-09-19 04:29:12,585 | INFO  | SCMAudit | user=jenkins1000 | ip=192.168.34.50 | op=SEND_HEARTBEAT {datanodeUUID=cacd8be3-3994-43a0-9248-dc2aa43e6f92, command=[]} | ret=SUCCESS |  
2019-09-19 04:29:12,750 | INFO  | SCMAudit | user=jenkins1000 | ip=192.168.34.50 | op=SEND_HEARTBEAT {datanodeUUID=d267f1ee-b840-49aa-88d3-6d319dcb89fa, command=[]} | ret=SUCCESS |  
2019-09-19 04:29:13,002 | INFO  | SCMAudit | user=jenkins1000 | ip=192.168.34.50 | op=SEND_HEARTBEAT {datanodeUUID=646ad8b2-e397-4e74-bda7-a2da429002a8, command=[]} | ret=SUCCESS |  
2019-09-19 04:29:13,221 | INFO  | SCMAudit | user=jenkins1000 | ip=192.168.34.50 | op=SEND_HEARTBEAT {datanodeUUID=bb21d486-410c-4d63-a3eb-a911625626cf, command=[]} | ret=SUCCESS |  
2019-09-19 04:29:13,485 | INFO  | SCMAudit | user=jenkins1000 | ip=192.168.34.50 | op=SEND_HEARTBEAT {datanodeUUID=cee6b86e-e629-45c9-9c42-7061c1d64ecd, command=[]} | ret=SUCCESS |  
2019-09-19 04:29:13,556 | INFO  | SCMAudit | user=jenkins1000 | ip=192.168.34.50 | op=SEND_HEARTBEAT {datanodeUUID=fc0f8f3b-538d-481e-abe0-204925d4ee8f, command=[]} | ret=SUCCESS |  
2019-09-19 04:29:13,581 | INFO  | SCMAudit | user=jenkins1000 | ip=192.168.34.50 | op=SEND_HEARTBEAT {datanodeUUID=d40cfe62-fc21-48bd-841c-37c3da2319ca, command=[]} | ret=SUCCESS |  
2019-09-19 04:29:13,585 | INFO  | SCMAudit | user=jenkins1000 | ip=192.168.34.50 | op=SEND_HEARTBEAT {datanodeUUID=cacd8be3-3994-43a0-9248-dc2aa43e6f92, command=[]} | ret=SUCCESS |  
2019-09-19 04:29:13,750 | INFO  | SCMAudit | user=jenkins1000 | ip=192.168.34.50 | op=SEND_HEARTBEAT {datanodeUUID=d267f1ee-b840-49aa-88d3-6d319dcb89fa, command=[]} | ret=SUCCESS |  
2019-09-19 04:29:14,003 | INFO  | SCMAudit | user=jenkins1000 | ip=192.168.34.50 | op=SEND_HEARTBEAT {datanodeUUID=646ad8b2-e397-4e74-bda7-a2da429002a8, command=[]} | ret=SUCCESS |  
2019-09-19 04:29:14,222 | INFO  | SCMAudit | user=jenkins1000 | ip=192.168.34.50 | op=SEND_HEARTBEAT {datanodeUUID=bb21d486-410c-4d63-a3eb-a911625626cf, command=[]} | ret=SUCCESS |  
2019-09-19 04:29:14,486 | INFO  | SCMAudit | user=jenkins1000 | ip=192.168.34.50 | op=SEND_HEARTBEAT {datanodeUUID=cee6b86e-e629-45c9-9c42-7061c1d64ecd, command=[]} | ret=SUCCESS |  
2019-09-19 04:29:14,557 | INFO  | SCMAudit | user=jenkins1000 | ip=192.168.34.50 | op=SEND_HEARTBEAT {datanodeUUID=fc0f8f3b-538d-481e-abe0-204925d4ee8f, command=[]} | ret=SUCCESS |  
2019-09-19 04:29:14,582 | INFO  | SCMAudit | user=jenkins1000 | ip=192.168.34.50 | op=SEND_HEARTBEAT {datanodeUUID=d40cfe62-fc21-48bd-841c-37c3da2319ca, command=[]} | ret=SUCCESS |  
2019-09-19 04:29:14,585 | INFO  | SCMAudit | user=jenkins1000 | ip=192.168.34.50 | op=SEND_HEARTBEAT {datanodeUUID=cacd8be3-3994-43a0-9248-dc2aa43e6f92, command=[]} | ret=SUCCESS |  
2019-09-19 04:29:14,749 | INFO  | SCMAudit | user=jenkins1000 | ip=192.168.34.50 | op=SEND_HEARTBEAT {datanodeUUID=d267f1ee-b840-49aa-88d3-6d319dcb89fa, command=[]} | ret=SUCCESS |  
2019-09-19 04:29:15,002 | INFO  | SCMAudit | user=jenkins1000 | ip=192.168.34.50 | op=SEND_HEARTBEAT {datanodeUUID=646ad8b2-e397-4e74-bda7-a2da429002a8, command=[]} | ret=SUCCESS |  
2019-09-19 04:29:15,221 | INFO  | SCMAudit | user=jenkins1000 | ip=192.168.34.50 | op=SEND_HEARTBEAT {datanodeUUID=bb21d486-410c-4d63-a3eb-a911625626cf, command=[]} | ret=SUCCESS |  
2019-09-19 04:29:15,486 | INFO  | SCMAudit | user=jenkins1000 | ip=192.168.34.50 | op=SEND_HEARTBEAT {datanodeUUID=cee6b86e-e629-45c9-9c42-7061c1d64ecd, command=[]} | ret=SUCCESS |  
2019-09-19 04:29:15,557 | INFO  | SCMAudit | user=jenkins1000 | ip=192.168.34.50 | op=SEND_HEARTBEAT {datanodeUUID=fc0f8f3b-538d-481e-abe0-204925d4ee8f, command=[]} | ret=SUCCESS |  
2019-09-19 04:29:15,581 | INFO  | SCMAudit | user=jenkins1000 | ip=192.168.34.50 | op=SEND_HEARTBEAT {datanodeUUID=d40cfe62-fc21-48bd-841c-37c3da2319ca, command=[]} | ret=SUCCESS |  
2019-09-19 04:29:15,584 | INFO  | SCMAudit | user=jenkins1000 | ip=192.168.34.50 | op=SEND_HEARTBEAT {datanodeUUID=cacd8be3-3994-43a0-9248-dc2aa43e6f92, command=[]} | ret=SUCCESS |  
2019-09-19 04:29:15,750 | INFO  | SCMAudit | user=jenkins1000 | ip=192.168.34.50 | op=SEND_HEARTBEAT {datanodeUUID=d267f1ee-b840-49aa-88d3-6d319dcb89fa, command=[]} | ret=SUCCESS |  
2019-09-19 04:29:16,003 | INFO  | SCMAudit | user=jenkins1000 | ip=192.168.34.50 | op=SEND_HEARTBEAT {datanodeUUID=646ad8b2-e397-4e74-bda7-a2da429002a8, command=[]} | ret=SUCCESS |  
2019-09-19 04:29:16,221 | INFO  | SCMAudit | user=jenkins1000 | ip=192.168.34.50 | op=SEND_HEARTBEAT {datanodeUUID=bb21d486-410c-4d63-a3eb-a911625626cf, command=[]} | ret=SUCCESS |  
2019-09-19 04:29:16,486 | INFO  | SCMAudit | user=jenkins1000 | ip=192.168.34.50 | op=SEND_HEARTBEAT {datanodeUUID=cee6b86e-e629-45c9-9c42-7061c1d64ecd, command=[]} | ret=SUCCESS |  
2019-09-19 04:29:16,557 | INFO  | SCMAudit | user=jenkins1000 | ip=192.168.34.50 | op=SEND_HEARTBEAT {datanodeUUID=fc0f8f3b-538d-481e-abe0-204925d4ee8f, command=[]} | ret=SUCCESS |  
2019-09-19 04:29:16,581 | INFO  | SCMAudit | user=jenkins1000 | ip=192.168.34.50 | op=SEND_HEARTBEAT {datanodeUUID=d40cfe62-fc21-48bd-841c-37c3da2319ca, command=[]} | ret=SUCCESS |  
2019-09-19 04:29:16,584 | INFO  | SCMAudit | user=jenkins1000 | ip=192.168.34.50 | op=SEND_HEARTBEAT {datanodeUUID=cacd8be3-3994-43a0-9248-dc2aa43e6f92, command=[]} | ret=SUCCESS |  
2019-09-19 04:29:16,749 | INFO  | SCMAudit | user=jenkins1000 | ip=192.168.34.50 | op=SEND_HEARTBEAT {datanodeUUID=d267f1ee-b840-49aa-88d3-6d319dcb89fa, command=[]} | ret=SUCCESS |  
2019-09-19 04:29:17,004 | INFO  | SCMAudit | user=jenkins1000 | ip=192.168.34.50 | op=SEND_HEARTBEAT {datanodeUUID=646ad8b2-e397-4e74-bda7-a2da429002a8, command=[]} | ret=SUCCESS |  
2019-09-19 04:29:17,098 [grpc-default-executor-0] INFO  client.GrpcClientProtocolClient (GrpcClientProtocolClient.java:onNext(255)) - client-8D3BBA1B251F->cacd8be3-3994-43a0-9248-dc2aa43e6f92: receive RaftClientReply:client-8D3BBA1B251F->cacd8be3-3994-43a0-9248-dc2aa43e6f92@group-52CD28E9D88B, cid=45, FAILED org.apache.ratis.protocol.NotLeaderException: Server cacd8be3-3994-43a0-9248-dc2aa43e6f92 is not the leader (fc0f8f3b-538d-481e-abe0-204925d4ee8f:192.168.34.50:35638). Request must be sent to leader., logIndex=0, commits[cacd8be3-3994-43a0-9248-dc2aa43e6f92:c8, d40cfe62-fc21-48bd-841c-37c3da2319ca:c8, fc0f8f3b-538d-481e-abe0-204925d4ee8f:c8]
2019-09-19 04:29:17,222 | INFO  | SCMAudit | user=jenkins1000 | ip=192.168.34.50 | op=SEND_HEARTBEAT {datanodeUUID=bb21d486-410c-4d63-a3eb-a911625626cf, command=[]} | ret=SUCCESS |  
2019-09-19 04:29:17,486 | INFO  | SCMAudit | user=jenkins1000 | ip=192.168.34.50 | op=SEND_HEARTBEAT {datanodeUUID=cee6b86e-e629-45c9-9c42-7061c1d64ecd, command=[]} | ret=SUCCESS |  
2019-09-19 04:29:17,557 | INFO  | SCMAudit | user=jenkins1000 | ip=192.168.34.50 | op=SEND_HEARTBEAT {datanodeUUID=fc0f8f3b-538d-481e-abe0-204925d4ee8f, command=[]} | ret=SUCCESS |  
2019-09-19 04:29:17,581 | INFO  | SCMAudit | user=jenkins1000 | ip=192.168.34.50 | op=SEND_HEARTBEAT {datanodeUUID=d40cfe62-fc21-48bd-841c-37c3da2319ca, command=[]} | ret=SUCCESS |  
2019-09-19 04:29:17,584 | INFO  | SCMAudit | user=jenkins1000 | ip=192.168.34.50 | op=SEND_HEARTBEAT {datanodeUUID=cacd8be3-3994-43a0-9248-dc2aa43e6f92, command=[]} | ret=SUCCESS |  
2019-09-19 04:29:17,750 | INFO  | SCMAudit | user=jenkins1000 | ip=192.168.34.50 | op=SEND_HEARTBEAT {datanodeUUID=d267f1ee-b840-49aa-88d3-6d319dcb89fa, command=[]} | ret=SUCCESS |  
2019-09-19 04:29:18,003 | INFO  | SCMAudit | user=jenkins1000 | ip=192.168.34.50 | op=SEND_HEARTBEAT {datanodeUUID=646ad8b2-e397-4e74-bda7-a2da429002a8, command=[]} | ret=SUCCESS |  
2019-09-19 04:29:18,221 | INFO  | SCMAudit | user=jenkins1000 | ip=192.168.34.50 | op=SEND_HEARTBEAT {datanodeUUID=bb21d486-410c-4d63-a3eb-a911625626cf, command=[]} | ret=SUCCESS |  
2019-09-19 04:29:18,487 | INFO  | SCMAudit | user=jenkins1000 | ip=192.168.34.50 | op=SEND_HEARTBEAT {datanodeUUID=cee6b86e-e629-45c9-9c42-7061c1d64ecd, command=[]} | ret=SUCCESS |  
2019-09-19 04:29:18,558 | INFO  | SCMAudit | user=jenkins1000 | ip=192.168.34.50 | op=SEND_HEARTBEAT {datanodeUUID=fc0f8f3b-538d-481e-abe0-204925d4ee8f, command=[]} | ret=SUCCESS |  
2019-09-19 04:29:18,582 | INFO  | SCMAudit | user=jenkins1000 | ip=192.168.34.50 | op=SEND_HEARTBEAT {datanodeUUID=d40cfe62-fc21-48bd-841c-37c3da2319ca, command=[]} | ret=SUCCESS |  
2019-09-19 04:29:18,585 | INFO  | SCMAudit | user=jenkins1000 | ip=192.168.34.50 | op=SEND_HEARTBEAT {datanodeUUID=cacd8be3-3994-43a0-9248-dc2aa43e6f92, command=[]} | ret=SUCCESS |  
2019-09-19 04:29:18,749 | INFO  | SCMAudit | user=jenkins1000 | ip=192.168.34.50 | op=SEND_HEARTBEAT {datanodeUUID=d267f1ee-b840-49aa-88d3-6d319dcb89fa, command=[]} | ret=SUCCESS |  
2019-09-19 04:29:19,004 | INFO  | SCMAudit | user=jenkins1000 | ip=192.168.34.50 | op=SEND_HEARTBEAT {datanodeUUID=646ad8b2-e397-4e74-bda7-a2da429002a8, command=[]} | ret=SUCCESS |  
2019-09-19 04:29:19,222 | INFO  | SCMAudit | user=jenkins1000 | ip=192.168.34.50 | op=SEND_HEARTBEAT {datanodeUUID=bb21d486-410c-4d63-a3eb-a911625626cf, command=[]} | ret=SUCCESS |  
2019-09-19 04:29:19,487 | INFO  | SCMAudit | user=jenkins1000 | ip=192.168.34.50 | op=SEND_HEARTBEAT {datanodeUUID=cee6b86e-e629-45c9-9c42-7061c1d64ecd, command=[]} | ret=SUCCESS |  
2019-09-19 04:29:19,558 | INFO  | SCMAudit | user=jenkins1000 | ip=192.168.34.50 | op=SEND_HEARTBEAT {datanodeUUID=fc0f8f3b-538d-481e-abe0-204925d4ee8f, command=[]} | ret=SUCCESS |  
2019-09-19 04:29:19,581 | INFO  | SCMAudit | user=jenkins1000 | ip=192.168.34.50 | op=SEND_HEARTBEAT {datanodeUUID=d40cfe62-fc21-48bd-841c-37c3da2319ca, command=[]} | ret=SUCCESS |  
2019-09-19 04:29:19,584 | INFO  | SCMAudit | user=jenkins1000 | ip=192.168.34.50 | op=SEND_HEARTBEAT {datanodeUUID=cacd8be3-3994-43a0-9248-dc2aa43e6f92, command=[]} | ret=SUCCESS |  
2019-09-19 04:29:19,750 | INFO  | SCMAudit | user=jenkins1000 | ip=192.168.34.50 | op=SEND_HEARTBEAT {datanodeUUID=d267f1ee-b840-49aa-88d3-6d319dcb89fa, command=[]} | ret=SUCCESS |  
2019-09-19 04:29:20,004 | INFO  | SCMAudit | user=jenkins1000 | ip=192.168.34.50 | op=SEND_HEARTBEAT {datanodeUUID=646ad8b2-e397-4e74-bda7-a2da429002a8, command=[]} | ret=SUCCESS |  
2019-09-19 04:29:20,221 | INFO  | SCMAudit | user=jenkins1000 | ip=192.168.34.50 | op=SEND_HEARTBEAT {datanodeUUID=bb21d486-410c-4d63-a3eb-a911625626cf, command=[]} | ret=SUCCESS |  
2019-09-19 04:29:20,486 | INFO  | SCMAudit | user=jenkins1000 | ip=192.168.34.50 | op=SEND_HEARTBEAT {datanodeUUID=cee6b86e-e629-45c9-9c42-7061c1d64ecd, command=[]} | ret=SUCCESS |  
2019-09-19 04:29:20,558 | INFO  | SCMAudit | user=jenkins1000 | ip=192.168.34.50 | op=SEND_HEARTBEAT {datanodeUUID=fc0f8f3b-538d-481e-abe0-204925d4ee8f, command=[]} | ret=SUCCESS |  
2019-09-19 04:29:20,581 | INFO  | SCMAudit | user=jenkins1000 | ip=192.168.34.50 | op=SEND_HEARTBEAT {datanodeUUID=d40cfe62-fc21-48bd-841c-37c3da2319ca, command=[]} | ret=SUCCESS |  
2019-09-19 04:29:20,584 | INFO  | SCMAudit | user=jenkins1000 | ip=192.168.34.50 | op=SEND_HEARTBEAT {datanodeUUID=cacd8be3-3994-43a0-9248-dc2aa43e6f92, command=[]} | ret=SUCCESS |  
2019-09-19 04:29:20,750 | INFO  | SCMAudit | user=jenkins1000 | ip=192.168.34.50 | op=SEND_HEARTBEAT {datanodeUUID=d267f1ee-b840-49aa-88d3-6d319dcb89fa, command=[]} | ret=SUCCESS |  
2019-09-19 04:29:21,003 | INFO  | SCMAudit | user=jenkins1000 | ip=192.168.34.50 | op=SEND_HEARTBEAT {datanodeUUID=646ad8b2-e397-4e74-bda7-a2da429002a8, command=[]} | ret=SUCCESS |  
2019-09-19 04:29:21,221 | INFO  | SCMAudit | user=jenkins1000 | ip=192.168.34.50 | op=SEND_HEARTBEAT {datanodeUUID=bb21d486-410c-4d63-a3eb-a911625626cf, command=[]} | ret=SUCCESS |  
2019-09-19 04:29:21,487 | INFO  | SCMAudit | user=jenkins1000 | ip=192.168.34.50 | op=SEND_HEARTBEAT {datanodeUUID=cee6b86e-e629-45c9-9c42-7061c1d64ecd, command=[]} | ret=SUCCESS |  
2019-09-19 04:29:21,559 | INFO  | SCMAudit | user=jenkins1000 | ip=192.168.34.50 | op=SEND_HEARTBEAT {datanodeUUID=fc0f8f3b-538d-481e-abe0-204925d4ee8f, command=[]} | ret=SUCCESS |  
2019-09-19 04:29:21,581 | INFO  | SCMAudit | user=jenkins1000 | ip=192.168.34.50 | op=SEND_HEARTBEAT {datanodeUUID=d40cfe62-fc21-48bd-841c-37c3da2319ca, command=[]} | ret=SUCCESS |  
2019-09-19 04:29:21,584 | INFO  | SCMAudit | user=jenkins1000 | ip=192.168.34.50 | op=SEND_HEARTBEAT {datanodeUUID=cacd8be3-3994-43a0-9248-dc2aa43e6f92, command=[]} | ret=SUCCESS |  
2019-09-19 04:29:21,749 | INFO  | SCMAudit | user=jenkins1000 | ip=192.168.34.50 | op=SEND_HEARTBEAT {datanodeUUID=d267f1ee-b840-49aa-88d3-6d319dcb89fa, command=[]} | ret=SUCCESS |  
2019-09-19 04:29:22,004 | INFO  | SCMAudit | user=jenkins1000 | ip=192.168.34.50 | op=SEND_HEARTBEAT {datanodeUUID=646ad8b2-e397-4e74-bda7-a2da429002a8, command=[]} | ret=SUCCESS |  
2019-09-19 04:29:22,153 [grpc-default-executor-0] INFO  client.GrpcClientProtocolClient (GrpcClientProtocolClient.java:onNext(255)) - client-8D3BBA1B251F->cacd8be3-3994-43a0-9248-dc2aa43e6f92: receive RaftClientReply:client-8D3BBA1B251F->cacd8be3-3994-43a0-9248-dc2aa43e6f92@group-52CD28E9D88B, cid=45, FAILED org.apache.ratis.protocol.NotLeaderException: Server cacd8be3-3994-43a0-9248-dc2aa43e6f92 is not the leader (fc0f8f3b-538d-481e-abe0-204925d4ee8f:192.168.34.50:35638). Request must be sent to leader., logIndex=0, commits[cacd8be3-3994-43a0-9248-dc2aa43e6f92:c8, d40cfe62-fc21-48bd-841c-37c3da2319ca:c8, fc0f8f3b-538d-481e-abe0-204925d4ee8f:c8]
2019-09-19 04:29:22,222 | INFO  | SCMAudit | user=jenkins1000 | ip=192.168.34.50 | op=SEND_HEARTBEAT {datanodeUUID=bb21d486-410c-4d63-a3eb-a911625626cf, command=[]} | ret=SUCCESS |  
2019-09-19 04:29:22,486 | INFO  | SCMAudit | user=jenkins1000 | ip=192.168.34.50 | op=SEND_HEARTBEAT {datanodeUUID=cee6b86e-e629-45c9-9c42-7061c1d64ecd, command=[]} | ret=SUCCESS |  
2019-09-19 04:29:22,559 | INFO  | SCMAudit | user=jenkins1000 | ip=192.168.34.50 | op=SEND_HEARTBEAT {datanodeUUID=fc0f8f3b-538d-481e-abe0-204925d4ee8f, command=[]} | ret=SUCCESS |  
2019-09-19 04:29:22,582 | INFO  | SCMAudit | user=jenkins1000 | ip=192.168.34.50 | op=SEND_HEARTBEAT {datanodeUUID=d40cfe62-fc21-48bd-841c-37c3da2319ca, command=[]} | ret=SUCCESS |  
2019-09-19 04:29:22,585 | INFO  | SCMAudit | user=jenkins1000 | ip=192.168.34.50 | op=SEND_HEARTBEAT {datanodeUUID=cacd8be3-3994-43a0-9248-dc2aa43e6f92, command=[]} | ret=SUCCESS |  
2019-09-19 04:29:22,749 | INFO  | SCMAudit | user=jenkins1000 | ip=192.168.34.50 | op=SEND_HEARTBEAT {datanodeUUID=d267f1ee-b840-49aa-88d3-6d319dcb89fa, command=[]} | ret=SUCCESS |  
2019-09-19 04:29:23,003 | INFO  | SCMAudit | user=jenkins1000 | ip=192.168.34.50 | op=SEND_HEARTBEAT {datanodeUUID=646ad8b2-e397-4e74-bda7-a2da429002a8, command=[]} | ret=SUCCESS |  
2019-09-19 04:29:23,222 | INFO  | SCMAudit | user=jenkins1000 | ip=192.168.34.50 | op=SEND_HEARTBEAT {datanodeUUID=bb21d486-410c-4d63-a3eb-a911625626cf, command=[]} | ret=SUCCESS |  
2019-09-19 04:29:23,486 | INFO  | SCMAudit | user=jenkins1000 | ip=192.168.34.50 | op=SEND_HEARTBEAT {datanodeUUID=cee6b86e-e629-45c9-9c42-7061c1d64ecd, command=[]} | ret=SUCCESS |  
2019-09-19 04:29:23,560 | INFO  | SCMAudit | user=jenkins1000 | ip=192.168.34.50 | op=SEND_HEARTBEAT {datanodeUUID=fc0f8f3b-538d-481e-abe0-204925d4ee8f, command=[]} | ret=SUCCESS |  
2019-09-19 04:29:23,581 | INFO  | SCMAudit | user=jenkins1000 | ip=192.168.34.50 | op=SEND_HEARTBEAT {datanodeUUID=d40cfe62-fc21-48bd-841c-37c3da2319ca, command=[]} | ret=SUCCESS |  
2019-09-19 04:29:23,585 | INFO  | SCMAudit | user=jenkins1000 | ip=192.168.34.50 | op=SEND_HEARTBEAT {datanodeUUID=cacd8be3-3994-43a0-9248-dc2aa43e6f92, command=[]} | ret=SUCCESS |  
2019-09-19 04:29:23,750 | INFO  | SCMAudit | user=jenkins1000 | ip=192.168.34.50 | op=SEND_HEARTBEAT {datanodeUUID=d267f1ee-b840-49aa-88d3-6d319dcb89fa, command=[]} | ret=SUCCESS |  
2019-09-19 04:29:24,004 | INFO  | SCMAudit | user=jenkins1000 | ip=192.168.34.50 | op=SEND_HEARTBEAT {datanodeUUID=646ad8b2-e397-4e74-bda7-a2da429002a8, command=[]} | ret=SUCCESS |  
2019-09-19 04:29:24,221 | INFO  | SCMAudit | user=jenkins1000 | ip=192.168.34.50 | op=SEND_HEARTBEAT {datanodeUUID=bb21d486-410c-4d63-a3eb-a911625626cf, command=[]} | ret=SUCCESS |  
2019-09-19 04:29:24,487 | INFO  | SCMAudit | user=jenkins1000 | ip=192.168.34.50 | op=SEND_HEARTBEAT {datanodeUUID=cee6b86e-e629-45c9-9c42-7061c1d64ecd, command=[]} | ret=SUCCESS |  
2019-09-19 04:29:24,560 | INFO  | SCMAudit | user=jenkins1000 | ip=192.168.34.50 | op=SEND_HEARTBEAT {datanodeUUID=fc0f8f3b-538d-481e-abe0-204925d4ee8f, command=[]} | ret=SUCCESS |  
2019-09-19 04:29:24,581 | INFO  | SCMAudit | user=jenkins1000 | ip=192.168.34.50 | op=SEND_HEARTBEAT {datanodeUUID=d40cfe62-fc21-48bd-841c-37c3da2319ca, command=[]} | ret=SUCCESS |  
2019-09-19 04:29:24,585 | INFO  | SCMAudit | user=jenkins1000 | ip=192.168.34.50 | op=SEND_HEARTBEAT {datanodeUUID=cacd8be3-3994-43a0-9248-dc2aa43e6f92, command=[]} | ret=SUCCESS |  
2019-09-19 04:29:24,749 | INFO  | SCMAudit | user=jenkins1000 | ip=192.168.34.50 | op=SEND_HEARTBEAT {datanodeUUID=d267f1ee-b840-49aa-88d3-6d319dcb89fa, command=[]} | ret=SUCCESS |  
2019-09-19 04:29:25,003 | INFO  | SCMAudit | user=jenkins1000 | ip=192.168.34.50 | op=SEND_HEARTBEAT {datanodeUUID=646ad8b2-e397-4e74-bda7-a2da429002a8, command=[]} | ret=SUCCESS |  
2019-09-19 04:29:25,222 | INFO  | SCMAudit | user=jenkins1000 | ip=192.168.34.50 | op=SEND_HEARTBEAT {datanodeUUID=bb21d486-410c-4d63-a3eb-a911625626cf, command=[]} | ret=SUCCESS |  
2019-09-19 04:29:25,486 | INFO  | SCMAudit | user=jenkins1000 | ip=192.168.34.50 | op=SEND_HEARTBEAT {datanodeUUID=cee6b86e-e629-45c9-9c42-7061c1d64ecd, command=[]} | ret=SUCCESS |  
2019-09-19 04:29:25,560 | INFO  | SCMAudit | user=jenkins1000 | ip=192.168.34.50 | op=SEND_HEARTBEAT {datanodeUUID=fc0f8f3b-538d-481e-abe0-204925d4ee8f, command=[]} | ret=SUCCESS |  
2019-09-19 04:29:25,582 | INFO  | SCMAudit | user=jenkins1000 | ip=192.168.34.50 | op=SEND_HEARTBEAT {datanodeUUID=d40cfe62-fc21-48bd-841c-37c3da2319ca, command=[]} | ret=SUCCESS |  
2019-09-19 04:29:25,585 | INFO  | SCMAudit | user=jenkins1000 | ip=192.168.34.50 | op=SEND_HEARTBEAT {datanodeUUID=cacd8be3-3994-43a0-9248-dc2aa43e6f92, command=[]} | ret=SUCCESS |  
2019-09-19 04:29:25,750 | INFO  | SCMAudit | user=jenkins1000 | ip=192.168.34.50 | op=SEND_HEARTBEAT {datanodeUUID=d267f1ee-b840-49aa-88d3-6d319dcb89fa, command=[]} | ret=SUCCESS |  
2019-09-19 04:29:26,004 | INFO  | SCMAudit | user=jenkins1000 | ip=192.168.34.50 | op=SEND_HEARTBEAT {datanodeUUID=646ad8b2-e397-4e74-bda7-a2da429002a8, command=[]} | ret=SUCCESS |  
2019-09-19 04:29:26,221 | INFO  | SCMAudit | user=jenkins1000 | ip=192.168.34.50 | op=SEND_HEARTBEAT {datanodeUUID=bb21d486-410c-4d63-a3eb-a911625626cf, command=[]} | ret=SUCCESS |  
2019-09-19 04:29:26,486 | INFO  | SCMAudit | user=jenkins1000 | ip=192.168.34.50 | op=SEND_HEARTBEAT {datanodeUUID=cee6b86e-e629-45c9-9c42-7061c1d64ecd, command=[]} | ret=SUCCESS |  
2019-09-19 04:29:26,561 | INFO  | SCMAudit | user=jenkins1000 | ip=192.168.34.50 | op=SEND_HEARTBEAT {datanodeUUID=fc0f8f3b-538d-481e-abe0-204925d4ee8f, command=[]} | ret=SUCCESS |  
2019-09-19 04:29:26,582 | INFO  | SCMAudit | user=jenkins1000 | ip=192.168.34.50 | op=SEND_HEARTBEAT {datanodeUUID=d40cfe62-fc21-48bd-841c-37c3da2319ca, command=[]} | ret=SUCCESS |  
2019-09-19 04:29:26,586 | INFO  | SCMAudit | user=jenkins1000 | ip=192.168.34.50 | op=SEND_HEARTBEAT {datanodeUUID=cacd8be3-3994-43a0-9248-dc2aa43e6f92, command=[]} | ret=SUCCESS |  
2019-09-19 04:29:26,749 | INFO  | SCMAudit | user=jenkins1000 | ip=192.168.34.50 | op=SEND_HEARTBEAT {datanodeUUID=d267f1ee-b840-49aa-88d3-6d319dcb89fa, command=[]} | ret=SUCCESS |  
2019-09-19 04:29:27,004 | INFO  | SCMAudit | user=jenkins1000 | ip=192.168.34.50 | op=SEND_HEARTBEAT {datanodeUUID=646ad8b2-e397-4e74-bda7-a2da429002a8, command=[]} | ret=SUCCESS |  
2019-09-19 04:29:27,196 [grpc-default-executor-5] INFO  client.GrpcClientProtocolClient (GrpcClientProtocolClient.java:onNext(255)) - client-8D3BBA1B251F->cacd8be3-3994-43a0-9248-dc2aa43e6f92: receive RaftClientReply:client-8D3BBA1B251F->cacd8be3-3994-43a0-9248-dc2aa43e6f92@group-52CD28E9D88B, cid=45, FAILED org.apache.ratis.protocol.NotLeaderException: Server cacd8be3-3994-43a0-9248-dc2aa43e6f92 is not the leader (fc0f8f3b-538d-481e-abe0-204925d4ee8f:192.168.34.50:35638). Request must be sent to leader., logIndex=0, commits[cacd8be3-3994-43a0-9248-dc2aa43e6f92:c8, d40cfe62-fc21-48bd-841c-37c3da2319ca:c8, fc0f8f3b-538d-481e-abe0-204925d4ee8f:c8]
2019-09-19 04:29:27,221 | INFO  | SCMAudit | user=jenkins1000 | ip=192.168.34.50 | op=SEND_HEARTBEAT {datanodeUUID=bb21d486-410c-4d63-a3eb-a911625626cf, command=[]} | ret=SUCCESS |  
2019-09-19 04:29:27,487 | INFO  | SCMAudit | user=jenkins1000 | ip=192.168.34.50 | op=SEND_HEARTBEAT {datanodeUUID=cee6b86e-e629-45c9-9c42-7061c1d64ecd, command=[]} | ret=SUCCESS |  
2019-09-19 04:29:27,563 | INFO  | SCMAudit | user=jenkins1000 | ip=192.168.34.50 | op=SEND_HEARTBEAT {datanodeUUID=fc0f8f3b-538d-481e-abe0-204925d4ee8f, command=[]} | ret=SUCCESS |  
2019-09-19 04:29:27,582 | INFO  | SCMAudit | user=jenkins1000 | ip=192.168.34.50 | op=SEND_HEARTBEAT {datanodeUUID=d40cfe62-fc21-48bd-841c-37c3da2319ca, command=[]} | ret=SUCCESS |  
2019-09-19 04:29:27,586 | INFO  | SCMAudit | user=jenkins1000 | ip=192.168.34.50 | op=SEND_HEARTBEAT {datanodeUUID=cacd8be3-3994-43a0-9248-dc2aa43e6f92, command=[]} | ret=SUCCESS |  
2019-09-19 04:29:27,750 | INFO  | SCMAudit | user=jenkins1000 | ip=192.168.34.50 | op=SEND_HEARTBEAT {datanodeUUID=d267f1ee-b840-49aa-88d3-6d319dcb89fa, command=[]} | ret=SUCCESS |  
2019-09-19 04:29:28,004 | INFO  | SCMAudit | user=jenkins1000 | ip=192.168.34.50 | op=SEND_HEARTBEAT {datanodeUUID=646ad8b2-e397-4e74-bda7-a2da429002a8, command=[]} | ret=SUCCESS |  
2019-09-19 04:29:28,222 | INFO  | SCMAudit | user=jenkins1000 | ip=192.168.34.50 | op=SEND_HEARTBEAT {datanodeUUID=bb21d486-410c-4d63-a3eb-a911625626cf, command=[]} | ret=SUCCESS |  
2019-09-19 04:29:28,486 | INFO  | SCMAudit | user=jenkins1000 | ip=192.168.34.50 | op=SEND_HEARTBEAT {datanodeUUID=cee6b86e-e629-45c9-9c42-7061c1d64ecd, command=[]} | ret=SUCCESS |  
2019-09-19 04:29:28,561 | INFO  | SCMAudit | user=jenkins1000 | ip=192.168.34.50 | op=SEND_HEARTBEAT {datanodeUUID=fc0f8f3b-538d-481e-abe0-204925d4ee8f, command=[]} | ret=SUCCESS |  
2019-09-19 04:29:28,582 | INFO  | SCMAudit | user=jenkins1000 | ip=192.168.34.50 | op=SEND_HEARTBEAT {datanodeUUID=d40cfe62-fc21-48bd-841c-37c3da2319ca, command=[]} | ret=SUCCESS |  
2019-09-19 04:29:28,585 | INFO  | SCMAudit | user=jenkins1000 | ip=192.168.34.50 | op=SEND_HEARTBEAT {datanodeUUID=cacd8be3-3994-43a0-9248-dc2aa43e6f92, command=[]} | ret=SUCCESS |  
2019-09-19 04:29:28,749 | INFO  | SCMAudit | user=jenkins1000 | ip=192.168.34.50 | op=SEND_HEARTBEAT {datanodeUUID=d267f1ee-b840-49aa-88d3-6d319dcb89fa, command=[]} | ret=SUCCESS |  
2019-09-19 04:29:29,003 | INFO  | SCMAudit | user=jenkins1000 | ip=192.168.34.50 | op=SEND_HEARTBEAT {datanodeUUID=646ad8b2-e397-4e74-bda7-a2da429002a8, command=[]} | ret=SUCCESS |  
2019-09-19 04:29:29,221 | INFO  | SCMAudit | user=jenkins1000 | ip=192.168.34.50 | op=SEND_HEARTBEAT {datanodeUUID=bb21d486-410c-4d63-a3eb-a911625626cf, command=[]} | ret=SUCCESS |  
2019-09-19 04:29:29,487 | INFO  | SCMAudit | user=jenkins1000 | ip=192.168.34.50 | op=SEND_HEARTBEAT {datanodeUUID=cee6b86e-e629-45c9-9c42-7061c1d64ecd, command=[]} | ret=SUCCESS |  
2019-09-19 04:29:29,562 | INFO  | SCMAudit | user=jenkins1000 | ip=192.168.34.50 | op=SEND_HEARTBEAT {datanodeUUID=fc0f8f3b-538d-481e-abe0-204925d4ee8f, command=[]} | ret=SUCCESS |  
2019-09-19 04:29:29,582 | INFO  | SCMAudit | user=jenkins1000 | ip=192.168.34.50 | op=SEND_HEARTBEAT {datanodeUUID=d40cfe62-fc21-48bd-841c-37c3da2319ca, command=[]} | ret=SUCCESS |  
2019-09-19 04:29:29,585 | INFO  | SCMAudit | user=jenkins1000 | ip=192.168.34.50 | op=SEND_HEARTBEAT {datanodeUUID=cacd8be3-3994-43a0-9248-dc2aa43e6f92, command=[]} | ret=SUCCESS |  
2019-09-19 04:29:29,749 | INFO  | SCMAudit | user=jenkins1000 | ip=192.168.34.50 | op=SEND_HEARTBEAT {datanodeUUID=d267f1ee-b840-49aa-88d3-6d319dcb89fa, command=[]} | ret=SUCCESS |  
2019-09-19 04:29:30,004 | INFO  | SCMAudit | user=jenkins1000 | ip=192.168.34.50 | op=SEND_HEARTBEAT {datanodeUUID=646ad8b2-e397-4e74-bda7-a2da429002a8, command=[]} | ret=SUCCESS |  
2019-09-19 04:29:30,222 | INFO  | SCMAudit | user=jenkins1000 | ip=192.168.34.50 | op=SEND_HEARTBEAT {datanodeUUID=bb21d486-410c-4d63-a3eb-a911625626cf, command=[]} | ret=SUCCESS |  
2019-09-19 04:29:30,486 | INFO  | SCMAudit | user=jenkins1000 | ip=192.168.34.50 | op=SEND_HEARTBEAT {datanodeUUID=cee6b86e-e629-45c9-9c42-7061c1d64ecd, command=[]} | ret=SUCCESS |  
2019-09-19 04:29:30,561 | INFO  | SCMAudit | user=jenkins1000 | ip=192.168.34.50 | op=SEND_HEARTBEAT {datanodeUUID=fc0f8f3b-538d-481e-abe0-204925d4ee8f, command=[]} | ret=SUCCESS |  
2019-09-19 04:29:30,582 | INFO  | SCMAudit | user=jenkins1000 | ip=192.168.34.50 | op=SEND_HEARTBEAT {datanodeUUID=d40cfe62-fc21-48bd-841c-37c3da2319ca, command=[]} | ret=SUCCESS |  
2019-09-19 04:29:30,585 | INFO  | SCMAudit | user=jenkins1000 | ip=192.168.34.50 | op=SEND_HEARTBEAT {datanodeUUID=cacd8be3-3994-43a0-9248-dc2aa43e6f92, command=[]} | ret=SUCCESS |  
2019-09-19 04:29:30,750 | INFO  | SCMAudit | user=jenkins1000 | ip=192.168.34.50 | op=SEND_HEARTBEAT {datanodeUUID=d267f1ee-b840-49aa-88d3-6d319dcb89fa, command=[]} | ret=SUCCESS |  
2019-09-19 04:29:31,003 | INFO  | SCMAudit | user=jenkins1000 | ip=192.168.34.50 | op=SEND_HEARTBEAT {datanodeUUID=646ad8b2-e397-4e74-bda7-a2da429002a8, command=[]} | ret=SUCCESS |  
2019-09-19 04:29:31,222 | INFO  | SCMAudit | user=jenkins1000 | ip=192.168.34.50 | op=SEND_HEARTBEAT {datanodeUUID=bb21d486-410c-4d63-a3eb-a911625626cf, command=[]} | ret=SUCCESS |  
2019-09-19 04:29:31,487 | INFO  | SCMAudit | user=jenkins1000 | ip=192.168.34.50 | op=SEND_HEARTBEAT {datanodeUUID=cee6b86e-e629-45c9-9c42-7061c1d64ecd, command=[]} | ret=SUCCESS |  
2019-09-19 04:29:31,562 | INFO  | SCMAudit | user=jenkins1000 | ip=192.168.34.50 | op=SEND_HEARTBEAT {datanodeUUID=fc0f8f3b-538d-481e-abe0-204925d4ee8f, command=[]} | ret=SUCCESS |  
2019-09-19 04:29:31,582 | INFO  | SCMAudit | user=jenkins1000 | ip=192.168.34.50 | op=SEND_HEARTBEAT {datanodeUUID=d40cfe62-fc21-48bd-841c-37c3da2319ca, command=[]} | ret=SUCCESS |  
2019-09-19 04:29:31,586 | INFO  | SCMAudit | user=jenkins1000 | ip=192.168.34.50 | op=SEND_HEARTBEAT {datanodeUUID=cacd8be3-3994-43a0-9248-dc2aa43e6f92, command=[]} | ret=SUCCESS |  
2019-09-19 04:29:31,750 | INFO  | SCMAudit | user=jenkins1000 | ip=192.168.34.50 | op=SEND_HEARTBEAT {datanodeUUID=d267f1ee-b840-49aa-88d3-6d319dcb89fa, command=[]} | ret=SUCCESS |  
2019-09-19 04:29:32,003 | INFO  | SCMAudit | user=jenkins1000 | ip=192.168.34.50 | op=SEND_HEARTBEAT {datanodeUUID=646ad8b2-e397-4e74-bda7-a2da429002a8, command=[]} | ret=SUCCESS |  
2019-09-19 04:29:32,222 | INFO  | SCMAudit | user=jenkins1000 | ip=192.168.34.50 | op=SEND_HEARTBEAT {datanodeUUID=bb21d486-410c-4d63-a3eb-a911625626cf, command=[]} | ret=SUCCESS |  
2019-09-19 04:29:32,243 [grpc-default-executor-5] INFO  client.GrpcClientProtocolClient (GrpcClientProtocolClient.java:onNext(255)) - client-8D3BBA1B251F->d40cfe62-fc21-48bd-841c-37c3da2319ca: receive RaftClientReply:client-8D3BBA1B251F->d40cfe62-fc21-48bd-841c-37c3da2319ca@group-52CD28E9D88B, cid=45, FAILED org.apache.ratis.protocol.NotLeaderException: Server d40cfe62-fc21-48bd-841c-37c3da2319ca is not the leader (fc0f8f3b-538d-481e-abe0-204925d4ee8f:192.168.34.50:35638). Request must be sent to leader., logIndex=0, commits[d40cfe62-fc21-48bd-841c-37c3da2319ca:c8, fc0f8f3b-538d-481e-abe0-204925d4ee8f:c8, cacd8be3-3994-43a0-9248-dc2aa43e6f92:c8]
2019-09-19 04:29:32,487 | INFO  | SCMAudit | user=jenkins1000 | ip=192.168.34.50 | op=SEND_HEARTBEAT {datanodeUUID=cee6b86e-e629-45c9-9c42-7061c1d64ecd, command=[]} | ret=SUCCESS |  
2019-09-19 04:29:32,562 | INFO  | SCMAudit | user=jenkins1000 | ip=192.168.34.50 | op=SEND_HEARTBEAT {datanodeUUID=fc0f8f3b-538d-481e-abe0-204925d4ee8f, command=[]} | ret=SUCCESS |  
2019-09-19 04:29:32,583 | INFO  | SCMAudit | user=jenkins1000 | ip=192.168.34.50 | op=SEND_HEARTBEAT {datanodeUUID=d40cfe62-fc21-48bd-841c-37c3da2319ca, command=[]} | ret=SUCCESS |  
2019-09-19 04:29:32,586 | INFO  | SCMAudit | user=jenkins1000 | ip=192.168.34.50 | op=SEND_HEARTBEAT {datanodeUUID=cacd8be3-3994-43a0-9248-dc2aa43e6f92, command=[]} | ret=SUCCESS |  
2019-09-19 04:29:32,750 | INFO  | SCMAudit | user=jenkins1000 | ip=192.168.34.50 | op=SEND_HEARTBEAT {datanodeUUID=d267f1ee-b840-49aa-88d3-6d319dcb89fa, command=[]} | ret=SUCCESS |  
2019-09-19 04:29:33,004 | INFO  | SCMAudit | user=jenkins1000 | ip=192.168.34.50 | op=SEND_HEARTBEAT {datanodeUUID=646ad8b2-e397-4e74-bda7-a2da429002a8, command=[]} | ret=SUCCESS |  
2019-09-19 04:29:33,223 | INFO  | SCMAudit | user=jenkins1000 | ip=192.168.34.50 | op=SEND_HEARTBEAT {datanodeUUID=bb21d486-410c-4d63-a3eb-a911625626cf, command=[]} | ret=SUCCESS |  
2019-09-19 04:29:33,487 | INFO  | SCMAudit | user=jenkins1000 | ip=192.168.34.50 | op=SEND_HEARTBEAT {datanodeUUID=cee6b86e-e629-45c9-9c42-7061c1d64ecd, command=[]} | ret=SUCCESS |  
2019-09-19 04:29:33,561 | INFO  | SCMAudit | user=jenkins1000 | ip=192.168.34.50 | op=SEND_HEARTBEAT {datanodeUUID=fc0f8f3b-538d-481e-abe0-204925d4ee8f, command=[]} | ret=SUCCESS |  
2019-09-19 04:29:33,582 | INFO  | SCMAudit | user=jenkins1000 | ip=192.168.34.50 | op=SEND_HEARTBEAT {datanodeUUID=d40cfe62-fc21-48bd-841c-37c3da2319ca, command=[]} | ret=SUCCESS |  
2019-09-19 04:29:33,585 | INFO  | SCMAudit | user=jenkins1000 | ip=192.168.34.50 | op=SEND_HEARTBEAT {datanodeUUID=cacd8be3-3994-43a0-9248-dc2aa43e6f92, command=[]} | ret=SUCCESS |  
2019-09-19 04:29:33,751 | INFO  | SCMAudit | user=jenkins1000 | ip=192.168.34.50 | op=SEND_HEARTBEAT {datanodeUUID=d267f1ee-b840-49aa-88d3-6d319dcb89fa, command=[]} | ret=SUCCESS |  
2019-09-19 04:29:34,004 | INFO  | SCMAudit | user=jenkins1000 | ip=192.168.34.50 | op=SEND_HEARTBEAT {datanodeUUID=646ad8b2-e397-4e74-bda7-a2da429002a8, command=[]} | ret=SUCCESS |  
2019-09-19 04:29:34,222 | INFO  | SCMAudit | user=jenkins1000 | ip=192.168.34.50 | op=SEND_HEARTBEAT {datanodeUUID=bb21d486-410c-4d63-a3eb-a911625626cf, command=[]} | ret=SUCCESS |  
2019-09-19 04:29:34,488 | INFO  | SCMAudit | user=jenkins1000 | ip=192.168.34.50 | op=SEND_HEARTBEAT {datanodeUUID=cee6b86e-e629-45c9-9c42-7061c1d64ecd, command=[]} | ret=SUCCESS |  
2019-09-19 04:29:34,562 | INFO  | SCMAudit | user=jenkins1000 | ip=192.168.34.50 | op=SEND_HEARTBEAT {datanodeUUID=fc0f8f3b-538d-481e-abe0-204925d4ee8f, command=[]} | ret=SUCCESS |  
2019-09-19 04:29:34,582 | INFO  | SCMAudit | user=jenkins1000 | ip=192.168.34.50 | op=SEND_HEARTBEAT {datanodeUUID=d40cfe62-fc21-48bd-841c-37c3da2319ca, command=[]} | ret=SUCCESS |  
2019-09-19 04:29:34,586 | INFO  | SCMAudit | user=jenkins1000 | ip=192.168.34.50 | op=SEND_HEARTBEAT {datanodeUUID=cacd8be3-3994-43a0-9248-dc2aa43e6f92, command=[]} | ret=SUCCESS |  
2019-09-19 04:29:34,750 | INFO  | SCMAudit | user=jenkins1000 | ip=192.168.34.50 | op=SEND_HEARTBEAT {datanodeUUID=d267f1ee-b840-49aa-88d3-6d319dcb89fa, command=[]} | ret=SUCCESS |  
2019-09-19 04:29:35,003 | INFO  | SCMAudit | user=jenkins1000 | ip=192.168.34.50 | op=SEND_HEARTBEAT {datanodeUUID=646ad8b2-e397-4e74-bda7-a2da429002a8, command=[]} | ret=SUCCESS |  
2019-09-19 04:29:35,222 | INFO  | SCMAudit | user=jenkins1000 | ip=192.168.34.50 | op=SEND_HEARTBEAT {datanodeUUID=bb21d486-410c-4d63-a3eb-a911625626cf, command=[]} | ret=SUCCESS |  
2019-09-19 04:29:35,487 | INFO  | SCMAudit | user=jenkins1000 | ip=192.168.34.50 | op=SEND_HEARTBEAT {datanodeUUID=cee6b86e-e629-45c9-9c42-7061c1d64ecd, command=[]} | ret=SUCCESS |  
2019-09-19 04:29:35,561 | INFO  | SCMAudit | user=jenkins1000 | ip=192.168.34.50 | op=SEND_HEARTBEAT {datanodeUUID=fc0f8f3b-538d-481e-abe0-204925d4ee8f, command=[]} | ret=SUCCESS |  
2019-09-19 04:29:35,583 | INFO  | SCMAudit | user=jenkins1000 | ip=192.168.34.50 | op=SEND_HEARTBEAT {datanodeUUID=d40cfe62-fc21-48bd-841c-37c3da2319ca, command=[]} | ret=SUCCESS |  
2019-09-19 04:29:35,586 | INFO  | SCMAudit | user=jenkins1000 | ip=192.168.34.50 | op=SEND_HEARTBEAT {datanodeUUID=cacd8be3-3994-43a0-9248-dc2aa43e6f92, command=[]} | ret=SUCCESS |  
2019-09-19 04:29:35,751 | INFO  | SCMAudit | user=jenkins1000 | ip=192.168.34.50 | op=SEND_HEARTBEAT {datanodeUUID=d267f1ee-b840-49aa-88d3-6d319dcb89fa, command=[]} | ret=SUCCESS |  
2019-09-19 04:29:36,003 | INFO  | SCMAudit | user=jenkins1000 | ip=192.168.34.50 | op=SEND_HEARTBEAT {datanodeUUID=646ad8b2-e397-4e74-bda7-a2da429002a8, command=[]} | ret=SUCCESS |  
2019-09-19 04:29:36,222 | INFO  | SCMAudit | user=jenkins1000 | ip=192.168.34.50 | op=SEND_HEARTBEAT {datanodeUUID=bb21d486-410c-4d63-a3eb-a911625626cf, command=[]} | ret=SUCCESS |  
2019-09-19 04:29:36,487 | INFO  | SCMAudit | user=jenkins1000 | ip=192.168.34.50 | op=SEND_HEARTBEAT {datanodeUUID=cee6b86e-e629-45c9-9c42-7061c1d64ecd, command=[]} | ret=SUCCESS |  
2019-09-19 04:29:36,562 | INFO  | SCMAudit | user=jenkins1000 | ip=192.168.34.50 | op=SEND_HEARTBEAT {datanodeUUID=fc0f8f3b-538d-481e-abe0-204925d4ee8f, command=[]} | ret=SUCCESS |  
2019-09-19 04:29:36,582 | INFO  | SCMAudit | user=jenkins1000 | ip=192.168.34.50 | op=SEND_HEARTBEAT {datanodeUUID=d40cfe62-fc21-48bd-841c-37c3da2319ca, command=[]} | ret=SUCCESS |  
2019-09-19 04:29:36,586 | INFO  | SCMAudit | user=jenkins1000 | ip=192.168.34.50 | op=SEND_HEARTBEAT {datanodeUUID=cacd8be3-3994-43a0-9248-dc2aa43e6f92, command=[]} | ret=SUCCESS |  
2019-09-19 04:29:36,751 | INFO  | SCMAudit | user=jenkins1000 | ip=192.168.34.50 | op=SEND_HEARTBEAT {datanodeUUID=d267f1ee-b840-49aa-88d3-6d319dcb89fa, command=[]} | ret=SUCCESS |  
2019-09-19 04:29:37,004 | INFO  | SCMAudit | user=jenkins1000 | ip=192.168.34.50 | op=SEND_HEARTBEAT {datanodeUUID=646ad8b2-e397-4e74-bda7-a2da429002a8, command=[]} | ret=SUCCESS |  
2019-09-19 04:29:37,223 | INFO  | SCMAudit | user=jenkins1000 | ip=192.168.34.50 | op=SEND_HEARTBEAT {datanodeUUID=bb21d486-410c-4d63-a3eb-a911625626cf, command=[]} | ret=SUCCESS |  
2019-09-19 04:29:37,281 [grpc-default-executor-0] INFO  client.GrpcClientProtocolClient (GrpcClientProtocolClient.java:onNext(255)) - client-8D3BBA1B251F->d40cfe62-fc21-48bd-841c-37c3da2319ca: receive RaftClientReply:client-8D3BBA1B251F->d40cfe62-fc21-48bd-841c-37c3da2319ca@group-52CD28E9D88B, cid=45, FAILED org.apache.ratis.protocol.NotLeaderException: Server d40cfe62-fc21-48bd-841c-37c3da2319ca is not the leader (fc0f8f3b-538d-481e-abe0-204925d4ee8f:192.168.34.50:35638). Request must be sent to leader., logIndex=0, commits[d40cfe62-fc21-48bd-841c-37c3da2319ca:c8, fc0f8f3b-538d-481e-abe0-204925d4ee8f:c8, cacd8be3-3994-43a0-9248-dc2aa43e6f92:c8]
2019-09-19 04:29:37,488 | INFO  | SCMAudit | user=jenkins1000 | ip=192.168.34.50 | op=SEND_HEARTBEAT {datanodeUUID=cee6b86e-e629-45c9-9c42-7061c1d64ecd, command=[]} | ret=SUCCESS |  
2019-09-19 04:29:37,562 | INFO  | SCMAudit | user=jenkins1000 | ip=192.168.34.50 | op=SEND_HEARTBEAT {datanodeUUID=fc0f8f3b-538d-481e-abe0-204925d4ee8f, command=[]} | ret=SUCCESS |  
2019-09-19 04:29:37,582 | INFO  | SCMAudit | user=jenkins1000 | ip=192.168.34.50 | op=SEND_HEARTBEAT {datanodeUUID=d40cfe62-fc21-48bd-841c-37c3da2319ca, command=[]} | ret=SUCCESS |  
2019-09-19 04:29:37,586 | INFO  | SCMAudit | user=jenkins1000 | ip=192.168.34.50 | op=SEND_HEARTBEAT {datanodeUUID=cacd8be3-3994-43a0-9248-dc2aa43e6f92, command=[]} | ret=SUCCESS |  
2019-09-19 04:29:37,750 | INFO  | SCMAudit | user=jenkins1000 | ip=192.168.34.50 | op=SEND_HEARTBEAT {datanodeUUID=d267f1ee-b840-49aa-88d3-6d319dcb89fa, command=[]} | ret=SUCCESS |  
2019-09-19 04:29:38,004 | INFO  | SCMAudit | user=jenkins1000 | ip=192.168.34.50 | op=SEND_HEARTBEAT {datanodeUUID=646ad8b2-e397-4e74-bda7-a2da429002a8, command=[]} | ret=SUCCESS |  
2019-09-19 04:29:38,223 | INFO  | SCMAudit | user=jenkins1000 | ip=192.168.34.50 | op=SEND_HEARTBEAT {datanodeUUID=bb21d486-410c-4d63-a3eb-a911625626cf, command=[]} | ret=SUCCESS |  
2019-09-19 04:29:38,487 | INFO  | SCMAudit | user=jenkins1000 | ip=192.168.34.50 | op=SEND_HEARTBEAT {datanodeUUID=cee6b86e-e629-45c9-9c42-7061c1d64ecd, command=[]} | ret=SUCCESS |  
2019-09-19 04:29:38,563 | INFO  | SCMAudit | user=jenkins1000 | ip=192.168.34.50 | op=SEND_HEARTBEAT {datanodeUUID=fc0f8f3b-538d-481e-abe0-204925d4ee8f, command=[]} | ret=SUCCESS |  
2019-09-19 04:29:38,582 | INFO  | SCMAudit | user=jenkins1000 | ip=192.168.34.50 | op=SEND_HEARTBEAT {datanodeUUID=d40cfe62-fc21-48bd-841c-37c3da2319ca, command=[]} | ret=SUCCESS |  
2019-09-19 04:29:38,586 | INFO  | SCMAudit | user=jenkins1000 | ip=192.168.34.50 | op=SEND_HEARTBEAT {datanodeUUID=cacd8be3-3994-43a0-9248-dc2aa43e6f92, command=[]} | ret=SUCCESS |  
2019-09-19 04:29:38,750 | INFO  | SCMAudit | user=jenkins1000 | ip=192.168.34.50 | op=SEND_HEARTBEAT {datanodeUUID=d267f1ee-b840-49aa-88d3-6d319dcb89fa, command=[]} | ret=SUCCESS |  
2019-09-19 04:29:39,003 | INFO  | SCMAudit | user=jenkins1000 | ip=192.168.34.50 | op=SEND_HEARTBEAT {datanodeUUID=646ad8b2-e397-4e74-bda7-a2da429002a8, command=[]} | ret=SUCCESS |  
2019-09-19 04:29:39,223 | INFO  | SCMAudit | user=jenkins1000 | ip=192.168.34.50 | op=SEND_HEARTBEAT {datanodeUUID=bb21d486-410c-4d63-a3eb-a911625626cf, command=[]} | ret=SUCCESS |  
2019-09-19 04:29:39,488 | INFO  | SCMAudit | user=jenkins1000 | ip=192.168.34.50 | op=SEND_HEARTBEAT {datanodeUUID=cee6b86e-e629-45c9-9c42-7061c1d64ecd, command=[]} | ret=SUCCESS |  
2019-09-19 04:29:39,563 | INFO  | SCMAudit | user=jenkins1000 | ip=192.168.34.50 | op=SEND_HEARTBEAT {datanodeUUID=fc0f8f3b-538d-481e-abe0-204925d4ee8f, command=[]} | ret=SUCCESS |  
2019-09-19 04:29:39,582 | INFO  | SCMAudit | user=jenkins1000 | ip=192.168.34.50 | op=SEND_HEARTBEAT {datanodeUUID=d40cfe62-fc21-48bd-841c-37c3da2319ca, command=[]} | ret=SUCCESS |  
2019-09-19 04:29:39,586 | INFO  | SCMAudit | user=jenkins1000 | ip=192.168.34.50 | op=SEND_HEARTBEAT {datanodeUUID=cacd8be3-3994-43a0-9248-dc2aa43e6f92, command=[]} | ret=SUCCESS |  
2019-09-19 04:29:39,750 | INFO  | SCMAudit | user=jenkins1000 | ip=192.168.34.50 | op=SEND_HEARTBEAT {datanodeUUID=d267f1ee-b840-49aa-88d3-6d319dcb89fa, command=[]} | ret=SUCCESS |  
2019-09-19 04:29:40,004 | INFO  | SCMAudit | user=jenkins1000 | ip=192.168.34.50 | op=SEND_HEARTBEAT {datanodeUUID=646ad8b2-e397-4e74-bda7-a2da429002a8, command=[]} | ret=SUCCESS |  
2019-09-19 04:29:40,224 | INFO  | SCMAudit | user=jenkins1000 | ip=192.168.34.50 | op=SEND_HEARTBEAT {datanodeUUID=bb21d486-410c-4d63-a3eb-a911625626cf, command=[]} | ret=SUCCESS |  
2019-09-19 04:29:40,487 | INFO  | SCMAudit | user=jenkins1000 | ip=192.168.34.50 | op=SEND_HEARTBEAT {datanodeUUID=cee6b86e-e629-45c9-9c42-7061c1d64ecd, command=[]} | ret=SUCCESS |  
2019-09-19 04:29:40,562 | INFO  | SCMAudit | user=jenkins1000 | ip=192.168.34.50 | op=SEND_HEARTBEAT {datanodeUUID=fc0f8f3b-538d-481e-abe0-204925d4ee8f, command=[]} | ret=SUCCESS |  
2019-09-19 04:29:40,583 | INFO  | SCMAudit | user=jenkins1000 | ip=192.168.34.50 | op=SEND_HEARTBEAT {datanodeUUID=d40cfe62-fc21-48bd-841c-37c3da2319ca, command=[]} | ret=SUCCESS |  
2019-09-19 04:29:40,586 | INFO  | SCMAudit | user=jenkins1000 | ip=192.168.34.50 | op=SEND_HEARTBEAT {datanodeUUID=cacd8be3-3994-43a0-9248-dc2aa43e6f92, command=[]} | ret=SUCCESS |  
2019-09-19 04:29:40,751 | INFO  | SCMAudit | user=jenkins1000 | ip=192.168.34.50 | op=SEND_HEARTBEAT {datanodeUUID=d267f1ee-b840-49aa-88d3-6d319dcb89fa, command=[]} | ret=SUCCESS |  
2019-09-19 04:29:41,003 | INFO  | SCMAudit | user=jenkins1000 | ip=192.168.34.50 | op=SEND_HEARTBEAT {datanodeUUID=646ad8b2-e397-4e74-bda7-a2da429002a8, command=[]} | ret=SUCCESS |  
2019-09-19 04:29:41,223 | INFO  | SCMAudit | user=jenkins1000 | ip=192.168.34.50 | op=SEND_HEARTBEAT {datanodeUUID=bb21d486-410c-4d63-a3eb-a911625626cf, command=[]} | ret=SUCCESS |  
2019-09-19 04:29:41,488 | INFO  | SCMAudit | user=jenkins1000 | ip=192.168.34.50 | op=SEND_HEARTBEAT {datanodeUUID=cee6b86e-e629-45c9-9c42-7061c1d64ecd, command=[]} | ret=SUCCESS |  
2019-09-19 04:29:41,563 | INFO  | SCMAudit | user=jenkins1000 | ip=192.168.34.50 | op=SEND_HEARTBEAT {datanodeUUID=fc0f8f3b-538d-481e-abe0-204925d4ee8f, command=[]} | ret=SUCCESS |  
2019-09-19 04:29:41,582 | INFO  | SCMAudit | user=jenkins1000 | ip=192.168.34.50 | op=SEND_HEARTBEAT {datanodeUUID=d40cfe62-fc21-48bd-841c-37c3da2319ca, command=[]} | ret=SUCCESS |  
2019-09-19 04:29:41,587 | INFO  | SCMAudit | user=jenkins1000 | ip=192.168.34.50 | op=SEND_HEARTBEAT {datanodeUUID=cacd8be3-3994-43a0-9248-dc2aa43e6f92, command=[]} | ret=SUCCESS |  
2019-09-19 04:29:41,752 | INFO  | SCMAudit | user=jenkins1000 | ip=192.168.34.50 | op=SEND_HEARTBEAT {datanodeUUID=d267f1ee-b840-49aa-88d3-6d319dcb89fa, command=[]} | ret=SUCCESS |  
2019-09-19 04:29:42,004 | INFO  | SCMAudit | user=jenkins1000 | ip=192.168.34.50 | op=SEND_HEARTBEAT {datanodeUUID=646ad8b2-e397-4e74-bda7-a2da429002a8, command=[]} | ret=SUCCESS |  
2019-09-19 04:29:42,224 | INFO  | SCMAudit | user=jenkins1000 | ip=192.168.34.50 | op=SEND_HEARTBEAT {datanodeUUID=bb21d486-410c-4d63-a3eb-a911625626cf, command=[]} | ret=SUCCESS |  
2019-09-19 04:29:42,329 [grpc-default-executor-0] INFO  client.GrpcClientProtocolClient (GrpcClientProtocolClient.java:onNext(255)) - client-8D3BBA1B251F->d40cfe62-fc21-48bd-841c-37c3da2319ca: receive RaftClientReply:client-8D3BBA1B251F->d40cfe62-fc21-48bd-841c-37c3da2319ca@group-52CD28E9D88B, cid=45, FAILED org.apache.ratis.protocol.NotLeaderException: Server d40cfe62-fc21-48bd-841c-37c3da2319ca is not the leader (fc0f8f3b-538d-481e-abe0-204925d4ee8f:192.168.34.50:35638). Request must be sent to leader., logIndex=0, commits[d40cfe62-fc21-48bd-841c-37c3da2319ca:c8, fc0f8f3b-538d-481e-abe0-204925d4ee8f:c8, cacd8be3-3994-43a0-9248-dc2aa43e6f92:c8]
2019-09-19 04:29:42,488 | INFO  | SCMAudit | user=jenkins1000 | ip=192.168.34.50 | op=SEND_HEARTBEAT {datanodeUUID=cee6b86e-e629-45c9-9c42-7061c1d64ecd, command=[]} | ret=SUCCESS |  
2019-09-19 04:29:42,563 | INFO  | SCMAudit | user=jenkins1000 | ip=192.168.34.50 | op=SEND_HEARTBEAT {datanodeUUID=fc0f8f3b-538d-481e-abe0-204925d4ee8f, command=[]} | ret=SUCCESS |  
2019-09-19 04:29:42,582 | INFO  | SCMAudit | user=jenkins1000 | ip=192.168.34.50 | op=SEND_HEARTBEAT {datanodeUUID=d40cfe62-fc21-48bd-841c-37c3da2319ca, command=[]} | ret=SUCCESS |  
2019-09-19 04:29:42,586 | INFO  | SCMAudit | user=jenkins1000 | ip=192.168.34.50 | op=SEND_HEARTBEAT {datanodeUUID=cacd8be3-3994-43a0-9248-dc2aa43e6f92, command=[]} | ret=SUCCESS |  
2019-09-19 04:29:42,751 | INFO  | SCMAudit | user=jenkins1000 | ip=192.168.34.50 | op=SEND_HEARTBEAT {datanodeUUID=d267f1ee-b840-49aa-88d3-6d319dcb89fa, command=[]} | ret=SUCCESS |  
2019-09-19 04:29:43,003 | INFO  | SCMAudit | user=jenkins1000 | ip=192.168.34.50 | op=SEND_HEARTBEAT {datanodeUUID=646ad8b2-e397-4e74-bda7-a2da429002a8, command=[]} | ret=SUCCESS |  
2019-09-19 04:29:43,223 | INFO  | SCMAudit | user=jenkins1000 | ip=192.168.34.50 | op=SEND_HEARTBEAT {datanodeUUID=bb21d486-410c-4d63-a3eb-a911625626cf, command=[]} | ret=SUCCESS |  
2019-09-19 04:29:43,489 | INFO  | SCMAudit | user=jenkins1000 | ip=192.168.34.50 | op=SEND_HEARTBEAT {datanodeUUID=cee6b86e-e629-45c9-9c42-7061c1d64ecd, command=[]} | ret=SUCCESS |  
2019-09-19 04:29:43,563 | INFO  | SCMAudit | user=jenkins1000 | ip=192.168.34.50 | op=SEND_HEARTBEAT {datanodeUUID=fc0f8f3b-538d-481e-abe0-204925d4ee8f, command=[]} | ret=SUCCESS |  
2019-09-19 04:29:43,583 | INFO  | SCMAudit | user=jenkins1000 | ip=192.168.34.50 | op=SEND_HEARTBEAT {datanodeUUID=d40cfe62-fc21-48bd-841c-37c3da2319ca, command=[]} | ret=SUCCESS |  
2019-09-19 04:29:43,586 | INFO  | SCMAudit | user=jenkins1000 | ip=192.168.34.50 | op=SEND_HEARTBEAT {datanodeUUID=cacd8be3-3994-43a0-9248-dc2aa43e6f92, command=[]} | ret=SUCCESS |  
2019-09-19 04:29:43,752 | INFO  | SCMAudit | user=jenkins1000 | ip=192.168.34.50 | op=SEND_HEARTBEAT {datanodeUUID=d267f1ee-b840-49aa-88d3-6d319dcb89fa, command=[]} | ret=SUCCESS |  
2019-09-19 04:29:44,004 | INFO  | SCMAudit | user=jenkins1000 | ip=192.168.34.50 | op=SEND_HEARTBEAT {datanodeUUID=646ad8b2-e397-4e74-bda7-a2da429002a8, command=[]} | ret=SUCCESS |  
2019-09-19 04:29:44,224 | INFO  | SCMAudit | user=jenkins1000 | ip=192.168.34.50 | op=SEND_HEARTBEAT {datanodeUUID=bb21d486-410c-4d63-a3eb-a911625626cf, command=[]} | ret=SUCCESS |  
2019-09-19 04:29:44,489 | INFO  | SCMAudit | user=jenkins1000 | ip=192.168.34.50 | op=SEND_HEARTBEAT {datanodeUUID=cee6b86e-e629-45c9-9c42-7061c1d64ecd, command=[]} | ret=SUCCESS |  
2019-09-19 04:29:44,562 | INFO  | SCMAudit | user=jenkins1000 | ip=192.168.34.50 | op=SEND_HEARTBEAT {datanodeUUID=fc0f8f3b-538d-481e-abe0-204925d4ee8f, command=[]} | ret=SUCCESS |  
2019-09-19 04:29:44,583 | INFO  | SCMAudit | user=jenkins1000 | ip=192.168.34.50 | op=SEND_HEARTBEAT {datanodeUUID=d40cfe62-fc21-48bd-841c-37c3da2319ca, command=[]} | ret=SUCCESS |  
2019-09-19 04:29:44,586 | INFO  | SCMAudit | user=jenkins1000 | ip=192.168.34.50 | op=SEND_HEARTBEAT {datanodeUUID=cacd8be3-3994-43a0-9248-dc2aa43e6f92, command=[]} | ret=SUCCESS |  
2019-09-19 04:29:44,752 | INFO  | SCMAudit | user=jenkins1000 | ip=192.168.34.50 | op=SEND_HEARTBEAT {datanodeUUID=d267f1ee-b840-49aa-88d3-6d319dcb89fa, command=[]} | ret=SUCCESS |  
2019-09-19 04:29:45,004 | INFO  | SCMAudit | user=jenkins1000 | ip=192.168.34.50 | op=SEND_HEARTBEAT {datanodeUUID=646ad8b2-e397-4e74-bda7-a2da429002a8, command=[]} | ret=SUCCESS |  
2019-09-19 04:29:45,223 | INFO  | SCMAudit | user=jenkins1000 | ip=192.168.34.50 | op=SEND_HEARTBEAT {datanodeUUID=bb21d486-410c-4d63-a3eb-a911625626cf, command=[]} | ret=SUCCESS |  
2019-09-19 04:29:45,489 | INFO  | SCMAudit | user=jenkins1000 | ip=192.168.34.50 | op=SEND_HEARTBEAT {datanodeUUID=cee6b86e-e629-45c9-9c42-7061c1d64ecd, command=[]} | ret=SUCCESS |  
2019-09-19 04:29:45,563 | INFO  | SCMAudit | user=jenkins1000 | ip=192.168.34.50 | op=SEND_HEARTBEAT {datanodeUUID=fc0f8f3b-538d-481e-abe0-204925d4ee8f, command=[]} | ret=SUCCESS |  
2019-09-19 04:29:45,583 | INFO  | SCMAudit | user=jenkins1000 | ip=192.168.34.50 | op=SEND_HEARTBEAT {datanodeUUID=d40cfe62-fc21-48bd-841c-37c3da2319ca, command=[]} | ret=SUCCESS |  
2019-09-19 04:29:45,586 | INFO  | SCMAudit | user=jenkins1000 | ip=192.168.34.50 | op=SEND_HEARTBEAT {datanodeUUID=cacd8be3-3994-43a0-9248-dc2aa43e6f92, command=[]} | ret=SUCCESS |  
2019-09-19 04:29:45,753 | INFO  | SCMAudit | user=jenkins1000 | ip=192.168.34.50 | op=SEND_HEARTBEAT {datanodeUUID=d267f1ee-b840-49aa-88d3-6d319dcb89fa, command=[]} | ret=SUCCESS |  
2019-09-19 04:29:46,004 | INFO  | SCMAudit | user=jenkins1000 | ip=192.168.34.50 | op=SEND_HEARTBEAT {datanodeUUID=646ad8b2-e397-4e74-bda7-a2da429002a8, command=[]} | ret=SUCCESS |  
2019-09-19 04:29:46,224 | INFO  | SCMAudit | user=jenkins1000 | ip=192.168.34.50 | op=SEND_HEARTBEAT {datanodeUUID=bb21d486-410c-4d63-a3eb-a911625626cf, command=[]} | ret=SUCCESS |  
2019-09-19 04:29:46,490 | INFO  | SCMAudit | user=jenkins1000 | ip=192.168.34.50 | op=SEND_HEARTBEAT {datanodeUUID=cee6b86e-e629-45c9-9c42-7061c1d64ecd, command=[]} | ret=SUCCESS |  
2019-09-19 04:29:46,563 | INFO  | SCMAudit | user=jenkins1000 | ip=192.168.34.50 | op=SEND_HEARTBEAT {datanodeUUID=fc0f8f3b-538d-481e-abe0-204925d4ee8f, command=[]} | ret=SUCCESS |  
2019-09-19 04:29:46,583 | INFO  | SCMAudit | user=jenkins1000 | ip=192.168.34.50 | op=SEND_HEARTBEAT {datanodeUUID=d40cfe62-fc21-48bd-841c-37c3da2319ca, command=[]} | ret=SUCCESS |  
2019-09-19 04:29:46,586 | INFO  | SCMAudit | user=jenkins1000 | ip=192.168.34.50 | op=SEND_HEARTBEAT {datanodeUUID=cacd8be3-3994-43a0-9248-dc2aa43e6f92, command=[]} | ret=SUCCESS |  
2019-09-19 04:29:46,752 | INFO  | SCMAudit | user=jenkins1000 | ip=192.168.34.50 | op=SEND_HEARTBEAT {datanodeUUID=d267f1ee-b840-49aa-88d3-6d319dcb89fa, command=[]} | ret=SUCCESS |  
2019-09-19 04:29:47,005 | INFO  | SCMAudit | user=jenkins1000 | ip=192.168.34.50 | op=SEND_HEARTBEAT {datanodeUUID=646ad8b2-e397-4e74-bda7-a2da429002a8, command=[]} | ret=SUCCESS |  
2019-09-19 04:29:47,223 | INFO  | SCMAudit | user=jenkins1000 | ip=192.168.34.50 | op=SEND_HEARTBEAT {datanodeUUID=bb21d486-410c-4d63-a3eb-a911625626cf, command=[]} | ret=SUCCESS |  
2019-09-19 04:29:47,376 [grpc-default-executor-0] INFO  client.GrpcClientProtocolClient (GrpcClientProtocolClient.java:onNext(255)) - client-8D3BBA1B251F->cacd8be3-3994-43a0-9248-dc2aa43e6f92: receive RaftClientReply:client-8D3BBA1B251F->cacd8be3-3994-43a0-9248-dc2aa43e6f92@group-52CD28E9D88B, cid=45, FAILED org.apache.ratis.protocol.NotLeaderException: Server cacd8be3-3994-43a0-9248-dc2aa43e6f92 is not the leader (fc0f8f3b-538d-481e-abe0-204925d4ee8f:192.168.34.50:35638). Request must be sent to leader., logIndex=0, commits[cacd8be3-3994-43a0-9248-dc2aa43e6f92:c8, d40cfe62-fc21-48bd-841c-37c3da2319ca:c8, fc0f8f3b-538d-481e-abe0-204925d4ee8f:c8]
2019-09-19 04:29:47,489 | INFO  | SCMAudit | user=jenkins1000 | ip=192.168.34.50 | op=SEND_HEARTBEAT {datanodeUUID=cee6b86e-e629-45c9-9c42-7061c1d64ecd, command=[]} | ret=SUCCESS |  
2019-09-19 04:29:47,564 | INFO  | SCMAudit | user=jenkins1000 | ip=192.168.34.50 | op=SEND_HEARTBEAT {datanodeUUID=fc0f8f3b-538d-481e-abe0-204925d4ee8f, command=[]} | ret=SUCCESS |  
2019-09-19 04:29:47,583 | INFO  | SCMAudit | user=jenkins1000 | ip=192.168.34.50 | op=SEND_HEARTBEAT {datanodeUUID=d40cfe62-fc21-48bd-841c-37c3da2319ca, command=[]} | ret=SUCCESS |  
2019-09-19 04:29:47,587 | INFO  | SCMAudit | user=jenkins1000 | ip=192.168.34.50 | op=SEND_HEARTBEAT {datanodeUUID=cacd8be3-3994-43a0-9248-dc2aa43e6f92, command=[]} | ret=SUCCESS |  
2019-09-19 04:29:47,753 | INFO  | SCMAudit | user=jenkins1000 | ip=192.168.34.50 | op=SEND_HEARTBEAT {datanodeUUID=d267f1ee-b840-49aa-88d3-6d319dcb89fa, command=[]} | ret=SUCCESS |  
2019-09-19 04:29:48,005 | INFO  | SCMAudit | user=jenkins1000 | ip=192.168.34.50 | op=SEND_HEARTBEAT {datanodeUUID=646ad8b2-e397-4e74-bda7-a2da429002a8, command=[]} | ret=SUCCESS |  
2019-09-19 04:29:48,224 | INFO  | SCMAudit | user=jenkins1000 | ip=192.168.34.50 | op=SEND_HEARTBEAT {datanodeUUID=bb21d486-410c-4d63-a3eb-a911625626cf, command=[]} | ret=SUCCESS |  
2019-09-19 04:29:48,489 | INFO  | SCMAudit | user=jenkins1000 | ip=192.168.34.50 | op=SEND_HEARTBEAT {datanodeUUID=cee6b86e-e629-45c9-9c42-7061c1d64ecd, command=[]} | ret=SUCCESS |  
2019-09-19 04:29:48,564 | INFO  | SCMAudit | user=jenkins1000 | ip=192.168.34.50 | op=SEND_HEARTBEAT {datanodeUUID=fc0f8f3b-538d-481e-abe0-204925d4ee8f, command=[]} | ret=SUCCESS |  
2019-09-19 04:29:48,583 | INFO  | SCMAudit | user=jenkins1000 | ip=192.168.34.50 | op=SEND_HEARTBEAT {datanodeUUID=d40cfe62-fc21-48bd-841c-37c3da2319ca, command=[]} | ret=SUCCESS |  
2019-09-19 04:29:48,587 | INFO  | SCMAudit | user=jenkins1000 | ip=192.168.34.50 | op=SEND_HEARTBEAT {datanodeUUID=cacd8be3-3994-43a0-9248-dc2aa43e6f92, command=[]} | ret=SUCCESS |  
2019-09-19 04:29:48,753 | INFO  | SCMAudit | user=jenkins1000 | ip=192.168.34.50 | op=SEND_HEARTBEAT {datanodeUUID=d267f1ee-b840-49aa-88d3-6d319dcb89fa, command=[]} | ret=SUCCESS |  
2019-09-19 04:29:49,005 | INFO  | SCMAudit | user=jenkins1000 | ip=192.168.34.50 | op=SEND_HEARTBEAT {datanodeUUID=646ad8b2-e397-4e74-bda7-a2da429002a8, command=[]} | ret=SUCCESS |  
2019-09-19 04:29:49,224 | INFO  | SCMAudit | user=jenkins1000 | ip=192.168.34.50 | op=SEND_HEARTBEAT {datanodeUUID=bb21d486-410c-4d63-a3eb-a911625626cf, command=[]} | ret=SUCCESS |  
2019-09-19 04:29:49,490 | INFO  | SCMAudit | user=jenkins1000 | ip=192.168.34.50 | op=SEND_HEARTBEAT {datanodeUUID=cee6b86e-e629-45c9-9c42-7061c1d64ecd, command=[]} | ret=SUCCESS |  
2019-09-19 04:29:49,565 | INFO  | SCMAudit | user=jenkins1000 | ip=192.168.34.50 | op=SEND_HEARTBEAT {datanodeUUID=fc0f8f3b-538d-481e-abe0-204925d4ee8f, command=[]} | ret=SUCCESS |  
2019-09-19 04:29:49,584 | INFO  | SCMAudit | user=jenkins1000 | ip=192.168.34.50 | op=SEND_HEARTBEAT {datanodeUUID=d40cfe62-fc21-48bd-841c-37c3da2319ca, command=[]} | ret=SUCCESS |  
2019-09-19 04:29:49,588 | INFO  | SCMAudit | user=jenkins1000 | ip=192.168.34.50 | op=SEND_HEARTBEAT {datanodeUUID=cacd8be3-3994-43a0-9248-dc2aa43e6f92, command=[]} | ret=SUCCESS |  
2019-09-19 04:29:49,753 | INFO  | SCMAudit | user=jenkins1000 | ip=192.168.34.50 | op=SEND_HEARTBEAT {datanodeUUID=d267f1ee-b840-49aa-88d3-6d319dcb89fa, command=[]} | ret=SUCCESS |  
2019-09-19 04:29:50,004 | INFO  | SCMAudit | user=jenkins1000 | ip=192.168.34.50 | op=SEND_HEARTBEAT {datanodeUUID=646ad8b2-e397-4e74-bda7-a2da429002a8, command=[]} | ret=SUCCESS |  
2019-09-19 04:29:50,224 | INFO  | SCMAudit | user=jenkins1000 | ip=192.168.34.50 | op=SEND_HEARTBEAT {datanodeUUID=bb21d486-410c-4d63-a3eb-a911625626cf, command=[]} | ret=SUCCESS |  
2019-09-19 04:29:50,489 | INFO  | SCMAudit | user=jenkins1000 | ip=192.168.34.50 | op=SEND_HEARTBEAT {datanodeUUID=cee6b86e-e629-45c9-9c42-7061c1d64ecd, command=[]} | ret=SUCCESS |  
2019-09-19 04:29:50,565 | INFO  | SCMAudit | user=jenkins1000 | ip=192.168.34.50 | op=SEND_HEARTBEAT {datanodeUUID=fc0f8f3b-538d-481e-abe0-204925d4ee8f, command=[]} | ret=SUCCESS |  
2019-09-19 04:29:50,583 | INFO  | SCMAudit | user=jenkins1000 | ip=192.168.34.50 | op=SEND_HEARTBEAT {datanodeUUID=d40cfe62-fc21-48bd-841c-37c3da2319ca, command=[]} | ret=SUCCESS |  
2019-09-19 04:29:50,588 | INFO  | SCMAudit | user=jenkins1000 | ip=192.168.34.50 | op=SEND_HEARTBEAT {datanodeUUID=cacd8be3-3994-43a0-9248-dc2aa43e6f92, command=[]} | ret=SUCCESS |  
2019-09-19 04:29:50,753 | INFO  | SCMAudit | user=jenkins1000 | ip=192.168.34.50 | op=SEND_HEARTBEAT {datanodeUUID=d267f1ee-b840-49aa-88d3-6d319dcb89fa, command=[]} | ret=SUCCESS |  
2019-09-19 04:29:51,005 | INFO  | SCMAudit | user=jenkins1000 | ip=192.168.34.50 | op=SEND_HEARTBEAT {datanodeUUID=646ad8b2-e397-4e74-bda7-a2da429002a8, command=[]} | ret=SUCCESS |  
2019-09-19 04:29:51,225 | INFO  | SCMAudit | user=jenkins1000 | ip=192.168.34.50 | op=SEND_HEARTBEAT {datanodeUUID=bb21d486-410c-4d63-a3eb-a911625626cf, command=[]} | ret=SUCCESS |  
2019-09-19 04:29:51,490 | INFO  | SCMAudit | user=jenkins1000 | ip=192.168.34.50 | op=SEND_HEARTBEAT {datanodeUUID=cee6b86e-e629-45c9-9c42-7061c1d64ecd, command=[]} | ret=SUCCESS |  
2019-09-19 04:29:51,565 | INFO  | SCMAudit | user=jenkins1000 | ip=192.168.34.50 | op=SEND_HEARTBEAT {datanodeUUID=fc0f8f3b-538d-481e-abe0-204925d4ee8f, command=[]} | ret=SUCCESS |  
2019-09-19 04:29:51,583 | INFO  | SCMAudit | user=jenkins1000 | ip=192.168.34.50 | op=SEND_HEARTBEAT {datanodeUUID=d40cfe62-fc21-48bd-841c-37c3da2319ca, command=[]} | ret=SUCCESS |  
2019-09-19 04:29:51,588 | INFO  | SCMAudit | user=jenkins1000 | ip=192.168.34.50 | op=SEND_HEARTBEAT {datanodeUUID=cacd8be3-3994-43a0-9248-dc2aa43e6f92, command=[]} | ret=SUCCESS |  
2019-09-19 04:29:51,754 | INFO  | SCMAudit | user=jenkins1000 | ip=192.168.34.50 | op=SEND_HEARTBEAT {datanodeUUID=d267f1ee-b840-49aa-88d3-6d319dcb89fa, command=[]} | ret=SUCCESS |  
2019-09-19 04:29:52,004 | INFO  | SCMAudit | user=jenkins1000 | ip=192.168.34.50 | op=SEND_HEARTBEAT {datanodeUUID=646ad8b2-e397-4e74-bda7-a2da429002a8, command=[]} | ret=SUCCESS |  
2019-09-19 04:29:52,225 | INFO  | SCMAudit | user=jenkins1000 | ip=192.168.34.50 | op=SEND_HEARTBEAT {datanodeUUID=bb21d486-410c-4d63-a3eb-a911625626cf, command=[]} | ret=SUCCESS |  
2019-09-19 04:29:52,418 [grpc-default-executor-0] INFO  client.GrpcClientProtocolClient (GrpcClientProtocolClient.java:onNext(255)) - client-8D3BBA1B251F->cacd8be3-3994-43a0-9248-dc2aa43e6f92: receive RaftClientReply:client-8D3BBA1B251F->cacd8be3-3994-43a0-9248-dc2aa43e6f92@group-52CD28E9D88B, cid=45, FAILED org.apache.ratis.protocol.NotLeaderException: Server cacd8be3-3994-43a0-9248-dc2aa43e6f92 is not the leader (fc0f8f3b-538d-481e-abe0-204925d4ee8f:192.168.34.50:35638). Request must be sent to leader., logIndex=0, commits[cacd8be3-3994-43a0-9248-dc2aa43e6f92:c8, d40cfe62-fc21-48bd-841c-37c3da2319ca:c8, fc0f8f3b-538d-481e-abe0-204925d4ee8f:c8]
2019-09-19 04:29:52,489 | INFO  | SCMAudit | user=jenkins1000 | ip=192.168.34.50 | op=SEND_HEARTBEAT {datanodeUUID=cee6b86e-e629-45c9-9c42-7061c1d64ecd, command=[]} | ret=SUCCESS |  
2019-09-19 04:29:52,566 | INFO  | SCMAudit | user=jenkins1000 | ip=192.168.34.50 | op=SEND_HEARTBEAT {datanodeUUID=fc0f8f3b-538d-481e-abe0-204925d4ee8f, command=[]} | ret=SUCCESS |  
2019-09-19 04:29:52,583 | INFO  | SCMAudit | user=jenkins1000 | ip=192.168.34.50 | op=SEND_HEARTBEAT {datanodeUUID=d40cfe62-fc21-48bd-841c-37c3da2319ca, command=[]} | ret=SUCCESS |  
2019-09-19 04:29:52,588 | INFO  | SCMAudit | user=jenkins1000 | ip=192.168.34.50 | op=SEND_HEARTBEAT {datanodeUUID=cacd8be3-3994-43a0-9248-dc2aa43e6f92, command=[]} | ret=SUCCESS |  
2019-09-19 04:29:52,754 | INFO  | SCMAudit | user=jenkins1000 | ip=192.168.34.50 | op=SEND_HEARTBEAT {datanodeUUID=d267f1ee-b840-49aa-88d3-6d319dcb89fa, command=[]} | ret=SUCCESS |  
2019-09-19 04:29:53,004 | INFO  | SCMAudit | user=jenkins1000 | ip=192.168.34.50 | op=SEND_HEARTBEAT {datanodeUUID=646ad8b2-e397-4e74-bda7-a2da429002a8, command=[]} | ret=SUCCESS |  
2019-09-19 04:29:53,224 | INFO  | SCMAudit | user=jenkins1000 | ip=192.168.34.50 | op=SEND_HEARTBEAT {datanodeUUID=bb21d486-410c-4d63-a3eb-a911625626cf, command=[]} | ret=SUCCESS |  
2019-09-19 04:29:53,489 | INFO  | SCMAudit | user=jenkins1000 | ip=192.168.34.50 | op=SEND_HEARTBEAT {datanodeUUID=cee6b86e-e629-45c9-9c42-7061c1d64ecd, command=[]} | ret=SUCCESS |  
2019-09-19 04:29:53,565 | INFO  | SCMAudit | user=jenkins1000 | ip=192.168.34.50 | op=SEND_HEARTBEAT {datanodeUUID=fc0f8f3b-538d-481e-abe0-204925d4ee8f, command=[]} | ret=SUCCESS |  
2019-09-19 04:29:53,583 | INFO  | SCMAudit | user=jenkins1000 | ip=192.168.34.50 | op=SEND_HEARTBEAT {datanodeUUID=d40cfe62-fc21-48bd-841c-37c3da2319ca, command=[]} | ret=SUCCESS |  
2019-09-19 04:29:53,588 | INFO  | SCMAudit | user=jenkins1000 | ip=192.168.34.50 | op=SEND_HEARTBEAT {datanodeUUID=cacd8be3-3994-43a0-9248-dc2aa43e6f92, command=[]} | ret=SUCCESS |  
2019-09-19 04:29:53,753 | INFO  | SCMAudit | user=jenkins1000 | ip=192.168.34.50 | op=SEND_HEARTBEAT {datanodeUUID=d267f1ee-b840-49aa-88d3-6d319dcb89fa, command=[]} | ret=SUCCESS |  
2019-09-19 04:29:54,005 | INFO  | SCMAudit | user=jenkins1000 | ip=192.168.34.50 | op=SEND_HEARTBEAT {datanodeUUID=646ad8b2-e397-4e74-bda7-a2da429002a8, command=[]} | ret=SUCCESS |  
2019-09-19 04:29:54,225 | INFO  | SCMAudit | user=jenkins1000 | ip=192.168.34.50 | op=SEND_HEARTBEAT {datanodeUUID=bb21d486-410c-4d63-a3eb-a911625626cf, command=[]} | ret=SUCCESS |  
2019-09-19 04:29:54,490 | INFO  | SCMAudit | user=jenkins1000 | ip=192.168.34.50 | op=SEND_HEARTBEAT {datanodeUUID=cee6b86e-e629-45c9-9c42-7061c1d64ecd, command=[]} | ret=SUCCESS |  
2019-09-19 04:29:54,565 | INFO  | SCMAudit | user=jenkins1000 | ip=192.168.34.50 | op=SEND_HEARTBEAT {datanodeUUID=fc0f8f3b-538d-481e-abe0-204925d4ee8f, command=[]} | ret=SUCCESS |  
2019-09-19 04:29:54,583 | INFO  | SCMAudit | user=jenkins1000 | ip=192.168.34.50 | op=SEND_HEARTBEAT {datanodeUUID=d40cfe62-fc21-48bd-841c-37c3da2319ca, command=[]} | ret=SUCCESS |  
2019-09-19 04:29:54,589 | INFO  | SCMAudit | user=jenkins1000 | ip=192.168.34.50 | op=SEND_HEARTBEAT {datanodeUUID=cacd8be3-3994-43a0-9248-dc2aa43e6f92, command=[]} | ret=SUCCESS |  
2019-09-19 04:29:54,754 | INFO  | SCMAudit | user=jenkins1000 | ip=192.168.34.50 | op=SEND_HEARTBEAT {datanodeUUID=d267f1ee-b840-49aa-88d3-6d319dcb89fa, command=[]} | ret=SUCCESS |  
2019-09-19 04:29:55,004 | INFO  | SCMAudit | user=jenkins1000 | ip=192.168.34.50 | op=SEND_HEARTBEAT {datanodeUUID=646ad8b2-e397-4e74-bda7-a2da429002a8, command=[]} | ret=SUCCESS |  
2019-09-19 04:29:55,225 | INFO  | SCMAudit | user=jenkins1000 | ip=192.168.34.50 | op=SEND_HEARTBEAT {datanodeUUID=bb21d486-410c-4d63-a3eb-a911625626cf, command=[]} | ret=SUCCESS |  
2019-09-19 04:29:55,490 | INFO  | SCMAudit | user=jenkins1000 | ip=192.168.34.50 | op=SEND_HEARTBEAT {datanodeUUID=cee6b86e-e629-45c9-9c42-7061c1d64ecd, command=[]} | ret=SUCCESS |  
2019-09-19 04:29:55,566 | INFO  | SCMAudit | user=jenkins1000 | ip=192.168.34.50 | op=SEND_HEARTBEAT {datanodeUUID=fc0f8f3b-538d-481e-abe0-204925d4ee8f, command=[]} | ret=SUCCESS |  
2019-09-19 04:29:55,584 | INFO  | SCMAudit | user=jenkins1000 | ip=192.168.34.50 | op=SEND_HEARTBEAT {datanodeUUID=d40cfe62-fc21-48bd-841c-37c3da2319ca, command=[]} | ret=SUCCESS |  
2019-09-19 04:29:55,589 | INFO  | SCMAudit | user=jenkins1000 | ip=192.168.34.50 | op=SEND_HEARTBEAT {datanodeUUID=cacd8be3-3994-43a0-9248-dc2aa43e6f92, command=[]} | ret=SUCCESS |  
2019-09-19 04:29:55,754 | INFO  | SCMAudit | user=jenkins1000 | ip=192.168.34.50 | op=SEND_HEARTBEAT {datanodeUUID=d267f1ee-b840-49aa-88d3-6d319dcb89fa, command=[]} | ret=SUCCESS |  
2019-09-19 04:29:56,005 | INFO  | SCMAudit | user=jenkins1000 | ip=192.168.34.50 | op=SEND_HEARTBEAT {datanodeUUID=646ad8b2-e397-4e74-bda7-a2da429002a8, command=[]} | ret=SUCCESS |  
2019-09-19 04:29:56,225 | INFO  | SCMAudit | user=jenkins1000 | ip=192.168.34.50 | op=SEND_HEARTBEAT {datanodeUUID=bb21d486-410c-4d63-a3eb-a911625626cf, command=[]} | ret=SUCCESS |  
2019-09-19 04:29:56,490 | INFO  | SCMAudit | user=jenkins1000 | ip=192.168.34.50 | op=SEND_HEARTBEAT {datanodeUUID=cee6b86e-e629-45c9-9c42-7061c1d64ecd, command=[]} | ret=SUCCESS |  
2019-09-19 04:29:56,565 | INFO  | SCMAudit | user=jenkins1000 | ip=192.168.34.50 | op=SEND_HEARTBEAT {datanodeUUID=fc0f8f3b-538d-481e-abe0-204925d4ee8f, command=[]} | ret=SUCCESS |  
2019-09-19 04:29:56,584 | INFO  | SCMAudit | user=jenkins1000 | ip=192.168.34.50 | op=SEND_HEARTBEAT {datanodeUUID=d40cfe62-fc21-48bd-841c-37c3da2319ca, command=[]} | ret=SUCCESS |  
2019-09-19 04:29:56,589 | INFO  | SCMAudit | user=jenkins1000 | ip=192.168.34.50 | op=SEND_HEARTBEAT {datanodeUUID=cacd8be3-3994-43a0-9248-dc2aa43e6f92, command=[]} | ret=SUCCESS |  
2019-09-19 04:29:56,755 | INFO  | SCMAudit | user=jenkins1000 | ip=192.168.34.50 | op=SEND_HEARTBEAT {datanodeUUID=d267f1ee-b840-49aa-88d3-6d319dcb89fa, command=[]} | ret=SUCCESS |  
2019-09-19 04:29:57,005 | INFO  | SCMAudit | user=jenkins1000 | ip=192.168.34.50 | op=SEND_HEARTBEAT {datanodeUUID=646ad8b2-e397-4e74-bda7-a2da429002a8, command=[]} | ret=SUCCESS |  
2019-09-19 04:29:57,226 | INFO  | SCMAudit | user=jenkins1000 | ip=192.168.34.50 | op=SEND_HEARTBEAT {datanodeUUID=bb21d486-410c-4d63-a3eb-a911625626cf, command=[]} | ret=SUCCESS |  
2019-09-19 04:29:57,475 [grpc-default-executor-5] INFO  client.GrpcClientProtocolClient (GrpcClientProtocolClient.java:onNext(255)) - client-8D3BBA1B251F->d40cfe62-fc21-48bd-841c-37c3da2319ca: receive RaftClientReply:client-8D3BBA1B251F->d40cfe62-fc21-48bd-841c-37c3da2319ca@group-52CD28E9D88B, cid=45, FAILED org.apache.ratis.protocol.NotLeaderException: Server d40cfe62-fc21-48bd-841c-37c3da2319ca is not the leader (fc0f8f3b-538d-481e-abe0-204925d4ee8f:192.168.34.50:35638). Request must be sent to leader., logIndex=0, commits[d40cfe62-fc21-48bd-841c-37c3da2319ca:c8, fc0f8f3b-538d-481e-abe0-204925d4ee8f:c8, cacd8be3-3994-43a0-9248-dc2aa43e6f92:c8]
2019-09-19 04:29:57,490 | INFO  | SCMAudit | user=jenkins1000 | ip=192.168.34.50 | op=SEND_HEARTBEAT {datanodeUUID=cee6b86e-e629-45c9-9c42-7061c1d64ecd, command=[]} | ret=SUCCESS |  
2019-09-19 04:29:57,566 | INFO  | SCMAudit | user=jenkins1000 | ip=192.168.34.50 | op=SEND_HEARTBEAT {datanodeUUID=fc0f8f3b-538d-481e-abe0-204925d4ee8f, command=[]} | ret=SUCCESS |  
2019-09-19 04:29:57,584 | INFO  | SCMAudit | user=jenkins1000 | ip=192.168.34.50 | op=SEND_HEARTBEAT {datanodeUUID=d40cfe62-fc21-48bd-841c-37c3da2319ca, command=[]} | ret=SUCCESS |  
2019-09-19 04:29:57,589 | INFO  | SCMAudit | user=jenkins1000 | ip=192.168.34.50 | op=SEND_HEARTBEAT {datanodeUUID=cacd8be3-3994-43a0-9248-dc2aa43e6f92, command=[]} | ret=SUCCESS |  
2019-09-19 04:29:57,755 | INFO  | SCMAudit | user=jenkins1000 | ip=192.168.34.50 | op=SEND_HEARTBEAT {datanodeUUID=d267f1ee-b840-49aa-88d3-6d319dcb89fa, command=[]} | ret=SUCCESS |  
2019-09-19 04:29:58,005 | INFO  | SCMAudit | user=jenkins1000 | ip=192.168.34.50 | op=SEND_HEARTBEAT {datanodeUUID=646ad8b2-e397-4e74-bda7-a2da429002a8, command=[]} | ret=SUCCESS |  
2019-09-19 04:29:58,225 | INFO  | SCMAudit | user=jenkins1000 | ip=192.168.34.50 | op=SEND_HEARTBEAT {datanodeUUID=bb21d486-410c-4d63-a3eb-a911625626cf, command=[]} | ret=SUCCESS |  
2019-09-19 04:29:58,492 | INFO  | SCMAudit | user=jenkins1000 | ip=192.168.34.50 | op=SEND_HEARTBEAT {datanodeUUID=cee6b86e-e629-45c9-9c42-7061c1d64ecd, command=[]} | ret=SUCCESS |  
2019-09-19 04:29:58,566 | INFO  | SCMAudit | user=jenkins1000 | ip=192.168.34.50 | op=SEND_HEARTBEAT {datanodeUUID=fc0f8f3b-538d-481e-abe0-204925d4ee8f, command=[]} | ret=SUCCESS |  
2019-09-19 04:29:58,584 | INFO  | SCMAudit | user=jenkins1000 | ip=192.168.34.50 | op=SEND_HEARTBEAT {datanodeUUID=d40cfe62-fc21-48bd-841c-37c3da2319ca, command=[]} | ret=SUCCESS |  
2019-09-19 04:29:58,589 | INFO  | SCMAudit | user=jenkins1000 | ip=192.168.34.50 | op=SEND_HEARTBEAT {datanodeUUID=cacd8be3-3994-43a0-9248-dc2aa43e6f92, command=[]} | ret=SUCCESS |  
2019-09-19 04:29:58,756 | INFO  | SCMAudit | user=jenkins1000 | ip=192.168.34.50 | op=SEND_HEARTBEAT {datanodeUUID=d267f1ee-b840-49aa-88d3-6d319dcb89fa, command=[]} | ret=SUCCESS |  
2019-09-19 04:29:59,005 | INFO  | SCMAudit | user=jenkins1000 | ip=192.168.34.50 | op=SEND_HEARTBEAT {datanodeUUID=646ad8b2-e397-4e74-bda7-a2da429002a8, command=[]} | ret=SUCCESS |  
2019-09-19 04:29:59,226 | INFO  | SCMAudit | user=jenkins1000 | ip=192.168.34.50 | op=SEND_HEARTBEAT {datanodeUUID=bb21d486-410c-4d63-a3eb-a911625626cf, command=[]} | ret=SUCCESS |  
2019-09-19 04:29:59,492 | INFO  | SCMAudit | user=jenkins1000 | ip=192.168.34.50 | op=SEND_HEARTBEAT {datanodeUUID=cee6b86e-e629-45c9-9c42-7061c1d64ecd, command=[]} | ret=SUCCESS |  
2019-09-19 04:29:59,565 | INFO  | SCMAudit | user=jenkins1000 | ip=192.168.34.50 | op=SEND_HEARTBEAT {datanodeUUID=fc0f8f3b-538d-481e-abe0-204925d4ee8f, command=[]} | ret=SUCCESS |  
2019-09-19 04:29:59,584 | INFO  | SCMAudit | user=jenkins1000 | ip=192.168.34.50 | op=SEND_HEARTBEAT {datanodeUUID=d40cfe62-fc21-48bd-841c-37c3da2319ca, command=[]} | ret=SUCCESS |  
2019-09-19 04:29:59,589 | INFO  | SCMAudit | user=jenkins1000 | ip=192.168.34.50 | op=SEND_HEARTBEAT {datanodeUUID=cacd8be3-3994-43a0-9248-dc2aa43e6f92, command=[]} | ret=SUCCESS |  
2019-09-19 04:29:59,756 | INFO  | SCMAudit | user=jenkins1000 | ip=192.168.34.50 | op=SEND_HEARTBEAT {datanodeUUID=d267f1ee-b840-49aa-88d3-6d319dcb89fa, command=[]} | ret=SUCCESS |  
2019-09-19 04:30:00,004 | INFO  | SCMAudit | user=jenkins1000 | ip=192.168.34.50 | op=SEND_HEARTBEAT {datanodeUUID=646ad8b2-e397-4e74-bda7-a2da429002a8, command=[]} | ret=SUCCESS |  
2019-09-19 04:30:00,225 | INFO  | SCMAudit | user=jenkins1000 | ip=192.168.34.50 | op=SEND_HEARTBEAT {datanodeUUID=bb21d486-410c-4d63-a3eb-a911625626cf, command=[]} | ret=SUCCESS |  
2019-09-19 04:30:00,493 | INFO  | SCMAudit | user=jenkins1000 | ip=192.168.34.50 | op=SEND_HEARTBEAT {datanodeUUID=cee6b86e-e629-45c9-9c42-7061c1d64ecd, command=[]} | ret=SUCCESS |  
2019-09-19 04:30:00,565 | INFO  | SCMAudit | user=jenkins1000 | ip=192.168.34.50 | op=SEND_HEARTBEAT {datanodeUUID=fc0f8f3b-538d-481e-abe0-204925d4ee8f, command=[]} | ret=SUCCESS |  
2019-09-19 04:30:00,584 | INFO  | SCMAudit | user=jenkins1000 | ip=192.168.34.50 | op=SEND_HEARTBEAT {datanodeUUID=d40cfe62-fc21-48bd-841c-37c3da2319ca, command=[]} | ret=SUCCESS |  
2019-09-19 04:30:00,590 | INFO  | SCMAudit | user=jenkins1000 | ip=192.168.34.50 | op=SEND_HEARTBEAT {datanodeUUID=cacd8be3-3994-43a0-9248-dc2aa43e6f92, command=[]} | ret=SUCCESS |  
2019-09-19 04:30:00,757 | INFO  | SCMAudit | user=jenkins1000 | ip=192.168.34.50 | op=SEND_HEARTBEAT {datanodeUUID=d267f1ee-b840-49aa-88d3-6d319dcb89fa, command=[]} | ret=SUCCESS |  
2019-09-19 04:30:01,005 | INFO  | SCMAudit | user=jenkins1000 | ip=192.168.34.50 | op=SEND_HEARTBEAT {datanodeUUID=646ad8b2-e397-4e74-bda7-a2da429002a8, command=[]} | ret=SUCCESS |  
2019-09-19 04:30:01,226 | INFO  | SCMAudit | user=jenkins1000 | ip=192.168.34.50 | op=SEND_HEARTBEAT {datanodeUUID=bb21d486-410c-4d63-a3eb-a911625626cf, command=[]} | ret=SUCCESS |  
2019-09-19 04:30:01,495 | INFO  | SCMAudit | user=jenkins1000 | ip=192.168.34.50 | op=SEND_HEARTBEAT {datanodeUUID=cee6b86e-e629-45c9-9c42-7061c1d64ecd, command=[]} | ret=SUCCESS |  
2019-09-19 04:30:01,566 | INFO  | SCMAudit | user=jenkins1000 | ip=192.168.34.50 | op=SEND_HEARTBEAT {datanodeUUID=fc0f8f3b-538d-481e-abe0-204925d4ee8f, command=[]} | ret=SUCCESS |  
2019-09-19 04:30:01,585 | INFO  | SCMAudit | user=jenkins1000 | ip=192.168.34.50 | op=SEND_HEARTBEAT {datanodeUUID=d40cfe62-fc21-48bd-841c-37c3da2319ca, command=[]} | ret=SUCCESS |  
2019-09-19 04:30:01,590 | INFO  | SCMAudit | user=jenkins1000 | ip=192.168.34.50 | op=SEND_HEARTBEAT {datanodeUUID=cacd8be3-3994-43a0-9248-dc2aa43e6f92, command=[]} | ret=SUCCESS |  
2019-09-19 04:30:01,756 | INFO  | SCMAudit | user=jenkins1000 | ip=192.168.34.50 | op=SEND_HEARTBEAT {datanodeUUID=d267f1ee-b840-49aa-88d3-6d319dcb89fa, command=[]} | ret=SUCCESS |  
2019-09-19 04:30:02,004 | INFO  | SCMAudit | user=jenkins1000 | ip=192.168.34.50 | op=SEND_HEARTBEAT {datanodeUUID=646ad8b2-e397-4e74-bda7-a2da429002a8, command=[]} | ret=SUCCESS |  
2019-09-19 04:30:02,225 | INFO  | SCMAudit | user=jenkins1000 | ip=192.168.34.50 | op=SEND_HEARTBEAT {datanodeUUID=bb21d486-410c-4d63-a3eb-a911625626cf, command=[]} | ret=SUCCESS |  
2019-09-19 04:30:02,496 | INFO  | SCMAudit | user=jenkins1000 | ip=192.168.34.50 | op=SEND_HEARTBEAT {datanodeUUID=cee6b86e-e629-45c9-9c42-7061c1d64ecd, command=[]} | ret=SUCCESS |  
2019-09-19 04:30:02,524 [grpc-default-executor-5] INFO  client.GrpcClientProtocolClient (GrpcClientProtocolClient.java:onNext(255)) - client-8D3BBA1B251F->cacd8be3-3994-43a0-9248-dc2aa43e6f92: receive RaftClientReply:client-8D3BBA1B251F->cacd8be3-3994-43a0-9248-dc2aa43e6f92@group-52CD28E9D88B, cid=45, FAILED org.apache.ratis.protocol.NotLeaderException: Server cacd8be3-3994-43a0-9248-dc2aa43e6f92 is not the leader (fc0f8f3b-538d-481e-abe0-204925d4ee8f:192.168.34.50:35638). Request must be sent to leader., logIndex=0, commits[cacd8be3-3994-43a0-9248-dc2aa43e6f92:c8, d40cfe62-fc21-48bd-841c-37c3da2319ca:c8, fc0f8f3b-538d-481e-abe0-204925d4ee8f:c8]
2019-09-19 04:30:02,566 | INFO  | SCMAudit | user=jenkins1000 | ip=192.168.34.50 | op=SEND_HEARTBEAT {datanodeUUID=fc0f8f3b-538d-481e-abe0-204925d4ee8f, command=[]} | ret=SUCCESS |  
2019-09-19 04:30:02,584 | INFO  | SCMAudit | user=jenkins1000 | ip=192.168.34.50 | op=SEND_HEARTBEAT {datanodeUUID=d40cfe62-fc21-48bd-841c-37c3da2319ca, command=[]} | ret=SUCCESS |  
2019-09-19 04:30:02,590 | INFO  | SCMAudit | user=jenkins1000 | ip=192.168.34.50 | op=SEND_HEARTBEAT {datanodeUUID=cacd8be3-3994-43a0-9248-dc2aa43e6f92, command=[]} | ret=SUCCESS |  
2019-09-19 04:30:02,757 | INFO  | SCMAudit | user=jenkins1000 | ip=192.168.34.50 | op=SEND_HEARTBEAT {datanodeUUID=d267f1ee-b840-49aa-88d3-6d319dcb89fa, command=[]} | ret=SUCCESS |  
2019-09-19 04:30:03,004 | INFO  | SCMAudit | user=jenkins1000 | ip=192.168.34.50 | op=SEND_HEARTBEAT {datanodeUUID=646ad8b2-e397-4e74-bda7-a2da429002a8, command=[]} | ret=SUCCESS |  
2019-09-19 04:30:03,226 | INFO  | SCMAudit | user=jenkins1000 | ip=192.168.34.50 | op=SEND_HEARTBEAT {datanodeUUID=bb21d486-410c-4d63-a3eb-a911625626cf, command=[]} | ret=SUCCESS |  
2019-09-19 04:30:03,496 | INFO  | SCMAudit | user=jenkins1000 | ip=192.168.34.50 | op=SEND_HEARTBEAT {datanodeUUID=cee6b86e-e629-45c9-9c42-7061c1d64ecd, command=[]} | ret=SUCCESS |  
2019-09-19 04:30:03,566 | INFO  | SCMAudit | user=jenkins1000 | ip=192.168.34.50 | op=SEND_HEARTBEAT {datanodeUUID=fc0f8f3b-538d-481e-abe0-204925d4ee8f, command=[]} | ret=SUCCESS |  
2019-09-19 04:30:03,585 | INFO  | SCMAudit | user=jenkins1000 | ip=192.168.34.50 | op=SEND_HEARTBEAT {datanodeUUID=d40cfe62-fc21-48bd-841c-37c3da2319ca, command=[]} | ret=SUCCESS |  
2019-09-19 04:30:03,590 | INFO  | SCMAudit | user=jenkins1000 | ip=192.168.34.50 | op=SEND_HEARTBEAT {datanodeUUID=cacd8be3-3994-43a0-9248-dc2aa43e6f92, command=[]} | ret=SUCCESS |  
2019-09-19 04:30:03,757 | INFO  | SCMAudit | user=jenkins1000 | ip=192.168.34.50 | op=SEND_HEARTBEAT {datanodeUUID=d267f1ee-b840-49aa-88d3-6d319dcb89fa, command=[]} | ret=SUCCESS |  
2019-09-19 04:30:04,005 | INFO  | SCMAudit | user=jenkins1000 | ip=192.168.34.50 | op=SEND_HEARTBEAT {datanodeUUID=646ad8b2-e397-4e74-bda7-a2da429002a8, command=[]} | ret=SUCCESS |  
2019-09-19 04:30:04,225 | INFO  | SCMAudit | user=jenkins1000 | ip=192.168.34.50 | op=SEND_HEARTBEAT {datanodeUUID=bb21d486-410c-4d63-a3eb-a911625626cf, command=[]} | ret=SUCCESS |  
2019-09-19 04:30:04,497 | INFO  | SCMAudit | user=jenkins1000 | ip=192.168.34.50 | op=SEND_HEARTBEAT {datanodeUUID=cee6b86e-e629-45c9-9c42-7061c1d64ecd, command=[]} | ret=SUCCESS |  
2019-09-19 04:30:04,567 | INFO  | SCMAudit | user=jenkins1000 | ip=192.168.34.50 | op=SEND_HEARTBEAT {datanodeUUID=fc0f8f3b-538d-481e-abe0-204925d4ee8f, command=[]} | ret=SUCCESS |  
2019-09-19 04:30:04,584 | INFO  | SCMAudit | user=jenkins1000 | ip=192.168.34.50 | op=SEND_HEARTBEAT {datanodeUUID=d40cfe62-fc21-48bd-841c-37c3da2319ca, command=[]} | ret=SUCCESS |  
2019-09-19 04:30:04,590 | INFO  | SCMAudit | user=jenkins1000 | ip=192.168.34.50 | op=SEND_HEARTBEAT {datanodeUUID=cacd8be3-3994-43a0-9248-dc2aa43e6f92, command=[]} | ret=SUCCESS |  
2019-09-19 04:30:04,756 | INFO  | SCMAudit | user=jenkins1000 | ip=192.168.34.50 | op=SEND_HEARTBEAT {datanodeUUID=d267f1ee-b840-49aa-88d3-6d319dcb89fa, command=[]} | ret=SUCCESS |  
2019-09-19 04:30:05,004 | INFO  | SCMAudit | user=jenkins1000 | ip=192.168.34.50 | op=SEND_HEARTBEAT {datanodeUUID=646ad8b2-e397-4e74-bda7-a2da429002a8, command=[]} | ret=SUCCESS |  
2019-09-19 04:30:05,226 | INFO  | SCMAudit | user=jenkins1000 | ip=192.168.34.50 | op=SEND_HEARTBEAT {datanodeUUID=bb21d486-410c-4d63-a3eb-a911625626cf, command=[]} | ret=SUCCESS |  
2019-09-19 04:30:05,497 | INFO  | SCMAudit | user=jenkins1000 | ip=192.168.34.50 | op=SEND_HEARTBEAT {datanodeUUID=cee6b86e-e629-45c9-9c42-7061c1d64ecd, command=[]} | ret=SUCCESS |  
2019-09-19 04:30:05,566 | INFO  | SCMAudit | user=jenkins1000 | ip=192.168.34.50 | op=SEND_HEARTBEAT {datanodeUUID=fc0f8f3b-538d-481e-abe0-204925d4ee8f, command=[]} | ret=SUCCESS |  
2019-09-19 04:30:05,584 | INFO  | SCMAudit | user=jenkins1000 | ip=192.168.34.50 | op=SEND_HEARTBEAT {datanodeUUID=d40cfe62-fc21-48bd-841c-37c3da2319ca, command=[]} | ret=SUCCESS |  
2019-09-19 04:30:05,590 | INFO  | SCMAudit | user=jenkins1000 | ip=192.168.34.50 | op=SEND_HEARTBEAT {datanodeUUID=cacd8be3-3994-43a0-9248-dc2aa43e6f92, command=[]} | ret=SUCCESS |  
2019-09-19 04:30:05,757 | INFO  | SCMAudit | user=jenkins1000 | ip=192.168.34.50 | op=SEND_HEARTBEAT {datanodeUUID=d267f1ee-b840-49aa-88d3-6d319dcb89fa, command=[]} | ret=SUCCESS |  
2019-09-19 04:30:06,004 | INFO  | SCMAudit | user=jenkins1000 | ip=192.168.34.50 | op=SEND_HEARTBEAT {datanodeUUID=646ad8b2-e397-4e74-bda7-a2da429002a8, command=[]} | ret=SUCCESS |  
2019-09-19 04:30:06,226 | INFO  | SCMAudit | user=jenkins1000 | ip=192.168.34.50 | op=SEND_HEARTBEAT {datanodeUUID=bb21d486-410c-4d63-a3eb-a911625626cf, command=[]} | ret=SUCCESS |  
2019-09-19 04:30:06,497 | INFO  | SCMAudit | user=jenkins1000 | ip=192.168.34.50 | op=SEND_HEARTBEAT {datanodeUUID=cee6b86e-e629-45c9-9c42-7061c1d64ecd, command=[]} | ret=SUCCESS |  
2019-09-19 04:30:06,567 | INFO  | SCMAudit | user=jenkins1000 | ip=192.168.34.50 | op=SEND_HEARTBEAT {datanodeUUID=fc0f8f3b-538d-481e-abe0-204925d4ee8f, command=[]} | ret=SUCCESS |  
2019-09-19 04:30:06,584 | INFO  | SCMAudit | user=jenkins1000 | ip=192.168.34.50 | op=SEND_HEARTBEAT {datanodeUUID=d40cfe62-fc21-48bd-841c-37c3da2319ca, command=[]} | ret=SUCCESS |  
2019-09-19 04:30:06,590 | INFO  | SCMAudit | user=jenkins1000 | ip=192.168.34.50 | op=SEND_HEARTBEAT {datanodeUUID=cacd8be3-3994-43a0-9248-dc2aa43e6f92, command=[]} | ret=SUCCESS |  
2019-09-19 04:30:06,756 | INFO  | SCMAudit | user=jenkins1000 | ip=192.168.34.50 | op=SEND_HEARTBEAT {datanodeUUID=d267f1ee-b840-49aa-88d3-6d319dcb89fa, command=[]} | ret=SUCCESS |  
2019-09-19 04:30:07,005 | INFO  | SCMAudit | user=jenkins1000 | ip=192.168.34.50 | op=SEND_HEARTBEAT {datanodeUUID=646ad8b2-e397-4e74-bda7-a2da429002a8, command=[]} | ret=SUCCESS |  
2019-09-19 04:30:07,225 | INFO  | SCMAudit | user=jenkins1000 | ip=192.168.34.50 | op=SEND_HEARTBEAT {datanodeUUID=bb21d486-410c-4d63-a3eb-a911625626cf, command=[]} | ret=SUCCESS |  
2019-09-19 04:30:07,498 | INFO  | SCMAudit | user=jenkins1000 | ip=192.168.34.50 | op=SEND_HEARTBEAT {datanodeUUID=cee6b86e-e629-45c9-9c42-7061c1d64ecd, command=[]} | ret=SUCCESS |  
2019-09-19 04:30:07,564 [grpc-default-executor-5] INFO  client.GrpcClientProtocolClient (GrpcClientProtocolClient.java:onNext(255)) - client-8D3BBA1B251F->cacd8be3-3994-43a0-9248-dc2aa43e6f92: receive RaftClientReply:client-8D3BBA1B251F->cacd8be3-3994-43a0-9248-dc2aa43e6f92@group-52CD28E9D88B, cid=45, FAILED org.apache.ratis.protocol.NotLeaderException: Server cacd8be3-3994-43a0-9248-dc2aa43e6f92 is not the leader (fc0f8f3b-538d-481e-abe0-204925d4ee8f:192.168.34.50:35638). Request must be sent to leader., logIndex=0, commits[cacd8be3-3994-43a0-9248-dc2aa43e6f92:c8, d40cfe62-fc21-48bd-841c-37c3da2319ca:c8, fc0f8f3b-538d-481e-abe0-204925d4ee8f:c8]
2019-09-19 04:30:07,602 | INFO  | SCMAudit | user=jenkins1000 | ip=192.168.34.50 | op=SEND_HEARTBEAT {datanodeUUID=cacd8be3-3994-43a0-9248-dc2aa43e6f92, command=[]} | ret=SUCCESS |  
2019-09-19 04:30:07,604 | INFO  | SCMAudit | user=jenkins1000 | ip=192.168.34.50 | op=SEND_HEARTBEAT {datanodeUUID=fc0f8f3b-538d-481e-abe0-204925d4ee8f, command=[]} | ret=SUCCESS |  
2019-09-19 04:30:07,605 | INFO  | SCMAudit | user=jenkins1000 | ip=192.168.34.50 | op=SEND_HEARTBEAT {datanodeUUID=d40cfe62-fc21-48bd-841c-37c3da2319ca, command=[]} | ret=SUCCESS |  
2019-09-19 04:30:07,757 | INFO  | SCMAudit | user=jenkins1000 | ip=192.168.34.50 | op=SEND_HEARTBEAT {datanodeUUID=d267f1ee-b840-49aa-88d3-6d319dcb89fa, command=[]} | ret=SUCCESS |  
2019-09-19 04:30:08,004 | INFO  | SCMAudit | user=jenkins1000 | ip=192.168.34.50 | op=SEND_HEARTBEAT {datanodeUUID=646ad8b2-e397-4e74-bda7-a2da429002a8, command=[]} | ret=SUCCESS |  
2019-09-19 04:30:08,226 | INFO  | SCMAudit | user=jenkins1000 | ip=192.168.34.50 | op=SEND_HEARTBEAT {datanodeUUID=bb21d486-410c-4d63-a3eb-a911625626cf, command=[]} | ret=SUCCESS |  
2019-09-19 04:30:08,498 | INFO  | SCMAudit | user=jenkins1000 | ip=192.168.34.50 | op=SEND_HEARTBEAT {datanodeUUID=cee6b86e-e629-45c9-9c42-7061c1d64ecd, command=[]} | ret=SUCCESS |  
2019-09-19 04:30:08,592 | INFO  | SCMAudit | user=jenkins1000 | ip=192.168.34.50 | op=SEND_HEARTBEAT {datanodeUUID=fc0f8f3b-538d-481e-abe0-204925d4ee8f, command=[]} | ret=SUCCESS |  
2019-09-19 04:30:08,600 | INFO  | SCMAudit | user=jenkins1000 | ip=192.168.34.50 | op=SEND_HEARTBEAT {datanodeUUID=cacd8be3-3994-43a0-9248-dc2aa43e6f92, command=[]} | ret=SUCCESS |  
2019-09-19 04:30:08,601 | INFO  | SCMAudit | user=jenkins1000 | ip=192.168.34.50 | op=SEND_HEARTBEAT {datanodeUUID=d40cfe62-fc21-48bd-841c-37c3da2319ca, command=[]} | ret=SUCCESS |  
2019-09-19 04:30:08,757 | INFO  | SCMAudit | user=jenkins1000 | ip=192.168.34.50 | op=SEND_HEARTBEAT {datanodeUUID=d267f1ee-b840-49aa-88d3-6d319dcb89fa, command=[]} | ret=SUCCESS |  
2019-09-19 04:30:09,005 | INFO  | SCMAudit | user=jenkins1000 | ip=192.168.34.50 | op=SEND_HEARTBEAT {datanodeUUID=646ad8b2-e397-4e74-bda7-a2da429002a8, command=[]} | ret=SUCCESS |  
2019-09-19 04:30:09,226 | INFO  | SCMAudit | user=jenkins1000 | ip=192.168.34.50 | op=SEND_HEARTBEAT {datanodeUUID=bb21d486-410c-4d63-a3eb-a911625626cf, command=[]} | ret=SUCCESS |  
2019-09-19 04:30:09,498 | INFO  | SCMAudit | user=jenkins1000 | ip=192.168.34.50 | op=SEND_HEARTBEAT {datanodeUUID=cee6b86e-e629-45c9-9c42-7061c1d64ecd, command=[]} | ret=SUCCESS |  
2019-09-19 04:30:09,593 | INFO  | SCMAudit | user=jenkins1000 | ip=192.168.34.50 | op=SEND_HEARTBEAT {datanodeUUID=fc0f8f3b-538d-481e-abe0-204925d4ee8f, command=[]} | ret=SUCCESS |  
2019-09-19 04:30:09,600 | INFO  | SCMAudit | user=jenkins1000 | ip=192.168.34.50 | op=SEND_HEARTBEAT {datanodeUUID=cacd8be3-3994-43a0-9248-dc2aa43e6f92, command=[]} | ret=SUCCESS |  
2019-09-19 04:30:09,602 | INFO  | SCMAudit | user=jenkins1000 | ip=192.168.34.50 | op=SEND_HEARTBEAT {datanodeUUID=d40cfe62-fc21-48bd-841c-37c3da2319ca, command=[]} | ret=SUCCESS |  
2019-09-19 04:30:09,758 | INFO  | SCMAudit | user=jenkins1000 | ip=192.168.34.50 | op=SEND_HEARTBEAT {datanodeUUID=d267f1ee-b840-49aa-88d3-6d319dcb89fa, command=[]} | ret=SUCCESS |  
2019-09-19 04:30:10,005 | INFO  | SCMAudit | user=jenkins1000 | ip=192.168.34.50 | op=SEND_HEARTBEAT {datanodeUUID=646ad8b2-e397-4e74-bda7-a2da429002a8, command=[]} | ret=SUCCESS |  
2019-09-19 04:30:10,226 | INFO  | SCMAudit | user=jenkins1000 | ip=192.168.34.50 | op=SEND_HEARTBEAT {datanodeUUID=bb21d486-410c-4d63-a3eb-a911625626cf, command=[]} | ret=SUCCESS |  
2019-09-19 04:30:10,499 | INFO  | SCMAudit | user=jenkins1000 | ip=192.168.34.50 | op=SEND_HEARTBEAT {datanodeUUID=cee6b86e-e629-45c9-9c42-7061c1d64ecd, command=[]} | ret=SUCCESS |  
2019-09-19 04:30:10,593 | INFO  | SCMAudit | user=jenkins1000 | ip=192.168.34.50 | op=SEND_HEARTBEAT {datanodeUUID=fc0f8f3b-538d-481e-abe0-204925d4ee8f, command=[]} | ret=SUCCESS |  
2019-09-19 04:30:10,600 | INFO  | SCMAudit | user=jenkins1000 | ip=192.168.34.50 | op=SEND_HEARTBEAT {datanodeUUID=cacd8be3-3994-43a0-9248-dc2aa43e6f92, command=[]} | ret=SUCCESS |  
2019-09-19 04:30:10,603 | INFO  | SCMAudit | user=jenkins1000 | ip=192.168.34.50 | op=SEND_HEARTBEAT {datanodeUUID=d40cfe62-fc21-48bd-841c-37c3da2319ca, command=[]} | ret=SUCCESS |  
2019-09-19 04:30:10,758 | INFO  | SCMAudit | user=jenkins1000 | ip=192.168.34.50 | op=SEND_HEARTBEAT {datanodeUUID=d267f1ee-b840-49aa-88d3-6d319dcb89fa, command=[]} | ret=SUCCESS |  
2019-09-19 04:30:11,005 | INFO  | SCMAudit | user=jenkins1000 | ip=192.168.34.50 | op=SEND_HEARTBEAT {datanodeUUID=646ad8b2-e397-4e74-bda7-a2da429002a8, command=[]} | ret=SUCCESS |  
2019-09-19 04:30:11,227 | INFO  | SCMAudit | user=jenkins1000 | ip=192.168.34.50 | op=SEND_HEARTBEAT {datanodeUUID=bb21d486-410c-4d63-a3eb-a911625626cf, command=[]} | ret=SUCCESS |  
2019-09-19 04:30:11,499 | INFO  | SCMAudit | user=jenkins1000 | ip=192.168.34.50 | op=SEND_HEARTBEAT {datanodeUUID=cee6b86e-e629-45c9-9c42-7061c1d64ecd, command=[]} | ret=SUCCESS |  
2019-09-19 04:30:11,593 | INFO  | SCMAudit | user=jenkins1000 | ip=192.168.34.50 | op=SEND_HEARTBEAT {datanodeUUID=fc0f8f3b-538d-481e-abe0-204925d4ee8f, command=[]} | ret=SUCCESS |  
2019-09-19 04:30:11,600 | INFO  | SCMAudit | user=jenkins1000 | ip=192.168.34.50 | op=SEND_HEARTBEAT {datanodeUUID=cacd8be3-3994-43a0-9248-dc2aa43e6f92, command=[]} | ret=SUCCESS |  
2019-09-19 04:30:11,603 | INFO  | SCMAudit | user=jenkins1000 | ip=192.168.34.50 | op=SEND_HEARTBEAT {datanodeUUID=d40cfe62-fc21-48bd-841c-37c3da2319ca, command=[]} | ret=SUCCESS |  
2019-09-19 04:30:11,757 | INFO  | SCMAudit | user=jenkins1000 | ip=192.168.34.50 | op=SEND_HEARTBEAT {datanodeUUID=d267f1ee-b840-49aa-88d3-6d319dcb89fa, command=[]} | ret=SUCCESS |  
2019-09-19 04:30:12,006 | INFO  | SCMAudit | user=jenkins1000 | ip=192.168.34.50 | op=SEND_HEARTBEAT {datanodeUUID=646ad8b2-e397-4e74-bda7-a2da429002a8, command=[]} | ret=SUCCESS |  
2019-09-19 04:30:12,226 | INFO  | SCMAudit | user=jenkins1000 | ip=192.168.34.50 | op=SEND_HEARTBEAT {datanodeUUID=bb21d486-410c-4d63-a3eb-a911625626cf, command=[]} | ret=SUCCESS |  
2019-09-19 04:30:12,499 | INFO  | SCMAudit | user=jenkins1000 | ip=192.168.34.50 | op=SEND_HEARTBEAT {datanodeUUID=cee6b86e-e629-45c9-9c42-7061c1d64ecd, command=[]} | ret=SUCCESS |  
2019-09-19 04:30:12,593 | INFO  | SCMAudit | user=jenkins1000 | ip=192.168.34.50 | op=SEND_HEARTBEAT {datanodeUUID=fc0f8f3b-538d-481e-abe0-204925d4ee8f, command=[]} | ret=SUCCESS |  
2019-09-19 04:30:12,600 | INFO  | SCMAudit | user=jenkins1000 | ip=192.168.34.50 | op=SEND_HEARTBEAT {datanodeUUID=cacd8be3-3994-43a0-9248-dc2aa43e6f92, command=[]} | ret=SUCCESS |  
2019-09-19 04:30:12,604 | INFO  | SCMAudit | user=jenkins1000 | ip=192.168.34.50 | op=SEND_HEARTBEAT {datanodeUUID=d40cfe62-fc21-48bd-841c-37c3da2319ca, command=[]} | ret=SUCCESS |  
2019-09-19 04:30:12,627 [grpc-default-executor-0] INFO  client.GrpcClientProtocolClient (GrpcClientProtocolClient.java:onNext(255)) - client-8D3BBA1B251F->d40cfe62-fc21-48bd-841c-37c3da2319ca: receive RaftClientReply:client-8D3BBA1B251F->d40cfe62-fc21-48bd-841c-37c3da2319ca@group-52CD28E9D88B, cid=45, FAILED org.apache.ratis.protocol.NotLeaderException: Server d40cfe62-fc21-48bd-841c-37c3da2319ca is not the leader (fc0f8f3b-538d-481e-abe0-204925d4ee8f:192.168.34.50:35638). Request must be sent to leader., logIndex=0, commits[d40cfe62-fc21-48bd-841c-37c3da2319ca:c8, fc0f8f3b-538d-481e-abe0-204925d4ee8f:c8, cacd8be3-3994-43a0-9248-dc2aa43e6f92:c8]
2019-09-19 04:30:12,758 | INFO  | SCMAudit | user=jenkins1000 | ip=192.168.34.50 | op=SEND_HEARTBEAT {datanodeUUID=d267f1ee-b840-49aa-88d3-6d319dcb89fa, command=[]} | ret=SUCCESS |  
2019-09-19 04:30:13,005 | INFO  | SCMAudit | user=jenkins1000 | ip=192.168.34.50 | op=SEND_HEARTBEAT {datanodeUUID=646ad8b2-e397-4e74-bda7-a2da429002a8, command=[]} | ret=SUCCESS |  
2019-09-19 04:30:13,226 | INFO  | SCMAudit | user=jenkins1000 | ip=192.168.34.50 | op=SEND_HEARTBEAT {datanodeUUID=bb21d486-410c-4d63-a3eb-a911625626cf, command=[]} | ret=SUCCESS |  
2019-09-19 04:30:13,499 | INFO  | SCMAudit | user=jenkins1000 | ip=192.168.34.50 | op=SEND_HEARTBEAT {datanodeUUID=cee6b86e-e629-45c9-9c42-7061c1d64ecd, command=[]} | ret=SUCCESS |  
2019-09-19 04:30:13,594 | INFO  | SCMAudit | user=jenkins1000 | ip=192.168.34.50 | op=SEND_HEARTBEAT {datanodeUUID=fc0f8f3b-538d-481e-abe0-204925d4ee8f, command=[]} | ret=SUCCESS |  
2019-09-19 04:30:13,600 | INFO  | SCMAudit | user=jenkins1000 | ip=192.168.34.50 | op=SEND_HEARTBEAT {datanodeUUID=cacd8be3-3994-43a0-9248-dc2aa43e6f92, command=[]} | ret=SUCCESS |  
2019-09-19 04:30:13,604 | INFO  | SCMAudit | user=jenkins1000 | ip=192.168.34.50 | op=SEND_HEARTBEAT {datanodeUUID=d40cfe62-fc21-48bd-841c-37c3da2319ca, command=[]} | ret=SUCCESS |  
2019-09-19 04:30:13,758 | INFO  | SCMAudit | user=jenkins1000 | ip=192.168.34.50 | op=SEND_HEARTBEAT {datanodeUUID=d267f1ee-b840-49aa-88d3-6d319dcb89fa, command=[]} | ret=SUCCESS |  
2019-09-19 04:30:14,006 | INFO  | SCMAudit | user=jenkins1000 | ip=192.168.34.50 | op=SEND_HEARTBEAT {datanodeUUID=646ad8b2-e397-4e74-bda7-a2da429002a8, command=[]} | ret=SUCCESS |  
2019-09-19 04:30:14,227 | INFO  | SCMAudit | user=jenkins1000 | ip=192.168.34.50 | op=SEND_HEARTBEAT {datanodeUUID=bb21d486-410c-4d63-a3eb-a911625626cf, command=[]} | ret=SUCCESS |  
2019-09-19 04:30:14,499 | INFO  | SCMAudit | user=jenkins1000 | ip=192.168.34.50 | op=SEND_HEARTBEAT {datanodeUUID=cee6b86e-e629-45c9-9c42-7061c1d64ecd, command=[]} | ret=SUCCESS |  
2019-09-19 04:30:14,594 | INFO  | SCMAudit | user=jenkins1000 | ip=192.168.34.50 | op=SEND_HEARTBEAT {datanodeUUID=fc0f8f3b-538d-481e-abe0-204925d4ee8f, command=[]} | ret=SUCCESS |  
2019-09-19 04:30:14,600 | INFO  | SCMAudit | user=jenkins1000 | ip=192.168.34.50 | op=SEND_HEARTBEAT {datanodeUUID=cacd8be3-3994-43a0-9248-dc2aa43e6f92, command=[]} | ret=SUCCESS |  
2019-09-19 04:30:14,603 | INFO  | SCMAudit | user=jenkins1000 | ip=192.168.34.50 | op=SEND_HEARTBEAT {datanodeUUID=d40cfe62-fc21-48bd-841c-37c3da2319ca, command=[]} | ret=SUCCESS |  
2019-09-19 04:30:14,758 | INFO  | SCMAudit | user=jenkins1000 | ip=192.168.34.50 | op=SEND_HEARTBEAT {datanodeUUID=d267f1ee-b840-49aa-88d3-6d319dcb89fa, command=[]} | ret=SUCCESS |  
2019-09-19 04:30:15,006 | INFO  | SCMAudit | user=jenkins1000 | ip=192.168.34.50 | op=SEND_HEARTBEAT {datanodeUUID=646ad8b2-e397-4e74-bda7-a2da429002a8, command=[]} | ret=SUCCESS |  
2019-09-19 04:30:15,227 | INFO  | SCMAudit | user=jenkins1000 | ip=192.168.34.50 | op=SEND_HEARTBEAT {datanodeUUID=bb21d486-410c-4d63-a3eb-a911625626cf, command=[]} | ret=SUCCESS |  
2019-09-19 04:30:15,499 | INFO  | SCMAudit | user=jenkins1000 | ip=192.168.34.50 | op=SEND_HEARTBEAT {datanodeUUID=cee6b86e-e629-45c9-9c42-7061c1d64ecd, command=[]} | ret=SUCCESS |  
2019-09-19 04:30:15,593 | INFO  | SCMAudit | user=jenkins1000 | ip=192.168.34.50 | op=SEND_HEARTBEAT {datanodeUUID=fc0f8f3b-538d-481e-abe0-204925d4ee8f, command=[]} | ret=SUCCESS |  
2019-09-19 04:30:15,600 | INFO  | SCMAudit | user=jenkins1000 | ip=192.168.34.50 | op=SEND_HEARTBEAT {datanodeUUID=cacd8be3-3994-43a0-9248-dc2aa43e6f92, command=[]} | ret=SUCCESS |  
2019-09-19 04:30:15,604 | INFO  | SCMAudit | user=jenkins1000 | ip=192.168.34.50 | op=SEND_HEARTBEAT {datanodeUUID=d40cfe62-fc21-48bd-841c-37c3da2319ca, command=[]} | ret=SUCCESS |  
2019-09-19 04:30:15,759 | INFO  | SCMAudit | user=jenkins1000 | ip=192.168.34.50 | op=SEND_HEARTBEAT {datanodeUUID=d267f1ee-b840-49aa-88d3-6d319dcb89fa, command=[]} | ret=SUCCESS |  
2019-09-19 04:30:16,005 | INFO  | SCMAudit | user=jenkins1000 | ip=192.168.34.50 | op=SEND_HEARTBEAT {datanodeUUID=646ad8b2-e397-4e74-bda7-a2da429002a8, command=[]} | ret=SUCCESS |  
2019-09-19 04:30:16,226 | INFO  | SCMAudit | user=jenkins1000 | ip=192.168.34.50 | op=SEND_HEARTBEAT {datanodeUUID=bb21d486-410c-4d63-a3eb-a911625626cf, command=[]} | ret=SUCCESS |  
2019-09-19 04:30:16,500 | INFO  | SCMAudit | user=jenkins1000 | ip=192.168.34.50 | op=SEND_HEARTBEAT {datanodeUUID=cee6b86e-e629-45c9-9c42-7061c1d64ecd, command=[]} | ret=SUCCESS |  
2019-09-19 04:30:16,594 | INFO  | SCMAudit | user=jenkins1000 | ip=192.168.34.50 | op=SEND_HEARTBEAT {datanodeUUID=fc0f8f3b-538d-481e-abe0-204925d4ee8f, command=[]} | ret=SUCCESS |  
2019-09-19 04:30:16,600 | INFO  | SCMAudit | user=jenkins1000 | ip=192.168.34.50 | op=SEND_HEARTBEAT {datanodeUUID=cacd8be3-3994-43a0-9248-dc2aa43e6f92, command=[]} | ret=SUCCESS |  
2019-09-19 04:30:16,604 | INFO  | SCMAudit | user=jenkins1000 | ip=192.168.34.50 | op=SEND_HEARTBEAT {datanodeUUID=d40cfe62-fc21-48bd-841c-37c3da2319ca, command=[]} | ret=SUCCESS |  
2019-09-19 04:30:16,759 | INFO  | SCMAudit | user=jenkins1000 | ip=192.168.34.50 | op=SEND_HEARTBEAT {datanodeUUID=d267f1ee-b840-49aa-88d3-6d319dcb89fa, command=[]} | ret=SUCCESS |  
2019-09-19 04:30:17,006 | INFO  | SCMAudit | user=jenkins1000 | ip=192.168.34.50 | op=SEND_HEARTBEAT {datanodeUUID=646ad8b2-e397-4e74-bda7-a2da429002a8, command=[]} | ret=SUCCESS |  
2019-09-19 04:30:17,226 | INFO  | SCMAudit | user=jenkins1000 | ip=192.168.34.50 | op=SEND_HEARTBEAT {datanodeUUID=bb21d486-410c-4d63-a3eb-a911625626cf, command=[]} | ret=SUCCESS |  
2019-09-19 04:30:17,499 | INFO  | SCMAudit | user=jenkins1000 | ip=192.168.34.50 | op=SEND_HEARTBEAT {datanodeUUID=cee6b86e-e629-45c9-9c42-7061c1d64ecd, command=[]} | ret=SUCCESS |  
2019-09-19 04:30:17,594 | INFO  | SCMAudit | user=jenkins1000 | ip=192.168.34.50 | op=SEND_HEARTBEAT {datanodeUUID=fc0f8f3b-538d-481e-abe0-204925d4ee8f, command=[]} | ret=SUCCESS |  
2019-09-19 04:30:17,600 | INFO  | SCMAudit | user=jenkins1000 | ip=192.168.34.50 | op=SEND_HEARTBEAT {datanodeUUID=cacd8be3-3994-43a0-9248-dc2aa43e6f92, command=[]} | ret=SUCCESS |  
2019-09-19 04:30:17,604 | INFO  | SCMAudit | user=jenkins1000 | ip=192.168.34.50 | op=SEND_HEARTBEAT {datanodeUUID=d40cfe62-fc21-48bd-841c-37c3da2319ca, command=[]} | ret=SUCCESS |  
2019-09-19 04:30:17,663 [grpc-default-executor-0] INFO  client.GrpcClientProtocolClient (GrpcClientProtocolClient.java:onNext(255)) - client-8D3BBA1B251F->cacd8be3-3994-43a0-9248-dc2aa43e6f92: receive RaftClientReply:client-8D3BBA1B251F->cacd8be3-3994-43a0-9248-dc2aa43e6f92@group-52CD28E9D88B, cid=45, FAILED org.apache.ratis.protocol.NotLeaderException: Server cacd8be3-3994-43a0-9248-dc2aa43e6f92 is not the leader (fc0f8f3b-538d-481e-abe0-204925d4ee8f:192.168.34.50:35638). Request must be sent to leader., logIndex=0, commits[cacd8be3-3994-43a0-9248-dc2aa43e6f92:c8, d40cfe62-fc21-48bd-841c-37c3da2319ca:c8, fc0f8f3b-538d-481e-abe0-204925d4ee8f:c8]
2019-09-19 04:30:17,759 | INFO  | SCMAudit | user=jenkins1000 | ip=192.168.34.50 | op=SEND_HEARTBEAT {datanodeUUID=d267f1ee-b840-49aa-88d3-6d319dcb89fa, command=[]} | ret=SUCCESS |  
2019-09-19 04:30:18,005 | INFO  | SCMAudit | user=jenkins1000 | ip=192.168.34.50 | op=SEND_HEARTBEAT {datanodeUUID=646ad8b2-e397-4e74-bda7-a2da429002a8, command=[]} | ret=SUCCESS |  
2019-09-19 04:30:18,227 | INFO  | SCMAudit | user=jenkins1000 | ip=192.168.34.50 | op=SEND_HEARTBEAT {datanodeUUID=bb21d486-410c-4d63-a3eb-a911625626cf, command=[]} | ret=SUCCESS |  
2019-09-19 04:30:18,500 | INFO  | SCMAudit | user=jenkins1000 | ip=192.168.34.50 | op=SEND_HEARTBEAT {datanodeUUID=cee6b86e-e629-45c9-9c42-7061c1d64ecd, command=[]} | ret=SUCCESS |  
2019-09-19 04:30:18,594 | INFO  | SCMAudit | user=jenkins1000 | ip=192.168.34.50 | op=SEND_HEARTBEAT {datanodeUUID=fc0f8f3b-538d-481e-abe0-204925d4ee8f, command=[]} | ret=SUCCESS |  
2019-09-19 04:30:18,600 | INFO  | SCMAudit | user=jenkins1000 | ip=192.168.34.50 | op=SEND_HEARTBEAT {datanodeUUID=cacd8be3-3994-43a0-9248-dc2aa43e6f92, command=[]} | ret=SUCCESS |  
2019-09-19 04:30:18,604 | INFO  | SCMAudit | user=jenkins1000 | ip=192.168.34.50 | op=SEND_HEARTBEAT {datanodeUUID=d40cfe62-fc21-48bd-841c-37c3da2319ca, command=[]} | ret=SUCCESS |  
2019-09-19 04:30:18,760 | INFO  | SCMAudit | user=jenkins1000 | ip=192.168.34.50 | op=SEND_HEARTBEAT {datanodeUUID=d267f1ee-b840-49aa-88d3-6d319dcb89fa, command=[]} | ret=SUCCESS |  
2019-09-19 04:30:19,006 | INFO  | SCMAudit | user=jenkins1000 | ip=192.168.34.50 | op=SEND_HEARTBEAT {datanodeUUID=646ad8b2-e397-4e74-bda7-a2da429002a8, command=[]} | ret=SUCCESS |  
2019-09-19 04:30:19,227 | INFO  | SCMAudit | user=jenkins1000 | ip=192.168.34.50 | op=SEND_HEARTBEAT {datanodeUUID=bb21d486-410c-4d63-a3eb-a911625626cf, command=[]} | ret=SUCCESS |  
2019-09-19 04:30:19,500 | INFO  | SCMAudit | user=jenkins1000 | ip=192.168.34.50 | op=SEND_HEARTBEAT {datanodeUUID=cee6b86e-e629-45c9-9c42-7061c1d64ecd, command=[]} | ret=SUCCESS |  
2019-09-19 04:30:19,593 | INFO  | SCMAudit | user=jenkins1000 | ip=192.168.34.50 | op=SEND_HEARTBEAT {datanodeUUID=fc0f8f3b-538d-481e-abe0-204925d4ee8f, command=[]} | ret=SUCCESS |  
2019-09-19 04:30:19,601 | INFO  | SCMAudit | user=jenkins1000 | ip=192.168.34.50 | op=SEND_HEARTBEAT {datanodeUUID=cacd8be3-3994-43a0-9248-dc2aa43e6f92, command=[]} | ret=SUCCESS |  
2019-09-19 04:30:19,604 | INFO  | SCMAudit | user=jenkins1000 | ip=192.168.34.50 | op=SEND_HEARTBEAT {datanodeUUID=d40cfe62-fc21-48bd-841c-37c3da2319ca, command=[]} | ret=SUCCESS |  
2019-09-19 04:30:19,760 | INFO  | SCMAudit | user=jenkins1000 | ip=192.168.34.50 | op=SEND_HEARTBEAT {datanodeUUID=d267f1ee-b840-49aa-88d3-6d319dcb89fa, command=[]} | ret=SUCCESS |  
2019-09-19 04:30:20,005 | INFO  | SCMAudit | user=jenkins1000 | ip=192.168.34.50 | op=SEND_HEARTBEAT {datanodeUUID=646ad8b2-e397-4e74-bda7-a2da429002a8, command=[]} | ret=SUCCESS |  
2019-09-19 04:30:20,227 | INFO  | SCMAudit | user=jenkins1000 | ip=192.168.34.50 | op=SEND_HEARTBEAT {datanodeUUID=bb21d486-410c-4d63-a3eb-a911625626cf, command=[]} | ret=SUCCESS |  
2019-09-19 04:30:20,501 | INFO  | SCMAudit | user=jenkins1000 | ip=192.168.34.50 | op=SEND_HEARTBEAT {datanodeUUID=cee6b86e-e629-45c9-9c42-7061c1d64ecd, command=[]} | ret=SUCCESS |  
2019-09-19 04:30:20,593 | INFO  | SCMAudit | user=jenkins1000 | ip=192.168.34.50 | op=SEND_HEARTBEAT {datanodeUUID=fc0f8f3b-538d-481e-abe0-204925d4ee8f, command=[]} | ret=SUCCESS |  
2019-09-19 04:30:20,601 | INFO  | SCMAudit | user=jenkins1000 | ip=192.168.34.50 | op=SEND_HEARTBEAT {datanodeUUID=cacd8be3-3994-43a0-9248-dc2aa43e6f92, command=[]} | ret=SUCCESS |  
2019-09-19 04:30:20,604 | INFO  | SCMAudit | user=jenkins1000 | ip=192.168.34.50 | op=SEND_HEARTBEAT {datanodeUUID=d40cfe62-fc21-48bd-841c-37c3da2319ca, command=[]} | ret=SUCCESS |  
2019-09-19 04:30:20,761 | INFO  | SCMAudit | user=jenkins1000 | ip=192.168.34.50 | op=SEND_HEARTBEAT {datanodeUUID=d267f1ee-b840-49aa-88d3-6d319dcb89fa, command=[]} | ret=SUCCESS |  
2019-09-19 04:30:21,005 | INFO  | SCMAudit | user=jenkins1000 | ip=192.168.34.50 | op=SEND_HEARTBEAT {datanodeUUID=646ad8b2-e397-4e74-bda7-a2da429002a8, command=[]} | ret=SUCCESS |  
2019-09-19 04:30:21,228 | INFO  | SCMAudit | user=jenkins1000 | ip=192.168.34.50 | op=SEND_HEARTBEAT {datanodeUUID=bb21d486-410c-4d63-a3eb-a911625626cf, command=[]} | ret=SUCCESS |  
2019-09-19 04:30:21,501 | INFO  | SCMAudit | user=jenkins1000 | ip=192.168.34.50 | op=SEND_HEARTBEAT {datanodeUUID=cee6b86e-e629-45c9-9c42-7061c1d64ecd, command=[]} | ret=SUCCESS |  
2019-09-19 04:30:21,594 | INFO  | SCMAudit | user=jenkins1000 | ip=192.168.34.50 | op=SEND_HEARTBEAT {datanodeUUID=fc0f8f3b-538d-481e-abe0-204925d4ee8f, command=[]} | ret=SUCCESS |  
2019-09-19 04:30:21,601 | INFO  | SCMAudit | user=jenkins1000 | ip=192.168.34.50 | op=SEND_HEARTBEAT {datanodeUUID=cacd8be3-3994-43a0-9248-dc2aa43e6f92, command=[]} | ret=SUCCESS |  
2019-09-19 04:30:21,604 | INFO  | SCMAudit | user=jenkins1000 | ip=192.168.34.50 | op=SEND_HEARTBEAT {datanodeUUID=d40cfe62-fc21-48bd-841c-37c3da2319ca, command=[]} | ret=SUCCESS |  
2019-09-19 04:30:21,761 | INFO  | SCMAudit | user=jenkins1000 | ip=192.168.34.50 | op=SEND_HEARTBEAT {datanodeUUID=d267f1ee-b840-49aa-88d3-6d319dcb89fa, command=[]} | ret=SUCCESS |  
2019-09-19 04:30:22,006 | INFO  | SCMAudit | user=jenkins1000 | ip=192.168.34.50 | op=SEND_HEARTBEAT {datanodeUUID=646ad8b2-e397-4e74-bda7-a2da429002a8, command=[]} | ret=SUCCESS |  
2019-09-19 04:30:22,227 | INFO  | SCMAudit | user=jenkins1000 | ip=192.168.34.50 | op=SEND_HEARTBEAT {datanodeUUID=bb21d486-410c-4d63-a3eb-a911625626cf, command=[]} | ret=SUCCESS |  
2019-09-19 04:30:22,502 | INFO  | SCMAudit | user=jenkins1000 | ip=192.168.34.50 | op=SEND_HEARTBEAT {datanodeUUID=cee6b86e-e629-45c9-9c42-7061c1d64ecd, command=[]} | ret=SUCCESS |  
2019-09-19 04:30:22,594 | INFO  | SCMAudit | user=jenkins1000 | ip=192.168.34.50 | op=SEND_HEARTBEAT {datanodeUUID=fc0f8f3b-538d-481e-abe0-204925d4ee8f, command=[]} | ret=SUCCESS |  
2019-09-19 04:30:22,601 | INFO  | SCMAudit | user=jenkins1000 | ip=192.168.34.50 | op=SEND_HEARTBEAT {datanodeUUID=cacd8be3-3994-43a0-9248-dc2aa43e6f92, command=[]} | ret=SUCCESS |  
2019-09-19 04:30:22,604 | INFO  | SCMAudit | user=jenkins1000 | ip=192.168.34.50 | op=SEND_HEARTBEAT {datanodeUUID=d40cfe62-fc21-48bd-841c-37c3da2319ca, command=[]} | ret=SUCCESS |  
2019-09-19 04:30:22,699 [grpc-default-executor-5] INFO  client.GrpcClientProtocolClient (GrpcClientProtocolClient.java:onNext(255)) - client-8D3BBA1B251F->d40cfe62-fc21-48bd-841c-37c3da2319ca: receive RaftClientReply:client-8D3BBA1B251F->d40cfe62-fc21-48bd-841c-37c3da2319ca@group-52CD28E9D88B, cid=45, FAILED org.apache.ratis.protocol.NotLeaderException: Server d40cfe62-fc21-48bd-841c-37c3da2319ca is not the leader (fc0f8f3b-538d-481e-abe0-204925d4ee8f:192.168.34.50:35638). Request must be sent to leader., logIndex=0, commits[d40cfe62-fc21-48bd-841c-37c3da2319ca:c8, fc0f8f3b-538d-481e-abe0-204925d4ee8f:c8, cacd8be3-3994-43a0-9248-dc2aa43e6f92:c8]
2019-09-19 04:30:22,761 | INFO  | SCMAudit | user=jenkins1000 | ip=192.168.34.50 | op=SEND_HEARTBEAT {datanodeUUID=d267f1ee-b840-49aa-88d3-6d319dcb89fa, command=[]} | ret=SUCCESS |  
2019-09-19 04:30:23,005 | INFO  | SCMAudit | user=jenkins1000 | ip=192.168.34.50 | op=SEND_HEARTBEAT {datanodeUUID=646ad8b2-e397-4e74-bda7-a2da429002a8, command=[]} | ret=SUCCESS |  
2019-09-19 04:30:23,228 | INFO  | SCMAudit | user=jenkins1000 | ip=192.168.34.50 | op=SEND_HEARTBEAT {datanodeUUID=bb21d486-410c-4d63-a3eb-a911625626cf, command=[]} | ret=SUCCESS |  
2019-09-19 04:30:23,501 | INFO  | SCMAudit | user=jenkins1000 | ip=192.168.34.50 | op=SEND_HEARTBEAT {datanodeUUID=cee6b86e-e629-45c9-9c42-7061c1d64ecd, command=[]} | ret=SUCCESS |  
2019-09-19 04:30:23,594 | INFO  | SCMAudit | user=jenkins1000 | ip=192.168.34.50 | op=SEND_HEARTBEAT {datanodeUUID=fc0f8f3b-538d-481e-abe0-204925d4ee8f, command=[]} | ret=SUCCESS |  
2019-09-19 04:30:23,601 | INFO  | SCMAudit | user=jenkins1000 | ip=192.168.34.50 | op=SEND_HEARTBEAT {datanodeUUID=cacd8be3-3994-43a0-9248-dc2aa43e6f92, command=[]} | ret=SUCCESS |  
2019-09-19 04:30:23,605 | INFO  | SCMAudit | user=jenkins1000 | ip=192.168.34.50 | op=SEND_HEARTBEAT {datanodeUUID=d40cfe62-fc21-48bd-841c-37c3da2319ca, command=[]} | ret=SUCCESS |  
2019-09-19 04:30:23,762 | INFO  | SCMAudit | user=jenkins1000 | ip=192.168.34.50 | op=SEND_HEARTBEAT {datanodeUUID=d267f1ee-b840-49aa-88d3-6d319dcb89fa, command=[]} | ret=SUCCESS |  
2019-09-19 04:30:24,006 | INFO  | SCMAudit | user=jenkins1000 | ip=192.168.34.50 | op=SEND_HEARTBEAT {datanodeUUID=646ad8b2-e397-4e74-bda7-a2da429002a8, command=[]} | ret=SUCCESS |  
2019-09-19 04:30:24,227 | INFO  | SCMAudit | user=jenkins1000 | ip=192.168.34.50 | op=SEND_HEARTBEAT {datanodeUUID=bb21d486-410c-4d63-a3eb-a911625626cf, command=[]} | ret=SUCCESS |  
2019-09-19 04:30:24,502 | INFO  | SCMAudit | user=jenkins1000 | ip=192.168.34.50 | op=SEND_HEARTBEAT {datanodeUUID=cee6b86e-e629-45c9-9c42-7061c1d64ecd, command=[]} | ret=SUCCESS |  
2019-09-19 04:30:24,594 | INFO  | SCMAudit | user=jenkins1000 | ip=192.168.34.50 | op=SEND_HEARTBEAT {datanodeUUID=fc0f8f3b-538d-481e-abe0-204925d4ee8f, command=[]} | ret=SUCCESS |  
2019-09-19 04:30:24,601 | INFO  | SCMAudit | user=jenkins1000 | ip=192.168.34.50 | op=SEND_HEARTBEAT {datanodeUUID=cacd8be3-3994-43a0-9248-dc2aa43e6f92, command=[]} | ret=SUCCESS |  
2019-09-19 04:30:24,605 | INFO  | SCMAudit | user=jenkins1000 | ip=192.168.34.50 | op=SEND_HEARTBEAT {datanodeUUID=d40cfe62-fc21-48bd-841c-37c3da2319ca, command=[]} | ret=SUCCESS |  
2019-09-19 04:30:24,761 | INFO  | SCMAudit | user=jenkins1000 | ip=192.168.34.50 | op=SEND_HEARTBEAT {datanodeUUID=d267f1ee-b840-49aa-88d3-6d319dcb89fa, command=[]} | ret=SUCCESS |  
2019-09-19 04:30:25,006 | INFO  | SCMAudit | user=jenkins1000 | ip=192.168.34.50 | op=SEND_HEARTBEAT {datanodeUUID=646ad8b2-e397-4e74-bda7-a2da429002a8, command=[]} | ret=SUCCESS |  
2019-09-19 04:30:25,227 | INFO  | SCMAudit | user=jenkins1000 | ip=192.168.34.50 | op=SEND_HEARTBEAT {datanodeUUID=bb21d486-410c-4d63-a3eb-a911625626cf, command=[]} | ret=SUCCESS |  
2019-09-19 04:30:25,502 | INFO  | SCMAudit | user=jenkins1000 | ip=192.168.34.50 | op=SEND_HEARTBEAT {datanodeUUID=cee6b86e-e629-45c9-9c42-7061c1d64ecd, command=[]} | ret=SUCCESS |  
2019-09-19 04:30:25,594 | INFO  | SCMAudit | user=jenkins1000 | ip=192.168.34.50 | op=SEND_HEARTBEAT {datanodeUUID=fc0f8f3b-538d-481e-abe0-204925d4ee8f, command=[]} | ret=SUCCESS |  
2019-09-19 04:30:25,601 | INFO  | SCMAudit | user=jenkins1000 | ip=192.168.34.50 | op=SEND_HEARTBEAT {datanodeUUID=cacd8be3-3994-43a0-9248-dc2aa43e6f92, command=[]} | ret=SUCCESS |  
2019-09-19 04:30:25,604 | INFO  | SCMAudit | user=jenkins1000 | ip=192.168.34.50 | op=SEND_HEARTBEAT {datanodeUUID=d40cfe62-fc21-48bd-841c-37c3da2319ca, command=[]} | ret=SUCCESS |  
2019-09-19 04:30:25,762 | INFO  | SCMAudit | user=jenkins1000 | ip=192.168.34.50 | op=SEND_HEARTBEAT {datanodeUUID=d267f1ee-b840-49aa-88d3-6d319dcb89fa, command=[]} | ret=SUCCESS |  
2019-09-19 04:30:26,007 | INFO  | SCMAudit | user=jenkins1000 | ip=192.168.34.50 | op=SEND_HEARTBEAT {datanodeUUID=646ad8b2-e397-4e74-bda7-a2da429002a8, command=[]} | ret=SUCCESS |  
2019-09-19 04:30:26,228 | INFO  | SCMAudit | user=jenkins1000 | ip=192.168.34.50 | op=SEND_HEARTBEAT {datanodeUUID=bb21d486-410c-4d63-a3eb-a911625626cf, command=[]} | ret=SUCCESS |  
2019-09-19 04:30:26,501 | INFO  | SCMAudit | user=jenkins1000 | ip=192.168.34.50 | op=SEND_HEARTBEAT {datanodeUUID=cee6b86e-e629-45c9-9c42-7061c1d64ecd, command=[]} | ret=SUCCESS |  
2019-09-19 04:30:26,595 | INFO  | SCMAudit | user=jenkins1000 | ip=192.168.34.50 | op=SEND_HEARTBEAT {datanodeUUID=fc0f8f3b-538d-481e-abe0-204925d4ee8f, command=[]} | ret=SUCCESS |  
2019-09-19 04:30:26,601 | INFO  | SCMAudit | user=jenkins1000 | ip=192.168.34.50 | op=SEND_HEARTBEAT {datanodeUUID=cacd8be3-3994-43a0-9248-dc2aa43e6f92, command=[]} | ret=SUCCESS |  
2019-09-19 04:30:26,605 | INFO  | SCMAudit | user=jenkins1000 | ip=192.168.34.50 | op=SEND_HEARTBEAT {datanodeUUID=d40cfe62-fc21-48bd-841c-37c3da2319ca, command=[]} | ret=SUCCESS |  
2019-09-19 04:30:26,762 | INFO  | SCMAudit | user=jenkins1000 | ip=192.168.34.50 | op=SEND_HEARTBEAT {datanodeUUID=d267f1ee-b840-49aa-88d3-6d319dcb89fa, command=[]} | ret=SUCCESS |  
2019-09-19 04:30:27,006 | INFO  | SCMAudit | user=jenkins1000 | ip=192.168.34.50 | op=SEND_HEARTBEAT {datanodeUUID=646ad8b2-e397-4e74-bda7-a2da429002a8, command=[]} | ret=SUCCESS |  
2019-09-19 04:30:27,227 | INFO  | SCMAudit | user=jenkins1000 | ip=192.168.34.50 | op=SEND_HEARTBEAT {datanodeUUID=bb21d486-410c-4d63-a3eb-a911625626cf, command=[]} | ret=SUCCESS |  
2019-09-19 04:30:27,501 | INFO  | SCMAudit | user=jenkins1000 | ip=192.168.34.50 | op=SEND_HEARTBEAT {datanodeUUID=cee6b86e-e629-45c9-9c42-7061c1d64ecd, command=[]} | ret=SUCCESS |  
2019-09-19 04:30:27,595 | INFO  | SCMAudit | user=jenkins1000 | ip=192.168.34.50 | op=SEND_HEARTBEAT {datanodeUUID=fc0f8f3b-538d-481e-abe0-204925d4ee8f, command=[]} | ret=SUCCESS |  
2019-09-19 04:30:27,601 | INFO  | SCMAudit | user=jenkins1000 | ip=192.168.34.50 | op=SEND_HEARTBEAT {datanodeUUID=cacd8be3-3994-43a0-9248-dc2aa43e6f92, command=[]} | ret=SUCCESS |  
2019-09-19 04:30:27,605 | INFO  | SCMAudit | user=jenkins1000 | ip=192.168.34.50 | op=SEND_HEARTBEAT {datanodeUUID=d40cfe62-fc21-48bd-841c-37c3da2319ca, command=[]} | ret=SUCCESS |  
2019-09-19 04:30:27,740 [grpc-default-executor-5] INFO  client.GrpcClientProtocolClient (GrpcClientProtocolClient.java:onNext(255)) - client-8D3BBA1B251F->d40cfe62-fc21-48bd-841c-37c3da2319ca: receive RaftClientReply:client-8D3BBA1B251F->d40cfe62-fc21-48bd-841c-37c3da2319ca@group-52CD28E9D88B, cid=45, FAILED org.apache.ratis.protocol.NotLeaderException: Server d40cfe62-fc21-48bd-841c-37c3da2319ca is not the leader (fc0f8f3b-538d-481e-abe0-204925d4ee8f:192.168.34.50:35638). Request must be sent to leader., logIndex=0, commits[d40cfe62-fc21-48bd-841c-37c3da2319ca:c8, fc0f8f3b-538d-481e-abe0-204925d4ee8f:c8, cacd8be3-3994-43a0-9248-dc2aa43e6f92:c8]
2019-09-19 04:30:27,762 | INFO  | SCMAudit | user=jenkins1000 | ip=192.168.34.50 | op=SEND_HEARTBEAT {datanodeUUID=d267f1ee-b840-49aa-88d3-6d319dcb89fa, command=[]} | ret=SUCCESS |  
2019-09-19 04:30:28,007 | INFO  | SCMAudit | user=jenkins1000 | ip=192.168.34.50 | op=SEND_HEARTBEAT {datanodeUUID=646ad8b2-e397-4e74-bda7-a2da429002a8, command=[]} | ret=SUCCESS |  
2019-09-19 04:30:28,227 | INFO  | SCMAudit | user=jenkins1000 | ip=192.168.34.50 | op=SEND_HEARTBEAT {datanodeUUID=bb21d486-410c-4d63-a3eb-a911625626cf, command=[]} | ret=SUCCESS |  
2019-09-19 04:30:28,502 | INFO  | SCMAudit | user=jenkins1000 | ip=192.168.34.50 | op=SEND_HEARTBEAT {datanodeUUID=cee6b86e-e629-45c9-9c42-7061c1d64ecd, command=[]} | ret=SUCCESS |  
2019-09-19 04:30:28,595 | INFO  | SCMAudit | user=jenkins1000 | ip=192.168.34.50 | op=SEND_HEARTBEAT {datanodeUUID=fc0f8f3b-538d-481e-abe0-204925d4ee8f, command=[]} | ret=SUCCESS |  
2019-09-19 04:30:28,601 | INFO  | SCMAudit | user=jenkins1000 | ip=192.168.34.50 | op=SEND_HEARTBEAT {datanodeUUID=cacd8be3-3994-43a0-9248-dc2aa43e6f92, command=[]} | ret=SUCCESS |  
2019-09-19 04:30:28,605 | INFO  | SCMAudit | user=jenkins1000 | ip=192.168.34.50 | op=SEND_HEARTBEAT {datanodeUUID=d40cfe62-fc21-48bd-841c-37c3da2319ca, command=[]} | ret=SUCCESS |  
2019-09-19 04:30:28,762 | INFO  | SCMAudit | user=jenkins1000 | ip=192.168.34.50 | op=SEND_HEARTBEAT {datanodeUUID=d267f1ee-b840-49aa-88d3-6d319dcb89fa, command=[]} | ret=SUCCESS |  
2019-09-19 04:30:29,006 | INFO  | SCMAudit | user=jenkins1000 | ip=192.168.34.50 | op=SEND_HEARTBEAT {datanodeUUID=646ad8b2-e397-4e74-bda7-a2da429002a8, command=[]} | ret=SUCCESS |  
2019-09-19 04:30:29,228 | INFO  | SCMAudit | user=jenkins1000 | ip=192.168.34.50 | op=SEND_HEARTBEAT {datanodeUUID=bb21d486-410c-4d63-a3eb-a911625626cf, command=[]} | ret=SUCCESS |  
2019-09-19 04:30:29,502 | INFO  | SCMAudit | user=jenkins1000 | ip=192.168.34.50 | op=SEND_HEARTBEAT {datanodeUUID=cee6b86e-e629-45c9-9c42-7061c1d64ecd, command=[]} | ret=SUCCESS |  
2019-09-19 04:30:29,596 | INFO  | SCMAudit | user=jenkins1000 | ip=192.168.34.50 | op=SEND_HEARTBEAT {datanodeUUID=fc0f8f3b-538d-481e-abe0-204925d4ee8f, command=[]} | ret=SUCCESS |  
2019-09-19 04:30:29,602 | INFO  | SCMAudit | user=jenkins1000 | ip=192.168.34.50 | op=SEND_HEARTBEAT {datanodeUUID=cacd8be3-3994-43a0-9248-dc2aa43e6f92, command=[]} | ret=SUCCESS |  
2019-09-19 04:30:29,606 | INFO  | SCMAudit | user=jenkins1000 | ip=192.168.34.50 | op=SEND_HEARTBEAT {datanodeUUID=d40cfe62-fc21-48bd-841c-37c3da2319ca, command=[]} | ret=SUCCESS |  
2019-09-19 04:30:29,763 | INFO  | SCMAudit | user=jenkins1000 | ip=192.168.34.50 | op=SEND_HEARTBEAT {datanodeUUID=d267f1ee-b840-49aa-88d3-6d319dcb89fa, command=[]} | ret=SUCCESS |  
2019-09-19 04:30:30,007 | INFO  | SCMAudit | user=jenkins1000 | ip=192.168.34.50 | op=SEND_HEARTBEAT {datanodeUUID=646ad8b2-e397-4e74-bda7-a2da429002a8, command=[]} | ret=SUCCESS |  
2019-09-19 04:30:30,227 | INFO  | SCMAudit | user=jenkins1000 | ip=192.168.34.50 | op=SEND_HEARTBEAT {datanodeUUID=bb21d486-410c-4d63-a3eb-a911625626cf, command=[]} | ret=SUCCESS |  
2019-09-19 04:30:30,501 | INFO  | SCMAudit | user=jenkins1000 | ip=192.168.34.50 | op=SEND_HEARTBEAT {datanodeUUID=cee6b86e-e629-45c9-9c42-7061c1d64ecd, command=[]} | ret=SUCCESS |  
2019-09-19 04:30:30,596 | INFO  | SCMAudit | user=jenkins1000 | ip=192.168.34.50 | op=SEND_HEARTBEAT {datanodeUUID=fc0f8f3b-538d-481e-abe0-204925d4ee8f, command=[]} | ret=SUCCESS |  
2019-09-19 04:30:30,602 | INFO  | SCMAudit | user=jenkins1000 | ip=192.168.34.50 | op=SEND_HEARTBEAT {datanodeUUID=cacd8be3-3994-43a0-9248-dc2aa43e6f92, command=[]} | ret=SUCCESS |  
2019-09-19 04:30:30,606 | INFO  | SCMAudit | user=jenkins1000 | ip=192.168.34.50 | op=SEND_HEARTBEAT {datanodeUUID=d40cfe62-fc21-48bd-841c-37c3da2319ca, command=[]} | ret=SUCCESS |  
2019-09-19 04:30:30,763 | INFO  | SCMAudit | user=jenkins1000 | ip=192.168.34.50 | op=SEND_HEARTBEAT {datanodeUUID=d267f1ee-b840-49aa-88d3-6d319dcb89fa, command=[]} | ret=SUCCESS |  
2019-09-19 04:30:31,006 | INFO  | SCMAudit | user=jenkins1000 | ip=192.168.34.50 | op=SEND_HEARTBEAT {datanodeUUID=646ad8b2-e397-4e74-bda7-a2da429002a8, command=[]} | ret=SUCCESS |  
2019-09-19 04:30:31,227 | INFO  | SCMAudit | user=jenkins1000 | ip=192.168.34.50 | op=SEND_HEARTBEAT {datanodeUUID=bb21d486-410c-4d63-a3eb-a911625626cf, command=[]} | ret=SUCCESS |  
2019-09-19 04:30:31,502 | INFO  | SCMAudit | user=jenkins1000 | ip=192.168.34.50 | op=SEND_HEARTBEAT {datanodeUUID=cee6b86e-e629-45c9-9c42-7061c1d64ecd, command=[]} | ret=SUCCESS |  
2019-09-19 04:30:31,596 | INFO  | SCMAudit | user=jenkins1000 | ip=192.168.34.50 | op=SEND_HEARTBEAT {datanodeUUID=fc0f8f3b-538d-481e-abe0-204925d4ee8f, command=[]} | ret=SUCCESS |  
2019-09-19 04:30:31,603 | INFO  | SCMAudit | user=jenkins1000 | ip=192.168.34.50 | op=SEND_HEARTBEAT {datanodeUUID=cacd8be3-3994-43a0-9248-dc2aa43e6f92, command=[]} | ret=SUCCESS |  
2019-09-19 04:30:31,607 | INFO  | SCMAudit | user=jenkins1000 | ip=192.168.34.50 | op=SEND_HEARTBEAT {datanodeUUID=d40cfe62-fc21-48bd-841c-37c3da2319ca, command=[]} | ret=SUCCESS |  
2019-09-19 04:30:31,763 | INFO  | SCMAudit | user=jenkins1000 | ip=192.168.34.50 | op=SEND_HEARTBEAT {datanodeUUID=d267f1ee-b840-49aa-88d3-6d319dcb89fa, command=[]} | ret=SUCCESS |  
2019-09-19 04:30:32,009 | INFO  | SCMAudit | user=jenkins1000 | ip=192.168.34.50 | op=SEND_HEARTBEAT {datanodeUUID=646ad8b2-e397-4e74-bda7-a2da429002a8, command=[]} | ret=SUCCESS |  
2019-09-19 04:30:32,228 | INFO  | SCMAudit | user=jenkins1000 | ip=192.168.34.50 | op=SEND_HEARTBEAT {datanodeUUID=bb21d486-410c-4d63-a3eb-a911625626cf, command=[]} | ret=SUCCESS |  
2019-09-19 04:30:32,501 | INFO  | SCMAudit | user=jenkins1000 | ip=192.168.34.50 | op=SEND_HEARTBEAT {datanodeUUID=cee6b86e-e629-45c9-9c42-7061c1d64ecd, command=[]} | ret=SUCCESS |  
2019-09-19 04:30:32,596 | INFO  | SCMAudit | user=jenkins1000 | ip=192.168.34.50 | op=SEND_HEARTBEAT {datanodeUUID=fc0f8f3b-538d-481e-abe0-204925d4ee8f, command=[]} | ret=SUCCESS |  
2019-09-19 04:30:32,604 | INFO  | SCMAudit | user=jenkins1000 | ip=192.168.34.50 | op=SEND_HEARTBEAT {datanodeUUID=cacd8be3-3994-43a0-9248-dc2aa43e6f92, command=[]} | ret=SUCCESS |  
2019-09-19 04:30:32,608 | INFO  | SCMAudit | user=jenkins1000 | ip=192.168.34.50 | op=SEND_HEARTBEAT {datanodeUUID=d40cfe62-fc21-48bd-841c-37c3da2319ca, command=[]} | ret=SUCCESS |  
2019-09-19 04:30:32,767 | INFO  | SCMAudit | user=jenkins1000 | ip=192.168.34.50 | op=SEND_HEARTBEAT {datanodeUUID=d267f1ee-b840-49aa-88d3-6d319dcb89fa, command=[]} | ret=SUCCESS |  
2019-09-19 04:30:32,778 [grpc-default-executor-0] INFO  client.GrpcClientProtocolClient (GrpcClientProtocolClient.java:onNext(255)) - client-8D3BBA1B251F->cacd8be3-3994-43a0-9248-dc2aa43e6f92: receive RaftClientReply:client-8D3BBA1B251F->cacd8be3-3994-43a0-9248-dc2aa43e6f92@group-52CD28E9D88B, cid=45, FAILED org.apache.ratis.protocol.NotLeaderException: Server cacd8be3-3994-43a0-9248-dc2aa43e6f92 is not the leader (fc0f8f3b-538d-481e-abe0-204925d4ee8f:192.168.34.50:35638). Request must be sent to leader., logIndex=0, commits[cacd8be3-3994-43a0-9248-dc2aa43e6f92:c8, d40cfe62-fc21-48bd-841c-37c3da2319ca:c8, fc0f8f3b-538d-481e-abe0-204925d4ee8f:c8]
2019-09-19 04:30:33,007 | INFO  | SCMAudit | user=jenkins1000 | ip=192.168.34.50 | op=SEND_HEARTBEAT {datanodeUUID=646ad8b2-e397-4e74-bda7-a2da429002a8, command=[]} | ret=SUCCESS |  
2019-09-19 04:30:33,228 | INFO  | SCMAudit | user=jenkins1000 | ip=192.168.34.50 | op=SEND_HEARTBEAT {datanodeUUID=bb21d486-410c-4d63-a3eb-a911625626cf, command=[]} | ret=SUCCESS |  
2019-09-19 04:30:33,502 | INFO  | SCMAudit | user=jenkins1000 | ip=192.168.34.50 | op=SEND_HEARTBEAT {datanodeUUID=cee6b86e-e629-45c9-9c42-7061c1d64ecd, command=[]} | ret=SUCCESS |  
2019-09-19 04:30:33,597 | INFO  | SCMAudit | user=jenkins1000 | ip=192.168.34.50 | op=SEND_HEARTBEAT {datanodeUUID=fc0f8f3b-538d-481e-abe0-204925d4ee8f, command=[]} | ret=SUCCESS |  
2019-09-19 04:30:33,604 | INFO  | SCMAudit | user=jenkins1000 | ip=192.168.34.50 | op=SEND_HEARTBEAT {datanodeUUID=cacd8be3-3994-43a0-9248-dc2aa43e6f92, command=[]} | ret=SUCCESS |  
2019-09-19 04:30:33,608 | INFO  | SCMAudit | user=jenkins1000 | ip=192.168.34.50 | op=SEND_HEARTBEAT {datanodeUUID=d40cfe62-fc21-48bd-841c-37c3da2319ca, command=[]} | ret=SUCCESS |  
2019-09-19 04:30:33,768 | INFO  | SCMAudit | user=jenkins1000 | ip=192.168.34.50 | op=SEND_HEARTBEAT {datanodeUUID=d267f1ee-b840-49aa-88d3-6d319dcb89fa, command=[]} | ret=SUCCESS |  
2019-09-19 04:30:34,006 | INFO  | SCMAudit | user=jenkins1000 | ip=192.168.34.50 | op=SEND_HEARTBEAT {datanodeUUID=646ad8b2-e397-4e74-bda7-a2da429002a8, command=[]} | ret=SUCCESS |  
2019-09-19 04:30:34,228 | INFO  | SCMAudit | user=jenkins1000 | ip=192.168.34.50 | op=SEND_HEARTBEAT {datanodeUUID=bb21d486-410c-4d63-a3eb-a911625626cf, command=[]} | ret=SUCCESS |  
2019-09-19 04:30:34,501 | INFO  | SCMAudit | user=jenkins1000 | ip=192.168.34.50 | op=SEND_HEARTBEAT {datanodeUUID=cee6b86e-e629-45c9-9c42-7061c1d64ecd, command=[]} | ret=SUCCESS |  
2019-09-19 04:30:34,596 | INFO  | SCMAudit | user=jenkins1000 | ip=192.168.34.50 | op=SEND_HEARTBEAT {datanodeUUID=fc0f8f3b-538d-481e-abe0-204925d4ee8f, command=[]} | ret=SUCCESS |  
2019-09-19 04:30:34,604 | INFO  | SCMAudit | user=jenkins1000 | ip=192.168.34.50 | op=SEND_HEARTBEAT {datanodeUUID=cacd8be3-3994-43a0-9248-dc2aa43e6f92, command=[]} | ret=SUCCESS |  
2019-09-19 04:30:34,609 | INFO  | SCMAudit | user=jenkins1000 | ip=192.168.34.50 | op=SEND_HEARTBEAT {datanodeUUID=d40cfe62-fc21-48bd-841c-37c3da2319ca, command=[]} | ret=SUCCESS |  
2019-09-19 04:30:34,768 | INFO  | SCMAudit | user=jenkins1000 | ip=192.168.34.50 | op=SEND_HEARTBEAT {datanodeUUID=d267f1ee-b840-49aa-88d3-6d319dcb89fa, command=[]} | ret=SUCCESS |  
2019-09-19 04:30:35,007 | INFO  | SCMAudit | user=jenkins1000 | ip=192.168.34.50 | op=SEND_HEARTBEAT {datanodeUUID=646ad8b2-e397-4e74-bda7-a2da429002a8, command=[]} | ret=SUCCESS |  
2019-09-19 04:30:35,228 | INFO  | SCMAudit | user=jenkins1000 | ip=192.168.34.50 | op=SEND_HEARTBEAT {datanodeUUID=bb21d486-410c-4d63-a3eb-a911625626cf, command=[]} | ret=SUCCESS |  
2019-09-19 04:30:35,502 | INFO  | SCMAudit | user=jenkins1000 | ip=192.168.34.50 | op=SEND_HEARTBEAT {datanodeUUID=cee6b86e-e629-45c9-9c42-7061c1d64ecd, command=[]} | ret=SUCCESS |  
2019-09-19 04:30:35,596 | INFO  | SCMAudit | user=jenkins1000 | ip=192.168.34.50 | op=SEND_HEARTBEAT {datanodeUUID=fc0f8f3b-538d-481e-abe0-204925d4ee8f, command=[]} | ret=SUCCESS |  
2019-09-19 04:30:35,605 | INFO  | SCMAudit | user=jenkins1000 | ip=192.168.34.50 | op=SEND_HEARTBEAT {datanodeUUID=cacd8be3-3994-43a0-9248-dc2aa43e6f92, command=[]} | ret=SUCCESS |  
2019-09-19 04:30:35,608 | INFO  | SCMAudit | user=jenkins1000 | ip=192.168.34.50 | op=SEND_HEARTBEAT {datanodeUUID=d40cfe62-fc21-48bd-841c-37c3da2319ca, command=[]} | ret=SUCCESS |  
2019-09-19 04:30:35,768 | INFO  | SCMAudit | user=jenkins1000 | ip=192.168.34.50 | op=SEND_HEARTBEAT {datanodeUUID=d267f1ee-b840-49aa-88d3-6d319dcb89fa, command=[]} | ret=SUCCESS |  
2019-09-19 04:30:36,008 | INFO  | SCMAudit | user=jenkins1000 | ip=192.168.34.50 | op=SEND_HEARTBEAT {datanodeUUID=646ad8b2-e397-4e74-bda7-a2da429002a8, command=[]} | ret=SUCCESS |  
2019-09-19 04:30:36,229 | INFO  | SCMAudit | user=jenkins1000 | ip=192.168.34.50 | op=SEND_HEARTBEAT {datanodeUUID=bb21d486-410c-4d63-a3eb-a911625626cf, command=[]} | ret=SUCCESS |  
2019-09-19 04:30:36,501 | INFO  | SCMAudit | user=jenkins1000 | ip=192.168.34.50 | op=SEND_HEARTBEAT {datanodeUUID=cee6b86e-e629-45c9-9c42-7061c1d64ecd, command=[]} | ret=SUCCESS |  
2019-09-19 04:30:36,596 | INFO  | SCMAudit | user=jenkins1000 | ip=192.168.34.50 | op=SEND_HEARTBEAT {datanodeUUID=fc0f8f3b-538d-481e-abe0-204925d4ee8f, command=[]} | ret=SUCCESS |  
2019-09-19 04:30:36,605 | INFO  | SCMAudit | user=jenkins1000 | ip=192.168.34.50 | op=SEND_HEARTBEAT {datanodeUUID=cacd8be3-3994-43a0-9248-dc2aa43e6f92, command=[]} | ret=SUCCESS |  
2019-09-19 04:30:36,608 | INFO  | SCMAudit | user=jenkins1000 | ip=192.168.34.50 | op=SEND_HEARTBEAT {datanodeUUID=d40cfe62-fc21-48bd-841c-37c3da2319ca, command=[]} | ret=SUCCESS |  
2019-09-19 04:30:36,768 | INFO  | SCMAudit | user=jenkins1000 | ip=192.168.34.50 | op=SEND_HEARTBEAT {datanodeUUID=d267f1ee-b840-49aa-88d3-6d319dcb89fa, command=[]} | ret=SUCCESS |  
2019-09-19 04:30:37,007 | INFO  | SCMAudit | user=jenkins1000 | ip=192.168.34.50 | op=SEND_HEARTBEAT {datanodeUUID=646ad8b2-e397-4e74-bda7-a2da429002a8, command=[]} | ret=SUCCESS |  
2019-09-19 04:30:37,228 | INFO  | SCMAudit | user=jenkins1000 | ip=192.168.34.50 | op=SEND_HEARTBEAT {datanodeUUID=bb21d486-410c-4d63-a3eb-a911625626cf, command=[]} | ret=SUCCESS |  
2019-09-19 04:30:37,502 | INFO  | SCMAudit | user=jenkins1000 | ip=192.168.34.50 | op=SEND_HEARTBEAT {datanodeUUID=cee6b86e-e629-45c9-9c42-7061c1d64ecd, command=[]} | ret=SUCCESS |  
2019-09-19 04:30:37,597 | INFO  | SCMAudit | user=jenkins1000 | ip=192.168.34.50 | op=SEND_HEARTBEAT {datanodeUUID=fc0f8f3b-538d-481e-abe0-204925d4ee8f, command=[]} | ret=SUCCESS |  
2019-09-19 04:30:37,605 | INFO  | SCMAudit | user=jenkins1000 | ip=192.168.34.50 | op=SEND_HEARTBEAT {datanodeUUID=cacd8be3-3994-43a0-9248-dc2aa43e6f92, command=[]} | ret=SUCCESS |  
2019-09-19 04:30:37,608 | INFO  | SCMAudit | user=jenkins1000 | ip=192.168.34.50 | op=SEND_HEARTBEAT {datanodeUUID=d40cfe62-fc21-48bd-841c-37c3da2319ca, command=[]} | ret=SUCCESS |  
2019-09-19 04:30:37,769 | INFO  | SCMAudit | user=jenkins1000 | ip=192.168.34.50 | op=SEND_HEARTBEAT {datanodeUUID=d267f1ee-b840-49aa-88d3-6d319dcb89fa, command=[]} | ret=SUCCESS |  
2019-09-19 04:30:37,817 [grpc-default-executor-5] INFO  client.GrpcClientProtocolClient (GrpcClientProtocolClient.java:onNext(255)) - client-8D3BBA1B251F->cacd8be3-3994-43a0-9248-dc2aa43e6f92: receive RaftClientReply:client-8D3BBA1B251F->cacd8be3-3994-43a0-9248-dc2aa43e6f92@group-52CD28E9D88B, cid=45, FAILED org.apache.ratis.protocol.NotLeaderException: Server cacd8be3-3994-43a0-9248-dc2aa43e6f92 is not the leader (fc0f8f3b-538d-481e-abe0-204925d4ee8f:192.168.34.50:35638). Request must be sent to leader., logIndex=0, commits[cacd8be3-3994-43a0-9248-dc2aa43e6f92:c8, d40cfe62-fc21-48bd-841c-37c3da2319ca:c8, fc0f8f3b-538d-481e-abe0-204925d4ee8f:c8]
2019-09-19 04:30:38,008 | INFO  | SCMAudit | user=jenkins1000 | ip=192.168.34.50 | op=SEND_HEARTBEAT {datanodeUUID=646ad8b2-e397-4e74-bda7-a2da429002a8, command=[]} | ret=SUCCESS |  
2019-09-19 04:30:38,228 | INFO  | SCMAudit | user=jenkins1000 | ip=192.168.34.50 | op=SEND_HEARTBEAT {datanodeUUID=bb21d486-410c-4d63-a3eb-a911625626cf, command=[]} | ret=SUCCESS |  
2019-09-19 04:30:38,502 | INFO  | SCMAudit | user=jenkins1000 | ip=192.168.34.50 | op=SEND_HEARTBEAT {datanodeUUID=cee6b86e-e629-45c9-9c42-7061c1d64ecd, command=[]} | ret=SUCCESS |  
2019-09-19 04:30:38,597 | INFO  | SCMAudit | user=jenkins1000 | ip=192.168.34.50 | op=SEND_HEARTBEAT {datanodeUUID=fc0f8f3b-538d-481e-abe0-204925d4ee8f, command=[]} | ret=SUCCESS |  
2019-09-19 04:30:38,605 | INFO  | SCMAudit | user=jenkins1000 | ip=192.168.34.50 | op=SEND_HEARTBEAT {datanodeUUID=cacd8be3-3994-43a0-9248-dc2aa43e6f92, command=[]} | ret=SUCCESS |  
2019-09-19 04:30:38,608 | INFO  | SCMAudit | user=jenkins1000 | ip=192.168.34.50 | op=SEND_HEARTBEAT {datanodeUUID=d40cfe62-fc21-48bd-841c-37c3da2319ca, command=[]} | ret=SUCCESS |  
2019-09-19 04:30:38,768 | INFO  | SCMAudit | user=jenkins1000 | ip=192.168.34.50 | op=SEND_HEARTBEAT {datanodeUUID=d267f1ee-b840-49aa-88d3-6d319dcb89fa, command=[]} | ret=SUCCESS |  
2019-09-19 04:30:39,008 | INFO  | SCMAudit | user=jenkins1000 | ip=192.168.34.50 | op=SEND_HEARTBEAT {datanodeUUID=646ad8b2-e397-4e74-bda7-a2da429002a8, command=[]} | ret=SUCCESS |  
2019-09-19 04:30:39,229 | INFO  | SCMAudit | user=jenkins1000 | ip=192.168.34.50 | op=SEND_HEARTBEAT {datanodeUUID=bb21d486-410c-4d63-a3eb-a911625626cf, command=[]} | ret=SUCCESS |  
2019-09-19 04:30:39,501 | INFO  | SCMAudit | user=jenkins1000 | ip=192.168.34.50 | op=SEND_HEARTBEAT {datanodeUUID=cee6b86e-e629-45c9-9c42-7061c1d64ecd, command=[]} | ret=SUCCESS |  
2019-09-19 04:30:39,597 | INFO  | SCMAudit | user=jenkins1000 | ip=192.168.34.50 | op=SEND_HEARTBEAT {datanodeUUID=fc0f8f3b-538d-481e-abe0-204925d4ee8f, command=[]} | ret=SUCCESS |  
2019-09-19 04:30:39,605 | INFO  | SCMAudit | user=jenkins1000 | ip=192.168.34.50 | op=SEND_HEARTBEAT {datanodeUUID=cacd8be3-3994-43a0-9248-dc2aa43e6f92, command=[]} | ret=SUCCESS |  
2019-09-19 04:30:39,608 | INFO  | SCMAudit | user=jenkins1000 | ip=192.168.34.50 | op=SEND_HEARTBEAT {datanodeUUID=d40cfe62-fc21-48bd-841c-37c3da2319ca, command=[]} | ret=SUCCESS |  
2019-09-19 04:30:39,769 | INFO  | SCMAudit | user=jenkins1000 | ip=192.168.34.50 | op=SEND_HEARTBEAT {datanodeUUID=d267f1ee-b840-49aa-88d3-6d319dcb89fa, command=[]} | ret=SUCCESS |  
2019-09-19 04:30:40,007 | INFO  | SCMAudit | user=jenkins1000 | ip=192.168.34.50 | op=SEND_HEARTBEAT {datanodeUUID=646ad8b2-e397-4e74-bda7-a2da429002a8, command=[]} | ret=SUCCESS |  
2019-09-19 04:30:40,228 | INFO  | SCMAudit | user=jenkins1000 | ip=192.168.34.50 | op=SEND_HEARTBEAT {datanodeUUID=bb21d486-410c-4d63-a3eb-a911625626cf, command=[]} | ret=SUCCESS |  
2019-09-19 04:30:40,502 | INFO  | SCMAudit | user=jenkins1000 | ip=192.168.34.50 | op=SEND_HEARTBEAT {datanodeUUID=cee6b86e-e629-45c9-9c42-7061c1d64ecd, command=[]} | ret=SUCCESS |  
2019-09-19 04:30:40,597 | INFO  | SCMAudit | user=jenkins1000 | ip=192.168.34.50 | op=SEND_HEARTBEAT {datanodeUUID=fc0f8f3b-538d-481e-abe0-204925d4ee8f, command=[]} | ret=SUCCESS |  
2019-09-19 04:30:40,605 | INFO  | SCMAudit | user=jenkins1000 | ip=192.168.34.50 | op=SEND_HEARTBEAT {datanodeUUID=cacd8be3-3994-43a0-9248-dc2aa43e6f92, command=[]} | ret=SUCCESS |  
2019-09-19 04:30:40,608 | INFO  | SCMAudit | user=jenkins1000 | ip=192.168.34.50 | op=SEND_HEARTBEAT {datanodeUUID=d40cfe62-fc21-48bd-841c-37c3da2319ca, command=[]} | ret=SUCCESS |  
2019-09-19 04:30:40,768 | INFO  | SCMAudit | user=jenkins1000 | ip=192.168.34.50 | op=SEND_HEARTBEAT {datanodeUUID=d267f1ee-b840-49aa-88d3-6d319dcb89fa, command=[]} | ret=SUCCESS |  
2019-09-19 04:30:41,008 | INFO  | SCMAudit | user=jenkins1000 | ip=192.168.34.50 | op=SEND_HEARTBEAT {datanodeUUID=646ad8b2-e397-4e74-bda7-a2da429002a8, command=[]} | ret=SUCCESS |  
2019-09-19 04:30:41,229 | INFO  | SCMAudit | user=jenkins1000 | ip=192.168.34.50 | op=SEND_HEARTBEAT {datanodeUUID=bb21d486-410c-4d63-a3eb-a911625626cf, command=[]} | ret=SUCCESS |  
2019-09-19 04:30:41,502 | INFO  | SCMAudit | user=jenkins1000 | ip=192.168.34.50 | op=SEND_HEARTBEAT {datanodeUUID=cee6b86e-e629-45c9-9c42-7061c1d64ecd, command=[]} | ret=SUCCESS |  
2019-09-19 04:30:41,598 | INFO  | SCMAudit | user=jenkins1000 | ip=192.168.34.50 | op=SEND_HEARTBEAT {datanodeUUID=fc0f8f3b-538d-481e-abe0-204925d4ee8f, command=[]} | ret=SUCCESS |  
2019-09-19 04:30:41,606 | INFO  | SCMAudit | user=jenkins1000 | ip=192.168.34.50 | op=SEND_HEARTBEAT {datanodeUUID=cacd8be3-3994-43a0-9248-dc2aa43e6f92, command=[]} | ret=SUCCESS |  
2019-09-19 04:30:41,608 | INFO  | SCMAudit | user=jenkins1000 | ip=192.168.34.50 | op=SEND_HEARTBEAT {datanodeUUID=d40cfe62-fc21-48bd-841c-37c3da2319ca, command=[]} | ret=SUCCESS |  
2019-09-19 04:30:41,769 | INFO  | SCMAudit | user=jenkins1000 | ip=192.168.34.50 | op=SEND_HEARTBEAT {datanodeUUID=d267f1ee-b840-49aa-88d3-6d319dcb89fa, command=[]} | ret=SUCCESS |  
2019-09-19 04:30:42,008 | INFO  | SCMAudit | user=jenkins1000 | ip=192.168.34.50 | op=SEND_HEARTBEAT {datanodeUUID=646ad8b2-e397-4e74-bda7-a2da429002a8, command=[]} | ret=SUCCESS |  
2019-09-19 04:30:42,228 | INFO  | SCMAudit | user=jenkins1000 | ip=192.168.34.50 | op=SEND_HEARTBEAT {datanodeUUID=bb21d486-410c-4d63-a3eb-a911625626cf, command=[]} | ret=SUCCESS |  
2019-09-19 04:30:42,501 | INFO  | SCMAudit | user=jenkins1000 | ip=192.168.34.50 | op=SEND_HEARTBEAT {datanodeUUID=cee6b86e-e629-45c9-9c42-7061c1d64ecd, command=[]} | ret=SUCCESS |  
2019-09-19 04:30:42,598 | INFO  | SCMAudit | user=jenkins1000 | ip=192.168.34.50 | op=SEND_HEARTBEAT {datanodeUUID=fc0f8f3b-538d-481e-abe0-204925d4ee8f, command=[]} | ret=SUCCESS |  
2019-09-19 04:30:42,607 | INFO  | SCMAudit | user=jenkins1000 | ip=192.168.34.50 | op=SEND_HEARTBEAT {datanodeUUID=cacd8be3-3994-43a0-9248-dc2aa43e6f92, command=[]} | ret=SUCCESS |  
2019-09-19 04:30:42,608 | INFO  | SCMAudit | user=jenkins1000 | ip=192.168.34.50 | op=SEND_HEARTBEAT {datanodeUUID=d40cfe62-fc21-48bd-841c-37c3da2319ca, command=[]} | ret=SUCCESS |  
2019-09-19 04:30:42,769 | INFO  | SCMAudit | user=jenkins1000 | ip=192.168.34.50 | op=SEND_HEARTBEAT {datanodeUUID=d267f1ee-b840-49aa-88d3-6d319dcb89fa, command=[]} | ret=SUCCESS |  
2019-09-19 04:30:42,853 [grpc-default-executor-0] INFO  client.GrpcClientProtocolClient (GrpcClientProtocolClient.java:onNext(255)) - client-8D3BBA1B251F->cacd8be3-3994-43a0-9248-dc2aa43e6f92: receive RaftClientReply:client-8D3BBA1B251F->cacd8be3-3994-43a0-9248-dc2aa43e6f92@group-52CD28E9D88B, cid=45, FAILED org.apache.ratis.protocol.NotLeaderException: Server cacd8be3-3994-43a0-9248-dc2aa43e6f92 is not the leader (fc0f8f3b-538d-481e-abe0-204925d4ee8f:192.168.34.50:35638). Request must be sent to leader., logIndex=0, commits[cacd8be3-3994-43a0-9248-dc2aa43e6f92:c8, d40cfe62-fc21-48bd-841c-37c3da2319ca:c8, fc0f8f3b-538d-481e-abe0-204925d4ee8f:c8]
2019-09-19 04:30:43,008 | INFO  | SCMAudit | user=jenkins1000 | ip=192.168.34.50 | op=SEND_HEARTBEAT {datanodeUUID=646ad8b2-e397-4e74-bda7-a2da429002a8, command=[]} | ret=SUCCESS |  
2019-09-19 04:30:43,229 | INFO  | SCMAudit | user=jenkins1000 | ip=192.168.34.50 | op=SEND_HEARTBEAT {datanodeUUID=bb21d486-410c-4d63-a3eb-a911625626cf, command=[]} | ret=SUCCESS |  
2019-09-19 04:30:43,501 | INFO  | SCMAudit | user=jenkins1000 | ip=192.168.34.50 | op=SEND_HEARTBEAT {datanodeUUID=cee6b86e-e629-45c9-9c42-7061c1d64ecd, command=[]} | ret=SUCCESS |  
2019-09-19 04:30:43,598 | INFO  | SCMAudit | user=jenkins1000 | ip=192.168.34.50 | op=SEND_HEARTBEAT {datanodeUUID=fc0f8f3b-538d-481e-abe0-204925d4ee8f, command=[]} | ret=SUCCESS |  
2019-09-19 04:30:43,607 | INFO  | SCMAudit | user=jenkins1000 | ip=192.168.34.50 | op=SEND_HEARTBEAT {datanodeUUID=cacd8be3-3994-43a0-9248-dc2aa43e6f92, command=[]} | ret=SUCCESS |  
2019-09-19 04:30:43,608 | INFO  | SCMAudit | user=jenkins1000 | ip=192.168.34.50 | op=SEND_HEARTBEAT {datanodeUUID=d40cfe62-fc21-48bd-841c-37c3da2319ca, command=[]} | ret=SUCCESS |  
2019-09-19 04:30:43,769 | INFO  | SCMAudit | user=jenkins1000 | ip=192.168.34.50 | op=SEND_HEARTBEAT {datanodeUUID=d267f1ee-b840-49aa-88d3-6d319dcb89fa, command=[]} | ret=SUCCESS |  
2019-09-19 04:30:44,008 | INFO  | SCMAudit | user=jenkins1000 | ip=192.168.34.50 | op=SEND_HEARTBEAT {datanodeUUID=646ad8b2-e397-4e74-bda7-a2da429002a8, command=[]} | ret=SUCCESS |  
2019-09-19 04:30:44,229 | INFO  | SCMAudit | user=jenkins1000 | ip=192.168.34.50 | op=SEND_HEARTBEAT {datanodeUUID=bb21d486-410c-4d63-a3eb-a911625626cf, command=[]} | ret=SUCCESS |  
2019-09-19 04:30:44,502 | INFO  | SCMAudit | user=jenkins1000 | ip=192.168.34.50 | op=SEND_HEARTBEAT {datanodeUUID=cee6b86e-e629-45c9-9c42-7061c1d64ecd, command=[]} | ret=SUCCESS |  
2019-09-19 04:30:44,599 | INFO  | SCMAudit | user=jenkins1000 | ip=192.168.34.50 | op=SEND_HEARTBEAT {datanodeUUID=fc0f8f3b-538d-481e-abe0-204925d4ee8f, command=[]} | ret=SUCCESS |  
2019-09-19 04:30:44,607 | INFO  | SCMAudit | user=jenkins1000 | ip=192.168.34.50 | op=SEND_HEARTBEAT {datanodeUUID=cacd8be3-3994-43a0-9248-dc2aa43e6f92, command=[]} | ret=SUCCESS |  
2019-09-19 04:30:44,608 | INFO  | SCMAudit | user=jenkins1000 | ip=192.168.34.50 | op=SEND_HEARTBEAT {datanodeUUID=d40cfe62-fc21-48bd-841c-37c3da2319ca, command=[]} | ret=SUCCESS |  
2019-09-19 04:30:44,770 | INFO  | SCMAudit | user=jenkins1000 | ip=192.168.34.50 | op=SEND_HEARTBEAT {datanodeUUID=d267f1ee-b840-49aa-88d3-6d319dcb89fa, command=[]} | ret=SUCCESS |  
2019-09-19 04:30:45,009 | INFO  | SCMAudit | user=jenkins1000 | ip=192.168.34.50 | op=SEND_HEARTBEAT {datanodeUUID=646ad8b2-e397-4e74-bda7-a2da429002a8, command=[]} | ret=SUCCESS |  
2019-09-19 04:30:45,230 | INFO  | SCMAudit | user=jenkins1000 | ip=192.168.34.50 | op=SEND_HEARTBEAT {datanodeUUID=bb21d486-410c-4d63-a3eb-a911625626cf, command=[]} | ret=SUCCESS |  
2019-09-19 04:30:45,502 | INFO  | SCMAudit | user=jenkins1000 | ip=192.168.34.50 | op=SEND_HEARTBEAT {datanodeUUID=cee6b86e-e629-45c9-9c42-7061c1d64ecd, command=[]} | ret=SUCCESS |  
2019-09-19 04:30:45,599 | INFO  | SCMAudit | user=jenkins1000 | ip=192.168.34.50 | op=SEND_HEARTBEAT {datanodeUUID=fc0f8f3b-538d-481e-abe0-204925d4ee8f, command=[]} | ret=SUCCESS |  
2019-09-19 04:30:45,608 | INFO  | SCMAudit | user=jenkins1000 | ip=192.168.34.50 | op=SEND_HEARTBEAT {datanodeUUID=d40cfe62-fc21-48bd-841c-37c3da2319ca, command=[]} | ret=SUCCESS |  
2019-09-19 04:30:45,608 | INFO  | SCMAudit | user=jenkins1000 | ip=192.168.34.50 | op=SEND_HEARTBEAT {datanodeUUID=cacd8be3-3994-43a0-9248-dc2aa43e6f92, command=[]} | ret=SUCCESS |  
2019-09-19 04:30:45,770 | INFO  | SCMAudit | user=jenkins1000 | ip=192.168.34.50 | op=SEND_HEARTBEAT {datanodeUUID=d267f1ee-b840-49aa-88d3-6d319dcb89fa, command=[]} | ret=SUCCESS |  
2019-09-19 04:30:46,009 | INFO  | SCMAudit | user=jenkins1000 | ip=192.168.34.50 | op=SEND_HEARTBEAT {datanodeUUID=646ad8b2-e397-4e74-bda7-a2da429002a8, command=[]} | ret=SUCCESS |  
2019-09-19 04:30:46,229 | INFO  | SCMAudit | user=jenkins1000 | ip=192.168.34.50 | op=SEND_HEARTBEAT {datanodeUUID=bb21d486-410c-4d63-a3eb-a911625626cf, command=[]} | ret=SUCCESS |  
2019-09-19 04:30:46,501 | INFO  | SCMAudit | user=jenkins1000 | ip=192.168.34.50 | op=SEND_HEARTBEAT {datanodeUUID=cee6b86e-e629-45c9-9c42-7061c1d64ecd, command=[]} | ret=SUCCESS |  
2019-09-19 04:30:46,599 | INFO  | SCMAudit | user=jenkins1000 | ip=192.168.34.50 | op=SEND_HEARTBEAT {datanodeUUID=fc0f8f3b-538d-481e-abe0-204925d4ee8f, command=[]} | ret=SUCCESS |  
2019-09-19 04:30:46,607 | INFO  | SCMAudit | user=jenkins1000 | ip=192.168.34.50 | op=SEND_HEARTBEAT {datanodeUUID=cacd8be3-3994-43a0-9248-dc2aa43e6f92, command=[]} | ret=SUCCESS |  
2019-09-19 04:30:46,608 | INFO  | SCMAudit | user=jenkins1000 | ip=192.168.34.50 | op=SEND_HEARTBEAT {datanodeUUID=d40cfe62-fc21-48bd-841c-37c3da2319ca, command=[]} | ret=SUCCESS |  
2019-09-19 04:30:46,770 | INFO  | SCMAudit | user=jenkins1000 | ip=192.168.34.50 | op=SEND_HEARTBEAT {datanodeUUID=d267f1ee-b840-49aa-88d3-6d319dcb89fa, command=[]} | ret=SUCCESS |  
2019-09-19 04:30:47,008 | INFO  | SCMAudit | user=jenkins1000 | ip=192.168.34.50 | op=SEND_HEARTBEAT {datanodeUUID=646ad8b2-e397-4e74-bda7-a2da429002a8, command=[]} | ret=SUCCESS |  
2019-09-19 04:30:47,230 | INFO  | SCMAudit | user=jenkins1000 | ip=192.168.34.50 | op=SEND_HEARTBEAT {datanodeUUID=bb21d486-410c-4d63-a3eb-a911625626cf, command=[]} | ret=SUCCESS |  
2019-09-19 04:30:47,503 | INFO  | SCMAudit | user=jenkins1000 | ip=192.168.34.50 | op=SEND_HEARTBEAT {datanodeUUID=cee6b86e-e629-45c9-9c42-7061c1d64ecd, command=[]} | ret=SUCCESS |  
2019-09-19 04:30:47,600 | INFO  | SCMAudit | user=jenkins1000 | ip=192.168.34.50 | op=SEND_HEARTBEAT {datanodeUUID=fc0f8f3b-538d-481e-abe0-204925d4ee8f, command=[]} | ret=SUCCESS |  
2019-09-19 04:30:47,608 | INFO  | SCMAudit | user=jenkins1000 | ip=192.168.34.50 | op=SEND_HEARTBEAT {datanodeUUID=cacd8be3-3994-43a0-9248-dc2aa43e6f92, command=[]} | ret=SUCCESS |  
2019-09-19 04:30:47,608 | INFO  | SCMAudit | user=jenkins1000 | ip=192.168.34.50 | op=SEND_HEARTBEAT {datanodeUUID=d40cfe62-fc21-48bd-841c-37c3da2319ca, command=[]} | ret=SUCCESS |  
2019-09-19 04:30:47,770 | INFO  | SCMAudit | user=jenkins1000 | ip=192.168.34.50 | op=SEND_HEARTBEAT {datanodeUUID=d267f1ee-b840-49aa-88d3-6d319dcb89fa, command=[]} | ret=SUCCESS |  
2019-09-19 04:30:47,898 [grpc-default-executor-5] INFO  client.GrpcClientProtocolClient (GrpcClientProtocolClient.java:onNext(255)) - client-8D3BBA1B251F->cacd8be3-3994-43a0-9248-dc2aa43e6f92: receive RaftClientReply:client-8D3BBA1B251F->cacd8be3-3994-43a0-9248-dc2aa43e6f92@group-52CD28E9D88B, cid=45, FAILED org.apache.ratis.protocol.NotLeaderException: Server cacd8be3-3994-43a0-9248-dc2aa43e6f92 is not the leader (fc0f8f3b-538d-481e-abe0-204925d4ee8f:192.168.34.50:35638). Request must be sent to leader., logIndex=0, commits[cacd8be3-3994-43a0-9248-dc2aa43e6f92:c8, d40cfe62-fc21-48bd-841c-37c3da2319ca:c8, fc0f8f3b-538d-481e-abe0-204925d4ee8f:c8]
2019-09-19 04:30:48,008 | INFO  | SCMAudit | user=jenkins1000 | ip=192.168.34.50 | op=SEND_HEARTBEAT {datanodeUUID=646ad8b2-e397-4e74-bda7-a2da429002a8, command=[]} | ret=SUCCESS |  
2019-09-19 04:30:48,230 | INFO  | SCMAudit | user=jenkins1000 | ip=192.168.34.50 | op=SEND_HEARTBEAT {datanodeUUID=bb21d486-410c-4d63-a3eb-a911625626cf, command=[]} | ret=SUCCESS |  
2019-09-19 04:30:48,502 | INFO  | SCMAudit | user=jenkins1000 | ip=192.168.34.50 | op=SEND_HEARTBEAT {datanodeUUID=cee6b86e-e629-45c9-9c42-7061c1d64ecd, command=[]} | ret=SUCCESS |  
2019-09-19 04:30:48,600 | INFO  | SCMAudit | user=jenkins1000 | ip=192.168.34.50 | op=SEND_HEARTBEAT {datanodeUUID=fc0f8f3b-538d-481e-abe0-204925d4ee8f, command=[]} | ret=SUCCESS |  
2019-09-19 04:30:48,608 | INFO  | SCMAudit | user=jenkins1000 | ip=192.168.34.50 | op=SEND_HEARTBEAT {datanodeUUID=cacd8be3-3994-43a0-9248-dc2aa43e6f92, command=[]} | ret=SUCCESS |  
2019-09-19 04:30:48,609 | INFO  | SCMAudit | user=jenkins1000 | ip=192.168.34.50 | op=SEND_HEARTBEAT {datanodeUUID=d40cfe62-fc21-48bd-841c-37c3da2319ca, command=[]} | ret=SUCCESS |  
2019-09-19 04:30:48,770 | INFO  | SCMAudit | user=jenkins1000 | ip=192.168.34.50 | op=SEND_HEARTBEAT {datanodeUUID=d267f1ee-b840-49aa-88d3-6d319dcb89fa, command=[]} | ret=SUCCESS |  
2019-09-19 04:30:49,009 | INFO  | SCMAudit | user=jenkins1000 | ip=192.168.34.50 | op=SEND_HEARTBEAT {datanodeUUID=646ad8b2-e397-4e74-bda7-a2da429002a8, command=[]} | ret=SUCCESS |  
2019-09-19 04:30:49,230 | INFO  | SCMAudit | user=jenkins1000 | ip=192.168.34.50 | op=SEND_HEARTBEAT {datanodeUUID=bb21d486-410c-4d63-a3eb-a911625626cf, command=[]} | ret=SUCCESS |  
2019-09-19 04:30:49,502 | INFO  | SCMAudit | user=jenkins1000 | ip=192.168.34.50 | op=SEND_HEARTBEAT {datanodeUUID=cee6b86e-e629-45c9-9c42-7061c1d64ecd, command=[]} | ret=SUCCESS |  
2019-09-19 04:30:49,601 | INFO  | SCMAudit | user=jenkins1000 | ip=192.168.34.50 | op=SEND_HEARTBEAT {datanodeUUID=fc0f8f3b-538d-481e-abe0-204925d4ee8f, command=[]} | ret=SUCCESS |  
2019-09-19 04:30:49,608 | INFO  | SCMAudit | user=jenkins1000 | ip=192.168.34.50 | op=SEND_HEARTBEAT {datanodeUUID=cacd8be3-3994-43a0-9248-dc2aa43e6f92, command=[]} | ret=SUCCESS |  
2019-09-19 04:30:49,608 | INFO  | SCMAudit | user=jenkins1000 | ip=192.168.34.50 | op=SEND_HEARTBEAT {datanodeUUID=d40cfe62-fc21-48bd-841c-37c3da2319ca, command=[]} | ret=SUCCESS |  
2019-09-19 04:30:49,770 | INFO  | SCMAudit | user=jenkins1000 | ip=192.168.34.50 | op=SEND_HEARTBEAT {datanodeUUID=d267f1ee-b840-49aa-88d3-6d319dcb89fa, command=[]} | ret=SUCCESS |  
2019-09-19 04:30:50,009 | INFO  | SCMAudit | user=jenkins1000 | ip=192.168.34.50 | op=SEND_HEARTBEAT {datanodeUUID=646ad8b2-e397-4e74-bda7-a2da429002a8, command=[]} | ret=SUCCESS |  
2019-09-19 04:30:50,229 | INFO  | SCMAudit | user=jenkins1000 | ip=192.168.34.50 | op=SEND_HEARTBEAT {datanodeUUID=bb21d486-410c-4d63-a3eb-a911625626cf, command=[]} | ret=SUCCESS |  
2019-09-19 04:30:50,502 | INFO  | SCMAudit | user=jenkins1000 | ip=192.168.34.50 | op=SEND_HEARTBEAT {datanodeUUID=cee6b86e-e629-45c9-9c42-7061c1d64ecd, command=[]} | ret=SUCCESS |  
2019-09-19 04:30:50,602 | INFO  | SCMAudit | user=jenkins1000 | ip=192.168.34.50 | op=SEND_HEARTBEAT {datanodeUUID=fc0f8f3b-538d-481e-abe0-204925d4ee8f, command=[]} | ret=SUCCESS |  
2019-09-19 04:30:50,608 | INFO  | SCMAudit | user=jenkins1000 | ip=192.168.34.50 | op=SEND_HEARTBEAT {datanodeUUID=cacd8be3-3994-43a0-9248-dc2aa43e6f92, command=[]} | ret=SUCCESS |  
2019-09-19 04:30:50,608 | INFO  | SCMAudit | user=jenkins1000 | ip=192.168.34.50 | op=SEND_HEARTBEAT {datanodeUUID=d40cfe62-fc21-48bd-841c-37c3da2319ca, command=[]} | ret=SUCCESS |  
2019-09-19 04:30:50,771 | INFO  | SCMAudit | user=jenkins1000 | ip=192.168.34.50 | op=SEND_HEARTBEAT {datanodeUUID=d267f1ee-b840-49aa-88d3-6d319dcb89fa, command=[]} | ret=SUCCESS |  
2019-09-19 04:30:51,010 | INFO  | SCMAudit | user=jenkins1000 | ip=192.168.34.50 | op=SEND_HEARTBEAT {datanodeUUID=646ad8b2-e397-4e74-bda7-a2da429002a8, command=[]} | ret=SUCCESS |  
2019-09-19 04:30:51,230 | INFO  | SCMAudit | user=jenkins1000 | ip=192.168.34.50 | op=SEND_HEARTBEAT {datanodeUUID=bb21d486-410c-4d63-a3eb-a911625626cf, command=[]} | ret=SUCCESS |  
2019-09-19 04:30:51,503 | INFO  | SCMAudit | user=jenkins1000 | ip=192.168.34.50 | op=SEND_HEARTBEAT {datanodeUUID=cee6b86e-e629-45c9-9c42-7061c1d64ecd, command=[]} | ret=SUCCESS |  
2019-09-19 04:30:51,603 | INFO  | SCMAudit | user=jenkins1000 | ip=192.168.34.50 | op=SEND_HEARTBEAT {datanodeUUID=fc0f8f3b-538d-481e-abe0-204925d4ee8f, command=[]} | ret=SUCCESS |  
2019-09-19 04:30:51,608 | INFO  | SCMAudit | user=jenkins1000 | ip=192.168.34.50 | op=SEND_HEARTBEAT {datanodeUUID=cacd8be3-3994-43a0-9248-dc2aa43e6f92, command=[]} | ret=SUCCESS |  
2019-09-19 04:30:51,608 | INFO  | SCMAudit | user=jenkins1000 | ip=192.168.34.50 | op=SEND_HEARTBEAT {datanodeUUID=d40cfe62-fc21-48bd-841c-37c3da2319ca, command=[]} | ret=SUCCESS |  
2019-09-19 04:30:51,770 | INFO  | SCMAudit | user=jenkins1000 | ip=192.168.34.50 | op=SEND_HEARTBEAT {datanodeUUID=d267f1ee-b840-49aa-88d3-6d319dcb89fa, command=[]} | ret=SUCCESS |  
2019-09-19 04:30:52,010 | INFO  | SCMAudit | user=jenkins1000 | ip=192.168.34.50 | op=SEND_HEARTBEAT {datanodeUUID=646ad8b2-e397-4e74-bda7-a2da429002a8, command=[]} | ret=SUCCESS |  
2019-09-19 04:30:52,230 | INFO  | SCMAudit | user=jenkins1000 | ip=192.168.34.50 | op=SEND_HEARTBEAT {datanodeUUID=bb21d486-410c-4d63-a3eb-a911625626cf, command=[]} | ret=SUCCESS |  
2019-09-19 04:30:52,503 | INFO  | SCMAudit | user=jenkins1000 | ip=192.168.34.50 | op=SEND_HEARTBEAT {datanodeUUID=cee6b86e-e629-45c9-9c42-7061c1d64ecd, command=[]} | ret=SUCCESS |  
2019-09-19 04:30:52,603 | INFO  | SCMAudit | user=jenkins1000 | ip=192.168.34.50 | op=SEND_HEARTBEAT {datanodeUUID=fc0f8f3b-538d-481e-abe0-204925d4ee8f, command=[]} | ret=SUCCESS |  
2019-09-19 04:30:52,608 | INFO  | SCMAudit | user=jenkins1000 | ip=192.168.34.50 | op=SEND_HEARTBEAT {datanodeUUID=cacd8be3-3994-43a0-9248-dc2aa43e6f92, command=[]} | ret=SUCCESS |  
2019-09-19 04:30:52,608 | INFO  | SCMAudit | user=jenkins1000 | ip=192.168.34.50 | op=SEND_HEARTBEAT {datanodeUUID=d40cfe62-fc21-48bd-841c-37c3da2319ca, command=[]} | ret=SUCCESS |  
2019-09-19 04:30:52,771 | INFO  | SCMAudit | user=jenkins1000 | ip=192.168.34.50 | op=SEND_HEARTBEAT {datanodeUUID=d267f1ee-b840-49aa-88d3-6d319dcb89fa, command=[]} | ret=SUCCESS |  
2019-09-19 04:30:52,948 [grpc-default-executor-0] INFO  client.GrpcClientProtocolClient (GrpcClientProtocolClient.java:onNext(255)) - client-8D3BBA1B251F->cacd8be3-3994-43a0-9248-dc2aa43e6f92: receive RaftClientReply:client-8D3BBA1B251F->cacd8be3-3994-43a0-9248-dc2aa43e6f92@group-52CD28E9D88B, cid=45, FAILED org.apache.ratis.protocol.NotLeaderException: Server cacd8be3-3994-43a0-9248-dc2aa43e6f92 is not the leader (fc0f8f3b-538d-481e-abe0-204925d4ee8f:192.168.34.50:35638). Request must be sent to leader., logIndex=0, commits[cacd8be3-3994-43a0-9248-dc2aa43e6f92:c8, d40cfe62-fc21-48bd-841c-37c3da2319ca:c8, fc0f8f3b-538d-481e-abe0-204925d4ee8f:c8]
2019-09-19 04:30:53,009 | INFO  | SCMAudit | user=jenkins1000 | ip=192.168.34.50 | op=SEND_HEARTBEAT {datanodeUUID=646ad8b2-e397-4e74-bda7-a2da429002a8, command=[]} | ret=SUCCESS |  
2019-09-19 04:30:53,230 | INFO  | SCMAudit | user=jenkins1000 | ip=192.168.34.50 | op=SEND_HEARTBEAT {datanodeUUID=bb21d486-410c-4d63-a3eb-a911625626cf, command=[]} | ret=SUCCESS |  
2019-09-19 04:30:53,503 | INFO  | SCMAudit | user=jenkins1000 | ip=192.168.34.50 | op=SEND_HEARTBEAT {datanodeUUID=cee6b86e-e629-45c9-9c42-7061c1d64ecd, command=[]} | ret=SUCCESS |  
2019-09-19 04:30:53,603 | INFO  | SCMAudit | user=jenkins1000 | ip=192.168.34.50 | op=SEND_HEARTBEAT {datanodeUUID=fc0f8f3b-538d-481e-abe0-204925d4ee8f, command=[]} | ret=SUCCESS |  
2019-09-19 04:30:53,608 | INFO  | SCMAudit | user=jenkins1000 | ip=192.168.34.50 | op=SEND_HEARTBEAT {datanodeUUID=cacd8be3-3994-43a0-9248-dc2aa43e6f92, command=[]} | ret=SUCCESS |  
2019-09-19 04:30:53,608 | INFO  | SCMAudit | user=jenkins1000 | ip=192.168.34.50 | op=SEND_HEARTBEAT {datanodeUUID=d40cfe62-fc21-48bd-841c-37c3da2319ca, command=[]} | ret=SUCCESS |  
2019-09-19 04:30:53,771 | INFO  | SCMAudit | user=jenkins1000 | ip=192.168.34.50 | op=SEND_HEARTBEAT {datanodeUUID=d267f1ee-b840-49aa-88d3-6d319dcb89fa, command=[]} | ret=SUCCESS |  
2019-09-19 04:30:54,009 | INFO  | SCMAudit | user=jenkins1000 | ip=192.168.34.50 | op=SEND_HEARTBEAT {datanodeUUID=646ad8b2-e397-4e74-bda7-a2da429002a8, command=[]} | ret=SUCCESS |  
2019-09-19 04:30:54,229 | INFO  | SCMAudit | user=jenkins1000 | ip=192.168.34.50 | op=SEND_HEARTBEAT {datanodeUUID=bb21d486-410c-4d63-a3eb-a911625626cf, command=[]} | ret=SUCCESS |  
2019-09-19 04:30:54,504 | INFO  | SCMAudit | user=jenkins1000 | ip=192.168.34.50 | op=SEND_HEARTBEAT {datanodeUUID=cee6b86e-e629-45c9-9c42-7061c1d64ecd, command=[]} | ret=SUCCESS |  
2019-09-19 04:30:54,604 | INFO  | SCMAudit | user=jenkins1000 | ip=192.168.34.50 | op=SEND_HEARTBEAT {datanodeUUID=fc0f8f3b-538d-481e-abe0-204925d4ee8f, command=[]} | ret=SUCCESS |  
2019-09-19 04:30:54,609 | INFO  | SCMAudit | user=jenkins1000 | ip=192.168.34.50 | op=SEND_HEARTBEAT {datanodeUUID=d40cfe62-fc21-48bd-841c-37c3da2319ca, command=[]} | ret=SUCCESS |  
2019-09-19 04:30:54,609 | INFO  | SCMAudit | user=jenkins1000 | ip=192.168.34.50 | op=SEND_HEARTBEAT {datanodeUUID=cacd8be3-3994-43a0-9248-dc2aa43e6f92, command=[]} | ret=SUCCESS |  
2019-09-19 04:30:54,771 | INFO  | SCMAudit | user=jenkins1000 | ip=192.168.34.50 | op=SEND_HEARTBEAT {datanodeUUID=d267f1ee-b840-49aa-88d3-6d319dcb89fa, command=[]} | ret=SUCCESS |  
2019-09-19 04:30:55,009 | INFO  | SCMAudit | user=jenkins1000 | ip=192.168.34.50 | op=SEND_HEARTBEAT {datanodeUUID=646ad8b2-e397-4e74-bda7-a2da429002a8, command=[]} | ret=SUCCESS |  
2019-09-19 04:30:55,229 | INFO  | SCMAudit | user=jenkins1000 | ip=192.168.34.50 | op=SEND_HEARTBEAT {datanodeUUID=bb21d486-410c-4d63-a3eb-a911625626cf, command=[]} | ret=SUCCESS |  
2019-09-19 04:30:55,504 | INFO  | SCMAudit | user=jenkins1000 | ip=192.168.34.50 | op=SEND_HEARTBEAT {datanodeUUID=cee6b86e-e629-45c9-9c42-7061c1d64ecd, command=[]} | ret=SUCCESS |  
2019-09-19 04:30:55,604 | INFO  | SCMAudit | user=jenkins1000 | ip=192.168.34.50 | op=SEND_HEARTBEAT {datanodeUUID=fc0f8f3b-538d-481e-abe0-204925d4ee8f, command=[]} | ret=SUCCESS |  
2019-09-19 04:30:55,613 | INFO  | SCMAudit | user=jenkins1000 | ip=192.168.34.50 | op=SEND_HEARTBEAT {datanodeUUID=d40cfe62-fc21-48bd-841c-37c3da2319ca, command=[]} | ret=SUCCESS |  
2019-09-19 04:30:55,613 | INFO  | SCMAudit | user=jenkins1000 | ip=192.168.34.50 | op=SEND_HEARTBEAT {datanodeUUID=cacd8be3-3994-43a0-9248-dc2aa43e6f92, command=[]} | ret=SUCCESS |  
2019-09-19 04:30:55,771 | INFO  | SCMAudit | user=jenkins1000 | ip=192.168.34.50 | op=SEND_HEARTBEAT {datanodeUUID=d267f1ee-b840-49aa-88d3-6d319dcb89fa, command=[]} | ret=SUCCESS |  
2019-09-19 04:30:56,010 | INFO  | SCMAudit | user=jenkins1000 | ip=192.168.34.50 | op=SEND_HEARTBEAT {datanodeUUID=646ad8b2-e397-4e74-bda7-a2da429002a8, command=[]} | ret=SUCCESS |  
2019-09-19 04:30:56,230 | INFO  | SCMAudit | user=jenkins1000 | ip=192.168.34.50 | op=SEND_HEARTBEAT {datanodeUUID=bb21d486-410c-4d63-a3eb-a911625626cf, command=[]} | ret=SUCCESS |  
2019-09-19 04:30:56,504 | INFO  | SCMAudit | user=jenkins1000 | ip=192.168.34.50 | op=SEND_HEARTBEAT {datanodeUUID=cee6b86e-e629-45c9-9c42-7061c1d64ecd, command=[]} | ret=SUCCESS |  
2019-09-19 04:30:56,605 | INFO  | SCMAudit | user=jenkins1000 | ip=192.168.34.50 | op=SEND_HEARTBEAT {datanodeUUID=fc0f8f3b-538d-481e-abe0-204925d4ee8f, command=[]} | ret=SUCCESS |  
2019-09-19 04:30:56,612 | INFO  | SCMAudit | user=jenkins1000 | ip=192.168.34.50 | op=SEND_HEARTBEAT {datanodeUUID=cacd8be3-3994-43a0-9248-dc2aa43e6f92, command=[]} | ret=SUCCESS |  
2019-09-19 04:30:56,614 | INFO  | SCMAudit | user=jenkins1000 | ip=192.168.34.50 | op=SEND_HEARTBEAT {datanodeUUID=d40cfe62-fc21-48bd-841c-37c3da2319ca, command=[]} | ret=SUCCESS |  
2019-09-19 04:30:56,772 | INFO  | SCMAudit | user=jenkins1000 | ip=192.168.34.50 | op=SEND_HEARTBEAT {datanodeUUID=d267f1ee-b840-49aa-88d3-6d319dcb89fa, command=[]} | ret=SUCCESS |  
2019-09-19 04:30:57,010 | INFO  | SCMAudit | user=jenkins1000 | ip=192.168.34.50 | op=SEND_HEARTBEAT {datanodeUUID=646ad8b2-e397-4e74-bda7-a2da429002a8, command=[]} | ret=SUCCESS |  
2019-09-19 04:30:57,230 | INFO  | SCMAudit | user=jenkins1000 | ip=192.168.34.50 | op=SEND_HEARTBEAT {datanodeUUID=bb21d486-410c-4d63-a3eb-a911625626cf, command=[]} | ret=SUCCESS |  
2019-09-19 04:30:57,505 | INFO  | SCMAudit | user=jenkins1000 | ip=192.168.34.50 | op=SEND_HEARTBEAT {datanodeUUID=cee6b86e-e629-45c9-9c42-7061c1d64ecd, command=[]} | ret=SUCCESS |  
2019-09-19 04:30:57,605 | INFO  | SCMAudit | user=jenkins1000 | ip=192.168.34.50 | op=SEND_HEARTBEAT {datanodeUUID=fc0f8f3b-538d-481e-abe0-204925d4ee8f, command=[]} | ret=SUCCESS |  
2019-09-19 04:30:57,612 | INFO  | SCMAudit | user=jenkins1000 | ip=192.168.34.50 | op=SEND_HEARTBEAT {datanodeUUID=cacd8be3-3994-43a0-9248-dc2aa43e6f92, command=[]} | ret=SUCCESS |  
2019-09-19 04:30:57,617 | INFO  | SCMAudit | user=jenkins1000 | ip=192.168.34.50 | op=SEND_HEARTBEAT {datanodeUUID=d40cfe62-fc21-48bd-841c-37c3da2319ca, command=[]} | ret=SUCCESS |  
2019-09-19 04:30:57,772 | INFO  | SCMAudit | user=jenkins1000 | ip=192.168.34.50 | op=SEND_HEARTBEAT {datanodeUUID=d267f1ee-b840-49aa-88d3-6d319dcb89fa, command=[]} | ret=SUCCESS |  
2019-09-19 04:30:57,988 [grpc-default-executor-0] INFO  client.GrpcClientProtocolClient (GrpcClientProtocolClient.java:onNext(255)) - client-8D3BBA1B251F->cacd8be3-3994-43a0-9248-dc2aa43e6f92: receive RaftClientReply:client-8D3BBA1B251F->cacd8be3-3994-43a0-9248-dc2aa43e6f92@group-52CD28E9D88B, cid=45, FAILED org.apache.ratis.protocol.NotLeaderException: Server cacd8be3-3994-43a0-9248-dc2aa43e6f92 is not the leader (fc0f8f3b-538d-481e-abe0-204925d4ee8f:192.168.34.50:35638). Request must be sent to leader., logIndex=0, commits[cacd8be3-3994-43a0-9248-dc2aa43e6f92:c8, d40cfe62-fc21-48bd-841c-37c3da2319ca:c8, fc0f8f3b-538d-481e-abe0-204925d4ee8f:c8]
2019-09-19 04:30:58,010 | INFO  | SCMAudit | user=jenkins1000 | ip=192.168.34.50 | op=SEND_HEARTBEAT {datanodeUUID=646ad8b2-e397-4e74-bda7-a2da429002a8, command=[]} | ret=SUCCESS |  
2019-09-19 04:30:58,229 | INFO  | SCMAudit | user=jenkins1000 | ip=192.168.34.50 | op=SEND_HEARTBEAT {datanodeUUID=bb21d486-410c-4d63-a3eb-a911625626cf, command=[]} | ret=SUCCESS |  
2019-09-19 04:30:58,505 | INFO  | SCMAudit | user=jenkins1000 | ip=192.168.34.50 | op=SEND_HEARTBEAT {datanodeUUID=cee6b86e-e629-45c9-9c42-7061c1d64ecd, command=[]} | ret=SUCCESS |  
2019-09-19 04:30:58,605 | INFO  | SCMAudit | user=jenkins1000 | ip=192.168.34.50 | op=SEND_HEARTBEAT {datanodeUUID=fc0f8f3b-538d-481e-abe0-204925d4ee8f, command=[]} | ret=SUCCESS |  
2019-09-19 04:30:58,612 | INFO  | SCMAudit | user=jenkins1000 | ip=192.168.34.50 | op=SEND_HEARTBEAT {datanodeUUID=cacd8be3-3994-43a0-9248-dc2aa43e6f92, command=[]} | ret=SUCCESS |  
2019-09-19 04:30:58,617 | INFO  | SCMAudit | user=jenkins1000 | ip=192.168.34.50 | op=SEND_HEARTBEAT {datanodeUUID=d40cfe62-fc21-48bd-841c-37c3da2319ca, command=[]} | ret=SUCCESS |  
2019-09-19 04:30:58,771 | INFO  | SCMAudit | user=jenkins1000 | ip=192.168.34.50 | op=SEND_HEARTBEAT {datanodeUUID=d267f1ee-b840-49aa-88d3-6d319dcb89fa, command=[]} | ret=SUCCESS |  
2019-09-19 04:30:59,011 | INFO  | SCMAudit | user=jenkins1000 | ip=192.168.34.50 | op=SEND_HEARTBEAT {datanodeUUID=646ad8b2-e397-4e74-bda7-a2da429002a8, command=[]} | ret=SUCCESS |  
2019-09-19 04:30:59,230 | INFO  | SCMAudit | user=jenkins1000 | ip=192.168.34.50 | op=SEND_HEARTBEAT {datanodeUUID=bb21d486-410c-4d63-a3eb-a911625626cf, command=[]} | ret=SUCCESS |  
2019-09-19 04:30:59,505 | INFO  | SCMAudit | user=jenkins1000 | ip=192.168.34.50 | op=SEND_HEARTBEAT {datanodeUUID=cee6b86e-e629-45c9-9c42-7061c1d64ecd, command=[]} | ret=SUCCESS |  
2019-09-19 04:30:59,606 | INFO  | SCMAudit | user=jenkins1000 | ip=192.168.34.50 | op=SEND_HEARTBEAT {datanodeUUID=fc0f8f3b-538d-481e-abe0-204925d4ee8f, command=[]} | ret=SUCCESS |  
2019-09-19 04:30:59,612 | INFO  | SCMAudit | user=jenkins1000 | ip=192.168.34.50 | op=SEND_HEARTBEAT {datanodeUUID=cacd8be3-3994-43a0-9248-dc2aa43e6f92, command=[]} | ret=SUCCESS |  
2019-09-19 04:30:59,618 | INFO  | SCMAudit | user=jenkins1000 | ip=192.168.34.50 | op=SEND_HEARTBEAT {datanodeUUID=d40cfe62-fc21-48bd-841c-37c3da2319ca, command=[]} | ret=SUCCESS |  
2019-09-19 04:30:59,771 | INFO  | SCMAudit | user=jenkins1000 | ip=192.168.34.50 | op=SEND_HEARTBEAT {datanodeUUID=d267f1ee-b840-49aa-88d3-6d319dcb89fa, command=[]} | ret=SUCCESS |  
2019-09-19 04:31:00,011 | INFO  | SCMAudit | user=jenkins1000 | ip=192.168.34.50 | op=SEND_HEARTBEAT {datanodeUUID=646ad8b2-e397-4e74-bda7-a2da429002a8, command=[]} | ret=SUCCESS |  
2019-09-19 04:31:00,230 | INFO  | SCMAudit | user=jenkins1000 | ip=192.168.34.50 | op=SEND_HEARTBEAT {datanodeUUID=bb21d486-410c-4d63-a3eb-a911625626cf, command=[]} | ret=SUCCESS |  
2019-09-19 04:31:00,505 | INFO  | SCMAudit | user=jenkins1000 | ip=192.168.34.50 | op=SEND_HEARTBEAT {datanodeUUID=cee6b86e-e629-45c9-9c42-7061c1d64ecd, command=[]} | ret=SUCCESS |  
2019-09-19 04:31:00,606 | INFO  | SCMAudit | user=jenkins1000 | ip=192.168.34.50 | op=SEND_HEARTBEAT {datanodeUUID=fc0f8f3b-538d-481e-abe0-204925d4ee8f, command=[]} | ret=SUCCESS |  
2019-09-19 04:31:00,613 | INFO  | SCMAudit | user=jenkins1000 | ip=192.168.34.50 | op=SEND_HEARTBEAT {datanodeUUID=cacd8be3-3994-43a0-9248-dc2aa43e6f92, command=[]} | ret=SUCCESS |  
2019-09-19 04:31:00,617 | INFO  | SCMAudit | user=jenkins1000 | ip=192.168.34.50 | op=SEND_HEARTBEAT {datanodeUUID=d40cfe62-fc21-48bd-841c-37c3da2319ca, command=[]} | ret=SUCCESS |  
2019-09-19 04:31:00,772 | INFO  | SCMAudit | user=jenkins1000 | ip=192.168.34.50 | op=SEND_HEARTBEAT {datanodeUUID=d267f1ee-b840-49aa-88d3-6d319dcb89fa, command=[]} | ret=SUCCESS |  
2019-09-19 04:31:01,011 | INFO  | SCMAudit | user=jenkins1000 | ip=192.168.34.50 | op=SEND_HEARTBEAT {datanodeUUID=646ad8b2-e397-4e74-bda7-a2da429002a8, command=[]} | ret=SUCCESS |  
2019-09-19 04:31:01,231 | INFO  | SCMAudit | user=jenkins1000 | ip=192.168.34.50 | op=SEND_HEARTBEAT {datanodeUUID=bb21d486-410c-4d63-a3eb-a911625626cf, command=[]} | ret=SUCCESS |  
2019-09-19 04:31:01,505 | INFO  | SCMAudit | user=jenkins1000 | ip=192.168.34.50 | op=SEND_HEARTBEAT {datanodeUUID=cee6b86e-e629-45c9-9c42-7061c1d64ecd, command=[]} | ret=SUCCESS |  
2019-09-19 04:31:01,605 | INFO  | SCMAudit | user=jenkins1000 | ip=192.168.34.50 | op=SEND_HEARTBEAT {datanodeUUID=fc0f8f3b-538d-481e-abe0-204925d4ee8f, command=[]} | ret=SUCCESS |  
2019-09-19 04:31:01,613 | INFO  | SCMAudit | user=jenkins1000 | ip=192.168.34.50 | op=SEND_HEARTBEAT {datanodeUUID=cacd8be3-3994-43a0-9248-dc2aa43e6f92, command=[]} | ret=SUCCESS |  
2019-09-19 04:31:01,617 | INFO  | SCMAudit | user=jenkins1000 | ip=192.168.34.50 | op=SEND_HEARTBEAT {datanodeUUID=d40cfe62-fc21-48bd-841c-37c3da2319ca, command=[]} | ret=SUCCESS |  
2019-09-19 04:31:01,772 | INFO  | SCMAudit | user=jenkins1000 | ip=192.168.34.50 | op=SEND_HEARTBEAT {datanodeUUID=d267f1ee-b840-49aa-88d3-6d319dcb89fa, command=[]} | ret=SUCCESS |  
2019-09-19 04:31:02,012 | INFO  | SCMAudit | user=jenkins1000 | ip=192.168.34.50 | op=SEND_HEARTBEAT {datanodeUUID=646ad8b2-e397-4e74-bda7-a2da429002a8, command=[]} | ret=SUCCESS |  
2019-09-19 04:31:02,231 | INFO  | SCMAudit | user=jenkins1000 | ip=192.168.34.50 | op=SEND_HEARTBEAT {datanodeUUID=bb21d486-410c-4d63-a3eb-a911625626cf, command=[]} | ret=SUCCESS |  
2019-09-19 04:31:02,506 | INFO  | SCMAudit | user=jenkins1000 | ip=192.168.34.50 | op=SEND_HEARTBEAT {datanodeUUID=cee6b86e-e629-45c9-9c42-7061c1d64ecd, command=[]} | ret=SUCCESS |  
2019-09-19 04:31:02,605 | INFO  | SCMAudit | user=jenkins1000 | ip=192.168.34.50 | op=SEND_HEARTBEAT {datanodeUUID=fc0f8f3b-538d-481e-abe0-204925d4ee8f, command=[]} | ret=SUCCESS |  
2019-09-19 04:31:02,612 | INFO  | SCMAudit | user=jenkins1000 | ip=192.168.34.50 | op=SEND_HEARTBEAT {datanodeUUID=cacd8be3-3994-43a0-9248-dc2aa43e6f92, command=[]} | ret=SUCCESS |  
2019-09-19 04:31:02,617 | INFO  | SCMAudit | user=jenkins1000 | ip=192.168.34.50 | op=SEND_HEARTBEAT {datanodeUUID=d40cfe62-fc21-48bd-841c-37c3da2319ca, command=[]} | ret=SUCCESS |  
2019-09-19 04:31:02,772 | INFO  | SCMAudit | user=jenkins1000 | ip=192.168.34.50 | op=SEND_HEARTBEAT {datanodeUUID=d267f1ee-b840-49aa-88d3-6d319dcb89fa, command=[]} | ret=SUCCESS |  
2019-09-19 04:31:03,015 | INFO  | SCMAudit | user=jenkins1000 | ip=192.168.34.50 | op=SEND_HEARTBEAT {datanodeUUID=646ad8b2-e397-4e74-bda7-a2da429002a8, command=[]} | ret=SUCCESS |  
2019-09-19 04:31:03,030 [grpc-default-executor-5] INFO  client.GrpcClientProtocolClient (GrpcClientProtocolClient.java:onNext(255)) - client-8D3BBA1B251F->cacd8be3-3994-43a0-9248-dc2aa43e6f92: receive RaftClientReply:client-8D3BBA1B251F->cacd8be3-3994-43a0-9248-dc2aa43e6f92@group-52CD28E9D88B, cid=45, FAILED org.apache.ratis.protocol.NotLeaderException: Server cacd8be3-3994-43a0-9248-dc2aa43e6f92 is not the leader (fc0f8f3b-538d-481e-abe0-204925d4ee8f:192.168.34.50:35638). Request must be sent to leader., logIndex=0, commits[cacd8be3-3994-43a0-9248-dc2aa43e6f92:c8, d40cfe62-fc21-48bd-841c-37c3da2319ca:c8, fc0f8f3b-538d-481e-abe0-204925d4ee8f:c8]
2019-09-19 04:31:03,231 | INFO  | SCMAudit | user=jenkins1000 | ip=192.168.34.50 | op=SEND_HEARTBEAT {datanodeUUID=bb21d486-410c-4d63-a3eb-a911625626cf, command=[]} | ret=SUCCESS |  
2019-09-19 04:31:03,506 | INFO  | SCMAudit | user=jenkins1000 | ip=192.168.34.50 | op=SEND_HEARTBEAT {datanodeUUID=cee6b86e-e629-45c9-9c42-7061c1d64ecd, command=[]} | ret=SUCCESS |  
2019-09-19 04:31:03,605 | INFO  | SCMAudit | user=jenkins1000 | ip=192.168.34.50 | op=SEND_HEARTBEAT {datanodeUUID=fc0f8f3b-538d-481e-abe0-204925d4ee8f, command=[]} | ret=SUCCESS |  
2019-09-19 04:31:03,613 | INFO  | SCMAudit | user=jenkins1000 | ip=192.168.34.50 | op=SEND_HEARTBEAT {datanodeUUID=cacd8be3-3994-43a0-9248-dc2aa43e6f92, command=[]} | ret=SUCCESS |  
2019-09-19 04:31:03,617 | INFO  | SCMAudit | user=jenkins1000 | ip=192.168.34.50 | op=SEND_HEARTBEAT {datanodeUUID=d40cfe62-fc21-48bd-841c-37c3da2319ca, command=[]} | ret=SUCCESS |  
2019-09-19 04:31:03,772 | INFO  | SCMAudit | user=jenkins1000 | ip=192.168.34.50 | op=SEND_HEARTBEAT {datanodeUUID=d267f1ee-b840-49aa-88d3-6d319dcb89fa, command=[]} | ret=SUCCESS |  
2019-09-19 04:31:04,014 | INFO  | SCMAudit | user=jenkins1000 | ip=192.168.34.50 | op=SEND_HEARTBEAT {datanodeUUID=646ad8b2-e397-4e74-bda7-a2da429002a8, command=[]} | ret=SUCCESS |  
2019-09-19 04:31:04,232 | INFO  | SCMAudit | user=jenkins1000 | ip=192.168.34.50 | op=SEND_HEARTBEAT {datanodeUUID=bb21d486-410c-4d63-a3eb-a911625626cf, command=[]} | ret=SUCCESS |  
2019-09-19 04:31:04,506 | INFO  | SCMAudit | user=jenkins1000 | ip=192.168.34.50 | op=SEND_HEARTBEAT {datanodeUUID=cee6b86e-e629-45c9-9c42-7061c1d64ecd, command=[]} | ret=SUCCESS |  
2019-09-19 04:31:04,606 | INFO  | SCMAudit | user=jenkins1000 | ip=192.168.34.50 | op=SEND_HEARTBEAT {datanodeUUID=fc0f8f3b-538d-481e-abe0-204925d4ee8f, command=[]} | ret=SUCCESS |  
2019-09-19 04:31:04,612 | INFO  | SCMAudit | user=jenkins1000 | ip=192.168.34.50 | op=SEND_HEARTBEAT {datanodeUUID=cacd8be3-3994-43a0-9248-dc2aa43e6f92, command=[]} | ret=SUCCESS |  
2019-09-19 04:31:04,617 | INFO  | SCMAudit | user=jenkins1000 | ip=192.168.34.50 | op=SEND_HEARTBEAT {datanodeUUID=d40cfe62-fc21-48bd-841c-37c3da2319ca, command=[]} | ret=SUCCESS |  
2019-09-19 04:31:04,773 | INFO  | SCMAudit | user=jenkins1000 | ip=192.168.34.50 | op=SEND_HEARTBEAT {datanodeUUID=d267f1ee-b840-49aa-88d3-6d319dcb89fa, command=[]} | ret=SUCCESS |  
2019-09-19 04:31:05,015 | INFO  | SCMAudit | user=jenkins1000 | ip=192.168.34.50 | op=SEND_HEARTBEAT {datanodeUUID=646ad8b2-e397-4e74-bda7-a2da429002a8, command=[]} | ret=SUCCESS |  
2019-09-19 04:31:05,232 | INFO  | SCMAudit | user=jenkins1000 | ip=192.168.34.50 | op=SEND_HEARTBEAT {datanodeUUID=bb21d486-410c-4d63-a3eb-a911625626cf, command=[]} | ret=SUCCESS |  
2019-09-19 04:31:05,506 | INFO  | SCMAudit | user=jenkins1000 | ip=192.168.34.50 | op=SEND_HEARTBEAT {datanodeUUID=cee6b86e-e629-45c9-9c42-7061c1d64ecd, command=[]} | ret=SUCCESS |  
2019-09-19 04:31:05,606 | INFO  | SCMAudit | user=jenkins1000 | ip=192.168.34.50 | op=SEND_HEARTBEAT {datanodeUUID=fc0f8f3b-538d-481e-abe0-204925d4ee8f, command=[]} | ret=SUCCESS |  
2019-09-19 04:31:05,612 | INFO  | SCMAudit | user=jenkins1000 | ip=192.168.34.50 | op=SEND_HEARTBEAT {datanodeUUID=cacd8be3-3994-43a0-9248-dc2aa43e6f92, command=[]} | ret=SUCCESS |  
2019-09-19 04:31:05,617 | INFO  | SCMAudit | user=jenkins1000 | ip=192.168.34.50 | op=SEND_HEARTBEAT {datanodeUUID=d40cfe62-fc21-48bd-841c-37c3da2319ca, command=[]} | ret=SUCCESS |  
2019-09-19 04:31:05,773 | INFO  | SCMAudit | user=jenkins1000 | ip=192.168.34.50 | op=SEND_HEARTBEAT {datanodeUUID=d267f1ee-b840-49aa-88d3-6d319dcb89fa, command=[]} | ret=SUCCESS |  
2019-09-19 04:31:06,014 | INFO  | SCMAudit | user=jenkins1000 | ip=192.168.34.50 | op=SEND_HEARTBEAT {datanodeUUID=646ad8b2-e397-4e74-bda7-a2da429002a8, command=[]} | ret=SUCCESS |  
2019-09-19 04:31:06,232 | INFO  | SCMAudit | user=jenkins1000 | ip=192.168.34.50 | op=SEND_HEARTBEAT {datanodeUUID=bb21d486-410c-4d63-a3eb-a911625626cf, command=[]} | ret=SUCCESS |  
2019-09-19 04:31:06,507 | INFO  | SCMAudit | user=jenkins1000 | ip=192.168.34.50 | op=SEND_HEARTBEAT {datanodeUUID=cee6b86e-e629-45c9-9c42-7061c1d64ecd, command=[]} | ret=SUCCESS |  
2019-09-19 04:31:06,606 | INFO  | SCMAudit | user=jenkins1000 | ip=192.168.34.50 | op=SEND_HEARTBEAT {datanodeUUID=fc0f8f3b-538d-481e-abe0-204925d4ee8f, command=[]} | ret=SUCCESS |  
2019-09-19 04:31:06,612 | INFO  | SCMAudit | user=jenkins1000 | ip=192.168.34.50 | op=SEND_HEARTBEAT {datanodeUUID=cacd8be3-3994-43a0-9248-dc2aa43e6f92, command=[]} | ret=SUCCESS |  
2019-09-19 04:31:06,618 | INFO  | SCMAudit | user=jenkins1000 | ip=192.168.34.50 | op=SEND_HEARTBEAT {datanodeUUID=d40cfe62-fc21-48bd-841c-37c3da2319ca, command=[]} | ret=SUCCESS |  
2019-09-19 04:31:06,774 | INFO  | SCMAudit | user=jenkins1000 | ip=192.168.34.50 | op=SEND_HEARTBEAT {datanodeUUID=d267f1ee-b840-49aa-88d3-6d319dcb89fa, command=[]} | ret=SUCCESS |  
2019-09-19 04:31:07,014 | INFO  | SCMAudit | user=jenkins1000 | ip=192.168.34.50 | op=SEND_HEARTBEAT {datanodeUUID=646ad8b2-e397-4e74-bda7-a2da429002a8, command=[]} | ret=SUCCESS |  
2019-09-19 04:31:07,231 | INFO  | SCMAudit | user=jenkins1000 | ip=192.168.34.50 | op=SEND_HEARTBEAT {datanodeUUID=bb21d486-410c-4d63-a3eb-a911625626cf, command=[]} | ret=SUCCESS |  
2019-09-19 04:31:07,507 | INFO  | SCMAudit | user=jenkins1000 | ip=192.168.34.50 | op=SEND_HEARTBEAT {datanodeUUID=cee6b86e-e629-45c9-9c42-7061c1d64ecd, command=[]} | ret=SUCCESS |  
2019-09-19 04:31:07,606 | INFO  | SCMAudit | user=jenkins1000 | ip=192.168.34.50 | op=SEND_HEARTBEAT {datanodeUUID=fc0f8f3b-538d-481e-abe0-204925d4ee8f, command=[]} | ret=SUCCESS |  
2019-09-19 04:31:07,612 | INFO  | SCMAudit | user=jenkins1000 | ip=192.168.34.50 | op=SEND_HEARTBEAT {datanodeUUID=cacd8be3-3994-43a0-9248-dc2aa43e6f92, command=[]} | ret=SUCCESS |  
2019-09-19 04:31:07,618 | INFO  | SCMAudit | user=jenkins1000 | ip=192.168.34.50 | op=SEND_HEARTBEAT {datanodeUUID=d40cfe62-fc21-48bd-841c-37c3da2319ca, command=[]} | ret=SUCCESS |  
2019-09-19 04:31:07,774 | INFO  | SCMAudit | user=jenkins1000 | ip=192.168.34.50 | op=SEND_HEARTBEAT {datanodeUUID=d267f1ee-b840-49aa-88d3-6d319dcb89fa, command=[]} | ret=SUCCESS |  
2019-09-19 04:31:08,015 | INFO  | SCMAudit | user=jenkins1000 | ip=192.168.34.50 | op=SEND_HEARTBEAT {datanodeUUID=646ad8b2-e397-4e74-bda7-a2da429002a8, command=[]} | ret=SUCCESS |  
2019-09-19 04:31:08,069 [grpc-default-executor-0] INFO  client.GrpcClientProtocolClient (GrpcClientProtocolClient.java:onNext(255)) - client-8D3BBA1B251F->cacd8be3-3994-43a0-9248-dc2aa43e6f92: receive RaftClientReply:client-8D3BBA1B251F->cacd8be3-3994-43a0-9248-dc2aa43e6f92@group-52CD28E9D88B, cid=45, FAILED org.apache.ratis.protocol.NotLeaderException: Server cacd8be3-3994-43a0-9248-dc2aa43e6f92 is not the leader (fc0f8f3b-538d-481e-abe0-204925d4ee8f:192.168.34.50:35638). Request must be sent to leader., logIndex=0, commits[cacd8be3-3994-43a0-9248-dc2aa43e6f92:c8, d40cfe62-fc21-48bd-841c-37c3da2319ca:c8, fc0f8f3b-538d-481e-abe0-204925d4ee8f:c8]
2019-09-19 04:31:08,231 | INFO  | SCMAudit | user=jenkins1000 | ip=192.168.34.50 | op=SEND_HEARTBEAT {datanodeUUID=bb21d486-410c-4d63-a3eb-a911625626cf, command=[]} | ret=SUCCESS |  
2019-09-19 04:31:08,507 | INFO  | SCMAudit | user=jenkins1000 | ip=192.168.34.50 | op=SEND_HEARTBEAT {datanodeUUID=cee6b86e-e629-45c9-9c42-7061c1d64ecd, command=[]} | ret=SUCCESS |  
2019-09-19 04:31:08,606 | INFO  | SCMAudit | user=jenkins1000 | ip=192.168.34.50 | op=SEND_HEARTBEAT {datanodeUUID=fc0f8f3b-538d-481e-abe0-204925d4ee8f, command=[]} | ret=SUCCESS |  
2019-09-19 04:31:08,612 | INFO  | SCMAudit | user=jenkins1000 | ip=192.168.34.50 | op=SEND_HEARTBEAT {datanodeUUID=cacd8be3-3994-43a0-9248-dc2aa43e6f92, command=[]} | ret=SUCCESS |  
2019-09-19 04:31:08,619 | INFO  | SCMAudit | user=jenkins1000 | ip=192.168.34.50 | op=SEND_HEARTBEAT {datanodeUUID=d40cfe62-fc21-48bd-841c-37c3da2319ca, command=[]} | ret=SUCCESS |  
2019-09-19 04:31:08,774 | INFO  | SCMAudit | user=jenkins1000 | ip=192.168.34.50 | op=SEND_HEARTBEAT {datanodeUUID=d267f1ee-b840-49aa-88d3-6d319dcb89fa, command=[]} | ret=SUCCESS |  
2019-09-19 04:31:09,015 | INFO  | SCMAudit | user=jenkins1000 | ip=192.168.34.50 | op=SEND_HEARTBEAT {datanodeUUID=646ad8b2-e397-4e74-bda7-a2da429002a8, command=[]} | ret=SUCCESS |  
2019-09-19 04:31:09,232 | INFO  | SCMAudit | user=jenkins1000 | ip=192.168.34.50 | op=SEND_HEARTBEAT {datanodeUUID=bb21d486-410c-4d63-a3eb-a911625626cf, command=[]} | ret=SUCCESS |  
2019-09-19 04:31:09,508 | INFO  | SCMAudit | user=jenkins1000 | ip=192.168.34.50 | op=SEND_HEARTBEAT {datanodeUUID=cee6b86e-e629-45c9-9c42-7061c1d64ecd, command=[]} | ret=SUCCESS |  
2019-09-19 04:31:09,607 | INFO  | SCMAudit | user=jenkins1000 | ip=192.168.34.50 | op=SEND_HEARTBEAT {datanodeUUID=fc0f8f3b-538d-481e-abe0-204925d4ee8f, command=[]} | ret=SUCCESS |  
2019-09-19 04:31:09,612 | INFO  | SCMAudit | user=jenkins1000 | ip=192.168.34.50 | op=SEND_HEARTBEAT {datanodeUUID=cacd8be3-3994-43a0-9248-dc2aa43e6f92, command=[]} | ret=SUCCESS |  
2019-09-19 04:31:09,620 | INFO  | SCMAudit | user=jenkins1000 | ip=192.168.34.50 | op=SEND_HEARTBEAT {datanodeUUID=d40cfe62-fc21-48bd-841c-37c3da2319ca, command=[]} | ret=SUCCESS |  
2019-09-19 04:31:09,774 | INFO  | SCMAudit | user=jenkins1000 | ip=192.168.34.50 | op=SEND_HEARTBEAT {datanodeUUID=d267f1ee-b840-49aa-88d3-6d319dcb89fa, command=[]} | ret=SUCCESS |  
2019-09-19 04:31:10,014 | INFO  | SCMAudit | user=jenkins1000 | ip=192.168.34.50 | op=SEND_HEARTBEAT {datanodeUUID=646ad8b2-e397-4e74-bda7-a2da429002a8, command=[]} | ret=SUCCESS |  
2019-09-19 04:31:10,231 | INFO  | SCMAudit | user=jenkins1000 | ip=192.168.34.50 | op=SEND_HEARTBEAT {datanodeUUID=bb21d486-410c-4d63-a3eb-a911625626cf, command=[]} | ret=SUCCESS |  
2019-09-19 04:31:10,508 | INFO  | SCMAudit | user=jenkins1000 | ip=192.168.34.50 | op=SEND_HEARTBEAT {datanodeUUID=cee6b86e-e629-45c9-9c42-7061c1d64ecd, command=[]} | ret=SUCCESS |  
2019-09-19 04:31:10,606 | INFO  | SCMAudit | user=jenkins1000 | ip=192.168.34.50 | op=SEND_HEARTBEAT {datanodeUUID=fc0f8f3b-538d-481e-abe0-204925d4ee8f, command=[]} | ret=SUCCESS |  
2019-09-19 04:31:10,612 | INFO  | SCMAudit | user=jenkins1000 | ip=192.168.34.50 | op=SEND_HEARTBEAT {datanodeUUID=cacd8be3-3994-43a0-9248-dc2aa43e6f92, command=[]} | ret=SUCCESS |  
2019-09-19 04:31:10,620 | INFO  | SCMAudit | user=jenkins1000 | ip=192.168.34.50 | op=SEND_HEARTBEAT {datanodeUUID=d40cfe62-fc21-48bd-841c-37c3da2319ca, command=[]} | ret=SUCCESS |  
2019-09-19 04:31:10,775 | INFO  | SCMAudit | user=jenkins1000 | ip=192.168.34.50 | op=SEND_HEARTBEAT {datanodeUUID=d267f1ee-b840-49aa-88d3-6d319dcb89fa, command=[]} | ret=SUCCESS |  
2019-09-19 04:31:11,015 | INFO  | SCMAudit | user=jenkins1000 | ip=192.168.34.50 | op=SEND_HEARTBEAT {datanodeUUID=646ad8b2-e397-4e74-bda7-a2da429002a8, command=[]} | ret=SUCCESS |  
2019-09-19 04:31:11,231 | INFO  | SCMAudit | user=jenkins1000 | ip=192.168.34.50 | op=SEND_HEARTBEAT {datanodeUUID=bb21d486-410c-4d63-a3eb-a911625626cf, command=[]} | ret=SUCCESS |  
2019-09-19 04:31:11,508 | INFO  | SCMAudit | user=jenkins1000 | ip=192.168.34.50 | op=SEND_HEARTBEAT {datanodeUUID=cee6b86e-e629-45c9-9c42-7061c1d64ecd, command=[]} | ret=SUCCESS |  
2019-09-19 04:31:11,606 | INFO  | SCMAudit | user=jenkins1000 | ip=192.168.34.50 | op=SEND_HEARTBEAT {datanodeUUID=fc0f8f3b-538d-481e-abe0-204925d4ee8f, command=[]} | ret=SUCCESS |  
2019-09-19 04:31:11,613 | INFO  | SCMAudit | user=jenkins1000 | ip=192.168.34.50 | op=SEND_HEARTBEAT {datanodeUUID=cacd8be3-3994-43a0-9248-dc2aa43e6f92, command=[]} | ret=SUCCESS |  
2019-09-19 04:31:11,620 | INFO  | SCMAudit | user=jenkins1000 | ip=192.168.34.50 | op=SEND_HEARTBEAT {datanodeUUID=d40cfe62-fc21-48bd-841c-37c3da2319ca, command=[]} | ret=SUCCESS |  
2019-09-19 04:31:11,775 | INFO  | SCMAudit | user=jenkins1000 | ip=192.168.34.50 | op=SEND_HEARTBEAT {datanodeUUID=d267f1ee-b840-49aa-88d3-6d319dcb89fa, command=[]} | ret=SUCCESS |  
2019-09-19 04:31:12,015 | INFO  | SCMAudit | user=jenkins1000 | ip=192.168.34.50 | op=SEND_HEARTBEAT {datanodeUUID=646ad8b2-e397-4e74-bda7-a2da429002a8, command=[]} | ret=SUCCESS |  
2019-09-19 04:31:12,231 | INFO  | SCMAudit | user=jenkins1000 | ip=192.168.34.50 | op=SEND_HEARTBEAT {datanodeUUID=bb21d486-410c-4d63-a3eb-a911625626cf, command=[]} | ret=SUCCESS |  
2019-09-19 04:31:12,509 | INFO  | SCMAudit | user=jenkins1000 | ip=192.168.34.50 | op=SEND_HEARTBEAT {datanodeUUID=cee6b86e-e629-45c9-9c42-7061c1d64ecd, command=[]} | ret=SUCCESS |  
2019-09-19 04:31:12,607 | INFO  | SCMAudit | user=jenkins1000 | ip=192.168.34.50 | op=SEND_HEARTBEAT {datanodeUUID=fc0f8f3b-538d-481e-abe0-204925d4ee8f, command=[]} | ret=SUCCESS |  
2019-09-19 04:31:12,612 | INFO  | SCMAudit | user=jenkins1000 | ip=192.168.34.50 | op=SEND_HEARTBEAT {datanodeUUID=cacd8be3-3994-43a0-9248-dc2aa43e6f92, command=[]} | ret=SUCCESS |  
2019-09-19 04:31:12,620 | INFO  | SCMAudit | user=jenkins1000 | ip=192.168.34.50 | op=SEND_HEARTBEAT {datanodeUUID=d40cfe62-fc21-48bd-841c-37c3da2319ca, command=[]} | ret=SUCCESS |  
2019-09-19 04:31:12,775 | INFO  | SCMAudit | user=jenkins1000 | ip=192.168.34.50 | op=SEND_HEARTBEAT {datanodeUUID=d267f1ee-b840-49aa-88d3-6d319dcb89fa, command=[]} | ret=SUCCESS |  
2019-09-19 04:31:13,015 | INFO  | SCMAudit | user=jenkins1000 | ip=192.168.34.50 | op=SEND_HEARTBEAT {datanodeUUID=646ad8b2-e397-4e74-bda7-a2da429002a8, command=[]} | ret=SUCCESS |  
2019-09-19 04:31:13,105 [grpc-default-executor-0] INFO  client.GrpcClientProtocolClient (GrpcClientProtocolClient.java:onNext(255)) - client-8D3BBA1B251F->d40cfe62-fc21-48bd-841c-37c3da2319ca: receive RaftClientReply:client-8D3BBA1B251F->d40cfe62-fc21-48bd-841c-37c3da2319ca@group-52CD28E9D88B, cid=45, FAILED org.apache.ratis.protocol.NotLeaderException: Server d40cfe62-fc21-48bd-841c-37c3da2319ca is not the leader (fc0f8f3b-538d-481e-abe0-204925d4ee8f:192.168.34.50:35638). Request must be sent to leader., logIndex=0, commits[d40cfe62-fc21-48bd-841c-37c3da2319ca:c8, fc0f8f3b-538d-481e-abe0-204925d4ee8f:c8, cacd8be3-3994-43a0-9248-dc2aa43e6f92:c8]
2019-09-19 04:31:13,232 | INFO  | SCMAudit | user=jenkins1000 | ip=192.168.34.50 | op=SEND_HEARTBEAT {datanodeUUID=bb21d486-410c-4d63-a3eb-a911625626cf, command=[]} | ret=SUCCESS |  
2019-09-19 04:31:13,509 | INFO  | SCMAudit | user=jenkins1000 | ip=192.168.34.50 | op=SEND_HEARTBEAT {datanodeUUID=cee6b86e-e629-45c9-9c42-7061c1d64ecd, command=[]} | ret=SUCCESS |  
2019-09-19 04:31:13,607 | INFO  | SCMAudit | user=jenkins1000 | ip=192.168.34.50 | op=SEND_HEARTBEAT {datanodeUUID=fc0f8f3b-538d-481e-abe0-204925d4ee8f, command=[]} | ret=SUCCESS |  
2019-09-19 04:31:13,612 | INFO  | SCMAudit | user=jenkins1000 | ip=192.168.34.50 | op=SEND_HEARTBEAT {datanodeUUID=cacd8be3-3994-43a0-9248-dc2aa43e6f92, command=[]} | ret=SUCCESS |  
2019-09-19 04:31:13,620 | INFO  | SCMAudit | user=jenkins1000 | ip=192.168.34.50 | op=SEND_HEARTBEAT {datanodeUUID=d40cfe62-fc21-48bd-841c-37c3da2319ca, command=[]} | ret=SUCCESS |  
2019-09-19 04:31:13,774 | INFO  | SCMAudit | user=jenkins1000 | ip=192.168.34.50 | op=SEND_HEARTBEAT {datanodeUUID=d267f1ee-b840-49aa-88d3-6d319dcb89fa, command=[]} | ret=SUCCESS |  
2019-09-19 04:31:14,015 | INFO  | SCMAudit | user=jenkins1000 | ip=192.168.34.50 | op=SEND_HEARTBEAT {datanodeUUID=646ad8b2-e397-4e74-bda7-a2da429002a8, command=[]} | ret=SUCCESS |  
2019-09-19 04:31:14,232 | INFO  | SCMAudit | user=jenkins1000 | ip=192.168.34.50 | op=SEND_HEARTBEAT {datanodeUUID=bb21d486-410c-4d63-a3eb-a911625626cf, command=[]} | ret=SUCCESS |  
2019-09-19 04:31:14,508 | INFO  | SCMAudit | user=jenkins1000 | ip=192.168.34.50 | op=SEND_HEARTBEAT {datanodeUUID=cee6b86e-e629-45c9-9c42-7061c1d64ecd, command=[]} | ret=SUCCESS |  
2019-09-19 04:31:14,607 | INFO  | SCMAudit | user=jenkins1000 | ip=192.168.34.50 | op=SEND_HEARTBEAT {datanodeUUID=fc0f8f3b-538d-481e-abe0-204925d4ee8f, command=[]} | ret=SUCCESS |  
2019-09-19 04:31:14,612 | INFO  | SCMAudit | user=jenkins1000 | ip=192.168.34.50 | op=SEND_HEARTBEAT {datanodeUUID=cacd8be3-3994-43a0-9248-dc2aa43e6f92, command=[]} | ret=SUCCESS |  
2019-09-19 04:31:14,620 | INFO  | SCMAudit | user=jenkins1000 | ip=192.168.34.50 | op=SEND_HEARTBEAT {datanodeUUID=d40cfe62-fc21-48bd-841c-37c3da2319ca, command=[]} | ret=SUCCESS |  
2019-09-19 04:31:14,775 | INFO  | SCMAudit | user=jenkins1000 | ip=192.168.34.50 | op=SEND_HEARTBEAT {datanodeUUID=d267f1ee-b840-49aa-88d3-6d319dcb89fa, command=[]} | ret=SUCCESS |  
2019-09-19 04:31:15,016 | INFO  | SCMAudit | user=jenkins1000 | ip=192.168.34.50 | op=SEND_HEARTBEAT {datanodeUUID=646ad8b2-e397-4e74-bda7-a2da429002a8, command=[]} | ret=SUCCESS |  
2019-09-19 04:31:15,231 | INFO  | SCMAudit | user=jenkins1000 | ip=192.168.34.50 | op=SEND_HEARTBEAT {datanodeUUID=bb21d486-410c-4d63-a3eb-a911625626cf, command=[]} | ret=SUCCESS |  
2019-09-19 04:31:15,508 | INFO  | SCMAudit | user=jenkins1000 | ip=192.168.34.50 | op=SEND_HEARTBEAT {datanodeUUID=cee6b86e-e629-45c9-9c42-7061c1d64ecd, command=[]} | ret=SUCCESS |  
2019-09-19 04:31:15,607 | INFO  | SCMAudit | user=jenkins1000 | ip=192.168.34.50 | op=SEND_HEARTBEAT {datanodeUUID=fc0f8f3b-538d-481e-abe0-204925d4ee8f, command=[]} | ret=SUCCESS |  
2019-09-19 04:31:15,612 | INFO  | SCMAudit | user=jenkins1000 | ip=192.168.34.50 | op=SEND_HEARTBEAT {datanodeUUID=cacd8be3-3994-43a0-9248-dc2aa43e6f92, command=[]} | ret=SUCCESS |  
2019-09-19 04:31:15,620 | INFO  | SCMAudit | user=jenkins1000 | ip=192.168.34.50 | op=SEND_HEARTBEAT {datanodeUUID=d40cfe62-fc21-48bd-841c-37c3da2319ca, command=[]} | ret=SUCCESS |  
2019-09-19 04:31:15,775 | INFO  | SCMAudit | user=jenkins1000 | ip=192.168.34.50 | op=SEND_HEARTBEAT {datanodeUUID=d267f1ee-b840-49aa-88d3-6d319dcb89fa, command=[]} | ret=SUCCESS |  
2019-09-19 04:31:16,015 | INFO  | SCMAudit | user=jenkins1000 | ip=192.168.34.50 | op=SEND_HEARTBEAT {datanodeUUID=646ad8b2-e397-4e74-bda7-a2da429002a8, command=[]} | ret=SUCCESS |  
2019-09-19 04:31:16,231 | INFO  | SCMAudit | user=jenkins1000 | ip=192.168.34.50 | op=SEND_HEARTBEAT {datanodeUUID=bb21d486-410c-4d63-a3eb-a911625626cf, command=[]} | ret=SUCCESS |  
2019-09-19 04:31:16,509 | INFO  | SCMAudit | user=jenkins1000 | ip=192.168.34.50 | op=SEND_HEARTBEAT {datanodeUUID=cee6b86e-e629-45c9-9c42-7061c1d64ecd, command=[]} | ret=SUCCESS |  
2019-09-19 04:31:16,608 | INFO  | SCMAudit | user=jenkins1000 | ip=192.168.34.50 | op=SEND_HEARTBEAT {datanodeUUID=fc0f8f3b-538d-481e-abe0-204925d4ee8f, command=[]} | ret=SUCCESS |  
2019-09-19 04:31:16,612 | INFO  | SCMAudit | user=jenkins1000 | ip=192.168.34.50 | op=SEND_HEARTBEAT {datanodeUUID=cacd8be3-3994-43a0-9248-dc2aa43e6f92, command=[]} | ret=SUCCESS |  
2019-09-19 04:31:16,621 | INFO  | SCMAudit | user=jenkins1000 | ip=192.168.34.50 | op=SEND_HEARTBEAT {datanodeUUID=d40cfe62-fc21-48bd-841c-37c3da2319ca, command=[]} | ret=SUCCESS |  
2019-09-19 04:31:16,774 | INFO  | SCMAudit | user=jenkins1000 | ip=192.168.34.50 | op=SEND_HEARTBEAT {datanodeUUID=d267f1ee-b840-49aa-88d3-6d319dcb89fa, command=[]} | ret=SUCCESS |  
2019-09-19 04:31:17,016 | INFO  | SCMAudit | user=jenkins1000 | ip=192.168.34.50 | op=SEND_HEARTBEAT {datanodeUUID=646ad8b2-e397-4e74-bda7-a2da429002a8, command=[]} | ret=SUCCESS |  
2019-09-19 04:31:17,232 | INFO  | SCMAudit | user=jenkins1000 | ip=192.168.34.50 | op=SEND_HEARTBEAT {datanodeUUID=bb21d486-410c-4d63-a3eb-a911625626cf, command=[]} | ret=SUCCESS |  
2019-09-19 04:31:17,509 | INFO  | SCMAudit | user=jenkins1000 | ip=192.168.34.50 | op=SEND_HEARTBEAT {datanodeUUID=cee6b86e-e629-45c9-9c42-7061c1d64ecd, command=[]} | ret=SUCCESS |  
2019-09-19 04:31:17,608 | INFO  | SCMAudit | user=jenkins1000 | ip=192.168.34.50 | op=SEND_HEARTBEAT {datanodeUUID=fc0f8f3b-538d-481e-abe0-204925d4ee8f, command=[]} | ret=SUCCESS |  
2019-09-19 04:31:17,612 | INFO  | SCMAudit | user=jenkins1000 | ip=192.168.34.50 | op=SEND_HEARTBEAT {datanodeUUID=cacd8be3-3994-43a0-9248-dc2aa43e6f92, command=[]} | ret=SUCCESS |  
2019-09-19 04:31:17,622 | INFO  | SCMAudit | user=jenkins1000 | ip=192.168.34.50 | op=SEND_HEARTBEAT {datanodeUUID=d40cfe62-fc21-48bd-841c-37c3da2319ca, command=[]} | ret=SUCCESS |  
2019-09-19 04:31:17,774 | INFO  | SCMAudit | user=jenkins1000 | ip=192.168.34.50 | op=SEND_HEARTBEAT {datanodeUUID=d267f1ee-b840-49aa-88d3-6d319dcb89fa, command=[]} | ret=SUCCESS |  
2019-09-19 04:31:18,016 | INFO  | SCMAudit | user=jenkins1000 | ip=192.168.34.50 | op=SEND_HEARTBEAT {datanodeUUID=646ad8b2-e397-4e74-bda7-a2da429002a8, command=[]} | ret=SUCCESS |  
2019-09-19 04:31:18,143 [grpc-default-executor-5] INFO  client.GrpcClientProtocolClient (GrpcClientProtocolClient.java:onNext(255)) - client-8D3BBA1B251F->cacd8be3-3994-43a0-9248-dc2aa43e6f92: receive RaftClientReply:client-8D3BBA1B251F->cacd8be3-3994-43a0-9248-dc2aa43e6f92@group-52CD28E9D88B, cid=45, FAILED org.apache.ratis.protocol.NotLeaderException: Server cacd8be3-3994-43a0-9248-dc2aa43e6f92 is not the leader (fc0f8f3b-538d-481e-abe0-204925d4ee8f:192.168.34.50:35638). Request must be sent to leader., logIndex=0, commits[cacd8be3-3994-43a0-9248-dc2aa43e6f92:c8, d40cfe62-fc21-48bd-841c-37c3da2319ca:c8, fc0f8f3b-538d-481e-abe0-204925d4ee8f:c8]
2019-09-19 04:31:18,232 | INFO  | SCMAudit | user=jenkins1000 | ip=192.168.34.50 | op=SEND_HEARTBEAT {datanodeUUID=bb21d486-410c-4d63-a3eb-a911625626cf, command=[]} | ret=SUCCESS |  
2019-09-19 04:31:18,508 | INFO  | SCMAudit | user=jenkins1000 | ip=192.168.34.50 | op=SEND_HEARTBEAT {datanodeUUID=cee6b86e-e629-45c9-9c42-7061c1d64ecd, command=[]} | ret=SUCCESS |  
2019-09-19 04:31:18,607 | INFO  | SCMAudit | user=jenkins1000 | ip=192.168.34.50 | op=SEND_HEARTBEAT {datanodeUUID=fc0f8f3b-538d-481e-abe0-204925d4ee8f, command=[]} | ret=SUCCESS |  
2019-09-19 04:31:18,612 | INFO  | SCMAudit | user=jenkins1000 | ip=192.168.34.50 | op=SEND_HEARTBEAT {datanodeUUID=cacd8be3-3994-43a0-9248-dc2aa43e6f92, command=[]} | ret=SUCCESS |  
2019-09-19 04:31:18,622 | INFO  | SCMAudit | user=jenkins1000 | ip=192.168.34.50 | op=SEND_HEARTBEAT {datanodeUUID=d40cfe62-fc21-48bd-841c-37c3da2319ca, command=[]} | ret=SUCCESS |  
2019-09-19 04:31:18,775 | INFO  | SCMAudit | user=jenkins1000 | ip=192.168.34.50 | op=SEND_HEARTBEAT {datanodeUUID=d267f1ee-b840-49aa-88d3-6d319dcb89fa, command=[]} | ret=SUCCESS |  
2019-09-19 04:31:19,016 | INFO  | SCMAudit | user=jenkins1000 | ip=192.168.34.50 | op=SEND_HEARTBEAT {datanodeUUID=646ad8b2-e397-4e74-bda7-a2da429002a8, command=[]} | ret=SUCCESS |  
2019-09-19 04:31:19,232 | INFO  | SCMAudit | user=jenkins1000 | ip=192.168.34.50 | op=SEND_HEARTBEAT {datanodeUUID=bb21d486-410c-4d63-a3eb-a911625626cf, command=[]} | ret=SUCCESS |  
2019-09-19 04:31:19,509 | INFO  | SCMAudit | user=jenkins1000 | ip=192.168.34.50 | op=SEND_HEARTBEAT {datanodeUUID=cee6b86e-e629-45c9-9c42-7061c1d64ecd, command=[]} | ret=SUCCESS |  
2019-09-19 04:31:19,607 | INFO  | SCMAudit | user=jenkins1000 | ip=192.168.34.50 | op=SEND_HEARTBEAT {datanodeUUID=fc0f8f3b-538d-481e-abe0-204925d4ee8f, command=[]} | ret=SUCCESS |  
2019-09-19 04:31:19,612 | INFO  | SCMAudit | user=jenkins1000 | ip=192.168.34.50 | op=SEND_HEARTBEAT {datanodeUUID=cacd8be3-3994-43a0-9248-dc2aa43e6f92, command=[]} | ret=SUCCESS |  
2019-09-19 04:31:19,622 | INFO  | SCMAudit | user=jenkins1000 | ip=192.168.34.50 | op=SEND_HEARTBEAT {datanodeUUID=d40cfe62-fc21-48bd-841c-37c3da2319ca, command=[]} | ret=SUCCESS |  
2019-09-19 04:31:19,774 | INFO  | SCMAudit | user=jenkins1000 | ip=192.168.34.50 | op=SEND_HEARTBEAT {datanodeUUID=d267f1ee-b840-49aa-88d3-6d319dcb89fa, command=[]} | ret=SUCCESS |  
2019-09-19 04:31:20,016 | INFO  | SCMAudit | user=jenkins1000 | ip=192.168.34.50 | op=SEND_HEARTBEAT {datanodeUUID=646ad8b2-e397-4e74-bda7-a2da429002a8, command=[]} | ret=SUCCESS |  
2019-09-19 04:31:20,232 | INFO  | SCMAudit | user=jenkins1000 | ip=192.168.34.50 | op=SEND_HEARTBEAT {datanodeUUID=bb21d486-410c-4d63-a3eb-a911625626cf, command=[]} | ret=SUCCESS |  
2019-09-19 04:31:20,509 | INFO  | SCMAudit | user=jenkins1000 | ip=192.168.34.50 | op=SEND_HEARTBEAT {datanodeUUID=cee6b86e-e629-45c9-9c42-7061c1d64ecd, command=[]} | ret=SUCCESS |  
2019-09-19 04:31:20,607 | INFO  | SCMAudit | user=jenkins1000 | ip=192.168.34.50 | op=SEND_HEARTBEAT {datanodeUUID=fc0f8f3b-538d-481e-abe0-204925d4ee8f, command=[]} | ret=SUCCESS |  
2019-09-19 04:31:20,612 | INFO  | SCMAudit | user=jenkins1000 | ip=192.168.34.50 | op=SEND_HEARTBEAT {datanodeUUID=cacd8be3-3994-43a0-9248-dc2aa43e6f92, command=[]} | ret=SUCCESS |  
2019-09-19 04:31:20,622 | INFO  | SCMAudit | user=jenkins1000 | ip=192.168.34.50 | op=SEND_HEARTBEAT {datanodeUUID=d40cfe62-fc21-48bd-841c-37c3da2319ca, command=[]} | ret=SUCCESS |  
2019-09-19 04:31:20,774 | INFO  | SCMAudit | user=jenkins1000 | ip=192.168.34.50 | op=SEND_HEARTBEAT {datanodeUUID=d267f1ee-b840-49aa-88d3-6d319dcb89fa, command=[]} | ret=SUCCESS |  
2019-09-19 04:31:21,016 | INFO  | SCMAudit | user=jenkins1000 | ip=192.168.34.50 | op=SEND_HEARTBEAT {datanodeUUID=646ad8b2-e397-4e74-bda7-a2da429002a8, command=[]} | ret=SUCCESS |  
2019-09-19 04:31:21,232 | INFO  | SCMAudit | user=jenkins1000 | ip=192.168.34.50 | op=SEND_HEARTBEAT {datanodeUUID=bb21d486-410c-4d63-a3eb-a911625626cf, command=[]} | ret=SUCCESS |  
2019-09-19 04:31:21,508 | INFO  | SCMAudit | user=jenkins1000 | ip=192.168.34.50 | op=SEND_HEARTBEAT {datanodeUUID=cee6b86e-e629-45c9-9c42-7061c1d64ecd, command=[]} | ret=SUCCESS |  
2019-09-19 04:31:21,608 | INFO  | SCMAudit | user=jenkins1000 | ip=192.168.34.50 | op=SEND_HEARTBEAT {datanodeUUID=fc0f8f3b-538d-481e-abe0-204925d4ee8f, command=[]} | ret=SUCCESS |  
2019-09-19 04:31:21,612 | INFO  | SCMAudit | user=jenkins1000 | ip=192.168.34.50 | op=SEND_HEARTBEAT {datanodeUUID=cacd8be3-3994-43a0-9248-dc2aa43e6f92, command=[]} | ret=SUCCESS |  
2019-09-19 04:31:21,623 | INFO  | SCMAudit | user=jenkins1000 | ip=192.168.34.50 | op=SEND_HEARTBEAT {datanodeUUID=d40cfe62-fc21-48bd-841c-37c3da2319ca, command=[]} | ret=SUCCESS |  
2019-09-19 04:31:21,774 | INFO  | SCMAudit | user=jenkins1000 | ip=192.168.34.50 | op=SEND_HEARTBEAT {datanodeUUID=d267f1ee-b840-49aa-88d3-6d319dcb89fa, command=[]} | ret=SUCCESS |  
2019-09-19 04:31:22,016 | INFO  | SCMAudit | user=jenkins1000 | ip=192.168.34.50 | op=SEND_HEARTBEAT {datanodeUUID=646ad8b2-e397-4e74-bda7-a2da429002a8, command=[]} | ret=SUCCESS |  
2019-09-19 04:31:22,232 | INFO  | SCMAudit | user=jenkins1000 | ip=192.168.34.50 | op=SEND_HEARTBEAT {datanodeUUID=bb21d486-410c-4d63-a3eb-a911625626cf, command=[]} | ret=SUCCESS |  
2019-09-19 04:31:22,508 | INFO  | SCMAudit | user=jenkins1000 | ip=192.168.34.50 | op=SEND_HEARTBEAT {datanodeUUID=cee6b86e-e629-45c9-9c42-7061c1d64ecd, command=[]} | ret=SUCCESS |  
2019-09-19 04:31:22,608 | INFO  | SCMAudit | user=jenkins1000 | ip=192.168.34.50 | op=SEND_HEARTBEAT {datanodeUUID=fc0f8f3b-538d-481e-abe0-204925d4ee8f, command=[]} | ret=SUCCESS |  
2019-09-19 04:31:22,613 | INFO  | SCMAudit | user=jenkins1000 | ip=192.168.34.50 | op=SEND_HEARTBEAT {datanodeUUID=cacd8be3-3994-43a0-9248-dc2aa43e6f92, command=[]} | ret=SUCCESS |  
2019-09-19 04:31:22,623 | INFO  | SCMAudit | user=jenkins1000 | ip=192.168.34.50 | op=SEND_HEARTBEAT {datanodeUUID=d40cfe62-fc21-48bd-841c-37c3da2319ca, command=[]} | ret=SUCCESS |  
2019-09-19 04:31:22,774 | INFO  | SCMAudit | user=jenkins1000 | ip=192.168.34.50 | op=SEND_HEARTBEAT {datanodeUUID=d267f1ee-b840-49aa-88d3-6d319dcb89fa, command=[]} | ret=SUCCESS |  
2019-09-19 04:31:23,019 | INFO  | SCMAudit | user=jenkins1000 | ip=192.168.34.50 | op=SEND_HEARTBEAT {datanodeUUID=646ad8b2-e397-4e74-bda7-a2da429002a8, command=[]} | ret=SUCCESS |  
2019-09-19 04:31:23,204 [grpc-default-executor-5] INFO  client.GrpcClientProtocolClient (GrpcClientProtocolClient.java:onNext(255)) - client-8D3BBA1B251F->d40cfe62-fc21-48bd-841c-37c3da2319ca: receive RaftClientReply:client-8D3BBA1B251F->d40cfe62-fc21-48bd-841c-37c3da2319ca@group-52CD28E9D88B, cid=45, FAILED org.apache.ratis.protocol.NotLeaderException: Server d40cfe62-fc21-48bd-841c-37c3da2319ca is not the leader (fc0f8f3b-538d-481e-abe0-204925d4ee8f:192.168.34.50:35638). Request must be sent to leader., logIndex=0, commits[d40cfe62-fc21-48bd-841c-37c3da2319ca:c8, fc0f8f3b-538d-481e-abe0-204925d4ee8f:c8, cacd8be3-3994-43a0-9248-dc2aa43e6f92:c8]
2019-09-19 04:31:23,233 | INFO  | SCMAudit | user=jenkins1000 | ip=192.168.34.50 | op=SEND_HEARTBEAT {datanodeUUID=bb21d486-410c-4d63-a3eb-a911625626cf, command=[]} | ret=SUCCESS |  
2019-09-19 04:31:23,508 | INFO  | SCMAudit | user=jenkins1000 | ip=192.168.34.50 | op=SEND_HEARTBEAT {datanodeUUID=cee6b86e-e629-45c9-9c42-7061c1d64ecd, command=[]} | ret=SUCCESS |  
2019-09-19 04:31:23,608 | INFO  | SCMAudit | user=jenkins1000 | ip=192.168.34.50 | op=SEND_HEARTBEAT {datanodeUUID=fc0f8f3b-538d-481e-abe0-204925d4ee8f, command=[]} | ret=SUCCESS |  
2019-09-19 04:31:23,613 | INFO  | SCMAudit | user=jenkins1000 | ip=192.168.34.50 | op=SEND_HEARTBEAT {datanodeUUID=cacd8be3-3994-43a0-9248-dc2aa43e6f92, command=[]} | ret=SUCCESS |  
2019-09-19 04:31:23,624 | INFO  | SCMAudit | user=jenkins1000 | ip=192.168.34.50 | op=SEND_HEARTBEAT {datanodeUUID=d40cfe62-fc21-48bd-841c-37c3da2319ca, command=[]} | ret=SUCCESS |  
2019-09-19 04:31:23,775 | INFO  | SCMAudit | user=jenkins1000 | ip=192.168.34.50 | op=SEND_HEARTBEAT {datanodeUUID=d267f1ee-b840-49aa-88d3-6d319dcb89fa, command=[]} | ret=SUCCESS |  
2019-09-19 04:31:24,017 | INFO  | SCMAudit | user=jenkins1000 | ip=192.168.34.50 | op=SEND_HEARTBEAT {datanodeUUID=646ad8b2-e397-4e74-bda7-a2da429002a8, command=[]} | ret=SUCCESS |  
2019-09-19 04:31:24,233 | INFO  | SCMAudit | user=jenkins1000 | ip=192.168.34.50 | op=SEND_HEARTBEAT {datanodeUUID=bb21d486-410c-4d63-a3eb-a911625626cf, command=[]} | ret=SUCCESS |  
2019-09-19 04:31:24,508 | INFO  | SCMAudit | user=jenkins1000 | ip=192.168.34.50 | op=SEND_HEARTBEAT {datanodeUUID=cee6b86e-e629-45c9-9c42-7061c1d64ecd, command=[]} | ret=SUCCESS |  
2019-09-19 04:31:24,608 | INFO  | SCMAudit | user=jenkins1000 | ip=192.168.34.50 | op=SEND_HEARTBEAT {datanodeUUID=fc0f8f3b-538d-481e-abe0-204925d4ee8f, command=[]} | ret=SUCCESS |  
2019-09-19 04:31:24,614 | INFO  | SCMAudit | user=jenkins1000 | ip=192.168.34.50 | op=SEND_HEARTBEAT {datanodeUUID=cacd8be3-3994-43a0-9248-dc2aa43e6f92, command=[]} | ret=SUCCESS |  
2019-09-19 04:31:24,625 | INFO  | SCMAudit | user=jenkins1000 | ip=192.168.34.50 | op=SEND_HEARTBEAT {datanodeUUID=d40cfe62-fc21-48bd-841c-37c3da2319ca, command=[]} | ret=SUCCESS |  
2019-09-19 04:31:24,774 | INFO  | SCMAudit | user=jenkins1000 | ip=192.168.34.50 | op=SEND_HEARTBEAT {datanodeUUID=d267f1ee-b840-49aa-88d3-6d319dcb89fa, command=[]} | ret=SUCCESS |  
2019-09-19 04:31:25,018 | INFO  | SCMAudit | user=jenkins1000 | ip=192.168.34.50 | op=SEND_HEARTBEAT {datanodeUUID=646ad8b2-e397-4e74-bda7-a2da429002a8, command=[]} | ret=SUCCESS |  
2019-09-19 04:31:25,233 | INFO  | SCMAudit | user=jenkins1000 | ip=192.168.34.50 | op=SEND_HEARTBEAT {datanodeUUID=bb21d486-410c-4d63-a3eb-a911625626cf, command=[]} | ret=SUCCESS |  
2019-09-19 04:31:25,509 | INFO  | SCMAudit | user=jenkins1000 | ip=192.168.34.50 | op=SEND_HEARTBEAT {datanodeUUID=cee6b86e-e629-45c9-9c42-7061c1d64ecd, command=[]} | ret=SUCCESS |  
2019-09-19 04:31:25,609 | INFO  | SCMAudit | user=jenkins1000 | ip=192.168.34.50 | op=SEND_HEARTBEAT {datanodeUUID=fc0f8f3b-538d-481e-abe0-204925d4ee8f, command=[]} | ret=SUCCESS |  
2019-09-19 04:31:25,614 | INFO  | SCMAudit | user=jenkins1000 | ip=192.168.34.50 | op=SEND_HEARTBEAT {datanodeUUID=cacd8be3-3994-43a0-9248-dc2aa43e6f92, command=[]} | ret=SUCCESS |  
2019-09-19 04:31:25,625 | INFO  | SCMAudit | user=jenkins1000 | ip=192.168.34.50 | op=SEND_HEARTBEAT {datanodeUUID=d40cfe62-fc21-48bd-841c-37c3da2319ca, command=[]} | ret=SUCCESS |  
2019-09-19 04:31:25,774 | INFO  | SCMAudit | user=jenkins1000 | ip=192.168.34.50 | op=SEND_HEARTBEAT {datanodeUUID=d267f1ee-b840-49aa-88d3-6d319dcb89fa, command=[]} | ret=SUCCESS |  
2019-09-19 04:31:26,019 | INFO  | SCMAudit | user=jenkins1000 | ip=192.168.34.50 | op=SEND_HEARTBEAT {datanodeUUID=646ad8b2-e397-4e74-bda7-a2da429002a8, command=[]} | ret=SUCCESS |  
2019-09-19 04:31:26,233 | INFO  | SCMAudit | user=jenkins1000 | ip=192.168.34.50 | op=SEND_HEARTBEAT {datanodeUUID=bb21d486-410c-4d63-a3eb-a911625626cf, command=[]} | ret=SUCCESS |  
2019-09-19 04:31:26,509 | INFO  | SCMAudit | user=jenkins1000 | ip=192.168.34.50 | op=SEND_HEARTBEAT {datanodeUUID=cee6b86e-e629-45c9-9c42-7061c1d64ecd, command=[]} | ret=SUCCESS |  
2019-09-19 04:31:26,609 | INFO  | SCMAudit | user=jenkins1000 | ip=192.168.34.50 | op=SEND_HEARTBEAT {datanodeUUID=fc0f8f3b-538d-481e-abe0-204925d4ee8f, command=[]} | ret=SUCCESS |  
2019-09-19 04:31:26,614 | INFO  | SCMAudit | user=jenkins1000 | ip=192.168.34.50 | op=SEND_HEARTBEAT {datanodeUUID=cacd8be3-3994-43a0-9248-dc2aa43e6f92, command=[]} | ret=SUCCESS |  
2019-09-19 04:31:26,626 | INFO  | SCMAudit | user=jenkins1000 | ip=192.168.34.50 | op=SEND_HEARTBEAT {datanodeUUID=d40cfe62-fc21-48bd-841c-37c3da2319ca, command=[]} | ret=SUCCESS |  
2019-09-19 04:31:26,774 | INFO  | SCMAudit | user=jenkins1000 | ip=192.168.34.50 | op=SEND_HEARTBEAT {datanodeUUID=d267f1ee-b840-49aa-88d3-6d319dcb89fa, command=[]} | ret=SUCCESS |  
2019-09-19 04:31:27,019 | INFO  | SCMAudit | user=jenkins1000 | ip=192.168.34.50 | op=SEND_HEARTBEAT {datanodeUUID=646ad8b2-e397-4e74-bda7-a2da429002a8, command=[]} | ret=SUCCESS |  
2019-09-19 04:31:27,233 | INFO  | SCMAudit | user=jenkins1000 | ip=192.168.34.50 | op=SEND_HEARTBEAT {datanodeUUID=bb21d486-410c-4d63-a3eb-a911625626cf, command=[]} | ret=SUCCESS |  
2019-09-19 04:31:27,508 | INFO  | SCMAudit | user=jenkins1000 | ip=192.168.34.50 | op=SEND_HEARTBEAT {datanodeUUID=cee6b86e-e629-45c9-9c42-7061c1d64ecd, command=[]} | ret=SUCCESS |  
2019-09-19 04:31:27,609 | INFO  | SCMAudit | user=jenkins1000 | ip=192.168.34.50 | op=SEND_HEARTBEAT {datanodeUUID=fc0f8f3b-538d-481e-abe0-204925d4ee8f, command=[]} | ret=SUCCESS |  
2019-09-19 04:31:27,615 | INFO  | SCMAudit | user=jenkins1000 | ip=192.168.34.50 | op=SEND_HEARTBEAT {datanodeUUID=cacd8be3-3994-43a0-9248-dc2aa43e6f92, command=[]} | ret=SUCCESS |  
2019-09-19 04:31:27,626 | INFO  | SCMAudit | user=jenkins1000 | ip=192.168.34.50 | op=SEND_HEARTBEAT {datanodeUUID=d40cfe62-fc21-48bd-841c-37c3da2319ca, command=[]} | ret=SUCCESS |  
2019-09-19 04:31:27,774 | INFO  | SCMAudit | user=jenkins1000 | ip=192.168.34.50 | op=SEND_HEARTBEAT {datanodeUUID=d267f1ee-b840-49aa-88d3-6d319dcb89fa, command=[]} | ret=SUCCESS |  
2019-09-19 04:31:28,019 | INFO  | SCMAudit | user=jenkins1000 | ip=192.168.34.50 | op=SEND_HEARTBEAT {datanodeUUID=646ad8b2-e397-4e74-bda7-a2da429002a8, command=[]} | ret=SUCCESS |  
2019-09-19 04:31:28,234 | INFO  | SCMAudit | user=jenkins1000 | ip=192.168.34.50 | op=SEND_HEARTBEAT {datanodeUUID=bb21d486-410c-4d63-a3eb-a911625626cf, command=[]} | ret=SUCCESS |  
2019-09-19 04:31:28,252 [grpc-default-executor-5] INFO  client.GrpcClientProtocolClient (GrpcClientProtocolClient.java:onNext(255)) - client-8D3BBA1B251F->cacd8be3-3994-43a0-9248-dc2aa43e6f92: receive RaftClientReply:client-8D3BBA1B251F->cacd8be3-3994-43a0-9248-dc2aa43e6f92@group-52CD28E9D88B, cid=45, FAILED org.apache.ratis.protocol.NotLeaderException: Server cacd8be3-3994-43a0-9248-dc2aa43e6f92 is not the leader (fc0f8f3b-538d-481e-abe0-204925d4ee8f:192.168.34.50:35638). Request must be sent to leader., logIndex=0, commits[cacd8be3-3994-43a0-9248-dc2aa43e6f92:c8, d40cfe62-fc21-48bd-841c-37c3da2319ca:c8, fc0f8f3b-538d-481e-abe0-204925d4ee8f:c8]
2019-09-19 04:31:28,509 | INFO  | SCMAudit | user=jenkins1000 | ip=192.168.34.50 | op=SEND_HEARTBEAT {datanodeUUID=cee6b86e-e629-45c9-9c42-7061c1d64ecd, command=[]} | ret=SUCCESS |  
2019-09-19 04:31:28,609 | INFO  | SCMAudit | user=jenkins1000 | ip=192.168.34.50 | op=SEND_HEARTBEAT {datanodeUUID=fc0f8f3b-538d-481e-abe0-204925d4ee8f, command=[]} | ret=SUCCESS |  
2019-09-19 04:31:28,614 | INFO  | SCMAudit | user=jenkins1000 | ip=192.168.34.50 | op=SEND_HEARTBEAT {datanodeUUID=cacd8be3-3994-43a0-9248-dc2aa43e6f92, command=[]} | ret=SUCCESS |  
2019-09-19 04:31:28,626 | INFO  | SCMAudit | user=jenkins1000 | ip=192.168.34.50 | op=SEND_HEARTBEAT {datanodeUUID=d40cfe62-fc21-48bd-841c-37c3da2319ca, command=[]} | ret=SUCCESS |  
2019-09-19 04:31:28,775 | INFO  | SCMAudit | user=jenkins1000 | ip=192.168.34.50 | op=SEND_HEARTBEAT {datanodeUUID=d267f1ee-b840-49aa-88d3-6d319dcb89fa, command=[]} | ret=SUCCESS |  
2019-09-19 04:31:29,019 | INFO  | SCMAudit | user=jenkins1000 | ip=192.168.34.50 | op=SEND_HEARTBEAT {datanodeUUID=646ad8b2-e397-4e74-bda7-a2da429002a8, command=[]} | ret=SUCCESS |  
2019-09-19 04:31:29,233 | INFO  | SCMAudit | user=jenkins1000 | ip=192.168.34.50 | op=SEND_HEARTBEAT {datanodeUUID=bb21d486-410c-4d63-a3eb-a911625626cf, command=[]} | ret=SUCCESS |  
2019-09-19 04:31:29,508 | INFO  | SCMAudit | user=jenkins1000 | ip=192.168.34.50 | op=SEND_HEARTBEAT {datanodeUUID=cee6b86e-e629-45c9-9c42-7061c1d64ecd, command=[]} | ret=SUCCESS |  
2019-09-19 04:31:29,610 | INFO  | SCMAudit | user=jenkins1000 | ip=192.168.34.50 | op=SEND_HEARTBEAT {datanodeUUID=fc0f8f3b-538d-481e-abe0-204925d4ee8f, command=[]} | ret=SUCCESS |  
2019-09-19 04:31:29,614 | INFO  | SCMAudit | user=jenkins1000 | ip=192.168.34.50 | op=SEND_HEARTBEAT {datanodeUUID=cacd8be3-3994-43a0-9248-dc2aa43e6f92, command=[]} | ret=SUCCESS |  
2019-09-19 04:31:29,626 | INFO  | SCMAudit | user=jenkins1000 | ip=192.168.34.50 | op=SEND_HEARTBEAT {datanodeUUID=d40cfe62-fc21-48bd-841c-37c3da2319ca, command=[]} | ret=SUCCESS |  
2019-09-19 04:31:29,774 | INFO  | SCMAudit | user=jenkins1000 | ip=192.168.34.50 | op=SEND_HEARTBEAT {datanodeUUID=d267f1ee-b840-49aa-88d3-6d319dcb89fa, command=[]} | ret=SUCCESS |  
2019-09-19 04:31:30,020 | INFO  | SCMAudit | user=jenkins1000 | ip=192.168.34.50 | op=SEND_HEARTBEAT {datanodeUUID=646ad8b2-e397-4e74-bda7-a2da429002a8, command=[]} | ret=SUCCESS |  
2019-09-19 04:31:30,234 | INFO  | SCMAudit | user=jenkins1000 | ip=192.168.34.50 | op=SEND_HEARTBEAT {datanodeUUID=bb21d486-410c-4d63-a3eb-a911625626cf, command=[]} | ret=SUCCESS |  
2019-09-19 04:31:30,509 | INFO  | SCMAudit | user=jenkins1000 | ip=192.168.34.50 | op=SEND_HEARTBEAT {datanodeUUID=cee6b86e-e629-45c9-9c42-7061c1d64ecd, command=[]} | ret=SUCCESS |  
2019-09-19 04:31:30,610 | INFO  | SCMAudit | user=jenkins1000 | ip=192.168.34.50 | op=SEND_HEARTBEAT {datanodeUUID=fc0f8f3b-538d-481e-abe0-204925d4ee8f, command=[]} | ret=SUCCESS |  
2019-09-19 04:31:30,615 | INFO  | SCMAudit | user=jenkins1000 | ip=192.168.34.50 | op=SEND_HEARTBEAT {datanodeUUID=cacd8be3-3994-43a0-9248-dc2aa43e6f92, command=[]} | ret=SUCCESS |  
2019-09-19 04:31:30,627 | INFO  | SCMAudit | user=jenkins1000 | ip=192.168.34.50 | op=SEND_HEARTBEAT {datanodeUUID=d40cfe62-fc21-48bd-841c-37c3da2319ca, command=[]} | ret=SUCCESS |  
2019-09-19 04:31:30,774 | INFO  | SCMAudit | user=jenkins1000 | ip=192.168.34.50 | op=SEND_HEARTBEAT {datanodeUUID=d267f1ee-b840-49aa-88d3-6d319dcb89fa, command=[]} | ret=SUCCESS |  
2019-09-19 04:31:31,019 | INFO  | SCMAudit | user=jenkins1000 | ip=192.168.34.50 | op=SEND_HEARTBEAT {datanodeUUID=646ad8b2-e397-4e74-bda7-a2da429002a8, command=[]} | ret=SUCCESS |  
2019-09-19 04:31:31,234 | INFO  | SCMAudit | user=jenkins1000 | ip=192.168.34.50 | op=SEND_HEARTBEAT {datanodeUUID=bb21d486-410c-4d63-a3eb-a911625626cf, command=[]} | ret=SUCCESS |  
2019-09-19 04:31:31,509 | INFO  | SCMAudit | user=jenkins1000 | ip=192.168.34.50 | op=SEND_HEARTBEAT {datanodeUUID=cee6b86e-e629-45c9-9c42-7061c1d64ecd, command=[]} | ret=SUCCESS |  
2019-09-19 04:31:31,611 | INFO  | SCMAudit | user=jenkins1000 | ip=192.168.34.50 | op=SEND_HEARTBEAT {datanodeUUID=fc0f8f3b-538d-481e-abe0-204925d4ee8f, command=[]} | ret=SUCCESS |  
2019-09-19 04:31:31,614 | INFO  | SCMAudit | user=jenkins1000 | ip=192.168.34.50 | op=SEND_HEARTBEAT {datanodeUUID=cacd8be3-3994-43a0-9248-dc2aa43e6f92, command=[]} | ret=SUCCESS |  
2019-09-19 04:31:31,626 | INFO  | SCMAudit | user=jenkins1000 | ip=192.168.34.50 | op=SEND_HEARTBEAT {datanodeUUID=d40cfe62-fc21-48bd-841c-37c3da2319ca, command=[]} | ret=SUCCESS |  
2019-09-19 04:31:31,774 | INFO  | SCMAudit | user=jenkins1000 | ip=192.168.34.50 | op=SEND_HEARTBEAT {datanodeUUID=d267f1ee-b840-49aa-88d3-6d319dcb89fa, command=[]} | ret=SUCCESS |  
2019-09-19 04:31:32,019 | INFO  | SCMAudit | user=jenkins1000 | ip=192.168.34.50 | op=SEND_HEARTBEAT {datanodeUUID=646ad8b2-e397-4e74-bda7-a2da429002a8, command=[]} | ret=SUCCESS |  
2019-09-19 04:31:32,233 | INFO  | SCMAudit | user=jenkins1000 | ip=192.168.34.50 | op=SEND_HEARTBEAT {datanodeUUID=bb21d486-410c-4d63-a3eb-a911625626cf, command=[]} | ret=SUCCESS |  
2019-09-19 04:31:32,509 | INFO  | SCMAudit | user=jenkins1000 | ip=192.168.34.50 | op=SEND_HEARTBEAT {datanodeUUID=cee6b86e-e629-45c9-9c42-7061c1d64ecd, command=[]} | ret=SUCCESS |  
2019-09-19 04:31:32,612 | INFO  | SCMAudit | user=jenkins1000 | ip=192.168.34.50 | op=SEND_HEARTBEAT {datanodeUUID=fc0f8f3b-538d-481e-abe0-204925d4ee8f, command=[]} | ret=SUCCESS |  
2019-09-19 04:31:32,614 | INFO  | SCMAudit | user=jenkins1000 | ip=192.168.34.50 | op=SEND_HEARTBEAT {datanodeUUID=cacd8be3-3994-43a0-9248-dc2aa43e6f92, command=[]} | ret=SUCCESS |  
2019-09-19 04:31:32,626 | INFO  | SCMAudit | user=jenkins1000 | ip=192.168.34.50 | op=SEND_HEARTBEAT {datanodeUUID=d40cfe62-fc21-48bd-841c-37c3da2319ca, command=[]} | ret=SUCCESS |  
2019-09-19 04:31:32,775 | INFO  | SCMAudit | user=jenkins1000 | ip=192.168.34.50 | op=SEND_HEARTBEAT {datanodeUUID=d267f1ee-b840-49aa-88d3-6d319dcb89fa, command=[]} | ret=SUCCESS |  
2019-09-19 04:31:33,019 | INFO  | SCMAudit | user=jenkins1000 | ip=192.168.34.50 | op=SEND_HEARTBEAT {datanodeUUID=646ad8b2-e397-4e74-bda7-a2da429002a8, command=[]} | ret=SUCCESS |  
2019-09-19 04:31:33,233 | INFO  | SCMAudit | user=jenkins1000 | ip=192.168.34.50 | op=SEND_HEARTBEAT {datanodeUUID=bb21d486-410c-4d63-a3eb-a911625626cf, command=[]} | ret=SUCCESS |  
2019-09-19 04:31:33,308 [grpc-default-executor-0] INFO  client.GrpcClientProtocolClient (GrpcClientProtocolClient.java:onNext(255)) - client-8D3BBA1B251F->cacd8be3-3994-43a0-9248-dc2aa43e6f92: receive RaftClientReply:client-8D3BBA1B251F->cacd8be3-3994-43a0-9248-dc2aa43e6f92@group-52CD28E9D88B, cid=45, FAILED org.apache.ratis.protocol.NotLeaderException: Server cacd8be3-3994-43a0-9248-dc2aa43e6f92 is not the leader (fc0f8f3b-538d-481e-abe0-204925d4ee8f:192.168.34.50:35638). Request must be sent to leader., logIndex=0, commits[cacd8be3-3994-43a0-9248-dc2aa43e6f92:c8, d40cfe62-fc21-48bd-841c-37c3da2319ca:c8, fc0f8f3b-538d-481e-abe0-204925d4ee8f:c8]
2019-09-19 04:31:33,509 | INFO  | SCMAudit | user=jenkins1000 | ip=192.168.34.50 | op=SEND_HEARTBEAT {datanodeUUID=cee6b86e-e629-45c9-9c42-7061c1d64ecd, command=[]} | ret=SUCCESS |  
2019-09-19 04:31:33,612 | INFO  | SCMAudit | user=jenkins1000 | ip=192.168.34.50 | op=SEND_HEARTBEAT {datanodeUUID=fc0f8f3b-538d-481e-abe0-204925d4ee8f, command=[]} | ret=SUCCESS |  
2019-09-19 04:31:33,614 | INFO  | SCMAudit | user=jenkins1000 | ip=192.168.34.50 | op=SEND_HEARTBEAT {datanodeUUID=cacd8be3-3994-43a0-9248-dc2aa43e6f92, command=[]} | ret=SUCCESS |  
2019-09-19 04:31:33,626 | INFO  | SCMAudit | user=jenkins1000 | ip=192.168.34.50 | op=SEND_HEARTBEAT {datanodeUUID=d40cfe62-fc21-48bd-841c-37c3da2319ca, command=[]} | ret=SUCCESS |  
2019-09-19 04:31:33,775 | INFO  | SCMAudit | user=jenkins1000 | ip=192.168.34.50 | op=SEND_HEARTBEAT {datanodeUUID=d267f1ee-b840-49aa-88d3-6d319dcb89fa, command=[]} | ret=SUCCESS |  
2019-09-19 04:31:34,022 | INFO  | SCMAudit | user=jenkins1000 | ip=192.168.34.50 | op=SEND_HEARTBEAT {datanodeUUID=646ad8b2-e397-4e74-bda7-a2da429002a8, command=[]} | ret=SUCCESS |  
2019-09-19 04:31:34,233 | INFO  | SCMAudit | user=jenkins1000 | ip=192.168.34.50 | op=SEND_HEARTBEAT {datanodeUUID=bb21d486-410c-4d63-a3eb-a911625626cf, command=[]} | ret=SUCCESS |  
2019-09-19 04:31:34,510 | INFO  | SCMAudit | user=jenkins1000 | ip=192.168.34.50 | op=SEND_HEARTBEAT {datanodeUUID=cee6b86e-e629-45c9-9c42-7061c1d64ecd, command=[]} | ret=SUCCESS |  
2019-09-19 04:31:34,612 | INFO  | SCMAudit | user=jenkins1000 | ip=192.168.34.50 | op=SEND_HEARTBEAT {datanodeUUID=fc0f8f3b-538d-481e-abe0-204925d4ee8f, command=[]} | ret=SUCCESS |  
2019-09-19 04:31:34,614 | INFO  | SCMAudit | user=jenkins1000 | ip=192.168.34.50 | op=SEND_HEARTBEAT {datanodeUUID=cacd8be3-3994-43a0-9248-dc2aa43e6f92, command=[]} | ret=SUCCESS |  
2019-09-19 04:31:34,626 | INFO  | SCMAudit | user=jenkins1000 | ip=192.168.34.50 | op=SEND_HEARTBEAT {datanodeUUID=d40cfe62-fc21-48bd-841c-37c3da2319ca, command=[]} | ret=SUCCESS |  
2019-09-19 04:31:34,774 | INFO  | SCMAudit | user=jenkins1000 | ip=192.168.34.50 | op=SEND_HEARTBEAT {datanodeUUID=d267f1ee-b840-49aa-88d3-6d319dcb89fa, command=[]} | ret=SUCCESS |  
2019-09-19 04:31:35,020 | INFO  | SCMAudit | user=jenkins1000 | ip=192.168.34.50 | op=SEND_HEARTBEAT {datanodeUUID=646ad8b2-e397-4e74-bda7-a2da429002a8, command=[]} | ret=SUCCESS |  
2019-09-19 04:31:35,234 | INFO  | SCMAudit | user=jenkins1000 | ip=192.168.34.50 | op=SEND_HEARTBEAT {datanodeUUID=bb21d486-410c-4d63-a3eb-a911625626cf, command=[]} | ret=SUCCESS |  
2019-09-19 04:31:35,510 | INFO  | SCMAudit | user=jenkins1000 | ip=192.168.34.50 | op=SEND_HEARTBEAT {datanodeUUID=cee6b86e-e629-45c9-9c42-7061c1d64ecd, command=[]} | ret=SUCCESS |  
2019-09-19 04:31:35,612 | INFO  | SCMAudit | user=jenkins1000 | ip=192.168.34.50 | op=SEND_HEARTBEAT {datanodeUUID=fc0f8f3b-538d-481e-abe0-204925d4ee8f, command=[]} | ret=SUCCESS |  
2019-09-19 04:31:35,614 | INFO  | SCMAudit | user=jenkins1000 | ip=192.168.34.50 | op=SEND_HEARTBEAT {datanodeUUID=cacd8be3-3994-43a0-9248-dc2aa43e6f92, command=[]} | ret=SUCCESS |  
2019-09-19 04:31:35,626 | INFO  | SCMAudit | user=jenkins1000 | ip=192.168.34.50 | op=SEND_HEARTBEAT {datanodeUUID=d40cfe62-fc21-48bd-841c-37c3da2319ca, command=[]} | ret=SUCCESS |  
2019-09-19 04:31:35,774 | INFO  | SCMAudit | user=jenkins1000 | ip=192.168.34.50 | op=SEND_HEARTBEAT {datanodeUUID=d267f1ee-b840-49aa-88d3-6d319dcb89fa, command=[]} | ret=SUCCESS |  
2019-09-19 04:31:36,020 | INFO  | SCMAudit | user=jenkins1000 | ip=192.168.34.50 | op=SEND_HEARTBEAT {datanodeUUID=646ad8b2-e397-4e74-bda7-a2da429002a8, command=[]} | ret=SUCCESS |  
2019-09-19 04:31:36,234 | INFO  | SCMAudit | user=jenkins1000 | ip=192.168.34.50 | op=SEND_HEARTBEAT {datanodeUUID=bb21d486-410c-4d63-a3eb-a911625626cf, command=[]} | ret=SUCCESS |  
2019-09-19 04:31:36,509 | INFO  | SCMAudit | user=jenkins1000 | ip=192.168.34.50 | op=SEND_HEARTBEAT {datanodeUUID=cee6b86e-e629-45c9-9c42-7061c1d64ecd, command=[]} | ret=SUCCESS |  
2019-09-19 04:31:36,613 | INFO  | SCMAudit | user=jenkins1000 | ip=192.168.34.50 | op=SEND_HEARTBEAT {datanodeUUID=fc0f8f3b-538d-481e-abe0-204925d4ee8f, command=[]} | ret=SUCCESS |  
2019-09-19 04:31:36,614 | INFO  | SCMAudit | user=jenkins1000 | ip=192.168.34.50 | op=SEND_HEARTBEAT {datanodeUUID=cacd8be3-3994-43a0-9248-dc2aa43e6f92, command=[]} | ret=SUCCESS |  
2019-09-19 04:31:36,626 | INFO  | SCMAudit | user=jenkins1000 | ip=192.168.34.50 | op=SEND_HEARTBEAT {datanodeUUID=d40cfe62-fc21-48bd-841c-37c3da2319ca, command=[]} | ret=SUCCESS |  
2019-09-19 04:31:36,774 | INFO  | SCMAudit | user=jenkins1000 | ip=192.168.34.50 | op=SEND_HEARTBEAT {datanodeUUID=d267f1ee-b840-49aa-88d3-6d319dcb89fa, command=[]} | ret=SUCCESS |  
2019-09-19 04:31:37,019 | INFO  | SCMAudit | user=jenkins1000 | ip=192.168.34.50 | op=SEND_HEARTBEAT {datanodeUUID=646ad8b2-e397-4e74-bda7-a2da429002a8, command=[]} | ret=SUCCESS |  
2019-09-19 04:31:37,235 | INFO  | SCMAudit | user=jenkins1000 | ip=192.168.34.50 | op=SEND_HEARTBEAT {datanodeUUID=bb21d486-410c-4d63-a3eb-a911625626cf, command=[]} | ret=SUCCESS |  
2019-09-19 04:31:37,509 | INFO  | SCMAudit | user=jenkins1000 | ip=192.168.34.50 | op=SEND_HEARTBEAT {datanodeUUID=cee6b86e-e629-45c9-9c42-7061c1d64ecd, command=[]} | ret=SUCCESS |  
2019-09-19 04:31:37,612 | INFO  | SCMAudit | user=jenkins1000 | ip=192.168.34.50 | op=SEND_HEARTBEAT {datanodeUUID=fc0f8f3b-538d-481e-abe0-204925d4ee8f, command=[]} | ret=SUCCESS |  
2019-09-19 04:31:37,614 | INFO  | SCMAudit | user=jenkins1000 | ip=192.168.34.50 | op=SEND_HEARTBEAT {datanodeUUID=cacd8be3-3994-43a0-9248-dc2aa43e6f92, command=[]} | ret=SUCCESS |  
2019-09-19 04:31:37,626 | INFO  | SCMAudit | user=jenkins1000 | ip=192.168.34.50 | op=SEND_HEARTBEAT {datanodeUUID=d40cfe62-fc21-48bd-841c-37c3da2319ca, command=[]} | ret=SUCCESS |  
2019-09-19 04:31:37,774 | INFO  | SCMAudit | user=jenkins1000 | ip=192.168.34.50 | op=SEND_HEARTBEAT {datanodeUUID=d267f1ee-b840-49aa-88d3-6d319dcb89fa, command=[]} | ret=SUCCESS |  
2019-09-19 04:31:38,019 | INFO  | SCMAudit | user=jenkins1000 | ip=192.168.34.50 | op=SEND_HEARTBEAT {datanodeUUID=646ad8b2-e397-4e74-bda7-a2da429002a8, command=[]} | ret=SUCCESS |  
2019-09-19 04:31:38,235 | INFO  | SCMAudit | user=jenkins1000 | ip=192.168.34.50 | op=SEND_HEARTBEAT {datanodeUUID=bb21d486-410c-4d63-a3eb-a911625626cf, command=[]} | ret=SUCCESS |  
2019-09-19 04:31:38,355 [grpc-default-executor-0] INFO  client.GrpcClientProtocolClient (GrpcClientProtocolClient.java:onNext(255)) - client-8D3BBA1B251F->cacd8be3-3994-43a0-9248-dc2aa43e6f92: receive RaftClientReply:client-8D3BBA1B251F->cacd8be3-3994-43a0-9248-dc2aa43e6f92@group-52CD28E9D88B, cid=45, FAILED org.apache.ratis.protocol.NotLeaderException: Server cacd8be3-3994-43a0-9248-dc2aa43e6f92 is not the leader (fc0f8f3b-538d-481e-abe0-204925d4ee8f:192.168.34.50:35638). Request must be sent to leader., logIndex=0, commits[cacd8be3-3994-43a0-9248-dc2aa43e6f92:c8, d40cfe62-fc21-48bd-841c-37c3da2319ca:c8, fc0f8f3b-538d-481e-abe0-204925d4ee8f:c8]
2019-09-19 04:31:38,509 | INFO  | SCMAudit | user=jenkins1000 | ip=192.168.34.50 | op=SEND_HEARTBEAT {datanodeUUID=cee6b86e-e629-45c9-9c42-7061c1d64ecd, command=[]} | ret=SUCCESS |  
2019-09-19 04:31:38,613 | INFO  | SCMAudit | user=jenkins1000 | ip=192.168.34.50 | op=SEND_HEARTBEAT {datanodeUUID=fc0f8f3b-538d-481e-abe0-204925d4ee8f, command=[]} | ret=SUCCESS |  
2019-09-19 04:31:38,614 | INFO  | SCMAudit | user=jenkins1000 | ip=192.168.34.50 | op=SEND_HEARTBEAT {datanodeUUID=cacd8be3-3994-43a0-9248-dc2aa43e6f92, command=[]} | ret=SUCCESS |  
2019-09-19 04:31:38,626 | INFO  | SCMAudit | user=jenkins1000 | ip=192.168.34.50 | op=SEND_HEARTBEAT {datanodeUUID=d40cfe62-fc21-48bd-841c-37c3da2319ca, command=[]} | ret=SUCCESS |  
2019-09-19 04:31:38,774 | INFO  | SCMAudit | user=jenkins1000 | ip=192.168.34.50 | op=SEND_HEARTBEAT {datanodeUUID=d267f1ee-b840-49aa-88d3-6d319dcb89fa, command=[]} | ret=SUCCESS |  
2019-09-19 04:31:39,020 | INFO  | SCMAudit | user=jenkins1000 | ip=192.168.34.50 | op=SEND_HEARTBEAT {datanodeUUID=646ad8b2-e397-4e74-bda7-a2da429002a8, command=[]} | ret=SUCCESS |  
2019-09-19 04:31:39,236 | INFO  | SCMAudit | user=jenkins1000 | ip=192.168.34.50 | op=SEND_HEARTBEAT {datanodeUUID=bb21d486-410c-4d63-a3eb-a911625626cf, command=[]} | ret=SUCCESS |  
2019-09-19 04:31:39,510 | INFO  | SCMAudit | user=jenkins1000 | ip=192.168.34.50 | op=SEND_HEARTBEAT {datanodeUUID=cee6b86e-e629-45c9-9c42-7061c1d64ecd, command=[]} | ret=SUCCESS |  
2019-09-19 04:31:39,613 | INFO  | SCMAudit | user=jenkins1000 | ip=192.168.34.50 | op=SEND_HEARTBEAT {datanodeUUID=fc0f8f3b-538d-481e-abe0-204925d4ee8f, command=[]} | ret=SUCCESS |  
2019-09-19 04:31:39,614 | INFO  | SCMAudit | user=jenkins1000 | ip=192.168.34.50 | op=SEND_HEARTBEAT {datanodeUUID=cacd8be3-3994-43a0-9248-dc2aa43e6f92, command=[]} | ret=SUCCESS |  
2019-09-19 04:31:39,626 | INFO  | SCMAudit | user=jenkins1000 | ip=192.168.34.50 | op=SEND_HEARTBEAT {datanodeUUID=d40cfe62-fc21-48bd-841c-37c3da2319ca, command=[]} | ret=SUCCESS |  
2019-09-19 04:31:39,775 | INFO  | SCMAudit | user=jenkins1000 | ip=192.168.34.50 | op=SEND_HEARTBEAT {datanodeUUID=d267f1ee-b840-49aa-88d3-6d319dcb89fa, command=[]} | ret=SUCCESS |  
2019-09-19 04:31:40,020 | INFO  | SCMAudit | user=jenkins1000 | ip=192.168.34.50 | op=SEND_HEARTBEAT {datanodeUUID=646ad8b2-e397-4e74-bda7-a2da429002a8, command=[]} | ret=SUCCESS |  
2019-09-19 04:31:40,236 | INFO  | SCMAudit | user=jenkins1000 | ip=192.168.34.50 | op=SEND_HEARTBEAT {datanodeUUID=bb21d486-410c-4d63-a3eb-a911625626cf, command=[]} | ret=SUCCESS |  
2019-09-19 04:31:40,509 | INFO  | SCMAudit | user=jenkins1000 | ip=192.168.34.50 | op=SEND_HEARTBEAT {datanodeUUID=cee6b86e-e629-45c9-9c42-7061c1d64ecd, command=[]} | ret=SUCCESS |  
2019-09-19 04:31:40,614 | INFO  | SCMAudit | user=jenkins1000 | ip=192.168.34.50 | op=SEND_HEARTBEAT {datanodeUUID=fc0f8f3b-538d-481e-abe0-204925d4ee8f, command=[]} | ret=SUCCESS |  
2019-09-19 04:31:40,614 | INFO  | SCMAudit | user=jenkins1000 | ip=192.168.34.50 | op=SEND_HEARTBEAT {datanodeUUID=cacd8be3-3994-43a0-9248-dc2aa43e6f92, command=[]} | ret=SUCCESS |  
2019-09-19 04:31:40,626 | INFO  | SCMAudit | user=jenkins1000 | ip=192.168.34.50 | op=SEND_HEARTBEAT {datanodeUUID=d40cfe62-fc21-48bd-841c-37c3da2319ca, command=[]} | ret=SUCCESS |  
2019-09-19 04:31:40,775 | INFO  | SCMAudit | user=jenkins1000 | ip=192.168.34.50 | op=SEND_HEARTBEAT {datanodeUUID=d267f1ee-b840-49aa-88d3-6d319dcb89fa, command=[]} | ret=SUCCESS |  
2019-09-19 04:31:41,019 | INFO  | SCMAudit | user=jenkins1000 | ip=192.168.34.50 | op=SEND_HEARTBEAT {datanodeUUID=646ad8b2-e397-4e74-bda7-a2da429002a8, command=[]} | ret=SUCCESS |  
2019-09-19 04:31:41,236 | INFO  | SCMAudit | user=jenkins1000 | ip=192.168.34.50 | op=SEND_HEARTBEAT {datanodeUUID=bb21d486-410c-4d63-a3eb-a911625626cf, command=[]} | ret=SUCCESS |  
2019-09-19 04:31:41,509 | INFO  | SCMAudit | user=jenkins1000 | ip=192.168.34.50 | op=SEND_HEARTBEAT {datanodeUUID=cee6b86e-e629-45c9-9c42-7061c1d64ecd, command=[]} | ret=SUCCESS |  
2019-09-19 04:31:41,614 | INFO  | SCMAudit | user=jenkins1000 | ip=192.168.34.50 | op=SEND_HEARTBEAT {datanodeUUID=fc0f8f3b-538d-481e-abe0-204925d4ee8f, command=[]} | ret=SUCCESS |  
2019-09-19 04:31:41,614 | INFO  | SCMAudit | user=jenkins1000 | ip=192.168.34.50 | op=SEND_HEARTBEAT {datanodeUUID=cacd8be3-3994-43a0-9248-dc2aa43e6f92, command=[]} | ret=SUCCESS |  
2019-09-19 04:31:41,626 | INFO  | SCMAudit | user=jenkins1000 | ip=192.168.34.50 | op=SEND_HEARTBEAT {datanodeUUID=d40cfe62-fc21-48bd-841c-37c3da2319ca, command=[]} | ret=SUCCESS |  
2019-09-19 04:31:41,774 | INFO  | SCMAudit | user=jenkins1000 | ip=192.168.34.50 | op=SEND_HEARTBEAT {datanodeUUID=d267f1ee-b840-49aa-88d3-6d319dcb89fa, command=[]} | ret=SUCCESS |  
2019-09-19 04:31:42,020 | INFO  | SCMAudit | user=jenkins1000 | ip=192.168.34.50 | op=SEND_HEARTBEAT {datanodeUUID=646ad8b2-e397-4e74-bda7-a2da429002a8, command=[]} | ret=SUCCESS |  
2019-09-19 04:31:42,237 | INFO  | SCMAudit | user=jenkins1000 | ip=192.168.34.50 | op=SEND_HEARTBEAT {datanodeUUID=bb21d486-410c-4d63-a3eb-a911625626cf, command=[]} | ret=SUCCESS |  
2019-09-19 04:31:42,510 | INFO  | SCMAudit | user=jenkins1000 | ip=192.168.34.50 | op=SEND_HEARTBEAT {datanodeUUID=cee6b86e-e629-45c9-9c42-7061c1d64ecd, command=[]} | ret=SUCCESS |  
2019-09-19 04:31:42,615 | INFO  | SCMAudit | user=jenkins1000 | ip=192.168.34.50 | op=SEND_HEARTBEAT {datanodeUUID=cacd8be3-3994-43a0-9248-dc2aa43e6f92, command=[]} | ret=SUCCESS |  
2019-09-19 04:31:42,615 | INFO  | SCMAudit | user=jenkins1000 | ip=192.168.34.50 | op=SEND_HEARTBEAT {datanodeUUID=fc0f8f3b-538d-481e-abe0-204925d4ee8f, command=[]} | ret=SUCCESS |  
2019-09-19 04:31:42,626 | INFO  | SCMAudit | user=jenkins1000 | ip=192.168.34.50 | op=SEND_HEARTBEAT {datanodeUUID=d40cfe62-fc21-48bd-841c-37c3da2319ca, command=[]} | ret=SUCCESS |  
2019-09-19 04:31:42,774 | INFO  | SCMAudit | user=jenkins1000 | ip=192.168.34.50 | op=SEND_HEARTBEAT {datanodeUUID=d267f1ee-b840-49aa-88d3-6d319dcb89fa, command=[]} | ret=SUCCESS |  
2019-09-19 04:31:43,020 | INFO  | SCMAudit | user=jenkins1000 | ip=192.168.34.50 | op=SEND_HEARTBEAT {datanodeUUID=646ad8b2-e397-4e74-bda7-a2da429002a8, command=[]} | ret=SUCCESS |  
2019-09-19 04:31:43,236 | INFO  | SCMAudit | user=jenkins1000 | ip=192.168.34.50 | op=SEND_HEARTBEAT {datanodeUUID=bb21d486-410c-4d63-a3eb-a911625626cf, command=[]} | ret=SUCCESS |  
2019-09-19 04:31:43,389 [grpc-default-executor-5] INFO  client.GrpcClientProtocolClient (GrpcClientProtocolClient.java:onNext(255)) - client-8D3BBA1B251F->d40cfe62-fc21-48bd-841c-37c3da2319ca: receive RaftClientReply:client-8D3BBA1B251F->d40cfe62-fc21-48bd-841c-37c3da2319ca@group-52CD28E9D88B, cid=45, FAILED org.apache.ratis.protocol.NotLeaderException: Server d40cfe62-fc21-48bd-841c-37c3da2319ca is not the leader (fc0f8f3b-538d-481e-abe0-204925d4ee8f:192.168.34.50:35638). Request must be sent to leader., logIndex=0, commits[d40cfe62-fc21-48bd-841c-37c3da2319ca:c8, fc0f8f3b-538d-481e-abe0-204925d4ee8f:c8, cacd8be3-3994-43a0-9248-dc2aa43e6f92:c8]
2019-09-19 04:31:43,509 | INFO  | SCMAudit | user=jenkins1000 | ip=192.168.34.50 | op=SEND_HEARTBEAT {datanodeUUID=cee6b86e-e629-45c9-9c42-7061c1d64ecd, command=[]} | ret=SUCCESS |  
2019-09-19 04:31:43,615 | INFO  | SCMAudit | user=jenkins1000 | ip=192.168.34.50 | op=SEND_HEARTBEAT {datanodeUUID=fc0f8f3b-538d-481e-abe0-204925d4ee8f, command=[]} | ret=SUCCESS |  
2019-09-19 04:31:43,615 | INFO  | SCMAudit | user=jenkins1000 | ip=192.168.34.50 | op=SEND_HEARTBEAT {datanodeUUID=cacd8be3-3994-43a0-9248-dc2aa43e6f92, command=[]} | ret=SUCCESS |  
2019-09-19 04:31:43,626 | INFO  | SCMAudit | user=jenkins1000 | ip=192.168.34.50 | op=SEND_HEARTBEAT {datanodeUUID=d40cfe62-fc21-48bd-841c-37c3da2319ca, command=[]} | ret=SUCCESS |  
2019-09-19 04:31:43,775 | INFO  | SCMAudit | user=jenkins1000 | ip=192.168.34.50 | op=SEND_HEARTBEAT {datanodeUUID=d267f1ee-b840-49aa-88d3-6d319dcb89fa, command=[]} | ret=SUCCESS |  
2019-09-19 04:31:44,020 | INFO  | SCMAudit | user=jenkins1000 | ip=192.168.34.50 | op=SEND_HEARTBEAT {datanodeUUID=646ad8b2-e397-4e74-bda7-a2da429002a8, command=[]} | ret=SUCCESS |  
2019-09-19 04:31:44,237 | INFO  | SCMAudit | user=jenkins1000 | ip=192.168.34.50 | op=SEND_HEARTBEAT {datanodeUUID=bb21d486-410c-4d63-a3eb-a911625626cf, command=[]} | ret=SUCCESS |  
2019-09-19 04:31:44,510 | INFO  | SCMAudit | user=jenkins1000 | ip=192.168.34.50 | op=SEND_HEARTBEAT {datanodeUUID=cee6b86e-e629-45c9-9c42-7061c1d64ecd, command=[]} | ret=SUCCESS |  
2019-09-19 04:31:44,615 | INFO  | SCMAudit | user=jenkins1000 | ip=192.168.34.50 | op=SEND_HEARTBEAT {datanodeUUID=fc0f8f3b-538d-481e-abe0-204925d4ee8f, command=[]} | ret=SUCCESS |  
2019-09-19 04:31:44,615 | INFO  | SCMAudit | user=jenkins1000 | ip=192.168.34.50 | op=SEND_HEARTBEAT {datanodeUUID=cacd8be3-3994-43a0-9248-dc2aa43e6f92, command=[]} | ret=SUCCESS |  
2019-09-19 04:31:44,626 | INFO  | SCMAudit | user=jenkins1000 | ip=192.168.34.50 | op=SEND_HEARTBEAT {datanodeUUID=d40cfe62-fc21-48bd-841c-37c3da2319ca, command=[]} | ret=SUCCESS |  
2019-09-19 04:31:44,775 | INFO  | SCMAudit | user=jenkins1000 | ip=192.168.34.50 | op=SEND_HEARTBEAT {datanodeUUID=d267f1ee-b840-49aa-88d3-6d319dcb89fa, command=[]} | ret=SUCCESS |  
2019-09-19 04:31:45,021 | INFO  | SCMAudit | user=jenkins1000 | ip=192.168.34.50 | op=SEND_HEARTBEAT {datanodeUUID=646ad8b2-e397-4e74-bda7-a2da429002a8, command=[]} | ret=SUCCESS |  
2019-09-19 04:31:45,237 | INFO  | SCMAudit | user=jenkins1000 | ip=192.168.34.50 | op=SEND_HEARTBEAT {datanodeUUID=bb21d486-410c-4d63-a3eb-a911625626cf, command=[]} | ret=SUCCESS |  
2019-09-19 04:31:45,509 | INFO  | SCMAudit | user=jenkins1000 | ip=192.168.34.50 | op=SEND_HEARTBEAT {datanodeUUID=cee6b86e-e629-45c9-9c42-7061c1d64ecd, command=[]} | ret=SUCCESS |  
2019-09-19 04:31:45,615 | INFO  | SCMAudit | user=jenkins1000 | ip=192.168.34.50 | op=SEND_HEARTBEAT {datanodeUUID=fc0f8f3b-538d-481e-abe0-204925d4ee8f, command=[]} | ret=SUCCESS |  
2019-09-19 04:31:45,615 | INFO  | SCMAudit | user=jenkins1000 | ip=192.168.34.50 | op=SEND_HEARTBEAT {datanodeUUID=cacd8be3-3994-43a0-9248-dc2aa43e6f92, command=[]} | ret=SUCCESS |  
2019-09-19 04:31:45,626 | INFO  | SCMAudit | user=jenkins1000 | ip=192.168.34.50 | op=SEND_HEARTBEAT {datanodeUUID=d40cfe62-fc21-48bd-841c-37c3da2319ca, command=[]} | ret=SUCCESS |  
2019-09-19 04:31:45,775 | INFO  | SCMAudit | user=jenkins1000 | ip=192.168.34.50 | op=SEND_HEARTBEAT {datanodeUUID=d267f1ee-b840-49aa-88d3-6d319dcb89fa, command=[]} | ret=SUCCESS |  
2019-09-19 04:31:46,021 | INFO  | SCMAudit | user=jenkins1000 | ip=192.168.34.50 | op=SEND_HEARTBEAT {datanodeUUID=646ad8b2-e397-4e74-bda7-a2da429002a8, command=[]} | ret=SUCCESS |  
2019-09-19 04:31:46,236 | INFO  | SCMAudit | user=jenkins1000 | ip=192.168.34.50 | op=SEND_HEARTBEAT {datanodeUUID=bb21d486-410c-4d63-a3eb-a911625626cf, command=[]} | ret=SUCCESS |  
2019-09-19 04:31:46,510 | INFO  | SCMAudit | user=jenkins1000 | ip=192.168.34.50 | op=SEND_HEARTBEAT {datanodeUUID=cee6b86e-e629-45c9-9c42-7061c1d64ecd, command=[]} | ret=SUCCESS |  
2019-09-19 04:31:46,616 | INFO  | SCMAudit | user=jenkins1000 | ip=192.168.34.50 | op=SEND_HEARTBEAT {datanodeUUID=fc0f8f3b-538d-481e-abe0-204925d4ee8f, command=[]} | ret=SUCCESS |  
2019-09-19 04:31:46,616 | INFO  | SCMAudit | user=jenkins1000 | ip=192.168.34.50 | op=SEND_HEARTBEAT {datanodeUUID=cacd8be3-3994-43a0-9248-dc2aa43e6f92, command=[]} | ret=SUCCESS |  
2019-09-19 04:31:46,627 | INFO  | SCMAudit | user=jenkins1000 | ip=192.168.34.50 | op=SEND_HEARTBEAT {datanodeUUID=d40cfe62-fc21-48bd-841c-37c3da2319ca, command=[]} | ret=SUCCESS |  
2019-09-19 04:31:46,775 | INFO  | SCMAudit | user=jenkins1000 | ip=192.168.34.50 | op=SEND_HEARTBEAT {datanodeUUID=d267f1ee-b840-49aa-88d3-6d319dcb89fa, command=[]} | ret=SUCCESS |  
2019-09-19 04:31:47,020 | INFO  | SCMAudit | user=jenkins1000 | ip=192.168.34.50 | op=SEND_HEARTBEAT {datanodeUUID=646ad8b2-e397-4e74-bda7-a2da429002a8, command=[]} | ret=SUCCESS |  
2019-09-19 04:31:47,237 | INFO  | SCMAudit | user=jenkins1000 | ip=192.168.34.50 | op=SEND_HEARTBEAT {datanodeUUID=bb21d486-410c-4d63-a3eb-a911625626cf, command=[]} | ret=SUCCESS |  
2019-09-19 04:31:47,510 | INFO  | SCMAudit | user=jenkins1000 | ip=192.168.34.50 | op=SEND_HEARTBEAT {datanodeUUID=cee6b86e-e629-45c9-9c42-7061c1d64ecd, command=[]} | ret=SUCCESS |  
2019-09-19 04:31:47,616 | INFO  | SCMAudit | user=jenkins1000 | ip=192.168.34.50 | op=SEND_HEARTBEAT {datanodeUUID=fc0f8f3b-538d-481e-abe0-204925d4ee8f, command=[]} | ret=SUCCESS |  
2019-09-19 04:31:47,616 | INFO  | SCMAudit | user=jenkins1000 | ip=192.168.34.50 | op=SEND_HEARTBEAT {datanodeUUID=cacd8be3-3994-43a0-9248-dc2aa43e6f92, command=[]} | ret=SUCCESS |  
2019-09-19 04:31:47,628 | INFO  | SCMAudit | user=jenkins1000 | ip=192.168.34.50 | op=SEND_HEARTBEAT {datanodeUUID=d40cfe62-fc21-48bd-841c-37c3da2319ca, command=[]} | ret=SUCCESS |  
2019-09-19 04:31:47,776 | INFO  | SCMAudit | user=jenkins1000 | ip=192.168.34.50 | op=SEND_HEARTBEAT {datanodeUUID=d267f1ee-b840-49aa-88d3-6d319dcb89fa, command=[]} | ret=SUCCESS |  
2019-09-19 04:31:48,021 | INFO  | SCMAudit | user=jenkins1000 | ip=192.168.34.50 | op=SEND_HEARTBEAT {datanodeUUID=646ad8b2-e397-4e74-bda7-a2da429002a8, command=[]} | ret=SUCCESS |  
2019-09-19 04:31:48,236 | INFO  | SCMAudit | user=jenkins1000 | ip=192.168.34.50 | op=SEND_HEARTBEAT {datanodeUUID=bb21d486-410c-4d63-a3eb-a911625626cf, command=[]} | ret=SUCCESS |  
2019-09-19 04:31:48,422 [grpc-default-executor-5] INFO  client.GrpcClientProtocolClient (GrpcClientProtocolClient.java:onNext(255)) - client-8D3BBA1B251F->d40cfe62-fc21-48bd-841c-37c3da2319ca: receive RaftClientReply:client-8D3BBA1B251F->d40cfe62-fc21-48bd-841c-37c3da2319ca@group-52CD28E9D88B, cid=45, FAILED org.apache.ratis.protocol.NotLeaderException: Server d40cfe62-fc21-48bd-841c-37c3da2319ca is not the leader (fc0f8f3b-538d-481e-abe0-204925d4ee8f:192.168.34.50:35638). Request must be sent to leader., logIndex=0, commits[d40cfe62-fc21-48bd-841c-37c3da2319ca:c8, fc0f8f3b-538d-481e-abe0-204925d4ee8f:c8, cacd8be3-3994-43a0-9248-dc2aa43e6f92:c8]
2019-09-19 04:31:48,510 | INFO  | SCMAudit | user=jenkins1000 | ip=192.168.34.50 | op=SEND_HEARTBEAT {datanodeUUID=cee6b86e-e629-45c9-9c42-7061c1d64ecd, command=[]} | ret=SUCCESS |  
2019-09-19 04:31:48,617 | INFO  | SCMAudit | user=jenkins1000 | ip=192.168.34.50 | op=SEND_HEARTBEAT {datanodeUUID=cacd8be3-3994-43a0-9248-dc2aa43e6f92, command=[]} | ret=SUCCESS |  
2019-09-19 04:31:48,617 | INFO  | SCMAudit | user=jenkins1000 | ip=192.168.34.50 | op=SEND_HEARTBEAT {datanodeUUID=fc0f8f3b-538d-481e-abe0-204925d4ee8f, command=[]} | ret=SUCCESS |  
2019-09-19 04:31:48,628 | INFO  | SCMAudit | user=jenkins1000 | ip=192.168.34.50 | op=SEND_HEARTBEAT {datanodeUUID=d40cfe62-fc21-48bd-841c-37c3da2319ca, command=[]} | ret=SUCCESS |  
2019-09-19 04:31:48,776 | INFO  | SCMAudit | user=jenkins1000 | ip=192.168.34.50 | op=SEND_HEARTBEAT {datanodeUUID=d267f1ee-b840-49aa-88d3-6d319dcb89fa, command=[]} | ret=SUCCESS |  
2019-09-19 04:31:49,021 | INFO  | SCMAudit | user=jenkins1000 | ip=192.168.34.50 | op=SEND_HEARTBEAT {datanodeUUID=646ad8b2-e397-4e74-bda7-a2da429002a8, command=[]} | ret=SUCCESS |  
2019-09-19 04:31:49,237 | INFO  | SCMAudit | user=jenkins1000 | ip=192.168.34.50 | op=SEND_HEARTBEAT {datanodeUUID=bb21d486-410c-4d63-a3eb-a911625626cf, command=[]} | ret=SUCCESS |  
2019-09-19 04:31:49,510 | INFO  | SCMAudit | user=jenkins1000 | ip=192.168.34.50 | op=SEND_HEARTBEAT {datanodeUUID=cee6b86e-e629-45c9-9c42-7061c1d64ecd, command=[]} | ret=SUCCESS |  
2019-09-19 04:31:49,616 | INFO  | SCMAudit | user=jenkins1000 | ip=192.168.34.50 | op=SEND_HEARTBEAT {datanodeUUID=fc0f8f3b-538d-481e-abe0-204925d4ee8f, command=[]} | ret=SUCCESS |  
2019-09-19 04:31:49,617 | INFO  | SCMAudit | user=jenkins1000 | ip=192.168.34.50 | op=SEND_HEARTBEAT {datanodeUUID=cacd8be3-3994-43a0-9248-dc2aa43e6f92, command=[]} | ret=SUCCESS |  
2019-09-19 04:31:49,628 | INFO  | SCMAudit | user=jenkins1000 | ip=192.168.34.50 | op=SEND_HEARTBEAT {datanodeUUID=d40cfe62-fc21-48bd-841c-37c3da2319ca, command=[]} | ret=SUCCESS |  
2019-09-19 04:31:49,775 | INFO  | SCMAudit | user=jenkins1000 | ip=192.168.34.50 | op=SEND_HEARTBEAT {datanodeUUID=d267f1ee-b840-49aa-88d3-6d319dcb89fa, command=[]} | ret=SUCCESS |  
2019-09-19 04:31:50,021 | INFO  | SCMAudit | user=jenkins1000 | ip=192.168.34.50 | op=SEND_HEARTBEAT {datanodeUUID=646ad8b2-e397-4e74-bda7-a2da429002a8, command=[]} | ret=SUCCESS |  
2019-09-19 04:31:50,237 | INFO  | SCMAudit | user=jenkins1000 | ip=192.168.34.50 | op=SEND_HEARTBEAT {datanodeUUID=bb21d486-410c-4d63-a3eb-a911625626cf, command=[]} | ret=SUCCESS |  
2019-09-19 04:31:50,510 | INFO  | SCMAudit | user=jenkins1000 | ip=192.168.34.50 | op=SEND_HEARTBEAT {datanodeUUID=cee6b86e-e629-45c9-9c42-7061c1d64ecd, command=[]} | ret=SUCCESS |  
2019-09-19 04:31:50,617 | INFO  | SCMAudit | user=jenkins1000 | ip=192.168.34.50 | op=SEND_HEARTBEAT {datanodeUUID=fc0f8f3b-538d-481e-abe0-204925d4ee8f, command=[]} | ret=SUCCESS |  
2019-09-19 04:31:50,617 | INFO  | SCMAudit | user=jenkins1000 | ip=192.168.34.50 | op=SEND_HEARTBEAT {datanodeUUID=cacd8be3-3994-43a0-9248-dc2aa43e6f92, command=[]} | ret=SUCCESS |  
2019-09-19 04:31:50,627 | INFO  | SCMAudit | user=jenkins1000 | ip=192.168.34.50 | op=SEND_HEARTBEAT {datanodeUUID=d40cfe62-fc21-48bd-841c-37c3da2319ca, command=[]} | ret=SUCCESS |  
2019-09-19 04:31:50,776 | INFO  | SCMAudit | user=jenkins1000 | ip=192.168.34.50 | op=SEND_HEARTBEAT {datanodeUUID=d267f1ee-b840-49aa-88d3-6d319dcb89fa, command=[]} | ret=SUCCESS |  
2019-09-19 04:31:51,022 | INFO  | SCMAudit | user=jenkins1000 | ip=192.168.34.50 | op=SEND_HEARTBEAT {datanodeUUID=646ad8b2-e397-4e74-bda7-a2da429002a8, command=[]} | ret=SUCCESS |  
2019-09-19 04:31:51,237 | INFO  | SCMAudit | user=jenkins1000 | ip=192.168.34.50 | op=SEND_HEARTBEAT {datanodeUUID=bb21d486-410c-4d63-a3eb-a911625626cf, command=[]} | ret=SUCCESS |  
2019-09-19 04:31:51,511 | INFO  | SCMAudit | user=jenkins1000 | ip=192.168.34.50 | op=SEND_HEARTBEAT {datanodeUUID=cee6b86e-e629-45c9-9c42-7061c1d64ecd, command=[]} | ret=SUCCESS |  
2019-09-19 04:31:51,617 | INFO  | SCMAudit | user=jenkins1000 | ip=192.168.34.50 | op=SEND_HEARTBEAT {datanodeUUID=fc0f8f3b-538d-481e-abe0-204925d4ee8f, command=[]} | ret=SUCCESS |  
2019-09-19 04:31:51,617 | INFO  | SCMAudit | user=jenkins1000 | ip=192.168.34.50 | op=SEND_HEARTBEAT {datanodeUUID=cacd8be3-3994-43a0-9248-dc2aa43e6f92, command=[]} | ret=SUCCESS |  
2019-09-19 04:31:51,627 | INFO  | SCMAudit | user=jenkins1000 | ip=192.168.34.50 | op=SEND_HEARTBEAT {datanodeUUID=d40cfe62-fc21-48bd-841c-37c3da2319ca, command=[]} | ret=SUCCESS |  
2019-09-19 04:31:51,775 | INFO  | SCMAudit | user=jenkins1000 | ip=192.168.34.50 | op=SEND_HEARTBEAT {datanodeUUID=d267f1ee-b840-49aa-88d3-6d319dcb89fa, command=[]} | ret=SUCCESS |  
2019-09-19 04:31:52,022 | INFO  | SCMAudit | user=jenkins1000 | ip=192.168.34.50 | op=SEND_HEARTBEAT {datanodeUUID=646ad8b2-e397-4e74-bda7-a2da429002a8, command=[]} | ret=SUCCESS |  
2019-09-19 04:31:52,238 | INFO  | SCMAudit | user=jenkins1000 | ip=192.168.34.50 | op=SEND_HEARTBEAT {datanodeUUID=bb21d486-410c-4d63-a3eb-a911625626cf, command=[]} | ret=SUCCESS |  
2019-09-19 04:31:52,511 | INFO  | SCMAudit | user=jenkins1000 | ip=192.168.34.50 | op=SEND_HEARTBEAT {datanodeUUID=cee6b86e-e629-45c9-9c42-7061c1d64ecd, command=[]} | ret=SUCCESS |  
2019-09-19 04:31:52,617 | INFO  | SCMAudit | user=jenkins1000 | ip=192.168.34.50 | op=SEND_HEARTBEAT {datanodeUUID=fc0f8f3b-538d-481e-abe0-204925d4ee8f, command=[]} | ret=SUCCESS |  
2019-09-19 04:31:52,617 | INFO  | SCMAudit | user=jenkins1000 | ip=192.168.34.50 | op=SEND_HEARTBEAT {datanodeUUID=cacd8be3-3994-43a0-9248-dc2aa43e6f92, command=[]} | ret=SUCCESS |  
2019-09-19 04:31:52,628 | INFO  | SCMAudit | user=jenkins1000 | ip=192.168.34.50 | op=SEND_HEARTBEAT {datanodeUUID=d40cfe62-fc21-48bd-841c-37c3da2319ca, command=[]} | ret=SUCCESS |  
2019-09-19 04:31:52,776 | INFO  | SCMAudit | user=jenkins1000 | ip=192.168.34.50 | op=SEND_HEARTBEAT {datanodeUUID=d267f1ee-b840-49aa-88d3-6d319dcb89fa, command=[]} | ret=SUCCESS |  
2019-09-19 04:31:53,021 | INFO  | SCMAudit | user=jenkins1000 | ip=192.168.34.50 | op=SEND_HEARTBEAT {datanodeUUID=646ad8b2-e397-4e74-bda7-a2da429002a8, command=[]} | ret=SUCCESS |  
2019-09-19 04:31:53,237 | INFO  | SCMAudit | user=jenkins1000 | ip=192.168.34.50 | op=SEND_HEARTBEAT {datanodeUUID=bb21d486-410c-4d63-a3eb-a911625626cf, command=[]} | ret=SUCCESS |  
2019-09-19 04:31:53,455 [grpc-default-executor-0] INFO  client.GrpcClientProtocolClient (GrpcClientProtocolClient.java:onNext(255)) - client-8D3BBA1B251F->cacd8be3-3994-43a0-9248-dc2aa43e6f92: receive RaftClientReply:client-8D3BBA1B251F->cacd8be3-3994-43a0-9248-dc2aa43e6f92@group-52CD28E9D88B, cid=45, FAILED org.apache.ratis.protocol.NotLeaderException: Server cacd8be3-3994-43a0-9248-dc2aa43e6f92 is not the leader (fc0f8f3b-538d-481e-abe0-204925d4ee8f:192.168.34.50:35638). Request must be sent to leader., logIndex=0, commits[cacd8be3-3994-43a0-9248-dc2aa43e6f92:c8, d40cfe62-fc21-48bd-841c-37c3da2319ca:c8, fc0f8f3b-538d-481e-abe0-204925d4ee8f:c8]
2019-09-19 04:31:53,511 | INFO  | SCMAudit | user=jenkins1000 | ip=192.168.34.50 | op=SEND_HEARTBEAT {datanodeUUID=cee6b86e-e629-45c9-9c42-7061c1d64ecd, command=[]} | ret=SUCCESS |  
2019-09-19 04:31:53,618 | INFO  | SCMAudit | user=jenkins1000 | ip=192.168.34.50 | op=SEND_HEARTBEAT {datanodeUUID=cacd8be3-3994-43a0-9248-dc2aa43e6f92, command=[]} | ret=SUCCESS |  
2019-09-19 04:31:53,618 | INFO  | SCMAudit | user=jenkins1000 | ip=192.168.34.50 | op=SEND_HEARTBEAT {datanodeUUID=fc0f8f3b-538d-481e-abe0-204925d4ee8f, command=[]} | ret=SUCCESS |  
2019-09-19 04:31:53,628 | INFO  | SCMAudit | user=jenkins1000 | ip=192.168.34.50 | op=SEND_HEARTBEAT {datanodeUUID=d40cfe62-fc21-48bd-841c-37c3da2319ca, command=[]} | ret=SUCCESS |  
2019-09-19 04:31:53,776 | INFO  | SCMAudit | user=jenkins1000 | ip=192.168.34.50 | op=SEND_HEARTBEAT {datanodeUUID=d267f1ee-b840-49aa-88d3-6d319dcb89fa, command=[]} | ret=SUCCESS |  
2019-09-19 04:31:54,022 | INFO  | SCMAudit | user=jenkins1000 | ip=192.168.34.50 | op=SEND_HEARTBEAT {datanodeUUID=646ad8b2-e397-4e74-bda7-a2da429002a8, command=[]} | ret=SUCCESS |  
2019-09-19 04:31:54,237 | INFO  | SCMAudit | user=jenkins1000 | ip=192.168.34.50 | op=SEND_HEARTBEAT {datanodeUUID=bb21d486-410c-4d63-a3eb-a911625626cf, command=[]} | ret=SUCCESS |  
2019-09-19 04:31:54,511 | INFO  | SCMAudit | user=jenkins1000 | ip=192.168.34.50 | op=SEND_HEARTBEAT {datanodeUUID=cee6b86e-e629-45c9-9c42-7061c1d64ecd, command=[]} | ret=SUCCESS |  
2019-09-19 04:31:54,618 | INFO  | SCMAudit | user=jenkins1000 | ip=192.168.34.50 | op=SEND_HEARTBEAT {datanodeUUID=fc0f8f3b-538d-481e-abe0-204925d4ee8f, command=[]} | ret=SUCCESS |  
2019-09-19 04:31:54,618 | INFO  | SCMAudit | user=jenkins1000 | ip=192.168.34.50 | op=SEND_HEARTBEAT {datanodeUUID=cacd8be3-3994-43a0-9248-dc2aa43e6f92, command=[]} | ret=SUCCESS |  
2019-09-19 04:31:54,628 | INFO  | SCMAudit | user=jenkins1000 | ip=192.168.34.50 | op=SEND_HEARTBEAT {datanodeUUID=d40cfe62-fc21-48bd-841c-37c3da2319ca, command=[]} | ret=SUCCESS |  
2019-09-19 04:31:54,776 | INFO  | SCMAudit | user=jenkins1000 | ip=192.168.34.50 | op=SEND_HEARTBEAT {datanodeUUID=d267f1ee-b840-49aa-88d3-6d319dcb89fa, command=[]} | ret=SUCCESS |  
2019-09-19 04:31:55,022 | INFO  | SCMAudit | user=jenkins1000 | ip=192.168.34.50 | op=SEND_HEARTBEAT {datanodeUUID=646ad8b2-e397-4e74-bda7-a2da429002a8, command=[]} | ret=SUCCESS |  
2019-09-19 04:31:55,238 | INFO  | SCMAudit | user=jenkins1000 | ip=192.168.34.50 | op=SEND_HEARTBEAT {datanodeUUID=bb21d486-410c-4d63-a3eb-a911625626cf, command=[]} | ret=SUCCESS |  
2019-09-19 04:31:55,510 | INFO  | SCMAudit | user=jenkins1000 | ip=192.168.34.50 | op=SEND_HEARTBEAT {datanodeUUID=cee6b86e-e629-45c9-9c42-7061c1d64ecd, command=[]} | ret=SUCCESS |  
2019-09-19 04:31:55,617 | INFO  | SCMAudit | user=jenkins1000 | ip=192.168.34.50 | op=SEND_HEARTBEAT {datanodeUUID=cacd8be3-3994-43a0-9248-dc2aa43e6f92, command=[]} | ret=SUCCESS |  
2019-09-19 04:31:55,618 | INFO  | SCMAudit | user=jenkins1000 | ip=192.168.34.50 | op=SEND_HEARTBEAT {datanodeUUID=fc0f8f3b-538d-481e-abe0-204925d4ee8f, command=[]} | ret=SUCCESS |  
2019-09-19 04:31:55,627 | INFO  | SCMAudit | user=jenkins1000 | ip=192.168.34.50 | op=SEND_HEARTBEAT {datanodeUUID=d40cfe62-fc21-48bd-841c-37c3da2319ca, command=[]} | ret=SUCCESS |  
2019-09-19 04:31:55,776 | INFO  | SCMAudit | user=jenkins1000 | ip=192.168.34.50 | op=SEND_HEARTBEAT {datanodeUUID=d267f1ee-b840-49aa-88d3-6d319dcb89fa, command=[]} | ret=SUCCESS |  
2019-09-19 04:31:56,023 | INFO  | SCMAudit | user=jenkins1000 | ip=192.168.34.50 | op=SEND_HEARTBEAT {datanodeUUID=646ad8b2-e397-4e74-bda7-a2da429002a8, command=[]} | ret=SUCCESS |  
2019-09-19 04:31:56,238 | INFO  | SCMAudit | user=jenkins1000 | ip=192.168.34.50 | op=SEND_HEARTBEAT {datanodeUUID=bb21d486-410c-4d63-a3eb-a911625626cf, command=[]} | ret=SUCCESS |  
2019-09-19 04:31:56,511 | INFO  | SCMAudit | user=jenkins1000 | ip=192.168.34.50 | op=SEND_HEARTBEAT {datanodeUUID=cee6b86e-e629-45c9-9c42-7061c1d64ecd, command=[]} | ret=SUCCESS |  
2019-09-19 04:31:56,617 | INFO  | SCMAudit | user=jenkins1000 | ip=192.168.34.50 | op=SEND_HEARTBEAT {datanodeUUID=cacd8be3-3994-43a0-9248-dc2aa43e6f92, command=[]} | ret=SUCCESS |  
2019-09-19 04:31:56,619 | INFO  | SCMAudit | user=jenkins1000 | ip=192.168.34.50 | op=SEND_HEARTBEAT {datanodeUUID=fc0f8f3b-538d-481e-abe0-204925d4ee8f, command=[]} | ret=SUCCESS |  
2019-09-19 04:31:56,627 | INFO  | SCMAudit | user=jenkins1000 | ip=192.168.34.50 | op=SEND_HEARTBEAT {datanodeUUID=d40cfe62-fc21-48bd-841c-37c3da2319ca, command=[]} | ret=SUCCESS |  
2019-09-19 04:31:56,777 | INFO  | SCMAudit | user=jenkins1000 | ip=192.168.34.50 | op=SEND_HEARTBEAT {datanodeUUID=d267f1ee-b840-49aa-88d3-6d319dcb89fa, command=[]} | ret=SUCCESS |  
2019-09-19 04:31:57,022 | INFO  | SCMAudit | user=jenkins1000 | ip=192.168.34.50 | op=SEND_HEARTBEAT {datanodeUUID=646ad8b2-e397-4e74-bda7-a2da429002a8, command=[]} | ret=SUCCESS |  
2019-09-19 04:31:57,237 | INFO  | SCMAudit | user=jenkins1000 | ip=192.168.34.50 | op=SEND_HEARTBEAT {datanodeUUID=bb21d486-410c-4d63-a3eb-a911625626cf, command=[]} | ret=SUCCESS |  
2019-09-19 04:31:57,510 | INFO  | SCMAudit | user=jenkins1000 | ip=192.168.34.50 | op=SEND_HEARTBEAT {datanodeUUID=cee6b86e-e629-45c9-9c42-7061c1d64ecd, command=[]} | ret=SUCCESS |  
2019-09-19 04:31:57,618 | INFO  | SCMAudit | user=jenkins1000 | ip=192.168.34.50 | op=SEND_HEARTBEAT {datanodeUUID=cacd8be3-3994-43a0-9248-dc2aa43e6f92, command=[]} | ret=SUCCESS |  
2019-09-19 04:31:57,619 | INFO  | SCMAudit | user=jenkins1000 | ip=192.168.34.50 | op=SEND_HEARTBEAT {datanodeUUID=fc0f8f3b-538d-481e-abe0-204925d4ee8f, command=[]} | ret=SUCCESS |  
2019-09-19 04:31:57,627 | INFO  | SCMAudit | user=jenkins1000 | ip=192.168.34.50 | op=SEND_HEARTBEAT {datanodeUUID=d40cfe62-fc21-48bd-841c-37c3da2319ca, command=[]} | ret=SUCCESS |  
2019-09-19 04:31:57,777 | INFO  | SCMAudit | user=jenkins1000 | ip=192.168.34.50 | op=SEND_HEARTBEAT {datanodeUUID=d267f1ee-b840-49aa-88d3-6d319dcb89fa, command=[]} | ret=SUCCESS |  
2019-09-19 04:31:58,023 | INFO  | SCMAudit | user=jenkins1000 | ip=192.168.34.50 | op=SEND_HEARTBEAT {datanodeUUID=646ad8b2-e397-4e74-bda7-a2da429002a8, command=[]} | ret=SUCCESS |  
2019-09-19 04:31:58,238 | INFO  | SCMAudit | user=jenkins1000 | ip=192.168.34.50 | op=SEND_HEARTBEAT {datanodeUUID=bb21d486-410c-4d63-a3eb-a911625626cf, command=[]} | ret=SUCCESS |  
2019-09-19 04:31:58,497 [grpc-default-executor-5] INFO  client.GrpcClientProtocolClient (GrpcClientProtocolClient.java:onNext(255)) - client-8D3BBA1B251F->d40cfe62-fc21-48bd-841c-37c3da2319ca: receive RaftClientReply:client-8D3BBA1B251F->d40cfe62-fc21-48bd-841c-37c3da2319ca@group-52CD28E9D88B, cid=45, FAILED org.apache.ratis.protocol.NotLeaderException: Server d40cfe62-fc21-48bd-841c-37c3da2319ca is not the leader (fc0f8f3b-538d-481e-abe0-204925d4ee8f:192.168.34.50:35638). Request must be sent to leader., logIndex=0, commits[d40cfe62-fc21-48bd-841c-37c3da2319ca:c8, fc0f8f3b-538d-481e-abe0-204925d4ee8f:c8, cacd8be3-3994-43a0-9248-dc2aa43e6f92:c8]
2019-09-19 04:31:58,510 | INFO  | SCMAudit | user=jenkins1000 | ip=192.168.34.50 | op=SEND_HEARTBEAT {datanodeUUID=cee6b86e-e629-45c9-9c42-7061c1d64ecd, command=[]} | ret=SUCCESS |  
2019-09-19 04:31:58,617 | INFO  | SCMAudit | user=jenkins1000 | ip=192.168.34.50 | op=SEND_HEARTBEAT {datanodeUUID=cacd8be3-3994-43a0-9248-dc2aa43e6f92, command=[]} | ret=SUCCESS |  
2019-09-19 04:31:58,619 | INFO  | SCMAudit | user=jenkins1000 | ip=192.168.34.50 | op=SEND_HEARTBEAT {datanodeUUID=fc0f8f3b-538d-481e-abe0-204925d4ee8f, command=[]} | ret=SUCCESS |  
2019-09-19 04:31:58,627 | INFO  | SCMAudit | user=jenkins1000 | ip=192.168.34.50 | op=SEND_HEARTBEAT {datanodeUUID=d40cfe62-fc21-48bd-841c-37c3da2319ca, command=[]} | ret=SUCCESS |  
2019-09-19 04:31:58,776 | INFO  | SCMAudit | user=jenkins1000 | ip=192.168.34.50 | op=SEND_HEARTBEAT {datanodeUUID=d267f1ee-b840-49aa-88d3-6d319dcb89fa, command=[]} | ret=SUCCESS |  
2019-09-19 04:31:59,022 | INFO  | SCMAudit | user=jenkins1000 | ip=192.168.34.50 | op=SEND_HEARTBEAT {datanodeUUID=646ad8b2-e397-4e74-bda7-a2da429002a8, command=[]} | ret=SUCCESS |  
2019-09-19 04:31:59,238 | INFO  | SCMAudit | user=jenkins1000 | ip=192.168.34.50 | op=SEND_HEARTBEAT {datanodeUUID=bb21d486-410c-4d63-a3eb-a911625626cf, command=[]} | ret=SUCCESS |  
2019-09-19 04:31:59,512 | INFO  | SCMAudit | user=jenkins1000 | ip=192.168.34.50 | op=SEND_HEARTBEAT {datanodeUUID=cee6b86e-e629-45c9-9c42-7061c1d64ecd, command=[]} | ret=SUCCESS |  
2019-09-19 04:31:59,617 | INFO  | SCMAudit | user=jenkins1000 | ip=192.168.34.50 | op=SEND_HEARTBEAT {datanodeUUID=cacd8be3-3994-43a0-9248-dc2aa43e6f92, command=[]} | ret=SUCCESS |  
2019-09-19 04:31:59,620 | INFO  | SCMAudit | user=jenkins1000 | ip=192.168.34.50 | op=SEND_HEARTBEAT {datanodeUUID=fc0f8f3b-538d-481e-abe0-204925d4ee8f, command=[]} | ret=SUCCESS |  
2019-09-19 04:31:59,627 | INFO  | SCMAudit | user=jenkins1000 | ip=192.168.34.50 | op=SEND_HEARTBEAT {datanodeUUID=d40cfe62-fc21-48bd-841c-37c3da2319ca, command=[]} | ret=SUCCESS |  
2019-09-19 04:31:59,776 | INFO  | SCMAudit | user=jenkins1000 | ip=192.168.34.50 | op=SEND_HEARTBEAT {datanodeUUID=d267f1ee-b840-49aa-88d3-6d319dcb89fa, command=[]} | ret=SUCCESS |  
2019-09-19 04:32:00,022 | INFO  | SCMAudit | user=jenkins1000 | ip=192.168.34.50 | op=SEND_HEARTBEAT {datanodeUUID=646ad8b2-e397-4e74-bda7-a2da429002a8, command=[]} | ret=SUCCESS |  
2019-09-19 04:32:00,239 | INFO  | SCMAudit | user=jenkins1000 | ip=192.168.34.50 | op=SEND_HEARTBEAT {datanodeUUID=bb21d486-410c-4d63-a3eb-a911625626cf, command=[]} | ret=SUCCESS |  
2019-09-19 04:32:00,512 | INFO  | SCMAudit | user=jenkins1000 | ip=192.168.34.50 | op=SEND_HEARTBEAT {datanodeUUID=cee6b86e-e629-45c9-9c42-7061c1d64ecd, command=[]} | ret=SUCCESS |  
2019-09-19 04:32:00,617 | INFO  | SCMAudit | user=jenkins1000 | ip=192.168.34.50 | op=SEND_HEARTBEAT {datanodeUUID=cacd8be3-3994-43a0-9248-dc2aa43e6f92, command=[]} | ret=SUCCESS |  
2019-09-19 04:32:00,621 | INFO  | SCMAudit | user=jenkins1000 | ip=192.168.34.50 | op=SEND_HEARTBEAT {datanodeUUID=fc0f8f3b-538d-481e-abe0-204925d4ee8f, command=[]} | ret=SUCCESS |  
2019-09-19 04:32:00,627 | INFO  | SCMAudit | user=jenkins1000 | ip=192.168.34.50 | op=SEND_HEARTBEAT {datanodeUUID=d40cfe62-fc21-48bd-841c-37c3da2319ca, command=[]} | ret=SUCCESS |  
2019-09-19 04:32:00,776 | INFO  | SCMAudit | user=jenkins1000 | ip=192.168.34.50 | op=SEND_HEARTBEAT {datanodeUUID=d267f1ee-b840-49aa-88d3-6d319dcb89fa, command=[]} | ret=SUCCESS |  
2019-09-19 04:32:01,022 | INFO  | SCMAudit | user=jenkins1000 | ip=192.168.34.50 | op=SEND_HEARTBEAT {datanodeUUID=646ad8b2-e397-4e74-bda7-a2da429002a8, command=[]} | ret=SUCCESS |  
2019-09-19 04:32:01,238 | INFO  | SCMAudit | user=jenkins1000 | ip=192.168.34.50 | op=SEND_HEARTBEAT {datanodeUUID=bb21d486-410c-4d63-a3eb-a911625626cf, command=[]} | ret=SUCCESS |  
2019-09-19 04:32:01,512 | INFO  | SCMAudit | user=jenkins1000 | ip=192.168.34.50 | op=SEND_HEARTBEAT {datanodeUUID=cee6b86e-e629-45c9-9c42-7061c1d64ecd, command=[]} | ret=SUCCESS |  
2019-09-19 04:32:01,617 | INFO  | SCMAudit | user=jenkins1000 | ip=192.168.34.50 | op=SEND_HEARTBEAT {datanodeUUID=cacd8be3-3994-43a0-9248-dc2aa43e6f92, command=[]} | ret=SUCCESS |  
2019-09-19 04:32:01,621 | INFO  | SCMAudit | user=jenkins1000 | ip=192.168.34.50 | op=SEND_HEARTBEAT {datanodeUUID=fc0f8f3b-538d-481e-abe0-204925d4ee8f, command=[]} | ret=SUCCESS |  
2019-09-19 04:32:01,627 | INFO  | SCMAudit | user=jenkins1000 | ip=192.168.34.50 | op=SEND_HEARTBEAT {datanodeUUID=d40cfe62-fc21-48bd-841c-37c3da2319ca, command=[]} | ret=SUCCESS |  
2019-09-19 04:32:01,777 | INFO  | SCMAudit | user=jenkins1000 | ip=192.168.34.50 | op=SEND_HEARTBEAT {datanodeUUID=d267f1ee-b840-49aa-88d3-6d319dcb89fa, command=[]} | ret=SUCCESS |  
2019-09-19 04:32:02,023 | INFO  | SCMAudit | user=jenkins1000 | ip=192.168.34.50 | op=SEND_HEARTBEAT {datanodeUUID=646ad8b2-e397-4e74-bda7-a2da429002a8, command=[]} | ret=SUCCESS |  
2019-09-19 04:32:02,239 | INFO  | SCMAudit | user=jenkins1000 | ip=192.168.34.50 | op=SEND_HEARTBEAT {datanodeUUID=bb21d486-410c-4d63-a3eb-a911625626cf, command=[]} | ret=SUCCESS |  
2019-09-19 04:32:02,518 | INFO  | SCMAudit | user=jenkins1000 | ip=192.168.34.50 | op=SEND_HEARTBEAT {datanodeUUID=cee6b86e-e629-45c9-9c42-7061c1d64ecd, command=[]} | ret=SUCCESS |  
2019-09-19 04:32:02,618 | INFO  | SCMAudit | user=jenkins1000 | ip=192.168.34.50 | op=SEND_HEARTBEAT {datanodeUUID=cacd8be3-3994-43a0-9248-dc2aa43e6f92, command=[]} | ret=SUCCESS |  
2019-09-19 04:32:02,621 | INFO  | SCMAudit | user=jenkins1000 | ip=192.168.34.50 | op=SEND_HEARTBEAT {datanodeUUID=fc0f8f3b-538d-481e-abe0-204925d4ee8f, command=[]} | ret=SUCCESS |  
2019-09-19 04:32:02,627 | INFO  | SCMAudit | user=jenkins1000 | ip=192.168.34.50 | op=SEND_HEARTBEAT {datanodeUUID=d40cfe62-fc21-48bd-841c-37c3da2319ca, command=[]} | ret=SUCCESS |  
2019-09-19 04:32:02,777 | INFO  | SCMAudit | user=jenkins1000 | ip=192.168.34.50 | op=SEND_HEARTBEAT {datanodeUUID=d267f1ee-b840-49aa-88d3-6d319dcb89fa, command=[]} | ret=SUCCESS |  
2019-09-19 04:32:03,022 | INFO  | SCMAudit | user=jenkins1000 | ip=192.168.34.50 | op=SEND_HEARTBEAT {datanodeUUID=646ad8b2-e397-4e74-bda7-a2da429002a8, command=[]} | ret=SUCCESS |  
2019-09-19 04:32:03,238 | INFO  | SCMAudit | user=jenkins1000 | ip=192.168.34.50 | op=SEND_HEARTBEAT {datanodeUUID=bb21d486-410c-4d63-a3eb-a911625626cf, command=[]} | ret=SUCCESS |  
2019-09-19 04:32:03,514 | INFO  | SCMAudit | user=jenkins1000 | ip=192.168.34.50 | op=SEND_HEARTBEAT {datanodeUUID=cee6b86e-e629-45c9-9c42-7061c1d64ecd, command=[]} | ret=SUCCESS |  
2019-09-19 04:32:03,537 [grpc-default-executor-5] INFO  client.GrpcClientProtocolClient (GrpcClientProtocolClient.java:onNext(255)) - client-8D3BBA1B251F->cacd8be3-3994-43a0-9248-dc2aa43e6f92: receive RaftClientReply:client-8D3BBA1B251F->cacd8be3-3994-43a0-9248-dc2aa43e6f92@group-52CD28E9D88B, cid=45, FAILED org.apache.ratis.protocol.NotLeaderException: Server cacd8be3-3994-43a0-9248-dc2aa43e6f92 is not the leader (fc0f8f3b-538d-481e-abe0-204925d4ee8f:192.168.34.50:35638). Request must be sent to leader., logIndex=0, commits[cacd8be3-3994-43a0-9248-dc2aa43e6f92:c8, d40cfe62-fc21-48bd-841c-37c3da2319ca:c8, fc0f8f3b-538d-481e-abe0-204925d4ee8f:c8]
2019-09-19 04:32:03,618 | INFO  | SCMAudit | user=jenkins1000 | ip=192.168.34.50 | op=SEND_HEARTBEAT {datanodeUUID=cacd8be3-3994-43a0-9248-dc2aa43e6f92, command=[]} | ret=SUCCESS |  
2019-09-19 04:32:03,623 | INFO  | SCMAudit | user=jenkins1000 | ip=192.168.34.50 | op=SEND_HEARTBEAT {datanodeUUID=fc0f8f3b-538d-481e-abe0-204925d4ee8f, command=[]} | ret=SUCCESS |  
2019-09-19 04:32:03,627 | INFO  | SCMAudit | user=jenkins1000 | ip=192.168.34.50 | op=SEND_HEARTBEAT {datanodeUUID=d40cfe62-fc21-48bd-841c-37c3da2319ca, command=[]} | ret=SUCCESS |  
2019-09-19 04:32:03,777 | INFO  | SCMAudit | user=jenkins1000 | ip=192.168.34.50 | op=SEND_HEARTBEAT {datanodeUUID=d267f1ee-b840-49aa-88d3-6d319dcb89fa, command=[]} | ret=SUCCESS |  
2019-09-19 04:32:04,023 | INFO  | SCMAudit | user=jenkins1000 | ip=192.168.34.50 | op=SEND_HEARTBEAT {datanodeUUID=646ad8b2-e397-4e74-bda7-a2da429002a8, command=[]} | ret=SUCCESS |  
2019-09-19 04:32:04,239 | INFO  | SCMAudit | user=jenkins1000 | ip=192.168.34.50 | op=SEND_HEARTBEAT {datanodeUUID=bb21d486-410c-4d63-a3eb-a911625626cf, command=[]} | ret=SUCCESS |  
2019-09-19 04:32:04,515 | INFO  | SCMAudit | user=jenkins1000 | ip=192.168.34.50 | op=SEND_HEARTBEAT {datanodeUUID=cee6b86e-e629-45c9-9c42-7061c1d64ecd, command=[]} | ret=SUCCESS |  
2019-09-19 04:32:04,618 | INFO  | SCMAudit | user=jenkins1000 | ip=192.168.34.50 | op=SEND_HEARTBEAT {datanodeUUID=cacd8be3-3994-43a0-9248-dc2aa43e6f92, command=[]} | ret=SUCCESS |  
2019-09-19 04:32:04,622 | INFO  | SCMAudit | user=jenkins1000 | ip=192.168.34.50 | op=SEND_HEARTBEAT {datanodeUUID=fc0f8f3b-538d-481e-abe0-204925d4ee8f, command=[]} | ret=SUCCESS |  
2019-09-19 04:32:04,627 | INFO  | SCMAudit | user=jenkins1000 | ip=192.168.34.50 | op=SEND_HEARTBEAT {datanodeUUID=d40cfe62-fc21-48bd-841c-37c3da2319ca, command=[]} | ret=SUCCESS |  
2019-09-19 04:32:04,776 | INFO  | SCMAudit | user=jenkins1000 | ip=192.168.34.50 | op=SEND_HEARTBEAT {datanodeUUID=d267f1ee-b840-49aa-88d3-6d319dcb89fa, command=[]} | ret=SUCCESS |  
2019-09-19 04:32:05,023 | INFO  | SCMAudit | user=jenkins1000 | ip=192.168.34.50 | op=SEND_HEARTBEAT {datanodeUUID=646ad8b2-e397-4e74-bda7-a2da429002a8, command=[]} | ret=SUCCESS |  
2019-09-19 04:32:05,239 | INFO  | SCMAudit | user=jenkins1000 | ip=192.168.34.50 | op=SEND_HEARTBEAT {datanodeUUID=bb21d486-410c-4d63-a3eb-a911625626cf, command=[]} | ret=SUCCESS |  
2019-09-19 04:32:05,516 | INFO  | SCMAudit | user=jenkins1000 | ip=192.168.34.50 | op=SEND_HEARTBEAT {datanodeUUID=cee6b86e-e629-45c9-9c42-7061c1d64ecd, command=[]} | ret=SUCCESS |  
2019-09-19 04:32:05,618 | INFO  | SCMAudit | user=jenkins1000 | ip=192.168.34.50 | op=SEND_HEARTBEAT {datanodeUUID=cacd8be3-3994-43a0-9248-dc2aa43e6f92, command=[]} | ret=SUCCESS |  
2019-09-19 04:32:05,623 | INFO  | SCMAudit | user=jenkins1000 | ip=192.168.34.50 | op=SEND_HEARTBEAT {datanodeUUID=fc0f8f3b-538d-481e-abe0-204925d4ee8f, command=[]} | ret=SUCCESS |  
2019-09-19 04:32:05,627 | INFO  | SCMAudit | user=jenkins1000 | ip=192.168.34.50 | op=SEND_HEARTBEAT {datanodeUUID=d40cfe62-fc21-48bd-841c-37c3da2319ca, command=[]} | ret=SUCCESS |  
2019-09-19 04:32:05,776 | INFO  | SCMAudit | user=jenkins1000 | ip=192.168.34.50 | op=SEND_HEARTBEAT {datanodeUUID=d267f1ee-b840-49aa-88d3-6d319dcb89fa, command=[]} | ret=SUCCESS |  
2019-09-19 04:32:06,022 | INFO  | SCMAudit | user=jenkins1000 | ip=192.168.34.50 | op=SEND_HEARTBEAT {datanodeUUID=646ad8b2-e397-4e74-bda7-a2da429002a8, command=[]} | ret=SUCCESS |  
2019-09-19 04:32:06,238 | INFO  | SCMAudit | user=jenkins1000 | ip=192.168.34.50 | op=SEND_HEARTBEAT {datanodeUUID=bb21d486-410c-4d63-a3eb-a911625626cf, command=[]} | ret=SUCCESS |  
2019-09-19 04:32:06,516 | INFO  | SCMAudit | user=jenkins1000 | ip=192.168.34.50 | op=SEND_HEARTBEAT {datanodeUUID=cee6b86e-e629-45c9-9c42-7061c1d64ecd, command=[]} | ret=SUCCESS |  
2019-09-19 04:32:06,619 | INFO  | SCMAudit | user=jenkins1000 | ip=192.168.34.50 | op=SEND_HEARTBEAT {datanodeUUID=cacd8be3-3994-43a0-9248-dc2aa43e6f92, command=[]} | ret=SUCCESS |  
2019-09-19 04:32:06,622 | INFO  | SCMAudit | user=jenkins1000 | ip=192.168.34.50 | op=SEND_HEARTBEAT {datanodeUUID=fc0f8f3b-538d-481e-abe0-204925d4ee8f, command=[]} | ret=SUCCESS |  
2019-09-19 04:32:06,627 | INFO  | SCMAudit | user=jenkins1000 | ip=192.168.34.50 | op=SEND_HEARTBEAT {datanodeUUID=d40cfe62-fc21-48bd-841c-37c3da2319ca, command=[]} | ret=SUCCESS |  
2019-09-19 04:32:06,777 | INFO  | SCMAudit | user=jenkins1000 | ip=192.168.34.50 | op=SEND_HEARTBEAT {datanodeUUID=d267f1ee-b840-49aa-88d3-6d319dcb89fa, command=[]} | ret=SUCCESS |  
2019-09-19 04:32:07,023 | INFO  | SCMAudit | user=jenkins1000 | ip=192.168.34.50 | op=SEND_HEARTBEAT {datanodeUUID=646ad8b2-e397-4e74-bda7-a2da429002a8, command=[]} | ret=SUCCESS |  
2019-09-19 04:32:07,238 | INFO  | SCMAudit | user=jenkins1000 | ip=192.168.34.50 | op=SEND_HEARTBEAT {datanodeUUID=bb21d486-410c-4d63-a3eb-a911625626cf, command=[]} | ret=SUCCESS |  
2019-09-19 04:32:07,516 | INFO  | SCMAudit | user=jenkins1000 | ip=192.168.34.50 | op=SEND_HEARTBEAT {datanodeUUID=cee6b86e-e629-45c9-9c42-7061c1d64ecd, command=[]} | ret=SUCCESS |  
2019-09-19 04:32:07,618 | INFO  | SCMAudit | user=jenkins1000 | ip=192.168.34.50 | op=SEND_HEARTBEAT {datanodeUUID=cacd8be3-3994-43a0-9248-dc2aa43e6f92, command=[]} | ret=SUCCESS |  
2019-09-19 04:32:07,622 | INFO  | SCMAudit | user=jenkins1000 | ip=192.168.34.50 | op=SEND_HEARTBEAT {datanodeUUID=fc0f8f3b-538d-481e-abe0-204925d4ee8f, command=[]} | ret=SUCCESS |  
2019-09-19 04:32:07,627 | INFO  | SCMAudit | user=jenkins1000 | ip=192.168.34.50 | op=SEND_HEARTBEAT {datanodeUUID=d40cfe62-fc21-48bd-841c-37c3da2319ca, command=[]} | ret=SUCCESS |  
2019-09-19 04:32:07,777 | INFO  | SCMAudit | user=jenkins1000 | ip=192.168.34.50 | op=SEND_HEARTBEAT {datanodeUUID=d267f1ee-b840-49aa-88d3-6d319dcb89fa, command=[]} | ret=SUCCESS |  
2019-09-19 04:32:08,023 | INFO  | SCMAudit | user=jenkins1000 | ip=192.168.34.50 | op=SEND_HEARTBEAT {datanodeUUID=646ad8b2-e397-4e74-bda7-a2da429002a8, command=[]} | ret=SUCCESS |  
2019-09-19 04:32:08,239 | INFO  | SCMAudit | user=jenkins1000 | ip=192.168.34.50 | op=SEND_HEARTBEAT {datanodeUUID=bb21d486-410c-4d63-a3eb-a911625626cf, command=[]} | ret=SUCCESS |  
2019-09-19 04:32:08,515 | INFO  | SCMAudit | user=jenkins1000 | ip=192.168.34.50 | op=SEND_HEARTBEAT {datanodeUUID=cee6b86e-e629-45c9-9c42-7061c1d64ecd, command=[]} | ret=SUCCESS |  
2019-09-19 04:32:08,578 [grpc-default-executor-0] INFO  client.GrpcClientProtocolClient (GrpcClientProtocolClient.java:onNext(255)) - client-8D3BBA1B251F->cacd8be3-3994-43a0-9248-dc2aa43e6f92: receive RaftClientReply:client-8D3BBA1B251F->cacd8be3-3994-43a0-9248-dc2aa43e6f92@group-52CD28E9D88B, cid=45, FAILED org.apache.ratis.protocol.NotLeaderException: Server cacd8be3-3994-43a0-9248-dc2aa43e6f92 is not the leader (fc0f8f3b-538d-481e-abe0-204925d4ee8f:192.168.34.50:35638). Request must be sent to leader., logIndex=0, commits[cacd8be3-3994-43a0-9248-dc2aa43e6f92:c8, d40cfe62-fc21-48bd-841c-37c3da2319ca:c8, fc0f8f3b-538d-481e-abe0-204925d4ee8f:c8]
2019-09-19 04:32:08,618 | INFO  | SCMAudit | user=jenkins1000 | ip=192.168.34.50 | op=SEND_HEARTBEAT {datanodeUUID=cacd8be3-3994-43a0-9248-dc2aa43e6f92, command=[]} | ret=SUCCESS |  
2019-09-19 04:32:08,622 | INFO  | SCMAudit | user=jenkins1000 | ip=192.168.34.50 | op=SEND_HEARTBEAT {datanodeUUID=fc0f8f3b-538d-481e-abe0-204925d4ee8f, command=[]} | ret=SUCCESS |  
2019-09-19 04:32:08,627 | INFO  | SCMAudit | user=jenkins1000 | ip=192.168.34.50 | op=SEND_HEARTBEAT {datanodeUUID=d40cfe62-fc21-48bd-841c-37c3da2319ca, command=[]} | ret=SUCCESS |  
2019-09-19 04:32:08,777 | INFO  | SCMAudit | user=jenkins1000 | ip=192.168.34.50 | op=SEND_HEARTBEAT {datanodeUUID=d267f1ee-b840-49aa-88d3-6d319dcb89fa, command=[]} | ret=SUCCESS |  
2019-09-19 04:32:09,023 | INFO  | SCMAudit | user=jenkins1000 | ip=192.168.34.50 | op=SEND_HEARTBEAT {datanodeUUID=646ad8b2-e397-4e74-bda7-a2da429002a8, command=[]} | ret=SUCCESS |  
2019-09-19 04:32:09,239 | INFO  | SCMAudit | user=jenkins1000 | ip=192.168.34.50 | op=SEND_HEARTBEAT {datanodeUUID=bb21d486-410c-4d63-a3eb-a911625626cf, command=[]} | ret=SUCCESS |  
2019-09-19 04:32:09,516 | INFO  | SCMAudit | user=jenkins1000 | ip=192.168.34.50 | op=SEND_HEARTBEAT {datanodeUUID=cee6b86e-e629-45c9-9c42-7061c1d64ecd, command=[]} | ret=SUCCESS |  
2019-09-19 04:32:09,619 | INFO  | SCMAudit | user=jenkins1000 | ip=192.168.34.50 | op=SEND_HEARTBEAT {datanodeUUID=cacd8be3-3994-43a0-9248-dc2aa43e6f92, command=[]} | ret=SUCCESS |  
2019-09-19 04:32:09,622 | INFO  | SCMAudit | user=jenkins1000 | ip=192.168.34.50 | op=SEND_HEARTBEAT {datanodeUUID=fc0f8f3b-538d-481e-abe0-204925d4ee8f, command=[]} | ret=SUCCESS |  
2019-09-19 04:32:09,627 | INFO  | SCMAudit | user=jenkins1000 | ip=192.168.34.50 | op=SEND_HEARTBEAT {datanodeUUID=d40cfe62-fc21-48bd-841c-37c3da2319ca, command=[]} | ret=SUCCESS |  
2019-09-19 04:32:09,778 | INFO  | SCMAudit | user=jenkins1000 | ip=192.168.34.50 | op=SEND_HEARTBEAT {datanodeUUID=d267f1ee-b840-49aa-88d3-6d319dcb89fa, command=[]} | ret=SUCCESS |  
2019-09-19 04:32:10,024 | INFO  | SCMAudit | user=jenkins1000 | ip=192.168.34.50 | op=SEND_HEARTBEAT {datanodeUUID=646ad8b2-e397-4e74-bda7-a2da429002a8, command=[]} | ret=SUCCESS |  
2019-09-19 04:32:10,238 | INFO  | SCMAudit | user=jenkins1000 | ip=192.168.34.50 | op=SEND_HEARTBEAT {datanodeUUID=bb21d486-410c-4d63-a3eb-a911625626cf, command=[]} | ret=SUCCESS |  
2019-09-19 04:32:10,516 | INFO  | SCMAudit | user=jenkins1000 | ip=192.168.34.50 | op=SEND_HEARTBEAT {datanodeUUID=cee6b86e-e629-45c9-9c42-7061c1d64ecd, command=[]} | ret=SUCCESS |  
2019-09-19 04:32:10,618 | INFO  | SCMAudit | user=jenkins1000 | ip=192.168.34.50 | op=SEND_HEARTBEAT {datanodeUUID=cacd8be3-3994-43a0-9248-dc2aa43e6f92, command=[]} | ret=SUCCESS |  
2019-09-19 04:32:10,622 | INFO  | SCMAudit | user=jenkins1000 | ip=192.168.34.50 | op=SEND_HEARTBEAT {datanodeUUID=fc0f8f3b-538d-481e-abe0-204925d4ee8f, command=[]} | ret=SUCCESS |  
2019-09-19 04:32:10,627 | INFO  | SCMAudit | user=jenkins1000 | ip=192.168.34.50 | op=SEND_HEARTBEAT {datanodeUUID=d40cfe62-fc21-48bd-841c-37c3da2319ca, command=[]} | ret=SUCCESS |  
2019-09-19 04:32:10,778 | INFO  | SCMAudit | user=jenkins1000 | ip=192.168.34.50 | op=SEND_HEARTBEAT {datanodeUUID=d267f1ee-b840-49aa-88d3-6d319dcb89fa, command=[]} | ret=SUCCESS |  
2019-09-19 04:32:11,023 | INFO  | SCMAudit | user=jenkins1000 | ip=192.168.34.50 | op=SEND_HEARTBEAT {datanodeUUID=646ad8b2-e397-4e74-bda7-a2da429002a8, command=[]} | ret=SUCCESS |  
2019-09-19 04:32:11,239 | INFO  | SCMAudit | user=jenkins1000 | ip=192.168.34.50 | op=SEND_HEARTBEAT {datanodeUUID=bb21d486-410c-4d63-a3eb-a911625626cf, command=[]} | ret=SUCCESS |  
2019-09-19 04:32:11,515 | INFO  | SCMAudit | user=jenkins1000 | ip=192.168.34.50 | op=SEND_HEARTBEAT {datanodeUUID=cee6b86e-e629-45c9-9c42-7061c1d64ecd, command=[]} | ret=SUCCESS |  
2019-09-19 04:32:11,618 | INFO  | SCMAudit | user=jenkins1000 | ip=192.168.34.50 | op=SEND_HEARTBEAT {datanodeUUID=cacd8be3-3994-43a0-9248-dc2aa43e6f92, command=[]} | ret=SUCCESS |  
2019-09-19 04:32:11,622 | INFO  | SCMAudit | user=jenkins1000 | ip=192.168.34.50 | op=SEND_HEARTBEAT {datanodeUUID=fc0f8f3b-538d-481e-abe0-204925d4ee8f, command=[]} | ret=SUCCESS |  
2019-09-19 04:32:11,627 | INFO  | SCMAudit | user=jenkins1000 | ip=192.168.34.50 | op=SEND_HEARTBEAT {datanodeUUID=d40cfe62-fc21-48bd-841c-37c3da2319ca, command=[]} | ret=SUCCESS |  
2019-09-19 04:32:11,779 | INFO  | SCMAudit | user=jenkins1000 | ip=192.168.34.50 | op=SEND_HEARTBEAT {datanodeUUID=d267f1ee-b840-49aa-88d3-6d319dcb89fa, command=[]} | ret=SUCCESS |  
2019-09-19 04:32:12,024 | INFO  | SCMAudit | user=jenkins1000 | ip=192.168.34.50 | op=SEND_HEARTBEAT {datanodeUUID=646ad8b2-e397-4e74-bda7-a2da429002a8, command=[]} | ret=SUCCESS |  
2019-09-19 04:32:12,239 | INFO  | SCMAudit | user=jenkins1000 | ip=192.168.34.50 | op=SEND_HEARTBEAT {datanodeUUID=bb21d486-410c-4d63-a3eb-a911625626cf, command=[]} | ret=SUCCESS |  
2019-09-19 04:32:12,515 | INFO  | SCMAudit | user=jenkins1000 | ip=192.168.34.50 | op=SEND_HEARTBEAT {datanodeUUID=cee6b86e-e629-45c9-9c42-7061c1d64ecd, command=[]} | ret=SUCCESS |  
2019-09-19 04:32:12,619 | INFO  | SCMAudit | user=jenkins1000 | ip=192.168.34.50 | op=SEND_HEARTBEAT {datanodeUUID=cacd8be3-3994-43a0-9248-dc2aa43e6f92, command=[]} | ret=SUCCESS |  
2019-09-19 04:32:12,622 | INFO  | SCMAudit | user=jenkins1000 | ip=192.168.34.50 | op=SEND_HEARTBEAT {datanodeUUID=fc0f8f3b-538d-481e-abe0-204925d4ee8f, command=[]} | ret=SUCCESS |  
2019-09-19 04:32:12,627 | INFO  | SCMAudit | user=jenkins1000 | ip=192.168.34.50 | op=SEND_HEARTBEAT {datanodeUUID=d40cfe62-fc21-48bd-841c-37c3da2319ca, command=[]} | ret=SUCCESS |  
2019-09-19 04:32:12,778 | INFO  | SCMAudit | user=jenkins1000 | ip=192.168.34.50 | op=SEND_HEARTBEAT {datanodeUUID=d267f1ee-b840-49aa-88d3-6d319dcb89fa, command=[]} | ret=SUCCESS |  
2019-09-19 04:32:13,023 | INFO  | SCMAudit | user=jenkins1000 | ip=192.168.34.50 | op=SEND_HEARTBEAT {datanodeUUID=646ad8b2-e397-4e74-bda7-a2da429002a8, command=[]} | ret=SUCCESS |  
2019-09-19 04:32:13,240 | INFO  | SCMAudit | user=jenkins1000 | ip=192.168.34.50 | op=SEND_HEARTBEAT {datanodeUUID=bb21d486-410c-4d63-a3eb-a911625626cf, command=[]} | ret=SUCCESS |  
2019-09-19 04:32:13,516 | INFO  | SCMAudit | user=jenkins1000 | ip=192.168.34.50 | op=SEND_HEARTBEAT {datanodeUUID=cee6b86e-e629-45c9-9c42-7061c1d64ecd, command=[]} | ret=SUCCESS |  
2019-09-19 04:32:13,617 [grpc-default-executor-0] INFO  client.GrpcClientProtocolClient (GrpcClientProtocolClient.java:onNext(255)) - client-8D3BBA1B251F->d40cfe62-fc21-48bd-841c-37c3da2319ca: receive RaftClientReply:client-8D3BBA1B251F->d40cfe62-fc21-48bd-841c-37c3da2319ca@group-52CD28E9D88B, cid=45, FAILED org.apache.ratis.protocol.NotLeaderException: Server d40cfe62-fc21-48bd-841c-37c3da2319ca is not the leader (fc0f8f3b-538d-481e-abe0-204925d4ee8f:192.168.34.50:35638). Request must be sent to leader., logIndex=0, commits[d40cfe62-fc21-48bd-841c-37c3da2319ca:c8, fc0f8f3b-538d-481e-abe0-204925d4ee8f:c8, cacd8be3-3994-43a0-9248-dc2aa43e6f92:c8]
2019-09-19 04:32:13,629 | INFO  | SCMAudit | user=jenkins1000 | ip=192.168.34.50 | op=SEND_HEARTBEAT {datanodeUUID=cacd8be3-3994-43a0-9248-dc2aa43e6f92, command=[]} | ret=SUCCESS |  
2019-09-19 04:32:13,629 | INFO  | SCMAudit | user=jenkins1000 | ip=192.168.34.50 | op=SEND_HEARTBEAT {datanodeUUID=fc0f8f3b-538d-481e-abe0-204925d4ee8f, command=[]} | ret=SUCCESS |  
2019-09-19 04:32:13,629 | INFO  | SCMAudit | user=jenkins1000 | ip=192.168.34.50 | op=SEND_HEARTBEAT {datanodeUUID=d40cfe62-fc21-48bd-841c-37c3da2319ca, command=[]} | ret=SUCCESS |  
2019-09-19 04:32:13,779 | INFO  | SCMAudit | user=jenkins1000 | ip=192.168.34.50 | op=SEND_HEARTBEAT {datanodeUUID=d267f1ee-b840-49aa-88d3-6d319dcb89fa, command=[]} | ret=SUCCESS |  
2019-09-19 04:32:14,024 | INFO  | SCMAudit | user=jenkins1000 | ip=192.168.34.50 | op=SEND_HEARTBEAT {datanodeUUID=646ad8b2-e397-4e74-bda7-a2da429002a8, command=[]} | ret=SUCCESS |  
2019-09-19 04:32:14,240 | INFO  | SCMAudit | user=jenkins1000 | ip=192.168.34.50 | op=SEND_HEARTBEAT {datanodeUUID=bb21d486-410c-4d63-a3eb-a911625626cf, command=[]} | ret=SUCCESS |  
2019-09-19 04:32:14,515 | INFO  | SCMAudit | user=jenkins1000 | ip=192.168.34.50 | op=SEND_HEARTBEAT {datanodeUUID=cee6b86e-e629-45c9-9c42-7061c1d64ecd, command=[]} | ret=SUCCESS |  
2019-09-19 04:32:14,620 | INFO  | SCMAudit | user=jenkins1000 | ip=192.168.34.50 | op=SEND_HEARTBEAT {datanodeUUID=cacd8be3-3994-43a0-9248-dc2aa43e6f92, command=[]} | ret=SUCCESS |  
2019-09-19 04:32:14,622 | INFO  | SCMAudit | user=jenkins1000 | ip=192.168.34.50 | op=SEND_HEARTBEAT {datanodeUUID=fc0f8f3b-538d-481e-abe0-204925d4ee8f, command=[]} | ret=SUCCESS |  
2019-09-19 04:32:14,633 | INFO  | SCMAudit | user=jenkins1000 | ip=192.168.34.50 | op=SEND_HEARTBEAT {datanodeUUID=d40cfe62-fc21-48bd-841c-37c3da2319ca, command=[]} | ret=SUCCESS |  
2019-09-19 04:32:14,778 | INFO  | SCMAudit | user=jenkins1000 | ip=192.168.34.50 | op=SEND_HEARTBEAT {datanodeUUID=d267f1ee-b840-49aa-88d3-6d319dcb89fa, command=[]} | ret=SUCCESS |  
2019-09-19 04:32:15,024 | INFO  | SCMAudit | user=jenkins1000 | ip=192.168.34.50 | op=SEND_HEARTBEAT {datanodeUUID=646ad8b2-e397-4e74-bda7-a2da429002a8, command=[]} | ret=SUCCESS |  
2019-09-19 04:32:15,239 | INFO  | SCMAudit | user=jenkins1000 | ip=192.168.34.50 | op=SEND_HEARTBEAT {datanodeUUID=bb21d486-410c-4d63-a3eb-a911625626cf, command=[]} | ret=SUCCESS |  
2019-09-19 04:32:15,515 | INFO  | SCMAudit | user=jenkins1000 | ip=192.168.34.50 | op=SEND_HEARTBEAT {datanodeUUID=cee6b86e-e629-45c9-9c42-7061c1d64ecd, command=[]} | ret=SUCCESS |  
2019-09-19 04:32:15,621 | INFO  | SCMAudit | user=jenkins1000 | ip=192.168.34.50 | op=SEND_HEARTBEAT {datanodeUUID=cacd8be3-3994-43a0-9248-dc2aa43e6f92, command=[]} | ret=SUCCESS |  
2019-09-19 04:32:15,622 | INFO  | SCMAudit | user=jenkins1000 | ip=192.168.34.50 | op=SEND_HEARTBEAT {datanodeUUID=fc0f8f3b-538d-481e-abe0-204925d4ee8f, command=[]} | ret=SUCCESS |  
2019-09-19 04:32:15,630 | INFO  | SCMAudit | user=jenkins1000 | ip=192.168.34.50 | op=SEND_HEARTBEAT {datanodeUUID=d40cfe62-fc21-48bd-841c-37c3da2319ca, command=[]} | ret=SUCCESS |  
2019-09-19 04:32:15,779 | INFO  | SCMAudit | user=jenkins1000 | ip=192.168.34.50 | op=SEND_HEARTBEAT {datanodeUUID=d267f1ee-b840-49aa-88d3-6d319dcb89fa, command=[]} | ret=SUCCESS |  
2019-09-19 04:32:16,023 | INFO  | SCMAudit | user=jenkins1000 | ip=192.168.34.50 | op=SEND_HEARTBEAT {datanodeUUID=646ad8b2-e397-4e74-bda7-a2da429002a8, command=[]} | ret=SUCCESS |  
2019-09-19 04:32:16,240 | INFO  | SCMAudit | user=jenkins1000 | ip=192.168.34.50 | op=SEND_HEARTBEAT {datanodeUUID=bb21d486-410c-4d63-a3eb-a911625626cf, command=[]} | ret=SUCCESS |  
2019-09-19 04:32:16,516 | INFO  | SCMAudit | user=jenkins1000 | ip=192.168.34.50 | op=SEND_HEARTBEAT {datanodeUUID=cee6b86e-e629-45c9-9c42-7061c1d64ecd, command=[]} | ret=SUCCESS |  
2019-09-19 04:32:16,622 | INFO  | SCMAudit | user=jenkins1000 | ip=192.168.34.50 | op=SEND_HEARTBEAT {datanodeUUID=fc0f8f3b-538d-481e-abe0-204925d4ee8f, command=[]} | ret=SUCCESS |  
2019-09-19 04:32:16,623 | INFO  | SCMAudit | user=jenkins1000 | ip=192.168.34.50 | op=SEND_HEARTBEAT {datanodeUUID=cacd8be3-3994-43a0-9248-dc2aa43e6f92, command=[]} | ret=SUCCESS |  
2019-09-19 04:32:16,644 | INFO  | SCMAudit | user=jenkins1000 | ip=192.168.34.50 | op=SEND_HEARTBEAT {datanodeUUID=d40cfe62-fc21-48bd-841c-37c3da2319ca, command=[]} | ret=SUCCESS |  
2019-09-19 04:32:16,779 | INFO  | SCMAudit | user=jenkins1000 | ip=192.168.34.50 | op=SEND_HEARTBEAT {datanodeUUID=d267f1ee-b840-49aa-88d3-6d319dcb89fa, command=[]} | ret=SUCCESS |  
2019-09-19 04:32:17,023 | INFO  | SCMAudit | user=jenkins1000 | ip=192.168.34.50 | op=SEND_HEARTBEAT {datanodeUUID=646ad8b2-e397-4e74-bda7-a2da429002a8, command=[]} | ret=SUCCESS |  
2019-09-19 04:32:17,240 | INFO  | SCMAudit | user=jenkins1000 | ip=192.168.34.50 | op=SEND_HEARTBEAT {datanodeUUID=bb21d486-410c-4d63-a3eb-a911625626cf, command=[]} | ret=SUCCESS |  
2019-09-19 04:32:17,516 | INFO  | SCMAudit | user=jenkins1000 | ip=192.168.34.50 | op=SEND_HEARTBEAT {datanodeUUID=cee6b86e-e629-45c9-9c42-7061c1d64ecd, command=[]} | ret=SUCCESS |  
2019-09-19 04:32:17,622 | INFO  | SCMAudit | user=jenkins1000 | ip=192.168.34.50 | op=SEND_HEARTBEAT {datanodeUUID=cacd8be3-3994-43a0-9248-dc2aa43e6f92, command=[]} | ret=SUCCESS |  
2019-09-19 04:32:17,622 | INFO  | SCMAudit | user=jenkins1000 | ip=192.168.34.50 | op=SEND_HEARTBEAT {datanodeUUID=fc0f8f3b-538d-481e-abe0-204925d4ee8f, command=[]} | ret=SUCCESS |  
2019-09-19 04:32:17,630 | INFO  | SCMAudit | user=jenkins1000 | ip=192.168.34.50 | op=SEND_HEARTBEAT {datanodeUUID=d40cfe62-fc21-48bd-841c-37c3da2319ca, command=[]} | ret=SUCCESS |  
2019-09-19 04:32:17,778 | INFO  | SCMAudit | user=jenkins1000 | ip=192.168.34.50 | op=SEND_HEARTBEAT {datanodeUUID=d267f1ee-b840-49aa-88d3-6d319dcb89fa, command=[]} | ret=SUCCESS |  
2019-09-19 04:32:18,024 | INFO  | SCMAudit | user=jenkins1000 | ip=192.168.34.50 | op=SEND_HEARTBEAT {datanodeUUID=646ad8b2-e397-4e74-bda7-a2da429002a8, command=[]} | ret=SUCCESS |  
2019-09-19 04:32:18,240 | INFO  | SCMAudit | user=jenkins1000 | ip=192.168.34.50 | op=SEND_HEARTBEAT {datanodeUUID=bb21d486-410c-4d63-a3eb-a911625626cf, command=[]} | ret=SUCCESS |  
2019-09-19 04:32:18,516 | INFO  | SCMAudit | user=jenkins1000 | ip=192.168.34.50 | op=SEND_HEARTBEAT {datanodeUUID=cee6b86e-e629-45c9-9c42-7061c1d64ecd, command=[]} | ret=SUCCESS |  
2019-09-19 04:32:18,622 | INFO  | SCMAudit | user=jenkins1000 | ip=192.168.34.50 | op=SEND_HEARTBEAT {datanodeUUID=cacd8be3-3994-43a0-9248-dc2aa43e6f92, command=[]} | ret=SUCCESS |  
2019-09-19 04:32:18,622 | INFO  | SCMAudit | user=jenkins1000 | ip=192.168.34.50 | op=SEND_HEARTBEAT {datanodeUUID=fc0f8f3b-538d-481e-abe0-204925d4ee8f, command=[]} | ret=SUCCESS |  
2019-09-19 04:32:18,632 | INFO  | SCMAudit | user=jenkins1000 | ip=192.168.34.50 | op=SEND_HEARTBEAT {datanodeUUID=d40cfe62-fc21-48bd-841c-37c3da2319ca, command=[]} | ret=SUCCESS |  
2019-09-19 04:32:18,660 [grpc-default-executor-0] INFO  client.GrpcClientProtocolClient (GrpcClientProtocolClient.java:onNext(255)) - client-8D3BBA1B251F->cacd8be3-3994-43a0-9248-dc2aa43e6f92: receive RaftClientReply:client-8D3BBA1B251F->cacd8be3-3994-43a0-9248-dc2aa43e6f92@group-52CD28E9D88B, cid=45, FAILED org.apache.ratis.protocol.NotLeaderException: Server cacd8be3-3994-43a0-9248-dc2aa43e6f92 is not the leader (fc0f8f3b-538d-481e-abe0-204925d4ee8f:192.168.34.50:35638). Request must be sent to leader., logIndex=0, commits[cacd8be3-3994-43a0-9248-dc2aa43e6f92:c8, d40cfe62-fc21-48bd-841c-37c3da2319ca:c8, fc0f8f3b-538d-481e-abe0-204925d4ee8f:c8]
2019-09-19 04:32:18,778 | INFO  | SCMAudit | user=jenkins1000 | ip=192.168.34.50 | op=SEND_HEARTBEAT {datanodeUUID=d267f1ee-b840-49aa-88d3-6d319dcb89fa, command=[]} | ret=SUCCESS |  
2019-09-19 04:32:19,024 | INFO  | SCMAudit | user=jenkins1000 | ip=192.168.34.50 | op=SEND_HEARTBEAT {datanodeUUID=646ad8b2-e397-4e74-bda7-a2da429002a8, command=[]} | ret=SUCCESS |  
2019-09-19 04:32:19,241 | INFO  | SCMAudit | user=jenkins1000 | ip=192.168.34.50 | op=SEND_HEARTBEAT {datanodeUUID=bb21d486-410c-4d63-a3eb-a911625626cf, command=[]} | ret=SUCCESS |  
2019-09-19 04:32:19,515 | INFO  | SCMAudit | user=jenkins1000 | ip=192.168.34.50 | op=SEND_HEARTBEAT {datanodeUUID=cee6b86e-e629-45c9-9c42-7061c1d64ecd, command=[]} | ret=SUCCESS |  
2019-09-19 04:32:19,622 | INFO  | SCMAudit | user=jenkins1000 | ip=192.168.34.50 | op=SEND_HEARTBEAT {datanodeUUID=cacd8be3-3994-43a0-9248-dc2aa43e6f92, command=[]} | ret=SUCCESS |  
2019-09-19 04:32:19,622 | INFO  | SCMAudit | user=jenkins1000 | ip=192.168.34.50 | op=SEND_HEARTBEAT {datanodeUUID=fc0f8f3b-538d-481e-abe0-204925d4ee8f, command=[]} | ret=SUCCESS |  
2019-09-19 04:32:19,632 | INFO  | SCMAudit | user=jenkins1000 | ip=192.168.34.50 | op=SEND_HEARTBEAT {datanodeUUID=d40cfe62-fc21-48bd-841c-37c3da2319ca, command=[]} | ret=SUCCESS |  
2019-09-19 04:32:19,779 | INFO  | SCMAudit | user=jenkins1000 | ip=192.168.34.50 | op=SEND_HEARTBEAT {datanodeUUID=d267f1ee-b840-49aa-88d3-6d319dcb89fa, command=[]} | ret=SUCCESS |  
2019-09-19 04:32:20,027 | INFO  | SCMAudit | user=jenkins1000 | ip=192.168.34.50 | op=SEND_HEARTBEAT {datanodeUUID=646ad8b2-e397-4e74-bda7-a2da429002a8, command=[]} | ret=SUCCESS |  
2019-09-19 04:32:20,241 | INFO  | SCMAudit | user=jenkins1000 | ip=192.168.34.50 | op=SEND_HEARTBEAT {datanodeUUID=bb21d486-410c-4d63-a3eb-a911625626cf, command=[]} | ret=SUCCESS |  
2019-09-19 04:32:20,516 | INFO  | SCMAudit | user=jenkins1000 | ip=192.168.34.50 | op=SEND_HEARTBEAT {datanodeUUID=cee6b86e-e629-45c9-9c42-7061c1d64ecd, command=[]} | ret=SUCCESS |  
2019-09-19 04:32:20,623 | INFO  | SCMAudit | user=jenkins1000 | ip=192.168.34.50 | op=SEND_HEARTBEAT {datanodeUUID=cacd8be3-3994-43a0-9248-dc2aa43e6f92, command=[]} | ret=SUCCESS |  
2019-09-19 04:32:20,623 | INFO  | SCMAudit | user=jenkins1000 | ip=192.168.34.50 | op=SEND_HEARTBEAT {datanodeUUID=fc0f8f3b-538d-481e-abe0-204925d4ee8f, command=[]} | ret=SUCCESS |  
2019-09-19 04:32:20,632 | INFO  | SCMAudit | user=jenkins1000 | ip=192.168.34.50 | op=SEND_HEARTBEAT {datanodeUUID=d40cfe62-fc21-48bd-841c-37c3da2319ca, command=[]} | ret=SUCCESS |  
2019-09-19 04:32:20,779 | INFO  | SCMAudit | user=jenkins1000 | ip=192.168.34.50 | op=SEND_HEARTBEAT {datanodeUUID=d267f1ee-b840-49aa-88d3-6d319dcb89fa, command=[]} | ret=SUCCESS |  
2019-09-19 04:32:21,025 | INFO  | SCMAudit | user=jenkins1000 | ip=192.168.34.50 | op=SEND_HEARTBEAT {datanodeUUID=646ad8b2-e397-4e74-bda7-a2da429002a8, command=[]} | ret=SUCCESS |  
2019-09-19 04:32:21,242 | INFO  | SCMAudit | user=jenkins1000 | ip=192.168.34.50 | op=SEND_HEARTBEAT {datanodeUUID=bb21d486-410c-4d63-a3eb-a911625626cf, command=[]} | ret=SUCCESS |  
2019-09-19 04:32:21,516 | INFO  | SCMAudit | user=jenkins1000 | ip=192.168.34.50 | op=SEND_HEARTBEAT {datanodeUUID=cee6b86e-e629-45c9-9c42-7061c1d64ecd, command=[]} | ret=SUCCESS |  
2019-09-19 04:32:21,623 | INFO  | SCMAudit | user=jenkins1000 | ip=192.168.34.50 | op=SEND_HEARTBEAT {datanodeUUID=fc0f8f3b-538d-481e-abe0-204925d4ee8f, command=[]} | ret=SUCCESS |  
2019-09-19 04:32:21,623 | INFO  | SCMAudit | user=jenkins1000 | ip=192.168.34.50 | op=SEND_HEARTBEAT {datanodeUUID=cacd8be3-3994-43a0-9248-dc2aa43e6f92, command=[]} | ret=SUCCESS |  
2019-09-19 04:32:21,633 | INFO  | SCMAudit | user=jenkins1000 | ip=192.168.34.50 | op=SEND_HEARTBEAT {datanodeUUID=d40cfe62-fc21-48bd-841c-37c3da2319ca, command=[]} | ret=SUCCESS |  
2019-09-19 04:32:21,778 | INFO  | SCMAudit | user=jenkins1000 | ip=192.168.34.50 | op=SEND_HEARTBEAT {datanodeUUID=d267f1ee-b840-49aa-88d3-6d319dcb89fa, command=[]} | ret=SUCCESS |  
2019-09-19 04:32:22,025 | INFO  | SCMAudit | user=jenkins1000 | ip=192.168.34.50 | op=SEND_HEARTBEAT {datanodeUUID=646ad8b2-e397-4e74-bda7-a2da429002a8, command=[]} | ret=SUCCESS |  
2019-09-19 04:32:22,242 | INFO  | SCMAudit | user=jenkins1000 | ip=192.168.34.50 | op=SEND_HEARTBEAT {datanodeUUID=bb21d486-410c-4d63-a3eb-a911625626cf, command=[]} | ret=SUCCESS |  
2019-09-19 04:32:22,516 | INFO  | SCMAudit | user=jenkins1000 | ip=192.168.34.50 | op=SEND_HEARTBEAT {datanodeUUID=cee6b86e-e629-45c9-9c42-7061c1d64ecd, command=[]} | ret=SUCCESS |  
2019-09-19 04:32:22,622 | INFO  | SCMAudit | user=jenkins1000 | ip=192.168.34.50 | op=SEND_HEARTBEAT {datanodeUUID=cacd8be3-3994-43a0-9248-dc2aa43e6f92, command=[]} | ret=SUCCESS |  
2019-09-19 04:32:22,624 | INFO  | SCMAudit | user=jenkins1000 | ip=192.168.34.50 | op=SEND_HEARTBEAT {datanodeUUID=fc0f8f3b-538d-481e-abe0-204925d4ee8f, command=[]} | ret=SUCCESS |  
2019-09-19 04:32:22,632 | INFO  | SCMAudit | user=jenkins1000 | ip=192.168.34.50 | op=SEND_HEARTBEAT {datanodeUUID=d40cfe62-fc21-48bd-841c-37c3da2319ca, command=[]} | ret=SUCCESS |  
2019-09-19 04:32:22,778 | INFO  | SCMAudit | user=jenkins1000 | ip=192.168.34.50 | op=SEND_HEARTBEAT {datanodeUUID=d267f1ee-b840-49aa-88d3-6d319dcb89fa, command=[]} | ret=SUCCESS |  
2019-09-19 04:32:23,025 | INFO  | SCMAudit | user=jenkins1000 | ip=192.168.34.50 | op=SEND_HEARTBEAT {datanodeUUID=646ad8b2-e397-4e74-bda7-a2da429002a8, command=[]} | ret=SUCCESS |  
2019-09-19 04:32:23,241 | INFO  | SCMAudit | user=jenkins1000 | ip=192.168.34.50 | op=SEND_HEARTBEAT {datanodeUUID=bb21d486-410c-4d63-a3eb-a911625626cf, command=[]} | ret=SUCCESS |  
2019-09-19 04:32:23,517 | INFO  | SCMAudit | user=jenkins1000 | ip=192.168.34.50 | op=SEND_HEARTBEAT {datanodeUUID=cee6b86e-e629-45c9-9c42-7061c1d64ecd, command=[]} | ret=SUCCESS |  
2019-09-19 04:32:23,623 | INFO  | SCMAudit | user=jenkins1000 | ip=192.168.34.50 | op=SEND_HEARTBEAT {datanodeUUID=cacd8be3-3994-43a0-9248-dc2aa43e6f92, command=[]} | ret=SUCCESS |  
2019-09-19 04:32:23,624 | INFO  | SCMAudit | user=jenkins1000 | ip=192.168.34.50 | op=SEND_HEARTBEAT {datanodeUUID=fc0f8f3b-538d-481e-abe0-204925d4ee8f, command=[]} | ret=SUCCESS |  
2019-09-19 04:32:23,632 | INFO  | SCMAudit | user=jenkins1000 | ip=192.168.34.50 | op=SEND_HEARTBEAT {datanodeUUID=d40cfe62-fc21-48bd-841c-37c3da2319ca, command=[]} | ret=SUCCESS |  
2019-09-19 04:32:23,711 [grpc-default-executor-0] INFO  client.GrpcClientProtocolClient (GrpcClientProtocolClient.java:onNext(255)) - client-8D3BBA1B251F->cacd8be3-3994-43a0-9248-dc2aa43e6f92: receive RaftClientReply:client-8D3BBA1B251F->cacd8be3-3994-43a0-9248-dc2aa43e6f92@group-52CD28E9D88B, cid=45, FAILED org.apache.ratis.protocol.NotLeaderException: Server cacd8be3-3994-43a0-9248-dc2aa43e6f92 is not the leader (fc0f8f3b-538d-481e-abe0-204925d4ee8f:192.168.34.50:35638). Request must be sent to leader., logIndex=0, commits[cacd8be3-3994-43a0-9248-dc2aa43e6f92:c8, d40cfe62-fc21-48bd-841c-37c3da2319ca:c8, fc0f8f3b-538d-481e-abe0-204925d4ee8f:c8]
2019-09-19 04:32:23,778 | INFO  | SCMAudit | user=jenkins1000 | ip=192.168.34.50 | op=SEND_HEARTBEAT {datanodeUUID=d267f1ee-b840-49aa-88d3-6d319dcb89fa, command=[]} | ret=SUCCESS |  
2019-09-19 04:32:24,025 | INFO  | SCMAudit | user=jenkins1000 | ip=192.168.34.50 | op=SEND_HEARTBEAT {datanodeUUID=646ad8b2-e397-4e74-bda7-a2da429002a8, command=[]} | ret=SUCCESS |  
2019-09-19 04:32:24,242 | INFO  | SCMAudit | user=jenkins1000 | ip=192.168.34.50 | op=SEND_HEARTBEAT {datanodeUUID=bb21d486-410c-4d63-a3eb-a911625626cf, command=[]} | ret=SUCCESS |  
2019-09-19 04:32:24,517 | INFO  | SCMAudit | user=jenkins1000 | ip=192.168.34.50 | op=SEND_HEARTBEAT {datanodeUUID=cee6b86e-e629-45c9-9c42-7061c1d64ecd, command=[]} | ret=SUCCESS |  
2019-09-19 04:32:24,623 | INFO  | SCMAudit | user=jenkins1000 | ip=192.168.34.50 | op=SEND_HEARTBEAT {datanodeUUID=cacd8be3-3994-43a0-9248-dc2aa43e6f92, command=[]} | ret=SUCCESS |  
2019-09-19 04:32:24,624 | INFO  | SCMAudit | user=jenkins1000 | ip=192.168.34.50 | op=SEND_HEARTBEAT {datanodeUUID=fc0f8f3b-538d-481e-abe0-204925d4ee8f, command=[]} | ret=SUCCESS |  
2019-09-19 04:32:24,632 | INFO  | SCMAudit | user=jenkins1000 | ip=192.168.34.50 | op=SEND_HEARTBEAT {datanodeUUID=d40cfe62-fc21-48bd-841c-37c3da2319ca, command=[]} | ret=SUCCESS |  
2019-09-19 04:32:24,779 | INFO  | SCMAudit | user=jenkins1000 | ip=192.168.34.50 | op=SEND_HEARTBEAT {datanodeUUID=d267f1ee-b840-49aa-88d3-6d319dcb89fa, command=[]} | ret=SUCCESS |  
2019-09-19 04:32:25,026 | INFO  | SCMAudit | user=jenkins1000 | ip=192.168.34.50 | op=SEND_HEARTBEAT {datanodeUUID=646ad8b2-e397-4e74-bda7-a2da429002a8, command=[]} | ret=SUCCESS |  
2019-09-19 04:32:25,242 | INFO  | SCMAudit | user=jenkins1000 | ip=192.168.34.50 | op=SEND_HEARTBEAT {datanodeUUID=bb21d486-410c-4d63-a3eb-a911625626cf, command=[]} | ret=SUCCESS |  
2019-09-19 04:32:25,517 | INFO  | SCMAudit | user=jenkins1000 | ip=192.168.34.50 | op=SEND_HEARTBEAT {datanodeUUID=cee6b86e-e629-45c9-9c42-7061c1d64ecd, command=[]} | ret=SUCCESS |  
2019-09-19 04:32:25,623 | INFO  | SCMAudit | user=jenkins1000 | ip=192.168.34.50 | op=SEND_HEARTBEAT {datanodeUUID=cacd8be3-3994-43a0-9248-dc2aa43e6f92, command=[]} | ret=SUCCESS |  
2019-09-19 04:32:25,625 | INFO  | SCMAudit | user=jenkins1000 | ip=192.168.34.50 | op=SEND_HEARTBEAT {datanodeUUID=fc0f8f3b-538d-481e-abe0-204925d4ee8f, command=[]} | ret=SUCCESS |  
2019-09-19 04:32:25,632 | INFO  | SCMAudit | user=jenkins1000 | ip=192.168.34.50 | op=SEND_HEARTBEAT {datanodeUUID=d40cfe62-fc21-48bd-841c-37c3da2319ca, command=[]} | ret=SUCCESS |  
2019-09-19 04:32:25,779 | INFO  | SCMAudit | user=jenkins1000 | ip=192.168.34.50 | op=SEND_HEARTBEAT {datanodeUUID=d267f1ee-b840-49aa-88d3-6d319dcb89fa, command=[]} | ret=SUCCESS |  
2019-09-19 04:32:26,025 | INFO  | SCMAudit | user=jenkins1000 | ip=192.168.34.50 | op=SEND_HEARTBEAT {datanodeUUID=646ad8b2-e397-4e74-bda7-a2da429002a8, command=[]} | ret=SUCCESS |  
2019-09-19 04:32:26,242 | INFO  | SCMAudit | user=jenkins1000 | ip=192.168.34.50 | op=SEND_HEARTBEAT {datanodeUUID=bb21d486-410c-4d63-a3eb-a911625626cf, command=[]} | ret=SUCCESS |  
2019-09-19 04:32:26,518 | INFO  | SCMAudit | user=jenkins1000 | ip=192.168.34.50 | op=SEND_HEARTBEAT {datanodeUUID=cee6b86e-e629-45c9-9c42-7061c1d64ecd, command=[]} | ret=SUCCESS |  
2019-09-19 04:32:26,622 | INFO  | SCMAudit | user=jenkins1000 | ip=192.168.34.50 | op=SEND_HEARTBEAT {datanodeUUID=cacd8be3-3994-43a0-9248-dc2aa43e6f92, command=[]} | ret=SUCCESS |  
2019-09-19 04:32:26,625 | INFO  | SCMAudit | user=jenkins1000 | ip=192.168.34.50 | op=SEND_HEARTBEAT {datanodeUUID=fc0f8f3b-538d-481e-abe0-204925d4ee8f, command=[]} | ret=SUCCESS |  
2019-09-19 04:32:26,632 | INFO  | SCMAudit | user=jenkins1000 | ip=192.168.34.50 | op=SEND_HEARTBEAT {datanodeUUID=d40cfe62-fc21-48bd-841c-37c3da2319ca, command=[]} | ret=SUCCESS |  
2019-09-19 04:32:26,779 | INFO  | SCMAudit | user=jenkins1000 | ip=192.168.34.50 | op=SEND_HEARTBEAT {datanodeUUID=d267f1ee-b840-49aa-88d3-6d319dcb89fa, command=[]} | ret=SUCCESS |  
2019-09-19 04:32:27,025 | INFO  | SCMAudit | user=jenkins1000 | ip=192.168.34.50 | op=SEND_HEARTBEAT {datanodeUUID=646ad8b2-e397-4e74-bda7-a2da429002a8, command=[]} | ret=SUCCESS |  
2019-09-19 04:32:27,242 | INFO  | SCMAudit | user=jenkins1000 | ip=192.168.34.50 | op=SEND_HEARTBEAT {datanodeUUID=bb21d486-410c-4d63-a3eb-a911625626cf, command=[]} | ret=SUCCESS |  
2019-09-19 04:32:27,518 | INFO  | SCMAudit | user=jenkins1000 | ip=192.168.34.50 | op=SEND_HEARTBEAT {datanodeUUID=cee6b86e-e629-45c9-9c42-7061c1d64ecd, command=[]} | ret=SUCCESS |  
2019-09-19 04:32:27,623 | INFO  | SCMAudit | user=jenkins1000 | ip=192.168.34.50 | op=SEND_HEARTBEAT {datanodeUUID=cacd8be3-3994-43a0-9248-dc2aa43e6f92, command=[]} | ret=SUCCESS |  
2019-09-19 04:32:27,625 | INFO  | SCMAudit | user=jenkins1000 | ip=192.168.34.50 | op=SEND_HEARTBEAT {datanodeUUID=fc0f8f3b-538d-481e-abe0-204925d4ee8f, command=[]} | ret=SUCCESS |  
2019-09-19 04:32:27,632 | INFO  | SCMAudit | user=jenkins1000 | ip=192.168.34.50 | op=SEND_HEARTBEAT {datanodeUUID=d40cfe62-fc21-48bd-841c-37c3da2319ca, command=[]} | ret=SUCCESS |  
2019-09-19 04:32:27,779 | INFO  | SCMAudit | user=jenkins1000 | ip=192.168.34.50 | op=SEND_HEARTBEAT {datanodeUUID=d267f1ee-b840-49aa-88d3-6d319dcb89fa, command=[]} | ret=SUCCESS |  
2019-09-19 04:32:28,026 | INFO  | SCMAudit | user=jenkins1000 | ip=192.168.34.50 | op=SEND_HEARTBEAT {datanodeUUID=646ad8b2-e397-4e74-bda7-a2da429002a8, command=[]} | ret=SUCCESS |  
2019-09-19 04:32:28,243 | INFO  | SCMAudit | user=jenkins1000 | ip=192.168.34.50 | op=SEND_HEARTBEAT {datanodeUUID=bb21d486-410c-4d63-a3eb-a911625626cf, command=[]} | ret=SUCCESS |  
2019-09-19 04:32:28,518 | INFO  | SCMAudit | user=jenkins1000 | ip=192.168.34.50 | op=SEND_HEARTBEAT {datanodeUUID=cee6b86e-e629-45c9-9c42-7061c1d64ecd, command=[]} | ret=SUCCESS |  
2019-09-19 04:32:28,623 | INFO  | SCMAudit | user=jenkins1000 | ip=192.168.34.50 | op=SEND_HEARTBEAT {datanodeUUID=cacd8be3-3994-43a0-9248-dc2aa43e6f92, command=[]} | ret=SUCCESS |  
2019-09-19 04:32:28,625 | INFO  | SCMAudit | user=jenkins1000 | ip=192.168.34.50 | op=SEND_HEARTBEAT {datanodeUUID=fc0f8f3b-538d-481e-abe0-204925d4ee8f, command=[]} | ret=SUCCESS |  
2019-09-19 04:32:28,632 | INFO  | SCMAudit | user=jenkins1000 | ip=192.168.34.50 | op=SEND_HEARTBEAT {datanodeUUID=d40cfe62-fc21-48bd-841c-37c3da2319ca, command=[]} | ret=SUCCESS |  
2019-09-19 04:32:28,750 [grpc-default-executor-5] INFO  client.GrpcClientProtocolClient (GrpcClientProtocolClient.java:onNext(255)) - client-8D3BBA1B251F->cacd8be3-3994-43a0-9248-dc2aa43e6f92: receive RaftClientReply:client-8D3BBA1B251F->cacd8be3-3994-43a0-9248-dc2aa43e6f92@group-52CD28E9D88B, cid=45, FAILED org.apache.ratis.protocol.NotLeaderException: Server cacd8be3-3994-43a0-9248-dc2aa43e6f92 is not the leader (fc0f8f3b-538d-481e-abe0-204925d4ee8f:192.168.34.50:35638). Request must be sent to leader., logIndex=0, commits[cacd8be3-3994-43a0-9248-dc2aa43e6f92:c8, d40cfe62-fc21-48bd-841c-37c3da2319ca:c8, fc0f8f3b-538d-481e-abe0-204925d4ee8f:c8]
2019-09-19 04:32:28,780 | INFO  | SCMAudit | user=jenkins1000 | ip=192.168.34.50 | op=SEND_HEARTBEAT {datanodeUUID=d267f1ee-b840-49aa-88d3-6d319dcb89fa, command=[]} | ret=SUCCESS |  
2019-09-19 04:32:29,025 | INFO  | SCMAudit | user=jenkins1000 | ip=192.168.34.50 | op=SEND_HEARTBEAT {datanodeUUID=646ad8b2-e397-4e74-bda7-a2da429002a8, command=[]} | ret=SUCCESS |  
2019-09-19 04:32:29,242 | INFO  | SCMAudit | user=jenkins1000 | ip=192.168.34.50 | op=SEND_HEARTBEAT {datanodeUUID=bb21d486-410c-4d63-a3eb-a911625626cf, command=[]} | ret=SUCCESS |  
2019-09-19 04:32:29,519 | INFO  | SCMAudit | user=jenkins1000 | ip=192.168.34.50 | op=SEND_HEARTBEAT {datanodeUUID=cee6b86e-e629-45c9-9c42-7061c1d64ecd, command=[]} | ret=SUCCESS |  
2019-09-19 04:32:29,624 | INFO  | SCMAudit | user=jenkins1000 | ip=192.168.34.50 | op=SEND_HEARTBEAT {datanodeUUID=cacd8be3-3994-43a0-9248-dc2aa43e6f92, command=[]} | ret=SUCCESS |  
2019-09-19 04:32:29,625 | INFO  | SCMAudit | user=jenkins1000 | ip=192.168.34.50 | op=SEND_HEARTBEAT {datanodeUUID=fc0f8f3b-538d-481e-abe0-204925d4ee8f, command=[]} | ret=SUCCESS |  
2019-09-19 04:32:29,632 | INFO  | SCMAudit | user=jenkins1000 | ip=192.168.34.50 | op=SEND_HEARTBEAT {datanodeUUID=d40cfe62-fc21-48bd-841c-37c3da2319ca, command=[]} | ret=SUCCESS |  
2019-09-19 04:32:29,780 | INFO  | SCMAudit | user=jenkins1000 | ip=192.168.34.50 | op=SEND_HEARTBEAT {datanodeUUID=d267f1ee-b840-49aa-88d3-6d319dcb89fa, command=[]} | ret=SUCCESS |  
2019-09-19 04:32:30,025 | INFO  | SCMAudit | user=jenkins1000 | ip=192.168.34.50 | op=SEND_HEARTBEAT {datanodeUUID=646ad8b2-e397-4e74-bda7-a2da429002a8, command=[]} | ret=SUCCESS |  
2019-09-19 04:32:30,242 | INFO  | SCMAudit | user=jenkins1000 | ip=192.168.34.50 | op=SEND_HEARTBEAT {datanodeUUID=bb21d486-410c-4d63-a3eb-a911625626cf, command=[]} | ret=SUCCESS |  
2019-09-19 04:32:30,519 | INFO  | SCMAudit | user=jenkins1000 | ip=192.168.34.50 | op=SEND_HEARTBEAT {datanodeUUID=cee6b86e-e629-45c9-9c42-7061c1d64ecd, command=[]} | ret=SUCCESS |  
2019-09-19 04:32:30,624 | INFO  | SCMAudit | user=jenkins1000 | ip=192.168.34.50 | op=SEND_HEARTBEAT {datanodeUUID=cacd8be3-3994-43a0-9248-dc2aa43e6f92, command=[]} | ret=SUCCESS |  
2019-09-19 04:32:30,625 | INFO  | SCMAudit | user=jenkins1000 | ip=192.168.34.50 | op=SEND_HEARTBEAT {datanodeUUID=fc0f8f3b-538d-481e-abe0-204925d4ee8f, command=[]} | ret=SUCCESS |  
2019-09-19 04:32:30,632 | INFO  | SCMAudit | user=jenkins1000 | ip=192.168.34.50 | op=SEND_HEARTBEAT {datanodeUUID=d40cfe62-fc21-48bd-841c-37c3da2319ca, command=[]} | ret=SUCCESS |  
2019-09-19 04:32:30,780 | INFO  | SCMAudit | user=jenkins1000 | ip=192.168.34.50 | op=SEND_HEARTBEAT {datanodeUUID=d267f1ee-b840-49aa-88d3-6d319dcb89fa, command=[]} | ret=SUCCESS |  
2019-09-19 04:32:31,026 | INFO  | SCMAudit | user=jenkins1000 | ip=192.168.34.50 | op=SEND_HEARTBEAT {datanodeUUID=646ad8b2-e397-4e74-bda7-a2da429002a8, command=[]} | ret=SUCCESS |  
2019-09-19 04:32:31,242 | INFO  | SCMAudit | user=jenkins1000 | ip=192.168.34.50 | op=SEND_HEARTBEAT {datanodeUUID=bb21d486-410c-4d63-a3eb-a911625626cf, command=[]} | ret=SUCCESS |  
2019-09-19 04:32:31,519 | INFO  | SCMAudit | user=jenkins1000 | ip=192.168.34.50 | op=SEND_HEARTBEAT {datanodeUUID=cee6b86e-e629-45c9-9c42-7061c1d64ecd, command=[]} | ret=SUCCESS |  
2019-09-19 04:32:31,624 | INFO  | SCMAudit | user=jenkins1000 | ip=192.168.34.50 | op=SEND_HEARTBEAT {datanodeUUID=cacd8be3-3994-43a0-9248-dc2aa43e6f92, command=[]} | ret=SUCCESS |  
2019-09-19 04:32:31,626 | INFO  | SCMAudit | user=jenkins1000 | ip=192.168.34.50 | op=SEND_HEARTBEAT {datanodeUUID=fc0f8f3b-538d-481e-abe0-204925d4ee8f, command=[]} | ret=SUCCESS |  
2019-09-19 04:32:31,632 | INFO  | SCMAudit | user=jenkins1000 | ip=192.168.34.50 | op=SEND_HEARTBEAT {datanodeUUID=d40cfe62-fc21-48bd-841c-37c3da2319ca, command=[]} | ret=SUCCESS |  
2019-09-19 04:32:31,780 | INFO  | SCMAudit | user=jenkins1000 | ip=192.168.34.50 | op=SEND_HEARTBEAT {datanodeUUID=d267f1ee-b840-49aa-88d3-6d319dcb89fa, command=[]} | ret=SUCCESS |  
2019-09-19 04:32:32,025 | INFO  | SCMAudit | user=jenkins1000 | ip=192.168.34.50 | op=SEND_HEARTBEAT {datanodeUUID=646ad8b2-e397-4e74-bda7-a2da429002a8, command=[]} | ret=SUCCESS |  
2019-09-19 04:32:32,243 | INFO  | SCMAudit | user=jenkins1000 | ip=192.168.34.50 | op=SEND_HEARTBEAT {datanodeUUID=bb21d486-410c-4d63-a3eb-a911625626cf, command=[]} | ret=SUCCESS |  
2019-09-19 04:32:32,520 | INFO  | SCMAudit | user=jenkins1000 | ip=192.168.34.50 | op=SEND_HEARTBEAT {datanodeUUID=cee6b86e-e629-45c9-9c42-7061c1d64ecd, command=[]} | ret=SUCCESS |  
2019-09-19 04:32:32,625 | INFO  | SCMAudit | user=jenkins1000 | ip=192.168.34.50 | op=SEND_HEARTBEAT {datanodeUUID=cacd8be3-3994-43a0-9248-dc2aa43e6f92, command=[]} | ret=SUCCESS |  
2019-09-19 04:32:32,627 | INFO  | SCMAudit | user=jenkins1000 | ip=192.168.34.50 | op=SEND_HEARTBEAT {datanodeUUID=fc0f8f3b-538d-481e-abe0-204925d4ee8f, command=[]} | ret=SUCCESS |  
2019-09-19 04:32:32,632 | INFO  | SCMAudit | user=jenkins1000 | ip=192.168.34.50 | op=SEND_HEARTBEAT {datanodeUUID=d40cfe62-fc21-48bd-841c-37c3da2319ca, command=[]} | ret=SUCCESS |  
2019-09-19 04:32:32,779 | INFO  | SCMAudit | user=jenkins1000 | ip=192.168.34.50 | op=SEND_HEARTBEAT {datanodeUUID=d267f1ee-b840-49aa-88d3-6d319dcb89fa, command=[]} | ret=SUCCESS |  
2019-09-19 04:32:33,025 | INFO  | SCMAudit | user=jenkins1000 | ip=192.168.34.50 | op=SEND_HEARTBEAT {datanodeUUID=646ad8b2-e397-4e74-bda7-a2da429002a8, command=[]} | ret=SUCCESS |  
2019-09-19 04:32:33,243 | INFO  | SCMAudit | user=jenkins1000 | ip=192.168.34.50 | op=SEND_HEARTBEAT {datanodeUUID=bb21d486-410c-4d63-a3eb-a911625626cf, command=[]} | ret=SUCCESS |  
2019-09-19 04:32:33,519 | INFO  | SCMAudit | user=jenkins1000 | ip=192.168.34.50 | op=SEND_HEARTBEAT {datanodeUUID=cee6b86e-e629-45c9-9c42-7061c1d64ecd, command=[]} | ret=SUCCESS |  
2019-09-19 04:32:33,625 | INFO  | SCMAudit | user=jenkins1000 | ip=192.168.34.50 | op=SEND_HEARTBEAT {datanodeUUID=cacd8be3-3994-43a0-9248-dc2aa43e6f92, command=[]} | ret=SUCCESS |  
2019-09-19 04:32:33,628 | INFO  | SCMAudit | user=jenkins1000 | ip=192.168.34.50 | op=SEND_HEARTBEAT {datanodeUUID=fc0f8f3b-538d-481e-abe0-204925d4ee8f, command=[]} | ret=SUCCESS |  
2019-09-19 04:32:33,632 | INFO  | SCMAudit | user=jenkins1000 | ip=192.168.34.50 | op=SEND_HEARTBEAT {datanodeUUID=d40cfe62-fc21-48bd-841c-37c3da2319ca, command=[]} | ret=SUCCESS |  
2019-09-19 04:32:33,779 | INFO  | SCMAudit | user=jenkins1000 | ip=192.168.34.50 | op=SEND_HEARTBEAT {datanodeUUID=d267f1ee-b840-49aa-88d3-6d319dcb89fa, command=[]} | ret=SUCCESS |  
2019-09-19 04:32:33,789 [grpc-default-executor-5] INFO  client.GrpcClientProtocolClient (GrpcClientProtocolClient.java:onNext(255)) - client-8D3BBA1B251F->cacd8be3-3994-43a0-9248-dc2aa43e6f92: receive RaftClientReply:client-8D3BBA1B251F->cacd8be3-3994-43a0-9248-dc2aa43e6f92@group-52CD28E9D88B, cid=45, FAILED org.apache.ratis.protocol.NotLeaderException: Server cacd8be3-3994-43a0-9248-dc2aa43e6f92 is not the leader (fc0f8f3b-538d-481e-abe0-204925d4ee8f:192.168.34.50:35638). Request must be sent to leader., logIndex=0, commits[cacd8be3-3994-43a0-9248-dc2aa43e6f92:c8, d40cfe62-fc21-48bd-841c-37c3da2319ca:c8, fc0f8f3b-538d-481e-abe0-204925d4ee8f:c8]
2019-09-19 04:32:34,026 | INFO  | SCMAudit | user=jenkins1000 | ip=192.168.34.50 | op=SEND_HEARTBEAT {datanodeUUID=646ad8b2-e397-4e74-bda7-a2da429002a8, command=[]} | ret=SUCCESS |  
2019-09-19 04:32:34,243 | INFO  | SCMAudit | user=jenkins1000 | ip=192.168.34.50 | op=SEND_HEARTBEAT {datanodeUUID=bb21d486-410c-4d63-a3eb-a911625626cf, command=[]} | ret=SUCCESS |  
2019-09-19 04:32:34,519 | INFO  | SCMAudit | user=jenkins1000 | ip=192.168.34.50 | op=SEND_HEARTBEAT {datanodeUUID=cee6b86e-e629-45c9-9c42-7061c1d64ecd, command=[]} | ret=SUCCESS |  
2019-09-19 04:32:34,624 | INFO  | SCMAudit | user=jenkins1000 | ip=192.168.34.50 | op=SEND_HEARTBEAT {datanodeUUID=cacd8be3-3994-43a0-9248-dc2aa43e6f92, command=[]} | ret=SUCCESS |  
2019-09-19 04:32:34,628 | INFO  | SCMAudit | user=jenkins1000 | ip=192.168.34.50 | op=SEND_HEARTBEAT {datanodeUUID=fc0f8f3b-538d-481e-abe0-204925d4ee8f, command=[]} | ret=SUCCESS |  
2019-09-19 04:32:34,632 | INFO  | SCMAudit | user=jenkins1000 | ip=192.168.34.50 | op=SEND_HEARTBEAT {datanodeUUID=d40cfe62-fc21-48bd-841c-37c3da2319ca, command=[]} | ret=SUCCESS |  
2019-09-19 04:32:34,779 | INFO  | SCMAudit | user=jenkins1000 | ip=192.168.34.50 | op=SEND_HEARTBEAT {datanodeUUID=d267f1ee-b840-49aa-88d3-6d319dcb89fa, command=[]} | ret=SUCCESS |  
2019-09-19 04:32:35,026 | INFO  | SCMAudit | user=jenkins1000 | ip=192.168.34.50 | op=SEND_HEARTBEAT {datanodeUUID=646ad8b2-e397-4e74-bda7-a2da429002a8, command=[]} | ret=SUCCESS |  
2019-09-19 04:32:35,243 | INFO  | SCMAudit | user=jenkins1000 | ip=192.168.34.50 | op=SEND_HEARTBEAT {datanodeUUID=bb21d486-410c-4d63-a3eb-a911625626cf, command=[]} | ret=SUCCESS |  
2019-09-19 04:32:35,520 | INFO  | SCMAudit | user=jenkins1000 | ip=192.168.34.50 | op=SEND_HEARTBEAT {datanodeUUID=cee6b86e-e629-45c9-9c42-7061c1d64ecd, command=[]} | ret=SUCCESS |  
2019-09-19 04:32:35,625 | INFO  | SCMAudit | user=jenkins1000 | ip=192.168.34.50 | op=SEND_HEARTBEAT {datanodeUUID=cacd8be3-3994-43a0-9248-dc2aa43e6f92, command=[]} | ret=SUCCESS |  
2019-09-19 04:32:35,628 | INFO  | SCMAudit | user=jenkins1000 | ip=192.168.34.50 | op=SEND_HEARTBEAT {datanodeUUID=fc0f8f3b-538d-481e-abe0-204925d4ee8f, command=[]} | ret=SUCCESS |  
2019-09-19 04:32:35,632 | INFO  | SCMAudit | user=jenkins1000 | ip=192.168.34.50 | op=SEND_HEARTBEAT {datanodeUUID=d40cfe62-fc21-48bd-841c-37c3da2319ca, command=[]} | ret=SUCCESS |  
2019-09-19 04:32:35,779 | INFO  | SCMAudit | user=jenkins1000 | ip=192.168.34.50 | op=SEND_HEARTBEAT {datanodeUUID=d267f1ee-b840-49aa-88d3-6d319dcb89fa, command=[]} | ret=SUCCESS |  
2019-09-19 04:32:36,025 | INFO  | SCMAudit | user=jenkins1000 | ip=192.168.34.50 | op=SEND_HEARTBEAT {datanodeUUID=646ad8b2-e397-4e74-bda7-a2da429002a8, command=[]} | ret=SUCCESS |  
2019-09-19 04:32:36,244 | INFO  | SCMAudit | user=jenkins1000 | ip=192.168.34.50 | op=SEND_HEARTBEAT {datanodeUUID=bb21d486-410c-4d63-a3eb-a911625626cf, command=[]} | ret=SUCCESS |  
2019-09-19 04:32:36,520 | INFO  | SCMAudit | user=jenkins1000 | ip=192.168.34.50 | op=SEND_HEARTBEAT {datanodeUUID=cee6b86e-e629-45c9-9c42-7061c1d64ecd, command=[]} | ret=SUCCESS |  
2019-09-19 04:32:36,624 | INFO  | SCMAudit | user=jenkins1000 | ip=192.168.34.50 | op=SEND_HEARTBEAT {datanodeUUID=cacd8be3-3994-43a0-9248-dc2aa43e6f92, command=[]} | ret=SUCCESS |  
2019-09-19 04:32:36,629 | INFO  | SCMAudit | user=jenkins1000 | ip=192.168.34.50 | op=SEND_HEARTBEAT {datanodeUUID=fc0f8f3b-538d-481e-abe0-204925d4ee8f, command=[]} | ret=SUCCESS |  
2019-09-19 04:32:36,632 | INFO  | SCMAudit | user=jenkins1000 | ip=192.168.34.50 | op=SEND_HEARTBEAT {datanodeUUID=d40cfe62-fc21-48bd-841c-37c3da2319ca, command=[]} | ret=SUCCESS |  
2019-09-19 04:32:36,780 | INFO  | SCMAudit | user=jenkins1000 | ip=192.168.34.50 | op=SEND_HEARTBEAT {datanodeUUID=d267f1ee-b840-49aa-88d3-6d319dcb89fa, command=[]} | ret=SUCCESS |  
2019-09-19 04:32:37,025 | INFO  | SCMAudit | user=jenkins1000 | ip=192.168.34.50 | op=SEND_HEARTBEAT {datanodeUUID=646ad8b2-e397-4e74-bda7-a2da429002a8, command=[]} | ret=SUCCESS |  
2019-09-19 04:32:37,244 | INFO  | SCMAudit | user=jenkins1000 | ip=192.168.34.50 | op=SEND_HEARTBEAT {datanodeUUID=bb21d486-410c-4d63-a3eb-a911625626cf, command=[]} | ret=SUCCESS |  
2019-09-19 04:32:37,521 | INFO  | SCMAudit | user=jenkins1000 | ip=192.168.34.50 | op=SEND_HEARTBEAT {datanodeUUID=cee6b86e-e629-45c9-9c42-7061c1d64ecd, command=[]} | ret=SUCCESS |  
2019-09-19 04:32:37,625 | INFO  | SCMAudit | user=jenkins1000 | ip=192.168.34.50 | op=SEND_HEARTBEAT {datanodeUUID=cacd8be3-3994-43a0-9248-dc2aa43e6f92, command=[]} | ret=SUCCESS |  
2019-09-19 04:32:37,630 | INFO  | SCMAudit | user=jenkins1000 | ip=192.168.34.50 | op=SEND_HEARTBEAT {datanodeUUID=fc0f8f3b-538d-481e-abe0-204925d4ee8f, command=[]} | ret=SUCCESS |  
2019-09-19 04:32:37,632 | INFO  | SCMAudit | user=jenkins1000 | ip=192.168.34.50 | op=SEND_HEARTBEAT {datanodeUUID=d40cfe62-fc21-48bd-841c-37c3da2319ca, command=[]} | ret=SUCCESS |  
2019-09-19 04:32:37,780 | INFO  | SCMAudit | user=jenkins1000 | ip=192.168.34.50 | op=SEND_HEARTBEAT {datanodeUUID=d267f1ee-b840-49aa-88d3-6d319dcb89fa, command=[]} | ret=SUCCESS |  
2019-09-19 04:32:38,025 | INFO  | SCMAudit | user=jenkins1000 | ip=192.168.34.50 | op=SEND_HEARTBEAT {datanodeUUID=646ad8b2-e397-4e74-bda7-a2da429002a8, command=[]} | ret=SUCCESS |  
2019-09-19 04:32:38,243 | INFO  | SCMAudit | user=jenkins1000 | ip=192.168.34.50 | op=SEND_HEARTBEAT {datanodeUUID=bb21d486-410c-4d63-a3eb-a911625626cf, command=[]} | ret=SUCCESS |  
2019-09-19 04:32:38,521 | INFO  | SCMAudit | user=jenkins1000 | ip=192.168.34.50 | op=SEND_HEARTBEAT {datanodeUUID=cee6b86e-e629-45c9-9c42-7061c1d64ecd, command=[]} | ret=SUCCESS |  
2019-09-19 04:32:38,626 | INFO  | SCMAudit | user=jenkins1000 | ip=192.168.34.50 | op=SEND_HEARTBEAT {datanodeUUID=cacd8be3-3994-43a0-9248-dc2aa43e6f92, command=[]} | ret=SUCCESS |  
2019-09-19 04:32:38,630 | INFO  | SCMAudit | user=jenkins1000 | ip=192.168.34.50 | op=SEND_HEARTBEAT {datanodeUUID=fc0f8f3b-538d-481e-abe0-204925d4ee8f, command=[]} | ret=SUCCESS |  
2019-09-19 04:32:38,632 | INFO  | SCMAudit | user=jenkins1000 | ip=192.168.34.50 | op=SEND_HEARTBEAT {datanodeUUID=d40cfe62-fc21-48bd-841c-37c3da2319ca, command=[]} | ret=SUCCESS |  
2019-09-19 04:32:38,780 | INFO  | SCMAudit | user=jenkins1000 | ip=192.168.34.50 | op=SEND_HEARTBEAT {datanodeUUID=d267f1ee-b840-49aa-88d3-6d319dcb89fa, command=[]} | ret=SUCCESS |  
2019-09-19 04:32:38,853 [grpc-default-executor-0] INFO  client.GrpcClientProtocolClient (GrpcClientProtocolClient.java:onNext(255)) - client-8D3BBA1B251F->d40cfe62-fc21-48bd-841c-37c3da2319ca: receive RaftClientReply:client-8D3BBA1B251F->d40cfe62-fc21-48bd-841c-37c3da2319ca@group-52CD28E9D88B, cid=45, FAILED org.apache.ratis.protocol.NotLeaderException: Server d40cfe62-fc21-48bd-841c-37c3da2319ca is not the leader (fc0f8f3b-538d-481e-abe0-204925d4ee8f:192.168.34.50:35638). Request must be sent to leader., logIndex=0, commits[d40cfe62-fc21-48bd-841c-37c3da2319ca:c8, fc0f8f3b-538d-481e-abe0-204925d4ee8f:c8, cacd8be3-3994-43a0-9248-dc2aa43e6f92:c8]
2019-09-19 04:32:39,026 | INFO  | SCMAudit | user=jenkins1000 | ip=192.168.34.50 | op=SEND_HEARTBEAT {datanodeUUID=646ad8b2-e397-4e74-bda7-a2da429002a8, command=[]} | ret=SUCCESS |  
2019-09-19 04:32:39,244 | INFO  | SCMAudit | user=jenkins1000 | ip=192.168.34.50 | op=SEND_HEARTBEAT {datanodeUUID=bb21d486-410c-4d63-a3eb-a911625626cf, command=[]} | ret=SUCCESS |  
2019-09-19 04:32:39,521 | INFO  | SCMAudit | user=jenkins1000 | ip=192.168.34.50 | op=SEND_HEARTBEAT {datanodeUUID=cee6b86e-e629-45c9-9c42-7061c1d64ecd, command=[]} | ret=SUCCESS |  
2019-09-19 04:32:39,625 | INFO  | SCMAudit | user=jenkins1000 | ip=192.168.34.50 | op=SEND_HEARTBEAT {datanodeUUID=cacd8be3-3994-43a0-9248-dc2aa43e6f92, command=[]} | ret=SUCCESS |  
2019-09-19 04:32:39,629 | INFO  | SCMAudit | user=jenkins1000 | ip=192.168.34.50 | op=SEND_HEARTBEAT {datanodeUUID=fc0f8f3b-538d-481e-abe0-204925d4ee8f, command=[]} | ret=SUCCESS |  
2019-09-19 04:32:39,633 | INFO  | SCMAudit | user=jenkins1000 | ip=192.168.34.50 | op=SEND_HEARTBEAT {datanodeUUID=d40cfe62-fc21-48bd-841c-37c3da2319ca, command=[]} | ret=SUCCESS |  
2019-09-19 04:32:39,780 | INFO  | SCMAudit | user=jenkins1000 | ip=192.168.34.50 | op=SEND_HEARTBEAT {datanodeUUID=d267f1ee-b840-49aa-88d3-6d319dcb89fa, command=[]} | ret=SUCCESS |  
2019-09-19 04:32:40,026 | INFO  | SCMAudit | user=jenkins1000 | ip=192.168.34.50 | op=SEND_HEARTBEAT {datanodeUUID=646ad8b2-e397-4e74-bda7-a2da429002a8, command=[]} | ret=SUCCESS |  
2019-09-19 04:32:40,244 | INFO  | SCMAudit | user=jenkins1000 | ip=192.168.34.50 | op=SEND_HEARTBEAT {datanodeUUID=bb21d486-410c-4d63-a3eb-a911625626cf, command=[]} | ret=SUCCESS |  
2019-09-19 04:32:40,521 | INFO  | SCMAudit | user=jenkins1000 | ip=192.168.34.50 | op=SEND_HEARTBEAT {datanodeUUID=cee6b86e-e629-45c9-9c42-7061c1d64ecd, command=[]} | ret=SUCCESS |  
2019-09-19 04:32:40,626 | INFO  | SCMAudit | user=jenkins1000 | ip=192.168.34.50 | op=SEND_HEARTBEAT {datanodeUUID=cacd8be3-3994-43a0-9248-dc2aa43e6f92, command=[]} | ret=SUCCESS |  
2019-09-19 04:32:40,629 | INFO  | SCMAudit | user=jenkins1000 | ip=192.168.34.50 | op=SEND_HEARTBEAT {datanodeUUID=fc0f8f3b-538d-481e-abe0-204925d4ee8f, command=[]} | ret=SUCCESS |  
2019-09-19 04:32:40,633 | INFO  | SCMAudit | user=jenkins1000 | ip=192.168.34.50 | op=SEND_HEARTBEAT {datanodeUUID=d40cfe62-fc21-48bd-841c-37c3da2319ca, command=[]} | ret=SUCCESS |  
2019-09-19 04:32:40,780 | INFO  | SCMAudit | user=jenkins1000 | ip=192.168.34.50 | op=SEND_HEARTBEAT {datanodeUUID=d267f1ee-b840-49aa-88d3-6d319dcb89fa, command=[]} | ret=SUCCESS |  
2019-09-19 04:32:41,026 | INFO  | SCMAudit | user=jenkins1000 | ip=192.168.34.50 | op=SEND_HEARTBEAT {datanodeUUID=646ad8b2-e397-4e74-bda7-a2da429002a8, command=[]} | ret=SUCCESS |  
2019-09-19 04:32:41,244 | INFO  | SCMAudit | user=jenkins1000 | ip=192.168.34.50 | op=SEND_HEARTBEAT {datanodeUUID=bb21d486-410c-4d63-a3eb-a911625626cf, command=[]} | ret=SUCCESS |  
2019-09-19 04:32:41,522 | INFO  | SCMAudit | user=jenkins1000 | ip=192.168.34.50 | op=SEND_HEARTBEAT {datanodeUUID=cee6b86e-e629-45c9-9c42-7061c1d64ecd, command=[]} | ret=SUCCESS |  
2019-09-19 04:32:41,626 | INFO  | SCMAudit | user=jenkins1000 | ip=192.168.34.50 | op=SEND_HEARTBEAT {datanodeUUID=cacd8be3-3994-43a0-9248-dc2aa43e6f92, command=[]} | ret=SUCCESS |  
2019-09-19 04:32:41,630 | INFO  | SCMAudit | user=jenkins1000 | ip=192.168.34.50 | op=SEND_HEARTBEAT {datanodeUUID=fc0f8f3b-538d-481e-abe0-204925d4ee8f, command=[]} | ret=SUCCESS |  
2019-09-19 04:32:41,633 | INFO  | SCMAudit | user=jenkins1000 | ip=192.168.34.50 | op=SEND_HEARTBEAT {datanodeUUID=d40cfe62-fc21-48bd-841c-37c3da2319ca, command=[]} | ret=SUCCESS |  
2019-09-19 04:32:41,781 | INFO  | SCMAudit | user=jenkins1000 | ip=192.168.34.50 | op=SEND_HEARTBEAT {datanodeUUID=d267f1ee-b840-49aa-88d3-6d319dcb89fa, command=[]} | ret=SUCCESS |  
2019-09-19 04:32:42,025 | INFO  | SCMAudit | user=jenkins1000 | ip=192.168.34.50 | op=SEND_HEARTBEAT {datanodeUUID=646ad8b2-e397-4e74-bda7-a2da429002a8, command=[]} | ret=SUCCESS |  
2019-09-19 04:32:42,244 | INFO  | SCMAudit | user=jenkins1000 | ip=192.168.34.50 | op=SEND_HEARTBEAT {datanodeUUID=bb21d486-410c-4d63-a3eb-a911625626cf, command=[]} | ret=SUCCESS |  
2019-09-19 04:32:42,522 | INFO  | SCMAudit | user=jenkins1000 | ip=192.168.34.50 | op=SEND_HEARTBEAT {datanodeUUID=cee6b86e-e629-45c9-9c42-7061c1d64ecd, command=[]} | ret=SUCCESS |  
2019-09-19 04:32:42,627 | INFO  | SCMAudit | user=jenkins1000 | ip=192.168.34.50 | op=SEND_HEARTBEAT {datanodeUUID=cacd8be3-3994-43a0-9248-dc2aa43e6f92, command=[]} | ret=SUCCESS |  
2019-09-19 04:32:42,630 | INFO  | SCMAudit | user=jenkins1000 | ip=192.168.34.50 | op=SEND_HEARTBEAT {datanodeUUID=fc0f8f3b-538d-481e-abe0-204925d4ee8f, command=[]} | ret=SUCCESS |  
2019-09-19 04:32:42,634 | INFO  | SCMAudit | user=jenkins1000 | ip=192.168.34.50 | op=SEND_HEARTBEAT {datanodeUUID=d40cfe62-fc21-48bd-841c-37c3da2319ca, command=[]} | ret=SUCCESS |  
2019-09-19 04:32:42,781 | INFO  | SCMAudit | user=jenkins1000 | ip=192.168.34.50 | op=SEND_HEARTBEAT {datanodeUUID=d267f1ee-b840-49aa-88d3-6d319dcb89fa, command=[]} | ret=SUCCESS |  
2019-09-19 04:32:43,025 | INFO  | SCMAudit | user=jenkins1000 | ip=192.168.34.50 | op=SEND_HEARTBEAT {datanodeUUID=646ad8b2-e397-4e74-bda7-a2da429002a8, command=[]} | ret=SUCCESS |  
2019-09-19 04:32:43,245 | INFO  | SCMAudit | user=jenkins1000 | ip=192.168.34.50 | op=SEND_HEARTBEAT {datanodeUUID=bb21d486-410c-4d63-a3eb-a911625626cf, command=[]} | ret=SUCCESS |  
2019-09-19 04:32:43,521 | INFO  | SCMAudit | user=jenkins1000 | ip=192.168.34.50 | op=SEND_HEARTBEAT {datanodeUUID=cee6b86e-e629-45c9-9c42-7061c1d64ecd, command=[]} | ret=SUCCESS |  
2019-09-19 04:32:43,627 | INFO  | SCMAudit | user=jenkins1000 | ip=192.168.34.50 | op=SEND_HEARTBEAT {datanodeUUID=cacd8be3-3994-43a0-9248-dc2aa43e6f92, command=[]} | ret=SUCCESS |  
2019-09-19 04:32:43,630 | INFO  | SCMAudit | user=jenkins1000 | ip=192.168.34.50 | op=SEND_HEARTBEAT {datanodeUUID=fc0f8f3b-538d-481e-abe0-204925d4ee8f, command=[]} | ret=SUCCESS |  
2019-09-19 04:32:43,634 | INFO  | SCMAudit | user=jenkins1000 | ip=192.168.34.50 | op=SEND_HEARTBEAT {datanodeUUID=d40cfe62-fc21-48bd-841c-37c3da2319ca, command=[]} | ret=SUCCESS |  
2019-09-19 04:32:43,781 | INFO  | SCMAudit | user=jenkins1000 | ip=192.168.34.50 | op=SEND_HEARTBEAT {datanodeUUID=d267f1ee-b840-49aa-88d3-6d319dcb89fa, command=[]} | ret=SUCCESS |  
2019-09-19 04:32:43,892 [grpc-default-executor-0] INFO  client.GrpcClientProtocolClient (GrpcClientProtocolClient.java:onNext(255)) - client-8D3BBA1B251F->cacd8be3-3994-43a0-9248-dc2aa43e6f92: receive RaftClientReply:client-8D3BBA1B251F->cacd8be3-3994-43a0-9248-dc2aa43e6f92@group-52CD28E9D88B, cid=45, FAILED org.apache.ratis.protocol.NotLeaderException: Server cacd8be3-3994-43a0-9248-dc2aa43e6f92 is not the leader (fc0f8f3b-538d-481e-abe0-204925d4ee8f:192.168.34.50:35638). Request must be sent to leader., logIndex=0, commits[cacd8be3-3994-43a0-9248-dc2aa43e6f92:c8, d40cfe62-fc21-48bd-841c-37c3da2319ca:c8, fc0f8f3b-538d-481e-abe0-204925d4ee8f:c8]
2019-09-19 04:32:44,026 | INFO  | SCMAudit | user=jenkins1000 | ip=192.168.34.50 | op=SEND_HEARTBEAT {datanodeUUID=646ad8b2-e397-4e74-bda7-a2da429002a8, command=[]} | ret=SUCCESS |  
2019-09-19 04:32:44,245 | INFO  | SCMAudit | user=jenkins1000 | ip=192.168.34.50 | op=SEND_HEARTBEAT {datanodeUUID=bb21d486-410c-4d63-a3eb-a911625626cf, command=[]} | ret=SUCCESS |  
2019-09-19 04:32:44,521 | INFO  | SCMAudit | user=jenkins1000 | ip=192.168.34.50 | op=SEND_HEARTBEAT {datanodeUUID=cee6b86e-e629-45c9-9c42-7061c1d64ecd, command=[]} | ret=SUCCESS |  
2019-09-19 04:32:44,627 | INFO  | SCMAudit | user=jenkins1000 | ip=192.168.34.50 | op=SEND_HEARTBEAT {datanodeUUID=cacd8be3-3994-43a0-9248-dc2aa43e6f92, command=[]} | ret=SUCCESS |  
2019-09-19 04:32:44,630 | INFO  | SCMAudit | user=jenkins1000 | ip=192.168.34.50 | op=SEND_HEARTBEAT {datanodeUUID=fc0f8f3b-538d-481e-abe0-204925d4ee8f, command=[]} | ret=SUCCESS |  
2019-09-19 04:32:44,634 | INFO  | SCMAudit | user=jenkins1000 | ip=192.168.34.50 | op=SEND_HEARTBEAT {datanodeUUID=d40cfe62-fc21-48bd-841c-37c3da2319ca, command=[]} | ret=SUCCESS |  
2019-09-19 04:32:44,780 | INFO  | SCMAudit | user=jenkins1000 | ip=192.168.34.50 | op=SEND_HEARTBEAT {datanodeUUID=d267f1ee-b840-49aa-88d3-6d319dcb89fa, command=[]} | ret=SUCCESS |  
2019-09-19 04:32:45,026 | INFO  | SCMAudit | user=jenkins1000 | ip=192.168.34.50 | op=SEND_HEARTBEAT {datanodeUUID=646ad8b2-e397-4e74-bda7-a2da429002a8, command=[]} | ret=SUCCESS |  
2019-09-19 04:32:45,245 | INFO  | SCMAudit | user=jenkins1000 | ip=192.168.34.50 | op=SEND_HEARTBEAT {datanodeUUID=bb21d486-410c-4d63-a3eb-a911625626cf, command=[]} | ret=SUCCESS |  
2019-09-19 04:32:45,522 | INFO  | SCMAudit | user=jenkins1000 | ip=192.168.34.50 | op=SEND_HEARTBEAT {datanodeUUID=cee6b86e-e629-45c9-9c42-7061c1d64ecd, command=[]} | ret=SUCCESS |  
2019-09-19 04:32:45,628 | INFO  | SCMAudit | user=jenkins1000 | ip=192.168.34.50 | op=SEND_HEARTBEAT {datanodeUUID=cacd8be3-3994-43a0-9248-dc2aa43e6f92, command=[]} | ret=SUCCESS |  
2019-09-19 04:32:45,630 | INFO  | SCMAudit | user=jenkins1000 | ip=192.168.34.50 | op=SEND_HEARTBEAT {datanodeUUID=fc0f8f3b-538d-481e-abe0-204925d4ee8f, command=[]} | ret=SUCCESS |  
2019-09-19 04:32:45,635 | INFO  | SCMAudit | user=jenkins1000 | ip=192.168.34.50 | op=SEND_HEARTBEAT {datanodeUUID=d40cfe62-fc21-48bd-841c-37c3da2319ca, command=[]} | ret=SUCCESS |  
2019-09-19 04:32:45,780 | INFO  | SCMAudit | user=jenkins1000 | ip=192.168.34.50 | op=SEND_HEARTBEAT {datanodeUUID=d267f1ee-b840-49aa-88d3-6d319dcb89fa, command=[]} | ret=SUCCESS |  
2019-09-19 04:32:46,026 | INFO  | SCMAudit | user=jenkins1000 | ip=192.168.34.50 | op=SEND_HEARTBEAT {datanodeUUID=646ad8b2-e397-4e74-bda7-a2da429002a8, command=[]} | ret=SUCCESS |  
2019-09-19 04:32:46,246 | INFO  | SCMAudit | user=jenkins1000 | ip=192.168.34.50 | op=SEND_HEARTBEAT {datanodeUUID=bb21d486-410c-4d63-a3eb-a911625626cf, command=[]} | ret=SUCCESS |  
2019-09-19 04:32:46,521 | INFO  | SCMAudit | user=jenkins1000 | ip=192.168.34.50 | op=SEND_HEARTBEAT {datanodeUUID=cee6b86e-e629-45c9-9c42-7061c1d64ecd, command=[]} | ret=SUCCESS |  
2019-09-19 04:32:46,628 | INFO  | SCMAudit | user=jenkins1000 | ip=192.168.34.50 | op=SEND_HEARTBEAT {datanodeUUID=cacd8be3-3994-43a0-9248-dc2aa43e6f92, command=[]} | ret=SUCCESS |  
2019-09-19 04:32:46,630 | INFO  | SCMAudit | user=jenkins1000 | ip=192.168.34.50 | op=SEND_HEARTBEAT {datanodeUUID=fc0f8f3b-538d-481e-abe0-204925d4ee8f, command=[]} | ret=SUCCESS |  
2019-09-19 04:32:46,635 | INFO  | SCMAudit | user=jenkins1000 | ip=192.168.34.50 | op=SEND_HEARTBEAT {datanodeUUID=d40cfe62-fc21-48bd-841c-37c3da2319ca, command=[]} | ret=SUCCESS |  
2019-09-19 04:32:46,780 | INFO  | SCMAudit | user=jenkins1000 | ip=192.168.34.50 | op=SEND_HEARTBEAT {datanodeUUID=d267f1ee-b840-49aa-88d3-6d319dcb89fa, command=[]} | ret=SUCCESS |  
2019-09-19 04:32:47,027 | INFO  | SCMAudit | user=jenkins1000 | ip=192.168.34.50 | op=SEND_HEARTBEAT {datanodeUUID=646ad8b2-e397-4e74-bda7-a2da429002a8, command=[]} | ret=SUCCESS |  
2019-09-19 04:32:47,245 | INFO  | SCMAudit | user=jenkins1000 | ip=192.168.34.50 | op=SEND_HEARTBEAT {datanodeUUID=bb21d486-410c-4d63-a3eb-a911625626cf, command=[]} | ret=SUCCESS |  
2019-09-19 04:32:47,522 | INFO  | SCMAudit | user=jenkins1000 | ip=192.168.34.50 | op=SEND_HEARTBEAT {datanodeUUID=cee6b86e-e629-45c9-9c42-7061c1d64ecd, command=[]} | ret=SUCCESS |  
2019-09-19 04:32:47,627 | INFO  | SCMAudit | user=jenkins1000 | ip=192.168.34.50 | op=SEND_HEARTBEAT {datanodeUUID=cacd8be3-3994-43a0-9248-dc2aa43e6f92, command=[]} | ret=SUCCESS |  
2019-09-19 04:32:47,630 | INFO  | SCMAudit | user=jenkins1000 | ip=192.168.34.50 | op=SEND_HEARTBEAT {datanodeUUID=fc0f8f3b-538d-481e-abe0-204925d4ee8f, command=[]} | ret=SUCCESS |  
2019-09-19 04:32:47,636 | INFO  | SCMAudit | user=jenkins1000 | ip=192.168.34.50 | op=SEND_HEARTBEAT {datanodeUUID=d40cfe62-fc21-48bd-841c-37c3da2319ca, command=[]} | ret=SUCCESS |  
2019-09-19 04:32:47,781 | INFO  | SCMAudit | user=jenkins1000 | ip=192.168.34.50 | op=SEND_HEARTBEAT {datanodeUUID=d267f1ee-b840-49aa-88d3-6d319dcb89fa, command=[]} | ret=SUCCESS |  
2019-09-19 04:32:48,026 | INFO  | SCMAudit | user=jenkins1000 | ip=192.168.34.50 | op=SEND_HEARTBEAT {datanodeUUID=646ad8b2-e397-4e74-bda7-a2da429002a8, command=[]} | ret=SUCCESS |  
2019-09-19 04:32:48,245 | INFO  | SCMAudit | user=jenkins1000 | ip=192.168.34.50 | op=SEND_HEARTBEAT {datanodeUUID=bb21d486-410c-4d63-a3eb-a911625626cf, command=[]} | ret=SUCCESS |  
2019-09-19 04:32:48,522 | INFO  | SCMAudit | user=jenkins1000 | ip=192.168.34.50 | op=SEND_HEARTBEAT {datanodeUUID=cee6b86e-e629-45c9-9c42-7061c1d64ecd, command=[]} | ret=SUCCESS |  
2019-09-19 04:32:48,628 | INFO  | SCMAudit | user=jenkins1000 | ip=192.168.34.50 | op=SEND_HEARTBEAT {datanodeUUID=cacd8be3-3994-43a0-9248-dc2aa43e6f92, command=[]} | ret=SUCCESS |  
2019-09-19 04:32:48,630 | INFO  | SCMAudit | user=jenkins1000 | ip=192.168.34.50 | op=SEND_HEARTBEAT {datanodeUUID=fc0f8f3b-538d-481e-abe0-204925d4ee8f, command=[]} | ret=SUCCESS |  
2019-09-19 04:32:48,636 | INFO  | SCMAudit | user=jenkins1000 | ip=192.168.34.50 | op=SEND_HEARTBEAT {datanodeUUID=d40cfe62-fc21-48bd-841c-37c3da2319ca, command=[]} | ret=SUCCESS |  
2019-09-19 04:32:48,781 | INFO  | SCMAudit | user=jenkins1000 | ip=192.168.34.50 | op=SEND_HEARTBEAT {datanodeUUID=d267f1ee-b840-49aa-88d3-6d319dcb89fa, command=[]} | ret=SUCCESS |  
2019-09-19 04:32:48,934 [grpc-default-executor-0] INFO  client.GrpcClientProtocolClient (GrpcClientProtocolClient.java:onNext(255)) - client-8D3BBA1B251F->d40cfe62-fc21-48bd-841c-37c3da2319ca: receive RaftClientReply:client-8D3BBA1B251F->d40cfe62-fc21-48bd-841c-37c3da2319ca@group-52CD28E9D88B, cid=45, FAILED org.apache.ratis.protocol.NotLeaderException: Server d40cfe62-fc21-48bd-841c-37c3da2319ca is not the leader (fc0f8f3b-538d-481e-abe0-204925d4ee8f:192.168.34.50:35638). Request must be sent to leader., logIndex=0, commits[d40cfe62-fc21-48bd-841c-37c3da2319ca:c8, fc0f8f3b-538d-481e-abe0-204925d4ee8f:c8, cacd8be3-3994-43a0-9248-dc2aa43e6f92:c8]
2019-09-19 04:32:49,027 | INFO  | SCMAudit | user=jenkins1000 | ip=192.168.34.50 | op=SEND_HEARTBEAT {datanodeUUID=646ad8b2-e397-4e74-bda7-a2da429002a8, command=[]} | ret=SUCCESS |  
2019-09-19 04:32:49,246 | INFO  | SCMAudit | user=jenkins1000 | ip=192.168.34.50 | op=SEND_HEARTBEAT {datanodeUUID=bb21d486-410c-4d63-a3eb-a911625626cf, command=[]} | ret=SUCCESS |  
2019-09-19 04:32:49,522 | INFO  | SCMAudit | user=jenkins1000 | ip=192.168.34.50 | op=SEND_HEARTBEAT {datanodeUUID=cee6b86e-e629-45c9-9c42-7061c1d64ecd, command=[]} | ret=SUCCESS |  
2019-09-19 04:32:49,628 | INFO  | SCMAudit | user=jenkins1000 | ip=192.168.34.50 | op=SEND_HEARTBEAT {datanodeUUID=cacd8be3-3994-43a0-9248-dc2aa43e6f92, command=[]} | ret=SUCCESS |  
2019-09-19 04:32:49,630 | INFO  | SCMAudit | user=jenkins1000 | ip=192.168.34.50 | op=SEND_HEARTBEAT {datanodeUUID=fc0f8f3b-538d-481e-abe0-204925d4ee8f, command=[]} | ret=SUCCESS |  
2019-09-19 04:32:49,637 | INFO  | SCMAudit | user=jenkins1000 | ip=192.168.34.50 | op=SEND_HEARTBEAT {datanodeUUID=d40cfe62-fc21-48bd-841c-37c3da2319ca, command=[]} | ret=SUCCESS |  
2019-09-19 04:32:49,780 | INFO  | SCMAudit | user=jenkins1000 | ip=192.168.34.50 | op=SEND_HEARTBEAT {datanodeUUID=d267f1ee-b840-49aa-88d3-6d319dcb89fa, command=[]} | ret=SUCCESS |  
2019-09-19 04:32:50,027 | INFO  | SCMAudit | user=jenkins1000 | ip=192.168.34.50 | op=SEND_HEARTBEAT {datanodeUUID=646ad8b2-e397-4e74-bda7-a2da429002a8, command=[]} | ret=SUCCESS |  
2019-09-19 04:32:50,245 | INFO  | SCMAudit | user=jenkins1000 | ip=192.168.34.50 | op=SEND_HEARTBEAT {datanodeUUID=bb21d486-410c-4d63-a3eb-a911625626cf, command=[]} | ret=SUCCESS |  
2019-09-19 04:32:50,522 | INFO  | SCMAudit | user=jenkins1000 | ip=192.168.34.50 | op=SEND_HEARTBEAT {datanodeUUID=cee6b86e-e629-45c9-9c42-7061c1d64ecd, command=[]} | ret=SUCCESS |  
2019-09-19 04:32:50,628 | INFO  | SCMAudit | user=jenkins1000 | ip=192.168.34.50 | op=SEND_HEARTBEAT {datanodeUUID=cacd8be3-3994-43a0-9248-dc2aa43e6f92, command=[]} | ret=SUCCESS |  
2019-09-19 04:32:50,630 | INFO  | SCMAudit | user=jenkins1000 | ip=192.168.34.50 | op=SEND_HEARTBEAT {datanodeUUID=fc0f8f3b-538d-481e-abe0-204925d4ee8f, command=[]} | ret=SUCCESS |  
2019-09-19 04:32:50,636 | INFO  | SCMAudit | user=jenkins1000 | ip=192.168.34.50 | op=SEND_HEARTBEAT {datanodeUUID=d40cfe62-fc21-48bd-841c-37c3da2319ca, command=[]} | ret=SUCCESS |  
2019-09-19 04:32:50,780 | INFO  | SCMAudit | user=jenkins1000 | ip=192.168.34.50 | op=SEND_HEARTBEAT {datanodeUUID=d267f1ee-b840-49aa-88d3-6d319dcb89fa, command=[]} | ret=SUCCESS |  
2019-09-19 04:32:51,027 | INFO  | SCMAudit | user=jenkins1000 | ip=192.168.34.50 | op=SEND_HEARTBEAT {datanodeUUID=646ad8b2-e397-4e74-bda7-a2da429002a8, command=[]} | ret=SUCCESS |  
2019-09-19 04:32:51,246 | INFO  | SCMAudit | user=jenkins1000 | ip=192.168.34.50 | op=SEND_HEARTBEAT {datanodeUUID=bb21d486-410c-4d63-a3eb-a911625626cf, command=[]} | ret=SUCCESS |  
2019-09-19 04:32:51,522 | INFO  | SCMAudit | user=jenkins1000 | ip=192.168.34.50 | op=SEND_HEARTBEAT {datanodeUUID=cee6b86e-e629-45c9-9c42-7061c1d64ecd, command=[]} | ret=SUCCESS |  
2019-09-19 04:32:51,629 | INFO  | SCMAudit | user=jenkins1000 | ip=192.168.34.50 | op=SEND_HEARTBEAT {datanodeUUID=cacd8be3-3994-43a0-9248-dc2aa43e6f92, command=[]} | ret=SUCCESS |  
2019-09-19 04:32:51,630 | INFO  | SCMAudit | user=jenkins1000 | ip=192.168.34.50 | op=SEND_HEARTBEAT {datanodeUUID=fc0f8f3b-538d-481e-abe0-204925d4ee8f, command=[]} | ret=SUCCESS |  
2019-09-19 04:32:51,636 | INFO  | SCMAudit | user=jenkins1000 | ip=192.168.34.50 | op=SEND_HEARTBEAT {datanodeUUID=d40cfe62-fc21-48bd-841c-37c3da2319ca, command=[]} | ret=SUCCESS |  
2019-09-19 04:32:51,781 | INFO  | SCMAudit | user=jenkins1000 | ip=192.168.34.50 | op=SEND_HEARTBEAT {datanodeUUID=d267f1ee-b840-49aa-88d3-6d319dcb89fa, command=[]} | ret=SUCCESS |  
2019-09-19 04:32:52,027 | INFO  | SCMAudit | user=jenkins1000 | ip=192.168.34.50 | op=SEND_HEARTBEAT {datanodeUUID=646ad8b2-e397-4e74-bda7-a2da429002a8, command=[]} | ret=SUCCESS |  
2019-09-19 04:32:52,245 | INFO  | SCMAudit | user=jenkins1000 | ip=192.168.34.50 | op=SEND_HEARTBEAT {datanodeUUID=bb21d486-410c-4d63-a3eb-a911625626cf, command=[]} | ret=SUCCESS |  
2019-09-19 04:32:52,523 | INFO  | SCMAudit | user=jenkins1000 | ip=192.168.34.50 | op=SEND_HEARTBEAT {datanodeUUID=cee6b86e-e629-45c9-9c42-7061c1d64ecd, command=[]} | ret=SUCCESS |  
2019-09-19 04:32:52,629 | INFO  | SCMAudit | user=jenkins1000 | ip=192.168.34.50 | op=SEND_HEARTBEAT {datanodeUUID=cacd8be3-3994-43a0-9248-dc2aa43e6f92, command=[]} | ret=SUCCESS |  
2019-09-19 04:32:52,630 | INFO  | SCMAudit | user=jenkins1000 | ip=192.168.34.50 | op=SEND_HEARTBEAT {datanodeUUID=fc0f8f3b-538d-481e-abe0-204925d4ee8f, command=[]} | ret=SUCCESS |  
2019-09-19 04:32:52,637 | INFO  | SCMAudit | user=jenkins1000 | ip=192.168.34.50 | op=SEND_HEARTBEAT {datanodeUUID=d40cfe62-fc21-48bd-841c-37c3da2319ca, command=[]} | ret=SUCCESS |  
2019-09-19 04:32:52,781 | INFO  | SCMAudit | user=jenkins1000 | ip=192.168.34.50 | op=SEND_HEARTBEAT {datanodeUUID=d267f1ee-b840-49aa-88d3-6d319dcb89fa, command=[]} | ret=SUCCESS |  
2019-09-19 04:32:53,027 | INFO  | SCMAudit | user=jenkins1000 | ip=192.168.34.50 | op=SEND_HEARTBEAT {datanodeUUID=646ad8b2-e397-4e74-bda7-a2da429002a8, command=[]} | ret=SUCCESS |  
2019-09-19 04:32:53,245 | INFO  | SCMAudit | user=jenkins1000 | ip=192.168.34.50 | op=SEND_HEARTBEAT {datanodeUUID=bb21d486-410c-4d63-a3eb-a911625626cf, command=[]} | ret=SUCCESS |  
2019-09-19 04:32:53,523 | INFO  | SCMAudit | user=jenkins1000 | ip=192.168.34.50 | op=SEND_HEARTBEAT {datanodeUUID=cee6b86e-e629-45c9-9c42-7061c1d64ecd, command=[]} | ret=SUCCESS |  
2019-09-19 04:32:53,628 | INFO  | SCMAudit | user=jenkins1000 | ip=192.168.34.50 | op=SEND_HEARTBEAT {datanodeUUID=cacd8be3-3994-43a0-9248-dc2aa43e6f92, command=[]} | ret=SUCCESS |  
2019-09-19 04:32:53,630 | INFO  | SCMAudit | user=jenkins1000 | ip=192.168.34.50 | op=SEND_HEARTBEAT {datanodeUUID=fc0f8f3b-538d-481e-abe0-204925d4ee8f, command=[]} | ret=SUCCESS |  
2019-09-19 04:32:53,637 | INFO  | SCMAudit | user=jenkins1000 | ip=192.168.34.50 | op=SEND_HEARTBEAT {datanodeUUID=d40cfe62-fc21-48bd-841c-37c3da2319ca, command=[]} | ret=SUCCESS |  
2019-09-19 04:32:53,781 | INFO  | SCMAudit | user=jenkins1000 | ip=192.168.34.50 | op=SEND_HEARTBEAT {datanodeUUID=d267f1ee-b840-49aa-88d3-6d319dcb89fa, command=[]} | ret=SUCCESS |  
2019-09-19 04:32:53,971 [grpc-default-executor-5] INFO  client.GrpcClientProtocolClient (GrpcClientProtocolClient.java:onNext(255)) - client-8D3BBA1B251F->d40cfe62-fc21-48bd-841c-37c3da2319ca: receive RaftClientReply:client-8D3BBA1B251F->d40cfe62-fc21-48bd-841c-37c3da2319ca@group-52CD28E9D88B, cid=45, FAILED org.apache.ratis.protocol.NotLeaderException: Server d40cfe62-fc21-48bd-841c-37c3da2319ca is not the leader (fc0f8f3b-538d-481e-abe0-204925d4ee8f:192.168.34.50:35638). Request must be sent to leader., logIndex=0, commits[d40cfe62-fc21-48bd-841c-37c3da2319ca:c8, fc0f8f3b-538d-481e-abe0-204925d4ee8f:c8, cacd8be3-3994-43a0-9248-dc2aa43e6f92:c8]
2019-09-19 04:32:54,028 | INFO  | SCMAudit | user=jenkins1000 | ip=192.168.34.50 | op=SEND_HEARTBEAT {datanodeUUID=646ad8b2-e397-4e74-bda7-a2da429002a8, command=[]} | ret=SUCCESS |  
2019-09-19 04:32:54,245 | INFO  | SCMAudit | user=jenkins1000 | ip=192.168.34.50 | op=SEND_HEARTBEAT {datanodeUUID=bb21d486-410c-4d63-a3eb-a911625626cf, command=[]} | ret=SUCCESS |  
2019-09-19 04:32:54,522 | INFO  | SCMAudit | user=jenkins1000 | ip=192.168.34.50 | op=SEND_HEARTBEAT {datanodeUUID=cee6b86e-e629-45c9-9c42-7061c1d64ecd, command=[]} | ret=SUCCESS |  
2019-09-19 04:32:54,628 | INFO  | SCMAudit | user=jenkins1000 | ip=192.168.34.50 | op=SEND_HEARTBEAT {datanodeUUID=cacd8be3-3994-43a0-9248-dc2aa43e6f92, command=[]} | ret=SUCCESS |  
2019-09-19 04:32:54,630 | INFO  | SCMAudit | user=jenkins1000 | ip=192.168.34.50 | op=SEND_HEARTBEAT {datanodeUUID=fc0f8f3b-538d-481e-abe0-204925d4ee8f, command=[]} | ret=SUCCESS |  
2019-09-19 04:32:54,636 | INFO  | SCMAudit | user=jenkins1000 | ip=192.168.34.50 | op=SEND_HEARTBEAT {datanodeUUID=d40cfe62-fc21-48bd-841c-37c3da2319ca, command=[]} | ret=SUCCESS |  
2019-09-19 04:32:54,782 | INFO  | SCMAudit | user=jenkins1000 | ip=192.168.34.50 | op=SEND_HEARTBEAT {datanodeUUID=d267f1ee-b840-49aa-88d3-6d319dcb89fa, command=[]} | ret=SUCCESS |  
2019-09-19 04:32:55,027 | INFO  | SCMAudit | user=jenkins1000 | ip=192.168.34.50 | op=SEND_HEARTBEAT {datanodeUUID=646ad8b2-e397-4e74-bda7-a2da429002a8, command=[]} | ret=SUCCESS |  
2019-09-19 04:32:55,246 | INFO  | SCMAudit | user=jenkins1000 | ip=192.168.34.50 | op=SEND_HEARTBEAT {datanodeUUID=bb21d486-410c-4d63-a3eb-a911625626cf, command=[]} | ret=SUCCESS |  
2019-09-19 04:32:55,523 | INFO  | SCMAudit | user=jenkins1000 | ip=192.168.34.50 | op=SEND_HEARTBEAT {datanodeUUID=cee6b86e-e629-45c9-9c42-7061c1d64ecd, command=[]} | ret=SUCCESS |  
2019-09-19 04:32:55,629 | INFO  | SCMAudit | user=jenkins1000 | ip=192.168.34.50 | op=SEND_HEARTBEAT {datanodeUUID=cacd8be3-3994-43a0-9248-dc2aa43e6f92, command=[]} | ret=SUCCESS |  
2019-09-19 04:32:55,630 | INFO  | SCMAudit | user=jenkins1000 | ip=192.168.34.50 | op=SEND_HEARTBEAT {datanodeUUID=fc0f8f3b-538d-481e-abe0-204925d4ee8f, command=[]} | ret=SUCCESS |  
2019-09-19 04:32:55,636 | INFO  | SCMAudit | user=jenkins1000 | ip=192.168.34.50 | op=SEND_HEARTBEAT {datanodeUUID=d40cfe62-fc21-48bd-841c-37c3da2319ca, command=[]} | ret=SUCCESS |  
2019-09-19 04:32:55,782 | INFO  | SCMAudit | user=jenkins1000 | ip=192.168.34.50 | op=SEND_HEARTBEAT {datanodeUUID=d267f1ee-b840-49aa-88d3-6d319dcb89fa, command=[]} | ret=SUCCESS |  
2019-09-19 04:32:56,028 | INFO  | SCMAudit | user=jenkins1000 | ip=192.168.34.50 | op=SEND_HEARTBEAT {datanodeUUID=646ad8b2-e397-4e74-bda7-a2da429002a8, command=[]} | ret=SUCCESS |  
2019-09-19 04:32:56,246 | INFO  | SCMAudit | user=jenkins1000 | ip=192.168.34.50 | op=SEND_HEARTBEAT {datanodeUUID=bb21d486-410c-4d63-a3eb-a911625626cf, command=[]} | ret=SUCCESS |  
2019-09-19 04:32:56,523 | INFO  | SCMAudit | user=jenkins1000 | ip=192.168.34.50 | op=SEND_HEARTBEAT {datanodeUUID=cee6b86e-e629-45c9-9c42-7061c1d64ecd, command=[]} | ret=SUCCESS |  
2019-09-19 04:32:56,629 | INFO  | SCMAudit | user=jenkins1000 | ip=192.168.34.50 | op=SEND_HEARTBEAT {datanodeUUID=cacd8be3-3994-43a0-9248-dc2aa43e6f92, command=[]} | ret=SUCCESS |  
2019-09-19 04:32:56,631 | INFO  | SCMAudit | user=jenkins1000 | ip=192.168.34.50 | op=SEND_HEARTBEAT {datanodeUUID=fc0f8f3b-538d-481e-abe0-204925d4ee8f, command=[]} | ret=SUCCESS |  
2019-09-19 04:32:56,636 | INFO  | SCMAudit | user=jenkins1000 | ip=192.168.34.50 | op=SEND_HEARTBEAT {datanodeUUID=d40cfe62-fc21-48bd-841c-37c3da2319ca, command=[]} | ret=SUCCESS |  
2019-09-19 04:32:56,782 | INFO  | SCMAudit | user=jenkins1000 | ip=192.168.34.50 | op=SEND_HEARTBEAT {datanodeUUID=d267f1ee-b840-49aa-88d3-6d319dcb89fa, command=[]} | ret=SUCCESS |  
2019-09-19 04:32:57,028 | INFO  | SCMAudit | user=jenkins1000 | ip=192.168.34.50 | op=SEND_HEARTBEAT {datanodeUUID=646ad8b2-e397-4e74-bda7-a2da429002a8, command=[]} | ret=SUCCESS |  
2019-09-19 04:32:57,245 | INFO  | SCMAudit | user=jenkins1000 | ip=192.168.34.50 | op=SEND_HEARTBEAT {datanodeUUID=bb21d486-410c-4d63-a3eb-a911625626cf, command=[]} | ret=SUCCESS |  
2019-09-19 04:32:57,523 | INFO  | SCMAudit | user=jenkins1000 | ip=192.168.34.50 | op=SEND_HEARTBEAT {datanodeUUID=cee6b86e-e629-45c9-9c42-7061c1d64ecd, command=[]} | ret=SUCCESS |  
2019-09-19 04:32:57,629 | INFO  | SCMAudit | user=jenkins1000 | ip=192.168.34.50 | op=SEND_HEARTBEAT {datanodeUUID=cacd8be3-3994-43a0-9248-dc2aa43e6f92, command=[]} | ret=SUCCESS |  
2019-09-19 04:32:57,631 | INFO  | SCMAudit | user=jenkins1000 | ip=192.168.34.50 | op=SEND_HEARTBEAT {datanodeUUID=fc0f8f3b-538d-481e-abe0-204925d4ee8f, command=[]} | ret=SUCCESS |  
2019-09-19 04:32:57,637 | INFO  | SCMAudit | user=jenkins1000 | ip=192.168.34.50 | op=SEND_HEARTBEAT {datanodeUUID=d40cfe62-fc21-48bd-841c-37c3da2319ca, command=[]} | ret=SUCCESS |  
2019-09-19 04:32:57,783 | INFO  | SCMAudit | user=jenkins1000 | ip=192.168.34.50 | op=SEND_HEARTBEAT {datanodeUUID=d267f1ee-b840-49aa-88d3-6d319dcb89fa, command=[]} | ret=SUCCESS |  
2019-09-19 04:32:58,028 | INFO  | SCMAudit | user=jenkins1000 | ip=192.168.34.50 | op=SEND_HEARTBEAT {datanodeUUID=646ad8b2-e397-4e74-bda7-a2da429002a8, command=[]} | ret=SUCCESS |  
2019-09-19 04:32:58,245 | INFO  | SCMAudit | user=jenkins1000 | ip=192.168.34.50 | op=SEND_HEARTBEAT {datanodeUUID=bb21d486-410c-4d63-a3eb-a911625626cf, command=[]} | ret=SUCCESS |  
2019-09-19 04:32:58,523 | INFO  | SCMAudit | user=jenkins1000 | ip=192.168.34.50 | op=SEND_HEARTBEAT {datanodeUUID=cee6b86e-e629-45c9-9c42-7061c1d64ecd, command=[]} | ret=SUCCESS |  
2019-09-19 04:32:58,629 | INFO  | SCMAudit | user=jenkins1000 | ip=192.168.34.50 | op=SEND_HEARTBEAT {datanodeUUID=cacd8be3-3994-43a0-9248-dc2aa43e6f92, command=[]} | ret=SUCCESS |  
2019-09-19 04:32:58,631 | INFO  | SCMAudit | user=jenkins1000 | ip=192.168.34.50 | op=SEND_HEARTBEAT {datanodeUUID=fc0f8f3b-538d-481e-abe0-204925d4ee8f, command=[]} | ret=SUCCESS |  
2019-09-19 04:32:58,637 | INFO  | SCMAudit | user=jenkins1000 | ip=192.168.34.50 | op=SEND_HEARTBEAT {datanodeUUID=d40cfe62-fc21-48bd-841c-37c3da2319ca, command=[]} | ret=SUCCESS |  
2019-09-19 04:32:58,783 | INFO  | SCMAudit | user=jenkins1000 | ip=192.168.34.50 | op=SEND_HEARTBEAT {datanodeUUID=d267f1ee-b840-49aa-88d3-6d319dcb89fa, command=[]} | ret=SUCCESS |  
2019-09-19 04:32:59,003 [grpc-default-executor-5] INFO  client.GrpcClientProtocolClient (GrpcClientProtocolClient.java:onNext(255)) - client-8D3BBA1B251F->cacd8be3-3994-43a0-9248-dc2aa43e6f92: receive RaftClientReply:client-8D3BBA1B251F->cacd8be3-3994-43a0-9248-dc2aa43e6f92@group-52CD28E9D88B, cid=45, FAILED org.apache.ratis.protocol.NotLeaderException: Server cacd8be3-3994-43a0-9248-dc2aa43e6f92 is not the leader (fc0f8f3b-538d-481e-abe0-204925d4ee8f:192.168.34.50:35638). Request must be sent to leader., logIndex=0, commits[cacd8be3-3994-43a0-9248-dc2aa43e6f92:c8, d40cfe62-fc21-48bd-841c-37c3da2319ca:c8, fc0f8f3b-538d-481e-abe0-204925d4ee8f:c8]
2019-09-19 04:32:59,029 | INFO  | SCMAudit | user=jenkins1000 | ip=192.168.34.50 | op=SEND_HEARTBEAT {datanodeUUID=646ad8b2-e397-4e74-bda7-a2da429002a8, command=[]} | ret=SUCCESS |  
2019-09-19 04:32:59,246 | INFO  | SCMAudit | user=jenkins1000 | ip=192.168.34.50 | op=SEND_HEARTBEAT {datanodeUUID=bb21d486-410c-4d63-a3eb-a911625626cf, command=[]} | ret=SUCCESS |  
2019-09-19 04:32:59,523 | INFO  | SCMAudit | user=jenkins1000 | ip=192.168.34.50 | op=SEND_HEARTBEAT {datanodeUUID=cee6b86e-e629-45c9-9c42-7061c1d64ecd, command=[]} | ret=SUCCESS |  
2019-09-19 04:32:59,628 | INFO  | SCMAudit | user=jenkins1000 | ip=192.168.34.50 | op=SEND_HEARTBEAT {datanodeUUID=cacd8be3-3994-43a0-9248-dc2aa43e6f92, command=[]} | ret=SUCCESS |  
2019-09-19 04:32:59,631 | INFO  | SCMAudit | user=jenkins1000 | ip=192.168.34.50 | op=SEND_HEARTBEAT {datanodeUUID=fc0f8f3b-538d-481e-abe0-204925d4ee8f, command=[]} | ret=SUCCESS |  
2019-09-19 04:32:59,638 | INFO  | SCMAudit | user=jenkins1000 | ip=192.168.34.50 | op=SEND_HEARTBEAT {datanodeUUID=d40cfe62-fc21-48bd-841c-37c3da2319ca, command=[]} | ret=SUCCESS |  
2019-09-19 04:32:59,783 | INFO  | SCMAudit | user=jenkins1000 | ip=192.168.34.50 | op=SEND_HEARTBEAT {datanodeUUID=d267f1ee-b840-49aa-88d3-6d319dcb89fa, command=[]} | ret=SUCCESS |  
2019-09-19 04:33:00,029 | INFO  | SCMAudit | user=jenkins1000 | ip=192.168.34.50 | op=SEND_HEARTBEAT {datanodeUUID=646ad8b2-e397-4e74-bda7-a2da429002a8, command=[]} | ret=SUCCESS |  
2019-09-19 04:33:00,246 | INFO  | SCMAudit | user=jenkins1000 | ip=192.168.34.50 | op=SEND_HEARTBEAT {datanodeUUID=bb21d486-410c-4d63-a3eb-a911625626cf, command=[]} | ret=SUCCESS |  
2019-09-19 04:33:00,524 | INFO  | SCMAudit | user=jenkins1000 | ip=192.168.34.50 | op=SEND_HEARTBEAT {datanodeUUID=cee6b86e-e629-45c9-9c42-7061c1d64ecd, command=[]} | ret=SUCCESS |  
2019-09-19 04:33:00,628 | INFO  | SCMAudit | user=jenkins1000 | ip=192.168.34.50 | op=SEND_HEARTBEAT {datanodeUUID=cacd8be3-3994-43a0-9248-dc2aa43e6f92, command=[]} | ret=SUCCESS |  
2019-09-19 04:33:00,631 | INFO  | SCMAudit | user=jenkins1000 | ip=192.168.34.50 | op=SEND_HEARTBEAT {datanodeUUID=fc0f8f3b-538d-481e-abe0-204925d4ee8f, command=[]} | ret=SUCCESS |  
2019-09-19 04:33:00,637 | INFO  | SCMAudit | user=jenkins1000 | ip=192.168.34.50 | op=SEND_HEARTBEAT {datanodeUUID=d40cfe62-fc21-48bd-841c-37c3da2319ca, command=[]} | ret=SUCCESS |  
2019-09-19 04:33:00,783 | INFO  | SCMAudit | user=jenkins1000 | ip=192.168.34.50 | op=SEND_HEARTBEAT {datanodeUUID=d267f1ee-b840-49aa-88d3-6d319dcb89fa, command=[]} | ret=SUCCESS |  
2019-09-19 04:33:01,029 | INFO  | SCMAudit | user=jenkins1000 | ip=192.168.34.50 | op=SEND_HEARTBEAT {datanodeUUID=646ad8b2-e397-4e74-bda7-a2da429002a8, command=[]} | ret=SUCCESS |  
2019-09-19 04:33:01,246 | INFO  | SCMAudit | user=jenkins1000 | ip=192.168.34.50 | op=SEND_HEARTBEAT {datanodeUUID=bb21d486-410c-4d63-a3eb-a911625626cf, command=[]} | ret=SUCCESS |  
2019-09-19 04:33:01,524 | INFO  | SCMAudit | user=jenkins1000 | ip=192.168.34.50 | op=SEND_HEARTBEAT {datanodeUUID=cee6b86e-e629-45c9-9c42-7061c1d64ecd, command=[]} | ret=SUCCESS |  
2019-09-19 04:33:01,629 | INFO  | SCMAudit | user=jenkins1000 | ip=192.168.34.50 | op=SEND_HEARTBEAT {datanodeUUID=cacd8be3-3994-43a0-9248-dc2aa43e6f92, command=[]} | ret=SUCCESS |  
2019-09-19 04:33:01,632 | INFO  | SCMAudit | user=jenkins1000 | ip=192.168.34.50 | op=SEND_HEARTBEAT {datanodeUUID=fc0f8f3b-538d-481e-abe0-204925d4ee8f, command=[]} | ret=SUCCESS |  
2019-09-19 04:33:01,637 | INFO  | SCMAudit | user=jenkins1000 | ip=192.168.34.50 | op=SEND_HEARTBEAT {datanodeUUID=d40cfe62-fc21-48bd-841c-37c3da2319ca, command=[]} | ret=SUCCESS |  
2019-09-19 04:33:01,784 | INFO  | SCMAudit | user=jenkins1000 | ip=192.168.34.50 | op=SEND_HEARTBEAT {datanodeUUID=d267f1ee-b840-49aa-88d3-6d319dcb89fa, command=[]} | ret=SUCCESS |  
2019-09-19 04:33:02,029 | INFO  | SCMAudit | user=jenkins1000 | ip=192.168.34.50 | op=SEND_HEARTBEAT {datanodeUUID=646ad8b2-e397-4e74-bda7-a2da429002a8, command=[]} | ret=SUCCESS |  
2019-09-19 04:33:02,247 | INFO  | SCMAudit | user=jenkins1000 | ip=192.168.34.50 | op=SEND_HEARTBEAT {datanodeUUID=bb21d486-410c-4d63-a3eb-a911625626cf, command=[]} | ret=SUCCESS |  
2019-09-19 04:33:02,524 | INFO  | SCMAudit | user=jenkins1000 | ip=192.168.34.50 | op=SEND_HEARTBEAT {datanodeUUID=cee6b86e-e629-45c9-9c42-7061c1d64ecd, command=[]} | ret=SUCCESS |  
2019-09-19 04:33:02,628 | INFO  | SCMAudit | user=jenkins1000 | ip=192.168.34.50 | op=SEND_HEARTBEAT {datanodeUUID=cacd8be3-3994-43a0-9248-dc2aa43e6f92, command=[]} | ret=SUCCESS |  
2019-09-19 04:33:02,632 | INFO  | SCMAudit | user=jenkins1000 | ip=192.168.34.50 | op=SEND_HEARTBEAT {datanodeUUID=fc0f8f3b-538d-481e-abe0-204925d4ee8f, command=[]} | ret=SUCCESS |  
2019-09-19 04:33:02,637 | INFO  | SCMAudit | user=jenkins1000 | ip=192.168.34.50 | op=SEND_HEARTBEAT {datanodeUUID=d40cfe62-fc21-48bd-841c-37c3da2319ca, command=[]} | ret=SUCCESS |  
2019-09-19 04:33:02,784 | INFO  | SCMAudit | user=jenkins1000 | ip=192.168.34.50 | op=SEND_HEARTBEAT {datanodeUUID=d267f1ee-b840-49aa-88d3-6d319dcb89fa, command=[]} | ret=SUCCESS |  
2019-09-19 04:33:03,031 | INFO  | SCMAudit | user=jenkins1000 | ip=192.168.34.50 | op=SEND_HEARTBEAT {datanodeUUID=646ad8b2-e397-4e74-bda7-a2da429002a8, command=[]} | ret=SUCCESS |  
2019-09-19 04:33:03,247 | INFO  | SCMAudit | user=jenkins1000 | ip=192.168.34.50 | op=SEND_HEARTBEAT {datanodeUUID=bb21d486-410c-4d63-a3eb-a911625626cf, command=[]} | ret=SUCCESS |  
2019-09-19 04:33:03,524 | INFO  | SCMAudit | user=jenkins1000 | ip=192.168.34.50 | op=SEND_HEARTBEAT {datanodeUUID=cee6b86e-e629-45c9-9c42-7061c1d64ecd, command=[]} | ret=SUCCESS |  
2019-09-19 04:33:03,629 | INFO  | SCMAudit | user=jenkins1000 | ip=192.168.34.50 | op=SEND_HEARTBEAT {datanodeUUID=cacd8be3-3994-43a0-9248-dc2aa43e6f92, command=[]} | ret=SUCCESS |  
2019-09-19 04:33:03,632 | INFO  | SCMAudit | user=jenkins1000 | ip=192.168.34.50 | op=SEND_HEARTBEAT {datanodeUUID=fc0f8f3b-538d-481e-abe0-204925d4ee8f, command=[]} | ret=SUCCESS |  
2019-09-19 04:33:03,637 | INFO  | SCMAudit | user=jenkins1000 | ip=192.168.34.50 | op=SEND_HEARTBEAT {datanodeUUID=d40cfe62-fc21-48bd-841c-37c3da2319ca, command=[]} | ret=SUCCESS |  
2019-09-19 04:33:03,784 | INFO  | SCMAudit | user=jenkins1000 | ip=192.168.34.50 | op=SEND_HEARTBEAT {datanodeUUID=d267f1ee-b840-49aa-88d3-6d319dcb89fa, command=[]} | ret=SUCCESS |  
2019-09-19 04:33:04,034 | INFO  | SCMAudit | user=jenkins1000 | ip=192.168.34.50 | op=SEND_HEARTBEAT {datanodeUUID=646ad8b2-e397-4e74-bda7-a2da429002a8, command=[]} | ret=SUCCESS |  
2019-09-19 04:33:04,041 [grpc-default-executor-5] INFO  client.GrpcClientProtocolClient (GrpcClientProtocolClient.java:onNext(255)) - client-8D3BBA1B251F->cacd8be3-3994-43a0-9248-dc2aa43e6f92: receive RaftClientReply:client-8D3BBA1B251F->cacd8be3-3994-43a0-9248-dc2aa43e6f92@group-52CD28E9D88B, cid=45, FAILED org.apache.ratis.protocol.NotLeaderException: Server cacd8be3-3994-43a0-9248-dc2aa43e6f92 is not the leader (fc0f8f3b-538d-481e-abe0-204925d4ee8f:192.168.34.50:35638). Request must be sent to leader., logIndex=0, commits[cacd8be3-3994-43a0-9248-dc2aa43e6f92:c8, d40cfe62-fc21-48bd-841c-37c3da2319ca:c8, fc0f8f3b-538d-481e-abe0-204925d4ee8f:c8]
2019-09-19 04:33:04,248 | INFO  | SCMAudit | user=jenkins1000 | ip=192.168.34.50 | op=SEND_HEARTBEAT {datanodeUUID=bb21d486-410c-4d63-a3eb-a911625626cf, command=[]} | ret=SUCCESS |  
2019-09-19 04:33:04,525 | INFO  | SCMAudit | user=jenkins1000 | ip=192.168.34.50 | op=SEND_HEARTBEAT {datanodeUUID=cee6b86e-e629-45c9-9c42-7061c1d64ecd, command=[]} | ret=SUCCESS |  
2019-09-19 04:33:04,628 | INFO  | SCMAudit | user=jenkins1000 | ip=192.168.34.50 | op=SEND_HEARTBEAT {datanodeUUID=cacd8be3-3994-43a0-9248-dc2aa43e6f92, command=[]} | ret=SUCCESS |  
2019-09-19 04:33:04,632 | INFO  | SCMAudit | user=jenkins1000 | ip=192.168.34.50 | op=SEND_HEARTBEAT {datanodeUUID=fc0f8f3b-538d-481e-abe0-204925d4ee8f, command=[]} | ret=SUCCESS |  
2019-09-19 04:33:04,637 | INFO  | SCMAudit | user=jenkins1000 | ip=192.168.34.50 | op=SEND_HEARTBEAT {datanodeUUID=d40cfe62-fc21-48bd-841c-37c3da2319ca, command=[]} | ret=SUCCESS |  
2019-09-19 04:33:04,785 | INFO  | SCMAudit | user=jenkins1000 | ip=192.168.34.50 | op=SEND_HEARTBEAT {datanodeUUID=d267f1ee-b840-49aa-88d3-6d319dcb89fa, command=[]} | ret=SUCCESS |  
2019-09-19 04:33:05,035 | INFO  | SCMAudit | user=jenkins1000 | ip=192.168.34.50 | op=SEND_HEARTBEAT {datanodeUUID=646ad8b2-e397-4e74-bda7-a2da429002a8, command=[]} | ret=SUCCESS |  
2019-09-19 04:33:05,248 | INFO  | SCMAudit | user=jenkins1000 | ip=192.168.34.50 | op=SEND_HEARTBEAT {datanodeUUID=bb21d486-410c-4d63-a3eb-a911625626cf, command=[]} | ret=SUCCESS |  
2019-09-19 04:33:05,525 | INFO  | SCMAudit | user=jenkins1000 | ip=192.168.34.50 | op=SEND_HEARTBEAT {datanodeUUID=cee6b86e-e629-45c9-9c42-7061c1d64ecd, command=[]} | ret=SUCCESS |  
2019-09-19 04:33:05,629 | INFO  | SCMAudit | user=jenkins1000 | ip=192.168.34.50 | op=SEND_HEARTBEAT {datanodeUUID=cacd8be3-3994-43a0-9248-dc2aa43e6f92, command=[]} | ret=SUCCESS |  
2019-09-19 04:33:05,632 | INFO  | SCMAudit | user=jenkins1000 | ip=192.168.34.50 | op=SEND_HEARTBEAT {datanodeUUID=fc0f8f3b-538d-481e-abe0-204925d4ee8f, command=[]} | ret=SUCCESS |  
2019-09-19 04:33:05,638 | INFO  | SCMAudit | user=jenkins1000 | ip=192.168.34.50 | op=SEND_HEARTBEAT {datanodeUUID=d40cfe62-fc21-48bd-841c-37c3da2319ca, command=[]} | ret=SUCCESS |  
2019-09-19 04:33:05,785 | INFO  | SCMAudit | user=jenkins1000 | ip=192.168.34.50 | op=SEND_HEARTBEAT {datanodeUUID=d267f1ee-b840-49aa-88d3-6d319dcb89fa, command=[]} | ret=SUCCESS |  
2019-09-19 04:33:06,034 | INFO  | SCMAudit | user=jenkins1000 | ip=192.168.34.50 | op=SEND_HEARTBEAT {datanodeUUID=646ad8b2-e397-4e74-bda7-a2da429002a8, command=[]} | ret=SUCCESS |  
2019-09-19 04:33:06,248 | INFO  | SCMAudit | user=jenkins1000 | ip=192.168.34.50 | op=SEND_HEARTBEAT {datanodeUUID=bb21d486-410c-4d63-a3eb-a911625626cf, command=[]} | ret=SUCCESS |  
2019-09-19 04:33:06,524 | INFO  | SCMAudit | user=jenkins1000 | ip=192.168.34.50 | op=SEND_HEARTBEAT {datanodeUUID=cee6b86e-e629-45c9-9c42-7061c1d64ecd, command=[]} | ret=SUCCESS |  
2019-09-19 04:33:06,629 | INFO  | SCMAudit | user=jenkins1000 | ip=192.168.34.50 | op=SEND_HEARTBEAT {datanodeUUID=cacd8be3-3994-43a0-9248-dc2aa43e6f92, command=[]} | ret=SUCCESS |  
2019-09-19 04:33:06,632 | INFO  | SCMAudit | user=jenkins1000 | ip=192.168.34.50 | op=SEND_HEARTBEAT {datanodeUUID=fc0f8f3b-538d-481e-abe0-204925d4ee8f, command=[]} | ret=SUCCESS |  
2019-09-19 04:33:06,637 | INFO  | SCMAudit | user=jenkins1000 | ip=192.168.34.50 | op=SEND_HEARTBEAT {datanodeUUID=d40cfe62-fc21-48bd-841c-37c3da2319ca, command=[]} | ret=SUCCESS |  
2019-09-19 04:33:06,785 | INFO  | SCMAudit | user=jenkins1000 | ip=192.168.34.50 | op=SEND_HEARTBEAT {datanodeUUID=d267f1ee-b840-49aa-88d3-6d319dcb89fa, command=[]} | ret=SUCCESS |  
2019-09-19 04:33:07,034 | INFO  | SCMAudit | user=jenkins1000 | ip=192.168.34.50 | op=SEND_HEARTBEAT {datanodeUUID=646ad8b2-e397-4e74-bda7-a2da429002a8, command=[]} | ret=SUCCESS |  
2019-09-19 04:33:07,248 | INFO  | SCMAudit | user=jenkins1000 | ip=192.168.34.50 | op=SEND_HEARTBEAT {datanodeUUID=bb21d486-410c-4d63-a3eb-a911625626cf, command=[]} | ret=SUCCESS |  
2019-09-19 04:33:07,524 | INFO  | SCMAudit | user=jenkins1000 | ip=192.168.34.50 | op=SEND_HEARTBEAT {datanodeUUID=cee6b86e-e629-45c9-9c42-7061c1d64ecd, command=[]} | ret=SUCCESS |  
2019-09-19 04:33:07,629 | INFO  | SCMAudit | user=jenkins1000 | ip=192.168.34.50 | op=SEND_HEARTBEAT {datanodeUUID=cacd8be3-3994-43a0-9248-dc2aa43e6f92, command=[]} | ret=SUCCESS |  
2019-09-19 04:33:07,632 | INFO  | SCMAudit | user=jenkins1000 | ip=192.168.34.50 | op=SEND_HEARTBEAT {datanodeUUID=fc0f8f3b-538d-481e-abe0-204925d4ee8f, command=[]} | ret=SUCCESS |  
2019-09-19 04:33:07,637 | INFO  | SCMAudit | user=jenkins1000 | ip=192.168.34.50 | op=SEND_HEARTBEAT {datanodeUUID=d40cfe62-fc21-48bd-841c-37c3da2319ca, command=[]} | ret=SUCCESS |  
2019-09-19 04:33:07,786 | INFO  | SCMAudit | user=jenkins1000 | ip=192.168.34.50 | op=SEND_HEARTBEAT {datanodeUUID=d267f1ee-b840-49aa-88d3-6d319dcb89fa, command=[]} | ret=SUCCESS |  
2019-09-19 04:33:08,035 | INFO  | SCMAudit | user=jenkins1000 | ip=192.168.34.50 | op=SEND_HEARTBEAT {datanodeUUID=646ad8b2-e397-4e74-bda7-a2da429002a8, command=[]} | ret=SUCCESS |  
2019-09-19 04:33:08,249 | INFO  | SCMAudit | user=jenkins1000 | ip=192.168.34.50 | op=SEND_HEARTBEAT {datanodeUUID=bb21d486-410c-4d63-a3eb-a911625626cf, command=[]} | ret=SUCCESS |  
2019-09-19 04:33:08,525 | INFO  | SCMAudit | user=jenkins1000 | ip=192.168.34.50 | op=SEND_HEARTBEAT {datanodeUUID=cee6b86e-e629-45c9-9c42-7061c1d64ecd, command=[]} | ret=SUCCESS |  
2019-09-19 04:33:08,629 | INFO  | SCMAudit | user=jenkins1000 | ip=192.168.34.50 | op=SEND_HEARTBEAT {datanodeUUID=cacd8be3-3994-43a0-9248-dc2aa43e6f92, command=[]} | ret=SUCCESS |  
2019-09-19 04:33:08,632 | INFO  | SCMAudit | user=jenkins1000 | ip=192.168.34.50 | op=SEND_HEARTBEAT {datanodeUUID=fc0f8f3b-538d-481e-abe0-204925d4ee8f, command=[]} | ret=SUCCESS |  
2019-09-19 04:33:08,637 | INFO  | SCMAudit | user=jenkins1000 | ip=192.168.34.50 | op=SEND_HEARTBEAT {datanodeUUID=d40cfe62-fc21-48bd-841c-37c3da2319ca, command=[]} | ret=SUCCESS |  
2019-09-19 04:33:08,786 | INFO  | SCMAudit | user=jenkins1000 | ip=192.168.34.50 | op=SEND_HEARTBEAT {datanodeUUID=d267f1ee-b840-49aa-88d3-6d319dcb89fa, command=[]} | ret=SUCCESS |  
2019-09-19 04:33:09,035 | INFO  | SCMAudit | user=jenkins1000 | ip=192.168.34.50 | op=SEND_HEARTBEAT {datanodeUUID=646ad8b2-e397-4e74-bda7-a2da429002a8, command=[]} | ret=SUCCESS |  
2019-09-19 04:33:09,077 [grpc-default-executor-5] INFO  client.GrpcClientProtocolClient (GrpcClientProtocolClient.java:onNext(255)) - client-8D3BBA1B251F->d40cfe62-fc21-48bd-841c-37c3da2319ca: receive RaftClientReply:client-8D3BBA1B251F->d40cfe62-fc21-48bd-841c-37c3da2319ca@group-52CD28E9D88B, cid=45, FAILED org.apache.ratis.protocol.NotLeaderException: Server d40cfe62-fc21-48bd-841c-37c3da2319ca is not the leader (fc0f8f3b-538d-481e-abe0-204925d4ee8f:192.168.34.50:35638). Request must be sent to leader., logIndex=0, commits[d40cfe62-fc21-48bd-841c-37c3da2319ca:c8, fc0f8f3b-538d-481e-abe0-204925d4ee8f:c8, cacd8be3-3994-43a0-9248-dc2aa43e6f92:c8]
2019-09-19 04:33:09,249 | INFO  | SCMAudit | user=jenkins1000 | ip=192.168.34.50 | op=SEND_HEARTBEAT {datanodeUUID=bb21d486-410c-4d63-a3eb-a911625626cf, command=[]} | ret=SUCCESS |  
2019-09-19 04:33:09,525 | INFO  | SCMAudit | user=jenkins1000 | ip=192.168.34.50 | op=SEND_HEARTBEAT {datanodeUUID=cee6b86e-e629-45c9-9c42-7061c1d64ecd, command=[]} | ret=SUCCESS |  
2019-09-19 04:33:09,630 | INFO  | SCMAudit | user=jenkins1000 | ip=192.168.34.50 | op=SEND_HEARTBEAT {datanodeUUID=cacd8be3-3994-43a0-9248-dc2aa43e6f92, command=[]} | ret=SUCCESS |  
2019-09-19 04:33:09,632 | INFO  | SCMAudit | user=jenkins1000 | ip=192.168.34.50 | op=SEND_HEARTBEAT {datanodeUUID=fc0f8f3b-538d-481e-abe0-204925d4ee8f, command=[]} | ret=SUCCESS |  
2019-09-19 04:33:09,637 | INFO  | SCMAudit | user=jenkins1000 | ip=192.168.34.50 | op=SEND_HEARTBEAT {datanodeUUID=d40cfe62-fc21-48bd-841c-37c3da2319ca, command=[]} | ret=SUCCESS |  
2019-09-19 04:33:09,785 | INFO  | SCMAudit | user=jenkins1000 | ip=192.168.34.50 | op=SEND_HEARTBEAT {datanodeUUID=d267f1ee-b840-49aa-88d3-6d319dcb89fa, command=[]} | ret=SUCCESS |  
2019-09-19 04:33:10,035 | INFO  | SCMAudit | user=jenkins1000 | ip=192.168.34.50 | op=SEND_HEARTBEAT {datanodeUUID=646ad8b2-e397-4e74-bda7-a2da429002a8, command=[]} | ret=SUCCESS |  
2019-09-19 04:33:10,248 | INFO  | SCMAudit | user=jenkins1000 | ip=192.168.34.50 | op=SEND_HEARTBEAT {datanodeUUID=bb21d486-410c-4d63-a3eb-a911625626cf, command=[]} | ret=SUCCESS |  
2019-09-19 04:33:10,525 | INFO  | SCMAudit | user=jenkins1000 | ip=192.168.34.50 | op=SEND_HEARTBEAT {datanodeUUID=cee6b86e-e629-45c9-9c42-7061c1d64ecd, command=[]} | ret=SUCCESS |  
2019-09-19 04:33:10,630 | INFO  | SCMAudit | user=jenkins1000 | ip=192.168.34.50 | op=SEND_HEARTBEAT {datanodeUUID=cacd8be3-3994-43a0-9248-dc2aa43e6f92, command=[]} | ret=SUCCESS |  
2019-09-19 04:33:10,632 | INFO  | SCMAudit | user=jenkins1000 | ip=192.168.34.50 | op=SEND_HEARTBEAT {datanodeUUID=fc0f8f3b-538d-481e-abe0-204925d4ee8f, command=[]} | ret=SUCCESS |  
2019-09-19 04:33:10,637 | INFO  | SCMAudit | user=jenkins1000 | ip=192.168.34.50 | op=SEND_HEARTBEAT {datanodeUUID=d40cfe62-fc21-48bd-841c-37c3da2319ca, command=[]} | ret=SUCCESS |  
2019-09-19 04:33:10,786 | INFO  | SCMAudit | user=jenkins1000 | ip=192.168.34.50 | op=SEND_HEARTBEAT {datanodeUUID=d267f1ee-b840-49aa-88d3-6d319dcb89fa, command=[]} | ret=SUCCESS |  
2019-09-19 04:33:11,035 | INFO  | SCMAudit | user=jenkins1000 | ip=192.168.34.50 | op=SEND_HEARTBEAT {datanodeUUID=646ad8b2-e397-4e74-bda7-a2da429002a8, command=[]} | ret=SUCCESS |  
2019-09-19 04:33:11,248 | INFO  | SCMAudit | user=jenkins1000 | ip=192.168.34.50 | op=SEND_HEARTBEAT {datanodeUUID=bb21d486-410c-4d63-a3eb-a911625626cf, command=[]} | ret=SUCCESS |  
2019-09-19 04:33:11,526 | INFO  | SCMAudit | user=jenkins1000 | ip=192.168.34.50 | op=SEND_HEARTBEAT {datanodeUUID=cee6b86e-e629-45c9-9c42-7061c1d64ecd, command=[]} | ret=SUCCESS |  
2019-09-19 04:33:11,629 | INFO  | SCMAudit | user=jenkins1000 | ip=192.168.34.50 | op=SEND_HEARTBEAT {datanodeUUID=cacd8be3-3994-43a0-9248-dc2aa43e6f92, command=[]} | ret=SUCCESS |  
2019-09-19 04:33:11,632 | INFO  | SCMAudit | user=jenkins1000 | ip=192.168.34.50 | op=SEND_HEARTBEAT {datanodeUUID=fc0f8f3b-538d-481e-abe0-204925d4ee8f, command=[]} | ret=SUCCESS |  
2019-09-19 04:33:11,637 | INFO  | SCMAudit | user=jenkins1000 | ip=192.168.34.50 | op=SEND_HEARTBEAT {datanodeUUID=d40cfe62-fc21-48bd-841c-37c3da2319ca, command=[]} | ret=SUCCESS |  
2019-09-19 04:33:11,786 | INFO  | SCMAudit | user=jenkins1000 | ip=192.168.34.50 | op=SEND_HEARTBEAT {datanodeUUID=d267f1ee-b840-49aa-88d3-6d319dcb89fa, command=[]} | ret=SUCCESS |  
2019-09-19 04:33:12,036 | INFO  | SCMAudit | user=jenkins1000 | ip=192.168.34.50 | op=SEND_HEARTBEAT {datanodeUUID=646ad8b2-e397-4e74-bda7-a2da429002a8, command=[]} | ret=SUCCESS |  
2019-09-19 04:33:12,249 | INFO  | SCMAudit | user=jenkins1000 | ip=192.168.34.50 | op=SEND_HEARTBEAT {datanodeUUID=bb21d486-410c-4d63-a3eb-a911625626cf, command=[]} | ret=SUCCESS |  
2019-09-19 04:33:12,526 | INFO  | SCMAudit | user=jenkins1000 | ip=192.168.34.50 | op=SEND_HEARTBEAT {datanodeUUID=cee6b86e-e629-45c9-9c42-7061c1d64ecd, command=[]} | ret=SUCCESS |  
2019-09-19 04:33:12,629 | INFO  | SCMAudit | user=jenkins1000 | ip=192.168.34.50 | op=SEND_HEARTBEAT {datanodeUUID=cacd8be3-3994-43a0-9248-dc2aa43e6f92, command=[]} | ret=SUCCESS |  
2019-09-19 04:33:12,632 | INFO  | SCMAudit | user=jenkins1000 | ip=192.168.34.50 | op=SEND_HEARTBEAT {datanodeUUID=fc0f8f3b-538d-481e-abe0-204925d4ee8f, command=[]} | ret=SUCCESS |  
2019-09-19 04:33:12,637 | INFO  | SCMAudit | user=jenkins1000 | ip=192.168.34.50 | op=SEND_HEARTBEAT {datanodeUUID=d40cfe62-fc21-48bd-841c-37c3da2319ca, command=[]} | ret=SUCCESS |  
2019-09-19 04:33:12,786 | INFO  | SCMAudit | user=jenkins1000 | ip=192.168.34.50 | op=SEND_HEARTBEAT {datanodeUUID=d267f1ee-b840-49aa-88d3-6d319dcb89fa, command=[]} | ret=SUCCESS |  
2019-09-19 04:33:13,037 | INFO  | SCMAudit | user=jenkins1000 | ip=192.168.34.50 | op=SEND_HEARTBEAT {datanodeUUID=646ad8b2-e397-4e74-bda7-a2da429002a8, command=[]} | ret=SUCCESS |  
2019-09-19 04:33:13,249 | INFO  | SCMAudit | user=jenkins1000 | ip=192.168.34.50 | op=SEND_HEARTBEAT {datanodeUUID=bb21d486-410c-4d63-a3eb-a911625626cf, command=[]} | ret=SUCCESS |  
2019-09-19 04:33:13,526 | INFO  | SCMAudit | user=jenkins1000 | ip=192.168.34.50 | op=SEND_HEARTBEAT {datanodeUUID=cee6b86e-e629-45c9-9c42-7061c1d64ecd, command=[]} | ret=SUCCESS |  
2019-09-19 04:33:13,630 | INFO  | SCMAudit | user=jenkins1000 | ip=192.168.34.50 | op=SEND_HEARTBEAT {datanodeUUID=cacd8be3-3994-43a0-9248-dc2aa43e6f92, command=[]} | ret=SUCCESS |  
2019-09-19 04:33:13,633 | INFO  | SCMAudit | user=jenkins1000 | ip=192.168.34.50 | op=SEND_HEARTBEAT {datanodeUUID=fc0f8f3b-538d-481e-abe0-204925d4ee8f, command=[]} | ret=SUCCESS |  
2019-09-19 04:33:13,637 | INFO  | SCMAudit | user=jenkins1000 | ip=192.168.34.50 | op=SEND_HEARTBEAT {datanodeUUID=d40cfe62-fc21-48bd-841c-37c3da2319ca, command=[]} | ret=SUCCESS |  
2019-09-19 04:33:13,786 | INFO  | SCMAudit | user=jenkins1000 | ip=192.168.34.50 | op=SEND_HEARTBEAT {datanodeUUID=d267f1ee-b840-49aa-88d3-6d319dcb89fa, command=[]} | ret=SUCCESS |  
2019-09-19 04:33:14,036 | INFO  | SCMAudit | user=jenkins1000 | ip=192.168.34.50 | op=SEND_HEARTBEAT {datanodeUUID=646ad8b2-e397-4e74-bda7-a2da429002a8, command=[]} | ret=SUCCESS |  
2019-09-19 04:33:14,106 [grpc-default-executor-0] INFO  client.GrpcClientProtocolClient (GrpcClientProtocolClient.java:onNext(255)) - client-8D3BBA1B251F->cacd8be3-3994-43a0-9248-dc2aa43e6f92: receive RaftClientReply:client-8D3BBA1B251F->cacd8be3-3994-43a0-9248-dc2aa43e6f92@group-52CD28E9D88B, cid=45, FAILED org.apache.ratis.protocol.NotLeaderException: Server cacd8be3-3994-43a0-9248-dc2aa43e6f92 is not the leader (fc0f8f3b-538d-481e-abe0-204925d4ee8f:192.168.34.50:35638). Request must be sent to leader., logIndex=0, commits[cacd8be3-3994-43a0-9248-dc2aa43e6f92:c8, d40cfe62-fc21-48bd-841c-37c3da2319ca:c8, fc0f8f3b-538d-481e-abe0-204925d4ee8f:c8]
2019-09-19 04:33:14,247 [ReplicationMonitor] INFO  container.ReplicationManager (ReplicationManager.java:run(214)) - Replication Monitor Thread took 0 milliseconds for processing 3 containers.
2019-09-19 04:33:14,248 | INFO  | SCMAudit | user=jenkins1000 | ip=192.168.34.50 | op=SEND_HEARTBEAT {datanodeUUID=bb21d486-410c-4d63-a3eb-a911625626cf, command=[]} | ret=SUCCESS |  
2019-09-19 04:33:14,526 | INFO  | SCMAudit | user=jenkins1000 | ip=192.168.34.50 | op=SEND_HEARTBEAT {datanodeUUID=cee6b86e-e629-45c9-9c42-7061c1d64ecd, command=[]} | ret=SUCCESS |  
2019-09-19 04:33:14,630 | INFO  | SCMAudit | user=jenkins1000 | ip=192.168.34.50 | op=SEND_HEARTBEAT {datanodeUUID=cacd8be3-3994-43a0-9248-dc2aa43e6f92, command=[]} | ret=SUCCESS |  
2019-09-19 04:33:14,633 | INFO  | SCMAudit | user=jenkins1000 | ip=192.168.34.50 | op=SEND_HEARTBEAT {datanodeUUID=fc0f8f3b-538d-481e-abe0-204925d4ee8f, command=[]} | ret=SUCCESS |  
2019-09-19 04:33:14,637 | INFO  | SCMAudit | user=jenkins1000 | ip=192.168.34.50 | op=SEND_HEARTBEAT {datanodeUUID=d40cfe62-fc21-48bd-841c-37c3da2319ca, command=[]} | ret=SUCCESS |  
2019-09-19 04:33:14,787 | INFO  | SCMAudit | user=jenkins1000 | ip=192.168.34.50 | op=SEND_HEARTBEAT {datanodeUUID=d267f1ee-b840-49aa-88d3-6d319dcb89fa, command=[]} | ret=SUCCESS |  
2019-09-19 04:33:15,036 | INFO  | SCMAudit | user=jenkins1000 | ip=192.168.34.50 | op=SEND_HEARTBEAT {datanodeUUID=646ad8b2-e397-4e74-bda7-a2da429002a8, command=[]} | ret=SUCCESS |  
2019-09-19 04:33:15,248 | INFO  | SCMAudit | user=jenkins1000 | ip=192.168.34.50 | op=SEND_HEARTBEAT {datanodeUUID=bb21d486-410c-4d63-a3eb-a911625626cf, command=[]} | ret=SUCCESS |  
2019-09-19 04:33:15,526 | INFO  | SCMAudit | user=jenkins1000 | ip=192.168.34.50 | op=SEND_HEARTBEAT {datanodeUUID=cee6b86e-e629-45c9-9c42-7061c1d64ecd, command=[]} | ret=SUCCESS |  
2019-09-19 04:33:15,630 | INFO  | SCMAudit | user=jenkins1000 | ip=192.168.34.50 | op=SEND_HEARTBEAT {datanodeUUID=cacd8be3-3994-43a0-9248-dc2aa43e6f92, command=[]} | ret=SUCCESS |  
2019-09-19 04:33:15,633 | INFO  | SCMAudit | user=jenkins1000 | ip=192.168.34.50 | op=SEND_HEARTBEAT {datanodeUUID=fc0f8f3b-538d-481e-abe0-204925d4ee8f, command=[]} | ret=SUCCESS |  
2019-09-19 04:33:15,637 | INFO  | SCMAudit | user=jenkins1000 | ip=192.168.34.50 | op=SEND_HEARTBEAT {datanodeUUID=d40cfe62-fc21-48bd-841c-37c3da2319ca, command=[]} | ret=SUCCESS |  
2019-09-19 04:33:15,787 | INFO  | SCMAudit | user=jenkins1000 | ip=192.168.34.50 | op=SEND_HEARTBEAT {datanodeUUID=d267f1ee-b840-49aa-88d3-6d319dcb89fa, command=[]} | ret=SUCCESS |  
2019-09-19 04:33:16,035 | INFO  | SCMAudit | user=jenkins1000 | ip=192.168.34.50 | op=SEND_HEARTBEAT {datanodeUUID=646ad8b2-e397-4e74-bda7-a2da429002a8, command=[]} | ret=SUCCESS |  
2019-09-19 04:33:16,249 | INFO  | SCMAudit | user=jenkins1000 | ip=192.168.34.50 | op=SEND_HEARTBEAT {datanodeUUID=bb21d486-410c-4d63-a3eb-a911625626cf, command=[]} | ret=SUCCESS |  
2019-09-19 04:33:16,526 | INFO  | SCMAudit | user=jenkins1000 | ip=192.168.34.50 | op=SEND_HEARTBEAT {datanodeUUID=cee6b86e-e629-45c9-9c42-7061c1d64ecd, command=[]} | ret=SUCCESS |  
2019-09-19 04:33:16,630 | INFO  | SCMAudit | user=jenkins1000 | ip=192.168.34.50 | op=SEND_HEARTBEAT {datanodeUUID=cacd8be3-3994-43a0-9248-dc2aa43e6f92, command=[]} | ret=SUCCESS |  
2019-09-19 04:33:16,633 | INFO  | SCMAudit | user=jenkins1000 | ip=192.168.34.50 | op=SEND_HEARTBEAT {datanodeUUID=fc0f8f3b-538d-481e-abe0-204925d4ee8f, command=[]} | ret=SUCCESS |  
2019-09-19 04:33:16,637 | INFO  | SCMAudit | user=jenkins1000 | ip=192.168.34.50 | op=SEND_HEARTBEAT {datanodeUUID=d40cfe62-fc21-48bd-841c-37c3da2319ca, command=[]} | ret=SUCCESS |  
2019-09-19 04:33:16,787 | INFO  | SCMAudit | user=jenkins1000 | ip=192.168.34.50 | op=SEND_HEARTBEAT {datanodeUUID=d267f1ee-b840-49aa-88d3-6d319dcb89fa, command=[]} | ret=SUCCESS |  
2019-09-19 04:33:17,036 | INFO  | SCMAudit | user=jenkins1000 | ip=192.168.34.50 | op=SEND_HEARTBEAT {datanodeUUID=646ad8b2-e397-4e74-bda7-a2da429002a8, command=[]} | ret=SUCCESS |  
2019-09-19 04:33:17,249 | INFO  | SCMAudit | user=jenkins1000 | ip=192.168.34.50 | op=SEND_HEARTBEAT {datanodeUUID=bb21d486-410c-4d63-a3eb-a911625626cf, command=[]} | ret=SUCCESS |  
2019-09-19 04:33:17,526 | INFO  | SCMAudit | user=jenkins1000 | ip=192.168.34.50 | op=SEND_HEARTBEAT {datanodeUUID=cee6b86e-e629-45c9-9c42-7061c1d64ecd, command=[]} | ret=SUCCESS |  
2019-09-19 04:33:17,631 | INFO  | SCMAudit | user=jenkins1000 | ip=192.168.34.50 | op=SEND_HEARTBEAT {datanodeUUID=cacd8be3-3994-43a0-9248-dc2aa43e6f92, command=[]} | ret=SUCCESS |  
2019-09-19 04:33:17,633 | INFO  | SCMAudit | user=jenkins1000 | ip=192.168.34.50 | op=SEND_HEARTBEAT {datanodeUUID=fc0f8f3b-538d-481e-abe0-204925d4ee8f, command=[]} | ret=SUCCESS |  
2019-09-19 04:33:17,637 | INFO  | SCMAudit | user=jenkins1000 | ip=192.168.34.50 | op=SEND_HEARTBEAT {datanodeUUID=d40cfe62-fc21-48bd-841c-37c3da2319ca, command=[]} | ret=SUCCESS |  
2019-09-19 04:33:17,787 | INFO  | SCMAudit | user=jenkins1000 | ip=192.168.34.50 | op=SEND_HEARTBEAT {datanodeUUID=d267f1ee-b840-49aa-88d3-6d319dcb89fa, command=[]} | ret=SUCCESS |  
2019-09-19 04:33:18,036 | INFO  | SCMAudit | user=jenkins1000 | ip=192.168.34.50 | op=SEND_HEARTBEAT {datanodeUUID=646ad8b2-e397-4e74-bda7-a2da429002a8, command=[]} | ret=SUCCESS |  
2019-09-19 04:33:18,249 | INFO  | SCMAudit | user=jenkins1000 | ip=192.168.34.50 | op=SEND_HEARTBEAT {datanodeUUID=bb21d486-410c-4d63-a3eb-a911625626cf, command=[]} | ret=SUCCESS |  
2019-09-19 04:33:18,527 | INFO  | SCMAudit | user=jenkins1000 | ip=192.168.34.50 | op=SEND_HEARTBEAT {datanodeUUID=cee6b86e-e629-45c9-9c42-7061c1d64ecd, command=[]} | ret=SUCCESS |  
2019-09-19 04:33:18,630 | INFO  | SCMAudit | user=jenkins1000 | ip=192.168.34.50 | op=SEND_HEARTBEAT {datanodeUUID=cacd8be3-3994-43a0-9248-dc2aa43e6f92, command=[]} | ret=SUCCESS |  
2019-09-19 04:33:18,633 | INFO  | SCMAudit | user=jenkins1000 | ip=192.168.34.50 | op=SEND_HEARTBEAT {datanodeUUID=fc0f8f3b-538d-481e-abe0-204925d4ee8f, command=[]} | ret=SUCCESS |  
2019-09-19 04:33:18,637 | INFO  | SCMAudit | user=jenkins1000 | ip=192.168.34.50 | op=SEND_HEARTBEAT {datanodeUUID=d40cfe62-fc21-48bd-841c-37c3da2319ca, command=[]} | ret=SUCCESS |  
2019-09-19 04:33:18,788 | INFO  | SCMAudit | user=jenkins1000 | ip=192.168.34.50 | op=SEND_HEARTBEAT {datanodeUUID=d267f1ee-b840-49aa-88d3-6d319dcb89fa, command=[]} | ret=SUCCESS |  
2019-09-19 04:33:19,035 | INFO  | SCMAudit | user=jenkins1000 | ip=192.168.34.50 | op=SEND_HEARTBEAT {datanodeUUID=646ad8b2-e397-4e74-bda7-a2da429002a8, command=[]} | ret=SUCCESS |  
2019-09-19 04:33:19,143 [grpc-default-executor-5] INFO  client.GrpcClientProtocolClient (GrpcClientProtocolClient.java:onNext(255)) - client-8D3BBA1B251F->cacd8be3-3994-43a0-9248-dc2aa43e6f92: receive RaftClientReply:client-8D3BBA1B251F->cacd8be3-3994-43a0-9248-dc2aa43e6f92@group-52CD28E9D88B, cid=45, FAILED org.apache.ratis.protocol.NotLeaderException: Server cacd8be3-3994-43a0-9248-dc2aa43e6f92 is not the leader (fc0f8f3b-538d-481e-abe0-204925d4ee8f:192.168.34.50:35638). Request must be sent to leader., logIndex=0, commits[cacd8be3-3994-43a0-9248-dc2aa43e6f92:c8, d40cfe62-fc21-48bd-841c-37c3da2319ca:c8, fc0f8f3b-538d-481e-abe0-204925d4ee8f:c8]
2019-09-19 04:33:19,152 [main] INFO  ozone.MiniOzoneClusterImpl (MiniOzoneClusterImpl.java:shutdown(327)) - Shutting down the Mini Ozone Cluster
2019-09-19 04:33:19,153 | INFO  | SCMAudit | user=null | ip=null | op=GET_SCM_INFO null | ret=SUCCESS |  
2019-09-19 04:33:19,153 [main] INFO  ozone.MiniOzoneClusterImpl (MiniOzoneClusterImpl.java:stop(342)) - Stopping the Mini Ozone Cluster
2019-09-19 04:33:19,153 [main] INFO  ozone.MiniOzoneClusterImpl (MiniOzoneClusterImpl.java:stop(344)) - Stopping the OzoneManager
2019-09-19 04:33:19,153 [main] INFO  ipc.Server (Server.java:stop(3082)) - Stopping server on 42995
2019-09-19 04:33:19,181 [IPC Server listener on 42995] INFO  ipc.Server (Server.java:run(1185)) - Stopping IPC Server listener on 42995
2019-09-19 04:33:19,182 [IPC Server Responder] INFO  ipc.Server (Server.java:run(1319)) - Stopping IPC Server Responder
2019-09-19 04:33:19,182 [main] INFO  ratis.OzoneManagerDoubleBuffer (OzoneManagerDoubleBuffer.java:stop(248)) - Stopping OMDoubleBuffer flush thread
2019-09-19 04:33:19,184 [OMDoubleBufferFlushThread] INFO  ratis.OzoneManagerDoubleBuffer (OzoneManagerDoubleBuffer.java:flushTransactions(191)) - OMDoubleBuffer flush thread OMDoubleBufferFlushThread is interrupted and will exit. OMDoubleBufferFlushThread
2019-09-19 04:33:19,184 [main] INFO  utils.BackgroundService (BackgroundService.java:shutdown(148)) - Shutting down service KeyDeletingService
2019-09-19 04:33:19,186 [main] INFO  handler.ContextHandler (ContextHandler.java:doStop(910)) - Stopped o.e.j.w.WebAppContext@485451d8{/,null,UNAVAILABLE}{/ozoneManager}
2019-09-19 04:33:19,187 [main] INFO  server.AbstractConnector (AbstractConnector.java:doStop(318)) - Stopped ServerConnector@35e07e19{HTTP/1.1,[http/1.1]}{0.0.0.0:0}
2019-09-19 04:33:19,187 [main] INFO  handler.ContextHandler (ContextHandler.java:doStop(910)) - Stopped o.e.j.s.ServletContextHandler@63c99f7{/static,file:///workdir/hadoop-ozone/integration-test/target/test-classes/webapps/static,UNAVAILABLE}
2019-09-19 04:33:19,187 [main] INFO  handler.ContextHandler (ContextHandler.java:doStop(910)) - Stopped o.e.j.s.ServletContextHandler@74cd798f{/logs,file:///workdir/hadoop-ozone/integration-test/target/log,UNAVAILABLE}
2019-09-19 04:33:19,191 [main] INFO  ozone.MiniOzoneClusterImpl (MiniOzoneClusterImpl.java:stop(350)) - Shutting the HddsDatanodes
2019-09-19 04:33:19,191 [main] INFO  datanode.ObjectStoreHandler (ObjectStoreHandler.java:close(155)) - Closing ObjectStoreHandler.
2019-09-19 04:33:19,191 [ForkJoinPool.commonPool-worker-0] INFO  datanode.ObjectStoreHandler (ObjectStoreHandler.java:close(155)) - Closing ObjectStoreHandler.
2019-09-19 04:33:19,193 [main] INFO  ozone.HddsDatanodeService (HddsDatanodeService.java:stop(451)) - Stopped plug-in org.apache.hadoop.ozone.web.OzoneHddsDatanodeService@9f48198
2019-09-19 04:33:19,193 [ForkJoinPool.commonPool-worker-0] INFO  ozone.HddsDatanodeService (HddsDatanodeService.java:stop(451)) - Stopped plug-in org.apache.hadoop.ozone.web.OzoneHddsDatanodeService@2b99c937
2019-09-19 04:33:19,249 [Datanode State Machine Thread - 0] INFO  statemachine.DatanodeStateMachine (DatanodeStateMachine.java:lambda$startDaemon$0(356)) - Ozone container server started.
2019-09-19 04:33:19,527 | INFO  | SCMAudit | user=jenkins1000 | ip=192.168.34.50 | op=SEND_HEARTBEAT {datanodeUUID=cee6b86e-e629-45c9-9c42-7061c1d64ecd, command=[]} | ret=SUCCESS |  
2019-09-19 04:33:19,630 | INFO  | SCMAudit | user=jenkins1000 | ip=192.168.34.50 | op=SEND_HEARTBEAT {datanodeUUID=cacd8be3-3994-43a0-9248-dc2aa43e6f92, command=[]} | ret=SUCCESS |  
2019-09-19 04:33:19,633 | INFO  | SCMAudit | user=jenkins1000 | ip=192.168.34.50 | op=SEND_HEARTBEAT {datanodeUUID=fc0f8f3b-538d-481e-abe0-204925d4ee8f, command=[]} | ret=SUCCESS |  
2019-09-19 04:33:19,637 [Datanode State Machine Thread - 0] INFO  statemachine.DatanodeStateMachine (DatanodeStateMachine.java:lambda$startDaemon$0(356)) - Ozone container server started.
2019-09-19 04:33:19,788 | INFO  | SCMAudit | user=jenkins1000 | ip=192.168.34.50 | op=SEND_HEARTBEAT {datanodeUUID=d267f1ee-b840-49aa-88d3-6d319dcb89fa, command=[]} | ret=SUCCESS |  
2019-09-19 04:33:20,035 | INFO  | SCMAudit | user=jenkins1000 | ip=192.168.34.50 | op=SEND_HEARTBEAT {datanodeUUID=646ad8b2-e397-4e74-bda7-a2da429002a8, command=[]} | ret=SUCCESS |  
2019-09-19 04:33:20,527 | INFO  | SCMAudit | user=jenkins1000 | ip=192.168.34.50 | op=SEND_HEARTBEAT {datanodeUUID=cee6b86e-e629-45c9-9c42-7061c1d64ecd, command=[]} | ret=SUCCESS |  
2019-09-19 04:33:20,631 | INFO  | SCMAudit | user=jenkins1000 | ip=192.168.34.50 | op=SEND_HEARTBEAT {datanodeUUID=cacd8be3-3994-43a0-9248-dc2aa43e6f92, command=[]} | ret=SUCCESS |  
2019-09-19 04:33:20,633 | INFO  | SCMAudit | user=jenkins1000 | ip=192.168.34.50 | op=SEND_HEARTBEAT {datanodeUUID=fc0f8f3b-538d-481e-abe0-204925d4ee8f, command=[]} | ret=SUCCESS |  
2019-09-19 04:33:20,788 | INFO  | SCMAudit | user=jenkins1000 | ip=192.168.34.50 | op=SEND_HEARTBEAT {datanodeUUID=d267f1ee-b840-49aa-88d3-6d319dcb89fa, command=[]} | ret=SUCCESS |  
2019-09-19 04:33:21,035 | INFO  | SCMAudit | user=jenkins1000 | ip=192.168.34.50 | op=SEND_HEARTBEAT {datanodeUUID=646ad8b2-e397-4e74-bda7-a2da429002a8, command=[]} | ret=SUCCESS |  
2019-09-19 04:33:21,527 | INFO  | SCMAudit | user=jenkins1000 | ip=192.168.34.50 | op=SEND_HEARTBEAT {datanodeUUID=cee6b86e-e629-45c9-9c42-7061c1d64ecd, command=[]} | ret=SUCCESS |  
2019-09-19 04:33:21,631 | INFO  | SCMAudit | user=jenkins1000 | ip=192.168.34.50 | op=SEND_HEARTBEAT {datanodeUUID=cacd8be3-3994-43a0-9248-dc2aa43e6f92, command=[]} | ret=SUCCESS |  
2019-09-19 04:33:21,633 | INFO  | SCMAudit | user=jenkins1000 | ip=192.168.34.50 | op=SEND_HEARTBEAT {datanodeUUID=fc0f8f3b-538d-481e-abe0-204925d4ee8f, command=[]} | ret=SUCCESS |  
2019-09-19 04:33:21,789 | INFO  | SCMAudit | user=jenkins1000 | ip=192.168.34.50 | op=SEND_HEARTBEAT {datanodeUUID=d267f1ee-b840-49aa-88d3-6d319dcb89fa, command=[]} | ret=SUCCESS |  
2019-09-19 04:33:22,036 | INFO  | SCMAudit | user=jenkins1000 | ip=192.168.34.50 | op=SEND_HEARTBEAT {datanodeUUID=646ad8b2-e397-4e74-bda7-a2da429002a8, command=[]} | ret=SUCCESS |  
2019-09-19 04:33:22,528 | INFO  | SCMAudit | user=jenkins1000 | ip=192.168.34.50 | op=SEND_HEARTBEAT {datanodeUUID=cee6b86e-e629-45c9-9c42-7061c1d64ecd, command=[]} | ret=SUCCESS |  
2019-09-19 04:33:22,630 | INFO  | SCMAudit | user=jenkins1000 | ip=192.168.34.50 | op=SEND_HEARTBEAT {datanodeUUID=cacd8be3-3994-43a0-9248-dc2aa43e6f92, command=[]} | ret=SUCCESS |  
2019-09-19 04:33:22,634 | INFO  | SCMAudit | user=jenkins1000 | ip=192.168.34.50 | op=SEND_HEARTBEAT {datanodeUUID=fc0f8f3b-538d-481e-abe0-204925d4ee8f, command=[]} | ret=SUCCESS |  
2019-09-19 04:33:22,788 | INFO  | SCMAudit | user=jenkins1000 | ip=192.168.34.50 | op=SEND_HEARTBEAT {datanodeUUID=d267f1ee-b840-49aa-88d3-6d319dcb89fa, command=[]} | ret=SUCCESS |  
2019-09-19 04:33:23,036 | INFO  | SCMAudit | user=jenkins1000 | ip=192.168.34.50 | op=SEND_HEARTBEAT {datanodeUUID=646ad8b2-e397-4e74-bda7-a2da429002a8, command=[]} | ret=SUCCESS |  
2019-09-19 04:33:23,527 | INFO  | SCMAudit | user=jenkins1000 | ip=192.168.34.50 | op=SEND_HEARTBEAT {datanodeUUID=cee6b86e-e629-45c9-9c42-7061c1d64ecd, command=[]} | ret=SUCCESS |  
2019-09-19 04:33:23,630 | INFO  | SCMAudit | user=jenkins1000 | ip=192.168.34.50 | op=SEND_HEARTBEAT {datanodeUUID=cacd8be3-3994-43a0-9248-dc2aa43e6f92, command=[]} | ret=SUCCESS |  
2019-09-19 04:33:23,635 | INFO  | SCMAudit | user=jenkins1000 | ip=192.168.34.50 | op=SEND_HEARTBEAT {datanodeUUID=fc0f8f3b-538d-481e-abe0-204925d4ee8f, command=[]} | ret=SUCCESS |  
2019-09-19 04:33:23,789 | INFO  | SCMAudit | user=jenkins1000 | ip=192.168.34.50 | op=SEND_HEARTBEAT {datanodeUUID=d267f1ee-b840-49aa-88d3-6d319dcb89fa, command=[]} | ret=SUCCESS |  
2019-09-19 04:33:24,036 | INFO  | SCMAudit | user=jenkins1000 | ip=192.168.34.50 | op=SEND_HEARTBEAT {datanodeUUID=646ad8b2-e397-4e74-bda7-a2da429002a8, command=[]} | ret=SUCCESS |  
2019-09-19 04:33:24,194 [ForkJoinPool.commonPool-worker-0] INFO  ozoneimpl.OzoneContainer (OzoneContainer.java:stop(199)) - Attempting to stop container services.
2019-09-19 04:33:24,194 [main] INFO  ozoneimpl.OzoneContainer (OzoneContainer.java:stop(199)) - Attempting to stop container services.
2019-09-19 04:33:24,194 [ForkJoinPool.commonPool-worker-0] INFO  impl.RaftServerProxy (RaftServerProxy.java:lambda$close$4(314)) - d40cfe62-fc21-48bd-841c-37c3da2319ca: close
2019-09-19 04:33:24,195 [ForkJoinPool.commonPool-worker-0] INFO  impl.RaftServerImpl (RaftServerImpl.java:lambda$shutdown$3(245)) - d40cfe62-fc21-48bd-841c-37c3da2319ca: shutdown group-52CD28E9D88B
2019-09-19 04:33:24,195 [main] INFO  impl.RaftServerProxy (RaftServerProxy.java:lambda$close$4(314)) - bb21d486-410c-4d63-a3eb-a911625626cf: close
2019-09-19 04:33:24,195 [ForkJoinPool.commonPool-worker-0] INFO  util.JmxRegister (JmxRegister.java:unregister(73)) - Successfully un-registered JMX Bean with object name Ratis:service=RaftServer,group=group-52CD28E9D88B,id=d40cfe62-fc21-48bd-841c-37c3da2319ca
2019-09-19 04:33:24,195 [main] INFO  impl.RaftServerImpl (RaftServerImpl.java:lambda$shutdown$3(245)) - bb21d486-410c-4d63-a3eb-a911625626cf: shutdown group-27A2241642C0
2019-09-19 04:33:24,196 [ForkJoinPool.commonPool-worker-0] INFO  impl.RoleInfo (RoleInfo.java:shutdownFollowerState(121)) - d40cfe62-fc21-48bd-841c-37c3da2319ca: shutdown FollowerState
2019-09-19 04:33:24,196 [main] INFO  util.JmxRegister (JmxRegister.java:unregister(73)) - Successfully un-registered JMX Bean with object name Ratis:service=RaftServer,group=group-27A2241642C0,id=bb21d486-410c-4d63-a3eb-a911625626cf
2019-09-19 04:33:24,196 [Thread-860] INFO  impl.FollowerState (FollowerState.java:run(114)) - d40cfe62-fc21-48bd-841c-37c3da2319ca: FollowerState was interrupted: java.lang.InterruptedException: sleep interrupted
2019-09-19 04:33:24,196 [ForkJoinPool.commonPool-worker-0] INFO  impl.StateMachineUpdater (StateMachineUpdater.java:stopAndJoin(115)) - StateMachineUpdater:d40cfe62-fc21-48bd-841c-37c3da2319ca:group-52CD28E9D88B: set stopIndex = 8
2019-09-19 04:33:24,197 [StateMachineUpdater:d40cfe62-fc21-48bd-841c-37c3da2319ca:group-52CD28E9D88B] INFO  ratis.ContainerStateMachine (ContainerStateMachine.java:takeSnapshot(283)) - group-52CD28E9D88B: Taking a snapshot at:(t:1, i:6) file /workdir/hadoop-ozone/integration-test/target/test-dir/MiniOzoneClusterImpl-0025b056-fb6b-4693-853a-894456f5f8ea/datanode-1/data/ratis/83f9f975-e2ba-4e7f-ab30-52cd28e9d88b/sm/snapshot.1_6
2019-09-19 04:33:24,197 [main] INFO  impl.RoleInfo (RoleInfo.java:shutdownLeaderState(104)) - bb21d486-410c-4d63-a3eb-a911625626cf: shutdown LeaderState
2019-09-19 04:33:24,201 [main] INFO  impl.PendingRequests (PendingRequests.java:sendNotLeaderResponses(202)) - bb21d486-410c-4d63-a3eb-a911625626cf-PendingRequests: sendNotLeaderResponses
2019-09-19 04:33:24,202 [main] INFO  impl.StateMachineUpdater (StateMachineUpdater.java:stopAndJoin(115)) - StateMachineUpdater:bb21d486-410c-4d63-a3eb-a911625626cf:group-27A2241642C0: set stopIndex = 0
2019-09-19 04:33:24,202 [main] INFO  impl.RaftServerImpl (ServerState.java:close(394)) - bb21d486-410c-4d63-a3eb-a911625626cf:group-27A2241642C0 closes. The last applied log index is 0
2019-09-19 04:33:24,203 [bb21d486-410c-4d63-a3eb-a911625626cf-SegmentedRaftLogWorker:Storage Directory /workdir/hadoop-ozone/integration-test/target/test-dir/MiniOzoneClusterImpl-0025b056-fb6b-4693-853a-894456f5f8ea/datanode-4/data/ratis/0a5538de-9135-4af4-8e4f-27a2241642c0] INFO  segmented.SegmentedRaftLogWorker (SegmentedRaftLogWorker.java:run(313)) - bb21d486-410c-4d63-a3eb-a911625626cf-SegmentedRaftLogWorker:Storage Directory /workdir/hadoop-ozone/integration-test/target/test-dir/MiniOzoneClusterImpl-0025b056-fb6b-4693-853a-894456f5f8ea/datanode-4/data/ratis/0a5538de-9135-4af4-8e4f-27a2241642c0 was interrupted, exiting. There are 0 tasks remaining in the queue.
2019-09-19 04:33:24,217 [main] INFO  segmented.SegmentedRaftLogWorker (SegmentedRaftLogWorker.java:close(228)) - bb21d486-410c-4d63-a3eb-a911625626cf-SegmentedRaftLogWorker:Storage Directory /workdir/hadoop-ozone/integration-test/target/test-dir/MiniOzoneClusterImpl-0025b056-fb6b-4693-853a-894456f5f8ea/datanode-4/data/ratis/0a5538de-9135-4af4-8e4f-27a2241642c0 close()
2019-09-19 04:33:24,222 [main] INFO  impl.RaftServerImpl (RaftServerImpl.java:lambda$shutdown$3(245)) - bb21d486-410c-4d63-a3eb-a911625626cf: shutdown group-793098847AA3
2019-09-19 04:33:24,223 [main] INFO  util.JmxRegister (JmxRegister.java:unregister(73)) - Successfully un-registered JMX Bean with object name Ratis:service=RaftServer,group=group-793098847AA3,id=bb21d486-410c-4d63-a3eb-a911625626cf
2019-09-19 04:33:24,223 [main] INFO  impl.RoleInfo (RoleInfo.java:shutdownFollowerState(121)) - bb21d486-410c-4d63-a3eb-a911625626cf: shutdown FollowerState
2019-09-19 04:33:24,224 [main] INFO  impl.StateMachineUpdater (StateMachineUpdater.java:stopAndJoin(115)) - StateMachineUpdater:bb21d486-410c-4d63-a3eb-a911625626cf:group-793098847AA3: set stopIndex = 0
2019-09-19 04:33:24,224 [Thread-921] INFO  impl.FollowerState (FollowerState.java:run(114)) - bb21d486-410c-4d63-a3eb-a911625626cf: FollowerState was interrupted: java.lang.InterruptedException: sleep interrupted
2019-09-19 04:33:24,224 [main] INFO  impl.RaftServerImpl (ServerState.java:close(394)) - bb21d486-410c-4d63-a3eb-a911625626cf:group-793098847AA3 closes. The last applied log index is 0
2019-09-19 04:33:24,227 [bb21d486-410c-4d63-a3eb-a911625626cf-SegmentedRaftLogWorker:Storage Directory /workdir/hadoop-ozone/integration-test/target/test-dir/MiniOzoneClusterImpl-0025b056-fb6b-4693-853a-894456f5f8ea/datanode-4/data/ratis/0173be8d-8c41-43f2-89c1-793098847aa3] INFO  segmented.SegmentedRaftLogWorker (SegmentedRaftLogWorker.java:run(313)) - bb21d486-410c-4d63-a3eb-a911625626cf-SegmentedRaftLogWorker:Storage Directory /workdir/hadoop-ozone/integration-test/target/test-dir/MiniOzoneClusterImpl-0025b056-fb6b-4693-853a-894456f5f8ea/datanode-4/data/ratis/0173be8d-8c41-43f2-89c1-793098847aa3 was interrupted, exiting. There are 0 tasks remaining in the queue.
2019-09-19 04:33:24,229 [main] INFO  segmented.SegmentedRaftLogWorker (SegmentedRaftLogWorker.java:close(228)) - bb21d486-410c-4d63-a3eb-a911625626cf-SegmentedRaftLogWorker:Storage Directory /workdir/hadoop-ozone/integration-test/target/test-dir/MiniOzoneClusterImpl-0025b056-fb6b-4693-853a-894456f5f8ea/datanode-4/data/ratis/0173be8d-8c41-43f2-89c1-793098847aa3 close()
2019-09-19 04:33:24,234 [main] INFO  server.GrpcService (GrpcService.java:closeImpl(155)) - bb21d486-410c-4d63-a3eb-a911625626cf: shutdown server with port 33211 now
2019-09-19 04:33:24,239 [StateMachineUpdater:d40cfe62-fc21-48bd-841c-37c3da2319ca:group-52CD28E9D88B] INFO  ratis.ContainerStateMachine (ContainerStateMachine.java:takeSnapshot(294)) - group-52CD28E9D88B: Finished taking a snapshot at:(t:1, i:6) file:/workdir/hadoop-ozone/integration-test/target/test-dir/MiniOzoneClusterImpl-0025b056-fb6b-4693-853a-894456f5f8ea/datanode-1/data/ratis/83f9f975-e2ba-4e7f-ab30-52cd28e9d88b/sm/snapshot.1_6 time:43
2019-09-19 04:33:24,239 [grpc-default-executor-0] WARN  server.GrpcServerProtocolService (LogUtils.java:warn(134)) - bb21d486-410c-4d63-a3eb-a911625626cf: appendEntries onError: org.apache.ratis.thirdparty.io.grpc.StatusRuntimeException: CANCELLED: cancelled before receiving half close
2019-09-19 04:33:24,239 [main] INFO  server.GrpcService (GrpcService.java:closeImpl(163)) - bb21d486-410c-4d63-a3eb-a911625626cf: shutdown server with port 33211 successfully
2019-09-19 04:33:24,239 [StateMachineUpdater:d40cfe62-fc21-48bd-841c-37c3da2319ca:group-52CD28E9D88B] INFO  impl.StateMachineUpdater (StateMachineUpdater.java:takeSnapshot(242)) - StateMachineUpdater:d40cfe62-fc21-48bd-841c-37c3da2319ca:group-52CD28E9D88B: Took a snapshot at index 6
2019-09-19 04:33:24,240 [grpc-default-executor-7] WARN  server.GrpcLogAppender (LogUtils.java:warn(134)) - 646ad8b2-e397-4e74-bda7-a2da429002a8->bb21d486-410c-4d63-a3eb-a911625626cf: Failed appendEntries: org.apache.ratis.thirdparty.io.grpc.StatusRuntimeException: CANCELLED: HTTP/2 error code: CANCEL
Received Rst Stream
2019-09-19 04:33:24,240 [StateMachineUpdater:d40cfe62-fc21-48bd-841c-37c3da2319ca:group-52CD28E9D88B] INFO  impl.StateMachineUpdater (StateMachineUpdater.java:lambda$new$0(80)) - StateMachineUpdater:d40cfe62-fc21-48bd-841c-37c3da2319ca:group-52CD28E9D88B: snapshotIndex: updateIncreasingly -1 -> 6
2019-09-19 04:33:24,243 [grpc-default-executor-7] INFO  impl.FollowerInfo (FollowerInfo.java:lambda$new$0(50)) - 646ad8b2-e397-4e74-bda7-a2da429002a8->bb21d486-410c-4d63-a3eb-a911625626cf: nextIndex: updateUnconditionally 1 -> 0
2019-09-19 04:33:24,243 [ForkJoinPool.commonPool-worker-0] INFO  impl.RaftServerImpl (ServerState.java:close(394)) - d40cfe62-fc21-48bd-841c-37c3da2319ca:group-52CD28E9D88B closes. The last applied log index is 8
2019-09-19 04:33:24,244 [d40cfe62-fc21-48bd-841c-37c3da2319ca-SegmentedRaftLogWorker:Storage Directory /workdir/hadoop-ozone/integration-test/target/test-dir/MiniOzoneClusterImpl-0025b056-fb6b-4693-853a-894456f5f8ea/datanode-1/data/ratis/83f9f975-e2ba-4e7f-ab30-52cd28e9d88b] INFO  segmented.SegmentedRaftLogWorker (SegmentedRaftLogWorker.java:run(313)) - d40cfe62-fc21-48bd-841c-37c3da2319ca-SegmentedRaftLogWorker:Storage Directory /workdir/hadoop-ozone/integration-test/target/test-dir/MiniOzoneClusterImpl-0025b056-fb6b-4693-853a-894456f5f8ea/datanode-1/data/ratis/83f9f975-e2ba-4e7f-ab30-52cd28e9d88b was interrupted, exiting. There are 0 tasks remaining in the queue.
2019-09-19 04:33:24,246 [ForkJoinPool.commonPool-worker-0] INFO  segmented.SegmentedRaftLogWorker (SegmentedRaftLogWorker.java:close(228)) - d40cfe62-fc21-48bd-841c-37c3da2319ca-SegmentedRaftLogWorker:Storage Directory /workdir/hadoop-ozone/integration-test/target/test-dir/MiniOzoneClusterImpl-0025b056-fb6b-4693-853a-894456f5f8ea/datanode-1/data/ratis/83f9f975-e2ba-4e7f-ab30-52cd28e9d88b close()
2019-09-19 04:33:24,251 [ForkJoinPool.commonPool-worker-0] INFO  impl.RaftServerImpl (RaftServerImpl.java:lambda$shutdown$3(245)) - d40cfe62-fc21-48bd-841c-37c3da2319ca: shutdown group-B0771FAE3D6F
2019-09-19 04:33:24,251 [ForkJoinPool.commonPool-worker-0] INFO  util.JmxRegister (JmxRegister.java:unregister(73)) - Successfully un-registered JMX Bean with object name Ratis:service=RaftServer,group=group-B0771FAE3D6F,id=d40cfe62-fc21-48bd-841c-37c3da2319ca
2019-09-19 04:33:24,251 [ForkJoinPool.commonPool-worker-0] INFO  impl.RoleInfo (RoleInfo.java:shutdownLeaderState(104)) - d40cfe62-fc21-48bd-841c-37c3da2319ca: shutdown LeaderState
2019-09-19 04:33:24,252 [main] INFO  utils.BackgroundService (BackgroundService.java:shutdown(148)) - Shutting down service BlockDeletingService
2019-09-19 04:33:24,252 [ForkJoinPool.commonPool-worker-0] INFO  impl.PendingRequests (PendingRequests.java:sendNotLeaderResponses(202)) - d40cfe62-fc21-48bd-841c-37c3da2319ca-PendingRequests: sendNotLeaderResponses
2019-09-19 04:33:24,253 [ForkJoinPool.commonPool-worker-0] INFO  impl.StateMachineUpdater (StateMachineUpdater.java:stopAndJoin(115)) - StateMachineUpdater:d40cfe62-fc21-48bd-841c-37c3da2319ca:group-B0771FAE3D6F: set stopIndex = 0
2019-09-19 04:33:24,253 [ForkJoinPool.commonPool-worker-0] INFO  impl.RaftServerImpl (ServerState.java:close(394)) - d40cfe62-fc21-48bd-841c-37c3da2319ca:group-B0771FAE3D6F closes. The last applied log index is 0
2019-09-19 04:33:24,254 [d40cfe62-fc21-48bd-841c-37c3da2319ca-SegmentedRaftLogWorker:Storage Directory /workdir/hadoop-ozone/integration-test/target/test-dir/MiniOzoneClusterImpl-0025b056-fb6b-4693-853a-894456f5f8ea/datanode-1/data/ratis/2acb5912-985a-43d1-af3c-b0771fae3d6f] INFO  segmented.SegmentedRaftLogWorker (SegmentedRaftLogWorker.java:run(313)) - d40cfe62-fc21-48bd-841c-37c3da2319ca-SegmentedRaftLogWorker:Storage Directory /workdir/hadoop-ozone/integration-test/target/test-dir/MiniOzoneClusterImpl-0025b056-fb6b-4693-853a-894456f5f8ea/datanode-1/data/ratis/2acb5912-985a-43d1-af3c-b0771fae3d6f was interrupted, exiting. There are 0 tasks remaining in the queue.
2019-09-19 04:33:24,257 [ForkJoinPool.commonPool-worker-0] INFO  segmented.SegmentedRaftLogWorker (SegmentedRaftLogWorker.java:close(228)) - d40cfe62-fc21-48bd-841c-37c3da2319ca-SegmentedRaftLogWorker:Storage Directory /workdir/hadoop-ozone/integration-test/target/test-dir/MiniOzoneClusterImpl-0025b056-fb6b-4693-853a-894456f5f8ea/datanode-1/data/ratis/2acb5912-985a-43d1-af3c-b0771fae3d6f close()
2019-09-19 04:33:24,273 [refreshUsed-/workdir/hadoop-ozone/integration-test/target/test-dir/MiniOzoneClusterImpl-0025b056-fb6b-4693-853a-894456f5f8ea/datanode-4/data/containers] WARN  fs.CachingGetSpaceUsed (CachingGetSpaceUsed.java:run(183)) - Thread Interrupted waiting to refresh disk information: sleep interrupted
2019-09-19 04:33:24,273 [ForkJoinPool.commonPool-worker-0] INFO  server.GrpcService (GrpcService.java:closeImpl(155)) - d40cfe62-fc21-48bd-841c-37c3da2319ca: shutdown server with port 35283 now
2019-09-19 04:33:24,274 [grpc-default-executor-5] WARN  server.GrpcServerProtocolService (LogUtils.java:warn(134)) - d40cfe62-fc21-48bd-841c-37c3da2319ca: appendEntries onError: org.apache.ratis.thirdparty.io.grpc.StatusRuntimeException: CANCELLED: cancelled before receiving half close
2019-09-19 04:33:24,275 [ForkJoinPool.commonPool-worker-0] INFO  server.GrpcService (GrpcService.java:closeImpl(163)) - d40cfe62-fc21-48bd-841c-37c3da2319ca: shutdown server with port 35283 successfully
2019-09-19 04:33:24,275 [grpc-default-executor-5] WARN  server.GrpcLogAppender (LogUtils.java:warn(134)) - fc0f8f3b-538d-481e-abe0-204925d4ee8f->d40cfe62-fc21-48bd-841c-37c3da2319ca: Failed appendEntries: org.apache.ratis.thirdparty.io.grpc.StatusRuntimeException: CANCELLED: HTTP/2 error code: CANCEL
Received Rst Stream
2019-09-19 04:33:24,278 [grpc-default-executor-5] INFO  impl.FollowerInfo (FollowerInfo.java:lambda$new$0(50)) - fc0f8f3b-538d-481e-abe0-204925d4ee8f->d40cfe62-fc21-48bd-841c-37c3da2319ca: nextIndex: updateUnconditionally 9 -> 8
2019-09-19 04:33:24,279 [ForkJoinPool.commonPool-worker-0] INFO  utils.BackgroundService (BackgroundService.java:shutdown(148)) - Shutting down service BlockDeletingService
2019-09-19 04:33:24,285 [refreshUsed-/workdir/hadoop-ozone/integration-test/target/test-dir/MiniOzoneClusterImpl-0025b056-fb6b-4693-853a-894456f5f8ea/datanode-1/data/containers] WARN  fs.CachingGetSpaceUsed (CachingGetSpaceUsed.java:run(183)) - Thread Interrupted waiting to refresh disk information: sleep interrupted
2019-09-19 04:33:24,310 [ForkJoinPool.commonPool-worker-0] INFO  statemachine.DatanodeStateMachine (DatanodeStateMachine.java:stopDaemon(401)) - Ozone container server stopped.
2019-09-19 04:33:24,310 [main] INFO  statemachine.DatanodeStateMachine (DatanodeStateMachine.java:stopDaemon(401)) - Ozone container server stopped.
2019-09-19 04:33:24,316 [ForkJoinPool.commonPool-worker-0] INFO  handler.ContextHandler (ContextHandler.java:doStop(910)) - Stopped o.e.j.w.WebAppContext@61554b6b{/,null,UNAVAILABLE}{/hddsDatanode}
2019-09-19 04:33:24,316 [main] INFO  handler.ContextHandler (ContextHandler.java:doStop(910)) - Stopped o.e.j.w.WebAppContext@422ba9b7{/,null,UNAVAILABLE}{/hddsDatanode}
2019-09-19 04:33:24,317 [ForkJoinPool.commonPool-worker-0] INFO  server.AbstractConnector (AbstractConnector.java:doStop(318)) - Stopped ServerConnector@761f234c{HTTP/1.1,[http/1.1]}{0.0.0.0:0}
2019-09-19 04:33:24,319 [ForkJoinPool.commonPool-worker-0] INFO  handler.ContextHandler (ContextHandler.java:doStop(910)) - Stopped o.e.j.s.ServletContextHandler@47f0f414{/static,jar:file:/home/user/.m2/repository/org/apache/hadoop/hadoop-hdds-container-service/0.5.0-SNAPSHOT/hadoop-hdds-container-service-0.5.0-SNAPSHOT.jar!/webapps/static,UNAVAILABLE}
2019-09-19 04:33:24,319 [main] INFO  server.AbstractConnector (AbstractConnector.java:doStop(318)) - Stopped ServerConnector@26cdd4af{HTTP/1.1,[http/1.1]}{0.0.0.0:0}
2019-09-19 04:33:24,320 [ForkJoinPool.commonPool-worker-0] INFO  handler.ContextHandler (ContextHandler.java:doStop(910)) - Stopped o.e.j.s.ServletContextHandler@401ec794{/logs,file:///workdir/hadoop-ozone/integration-test/target/log,UNAVAILABLE}
2019-09-19 04:33:24,321 [main] INFO  handler.ContextHandler (ContextHandler.java:doStop(910)) - Stopped o.e.j.s.ServletContextHandler@294c44b7{/static,jar:file:/home/user/.m2/repository/org/apache/hadoop/hadoop-hdds-container-service/0.5.0-SNAPSHOT/hadoop-hdds-container-service-0.5.0-SNAPSHOT.jar!/webapps/static,UNAVAILABLE}
2019-09-19 04:33:24,321 [main] INFO  handler.ContextHandler (ContextHandler.java:doStop(910)) - Stopped o.e.j.s.ServletContextHandler@1ae9d0e4{/logs,file:///workdir/hadoop-ozone/integration-test/target/log,UNAVAILABLE}
2019-09-19 04:33:24,321 [ForkJoinPool.commonPool-worker-0] INFO  datanode.ObjectStoreHandler (ObjectStoreHandler.java:close(155)) - Closing ObjectStoreHandler.
2019-09-19 04:33:24,322 [ForkJoinPool.commonPool-worker-0] INFO  ozone.HddsDatanodeService (HddsDatanodeService.java:stop(451)) - Stopped plug-in org.apache.hadoop.ozone.web.OzoneHddsDatanodeService@16029e2f
2019-09-19 04:33:24,322 [main] INFO  datanode.ObjectStoreHandler (ObjectStoreHandler.java:close(155)) - Closing ObjectStoreHandler.
2019-09-19 04:33:24,323 [main] INFO  ozone.HddsDatanodeService (HddsDatanodeService.java:stop(451)) - Stopped plug-in org.apache.hadoop.ozone.web.OzoneHddsDatanodeService@5b6cc344
2019-09-19 04:33:24,436 [grpc-default-executor-5] WARN  server.GrpcLogAppender (LogUtils.java:warn(134)) - fc0f8f3b-538d-481e-abe0-204925d4ee8f->d40cfe62-fc21-48bd-841c-37c3da2319ca: Failed appendEntries: org.apache.ratis.thirdparty.io.grpc.StatusRuntimeException: UNAVAILABLE: io exception
2019-09-19 04:33:24,439 [grpc-default-executor-5] INFO  impl.FollowerInfo (FollowerInfo.java:lambda$new$0(50)) - fc0f8f3b-538d-481e-abe0-204925d4ee8f->d40cfe62-fc21-48bd-841c-37c3da2319ca: nextIndex: updateUnconditionally 8 -> 7
2019-09-19 04:33:24,527 | INFO  | SCMAudit | user=jenkins1000 | ip=192.168.34.50 | op=SEND_HEARTBEAT {datanodeUUID=cee6b86e-e629-45c9-9c42-7061c1d64ecd, command=[]} | ret=SUCCESS |  
2019-09-19 04:33:24,617 [grpc-default-executor-0] WARN  server.GrpcLogAppender (LogUtils.java:warn(134)) - 646ad8b2-e397-4e74-bda7-a2da429002a8->bb21d486-410c-4d63-a3eb-a911625626cf: Failed appendEntries: org.apache.ratis.thirdparty.io.grpc.StatusRuntimeException: UNAVAILABLE: io exception
2019-09-19 04:33:24,620 [grpc-default-executor-0] INFO  impl.FollowerInfo (FollowerInfo.java:lambda$new$0(50)) - 646ad8b2-e397-4e74-bda7-a2da429002a8->bb21d486-410c-4d63-a3eb-a911625626cf: nextIndex: updateUnconditionally 0 -> 0
2019-09-19 04:33:24,630 [Datanode State Machine Thread - 0] INFO  statemachine.DatanodeStateMachine (DatanodeStateMachine.java:lambda$startDaemon$0(356)) - Ozone container server started.
2019-09-19 04:33:24,635 | INFO  | SCMAudit | user=jenkins1000 | ip=192.168.34.50 | op=SEND_HEARTBEAT {datanodeUUID=fc0f8f3b-538d-481e-abe0-204925d4ee8f, command=[]} | ret=SUCCESS |  
2019-09-19 04:33:24,788 | INFO  | SCMAudit | user=jenkins1000 | ip=192.168.34.50 | op=SEND_HEARTBEAT {datanodeUUID=d267f1ee-b840-49aa-88d3-6d319dcb89fa, command=[]} | ret=SUCCESS |  
2019-09-19 04:33:25,036 [Datanode State Machine Thread - 0] INFO  statemachine.DatanodeStateMachine (DatanodeStateMachine.java:lambda$startDaemon$0(356)) - Ozone container server started.
2019-09-19 04:33:25,528 | INFO  | SCMAudit | user=jenkins1000 | ip=192.168.34.50 | op=SEND_HEARTBEAT {datanodeUUID=cee6b86e-e629-45c9-9c42-7061c1d64ecd, command=[]} | ret=SUCCESS |  
2019-09-19 04:33:25,635 | INFO  | SCMAudit | user=jenkins1000 | ip=192.168.34.50 | op=SEND_HEARTBEAT {datanodeUUID=fc0f8f3b-538d-481e-abe0-204925d4ee8f, command=[]} | ret=SUCCESS |  
2019-09-19 04:33:25,788 | INFO  | SCMAudit | user=jenkins1000 | ip=192.168.34.50 | op=SEND_HEARTBEAT {datanodeUUID=d267f1ee-b840-49aa-88d3-6d319dcb89fa, command=[]} | ret=SUCCESS |  
2019-09-19 04:33:26,528 | INFO  | SCMAudit | user=jenkins1000 | ip=192.168.34.50 | op=SEND_HEARTBEAT {datanodeUUID=cee6b86e-e629-45c9-9c42-7061c1d64ecd, command=[]} | ret=SUCCESS |  
2019-09-19 04:33:26,635 | INFO  | SCMAudit | user=jenkins1000 | ip=192.168.34.50 | op=SEND_HEARTBEAT {datanodeUUID=fc0f8f3b-538d-481e-abe0-204925d4ee8f, command=[]} | ret=SUCCESS |  
2019-09-19 04:33:26,789 | INFO  | SCMAudit | user=jenkins1000 | ip=192.168.34.50 | op=SEND_HEARTBEAT {datanodeUUID=d267f1ee-b840-49aa-88d3-6d319dcb89fa, command=[]} | ret=SUCCESS |  
2019-09-19 04:33:26,938 [grpc-default-executor-7] WARN  server.GrpcLogAppender (LogUtils.java:warn(134)) - fc0f8f3b-538d-481e-abe0-204925d4ee8f->d40cfe62-fc21-48bd-841c-37c3da2319ca: Failed appendEntries: org.apache.ratis.thirdparty.io.grpc.StatusRuntimeException: UNAVAILABLE: io exception
2019-09-19 04:33:26,941 [grpc-default-executor-7] INFO  impl.FollowerInfo (FollowerInfo.java:lambda$new$0(50)) - fc0f8f3b-538d-481e-abe0-204925d4ee8f->d40cfe62-fc21-48bd-841c-37c3da2319ca: nextIndex: updateUnconditionally 7 -> 6
2019-09-19 04:33:27,118 [grpc-default-executor-5] WARN  server.GrpcLogAppender (LogUtils.java:warn(134)) - 646ad8b2-e397-4e74-bda7-a2da429002a8->bb21d486-410c-4d63-a3eb-a911625626cf: Failed appendEntries: org.apache.ratis.thirdparty.io.grpc.StatusRuntimeException: UNAVAILABLE: io exception
2019-09-19 04:33:27,121 [grpc-default-executor-5] INFO  impl.FollowerInfo (FollowerInfo.java:lambda$new$0(50)) - 646ad8b2-e397-4e74-bda7-a2da429002a8->bb21d486-410c-4d63-a3eb-a911625626cf: nextIndex: updateUnconditionally 0 -> 0
2019-09-19 04:33:27,528 | INFO  | SCMAudit | user=jenkins1000 | ip=192.168.34.50 | op=SEND_HEARTBEAT {datanodeUUID=cee6b86e-e629-45c9-9c42-7061c1d64ecd, command=[]} | ret=SUCCESS |  
2019-09-19 04:33:27,636 | INFO  | SCMAudit | user=jenkins1000 | ip=192.168.34.50 | op=SEND_HEARTBEAT {datanodeUUID=fc0f8f3b-538d-481e-abe0-204925d4ee8f, command=[]} | ret=SUCCESS |  
2019-09-19 04:33:27,789 | INFO  | SCMAudit | user=jenkins1000 | ip=192.168.34.50 | op=SEND_HEARTBEAT {datanodeUUID=d267f1ee-b840-49aa-88d3-6d319dcb89fa, command=[]} | ret=SUCCESS |  
2019-09-19 04:33:28,529 | INFO  | SCMAudit | user=jenkins1000 | ip=192.168.34.50 | op=SEND_HEARTBEAT {datanodeUUID=cee6b86e-e629-45c9-9c42-7061c1d64ecd, command=[]} | ret=SUCCESS |  
2019-09-19 04:33:28,636 | INFO  | SCMAudit | user=jenkins1000 | ip=192.168.34.50 | op=SEND_HEARTBEAT {datanodeUUID=fc0f8f3b-538d-481e-abe0-204925d4ee8f, command=[]} | ret=SUCCESS |  
2019-09-19 04:33:28,789 | INFO  | SCMAudit | user=jenkins1000 | ip=192.168.34.50 | op=SEND_HEARTBEAT {datanodeUUID=d267f1ee-b840-49aa-88d3-6d319dcb89fa, command=[]} | ret=SUCCESS |  
2019-09-19 04:33:29,323 [ForkJoinPool.commonPool-worker-0] INFO  ozoneimpl.OzoneContainer (OzoneContainer.java:stop(199)) - Attempting to stop container services.
2019-09-19 04:33:29,323 [ForkJoinPool.commonPool-worker-0] INFO  impl.RaftServerProxy (RaftServerProxy.java:lambda$close$4(314)) - cacd8be3-3994-43a0-9248-dc2aa43e6f92: close
2019-09-19 04:33:29,323 [main] INFO  ozoneimpl.OzoneContainer (OzoneContainer.java:stop(199)) - Attempting to stop container services.
2019-09-19 04:33:29,323 [ForkJoinPool.commonPool-worker-0] INFO  impl.RaftServerImpl (RaftServerImpl.java:lambda$shutdown$3(245)) - cacd8be3-3994-43a0-9248-dc2aa43e6f92: shutdown group-AB06C0794217
2019-09-19 04:33:29,324 [main] INFO  impl.RaftServerProxy (RaftServerProxy.java:lambda$close$4(314)) - 646ad8b2-e397-4e74-bda7-a2da429002a8: close
2019-09-19 04:33:29,324 [ForkJoinPool.commonPool-worker-0] INFO  util.JmxRegister (JmxRegister.java:unregister(73)) - Successfully un-registered JMX Bean with object name Ratis:service=RaftServer,group=group-AB06C0794217,id=cacd8be3-3994-43a0-9248-dc2aa43e6f92
2019-09-19 04:33:29,325 [main] INFO  impl.RaftServerImpl (RaftServerImpl.java:lambda$shutdown$3(245)) - 646ad8b2-e397-4e74-bda7-a2da429002a8: shutdown group-76DBB8C33422
2019-09-19 04:33:29,325 [ForkJoinPool.commonPool-worker-0] INFO  impl.RoleInfo (RoleInfo.java:shutdownLeaderState(104)) - cacd8be3-3994-43a0-9248-dc2aa43e6f92: shutdown LeaderState
2019-09-19 04:33:29,326 [main] INFO  util.JmxRegister (JmxRegister.java:unregister(73)) - Successfully un-registered JMX Bean with object name Ratis:service=RaftServer,group=group-76DBB8C33422,id=646ad8b2-e397-4e74-bda7-a2da429002a8
2019-09-19 04:33:29,326 [ForkJoinPool.commonPool-worker-0] INFO  impl.PendingRequests (PendingRequests.java:sendNotLeaderResponses(202)) - cacd8be3-3994-43a0-9248-dc2aa43e6f92-PendingRequests: sendNotLeaderResponses
2019-09-19 04:33:29,326 [main] INFO  impl.RoleInfo (RoleInfo.java:shutdownLeaderState(104)) - 646ad8b2-e397-4e74-bda7-a2da429002a8: shutdown LeaderState
2019-09-19 04:33:29,327 [ForkJoinPool.commonPool-worker-0] INFO  impl.StateMachineUpdater (StateMachineUpdater.java:stopAndJoin(115)) - StateMachineUpdater:cacd8be3-3994-43a0-9248-dc2aa43e6f92:group-AB06C0794217: set stopIndex = 0
2019-09-19 04:33:29,327 [main] INFO  impl.PendingRequests (PendingRequests.java:sendNotLeaderResponses(202)) - 646ad8b2-e397-4e74-bda7-a2da429002a8-PendingRequests: sendNotLeaderResponses
2019-09-19 04:33:29,327 [ForkJoinPool.commonPool-worker-0] INFO  impl.RaftServerImpl (ServerState.java:close(394)) - cacd8be3-3994-43a0-9248-dc2aa43e6f92:group-AB06C0794217 closes. The last applied log index is 0
2019-09-19 04:33:29,328 [main] INFO  impl.StateMachineUpdater (StateMachineUpdater.java:stopAndJoin(115)) - StateMachineUpdater:646ad8b2-e397-4e74-bda7-a2da429002a8:group-76DBB8C33422: set stopIndex = 0
2019-09-19 04:33:29,329 [main] INFO  impl.RaftServerImpl (ServerState.java:close(394)) - 646ad8b2-e397-4e74-bda7-a2da429002a8:group-76DBB8C33422 closes. The last applied log index is 0
2019-09-19 04:33:29,328 [cacd8be3-3994-43a0-9248-dc2aa43e6f92-SegmentedRaftLogWorker:Storage Directory /workdir/hadoop-ozone/integration-test/target/test-dir/MiniOzoneClusterImpl-0025b056-fb6b-4693-853a-894456f5f8ea/datanode-2/data/ratis/5f421397-b236-4d03-a768-ab06c0794217] INFO  segmented.SegmentedRaftLogWorker (SegmentedRaftLogWorker.java:run(313)) - cacd8be3-3994-43a0-9248-dc2aa43e6f92-SegmentedRaftLogWorker:Storage Directory /workdir/hadoop-ozone/integration-test/target/test-dir/MiniOzoneClusterImpl-0025b056-fb6b-4693-853a-894456f5f8ea/datanode-2/data/ratis/5f421397-b236-4d03-a768-ab06c0794217 was interrupted, exiting. There are 0 tasks remaining in the queue.
2019-09-19 04:33:29,333 [646ad8b2-e397-4e74-bda7-a2da429002a8-SegmentedRaftLogWorker:Storage Directory /workdir/hadoop-ozone/integration-test/target/test-dir/MiniOzoneClusterImpl-0025b056-fb6b-4693-853a-894456f5f8ea/datanode-3/data/ratis/c61ac05b-325b-4819-affd-76dbb8c33422] INFO  segmented.SegmentedRaftLogWorker (SegmentedRaftLogWorker.java:run(313)) - 646ad8b2-e397-4e74-bda7-a2da429002a8-SegmentedRaftLogWorker:Storage Directory /workdir/hadoop-ozone/integration-test/target/test-dir/MiniOzoneClusterImpl-0025b056-fb6b-4693-853a-894456f5f8ea/datanode-3/data/ratis/c61ac05b-325b-4819-affd-76dbb8c33422 was interrupted, exiting. There are 0 tasks remaining in the queue.
2019-09-19 04:33:29,333 [ForkJoinPool.commonPool-worker-0] INFO  segmented.SegmentedRaftLogWorker (SegmentedRaftLogWorker.java:close(228)) - cacd8be3-3994-43a0-9248-dc2aa43e6f92-SegmentedRaftLogWorker:Storage Directory /workdir/hadoop-ozone/integration-test/target/test-dir/MiniOzoneClusterImpl-0025b056-fb6b-4693-853a-894456f5f8ea/datanode-2/data/ratis/5f421397-b236-4d03-a768-ab06c0794217 close()
2019-09-19 04:33:29,335 [main] INFO  segmented.SegmentedRaftLogWorker (SegmentedRaftLogWorker.java:close(228)) - 646ad8b2-e397-4e74-bda7-a2da429002a8-SegmentedRaftLogWorker:Storage Directory /workdir/hadoop-ozone/integration-test/target/test-dir/MiniOzoneClusterImpl-0025b056-fb6b-4693-853a-894456f5f8ea/datanode-3/data/ratis/c61ac05b-325b-4819-affd-76dbb8c33422 close()
2019-09-19 04:33:29,337 [ForkJoinPool.commonPool-worker-0] INFO  impl.RaftServerImpl (RaftServerImpl.java:lambda$shutdown$3(245)) - cacd8be3-3994-43a0-9248-dc2aa43e6f92: shutdown group-52CD28E9D88B
2019-09-19 04:33:29,339 [main] INFO  impl.RaftServerImpl (RaftServerImpl.java:lambda$shutdown$3(245)) - 646ad8b2-e397-4e74-bda7-a2da429002a8: shutdown group-793098847AA3
2019-09-19 04:33:29,340 [ForkJoinPool.commonPool-worker-0] INFO  util.JmxRegister (JmxRegister.java:unregister(73)) - Successfully un-registered JMX Bean with object name Ratis:service=RaftServer,group=group-52CD28E9D88B,id=cacd8be3-3994-43a0-9248-dc2aa43e6f92
2019-09-19 04:33:29,340 [main] INFO  util.JmxRegister (JmxRegister.java:unregister(73)) - Successfully un-registered JMX Bean with object name Ratis:service=RaftServer,group=group-793098847AA3,id=646ad8b2-e397-4e74-bda7-a2da429002a8
2019-09-19 04:33:29,340 [ForkJoinPool.commonPool-worker-0] INFO  impl.RoleInfo (RoleInfo.java:shutdownFollowerState(121)) - cacd8be3-3994-43a0-9248-dc2aa43e6f92: shutdown FollowerState
2019-09-19 04:33:29,341 [main] INFO  impl.RoleInfo (RoleInfo.java:shutdownLeaderState(104)) - 646ad8b2-e397-4e74-bda7-a2da429002a8: shutdown LeaderState
2019-09-19 04:33:29,342 [StateMachineUpdater:cacd8be3-3994-43a0-9248-dc2aa43e6f92:group-52CD28E9D88B] INFO  ratis.ContainerStateMachine (ContainerStateMachine.java:takeSnapshot(283)) - group-52CD28E9D88B: Taking a snapshot at:(t:1, i:6) file /workdir/hadoop-ozone/integration-test/target/test-dir/MiniOzoneClusterImpl-0025b056-fb6b-4693-853a-894456f5f8ea/datanode-2/data/ratis/83f9f975-e2ba-4e7f-ab30-52cd28e9d88b/sm/snapshot.1_6
2019-09-19 04:33:29,342 [Thread-861] INFO  impl.FollowerState (FollowerState.java:run(114)) - cacd8be3-3994-43a0-9248-dc2aa43e6f92: FollowerState was interrupted: java.lang.InterruptedException: sleep interrupted
2019-09-19 04:33:29,341 [ForkJoinPool.commonPool-worker-0] INFO  impl.StateMachineUpdater (StateMachineUpdater.java:stopAndJoin(115)) - StateMachineUpdater:cacd8be3-3994-43a0-9248-dc2aa43e6f92:group-52CD28E9D88B: set stopIndex = 8
2019-09-19 04:33:29,346 [org.apache.ratis.server.impl.LogAppender$AppenderDaemon$$Lambda$843/1840691417@24f43e16] WARN  server.GrpcLogAppender (GrpcLogAppender.java:mayWait(143)) - GrpcLogAppender(646ad8b2-e397-4e74-bda7-a2da429002a8->bb21d486-410c-4d63-a3eb-a911625626cf): Wait interrupted by java.lang.InterruptedException
2019-09-19 04:33:29,346 [org.apache.ratis.server.impl.LogAppender$AppenderDaemon$$Lambda$843/1840691417@61f6ac4c] WARN  server.GrpcLogAppender (GrpcLogAppender.java:mayWait(143)) - GrpcLogAppender(646ad8b2-e397-4e74-bda7-a2da429002a8->cee6b86e-e629-45c9-9c42-7061c1d64ecd): Wait interrupted by java.lang.InterruptedException
2019-09-19 04:33:29,346 [main] INFO  impl.PendingRequests (PendingRequests.java:sendNotLeaderResponses(202)) - 646ad8b2-e397-4e74-bda7-a2da429002a8-PendingRequests: sendNotLeaderResponses
2019-09-19 04:33:29,349 [grpc-default-executor-5] INFO  server.GrpcServerProtocolService (GrpcServerProtocolService.java:onCompleted(104)) - cee6b86e-e629-45c9-9c42-7061c1d64ecd: appendEntries completed
2019-09-19 04:33:29,349 [main] INFO  impl.StateMachineUpdater (StateMachineUpdater.java:stopAndJoin(115)) - StateMachineUpdater:646ad8b2-e397-4e74-bda7-a2da429002a8:group-793098847AA3: set stopIndex = 0
2019-09-19 04:33:29,350 [main] INFO  impl.RaftServerImpl (ServerState.java:close(394)) - 646ad8b2-e397-4e74-bda7-a2da429002a8:group-793098847AA3 closes. The last applied log index is 0
2019-09-19 04:33:29,350 [grpc-default-executor-5] INFO  server.GrpcLogAppender (GrpcLogAppender.java:onCompleted(292)) - 646ad8b2-e397-4e74-bda7-a2da429002a8->cee6b86e-e629-45c9-9c42-7061c1d64ecd: follower responses appendEntries COMPLETED
2019-09-19 04:33:29,350 [646ad8b2-e397-4e74-bda7-a2da429002a8-SegmentedRaftLogWorker:Storage Directory /workdir/hadoop-ozone/integration-test/target/test-dir/MiniOzoneClusterImpl-0025b056-fb6b-4693-853a-894456f5f8ea/datanode-3/data/ratis/0173be8d-8c41-43f2-89c1-793098847aa3] INFO  segmented.SegmentedRaftLogWorker (SegmentedRaftLogWorker.java:run(313)) - 646ad8b2-e397-4e74-bda7-a2da429002a8-SegmentedRaftLogWorker:Storage Directory /workdir/hadoop-ozone/integration-test/target/test-dir/MiniOzoneClusterImpl-0025b056-fb6b-4693-853a-894456f5f8ea/datanode-3/data/ratis/0173be8d-8c41-43f2-89c1-793098847aa3 was interrupted, exiting. There are 0 tasks remaining in the queue.
2019-09-19 04:33:29,353 [grpc-default-executor-5] INFO  impl.FollowerInfo (FollowerInfo.java:lambda$new$0(50)) - 646ad8b2-e397-4e74-bda7-a2da429002a8->cee6b86e-e629-45c9-9c42-7061c1d64ecd: nextIndex: updateUnconditionally 1 -> 0
2019-09-19 04:33:29,354 [main] INFO  segmented.SegmentedRaftLogWorker (SegmentedRaftLogWorker.java:close(228)) - 646ad8b2-e397-4e74-bda7-a2da429002a8-SegmentedRaftLogWorker:Storage Directory /workdir/hadoop-ozone/integration-test/target/test-dir/MiniOzoneClusterImpl-0025b056-fb6b-4693-853a-894456f5f8ea/datanode-3/data/ratis/0173be8d-8c41-43f2-89c1-793098847aa3 close()
2019-09-19 04:33:29,356 [main] INFO  server.GrpcService (GrpcService.java:closeImpl(155)) - 646ad8b2-e397-4e74-bda7-a2da429002a8: shutdown server with port 35451 now
2019-09-19 04:33:29,356 [main] INFO  server.GrpcService (GrpcService.java:closeImpl(163)) - 646ad8b2-e397-4e74-bda7-a2da429002a8: shutdown server with port 35451 successfully
2019-09-19 04:33:29,357 [main] INFO  utils.BackgroundService (BackgroundService.java:shutdown(148)) - Shutting down service BlockDeletingService
2019-09-19 04:33:29,360 [refreshUsed-/workdir/hadoop-ozone/integration-test/target/test-dir/MiniOzoneClusterImpl-0025b056-fb6b-4693-853a-894456f5f8ea/datanode-3/data/containers] WARN  fs.CachingGetSpaceUsed (CachingGetSpaceUsed.java:run(183)) - Thread Interrupted waiting to refresh disk information: sleep interrupted
2019-09-19 04:33:29,364 [StateMachineUpdater:cacd8be3-3994-43a0-9248-dc2aa43e6f92:group-52CD28E9D88B] INFO  ratis.ContainerStateMachine (ContainerStateMachine.java:takeSnapshot(294)) - group-52CD28E9D88B: Finished taking a snapshot at:(t:1, i:6) file:/workdir/hadoop-ozone/integration-test/target/test-dir/MiniOzoneClusterImpl-0025b056-fb6b-4693-853a-894456f5f8ea/datanode-2/data/ratis/83f9f975-e2ba-4e7f-ab30-52cd28e9d88b/sm/snapshot.1_6 time:22
2019-09-19 04:33:29,364 [StateMachineUpdater:cacd8be3-3994-43a0-9248-dc2aa43e6f92:group-52CD28E9D88B] INFO  impl.StateMachineUpdater (StateMachineUpdater.java:takeSnapshot(242)) - StateMachineUpdater:cacd8be3-3994-43a0-9248-dc2aa43e6f92:group-52CD28E9D88B: Took a snapshot at index 6
2019-09-19 04:33:29,364 [StateMachineUpdater:cacd8be3-3994-43a0-9248-dc2aa43e6f92:group-52CD28E9D88B] INFO  impl.StateMachineUpdater (StateMachineUpdater.java:lambda$new$0(80)) - StateMachineUpdater:cacd8be3-3994-43a0-9248-dc2aa43e6f92:group-52CD28E9D88B: snapshotIndex: updateIncreasingly -1 -> 6
2019-09-19 04:33:29,364 [ForkJoinPool.commonPool-worker-0] INFO  impl.RaftServerImpl (ServerState.java:close(394)) - cacd8be3-3994-43a0-9248-dc2aa43e6f92:group-52CD28E9D88B closes. The last applied log index is 8
2019-09-19 04:33:29,365 [cacd8be3-3994-43a0-9248-dc2aa43e6f92-SegmentedRaftLogWorker:Storage Directory /workdir/hadoop-ozone/integration-test/target/test-dir/MiniOzoneClusterImpl-0025b056-fb6b-4693-853a-894456f5f8ea/datanode-2/data/ratis/83f9f975-e2ba-4e7f-ab30-52cd28e9d88b] INFO  segmented.SegmentedRaftLogWorker (SegmentedRaftLogWorker.java:run(313)) - cacd8be3-3994-43a0-9248-dc2aa43e6f92-SegmentedRaftLogWorker:Storage Directory /workdir/hadoop-ozone/integration-test/target/test-dir/MiniOzoneClusterImpl-0025b056-fb6b-4693-853a-894456f5f8ea/datanode-2/data/ratis/83f9f975-e2ba-4e7f-ab30-52cd28e9d88b was interrupted, exiting. There are 0 tasks remaining in the queue.
2019-09-19 04:33:29,367 [ForkJoinPool.commonPool-worker-0] INFO  segmented.SegmentedRaftLogWorker (SegmentedRaftLogWorker.java:close(228)) - cacd8be3-3994-43a0-9248-dc2aa43e6f92-SegmentedRaftLogWorker:Storage Directory /workdir/hadoop-ozone/integration-test/target/test-dir/MiniOzoneClusterImpl-0025b056-fb6b-4693-853a-894456f5f8ea/datanode-2/data/ratis/83f9f975-e2ba-4e7f-ab30-52cd28e9d88b close()
2019-09-19 04:33:29,369 [ForkJoinPool.commonPool-worker-0] INFO  server.GrpcService (GrpcService.java:closeImpl(155)) - cacd8be3-3994-43a0-9248-dc2aa43e6f92: shutdown server with port 36186 now
2019-09-19 04:33:29,369 [grpc-default-executor-7] WARN  server.GrpcServerProtocolService (LogUtils.java:warn(134)) - cacd8be3-3994-43a0-9248-dc2aa43e6f92: appendEntries onError: org.apache.ratis.thirdparty.io.grpc.StatusRuntimeException: CANCELLED: cancelled before receiving half close
2019-09-19 04:33:29,370 [ForkJoinPool.commonPool-worker-0] INFO  server.GrpcService (GrpcService.java:closeImpl(163)) - cacd8be3-3994-43a0-9248-dc2aa43e6f92: shutdown server with port 36186 successfully
2019-09-19 04:33:29,370 [grpc-default-executor-7] WARN  server.GrpcLogAppender (LogUtils.java:warn(134)) - fc0f8f3b-538d-481e-abe0-204925d4ee8f->cacd8be3-3994-43a0-9248-dc2aa43e6f92: Failed appendEntries: org.apache.ratis.thirdparty.io.grpc.StatusRuntimeException: CANCELLED: HTTP/2 error code: CANCEL
Received Rst Stream
2019-09-19 04:33:29,370 [grpc-default-executor-5] WARN  client.GrpcClientProtocolService (LogUtils.java:warn(134)) - 37-OrderedRequestStreamObserver37: onError: org.apache.ratis.thirdparty.io.grpc.StatusRuntimeException: CANCELLED: cancelled before receiving half close
2019-09-19 04:33:29,372 [grpc-default-executor-7] INFO  impl.FollowerInfo (FollowerInfo.java:lambda$new$0(50)) - fc0f8f3b-538d-481e-abe0-204925d4ee8f->cacd8be3-3994-43a0-9248-dc2aa43e6f92: nextIndex: updateUnconditionally 9 -> 8
2019-09-19 04:33:29,374 [ForkJoinPool.commonPool-worker-0] INFO  utils.BackgroundService (BackgroundService.java:shutdown(148)) - Shutting down service BlockDeletingService
2019-09-19 04:33:29,378 [refreshUsed-/workdir/hadoop-ozone/integration-test/target/test-dir/MiniOzoneClusterImpl-0025b056-fb6b-4693-853a-894456f5f8ea/datanode-2/data/containers] WARN  fs.CachingGetSpaceUsed (CachingGetSpaceUsed.java:run(183)) - Thread Interrupted waiting to refresh disk information: sleep interrupted
2019-09-19 04:33:29,390 [main] INFO  statemachine.DatanodeStateMachine (DatanodeStateMachine.java:stopDaemon(401)) - Ozone container server stopped.
2019-09-19 04:33:29,391 [main] INFO  handler.ContextHandler (ContextHandler.java:doStop(910)) - Stopped o.e.j.w.WebAppContext@25b4754a{/,null,UNAVAILABLE}{/hddsDatanode}
2019-09-19 04:33:29,392 [main] INFO  server.AbstractConnector (AbstractConnector.java:doStop(318)) - Stopped ServerConnector@6ec3a4c2{HTTP/1.1,[http/1.1]}{0.0.0.0:0}
2019-09-19 04:33:29,393 [main] INFO  handler.ContextHandler (ContextHandler.java:doStop(910)) - Stopped o.e.j.s.ServletContextHandler@51508029{/static,jar:file:/home/user/.m2/repository/org/apache/hadoop/hadoop-hdds-container-service/0.5.0-SNAPSHOT/hadoop-hdds-container-service-0.5.0-SNAPSHOT.jar!/webapps/static,UNAVAILABLE}
2019-09-19 04:33:29,394 [main] INFO  handler.ContextHandler (ContextHandler.java:doStop(910)) - Stopped o.e.j.s.ServletContextHandler@3caa4d85{/logs,file:///workdir/hadoop-ozone/integration-test/target/log,UNAVAILABLE}
2019-09-19 04:33:29,395 [main] INFO  datanode.ObjectStoreHandler (ObjectStoreHandler.java:close(155)) - Closing ObjectStoreHandler.
2019-09-19 04:33:29,395 [main] INFO  ozone.HddsDatanodeService (HddsDatanodeService.java:stop(451)) - Stopped plug-in org.apache.hadoop.ozone.web.OzoneHddsDatanodeService@3164d5aa
2019-09-19 04:33:29,402 [ForkJoinPool.commonPool-worker-0] INFO  statemachine.DatanodeStateMachine (DatanodeStateMachine.java:stopDaemon(401)) - Ozone container server stopped.
2019-09-19 04:33:29,408 [ForkJoinPool.commonPool-worker-0] INFO  handler.ContextHandler (ContextHandler.java:doStop(910)) - Stopped o.e.j.w.WebAppContext@42401b81{/,null,UNAVAILABLE}{/hddsDatanode}
2019-09-19 04:33:29,409 [ForkJoinPool.commonPool-worker-0] INFO  server.AbstractConnector (AbstractConnector.java:doStop(318)) - Stopped ServerConnector@f1d1463{HTTP/1.1,[http/1.1]}{0.0.0.0:0}
2019-09-19 04:33:29,411 [ForkJoinPool.commonPool-worker-0] INFO  handler.ContextHandler (ContextHandler.java:doStop(910)) - Stopped o.e.j.s.ServletContextHandler@5a7a6d34{/static,jar:file:/home/user/.m2/repository/org/apache/hadoop/hadoop-hdds-container-service/0.5.0-SNAPSHOT/hadoop-hdds-container-service-0.5.0-SNAPSHOT.jar!/webapps/static,UNAVAILABLE}
2019-09-19 04:33:29,412 [ForkJoinPool.commonPool-worker-0] INFO  handler.ContextHandler (ContextHandler.java:doStop(910)) - Stopped o.e.j.s.ServletContextHandler@445058e8{/logs,file:///workdir/hadoop-ozone/integration-test/target/log,UNAVAILABLE}
2019-09-19 04:33:29,413 [ForkJoinPool.commonPool-worker-0] INFO  datanode.ObjectStoreHandler (ObjectStoreHandler.java:close(155)) - Closing ObjectStoreHandler.
2019-09-19 04:33:29,414 [ForkJoinPool.commonPool-worker-0] INFO  ozone.HddsDatanodeService (HddsDatanodeService.java:stop(451)) - Stopped plug-in org.apache.hadoop.ozone.web.OzoneHddsDatanodeService@318e3942
2019-09-19 04:33:29,448 [grpc-default-executor-0] WARN  server.GrpcLogAppender (LogUtils.java:warn(134)) - fc0f8f3b-538d-481e-abe0-204925d4ee8f->d40cfe62-fc21-48bd-841c-37c3da2319ca: Failed appendEntries: org.apache.ratis.thirdparty.io.grpc.StatusRuntimeException: UNAVAILABLE: io exception
2019-09-19 04:33:29,450 [grpc-default-executor-0] INFO  impl.FollowerInfo (FollowerInfo.java:lambda$new$0(50)) - fc0f8f3b-538d-481e-abe0-204925d4ee8f->d40cfe62-fc21-48bd-841c-37c3da2319ca: nextIndex: updateUnconditionally 6 -> 5
2019-09-19 04:33:29,451 [grpc-default-executor-5] WARN  server.GrpcLogAppender (LogUtils.java:warn(134)) - fc0f8f3b-538d-481e-abe0-204925d4ee8f->cacd8be3-3994-43a0-9248-dc2aa43e6f92: Failed appendEntries: org.apache.ratis.thirdparty.io.grpc.StatusRuntimeException: UNAVAILABLE: io exception
2019-09-19 04:33:29,456 [grpc-default-executor-5] INFO  impl.FollowerInfo (FollowerInfo.java:lambda$new$0(50)) - fc0f8f3b-538d-481e-abe0-204925d4ee8f->cacd8be3-3994-43a0-9248-dc2aa43e6f92: nextIndex: updateUnconditionally 8 -> 7
2019-09-19 04:33:29,528 | INFO  | SCMAudit | user=jenkins1000 | ip=192.168.34.50 | op=SEND_HEARTBEAT {datanodeUUID=cee6b86e-e629-45c9-9c42-7061c1d64ecd, command=[]} | ret=SUCCESS |  
2019-09-19 04:33:29,636 [Datanode State Machine Thread - 0] INFO  statemachine.DatanodeStateMachine (DatanodeStateMachine.java:lambda$startDaemon$0(356)) - Ozone container server started.
2019-09-19 04:33:29,788 [Datanode State Machine Thread - 0] INFO  statemachine.DatanodeStateMachine (DatanodeStateMachine.java:lambda$startDaemon$0(356)) - Ozone container server started.
2019-09-19 04:33:30,528 | INFO  | SCMAudit | user=jenkins1000 | ip=192.168.34.50 | op=SEND_HEARTBEAT {datanodeUUID=cee6b86e-e629-45c9-9c42-7061c1d64ecd, command=[]} | ret=SUCCESS |  
2019-09-19 04:33:31,529 | INFO  | SCMAudit | user=jenkins1000 | ip=192.168.34.50 | op=SEND_HEARTBEAT {datanodeUUID=cee6b86e-e629-45c9-9c42-7061c1d64ecd, command=[]} | ret=SUCCESS |  
2019-09-19 04:33:31,939 [grpc-default-executor-7] WARN  server.GrpcLogAppender (LogUtils.java:warn(134)) - fc0f8f3b-538d-481e-abe0-204925d4ee8f->d40cfe62-fc21-48bd-841c-37c3da2319ca: Failed appendEntries: org.apache.ratis.thirdparty.io.grpc.StatusRuntimeException: UNAVAILABLE: io exception
2019-09-19 04:33:31,942 [grpc-default-executor-7] INFO  impl.FollowerInfo (FollowerInfo.java:lambda$new$0(50)) - fc0f8f3b-538d-481e-abe0-204925d4ee8f->d40cfe62-fc21-48bd-841c-37c3da2319ca: nextIndex: updateUnconditionally 5 -> 4
2019-09-19 04:33:31,951 [grpc-default-executor-0] WARN  server.GrpcLogAppender (LogUtils.java:warn(134)) - fc0f8f3b-538d-481e-abe0-204925d4ee8f->cacd8be3-3994-43a0-9248-dc2aa43e6f92: Failed appendEntries: org.apache.ratis.thirdparty.io.grpc.StatusRuntimeException: UNAVAILABLE: io exception
2019-09-19 04:33:31,953 [grpc-default-executor-0] INFO  impl.FollowerInfo (FollowerInfo.java:lambda$new$0(50)) - fc0f8f3b-538d-481e-abe0-204925d4ee8f->cacd8be3-3994-43a0-9248-dc2aa43e6f92: nextIndex: updateUnconditionally 7 -> 6
2019-09-19 04:33:32,528 | INFO  | SCMAudit | user=jenkins1000 | ip=192.168.34.50 | op=SEND_HEARTBEAT {datanodeUUID=cee6b86e-e629-45c9-9c42-7061c1d64ecd, command=[]} | ret=SUCCESS |  
2019-09-19 04:33:33,529 | INFO  | SCMAudit | user=jenkins1000 | ip=192.168.34.50 | op=SEND_HEARTBEAT {datanodeUUID=cee6b86e-e629-45c9-9c42-7061c1d64ecd, command=[]} | ret=SUCCESS |  
2019-09-19 04:33:34,396 [main] INFO  ozoneimpl.OzoneContainer (OzoneContainer.java:stop(199)) - Attempting to stop container services.
2019-09-19 04:33:34,397 [main] INFO  impl.RaftServerProxy (RaftServerProxy.java:lambda$close$4(314)) - d267f1ee-b840-49aa-88d3-6d319dcb89fa: close
2019-09-19 04:33:34,398 [main] INFO  impl.RaftServerImpl (RaftServerImpl.java:lambda$shutdown$3(245)) - d267f1ee-b840-49aa-88d3-6d319dcb89fa: shutdown group-793ED494825F
2019-09-19 04:33:34,398 [main] INFO  util.JmxRegister (JmxRegister.java:unregister(73)) - Successfully un-registered JMX Bean with object name Ratis:service=RaftServer,group=group-793ED494825F,id=d267f1ee-b840-49aa-88d3-6d319dcb89fa
2019-09-19 04:33:34,398 [main] INFO  impl.RoleInfo (RoleInfo.java:shutdownLeaderState(104)) - d267f1ee-b840-49aa-88d3-6d319dcb89fa: shutdown LeaderState
2019-09-19 04:33:34,399 [main] INFO  impl.PendingRequests (PendingRequests.java:sendNotLeaderResponses(202)) - d267f1ee-b840-49aa-88d3-6d319dcb89fa-PendingRequests: sendNotLeaderResponses
2019-09-19 04:33:34,399 [main] INFO  impl.StateMachineUpdater (StateMachineUpdater.java:stopAndJoin(115)) - StateMachineUpdater:d267f1ee-b840-49aa-88d3-6d319dcb89fa:group-793ED494825F: set stopIndex = 0
2019-09-19 04:33:34,400 [main] INFO  impl.RaftServerImpl (ServerState.java:close(394)) - d267f1ee-b840-49aa-88d3-6d319dcb89fa:group-793ED494825F closes. The last applied log index is 0
2019-09-19 04:33:34,400 [d267f1ee-b840-49aa-88d3-6d319dcb89fa-SegmentedRaftLogWorker:Storage Directory /workdir/hadoop-ozone/integration-test/target/test-dir/MiniOzoneClusterImpl-0025b056-fb6b-4693-853a-894456f5f8ea/datanode-6/data/ratis/c579390f-dcb6-4207-82b2-793ed494825f] INFO  segmented.SegmentedRaftLogWorker (SegmentedRaftLogWorker.java:run(313)) - d267f1ee-b840-49aa-88d3-6d319dcb89fa-SegmentedRaftLogWorker:Storage Directory /workdir/hadoop-ozone/integration-test/target/test-dir/MiniOzoneClusterImpl-0025b056-fb6b-4693-853a-894456f5f8ea/datanode-6/data/ratis/c579390f-dcb6-4207-82b2-793ed494825f was interrupted, exiting. There are 0 tasks remaining in the queue.
2019-09-19 04:33:34,403 [main] INFO  segmented.SegmentedRaftLogWorker (SegmentedRaftLogWorker.java:close(228)) - d267f1ee-b840-49aa-88d3-6d319dcb89fa-SegmentedRaftLogWorker:Storage Directory /workdir/hadoop-ozone/integration-test/target/test-dir/MiniOzoneClusterImpl-0025b056-fb6b-4693-853a-894456f5f8ea/datanode-6/data/ratis/c579390f-dcb6-4207-82b2-793ed494825f close()
2019-09-19 04:33:34,405 [main] INFO  server.GrpcService (GrpcService.java:closeImpl(155)) - d267f1ee-b840-49aa-88d3-6d319dcb89fa: shutdown server with port 38921 now
2019-09-19 04:33:34,408 [main] INFO  server.GrpcService (GrpcService.java:closeImpl(163)) - d267f1ee-b840-49aa-88d3-6d319dcb89fa: shutdown server with port 38921 successfully
2019-09-19 04:33:34,412 [main] INFO  utils.BackgroundService (BackgroundService.java:shutdown(148)) - Shutting down service BlockDeletingService
2019-09-19 04:33:34,415 [ForkJoinPool.commonPool-worker-0] INFO  ozoneimpl.OzoneContainer (OzoneContainer.java:stop(199)) - Attempting to stop container services.
2019-09-19 04:33:34,415 [ForkJoinPool.commonPool-worker-0] INFO  impl.RaftServerProxy (RaftServerProxy.java:lambda$close$4(314)) - fc0f8f3b-538d-481e-abe0-204925d4ee8f: close
2019-09-19 04:33:34,416 [ForkJoinPool.commonPool-worker-0] INFO  impl.RaftServerImpl (RaftServerImpl.java:lambda$shutdown$3(245)) - fc0f8f3b-538d-481e-abe0-204925d4ee8f: shutdown group-70DE390345E3
2019-09-19 04:33:34,416 [refreshUsed-/workdir/hadoop-ozone/integration-test/target/test-dir/MiniOzoneClusterImpl-0025b056-fb6b-4693-853a-894456f5f8ea/datanode-6/data/containers] WARN  fs.CachingGetSpaceUsed (CachingGetSpaceUsed.java:run(183)) - Thread Interrupted waiting to refresh disk information: sleep interrupted
2019-09-19 04:33:34,416 [ForkJoinPool.commonPool-worker-0] INFO  util.JmxRegister (JmxRegister.java:unregister(73)) - Successfully un-registered JMX Bean with object name Ratis:service=RaftServer,group=group-70DE390345E3,id=fc0f8f3b-538d-481e-abe0-204925d4ee8f
2019-09-19 04:33:34,416 [ForkJoinPool.commonPool-worker-0] INFO  impl.RoleInfo (RoleInfo.java:shutdownLeaderState(104)) - fc0f8f3b-538d-481e-abe0-204925d4ee8f: shutdown LeaderState
2019-09-19 04:33:34,417 [ForkJoinPool.commonPool-worker-0] INFO  impl.PendingRequests (PendingRequests.java:sendNotLeaderResponses(202)) - fc0f8f3b-538d-481e-abe0-204925d4ee8f-PendingRequests: sendNotLeaderResponses
2019-09-19 04:33:34,417 [ForkJoinPool.commonPool-worker-0] INFO  impl.StateMachineUpdater (StateMachineUpdater.java:stopAndJoin(115)) - StateMachineUpdater:fc0f8f3b-538d-481e-abe0-204925d4ee8f:group-70DE390345E3: set stopIndex = 0
2019-09-19 04:33:34,417 [ForkJoinPool.commonPool-worker-0] INFO  impl.RaftServerImpl (ServerState.java:close(394)) - fc0f8f3b-538d-481e-abe0-204925d4ee8f:group-70DE390345E3 closes. The last applied log index is 0
2019-09-19 04:33:34,418 [fc0f8f3b-538d-481e-abe0-204925d4ee8f-SegmentedRaftLogWorker:Storage Directory /workdir/hadoop-ozone/integration-test/target/test-dir/MiniOzoneClusterImpl-0025b056-fb6b-4693-853a-894456f5f8ea/datanode-0/data/ratis/6824a864-7da5-49dc-bbb4-70de390345e3] INFO  segmented.SegmentedRaftLogWorker (SegmentedRaftLogWorker.java:run(313)) - fc0f8f3b-538d-481e-abe0-204925d4ee8f-SegmentedRaftLogWorker:Storage Directory /workdir/hadoop-ozone/integration-test/target/test-dir/MiniOzoneClusterImpl-0025b056-fb6b-4693-853a-894456f5f8ea/datanode-0/data/ratis/6824a864-7da5-49dc-bbb4-70de390345e3 was interrupted, exiting. There are 0 tasks remaining in the queue.
2019-09-19 04:33:34,420 [ForkJoinPool.commonPool-worker-0] INFO  segmented.SegmentedRaftLogWorker (SegmentedRaftLogWorker.java:close(228)) - fc0f8f3b-538d-481e-abe0-204925d4ee8f-SegmentedRaftLogWorker:Storage Directory /workdir/hadoop-ozone/integration-test/target/test-dir/MiniOzoneClusterImpl-0025b056-fb6b-4693-853a-894456f5f8ea/datanode-0/data/ratis/6824a864-7da5-49dc-bbb4-70de390345e3 close()
2019-09-19 04:33:34,425 [ForkJoinPool.commonPool-worker-0] INFO  impl.RaftServerImpl (RaftServerImpl.java:lambda$shutdown$3(245)) - fc0f8f3b-538d-481e-abe0-204925d4ee8f: shutdown group-52CD28E9D88B
2019-09-19 04:33:34,425 [ForkJoinPool.commonPool-worker-0] INFO  util.JmxRegister (JmxRegister.java:unregister(73)) - Successfully un-registered JMX Bean with object name Ratis:service=RaftServer,group=group-52CD28E9D88B,id=fc0f8f3b-538d-481e-abe0-204925d4ee8f
2019-09-19 04:33:34,426 [ForkJoinPool.commonPool-worker-0] INFO  impl.RoleInfo (RoleInfo.java:shutdownLeaderState(104)) - fc0f8f3b-538d-481e-abe0-204925d4ee8f: shutdown LeaderState
2019-09-19 04:33:34,428 [ForkJoinPool.commonPool-worker-0] INFO  impl.PendingRequests (PendingRequests.java:sendNotLeaderResponses(202)) - fc0f8f3b-538d-481e-abe0-204925d4ee8f-PendingRequests: sendNotLeaderResponses
2019-09-19 04:33:34,428 [org.apache.ratis.server.impl.LogAppender$AppenderDaemon$$Lambda$843/1840691417@3fd9edc7] WARN  server.GrpcLogAppender (GrpcLogAppender.java:mayWait(143)) - GrpcLogAppender(fc0f8f3b-538d-481e-abe0-204925d4ee8f->cacd8be3-3994-43a0-9248-dc2aa43e6f92): Wait interrupted by java.lang.InterruptedException
2019-09-19 04:33:34,428 [org.apache.ratis.server.impl.LogAppender$AppenderDaemon$$Lambda$843/1840691417@7adb7cf8] WARN  server.GrpcLogAppender (GrpcLogAppender.java:mayWait(143)) - GrpcLogAppender(fc0f8f3b-538d-481e-abe0-204925d4ee8f->d40cfe62-fc21-48bd-841c-37c3da2319ca): Wait interrupted by java.lang.InterruptedException
2019-09-19 04:33:34,431 [ForkJoinPool.commonPool-worker-0] INFO  impl.StateMachineUpdater (StateMachineUpdater.java:stopAndJoin(115)) - StateMachineUpdater:fc0f8f3b-538d-481e-abe0-204925d4ee8f:group-52CD28E9D88B: set stopIndex = 8
2019-09-19 04:33:34,431 [StateMachineUpdater:fc0f8f3b-538d-481e-abe0-204925d4ee8f:group-52CD28E9D88B] INFO  ratis.ContainerStateMachine (ContainerStateMachine.java:takeSnapshot(283)) - group-52CD28E9D88B: Taking a snapshot at:(t:1, i:6) file /workdir/hadoop-ozone/integration-test/target/test-dir/MiniOzoneClusterImpl-0025b056-fb6b-4693-853a-894456f5f8ea/datanode-0/data/ratis/83f9f975-e2ba-4e7f-ab30-52cd28e9d88b/sm/snapshot.1_6
2019-09-19 04:33:34,445 [main] INFO  statemachine.DatanodeStateMachine (DatanodeStateMachine.java:stopDaemon(401)) - Ozone container server stopped.
2019-09-19 04:33:34,445 [StateMachineUpdater:fc0f8f3b-538d-481e-abe0-204925d4ee8f:group-52CD28E9D88B] INFO  ratis.ContainerStateMachine (ContainerStateMachine.java:takeSnapshot(294)) - group-52CD28E9D88B: Finished taking a snapshot at:(t:1, i:6) file:/workdir/hadoop-ozone/integration-test/target/test-dir/MiniOzoneClusterImpl-0025b056-fb6b-4693-853a-894456f5f8ea/datanode-0/data/ratis/83f9f975-e2ba-4e7f-ab30-52cd28e9d88b/sm/snapshot.1_6 time:15
2019-09-19 04:33:34,446 [StateMachineUpdater:fc0f8f3b-538d-481e-abe0-204925d4ee8f:group-52CD28E9D88B] INFO  impl.StateMachineUpdater (StateMachineUpdater.java:takeSnapshot(242)) - StateMachineUpdater:fc0f8f3b-538d-481e-abe0-204925d4ee8f:group-52CD28E9D88B: Took a snapshot at index 6
2019-09-19 04:33:34,446 [StateMachineUpdater:fc0f8f3b-538d-481e-abe0-204925d4ee8f:group-52CD28E9D88B] INFO  impl.StateMachineUpdater (StateMachineUpdater.java:lambda$new$0(80)) - StateMachineUpdater:fc0f8f3b-538d-481e-abe0-204925d4ee8f:group-52CD28E9D88B: snapshotIndex: updateIncreasingly -1 -> 6
2019-09-19 04:33:34,446 [ForkJoinPool.commonPool-worker-0] INFO  impl.RaftServerImpl (ServerState.java:close(394)) - fc0f8f3b-538d-481e-abe0-204925d4ee8f:group-52CD28E9D88B closes. The last applied log index is 8
2019-09-19 04:33:34,446 [main] INFO  handler.ContextHandler (ContextHandler.java:doStop(910)) - Stopped o.e.j.w.WebAppContext@6d842877{/,null,UNAVAILABLE}{/hddsDatanode}
2019-09-19 04:33:34,447 [fc0f8f3b-538d-481e-abe0-204925d4ee8f-SegmentedRaftLogWorker:Storage Directory /workdir/hadoop-ozone/integration-test/target/test-dir/MiniOzoneClusterImpl-0025b056-fb6b-4693-853a-894456f5f8ea/datanode-0/data/ratis/83f9f975-e2ba-4e7f-ab30-52cd28e9d88b] INFO  segmented.SegmentedRaftLogWorker (SegmentedRaftLogWorker.java:run(313)) - fc0f8f3b-538d-481e-abe0-204925d4ee8f-SegmentedRaftLogWorker:Storage Directory /workdir/hadoop-ozone/integration-test/target/test-dir/MiniOzoneClusterImpl-0025b056-fb6b-4693-853a-894456f5f8ea/datanode-0/data/ratis/83f9f975-e2ba-4e7f-ab30-52cd28e9d88b was interrupted, exiting. There are 0 tasks remaining in the queue.
2019-09-19 04:33:34,447 [ForkJoinPool.commonPool-worker-0] INFO  segmented.SegmentedRaftLogWorker (SegmentedRaftLogWorker.java:close(228)) - fc0f8f3b-538d-481e-abe0-204925d4ee8f-SegmentedRaftLogWorker:Storage Directory /workdir/hadoop-ozone/integration-test/target/test-dir/MiniOzoneClusterImpl-0025b056-fb6b-4693-853a-894456f5f8ea/datanode-0/data/ratis/83f9f975-e2ba-4e7f-ab30-52cd28e9d88b close()
2019-09-19 04:33:34,448 [main] INFO  server.AbstractConnector (AbstractConnector.java:doStop(318)) - Stopped ServerConnector@614cbec4{HTTP/1.1,[http/1.1]}{0.0.0.0:0}
2019-09-19 04:33:34,448 [ForkJoinPool.commonPool-worker-0] INFO  server.GrpcService (GrpcService.java:closeImpl(155)) - fc0f8f3b-538d-481e-abe0-204925d4ee8f: shutdown server with port 35638 now
2019-09-19 04:33:34,448 [main] INFO  handler.ContextHandler (ContextHandler.java:doStop(910)) - Stopped o.e.j.s.ServletContextHandler@4b511e61{/static,jar:file:/home/user/.m2/repository/org/apache/hadoop/hadoop-hdds-container-service/0.5.0-SNAPSHOT/hadoop-hdds-container-service-0.5.0-SNAPSHOT.jar!/webapps/static,UNAVAILABLE}
2019-09-19 04:33:34,448 [ForkJoinPool.commonPool-worker-0] INFO  server.GrpcService (GrpcService.java:closeImpl(163)) - fc0f8f3b-538d-481e-abe0-204925d4ee8f: shutdown server with port 35638 successfully
2019-09-19 04:33:34,449 [main] INFO  handler.ContextHandler (ContextHandler.java:doStop(910)) - Stopped o.e.j.s.ServletContextHandler@6eded11a{/logs,file:///workdir/hadoop-ozone/integration-test/target/log,UNAVAILABLE}
2019-09-19 04:33:34,450 [ForkJoinPool.commonPool-worker-0] INFO  utils.BackgroundService (BackgroundService.java:shutdown(148)) - Shutting down service BlockDeletingService
2019-09-19 04:33:34,451 [main] INFO  datanode.ObjectStoreHandler (ObjectStoreHandler.java:close(155)) - Closing ObjectStoreHandler.
2019-09-19 04:33:34,452 [main] INFO  ozone.HddsDatanodeService (HddsDatanodeService.java:stop(451)) - Stopped plug-in org.apache.hadoop.ozone.web.OzoneHddsDatanodeService@24435620
2019-09-19 04:33:34,453 [refreshUsed-/workdir/hadoop-ozone/integration-test/target/test-dir/MiniOzoneClusterImpl-0025b056-fb6b-4693-853a-894456f5f8ea/datanode-0/data/containers] WARN  fs.CachingGetSpaceUsed (CachingGetSpaceUsed.java:run(183)) - Thread Interrupted waiting to refresh disk information: sleep interrupted
2019-09-19 04:33:34,472 [ForkJoinPool.commonPool-worker-0] INFO  statemachine.DatanodeStateMachine (DatanodeStateMachine.java:stopDaemon(401)) - Ozone container server stopped.
2019-09-19 04:33:34,475 [ForkJoinPool.commonPool-worker-0] INFO  handler.ContextHandler (ContextHandler.java:doStop(910)) - Stopped o.e.j.w.WebAppContext@23bd047f{/,null,UNAVAILABLE}{/hddsDatanode}
2019-09-19 04:33:34,476 [ForkJoinPool.commonPool-worker-0] INFO  server.AbstractConnector (AbstractConnector.java:doStop(318)) - Stopped ServerConnector@3562e7c7{HTTP/1.1,[http/1.1]}{0.0.0.0:0}
2019-09-19 04:33:34,477 [ForkJoinPool.commonPool-worker-0] INFO  handler.ContextHandler (ContextHandler.java:doStop(910)) - Stopped o.e.j.s.ServletContextHandler@6cd2cb2{/static,jar:file:/home/user/.m2/repository/org/apache/hadoop/hadoop-hdds-container-service/0.5.0-SNAPSHOT/hadoop-hdds-container-service-0.5.0-SNAPSHOT.jar!/webapps/static,UNAVAILABLE}
2019-09-19 04:33:34,478 [ForkJoinPool.commonPool-worker-0] INFO  handler.ContextHandler (ContextHandler.java:doStop(910)) - Stopped o.e.j.s.ServletContextHandler@6eaa6b0c{/logs,file:///workdir/hadoop-ozone/integration-test/target/log,UNAVAILABLE}
2019-09-19 04:33:34,527 [Datanode State Machine Thread - 0] INFO  statemachine.DatanodeStateMachine (DatanodeStateMachine.java:lambda$startDaemon$0(356)) - Ozone container server started.
2019-09-19 04:33:37,146 [Thread-918] INFO  impl.FollowerState (FollowerState.java:run(106)) - cee6b86e-e629-45c9-9c42-7061c1d64ecd:group-793098847AA3 changes to CANDIDATE, lastRpcTime:10027, electionTimeout:5082ms
2019-09-19 04:33:37,146 [Thread-918] INFO  impl.RoleInfo (RoleInfo.java:shutdownFollowerState(121)) - cee6b86e-e629-45c9-9c42-7061c1d64ecd: shutdown FollowerState
2019-09-19 04:33:37,146 [Thread-918] INFO  impl.RaftServerImpl (RaftServerImpl.java:setRole(171)) - cee6b86e-e629-45c9-9c42-7061c1d64ecd:group-793098847AA3 changes role from FOLLOWER to CANDIDATE at term 1 for changeToCandidate
2019-09-19 04:33:37,146 [Thread-918] INFO  impl.RoleInfo (RoleInfo.java:updateAndGet(143)) - cee6b86e-e629-45c9-9c42-7061c1d64ecd: start LeaderElection
2019-09-19 04:33:37,148 [cee6b86e-e629-45c9-9c42-7061c1d64ecd:group-793098847AA3:LeaderElection34] INFO  impl.RaftServerImpl (ServerState.java:setLeader(263)) - cee6b86e-e629-45c9-9c42-7061c1d64ecd:group-793098847AA3 change Leader from 646ad8b2-e397-4e74-bda7-a2da429002a8 to null at term 1 for initElection
2019-09-19 04:33:37,163 [cee6b86e-e629-45c9-9c42-7061c1d64ecd:group-793098847AA3:LeaderElection34] INFO  impl.LeaderElection (LeaderElection.java:askForVotes(181)) - cee6b86e-e629-45c9-9c42-7061c1d64ecd:group-793098847AA3:LeaderElection34: begin an election at term 2 for 0: [646ad8b2-e397-4e74-bda7-a2da429002a8:192.168.34.50:35451, cee6b86e-e629-45c9-9c42-7061c1d64ecd:192.168.34.50:42417, bb21d486-410c-4d63-a3eb-a911625626cf:192.168.34.50:33211], old=null
2019-09-19 04:33:37,166 [cee6b86e-e629-45c9-9c42-7061c1d64ecd:group-793098847AA3:LeaderElection34] INFO  impl.LeaderElection (LogUtils.java:infoOrTrace(149)) - cee6b86e-e629-45c9-9c42-7061c1d64ecd:group-793098847AA3:LeaderElection34 got exception when requesting votes: {}
java.util.concurrent.ExecutionException: org.apache.ratis.thirdparty.io.grpc.StatusRuntimeException: UNAVAILABLE: io exception
	at java.util.concurrent.FutureTask.report(FutureTask.java:122)
	at java.util.concurrent.FutureTask.get(FutureTask.java:192)
	at org.apache.ratis.server.impl.LeaderElection.waitForResults(LeaderElection.java:262)
	at org.apache.ratis.server.impl.LeaderElection.askForVotes(LeaderElection.java:200)
	at org.apache.ratis.server.impl.LeaderElection.run(LeaderElection.java:130)
	at java.lang.Thread.run(Thread.java:748)
Caused by: org.apache.ratis.thirdparty.io.grpc.StatusRuntimeException: UNAVAILABLE: io exception
	at org.apache.ratis.thirdparty.io.grpc.stub.ClientCalls.toStatusRuntimeException(ClientCalls.java:233)
	at org.apache.ratis.thirdparty.io.grpc.stub.ClientCalls.getUnchecked(ClientCalls.java:214)
	at org.apache.ratis.thirdparty.io.grpc.stub.ClientCalls.blockingUnaryCall(ClientCalls.java:139)
	at org.apache.ratis.proto.grpc.RaftServerProtocolServiceGrpc$RaftServerProtocolServiceBlockingStub.requestVote(RaftServerProtocolServiceGrpc.java:265)
	at org.apache.ratis.grpc.server.GrpcServerProtocolClient.requestVote(GrpcServerProtocolClient.java:83)
	at org.apache.ratis.grpc.server.GrpcService.requestVote(GrpcService.java:195)
	at org.apache.ratis.server.impl.LeaderElection.lambda$submitRequests$1(LeaderElection.java:237)
	at java.util.concurrent.FutureTask.run(FutureTask.java:266)
	at java.util.concurrent.Executors$RunnableAdapter.call(Executors.java:511)
	at java.util.concurrent.FutureTask.run(FutureTask.java:266)
	at java.util.concurrent.ThreadPoolExecutor.runWorker(ThreadPoolExecutor.java:1149)
	at java.util.concurrent.ThreadPoolExecutor$Worker.run(ThreadPoolExecutor.java:624)
	... 1 more
Caused by: org.apache.ratis.thirdparty.io.netty.channel.AbstractChannel$AnnotatedConnectException: Connection refused: /192.168.34.50:35451
	at sun.nio.ch.SocketChannelImpl.checkConnect(Native Method)
	at sun.nio.ch.SocketChannelImpl.finishConnect(SocketChannelImpl.java:717)
	at org.apache.ratis.thirdparty.io.netty.channel.socket.nio.NioSocketChannel.doFinishConnect(NioSocketChannel.java:327)
	at org.apache.ratis.thirdparty.io.netty.channel.nio.AbstractNioChannel$AbstractNioUnsafe.finishConnect(AbstractNioChannel.java:340)
	at org.apache.ratis.thirdparty.io.netty.channel.nio.NioEventLoop.processSelectedKey(NioEventLoop.java:632)
	at org.apache.ratis.thirdparty.io.netty.channel.nio.NioEventLoop.processSelectedKeysOptimized(NioEventLoop.java:579)
	at org.apache.ratis.thirdparty.io.netty.channel.nio.NioEventLoop.processSelectedKeys(NioEventLoop.java:496)
	at org.apache.ratis.thirdparty.io.netty.channel.nio.NioEventLoop.run(NioEventLoop.java:458)
	at org.apache.ratis.thirdparty.io.netty.util.concurrent.SingleThreadEventExecutor$5.run(SingleThreadEventExecutor.java:897)
	at org.apache.ratis.thirdparty.io.netty.util.concurrent.FastThreadLocalRunnable.run(FastThreadLocalRunnable.java:30)
	... 1 more
Caused by: java.net.ConnectException: Connection refused
	... 11 more
2019-09-19 04:33:37,168 [cee6b86e-e629-45c9-9c42-7061c1d64ecd:group-793098847AA3:LeaderElection34] INFO  impl.LeaderElection (LogUtils.java:infoOrTrace(149)) - cee6b86e-e629-45c9-9c42-7061c1d64ecd:group-793098847AA3:LeaderElection34 got exception when requesting votes: {}
java.util.concurrent.ExecutionException: org.apache.ratis.thirdparty.io.grpc.StatusRuntimeException: UNAVAILABLE: io exception
	at java.util.concurrent.FutureTask.report(FutureTask.java:122)
	at java.util.concurrent.FutureTask.get(FutureTask.java:192)
	at org.apache.ratis.server.impl.LeaderElection.waitForResults(LeaderElection.java:262)
	at org.apache.ratis.server.impl.LeaderElection.askForVotes(LeaderElection.java:200)
	at org.apache.ratis.server.impl.LeaderElection.run(LeaderElection.java:130)
	at java.lang.Thread.run(Thread.java:748)
Caused by: org.apache.ratis.thirdparty.io.grpc.StatusRuntimeException: UNAVAILABLE: io exception
	at org.apache.ratis.thirdparty.io.grpc.stub.ClientCalls.toStatusRuntimeException(ClientCalls.java:233)
	at org.apache.ratis.thirdparty.io.grpc.stub.ClientCalls.getUnchecked(ClientCalls.java:214)
	at org.apache.ratis.thirdparty.io.grpc.stub.ClientCalls.blockingUnaryCall(ClientCalls.java:139)
	at org.apache.ratis.proto.grpc.RaftServerProtocolServiceGrpc$RaftServerProtocolServiceBlockingStub.requestVote(RaftServerProtocolServiceGrpc.java:265)
	at org.apache.ratis.grpc.server.GrpcServerProtocolClient.requestVote(GrpcServerProtocolClient.java:83)
	at org.apache.ratis.grpc.server.GrpcService.requestVote(GrpcService.java:195)
	at org.apache.ratis.server.impl.LeaderElection.lambda$submitRequests$1(LeaderElection.java:237)
	at java.util.concurrent.FutureTask.run(FutureTask.java:266)
	at java.util.concurrent.Executors$RunnableAdapter.call(Executors.java:511)
	at java.util.concurrent.FutureTask.run(FutureTask.java:266)
	at java.util.concurrent.ThreadPoolExecutor.runWorker(ThreadPoolExecutor.java:1149)
	at java.util.concurrent.ThreadPoolExecutor$Worker.run(ThreadPoolExecutor.java:624)
	... 1 more
Caused by: org.apache.ratis.thirdparty.io.netty.channel.AbstractChannel$AnnotatedConnectException: Connection refused: /192.168.34.50:33211
	at sun.nio.ch.SocketChannelImpl.checkConnect(Native Method)
	at sun.nio.ch.SocketChannelImpl.finishConnect(SocketChannelImpl.java:717)
	at org.apache.ratis.thirdparty.io.netty.channel.socket.nio.NioSocketChannel.doFinishConnect(NioSocketChannel.java:327)
	at org.apache.ratis.thirdparty.io.netty.channel.nio.AbstractNioChannel$AbstractNioUnsafe.finishConnect(AbstractNioChannel.java:340)
	at org.apache.ratis.thirdparty.io.netty.channel.nio.NioEventLoop.processSelectedKey(NioEventLoop.java:632)
	at org.apache.ratis.thirdparty.io.netty.channel.nio.NioEventLoop.processSelectedKeysOptimized(NioEventLoop.java:579)
	at org.apache.ratis.thirdparty.io.netty.channel.nio.NioEventLoop.processSelectedKeys(NioEventLoop.java:496)
	at org.apache.ratis.thirdparty.io.netty.channel.nio.NioEventLoop.run(NioEventLoop.java:458)
	at org.apache.ratis.thirdparty.io.netty.util.concurrent.SingleThreadEventExecutor$5.run(SingleThreadEventExecutor.java:897)
	at org.apache.ratis.thirdparty.io.netty.util.concurrent.FastThreadLocalRunnable.run(FastThreadLocalRunnable.java:30)
	... 1 more
Caused by: java.net.ConnectException: Connection refused
	... 11 more
2019-09-19 04:33:37,169 [cee6b86e-e629-45c9-9c42-7061c1d64ecd:group-793098847AA3:LeaderElection34] INFO  impl.LeaderElection (LeaderElection.java:logAndReturn(56)) - cee6b86e-e629-45c9-9c42-7061c1d64ecd:group-793098847AA3:LeaderElection34: Election REJECTED; received 0 response(s) [] and 2 exception(s); cee6b86e-e629-45c9-9c42-7061c1d64ecd:t2, leader=null, voted=cee6b86e-e629-45c9-9c42-7061c1d64ecd, raftlog=cee6b86e-e629-45c9-9c42-7061c1d64ecd-SegmentedRaftLog:OPENED:c0,f0,i0, conf=0: [646ad8b2-e397-4e74-bda7-a2da429002a8:192.168.34.50:35451, cee6b86e-e629-45c9-9c42-7061c1d64ecd:192.168.34.50:42417, bb21d486-410c-4d63-a3eb-a911625626cf:192.168.34.50:33211], old=null
2019-09-19 04:33:37,169 [cee6b86e-e629-45c9-9c42-7061c1d64ecd:group-793098847AA3:LeaderElection34] INFO  impl.LeaderElection (LogUtils.java:infoOrTrace(149)) -   Exception 0: {}
java.util.concurrent.ExecutionException: org.apache.ratis.thirdparty.io.grpc.StatusRuntimeException: UNAVAILABLE: io exception
	at java.util.concurrent.FutureTask.report(FutureTask.java:122)
	at java.util.concurrent.FutureTask.get(FutureTask.java:192)
	at org.apache.ratis.server.impl.LeaderElection.waitForResults(LeaderElection.java:262)
	at org.apache.ratis.server.impl.LeaderElection.askForVotes(LeaderElection.java:200)
	at org.apache.ratis.server.impl.LeaderElection.run(LeaderElection.java:130)
	at java.lang.Thread.run(Thread.java:748)
Caused by: org.apache.ratis.thirdparty.io.grpc.StatusRuntimeException: UNAVAILABLE: io exception
	at org.apache.ratis.thirdparty.io.grpc.stub.ClientCalls.toStatusRuntimeException(ClientCalls.java:233)
	at org.apache.ratis.thirdparty.io.grpc.stub.ClientCalls.getUnchecked(ClientCalls.java:214)
	at org.apache.ratis.thirdparty.io.grpc.stub.ClientCalls.blockingUnaryCall(ClientCalls.java:139)
	at org.apache.ratis.proto.grpc.RaftServerProtocolServiceGrpc$RaftServerProtocolServiceBlockingStub.requestVote(RaftServerProtocolServiceGrpc.java:265)
	at org.apache.ratis.grpc.server.GrpcServerProtocolClient.requestVote(GrpcServerProtocolClient.java:83)
	at org.apache.ratis.grpc.server.GrpcService.requestVote(GrpcService.java:195)
	at org.apache.ratis.server.impl.LeaderElection.lambda$submitRequests$1(LeaderElection.java:237)
	at java.util.concurrent.FutureTask.run(FutureTask.java:266)
	at java.util.concurrent.Executors$RunnableAdapter.call(Executors.java:511)
	at java.util.concurrent.FutureTask.run(FutureTask.java:266)
	at java.util.concurrent.ThreadPoolExecutor.runWorker(ThreadPoolExecutor.java:1149)
	at java.util.concurrent.ThreadPoolExecutor$Worker.run(ThreadPoolExecutor.java:624)
	... 1 more
Caused by: org.apache.ratis.thirdparty.io.netty.channel.AbstractChannel$AnnotatedConnectException: Connection refused: /192.168.34.50:35451
	at sun.nio.ch.SocketChannelImpl.checkConnect(Native Method)
	at sun.nio.ch.SocketChannelImpl.finishConnect(SocketChannelImpl.java:717)
	at org.apache.ratis.thirdparty.io.netty.channel.socket.nio.NioSocketChannel.doFinishConnect(NioSocketChannel.java:327)
	at org.apache.ratis.thirdparty.io.netty.channel.nio.AbstractNioChannel$AbstractNioUnsafe.finishConnect(AbstractNioChannel.java:340)
	at org.apache.ratis.thirdparty.io.netty.channel.nio.NioEventLoop.processSelectedKey(NioEventLoop.java:632)
	at org.apache.ratis.thirdparty.io.netty.channel.nio.NioEventLoop.processSelectedKeysOptimized(NioEventLoop.java:579)
	at org.apache.ratis.thirdparty.io.netty.channel.nio.NioEventLoop.processSelectedKeys(NioEventLoop.java:496)
	at org.apache.ratis.thirdparty.io.netty.channel.nio.NioEventLoop.run(NioEventLoop.java:458)
	at org.apache.ratis.thirdparty.io.netty.util.concurrent.SingleThreadEventExecutor$5.run(SingleThreadEventExecutor.java:897)
	at org.apache.ratis.thirdparty.io.netty.util.concurrent.FastThreadLocalRunnable.run(FastThreadLocalRunnable.java:30)
	... 1 more
Caused by: java.net.ConnectException: Connection refused
	... 11 more
2019-09-19 04:33:37,170 [cee6b86e-e629-45c9-9c42-7061c1d64ecd:group-793098847AA3:LeaderElection34] INFO  impl.LeaderElection (LogUtils.java:infoOrTrace(149)) -   Exception 1: {}
java.util.concurrent.ExecutionException: org.apache.ratis.thirdparty.io.grpc.StatusRuntimeException: UNAVAILABLE: io exception
	at java.util.concurrent.FutureTask.report(FutureTask.java:122)
	at java.util.concurrent.FutureTask.get(FutureTask.java:192)
	at org.apache.ratis.server.impl.LeaderElection.waitForResults(LeaderElection.java:262)
	at org.apache.ratis.server.impl.LeaderElection.askForVotes(LeaderElection.java:200)
	at org.apache.ratis.server.impl.LeaderElection.run(LeaderElection.java:130)
	at java.lang.Thread.run(Thread.java:748)
Caused by: org.apache.ratis.thirdparty.io.grpc.StatusRuntimeException: UNAVAILABLE: io exception
	at org.apache.ratis.thirdparty.io.grpc.stub.ClientCalls.toStatusRuntimeException(ClientCalls.java:233)
	at org.apache.ratis.thirdparty.io.grpc.stub.ClientCalls.getUnchecked(ClientCalls.java:214)
	at org.apache.ratis.thirdparty.io.grpc.stub.ClientCalls.blockingUnaryCall(ClientCalls.java:139)
	at org.apache.ratis.proto.grpc.RaftServerProtocolServiceGrpc$RaftServerProtocolServiceBlockingStub.requestVote(RaftServerProtocolServiceGrpc.java:265)
	at org.apache.ratis.grpc.server.GrpcServerProtocolClient.requestVote(GrpcServerProtocolClient.java:83)
	at org.apache.ratis.grpc.server.GrpcService.requestVote(GrpcService.java:195)
	at org.apache.ratis.server.impl.LeaderElection.lambda$submitRequests$1(LeaderElection.java:237)
	at java.util.concurrent.FutureTask.run(FutureTask.java:266)
	at java.util.concurrent.Executors$RunnableAdapter.call(Executors.java:511)
	at java.util.concurrent.FutureTask.run(FutureTask.java:266)
	at java.util.concurrent.ThreadPoolExecutor.runWorker(ThreadPoolExecutor.java:1149)
	at java.util.concurrent.ThreadPoolExecutor$Worker.run(ThreadPoolExecutor.java:624)
	... 1 more
Caused by: org.apache.ratis.thirdparty.io.netty.channel.AbstractChannel$AnnotatedConnectException: Connection refused: /192.168.34.50:33211
	at sun.nio.ch.SocketChannelImpl.checkConnect(Native Method)
	at sun.nio.ch.SocketChannelImpl.finishConnect(SocketChannelImpl.java:717)
	at org.apache.ratis.thirdparty.io.netty.channel.socket.nio.NioSocketChannel.doFinishConnect(NioSocketChannel.java:327)
	at org.apache.ratis.thirdparty.io.netty.channel.nio.AbstractNioChannel$AbstractNioUnsafe.finishConnect(AbstractNioChannel.java:340)
	at org.apache.ratis.thirdparty.io.netty.channel.nio.NioEventLoop.processSelectedKey(NioEventLoop.java:632)
	at org.apache.ratis.thirdparty.io.netty.channel.nio.NioEventLoop.processSelectedKeysOptimized(NioEventLoop.java:579)
	at org.apache.ratis.thirdparty.io.netty.channel.nio.NioEventLoop.processSelectedKeys(NioEventLoop.java:496)
	at org.apache.ratis.thirdparty.io.netty.channel.nio.NioEventLoop.run(NioEventLoop.java:458)
	at org.apache.ratis.thirdparty.io.netty.util.concurrent.SingleThreadEventExecutor$5.run(SingleThreadEventExecutor.java:897)
	at org.apache.ratis.thirdparty.io.netty.util.concurrent.FastThreadLocalRunnable.run(FastThreadLocalRunnable.java:30)
	... 1 more
Caused by: java.net.ConnectException: Connection refused
	... 11 more
2019-09-19 04:33:37,170 [cee6b86e-e629-45c9-9c42-7061c1d64ecd:group-793098847AA3:LeaderElection34] INFO  impl.RaftServerImpl (RaftServerImpl.java:setRole(171)) - cee6b86e-e629-45c9-9c42-7061c1d64ecd:group-793098847AA3 changes role from CANDIDATE to FOLLOWER at term 2 for DISCOVERED_A_NEW_TERM
2019-09-19 04:33:37,170 [cee6b86e-e629-45c9-9c42-7061c1d64ecd:group-793098847AA3:LeaderElection34] INFO  impl.RoleInfo (RoleInfo.java:shutdownLeaderElection(134)) - cee6b86e-e629-45c9-9c42-7061c1d64ecd: shutdown LeaderElection
2019-09-19 04:33:37,170 [cee6b86e-e629-45c9-9c42-7061c1d64ecd:group-793098847AA3:LeaderElection34] INFO  impl.RoleInfo (RoleInfo.java:updateAndGet(143)) - cee6b86e-e629-45c9-9c42-7061c1d64ecd: start FollowerState
2019-09-19 04:33:39,453 [main] INFO  ozoneimpl.OzoneContainer (OzoneContainer.java:stop(199)) - Attempting to stop container services.
2019-09-19 04:33:39,453 [main] INFO  impl.RaftServerProxy (RaftServerProxy.java:lambda$close$4(314)) - cee6b86e-e629-45c9-9c42-7061c1d64ecd: close
2019-09-19 04:33:39,454 [main] INFO  impl.RaftServerImpl (RaftServerImpl.java:lambda$shutdown$3(245)) - cee6b86e-e629-45c9-9c42-7061c1d64ecd: shutdown group-793098847AA3
2019-09-19 04:33:39,455 [main] INFO  util.JmxRegister (JmxRegister.java:unregister(73)) - Successfully un-registered JMX Bean with object name Ratis:service=RaftServer,group=group-793098847AA3,id=cee6b86e-e629-45c9-9c42-7061c1d64ecd
2019-09-19 04:33:39,455 [main] INFO  impl.RoleInfo (RoleInfo.java:shutdownFollowerState(121)) - cee6b86e-e629-45c9-9c42-7061c1d64ecd: shutdown FollowerState
2019-09-19 04:33:39,456 [main] INFO  impl.StateMachineUpdater (StateMachineUpdater.java:stopAndJoin(115)) - StateMachineUpdater:cee6b86e-e629-45c9-9c42-7061c1d64ecd:group-793098847AA3: set stopIndex = 0
2019-09-19 04:33:39,456 [main] INFO  impl.RaftServerImpl (ServerState.java:close(394)) - cee6b86e-e629-45c9-9c42-7061c1d64ecd:group-793098847AA3 closes. The last applied log index is 0
2019-09-19 04:33:39,456 [Thread-1827] INFO  impl.FollowerState (FollowerState.java:run(114)) - cee6b86e-e629-45c9-9c42-7061c1d64ecd: FollowerState was interrupted: java.lang.InterruptedException: sleep interrupted
2019-09-19 04:33:39,457 [cee6b86e-e629-45c9-9c42-7061c1d64ecd-SegmentedRaftLogWorker:Storage Directory /workdir/hadoop-ozone/integration-test/target/test-dir/MiniOzoneClusterImpl-0025b056-fb6b-4693-853a-894456f5f8ea/datanode-5/data/ratis/0173be8d-8c41-43f2-89c1-793098847aa3] INFO  segmented.SegmentedRaftLogWorker (SegmentedRaftLogWorker.java:run(313)) - cee6b86e-e629-45c9-9c42-7061c1d64ecd-SegmentedRaftLogWorker:Storage Directory /workdir/hadoop-ozone/integration-test/target/test-dir/MiniOzoneClusterImpl-0025b056-fb6b-4693-853a-894456f5f8ea/datanode-5/data/ratis/0173be8d-8c41-43f2-89c1-793098847aa3 was interrupted, exiting. There are 0 tasks remaining in the queue.
2019-09-19 04:33:39,459 [main] INFO  segmented.SegmentedRaftLogWorker (SegmentedRaftLogWorker.java:close(228)) - cee6b86e-e629-45c9-9c42-7061c1d64ecd-SegmentedRaftLogWorker:Storage Directory /workdir/hadoop-ozone/integration-test/target/test-dir/MiniOzoneClusterImpl-0025b056-fb6b-4693-853a-894456f5f8ea/datanode-5/data/ratis/0173be8d-8c41-43f2-89c1-793098847aa3 close()
2019-09-19 04:33:39,459 [main] INFO  impl.RaftServerImpl (RaftServerImpl.java:lambda$shutdown$3(245)) - cee6b86e-e629-45c9-9c42-7061c1d64ecd: shutdown group-911D37771303
2019-09-19 04:33:39,460 [main] INFO  util.JmxRegister (JmxRegister.java:unregister(73)) - Successfully un-registered JMX Bean with object name Ratis:service=RaftServer,group=group-911D37771303,id=cee6b86e-e629-45c9-9c42-7061c1d64ecd
2019-09-19 04:33:39,460 [main] INFO  impl.RoleInfo (RoleInfo.java:shutdownLeaderState(104)) - cee6b86e-e629-45c9-9c42-7061c1d64ecd: shutdown LeaderState
2019-09-19 04:33:39,461 [main] INFO  impl.PendingRequests (PendingRequests.java:sendNotLeaderResponses(202)) - cee6b86e-e629-45c9-9c42-7061c1d64ecd-PendingRequests: sendNotLeaderResponses
2019-09-19 04:33:39,461 [main] INFO  impl.StateMachineUpdater (StateMachineUpdater.java:stopAndJoin(115)) - StateMachineUpdater:cee6b86e-e629-45c9-9c42-7061c1d64ecd:group-911D37771303: set stopIndex = 0
2019-09-19 04:33:39,462 [main] INFO  impl.RaftServerImpl (ServerState.java:close(394)) - cee6b86e-e629-45c9-9c42-7061c1d64ecd:group-911D37771303 closes. The last applied log index is 0
2019-09-19 04:33:39,462 [cee6b86e-e629-45c9-9c42-7061c1d64ecd-SegmentedRaftLogWorker:Storage Directory /workdir/hadoop-ozone/integration-test/target/test-dir/MiniOzoneClusterImpl-0025b056-fb6b-4693-853a-894456f5f8ea/datanode-5/data/ratis/a25694fb-5566-4b08-80a6-911d37771303] INFO  segmented.SegmentedRaftLogWorker (SegmentedRaftLogWorker.java:run(313)) - cee6b86e-e629-45c9-9c42-7061c1d64ecd-SegmentedRaftLogWorker:Storage Directory /workdir/hadoop-ozone/integration-test/target/test-dir/MiniOzoneClusterImpl-0025b056-fb6b-4693-853a-894456f5f8ea/datanode-5/data/ratis/a25694fb-5566-4b08-80a6-911d37771303 was interrupted, exiting. There are 0 tasks remaining in the queue.
2019-09-19 04:33:39,463 [main] INFO  segmented.SegmentedRaftLogWorker (SegmentedRaftLogWorker.java:close(228)) - cee6b86e-e629-45c9-9c42-7061c1d64ecd-SegmentedRaftLogWorker:Storage Directory /workdir/hadoop-ozone/integration-test/target/test-dir/MiniOzoneClusterImpl-0025b056-fb6b-4693-853a-894456f5f8ea/datanode-5/data/ratis/a25694fb-5566-4b08-80a6-911d37771303 close()
2019-09-19 04:33:39,463 [main] INFO  server.GrpcService (GrpcService.java:closeImpl(155)) - cee6b86e-e629-45c9-9c42-7061c1d64ecd: shutdown server with port 42417 now
2019-09-19 04:33:39,466 [main] INFO  server.GrpcService (GrpcService.java:closeImpl(163)) - cee6b86e-e629-45c9-9c42-7061c1d64ecd: shutdown server with port 42417 successfully
2019-09-19 04:33:39,467 [main] INFO  utils.BackgroundService (BackgroundService.java:shutdown(148)) - Shutting down service BlockDeletingService
2019-09-19 04:33:39,470 [refreshUsed-/workdir/hadoop-ozone/integration-test/target/test-dir/MiniOzoneClusterImpl-0025b056-fb6b-4693-853a-894456f5f8ea/datanode-5/data/containers] WARN  fs.CachingGetSpaceUsed (CachingGetSpaceUsed.java:run(183)) - Thread Interrupted waiting to refresh disk information: sleep interrupted
2019-09-19 04:33:39,490 [main] INFO  statemachine.DatanodeStateMachine (DatanodeStateMachine.java:stopDaemon(401)) - Ozone container server stopped.
2019-09-19 04:33:39,492 [main] INFO  handler.ContextHandler (ContextHandler.java:doStop(910)) - Stopped o.e.j.w.WebAppContext@71eff6a3{/,null,UNAVAILABLE}{/hddsDatanode}
2019-09-19 04:33:39,492 [main] INFO  server.AbstractConnector (AbstractConnector.java:doStop(318)) - Stopped ServerConnector@574218f{HTTP/1.1,[http/1.1]}{0.0.0.0:0}
2019-09-19 04:33:39,494 [main] INFO  handler.ContextHandler (ContextHandler.java:doStop(910)) - Stopped o.e.j.s.ServletContextHandler@11e24688{/static,jar:file:/home/user/.m2/repository/org/apache/hadoop/hadoop-hdds-container-service/0.5.0-SNAPSHOT/hadoop-hdds-container-service-0.5.0-SNAPSHOT.jar!/webapps/static,UNAVAILABLE}
2019-09-19 04:33:39,495 [main] INFO  handler.ContextHandler (ContextHandler.java:doStop(910)) - Stopped o.e.j.s.ServletContextHandler@28e91f6d{/logs,file:///workdir/hadoop-ozone/integration-test/target/log,UNAVAILABLE}
2019-09-19 04:33:39,496 [main] INFO  ozone.MiniOzoneClusterImpl (MiniOzoneClusterImpl.java:stop(359)) - Stopping the StorageContainerManager
2019-09-19 04:33:39,496 [main] INFO  server.StorageContainerManager (StorageContainerManager.java:stop(799)) - Stopping Replication Manager Service.
2019-09-19 04:33:39,496 [main] INFO  container.ReplicationManager (ReplicationManager.java:stop(192)) - Stopping Replication Monitor Thread.
2019-09-19 04:33:39,496 [main] INFO  server.StorageContainerManager (StorageContainerManager.java:stop(806)) - Stopping Lease Manager of the command watchers
2019-09-19 04:33:39,496 [main] INFO  server.StorageContainerManager (StorageContainerManager.java:stop(813)) - Stopping datanode service RPC server
2019-09-19 04:33:39,497 [main] INFO  server.SCMDatanodeProtocolServer (SCMDatanodeProtocolServer.java:stop(387)) - Stopping the RPC server for DataNodes
2019-09-19 04:33:39,497 [main] INFO  ipc.Server (Server.java:stop(3082)) - Stopping server on 36183
2019-09-19 04:33:39,500 [IPC Server listener on 36183] INFO  ipc.Server (Server.java:run(1185)) - Stopping IPC Server listener on 36183
2019-09-19 04:33:39,500 [IPC Server Responder] INFO  ipc.Server (Server.java:run(1319)) - Stopping IPC Server Responder
2019-09-19 04:33:39,522 [SCM Heartbeat Processing Thread - 0] WARN  node.NodeStateManager (NodeStateManager.java:scheduleNextHealthCheck(655)) - Current Thread is interrupted, shutting down HB processing thread for Node Manager.
2019-09-19 04:33:39,522 [main] INFO  server.StorageContainerManager (StorageContainerManager.java:stop(821)) - Stopping block service RPC server
2019-09-19 04:33:39,522 [main] INFO  server.SCMBlockProtocolServer (SCMBlockProtocolServer.java:stop(148)) - Stopping the RPC server for Block Protocol
2019-09-19 04:33:39,523 [main] INFO  ipc.Server (Server.java:stop(3082)) - Stopping server on 34834
2019-09-19 04:33:39,525 [IPC Server listener on 34834] INFO  ipc.Server (Server.java:run(1185)) - Stopping IPC Server listener on 34834
2019-09-19 04:33:39,525 [main] INFO  server.StorageContainerManager (StorageContainerManager.java:stop(828)) - Stopping the StorageContainerLocationProtocol RPC server
2019-09-19 04:33:39,525 [IPC Server Responder] INFO  ipc.Server (Server.java:run(1319)) - Stopping IPC Server Responder
2019-09-19 04:33:39,526 [main] INFO  server.SCMClientProtocolServer (SCMClientProtocolServer.java:stop(159)) - Stopping the RPC server for Client Protocol
2019-09-19 04:33:39,527 [main] INFO  ipc.Server (Server.java:stop(3082)) - Stopping server on 40168
2019-09-19 04:33:39,528 [IPC Server listener on 40168] INFO  ipc.Server (Server.java:run(1185)) - Stopping IPC Server listener on 40168
2019-09-19 04:33:39,529 [main] INFO  server.StorageContainerManager (StorageContainerManager.java:stop(835)) - Stopping Storage Container Manager HTTP server.
2019-09-19 04:33:39,530 [IPC Server Responder] INFO  ipc.Server (Server.java:run(1319)) - Stopping IPC Server Responder
2019-09-19 04:33:39,531 [main] INFO  handler.ContextHandler (ContextHandler.java:doStop(910)) - Stopped o.e.j.w.WebAppContext@438aaa9f{/,null,UNAVAILABLE}{/scm}
2019-09-19 04:33:39,532 [main] INFO  server.AbstractConnector (AbstractConnector.java:doStop(318)) - Stopped ServerConnector@3f06ebe0{HTTP/1.1,[http/1.1]}{0.0.0.0:0}
2019-09-19 04:33:39,532 [main] INFO  handler.ContextHandler (ContextHandler.java:doStop(910)) - Stopped o.e.j.s.ServletContextHandler@79d4ff58{/static,file:///workdir/hadoop-ozone/integration-test/target/test-classes/webapps/static,UNAVAILABLE}
2019-09-19 04:33:39,533 [main] INFO  handler.ContextHandler (ContextHandler.java:doStop(910)) - Stopped o.e.j.s.ServletContextHandler@7433ca19{/logs,file:///workdir/hadoop-ozone/integration-test/target/log,UNAVAILABLE}
2019-09-19 04:33:39,534 [main] INFO  server.StorageContainerManager (StorageContainerManager.java:stop(846)) - Stopping Block Manager Service.
2019-09-19 04:33:39,534 [main] INFO  utils.BackgroundService (BackgroundService.java:shutdown(148)) - Shutting down service SCMBlockDeletingService
2019-09-19 04:33:39,534 [main] INFO  utils.BackgroundService (BackgroundService.java:shutdown(148)) - Shutting down service SCMBlockDeletingService
2019-09-19 04:33:39,535 [main] INFO  server.StorageContainerManager (StorageContainerManager.java:stop(868)) - Stopping SCM Event Queue.
2019-09-19 04:33:39,540 [main] INFO  impl.MetricsSystemImpl (MetricsSystemImpl.java:stop(210)) - Stopping HddsDatanode metrics system...
2019-09-19 04:33:39,546 [main] INFO  impl.MetricsSystemImpl (MetricsSystemImpl.java:stop(216)) - HddsDatanode metrics system stopped.
]]></system-out>
    <system-err><![CDATA[Sep 19, 2019 4:28:02 AM com.sun.jersey.server.impl.application.WebApplicationImpl _initiate
INFO: Initiating Jersey application, version 'Jersey: 1.19 02/11/2015 03:25 AM'
Sep 19, 2019 4:28:03 AM com.sun.jersey.server.impl.application.WebApplicationImpl _initiate
INFO: Initiating Jersey application, version 'Jersey: 1.19 02/11/2015 03:25 AM'
Sep 19, 2019 4:28:03 AM com.sun.jersey.server.impl.application.WebApplicationImpl _initiate
INFO: Initiating Jersey application, version 'Jersey: 1.19 02/11/2015 03:25 AM'
Sep 19, 2019 4:28:03 AM com.sun.jersey.server.impl.application.WebApplicationImpl _initiate
INFO: Initiating Jersey application, version 'Jersey: 1.19 02/11/2015 03:25 AM'
Sep 19, 2019 4:28:04 AM com.sun.jersey.server.impl.application.WebApplicationImpl _initiate
INFO: Initiating Jersey application, version 'Jersey: 1.19 02/11/2015 03:25 AM'
Sep 19, 2019 4:28:04 AM com.sun.jersey.server.impl.application.WebApplicationImpl _initiate
INFO: Initiating Jersey application, version 'Jersey: 1.19 02/11/2015 03:25 AM'
Sep 19, 2019 4:28:04 AM com.sun.jersey.server.impl.application.WebApplicationImpl _initiate
INFO: Initiating Jersey application, version 'Jersey: 1.19 02/11/2015 03:25 AM'
]]></system-err>
  </testcase>
</testsuite>