<?xml version="1.0" encoding="UTF-8"?>
<testsuite xmlns:xsi="http://www.w3.org/2001/XMLSchema-instance" xsi:noNamespaceSchemaLocation="https://maven.apache.org/surefire/maven-surefire-plugin/xsd/surefire-test-report.xsd" name="org.apache.hadoop.hdds.scm.pipeline.TestPipelineClose" time="95.266" tests="4" errors="0" skipped="0" failures="1">
  <properties>
    <property name="awt.toolkit" value="sun.awt.X11.XToolkit"/>
    <property name="file.encoding.pkg" value="sun.io"/>
    <property name="java.specification.version" value="1.8"/>
    <property name="sun.cpu.isalist" value=""/>
    <property name="sun.jnu.encoding" value="UTF-8"/>
    <property name="java.class.path" value="/workdir/hadoop-ozone/integration-test/target/test-classes:/workdir/hadoop-ozone/integration-test/target/classes:/home/user/.m2/repository/org/apache/hadoop/hadoop-ozone-common/0.5.0-SNAPSHOT/hadoop-ozone-common-0.5.0-SNAPSHOT.jar:/home/user/.m2/repository/org/apache/commons/commons-compress/1.4.1/commons-compress-1.4.1.jar:/home/user/.m2/repository/org/tukaani/xz/1.0/xz-1.0.jar:/home/user/.m2/repository/org/apache/hadoop/hadoop-common/3.2.0/hadoop-common-3.2.0.jar:/home/user/.m2/repository/org/apache/hadoop/hadoop-hdfs/3.2.0/hadoop-hdfs-3.2.0.jar:/home/user/.m2/repository/org/apache/hadoop/hadoop-hdfs-client/3.2.0/hadoop-hdfs-client-3.2.0.jar:/home/user/.m2/repository/com/fasterxml/jackson/core/jackson-annotations/2.9.5/jackson-annotations-2.9.5.jar:/home/user/.m2/repository/org/apache/hadoop/hadoop-hdds-common/0.5.0-SNAPSHOT/hadoop-hdds-common-0.5.0-SNAPSHOT.jar:/home/user/.m2/repository/javax/annotation/javax.annotation-api/1.2/javax.annotation-api-1.2.jar:/home/user/.m2/repository/org/apache/ratis/ratis-server/0.4.0-2337318-SNAPSHOT/ratis-server-0.4.0-2337318-SNAPSHOT.jar:/home/user/.m2/repository/org/apache/ratis/ratis-thirdparty-misc/0.2.0/ratis-thirdparty-misc-0.2.0.jar:/home/user/.m2/repository/org/apache/ratis/ratis-proto/0.4.0-2337318-SNAPSHOT/ratis-proto-0.4.0-2337318-SNAPSHOT.jar:/home/user/.m2/repository/org/apache/ratis/ratis-common/0.4.0-2337318-SNAPSHOT/ratis-common-0.4.0-2337318-SNAPSHOT.jar:/home/user/.m2/repository/org/apache/ratis/ratis-client/0.4.0-2337318-SNAPSHOT/ratis-client-0.4.0-2337318-SNAPSHOT.jar:/home/user/.m2/repository/org/apache/ratis/ratis-metrics/0.4.0-2337318-SNAPSHOT/ratis-metrics-0.4.0-2337318-SNAPSHOT.jar:/home/user/.m2/repository/org/apache/ratis/ratis-netty/0.4.0-2337318-SNAPSHOT/ratis-netty-0.4.0-2337318-SNAPSHOT.jar:/home/user/.m2/repository/org/apache/ratis/ratis-grpc/0.4.0-2337318-SNAPSHOT/ratis-grpc-0.4.0-2337318-SNAPSHOT.jar:/home/user/.m2/repository/org/rocksdb/rocksdbjni/6.0.1/rocksdbjni-6.0.1.jar:/home/user/.m2/repository/org/apache/logging/log4j/log4j-api/2.11.0/log4j-api-2.11.0.jar:/home/user/.m2/repository/org/apache/logging/log4j/log4j-core/2.11.0/log4j-core-2.11.0.jar:/home/user/.m2/repository/com/lmax/disruptor/3.4.2/disruptor-3.4.2.jar:/home/user/.m2/repository/org/apache/commons/commons-pool2/2.6.0/commons-pool2-2.6.0.jar:/home/user/.m2/repository/org/bouncycastle/bcpkix-jdk15on/1.60/bcpkix-jdk15on-1.60.jar:/home/user/.m2/repository/commons-validator/commons-validator/1.6/commons-validator-1.6.jar:/home/user/.m2/repository/commons-digester/commons-digester/1.8.1/commons-digester-1.8.1.jar:/home/user/.m2/repository/io/jaegertracing/jaeger-client/0.33.1/jaeger-client-0.33.1.jar:/home/user/.m2/repository/io/jaegertracing/jaeger-thrift/0.33.1/jaeger-thrift-0.33.1.jar:/home/user/.m2/repository/org/apache/thrift/libthrift/0.11.0/libthrift-0.11.0.jar:/home/user/.m2/repository/com/squareup/okhttp3/okhttp/3.9.0/okhttp-3.9.0.jar:/home/user/.m2/repository/com/squareup/okio/okio/1.13.0/okio-1.13.0.jar:/home/user/.m2/repository/io/jaegertracing/jaeger-core/0.33.1/jaeger-core-0.33.1.jar:/home/user/.m2/repository/io/jaegertracing/jaeger-tracerresolver/0.33.1/jaeger-tracerresolver-0.33.1.jar:/home/user/.m2/repository/io/opentracing/contrib/opentracing-tracerresolver/0.1.5/opentracing-tracerresolver-0.1.5.jar:/home/user/.m2/repository/io/opentracing/opentracing-util/0.31.0/opentracing-util-0.31.0.jar:/home/user/.m2/repository/io/opentracing/opentracing-api/0.31.0/opentracing-api-0.31.0.jar:/home/user/.m2/repository/io/opentracing/opentracing-noop/0.31.0/opentracing-noop-0.31.0.jar:/home/user/.m2/repository/org/apache/hadoop/hadoop-hdds-server-framework/0.5.0-SNAPSHOT/hadoop-hdds-server-framework-0.5.0-SNAPSHOT.jar:/home/user/.m2/repository/org/apache/hadoop/hadoop-hdds-container-service/0.5.0-SNAPSHOT/hadoop-hdds-container-service-0.5.0-SNAPSHOT.jar:/home/user/.m2/repository/org/apache/hadoop/hadoop-hdds-client/0.5.0-SNAPSHOT/hadoop-hdds-client-0.5.0-SNAPSHOT.jar:/home/user/.m2/repository/org/apache/hadoop/hadoop-hdds-tools/0.5.0-SNAPSHOT/hadoop-hdds-tools-0.5.0-SNAPSHOT.jar:/home/user/.m2/repository/org/apache/hadoop/hadoop-hdds-server-scm/0.5.0-SNAPSHOT/hadoop-hdds-server-scm-0.5.0-SNAPSHOT.jar:/home/user/.m2/repository/org/apache/hadoop/hadoop-hdds-docs/0.5.0-SNAPSHOT/hadoop-hdds-docs-0.5.0-SNAPSHOT.jar:/home/user/.m2/repository/io/dropwizard/metrics/metrics-core/3.2.4/metrics-core-3.2.4.jar:/home/user/.m2/repository/org/hamcrest/hamcrest-all/1.3/hamcrest-all-1.3.jar:/home/user/.m2/repository/org/bouncycastle/bcprov-jdk15on/1.60/bcprov-jdk15on-1.60.jar:/home/user/.m2/repository/info/picocli/picocli/3.9.6/picocli-3.9.6.jar:/home/user/.m2/repository/com/google/protobuf/protobuf-java/2.5.0/protobuf-java-2.5.0.jar:/home/user/.m2/repository/com/google/guava/guava/11.0.2/guava-11.0.2.jar:/home/user/.m2/repository/org/apache/hadoop/hadoop-ozone-ozone-manager/0.5.0-SNAPSHOT/hadoop-ozone-ozone-manager-0.5.0-SNAPSHOT.jar:/home/user/.m2/repository/org/apache/hadoop/hadoop-minikdc/3.2.0/hadoop-minikdc-3.2.0.jar:/home/user/.m2/repository/commons-io/commons-io/2.5/commons-io-2.5.jar:/home/user/.m2/repository/org/apache/kerby/kerb-simplekdc/1.0.1/kerb-simplekdc-1.0.1.jar:/home/user/.m2/repository/org/apache/kerby/kerb-client/1.0.1/kerb-client-1.0.1.jar:/home/user/.m2/repository/org/apache/kerby/kerby-config/1.0.1/kerby-config-1.0.1.jar:/home/user/.m2/repository/org/apache/kerby/kerb-core/1.0.1/kerb-core-1.0.1.jar:/home/user/.m2/repository/org/apache/kerby/kerby-pkix/1.0.1/kerby-pkix-1.0.1.jar:/home/user/.m2/repository/org/apache/kerby/kerby-asn1/1.0.1/kerby-asn1-1.0.1.jar:/home/user/.m2/repository/org/apache/kerby/kerby-util/1.0.1/kerby-util-1.0.1.jar:/home/user/.m2/repository/org/apache/kerby/kerb-common/1.0.1/kerb-common-1.0.1.jar:/home/user/.m2/repository/org/apache/kerby/kerb-crypto/1.0.1/kerb-crypto-1.0.1.jar:/home/user/.m2/repository/org/apache/kerby/kerb-util/1.0.1/kerb-util-1.0.1.jar:/home/user/.m2/repository/org/apache/kerby/token-provider/1.0.1/token-provider-1.0.1.jar:/home/user/.m2/repository/org/apache/kerby/kerb-admin/1.0.1/kerb-admin-1.0.1.jar:/home/user/.m2/repository/org/apache/kerby/kerb-server/1.0.1/kerb-server-1.0.1.jar:/home/user/.m2/repository/org/apache/kerby/kerb-identity/1.0.1/kerb-identity-1.0.1.jar:/home/user/.m2/repository/org/apache/kerby/kerby-xdr/1.0.1/kerby-xdr-1.0.1.jar:/home/user/.m2/repository/org/slf4j/slf4j-log4j12/1.7.25/slf4j-log4j12-1.7.25.jar:/home/user/.m2/repository/org/apache/hadoop/hadoop-ozone-objectstore-service/0.5.0-SNAPSHOT/hadoop-ozone-objectstore-service-0.5.0-SNAPSHOT.jar:/home/user/.m2/repository/org/apache/hadoop/hadoop-ozone-s3gateway/0.5.0-SNAPSHOT/hadoop-ozone-s3gateway-0.5.0-SNAPSHOT.jar:/home/user/.m2/repository/org/jboss/weld/servlet/weld-servlet/2.4.7.Final/weld-servlet-2.4.7.Final.jar:/home/user/.m2/repository/org/glassfish/jersey/containers/jersey-container-servlet-core/2.27/jersey-container-servlet-core-2.27.jar:/home/user/.m2/repository/org/glassfish/hk2/external/javax.inject/2.5.0-b42/javax.inject-2.5.0-b42.jar:/home/user/.m2/repository/org/glassfish/jersey/core/jersey-common/2.27/jersey-common-2.27.jar:/home/user/.m2/repository/org/glassfish/hk2/osgi-resource-locator/1.0.1/osgi-resource-locator-1.0.1.jar:/home/user/.m2/repository/javax/ws/rs/javax.ws.rs-api/2.1/javax.ws.rs-api-2.1.jar:/home/user/.m2/repository/org/glassfish/jersey/ext/cdi/jersey-cdi1x/2.27/jersey-cdi1x-2.27.jar:/home/user/.m2/repository/org/glassfish/jersey/inject/jersey-hk2/2.27/jersey-hk2-2.27.jar:/home/user/.m2/repository/org/glassfish/hk2/hk2-locator/2.5.0-b42/hk2-locator-2.5.0-b42.jar:/home/user/.m2/repository/org/javassist/javassist/3.22.0-CR2/javassist-3.22.0-CR2.jar:/home/user/.m2/repository/org/glassfish/hk2/hk2-api/2.5.0/hk2-api-2.5.0.jar:/home/user/.m2/repository/org/glassfish/hk2/external/jakarta.inject/2.5.0/jakarta.inject-2.5.0.jar:/home/user/.m2/repository/org/glassfish/hk2/hk2-utils/2.5.0/hk2-utils-2.5.0.jar:/home/user/.m2/repository/jakarta/annotation/jakarta.annotation-api/1.3.4/jakarta.annotation-api-1.3.4.jar:/home/user/.m2/repository/org/glassfish/hk2/external/aopalliance-repackaged/2.5.0/aopalliance-repackaged-2.5.0.jar:/home/user/.m2/repository/com/fasterxml/jackson/dataformat/jackson-dataformat-xml/2.9.0/jackson-dataformat-xml-2.9.0.jar:/home/user/.m2/repository/com/fasterxml/jackson/core/jackson-core/2.9.5/jackson-core-2.9.5.jar:/home/user/.m2/repository/com/fasterxml/jackson/module/jackson-module-jaxb-annotations/2.9.5/jackson-module-jaxb-annotations-2.9.5.jar:/home/user/.m2/repository/javax/enterprise/cdi-api/1.2/cdi-api-1.2.jar:/home/user/.m2/repository/javax/el/javax.el-api/3.0.0/javax.el-api-3.0.0.jar:/home/user/.m2/repository/javax/interceptor/javax.interceptor-api/1.2/javax.interceptor-api-1.2.jar:/home/user/.m2/repository/javax/inject/javax.inject/1/javax.inject-1.jar:/home/user/.m2/repository/com/sun/xml/bind/jaxb-impl/2.3.0.1/jaxb-impl-2.3.0.1.jar:/home/user/.m2/repository/com/sun/xml/bind/jaxb-core/2.3.0.1/jaxb-core-2.3.0.1.jar:/home/user/.m2/repository/javax/xml/bind/jaxb-api/2.3.0/jaxb-api-2.3.0.jar:/home/user/.m2/repository/javax/activation/activation/1.1.1/activation-1.1.1.jar:/home/user/.m2/repository/org/apache/hadoop/hadoop-ozone-csi/0.5.0-SNAPSHOT/hadoop-ozone-csi-0.5.0-SNAPSHOT.jar:/home/user/.m2/repository/com/google/protobuf/protobuf-java-util/3.5.1/protobuf-java-util-3.5.1.jar:/home/user/.m2/repository/org/apache/hadoop/hadoop-hdds-config/0.5.0-SNAPSHOT/hadoop-hdds-config-0.5.0-SNAPSHOT.jar:/home/user/.m2/repository/io/grpc/grpc-netty/1.17.1/grpc-netty-1.17.1.jar:/home/user/.m2/repository/io/grpc/grpc-core/1.17.1/grpc-core-1.17.1.jar:/home/user/.m2/repository/io/grpc/grpc-context/1.17.1/grpc-context-1.17.1.jar:/home/user/.m2/repository/com/google/errorprone/error_prone_annotations/2.2.0/error_prone_annotations-2.2.0.jar:/home/user/.m2/repository/org/codehaus/mojo/animal-sniffer-annotations/1.17/animal-sniffer-annotations-1.17.jar:/home/user/.m2/repository/io/opencensus/opencensus-api/0.17.0/opencensus-api-0.17.0.jar:/home/user/.m2/repository/io/opencensus/opencensus-contrib-grpc-metrics/0.17.0/opencensus-contrib-grpc-metrics-0.17.0.jar:/home/user/.m2/repository/io/netty/netty-codec-http2/4.1.30.Final/netty-codec-http2-4.1.30.Final.jar:/home/user/.m2/repository/io/netty/netty-codec-http/4.1.30.Final/netty-codec-http-4.1.30.Final.jar:/home/user/.m2/repository/io/netty/netty-codec/4.1.30.Final/netty-codec-4.1.30.Final.jar:/home/user/.m2/repository/io/netty/netty-handler/4.1.30.Final/netty-handler-4.1.30.Final.jar:/home/user/.m2/repository/io/netty/netty-handler-proxy/4.1.30.Final/netty-handler-proxy-4.1.30.Final.jar:/home/user/.m2/repository/io/netty/netty-codec-socks/4.1.30.Final/netty-codec-socks-4.1.30.Final.jar:/home/user/.m2/repository/io/netty/netty-transport-native-epoll/4.1.30.Final/netty-transport-native-epoll-4.1.30.Final.jar:/home/user/.m2/repository/io/netty/netty-common/4.1.30.Final/netty-common-4.1.30.Final.jar:/home/user/.m2/repository/io/netty/netty-buffer/4.1.30.Final/netty-buffer-4.1.30.Final.jar:/home/user/.m2/repository/io/netty/netty-transport/4.1.30.Final/netty-transport-4.1.30.Final.jar:/home/user/.m2/repository/io/netty/netty-resolver/4.1.30.Final/netty-resolver-4.1.30.Final.jar:/home/user/.m2/repository/io/netty/netty-transport-native-unix-common/4.1.30.Final/netty-transport-native-unix-common-4.1.30.Final.jar:/home/user/.m2/repository/io/grpc/grpc-protobuf/1.17.1/grpc-protobuf-1.17.1.jar:/home/user/.m2/repository/com/google/api/grpc/proto-google-common-protos/1.0.0/proto-google-common-protos-1.0.0.jar:/home/user/.m2/repository/io/grpc/grpc-protobuf-lite/1.17.1/grpc-protobuf-lite-1.17.1.jar:/home/user/.m2/repository/io/grpc/grpc-stub/1.17.1/grpc-stub-1.17.1.jar:/home/user/.m2/repository/org/apache/hadoop/hadoop-ozone-recon/0.5.0-SNAPSHOT/hadoop-ozone-recon-0.5.0-SNAPSHOT.jar:/home/user/.m2/repository/org/apache/hadoop/hadoop-ozone-reconcodegen/0.5.0-SNAPSHOT/hadoop-ozone-reconcodegen-0.5.0-SNAPSHOT.jar:/home/user/.m2/repository/com/google/inject/extensions/guice-multibindings/4.0/guice-multibindings-4.0.jar:/home/user/.m2/repository/com/google/inject/guice/4.0/guice-4.0.jar:/home/user/.m2/repository/aopalliance/aopalliance/1.0/aopalliance-1.0.jar:/home/user/.m2/repository/com/google/inject/extensions/guice-servlet/4.0/guice-servlet-4.0.jar:/home/user/.m2/repository/org/glassfish/jersey/containers/jersey-container-servlet/2.27/jersey-container-servlet-2.27.jar:/home/user/.m2/repository/org/glassfish/hk2/guice-bridge/2.5.0/guice-bridge-2.5.0.jar:/home/user/.m2/repository/org/glassfish/jersey/core/jersey-server/2.27/jersey-server-2.27.jar:/home/user/.m2/repository/org/glassfish/jersey/core/jersey-client/2.27/jersey-client-2.27.jar:/home/user/.m2/repository/org/glassfish/jersey/media/jersey-media-jaxb/2.27/jersey-media-jaxb-2.27.jar:/home/user/.m2/repository/javax/validation/validation-api/1.1.0.Final/validation-api-1.1.0.Final.jar:/home/user/.m2/repository/org/glassfish/jersey/media/jersey-media-json-jackson/2.27/jersey-media-json-jackson-2.27.jar:/home/user/.m2/repository/org/glassfish/jersey/ext/jersey-entity-filtering/2.27/jersey-entity-filtering-2.27.jar:/home/user/.m2/repository/com/google/inject/extensions/guice-assistedinject/4.0/guice-assistedinject-4.0.jar:/home/user/.m2/repository/org/jooq/jooq/3.11.10/jooq-3.11.10.jar:/home/user/.m2/repository/org/jooq/jooq-meta/3.11.10/jooq-meta-3.11.10.jar:/home/user/.m2/repository/org/jooq/jooq-codegen/3.11.10/jooq-codegen-3.11.10.jar:/home/user/.m2/repository/com/jolbox/bonecp/0.8.0.RELEASE/bonecp-0.8.0.RELEASE.jar:/home/user/.m2/repository/org/xerial/sqlite-jdbc/3.25.2/sqlite-jdbc-3.25.2.jar:/home/user/.m2/repository/org/springframework/spring-jdbc/5.1.3.RELEASE/spring-jdbc-5.1.3.RELEASE.jar:/home/user/.m2/repository/org/springframework/spring-beans/5.1.3.RELEASE/spring-beans-5.1.3.RELEASE.jar:/home/user/.m2/repository/org/springframework/spring-core/5.1.3.RELEASE/spring-core-5.1.3.RELEASE.jar:/home/user/.m2/repository/org/springframework/spring-jcl/5.1.3.RELEASE/spring-jcl-5.1.3.RELEASE.jar:/home/user/.m2/repository/org/springframework/spring-tx/5.1.3.RELEASE/spring-tx-5.1.3.RELEASE.jar:/home/user/.m2/repository/org/apache/hadoop/hadoop-ozone-client/0.5.0-SNAPSHOT/hadoop-ozone-client-0.5.0-SNAPSHOT.jar:/home/user/.m2/repository/commons-lang/commons-lang/2.6/commons-lang-2.6.jar:/home/user/.m2/repository/org/apache/hadoop/hadoop-ozone-ozone-manager/0.5.0-SNAPSHOT/hadoop-ozone-ozone-manager-0.5.0-SNAPSHOT-tests.jar:/home/user/.m2/repository/junit/junit/4.11/junit-4.11.jar:/home/user/.m2/repository/org/hamcrest/hamcrest-core/1.3/hamcrest-core-1.3.jar:/home/user/.m2/repository/org/openjdk/jmh/jmh-core/1.19/jmh-core-1.19.jar:/home/user/.m2/repository/net/sf/jopt-simple/jopt-simple/4.6/jopt-simple-4.6.jar:/home/user/.m2/repository/org/apache/commons/commons-math3/3.1.1/commons-math3-3.1.1.jar:/home/user/.m2/repository/org/openjdk/jmh/jmh-generator-annprocess/1.19/jmh-generator-annprocess-1.19.jar:/home/user/.m2/repository/org/mockito/mockito-all/1.8.5/mockito-all-1.8.5.jar:/home/user/.m2/repository/org/apache/hadoop/hadoop-kms/3.2.0/hadoop-kms-3.2.0.jar:/home/user/.m2/repository/org/apache/hadoop/hadoop-auth/3.2.0/hadoop-auth-3.2.0.jar:/home/user/.m2/repository/com/nimbusds/nimbus-jose-jwt/4.41.1/nimbus-jose-jwt-4.41.1.jar:/home/user/.m2/repository/com/github/stephenc/jcip/jcip-annotations/1.0-1/jcip-annotations-1.0-1.jar:/home/user/.m2/repository/net/minidev/json-smart/2.3/json-smart-2.3.jar:/home/user/.m2/repository/net/minidev/accessors-smart/1.2/accessors-smart-1.2.jar:/home/user/.m2/repository/org/ow2/asm/asm/5.0.4/asm-5.0.4.jar:/home/user/.m2/repository/org/apache/curator/curator-framework/2.12.0/curator-framework-2.12.0.jar:/home/user/.m2/repository/com/sun/jersey/jersey-core/1.19/jersey-core-1.19.jar:/home/user/.m2/repository/javax/ws/rs/jsr311-api/1.1.1/jsr311-api-1.1.1.jar:/home/user/.m2/repository/com/sun/jersey/jersey-server/1.19/jersey-server-1.19.jar:/home/user/.m2/repository/javax/servlet/javax.servlet-api/3.1.0/javax.servlet-api-3.1.0.jar:/home/user/.m2/repository/org/eclipse/jetty/jetty-server/9.3.24.v20180605/jetty-server-9.3.24.v20180605.jar:/home/user/.m2/repository/org/eclipse/jetty/jetty-http/9.3.24.v20180605/jetty-http-9.3.24.v20180605.jar:/home/user/.m2/repository/org/eclipse/jetty/jetty-io/9.3.24.v20180605/jetty-io-9.3.24.v20180605.jar:/home/user/.m2/repository/org/eclipse/jetty/jetty-webapp/9.3.24.v20180605/jetty-webapp-9.3.24.v20180605.jar:/home/user/.m2/repository/org/eclipse/jetty/jetty-xml/9.3.24.v20180605/jetty-xml-9.3.24.v20180605.jar:/home/user/.m2/repository/log4j/log4j/1.2.17/log4j-1.2.17.jar:/home/user/.m2/repository/org/slf4j/slf4j-api/1.7.25/slf4j-api-1.7.25.jar:/home/user/.m2/repository/org/slf4j/jul-to-slf4j/1.7.25/jul-to-slf4j-1.7.25.jar:/home/user/.m2/repository/org/eclipse/jetty/jetty-util/9.3.24.v20180605/jetty-util-9.3.24.v20180605.jar:/home/user/.m2/repository/com/fasterxml/jackson/core/jackson-databind/2.9.5/jackson-databind-2.9.5.jar:/home/user/.m2/repository/org/apache/hadoop/hadoop-kms/3.2.0/hadoop-kms-3.2.0-tests.jar:/home/user/.m2/repository/org/apache/hadoop/hadoop-hdds-server-scm/0.5.0-SNAPSHOT/hadoop-hdds-server-scm-0.5.0-SNAPSHOT-tests.jar:/home/user/.m2/repository/org/apache/hadoop/hadoop-hdds-container-service/0.5.0-SNAPSHOT/hadoop-hdds-container-service-0.5.0-SNAPSHOT-tests.jar:/home/user/.m2/repository/org/yaml/snakeyaml/1.16/snakeyaml-1.16.jar:/home/user/.m2/repository/org/apache/hadoop/hadoop-common/3.2.0/hadoop-common-3.2.0-tests.jar:/home/user/.m2/repository/org/apache/hadoop/hadoop-annotations/3.2.0/hadoop-annotations-3.2.0.jar:/usr/lib/jvm/java-1.8-openjdk/jre/../lib/tools.jar:/home/user/.m2/repository/commons-cli/commons-cli/1.2/commons-cli-1.2.jar:/home/user/.m2/repository/org/apache/httpcomponents/httpclient/4.5.2/httpclient-4.5.2.jar:/home/user/.m2/repository/org/apache/httpcomponents/httpcore/4.4.4/httpcore-4.4.4.jar:/home/user/.m2/repository/commons-codec/commons-codec/1.11/commons-codec-1.11.jar:/home/user/.m2/repository/commons-net/commons-net/3.6/commons-net-3.6.jar:/home/user/.m2/repository/commons-collections/commons-collections/3.2.2/commons-collections-3.2.2.jar:/home/user/.m2/repository/org/eclipse/jetty/jetty-servlet/9.3.24.v20180605/jetty-servlet-9.3.24.v20180605.jar:/home/user/.m2/repository/org/eclipse/jetty/jetty-security/9.3.24.v20180605/jetty-security-9.3.24.v20180605.jar:/home/user/.m2/repository/javax/servlet/jsp/jsp-api/2.1/jsp-api-2.1.jar:/home/user/.m2/repository/com/sun/jersey/jersey-servlet/1.19/jersey-servlet-1.19.jar:/home/user/.m2/repository/com/sun/jersey/jersey-json/1.19/jersey-json-1.19.jar:/home/user/.m2/repository/org/codehaus/jettison/jettison/1.1/jettison-1.1.jar:/home/user/.m2/repository/org/codehaus/jackson/jackson-core-asl/1.9.13/jackson-core-asl-1.9.13.jar:/home/user/.m2/repository/org/codehaus/jackson/jackson-mapper-asl/1.9.13/jackson-mapper-asl-1.9.13.jar:/home/user/.m2/repository/org/codehaus/jackson/jackson-jaxrs/1.9.13/jackson-jaxrs-1.9.13.jar:/home/user/.m2/repository/org/codehaus/jackson/jackson-xc/1.9.13/jackson-xc-1.9.13.jar:/home/user/.m2/repository/commons-logging/commons-logging/1.1.3/commons-logging-1.1.3.jar:/home/user/.m2/repository/commons-beanutils/commons-beanutils/1.9.3/commons-beanutils-1.9.3.jar:/home/user/.m2/repository/org/apache/commons/commons-configuration2/2.1.1/commons-configuration2-2.1.1.jar:/home/user/.m2/repository/org/apache/commons/commons-lang3/3.7/commons-lang3-3.7.jar:/home/user/.m2/repository/org/apache/commons/commons-text/1.4/commons-text-1.4.jar:/home/user/.m2/repository/org/apache/avro/avro/1.7.7/avro-1.7.7.jar:/home/user/.m2/repository/com/thoughtworks/paranamer/paranamer/2.3/paranamer-2.3.jar:/home/user/.m2/repository/org/xerial/snappy/snappy-java/1.0.5/snappy-java-1.0.5.jar:/home/user/.m2/repository/com/google/re2j/re2j/1.1/re2j-1.1.jar:/home/user/.m2/repository/com/google/code/gson/gson/2.2.4/gson-2.2.4.jar:/home/user/.m2/repository/com/jcraft/jsch/0.1.54/jsch-0.1.54.jar:/home/user/.m2/repository/org/apache/curator/curator-client/2.12.0/curator-client-2.12.0.jar:/home/user/.m2/repository/org/apache/curator/curator-recipes/2.12.0/curator-recipes-2.12.0.jar:/home/user/.m2/repository/com/google/code/findbugs/jsr305/3.0.0/jsr305-3.0.0.jar:/home/user/.m2/repository/org/apache/htrace/htrace-core4/4.1.0-incubating/htrace-core4-4.1.0-incubating.jar:/home/user/.m2/repository/org/apache/zookeeper/zookeeper/3.4.13/zookeeper-3.4.13.jar:/home/user/.m2/repository/org/apache/yetus/audience-annotations/0.5.0/audience-annotations-0.5.0.jar:/home/user/.m2/repository/org/codehaus/woodstox/stax2-api/3.1.4/stax2-api-3.1.4.jar:/home/user/.m2/repository/com/fasterxml/woodstox/woodstox-core/5.0.3/woodstox-core-5.0.3.jar:/home/user/.m2/repository/dnsjava/dnsjava/2.1.7/dnsjava-2.1.7.jar:/home/user/.m2/repository/org/apache/hadoop/hadoop-hdfs/3.2.0/hadoop-hdfs-3.2.0-tests.jar:/home/user/.m2/repository/org/eclipse/jetty/jetty-util-ajax/9.3.24.v20180605/jetty-util-ajax-9.3.24.v20180605.jar:/home/user/.m2/repository/commons-daemon/commons-daemon/1.0.13/commons-daemon-1.0.13.jar:/home/user/.m2/repository/io/netty/netty/3.10.5.Final/netty-3.10.5.Final.jar:/home/user/.m2/repository/io/netty/netty-all/4.0.52.Final/netty-all-4.0.52.Final.jar:/home/user/.m2/repository/org/fusesource/leveldbjni/leveldbjni-all/1.8/leveldbjni-all-1.8.jar:"/>
    <property name="java.vm.vendor" value="IcedTea"/>
    <property name="sun.arch.data.model" value="64"/>
    <property name="test.build.dir" value="/workdir/hadoop-ozone/integration-test/target/test-dir"/>
    <property name="test.cache.data" value=""/>
    <property name="java.vendor.url" value="https://icedtea.classpath.org"/>
    <property name="user.timezone" value=""/>
    <property name="java.vm.specification.version" value="1.8"/>
    <property name="os.name" value="Linux"/>
    <property name="test.build.data" value="/workdir/hadoop-ozone/integration-test/target/test-dir"/>
    <property name="user.country" value="US"/>
    <property name="sun.java.launcher" value="SUN_STANDARD"/>
    <property name="sun.boot.library.path" value="/usr/lib/jvm/java-1.8-openjdk/jre/lib/amd64"/>
    <property name="sun.java.command" value="/workdir/hadoop-ozone/integration-test/target/surefire/surefirebooter170512093553457318.jar /workdir/hadoop-ozone/integration-test/target/surefire 2019-09-19T03-21-01_553-jvmRun1 surefire2137407357016839735tmp surefire_942508748072672408974tmp"/>
    <property name="test" value="!TestMiniChaosOzoneCluster"/>
    <property name="surefire.test.class.path" value="/workdir/hadoop-ozone/integration-test/target/test-classes:/workdir/hadoop-ozone/integration-test/target/classes:/home/user/.m2/repository/org/apache/hadoop/hadoop-ozone-common/0.5.0-SNAPSHOT/hadoop-ozone-common-0.5.0-SNAPSHOT.jar:/home/user/.m2/repository/org/apache/commons/commons-compress/1.4.1/commons-compress-1.4.1.jar:/home/user/.m2/repository/org/tukaani/xz/1.0/xz-1.0.jar:/home/user/.m2/repository/org/apache/hadoop/hadoop-common/3.2.0/hadoop-common-3.2.0.jar:/home/user/.m2/repository/org/apache/hadoop/hadoop-hdfs/3.2.0/hadoop-hdfs-3.2.0.jar:/home/user/.m2/repository/org/apache/hadoop/hadoop-hdfs-client/3.2.0/hadoop-hdfs-client-3.2.0.jar:/home/user/.m2/repository/com/fasterxml/jackson/core/jackson-annotations/2.9.5/jackson-annotations-2.9.5.jar:/home/user/.m2/repository/org/apache/hadoop/hadoop-hdds-common/0.5.0-SNAPSHOT/hadoop-hdds-common-0.5.0-SNAPSHOT.jar:/home/user/.m2/repository/javax/annotation/javax.annotation-api/1.2/javax.annotation-api-1.2.jar:/home/user/.m2/repository/org/apache/ratis/ratis-server/0.4.0-2337318-SNAPSHOT/ratis-server-0.4.0-2337318-SNAPSHOT.jar:/home/user/.m2/repository/org/apache/ratis/ratis-thirdparty-misc/0.2.0/ratis-thirdparty-misc-0.2.0.jar:/home/user/.m2/repository/org/apache/ratis/ratis-proto/0.4.0-2337318-SNAPSHOT/ratis-proto-0.4.0-2337318-SNAPSHOT.jar:/home/user/.m2/repository/org/apache/ratis/ratis-common/0.4.0-2337318-SNAPSHOT/ratis-common-0.4.0-2337318-SNAPSHOT.jar:/home/user/.m2/repository/org/apache/ratis/ratis-client/0.4.0-2337318-SNAPSHOT/ratis-client-0.4.0-2337318-SNAPSHOT.jar:/home/user/.m2/repository/org/apache/ratis/ratis-metrics/0.4.0-2337318-SNAPSHOT/ratis-metrics-0.4.0-2337318-SNAPSHOT.jar:/home/user/.m2/repository/org/apache/ratis/ratis-netty/0.4.0-2337318-SNAPSHOT/ratis-netty-0.4.0-2337318-SNAPSHOT.jar:/home/user/.m2/repository/org/apache/ratis/ratis-grpc/0.4.0-2337318-SNAPSHOT/ratis-grpc-0.4.0-2337318-SNAPSHOT.jar:/home/user/.m2/repository/org/rocksdb/rocksdbjni/6.0.1/rocksdbjni-6.0.1.jar:/home/user/.m2/repository/org/apache/logging/log4j/log4j-api/2.11.0/log4j-api-2.11.0.jar:/home/user/.m2/repository/org/apache/logging/log4j/log4j-core/2.11.0/log4j-core-2.11.0.jar:/home/user/.m2/repository/com/lmax/disruptor/3.4.2/disruptor-3.4.2.jar:/home/user/.m2/repository/org/apache/commons/commons-pool2/2.6.0/commons-pool2-2.6.0.jar:/home/user/.m2/repository/org/bouncycastle/bcpkix-jdk15on/1.60/bcpkix-jdk15on-1.60.jar:/home/user/.m2/repository/commons-validator/commons-validator/1.6/commons-validator-1.6.jar:/home/user/.m2/repository/commons-digester/commons-digester/1.8.1/commons-digester-1.8.1.jar:/home/user/.m2/repository/io/jaegertracing/jaeger-client/0.33.1/jaeger-client-0.33.1.jar:/home/user/.m2/repository/io/jaegertracing/jaeger-thrift/0.33.1/jaeger-thrift-0.33.1.jar:/home/user/.m2/repository/org/apache/thrift/libthrift/0.11.0/libthrift-0.11.0.jar:/home/user/.m2/repository/com/squareup/okhttp3/okhttp/3.9.0/okhttp-3.9.0.jar:/home/user/.m2/repository/com/squareup/okio/okio/1.13.0/okio-1.13.0.jar:/home/user/.m2/repository/io/jaegertracing/jaeger-core/0.33.1/jaeger-core-0.33.1.jar:/home/user/.m2/repository/io/jaegertracing/jaeger-tracerresolver/0.33.1/jaeger-tracerresolver-0.33.1.jar:/home/user/.m2/repository/io/opentracing/contrib/opentracing-tracerresolver/0.1.5/opentracing-tracerresolver-0.1.5.jar:/home/user/.m2/repository/io/opentracing/opentracing-util/0.31.0/opentracing-util-0.31.0.jar:/home/user/.m2/repository/io/opentracing/opentracing-api/0.31.0/opentracing-api-0.31.0.jar:/home/user/.m2/repository/io/opentracing/opentracing-noop/0.31.0/opentracing-noop-0.31.0.jar:/home/user/.m2/repository/org/apache/hadoop/hadoop-hdds-server-framework/0.5.0-SNAPSHOT/hadoop-hdds-server-framework-0.5.0-SNAPSHOT.jar:/home/user/.m2/repository/org/apache/hadoop/hadoop-hdds-container-service/0.5.0-SNAPSHOT/hadoop-hdds-container-service-0.5.0-SNAPSHOT.jar:/home/user/.m2/repository/org/apache/hadoop/hadoop-hdds-client/0.5.0-SNAPSHOT/hadoop-hdds-client-0.5.0-SNAPSHOT.jar:/home/user/.m2/repository/org/apache/hadoop/hadoop-hdds-tools/0.5.0-SNAPSHOT/hadoop-hdds-tools-0.5.0-SNAPSHOT.jar:/home/user/.m2/repository/org/apache/hadoop/hadoop-hdds-server-scm/0.5.0-SNAPSHOT/hadoop-hdds-server-scm-0.5.0-SNAPSHOT.jar:/home/user/.m2/repository/org/apache/hadoop/hadoop-hdds-docs/0.5.0-SNAPSHOT/hadoop-hdds-docs-0.5.0-SNAPSHOT.jar:/home/user/.m2/repository/io/dropwizard/metrics/metrics-core/3.2.4/metrics-core-3.2.4.jar:/home/user/.m2/repository/org/hamcrest/hamcrest-all/1.3/hamcrest-all-1.3.jar:/home/user/.m2/repository/org/bouncycastle/bcprov-jdk15on/1.60/bcprov-jdk15on-1.60.jar:/home/user/.m2/repository/info/picocli/picocli/3.9.6/picocli-3.9.6.jar:/home/user/.m2/repository/com/google/protobuf/protobuf-java/2.5.0/protobuf-java-2.5.0.jar:/home/user/.m2/repository/com/google/guava/guava/11.0.2/guava-11.0.2.jar:/home/user/.m2/repository/org/apache/hadoop/hadoop-ozone-ozone-manager/0.5.0-SNAPSHOT/hadoop-ozone-ozone-manager-0.5.0-SNAPSHOT.jar:/home/user/.m2/repository/org/apache/hadoop/hadoop-minikdc/3.2.0/hadoop-minikdc-3.2.0.jar:/home/user/.m2/repository/commons-io/commons-io/2.5/commons-io-2.5.jar:/home/user/.m2/repository/org/apache/kerby/kerb-simplekdc/1.0.1/kerb-simplekdc-1.0.1.jar:/home/user/.m2/repository/org/apache/kerby/kerb-client/1.0.1/kerb-client-1.0.1.jar:/home/user/.m2/repository/org/apache/kerby/kerby-config/1.0.1/kerby-config-1.0.1.jar:/home/user/.m2/repository/org/apache/kerby/kerb-core/1.0.1/kerb-core-1.0.1.jar:/home/user/.m2/repository/org/apache/kerby/kerby-pkix/1.0.1/kerby-pkix-1.0.1.jar:/home/user/.m2/repository/org/apache/kerby/kerby-asn1/1.0.1/kerby-asn1-1.0.1.jar:/home/user/.m2/repository/org/apache/kerby/kerby-util/1.0.1/kerby-util-1.0.1.jar:/home/user/.m2/repository/org/apache/kerby/kerb-common/1.0.1/kerb-common-1.0.1.jar:/home/user/.m2/repository/org/apache/kerby/kerb-crypto/1.0.1/kerb-crypto-1.0.1.jar:/home/user/.m2/repository/org/apache/kerby/kerb-util/1.0.1/kerb-util-1.0.1.jar:/home/user/.m2/repository/org/apache/kerby/token-provider/1.0.1/token-provider-1.0.1.jar:/home/user/.m2/repository/org/apache/kerby/kerb-admin/1.0.1/kerb-admin-1.0.1.jar:/home/user/.m2/repository/org/apache/kerby/kerb-server/1.0.1/kerb-server-1.0.1.jar:/home/user/.m2/repository/org/apache/kerby/kerb-identity/1.0.1/kerb-identity-1.0.1.jar:/home/user/.m2/repository/org/apache/kerby/kerby-xdr/1.0.1/kerby-xdr-1.0.1.jar:/home/user/.m2/repository/org/slf4j/slf4j-log4j12/1.7.25/slf4j-log4j12-1.7.25.jar:/home/user/.m2/repository/org/apache/hadoop/hadoop-ozone-objectstore-service/0.5.0-SNAPSHOT/hadoop-ozone-objectstore-service-0.5.0-SNAPSHOT.jar:/home/user/.m2/repository/org/apache/hadoop/hadoop-ozone-s3gateway/0.5.0-SNAPSHOT/hadoop-ozone-s3gateway-0.5.0-SNAPSHOT.jar:/home/user/.m2/repository/org/jboss/weld/servlet/weld-servlet/2.4.7.Final/weld-servlet-2.4.7.Final.jar:/home/user/.m2/repository/org/glassfish/jersey/containers/jersey-container-servlet-core/2.27/jersey-container-servlet-core-2.27.jar:/home/user/.m2/repository/org/glassfish/hk2/external/javax.inject/2.5.0-b42/javax.inject-2.5.0-b42.jar:/home/user/.m2/repository/org/glassfish/jersey/core/jersey-common/2.27/jersey-common-2.27.jar:/home/user/.m2/repository/org/glassfish/hk2/osgi-resource-locator/1.0.1/osgi-resource-locator-1.0.1.jar:/home/user/.m2/repository/javax/ws/rs/javax.ws.rs-api/2.1/javax.ws.rs-api-2.1.jar:/home/user/.m2/repository/org/glassfish/jersey/ext/cdi/jersey-cdi1x/2.27/jersey-cdi1x-2.27.jar:/home/user/.m2/repository/org/glassfish/jersey/inject/jersey-hk2/2.27/jersey-hk2-2.27.jar:/home/user/.m2/repository/org/glassfish/hk2/hk2-locator/2.5.0-b42/hk2-locator-2.5.0-b42.jar:/home/user/.m2/repository/org/javassist/javassist/3.22.0-CR2/javassist-3.22.0-CR2.jar:/home/user/.m2/repository/org/glassfish/hk2/hk2-api/2.5.0/hk2-api-2.5.0.jar:/home/user/.m2/repository/org/glassfish/hk2/external/jakarta.inject/2.5.0/jakarta.inject-2.5.0.jar:/home/user/.m2/repository/org/glassfish/hk2/hk2-utils/2.5.0/hk2-utils-2.5.0.jar:/home/user/.m2/repository/jakarta/annotation/jakarta.annotation-api/1.3.4/jakarta.annotation-api-1.3.4.jar:/home/user/.m2/repository/org/glassfish/hk2/external/aopalliance-repackaged/2.5.0/aopalliance-repackaged-2.5.0.jar:/home/user/.m2/repository/com/fasterxml/jackson/dataformat/jackson-dataformat-xml/2.9.0/jackson-dataformat-xml-2.9.0.jar:/home/user/.m2/repository/com/fasterxml/jackson/core/jackson-core/2.9.5/jackson-core-2.9.5.jar:/home/user/.m2/repository/com/fasterxml/jackson/module/jackson-module-jaxb-annotations/2.9.5/jackson-module-jaxb-annotations-2.9.5.jar:/home/user/.m2/repository/javax/enterprise/cdi-api/1.2/cdi-api-1.2.jar:/home/user/.m2/repository/javax/el/javax.el-api/3.0.0/javax.el-api-3.0.0.jar:/home/user/.m2/repository/javax/interceptor/javax.interceptor-api/1.2/javax.interceptor-api-1.2.jar:/home/user/.m2/repository/javax/inject/javax.inject/1/javax.inject-1.jar:/home/user/.m2/repository/com/sun/xml/bind/jaxb-impl/2.3.0.1/jaxb-impl-2.3.0.1.jar:/home/user/.m2/repository/com/sun/xml/bind/jaxb-core/2.3.0.1/jaxb-core-2.3.0.1.jar:/home/user/.m2/repository/javax/xml/bind/jaxb-api/2.3.0/jaxb-api-2.3.0.jar:/home/user/.m2/repository/javax/activation/activation/1.1.1/activation-1.1.1.jar:/home/user/.m2/repository/org/apache/hadoop/hadoop-ozone-csi/0.5.0-SNAPSHOT/hadoop-ozone-csi-0.5.0-SNAPSHOT.jar:/home/user/.m2/repository/com/google/protobuf/protobuf-java-util/3.5.1/protobuf-java-util-3.5.1.jar:/home/user/.m2/repository/org/apache/hadoop/hadoop-hdds-config/0.5.0-SNAPSHOT/hadoop-hdds-config-0.5.0-SNAPSHOT.jar:/home/user/.m2/repository/io/grpc/grpc-netty/1.17.1/grpc-netty-1.17.1.jar:/home/user/.m2/repository/io/grpc/grpc-core/1.17.1/grpc-core-1.17.1.jar:/home/user/.m2/repository/io/grpc/grpc-context/1.17.1/grpc-context-1.17.1.jar:/home/user/.m2/repository/com/google/errorprone/error_prone_annotations/2.2.0/error_prone_annotations-2.2.0.jar:/home/user/.m2/repository/org/codehaus/mojo/animal-sniffer-annotations/1.17/animal-sniffer-annotations-1.17.jar:/home/user/.m2/repository/io/opencensus/opencensus-api/0.17.0/opencensus-api-0.17.0.jar:/home/user/.m2/repository/io/opencensus/opencensus-contrib-grpc-metrics/0.17.0/opencensus-contrib-grpc-metrics-0.17.0.jar:/home/user/.m2/repository/io/netty/netty-codec-http2/4.1.30.Final/netty-codec-http2-4.1.30.Final.jar:/home/user/.m2/repository/io/netty/netty-codec-http/4.1.30.Final/netty-codec-http-4.1.30.Final.jar:/home/user/.m2/repository/io/netty/netty-codec/4.1.30.Final/netty-codec-4.1.30.Final.jar:/home/user/.m2/repository/io/netty/netty-handler/4.1.30.Final/netty-handler-4.1.30.Final.jar:/home/user/.m2/repository/io/netty/netty-handler-proxy/4.1.30.Final/netty-handler-proxy-4.1.30.Final.jar:/home/user/.m2/repository/io/netty/netty-codec-socks/4.1.30.Final/netty-codec-socks-4.1.30.Final.jar:/home/user/.m2/repository/io/netty/netty-transport-native-epoll/4.1.30.Final/netty-transport-native-epoll-4.1.30.Final.jar:/home/user/.m2/repository/io/netty/netty-common/4.1.30.Final/netty-common-4.1.30.Final.jar:/home/user/.m2/repository/io/netty/netty-buffer/4.1.30.Final/netty-buffer-4.1.30.Final.jar:/home/user/.m2/repository/io/netty/netty-transport/4.1.30.Final/netty-transport-4.1.30.Final.jar:/home/user/.m2/repository/io/netty/netty-resolver/4.1.30.Final/netty-resolver-4.1.30.Final.jar:/home/user/.m2/repository/io/netty/netty-transport-native-unix-common/4.1.30.Final/netty-transport-native-unix-common-4.1.30.Final.jar:/home/user/.m2/repository/io/grpc/grpc-protobuf/1.17.1/grpc-protobuf-1.17.1.jar:/home/user/.m2/repository/com/google/api/grpc/proto-google-common-protos/1.0.0/proto-google-common-protos-1.0.0.jar:/home/user/.m2/repository/io/grpc/grpc-protobuf-lite/1.17.1/grpc-protobuf-lite-1.17.1.jar:/home/user/.m2/repository/io/grpc/grpc-stub/1.17.1/grpc-stub-1.17.1.jar:/home/user/.m2/repository/org/apache/hadoop/hadoop-ozone-recon/0.5.0-SNAPSHOT/hadoop-ozone-recon-0.5.0-SNAPSHOT.jar:/home/user/.m2/repository/org/apache/hadoop/hadoop-ozone-reconcodegen/0.5.0-SNAPSHOT/hadoop-ozone-reconcodegen-0.5.0-SNAPSHOT.jar:/home/user/.m2/repository/com/google/inject/extensions/guice-multibindings/4.0/guice-multibindings-4.0.jar:/home/user/.m2/repository/com/google/inject/guice/4.0/guice-4.0.jar:/home/user/.m2/repository/aopalliance/aopalliance/1.0/aopalliance-1.0.jar:/home/user/.m2/repository/com/google/inject/extensions/guice-servlet/4.0/guice-servlet-4.0.jar:/home/user/.m2/repository/org/glassfish/jersey/containers/jersey-container-servlet/2.27/jersey-container-servlet-2.27.jar:/home/user/.m2/repository/org/glassfish/hk2/guice-bridge/2.5.0/guice-bridge-2.5.0.jar:/home/user/.m2/repository/org/glassfish/jersey/core/jersey-server/2.27/jersey-server-2.27.jar:/home/user/.m2/repository/org/glassfish/jersey/core/jersey-client/2.27/jersey-client-2.27.jar:/home/user/.m2/repository/org/glassfish/jersey/media/jersey-media-jaxb/2.27/jersey-media-jaxb-2.27.jar:/home/user/.m2/repository/javax/validation/validation-api/1.1.0.Final/validation-api-1.1.0.Final.jar:/home/user/.m2/repository/org/glassfish/jersey/media/jersey-media-json-jackson/2.27/jersey-media-json-jackson-2.27.jar:/home/user/.m2/repository/org/glassfish/jersey/ext/jersey-entity-filtering/2.27/jersey-entity-filtering-2.27.jar:/home/user/.m2/repository/com/google/inject/extensions/guice-assistedinject/4.0/guice-assistedinject-4.0.jar:/home/user/.m2/repository/org/jooq/jooq/3.11.10/jooq-3.11.10.jar:/home/user/.m2/repository/org/jooq/jooq-meta/3.11.10/jooq-meta-3.11.10.jar:/home/user/.m2/repository/org/jooq/jooq-codegen/3.11.10/jooq-codegen-3.11.10.jar:/home/user/.m2/repository/com/jolbox/bonecp/0.8.0.RELEASE/bonecp-0.8.0.RELEASE.jar:/home/user/.m2/repository/org/xerial/sqlite-jdbc/3.25.2/sqlite-jdbc-3.25.2.jar:/home/user/.m2/repository/org/springframework/spring-jdbc/5.1.3.RELEASE/spring-jdbc-5.1.3.RELEASE.jar:/home/user/.m2/repository/org/springframework/spring-beans/5.1.3.RELEASE/spring-beans-5.1.3.RELEASE.jar:/home/user/.m2/repository/org/springframework/spring-core/5.1.3.RELEASE/spring-core-5.1.3.RELEASE.jar:/home/user/.m2/repository/org/springframework/spring-jcl/5.1.3.RELEASE/spring-jcl-5.1.3.RELEASE.jar:/home/user/.m2/repository/org/springframework/spring-tx/5.1.3.RELEASE/spring-tx-5.1.3.RELEASE.jar:/home/user/.m2/repository/org/apache/hadoop/hadoop-ozone-client/0.5.0-SNAPSHOT/hadoop-ozone-client-0.5.0-SNAPSHOT.jar:/home/user/.m2/repository/commons-lang/commons-lang/2.6/commons-lang-2.6.jar:/home/user/.m2/repository/org/apache/hadoop/hadoop-ozone-ozone-manager/0.5.0-SNAPSHOT/hadoop-ozone-ozone-manager-0.5.0-SNAPSHOT-tests.jar:/home/user/.m2/repository/junit/junit/4.11/junit-4.11.jar:/home/user/.m2/repository/org/hamcrest/hamcrest-core/1.3/hamcrest-core-1.3.jar:/home/user/.m2/repository/org/openjdk/jmh/jmh-core/1.19/jmh-core-1.19.jar:/home/user/.m2/repository/net/sf/jopt-simple/jopt-simple/4.6/jopt-simple-4.6.jar:/home/user/.m2/repository/org/apache/commons/commons-math3/3.1.1/commons-math3-3.1.1.jar:/home/user/.m2/repository/org/openjdk/jmh/jmh-generator-annprocess/1.19/jmh-generator-annprocess-1.19.jar:/home/user/.m2/repository/org/mockito/mockito-all/1.8.5/mockito-all-1.8.5.jar:/home/user/.m2/repository/org/apache/hadoop/hadoop-kms/3.2.0/hadoop-kms-3.2.0.jar:/home/user/.m2/repository/org/apache/hadoop/hadoop-auth/3.2.0/hadoop-auth-3.2.0.jar:/home/user/.m2/repository/com/nimbusds/nimbus-jose-jwt/4.41.1/nimbus-jose-jwt-4.41.1.jar:/home/user/.m2/repository/com/github/stephenc/jcip/jcip-annotations/1.0-1/jcip-annotations-1.0-1.jar:/home/user/.m2/repository/net/minidev/json-smart/2.3/json-smart-2.3.jar:/home/user/.m2/repository/net/minidev/accessors-smart/1.2/accessors-smart-1.2.jar:/home/user/.m2/repository/org/ow2/asm/asm/5.0.4/asm-5.0.4.jar:/home/user/.m2/repository/org/apache/curator/curator-framework/2.12.0/curator-framework-2.12.0.jar:/home/user/.m2/repository/com/sun/jersey/jersey-core/1.19/jersey-core-1.19.jar:/home/user/.m2/repository/javax/ws/rs/jsr311-api/1.1.1/jsr311-api-1.1.1.jar:/home/user/.m2/repository/com/sun/jersey/jersey-server/1.19/jersey-server-1.19.jar:/home/user/.m2/repository/javax/servlet/javax.servlet-api/3.1.0/javax.servlet-api-3.1.0.jar:/home/user/.m2/repository/org/eclipse/jetty/jetty-server/9.3.24.v20180605/jetty-server-9.3.24.v20180605.jar:/home/user/.m2/repository/org/eclipse/jetty/jetty-http/9.3.24.v20180605/jetty-http-9.3.24.v20180605.jar:/home/user/.m2/repository/org/eclipse/jetty/jetty-io/9.3.24.v20180605/jetty-io-9.3.24.v20180605.jar:/home/user/.m2/repository/org/eclipse/jetty/jetty-webapp/9.3.24.v20180605/jetty-webapp-9.3.24.v20180605.jar:/home/user/.m2/repository/org/eclipse/jetty/jetty-xml/9.3.24.v20180605/jetty-xml-9.3.24.v20180605.jar:/home/user/.m2/repository/log4j/log4j/1.2.17/log4j-1.2.17.jar:/home/user/.m2/repository/org/slf4j/slf4j-api/1.7.25/slf4j-api-1.7.25.jar:/home/user/.m2/repository/org/slf4j/jul-to-slf4j/1.7.25/jul-to-slf4j-1.7.25.jar:/home/user/.m2/repository/org/eclipse/jetty/jetty-util/9.3.24.v20180605/jetty-util-9.3.24.v20180605.jar:/home/user/.m2/repository/com/fasterxml/jackson/core/jackson-databind/2.9.5/jackson-databind-2.9.5.jar:/home/user/.m2/repository/org/apache/hadoop/hadoop-kms/3.2.0/hadoop-kms-3.2.0-tests.jar:/home/user/.m2/repository/org/apache/hadoop/hadoop-hdds-server-scm/0.5.0-SNAPSHOT/hadoop-hdds-server-scm-0.5.0-SNAPSHOT-tests.jar:/home/user/.m2/repository/org/apache/hadoop/hadoop-hdds-container-service/0.5.0-SNAPSHOT/hadoop-hdds-container-service-0.5.0-SNAPSHOT-tests.jar:/home/user/.m2/repository/org/yaml/snakeyaml/1.16/snakeyaml-1.16.jar:/home/user/.m2/repository/org/apache/hadoop/hadoop-common/3.2.0/hadoop-common-3.2.0-tests.jar:/home/user/.m2/repository/org/apache/hadoop/hadoop-annotations/3.2.0/hadoop-annotations-3.2.0.jar:/usr/lib/jvm/java-1.8-openjdk/jre/../lib/tools.jar:/home/user/.m2/repository/commons-cli/commons-cli/1.2/commons-cli-1.2.jar:/home/user/.m2/repository/org/apache/httpcomponents/httpclient/4.5.2/httpclient-4.5.2.jar:/home/user/.m2/repository/org/apache/httpcomponents/httpcore/4.4.4/httpcore-4.4.4.jar:/home/user/.m2/repository/commons-codec/commons-codec/1.11/commons-codec-1.11.jar:/home/user/.m2/repository/commons-net/commons-net/3.6/commons-net-3.6.jar:/home/user/.m2/repository/commons-collections/commons-collections/3.2.2/commons-collections-3.2.2.jar:/home/user/.m2/repository/org/eclipse/jetty/jetty-servlet/9.3.24.v20180605/jetty-servlet-9.3.24.v20180605.jar:/home/user/.m2/repository/org/eclipse/jetty/jetty-security/9.3.24.v20180605/jetty-security-9.3.24.v20180605.jar:/home/user/.m2/repository/javax/servlet/jsp/jsp-api/2.1/jsp-api-2.1.jar:/home/user/.m2/repository/com/sun/jersey/jersey-servlet/1.19/jersey-servlet-1.19.jar:/home/user/.m2/repository/com/sun/jersey/jersey-json/1.19/jersey-json-1.19.jar:/home/user/.m2/repository/org/codehaus/jettison/jettison/1.1/jettison-1.1.jar:/home/user/.m2/repository/org/codehaus/jackson/jackson-core-asl/1.9.13/jackson-core-asl-1.9.13.jar:/home/user/.m2/repository/org/codehaus/jackson/jackson-mapper-asl/1.9.13/jackson-mapper-asl-1.9.13.jar:/home/user/.m2/repository/org/codehaus/jackson/jackson-jaxrs/1.9.13/jackson-jaxrs-1.9.13.jar:/home/user/.m2/repository/org/codehaus/jackson/jackson-xc/1.9.13/jackson-xc-1.9.13.jar:/home/user/.m2/repository/commons-logging/commons-logging/1.1.3/commons-logging-1.1.3.jar:/home/user/.m2/repository/commons-beanutils/commons-beanutils/1.9.3/commons-beanutils-1.9.3.jar:/home/user/.m2/repository/org/apache/commons/commons-configuration2/2.1.1/commons-configuration2-2.1.1.jar:/home/user/.m2/repository/org/apache/commons/commons-lang3/3.7/commons-lang3-3.7.jar:/home/user/.m2/repository/org/apache/commons/commons-text/1.4/commons-text-1.4.jar:/home/user/.m2/repository/org/apache/avro/avro/1.7.7/avro-1.7.7.jar:/home/user/.m2/repository/com/thoughtworks/paranamer/paranamer/2.3/paranamer-2.3.jar:/home/user/.m2/repository/org/xerial/snappy/snappy-java/1.0.5/snappy-java-1.0.5.jar:/home/user/.m2/repository/com/google/re2j/re2j/1.1/re2j-1.1.jar:/home/user/.m2/repository/com/google/code/gson/gson/2.2.4/gson-2.2.4.jar:/home/user/.m2/repository/com/jcraft/jsch/0.1.54/jsch-0.1.54.jar:/home/user/.m2/repository/org/apache/curator/curator-client/2.12.0/curator-client-2.12.0.jar:/home/user/.m2/repository/org/apache/curator/curator-recipes/2.12.0/curator-recipes-2.12.0.jar:/home/user/.m2/repository/com/google/code/findbugs/jsr305/3.0.0/jsr305-3.0.0.jar:/home/user/.m2/repository/org/apache/htrace/htrace-core4/4.1.0-incubating/htrace-core4-4.1.0-incubating.jar:/home/user/.m2/repository/org/apache/zookeeper/zookeeper/3.4.13/zookeeper-3.4.13.jar:/home/user/.m2/repository/org/apache/yetus/audience-annotations/0.5.0/audience-annotations-0.5.0.jar:/home/user/.m2/repository/org/codehaus/woodstox/stax2-api/3.1.4/stax2-api-3.1.4.jar:/home/user/.m2/repository/com/fasterxml/woodstox/woodstox-core/5.0.3/woodstox-core-5.0.3.jar:/home/user/.m2/repository/dnsjava/dnsjava/2.1.7/dnsjava-2.1.7.jar:/home/user/.m2/repository/org/apache/hadoop/hadoop-hdfs/3.2.0/hadoop-hdfs-3.2.0-tests.jar:/home/user/.m2/repository/org/eclipse/jetty/jetty-util-ajax/9.3.24.v20180605/jetty-util-ajax-9.3.24.v20180605.jar:/home/user/.m2/repository/commons-daemon/commons-daemon/1.0.13/commons-daemon-1.0.13.jar:/home/user/.m2/repository/io/netty/netty/3.10.5.Final/netty-3.10.5.Final.jar:/home/user/.m2/repository/io/netty/netty-all/4.0.52.Final/netty-all-4.0.52.Final.jar:/home/user/.m2/repository/org/fusesource/leveldbjni/leveldbjni-all/1.8/leveldbjni-all-1.8.jar:"/>
    <property name="sun.cpu.endian" value="little"/>
    <property name="user.home" value="/home/user"/>
    <property name="user.language" value="en"/>
    <property name="java.specification.vendor" value="Oracle Corporation"/>
    <property name="java.home" value="/usr/lib/jvm/java-1.8-openjdk/jre"/>
    <property name="java.security.krb5.conf" value="/workdir/hadoop-ozone/integration-test/target/test-classes/krb5.conf"/>
    <property name="basedir" value="/workdir/hadoop-ozone/integration-test"/>
    <property name="file.separator" value="/"/>
    <property name="line.separator" value="&#10;"/>
    <property name="java.vm.specification.vendor" value="Oracle Corporation"/>
    <property name="java.specification.name" value="Java Platform API Specification"/>
    <property name="java.awt.graphicsenv" value="sun.awt.X11GraphicsEnvironment"/>
    <property name="surefire.real.class.path" value="/workdir/hadoop-ozone/integration-test/target/surefire/surefirebooter170512093553457318.jar"/>
    <property name="hadoop.log.dir" value="/workdir/hadoop-ozone/integration-test/target/log"/>
    <property name="sun.boot.class.path" value="/usr/lib/jvm/java-1.8-openjdk/jre/lib/resources.jar:/usr/lib/jvm/java-1.8-openjdk/jre/lib/rt.jar:/usr/lib/jvm/java-1.8-openjdk/jre/lib/sunrsasign.jar:/usr/lib/jvm/java-1.8-openjdk/jre/lib/jsse.jar:/usr/lib/jvm/java-1.8-openjdk/jre/lib/jce.jar:/usr/lib/jvm/java-1.8-openjdk/jre/lib/charsets.jar:/usr/lib/jvm/java-1.8-openjdk/jre/lib/jfr.jar:/usr/lib/jvm/java-1.8-openjdk/jre/classes"/>
    <property name="sun.management.compiler" value="HotSpot 64-Bit Tiered Compilers"/>
    <property name="java.runtime.version" value="1.8.0_212-b04"/>
    <property name="java.net.preferIPv4Stack" value="true"/>
    <property name="user.name" value="jenkins1000"/>
    <property name="path.separator" value=":"/>
    <property name="java.security.egd" value="file:///dev/urandom"/>
    <property name="os.version" value="3.10.0-957.12.2.el7.x86_64"/>
    <property name="java.endorsed.dirs" value="/usr/lib/jvm/java-1.8-openjdk/jre/lib/endorsed"/>
    <property name="java.runtime.name" value="OpenJDK Runtime Environment"/>
    <property name="file.encoding" value="UTF-8"/>
    <property name="java.vm.name" value="OpenJDK 64-Bit Server VM"/>
    <property name="test.build.webapps" value=""/>
    <property name="localRepository" value="/home/user/.m2/repository"/>
    <property name="java.vendor.url.bug" value="https://icedtea.classpath.org/bugzilla"/>
    <property name="java.io.tmpdir" value="/tmp"/>
    <property name="require.test.libhadoop" value=""/>
    <property name="java.version" value="1.8.0_212"/>
    <property name="user.dir" value="/workdir/hadoop-ozone/integration-test"/>
    <property name="os.arch" value="amd64"/>
    <property name="java.vm.specification.name" value="Java Virtual Machine Specification"/>
    <property name="test.build.classes" value="/workdir/hadoop-ozone/integration-test/target/test-classes"/>
    <property name="java.awt.printerjob" value="sun.print.PSPrinterJob"/>
    <property name="sun.os.patch.level" value="unknown"/>
    <property name="hadoop.tmp.dir" value="/workdir/hadoop-ozone/integration-test/target/tmp"/>
    <property name="java.library.path" value="/usr/lib/jvm/java-1.8-openjdk/jre/lib/amd64/server:/usr/lib/jvm/java-1.8-openjdk/jre/lib/amd64:/usr/lib/jvm/java-1.8-openjdk/jre/../lib/amd64:/workdir/hadoop-ozone/integration-test/target/native/target/usr/local/lib:/workdir/hadoop-ozone/integration-test/../../hadoop-common-project/hadoop-common/target/native/target/usr/local/lib:/usr/java/packages/lib/amd64:/usr/lib64:/lib64:/lib:/usr/lib"/>
    <property name="java.vm.info" value="mixed mode"/>
    <property name="java.vendor" value="IcedTea"/>
    <property name="java.vm.version" value="25.212-b04"/>
    <property name="java.ext.dirs" value="/usr/lib/jvm/java-1.8-openjdk/jre/lib/ext:/usr/java/packages/lib/ext"/>
    <property name="sun.io.unicode.encoding" value="UnicodeLittle"/>
    <property name="java.class.version" value="52.0"/>
  </properties>
  <testcase name="testPipelineCloseWithPipelineAction" classname="org.apache.hadoop.hdds.scm.pipeline.TestPipelineClose" time="33.63">
    <failure message="Values should be different. Actual: PipelineID=33bbbcab-9b8b-46f4-87fb-071fa8fdc4cb" type="java.lang.AssertionError">java.lang.AssertionError: Values should be different. Actual: PipelineID=33bbbcab-9b8b-46f4-87fb-071fa8fdc4cb
	at org.junit.Assert.fail(Assert.java:88)
	at org.junit.Assert.failEquals(Assert.java:185)
	at org.junit.Assert.assertNotEquals(Assert.java:161)
	at org.junit.Assert.assertNotEquals(Assert.java:175)
	at org.apache.hadoop.hdds.scm.pipeline.TestPipelineClose.testPipelineCloseWithPipelineAction(TestPipelineClose.java:180)
	at sun.reflect.NativeMethodAccessorImpl.invoke0(Native Method)
	at sun.reflect.NativeMethodAccessorImpl.invoke(NativeMethodAccessorImpl.java:62)
	at sun.reflect.DelegatingMethodAccessorImpl.invoke(DelegatingMethodAccessorImpl.java:43)
	at java.lang.reflect.Method.invoke(Method.java:498)
	at org.junit.runners.model.FrameworkMethod$1.runReflectiveCall(FrameworkMethod.java:47)
	at org.junit.internal.runners.model.ReflectiveCallable.run(ReflectiveCallable.java:12)
	at org.junit.runners.model.FrameworkMethod.invokeExplosively(FrameworkMethod.java:44)
	at org.junit.internal.runners.statements.InvokeMethod.evaluate(InvokeMethod.java:17)
	at org.junit.internal.runners.statements.RunBefores.evaluate(RunBefores.java:26)
	at org.junit.internal.runners.statements.RunAfters.evaluate(RunAfters.java:27)
	at org.junit.runners.ParentRunner.runLeaf(ParentRunner.java:271)
	at org.junit.runners.BlockJUnit4ClassRunner.runChild(BlockJUnit4ClassRunner.java:70)
	at org.junit.runners.BlockJUnit4ClassRunner.runChild(BlockJUnit4ClassRunner.java:50)
	at org.junit.runners.ParentRunner$3.run(ParentRunner.java:238)
	at org.junit.runners.ParentRunner$1.schedule(ParentRunner.java:63)
	at org.junit.runners.ParentRunner.runChildren(ParentRunner.java:236)
	at org.junit.runners.ParentRunner.access$000(ParentRunner.java:53)
	at org.junit.runners.ParentRunner$2.evaluate(ParentRunner.java:229)
	at org.junit.runners.ParentRunner.run(ParentRunner.java:309)
	at org.apache.maven.surefire.junit4.JUnit4Provider.execute(JUnit4Provider.java:365)
	at org.apache.maven.surefire.junit4.JUnit4Provider.executeWithRerun(JUnit4Provider.java:273)
	at org.apache.maven.surefire.junit4.JUnit4Provider.executeTestSet(JUnit4Provider.java:238)
	at org.apache.maven.surefire.junit4.JUnit4Provider.invoke(JUnit4Provider.java:159)
	at org.apache.maven.surefire.booter.ForkedBooter.invokeProviderInSameClassLoader(ForkedBooter.java:384)
	at org.apache.maven.surefire.booter.ForkedBooter.runSuitesInProcess(ForkedBooter.java:345)
	at org.apache.maven.surefire.booter.ForkedBooter.execute(ForkedBooter.java:126)
	at org.apache.maven.surefire.booter.ForkedBooter.main(ForkedBooter.java:418)
</failure>
    <system-out><![CDATA[2019-09-19 05:09:41,089 [main] WARN  server.ServerUtils (ServerUtils.java:getScmDbDir(145)) - ozone.scm.db.dirs is not configured. We recommend adding this setting. Falling back to ozone.metadata.dirs instead.
2019-09-19 05:09:41,205 [main] WARN  server.ServerUtils (ServerUtils.java:getScmDbDir(145)) - ozone.scm.db.dirs is not configured. We recommend adding this setting. Falling back to ozone.metadata.dirs instead.
2019-09-19 05:09:41,209 [main] WARN  server.ServerUtils (ServerUtils.java:getScmDbDir(145)) - ozone.scm.db.dirs is not configured. We recommend adding this setting. Falling back to ozone.metadata.dirs instead.
2019-09-19 05:09:41,226 [main] INFO  util.log (Log.java:initialized(192)) - Logging initialized @922ms
2019-09-19 05:09:41,320 [main] INFO  db.DBStoreBuilder (DBStoreBuilder.java:addTable(110)) - using custom profile for table: deletedBlocks
2019-09-19 05:09:41,320 [main] INFO  db.DBStoreBuilder (DBStoreBuilder.java:processTables(161)) - Using default column profile:DBProfile.DISK for Table:deletedBlocks
2019-09-19 05:09:41,321 [main] INFO  db.DBStoreBuilder (DBStoreBuilder.java:addTable(110)) - using custom profile for table: validCerts
2019-09-19 05:09:41,321 [main] INFO  db.DBStoreBuilder (DBStoreBuilder.java:processTables(161)) - Using default column profile:DBProfile.DISK for Table:validCerts
2019-09-19 05:09:41,322 [main] INFO  db.DBStoreBuilder (DBStoreBuilder.java:addTable(110)) - using custom profile for table: revokedCerts
2019-09-19 05:09:41,322 [main] INFO  db.DBStoreBuilder (DBStoreBuilder.java:processTables(161)) - Using default column profile:DBProfile.DISK for Table:revokedCerts
2019-09-19 05:09:41,333 [main] INFO  db.DBStoreBuilder (DBStoreBuilder.java:addTable(110)) - using custom profile for table: default
2019-09-19 05:09:41,333 [main] INFO  db.DBStoreBuilder (DBStoreBuilder.java:processTables(167)) - Using default column profile:DBProfile.DISK for Table:default
2019-09-19 05:09:41,334 [main] INFO  db.DBStoreBuilder (DBStoreBuilder.java:getDbProfile(198)) - Using default options. DBProfile.DISK
2019-09-19 05:09:41,708 [main] INFO  net.NodeSchemaLoader (NodeSchemaLoader.java:loadSchemaFromFile(125)) - Loading file from sun.misc.CompoundEnumeration@479d31f3
2019-09-19 05:09:41,710 [main] INFO  net.NodeSchemaLoader (NodeSchemaLoader.java:loadSchema(171)) - Loading network topology layer schema file
2019-09-19 05:09:41,780 [main] WARN  server.ServerUtils (ServerUtils.java:sanitizeUserArgs(70)) - ozone.scm.stale.node.interval value = 300000 is larger than max = 100000 based on the key value of ozone.scm.heartbeat.thread.interval, reset to the max value 100000.
2019-09-19 05:09:41,781 [main] WARN  server.ServerUtils (ServerUtils.java:sanitizeUserArgs(70)) - ozone.scm.stale.node.interval value = 300000 is larger than max = 100000 based on the key value of ozone.scm.heartbeat.thread.interval, reset to the max value 100000.
2019-09-19 05:09:41,784 [main] INFO  node.SCMNodeManager (SCMNodeManager.java:<init>(121)) - Entering startup safe mode.
2019-09-19 05:09:41,856 [main] INFO  algorithms.ContainerPlacementPolicyFactory (ContainerPlacementPolicyFactory.java:getPolicy(56)) - Create container placement policy of type org.apache.hadoop.hdds.scm.container.placement.algorithms.SCMContainerPlacementRandom
2019-09-19 05:09:41,871 [main] WARN  server.ServerUtils (ServerUtils.java:getScmDbDir(145)) - ozone.scm.db.dirs is not configured. We recommend adding this setting. Falling back to ozone.metadata.dirs instead.
2019-09-19 05:09:42,018 [main] INFO  pipeline.SCMPipelineManager (SCMPipelineManager.java:initializePipelineState(145)) - No pipeline exists in current db
2019-09-19 05:09:42,022 [main] WARN  server.ServerUtils (ServerUtils.java:getScmDbDir(145)) - ozone.scm.db.dirs is not configured. We recommend adding this setting. Falling back to ozone.metadata.dirs instead.
2019-09-19 05:09:42,236 [main] INFO  safemode.HealthyPipelineSafeModeRule (HealthyPipelineSafeModeRule.java:<init>(87)) -  Total pipeline count is 0, healthy pipeline threshold count is 1
2019-09-19 05:09:42,237 [main] INFO  safemode.OneReplicaPipelineSafeModeRule (OneReplicaPipelineSafeModeRule.java:<init>(75)) - Total pipeline count is 0, pipeline's with at least one datanode reported threshold count is 0
2019-09-19 05:09:42,238 [main] WARN  events.EventQueue (EventQueue.java:fireEvent(175)) - No event handler registered for event TypedEvent{payloadType=SafeModeStatus, name='SafeModeStatus'}
2019-09-19 05:09:43,086 [main] INFO  ipc.CallQueueManager (CallQueueManager.java:<init>(84)) - Using callQueue: class java.util.concurrent.LinkedBlockingQueue, queueCapacity: 2000, scheduler: class org.apache.hadoop.ipc.DefaultRpcScheduler, ipcBackoff: false.
2019-09-19 05:09:43,124 [Socket Reader #1 for port 36523] INFO  ipc.Server (Server.java:run(1074)) - Starting Socket Reader #1 for port 36523
2019-09-19 05:09:43,164 [main] INFO  ipc.CallQueueManager (CallQueueManager.java:<init>(84)) - Using callQueue: class java.util.concurrent.LinkedBlockingQueue, queueCapacity: 2000, scheduler: class org.apache.hadoop.ipc.DefaultRpcScheduler, ipcBackoff: false.
2019-09-19 05:09:43,165 [Socket Reader #1 for port 35656] INFO  ipc.Server (Server.java:run(1074)) - Starting Socket Reader #1 for port 35656
2019-09-19 05:09:43,176 [main] INFO  ipc.CallQueueManager (CallQueueManager.java:<init>(84)) - Using callQueue: class java.util.concurrent.LinkedBlockingQueue, queueCapacity: 2000, scheduler: class org.apache.hadoop.ipc.DefaultRpcScheduler, ipcBackoff: false.
2019-09-19 05:09:43,177 [Socket Reader #1 for port 45350] INFO  ipc.Server (Server.java:run(1074)) - Starting Socket Reader #1 for port 45350
2019-09-19 05:09:43,203 [main] INFO  hdfs.DFSUtil (DFSUtil.java:httpServerTemplateForNNAndJN(1641)) - Starting Web-server for scm at: http://0.0.0.0:0
2019-09-19 05:09:43,373 [main] INFO  server.AuthenticationFilter (AuthenticationFilter.java:constructSecretProvider(240)) - Unable to initialize FileSignerSecretProvider, falling back to use random secrets.
2019-09-19 05:09:43,380 [main] WARN  http.HttpRequestLog (HttpRequestLog.java:getRequestLog(97)) - Jetty request log can only be enabled using Log4j
2019-09-19 05:09:43,388 [main] INFO  http.HttpServer2 (HttpServer2.java:addGlobalFilter(975)) - Added global filter 'safety' (class=org.apache.hadoop.http.HttpServer2$QuotingInputFilter)
2019-09-19 05:09:43,391 [main] INFO  http.HttpServer2 (HttpServer2.java:addFilter(948)) - Added filter static_user_filter (class=org.apache.hadoop.http.lib.StaticUserWebFilter$StaticUserFilter) to context scm
2019-09-19 05:09:43,391 [main] INFO  http.HttpServer2 (HttpServer2.java:addFilter(958)) - Added filter static_user_filter (class=org.apache.hadoop.http.lib.StaticUserWebFilter$StaticUserFilter) to context logs
2019-09-19 05:09:43,391 [main] INFO  http.HttpServer2 (HttpServer2.java:addFilter(958)) - Added filter static_user_filter (class=org.apache.hadoop.http.lib.StaticUserWebFilter$StaticUserFilter) to context static
2019-09-19 05:09:43,423 [main] INFO  server.StorageContainerManager (StorageContainerManager.java:start(761)) - StorageContainerLocationProtocol RPC server is listening at /0.0.0.0:45350
2019-09-19 05:09:43,498 [main] WARN  impl.MetricsConfig (MetricsConfig.java:loadFirst(134)) - Cannot locate configuration: tried hadoop-metrics2-storagecontainermanager.properties,hadoop-metrics2.properties
2019-09-19 05:09:43,512 [main] INFO  impl.MetricsSystemImpl (MetricsSystemImpl.java:startTimer(374)) - Scheduled Metric snapshot period at 10 second(s).
2019-09-19 05:09:43,513 [main] INFO  impl.MetricsSystemImpl (MetricsSystemImpl.java:start(191)) - StorageContainerManager metrics system started
2019-09-19 05:09:43,775 [main] INFO  server.SCMClientProtocolServer (SCMClientProtocolServer.java:start(151)) - RPC server for Client  is listening at /0.0.0.0:45350
2019-09-19 05:09:43,775 [IPC Server Responder] INFO  ipc.Server (Server.java:run(1314)) - IPC Server Responder: starting
2019-09-19 05:09:43,775 [IPC Server listener on 45350] INFO  ipc.Server (Server.java:run(1153)) - IPC Server listener on 45350: starting
2019-09-19 05:09:43,778 [main] INFO  server.StorageContainerManager (StorageContainerManager.java:start(771)) - ScmBlockLocationProtocol RPC server is listening at /0.0.0.0:35656
2019-09-19 05:09:43,778 [main] INFO  server.SCMBlockProtocolServer (SCMBlockProtocolServer.java:start(140)) - RPC server for Block Protocol is listening at /0.0.0.0:35656
2019-09-19 05:09:43,778 [IPC Server Responder] INFO  ipc.Server (Server.java:run(1314)) - IPC Server Responder: starting
2019-09-19 05:09:43,778 [IPC Server listener on 35656] INFO  ipc.Server (Server.java:run(1153)) - IPC Server listener on 35656: starting
2019-09-19 05:09:43,781 [main] INFO  server.StorageContainerManager (StorageContainerManager.java:start(775)) - ScmDatanodeProtocl RPC server is listening at /0.0.0.0:36523
2019-09-19 05:09:43,781 [main] INFO  server.SCMDatanodeProtocolServer (SCMDatanodeProtocolServer.java:start(199)) - RPC server for DataNodes is listening at /0.0.0.0:36523
2019-09-19 05:09:43,782 [IPC Server Responder] INFO  ipc.Server (Server.java:run(1314)) - IPC Server Responder: starting
2019-09-19 05:09:43,782 [IPC Server listener on 36523] INFO  ipc.Server (Server.java:run(1153)) - IPC Server listener on 36523: starting
2019-09-19 05:09:43,785 [main] INFO  http.HttpServer2 (HttpServer2.java:bindListener(1191)) - Jetty bound to port 38329
2019-09-19 05:09:43,787 [main] INFO  server.Server (Server.java:doStart(351)) - jetty-9.3.24.v20180605, build timestamp: 2018-06-05T17:11:56Z, git hash: 84205aa28f11a4f31f2a3b86d1bba2cc8ab69827
2019-09-19 05:09:43,824 [main] INFO  handler.ContextHandler (ContextHandler.java:doStart(781)) - Started o.e.j.s.ServletContextHandler@54d18072{/logs,file:///workdir/hadoop-ozone/integration-test/target/log,AVAILABLE}
2019-09-19 05:09:43,825 [main] INFO  handler.ContextHandler (ContextHandler.java:doStart(781)) - Started o.e.j.s.ServletContextHandler@47a5b70d{/static,file:///workdir/hadoop-ozone/integration-test/target/test-classes/webapps/static,AVAILABLE}
2019-09-19 05:09:43,859 [main] INFO  handler.ContextHandler (ContextHandler.java:doStart(781)) - Started o.e.j.w.WebAppContext@30b34287{/,file:///workdir/hadoop-ozone/integration-test/target/test-classes/webapps/scm/,AVAILABLE}{/scm}
2019-09-19 05:09:43,864 [main] INFO  server.AbstractConnector (AbstractConnector.java:doStart(278)) - Started ServerConnector@672f11c2{HTTP/1.1,[http/1.1]}{0.0.0.0:38329}
2019-09-19 05:09:43,865 [main] INFO  server.Server (Server.java:doStart(419)) - Started @3560ms
2019-09-19 05:09:43,866 [main] INFO  server.BaseHttpServer (BaseHttpServer.java:updateConnectorAddress(213)) - HTTP server of SCM is listening at http://0.0.0.0:38329
2019-09-19 05:09:43,871 [org.apache.hadoop.util.JvmPauseMonitor$Monitor@173b9122] INFO  util.JvmPauseMonitor (JvmPauseMonitor.java:run(188)) - Starting JVM pause monitor
2019-09-19 05:09:43,874 [main] WARN  server.ServerUtils (ServerUtils.java:getDBPath(222)) - ozone.om.db.dirs is not configured. We recommend adding this setting. Falling back to ozone.metadata.dirs instead.
2019-09-19 05:09:43,997 [main] WARN  server.ServerUtils (ServerUtils.java:getDBPath(222)) - ozone.om.db.dirs is not configured. We recommend adding this setting. Falling back to ozone.metadata.dirs instead.
2019-09-19 05:09:43,998 [main] WARN  server.ServerUtils (ServerUtils.java:getDBPath(222)) - ozone.om.db.dirs is not configured. We recommend adding this setting. Falling back to ozone.metadata.dirs instead.
2019-09-19 05:09:43,999 [main] INFO  om.OzoneManager (OzoneManager.java:setOMNodeDetails(645)) - OM Service ID is not set. Setting it to the default ID: omServiceIdDefault
2019-09-19 05:09:43,999 [main] INFO  om.OzoneManager (OzoneManager.java:setOMNodeDetails(651)) - OM Node ID is not set. Setting it to the OmStorage's OmID: eabddfad-6df2-4878-bf2a-d9b7e427bfb7
2019-09-19 05:09:44,000 [main] INFO  om.OzoneManager (OzoneManager.java:loadOMHAConfigs(602)) - Found matching OM address with OMServiceId: null, OMNodeId: null, RPC Address: localhost:0 and Ratis port: 9872
2019-09-19 05:09:44,241 | INFO  | SCMAudit | user=jenkins1000 | ip=192.168.34.50 | op=GET_SCM_INFO null | ret=SUCCESS |  
2019-09-19 05:09:44,698 [main] WARN  server.ServerUtils (ServerUtils.java:getDBPath(222)) - ozone.om.db.dirs is not configured. We recommend adding this setting. Falling back to ozone.metadata.dirs instead.
2019-09-19 05:09:44,705 [main] INFO  db.DBStoreBuilder (DBStoreBuilder.java:addTable(110)) - using custom profile for table: userTable
2019-09-19 05:09:44,705 [main] INFO  db.DBStoreBuilder (DBStoreBuilder.java:processTables(161)) - Using default column profile:DBProfile.DISK for Table:userTable
2019-09-19 05:09:44,705 [main] INFO  db.DBStoreBuilder (DBStoreBuilder.java:addTable(110)) - using custom profile for table: volumeTable
2019-09-19 05:09:44,706 [main] INFO  db.DBStoreBuilder (DBStoreBuilder.java:processTables(161)) - Using default column profile:DBProfile.DISK for Table:volumeTable
2019-09-19 05:09:44,706 [main] INFO  db.DBStoreBuilder (DBStoreBuilder.java:addTable(110)) - using custom profile for table: bucketTable
2019-09-19 05:09:44,706 [main] INFO  db.DBStoreBuilder (DBStoreBuilder.java:processTables(161)) - Using default column profile:DBProfile.DISK for Table:bucketTable
2019-09-19 05:09:44,706 [main] INFO  db.DBStoreBuilder (DBStoreBuilder.java:addTable(110)) - using custom profile for table: keyTable
2019-09-19 05:09:44,707 [main] INFO  db.DBStoreBuilder (DBStoreBuilder.java:processTables(161)) - Using default column profile:DBProfile.DISK for Table:keyTable
2019-09-19 05:09:44,707 [main] INFO  db.DBStoreBuilder (DBStoreBuilder.java:addTable(110)) - using custom profile for table: deletedTable
2019-09-19 05:09:44,708 [main] INFO  db.DBStoreBuilder (DBStoreBuilder.java:processTables(161)) - Using default column profile:DBProfile.DISK for Table:deletedTable
2019-09-19 05:09:44,709 [main] INFO  db.DBStoreBuilder (DBStoreBuilder.java:addTable(110)) - using custom profile for table: openKeyTable
2019-09-19 05:09:44,709 [main] INFO  db.DBStoreBuilder (DBStoreBuilder.java:processTables(161)) - Using default column profile:DBProfile.DISK for Table:openKeyTable
2019-09-19 05:09:44,709 [main] INFO  db.DBStoreBuilder (DBStoreBuilder.java:addTable(110)) - using custom profile for table: s3Table
2019-09-19 05:09:44,709 [main] INFO  db.DBStoreBuilder (DBStoreBuilder.java:processTables(161)) - Using default column profile:DBProfile.DISK for Table:s3Table
2019-09-19 05:09:44,710 [main] INFO  db.DBStoreBuilder (DBStoreBuilder.java:addTable(110)) - using custom profile for table: multipartInfoTable
2019-09-19 05:09:44,710 [main] INFO  db.DBStoreBuilder (DBStoreBuilder.java:processTables(161)) - Using default column profile:DBProfile.DISK for Table:multipartInfoTable
2019-09-19 05:09:44,710 [main] INFO  db.DBStoreBuilder (DBStoreBuilder.java:addTable(110)) - using custom profile for table: dTokenTable
2019-09-19 05:09:44,710 [main] INFO  db.DBStoreBuilder (DBStoreBuilder.java:processTables(161)) - Using default column profile:DBProfile.DISK for Table:dTokenTable
2019-09-19 05:09:44,711 [main] INFO  db.DBStoreBuilder (DBStoreBuilder.java:addTable(110)) - using custom profile for table: s3SecretTable
2019-09-19 05:09:44,711 [main] INFO  db.DBStoreBuilder (DBStoreBuilder.java:processTables(161)) - Using default column profile:DBProfile.DISK for Table:s3SecretTable
2019-09-19 05:09:44,711 [main] INFO  db.DBStoreBuilder (DBStoreBuilder.java:addTable(110)) - using custom profile for table: prefixTable
2019-09-19 05:09:44,711 [main] INFO  db.DBStoreBuilder (DBStoreBuilder.java:processTables(161)) - Using default column profile:DBProfile.DISK for Table:prefixTable
2019-09-19 05:09:44,712 [main] INFO  db.DBStoreBuilder (DBStoreBuilder.java:addTable(110)) - using custom profile for table: default
2019-09-19 05:09:44,712 [main] INFO  db.DBStoreBuilder (DBStoreBuilder.java:processTables(167)) - Using default column profile:DBProfile.DISK for Table:default
2019-09-19 05:09:44,712 [main] INFO  db.DBStoreBuilder (DBStoreBuilder.java:getDbProfile(198)) - Using default options. DBProfile.DISK
2019-09-19 05:09:45,432 [main] INFO  ipc.CallQueueManager (CallQueueManager.java:<init>(84)) - Using callQueue: class java.util.concurrent.LinkedBlockingQueue, queueCapacity: 2000, scheduler: class org.apache.hadoop.ipc.DefaultRpcScheduler, ipcBackoff: false.
2019-09-19 05:09:45,433 [Socket Reader #1 for port 34208] INFO  ipc.Server (Server.java:run(1074)) - Starting Socket Reader #1 for port 34208
2019-09-19 05:09:45,460 [main] INFO  om.OzoneManager (OzoneManager.java:start(1256)) - OzoneManager RPC server is listening at localhost/127.0.0.1:34208
2019-09-19 05:09:45,461 [main] INFO  impl.MetricsSystemImpl (MetricsSystemImpl.java:init(158)) - OzoneManager metrics system started (again)
2019-09-19 05:09:45,462 [IPC Server Responder] INFO  ipc.Server (Server.java:run(1314)) - IPC Server Responder: starting
2019-09-19 05:09:45,463 [IPC Server listener on 34208] INFO  ipc.Server (Server.java:run(1153)) - IPC Server listener on 34208: starting
2019-09-19 05:09:45,469 [main] INFO  hdfs.DFSUtil (DFSUtil.java:httpServerTemplateForNNAndJN(1641)) - Starting Web-server for ozoneManager at: http://0.0.0.0:0
2019-09-19 05:09:45,471 [main] INFO  server.AuthenticationFilter (AuthenticationFilter.java:constructSecretProvider(240)) - Unable to initialize FileSignerSecretProvider, falling back to use random secrets.
2019-09-19 05:09:45,472 [main] WARN  http.HttpRequestLog (HttpRequestLog.java:getRequestLog(97)) - Jetty request log can only be enabled using Log4j
2019-09-19 05:09:45,474 [main] INFO  http.HttpServer2 (HttpServer2.java:addGlobalFilter(975)) - Added global filter 'safety' (class=org.apache.hadoop.http.HttpServer2$QuotingInputFilter)
2019-09-19 05:09:45,475 [main] INFO  http.HttpServer2 (HttpServer2.java:addFilter(948)) - Added filter static_user_filter (class=org.apache.hadoop.http.lib.StaticUserWebFilter$StaticUserFilter) to context ozoneManager
2019-09-19 05:09:45,476 [main] INFO  http.HttpServer2 (HttpServer2.java:addFilter(958)) - Added filter static_user_filter (class=org.apache.hadoop.http.lib.StaticUserWebFilter$StaticUserFilter) to context static
2019-09-19 05:09:45,476 [main] INFO  http.HttpServer2 (HttpServer2.java:addFilter(958)) - Added filter static_user_filter (class=org.apache.hadoop.http.lib.StaticUserWebFilter$StaticUserFilter) to context logs
2019-09-19 05:09:45,478 [main] INFO  http.HttpServer2 (HttpServer2.java:bindListener(1191)) - Jetty bound to port 37283
2019-09-19 05:09:45,479 [main] INFO  server.Server (Server.java:doStart(351)) - jetty-9.3.24.v20180605, build timestamp: 2018-06-05T17:11:56Z, git hash: 84205aa28f11a4f31f2a3b86d1bba2cc8ab69827
2019-09-19 05:09:45,481 [main] INFO  handler.ContextHandler (ContextHandler.java:doStart(781)) - Started o.e.j.s.ServletContextHandler@51ec2df1{/logs,file:///workdir/hadoop-ozone/integration-test/target/log,AVAILABLE}
2019-09-19 05:09:45,481 [main] INFO  handler.ContextHandler (ContextHandler.java:doStart(781)) - Started o.e.j.s.ServletContextHandler@15fa55a6{/static,file:///workdir/hadoop-ozone/integration-test/target/test-classes/webapps/static,AVAILABLE}
2019-09-19 05:09:45,488 [main] INFO  handler.ContextHandler (ContextHandler.java:doStart(781)) - Started o.e.j.w.WebAppContext@61f3fbb8{/,file:///workdir/hadoop-ozone/integration-test/target/test-classes/webapps/ozoneManager/,AVAILABLE}{/ozoneManager}
2019-09-19 05:09:45,488 [main] INFO  server.AbstractConnector (AbstractConnector.java:doStart(278)) - Started ServerConnector@7551da2a{HTTP/1.1,[http/1.1]}{0.0.0.0:37283}
2019-09-19 05:09:45,489 [main] INFO  server.Server (Server.java:doStart(419)) - Started @5185ms
2019-09-19 05:09:45,491 [main] INFO  server.BaseHttpServer (BaseHttpServer.java:updateConnectorAddress(213)) - HTTP server of OZONEMANAGER is listening at http://0.0.0.0:37283
2019-09-19 05:09:45,642 [main] INFO  impl.MetricsSystemImpl (MetricsSystemImpl.java:init(158)) - HddsDatanode metrics system started (again)
2019-09-19 05:09:45,743 [main] INFO  ozone.HddsDatanodeService (HddsDatanodeService.java:start(184)) - HddsDatanodeService host:pr-hdds-2034-srnhl-2452957315 ip:192.168.34.50
2019-09-19 05:09:45,775 [main] INFO  volume.HddsVolume (HddsVolume.java:<init>(176)) - Creating Volume: /workdir/hadoop-ozone/integration-test/target/test-dir/MiniOzoneClusterImpl-b43a9866-cbec-420f-9708-e655410cb55a/datanode-0/data/containers/hdds of  storage type : DISK and capacity : 1482555576320
2019-09-19 05:09:45,777 [main] INFO  volume.VolumeSet (VolumeSet.java:initializeVolumeSet(170)) - Added Volume : /workdir/hadoop-ozone/integration-test/target/test-dir/MiniOzoneClusterImpl-b43a9866-cbec-420f-9708-e655410cb55a/datanode-0/data/containers/hdds to VolumeSet
2019-09-19 05:09:45,780 [main] INFO  volume.ThrottledAsyncChecker (ThrottledAsyncChecker.java:schedule(140)) - Scheduling a check for org.apache.hadoop.ozone.container.common.volume.HddsVolume@4df39a88
2019-09-19 05:09:45,797 [main] INFO  volume.HddsVolumeChecker (HddsVolumeChecker.java:checkAllVolumes(203)) - Scheduled health check for volume org.apache.hadoop.ozone.container.common.volume.HddsVolume@4df39a88
2019-09-19 05:09:45,904 [main] INFO  impl.RaftServerProxy (ConfUtils.java:logGet(43)) - raft.rpc.type = GRPC (default)
2019-09-19 05:09:45,990 [main] INFO  grpc.GrpcFactory (GrpcFactory.java:checkPooledByteBufAllocatorUseCacheForAllThreads(45)) - PERFORMANCE WARNING: useCacheForAllThreads is true that may cause Netty to create a lot garbage objects and, as a result, trigger GC.
	It is recommended to disable useCacheForAllThreads by setting -Dorg.apache.ratis.thirdparty.io.netty.allocator.useCacheForAllThreads=false in command line.
2019-09-19 05:09:45,995 [main] INFO  grpc.GrpcConfigKeys$Server (ConfUtils.java:logGet(43)) - raft.grpc.server.port = 0 (default)
2019-09-19 05:09:45,996 [main] INFO  server.GrpcService (ConfUtils.java:logGet(43)) - raft.grpc.message.size.max = 33570816 (custom)
2019-09-19 05:09:45,998 [main] INFO  server.RaftServerConfigKeys (ConfUtils.java:logGet(43)) - raft.server.log.appender.buffer.byte-limit = 33554432 (custom)
2019-09-19 05:09:45,998 [main] INFO  server.GrpcService (ConfUtils.java:logGet(43)) - raft.grpc.flow.control.window = 1MB (=1048576) (default)
2019-09-19 05:09:45,999 [main] INFO  server.RaftServerConfigKeys (ConfUtils.java:logGet(43)) - raft.server.rpc.request.timeout = 3000ms (default)
2019-09-19 05:09:46,154 [main] INFO  server.RaftServerConfigKeys (ConfUtils.java:logGet(43)) - raft.server.storage.dir = [/workdir/hadoop-ozone/integration-test/target/test-dir/MiniOzoneClusterImpl-b43a9866-cbec-420f-9708-e655410cb55a/datanode-0/data/ratis] (custom)
2019-09-19 05:09:46,190 [main] INFO  replication.SimpleContainerDownloader (SimpleContainerDownloader.java:<init>(72)) - Starting container downloader service to copy containers to replicate.
2019-09-19 05:09:46,206 [main] INFO  hdfs.DFSUtil (DFSUtil.java:httpServerTemplateForNNAndJN(1641)) - Starting Web-server for hddsDatanode at: http://0.0.0.0:0
2019-09-19 05:09:46,208 [main] INFO  server.AuthenticationFilter (AuthenticationFilter.java:constructSecretProvider(240)) - Unable to initialize FileSignerSecretProvider, falling back to use random secrets.
2019-09-19 05:09:46,209 [main] WARN  http.HttpRequestLog (HttpRequestLog.java:getRequestLog(97)) - Jetty request log can only be enabled using Log4j
2019-09-19 05:09:46,212 [main] INFO  http.HttpServer2 (HttpServer2.java:addGlobalFilter(975)) - Added global filter 'safety' (class=org.apache.hadoop.http.HttpServer2$QuotingInputFilter)
2019-09-19 05:09:46,213 [main] INFO  http.HttpServer2 (HttpServer2.java:addFilter(948)) - Added filter static_user_filter (class=org.apache.hadoop.http.lib.StaticUserWebFilter$StaticUserFilter) to context hddsDatanode
2019-09-19 05:09:46,213 [main] INFO  http.HttpServer2 (HttpServer2.java:addFilter(958)) - Added filter static_user_filter (class=org.apache.hadoop.http.lib.StaticUserWebFilter$StaticUserFilter) to context static
2019-09-19 05:09:46,214 [main] INFO  http.HttpServer2 (HttpServer2.java:addFilter(958)) - Added filter static_user_filter (class=org.apache.hadoop.http.lib.StaticUserWebFilter$StaticUserFilter) to context logs
2019-09-19 05:09:46,215 [main] INFO  http.HttpServer2 (HttpServer2.java:bindListener(1191)) - Jetty bound to port 38424
2019-09-19 05:09:46,215 [main] INFO  server.Server (Server.java:doStart(351)) - jetty-9.3.24.v20180605, build timestamp: 2018-06-05T17:11:56Z, git hash: 84205aa28f11a4f31f2a3b86d1bba2cc8ab69827
2019-09-19 05:09:46,218 [main] INFO  handler.ContextHandler (ContextHandler.java:doStart(781)) - Started o.e.j.s.ServletContextHandler@1687eb01{/logs,file:///workdir/hadoop-ozone/integration-test/target/log,AVAILABLE}
2019-09-19 05:09:46,219 [main] INFO  handler.ContextHandler (ContextHandler.java:doStart(781)) - Started o.e.j.s.ServletContextHandler@2f897dab{/static,jar:file:/home/user/.m2/repository/org/apache/hadoop/hadoop-hdds-container-service/0.5.0-SNAPSHOT/hadoop-hdds-container-service-0.5.0-SNAPSHOT.jar!/webapps/static,AVAILABLE}
2019-09-19 05:09:46,267 [main] INFO  handler.ContextHandler (ContextHandler.java:doStart(781)) - Started o.e.j.w.WebAppContext@671d1157{/,file:///tmp/jetty-0.0.0.0-38424-hddsDatanode-_-any-3005338315281396962.dir/webapp/,AVAILABLE}{/hddsDatanode}
2019-09-19 05:09:46,268 [main] INFO  server.AbstractConnector (AbstractConnector.java:doStart(278)) - Started ServerConnector@60c8a093{HTTP/1.1,[http/1.1]}{0.0.0.0:38424}
2019-09-19 05:09:46,269 [main] INFO  server.Server (Server.java:doStart(419)) - Started @5964ms
2019-09-19 05:09:46,271 [main] INFO  server.BaseHttpServer (BaseHttpServer.java:updateConnectorAddress(213)) - HTTP server of HDDSDATANODE is listening at http://0.0.0.0:38424
2019-09-19 05:09:47,429 | INFO  | ObjectStoreRestHttpServer | Listening HDDS REST traffic on /0.0.0.0:43491 |  
2019-09-19 05:09:47,430 [main] INFO  ozone.HddsDatanodeService (HddsDatanodeService.java:startPlugins(395)) - Started plug-in org.apache.hadoop.ozone.web.OzoneHddsDatanodeService@4665428b
2019-09-19 05:09:47,431 [main] INFO  impl.MetricsSystemImpl (MetricsSystemImpl.java:init(158)) - HddsDatanode metrics system started (again)
2019-09-19 05:09:47,434 [main] INFO  ozone.HddsDatanodeService (HddsDatanodeService.java:start(184)) - HddsDatanodeService host:pr-hdds-2034-srnhl-2452957315 ip:192.168.34.50
2019-09-19 05:09:47,437 [org.apache.hadoop.util.JvmPauseMonitor$Monitor@7e3ad696] INFO  util.JvmPauseMonitor (JvmPauseMonitor.java:run(188)) - Starting JVM pause monitor
2019-09-19 05:09:47,441 [main] INFO  volume.HddsVolume (HddsVolume.java:<init>(176)) - Creating Volume: /workdir/hadoop-ozone/integration-test/target/test-dir/MiniOzoneClusterImpl-b43a9866-cbec-420f-9708-e655410cb55a/datanode-1/data/containers/hdds of  storage type : DISK and capacity : 1482555576320
2019-09-19 05:09:47,473 [main] INFO  volume.VolumeSet (VolumeSet.java:initializeVolumeSet(170)) - Added Volume : /workdir/hadoop-ozone/integration-test/target/test-dir/MiniOzoneClusterImpl-b43a9866-cbec-420f-9708-e655410cb55a/datanode-1/data/containers/hdds to VolumeSet
2019-09-19 05:09:47,474 [main] INFO  volume.ThrottledAsyncChecker (ThrottledAsyncChecker.java:schedule(140)) - Scheduling a check for org.apache.hadoop.ozone.container.common.volume.HddsVolume@40943a6
2019-09-19 05:09:47,474 [main] INFO  volume.HddsVolumeChecker (HddsVolumeChecker.java:checkAllVolumes(203)) - Scheduled health check for volume org.apache.hadoop.ozone.container.common.volume.HddsVolume@40943a6
2019-09-19 05:09:47,494 [main] INFO  impl.RaftServerProxy (ConfUtils.java:logGet(43)) - raft.rpc.type = GRPC (default)
2019-09-19 05:09:47,494 [main] INFO  grpc.GrpcFactory (GrpcFactory.java:checkPooledByteBufAllocatorUseCacheForAllThreads(45)) - PERFORMANCE WARNING: useCacheForAllThreads is true that may cause Netty to create a lot garbage objects and, as a result, trigger GC.
	It is recommended to disable useCacheForAllThreads by setting -Dorg.apache.ratis.thirdparty.io.netty.allocator.useCacheForAllThreads=false in command line.
2019-09-19 05:09:47,495 [main] INFO  grpc.GrpcConfigKeys$Server (ConfUtils.java:logGet(43)) - raft.grpc.server.port = 0 (default)
2019-09-19 05:09:47,495 [main] INFO  server.GrpcService (ConfUtils.java:logGet(43)) - raft.grpc.message.size.max = 33570816 (custom)
2019-09-19 05:09:47,495 [main] INFO  server.RaftServerConfigKeys (ConfUtils.java:logGet(43)) - raft.server.log.appender.buffer.byte-limit = 33554432 (custom)
2019-09-19 05:09:47,495 [main] INFO  server.GrpcService (ConfUtils.java:logGet(43)) - raft.grpc.flow.control.window = 1MB (=1048576) (default)
2019-09-19 05:09:47,496 [main] INFO  server.RaftServerConfigKeys (ConfUtils.java:logGet(43)) - raft.server.rpc.request.timeout = 3000ms (default)
2019-09-19 05:09:47,496 [main] INFO  server.RaftServerConfigKeys (ConfUtils.java:logGet(43)) - raft.server.storage.dir = [/workdir/hadoop-ozone/integration-test/target/test-dir/MiniOzoneClusterImpl-b43a9866-cbec-420f-9708-e655410cb55a/datanode-1/data/ratis] (custom)
2019-09-19 05:09:47,510 [main] INFO  replication.SimpleContainerDownloader (SimpleContainerDownloader.java:<init>(72)) - Starting container downloader service to copy containers to replicate.
2019-09-19 05:09:47,511 [main] INFO  hdfs.DFSUtil (DFSUtil.java:httpServerTemplateForNNAndJN(1641)) - Starting Web-server for hddsDatanode at: http://0.0.0.0:0
2019-09-19 05:09:47,514 [main] INFO  server.AuthenticationFilter (AuthenticationFilter.java:constructSecretProvider(240)) - Unable to initialize FileSignerSecretProvider, falling back to use random secrets.
2019-09-19 05:09:47,515 [main] WARN  http.HttpRequestLog (HttpRequestLog.java:getRequestLog(97)) - Jetty request log can only be enabled using Log4j
2019-09-19 05:09:47,517 [main] INFO  http.HttpServer2 (HttpServer2.java:addGlobalFilter(975)) - Added global filter 'safety' (class=org.apache.hadoop.http.HttpServer2$QuotingInputFilter)
2019-09-19 05:09:47,519 [main] INFO  http.HttpServer2 (HttpServer2.java:addFilter(948)) - Added filter static_user_filter (class=org.apache.hadoop.http.lib.StaticUserWebFilter$StaticUserFilter) to context hddsDatanode
2019-09-19 05:09:47,519 [main] INFO  http.HttpServer2 (HttpServer2.java:addFilter(958)) - Added filter static_user_filter (class=org.apache.hadoop.http.lib.StaticUserWebFilter$StaticUserFilter) to context static
2019-09-19 05:09:47,519 [main] INFO  http.HttpServer2 (HttpServer2.java:addFilter(958)) - Added filter static_user_filter (class=org.apache.hadoop.http.lib.StaticUserWebFilter$StaticUserFilter) to context logs
2019-09-19 05:09:47,520 [main] INFO  http.HttpServer2 (HttpServer2.java:bindListener(1191)) - Jetty bound to port 45915
2019-09-19 05:09:47,521 [main] INFO  server.Server (Server.java:doStart(351)) - jetty-9.3.24.v20180605, build timestamp: 2018-06-05T17:11:56Z, git hash: 84205aa28f11a4f31f2a3b86d1bba2cc8ab69827
2019-09-19 05:09:47,525 [main] INFO  handler.ContextHandler (ContextHandler.java:doStart(781)) - Started o.e.j.s.ServletContextHandler@26582ca{/logs,file:///workdir/hadoop-ozone/integration-test/target/log,AVAILABLE}
2019-09-19 05:09:47,526 [main] INFO  handler.ContextHandler (ContextHandler.java:doStart(781)) - Started o.e.j.s.ServletContextHandler@2c3158e0{/static,jar:file:/home/user/.m2/repository/org/apache/hadoop/hadoop-hdds-container-service/0.5.0-SNAPSHOT/hadoop-hdds-container-service-0.5.0-SNAPSHOT.jar!/webapps/static,AVAILABLE}
2019-09-19 05:09:47,548 [Datanode State Machine Thread - 0] INFO  datanode.InitDatanodeState (InitDatanodeState.java:persistContainerDatanodeDetails(140)) - DatanodeDetails is persisted to /workdir/hadoop-ozone/integration-test/target/test-dir/MiniOzoneClusterImpl-b43a9866-cbec-420f-9708-e655410cb55a/datanode-0/meta/datanode.id
2019-09-19 05:09:47,565 [main] INFO  handler.ContextHandler (ContextHandler.java:doStart(781)) - Started o.e.j.w.WebAppContext@2f9a10df{/,file:///tmp/jetty-0.0.0.0-45915-hddsDatanode-_-any-2883873872564179648.dir/webapp/,AVAILABLE}{/hddsDatanode}
2019-09-19 05:09:47,566 [main] INFO  server.AbstractConnector (AbstractConnector.java:doStart(278)) - Started ServerConnector@773c2214{HTTP/1.1,[http/1.1]}{0.0.0.0:45915}
2019-09-19 05:09:47,567 [main] INFO  server.Server (Server.java:doStart(419)) - Started @7263ms
2019-09-19 05:09:47,569 [main] INFO  server.BaseHttpServer (BaseHttpServer.java:updateConnectorAddress(213)) - HTTP server of HDDSDATANODE is listening at http://0.0.0.0:45915
2019-09-19 05:09:47,734 | INFO  | ObjectStoreRestHttpServer | Listening HDDS REST traffic on /0.0.0.0:36347 |  
2019-09-19 05:09:47,734 [main] INFO  ozone.HddsDatanodeService (HddsDatanodeService.java:startPlugins(395)) - Started plug-in org.apache.hadoop.ozone.web.OzoneHddsDatanodeService@56a4abd0
2019-09-19 05:09:47,735 [main] INFO  impl.MetricsSystemImpl (MetricsSystemImpl.java:init(158)) - HddsDatanode metrics system started (again)
2019-09-19 05:09:47,738 [main] INFO  ozone.HddsDatanodeService (HddsDatanodeService.java:start(184)) - HddsDatanodeService host:pr-hdds-2034-srnhl-2452957315 ip:192.168.34.50
2019-09-19 05:09:47,738 [org.apache.hadoop.util.JvmPauseMonitor$Monitor@2fc3ade1] INFO  util.JvmPauseMonitor (JvmPauseMonitor.java:run(188)) - Starting JVM pause monitor
2019-09-19 05:09:47,744 [Datanode State Machine Thread - 0] INFO  datanode.InitDatanodeState (InitDatanodeState.java:persistContainerDatanodeDetails(140)) - DatanodeDetails is persisted to /workdir/hadoop-ozone/integration-test/target/test-dir/MiniOzoneClusterImpl-b43a9866-cbec-420f-9708-e655410cb55a/datanode-1/meta/datanode.id
2019-09-19 05:09:47,751 [main] INFO  volume.HddsVolume (HddsVolume.java:<init>(176)) - Creating Volume: /workdir/hadoop-ozone/integration-test/target/test-dir/MiniOzoneClusterImpl-b43a9866-cbec-420f-9708-e655410cb55a/datanode-2/data/containers/hdds of  storage type : DISK and capacity : 1482555576320
2019-09-19 05:09:47,751 [main] INFO  volume.VolumeSet (VolumeSet.java:initializeVolumeSet(170)) - Added Volume : /workdir/hadoop-ozone/integration-test/target/test-dir/MiniOzoneClusterImpl-b43a9866-cbec-420f-9708-e655410cb55a/datanode-2/data/containers/hdds to VolumeSet
2019-09-19 05:09:47,751 [main] INFO  volume.ThrottledAsyncChecker (ThrottledAsyncChecker.java:schedule(140)) - Scheduling a check for org.apache.hadoop.ozone.container.common.volume.HddsVolume@26457986
2019-09-19 05:09:47,752 [main] INFO  volume.HddsVolumeChecker (HddsVolumeChecker.java:checkAllVolumes(203)) - Scheduled health check for volume org.apache.hadoop.ozone.container.common.volume.HddsVolume@26457986
2019-09-19 05:09:47,768 [main] INFO  impl.RaftServerProxy (ConfUtils.java:logGet(43)) - raft.rpc.type = GRPC (default)
2019-09-19 05:09:47,769 [main] INFO  grpc.GrpcFactory (GrpcFactory.java:checkPooledByteBufAllocatorUseCacheForAllThreads(45)) - PERFORMANCE WARNING: useCacheForAllThreads is true that may cause Netty to create a lot garbage objects and, as a result, trigger GC.
	It is recommended to disable useCacheForAllThreads by setting -Dorg.apache.ratis.thirdparty.io.netty.allocator.useCacheForAllThreads=false in command line.
2019-09-19 05:09:47,769 [main] INFO  grpc.GrpcConfigKeys$Server (ConfUtils.java:logGet(43)) - raft.grpc.server.port = 0 (default)
2019-09-19 05:09:47,769 [main] INFO  server.GrpcService (ConfUtils.java:logGet(43)) - raft.grpc.message.size.max = 33570816 (custom)
2019-09-19 05:09:47,769 [main] INFO  server.RaftServerConfigKeys (ConfUtils.java:logGet(43)) - raft.server.log.appender.buffer.byte-limit = 33554432 (custom)
2019-09-19 05:09:47,770 [main] INFO  server.GrpcService (ConfUtils.java:logGet(43)) - raft.grpc.flow.control.window = 1MB (=1048576) (default)
2019-09-19 05:09:47,770 [main] INFO  server.RaftServerConfigKeys (ConfUtils.java:logGet(43)) - raft.server.rpc.request.timeout = 3000ms (default)
2019-09-19 05:09:47,770 [main] INFO  server.RaftServerConfigKeys (ConfUtils.java:logGet(43)) - raft.server.storage.dir = [/workdir/hadoop-ozone/integration-test/target/test-dir/MiniOzoneClusterImpl-b43a9866-cbec-420f-9708-e655410cb55a/datanode-2/data/ratis] (custom)
2019-09-19 05:09:47,771 [main] INFO  replication.SimpleContainerDownloader (SimpleContainerDownloader.java:<init>(72)) - Starting container downloader service to copy containers to replicate.
2019-09-19 05:09:47,773 [main] INFO  hdfs.DFSUtil (DFSUtil.java:httpServerTemplateForNNAndJN(1641)) - Starting Web-server for hddsDatanode at: http://0.0.0.0:0
2019-09-19 05:09:47,774 [main] INFO  server.AuthenticationFilter (AuthenticationFilter.java:constructSecretProvider(240)) - Unable to initialize FileSignerSecretProvider, falling back to use random secrets.
2019-09-19 05:09:47,774 [main] WARN  http.HttpRequestLog (HttpRequestLog.java:getRequestLog(97)) - Jetty request log can only be enabled using Log4j
2019-09-19 05:09:47,776 [main] INFO  http.HttpServer2 (HttpServer2.java:addGlobalFilter(975)) - Added global filter 'safety' (class=org.apache.hadoop.http.HttpServer2$QuotingInputFilter)
2019-09-19 05:09:47,776 [main] INFO  http.HttpServer2 (HttpServer2.java:addFilter(948)) - Added filter static_user_filter (class=org.apache.hadoop.http.lib.StaticUserWebFilter$StaticUserFilter) to context hddsDatanode
2019-09-19 05:09:47,777 [main] INFO  http.HttpServer2 (HttpServer2.java:addFilter(958)) - Added filter static_user_filter (class=org.apache.hadoop.http.lib.StaticUserWebFilter$StaticUserFilter) to context logs
2019-09-19 05:09:47,777 [main] INFO  http.HttpServer2 (HttpServer2.java:addFilter(958)) - Added filter static_user_filter (class=org.apache.hadoop.http.lib.StaticUserWebFilter$StaticUserFilter) to context static
2019-09-19 05:09:47,778 [main] INFO  http.HttpServer2 (HttpServer2.java:bindListener(1191)) - Jetty bound to port 40854
2019-09-19 05:09:47,778 [main] INFO  server.Server (Server.java:doStart(351)) - jetty-9.3.24.v20180605, build timestamp: 2018-06-05T17:11:56Z, git hash: 84205aa28f11a4f31f2a3b86d1bba2cc8ab69827
2019-09-19 05:09:47,780 [main] INFO  handler.ContextHandler (ContextHandler.java:doStart(781)) - Started o.e.j.s.ServletContextHandler@5a14e60d{/logs,file:///workdir/hadoop-ozone/integration-test/target/log,AVAILABLE}
2019-09-19 05:09:47,780 [main] INFO  handler.ContextHandler (ContextHandler.java:doStart(781)) - Started o.e.j.s.ServletContextHandler@72ecbcb3{/static,jar:file:/home/user/.m2/repository/org/apache/hadoop/hadoop-hdds-container-service/0.5.0-SNAPSHOT/hadoop-hdds-container-service-0.5.0-SNAPSHOT.jar!/webapps/static,AVAILABLE}
2019-09-19 05:09:47,811 [main] INFO  handler.ContextHandler (ContextHandler.java:doStart(781)) - Started o.e.j.w.WebAppContext@1d2fb82{/,file:///tmp/jetty-0.0.0.0-40854-hddsDatanode-_-any-7484810193878492292.dir/webapp/,AVAILABLE}{/hddsDatanode}
2019-09-19 05:09:47,811 [main] INFO  server.AbstractConnector (AbstractConnector.java:doStart(278)) - Started ServerConnector@34045582{HTTP/1.1,[http/1.1]}{0.0.0.0:40854}
2019-09-19 05:09:47,812 [main] INFO  server.Server (Server.java:doStart(419)) - Started @7508ms
2019-09-19 05:09:47,813 [main] INFO  server.BaseHttpServer (BaseHttpServer.java:updateConnectorAddress(213)) - HTTP server of HDDSDATANODE is listening at http://0.0.0.0:40854
2019-09-19 05:09:47,957 | INFO  | ObjectStoreRestHttpServer | Listening HDDS REST traffic on /0.0.0.0:41957 |  
2019-09-19 05:09:47,957 [main] INFO  ozone.HddsDatanodeService (HddsDatanodeService.java:startPlugins(395)) - Started plug-in org.apache.hadoop.ozone.web.OzoneHddsDatanodeService@63e5b8aa
2019-09-19 05:09:47,959 [main] INFO  ozone.MiniOzoneClusterImpl (MiniOzoneClusterImpl.java:lambda$waitForClusterToBeReady$0(145)) - Waiting for nodes to be ready. Got 0 of 3 DN Heartbeats.
2019-09-19 05:09:47,960 [main] INFO  ozone.MiniOzoneClusterImpl (MiniOzoneClusterImpl.java:lambda$waitForClusterToBeReady$0(148)) - Waiting for cluster to exit safe mode
2019-09-19 05:09:47,960 [org.apache.hadoop.util.JvmPauseMonitor$Monitor@64991419] INFO  util.JvmPauseMonitor (JvmPauseMonitor.java:run(188)) - Starting JVM pause monitor
2019-09-19 05:09:47,964 [Datanode State Machine Thread - 0] INFO  datanode.InitDatanodeState (InitDatanodeState.java:persistContainerDatanodeDetails(140)) - DatanodeDetails is persisted to /workdir/hadoop-ozone/integration-test/target/test-dir/MiniOzoneClusterImpl-b43a9866-cbec-420f-9708-e655410cb55a/datanode-2/meta/datanode.id
2019-09-19 05:09:48,960 [main] INFO  ozone.MiniOzoneClusterImpl (MiniOzoneClusterImpl.java:lambda$waitForClusterToBeReady$0(145)) - Waiting for nodes to be ready. Got 0 of 3 DN Heartbeats.
2019-09-19 05:09:48,960 [main] INFO  ozone.MiniOzoneClusterImpl (MiniOzoneClusterImpl.java:lambda$waitForClusterToBeReady$0(148)) - Waiting for cluster to exit safe mode
2019-09-19 05:09:49,468 | INFO  | SCMAudit | user=jenkins1000 | ip=192.168.34.50 | op=GET_VERSION null | ret=SUCCESS |  
2019-09-19 05:09:49,500 [Datanode State Machine Thread - 0] INFO  ozoneimpl.OzoneContainer (OzoneContainer.java:start(186)) - Attempting to start container services.
2019-09-19 05:09:49,501 [Datanode State Machine Thread - 0] INFO  ozoneimpl.OzoneContainer (OzoneContainer.java:startContainerScrub(160)) - Background container scrubber has been disabled by hdds.containerscrub.enabled
2019-09-19 05:09:49,501 [Datanode State Machine Thread - 0] INFO  ratis.XceiverServerRatis (XceiverServerRatis.java:start(404)) - Starting XceiverServerRatis 74147ebb-effa-46c3-83c2-0ae5d7c7f388 at port 0
2019-09-19 05:09:49,521 [Datanode State Machine Thread - 0] INFO  impl.RaftServerProxy (RaftServerProxy.java:lambda$start$3(299)) - 74147ebb-effa-46c3-83c2-0ae5d7c7f388: start RPC server
2019-09-19 05:09:49,646 [Datanode State Machine Thread - 0] INFO  server.GrpcService (GrpcService.java:startImpl(149)) - 74147ebb-effa-46c3-83c2-0ae5d7c7f388: GrpcService started, listening on 0.0.0.0/0.0.0.0:46221
2019-09-19 05:09:49,647 [Datanode State Machine Thread - 0] INFO  ratis.XceiverServerRatis (XceiverServerRatis.java:start(414)) - XceiverServerRatis 74147ebb-effa-46c3-83c2-0ae5d7c7f388 is started using port 46221
2019-09-19 05:09:49,650 [Datanode State Machine Thread - 0] INFO  server.XceiverServerGrpc (XceiverServerGrpc.java:start(163)) - XceiverServerGrpc 74147ebb-effa-46c3-83c2-0ae5d7c7f388 is started using port 37803
2019-09-19 05:09:49,740 | INFO  | SCMAudit | user=jenkins1000 | ip=192.168.34.50 | op=GET_VERSION null | ret=SUCCESS |  
2019-09-19 05:09:49,756 [Datanode State Machine Thread - 0] INFO  ozoneimpl.OzoneContainer (OzoneContainer.java:start(186)) - Attempting to start container services.
2019-09-19 05:09:49,758 [Datanode State Machine Thread - 0] INFO  ozoneimpl.OzoneContainer (OzoneContainer.java:startContainerScrub(160)) - Background container scrubber has been disabled by hdds.containerscrub.enabled
2019-09-19 05:09:49,759 [Datanode State Machine Thread - 0] INFO  ratis.XceiverServerRatis (XceiverServerRatis.java:start(404)) - Starting XceiverServerRatis 14aa947b-a528-472c-a788-b723aaba2374 at port 0
2019-09-19 05:09:49,768 [Datanode State Machine Thread - 0] INFO  impl.RaftServerProxy (RaftServerProxy.java:lambda$start$3(299)) - 14aa947b-a528-472c-a788-b723aaba2374: start RPC server
2019-09-19 05:09:49,771 [Datanode State Machine Thread - 0] INFO  server.GrpcService (GrpcService.java:startImpl(149)) - 14aa947b-a528-472c-a788-b723aaba2374: GrpcService started, listening on 0.0.0.0/0.0.0.0:41548
2019-09-19 05:09:49,771 [Datanode State Machine Thread - 0] INFO  ratis.XceiverServerRatis (XceiverServerRatis.java:start(414)) - XceiverServerRatis 14aa947b-a528-472c-a788-b723aaba2374 is started using port 41548
2019-09-19 05:09:49,774 [Datanode State Machine Thread - 0] INFO  server.XceiverServerGrpc (XceiverServerGrpc.java:start(163)) - XceiverServerGrpc 14aa947b-a528-472c-a788-b723aaba2374 is started using port 45070
2019-09-19 05:09:49,961 [main] INFO  ozone.MiniOzoneClusterImpl (MiniOzoneClusterImpl.java:lambda$waitForClusterToBeReady$0(145)) - Waiting for nodes to be ready. Got 0 of 3 DN Heartbeats.
2019-09-19 05:09:49,961 [main] INFO  ozone.MiniOzoneClusterImpl (MiniOzoneClusterImpl.java:lambda$waitForClusterToBeReady$0(148)) - Waiting for cluster to exit safe mode
2019-09-19 05:09:49,963 | INFO  | SCMAudit | user=jenkins1000 | ip=192.168.34.50 | op=GET_VERSION null | ret=SUCCESS |  
2019-09-19 05:09:49,977 [Datanode State Machine Thread - 0] INFO  ozoneimpl.OzoneContainer (OzoneContainer.java:start(186)) - Attempting to start container services.
2019-09-19 05:09:49,979 [Datanode State Machine Thread - 0] INFO  ozoneimpl.OzoneContainer (OzoneContainer.java:startContainerScrub(160)) - Background container scrubber has been disabled by hdds.containerscrub.enabled
2019-09-19 05:09:49,979 [Datanode State Machine Thread - 0] INFO  ratis.XceiverServerRatis (XceiverServerRatis.java:start(404)) - Starting XceiverServerRatis d8542778-0a07-4f64-990c-26c7e95929d0 at port 0
2019-09-19 05:09:49,987 [Datanode State Machine Thread - 0] INFO  impl.RaftServerProxy (RaftServerProxy.java:lambda$start$3(299)) - d8542778-0a07-4f64-990c-26c7e95929d0: start RPC server
2019-09-19 05:09:50,075 [Datanode State Machine Thread - 0] INFO  server.GrpcService (GrpcService.java:startImpl(149)) - d8542778-0a07-4f64-990c-26c7e95929d0: GrpcService started, listening on 0.0.0.0/0.0.0.0:42342
2019-09-19 05:09:50,075 [Datanode State Machine Thread - 0] INFO  ratis.XceiverServerRatis (XceiverServerRatis.java:start(414)) - XceiverServerRatis d8542778-0a07-4f64-990c-26c7e95929d0 is started using port 42342
2019-09-19 05:09:50,080 [Datanode State Machine Thread - 0] INFO  server.XceiverServerGrpc (XceiverServerGrpc.java:start(163)) - XceiverServerGrpc d8542778-0a07-4f64-990c-26c7e95929d0 is started using port 46689
2019-09-19 05:09:50,962 [main] INFO  ozone.MiniOzoneClusterImpl (MiniOzoneClusterImpl.java:lambda$waitForClusterToBeReady$0(145)) - Waiting for nodes to be ready. Got 0 of 3 DN Heartbeats.
2019-09-19 05:09:50,962 [main] INFO  ozone.MiniOzoneClusterImpl (MiniOzoneClusterImpl.java:lambda$waitForClusterToBeReady$0(148)) - Waiting for cluster to exit safe mode
2019-09-19 05:09:51,481 [IPC Server handler 1 on 36523] INFO  net.NetworkTopology (NetworkTopologyImpl.java:add(110)) - Added a new node: /default-rack/74147ebb-effa-46c3-83c2-0ae5d7c7f388
2019-09-19 05:09:51,481 [IPC Server handler 1 on 36523] INFO  node.SCMNodeManager (SCMNodeManager.java:register(273)) - Registered Data node : 74147ebb-effa-46c3-83c2-0ae5d7c7f388{ip: 192.168.34.50, host: pr-hdds-2034-srnhl-2452957315, networkLocation: /default-rack, certSerialId: null}
2019-09-19 05:09:51,487 [EventQueue-NodeRegistrationContainerReportForDataNodeSafeModeRule] INFO  safemode.SCMSafeModeManager (DataNodeSafeModeRule.java:process(71)) - SCM in safe mode. 1 DataNodes registered, 1 required.
2019-09-19 05:09:51,488 [RatisPipelineUtilsThread] INFO  pipeline.RatisPipelineProvider (RatisPipelineProvider.java:lambda$create$4(164)) - Send pipeline:PipelineID=0c668d85-afbc-4059-a043-1f7c24a4289d create command to datanode 74147ebb-effa-46c3-83c2-0ae5d7c7f388
2019-09-19 05:09:51,499 | INFO  | SCMAudit | user=jenkins1000 | ip=192.168.34.50 | op=REGISTER {datanodeDetails=74147ebb-effa-46c3-83c2-0ae5d7c7f388{ip: 192.168.34.50, host: pr-hdds-2034-srnhl-2452957315, networkLocation: /default-rack, certSerialId: null}} | ret=SUCCESS |  
2019-09-19 05:09:51,742 [IPC Server handler 2 on 36523] INFO  net.NetworkTopology (NetworkTopologyImpl.java:add(110)) - Added a new node: /default-rack/14aa947b-a528-472c-a788-b723aaba2374
2019-09-19 05:09:51,743 [IPC Server handler 2 on 36523] INFO  node.SCMNodeManager (SCMNodeManager.java:register(273)) - Registered Data node : 14aa947b-a528-472c-a788-b723aaba2374{ip: 192.168.34.50, host: pr-hdds-2034-srnhl-2452957315, networkLocation: /default-rack, certSerialId: null}
2019-09-19 05:09:51,743 | INFO  | SCMAudit | user=jenkins1000 | ip=192.168.34.50 | op=REGISTER {datanodeDetails=14aa947b-a528-472c-a788-b723aaba2374{ip: 192.168.34.50, host: pr-hdds-2034-srnhl-2452957315, networkLocation: /default-rack, certSerialId: null}} | ret=SUCCESS |  
2019-09-19 05:09:51,745 [RatisPipelineUtilsThread] INFO  pipeline.RatisPipelineProvider (RatisPipelineProvider.java:lambda$create$4(164)) - Send pipeline:PipelineID=890f6878-fd33-4410-a6aa-20e1a0b9645d create command to datanode 14aa947b-a528-472c-a788-b723aaba2374
2019-09-19 05:09:51,963 [IPC Server handler 0 on 36523] INFO  net.NetworkTopology (NetworkTopologyImpl.java:add(110)) - Added a new node: /default-rack/d8542778-0a07-4f64-990c-26c7e95929d0
2019-09-19 05:09:51,963 [main] INFO  ozone.MiniOzoneClusterImpl (MiniOzoneClusterImpl.java:lambda$waitForClusterToBeReady$0(145)) - Nodes are ready. Got 3 of 3 DN Heartbeats.
2019-09-19 05:09:51,964 [IPC Server handler 0 on 36523] INFO  node.SCMNodeManager (SCMNodeManager.java:register(273)) - Registered Data node : d8542778-0a07-4f64-990c-26c7e95929d0{ip: 192.168.34.50, host: pr-hdds-2034-srnhl-2452957315, networkLocation: /default-rack, certSerialId: null}
2019-09-19 05:09:51,964 [main] INFO  ozone.MiniOzoneClusterImpl (MiniOzoneClusterImpl.java:lambda$waitForClusterToBeReady$0(148)) - Waiting for cluster to exit safe mode
2019-09-19 05:09:51,965 | INFO  | SCMAudit | user=jenkins1000 | ip=192.168.34.50 | op=REGISTER {datanodeDetails=d8542778-0a07-4f64-990c-26c7e95929d0{ip: 192.168.34.50, host: pr-hdds-2034-srnhl-2452957315, networkLocation: /default-rack, certSerialId: null}} | ret=SUCCESS |  
2019-09-19 05:09:51,965 [RatisPipelineUtilsThread] INFO  pipeline.RatisPipelineProvider (RatisPipelineProvider.java:lambda$create$4(164)) - Send pipeline:PipelineID=99a1d574-190b-4c8c-83f4-48d54672f8c4 create command to datanode d8542778-0a07-4f64-990c-26c7e95929d0
2019-09-19 05:09:51,967 [RatisPipelineUtilsThread] INFO  pipeline.RatisPipelineProvider (RatisPipelineProvider.java:lambda$create$4(164)) - Send pipeline:PipelineID=33bbbcab-9b8b-46f4-87fb-071fa8fdc4cb create command to datanode 14aa947b-a528-472c-a788-b723aaba2374
2019-09-19 05:09:51,967 [RatisPipelineUtilsThread] INFO  pipeline.RatisPipelineProvider (RatisPipelineProvider.java:lambda$create$4(164)) - Send pipeline:PipelineID=33bbbcab-9b8b-46f4-87fb-071fa8fdc4cb create command to datanode d8542778-0a07-4f64-990c-26c7e95929d0
2019-09-19 05:09:51,968 [RatisPipelineUtilsThread] INFO  pipeline.RatisPipelineProvider (RatisPipelineProvider.java:lambda$create$4(164)) - Send pipeline:PipelineID=33bbbcab-9b8b-46f4-87fb-071fa8fdc4cb create command to datanode 74147ebb-effa-46c3-83c2-0ae5d7c7f388
2019-09-19 05:09:52,965 [main] INFO  ozone.MiniOzoneClusterImpl (MiniOzoneClusterImpl.java:lambda$waitForClusterToBeReady$0(145)) - Nodes are ready. Got 3 of 3 DN Heartbeats.
2019-09-19 05:09:52,965 [main] INFO  ozone.MiniOzoneClusterImpl (MiniOzoneClusterImpl.java:lambda$waitForClusterToBeReady$0(148)) - Waiting for cluster to exit safe mode
2019-09-19 05:09:53,511 | INFO  | SCMAudit | user=jenkins1000 | ip=192.168.34.50 | op=SEND_HEARTBEAT {datanodeUUID=74147ebb-effa-46c3-83c2-0ae5d7c7f388, command=[commandType: createPipelineCommand createPipelineCommandProto { pipelineID { id: "0c668d85-afbc-4059-a043-1f7c24a4289d" } type: RATIS factor: ONE datanode { uuid: "74147ebb-effa-46c3-83c2-0ae5d7c7f388" ipAddress: "192.168.34.50" hostName: "pr-hdds-2034-srnhl-2452957315" ports { name: "REST" value: 43491 } ports { name: "RATIS" value: 46221 } ports { name: "STANDALONE" value: 37803 } networkName: "74147ebb-effa-46c3-83c2-0ae5d7c7f388" networkLocation: "/default-rack" } cmdId: 1568869791488 } , commandType: createPipelineCommand createPipelineCommandProto { pipelineID { id: "33bbbcab-9b8b-46f4-87fb-071fa8fdc4cb" } type: RATIS factor: THREE datanode { uuid: "14aa947b-a528-472c-a788-b723aaba2374" ipAddress: "192.168.34.50" hostName: "pr-hdds-2034-srnhl-2452957315" ports { name: "REST" value: 36347 } ports { name: "RATIS" value: 41548 } ports { name: "STANDALONE" value: 45070 } networkName: "14aa947b-a528-472c-a788-b723aaba2374" networkLocation: "/default-rack" } datanode { uuid: "d8542778-0a07-4f64-990c-26c7e95929d0" ipAddress: "192.168.34.50" hostName: "pr-hdds-2034-srnhl-2452957315" ports { name: "REST" value: 41957 } ports { name: "RATIS" value: 42342 } ports { name: "STANDALONE" value: 46689 } networkName: "d8542778-0a07-4f64-990c-26c7e95929d0" networkLocation: "/default-rack" } datanode { uuid: "74147ebb-effa-46c3-83c2-0ae5d7c7f388" ipAddress: "192.168.34.50" hostName: "pr-hdds-2034-srnhl-2452957315" ports { name: "REST" value: 43491 } ports { name: "RATIS" value: 46221 } ports { name: "STANDALONE" value: 37803 } networkName: "74147ebb-effa-46c3-83c2-0ae5d7c7f388" networkLocation: "/default-rack" } cmdId: 1568869791491 } ]} | ret=SUCCESS |  
2019-09-19 05:09:53,746 | INFO  | SCMAudit | user=jenkins1000 | ip=192.168.34.50 | op=SEND_HEARTBEAT {datanodeUUID=14aa947b-a528-472c-a788-b723aaba2374, command=[commandType: createPipelineCommand createPipelineCommandProto { pipelineID { id: "890f6878-fd33-4410-a6aa-20e1a0b9645d" } type: RATIS factor: ONE datanode { uuid: "14aa947b-a528-472c-a788-b723aaba2374" ipAddress: "192.168.34.50" hostName: "pr-hdds-2034-srnhl-2452957315" ports { name: "REST" value: 36347 } ports { name: "RATIS" value: 41548 } ports { name: "STANDALONE" value: 45070 } networkName: "14aa947b-a528-472c-a788-b723aaba2374" networkLocation: "/default-rack" } cmdId: 1568869791489 } , commandType: createPipelineCommand createPipelineCommandProto { pipelineID { id: "33bbbcab-9b8b-46f4-87fb-071fa8fdc4cb" } type: RATIS factor: THREE datanode { uuid: "14aa947b-a528-472c-a788-b723aaba2374" ipAddress: "192.168.34.50" hostName: "pr-hdds-2034-srnhl-2452957315" ports { name: "REST" value: 36347 } ports { name: "RATIS" value: 41548 } ports { name: "STANDALONE" value: 45070 } networkName: "14aa947b-a528-472c-a788-b723aaba2374" networkLocation: "/default-rack" } datanode { uuid: "d8542778-0a07-4f64-990c-26c7e95929d0" ipAddress: "192.168.34.50" hostName: "pr-hdds-2034-srnhl-2452957315" ports { name: "REST" value: 41957 } ports { name: "RATIS" value: 42342 } ports { name: "STANDALONE" value: 46689 } networkName: "d8542778-0a07-4f64-990c-26c7e95929d0" networkLocation: "/default-rack" } datanode { uuid: "74147ebb-effa-46c3-83c2-0ae5d7c7f388" ipAddress: "192.168.34.50" hostName: "pr-hdds-2034-srnhl-2452957315" ports { name: "REST" value: 43491 } ports { name: "RATIS" value: 46221 } ports { name: "STANDALONE" value: 37803 } networkName: "74147ebb-effa-46c3-83c2-0ae5d7c7f388" networkLocation: "/default-rack" } cmdId: 1568869791491 } ]} | ret=SUCCESS |  
2019-09-19 05:09:53,966 | INFO  | SCMAudit | user=jenkins1000 | ip=192.168.34.50 | op=SEND_HEARTBEAT {datanodeUUID=d8542778-0a07-4f64-990c-26c7e95929d0, command=[commandType: createPipelineCommand createPipelineCommandProto { pipelineID { id: "99a1d574-190b-4c8c-83f4-48d54672f8c4" } type: RATIS factor: ONE datanode { uuid: "d8542778-0a07-4f64-990c-26c7e95929d0" ipAddress: "192.168.34.50" hostName: "pr-hdds-2034-srnhl-2452957315" ports { name: "REST" value: 41957 } ports { name: "RATIS" value: 42342 } ports { name: "STANDALONE" value: 46689 } networkName: "d8542778-0a07-4f64-990c-26c7e95929d0" networkLocation: "/default-rack" } cmdId: 1568869791490 } , commandType: createPipelineCommand createPipelineCommandProto { pipelineID { id: "33bbbcab-9b8b-46f4-87fb-071fa8fdc4cb" } type: RATIS factor: THREE datanode { uuid: "14aa947b-a528-472c-a788-b723aaba2374" ipAddress: "192.168.34.50" hostName: "pr-hdds-2034-srnhl-2452957315" ports { name: "REST" value: 36347 } ports { name: "RATIS" value: 41548 } ports { name: "STANDALONE" value: 45070 } networkName: "14aa947b-a528-472c-a788-b723aaba2374" networkLocation: "/default-rack" } datanode { uuid: "d8542778-0a07-4f64-990c-26c7e95929d0" ipAddress: "192.168.34.50" hostName: "pr-hdds-2034-srnhl-2452957315" ports { name: "REST" value: 41957 } ports { name: "RATIS" value: 42342 } ports { name: "STANDALONE" value: 46689 } networkName: "d8542778-0a07-4f64-990c-26c7e95929d0" networkLocation: "/default-rack" } datanode { uuid: "74147ebb-effa-46c3-83c2-0ae5d7c7f388" ipAddress: "192.168.34.50" hostName: "pr-hdds-2034-srnhl-2452957315" ports { name: "REST" value: 43491 } ports { name: "RATIS" value: 46221 } ports { name: "STANDALONE" value: 37803 } networkName: "74147ebb-effa-46c3-83c2-0ae5d7c7f388" networkLocation: "/default-rack" } cmdId: 1568869791491 } ]} | ret=SUCCESS |  
2019-09-19 05:09:53,966 [main] INFO  ozone.MiniOzoneClusterImpl (MiniOzoneClusterImpl.java:lambda$waitForClusterToBeReady$0(145)) - Nodes are ready. Got 3 of 3 DN Heartbeats.
2019-09-19 05:09:53,966 [main] INFO  ozone.MiniOzoneClusterImpl (MiniOzoneClusterImpl.java:lambda$waitForClusterToBeReady$0(148)) - Waiting for cluster to exit safe mode
2019-09-19 05:09:54,440 | INFO  | SCMAudit | user=jenkins1000 | ip=192.168.34.50 | op=SEND_HEARTBEAT {datanodeUUID=74147ebb-effa-46c3-83c2-0ae5d7c7f388, command=[]} | ret=SUCCESS |  
2019-09-19 05:09:55,044 [main] INFO  ozone.MiniOzoneClusterImpl (MiniOzoneClusterImpl.java:lambda$waitForClusterToBeReady$0(145)) - Nodes are ready. Got 3 of 3 DN Heartbeats.
2019-09-19 05:09:55,044 [main] INFO  ozone.MiniOzoneClusterImpl (MiniOzoneClusterImpl.java:lambda$waitForClusterToBeReady$0(148)) - Waiting for cluster to exit safe mode
2019-09-19 05:09:55,047 | INFO  | SCMAudit | user=jenkins1000 | ip=192.168.34.50 | op=SEND_HEARTBEAT {datanodeUUID=d8542778-0a07-4f64-990c-26c7e95929d0, command=[]} | ret=SUCCESS |  
2019-09-19 05:09:55,049 | INFO  | SCMAudit | user=jenkins1000 | ip=192.168.34.50 | op=SEND_HEARTBEAT {datanodeUUID=14aa947b-a528-472c-a788-b723aaba2374, command=[]} | ret=SUCCESS |  
2019-09-19 05:09:55,289 [grpc-default-executor-1] INFO  impl.RaftServerProxy (RaftServerProxy.java:addNew(89)) - 14aa947b-a528-472c-a788-b723aaba2374: addNew group-20E1A0B9645D:[14aa947b-a528-472c-a788-b723aaba2374:192.168.34.50:41548] returns group-20E1A0B9645D:java.util.concurrent.CompletableFuture@7a0f8421[Not completed]
2019-09-19 05:09:55,289 [grpc-default-executor-0] INFO  impl.RaftServerProxy (RaftServerProxy.java:addNew(89)) - d8542778-0a07-4f64-990c-26c7e95929d0: addNew group-48D54672F8C4:[d8542778-0a07-4f64-990c-26c7e95929d0:192.168.34.50:42342] returns group-48D54672F8C4:java.util.concurrent.CompletableFuture@2b71b0ba[Not completed]
2019-09-19 05:09:55,290 [grpc-default-executor-2] INFO  impl.RaftServerProxy (RaftServerProxy.java:addNew(89)) - 74147ebb-effa-46c3-83c2-0ae5d7c7f388: addNew group-1F7C24A4289D:[74147ebb-effa-46c3-83c2-0ae5d7c7f388:192.168.34.50:46221] returns group-1F7C24A4289D:java.util.concurrent.CompletableFuture@5c4dddcc[Not completed]
2019-09-19 05:09:55,330 [pool-27-thread-1] INFO  impl.RaftServerImpl (RaftServerImpl.java:<init>(93)) - 74147ebb-effa-46c3-83c2-0ae5d7c7f388: new RaftServerImpl for group-1F7C24A4289D:[74147ebb-effa-46c3-83c2-0ae5d7c7f388:192.168.34.50:46221] with ContainerStateMachine:uninitialized
2019-09-19 05:09:55,330 [pool-49-thread-1] INFO  impl.RaftServerImpl (RaftServerImpl.java:<init>(93)) - d8542778-0a07-4f64-990c-26c7e95929d0: new RaftServerImpl for group-48D54672F8C4:[d8542778-0a07-4f64-990c-26c7e95929d0:192.168.34.50:42342] with ContainerStateMachine:uninitialized
2019-09-19 05:09:55,339 [pool-49-thread-1] INFO  server.RaftServerConfigKeys (ConfUtils.java:logGet(43)) - raft.server.rpc.timeout.min = 5s (custom)
2019-09-19 05:09:55,340 [pool-38-thread-1] INFO  impl.RaftServerImpl (RaftServerImpl.java:<init>(93)) - 14aa947b-a528-472c-a788-b723aaba2374: new RaftServerImpl for group-20E1A0B9645D:[14aa947b-a528-472c-a788-b723aaba2374:192.168.34.50:41548] with ContainerStateMachine:uninitialized
2019-09-19 05:09:55,340 [pool-49-thread-1] INFO  server.RaftServerConfigKeys (ConfUtils.java:logGet(43)) - raft.server.rpc.timeout.max = 5200ms (custom)
2019-09-19 05:09:55,339 [pool-27-thread-1] INFO  server.RaftServerConfigKeys (ConfUtils.java:logGet(43)) - raft.server.rpc.timeout.min = 5s (custom)
2019-09-19 05:09:55,341 [pool-49-thread-1] INFO  server.RaftServerConfigKeys (ConfUtils.java:logGet(43)) - raft.server.rpcslowness.timeout = 120s (custom)
2019-09-19 05:09:55,341 [pool-38-thread-1] INFO  server.RaftServerConfigKeys (ConfUtils.java:logGet(43)) - raft.server.rpc.timeout.min = 5s (custom)
2019-09-19 05:09:55,341 [pool-27-thread-1] INFO  server.RaftServerConfigKeys (ConfUtils.java:logGet(43)) - raft.server.rpc.timeout.max = 5200ms (custom)
2019-09-19 05:09:55,342 [pool-38-thread-1] INFO  server.RaftServerConfigKeys (ConfUtils.java:logGet(43)) - raft.server.rpc.timeout.max = 5200ms (custom)
2019-09-19 05:09:55,342 [pool-27-thread-1] INFO  server.RaftServerConfigKeys (ConfUtils.java:logGet(43)) - raft.server.rpcslowness.timeout = 120s (custom)
2019-09-19 05:09:55,342 [pool-38-thread-1] INFO  server.RaftServerConfigKeys (ConfUtils.java:logGet(43)) - raft.server.rpcslowness.timeout = 120s (custom)
2019-09-19 05:09:55,342 [pool-27-thread-1] INFO  server.RaftServerConfigKeys (ConfUtils.java:logGet(43)) - raft.server.sleep.deviation.threshold = 300 (default)
2019-09-19 05:09:55,342 [pool-49-thread-1] INFO  server.RaftServerConfigKeys (ConfUtils.java:logGet(43)) - raft.server.sleep.deviation.threshold = 300 (default)
2019-09-19 05:09:55,342 [pool-38-thread-1] INFO  server.RaftServerConfigKeys (ConfUtils.java:logGet(43)) - raft.server.sleep.deviation.threshold = 300 (default)
2019-09-19 05:09:55,343 [pool-27-thread-1] INFO  server.RaftServerConfigKeys (ConfUtils.java:logGet(43)) - raft.server.log.appender.install.snapshot.enabled = false (custom)
2019-09-19 05:09:55,343 [pool-38-thread-1] INFO  server.RaftServerConfigKeys (ConfUtils.java:logGet(43)) - raft.server.log.appender.install.snapshot.enabled = false (custom)
2019-09-19 05:09:55,343 [pool-49-thread-1] INFO  server.RaftServerConfigKeys (ConfUtils.java:logGet(43)) - raft.server.log.appender.install.snapshot.enabled = false (custom)
2019-09-19 05:09:55,353 [pool-27-thread-1] INFO  impl.RaftServerImpl (ServerState.java:<init>(105)) - 74147ebb-effa-46c3-83c2-0ae5d7c7f388:group-1F7C24A4289D ConfigurationManager, init=-1: [74147ebb-effa-46c3-83c2-0ae5d7c7f388:192.168.34.50:46221], old=null, confs=<EMPTY_MAP>
2019-09-19 05:09:55,353 [pool-38-thread-1] INFO  impl.RaftServerImpl (ServerState.java:<init>(105)) - 14aa947b-a528-472c-a788-b723aaba2374:group-20E1A0B9645D ConfigurationManager, init=-1: [14aa947b-a528-472c-a788-b723aaba2374:192.168.34.50:41548], old=null, confs=<EMPTY_MAP>
2019-09-19 05:09:55,353 [pool-49-thread-1] INFO  impl.RaftServerImpl (ServerState.java:<init>(105)) - d8542778-0a07-4f64-990c-26c7e95929d0:group-48D54672F8C4 ConfigurationManager, init=-1: [d8542778-0a07-4f64-990c-26c7e95929d0:192.168.34.50:42342], old=null, confs=<EMPTY_MAP>
2019-09-19 05:09:55,353 [pool-38-thread-1] INFO  server.RaftServerConfigKeys (ConfUtils.java:logGet(43)) - raft.server.storage.dir = [/workdir/hadoop-ozone/integration-test/target/test-dir/MiniOzoneClusterImpl-b43a9866-cbec-420f-9708-e655410cb55a/datanode-1/data/ratis] (custom)
2019-09-19 05:09:55,353 [pool-27-thread-1] INFO  server.RaftServerConfigKeys (ConfUtils.java:logGet(43)) - raft.server.storage.dir = [/workdir/hadoop-ozone/integration-test/target/test-dir/MiniOzoneClusterImpl-b43a9866-cbec-420f-9708-e655410cb55a/datanode-0/data/ratis] (custom)
2019-09-19 05:09:55,353 [pool-49-thread-1] INFO  server.RaftServerConfigKeys (ConfUtils.java:logGet(43)) - raft.server.storage.dir = [/workdir/hadoop-ozone/integration-test/target/test-dir/MiniOzoneClusterImpl-b43a9866-cbec-420f-9708-e655410cb55a/datanode-2/data/ratis] (custom)
2019-09-19 05:09:55,364 [pool-38-thread-1] INFO  storage.RaftStorageDirectory (RaftStorageDirectory.java:analyzeStorage(246)) - The storage directory /workdir/hadoop-ozone/integration-test/target/test-dir/MiniOzoneClusterImpl-b43a9866-cbec-420f-9708-e655410cb55a/datanode-1/data/ratis/890f6878-fd33-4410-a6aa-20e1a0b9645d does not exist. Creating ...
2019-09-19 05:09:55,364 [pool-27-thread-1] INFO  storage.RaftStorageDirectory (RaftStorageDirectory.java:analyzeStorage(246)) - The storage directory /workdir/hadoop-ozone/integration-test/target/test-dir/MiniOzoneClusterImpl-b43a9866-cbec-420f-9708-e655410cb55a/datanode-0/data/ratis/0c668d85-afbc-4059-a043-1f7c24a4289d does not exist. Creating ...
2019-09-19 05:09:55,364 [pool-49-thread-1] INFO  storage.RaftStorageDirectory (RaftStorageDirectory.java:analyzeStorage(246)) - The storage directory /workdir/hadoop-ozone/integration-test/target/test-dir/MiniOzoneClusterImpl-b43a9866-cbec-420f-9708-e655410cb55a/datanode-2/data/ratis/99a1d574-190b-4c8c-83f4-48d54672f8c4 does not exist. Creating ...
2019-09-19 05:09:55,384 [pool-27-thread-1] INFO  storage.RaftStorageDirectory (RaftStorageDirectory.java:tryLock(328)) - Lock on /workdir/hadoop-ozone/integration-test/target/test-dir/MiniOzoneClusterImpl-b43a9866-cbec-420f-9708-e655410cb55a/datanode-0/data/ratis/0c668d85-afbc-4059-a043-1f7c24a4289d/in_use.lock acquired by nodename 15469@pr-hdds-2034-srnhl-2452957315
2019-09-19 05:09:55,384 [pool-49-thread-1] INFO  storage.RaftStorageDirectory (RaftStorageDirectory.java:tryLock(328)) - Lock on /workdir/hadoop-ozone/integration-test/target/test-dir/MiniOzoneClusterImpl-b43a9866-cbec-420f-9708-e655410cb55a/datanode-2/data/ratis/99a1d574-190b-4c8c-83f4-48d54672f8c4/in_use.lock acquired by nodename 15469@pr-hdds-2034-srnhl-2452957315
2019-09-19 05:09:55,384 [pool-38-thread-1] INFO  storage.RaftStorageDirectory (RaftStorageDirectory.java:tryLock(328)) - Lock on /workdir/hadoop-ozone/integration-test/target/test-dir/MiniOzoneClusterImpl-b43a9866-cbec-420f-9708-e655410cb55a/datanode-1/data/ratis/890f6878-fd33-4410-a6aa-20e1a0b9645d/in_use.lock acquired by nodename 15469@pr-hdds-2034-srnhl-2452957315
2019-09-19 05:09:55,400 [pool-38-thread-1] INFO  storage.RaftStorage (RaftStorage.java:format(72)) - Storage directory /workdir/hadoop-ozone/integration-test/target/test-dir/MiniOzoneClusterImpl-b43a9866-cbec-420f-9708-e655410cb55a/datanode-1/data/ratis/890f6878-fd33-4410-a6aa-20e1a0b9645d has been successfully formatted.
2019-09-19 05:09:55,400 [pool-27-thread-1] INFO  storage.RaftStorage (RaftStorage.java:format(72)) - Storage directory /workdir/hadoop-ozone/integration-test/target/test-dir/MiniOzoneClusterImpl-b43a9866-cbec-420f-9708-e655410cb55a/datanode-0/data/ratis/0c668d85-afbc-4059-a043-1f7c24a4289d has been successfully formatted.
2019-09-19 05:09:55,400 [pool-49-thread-1] INFO  storage.RaftStorage (RaftStorage.java:format(72)) - Storage directory /workdir/hadoop-ozone/integration-test/target/test-dir/MiniOzoneClusterImpl-b43a9866-cbec-420f-9708-e655410cb55a/datanode-2/data/ratis/99a1d574-190b-4c8c-83f4-48d54672f8c4 has been successfully formatted.
2019-09-19 05:09:55,404 [pool-27-thread-1] INFO  ratis.ContainerStateMachine (ContainerStateMachine.java:loadSnapshot(226)) - group-1F7C24A4289D: The snapshot info is null. Setting the last applied indexto:(t:0, i:~)
2019-09-19 05:09:55,404 [pool-38-thread-1] INFO  ratis.ContainerStateMachine (ContainerStateMachine.java:loadSnapshot(226)) - group-20E1A0B9645D: The snapshot info is null. Setting the last applied indexto:(t:0, i:~)
2019-09-19 05:09:55,405 [pool-27-thread-1] INFO  server.RaftServerConfigKeys (ConfUtils.java:logGet(43)) - raft.server.leader.election.timeout = 120s (custom)
2019-09-19 05:09:55,404 [pool-49-thread-1] INFO  ratis.ContainerStateMachine (ContainerStateMachine.java:loadSnapshot(226)) - group-48D54672F8C4: The snapshot info is null. Setting the last applied indexto:(t:0, i:~)
2019-09-19 05:09:55,405 [pool-38-thread-1] INFO  server.RaftServerConfigKeys (ConfUtils.java:logGet(43)) - raft.server.leader.election.timeout = 120s (custom)
2019-09-19 05:09:55,406 [pool-49-thread-1] INFO  server.RaftServerConfigKeys (ConfUtils.java:logGet(43)) - raft.server.leader.election.timeout = 120s (custom)
2019-09-19 05:09:55,408 [pool-27-thread-1] INFO  server.RaftServerConfigKeys (ConfUtils.java:logGet(43)) - raft.server.log.use.memory = false (default)
2019-09-19 05:09:55,408 [pool-38-thread-1] INFO  server.RaftServerConfigKeys (ConfUtils.java:logGet(43)) - raft.server.log.use.memory = false (default)
2019-09-19 05:09:55,408 [pool-49-thread-1] INFO  server.RaftServerConfigKeys (ConfUtils.java:logGet(43)) - raft.server.log.use.memory = false (default)
2019-09-19 05:09:55,413 [pool-27-thread-1] INFO  server.RaftServerConfigKeys (ConfUtils.java:logGet(43)) - raft.server.log.purge.gap = 1000000 (custom)
2019-09-19 05:09:55,413 [pool-38-thread-1] INFO  server.RaftServerConfigKeys (ConfUtils.java:logGet(43)) - raft.server.log.purge.gap = 1000000 (custom)
2019-09-19 05:09:55,413 [pool-49-thread-1] INFO  server.RaftServerConfigKeys (ConfUtils.java:logGet(43)) - raft.server.log.purge.gap = 1000000 (custom)
2019-09-19 05:09:55,414 [pool-38-thread-1] INFO  server.RaftServerConfigKeys (ConfUtils.java:logGet(43)) - raft.server.log.appender.buffer.byte-limit = 33554432 (custom)
2019-09-19 05:09:55,414 [pool-27-thread-1] INFO  server.RaftServerConfigKeys (ConfUtils.java:logGet(43)) - raft.server.log.appender.buffer.byte-limit = 33554432 (custom)
2019-09-19 05:09:55,414 [pool-49-thread-1] INFO  server.RaftServerConfigKeys (ConfUtils.java:logGet(43)) - raft.server.log.appender.buffer.byte-limit = 33554432 (custom)
2019-09-19 05:09:55,416 [pool-27-thread-1] INFO  server.RaftServerConfigKeys (ConfUtils.java:logGet(43)) - raft.server.log.segment.size.max = 1048576 (custom)
2019-09-19 05:09:55,416 [pool-38-thread-1] INFO  server.RaftServerConfigKeys (ConfUtils.java:logGet(43)) - raft.server.log.segment.size.max = 1048576 (custom)
2019-09-19 05:09:55,416 [pool-49-thread-1] INFO  server.RaftServerConfigKeys (ConfUtils.java:logGet(43)) - raft.server.log.segment.size.max = 1048576 (custom)
2019-09-19 05:09:55,421 [pool-27-thread-1] INFO  server.RaftServerConfigKeys (ConfUtils.java:logGet(43)) - raft.server.log.segment.cache.num.max = 2 (custom)
2019-09-19 05:09:55,421 [pool-38-thread-1] INFO  server.RaftServerConfigKeys (ConfUtils.java:logGet(43)) - raft.server.log.segment.cache.num.max = 2 (custom)
2019-09-19 05:09:55,421 [pool-49-thread-1] INFO  server.RaftServerConfigKeys (ConfUtils.java:logGet(43)) - raft.server.log.segment.cache.num.max = 2 (custom)
2019-09-19 05:09:55,426 [pool-27-thread-1] INFO  segmented.SegmentedRaftLogWorker (SegmentedRaftLogWorker.java:<init>(172)) - new 74147ebb-effa-46c3-83c2-0ae5d7c7f388-SegmentedRaftLogWorker:Storage Directory /workdir/hadoop-ozone/integration-test/target/test-dir/MiniOzoneClusterImpl-b43a9866-cbec-420f-9708-e655410cb55a/datanode-0/data/ratis/0c668d85-afbc-4059-a043-1f7c24a4289d for RaftStorage:Storage Directory /workdir/hadoop-ozone/integration-test/target/test-dir/MiniOzoneClusterImpl-b43a9866-cbec-420f-9708-e655410cb55a/datanode-0/data/ratis/0c668d85-afbc-4059-a043-1f7c24a4289d
2019-09-19 05:09:55,426 [pool-38-thread-1] INFO  segmented.SegmentedRaftLogWorker (SegmentedRaftLogWorker.java:<init>(172)) - new 14aa947b-a528-472c-a788-b723aaba2374-SegmentedRaftLogWorker:Storage Directory /workdir/hadoop-ozone/integration-test/target/test-dir/MiniOzoneClusterImpl-b43a9866-cbec-420f-9708-e655410cb55a/datanode-1/data/ratis/890f6878-fd33-4410-a6aa-20e1a0b9645d for RaftStorage:Storage Directory /workdir/hadoop-ozone/integration-test/target/test-dir/MiniOzoneClusterImpl-b43a9866-cbec-420f-9708-e655410cb55a/datanode-1/data/ratis/890f6878-fd33-4410-a6aa-20e1a0b9645d
2019-09-19 05:09:55,426 [pool-49-thread-1] INFO  segmented.SegmentedRaftLogWorker (SegmentedRaftLogWorker.java:<init>(172)) - new d8542778-0a07-4f64-990c-26c7e95929d0-SegmentedRaftLogWorker:Storage Directory /workdir/hadoop-ozone/integration-test/target/test-dir/MiniOzoneClusterImpl-b43a9866-cbec-420f-9708-e655410cb55a/datanode-2/data/ratis/99a1d574-190b-4c8c-83f4-48d54672f8c4 for RaftStorage:Storage Directory /workdir/hadoop-ozone/integration-test/target/test-dir/MiniOzoneClusterImpl-b43a9866-cbec-420f-9708-e655410cb55a/datanode-2/data/ratis/99a1d574-190b-4c8c-83f4-48d54672f8c4
2019-09-19 05:09:55,441 | INFO  | SCMAudit | user=jenkins1000 | ip=192.168.34.50 | op=SEND_HEARTBEAT {datanodeUUID=74147ebb-effa-46c3-83c2-0ae5d7c7f388, command=[]} | ret=SUCCESS |  
2019-09-19 05:09:55,441 [pool-27-thread-1] INFO  server.RaftServerConfigKeys (ConfUtils.java:logGet(43)) - raft.server.log.queue.byte-limit = 2147483647 (custom)
2019-09-19 05:09:55,441 [pool-38-thread-1] INFO  server.RaftServerConfigKeys (ConfUtils.java:logGet(43)) - raft.server.log.queue.byte-limit = 2147483647 (custom)
2019-09-19 05:09:55,442 [pool-49-thread-1] INFO  server.RaftServerConfigKeys (ConfUtils.java:logGet(43)) - raft.server.log.queue.byte-limit = 2147483647 (custom)
2019-09-19 05:09:55,444 [pool-27-thread-1] INFO  server.RaftServerConfigKeys (ConfUtils.java:logGet(43)) - raft.server.log.queue.element-limit = 1024 (custom)
2019-09-19 05:09:55,444 [pool-49-thread-1] INFO  server.RaftServerConfigKeys (ConfUtils.java:logGet(43)) - raft.server.log.queue.element-limit = 1024 (custom)
2019-09-19 05:09:55,444 [pool-38-thread-1] INFO  server.RaftServerConfigKeys (ConfUtils.java:logGet(43)) - raft.server.log.queue.element-limit = 1024 (custom)
2019-09-19 05:09:55,448 [pool-27-thread-1] INFO  server.RaftServerConfigKeys (ConfUtils.java:logGet(43)) - raft.server.log.segment.size.max = 1048576 (custom)
2019-09-19 05:09:55,448 [pool-38-thread-1] INFO  server.RaftServerConfigKeys (ConfUtils.java:logGet(43)) - raft.server.log.segment.size.max = 1048576 (custom)
2019-09-19 05:09:55,448 [pool-49-thread-1] INFO  server.RaftServerConfigKeys (ConfUtils.java:logGet(43)) - raft.server.log.segment.size.max = 1048576 (custom)
2019-09-19 05:09:55,449 [pool-27-thread-1] INFO  server.RaftServerConfigKeys (ConfUtils.java:logGet(43)) - raft.server.log.preallocated.size = 16384 (custom)
2019-09-19 05:09:55,449 [pool-49-thread-1] INFO  server.RaftServerConfigKeys (ConfUtils.java:logGet(43)) - raft.server.log.preallocated.size = 16384 (custom)
2019-09-19 05:09:55,449 [pool-38-thread-1] INFO  server.RaftServerConfigKeys (ConfUtils.java:logGet(43)) - raft.server.log.preallocated.size = 16384 (custom)
2019-09-19 05:09:55,449 [pool-27-thread-1] INFO  server.RaftServerConfigKeys (ConfUtils.java:logGet(43)) - raft.server.log.write.buffer.size = 33554432 (custom)
2019-09-19 05:09:55,449 [pool-38-thread-1] INFO  server.RaftServerConfigKeys (ConfUtils.java:logGet(43)) - raft.server.log.write.buffer.size = 33554432 (custom)
2019-09-19 05:09:55,449 [pool-49-thread-1] INFO  server.RaftServerConfigKeys (ConfUtils.java:logGet(43)) - raft.server.log.write.buffer.size = 33554432 (custom)
2019-09-19 05:09:55,450 [pool-27-thread-1] INFO  server.RaftServerConfigKeys (ConfUtils.java:logGet(43)) - raft.server.log.force.sync.num = 128 (default)
2019-09-19 05:09:55,450 [pool-49-thread-1] INFO  server.RaftServerConfigKeys (ConfUtils.java:logGet(43)) - raft.server.log.force.sync.num = 128 (default)
2019-09-19 05:09:55,450 [pool-38-thread-1] INFO  server.RaftServerConfigKeys (ConfUtils.java:logGet(43)) - raft.server.log.force.sync.num = 128 (default)
2019-09-19 05:09:55,451 [pool-27-thread-1] INFO  server.RaftServerConfigKeys (ConfUtils.java:logGet(43)) - raft.server.log.statemachine.data.sync = true (default)
2019-09-19 05:09:55,451 [pool-49-thread-1] INFO  server.RaftServerConfigKeys (ConfUtils.java:logGet(43)) - raft.server.log.statemachine.data.sync = true (default)
2019-09-19 05:09:55,451 [pool-38-thread-1] INFO  server.RaftServerConfigKeys (ConfUtils.java:logGet(43)) - raft.server.log.statemachine.data.sync = true (default)
2019-09-19 05:09:55,451 [pool-27-thread-1] INFO  server.RaftServerConfigKeys (ConfUtils.java:logGet(43)) - raft.server.log.statemachine.data.sync.timeout = 10s (default)
2019-09-19 05:09:55,451 [pool-38-thread-1] INFO  server.RaftServerConfigKeys (ConfUtils.java:logGet(43)) - raft.server.log.statemachine.data.sync.timeout = 10s (default)
2019-09-19 05:09:55,451 [pool-49-thread-1] INFO  server.RaftServerConfigKeys (ConfUtils.java:logGet(43)) - raft.server.log.statemachine.data.sync.timeout = 10s (default)
2019-09-19 05:09:55,452 [pool-27-thread-1] INFO  server.RaftServerConfigKeys (ConfUtils.java:logGet(43)) - raft.server.log.statemachine.data.sync.timeout.retry = -1 (default)
2019-09-19 05:09:55,452 [pool-49-thread-1] INFO  server.RaftServerConfigKeys (ConfUtils.java:logGet(43)) - raft.server.log.statemachine.data.sync.timeout.retry = -1 (default)
2019-09-19 05:09:55,452 [pool-38-thread-1] INFO  server.RaftServerConfigKeys (ConfUtils.java:logGet(43)) - raft.server.log.statemachine.data.sync.timeout.retry = -1 (default)
2019-09-19 05:09:55,460 [pool-27-thread-1] INFO  server.RaftServerConfigKeys (ConfUtils.java:logGet(43)) - raft.server.log.statemachine.data.caching.enabled = true (custom)
2019-09-19 05:09:55,460 [pool-49-thread-1] INFO  server.RaftServerConfigKeys (ConfUtils.java:logGet(43)) - raft.server.log.statemachine.data.caching.enabled = true (custom)
2019-09-19 05:09:55,460 [pool-38-thread-1] INFO  server.RaftServerConfigKeys (ConfUtils.java:logGet(43)) - raft.server.log.statemachine.data.caching.enabled = true (custom)
2019-09-19 05:09:55,467 [pool-49-thread-1] INFO  segmented.SegmentedRaftLogWorker (SegmentedRaftLogWorker.java:lambda$new$0(132)) - d8542778-0a07-4f64-990c-26c7e95929d0-SegmentedRaftLogWorker:Storage Directory /workdir/hadoop-ozone/integration-test/target/test-dir/MiniOzoneClusterImpl-b43a9866-cbec-420f-9708-e655410cb55a/datanode-2/data/ratis/99a1d574-190b-4c8c-83f4-48d54672f8c4: flushIndex: setUnconditionally 0 -> -1
2019-09-19 05:09:55,467 [pool-38-thread-1] INFO  segmented.SegmentedRaftLogWorker (SegmentedRaftLogWorker.java:lambda$new$0(132)) - 14aa947b-a528-472c-a788-b723aaba2374-SegmentedRaftLogWorker:Storage Directory /workdir/hadoop-ozone/integration-test/target/test-dir/MiniOzoneClusterImpl-b43a9866-cbec-420f-9708-e655410cb55a/datanode-1/data/ratis/890f6878-fd33-4410-a6aa-20e1a0b9645d: flushIndex: setUnconditionally 0 -> -1
2019-09-19 05:09:55,467 [pool-27-thread-1] INFO  segmented.SegmentedRaftLogWorker (SegmentedRaftLogWorker.java:lambda$new$0(132)) - 74147ebb-effa-46c3-83c2-0ae5d7c7f388-SegmentedRaftLogWorker:Storage Directory /workdir/hadoop-ozone/integration-test/target/test-dir/MiniOzoneClusterImpl-b43a9866-cbec-420f-9708-e655410cb55a/datanode-0/data/ratis/0c668d85-afbc-4059-a043-1f7c24a4289d: flushIndex: setUnconditionally 0 -> -1
2019-09-19 05:09:55,471 [pool-49-thread-1] INFO  server.RaftServerConfigKeys (ConfUtils.java:logGet(43)) - raft.server.snapshot.auto.trigger.enabled = true (custom)
2019-09-19 05:09:55,472 [pool-27-thread-1] INFO  server.RaftServerConfigKeys (ConfUtils.java:logGet(43)) - raft.server.snapshot.auto.trigger.enabled = true (custom)
2019-09-19 05:09:55,472 [pool-38-thread-1] INFO  server.RaftServerConfigKeys (ConfUtils.java:logGet(43)) - raft.server.snapshot.auto.trigger.enabled = true (custom)
2019-09-19 05:09:55,472 [pool-49-thread-1] INFO  server.RaftServerConfigKeys (ConfUtils.java:logGet(43)) - raft.server.snapshot.auto.trigger.threshold = 10000 (custom)
2019-09-19 05:09:55,472 [pool-27-thread-1] INFO  server.RaftServerConfigKeys (ConfUtils.java:logGet(43)) - raft.server.snapshot.auto.trigger.threshold = 10000 (custom)
2019-09-19 05:09:55,473 [pool-49-thread-1] INFO  server.RaftServerConfigKeys (ConfUtils.java:logGet(43)) - raft.server.retrycache.expirytime = 600000ms (custom)
2019-09-19 05:09:55,472 [pool-38-thread-1] INFO  server.RaftServerConfigKeys (ConfUtils.java:logGet(43)) - raft.server.snapshot.auto.trigger.threshold = 10000 (custom)
2019-09-19 05:09:55,473 [pool-27-thread-1] INFO  server.RaftServerConfigKeys (ConfUtils.java:logGet(43)) - raft.server.retrycache.expirytime = 600000ms (custom)
2019-09-19 05:09:55,473 [pool-38-thread-1] INFO  server.RaftServerConfigKeys (ConfUtils.java:logGet(43)) - raft.server.retrycache.expirytime = 600000ms (custom)
2019-09-19 05:09:55,491 [pool-49-thread-1] INFO  impl.RaftServerImpl (RaftServerImpl.java:start(180)) - d8542778-0a07-4f64-990c-26c7e95929d0: start group-48D54672F8C4
2019-09-19 05:09:55,491 [pool-27-thread-1] INFO  impl.RaftServerImpl (RaftServerImpl.java:start(180)) - 74147ebb-effa-46c3-83c2-0ae5d7c7f388: start group-1F7C24A4289D
2019-09-19 05:09:55,491 [pool-38-thread-1] INFO  impl.RaftServerImpl (RaftServerImpl.java:start(180)) - 14aa947b-a528-472c-a788-b723aaba2374: start group-20E1A0B9645D
2019-09-19 05:09:55,492 [pool-49-thread-1] INFO  impl.RaftServerImpl (RaftServerImpl.java:setRole(171)) - d8542778-0a07-4f64-990c-26c7e95929d0:group-48D54672F8C4 changes role from null to FOLLOWER at term 0 for startAsFollower
2019-09-19 05:09:55,492 [pool-27-thread-1] INFO  impl.RaftServerImpl (RaftServerImpl.java:setRole(171)) - 74147ebb-effa-46c3-83c2-0ae5d7c7f388:group-1F7C24A4289D changes role from null to FOLLOWER at term 0 for startAsFollower
2019-09-19 05:09:55,492 [pool-38-thread-1] INFO  impl.RaftServerImpl (RaftServerImpl.java:setRole(171)) - 14aa947b-a528-472c-a788-b723aaba2374:group-20E1A0B9645D changes role from null to FOLLOWER at term 0 for startAsFollower
2019-09-19 05:09:55,493 [pool-49-thread-1] INFO  impl.RoleInfo (RoleInfo.java:updateAndGet(143)) - d8542778-0a07-4f64-990c-26c7e95929d0: start FollowerState
2019-09-19 05:09:55,493 [pool-38-thread-1] INFO  impl.RoleInfo (RoleInfo.java:updateAndGet(143)) - 14aa947b-a528-472c-a788-b723aaba2374: start FollowerState
2019-09-19 05:09:55,493 [pool-27-thread-1] INFO  impl.RoleInfo (RoleInfo.java:updateAndGet(143)) - 74147ebb-effa-46c3-83c2-0ae5d7c7f388: start FollowerState
2019-09-19 05:09:55,496 [pool-49-thread-1] INFO  util.JmxRegister (JmxRegister.java:tryRegister(44)) - Successfully registered JMX Bean with object name Ratis:service=RaftServer,group=group-48D54672F8C4,id=d8542778-0a07-4f64-990c-26c7e95929d0
2019-09-19 05:09:55,496 [pool-38-thread-1] INFO  util.JmxRegister (JmxRegister.java:tryRegister(44)) - Successfully registered JMX Bean with object name Ratis:service=RaftServer,group=group-20E1A0B9645D,id=14aa947b-a528-472c-a788-b723aaba2374
2019-09-19 05:09:55,496 [pool-27-thread-1] INFO  util.JmxRegister (JmxRegister.java:tryRegister(44)) - Successfully registered JMX Bean with object name Ratis:service=RaftServer,group=group-1F7C24A4289D,id=74147ebb-effa-46c3-83c2-0ae5d7c7f388
2019-09-19 05:09:55,561 [Command processor thread] INFO  commandhandler.CreatePipelineCommandHandler (CreatePipelineCommandHandler.java:handle(112)) - Create Pipeline RATIS ONE #PipelineID=0c668d85-afbc-4059-a043-1f7c24a4289d command succeed on datanode 74147ebb-effa-46c3-83c2-0ae5d7c7f388.
2019-09-19 05:09:55,561 [Command processor thread] INFO  commandhandler.CreatePipelineCommandHandler (CreatePipelineCommandHandler.java:handle(112)) - Create Pipeline RATIS ONE #PipelineID=890f6878-fd33-4410-a6aa-20e1a0b9645d command succeed on datanode 14aa947b-a528-472c-a788-b723aaba2374.
2019-09-19 05:09:55,561 [Command processor thread] INFO  commandhandler.CreatePipelineCommandHandler (CreatePipelineCommandHandler.java:handle(112)) - Create Pipeline RATIS ONE #PipelineID=99a1d574-190b-4c8c-83f4-48d54672f8c4 command succeed on datanode d8542778-0a07-4f64-990c-26c7e95929d0.
2019-09-19 05:09:55,588 [grpc-default-executor-1] INFO  impl.RaftServerProxy (RaftServerProxy.java:addNew(89)) - d8542778-0a07-4f64-990c-26c7e95929d0: addNew group-071FA8FDC4CB:[d8542778-0a07-4f64-990c-26c7e95929d0:192.168.34.50:42342, 74147ebb-effa-46c3-83c2-0ae5d7c7f388:192.168.34.50:46221, 14aa947b-a528-472c-a788-b723aaba2374:192.168.34.50:41548] returns group-071FA8FDC4CB:java.util.concurrent.CompletableFuture@6f47ca40[Not completed]
2019-09-19 05:09:55,588 [grpc-default-executor-0] INFO  impl.RaftServerProxy (RaftServerProxy.java:addNew(89)) - 14aa947b-a528-472c-a788-b723aaba2374: addNew group-071FA8FDC4CB:[d8542778-0a07-4f64-990c-26c7e95929d0:192.168.34.50:42342, 74147ebb-effa-46c3-83c2-0ae5d7c7f388:192.168.34.50:46221, 14aa947b-a528-472c-a788-b723aaba2374:192.168.34.50:41548] returns group-071FA8FDC4CB:java.util.concurrent.CompletableFuture@57fb6eb1[Not completed]
2019-09-19 05:09:55,592 [grpc-default-executor-0] INFO  impl.RaftServerProxy (RaftServerProxy.java:addNew(89)) - 74147ebb-effa-46c3-83c2-0ae5d7c7f388: addNew group-071FA8FDC4CB:[d8542778-0a07-4f64-990c-26c7e95929d0:192.168.34.50:42342, 74147ebb-effa-46c3-83c2-0ae5d7c7f388:192.168.34.50:46221, 14aa947b-a528-472c-a788-b723aaba2374:192.168.34.50:41548] returns group-071FA8FDC4CB:java.util.concurrent.CompletableFuture@7302a431[Not completed]
2019-09-19 05:09:55,592 [pool-49-thread-1] INFO  impl.RaftServerImpl (RaftServerImpl.java:<init>(93)) - d8542778-0a07-4f64-990c-26c7e95929d0: new RaftServerImpl for group-071FA8FDC4CB:[d8542778-0a07-4f64-990c-26c7e95929d0:192.168.34.50:42342, 74147ebb-effa-46c3-83c2-0ae5d7c7f388:192.168.34.50:46221, 14aa947b-a528-472c-a788-b723aaba2374:192.168.34.50:41548] with ContainerStateMachine:uninitialized
2019-09-19 05:09:55,592 [pool-49-thread-1] INFO  server.RaftServerConfigKeys (ConfUtils.java:logGet(43)) - raft.server.rpc.timeout.min = 5s (custom)
2019-09-19 05:09:55,592 [pool-49-thread-1] INFO  server.RaftServerConfigKeys (ConfUtils.java:logGet(43)) - raft.server.rpc.timeout.max = 5200ms (custom)
2019-09-19 05:09:55,592 [pool-49-thread-1] INFO  server.RaftServerConfigKeys (ConfUtils.java:logGet(43)) - raft.server.rpcslowness.timeout = 120s (custom)
2019-09-19 05:09:55,592 [pool-49-thread-1] INFO  server.RaftServerConfigKeys (ConfUtils.java:logGet(43)) - raft.server.sleep.deviation.threshold = 300 (default)
2019-09-19 05:09:55,593 [pool-49-thread-1] INFO  server.RaftServerConfigKeys (ConfUtils.java:logGet(43)) - raft.server.log.appender.install.snapshot.enabled = false (custom)
2019-09-19 05:09:55,593 [pool-49-thread-1] INFO  impl.RaftServerImpl (ServerState.java:<init>(105)) - d8542778-0a07-4f64-990c-26c7e95929d0:group-071FA8FDC4CB ConfigurationManager, init=-1: [d8542778-0a07-4f64-990c-26c7e95929d0:192.168.34.50:42342, 74147ebb-effa-46c3-83c2-0ae5d7c7f388:192.168.34.50:46221, 14aa947b-a528-472c-a788-b723aaba2374:192.168.34.50:41548], old=null, confs=<EMPTY_MAP>
2019-09-19 05:09:55,593 [pool-38-thread-1] INFO  impl.RaftServerImpl (RaftServerImpl.java:<init>(93)) - 14aa947b-a528-472c-a788-b723aaba2374: new RaftServerImpl for group-071FA8FDC4CB:[d8542778-0a07-4f64-990c-26c7e95929d0:192.168.34.50:42342, 74147ebb-effa-46c3-83c2-0ae5d7c7f388:192.168.34.50:46221, 14aa947b-a528-472c-a788-b723aaba2374:192.168.34.50:41548] with ContainerStateMachine:uninitialized
2019-09-19 05:09:55,593 [pool-49-thread-1] INFO  server.RaftServerConfigKeys (ConfUtils.java:logGet(43)) - raft.server.storage.dir = [/workdir/hadoop-ozone/integration-test/target/test-dir/MiniOzoneClusterImpl-b43a9866-cbec-420f-9708-e655410cb55a/datanode-2/data/ratis] (custom)
2019-09-19 05:09:55,593 [pool-38-thread-1] INFO  server.RaftServerConfigKeys (ConfUtils.java:logGet(43)) - raft.server.rpc.timeout.min = 5s (custom)
2019-09-19 05:09:55,593 [pool-38-thread-1] INFO  server.RaftServerConfigKeys (ConfUtils.java:logGet(43)) - raft.server.rpc.timeout.max = 5200ms (custom)
2019-09-19 05:09:55,593 [pool-38-thread-1] INFO  server.RaftServerConfigKeys (ConfUtils.java:logGet(43)) - raft.server.rpcslowness.timeout = 120s (custom)
2019-09-19 05:09:55,593 [pool-49-thread-1] INFO  storage.RaftStorageDirectory (RaftStorageDirectory.java:analyzeStorage(246)) - The storage directory /workdir/hadoop-ozone/integration-test/target/test-dir/MiniOzoneClusterImpl-b43a9866-cbec-420f-9708-e655410cb55a/datanode-2/data/ratis/33bbbcab-9b8b-46f4-87fb-071fa8fdc4cb does not exist. Creating ...
2019-09-19 05:09:55,593 [pool-27-thread-1] INFO  impl.RaftServerImpl (RaftServerImpl.java:<init>(93)) - 74147ebb-effa-46c3-83c2-0ae5d7c7f388: new RaftServerImpl for group-071FA8FDC4CB:[d8542778-0a07-4f64-990c-26c7e95929d0:192.168.34.50:42342, 74147ebb-effa-46c3-83c2-0ae5d7c7f388:192.168.34.50:46221, 14aa947b-a528-472c-a788-b723aaba2374:192.168.34.50:41548] with ContainerStateMachine:uninitialized
2019-09-19 05:09:55,593 [pool-38-thread-1] INFO  server.RaftServerConfigKeys (ConfUtils.java:logGet(43)) - raft.server.sleep.deviation.threshold = 300 (default)
2019-09-19 05:09:55,594 [pool-27-thread-1] INFO  server.RaftServerConfigKeys (ConfUtils.java:logGet(43)) - raft.server.rpc.timeout.min = 5s (custom)
2019-09-19 05:09:55,594 [pool-38-thread-1] INFO  server.RaftServerConfigKeys (ConfUtils.java:logGet(43)) - raft.server.log.appender.install.snapshot.enabled = false (custom)
2019-09-19 05:09:55,594 [pool-27-thread-1] INFO  server.RaftServerConfigKeys (ConfUtils.java:logGet(43)) - raft.server.rpc.timeout.max = 5200ms (custom)
2019-09-19 05:09:55,594 [pool-38-thread-1] INFO  impl.RaftServerImpl (ServerState.java:<init>(105)) - 14aa947b-a528-472c-a788-b723aaba2374:group-071FA8FDC4CB ConfigurationManager, init=-1: [d8542778-0a07-4f64-990c-26c7e95929d0:192.168.34.50:42342, 74147ebb-effa-46c3-83c2-0ae5d7c7f388:192.168.34.50:46221, 14aa947b-a528-472c-a788-b723aaba2374:192.168.34.50:41548], old=null, confs=<EMPTY_MAP>
2019-09-19 05:09:55,594 [pool-27-thread-1] INFO  server.RaftServerConfigKeys (ConfUtils.java:logGet(43)) - raft.server.rpcslowness.timeout = 120s (custom)
2019-09-19 05:09:55,594 [pool-38-thread-1] INFO  server.RaftServerConfigKeys (ConfUtils.java:logGet(43)) - raft.server.storage.dir = [/workdir/hadoop-ozone/integration-test/target/test-dir/MiniOzoneClusterImpl-b43a9866-cbec-420f-9708-e655410cb55a/datanode-1/data/ratis] (custom)
2019-09-19 05:09:55,594 [pool-27-thread-1] INFO  server.RaftServerConfigKeys (ConfUtils.java:logGet(43)) - raft.server.sleep.deviation.threshold = 300 (default)
2019-09-19 05:09:55,594 [pool-27-thread-1] INFO  server.RaftServerConfigKeys (ConfUtils.java:logGet(43)) - raft.server.log.appender.install.snapshot.enabled = false (custom)
2019-09-19 05:09:55,594 [pool-38-thread-1] INFO  storage.RaftStorageDirectory (RaftStorageDirectory.java:analyzeStorage(246)) - The storage directory /workdir/hadoop-ozone/integration-test/target/test-dir/MiniOzoneClusterImpl-b43a9866-cbec-420f-9708-e655410cb55a/datanode-1/data/ratis/33bbbcab-9b8b-46f4-87fb-071fa8fdc4cb does not exist. Creating ...
2019-09-19 05:09:55,594 [pool-27-thread-1] INFO  impl.RaftServerImpl (ServerState.java:<init>(105)) - 74147ebb-effa-46c3-83c2-0ae5d7c7f388:group-071FA8FDC4CB ConfigurationManager, init=-1: [d8542778-0a07-4f64-990c-26c7e95929d0:192.168.34.50:42342, 74147ebb-effa-46c3-83c2-0ae5d7c7f388:192.168.34.50:46221, 14aa947b-a528-472c-a788-b723aaba2374:192.168.34.50:41548], old=null, confs=<EMPTY_MAP>
2019-09-19 05:09:55,595 [pool-27-thread-1] INFO  server.RaftServerConfigKeys (ConfUtils.java:logGet(43)) - raft.server.storage.dir = [/workdir/hadoop-ozone/integration-test/target/test-dir/MiniOzoneClusterImpl-b43a9866-cbec-420f-9708-e655410cb55a/datanode-0/data/ratis] (custom)
2019-09-19 05:09:55,595 [pool-27-thread-1] INFO  storage.RaftStorageDirectory (RaftStorageDirectory.java:analyzeStorage(246)) - The storage directory /workdir/hadoop-ozone/integration-test/target/test-dir/MiniOzoneClusterImpl-b43a9866-cbec-420f-9708-e655410cb55a/datanode-0/data/ratis/33bbbcab-9b8b-46f4-87fb-071fa8fdc4cb does not exist. Creating ...
2019-09-19 05:09:55,608 [pool-27-thread-1] INFO  storage.RaftStorageDirectory (RaftStorageDirectory.java:tryLock(328)) - Lock on /workdir/hadoop-ozone/integration-test/target/test-dir/MiniOzoneClusterImpl-b43a9866-cbec-420f-9708-e655410cb55a/datanode-0/data/ratis/33bbbcab-9b8b-46f4-87fb-071fa8fdc4cb/in_use.lock acquired by nodename 15469@pr-hdds-2034-srnhl-2452957315
2019-09-19 05:09:55,608 [pool-38-thread-1] INFO  storage.RaftStorageDirectory (RaftStorageDirectory.java:tryLock(328)) - Lock on /workdir/hadoop-ozone/integration-test/target/test-dir/MiniOzoneClusterImpl-b43a9866-cbec-420f-9708-e655410cb55a/datanode-1/data/ratis/33bbbcab-9b8b-46f4-87fb-071fa8fdc4cb/in_use.lock acquired by nodename 15469@pr-hdds-2034-srnhl-2452957315
2019-09-19 05:09:55,608 [pool-49-thread-1] INFO  storage.RaftStorageDirectory (RaftStorageDirectory.java:tryLock(328)) - Lock on /workdir/hadoop-ozone/integration-test/target/test-dir/MiniOzoneClusterImpl-b43a9866-cbec-420f-9708-e655410cb55a/datanode-2/data/ratis/33bbbcab-9b8b-46f4-87fb-071fa8fdc4cb/in_use.lock acquired by nodename 15469@pr-hdds-2034-srnhl-2452957315
2019-09-19 05:09:55,622 [pool-49-thread-1] INFO  storage.RaftStorage (RaftStorage.java:format(72)) - Storage directory /workdir/hadoop-ozone/integration-test/target/test-dir/MiniOzoneClusterImpl-b43a9866-cbec-420f-9708-e655410cb55a/datanode-2/data/ratis/33bbbcab-9b8b-46f4-87fb-071fa8fdc4cb has been successfully formatted.
2019-09-19 05:09:55,622 [pool-27-thread-1] INFO  storage.RaftStorage (RaftStorage.java:format(72)) - Storage directory /workdir/hadoop-ozone/integration-test/target/test-dir/MiniOzoneClusterImpl-b43a9866-cbec-420f-9708-e655410cb55a/datanode-0/data/ratis/33bbbcab-9b8b-46f4-87fb-071fa8fdc4cb has been successfully formatted.
2019-09-19 05:09:55,622 [pool-38-thread-1] INFO  storage.RaftStorage (RaftStorage.java:format(72)) - Storage directory /workdir/hadoop-ozone/integration-test/target/test-dir/MiniOzoneClusterImpl-b43a9866-cbec-420f-9708-e655410cb55a/datanode-1/data/ratis/33bbbcab-9b8b-46f4-87fb-071fa8fdc4cb has been successfully formatted.
2019-09-19 05:09:55,622 [pool-49-thread-1] INFO  ratis.ContainerStateMachine (ContainerStateMachine.java:loadSnapshot(226)) - group-071FA8FDC4CB: The snapshot info is null. Setting the last applied indexto:(t:0, i:~)
2019-09-19 05:09:55,623 [pool-27-thread-1] INFO  ratis.ContainerStateMachine (ContainerStateMachine.java:loadSnapshot(226)) - group-071FA8FDC4CB: The snapshot info is null. Setting the last applied indexto:(t:0, i:~)
2019-09-19 05:09:55,623 [pool-38-thread-1] INFO  ratis.ContainerStateMachine (ContainerStateMachine.java:loadSnapshot(226)) - group-071FA8FDC4CB: The snapshot info is null. Setting the last applied indexto:(t:0, i:~)
2019-09-19 05:09:55,623 [pool-27-thread-1] INFO  server.RaftServerConfigKeys (ConfUtils.java:logGet(43)) - raft.server.leader.election.timeout = 120s (custom)
2019-09-19 05:09:55,623 [pool-49-thread-1] INFO  server.RaftServerConfigKeys (ConfUtils.java:logGet(43)) - raft.server.leader.election.timeout = 120s (custom)
2019-09-19 05:09:55,623 [pool-27-thread-1] INFO  server.RaftServerConfigKeys (ConfUtils.java:logGet(43)) - raft.server.log.use.memory = false (default)
2019-09-19 05:09:55,623 [pool-38-thread-1] INFO  server.RaftServerConfigKeys (ConfUtils.java:logGet(43)) - raft.server.leader.election.timeout = 120s (custom)
2019-09-19 05:09:55,623 [pool-27-thread-1] INFO  server.RaftServerConfigKeys (ConfUtils.java:logGet(43)) - raft.server.log.purge.gap = 1000000 (custom)
2019-09-19 05:09:55,623 [pool-49-thread-1] INFO  server.RaftServerConfigKeys (ConfUtils.java:logGet(43)) - raft.server.log.use.memory = false (default)
2019-09-19 05:09:55,624 [pool-27-thread-1] INFO  server.RaftServerConfigKeys (ConfUtils.java:logGet(43)) - raft.server.log.appender.buffer.byte-limit = 33554432 (custom)
2019-09-19 05:09:55,623 [pool-38-thread-1] INFO  server.RaftServerConfigKeys (ConfUtils.java:logGet(43)) - raft.server.log.use.memory = false (default)
2019-09-19 05:09:55,624 [pool-27-thread-1] INFO  server.RaftServerConfigKeys (ConfUtils.java:logGet(43)) - raft.server.log.segment.size.max = 1048576 (custom)
2019-09-19 05:09:55,624 [pool-49-thread-1] INFO  server.RaftServerConfigKeys (ConfUtils.java:logGet(43)) - raft.server.log.purge.gap = 1000000 (custom)
2019-09-19 05:09:55,624 [pool-27-thread-1] INFO  server.RaftServerConfigKeys (ConfUtils.java:logGet(43)) - raft.server.log.segment.cache.num.max = 2 (custom)
2019-09-19 05:09:55,624 [pool-38-thread-1] INFO  server.RaftServerConfigKeys (ConfUtils.java:logGet(43)) - raft.server.log.purge.gap = 1000000 (custom)
2019-09-19 05:09:55,624 [pool-27-thread-1] INFO  segmented.SegmentedRaftLogWorker (SegmentedRaftLogWorker.java:<init>(172)) - new 74147ebb-effa-46c3-83c2-0ae5d7c7f388-SegmentedRaftLogWorker:Storage Directory /workdir/hadoop-ozone/integration-test/target/test-dir/MiniOzoneClusterImpl-b43a9866-cbec-420f-9708-e655410cb55a/datanode-0/data/ratis/33bbbcab-9b8b-46f4-87fb-071fa8fdc4cb for RaftStorage:Storage Directory /workdir/hadoop-ozone/integration-test/target/test-dir/MiniOzoneClusterImpl-b43a9866-cbec-420f-9708-e655410cb55a/datanode-0/data/ratis/33bbbcab-9b8b-46f4-87fb-071fa8fdc4cb
2019-09-19 05:09:55,624 [pool-49-thread-1] INFO  server.RaftServerConfigKeys (ConfUtils.java:logGet(43)) - raft.server.log.appender.buffer.byte-limit = 33554432 (custom)
2019-09-19 05:09:55,625 [pool-27-thread-1] INFO  server.RaftServerConfigKeys (ConfUtils.java:logGet(43)) - raft.server.log.queue.byte-limit = 2147483647 (custom)
2019-09-19 05:09:55,625 [pool-38-thread-1] INFO  server.RaftServerConfigKeys (ConfUtils.java:logGet(43)) - raft.server.log.appender.buffer.byte-limit = 33554432 (custom)
2019-09-19 05:09:55,626 [pool-27-thread-1] INFO  server.RaftServerConfigKeys (ConfUtils.java:logGet(43)) - raft.server.log.queue.element-limit = 1024 (custom)
2019-09-19 05:09:55,625 [pool-49-thread-1] INFO  server.RaftServerConfigKeys (ConfUtils.java:logGet(43)) - raft.server.log.segment.size.max = 1048576 (custom)
2019-09-19 05:09:55,626 [pool-27-thread-1] INFO  server.RaftServerConfigKeys (ConfUtils.java:logGet(43)) - raft.server.log.segment.size.max = 1048576 (custom)
2019-09-19 05:09:55,626 [pool-38-thread-1] INFO  server.RaftServerConfigKeys (ConfUtils.java:logGet(43)) - raft.server.log.segment.size.max = 1048576 (custom)
2019-09-19 05:09:55,626 [pool-27-thread-1] INFO  server.RaftServerConfigKeys (ConfUtils.java:logGet(43)) - raft.server.log.preallocated.size = 16384 (custom)
2019-09-19 05:09:55,626 [pool-49-thread-1] INFO  server.RaftServerConfigKeys (ConfUtils.java:logGet(43)) - raft.server.log.segment.cache.num.max = 2 (custom)
2019-09-19 05:09:55,627 [pool-27-thread-1] INFO  server.RaftServerConfigKeys (ConfUtils.java:logGet(43)) - raft.server.log.write.buffer.size = 33554432 (custom)
2019-09-19 05:09:55,627 [pool-38-thread-1] INFO  server.RaftServerConfigKeys (ConfUtils.java:logGet(43)) - raft.server.log.segment.cache.num.max = 2 (custom)
2019-09-19 05:09:55,627 [pool-27-thread-1] INFO  server.RaftServerConfigKeys (ConfUtils.java:logGet(43)) - raft.server.log.force.sync.num = 128 (default)
2019-09-19 05:09:55,627 [pool-49-thread-1] INFO  segmented.SegmentedRaftLogWorker (SegmentedRaftLogWorker.java:<init>(172)) - new d8542778-0a07-4f64-990c-26c7e95929d0-SegmentedRaftLogWorker:Storage Directory /workdir/hadoop-ozone/integration-test/target/test-dir/MiniOzoneClusterImpl-b43a9866-cbec-420f-9708-e655410cb55a/datanode-2/data/ratis/33bbbcab-9b8b-46f4-87fb-071fa8fdc4cb for RaftStorage:Storage Directory /workdir/hadoop-ozone/integration-test/target/test-dir/MiniOzoneClusterImpl-b43a9866-cbec-420f-9708-e655410cb55a/datanode-2/data/ratis/33bbbcab-9b8b-46f4-87fb-071fa8fdc4cb
2019-09-19 05:09:55,627 [pool-27-thread-1] INFO  server.RaftServerConfigKeys (ConfUtils.java:logGet(43)) - raft.server.log.statemachine.data.sync = true (default)
2019-09-19 05:09:55,627 [pool-38-thread-1] INFO  segmented.SegmentedRaftLogWorker (SegmentedRaftLogWorker.java:<init>(172)) - new 14aa947b-a528-472c-a788-b723aaba2374-SegmentedRaftLogWorker:Storage Directory /workdir/hadoop-ozone/integration-test/target/test-dir/MiniOzoneClusterImpl-b43a9866-cbec-420f-9708-e655410cb55a/datanode-1/data/ratis/33bbbcab-9b8b-46f4-87fb-071fa8fdc4cb for RaftStorage:Storage Directory /workdir/hadoop-ozone/integration-test/target/test-dir/MiniOzoneClusterImpl-b43a9866-cbec-420f-9708-e655410cb55a/datanode-1/data/ratis/33bbbcab-9b8b-46f4-87fb-071fa8fdc4cb
2019-09-19 05:09:55,628 [pool-27-thread-1] INFO  server.RaftServerConfigKeys (ConfUtils.java:logGet(43)) - raft.server.log.statemachine.data.sync.timeout = 10s (default)
2019-09-19 05:09:55,627 [pool-49-thread-1] INFO  server.RaftServerConfigKeys (ConfUtils.java:logGet(43)) - raft.server.log.queue.byte-limit = 2147483647 (custom)
2019-09-19 05:09:55,629 [pool-27-thread-1] INFO  server.RaftServerConfigKeys (ConfUtils.java:logGet(43)) - raft.server.log.statemachine.data.sync.timeout.retry = -1 (default)
2019-09-19 05:09:55,628 [pool-38-thread-1] INFO  server.RaftServerConfigKeys (ConfUtils.java:logGet(43)) - raft.server.log.queue.byte-limit = 2147483647 (custom)
2019-09-19 05:09:55,629 [pool-27-thread-1] INFO  server.RaftServerConfigKeys (ConfUtils.java:logGet(43)) - raft.server.log.statemachine.data.caching.enabled = true (custom)
2019-09-19 05:09:55,629 [pool-49-thread-1] INFO  server.RaftServerConfigKeys (ConfUtils.java:logGet(43)) - raft.server.log.queue.element-limit = 1024 (custom)
2019-09-19 05:09:55,630 [pool-38-thread-1] INFO  server.RaftServerConfigKeys (ConfUtils.java:logGet(43)) - raft.server.log.queue.element-limit = 1024 (custom)
2019-09-19 05:09:55,630 [pool-49-thread-1] INFO  server.RaftServerConfigKeys (ConfUtils.java:logGet(43)) - raft.server.log.segment.size.max = 1048576 (custom)
2019-09-19 05:09:55,630 [pool-38-thread-1] INFO  server.RaftServerConfigKeys (ConfUtils.java:logGet(43)) - raft.server.log.segment.size.max = 1048576 (custom)
2019-09-19 05:09:55,630 [pool-27-thread-1] INFO  segmented.SegmentedRaftLogWorker (SegmentedRaftLogWorker.java:lambda$new$0(132)) - 74147ebb-effa-46c3-83c2-0ae5d7c7f388-SegmentedRaftLogWorker:Storage Directory /workdir/hadoop-ozone/integration-test/target/test-dir/MiniOzoneClusterImpl-b43a9866-cbec-420f-9708-e655410cb55a/datanode-0/data/ratis/33bbbcab-9b8b-46f4-87fb-071fa8fdc4cb: flushIndex: setUnconditionally 0 -> -1
2019-09-19 05:09:55,630 [pool-38-thread-1] INFO  server.RaftServerConfigKeys (ConfUtils.java:logGet(43)) - raft.server.log.preallocated.size = 16384 (custom)
2019-09-19 05:09:55,630 [pool-49-thread-1] INFO  server.RaftServerConfigKeys (ConfUtils.java:logGet(43)) - raft.server.log.preallocated.size = 16384 (custom)
2019-09-19 05:09:55,631 [pool-27-thread-1] INFO  server.RaftServerConfigKeys (ConfUtils.java:logGet(43)) - raft.server.snapshot.auto.trigger.enabled = true (custom)
2019-09-19 05:09:55,631 [pool-38-thread-1] INFO  server.RaftServerConfigKeys (ConfUtils.java:logGet(43)) - raft.server.log.write.buffer.size = 33554432 (custom)
2019-09-19 05:09:55,631 [pool-27-thread-1] INFO  server.RaftServerConfigKeys (ConfUtils.java:logGet(43)) - raft.server.snapshot.auto.trigger.threshold = 10000 (custom)
2019-09-19 05:09:55,631 [pool-49-thread-1] INFO  server.RaftServerConfigKeys (ConfUtils.java:logGet(43)) - raft.server.log.write.buffer.size = 33554432 (custom)
2019-09-19 05:09:55,631 [pool-27-thread-1] INFO  server.RaftServerConfigKeys (ConfUtils.java:logGet(43)) - raft.server.retrycache.expirytime = 600000ms (custom)
2019-09-19 05:09:55,631 [pool-38-thread-1] INFO  server.RaftServerConfigKeys (ConfUtils.java:logGet(43)) - raft.server.log.force.sync.num = 128 (default)
2019-09-19 05:09:55,632 [pool-27-thread-1] INFO  impl.RaftServerImpl (RaftServerImpl.java:start(180)) - 74147ebb-effa-46c3-83c2-0ae5d7c7f388: start group-071FA8FDC4CB
2019-09-19 05:09:55,631 [pool-49-thread-1] INFO  server.RaftServerConfigKeys (ConfUtils.java:logGet(43)) - raft.server.log.force.sync.num = 128 (default)
2019-09-19 05:09:55,632 [pool-27-thread-1] INFO  impl.RaftServerImpl (RaftServerImpl.java:setRole(171)) - 74147ebb-effa-46c3-83c2-0ae5d7c7f388:group-071FA8FDC4CB changes role from null to FOLLOWER at term 0 for startAsFollower
2019-09-19 05:09:55,632 [pool-38-thread-1] INFO  server.RaftServerConfigKeys (ConfUtils.java:logGet(43)) - raft.server.log.statemachine.data.sync = true (default)
2019-09-19 05:09:55,632 [pool-27-thread-1] INFO  impl.RoleInfo (RoleInfo.java:updateAndGet(143)) - 74147ebb-effa-46c3-83c2-0ae5d7c7f388: start FollowerState
2019-09-19 05:09:55,632 [pool-49-thread-1] INFO  server.RaftServerConfigKeys (ConfUtils.java:logGet(43)) - raft.server.log.statemachine.data.sync = true (default)
2019-09-19 05:09:55,632 [pool-38-thread-1] INFO  server.RaftServerConfigKeys (ConfUtils.java:logGet(43)) - raft.server.log.statemachine.data.sync.timeout = 10s (default)
2019-09-19 05:09:55,632 [pool-49-thread-1] INFO  server.RaftServerConfigKeys (ConfUtils.java:logGet(43)) - raft.server.log.statemachine.data.sync.timeout = 10s (default)
2019-09-19 05:09:55,633 [pool-27-thread-1] INFO  util.JmxRegister (JmxRegister.java:tryRegister(44)) - Successfully registered JMX Bean with object name Ratis:service=RaftServer,group=group-071FA8FDC4CB,id=74147ebb-effa-46c3-83c2-0ae5d7c7f388
2019-09-19 05:09:55,632 [pool-38-thread-1] INFO  server.RaftServerConfigKeys (ConfUtils.java:logGet(43)) - raft.server.log.statemachine.data.sync.timeout.retry = -1 (default)
2019-09-19 05:09:55,633 [pool-49-thread-1] INFO  server.RaftServerConfigKeys (ConfUtils.java:logGet(43)) - raft.server.log.statemachine.data.sync.timeout.retry = -1 (default)
2019-09-19 05:09:55,633 [pool-38-thread-1] INFO  server.RaftServerConfigKeys (ConfUtils.java:logGet(43)) - raft.server.log.statemachine.data.caching.enabled = true (custom)
2019-09-19 05:09:55,633 [pool-49-thread-1] INFO  server.RaftServerConfigKeys (ConfUtils.java:logGet(43)) - raft.server.log.statemachine.data.caching.enabled = true (custom)
2019-09-19 05:09:55,633 [pool-38-thread-1] INFO  segmented.SegmentedRaftLogWorker (SegmentedRaftLogWorker.java:lambda$new$0(132)) - 14aa947b-a528-472c-a788-b723aaba2374-SegmentedRaftLogWorker:Storage Directory /workdir/hadoop-ozone/integration-test/target/test-dir/MiniOzoneClusterImpl-b43a9866-cbec-420f-9708-e655410cb55a/datanode-1/data/ratis/33bbbcab-9b8b-46f4-87fb-071fa8fdc4cb: flushIndex: setUnconditionally 0 -> -1
2019-09-19 05:09:55,634 [pool-38-thread-1] INFO  server.RaftServerConfigKeys (ConfUtils.java:logGet(43)) - raft.server.snapshot.auto.trigger.enabled = true (custom)
2019-09-19 05:09:55,634 [pool-49-thread-1] INFO  segmented.SegmentedRaftLogWorker (SegmentedRaftLogWorker.java:lambda$new$0(132)) - d8542778-0a07-4f64-990c-26c7e95929d0-SegmentedRaftLogWorker:Storage Directory /workdir/hadoop-ozone/integration-test/target/test-dir/MiniOzoneClusterImpl-b43a9866-cbec-420f-9708-e655410cb55a/datanode-2/data/ratis/33bbbcab-9b8b-46f4-87fb-071fa8fdc4cb: flushIndex: setUnconditionally 0 -> -1
2019-09-19 05:09:55,634 [pool-38-thread-1] INFO  server.RaftServerConfigKeys (ConfUtils.java:logGet(43)) - raft.server.snapshot.auto.trigger.threshold = 10000 (custom)
2019-09-19 05:09:55,635 [pool-49-thread-1] INFO  server.RaftServerConfigKeys (ConfUtils.java:logGet(43)) - raft.server.snapshot.auto.trigger.enabled = true (custom)
2019-09-19 05:09:55,635 [pool-38-thread-1] INFO  server.RaftServerConfigKeys (ConfUtils.java:logGet(43)) - raft.server.retrycache.expirytime = 600000ms (custom)
2019-09-19 05:09:55,635 [pool-49-thread-1] INFO  server.RaftServerConfigKeys (ConfUtils.java:logGet(43)) - raft.server.snapshot.auto.trigger.threshold = 10000 (custom)
2019-09-19 05:09:55,636 [pool-38-thread-1] INFO  impl.RaftServerImpl (RaftServerImpl.java:start(180)) - 14aa947b-a528-472c-a788-b723aaba2374: start group-071FA8FDC4CB
2019-09-19 05:09:55,636 [pool-49-thread-1] INFO  server.RaftServerConfigKeys (ConfUtils.java:logGet(43)) - raft.server.retrycache.expirytime = 600000ms (custom)
2019-09-19 05:09:55,636 [pool-38-thread-1] INFO  impl.RaftServerImpl (RaftServerImpl.java:setRole(171)) - 14aa947b-a528-472c-a788-b723aaba2374:group-071FA8FDC4CB changes role from null to FOLLOWER at term 0 for startAsFollower
2019-09-19 05:09:55,636 [pool-38-thread-1] INFO  impl.RoleInfo (RoleInfo.java:updateAndGet(143)) - 14aa947b-a528-472c-a788-b723aaba2374: start FollowerState
2019-09-19 05:09:55,636 [pool-49-thread-1] INFO  impl.RaftServerImpl (RaftServerImpl.java:start(180)) - d8542778-0a07-4f64-990c-26c7e95929d0: start group-071FA8FDC4CB
2019-09-19 05:09:55,636 [pool-49-thread-1] INFO  impl.RaftServerImpl (RaftServerImpl.java:setRole(171)) - d8542778-0a07-4f64-990c-26c7e95929d0:group-071FA8FDC4CB changes role from null to FOLLOWER at term 0 for startAsFollower
2019-09-19 05:09:55,636 [pool-38-thread-1] INFO  util.JmxRegister (JmxRegister.java:tryRegister(44)) - Successfully registered JMX Bean with object name Ratis:service=RaftServer,group=group-071FA8FDC4CB,id=14aa947b-a528-472c-a788-b723aaba2374
2019-09-19 05:09:55,636 [pool-49-thread-1] INFO  impl.RoleInfo (RoleInfo.java:updateAndGet(143)) - d8542778-0a07-4f64-990c-26c7e95929d0: start FollowerState
2019-09-19 05:09:55,637 [pool-49-thread-1] INFO  util.JmxRegister (JmxRegister.java:tryRegister(44)) - Successfully registered JMX Bean with object name Ratis:service=RaftServer,group=group-071FA8FDC4CB,id=d8542778-0a07-4f64-990c-26c7e95929d0
2019-09-19 05:09:55,647 [Command processor thread] INFO  commandhandler.CreatePipelineCommandHandler (CreatePipelineCommandHandler.java:handle(112)) - Create Pipeline RATIS THREE #PipelineID=33bbbcab-9b8b-46f4-87fb-071fa8fdc4cb command succeed on datanode 74147ebb-effa-46c3-83c2-0ae5d7c7f388.
2019-09-19 05:09:55,650 [Command processor thread] INFO  commandhandler.CreatePipelineCommandHandler (CreatePipelineCommandHandler.java:handle(112)) - Create Pipeline RATIS THREE #PipelineID=33bbbcab-9b8b-46f4-87fb-071fa8fdc4cb command succeed on datanode d8542778-0a07-4f64-990c-26c7e95929d0.
2019-09-19 05:09:55,650 [Command processor thread] INFO  commandhandler.CreatePipelineCommandHandler (CreatePipelineCommandHandler.java:handle(112)) - Create Pipeline RATIS THREE #PipelineID=33bbbcab-9b8b-46f4-87fb-071fa8fdc4cb command succeed on datanode 14aa947b-a528-472c-a788-b723aaba2374.
2019-09-19 05:09:56,047 [main] INFO  ozone.MiniOzoneClusterImpl (MiniOzoneClusterImpl.java:lambda$waitForClusterToBeReady$0(145)) - Nodes are ready. Got 3 of 3 DN Heartbeats.
2019-09-19 05:09:56,047 [main] INFO  ozone.MiniOzoneClusterImpl (MiniOzoneClusterImpl.java:lambda$waitForClusterToBeReady$0(148)) - Waiting for cluster to exit safe mode
2019-09-19 05:09:56,050 | INFO  | SCMAudit | user=jenkins1000 | ip=192.168.34.50 | op=SEND_HEARTBEAT {datanodeUUID=d8542778-0a07-4f64-990c-26c7e95929d0, command=[]} | ret=SUCCESS |  
2019-09-19 05:09:56,050 | INFO  | SCMAudit | user=jenkins1000 | ip=192.168.34.50 | op=SEND_HEARTBEAT {datanodeUUID=14aa947b-a528-472c-a788-b723aaba2374, command=[]} | ret=SUCCESS |  
2019-09-19 05:09:56,441 | INFO  | SCMAudit | user=jenkins1000 | ip=192.168.34.50 | op=SEND_HEARTBEAT {datanodeUUID=74147ebb-effa-46c3-83c2-0ae5d7c7f388, command=[]} | ret=SUCCESS |  
2019-09-19 05:09:57,050 [main] INFO  ozone.MiniOzoneClusterImpl (MiniOzoneClusterImpl.java:lambda$waitForClusterToBeReady$0(145)) - Nodes are ready. Got 3 of 3 DN Heartbeats.
2019-09-19 05:09:57,051 [main] INFO  ozone.MiniOzoneClusterImpl (MiniOzoneClusterImpl.java:lambda$waitForClusterToBeReady$0(148)) - Waiting for cluster to exit safe mode
2019-09-19 05:09:57,058 | INFO  | SCMAudit | user=jenkins1000 | ip=192.168.34.50 | op=SEND_HEARTBEAT {datanodeUUID=d8542778-0a07-4f64-990c-26c7e95929d0, command=[]} | ret=SUCCESS |  
2019-09-19 05:09:57,058 | INFO  | SCMAudit | user=jenkins1000 | ip=192.168.34.50 | op=SEND_HEARTBEAT {datanodeUUID=14aa947b-a528-472c-a788-b723aaba2374, command=[]} | ret=SUCCESS |  
2019-09-19 05:09:57,062 [EventQueue-CreatePipelineStatusForSCMPipelineManager] INFO  pipeline.SCMPipelineManager (SCMPipelineManager.java:onMessage(469)) - receive pipeline PipelineID=890f6878-fd33-4410-a6aa-20e1a0b9645d create status EXECUTED
2019-09-19 05:09:57,063 [EventQueue-CreatePipelineStatusForSCMPipelineManager] INFO  pipeline.PipelineStateManager (PipelineStateManager.java:openPipeline(134)) - Pipeline Pipeline[ Id: 890f6878-fd33-4410-a6aa-20e1a0b9645d, Nodes: 14aa947b-a528-472c-a788-b723aaba2374{ip: 192.168.34.50, host: pr-hdds-2034-srnhl-2452957315, networkLocation: /default-rack, certSerialId: null}, Type:RATIS, Factor:ONE, State:ALLOCATED] moved to OPEN state
add pipeline PipelineID=890f6878-fd33-4410-a6aa-20e1a0b9645d to metrics map
2019-09-19 05:09:57,064 [EventQueue-NewOpenPipelineForHealthyPipelineSafeModeRule] INFO  safemode.SCMSafeModeManager (HealthyPipelineSafeModeRule.java:process(120)) - SCM in safe mode. Healthy pipelines reported count is 1, required healthy pipeline reported count is 1
2019-09-19 05:09:57,064 [EventQueue-CreatePipelineStatusForSCMPipelineManager] INFO  pipeline.SCMPipelineManager (SCMPipelineManager.java:onMessage(469)) - receive pipeline PipelineID=33bbbcab-9b8b-46f4-87fb-071fa8fdc4cb create status EXECUTED
2019-09-19 05:09:57,064 [EventQueue-NewOpenPipelineForOneReplicaPipelineSafeModeRule] INFO  safemode.SCMSafeModeManager (SCMSafeModeManager.java:validateSafeModeExitRules(177)) - ScmSafeModeManager, all rules are successfully validated
2019-09-19 05:09:57,064 [EventQueue-CreatePipelineStatusForSCMPipelineManager] INFO  pipeline.PipelineStateManager (PipelineStateManager.java:openPipeline(134)) - Pipeline Pipeline[ Id: 33bbbcab-9b8b-46f4-87fb-071fa8fdc4cb, Nodes: 14aa947b-a528-472c-a788-b723aaba2374{ip: 192.168.34.50, host: pr-hdds-2034-srnhl-2452957315, networkLocation: /default-rack, certSerialId: null}d8542778-0a07-4f64-990c-26c7e95929d0{ip: 192.168.34.50, host: pr-hdds-2034-srnhl-2452957315, networkLocation: /default-rack, certSerialId: null}74147ebb-effa-46c3-83c2-0ae5d7c7f388{ip: 192.168.34.50, host: pr-hdds-2034-srnhl-2452957315, networkLocation: /default-rack, certSerialId: null}, Type:RATIS, Factor:THREE, State:ALLOCATED] moved to OPEN state
add pipeline PipelineID=33bbbcab-9b8b-46f4-87fb-071fa8fdc4cb to metrics map
2019-09-19 05:09:57,064 [EventQueue-NewOpenPipelineForOneReplicaPipelineSafeModeRule] INFO  safemode.SCMSafeModeManager (SCMSafeModeManager.java:exitSafeMode(193)) - SCM exiting safe mode.
2019-09-19 05:09:57,065 [EventQueue-CreatePipelineStatusForSCMPipelineManager] INFO  pipeline.SCMPipelineManager (SCMPipelineManager.java:onMessage(469)) - receive pipeline PipelineID=99a1d574-190b-4c8c-83f4-48d54672f8c4 create status EXECUTED
2019-09-19 05:09:57,065 [EventQueue-CreatePipelineStatusForSCMPipelineManager] INFO  pipeline.PipelineStateManager (PipelineStateManager.java:openPipeline(134)) - Pipeline Pipeline[ Id: 99a1d574-190b-4c8c-83f4-48d54672f8c4, Nodes: d8542778-0a07-4f64-990c-26c7e95929d0{ip: 192.168.34.50, host: pr-hdds-2034-srnhl-2452957315, networkLocation: /default-rack, certSerialId: null}, Type:RATIS, Factor:ONE, State:ALLOCATED] moved to OPEN state
add pipeline PipelineID=99a1d574-190b-4c8c-83f4-48d54672f8c4 to metrics map
2019-09-19 05:09:57,065 [EventQueue-NewOpenPipelineForHealthyPipelineSafeModeRule] INFO  safemode.SCMSafeModeManager (SCMSafeModeManager.java:validateSafeModeExitRules(177)) - ScmSafeModeManager, all rules are successfully validated
2019-09-19 05:09:57,066 [EventQueue-NewOpenPipelineForHealthyPipelineSafeModeRule] INFO  safemode.SCMSafeModeManager (SCMSafeModeManager.java:exitSafeMode(193)) - SCM exiting safe mode.
2019-09-19 05:09:57,066 [EventQueue-CreatePipelineStatusForSCMPipelineManager] INFO  pipeline.SCMPipelineManager (SCMPipelineManager.java:onMessage(469)) - receive pipeline PipelineID=33bbbcab-9b8b-46f4-87fb-071fa8fdc4cb create status EXECUTED
2019-09-19 05:09:57,441 | INFO  | SCMAudit | user=jenkins1000 | ip=192.168.34.50 | op=SEND_HEARTBEAT {datanodeUUID=74147ebb-effa-46c3-83c2-0ae5d7c7f388, command=[]} | ret=SUCCESS |  
2019-09-19 05:09:57,443 [EventQueue-CreatePipelineStatusForSCMPipelineManager] INFO  pipeline.SCMPipelineManager (SCMPipelineManager.java:onMessage(469)) - receive pipeline PipelineID=0c668d85-afbc-4059-a043-1f7c24a4289d create status EXECUTED
2019-09-19 05:09:57,444 [EventQueue-CreatePipelineStatusForSCMPipelineManager] INFO  pipeline.PipelineStateManager (PipelineStateManager.java:openPipeline(134)) - Pipeline Pipeline[ Id: 0c668d85-afbc-4059-a043-1f7c24a4289d, Nodes: 74147ebb-effa-46c3-83c2-0ae5d7c7f388{ip: 192.168.34.50, host: pr-hdds-2034-srnhl-2452957315, networkLocation: /default-rack, certSerialId: null}, Type:RATIS, Factor:ONE, State:ALLOCATED] moved to OPEN state
add pipeline PipelineID=0c668d85-afbc-4059-a043-1f7c24a4289d to metrics map
2019-09-19 05:09:57,444 [EventQueue-CreatePipelineStatusForSCMPipelineManager] INFO  pipeline.SCMPipelineManager (SCMPipelineManager.java:onMessage(469)) - receive pipeline PipelineID=33bbbcab-9b8b-46f4-87fb-071fa8fdc4cb create status EXECUTED
add pipeline PipelineID=33bbbcab-9b8b-46f4-87fb-071fa8fdc4cb to metrics map
2019-09-19 05:09:58,052 [main] INFO  ozone.MiniOzoneClusterImpl (MiniOzoneClusterImpl.java:lambda$waitForClusterToBeReady$0(145)) - Nodes are ready. Got 3 of 3 DN Heartbeats.
2019-09-19 05:09:58,054 [main] INFO  ozone.MiniOzoneClusterImpl (MiniOzoneClusterImpl.java:lambda$waitForClusterToBeReady$0(148)) - Cluster exits safe mode
2019-09-19 05:09:58,054 | INFO  | SCMAudit | user=jenkins1000 | ip=192.168.34.50 | op=SEND_HEARTBEAT {datanodeUUID=d8542778-0a07-4f64-990c-26c7e95929d0, command=[]} | ret=SUCCESS |  
2019-09-19 05:09:58,054 | INFO  | SCMAudit | user=jenkins1000 | ip=192.168.34.50 | op=SEND_HEARTBEAT {datanodeUUID=14aa947b-a528-472c-a788-b723aaba2374, command=[]} | ret=SUCCESS |  
2019-09-19 05:09:58,095 [main] ERROR pipeline.PipelineActionHandler (PipelineActionHandler.java:onMessage(60)) - Received pipeline action CLOSE for Pipeline[ Id: 33bbbcab-9b8b-46f4-87fb-071fa8fdc4cb, Nodes: 14aa947b-a528-472c-a788-b723aaba2374{ip: 192.168.34.50, host: pr-hdds-2034-srnhl-2452957315, networkLocation: /default-rack, certSerialId: null}d8542778-0a07-4f64-990c-26c7e95929d0{ip: 192.168.34.50, host: pr-hdds-2034-srnhl-2452957315, networkLocation: /default-rack, certSerialId: null}74147ebb-effa-46c3-83c2-0ae5d7c7f388{ip: 192.168.34.50, host: pr-hdds-2034-srnhl-2452957315, networkLocation: /default-rack, certSerialId: null}, Type:RATIS, Factor:THREE, State:OPEN] from datanode 14aa947b-a528-472c-a788-b723aaba2374{ip: 192.168.34.50, host: pr-hdds-2034-srnhl-2452957315, networkLocation: /default-rack, certSerialId: null}. Reason : 
2019-09-19 05:09:58,095 [main] INFO  pipeline.SCMPipelineManager (SCMPipelineManager.java:finalizeAndDestroyPipeline(336)) - destroying pipeline:Pipeline[ Id: 33bbbcab-9b8b-46f4-87fb-071fa8fdc4cb, Nodes: 14aa947b-a528-472c-a788-b723aaba2374{ip: 192.168.34.50, host: pr-hdds-2034-srnhl-2452957315, networkLocation: /default-rack, certSerialId: null}d8542778-0a07-4f64-990c-26c7e95929d0{ip: 192.168.34.50, host: pr-hdds-2034-srnhl-2452957315, networkLocation: /default-rack, certSerialId: null}74147ebb-effa-46c3-83c2-0ae5d7c7f388{ip: 192.168.34.50, host: pr-hdds-2034-srnhl-2452957315, networkLocation: /default-rack, certSerialId: null}, Type:RATIS, Factor:THREE, State:OPEN]
2019-09-19 05:09:58,095 [main] INFO  pipeline.PipelineStateManager (PipelineStateManager.java:finalizePipeline(123)) - Pipeline Pipeline[ Id: 33bbbcab-9b8b-46f4-87fb-071fa8fdc4cb, Nodes: 14aa947b-a528-472c-a788-b723aaba2374{ip: 192.168.34.50, host: pr-hdds-2034-srnhl-2452957315, networkLocation: /default-rack, certSerialId: null}d8542778-0a07-4f64-990c-26c7e95929d0{ip: 192.168.34.50, host: pr-hdds-2034-srnhl-2452957315, networkLocation: /default-rack, certSerialId: null}74147ebb-effa-46c3-83c2-0ae5d7c7f388{ip: 192.168.34.50, host: pr-hdds-2034-srnhl-2452957315, networkLocation: /default-rack, certSerialId: null}, Type:RATIS, Factor:THREE, State:CLOSED] moved to CLOSED state
2019-09-19 05:09:58,096 [EventQueue-CloseContainerForCloseContainerEventHandler] INFO  container.CloseContainerEventHandler (CloseContainerEventHandler.java:onMessage(61)) - Close container Event triggered for container : #1
2019-09-19 05:09:58,446 | INFO  | SCMAudit | user=jenkins1000 | ip=192.168.34.50 | op=SEND_HEARTBEAT {datanodeUUID=74147ebb-effa-46c3-83c2-0ae5d7c7f388, command=[commandType: closeContainerCommand closeContainerCommandProto { containerID: 1 pipelineID { id: "33bbbcab-9b8b-46f4-87fb-071fa8fdc4cb" } cmdId: 1 force: false } ]} | ret=SUCCESS |  
2019-09-19 05:09:59,047 | INFO  | SCMAudit | user=jenkins1000 | ip=192.168.34.50 | op=SEND_HEARTBEAT {datanodeUUID=d8542778-0a07-4f64-990c-26c7e95929d0, command=[commandType: closeContainerCommand closeContainerCommandProto { containerID: 1 pipelineID { id: "33bbbcab-9b8b-46f4-87fb-071fa8fdc4cb" } cmdId: 1 force: false } ]} | ret=SUCCESS |  
2019-09-19 05:09:59,051 | INFO  | SCMAudit | user=jenkins1000 | ip=192.168.34.50 | op=SEND_HEARTBEAT {datanodeUUID=14aa947b-a528-472c-a788-b723aaba2374, command=[commandType: closeContainerCommand closeContainerCommandProto { containerID: 1 pipelineID { id: "33bbbcab-9b8b-46f4-87fb-071fa8fdc4cb" } cmdId: 1 force: false } ]} | ret=SUCCESS |  
2019-09-19 05:09:59,439 [Command processor thread] ERROR commandhandler.CloseContainerCommandHandler (CloseContainerCommandHandler.java:handle(84)) - Container #1 does not exist in datanode. Container close failed.
2019-09-19 05:09:59,443 | INFO  | SCMAudit | user=jenkins1000 | ip=192.168.34.50 | op=SEND_HEARTBEAT {datanodeUUID=74147ebb-effa-46c3-83c2-0ae5d7c7f388, command=[]} | ret=SUCCESS |  
2019-09-19 05:10:00,047 | INFO  | SCMAudit | user=jenkins1000 | ip=192.168.34.50 | op=SEND_HEARTBEAT {datanodeUUID=d8542778-0a07-4f64-990c-26c7e95929d0, command=[]} | ret=SUCCESS |  
2019-09-19 05:10:00,049 [Command processor thread] ERROR commandhandler.CloseContainerCommandHandler (CloseContainerCommandHandler.java:handle(84)) - Container #1 does not exist in datanode. Container close failed.
2019-09-19 05:10:00,052 | INFO  | SCMAudit | user=jenkins1000 | ip=192.168.34.50 | op=SEND_HEARTBEAT {datanodeUUID=14aa947b-a528-472c-a788-b723aaba2374, command=[]} | ret=SUCCESS |  
2019-09-19 05:10:00,067 [Thread-200] INFO  container.ReplicationManager (ReplicationManager.java:start(151)) - Starting Replication Monitor Thread.
2019-09-19 05:10:00,068 [Thread-201] INFO  container.ReplicationManager (ReplicationManager.java:start(158)) - Replication Monitor Thread is already running.
2019-09-19 05:10:00,076 [ReplicationMonitor] INFO  container.ReplicationManager (ReplicationManager.java:run(214)) - Replication Monitor Thread took 8 milliseconds for processing 1 containers.
2019-09-19 05:10:00,442 | INFO  | SCMAudit | user=jenkins1000 | ip=192.168.34.50 | op=SEND_HEARTBEAT {datanodeUUID=74147ebb-effa-46c3-83c2-0ae5d7c7f388, command=[]} | ret=SUCCESS |  
2019-09-19 05:10:00,534 [Thread-181] INFO  impl.FollowerState (FollowerState.java:run(106)) - 14aa947b-a528-472c-a788-b723aaba2374:group-20E1A0B9645D changes to CANDIDATE, lastRpcTime:5041, electionTimeout:5039ms
2019-09-19 05:10:00,535 [Thread-181] INFO  impl.RoleInfo (RoleInfo.java:shutdownFollowerState(121)) - 14aa947b-a528-472c-a788-b723aaba2374: shutdown FollowerState
2019-09-19 05:10:00,535 [Thread-181] INFO  impl.RaftServerImpl (RaftServerImpl.java:setRole(171)) - 14aa947b-a528-472c-a788-b723aaba2374:group-20E1A0B9645D changes role from FOLLOWER to CANDIDATE at term 0 for changeToCandidate
2019-09-19 05:10:00,538 [Thread-181] INFO  impl.RoleInfo (RoleInfo.java:updateAndGet(143)) - 14aa947b-a528-472c-a788-b723aaba2374: start LeaderElection
2019-09-19 05:10:00,567 [14aa947b-a528-472c-a788-b723aaba2374:group-20E1A0B9645D:LeaderElection1] INFO  impl.LeaderElection (LeaderElection.java:askForVotes(181)) - 14aa947b-a528-472c-a788-b723aaba2374:group-20E1A0B9645D:LeaderElection1: begin an election at term 1 for -1: [14aa947b-a528-472c-a788-b723aaba2374:192.168.34.50:41548], old=null
2019-09-19 05:10:00,569 [14aa947b-a528-472c-a788-b723aaba2374:group-20E1A0B9645D:LeaderElection1] INFO  impl.RoleInfo (RoleInfo.java:shutdownLeaderElection(134)) - 14aa947b-a528-472c-a788-b723aaba2374: shutdown LeaderElection
2019-09-19 05:10:00,570 [14aa947b-a528-472c-a788-b723aaba2374:group-20E1A0B9645D:LeaderElection1] INFO  impl.RaftServerImpl (RaftServerImpl.java:setRole(171)) - 14aa947b-a528-472c-a788-b723aaba2374:group-20E1A0B9645D changes role from CANDIDATE to LEADER at term 1 for changeToLeader
2019-09-19 05:10:00,570 [14aa947b-a528-472c-a788-b723aaba2374:group-20E1A0B9645D:LeaderElection1] INFO  impl.RaftServerImpl (ServerState.java:setLeader(263)) - 14aa947b-a528-472c-a788-b723aaba2374:group-20E1A0B9645D change Leader from null to 14aa947b-a528-472c-a788-b723aaba2374 at term 1 for becomeLeader, leader elected after 5164ms
2019-09-19 05:10:00,576 [14aa947b-a528-472c-a788-b723aaba2374:group-20E1A0B9645D:LeaderElection1] INFO  server.RaftServerConfigKeys (ConfUtils.java:logGet(43)) - raft.server.staging.catchup.gap = 1000 (default)
2019-09-19 05:10:00,576 [14aa947b-a528-472c-a788-b723aaba2374:group-20E1A0B9645D:LeaderElection1] INFO  server.RaftServerConfigKeys (ConfUtils.java:logGet(43)) - raft.server.rpc.sleep.time = 25ms (default)
2019-09-19 05:10:00,579 [14aa947b-a528-472c-a788-b723aaba2374:group-20E1A0B9645D:LeaderElection1] INFO  server.RaftServerConfigKeys (ConfUtils.java:logGet(43)) - raft.server.write.element-limit = 4096 (default)
2019-09-19 05:10:00,581 [14aa947b-a528-472c-a788-b723aaba2374:group-20E1A0B9645D:LeaderElection1] INFO  server.RaftServerConfigKeys (ConfUtils.java:logGet(43)) - raft.server.watch.timeout = 10s (default)
2019-09-19 05:10:00,581 [14aa947b-a528-472c-a788-b723aaba2374:group-20E1A0B9645D:LeaderElection1] INFO  server.RaftServerConfigKeys (ConfUtils.java:logGet(43)) - raft.server.watch.timeout.denomination = 1s (default)
2019-09-19 05:10:00,582 [14aa947b-a528-472c-a788-b723aaba2374:group-20E1A0B9645D:LeaderElection1] INFO  server.RaftServerConfigKeys (ConfUtils.java:logGet(43)) - raft.server.watch.element-limit = 65536 (default)
2019-09-19 05:10:00,589 [14aa947b-a528-472c-a788-b723aaba2374:group-20E1A0B9645D:LeaderElection1] INFO  impl.RoleInfo (RoleInfo.java:updateAndGet(143)) - 14aa947b-a528-472c-a788-b723aaba2374: start LeaderState
2019-09-19 05:10:00,607 [14aa947b-a528-472c-a788-b723aaba2374:group-20E1A0B9645D:LeaderElection1] INFO  segmented.SegmentedRaftLogWorker (SegmentedRaftLogWorker.java:startLogSegment(380)) - 14aa947b-a528-472c-a788-b723aaba2374-SegmentedRaftLogWorker:Storage Directory /workdir/hadoop-ozone/integration-test/target/test-dir/MiniOzoneClusterImpl-b43a9866-cbec-420f-9708-e655410cb55a/datanode-1/data/ratis/890f6878-fd33-4410-a6aa-20e1a0b9645d: Starting segment from index:0
2019-09-19 05:10:00,614 [14aa947b-a528-472c-a788-b723aaba2374:group-20E1A0B9645D:LeaderElection1] INFO  impl.RaftServerImpl (ServerState.java:setRaftConf(361)) - 14aa947b-a528-472c-a788-b723aaba2374:group-20E1A0B9645D set configuration 0: [14aa947b-a528-472c-a788-b723aaba2374:192.168.34.50:41548], old=null at 0
2019-09-19 05:10:00,617 [Thread-180] INFO  impl.FollowerState (FollowerState.java:run(106)) - d8542778-0a07-4f64-990c-26c7e95929d0:group-48D54672F8C4 changes to CANDIDATE, lastRpcTime:5123, electionTimeout:5122ms
2019-09-19 05:10:00,618 [Thread-180] INFO  impl.RoleInfo (RoleInfo.java:shutdownFollowerState(121)) - d8542778-0a07-4f64-990c-26c7e95929d0: shutdown FollowerState
2019-09-19 05:10:00,618 [Thread-180] INFO  impl.RaftServerImpl (RaftServerImpl.java:setRole(171)) - d8542778-0a07-4f64-990c-26c7e95929d0:group-48D54672F8C4 changes role from FOLLOWER to CANDIDATE at term 0 for changeToCandidate
2019-09-19 05:10:00,618 [Thread-180] INFO  impl.RoleInfo (RoleInfo.java:updateAndGet(143)) - d8542778-0a07-4f64-990c-26c7e95929d0: start LeaderElection
2019-09-19 05:10:00,630 [Thread-182] INFO  impl.FollowerState (FollowerState.java:run(106)) - 74147ebb-effa-46c3-83c2-0ae5d7c7f388:group-1F7C24A4289D changes to CANDIDATE, lastRpcTime:5137, electionTimeout:5135ms
2019-09-19 05:10:00,630 [Thread-182] INFO  impl.RoleInfo (RoleInfo.java:shutdownFollowerState(121)) - 74147ebb-effa-46c3-83c2-0ae5d7c7f388: shutdown FollowerState
2019-09-19 05:10:00,631 [Thread-182] INFO  impl.RaftServerImpl (RaftServerImpl.java:setRole(171)) - 74147ebb-effa-46c3-83c2-0ae5d7c7f388:group-1F7C24A4289D changes role from FOLLOWER to CANDIDATE at term 0 for changeToCandidate
2019-09-19 05:10:00,631 [Thread-182] INFO  impl.RoleInfo (RoleInfo.java:updateAndGet(143)) - 74147ebb-effa-46c3-83c2-0ae5d7c7f388: start LeaderElection
2019-09-19 05:10:00,657 [d8542778-0a07-4f64-990c-26c7e95929d0:group-48D54672F8C4:LeaderElection2] INFO  impl.LeaderElection (LeaderElection.java:askForVotes(181)) - d8542778-0a07-4f64-990c-26c7e95929d0:group-48D54672F8C4:LeaderElection2: begin an election at term 1 for -1: [d8542778-0a07-4f64-990c-26c7e95929d0:192.168.34.50:42342], old=null
2019-09-19 05:10:00,657 [d8542778-0a07-4f64-990c-26c7e95929d0:group-48D54672F8C4:LeaderElection2] INFO  impl.RoleInfo (RoleInfo.java:shutdownLeaderElection(134)) - d8542778-0a07-4f64-990c-26c7e95929d0: shutdown LeaderElection
2019-09-19 05:10:00,657 [d8542778-0a07-4f64-990c-26c7e95929d0:group-48D54672F8C4:LeaderElection2] INFO  impl.RaftServerImpl (RaftServerImpl.java:setRole(171)) - d8542778-0a07-4f64-990c-26c7e95929d0:group-48D54672F8C4 changes role from CANDIDATE to LEADER at term 1 for changeToLeader
2019-09-19 05:10:00,658 [d8542778-0a07-4f64-990c-26c7e95929d0:group-48D54672F8C4:LeaderElection2] INFO  impl.RaftServerImpl (ServerState.java:setLeader(263)) - d8542778-0a07-4f64-990c-26c7e95929d0:group-48D54672F8C4 change Leader from null to d8542778-0a07-4f64-990c-26c7e95929d0 at term 1 for becomeLeader, leader elected after 5251ms
2019-09-19 05:10:00,658 [d8542778-0a07-4f64-990c-26c7e95929d0:group-48D54672F8C4:LeaderElection2] INFO  server.RaftServerConfigKeys (ConfUtils.java:logGet(43)) - raft.server.staging.catchup.gap = 1000 (default)
2019-09-19 05:10:00,658 [d8542778-0a07-4f64-990c-26c7e95929d0:group-48D54672F8C4:LeaderElection2] INFO  server.RaftServerConfigKeys (ConfUtils.java:logGet(43)) - raft.server.rpc.sleep.time = 25ms (default)
2019-09-19 05:10:00,658 [d8542778-0a07-4f64-990c-26c7e95929d0:group-48D54672F8C4:LeaderElection2] INFO  server.RaftServerConfigKeys (ConfUtils.java:logGet(43)) - raft.server.write.element-limit = 4096 (default)
2019-09-19 05:10:00,658 [d8542778-0a07-4f64-990c-26c7e95929d0:group-48D54672F8C4:LeaderElection2] INFO  server.RaftServerConfigKeys (ConfUtils.java:logGet(43)) - raft.server.watch.timeout = 10s (default)
2019-09-19 05:10:00,659 [d8542778-0a07-4f64-990c-26c7e95929d0:group-48D54672F8C4:LeaderElection2] INFO  server.RaftServerConfigKeys (ConfUtils.java:logGet(43)) - raft.server.watch.timeout.denomination = 1s (default)
2019-09-19 05:10:00,659 [d8542778-0a07-4f64-990c-26c7e95929d0:group-48D54672F8C4:LeaderElection2] INFO  server.RaftServerConfigKeys (ConfUtils.java:logGet(43)) - raft.server.watch.element-limit = 65536 (default)
2019-09-19 05:10:00,659 [d8542778-0a07-4f64-990c-26c7e95929d0:group-48D54672F8C4:LeaderElection2] INFO  impl.RoleInfo (RoleInfo.java:updateAndGet(143)) - d8542778-0a07-4f64-990c-26c7e95929d0: start LeaderState
2019-09-19 05:10:00,659 [d8542778-0a07-4f64-990c-26c7e95929d0:group-48D54672F8C4:LeaderElection2] INFO  segmented.SegmentedRaftLogWorker (SegmentedRaftLogWorker.java:startLogSegment(380)) - d8542778-0a07-4f64-990c-26c7e95929d0-SegmentedRaftLogWorker:Storage Directory /workdir/hadoop-ozone/integration-test/target/test-dir/MiniOzoneClusterImpl-b43a9866-cbec-420f-9708-e655410cb55a/datanode-2/data/ratis/99a1d574-190b-4c8c-83f4-48d54672f8c4: Starting segment from index:0
2019-09-19 05:10:00,660 [d8542778-0a07-4f64-990c-26c7e95929d0:group-48D54672F8C4:LeaderElection2] INFO  impl.RaftServerImpl (ServerState.java:setRaftConf(361)) - d8542778-0a07-4f64-990c-26c7e95929d0:group-48D54672F8C4 set configuration 0: [d8542778-0a07-4f64-990c-26c7e95929d0:192.168.34.50:42342], old=null at 0
2019-09-19 05:10:00,662 [74147ebb-effa-46c3-83c2-0ae5d7c7f388:group-1F7C24A4289D:LeaderElection3] INFO  impl.LeaderElection (LeaderElection.java:askForVotes(181)) - 74147ebb-effa-46c3-83c2-0ae5d7c7f388:group-1F7C24A4289D:LeaderElection3: begin an election at term 1 for -1: [74147ebb-effa-46c3-83c2-0ae5d7c7f388:192.168.34.50:46221], old=null
2019-09-19 05:10:00,663 [74147ebb-effa-46c3-83c2-0ae5d7c7f388:group-1F7C24A4289D:LeaderElection3] INFO  impl.RoleInfo (RoleInfo.java:shutdownLeaderElection(134)) - 74147ebb-effa-46c3-83c2-0ae5d7c7f388: shutdown LeaderElection
2019-09-19 05:10:00,663 [74147ebb-effa-46c3-83c2-0ae5d7c7f388:group-1F7C24A4289D:LeaderElection3] INFO  impl.RaftServerImpl (RaftServerImpl.java:setRole(171)) - 74147ebb-effa-46c3-83c2-0ae5d7c7f388:group-1F7C24A4289D changes role from CANDIDATE to LEADER at term 1 for changeToLeader
2019-09-19 05:10:00,663 [74147ebb-effa-46c3-83c2-0ae5d7c7f388:group-1F7C24A4289D:LeaderElection3] INFO  impl.RaftServerImpl (ServerState.java:setLeader(263)) - 74147ebb-effa-46c3-83c2-0ae5d7c7f388:group-1F7C24A4289D change Leader from null to 74147ebb-effa-46c3-83c2-0ae5d7c7f388 at term 1 for becomeLeader, leader elected after 5258ms
2019-09-19 05:10:00,663 [74147ebb-effa-46c3-83c2-0ae5d7c7f388:group-1F7C24A4289D:LeaderElection3] INFO  server.RaftServerConfigKeys (ConfUtils.java:logGet(43)) - raft.server.staging.catchup.gap = 1000 (default)
2019-09-19 05:10:00,664 [74147ebb-effa-46c3-83c2-0ae5d7c7f388:group-1F7C24A4289D:LeaderElection3] INFO  server.RaftServerConfigKeys (ConfUtils.java:logGet(43)) - raft.server.rpc.sleep.time = 25ms (default)
2019-09-19 05:10:00,664 [74147ebb-effa-46c3-83c2-0ae5d7c7f388:group-1F7C24A4289D:LeaderElection3] INFO  server.RaftServerConfigKeys (ConfUtils.java:logGet(43)) - raft.server.write.element-limit = 4096 (default)
2019-09-19 05:10:00,664 [74147ebb-effa-46c3-83c2-0ae5d7c7f388:group-1F7C24A4289D:LeaderElection3] INFO  server.RaftServerConfigKeys (ConfUtils.java:logGet(43)) - raft.server.watch.timeout = 10s (default)
2019-09-19 05:10:00,664 [74147ebb-effa-46c3-83c2-0ae5d7c7f388:group-1F7C24A4289D:LeaderElection3] INFO  server.RaftServerConfigKeys (ConfUtils.java:logGet(43)) - raft.server.watch.timeout.denomination = 1s (default)
2019-09-19 05:10:00,664 [74147ebb-effa-46c3-83c2-0ae5d7c7f388:group-1F7C24A4289D:LeaderElection3] INFO  server.RaftServerConfigKeys (ConfUtils.java:logGet(43)) - raft.server.watch.element-limit = 65536 (default)
2019-09-19 05:10:00,664 [74147ebb-effa-46c3-83c2-0ae5d7c7f388:group-1F7C24A4289D:LeaderElection3] INFO  impl.RoleInfo (RoleInfo.java:updateAndGet(143)) - 74147ebb-effa-46c3-83c2-0ae5d7c7f388: start LeaderState
2019-09-19 05:10:00,664 [74147ebb-effa-46c3-83c2-0ae5d7c7f388:group-1F7C24A4289D:LeaderElection3] INFO  segmented.SegmentedRaftLogWorker (SegmentedRaftLogWorker.java:startLogSegment(380)) - 74147ebb-effa-46c3-83c2-0ae5d7c7f388-SegmentedRaftLogWorker:Storage Directory /workdir/hadoop-ozone/integration-test/target/test-dir/MiniOzoneClusterImpl-b43a9866-cbec-420f-9708-e655410cb55a/datanode-0/data/ratis/0c668d85-afbc-4059-a043-1f7c24a4289d: Starting segment from index:0
2019-09-19 05:10:00,665 [74147ebb-effa-46c3-83c2-0ae5d7c7f388:group-1F7C24A4289D:LeaderElection3] INFO  impl.RaftServerImpl (ServerState.java:setRaftConf(361)) - 74147ebb-effa-46c3-83c2-0ae5d7c7f388:group-1F7C24A4289D set configuration 0: [74147ebb-effa-46c3-83c2-0ae5d7c7f388:192.168.34.50:46221], old=null at 0
2019-09-19 05:10:00,681 [Thread-192] INFO  impl.FollowerState (FollowerState.java:run(106)) - d8542778-0a07-4f64-990c-26c7e95929d0:group-071FA8FDC4CB changes to CANDIDATE, lastRpcTime:5044, electionTimeout:5044ms
2019-09-19 05:10:00,681 [Thread-192] INFO  impl.RoleInfo (RoleInfo.java:shutdownFollowerState(121)) - d8542778-0a07-4f64-990c-26c7e95929d0: shutdown FollowerState
2019-09-19 05:10:00,682 [Thread-192] INFO  impl.RaftServerImpl (RaftServerImpl.java:setRole(171)) - d8542778-0a07-4f64-990c-26c7e95929d0:group-071FA8FDC4CB changes role from FOLLOWER to CANDIDATE at term 0 for changeToCandidate
2019-09-19 05:10:00,682 [Thread-192] INFO  impl.RoleInfo (RoleInfo.java:updateAndGet(143)) - d8542778-0a07-4f64-990c-26c7e95929d0: start LeaderElection
2019-09-19 05:10:00,711 [d8542778-0a07-4f64-990c-26c7e95929d0:group-071FA8FDC4CB:LeaderElection4] INFO  impl.LeaderElection (LeaderElection.java:askForVotes(181)) - d8542778-0a07-4f64-990c-26c7e95929d0:group-071FA8FDC4CB:LeaderElection4: begin an election at term 1 for -1: [d8542778-0a07-4f64-990c-26c7e95929d0:192.168.34.50:42342, 74147ebb-effa-46c3-83c2-0ae5d7c7f388:192.168.34.50:46221, 14aa947b-a528-472c-a788-b723aaba2374:192.168.34.50:41548], old=null
2019-09-19 05:10:00,748 [grpc-default-executor-1] INFO  impl.RaftServerImpl (RaftServerImpl.java:setRole(171)) - 14aa947b-a528-472c-a788-b723aaba2374:group-071FA8FDC4CB changes role from FOLLOWER to FOLLOWER at term 1 for recognizeCandidate:d8542778-0a07-4f64-990c-26c7e95929d0
2019-09-19 05:10:00,748 [grpc-default-executor-0] INFO  impl.RaftServerImpl (RaftServerImpl.java:setRole(171)) - 74147ebb-effa-46c3-83c2-0ae5d7c7f388:group-071FA8FDC4CB changes role from FOLLOWER to FOLLOWER at term 1 for recognizeCandidate:d8542778-0a07-4f64-990c-26c7e95929d0
2019-09-19 05:10:00,748 [grpc-default-executor-1] INFO  impl.RoleInfo (RoleInfo.java:shutdownFollowerState(121)) - 14aa947b-a528-472c-a788-b723aaba2374: shutdown FollowerState
2019-09-19 05:10:00,749 [grpc-default-executor-0] INFO  impl.RoleInfo (RoleInfo.java:shutdownFollowerState(121)) - 74147ebb-effa-46c3-83c2-0ae5d7c7f388: shutdown FollowerState
2019-09-19 05:10:00,749 [grpc-default-executor-1] INFO  impl.RoleInfo (RoleInfo.java:updateAndGet(143)) - 14aa947b-a528-472c-a788-b723aaba2374: start FollowerState
2019-09-19 05:10:00,749 [Thread-187] INFO  impl.FollowerState (FollowerState.java:run(114)) - 74147ebb-effa-46c3-83c2-0ae5d7c7f388: FollowerState was interrupted: java.lang.InterruptedException: sleep interrupted
2019-09-19 05:10:00,749 [grpc-default-executor-0] INFO  impl.RoleInfo (RoleInfo.java:updateAndGet(143)) - 74147ebb-effa-46c3-83c2-0ae5d7c7f388: start FollowerState
2019-09-19 05:10:00,749 [Thread-191] INFO  impl.FollowerState (FollowerState.java:run(114)) - 14aa947b-a528-472c-a788-b723aaba2374: FollowerState was interrupted: java.lang.InterruptedException: sleep interrupted
2019-09-19 05:10:00,775 [d8542778-0a07-4f64-990c-26c7e95929d0:group-071FA8FDC4CB:LeaderElection4] INFO  impl.LeaderElection (LeaderElection.java:logAndReturn(56)) - d8542778-0a07-4f64-990c-26c7e95929d0:group-071FA8FDC4CB:LeaderElection4: Election PASSED; received 1 response(s) [d8542778-0a07-4f64-990c-26c7e95929d0<-74147ebb-effa-46c3-83c2-0ae5d7c7f388#0:OK-t1] and 0 exception(s); d8542778-0a07-4f64-990c-26c7e95929d0:t1, leader=null, voted=d8542778-0a07-4f64-990c-26c7e95929d0, raftlog=d8542778-0a07-4f64-990c-26c7e95929d0-SegmentedRaftLog:OPENED:c-1,f-1,i0, conf=-1: [d8542778-0a07-4f64-990c-26c7e95929d0:192.168.34.50:42342, 74147ebb-effa-46c3-83c2-0ae5d7c7f388:192.168.34.50:46221, 14aa947b-a528-472c-a788-b723aaba2374:192.168.34.50:41548], old=null
2019-09-19 05:10:00,775 [d8542778-0a07-4f64-990c-26c7e95929d0:group-071FA8FDC4CB:LeaderElection4] INFO  impl.RoleInfo (RoleInfo.java:shutdownLeaderElection(134)) - d8542778-0a07-4f64-990c-26c7e95929d0: shutdown LeaderElection
2019-09-19 05:10:00,775 [d8542778-0a07-4f64-990c-26c7e95929d0:group-071FA8FDC4CB:LeaderElection4] INFO  impl.RaftServerImpl (RaftServerImpl.java:setRole(171)) - d8542778-0a07-4f64-990c-26c7e95929d0:group-071FA8FDC4CB changes role from CANDIDATE to LEADER at term 1 for changeToLeader
2019-09-19 05:10:00,776 [d8542778-0a07-4f64-990c-26c7e95929d0:group-071FA8FDC4CB:LeaderElection4] INFO  impl.RaftServerImpl (ServerState.java:setLeader(263)) - d8542778-0a07-4f64-990c-26c7e95929d0:group-071FA8FDC4CB change Leader from null to d8542778-0a07-4f64-990c-26c7e95929d0 at term 1 for becomeLeader, leader elected after 5153ms
2019-09-19 05:10:00,776 [d8542778-0a07-4f64-990c-26c7e95929d0:group-071FA8FDC4CB:LeaderElection4] INFO  server.RaftServerConfigKeys (ConfUtils.java:logGet(43)) - raft.server.staging.catchup.gap = 1000 (default)
2019-09-19 05:10:00,776 [d8542778-0a07-4f64-990c-26c7e95929d0:group-071FA8FDC4CB:LeaderElection4] INFO  server.RaftServerConfigKeys (ConfUtils.java:logGet(43)) - raft.server.rpc.sleep.time = 25ms (default)
2019-09-19 05:10:00,777 [d8542778-0a07-4f64-990c-26c7e95929d0:group-071FA8FDC4CB:LeaderElection4] INFO  server.RaftServerConfigKeys (ConfUtils.java:logGet(43)) - raft.server.write.element-limit = 4096 (default)
2019-09-19 05:10:00,777 [d8542778-0a07-4f64-990c-26c7e95929d0:group-071FA8FDC4CB:LeaderElection4] INFO  server.RaftServerConfigKeys (ConfUtils.java:logGet(43)) - raft.server.watch.timeout = 10s (default)
2019-09-19 05:10:00,777 [d8542778-0a07-4f64-990c-26c7e95929d0:group-071FA8FDC4CB:LeaderElection4] INFO  server.RaftServerConfigKeys (ConfUtils.java:logGet(43)) - raft.server.watch.timeout.denomination = 1s (default)
2019-09-19 05:10:00,777 [d8542778-0a07-4f64-990c-26c7e95929d0:group-071FA8FDC4CB:LeaderElection4] INFO  server.RaftServerConfigKeys (ConfUtils.java:logGet(43)) - raft.server.watch.element-limit = 65536 (default)
2019-09-19 05:10:00,780 [d8542778-0a07-4f64-990c-26c7e95929d0:group-071FA8FDC4CB:LeaderElection4] INFO  server.RaftServerConfigKeys (ConfUtils.java:logGet(43)) - raft.server.log.appender.snapshot.chunk.size.max = 16MB (=16777216) (default)
2019-09-19 05:10:00,780 [d8542778-0a07-4f64-990c-26c7e95929d0:group-071FA8FDC4CB:LeaderElection4] INFO  server.RaftServerConfigKeys (ConfUtils.java:logGet(43)) - raft.server.log.appender.buffer.byte-limit = 33554432 (custom)
2019-09-19 05:10:00,781 [d8542778-0a07-4f64-990c-26c7e95929d0:group-071FA8FDC4CB:LeaderElection4] INFO  server.RaftServerConfigKeys (ConfUtils.java:logGet(43)) - raft.server.log.appender.buffer.element-limit = 1 (custom)
2019-09-19 05:10:00,784 [d8542778-0a07-4f64-990c-26c7e95929d0:group-071FA8FDC4CB:LeaderElection4] INFO  grpc.GrpcConfigKeys$Server (ConfUtils.java:logGet(43)) - raft.grpc.server.leader.outstanding.appends.max = 128 (default)
2019-09-19 05:10:00,784 [d8542778-0a07-4f64-990c-26c7e95929d0:group-071FA8FDC4CB:LeaderElection4] INFO  server.RaftServerConfigKeys (ConfUtils.java:logGet(43)) - raft.server.rpc.request.timeout = 3000ms (default)
2019-09-19 05:10:00,784 [d8542778-0a07-4f64-990c-26c7e95929d0:group-071FA8FDC4CB:LeaderElection4] INFO  server.RaftServerConfigKeys (ConfUtils.java:logGet(43)) - raft.server.log.appender.install.snapshot.enabled = false (custom)
2019-09-19 05:10:00,784 [d8542778-0a07-4f64-990c-26c7e95929d0:group-071FA8FDC4CB:LeaderElection4] INFO  server.RaftServerConfigKeys (ConfUtils.java:logGet(43)) - raft.server.log.appender.snapshot.chunk.size.max = 16MB (=16777216) (default)
2019-09-19 05:10:00,784 [d8542778-0a07-4f64-990c-26c7e95929d0:group-071FA8FDC4CB:LeaderElection4] INFO  server.RaftServerConfigKeys (ConfUtils.java:logGet(43)) - raft.server.log.appender.buffer.byte-limit = 33554432 (custom)
2019-09-19 05:10:00,785 [d8542778-0a07-4f64-990c-26c7e95929d0:group-071FA8FDC4CB:LeaderElection4] INFO  server.RaftServerConfigKeys (ConfUtils.java:logGet(43)) - raft.server.log.appender.buffer.element-limit = 1 (custom)
2019-09-19 05:10:00,785 [d8542778-0a07-4f64-990c-26c7e95929d0:group-071FA8FDC4CB:LeaderElection4] INFO  grpc.GrpcConfigKeys$Server (ConfUtils.java:logGet(43)) - raft.grpc.server.leader.outstanding.appends.max = 128 (default)
2019-09-19 05:10:00,785 [d8542778-0a07-4f64-990c-26c7e95929d0:group-071FA8FDC4CB:LeaderElection4] INFO  server.RaftServerConfigKeys (ConfUtils.java:logGet(43)) - raft.server.rpc.request.timeout = 3000ms (default)
2019-09-19 05:10:00,785 [d8542778-0a07-4f64-990c-26c7e95929d0:group-071FA8FDC4CB:LeaderElection4] INFO  server.RaftServerConfigKeys (ConfUtils.java:logGet(43)) - raft.server.log.appender.install.snapshot.enabled = false (custom)
2019-09-19 05:10:00,788 [d8542778-0a07-4f64-990c-26c7e95929d0:group-071FA8FDC4CB:LeaderElection4] INFO  impl.RoleInfo (RoleInfo.java:updateAndGet(143)) - d8542778-0a07-4f64-990c-26c7e95929d0: start LeaderState
2019-09-19 05:10:00,789 [d8542778-0a07-4f64-990c-26c7e95929d0:group-071FA8FDC4CB:LeaderElection4] INFO  segmented.SegmentedRaftLogWorker (SegmentedRaftLogWorker.java:startLogSegment(380)) - d8542778-0a07-4f64-990c-26c7e95929d0-SegmentedRaftLogWorker:Storage Directory /workdir/hadoop-ozone/integration-test/target/test-dir/MiniOzoneClusterImpl-b43a9866-cbec-420f-9708-e655410cb55a/datanode-2/data/ratis/33bbbcab-9b8b-46f4-87fb-071fa8fdc4cb: Starting segment from index:0
2019-09-19 05:10:00,789 [d8542778-0a07-4f64-990c-26c7e95929d0:group-071FA8FDC4CB:LeaderElection4] INFO  impl.RaftServerImpl (ServerState.java:setRaftConf(361)) - d8542778-0a07-4f64-990c-26c7e95929d0:group-071FA8FDC4CB set configuration 0: [d8542778-0a07-4f64-990c-26c7e95929d0:192.168.34.50:42342, 74147ebb-effa-46c3-83c2-0ae5d7c7f388:192.168.34.50:46221, 14aa947b-a528-472c-a788-b723aaba2374:192.168.34.50:41548], old=null at 0
2019-09-19 05:10:00,810 [grpc-default-executor-1] INFO  impl.RaftServerImpl (ServerState.java:setLeader(263)) - 74147ebb-effa-46c3-83c2-0ae5d7c7f388:group-071FA8FDC4CB change Leader from null to d8542778-0a07-4f64-990c-26c7e95929d0 at term 1 for appendEntries, leader elected after 5187ms
2019-09-19 05:10:00,810 [grpc-default-executor-0] INFO  impl.RaftServerImpl (ServerState.java:setLeader(263)) - 14aa947b-a528-472c-a788-b723aaba2374:group-071FA8FDC4CB change Leader from null to d8542778-0a07-4f64-990c-26c7e95929d0 at term 1 for appendEntries, leader elected after 5187ms
2019-09-19 05:10:00,891 [grpc-default-executor-1] INFO  impl.RaftServerImpl (ServerState.java:setRaftConf(361)) - 14aa947b-a528-472c-a788-b723aaba2374:group-071FA8FDC4CB set configuration 0: [d8542778-0a07-4f64-990c-26c7e95929d0:192.168.34.50:42342, 74147ebb-effa-46c3-83c2-0ae5d7c7f388:192.168.34.50:46221, 14aa947b-a528-472c-a788-b723aaba2374:192.168.34.50:41548], old=null at 0
2019-09-19 05:10:00,891 [grpc-default-executor-0] INFO  impl.RaftServerImpl (ServerState.java:setRaftConf(361)) - 74147ebb-effa-46c3-83c2-0ae5d7c7f388:group-071FA8FDC4CB set configuration 0: [d8542778-0a07-4f64-990c-26c7e95929d0:192.168.34.50:42342, 74147ebb-effa-46c3-83c2-0ae5d7c7f388:192.168.34.50:46221, 14aa947b-a528-472c-a788-b723aaba2374:192.168.34.50:41548], old=null at 0
2019-09-19 05:10:00,891 [grpc-default-executor-1] INFO  segmented.SegmentedRaftLogWorker (SegmentedRaftLogWorker.java:startLogSegment(380)) - 14aa947b-a528-472c-a788-b723aaba2374-SegmentedRaftLogWorker:Storage Directory /workdir/hadoop-ozone/integration-test/target/test-dir/MiniOzoneClusterImpl-b43a9866-cbec-420f-9708-e655410cb55a/datanode-1/data/ratis/33bbbcab-9b8b-46f4-87fb-071fa8fdc4cb: Starting segment from index:0
2019-09-19 05:10:00,891 [grpc-default-executor-0] INFO  segmented.SegmentedRaftLogWorker (SegmentedRaftLogWorker.java:startLogSegment(380)) - 74147ebb-effa-46c3-83c2-0ae5d7c7f388-SegmentedRaftLogWorker:Storage Directory /workdir/hadoop-ozone/integration-test/target/test-dir/MiniOzoneClusterImpl-b43a9866-cbec-420f-9708-e655410cb55a/datanode-0/data/ratis/33bbbcab-9b8b-46f4-87fb-071fa8fdc4cb: Starting segment from index:0
2019-09-19 05:10:00,895 [d8542778-0a07-4f64-990c-26c7e95929d0-SegmentedRaftLogWorker:Storage Directory /workdir/hadoop-ozone/integration-test/target/test-dir/MiniOzoneClusterImpl-b43a9866-cbec-420f-9708-e655410cb55a/datanode-2/data/ratis/99a1d574-190b-4c8c-83f4-48d54672f8c4] INFO  segmented.SegmentedRaftLogWorker (SegmentedRaftLogWorker.java:execute(569)) - d8542778-0a07-4f64-990c-26c7e95929d0-SegmentedRaftLogWorker:Storage Directory /workdir/hadoop-ozone/integration-test/target/test-dir/MiniOzoneClusterImpl-b43a9866-cbec-420f-9708-e655410cb55a/datanode-2/data/ratis/99a1d574-190b-4c8c-83f4-48d54672f8c4: created new log segment /workdir/hadoop-ozone/integration-test/target/test-dir/MiniOzoneClusterImpl-b43a9866-cbec-420f-9708-e655410cb55a/datanode-2/data/ratis/99a1d574-190b-4c8c-83f4-48d54672f8c4/current/log_inprogress_0
2019-09-19 05:10:00,895 [d8542778-0a07-4f64-990c-26c7e95929d0-SegmentedRaftLogWorker:Storage Directory /workdir/hadoop-ozone/integration-test/target/test-dir/MiniOzoneClusterImpl-b43a9866-cbec-420f-9708-e655410cb55a/datanode-2/data/ratis/33bbbcab-9b8b-46f4-87fb-071fa8fdc4cb] INFO  segmented.SegmentedRaftLogWorker (SegmentedRaftLogWorker.java:execute(569)) - d8542778-0a07-4f64-990c-26c7e95929d0-SegmentedRaftLogWorker:Storage Directory /workdir/hadoop-ozone/integration-test/target/test-dir/MiniOzoneClusterImpl-b43a9866-cbec-420f-9708-e655410cb55a/datanode-2/data/ratis/33bbbcab-9b8b-46f4-87fb-071fa8fdc4cb: created new log segment /workdir/hadoop-ozone/integration-test/target/test-dir/MiniOzoneClusterImpl-b43a9866-cbec-420f-9708-e655410cb55a/datanode-2/data/ratis/33bbbcab-9b8b-46f4-87fb-071fa8fdc4cb/current/log_inprogress_0
2019-09-19 05:10:00,895 [74147ebb-effa-46c3-83c2-0ae5d7c7f388-SegmentedRaftLogWorker:Storage Directory /workdir/hadoop-ozone/integration-test/target/test-dir/MiniOzoneClusterImpl-b43a9866-cbec-420f-9708-e655410cb55a/datanode-0/data/ratis/0c668d85-afbc-4059-a043-1f7c24a4289d] INFO  segmented.SegmentedRaftLogWorker (SegmentedRaftLogWorker.java:execute(569)) - 74147ebb-effa-46c3-83c2-0ae5d7c7f388-SegmentedRaftLogWorker:Storage Directory /workdir/hadoop-ozone/integration-test/target/test-dir/MiniOzoneClusterImpl-b43a9866-cbec-420f-9708-e655410cb55a/datanode-0/data/ratis/0c668d85-afbc-4059-a043-1f7c24a4289d: created new log segment /workdir/hadoop-ozone/integration-test/target/test-dir/MiniOzoneClusterImpl-b43a9866-cbec-420f-9708-e655410cb55a/datanode-0/data/ratis/0c668d85-afbc-4059-a043-1f7c24a4289d/current/log_inprogress_0
2019-09-19 05:10:00,895 [14aa947b-a528-472c-a788-b723aaba2374-SegmentedRaftLogWorker:Storage Directory /workdir/hadoop-ozone/integration-test/target/test-dir/MiniOzoneClusterImpl-b43a9866-cbec-420f-9708-e655410cb55a/datanode-1/data/ratis/890f6878-fd33-4410-a6aa-20e1a0b9645d] INFO  segmented.SegmentedRaftLogWorker (SegmentedRaftLogWorker.java:execute(569)) - 14aa947b-a528-472c-a788-b723aaba2374-SegmentedRaftLogWorker:Storage Directory /workdir/hadoop-ozone/integration-test/target/test-dir/MiniOzoneClusterImpl-b43a9866-cbec-420f-9708-e655410cb55a/datanode-1/data/ratis/890f6878-fd33-4410-a6aa-20e1a0b9645d: created new log segment /workdir/hadoop-ozone/integration-test/target/test-dir/MiniOzoneClusterImpl-b43a9866-cbec-420f-9708-e655410cb55a/datanode-1/data/ratis/890f6878-fd33-4410-a6aa-20e1a0b9645d/current/log_inprogress_0
2019-09-19 05:10:00,947 [14aa947b-a528-472c-a788-b723aaba2374-SegmentedRaftLogWorker:Storage Directory /workdir/hadoop-ozone/integration-test/target/test-dir/MiniOzoneClusterImpl-b43a9866-cbec-420f-9708-e655410cb55a/datanode-1/data/ratis/33bbbcab-9b8b-46f4-87fb-071fa8fdc4cb] INFO  segmented.SegmentedRaftLogWorker (SegmentedRaftLogWorker.java:execute(569)) - 14aa947b-a528-472c-a788-b723aaba2374-SegmentedRaftLogWorker:Storage Directory /workdir/hadoop-ozone/integration-test/target/test-dir/MiniOzoneClusterImpl-b43a9866-cbec-420f-9708-e655410cb55a/datanode-1/data/ratis/33bbbcab-9b8b-46f4-87fb-071fa8fdc4cb: created new log segment /workdir/hadoop-ozone/integration-test/target/test-dir/MiniOzoneClusterImpl-b43a9866-cbec-420f-9708-e655410cb55a/datanode-1/data/ratis/33bbbcab-9b8b-46f4-87fb-071fa8fdc4cb/current/log_inprogress_0
2019-09-19 05:10:00,947 [74147ebb-effa-46c3-83c2-0ae5d7c7f388-SegmentedRaftLogWorker:Storage Directory /workdir/hadoop-ozone/integration-test/target/test-dir/MiniOzoneClusterImpl-b43a9866-cbec-420f-9708-e655410cb55a/datanode-0/data/ratis/33bbbcab-9b8b-46f4-87fb-071fa8fdc4cb] INFO  segmented.SegmentedRaftLogWorker (SegmentedRaftLogWorker.java:execute(569)) - 74147ebb-effa-46c3-83c2-0ae5d7c7f388-SegmentedRaftLogWorker:Storage Directory /workdir/hadoop-ozone/integration-test/target/test-dir/MiniOzoneClusterImpl-b43a9866-cbec-420f-9708-e655410cb55a/datanode-0/data/ratis/33bbbcab-9b8b-46f4-87fb-071fa8fdc4cb: created new log segment /workdir/hadoop-ozone/integration-test/target/test-dir/MiniOzoneClusterImpl-b43a9866-cbec-420f-9708-e655410cb55a/datanode-0/data/ratis/33bbbcab-9b8b-46f4-87fb-071fa8fdc4cb/current/log_inprogress_0
2019-09-19 05:10:01,044 [Command processor thread] ERROR commandhandler.CloseContainerCommandHandler (CloseContainerCommandHandler.java:handle(84)) - Container #1 does not exist in datanode. Container close failed.
2019-09-19 05:10:01,048 | INFO  | SCMAudit | user=jenkins1000 | ip=192.168.34.50 | op=SEND_HEARTBEAT {datanodeUUID=d8542778-0a07-4f64-990c-26c7e95929d0, command=[]} | ret=SUCCESS |  
2019-09-19 05:10:01,057 | INFO  | SCMAudit | user=jenkins1000 | ip=192.168.34.50 | op=SEND_HEARTBEAT {datanodeUUID=14aa947b-a528-472c-a788-b723aaba2374, command=[]} | ret=SUCCESS |  
2019-09-19 05:10:01,442 | INFO  | SCMAudit | user=jenkins1000 | ip=192.168.34.50 | op=SEND_HEARTBEAT {datanodeUUID=74147ebb-effa-46c3-83c2-0ae5d7c7f388, command=[]} | ret=SUCCESS |  
2019-09-19 05:10:02,047 | INFO  | SCMAudit | user=jenkins1000 | ip=192.168.34.50 | op=SEND_HEARTBEAT {datanodeUUID=d8542778-0a07-4f64-990c-26c7e95929d0, command=[]} | ret=SUCCESS |  
2019-09-19 05:10:02,051 | INFO  | SCMAudit | user=jenkins1000 | ip=192.168.34.50 | op=SEND_HEARTBEAT {datanodeUUID=14aa947b-a528-472c-a788-b723aaba2374, command=[]} | ret=SUCCESS |  
2019-09-19 05:10:02,441 | INFO  | SCMAudit | user=jenkins1000 | ip=192.168.34.50 | op=SEND_HEARTBEAT {datanodeUUID=74147ebb-effa-46c3-83c2-0ae5d7c7f388, command=[]} | ret=SUCCESS |  
2019-09-19 05:10:03,047 | INFO  | SCMAudit | user=jenkins1000 | ip=192.168.34.50 | op=SEND_HEARTBEAT {datanodeUUID=d8542778-0a07-4f64-990c-26c7e95929d0, command=[]} | ret=SUCCESS |  
2019-09-19 05:10:03,053 | INFO  | SCMAudit | user=jenkins1000 | ip=192.168.34.50 | op=SEND_HEARTBEAT {datanodeUUID=14aa947b-a528-472c-a788-b723aaba2374, command=[]} | ret=SUCCESS |  
2019-09-19 05:10:03,100 [RatisPipelineUtilsThread] INFO  pipeline.RatisPipelineProvider (RatisPipelineProvider.java:lambda$close$5(211)) - Send pipeline:PipelineID=33bbbcab-9b8b-46f4-87fb-071fa8fdc4cb close command to datanode 14aa947b-a528-472c-a788-b723aaba2374
2019-09-19 05:10:03,102 [RatisPipelineUtilsThread] INFO  pipeline.RatisPipelineProvider (RatisPipelineProvider.java:lambda$close$5(211)) - Send pipeline:PipelineID=33bbbcab-9b8b-46f4-87fb-071fa8fdc4cb close command to datanode d8542778-0a07-4f64-990c-26c7e95929d0
2019-09-19 05:10:03,102 [RatisPipelineUtilsThread] INFO  pipeline.RatisPipelineProvider (RatisPipelineProvider.java:lambda$close$5(211)) - Send pipeline:PipelineID=33bbbcab-9b8b-46f4-87fb-071fa8fdc4cb close command to datanode 74147ebb-effa-46c3-83c2-0ae5d7c7f388
2019-09-19 05:10:03,103 [RatisPipelineUtilsThread] INFO  pipeline.PipelineStateManager (PipelineStateManager.java:removePipeline(108)) - Pipeline Pipeline[ Id: 33bbbcab-9b8b-46f4-87fb-071fa8fdc4cb, Nodes: 14aa947b-a528-472c-a788-b723aaba2374{ip: 192.168.34.50, host: pr-hdds-2034-srnhl-2452957315, networkLocation: /default-rack, certSerialId: null}d8542778-0a07-4f64-990c-26c7e95929d0{ip: 192.168.34.50, host: pr-hdds-2034-srnhl-2452957315, networkLocation: /default-rack, certSerialId: null}74147ebb-effa-46c3-83c2-0ae5d7c7f388{ip: 192.168.34.50, host: pr-hdds-2034-srnhl-2452957315, networkLocation: /default-rack, certSerialId: null}, Type:RATIS, Factor:THREE, State:CLOSED] removed from db
2019-09-19 05:10:03,106 [RatisPipelineUtilsThread] INFO  pipeline.RatisPipelineProvider (RatisPipelineProvider.java:lambda$create$4(164)) - Send pipeline:PipelineID=3797b3b4-5aad-47a8-9937-07e40a93d6c5 create command to datanode 14aa947b-a528-472c-a788-b723aaba2374
2019-09-19 05:10:03,106 [RatisPipelineUtilsThread] INFO  pipeline.RatisPipelineProvider (RatisPipelineProvider.java:lambda$create$4(164)) - Send pipeline:PipelineID=3797b3b4-5aad-47a8-9937-07e40a93d6c5 create command to datanode d8542778-0a07-4f64-990c-26c7e95929d0
2019-09-19 05:10:03,107 [RatisPipelineUtilsThread] INFO  pipeline.RatisPipelineProvider (RatisPipelineProvider.java:lambda$create$4(164)) - Send pipeline:PipelineID=3797b3b4-5aad-47a8-9937-07e40a93d6c5 create command to datanode 74147ebb-effa-46c3-83c2-0ae5d7c7f388
2019-09-19 05:10:03,446 | INFO  | SCMAudit | user=jenkins1000 | ip=192.168.34.50 | op=SEND_HEARTBEAT {datanodeUUID=74147ebb-effa-46c3-83c2-0ae5d7c7f388, command=[commandType: closePipelineCommand closePipelineCommandProto { pipelineID { id: "33bbbcab-9b8b-46f4-87fb-071fa8fdc4cb" } cmdId: 1568869791492 } , commandType: createPipelineCommand createPipelineCommandProto { pipelineID { id: "3797b3b4-5aad-47a8-9937-07e40a93d6c5" } type: RATIS factor: THREE datanode { uuid: "14aa947b-a528-472c-a788-b723aaba2374" ipAddress: "192.168.34.50" hostName: "pr-hdds-2034-srnhl-2452957315" ports { name: "REST" value: 36347 } ports { name: "RATIS" value: 41548 } ports { name: "STANDALONE" value: 45070 } networkName: "14aa947b-a528-472c-a788-b723aaba2374" networkLocation: "/default-rack" } datanode { uuid: "d8542778-0a07-4f64-990c-26c7e95929d0" ipAddress: "192.168.34.50" hostName: "pr-hdds-2034-srnhl-2452957315" ports { name: "REST" value: 41957 } ports { name: "RATIS" value: 42342 } ports { name: "STANDALONE" value: 46689 } networkName: "d8542778-0a07-4f64-990c-26c7e95929d0" networkLocation: "/default-rack" } datanode { uuid: "74147ebb-effa-46c3-83c2-0ae5d7c7f388" ipAddress: "192.168.34.50" hostName: "pr-hdds-2034-srnhl-2452957315" ports { name: "REST" value: 43491 } ports { name: "RATIS" value: 46221 } ports { name: "STANDALONE" value: 37803 } networkName: "74147ebb-effa-46c3-83c2-0ae5d7c7f388" networkLocation: "/default-rack" } cmdId: 1568869791493 } ]} | ret=SUCCESS |  
2019-09-19 05:10:04,052 | INFO  | SCMAudit | user=jenkins1000 | ip=192.168.34.50 | op=SEND_HEARTBEAT {datanodeUUID=d8542778-0a07-4f64-990c-26c7e95929d0, command=[commandType: closePipelineCommand closePipelineCommandProto { pipelineID { id: "33bbbcab-9b8b-46f4-87fb-071fa8fdc4cb" } cmdId: 1568869791492 } , commandType: createPipelineCommand createPipelineCommandProto { pipelineID { id: "3797b3b4-5aad-47a8-9937-07e40a93d6c5" } type: RATIS factor: THREE datanode { uuid: "14aa947b-a528-472c-a788-b723aaba2374" ipAddress: "192.168.34.50" hostName: "pr-hdds-2034-srnhl-2452957315" ports { name: "REST" value: 36347 } ports { name: "RATIS" value: 41548 } ports { name: "STANDALONE" value: 45070 } networkName: "14aa947b-a528-472c-a788-b723aaba2374" networkLocation: "/default-rack" } datanode { uuid: "d8542778-0a07-4f64-990c-26c7e95929d0" ipAddress: "192.168.34.50" hostName: "pr-hdds-2034-srnhl-2452957315" ports { name: "REST" value: 41957 } ports { name: "RATIS" value: 42342 } ports { name: "STANDALONE" value: 46689 } networkName: "d8542778-0a07-4f64-990c-26c7e95929d0" networkLocation: "/default-rack" } datanode { uuid: "74147ebb-effa-46c3-83c2-0ae5d7c7f388" ipAddress: "192.168.34.50" hostName: "pr-hdds-2034-srnhl-2452957315" ports { name: "REST" value: 43491 } ports { name: "RATIS" value: 46221 } ports { name: "STANDALONE" value: 37803 } networkName: "74147ebb-effa-46c3-83c2-0ae5d7c7f388" networkLocation: "/default-rack" } cmdId: 1568869791493 } ]} | ret=SUCCESS |  
2019-09-19 05:10:04,053 | INFO  | SCMAudit | user=jenkins1000 | ip=192.168.34.50 | op=SEND_HEARTBEAT {datanodeUUID=14aa947b-a528-472c-a788-b723aaba2374, command=[commandType: closePipelineCommand closePipelineCommandProto { pipelineID { id: "33bbbcab-9b8b-46f4-87fb-071fa8fdc4cb" } cmdId: 1568869791492 } , commandType: createPipelineCommand createPipelineCommandProto { pipelineID { id: "3797b3b4-5aad-47a8-9937-07e40a93d6c5" } type: RATIS factor: THREE datanode { uuid: "14aa947b-a528-472c-a788-b723aaba2374" ipAddress: "192.168.34.50" hostName: "pr-hdds-2034-srnhl-2452957315" ports { name: "REST" value: 36347 } ports { name: "RATIS" value: 41548 } ports { name: "STANDALONE" value: 45070 } networkName: "14aa947b-a528-472c-a788-b723aaba2374" networkLocation: "/default-rack" } datanode { uuid: "d8542778-0a07-4f64-990c-26c7e95929d0" ipAddress: "192.168.34.50" hostName: "pr-hdds-2034-srnhl-2452957315" ports { name: "REST" value: 41957 } ports { name: "RATIS" value: 42342 } ports { name: "STANDALONE" value: 46689 } networkName: "d8542778-0a07-4f64-990c-26c7e95929d0" networkLocation: "/default-rack" } datanode { uuid: "74147ebb-effa-46c3-83c2-0ae5d7c7f388" ipAddress: "192.168.34.50" hostName: "pr-hdds-2034-srnhl-2452957315" ports { name: "REST" value: 43491 } ports { name: "RATIS" value: 46221 } ports { name: "STANDALONE" value: 37803 } networkName: "74147ebb-effa-46c3-83c2-0ae5d7c7f388" networkLocation: "/default-rack" } cmdId: 1568869791493 } ]} | ret=SUCCESS |  
2019-09-19 05:10:04,102 [main] INFO  ozone.MiniOzoneClusterImpl (MiniOzoneClusterImpl.java:shutdown(327)) - Shutting down the Mini Ozone Cluster
2019-09-19 05:10:04,105 | INFO  | SCMAudit | user=null | ip=null | op=GET_SCM_INFO null | ret=SUCCESS |  
2019-09-19 05:10:04,105 [main] INFO  ozone.MiniOzoneClusterImpl (MiniOzoneClusterImpl.java:stop(342)) - Stopping the Mini Ozone Cluster
2019-09-19 05:10:04,105 [main] INFO  ozone.MiniOzoneClusterImpl (MiniOzoneClusterImpl.java:stop(344)) - Stopping the OzoneManager
2019-09-19 05:10:04,105 [main] INFO  ipc.Server (Server.java:stop(3082)) - Stopping server on 34208
2019-09-19 05:10:04,119 [IPC Server listener on 34208] INFO  ipc.Server (Server.java:run(1185)) - Stopping IPC Server listener on 34208
2019-09-19 05:10:04,120 [IPC Server Responder] INFO  ipc.Server (Server.java:run(1319)) - Stopping IPC Server Responder
2019-09-19 05:10:04,120 [main] INFO  ratis.OzoneManagerDoubleBuffer (OzoneManagerDoubleBuffer.java:stop(248)) - Stopping OMDoubleBuffer flush thread
2019-09-19 05:10:04,121 [OMDoubleBufferFlushThread] INFO  ratis.OzoneManagerDoubleBuffer (OzoneManagerDoubleBuffer.java:flushTransactions(191)) - OMDoubleBuffer flush thread OMDoubleBufferFlushThread is interrupted and will exit. OMDoubleBufferFlushThread
2019-09-19 05:10:04,122 [main] INFO  utils.BackgroundService (BackgroundService.java:shutdown(148)) - Shutting down service KeyDeletingService
2019-09-19 05:10:04,127 [main] INFO  handler.ContextHandler (ContextHandler.java:doStop(910)) - Stopped o.e.j.w.WebAppContext@61f3fbb8{/,null,UNAVAILABLE}{/ozoneManager}
2019-09-19 05:10:04,132 [main] INFO  server.AbstractConnector (AbstractConnector.java:doStop(318)) - Stopped ServerConnector@7551da2a{HTTP/1.1,[http/1.1]}{0.0.0.0:0}
2019-09-19 05:10:04,133 [main] INFO  handler.ContextHandler (ContextHandler.java:doStop(910)) - Stopped o.e.j.s.ServletContextHandler@15fa55a6{/static,file:///workdir/hadoop-ozone/integration-test/target/test-classes/webapps/static,UNAVAILABLE}
2019-09-19 05:10:04,133 [main] INFO  handler.ContextHandler (ContextHandler.java:doStop(910)) - Stopped o.e.j.s.ServletContextHandler@51ec2df1{/logs,file:///workdir/hadoop-ozone/integration-test/target/log,UNAVAILABLE}
2019-09-19 05:10:04,138 [main] INFO  ozone.MiniOzoneClusterImpl (MiniOzoneClusterImpl.java:stop(350)) - Shutting the HddsDatanodes
2019-09-19 05:10:04,139 [main] INFO  datanode.ObjectStoreHandler (ObjectStoreHandler.java:close(155)) - Closing ObjectStoreHandler.
2019-09-19 05:10:04,139 [ForkJoinPool.commonPool-worker-1] INFO  datanode.ObjectStoreHandler (ObjectStoreHandler.java:close(155)) - Closing ObjectStoreHandler.
2019-09-19 05:10:04,150 [main] INFO  ozone.HddsDatanodeService (HddsDatanodeService.java:stop(451)) - Stopped plug-in org.apache.hadoop.ozone.web.OzoneHddsDatanodeService@56a4abd0
2019-09-19 05:10:04,150 [ForkJoinPool.commonPool-worker-1] INFO  ozone.HddsDatanodeService (HddsDatanodeService.java:stop(451)) - Stopped plug-in org.apache.hadoop.ozone.web.OzoneHddsDatanodeService@4665428b
2019-09-19 05:10:04,439 [Datanode State Machine Thread - 0] INFO  statemachine.DatanodeStateMachine (DatanodeStateMachine.java:lambda$startDaemon$0(356)) - Ozone container server started.
2019-09-19 05:10:05,051 [Datanode State Machine Thread - 0] INFO  statemachine.DatanodeStateMachine (DatanodeStateMachine.java:lambda$startDaemon$0(356)) - Ozone container server started.
2019-09-19 05:10:05,053 | INFO  | SCMAudit | user=jenkins1000 | ip=192.168.34.50 | op=SEND_HEARTBEAT {datanodeUUID=d8542778-0a07-4f64-990c-26c7e95929d0, command=[]} | ret=SUCCESS |  
2019-09-19 05:10:05,067 [grpc-default-executor-0] INFO  impl.RaftServerProxy (RaftServerProxy.java:remove(95)) - d8542778-0a07-4f64-990c-26c7e95929d0: remove   LEADER group-071FA8FDC4CB d8542778-0a07-4f64-990c-26c7e95929d0:t1, leader=d8542778-0a07-4f64-990c-26c7e95929d0, voted=d8542778-0a07-4f64-990c-26c7e95929d0, raftlog=d8542778-0a07-4f64-990c-26c7e95929d0-SegmentedRaftLog:OPENED:c0,f0,i0, conf=0: [d8542778-0a07-4f64-990c-26c7e95929d0:192.168.34.50:42342, 74147ebb-effa-46c3-83c2-0ae5d7c7f388:192.168.34.50:46221, 14aa947b-a528-472c-a788-b723aaba2374:192.168.34.50:41548], old=null RUNNING
2019-09-19 05:10:05,070 [grpc-default-executor-0] INFO  impl.RaftServerImpl (RaftServerImpl.java:lambda$shutdown$3(245)) - d8542778-0a07-4f64-990c-26c7e95929d0: shutdown group-071FA8FDC4CB
2019-09-19 05:10:05,070 [grpc-default-executor-0] INFO  util.JmxRegister (JmxRegister.java:unregister(73)) - Successfully un-registered JMX Bean with object name Ratis:service=RaftServer,group=group-071FA8FDC4CB,id=d8542778-0a07-4f64-990c-26c7e95929d0
2019-09-19 05:10:05,070 [grpc-default-executor-0] INFO  impl.RoleInfo (RoleInfo.java:shutdownLeaderState(104)) - d8542778-0a07-4f64-990c-26c7e95929d0: shutdown LeaderState
2019-09-19 05:10:05,073 [org.apache.ratis.server.impl.LogAppender$AppenderDaemon$$Lambda$488/567753041@2bdeeb33] WARN  server.GrpcLogAppender (GrpcLogAppender.java:mayWait(143)) - GrpcLogAppender(d8542778-0a07-4f64-990c-26c7e95929d0->74147ebb-effa-46c3-83c2-0ae5d7c7f388): Wait interrupted by java.lang.InterruptedException
2019-09-19 05:10:05,073 [org.apache.ratis.server.impl.LogAppender$AppenderDaemon$$Lambda$488/567753041@231a690b] WARN  server.GrpcLogAppender (GrpcLogAppender.java:mayWait(143)) - GrpcLogAppender(d8542778-0a07-4f64-990c-26c7e95929d0->14aa947b-a528-472c-a788-b723aaba2374): Wait interrupted by java.lang.InterruptedException
2019-09-19 05:10:05,074 [grpc-default-executor-0] INFO  impl.PendingRequests (PendingRequests.java:sendNotLeaderResponses(202)) - d8542778-0a07-4f64-990c-26c7e95929d0-PendingRequests: sendNotLeaderResponses
2019-09-19 05:10:05,076 [grpc-default-executor-1] INFO  server.GrpcServerProtocolService (GrpcServerProtocolService.java:onCompleted(104)) - 14aa947b-a528-472c-a788-b723aaba2374: appendEntries completed
2019-09-19 05:10:05,076 [grpc-default-executor-2] INFO  server.GrpcServerProtocolService (GrpcServerProtocolService.java:onCompleted(104)) - 74147ebb-effa-46c3-83c2-0ae5d7c7f388: appendEntries completed
2019-09-19 05:10:05,077 [grpc-default-executor-0] INFO  impl.StateMachineUpdater (StateMachineUpdater.java:stopAndJoin(115)) - StateMachineUpdater:d8542778-0a07-4f64-990c-26c7e95929d0:group-071FA8FDC4CB: set stopIndex = 0
2019-09-19 05:10:05,078 [grpc-default-executor-2] INFO  server.GrpcLogAppender (GrpcLogAppender.java:onCompleted(292)) - d8542778-0a07-4f64-990c-26c7e95929d0->74147ebb-effa-46c3-83c2-0ae5d7c7f388: follower responses appendEntries COMPLETED
2019-09-19 05:10:05,079 [grpc-default-executor-1] INFO  server.GrpcLogAppender (GrpcLogAppender.java:onCompleted(292)) - d8542778-0a07-4f64-990c-26c7e95929d0->14aa947b-a528-472c-a788-b723aaba2374: follower responses appendEntries COMPLETED
2019-09-19 05:10:05,079 [grpc-default-executor-0] INFO  impl.RaftServerImpl (ServerState.java:close(394)) - d8542778-0a07-4f64-990c-26c7e95929d0:group-071FA8FDC4CB closes. The last applied log index is 0
2019-09-19 05:10:05,083 [grpc-default-executor-2] INFO  impl.FollowerInfo (FollowerInfo.java:lambda$new$0(50)) - d8542778-0a07-4f64-990c-26c7e95929d0->74147ebb-effa-46c3-83c2-0ae5d7c7f388: nextIndex: updateUnconditionally 1 -> 0
2019-09-19 05:10:05,083 [grpc-default-executor-1] INFO  impl.FollowerInfo (FollowerInfo.java:lambda$new$0(50)) - d8542778-0a07-4f64-990c-26c7e95929d0->14aa947b-a528-472c-a788-b723aaba2374: nextIndex: updateUnconditionally 1 -> 0
2019-09-19 05:10:05,085 [d8542778-0a07-4f64-990c-26c7e95929d0-SegmentedRaftLogWorker:Storage Directory /workdir/hadoop-ozone/integration-test/target/test-dir/MiniOzoneClusterImpl-b43a9866-cbec-420f-9708-e655410cb55a/datanode-2/data/ratis/33bbbcab-9b8b-46f4-87fb-071fa8fdc4cb] INFO  segmented.SegmentedRaftLogWorker (SegmentedRaftLogWorker.java:run(313)) - d8542778-0a07-4f64-990c-26c7e95929d0-SegmentedRaftLogWorker:Storage Directory /workdir/hadoop-ozone/integration-test/target/test-dir/MiniOzoneClusterImpl-b43a9866-cbec-420f-9708-e655410cb55a/datanode-2/data/ratis/33bbbcab-9b8b-46f4-87fb-071fa8fdc4cb was interrupted, exiting. There are 0 tasks remaining in the queue.
2019-09-19 05:10:05,086 [grpc-default-executor-0] INFO  segmented.SegmentedRaftLogWorker (SegmentedRaftLogWorker.java:close(228)) - d8542778-0a07-4f64-990c-26c7e95929d0-SegmentedRaftLogWorker:Storage Directory /workdir/hadoop-ozone/integration-test/target/test-dir/MiniOzoneClusterImpl-b43a9866-cbec-420f-9708-e655410cb55a/datanode-2/data/ratis/33bbbcab-9b8b-46f4-87fb-071fa8fdc4cb close()
2019-09-19 05:10:05,114 [Command processor thread] INFO  commandhandler.ClosePipelineCommandHandler (ClosePipelineCommandHandler.java:handle(87)) - Close Pipeline #PipelineID=33bbbcab-9b8b-46f4-87fb-071fa8fdc4cb command on datanode #d8542778-0a07-4f64-990c-26c7e95929d0.
2019-09-19 05:10:05,123 [grpc-default-executor-0] INFO  impl.RaftServerProxy (RaftServerProxy.java:addNew(89)) - d8542778-0a07-4f64-990c-26c7e95929d0: addNew group-07E40A93D6C5:[d8542778-0a07-4f64-990c-26c7e95929d0:192.168.34.50:42342, 74147ebb-effa-46c3-83c2-0ae5d7c7f388:192.168.34.50:46221, 14aa947b-a528-472c-a788-b723aaba2374:192.168.34.50:41548] returns group-07E40A93D6C5:java.util.concurrent.CompletableFuture@38470232[Not completed]
2019-09-19 05:10:05,125 [pool-49-thread-1] INFO  impl.RaftServerImpl (RaftServerImpl.java:<init>(93)) - d8542778-0a07-4f64-990c-26c7e95929d0: new RaftServerImpl for group-07E40A93D6C5:[d8542778-0a07-4f64-990c-26c7e95929d0:192.168.34.50:42342, 74147ebb-effa-46c3-83c2-0ae5d7c7f388:192.168.34.50:46221, 14aa947b-a528-472c-a788-b723aaba2374:192.168.34.50:41548] with ContainerStateMachine:uninitialized
2019-09-19 05:10:05,125 [pool-49-thread-1] INFO  server.RaftServerConfigKeys (ConfUtils.java:logGet(43)) - raft.server.rpc.timeout.min = 5s (custom)
2019-09-19 05:10:05,125 [pool-49-thread-1] INFO  server.RaftServerConfigKeys (ConfUtils.java:logGet(43)) - raft.server.rpc.timeout.max = 5200ms (custom)
2019-09-19 05:10:05,126 [pool-49-thread-1] INFO  server.RaftServerConfigKeys (ConfUtils.java:logGet(43)) - raft.server.rpcslowness.timeout = 120s (custom)
2019-09-19 05:10:05,126 [pool-49-thread-1] INFO  server.RaftServerConfigKeys (ConfUtils.java:logGet(43)) - raft.server.sleep.deviation.threshold = 300 (default)
2019-09-19 05:10:05,126 [pool-49-thread-1] INFO  server.RaftServerConfigKeys (ConfUtils.java:logGet(43)) - raft.server.log.appender.install.snapshot.enabled = false (custom)
2019-09-19 05:10:05,126 [pool-49-thread-1] INFO  impl.RaftServerImpl (ServerState.java:<init>(105)) - d8542778-0a07-4f64-990c-26c7e95929d0:group-07E40A93D6C5 ConfigurationManager, init=-1: [d8542778-0a07-4f64-990c-26c7e95929d0:192.168.34.50:42342, 74147ebb-effa-46c3-83c2-0ae5d7c7f388:192.168.34.50:46221, 14aa947b-a528-472c-a788-b723aaba2374:192.168.34.50:41548], old=null, confs=<EMPTY_MAP>
2019-09-19 05:10:05,126 [pool-49-thread-1] INFO  server.RaftServerConfigKeys (ConfUtils.java:logGet(43)) - raft.server.storage.dir = [/workdir/hadoop-ozone/integration-test/target/test-dir/MiniOzoneClusterImpl-b43a9866-cbec-420f-9708-e655410cb55a/datanode-2/data/ratis] (custom)
2019-09-19 05:10:05,126 [pool-49-thread-1] INFO  storage.RaftStorageDirectory (RaftStorageDirectory.java:analyzeStorage(246)) - The storage directory /workdir/hadoop-ozone/integration-test/target/test-dir/MiniOzoneClusterImpl-b43a9866-cbec-420f-9708-e655410cb55a/datanode-2/data/ratis/3797b3b4-5aad-47a8-9937-07e40a93d6c5 does not exist. Creating ...
2019-09-19 05:10:05,205 [pool-49-thread-1] INFO  storage.RaftStorageDirectory (RaftStorageDirectory.java:tryLock(328)) - Lock on /workdir/hadoop-ozone/integration-test/target/test-dir/MiniOzoneClusterImpl-b43a9866-cbec-420f-9708-e655410cb55a/datanode-2/data/ratis/3797b3b4-5aad-47a8-9937-07e40a93d6c5/in_use.lock acquired by nodename 15469@pr-hdds-2034-srnhl-2452957315
2019-09-19 05:10:05,242 [pool-49-thread-1] INFO  storage.RaftStorage (RaftStorage.java:format(72)) - Storage directory /workdir/hadoop-ozone/integration-test/target/test-dir/MiniOzoneClusterImpl-b43a9866-cbec-420f-9708-e655410cb55a/datanode-2/data/ratis/3797b3b4-5aad-47a8-9937-07e40a93d6c5 has been successfully formatted.
2019-09-19 05:10:05,242 [pool-49-thread-1] INFO  ratis.ContainerStateMachine (ContainerStateMachine.java:loadSnapshot(226)) - group-07E40A93D6C5: The snapshot info is null. Setting the last applied indexto:(t:0, i:~)
2019-09-19 05:10:05,243 [pool-49-thread-1] INFO  server.RaftServerConfigKeys (ConfUtils.java:logGet(43)) - raft.server.leader.election.timeout = 120s (custom)
2019-09-19 05:10:05,243 [pool-49-thread-1] INFO  server.RaftServerConfigKeys (ConfUtils.java:logGet(43)) - raft.server.log.use.memory = false (default)
2019-09-19 05:10:05,243 [pool-49-thread-1] INFO  server.RaftServerConfigKeys (ConfUtils.java:logGet(43)) - raft.server.log.purge.gap = 1000000 (custom)
2019-09-19 05:10:05,243 [pool-49-thread-1] INFO  server.RaftServerConfigKeys (ConfUtils.java:logGet(43)) - raft.server.log.appender.buffer.byte-limit = 33554432 (custom)
2019-09-19 05:10:05,243 [pool-49-thread-1] INFO  server.RaftServerConfigKeys (ConfUtils.java:logGet(43)) - raft.server.log.segment.size.max = 1048576 (custom)
2019-09-19 05:10:05,244 [pool-49-thread-1] INFO  server.RaftServerConfigKeys (ConfUtils.java:logGet(43)) - raft.server.log.segment.cache.num.max = 2 (custom)
2019-09-19 05:10:05,244 [pool-49-thread-1] INFO  segmented.SegmentedRaftLogWorker (SegmentedRaftLogWorker.java:<init>(172)) - new d8542778-0a07-4f64-990c-26c7e95929d0-SegmentedRaftLogWorker:Storage Directory /workdir/hadoop-ozone/integration-test/target/test-dir/MiniOzoneClusterImpl-b43a9866-cbec-420f-9708-e655410cb55a/datanode-2/data/ratis/3797b3b4-5aad-47a8-9937-07e40a93d6c5 for RaftStorage:Storage Directory /workdir/hadoop-ozone/integration-test/target/test-dir/MiniOzoneClusterImpl-b43a9866-cbec-420f-9708-e655410cb55a/datanode-2/data/ratis/3797b3b4-5aad-47a8-9937-07e40a93d6c5
2019-09-19 05:10:05,244 [pool-49-thread-1] INFO  server.RaftServerConfigKeys (ConfUtils.java:logGet(43)) - raft.server.log.queue.byte-limit = 2147483647 (custom)
2019-09-19 05:10:05,244 [pool-49-thread-1] INFO  server.RaftServerConfigKeys (ConfUtils.java:logGet(43)) - raft.server.log.queue.element-limit = 1024 (custom)
2019-09-19 05:10:05,244 [pool-49-thread-1] INFO  server.RaftServerConfigKeys (ConfUtils.java:logGet(43)) - raft.server.log.segment.size.max = 1048576 (custom)
2019-09-19 05:10:05,244 [pool-49-thread-1] INFO  server.RaftServerConfigKeys (ConfUtils.java:logGet(43)) - raft.server.log.preallocated.size = 16384 (custom)
2019-09-19 05:10:05,244 [pool-49-thread-1] INFO  server.RaftServerConfigKeys (ConfUtils.java:logGet(43)) - raft.server.log.write.buffer.size = 33554432 (custom)
2019-09-19 05:10:05,245 [pool-49-thread-1] INFO  server.RaftServerConfigKeys (ConfUtils.java:logGet(43)) - raft.server.log.force.sync.num = 128 (default)
2019-09-19 05:10:05,245 [pool-49-thread-1] INFO  server.RaftServerConfigKeys (ConfUtils.java:logGet(43)) - raft.server.log.statemachine.data.sync = true (default)
2019-09-19 05:10:05,245 [pool-49-thread-1] INFO  server.RaftServerConfigKeys (ConfUtils.java:logGet(43)) - raft.server.log.statemachine.data.sync.timeout = 10s (default)
2019-09-19 05:10:05,245 [pool-49-thread-1] INFO  server.RaftServerConfigKeys (ConfUtils.java:logGet(43)) - raft.server.log.statemachine.data.sync.timeout.retry = -1 (default)
2019-09-19 05:10:05,245 [pool-49-thread-1] INFO  server.RaftServerConfigKeys (ConfUtils.java:logGet(43)) - raft.server.log.statemachine.data.caching.enabled = true (custom)
2019-09-19 05:10:05,245 [pool-49-thread-1] INFO  segmented.SegmentedRaftLogWorker (SegmentedRaftLogWorker.java:lambda$new$0(132)) - d8542778-0a07-4f64-990c-26c7e95929d0-SegmentedRaftLogWorker:Storage Directory /workdir/hadoop-ozone/integration-test/target/test-dir/MiniOzoneClusterImpl-b43a9866-cbec-420f-9708-e655410cb55a/datanode-2/data/ratis/3797b3b4-5aad-47a8-9937-07e40a93d6c5: flushIndex: setUnconditionally 0 -> -1
2019-09-19 05:10:05,246 [pool-49-thread-1] INFO  server.RaftServerConfigKeys (ConfUtils.java:logGet(43)) - raft.server.snapshot.auto.trigger.enabled = true (custom)
2019-09-19 05:10:05,246 [pool-49-thread-1] INFO  server.RaftServerConfigKeys (ConfUtils.java:logGet(43)) - raft.server.snapshot.auto.trigger.threshold = 10000 (custom)
2019-09-19 05:10:05,246 [pool-49-thread-1] INFO  server.RaftServerConfigKeys (ConfUtils.java:logGet(43)) - raft.server.retrycache.expirytime = 600000ms (custom)
2019-09-19 05:10:05,246 [pool-49-thread-1] INFO  impl.RaftServerImpl (RaftServerImpl.java:start(180)) - d8542778-0a07-4f64-990c-26c7e95929d0: start group-07E40A93D6C5
2019-09-19 05:10:05,246 [pool-49-thread-1] INFO  impl.RaftServerImpl (RaftServerImpl.java:setRole(171)) - d8542778-0a07-4f64-990c-26c7e95929d0:group-07E40A93D6C5 changes role from null to FOLLOWER at term 0 for startAsFollower
2019-09-19 05:10:05,247 [pool-49-thread-1] INFO  impl.RoleInfo (RoleInfo.java:updateAndGet(143)) - d8542778-0a07-4f64-990c-26c7e95929d0: start FollowerState
2019-09-19 05:10:05,247 [pool-49-thread-1] INFO  util.JmxRegister (JmxRegister.java:tryRegister(44)) - Successfully registered JMX Bean with object name Ratis:service=RaftServer,group=group-07E40A93D6C5,id=d8542778-0a07-4f64-990c-26c7e95929d0
2019-09-19 05:10:05,255 [Command processor thread] INFO  commandhandler.CreatePipelineCommandHandler (CreatePipelineCommandHandler.java:handle(112)) - Create Pipeline RATIS THREE #PipelineID=3797b3b4-5aad-47a8-9937-07e40a93d6c5 command succeed on datanode d8542778-0a07-4f64-990c-26c7e95929d0.
2019-09-19 05:10:06,045 | INFO  | SCMAudit | user=jenkins1000 | ip=192.168.34.50 | op=SEND_HEARTBEAT {datanodeUUID=d8542778-0a07-4f64-990c-26c7e95929d0, command=[]} | ret=SUCCESS |  
2019-09-19 05:10:07,046 | INFO  | SCMAudit | user=jenkins1000 | ip=192.168.34.50 | op=SEND_HEARTBEAT {datanodeUUID=d8542778-0a07-4f64-990c-26c7e95929d0, command=[]} | ret=SUCCESS |  
2019-09-19 05:10:07,046 [EventQueue-CreatePipelineStatusForSCMPipelineManager] INFO  pipeline.SCMPipelineManager (SCMPipelineManager.java:onMessage(469)) - receive pipeline PipelineID=3797b3b4-5aad-47a8-9937-07e40a93d6c5 create status EXECUTED
2019-09-19 05:10:07,048 [EventQueue-CreatePipelineStatusForSCMPipelineManager] INFO  pipeline.PipelineStateManager (PipelineStateManager.java:openPipeline(134)) - Pipeline Pipeline[ Id: 3797b3b4-5aad-47a8-9937-07e40a93d6c5, Nodes: 14aa947b-a528-472c-a788-b723aaba2374{ip: 192.168.34.50, host: pr-hdds-2034-srnhl-2452957315, networkLocation: /default-rack, certSerialId: null}d8542778-0a07-4f64-990c-26c7e95929d0{ip: 192.168.34.50, host: pr-hdds-2034-srnhl-2452957315, networkLocation: /default-rack, certSerialId: null}74147ebb-effa-46c3-83c2-0ae5d7c7f388{ip: 192.168.34.50, host: pr-hdds-2034-srnhl-2452957315, networkLocation: /default-rack, certSerialId: null}, Type:RATIS, Factor:THREE, State:ALLOCATED] moved to OPEN state
add pipeline PipelineID=3797b3b4-5aad-47a8-9937-07e40a93d6c5 to metrics map
2019-09-19 05:10:08,046 | INFO  | SCMAudit | user=jenkins1000 | ip=192.168.34.50 | op=SEND_HEARTBEAT {datanodeUUID=d8542778-0a07-4f64-990c-26c7e95929d0, command=[]} | ret=SUCCESS |  
2019-09-19 05:10:09,048 | INFO  | SCMAudit | user=jenkins1000 | ip=192.168.34.50 | op=SEND_HEARTBEAT {datanodeUUID=d8542778-0a07-4f64-990c-26c7e95929d0, command=[]} | ret=SUCCESS |  
2019-09-19 05:10:09,153 [ForkJoinPool.commonPool-worker-1] INFO  ozoneimpl.OzoneContainer (OzoneContainer.java:stop(199)) - Attempting to stop container services.
2019-09-19 05:10:09,153 [main] INFO  ozoneimpl.OzoneContainer (OzoneContainer.java:stop(199)) - Attempting to stop container services.
2019-09-19 05:10:09,155 [ForkJoinPool.commonPool-worker-1] INFO  impl.RaftServerProxy (RaftServerProxy.java:lambda$close$4(314)) - 74147ebb-effa-46c3-83c2-0ae5d7c7f388: close
2019-09-19 05:10:09,155 [main] INFO  impl.RaftServerProxy (RaftServerProxy.java:lambda$close$4(314)) - 14aa947b-a528-472c-a788-b723aaba2374: close
2019-09-19 05:10:09,157 [main] INFO  impl.RaftServerImpl (RaftServerImpl.java:lambda$shutdown$3(245)) - 14aa947b-a528-472c-a788-b723aaba2374: shutdown group-20E1A0B9645D
2019-09-19 05:10:09,157 [ForkJoinPool.commonPool-worker-1] INFO  impl.RaftServerImpl (RaftServerImpl.java:lambda$shutdown$3(245)) - 74147ebb-effa-46c3-83c2-0ae5d7c7f388: shutdown group-1F7C24A4289D
2019-09-19 05:10:09,157 [main] INFO  util.JmxRegister (JmxRegister.java:unregister(73)) - Successfully un-registered JMX Bean with object name Ratis:service=RaftServer,group=group-20E1A0B9645D,id=14aa947b-a528-472c-a788-b723aaba2374
2019-09-19 05:10:09,157 [ForkJoinPool.commonPool-worker-1] INFO  util.JmxRegister (JmxRegister.java:unregister(73)) - Successfully un-registered JMX Bean with object name Ratis:service=RaftServer,group=group-1F7C24A4289D,id=74147ebb-effa-46c3-83c2-0ae5d7c7f388
2019-09-19 05:10:09,158 [main] INFO  impl.RoleInfo (RoleInfo.java:shutdownLeaderState(104)) - 14aa947b-a528-472c-a788-b723aaba2374: shutdown LeaderState
2019-09-19 05:10:09,158 [ForkJoinPool.commonPool-worker-1] INFO  impl.RoleInfo (RoleInfo.java:shutdownLeaderState(104)) - 74147ebb-effa-46c3-83c2-0ae5d7c7f388: shutdown LeaderState
2019-09-19 05:10:09,158 [main] INFO  impl.PendingRequests (PendingRequests.java:sendNotLeaderResponses(202)) - 14aa947b-a528-472c-a788-b723aaba2374-PendingRequests: sendNotLeaderResponses
2019-09-19 05:10:09,160 [ForkJoinPool.commonPool-worker-1] INFO  impl.PendingRequests (PendingRequests.java:sendNotLeaderResponses(202)) - 74147ebb-effa-46c3-83c2-0ae5d7c7f388-PendingRequests: sendNotLeaderResponses
2019-09-19 05:10:09,160 [main] INFO  impl.StateMachineUpdater (StateMachineUpdater.java:stopAndJoin(115)) - StateMachineUpdater:14aa947b-a528-472c-a788-b723aaba2374:group-20E1A0B9645D: set stopIndex = 0
2019-09-19 05:10:09,163 [main] INFO  impl.RaftServerImpl (ServerState.java:close(394)) - 14aa947b-a528-472c-a788-b723aaba2374:group-20E1A0B9645D closes. The last applied log index is 0
2019-09-19 05:10:09,162 [ForkJoinPool.commonPool-worker-1] INFO  impl.StateMachineUpdater (StateMachineUpdater.java:stopAndJoin(115)) - StateMachineUpdater:74147ebb-effa-46c3-83c2-0ae5d7c7f388:group-1F7C24A4289D: set stopIndex = 0
2019-09-19 05:10:09,163 [14aa947b-a528-472c-a788-b723aaba2374-SegmentedRaftLogWorker:Storage Directory /workdir/hadoop-ozone/integration-test/target/test-dir/MiniOzoneClusterImpl-b43a9866-cbec-420f-9708-e655410cb55a/datanode-1/data/ratis/890f6878-fd33-4410-a6aa-20e1a0b9645d] INFO  segmented.SegmentedRaftLogWorker (SegmentedRaftLogWorker.java:run(313)) - 14aa947b-a528-472c-a788-b723aaba2374-SegmentedRaftLogWorker:Storage Directory /workdir/hadoop-ozone/integration-test/target/test-dir/MiniOzoneClusterImpl-b43a9866-cbec-420f-9708-e655410cb55a/datanode-1/data/ratis/890f6878-fd33-4410-a6aa-20e1a0b9645d was interrupted, exiting. There are 0 tasks remaining in the queue.
2019-09-19 05:10:09,163 [ForkJoinPool.commonPool-worker-1] INFO  impl.RaftServerImpl (ServerState.java:close(394)) - 74147ebb-effa-46c3-83c2-0ae5d7c7f388:group-1F7C24A4289D closes. The last applied log index is 0
2019-09-19 05:10:09,165 [main] INFO  segmented.SegmentedRaftLogWorker (SegmentedRaftLogWorker.java:close(228)) - 14aa947b-a528-472c-a788-b723aaba2374-SegmentedRaftLogWorker:Storage Directory /workdir/hadoop-ozone/integration-test/target/test-dir/MiniOzoneClusterImpl-b43a9866-cbec-420f-9708-e655410cb55a/datanode-1/data/ratis/890f6878-fd33-4410-a6aa-20e1a0b9645d close()
2019-09-19 05:10:09,166 [74147ebb-effa-46c3-83c2-0ae5d7c7f388-SegmentedRaftLogWorker:Storage Directory /workdir/hadoop-ozone/integration-test/target/test-dir/MiniOzoneClusterImpl-b43a9866-cbec-420f-9708-e655410cb55a/datanode-0/data/ratis/0c668d85-afbc-4059-a043-1f7c24a4289d] INFO  segmented.SegmentedRaftLogWorker (SegmentedRaftLogWorker.java:run(313)) - 74147ebb-effa-46c3-83c2-0ae5d7c7f388-SegmentedRaftLogWorker:Storage Directory /workdir/hadoop-ozone/integration-test/target/test-dir/MiniOzoneClusterImpl-b43a9866-cbec-420f-9708-e655410cb55a/datanode-0/data/ratis/0c668d85-afbc-4059-a043-1f7c24a4289d was interrupted, exiting. There are 0 tasks remaining in the queue.
2019-09-19 05:10:09,167 [main] INFO  impl.RaftServerImpl (RaftServerImpl.java:lambda$shutdown$3(245)) - 14aa947b-a528-472c-a788-b723aaba2374: shutdown group-071FA8FDC4CB
2019-09-19 05:10:09,168 [ForkJoinPool.commonPool-worker-1] INFO  segmented.SegmentedRaftLogWorker (SegmentedRaftLogWorker.java:close(228)) - 74147ebb-effa-46c3-83c2-0ae5d7c7f388-SegmentedRaftLogWorker:Storage Directory /workdir/hadoop-ozone/integration-test/target/test-dir/MiniOzoneClusterImpl-b43a9866-cbec-420f-9708-e655410cb55a/datanode-0/data/ratis/0c668d85-afbc-4059-a043-1f7c24a4289d close()
2019-09-19 05:10:09,169 [main] INFO  util.JmxRegister (JmxRegister.java:unregister(73)) - Successfully un-registered JMX Bean with object name Ratis:service=RaftServer,group=group-071FA8FDC4CB,id=14aa947b-a528-472c-a788-b723aaba2374
2019-09-19 05:10:09,170 [ForkJoinPool.commonPool-worker-1] INFO  impl.RaftServerImpl (RaftServerImpl.java:lambda$shutdown$3(245)) - 74147ebb-effa-46c3-83c2-0ae5d7c7f388: shutdown group-071FA8FDC4CB
2019-09-19 05:10:09,170 [main] INFO  impl.RoleInfo (RoleInfo.java:shutdownFollowerState(121)) - 14aa947b-a528-472c-a788-b723aaba2374: shutdown FollowerState
2019-09-19 05:10:09,170 [ForkJoinPool.commonPool-worker-1] INFO  util.JmxRegister (JmxRegister.java:unregister(73)) - Successfully un-registered JMX Bean with object name Ratis:service=RaftServer,group=group-071FA8FDC4CB,id=74147ebb-effa-46c3-83c2-0ae5d7c7f388
2019-09-19 05:10:09,171 [Thread-213] INFO  impl.FollowerState (FollowerState.java:run(114)) - 14aa947b-a528-472c-a788-b723aaba2374: FollowerState was interrupted: java.lang.InterruptedException: sleep interrupted
2019-09-19 05:10:09,171 [main] INFO  impl.StateMachineUpdater (StateMachineUpdater.java:stopAndJoin(115)) - StateMachineUpdater:14aa947b-a528-472c-a788-b723aaba2374:group-071FA8FDC4CB: set stopIndex = 0
2019-09-19 05:10:09,171 [ForkJoinPool.commonPool-worker-1] INFO  impl.RoleInfo (RoleInfo.java:shutdownFollowerState(121)) - 74147ebb-effa-46c3-83c2-0ae5d7c7f388: shutdown FollowerState
2019-09-19 05:10:09,172 [main] INFO  impl.RaftServerImpl (ServerState.java:close(394)) - 14aa947b-a528-472c-a788-b723aaba2374:group-071FA8FDC4CB closes. The last applied log index is 0
2019-09-19 05:10:09,173 [Thread-214] INFO  impl.FollowerState (FollowerState.java:run(114)) - 74147ebb-effa-46c3-83c2-0ae5d7c7f388: FollowerState was interrupted: java.lang.InterruptedException: sleep interrupted
2019-09-19 05:10:09,173 [14aa947b-a528-472c-a788-b723aaba2374-SegmentedRaftLogWorker:Storage Directory /workdir/hadoop-ozone/integration-test/target/test-dir/MiniOzoneClusterImpl-b43a9866-cbec-420f-9708-e655410cb55a/datanode-1/data/ratis/33bbbcab-9b8b-46f4-87fb-071fa8fdc4cb] INFO  segmented.SegmentedRaftLogWorker (SegmentedRaftLogWorker.java:run(313)) - 14aa947b-a528-472c-a788-b723aaba2374-SegmentedRaftLogWorker:Storage Directory /workdir/hadoop-ozone/integration-test/target/test-dir/MiniOzoneClusterImpl-b43a9866-cbec-420f-9708-e655410cb55a/datanode-1/data/ratis/33bbbcab-9b8b-46f4-87fb-071fa8fdc4cb was interrupted, exiting. There are 0 tasks remaining in the queue.
2019-09-19 05:10:09,173 [ForkJoinPool.commonPool-worker-1] INFO  impl.StateMachineUpdater (StateMachineUpdater.java:stopAndJoin(115)) - StateMachineUpdater:74147ebb-effa-46c3-83c2-0ae5d7c7f388:group-071FA8FDC4CB: set stopIndex = 0
2019-09-19 05:10:09,175 [main] INFO  segmented.SegmentedRaftLogWorker (SegmentedRaftLogWorker.java:close(228)) - 14aa947b-a528-472c-a788-b723aaba2374-SegmentedRaftLogWorker:Storage Directory /workdir/hadoop-ozone/integration-test/target/test-dir/MiniOzoneClusterImpl-b43a9866-cbec-420f-9708-e655410cb55a/datanode-1/data/ratis/33bbbcab-9b8b-46f4-87fb-071fa8fdc4cb close()
2019-09-19 05:10:09,175 [ForkJoinPool.commonPool-worker-1] INFO  impl.RaftServerImpl (ServerState.java:close(394)) - 74147ebb-effa-46c3-83c2-0ae5d7c7f388:group-071FA8FDC4CB closes. The last applied log index is 0
2019-09-19 05:10:09,178 [74147ebb-effa-46c3-83c2-0ae5d7c7f388-SegmentedRaftLogWorker:Storage Directory /workdir/hadoop-ozone/integration-test/target/test-dir/MiniOzoneClusterImpl-b43a9866-cbec-420f-9708-e655410cb55a/datanode-0/data/ratis/33bbbcab-9b8b-46f4-87fb-071fa8fdc4cb] INFO  segmented.SegmentedRaftLogWorker (SegmentedRaftLogWorker.java:run(313)) - 74147ebb-effa-46c3-83c2-0ae5d7c7f388-SegmentedRaftLogWorker:Storage Directory /workdir/hadoop-ozone/integration-test/target/test-dir/MiniOzoneClusterImpl-b43a9866-cbec-420f-9708-e655410cb55a/datanode-0/data/ratis/33bbbcab-9b8b-46f4-87fb-071fa8fdc4cb was interrupted, exiting. There are 0 tasks remaining in the queue.
2019-09-19 05:10:09,178 [main] INFO  server.GrpcService (GrpcService.java:closeImpl(155)) - 14aa947b-a528-472c-a788-b723aaba2374: shutdown server with port 41548 now
2019-09-19 05:10:09,179 [ForkJoinPool.commonPool-worker-1] INFO  segmented.SegmentedRaftLogWorker (SegmentedRaftLogWorker.java:close(228)) - 74147ebb-effa-46c3-83c2-0ae5d7c7f388-SegmentedRaftLogWorker:Storage Directory /workdir/hadoop-ozone/integration-test/target/test-dir/MiniOzoneClusterImpl-b43a9866-cbec-420f-9708-e655410cb55a/datanode-0/data/ratis/33bbbcab-9b8b-46f4-87fb-071fa8fdc4cb close()
2019-09-19 05:10:09,182 [ForkJoinPool.commonPool-worker-1] INFO  server.GrpcService (GrpcService.java:closeImpl(155)) - 74147ebb-effa-46c3-83c2-0ae5d7c7f388: shutdown server with port 46221 now
2019-09-19 05:10:09,184 [ForkJoinPool.commonPool-worker-1] INFO  server.GrpcService (GrpcService.java:closeImpl(163)) - 74147ebb-effa-46c3-83c2-0ae5d7c7f388: shutdown server with port 46221 successfully
2019-09-19 05:10:09,184 [main] INFO  server.GrpcService (GrpcService.java:closeImpl(163)) - 14aa947b-a528-472c-a788-b723aaba2374: shutdown server with port 41548 successfully
2019-09-19 05:10:09,195 [ForkJoinPool.commonPool-worker-1] INFO  utils.BackgroundService (BackgroundService.java:shutdown(148)) - Shutting down service BlockDeletingService
2019-09-19 05:10:09,195 [main] INFO  utils.BackgroundService (BackgroundService.java:shutdown(148)) - Shutting down service BlockDeletingService
2019-09-19 05:10:09,197 [refreshUsed-/workdir/hadoop-ozone/integration-test/target/test-dir/MiniOzoneClusterImpl-b43a9866-cbec-420f-9708-e655410cb55a/datanode-1/data/containers] WARN  fs.CachingGetSpaceUsed (CachingGetSpaceUsed.java:run(183)) - Thread Interrupted waiting to refresh disk information: sleep interrupted
2019-09-19 05:10:09,197 [refreshUsed-/workdir/hadoop-ozone/integration-test/target/test-dir/MiniOzoneClusterImpl-b43a9866-cbec-420f-9708-e655410cb55a/datanode-0/data/containers] WARN  fs.CachingGetSpaceUsed (CachingGetSpaceUsed.java:run(183)) - Thread Interrupted waiting to refresh disk information: sleep interrupted
2019-09-19 05:10:09,212 [main] INFO  statemachine.DatanodeStateMachine (DatanodeStateMachine.java:stopDaemon(401)) - Ozone container server stopped.
2019-09-19 05:10:09,213 [main] INFO  handler.ContextHandler (ContextHandler.java:doStop(910)) - Stopped o.e.j.w.WebAppContext@2f9a10df{/,null,UNAVAILABLE}{/hddsDatanode}
2019-09-19 05:10:09,214 [main] INFO  server.AbstractConnector (AbstractConnector.java:doStop(318)) - Stopped ServerConnector@773c2214{HTTP/1.1,[http/1.1]}{0.0.0.0:0}
2019-09-19 05:10:09,218 [ForkJoinPool.commonPool-worker-1] INFO  statemachine.DatanodeStateMachine (DatanodeStateMachine.java:stopDaemon(401)) - Ozone container server stopped.
2019-09-19 05:10:09,218 [main] INFO  handler.ContextHandler (ContextHandler.java:doStop(910)) - Stopped o.e.j.s.ServletContextHandler@2c3158e0{/static,jar:file:/home/user/.m2/repository/org/apache/hadoop/hadoop-hdds-container-service/0.5.0-SNAPSHOT/hadoop-hdds-container-service-0.5.0-SNAPSHOT.jar!/webapps/static,UNAVAILABLE}
2019-09-19 05:10:09,221 [main] INFO  handler.ContextHandler (ContextHandler.java:doStop(910)) - Stopped o.e.j.s.ServletContextHandler@26582ca{/logs,file:///workdir/hadoop-ozone/integration-test/target/log,UNAVAILABLE}
2019-09-19 05:10:09,222 [ForkJoinPool.commonPool-worker-1] INFO  handler.ContextHandler (ContextHandler.java:doStop(910)) - Stopped o.e.j.w.WebAppContext@671d1157{/,null,UNAVAILABLE}{/hddsDatanode}
2019-09-19 05:10:09,223 [main] INFO  datanode.ObjectStoreHandler (ObjectStoreHandler.java:close(155)) - Closing ObjectStoreHandler.
2019-09-19 05:10:09,223 [ForkJoinPool.commonPool-worker-1] INFO  server.AbstractConnector (AbstractConnector.java:doStop(318)) - Stopped ServerConnector@60c8a093{HTTP/1.1,[http/1.1]}{0.0.0.0:0}
2019-09-19 05:10:09,223 [main] INFO  ozone.HddsDatanodeService (HddsDatanodeService.java:stop(451)) - Stopped plug-in org.apache.hadoop.ozone.web.OzoneHddsDatanodeService@63e5b8aa
2019-09-19 05:10:09,224 [ForkJoinPool.commonPool-worker-1] INFO  handler.ContextHandler (ContextHandler.java:doStop(910)) - Stopped o.e.j.s.ServletContextHandler@2f897dab{/static,jar:file:/home/user/.m2/repository/org/apache/hadoop/hadoop-hdds-container-service/0.5.0-SNAPSHOT/hadoop-hdds-container-service-0.5.0-SNAPSHOT.jar!/webapps/static,UNAVAILABLE}
2019-09-19 05:10:09,225 [ForkJoinPool.commonPool-worker-1] INFO  handler.ContextHandler (ContextHandler.java:doStop(910)) - Stopped o.e.j.s.ServletContextHandler@1687eb01{/logs,file:///workdir/hadoop-ozone/integration-test/target/log,UNAVAILABLE}
2019-09-19 05:10:10,046 [Datanode State Machine Thread - 0] INFO  statemachine.DatanodeStateMachine (DatanodeStateMachine.java:lambda$startDaemon$0(356)) - Ozone container server started.
2019-09-19 05:10:10,445 [Thread-228] INFO  impl.FollowerState (FollowerState.java:run(106)) - d8542778-0a07-4f64-990c-26c7e95929d0:group-07E40A93D6C5 changes to CANDIDATE, lastRpcTime:5198, electionTimeout:5198ms
2019-09-19 05:10:10,445 [Thread-228] INFO  impl.RoleInfo (RoleInfo.java:shutdownFollowerState(121)) - d8542778-0a07-4f64-990c-26c7e95929d0: shutdown FollowerState
2019-09-19 05:10:10,445 [Thread-228] INFO  impl.RaftServerImpl (RaftServerImpl.java:setRole(171)) - d8542778-0a07-4f64-990c-26c7e95929d0:group-07E40A93D6C5 changes role from FOLLOWER to CANDIDATE at term 0 for changeToCandidate
2019-09-19 05:10:10,446 [Thread-228] INFO  impl.RoleInfo (RoleInfo.java:updateAndGet(143)) - d8542778-0a07-4f64-990c-26c7e95929d0: start LeaderElection
2019-09-19 05:10:10,467 [d8542778-0a07-4f64-990c-26c7e95929d0:group-07E40A93D6C5:LeaderElection5] INFO  impl.LeaderElection (LeaderElection.java:askForVotes(181)) - d8542778-0a07-4f64-990c-26c7e95929d0:group-07E40A93D6C5:LeaderElection5: begin an election at term 1 for -1: [d8542778-0a07-4f64-990c-26c7e95929d0:192.168.34.50:42342, 74147ebb-effa-46c3-83c2-0ae5d7c7f388:192.168.34.50:46221, 14aa947b-a528-472c-a788-b723aaba2374:192.168.34.50:41548], old=null
2019-09-19 05:10:10,485 [d8542778-0a07-4f64-990c-26c7e95929d0:group-07E40A93D6C5:LeaderElection5] INFO  impl.LeaderElection (LogUtils.java:infoOrTrace(149)) - d8542778-0a07-4f64-990c-26c7e95929d0:group-07E40A93D6C5:LeaderElection5 got exception when requesting votes: {}
java.util.concurrent.ExecutionException: org.apache.ratis.thirdparty.io.grpc.StatusRuntimeException: UNAVAILABLE: io exception
	at java.util.concurrent.FutureTask.report(FutureTask.java:122)
	at java.util.concurrent.FutureTask.get(FutureTask.java:192)
	at org.apache.ratis.server.impl.LeaderElection.waitForResults(LeaderElection.java:262)
	at org.apache.ratis.server.impl.LeaderElection.askForVotes(LeaderElection.java:200)
	at org.apache.ratis.server.impl.LeaderElection.run(LeaderElection.java:130)
	at java.lang.Thread.run(Thread.java:748)
Caused by: org.apache.ratis.thirdparty.io.grpc.StatusRuntimeException: UNAVAILABLE: io exception
	at org.apache.ratis.thirdparty.io.grpc.stub.ClientCalls.toStatusRuntimeException(ClientCalls.java:233)
	at org.apache.ratis.thirdparty.io.grpc.stub.ClientCalls.getUnchecked(ClientCalls.java:214)
	at org.apache.ratis.thirdparty.io.grpc.stub.ClientCalls.blockingUnaryCall(ClientCalls.java:139)
	at org.apache.ratis.proto.grpc.RaftServerProtocolServiceGrpc$RaftServerProtocolServiceBlockingStub.requestVote(RaftServerProtocolServiceGrpc.java:265)
	at org.apache.ratis.grpc.server.GrpcServerProtocolClient.requestVote(GrpcServerProtocolClient.java:83)
	at org.apache.ratis.grpc.server.GrpcService.requestVote(GrpcService.java:195)
	at org.apache.ratis.server.impl.LeaderElection.lambda$submitRequests$1(LeaderElection.java:237)
	at java.util.concurrent.FutureTask.run(FutureTask.java:266)
	at java.util.concurrent.Executors$RunnableAdapter.call(Executors.java:511)
	at java.util.concurrent.FutureTask.run(FutureTask.java:266)
	at java.util.concurrent.ThreadPoolExecutor.runWorker(ThreadPoolExecutor.java:1149)
	at java.util.concurrent.ThreadPoolExecutor$Worker.run(ThreadPoolExecutor.java:624)
	... 1 more
Caused by: org.apache.ratis.thirdparty.io.netty.channel.AbstractChannel$AnnotatedConnectException: Connection refused: /192.168.34.50:46221
	at sun.nio.ch.SocketChannelImpl.checkConnect(Native Method)
	at sun.nio.ch.SocketChannelImpl.finishConnect(SocketChannelImpl.java:717)
	at org.apache.ratis.thirdparty.io.netty.channel.socket.nio.NioSocketChannel.doFinishConnect(NioSocketChannel.java:327)
	at org.apache.ratis.thirdparty.io.netty.channel.nio.AbstractNioChannel$AbstractNioUnsafe.finishConnect(AbstractNioChannel.java:340)
	at org.apache.ratis.thirdparty.io.netty.channel.nio.NioEventLoop.processSelectedKey(NioEventLoop.java:632)
	at org.apache.ratis.thirdparty.io.netty.channel.nio.NioEventLoop.processSelectedKeysOptimized(NioEventLoop.java:579)
	at org.apache.ratis.thirdparty.io.netty.channel.nio.NioEventLoop.processSelectedKeys(NioEventLoop.java:496)
	at org.apache.ratis.thirdparty.io.netty.channel.nio.NioEventLoop.run(NioEventLoop.java:458)
	at org.apache.ratis.thirdparty.io.netty.util.concurrent.SingleThreadEventExecutor$5.run(SingleThreadEventExecutor.java:897)
	at org.apache.ratis.thirdparty.io.netty.util.concurrent.FastThreadLocalRunnable.run(FastThreadLocalRunnable.java:30)
	... 1 more
Caused by: java.net.ConnectException: Connection refused
	... 11 more
2019-09-19 05:10:10,488 [d8542778-0a07-4f64-990c-26c7e95929d0:group-07E40A93D6C5:LeaderElection5] INFO  impl.LeaderElection (LogUtils.java:infoOrTrace(149)) - d8542778-0a07-4f64-990c-26c7e95929d0:group-07E40A93D6C5:LeaderElection5 got exception when requesting votes: {}
java.util.concurrent.ExecutionException: org.apache.ratis.thirdparty.io.grpc.StatusRuntimeException: UNAVAILABLE: io exception
	at java.util.concurrent.FutureTask.report(FutureTask.java:122)
	at java.util.concurrent.FutureTask.get(FutureTask.java:192)
	at org.apache.ratis.server.impl.LeaderElection.waitForResults(LeaderElection.java:262)
	at org.apache.ratis.server.impl.LeaderElection.askForVotes(LeaderElection.java:200)
	at org.apache.ratis.server.impl.LeaderElection.run(LeaderElection.java:130)
	at java.lang.Thread.run(Thread.java:748)
Caused by: org.apache.ratis.thirdparty.io.grpc.StatusRuntimeException: UNAVAILABLE: io exception
	at org.apache.ratis.thirdparty.io.grpc.stub.ClientCalls.toStatusRuntimeException(ClientCalls.java:233)
	at org.apache.ratis.thirdparty.io.grpc.stub.ClientCalls.getUnchecked(ClientCalls.java:214)
	at org.apache.ratis.thirdparty.io.grpc.stub.ClientCalls.blockingUnaryCall(ClientCalls.java:139)
	at org.apache.ratis.proto.grpc.RaftServerProtocolServiceGrpc$RaftServerProtocolServiceBlockingStub.requestVote(RaftServerProtocolServiceGrpc.java:265)
	at org.apache.ratis.grpc.server.GrpcServerProtocolClient.requestVote(GrpcServerProtocolClient.java:83)
	at org.apache.ratis.grpc.server.GrpcService.requestVote(GrpcService.java:195)
	at org.apache.ratis.server.impl.LeaderElection.lambda$submitRequests$1(LeaderElection.java:237)
	at java.util.concurrent.FutureTask.run(FutureTask.java:266)
	at java.util.concurrent.Executors$RunnableAdapter.call(Executors.java:511)
	at java.util.concurrent.FutureTask.run(FutureTask.java:266)
	at java.util.concurrent.ThreadPoolExecutor.runWorker(ThreadPoolExecutor.java:1149)
	at java.util.concurrent.ThreadPoolExecutor$Worker.run(ThreadPoolExecutor.java:624)
	... 1 more
Caused by: org.apache.ratis.thirdparty.io.netty.channel.AbstractChannel$AnnotatedConnectException: Connection refused: /192.168.34.50:41548
	at sun.nio.ch.SocketChannelImpl.checkConnect(Native Method)
	at sun.nio.ch.SocketChannelImpl.finishConnect(SocketChannelImpl.java:717)
	at org.apache.ratis.thirdparty.io.netty.channel.socket.nio.NioSocketChannel.doFinishConnect(NioSocketChannel.java:327)
	at org.apache.ratis.thirdparty.io.netty.channel.nio.AbstractNioChannel$AbstractNioUnsafe.finishConnect(AbstractNioChannel.java:340)
	at org.apache.ratis.thirdparty.io.netty.channel.nio.NioEventLoop.processSelectedKey(NioEventLoop.java:632)
	at org.apache.ratis.thirdparty.io.netty.channel.nio.NioEventLoop.processSelectedKeysOptimized(NioEventLoop.java:579)
	at org.apache.ratis.thirdparty.io.netty.channel.nio.NioEventLoop.processSelectedKeys(NioEventLoop.java:496)
	at org.apache.ratis.thirdparty.io.netty.channel.nio.NioEventLoop.run(NioEventLoop.java:458)
	at org.apache.ratis.thirdparty.io.netty.util.concurrent.SingleThreadEventExecutor$5.run(SingleThreadEventExecutor.java:897)
	at org.apache.ratis.thirdparty.io.netty.util.concurrent.FastThreadLocalRunnable.run(FastThreadLocalRunnable.java:30)
	... 1 more
Caused by: java.net.ConnectException: Connection refused
	... 11 more
2019-09-19 05:10:10,490 [d8542778-0a07-4f64-990c-26c7e95929d0:group-07E40A93D6C5:LeaderElection5] INFO  impl.LeaderElection (LeaderElection.java:logAndReturn(56)) - d8542778-0a07-4f64-990c-26c7e95929d0:group-07E40A93D6C5:LeaderElection5: Election REJECTED; received 0 response(s) [] and 2 exception(s); d8542778-0a07-4f64-990c-26c7e95929d0:t1, leader=null, voted=d8542778-0a07-4f64-990c-26c7e95929d0, raftlog=d8542778-0a07-4f64-990c-26c7e95929d0-SegmentedRaftLog:OPENED:c-1,f-1,i0, conf=-1: [d8542778-0a07-4f64-990c-26c7e95929d0:192.168.34.50:42342, 74147ebb-effa-46c3-83c2-0ae5d7c7f388:192.168.34.50:46221, 14aa947b-a528-472c-a788-b723aaba2374:192.168.34.50:41548], old=null
2019-09-19 05:10:10,490 [d8542778-0a07-4f64-990c-26c7e95929d0:group-07E40A93D6C5:LeaderElection5] INFO  impl.LeaderElection (LogUtils.java:infoOrTrace(149)) -   Exception 0: {}
java.util.concurrent.ExecutionException: org.apache.ratis.thirdparty.io.grpc.StatusRuntimeException: UNAVAILABLE: io exception
	at java.util.concurrent.FutureTask.report(FutureTask.java:122)
	at java.util.concurrent.FutureTask.get(FutureTask.java:192)
	at org.apache.ratis.server.impl.LeaderElection.waitForResults(LeaderElection.java:262)
	at org.apache.ratis.server.impl.LeaderElection.askForVotes(LeaderElection.java:200)
	at org.apache.ratis.server.impl.LeaderElection.run(LeaderElection.java:130)
	at java.lang.Thread.run(Thread.java:748)
Caused by: org.apache.ratis.thirdparty.io.grpc.StatusRuntimeException: UNAVAILABLE: io exception
	at org.apache.ratis.thirdparty.io.grpc.stub.ClientCalls.toStatusRuntimeException(ClientCalls.java:233)
	at org.apache.ratis.thirdparty.io.grpc.stub.ClientCalls.getUnchecked(ClientCalls.java:214)
	at org.apache.ratis.thirdparty.io.grpc.stub.ClientCalls.blockingUnaryCall(ClientCalls.java:139)
	at org.apache.ratis.proto.grpc.RaftServerProtocolServiceGrpc$RaftServerProtocolServiceBlockingStub.requestVote(RaftServerProtocolServiceGrpc.java:265)
	at org.apache.ratis.grpc.server.GrpcServerProtocolClient.requestVote(GrpcServerProtocolClient.java:83)
	at org.apache.ratis.grpc.server.GrpcService.requestVote(GrpcService.java:195)
	at org.apache.ratis.server.impl.LeaderElection.lambda$submitRequests$1(LeaderElection.java:237)
	at java.util.concurrent.FutureTask.run(FutureTask.java:266)
	at java.util.concurrent.Executors$RunnableAdapter.call(Executors.java:511)
	at java.util.concurrent.FutureTask.run(FutureTask.java:266)
	at java.util.concurrent.ThreadPoolExecutor.runWorker(ThreadPoolExecutor.java:1149)
	at java.util.concurrent.ThreadPoolExecutor$Worker.run(ThreadPoolExecutor.java:624)
	... 1 more
Caused by: org.apache.ratis.thirdparty.io.netty.channel.AbstractChannel$AnnotatedConnectException: Connection refused: /192.168.34.50:46221
	at sun.nio.ch.SocketChannelImpl.checkConnect(Native Method)
	at sun.nio.ch.SocketChannelImpl.finishConnect(SocketChannelImpl.java:717)
	at org.apache.ratis.thirdparty.io.netty.channel.socket.nio.NioSocketChannel.doFinishConnect(NioSocketChannel.java:327)
	at org.apache.ratis.thirdparty.io.netty.channel.nio.AbstractNioChannel$AbstractNioUnsafe.finishConnect(AbstractNioChannel.java:340)
	at org.apache.ratis.thirdparty.io.netty.channel.nio.NioEventLoop.processSelectedKey(NioEventLoop.java:632)
	at org.apache.ratis.thirdparty.io.netty.channel.nio.NioEventLoop.processSelectedKeysOptimized(NioEventLoop.java:579)
	at org.apache.ratis.thirdparty.io.netty.channel.nio.NioEventLoop.processSelectedKeys(NioEventLoop.java:496)
	at org.apache.ratis.thirdparty.io.netty.channel.nio.NioEventLoop.run(NioEventLoop.java:458)
	at org.apache.ratis.thirdparty.io.netty.util.concurrent.SingleThreadEventExecutor$5.run(SingleThreadEventExecutor.java:897)
	at org.apache.ratis.thirdparty.io.netty.util.concurrent.FastThreadLocalRunnable.run(FastThreadLocalRunnable.java:30)
	... 1 more
Caused by: java.net.ConnectException: Connection refused
	... 11 more
2019-09-19 05:10:10,491 [d8542778-0a07-4f64-990c-26c7e95929d0:group-07E40A93D6C5:LeaderElection5] INFO  impl.LeaderElection (LogUtils.java:infoOrTrace(149)) -   Exception 1: {}
java.util.concurrent.ExecutionException: org.apache.ratis.thirdparty.io.grpc.StatusRuntimeException: UNAVAILABLE: io exception
	at java.util.concurrent.FutureTask.report(FutureTask.java:122)
	at java.util.concurrent.FutureTask.get(FutureTask.java:192)
	at org.apache.ratis.server.impl.LeaderElection.waitForResults(LeaderElection.java:262)
	at org.apache.ratis.server.impl.LeaderElection.askForVotes(LeaderElection.java:200)
	at org.apache.ratis.server.impl.LeaderElection.run(LeaderElection.java:130)
	at java.lang.Thread.run(Thread.java:748)
Caused by: org.apache.ratis.thirdparty.io.grpc.StatusRuntimeException: UNAVAILABLE: io exception
	at org.apache.ratis.thirdparty.io.grpc.stub.ClientCalls.toStatusRuntimeException(ClientCalls.java:233)
	at org.apache.ratis.thirdparty.io.grpc.stub.ClientCalls.getUnchecked(ClientCalls.java:214)
	at org.apache.ratis.thirdparty.io.grpc.stub.ClientCalls.blockingUnaryCall(ClientCalls.java:139)
	at org.apache.ratis.proto.grpc.RaftServerProtocolServiceGrpc$RaftServerProtocolServiceBlockingStub.requestVote(RaftServerProtocolServiceGrpc.java:265)
	at org.apache.ratis.grpc.server.GrpcServerProtocolClient.requestVote(GrpcServerProtocolClient.java:83)
	at org.apache.ratis.grpc.server.GrpcService.requestVote(GrpcService.java:195)
	at org.apache.ratis.server.impl.LeaderElection.lambda$submitRequests$1(LeaderElection.java:237)
	at java.util.concurrent.FutureTask.run(FutureTask.java:266)
	at java.util.concurrent.Executors$RunnableAdapter.call(Executors.java:511)
	at java.util.concurrent.FutureTask.run(FutureTask.java:266)
	at java.util.concurrent.ThreadPoolExecutor.runWorker(ThreadPoolExecutor.java:1149)
	at java.util.concurrent.ThreadPoolExecutor$Worker.run(ThreadPoolExecutor.java:624)
	... 1 more
Caused by: org.apache.ratis.thirdparty.io.netty.channel.AbstractChannel$AnnotatedConnectException: Connection refused: /192.168.34.50:41548
	at sun.nio.ch.SocketChannelImpl.checkConnect(Native Method)
	at sun.nio.ch.SocketChannelImpl.finishConnect(SocketChannelImpl.java:717)
	at org.apache.ratis.thirdparty.io.netty.channel.socket.nio.NioSocketChannel.doFinishConnect(NioSocketChannel.java:327)
	at org.apache.ratis.thirdparty.io.netty.channel.nio.AbstractNioChannel$AbstractNioUnsafe.finishConnect(AbstractNioChannel.java:340)
	at org.apache.ratis.thirdparty.io.netty.channel.nio.NioEventLoop.processSelectedKey(NioEventLoop.java:632)
	at org.apache.ratis.thirdparty.io.netty.channel.nio.NioEventLoop.processSelectedKeysOptimized(NioEventLoop.java:579)
	at org.apache.ratis.thirdparty.io.netty.channel.nio.NioEventLoop.processSelectedKeys(NioEventLoop.java:496)
	at org.apache.ratis.thirdparty.io.netty.channel.nio.NioEventLoop.run(NioEventLoop.java:458)
	at org.apache.ratis.thirdparty.io.netty.util.concurrent.SingleThreadEventExecutor$5.run(SingleThreadEventExecutor.java:897)
	at org.apache.ratis.thirdparty.io.netty.util.concurrent.FastThreadLocalRunnable.run(FastThreadLocalRunnable.java:30)
	... 1 more
Caused by: java.net.ConnectException: Connection refused
	... 11 more
2019-09-19 05:10:10,491 [d8542778-0a07-4f64-990c-26c7e95929d0:group-07E40A93D6C5:LeaderElection5] INFO  impl.RaftServerImpl (RaftServerImpl.java:setRole(171)) - d8542778-0a07-4f64-990c-26c7e95929d0:group-07E40A93D6C5 changes role from CANDIDATE to FOLLOWER at term 1 for DISCOVERED_A_NEW_TERM
2019-09-19 05:10:10,492 [d8542778-0a07-4f64-990c-26c7e95929d0:group-07E40A93D6C5:LeaderElection5] INFO  impl.RoleInfo (RoleInfo.java:shutdownLeaderElection(134)) - d8542778-0a07-4f64-990c-26c7e95929d0: shutdown LeaderElection
2019-09-19 05:10:10,492 [d8542778-0a07-4f64-990c-26c7e95929d0:group-07E40A93D6C5:LeaderElection5] INFO  impl.RoleInfo (RoleInfo.java:updateAndGet(143)) - d8542778-0a07-4f64-990c-26c7e95929d0: start FollowerState
2019-09-19 05:10:14,226 [main] INFO  ozoneimpl.OzoneContainer (OzoneContainer.java:stop(199)) - Attempting to stop container services.
2019-09-19 05:10:14,227 [main] INFO  impl.RaftServerProxy (RaftServerProxy.java:lambda$close$4(314)) - d8542778-0a07-4f64-990c-26c7e95929d0: close
2019-09-19 05:10:14,228 [main] INFO  impl.RaftServerImpl (RaftServerImpl.java:lambda$shutdown$3(245)) - d8542778-0a07-4f64-990c-26c7e95929d0: shutdown group-07E40A93D6C5
2019-09-19 05:10:14,228 [main] INFO  util.JmxRegister (JmxRegister.java:unregister(73)) - Successfully un-registered JMX Bean with object name Ratis:service=RaftServer,group=group-07E40A93D6C5,id=d8542778-0a07-4f64-990c-26c7e95929d0
2019-09-19 05:10:14,229 [main] INFO  impl.RoleInfo (RoleInfo.java:shutdownFollowerState(121)) - d8542778-0a07-4f64-990c-26c7e95929d0: shutdown FollowerState
2019-09-19 05:10:14,229 [main] INFO  impl.StateMachineUpdater (StateMachineUpdater.java:stopAndJoin(115)) - StateMachineUpdater:d8542778-0a07-4f64-990c-26c7e95929d0:group-07E40A93D6C5: set stopIndex = -1
2019-09-19 05:10:14,229 [Thread-233] INFO  impl.FollowerState (FollowerState.java:run(114)) - d8542778-0a07-4f64-990c-26c7e95929d0: FollowerState was interrupted: java.lang.InterruptedException: sleep interrupted
2019-09-19 05:10:14,230 [main] INFO  impl.RaftServerImpl (ServerState.java:close(394)) - d8542778-0a07-4f64-990c-26c7e95929d0:group-07E40A93D6C5 closes. The last applied log index is -1
2019-09-19 05:10:14,232 [d8542778-0a07-4f64-990c-26c7e95929d0-SegmentedRaftLogWorker:Storage Directory /workdir/hadoop-ozone/integration-test/target/test-dir/MiniOzoneClusterImpl-b43a9866-cbec-420f-9708-e655410cb55a/datanode-2/data/ratis/3797b3b4-5aad-47a8-9937-07e40a93d6c5] INFO  segmented.SegmentedRaftLogWorker (SegmentedRaftLogWorker.java:run(313)) - d8542778-0a07-4f64-990c-26c7e95929d0-SegmentedRaftLogWorker:Storage Directory /workdir/hadoop-ozone/integration-test/target/test-dir/MiniOzoneClusterImpl-b43a9866-cbec-420f-9708-e655410cb55a/datanode-2/data/ratis/3797b3b4-5aad-47a8-9937-07e40a93d6c5 was interrupted, exiting. There are 0 tasks remaining in the queue.
2019-09-19 05:10:14,232 [main] INFO  segmented.SegmentedRaftLogWorker (SegmentedRaftLogWorker.java:close(228)) - d8542778-0a07-4f64-990c-26c7e95929d0-SegmentedRaftLogWorker:Storage Directory /workdir/hadoop-ozone/integration-test/target/test-dir/MiniOzoneClusterImpl-b43a9866-cbec-420f-9708-e655410cb55a/datanode-2/data/ratis/3797b3b4-5aad-47a8-9937-07e40a93d6c5 close()
2019-09-19 05:10:14,233 [main] INFO  impl.RaftServerImpl (RaftServerImpl.java:lambda$shutdown$3(245)) - d8542778-0a07-4f64-990c-26c7e95929d0: shutdown group-48D54672F8C4
2019-09-19 05:10:14,233 [main] INFO  util.JmxRegister (JmxRegister.java:unregister(73)) - Successfully un-registered JMX Bean with object name Ratis:service=RaftServer,group=group-48D54672F8C4,id=d8542778-0a07-4f64-990c-26c7e95929d0
2019-09-19 05:10:14,233 [main] INFO  impl.RoleInfo (RoleInfo.java:shutdownLeaderState(104)) - d8542778-0a07-4f64-990c-26c7e95929d0: shutdown LeaderState
2019-09-19 05:10:14,233 [main] INFO  impl.PendingRequests (PendingRequests.java:sendNotLeaderResponses(202)) - d8542778-0a07-4f64-990c-26c7e95929d0-PendingRequests: sendNotLeaderResponses
2019-09-19 05:10:14,234 [main] INFO  impl.StateMachineUpdater (StateMachineUpdater.java:stopAndJoin(115)) - StateMachineUpdater:d8542778-0a07-4f64-990c-26c7e95929d0:group-48D54672F8C4: set stopIndex = 0
2019-09-19 05:10:14,234 [main] INFO  impl.RaftServerImpl (ServerState.java:close(394)) - d8542778-0a07-4f64-990c-26c7e95929d0:group-48D54672F8C4 closes. The last applied log index is 0
2019-09-19 05:10:14,235 [d8542778-0a07-4f64-990c-26c7e95929d0-SegmentedRaftLogWorker:Storage Directory /workdir/hadoop-ozone/integration-test/target/test-dir/MiniOzoneClusterImpl-b43a9866-cbec-420f-9708-e655410cb55a/datanode-2/data/ratis/99a1d574-190b-4c8c-83f4-48d54672f8c4] INFO  segmented.SegmentedRaftLogWorker (SegmentedRaftLogWorker.java:run(313)) - d8542778-0a07-4f64-990c-26c7e95929d0-SegmentedRaftLogWorker:Storage Directory /workdir/hadoop-ozone/integration-test/target/test-dir/MiniOzoneClusterImpl-b43a9866-cbec-420f-9708-e655410cb55a/datanode-2/data/ratis/99a1d574-190b-4c8c-83f4-48d54672f8c4 was interrupted, exiting. There are 0 tasks remaining in the queue.
2019-09-19 05:10:14,236 [main] INFO  segmented.SegmentedRaftLogWorker (SegmentedRaftLogWorker.java:close(228)) - d8542778-0a07-4f64-990c-26c7e95929d0-SegmentedRaftLogWorker:Storage Directory /workdir/hadoop-ozone/integration-test/target/test-dir/MiniOzoneClusterImpl-b43a9866-cbec-420f-9708-e655410cb55a/datanode-2/data/ratis/99a1d574-190b-4c8c-83f4-48d54672f8c4 close()
2019-09-19 05:10:14,237 [main] INFO  server.GrpcService (GrpcService.java:closeImpl(155)) - d8542778-0a07-4f64-990c-26c7e95929d0: shutdown server with port 42342 now
2019-09-19 05:10:14,239 [main] INFO  server.GrpcService (GrpcService.java:closeImpl(163)) - d8542778-0a07-4f64-990c-26c7e95929d0: shutdown server with port 42342 successfully
2019-09-19 05:10:14,247 [main] INFO  utils.BackgroundService (BackgroundService.java:shutdown(148)) - Shutting down service BlockDeletingService
2019-09-19 05:10:14,249 [refreshUsed-/workdir/hadoop-ozone/integration-test/target/test-dir/MiniOzoneClusterImpl-b43a9866-cbec-420f-9708-e655410cb55a/datanode-2/data/containers] WARN  fs.CachingGetSpaceUsed (CachingGetSpaceUsed.java:run(183)) - Thread Interrupted waiting to refresh disk information: sleep interrupted
2019-09-19 05:10:14,265 [main] INFO  statemachine.DatanodeStateMachine (DatanodeStateMachine.java:stopDaemon(401)) - Ozone container server stopped.
2019-09-19 05:10:14,266 [main] INFO  handler.ContextHandler (ContextHandler.java:doStop(910)) - Stopped o.e.j.w.WebAppContext@1d2fb82{/,null,UNAVAILABLE}{/hddsDatanode}
2019-09-19 05:10:14,267 [main] INFO  server.AbstractConnector (AbstractConnector.java:doStop(318)) - Stopped ServerConnector@34045582{HTTP/1.1,[http/1.1]}{0.0.0.0:0}
2019-09-19 05:10:14,268 [main] INFO  handler.ContextHandler (ContextHandler.java:doStop(910)) - Stopped o.e.j.s.ServletContextHandler@72ecbcb3{/static,jar:file:/home/user/.m2/repository/org/apache/hadoop/hadoop-hdds-container-service/0.5.0-SNAPSHOT/hadoop-hdds-container-service-0.5.0-SNAPSHOT.jar!/webapps/static,UNAVAILABLE}
2019-09-19 05:10:14,268 [main] INFO  handler.ContextHandler (ContextHandler.java:doStop(910)) - Stopped o.e.j.s.ServletContextHandler@5a14e60d{/logs,file:///workdir/hadoop-ozone/integration-test/target/log,UNAVAILABLE}
2019-09-19 05:10:14,270 [main] INFO  ozone.MiniOzoneClusterImpl (MiniOzoneClusterImpl.java:stop(359)) - Stopping the StorageContainerManager
2019-09-19 05:10:14,270 [main] INFO  server.StorageContainerManager (StorageContainerManager.java:stop(799)) - Stopping Replication Manager Service.
2019-09-19 05:10:14,271 [main] INFO  container.ReplicationManager (ReplicationManager.java:stop(192)) - Stopping Replication Monitor Thread.
2019-09-19 05:10:14,271 [main] INFO  server.StorageContainerManager (StorageContainerManager.java:stop(806)) - Stopping Lease Manager of the command watchers
2019-09-19 05:10:14,271 [main] INFO  server.StorageContainerManager (StorageContainerManager.java:stop(813)) - Stopping datanode service RPC server
2019-09-19 05:10:14,271 [main] INFO  server.SCMDatanodeProtocolServer (SCMDatanodeProtocolServer.java:stop(387)) - Stopping the RPC server for DataNodes
2019-09-19 05:10:14,272 [main] INFO  ipc.Server (Server.java:stop(3082)) - Stopping server on 36523
2019-09-19 05:10:14,273 [IPC Server listener on 36523] INFO  ipc.Server (Server.java:run(1185)) - Stopping IPC Server listener on 36523
2019-09-19 05:10:14,273 [IPC Server Responder] INFO  ipc.Server (Server.java:run(1319)) - Stopping IPC Server Responder
2019-09-19 05:10:14,283 [SCM Heartbeat Processing Thread - 0] WARN  node.NodeStateManager (NodeStateManager.java:scheduleNextHealthCheck(655)) - Current Thread is interrupted, shutting down HB processing thread for Node Manager.
2019-09-19 05:10:14,283 [main] INFO  server.StorageContainerManager (StorageContainerManager.java:stop(821)) - Stopping block service RPC server
2019-09-19 05:10:14,284 [main] INFO  server.SCMBlockProtocolServer (SCMBlockProtocolServer.java:stop(148)) - Stopping the RPC server for Block Protocol
2019-09-19 05:10:14,284 [main] INFO  ipc.Server (Server.java:stop(3082)) - Stopping server on 35656
2019-09-19 05:10:14,285 [IPC Server listener on 35656] INFO  ipc.Server (Server.java:run(1185)) - Stopping IPC Server listener on 35656
2019-09-19 05:10:14,285 [main] INFO  server.StorageContainerManager (StorageContainerManager.java:stop(828)) - Stopping the StorageContainerLocationProtocol RPC server
2019-09-19 05:10:14,285 [IPC Server Responder] INFO  ipc.Server (Server.java:run(1319)) - Stopping IPC Server Responder
2019-09-19 05:10:14,285 [main] INFO  server.SCMClientProtocolServer (SCMClientProtocolServer.java:stop(159)) - Stopping the RPC server for Client Protocol
2019-09-19 05:10:14,286 [main] INFO  ipc.Server (Server.java:stop(3082)) - Stopping server on 45350
2019-09-19 05:10:14,287 [IPC Server listener on 45350] INFO  ipc.Server (Server.java:run(1185)) - Stopping IPC Server listener on 45350
2019-09-19 05:10:14,287 [main] INFO  server.StorageContainerManager (StorageContainerManager.java:stop(835)) - Stopping Storage Container Manager HTTP server.
2019-09-19 05:10:14,287 [IPC Server Responder] INFO  ipc.Server (Server.java:run(1319)) - Stopping IPC Server Responder
2019-09-19 05:10:14,288 [main] INFO  handler.ContextHandler (ContextHandler.java:doStop(910)) - Stopped o.e.j.w.WebAppContext@30b34287{/,null,UNAVAILABLE}{/scm}
2019-09-19 05:10:14,288 [main] INFO  server.AbstractConnector (AbstractConnector.java:doStop(318)) - Stopped ServerConnector@672f11c2{HTTP/1.1,[http/1.1]}{0.0.0.0:0}
2019-09-19 05:10:14,289 [main] INFO  handler.ContextHandler (ContextHandler.java:doStop(910)) - Stopped o.e.j.s.ServletContextHandler@47a5b70d{/static,file:///workdir/hadoop-ozone/integration-test/target/test-classes/webapps/static,UNAVAILABLE}
2019-09-19 05:10:14,289 [main] INFO  handler.ContextHandler (ContextHandler.java:doStop(910)) - Stopped o.e.j.s.ServletContextHandler@54d18072{/logs,file:///workdir/hadoop-ozone/integration-test/target/log,UNAVAILABLE}
2019-09-19 05:10:14,290 [main] INFO  server.StorageContainerManager (StorageContainerManager.java:stop(846)) - Stopping Block Manager Service.
2019-09-19 05:10:14,290 [main] INFO  utils.BackgroundService (BackgroundService.java:shutdown(148)) - Shutting down service SCMBlockDeletingService
2019-09-19 05:10:14,291 [main] INFO  utils.BackgroundService (BackgroundService.java:shutdown(148)) - Shutting down service SCMBlockDeletingService
2019-09-19 05:10:14,291 [main] INFO  server.StorageContainerManager (StorageContainerManager.java:stop(868)) - Stopping SCM Event Queue.
2019-09-19 05:10:14,297 [main] INFO  impl.MetricsSystemImpl (MetricsSystemImpl.java:stop(210)) - Stopping HddsDatanode metrics system...
2019-09-19 05:10:14,300 [main] INFO  impl.MetricsSystemImpl (MetricsSystemImpl.java:stop(216)) - HddsDatanode metrics system stopped.
]]></system-out>
    <system-err><![CDATA[Sep 19, 2019 5:09:46 AM com.sun.jersey.server.impl.application.WebApplicationImpl _initiate
INFO: Initiating Jersey application, version 'Jersey: 1.19 02/11/2015 03:25 AM'
Sep 19, 2019 5:09:47 AM com.sun.jersey.server.impl.application.WebApplicationImpl _initiate
INFO: Initiating Jersey application, version 'Jersey: 1.19 02/11/2015 03:25 AM'
Sep 19, 2019 5:09:47 AM com.sun.jersey.server.impl.application.WebApplicationImpl _initiate
INFO: Initiating Jersey application, version 'Jersey: 1.19 02/11/2015 03:25 AM'
]]></system-err>
  </testcase>
  <testcase name="testPipelineCloseWithOpenContainer" classname="org.apache.hadoop.hdds.scm.pipeline.TestPipelineClose" time="19.815"/>
  <testcase name="testPipelineCloseWithClosedContainer" classname="org.apache.hadoop.hdds.scm.pipeline.TestPipelineClose" time="20.78"/>
  <testcase name="testPipelineCloseWithLogFailure" classname="org.apache.hadoop.hdds.scm.pipeline.TestPipelineClose" time="20.969"/>
</testsuite>